{"target": -191.27690053658472, "params": {"k_pid_pos": [1.3885554450422086, 0.024859491386256316, 0.11401919133455096], "k_pid_alt": [1.2679502233621702, 0.0, 0.9495727706536599], "k_pid_att": [20.236336479523032, 3.0596356458441103, 0.2787101805563399], "k_pid_yaw": [0.5, 1e-06, 0.1], "k_pid_hsp": [1.5353014571438959, 0.01, 0.01], "k_pid_vsp": [150.0, 351.388862279923, 1.0]}, "datetime": {"datetime": "2025-08-21 10:44:55", "elapsed": 7212.2307069301605, "delta": 21.99200749397278}, "costs": {"total_cost": 191.27690053658472, "time_cost": 72.2, "final_distance_cost": 1.8230697701266279, "oscillation_cost": 40.46926510335335, "completition_cost": 0.0, "overshoot_cost": 50.312952718716865, "power_cost": 14.309539184570314, "noise_cost": 12.162073759817568, "n_waypoints_completed": 9, "tot_waypoints": 9}}
{"target": -209.02115422489425, "params": {"k_pid_pos": [1.1496839804071068, 0.024859491386256316, 0.11401919133455096], "k_pid_alt": [0.7, 0.0, 0.1], "k_pid_att": [85.02836851553842, 7.284845820832624, 0.004857337777279036], "k_pid_yaw": [0.5, 1e-06, 0.1], "k_pid_hsp": [1.0, 0.01, 0.01], "k_pid_vsp": [378.2079564087626, 355.21150340299164, 1.0]}, "datetime": {"datetime": "2025-08-21 10:45:15", "elapsed": 7232.10707950592, "delta": 19.876372575759888}, "costs": {"total_cost": 209.02115422489425, "time_cost": 75.416, "final_distance_cost": 1.8491125782583187, "oscillation_cost": 57.36202850731703, "completition_cost": 0.0, "overshoot_cost": 49.90093793035583, "power_cost": 12.711256896972657, "noise_cost": 11.781818311990406, "n_waypoints_completed": 9, "tot_waypoints": 9}}
{"target": -200.52132604385045, "params": {"k_pid_pos": [1.8624793477566346, 0.04925411992759399, 0.7374604451918155], "k_pid_alt": [0.7, 0.3112231092042238, 0.45577628983361107], "k_pid_att": [20.236336479523032, 3.0596356458441103, 0.9274604585040267], "k_pid_yaw": [0.5, 1e-06, 0.1], "k_pid_hsp": [1.0, 0.01, 0.01], "k_pid_vsp": [378.2079564087626, 355.21150340299164, 1.0]}, "datetime": {"datetime": "2025-08-21 10:45:39", "elapsed": 7256.076997280121, "delta": 23.96991777420044}, "costs": {"total_cost": 200.52132604385045, "time_cost": 78.904, "final_distance_cost": 1.7724815676293622, "oscillation_cost": 47.413655769090674, "completition_cost": 0.0, "overshoot_cost": 50.29288916780312, "power_cost": 11.286705200195312, "noise_cost": 10.851594339132005, "n_waypoints_completed": 9, "tot_waypoints": 9}}
{"target": -191.46908862032893, "params": {"k_pid_pos": [1.3885554450422086, 0.024859491386256316, 0.11401919133455096], "k_pid_alt": [1.2679502233621702, 0.0, 0.06527723447865985], "k_pid_att": [58.989274729095186, 7.284845820832624, 0.004857337777279036], "k_pid_yaw": [0.5, 1e-06, 0.1], "k_pid_hsp": [1.0, 0.01, 0.01], "k_pid_vsp": [150.0, 351.388862279923, 1.0]}, "datetime": {"datetime": "2025-08-21 10:45:56", "elapsed": 7273.4466898441315, "delta": 17.36969256401062}, "costs": {"total_cost": 191.46908862032893, "time_cost": 68.824, "final_distance_cost": 1.7907102988101469, "oscillation_cost": 45.446916953654444, "completition_cost": 0.0, "overshoot_cost": 50.67261377936853, "power_cost": 13.146344128417969, "noise_cost": 11.588503460077858, "n_waypoints_completed": 9, "tot_waypoints": 9}}
{"target": -195.40251147087065, "params": {"k_pid_pos": [1.849624377781123, 0.4509247473159945, 0.5551980423268247], "k_pid_alt": [1.2679502233621702, 0.024777875161596796, 0.20799807370846057], "k_pid_att": [22.592895791678245, 9.597749245839971, 0.3952346537588943], "k_pid_yaw": [0.5, 1e-06, 0.1], "k_pid_hsp": [4.041604940679199, 0.1531003758033771, 0.01], "k_pid_vsp": [378.2079564087626, 355.21150340299164, 1.0]}, "datetime": {"datetime": "2025-08-21 10:46:15", "elapsed": 7292.3727831840515, "delta": 18.926093339920044}, "costs": {"total_cost": 195.40251147087065, "time_cost": 72.648, "final_distance_cost": 1.8011839958183349, "oscillation_cost": 50.13477058963653, "completition_cost": 0.0, "overshoot_cost": 51.07827528387264, "power_cost": 9.69622684326172, "noise_cost": 10.04405475828141, "n_waypoints_completed": 9, "tot_waypoints": 9}}
{"target": -210.65030646131476, "params": {"k_pid_pos": [1.8624793477566346, 0.04925411992759399, 0.2995124902746459], "k_pid_alt": [1.1302962253917743, 0.0, 0.016491258977649914], "k_pid_att": [20.0, 5.9521973635976435, 0.01], "k_pid_yaw": [0.5, 1e-06, 0.1], "k_pid_hsp": [1.0, 0.01, 0.01], "k_pid_vsp": [150.0, 15.500533572620455, 1.0]}, "datetime": {"datetime": "2025-08-21 10:46:32", "elapsed": 7308.534546852112, "delta": 16.161763668060303}, "costs": {"total_cost": 210.65030646131476, "time_cost": 69.776, "final_distance_cost": 1.77824757224663, "oscillation_cost": 60.90761655575585, "completition_cost": 0.0, "overshoot_cost": 50.727873643897965, "power_cost": 14.71523828125, "noise_cost": 12.74533040816431, "n_waypoints_completed": 9, "tot_waypoints": 9}}
{"target": -341.1771936966219, "params": {"k_pid_pos": [1.3885554450422086, 0.509734659876444, 0.11401919133455096], "k_pid_alt": [1.2679502233621702, 0.0, 0.5933401254113975], "k_pid_att": [20.236336479523032, 3.0596356458441103, 0.9274604585040267], "k_pid_yaw": [0.5, 1e-06, 0.1], "k_pid_hsp": [1.0, 0.01, 0.37044959119794796], "k_pid_vsp": [162.63925748078515, 248.49327166423222, 1.0]}, "datetime": {"datetime": "2025-08-21 10:46:52", "elapsed": 7329.341658592224, "delta": 20.807111740112305}, "costs": {"total_cost": 341.1771936966219, "time_cost": 91.056, "final_distance_cost": 1.7249466698845708, "oscillation_cost": 167.91733053726352, "completition_cost": 0.0, "overshoot_cost": 55.391703549264435, "power_cost": 12.675415185546875, "noise_cost": 12.411797754662508, "n_waypoints_completed": 9, "tot_waypoints": 9}}
{"target": -190.7970511883647, "params": {"k_pid_pos": [0.6341514216626152, 0.024859491386256316, 0.11401919133455096], "k_pid_alt": [1.2679502233621702, 0.0, 0.016491258977649914], "k_pid_att": [17.813414374173632, 9.597749245839971, 0.3952346537588943], "k_pid_yaw": [0.5, 1e-06, 0.1], "k_pid_hsp": [1.0, 0.1531003758033771, 0.01], "k_pid_vsp": [378.2079564087626, 355.21150340299164, 1.0]}, "datetime": {"datetime": "2025-08-21 10:47:10", "elapsed": 7347.3019070625305, "delta": 17.960248470306396}, "costs": {"total_cost": 190.7970511883647, "time_cost": 76.52, "final_distance_cost": 1.8524068383935461, "oscillation_cost": 38.336767162727305, "completition_cost": 0.0, "overshoot_cost": 49.355087410065494, "power_cost": 12.308969604492187, "noise_cost": 12.423820172686163, "n_waypoints_completed": 9, "tot_waypoints": 9}}
{"target": -190.23023950514147, "params": {"k_pid_pos": [1.1496839804071068, 0.024859491386256316, 0.11401919133455096], "k_pid_alt": [1.2679502233621702, 0.0, 0.016491258977649914], "k_pid_att": [17.813414374173632, 9.597749245839971, 0.3952346537588943], "k_pid_yaw": [0.5, 1e-06, 0.1], "k_pid_hsp": [1.0, 0.1531003758033771, 0.01], "k_pid_vsp": [175.8349501205355, 355.21150340299164, 1.0]}, "datetime": {"datetime": "2025-08-21 10:47:26", "elapsed": 7363.109143257141, "delta": 15.807236194610596}, "costs": {"total_cost": 190.23023950514147, "time_cost": 69.2, "final_distance_cost": 1.8409124611245398, "oscillation_cost": 41.867130148887995, "completition_cost": 0.0, "overshoot_cost": 49.49463236563387, "power_cost": 15.087306811523439, "noise_cost": 12.740257717971602, "n_waypoints_completed": 9, "tot_waypoints": 9}}
{"target": -189.58987904512847, "params": {"k_pid_pos": [1.3885554450422086, 0.024859491386256316, 0.11401919133455096], "k_pid_alt": [1.2679502233621702, 0.0, 0.8361997509577753], "k_pid_att": [20.236336479523032, 3.0596356458441103, 0.9274604585040267], "k_pid_yaw": [0.5, 1e-06, 0.1], "k_pid_hsp": [1.5353014571438959, 0.01, 0.01], "k_pid_vsp": [378.2079564087626, 355.21150340299164, 1.0]}, "datetime": {"datetime": "2025-08-21 10:47:42", "elapsed": 7379.426794052124, "delta": 16.31765079498291}, "costs": {"total_cost": 189.58987904512847, "time_cost": 71.64, "final_distance_cost": 1.8011190098742034, "oscillation_cost": 36.379201362660716, "completition_cost": 0.0, "overshoot_cost": 50.349996715291375, "power_cost": 16.281121423339844, "noise_cost": 13.138440533962337, "n_waypoints_completed": 9, "tot_waypoints": 9}}
{"target": -182.56734842969666, "params": {"k_pid_pos": [1.1496839804071068, 0.024859491386256316, 0.11401919133455096], "k_pid_alt": [1.2679502233621702, 0.0, 0.016491258977649914], "k_pid_att": [17.813414374173632, 9.597749245839971, 0.3952346537588943], "k_pid_yaw": [0.5, 1e-06, 0.1], "k_pid_hsp": [1.0, 0.1531003758033771, 0.01], "k_pid_vsp": [378.2079564087626, 355.21150340299164, 1.0]}, "datetime": {"datetime": "2025-08-21 10:47:58", "elapsed": 7394.977591514587, "delta": 15.550797462463379}, "costs": {"total_cost": 182.56734842969666, "time_cost": 68.72, "final_distance_cost": 1.844163565948101, "oscillation_cost": 41.902001193450026, "completition_cost": 0.0, "overshoot_cost": 49.02834630713024, "power_cost": 10.616834228515625, "noise_cost": 10.456003134652676, "n_waypoints_completed": 9, "tot_waypoints": 9}}
{"target": -194.0404888148418, "params": {"k_pid_pos": [1.3885554450422086, 0.024859491386256316, 0.11401919133455096], "k_pid_alt": [1.2679502233621702, 0.0, 0.06527723447865985], "k_pid_att": [58.989274729095186, 7.284845820832624, 0.004857337777279036], "k_pid_yaw": [0.5, 1e-06, 0.1], "k_pid_hsp": [1.0, 0.01, 0.01], "k_pid_vsp": [150.0, 351.388862279923, 1.0]}, "datetime": {"datetime": "2025-08-21 10:48:14", "elapsed": 7410.972179889679, "delta": 15.994588375091553}, "costs": {"total_cost": 194.0404888148418, "time_cost": 69.36, "final_distance_cost": 1.80166609696789, "oscillation_cost": 44.229195745894266, "completition_cost": 0.0, "overshoot_cost": 51.473605540441014, "power_cost": 14.638101269531251, "noise_cost": 12.537920162007369, "n_waypoints_completed": 9, "tot_waypoints": 9}}
{"target": -192.0783063755924, "params": {"k_pid_pos": [1.3885554450422086, 0.024859491386256316, 0.11401919133455096], "k_pid_alt": [1.2679502233621702, 0.0, 0.016491258977649914], "k_pid_att": [17.813414374173632, 9.597749245839971, 0.48922906718999004], "k_pid_yaw": [0.5, 1e-06, 0.1], "k_pid_hsp": [6.779068060256637, 0.1531003758033771, 0.01], "k_pid_vsp": [150.0, 10.0, 1.0]}, "datetime": {"datetime": "2025-08-21 10:48:30", "elapsed": 7427.412511348724, "delta": 16.44033145904541}, "costs": {"total_cost": 192.0783063755924, "time_cost": 69.352, "final_distance_cost": 1.80001215541758, "oscillation_cost": 53.22320280597853, "completition_cost": 0.0, "overshoot_cost": 50.142470235326456, "power_cost": 8.398965100097657, "noise_cost": 9.16165607877219, "n_waypoints_completed": 9, "tot_waypoints": 9}}
{"target": -197.08152151550297, "params": {"k_pid_pos": [1.1496839804071068, 0.024859491386256316, 0.007456431423803034], "k_pid_alt": [1.2679502233621702, 0.5247951503334181, 0.9495727706536599], "k_pid_att": [20.236336479523032, 3.0596356458441103, 0.2787101805563399], "k_pid_yaw": [0.5, 1e-06, 0.1], "k_pid_hsp": [1.5353014571438959, 0.01, 0.01], "k_pid_vsp": [150.0, 351.388862279923, 1.0]}, "datetime": {"datetime": "2025-08-21 10:48:48", "elapsed": 7445.080093622208, "delta": 17.667582273483276}, "costs": {"total_cost": 197.08152151550297, "time_cost": 75.184, "final_distance_cost": 1.7778038205507714, "oscillation_cost": 46.12728173786573, "completition_cost": 0.0, "overshoot_cost": 50.43268054678056, "power_cost": 12.37976201171875, "noise_cost": 11.179993398587172, "n_waypoints_completed": 9, "tot_waypoints": 9}}
{"target": -354.3586531087661, "params": {"k_pid_pos": [1.3885554450422086, 0.024859491386256316, 0.11401919133455096], "k_pid_alt": [1.2679502233621702, 0.0, 0.1], "k_pid_att": [85.02836851553842, 7.284845820832624, 0.004857337777279036], "k_pid_yaw": [0.5, 1e-06, 0.1], "k_pid_hsp": [1.0, 0.01, 0.16861876183156788], "k_pid_vsp": [150.0, 351.388862279923, 1.0]}, "datetime": {"datetime": "2025-08-21 10:49:05", "elapsed": 7461.964124917984, "delta": 16.884031295776367}, "costs": {"total_cost": 354.3586531087661, "time_cost": 74.28, "final_distance_cost": 1.7283416825170728, "oscillation_cost": 191.139321240208, "completition_cost": 0.0, "overshoot_cost": 52.66091127435965, "power_cost": 19.106706311035158, "noise_cost": 15.443372600646146, "n_waypoints_completed": 9, "tot_waypoints": 9}}
{"target": -198.01754771078686, "params": {"k_pid_pos": [1.1496839804071068, 0.024859491386256316, 0.11401919133455096], "k_pid_alt": [1.2679502233621702, 0.0, 0.016491258977649914], "k_pid_att": [17.813414374173632, 9.597749245839971, 0.48922906718999004], "k_pid_yaw": [0.5, 1e-06, 0.1], "k_pid_hsp": [6.779068060256637, 0.1531003758033771, 0.01], "k_pid_vsp": [150.0, 10.0, 1.0]}, "datetime": {"datetime": "2025-08-21 10:49:21", "elapsed": 7477.688169717789, "delta": 15.724044799804688}, "costs": {"total_cost": 198.01754771078686, "time_cost": 70.84, "final_distance_cost": 1.8465618640246182, "oscillation_cost": 45.27244175006583, "completition_cost": 0.0, "overshoot_cost": 51.80716720206493, "power_cost": 15.094204064941406, "noise_cost": 13.157172829690078, "n_waypoints_completed": 9, "tot_waypoints": 9}}
{"target": -189.98217126645412, "params": {"k_pid_pos": [1.3885554450422086, 0.024859491386256316, 0.11401919133455096], "k_pid_alt": [1.2679502233621702, 0.0, 0.9495727706536599], "k_pid_att": [19.462821160492226, 4.452622529689853, 0.20230861884209816], "k_pid_yaw": [0.5, 1e-06, 0.1], "k_pid_hsp": [1.394059891471576, 0.01, 0.01], "k_pid_vsp": [150.0, 15.500533572620455, 1.0]}, "datetime": {"datetime": "2025-08-21 10:49:37", "elapsed": 7494.182333707809, "delta": 16.494163990020752}, "costs": {"total_cost": 189.98217126645412, "time_cost": 72.52, "final_distance_cost": 1.8197965737093806, "oscillation_cost": 44.11290206119134, "completition_cost": 0.0, "overshoot_cost": 50.59244920904435, "power_cost": 10.531290039062501, "noise_cost": 10.405733383446538, "n_waypoints_completed": 9, "tot_waypoints": 9}}
{"target": -240.26949362771185, "params": {"k_pid_pos": [1.849624377781123, 0.7600717815435403, 0.11401919133455096], "k_pid_alt": [1.2288065021286403, 0.0, 0.8361997509577753], "k_pid_att": [20.236336479523032, 3.0596356458441103, 0.2787101805563399], "k_pid_yaw": [0.5, 1e-06, 0.1], "k_pid_hsp": [1.5353014571438959, 0.01, 0.01], "k_pid_vsp": [150.0, 351.388862279923, 1.0]}, "datetime": {"datetime": "2025-08-21 10:49:58", "elapsed": 7515.216671228409, "delta": 21.034337520599365}, "costs": {"total_cost": 240.26949362771185, "time_cost": 88.888, "final_distance_cost": 1.749472409994749, "oscillation_cost": 53.81796930277852, "completition_cost": 0.0, "overshoot_cost": 56.449491120167075, "power_cost": 21.760637646484376, "noise_cost": 17.603923148287127, "n_waypoints_completed": 9, "tot_waypoints": 9}}
{"target": -180.2490730216657, "params": {"k_pid_pos": [1.3885554450422086, 0.024859491386256316, 0.11401919133455096], "k_pid_alt": [1.2679502233621702, 0.0, 0.8361997509577753], "k_pid_att": [43.948176657889235, 3.0596356458441103, 0.9274604585040267], "k_pid_yaw": [0.5, 1e-06, 0.1], "k_pid_hsp": [1.5353014571438959, 0.01, 0.01], "k_pid_vsp": [150.0, 351.388862279923, 1.0]}, "datetime": {"datetime": "2025-08-21 10:50:14", "elapsed": 7531.200947523117, "delta": 15.984276294708252}, "costs": {"total_cost": 180.2490730216657, "time_cost": 71.208, "final_distance_cost": 1.803311212064627, "oscillation_cost": 37.529880080811935, "completition_cost": 0.0, "overshoot_cost": 49.602868404694135, "power_cost": 10.113042944335938, "noise_cost": 9.991970379759081, "n_waypoints_completed": 9, "tot_waypoints": 9}}
{"target": -184.35111074099976, "params": {"k_pid_pos": [1.3885554450422086, 0.03988560271314401, 0.11401919133455096], "k_pid_alt": [1.2679502233621702, 0.0, 0.06527723447865985], "k_pid_att": [58.989274729095186, 7.284845820832624, 0.004857337777279036], "k_pid_yaw": [0.5, 1e-06, 0.1], "k_pid_hsp": [1.0, 0.01, 0.01], "k_pid_vsp": [378.2079564087626, 355.21150340299164, 1.0]}, "datetime": {"datetime": "2025-08-21 10:50:30", "elapsed": 7547.236535310745, "delta": 16.035587787628174}, "costs": {"total_cost": 184.35111074099976, "time_cost": 68.424, "final_distance_cost": 1.7986036477888283, "oscillation_cost": 45.04221393153378, "completition_cost": 0.0, "overshoot_cost": 49.997750477869324, "power_cost": 9.336103198242188, "noise_cost": 9.752439485565604, "n_waypoints_completed": 9, "tot_waypoints": 9}}
{"target": -190.00464266462922, "params": {"k_pid_pos": [1.3885554450422086, 0.024859491386256316, 0.11401919133455096], "k_pid_alt": [1.2679502233621702, 0.0, 0.016491258977649914], "k_pid_att": [17.813414374173632, 9.597749245839971, 0.48922906718999004], "k_pid_yaw": [0.5, 1e-06, 0.1], "k_pid_hsp": [6.779068060256637, 0.1531003758033771, 0.01], "k_pid_vsp": [150.0, 10.0, 1.0]}, "datetime": {"datetime": "2025-08-21 10:50:46", "elapsed": 7563.452500104904, "delta": 16.215964794158936}, "costs": {"total_cost": 190.00464266462922, "time_cost": 69.8, "final_distance_cost": 1.7953991498532145, "oscillation_cost": 47.69838391977323, "completition_cost": 0.0, "overshoot_cost": 50.22004315524142, "power_cost": 10.148130004882812, "noise_cost": 10.342686434878532, "n_waypoints_completed": 9, "tot_waypoints": 9}}
{"target": -229.39508789882993, "params": {"k_pid_pos": [1.1496839804071068, 0.024859491386256316, 0.17439171782304852], "k_pid_alt": [0.38422844849842264, 0.5042103016788663, 0.06527723447865985], "k_pid_att": [58.989274729095186, 7.284845820832624, 0.6738911544076371], "k_pid_yaw": [0.5, 1e-06, 0.1], "k_pid_hsp": [8.661717691134358, 0.5304751232566325, 0.01], "k_pid_vsp": [150.0, 351.388862279923, 1.0]}, "datetime": {"datetime": "2025-08-21 10:51:07", "elapsed": 7583.88679599762, "delta": 20.434295892715454}, "costs": {"total_cost": 229.39508789882993, "time_cost": 82.60000000000001, "final_distance_cost": 1.7815857642765853, "oscillation_cost": 70.22727156163357, "completition_cost": 0.0, "overshoot_cost": 53.83458337214822, "power_cost": 10.431168127441406, "noise_cost": 10.520479073330167, "n_waypoints_completed": 9, "tot_waypoints": 9}}
{"target": -221.7603539485928, "params": {"k_pid_pos": [1.3885554450422086, 0.024859491386256316, 0.11401919133455096], "k_pid_alt": [1.2679502233621702, 0.0, 0.8361997509577753], "k_pid_att": [20.236336479523032, 3.0596356458441103, 0.9274604585040267], "k_pid_yaw": [0.5, 1e-06, 0.1], "k_pid_hsp": [0.520982540819403, 0.01, 0.07318069058095955], "k_pid_vsp": [378.2079564087626, 355.21150340299164, 1.0]}, "datetime": {"datetime": "2025-08-21 10:51:26", "elapsed": 7602.57106256485, "delta": 18.684266567230225}, "costs": {"total_cost": 221.7603539485928, "time_cost": 78.816, "final_distance_cost": 1.7908967234194684, "oscillation_cost": 62.67035562006999, "completition_cost": 0.0, "overshoot_cost": 51.5472613713156, "power_cost": 14.278380981445313, "noise_cost": 12.65745925234246, "n_waypoints_completed": 9, "tot_waypoints": 9}}
{"target": -206.13150789463825, "params": {"k_pid_pos": [1.1496839804071068, 0.024859491386256316, 0.11401919133455096], "k_pid_alt": [1.2679502233621702, 0.29284683925470867, 0.016491258977649914], "k_pid_att": [20.0, 0.10763610062849525, 0.1029313237952636], "k_pid_yaw": [0.5, 1e-06, 0.1], "k_pid_hsp": [1.0, 0.01, 0.01], "k_pid_vsp": [77.18977670713754, 10.0, 1.0]}, "datetime": {"datetime": "2025-08-21 10:51:44", "elapsed": 7620.521842956543, "delta": 17.950780391693115}, "costs": {"total_cost": 206.13150789463825, "time_cost": 79.392, "final_distance_cost": 1.7563233696242748, "oscillation_cost": 46.89678266274239, "completition_cost": 0.0, "overshoot_cost": 51.63365309671507, "power_cost": 14.138500354003908, "noise_cost": 12.314248411552631, "n_waypoints_completed": 9, "tot_waypoints": 9}}
{"target": -193.02641134479182, "params": {"k_pid_pos": [1.3885554450422086, 0.024859491386256316, 0.11401919133455096], "k_pid_alt": [1.2679502233621702, 0.0, 0.8361997509577753], "k_pid_att": [17.813414374173632, 9.597749245839971, 0.48922906718999004], "k_pid_yaw": [0.5, 1e-06, 0.1], "k_pid_hsp": [6.779068060256637, 0.1531003758033771, 0.01], "k_pid_vsp": [150.0, 10.0, 1.0]}, "datetime": {"datetime": "2025-08-21 10:52:00", "elapsed": 7637.205861091614, "delta": 16.6840181350708}, "costs": {"total_cost": 193.02641134479182, "time_cost": 72.21600000000001, "final_distance_cost": 1.8299961267863534, "oscillation_cost": 49.59066041312874, "completition_cost": 0.0, "overshoot_cost": 50.48980840358166, "power_cost": 9.227204406738283, "noise_cost": 9.672741994556795, "n_waypoints_completed": 9, "tot_waypoints": 9}}
{"target": -188.44128748194234, "params": {"k_pid_pos": [1.1496839804071068, 0.258121499649558, 0.11401919133455096], "k_pid_alt": [1.2679502233621702, 0.0, 0.016491258977649914], "k_pid_att": [20.236336479523032, 3.0596356458441103, 0.9274604585040267], "k_pid_yaw": [0.5, 1e-06, 0.1], "k_pid_hsp": [1.5353014571438959, 0.01, 0.01], "k_pid_vsp": [378.2079564087626, 355.21150340299164, 131.1523689840326]}, "datetime": {"datetime": "2025-08-21 10:52:17", "elapsed": 7653.690312862396, "delta": 16.48445177078247}, "costs": {"total_cost": 188.44128748194234, "time_cost": 73.032, "final_distance_cost": 1.7978030013145114, "oscillation_cost": 44.21664066403476, "completition_cost": 0.0, "overshoot_cost": 51.54818309237716, "power_cost": 9.502946215820312, "noise_cost": 8.343714508395614, "n_waypoints_completed": 9, "tot_waypoints": 9}}
