{"target": -219.2918621220844, "params": {"k_pid_pos": [1.9176378968916694, 0.829171023922357, 0.5553847934559067], "k_pid_alt": [1.0304713630477362, 0.0, 0.06527723447865985], "k_pid_att": [58.989274729095186, 5.859554809351448, 0.7033874038379369], "k_pid_yaw": [0.5, 1e-06, 0.1], "k_pid_hsp": [1.606987810134683, 0.1531003758033771, 0.01], "k_pid_vsp": [264.9966777379314, 175.28714713338795, 1.0]}, "datetime": {"datetime": "2025-08-21 15:50:40", "elapsed": 25557.11976504326, "delta": 18.741143941879272}, "costs": {"total_cost": 219.2918621220844, "time_cost": 84.256, "final_distance_cost": 1.7260759600598368, "oscillation_cost": 54.06315065618311, "completition_cost": 0.0, "overshoot_cost": 52.58669379510109, "power_cost": 13.938163293457032, "noise_cost": 12.721778417283346, "n_waypoints_completed": 9, "tot_waypoints": 9}}
{"target": -177.79280747276704, "params": {"k_pid_pos": [1.7041340386651447, 0.024859491386256316, 0.3434561031905483], "k_pid_alt": [1.6319753356852484, 0.0, 0.1576465649121419], "k_pid_att": [24.0942673894178, 7.284845820832624, 0.73590781336997], "k_pid_yaw": [0.5, 1e-06, 0.1], "k_pid_hsp": [1.606987810134683, 0.1531003758033771, 0.01], "k_pid_vsp": [110.56511661686339, 59.083466427248936, 1.0]}, "datetime": {"datetime": "2025-08-21 15:50:56", "elapsed": 25573.139381170273, "delta": 16.01961612701416}, "costs": {"total_cost": 177.79280747276704, "time_cost": 67.76, "final_distance_cost": 1.825694778083392, "oscillation_cost": 40.19345830594217, "completition_cost": 0.0, "overshoot_cost": 49.5050465537097, "power_cost": 8.984270043945314, "noise_cost": 9.524337791086452, "n_waypoints_completed": 9, "tot_waypoints": 9}}
{"target": -181.80822772407276, "params": {"k_pid_pos": [1.8922997940790476, 0.024859491386256316, 0.9451257094832697], "k_pid_alt": [1.0304713630477362, 0.0, 0.06527723447865985], "k_pid_att": [24.0942673894178, 7.284845820832624, 0.73590781336997], "k_pid_yaw": [0.5, 1e-06, 0.1], "k_pid_hsp": [1.606987810134683, 0.1531003758033771, 0.01], "k_pid_vsp": [110.56511661686339, 59.083466427248936, 1.0]}, "datetime": {"datetime": "2025-08-21 15:51:12", "elapsed": 25589.232536315918, "delta": 16.09315514564514}, "costs": {"total_cost": 181.80822772407276, "time_cost": 69.536, "final_distance_cost": 1.8467428607927088, "oscillation_cost": 42.055081522191514, "completition_cost": 0.0, "overshoot_cost": 49.06581174675754, "power_cost": 9.297205700683595, "noise_cost": 10.007385893647418, "n_waypoints_completed": 9, "tot_waypoints": 9}}
{"target": -191.88743699516547, "params": {"k_pid_pos": [1.8922997940790476, 0.4144180460981123, 0.8805880266982272], "k_pid_alt": [1.0304713630477362, 0.0, 0.06527723447865985], "k_pid_att": [24.0942673894178, 7.284845820832624, 0.73590781336997], "k_pid_yaw": [0.5, 1e-06, 0.1], "k_pid_hsp": [1.606987810134683, 0.1531003758033771, 0.01], "k_pid_vsp": [110.56511661686339, 191.6355082529379, 1.0]}, "datetime": {"datetime": "2025-08-21 15:51:30", "elapsed": 25606.865794181824, "delta": 17.63325786590576}, "costs": {"total_cost": 191.88743699516547, "time_cost": 73.496, "final_distance_cost": 1.8114412607064472, "oscillation_cost": 40.869847490879174, "completition_cost": 0.0, "overshoot_cost": 50.12821305348637, "power_cost": 13.489795178222657, "noise_cost": 12.092140011870816, "n_waypoints_completed": 9, "tot_waypoints": 9}}
{"target": -198.000302966681, "params": {"k_pid_pos": [1.7041340386651447, 0.024859491386256316, 0.3434561031905483], "k_pid_alt": [1.6319753356852484, 0.0, 0.5352314762690444], "k_pid_att": [58.989274729095186, 1.326856224425946, 0.6179952950406163], "k_pid_yaw": [0.5, 1e-06, 0.1], "k_pid_hsp": [2.82373402557605, 0.1531003758033771, 0.01], "k_pid_vsp": [155.80135867994494, 175.28714713338795, 1.0]}, "datetime": {"datetime": "2025-08-21 15:51:46", "elapsed": 25623.16515135765, "delta": 16.299357175827026}, "costs": {"total_cost": 198.000302966681, "time_cost": 69.12, "final_distance_cost": 1.8200198643678347, "oscillation_cost": 44.12544628989867, "completition_cost": 0.0, "overshoot_cost": 50.44858937748614, "power_cost": 17.73024727783203, "noise_cost": 14.756000157096311, "n_waypoints_completed": 9, "tot_waypoints": 9}}
{"target": -1427.2038556200168, "params": {"k_pid_pos": [1.9176378968916694, 0.07129208892642425, 0.6250867496839783], "k_pid_alt": [1.6319753356852484, 0.0, 0.1576465649121419], "k_pid_att": [58.989274729095186, 5.859554809351448, 0.7033874038379369], "k_pid_yaw": [0.5, 1e-06, 0.1], "k_pid_hsp": [1.606987810134683, 0.1531003758033771, 0.01], "k_pid_vsp": [264.9966777379314, 94.28610281764664, 309.53611816493424]}, "datetime": {"datetime": "2025-08-21 15:52:09", "elapsed": 25645.924340724945, "delta": 22.75918936729431}, "costs": {"total_cost": 1427.2038556200168, "time_cost": 150, "final_distance_cost": 0.9718026680504759, "oscillation_cost": 29.87905328884438, "completition_cost": 1000.0, "overshoot_cost": 134.5244430555848, "power_cost": 29.303944177246095, "noise_cost": 82.52461243029066, "n_waypoints_completed": 0, "tot_waypoints": 9}}
{"target": -196.65985267382183, "params": {"k_pid_pos": [1.7041340386651447, 0.024859491386256316, 0.9451257094832697], "k_pid_alt": [1.0304713630477362, 0.0, 0.7330244434240826], "k_pid_att": [29.46763110571006, 5.67849514865483, 0.73590781336997], "k_pid_yaw": [0.5, 1e-06, 0.1], "k_pid_hsp": [1.606987810134683, 0.1531003758033771, 0.01], "k_pid_vsp": [110.56511661686339, 59.083466427248936, 1.0]}, "datetime": {"datetime": "2025-08-21 15:52:27", "elapsed": 25663.62428665161, "delta": 17.69994592666626}, "costs": {"total_cost": 196.65985267382183, "time_cost": 75.072, "final_distance_cost": 1.850784585585626, "oscillation_cost": 41.8651760865139, "completition_cost": 0.0, "overshoot_cost": 50.033864522951006, "power_cost": 14.871200732421876, "noise_cost": 12.966826746349412, "n_waypoints_completed": 9, "tot_waypoints": 9}}
{"target": -205.03534348703587, "params": {"k_pid_pos": [1.8922997940790476, 0.024859491386256316, 0.9451257094832697], "k_pid_alt": [1.0304713630477362, 0.0, 0.06527723447865985], "k_pid_att": [24.0942673894178, 7.284845820832624, 0.73590781336997], "k_pid_yaw": [0.5, 1e-06, 0.1], "k_pid_hsp": [1.606987810134683, 0.1531003758033771, 0.01], "k_pid_vsp": [110.56511661686339, 59.083466427248936, 1.0]}, "datetime": {"datetime": "2025-08-21 15:52:46", "elapsed": 25682.62946510315, "delta": 19.005178451538086}, "costs": {"total_cost": 205.03534348703587, "time_cost": 74.32000000000001, "final_distance_cost": 1.8501204350855187, "oscillation_cost": 43.900787753725695, "completition_cost": 0.0, "overshoot_cost": 52.347129074428565, "power_cost": 18.06357399902344, "noise_cost": 14.553732224772618, "n_waypoints_completed": 9, "tot_waypoints": 9}}
{"target": -198.96154817414964, "params": {"k_pid_pos": [1.6103210676380844, 0.024859491386256316, 0.3434561031905483], "k_pid_alt": [1.6319753356852484, 0.0, 0.06527723447865985], "k_pid_att": [24.0942673894178, 7.284845820832624, 0.73590781336997], "k_pid_yaw": [0.5, 1e-06, 0.1], "k_pid_hsp": [1.606987810134683, 0.1531003758033771, 0.01], "k_pid_vsp": [33.09370770872002, 349.5841200661196, 1.0]}, "datetime": {"datetime": "2025-08-21 15:53:01", "elapsed": 25697.97379231453, "delta": 15.344327211380005}, "costs": {"total_cost": 198.96154817414964, "time_cost": 69.456, "final_distance_cost": 1.8358038829840058, "oscillation_cost": 50.912647963166734, "completition_cost": 0.0, "overshoot_cost": 51.28477226960653, "power_cost": 13.929639318847657, "noise_cost": 11.542684739544699, "n_waypoints_completed": 9, "tot_waypoints": 9}}
{"target": -231.2313768188773, "params": {"k_pid_pos": [1.3885554450422086, 0.024859491386256316, 0.11401919133455096], "k_pid_alt": [1.0304713630477362, 0.311886487495064, 0.1576465649121419], "k_pid_att": [58.989274729095186, 5.088413281584711, 0.7033874038379369], "k_pid_yaw": [0.5, 1e-06, 0.1], "k_pid_hsp": [1.606987810134683, 0.1531003758033771, 0.01], "k_pid_vsp": [376.5747392387296, 359.530474216699, 171.6297307383213]}, "datetime": {"datetime": "2025-08-21 15:53:21", "elapsed": 25717.62966609001, "delta": 19.655873775482178}, "costs": {"total_cost": 231.2313768188773, "time_cost": 84.208, "final_distance_cost": 1.7565857307968757, "oscillation_cost": 54.82949006057026, "completition_cost": 0.0, "overshoot_cost": 53.43984877091677, "power_cost": 21.760640661621096, "noise_cost": 15.236811594972291, "n_waypoints_completed": 9, "tot_waypoints": 9}}
{"target": -319.9610541403305, "params": {"k_pid_pos": [1.7041340386651447, 0.024859491386256316, 0.3434561031905483], "k_pid_alt": [1.6319753356852484, 0.0, 0.1576465649121419], "k_pid_att": [58.989274729095186, 8.266025343052613, 0.8702719089110332], "k_pid_yaw": [0.5, 1e-06, 0.1], "k_pid_hsp": [1.0076768036881465, 0.1531003758033771, 0.5262079644990163], "k_pid_vsp": [155.80135867994494, 175.28714713338795, 1.0]}, "datetime": {"datetime": "2025-08-21 15:53:39", "elapsed": 25735.960272550583, "delta": 18.33060646057129}, "costs": {"total_cost": 319.9610541403305, "time_cost": 76.896, "final_distance_cost": 1.798237422087587, "oscillation_cost": 160.2032596085355, "completition_cost": 0.0, "overshoot_cost": 56.948173032815085, "power_cost": 12.016072290039062, "noise_cost": 12.09931178685325, "n_waypoints_completed": 9, "tot_waypoints": 9}}
{"target": -205.81259138962778, "params": {"k_pid_pos": [1.9176378968916694, 0.49631364484586815, 0.6441154478304989], "k_pid_alt": [1.6319753356852484, 0.0, 0.9221190142294241], "k_pid_att": [58.989274729095186, 5.088413281584711, 0.7033874038379369], "k_pid_yaw": [0.5, 1e-06, 0.1], "k_pid_hsp": [1.606987810134683, 0.1531003758033771, 0.01], "k_pid_vsp": [376.5747392387296, 359.530474216699, 1.0]}, "datetime": {"datetime": "2025-08-21 15:53:57", "elapsed": 25753.782344818115, "delta": 17.82207226753235}, "costs": {"total_cost": 205.81259138962778, "time_cost": 79.136, "final_distance_cost": 1.7500577516190712, "oscillation_cost": 44.64017131013567, "completition_cost": 0.0, "overshoot_cost": 50.895660117167466, "power_cost": 15.89298651123047, "noise_cost": 13.497715699475132, "n_waypoints_completed": 9, "tot_waypoints": 9}}
{"target": -205.26965655609936, "params": {"k_pid_pos": [1.7041340386651447, 0.024859491386256316, 0.3434561031905483], "k_pid_alt": [1.0304713630477362, 0.0, 0.06527723447865985], "k_pid_att": [60.00379468331496, 2.6889016979653872, 0.1370435391320406], "k_pid_yaw": [0.5, 1e-06, 0.1], "k_pid_hsp": [2.531864141693585, 0.417369258229189, 0.01], "k_pid_vsp": [376.5747392387296, 178.623871307833, 1.0]}, "datetime": {"datetime": "2025-08-21 15:54:14", "elapsed": 25771.08417201042, "delta": 17.30182719230652}, "costs": {"total_cost": 205.26965655609936, "time_cost": 69.408, "final_distance_cost": 1.7806439990270522, "oscillation_cost": 51.87247350234128, "completition_cost": 0.0, "overshoot_cost": 50.05268072276629, "power_cost": 16.089504162597656, "noise_cost": 16.0663541693671, "n_waypoints_completed": 9, "tot_waypoints": 9}}
{"target": -182.22933452453177, "params": {"k_pid_pos": [1.8922997940790476, 0.024859491386256316, 0.7774444947807966], "k_pid_alt": [1.6319753356852484, 0.0, 0.1576465649121419], "k_pid_att": [58.989274729095186, 5.859554809351448, 0.7033874038379369], "k_pid_yaw": [0.5, 1e-06, 0.1], "k_pid_hsp": [1.606987810134683, 0.1531003758033771, 0.01], "k_pid_vsp": [264.9966777379314, 175.28714713338795, 1.0]}, "datetime": {"datetime": "2025-08-21 15:54:30", "elapsed": 25786.74337697029, "delta": 15.659204959869385}, "costs": {"total_cost": 182.22933452453177, "time_cost": 68.656, "final_distance_cost": 1.8406036307802274, "oscillation_cost": 41.74734769367835, "completition_cost": 0.0, "overshoot_cost": 49.36149538758569, "power_cost": 10.141671813964845, "noise_cost": 10.482215998522646, "n_waypoints_completed": 9, "tot_waypoints": 9}}
{"target": -196.4092239291431, "params": {"k_pid_pos": [1.9176378968916694, 0.07129208892642425, 0.6250867496839783], "k_pid_alt": [1.6319753356852484, 0.0, 0.06527723447865985], "k_pid_att": [33.84276094051554, 2.6889016979653872, 0.8739915892735461], "k_pid_yaw": [0.5, 1e-06, 0.1], "k_pid_hsp": [1.0, 0.5531972591780506, 0.01], "k_pid_vsp": [376.5747392387296, 348.21429157554047, 1.0]}, "datetime": {"datetime": "2025-08-21 15:54:46", "elapsed": 25803.26938843727, "delta": 16.52601146697998}, "costs": {"total_cost": 196.4092239291431, "time_cost": 68.536, "final_distance_cost": 1.8359907824972526, "oscillation_cost": 47.70966465105097, "completition_cost": 0.0, "overshoot_cost": 50.14525256308094, "power_cost": 15.458918737792969, "noise_cost": 12.723397194720967, "n_waypoints_completed": 9, "tot_waypoints": 9}}
{"target": -186.172119117661, "params": {"k_pid_pos": [1.8922997940790476, 0.024859491386256316, 0.7774444947807966], "k_pid_alt": [1.0304713630477362, 0.0, 0.1576465649121419], "k_pid_att": [58.989274729095186, 5.088413281584711, 0.6179952950406163], "k_pid_yaw": [0.5, 1e-06, 0.1], "k_pid_hsp": [1.0076768036881465, 0.1531003758033771, 0.01], "k_pid_vsp": [155.80135867994494, 175.28714713338795, 1.0]}, "datetime": {"datetime": "2025-08-21 15:55:03", "elapsed": 25819.62854552269, "delta": 16.3591570854187}, "costs": {"total_cost": 186.172119117661, "time_cost": 69.736, "final_distance_cost": 1.844312310316071, "oscillation_cost": 42.04733901956459, "completition_cost": 0.0, "overshoot_cost": 49.57223918075988, "power_cost": 11.868907373046875, "noise_cost": 11.103321233973569, "n_waypoints_completed": 9, "tot_waypoints": 9}}
{"target": -180.19480028614868, "params": {"k_pid_pos": [1.7041340386651447, 0.024859491386256316, 0.9451257094832697], "k_pid_alt": [1.0304713630477362, 0.0, 0.06527723447865985], "k_pid_att": [29.46763110571006, 7.421248308295844, 0.73590781336997], "k_pid_yaw": [0.5, 1e-06, 0.1], "k_pid_hsp": [1.606987810134683, 0.18838112831262277, 0.01], "k_pid_vsp": [110.56511661686339, 59.083466427248936, 1.0]}, "datetime": {"datetime": "2025-08-21 15:55:19", "elapsed": 25835.629764318466, "delta": 16.001218795776367}, "costs": {"total_cost": 180.19480028614868, "time_cost": 70.70400000000001, "final_distance_cost": 1.8478536125330793, "oscillation_cost": 44.21280043557886, "completition_cost": 0.0, "overshoot_cost": 48.91527635099081, "power_cost": 6.454534936523438, "noise_cost": 8.06033495052247, "n_waypoints_completed": 9, "tot_waypoints": 9}}
{"target": -200.70952565554535, "params": {"k_pid_pos": [1.7041340386651447, 0.024859491386256316, 0.3434561031905483], "k_pid_alt": [1.6319753356852484, 0.0, 0.26610943802920406], "k_pid_att": [58.989274729095186, 5.859554809351448, 0.3883664380867584], "k_pid_yaw": [0.5, 1e-06, 0.1], "k_pid_hsp": [1.606987810134683, 0.1531003758033771, 0.01], "k_pid_vsp": [264.9966777379314, 94.28610281764664, 1.0]}, "datetime": {"datetime": "2025-08-21 15:55:36", "elapsed": 25853.402960538864, "delta": 17.77319622039795}, "costs": {"total_cost": 200.70952565554535, "time_cost": 72.256, "final_distance_cost": 1.7870424362144972, "oscillation_cost": 43.60894463128912, "completition_cost": 0.0, "overshoot_cost": 52.4382089048735, "power_cost": 16.89470711669922, "noise_cost": 13.724622566469025, "n_waypoints_completed": 9, "tot_waypoints": 9}}
{"target": -247.56269694929043, "params": {"k_pid_pos": [1.8922997940790476, 0.024859491386256316, 0.9451257094832697], "k_pid_alt": [1.0304713630477362, 0.0, 0.06527723447865985], "k_pid_att": [24.0942673894178, 7.284845820832624, 0.73590781336997], "k_pid_yaw": [0.5, 1e-06, 0.1], "k_pid_hsp": [1.5859581202077546, 0.1531003758033771, 0.01], "k_pid_vsp": [2.7156893520380088, 175.28714713338795, 1.0]}, "datetime": {"datetime": "2025-08-21 15:55:56", "elapsed": 25872.468670368195, "delta": 19.065709829330444}, "costs": {"total_cost": 247.56269694929043, "time_cost": 84.944, "final_distance_cost": 1.8147768310023635, "oscillation_cost": 81.59406956312796, "completition_cost": 0.0, "overshoot_cost": 52.73429483851471, "power_cost": 15.191279174804688, "noise_cost": 11.284276541840716, "n_waypoints_completed": 9, "tot_waypoints": 9}}
{"target": -181.50403465387106, "params": {"k_pid_pos": [1.7041340386651447, 0.024859491386256316, 0.3434561031905483], "k_pid_alt": [1.6319753356852484, 0.0, 0.1576465649121419], "k_pid_att": [24.0942673894178, 7.284845820832624, 0.73590781336997], "k_pid_yaw": [0.5, 1e-06, 0.1], "k_pid_hsp": [1.606987810134683, 0.1531003758033771, 0.01], "k_pid_vsp": [110.56511661686339, 59.083466427248936, 1.0]}, "datetime": {"datetime": "2025-08-21 15:56:12", "elapsed": 25888.793969154358, "delta": 16.32529878616333}, "costs": {"total_cost": 181.50403465387106, "time_cost": 67.992, "final_distance_cost": 1.8150914806089204, "oscillation_cost": 42.791089751611864, "completition_cost": 0.0, "overshoot_cost": 49.17762463461756, "power_cost": 9.902925134277345, "noise_cost": 9.825303652755338, "n_waypoints_completed": 9, "tot_waypoints": 9}}
{"target": -188.7089574454566, "params": {"k_pid_pos": [1.7041340386651447, 0.024859491386256316, 0.9451257094832697], "k_pid_alt": [1.0304713630477362, 0.0, 0.06527723447865985], "k_pid_att": [29.46763110571006, 7.421248308295844, 0.73590781336997], "k_pid_yaw": [0.5, 1e-06, 0.1], "k_pid_hsp": [1.606987810134683, 0.18838112831262277, 0.01], "k_pid_vsp": [110.56511661686339, 59.083466427248936, 1.0]}, "datetime": {"datetime": "2025-08-21 15:56:29", "elapsed": 25905.52147293091, "delta": 16.727503776550293}, "costs": {"total_cost": 188.7089574454566, "time_cost": 70.56, "final_distance_cost": 1.849176810859362, "oscillation_cost": 39.819702743977004, "completition_cost": 0.0, "overshoot_cost": 49.98055347867149, "power_cost": 13.95275419921875, "noise_cost": 12.546770212730001, "n_waypoints_completed": 9, "tot_waypoints": 9}}
{"target": -187.36405106019686, "params": {"k_pid_pos": [1.7041340386651447, 0.024859491386256316, 0.3434561031905483], "k_pid_alt": [1.6319753356852484, 0.0, 0.5352314762690444], "k_pid_att": [58.989274729095186, 5.859554809351448, 0.7033874038379369], "k_pid_yaw": [0.5, 1e-06, 0.1], "k_pid_hsp": [1.606987810134683, 0.1531003758033771, 0.01], "k_pid_vsp": [264.9966777379314, 94.28610281764664, 1.0]}, "datetime": {"datetime": "2025-08-21 15:56:44", "elapsed": 25920.96633887291, "delta": 15.444865942001343}, "costs": {"total_cost": 187.36405106019686, "time_cost": 68.92, "final_distance_cost": 1.770795486340861, "oscillation_cost": 40.85216463485872, "completition_cost": 0.0, "overshoot_cost": 49.786516236137906, "power_cost": 13.942380029296876, "noise_cost": 12.092194673562497, "n_waypoints_completed": 9, "tot_waypoints": 9}}
{"target": -188.68570881841998, "params": {"k_pid_pos": [1.8922997940790476, 0.4144180460981123, 0.8805880266982272], "k_pid_alt": [1.0304713630477362, 0.0, 0.06527723447865985], "k_pid_att": [24.0942673894178, 7.284845820832624, 0.73590781336997], "k_pid_yaw": [0.5, 1e-06, 0.1], "k_pid_hsp": [1.606987810134683, 0.1531003758033771, 0.01], "k_pid_vsp": [110.56511661686339, 191.6355082529379, 1.0]}, "datetime": {"datetime": "2025-08-21 15:57:01", "elapsed": 25937.896144866943, "delta": 16.929805994033813}, "costs": {"total_cost": 188.68570881841998, "time_cost": 73.176, "final_distance_cost": 1.808024666192672, "oscillation_cost": 40.98398739510447, "completition_cost": 0.0, "overshoot_cost": 50.16206906998111, "power_cost": 11.49397059326172, "noise_cost": 11.061657093880036, "n_waypoints_completed": 9, "tot_waypoints": 9}}
{"target": -341.88238697862124, "params": {"k_pid_pos": [1.7041340386651447, 0.024859491386256316, 0.9451257094832697], "k_pid_alt": [1.0304713630477362, 0.0, 0.06527723447865985], "k_pid_att": [29.46763110571006, 7.421248308295844, 0.73590781336997], "k_pid_yaw": [0.5, 1e-06, 0.1], "k_pid_hsp": [1.606987810134683, 0.18838112831262277, 0.25305772781531444], "k_pid_vsp": [203.7710395546898, 59.083466427248936, 1.0]}, "datetime": {"datetime": "2025-08-21 15:57:18", "elapsed": 25955.417689561844, "delta": 17.521544694900513}, "costs": {"total_cost": 341.88238697862124, "time_cost": 77.70400000000001, "final_distance_cost": 1.7402753657549646, "oscillation_cost": 187.4804674220256, "completition_cost": 0.0, "overshoot_cost": 50.97844445993564, "power_cost": 12.290880249023438, "noise_cost": 11.688319481881619, "n_waypoints_completed": 9, "tot_waypoints": 9}}
{"target": -189.35667591333626, "params": {"k_pid_pos": [1.9403883066526342, 0.34174907670648524, 0.9451257094832697], "k_pid_alt": [1.0304713630477362, 0.0, 0.06527723447865985], "k_pid_att": [24.0942673894178, 7.284845820832624, 0.73590781336997], "k_pid_yaw": [0.5, 1e-06, 0.1], "k_pid_hsp": [1.606987810134683, 0.1531003758033771, 0.01], "k_pid_vsp": [391.61348087291753, 175.28714713338795, 1.0]}, "datetime": {"datetime": "2025-08-21 15:57:36", "elapsed": 25973.041996002197, "delta": 17.624306440353394}, "costs": {"total_cost": 189.35667591333626, "time_cost": 73.384, "final_distance_cost": 1.8197245592459301, "oscillation_cost": 42.449477186111025, "completition_cost": 0.0, "overshoot_cost": 50.40833245858383, "power_cost": 10.714688842773437, "noise_cost": 10.580452866622059, "n_waypoints_completed": 9, "tot_waypoints": 9}}
{"target": -179.64717601673593, "params": {"k_pid_pos": [1.7041340386651447, 0.024859491386256316, 0.3434561031905483], "k_pid_alt": [1.6319753356852484, 0.0, 0.1576465649121419], "k_pid_att": [58.989274729095186, 5.859554809351448, 0.7033874038379369], "k_pid_yaw": [0.5, 1e-06, 0.1], "k_pid_hsp": [1.606987810134683, 0.1531003758033771, 0.01], "k_pid_vsp": [110.56511661686339, 59.083466427248936, 1.0]}, "datetime": {"datetime": "2025-08-21 15:57:52", "elapsed": 25989.04399418831, "delta": 16.00199818611145}, "costs": {"total_cost": 179.64717601673593, "time_cost": 68.144, "final_distance_cost": 1.800404352411179, "oscillation_cost": 40.91283187032287, "completition_cost": 0.0, "overshoot_cost": 49.859541874979925, "power_cost": 9.249986889648438, "noise_cost": 9.680411029373508, "n_waypoints_completed": 9, "tot_waypoints": 9}}
