{"target": -1341.719340710299, "params": {"k_pid_pos": [1.7041340386651447, 0.024859491386256316, 0.6191875473523993], "k_pid_alt": [1.6319753356852484, 0.0, 0.1576465649121419], "k_pid_att": [24.0942673894178, 7.284845820832624, 0.73590781336997], "k_pid_yaw": [0.5, 1e-06, 0.1], "k_pid_hsp": [1.606987810134683, 0.1531003758033771, 0.01], "k_pid_vsp": [110.56511661686339, 59.083466427248936, 206.9437479236661]}, "datetime": {"datetime": "2025-08-21 16:06:10", "elapsed": 26486.790551900864, "delta": 22.66230845451355}, "costs": {"total_cost": 1341.719340710299, "time_cost": 150, "final_distance_cost": 1.001565083378345, "oscillation_cost": 23.69546273122958, "completition_cost": 1000.0, "overshoot_cost": 127.59374965553337, "power_cost": 13.887711633300782, "noise_cost": 25.540851606856812, "n_waypoints_completed": 0, "tot_waypoints": 9}}
{"target": -342.85207983146034, "params": {"k_pid_pos": [1.7041340386651447, 0.024859491386256316, 0.9451257094832697], "k_pid_alt": [1.7006099199531768, 0.0, 0.06527723447865985], "k_pid_att": [29.46763110571006, 7.421248308295844, 0.4697579174852792], "k_pid_yaw": [0.5, 1e-06, 0.1], "k_pid_hsp": [7.898338047893953, 0.1531003758033771, 0.4996947135958536], "k_pid_vsp": [155.80135867994494, 175.28714713338795, 1.0]}, "datetime": {"datetime": "2025-08-21 16:06:27", "elapsed": 26504.289566516876, "delta": 17.499014616012573}, "costs": {"total_cost": 342.85207983146034, "time_cost": 73.21600000000001, "final_distance_cost": 1.8181408127512182, "oscillation_cost": 194.26777596229482, "completition_cost": 0.0, "overshoot_cost": 51.66064440749883, "power_cost": 10.948073889160156, "noise_cost": 10.941444759755377, "n_waypoints_completed": 9, "tot_waypoints": 9}}
{"target": -208.19598992135238, "params": {"k_pid_pos": [1.7041340386651447, 0.35569095490512004, 0.9451257094832697], "k_pid_alt": [1.0304713630477362, 0.0, 0.7593723261584083], "k_pid_att": [24.0942673894178, 7.284845820832624, 0.73590781336997], "k_pid_yaw": [0.5, 1e-06, 0.1], "k_pid_hsp": [1.606987810134683, 0.1531003758033771, 0.01], "k_pid_vsp": [391.61348087291753, 175.28714713338795, 1.0]}, "datetime": {"datetime": "2025-08-21 16:06:47", "elapsed": 26523.688764810562, "delta": 19.399198293685913}, "costs": {"total_cost": 208.19598992135238, "time_cost": 80.984, "final_distance_cost": 1.8402009952031257, "oscillation_cost": 44.95465089502553, "completition_cost": 0.0, "overshoot_cost": 50.1229062256647, "power_cost": 16.43428221435547, "noise_cost": 13.85994959110353, "n_waypoints_completed": 9, "tot_waypoints": 9}}
{"target": -203.72845218668877, "params": {"k_pid_pos": [1.9403883066526342, 0.5305213852260082, 0.3434561031905483], "k_pid_alt": [1.6319753356852484, 0.0, 0.5352314762690444], "k_pid_att": [58.989274729095186, 1.326856224425946, 0.6179952950406163], "k_pid_yaw": [0.5, 1e-06, 0.1], "k_pid_hsp": [2.82373402557605, 0.18838112831262277, 0.01], "k_pid_vsp": [110.56511661686339, 59.083466427248936, 1.0]}, "datetime": {"datetime": "2025-08-21 16:07:04", "elapsed": 26540.885982513428, "delta": 17.1972177028656}, "costs": {"total_cost": 203.72845218668877, "time_cost": 76.392, "final_distance_cost": 1.7272267595665605, "oscillation_cost": 44.06632373884929, "completition_cost": 0.0, "overshoot_cost": 52.5607817512992, "power_cost": 15.759826513671875, "noise_cost": 13.222293423301835, "n_waypoints_completed": 9, "tot_waypoints": 9}}
{"target": -192.2291125639016, "params": {"k_pid_pos": [1.7041340386651447, 0.024859491386256316, 0.9451257094832697], "k_pid_alt": [1.0304713630477362, 0.0, 0.06527723447865985], "k_pid_att": [29.46763110571006, 7.421248308295844, 0.73590781336997], "k_pid_yaw": [0.5, 1e-06, 0.1], "k_pid_hsp": [1.606987810134683, 0.18838112831262277, 0.01], "k_pid_vsp": [110.56511661686339, 307.41944303395303, 1.0]}, "datetime": {"datetime": "2025-08-21 16:07:21", "elapsed": 26557.61330318451, "delta": 16.727320671081543}, "costs": {"total_cost": 192.2291125639016, "time_cost": 70.824, "final_distance_cost": 1.8509296832738797, "oscillation_cost": 42.571493374554706, "completition_cost": 0.0, "overshoot_cost": 49.65520809495589, "power_cost": 14.465898645019532, "noise_cost": 12.861582766097591, "n_waypoints_completed": 9, "tot_waypoints": 9}}
{"target": -330.86471622639914, "params": {"k_pid_pos": [1.7041340386651447, 0.7426549203646741, 0.3434561031905483], "k_pid_alt": [1.7845667305757842, 0.0, 0.5352314762690444], "k_pid_att": [23.80494288559516, 5.859554809351448, 0.7033874038379369], "k_pid_yaw": [0.5, 1e-06, 0.1], "k_pid_hsp": [1.606987810134683, 0.826480075803284, 0.6325730157274954], "k_pid_vsp": [264.9966777379314, 94.28610281764664, 1.0]}, "datetime": {"datetime": "2025-08-21 16:07:42", "elapsed": 26578.973791599274, "delta": 21.360488414764404}, "costs": {"total_cost": 330.86471622639914, "time_cost": 90.368, "final_distance_cost": 1.7411602710768346, "oscillation_cost": 142.5366591359007, "completition_cost": 0.0, "overshoot_cost": 58.87802931501346, "power_cost": 20.69707770996094, "noise_cost": 16.64378979444725, "n_waypoints_completed": 9, "tot_waypoints": 9}}
{"target": -201.86204357842522, "params": {"k_pid_pos": [1.7041340386651447, 0.5305213852260082, 0.3434561031905483], "k_pid_alt": [1.6319753356852484, 0.0, 0.10787213524592076], "k_pid_att": [58.989274729095186, 1.326856224425946, 0.6179952950406163], "k_pid_yaw": [0.5, 1e-06, 0.1], "k_pid_hsp": [2.82373402557605, 0.18838112831262277, 0.01], "k_pid_vsp": [110.56511661686339, 59.083466427248936, 1.0]}, "datetime": {"datetime": "2025-08-21 16:07:59", "elapsed": 26595.797348976135, "delta": 16.823557376861572}, "costs": {"total_cost": 201.86204357842522, "time_cost": 75.0, "final_distance_cost": 1.7299746922878136, "oscillation_cost": 46.363586837075665, "completition_cost": 0.0, "overshoot_cost": 51.788434486318714, "power_cost": 14.406077941894532, "noise_cost": 12.573969620848485, "n_waypoints_completed": 9, "tot_waypoints": 9}}
{"target": -346.7040261834045, "params": {"k_pid_pos": [1.8922997940790476, 0.7268439883298804, 0.7774444947807966], "k_pid_alt": [1.8881273681718351, 0.6800129433604662, 0.06527723447865985], "k_pid_att": [33.06901212709937, 2.6889016979653872, 0.73590781336997], "k_pid_yaw": [0.5, 1e-06, 0.1], "k_pid_hsp": [1.606987810134683, 0.1531003758033771, 0.27473298843389526], "k_pid_vsp": [110.56511661686339, 59.083466427248936, 1.0]}, "datetime": {"datetime": "2025-08-21 16:08:21", "elapsed": 26618.28059029579, "delta": 22.483241319656372}, "costs": {"total_cost": 346.7040261834045, "time_cost": 94.72800000000001, "final_distance_cost": 1.7117992607149242, "oscillation_cost": 152.42852556452053, "completition_cost": 0.0, "overshoot_cost": 57.43685677484283, "power_cost": 22.070029589843752, "noise_cost": 18.32881499348248, "n_waypoints_completed": 9, "tot_waypoints": 9}}
{"target": -187.6038248584473, "params": {"k_pid_pos": [1.8792899704868669, 0.024859491386256316, 0.9451257094832697], "k_pid_alt": [1.0304713630477362, 0.0, 0.06527723447865985], "k_pid_att": [24.0942673894178, 7.284845820832624, 0.73590781336997], "k_pid_yaw": [0.5, 1e-06, 0.1], "k_pid_hsp": [1.606987810134683, 0.1531003758033771, 0.01], "k_pid_vsp": [110.56511661686339, 216.29307082677042, 1.0]}, "datetime": {"datetime": "2025-08-21 16:08:38", "elapsed": 26635.215134859085, "delta": 16.934544563293457}, "costs": {"total_cost": 187.6038248584473, "time_cost": 70.056, "final_distance_cost": 1.8436123900473291, "oscillation_cost": 41.23734879945925, "completition_cost": 0.0, "overshoot_cost": 49.41442266495124, "power_cost": 13.259834936523438, "noise_cost": 11.79260606746604, "n_waypoints_completed": 9, "tot_waypoints": 9}}
{"target": -633.4696702706913, "params": {"k_pid_pos": [1.8922997940790476, 0.024859491386256316, 0.6757033497418591], "k_pid_alt": [1.6319753356852484, 0.0, 0.1576465649121419], "k_pid_att": [58.989274729095186, 4.442529064718983, 0.73590781336997], "k_pid_yaw": [0.5, 1e-06, 0.1], "k_pid_hsp": [1.606987810134683, 0.9207548104503314, 0.01], "k_pid_vsp": [110.56511661686339, 59.083466427248936, 141.47351125319997]}, "datetime": {"datetime": "2025-08-21 16:09:02", "elapsed": 26658.757245779037, "delta": 23.542110919952393}, "costs": {"total_cost": 633.4696702706913, "time_cost": 150, "final_distance_cost": 78.79127613341718, "oscillation_cost": 74.2829017931891, "completition_cost": 222.2222222222222, "overshoot_cost": 72.55546827229065, "power_cost": 19.369337536621096, "noise_cost": 16.24846431295106, "n_waypoints_completed": 7, "tot_waypoints": 9}}
{"target": -216.0707062446515, "params": {"k_pid_pos": [1.8922997940790476, 0.024859491386256316, 0.7774444947807966], "k_pid_alt": [0.6990576723479807, 0.0, 0.1576465649121419], "k_pid_att": [37.12179941719916, 7.284845820832624, 0.73590781336997], "k_pid_yaw": [0.5, 1e-06, 0.1], "k_pid_hsp": [7.908118916304563, 0.1531003758033771, 0.01], "k_pid_vsp": [110.56511661686339, 59.083466427248936, 1.0]}, "datetime": {"datetime": "2025-08-21 16:09:18", "elapsed": 26675.28876066208, "delta": 16.531514883041382}, "costs": {"total_cost": 216.0707062446515, "time_cost": 72.92, "final_distance_cost": 1.8449436560136345, "oscillation_cost": 69.43653018897184, "completition_cost": 0.0, "overshoot_cost": 49.611063539250075, "power_cost": 11.33924296875, "noise_cost": 10.918925891665946, "n_waypoints_completed": 9, "tot_waypoints": 9}}
{"target": -180.83261042217575, "params": {"k_pid_pos": [1.8922997940790476, 0.024859491386256316, 0.6250867496839783], "k_pid_alt": [1.6319753356852484, 0.0, 0.1576465649121419], "k_pid_att": [58.989274729095186, 5.088413281584711, 0.6179952950406163], "k_pid_yaw": [0.5, 1e-06, 0.1], "k_pid_hsp": [1.0076768036881465, 0.1531003758033771, 0.01], "k_pid_vsp": [155.80135867994494, 175.28714713338795, 1.0]}, "datetime": {"datetime": "2025-08-21 16:09:35", "elapsed": 26691.78299188614, "delta": 16.49423122406006}, "costs": {"total_cost": 180.83261042217575, "time_cost": 68.19200000000001, "final_distance_cost": 1.8276630894661714, "oscillation_cost": 42.30059193372839, "completition_cost": 0.0, "overshoot_cost": 49.42219612392751, "power_cost": 9.410287170410157, "noise_cost": 9.679872104643518, "n_waypoints_completed": 9, "tot_waypoints": 9}}
{"target": -194.60697284450723, "params": {"k_pid_pos": [1.9403883066526342, 0.34174907670648524, 0.8821205660026245], "k_pid_alt": [1.6319753356852484, 0.0, 0.1576465649121419], "k_pid_att": [58.989274729095186, 5.859554809351448, 0.7033874038379369], "k_pid_yaw": [0.5, 1e-06, 0.1], "k_pid_hsp": [1.606987810134683, 0.1531003758033771, 0.01], "k_pid_vsp": [110.56511661686339, 59.083466427248936, 1.0]}, "datetime": {"datetime": "2025-08-21 16:09:52", "elapsed": 26708.958849668503, "delta": 17.17585778236389}, "costs": {"total_cost": 194.60697284450723, "time_cost": 73.2, "final_distance_cost": 1.779594319677696, "oscillation_cost": 42.657613037938845, "completition_cost": 0.0, "overshoot_cost": 51.34199465788785, "power_cost": 13.31663465576172, "noise_cost": 12.311136173241094, "n_waypoints_completed": 9, "tot_waypoints": 9}}
{"target": -200.64575943542593, "params": {"k_pid_pos": [1.7041340386651447, 0.23755300683015446, 0.9451257094832697], "k_pid_alt": [1.0304713630477362, 0.0, 0.06527723447865985], "k_pid_att": [24.0942673894178, 3.8490583285537396, 0.73590781336997], "k_pid_yaw": [0.5, 1e-06, 0.1], "k_pid_hsp": [1.606987810134683, 0.1531003758033771, 0.01], "k_pid_vsp": [391.61348087291753, 175.28714713338795, 1.0]}, "datetime": {"datetime": "2025-08-21 16:10:10", "elapsed": 26726.796936035156, "delta": 17.838086366653442}, "costs": {"total_cost": 200.64575943542593, "time_cost": 76.664, "final_distance_cost": 1.8247690212320948, "oscillation_cost": 43.86012755804731, "completition_cost": 0.0, "overshoot_cost": 50.15119510729365, "power_cost": 14.9465537109375, "noise_cost": 13.199114037915368, "n_waypoints_completed": 9, "tot_waypoints": 9}}
{"target": -208.0089514427349, "params": {"k_pid_pos": [1.7041340386651447, 0.43502179072678904, 0.3434561031905483], "k_pid_alt": [1.6319753356852484, 0.0, 0.1576465649121419], "k_pid_att": [58.989274729095186, 5.859554809351448, 0.7033874038379369], "k_pid_yaw": [0.5, 1e-06, 0.1], "k_pid_hsp": [1.606987810134683, 0.1531003758033771, 0.01], "k_pid_vsp": [264.9966777379314, 94.28610281764664, 1.0]}, "datetime": {"datetime": "2025-08-21 16:10:28", "elapsed": 26745.115022182465, "delta": 18.31808614730835}, "costs": {"total_cost": 208.0089514427349, "time_cost": 78.528, "final_distance_cost": 1.7716822477685232, "oscillation_cost": 46.83520866250297, "completition_cost": 0.0, "overshoot_cost": 52.01444611218269, "power_cost": 15.51234461669922, "noise_cost": 13.34726980358151, "n_waypoints_completed": 9, "tot_waypoints": 9}}
{"target": -187.62804839372052, "params": {"k_pid_pos": [1.7041340386651447, 0.024859491386256316, 0.3434561031905483], "k_pid_alt": [1.6319753356852484, 0.00018965351824429266, 0.5352314762690444], "k_pid_att": [58.989274729095186, 5.859554809351448, 0.7033874038379369], "k_pid_yaw": [0.5, 1e-06, 0.1], "k_pid_hsp": [1.606987810134683, 0.1531003758033771, 0.01], "k_pid_vsp": [110.56511661686339, 59.083466427248936, 1.0]}, "datetime": {"datetime": "2025-08-21 16:10:44", "elapsed": 26760.841718435287, "delta": 15.726696252822876}, "costs": {"total_cost": 187.62804839372052, "time_cost": 69.232, "final_distance_cost": 1.820686059096054, "oscillation_cost": 40.242005980297066, "completition_cost": 0.0, "overshoot_cost": 50.01309944876051, "power_cost": 14.129389331054687, "noise_cost": 12.190867574512234, "n_waypoints_completed": 9, "tot_waypoints": 9}}
{"target": -205.5897623562696, "params": {"k_pid_pos": [1.7041340386651447, 0.024859491386256316, 0.3434561031905483], "k_pid_alt": [1.6319753356852484, 0.0, 0.1576465649121419], "k_pid_att": [31.770312284672542, 7.284845820832624, 0.73590781336997], "k_pid_yaw": [0.5, 1e-06, 0.1], "k_pid_hsp": [1.606987810134683, 0.8699774626924047, 0.0030093955283441165], "k_pid_vsp": [110.56511661686339, 70.84075923231556, 1.0]}, "datetime": {"datetime": "2025-08-21 16:11:01", "elapsed": 26778.010670661926, "delta": 17.168952226638794}, "costs": {"total_cost": 205.5897623562696, "time_cost": 71.352, "final_distance_cost": 1.8166888573132105, "oscillation_cost": 49.83895754677744, "completition_cost": 0.0, "overshoot_cost": 51.492595345556786, "power_cost": 17.22959541015625, "noise_cost": 13.859925196465898, "n_waypoints_completed": 9, "tot_waypoints": 9}}
{"target": -200.82601569417494, "params": {"k_pid_pos": [1.8922997940790476, 0.024859491386256316, 0.6250867496839783], "k_pid_alt": [1.6718174236541343, 0.0, 0.30075101115001845], "k_pid_att": [58.989274729095186, 2.524269488566535, 0.7033874038379369], "k_pid_yaw": [0.5, 1e-06, 0.1], "k_pid_hsp": [1.606987810134683, 0.5654426201812867, 0.01], "k_pid_vsp": [264.9966777379314, 94.28610281764664, 75.78799424181197]}, "datetime": {"datetime": "2025-08-21 16:11:18", "elapsed": 26794.548929691315, "delta": 16.538259029388428}, "costs": {"total_cost": 200.82601569417494, "time_cost": 71.584, "final_distance_cost": 1.8183653333000718, "oscillation_cost": 49.14038575429873, "completition_cost": 0.0, "overshoot_cost": 51.034506878107535, "power_cost": 14.832680993652344, "noise_cost": 12.416076734816263, "n_waypoints_completed": 9, "tot_waypoints": 9}}
{"target": -185.87849767438092, "params": {"k_pid_pos": [1.7041340386651447, 0.024859491386256316, 0.7774444947807966], "k_pid_alt": [1.6319753356852484, 0.0, 0.1576465649121419], "k_pid_att": [58.989274729095186, 5.859554809351448, 0.73590781336997], "k_pid_yaw": [0.5, 1e-06, 0.1], "k_pid_hsp": [1.606987810134683, 0.18838112831262277, 0.01], "k_pid_vsp": [110.56511661686339, 59.083466427248936, 1.0]}, "datetime": {"datetime": "2025-08-21 16:11:34", "elapsed": 26810.56787467003, "delta": 16.01894497871399}, "costs": {"total_cost": 185.87849767438092, "time_cost": 69.83200000000001, "final_distance_cost": 1.8381759200976866, "oscillation_cost": 38.599061571771145, "completition_cost": 0.0, "overshoot_cost": 50.07910691650515, "power_cost": 13.477531225585938, "noise_cost": 12.052622040420987, "n_waypoints_completed": 9, "tot_waypoints": 9}}
{"target": -184.39393946184575, "params": {"k_pid_pos": [1.8922997940790476, 0.024859491386256316, 0.3434561031905483], "k_pid_alt": [1.6319753356852484, 0.0, 0.1576465649121419], "k_pid_att": [58.989274729095186, 5.859554809351448, 0.7033874038379369], "k_pid_yaw": [0.5, 1e-06, 0.1], "k_pid_hsp": [1.606987810134683, 0.1531003758033771, 0.01], "k_pid_vsp": [110.56511661686339, 59.083466427248936, 1.0]}, "datetime": {"datetime": "2025-08-21 16:11:50", "elapsed": 26826.783935308456, "delta": 16.216060638427734}, "costs": {"total_cost": 184.39393946184575, "time_cost": 68.208, "final_distance_cost": 1.803158519022214, "oscillation_cost": 43.2471440838471, "completition_cost": 0.0, "overshoot_cost": 50.34648158931145, "power_cost": 10.428409643554687, "noise_cost": 10.360745626110281, "n_waypoints_completed": 9, "tot_waypoints": 9}}
{"target": -390.57455698238886, "params": {"k_pid_pos": [1.8922997940790476, 0.024859491386256316, 0.6250867496839783], "k_pid_alt": [1.6319753356852484, 0.0, 0.5352314762690444], "k_pid_att": [58.989274729095186, 0.22073067032652463, 0.7033874038379369], "k_pid_yaw": [0.5, 1e-06, 0.1], "k_pid_hsp": [1.606987810134683, 0.1531003758033771, 0.9797469599620067], "k_pid_vsp": [110.56511661686339, 199.80376917170463, 1.0]}, "datetime": {"datetime": "2025-08-21 16:12:11", "elapsed": 26847.614468574524, "delta": 20.830533266067505}, "costs": {"total_cost": 390.57455698238886, "time_cost": 92.408, "final_distance_cost": 1.7477569477224502, "oscillation_cost": 198.98882041846852, "completition_cost": 0.0, "overshoot_cost": 65.33961704169631, "power_cost": 17.16118905029297, "noise_cost": 14.929173524208586, "n_waypoints_completed": 9, "tot_waypoints": 9}}
{"target": -221.4224359493713, "params": {"k_pid_pos": [1.7041340386651447, 0.024859491386256316, 0.3434561031905483], "k_pid_alt": [1.6319753356852484, 0.5802231281307506, 0.1576465649121419], "k_pid_att": [24.0942673894178, 7.284845820832624, 0.7148072191107216], "k_pid_yaw": [0.5, 1e-06, 0.1], "k_pid_hsp": [1.606987810134683, 0.1531003758033771, 0.01], "k_pid_vsp": [264.9966777379314, 94.28610281764664, 75.78799424181197]}, "datetime": {"datetime": "2025-08-21 16:12:30", "elapsed": 26866.93690752983, "delta": 19.322438955307007}, "costs": {"total_cost": 221.4224359493713, "time_cost": 80.136, "final_distance_cost": 1.7947337519767075, "oscillation_cost": 55.61175873125874, "completition_cost": 0.0, "overshoot_cost": 55.093544306599725, "power_cost": 16.39401015625, "noise_cost": 12.392389003286159, "n_waypoints_completed": 9, "tot_waypoints": 9}}
{"target": -210.15941970248952, "params": {"k_pid_pos": [1.8922997940790476, 0.024859491386256316, 0.6250867496839783], "k_pid_alt": [1.6319753356852484, 0.7028313728845099, 0.1576465649121419], "k_pid_att": [37.12179941719916, 7.284845820832624, 0.73590781336997], "k_pid_yaw": [0.5, 1e-06, 0.1], "k_pid_hsp": [1.606987810134683, 0.18838112831262277, 0.01], "k_pid_vsp": [110.56511661686339, 216.4675096626358, 1.0]}, "datetime": {"datetime": "2025-08-21 16:12:49", "elapsed": 26885.650663137436, "delta": 18.71375560760498}, "costs": {"total_cost": 210.15941970248952, "time_cost": 78.928, "final_distance_cost": 1.8010505082442105, "oscillation_cost": 52.225014684921604, "completition_cost": 0.0, "overshoot_cost": 50.858282546453424, "power_cost": 14.153404296875001, "noise_cost": 12.193667665995248, "n_waypoints_completed": 9, "tot_waypoints": 9}}
{"target": -182.21206062188963, "params": {"k_pid_pos": [1.8922997940790476, 0.024859491386256316, 0.7774444947807966], "k_pid_alt": [1.6319753356852484, 0.0, 0.1576465649121419], "k_pid_att": [58.989274729095186, 5.859554809351448, 0.73590781336997], "k_pid_yaw": [0.5, 1e-06, 0.1], "k_pid_hsp": [1.606987810134683, 0.1531003758033771, 0.01], "k_pid_vsp": [110.56511661686339, 59.083466427248936, 1.0]}, "datetime": {"datetime": "2025-08-21 16:13:05", "elapsed": 26901.52595949173, "delta": 15.875296354293823}, "costs": {"total_cost": 182.21206062188963, "time_cost": 69.008, "final_distance_cost": 1.8354251084442368, "oscillation_cost": 41.85011851656769, "completition_cost": 0.0, "overshoot_cost": 49.93754734422593, "power_cost": 9.564707177734375, "noise_cost": 10.016262474917415, "n_waypoints_completed": 9, "tot_waypoints": 9}}
{"target": -293.95524895911365, "params": {"k_pid_pos": [1.8922997940790476, 0.024859491386256316, 0.6250867496839783], "k_pid_alt": [1.6319753356852484, 0.0, 0.5352314762690444], "k_pid_att": [58.989274729095186, 0.22073067032652463, 0.7033874038379369], "k_pid_yaw": [0.5, 1e-06, 0.1], "k_pid_hsp": [1.606987810134683, 0.1531003758033771, 0.170878059092471], "k_pid_vsp": [264.9966777379314, 94.28610281764664, 1.0]}, "datetime": {"datetime": "2025-08-21 16:13:23", "elapsed": 26920.042057991028, "delta": 18.516098499298096}, "costs": {"total_cost": 293.95524895911365, "time_cost": 77.392, "final_distance_cost": 1.8122959909533611, "oscillation_cost": 127.05909884458094, "completition_cost": 0.0, "overshoot_cost": 51.66661310226488, "power_cost": 20.45852800292969, "noise_cost": 15.566713018384725, "n_waypoints_completed": 9, "tot_waypoints": 9}}
