{"target": -216.62347117895786, "params": {"k_pid_pos": [1.8922997940790476, 0.024859491386256316, 0.6250867496839783], "k_pid_alt": [1.1098775236402525, 0.0, 0.23086984934879706], "k_pid_att": [58.989274729095186, 7.284845820832624, 0.3529475069797985], "k_pid_yaw": [0.5, 1e-06, 0.1], "k_pid_hsp": [0.17225665165883555, 0.1531003758033771, 0.01], "k_pid_vsp": [110.56511661686339, 57.93155354082285, 16.252805564631274]}, "datetime": {"datetime": "2025-08-21 17:30:47", "elapsed": 31563.480578422546, "delta": 18.977344036102295}, "costs": {"total_cost": 216.62347117895786, "time_cost": 74.424, "final_distance_cost": 1.8097522241084185, "oscillation_cost": 64.26232333155137, "completition_cost": 0.0, "overshoot_cost": 49.67869585985775, "power_cost": 14.67360057373047, "noise_cost": 11.775099189709843, "n_waypoints_completed": 9, "tot_waypoints": 9}}
{"target": -178.64638696641185, "params": {"k_pid_pos": [1.8922997940790476, 0.024859491386256316, 0.6250867496839783], "k_pid_alt": [1.1098775236402525, 0.0, 0.1576465649121419], "k_pid_att": [11.329609997636037, 6.043751783864618, 0.73590781336997], "k_pid_yaw": [0.5, 1e-06, 0.1], "k_pid_hsp": [1.606987810134683, 0.1531003758033771, 0.01], "k_pid_vsp": [110.56511661686339, 59.083466427248936, 1.0]}, "datetime": {"datetime": "2025-08-21 17:31:03", "elapsed": 31579.908940076828, "delta": 16.428361654281616}, "costs": {"total_cost": 178.64638696641185, "time_cost": 68.816, "final_distance_cost": 1.8244679088558944, "oscillation_cost": 40.14114384736917, "completition_cost": 0.0, "overshoot_cost": 49.4807965076693, "power_cost": 8.984945019531251, "noise_cost": 9.399033682986245, "n_waypoints_completed": 9, "tot_waypoints": 9}}
{"target": -182.32870828718836, "params": {"k_pid_pos": [1.8034346552870686, 0.08087462101852438, 0.6250867496839783], "k_pid_alt": [0.7503000084241305, 0.0, 0.1576465649121419], "k_pid_att": [10.144412392664826, 5.859554809351448, 0.73590781336997], "k_pid_yaw": [0.5, 1e-06, 0.1], "k_pid_hsp": [1.606987810134683, 0.1531003758033771, 0.01], "k_pid_vsp": [110.56511661686339, 59.083466427248936, 1.0]}, "datetime": {"datetime": "2025-08-21 17:31:20", "elapsed": 31596.524134874344, "delta": 16.61519479751587}, "costs": {"total_cost": 182.32870828718836, "time_cost": 71.416, "final_distance_cost": 1.8350668237490375, "oscillation_cost": 40.343968893974804, "completition_cost": 0.0, "overshoot_cost": 49.156645791563726, "power_cost": 9.678497729492188, "noise_cost": 9.89852904840862, "n_waypoints_completed": 9, "tot_waypoints": 9}}
{"target": -185.21738100602, "params": {"k_pid_pos": [1.8034346552870686, 0.08087462101852438, 0.6250867496839783], "k_pid_alt": [1.1098775236402525, 0.0, 0.23086984934879706], "k_pid_att": [58.989274729095186, 7.284845820832624, 0.3529475069797985], "k_pid_yaw": [0.5, 1e-06, 0.1], "k_pid_hsp": [1.606987810134683, 0.1531003758033771, 0.01], "k_pid_vsp": [333.9671041363143, 289.9420907665546, 16.252805564631274]}, "datetime": {"datetime": "2025-08-21 17:31:37", "elapsed": 31613.823692798615, "delta": 17.29955792427063}, "costs": {"total_cost": 185.21738100602, "time_cost": 70.2, "final_distance_cost": 1.8225500249158646, "oscillation_cost": 42.41397013360344, "completition_cost": 0.0, "overshoot_cost": 50.30637354075277, "power_cost": 10.79771668701172, "noise_cost": 9.676770619736173, "n_waypoints_completed": 9, "tot_waypoints": 9}}
{"target": -183.0005364465978, "params": {"k_pid_pos": [1.8922997940790476, 0.024859491386256316, 0.6250867496839783], "k_pid_alt": [1.6319753356852484, 0.0, 0.1576465649121419], "k_pid_att": [92.532430894659, 3.2931611945007657, 0.73590781336997], "k_pid_yaw": [0.5, 1e-06, 0.1], "k_pid_hsp": [1.606987810134683, 0.30538356757589824, 0.01], "k_pid_vsp": [110.56511661686339, 59.083466427248936, 1.0]}, "datetime": {"datetime": "2025-08-21 17:31:52", "elapsed": 31629.196879386902, "delta": 15.373186588287354}, "costs": {"total_cost": 183.0005364465978, "time_cost": 69.024, "final_distance_cost": 1.8277167355260069, "oscillation_cost": 39.56644042443343, "completition_cost": 0.0, "overshoot_cost": 50.28982641712345, "power_cost": 11.381886059570313, "noise_cost": 10.910666809944614, "n_waypoints_completed": 9, "tot_waypoints": 9}}
{"target": -1697.235496933265, "params": {"k_pid_pos": [1.8922997940790476, 0.024859491386256316, 0.6250867496839783], "k_pid_alt": [1.6319753356852484, 0.0, 0.4421029924697406], "k_pid_att": [92.532430894659, 3.2931611945007657, 0.73590781336997], "k_pid_yaw": [0.5, 1e-06, 0.1], "k_pid_hsp": [1.606987810134683, 0.1531003758033771, 0.537384756228717], "k_pid_vsp": [110.56511661686339, 59.083466427248936, 285.7795632228898]}, "datetime": {"datetime": "2025-08-21 17:32:16", "elapsed": 31652.587099313736, "delta": 23.390219926834106}, "costs": {"total_cost": 1697.235496933265, "time_cost": 150, "final_distance_cost": 119.82018973478206, "oscillation_cost": 441.88761011193424, "completition_cost": 888.8888888888888, "overshoot_cost": 60.8101520066617, "power_cost": 19.9789736328125, "noise_cost": 15.849682558185895, "n_waypoints_completed": 1, "tot_waypoints": 9}}
{"target": -188.70876203814072, "params": {"k_pid_pos": [1.8922997940790476, 0.024859491386256316, 0.6250867496839783], "k_pid_alt": [1.6319753356852484, 0.0, 0.1576465649121419], "k_pid_att": [81.71435317647585, 7.262158112886176, 0.73590781336997], "k_pid_yaw": [0.5, 1e-06, 0.1], "k_pid_hsp": [1.606987810134683, 0.3095743154041969, 0.01], "k_pid_vsp": [110.56511661686339, 6.65134314787687, 1.0]}, "datetime": {"datetime": "2025-08-21 17:32:33", "elapsed": 31669.715346097946, "delta": 17.128246784210205}, "costs": {"total_cost": 188.70876203814072, "time_cost": 70.016, "final_distance_cost": 1.8319980511476406, "oscillation_cost": 41.450931857677624, "completition_cost": 0.0, "overshoot_cost": 50.8464162510217, "power_cost": 12.759938208007814, "noise_cost": 11.803477670285917, "n_waypoints_completed": 9, "tot_waypoints": 9}}
{"target": -196.87918021455312, "params": {"k_pid_pos": [1.7041340386651447, 0.024859491386256316, 0.3434561031905483], "k_pid_alt": [1.6319753356852484, 0.055900154593489515, 0.15791560522360282], "k_pid_att": [58.989274729095186, 7.284845820832624, 0.73590781336997], "k_pid_yaw": [0.5, 1e-06, 0.1], "k_pid_hsp": [1.606987810134683, 0.1531003758033771, 0.01], "k_pid_vsp": [110.56511661686339, 165.97121828777006, 1.0]}, "datetime": {"datetime": "2025-08-21 17:32:50", "elapsed": 31686.52221941948, "delta": 16.806873321533203}, "costs": {"total_cost": 196.87918021455312, "time_cost": 75.856, "final_distance_cost": 1.8105014834592106, "oscillation_cost": 51.346733182576195, "completition_cost": 0.0, "overshoot_cost": 50.73357156654768, "power_cost": 7.9778804565429695, "noise_cost": 9.154493525427055, "n_waypoints_completed": 9, "tot_waypoints": 9}}
{"target": -733.0405928161978, "params": {"k_pid_pos": [1.8034346552870686, 0.08087462101852438, 0.6250867496839783], "k_pid_alt": [1.6319753356852484, 0.32706958222753924, 0.1576465649121419], "k_pid_att": [58.989274729095186, 5.859554809351448, 0.73590781336997], "k_pid_yaw": [0.5, 1e-06, 0.1], "k_pid_hsp": [1.606987810134683, 0.1531003758033771, 0.01], "k_pid_vsp": [152.62952303200586, 59.083466427248936, 1.0]}, "datetime": {"datetime": "2025-08-21 17:33:13", "elapsed": 31709.942005872726, "delta": 23.41978645324707}, "costs": {"total_cost": 733.0405928161978, "time_cost": 150, "final_distance_cost": 55.58489667147552, "oscillation_cost": 45.24595839489795, "completition_cost": 333.33333333333337, "overshoot_cost": 84.3137647289319, "power_cost": 30.010591162109378, "noise_cost": 34.55204852544966, "n_waypoints_completed": 6, "tot_waypoints": 9}}
{"target": -184.18977794717952, "params": {"k_pid_pos": [1.8922997940790476, 0.08087462101852438, 0.6250867496839783], "k_pid_alt": [1.6319753356852484, 0.0, 0.1576465649121419], "k_pid_att": [58.989274729095186, 5.859554809351448, 0.73590781336997], "k_pid_yaw": [0.5, 1e-06, 0.1], "k_pid_hsp": [1.606987810134683, 0.1531003758033771, 0.01], "k_pid_vsp": [110.56511661686339, 59.083466427248936, 1.0]}, "datetime": {"datetime": "2025-08-21 17:33:30", "elapsed": 31726.755964279175, "delta": 16.813958406448364}, "costs": {"total_cost": 184.18977794717952, "time_cost": 68.848, "final_distance_cost": 1.8208283249840207, "oscillation_cost": 39.4972952009461, "completition_cost": 0.0, "overshoot_cost": 49.94824473279642, "power_cost": 12.574993090820312, "noise_cost": 11.500416597632693, "n_waypoints_completed": 9, "tot_waypoints": 9}}
{"target": -368.74890786063025, "params": {"k_pid_pos": [1.8034346552870686, 0.024859491386256316, 0.6250867496839783], "k_pid_alt": [1.6319753356852484, 0.0, 0.1576465649121419], "k_pid_att": [92.532430894659, 3.2931611945007657, 0.73590781336997], "k_pid_yaw": [0.5, 1e-06, 0.1], "k_pid_hsp": [1.606987810134683, 0.1531003758033771, 0.31434645924479554], "k_pid_vsp": [110.56511661686339, 59.083466427248936, 1.0]}, "datetime": {"datetime": "2025-08-21 17:33:48", "elapsed": 31745.052665948868, "delta": 18.296701669692993}, "costs": {"total_cost": 368.74890786063025, "time_cost": 81.06400000000001, "final_distance_cost": 1.7650405611343645, "oscillation_cost": 204.14632640296523, "completition_cost": 0.0, "overshoot_cost": 51.37754566343955, "power_cost": 16.65497843017578, "noise_cost": 13.741016802915281, "n_waypoints_completed": 9, "tot_waypoints": 9}}
{"target": -185.2261684917726, "params": {"k_pid_pos": [1.7041340386651447, 0.024859491386256316, 0.3434561031905483], "k_pid_alt": [1.6319753356852484, 0.0, 0.15791560522360282], "k_pid_att": [58.989274729095186, 7.284845820832624, 0.73590781336997], "k_pid_yaw": [0.5, 1e-06, 0.1], "k_pid_hsp": [1.606987810134683, 0.1531003758033771, 0.01], "k_pid_vsp": [110.56511661686339, 6.65134314787687, 1.0]}, "datetime": {"datetime": "2025-08-21 17:34:05", "elapsed": 31761.917692899704, "delta": 16.86502695083618}, "costs": {"total_cost": 185.2261684917726, "time_cost": 69.70400000000001, "final_distance_cost": 1.824931451375994, "oscillation_cost": 43.972390374079716, "completition_cost": 0.0, "overshoot_cost": 50.80693032511271, "power_cost": 9.166801708984375, "noise_cost": 9.751114632219807, "n_waypoints_completed": 9, "tot_waypoints": 9}}
{"target": -189.17147285866986, "params": {"k_pid_pos": [1.8922997940790476, 0.024859491386256316, 0.6250867496839783], "k_pid_alt": [1.6319753356852484, 0.0, 0.1576465649121419], "k_pid_att": [58.989274729095186, 7.262158112886176, 0.1273844557339736], "k_pid_yaw": [0.5, 1e-06, 0.1], "k_pid_hsp": [1.606987810134683, 0.3095743154041969, 0.01], "k_pid_vsp": [110.56511661686339, 59.083466427248936, 1.0]}, "datetime": {"datetime": "2025-08-21 17:34:20", "elapsed": 31777.327386140823, "delta": 15.409693241119385}, "costs": {"total_cost": 189.17147285866986, "time_cost": 68.536, "final_distance_cost": 1.8417349278906725, "oscillation_cost": 45.90974952891708, "completition_cost": 0.0, "overshoot_cost": 50.038532254591594, "power_cost": 11.718945361328126, "noise_cost": 11.126510785942381, "n_waypoints_completed": 9, "tot_waypoints": 9}}
{"target": -197.9632808498328, "params": {"k_pid_pos": [1.8922997940790476, 0.024859491386256316, 0.2649281814802127], "k_pid_alt": [1.6319753356852484, 0.0, 0.1576465649121419], "k_pid_att": [58.989274729095186, 5.859554809351448, 0.73590781336997], "k_pid_yaw": [0.5, 1e-06, 0.1], "k_pid_hsp": [1.606987810134683, 0.1531003758033771, 0.01], "k_pid_vsp": [110.56511661686339, 59.083466427248936, 1.0]}, "datetime": {"datetime": "2025-08-21 17:34:37", "elapsed": 31794.37020111084, "delta": 17.04281497001648}, "costs": {"total_cost": 197.9632808498328, "time_cost": 70.48, "final_distance_cost": 1.7879646312469621, "oscillation_cost": 46.20140763592145, "completition_cost": 0.0, "overshoot_cost": 51.499761526645145, "power_cost": 15.322423608398438, "noise_cost": 12.671723447620835, "n_waypoints_completed": 9, "tot_waypoints": 9}}
{"target": -249.88491115841327, "params": {"k_pid_pos": [1.8922997940790476, 0.5438063855161558, 0.06175353258437599], "k_pid_alt": [1.6319753356852484, 0.0, 0.1576465649121419], "k_pid_att": [92.532430894659, 3.2931611945007657, 0.73590781336997], "k_pid_yaw": [0.5, 1e-06, 0.1], "k_pid_hsp": [1.606987810134683, 0.1531003758033771, 0.01], "k_pid_vsp": [110.56511661686339, 59.083466427248936, 1.0]}, "datetime": {"datetime": "2025-08-21 17:35:00", "elapsed": 31817.074227571487, "delta": 22.704026460647583}, "costs": {"total_cost": 249.88491115841327, "time_cost": 93.992, "final_distance_cost": 1.7093817844491637, "oscillation_cost": 55.2913660769624, "completition_cost": 0.0, "overshoot_cost": 57.509603797185044, "power_cost": 22.901083032226563, "noise_cost": 18.48147646759011, "n_waypoints_completed": 9, "tot_waypoints": 9}}
{"target": -182.34037166208796, "params": {"k_pid_pos": [1.8922997940790476, 0.024859491386256316, 0.6250867496839783], "k_pid_alt": [1.6319753356852484, 0.0, 0.014398680574380873], "k_pid_att": [58.989274729095186, 7.262158112886176, 0.73590781336997], "k_pid_yaw": [0.5, 1e-06, 0.1], "k_pid_hsp": [1.606987810134683, 0.3095743154041969, 0.01], "k_pid_vsp": [110.56511661686339, 59.083466427248936, 1.0]}, "datetime": {"datetime": "2025-08-21 17:35:16", "elapsed": 31832.863760471344, "delta": 15.789532899856567}, "costs": {"total_cost": 182.34037166208796, "time_cost": 68.552, "final_distance_cost": 1.8427818532344695, "oscillation_cost": 41.00077776005446, "completition_cost": 0.0, "overshoot_cost": 49.5266501794453, "power_cost": 10.788500024414063, "noise_cost": 10.62966184493964, "n_waypoints_completed": 9, "tot_waypoints": 9}}
{"target": -183.03794716739156, "params": {"k_pid_pos": [1.8922997940790476, 0.024859491386256316, 0.6250867496839783], "k_pid_alt": [1.1098775236402525, 0.0, 0.1576465649121419], "k_pid_att": [11.329609997636037, 6.043751783864618, 0.73590781336997], "k_pid_yaw": [0.5, 1e-06, 0.1], "k_pid_hsp": [1.606987810134683, 0.1531003758033771, 0.01], "k_pid_vsp": [110.56511661686339, 59.083466427248936, 1.0]}, "datetime": {"datetime": "2025-08-21 17:35:33", "elapsed": 31849.80589747429, "delta": 16.942137002944946}, "costs": {"total_cost": 183.03794716739156, "time_cost": 68.768, "final_distance_cost": 1.8276973273761103, "oscillation_cost": 41.62087286096121, "completition_cost": 0.0, "overshoot_cost": 49.656524260773566, "power_cost": 10.733555993652343, "noise_cost": 10.431296724628297, "n_waypoints_completed": 9, "tot_waypoints": 9}}
{"target": -604.2136672576122, "params": {"k_pid_pos": [1.8034346552870686, 0.08087462101852438, 0.6250867496839783], "k_pid_alt": [0.7503000084241305, 0.0, 0.1576465649121419], "k_pid_att": [10.144412392664826, 5.859554809351448, 0.73590781336997], "k_pid_yaw": [0.5, 1e-06, 0.1], "k_pid_hsp": [1.606987810134683, 0.1531003758033771, 0.01], "k_pid_vsp": [110.56511661686339, 59.083466427248936, 1.0]}, "datetime": {"datetime": "2025-08-21 17:35:55", "elapsed": 31871.833451271057, "delta": 22.02755379676819}, "costs": {"total_cost": 604.2136672576122, "time_cost": 150, "final_distance_cost": 69.21925057061664, "oscillation_cost": 42.651695030161676, "completition_cost": 222.2222222222222, "overshoot_cost": 66.12978190566233, "power_cost": 29.90939313964844, "noise_cost": 24.081324389301017, "n_waypoints_completed": 7, "tot_waypoints": 9}}
{"target": -186.98121574313384, "params": {"k_pid_pos": [1.8922997940790476, 0.024859491386256316, 0.6250867496839783], "k_pid_alt": [1.6319753356852484, 0.0, 0.014398680574380873], "k_pid_att": [58.989274729095186, 7.262158112886176, 0.73590781336997], "k_pid_yaw": [0.5, 1e-06, 0.1], "k_pid_hsp": [1.606987810134683, 0.3095743154041969, 0.01], "k_pid_vsp": [110.56511661686339, 59.083466427248936, 1.0]}, "datetime": {"datetime": "2025-08-21 17:36:12", "elapsed": 31888.615961313248, "delta": 16.78251004219055}, "costs": {"total_cost": 186.98121574313384, "time_cost": 68.968, "final_distance_cost": 1.838323501445359, "oscillation_cost": 40.384971704049846, "completition_cost": 0.0, "overshoot_cost": 49.887150403734125, "power_cost": 13.681747802734376, "noise_cost": 12.221022331170133, "n_waypoints_completed": 9, "tot_waypoints": 9}}
{"target": -188.29884705592428, "params": {"k_pid_pos": [1.8922997940790476, 0.024859491386256316, 0.6250867496839783], "k_pid_alt": [1.6664687922778647, 0.0, 0.1576465649121419], "k_pid_att": [92.532430894659, 3.2931611945007657, 0.73590781336997], "k_pid_yaw": [0.5, 1e-06, 0.1], "k_pid_hsp": [5.443665085475852, 0.1531003758033771, 0.01], "k_pid_vsp": [110.56511661686339, 59.083466427248936, 1.0]}, "datetime": {"datetime": "2025-08-21 17:36:29", "elapsed": 31905.47675561905, "delta": 16.86079430580139}, "costs": {"total_cost": 188.29884705592428, "time_cost": 69.12, "final_distance_cost": 1.82717663345163, "oscillation_cost": 43.43670054500058, "completition_cost": 0.0, "overshoot_cost": 50.6507628932395, "power_cost": 11.959110571289063, "noise_cost": 11.305096412943458, "n_waypoints_completed": 9, "tot_waypoints": 9}}
{"target": -188.40685733088327, "params": {"k_pid_pos": [1.538395483829655, 0.024859491386256316, 0.6250867496839783], "k_pid_alt": [1.6319753356852484, 0.0, 0.1576465649121419], "k_pid_att": [28.19473841193917, 3.2931611945007657, 0.8466505764833102], "k_pid_yaw": [0.5, 1e-06, 0.1], "k_pid_hsp": [1.606987810134683, 0.30538356757589824, 0.01], "k_pid_vsp": [110.56511661686339, 59.083466427248936, 1.0]}, "datetime": {"datetime": "2025-08-21 17:36:44", "elapsed": 31921.392826795578, "delta": 15.91607117652893}, "costs": {"total_cost": 188.40685733088327, "time_cost": 70.44800000000001, "final_distance_cost": 1.850435167043846, "oscillation_cost": 37.66885494090809, "completition_cost": 0.0, "overshoot_cost": 50.60119166095179, "power_cost": 14.94597705078125, "noise_cost": 12.892398511198316, "n_waypoints_completed": 9, "tot_waypoints": 9}}
{"target": -204.1522264520646, "params": {"k_pid_pos": [1.8922997940790476, 0.23327464745294124, 0.6250867496839783], "k_pid_alt": [1.6319753356852484, 0.0, 0.1576465649121419], "k_pid_att": [11.329609997636037, 6.043751783864618, 0.73590781336997], "k_pid_yaw": [0.5, 1e-06, 0.1], "k_pid_hsp": [1.606987810134683, 0.1531003758033771, 0.01], "k_pid_vsp": [11.291675944504354, 59.083466427248936, 1.0]}, "datetime": {"datetime": "2025-08-21 17:37:02", "elapsed": 31939.12352871895, "delta": 17.73070192337036}, "costs": {"total_cost": 204.1522264520646, "time_cost": 72.768, "final_distance_cost": 1.782094382165902, "oscillation_cost": 45.89318121910202, "completition_cost": 0.0, "overshoot_cost": 52.38072564250371, "power_cost": 17.25270291748047, "noise_cost": 14.075522290812502, "n_waypoints_completed": 9, "tot_waypoints": 9}}
{"target": -182.4377518435146, "params": {"k_pid_pos": [1.8922997940790476, 0.024859491386256316, 0.6250867496839783], "k_pid_alt": [1.1098775236402525, 0.0, 0.1576465649121419], "k_pid_att": [92.532430894659, 3.2931611945007657, 0.73590781336997], "k_pid_yaw": [0.5, 1e-06, 0.1], "k_pid_hsp": [1.606987810134683, 0.30538356757589824, 0.01], "k_pid_vsp": [110.56511661686339, 59.083466427248936, 1.0]}, "datetime": {"datetime": "2025-08-21 17:37:18", "elapsed": 31954.575865268707, "delta": 15.452336549758911}, "costs": {"total_cost": 182.4377518435146, "time_cost": 69.144, "final_distance_cost": 1.8330941246466332, "oscillation_cost": 42.00587249531423, "completition_cost": 0.0, "overshoot_cost": 49.54796558947449, "power_cost": 9.824093347167969, "noise_cost": 10.08272628691126, "n_waypoints_completed": 9, "tot_waypoints": 9}}
{"target": -205.4086957738287, "params": {"k_pid_pos": [1.8922997940790476, 0.024859491386256316, 0.5922288399539734], "k_pid_alt": [0.6162310025038176, 0.0, 0.1576465649121419], "k_pid_att": [81.71435317647585, 7.262158112886176, 0.73590781336997], "k_pid_yaw": [0.5, 1e-06, 0.1], "k_pid_hsp": [1.606987810134683, 0.3095743154041969, 0.01], "k_pid_vsp": [110.56511661686339, 6.65134314787687, 1.0]}, "datetime": {"datetime": "2025-08-21 17:37:38", "elapsed": 31974.5195043087, "delta": 19.943639039993286}, "costs": {"total_cost": 205.4086957738287, "time_cost": 79.624, "final_distance_cost": 1.826710388654703, "oscillation_cost": 45.50376755638801, "completition_cost": 0.0, "overshoot_cost": 50.40592951171446, "power_cost": 14.945191259765625, "noise_cost": 13.10309705730589, "n_waypoints_completed": 9, "tot_waypoints": 9}}
{"target": -200.0461030291315, "params": {"k_pid_pos": [1.8922997940790476, 0.024859491386256316, 0.6250867496839783], "k_pid_alt": [1.6319753356852484, 0.0, 0.1576465649121419], "k_pid_att": [92.532430894659, 3.2931611945007657, 0.12678522794134206], "k_pid_yaw": [0.5, 1e-06, 0.1], "k_pid_hsp": [1.606987810134683, 0.30538356757589824, 0.01], "k_pid_vsp": [110.56511661686339, 59.083466427248936, 1.0]}, "datetime": {"datetime": "2025-08-21 17:37:53", "elapsed": 31990.032021045685, "delta": 15.512516736984253}, "costs": {"total_cost": 200.0461030291315, "time_cost": 69.21600000000001, "final_distance_cost": 1.8386135949540285, "oscillation_cost": 52.23526499833634, "completition_cost": 0.0, "overshoot_cost": 50.50392573765792, "power_cost": 13.915654345703127, "noise_cost": 12.336644352480059, "n_waypoints_completed": 9, "tot_waypoints": 9}}
{"target": -205.1922744014097, "params": {"k_pid_pos": [1.8922997940790476, 0.6906262193658564, 0.6250867496839783], "k_pid_alt": [1.6319753356852484, 0.0, 0.1576465649121419], "k_pid_att": [11.329609997636037, 6.043751783864618, 0.73590781336997], "k_pid_yaw": [0.5, 1e-06, 0.1], "k_pid_hsp": [1.606987810134683, 0.1531003758033771, 0.01], "k_pid_vsp": [110.56511661686339, 59.083466427248936, 1.0]}, "datetime": {"datetime": "2025-08-21 17:38:13", "elapsed": 32009.48969101906, "delta": 19.457669973373413}, "costs": {"total_cost": 205.1922744014097, "time_cost": 80.504, "final_distance_cost": 1.7545922749755665, "oscillation_cost": 48.00437640907137, "completition_cost": 0.0, "overshoot_cost": 51.107581605477094, "power_cost": 12.228738256835937, "noise_cost": 11.592985855049742, "n_waypoints_completed": 9, "tot_waypoints": 9}}
