{"target": -416.52755016074593, "params": {"k_pid_pos": [1.8922997940790476, 0.05987593904989075, 0.37255195504867966], "k_pid_alt": [1.1098775236402525, 0.0, 0.6152218162448827], "k_pid_att": [58.989274729095186, 9.289174369187968, 0.73590781336997], "k_pid_yaw": [0.5, 1e-06, 0.1], "k_pid_hsp": [1.606987810134683, 0.1531003758033771, 0.8029897720240362], "k_pid_vsp": [110.56511661686339, 130.53254854158118, 1.0]}, "datetime": {"datetime": "2025-08-21 19:19:46", "elapsed": 38102.472111701965, "delta": 21.324220418930054}, "costs": {"total_cost": 416.52755016074593, "time_cost": 94.072, "final_distance_cost": 1.811732307665471, "oscillation_cost": 224.63543057348602, "completition_cost": 0.0, "overshoot_cost": 58.618931234323775, "power_cost": 20.40119108886719, "noise_cost": 16.98826495640349, "n_waypoints_completed": 9, "tot_waypoints": 9}}
{"target": -225.5389136796937, "params": {"k_pid_pos": [1.815522159483175, 0.024859491386256316, 0.6250867496839783], "k_pid_alt": [0.3440167387353117, 0.3977849357679477, 0.1576465649121419], "k_pid_att": [25.463483275157817, 1.4953935029224072, 0.2962482180956587], "k_pid_yaw": [0.5, 1e-06, 0.1], "k_pid_hsp": [1.606987810134683, 0.1531003758033771, 0.01], "k_pid_vsp": [131.157380286128, 59.083466427248936, 1.0]}, "datetime": {"datetime": "2025-08-21 19:20:08", "elapsed": 38124.507189273834, "delta": 22.035077571868896}, "costs": {"total_cost": 225.5389136796937, "time_cost": 88.16, "final_distance_cost": 1.7524618260510205, "oscillation_cost": 53.376517829158004, "completition_cost": 0.0, "overshoot_cost": 55.216260101229075, "power_cost": 14.150217443847657, "noise_cost": 12.883456479407991, "n_waypoints_completed": 9, "tot_waypoints": 9}}
{"target": -606.7266650850784, "params": {"k_pid_pos": [1.8922997940790476, 0.05987593904989075, 0.3813471713810148], "k_pid_alt": [1.1098775236402525, 0.0, 0.07444874772262577], "k_pid_att": [58.989274729095186, 1.1166001057131414, 0.2962482180956587], "k_pid_yaw": [0.5, 1e-06, 0.1], "k_pid_hsp": [1.606987810134683, 0.1531003758033771, 0.01], "k_pid_vsp": [100.00506902703879, 130.53254854158118, 120.63999617495661]}, "datetime": {"datetime": "2025-08-21 19:20:31", "elapsed": 38148.15128016472, "delta": 23.6440908908844}, "costs": {"total_cost": 606.7266650850784, "time_cost": 150, "final_distance_cost": 77.56254452567485, "oscillation_cost": 54.731897042062975, "completition_cost": 222.2222222222222, "overshoot_cost": 68.94539730298435, "power_cost": 19.02105946044922, "noise_cost": 14.24354453168471, "n_waypoints_completed": 7, "tot_waypoints": 9}}
{"target": -184.20749720721298, "params": {"k_pid_pos": [1.8922997940790476, 0.024859491386256316, 0.6250867496839783], "k_pid_alt": [1.1098775236402525, 0.0, 0.1576465649121419], "k_pid_att": [10.85276784655954, 1.4953935029224072, 0.73590781336997], "k_pid_yaw": [0.5, 1e-06, 0.1], "k_pid_hsp": [1.606987810134683, 0.1531003758033771, 0.01], "k_pid_vsp": [131.157380286128, 59.083466427248936, 1.0]}, "datetime": {"datetime": "2025-08-21 19:20:47", "elapsed": 38163.81198596954, "delta": 15.660705804824829}, "costs": {"total_cost": 184.20749720721298, "time_cost": 69.248, "final_distance_cost": 1.8107072696038216, "oscillation_cost": 39.7759275073904, "completition_cost": 0.0, "overshoot_cost": 50.18898890377641, "power_cost": 12.165353051757814, "noise_cost": 11.01852047468451, "n_waypoints_completed": 9, "tot_waypoints": 9}}
{"target": -185.78026255869392, "params": {"k_pid_pos": [1.8922997940790476, 0.0822904257601288, 0.6250867496839783], "k_pid_alt": [1.9160597436741602, 0.0, 0.1576465649121419], "k_pid_att": [58.989274729095186, 5.859554809351448, 0.9808211468183533], "k_pid_yaw": [0.5, 1e-06, 0.1], "k_pid_hsp": [1.606987810134683, 0.6903644518542994, 0.01], "k_pid_vsp": [110.56511661686339, 130.53254854158118, 1.0]}, "datetime": {"datetime": "2025-08-21 19:21:04", "elapsed": 38180.557396411896, "delta": 16.745410442352295}, "costs": {"total_cost": 185.78026255869392, "time_cost": 68.152, "final_distance_cost": 1.8203417543632288, "oscillation_cost": 44.406628101736956, "completition_cost": 0.0, "overshoot_cost": 49.58319156476688, "power_cost": 11.091566027832032, "noise_cost": 10.726535109994815, "n_waypoints_completed": 9, "tot_waypoints": 9}}
{"target": -215.3126947311675, "params": {"k_pid_pos": [1.8922997940790476, 0.024859491386256316, 0.6250867496839783], "k_pid_alt": [0.4683065483083426, 0.0, 0.1576465649121419], "k_pid_att": [25.463483275157817, 1.4953935029224072, 0.73590781336997], "k_pid_yaw": [0.5, 1e-06, 0.1], "k_pid_hsp": [1.606987810134683, 0.1531003758033771, 0.01], "k_pid_vsp": [110.56511661686339, 130.53254854158118, 1.0]}, "datetime": {"datetime": "2025-08-21 19:21:23", "elapsed": 38200.306982278824, "delta": 19.7495858669281}, "costs": {"total_cost": 215.3126947311675, "time_cost": 83.584, "final_distance_cost": 1.8549620528333943, "oscillation_cost": 47.76039067331338, "completition_cost": 0.0, "overshoot_cost": 50.01454243094053, "power_cost": 17.511917712402344, "noise_cost": 14.58688186167782, "n_waypoints_completed": 9, "tot_waypoints": 9}}
{"target": -217.49917197179587, "params": {"k_pid_pos": [1.8922997940790476, 0.05987593904989075, 0.37255195504867966], "k_pid_alt": [1.1098775236402525, 0.229763914573474, 0.1576465649121419], "k_pid_att": [25.463483275157817, 1.4953935029224072, 0.73590781336997], "k_pid_yaw": [0.5, 1e-06, 0.1], "k_pid_hsp": [1.606987810134683, 0.08333843891839088, 0.01], "k_pid_vsp": [237.37114527084637, 130.53254854158118, 1.0]}, "datetime": {"datetime": "2025-08-21 19:21:43", "elapsed": 38220.416573524475, "delta": 20.109591245651245}, "costs": {"total_cost": 217.49917197179587, "time_cost": 80.12, "final_distance_cost": 1.7260925916049688, "oscillation_cost": 52.80542385872476, "completition_cost": 0.0, "overshoot_cost": 51.53079506513879, "power_cost": 17.283423645019532, "noise_cost": 14.033436811307842, "n_waypoints_completed": 9, "tot_waypoints": 9}}
{"target": -975.7585588878408, "params": {"k_pid_pos": [0.14121371977802274, 0.024859491386256316, 0.6250867496839783], "k_pid_alt": [1.1098775236402525, 0.0, 0.1576465649121419], "k_pid_att": [25.463483275157817, 1.4953935029224072, 0.73590781336997], "k_pid_yaw": [0.5, 1e-06, 0.1], "k_pid_hsp": [1.606987810134683, 0.1531003758033771, 0.01], "k_pid_vsp": [110.56511661686339, 130.53254854158118, 1.0]}, "datetime": {"datetime": "2025-08-21 19:22:07", "elapsed": 38243.46439385414, "delta": 23.047820329666138}, "costs": {"total_cost": 975.7585588878408, "time_cost": 150, "final_distance_cost": 54.63896701140408, "oscillation_cost": 16.788221123955296, "completition_cost": 666.6666666666667, "overshoot_cost": 56.6656810415883, "power_cost": 16.669311669921875, "noise_cost": 14.329711374304518, "n_waypoints_completed": 3, "tot_waypoints": 9}}
{"target": -182.2230233164717, "params": {"k_pid_pos": [1.8922997940790476, 0.024859491386256316, 0.42495672118777295], "k_pid_alt": [1.85112020821355, 0.0, 0.1576465649121419], "k_pid_att": [25.06356558820614, 1.6793952317322878, 0.73590781336997], "k_pid_yaw": [0.5, 1e-06, 0.1], "k_pid_hsp": [1.606987810134683, 0.08333843891839088, 0.01], "k_pid_vsp": [110.56511661686339, 130.53254854158118, 1.0]}, "datetime": {"datetime": "2025-08-21 19:22:23", "elapsed": 38260.03227806091, "delta": 16.56788420677185}, "costs": {"total_cost": 182.2230233164717, "time_cost": 68.176, "final_distance_cost": 1.7904154525469833, "oscillation_cost": 39.940840629968704, "completition_cost": 0.0, "overshoot_cost": 49.36866332828121, "power_cost": 11.980382568359376, "noise_cost": 10.966721337315443, "n_waypoints_completed": 9, "tot_waypoints": 9}}
{"target": -213.23298209706326, "params": {"k_pid_pos": [1.8922997940790476, 0.024859491386256316, 0.37255195504867966], "k_pid_alt": [1.2331807735298297, 0.0, 0.1576465649121419], "k_pid_att": [58.989274729095186, 5.859554809351448, 0.8612643910736462], "k_pid_yaw": [0.5, 1e-06, 0.1], "k_pid_hsp": [1.606987810134683, 0.3912790898693519, 0.01], "k_pid_vsp": [110.56511661686339, 130.53254854158118, 1.0]}, "datetime": {"datetime": "2025-08-21 19:22:41", "elapsed": 38277.539669275284, "delta": 17.507391214370728}, "costs": {"total_cost": 213.23298209706326, "time_cost": 75.4, "final_distance_cost": 1.7768120054110879, "oscillation_cost": 48.1352990530373, "completition_cost": 0.0, "overshoot_cost": 53.49652153044552, "power_cost": 19.472540454101562, "noise_cost": 14.951809054067775, "n_waypoints_completed": 9, "tot_waypoints": 9}}
{"target": -185.9316717995018, "params": {"k_pid_pos": [1.8922997940790476, 0.024859491386256316, 0.37255195504867966], "k_pid_alt": [1.9160597436741602, 0.0, 0.1576465649121419], "k_pid_att": [58.989274729095186, 5.859554809351448, 0.73590781336997], "k_pid_yaw": [0.5, 1e-06, 0.1], "k_pid_hsp": [1.8683835514128975, 0.1531003758033771, 0.01], "k_pid_vsp": [303.00008221409286, 59.083466427248936, 1.0]}, "datetime": {"datetime": "2025-08-21 19:22:57", "elapsed": 38293.90830206871, "delta": 16.368632793426514}, "costs": {"total_cost": 185.9316717995018, "time_cost": 68.696, "final_distance_cost": 1.7973779761977269, "oscillation_cost": 41.90205677386637, "completition_cost": 0.0, "overshoot_cost": 50.56174422126198, "power_cost": 11.870115808105469, "noise_cost": 11.104377020070247, "n_waypoints_completed": 9, "tot_waypoints": 9}}
{"target": -350.3369059368507, "params": {"k_pid_pos": [1.8922997940790476, 0.3070634710282163, 0.6250867496839783], "k_pid_alt": [1.1098775236402525, 0.0, 0.1576465649121419], "k_pid_att": [58.989274729095186, 5.859554809351448, 0.8612643910736462], "k_pid_yaw": [0.5, 1e-06, 0.1], "k_pid_hsp": [5.102248909689673, 0.3912790898693519, 0.8371457900595851], "k_pid_vsp": [110.56511661686339, 130.53254854158118, 1.0]}, "datetime": {"datetime": "2025-08-21 19:23:16", "elapsed": 38313.32791185379, "delta": 19.419609785079956}, "costs": {"total_cost": 350.3369059368507, "time_cost": 84.2, "final_distance_cost": 1.7352431152606023, "oscillation_cost": 180.25925433053186, "completition_cost": 0.0, "overshoot_cost": 51.922155716121296, "power_cost": 17.720991943359376, "noise_cost": 14.499260831577612, "n_waypoints_completed": 9, "tot_waypoints": 9}}
{"target": -182.3209994598581, "params": {"k_pid_pos": [1.8922997940790476, 0.024859491386256316, 0.42495672118777295], "k_pid_alt": [1.1098775236402525, 0.0, 0.1576465649121419], "k_pid_att": [25.463483275157817, 1.4953935029224072, 0.73590781336997], "k_pid_yaw": [0.5, 1e-06, 0.1], "k_pid_hsp": [1.606987810134683, 0.08333843891839088, 0.01], "k_pid_vsp": [110.56511661686339, 130.53254854158118, 1.0]}, "datetime": {"datetime": "2025-08-21 19:23:33", "elapsed": 38329.961285591125, "delta": 16.633373737335205}, "costs": {"total_cost": 182.3209994598581, "time_cost": 68.944, "final_distance_cost": 1.7944831015289646, "oscillation_cost": 40.195229793844476, "completition_cost": 0.0, "overshoot_cost": 49.97760450854742, "power_cost": 10.944548815917969, "noise_cost": 10.465133240019254, "n_waypoints_completed": 9, "tot_waypoints": 9}}
{"target": -460.5502542126042, "params": {"k_pid_pos": [1.8922997940790476, 0.024859491386256316, 0.6250867496839783], "k_pid_alt": [1.85112020821355, 0.0, 0.1576465649121419], "k_pid_att": [25.06356558820614, 7.347914484943822, 0.73590781336997], "k_pid_yaw": [0.5, 1e-06, 0.1], "k_pid_hsp": [1.606987810134683, 0.6263404903738966, 0.9374799016337715], "k_pid_vsp": [110.56511661686339, 130.53254854158118, 1.0]}, "datetime": {"datetime": "2025-08-21 19:23:55", "elapsed": 38352.03909230232, "delta": 22.0778067111969}, "costs": {"total_cost": 460.5502542126042, "time_cost": 92.328, "final_distance_cost": 1.727792694741906, "oscillation_cost": 264.86728312760937, "completition_cost": 0.0, "overshoot_cost": 62.81288934195896, "power_cost": 21.470787890625, "noise_cost": 17.343501157669007, "n_waypoints_completed": 9, "tot_waypoints": 9}}
{"target": -212.698141746965, "params": {"k_pid_pos": [1.8922997940790476, 0.05987593904989075, 0.37255195504867966], "k_pid_alt": [1.9160597436741602, 0.23511992424077377, 0.1576465649121419], "k_pid_att": [58.989274729095186, 5.859554809351448, 0.8612643910736462], "k_pid_yaw": [0.5, 1e-06, 0.1], "k_pid_hsp": [1.606987810134683, 0.08333843891839088, 0.01], "k_pid_vsp": [396.0685551233308, 130.53254854158118, 1.0]}, "datetime": {"datetime": "2025-08-21 19:24:15", "elapsed": 38371.85643315315, "delta": 19.817340850830078}, "costs": {"total_cost": 212.698141746965, "time_cost": 82.136, "final_distance_cost": 1.788526986531448, "oscillation_cost": 58.84408093620089, "completition_cost": 0.0, "overshoot_cost": 50.96996425682457, "power_cost": 9.072913208007813, "noise_cost": 9.886656359400305, "n_waypoints_completed": 9, "tot_waypoints": 9}}
{"target": -183.33430902933026, "params": {"k_pid_pos": [1.8922997940790476, 0.0822904257601288, 0.6250867496839783], "k_pid_alt": [1.9160597436741602, 0.0, 0.1576465649121419], "k_pid_att": [58.989274729095186, 5.859554809351448, 0.9808211468183533], "k_pid_yaw": [0.5, 1e-06, 0.1], "k_pid_hsp": [1.606987810134683, 0.08333843891839088, 0.01], "k_pid_vsp": [110.56511661686339, 130.53254854158118, 1.0]}, "datetime": {"datetime": "2025-08-21 19:24:31", "elapsed": 38388.14677357674, "delta": 16.290340423583984}, "costs": {"total_cost": 183.33430902933026, "time_cost": 68.808, "final_distance_cost": 1.8193189476500855, "oscillation_cost": 39.57830997782897, "completition_cost": 0.0, "overshoot_cost": 49.79479955540328, "power_cost": 12.162737963867189, "noise_cost": 11.17114258458074, "n_waypoints_completed": 9, "tot_waypoints": 9}}
{"target": -190.94259585449032, "params": {"k_pid_pos": [1.8922997940790476, 0.024859491386256316, 0.6250867496839783], "k_pid_alt": [1.1098775236402525, 0.0, 0.6137735415975708], "k_pid_att": [25.463483275157817, 7.389614396826664, 0.332604625203343], "k_pid_yaw": [0.5, 1e-06, 0.1], "k_pid_hsp": [1.606987810134683, 0.1531003758033771, 0.01], "k_pid_vsp": [110.56511661686339, 130.53254854158118, 1.0]}, "datetime": {"datetime": "2025-08-21 19:24:49", "elapsed": 38405.888140916824, "delta": 17.74136734008789}, "costs": {"total_cost": 190.94259585449032, "time_cost": 71.528, "final_distance_cost": 1.822805161851758, "oscillation_cost": 40.84006360986264, "completition_cost": 0.0, "overshoot_cost": 50.33168890823215, "power_cost": 14.156278100585938, "noise_cost": 12.263760073957817, "n_waypoints_completed": 9, "tot_waypoints": 9}}
{"target": -211.06833038352747, "params": {"k_pid_pos": [0.7083050082071586, 0.024859491386256316, 0.6250867496839783], "k_pid_alt": [1.1098775236402525, 0.0, 0.1576465649121419], "k_pid_att": [25.463483275157817, 1.4953935029224072, 0.73590781336997], "k_pid_yaw": [0.5, 1e-06, 0.1], "k_pid_hsp": [1.606987810134683, 0.8779941376805641, 0.01], "k_pid_vsp": [131.157380286128, 59.083466427248936, 1.0]}, "datetime": {"datetime": "2025-08-21 19:25:08", "elapsed": 38425.02491855621, "delta": 19.136777639389038}, "costs": {"total_cost": 211.06833038352747, "time_cost": 84.624, "final_distance_cost": 1.856150311606371, "oscillation_cost": 43.581209623431064, "completition_cost": 0.0, "overshoot_cost": 50.96469000967916, "power_cost": 15.200213403320314, "noise_cost": 14.842067035490574, "n_waypoints_completed": 9, "tot_waypoints": 9}}
{"target": -255.10051759897505, "params": {"k_pid_pos": [1.8922997940790476, 0.024859491386256316, 0.6250867496839783], "k_pid_alt": [0.3962738159349328, 0.8984722875703363, 0.1576465649121419], "k_pid_att": [25.463483275157817, 1.4953935029224072, 0.73590781336997], "k_pid_yaw": [0.5, 1e-06, 0.1], "k_pid_hsp": [2.1598229789125103, 0.1531003758033771, 0.01], "k_pid_vsp": [110.56511661686339, 346.7220933136474, 1.0]}, "datetime": {"datetime": "2025-08-21 19:25:32", "elapsed": 38449.0155313015, "delta": 23.990612745285034}, "costs": {"total_cost": 255.10051759897505, "time_cost": 98.352, "final_distance_cost": 1.7590149491091107, "oscillation_cost": 63.066143478318196, "completition_cost": 0.0, "overshoot_cost": 60.891026151678524, "power_cost": 16.560674426269532, "noise_cost": 14.47165859359966, "n_waypoints_completed": 9, "tot_waypoints": 9}}
{"target": -183.13113062145055, "params": {"k_pid_pos": [1.8922997940790476, 0.024859491386256316, 0.42495672118777295], "k_pid_alt": [1.85112020821355, 0.0, 0.1576465649121419], "k_pid_att": [58.989274729095186, 5.859554809351448, 0.9808211468183533], "k_pid_yaw": [0.5, 1e-06, 0.1], "k_pid_hsp": [1.606987810134683, 0.08333843891839088, 0.01], "k_pid_vsp": [110.56511661686339, 130.53254854158118, 1.0]}, "datetime": {"datetime": "2025-08-21 19:25:47", "elapsed": 38464.246846199036, "delta": 15.231314897537231}, "costs": {"total_cost": 183.13113062145055, "time_cost": 68.112, "final_distance_cost": 1.8114049448512695, "oscillation_cost": 38.634274480273916, "completition_cost": 0.0, "overshoot_cost": 49.88691790383715, "power_cost": 13.080943591308595, "noise_cost": 11.605589701179616, "n_waypoints_completed": 9, "tot_waypoints": 9}}
{"target": -180.2520481182768, "params": {"k_pid_pos": [1.8922997940790476, 0.024859491386256316, 0.6250867496839783], "k_pid_alt": [1.1098775236402525, 0.0, 0.1576465649121419], "k_pid_att": [25.463483275157817, 1.4953935029224072, 0.73590781336997], "k_pid_yaw": [0.5, 1e-06, 0.1], "k_pid_hsp": [1.606987810134683, 0.08333843891839088, 0.01], "k_pid_vsp": [110.56511661686339, 130.53254854158118, 1.0]}, "datetime": {"datetime": "2025-08-21 19:26:05", "elapsed": 38481.53755235672, "delta": 17.290706157684326}, "costs": {"total_cost": 180.2520481182768, "time_cost": 69.144, "final_distance_cost": 1.8084646088890495, "oscillation_cost": 40.34886410363158, "completition_cost": 0.0, "overshoot_cost": 49.391279328681264, "power_cost": 9.682400695800782, "noise_cost": 9.877039381274098, "n_waypoints_completed": 9, "tot_waypoints": 9}}
{"target": -191.66711649989233, "params": {"k_pid_pos": [1.8922997940790476, 0.024859491386256316, 0.42495672118777295], "k_pid_alt": [1.85112020821355, 0.0, 0.1576465649121419], "k_pid_att": [25.06356558820614, 1.6793952317322878, 0.73590781336997], "k_pid_yaw": [0.5, 1e-06, 0.1], "k_pid_hsp": [1.606987810134683, 0.08333843891839088, 0.01], "k_pid_vsp": [110.56511661686339, 130.53254854158118, 1.0]}, "datetime": {"datetime": "2025-08-21 19:26:21", "elapsed": 38497.523188591, "delta": 15.985636234283447}, "costs": {"total_cost": 191.66711649989233, "time_cost": 69.936, "final_distance_cost": 1.8179651140243276, "oscillation_cost": 41.48895935515267, "completition_cost": 0.0, "overshoot_cost": 51.20112600833401, "power_cost": 14.771498876953126, "noise_cost": 12.45156714542818, "n_waypoints_completed": 9, "tot_waypoints": 9}}
{"target": -198.15975040067653, "params": {"k_pid_pos": [1.8922997940790476, 0.024859491386256316, 0.6250867496839783], "k_pid_alt": [1.1098775236402525, 0.0, 0.1576465649121419], "k_pid_att": [25.463483275157817, 1.4953935029224072, 0.73590781336997], "k_pid_yaw": [0.5, 1e-06, 0.1], "k_pid_hsp": [1.606987810134683, 0.08333843891839088, 0.01], "k_pid_vsp": [110.56511661686339, 130.53254854158118, 1.0]}, "datetime": {"datetime": "2025-08-21 19:26:39", "elapsed": 38515.74877548218, "delta": 18.225586891174316}, "costs": {"total_cost": 198.15975040067653, "time_cost": 72.464, "final_distance_cost": 1.8086583584733167, "oscillation_cost": 43.04114540046071, "completition_cost": 0.0, "overshoot_cost": 50.87850227493016, "power_cost": 16.580712609863284, "noise_cost": 13.386731756949052, "n_waypoints_completed": 9, "tot_waypoints": 9}}
{"target": -183.648364229877, "params": {"k_pid_pos": [1.8922997940790476, 0.024859491386256316, 0.42495672118777295], "k_pid_alt": [1.85112020821355, 0.0, 0.1576465649121419], "k_pid_att": [58.989274729095186, 4.819059953965517, 0.9808211468183533], "k_pid_yaw": [0.5, 1e-06, 0.1], "k_pid_hsp": [1.606987810134683, 0.08333843891839088, 0.01], "k_pid_vsp": [110.56511661686339, 130.53254854158118, 1.0]}, "datetime": {"datetime": "2025-08-21 19:26:55", "elapsed": 38531.63262081146, "delta": 15.883845329284668}, "costs": {"total_cost": 183.648364229877, "time_cost": 68.352, "final_distance_cost": 1.8044643981729243, "oscillation_cost": 37.37533075841432, "completition_cost": 0.0, "overshoot_cost": 49.68133114825656, "power_cost": 14.269272412109375, "noise_cost": 12.165965512923806, "n_waypoints_completed": 9, "tot_waypoints": 9}}
{"target": -185.65369736717406, "params": {"k_pid_pos": [1.8922997940790476, 0.024859491386256316, 0.4406215183689992], "k_pid_alt": [1.9160597436741602, 0.0, 0.1576465649121419], "k_pid_att": [58.989274729095186, 5.859554809351448, 0.73590781336997], "k_pid_yaw": [0.5, 1e-06, 0.1], "k_pid_hsp": [1.8683835514128975, 0.1531003758033771, 0.01], "k_pid_vsp": [303.00008221409286, 59.083466427248936, 1.0]}, "datetime": {"datetime": "2025-08-21 19:27:12", "elapsed": 38549.01575565338, "delta": 17.383134841918945}, "costs": {"total_cost": 185.65369736717406, "time_cost": 68.76, "final_distance_cost": 1.8142979433604558, "oscillation_cost": 43.3083195888969, "completition_cost": 0.0, "overshoot_cost": 50.37941920322822, "power_cost": 10.763869445800783, "noise_cost": 10.627791185887666, "n_waypoints_completed": 9, "tot_waypoints": 9}}
{"target": -185.72400956217066, "params": {"k_pid_pos": [1.8922997940790476, 0.024859491386256316, 0.24811529247660413], "k_pid_alt": [1.2331807735298297, 0.0, 0.1576465649121419], "k_pid_att": [58.989274729095186, 5.859554809351448, 0.8612643910736462], "k_pid_yaw": [0.5, 1e-06, 0.1], "k_pid_hsp": [1.606987810134683, 0.3912790898693519, 0.01], "k_pid_vsp": [110.56511661686339, 130.53254854158118, 1.0]}, "datetime": {"datetime": "2025-08-21 19:27:28", "elapsed": 38565.110956430435, "delta": 16.095200777053833}, "costs": {"total_cost": 185.72400956217066, "time_cost": 68.464, "final_distance_cost": 1.8045993356927403, "oscillation_cost": 45.5712421911692, "completition_cost": 0.0, "overshoot_cost": 50.146771639894816, "power_cost": 9.833100585937501, "noise_cost": 9.90429580947641, "n_waypoints_completed": 9, "tot_waypoints": 9}}
