{"target": -930.2141596880683, "params": {"k_pid_pos": [1.3885554450422086, 0.5811166092209024, 0.19977565166005762], "k_pid_alt": [0.9050158630487681, 0.7154071296158017, 0.1], "k_pid_att": [20.0, 1.0, 0.015805555440133845], "k_pid_yaw": [0.5, 1e-06, 0.1], "k_pid_hsp": [1.0, 0.9454165724399485, 0.01], "k_pid_vsp": [150.0, 169.4620487965869, 1.0]}, "datetime": {"datetime": "2025-08-21 09:40:37", "elapsed": 3354.352893590927, "delta": 29.6195969581604}, "costs": {"total_cost": 930.2141596880683, "time_cost": 150, "final_distance_cost": 47.48016799252833, "oscillation_cost": 84.44152644226978, "completition_cost": 555.5555555555555, "overshoot_cost": 48.99402411948832, "power_cost": 24.56853575439453, "noise_cost": 19.174349823831818, "n_waypoints_completed": 4, "tot_waypoints": 9}}
{"target": -214.380773923076, "params": {"k_pid_pos": [1.8624793477566346, 0.04925411992759399, 0.3736141384595716], "k_pid_alt": [0.7, 0.0, 0.1], "k_pid_att": [20.0, 1.0, 0.01], "k_pid_yaw": [0.5, 1e-06, 0.1], "k_pid_hsp": [1.0, 0.01, 0.01], "k_pid_vsp": [150.0, 156.73508457218338, 1.0]}, "datetime": {"datetime": "2025-08-21 09:40:55", "elapsed": 3372.286447286606, "delta": 17.93355369567871}, "costs": {"total_cost": 214.380773923076, "time_cost": 71.896, "final_distance_cost": 1.8116169496402528, "oscillation_cost": 63.879084792957876, "completition_cost": 0.0, "overshoot_cost": 50.62600096552332, "power_cost": 14.037843786621094, "noise_cost": 12.130227428333425, "n_waypoints_completed": 9, "tot_waypoints": 9}}
{"target": -299.2875371825901, "params": {"k_pid_pos": [1.8624793477566346, 0.04925411992759399, 0.3736141384595716], "k_pid_alt": [0.7, 0.0, 0.7389840039155418], "k_pid_att": [13.105775155731326, 1.2376256611230811, 0.9275625510065076], "k_pid_yaw": [0.5, 1e-06, 0.1], "k_pid_hsp": [7.650267549339912, 0.4946002239744529, 0.28472008233793555], "k_pid_vsp": [61.44535807682345, 46.19602635065192, 8.459207513427996]}, "datetime": {"datetime": "2025-08-21 09:41:20", "elapsed": 3397.431673526764, "delta": 25.14522624015808}, "costs": {"total_cost": 299.2875371825901, "time_cost": 84.688, "final_distance_cost": 1.845219748124245, "oscillation_cost": 139.80467996569942, "completition_cost": 0.0, "overshoot_cost": 49.3973764573799, "power_cost": 11.827901123046875, "noise_cost": 11.724359888339603, "n_waypoints_completed": 9, "tot_waypoints": 9}}
{"target": -411.1016747923753, "params": {"k_pid_pos": [0.7, 0.01, 0.09], "k_pid_alt": [0.7, 0.7553301727947445, 0.14033959706391264], "k_pid_att": [41.91143193163038, 9.662322498240602, 0.9275625510065076], "k_pid_yaw": [0.5, 1e-06, 0.1], "k_pid_hsp": [3.9758421804300244, 0.2145846728195292, 0.40852864372463615], "k_pid_vsp": [371.06736098168864, 93.57579511219681, 43.299777481693376]}, "datetime": {"datetime": "2025-08-21 09:41:46", "elapsed": 3422.4604330062866, "delta": 25.028759479522705}, "costs": {"total_cost": 411.1016747923753, "time_cost": 91.768, "final_distance_cost": 1.7413293306837032, "oscillation_cost": 221.63410169311217, "completition_cost": 0.0, "overshoot_cost": 59.40519199622775, "power_cost": 21.02091629638672, "noise_cost": 15.53213547596498, "n_waypoints_completed": 9, "tot_waypoints": 9}}
{"target": -235.2460045987041, "params": {"k_pid_pos": [1.849624377781123, 0.16606263241397312, 0.5551980423268247], "k_pid_alt": [1.2679502233621702, 0.02520494712616217, 0.1], "k_pid_att": [20.0, 1.0, 0.01], "k_pid_yaw": [0.5, 1e-06, 0.1], "k_pid_hsp": [1.0, 0.01, 0.01], "k_pid_vsp": [150.0, 10.0, 1.0]}, "datetime": {"datetime": "2025-08-21 09:42:07", "elapsed": 3443.5702154636383, "delta": 21.109782457351685}, "costs": {"total_cost": 235.2460045987041, "time_cost": 77.08800000000001, "final_distance_cost": 1.8015240407398334, "oscillation_cost": 77.69967431926779, "completition_cost": 0.0, "overshoot_cost": 51.48004018889461, "power_cost": 14.216611987304688, "noise_cost": 12.960154062497207, "n_waypoints_completed": 9, "tot_waypoints": 9}}
{"target": -244.0031891538228, "params": {"k_pid_pos": [0.7, 0.01, 0.09], "k_pid_alt": [0.7, 0.7553301727947445, 0.45577628983361107], "k_pid_att": [99.42691791632828, 3.0596356458441103, 0.6562296481050006], "k_pid_yaw": [0.5, 1e-06, 0.1], "k_pid_hsp": [7.7018924757468845, 0.01, 0.01], "k_pid_vsp": [378.2079564087626, 110.36953754040144, 1.0]}, "datetime": {"datetime": "2025-08-21 09:42:33", "elapsed": 3470.274830341339, "delta": 26.704614877700806}, "costs": {"total_cost": 244.0031891538228, "time_cost": 90.128, "final_distance_cost": 1.818509462796972, "oscillation_cost": 66.34210320264428, "completition_cost": 0.0, "overshoot_cost": 56.88169983100894, "power_cost": 15.291373937988283, "noise_cost": 13.541502719384338, "n_waypoints_completed": 9, "tot_waypoints": 9}}
{"target": -277.1105084973808, "params": {"k_pid_pos": [1.8624793477566346, 0.04925411992759399, 0.3736141384595716], "k_pid_alt": [0.7, 0.7154071296158017, 0.1], "k_pid_att": [20.0, 1.0, 0.01], "k_pid_yaw": [0.5, 1e-06, 0.1], "k_pid_hsp": [1.0, 0.01, 0.01], "k_pid_vsp": [150.0, 10.0, 1.0]}, "datetime": {"datetime": "2025-08-21 09:42:58", "elapsed": 3495.242602586746, "delta": 24.967772245407104}, "costs": {"total_cost": 277.1105084973808, "time_cost": 94.424, "final_distance_cost": 1.7617027535022463, "oscillation_cost": 92.91539020535254, "completition_cost": 0.0, "overshoot_cost": 58.83232884841884, "power_cost": 15.559917407226564, "noise_cost": 13.617169282880576, "n_waypoints_completed": 9, "tot_waypoints": 9}}
{"target": -713.5869653872744, "params": {"k_pid_pos": [1.3885554450422086, 0.12011063010138434, 0.9898230692048735], "k_pid_alt": [0.26508416190282724, 0.0, 0.1], "k_pid_att": [20.0, 1.0, 0.01], "k_pid_yaw": [0.5, 1e-06, 0.1], "k_pid_hsp": [1.0, 0.01, 0.01], "k_pid_vsp": [150.0, 10.0, 1.0]}, "datetime": {"datetime": "2025-08-21 09:43:28", "elapsed": 3525.344123363495, "delta": 30.101520776748657}, "costs": {"total_cost": 713.5869653872744, "time_cost": 150, "final_distance_cost": 67.74543251980138, "oscillation_cost": 196.0426431745653, "completition_cost": 222.2222222222222, "overshoot_cost": 43.89080944486771, "power_cost": 18.366471533203125, "noise_cost": 15.3193864926146, "n_waypoints_completed": 7, "tot_waypoints": 9}}
{"target": -218.86283660557328, "params": {"k_pid_pos": [1.8624793477566346, 0.04925411992759399, 0.3736141384595716], "k_pid_alt": [0.7, 0.0, 0.1], "k_pid_att": [20.0, 1.0, 0.01], "k_pid_yaw": [0.5, 1e-06, 0.1], "k_pid_hsp": [1.0, 0.01, 0.01], "k_pid_vsp": [150.0, 10.0, 1.0]}, "datetime": {"datetime": "2025-08-21 09:43:48", "elapsed": 3544.794907093048, "delta": 19.450783729553223}, "costs": {"total_cost": 218.86283660557328, "time_cost": 74.2, "final_distance_cost": 1.8107791655060577, "oscillation_cost": 65.76722274772115, "completition_cost": 0.0, "overshoot_cost": 51.778047112698786, "power_cost": 13.346022229003907, "noise_cost": 11.960765350643346, "n_waypoints_completed": 9, "tot_waypoints": 9}}
{"target": -201.27427407268542, "params": {"k_pid_pos": [1.3885554450422086, 0.024859491386256316, 0.11401919133455096], "k_pid_alt": [1.2679502233621702, 0.0, 0.1], "k_pid_att": [20.0, 1.0, 0.01], "k_pid_yaw": [0.5, 1e-06, 0.1], "k_pid_hsp": [1.0, 0.01, 0.01], "k_pid_vsp": [150.0, 15.500533572620455, 1.0]}, "datetime": {"datetime": "2025-08-21 09:44:07", "elapsed": 3563.6563444137573, "delta": 18.86143732070923}, "costs": {"total_cost": 201.27427407268542, "time_cost": 69.648, "final_distance_cost": 1.8033145487391806, "oscillation_cost": 55.25530386541377, "completition_cost": 0.0, "overshoot_cost": 51.46554368370187, "power_cost": 11.927739025878907, "noise_cost": 11.174372948951698, "n_waypoints_completed": 9, "tot_waypoints": 9}}
{"target": -228.43317499277475, "params": {"k_pid_pos": [1.849624377781123, 0.16606263241397312, 0.5551980423268247], "k_pid_alt": [1.2679502233621702, 0.7553301727947445, 0.45577628983361107], "k_pid_att": [20.236336479523032, 3.6888469195366334, 0.9274604585040267], "k_pid_yaw": [0.5, 1e-06, 0.1], "k_pid_hsp": [1.0, 0.01, 0.01], "k_pid_vsp": [378.2079564087626, 10.0, 1.0]}, "datetime": {"datetime": "2025-08-21 09:44:36", "elapsed": 3593.0767896175385, "delta": 29.420445203781128}, "costs": {"total_cost": 228.43317499277475, "time_cost": 86.592, "final_distance_cost": 1.7694502081336905, "oscillation_cost": 52.67609667599444, "completition_cost": 0.0, "overshoot_cost": 55.30390181025624, "power_cost": 17.718213757324218, "noise_cost": 14.373512541066205, "n_waypoints_completed": 9, "tot_waypoints": 9}}
{"target": -227.90415948066297, "params": {"k_pid_pos": [1.3885554450422086, 0.12011063010138434, 0.9898230692048735], "k_pid_alt": [0.26508416190282724, 0.7154071296158017, 0.1], "k_pid_att": [20.0, 1.0, 0.42909887146925685], "k_pid_yaw": [0.5, 1e-06, 0.1], "k_pid_hsp": [1.0, 0.01, 0.01], "k_pid_vsp": [224.80366988514712, 10.0, 1.0]}, "datetime": {"datetime": "2025-08-21 09:45:00", "elapsed": 3617.0319187641144, "delta": 23.955129146575928}, "costs": {"total_cost": 227.90415948066297, "time_cost": 89.888, "final_distance_cost": 1.7922235820535846, "oscillation_cost": 45.289192679328046, "completition_cost": 0.0, "overshoot_cost": 62.962064952221176, "power_cost": 14.841966906738282, "noise_cost": 13.13071136032187, "n_waypoints_completed": 9, "tot_waypoints": 9}}
{"target": -205.31390483881535, "params": {"k_pid_pos": [1.849624377781123, 0.16606263241397312, 0.5551980423268247], "k_pid_alt": [1.2679502233621702, 0.5561902967977893, 0.45577628983361107], "k_pid_att": [20.236336479523032, 3.0596356458441103, 0.9274604585040267], "k_pid_yaw": [0.5, 1e-06, 0.1], "k_pid_hsp": [1.0, 0.01, 0.01], "k_pid_vsp": [378.2079564087626, 355.21150340299164, 1.0]}, "datetime": {"datetime": "2025-08-21 09:45:29", "elapsed": 3645.7641608715057, "delta": 28.732242107391357}, "costs": {"total_cost": 205.31390483881535, "time_cost": 78.848, "final_distance_cost": 1.7359045556333557, "oscillation_cost": 45.75129508873185, "completition_cost": 0.0, "overshoot_cost": 51.09796778148587, "power_cost": 15.144595166015625, "noise_cost": 12.736142246948656, "n_waypoints_completed": 9, "tot_waypoints": 9}}
{"target": -215.91135372521893, "params": {"k_pid_pos": [1.8624793477566346, 0.04925411992759399, 0.3736141384595716], "k_pid_alt": [0.7, 0.0, 0.1], "k_pid_att": [20.0, 7.284845820832624, 0.004857337777279036], "k_pid_yaw": [0.5, 1e-06, 0.1], "k_pid_hsp": [1.0, 0.01, 0.01], "k_pid_vsp": [150.0, 10.0, 1.0]}, "datetime": {"datetime": "2025-08-21 09:45:56", "elapsed": 3672.5876529216766, "delta": 26.8234920501709}, "costs": {"total_cost": 215.91135372521893, "time_cost": 72.608, "final_distance_cost": 1.8266885614292425, "oscillation_cost": 71.14502486779352, "completition_cost": 0.0, "overshoot_cost": 50.85487125694332, "power_cost": 9.60710078125, "noise_cost": 9.869668257802852, "n_waypoints_completed": 9, "tot_waypoints": 9}}
{"target": -609.8709331238767, "params": {"k_pid_pos": [1.3368390832847643, 0.3846834726613414, 0.5652361064811888], "k_pid_alt": [1.5299977148320512, 0.6347183200005908, 0.5535794006579958], "k_pid_att": [22.592895791678245, 9.597749245839971, 0.9274604585040267], "k_pid_yaw": [0.5, 1e-06, 0.1], "k_pid_hsp": [0.669873433518586, 0.468231405693584, 0.2627295964148335], "k_pid_vsp": [111.20884264032553, 10.0, 1.0]}, "datetime": {"datetime": "2025-08-21 09:46:24", "elapsed": 3700.779311656952, "delta": 28.19165873527527}, "costs": {"total_cost": 609.8709331238767, "time_cost": 150, "final_distance_cost": 54.68502012932013, "oscillation_cost": 200.4817802220559, "completition_cost": 111.11111111111116, "overshoot_cost": 59.890217194063396, "power_cost": 18.370510156250003, "noise_cost": 15.332294311076136, "n_waypoints_completed": 8, "tot_waypoints": 9}}
{"target": -353.4104167962319, "params": {"k_pid_pos": [1.8624793477566346, 0.04925411992759399, 0.3736141384595716], "k_pid_alt": [0.7, 0.0, 0.1], "k_pid_att": [20.0, 1.0, 0.01], "k_pid_yaw": [0.5, 1e-06, 0.1], "k_pid_hsp": [1.0, 0.01, 0.17031908811182894], "k_pid_vsp": [291.1523567994088, 379.71740925440946, 1.0]}, "datetime": {"datetime": "2025-08-21 09:46:49", "elapsed": 3725.8296036720276, "delta": 25.050292015075684}, "costs": {"total_cost": 353.4104167962319, "time_cost": 76.56, "final_distance_cost": 1.8072664884432528, "oscillation_cost": 191.84850925032728, "completition_cost": 0.0, "overshoot_cost": 51.79570813156499, "power_cost": 17.55741522216797, "noise_cost": 13.84151770372849, "n_waypoints_completed": 9, "tot_waypoints": 9}}
{"target": -1419.985345760307, "params": {"k_pid_pos": [0.11267199708268416, 0.04925411992759399, 0.3736141384595716], "k_pid_alt": [0.7, 0.0, 0.1], "k_pid_att": [20.0, 1.0, 0.01], "k_pid_yaw": [0.5, 1e-06, 0.1], "k_pid_hsp": [1.0, 0.01, 0.47764876957297075], "k_pid_vsp": [150.0, 10.0, 1.0]}, "datetime": {"datetime": "2025-08-21 09:47:19", "elapsed": 3755.4879291057587, "delta": 29.65832543373108}, "costs": {"total_cost": 1419.985345760307, "time_cost": 150, "final_distance_cost": 54.16402264156048, "oscillation_cost": 454.45089804958485, "completition_cost": 666.6666666666667, "overshoot_cost": 60.05704328846165, "power_cost": 18.98183104248047, "noise_cost": 15.66488407155268, "n_waypoints_completed": 3, "tot_waypoints": 9}}
{"target": -221.86117629812662, "params": {"k_pid_pos": [1.8624793477566346, 0.04925411992759399, 0.3736141384595716], "k_pid_alt": [0.7, 0.0, 0.1], "k_pid_att": [20.0, 1.0, 0.01], "k_pid_yaw": [0.5, 1e-06, 0.1], "k_pid_hsp": [1.0, 0.01, 0.01], "k_pid_vsp": [150.0, 10.0, 1.0]}, "datetime": {"datetime": "2025-08-21 09:47:38", "elapsed": 3774.4995815753937, "delta": 19.01165246963501}, "costs": {"total_cost": 221.86117629812662, "time_cost": 73.88, "final_distance_cost": 1.8139688222603556, "oscillation_cost": 69.68077397567376, "completition_cost": 0.0, "overshoot_cost": 51.26886259760808, "power_cost": 13.396505493164064, "noise_cost": 11.821065409420395, "n_waypoints_completed": 9, "tot_waypoints": 9}}
{"target": -290.6756521770126, "params": {"k_pid_pos": [1.849624377781123, 0.7480709590798926, 0.5921328249036668], "k_pid_alt": [1.2679502233621702, 0.7553301727947445, 0.5951893521254259], "k_pid_att": [20.0, 1.0, 0.01], "k_pid_yaw": [0.5, 1e-06, 0.1], "k_pid_hsp": [1.0, 0.01, 0.01], "k_pid_vsp": [150.0, 10.0, 1.0]}, "datetime": {"datetime": "2025-08-21 09:48:04", "elapsed": 3800.4931716918945, "delta": 25.993590116500854}, "costs": {"total_cost": 290.6756521770126, "time_cost": 89.776, "final_distance_cost": 1.7339388937445739, "oscillation_cost": 114.48021340335393, "completition_cost": 0.0, "overshoot_cost": 54.720364942179714, "power_cost": 15.601455334472657, "noise_cost": 14.363679603261714, "n_waypoints_completed": 9, "tot_waypoints": 9}}
{"target": -1324.1564651117778, "params": {"k_pid_pos": [1.849624377781123, 0.024859491386256316, 0.44963268842268056], "k_pid_alt": [1.6444270921876138, 0.0, 0.45577628983361107], "k_pid_att": [20.236336479523032, 3.0596356458441103, 0.9274604585040267], "k_pid_yaw": [0.5, 1e-06, 0.1], "k_pid_hsp": [1.0, 0.01, 0.01], "k_pid_vsp": [378.2079564087626, 10.0, 372.58477179209376]}, "datetime": {"datetime": "2025-08-21 09:48:31", "elapsed": 3828.068984746933, "delta": 27.575813055038452}, "costs": {"total_cost": 1324.1564651117778, "time_cost": 150, "final_distance_cost": 1.0013323264095255, "oscillation_cost": 22.58250642892316, "completition_cost": 1000.0, "overshoot_cost": 130.3029424761666, "power_cost": 2.5993583740234376, "noise_cost": 17.67032550625494, "n_waypoints_completed": 0, "tot_waypoints": 9}}
{"target": -482.16446579639006, "params": {"k_pid_pos": [1.8624793477566346, 0.11973358850112281, 0.6918470612856529], "k_pid_alt": [0.17541802382153682, 0.6578632850405278, 0.4186083007903795], "k_pid_att": [13.105775155731326, 5.156922816475868, 0.9274604585040267], "k_pid_yaw": [0.5, 1e-06, 0.1], "k_pid_hsp": [1.0, 0.01, 0.01], "k_pid_vsp": [378.2079564087626, 10.0, 1.0]}, "datetime": {"datetime": "2025-08-21 09:48:58", "elapsed": 3854.688946723938, "delta": 26.619961977005005}, "costs": {"total_cost": 482.16446579639006, "time_cost": 150, "final_distance_cost": 66.77258283032016, "oscillation_cost": 52.67356775058291, "completition_cost": 111.11111111111116, "overshoot_cost": 57.95148110301478, "power_cost": 24.820829956054688, "noise_cost": 18.834893045306366, "n_waypoints_completed": 8, "tot_waypoints": 9}}
{"target": -205.94791416931847, "params": {"k_pid_pos": [1.849624377781123, 0.16606263241397312, 0.5551980423268247], "k_pid_alt": [1.2679502233621702, 0.7553301727947445, 0.45577628983361107], "k_pid_att": [40.4276456330449, 3.0596356458441103, 0.9274604585040267], "k_pid_yaw": [0.5, 1e-06, 0.1], "k_pid_hsp": [1.0, 0.01, 0.01], "k_pid_vsp": [111.20884264032553, 10.0, 1.0]}, "datetime": {"datetime": "2025-08-21 09:49:25", "elapsed": 3882.3865480422974, "delta": 27.697601318359375}, "costs": {"total_cost": 205.94791416931847, "time_cost": 81.24, "final_distance_cost": 1.7633013529146422, "oscillation_cost": 51.71695457265899, "completition_cost": 0.0, "overshoot_cost": 52.621931125189086, "power_cost": 8.900327197265625, "noise_cost": 9.705399921290148, "n_waypoints_completed": 9, "tot_waypoints": 9}}
{"target": -226.2653160032456, "params": {"k_pid_pos": [0.7, 0.5922749504444044, 0.09], "k_pid_alt": [0.7, 0.0, 0.1], "k_pid_att": [20.0, 1.0, 0.01], "k_pid_yaw": [0.5, 1e-06, 0.1], "k_pid_hsp": [1.0, 0.01, 0.01], "k_pid_vsp": [150.0, 57.202961387546644, 1.0]}, "datetime": {"datetime": "2025-08-21 09:49:52", "elapsed": 3909.2126157283783, "delta": 26.826067686080933}, "costs": {"total_cost": 226.2653160032456, "time_cost": 86.872, "final_distance_cost": 1.7588951724966457, "oscillation_cost": 59.684199659540226, "completition_cost": 0.0, "overshoot_cost": 51.12510914192015, "power_cost": 13.946828332519532, "noise_cost": 12.878283696769007, "n_waypoints_completed": 9, "tot_waypoints": 9}}
{"target": -206.86002195343528, "params": {"k_pid_pos": [1.3885554450422086, 0.024859491386256316, 0.11401919133455096], "k_pid_alt": [1.2679502233621702, 0.0, 0.1], "k_pid_att": [20.0, 1.0, 0.01], "k_pid_yaw": [0.5, 1e-06, 0.1], "k_pid_hsp": [1.0, 0.01, 0.01], "k_pid_vsp": [150.0, 15.500533572620455, 1.0]}, "datetime": {"datetime": "2025-08-21 09:50:13", "elapsed": 3930.359717607498, "delta": 21.147101879119873}, "costs": {"total_cost": 206.86002195343528, "time_cost": 70.288, "final_distance_cost": 1.8016645684084132, "oscillation_cost": 53.46488509677869, "completition_cost": 0.0, "overshoot_cost": 51.395263425446764, "power_cost": 16.456052160644532, "noise_cost": 13.454156702156896, "n_waypoints_completed": 9, "tot_waypoints": 9}}
{"target": -205.33144495621147, "params": {"k_pid_pos": [1.849624377781123, 0.16606263241397312, 0.5551980423268247], "k_pid_alt": [1.2679502233621702, 0.5561902967977893, 0.45577628983361107], "k_pid_att": [20.236336479523032, 3.0596356458441103, 0.9274604585040267], "k_pid_yaw": [0.5, 1e-06, 0.1], "k_pid_hsp": [1.0, 0.01, 0.01], "k_pid_vsp": [378.2079564087626, 355.21150340299164, 1.0]}, "datetime": {"datetime": "2025-08-21 09:50:39", "elapsed": 3955.7610738277435, "delta": 25.40135622024536}, "costs": {"total_cost": 205.33144495621147, "time_cost": 78.72800000000001, "final_distance_cost": 1.771589865485204, "oscillation_cost": 45.76647869199209, "completition_cost": 0.0, "overshoot_cost": 51.39035726716136, "power_cost": 15.064298449707032, "noise_cost": 12.610720681865798, "n_waypoints_completed": 9, "tot_waypoints": 9}}
{"target": -221.91041671562905, "params": {"k_pid_pos": [1.849624377781123, 0.16606263241397312, 0.5551980423268247], "k_pid_alt": [1.2679502233621702, 0.7553301727947445, 0.45577628983361107], "k_pid_att": [40.4276456330449, 3.0596356458441103, 0.9274604585040267], "k_pid_yaw": [0.5, 1e-06, 0.1], "k_pid_hsp": [1.0, 0.01, 0.01], "k_pid_vsp": [111.20884264032553, 10.0, 1.0]}, "datetime": {"datetime": "2025-08-21 09:51:01", "elapsed": 3978.3000843524933, "delta": 22.539010524749756}, "costs": {"total_cost": 221.91041671562905, "time_cost": 84.36, "final_distance_cost": 1.7353970769853013, "oscillation_cost": 51.636862067912084, "completition_cost": 0.0, "overshoot_cost": 53.82023398232439, "power_cost": 16.603011401367187, "noise_cost": 13.75491218704009, "n_waypoints_completed": 9, "tot_waypoints": 9}}
{"target": -697.4696356827101, "params": {"k_pid_pos": [1.734860336611219, 0.5811166092209024, 0.19977565166005762], "k_pid_alt": [1.3483903848896324, 0.7154071296158017, 0.47530561788360415], "k_pid_att": [13.105775155731326, 1.2376256611230811, 0.9274604585040267], "k_pid_yaw": [0.5, 1e-06, 0.1], "k_pid_hsp": [1.0, 0.9233026902578786, 0.01], "k_pid_vsp": [111.20884264032553, 10.0, 1.0]}, "datetime": {"datetime": "2025-08-21 09:51:31", "elapsed": 4008.241931915283, "delta": 29.941847562789917}, "costs": {"total_cost": 697.4696356827101, "time_cost": 150, "final_distance_cost": 50.36652908435888, "oscillation_cost": 73.1032478150534, "completition_cost": 333.33333333333337, "overshoot_cost": 55.304113693616365, "power_cost": 19.00389156494141, "noise_cost": 16.358520191406626, "n_waypoints_completed": 6, "tot_waypoints": 9}}
{"target": -228.79980568708856, "params": {"k_pid_pos": [1.849624377781123, 0.16606263241397312, 0.6830149564489978], "k_pid_alt": [1.2679502233621702, 0.7553301727947445, 0.45577628983361107], "k_pid_att": [94.03514125381805, 3.0596356458441103, 0.9275625510065076], "k_pid_yaw": [0.5, 1e-06, 0.1], "k_pid_hsp": [1.0, 0.01, 0.01], "k_pid_vsp": [150.0, 93.09285943774285, 1.0]}, "datetime": {"datetime": "2025-08-21 09:52:00", "elapsed": 4036.5511198043823, "delta": 28.30918788909912}, "costs": {"total_cost": 228.79980568708856, "time_cost": 86.544, "final_distance_cost": 1.7172561480067945, "oscillation_cost": 51.444827915959586, "completition_cost": 0.0, "overshoot_cost": 54.6393727947278, "power_cost": 19.31563377685547, "noise_cost": 15.138715051538913, "n_waypoints_completed": 9, "tot_waypoints": 9}}
