{"target": -183.74598245718485, "params": {"k_pid_pos": [1.8922997940790476, 0.024859491386256316, 0.42495672118777295], "k_pid_alt": [1.85112020821355, 0.0, 0.1576465649121419], "k_pid_att": [63.45214009056577, 4.077532668255645, 0.9808211468183533], "k_pid_yaw": [0.5, 1e-06, 0.1], "k_pid_hsp": [1.606987810134683, 0.08333843891839088, 0.01], "k_pid_vsp": [110.56511661686339, 130.53254854158118, 1.0]}, "datetime": {"datetime": "2025-08-21 20:30:50", "elapsed": 42366.60670495033, "delta": 16.10630440711975}, "costs": {"total_cost": 183.74598245718485, "time_cost": 68.19200000000001, "final_distance_cost": 1.8181529695736915, "oscillation_cost": 39.61085905456163, "completition_cost": 0.0, "overshoot_cost": 50.346559064414535, "power_cost": 12.424657373046875, "noise_cost": 11.353753995588148, "n_waypoints_completed": 9, "tot_waypoints": 9}}
{"target": -219.32033461478773, "params": {"k_pid_pos": [1.8922997940790476, 0.024859491386256316, 0.11242249713100771], "k_pid_alt": [1.85112020821355, 0.0, 0.1576465649121419], "k_pid_att": [63.45214009056577, 4.077532668255645, 0.9808211468183533], "k_pid_yaw": [0.5, 1e-06, 0.1], "k_pid_hsp": [1.606987810134683, 0.9096432186945209, 0.13829034581553945], "k_pid_vsp": [394.6113025542496, 130.53254854158118, 1.0]}, "datetime": {"datetime": "2025-08-21 20:31:08", "elapsed": 42384.94875907898, "delta": 18.34205412864685}, "costs": {"total_cost": 219.32033461478773, "time_cost": 70.872, "final_distance_cost": 1.7850395214001196, "oscillation_cost": 73.85048319513211, "completition_cost": 0.0, "overshoot_cost": 51.94702482336944, "power_cost": 10.448808544921876, "noise_cost": 10.41697852996416, "n_waypoints_completed": 9, "tot_waypoints": 9}}
{"target": -198.59103577044277, "params": {"k_pid_pos": [1.8922997940790476, 0.024859491386256316, 0.42495672118777295], "k_pid_alt": [1.85112020821355, 0.0, 0.1576465649121419], "k_pid_att": [74.86132892719988, 2.771467938851939, 0.73590781336997], "k_pid_yaw": [0.5, 1e-06, 0.1], "k_pid_hsp": [1.606987810134683, 0.5904477871505759, 0.01], "k_pid_vsp": [110.56511661686339, 20.252314050740118, 1.0]}, "datetime": {"datetime": "2025-08-21 20:31:24", "elapsed": 42400.93056178093, "delta": 15.981802701950073}, "costs": {"total_cost": 198.59103577044277, "time_cost": 71.328, "final_distance_cost": 1.8063861908733019, "oscillation_cost": 48.007414859840544, "completition_cost": 0.0, "overshoot_cost": 50.97380935009618, "power_cost": 14.08024041748047, "noise_cost": 12.395184952152281, "n_waypoints_completed": 9, "tot_waypoints": 9}}
{"target": -216.34541818778365, "params": {"k_pid_pos": [1.8922997940790476, 0.024859491386256316, 0.42495672118777295], "k_pid_alt": [1.85112020821355, 0.5603304823292007, 0.1576465649121419], "k_pid_att": [63.45214009056577, 4.077532668255645, 0.9808211468183533], "k_pid_yaw": [0.5, 1e-06, 0.1], "k_pid_hsp": [1.606987810134683, 0.08333843891839088, 0.01], "k_pid_vsp": [110.56511661686339, 130.53254854158118, 1.0]}, "datetime": {"datetime": "2025-08-21 20:31:44", "elapsed": 42421.34076499939, "delta": 20.410203218460083}, "costs": {"total_cost": 216.34541818778365, "time_cost": 80.144, "final_distance_cost": 1.761894020918639, "oscillation_cost": 52.629274542131476, "completition_cost": 0.0, "overshoot_cost": 51.89640871019449, "power_cost": 16.394636755371096, "noise_cost": 13.519204159167948, "n_waypoints_completed": 9, "tot_waypoints": 9}}
{"target": -1234.9891957641967, "params": {"k_pid_pos": [0.820988891656435, 0.024859491386256316, 0.42495672118777295], "k_pid_alt": [0.9020104990244227, 0.0, 0.1576465649121419], "k_pid_att": [25.463483275157817, 1.1105074131954076, 0.73590781336997], "k_pid_yaw": [0.5, 1e-06, 0.1], "k_pid_hsp": [1.606987810134683, 0.08333843891839088, 0.01], "k_pid_vsp": [110.56511661686339, 130.53254854158118, 286.57010988049694]}, "datetime": {"datetime": "2025-08-21 20:32:07", "elapsed": 42444.213218450546, "delta": 22.872453451156616}, "costs": {"total_cost": 1234.9891957641967, "time_cost": 150, "final_distance_cost": 52.133382885478866, "oscillation_cost": 28.421504551854042, "completition_cost": 888.8888888888888, "overshoot_cost": 92.02224511788641, "power_cost": 8.63306219482422, "noise_cost": 14.890112125264277, "n_waypoints_completed": 1, "tot_waypoints": 9}}
{"target": -233.01069020880465, "params": {"k_pid_pos": [1.8922997940790476, 0.024859491386256316, 0.5271164669865139], "k_pid_alt": [1.3888149624867963, 0.0, 0.5933646034205271], "k_pid_att": [58.989274729095186, 5.859554809351448, 0.9808211468183533], "k_pid_yaw": [0.5, 1e-06, 0.1], "k_pid_hsp": [1.380453583829348, 0.08333843891839088, 0.1118989033410478], "k_pid_vsp": [110.56511661686339, 249.85044079645235, 1.0]}, "datetime": {"datetime": "2025-08-21 20:32:26", "elapsed": 42462.85090255737, "delta": 18.637684106826782}, "costs": {"total_cost": 233.01069020880465, "time_cost": 76.024, "final_distance_cost": 1.8107500335415423, "oscillation_cost": 68.58607588873947, "completition_cost": 0.0, "overshoot_cost": 54.76011776646968, "power_cost": 17.74787158203125, "noise_cost": 14.081874938022722, "n_waypoints_completed": 9, "tot_waypoints": 9}}
{"target": -230.39565377741428, "params": {"k_pid_pos": [1.8922997940790476, 0.8051487301469052, 0.5271164669865139], "k_pid_alt": [0.8737548644081292, 0.0, 0.7925958880414701], "k_pid_att": [39.43551947786956, 4.2484062323494, 0.9808211468183533], "k_pid_yaw": [0.5, 1e-06, 0.1], "k_pid_hsp": [1.606987810134683, 0.08333843891839088, 0.01], "k_pid_vsp": [110.56511661686339, 130.53254854158118, 1.0]}, "datetime": {"datetime": "2025-08-21 20:32:48", "elapsed": 42484.54051613808, "delta": 21.689613580703735}, "costs": {"total_cost": 230.39565377741428, "time_cost": 90.432, "final_distance_cost": 1.840234774840074, "oscillation_cost": 54.322094243728195, "completition_cost": 0.0, "overshoot_cost": 52.63549296732075, "power_cost": 16.21270358886719, "noise_cost": 14.953128202658096, "n_waypoints_completed": 9, "tot_waypoints": 9}}
{"target": -826.0497483508843, "params": {"k_pid_pos": [1.8922997940790476, 0.024859491386256316, 0.42495672118777295], "k_pid_alt": [1.85112020821355, 0.0, 0.1576465649121419], "k_pid_att": [9.353998950407705, 5.894529415990727, 0.73590781336997], "k_pid_yaw": [0.5, 1e-06, 0.1], "k_pid_hsp": [1.606987810134683, 0.08333843891839088, 0.01], "k_pid_vsp": [110.56511661686339, 130.53254854158118, 1.0]}, "datetime": {"datetime": "2025-08-21 20:33:11", "elapsed": 42508.161162137985, "delta": 23.620645999908447}, "costs": {"total_cost": 826.0497483508843, "time_cost": 150, "final_distance_cost": 48.790329438237656, "oscillation_cost": 31.938182565699044, "completition_cost": 444.4444444444444, "overshoot_cost": 67.92176420986131, "power_cost": 32.21658238525391, "noise_cost": 50.73844530738796, "n_waypoints_completed": 5, "tot_waypoints": 9}}
{"target": -189.16084903971122, "params": {"k_pid_pos": [1.8922997940790476, 0.024859491386256316, 0.42495672118777295], "k_pid_alt": [0.9020104990244227, 0.0, 0.1576465649121419], "k_pid_att": [25.463483275157817, 1.1105074131954076, 0.73590781336997], "k_pid_yaw": [0.5, 1e-06, 0.1], "k_pid_hsp": [1.606987810134683, 0.4577334205577319, 0.01], "k_pid_vsp": [110.56511661686339, 130.53254854158118, 1.0]}, "datetime": {"datetime": "2025-08-21 20:33:29", "elapsed": 42525.68496751785, "delta": 17.523805379867554}, "costs": {"total_cost": 189.16084903971122, "time_cost": 69.992, "final_distance_cost": 1.7939394850531247, "oscillation_cost": 46.36002955519638, "completition_cost": 0.0, "overshoot_cost": 49.373733419058034, "power_cost": 11.1510921875, "noise_cost": 10.490054392903659, "n_waypoints_completed": 9, "tot_waypoints": 9}}
{"target": -1181.3452010351873, "params": {"k_pid_pos": [1.8922997940790476, 0.024859491386256316, 0.11242249713100771], "k_pid_alt": [1.85112020821355, 0.0, 0.1576465649121419], "k_pid_att": [63.45214009056577, 4.077532668255645, 0.9808211468183533], "k_pid_yaw": [0.5, 1e-06, 0.1], "k_pid_hsp": [1.606987810134683, 0.08333843891839088, 0.01], "k_pid_vsp": [110.56511661686339, 130.53254854158118, 359.84651981328983]}, "datetime": {"datetime": "2025-08-21 20:33:53", "elapsed": 42550.26534962654, "delta": 24.580382108688354}, "costs": {"total_cost": 1181.3452010351873, "time_cost": 150, "final_distance_cost": 70.4849452828072, "oscillation_cost": 38.75872539351304, "completition_cost": 777.7777777777778, "overshoot_cost": 124.80619465381771, "power_cost": 6.544726428222656, "noise_cost": 12.972831499048876, "n_waypoints_completed": 2, "tot_waypoints": 9}}
{"target": -777.5996518157592, "params": {"k_pid_pos": [1.8922997940790476, 0.024859491386256316, 0.42495672118777295], "k_pid_alt": [1.85112020821355, 0.6447896631361855, 0.7925958880414701], "k_pid_att": [58.989274729095186, 4.2484062323494, 0.9808211468183533], "k_pid_yaw": [0.5, 1e-06, 0.1], "k_pid_hsp": [1.606987810134683, 0.08333843891839088, 0.9189686323367625], "k_pid_vsp": [110.56511661686339, 130.53254854158118, 1.0]}, "datetime": {"datetime": "2025-08-21 20:34:18", "elapsed": 42574.581271886826, "delta": 24.315922260284424}, "costs": {"total_cost": 777.5996518157592, "time_cost": 150, "final_distance_cost": 64.1289447498551, "oscillation_cost": 248.3611209872481, "completition_cost": 222.2222222222222, "overshoot_cost": 52.43358740203446, "power_cost": 22.833627294921875, "noise_cost": 17.620149159477485, "n_waypoints_completed": 7, "tot_waypoints": 9}}
{"target": -194.54810279429998, "params": {"k_pid_pos": [1.8922997940790476, 0.024859491386256316, 0.42495672118777295], "k_pid_alt": [1.85112020821355, 0.0, 0.7925958880414701], "k_pid_att": [58.989274729095186, 8.164782527102767, 0.9808211468183533], "k_pid_yaw": [0.5, 1e-06, 0.1], "k_pid_hsp": [1.606987810134683, 0.08333843891839088, 0.01], "k_pid_vsp": [110.56511661686339, 130.53254854158118, 1.0]}, "datetime": {"datetime": "2025-08-21 20:34:34", "elapsed": 42590.823174238205, "delta": 16.241902351379395}, "costs": {"total_cost": 194.54810279429998, "time_cost": 70.096, "final_distance_cost": 1.7929423821200148, "oscillation_cost": 43.28056930156353, "completition_cost": 0.0, "overshoot_cost": 50.63191788187357, "power_cost": 15.838667883300783, "noise_cost": 12.908005345442051, "n_waypoints_completed": 9, "tot_waypoints": 9}}
{"target": -181.52306548259907, "params": {"k_pid_pos": [1.8922997940790476, 0.024859491386256316, 0.42495672118777295], "k_pid_alt": [1.85112020821355, 0.0, 0.05010974591185968], "k_pid_att": [63.45214009056577, 4.077532668255645, 0.9808211468183533], "k_pid_yaw": [0.5, 1e-06, 0.1], "k_pid_hsp": [1.606987810134683, 0.08333843891839088, 0.01], "k_pid_vsp": [110.56511661686339, 306.5653082406949, 1.0]}, "datetime": {"datetime": "2025-08-21 20:34:50", "elapsed": 42607.040365219116, "delta": 16.217190980911255}, "costs": {"total_cost": 181.52306548259907, "time_cost": 67.83200000000001, "final_distance_cost": 1.7956206625238018, "oscillation_cost": 41.82094872780533, "completition_cost": 0.0, "overshoot_cost": 50.21759517324371, "power_cost": 9.92289930419922, "noise_cost": 9.934001614826965, "n_waypoints_completed": 9, "tot_waypoints": 9}}
{"target": -195.49203434659316, "params": {"k_pid_pos": [0.5060692904340539, 0.517989997140969, 0.42495672118777295], "k_pid_alt": [1.85112020821355, 0.0, 0.1576465649121419], "k_pid_att": [32.5006215253743, 1.4171773283956124, 0.73590781336997], "k_pid_yaw": [0.5, 1e-06, 0.1], "k_pid_hsp": [1.606987810134683, 0.08333843891839088, 0.01], "k_pid_vsp": [110.56511661686339, 130.53254854158118, 1.0]}, "datetime": {"datetime": "2025-08-21 20:35:10", "elapsed": 42627.26726460457, "delta": 20.22689938545227}, "costs": {"total_cost": 195.49203434659316, "time_cost": 78.752, "final_distance_cost": 1.805827021600374, "oscillation_cost": 35.81046455309151, "completition_cost": 0.0, "overshoot_cost": 51.198293327476954, "power_cost": 14.737105859375001, "noise_cost": 13.188343585049314, "n_waypoints_completed": 9, "tot_waypoints": 9}}
{"target": -197.98072970449812, "params": {"k_pid_pos": [1.729996457732455, 0.024859491386256316, 0.027766713950817756], "k_pid_alt": [1.85112020821355, 0.0, 0.1576465649121419], "k_pid_att": [25.463483275157817, 1.1105074131954076, 0.73590781336997], "k_pid_yaw": [0.5, 1e-06, 0.1], "k_pid_hsp": [1.606987810134683, 0.5904477871505759, 0.01], "k_pid_vsp": [192.0752855763678, 130.53254854158118, 1.0]}, "datetime": {"datetime": "2025-08-21 20:35:26", "elapsed": 42642.81334781647, "delta": 15.546083211898804}, "costs": {"total_cost": 197.98072970449812, "time_cost": 69.24, "final_distance_cost": 1.7766062549215902, "oscillation_cost": 52.050130497479195, "completition_cost": 0.0, "overshoot_cost": 50.93321922106043, "power_cost": 12.523606408691407, "noise_cost": 11.457167322345512, "n_waypoints_completed": 9, "tot_waypoints": 9}}
{"target": -207.1425280456217, "params": {"k_pid_pos": [1.2048953097984418, 0.5931963056508585, 0.42495672118777295], "k_pid_alt": [1.85112020821355, 0.0, 0.1576465649121419], "k_pid_att": [25.463483275157817, 1.1105074131954076, 0.73590781336997], "k_pid_yaw": [0.5, 1e-06, 0.1], "k_pid_hsp": [1.606987810134683, 0.08333843891839088, 0.01], "k_pid_vsp": [110.56511661686339, 130.53254854158118, 1.0]}, "datetime": {"datetime": "2025-08-21 20:35:47", "elapsed": 42663.463644981384, "delta": 20.650297164916992}, "costs": {"total_cost": 207.1425280456217, "time_cost": 81.384, "final_distance_cost": 1.773444731088306, "oscillation_cost": 41.880495045942894, "completition_cost": 0.0, "overshoot_cost": 51.25129312561687, "power_cost": 16.66699715576172, "noise_cost": 14.186297987211917, "n_waypoints_completed": 9, "tot_waypoints": 9}}
{"target": -191.1855828564635, "params": {"k_pid_pos": [1.8922997940790476, 0.3476693083007718, 0.42495672118777295], "k_pid_alt": [1.85112020821355, 0.0, 0.6797860385434875], "k_pid_att": [23.08752834258585, 4.077532668255645, 0.73590781336997], "k_pid_yaw": [0.5, 1e-06, 0.1], "k_pid_hsp": [1.606987810134683, 0.5904477871505759, 0.01], "k_pid_vsp": [110.56511661686339, 310.89645667885657, 1.0]}, "datetime": {"datetime": "2025-08-21 20:36:03", "elapsed": 42679.80935192108, "delta": 16.345706939697266}, "costs": {"total_cost": 191.1855828564635, "time_cost": 69.328, "final_distance_cost": 1.7579428940507058, "oscillation_cost": 47.32683024614376, "completition_cost": 0.0, "overshoot_cost": 49.34407426820502, "power_cost": 12.421471044921876, "noise_cost": 11.007264403142125, "n_waypoints_completed": 9, "tot_waypoints": 9}}
{"target": -195.0736173468048, "params": {"k_pid_pos": [1.8922997940790476, 0.024859491386256316, 0.8534608306708414], "k_pid_alt": [1.85112020821355, 0.0, 0.9073445435994871], "k_pid_att": [25.463483275157817, 6.338149104467201, 0.73590781336997], "k_pid_yaw": [0.5, 1e-06, 0.1], "k_pid_hsp": [1.606987810134683, 0.08333843891839088, 0.01], "k_pid_vsp": [110.56511661686339, 130.53254854158118, 1.0]}, "datetime": {"datetime": "2025-08-21 20:36:20", "elapsed": 42696.86937022209, "delta": 17.060018301010132}, "costs": {"total_cost": 195.0736173468048, "time_cost": 72.152, "final_distance_cost": 1.8406124373673447, "oscillation_cost": 41.32427969513812, "completition_cost": 0.0, "overshoot_cost": 50.40597401451203, "power_cost": 16.02613063964844, "noise_cost": 13.32462056013888, "n_waypoints_completed": 9, "tot_waypoints": 9}}
{"target": -1421.7140248497615, "params": {"k_pid_pos": [1.3983757980924527, 0.024859491386256316, 0.42495672118777295], "k_pid_alt": [1.85112020821355, 0.0, 0.1576465649121419], "k_pid_att": [74.86132892719988, 2.771467938851939, 0.73590781336997], "k_pid_yaw": [0.5, 1e-06, 0.1], "k_pid_hsp": [1.606987810134683, 0.5904477871505759, 0.7157967701039618], "k_pid_vsp": [110.56511661686339, 20.252314050740118, 310.87328120219104]}, "datetime": {"datetime": "2025-08-21 20:36:44", "elapsed": 42721.21187567711, "delta": 24.34250545501709}, "costs": {"total_cost": 1421.7140248497615, "time_cost": 150, "final_distance_cost": 74.8354989523041, "oscillation_cost": 219.8642918519992, "completition_cost": 777.7777777777778, "overshoot_cost": 121.69316131460026, "power_cost": 26.978697827148437, "noise_cost": 50.56459712593175, "n_waypoints_completed": 2, "tot_waypoints": 9}}
{"target": -181.4695651555052, "params": {"k_pid_pos": [1.8922997940790476, 0.024859491386256316, 0.42495672118777295], "k_pid_alt": [1.85112020821355, 0.0, 0.1576465649121419], "k_pid_att": [25.463483275157817, 9.679534059136797, 0.73590781336997], "k_pid_yaw": [0.5, 1e-06, 0.1], "k_pid_hsp": [1.606987810134683, 0.08333843891839088, 0.01], "k_pid_vsp": [110.56511661686339, 130.53254854158118, 1.0]}, "datetime": {"datetime": "2025-08-21 20:37:00", "elapsed": 42736.91601681709, "delta": 15.70414113998413}, "costs": {"total_cost": 181.4695651555052, "time_cost": 67.736, "final_distance_cost": 1.7895735556109444, "oscillation_cost": 42.65050255777854, "completition_cost": 0.0, "overshoot_cost": 49.917432295426615, "power_cost": 9.57629962158203, "noise_cost": 9.799757125107078, "n_waypoints_completed": 9, "tot_waypoints": 9}}
{"target": -183.05175544127883, "params": {"k_pid_pos": [1.6539202065587246, 0.024859491386256316, 0.42495672118777295], "k_pid_alt": [1.85112020821355, 0.0, 0.1576465649121419], "k_pid_att": [25.463483275157817, 1.1105074131954076, 0.73590781336997], "k_pid_yaw": [0.5, 1e-06, 0.1], "k_pid_hsp": [1.606987810134683, 0.08333843891839088, 0.01], "k_pid_vsp": [27.820441695830667, 130.53254854158118, 1.0]}, "datetime": {"datetime": "2025-08-21 20:37:17", "elapsed": 42754.34595823288, "delta": 17.429941415786743}, "costs": {"total_cost": 183.05175544127883, "time_cost": 68.672, "final_distance_cost": 1.8368467411951535, "oscillation_cost": 41.38636495291532, "completition_cost": 0.0, "overshoot_cost": 49.57277008023407, "power_cost": 11.06303748779297, "noise_cost": 10.52073617914128, "n_waypoints_completed": 9, "tot_waypoints": 9}}
{"target": -204.13628811697632, "params": {"k_pid_pos": [1.8922997940790476, 0.024859491386256316, 0.01996994222856363], "k_pid_alt": [0.9020104990244227, 0.0, 0.1576465649121419], "k_pid_att": [25.463483275157817, 1.1105074131954076, 0.73590781336997], "k_pid_yaw": [0.5, 1e-06, 0.1], "k_pid_hsp": [1.606987810134683, 0.08333843891839088, 0.01], "k_pid_vsp": [110.56511661686339, 130.53254854158118, 1.0]}, "datetime": {"datetime": "2025-08-21 20:37:34", "elapsed": 42771.33857512474, "delta": 16.992616891860962}, "costs": {"total_cost": 204.13628811697632, "time_cost": 74.952, "final_distance_cost": 1.8014775923152881, "oscillation_cost": 45.55145781639182, "completition_cost": 0.0, "overshoot_cost": 51.32667582759388, "power_cost": 16.933882385253906, "noise_cost": 13.57079449542144, "n_waypoints_completed": 9, "tot_waypoints": 9}}
{"target": -2091.4971269455928, "params": {"k_pid_pos": [1.8922997940790476, 0.024859491386256316, 0.42495672118777295], "k_pid_alt": [1.85112020821355, 0.0, 0.7925958880414701], "k_pid_att": [58.989274729095186, 4.2484062323494, 0.9808211468183533], "k_pid_yaw": [0.5, 1e-06, 0.1], "k_pid_hsp": [1.606987810134683, 0.8686130970522099, 0.01], "k_pid_vsp": [110.56511661686339, 130.53254854158118, 380.31210303127]}, "datetime": {"datetime": "2025-08-21 20:37:59", "elapsed": 42795.6206009388, "delta": 24.282025814056396}, "costs": {"total_cost": 2091.4971269455928, "time_cost": 150, "final_distance_cost": 427.570959032384, "oscillation_cost": 35.79018120169584, "completition_cost": 888.8888888888888, "overshoot_cost": 555.2463158424877, "power_cost": 18.58713983154297, "noise_cost": 15.41364214859312, "n_waypoints_completed": 1, "tot_waypoints": 9}}
{"target": -186.05323436600213, "params": {"k_pid_pos": [1.8922997940790476, 0.024859491386256316, 0.6428149468543811], "k_pid_alt": [1.85112020821355, 0.0, 0.1576465649121419], "k_pid_att": [25.463483275157817, 1.1105074131954076, 0.73590781336997], "k_pid_yaw": [0.5, 1e-06, 0.1], "k_pid_hsp": [1.606987810134683, 0.08333843891839088, 0.01], "k_pid_vsp": [110.56511661686339, 130.53254854158118, 1.0]}, "datetime": {"datetime": "2025-08-21 20:38:15", "elapsed": 42811.4597556591, "delta": 15.839154720306396}, "costs": {"total_cost": 186.05323436600213, "time_cost": 69.08, "final_distance_cost": 1.8212372255492733, "oscillation_cost": 37.98412658013284, "completition_cost": 0.0, "overshoot_cost": 50.576480508947974, "power_cost": 14.306410925292969, "noise_cost": 12.284979126079083, "n_waypoints_completed": 9, "tot_waypoints": 9}}
{"target": -182.1343419561597, "params": {"k_pid_pos": [1.8922997940790476, 0.024859491386256316, 0.11242249713100771], "k_pid_alt": [1.85112020821355, 0.0, 0.1576465649121419], "k_pid_att": [63.45214009056577, 4.077532668255645, 0.9808211468183533], "k_pid_yaw": [0.5, 1e-06, 0.1], "k_pid_hsp": [1.606987810134683, 0.08333843891839088, 0.01], "k_pid_vsp": [110.56511661686339, 130.53254854158118, 1.0]}, "datetime": {"datetime": "2025-08-21 20:38:32", "elapsed": 42828.79078578949, "delta": 17.331030130386353}, "costs": {"total_cost": 182.1343419561597, "time_cost": 67.936, "final_distance_cost": 1.7920481445287015, "oscillation_cost": 44.81275359424295, "completition_cost": 0.0, "overshoot_cost": 49.817038001258595, "power_cost": 8.562348498535156, "noise_cost": 9.214153717594264, "n_waypoints_completed": 9, "tot_waypoints": 9}}
