{"target": -392.61155525241566, "params": {"k_pid_pos": [0.2959412970898158, 0.05987593904989075, 0.37255195504867966], "k_pid_alt": [1.9160597436741602, 0.0, 0.1576465649121419], "k_pid_att": [58.989274729095186, 5.859554809351448, 0.8612643910736462], "k_pid_yaw": [0.5, 1e-06, 0.1], "k_pid_hsp": [1.606987810134683, 0.08333843891839088, 0.01], "k_pid_vsp": [110.56511661686339, 59.083466427248936, 1.0]}, "datetime": {"datetime": "2025-08-21 18:40:05", "elapsed": 35721.71853542328, "delta": 24.554001331329346}, "costs": {"total_cost": 392.61155525241566, "time_cost": 150, "final_distance_cost": 8.456267673184955, "oscillation_cost": 34.89101311213489, "completition_cost": 111.11111111111116, "overshoot_cost": 56.68209901392665, "power_cost": 15.766234887695314, "noise_cost": 15.704829454362704, "n_waypoints_completed": 8, "tot_waypoints": 9}}
{"target": -191.98148521140416, "params": {"k_pid_pos": [1.8922997940790476, 0.024859491386256316, 0.416330797462678], "k_pid_alt": [1.9160597436741602, 0.0, 0.1576465649121419], "k_pid_att": [58.989274729095186, 5.859554809351448, 0.73590781336997], "k_pid_yaw": [0.5, 1e-06, 0.1], "k_pid_hsp": [1.606987810134683, 0.1531003758033771, 0.01], "k_pid_vsp": [371.8706581382205, 59.083466427248936, 1.0]}, "datetime": {"datetime": "2025-08-21 18:40:22", "elapsed": 35739.392553567886, "delta": 17.674018144607544}, "costs": {"total_cost": 191.98148521140416, "time_cost": 70.512, "final_distance_cost": 1.7855227371530924, "oscillation_cost": 42.903707593505644, "completition_cost": 0.0, "overshoot_cost": 50.748501031951584, "power_cost": 13.899757800292969, "noise_cost": 12.131996048500868, "n_waypoints_completed": 9, "tot_waypoints": 9}}
{"target": -179.98934268619425, "params": {"k_pid_pos": [1.8922997940790476, 0.024859491386256316, 0.6250867496839783], "k_pid_alt": [1.1098775236402525, 0.0, 0.1576465649121419], "k_pid_att": [25.463483275157817, 5.859554809351448, 0.73590781336997], "k_pid_yaw": [0.5, 1e-06, 0.1], "k_pid_hsp": [1.606987810134683, 0.1531003758033771, 0.01], "k_pid_vsp": [110.56511661686339, 130.53254854158118, 1.0]}, "datetime": {"datetime": "2025-08-21 18:40:38", "elapsed": 35755.26441812515, "delta": 15.871864557266235}, "costs": {"total_cost": 179.98934268619425, "time_cost": 69.008, "final_distance_cost": 1.8256499637528085, "oscillation_cost": 40.3215935893544, "completition_cost": 0.0, "overshoot_cost": 49.510523857937045, "power_cost": 9.581788696289063, "noise_cost": 9.741786578860946, "n_waypoints_completed": 9, "tot_waypoints": 9}}
{"target": -294.51242129912066, "params": {"k_pid_pos": [1.8922997940790476, 0.024859491386256316, 0.6827225777580423], "k_pid_alt": [1.1098775236402525, 0.0, 0.1576465649121419], "k_pid_att": [58.989274729095186, 1.1166001057131414, 0.73590781336997], "k_pid_yaw": [0.5, 1e-06, 0.1], "k_pid_hsp": [1.606987810134683, 0.3511398194272549, 0.13620685733804982], "k_pid_vsp": [110.56511661686339, 59.083466427248936, 1.0]}, "datetime": {"datetime": "2025-08-21 18:40:57", "elapsed": 35773.71828818321, "delta": 18.453870058059692}, "costs": {"total_cost": 294.51242129912066, "time_cost": 76.392, "final_distance_cost": 1.7953809558113047, "oscillation_cost": 135.59581971784337, "completition_cost": 0.0, "overshoot_cost": 50.51521547456457, "power_cost": 16.54189274902344, "noise_cost": 13.672112401878017, "n_waypoints_completed": 9, "tot_waypoints": 9}}
{"target": -181.47040937328705, "params": {"k_pid_pos": [1.8922997940790476, 0.024859491386256316, 0.6250867496839783], "k_pid_alt": [0.8511837275376319, 0.0, 0.19998319442575607], "k_pid_att": [58.989274729095186, 2.1368568635634517, 0.73590781336997], "k_pid_yaw": [0.5, 1e-06, 0.1], "k_pid_hsp": [1.606987810134683, 0.1531003758033771, 0.01], "k_pid_vsp": [305.67975269326223, 59.083466427248936, 1.0]}, "datetime": {"datetime": "2025-08-21 18:41:13", "elapsed": 35790.4141972065, "delta": 16.695909023284912}, "costs": {"total_cost": 181.47040937328705, "time_cost": 70.944, "final_distance_cost": 1.8359172963458255, "oscillation_cost": 42.553949926334724, "completition_cost": 0.0, "overshoot_cost": 50.01496056916629, "power_cost": 7.470977062988282, "noise_cost": 8.650604518451916, "n_waypoints_completed": 9, "tot_waypoints": 9}}
{"target": -217.24927041242304, "params": {"k_pid_pos": [1.8922997940790476, 0.7329416078373059, 0.37255195504867966], "k_pid_alt": [1.9160597436741602, 0.0, 0.053878507660848673], "k_pid_att": [58.989274729095186, 5.859554809351448, 0.73590781336997], "k_pid_yaw": [0.5, 1e-06, 0.1], "k_pid_hsp": [1.606987810134683, 0.1531003758033771, 0.01], "k_pid_vsp": [247.62506162993122, 261.48215325333564, 1.0]}, "datetime": {"datetime": "2025-08-21 18:41:34", "elapsed": 35811.26677823067, "delta": 20.852581024169922}, "costs": {"total_cost": 217.24927041242304, "time_cost": 84.744, "final_distance_cost": 1.744453930141476, "oscillation_cost": 55.0412068232944, "completition_cost": 0.0, "overshoot_cost": 52.989417654018034, "power_cost": 11.208915100097657, "noise_cost": 11.521276904871446, "n_waypoints_completed": 9, "tot_waypoints": 9}}
{"target": -190.7097203929354, "params": {"k_pid_pos": [1.8922997940790476, 0.024859491386256316, 0.6250867496839783], "k_pid_alt": [1.1098775236402525, 0.0, 0.1576465649121419], "k_pid_att": [58.989274729095186, 5.859554809351448, 0.261380462049589], "k_pid_yaw": [0.5, 1e-06, 0.1], "k_pid_hsp": [1.606987810134683, 0.1531003758033771, 0.01], "k_pid_vsp": [104.30040172718557, 130.53254854158118, 1.0]}, "datetime": {"datetime": "2025-08-21 18:41:51", "elapsed": 35827.80880641937, "delta": 16.542028188705444}, "costs": {"total_cost": 190.7097203929354, "time_cost": 69.112, "final_distance_cost": 1.8208129247242997, "oscillation_cost": 48.936183714060085, "completition_cost": 0.0, "overshoot_cost": 49.83428265826076, "power_cost": 10.596806176757813, "noise_cost": 10.40963491913246, "n_waypoints_completed": 9, "tot_waypoints": 9}}
{"target": -182.4988110765384, "params": {"k_pid_pos": [1.8922997940790476, 0.024859491386256316, 0.6250867496839783], "k_pid_alt": [0.8511837275376319, 0.0, 0.014398680574380873], "k_pid_att": [58.989274729095186, 2.4733576543945865, 0.73590781336997], "k_pid_yaw": [0.5, 1e-06, 0.1], "k_pid_hsp": [1.606987810134683, 0.3511398194272549, 0.01], "k_pid_vsp": [110.56511661686339, 59.083466427248936, 1.0]}, "datetime": {"datetime": "2025-08-21 18:42:07", "elapsed": 35843.91244792938, "delta": 16.103641510009766}, "costs": {"total_cost": 182.4988110765384, "time_cost": 69.672, "final_distance_cost": 1.8170087972170086, "oscillation_cost": 40.51812300328245, "completition_cost": 0.0, "overshoot_cost": 49.2491875484482, "power_cost": 10.700127124023439, "noise_cost": 10.542364603567302, "n_waypoints_completed": 9, "tot_waypoints": 9}}
{"target": -191.60729480589703, "params": {"k_pid_pos": [1.8922997940790476, 0.024859491386256316, 0.6250867496839783], "k_pid_alt": [0.8511837275376319, 0.0, 0.529244519518045], "k_pid_att": [20.83699032574321, 5.642133202559823, 0.8267899093225144], "k_pid_yaw": [0.5, 1e-06, 0.1], "k_pid_hsp": [1.606987810134683, 0.5521287893390326, 0.01], "k_pid_vsp": [110.56511661686339, 59.083466427248936, 1.0]}, "datetime": {"datetime": "2025-08-21 18:42:25", "elapsed": 35862.37420415878, "delta": 18.461756229400635}, "costs": {"total_cost": 191.60729480589703, "time_cost": 73.024, "final_distance_cost": 1.85039823896554, "oscillation_cost": 45.76732362058447, "completition_cost": 0.0, "overshoot_cost": 49.35622774667413, "power_cost": 10.994454711914063, "noise_cost": 10.614890487758801, "n_waypoints_completed": 9, "tot_waypoints": 9}}
{"target": -200.78593699257198, "params": {"k_pid_pos": [1.6397186260693044, 0.024859491386256316, 0.6250867496839783], "k_pid_alt": [1.1098775236402525, 0.18035720786275955, 0.07444874772262577], "k_pid_att": [58.989274729095186, 1.1166001057131414, 0.49142852894840106], "k_pid_yaw": [0.5, 1e-06, 0.1], "k_pid_hsp": [1.606987810134683, 0.1531003758033771, 0.01], "k_pid_vsp": [18.79289508575375, 59.083466427248936, 1.0]}, "datetime": {"datetime": "2025-08-21 18:42:43", "elapsed": 35879.924224853516, "delta": 17.550020694732666}, "costs": {"total_cost": 200.78593699257198, "time_cost": 78.44, "final_distance_cost": 1.7863482237907773, "oscillation_cost": 45.18375363137628, "completition_cost": 0.0, "overshoot_cost": 50.47959695201838, "power_cost": 13.10811971435547, "noise_cost": 11.78811847103108, "n_waypoints_completed": 9, "tot_waypoints": 9}}
{"target": -187.97939594282096, "params": {"k_pid_pos": [1.8922997940790476, 0.024859491386256316, 0.6250867496839783], "k_pid_alt": [1.1098775236402525, 0.0, 0.1576465649121419], "k_pid_att": [58.989274729095186, 7.978625951804349, 0.73590781336997], "k_pid_yaw": [0.5, 1e-06, 0.1], "k_pid_hsp": [1.606987810134683, 0.1531003758033771, 0.01], "k_pid_vsp": [305.67975269326223, 59.083466427248936, 1.0]}, "datetime": {"datetime": "2025-08-21 18:43:02", "elapsed": 35898.80009126663, "delta": 18.875866413116455}, "costs": {"total_cost": 187.97939594282096, "time_cost": 70.376, "final_distance_cost": 1.8138881786014638, "oscillation_cost": 39.037918291990636, "completition_cost": 0.0, "overshoot_cost": 50.47474308384324, "power_cost": 14.030145227050783, "noise_cost": 12.246701161334835, "n_waypoints_completed": 9, "tot_waypoints": 9}}
{"target": -187.2031815810682, "params": {"k_pid_pos": [1.8922997940790476, 0.024859491386256316, 0.6250867496839783], "k_pid_alt": [1.1098775236402525, 0.0, 0.1576465649121419], "k_pid_att": [58.989274729095186, 1.1166001057131414, 0.73590781336997], "k_pid_yaw": [0.5, 1e-06, 0.1], "k_pid_hsp": [1.606987810134683, 0.1531003758033771, 0.01], "k_pid_vsp": [305.67975269326223, 59.083466427248936, 1.0]}, "datetime": {"datetime": "2025-08-21 18:43:18", "elapsed": 35914.960096120834, "delta": 16.16000485420227}, "costs": {"total_cost": 187.2031815810682, "time_cost": 70.144, "final_distance_cost": 1.8321735595851405, "oscillation_cost": 39.12797746308666, "completition_cost": 0.0, "overshoot_cost": 50.841630308397406, "power_cost": 13.299354833984376, "noise_cost": 11.95804541601462, "n_waypoints_completed": 9, "tot_waypoints": 9}}
{"target": -185.8913790654496, "params": {"k_pid_pos": [1.8922997940790476, 0.024859491386256316, 0.6250867496839783], "k_pid_alt": [1.1098775236402525, 0.0, 0.1576465649121419], "k_pid_att": [58.989274729095186, 1.1166001057131414, 0.73590781336997], "k_pid_yaw": [0.5, 1e-06, 0.1], "k_pid_hsp": [1.606987810134683, 0.1531003758033771, 0.01], "k_pid_vsp": [305.67975269326223, 59.083466427248936, 1.0]}, "datetime": {"datetime": "2025-08-21 18:43:35", "elapsed": 35932.3922598362, "delta": 17.43216371536255}, "costs": {"total_cost": 185.8913790654496, "time_cost": 69.984, "final_distance_cost": 1.810355485730186, "oscillation_cost": 40.13837463706203, "completition_cost": 0.0, "overshoot_cost": 50.67481691337514, "power_cost": 12.110744360351562, "noise_cost": 11.173087668930698, "n_waypoints_completed": 9, "tot_waypoints": 9}}
{"target": -197.921398616284, "params": {"k_pid_pos": [0.5544350973877843, 0.05987593904989075, 0.37255195504867966], "k_pid_alt": [1.9160597436741602, 0.0, 0.1576465649121419], "k_pid_att": [58.989274729095186, 5.859554809351448, 0.8612643910736462], "k_pid_yaw": [0.5, 1e-06, 0.1], "k_pid_hsp": [1.606987810134683, 0.08333843891839088, 0.01], "k_pid_vsp": [110.56511661686339, 130.53254854158118, 1.0]}, "datetime": {"datetime": "2025-08-21 18:43:54", "elapsed": 35950.94310617447, "delta": 18.550846338272095}, "costs": {"total_cost": 197.921398616284, "time_cost": 82.248, "final_distance_cost": 1.8458419625343496, "oscillation_cost": 38.26603905260451, "completition_cost": 0.0, "overshoot_cost": 51.00912340850793, "power_cost": 11.870681372070313, "noise_cost": 12.681712820566876, "n_waypoints_completed": 9, "tot_waypoints": 9}}
{"target": -207.86068492081472, "params": {"k_pid_pos": [1.8922997940790476, 0.024859491386256316, 0.6250867496839783], "k_pid_alt": [1.1098775236402525, 0.08856016207044592, 0.1576465649121419], "k_pid_att": [58.989274729095186, 1.1166001057131414, 0.73590781336997], "k_pid_yaw": [0.5, 1e-06, 0.1], "k_pid_hsp": [1.606987810134683, 0.1531003758033771, 0.01], "k_pid_vsp": [305.67975269326223, 232.67684986572337, 1.0]}, "datetime": {"datetime": "2025-08-21 18:44:16", "elapsed": 35972.56114292145, "delta": 21.61803674697876}, "costs": {"total_cost": 207.86068492081472, "time_cost": 84.136, "final_distance_cost": 1.782223417547953, "oscillation_cost": 48.18812718547297, "completition_cost": 0.0, "overshoot_cost": 50.54070066723665, "power_cost": 11.649048217773439, "noise_cost": 11.564585432783714, "n_waypoints_completed": 9, "tot_waypoints": 9}}
{"target": -179.01226794006615, "params": {"k_pid_pos": [1.8922997940790476, 0.024859491386256316, 0.6250867496839783], "k_pid_alt": [1.1098775236402525, 0.0, 0.1576465649121419], "k_pid_att": [12.43088436511497, 1.1166001057131414, 0.73590781336997], "k_pid_yaw": [0.5, 1e-06, 0.1], "k_pid_hsp": [1.606987810134683, 0.1531003758033771, 0.01], "k_pid_vsp": [305.67975269326223, 59.083466427248936, 1.0]}, "datetime": {"datetime": "2025-08-21 18:44:32", "elapsed": 35988.61179065704, "delta": 16.050647735595703}, "costs": {"total_cost": 179.01226794006615, "time_cost": 69.312, "final_distance_cost": 1.8190950046568848, "oscillation_cost": 39.79227889779725, "completition_cost": 0.0, "overshoot_cost": 49.861980723820146, "power_cost": 8.867187573242187, "noise_cost": 9.359725740549704, "n_waypoints_completed": 9, "tot_waypoints": 9}}
{"target": -354.02477727554935, "params": {"k_pid_pos": [1.8922997940790476, 0.024859491386256316, 0.6250867496839783], "k_pid_alt": [1.1098775236402525, 0.0, 0.1576465649121419], "k_pid_att": [58.989274729095186, 1.1166001057131414, 0.73590781336997], "k_pid_yaw": [0.5, 1e-06, 0.1], "k_pid_hsp": [1.606987810134683, 0.1531003758033771, 0.1960627896638205], "k_pid_vsp": [305.67975269326223, 59.083466427248936, 1.0]}, "datetime": {"datetime": "2025-08-21 18:44:53", "elapsed": 36010.181740522385, "delta": 21.569949865341187}, "costs": {"total_cost": 354.02477727554935, "time_cost": 89.776, "final_distance_cost": 1.8079260060148876, "oscillation_cost": 163.59186517271957, "completition_cost": 0.0, "overshoot_cost": 56.14894521492452, "power_cost": 24.3835623046875, "noise_cost": 18.316478577202915, "n_waypoints_completed": 9, "tot_waypoints": 9}}
{"target": -204.9115165350319, "params": {"k_pid_pos": [1.8922997940790476, 0.024859491386256316, 0.37255195504867966], "k_pid_alt": [1.9160597436741602, 0.0, 0.053878507660848673], "k_pid_att": [58.989274729095186, 5.859554809351448, 0.73590781336997], "k_pid_yaw": [0.5, 1e-06, 0.1], "k_pid_hsp": [5.965584885969634, 0.1531003758033771, 0.01], "k_pid_vsp": [104.30040172718557, 130.53254854158118, 1.0]}, "datetime": {"datetime": "2025-08-21 18:45:12", "elapsed": 36028.53283286095, "delta": 18.35109233856201}, "costs": {"total_cost": 204.9115165350319, "time_cost": 69.128, "final_distance_cost": 1.8021636965038168, "oscillation_cost": 55.77402899962608, "completition_cost": 0.0, "overshoot_cost": 50.92764635784896, "power_cost": 14.804143811035157, "noise_cost": 12.475533670017874, "n_waypoints_completed": 9, "tot_waypoints": 9}}
{"target": -873.2232386892406, "params": {"k_pid_pos": [1.8922997940790476, 0.024859491386256316, 0.8438952038875002], "k_pid_alt": [0.3249148695892172, 0.0, 0.1576465649121419], "k_pid_att": [25.463483275157817, 5.859554809351448, 0.73590781336997], "k_pid_yaw": [0.5, 1e-06, 0.1], "k_pid_hsp": [1.606987810134683, 0.1531003758033771, 0.6729314570966927], "k_pid_vsp": [110.56511661686339, 130.53254854158118, 1.0]}, "datetime": {"datetime": "2025-08-21 18:45:38", "elapsed": 36055.39942574501, "delta": 26.86659288406372}, "costs": {"total_cost": 873.2232386892406, "time_cost": 150, "final_distance_cost": 66.52831284871074, "oscillation_cost": 349.2866588547073, "completition_cost": 222.2222222222222, "overshoot_cost": 49.4108284281065, "power_cost": 19.762909533691406, "noise_cost": 16.01230680180257, "n_waypoints_completed": 7, "tot_waypoints": 9}}
{"target": -210.519638674493, "params": {"k_pid_pos": [0.931865230455928, 0.024859491386256316, 0.6250867496839783], "k_pid_alt": [1.5262749023082662, 0.18035720786275955, 0.09225839282971338], "k_pid_att": [58.989274729095186, 1.1166001057131414, 0.49142852894840106], "k_pid_yaw": [0.5, 1e-06, 0.1], "k_pid_hsp": [1.606987810134683, 0.5193865039718747, 0.01], "k_pid_vsp": [110.56511661686339, 130.53254854158118, 14.06315075987657]}, "datetime": {"datetime": "2025-08-21 18:46:00", "elapsed": 36076.458280324936, "delta": 21.058854579925537}, "costs": {"total_cost": 210.519638674493, "time_cost": 85.424, "final_distance_cost": 1.8154254540686943, "oscillation_cost": 54.15475234004957, "completition_cost": 0.0, "overshoot_cost": 51.040943799675134, "power_cost": 9.354368505859375, "noise_cost": 8.730148574840225, "n_waypoints_completed": 9, "tot_waypoints": 9}}
{"target": -195.28586524085904, "params": {"k_pid_pos": [1.8922997940790476, 0.024859491386256316, 0.37255195504867966], "k_pid_alt": [1.3847393439894995, 0.0, 0.1576465649121419], "k_pid_att": [75.32453388817156, 5.859554809351448, 0.6173222920818365], "k_pid_yaw": [0.5, 1e-06, 0.1], "k_pid_hsp": [1.606987810134683, 0.1531003758033771, 0.01], "k_pid_vsp": [17.584127766920332, 59.083466427248936, 1.0]}, "datetime": {"datetime": "2025-08-21 18:46:17", "elapsed": 36094.225551605225, "delta": 17.767271280288696}, "costs": {"total_cost": 195.28586524085904, "time_cost": 70.256, "final_distance_cost": 1.8013646431582202, "oscillation_cost": 42.69486242208946, "completition_cost": 0.0, "overshoot_cost": 50.86030932318594, "power_cost": 16.46043125, "noise_cost": 13.212897602425416, "n_waypoints_completed": 9, "tot_waypoints": 9}}
{"target": -234.80350270207754, "params": {"k_pid_pos": [1.8922997940790476, 0.024859491386256316, 0.6250867496839783], "k_pid_alt": [0.8511837275376319, 0.045049390821834456, 0.921307692212677], "k_pid_att": [58.989274729095186, 5.859554809351448, 0.8612643910736462], "k_pid_yaw": [0.5, 1e-06, 0.1], "k_pid_hsp": [1.606987810134683, 0.08333843891839088, 0.01], "k_pid_vsp": [110.56511661686339, 130.53254854158118, 1.0]}, "datetime": {"datetime": "2025-08-21 18:46:39", "elapsed": 36115.90106344223, "delta": 21.675511837005615}, "costs": {"total_cost": 234.80350270207754, "time_cost": 93.816, "final_distance_cost": 1.8268686245081447, "oscillation_cost": 50.01052757069546, "completition_cost": 0.0, "overshoot_cost": 51.67381825508696, "power_cost": 20.816807421875, "noise_cost": 16.65948082991195, "n_waypoints_completed": 9, "tot_waypoints": 9}}
{"target": -183.27034266006717, "params": {"k_pid_pos": [1.8922997940790476, 0.05987593904989075, 0.37255195504867966], "k_pid_alt": [1.9160597436741602, 0.0, 0.20116253882959134], "k_pid_att": [21.98704379498816, 5.642133202559823, 0.8267899093225144], "k_pid_yaw": [0.5, 1e-06, 0.1], "k_pid_hsp": [0.5113636529196418, 0.1531003758033771, 0.01], "k_pid_vsp": [110.56511661686339, 210.91861290663223, 1.0]}, "datetime": {"datetime": "2025-08-21 18:46:56", "elapsed": 36132.800683021545, "delta": 16.899619579315186}, "costs": {"total_cost": 183.27034266006717, "time_cost": 67.296, "final_distance_cost": 1.805186244041918, "oscillation_cost": 47.34422871196242, "completition_cost": 0.0, "overshoot_cost": 49.34305728266489, "power_cost": 8.549641345214845, "noise_cost": 8.93222907618309, "n_waypoints_completed": 9, "tot_waypoints": 9}}
{"target": -188.24392524281623, "params": {"k_pid_pos": [1.8922997940790476, 0.024859491386256316, 0.6250867496839783], "k_pid_alt": [1.1098775236402525, 0.0, 0.1576465649121419], "k_pid_att": [25.463483275157817, 5.859554809351448, 0.73590781336997], "k_pid_yaw": [0.5, 1e-06, 0.1], "k_pid_hsp": [1.606987810134683, 0.1531003758033771, 0.01], "k_pid_vsp": [110.56511661686339, 59.083466427248936, 1.0]}, "datetime": {"datetime": "2025-08-21 18:47:12", "elapsed": 36148.59938669205, "delta": 15.798703670501709}, "costs": {"total_cost": 188.24392524281623, "time_cost": 69.152, "final_distance_cost": 1.8209932414335206, "oscillation_cost": 41.801780095520066, "completition_cost": 0.0, "overshoot_cost": 49.57291580733934, "power_cost": 13.784469763183594, "noise_cost": 12.111766335339707, "n_waypoints_completed": 9, "tot_waypoints": 9}}
{"target": -183.48331723688707, "params": {"k_pid_pos": [1.8922997940790476, 0.024859491386256316, 0.6250867496839783], "k_pid_alt": [1.1098775236402525, 0.0, 0.1576465649121419], "k_pid_att": [58.989274729095186, 5.859554809351448, 0.73590781336997], "k_pid_yaw": [0.5, 1e-06, 0.1], "k_pid_hsp": [1.8683835514128975, 0.1531003758033771, 0.01], "k_pid_vsp": [110.56511661686339, 261.48215325333564, 1.0]}, "datetime": {"datetime": "2025-08-21 18:47:29", "elapsed": 36165.506833553314, "delta": 16.90744686126709}, "costs": {"total_cost": 183.48331723688707, "time_cost": 69.336, "final_distance_cost": 1.8323678230742648, "oscillation_cost": 39.4232055518659, "completition_cost": 0.0, "overshoot_cost": 49.79939935704165, "power_cost": 12.027896545410156, "noise_cost": 11.064447959495071, "n_waypoints_completed": 9, "tot_waypoints": 9}}
{"target": -208.4847270614293, "params": {"k_pid_pos": [1.8922997940790476, 0.5106348250941788, 0.37255195504867966], "k_pid_alt": [1.9160597436741602, 0.0, 0.30701401744436285], "k_pid_att": [58.989274729095186, 2.4733576543945865, 0.73590781336997], "k_pid_yaw": [0.5, 1e-06, 0.1], "k_pid_hsp": [1.606987810134683, 0.1531003758033771, 0.01], "k_pid_vsp": [110.56511661686339, 130.53254854158118, 1.0]}, "datetime": {"datetime": "2025-08-21 18:47:46", "elapsed": 36183.030566215515, "delta": 17.523732662200928}, "costs": {"total_cost": 208.4847270614293, "time_cost": 78.248, "final_distance_cost": 1.7303457050341446, "oscillation_cost": 47.935223027292096, "completition_cost": 0.0, "overshoot_cost": 51.77772747798161, "power_cost": 15.555401916503907, "noise_cost": 13.238028934617548, "n_waypoints_completed": 9, "tot_waypoints": 9}}
