{"target": -328.2576073018269, "params": {"k_pid_pos": [1.3885554450422086, 0.5811166092209024, 0.19977565166005762], "k_pid_alt": [1.6082490523645254, 0.3944815179387544, 0.8014818108594153], "k_pid_att": [13.105775155731326, 1.2376256611230811, 0.9275625510065076], "k_pid_yaw": [0.5, 1e-06, 0.1], "k_pid_hsp": [3.9758421804300244, 0.30094869178093975, 0.28472008233793555], "k_pid_vsp": [61.44535807682345, 46.19602635065192, 8.459207513427996]}, "datetime": {"datetime": "2025-08-21 09:18:33", "elapsed": 2029.6803612709045, "delta": 29.068047761917114}, "costs": {"total_cost": 328.2576073018269, "time_cost": 96.328, "final_distance_cost": 1.7321807020472175, "oscillation_cost": 135.39038922298442, "completition_cost": 0.0, "overshoot_cost": 56.498628130116124, "power_cost": 21.444025793457033, "noise_cost": 16.86438345322209, "n_waypoints_completed": 9, "tot_waypoints": 9}}
{"target": -299.72446484620997, "params": {"k_pid_pos": [1.8624793477566346, 0.5811166092209024, 0.19977565166005762], "k_pid_alt": [1.6082490523645254, 0.7154071296158017, 0.7389840039155418], "k_pid_att": [13.105775155731326, 1.2376256611230811, 0.9275625510065076], "k_pid_yaw": [0.5, 1e-06, 0.1], "k_pid_hsp": [4.3672302205847, 0.2145846728195292, 0.40852864372463615], "k_pid_vsp": [341.36122930726646, 93.57579511219681, 23.321097617323666]}, "datetime": {"datetime": "2025-08-21 09:18:56", "elapsed": 2053.3481454849243, "delta": 23.667784214019775}, "costs": {"total_cost": 299.72446484620997, "time_cost": 92.19200000000001, "final_distance_cost": 1.7778572516727127, "oscillation_cost": 112.6487663143292, "completition_cost": 0.0, "overshoot_cost": 59.448206094378214, "power_cost": 18.367005627441408, "noise_cost": 15.290629558388408, "n_waypoints_completed": 9, "tot_waypoints": 9}}
{"target": -798.2112544996818, "params": {"k_pid_pos": [1.3885554450422086, 0.04925411992759399, 0.3736141384595716], "k_pid_alt": [0.09891827429203137, 0.10167190290371597, 0.8334585537885597], "k_pid_att": [5.196186646510426, 5.945716632147755, 0.0991131415798755], "k_pid_yaw": [0.5, 1e-06, 0.1], "k_pid_hsp": [8.435765158482369, 0.9026531439276171, 0.5957137746857274], "k_pid_vsp": [320.8103521094374, 311.79101652905405, 256.99331075573576]}, "datetime": {"datetime": "2025-08-21 09:19:25", "elapsed": 2082.204707622528, "delta": 28.85656213760376}, "costs": {"total_cost": 798.2112544996818, "time_cost": 150, "final_distance_cost": 76.65700340335454, "oscillation_cost": 258.4684151593084, "completition_cost": 222.2222222222222, "overshoot_cost": 57.595319631128135, "power_cost": 19.53886181640625, "noise_cost": 13.729432267262267, "n_waypoints_completed": 7, "tot_waypoints": 9}}
{"target": -492.4193143200242, "params": {"k_pid_pos": [1.4698128353043505, 0.9460270628173303, 0.2533833538391872], "k_pid_alt": [0.7, 0.0, 0.1], "k_pid_att": [20.0, 1.0, 0.21517827462871852], "k_pid_yaw": [0.5, 1e-06, 0.1], "k_pid_hsp": [1.0, 0.01, 0.01], "k_pid_vsp": [150.0, 82.79406464935073, 1.0]}, "datetime": {"datetime": "2025-08-21 09:19:52", "elapsed": 2109.1178340911865, "delta": 26.913126468658447}, "costs": {"total_cost": 492.4193143200242, "time_cost": 150, "final_distance_cost": 66.15006981741134, "oscillation_cost": 59.507715769035386, "completition_cost": 111.11111111111116, "overshoot_cost": 53.65340653719603, "power_cost": 27.405303076171876, "noise_cost": 24.59170800909848, "n_waypoints_completed": 8, "tot_waypoints": 9}}
{"target": -838.4566693698598, "params": {"k_pid_pos": [1.9584513449511884, 0.20240459312571835, 0.23453515044129858], "k_pid_alt": [1.7214381366517881, 0.13210283730154393, 0.35736962350205415], "k_pid_att": [9.50957482299346, 4.013615439978124, 0.08449321882352023], "k_pid_yaw": [0.5, 1e-06, 0.1], "k_pid_hsp": [9.35940463302399, 0.13740793003780216, 0.10740295628857721], "k_pid_vsp": [320.3536704340387, 237.47280219285963, 313.04964206919465]}, "datetime": {"datetime": "2025-08-21 09:20:18", "elapsed": 2135.302592754364, "delta": 26.18475866317749}, "costs": {"total_cost": 838.4566693698598, "time_cost": 150, "final_distance_cost": 72.41827453502923, "oscillation_cost": 278.05126780838214, "completition_cost": 222.2222222222222, "overshoot_cost": 66.21945734509585, "power_cost": 29.496187707519532, "noise_cost": 20.0492597516109, "n_waypoints_completed": 7, "tot_waypoints": 9}}
{"target": -815.4634422682483, "params": {"k_pid_pos": [0.8025898018758081, 0.9460270628173303, 0.2533833538391872], "k_pid_alt": [1.0475058974352744, 0.10167190290371597, 0.8334585537885597], "k_pid_att": [5.196186646510426, 5.945716632147755, 0.0991131415798755], "k_pid_yaw": [0.5, 1e-06, 0.1], "k_pid_hsp": [8.435765158482369, 0.9026531439276171, 0.5957137746857274], "k_pid_vsp": [320.8103521094374, 311.79101652905405, 256.99331075573576]}, "datetime": {"datetime": "2025-08-21 09:20:45", "elapsed": 2162.015953540802, "delta": 26.71336078643799}, "costs": {"total_cost": 815.4634422682483, "time_cost": 150, "final_distance_cost": 70.39005155727155, "oscillation_cost": 168.64112067813463, "completition_cost": 333.33333333333337, "overshoot_cost": 52.69463134624075, "power_cost": 23.95733319091797, "noise_cost": 16.446972162349955, "n_waypoints_completed": 6, "tot_waypoints": 9}}
{"target": -211.7164106321472, "params": {"k_pid_pos": [1.8624793477566346, 0.04925411992759399, 0.3736141384595716], "k_pid_alt": [0.7, 0.0, 0.1], "k_pid_att": [20.0, 1.0, 0.01], "k_pid_yaw": [0.5, 1e-06, 0.1], "k_pid_hsp": [1.0, 0.01, 0.01], "k_pid_vsp": [150.0, 10.0, 1.0]}, "datetime": {"datetime": "2025-08-21 09:21:04", "elapsed": 2180.7611265182495, "delta": 18.74517297744751}, "costs": {"total_cost": 211.7164106321472, "time_cost": 72.272, "final_distance_cost": 1.8193654137110074, "oscillation_cost": 65.64145004918494, "completition_cost": 0.0, "overshoot_cost": 51.12561635076845, "power_cost": 10.436647924804689, "noise_cost": 10.421330893678075, "n_waypoints_completed": 9, "tot_waypoints": 9}}
{"target": -214.73672975210494, "params": {"k_pid_pos": [1.849624377781123, 0.16606263241397312, 0.5551980423268247], "k_pid_alt": [1.2679502233621702, 0.7553301727947445, 0.45577628983361107], "k_pid_att": [20.236336479523032, 3.0596356458441103, 0.9274604585040267], "k_pid_yaw": [0.5, 1e-06, 0.1], "k_pid_hsp": [1.0, 0.01, 0.01], "k_pid_vsp": [378.2079564087626, 10.0, 1.0]}, "datetime": {"datetime": "2025-08-21 09:21:29", "elapsed": 2205.4984979629517, "delta": 24.73737144470215}, "costs": {"total_cost": 214.73672975210494, "time_cost": 83.392, "final_distance_cost": 1.769496059868409, "oscillation_cost": 50.41936562297447, "completition_cost": 0.0, "overshoot_cost": 53.32121133213641, "power_cost": 13.648592492675782, "noise_cost": 12.186064244449879, "n_waypoints_completed": 9, "tot_waypoints": 9}}
{"target": -604.7581874700649, "params": {"k_pid_pos": [1.4338086892990753, 0.038541999323435716, 0.272241561845159], "k_pid_alt": [0.1927819243069986, 0.7434599612223853, 0.14033959706391264], "k_pid_att": [41.91143193163038, 9.662322498240602, 0.7866497124935993], "k_pid_yaw": [0.5, 1e-06, 0.1], "k_pid_hsp": [9.330238913679953, 0.23285228494370624, 0.4673816015552915], "k_pid_vsp": [313.90537970087496, 7.134714572958311, 43.657599597149975]}, "datetime": {"datetime": "2025-08-21 09:21:54", "elapsed": 2230.823886156082, "delta": 25.325388193130493}, "costs": {"total_cost": 604.7581874700649, "time_cost": 150, "final_distance_cost": 5.47441086123159, "oscillation_cost": 247.7197598751745, "completition_cost": 111.11111111111116, "overshoot_cost": 63.82003279453514, "power_cost": 14.378112573242188, "noise_cost": 12.25476025477023, "n_waypoints_completed": 8, "tot_waypoints": 9}}
{"target": -792.8724198312307, "params": {"k_pid_pos": [0.5628396456547908, 0.2935937577666836, 0.6619165147268951], "k_pid_alt": [1.1140643046825567, 0.7838982091064135, 0.7960285563103784], "k_pid_att": [40.63868614400705, 8.14022244462188, 0.8896564216753973], "k_pid_yaw": [0.5, 1e-06, 0.1], "k_pid_hsp": [9.330238913679953, 0.8043609156129707, 0.4673816015552915], "k_pid_vsp": [313.90537970087496, 7.134714572958311, 43.657599597149975]}, "datetime": {"datetime": "2025-08-21 09:22:23", "elapsed": 2260.0421991348267, "delta": 29.218312978744507}, "costs": {"total_cost": 792.8724198312307, "time_cost": 150, "final_distance_cost": 69.55850502593229, "oscillation_cost": 262.199691225457, "completition_cost": 222.2222222222222, "overshoot_cost": 47.731745421636205, "power_cost": 23.423941796875003, "noise_cost": 17.73631413910787, "n_waypoints_completed": 7, "tot_waypoints": 9}}
{"target": -820.2361101285035, "params": {"k_pid_pos": [1.5902501664822735, 0.9460270628173303, 0.2533833538391872], "k_pid_alt": [1.1801517907166184, 0.09504919756440122, 0.34192693854566036], "k_pid_att": [52.045744376722766, 5.649549619663271, 0.5724305140338497], "k_pid_yaw": [0.5, 1e-06, 0.1], "k_pid_hsp": [4.659904931296975, 0.5226317755131228, 0.7639233900065879], "k_pid_vsp": [319.69788660482664, 184.69087941207655, 239.83737700945147]}, "datetime": {"datetime": "2025-08-21 09:22:48", "elapsed": 2285.240834236145, "delta": 25.19863510131836}, "costs": {"total_cost": 820.2361101285035, "time_cost": 150, "final_distance_cost": 72.53201761112366, "oscillation_cost": 150.36456782473005, "completition_cost": 333.33333333333337, "overshoot_cost": 65.50302777510596, "power_cost": 27.3117146484375, "noise_cost": 21.191448935772943, "n_waypoints_completed": 6, "tot_waypoints": 9}}
{"target": -281.50678996063266, "params": {"k_pid_pos": [1.4698128353043505, 0.20240459312571835, 0.23453515044129858], "k_pid_alt": [1.6082490523645254, 0.651669467934994, 0.7389840039155418], "k_pid_att": [13.105775155731326, 1.2376256611230811, 0.9275625510065076], "k_pid_yaw": [0.5, 1e-06, 0.1], "k_pid_hsp": [5.346054052817624, 0.2145846728195292, 0.40852864372463615], "k_pid_vsp": [282.31880145179525, 93.57579511219681, 23.321097617323666]}, "datetime": {"datetime": "2025-08-21 09:23:12", "elapsed": 2309.0990719795227, "delta": 23.858237743377686}, "costs": {"total_cost": 281.50678996063266, "time_cost": 80.24, "final_distance_cost": 1.7599437706780385, "oscillation_cost": 118.71207903207062, "completition_cost": 0.0, "overshoot_cost": 52.12266143626508, "power_cost": 16.313155773925782, "noise_cost": 12.35894994769313, "n_waypoints_completed": 9, "tot_waypoints": 9}}
{"target": -996.9986146974277, "params": {"k_pid_pos": [1.87175461661196, 0.5811166092209024, 0.19977565166005762], "k_pid_alt": [1.6694153286538718, 0.13210283730154393, 0.5146293421163498], "k_pid_att": [9.50957482299346, 4.013615439978124, 0.08449321882352023], "k_pid_yaw": [0.5, 1e-06, 0.1], "k_pid_hsp": [9.35940463302399, 0.9687523213615988, 0.9588802459090804], "k_pid_vsp": [320.3536704340387, 237.47280219285963, 313.04964206919465]}, "datetime": {"datetime": "2025-08-21 09:23:38", "elapsed": 2334.904007434845, "delta": 25.804935455322266}, "costs": {"total_cost": 996.9986146974277, "time_cost": 150, "final_distance_cost": 52.74386615786519, "oscillation_cost": 245.3627479004006, "completition_cost": 444.4444444444444, "overshoot_cost": 56.63400121639098, "power_cost": 26.79370625, "noise_cost": 21.019848728326433, "n_waypoints_completed": 5, "tot_waypoints": 9}}
{"target": -303.97988015012544, "params": {"k_pid_pos": [1.3885554450422086, 0.5811166092209024, 0.19977565166005762], "k_pid_alt": [1.6082490523645254, 0.7154071296158017, 0.7389840039155418], "k_pid_att": [13.105775155731326, 1.2376256611230811, 0.9275625510065076], "k_pid_yaw": [0.5, 1e-06, 0.1], "k_pid_hsp": [4.3672302205847, 0.2145846728195292, 0.40852864372463615], "k_pid_vsp": [341.36122930726646, 93.57579511219681, 23.321097617323666]}, "datetime": {"datetime": "2025-08-21 09:24:01", "elapsed": 2358.2302939891815, "delta": 23.326286554336548}, "costs": {"total_cost": 303.97988015012544, "time_cost": 91.408, "final_distance_cost": 1.737700880263741, "oscillation_cost": 123.47007193365414, "completition_cost": 0.0, "overshoot_cost": 56.91192436635554, "power_cost": 16.974711608886718, "noise_cost": 13.47747136096531, "n_waypoints_completed": 9, "tot_waypoints": 9}}
{"target": -1081.9378062199455, "params": {"k_pid_pos": [0.15496442691235038, 0.5811166092209024, 0.19977565166005762], "k_pid_alt": [1.6082490523645254, 0.7154071296158017, 0.15752334131747947], "k_pid_att": [13.105775155731326, 1.2376256611230811, 0.9275625510065076], "k_pid_yaw": [0.5, 1e-06, 0.1], "k_pid_hsp": [3.9758421804300244, 0.30094869178093975, 0.28472008233793555], "k_pid_vsp": [61.44535807682345, 61.44073386150156, 78.0496972418103]}, "datetime": {"datetime": "2025-08-21 09:24:35", "elapsed": 2391.587301015854, "delta": 33.35700702667236}, "costs": {"total_cost": 1081.9378062199455, "time_cost": 150, "final_distance_cost": 53.021868491936296, "oscillation_cost": 125.1360597837328, "completition_cost": 666.6666666666667, "overshoot_cost": 53.679063763105795, "power_cost": 18.131424462890624, "noise_cost": 15.30272305161305, "n_waypoints_completed": 3, "tot_waypoints": 9}}
{"target": -418.5787342473194, "params": {"k_pid_pos": [1.3368390832847643, 0.4710962061431325, 0.5652361064811888], "k_pid_alt": [1.5299977148320512, 0.6347183200005908, 0.5535794006579958], "k_pid_att": [22.592895791678245, 9.597749245839971, 0.9274604585040267], "k_pid_yaw": [0.5, 1e-06, 0.1], "k_pid_hsp": [1.0, 0.01, 0.01], "k_pid_vsp": [111.20884264032553, 10.0, 1.0]}, "datetime": {"datetime": "2025-08-21 09:25:02", "elapsed": 2418.5999722480774, "delta": 27.01267123222351}, "costs": {"total_cost": 418.5787342473194, "time_cost": 150, "final_distance_cost": 12.045419838052654, "oscillation_cost": 44.94216320525125, "completition_cost": 111.11111111111116, "overshoot_cost": 58.37827341475375, "power_cost": 23.983027734375, "noise_cost": 18.118738943775597, "n_waypoints_completed": 8, "tot_waypoints": 9}}
{"target": -222.6827183734427, "params": {"k_pid_pos": [0.7, 0.01, 0.09], "k_pid_alt": [0.7, 0.0, 0.1], "k_pid_att": [20.0, 1.0, 0.01], "k_pid_yaw": [0.5, 1e-06, 0.1], "k_pid_hsp": [1.0, 0.01, 0.01], "k_pid_vsp": [150.0, 10.0, 1.0]}, "datetime": {"datetime": "2025-08-21 09:25:23", "elapsed": 2440.0925257205963, "delta": 21.49255347251892}, "costs": {"total_cost": 222.6827183734427, "time_cost": 80.872, "final_distance_cost": 1.8539566039526783, "oscillation_cost": 57.979237600543776, "completition_cost": 0.0, "overshoot_cost": 51.80561326531297, "power_cost": 16.05524304199219, "noise_cost": 14.116667861641062, "n_waypoints_completed": 9, "tot_waypoints": 9}}
{"target": -211.7303327156517, "params": {"k_pid_pos": [1.8624793477566346, 0.04925411992759399, 0.3736141384595716], "k_pid_alt": [0.7, 0.0, 0.1], "k_pid_att": [20.0, 1.0, 0.01], "k_pid_yaw": [0.5, 1e-06, 0.1], "k_pid_hsp": [1.0, 0.01, 0.01], "k_pid_vsp": [150.0, 10.0, 1.0]}, "datetime": {"datetime": "2025-08-21 09:25:44", "elapsed": 2460.868937730789, "delta": 20.77641201019287}, "costs": {"total_cost": 211.7303327156517, "time_cost": 72.584, "final_distance_cost": 1.8188945074234812, "oscillation_cost": 65.25139933318616, "completition_cost": 0.0, "overshoot_cost": 51.45804926691539, "power_cost": 10.321211791992187, "noise_cost": 10.296777816134501, "n_waypoints_completed": 9, "tot_waypoints": 9}}
{"target": -221.05980245870862, "params": {"k_pid_pos": [1.849624377781123, 0.16606263241397312, 0.5551980423268247], "k_pid_alt": [1.2679502233621702, 0.7553301727947445, 0.45577628983361107], "k_pid_att": [20.236336479523032, 3.0596356458441103, 0.9274604585040267], "k_pid_yaw": [0.5, 1e-06, 0.1], "k_pid_hsp": [1.0, 0.01, 0.01], "k_pid_vsp": [378.2079564087626, 10.0, 1.0]}, "datetime": {"datetime": "2025-08-21 09:26:05", "elapsed": 2482.2194287776947, "delta": 21.350491046905518}, "costs": {"total_cost": 221.05980245870862, "time_cost": 83.92, "final_distance_cost": 1.746416182475844, "oscillation_cost": 50.346993602157276, "completition_cost": 0.0, "overshoot_cost": 53.90518873870337, "power_cost": 17.17199910888672, "noise_cost": 13.969204826485397, "n_waypoints_completed": 9, "tot_waypoints": 9}}
{"target": -1561.5618763735497, "params": {"k_pid_pos": [1.8624793477566346, 0.04925411992759399, 0.3736141384595716], "k_pid_alt": [0.7, 0.0, 0.1], "k_pid_att": [20.0, 1.0, 0.01], "k_pid_yaw": [0.5, 1e-06, 0.1], "k_pid_hsp": [1.0, 0.01, 0.592956631149616], "k_pid_vsp": [150.0, 10.0, 392.5548405198136]}, "datetime": {"datetime": "2025-08-21 09:26:36", "elapsed": 2512.5795743465424, "delta": 30.360145568847656}, "costs": {"total_cost": 1561.5618763735497, "time_cost": 150, "final_distance_cost": 10.14134542621622, "oscillation_cost": 230.62492727809567, "completition_cost": 1000.0, "overshoot_cost": 115.4430317063637, "power_cost": 21.396578515625002, "noise_cost": 33.95599344724925, "n_waypoints_completed": 0, "tot_waypoints": 9}}
{"target": -212.52792774026557, "params": {"k_pid_pos": [1.849624377781123, 0.024859491386256316, 0.44963268842268056], "k_pid_alt": [1.6444270921876138, 0.0, 0.1], "k_pid_att": [20.0, 1.0, 0.01], "k_pid_yaw": [0.5, 1e-06, 0.1], "k_pid_hsp": [1.0, 0.01, 0.01], "k_pid_vsp": [150.0, 10.0, 1.0]}, "datetime": {"datetime": "2025-08-21 09:26:56", "elapsed": 2533.2098791599274, "delta": 20.63030481338501}, "costs": {"total_cost": 212.52792774026557, "time_cost": 69.496, "final_distance_cost": 1.7923376641955389, "oscillation_cost": 67.9448298568829, "completition_cost": 0.0, "overshoot_cost": 51.09649890854076, "power_cost": 11.389816967773438, "noise_cost": 10.80844434287294, "n_waypoints_completed": 9, "tot_waypoints": 9}}
{"target": -358.01775945578163, "params": {"k_pid_pos": [0.7, 0.01, 0.09], "k_pid_alt": [0.7, 0.7553301727947445, 0.14033959706391264], "k_pid_att": [41.91143193163038, 9.662322498240602, 0.9275625510065076], "k_pid_yaw": [0.5, 1e-06, 0.1], "k_pid_hsp": [3.9758421804300244, 0.30094869178093975, 0.28472008233793555], "k_pid_vsp": [61.44535807682345, 46.19602635065192, 8.459207513427996]}, "datetime": {"datetime": "2025-08-21 09:27:18", "elapsed": 2554.7582194805145, "delta": 21.548340320587158}, "costs": {"total_cost": 358.01775945578163, "time_cost": 85.352, "final_distance_cost": 1.7468535532852938, "oscillation_cost": 187.67113465645787, "completition_cost": 0.0, "overshoot_cost": 55.92812122689877, "power_cost": 14.553277526855469, "noise_cost": 12.766372492284239, "n_waypoints_completed": 9, "tot_waypoints": 9}}
{"target": -307.81505015287644, "params": {"k_pid_pos": [1.3885554450422086, 0.5811166092209024, 0.19977565166005762], "k_pid_alt": [1.6082490523645254, 0.7154071296158017, 0.7389840039155418], "k_pid_att": [13.799751734790533, 1.2376256611230811, 0.5960425532343728], "k_pid_yaw": [0.5, 1e-06, 0.1], "k_pid_hsp": [9.330238913679953, 0.23285228494370624, 0.4673816015552915], "k_pid_vsp": [192.4492407052599, 7.134714572958311, 43.657599597149975]}, "datetime": {"datetime": "2025-08-21 09:27:44", "elapsed": 2581.291492700577, "delta": 26.533273220062256}, "costs": {"total_cost": 307.81505015287644, "time_cost": 87.21600000000001, "final_distance_cost": 1.7093740399758373, "oscillation_cost": 135.6928022910018, "completition_cost": 0.0, "overshoot_cost": 55.1172728395012, "power_cost": 15.863568615722658, "noise_cost": 12.216032366674877, "n_waypoints_completed": 9, "tot_waypoints": 9}}
{"target": -371.02882999246134, "params": {"k_pid_pos": [1.849624377781123, 0.024859491386256316, 0.44963268842268056], "k_pid_alt": [1.2679502233621702, 0.0, 0.7389840039155418], "k_pid_att": [15.35255220546139, 8.494103488346438, 0.05280710140011036], "k_pid_yaw": [0.5, 1e-06, 0.1], "k_pid_hsp": [4.363222965276662, 0.9277954301722804, 0.6522576064658554], "k_pid_vsp": [279.24831359145486, 335.19208762417304, 16.06052077867527]}, "datetime": {"datetime": "2025-08-21 09:28:04", "elapsed": 2601.442514896393, "delta": 20.15102219581604}, "costs": {"total_cost": 371.02882999246134, "time_cost": 71.08800000000001, "final_distance_cost": 1.7645521648712101, "oscillation_cost": 224.590530533922, "completition_cost": 0.0, "overshoot_cost": 50.778240447051175, "power_cost": 12.428613415527344, "noise_cost": 10.37889343108958, "n_waypoints_completed": 9, "tot_waypoints": 9}}
{"target": -251.6566221684928, "params": {"k_pid_pos": [1.3885554450422086, 0.5811166092209024, 0.19977565166005762], "k_pid_alt": [1.6082490523645254, 0.7154071296158017, 0.1], "k_pid_att": [20.0, 1.0, 0.015805555440133845], "k_pid_yaw": [0.5, 1e-06, 0.1], "k_pid_hsp": [1.0, 0.01, 0.01], "k_pid_vsp": [150.0, 10.0, 1.0]}, "datetime": {"datetime": "2025-08-21 09:28:27", "elapsed": 2624.1421704292297, "delta": 22.699655532836914}, "costs": {"total_cost": 251.6566221684928, "time_cost": 90.048, "final_distance_cost": 1.7612396262135668, "oscillation_cost": 70.02490525926069, "completition_cost": 0.0, "overshoot_cost": 54.603437750371214, "power_cost": 19.076764843750002, "noise_cost": 16.14227468889735, "n_waypoints_completed": 9, "tot_waypoints": 9}}
{"target": -211.5720250863402, "params": {"k_pid_pos": [1.3368390832847643, 0.4710962061431325, 0.5652361064811888], "k_pid_alt": [1.5299977148320512, 0.6347183200005908, 0.5535794006579958], "k_pid_att": [22.592895791678245, 9.597749245839971, 0.9274604585040267], "k_pid_yaw": [0.5, 1e-06, 0.1], "k_pid_hsp": [1.0, 0.01, 0.01], "k_pid_vsp": [111.20884264032553, 379.71740925440946, 1.0]}, "datetime": {"datetime": "2025-08-21 09:28:57", "elapsed": 2654.2794432640076, "delta": 30.137272834777832}, "costs": {"total_cost": 211.5720250863402, "time_cost": 87.92, "final_distance_cost": 1.761292884620209, "oscillation_cost": 49.32429532065324, "completition_cost": 0.0, "overshoot_cost": 52.38382887061662, "power_cost": 9.877610473632814, "noise_cost": 10.304997536817316, "n_waypoints_completed": 9, "tot_waypoints": 9}}
