{"target": -216.96532525845063, "params": {"k_pid_pos": [1.8922997940790476, 0.024859491386256316, 0.6250867496839783], "k_pid_alt": [0.8511837275376319, 0.0, 0.5775663314924924], "k_pid_att": [58.989274729095186, 8.451705289372699, 0.73590781336997], "k_pid_yaw": [0.5, 1e-06, 0.1], "k_pid_hsp": [4.3372224232348895, 0.3095743154041969, 0.01], "k_pid_vsp": [110.56511661686339, 48.528358121920796, 1.0]}, "datetime": {"datetime": "2025-08-21 18:01:02", "elapsed": 33379.44335484505, "delta": 16.386595726013184}, "costs": {"total_cost": 216.96532525845063, "time_cost": 73.648, "final_distance_cost": 1.8443167491431294, "oscillation_cost": 70.48166101529687, "completition_cost": 0.0, "overshoot_cost": 49.75710561427147, "power_cost": 10.734337548828126, "noise_cost": 10.499904330911026, "n_waypoints_completed": 9, "tot_waypoints": 9}}
{"target": -1656.240360478395, "params": {"k_pid_pos": [1.8922997940790476, 0.024859491386256316, 0.6250867496839783], "k_pid_alt": [1.1098775236402525, 0.28508550330050175, 0.1576465649121419], "k_pid_att": [11.329609997636037, 6.043751783864618, 0.73590781336997], "k_pid_yaw": [0.5, 1e-06, 0.1], "k_pid_hsp": [1.606987810134683, 0.1531003758033771, 0.7083694771711668], "k_pid_vsp": [110.56511661686339, 59.083466427248936, 312.89214078752025]}, "datetime": {"datetime": "2025-08-21 18:01:26", "elapsed": 33403.388983011246, "delta": 23.94562816619873}, "costs": {"total_cost": 1656.240360478395, "time_cost": 150, "final_distance_cost": 5.42625923465361, "oscillation_cost": 293.20542820345116, "completition_cost": 1000.0, "overshoot_cost": 133.83325698425236, "power_cost": 18.838798486328127, "noise_cost": 54.93661756970971, "n_waypoints_completed": 0, "tot_waypoints": 9}}
{"target": -198.7984010810534, "params": {"k_pid_pos": [1.8922997940790476, 0.024859491386256316, 0.6250867496839783], "k_pid_alt": [1.6319753356852484, 0.0, 0.39033212468778067], "k_pid_att": [92.532430894659, 3.2931611945007657, 0.12678522794134206], "k_pid_yaw": [0.5, 1e-06, 0.1], "k_pid_hsp": [1.606987810134683, 0.30538356757589824, 0.01], "k_pid_vsp": [110.56511661686339, 59.083466427248936, 1.0]}, "datetime": {"datetime": "2025-08-21 18:01:42", "elapsed": 33419.05827951431, "delta": 15.669296503067017}, "costs": {"total_cost": 198.7984010810534, "time_cost": 68.84, "final_distance_cost": 1.816508984666485, "oscillation_cost": 56.107150233234556, "completition_cost": 0.0, "overshoot_cost": 50.18469825406273, "power_cost": 11.081189001464844, "noise_cost": 10.76885460762478, "n_waypoints_completed": 9, "tot_waypoints": 9}}
{"target": -192.83620898540937, "params": {"k_pid_pos": [1.8922997940790476, 0.024859491386256316, 0.6250867496839783], "k_pid_alt": [0.8511837275376319, 0.0, 0.014398680574380873], "k_pid_att": [58.989274729095186, 8.451705289372699, 0.73590781336997], "k_pid_yaw": [0.5, 1e-06, 0.1], "k_pid_hsp": [4.3372224232348895, 0.3095743154041969, 0.01], "k_pid_vsp": [110.56511661686339, 59.083466427248936, 1.0]}, "datetime": {"datetime": "2025-08-21 18:02:00", "elapsed": 33436.65846967697, "delta": 17.60019016265869}, "costs": {"total_cost": 192.83620898540937, "time_cost": 70.912, "final_distance_cost": 1.8297103161805757, "oscillation_cost": 39.42604562906033, "completition_cost": 0.0, "overshoot_cost": 50.496840830052534, "power_cost": 16.674811450195314, "noise_cost": 13.496800759920632, "n_waypoints_completed": 9, "tot_waypoints": 9}}
{"target": -181.61655129885597, "params": {"k_pid_pos": [1.8922997940790476, 0.024859491386256316, 0.6250867496839783], "k_pid_alt": [1.1098775236402525, 0.0, 0.1576465649121419], "k_pid_att": [11.329609997636037, 6.043751783864618, 0.73590781336997], "k_pid_yaw": [0.5, 1e-06, 0.1], "k_pid_hsp": [1.606987810134683, 0.1531003758033771, 0.01], "k_pid_vsp": [110.56511661686339, 59.083466427248936, 1.0]}, "datetime": {"datetime": "2025-08-21 18:02:15", "elapsed": 33452.294185876846, "delta": 15.635716199874878}, "costs": {"total_cost": 181.61655129885597, "time_cost": 68.824, "final_distance_cost": 1.8258787390457456, "oscillation_cost": 40.435584301080816, "completition_cost": 0.0, "overshoot_cost": 49.088113060650656, "power_cost": 10.976512841796875, "noise_cost": 10.46646235628188, "n_waypoints_completed": 9, "tot_waypoints": 9}}
{"target": -188.4841042382216, "params": {"k_pid_pos": [1.8922997940790476, 0.024859491386256316, 0.6250867496839783], "k_pid_alt": [1.1098775236402525, 0.0, 0.5405957282041112], "k_pid_att": [25.463483275157817, 5.859554809351448, 0.73590781336997], "k_pid_yaw": [0.5, 1e-06, 0.1], "k_pid_hsp": [1.606987810134683, 0.1531003758033771, 0.01], "k_pid_vsp": [110.56511661686339, 59.083466427248936, 1.0]}, "datetime": {"datetime": "2025-08-21 18:02:33", "elapsed": 33469.64005827904, "delta": 17.345872402191162}, "costs": {"total_cost": 188.4841042382216, "time_cost": 70.848, "final_distance_cost": 1.8373551123909677, "oscillation_cost": 39.79518310289507, "completition_cost": 0.0, "overshoot_cost": 50.182362546059785, "power_cost": 13.749054235839845, "noise_cost": 12.072149241035927, "n_waypoints_completed": 9, "tot_waypoints": 9}}
{"target": -197.01749650029592, "params": {"k_pid_pos": [1.8922997940790476, 0.024859491386256316, 0.6250867496839783], "k_pid_alt": [1.1928857943257507, 0.0, 0.1576465649121419], "k_pid_att": [11.329609997636037, 6.043751783864618, 0.73590781336997], "k_pid_yaw": [0.5, 1e-06, 0.1], "k_pid_hsp": [1.606987810134683, 0.1531003758033771, 0.01], "k_pid_vsp": [110.56511661686339, 59.083466427248936, 1.0]}, "datetime": {"datetime": "2025-08-21 18:02:49", "elapsed": 33485.57404446602, "delta": 15.933986186981201}, "costs": {"total_cost": 197.01749650029592, "time_cost": 70.608, "final_distance_cost": 1.818728405494471, "oscillation_cost": 44.060458192627124, "completition_cost": 0.0, "overshoot_cost": 50.509336117693586, "power_cost": 16.570946826171877, "noise_cost": 13.450026958308868, "n_waypoints_completed": 9, "tot_waypoints": 9}}
{"target": -1584.0949276154972, "params": {"k_pid_pos": [1.8922997940790476, 0.3331223098073285, 0.6250867496839783], "k_pid_alt": [0.8968227290295414, 0.0, 0.9407694456674522], "k_pid_att": [11.329609997636037, 6.043751783864618, 0.73590781336997], "k_pid_yaw": [0.5, 1e-06, 0.1], "k_pid_hsp": [1.606987810134683, 0.1531003758033771, 0.01], "k_pid_vsp": [110.56511661686339, 59.083466427248936, 252.9414997468869]}, "datetime": {"datetime": "2025-08-21 18:03:13", "elapsed": 33509.62009382248, "delta": 24.04604935646057}, "costs": {"total_cost": 1584.0949276154972, "time_cost": 150, "final_distance_cost": 257.1497468957354, "oscillation_cost": 27.808830265899864, "completition_cost": 888.8888888888888, "overshoot_cost": 246.03734143446567, "power_cost": 5.454347387695313, "noise_cost": 8.755772742812306, "n_waypoints_completed": 1, "tot_waypoints": 9}}
{"target": -197.96405810767496, "params": {"k_pid_pos": [1.8922997940790476, 0.024859491386256316, 0.6250867496839783], "k_pid_alt": [1.1928857943257507, 0.0, 0.1576465649121419], "k_pid_att": [25.01105356203528, 6.043751783864618, 0.73590781336997], "k_pid_yaw": [0.5, 1e-06, 0.1], "k_pid_hsp": [1.606987810134683, 0.1531003758033771, 0.01], "k_pid_vsp": [110.56511661686339, 59.083466427248936, 1.0]}, "datetime": {"datetime": "2025-08-21 18:03:29", "elapsed": 33526.38073039055, "delta": 16.760636568069458}, "costs": {"total_cost": 197.96405810767496, "time_cost": 71.896, "final_distance_cost": 1.807210658707111, "oscillation_cost": 43.40772857262534, "completition_cost": 0.0, "overshoot_cost": 51.76769646248034, "power_cost": 15.908202697753907, "noise_cost": 13.177219716108286, "n_waypoints_completed": 9, "tot_waypoints": 9}}
{"target": -184.70054736287372, "params": {"k_pid_pos": [1.8922997940790476, 0.024859491386256316, 0.6250867496839783], "k_pid_alt": [1.1098775236402525, 0.0, 0.876085735038417], "k_pid_att": [25.463483275157817, 5.859554809351448, 0.73590781336997], "k_pid_yaw": [0.5, 1e-06, 0.1], "k_pid_hsp": [1.606987810134683, 0.1531003758033771, 0.01], "k_pid_vsp": [110.56511661686339, 59.083466427248936, 1.0]}, "datetime": {"datetime": "2025-08-21 18:03:47", "elapsed": 33544.336854457855, "delta": 17.95612406730652}, "costs": {"total_cost": 184.70054736287372, "time_cost": 72.656, "final_distance_cost": 1.8356636278239524, "oscillation_cost": 40.65182543523381, "completition_cost": 0.0, "overshoot_cost": 49.72221967364578, "power_cost": 9.825402856445313, "noise_cost": 10.009435769724856, "n_waypoints_completed": 9, "tot_waypoints": 9}}
{"target": -217.84463429524, "params": {"k_pid_pos": [1.8922997940790476, 0.660441144008915, 0.22034579123490305], "k_pid_alt": [1.1098775236402525, 0.0, 0.5405957282041112], "k_pid_att": [35.74062544128562, 5.859554809351448, 0.73590781336997], "k_pid_yaw": [0.5, 1e-06, 0.1], "k_pid_hsp": [1.606987810134683, 0.1531003758033771, 0.01], "k_pid_vsp": [110.56511661686339, 59.083466427248936, 1.0]}, "datetime": {"datetime": "2025-08-21 18:04:08", "elapsed": 33565.41054940224, "delta": 21.073694944381714}, "costs": {"total_cost": 217.84463429524, "time_cost": 87.696, "final_distance_cost": 1.7708964989177463, "oscillation_cost": 53.354105836577716, "completition_cost": 0.0, "overshoot_cost": 53.97495332899037, "power_cost": 10.132396850585938, "noise_cost": 10.916281780168289, "n_waypoints_completed": 9, "tot_waypoints": 9}}
{"target": -236.2645565257889, "params": {"k_pid_pos": [1.8922997940790476, 0.024859491386256316, 0.6250867496839783], "k_pid_alt": [1.1098775236402525, 0.9122972269856637, 0.1576465649121419], "k_pid_att": [66.425021291794, 5.859554809351448, 0.73590781336997], "k_pid_yaw": [0.5, 1e-06, 0.1], "k_pid_hsp": [1.606987810134683, 0.30538356757589824, 0.01], "k_pid_vsp": [110.56511661686339, 59.083466427248936, 1.0]}, "datetime": {"datetime": "2025-08-21 18:04:29", "elapsed": 33586.01958537102, "delta": 20.609035968780518}, "costs": {"total_cost": 236.2645565257889, "time_cost": 89.72, "final_distance_cost": 1.791002441889447, "oscillation_cost": 59.62076010380003, "completition_cost": 0.0, "overshoot_cost": 56.74912914971536, "power_cost": 15.119277124023439, "noise_cost": 13.264387706360635, "n_waypoints_completed": 9, "tot_waypoints": 9}}
{"target": -533.007787158046, "params": {"k_pid_pos": [1.8922997940790476, 0.00338214545638138, 0.7266918162980436], "k_pid_alt": [1.5967479783170597, 0.0, 0.1576465649121419], "k_pid_att": [92.532430894659, 7.519210862131359, 0.73590781336997], "k_pid_yaw": [0.5, 1e-06, 0.1], "k_pid_hsp": [1.1779218432282734, 0.1531003758033771, 0.8149121113391221], "k_pid_vsp": [110.56511661686339, 273.5293865660895, 1.0]}, "datetime": {"datetime": "2025-08-21 18:04:53", "elapsed": 33609.86814260483, "delta": 23.848557233810425}, "costs": {"total_cost": 533.007787158046, "time_cost": 99.184, "final_distance_cost": 1.7692852560154482, "oscillation_cost": 318.8296087518121, "completition_cost": 0.0, "overshoot_cost": 68.03484914485945, "power_cost": 25.222310620117188, "noise_cost": 19.967733385241793, "n_waypoints_completed": 9, "tot_waypoints": 9}}
{"target": -1713.8189115368048, "params": {"k_pid_pos": [1.8034346552870686, 0.08087462101852438, 0.15504459629470158], "k_pid_alt": [0.7503000084241305, 0.0, 0.1576465649121419], "k_pid_att": [0.940241120304286, 5.859554809351448, 0.73590781336997], "k_pid_yaw": [0.5, 1e-06, 0.1], "k_pid_hsp": [0.26818612338505615, 0.1531003758033771, 0.01], "k_pid_vsp": [110.56511661686339, 59.083466427248936, 1.0]}, "datetime": {"datetime": "2025-08-21 18:05:16", "elapsed": 33633.43520140648, "delta": 23.567058801651}, "costs": {"total_cost": 1713.8189115368048, "time_cost": 150, "final_distance_cost": 49.87238482997379, "oscillation_cost": 388.12429736542913, "completition_cost": 888.8888888888888, "overshoot_cost": 124.36083547748134, "power_cost": 33.69088587646485, "noise_cost": 78.88161909856687, "n_waypoints_completed": 1, "tot_waypoints": 9}}
{"target": -224.60072520961864, "params": {"k_pid_pos": [1.7978416467070553, 0.024859491386256316, 0.6250867496839783], "k_pid_alt": [1.1098775236402525, 0.3895604077003664, 0.1576465649121419], "k_pid_att": [58.989274729095186, 5.859554809351448, 0.73590781336997], "k_pid_yaw": [0.5, 1e-06, 0.1], "k_pid_hsp": [1.606987810134683, 0.1531003758033771, 0.01], "k_pid_vsp": [110.56511661686339, 59.083466427248936, 39.31490123340624]}, "datetime": {"datetime": "2025-08-21 18:05:35", "elapsed": 33652.180086135864, "delta": 18.744884729385376}, "costs": {"total_cost": 224.60072520961864, "time_cost": 81.4, "final_distance_cost": 1.7536100738768523, "oscillation_cost": 56.662426651530154, "completition_cost": 0.0, "overshoot_cost": 52.059323704791915, "power_cost": 18.83700544433594, "noise_cost": 13.888359335083768, "n_waypoints_completed": 9, "tot_waypoints": 9}}
{"target": -181.62337807013225, "params": {"k_pid_pos": [1.8922997940790476, 0.024859491386256316, 0.6250867496839783], "k_pid_alt": [1.1098775236402525, 0.0, 0.1576465649121419], "k_pid_att": [11.329609997636037, 6.043751783864618, 0.73590781336997], "k_pid_yaw": [0.5, 1e-06, 0.1], "k_pid_hsp": [1.606987810134683, 0.1531003758033771, 0.01], "k_pid_vsp": [110.56511661686339, 59.083466427248936, 1.0]}, "datetime": {"datetime": "2025-08-21 18:05:52", "elapsed": 33669.29912638664, "delta": 17.1190402507782}, "costs": {"total_cost": 181.62337807013225, "time_cost": 68.88, "final_distance_cost": 1.805652000602106, "oscillation_cost": 41.73707281577974, "completition_cost": 0.0, "overshoot_cost": 49.54526070297921, "power_cost": 9.805380126953125, "noise_cost": 9.85001242381806, "n_waypoints_completed": 9, "tot_waypoints": 9}}
{"target": -192.57009348526807, "params": {"k_pid_pos": [1.8922997940790476, 0.024859491386256316, 0.6250867496839783], "k_pid_alt": [1.1098775236402525, 0.0, 0.1576465649121419], "k_pid_att": [58.989274729095186, 1.1166001057131414, 0.73590781336997], "k_pid_yaw": [0.5, 1e-06, 0.1], "k_pid_hsp": [1.606987810134683, 0.1531003758033771, 0.01], "k_pid_vsp": [110.56511661686339, 59.083466427248936, 1.0]}, "datetime": {"datetime": "2025-08-21 18:06:09", "elapsed": 33686.35121321678, "delta": 17.05208683013916}, "costs": {"total_cost": 192.57009348526807, "time_cost": 71.47200000000001, "final_distance_cost": 1.818220076846533, "oscillation_cost": 41.07807329733644, "completition_cost": 0.0, "overshoot_cost": 50.30100760590325, "power_cost": 15.061713610839844, "noise_cost": 12.839078894342, "n_waypoints_completed": 9, "tot_waypoints": 9}}
{"target": -192.69830692646912, "params": {"k_pid_pos": [1.8922997940790476, 0.535198962463447, 0.6250867496839783], "k_pid_alt": [1.9160597436741602, 0.0, 0.1576465649121419], "k_pid_att": [58.989274729095186, 5.859554809351448, 0.73590781336997], "k_pid_yaw": [0.5, 1e-06, 0.1], "k_pid_hsp": [1.606987810134683, 0.1531003758033771, 0.01], "k_pid_vsp": [110.56511661686339, 130.53254854158118, 1.0]}, "datetime": {"datetime": "2025-08-21 18:06:27", "elapsed": 33704.123107910156, "delta": 17.771894693374634}, "costs": {"total_cost": 192.69830692646912, "time_cost": 75.08800000000001, "final_distance_cost": 1.7759504289883334, "oscillation_cost": 43.47104062516007, "completition_cost": 0.0, "overshoot_cost": 51.87733473444685, "power_cost": 10.16066170654297, "noise_cost": 10.325319431330875, "n_waypoints_completed": 9, "tot_waypoints": 9}}
{"target": -277.0177118301417, "params": {"k_pid_pos": [1.8922997940790476, 0.024859491386256316, 0.9990290440445977], "k_pid_alt": [0.9907947987713464, 0.0, 0.1576465649121419], "k_pid_att": [58.989274729095186, 5.859554809351448, 0.23684944774097727], "k_pid_yaw": [0.5, 1e-06, 0.1], "k_pid_hsp": [9.78976571952335, 0.1531003758033771, 0.01], "k_pid_vsp": [110.56511661686339, 130.53254854158118, 1.0]}, "datetime": {"datetime": "2025-08-21 18:06:44", "elapsed": 33721.22420668602, "delta": 17.101098775863647}, "costs": {"total_cost": 277.0177118301417, "time_cost": 71.072, "final_distance_cost": 1.8401584576533505, "oscillation_cost": 129.35212461326398, "completition_cost": 0.0, "overshoot_cost": 50.21730439067271, "power_cost": 12.847583630371094, "noise_cost": 11.688540738180587, "n_waypoints_completed": 9, "tot_waypoints": 9}}
{"target": -198.94335725672022, "params": {"k_pid_pos": [1.8922997940790476, 0.024859491386256316, 0.6250867496839783], "k_pid_alt": [0.8511837275376319, 0.0, 0.014398680574380873], "k_pid_att": [58.989274729095186, 8.451705289372699, 0.73590781336997], "k_pid_yaw": [0.5, 1e-06, 0.1], "k_pid_hsp": [3.326477210804739, 0.30538356757589824, 0.01], "k_pid_vsp": [110.56511661686339, 9.253091459386084, 1.0]}, "datetime": {"datetime": "2025-08-21 18:07:02", "elapsed": 33738.45860910416, "delta": 17.234402418136597}, "costs": {"total_cost": 198.94335725672022, "time_cost": 72.656, "final_distance_cost": 1.8063123976918665, "oscillation_cost": 48.37499816830915, "completition_cost": 0.0, "overshoot_cost": 51.200581155932525, "power_cost": 12.934784399414063, "noise_cost": 11.970681135372608, "n_waypoints_completed": 9, "tot_waypoints": 9}}
{"target": -347.23124412638293, "params": {"k_pid_pos": [1.8922997940790476, 0.00338214545638138, 0.5215242577869234], "k_pid_alt": [1.739673739032684, 0.0, 0.1576465649121419], "k_pid_att": [92.532430894659, 3.2931611945007657, 0.73590781336997], "k_pid_yaw": [0.5, 1e-06, 0.1], "k_pid_hsp": [4.3372224232348895, 0.3095743154041969, 0.16874075997246774], "k_pid_vsp": [110.56511661686339, 214.5862008004988, 1.0]}, "datetime": {"datetime": "2025-08-21 18:07:21", "elapsed": 33758.15607047081, "delta": 19.697461366653442}, "costs": {"total_cost": 347.23124412638293, "time_cost": 80.632, "final_distance_cost": 1.8198862033333494, "oscillation_cost": 181.9962897803971, "completition_cost": 0.0, "overshoot_cost": 54.12477053046259, "power_cost": 15.461610791015625, "noise_cost": 13.196686821174309, "n_waypoints_completed": 9, "tot_waypoints": 9}}
{"target": -184.0774912767648, "params": {"k_pid_pos": [1.8922997940790476, 0.024859491386256316, 0.6250867496839783], "k_pid_alt": [1.1098775236402525, 0.0, 0.1576465649121419], "k_pid_att": [58.989274729095186, 5.859554809351448, 0.73590781336997], "k_pid_yaw": [0.5, 1e-06, 0.1], "k_pid_hsp": [1.606987810134683, 0.1531003758033771, 0.01], "k_pid_vsp": [110.56511661686339, 59.083466427248936, 1.0]}, "datetime": {"datetime": "2025-08-21 18:07:38", "elapsed": 33774.960371255875, "delta": 16.804300785064697}, "costs": {"total_cost": 184.0774912767648, "time_cost": 69.152, "final_distance_cost": 1.807960137609689, "oscillation_cost": 41.03394327228254, "completition_cost": 0.0, "overshoot_cost": 50.19033378438907, "power_cost": 11.072756335449219, "noise_cost": 10.820497747034269, "n_waypoints_completed": 9, "tot_waypoints": 9}}
{"target": -182.34083777179248, "params": {"k_pid_pos": [1.8922997940790476, 0.024859491386256316, 0.6250867496839783], "k_pid_alt": [1.1098775236402525, 0.0, 0.1928987146789487], "k_pid_att": [58.989274729095186, 9.481495940872867, 0.73590781336997], "k_pid_yaw": [0.5, 1e-06, 0.1], "k_pid_hsp": [1.606987810134683, 0.1531003758033771, 0.01], "k_pid_vsp": [110.56511661686339, 59.083466427248936, 1.0]}, "datetime": {"datetime": "2025-08-21 18:07:54", "elapsed": 33790.97071528435, "delta": 16.0103440284729}, "costs": {"total_cost": 182.34083777179248, "time_cost": 69.568, "final_distance_cost": 1.8355848159094006, "oscillation_cost": 38.67889944124777, "completition_cost": 0.0, "overshoot_cost": 50.25013685586589, "power_cost": 11.275186596679688, "noise_cost": 10.733030062089748, "n_waypoints_completed": 9, "tot_waypoints": 9}}
{"target": -194.89380992171453, "params": {"k_pid_pos": [1.8922997940790476, 0.024859491386256316, 0.6250867496839783], "k_pid_alt": [1.1098775236402525, 0.0, 0.5405957282041112], "k_pid_att": [25.463483275157817, 5.859554809351448, 0.73590781336997], "k_pid_yaw": [0.5, 1e-06, 0.1], "k_pid_hsp": [1.606987810134683, 0.1531003758033771, 0.01], "k_pid_vsp": [110.56511661686339, 59.083466427248936, 1.0]}, "datetime": {"datetime": "2025-08-21 18:08:12", "elapsed": 33808.70654773712, "delta": 17.735832452774048}, "costs": {"total_cost": 194.89380992171453, "time_cost": 71.288, "final_distance_cost": 1.8305648444780005, "oscillation_cost": 42.71461174914053, "completition_cost": 0.0, "overshoot_cost": 50.16314251173743, "power_cost": 15.824179077148438, "noise_cost": 13.073311739210132, "n_waypoints_completed": 9, "tot_waypoints": 9}}
{"target": -192.3179798389577, "params": {"k_pid_pos": [1.8922997940790476, 0.024859491386256316, 0.6250867496839783], "k_pid_alt": [1.1098775236402525, 0.0, 0.7455603024785848], "k_pid_att": [11.329609997636037, 6.043751783864618, 0.73590781336997], "k_pid_yaw": [0.5, 1e-06, 0.1], "k_pid_hsp": [5.335990326040409, 0.1531003758033771, 0.01], "k_pid_vsp": [110.56511661686339, 186.29560388348816, 1.0]}, "datetime": {"datetime": "2025-08-21 18:08:28", "elapsed": 33824.74349999428, "delta": 16.036952257156372}, "costs": {"total_cost": 192.3179798389577, "time_cost": 71.864, "final_distance_cost": 1.8249574158317219, "oscillation_cost": 45.70516441628557, "completition_cost": 0.0, "overshoot_cost": 49.5425145451626, "power_cost": 12.170003344726563, "noise_cost": 11.211340116951288, "n_waypoints_completed": 9, "tot_waypoints": 9}}
{"target": -180.63236284698237, "params": {"k_pid_pos": [1.8922997940790476, 0.024859491386256316, 0.6250867496839783], "k_pid_alt": [1.1098775236402525, 0.0, 0.1576465649121419], "k_pid_att": [58.989274729095186, 5.859554809351448, 0.73590781336997], "k_pid_yaw": [0.5, 1e-06, 0.1], "k_pid_hsp": [1.606987810134683, 0.1531003758033771, 0.01], "k_pid_vsp": [110.56511661686339, 130.53254854158118, 1.0]}, "datetime": {"datetime": "2025-08-21 18:08:45", "elapsed": 33842.01221251488, "delta": 17.268712520599365}, "costs": {"total_cost": 180.63236284698237, "time_cost": 68.904, "final_distance_cost": 1.8133293480600612, "oscillation_cost": 41.38384935407647, "completition_cost": 0.0, "overshoot_cost": 49.58523778316685, "power_cost": 9.153101220703125, "noise_cost": 9.792845140975857, "n_waypoints_completed": 9, "tot_waypoints": 9}}
