{"target": -184.49964830902007, "params": {"k_pid_pos": [1.3885554450422086, 0.024859491386256316, 0.11401919133455096], "k_pid_alt": [1.2679502233621702, 0.0, 0.1576465649121419], "k_pid_att": [58.989274729095186, 7.284845820832624, 0.8739915892735461], "k_pid_yaw": [0.5, 1e-06, 0.1], "k_pid_hsp": [1.0, 0.1531003758033771, 0.01], "k_pid_vsp": [378.2079564087626, 355.21150340299164, 1.0]}, "datetime": {"datetime": "2025-08-21 13:17:52", "elapsed": 16389.207756757736, "delta": 15.149858713150024}, "costs": {"total_cost": 184.49964830902007, "time_cost": 68.688, "final_distance_cost": 1.801371704345391, "oscillation_cost": 38.72524216426102, "completition_cost": 0.0, "overshoot_cost": 50.35818178729729, "power_cost": 13.268692578125, "noise_cost": 11.65816007499138, "n_waypoints_completed": 9, "tot_waypoints": 9}}
{"target": -187.7336264409115, "params": {"k_pid_pos": [1.3885554450422086, 0.024859491386256316, 0.4388587351883817], "k_pid_alt": [1.2679502233621702, 0.0, 0.1576465649121419], "k_pid_att": [33.41589308538913, 7.284845820832624, 0.8739915892735461], "k_pid_yaw": [0.5, 1e-06, 0.1], "k_pid_hsp": [3.022941925987454, 0.4702638621486921, 0.01], "k_pid_vsp": [378.2079564087626, 282.782445757401, 1.0]}, "datetime": {"datetime": "2025-08-21 13:18:09", "elapsed": 16405.546132802963, "delta": 16.33837604522705}, "costs": {"total_cost": 187.7336264409115, "time_cost": 69.984, "final_distance_cost": 1.846178288617058, "oscillation_cost": 39.90628293540576, "completition_cost": 0.0, "overshoot_cost": 50.08827112474724, "power_cost": 13.570625561523439, "noise_cost": 12.338268530618029, "n_waypoints_completed": 9, "tot_waypoints": 9}}
{"target": -1131.7067003186373, "params": {"k_pid_pos": [1.3885554450422086, 0.4228336305747159, 0.4388587351883817], "k_pid_alt": [1.2679502233621702, 0.0, 0.9690789782144964], "k_pid_att": [33.41589308538913, 7.284845820832624, 0.8739915892735461], "k_pid_yaw": [0.5, 1e-06, 0.1], "k_pid_hsp": [3.022941925987454, 0.4702638621486921, 0.01], "k_pid_vsp": [378.2079564087626, 282.782445757401, 397.48431374018486]}, "datetime": {"datetime": "2025-08-21 13:18:31", "elapsed": 16428.446012735367, "delta": 22.899879932403564}, "costs": {"total_cost": 1131.7067003186373, "time_cost": 150, "final_distance_cost": 86.54255874308484, "oscillation_cost": 37.81885785263398, "completition_cost": 777.7777777777778, "overshoot_cost": 59.122297100079216, "power_cost": 9.566898364257813, "noise_cost": 10.878310480803625, "n_waypoints_completed": 2, "tot_waypoints": 9}}
{"target": -190.18098975047087, "params": {"k_pid_pos": [1.4164186877546903, 0.024859491386256316, 0.4388587351883817], "k_pid_alt": [1.2679502233621702, 0.0, 0.6145304926431803], "k_pid_att": [33.41589308538913, 7.284845820832624, 0.8739915892735461], "k_pid_yaw": [0.5, 1e-06, 0.1], "k_pid_hsp": [3.022941925987454, 0.4702638621486921, 0.01], "k_pid_vsp": [378.2079564087626, 300.6723471101404, 1.0]}, "datetime": {"datetime": "2025-08-21 13:18:48", "elapsed": 16445.049220323563, "delta": 16.6032075881958}, "costs": {"total_cost": 190.18098975047087, "time_cost": 71.21600000000001, "final_distance_cost": 1.8424609306587394, "oscillation_cost": 42.28440720542024, "completition_cost": 0.0, "overshoot_cost": 49.85178599033003, "power_cost": 13.090105102539063, "noise_cost": 11.89623052152277, "n_waypoints_completed": 9, "tot_waypoints": 9}}
{"target": -190.8170977123787, "params": {"k_pid_pos": [1.3078103269235994, 0.024859491386256316, 0.07188833330086031], "k_pid_alt": [1.2679502233621702, 0.0, 0.1576465649121419], "k_pid_att": [65.90126278649572, 7.284845820832624, 0.4581042828497125], "k_pid_yaw": [0.5, 1e-06, 0.1], "k_pid_hsp": [1.0, 0.3530148293123191, 0.01], "k_pid_vsp": [378.2079564087626, 355.21150340299164, 1.0]}, "datetime": {"datetime": "2025-08-21 13:19:04", "elapsed": 16460.90895676613, "delta": 15.859736442565918}, "costs": {"total_cost": 190.8170977123787, "time_cost": 68.70400000000001, "final_distance_cost": 1.8000550426802426, "oscillation_cost": 45.35376606820743, "completition_cost": 0.0, "overshoot_cost": 50.00474314041359, "power_cost": 13.242984887695313, "noise_cost": 11.711548573382155, "n_waypoints_completed": 9, "tot_waypoints": 9}}
{"target": -197.43155536405177, "params": {"k_pid_pos": [1.3885554450422086, 0.024859491386256316, 0.4388587351883817], "k_pid_alt": [1.2679502233621702, 0.0, 0.1576465649121419], "k_pid_att": [33.41589308538913, 7.284845820832624, 0.6426065009168366], "k_pid_yaw": [0.5, 1e-06, 0.1], "k_pid_hsp": [1.0, 0.1531003758033771, 0.01], "k_pid_vsp": [378.2079564087626, 355.21150340299164, 1.0]}, "datetime": {"datetime": "2025-08-21 13:19:21", "elapsed": 16477.52343273163, "delta": 16.614475965499878}, "costs": {"total_cost": 197.43155536405177, "time_cost": 72.552, "final_distance_cost": 1.8385825013227044, "oscillation_cost": 42.10467258606205, "completition_cost": 0.0, "overshoot_cost": 49.592293892165884, "power_cost": 17.22763857421875, "noise_cost": 14.116367810282355, "n_waypoints_completed": 9, "tot_waypoints": 9}}
{"target": -560.2824419087037, "params": {"k_pid_pos": [1.3885554450422086, 0.024859491386256316, 0.11401919133455096], "k_pid_alt": [0.3544135406198281, 0.0, 0.7222123030452839], "k_pid_att": [24.0942673894178, 7.284845820832624, 0.8739915892735461], "k_pid_yaw": [0.5, 1e-06, 0.1], "k_pid_hsp": [3.022941925987454, 0.9677741304742827, 0.01], "k_pid_vsp": [275.33154576757, 355.21150340299164, 1.0]}, "datetime": {"datetime": "2025-08-21 13:19:43", "elapsed": 16500.39468741417, "delta": 22.871254682540894}, "costs": {"total_cost": 560.2824419087037, "time_cost": 150, "final_distance_cost": 67.4084932957582, "oscillation_cost": 51.817965508046946, "completition_cost": 222.2222222222222, "overshoot_cost": 43.020939432933666, "power_cost": 13.0031451171875, "noise_cost": 12.80967633255528, "n_waypoints_completed": 7, "tot_waypoints": 9}}
{"target": -225.37798058971217, "params": {"k_pid_pos": [1.901325454231368, 0.024859491386256316, 0.4388587351883817], "k_pid_alt": [1.2679502233621702, 0.0, 0.8705629771698292], "k_pid_att": [33.41589308538913, 5.215311636883334, 0.8739915892735461], "k_pid_yaw": [0.5, 1e-06, 0.1], "k_pid_hsp": [0.22821344198103216, 0.4646359499442313, 0.01], "k_pid_vsp": [366.9222945638871, 355.21150340299164, 1.0]}, "datetime": {"datetime": "2025-08-21 13:20:01", "elapsed": 16517.84481906891, "delta": 17.45013165473938}, "costs": {"total_cost": 225.37798058971217, "time_cost": 73.376, "final_distance_cost": 1.8458797539621092, "oscillation_cost": 73.45644828555938, "completition_cost": 0.0, "overshoot_cost": 48.945105613789636, "power_cost": 15.221673376464844, "noise_cost": 12.532873559936203, "n_waypoints_completed": 9, "tot_waypoints": 9}}
{"target": -390.6118335997628, "params": {"k_pid_pos": [1.3885554450422086, 0.024859491386256316, 0.11401919133455096], "k_pid_alt": [1.0499380434106582, 0.0, 0.1576465649121419], "k_pid_att": [58.989274729095186, 7.284845820832624, 0.8739915892735461], "k_pid_yaw": [0.5, 1e-06, 0.1], "k_pid_hsp": [1.0, 0.1531003758033771, 0.9050870333062111], "k_pid_vsp": [378.2079564087626, 355.21150340299164, 1.0]}, "datetime": {"datetime": "2025-08-21 13:20:23", "elapsed": 16540.396387815475, "delta": 22.551568746566772}, "costs": {"total_cost": 390.6118335997628, "time_cost": 97.64, "final_distance_cost": 1.7999950104896325, "oscillation_cost": 184.24831142079265, "completition_cost": 0.0, "overshoot_cost": 66.86159601095599, "power_cost": 21.61233485107422, "noise_cost": 18.449596306450378, "n_waypoints_completed": 9, "tot_waypoints": 9}}
{"target": -212.24227700361166, "params": {"k_pid_pos": [1.3885554450422086, 0.024859491386256316, 0.8100884609760892], "k_pid_alt": [1.2679502233621702, 0.0, 0.5500846473514374], "k_pid_att": [58.989274729095186, 7.284845820832624, 0.18356154715941053], "k_pid_yaw": [0.5, 1e-06, 0.1], "k_pid_hsp": [2.575161370303539, 0.1531003758033771, 0.01], "k_pid_vsp": [378.2079564087626, 355.21150340299164, 1.0]}, "datetime": {"datetime": "2025-08-21 13:20:40", "elapsed": 16557.342577934265, "delta": 16.946190118789673}, "costs": {"total_cost": 212.24227700361166, "time_cost": 74.21600000000001, "final_distance_cost": 1.8445000635695525, "oscillation_cost": 53.682530803035434, "completition_cost": 0.0, "overshoot_cost": 50.50427409476728, "power_cost": 17.415562023925784, "noise_cost": 14.579410018313592, "n_waypoints_completed": 9, "tot_waypoints": 9}}
{"target": -197.88805670314824, "params": {"k_pid_pos": [0.5749082678199174, 0.024859491386256316, 0.11401919133455096], "k_pid_alt": [1.2679502233621702, 0.0, 0.06527723447865985], "k_pid_att": [24.0942673894178, 7.284845820832624, 0.4533553111744568], "k_pid_yaw": [0.5, 1e-06, 0.1], "k_pid_hsp": [1.0, 0.20291134351117135, 0.01], "k_pid_vsp": [378.2079564087626, 355.21150340299164, 1.0]}, "datetime": {"datetime": "2025-08-21 13:20:58", "elapsed": 16575.364436626434, "delta": 18.02185869216919}, "costs": {"total_cost": 197.88805670314824, "time_cost": 78.976, "final_distance_cost": 1.854168264203551, "oscillation_cost": 37.95539537117509, "completition_cost": 0.0, "overshoot_cost": 50.91043271010534, "power_cost": 14.504043225097657, "noise_cost": 13.688017132566577, "n_waypoints_completed": 9, "tot_waypoints": 9}}
{"target": -794.3239787133728, "params": {"k_pid_pos": [1.901325454231368, 0.024859491386256316, 0.15676371154545432], "k_pid_alt": [1.2679502233621702, 0.0, 0.06527723447865985], "k_pid_att": [24.0942673894178, 7.284845820832624, 0.8739915892735461], "k_pid_yaw": [0.5, 1e-06, 0.1], "k_pid_hsp": [3.022941925987454, 0.1531003758033771, 0.01], "k_pid_vsp": [378.2079564087626, 355.21150340299164, 335.78956033918365]}, "datetime": {"datetime": "2025-08-21 13:21:22", "elapsed": 16598.963369369507, "delta": 23.59893274307251}, "costs": {"total_cost": 794.3239787133728, "time_cost": 150, "final_distance_cost": 52.663050817317384, "oscillation_cost": 45.21297341693752, "completition_cost": 444.4444444444444, "overshoot_cost": 57.959194724712155, "power_cost": 26.066533422851563, "noise_cost": 17.977781887109778, "n_waypoints_completed": 5, "tot_waypoints": 9}}
{"target": -194.31660795586882, "params": {"k_pid_pos": [1.901325454231368, 0.024859491386256316, 0.15676371154545432], "k_pid_alt": [1.2679502233621702, 0.0, 0.11578642527130634], "k_pid_att": [6.174354700882767, 3.917135097401164, 0.8739915892735461], "k_pid_yaw": [0.5, 1e-06, 0.1], "k_pid_hsp": [1.0, 0.1531003758033771, 0.01], "k_pid_vsp": [378.2079564087626, 355.21150340299164, 1.0]}, "datetime": {"datetime": "2025-08-21 13:21:38", "elapsed": 16614.81732726097, "delta": 15.853957891464233}, "costs": {"total_cost": 194.31660795586882, "time_cost": 68.152, "final_distance_cost": 1.7763205065382073, "oscillation_cost": 49.48371168633877, "completition_cost": 0.0, "overshoot_cost": 49.171525570181004, "power_cost": 14.070934899902344, "noise_cost": 11.662115292908505, "n_waypoints_completed": 9, "tot_waypoints": 9}}
{"target": -1111.4101991599405, "params": {"k_pid_pos": [0.0720678231299122, 0.024859491386256316, 0.4388587351883817], "k_pid_alt": [1.0304713630477362, 0.7031627732108057, 0.06527723447865985], "k_pid_att": [24.0942673894178, 7.284845820832624, 0.4533553111744568], "k_pid_yaw": [0.5, 1e-06, 0.1], "k_pid_hsp": [1.0, 0.20291134351117135, 0.01], "k_pid_vsp": [378.2079564087626, 355.21150340299164, 1.0]}, "datetime": {"datetime": "2025-08-21 13:22:01", "elapsed": 16637.73454141617, "delta": 22.917214155197144}, "costs": {"total_cost": 1111.4101991599405, "time_cost": 150, "final_distance_cost": 82.89969858191589, "oscillation_cost": 11.606136451526135, "completition_cost": 777.7777777777778, "overshoot_cost": 57.2364828721703, "power_cost": 17.249135949707032, "noise_cost": 14.640967526843164, "n_waypoints_completed": 2, "tot_waypoints": 9}}
{"target": -185.42819806232674, "params": {"k_pid_pos": [1.3885554450422086, 0.024859491386256316, 0.231276554047951], "k_pid_alt": [0.8545398455997026, 0.0, 0.06527723447865985], "k_pid_att": [24.0942673894178, 7.284845820832624, 0.8739915892735461], "k_pid_yaw": [0.5, 1e-06, 0.1], "k_pid_hsp": [1.0, 0.1531003758033771, 0.01], "k_pid_vsp": [378.2079564087626, 355.21150340299164, 1.0]}, "datetime": {"datetime": "2025-08-21 13:22:17", "elapsed": 16653.773261785507, "delta": 16.03872036933899}, "costs": {"total_cost": 185.42819806232674, "time_cost": 70.08, "final_distance_cost": 1.834519277854771, "oscillation_cost": 39.732323983017025, "completition_cost": 0.0, "overshoot_cost": 49.74171186220802, "power_cost": 12.622403991699219, "noise_cost": 11.4172389475477, "n_waypoints_completed": 9, "tot_waypoints": 9}}
{"target": -182.3092491537731, "params": {"k_pid_pos": [1.3885554450422086, 0.024859491386256316, 0.11401919133455096], "k_pid_alt": [1.2679502233621702, 0.0, 0.06527723447865985], "k_pid_att": [24.0942673894178, 7.284845820832624, 0.8739915892735461], "k_pid_yaw": [0.5, 1e-06, 0.1], "k_pid_hsp": [3.022941925987454, 0.1531003758033771, 0.01], "k_pid_vsp": [378.2079564087626, 355.21150340299164, 1.0]}, "datetime": {"datetime": "2025-08-21 13:22:32", "elapsed": 16669.403193473816, "delta": 15.629931688308716}, "costs": {"total_cost": 182.3092491537731, "time_cost": 68.47200000000001, "final_distance_cost": 1.8046408693866949, "oscillation_cost": 39.25642556817652, "completition_cost": 0.0, "overshoot_cost": 49.599139309140526, "power_cost": 11.981835278320313, "noise_cost": 11.195208128749057, "n_waypoints_completed": 9, "tot_waypoints": 9}}
{"target": -189.57311093502713, "params": {"k_pid_pos": [1.3885554450422086, 0.024859491386256316, 0.11401919133455096], "k_pid_alt": [1.2679502233621702, 0.0, 0.1576465649121419], "k_pid_att": [58.989274729095186, 7.284845820832624, 0.8739915892735461], "k_pid_yaw": [0.5, 1e-06, 0.1], "k_pid_hsp": [1.0, 0.1531003758033771, 0.01], "k_pid_vsp": [378.2079564087626, 102.7157397860675, 1.0]}, "datetime": {"datetime": "2025-08-21 13:22:48", "elapsed": 16685.073470830917, "delta": 15.67027735710144}, "costs": {"total_cost": 189.57311093502713, "time_cost": 69.536, "final_distance_cost": 1.8082263262370142, "oscillation_cost": 40.68788995000648, "completition_cost": 0.0, "overshoot_cost": 50.71280837128516, "power_cost": 14.516664501953125, "noise_cost": 12.31152178554535, "n_waypoints_completed": 9, "tot_waypoints": 9}}
{"target": -213.6940898521563, "params": {"k_pid_pos": [1.3885554450422086, 0.9973081004456583, 0.4388587351883817], "k_pid_alt": [1.2679502233621702, 0.0, 0.06527723447865985], "k_pid_att": [24.0942673894178, 7.284845820832624, 0.8739915892735461], "k_pid_yaw": [0.5, 1e-06, 0.1], "k_pid_hsp": [1.0, 0.1531003758033771, 0.01], "k_pid_vsp": [378.2079564087626, 355.21150340299164, 1.0]}, "datetime": {"datetime": "2025-08-21 13:23:08", "elapsed": 16705.08938717842, "delta": 20.015916347503662}, "costs": {"total_cost": 213.6940898521563, "time_cost": 85.98400000000001, "final_distance_cost": 1.6894623382670233, "oscillation_cost": 53.03512714443441, "completition_cost": 0.0, "overshoot_cost": 52.662453698843, "power_cost": 9.569237451171876, "noise_cost": 10.753809219440003, "n_waypoints_completed": 9, "tot_waypoints": 9}}
{"target": -320.42724994889363, "params": {"k_pid_pos": [1.3078103269235994, 0.024859491386256316, 0.07188833330086031], "k_pid_alt": [1.2679502233621702, 0.0, 0.1576465649121419], "k_pid_att": [93.65426823711724, 7.284845820832624, 0.8739915892735461], "k_pid_yaw": [0.5, 1e-06, 0.1], "k_pid_hsp": [3.022941925987454, 0.1531003758033771, 0.40925506695826264], "k_pid_vsp": [349.40333172427154, 213.45582935365798, 1.0]}, "datetime": {"datetime": "2025-08-21 13:23:26", "elapsed": 16722.729660987854, "delta": 17.640273809432983}, "costs": {"total_cost": 320.42724994889363, "time_cost": 75.792, "final_distance_cost": 1.8046310570152264, "oscillation_cost": 157.20751854851898, "completition_cost": 0.0, "overshoot_cost": 53.38465871498914, "power_cost": 17.915012243652345, "noise_cost": 14.323429384717919, "n_waypoints_completed": 9, "tot_waypoints": 9}}
{"target": -229.2098081861241, "params": {"k_pid_pos": [1.3885554450422086, 0.562437059426841, 0.11401919133455096], "k_pid_alt": [1.2679502233621702, 0.0, 0.06527723447865985], "k_pid_att": [24.0942673894178, 7.284845820832624, 0.8739915892735461], "k_pid_yaw": [0.5, 1e-06, 0.1], "k_pid_hsp": [1.0, 0.3530148293123191, 0.01], "k_pid_vsp": [378.2079564087626, 355.21150340299164, 1.0]}, "datetime": {"datetime": "2025-08-21 13:23:45", "elapsed": 16742.27156686783, "delta": 19.541905879974365}, "costs": {"total_cost": 229.2098081861241, "time_cost": 84.08, "final_distance_cost": 1.7626006676854977, "oscillation_cost": 56.6775936130118, "completition_cost": 0.0, "overshoot_cost": 53.623553052408305, "power_cost": 18.256316723632814, "noise_cost": 14.80974412938567, "n_waypoints_completed": 9, "tot_waypoints": 9}}
{"target": -315.77302791081627, "params": {"k_pid_pos": [1.3885554450422086, 0.024859491386256316, 0.06837744536824142], "k_pid_alt": [1.408510096659571, 0.0, 0.06527723447865985], "k_pid_att": [58.989274729095186, 7.284845820832624, 0.4533553111744568], "k_pid_yaw": [0.5, 1e-06, 0.1], "k_pid_hsp": [7.913838258274543, 0.20291134351117135, 0.9477950138699737], "k_pid_vsp": [378.2079564087626, 355.21150340299164, 1.0]}, "datetime": {"datetime": "2025-08-21 13:24:01", "elapsed": 16758.35310935974, "delta": 16.081542491912842}, "costs": {"total_cost": 315.77302791081627, "time_cost": 70.72, "final_distance_cost": 1.739714615497259, "oscillation_cost": 166.61591758999705, "completition_cost": 0.0, "overshoot_cost": 50.85049042574062, "power_cost": 13.875817443847657, "noise_cost": 11.971087835733679, "n_waypoints_completed": 9, "tot_waypoints": 9}}
{"target": -188.0670676640366, "params": {"k_pid_pos": [1.901325454231368, 0.024859491386256316, 0.15676371154545432], "k_pid_alt": [1.2679502233621702, 0.0, 0.06527723447865985], "k_pid_att": [24.0942673894178, 2.057470297840489, 0.8739915892735461], "k_pid_yaw": [0.5, 1e-06, 0.1], "k_pid_hsp": [1.0, 0.1531003758033771, 0.01], "k_pid_vsp": [383.6525668739127, 355.21150340299164, 1.0]}, "datetime": {"datetime": "2025-08-21 13:24:18", "elapsed": 16774.575608968735, "delta": 16.22249960899353}, "costs": {"total_cost": 188.0670676640366, "time_cost": 68.536, "final_distance_cost": 1.7790283370726268, "oscillation_cost": 42.41449185991295, "completition_cost": 0.0, "overshoot_cost": 49.469482125361694, "power_cost": 13.986821240234375, "noise_cost": 11.881244101454959, "n_waypoints_completed": 9, "tot_waypoints": 9}}
{"target": -1306.9954471325382, "params": {"k_pid_pos": [1.901325454231368, 0.4312052517798246, 0.4388587351883817], "k_pid_alt": [1.2679502233621702, 0.0, 0.07734400225577898], "k_pid_att": [33.41589308538913, 7.284845820832624, 0.8739915892735461], "k_pid_yaw": [0.5, 1e-06, 0.1], "k_pid_hsp": [1.0, 0.1531003758033771, 0.01], "k_pid_vsp": [378.2079564087626, 355.21150340299164, 399.3545315371922]}, "datetime": {"datetime": "2025-08-21 13:24:41", "elapsed": 16798.143643140793, "delta": 23.568034172058105}, "costs": {"total_cost": 1306.9954471325382, "time_cost": 150, "final_distance_cost": 3.084176975773517, "oscillation_cost": 21.43960817325584, "completition_cost": 1000.0, "overshoot_cost": 98.33838596706642, "power_cost": 19.76402423095703, "noise_cost": 14.369251785485297, "n_waypoints_completed": 0, "tot_waypoints": 9}}
{"target": -183.91772546563712, "params": {"k_pid_pos": [1.3885554450422086, 0.024859491386256316, 0.4388587351883817], "k_pid_alt": [1.115618115767161, 0.0, 0.1576465649121419], "k_pid_att": [33.41589308538913, 7.284845820832624, 0.8739915892735461], "k_pid_yaw": [0.5, 1e-06, 0.1], "k_pid_hsp": [3.022941925987454, 0.4702638621486921, 0.01], "k_pid_vsp": [378.2079564087626, 282.782445757401, 1.0]}, "datetime": {"datetime": "2025-08-21 13:24:57", "elapsed": 16814.14348912239, "delta": 15.9998459815979}, "costs": {"total_cost": 183.91772546563712, "time_cost": 69.544, "final_distance_cost": 1.8461743677752984, "oscillation_cost": 42.18331929093219, "completition_cost": 0.0, "overshoot_cost": 48.765269985687155, "power_cost": 10.798896057128907, "noise_cost": 10.780065764113566, "n_waypoints_completed": 9, "tot_waypoints": 9}}
{"target": -178.03575833924535, "params": {"k_pid_pos": [1.3885554450422086, 0.024859491386256316, 0.11401919133455096], "k_pid_alt": [1.0304713630477362, 0.0, 0.06527723447865985], "k_pid_att": [24.0942673894178, 7.284845820832624, 0.8739915892735461], "k_pid_yaw": [0.5, 1e-06, 0.1], "k_pid_hsp": [1.0, 0.1531003758033771, 0.01], "k_pid_vsp": [378.2079564087626, 355.21150340299164, 1.0]}, "datetime": {"datetime": "2025-08-21 13:25:13", "elapsed": 16829.833273410797, "delta": 15.689784288406372}, "costs": {"total_cost": 178.03575833924535, "time_cost": 68.624, "final_distance_cost": 1.8255690307213162, "oscillation_cost": 42.069921606544305, "completition_cost": 0.0, "overshoot_cost": 49.05597455750315, "power_cost": 7.885832775878907, "noise_cost": 8.5744603685977, "n_waypoints_completed": 9, "tot_waypoints": 9}}
{"target": -185.12021864093956, "params": {"k_pid_pos": [1.3885554450422086, 0.024859491386256316, 0.4388587351883817], "k_pid_alt": [1.2679502233621702, 0.0, 0.1576465649121419], "k_pid_att": [33.41589308538913, 7.284845820832624, 0.8739915892735461], "k_pid_yaw": [0.5, 1e-06, 0.1], "k_pid_hsp": [3.022941925987454, 0.4702638621486921, 0.01], "k_pid_vsp": [378.2079564087626, 282.782445757401, 1.0]}, "datetime": {"datetime": "2025-08-21 13:25:29", "elapsed": 16846.154245376587, "delta": 16.320971965789795}, "costs": {"total_cost": 185.12021864093956, "time_cost": 69.848, "final_distance_cost": 1.8377844655399567, "oscillation_cost": 39.02979859038247, "completition_cost": 0.0, "overshoot_cost": 50.174575474687785, "power_cost": 12.550406896972657, "noise_cost": 11.67965321335668, "n_waypoints_completed": 9, "tot_waypoints": 9}}
