{"target": -183.27514406157198, "params": {"k_pid_pos": [1.8922997940790476, 0.024859491386256316, 0.42495672118777295], "k_pid_alt": [1.4696857836520854, 0.0, 0.1576465649121419], "k_pid_att": [75.15138048628117, 1.1105074131954076, 0.73590781336997], "k_pid_yaw": [0.5, 1e-06, 0.1], "k_pid_hsp": [1.606987810134683, 0.08333843891839088, 0.01], "k_pid_vsp": [110.56511661686339, 306.5653082406949, 1.0]}, "datetime": {"datetime": "2025-08-21 21:10:48", "elapsed": 44764.74332118034, "delta": 15.517424821853638}, "costs": {"total_cost": 183.27514406157198, "time_cost": 68.224, "final_distance_cost": 1.8057300554734625, "oscillation_cost": 40.23142015356514, "completition_cost": 0.0, "overshoot_cost": 49.61495236218108, "power_cost": 12.189661950683595, "noise_cost": 11.209379539668692, "n_waypoints_completed": 9, "tot_waypoints": 9}}
{"target": -202.5284143550933, "params": {"k_pid_pos": [1.8922997940790476, 0.024859491386256316, 0.42495672118777295], "k_pid_alt": [1.4696857836520854, 0.0, 0.1576465649121419], "k_pid_att": [25.463483275157817, 6.396458713192924, 0.5155183737788994], "k_pid_yaw": [0.5, 1e-06, 0.1], "k_pid_hsp": [1.606987810134683, 0.5904477871505759, 0.01], "k_pid_vsp": [113.59687716636438, 306.5653082406949, 1.0]}, "datetime": {"datetime": "2025-08-21 21:11:05", "elapsed": 44781.66884088516, "delta": 16.925519704818726}, "costs": {"total_cost": 202.5284143550933, "time_cost": 69.904, "final_distance_cost": 1.7918669887267016, "oscillation_cost": 51.31893685001219, "completition_cost": 0.0, "overshoot_cost": 50.1624968310339, "power_cost": 16.267251721191407, "noise_cost": 13.083861964129108, "n_waypoints_completed": 9, "tot_waypoints": 9}}
{"target": -202.13025598822765, "params": {"k_pid_pos": [1.033967693808597, 0.024859491386256316, 0.11838016897587333], "k_pid_alt": [1.982159599922034, 0.5102334997148489, 0.8325386616406555], "k_pid_att": [23.08752834258585, 4.077532668255645, 0.73590781336997], "k_pid_yaw": [0.5, 1e-06, 0.1], "k_pid_hsp": [1.606987810134683, 0.8009836977913036, 0.01], "k_pid_vsp": [110.56511661686339, 130.53254854158118, 1.0]}, "datetime": {"datetime": "2025-08-21 21:11:23", "elapsed": 44799.49474811554, "delta": 17.825907230377197}, "costs": {"total_cost": 202.13025598822765, "time_cost": 75.264, "final_distance_cost": 1.8007506200323022, "oscillation_cost": 53.65387812698462, "completition_cost": 0.0, "overshoot_cost": 49.7990913706153, "power_cost": 10.975627807617188, "noise_cost": 10.636908062978218, "n_waypoints_completed": 9, "tot_waypoints": 9}}
{"target": -191.60034903846523, "params": {"k_pid_pos": [1.8922997940790476, 0.024859491386256316, 0.4027828974344817], "k_pid_alt": [1.85112020821355, 0.0, 0.1576465649121419], "k_pid_att": [63.45214009056577, 4.077532668255645, 0.9808211468183533], "k_pid_yaw": [0.5, 1e-06, 0.1], "k_pid_hsp": [1.606987810134683, 0.08333843891839088, 0.01], "k_pid_vsp": [110.56511661686339, 306.5653082406949, 54.43514165739916]}, "datetime": {"datetime": "2025-08-21 21:11:38", "elapsed": 44815.437485933304, "delta": 15.942737817764282}, "costs": {"total_cost": 191.60034903846523, "time_cost": 67.424, "final_distance_cost": 1.8342633514513462, "oscillation_cost": 44.315006733238306, "completition_cost": 0.0, "overshoot_cost": 49.21968672164397, "power_cost": 16.32846492919922, "noise_cost": 12.478927302932384, "n_waypoints_completed": 9, "tot_waypoints": 9}}
