{"target": -196.5299682384387, "params": {"k_pid_pos": [0.9959853208014533, 0.024859491386256316, 0.11401919133455096], "k_pid_alt": [1.2679502233621702, 0.0, 0.8361997509577753], "k_pid_att": [19.462821160492226, 4.452622529689853, 0.20230861884209816], "k_pid_yaw": [0.5, 1e-06, 0.1], "k_pid_hsp": [1.394059891471576, 0.30812696203626844, 0.01], "k_pid_vsp": [176.4074495617074, 10.0, 1.0]}, "datetime": {"datetime": "2025-08-21 10:34:57", "elapsed": 6613.75058889389, "delta": 19.77978014945984}, "costs": {"total_cost": 196.5299682384387, "time_cost": 73.47200000000001, "final_distance_cost": 1.8522064653422687, "oscillation_cost": 45.722938328384664, "completition_cost": 0.0, "overshoot_cost": 50.18558024985571, "power_cost": 13.088513989257812, "noise_cost": 12.208729205598218, "n_waypoints_completed": 9, "tot_waypoints": 9}}
{"target": -192.9939549638013, "params": {"k_pid_pos": [0.9959853208014533, 0.024859491386256316, 0.11401919133455096], "k_pid_alt": [1.2679502233621702, 0.0, 0.3146878632891922], "k_pid_att": [19.462821160492226, 4.452622529689853, 0.20230861884209816], "k_pid_yaw": [0.5, 1e-06, 0.1], "k_pid_hsp": [1.394059891471576, 0.01, 0.01], "k_pid_vsp": [176.4074495617074, 336.89689932622207, 1.0]}, "datetime": {"datetime": "2025-08-21 10:35:16", "elapsed": 6633.4360246658325, "delta": 19.68543577194214}, "costs": {"total_cost": 192.9939549638013, "time_cost": 70.936, "final_distance_cost": 1.8499241715770978, "oscillation_cost": 46.73979117965003, "completition_cost": 0.0, "overshoot_cost": 49.63650553493004, "power_cost": 12.286094433593751, "noise_cost": 11.545639644050354, "n_waypoints_completed": 9, "tot_waypoints": 9}}
{"target": -237.20803743574945, "params": {"k_pid_pos": [1.3885554450422086, 0.8245025676918739, 0.11401919133455096], "k_pid_alt": [1.2679502233621702, 0.0, 0.8361997509577753], "k_pid_att": [20.236336479523032, 3.0596356458441103, 0.9274604585040267], "k_pid_yaw": [0.5, 1e-06, 0.1], "k_pid_hsp": [1.5353014571438959, 0.01, 0.01], "k_pid_vsp": [150.0, 351.388862279923, 1.0]}, "datetime": {"datetime": "2025-08-21 10:35:44", "elapsed": 6661.408576488495, "delta": 27.972551822662354}, "costs": {"total_cost": 237.20803743574945, "time_cost": 92.168, "final_distance_cost": 1.8001051860572272, "oscillation_cost": 56.42789738921295, "completition_cost": 0.0, "overshoot_cost": 53.31248488329836, "power_cost": 17.506781176757812, "noise_cost": 15.992768800423075, "n_waypoints_completed": 9, "tot_waypoints": 9}}
{"target": -200.01839234644007, "params": {"k_pid_pos": [0.9913583837549204, 0.024859491386256316, 0.11401919133455096], "k_pid_alt": [1.2679502233621702, 0.0, 0.1], "k_pid_att": [85.02836851553842, 7.284845820832624, 0.004857337777279036], "k_pid_yaw": [0.5, 1e-06, 0.1], "k_pid_hsp": [1.0, 0.01, 0.01], "k_pid_vsp": [378.2079564087626, 355.21150340299164, 1.0]}, "datetime": {"datetime": "2025-08-21 10:36:03", "elapsed": 6679.625969171524, "delta": 18.217392683029175}, "costs": {"total_cost": 200.01839234644007, "time_cost": 71.664, "final_distance_cost": 1.8483467011091899, "oscillation_cost": 58.73400355943052, "completition_cost": 0.0, "overshoot_cost": 48.85440372753794, "power_cost": 8.945113110351564, "noise_cost": 9.97252524801083, "n_waypoints_completed": 9, "tot_waypoints": 9}}
{"target": -203.27483894823305, "params": {"k_pid_pos": [1.1496839804071068, 0.024859491386256316, 0.11401919133455096], "k_pid_alt": [1.2679502233621702, 0.0, 0.016491258977649914], "k_pid_att": [20.0, 4.5502721036558205, 0.01], "k_pid_yaw": [0.5, 1e-06, 0.1], "k_pid_hsp": [1.0, 0.01, 0.01], "k_pid_vsp": [150.0, 15.500533572620455, 1.0]}, "datetime": {"datetime": "2025-08-21 10:36:23", "elapsed": 6700.143747806549, "delta": 20.517778635025024}, "costs": {"total_cost": 203.27483894823305, "time_cost": 70.56, "final_distance_cost": 1.8469731418015933, "oscillation_cost": 55.91029367034957, "completition_cost": 0.0, "overshoot_cost": 51.36481513944185, "power_cost": 12.01168582763672, "noise_cost": 11.581071169003332, "n_waypoints_completed": 9, "tot_waypoints": 9}}
{"target": -181.81385622575758, "params": {"k_pid_pos": [1.3885554450422086, 0.024859491386256316, 0.11401919133455096], "k_pid_alt": [1.2679502233621702, 0.0, 0.8361997509577753], "k_pid_att": [20.236336479523032, 3.0596356458441103, 0.9274604585040267], "k_pid_yaw": [0.5, 1e-06, 0.1], "k_pid_hsp": [1.5353014571438959, 0.01, 0.01], "k_pid_vsp": [378.2079564087626, 355.21150340299164, 1.0]}, "datetime": {"datetime": "2025-08-21 10:36:45", "elapsed": 6721.605047941208, "delta": 21.461300134658813}, "costs": {"total_cost": 181.81385622575758, "time_cost": 71.21600000000001, "final_distance_cost": 1.8225170748390416, "oscillation_cost": 37.246609057719965, "completition_cost": 0.0, "overshoot_cost": 49.999433804989415, "power_cost": 11.038362451171876, "noise_cost": 10.490933837037257, "n_waypoints_completed": 9, "tot_waypoints": 9}}
{"target": -184.34112543098496, "params": {"k_pid_pos": [1.1496839804071068, 0.024859491386256316, 0.11401919133455096], "k_pid_alt": [1.2679502233621702, 0.0, 0.016491258977649914], "k_pid_att": [17.813414374173632, 9.597749245839971, 0.3952346537588943], "k_pid_yaw": [0.5, 1e-06, 0.1], "k_pid_hsp": [1.0, 0.1531003758033771, 0.01], "k_pid_vsp": [378.2079564087626, 355.21150340299164, 1.0]}, "datetime": {"datetime": "2025-08-21 10:37:02", "elapsed": 6738.954750299454, "delta": 17.34970235824585}, "costs": {"total_cost": 184.34112543098496, "time_cost": 68.848, "final_distance_cost": 1.8480842497921475, "oscillation_cost": 40.85526975050357, "completition_cost": 0.0, "overshoot_cost": 49.31379100607819, "power_cost": 12.226576330566408, "noise_cost": 11.249404094044642, "n_waypoints_completed": 9, "tot_waypoints": 9}}
{"target": -188.07350950991676, "params": {"k_pid_pos": [1.3885554450422086, 0.024859491386256316, 0.11401919133455096], "k_pid_alt": [1.2679502233621702, 0.0, 0.06527723447865985], "k_pid_att": [58.989274729095186, 7.284845820832624, 0.004857337777279036], "k_pid_yaw": [0.5, 1e-06, 0.1], "k_pid_hsp": [1.0, 0.01, 0.01], "k_pid_vsp": [150.0, 351.388862279923, 1.0]}, "datetime": {"datetime": "2025-08-21 10:37:21", "elapsed": 6758.358786821365, "delta": 19.40403652191162}, "costs": {"total_cost": 188.07350950991676, "time_cost": 68.512, "final_distance_cost": 1.806949684063534, "oscillation_cost": 45.926758114843906, "completition_cost": 0.0, "overshoot_cost": 49.81589224533669, "power_cost": 11.340339172363281, "noise_cost": 10.671570293309346, "n_waypoints_completed": 9, "tot_waypoints": 9}}
{"target": -205.64513600433955, "params": {"k_pid_pos": [0.9959853208014533, 0.024859491386256316, 0.11401919133455096], "k_pid_alt": [1.2679502233621702, 0.0, 0.8361997509577753], "k_pid_att": [19.462821160492226, 4.138056718860487, 0.20230861884209816], "k_pid_yaw": [0.5, 1e-06, 0.1], "k_pid_hsp": [1.394059891471576, 0.30812696203626844, 0.01], "k_pid_vsp": [176.4074495617074, 10.0, 1.0]}, "datetime": {"datetime": "2025-08-21 10:37:43", "elapsed": 6780.430641889572, "delta": 22.071855068206787}, "costs": {"total_cost": 205.64513600433955, "time_cost": 76.168, "final_distance_cost": 1.85097506496838, "oscillation_cost": 44.107178480020586, "completition_cost": 0.0, "overshoot_cost": 51.54186921253084, "power_cost": 17.553345947265626, "noise_cost": 14.423767299554141, "n_waypoints_completed": 9, "tot_waypoints": 9}}
{"target": -223.0389609828088, "params": {"k_pid_pos": [1.8624793477566346, 0.04925411992759399, 0.7374604451918155], "k_pid_alt": [0.7, 0.3112231092042238, 0.1], "k_pid_att": [66.62171653053798, 7.284845820832624, 0.004857337777279036], "k_pid_yaw": [0.5, 1e-06, 0.1], "k_pid_hsp": [1.0, 0.029631885976391104, 0.01], "k_pid_vsp": [150.0, 351.388862279923, 1.0]}, "datetime": {"datetime": "2025-08-21 10:38:02", "elapsed": 6799.361172914505, "delta": 18.93053102493286}, "costs": {"total_cost": 223.0389609828088, "time_cost": 76.34400000000001, "final_distance_cost": 1.7817578327067543, "oscillation_cost": 70.24879384096073, "completition_cost": 0.0, "overshoot_cost": 51.26834987442402, "power_cost": 12.198714404296876, "noise_cost": 11.197345030420395, "n_waypoints_completed": 9, "tot_waypoints": 9}}
{"target": -421.75537258006307, "params": {"k_pid_pos": [1.366584901374431, 0.6757485115605695, 0.11401919133455096], "k_pid_alt": [1.2679502233621702, 0.0, 0.6559531101246859], "k_pid_att": [70.37366196437685, 7.284845820832624, 0.004857337777279036], "k_pid_yaw": [0.5, 1e-06, 0.1], "k_pid_hsp": [1.0, 0.01, 0.01], "k_pid_vsp": [378.2079564087626, 355.21150340299164, 221.50483815232838]}, "datetime": {"datetime": "2025-08-21 10:38:34", "elapsed": 6831.196248054504, "delta": 31.83507513999939}, "costs": {"total_cost": 421.75537258006307, "time_cost": 150, "final_distance_cost": 5.657104153163873, "oscillation_cost": 64.88815919540875, "completition_cost": 111.11111111111116, "overshoot_cost": 58.69531628882607, "power_cost": 18.092078125, "noise_cost": 13.311603706553251, "n_waypoints_completed": 8, "tot_waypoints": 9}}
{"target": -189.69245687525668, "params": {"k_pid_pos": [1.1496839804071068, 0.024859491386256316, 0.11401919133455096], "k_pid_alt": [1.2679502233621702, 0.0, 0.016491258977649914], "k_pid_att": [17.813414374173632, 9.597749245839971, 0.48922906718999004], "k_pid_yaw": [0.5, 1e-06, 0.1], "k_pid_hsp": [6.779068060256637, 0.1531003758033771, 0.01], "k_pid_vsp": [150.0, 10.0, 1.0]}, "datetime": {"datetime": "2025-08-21 10:38:53", "elapsed": 6849.8176164627075, "delta": 18.621368408203125}, "costs": {"total_cost": 189.69245687525668, "time_cost": 70.16, "final_distance_cost": 1.8464457144608561, "oscillation_cost": 47.05646879413757, "completition_cost": 0.0, "overshoot_cost": 50.604576550995745, "power_cost": 9.715772595214844, "noise_cost": 10.309193220447655, "n_waypoints_completed": 9, "tot_waypoints": 9}}
{"target": -196.46042309198285, "params": {"k_pid_pos": [1.3885554450422086, 0.024859491386256316, 0.11401919133455096], "k_pid_alt": [1.2679502233621702, 0.0, 0.1], "k_pid_att": [85.02836851553842, 7.284845820832624, 0.004857337777279036], "k_pid_yaw": [0.5, 1e-06, 0.1], "k_pid_hsp": [1.0, 0.01, 0.01], "k_pid_vsp": [150.0, 351.388862279923, 1.0]}, "datetime": {"datetime": "2025-08-21 10:39:11", "elapsed": 6867.837488412857, "delta": 18.019871950149536}, "costs": {"total_cost": 196.46042309198285, "time_cost": 68.624, "final_distance_cost": 1.8235710556013187, "oscillation_cost": 53.83881513242419, "completition_cost": 0.0, "overshoot_cost": 50.476805423888685, "power_cost": 11.148843798828125, "noise_cost": 10.548387681240545, "n_waypoints_completed": 9, "tot_waypoints": 9}}
{"target": -199.59197160668543, "params": {"k_pid_pos": [1.3885554450422086, 0.04925411992759399, 0.7374604451918155], "k_pid_alt": [0.7, 0.3112231092042238, 0.45577628983361107], "k_pid_att": [20.236336479523032, 3.0596356458441103, 0.6196773621357177], "k_pid_yaw": [0.5, 1e-06, 0.1], "k_pid_hsp": [1.0, 0.01, 0.01], "k_pid_vsp": [378.2079564087626, 355.21150340299164, 1.0]}, "datetime": {"datetime": "2025-08-21 10:39:35", "elapsed": 6891.570257425308, "delta": 23.732769012451172}, "costs": {"total_cost": 199.59197160668543, "time_cost": 78.032, "final_distance_cost": 1.7777189629502632, "oscillation_cost": 42.903612886998246, "completition_cost": 0.0, "overshoot_cost": 50.462309523547596, "power_cost": 14.193526477050781, "noise_cost": 12.222803756138548, "n_waypoints_completed": 9, "tot_waypoints": 9}}
{"target": -710.563394549267, "params": {"k_pid_pos": [1.3885554450422086, 0.04925411992759399, 0.7374604451918155], "k_pid_alt": [0.7, 0.3112231092042238, 0.45577628983361107], "k_pid_att": [20.236336479523032, 3.0596356458441103, 0.6196773621357177], "k_pid_yaw": [0.5, 1e-06, 0.1], "k_pid_hsp": [1.0, 0.01, 0.34036377813972996], "k_pid_vsp": [378.2079564087626, 355.21150340299164, 1.0]}, "datetime": {"datetime": "2025-08-21 10:40:02", "elapsed": 6918.576098918915, "delta": 27.005841493606567}, "costs": {"total_cost": 710.563394549267, "time_cost": 150, "final_distance_cost": 47.19184673710671, "oscillation_cost": 320.99392300925666, "completition_cost": 111.11111111111116, "overshoot_cost": 52.88131979310561, "power_cost": 14.841052819824219, "noise_cost": 13.544141078862616, "n_waypoints_completed": 8, "tot_waypoints": 9}}
{"target": -224.49059082432862, "params": {"k_pid_pos": [1.3885554450422086, 0.4737677518315727, 0.2729398117749001], "k_pid_alt": [0.7, 0.3112231092042238, 0.45577628983361107], "k_pid_att": [20.236336479523032, 3.0596356458441103, 0.6196773621357177], "k_pid_yaw": [0.5, 1e-06, 0.1], "k_pid_hsp": [1.0, 0.01, 0.01], "k_pid_vsp": [378.2079564087626, 355.21150340299164, 1.0]}, "datetime": {"datetime": "2025-08-21 10:40:30", "elapsed": 6946.704885005951, "delta": 28.128786087036133}, "costs": {"total_cost": 224.49059082432862, "time_cost": 94.456, "final_distance_cost": 1.760585876137188, "oscillation_cost": 49.48131556625286, "completition_cost": 0.0, "overshoot_cost": 53.483460672054484, "power_cost": 12.622175012207032, "noise_cost": 12.687053697677042, "n_waypoints_completed": 9, "tot_waypoints": 9}}
{"target": -1528.7795674787349, "params": {"k_pid_pos": [1.1496839804071068, 0.5792541958945455, 0.11401919133455096], "k_pid_alt": [1.2679502233621702, 0.0, 0.016491258977649914], "k_pid_att": [20.0, 4.5502721036558205, 0.01], "k_pid_yaw": [0.5, 1e-06, 0.1], "k_pid_hsp": [2.8125315441457257, 0.01, 0.01], "k_pid_vsp": [176.4074495617074, 10.0, 349.8541648625404]}, "datetime": {"datetime": "2025-08-21 10:40:55", "elapsed": 6971.9234347343445, "delta": 25.218549728393555}, "costs": {"total_cost": 1528.7795674787349, "time_cost": 150, "final_distance_cost": 178.88257127695763, "oscillation_cost": 98.84567849780426, "completition_cost": 888.8888888888888, "overshoot_cost": 184.1331408355711, "power_cost": 12.771640026855469, "noise_cost": 15.257647952657658, "n_waypoints_completed": 1, "tot_waypoints": 9}}
{"target": -246.23460568151023, "params": {"k_pid_pos": [1.849624377781123, 0.7600717815435403, 0.11401919133455096], "k_pid_alt": [1.2679502233621702, 0.0, 0.8361997509577753], "k_pid_att": [19.462821160492226, 4.452622529689853, 0.20230861884209816], "k_pid_yaw": [0.5, 1e-06, 0.1], "k_pid_hsp": [1.394059891471576, 0.01, 0.01], "k_pid_vsp": [150.0, 15.500533572620455, 1.0]}, "datetime": {"datetime": "2025-08-21 10:41:23", "elapsed": 6999.731455087662, "delta": 27.80802035331726}, "costs": {"total_cost": 246.23460568151023, "time_cost": 92.696, "final_distance_cost": 1.7024715389232041, "oscillation_cost": 57.18037562888541, "completition_cost": 0.0, "overshoot_cost": 59.32871445542534, "power_cost": 19.167851220703128, "noise_cost": 16.159192837573116, "n_waypoints_completed": 9, "tot_waypoints": 9}}
{"target": -243.2930020675015, "params": {"k_pid_pos": [1.3885554450422086, 0.8245025676918739, 0.11401919133455096], "k_pid_alt": [1.2679502233621702, 0.0, 0.8361997509577753], "k_pid_att": [42.789426317924715, 3.0596356458441103, 0.3952346537588943], "k_pid_yaw": [0.5, 1e-06, 0.1], "k_pid_hsp": [1.0, 0.1531003758033771, 0.01], "k_pid_vsp": [378.2079564087626, 355.21150340299164, 1.0]}, "datetime": {"datetime": "2025-08-21 10:41:49", "elapsed": 7026.353510141373, "delta": 26.622055053710938}, "costs": {"total_cost": 243.2930020675015, "time_cost": 95.016, "final_distance_cost": 1.7460329226879159, "oscillation_cost": 55.77684352353658, "completition_cost": 0.0, "overshoot_cost": 55.61482268765326, "power_cost": 19.27470858154297, "noise_cost": 15.864594352080795, "n_waypoints_completed": 9, "tot_waypoints": 9}}
{"target": -190.1147226797871, "params": {"k_pid_pos": [1.1496839804071068, 0.024859491386256316, 0.11401919133455096], "k_pid_alt": [1.2679502233621702, 0.0, 0.016491258977649914], "k_pid_att": [17.813414374173632, 9.597749245839971, 0.3366070335655168], "k_pid_yaw": [0.5, 1e-06, 0.1], "k_pid_hsp": [1.5353014571438959, 0.01, 0.01], "k_pid_vsp": [150.0, 351.388862279923, 1.0]}, "datetime": {"datetime": "2025-08-21 10:42:07", "elapsed": 7043.826926469803, "delta": 17.473416328430176}, "costs": {"total_cost": 190.1147226797871, "time_cost": 70.112, "final_distance_cost": 1.8484269322359421, "oscillation_cost": 39.010393787064935, "completition_cost": 0.0, "overshoot_cost": 50.59542310406483, "power_cost": 15.458799963378906, "noise_cost": 13.089678893042505, "n_waypoints_completed": 9, "tot_waypoints": 9}}
{"target": -753.5900868546271, "params": {"k_pid_pos": [0.26249680093548006, 0.04925411992759399, 0.7374604451918155], "k_pid_alt": [0.7, 0.3112231092042238, 0.45577628983361107], "k_pid_att": [3.64319473098611, 3.0596356458441103, 0.6196773621357177], "k_pid_yaw": [0.5, 1e-06, 0.1], "k_pid_hsp": [1.0, 0.01, 0.01], "k_pid_vsp": [378.2079564087626, 355.21150340299164, 1.0]}, "datetime": {"datetime": "2025-08-21 10:42:38", "elapsed": 7074.582320690155, "delta": 30.755394220352173}, "costs": {"total_cost": 753.5900868546271, "time_cost": 150, "final_distance_cost": 51.0209769585581, "oscillation_cost": 21.42082056141013, "completition_cost": 444.4444444444444, "overshoot_cost": 50.138110770823516, "power_cost": 20.08324429931641, "noise_cost": 16.48248982007451, "n_waypoints_completed": 5, "tot_waypoints": 9}}
{"target": -221.95952874536317, "params": {"k_pid_pos": [1.1496839804071068, 0.024859491386256316, 0.11401919133455096], "k_pid_alt": [1.2679502233621702, 0.9321134483711719, 0.016491258977649914], "k_pid_att": [17.813414374173632, 9.597749245839971, 0.3952346537588943], "k_pid_yaw": [0.5, 1e-06, 0.1], "k_pid_hsp": [1.0, 0.1531003758033771, 0.01], "k_pid_vsp": [378.2079564087626, 355.21150340299164, 1.0]}, "datetime": {"datetime": "2025-08-21 10:43:02", "elapsed": 7098.51292347908, "delta": 23.93060278892517}, "costs": {"total_cost": 221.95952874536317, "time_cost": 85.272, "final_distance_cost": 1.8104900712803869, "oscillation_cost": 54.885705945807494, "completition_cost": 0.0, "overshoot_cost": 53.652047567911175, "power_cost": 14.076385607910156, "noise_cost": 12.262899552453932, "n_waypoints_completed": 9, "tot_waypoints": 9}}
{"target": -850.5830027651172, "params": {"k_pid_pos": [0.1500894787491498, 0.024859491386256316, 0.27566543378716624], "k_pid_alt": [1.2679502233621702, 0.0, 0.016491258977649914], "k_pid_att": [17.813414374173632, 9.597749245839971, 0.3952346537588943], "k_pid_yaw": [0.5, 1e-06, 0.1], "k_pid_hsp": [1.0, 0.1531003758033771, 0.01], "k_pid_vsp": [378.2079564087626, 355.21150340299164, 1.0]}, "datetime": {"datetime": "2025-08-21 10:43:28", "elapsed": 7124.604604482651, "delta": 26.091681003570557}, "costs": {"total_cost": 850.5830027651172, "time_cost": 150, "final_distance_cost": 46.90712357145675, "oscillation_cost": 17.826112938042808, "completition_cost": 555.5555555555555, "overshoot_cost": 53.867562446918484, "power_cost": 13.699913647460939, "noise_cost": 12.726734605682749, "n_waypoints_completed": 4, "tot_waypoints": 9}}
{"target": -225.2686274186394, "params": {"k_pid_pos": [0.5485322217985025, 0.04925411992759399, 0.7374604451918155], "k_pid_alt": [0.7, 0.3112231092042238, 0.45577628983361107], "k_pid_att": [20.236336479523032, 3.0596356458441103, 0.6196773621357177], "k_pid_yaw": [0.5, 1e-06, 0.1], "k_pid_hsp": [1.0, 0.46263031948273103, 0.01], "k_pid_vsp": [378.2079564087626, 355.21150340299164, 1.0]}, "datetime": {"datetime": "2025-08-21 10:43:55", "elapsed": 7151.8493094444275, "delta": 27.244704961776733}, "costs": {"total_cost": 225.2686274186394, "time_cost": 95.44, "final_distance_cost": 1.8115262056311578, "oscillation_cost": 36.93659541286056, "completition_cost": 0.0, "overshoot_cost": 55.21689396560973, "power_cost": 19.95835484619141, "noise_cost": 15.905256988346537, "n_waypoints_completed": 9, "tot_waypoints": 9}}
{"target": -200.58911608334017, "params": {"k_pid_pos": [1.849624377781123, 0.16606263241397312, 0.23637353540898454], "k_pid_alt": [1.2679502233621702, 0.0, 0.8361997509577753], "k_pid_att": [19.462821160492226, 4.452622529689853, 0.20230861884209816], "k_pid_yaw": [0.5, 1e-06, 0.1], "k_pid_hsp": [1.394059891471576, 0.01, 0.01], "k_pid_vsp": [176.4074495617074, 355.21150340299164, 1.0]}, "datetime": {"datetime": "2025-08-21 10:44:13", "elapsed": 7169.633255958557, "delta": 17.78394651412964}, "costs": {"total_cost": 200.58911608334017, "time_cost": 71.672, "final_distance_cost": 1.7777463140846999, "oscillation_cost": 44.91606665271665, "completition_cost": 0.0, "overshoot_cost": 50.02466481356976, "power_cost": 17.064291345214844, "noise_cost": 15.134346957754213, "n_waypoints_completed": 9, "tot_waypoints": 9}}
{"target": -201.47111892776636, "params": {"k_pid_pos": [1.1496839804071068, 0.024859491386256316, 0.11401919133455096], "k_pid_alt": [1.2679502233621702, 0.0, 0.016491258977649914], "k_pid_att": [20.0, 0.10763610062849525, 0.01], "k_pid_yaw": [0.5, 1e-06, 0.1], "k_pid_hsp": [1.0, 0.01, 0.01], "k_pid_vsp": [378.2079564087626, 10.0, 1.0]}, "datetime": {"datetime": "2025-08-21 10:44:33", "elapsed": 7190.238699436188, "delta": 20.605443477630615}, "costs": {"total_cost": 201.47111892776636, "time_cost": 70.608, "final_distance_cost": 1.832012664121055, "oscillation_cost": 54.47751477334866, "completition_cost": 0.0, "overshoot_cost": 51.330644213459486, "power_cost": 11.810146936035157, "noise_cost": 11.412800340801981, "n_waypoints_completed": 9, "tot_waypoints": 9}}
