{"target": -193.73303912150763, "params": {"k_pid_pos": [1.0303987325070019, 0.024859491386256316, 0.9451257094832697], "k_pid_alt": [1.0304713630477362, 0.0, 0.06527723447865985], "k_pid_att": [24.0942673894178, 7.284845820832624, 0.73590781336997], "k_pid_yaw": [0.5, 1e-06, 0.1], "k_pid_hsp": [1.606987810134683, 0.03986108334795646, 0.01], "k_pid_vsp": [110.56511661686339, 32.59246354921366, 1.0]}, "datetime": {"datetime": "2025-08-21 15:35:19", "elapsed": 24636.11110019684, "delta": 17.914300203323364}, "costs": {"total_cost": 193.73303912150763, "time_cost": 80.464, "final_distance_cost": 1.8489526867581116, "oscillation_cost": 41.650685214659276, "completition_cost": 0.0, "overshoot_cost": 51.18149066285985, "power_cost": 8.331774279785156, "noise_cost": 10.256136277445261, "n_waypoints_completed": 9, "tot_waypoints": 9}}
{"target": -182.4505106567446, "params": {"k_pid_pos": [1.8922997940790476, 0.024859491386256316, 0.9451257094832697], "k_pid_alt": [1.0304713630477362, 0.0, 0.06527723447865985], "k_pid_att": [24.0942673894178, 7.284845820832624, 0.73590781336997], "k_pid_yaw": [0.5, 1e-06, 0.1], "k_pid_hsp": [1.606987810134683, 0.1531003758033771, 0.01], "k_pid_vsp": [110.56511661686339, 59.083466427248936, 1.0]}, "datetime": {"datetime": "2025-08-21 15:35:36", "elapsed": 24652.770057201385, "delta": 16.65895700454712}, "costs": {"total_cost": 182.4505106567446, "time_cost": 69.84, "final_distance_cost": 1.850392717839715, "oscillation_cost": 41.011539931230836, "completition_cost": 0.0, "overshoot_cost": 49.70652350303622, "power_cost": 9.783415246582031, "noise_cost": 10.25863925805577, "n_waypoints_completed": 9, "tot_waypoints": 9}}
{"target": -180.10166239015578, "params": {"k_pid_pos": [1.7041340386651447, 0.024859491386256316, 0.3434561031905483], "k_pid_alt": [1.3959173657108794, 0.0, 0.06527723447865985], "k_pid_att": [24.0942673894178, 2.6889016979653872, 0.8739915892735461], "k_pid_yaw": [0.5, 1e-06, 0.1], "k_pid_hsp": [1.0, 0.1531003758033771, 0.01], "k_pid_vsp": [376.5747392387296, 178.623871307833, 1.0]}, "datetime": {"datetime": "2025-08-21 15:35:52", "elapsed": 24668.823622703552, "delta": 16.053565502166748}, "costs": {"total_cost": 180.10166239015578, "time_cost": 68.048, "final_distance_cost": 1.7944076858693923, "oscillation_cost": 40.89945873434334, "completition_cost": 0.0, "overshoot_cost": 50.06498826706732, "power_cost": 9.588656518554687, "noise_cost": 9.706151184321023, "n_waypoints_completed": 9, "tot_waypoints": 9}}
{"target": -197.4218882534333, "params": {"k_pid_pos": [1.7041340386651447, 0.024859491386256316, 0.36618571039493764], "k_pid_alt": [1.6319753356852484, 0.8642589832568949, 0.1576465649121419], "k_pid_att": [58.989274729095186, 5.088413281584711, 0.5188756214002959], "k_pid_yaw": [0.5, 1e-06, 0.1], "k_pid_hsp": [1.606987810134683, 0.1531003758033771, 0.01], "k_pid_vsp": [337.79764923111304, 359.530474216699, 1.0]}, "datetime": {"datetime": "2025-08-21 15:36:09", "elapsed": 24685.682379961014, "delta": 16.858757257461548}, "costs": {"total_cost": 197.4218882534333, "time_cost": 73.896, "final_distance_cost": 1.7686746465861627, "oscillation_cost": 55.10735135011719, "completition_cost": 0.0, "overshoot_cost": 49.76893054384997, "power_cost": 8.157141235351563, "noise_cost": 8.72379047752845, "n_waypoints_completed": 9, "tot_waypoints": 9}}
{"target": -328.850425495448, "params": {"k_pid_pos": [1.9176378968916694, 0.024859491386256316, 0.3434561031905483], "k_pid_alt": [1.6319753356852484, 0.0, 0.7411234869318217], "k_pid_att": [19.730316366181665, 5.088413281584711, 0.7033874038379369], "k_pid_yaw": [0.5, 1e-06, 0.1], "k_pid_hsp": [1.606987810134683, 0.1531003758033771, 0.47510942753891583], "k_pid_vsp": [376.5747392387296, 175.28714713338795, 1.0]}, "datetime": {"datetime": "2025-08-21 15:36:26", "elapsed": 24703.440250873566, "delta": 17.75787091255188}, "costs": {"total_cost": 328.850425495448, "time_cost": 72.12, "final_distance_cost": 1.7684838575026822, "oscillation_cost": 180.16065782150048, "completition_cost": 0.0, "overshoot_cost": 51.68971799257916, "power_cost": 11.891584680175782, "noise_cost": 11.219981143689878, "n_waypoints_completed": 9, "tot_waypoints": 9}}
{"target": -222.8195973083317, "params": {"k_pid_pos": [1.9176378968916694, 0.9348414940460628, 0.6250867496839783], "k_pid_alt": [1.6319753356852484, 0.0, 0.1576465649121419], "k_pid_att": [58.989274729095186, 5.088413281584711, 0.6179952950406163], "k_pid_yaw": [0.5, 1e-06, 0.1], "k_pid_hsp": [1.0076768036881465, 0.1531003758033771, 0.01], "k_pid_vsp": [155.80135867994494, 175.28714713338795, 1.0]}, "datetime": {"datetime": "2025-08-21 15:36:46", "elapsed": 24723.265054941177, "delta": 19.824804067611694}, "costs": {"total_cost": 222.8195973083317, "time_cost": 85.19200000000001, "final_distance_cost": 1.7204304269155555, "oscillation_cost": 51.64975270795426, "completition_cost": 0.0, "overshoot_cost": 53.52787211511952, "power_cost": 16.57638048095703, "noise_cost": 14.153161577385319, "n_waypoints_completed": 9, "tot_waypoints": 9}}
{"target": -223.50957374534647, "params": {"k_pid_pos": [1.7041340386651447, 0.024859491386256316, 0.48736677447475796], "k_pid_alt": [1.6319753356852484, 0.47710597697115553, 0.26930141191004886], "k_pid_att": [58.989274729095186, 4.514399977632767, 0.2977476601316654], "k_pid_yaw": [0.5, 1e-06, 0.1], "k_pid_hsp": [1.606987810134683, 0.1531003758033771, 0.01], "k_pid_vsp": [284.5460512203246, 369.48810340511164, 1.0]}, "datetime": {"datetime": "2025-08-21 15:37:04", "elapsed": 24741.357550382614, "delta": 18.092495441436768}, "costs": {"total_cost": 223.50957374534647, "time_cost": 81.048, "final_distance_cost": 1.7804341988073908, "oscillation_cost": 53.69610649201886, "completition_cost": 0.0, "overshoot_cost": 52.7190961629188, "power_cost": 19.231537719726564, "noise_cost": 15.03439917187487, "n_waypoints_completed": 9, "tot_waypoints": 9}}
{"target": -183.5738911169044, "params": {"k_pid_pos": [1.7041340386651447, 0.024859491386256316, 0.3434561031905483], "k_pid_alt": [1.6319753356852484, 0.0, 0.1576465649121419], "k_pid_att": [58.989274729095186, 5.088413281584711, 0.7033874038379369], "k_pid_yaw": [0.5, 1e-06, 0.1], "k_pid_hsp": [1.606987810134683, 0.1531003758033771, 0.01], "k_pid_vsp": [376.5747392387296, 175.28714713338795, 1.0]}, "datetime": {"datetime": "2025-08-21 15:37:21", "elapsed": 24757.685339212418, "delta": 16.327788829803467}, "costs": {"total_cost": 183.5738911169044, "time_cost": 68.552, "final_distance_cost": 1.7920388989804645, "oscillation_cost": 37.58784790880092, "completition_cost": 0.0, "overshoot_cost": 50.11693715342861, "power_cost": 13.588129077148437, "noise_cost": 11.93693807854598, "n_waypoints_completed": 9, "tot_waypoints": 9}}
{"target": -204.1206317761834, "params": {"k_pid_pos": [0.9859531625152065, 0.024859491386256316, 0.6250867496839783], "k_pid_alt": [0.8287604735407312, 0.0, 0.2915903713486512], "k_pid_att": [58.989274729095186, 1.7717243195899302, 0.6179952950406163], "k_pid_yaw": [0.5, 1e-06, 0.1], "k_pid_hsp": [1.606987810134683, 0.6870351602694771, 0.01], "k_pid_vsp": [360.3759557007902, 355.21150340299164, 1.0]}, "datetime": {"datetime": "2025-08-21 15:37:40", "elapsed": 24776.60905432701, "delta": 18.923715114593506}, "costs": {"total_cost": 204.1206317761834, "time_cost": 80.584, "final_distance_cost": 1.847943566514578, "oscillation_cost": 44.96515611776943, "completition_cost": 0.0, "overshoot_cost": 49.8106758818617, "power_cost": 13.887600390625, "noise_cost": 13.025255819412678, "n_waypoints_completed": 9, "tot_waypoints": 9}}
{"target": -182.57905093357388, "params": {"k_pid_pos": [1.7041340386651447, 0.024859491386256316, 0.3434561031905483], "k_pid_alt": [1.6319753356852484, 0.0, 0.1576465649121419], "k_pid_att": [58.989274729095186, 5.088413281584711, 0.7033874038379369], "k_pid_yaw": [0.5, 1e-06, 0.1], "k_pid_hsp": [1.606987810134683, 0.1531003758033771, 0.01], "k_pid_vsp": [376.5747392387296, 175.28714713338795, 1.0]}, "datetime": {"datetime": "2025-08-21 15:37:56", "elapsed": 24793.25537276268, "delta": 16.646318435668945}, "costs": {"total_cost": 182.57905093357388, "time_cost": 68.19200000000001, "final_distance_cost": 1.8075967167744058, "oscillation_cost": 41.107021997344006, "completition_cost": 0.0, "overshoot_cost": 49.94922597184269, "power_cost": 10.881180590820312, "noise_cost": 10.642025656792441, "n_waypoints_completed": 9, "tot_waypoints": 9}}
{"target": -853.246269135481, "params": {"k_pid_pos": [1.7041340386651447, 0.024859491386256316, 0.3434561031905483], "k_pid_alt": [1.3959173657108794, 0.0, 0.06527723447865985], "k_pid_att": [24.0942673894178, 2.6889016979653872, 0.8739915892735461], "k_pid_yaw": [0.5, 1e-06, 0.1], "k_pid_hsp": [1.0, 0.1531003758033771, 0.8498210181212253], "k_pid_vsp": [337.79764923111304, 359.530474216699, 1.0]}, "datetime": {"datetime": "2025-08-21 15:38:20", "elapsed": 24816.624404668808, "delta": 23.36903190612793}, "costs": {"total_cost": 853.246269135481, "time_cost": 150, "final_distance_cost": 65.55392885572391, "oscillation_cost": 334.09920210325606, "completition_cost": 222.2222222222222, "overshoot_cost": 48.65133932629071, "power_cost": 17.731149694824218, "noise_cost": 14.988426933163927, "n_waypoints_completed": 7, "tot_waypoints": 9}}
{"target": -201.7743364933412, "params": {"k_pid_pos": [1.7041340386651447, 0.024859491386256316, 0.3434561031905483], "k_pid_alt": [1.3959173657108794, 0.0, 0.06527723447865985], "k_pid_att": [24.0942673894178, 2.6889016979653872, 0.8739915892735461], "k_pid_yaw": [0.5, 1e-06, 0.1], "k_pid_hsp": [1.0, 0.1531003758033771, 0.01], "k_pid_vsp": [376.5747392387296, 178.623871307833, 1.0]}, "datetime": {"datetime": "2025-08-21 15:38:37", "elapsed": 24833.7540872097, "delta": 17.129682540893555}, "costs": {"total_cost": 201.7743364933412, "time_cost": 72.272, "final_distance_cost": 1.8132828157572791, "oscillation_cost": 42.79600976440807, "completition_cost": 0.0, "overshoot_cost": 52.43686251144838, "power_cost": 18.211224267578125, "noise_cost": 14.244957134149345, "n_waypoints_completed": 9, "tot_waypoints": 9}}
{"target": -184.17649804583206, "params": {"k_pid_pos": [1.8922997940790476, 0.024859491386256316, 0.9451257094832697], "k_pid_alt": [1.0304713630477362, 0.0, 0.06527723447865985], "k_pid_att": [24.0942673894178, 7.284845820832624, 0.73590781336997], "k_pid_yaw": [0.5, 1e-06, 0.1], "k_pid_hsp": [1.606987810134683, 0.1531003758033771, 0.01], "k_pid_vsp": [110.56511661686339, 59.083466427248936, 1.0]}, "datetime": {"datetime": "2025-08-21 15:38:53", "elapsed": 24849.843641757965, "delta": 16.08955454826355}, "costs": {"total_cost": 184.17649804583206, "time_cost": 70.224, "final_distance_cost": 1.8442170293949895, "oscillation_cost": 39.26842310501001, "completition_cost": 0.0, "overshoot_cost": 49.58128306906584, "power_cost": 12.011385742187501, "noise_cost": 11.247189100173687, "n_waypoints_completed": 9, "tot_waypoints": 9}}
{"target": -181.7266607432691, "params": {"k_pid_pos": [1.9176378968916694, 0.07129208892642425, 0.6250867496839783], "k_pid_alt": [1.6319753356852484, 0.0, 0.1576465649121419], "k_pid_att": [58.989274729095186, 5.088413281584711, 0.6179952950406163], "k_pid_yaw": [0.5, 1e-06, 0.1], "k_pid_hsp": [1.0076768036881465, 0.1531003758033771, 0.01], "k_pid_vsp": [155.80135867994494, 175.28714713338795, 1.0]}, "datetime": {"datetime": "2025-08-21 15:39:10", "elapsed": 24866.519622564316, "delta": 16.675980806350708}, "costs": {"total_cost": 181.7266607432691, "time_cost": 68.288, "final_distance_cost": 1.7958640150743308, "oscillation_cost": 40.920611484989365, "completition_cost": 0.0, "overshoot_cost": 49.276290229965944, "power_cost": 10.983345556640625, "noise_cost": 10.462549456598838, "n_waypoints_completed": 9, "tot_waypoints": 9}}
{"target": -187.4259725979417, "params": {"k_pid_pos": [1.7041340386651447, 0.024859491386256316, 0.10848570257039691], "k_pid_alt": [1.897117145170884, 0.0, 0.1576465649121419], "k_pid_att": [79.31719665755405, 5.088413281584711, 0.7033874038379369], "k_pid_yaw": [0.5, 1e-06, 0.1], "k_pid_hsp": [1.606987810134683, 0.1531003758033771, 0.01], "k_pid_vsp": [376.5747392387296, 175.28714713338795, 1.0]}, "datetime": {"datetime": "2025-08-21 15:39:25", "elapsed": 24882.066546201706, "delta": 15.546923637390137}, "costs": {"total_cost": 187.4259725979417, "time_cost": 68.88, "final_distance_cost": 1.7548434590192898, "oscillation_cost": 41.86005902899319, "completition_cost": 0.0, "overshoot_cost": 51.0798514204136, "power_cost": 12.512646813964844, "noise_cost": 11.338571875550794, "n_waypoints_completed": 9, "tot_waypoints": 9}}
{"target": -229.13735751793442, "params": {"k_pid_pos": [1.7041340386651447, 0.6574188452491182, 0.3434561031905483], "k_pid_alt": [1.6319753356852484, 0.0, 0.1576465649121419], "k_pid_att": [58.989274729095186, 5.088413281584711, 0.7033874038379369], "k_pid_yaw": [0.5, 1e-06, 0.1], "k_pid_hsp": [1.606987810134683, 0.7719239526128563, 0.01], "k_pid_vsp": [376.5747392387296, 175.28714713338795, 1.0]}, "datetime": {"datetime": "2025-08-21 15:39:44", "elapsed": 24900.85663127899, "delta": 18.790085077285767}, "costs": {"total_cost": 229.13735751793442, "time_cost": 81.936, "final_distance_cost": 1.7508087312754173, "oscillation_cost": 58.65459971739507, "completition_cost": 0.0, "overshoot_cost": 52.65187291294047, "power_cost": 18.96210390625, "noise_cost": 15.18197225007345, "n_waypoints_completed": 9, "tot_waypoints": 9}}
{"target": -191.0273781807494, "params": {"k_pid_pos": [1.7041340386651447, 0.0005578519329870746, 0.3434561031905483], "k_pid_alt": [1.3959173657108794, 0.0, 0.06527723447865985], "k_pid_att": [24.0942673894178, 2.6889016979653872, 0.8739915892735461], "k_pid_yaw": [0.5, 1e-06, 0.1], "k_pid_hsp": [1.0, 0.1531003758033771, 0.01], "k_pid_vsp": [337.79764923111304, 175.28714713338795, 1.0]}, "datetime": {"datetime": "2025-08-21 15:40:00", "elapsed": 24917.352291345596, "delta": 16.495660066604614}, "costs": {"total_cost": 191.0273781807494, "time_cost": 67.632, "final_distance_cost": 1.7933918263043638, "oscillation_cost": 40.821820684593376, "completition_cost": 0.0, "overshoot_cost": 50.036585976083515, "power_cost": 17.136810961914062, "noise_cost": 13.606768731854102, "n_waypoints_completed": 9, "tot_waypoints": 9}}
{"target": -193.22306837225028, "params": {"k_pid_pos": [1.3885554450422086, 0.024859491386256316, 0.11401919133455096], "k_pid_alt": [1.0304713630477362, 0.0, 0.06527723447865985], "k_pid_att": [24.0942673894178, 7.284845820832624, 0.73590781336997], "k_pid_yaw": [0.5, 1e-06, 0.1], "k_pid_hsp": [1.606987810134683, 0.1531003758033771, 0.01], "k_pid_vsp": [33.09370770872002, 359.530474216699, 1.0]}, "datetime": {"datetime": "2025-08-21 15:40:16", "elapsed": 24933.080105781555, "delta": 15.727814435958862}, "costs": {"total_cost": 193.22306837225028, "time_cost": 68.864, "final_distance_cost": 1.7987977759181952, "oscillation_cost": 46.518994088545085, "completition_cost": 0.0, "overshoot_cost": 49.50561279209063, "power_cost": 14.68203524169922, "noise_cost": 11.853628473997167, "n_waypoints_completed": 9, "tot_waypoints": 9}}
{"target": -183.48663814973784, "params": {"k_pid_pos": [1.8922997940790476, 0.024859491386256316, 0.7774444947807966], "k_pid_alt": [1.0304713630477362, 0.0, 0.06527723447865985], "k_pid_att": [24.0942673894178, 2.6889016979653872, 0.8739915892735461], "k_pid_yaw": [0.5, 1e-06, 0.1], "k_pid_hsp": [1.0, 0.5531972591780506, 0.01], "k_pid_vsp": [376.5747392387296, 178.623871307833, 1.0]}, "datetime": {"datetime": "2025-08-21 15:40:32", "elapsed": 24949.166296958923, "delta": 16.086191177368164}, "costs": {"total_cost": 183.48663814973784, "time_cost": 68.992, "final_distance_cost": 1.849538972966732, "oscillation_cost": 47.42066708383227, "completition_cost": 0.0, "overshoot_cost": 49.0006763026535, "power_cost": 7.444834631347657, "noise_cost": 8.77892115893769, "n_waypoints_completed": 9, "tot_waypoints": 9}}
{"target": -1201.533306188078, "params": {"k_pid_pos": [0.0161062901931745, 0.024859491386256316, 0.3434561031905483], "k_pid_alt": [1.877939637767743, 0.0, 0.06527723447865985], "k_pid_att": [24.0942673894178, 7.284845820832624, 0.73590781336997], "k_pid_yaw": [0.5, 1e-06, 0.1], "k_pid_hsp": [1.606987810134683, 0.1531003758033771, 0.01], "k_pid_vsp": [110.56511661686339, 59.083466427248936, 1.0]}, "datetime": {"datetime": "2025-08-21 15:40:55", "elapsed": 24972.04525732994, "delta": 22.878960371017456}, "costs": {"total_cost": 1201.533306188078, "time_cost": 150, "final_distance_cost": 56.474591488041206, "oscillation_cost": 4.165553158311556, "completition_cost": 888.8888888888888, "overshoot_cost": 75.83506397577544, "power_cost": 13.224419458007812, "noise_cost": 12.94478921905325, "n_waypoints_completed": 1, "tot_waypoints": 9}}
{"target": -182.50813887040098, "params": {"k_pid_pos": [1.8922997940790476, 0.024859491386256316, 0.9451257094832697], "k_pid_alt": [1.0304713630477362, 0.0, 0.06527723447865985], "k_pid_att": [24.0942673894178, 7.284845820832624, 0.73590781336997], "k_pid_yaw": [0.5, 1e-06, 0.1], "k_pid_hsp": [1.5859581202077546, 0.1531003758033771, 0.01], "k_pid_vsp": [376.5747392387296, 163.84421639189063, 1.0]}, "datetime": {"datetime": "2025-08-21 15:41:11", "elapsed": 24988.19825410843, "delta": 16.15299677848816}, "costs": {"total_cost": 182.50813887040098, "time_cost": 70.24, "final_distance_cost": 1.8490442804078115, "oscillation_cost": 38.33884341964007, "completition_cost": 0.0, "overshoot_cost": 49.36627322607339, "power_cost": 11.587559887695313, "noise_cost": 11.126418056584424, "n_waypoints_completed": 9, "tot_waypoints": 9}}
{"target": -188.35683615074055, "params": {"k_pid_pos": [1.9475525933111357, 0.024859491386256316, 0.21152287994165886], "k_pid_alt": [1.6714132940641002, 0.0, 0.1576465649121419], "k_pid_att": [5.660560806625048, 8.523668343376618, 0.5074717254068946], "k_pid_yaw": [0.5, 1e-06, 0.1], "k_pid_hsp": [1.606987810134683, 0.1531003758033771, 0.01], "k_pid_vsp": [110.56511661686339, 59.083466427248936, 1.0]}, "datetime": {"datetime": "2025-08-21 15:41:27", "elapsed": 25004.30997276306, "delta": 16.11171865463257}, "costs": {"total_cost": 188.35683615074055, "time_cost": 67.32000000000001, "final_distance_cost": 1.8022347186729941, "oscillation_cost": 49.40425868535326, "completition_cost": 0.0, "overshoot_cost": 49.40030960865935, "power_cost": 10.470735815429688, "noise_cost": 9.959297322625256, "n_waypoints_completed": 9, "tot_waypoints": 9}}
{"target": -356.6166023401695, "params": {"k_pid_pos": [1.7041340386651447, 0.024859491386256316, 0.3434561031905483], "k_pid_alt": [1.6319753356852484, 0.0, 0.1576465649121419], "k_pid_att": [58.989274729095186, 5.859554809351448, 0.7033874038379369], "k_pid_yaw": [0.5, 1e-06, 0.1], "k_pid_hsp": [1.606987810134683, 0.1531003758033771, 0.9726126856785379], "k_pid_vsp": [376.5747392387296, 178.623871307833, 1.0]}, "datetime": {"datetime": "2025-08-21 15:41:46", "elapsed": 25023.100254297256, "delta": 18.790281534194946}, "costs": {"total_cost": 356.6166023401695, "time_cost": 83.968, "final_distance_cost": 1.773203977948762, "oscillation_cost": 169.41703282046672, "completition_cost": 0.0, "overshoot_cost": 65.43913241567067, "power_cost": 19.48010437011719, "noise_cost": 16.539128755966118, "n_waypoints_completed": 9, "tot_waypoints": 9}}
{"target": -423.4055696082944, "params": {"k_pid_pos": [1.7041340386651447, 0.024859491386256316, 0.3434561031905483], "k_pid_alt": [1.3959173657108794, 0.0, 0.06527723447865985], "k_pid_att": [24.0942673894178, 2.6889016979653872, 0.8739915892735461], "k_pid_yaw": [0.5, 1e-06, 0.1], "k_pid_hsp": [1.0, 0.1531003758033771, 0.6429271916942968], "k_pid_vsp": [264.9966777379314, 359.530474216699, 1.0]}, "datetime": {"datetime": "2025-08-21 15:42:06", "elapsed": 25042.99224281311, "delta": 19.891988515853882}, "costs": {"total_cost": 423.4055696082944, "time_cost": 84.616, "final_distance_cost": 1.7635630178103903, "oscillation_cost": 232.30271952074628, "completition_cost": 0.0, "overshoot_cost": 67.95406563760797, "power_cost": 19.19760545654297, "noise_cost": 17.571615975586806, "n_waypoints_completed": 9, "tot_waypoints": 9}}
{"target": -181.79296785065415, "params": {"k_pid_pos": [1.8922997940790476, 0.024859491386256316, 0.6250867496839783], "k_pid_alt": [1.6319753356852484, 0.0, 0.1576465649121419], "k_pid_att": [35.543488255586034, 5.088413281584711, 0.6179952950406163], "k_pid_yaw": [0.5, 1e-06, 0.1], "k_pid_hsp": [1.0076768036881465, 0.1531003758033771, 0.01], "k_pid_vsp": [155.80135867994494, 175.28714713338795, 1.0]}, "datetime": {"datetime": "2025-08-21 15:42:22", "elapsed": 25059.00529074669, "delta": 16.01304793357849}, "costs": {"total_cost": 181.79296785065415, "time_cost": 67.96000000000001, "final_distance_cost": 1.8199420164584392, "oscillation_cost": 39.16268355316893, "completition_cost": 0.0, "overshoot_cost": 49.32036157773769, "power_cost": 12.240801818847658, "noise_cost": 11.289178884441444, "n_waypoints_completed": 9, "tot_waypoints": 9}}
{"target": -191.5775911136207, "params": {"k_pid_pos": [1.9176378968916694, 0.15059658371056506, 0.5553847934559067], "k_pid_alt": [1.0304713630477362, 0.0, 0.06527723447865985], "k_pid_att": [24.0942673894178, 7.284845820832624, 0.73590781336997], "k_pid_yaw": [0.5, 1e-06, 0.1], "k_pid_hsp": [1.606987810134683, 0.1531003758033771, 0.01], "k_pid_vsp": [110.56511661686339, 59.083466427248936, 1.0]}, "datetime": {"datetime": "2025-08-21 15:42:38", "elapsed": 25074.72995519638, "delta": 15.724664449691772}, "costs": {"total_cost": 191.5775911136207, "time_cost": 69.944, "final_distance_cost": 1.7877600434442487, "oscillation_cost": 40.91048602531556, "completition_cost": 0.0, "overshoot_cost": 50.883452864488895, "power_cost": 15.414738598632812, "noise_cost": 12.637153581739165, "n_waypoints_completed": 9, "tot_waypoints": 9}}
