{"target": -303.8057925908438, "params": {"k_pid_pos": [1.8922997940790476, 0.4420512236420855, 0.6250867496839783], "k_pid_alt": [1.1098775236402525, 0.0, 0.1576465649121419], "k_pid_att": [11.329609997636037, 6.043751783864618, 0.73590781336997], "k_pid_yaw": [0.5, 1e-06, 0.1], "k_pid_hsp": [1.606987810134683, 0.1531003758033771, 0.2242203254248294], "k_pid_vsp": [110.56511661686339, 59.083466427248936, 1.0]}, "datetime": {"datetime": "2025-08-21 18:16:35", "elapsed": 34311.66905832291, "delta": 18.239128589630127}, "costs": {"total_cost": 303.8057925908438, "time_cost": 81.128, "final_distance_cost": 1.764298765904084, "oscillation_cost": 136.4581392004801, "completition_cost": 0.0, "overshoot_cost": 52.95284268490967, "power_cost": 17.28583525390625, "noise_cost": 14.216676685643682, "n_waypoints_completed": 9, "tot_waypoints": 9}}
{"target": -192.86728664462325, "params": {"k_pid_pos": [1.8922997940790476, 0.024859491386256316, 0.6250867496839783], "k_pid_alt": [0.8511837275376319, 0.0, 0.014398680574380873], "k_pid_att": [58.989274729095186, 2.4733576543945865, 0.73590781336997], "k_pid_yaw": [0.5, 1e-06, 0.1], "k_pid_hsp": [1.606987810134683, 0.9795808776675899, 0.01], "k_pid_vsp": [365.3854220855408, 130.53254854158118, 1.0]}, "datetime": {"datetime": "2025-08-21 18:16:52", "elapsed": 34329.03278851509, "delta": 17.36373019218445}, "costs": {"total_cost": 192.86728664462325, "time_cost": 69.744, "final_distance_cost": 1.821636131088503, "oscillation_cost": 49.918173407194566, "completition_cost": 0.0, "overshoot_cost": 49.3398885899011, "power_cost": 11.183709020996094, "noise_cost": 10.859879495442984, "n_waypoints_completed": 9, "tot_waypoints": 9}}
{"target": -327.4406304359967, "params": {"k_pid_pos": [1.8922997940790476, 0.024859491386256316, 0.6250867496839783], "k_pid_alt": [1.1098775236402525, 0.0, 0.1576465649121419], "k_pid_att": [12.665511903358361, 8.451705289372699, 0.8267899093225144], "k_pid_yaw": [0.5, 1e-06, 0.1], "k_pid_hsp": [3.8165853135157835, 0.3095743154041969, 0.632766644436895], "k_pid_vsp": [110.56511661686339, 59.083466427248936, 1.0]}, "datetime": {"datetime": "2025-08-21 18:17:09", "elapsed": 34346.39884829521, "delta": 17.36605978012085}, "costs": {"total_cost": 327.4406304359967, "time_cost": 76.184, "final_distance_cost": 1.7362991273932495, "oscillation_cost": 169.90632808494078, "completition_cost": 0.0, "overshoot_cost": 52.345121342719544, "power_cost": 14.505295666503907, "noise_cost": 12.76358621443924, "n_waypoints_completed": 9, "tot_waypoints": 9}}
{"target": -208.9365532321356, "params": {"k_pid_pos": [1.1656520391797218, 0.024859491386256316, 0.6250867496839783], "k_pid_alt": [1.1098775236402525, 0.35334007319765726, 0.1576465649121419], "k_pid_att": [58.989274729095186, 5.859554809351448, 0.73590781336997], "k_pid_yaw": [0.5, 1e-06, 0.1], "k_pid_hsp": [1.606987810134683, 0.27564764684121745, 0.01], "k_pid_vsp": [110.56511661686339, 130.53254854158118, 1.0]}, "datetime": {"datetime": "2025-08-21 18:17:29", "elapsed": 34366.43319416046, "delta": 20.034345865249634}, "costs": {"total_cost": 208.9365532321356, "time_cost": 81.352, "final_distance_cost": 1.804356265999999, "oscillation_cost": 46.132355119768526, "completition_cost": 0.0, "overshoot_cost": 50.8410883098872, "power_cost": 15.616119311523438, "noise_cost": 13.190634224956414, "n_waypoints_completed": 9, "tot_waypoints": 9}}
{"target": -196.2894059438786, "params": {"k_pid_pos": [1.8922997940790476, 0.024859491386256316, 0.6250867496839783], "k_pid_alt": [1.1098775236402525, 0.0, 0.7455603024785848], "k_pid_att": [11.329609997636037, 6.043751783864618, 0.73590781336997], "k_pid_yaw": [0.5, 1e-06, 0.1], "k_pid_hsp": [5.335990326040409, 0.1531003758033771, 0.01], "k_pid_vsp": [110.56511661686339, 186.29560388348816, 1.0]}, "datetime": {"datetime": "2025-08-21 18:17:46", "elapsed": 34382.617819309235, "delta": 16.184625148773193}, "costs": {"total_cost": 196.2894059438786, "time_cost": 72.08800000000001, "final_distance_cost": 1.83681270453271, "oscillation_cost": 46.116143064216324, "completition_cost": 0.0, "overshoot_cost": 49.59125633727243, "power_cost": 14.356129565429688, "noise_cost": 12.30106427242744, "n_waypoints_completed": 9, "tot_waypoints": 9}}
{"target": -219.53138882776454, "params": {"k_pid_pos": [1.8922997940790476, 0.024859491386256316, 0.6250867496839783], "k_pid_alt": [1.1098775236402525, 0.33621624490630797, 0.1576465649121419], "k_pid_att": [58.989274729095186, 0.7020553479349817, 0.73590781336997], "k_pid_yaw": [0.5, 1e-06, 0.1], "k_pid_hsp": [1.606987810134683, 0.1531003758033771, 0.01], "k_pid_vsp": [110.56511661686339, 133.5444163149646, 1.0]}, "datetime": {"datetime": "2025-08-21 18:18:07", "elapsed": 34404.235924720764, "delta": 21.61810541152954}, "costs": {"total_cost": 219.53138882776454, "time_cost": 83.72800000000001, "final_distance_cost": 1.800591534937619, "oscillation_cost": 49.48202556390965, "completition_cost": 0.0, "overshoot_cost": 53.15158682078585, "power_cost": 17.236013598632812, "noise_cost": 14.133171309498588, "n_waypoints_completed": 9, "tot_waypoints": 9}}
{"target": -1092.4555664490151, "params": {"k_pid_pos": [1.8922997940790476, 0.024859491386256316, 0.6250867496839783], "k_pid_alt": [1.1098775236402525, 0.0, 0.1928987146789487], "k_pid_att": [58.989274729095186, 9.481495940872867, 0.73590781336997], "k_pid_yaw": [0.5, 1e-06, 0.1], "k_pid_hsp": [1.606987810134683, 0.1531003758033771, 0.01], "k_pid_vsp": [110.56511661686339, 59.083466427248936, 137.96362976556017]}, "datetime": {"datetime": "2025-08-21 18:18:30", "elapsed": 34427.38667559624, "delta": 23.150750875473022}, "costs": {"total_cost": 1092.4555664490151, "time_cost": 150, "final_distance_cost": 77.03071446923042, "oscillation_cost": 48.25503262872015, "completition_cost": 666.6666666666667, "overshoot_cost": 106.9542062567586, "power_cost": 24.700950134277345, "noise_cost": 18.847996293362023, "n_waypoints_completed": 3, "tot_waypoints": 9}}
{"target": -184.72984126235917, "params": {"k_pid_pos": [1.8922997940790476, 0.024859491386256316, 0.6250867496839783], "k_pid_alt": [1.1098775236402525, 0.0, 0.876085735038417], "k_pid_att": [25.463483275157817, 5.859554809351448, 0.73590781336997], "k_pid_yaw": [0.5, 1e-06, 0.1], "k_pid_hsp": [1.606987810134683, 0.12837695446753306, 0.01], "k_pid_vsp": [110.56511661686339, 59.083466427248936, 1.0]}, "datetime": {"datetime": "2025-08-21 18:18:49", "elapsed": 34446.09408164024, "delta": 18.707406044006348}, "costs": {"total_cost": 184.72984126235917, "time_cost": 72.464, "final_distance_cost": 1.8464287783522477, "oscillation_cost": 41.22689751764843, "completition_cost": 0.0, "overshoot_cost": 49.972958841774634, "power_cost": 9.455330310058594, "noise_cost": 9.764225814525258, "n_waypoints_completed": 9, "tot_waypoints": 9}}
{"target": -425.69627536242933, "params": {"k_pid_pos": [1.8922997940790476, 0.024859491386256316, 0.6250867496839783], "k_pid_alt": [1.2997166638183162, 0.0, 0.876085735038417], "k_pid_att": [25.463483275157817, 5.859554809351448, 0.73590781336997], "k_pid_yaw": [0.5, 1e-06, 0.1], "k_pid_hsp": [1.606987810134683, 0.1531003758033771, 0.7511680373897952], "k_pid_vsp": [110.56511661686339, 59.083466427248936, 1.0]}, "datetime": {"datetime": "2025-08-21 18:19:09", "elapsed": 34466.13811993599, "delta": 20.04403829574585}, "costs": {"total_cost": 425.69627536242933, "time_cost": 88.2, "final_distance_cost": 1.7315383626371463, "oscillation_cost": 237.53299573119884, "completition_cost": 0.0, "overshoot_cost": 66.61715471937504, "power_cost": 16.126228564453125, "noise_cost": 15.488357984765194, "n_waypoints_completed": 9, "tot_waypoints": 9}}
{"target": -316.7357308505344, "params": {"k_pid_pos": [1.8922997940790476, 0.024859491386256316, 0.6250867496839783], "k_pid_alt": [1.1098775236402525, 0.0, 0.1576465649121419], "k_pid_att": [11.329609997636037, 6.043751783864618, 0.73590781336997], "k_pid_yaw": [0.5, 1e-06, 0.1], "k_pid_hsp": [1.606987810134683, 0.1531003758033771, 0.27468045426109544], "k_pid_vsp": [110.56511661686339, 59.083466427248936, 1.0]}, "datetime": {"datetime": "2025-08-21 18:19:30", "elapsed": 34486.78810048103, "delta": 20.649980545043945}, "costs": {"total_cost": 316.7357308505344, "time_cost": 79.656, "final_distance_cost": 1.8063692676139855, "oscillation_cost": 144.99346593522992, "completition_cost": 0.0, "overshoot_cost": 52.827022941470005, "power_cost": 21.476344750976562, "noise_cost": 15.976527955243991, "n_waypoints_completed": 9, "tot_waypoints": 9}}
{"target": -201.19639904104883, "params": {"k_pid_pos": [1.8922997940790476, 0.024859491386256316, 0.6250867496839783], "k_pid_alt": [0.8511837275376319, 0.0, 0.014398680574380873], "k_pid_att": [12.665511903358361, 8.451705289372699, 0.8267899093225144], "k_pid_yaw": [0.5, 1e-06, 0.1], "k_pid_hsp": [3.8165853135157835, 0.3095743154041969, 0.01], "k_pid_vsp": [110.56511661686339, 59.083466427248936, 1.0]}, "datetime": {"datetime": "2025-08-21 18:19:46", "elapsed": 34502.51163268089, "delta": 15.72353219985962}, "costs": {"total_cost": 201.19639904104883, "time_cost": 71.632, "final_distance_cost": 1.8195042957336367, "oscillation_cost": 49.31120056753893, "completition_cost": 0.0, "overshoot_cost": 50.51109172721462, "power_cost": 15.159152380371095, "noise_cost": 12.763450070190544, "n_waypoints_completed": 9, "tot_waypoints": 9}}
{"target": -201.01311599864474, "params": {"k_pid_pos": [1.8922997940790476, 0.024859491386256316, 0.6250867496839783], "k_pid_alt": [1.1098775236402525, 0.0, 0.5405957282041112], "k_pid_att": [25.463483275157817, 7.515433173258454, 0.73590781336997], "k_pid_yaw": [0.5, 1e-06, 0.1], "k_pid_hsp": [1.606987810134683, 0.934385641909028, 0.01], "k_pid_vsp": [110.56511661686339, 59.083466427248936, 1.0]}, "datetime": {"datetime": "2025-08-21 18:20:04", "elapsed": 34520.8109292984, "delta": 18.299296617507935}, "costs": {"total_cost": 201.01311599864474, "time_cost": 70.976, "final_distance_cost": 1.8278436108364597, "oscillation_cost": 51.092776813887504, "completition_cost": 0.0, "overshoot_cost": 49.97166604403066, "power_cost": 14.672229711914063, "noise_cost": 12.472599817976072, "n_waypoints_completed": 9, "tot_waypoints": 9}}
{"target": -184.11131764404954, "params": {"k_pid_pos": [1.8922997940790476, 0.024859491386256316, 0.6250867496839783], "k_pid_alt": [0.8511837275376319, 0.0, 0.014398680574380873], "k_pid_att": [21.98704379498816, 8.451705289372699, 0.8267899093225144], "k_pid_yaw": [0.5, 1e-06, 0.1], "k_pid_hsp": [1.606987810134683, 0.1531003758033771, 0.01], "k_pid_vsp": [110.56511661686339, 130.53254854158118, 1.0]}, "datetime": {"datetime": "2025-08-21 18:20:20", "elapsed": 34536.59155583382, "delta": 15.78062653541565}, "costs": {"total_cost": 184.11131764404954, "time_cost": 69.744, "final_distance_cost": 1.8109488739933175, "oscillation_cost": 39.44329891701193, "completition_cost": 0.0, "overshoot_cost": 49.415733068771495, "power_cost": 12.465310766601563, "noise_cost": 11.232026017671245, "n_waypoints_completed": 9, "tot_waypoints": 9}}
{"target": -180.37728974885243, "params": {"k_pid_pos": [1.8922997940790476, 0.024859491386256316, 0.6250867496839783], "k_pid_alt": [1.1098775236402525, 0.0, 0.1576465649121419], "k_pid_att": [58.989274729095186, 5.859554809351448, 0.73590781336997], "k_pid_yaw": [0.5, 1e-06, 0.1], "k_pid_hsp": [1.606987810134683, 0.1531003758033771, 0.01], "k_pid_vsp": [110.56511661686339, 130.53254854158118, 1.0]}, "datetime": {"datetime": "2025-08-21 18:20:38", "elapsed": 34554.628579854965, "delta": 18.03702402114868}, "costs": {"total_cost": 180.37728974885243, "time_cost": 69.08800000000001, "final_distance_cost": 1.8066697899301742, "oscillation_cost": 39.078348330591616, "completition_cost": 0.0, "overshoot_cost": 49.83862167043897, "power_cost": 10.356491528320314, "noise_cost": 10.209158429571358, "n_waypoints_completed": 9, "tot_waypoints": 9}}
{"target": -178.50190423937227, "params": {"k_pid_pos": [1.8922997940790476, 0.024859491386256316, 0.37255195504867966], "k_pid_alt": [1.9160597436741602, 0.0, 0.1576465649121419], "k_pid_att": [58.989274729095186, 5.859554809351448, 0.73590781336997], "k_pid_yaw": [0.5, 1e-06, 0.1], "k_pid_hsp": [1.606987810134683, 0.1531003758033771, 0.01], "k_pid_vsp": [110.56511661686339, 130.53254854158118, 1.0]}, "datetime": {"datetime": "2025-08-21 18:20:54", "elapsed": 34570.81322646141, "delta": 16.184646606445312}, "costs": {"total_cost": 178.50190423937227, "time_cost": 67.504, "final_distance_cost": 1.807167653215126, "oscillation_cost": 44.86544819198251, "completition_cost": 0.0, "overshoot_cost": 49.51820543202277, "power_cost": 6.776747814941406, "noise_cost": 8.030335147210453, "n_waypoints_completed": 9, "tot_waypoints": 9}}
{"target": -185.7645629697327, "params": {"k_pid_pos": [1.8922997940790476, 0.024859491386256316, 0.7556978754244337], "k_pid_alt": [1.9160597436741602, 0.0, 0.09225839282971338], "k_pid_att": [58.989274729095186, 1.1166001057131414, 0.73590781336997], "k_pid_yaw": [0.5, 1e-06, 0.1], "k_pid_hsp": [1.606987810134683, 0.1531003758033771, 0.01], "k_pid_vsp": [110.56511661686339, 59.083466427248936, 1.0]}, "datetime": {"datetime": "2025-08-21 18:21:10", "elapsed": 34587.10231280327, "delta": 16.28908634185791}, "costs": {"total_cost": 185.7645629697327, "time_cost": 69.264, "final_distance_cost": 1.8397070419548194, "oscillation_cost": 39.34910019389002, "completition_cost": 0.0, "overshoot_cost": 50.38700668404763, "power_cost": 13.025639611816407, "noise_cost": 11.899109438023826, "n_waypoints_completed": 9, "tot_waypoints": 9}}
{"target": -201.45448996522052, "params": {"k_pid_pos": [1.8922997940790476, 0.024859491386256316, 0.6250867496839783], "k_pid_alt": [1.1098775236402525, 0.4911757657342978, 0.1576465649121419], "k_pid_att": [58.989274729095186, 5.859554809351448, 0.73590781336997], "k_pid_yaw": [0.5, 1e-06, 0.1], "k_pid_hsp": [1.606987810134683, 0.1531003758033771, 0.01], "k_pid_vsp": [110.56511661686339, 130.53254854158118, 1.0]}, "datetime": {"datetime": "2025-08-21 18:21:30", "elapsed": 34606.522554636, "delta": 19.420241832733154}, "costs": {"total_cost": 201.45448996522052, "time_cost": 76.72800000000001, "final_distance_cost": 1.8047609371120001, "oscillation_cost": 48.81160965563004, "completition_cost": 0.0, "overshoot_cost": 50.78947971956716, "power_cost": 12.073227502441407, "noise_cost": 11.247412150469902, "n_waypoints_completed": 9, "tot_waypoints": 9}}
{"target": -438.6513005000776, "params": {"k_pid_pos": [1.8922997940790476, 0.024859491386256316, 0.6250867496839783], "k_pid_alt": [1.1098775236402525, 0.0, 0.1576465649121419], "k_pid_att": [58.989274729095186, 1.1166001057131414, 0.73590781336997], "k_pid_yaw": [0.5, 1e-06, 0.1], "k_pid_hsp": [1.606987810134683, 0.1531003758033771, 0.8785162863972618], "k_pid_vsp": [110.56511661686339, 59.083466427248936, 1.0]}, "datetime": {"datetime": "2025-08-21 18:21:53", "elapsed": 34629.79351377487, "delta": 23.27095913887024}, "costs": {"total_cost": 438.6513005000776, "time_cost": 94.248, "final_distance_cost": 1.773818994010681, "oscillation_cost": 238.1369533818853, "completition_cost": 0.0, "overshoot_cost": 64.32799570551671, "power_cost": 22.36831065673828, "noise_cost": 17.79622176192655, "n_waypoints_completed": 9, "tot_waypoints": 9}}
{"target": -212.44627678677347, "params": {"k_pid_pos": [1.8922997940790476, 0.7874051644805554, 0.6250867496839783], "k_pid_alt": [1.1098775236402525, 0.0, 0.1576465649121419], "k_pid_att": [58.989274729095186, 1.1166001057131414, 0.73590781336997], "k_pid_yaw": [0.5, 1e-06, 0.1], "k_pid_hsp": [1.606987810134683, 0.1531003758033771, 0.01], "k_pid_vsp": [63.136911873539916, 59.083466427248936, 1.0]}, "datetime": {"datetime": "2025-08-21 18:22:12", "elapsed": 34648.54351115227, "delta": 18.74999737739563}, "costs": {"total_cost": 212.44627678677347, "time_cost": 82.392, "final_distance_cost": 1.7331877801654545, "oscillation_cost": 49.500302417940794, "completition_cost": 0.0, "overshoot_cost": 51.7321806834253, "power_cost": 14.304606799316407, "noise_cost": 12.783999105925528, "n_waypoints_completed": 9, "tot_waypoints": 9}}
{"target": -183.95039503342525, "params": {"k_pid_pos": [1.8922997940790476, 0.024859491386256316, 0.6250867496839783], "k_pid_alt": [1.1098775236402525, 0.0, 0.014398680574380873], "k_pid_att": [21.98704379498816, 9.879664871039932, 0.8267899093225144], "k_pid_yaw": [0.5, 1e-06, 0.1], "k_pid_hsp": [1.606987810134683, 0.1531003758033771, 0.01], "k_pid_vsp": [110.56511661686339, 130.53254854158118, 1.0]}, "datetime": {"datetime": "2025-08-21 18:22:29", "elapsed": 34666.281719207764, "delta": 17.738208055496216}, "costs": {"total_cost": 183.95039503342525, "time_cost": 68.928, "final_distance_cost": 1.8280327008842583, "oscillation_cost": 39.612315951321925, "completition_cost": 0.0, "overshoot_cost": 49.87256358398083, "power_cost": 12.411507360839844, "noise_cost": 11.297975436398426, "n_waypoints_completed": 9, "tot_waypoints": 9}}
{"target": -202.42220385631364, "params": {"k_pid_pos": [1.8922997940790476, 0.024859491386256316, 0.6250867496839783], "k_pid_alt": [0.8511837275376319, 0.0, 0.7455603024785848], "k_pid_att": [11.329609997636037, 6.043751783864618, 0.73590781336997], "k_pid_yaw": [0.5, 1e-06, 0.1], "k_pid_hsp": [5.335990326040409, 0.1531003758033771, 0.01], "k_pid_vsp": [110.56511661686339, 186.29560388348816, 1.0]}, "datetime": {"datetime": "2025-08-21 18:22:47", "elapsed": 34683.84373354912, "delta": 17.56201434135437}, "costs": {"total_cost": 202.42220385631364, "time_cost": 76.2, "final_distance_cost": 1.8582053525689668, "oscillation_cost": 49.470746065314145, "completition_cost": 0.0, "overshoot_cost": 49.776316623234656, "power_cost": 13.305621215820313, "noise_cost": 11.81131459937555, "n_waypoints_completed": 9, "tot_waypoints": 9}}
{"target": -193.67415539500996, "params": {"k_pid_pos": [1.8922997940790476, 0.024859491386256316, 0.37255195504867966], "k_pid_alt": [1.9160597436741602, 0.0, 0.1576465649121419], "k_pid_att": [58.989274729095186, 5.859554809351448, 0.73590781336997], "k_pid_yaw": [0.5, 1e-06, 0.1], "k_pid_hsp": [1.606987810134683, 0.1531003758033771, 0.01], "k_pid_vsp": [110.56511661686339, 130.53254854158118, 1.0]}, "datetime": {"datetime": "2025-08-21 18:23:04", "elapsed": 34700.954885959625, "delta": 17.111152410507202}, "costs": {"total_cost": 193.67415539500996, "time_cost": 69.608, "final_distance_cost": 1.8073291494000916, "oscillation_cost": 44.77195414407165, "completition_cost": 0.0, "overshoot_cost": 50.82697541537929, "power_cost": 14.296616345214844, "noise_cost": 12.363280340944083, "n_waypoints_completed": 9, "tot_waypoints": 9}}
{"target": -1167.7905929600217, "params": {"k_pid_pos": [1.8922997940790476, 0.024859491386256316, 0.6250867496839783], "k_pid_alt": [0.7820495451630411, 0.0, 0.1576465649121419], "k_pid_att": [87.04919764154812, 0.7630207001553703, 0.73590781336997], "k_pid_yaw": [0.5, 1e-06, 0.1], "k_pid_hsp": [1.606987810134683, 0.1531003758033771, 0.01], "k_pid_vsp": [199.8732204904465, 59.083466427248936, 288.50949909299254]}, "datetime": {"datetime": "2025-08-21 18:23:28", "elapsed": 34724.7829887867, "delta": 23.828102827072144}, "costs": {"total_cost": 1167.7905929600217, "time_cost": 150, "final_distance_cost": 126.50795659492687, "oscillation_cost": 45.12155123096161, "completition_cost": 666.6666666666667, "overshoot_cost": 144.11369349674726, "power_cost": 19.580183105468752, "noise_cost": 15.80054186525055, "n_waypoints_completed": 3, "tot_waypoints": 9}}
{"target": -197.82106395931487, "params": {"k_pid_pos": [1.8922997940790476, 0.024859491386256316, 0.6250867496839783], "k_pid_alt": [1.1098775236402525, 0.0, 0.1576465649121419], "k_pid_att": [25.463483275157817, 5.859554809351448, 0.73590781336997], "k_pid_yaw": [0.5, 1e-06, 0.1], "k_pid_hsp": [1.606987810134683, 0.1531003758033771, 0.01], "k_pid_vsp": [110.56511661686339, 59.083466427248936, 1.0]}, "datetime": {"datetime": "2025-08-21 18:23:45", "elapsed": 34742.23222780228, "delta": 17.449239015579224}, "costs": {"total_cost": 197.82106395931487, "time_cost": 71.464, "final_distance_cost": 1.8309814047551476, "oscillation_cost": 42.09423762032646, "completition_cost": 0.0, "overshoot_cost": 51.620342847717055, "power_cost": 17.153776232910158, "noise_cost": 13.657725853606054, "n_waypoints_completed": 9, "tot_waypoints": 9}}
{"target": -268.03007656069104, "params": {"k_pid_pos": [1.8922997940790476, 0.024859491386256316, 0.6250867496839783], "k_pid_alt": [1.1098775236402525, 0.0, 0.1576465649121419], "k_pid_att": [11.329609997636037, 6.043751783864618, 0.73590781336997], "k_pid_yaw": [0.5, 1e-06, 0.1], "k_pid_hsp": [1.606987810134683, 0.1531003758033771, 0.1821154888779204], "k_pid_vsp": [110.56511661686339, 62.95765988793378, 1.0]}, "datetime": {"datetime": "2025-08-21 18:24:03", "elapsed": 34760.37002015114, "delta": 18.137792348861694}, "costs": {"total_cost": 268.03007656069104, "time_cost": 77.056, "final_distance_cost": 1.8064475492815855, "oscillation_cost": 106.75513534705615, "completition_cost": 0.0, "overshoot_cost": 51.586605731156205, "power_cost": 16.805883874511718, "noise_cost": 14.020004058685362, "n_waypoints_completed": 9, "tot_waypoints": 9}}
