{"target": -256.0219330322329, "params": {"k_pid_pos": [1.8595400226050138, 0.024859491386256316, 0.9062157365473852], "k_pid_alt": [1.2679502233621702, 0.21279159204151088, 0.8361997509577753], "k_pid_att": [20.236336479523032, 3.0596356458441103, 0.9274604585040267], "k_pid_yaw": [0.5, 1e-06, 0.1], "k_pid_hsp": [1.5353014571438959, 0.6928529548962581, 0.01], "k_pid_vsp": [378.2079564087626, 68.25774458243322, 1.0]}, "datetime": {"datetime": "2025-08-21 11:38:49", "elapsed": 10445.774206876755, "delta": 22.315656423568726}, "costs": {"total_cost": 256.0219330322329, "time_cost": 97.84, "final_distance_cost": 1.767603831168501, "oscillation_cost": 58.03660263364378, "completition_cost": 0.0, "overshoot_cost": 57.49745791955178, "power_cost": 23.121026806640625, "noise_cost": 17.7592418412282, "n_waypoints_completed": 9, "tot_waypoints": 9}}
{"target": -190.7475703062084, "params": {"k_pid_pos": [1.3885554450422086, 0.024859491386256316, 0.11401919133455096], "k_pid_alt": [1.2679502233621702, 0.0, 0.16072894317769304], "k_pid_att": [94.70626418914286, 9.597749245839971, 0.3366070335655168], "k_pid_yaw": [0.5, 1e-06, 0.1], "k_pid_hsp": [1.0, 0.1531003758033771, 0.01], "k_pid_vsp": [378.2079564087626, 355.21150340299164, 1.0]}, "datetime": {"datetime": "2025-08-21 11:39:05", "elapsed": 10461.611988067627, "delta": 15.837781190872192}, "costs": {"total_cost": 190.7475703062084, "time_cost": 68.92, "final_distance_cost": 1.8089755514628139, "oscillation_cost": 45.416074184121115, "completition_cost": 0.0, "overshoot_cost": 50.54695821771217, "power_cost": 12.628367443847656, "noise_cost": 11.427194909064648, "n_waypoints_completed": 9, "tot_waypoints": 9}}
{"target": -187.0891708108337, "params": {"k_pid_pos": [1.3885554450422086, 0.024859491386256316, 0.11401919133455096], "k_pid_alt": [1.2679502233621702, 0.0, 0.8361997509577753], "k_pid_att": [20.236336479523032, 3.0596356458441103, 0.9274604585040267], "k_pid_yaw": [0.5, 1e-06, 0.1], "k_pid_hsp": [1.5353014571438959, 0.01, 0.01], "k_pid_vsp": [153.0622015256548, 355.21150340299164, 17.132000594645874]}, "datetime": {"datetime": "2025-08-21 11:39:21", "elapsed": 10478.290512084961, "delta": 16.678524017333984}, "costs": {"total_cost": 187.0891708108337, "time_cost": 71.496, "final_distance_cost": 1.8272787651289653, "oscillation_cost": 40.57799555060797, "completition_cost": 0.0, "overshoot_cost": 50.09551486209572, "power_cost": 12.601258630371094, "noise_cost": 10.491123002629969, "n_waypoints_completed": 9, "tot_waypoints": 9}}
{"target": -198.35280777210502, "params": {"k_pid_pos": [1.4999912498542303, 0.024859491386256316, 0.11401919133455096], "k_pid_alt": [1.5598585210964004, 0.0, 0.1576465649121419], "k_pid_att": [58.989274729095186, 7.284845820832624, 0.8739915892735461], "k_pid_yaw": [0.5, 1e-06, 0.1], "k_pid_hsp": [1.0, 0.1531003758033771, 0.01], "k_pid_vsp": [378.2079564087626, 355.21150340299164, 125.63076761775174]}, "datetime": {"datetime": "2025-08-21 11:39:37", "elapsed": 10493.843383312225, "delta": 15.552871227264404}, "costs": {"total_cost": 198.35280777210502, "time_cost": 68.808, "final_distance_cost": 1.7807672590343915, "oscillation_cost": 44.25206679708373, "completition_cost": 0.0, "overshoot_cost": 50.46864356313565, "power_cost": 19.083812365722657, "noise_cost": 13.959517787128584, "n_waypoints_completed": 9, "tot_waypoints": 9}}
{"target": -946.3447013435277, "params": {"k_pid_pos": [1.0031316701085804, 0.024859491386256316, 0.8639636964847707], "k_pid_alt": [0.678214104436041, 0.0, 0.8361997509577753], "k_pid_att": [20.236336479523032, 3.0596356458441103, 0.9274604585040267], "k_pid_yaw": [0.5, 1e-06, 0.1], "k_pid_hsp": [1.5353014571438959, 0.01, 0.7756550036839217], "k_pid_vsp": [279.31855783528204, 355.21150340299164, 1.0]}, "datetime": {"datetime": "2025-08-21 11:40:00", "elapsed": 10516.997243404388, "delta": 23.153860092163086}, "costs": {"total_cost": 946.3447013435277, "time_cost": 150, "final_distance_cost": 62.08733917441164, "oscillation_cost": 311.1808129775244, "completition_cost": 333.33333333333337, "overshoot_cost": 49.57890627874384, "power_cost": 22.79479215087891, "noise_cost": 17.36951742863564, "n_waypoints_completed": 6, "tot_waypoints": 9}}
{"target": -185.49265257775684, "params": {"k_pid_pos": [1.3078103269235994, 0.024859491386256316, 0.11401919133455096], "k_pid_alt": [1.2679502233621702, 0.0, 0.06527723447865985], "k_pid_att": [24.0942673894178, 7.284845820832624, 0.8739915892735461], "k_pid_yaw": [0.5, 1e-06, 0.1], "k_pid_hsp": [1.0, 0.01, 0.01], "k_pid_vsp": [153.0622015256548, 84.00193632023473, 1.0]}, "datetime": {"datetime": "2025-08-21 11:40:16", "elapsed": 10532.715700864792, "delta": 15.718457460403442}, "costs": {"total_cost": 185.49265257775684, "time_cost": 69.04, "final_distance_cost": 1.8275799392962677, "oscillation_cost": 39.5155583935071, "completition_cost": 0.0, "overshoot_cost": 50.546799871547414, "power_cost": 12.974874389648438, "noise_cost": 11.587839983757597, "n_waypoints_completed": 9, "tot_waypoints": 9}}
{"target": -198.8420503619961, "params": {"k_pid_pos": [1.9188042305344217, 0.024859491386256316, 0.11401919133455096], "k_pid_alt": [1.2679502233621702, 0.0, 0.8660961728784851], "k_pid_att": [20.236336479523032, 4.028010644934719, 0.837110513405392], "k_pid_yaw": [0.5, 1e-06, 0.1], "k_pid_hsp": [1.5353014571438959, 0.01, 0.01], "k_pid_vsp": [153.0622015256548, 355.21150340299164, 1.0]}, "datetime": {"datetime": "2025-08-21 11:40:32", "elapsed": 10549.307319879532, "delta": 16.59161901473999}, "costs": {"total_cost": 198.8420503619961, "time_cost": 73.19200000000001, "final_distance_cost": 1.797633821240902, "oscillation_cost": 45.961731191894856, "completition_cost": 0.0, "overshoot_cost": 50.573507545123086, "power_cost": 14.955069958496095, "noise_cost": 12.362107845241141, "n_waypoints_completed": 9, "tot_waypoints": 9}}
{"target": -196.15841288050143, "params": {"k_pid_pos": [1.3078103269235994, 0.024859491386256316, 0.11401919133455096], "k_pid_alt": [1.2679502233621702, 0.0, 0.06527723447865985], "k_pid_att": [58.989274729095186, 7.284845820832624, 0.8739915892735461], "k_pid_yaw": [0.5, 1e-06, 0.1], "k_pid_hsp": [1.0, 0.01, 0.01], "k_pid_vsp": [153.0622015256548, 84.00193632023473, 1.0]}, "datetime": {"datetime": "2025-08-21 11:40:48", "elapsed": 10565.443088531494, "delta": 16.13576865196228}, "costs": {"total_cost": 196.15841288050143, "time_cost": 71.008, "final_distance_cost": 1.8054353317902114, "oscillation_cost": 39.39706924586353, "completition_cost": 0.0, "overshoot_cost": 51.940369612548636, "power_cost": 17.92665700683594, "noise_cost": 14.080881683463122, "n_waypoints_completed": 9, "tot_waypoints": 9}}
{"target": -177.9829319746506, "params": {"k_pid_pos": [1.3885554450422086, 0.024859491386256316, 0.11401919133455096], "k_pid_alt": [1.2679502233621702, 0.0, 0.1576465649121419], "k_pid_att": [58.989274729095186, 7.284845820832624, 0.8739915892735461], "k_pid_yaw": [0.5, 1e-06, 0.1], "k_pid_hsp": [1.0, 0.1531003758033771, 0.01], "k_pid_vsp": [378.2079564087626, 355.21150340299164, 1.0]}, "datetime": {"datetime": "2025-08-21 11:41:04", "elapsed": 10581.081760406494, "delta": 15.638671875}, "costs": {"total_cost": 177.9829319746506, "time_cost": 68.264, "final_distance_cost": 1.798364975358657, "oscillation_cost": 42.225557114379434, "completition_cost": 0.0, "overshoot_cost": 49.302072482721236, "power_cost": 7.742000378417969, "noise_cost": 8.650937023773315, "n_waypoints_completed": 9, "tot_waypoints": 9}}
{"target": -183.0886292651535, "params": {"k_pid_pos": [1.3078103269235994, 0.024859491386256316, 0.11401919133455096], "k_pid_alt": [1.2679502233621702, 0.0, 0.06527723447865985], "k_pid_att": [24.0942673894178, 7.284845820832624, 0.8739915892735461], "k_pid_yaw": [0.5, 1e-06, 0.1], "k_pid_hsp": [1.0, 0.01, 0.01], "k_pid_vsp": [153.0622015256548, 84.00193632023473, 1.0]}, "datetime": {"datetime": "2025-08-21 11:41:20", "elapsed": 10597.016998291016, "delta": 15.935237884521484}, "costs": {"total_cost": 183.0886292651535, "time_cost": 68.744, "final_distance_cost": 1.814645462134385, "oscillation_cost": 39.41514043411401, "completition_cost": 0.0, "overshoot_cost": 50.15361113042298, "power_cost": 11.882067395019531, "noise_cost": 11.079164843462578, "n_waypoints_completed": 9, "tot_waypoints": 9}}
{"target": -196.23140857879278, "params": {"k_pid_pos": [1.3078103269235994, 0.024859491386256316, 0.11401919133455096], "k_pid_alt": [1.2679502233621702, 0.0, 0.06527723447865985], "k_pid_att": [24.0942673894178, 7.284845820832624, 0.837110513405392], "k_pid_yaw": [0.5, 1e-06, 0.1], "k_pid_hsp": [1.5353014571438959, 0.01, 0.01], "k_pid_vsp": [153.0622015256548, 355.21150340299164, 1.0]}, "datetime": {"datetime": "2025-08-21 11:41:36", "elapsed": 10612.944814443588, "delta": 15.927816152572632}, "costs": {"total_cost": 196.23140857879278, "time_cost": 71.08, "final_distance_cost": 1.816773875216425, "oscillation_cost": 41.677981351800405, "completition_cost": 0.0, "overshoot_cost": 51.6862522080076, "power_cost": 16.573470446777346, "noise_cost": 13.396930696991008, "n_waypoints_completed": 9, "tot_waypoints": 9}}
{"target": -306.4048975577897, "params": {"k_pid_pos": [1.9188042305344217, 0.024859491386256316, 0.11401919133455096], "k_pid_alt": [1.2679502233621702, 0.0, 0.8660961728784851], "k_pid_att": [20.236336479523032, 4.028010644934719, 0.8739915892735461], "k_pid_yaw": [0.5, 1e-06, 0.1], "k_pid_hsp": [1.0, 0.01, 0.24252753025063056], "k_pid_vsp": [153.0622015256548, 84.00193632023473, 1.0]}, "datetime": {"datetime": "2025-08-21 11:41:53", "elapsed": 10629.538170576096, "delta": 16.593356132507324}, "costs": {"total_cost": 306.4048975577897, "time_cost": 72.824, "final_distance_cost": 1.7713656673869131, "oscillation_cost": 154.19672930715862, "completition_cost": 0.0, "overshoot_cost": 51.815040586125114, "power_cost": 13.721470581054689, "noise_cost": 12.076291416064354, "n_waypoints_completed": 9, "tot_waypoints": 9}}
{"target": -217.4276421555483, "params": {"k_pid_pos": [1.4999912498542303, 0.11906128738229915, 0.11401919133455096], "k_pid_alt": [1.2679502233621702, 0.0, 0.26454652801742706], "k_pid_att": [20.236336479523032, 8.589697399353744, 0.5289969311173601], "k_pid_yaw": [0.5, 1e-06, 0.1], "k_pid_hsp": [4.4869223172461, 0.01, 0.01], "k_pid_vsp": [150.0, 351.388862279923, 131.29633191148946]}, "datetime": {"datetime": "2025-08-21 11:42:10", "elapsed": 10646.75837135315, "delta": 17.220200777053833}, "costs": {"total_cost": 217.4276421555483, "time_cost": 74.808, "final_distance_cost": 1.7907319499564196, "oscillation_cost": 51.78325647086954, "completition_cost": 0.0, "overshoot_cost": 53.63118289175327, "power_cost": 20.46974638671875, "noise_cost": 14.944724456250329, "n_waypoints_completed": 9, "tot_waypoints": 9}}
{"target": -212.06626246796824, "params": {"k_pid_pos": [1.3885554450422086, 0.25995968672490866, 0.007456431423803034], "k_pid_alt": [1.2679502233621702, 0.0, 0.512921577555336], "k_pid_att": [27.406759869572184, 3.0596356458441103, 0.9274604585040267], "k_pid_yaw": [0.5, 1e-06, 0.1], "k_pid_hsp": [1.5353014571438959, 0.01, 0.01], "k_pid_vsp": [378.2079564087626, 355.21150340299164, 1.0]}, "datetime": {"datetime": "2025-08-21 11:42:28", "elapsed": 10664.958767175674, "delta": 18.200395822525024}, "costs": {"total_cost": 212.06626246796824, "time_cost": 80.336, "final_distance_cost": 1.7947803975998853, "oscillation_cost": 44.53245282910341, "completition_cost": 0.0, "overshoot_cost": 52.52591554495318, "power_cost": 18.275833654785156, "noise_cost": 14.601280041526655, "n_waypoints_completed": 9, "tot_waypoints": 9}}
{"target": -186.9394451754522, "params": {"k_pid_pos": [1.3885554450422086, 0.024859491386256316, 0.11401919133455096], "k_pid_alt": [1.2679502233621702, 0.0, 0.16072894317769304], "k_pid_att": [94.70626418914286, 9.597749245839971, 0.3366070335655168], "k_pid_yaw": [0.5, 1e-06, 0.1], "k_pid_hsp": [1.0, 0.01, 0.01], "k_pid_vsp": [153.0622015256548, 307.91687238113764, 1.0]}, "datetime": {"datetime": "2025-08-21 11:42:44", "elapsed": 10680.473822593689, "delta": 15.515055418014526}, "costs": {"total_cost": 186.9394451754522, "time_cost": 68.864, "final_distance_cost": 1.8069769827407491, "oscillation_cost": 49.540120298380366, "completition_cost": 0.0, "overshoot_cost": 50.16635918764847, "power_cost": 7.902746496582032, "noise_cost": 8.65924221010055, "n_waypoints_completed": 9, "tot_waypoints": 9}}
{"target": -182.90518964513686, "params": {"k_pid_pos": [1.3078103269235994, 0.024859491386256316, 0.11401919133455096], "k_pid_alt": [1.2679502233621702, 0.0, 0.06527723447865985], "k_pid_att": [24.0942673894178, 7.284845820832624, 0.8739915892735461], "k_pid_yaw": [0.5, 1e-06, 0.1], "k_pid_hsp": [5.128277129725155, 0.1531003758033771, 0.01], "k_pid_vsp": [378.2079564087626, 355.21150340299164, 1.0]}, "datetime": {"datetime": "2025-08-21 11:42:59", "elapsed": 10695.914915084839, "delta": 15.441092491149902}, "costs": {"total_cost": 182.90518964513686, "time_cost": 68.44, "final_distance_cost": 1.8349570891033196, "oscillation_cost": 42.32907826548454, "completition_cost": 0.0, "overshoot_cost": 49.73937142397786, "power_cost": 10.206019873046875, "noise_cost": 10.355762993524277, "n_waypoints_completed": 9, "tot_waypoints": 9}}
{"target": -198.54482017518075, "params": {"k_pid_pos": [1.3885554450422086, 0.024859491386256316, 0.11401919133455096], "k_pid_alt": [1.2679502233621702, 0.0, 0.512921577555336], "k_pid_att": [27.406759869572184, 3.0596356458441103, 0.9274604585040267], "k_pid_yaw": [0.5, 1e-06, 0.1], "k_pid_hsp": [4.4869223172461, 0.1531003758033771, 0.01], "k_pid_vsp": [153.0622015256548, 357.3495236329903, 1.0]}, "datetime": {"datetime": "2025-08-21 11:43:16", "elapsed": 10712.705795764923, "delta": 16.79088068008423}, "costs": {"total_cost": 198.54482017518075, "time_cost": 72.592, "final_distance_cost": 1.798549443731638, "oscillation_cost": 45.32029760921815, "completition_cost": 0.0, "overshoot_cost": 50.424455939395024, "power_cost": 15.562240136718751, "noise_cost": 12.847277046117203, "n_waypoints_completed": 9, "tot_waypoints": 9}}
{"target": -192.4128727752749, "params": {"k_pid_pos": [1.4999912498542303, 0.024859491386256316, 0.11401919133455096], "k_pid_alt": [1.2679502233621702, 0.0, 0.1576465649121419], "k_pid_att": [39.909449977216326, 7.284845820832624, 0.8739915892735461], "k_pid_yaw": [0.5, 1e-06, 0.1], "k_pid_hsp": [3.226465079465205, 0.01, 0.01], "k_pid_vsp": [277.2708477836043, 351.388862279923, 131.29633191148946]}, "datetime": {"datetime": "2025-08-21 11:43:32", "elapsed": 10729.088984966278, "delta": 16.38318920135498}, "costs": {"total_cost": 192.4128727752749, "time_cost": 70.72, "final_distance_cost": 1.790130300336113, "oscillation_cost": 46.06004515339335, "completition_cost": 0.0, "overshoot_cost": 50.850852807670066, "power_cost": 12.856795751953126, "noise_cost": 10.135048761922276, "n_waypoints_completed": 9, "tot_waypoints": 9}}
{"target": -187.00636054791767, "params": {"k_pid_pos": [1.1496839804071068, 0.024859491386256316, 0.11401919133455096], "k_pid_alt": [1.961806136254105, 0.0, 0.016491258977649914], "k_pid_att": [20.236336479523032, 3.0596356458441103, 0.9274604585040267], "k_pid_yaw": [0.5, 1e-06, 0.1], "k_pid_hsp": [1.5353014571438959, 0.01, 0.01], "k_pid_vsp": [153.0622015256548, 355.21150340299164, 17.132000594645874]}, "datetime": {"datetime": "2025-08-21 11:43:48", "elapsed": 10744.935159444809, "delta": 15.846174478530884}, "costs": {"total_cost": 187.00636054791767, "time_cost": 68.696, "final_distance_cost": 1.8345210093139548, "oscillation_cost": 42.4300366333237, "completition_cost": 0.0, "overshoot_cost": 49.930456906146766, "power_cost": 13.024913818359376, "noise_cost": 11.090432180773849, "n_waypoints_completed": 9, "tot_waypoints": 9}}
{"target": -203.91742673980931, "params": {"k_pid_pos": [1.3885554450422086, 0.024859491386256316, 0.8519347702918288], "k_pid_alt": [1.2679502233621702, 0.0, 0.8361997509577753], "k_pid_att": [20.236336479523032, 3.0596356458441103, 0.9274604585040267], "k_pid_yaw": [0.5, 1e-06, 0.1], "k_pid_hsp": [9.822050525885613, 0.01, 0.01], "k_pid_vsp": [153.0622015256548, 69.46038294301658, 1.0]}, "datetime": {"datetime": "2025-08-21 11:44:05", "elapsed": 10762.1771774292, "delta": 17.24201798439026}, "costs": {"total_cost": 203.91742673980931, "time_cost": 75.816, "final_distance_cost": 1.851815864520656, "oscillation_cost": 49.84864176024235, "completition_cost": 0.0, "overshoot_cost": 50.60864472627662, "power_cost": 13.23943740234375, "noise_cost": 12.552886986425921, "n_waypoints_completed": 9, "tot_waypoints": 9}}
{"target": -204.64814530437408, "params": {"k_pid_pos": [1.3885554450422086, 0.024859491386256316, 0.6521786052913653], "k_pid_alt": [1.2679502233621702, 0.0, 0.016491258977649914], "k_pid_att": [94.27907641276623, 9.579728616174156, 0.9274604585040267], "k_pid_yaw": [0.5, 1e-06, 0.1], "k_pid_hsp": [1.5353014571438959, 0.1531003758033771, 0.01], "k_pid_vsp": [378.2079564087626, 156.5077636423909, 157.86287645050152]}, "datetime": {"datetime": "2025-08-21 11:44:23", "elapsed": 10779.839552164078, "delta": 17.66237473487854}, "costs": {"total_cost": 204.64814530437408, "time_cost": 76.688, "final_distance_cost": 1.8617284682206745, "oscillation_cost": 52.209253159753864, "completition_cost": 0.0, "overshoot_cost": 52.779003728332675, "power_cost": 11.383627270507812, "noise_cost": 9.72653267755906, "n_waypoints_completed": 9, "tot_waypoints": 9}}
{"target": -205.31247278228412, "params": {"k_pid_pos": [1.3885554450422086, 0.024859491386256316, 0.11401919133455096], "k_pid_alt": [1.2679502233621702, 0.0, 0.1576465649121419], "k_pid_att": [58.989274729095186, 7.284845820832624, 0.8739915892735461], "k_pid_yaw": [0.5, 1e-06, 0.1], "k_pid_hsp": [1.0, 0.8275095098070258, 0.01], "k_pid_vsp": [378.2079564087626, 355.21150340299164, 1.0]}, "datetime": {"datetime": "2025-08-21 11:44:39", "elapsed": 10795.466801166534, "delta": 15.627249002456665}, "costs": {"total_cost": 205.31247278228412, "time_cost": 69.128, "final_distance_cost": 1.8308173257155687, "oscillation_cost": 56.17307864302847, "completition_cost": 0.0, "overshoot_cost": 49.891683388707456, "power_cost": 15.528738146972657, "noise_cost": 12.760155277859973, "n_waypoints_completed": 9, "tot_waypoints": 9}}
{"target": -188.00774400460577, "params": {"k_pid_pos": [1.3885554450422086, 0.024859491386256316, 0.6521786052913653], "k_pid_alt": [1.2679502233621702, 0.0, 0.8361997509577753], "k_pid_att": [17.813414374173632, 0.0032441649989051976, 0.3952346537588943], "k_pid_yaw": [0.5, 1e-06, 0.1], "k_pid_hsp": [1.5353014571438959, 0.01, 0.01], "k_pid_vsp": [150.0, 221.6078012742647, 1.0]}, "datetime": {"datetime": "2025-08-21 11:44:56", "elapsed": 10812.565079927444, "delta": 17.098278760910034}, "costs": {"total_cost": 188.00774400460577, "time_cost": 73.856, "final_distance_cost": 1.8413298032890408, "oscillation_cost": 39.51886198208316, "completition_cost": 0.0, "overshoot_cost": 49.66138088544321, "power_cost": 11.709787927246094, "noise_cost": 11.420383406544284, "n_waypoints_completed": 9, "tot_waypoints": 9}}
{"target": -209.01003992588818, "params": {"k_pid_pos": [1.1496839804071068, 0.32941221611176796, 0.11401919133455096], "k_pid_alt": [0.7194253153428574, 0.0, 0.016491258977649914], "k_pid_att": [68.8149331475618, 4.028010644934719, 0.9274604585040267], "k_pid_yaw": [0.5, 1e-06, 0.1], "k_pid_hsp": [1.5353014571438959, 0.34449621874560377, 0.01], "k_pid_vsp": [378.2079564087626, 355.21150340299164, 1.0]}, "datetime": {"datetime": "2025-08-21 11:45:14", "elapsed": 10831.251648664474, "delta": 18.68656873703003}, "costs": {"total_cost": 209.01003992588818, "time_cost": 82.096, "final_distance_cost": 1.788267556432469, "oscillation_cost": 46.392690181250096, "completition_cost": 0.0, "overshoot_cost": 50.82861958153664, "power_cost": 14.788769897460938, "noise_cost": 13.115692709208028, "n_waypoints_completed": 9, "tot_waypoints": 9}}
{"target": -672.3380364891133, "params": {"k_pid_pos": [1.9168537650125603, 0.024859491386256316, 0.11401919133455096], "k_pid_alt": [0.9146766663066528, 0.30830480674507665, 0.016491258977649914], "k_pid_att": [17.813414374173632, 0.0032441649989051976, 0.3952346537588943], "k_pid_yaw": [0.5, 1e-06, 0.1], "k_pid_hsp": [1.5353014571438959, 0.1531003758033771, 0.5441635076491494], "k_pid_vsp": [375.44246649163983, 201.50022734948823, 1.0]}, "datetime": {"datetime": "2025-08-21 11:45:37", "elapsed": 10854.352421760559, "delta": 23.100773096084595}, "costs": {"total_cost": 672.3380364891133, "time_cost": 150, "final_distance_cost": 39.457917277702755, "oscillation_cost": 285.3072065478051, "completition_cost": 111.11111111111116, "overshoot_cost": 52.89697322551348, "power_cost": 18.30693408203125, "noise_cost": 15.257894244949485, "n_waypoints_completed": 8, "tot_waypoints": 9}}
{"target": -191.6473389550479, "params": {"k_pid_pos": [1.3885554450422086, 0.024859491386256316, 0.6521786052913653], "k_pid_alt": [1.2679502233621702, 0.0, 0.016491258977649914], "k_pid_att": [58.45879911684221, 4.405115701075087, 0.9274604585040267], "k_pid_yaw": [0.5, 1e-06, 0.1], "k_pid_hsp": [1.5353014571438959, 0.01, 0.01], "k_pid_vsp": [150.0, 221.6078012742647, 1.0]}, "datetime": {"datetime": "2025-08-21 11:45:54", "elapsed": 10870.612533092499, "delta": 16.260111331939697}, "costs": {"total_cost": 191.6473389550479, "time_cost": 71.032, "final_distance_cost": 1.8496678608534378, "oscillation_cost": 40.267258384054074, "completition_cost": 0.0, "overshoot_cost": 50.715286474475555, "power_cost": 14.763803393554689, "noise_cost": 13.019322842110153, "n_waypoints_completed": 9, "tot_waypoints": 9}}
