{"target": -189.2263456281267, "params": {"k_pid_pos": [1.3885554450422086, 0.024859491386256316, 0.4388587351883817], "k_pid_alt": [1.2679502233621702, 0.0, 0.6600607021214705], "k_pid_att": [48.72959582322072, 7.284845820832624, 0.15038183248814696], "k_pid_yaw": [0.5, 1e-06, 0.1], "k_pid_hsp": [1.0, 0.3707642846192629, 0.01], "k_pid_vsp": [378.2079564087626, 384.4918570939374, 1.0]}, "datetime": {"datetime": "2025-08-21 14:03:48", "elapsed": 19144.761093616486, "delta": 16.036007165908813}, "costs": {"total_cost": 189.2263456281267, "time_cost": 70.736, "final_distance_cost": 1.8454023717796184, "oscillation_cost": 48.21633215531368, "completition_cost": 0.0, "overshoot_cost": 48.733401438492024, "power_cost": 9.751088159179687, "noise_cost": 9.944121503361684, "n_waypoints_completed": 9, "tot_waypoints": 9}}
{"target": -1117.3288134465986, "params": {"k_pid_pos": [1.367080816728244, 0.8397878199680053, 0.32789994363863884], "k_pid_alt": [1.2679502233621702, 0.0, 0.1576465649121419], "k_pid_att": [58.989274729095186, 7.284845820832624, 0.2648407035658359], "k_pid_yaw": [0.5, 1e-06, 0.1], "k_pid_hsp": [1.0, 0.1531003758033771, 0.3889668983296899], "k_pid_vsp": [315.8089586555307, 164.83928767117857, 1.0]}, "datetime": {"datetime": "2025-08-21 14:04:12", "elapsed": 19169.24117398262, "delta": 24.480080366134644}, "costs": {"total_cost": 1117.3288134465986, "time_cost": 150, "final_distance_cost": 46.10881194202421, "oscillation_cost": 138.5193516594599, "completition_cost": 666.6666666666667, "overshoot_cost": 61.359982296612635, "power_cost": 32.24460598144531, "noise_cost": 22.42939490038976, "n_waypoints_completed": 3, "tot_waypoints": 9}}
{"target": -465.9900819694167, "params": {"k_pid_pos": [1.646111256876908, 0.7277996416202209, 0.8881971977301835], "k_pid_alt": [1.0304713630477362, 0.9503295681368317, 0.06527723447865985], "k_pid_att": [24.0942673894178, 7.284845820832624, 0.8739915892735461], "k_pid_yaw": [0.5, 1e-06, 0.1], "k_pid_hsp": [1.0, 0.1531003758033771, 0.01], "k_pid_vsp": [263.1854405112298, 355.21150340299164, 1.0]}, "datetime": {"datetime": "2025-08-21 14:04:40", "elapsed": 19196.72706413269, "delta": 27.48589015007019}, "costs": {"total_cost": 465.9900819694167, "time_cost": 150, "final_distance_cost": 55.510198529664734, "oscillation_cost": 55.71274642214646, "completition_cost": 111.11111111111116, "overshoot_cost": 53.777169341837244, "power_cost": 21.920808325195313, "noise_cost": 17.958048239461814, "n_waypoints_completed": 8, "tot_waypoints": 9}}
{"target": -295.7500088372877, "params": {"k_pid_pos": [1.9176378968916694, 0.024859491386256316, 0.11401919133455096], "k_pid_alt": [1.9684601562921853, 0.0, 0.1576465649121419], "k_pid_att": [58.989274729095186, 7.284845820832624, 0.8739915892735461], "k_pid_yaw": [0.5, 1e-06, 0.1], "k_pid_hsp": [1.0, 0.1531003758033771, 0.5006332444869486], "k_pid_vsp": [378.2079564087626, 355.21150340299164, 1.0]}, "datetime": {"datetime": "2025-08-21 14:04:59", "elapsed": 19216.282019853592, "delta": 19.55495572090149}, "costs": {"total_cost": 295.7500088372877, "time_cost": 77.096, "final_distance_cost": 1.722540433555419, "oscillation_cost": 136.04056406835733, "completition_cost": 0.0, "overshoot_cost": 52.7571894091764, "power_cost": 15.296490625, "noise_cost": 12.837224301198564, "n_waypoints_completed": 9, "tot_waypoints": 9}}
{"target": -185.9789675251364, "params": {"k_pid_pos": [1.9176378968916694, 0.024859491386256316, 0.11401919133455096], "k_pid_alt": [1.6319753356852484, 0.0, 0.1576465649121419], "k_pid_att": [24.0942673894178, 4.273161054152589, 0.8739915892735461], "k_pid_yaw": [0.5, 1e-06, 0.1], "k_pid_hsp": [3.022941925987454, 0.4702638621486921, 0.01], "k_pid_vsp": [378.2079564087626, 381.5365089319878, 1.0]}, "datetime": {"datetime": "2025-08-21 14:05:15", "elapsed": 19231.729017734528, "delta": 15.446997880935669}, "costs": {"total_cost": 185.9789675251364, "time_cost": 68.248, "final_distance_cost": 1.795922819841304, "oscillation_cost": 46.97886667905933, "completition_cost": 0.0, "overshoot_cost": 49.319739487966274, "power_cost": 9.837446032714844, "noise_cost": 9.798992505554644, "n_waypoints_completed": 9, "tot_waypoints": 9}}
{"target": -196.6714401527422, "params": {"k_pid_pos": [1.3296566129936354, 0.024859491386256316, 0.9973388324705817], "k_pid_alt": [1.2679502233621702, 0.0, 0.1576465649121419], "k_pid_att": [58.989274729095186, 7.4108832951548855, 0.6179952950406163], "k_pid_yaw": [0.5, 1e-06, 0.1], "k_pid_hsp": [1.0, 0.1531003758033771, 0.01], "k_pid_vsp": [284.5460512203246, 355.21150340299164, 1.0]}, "datetime": {"datetime": "2025-08-21 14:05:32", "elapsed": 19248.83395242691, "delta": 17.104934692382812}, "costs": {"total_cost": 196.6714401527422, "time_cost": 74.896, "final_distance_cost": 1.8452716558815436, "oscillation_cost": 41.792779483692044, "completition_cost": 0.0, "overshoot_cost": 49.82351192485414, "power_cost": 14.882399572753908, "noise_cost": 13.431477515560559, "n_waypoints_completed": 9, "tot_waypoints": 9}}
{"target": -339.6665206489633, "params": {"k_pid_pos": [1.3885554450422086, 0.024859491386256316, 0.8017766682930172], "k_pid_alt": [1.0304713630477362, 0.0, 0.1576465649121419], "k_pid_att": [58.989274729095186, 7.284845820832624, 0.8739915892735461], "k_pid_yaw": [0.5, 1e-06, 0.1], "k_pid_hsp": [1.0, 0.6216069621477621, 0.43279329087118723], "k_pid_vsp": [284.5460512203246, 355.21150340299164, 1.0]}, "datetime": {"datetime": "2025-08-21 14:05:51", "elapsed": 19267.619561195374, "delta": 18.785608768463135}, "costs": {"total_cost": 339.6665206489633, "time_cost": 80.368, "final_distance_cost": 1.8002210065668893, "oscillation_cost": 172.5789028662358, "completition_cost": 0.0, "overshoot_cost": 52.48149977132877, "power_cost": 17.53835174560547, "noise_cost": 14.899545259226334, "n_waypoints_completed": 9, "tot_waypoints": 9}}
{"target": -198.6359513266004, "params": {"k_pid_pos": [0.9858569135673503, 0.024859491386256316, 0.11401919133455096], "k_pid_alt": [1.2679502233621702, 0.0, 0.06527723447865985], "k_pid_att": [24.0942673894178, 7.284845820832624, 0.8739915892735461], "k_pid_yaw": [0.5, 1e-06, 0.1], "k_pid_hsp": [1.606987810134683, 0.1531003758033771, 0.01], "k_pid_vsp": [378.2079564087626, 355.21150340299164, 167.5812156158074]}, "datetime": {"datetime": "2025-08-21 14:06:07", "elapsed": 19284.3100566864, "delta": 16.690495491027832}, "costs": {"total_cost": 198.6359513266004, "time_cost": 71.144, "final_distance_cost": 1.8425549529602459, "oscillation_cost": 46.04620565157854, "completition_cost": 0.0, "overshoot_cost": 50.794800058950585, "power_cost": 16.212340832519534, "noise_cost": 12.596049830591472, "n_waypoints_completed": 9, "tot_waypoints": 9}}
{"target": -372.54313686804727, "params": {"k_pid_pos": [1.3885554450422086, 0.024859491386256316, 0.11401919133455096], "k_pid_alt": [1.0304713630477362, 0.0, 0.06527723447865985], "k_pid_att": [24.0942673894178, 3.496443004952719, 0.8739915892735461], "k_pid_yaw": [0.5, 1e-06, 0.1], "k_pid_hsp": [1.0, 0.1531003758033771, 0.4597123633359994], "k_pid_vsp": [378.2079564087626, 355.21150340299164, 1.0]}, "datetime": {"datetime": "2025-08-21 14:06:25", "elapsed": 19302.37757372856, "delta": 18.067517042160034}, "costs": {"total_cost": 372.54313686804727, "time_cost": 80.024, "final_distance_cost": 1.754139791934159, "oscillation_cost": 206.6655844035767, "completition_cost": 0.0, "overshoot_cost": 52.68388253728075, "power_cost": 16.635184216308595, "noise_cost": 14.780345918947079, "n_waypoints_completed": 9, "tot_waypoints": 9}}
{"target": -183.06425333410135, "params": {"k_pid_pos": [1.3885554450422086, 0.024859491386256316, 0.06837744536824142], "k_pid_alt": [1.408510096659571, 0.0, 0.06527723447865985], "k_pid_att": [27.63392213362481, 7.284845820832624, 0.8739915892735461], "k_pid_yaw": [0.5, 1e-06, 0.1], "k_pid_hsp": [1.0, 0.1531003758033771, 0.01], "k_pid_vsp": [376.5747392387296, 355.21150340299164, 1.0]}, "datetime": {"datetime": "2025-08-21 14:06:41", "elapsed": 19318.426127433777, "delta": 16.048553705215454}, "costs": {"total_cost": 183.06425333410135, "time_cost": 67.808, "final_distance_cost": 1.7806025859813945, "oscillation_cost": 42.54458136685666, "completition_cost": 0.0, "overshoot_cost": 49.38887575494187, "power_cost": 11.049218395996094, "noise_cost": 10.492975230325339, "n_waypoints_completed": 9, "tot_waypoints": 9}}
{"target": -179.89350058981603, "params": {"k_pid_pos": [1.3885554450422086, 0.024859491386256316, 0.11401919133455096], "k_pid_alt": [1.0304713630477362, 0.0, 0.06527723447865985], "k_pid_att": [24.0942673894178, 7.284845820832624, 0.8739915892735461], "k_pid_yaw": [0.5, 1e-06, 0.1], "k_pid_hsp": [1.0, 0.1531003758033771, 0.01], "k_pid_vsp": [284.5460512203246, 355.21150340299164, 1.0]}, "datetime": {"datetime": "2025-08-21 14:06:57", "elapsed": 19334.348878383636, "delta": 15.92275094985962}, "costs": {"total_cost": 179.89350058981603, "time_cost": 68.64, "final_distance_cost": 1.7993156634172351, "oscillation_cost": 41.607701405271285, "completition_cost": 0.0, "overshoot_cost": 49.07191482970111, "power_cost": 9.208713293457032, "noise_cost": 9.565855397969369, "n_waypoints_completed": 9, "tot_waypoints": 9}}
{"target": -194.53800648577445, "params": {"k_pid_pos": [1.9176378968916694, 0.024859491386256316, 0.11401919133455096], "k_pid_alt": [1.7187705538853828, 0.0, 0.7558934151415505], "k_pid_att": [58.989274729095186, 7.284845820832624, 0.9125065750547853], "k_pid_yaw": [0.5, 1e-06, 0.1], "k_pid_hsp": [1.0, 0.4277120965269141, 0.01], "k_pid_vsp": [378.2079564087626, 355.21150340299164, 1.0]}, "datetime": {"datetime": "2025-08-21 14:07:14", "elapsed": 19350.743815422058, "delta": 16.39493703842163}, "costs": {"total_cost": 194.53800648577445, "time_cost": 70.384, "final_distance_cost": 1.7548306532877755, "oscillation_cost": 50.225752309601475, "completition_cost": 0.0, "overshoot_cost": 50.57035986909309, "power_cost": 10.894372863769531, "noise_cost": 10.708690790022583, "n_waypoints_completed": 9, "tot_waypoints": 9}}
{"target": -207.66714759533698, "params": {"k_pid_pos": [1.9176378968916694, 0.024859491386256316, 0.11401919133455096], "k_pid_alt": [1.7187705538853828, 0.0, 0.1576465649121419], "k_pid_att": [58.989274729095186, 7.284845820832624, 0.8739915892735461], "k_pid_yaw": [0.5, 1e-06, 0.1], "k_pid_hsp": [1.0, 0.7159462861832028, 0.01], "k_pid_vsp": [284.5460512203246, 355.21150340299164, 1.0]}, "datetime": {"datetime": "2025-08-21 14:07:30", "elapsed": 19367.00046801567, "delta": 16.25665259361267}, "costs": {"total_cost": 207.66714759533698, "time_cost": 69.264, "final_distance_cost": 1.720383604743492, "oscillation_cost": 58.47543042104913, "completition_cost": 0.0, "overshoot_cost": 49.437580225458994, "power_cost": 16.1796689453125, "noise_cost": 12.590084398772875, "n_waypoints_completed": 9, "tot_waypoints": 9}}
{"target": -194.16660935765643, "params": {"k_pid_pos": [0.9203224573796739, 0.024859491386256316, 0.11401919133455096], "k_pid_alt": [0.628485956049549, 0.0, 0.06527723447865985], "k_pid_att": [24.0942673894178, 7.284845820832624, 0.8739915892735461], "k_pid_yaw": [0.5, 1e-06, 0.1], "k_pid_hsp": [1.0, 0.1531003758033771, 0.01], "k_pid_vsp": [378.2079564087626, 355.21150340299164, 40.70050142659987]}, "datetime": {"datetime": "2025-08-21 14:07:48", "elapsed": 19385.340259552002, "delta": 18.339791536331177}, "costs": {"total_cost": 194.16660935765643, "time_cost": 77.92, "final_distance_cost": 1.8488347953099857, "oscillation_cost": 44.2066814946303, "completition_cost": 0.0, "overshoot_cost": 50.23475764503007, "power_cost": 10.067038830566407, "noise_cost": 9.88929659211965, "n_waypoints_completed": 9, "tot_waypoints": 9}}
{"target": -480.7700297411701, "params": {"k_pid_pos": [1.3885554450422086, 0.024859491386256316, 0.8017766682930172], "k_pid_alt": [1.0304713630477362, 0.0, 0.06527723447865985], "k_pid_att": [24.0942673894178, 7.284845820832624, 0.8739915892735461], "k_pid_yaw": [0.5, 1e-06, 0.1], "k_pid_hsp": [1.606987810134683, 0.1531003758033771, 0.5491218481913619], "k_pid_vsp": [378.2079564087626, 355.21150340299164, 1.0]}, "datetime": {"datetime": "2025-08-21 14:08:11", "elapsed": 19407.856750011444, "delta": 22.51649045944214}, "costs": {"total_cost": 480.7700297411701, "time_cost": 98.696, "final_distance_cost": 1.782109592285927, "oscillation_cost": 298.7853908885795, "completition_cost": 0.0, "overshoot_cost": 53.29754719276129, "power_cost": 14.3900435546875, "noise_cost": 13.818938512855885, "n_waypoints_completed": 9, "tot_waypoints": 9}}
{"target": -179.23401710328636, "params": {"k_pid_pos": [1.3885554450422086, 0.024859491386256316, 0.06837744536824142], "k_pid_alt": [1.408510096659571, 0.0, 0.06527723447865985], "k_pid_att": [24.0942673894178, 7.284845820832624, 0.8739915892735461], "k_pid_yaw": [0.5, 1e-06, 0.1], "k_pid_hsp": [1.0, 0.1531003758033771, 0.01], "k_pid_vsp": [378.2079564087626, 355.21150340299164, 1.0]}, "datetime": {"datetime": "2025-08-21 14:08:27", "elapsed": 19423.935102701187, "delta": 16.078352689743042}, "costs": {"total_cost": 179.23401710328636, "time_cost": 67.728, "final_distance_cost": 1.803744496325702, "oscillation_cost": 42.61714712585392, "completition_cost": 0.0, "overshoot_cost": 49.03976393038474, "power_cost": 8.777051599121094, "noise_cost": 9.268309951600932, "n_waypoints_completed": 9, "tot_waypoints": 9}}
{"target": -383.9991833600677, "params": {"k_pid_pos": [1.9176378968916694, 0.024859491386256316, 0.11401919133455096], "k_pid_alt": [0.9817036778136525, 0.0, 0.06527723447865985], "k_pid_att": [24.0942673894178, 4.821296285982074, 0.8739915892735461], "k_pid_yaw": [0.5, 1e-06, 0.1], "k_pid_hsp": [1.0, 0.07491097546197312, 0.5735930241189825], "k_pid_vsp": [378.2079564087626, 355.21150340299164, 40.70050142659987]}, "datetime": {"datetime": "2025-08-21 14:08:47", "elapsed": 19443.521698713303, "delta": 19.58659601211548}, "costs": {"total_cost": 383.9991833600677, "time_cost": 83.648, "final_distance_cost": 1.7389189796492992, "oscillation_cost": 205.62647556949213, "completition_cost": 0.0, "overshoot_cost": 58.71073259917436, "power_cost": 19.613929357910155, "noise_cost": 14.661126853841761, "n_waypoints_completed": 9, "tot_waypoints": 9}}
{"target": -193.6892342103107, "params": {"k_pid_pos": [0.9203224573796739, 0.024859491386256316, 0.11401919133455096], "k_pid_alt": [1.0304713630477362, 0.0, 0.1576465649121419], "k_pid_att": [58.989274729095186, 7.284845820832624, 0.8739915892735461], "k_pid_yaw": [0.5, 1e-06, 0.1], "k_pid_hsp": [5.680285610963587, 0.1531003758033771, 0.01], "k_pid_vsp": [284.5460512203246, 355.21150340299164, 1.0]}, "datetime": {"datetime": "2025-08-21 14:09:03", "elapsed": 19459.846066713333, "delta": 16.324368000030518}, "costs": {"total_cost": 193.6892342103107, "time_cost": 72.152, "final_distance_cost": 1.8506866318893462, "oscillation_cost": 40.499500806228575, "completition_cost": 0.0, "overshoot_cost": 50.778472277106275, "power_cost": 15.296102453613281, "noise_cost": 13.112472041473225, "n_waypoints_completed": 9, "tot_waypoints": 9}}
{"target": -192.3154058639374, "params": {"k_pid_pos": [1.9176378968916694, 0.024859491386256316, 0.21152287994165886], "k_pid_alt": [1.6319753356852484, 0.0, 0.7547909499110205], "k_pid_att": [58.989274729095186, 5.088413281584711, 0.6179952950406163], "k_pid_yaw": [0.5, 1e-06, 0.1], "k_pid_hsp": [1.606987810134683, 0.1531003758033771, 0.01], "k_pid_vsp": [378.2079564087626, 255.15728066808146, 1.0]}, "datetime": {"datetime": "2025-08-21 14:09:19", "elapsed": 19475.870081186295, "delta": 16.024014472961426}, "costs": {"total_cost": 192.3154058639374, "time_cost": 69.784, "final_distance_cost": 1.7905489419391887, "oscillation_cost": 42.78112373756629, "completition_cost": 0.0, "overshoot_cost": 50.23635957316937, "power_cost": 15.191472485351563, "noise_cost": 12.531901125910965, "n_waypoints_completed": 9, "tot_waypoints": 9}}
{"target": -222.41829233068142, "params": {"k_pid_pos": [1.3885554450422086, 0.024859491386256316, 0.8017766682930172], "k_pid_alt": [1.0304713630477362, 0.08322093448254864, 0.06527723447865985], "k_pid_att": [77.95525177682634, 7.284845820832624, 0.8100135033272438], "k_pid_yaw": [0.5, 1e-06, 0.1], "k_pid_hsp": [1.0, 0.7249672446196165, 0.01], "k_pid_vsp": [284.5460512203246, 355.21150340299164, 1.0]}, "datetime": {"datetime": "2025-08-21 14:09:39", "elapsed": 19495.62448644638, "delta": 19.75440526008606}, "costs": {"total_cost": 222.41829233068142, "time_cost": 85.512, "final_distance_cost": 1.8276541088025293, "oscillation_cost": 64.35113620445222, "completition_cost": 0.0, "overshoot_cost": 49.77816439519006, "power_cost": 10.183131408691407, "noise_cost": 10.766206213545212, "n_waypoints_completed": 9, "tot_waypoints": 9}}
{"target": -194.08200625790528, "params": {"k_pid_pos": [1.9176378968916694, 0.024859491386256316, 0.11401919133455096], "k_pid_alt": [1.1736461563227703, 0.0, 0.1576465649121419], "k_pid_att": [24.0942673894178, 7.284845820832624, 0.8739915892735461], "k_pid_yaw": [0.5, 1e-06, 0.1], "k_pid_hsp": [1.606987810134683, 0.1531003758033771, 0.01], "k_pid_vsp": [342.13188953727393, 355.21150340299164, 1.0]}, "datetime": {"datetime": "2025-08-21 14:09:56", "elapsed": 19512.808655023575, "delta": 17.184168577194214}, "costs": {"total_cost": 194.08200625790528, "time_cost": 69.928, "final_distance_cost": 1.7459782671115143, "oscillation_cost": 43.92618475709555, "completition_cost": 0.0, "overshoot_cost": 50.54496261955595, "power_cost": 15.378823608398438, "noise_cost": 12.55805700574381, "n_waypoints_completed": 9, "tot_waypoints": 9}}
{"target": -189.52992904217567, "params": {"k_pid_pos": [1.3885554450422086, 0.024859491386256316, 0.8017766682930172], "k_pid_alt": [1.0304713630477362, 0.0, 0.06527723447865985], "k_pid_att": [58.989274729095186, 9.994776192526535, 0.8739915892735461], "k_pid_yaw": [0.5, 1e-06, 0.1], "k_pid_hsp": [1.0, 0.1531003758033771, 0.01], "k_pid_vsp": [279.45517549114066, 355.21150340299164, 1.0]}, "datetime": {"datetime": "2025-08-21 14:10:12", "elapsed": 19529.07484960556, "delta": 16.266194581985474}, "costs": {"total_cost": 189.52992904217567, "time_cost": 72.34400000000001, "final_distance_cost": 1.8519789206969568, "oscillation_cost": 41.824988065179554, "completition_cost": 0.0, "overshoot_cost": 49.31257995380659, "power_cost": 12.333339489746095, "noise_cost": 11.863042612746462, "n_waypoints_completed": 9, "tot_waypoints": 9}}
{"target": -388.34544152896314, "params": {"k_pid_pos": [0.2648816019599518, 0.024859491386256316, 0.06837744536824142], "k_pid_alt": [1.408510096659571, 0.0, 0.06527723447865985], "k_pid_att": [24.0942673894178, 7.284845820832624, 0.8739915892735461], "k_pid_yaw": [0.5, 1e-06, 0.1], "k_pid_hsp": [1.0, 0.1531003758033771, 0.01], "k_pid_vsp": [378.2079564087626, 355.21150340299164, 1.0]}, "datetime": {"datetime": "2025-08-21 14:10:35", "elapsed": 19552.090903043747, "delta": 23.016053438186646}, "costs": {"total_cost": 388.34544152896314, "time_cost": 150, "final_distance_cost": 5.166177155734892, "oscillation_cost": 30.42101269458603, "completition_cost": 111.11111111111116, "overshoot_cost": 55.465121644265864, "power_cost": 18.805898571777345, "noise_cost": 17.37612035148783, "n_waypoints_completed": 8, "tot_waypoints": 9}}
{"target": -178.60834458877096, "params": {"k_pid_pos": [1.3885554450422086, 0.024859491386256316, 0.06837744536824142], "k_pid_alt": [1.408510096659571, 0.0, 0.06527723447865985], "k_pid_att": [24.0942673894178, 7.284845820832624, 0.8739915892735461], "k_pid_yaw": [0.5, 1e-06, 0.1], "k_pid_hsp": [1.0, 0.1531003758033771, 0.01], "k_pid_vsp": [378.2079564087626, 355.21150340299164, 1.0]}, "datetime": {"datetime": "2025-08-21 14:10:51", "elapsed": 19567.657032251358, "delta": 15.566129207611084}, "costs": {"total_cost": 178.60834458877096, "time_cost": 67.57600000000001, "final_distance_cost": 1.801899681739023, "oscillation_cost": 42.10914830673915, "completition_cost": 0.0, "overshoot_cost": 49.438924564166065, "power_cost": 8.578157800292969, "noise_cost": 9.104214235833785, "n_waypoints_completed": 9, "tot_waypoints": 9}}
{"target": -185.62216780415935, "params": {"k_pid_pos": [1.3885554450422086, 0.024859491386256316, 0.11401919133455096], "k_pid_alt": [1.0304713630477362, 0.0, 0.06527723447865985], "k_pid_att": [24.0942673894178, 7.284845820832624, 0.8739915892735461], "k_pid_yaw": [0.5, 1e-06, 0.1], "k_pid_hsp": [1.0, 0.1531003758033771, 0.01], "k_pid_vsp": [284.5460512203246, 355.21150340299164, 1.0]}, "datetime": {"datetime": "2025-08-21 14:11:06", "elapsed": 19583.41198682785, "delta": 15.75495457649231}, "costs": {"total_cost": 185.62216780415935, "time_cost": 68.992, "final_distance_cost": 1.8222771732206369, "oscillation_cost": 39.53350526131892, "completition_cost": 0.0, "overshoot_cost": 49.8419299031739, "power_cost": 13.651031457519531, "noise_cost": 11.781424008926331, "n_waypoints_completed": 9, "tot_waypoints": 9}}
{"target": -182.02377357928523, "params": {"k_pid_pos": [1.3885554450422086, 0.024859491386256316, 0.06837744536824142], "k_pid_alt": [1.408510096659571, 0.0, 0.06527723447865985], "k_pid_att": [27.63392213362481, 7.284845820832624, 0.8739915892735461], "k_pid_yaw": [0.5, 1e-06, 0.1], "k_pid_hsp": [1.0, 0.1531003758033771, 0.01], "k_pid_vsp": [376.5747392387296, 355.21150340299164, 1.0]}, "datetime": {"datetime": "2025-08-21 14:11:23", "elapsed": 19600.233372688293, "delta": 16.821385860443115}, "costs": {"total_cost": 182.02377357928523, "time_cost": 67.96000000000001, "final_distance_cost": 1.809409643117227, "oscillation_cost": 40.760388282453704, "completition_cost": 0.0, "overshoot_cost": 49.49786562997075, "power_cost": 11.346601000976563, "noise_cost": 10.649509022766997, "n_waypoints_completed": 9, "tot_waypoints": 9}}
