{"target": -739.2823487647335, "params": {"k_pid_pos": [1.4429946572917078, 0.024859491386256316, 0.5435827484623426], "k_pid_alt": [0.1413922119964648, 0.0, 0.06527723447865985], "k_pid_att": [24.0942673894178, 7.284845820832624, 0.8739915892735461], "k_pid_yaw": [0.5, 1e-06, 0.1], "k_pid_hsp": [1.0, 0.1531003758033771, 0.01], "k_pid_vsp": [378.2079564087626, 328.58176268426536, 1.0]}, "datetime": {"datetime": "2025-08-21 14:50:20", "elapsed": 21936.587775468826, "delta": 22.60572910308838}, "costs": {"total_cost": 739.2823487647335, "time_cost": 150, "final_distance_cost": 46.28818144048619, "oscillation_cost": 32.623466496375535, "completition_cost": 444.4444444444444, "overshoot_cost": 40.670503755042354, "power_cost": 12.704902233886719, "noise_cost": 12.550850394498315, "n_waypoints_completed": 5, "tot_waypoints": 9}}
{"target": -224.91008381785906, "params": {"k_pid_pos": [1.9176378968916694, 0.6099605953006095, 0.0386815934960667], "k_pid_alt": [1.6319753356852484, 0.0, 0.1576465649121419], "k_pid_att": [24.0942673894178, 7.284845820832624, 0.8739915892735461], "k_pid_yaw": [0.5, 1e-06, 0.1], "k_pid_hsp": [2.395389635608916, 0.1531003758033771, 0.01], "k_pid_vsp": [284.5460512203246, 355.21150340299164, 1.0]}, "datetime": {"datetime": "2025-08-21 14:50:40", "elapsed": 21956.484236717224, "delta": 19.896461248397827}, "costs": {"total_cost": 224.91008381785906, "time_cost": 85.152, "final_distance_cost": 1.7080668060089352, "oscillation_cost": 51.41096887383459, "completition_cost": 0.0, "overshoot_cost": 53.69962475116081, "power_cost": 18.263957458496094, "noise_cost": 14.675465928358651, "n_waypoints_completed": 9, "tot_waypoints": 9}}
{"target": -205.6392380714516, "params": {"k_pid_pos": [1.9176378968916694, 0.3438704374213081, 0.6250867496839783], "k_pid_alt": [1.6319753356852484, 0.0, 0.06527723447865985], "k_pid_att": [24.0942673894178, 7.284845820832624, 0.43397649097612745], "k_pid_yaw": [0.5, 1e-06, 0.1], "k_pid_hsp": [1.0, 0.9062593387060004, 0.01], "k_pid_vsp": [284.5460512203246, 369.48810340511164, 1.0]}, "datetime": {"datetime": "2025-08-21 14:50:55", "elapsed": 21972.138758182526, "delta": 15.654521465301514}, "costs": {"total_cost": 205.6392380714516, "time_cost": 68.904, "final_distance_cost": 1.7806268435874533, "oscillation_cost": 58.55369364323481, "completition_cost": 0.0, "overshoot_cost": 50.075431298117664, "power_cost": 14.228907934570314, "noise_cost": 12.09657835194134, "n_waypoints_completed": 9, "tot_waypoints": 9}}
{"target": -180.2270681164849, "params": {"k_pid_pos": [1.9176378968916694, 0.024859491386256316, 0.8092599635047751], "k_pid_alt": [1.7187705538853828, 0.0, 0.1576465649121419], "k_pid_att": [58.989274729095186, 5.088413281584711, 0.6179952950406163], "k_pid_yaw": [0.5, 1e-06, 0.1], "k_pid_hsp": [1.606987810134683, 0.1531003758033771, 0.01], "k_pid_vsp": [376.5747392387296, 175.28714713338795, 1.0]}, "datetime": {"datetime": "2025-08-21 14:51:11", "elapsed": 21988.280339241028, "delta": 16.141581058502197}, "costs": {"total_cost": 180.2270681164849, "time_cost": 68.632, "final_distance_cost": 1.8474875691599044, "oscillation_cost": 43.44082317929205, "completition_cost": 0.0, "overshoot_cost": 49.65817423835935, "power_cost": 7.7777419921875, "noise_cost": 8.870841137486117, "n_waypoints_completed": 9, "tot_waypoints": 9}}
{"target": -193.8151873018643, "params": {"k_pid_pos": [1.9176378968916694, 0.024859491386256316, 0.6250867496839783], "k_pid_alt": [1.6319753356852484, 0.0, 0.1576465649121419], "k_pid_att": [58.989274729095186, 6.766944352677465, 0.6179952950406163], "k_pid_yaw": [0.5, 1e-06, 0.1], "k_pid_hsp": [1.606987810134683, 0.6870351602694771, 0.01], "k_pid_vsp": [376.5747392387296, 175.28714713338795, 1.0]}, "datetime": {"datetime": "2025-08-21 14:51:28", "elapsed": 22004.536080121994, "delta": 16.255740880966187}, "costs": {"total_cost": 193.8151873018643, "time_cost": 69.04, "final_distance_cost": 1.8234767626665456, "oscillation_cost": 47.25848599325248, "completition_cost": 0.0, "overshoot_cost": 49.79488204936026, "power_cost": 13.79860155029297, "noise_cost": 12.099740946292057, "n_waypoints_completed": 9, "tot_waypoints": 9}}
{"target": -223.41447713152863, "params": {"k_pid_pos": [1.9176378968916694, 0.024859491386256316, 0.21152287994165886], "k_pid_alt": [1.6319753356852484, 0.0, 0.5350090938005817], "k_pid_att": [58.989274729095186, 5.088413281584711, 0.7813719867183654], "k_pid_yaw": [0.5, 1e-06, 0.1], "k_pid_hsp": [1.0914614458687493, 0.1531003758033771, 0.11853399466015269], "k_pid_vsp": [378.2079564087626, 355.21150340299164, 1.0]}, "datetime": {"datetime": "2025-08-21 14:51:45", "elapsed": 22021.459771871567, "delta": 16.923691749572754}, "costs": {"total_cost": 223.41447713152863, "time_cost": 73.664, "final_distance_cost": 1.7592995621792855, "oscillation_cost": 64.9726966612982, "completition_cost": 0.0, "overshoot_cost": 51.29114885651336, "power_cost": 17.781495959472657, "noise_cost": 13.945836092065118, "n_waypoints_completed": 9, "tot_waypoints": 9}}
{"target": -194.85510975375908, "params": {"k_pid_pos": [1.9176378968916694, 0.024859491386256316, 0.3434561031905483], "k_pid_alt": [1.6319753356852484, 0.0, 0.3123089974307902], "k_pid_att": [58.989274729095186, 5.088413281584711, 0.6179952950406163], "k_pid_yaw": [0.5, 1e-06, 0.1], "k_pid_hsp": [2.996149354500177, 0.1531003758033771, 0.01], "k_pid_vsp": [63.87935167311278, 93.02116563978787, 1.0]}, "datetime": {"datetime": "2025-08-21 14:52:02", "elapsed": 22038.52902340889, "delta": 17.069251537322998}, "costs": {"total_cost": 194.85510975375908, "time_cost": 70.72, "final_distance_cost": 1.7649467478381338, "oscillation_cost": 47.45715632883046, "completition_cost": 0.0, "overshoot_cost": 49.90490564774429, "power_cost": 13.202814404296875, "noise_cost": 11.805286625049321, "n_waypoints_completed": 9, "tot_waypoints": 9}}
{"target": -184.54454508447887, "params": {"k_pid_pos": [1.9648629373893673, 0.024859491386256316, 0.8092599635047751], "k_pid_alt": [1.7187705538853828, 0.0, 0.06527723447865985], "k_pid_att": [24.0942673894178, 6.806811407577699, 0.6711777735375999], "k_pid_yaw": [0.5, 1e-06, 0.1], "k_pid_hsp": [1.0, 0.1531003758033771, 0.01], "k_pid_vsp": [284.5460512203246, 369.48810340511164, 1.0]}, "datetime": {"datetime": "2025-08-21 14:52:17", "elapsed": 22053.99049448967, "delta": 15.46147108078003}, "costs": {"total_cost": 184.54454508447887, "time_cost": 68.44800000000001, "final_distance_cost": 1.8479076985665366, "oscillation_cost": 41.4723500389882, "completition_cost": 0.0, "overshoot_cost": 49.999560091615706, "power_cost": 11.814130810546876, "noise_cost": 10.962596444761532, "n_waypoints_completed": 9, "tot_waypoints": 9}}
{"target": -221.90554038230383, "params": {"k_pid_pos": [1.3885554450422086, 0.024859491386256316, 0.11401919133455096], "k_pid_alt": [1.0304713630477362, 0.19798469353315307, 0.8315242830597276], "k_pid_att": [24.0942673894178, 7.284845820832624, 0.8739915892735461], "k_pid_yaw": [0.5, 1e-06, 0.1], "k_pid_hsp": [1.0, 0.1531003758033771, 0.01], "k_pid_vsp": [387.2664617915111, 355.21150340299164, 1.0]}, "datetime": {"datetime": "2025-08-21 14:52:37", "elapsed": 22073.61067056656, "delta": 19.620176076889038}, "costs": {"total_cost": 221.90554038230383, "time_cost": 84.248, "final_distance_cost": 1.7539455798239314, "oscillation_cost": 51.71410900621689, "completition_cost": 0.0, "overshoot_cost": 51.11494388820404, "power_cost": 18.462673364257814, "noise_cost": 14.611868543801126, "n_waypoints_completed": 9, "tot_waypoints": 9}}
{"target": -182.76842038768868, "params": {"k_pid_pos": [1.3885554450422086, 0.024859491386256316, 0.11401919133455096], "k_pid_alt": [1.0304713630477362, 0.0, 0.06527723447865985], "k_pid_att": [24.0942673894178, 7.284845820832624, 0.8739915892735461], "k_pid_yaw": [0.5, 1e-06, 0.1], "k_pid_hsp": [1.0, 0.1531003758033771, 0.01], "k_pid_vsp": [284.5460512203246, 355.21150340299164, 1.0]}, "datetime": {"datetime": "2025-08-21 14:52:53", "elapsed": 22089.701526641846, "delta": 16.090856075286865}, "costs": {"total_cost": 182.76842038768868, "time_cost": 68.912, "final_distance_cost": 1.792606942723672, "oscillation_cost": 39.91019188219406, "completition_cost": 0.0, "overshoot_cost": 49.38957341899381, "power_cost": 11.799400012207032, "noise_cost": 10.964648131570108, "n_waypoints_completed": 9, "tot_waypoints": 9}}
{"target": -204.3800758259988, "params": {"k_pid_pos": [1.9176378968916694, 0.024859491386256316, 0.21152287994165886], "k_pid_alt": [1.6319753356852484, 0.0, 0.3123089974307902], "k_pid_att": [58.989274729095186, 5.088413281584711, 0.6179952950406163], "k_pid_yaw": [0.5, 1e-06, 0.1], "k_pid_hsp": [2.996149354500177, 0.1531003758033771, 0.01], "k_pid_vsp": [110.56511661686339, 355.21150340299164, 1.0]}, "datetime": {"datetime": "2025-08-21 14:53:10", "elapsed": 22106.5393178463, "delta": 16.837791204452515}, "costs": {"total_cost": 204.3800758259988, "time_cost": 74.44, "final_distance_cost": 1.7409745992558983, "oscillation_cost": 44.49183540677306, "completition_cost": 0.0, "overshoot_cost": 52.728071000096314, "power_cost": 15.765516430664062, "noise_cost": 15.21367838920945, "n_waypoints_completed": 9, "tot_waypoints": 9}}
{"target": -210.26929491758295, "params": {"k_pid_pos": [1.9176378968916694, 0.4373103020731042, 0.21152287994165886], "k_pid_alt": [0.7472032643467716, 0.0, 0.06527723447865985], "k_pid_att": [24.0942673894178, 7.284845820832624, 0.8739915892735461], "k_pid_yaw": [0.5, 1e-06, 0.1], "k_pid_hsp": [1.606987810134683, 0.1531003758033771, 0.01], "k_pid_vsp": [63.87935167311278, 93.02116563978787, 1.0]}, "datetime": {"datetime": "2025-08-21 14:53:29", "elapsed": 22125.988094329834, "delta": 19.448776483535767}, "costs": {"total_cost": 210.26929491758295, "time_cost": 80.528, "final_distance_cost": 1.804483013487664, "oscillation_cost": 49.52695357658359, "completition_cost": 0.0, "overshoot_cost": 51.951585094549266, "power_cost": 14.013833264160157, "noise_cost": 12.444439968802268, "n_waypoints_completed": 9, "tot_waypoints": 9}}
{"target": -223.13383149953643, "params": {"k_pid_pos": [1.9176378968916694, 0.024859491386256316, 0.8092599635047751], "k_pid_alt": [0.5447770384028499, 0.41495670262089157, 0.06527723447865985], "k_pid_att": [24.0942673894178, 1.1889791607388933, 0.8739915892735461], "k_pid_yaw": [0.5, 1e-06, 0.1], "k_pid_hsp": [1.0, 0.1531003758033771, 0.01], "k_pid_vsp": [376.5747392387296, 355.21150340299164, 1.0]}, "datetime": {"datetime": "2025-08-21 14:53:50", "elapsed": 22146.72245812416, "delta": 20.734363794326782}, "costs": {"total_cost": 223.13383149953643, "time_cost": 88.632, "final_distance_cost": 1.7744427388041741, "oscillation_cost": 50.34565267530162, "completition_cost": 0.0, "overshoot_cost": 53.77769099410927, "power_cost": 15.358542431640625, "noise_cost": 13.24550265968077, "n_waypoints_completed": 9, "tot_waypoints": 9}}
{"target": -182.41697615366974, "params": {"k_pid_pos": [1.9176378968916694, 0.07129208892642425, 0.6250867496839783], "k_pid_alt": [1.6319753356852484, 0.0, 0.1576465649121419], "k_pid_att": [58.989274729095186, 5.088413281584711, 0.6179952950406163], "k_pid_yaw": [0.5, 1e-06, 0.1], "k_pid_hsp": [1.2726116133729626, 0.1531003758033771, 0.01], "k_pid_vsp": [284.5460512203246, 369.48810340511164, 1.0]}, "datetime": {"datetime": "2025-08-21 14:54:05", "elapsed": 22162.3440554142, "delta": 15.621597290039062}, "costs": {"total_cost": 182.41697615366974, "time_cost": 68.184, "final_distance_cost": 1.8003572323851884, "oscillation_cost": 41.78812126242522, "completition_cost": 0.0, "overshoot_cost": 49.4556908640139, "power_cost": 10.760690502929688, "noise_cost": 10.428116291915753, "n_waypoints_completed": 9, "tot_waypoints": 9}}
{"target": -186.50251664068924, "params": {"k_pid_pos": [1.9176378968916694, 0.024859491386256316, 0.21152287994165886], "k_pid_alt": [1.3959173657108794, 0.0, 0.06527723447865985], "k_pid_att": [24.0942673894178, 7.284845820832624, 0.8739915892735461], "k_pid_yaw": [0.5, 1e-06, 0.1], "k_pid_hsp": [1.606987810134683, 0.1531003758033771, 0.01], "k_pid_vsp": [110.56511661686339, 355.21150340299164, 1.0]}, "datetime": {"datetime": "2025-08-21 14:54:22", "elapsed": 22179.07820749283, "delta": 16.73415207862854}, "costs": {"total_cost": 186.50251664068924, "time_cost": 68.0, "final_distance_cost": 1.776100970355474, "oscillation_cost": 43.673186876444085, "completition_cost": 0.0, "overshoot_cost": 49.85965481859743, "power_cost": 12.19448367919922, "noise_cost": 10.999090296093037, "n_waypoints_completed": 9, "tot_waypoints": 9}}
{"target": -195.54146094642974, "params": {"k_pid_pos": [1.9176378968916694, 0.024859491386256316, 0.8092599635047751], "k_pid_alt": [1.7187705538853828, 0.0, 0.9659895333512928], "k_pid_att": [24.0942673894178, 8.683548648184065, 0.8739915892735461], "k_pid_yaw": [0.5, 1e-06, 0.1], "k_pid_hsp": [3.061197731635527, 0.1531003758033771, 0.01], "k_pid_vsp": [284.5460512203246, 355.21150340299164, 1.0]}, "datetime": {"datetime": "2025-08-21 14:54:39", "elapsed": 22195.602011203766, "delta": 16.5238037109375}, "costs": {"total_cost": 195.54146094642974, "time_cost": 71.776, "final_distance_cost": 1.8471641874703615, "oscillation_cost": 39.97309060385806, "completition_cost": 0.0, "overshoot_cost": 51.23324944895827, "power_cost": 16.912540368652344, "noise_cost": 13.79941633749069, "n_waypoints_completed": 9, "tot_waypoints": 9}}
{"target": -187.55257309834684, "params": {"k_pid_pos": [1.9176378968916694, 0.019460639298323645, 0.0386815934960667], "k_pid_alt": [1.6319753356852484, 0.0, 0.1576465649121419], "k_pid_att": [24.0942673894178, 7.284845820832624, 0.8739915892735461], "k_pid_yaw": [0.5, 1e-06, 0.1], "k_pid_hsp": [2.395389635608916, 0.1531003758033771, 0.01], "k_pid_vsp": [378.2079564087626, 328.58176268426536, 1.0]}, "datetime": {"datetime": "2025-08-21 14:54:54", "elapsed": 22211.40410709381, "delta": 15.802095890045166}, "costs": {"total_cost": 187.55257309834684, "time_cost": 68.384, "final_distance_cost": 1.7335710134401892, "oscillation_cost": 45.56396812428351, "completition_cost": 0.0, "overshoot_cost": 49.579187414935724, "power_cost": 11.67372529296875, "noise_cost": 10.618121252718671, "n_waypoints_completed": 9, "tot_waypoints": 9}}
{"target": -184.79489421420953, "params": {"k_pid_pos": [1.9176378968916694, 0.024859491386256316, 0.8092599635047751], "k_pid_alt": [1.7187705538853828, 0.0, 0.1576465649121419], "k_pid_att": [58.989274729095186, 5.088413281584711, 0.6179952950406163], "k_pid_yaw": [0.5, 1e-06, 0.1], "k_pid_hsp": [1.606987810134683, 0.1531003758033771, 0.01], "k_pid_vsp": [376.5747392387296, 175.28714713338795, 1.0]}, "datetime": {"datetime": "2025-08-21 14:55:11", "elapsed": 22228.356366872787, "delta": 16.95225977897644}, "costs": {"total_cost": 184.79489421420953, "time_cost": 69.376, "final_distance_cost": 1.8507620555645288, "oscillation_cost": 38.47611641448248, "completition_cost": 0.0, "overshoot_cost": 50.1810265460266, "power_cost": 12.914673681640625, "noise_cost": 11.996315516495276, "n_waypoints_completed": 9, "tot_waypoints": 9}}
{"target": -182.74406615122098, "params": {"k_pid_pos": [1.9176378968916694, 0.07129208892642425, 0.6250867496839783], "k_pid_alt": [1.6319753356852484, 0.0, 0.1576465649121419], "k_pid_att": [58.989274729095186, 5.088413281584711, 0.6179952950406163], "k_pid_yaw": [0.5, 1e-06, 0.1], "k_pid_hsp": [1.2726116133729626, 0.1531003758033771, 0.01], "k_pid_vsp": [284.5460512203246, 369.48810340511164, 1.0]}, "datetime": {"datetime": "2025-08-21 14:55:27", "elapsed": 22244.071264505386, "delta": 15.714897632598877}, "costs": {"total_cost": 182.74406615122098, "time_cost": 68.232, "final_distance_cost": 1.8091329467168176, "oscillation_cost": 39.922319034788714, "completition_cost": 0.0, "overshoot_cost": 49.978985320773006, "power_cost": 11.92816259765625, "noise_cost": 10.873466251286203, "n_waypoints_completed": 9, "tot_waypoints": 9}}
{"target": -203.29528044020464, "params": {"k_pid_pos": [1.9176378968916694, 0.024859491386256316, 0.21152287994165886], "k_pid_alt": [1.6319753356852484, 0.0, 0.06527723447865985], "k_pid_att": [58.989274729095186, 5.088413281584711, 0.6179952950406163], "k_pid_yaw": [0.5, 1e-06, 0.1], "k_pid_hsp": [3.8015553682621426, 0.1531003758033771, 0.01], "k_pid_vsp": [110.56511661686339, 355.21150340299164, 1.0]}, "datetime": {"datetime": "2025-08-21 14:55:44", "elapsed": 22260.759863376617, "delta": 16.68859887123108}, "costs": {"total_cost": 203.29528044020464, "time_cost": 71.47200000000001, "final_distance_cost": 1.7849507458297222, "oscillation_cost": 47.96798893388558, "completition_cost": 0.0, "overshoot_cost": 50.1257195016513, "power_cost": 18.025973791503908, "noise_cost": 13.918647467334122, "n_waypoints_completed": 9, "tot_waypoints": 9}}
{"target": -184.3776041330771, "params": {"k_pid_pos": [1.9648629373893673, 0.024859491386256316, 0.8092599635047751], "k_pid_alt": [1.7187705538853828, 0.0, 0.06527723447865985], "k_pid_att": [24.0942673894178, 6.806811407577699, 0.6711777735375999], "k_pid_yaw": [0.5, 1e-06, 0.1], "k_pid_hsp": [1.606987810134683, 0.1531003758033771, 0.01], "k_pid_vsp": [110.56511661686339, 355.21150340299164, 1.0]}, "datetime": {"datetime": "2025-08-21 14:56:00", "elapsed": 22276.979029893875, "delta": 16.21916651725769}, "costs": {"total_cost": 184.3776041330771, "time_cost": 68.312, "final_distance_cost": 1.8443573070407482, "oscillation_cost": 43.67515481682803, "completition_cost": 0.0, "overshoot_cost": 49.73520438605555, "power_cost": 10.490224487304689, "noise_cost": 10.320663135848084, "n_waypoints_completed": 9, "tot_waypoints": 9}}
{"target": -223.25541719742372, "params": {"k_pid_pos": [1.9176378968916694, 0.8181781159533115, 0.21152287994165886], "k_pid_alt": [1.3959173657108794, 0.0, 0.06527723447865985], "k_pid_att": [24.0942673894178, 7.284845820832624, 0.8739915892735461], "k_pid_yaw": [0.5, 1e-06, 0.1], "k_pid_hsp": [1.0, 0.1531003758033771, 0.01], "k_pid_vsp": [284.5460512203246, 369.48810340511164, 1.0]}, "datetime": {"datetime": "2025-08-21 14:56:20", "elapsed": 22296.7897772789, "delta": 19.810747385025024}, "costs": {"total_cost": 223.25541719742372, "time_cost": 86.12, "final_distance_cost": 1.6916403811267977, "oscillation_cost": 51.47669366477588, "completition_cost": 0.0, "overshoot_cost": 53.57095171630179, "power_cost": 16.147991796875, "noise_cost": 14.248139638344236, "n_waypoints_completed": 9, "tot_waypoints": 9}}
{"target": -222.01197080055903, "params": {"k_pid_pos": [1.9176378968916694, 0.3540910646462311, 0.8092599635047751], "k_pid_alt": [1.7187705538853828, 0.0, 0.1576465649121419], "k_pid_att": [58.989274729095186, 5.088413281584711, 0.6179952950406163], "k_pid_yaw": [0.5, 1e-06, 0.1], "k_pid_hsp": [6.790862332402999, 0.1531003758033771, 0.01], "k_pid_vsp": [284.5460512203246, 369.48810340511164, 1.0]}, "datetime": {"datetime": "2025-08-21 14:56:36", "elapsed": 22313.207788467407, "delta": 16.41801118850708}, "costs": {"total_cost": 222.01197080055903, "time_cost": 69.12, "final_distance_cost": 1.8030588918950279, "oscillation_cost": 80.15035686756954, "completition_cost": 0.0, "overshoot_cost": 49.83616073373425, "power_cost": 10.605128540039063, "noise_cost": 10.49726576732112, "n_waypoints_completed": 9, "tot_waypoints": 9}}
{"target": -203.02926331351702, "params": {"k_pid_pos": [1.9176378968916694, 0.07129208892642425, 0.6250867496839783], "k_pid_alt": [1.6319753356852484, 0.5297830489215293, 0.1576465649121419], "k_pid_att": [58.989274729095186, 5.088413281584711, 0.6179952950406163], "k_pid_yaw": [0.5, 1e-06, 0.1], "k_pid_hsp": [1.606987810134683, 0.1531003758033771, 0.01], "k_pid_vsp": [128.61003815237223, 175.28714713338795, 1.0]}, "datetime": {"datetime": "2025-08-21 14:56:54", "elapsed": 22330.906847000122, "delta": 17.699058532714844}, "costs": {"total_cost": 203.02926331351702, "time_cost": 75.888, "final_distance_cost": 1.753884084517879, "oscillation_cost": 52.41450179622325, "completition_cost": 0.0, "overshoot_cost": 50.406979435680846, "power_cost": 11.587950415039064, "noise_cost": 10.977947582055979, "n_waypoints_completed": 9, "tot_waypoints": 9}}
{"target": -218.35062679444616, "params": {"k_pid_pos": [1.842720344740466, 0.024859491386256316, 0.8092599635047751], "k_pid_alt": [1.7187705538853828, 0.047215641115174845, 0.738746314848921], "k_pid_att": [58.989274729095186, 5.088413281584711, 0.02289754427358881], "k_pid_yaw": [0.5, 1e-06, 0.1], "k_pid_hsp": [1.606987810134683, 0.1531003758033771, 0.01], "k_pid_vsp": [376.5747392387296, 175.28714713338795, 1.0]}, "datetime": {"datetime": "2025-08-21 14:57:11", "elapsed": 22348.083035230637, "delta": 17.176188230514526}, "costs": {"total_cost": 218.35062679444616, "time_cost": 75.21600000000001, "final_distance_cost": 1.8407995985534822, "oscillation_cost": 69.84428395997816, "completition_cost": 0.0, "overshoot_cost": 50.19936498711708, "power_cost": 10.338713073730469, "noise_cost": 10.911465175066969, "n_waypoints_completed": 9, "tot_waypoints": 9}}
{"target": -188.02779687062738, "params": {"k_pid_pos": [1.9176378968916694, 0.024859491386256316, 0.8092599635047751], "k_pid_alt": [1.7187705538853828, 0.0, 0.1576465649121419], "k_pid_att": [58.989274729095186, 8.523668343376618, 0.6179952950406163], "k_pid_yaw": [0.5, 1e-06, 0.1], "k_pid_hsp": [1.5859581202077546, 0.1531003758033771, 0.01], "k_pid_vsp": [376.5747392387296, 175.28714713338795, 1.0]}, "datetime": {"datetime": "2025-08-21 14:57:28", "elapsed": 22364.85198545456, "delta": 16.76895022392273}, "costs": {"total_cost": 188.02779687062738, "time_cost": 69.256, "final_distance_cost": 1.8451137383686593, "oscillation_cost": 42.40065924743814, "completition_cost": 0.0, "overshoot_cost": 50.170360220517345, "power_cost": 12.78164090576172, "noise_cost": 11.574022758541526, "n_waypoints_completed": 9, "tot_waypoints": 9}}
