{"target": -203.80538368534616, "params": {"k_pid_pos": [0.7, 0.01, 0.09], "k_pid_alt": [0.7, 0.0, 0.1], "k_pid_att": [20.0, 1.0, 0.01], "k_pid_yaw": [0.5, 1e-06, 0.1], "k_pid_hsp": [1.0, 0.01, 0.01], "k_pid_vsp": [150.0, 10.0, 1.0]}, "datetime": {"datetime": "2025-08-21 08:45:03", "elapsed": 19.708436489105225, "delta": 19.708436489105225}, "costs": {"total_cost": 203.80538368534616, "time_cost": 80.08, "final_distance_cost": 1.8548965347429807, "oscillation_cost": 54.73306683958346, "completition_cost": 0.0, "overshoot_cost": 50.72015132833952, "power_cost": 7.243937670898438, "noise_cost": 9.17333131178177, "n_waypoints_completed": 9, "tot_waypoints": 9}}
{"target": -1977.6873361558148, "params": {"k_pid_pos": [0.45455471969737526, 0.5545847870158348, 0.06381725610417532], "k_pid_alt": [1.6552623439851641, 0.6316643991220648, 0.7580877400853738], "k_pid_att": [35.45259681298683, 9.706983174146593, 0.8931211213221977], "k_pid_yaw": [0.5, 1e-06, 0.1], "k_pid_hsp": [7.7838571323879115, 0.19463870785196757, 0.4667210037270342], "k_pid_vsp": [17.52150631489151, 61.715797672729636, 273.2195816139329]}, "datetime": {"datetime": "2025-08-21 08:45:33", "elapsed": 50.12655019760132, "delta": 30.418113708496094}, "costs": {"total_cost": 1977.6873361558148, "time_cost": 150, "final_distance_cost": 193.6109508418296, "oscillation_cost": 344.9518774861399, "completition_cost": 888.8888888888888, "overshoot_cost": 352.78351634860337, "power_cost": 27.351140917968753, "noise_cost": 20.10096167238428, "n_waypoints_completed": 1, "tot_waypoints": 9}}
{"target": -1298.7909426912545, "params": {"k_pid_pos": [1.4895498356000434, 0.96750973243421, 0.32582535813815194], "k_pid_alt": [0.7409194120697378, 0.4695558112758079, 0.1894713590842857], "k_pid_att": [12.992150533547164, 4.757101691766715, 0.2269093490508841], "k_pid_yaw": [0.5, 1e-06, 0.1], "k_pid_hsp": [6.698172965425635, 0.43715191887233074, 0.8326781960578374], "k_pid_vsp": [280.1060408008996, 124.94665724044978, 332.9039207258206]}, "datetime": {"datetime": "2025-08-21 08:46:02", "elapsed": 78.73557949066162, "delta": 28.609029293060303}, "costs": {"total_cost": 1298.7909426912545, "time_cost": 150, "final_distance_cost": 49.087580978384906, "oscillation_cost": 306.8892224172938, "completition_cost": 666.6666666666667, "overshoot_cost": 76.79508368100059, "power_cost": 28.670103637695313, "noise_cost": 20.68228531021329, "n_waypoints_completed": 3, "tot_waypoints": 9}}
{"target": -2147.724182434878, "params": {"k_pid_pos": [1.6095482385578541, 0.38747837903017446, 0.2883281039302441], "k_pid_alt": [1.364991007949951, 0.1397524836093098, 0.19990820247510832], "k_pid_att": [0.7362269751005512, 7.869265082583634, 0.6648508565920321], "k_pid_yaw": [0.5, 1e-06, 0.1], "k_pid_hsp": [7.051683269725489, 0.7807290310219679, 0.45891577553833995], "k_pid_vsp": [227.4964783811575, 55.91880011126598, 45.8120302998593]}, "datetime": {"datetime": "2025-08-21 08:46:32", "elapsed": 108.6230206489563, "delta": 29.887441158294678}, "costs": {"total_cost": 2147.724182434878, "time_cost": 150, "final_distance_cost": 21.318065346996583, "oscillation_cost": 668.0183532040278, "completition_cost": 1000.0, "overshoot_cost": 175.72000651170103, "power_cost": 35.38852508544922, "noise_cost": 97.27923228670319, "n_waypoints_completed": 0, "tot_waypoints": 9}}
{"target": -363.81326689519943, "params": {"k_pid_pos": [1.3368390832847643, 0.4710962061431325, 0.5652361064811888], "k_pid_alt": [1.5299977148320512, 0.6347183200005908, 0.5535794006579958], "k_pid_att": [55.92071607454135, 3.0395705856163158, 0.030817834567939406], "k_pid_yaw": [0.5, 1e-06, 0.1], "k_pid_hsp": [4.3672302205847, 0.2145846728195292, 0.40852864372463615], "k_pid_vsp": [341.36122930726646, 93.57579511219681, 23.321097617323666]}, "datetime": {"datetime": "2025-08-21 08:46:55", "elapsed": 131.9833710193634, "delta": 23.360350370407104}, "costs": {"total_cost": 363.81326689519943, "time_cost": 80.2, "final_distance_cost": 1.7464936946047147, "oscillation_cost": 200.67867125443888, "completition_cost": 0.0, "overshoot_cost": 51.36892296387014, "power_cost": 16.711938195800784, "noise_cost": 13.107240786484914, "n_waypoints_completed": 9, "tot_waypoints": 9}}
{"target": -1557.1789391090065, "params": {"k_pid_pos": [0.5628396456547908, 0.2935937577666836, 0.6619165147268951], "k_pid_alt": [1.1140643046825567, 0.7838982091064135, 0.6643135403273875], "k_pid_att": [40.63868614400705, 8.14022244462188, 0.1669729199077039], "k_pid_yaw": [0.5, 1e-06, 0.1], "k_pid_hsp": [0.22721846013129138, 0.09004786077564175, 0.7223593505964503], "k_pid_vsp": [184.75089210055495, 64.50871245216894, 200.41791054030062]}, "datetime": {"datetime": "2025-08-21 08:47:25", "elapsed": 161.90505933761597, "delta": 29.921688318252563}, "costs": {"total_cost": 1557.1789391090065, "time_cost": 150, "final_distance_cost": 97.77348044540884, "oscillation_cost": 433.87981221404937, "completition_cost": 777.7777777777778, "overshoot_cost": 59.25873618763055, "power_cost": 21.945286584472658, "noise_cost": 16.54384589966729, "n_waypoints_completed": 2, "tot_waypoints": 9}}
{"target": -1252.7303756483714, "params": {"k_pid_pos": [0.3047089742160655, 0.696320375077736, 0.4461562755740307], "k_pid_alt": [0.762042452192965, 0.3015120891478765, 0.6302825931188885], "k_pid_att": [36.18126105533904, 0.8765904281690784, 0.11800590212051532], "k_pid_yaw": [0.5, 1e-06, 0.1], "k_pid_hsp": [9.61898045572869, 0.908580690707607, 0.6997071338107496], "k_pid_vsp": [106.34798458380783, 387.67055096991317, 311.50036180756695]}, "datetime": {"datetime": "2025-08-21 08:47:55", "elapsed": 191.76201248168945, "delta": 29.856953144073486}, "costs": {"total_cost": 1252.7303756483714, "time_cost": 150, "final_distance_cost": 50.38578303840126, "oscillation_cost": 286.12074252873435, "completition_cost": 666.6666666666667, "overshoot_cost": 56.2559386327449, "power_cost": 23.69825944824219, "noise_cost": 19.602985333581902, "n_waypoints_completed": 3, "tot_waypoints": 9}}
{"target": -1123.8831005160694, "params": {"k_pid_pos": [1.4338086892990753, 0.44936150214378867, 0.272241561845159], "k_pid_alt": [0.1927819243069986, 0.9026023965438417, 0.45577628983361107], "k_pid_att": [20.236336479523032, 3.0596356458441103, 0.579219568941896], "k_pid_yaw": [0.5, 1e-06, 0.1], "k_pid_hsp": [1.7678101521140233, 0.8566142840923755, 0.7585195298352101], "k_pid_vsp": [287.7851823803747, 172.83721647794843, 250.92353665366844]}, "datetime": {"datetime": "2025-08-21 08:48:20", "elapsed": 217.22970247268677, "delta": 25.467689990997314}, "costs": {"total_cost": 1123.8831005160694, "time_cost": 150, "final_distance_cost": 54.42262157356056, "oscillation_cost": 164.22110439325232, "completition_cost": 666.6666666666667, "overshoot_cost": 49.00643456097101, "power_cost": 22.389422277832033, "noise_cost": 17.176851043786645, "n_waypoints_completed": 3, "tot_waypoints": 9}}
{"target": -736.5028626724513, "params": {"k_pid_pos": [1.16823752802858, 0.64984660155482, 0.08444432113988909], "k_pid_alt": [0.8316148043412193, 0.04161417386189248, 0.49399081924451893], "k_pid_att": [32.98612123327853, 1.4453274362415824, 0.10340296772255164], "k_pid_yaw": [0.5, 1e-06, 0.1], "k_pid_hsp": [5.876486957319902, 0.1705929685368861, 0.9251201183767972], "k_pid_vsp": [232.42445588015798, 138.74792246706502, 236.36619700165122]}, "datetime": {"datetime": "2025-08-21 08:48:50", "elapsed": 246.70316553115845, "delta": 29.47346305847168}, "costs": {"total_cost": 736.5028626724513, "time_cost": 150, "final_distance_cost": 79.22537213684309, "oscillation_cost": 183.5724840217293, "completition_cost": 222.2222222222222, "overshoot_cost": 61.54502957446127, "power_cost": 23.300939282226565, "noise_cost": 16.636815434969012, "n_waypoints_completed": 7, "tot_waypoints": 9}}
{"target": -1237.8911520189747, "params": {"k_pid_pos": [0.04570546167229203, 0.9585592132414453, 0.48230343694290023], "k_pid_alt": [1.5654704545005724, 0.08272999992243857, 0.48665833083816035], "k_pid_att": [49.07069943545209, 9.37827076710433, 0.5717280523760754], "k_pid_yaw": [0.5, 1e-06, 0.1], "k_pid_hsp": [4.734946661629432, 0.2669756630918936, 0.3315689973425522], "k_pid_vsp": [208.2689609886151, 175.5645846831072, 8.64483293052009]}, "datetime": {"datetime": "2025-08-21 08:49:17", "elapsed": 273.6878480911255, "delta": 26.98468255996704}, "costs": {"total_cost": 1237.8911520189747, "time_cost": 150, "final_distance_cost": 81.32546075141661, "oscillation_cost": 135.16362812435437, "completition_cost": 777.7777777777778, "overshoot_cost": 47.094956952377146, "power_cost": 27.098032238769534, "noise_cost": 19.43129617427944, "n_waypoints_completed": 2, "tot_waypoints": 9}}
{"target": -1447.9443979926818, "params": {"k_pid_pos": [1.6526012191962962, 0.8961607718397667, 0.14024908899861077], "k_pid_alt": [1.1080722870780988, 0.10857574113544355, 0.6722400930398117], "k_pid_att": [28.123378383900832, 6.594260404655548, 0.7269946142868826], "k_pid_yaw": [0.5, 1e-06, 0.1], "k_pid_hsp": [7.686498054427378, 0.10774094595589656, 0.9160118451376079], "k_pid_vsp": [92.08559635795233, 14.965023433059354, 221.94098820174088]}, "datetime": {"datetime": "2025-08-21 08:49:44", "elapsed": 301.3724915981293, "delta": 27.684643507003784}, "costs": {"total_cost": 1447.9443979926818, "time_cost": 150, "final_distance_cost": 5.422947375646229, "oscillation_cost": 64.4669025326003, "completition_cost": 1000.0, "overshoot_cost": 137.91131153559382, "power_cost": 21.628524853515625, "noise_cost": 68.51471169532584, "n_waypoints_completed": 0, "tot_waypoints": 9}}
{"target": -1423.501171869496, "params": {"k_pid_pos": [0.7419074754964913, 0.8297897431324132, 0.8082514720643018], "k_pid_alt": [0.6342777856454307, 0.952899395069745, 0.2909178381401186], "k_pid_att": [51.50571292317145, 2.559725309166971, 0.9360435700489633], "k_pid_yaw": [0.5, 1e-06, 0.1], "k_pid_hsp": [1.6461617150384233, 0.04491061939232899, 0.43509706000303794], "k_pid_vsp": [396.9502256223348, 356.6709066102883, 299.4432080341717]}, "datetime": {"datetime": "2025-08-21 08:50:10", "elapsed": 327.2979328632355, "delta": 25.9254412651062}, "costs": {"total_cost": 1423.501171869496, "time_cost": 150, "final_distance_cost": 56.04609030242549, "oscillation_cost": 144.1160742831741, "completition_cost": 1000.0, "overshoot_cost": 36.78888801686369, "power_cost": 21.068808544921875, "noise_cost": 15.481310722110607, "n_waypoints_completed": 0, "tot_waypoints": 9}}
{"target": -868.4547809364561, "params": {"k_pid_pos": [1.781595902507962, 0.8934466396978632, 0.5188583603864491], "k_pid_alt": [0.631858103661586, 0.772012432110988, 0.6616612631677611], "k_pid_att": [37.36577288737101, 0.9447572339483465, 0.746789611349026], "k_pid_yaw": [0.5, 1e-06, 0.1], "k_pid_hsp": [2.6246789131770547, 0.9368131505337792, 0.24097057500568475], "k_pid_vsp": [49.10317296459441, 332.4450690188498, 61.3137274965133]}, "datetime": {"datetime": "2025-08-21 08:50:37", "elapsed": 353.907838344574, "delta": 26.6099054813385}, "costs": {"total_cost": 868.4547809364561, "time_cost": 150, "final_distance_cost": 58.97940500156951, "oscillation_cost": 128.9077364548413, "completition_cost": 444.4444444444444, "overshoot_cost": 52.88982886304062, "power_cost": 18.168448864746093, "noise_cost": 15.06491730781406, "n_waypoints_completed": 5, "tot_waypoints": 9}}
{"target": -1448.1507324591691, "params": {"k_pid_pos": [0.3586186894846624, 0.5993827915208435, 0.8745620408374645], "k_pid_alt": [0.3928693314291465, 0.31032367290009477, 0.7774048382411776], "k_pid_att": [97.18264260609673, 5.007461787904803, 0.14389750255125078], "k_pid_yaw": [0.5, 1e-06, 0.1], "k_pid_hsp": [0.1394614834532446, 0.22965602999885526, 0.13182221778652103], "k_pid_vsp": [271.06346944514297, 48.733002729579944, 202.53197314192326]}, "datetime": {"datetime": "2025-08-21 08:51:05", "elapsed": 381.8042755126953, "delta": 27.896437168121338}, "costs": {"total_cost": 1448.1507324591691, "time_cost": 150, "final_distance_cost": 61.92357882712206, "oscillation_cost": 222.10688152981223, "completition_cost": 888.8888888888888, "overshoot_cost": 64.3035729783195, "power_cost": 31.84633348388672, "noise_cost": 29.081476751139835, "n_waypoints_completed": 1, "tot_waypoints": 9}}
{"target": -307.0267621389385, "params": {"k_pid_pos": [1.3885554450422086, 0.5811166092209024, 0.19977565166005762], "k_pid_alt": [1.6082490523645254, 0.7154071296158017, 0.7389840039155418], "k_pid_att": [13.105775155731326, 1.2376256611230811, 0.9275625510065076], "k_pid_yaw": [0.5, 1e-06, 0.1], "k_pid_hsp": [3.9758421804300244, 0.30094869178093975, 0.4885840453515333], "k_pid_vsp": [265.14568510543296, 382.2493028631647, 114.57849146637578]}, "datetime": {"datetime": "2025-08-21 08:51:28", "elapsed": 404.97789192199707, "delta": 23.173616409301758}, "costs": {"total_cost": 307.0267621389385, "time_cost": 92.232, "final_distance_cost": 1.7307477356098488, "oscillation_cost": 125.88930717744068, "completition_cost": 0.0, "overshoot_cost": 56.93818475163328, "power_cost": 16.906760876464844, "noise_cost": 13.329761597789856, "n_waypoints_completed": 9, "tot_waypoints": 9}}
{"target": -436.05314162029765, "params": {"k_pid_pos": [1.849624377781123, 0.024859491386256316, 0.5551980423268247], "k_pid_alt": [1.2679502233621702, 0.1058974037507533, 0.14033959706391264], "k_pid_att": [41.91143193163038, 9.662322498240602, 0.5960425532343728], "k_pid_yaw": [0.5, 1e-06, 0.1], "k_pid_hsp": [9.330238913679953, 0.8043609156129707, 0.4673816015552915], "k_pid_vsp": [313.90537970087496, 7.134714572958311, 43.657599597149975]}, "datetime": {"datetime": "2025-08-21 08:51:55", "elapsed": 431.81329464912415, "delta": 26.835402727127075}, "costs": {"total_cost": 436.05314162029765, "time_cost": 87.928, "final_distance_cost": 1.7461626217748007, "oscillation_cost": 259.7107340895189, "completition_cost": 0.0, "overshoot_cost": 52.33563312829077, "power_cost": 19.762801867675783, "noise_cost": 14.56980991303745, "n_waypoints_completed": 9, "tot_waypoints": 9}}
{"target": -1150.2179430853369, "params": {"k_pid_pos": [1.6588742869039843, 0.7968170883251617, 0.2326407419664337], "k_pid_alt": [1.061539181198107, 0.6060158207000109, 0.8677389537760112], "k_pid_att": [60.31071573387257, 4.125774435579876, 0.3741840434071827], "k_pid_yaw": [0.5, 1e-06, 0.1], "k_pid_hsp": [4.258878275526461, 0.6519310255799742, 0.8674906317523249], "k_pid_vsp": [181.5587528305199, 99.13582593270368, 94.6649459623701]}, "datetime": {"datetime": "2025-08-21 08:52:20", "elapsed": 457.3911991119385, "delta": 25.57790446281433}, "costs": {"total_cost": 1150.2179430853369, "time_cost": 150, "final_distance_cost": 58.115168241279974, "oscillation_cost": 130.51282653781539, "completition_cost": 666.6666666666667, "overshoot_cost": 91.86609078268832, "power_cost": 28.29000361328125, "noise_cost": 24.76718724360502, "n_waypoints_completed": 3, "tot_waypoints": 9}}
{"target": -1024.1607901387988, "params": {"k_pid_pos": [1.4920539590588684, 0.8165687634239104, 0.10527807985412496], "k_pid_alt": [0.13311771391035632, 0.5944336637564518, 0.14617324419269828], "k_pid_att": [82.46641904563413, 3.1034157057733522, 0.14387193297114265], "k_pid_yaw": [0.5, 1e-06, 0.1], "k_pid_hsp": [9.209712627827253, 0.16553172273527816, 0.28472008233793555], "k_pid_vsp": [61.44535807682345, 46.19602635065192, 8.459207513427996]}, "datetime": {"datetime": "2025-08-21 08:52:52", "elapsed": 488.5822672843933, "delta": 31.191068172454834}, "costs": {"total_cost": 1024.1607901387988, "time_cost": 150, "final_distance_cost": 60.77973230860418, "oscillation_cost": 164.52406050752978, "completition_cost": 555.5555555555555, "overshoot_cost": 57.590233718159645, "power_cost": 18.97070744628906, "noise_cost": 16.740500602660436, "n_waypoints_completed": 4, "tot_waypoints": 9}}
{"target": -1659.3552425730231, "params": {"k_pid_pos": [0.1108852787876038, 0.1746414709358527, 0.05338193262717539], "k_pid_alt": [1.1822876322219424, 0.6807145267995064, 0.39363045683202824], "k_pid_att": [31.79910969520494, 5.045311917598599, 0.8750049422346086], "k_pid_yaw": [0.5, 1e-06, 0.1], "k_pid_hsp": [8.511331155059377, 0.04347506201279194, 0.18149840959652408], "k_pid_vsp": [94.6979484417584, 99.75503108349716, 228.49306112587644]}, "datetime": {"datetime": "2025-08-21 08:53:19", "elapsed": 516.0427536964417, "delta": 27.46048641204834}, "costs": {"total_cost": 1659.3552425730231, "time_cost": 150, "final_distance_cost": 128.57693636913135, "oscillation_cost": 219.15173194203783, "completition_cost": 1000.0, "overshoot_cost": 133.72608086000804, "power_cost": 15.018977294921875, "noise_cost": 12.881516106924057, "n_waypoints_completed": 0, "tot_waypoints": 9}}
{"target": -776.1494622114681, "params": {"k_pid_pos": [0.8325832251638142, 0.04925411992759399, 0.3736141384595716], "k_pid_alt": [1.0475058974352744, 0.10167190290371597, 0.8334585537885597], "k_pid_att": [5.196186646510426, 9.248426205993718, 0.0991131415798755], "k_pid_yaw": [0.5, 1e-06, 0.1], "k_pid_hsp": [8.435765158482369, 0.9026531439276171, 0.9795706805865927], "k_pid_vsp": [320.8103521094374, 311.79101652905405, 256.99331075573576]}, "datetime": {"datetime": "2025-08-21 08:53:45", "elapsed": 542.2076244354248, "delta": 26.164870738983154}, "costs": {"total_cost": 776.1494622114681, "time_cost": 150, "final_distance_cost": 74.43661456382188, "oscillation_cost": 243.29912560254922, "completition_cost": 222.2222222222222, "overshoot_cost": 49.76615762439247, "power_cost": 21.489467199707033, "noise_cost": 14.935874998775216, "n_waypoints_completed": 7, "tot_waypoints": 9}}
{"target": -1215.9576648815519, "params": {"k_pid_pos": [1.5580148095208002, 0.13455220841314708, 0.5360680359476373], "k_pid_alt": [1.028445740380829, 0.8575721441225576, 0.46279936559351587], "k_pid_att": [38.508949610035344, 6.395668756043977, 0.26646331750084606], "k_pid_yaw": [0.5, 1e-06, 0.1], "k_pid_hsp": [1.3977701326984733, 0.4778772740237458, 0.416889368594885], "k_pid_vsp": [93.02797621154949, 147.0047246785394, 146.5569805641065]}, "datetime": {"datetime": "2025-08-21 08:54:12", "elapsed": 568.9695529937744, "delta": 26.76192855834961}, "costs": {"total_cost": 1215.9576648815519, "time_cost": 150, "final_distance_cost": 62.92004107462833, "oscillation_cost": 248.1445303525536, "completition_cost": 666.6666666666667, "overshoot_cost": 53.03568025279044, "power_cost": 19.753264111328125, "noise_cost": 15.437482423584456, "n_waypoints_completed": 3, "tot_waypoints": 9}}
{"target": -1053.4653518155883, "params": {"k_pid_pos": [0.6550583792686496, 0.37946407972692897, 0.6857433454559454], "k_pid_alt": [0.5937529491425706, 0.9488579267153404, 0.9163480195381779], "k_pid_att": [48.09104283000786, 3.283679213926388, 0.5354347898300031], "k_pid_yaw": [0.5, 1e-06, 0.1], "k_pid_hsp": [8.485620031687368, 0.652587340560102, 0.8043918279470774], "k_pid_vsp": [213.08891042629608, 253.16705207413065, 115.26224638482907]}, "datetime": {"datetime": "2025-08-21 08:54:39", "elapsed": 596.3004741668701, "delta": 27.330921173095703}, "costs": {"total_cost": 1053.4653518155883, "time_cost": 150, "final_distance_cost": 46.99894909552156, "oscillation_cost": 317.205303195693, "completition_cost": 444.4444444444444, "overshoot_cost": 50.65566213389022, "power_cost": 24.730613293457033, "noise_cost": 19.43037965258216, "n_waypoints_completed": 5, "tot_waypoints": 9}}
{"target": -1011.7443492294644, "params": {"k_pid_pos": [1.4698128353043505, 0.20240459312571835, 0.6947981288184982], "k_pid_alt": [1.7214381366517881, 0.13210283730154393, 0.6143797405419198], "k_pid_att": [9.50957482299346, 7.257183711151441, 0.08449321882352023], "k_pid_yaw": [0.5, 1e-06, 0.1], "k_pid_hsp": [9.35940463302399, 0.13740793003780216, 0.9588802459090804], "k_pid_vsp": [320.3536704340387, 237.47280219285963, 313.04964206919465]}, "datetime": {"datetime": "2025-08-21 08:55:06", "elapsed": 623.1380627155304, "delta": 26.83758854866028}, "costs": {"total_cost": 1011.7443492294644, "time_cost": 150, "final_distance_cost": 48.056690217506706, "oscillation_cost": 265.75410165395857, "completition_cost": 444.4444444444444, "overshoot_cost": 63.619302740329424, "power_cost": 23.17423746337891, "noise_cost": 16.695572709846378, "n_waypoints_completed": 5, "tot_waypoints": 9}}
{"target": -765.0701002919101, "params": {"k_pid_pos": [1.5902501664822735, 0.9460270628173303, 0.2533833538391872], "k_pid_alt": [1.1801517907166184, 0.09504919756440122, 0.6161657000241213], "k_pid_att": [17.12913040927888, 5.649549619663271, 0.5724305140338497], "k_pid_yaw": [0.5, 1e-06, 0.1], "k_pid_hsp": [4.659904931296975, 0.5226317755131228, 0.7639233900065879], "k_pid_vsp": [319.69788660482664, 196.86128673801844, 239.83737700945147]}, "datetime": {"datetime": "2025-08-21 08:55:34", "elapsed": 650.8655848503113, "delta": 27.727522134780884}, "costs": {"total_cost": 765.0701002919101, "time_cost": 150, "final_distance_cost": 64.35665173380713, "oscillation_cost": 116.34153335297054, "completition_cost": 333.33333333333337, "overshoot_cost": 66.38615697692295, "power_cost": 20.078992102050783, "noise_cost": 14.573432792825264, "n_waypoints_completed": 6, "tot_waypoints": 9}}
