{"target": -179.41514906487393, "params": {"k_pid_pos": [1.3885554450422086, 0.024859491386256316, 0.11401919133455096], "k_pid_alt": [1.0304713630477362, 0.0, 0.06527723447865985], "k_pid_att": [24.0942673894178, 3.0350363822239825, 0.8739915892735461], "k_pid_yaw": [0.5, 1e-06, 0.1], "k_pid_hsp": [1.0, 0.1531003758033771, 0.01], "k_pid_vsp": [207.03313760381627, 355.21150340299164, 1.0]}, "datetime": {"datetime": "2025-08-21 13:25:45", "elapsed": 16861.80531024933, "delta": 15.6510648727417}, "costs": {"total_cost": 179.41514906487393, "time_cost": 68.656, "final_distance_cost": 1.8034066130718354, "oscillation_cost": 40.39212420412882, "completition_cost": 0.0, "overshoot_cost": 48.913219217098124, "power_cost": 9.83781044921875, "noise_cost": 9.812588581356417, "n_waypoints_completed": 9, "tot_waypoints": 9}}
{"target": -186.56124013006803, "params": {"k_pid_pos": [1.901325454231368, 0.024859491386256316, 0.4388587351883817], "k_pid_alt": [1.0304713630477362, 0.0, 0.11578642527130634], "k_pid_att": [6.174354700882767, 1.5712076181287093, 0.8739915892735461], "k_pid_yaw": [0.5, 1e-06, 0.1], "k_pid_hsp": [1.0, 0.1531003758033771, 0.01], "k_pid_vsp": [378.2079564087626, 355.21150340299164, 1.0]}, "datetime": {"datetime": "2025-08-21 13:26:01", "elapsed": 16877.678073644638, "delta": 15.872763395309448}, "costs": {"total_cost": 186.56124013006803, "time_cost": 68.76, "final_distance_cost": 1.8058794859838092, "oscillation_cost": 43.878294822194704, "completition_cost": 0.0, "overshoot_cost": 49.42587197181211, "power_cost": 11.924262438964844, "noise_cost": 10.766931411112592, "n_waypoints_completed": 9, "tot_waypoints": 9}}
{"target": -328.19306612159784, "params": {"k_pid_pos": [1.901325454231368, 0.024859491386256316, 0.4388587351883817], "k_pid_alt": [1.2679502233621702, 0.0, 0.07734400225577898], "k_pid_att": [33.41589308538913, 0.8434577996380836, 0.8739915892735461], "k_pid_yaw": [0.5, 1e-06, 0.1], "k_pid_hsp": [1.0, 0.1531003758033771, 0.6574950238201316], "k_pid_vsp": [146.93843233531743, 355.21150340299164, 152.2922079332073]}, "datetime": {"datetime": "2025-08-21 13:26:22", "elapsed": 16898.843886375427, "delta": 21.165812730789185}, "costs": {"total_cost": 328.19306612159784, "time_cost": 84.096, "final_distance_cost": 1.7733406234417317, "oscillation_cost": 154.1653409580022, "completition_cost": 0.0, "overshoot_cost": 58.57179930715022, "power_cost": 16.84349743652344, "noise_cost": 12.743087796480264, "n_waypoints_completed": 9, "tot_waypoints": 9}}
{"target": -179.19333888671136, "params": {"k_pid_pos": [1.3885554450422086, 0.024859491386256316, 0.11401919133455096], "k_pid_alt": [1.0304713630477362, 0.0, 0.06527723447865985], "k_pid_att": [24.0942673894178, 7.284845820832624, 0.8739915892735461], "k_pid_yaw": [0.5, 1e-06, 0.1], "k_pid_hsp": [1.0, 0.1531003758033771, 0.01], "k_pid_vsp": [378.2079564087626, 355.21150340299164, 1.0]}, "datetime": {"datetime": "2025-08-21 13:26:38", "elapsed": 16914.67633485794, "delta": 15.832448482513428}, "costs": {"total_cost": 179.19333888671136, "time_cost": 68.592, "final_distance_cost": 1.8088689834005758, "oscillation_cost": 42.578069888631795, "completition_cost": 0.0, "overshoot_cost": 49.01463671714225, "power_cost": 8.337950341796875, "noise_cost": 8.861812955739877, "n_waypoints_completed": 9, "tot_waypoints": 9}}
{"target": -182.44947935632413, "params": {"k_pid_pos": [1.3885554450422086, 0.024859491386256316, 0.11401919133455096], "k_pid_alt": [1.0304713630477362, 0.0, 0.06527723447865985], "k_pid_att": [24.0942673894178, 3.0350363822239825, 0.8739915892735461], "k_pid_yaw": [0.5, 1e-06, 0.1], "k_pid_hsp": [1.0, 0.1531003758033771, 0.01], "k_pid_vsp": [207.03313760381627, 355.21150340299164, 1.0]}, "datetime": {"datetime": "2025-08-21 13:26:54", "elapsed": 16931.182353019714, "delta": 16.50601816177368}, "costs": {"total_cost": 182.44947935632413, "time_cost": 68.88, "final_distance_cost": 1.7954395380768735, "oscillation_cost": 40.194332636926966, "completition_cost": 0.0, "overshoot_cost": 49.74361098541622, "power_cost": 11.223753051757813, "noise_cost": 10.612343144146243, "n_waypoints_completed": 9, "tot_waypoints": 9}}
{"target": -186.44981912129572, "params": {"k_pid_pos": [1.3885554450422086, 0.024859491386256316, 0.06837744536824142], "k_pid_alt": [1.408510096659571, 0.0, 0.06527723447865985], "k_pid_att": [58.989274729095186, 2.057470297840489, 0.8739915892735461], "k_pid_yaw": [0.5, 1e-06, 0.1], "k_pid_hsp": [1.0, 0.1531003758033771, 0.01], "k_pid_vsp": [383.6525668739127, 355.21150340299164, 1.0]}, "datetime": {"datetime": "2025-08-21 13:27:11", "elapsed": 16948.181119918823, "delta": 16.998766899108887}, "costs": {"total_cost": 186.44981912129572, "time_cost": 68.376, "final_distance_cost": 1.8197223309741908, "oscillation_cost": 39.359150847283395, "completition_cost": 0.0, "overshoot_cost": 50.14094030642841, "power_cost": 14.593208337402345, "noise_cost": 12.160797299207385, "n_waypoints_completed": 9, "tot_waypoints": 9}}
{"target": -975.3038952657854, "params": {"k_pid_pos": [0.48341691330654263, 0.024859491386256316, 0.4388587351883817], "k_pid_alt": [1.2679502233621702, 0.0, 0.8705629771698292], "k_pid_att": [33.41589308538913, 5.215311636883334, 0.8739915892735461], "k_pid_yaw": [0.5, 1e-06, 0.1], "k_pid_hsp": [0.22821344198103216, 0.4646359499442313, 0.01], "k_pid_vsp": [366.9222945638871, 355.21150340299164, 343.4343583921496]}, "datetime": {"datetime": "2025-08-21 13:27:34", "elapsed": 16971.436294555664, "delta": 23.25517463684082}, "costs": {"total_cost": 975.3038952657854, "time_cost": 150, "final_distance_cost": 53.26902183715039, "oscillation_cost": 38.46635415630647, "completition_cost": 666.6666666666667, "overshoot_cost": 44.2922926489977, "power_cost": 12.522726123046876, "noise_cost": 10.086833833617385, "n_waypoints_completed": 3, "tot_waypoints": 9}}
{"target": -221.043122200655, "params": {"k_pid_pos": [1.367080816728244, 0.024859491386256316, 0.11401919133455096], "k_pid_alt": [1.2679502233621702, 0.0, 0.1576465649121419], "k_pid_att": [58.989274729095186, 7.284845820832624, 0.8739915892735461], "k_pid_yaw": [0.5, 1e-06, 0.1], "k_pid_hsp": [1.0, 0.1531003758033771, 0.01], "k_pid_vsp": [378.2079564087626, 355.21150340299164, 1.0]}, "datetime": {"datetime": "2025-08-21 13:27:53", "elapsed": 16989.5106651783, "delta": 18.074370622634888}, "costs": {"total_cost": 221.043122200655, "time_cost": 79.992, "final_distance_cost": 1.7997213950413289, "oscillation_cost": 42.429696142940045, "completition_cost": 0.0, "overshoot_cost": 57.695658959395224, "power_cost": 20.746224584960938, "noise_cost": 18.379821118317462, "n_waypoints_completed": 9, "tot_waypoints": 9}}
{"target": -366.18638133575905, "params": {"k_pid_pos": [1.3885554450422086, 0.024859491386256316, 0.11401919133455096], "k_pid_alt": [1.2679502233621702, 0.0, 0.06527723447865985], "k_pid_att": [24.0942673894178, 7.284845820832624, 0.4533553111744568], "k_pid_yaw": [0.5, 1e-06, 0.1], "k_pid_hsp": [7.913838258274543, 0.20291134351117135, 0.9477950138699737], "k_pid_vsp": [378.2079564087626, 355.21150340299164, 1.0]}, "datetime": {"datetime": "2025-08-21 13:28:09", "elapsed": 17006.214369297028, "delta": 16.703704118728638}, "costs": {"total_cost": 366.18638133575905, "time_cost": 72.312, "final_distance_cost": 1.7458148534403166, "oscillation_cost": 210.76179565006447, "completition_cost": 0.0, "overshoot_cost": 52.490814704482766, "power_cost": 15.454777685546876, "noise_cost": 13.42117844222459, "n_waypoints_completed": 9, "tot_waypoints": 9}}
{"target": -187.37706179066686, "params": {"k_pid_pos": [0.8080230289550049, 0.024859491386256316, 0.06837744536824142], "k_pid_alt": [1.408510096659571, 0.0, 0.06527723447865985], "k_pid_att": [58.989274729095186, 7.284845820832624, 0.8739915892735461], "k_pid_yaw": [0.5, 1e-06, 0.1], "k_pid_hsp": [3.022941925987454, 0.1531003758033771, 0.01], "k_pid_vsp": [378.2079564087626, 355.21150340299164, 1.0]}, "datetime": {"datetime": "2025-08-21 13:28:26", "elapsed": 17022.77872157097, "delta": 16.56435227394104}, "costs": {"total_cost": 187.37706179066686, "time_cost": 71.024, "final_distance_cost": 1.8508107684802784, "oscillation_cost": 40.80444921888473, "completition_cost": 0.0, "overshoot_cost": 49.92823603830606, "power_cost": 12.097897985839845, "noise_cost": 11.671667779155971, "n_waypoints_completed": 9, "tot_waypoints": 9}}
{"target": -183.80445524126392, "params": {"k_pid_pos": [1.901325454231368, 0.024859491386256316, 0.4388587351883817], "k_pid_alt": [1.2679502233621702, 0.0, 0.06527723447865985], "k_pid_att": [48.72959582322072, 7.284845820832624, 0.8739915892735461], "k_pid_yaw": [0.5, 1e-06, 0.1], "k_pid_hsp": [1.0, 0.1531003758033771, 0.01], "k_pid_vsp": [378.2079564087626, 355.21150340299164, 1.0]}, "datetime": {"datetime": "2025-08-21 13:28:41", "elapsed": 17038.441029071808, "delta": 15.662307500839233}, "costs": {"total_cost": 183.80445524126392, "time_cost": 68.2, "final_distance_cost": 1.8177220544876, "oscillation_cost": 41.84357609995082, "completition_cost": 0.0, "overshoot_cost": 49.31937608284641, "power_cost": 11.744400366210938, "noise_cost": 10.879380637768158, "n_waypoints_completed": 9, "tot_waypoints": 9}}
{"target": -714.6387893437967, "params": {"k_pid_pos": [1.3885554450422086, 0.7920358204635946, 0.11401919133455096], "k_pid_alt": [1.0304713630477362, 0.0, 0.07734400225577898], "k_pid_att": [33.41589308538913, 0.8434577996380836, 0.8739915892735461], "k_pid_yaw": [0.5, 1e-06, 0.1], "k_pid_hsp": [1.0, 0.1531003758033771, 0.6574950238201316], "k_pid_vsp": [146.93843233531743, 355.21150340299164, 152.2922079332073]}, "datetime": {"datetime": "2025-08-21 13:29:04", "elapsed": 17061.20125889778, "delta": 22.76022982597351}, "costs": {"total_cost": 714.6387893437967, "time_cost": 150, "final_distance_cost": 75.41491420402174, "oscillation_cost": 160.607747784131, "completition_cost": 222.2222222222222, "overshoot_cost": 71.12788840102694, "power_cost": 20.30613668212891, "noise_cost": 14.959880050265912, "n_waypoints_completed": 7, "tot_waypoints": 9}}
{"target": -212.81690105526755, "params": {"k_pid_pos": [1.3885554450422086, 0.024859491386256316, 0.2679580291560212], "k_pid_alt": [1.115618115767161, 0.0, 0.1576465649121419], "k_pid_att": [33.41589308538913, 7.284845820832624, 0.4275120029604318], "k_pid_yaw": [0.5, 1e-06, 0.1], "k_pid_hsp": [3.022941925987454, 0.4702638621486921, 0.01], "k_pid_vsp": [378.2079564087626, 282.782445757401, 130.2877623577229]}, "datetime": {"datetime": "2025-08-21 13:29:21", "elapsed": 17078.151592969894, "delta": 16.950334072113037}, "costs": {"total_cost": 212.81690105526755, "time_cost": 72.56, "final_distance_cost": 1.8268784173920805, "oscillation_cost": 48.53891767495868, "completition_cost": 0.0, "overshoot_cost": 52.13365959174829, "power_cost": 22.050957177734375, "noise_cost": 15.706488193434115, "n_waypoints_completed": 9, "tot_waypoints": 9}}
{"target": -201.97873618392924, "params": {"k_pid_pos": [1.901325454231368, 0.024859491386256316, 0.4388587351883817], "k_pid_alt": [1.0304713630477362, 0.0, 0.11578642527130634], "k_pid_att": [6.174354700882767, 1.5712076181287093, 0.8739915892735461], "k_pid_yaw": [0.5, 1e-06, 0.1], "k_pid_hsp": [1.0, 0.1531003758033771, 0.05661520463176517], "k_pid_vsp": [327.85686986449286, 355.21150340299164, 1.0]}, "datetime": {"datetime": "2025-08-21 13:29:37", "elapsed": 17094.05884027481, "delta": 15.907247304916382}, "costs": {"total_cost": 201.97873618392924, "time_cost": 69.12, "final_distance_cost": 1.7855606774555008, "oscillation_cost": 57.53059665157625, "completition_cost": 0.0, "overshoot_cost": 49.84693117550889, "power_cost": 12.59140887451172, "noise_cost": 11.104238804876848, "n_waypoints_completed": 9, "tot_waypoints": 9}}
{"target": -218.90385297866544, "params": {"k_pid_pos": [1.3885554450422086, 0.024859491386256316, 0.4388587351883817], "k_pid_alt": [1.2679502233621702, 0.9080078043145318, 0.1576465649121419], "k_pid_att": [45.78184138065124, 7.284845820832624, 0.8739915892735461], "k_pid_yaw": [0.5, 1e-06, 0.1], "k_pid_hsp": [3.022941925987454, 0.4702638621486921, 0.01], "k_pid_vsp": [276.9324388730501, 282.782445757401, 1.0]}, "datetime": {"datetime": "2025-08-21 13:29:57", "elapsed": 17113.99103474617, "delta": 19.932194471359253}, "costs": {"total_cost": 218.90385297866544, "time_cost": 83.992, "final_distance_cost": 1.7786982819667583, "oscillation_cost": 53.76126304399226, "completition_cost": 0.0, "overshoot_cost": 53.306804208615404, "power_cost": 13.767423083496094, "noise_cost": 12.297664360594952, "n_waypoints_completed": 9, "tot_waypoints": 9}}
{"target": -189.20827442753003, "params": {"k_pid_pos": [1.3885554450422086, 0.024859491386256316, 0.4388587351883817], "k_pid_alt": [1.2679502233621702, 0.0, 0.1576465649121419], "k_pid_att": [33.41589308538913, 7.284845820832624, 0.6426065009168366], "k_pid_yaw": [0.5, 1e-06, 0.1], "k_pid_hsp": [1.0, 0.1531003758033771, 0.01], "k_pid_vsp": [378.2079564087626, 355.21150340299164, 1.0]}, "datetime": {"datetime": "2025-08-21 13:30:13", "elapsed": 17129.947809696198, "delta": 15.956774950027466}, "costs": {"total_cost": 189.20827442753003, "time_cost": 69.928, "final_distance_cost": 1.8513836207034622, "oscillation_cost": 40.490722145709206, "completition_cost": 0.0, "overshoot_cost": 50.629548391987875, "power_cost": 13.791000793457032, "noise_cost": 12.517619475672449, "n_waypoints_completed": 9, "tot_waypoints": 9}}
{"target": -362.9223894342769, "params": {"k_pid_pos": [1.901325454231368, 0.024859491386256316, 0.15676371154545432], "k_pid_alt": [1.2679502233621702, 0.0, 0.06527723447865985], "k_pid_att": [24.0942673894178, 7.284845820832624, 0.8739915892735461], "k_pid_yaw": [0.5, 1e-06, 0.1], "k_pid_hsp": [1.0, 0.1531003758033771, 0.5609296292812848], "k_pid_vsp": [378.2079564087626, 355.21150340299164, 1.0]}, "datetime": {"datetime": "2025-08-21 13:30:31", "elapsed": 17148.165588855743, "delta": 18.2177791595459}, "costs": {"total_cost": 362.9223894342769, "time_cost": 76.744, "final_distance_cost": 1.7812303553839983, "oscillation_cost": 200.21978690759084, "completition_cost": 0.0, "overshoot_cost": 55.855168364907826, "power_cost": 14.489525561523438, "noise_cost": 13.832678244870783, "n_waypoints_completed": 9, "tot_waypoints": 9}}
{"target": -424.74372630163293, "params": {"k_pid_pos": [1.3885554450422086, 0.024859491386256316, 0.231276554047951], "k_pid_alt": [0.8545398455997026, 0.0, 0.06527723447865985], "k_pid_att": [24.0942673894178, 1.7830319019495113, 0.8739915892735461], "k_pid_yaw": [0.5, 1e-06, 0.1], "k_pid_hsp": [1.0, 0.1531003758033771, 0.6159434423984318], "k_pid_vsp": [383.6525668739127, 355.21150340299164, 1.0]}, "datetime": {"datetime": "2025-08-21 13:30:54", "elapsed": 17170.711255311966, "delta": 22.545666456222534}, "costs": {"total_cost": 424.74372630163293, "time_cost": 98.568, "final_distance_cost": 1.7179082189804673, "oscillation_cost": 227.9983531609398, "completition_cost": 0.0, "overshoot_cost": 63.65431091960951, "power_cost": 17.001397326660157, "noise_cost": 15.80375667544303, "n_waypoints_completed": 9, "tot_waypoints": 9}}
{"target": -187.16019693321974, "params": {"k_pid_pos": [1.3885554450422086, 0.024859491386256316, 0.11401919133455096], "k_pid_alt": [1.2679502233621702, 0.0, 0.06527723447865985], "k_pid_att": [24.0942673894178, 7.284845820832624, 0.03404765381520658], "k_pid_yaw": [0.5, 1e-06, 0.1], "k_pid_hsp": [1.2327241314931046, 0.1531003758033771, 0.01], "k_pid_vsp": [378.2079564087626, 355.21150340299164, 1.0]}, "datetime": {"datetime": "2025-08-21 13:31:10", "elapsed": 17186.667630910873, "delta": 15.95637559890747}, "costs": {"total_cost": 187.16019693321974, "time_cost": 68.168, "final_distance_cost": 1.8007953008657516, "oscillation_cost": 48.82115536134962, "completition_cost": 0.0, "overshoot_cost": 49.28489612788125, "power_cost": 9.397787646484375, "noise_cost": 9.687562496638755, "n_waypoints_completed": 9, "tot_waypoints": 9}}
{"target": -219.0510698681478, "params": {"k_pid_pos": [1.3885554450422086, 0.024859491386256316, 0.11401919133455096], "k_pid_alt": [1.0304713630477362, 0.0, 0.8862606681215847], "k_pid_att": [24.0942673894178, 3.0350363822239825, 0.7508855466946219], "k_pid_yaw": [0.5, 1e-06, 0.1], "k_pid_hsp": [1.0, 0.9328591348795976, 0.01], "k_pid_vsp": [207.03313760381627, 355.21150340299164, 1.0]}, "datetime": {"datetime": "2025-08-21 13:31:27", "elapsed": 17204.068995952606, "delta": 17.401365041732788}, "costs": {"total_cost": 219.0510698681478, "time_cost": 75.712, "final_distance_cost": 1.8579628880408097, "oscillation_cost": 62.31390217289041, "completition_cost": 0.0, "overshoot_cost": 49.95036532201008, "power_cost": 16.071711486816408, "noise_cost": 13.145127998390103, "n_waypoints_completed": 9, "tot_waypoints": 9}}
{"target": -187.11021669772867, "params": {"k_pid_pos": [1.901325454231368, 0.024859491386256316, 0.15676371154545432], "k_pid_alt": [1.2679502233621702, 0.0, 0.11578642527130634], "k_pid_att": [6.174354700882767, 3.917135097401164, 0.8739915892735461], "k_pid_yaw": [0.5, 1e-06, 0.1], "k_pid_hsp": [1.0, 0.1531003758033771, 0.01], "k_pid_vsp": [378.2079564087626, 355.21150340299164, 1.0]}, "datetime": {"datetime": "2025-08-21 13:31:43", "elapsed": 17219.90892124176, "delta": 15.839925289154053}, "costs": {"total_cost": 187.11021669772867, "time_cost": 67.928, "final_distance_cost": 1.7887004619743183, "oscillation_cost": 49.12300313172631, "completition_cost": 0.0, "overshoot_cost": 49.067942682430285, "power_cost": 9.634110925292969, "noise_cost": 9.568459496304838, "n_waypoints_completed": 9, "tot_waypoints": 9}}
{"target": -212.32745250593888, "params": {"k_pid_pos": [1.901325454231368, 0.024859491386256316, 0.4388587351883817], "k_pid_alt": [1.0304713630477362, 0.0, 0.11578642527130634], "k_pid_att": [64.13384744331628, 1.5712076181287093, 0.8739915892735461], "k_pid_yaw": [0.5, 1e-06, 0.1], "k_pid_hsp": [1.0, 0.6805561624139979, 0.01], "k_pid_vsp": [378.2079564087626, 355.21150340299164, 1.0]}, "datetime": {"datetime": "2025-08-21 13:31:59", "elapsed": 17236.281386613846, "delta": 16.37246537208557}, "costs": {"total_cost": 212.32745250593888, "time_cost": 72.168, "final_distance_cost": 1.803884153045063, "oscillation_cost": 57.54534090537354, "completition_cost": 0.0, "overshoot_cost": 50.83537799541335, "power_cost": 16.611795654296877, "noise_cost": 13.363053797810043, "n_waypoints_completed": 9, "tot_waypoints": 9}}
{"target": -226.32271889665228, "params": {"k_pid_pos": [1.3885554450422086, 0.024859491386256316, 0.11401919133455096], "k_pid_alt": [1.2679502233621702, 0.0, 0.1576465649121419], "k_pid_att": [24.0942673894178, 7.284845820832624, 0.8739915892735461], "k_pid_yaw": [0.5, 1e-06, 0.1], "k_pid_hsp": [1.0, 0.3530148293123191, 0.09393821517178547], "k_pid_vsp": [378.2079564087626, 239.76907369667427, 1.0]}, "datetime": {"datetime": "2025-08-21 13:32:16", "elapsed": 17253.40861940384, "delta": 17.127232789993286}, "costs": {"total_cost": 226.32271889665228, "time_cost": 75.32000000000001, "final_distance_cost": 1.7868670937682278, "oscillation_cost": 73.32232400534107, "completition_cost": 0.0, "overshoot_cost": 50.46607297761042, "power_cost": 13.449401306152344, "noise_cost": 11.978053513780228, "n_waypoints_completed": 9, "tot_waypoints": 9}}
{"target": -213.0357751199432, "params": {"k_pid_pos": [1.3885554450422086, 0.562437059426841, 0.11401919133455096], "k_pid_alt": [1.2679502233621702, 0.0, 0.06527723447865985], "k_pid_att": [58.989274729095186, 7.284845820832624, 0.8739915892735461], "k_pid_yaw": [0.5, 1e-06, 0.1], "k_pid_hsp": [1.0, 0.1531003758033771, 0.01], "k_pid_vsp": [378.2079564087626, 102.7157397860675, 1.0]}, "datetime": {"datetime": "2025-08-21 13:32:35", "elapsed": 17272.428236722946, "delta": 19.019617319107056}, "costs": {"total_cost": 213.0357751199432, "time_cost": 83.70400000000001, "final_distance_cost": 1.7193418611890574, "oscillation_cost": 50.75722370808858, "completition_cost": 0.0, "overshoot_cost": 53.659781980979886, "power_cost": 11.578564892578125, "noise_cost": 11.616862677107544, "n_waypoints_completed": 9, "tot_waypoints": 9}}
{"target": -184.35475033912675, "params": {"k_pid_pos": [1.3885554450422086, 0.024859491386256316, 0.4388587351883817], "k_pid_alt": [1.2679502233621702, 0.0, 0.1576465649121419], "k_pid_att": [33.41589308538913, 7.284845820832624, 0.8739915892735461], "k_pid_yaw": [0.5, 1e-06, 0.1], "k_pid_hsp": [3.022941925987454, 0.4702638621486921, 0.01], "k_pid_vsp": [378.2079564087626, 282.782445757401, 1.0]}, "datetime": {"datetime": "2025-08-21 13:32:51", "elapsed": 17287.934735774994, "delta": 15.50649905204773}, "costs": {"total_cost": 184.35475033912675, "time_cost": 69.28, "final_distance_cost": 1.8493005009774846, "oscillation_cost": 40.9551778532041, "completition_cost": 0.0, "overshoot_cost": 49.317435146320314, "power_cost": 11.634013208007813, "noise_cost": 11.318823630617025, "n_waypoints_completed": 9, "tot_waypoints": 9}}
{"target": -191.20786647539126, "params": {"k_pid_pos": [1.3885554450422086, 0.5715490147784498, 0.4388587351883817], "k_pid_alt": [1.115618115767161, 0.0, 0.1576465649121419], "k_pid_att": [33.41589308538913, 7.284845820832624, 0.8739915892735461], "k_pid_yaw": [0.5, 1e-06, 0.1], "k_pid_hsp": [3.022941925987454, 0.4702638621486921, 0.01], "k_pid_vsp": [378.2079564087626, 282.782445757401, 1.0]}, "datetime": {"datetime": "2025-08-21 13:33:08", "elapsed": 17304.509413957596, "delta": 16.57467818260193}, "costs": {"total_cost": 191.20786647539126, "time_cost": 73.168, "final_distance_cost": 1.7841256003824884, "oscillation_cost": 46.66367799398834, "completition_cost": 0.0, "overshoot_cost": 49.21731275337976, "power_cost": 10.184112878417968, "noise_cost": 10.190637249222661, "n_waypoints_completed": 9, "tot_waypoints": 9}}
