{"target": -224.2544414127451, "params": {"k_pid_pos": [1.5164821318119608, 0.024859491386256316, 0.6250867496839783], "k_pid_alt": [1.6319753356852484, 0.028806210149256217, 0.1576465649121419], "k_pid_att": [25.997073188089082, 5.6580295118978245, 0.08105699149151435], "k_pid_yaw": [0.5, 1e-06, 0.1], "k_pid_hsp": [1.606987810134683, 0.1531003758033771, 0.01], "k_pid_vsp": [110.56511661686339, 59.083466427248936, 19.905301600864938]}, "datetime": {"datetime": "2025-08-21 16:52:22", "elapsed": 29258.86997103691, "delta": 16.697420358657837}, "costs": {"total_cost": 224.2544414127451, "time_cost": 70.568, "final_distance_cost": 1.8443343108136074, "oscillation_cost": 76.96401154536271, "completition_cost": 0.0, "overshoot_cost": 51.06950110437749, "power_cost": 12.742338806152345, "noise_cost": 11.066255646038961, "n_waypoints_completed": 9, "tot_waypoints": 9}}
{"target": -206.35543121326265, "params": {"k_pid_pos": [1.8922997940790476, 0.5018475733175067, 0.28139544479454803], "k_pid_alt": [1.6319753356852484, 0.0, 0.7538195562388602], "k_pid_att": [58.989274729095186, 5.859554809351448, 0.7033874038379369], "k_pid_yaw": [0.5, 1e-06, 0.1], "k_pid_hsp": [1.606987810134683, 0.1531003758033771, 0.01], "k_pid_vsp": [155.80135867994494, 98.63337078029946, 1.0]}, "datetime": {"datetime": "2025-08-21 16:52:40", "elapsed": 29276.605763673782, "delta": 17.735792636871338}, "costs": {"total_cost": 206.35543121326265, "time_cost": 79.312, "final_distance_cost": 1.7233898315391822, "oscillation_cost": 47.352742482721126, "completition_cost": 0.0, "overshoot_cost": 52.06287483050504, "power_cost": 13.679794848632813, "noise_cost": 12.224629219864479, "n_waypoints_completed": 9, "tot_waypoints": 9}}
{"target": -191.23058670165824, "params": {"k_pid_pos": [1.8922997940790476, 0.024859491386256316, 0.8020463410107419], "k_pid_alt": [1.6718174236541343, 0.0, 0.6683949116493773], "k_pid_att": [84.10270905397581, 1.1659524805595562, 0.7033874038379369], "k_pid_yaw": [0.5, 1e-06, 0.1], "k_pid_hsp": [4.854323649447895, 0.1531003758033771, 0.01], "k_pid_vsp": [29.96849041048857, 58.47483401410723, 1.0]}, "datetime": {"datetime": "2025-08-21 16:52:56", "elapsed": 29293.002637386322, "delta": 16.396873712539673}, "costs": {"total_cost": 191.23058670165824, "time_cost": 69.48, "final_distance_cost": 1.8336644676822555, "oscillation_cost": 47.295889833295846, "completition_cost": 0.0, "overshoot_cost": 49.518106670500345, "power_cost": 11.73686962890625, "noise_cost": 11.36605610127354, "n_waypoints_completed": 9, "tot_waypoints": 9}}
{"target": -191.64387714546834, "params": {"k_pid_pos": [1.7041340386651447, 0.024859491386256316, 0.3434561031905483], "k_pid_alt": [1.6319753356852484, 0.0, 0.1576465649121419], "k_pid_att": [47.80141503152684, 5.859554809351448, 0.7033874038379369], "k_pid_yaw": [0.5, 1e-06, 0.1], "k_pid_hsp": [1.606987810134683, 0.11140066133917204, 0.01], "k_pid_vsp": [29.96849041048857, 58.47483401410723, 1.0]}, "datetime": {"datetime": "2025-08-21 16:53:13", "elapsed": 29309.559262275696, "delta": 16.55662488937378}, "costs": {"total_cost": 191.64387714546834, "time_cost": 69.8, "final_distance_cost": 1.8310948125888897, "oscillation_cost": 39.45371940754974, "completition_cost": 0.0, "overshoot_cost": 50.93678560328888, "power_cost": 16.439426733398438, "noise_cost": 13.1828505886424, "n_waypoints_completed": 9, "tot_waypoints": 9}}
{"target": -183.86942376851093, "params": {"k_pid_pos": [1.8034346552870686, 0.08087462101852438, 0.6250867496839783], "k_pid_alt": [1.1098775236402525, 0.0, 0.1576465649121419], "k_pid_att": [58.989274729095186, 5.859554809351448, 0.73590781336997], "k_pid_yaw": [0.5, 1e-06, 0.1], "k_pid_hsp": [1.606987810134683, 0.1531003758033771, 0.01], "k_pid_vsp": [264.57255645423925, 59.083466427248936, 1.0]}, "datetime": {"datetime": "2025-08-21 16:53:29", "elapsed": 29325.772610902786, "delta": 16.213348627090454}, "costs": {"total_cost": 183.86942376851093, "time_cost": 69.776, "final_distance_cost": 1.8242837795643905, "oscillation_cost": 37.645344260461805, "completition_cost": 0.0, "overshoot_cost": 50.29717791035217, "power_cost": 12.705754357910157, "noise_cost": 11.620863460222406, "n_waypoints_completed": 9, "tot_waypoints": 9}}
{"target": -181.3488497364324, "params": {"k_pid_pos": [1.8034346552870686, 0.08087462101852438, 0.6250867496839783], "k_pid_alt": [1.6319753356852484, 0.0, 0.1576465649121419], "k_pid_att": [58.989274729095186, 5.859554809351448, 0.73590781336997], "k_pid_yaw": [0.5, 1e-06, 0.1], "k_pid_hsp": [1.606987810134683, 0.1531003758033771, 0.01], "k_pid_vsp": [110.56511661686339, 59.083466427248936, 1.0]}, "datetime": {"datetime": "2025-08-21 16:53:45", "elapsed": 29342.248400449753, "delta": 16.475789546966553}, "costs": {"total_cost": 181.3488497364324, "time_cost": 68.44, "final_distance_cost": 1.8292715922406717, "oscillation_cost": 41.11187353746455, "completition_cost": 0.0, "overshoot_cost": 49.71296891031271, "power_cost": 9.930031091308594, "noise_cost": 10.324704605105904, "n_waypoints_completed": 9, "tot_waypoints": 9}}
{"target": -188.63353667049725, "params": {"k_pid_pos": [1.7041340386651447, 0.024859491386256316, 0.6250867496839783], "k_pid_alt": [1.6319753356852484, 0.0, 0.1576465649121419], "k_pid_att": [58.989274729095186, 5.859554809351448, 0.73590781336997], "k_pid_yaw": [0.5, 1e-06, 0.1], "k_pid_hsp": [1.0498148400696388, 0.1531003758033771, 0.01], "k_pid_vsp": [110.56511661686339, 59.083466427248936, 1.0]}, "datetime": {"datetime": "2025-08-21 16:54:01", "elapsed": 29357.85231757164, "delta": 15.603917121887207}, "costs": {"total_cost": 188.63353667049725, "time_cost": 69.552, "final_distance_cost": 1.829455340076644, "oscillation_cost": 39.0738428021444, "completition_cost": 0.0, "overshoot_cost": 50.595250077801765, "power_cost": 14.807887158203126, "noise_cost": 12.775101292271303, "n_waypoints_completed": 9, "tot_waypoints": 9}}
{"target": -197.64935201869312, "params": {"k_pid_pos": [1.8034346552870686, 0.08087462101852438, 0.3434561031905483], "k_pid_alt": [1.6319753356852484, 0.0, 0.9505550730200033], "k_pid_att": [58.989274729095186, 4.929500621888914, 0.3744289396013216], "k_pid_yaw": [0.5, 1e-06, 0.1], "k_pid_hsp": [1.606987810134683, 0.1531003758033771, 0.006163336151336907], "k_pid_vsp": [110.56511661686339, 273.5353972576295, 1.0]}, "datetime": {"datetime": "2025-08-21 16:54:19", "elapsed": 29376.111493587494, "delta": 18.259176015853882}, "costs": {"total_cost": 197.64935201869312, "time_cost": 72.776, "final_distance_cost": 1.7952056879037255, "oscillation_cost": 44.19446244853178, "completition_cost": 0.0, "overshoot_cost": 50.62477806123262, "power_cost": 15.486411926269533, "noise_cost": 12.772493894755447, "n_waypoints_completed": 9, "tot_waypoints": 9}}
{"target": -336.542122718084, "params": {"k_pid_pos": [1.8922997940790476, 0.024859491386256316, 0.6250867496839783], "k_pid_alt": [1.6319753356852484, 0.028806210149256217, 0.1576465649121419], "k_pid_att": [37.12179941719916, 5.6580295118978245, 0.9623745068707039], "k_pid_yaw": [0.5, 1e-06, 0.1], "k_pid_hsp": [1.606987810134683, 0.1531003758033771, 0.6932038567302682], "k_pid_vsp": [192.4409163819477, 59.083466427248936, 1.0]}, "datetime": {"datetime": "2025-08-21 16:54:37", "elapsed": 29394.32691025734, "delta": 18.21541666984558}, "costs": {"total_cost": 336.542122718084, "time_cost": 81.04, "final_distance_cost": 1.7442601670759244, "oscillation_cost": 162.02282475035904, "completition_cost": 0.0, "overshoot_cost": 56.34279379416213, "power_cost": 19.405885388183595, "noise_cost": 15.986358618303294, "n_waypoints_completed": 9, "tot_waypoints": 9}}
{"target": -196.26039186321393, "params": {"k_pid_pos": [1.8922997940790476, 0.024859491386256316, 0.6250867496839783], "k_pid_alt": [1.6319753356852484, 0.0, 0.1576465649121419], "k_pid_att": [32.194164172814396, 7.284845820832624, 0.73590781336997], "k_pid_yaw": [0.5, 1e-06, 0.1], "k_pid_hsp": [1.606987810134683, 0.1531003758033771, 0.01], "k_pid_vsp": [110.56511661686339, 175.28714713338795, 1.0]}, "datetime": {"datetime": "2025-08-21 16:54:54", "elapsed": 29411.32091832161, "delta": 16.99400806427002}, "costs": {"total_cost": 196.26039186321393, "time_cost": 70.304, "final_distance_cost": 1.8224810325443415, "oscillation_cost": 43.98995374677506, "completition_cost": 0.0, "overshoot_cost": 50.64643236943312, "power_cost": 16.24961904296875, "noise_cost": 13.247905671492639, "n_waypoints_completed": 9, "tot_waypoints": 9}}
{"target": -315.8918736780945, "params": {"k_pid_pos": [1.8922997940790476, 0.4394761037898839, 0.5624387633355069], "k_pid_alt": [1.6319753356852484, 0.0, 0.1576465649121419], "k_pid_att": [59.39531029652596, 5.859554809351448, 0.73590781336997], "k_pid_yaw": [0.5, 1e-06, 0.1], "k_pid_hsp": [1.606987810134683, 0.1531003758033771, 0.3201644383265517], "k_pid_vsp": [29.96849041048857, 58.47483401410723, 1.0]}, "datetime": {"datetime": "2025-08-21 16:55:11", "elapsed": 29428.16361474991, "delta": 16.84269642829895}, "costs": {"total_cost": 315.8918736780945, "time_cost": 70.06400000000001, "final_distance_cost": 1.7753084068201508, "oscillation_cost": 167.2285878927866, "completition_cost": 0.0, "overshoot_cost": 51.77217094583703, "power_cost": 13.278818469238281, "noise_cost": 11.77298796341243, "n_waypoints_completed": 9, "tot_waypoints": 9}}
{"target": -186.24130900484047, "params": {"k_pid_pos": [1.8922997940790476, 0.024859491386256316, 0.8020463410107419], "k_pid_alt": [1.6718174236541343, 0.0, 0.6683949116493773], "k_pid_att": [80.8038429083958, 5.859554809351448, 0.7033874038379369], "k_pid_yaw": [0.5, 1e-06, 0.1], "k_pid_hsp": [1.606987810134683, 0.11140066133917204, 0.01], "k_pid_vsp": [202.72567798589142, 308.9011782706842, 1.0]}, "datetime": {"datetime": "2025-08-21 16:55:27", "elapsed": 29443.73121857643, "delta": 15.567603826522827}, "costs": {"total_cost": 186.24130900484047, "time_cost": 69.912, "final_distance_cost": 1.8371734362094174, "oscillation_cost": 38.8265930640941, "completition_cost": 0.0, "overshoot_cost": 49.987516148422905, "power_cost": 13.60044979248047, "noise_cost": 12.077576563633588, "n_waypoints_completed": 9, "tot_waypoints": 9}}
{"target": -190.87861320632268, "params": {"k_pid_pos": [1.7041340386651447, 0.024859491386256316, 0.3434561031905483], "k_pid_alt": [1.6319753356852484, 0.0, 0.9505550730200033], "k_pid_att": [58.989274729095186, 4.929500621888914, 0.3744289396013216], "k_pid_yaw": [0.5, 1e-06, 0.1], "k_pid_hsp": [1.606987810134683, 0.5610335066040344, 0.006163336151336907], "k_pid_vsp": [110.56511661686339, 273.5353972576295, 1.0]}, "datetime": {"datetime": "2025-08-21 16:55:44", "elapsed": 29461.021322965622, "delta": 17.290104389190674}, "costs": {"total_cost": 190.87861320632268, "time_cost": 69.952, "final_distance_cost": 1.808701733157693, "oscillation_cost": 44.01807833477729, "completition_cost": 0.0, "overshoot_cost": 49.54792161873091, "power_cost": 13.640222875976564, "noise_cost": 11.911688643680197, "n_waypoints_completed": 9, "tot_waypoints": 9}}
{"target": -458.90654264503837, "params": {"k_pid_pos": [1.7041340386651447, 0.23768509930407056, 0.3434561031905483], "k_pid_alt": [1.6319753356852484, 0.0, 0.9505550730200033], "k_pid_att": [58.989274729095186, 4.929500621888914, 0.3744289396013216], "k_pid_yaw": [0.5, 1e-06, 0.1], "k_pid_hsp": [1.606987810134683, 0.1531003758033771, 0.8549420755036845], "k_pid_vsp": [110.56511661686339, 273.5353972576295, 1.0]}, "datetime": {"datetime": "2025-08-21 16:56:07", "elapsed": 29483.884251117706, "delta": 22.86292815208435}, "costs": {"total_cost": 458.90654264503837, "time_cost": 99.672, "final_distance_cost": 1.70898885981865, "oscillation_cost": 253.5787312735743, "completition_cost": 0.0, "overshoot_cost": 69.93223938329214, "power_cost": 18.325468994140625, "noise_cost": 15.689114134212645, "n_waypoints_completed": 9, "tot_waypoints": 9}}
{"target": -188.9288281854052, "params": {"k_pid_pos": [1.7494083006937238, 0.024859491386256316, 0.3434561031905483], "k_pid_alt": [1.6319753356852484, 0.0, 0.1576465649121419], "k_pid_att": [58.989274729095186, 1.1659524805595562, 0.7033874038379369], "k_pid_yaw": [0.5, 1e-06, 0.1], "k_pid_hsp": [4.854323649447895, 0.1531003758033771, 0.01], "k_pid_vsp": [110.56511661686339, 59.083466427248936, 1.0]}, "datetime": {"datetime": "2025-08-21 16:56:24", "elapsed": 29500.520342588425, "delta": 16.636091470718384}, "costs": {"total_cost": 188.9288281854052, "time_cost": 68.528, "final_distance_cost": 1.8029305196553214, "oscillation_cost": 47.457292396210555, "completition_cost": 0.0, "overshoot_cost": 50.11392694367544, "power_cost": 10.560873876953126, "noise_cost": 10.465804448910735, "n_waypoints_completed": 9, "tot_waypoints": 9}}
{"target": -181.69799529574556, "params": {"k_pid_pos": [1.8034346552870686, 0.08087462101852438, 0.6250867496839783], "k_pid_alt": [1.6319753356852484, 0.0, 0.1576465649121419], "k_pid_att": [58.989274729095186, 5.859554809351448, 0.73590781336997], "k_pid_yaw": [0.5, 1e-06, 0.1], "k_pid_hsp": [1.606987810134683, 0.1531003758033771, 0.01], "k_pid_vsp": [174.90950217371815, 58.47483401410723, 1.0]}, "datetime": {"datetime": "2025-08-21 16:56:44", "elapsed": 29521.235226869583, "delta": 20.714884281158447}, "costs": {"total_cost": 181.69799529574556, "time_cost": 68.456, "final_distance_cost": 1.810290818492323, "oscillation_cost": 44.10879828709678, "completition_cost": 0.0, "overshoot_cost": 50.11344128890372, "power_cost": 8.072427514648439, "noise_cost": 9.137037386604291, "n_waypoints_completed": 9, "tot_waypoints": 9}}
{"target": -183.7822049326558, "params": {"k_pid_pos": [1.8922997940790476, 0.024859491386256316, 0.6250867496839783], "k_pid_alt": [1.6319753356852484, 0.0, 0.1256065166771715], "k_pid_att": [32.194164172814396, 4.032738448698441, 0.3744289396013216], "k_pid_yaw": [0.5, 1e-06, 0.1], "k_pid_hsp": [1.606987810134683, 0.1531003758033771, 0.006163336151336907], "k_pid_vsp": [110.56511661686339, 273.5353972576295, 1.0]}, "datetime": {"datetime": "2025-08-21 16:57:01", "elapsed": 29538.176331043243, "delta": 16.94110417366028}, "costs": {"total_cost": 183.7822049326558, "time_cost": 68.568, "final_distance_cost": 1.8347243271053042, "oscillation_cost": 39.09388896902837, "completition_cost": 0.0, "overshoot_cost": 50.145357153724, "power_cost": 12.73171044921875, "noise_cost": 11.408524033579367, "n_waypoints_completed": 9, "tot_waypoints": 9}}
{"target": -179.09896876710792, "params": {"k_pid_pos": [1.7041340386651447, 0.024859491386256316, 0.3434561031905483], "k_pid_alt": [1.6319753356852484, 0.0, 0.15791560522360282], "k_pid_att": [58.989274729095186, 7.284845820832624, 0.73590781336997], "k_pid_yaw": [0.5, 1e-06, 0.1], "k_pid_hsp": [1.606987810134683, 0.1531003758033771, 0.01], "k_pid_vsp": [110.56511661686339, 59.083466427248936, 1.0]}, "datetime": {"datetime": "2025-08-21 16:57:19", "elapsed": 29556.00302839279, "delta": 17.82669734954834}, "costs": {"total_cost": 179.09896876710792, "time_cost": 68.0, "final_distance_cost": 1.8136141934705843, "oscillation_cost": 42.06329907245809, "completition_cost": 0.0, "overshoot_cost": 48.95429338970335, "power_cost": 8.762148376464845, "noise_cost": 9.505613735011046, "n_waypoints_completed": 9, "tot_waypoints": 9}}
{"target": -191.16212948434048, "params": {"k_pid_pos": [1.8034346552870686, 0.08087462101852438, 0.6250867496839783], "k_pid_alt": [1.6319753356852484, 0.0, 0.1576465649121419], "k_pid_att": [58.989274729095186, 5.859554809351448, 0.73590781336997], "k_pid_yaw": [0.5, 1e-06, 0.1], "k_pid_hsp": [1.606987810134683, 0.1531003758033771, 0.01], "k_pid_vsp": [110.56511661686339, 59.083466427248936, 1.0]}, "datetime": {"datetime": "2025-08-21 16:57:35", "elapsed": 29571.706531763077, "delta": 15.703503370285034}, "costs": {"total_cost": 191.16212948434048, "time_cost": 70.048, "final_distance_cost": 1.8019762769316712, "oscillation_cost": 38.20380554538853, "completition_cost": 0.0, "overshoot_cost": 51.628806053536685, "power_cost": 16.11674481201172, "noise_cost": 13.362796796471873, "n_waypoints_completed": 9, "tot_waypoints": 9}}
{"target": -188.6539439604921, "params": {"k_pid_pos": [1.1904191683331364, 0.024859491386256316, 0.3434561031905483], "k_pid_alt": [1.6319753356852484, 0.0, 0.1576465649121419], "k_pid_att": [58.989274729095186, 5.859554809351448, 0.7033874038379369], "k_pid_yaw": [0.5, 1e-06, 0.1], "k_pid_hsp": [1.606987810134683, 0.7709548990052254, 0.01], "k_pid_vsp": [29.96849041048857, 58.47483401410723, 1.0]}, "datetime": {"datetime": "2025-08-21 16:57:51", "elapsed": 29588.163677215576, "delta": 16.45714545249939}, "costs": {"total_cost": 188.6539439604921, "time_cost": 69.536, "final_distance_cost": 1.8446242838170634, "oscillation_cost": 42.94303371457104, "completition_cost": 0.0, "overshoot_cost": 49.52856517734485, "power_cost": 13.016706127929687, "noise_cost": 11.785014656829407, "n_waypoints_completed": 9, "tot_waypoints": 9}}
{"target": -194.93538050568924, "params": {"k_pid_pos": [1.8922997940790476, 0.024859491386256316, 0.8020463410107419], "k_pid_alt": [1.6319753356852484, 0.0, 0.1576465649121419], "k_pid_att": [58.989274729095186, 1.1659524805595562, 0.7033874038379369], "k_pid_yaw": [0.5, 1e-06, 0.1], "k_pid_hsp": [4.854323649447895, 0.1531003758033771, 0.01], "k_pid_vsp": [29.96849041048857, 177.05332331509413, 1.0]}, "datetime": {"datetime": "2025-08-21 16:58:07", "elapsed": 29603.76032280922, "delta": 15.596645593643188}, "costs": {"total_cost": 194.93538050568924, "time_cost": 68.06400000000001, "final_distance_cost": 1.847206078401998, "oscillation_cost": 48.24617128617923, "completition_cost": 0.0, "overshoot_cost": 49.62893604730414, "power_cost": 14.549866638183595, "noise_cost": 12.599200455620265, "n_waypoints_completed": 9, "tot_waypoints": 9}}
{"target": -249.69984620476347, "params": {"k_pid_pos": [1.7041340386651447, 0.024859491386256316, 0.3434561031905483], "k_pid_alt": [1.6718174236541343, 0.8435469027637317, 0.6683949116493773], "k_pid_att": [54.807753786811375, 5.859554809351448, 0.7033874038379369], "k_pid_yaw": [0.5, 1e-06, 0.1], "k_pid_hsp": [1.606987810134683, 0.11140066133917204, 0.01], "k_pid_vsp": [29.96849041048857, 58.47483401410723, 1.0]}, "datetime": {"datetime": "2025-08-21 16:58:28", "elapsed": 29625.425548791885, "delta": 21.665225982666016}, "costs": {"total_cost": 249.69984620476347, "time_cost": 90.032, "final_distance_cost": 1.7082613518169931, "oscillation_cost": 55.73558354455069, "completition_cost": 0.0, "overshoot_cost": 59.216611013699115, "power_cost": 23.095282055664065, "noise_cost": 19.91210823903263, "n_waypoints_completed": 9, "tot_waypoints": 9}}
{"target": -184.33180110501988, "params": {"k_pid_pos": [1.1904191683331364, 0.024859491386256316, 0.3434561031905483], "k_pid_alt": [1.6319753356852484, 0.0, 0.1576465649121419], "k_pid_att": [58.989274729095186, 5.859554809351448, 0.7033874038379369], "k_pid_yaw": [0.5, 1e-06, 0.1], "k_pid_hsp": [1.606987810134683, 0.1531003758033771, 0.01], "k_pid_vsp": [398.8090927617697, 59.083466427248936, 1.0]}, "datetime": {"datetime": "2025-08-21 16:58:46", "elapsed": 29642.515939712524, "delta": 17.090390920639038}, "costs": {"total_cost": 184.33180110501988, "time_cost": 70.44, "final_distance_cost": 1.8455018317474463, "oscillation_cost": 37.14784541612279, "completition_cost": 0.0, "overshoot_cost": 50.55559632042731, "power_cost": 12.518943139648439, "noise_cost": 11.823914397073914, "n_waypoints_completed": 9, "tot_waypoints": 9}}
{"target": -184.42688037298464, "params": {"k_pid_pos": [1.8034346552870686, 0.08087462101852438, 0.6250867496839783], "k_pid_alt": [1.6319753356852484, 0.0, 0.1576465649121419], "k_pid_att": [58.989274729095186, 5.859554809351448, 0.73590781336997], "k_pid_yaw": [0.5, 1e-06, 0.1], "k_pid_hsp": [1.606987810134683, 0.7709548990052254, 0.01], "k_pid_vsp": [29.96849041048857, 58.47483401410723, 1.0]}, "datetime": {"datetime": "2025-08-21 16:59:01", "elapsed": 29658.104383707047, "delta": 15.588443994522095}, "costs": {"total_cost": 184.42688037298464, "time_cost": 68.256, "final_distance_cost": 1.8474447510472092, "oscillation_cost": 49.36440663327694, "completition_cost": 0.0, "overshoot_cost": 49.08987007098733, "power_cost": 7.344436596679688, "noise_cost": 8.524722320993472, "n_waypoints_completed": 9, "tot_waypoints": 9}}
{"target": -183.7850524980731, "params": {"k_pid_pos": [1.6364429475361004, 0.024859491386256316, 0.14699784793311532], "k_pid_alt": [1.6319753356852484, 0.0, 0.1576465649121419], "k_pid_att": [58.989274729095186, 2.524269488566535, 0.7033874038379369], "k_pid_yaw": [0.5, 1e-06, 0.1], "k_pid_hsp": [1.606987810134683, 0.24034004518407315, 0.01], "k_pid_vsp": [170.97439258889042, 59.083466427248936, 1.0]}, "datetime": {"datetime": "2025-08-21 16:59:19", "elapsed": 29675.575882196426, "delta": 17.471498489379883}, "costs": {"total_cost": 183.7850524980731, "time_cost": 68.136, "final_distance_cost": 1.7918785556500614, "oscillation_cost": 43.60204130104757, "completition_cost": 0.0, "overshoot_cost": 50.011743665827474, "power_cost": 10.192327160644531, "noise_cost": 10.05106181490346, "n_waypoints_completed": 9, "tot_waypoints": 9}}
{"target": -187.22643678316877, "params": {"k_pid_pos": [1.7041340386651447, 0.024859491386256316, 0.3434561031905483], "k_pid_alt": [1.6319753356852484, 0.0, 0.15791560522360282], "k_pid_att": [58.989274729095186, 7.284845820832624, 0.73590781336997], "k_pid_yaw": [0.5, 1e-06, 0.1], "k_pid_hsp": [1.606987810134683, 0.1531003758033771, 0.01], "k_pid_vsp": [110.56511661686339, 59.083466427248936, 1.0]}, "datetime": {"datetime": "2025-08-21 16:59:34", "elapsed": 29691.185580968857, "delta": 15.60969877243042}, "costs": {"total_cost": 187.22643678316877, "time_cost": 69.112, "final_distance_cost": 1.8145845797090208, "oscillation_cost": 39.365422998759946, "completition_cost": 0.0, "overshoot_cost": 50.90039612426874, "power_cost": 14.03467841796875, "noise_cost": 11.999354662462299, "n_waypoints_completed": 9, "tot_waypoints": 9}}
