{"target": -187.24756160736098, "params": {"k_pid_pos": [1.8922997940790476, 0.024859491386256316, 0.6250867496839783], "k_pid_alt": [1.6319753356852484, 0.0, 0.1576465649121419], "k_pid_att": [58.989274729095186, 2.8503329366774977, 0.6179952950406163], "k_pid_yaw": [0.5, 1e-06, 0.1], "k_pid_hsp": [1.0076768036881465, 0.6256052011296894, 0.01], "k_pid_vsp": [110.56511661686339, 59.083466427248936, 1.0]}, "datetime": {"datetime": "2025-08-21 16:36:50", "elapsed": 28326.834357500076, "delta": 17.853700876235962}, "costs": {"total_cost": 187.24756160736098, "time_cost": 68.08, "final_distance_cost": 1.843459097954509, "oscillation_cost": 49.191006082713386, "completition_cost": 0.0, "overshoot_cost": 49.849451462658536, "power_cost": 8.859438354492188, "noise_cost": 9.42420660954234, "n_waypoints_completed": 9, "tot_waypoints": 9}}
{"target": -319.67093663553294, "params": {"k_pid_pos": [1.8922997940790476, 0.024859491386256316, 0.7774444947807966], "k_pid_alt": [1.6319753356852484, 0.0, 0.1576465649121419], "k_pid_att": [37.12179941719916, 5.859554809351448, 0.7033874038379369], "k_pid_yaw": [0.5, 1e-06, 0.1], "k_pid_hsp": [1.606987810134683, 0.1531003758033771, 0.6790388124067489], "k_pid_vsp": [155.80135867994494, 275.4244891807572, 1.0]}, "datetime": {"datetime": "2025-08-21 16:37:07", "elapsed": 28343.969750642776, "delta": 17.135393142700195}, "costs": {"total_cost": 319.67093663553294, "time_cost": 75.568, "final_distance_cost": 1.755295692115529, "oscillation_cost": 161.9758881557451, "completition_cost": 0.0, "overshoot_cost": 55.851807001859335, "power_cost": 12.790026428222657, "noise_cost": 11.729919357590326, "n_waypoints_completed": 9, "tot_waypoints": 9}}
{"target": -183.88378873087845, "params": {"k_pid_pos": [1.1904191683331364, 0.024859491386256316, 0.3434561031905483], "k_pid_alt": [1.6319753356852484, 0.0, 0.9505550730200033], "k_pid_att": [58.989274729095186, 4.929500621888914, 0.3744289396013216], "k_pid_yaw": [0.5, 1e-06, 0.1], "k_pid_hsp": [1.606987810134683, 0.1531003758033771, 0.006163336151336907], "k_pid_vsp": [110.56511661686339, 59.083466427248936, 1.0]}, "datetime": {"datetime": "2025-08-21 16:37:24", "elapsed": 28361.195125579834, "delta": 17.225374937057495}, "costs": {"total_cost": 183.88378873087845, "time_cost": 71.376, "final_distance_cost": 1.8453578135048625, "oscillation_cost": 39.46858845313811, "completition_cost": 0.0, "overshoot_cost": 50.11235764374257, "power_cost": 10.31949188232422, "noise_cost": 10.761992938168676, "n_waypoints_completed": 9, "tot_waypoints": 9}}
{"target": -747.7028845392294, "params": {"k_pid_pos": [0.2939195268515839, 0.024859491386256316, 0.6250867496839783], "k_pid_alt": [0.33527394673787403, 0.0, 0.1576465649121419], "k_pid_att": [37.12179941719916, 5.859554809351448, 0.7033874038379369], "k_pid_yaw": [0.5, 1e-06, 0.1], "k_pid_hsp": [1.606987810134683, 0.4017820065842225, 0.01], "k_pid_vsp": [110.56511661686339, 59.083466427248936, 1.0]}, "datetime": {"datetime": "2025-08-21 16:37:48", "elapsed": 28385.22657442093, "delta": 24.03144884109497}, "costs": {"total_cost": 747.7028845392294, "time_cost": 150, "final_distance_cost": 51.012641768273035, "oscillation_cost": 33.71998305847876, "completition_cost": 444.4444444444444, "overshoot_cost": 46.01938816122912, "power_cost": 10.884772631835938, "noise_cost": 11.621654474968166, "n_waypoints_completed": 5, "tot_waypoints": 9}}
{"target": -374.52913195078025, "params": {"k_pid_pos": [1.7041340386651447, 0.024859491386256316, 0.5978464708832673], "k_pid_alt": [1.6319753356852484, 0.0, 0.07336557510105324], "k_pid_att": [58.989274729095186, 7.284845820832624, 0.73590781336997], "k_pid_yaw": [0.5, 1e-06, 0.1], "k_pid_hsp": [1.606987810134683, 0.1531003758033771, 0.44244848811851867], "k_pid_vsp": [110.56511661686339, 59.083466427248936, 1.0]}, "datetime": {"datetime": "2025-08-21 16:38:08", "elapsed": 28404.54451417923, "delta": 19.31793975830078}, "costs": {"total_cost": 374.52913195078025, "time_cost": 82.952, "final_distance_cost": 1.76329996798038, "oscillation_cost": 198.85238666902382, "completition_cost": 0.0, "overshoot_cost": 54.96819099135262, "power_cost": 19.652789916992187, "noise_cost": 16.34046440543129, "n_waypoints_completed": 9, "tot_waypoints": 9}}
{"target": -200.21581244160237, "params": {"k_pid_pos": [1.1904191683331364, 0.024859491386256316, 0.3434561031905483], "k_pid_alt": [1.6319753356852484, 0.0, 0.9505550730200033], "k_pid_att": [58.989274729095186, 4.929500621888914, 0.3744289396013216], "k_pid_yaw": [0.5, 1e-06, 0.1], "k_pid_hsp": [1.606987810134683, 0.4017820065842225, 0.01], "k_pid_vsp": [110.56511661686339, 59.083466427248936, 1.0]}, "datetime": {"datetime": "2025-08-21 16:38:26", "elapsed": 28423.02052617073, "delta": 18.476011991500854}, "costs": {"total_cost": 200.21581244160237, "time_cost": 73.44800000000001, "final_distance_cost": 1.8409366103420626, "oscillation_cost": 42.3320561911536, "completition_cost": 0.0, "overshoot_cost": 51.526578356040446, "power_cost": 16.953556018066408, "noise_cost": 14.114685265999851, "n_waypoints_completed": 9, "tot_waypoints": 9}}
{"target": -357.3647428051479, "params": {"k_pid_pos": [1.8922997940790476, 0.024859491386256316, 0.6250867496839783], "k_pid_alt": [1.6319753356852484, 0.0, 0.1576465649121419], "k_pid_att": [32.194164172814396, 7.284845820832624, 0.73590781336997], "k_pid_yaw": [0.5, 1e-06, 0.1], "k_pid_hsp": [1.606987810134683, 0.1531003758033771, 0.4991643292237482], "k_pid_vsp": [110.56511661686339, 59.083466427248936, 1.0]}, "datetime": {"datetime": "2025-08-21 16:38:45", "elapsed": 28441.737217903137, "delta": 18.716691732406616}, "costs": {"total_cost": 357.3647428051479, "time_cost": 80.392, "final_distance_cost": 1.7482588826622358, "oscillation_cost": 196.30071456239244, "completition_cost": 0.0, "overshoot_cost": 53.06462712180162, "power_cost": 13.335679272460938, "noise_cost": 12.523462965830657, "n_waypoints_completed": 9, "tot_waypoints": 9}}
{"target": -183.74229449219177, "params": {"k_pid_pos": [1.8922997940790476, 0.024859491386256316, 0.6250867496839783], "k_pid_alt": [1.6319753356852484, 0.028806210149256217, 0.1576465649121419], "k_pid_att": [37.12179941719916, 5.6580295118978245, 0.7033874038379369], "k_pid_yaw": [0.5, 1e-06, 0.1], "k_pid_hsp": [1.606987810134683, 0.1531003758033771, 0.01], "k_pid_vsp": [110.56511661686339, 59.083466427248936, 1.0]}, "datetime": {"datetime": "2025-08-21 16:39:01", "elapsed": 28457.899276018143, "delta": 16.162058115005493}, "costs": {"total_cost": 183.74229449219177, "time_cost": 69.456, "final_distance_cost": 1.8398802038940107, "oscillation_cost": 38.67568420696851, "completition_cost": 0.0, "overshoot_cost": 50.097863229064345, "power_cost": 12.291670837402345, "noise_cost": 11.38119601486259, "n_waypoints_completed": 9, "tot_waypoints": 9}}
{"target": -1191.4016678128162, "params": {"k_pid_pos": [1.8922997940790476, 0.024859491386256316, 0.7774444947807966], "k_pid_alt": [1.6319753356852484, 0.0, 0.1576465649121419], "k_pid_att": [4.147090465977355, 9.545016992888707, 0.6179952950406163], "k_pid_yaw": [0.5, 1e-06, 0.1], "k_pid_hsp": [1.0076768036881465, 0.1531003758033771, 0.8981342811795512], "k_pid_vsp": [155.80135867994494, 175.28714713338795, 1.0]}, "datetime": {"datetime": "2025-08-21 16:39:24", "elapsed": 28481.373115062714, "delta": 23.473839044570923}, "costs": {"total_cost": 1191.4016678128162, "time_cost": 150, "final_distance_cost": 52.32497561926929, "oscillation_cost": 297.2424189060652, "completition_cost": 555.5555555555555, "overshoot_cost": 99.75170236362992, "power_cost": 20.303977990722657, "noise_cost": 16.223037377573835, "n_waypoints_completed": 4, "tot_waypoints": 9}}
{"target": -188.6439304097394, "params": {"k_pid_pos": [1.9355513472865937, 0.10920718465865398, 0.3434561031905483], "k_pid_alt": [1.6319753356852484, 0.0, 0.43738161972271916], "k_pid_att": [59.0149162219073, 8.491440198406547, 0.3297423310025197], "k_pid_yaw": [0.5, 1e-06, 0.1], "k_pid_hsp": [1.606987810134683, 0.4017820065842225, 0.01], "k_pid_vsp": [117.53724514392157, 376.6167462867098, 1.0]}, "datetime": {"datetime": "2025-08-21 16:39:40", "elapsed": 28496.77965569496, "delta": 15.406540632247925}, "costs": {"total_cost": 188.6439304097394, "time_cost": 68.368, "final_distance_cost": 1.7887780722984055, "oscillation_cost": 49.07508732422589, "completition_cost": 0.0, "overshoot_cost": 49.769543808983144, "power_cost": 9.92981123046875, "noise_cost": 9.712709973763225, "n_waypoints_completed": 9, "tot_waypoints": 9}}
{"target": -226.01799119579596, "params": {"k_pid_pos": [1.8922997940790476, 0.17241146469623192, 0.7774444947807966], "k_pid_alt": [1.6319753356852484, 0.0, 0.1576465649121419], "k_pid_att": [58.989274729095186, 9.545016992888707, 0.6179952950406163], "k_pid_yaw": [0.5, 1e-06, 0.1], "k_pid_hsp": [8.513274332629459, 0.1531003758033771, 0.01], "k_pid_vsp": [155.80135867994494, 59.083466427248936, 1.0]}, "datetime": {"datetime": "2025-08-21 16:39:58", "elapsed": 28514.461976528168, "delta": 17.682320833206177}, "costs": {"total_cost": 226.01799119579596, "time_cost": 69.104, "final_distance_cost": 1.8070703100987946, "oscillation_cost": 82.68013496249544, "completition_cost": 0.0, "overshoot_cost": 49.93257330525569, "power_cost": 11.54988709716797, "noise_cost": 10.944325520778058, "n_waypoints_completed": 9, "tot_waypoints": 9}}
{"target": -180.96661206664245, "params": {"k_pid_pos": [1.8922997940790476, 0.024859491386256316, 0.6250867496839783], "k_pid_alt": [1.6319753356852484, 0.028806210149256217, 0.1576465649121419], "k_pid_att": [37.12179941719916, 5.6580295118978245, 0.6036733391519807], "k_pid_yaw": [0.5, 1e-06, 0.1], "k_pid_hsp": [1.606987810134683, 0.1531003758033771, 0.01], "k_pid_vsp": [110.56511661686339, 175.28714713338795, 1.0]}, "datetime": {"datetime": "2025-08-21 16:40:14", "elapsed": 28530.779436588287, "delta": 16.31746006011963}, "costs": {"total_cost": 180.96661206664245, "time_cost": 68.584, "final_distance_cost": 1.8485983499216199, "oscillation_cost": 42.16073571078829, "completition_cost": 0.0, "overshoot_cost": 50.32038558508657, "power_cost": 8.648060021972658, "noise_cost": 9.404832398873301, "n_waypoints_completed": 9, "tot_waypoints": 9}}
{"target": -240.52765345719783, "params": {"k_pid_pos": [1.8922997940790476, 0.9080648804961846, 0.7774444947807966], "k_pid_alt": [1.6319753356852484, 0.0, 0.1576465649121419], "k_pid_att": [58.989274729095186, 9.545016992888707, 0.5627915745015433], "k_pid_yaw": [0.5, 1e-06, 0.1], "k_pid_hsp": [1.606987810134683, 0.1531003758033771, 0.01], "k_pid_vsp": [110.56511661686339, 59.083466427248936, 1.0]}, "datetime": {"datetime": "2025-08-21 16:40:36", "elapsed": 28552.78905272484, "delta": 22.009616136550903}, "costs": {"total_cost": 240.52765345719783, "time_cost": 91.736, "final_distance_cost": 1.727833677599992, "oscillation_cost": 51.54695065522484, "completition_cost": 0.0, "overshoot_cost": 55.57545461789396, "power_cost": 22.68083599853516, "noise_cost": 17.260578507943848, "n_waypoints_completed": 9, "tot_waypoints": 9}}
{"target": -181.0398138661472, "params": {"k_pid_pos": [1.8922997940790476, 0.024859491386256316, 0.6250867496839783], "k_pid_alt": [1.9294269632989844, 0.0, 0.3787621482452719], "k_pid_att": [58.989274729095186, 6.380071371307885, 0.71995891973172], "k_pid_yaw": [0.5, 1e-06, 0.1], "k_pid_hsp": [1.0076768036881465, 0.041997352724737036, 0.01], "k_pid_vsp": [155.80135867994494, 44.88092472225945, 1.0]}, "datetime": {"datetime": "2025-08-21 16:40:52", "elapsed": 28569.292218208313, "delta": 16.50316548347473}, "costs": {"total_cost": 181.0398138661472, "time_cost": 68.552, "final_distance_cost": 1.829518900054286, "oscillation_cost": 41.87370256082235, "completition_cost": 0.0, "overshoot_cost": 50.40517402406707, "power_cost": 8.8707392578125, "noise_cost": 9.508679123391012, "n_waypoints_completed": 9, "tot_waypoints": 9}}
{"target": -196.90651180039967, "params": {"k_pid_pos": [1.8922997940790476, 0.024859491386256316, 0.6250867496839783], "k_pid_alt": [1.6319753356852484, 0.028806210149256217, 0.1576465649121419], "k_pid_att": [37.12179941719916, 5.6580295118978245, 0.7033874038379369], "k_pid_yaw": [0.5, 1e-06, 0.1], "k_pid_hsp": [1.606987810134683, 0.1531003758033771, 0.01], "k_pid_vsp": [110.56511661686339, 59.083466427248936, 1.0]}, "datetime": {"datetime": "2025-08-21 16:41:09", "elapsed": 28586.34193134308, "delta": 17.049713134765625}, "costs": {"total_cost": 196.90651180039967, "time_cost": 71.632, "final_distance_cost": 1.8281617338270333, "oscillation_cost": 42.11638932763183, "completition_cost": 0.0, "overshoot_cost": 51.99718993795509, "power_cost": 15.961121630859376, "noise_cost": 13.371649170126336, "n_waypoints_completed": 9, "tot_waypoints": 9}}
{"target": -179.10171020722825, "params": {"k_pid_pos": [1.7041340386651447, 0.024859491386256316, 0.3434561031905483], "k_pid_alt": [1.6319753356852484, 0.0, 0.1576465649121419], "k_pid_att": [58.989274729095186, 5.859554809351448, 0.7033874038379369], "k_pid_yaw": [0.5, 1e-06, 0.1], "k_pid_hsp": [1.606987810134683, 0.1531003758033771, 0.01], "k_pid_vsp": [29.96849041048857, 58.47483401410723, 1.0]}, "datetime": {"datetime": "2025-08-21 16:41:25", "elapsed": 28602.41426873207, "delta": 16.07233738899231}, "costs": {"total_cost": 179.10171020722825, "time_cost": 68.056, "final_distance_cost": 1.805702247097096, "oscillation_cost": 41.23704552719896, "completition_cost": 0.0, "overshoot_cost": 49.943096154721864, "power_cost": 8.68724051513672, "noise_cost": 9.372625763073627, "n_waypoints_completed": 9, "tot_waypoints": 9}}
{"target": -184.3961729517335, "params": {"k_pid_pos": [1.8922997940790476, 0.024859491386256316, 0.6250867496839783], "k_pid_alt": [1.6319753356852484, 0.028806210149256217, 0.1576465649121419], "k_pid_att": [37.12179941719916, 5.6580295118978245, 0.6036733391519807], "k_pid_yaw": [0.5, 1e-06, 0.1], "k_pid_hsp": [1.606987810134683, 0.1531003758033771, 0.01], "k_pid_vsp": [110.56511661686339, 175.28714713338795, 1.0]}, "datetime": {"datetime": "2025-08-21 16:41:42", "elapsed": 28618.87529015541, "delta": 16.461021423339844}, "costs": {"total_cost": 184.3961729517335, "time_cost": 68.744, "final_distance_cost": 1.8505316577683333, "oscillation_cost": 42.18273307254537, "completition_cost": 0.0, "overshoot_cost": 49.84437413812323, "power_cost": 10.980025341796875, "noise_cost": 10.794508741499675, "n_waypoints_completed": 9, "tot_waypoints": 9}}
{"target": -255.9255009885082, "params": {"k_pid_pos": [1.8922997940790476, 0.024859491386256316, 0.6250867496839783], "k_pid_alt": [1.9294269632989844, 0.0, 0.3787621482452719], "k_pid_att": [58.989274729095186, 6.380071371307885, 0.71995891973172], "k_pid_yaw": [0.5, 1e-06, 0.1], "k_pid_hsp": [1.0076768036881465, 0.041997352724737036, 0.01], "k_pid_vsp": [155.80135867994494, 44.88092472225945, 1.0]}, "datetime": {"datetime": "2025-08-21 16:42:04", "elapsed": 28641.04854106903, "delta": 22.173250913619995}, "costs": {"total_cost": 255.9255009885082, "time_cost": 98.272, "final_distance_cost": 1.8355257396408429, "oscillation_cost": 41.13318591846394, "completition_cost": 0.0, "overshoot_cost": 60.066604972232746, "power_cost": 29.50869775390625, "noise_cost": 25.109486604264415, "n_waypoints_completed": 9, "tot_waypoints": 9}}
{"target": -179.41881579921935, "params": {"k_pid_pos": [1.8922997940790476, 0.024859491386256316, 0.8020463410107419], "k_pid_alt": [1.6718174236541343, 0.0, 0.6683949116493773], "k_pid_att": [83.24205936752172, 5.859554809351448, 0.7033874038379369], "k_pid_yaw": [0.5, 1e-06, 0.1], "k_pid_hsp": [1.606987810134683, 0.11140066133917204, 0.01], "k_pid_vsp": [29.96849041048857, 58.47483401410723, 1.0]}, "datetime": {"datetime": "2025-08-21 16:42:20", "elapsed": 28657.358937978745, "delta": 16.310396909713745}, "costs": {"total_cost": 179.41881579921935, "time_cost": 69.176, "final_distance_cost": 1.8448708831512135, "oscillation_cost": 41.10050115727678, "completition_cost": 0.0, "overshoot_cost": 49.37211436807663, "power_cost": 8.571080004882813, "noise_cost": 9.354249385831894, "n_waypoints_completed": 9, "tot_waypoints": 9}}
{"target": -2115.765155488847, "params": {"k_pid_pos": [0.27276780898604225, 0.024859491386256316, 0.3434561031905483], "k_pid_alt": [1.6319753356852484, 0.0, 0.1576465649121419], "k_pid_att": [58.989274729095186, 2.524269488566535, 0.7033874038379369], "k_pid_yaw": [0.5, 1e-06, 0.1], "k_pid_hsp": [6.316118048276735, 0.24034004518407315, 0.01], "k_pid_vsp": [110.56511661686339, 59.083466427248936, 314.98831045767577]}, "datetime": {"datetime": "2025-08-21 16:42:44", "elapsed": 28680.780826807022, "delta": 23.421888828277588}, "costs": {"total_cost": 2115.765155488847, "time_cost": 150, "final_distance_cost": 402.95985664605683, "oscillation_cost": 36.916285549969395, "completition_cost": 888.8888888888888, "overshoot_cost": 584.4061081903736, "power_cost": 30.789500158691407, "noise_cost": 21.80451605486708, "n_waypoints_completed": 1, "tot_waypoints": 9}}
{"target": -382.1727559746354, "params": {"k_pid_pos": [1.8922997940790476, 0.9080648804961846, 0.7774444947807966], "k_pid_alt": [1.6319753356852484, 0.0, 0.1576465649121419], "k_pid_att": [58.989274729095186, 9.545016992888707, 0.5627915745015433], "k_pid_yaw": [0.5, 1e-06, 0.1], "k_pid_hsp": [1.606987810134683, 0.1531003758033771, 0.912652577932754], "k_pid_vsp": [110.56511661686339, 59.083466427248936, 1.0]}, "datetime": {"datetime": "2025-08-21 16:43:06", "elapsed": 28703.108546733856, "delta": 22.327719926834106}, "costs": {"total_cost": 382.1727559746354, "time_cost": 94.424, "final_distance_cost": 1.7805636425736993, "oscillation_cost": 188.43905188215135, "completition_cost": 0.0, "overshoot_cost": 69.53334529815487, "power_cost": 14.712687292480469, "noise_cost": 13.283107859274912, "n_waypoints_completed": 9, "tot_waypoints": 9}}
{"target": -401.26481324264125, "params": {"k_pid_pos": [1.7041340386651447, 0.2079371311167001, 0.3434561031905483], "k_pid_alt": [0.32001236622280804, 0.0, 0.1576465649121419], "k_pid_att": [74.24769818861826, 4.09310168605278, 0.7805480560107213], "k_pid_yaw": [0.5, 1e-06, 0.1], "k_pid_hsp": [1.606987810134683, 0.1531003758033771, 0.01], "k_pid_vsp": [110.56511661686339, 59.083466427248936, 1.0]}, "datetime": {"datetime": "2025-08-21 16:43:29", "elapsed": 28725.74157309532, "delta": 22.633026361465454}, "costs": {"total_cost": 401.26481324264125, "time_cost": 150, "final_distance_cost": 4.33268216258417, "oscillation_cost": 50.51066263754149, "completition_cost": 111.11111111111116, "overshoot_cost": 52.096970833598505, "power_cost": 17.904393408203127, "noise_cost": 15.308993089602762, "n_waypoints_completed": 8, "tot_waypoints": 9}}
{"target": -182.72498512255433, "params": {"k_pid_pos": [1.7041340386651447, 0.024859491386256316, 0.3434561031905483], "k_pid_alt": [1.6319753356852484, 0.0, 0.1576465649121419], "k_pid_att": [58.989274729095186, 1.1659524805595562, 0.7033874038379369], "k_pid_yaw": [0.5, 1e-06, 0.1], "k_pid_hsp": [4.854323649447895, 0.1531003758033771, 0.01], "k_pid_vsp": [29.96849041048857, 58.47483401410723, 1.0]}, "datetime": {"datetime": "2025-08-21 16:43:45", "elapsed": 28741.91252207756, "delta": 16.17094898223877}, "costs": {"total_cost": 182.72498512255433, "time_cost": 68.312, "final_distance_cost": 1.7931571844273715, "oscillation_cost": 39.73002123735198, "completition_cost": 0.0, "overshoot_cost": 50.024114949614535, "power_cost": 11.770457434082031, "noise_cost": 11.095234317078413, "n_waypoints_completed": 9, "tot_waypoints": 9}}
{"target": -181.0336177297694, "params": {"k_pid_pos": [1.8034346552870686, 0.08087462101852438, 0.6250867496839783], "k_pid_alt": [1.6319753356852484, 0.0, 0.1576465649121419], "k_pid_att": [58.989274729095186, 5.859554809351448, 0.73590781336997], "k_pid_yaw": [0.5, 1e-06, 0.1], "k_pid_hsp": [1.606987810134683, 0.1531003758033771, 0.01], "k_pid_vsp": [110.56511661686339, 59.083466427248936, 1.0]}, "datetime": {"datetime": "2025-08-21 16:44:02", "elapsed": 28758.55845427513, "delta": 16.6459321975708}, "costs": {"total_cost": 181.0336177297694, "time_cost": 68.504, "final_distance_cost": 1.8240200510726308, "oscillation_cost": 40.51178510474851, "completition_cost": 0.0, "overshoot_cost": 49.98211281546284, "power_cost": 9.89958759765625, "noise_cost": 10.312112160829146, "n_waypoints_completed": 9, "tot_waypoints": 9}}
{"target": -184.33592178564328, "params": {"k_pid_pos": [1.8034346552870686, 0.024859491386256316, 0.6250867496839783], "k_pid_alt": [1.6319753356852484, 0.0, 0.1576465649121419], "k_pid_att": [58.989274729095186, 5.859554809351448, 0.7033874038379369], "k_pid_yaw": [0.5, 1e-06, 0.1], "k_pid_hsp": [1.606987810134683, 0.1531003758033771, 0.01], "k_pid_vsp": [110.56511661686339, 59.083466427248936, 1.0]}, "datetime": {"datetime": "2025-08-21 16:44:17", "elapsed": 28774.13536977768, "delta": 15.576915502548218}, "costs": {"total_cost": 184.33592178564328, "time_cost": 69.208, "final_distance_cost": 1.846015028981889, "oscillation_cost": 40.87441129248727, "completition_cost": 0.0, "overshoot_cost": 49.95678164179651, "power_cost": 11.530315771484375, "noise_cost": 10.92039805089326, "n_waypoints_completed": 9, "tot_waypoints": 9}}
