{"target": -191.41887300268954, "params": {"k_pid_pos": [1.3885554450422086, 0.024859491386256316, 0.11401919133455096], "k_pid_alt": [1.2679502233621702, 0.0, 0.16072894317769304], "k_pid_att": [94.70626418914286, 9.597749245839971, 0.3366070335655168], "k_pid_yaw": [0.5, 1e-06, 0.1], "k_pid_hsp": [1.0, 0.1531003758033771, 0.01], "k_pid_vsp": [378.2079564087626, 355.21150340299164, 1.0]}, "datetime": {"datetime": "2025-08-21 11:31:17", "elapsed": 9993.716346979141, "delta": 16.619954824447632}, "costs": {"total_cost": 191.41887300268954, "time_cost": 69.424, "final_distance_cost": 1.812559245595031, "oscillation_cost": 42.89747352834755, "completition_cost": 0.0, "overshoot_cost": 51.004928578519056, "power_cost": 14.070282653808594, "noise_cost": 12.209628996419303, "n_waypoints_completed": 9, "tot_waypoints": 9}}
{"target": -191.48133601752204, "params": {"k_pid_pos": [1.0031316701085804, 0.024859491386256316, 0.11401919133455096], "k_pid_alt": [1.2679502233621702, 0.0, 0.8361997509577753], "k_pid_att": [20.236336479523032, 3.0596356458441103, 0.9274604585040267], "k_pid_yaw": [0.5, 1e-06, 0.1], "k_pid_hsp": [1.5353014571438959, 0.01, 0.01], "k_pid_vsp": [279.31855783528204, 355.21150340299164, 1.0]}, "datetime": {"datetime": "2025-08-21 11:31:34", "elapsed": 10010.626501083374, "delta": 16.910154104232788}, "costs": {"total_cost": 191.48133601752204, "time_cost": 73.408, "final_distance_cost": 1.8377125413290234, "oscillation_cost": 37.856351284695116, "completition_cost": 0.0, "overshoot_cost": 50.333877380082214, "power_cost": 15.164004040527345, "noise_cost": 12.881390770888355, "n_waypoints_completed": 9, "tot_waypoints": 9}}
{"target": -335.8148698715544, "params": {"k_pid_pos": [0.7036613434574084, 0.024859491386256316, 0.11401919133455096], "k_pid_alt": [1.2679502233621702, 0.0, 0.016491258977649914], "k_pid_att": [17.813414374173632, 0.0032441649989051976, 0.3952346537588943], "k_pid_yaw": [0.5, 1e-06, 0.1], "k_pid_hsp": [1.0, 0.3912792508993721, 0.333635037126335], "k_pid_vsp": [378.2079564087626, 355.21150340299164, 1.0]}, "datetime": {"datetime": "2025-08-21 11:31:52", "elapsed": 10028.628551959991, "delta": 18.00205087661743}, "costs": {"total_cost": 335.8148698715544, "time_cost": 78.944, "final_distance_cost": 1.7771201543881527, "oscillation_cost": 181.8659806326287, "completition_cost": 0.0, "overshoot_cost": 49.56826088799717, "power_cost": 12.311627221679688, "noise_cost": 11.347880974860624, "n_waypoints_completed": 9, "tot_waypoints": 9}}
{"target": -190.45372368178633, "params": {"k_pid_pos": [1.1496839804071068, 0.024859491386256316, 0.11401919133455096], "k_pid_alt": [1.2679502233621702, 0.0, 0.016491258977649914], "k_pid_att": [94.27907641276623, 5.887625867895858, 0.9274604585040267], "k_pid_yaw": [0.5, 1e-06, 0.1], "k_pid_hsp": [1.5353014571438959, 0.1531003758033771, 0.01], "k_pid_vsp": [378.2079564087626, 201.50022734948823, 1.0]}, "datetime": {"datetime": "2025-08-21 11:32:08", "elapsed": 10044.558577537537, "delta": 15.930025577545166}, "costs": {"total_cost": 190.45372368178633, "time_cost": 69.632, "final_distance_cost": 1.8455904860632792, "oscillation_cost": 39.46413127926939, "completition_cost": 0.0, "overshoot_cost": 50.44550728325634, "power_cost": 15.782180920410157, "noise_cost": 13.284313712787165, "n_waypoints_completed": 9, "tot_waypoints": 9}}
{"target": -182.14335549078925, "params": {"k_pid_pos": [1.3078103269235994, 0.024859491386256316, 0.11401919133455096], "k_pid_alt": [1.2679502233621702, 0.0, 0.06527723447865985], "k_pid_att": [58.989274729095186, 7.284845820832624, 0.8739915892735461], "k_pid_yaw": [0.5, 1e-06, 0.1], "k_pid_hsp": [1.0, 0.01, 0.01], "k_pid_vsp": [153.0622015256548, 84.00193632023473, 1.0]}, "datetime": {"datetime": "2025-08-21 11:32:23", "elapsed": 10060.263350486755, "delta": 15.70477294921875}, "costs": {"total_cost": 182.14335549078925, "time_cost": 68.68, "final_distance_cost": 1.8259160875437501, "oscillation_cost": 39.53040104375011, "completition_cost": 0.0, "overshoot_cost": 50.860267265819104, "power_cost": 10.816202429199219, "noise_cost": 10.430568664477041, "n_waypoints_completed": 9, "tot_waypoints": 9}}
{"target": -195.54410379080517, "params": {"k_pid_pos": [1.3885554450422086, 0.21958489946633264, 0.007456431423803034], "k_pid_alt": [1.2679502233621702, 0.0, 0.512921577555336], "k_pid_att": [27.406759869572184, 3.0596356458441103, 0.9274604585040267], "k_pid_yaw": [0.5, 1e-06, 0.1], "k_pid_hsp": [4.4869223172461, 0.01, 0.01], "k_pid_vsp": [150.0, 351.388862279923, 131.29633191148946]}, "datetime": {"datetime": "2025-08-21 11:32:40", "elapsed": 10077.094144105911, "delta": 16.830793619155884}, "costs": {"total_cost": 195.54410379080517, "time_cost": 73.744, "final_distance_cost": 1.7908779805037254, "oscillation_cost": 47.76827669114266, "completition_cost": 0.0, "overshoot_cost": 51.59190794831766, "power_cost": 10.791768798828125, "noise_cost": 9.857272372013009, "n_waypoints_completed": 9, "tot_waypoints": 9}}
{"target": -219.58635708170652, "params": {"k_pid_pos": [1.1496839804071068, 0.024859491386256316, 0.11401919133455096], "k_pid_alt": [1.2679502233621702, 0.11236987409269117, 0.8842100415650043], "k_pid_att": [20.236336479523032, 3.0596356458441103, 0.9274604585040267], "k_pid_yaw": [0.5, 1e-06, 0.1], "k_pid_hsp": [1.5353014571438959, 0.01, 0.01], "k_pid_vsp": [279.31855783528204, 355.21150340299164, 1.0]}, "datetime": {"datetime": "2025-08-21 11:33:00", "elapsed": 10097.249403953552, "delta": 20.15525984764099}, "costs": {"total_cost": 219.58635708170652, "time_cost": 88.456, "final_distance_cost": 1.8189791856709867, "oscillation_cost": 46.34028043465082, "completition_cost": 0.0, "overshoot_cost": 51.14645627813785, "power_cost": 17.325350915527345, "noise_cost": 14.499290267719518, "n_waypoints_completed": 9, "tot_waypoints": 9}}
{"target": -315.71704115563705, "params": {"k_pid_pos": [1.0031316701085804, 0.024859491386256316, 0.11401919133455096], "k_pid_alt": [1.2679502233621702, 0.0, 0.8361997509577753], "k_pid_att": [63.38804696362723, 3.0596356458441103, 0.9274604585040267], "k_pid_yaw": [0.5, 1e-06, 0.1], "k_pid_hsp": [1.0, 0.2320249538069996, 0.35927834599623976], "k_pid_vsp": [392.47350887632734, 355.21150340299164, 7.25306116577374]}, "datetime": {"datetime": "2025-08-21 11:33:20", "elapsed": 10116.85688495636, "delta": 19.607481002807617}, "costs": {"total_cost": 315.71704115563705, "time_cost": 84.784, "final_distance_cost": 1.8303825202917905, "oscillation_cost": 146.02048947740815, "completition_cost": 0.0, "overshoot_cost": 49.21550217277375, "power_cost": 18.714452160644534, "noise_cost": 15.152214824518836, "n_waypoints_completed": 9, "tot_waypoints": 9}}
{"target": -194.8172377626074, "params": {"k_pid_pos": [1.3885554450422086, 0.024859491386256316, 0.6521786052913653], "k_pid_alt": [1.2679502233621702, 0.0, 0.8361997509577753], "k_pid_att": [20.236336479523032, 4.028010644934719, 0.9274604585040267], "k_pid_yaw": [0.5, 1e-06, 0.1], "k_pid_hsp": [1.5353014571438959, 0.01, 0.01], "k_pid_vsp": [378.2079564087626, 355.21150340299164, 1.0]}, "datetime": {"datetime": "2025-08-21 11:33:37", "elapsed": 10133.840563058853, "delta": 16.983678102493286}, "costs": {"total_cost": 194.8172377626074, "time_cost": 74.16, "final_distance_cost": 1.8461518495039662, "oscillation_cost": 39.740817150671724, "completition_cost": 0.0, "overshoot_cost": 49.62867716782255, "power_cost": 15.766687036132813, "noise_cost": 13.674904558476326, "n_waypoints_completed": 9, "tot_waypoints": 9}}
{"target": -197.454340675176, "params": {"k_pid_pos": [1.4999912498542303, 0.024859491386256316, 0.11401919133455096], "k_pid_alt": [1.2679502233621702, 0.0, 0.1576465649121419], "k_pid_att": [58.989274729095186, 7.284845820832624, 0.8739915892735461], "k_pid_yaw": [0.5, 1e-06, 0.1], "k_pid_hsp": [3.226465079465205, 0.1531003758033771, 0.01], "k_pid_vsp": [153.0622015256548, 355.21150340299164, 1.0]}, "datetime": {"datetime": "2025-08-21 11:33:53", "elapsed": 10150.115727901459, "delta": 16.27516484260559}, "costs": {"total_cost": 197.454340675176, "time_cost": 71.272, "final_distance_cost": 1.780012548316319, "oscillation_cost": 44.12523900410488, "completition_cost": 0.0, "overshoot_cost": 50.79093683606312, "power_cost": 16.322048413085938, "noise_cost": 13.164103873605777, "n_waypoints_completed": 9, "tot_waypoints": 9}}
{"target": -219.94935296168754, "params": {"k_pid_pos": [1.3885554450422086, 0.024859491386256316, 0.9062157365473852], "k_pid_alt": [1.2679502233621702, 0.0, 0.016491258977649914], "k_pid_att": [94.76983214653384, 5.887625867895858, 0.8383117218922788], "k_pid_yaw": [0.5, 1e-06, 0.1], "k_pid_hsp": [1.5353014571438959, 0.1531003758033771, 0.01], "k_pid_vsp": [378.2079564087626, 201.50022734948823, 198.76861340365707]}, "datetime": {"datetime": "2025-08-21 11:34:12", "elapsed": 10169.199915647507, "delta": 19.084187746047974}, "costs": {"total_cost": 219.94935296168754, "time_cost": 82.57600000000001, "final_distance_cost": 1.8368835345505639, "oscillation_cost": 56.27252075294298, "completition_cost": 0.0, "overshoot_cost": 56.124800360162666, "power_cost": 12.816954663085937, "noise_cost": 10.322193650945362, "n_waypoints_completed": 9, "tot_waypoints": 9}}
{"target": -215.18830532353186, "params": {"k_pid_pos": [1.1496839804071068, 0.024859491386256316, 0.11401919133455096], "k_pid_alt": [1.8299588345564006, 0.21279159204151088, 0.8361997509577753], "k_pid_att": [20.236336479523032, 3.0596356458441103, 0.38500037867184356], "k_pid_yaw": [0.5, 1e-06, 0.1], "k_pid_hsp": [1.5353014571438959, 0.1531003758033771, 0.01], "k_pid_vsp": [378.2079564087626, 355.21150340299164, 85.70232995912893]}, "datetime": {"datetime": "2025-08-21 11:34:31", "elapsed": 10188.204388856888, "delta": 19.004473209381104}, "costs": {"total_cost": 215.18830532353186, "time_cost": 83.32000000000001, "final_distance_cost": 1.7527779869718316, "oscillation_cost": 50.175444120329566, "completition_cost": 0.0, "overshoot_cost": 50.87478245575605, "power_cost": 16.481967712402344, "noise_cost": 12.583333048072076, "n_waypoints_completed": 9, "tot_waypoints": 9}}
{"target": -186.83658985514077, "params": {"k_pid_pos": [1.4999912498542303, 0.11906128738229915, 0.11401919133455096], "k_pid_alt": [1.2679502233621702, 0.0, 0.2242343482792274], "k_pid_att": [20.236336479523032, 2.1609837743181, 0.9274604585040267], "k_pid_yaw": [0.5, 1e-06, 0.1], "k_pid_hsp": [1.5353014571438959, 0.01, 0.01], "k_pid_vsp": [378.2079564087626, 355.21150340299164, 1.0]}, "datetime": {"datetime": "2025-08-21 11:34:47", "elapsed": 10204.152670383453, "delta": 15.948281526565552}, "costs": {"total_cost": 186.83658985514077, "time_cost": 69.12, "final_distance_cost": 1.7915329143926608, "oscillation_cost": 39.053126472962276, "completition_cost": 0.0, "overshoot_cost": 49.857618922336904, "power_cost": 14.545151684570314, "noise_cost": 12.469159860878582, "n_waypoints_completed": 9, "tot_waypoints": 9}}
{"target": -195.8093061308058, "params": {"k_pid_pos": [1.1496839804071068, 0.024859491386256316, 0.3247566437552345], "k_pid_alt": [1.2679502233621702, 0.0, 0.8361997509577753], "k_pid_att": [64.85696333643777, 3.0596356458441103, 0.9274604585040267], "k_pid_yaw": [0.5, 1e-06, 0.1], "k_pid_hsp": [1.5353014571438959, 0.8344040447135034, 0.01], "k_pid_vsp": [378.2079564087626, 355.21150340299164, 131.29633191148946]}, "datetime": {"datetime": "2025-08-21 11:35:03", "elapsed": 10220.259226799011, "delta": 16.10655641555786}, "costs": {"total_cost": 195.8093061308058, "time_cost": 70.304, "final_distance_cost": 1.8531806206885715, "oscillation_cost": 51.5932930010133, "completition_cost": 0.0, "overshoot_cost": 48.49225540243082, "power_cost": 13.238082531738282, "noise_cost": 10.328494574934796, "n_waypoints_completed": 9, "tot_waypoints": 9}}
{"target": -190.85681125702737, "params": {"k_pid_pos": [1.1496839804071068, 0.024859491386256316, 0.11401919133455096], "k_pid_alt": [0.9146766663066528, 0.0, 0.016491258977649914], "k_pid_att": [20.236336479523032, 3.0596356458441103, 0.9274604585040267], "k_pid_yaw": [0.5, 1e-06, 0.1], "k_pid_hsp": [9.822050525885613, 0.01, 0.01], "k_pid_vsp": [153.0622015256548, 69.46038294301658, 1.0]}, "datetime": {"datetime": "2025-08-21 11:35:19", "elapsed": 10236.076595783234, "delta": 15.817368984222412}, "costs": {"total_cost": 190.85681125702737, "time_cost": 69.856, "final_distance_cost": 1.8453618666693947, "oscillation_cost": 48.88676770740582, "completition_cost": 0.0, "overshoot_cost": 49.99093948670913, "power_cost": 9.992264904785157, "noise_cost": 10.285477291457898, "n_waypoints_completed": 9, "tot_waypoints": 9}}
{"target": -372.83312582690877, "params": {"k_pid_pos": [1.4999912498542303, 0.024859491386256316, 0.11401919133455096], "k_pid_alt": [1.2679502233621702, 0.0, 0.5399188106009101], "k_pid_att": [17.813414374173632, 0.0032441649989051976, 0.3952346537588943], "k_pid_yaw": [0.5, 1e-06, 0.1], "k_pid_hsp": [1.5353014571438959, 0.01, 0.399222725202494], "k_pid_vsp": [150.0, 221.6078012742647, 1.0]}, "datetime": {"datetime": "2025-08-21 11:35:36", "elapsed": 10253.26897764206, "delta": 17.192381858825684}, "costs": {"total_cost": 372.83312582690877, "time_cost": 76.68, "final_distance_cost": 1.7238889222949434, "oscillation_cost": 214.12812478423598, "completition_cost": 0.0, "overshoot_cost": 51.40786304047596, "power_cost": 15.560275622558594, "noise_cost": 13.332973457343275, "n_waypoints_completed": 9, "tot_waypoints": 9}}
{"target": -188.93122003371795, "params": {"k_pid_pos": [1.3885554450422086, 0.024859491386256316, 0.6521786052913653], "k_pid_alt": [1.2679502233621702, 0.0, 0.016491258977649914], "k_pid_att": [94.27907641276623, 4.405115701075087, 0.9274604585040267], "k_pid_yaw": [0.5, 1e-06, 0.1], "k_pid_hsp": [1.5353014571438959, 0.1531003758033771, 0.01], "k_pid_vsp": [378.2079564087626, 201.50022734948823, 1.0]}, "datetime": {"datetime": "2025-08-21 11:35:53", "elapsed": 10269.773674964905, "delta": 16.50469732284546}, "costs": {"total_cost": 188.93122003371795, "time_cost": 70.784, "final_distance_cost": 1.8419468899822304, "oscillation_cost": 41.465980807991116, "completition_cost": 0.0, "overshoot_cost": 49.90600469501295, "power_cost": 12.815314477539063, "noise_cost": 12.117973163192614, "n_waypoints_completed": 9, "tot_waypoints": 9}}
{"target": -189.43575885001803, "params": {"k_pid_pos": [1.1496839804071068, 0.024859491386256316, 0.11401919133455096], "k_pid_alt": [1.2679502233621702, 0.0, 0.8361997509577753], "k_pid_att": [20.236336479523032, 4.028010644934719, 0.9274604585040267], "k_pid_yaw": [0.5, 1e-06, 0.1], "k_pid_hsp": [1.5353014571438959, 0.34786682559405435, 0.01], "k_pid_vsp": [153.0622015256548, 355.21150340299164, 1.0]}, "datetime": {"datetime": "2025-08-21 11:36:09", "elapsed": 10286.241384029388, "delta": 16.467709064483643}, "costs": {"total_cost": 189.43575885001803, "time_cost": 71.64, "final_distance_cost": 1.8414085682825103, "oscillation_cost": 40.5094200161131, "completition_cost": 0.0, "overshoot_cost": 49.16523967008302, "power_cost": 14.13728572998047, "noise_cost": 12.142404865558914, "n_waypoints_completed": 9, "tot_waypoints": 9}}
{"target": -188.67124553736153, "params": {"k_pid_pos": [1.4999912498542303, 0.024859491386256316, 0.09262780874197363], "k_pid_alt": [1.9052445197838874, 0.0, 0.8361997509577753], "k_pid_att": [20.236336479523032, 3.0596356458441103, 0.9274604585040267], "k_pid_yaw": [0.5, 1e-06, 0.1], "k_pid_hsp": [1.5353014571438959, 0.01, 0.01], "k_pid_vsp": [153.0622015256548, 355.21150340299164, 125.63076761775174]}, "datetime": {"datetime": "2025-08-21 11:36:25", "elapsed": 10302.09860610962, "delta": 15.857222080230713}, "costs": {"total_cost": 188.67124553736153, "time_cost": 68.944, "final_distance_cost": 1.790391583226504, "oscillation_cost": 43.37042266814344, "completition_cost": 0.0, "overshoot_cost": 50.96288005189765, "power_cost": 13.592521008300782, "noise_cost": 10.011030225793123, "n_waypoints_completed": 9, "tot_waypoints": 9}}
{"target": -185.16867632501518, "params": {"k_pid_pos": [1.3885554450422086, 0.024859491386256316, 0.11401919133455096], "k_pid_alt": [1.2679502233621702, 0.0, 0.1576465649121419], "k_pid_att": [58.989274729095186, 7.284845820832624, 0.8739915892735461], "k_pid_yaw": [0.5, 1e-06, 0.1], "k_pid_hsp": [1.0, 0.1531003758033771, 0.01], "k_pid_vsp": [378.2079564087626, 355.21150340299164, 1.0]}, "datetime": {"datetime": "2025-08-21 11:36:41", "elapsed": 10317.691195487976, "delta": 15.592589378356934}, "costs": {"total_cost": 185.16867632501518, "time_cost": 68.92, "final_distance_cost": 1.8095967821122176, "oscillation_cost": 38.36372220136582, "completition_cost": 0.0, "overshoot_cost": 50.55184267446199, "power_cost": 13.642818627929689, "noise_cost": 11.880696039145441, "n_waypoints_completed": 9, "tot_waypoints": 9}}
{"target": -216.59091066360105, "params": {"k_pid_pos": [1.3885554450422086, 0.21958489946633264, 0.007456431423803034], "k_pid_alt": [1.2679502233621702, 0.0, 0.13294310327404035], "k_pid_att": [20.236336479523032, 3.0596356458441103, 0.9274604585040267], "k_pid_yaw": [0.5, 1e-06, 0.1], "k_pid_hsp": [1.5353014571438959, 0.01, 0.01], "k_pid_vsp": [153.0622015256548, 355.21150340299164, 125.63076761775174]}, "datetime": {"datetime": "2025-08-21 11:36:58", "elapsed": 10335.315577983856, "delta": 17.624382495880127}, "costs": {"total_cost": 216.59091066360105, "time_cost": 78.34400000000001, "final_distance_cost": 1.7901272421985455, "oscillation_cost": 51.642585458885335, "completition_cost": 0.0, "overshoot_cost": 52.06417745401062, "power_cost": 18.55506834716797, "noise_cost": 14.19495216133853, "n_waypoints_completed": 9, "tot_waypoints": 9}}
{"target": -193.95484560802362, "params": {"k_pid_pos": [1.3885554450422086, 0.024859491386256316, 0.11401919133455096], "k_pid_alt": [1.2679502233621702, 0.0, 0.512921577555336], "k_pid_att": [27.406759869572184, 3.0596356458441103, 0.9274604585040267], "k_pid_yaw": [0.5, 1e-06, 0.1], "k_pid_hsp": [4.4869223172461, 0.01, 0.01], "k_pid_vsp": [277.2708477836043, 351.388862279923, 131.29633191148946]}, "datetime": {"datetime": "2025-08-21 11:37:15", "elapsed": 10351.647299289703, "delta": 16.331721305847168}, "costs": {"total_cost": 193.95484560802362, "time_cost": 71.272, "final_distance_cost": 1.8291446752540497, "oscillation_cost": 48.46849235654907, "completition_cost": 0.0, "overshoot_cost": 51.026001322292444, "power_cost": 11.517321777343751, "noise_cost": 9.8418854765843, "n_waypoints_completed": 9, "tot_waypoints": 9}}
{"target": -215.4091407747092, "params": {"k_pid_pos": [1.1496839804071068, 0.5998678448275786, 0.11401919133455096], "k_pid_alt": [1.2679502233621702, 0.0, 0.016491258977649914], "k_pid_att": [17.813414374173632, 0.0032441649989051976, 0.3952346537588943], "k_pid_yaw": [0.5, 1e-06, 0.1], "k_pid_hsp": [1.0, 0.1531003758033771, 0.01], "k_pid_vsp": [153.0622015256548, 201.50022734948823, 1.0]}, "datetime": {"datetime": "2025-08-21 11:37:34", "elapsed": 10370.939751386642, "delta": 19.292452096939087}, "costs": {"total_cost": 215.4091407747092, "time_cost": 84.024, "final_distance_cost": 1.7437467251394185, "oscillation_cost": 47.99795878413216, "completition_cost": 0.0, "overshoot_cost": 52.32235916050007, "power_cost": 15.678714416503906, "noise_cost": 13.642361688433619, "n_waypoints_completed": 9, "tot_waypoints": 9}}
{"target": -245.67286880791875, "params": {"k_pid_pos": [1.1496839804071068, 0.024859491386256316, 0.11401919133455096], "k_pid_alt": [1.2679502233621702, 0.12725761828472648, 0.016491258977649914], "k_pid_att": [94.27907641276623, 5.887625867895858, 0.1842699986668217], "k_pid_yaw": [0.5, 1e-06, 0.1], "k_pid_hsp": [1.5353014571438959, 0.1531003758033771, 0.04333175346050033], "k_pid_vsp": [378.2079564087626, 216.77849333539965, 1.0]}, "datetime": {"datetime": "2025-08-21 11:37:53", "elapsed": 10389.683688163757, "delta": 18.743936777114868}, "costs": {"total_cost": 245.67286880791875, "time_cost": 82.96000000000001, "final_distance_cost": 1.7568710709549196, "oscillation_cost": 84.1500411597568, "completition_cost": 0.0, "overshoot_cost": 50.783780375024435, "power_cost": 13.730149865722657, "noise_cost": 12.292026336459951, "n_waypoints_completed": 9, "tot_waypoints": 9}}
{"target": -190.28261010612025, "params": {"k_pid_pos": [1.1496839804071068, 0.32941221611176796, 0.11401919133455096], "k_pid_alt": [0.7194253153428574, 0.0, 0.016491258977649914], "k_pid_att": [17.813414374173632, 0.0032441649989051976, 0.3952346537588943], "k_pid_yaw": [0.5, 1e-06, 0.1], "k_pid_hsp": [1.5353014571438959, 0.01, 0.01], "k_pid_vsp": [150.0, 221.6078012742647, 1.0]}, "datetime": {"datetime": "2025-08-21 11:38:10", "elapsed": 10407.080171823502, "delta": 17.396483659744263}, "costs": {"total_cost": 190.28261010612025, "time_cost": 75.83200000000001, "final_distance_cost": 1.7971934725455379, "oscillation_cost": 37.73740286011137, "completition_cost": 0.0, "overshoot_cost": 50.846394742540795, "power_cost": 12.563193884277345, "noise_cost": 11.506425146645189, "n_waypoints_completed": 9, "tot_waypoints": 9}}
{"target": -203.17818708660874, "params": {"k_pid_pos": [1.9168537650125603, 0.024859491386256316, 0.11401919133455096], "k_pid_alt": [0.9146766663066528, 0.0, 0.016491258977649914], "k_pid_att": [17.813414374173632, 0.0032441649989051976, 0.3952346537588943], "k_pid_yaw": [0.5, 1e-06, 0.1], "k_pid_hsp": [1.5353014571438959, 0.01, 0.01], "k_pid_vsp": [150.0, 221.6078012742647, 1.0]}, "datetime": {"datetime": "2025-08-21 11:38:27", "elapsed": 10423.458550453186, "delta": 16.37837862968445}, "costs": {"total_cost": 203.17818708660874, "time_cost": 72.608, "final_distance_cost": 1.7587100950366301, "oscillation_cost": 44.349486729846234, "completition_cost": 0.0, "overshoot_cost": 52.055886958031586, "power_cost": 18.27980338134766, "noise_cost": 14.126299922346634, "n_waypoints_completed": 9, "tot_waypoints": 9}}
