{"target": -181.0467387820942, "params": {"k_pid_pos": [1.8922997940790476, 0.024859491386256316, 0.42495672118777295], "k_pid_alt": [1.85112020821355, 0.0, 0.1576465649121419], "k_pid_att": [63.45214009056577, 4.077532668255645, 0.9808211468183533], "k_pid_yaw": [0.5, 1e-06, 0.1], "k_pid_hsp": [1.606987810134683, 0.08333843891839088, 0.01], "k_pid_vsp": [110.56511661686339, 130.53254854158118, 1.0]}, "datetime": {"datetime": "2025-08-21 20:38:47", "elapsed": 42844.40734863281, "delta": 15.616562843322754}, "costs": {"total_cost": 181.0467387820942, "time_cost": 68.008, "final_distance_cost": 1.7863485927337723, "oscillation_cost": 42.1732314427288, "completition_cost": 0.0, "overshoot_cost": 49.762607659710575, "power_cost": 9.47346669921875, "noise_cost": 9.843084387702309, "n_waypoints_completed": 9, "tot_waypoints": 9}}
{"target": -268.53275985255584, "params": {"k_pid_pos": [1.8922997940790476, 0.5434663007892857, 0.6233375984123564], "k_pid_alt": [1.85112020821355, 0.4198651078026976, 0.1576465649121419], "k_pid_att": [25.463483275157817, 1.1105074131954076, 0.73590781336997], "k_pid_yaw": [0.5, 1e-06, 0.1], "k_pid_hsp": [8.976555834805225, 0.08333843891839088, 0.01], "k_pid_vsp": [110.56511661686339, 389.94840056141436, 1.0]}, "datetime": {"datetime": "2025-08-21 20:39:10", "elapsed": 42867.21960687637, "delta": 22.81225824356079}, "costs": {"total_cost": 268.53275985255584, "time_cost": 93.848, "final_distance_cost": 1.7361721314977256, "oscillation_cost": 93.82015681241009, "completition_cost": 0.0, "overshoot_cost": 51.201154202391876, "power_cost": 14.563250891113283, "noise_cost": 13.364025815142867, "n_waypoints_completed": 9, "tot_waypoints": 9}}
{"target": -187.39600109183635, "params": {"k_pid_pos": [1.8922997940790476, 0.024859491386256316, 0.42495672118777295], "k_pid_alt": [1.104475134326496, 0.0, 0.5449280578686585], "k_pid_att": [58.989274729095186, 4.2484062323494, 0.9808211468183533], "k_pid_yaw": [0.5, 1e-06, 0.1], "k_pid_hsp": [1.606987810134683, 0.08333843891839088, 0.01], "k_pid_vsp": [110.56511661686339, 306.5653082406949, 1.0]}, "datetime": {"datetime": "2025-08-21 20:39:26", "elapsed": 42883.25028467178, "delta": 16.030677795410156}, "costs": {"total_cost": 187.39600109183635, "time_cost": 71.06400000000001, "final_distance_cost": 1.82546384694571, "oscillation_cost": 37.57613863195213, "completition_cost": 0.0, "overshoot_cost": 50.35248218526569, "power_cost": 14.359840661621094, "noise_cost": 12.218075766051733, "n_waypoints_completed": 9, "tot_waypoints": 9}}
{"target": -182.95886572688238, "params": {"k_pid_pos": [1.8922997940790476, 0.024859491386256316, 0.42495672118777295], "k_pid_alt": [1.85112020821355, 0.0, 0.1576465649121419], "k_pid_att": [63.45214009056577, 4.077532668255645, 0.9808211468183533], "k_pid_yaw": [0.5, 1e-06, 0.1], "k_pid_hsp": [1.606987810134683, 0.08333843891839088, 0.01], "k_pid_vsp": [110.56511661686339, 130.53254854158118, 1.0]}, "datetime": {"datetime": "2025-08-21 20:39:43", "elapsed": 42900.43284153938, "delta": 17.182556867599487}, "costs": {"total_cost": 182.95886572688238, "time_cost": 68.152, "final_distance_cost": 1.8082792659156723, "oscillation_cost": 39.36190576825407, "completition_cost": 0.0, "overshoot_cost": 50.25378029486238, "power_cost": 12.262288830566407, "noise_cost": 11.12061156728386, "n_waypoints_completed": 9, "tot_waypoints": 9}}
{"target": -183.02827960768204, "params": {"k_pid_pos": [1.8922997940790476, 0.024859491386256316, 0.42495672118777295], "k_pid_alt": [1.85112020821355, 0.0, 0.1576465649121419], "k_pid_att": [25.463483275157817, 9.679534059136797, 0.73590781336997], "k_pid_yaw": [0.5, 1e-06, 0.1], "k_pid_hsp": [1.606987810134683, 0.08333843891839088, 0.01], "k_pid_vsp": [110.56511661686339, 130.53254854158118, 1.0]}, "datetime": {"datetime": "2025-08-21 20:39:59", "elapsed": 42916.1330947876, "delta": 15.700253248214722}, "costs": {"total_cost": 183.02827960768204, "time_cost": 67.792, "final_distance_cost": 1.8187484974700443, "oscillation_cost": 41.07158901922962, "completition_cost": 0.0, "overshoot_cost": 50.30986535706645, "power_cost": 11.317217553710938, "noise_cost": 10.718859180204998, "n_waypoints_completed": 9, "tot_waypoints": 9}}
{"target": -183.4079176755736, "params": {"k_pid_pos": [1.8922997940790476, 0.024859491386256316, 0.42495672118777295], "k_pid_alt": [1.85112020821355, 0.0, 0.05010974591185968], "k_pid_att": [63.45214009056577, 4.077532668255645, 0.9808211468183533], "k_pid_yaw": [0.5, 1e-06, 0.1], "k_pid_hsp": [1.606987810134683, 0.08333843891839088, 0.01], "k_pid_vsp": [110.56511661686339, 306.5653082406949, 1.0]}, "datetime": {"datetime": "2025-08-21 20:40:16", "elapsed": 42933.1155192852, "delta": 16.98242449760437}, "costs": {"total_cost": 183.4079176755736, "time_cost": 68.504, "final_distance_cost": 1.7952152377072923, "oscillation_cost": 38.64992867143349, "completition_cost": 0.0, "overshoot_cost": 50.33272933352086, "power_cost": 12.80741064453125, "noise_cost": 11.318633788380708, "n_waypoints_completed": 9, "tot_waypoints": 9}}
{"target": -181.2990560773257, "params": {"k_pid_pos": [1.033967693808597, 0.024859491386256316, 0.11242249713100771], "k_pid_alt": [1.85112020821355, 0.0, 0.1576465649121419], "k_pid_att": [86.70916919633552, 4.077532668255645, 0.9808211468183533], "k_pid_yaw": [0.5, 1e-06, 0.1], "k_pid_hsp": [1.606987810134683, 0.08333843891839088, 0.01], "k_pid_vsp": [110.56511661686339, 130.53254854158118, 1.0]}, "datetime": {"datetime": "2025-08-21 20:40:33", "elapsed": 42949.739441633224, "delta": 16.62392234802246}, "costs": {"total_cost": 181.2990560773257, "time_cost": 69.664, "final_distance_cost": 1.8486729198490306, "oscillation_cost": 36.84979584494893, "completition_cost": 0.0, "overshoot_cost": 49.92337317992051, "power_cost": 11.753680151367188, "noise_cost": 11.259533981240068, "n_waypoints_completed": 9, "tot_waypoints": 9}}
{"target": -203.49408432991655, "params": {"k_pid_pos": [1.8922997940790476, 0.024859491386256316, 0.42495672118777295], "k_pid_alt": [0.9020104990244227, 0.0, 0.1576465649121419], "k_pid_att": [25.463483275157817, 1.1105074131954076, 0.06319566790747466], "k_pid_yaw": [0.5, 1e-06, 0.1], "k_pid_hsp": [1.606987810134683, 0.949040563752366, 0.01], "k_pid_vsp": [110.56511661686339, 130.53254854158118, 1.0]}, "datetime": {"datetime": "2025-08-21 20:40:48", "elapsed": 42965.2662422657, "delta": 15.526800632476807}, "costs": {"total_cost": 203.49408432991655, "time_cost": 70.008, "final_distance_cost": 1.7972711977144307, "oscillation_cost": 58.81575225275533, "completition_cost": 0.0, "overshoot_cost": 49.24001921866027, "power_cost": 12.451816760253907, "noise_cost": 11.181224900532625, "n_waypoints_completed": 9, "tot_waypoints": 9}}
{"target": -200.56715134633797, "params": {"k_pid_pos": [1.8922997940790476, 0.3476693083007718, 0.42495672118777295], "k_pid_alt": [1.85112020821355, 0.0, 0.6797860385434875], "k_pid_att": [63.45214009056577, 4.077532668255645, 0.9808211468183533], "k_pid_yaw": [0.5, 1e-06, 0.1], "k_pid_hsp": [1.606987810134683, 0.08333843891839088, 0.01], "k_pid_vsp": [110.56511661686339, 130.53254854158118, 1.0]}, "datetime": {"datetime": "2025-08-21 20:41:07", "elapsed": 42984.234506607056, "delta": 18.96826434135437}, "costs": {"total_cost": 200.56715134633797, "time_cost": 74.416, "final_distance_cost": 1.8024538939486232, "oscillation_cost": 39.86869173741925, "completition_cost": 0.0, "overshoot_cost": 53.11754416676479, "power_cost": 17.39725762939453, "noise_cost": 13.965203918810763, "n_waypoints_completed": 9, "tot_waypoints": 9}}
{"target": -194.87926747529698, "params": {"k_pid_pos": [1.8922997940790476, 0.024859491386256316, 0.42495672118777295], "k_pid_alt": [1.85112020821355, 0.0, 0.9040352588026142], "k_pid_att": [23.08752834258585, 4.077532668255645, 0.73590781336997], "k_pid_yaw": [0.5, 1e-06, 0.1], "k_pid_hsp": [1.606987810134683, 0.5904477871505759, 0.01], "k_pid_vsp": [110.56511661686339, 132.26915185465117, 1.0]}, "datetime": {"datetime": "2025-08-21 20:41:23", "elapsed": 42999.97129750252, "delta": 15.736790895462036}, "costs": {"total_cost": 194.87926747529698, "time_cost": 69.28, "final_distance_cost": 1.8136442417658594, "oscillation_cost": 46.31646489304785, "completition_cost": 0.0, "overshoot_cost": 50.01490763746664, "power_cost": 15.018682922363283, "noise_cost": 12.435567780653367, "n_waypoints_completed": 9, "tot_waypoints": 9}}
{"target": -185.5710748049433, "params": {"k_pid_pos": [1.8922997940790476, 0.024859491386256316, 0.11242249713100771], "k_pid_alt": [1.85112020821355, 0.0, 0.1576465649121419], "k_pid_att": [63.45214009056577, 4.077532668255645, 0.9808211468183533], "k_pid_yaw": [0.5, 1e-06, 0.1], "k_pid_hsp": [1.606987810134683, 0.08333843891839088, 0.01], "k_pid_vsp": [110.56511661686339, 130.53254854158118, 1.0]}, "datetime": {"datetime": "2025-08-21 20:41:40", "elapsed": 43017.0162255764, "delta": 17.044928073883057}, "costs": {"total_cost": 185.5710748049433, "time_cost": 68.248, "final_distance_cost": 1.775034150995811, "oscillation_cost": 41.75884119329125, "completition_cost": 0.0, "overshoot_cost": 50.355308555666745, "power_cost": 12.235643872070312, "noise_cost": 11.19824703291918, "n_waypoints_completed": 9, "tot_waypoints": 9}}
{"target": -185.25140421447665, "params": {"k_pid_pos": [1.8922997940790476, 0.024859491386256316, 0.42495672118777295], "k_pid_alt": [1.85112020821355, 0.0, 0.1576465649121419], "k_pid_att": [25.463483275157817, 1.1105074131954076, 0.73590781336997], "k_pid_yaw": [0.5, 1e-06, 0.1], "k_pid_hsp": [1.606987810134683, 0.08333843891839088, 0.01], "k_pid_vsp": [110.56511661686339, 130.53254854158118, 1.0]}, "datetime": {"datetime": "2025-08-21 20:41:56", "elapsed": 43032.54832196236, "delta": 15.53209638595581}, "costs": {"total_cost": 185.25140421447665, "time_cost": 68.64, "final_distance_cost": 1.807994607539094, "oscillation_cost": 38.69978788045506, "completition_cost": 0.0, "overshoot_cost": 50.11484340674409, "power_cost": 13.966395703125, "noise_cost": 12.022382616613411, "n_waypoints_completed": 9, "tot_waypoints": 9}}
{"target": -197.3467988422456, "params": {"k_pid_pos": [1.8922997940790476, 0.3476693083007718, 0.42495672118777295], "k_pid_alt": [1.85112020821355, 0.0, 0.6797860385434875], "k_pid_att": [23.08752834258585, 4.077532668255645, 0.08472123156462463], "k_pid_yaw": [0.5, 1e-06, 0.1], "k_pid_hsp": [1.606987810134683, 0.5904477871505759, 0.01], "k_pid_vsp": [94.78420374824373, 310.89645667885657, 1.0]}, "datetime": {"datetime": "2025-08-21 20:42:13", "elapsed": 43049.911339998245, "delta": 17.363018035888672}, "costs": {"total_cost": 197.3467988422456, "time_cost": 68.808, "final_distance_cost": 1.7569185996894812, "oscillation_cost": 62.01409333425757, "completition_cost": 0.0, "overshoot_cost": 49.50260636703942, "power_cost": 7.128213708496094, "noise_cost": 8.136966832763004, "n_waypoints_completed": 9, "tot_waypoints": 9}}
{"target": -196.44396224223783, "params": {"k_pid_pos": [1.8922997940790476, 0.3476693083007718, 0.42495672118777295], "k_pid_alt": [1.85112020821355, 0.0, 0.6797860385434875], "k_pid_att": [23.08752834258585, 4.077532668255645, 0.73590781336997], "k_pid_yaw": [0.5, 1e-06, 0.1], "k_pid_hsp": [1.606987810134683, 0.5024897330046606, 0.01], "k_pid_vsp": [110.56511661686339, 310.89645667885657, 1.0]}, "datetime": {"datetime": "2025-08-21 20:42:29", "elapsed": 43066.02460050583, "delta": 16.113260507583618}, "costs": {"total_cost": 196.44396224223783, "time_cost": 69.944, "final_distance_cost": 1.7749403836834177, "oscillation_cost": 44.11680132633275, "completition_cost": 0.0, "overshoot_cost": 49.95156090567906, "power_cost": 17.185568029785156, "noise_cost": 13.471091596757432, "n_waypoints_completed": 9, "tot_waypoints": 9}}
{"target": -194.48666302882862, "params": {"k_pid_pos": [1.8922997940790476, 0.024859491386256316, 0.37258641482387045], "k_pid_alt": [1.85112020821355, 0.0, 0.1576465649121419], "k_pid_att": [63.45214009056577, 4.077532668255645, 0.9808211468183533], "k_pid_yaw": [0.5, 1e-06, 0.1], "k_pid_hsp": [1.606987810134683, 0.08333843891839088, 0.01], "k_pid_vsp": [246.19246811454866, 130.53254854158118, 1.0]}, "datetime": {"datetime": "2025-08-21 20:42:46", "elapsed": 43082.77487039566, "delta": 16.750269889831543}, "costs": {"total_cost": 194.48666302882862, "time_cost": 69.83200000000001, "final_distance_cost": 1.8009746818963142, "oscillation_cost": 42.85694275428057, "completition_cost": 0.0, "overshoot_cost": 50.9168772593126, "power_cost": 16.004538696289064, "noise_cost": 13.07532963705003, "n_waypoints_completed": 9, "tot_waypoints": 9}}
{"target": -1342.0962388686644, "params": {"k_pid_pos": [1.1909336948537048, 0.024859491386256316, 0.42495672118777295], "k_pid_alt": [0.9020104990244227, 0.0, 0.1576465649121419], "k_pid_att": [25.463483275157817, 1.5644695049037831, 0.73590781336997], "k_pid_yaw": [0.5, 1e-06, 0.1], "k_pid_hsp": [5.427872288198201, 0.4577334205577319, 0.01], "k_pid_vsp": [110.56511661686339, 130.53254854158118, 198.53847987692703]}, "datetime": {"datetime": "2025-08-21 20:43:10", "elapsed": 43107.02311658859, "delta": 24.24824619293213}, "costs": {"total_cost": 1342.0962388686644, "time_cost": 150, "final_distance_cost": 106.3034533845761, "oscillation_cost": 33.64104355441071, "completition_cost": 888.8888888888888, "overshoot_cost": 113.63795626144355, "power_cost": 15.626960131835938, "noise_cost": 33.997936647509334, "n_waypoints_completed": 1, "tot_waypoints": 9}}
{"target": -217.05926221062447, "params": {"k_pid_pos": [1.8922997940790476, 0.024859491386256316, 0.11242249713100771], "k_pid_alt": [1.85112020821355, 0.0, 0.1576465649121419], "k_pid_att": [63.45214009056577, 4.077532668255645, 0.9808211468183533], "k_pid_yaw": [0.5, 1e-06, 0.1], "k_pid_hsp": [1.606987810134683, 0.9096432186945209, 0.13829034581553945], "k_pid_vsp": [394.6113025542496, 130.53254854158118, 1.0]}, "datetime": {"datetime": "2025-08-21 20:43:27", "elapsed": 43123.95801782608, "delta": 16.934901237487793}, "costs": {"total_cost": 217.05926221062447, "time_cost": 69.19200000000001, "final_distance_cost": 1.7583642728121147, "oscillation_cost": 71.45315248627004, "completition_cost": 0.0, "overshoot_cost": 51.10557379450562, "power_cost": 12.312978137207033, "noise_cost": 11.237193519829644, "n_waypoints_completed": 9, "tot_waypoints": 9}}
{"target": -203.9253409326196, "params": {"k_pid_pos": [1.8922997940790476, 0.5731276815533257, 0.6428149468543811], "k_pid_alt": [1.85112020821355, 0.0, 0.1576465649121419], "k_pid_att": [25.463483275157817, 1.1105074131954076, 0.73590781336997], "k_pid_yaw": [0.5, 1e-06, 0.1], "k_pid_hsp": [1.606987810134683, 0.08333843891839088, 0.01], "k_pid_vsp": [110.56511661686339, 130.53254854158118, 1.0]}, "datetime": {"datetime": "2025-08-21 20:43:46", "elapsed": 43142.49908256531, "delta": 18.541064739227295}, "costs": {"total_cost": 203.9253409326196, "time_cost": 78.176, "final_distance_cost": 1.776910812898307, "oscillation_cost": 43.58319613358627, "completition_cost": 0.0, "overshoot_cost": 51.22943699482246, "power_cost": 15.801470019531251, "noise_cost": 13.358326971781317, "n_waypoints_completed": 9, "tot_waypoints": 9}}
{"target": -205.82110709348837, "params": {"k_pid_pos": [0.5060692904340539, 0.517989997140969, 0.42495672118777295], "k_pid_alt": [1.85112020821355, 0.0, 0.1576465649121419], "k_pid_att": [32.5006215253743, 1.4171773283956124, 0.9808211468183533], "k_pid_yaw": [0.5, 1e-06, 0.1], "k_pid_hsp": [1.606987810134683, 0.30087628819501033, 0.01], "k_pid_vsp": [110.56511661686339, 130.53254854158118, 1.0]}, "datetime": {"datetime": "2025-08-21 20:44:04", "elapsed": 43161.31892180443, "delta": 18.819839239120483}, "costs": {"total_cost": 205.82110709348837, "time_cost": 80.06400000000001, "final_distance_cost": 1.7847330800044188, "oscillation_cost": 38.40994622067427, "completition_cost": 0.0, "overshoot_cost": 51.171303161775725, "power_cost": 18.863674682617187, "noise_cost": 15.527449948416765, "n_waypoints_completed": 9, "tot_waypoints": 9}}
{"target": -858.7296615095873, "params": {"k_pid_pos": [0.1503089134600384, 0.024859491386256316, 0.42495672118777295], "k_pid_alt": [1.85112020821355, 0.0, 0.1576465649121419], "k_pid_att": [63.45214009056577, 4.077532668255645, 0.73590781336997], "k_pid_yaw": [0.5, 1e-06, 0.1], "k_pid_hsp": [1.606987810134683, 0.08333843891839088, 0.01], "k_pid_vsp": [110.56511661686339, 130.53254854158118, 1.0]}, "datetime": {"datetime": "2025-08-21 20:44:28", "elapsed": 43184.904453754425, "delta": 23.58553194999695}, "costs": {"total_cost": 858.7296615095873, "time_cost": 150, "final_distance_cost": 52.72478388211885, "oscillation_cost": 18.14900700219521, "completition_cost": 555.5555555555555, "overshoot_cost": 52.30204625972866, "power_cost": 15.946154614257813, "noise_cost": 14.052114195731324, "n_waypoints_completed": 4, "tot_waypoints": 9}}
{"target": -541.3821939124407, "params": {"k_pid_pos": [1.8922997940790476, 0.024859491386256316, 0.11242249713100771], "k_pid_alt": [1.85112020821355, 0.830663062962654, 0.1576465649121419], "k_pid_att": [63.45214009056577, 4.077532668255645, 0.9808211468183533], "k_pid_yaw": [0.5, 1e-06, 0.1], "k_pid_hsp": [1.606987810134683, 0.3858464249157715, 0.4637715305365492], "k_pid_vsp": [110.56511661686339, 358.6849875786727, 1.0]}, "datetime": {"datetime": "2025-08-21 20:44:53", "elapsed": 43209.924970149994, "delta": 25.020516395568848}, "costs": {"total_cost": 541.3821939124407, "time_cost": 150, "final_distance_cost": 16.137211925820775, "oscillation_cost": 172.00896878904078, "completition_cost": 111.11111111111116, "overshoot_cost": 54.944564370598926, "power_cost": 20.151313623046875, "noise_cost": 17.029024092822162, "n_waypoints_completed": 8, "tot_waypoints": 9}}
{"target": -233.2645929120035, "params": {"k_pid_pos": [1.8922997940790476, 0.024859491386256316, 0.42495672118777295], "k_pid_alt": [0.8427743855844962, 0.0, 0.5449280578686585], "k_pid_att": [58.989274729095186, 4.2484062323494, 0.9808211468183533], "k_pid_yaw": [0.5, 1e-06, 0.1], "k_pid_hsp": [8.33097044068181, 0.08333843891839088, 0.01], "k_pid_vsp": [110.56511661686339, 130.53254854158118, 1.0]}, "datetime": {"datetime": "2025-08-21 20:45:10", "elapsed": 43226.985981702805, "delta": 17.06101155281067}, "costs": {"total_cost": 233.2645929120035, "time_cost": 75.656, "final_distance_cost": 1.8352898257994135, "oscillation_cost": 76.27382216004271, "completition_cost": 0.0, "overshoot_cost": 50.87462906685596, "power_cost": 15.617572766113282, "noise_cost": 13.007279093192144, "n_waypoints_completed": 9, "tot_waypoints": 9}}
{"target": -3186.3802079224365, "params": {"k_pid_pos": [1.6539202065587246, 0.024859491386256316, 0.42495672118777295], "k_pid_alt": [1.85112020821355, 0.0, 0.1576465649121419], "k_pid_att": [25.463483275157817, 1.1105074131954076, 0.73590781336997], "k_pid_yaw": [0.5, 1e-06, 0.1], "k_pid_hsp": [1.606987810134683, 0.08333843891839088, 0.01], "k_pid_vsp": [27.820441695830667, 130.53254854158118, 219.8576176480552]}, "datetime": {"datetime": "2025-08-21 20:45:35", "elapsed": 43252.35222196579, "delta": 25.36624026298523}, "costs": {"total_cost": 3186.3802079224365, "time_cost": 150, "final_distance_cost": 862.790217899816, "oscillation_cost": 32.05756953823801, "completition_cost": 888.8888888888888, "overshoot_cost": 1232.126501166582, "power_cost": 10.29029970703125, "noise_cost": 10.22673072188028, "n_waypoints_completed": 1, "tot_waypoints": 9}}
{"target": -187.4337646768695, "params": {"k_pid_pos": [1.8922997940790476, 0.024859491386256316, 0.42495672118777295], "k_pid_alt": [1.85112020821355, 0.0, 0.1576465649121419], "k_pid_att": [25.463483275157817, 9.679534059136797, 0.73590781336997], "k_pid_yaw": [0.5, 1e-06, 0.1], "k_pid_hsp": [1.606987810134683, 0.08333843891839088, 0.01], "k_pid_vsp": [110.56511661686339, 130.53254854158118, 1.0]}, "datetime": {"datetime": "2025-08-21 20:45:51", "elapsed": 43267.8422164917, "delta": 15.489994525909424}, "costs": {"total_cost": 187.4337646768695, "time_cost": 68.632, "final_distance_cost": 1.8229823814934982, "oscillation_cost": 40.067273118351046, "completition_cost": 0.0, "overshoot_cost": 50.07675735994271, "power_cost": 14.537307873535157, "noise_cost": 12.297443943547039, "n_waypoints_completed": 9, "tot_waypoints": 9}}
{"target": -364.9448665115325, "params": {"k_pid_pos": [1.8922997940790476, 0.024859491386256316, 0.42495672118777295], "k_pid_alt": [1.85112020821355, 0.0, 0.05010974591185968], "k_pid_att": [63.45214009056577, 4.077532668255645, 0.9808211468183533], "k_pid_yaw": [0.5, 1e-06, 0.1], "k_pid_hsp": [1.606987810134683, 0.4577334205577319, 0.8787305012148737], "k_pid_vsp": [110.56511661686339, 130.53254854158118, 1.0]}, "datetime": {"datetime": "2025-08-21 20:46:13", "elapsed": 43289.70116305351, "delta": 21.858946561813354}, "costs": {"total_cost": 364.9448665115325, "time_cost": 83.536, "final_distance_cost": 1.7475067917183087, "oscillation_cost": 189.70798798240173, "completition_cost": 0.0, "overshoot_cost": 60.638004162638545, "power_cost": 15.036754748535158, "noise_cost": 14.278612826238792, "n_waypoints_completed": 9, "tot_waypoints": 9}}
{"target": -182.68080483350525, "params": {"k_pid_pos": [1.8922997940790476, 0.024859491386256316, 0.42495672118777295], "k_pid_alt": [1.4696857836520854, 0.0, 0.1576465649121419], "k_pid_att": [25.463483275157817, 1.1105074131954076, 0.73590781336997], "k_pid_yaw": [0.5, 1e-06, 0.1], "k_pid_hsp": [1.606987810134683, 0.08333843891839088, 0.01], "k_pid_vsp": [110.56511661686339, 306.5653082406949, 1.0]}, "datetime": {"datetime": "2025-08-21 20:46:29", "elapsed": 43305.727769851685, "delta": 16.026606798171997}, "costs": {"total_cost": 182.68080483350525, "time_cost": 68.032, "final_distance_cost": 1.79661909316889, "oscillation_cost": 41.04578440550094, "completition_cost": 0.0, "overshoot_cost": 49.43636361468316, "power_cost": 11.586685913085939, "noise_cost": 10.783351807066298, "n_waypoints_completed": 9, "tot_waypoints": 9}}
