{"target": -186.9473377289973, "params": {"k_pid_pos": [1.8922997940790476, 0.024859491386256316, 0.6250867496839783], "k_pid_alt": [0.8511837275376319, 0.0, 0.19998319442575607], "k_pid_att": [58.989274729095186, 7.759679484325445, 0.73590781336997], "k_pid_yaw": [0.5, 1e-06, 0.1], "k_pid_hsp": [1.606987810134683, 0.1531003758033771, 0.01], "k_pid_vsp": [110.56511661686339, 130.53254854158118, 1.0]}, "datetime": {"datetime": "2025-08-21 18:55:55", "elapsed": 36671.6967689991, "delta": 18.639482498168945}, "costs": {"total_cost": 186.9473377289973, "time_cost": 71.376, "final_distance_cost": 1.8178230070207462, "oscillation_cost": 38.16896380183342, "completition_cost": 0.0, "overshoot_cost": 50.38009558425238, "power_cost": 13.350731066894532, "noise_cost": 11.853724268996226, "n_waypoints_completed": 9, "tot_waypoints": 9}}
{"target": -220.34132522700548, "params": {"k_pid_pos": [1.8922997940790476, 0.37359188225548623, 0.6250867496839783], "k_pid_alt": [1.1098775236402525, 0.7640032503607427, 0.1576465649121419], "k_pid_att": [25.463483275157817, 2.883280065129859, 0.73590781336997], "k_pid_yaw": [0.5, 1e-06, 0.1], "k_pid_hsp": [1.606987810134683, 0.1531003758033771, 0.01], "k_pid_vsp": [305.67975269326223, 59.083466427248936, 1.0]}, "datetime": {"datetime": "2025-08-21 18:56:15", "elapsed": 36691.83947753906, "delta": 20.14270853996277}, "costs": {"total_cost": 220.34132522700548, "time_cost": 87.52, "final_distance_cost": 1.7295085403593293, "oscillation_cost": 56.52665824266941, "completition_cost": 0.0, "overshoot_cost": 54.08720828017124, "power_cost": 9.99551796875, "noise_cost": 10.482432195055503, "n_waypoints_completed": 9, "tot_waypoints": 9}}
{"target": -200.72546398277592, "params": {"k_pid_pos": [0.5544350973877843, 0.05987593904989075, 0.37255195504867966], "k_pid_alt": [1.9160597436741602, 0.0, 0.24963731093625008], "k_pid_att": [58.989274729095186, 5.859554809351448, 0.8612643910736462], "k_pid_yaw": [0.5, 1e-06, 0.1], "k_pid_hsp": [1.606987810134683, 0.1531003758033771, 0.01], "k_pid_vsp": [110.56511661686339, 261.48215325333564, 1.0]}, "datetime": {"datetime": "2025-08-21 18:56:35", "elapsed": 36712.3898191452, "delta": 20.550341606140137}, "costs": {"total_cost": 200.72546398277592, "time_cost": 82.376, "final_distance_cost": 1.8466508337951493, "oscillation_cost": 36.99517470272656, "completition_cost": 0.0, "overshoot_cost": 51.35202148139175, "power_cost": 14.059914233398437, "noise_cost": 14.095702731463993, "n_waypoints_completed": 9, "tot_waypoints": 9}}
{"target": -180.2214909178935, "params": {"k_pid_pos": [1.8922997940790476, 0.024859491386256316, 0.6250867496839783], "k_pid_alt": [1.1098775236402525, 0.0, 0.1576465649121419], "k_pid_att": [58.989274729095186, 5.859554809351448, 0.73590781336997], "k_pid_yaw": [0.5, 1e-06, 0.1], "k_pid_hsp": [1.8683835514128975, 0.08333843891839088, 0.01], "k_pid_vsp": [110.56511661686339, 130.53254854158118, 1.0]}, "datetime": {"datetime": "2025-08-21 18:56:51", "elapsed": 36728.152436971664, "delta": 15.762617826461792}, "costs": {"total_cost": 180.2214909178935, "time_cost": 69.16, "final_distance_cost": 1.8071313748528732, "oscillation_cost": 41.48850808388273, "completition_cost": 0.0, "overshoot_cost": 49.474023055689734, "power_cost": 8.832742639160157, "noise_cost": 9.459085764308009, "n_waypoints_completed": 9, "tot_waypoints": 9}}
{"target": -664.7486061512957, "params": {"k_pid_pos": [1.8922997940790476, 0.024859491386256316, 0.6250867496839783], "k_pid_alt": [1.1098775236402525, 0.0, 0.1576465649121419], "k_pid_att": [58.989274729095186, 5.859554809351448, 0.73590781336997], "k_pid_yaw": [0.5, 1e-06, 0.1], "k_pid_hsp": [1.8683835514128975, 0.1531003758033771, 0.9120886956177368], "k_pid_vsp": [110.56511661686339, 210.91861290663223, 1.0]}, "datetime": {"datetime": "2025-08-21 18:57:16", "elapsed": 36752.918905735016, "delta": 24.76646876335144}, "costs": {"total_cost": 664.7486061512957, "time_cost": 150, "final_distance_cost": 20.661916437980423, "oscillation_cost": 290.54990835787373, "completition_cost": 111.11111111111116, "overshoot_cost": 57.01894418041769, "power_cost": 19.603033593750002, "noise_cost": 15.803692470162618, "n_waypoints_completed": 8, "tot_waypoints": 9}}
{"target": -185.02462383886225, "params": {"k_pid_pos": [1.8922997940790476, 0.024859491386256316, 0.6250867496839783], "k_pid_alt": [1.1098775236402525, 0.0, 0.1576465649121419], "k_pid_att": [25.463483275157817, 5.859554809351448, 0.73590781336997], "k_pid_yaw": [0.5, 1e-06, 0.1], "k_pid_hsp": [1.606987810134683, 0.1531003758033771, 0.01], "k_pid_vsp": [110.56511661686339, 130.53254854158118, 1.0]}, "datetime": {"datetime": "2025-08-21 18:57:32", "elapsed": 36768.82827758789, "delta": 15.909371852874756}, "costs": {"total_cost": 185.02462383886225, "time_cost": 69.08800000000001, "final_distance_cost": 1.8171921782926825, "oscillation_cost": 41.90217900062702, "completition_cost": 0.0, "overshoot_cost": 49.74634882209043, "power_cost": 11.692332739257813, "noise_cost": 10.778571098594316, "n_waypoints_completed": 9, "tot_waypoints": 9}}
{"target": -181.89353326313716, "params": {"k_pid_pos": [1.8922997940790476, 0.024859491386256316, 0.6250867496839783], "k_pid_alt": [1.1098775236402525, 0.0, 0.1576465649121419], "k_pid_att": [58.989274729095186, 5.859554809351448, 0.73590781336997], "k_pid_yaw": [0.5, 1e-06, 0.1], "k_pid_hsp": [1.8683835514128975, 0.08333843891839088, 0.01], "k_pid_vsp": [110.56511661686339, 130.53254854158118, 1.0]}, "datetime": {"datetime": "2025-08-21 18:57:50", "elapsed": 36786.482587099075, "delta": 17.654309511184692}, "costs": {"total_cost": 181.89353326313716, "time_cost": 69.328, "final_distance_cost": 1.8223309347820944, "oscillation_cost": 38.74709701500051, "completition_cost": 0.0, "overshoot_cost": 49.8630146924518, "power_cost": 11.307530383300781, "noise_cost": 10.825560237601977, "n_waypoints_completed": 9, "tot_waypoints": 9}}
{"target": -180.76861176646642, "params": {"k_pid_pos": [1.8922997940790476, 0.05987593904989075, 0.37255195504867966], "k_pid_alt": [1.9160597436741602, 0.0, 0.1576465649121419], "k_pid_att": [58.989274729095186, 5.859554809351448, 0.8612643910736462], "k_pid_yaw": [0.5, 1e-06, 0.1], "k_pid_hsp": [1.606987810134683, 0.08333843891839088, 0.01], "k_pid_vsp": [110.56511661686339, 130.53254854158118, 1.0]}, "datetime": {"datetime": "2025-08-21 18:58:05", "elapsed": 36801.78974699974, "delta": 15.307159900665283}, "costs": {"total_cost": 180.76861176646642, "time_cost": 67.70400000000001, "final_distance_cost": 1.8117062544000866, "oscillation_cost": 41.225469123122025, "completition_cost": 0.0, "overshoot_cost": 50.03837845894074, "power_cost": 9.959211096191407, "noise_cost": 10.029846833812154, "n_waypoints_completed": 9, "tot_waypoints": 9}}
{"target": -185.69669082033622, "params": {"k_pid_pos": [1.8922997940790476, 0.024859491386256316, 0.6250867496839783], "k_pid_alt": [0.8511837275376319, 0.0, 0.19998319442575607], "k_pid_att": [58.989274729095186, 2.1368568635634517, 0.73590781336997], "k_pid_yaw": [0.5, 1e-06, 0.1], "k_pid_hsp": [1.606987810134683, 0.0953687395585695, 0.01], "k_pid_vsp": [305.67975269326223, 210.91861290663223, 1.0]}, "datetime": {"datetime": "2025-08-21 18:58:23", "elapsed": 36819.8378136158, "delta": 18.04806661605835}, "costs": {"total_cost": 185.69669082033622, "time_cost": 71.28, "final_distance_cost": 1.8267877315431458, "oscillation_cost": 39.15532022712522, "completition_cost": 0.0, "overshoot_cost": 50.0309578354702, "power_cost": 12.124206750488282, "noise_cost": 11.279418275709379, "n_waypoints_completed": 9, "tot_waypoints": 9}}
{"target": -223.71013833888745, "params": {"k_pid_pos": [1.8922997940790476, 0.024859491386256316, 0.31521214959827404], "k_pid_alt": [1.1098775236402525, 0.0, 0.9944952565853343], "k_pid_att": [91.95156147363284, 8.592990512376142, 0.73590781336997], "k_pid_yaw": [0.5, 1e-06, 0.1], "k_pid_hsp": [1.8683835514128975, 0.1531003758033771, 0.01], "k_pid_vsp": [110.56511661686339, 261.48215325333564, 1.0]}, "datetime": {"datetime": "2025-08-21 18:58:42", "elapsed": 36838.70687317848, "delta": 18.869059562683105}, "costs": {"total_cost": 223.71013833888745, "time_cost": 81.416, "final_distance_cost": 1.8043530657905777, "oscillation_cost": 47.861623311819464, "completition_cost": 0.0, "overshoot_cost": 55.52924309791822, "power_cost": 21.20915926513672, "noise_cost": 15.88975959822246, "n_waypoints_completed": 9, "tot_waypoints": 9}}
{"target": -208.27935817932823, "params": {"k_pid_pos": [1.8922997940790476, 0.024859491386256316, 0.6250867496839783], "k_pid_alt": [1.1098775236402525, 0.0, 0.1576465649121419], "k_pid_att": [58.989274729095186, 5.859554809351448, 0.73590781336997], "k_pid_yaw": [0.5, 1e-06, 0.1], "k_pid_hsp": [8.246411399521614, 0.1531003758033771, 0.01], "k_pid_vsp": [110.56511661686339, 261.48215325333564, 1.0]}, "datetime": {"datetime": "2025-08-21 18:58:59", "elapsed": 36855.933480501175, "delta": 17.22660732269287}, "costs": {"total_cost": 208.27935817932823, "time_cost": 69.712, "final_distance_cost": 1.8220746490140889, "oscillation_cost": 62.594971016163285, "completition_cost": 0.0, "overshoot_cost": 49.69328628086901, "power_cost": 12.883863122558594, "noise_cost": 11.573163110723236, "n_waypoints_completed": 9, "tot_waypoints": 9}}
{"target": -234.1980775235665, "params": {"k_pid_pos": [1.9024756402269658, 0.9737616190427607, 0.6250867496839783], "k_pid_alt": [1.1098775236402525, 0.0, 0.1576465649121419], "k_pid_att": [12.43088436511497, 1.1166001057131414, 0.73590781336997], "k_pid_yaw": [0.5, 1e-06, 0.1], "k_pid_hsp": [1.606987810134683, 0.1531003758033771, 0.01], "k_pid_vsp": [305.67975269326223, 59.083466427248936, 1.0]}, "datetime": {"datetime": "2025-08-21 18:59:20", "elapsed": 36876.86453509331, "delta": 20.93105459213257}, "costs": {"total_cost": 234.1980775235665, "time_cost": 88.008, "final_distance_cost": 1.7006605088497566, "oscillation_cost": 52.29461989238567, "completition_cost": 0.0, "overshoot_cost": 55.463313050235314, "power_cost": 20.56389813232422, "noise_cost": 16.167585939771534, "n_waypoints_completed": 9, "tot_waypoints": 9}}
{"target": -184.58978353076273, "params": {"k_pid_pos": [1.8922997940790476, 0.024859491386256316, 0.6250867496839783], "k_pid_alt": [1.1098775236402525, 0.0, 0.1576465649121419], "k_pid_att": [25.463483275157817, 5.859554809351448, 0.73590781336997], "k_pid_yaw": [0.5, 1e-06, 0.1], "k_pid_hsp": [1.606987810134683, 0.1531003758033771, 0.01], "k_pid_vsp": [303.00008221409286, 59.083466427248936, 1.0]}, "datetime": {"datetime": "2025-08-21 18:59:37", "elapsed": 36893.96473288536, "delta": 17.100197792053223}, "costs": {"total_cost": 184.58978353076273, "time_cost": 69.752, "final_distance_cost": 1.8069180960302604, "oscillation_cost": 40.00167782129627, "completition_cost": 0.0, "overshoot_cost": 49.97640432017565, "power_cost": 11.897378271484376, "noise_cost": 11.155405021776183, "n_waypoints_completed": 9, "tot_waypoints": 9}}
{"target": -187.59293328103328, "params": {"k_pid_pos": [1.8922997940790476, 0.05987593904989075, 0.37255195504867966], "k_pid_alt": [1.9160597436741602, 0.0, 0.20116253882959134], "k_pid_att": [58.989274729095186, 1.1166001057131414, 0.73590781336997], "k_pid_yaw": [0.5, 1e-06, 0.1], "k_pid_hsp": [1.606987810134683, 0.4188489342674864, 0.01], "k_pid_vsp": [305.67975269326223, 59.083466427248936, 1.0]}, "datetime": {"datetime": "2025-08-21 18:59:55", "elapsed": 36911.69622206688, "delta": 17.731489181518555}, "costs": {"total_cost": 187.59293328103328, "time_cost": 68.72, "final_distance_cost": 1.7703067544590554, "oscillation_cost": 45.75485397369843, "completition_cost": 0.0, "overshoot_cost": 50.52881335557309, "power_cost": 10.459640307617189, "noise_cost": 10.359318889685504, "n_waypoints_completed": 9, "tot_waypoints": 9}}
{"target": -242.20690667236892, "params": {"k_pid_pos": [1.8922997940790476, 0.024859491386256316, 0.00015202940505454343], "k_pid_alt": [1.1098775236402525, 0.2604200777612833, 0.1576465649121419], "k_pid_att": [12.43088436511497, 3.5099664417117094, 0.73590781336997], "k_pid_yaw": [0.5, 1e-06, 0.1], "k_pid_hsp": [1.606987810134683, 0.1531003758033771, 0.01], "k_pid_vsp": [74.77564525577915, 130.53254854158118, 1.0]}, "datetime": {"datetime": "2025-08-21 19:00:17", "elapsed": 36934.16856765747, "delta": 22.47234559059143}, "costs": {"total_cost": 242.20690667236892, "time_cost": 93.368, "final_distance_cost": 1.7804776117019816, "oscillation_cost": 56.146906794708165, "completition_cost": 0.0, "overshoot_cost": 54.13638315507899, "power_cost": 20.538216723632814, "noise_cost": 16.23692238724697, "n_waypoints_completed": 9, "tot_waypoints": 9}}
{"target": -779.6434702247132, "params": {"k_pid_pos": [1.8922997940790476, 0.024859491386256316, 0.6250867496839783], "k_pid_alt": [0.19101968534793023, 0.0, 0.34896905729571814], "k_pid_att": [25.463483275157817, 1.4953935029224072, 0.73590781336997], "k_pid_yaw": [0.5, 1e-06, 0.1], "k_pid_hsp": [8.745602141776535, 0.1531003758033771, 0.01], "k_pid_vsp": [110.56511661686339, 130.53254854158118, 1.0]}, "datetime": {"datetime": "2025-08-21 19:00:40", "elapsed": 36956.90055632591, "delta": 22.731988668441772}, "costs": {"total_cost": 779.6434702247132, "time_cost": 150, "final_distance_cost": 65.27299636640726, "oscillation_cost": 153.1783020189581, "completition_cost": 333.33333333333337, "overshoot_cost": 42.65917195834994, "power_cost": 19.335257922363283, "noise_cost": 15.864408625301113, "n_waypoints_completed": 6, "tot_waypoints": 9}}
{"target": -225.3693361699093, "params": {"k_pid_pos": [1.8922997940790476, 0.024859491386256316, 0.6250867496839783], "k_pid_alt": [0.8511837275376319, 0.0, 0.39442133285224246], "k_pid_att": [58.989274729095186, 2.1368568635634517, 0.73590781336997], "k_pid_yaw": [0.5, 1e-06, 0.1], "k_pid_hsp": [1.606987810134683, 0.0953687395585695, 0.01], "k_pid_vsp": [305.67975269326223, 174.98827989243384, 1.0]}, "datetime": {"datetime": "2025-08-21 19:01:00", "elapsed": 36976.74572682381, "delta": 19.845170497894287}, "costs": {"total_cost": 225.3693361699093, "time_cost": 81.176, "final_distance_cost": 1.7872806165488588, "oscillation_cost": 41.17536931922892, "completition_cost": 0.0, "overshoot_cost": 57.012775710004625, "power_cost": 23.988421911621096, "noise_cost": 20.229488612505797, "n_waypoints_completed": 9, "tot_waypoints": 9}}
{"target": -356.2614529607002, "params": {"k_pid_pos": [1.8922997940790476, 0.6065905981880756, 0.37255195504867966], "k_pid_alt": [1.9160597436741602, 0.0, 0.1576465649121419], "k_pid_att": [58.989274729095186, 5.859554809351448, 0.7791897743523201], "k_pid_yaw": [0.5, 1e-06, 0.1], "k_pid_hsp": [1.606987810134683, 0.08333843891839088, 0.7870259810672217], "k_pid_vsp": [110.56511661686339, 130.53254854158118, 1.0]}, "datetime": {"datetime": "2025-08-21 19:01:22", "elapsed": 36998.824778318405, "delta": 22.07905149459839}, "costs": {"total_cost": 356.2614529607002, "time_cost": 96.736, "final_distance_cost": 1.7522027062596595, "oscillation_cost": 153.97053915370927, "completition_cost": 0.0, "overshoot_cost": 62.410082890885555, "power_cost": 22.557554992675783, "noise_cost": 18.83507321716991, "n_waypoints_completed": 9, "tot_waypoints": 9}}
{"target": -192.11820879832433, "params": {"k_pid_pos": [1.8922997940790476, 0.05987593904989075, 0.9449229903817213], "k_pid_alt": [0.8511837275376319, 0.0, 0.19998319442575607], "k_pid_att": [58.989274729095186, 2.1368568635634517, 0.680058006373419], "k_pid_yaw": [0.5, 1e-06, 0.1], "k_pid_hsp": [1.606987810134683, 0.0953687395585695, 0.01], "k_pid_vsp": [62.17525342689419, 210.91861290663223, 1.0]}, "datetime": {"datetime": "2025-08-21 19:01:41", "elapsed": 37018.1180934906, "delta": 19.293315172195435}, "costs": {"total_cost": 192.11820879832433, "time_cost": 71.856, "final_distance_cost": 1.8440440522535695, "oscillation_cost": 45.33446511604193, "completition_cost": 0.0, "overshoot_cost": 50.31603551814958, "power_cost": 11.595648254394531, "noise_cost": 11.172015857484727, "n_waypoints_completed": 9, "tot_waypoints": 9}}
{"target": -183.68679144502008, "params": {"k_pid_pos": [1.8922997940790476, 0.024859491386256316, 0.37255195504867966], "k_pid_alt": [1.9160597436741602, 0.0, 0.1576465649121419], "k_pid_att": [58.989274729095186, 5.859554809351448, 0.8612643910736462], "k_pid_yaw": [0.5, 1e-06, 0.1], "k_pid_hsp": [1.606987810134683, 0.08333843891839088, 0.01], "k_pid_vsp": [110.56511661686339, 130.53254854158118, 1.0]}, "datetime": {"datetime": "2025-08-21 19:01:57", "elapsed": 37033.58577442169, "delta": 15.467680931091309}, "costs": {"total_cost": 183.68679144502008, "time_cost": 68.488, "final_distance_cost": 1.812791793649461, "oscillation_cost": 39.114990349148634, "completition_cost": 0.0, "overshoot_cost": 51.00576163046739, "power_cost": 12.056499145507813, "noise_cost": 11.208748526246767, "n_waypoints_completed": 9, "tot_waypoints": 9}}
{"target": -402.9760481995376, "params": {"k_pid_pos": [1.8922997940790476, 0.29061992749259713, 0.6250867496839783], "k_pid_alt": [1.1098775236402525, 0.0, 0.2175152931931581], "k_pid_att": [25.463483275157817, 5.859554809351448, 0.73590781336997], "k_pid_yaw": [0.5, 1e-06, 0.1], "k_pid_hsp": [1.606987810134683, 0.1531003758033771, 0.3019130269473044], "k_pid_vsp": [305.67975269326223, 381.5944454308432, 1.0]}, "datetime": {"datetime": "2025-08-21 19:02:19", "elapsed": 37055.4857544899, "delta": 21.899980068206787}, "costs": {"total_cost": 402.9760481995376, "time_cost": 89.008, "final_distance_cost": 1.733318306087016, "oscillation_cost": 221.81735113286902, "completition_cost": 0.0, "overshoot_cost": 53.67814675298296, "power_cost": 20.31895025634766, "noise_cost": 16.42028175125099, "n_waypoints_completed": 9, "tot_waypoints": 9}}
{"target": -180.25715185998686, "params": {"k_pid_pos": [1.8922997940790476, 0.024859491386256316, 0.6250867496839783], "k_pid_alt": [1.1098775236402525, 0.0, 0.1576465649121419], "k_pid_att": [25.463483275157817, 1.4953935029224072, 0.73590781336997], "k_pid_yaw": [0.5, 1e-06, 0.1], "k_pid_hsp": [1.606987810134683, 0.1531003758033771, 0.01], "k_pid_vsp": [110.56511661686339, 130.53254854158118, 1.0]}, "datetime": {"datetime": "2025-08-21 19:02:35", "elapsed": 37071.87156057358, "delta": 16.3858060836792}, "costs": {"total_cost": 180.25715185998686, "time_cost": 69.056, "final_distance_cost": 1.8300443248549005, "oscillation_cost": 39.65415417111939, "completition_cost": 0.0, "overshoot_cost": 49.55082704913019, "power_cost": 10.155762854003907, "noise_cost": 10.010363460878507, "n_waypoints_completed": 9, "tot_waypoints": 9}}
{"target": -186.99793365932777, "params": {"k_pid_pos": [1.8922997940790476, 0.024859491386256316, 0.6250867496839783], "k_pid_alt": [0.8511837275376319, 0.0, 0.19998319442575607], "k_pid_att": [58.989274729095186, 2.1368568635634517, 0.73590781336997], "k_pid_yaw": [0.5, 1e-06, 0.1], "k_pid_hsp": [1.606987810134683, 0.08333843891839088, 0.01], "k_pid_vsp": [110.56511661686339, 130.53254854158118, 1.0]}, "datetime": {"datetime": "2025-08-21 19:02:51", "elapsed": 37088.18107700348, "delta": 16.309516429901123}, "costs": {"total_cost": 186.99793365932777, "time_cost": 71.424, "final_distance_cost": 1.8294434675504865, "oscillation_cost": 36.99768705104026, "completition_cost": 0.0, "overshoot_cost": 50.7575656853911, "power_cost": 13.928910107421876, "noise_cost": 12.060327347924051, "n_waypoints_completed": 9, "tot_waypoints": 9}}
{"target": -182.72529558489606, "params": {"k_pid_pos": [1.8922997940790476, 0.05987593904989075, 0.37255195504867966], "k_pid_alt": [1.9160597436741602, 0.0, 0.1576465649121419], "k_pid_att": [58.989274729095186, 1.5839964871973657, 0.8612643910736462], "k_pid_yaw": [0.5, 1e-06, 0.1], "k_pid_hsp": [1.606987810134683, 0.0953687395585695, 0.01], "k_pid_vsp": [305.67975269326223, 210.91861290663223, 1.0]}, "datetime": {"datetime": "2025-08-21 19:03:09", "elapsed": 37106.04092860222, "delta": 17.859851598739624}, "costs": {"total_cost": 182.72529558489606, "time_cost": 68.248, "final_distance_cost": 1.8032708023534503, "oscillation_cost": 40.405715834840265, "completition_cost": 0.0, "overshoot_cost": 50.3292153435285, "power_cost": 11.206134497070313, "noise_cost": 10.732959107103497, "n_waypoints_completed": 9, "tot_waypoints": 9}}
{"target": -207.61384805688633, "params": {"k_pid_pos": [1.8922997940790476, 0.05987593904989075, 0.37255195504867966], "k_pid_alt": [1.1098775236402525, 0.229763914573474, 0.1576465649121419], "k_pid_att": [25.463483275157817, 1.4953935029224072, 0.73590781336997], "k_pid_yaw": [0.5, 1e-06, 0.1], "k_pid_hsp": [1.606987810134683, 0.2065634654577695, 0.01], "k_pid_vsp": [110.56511661686339, 130.53254854158118, 1.0]}, "datetime": {"datetime": "2025-08-21 19:03:27", "elapsed": 37124.01491880417, "delta": 17.973990201950073}, "costs": {"total_cost": 207.61384805688633, "time_cost": 77.992, "final_distance_cost": 1.7628595136945946, "oscillation_cost": 53.68651253709398, "completition_cost": 0.0, "overshoot_cost": 50.94885283676753, "power_cost": 11.969146752929689, "noise_cost": 11.254476416400548, "n_waypoints_completed": 9, "tot_waypoints": 9}}
{"target": -178.20573021836685, "params": {"k_pid_pos": [1.8922997940790476, 0.0822904257601288, 0.6250867496839783], "k_pid_alt": [1.9160597436741602, 0.0, 0.1576465649121419], "k_pid_att": [58.989274729095186, 5.859554809351448, 0.9808211468183533], "k_pid_yaw": [0.5, 1e-06, 0.1], "k_pid_hsp": [1.606987810134683, 0.08333843891839088, 0.01], "k_pid_vsp": [110.56511661686339, 130.53254854158118, 1.0]}, "datetime": {"datetime": "2025-08-21 19:03:44", "elapsed": 37141.155660390854, "delta": 17.14074158668518}, "costs": {"total_cost": 178.20573021836685, "time_cost": 68.096, "final_distance_cost": 1.8322983053578272, "oscillation_cost": 41.07798963156754, "completition_cost": 0.0, "overshoot_cost": 49.91009636241659, "power_cost": 8.24608125, "noise_cost": 9.043264669024895, "n_waypoints_completed": 9, "tot_waypoints": 9}}
