{"target": -194.17420791647316, "params": {"k_pid_pos": [1.9176378968916694, 0.024859491386256316, 0.11401919133455096], "k_pid_alt": [1.1736461563227703, 0.0, 0.1576465649121419], "k_pid_att": [58.989274729095186, 9.994776192526535, 0.8739915892735461], "k_pid_yaw": [0.5, 1e-06, 0.1], "k_pid_hsp": [1.0, 0.1531003758033771, 0.01], "k_pid_vsp": [378.2079564087626, 355.21150340299164, 1.0]}, "datetime": {"datetime": "2025-08-21 13:56:12", "elapsed": 18688.986876487732, "delta": 16.397908449172974}, "costs": {"total_cost": 194.17420791647316, "time_cost": 70.08, "final_distance_cost": 1.7866714127826213, "oscillation_cost": 42.63225156073769, "completition_cost": 0.0, "overshoot_cost": 50.24491890811754, "power_cost": 16.326907080078126, "noise_cost": 13.103458954757189, "n_waypoints_completed": 9, "tot_waypoints": 9}}
{"target": -206.58654403751513, "params": {"k_pid_pos": [1.3885554450422086, 0.024859491386256316, 0.7169449061792978], "k_pid_alt": [1.8281769525350675, 0.0, 0.1576465649121419], "k_pid_att": [58.989274729095186, 7.284845820832624, 0.8739915892735461], "k_pid_yaw": [0.5, 1e-06, 0.1], "k_pid_hsp": [1.0, 0.4277120965269141, 0.05468438506225981], "k_pid_vsp": [284.5460512203246, 355.21150340299164, 1.0]}, "datetime": {"datetime": "2025-08-21 13:56:29", "elapsed": 18705.493655204773, "delta": 16.506778717041016}, "costs": {"total_cost": 206.58654403751513, "time_cost": 72.44800000000001, "final_distance_cost": 1.8532474983460627, "oscillation_cost": 59.255330932810864, "completition_cost": 0.0, "overshoot_cost": 49.27531964512405, "power_cost": 12.099285986328125, "noise_cost": 11.655359974906034, "n_waypoints_completed": 9, "tot_waypoints": 9}}
{"target": -230.04579356573012, "params": {"k_pid_pos": [1.3885554450422086, 0.7277996416202209, 0.11401919133455096], "k_pid_alt": [1.0304713630477362, 0.0, 0.06527723447865985], "k_pid_att": [24.0942673894178, 7.284845820832624, 0.8739915892735461], "k_pid_yaw": [0.5, 1e-06, 0.1], "k_pid_hsp": [1.0, 0.1531003758033771, 0.01], "k_pid_vsp": [378.2079564087626, 355.21150340299164, 1.0]}, "datetime": {"datetime": "2025-08-21 13:56:49", "elapsed": 18726.029526233673, "delta": 20.535871028900146}, "costs": {"total_cost": 230.04579356573012, "time_cost": 86.808, "final_distance_cost": 1.7265340471050794, "oscillation_cost": 53.9667296087602, "completition_cost": 0.0, "overshoot_cost": 53.856131611719825, "power_cost": 18.484965466308594, "noise_cost": 15.203432831836398, "n_waypoints_completed": 9, "tot_waypoints": 9}}
{"target": -227.3464588252425, "params": {"k_pid_pos": [1.3885554450422086, 0.7343627051010597, 0.11401919133455096], "k_pid_alt": [1.0304713630477362, 0.0, 0.06527723447865985], "k_pid_att": [24.0942673894178, 7.284845820832624, 0.9125065750547853], "k_pid_yaw": [0.5, 1e-06, 0.1], "k_pid_hsp": [9.288442103993281, 0.4277120965269141, 0.01], "k_pid_vsp": [378.2079564087626, 355.21150340299164, 1.0]}, "datetime": {"datetime": "2025-08-21 13:57:09", "elapsed": 18745.820707798004, "delta": 19.791181564331055}, "costs": {"total_cost": 227.3464588252425, "time_cost": 85.736, "final_distance_cost": 1.7259317276501833, "oscillation_cost": 54.39089429801131, "completition_cost": 0.0, "overshoot_cost": 53.907742295140814, "power_cost": 17.068200842285158, "noise_cost": 14.517689662155016, "n_waypoints_completed": 9, "tot_waypoints": 9}}
{"target": -334.79658482288784, "params": {"k_pid_pos": [1.3885554450422086, 0.024859491386256316, 0.06837744536824142], "k_pid_alt": [1.4042554731110006, 0.0, 0.06527723447865985], "k_pid_att": [24.0942673894178, 7.284845820832624, 0.8739915892735461], "k_pid_yaw": [0.5, 1e-06, 0.1], "k_pid_hsp": [1.0, 0.4790457387946232, 0.3950757236861081], "k_pid_vsp": [378.2079564087626, 282.782445757401, 1.0]}, "datetime": {"datetime": "2025-08-21 13:57:27", "elapsed": 18764.357375621796, "delta": 18.536667823791504}, "costs": {"total_cost": 334.79658482288784, "time_cost": 79.848, "final_distance_cost": 1.7624622338789213, "oscillation_cost": 166.09642557131914, "completition_cost": 0.0, "overshoot_cost": 56.263179285785746, "power_cost": 16.849386767578125, "noise_cost": 13.977130964325905, "n_waypoints_completed": 9, "tot_waypoints": 9}}
{"target": -188.41269138783002, "params": {"k_pid_pos": [1.3296566129936354, 0.024859491386256316, 0.11401919133455096], "k_pid_alt": [1.2679502233621702, 0.0, 0.1576465649121419], "k_pid_att": [24.0942673894178, 4.273161054152589, 0.8739915892735461], "k_pid_yaw": [0.5, 1e-06, 0.1], "k_pid_hsp": [3.022941925987454, 0.4702638621486921, 0.01], "k_pid_vsp": [378.2079564087626, 381.5365089319878, 1.0]}, "datetime": {"datetime": "2025-08-21 13:57:43", "elapsed": 18779.80401992798, "delta": 15.446644306182861}, "costs": {"total_cost": 188.41269138783002, "time_cost": 68.968, "final_distance_cost": 1.7815298888872262, "oscillation_cost": 38.8823626921055, "completition_cost": 0.0, "overshoot_cost": 49.53499850743355, "power_cost": 16.113799084472657, "noise_cost": 13.13200121493111, "n_waypoints_completed": 9, "tot_waypoints": 9}}
{"target": -196.50224754928269, "params": {"k_pid_pos": [1.9176378968916694, 0.024859491386256316, 0.11401919133455096], "k_pid_alt": [0.9817036778136525, 0.0, 0.1576465649121419], "k_pid_att": [58.989274729095186, 7.284845820832624, 0.8739915892735461], "k_pid_yaw": [0.5, 1e-06, 0.1], "k_pid_hsp": [5.680285610963587, 0.1531003758033771, 0.01], "k_pid_vsp": [284.5460512203246, 355.21150340299164, 1.0]}, "datetime": {"datetime": "2025-08-21 13:57:59", "elapsed": 18795.902675628662, "delta": 16.098655700683594}, "costs": {"total_cost": 196.50224754928269, "time_cost": 69.792, "final_distance_cost": 1.7744284400387438, "oscillation_cost": 56.37803176943488, "completition_cost": 0.0, "overshoot_cost": 49.32787322840876, "power_cost": 9.497003674316407, "noise_cost": 9.732910437083909, "n_waypoints_completed": 9, "tot_waypoints": 9}}
{"target": -188.1334737989492, "params": {"k_pid_pos": [1.9176378968916694, 0.024859491386256316, 0.11401919133455096], "k_pid_alt": [1.6319753356852484, 0.0, 0.1576465649121419], "k_pid_att": [58.989274729095186, 7.4108832951548855, 0.6179952950406163], "k_pid_yaw": [0.5, 1e-06, 0.1], "k_pid_hsp": [1.0, 0.1531003758033771, 0.01], "k_pid_vsp": [284.5460512203246, 355.21150340299164, 1.0]}, "datetime": {"datetime": "2025-08-21 13:58:15", "elapsed": 18812.15515947342, "delta": 16.25248384475708}, "costs": {"total_cost": 188.1334737989492, "time_cost": 68.376, "final_distance_cost": 1.7888943269368724, "oscillation_cost": 42.901817070534385, "completition_cost": 0.0, "overshoot_cost": 49.6699651837, "power_cost": 13.738023120117187, "noise_cost": 11.658774097660775, "n_waypoints_completed": 9, "tot_waypoints": 9}}
{"target": -1111.7895488172428, "params": {"k_pid_pos": [1.3885554450422086, 0.9016903038374416, 0.11401919133455096], "k_pid_alt": [1.0304713630477362, 0.0, 0.6600607021214705], "k_pid_att": [48.72959582322072, 7.284845820832624, 0.5088498556215773], "k_pid_yaw": [0.5, 1e-06, 0.1], "k_pid_hsp": [1.0, 0.1531003758033771, 0.28190674535330673], "k_pid_vsp": [315.8089586555307, 355.21150340299164, 1.0]}, "datetime": {"datetime": "2025-08-21 13:58:38", "elapsed": 18835.297476530075, "delta": 23.142317056655884}, "costs": {"total_cost": 1111.7895488172428, "time_cost": 150, "final_distance_cost": 58.273826761282116, "oscillation_cost": 93.91208112398611, "completition_cost": 666.6666666666667, "overshoot_cost": 65.74870564379435, "power_cost": 29.401308911132816, "noise_cost": 47.78695971038032, "n_waypoints_completed": 3, "tot_waypoints": 9}}
{"target": -198.29587353904026, "params": {"k_pid_pos": [1.3885554450422086, 0.024859491386256316, 0.11401919133455096], "k_pid_alt": [1.0304713630477362, 0.0, 0.06527723447865985], "k_pid_att": [24.0942673894178, 7.284845820832624, 0.8739915892735461], "k_pid_yaw": [0.5, 1e-06, 0.1], "k_pid_hsp": [1.0, 0.1531003758033771, 0.01], "k_pid_vsp": [376.5747392387296, 355.21150340299164, 1.0]}, "datetime": {"datetime": "2025-08-21 13:58:55", "elapsed": 18852.224430799484, "delta": 16.92695426940918}, "costs": {"total_cost": 198.29587353904026, "time_cost": 71.456, "final_distance_cost": 1.7959238652798186, "oscillation_cost": 42.70474020340195, "completition_cost": 0.0, "overshoot_cost": 51.14980548566931, "power_cost": 17.482871313476565, "noise_cost": 13.706532671212637, "n_waypoints_completed": 9, "tot_waypoints": 9}}
{"target": -299.03588344972115, "params": {"k_pid_pos": [1.3885554450422086, 0.024859491386256316, 0.32789994363863884], "k_pid_alt": [1.2679502233621702, 0.0, 0.1576465649121419], "k_pid_att": [58.989274729095186, 7.284845820832624, 0.9798181594307654], "k_pid_yaw": [0.5, 1e-06, 0.1], "k_pid_hsp": [2.081042749328253, 0.3707642846192629, 0.2621727531502741], "k_pid_vsp": [378.2079564087626, 355.21150340299164, 1.0]}, "datetime": {"datetime": "2025-08-21 13:59:13", "elapsed": 18869.872359991074, "delta": 17.647929191589355}, "costs": {"total_cost": 299.03588344972115, "time_cost": 74.528, "final_distance_cost": 1.809102747767958, "oscillation_cost": 147.55628877293276, "completition_cost": 0.0, "overshoot_cost": 50.19301671256484, "power_cost": 13.238188171386719, "noise_cost": 11.711287045068902, "n_waypoints_completed": 9, "tot_waypoints": 9}}
{"target": -200.0956693521749, "params": {"k_pid_pos": [0.9203224573796739, 0.024859491386256316, 0.11401919133455096], "k_pid_alt": [1.0304713630477362, 0.0, 0.06527723447865985], "k_pid_att": [24.0942673894178, 7.284845820832624, 0.8739915892735461], "k_pid_yaw": [0.5, 1e-06, 0.1], "k_pid_hsp": [1.0, 0.1531003758033771, 0.01], "k_pid_vsp": [378.2079564087626, 355.21150340299164, 40.70050142659987]}, "datetime": {"datetime": "2025-08-21 13:59:30", "elapsed": 18886.491403579712, "delta": 16.619043588638306}, "costs": {"total_cost": 200.0956693521749, "time_cost": 72.88, "final_distance_cost": 1.8378113844069308, "oscillation_cost": 42.34169500915143, "completition_cost": 0.0, "overshoot_cost": 49.82683921325673, "power_cost": 18.77591121826172, "noise_cost": 14.433412527098096, "n_waypoints_completed": 9, "tot_waypoints": 9}}
{"target": -219.64152837629672, "params": {"k_pid_pos": [1.3885554450422086, 0.024859491386256316, 0.11401919133455096], "k_pid_alt": [1.0304713630477362, 0.6017481209158007, 0.06527723447865985], "k_pid_att": [69.0263735565004, 7.284845820832624, 0.8739915892735461], "k_pid_yaw": [0.5, 1e-06, 0.1], "k_pid_hsp": [1.0, 0.1531003758033771, 0.01], "k_pid_vsp": [378.2079564087626, 355.21150340299164, 1.0]}, "datetime": {"datetime": "2025-08-21 13:59:49", "elapsed": 18906.1753180027, "delta": 19.68391442298889}, "costs": {"total_cost": 219.64152837629672, "time_cost": 81.016, "final_distance_cost": 1.7895753078233716, "oscillation_cost": 53.344035995473284, "completition_cost": 0.0, "overshoot_cost": 52.27108525002417, "power_cost": 17.336472314453125, "noise_cost": 13.88435950852274, "n_waypoints_completed": 9, "tot_waypoints": 9}}
{"target": -198.00982865435336, "params": {"k_pid_pos": [1.367080816728244, 0.024859491386256316, 0.32789994363863884], "k_pid_alt": [1.2679502233621702, 0.0, 0.1576465649121419], "k_pid_att": [58.989274729095186, 7.284845820832624, 0.15038183248814696], "k_pid_yaw": [0.5, 1e-06, 0.1], "k_pid_hsp": [1.0, 0.3707642846192629, 0.01], "k_pid_vsp": [378.2079564087626, 384.4918570939374, 1.0]}, "datetime": {"datetime": "2025-08-21 14:00:05", "elapsed": 18922.35852766037, "delta": 16.183209657669067}, "costs": {"total_cost": 198.00982865435336, "time_cost": 69.624, "final_distance_cost": 1.8349300204783552, "oscillation_cost": 47.595290805963295, "completition_cost": 0.0, "overshoot_cost": 50.05572138037798, "power_cost": 15.721339904785157, "noise_cost": 13.178546542748556, "n_waypoints_completed": 9, "tot_waypoints": 9}}
{"target": -205.82384122090346, "params": {"k_pid_pos": [1.3885554450422086, 0.024859491386256316, 0.11401919133455096], "k_pid_alt": [1.2679502233621702, 0.0, 0.1576465649121419], "k_pid_att": [24.0942673894178, 7.284845820832624, 0.8739915892735461], "k_pid_yaw": [0.5, 1e-06, 0.1], "k_pid_hsp": [3.022941925987454, 0.4702638621486921, 0.01], "k_pid_vsp": [378.2079564087626, 282.782445757401, 1.0]}, "datetime": {"datetime": "2025-08-21 14:00:22", "elapsed": 18938.817152261734, "delta": 16.458624601364136}, "costs": {"total_cost": 205.82384122090346, "time_cost": 72.536, "final_distance_cost": 1.8021878371241618, "oscillation_cost": 48.12965316019748, "completition_cost": 0.0, "overshoot_cost": 51.68939640890588, "power_cost": 17.691466564941408, "noise_cost": 13.975137249734525, "n_waypoints_completed": 9, "tot_waypoints": 9}}
{"target": -228.97007893854473, "params": {"k_pid_pos": [1.3885554450422086, 0.34723029022971075, 0.4388587351883817], "k_pid_alt": [1.2679502233621702, 0.0, 0.1576465649121419], "k_pid_att": [33.41589308538913, 7.284845820832624, 0.040463079828827464], "k_pid_yaw": [0.5, 1e-06, 0.1], "k_pid_hsp": [3.022941925987454, 0.4702638621486921, 0.01], "k_pid_vsp": [378.2079564087626, 282.782445757401, 139.228478617239]}, "datetime": {"datetime": "2025-08-21 14:00:39", "elapsed": 18956.04432964325, "delta": 17.227177381515503}, "costs": {"total_cost": 228.97007893854473, "time_cost": 73.272, "final_distance_cost": 1.7661333663131067, "oscillation_cost": 80.04395015379309, "completition_cost": 0.0, "overshoot_cost": 49.588948391613606, "power_cost": 13.175141711425782, "noise_cost": 11.123905315399124, "n_waypoints_completed": 9, "tot_waypoints": 9}}
{"target": -237.38836976562303, "params": {"k_pid_pos": [1.3885554450422086, 0.024859491386256316, 0.11401919133455096], "k_pid_alt": [1.0304713630477362, 0.6471374812877945, 0.1576465649121419], "k_pid_att": [33.41589308538913, 7.284845820832624, 0.8739915892735461], "k_pid_yaw": [0.5, 1e-06, 0.1], "k_pid_hsp": [9.493909012881645, 0.4702638621486921, 0.01], "k_pid_vsp": [161.6260857813284, 355.21150340299164, 1.0]}, "datetime": {"datetime": "2025-08-21 14:00:57", "elapsed": 18974.05171394348, "delta": 18.007384300231934}, "costs": {"total_cost": 237.38836976562303, "time_cost": 77.44800000000001, "final_distance_cost": 1.7645315129468166, "oscillation_cost": 82.009880414157, "completition_cost": 0.0, "overshoot_cost": 51.65166634806708, "power_cost": 12.950141650390625, "noise_cost": 11.564149840061464, "n_waypoints_completed": 9, "tot_waypoints": 9}}
{"target": -190.9119211590732, "params": {"k_pid_pos": [1.3885554450422086, 0.024859491386256316, 0.4388587351883817], "k_pid_alt": [1.2679502233621702, 0.0, 0.6600607021214705], "k_pid_att": [48.72959582322072, 7.284845820832624, 0.5088498556215773], "k_pid_yaw": [0.5, 1e-06, 0.1], "k_pid_hsp": [1.0, 0.1531003758033771, 0.01], "k_pid_vsp": [315.8089586555307, 164.83928767117857, 1.0]}, "datetime": {"datetime": "2025-08-21 14:01:13", "elapsed": 18990.439369916916, "delta": 16.38765597343445}, "costs": {"total_cost": 190.9119211590732, "time_cost": 73.2, "final_distance_cost": 1.852142976619359, "oscillation_cost": 44.1198631910279, "completition_cost": 0.0, "overshoot_cost": 49.25079179069622, "power_cost": 11.375890527343751, "noise_cost": 11.113232673385951, "n_waypoints_completed": 9, "tot_waypoints": 9}}
{"target": -193.03836835801798, "params": {"k_pid_pos": [1.3885554450422086, 0.18803970651757562, 0.06837744536824142], "k_pid_alt": [1.408510096659571, 0.0, 0.06527723447865985], "k_pid_att": [24.0942673894178, 7.284845820832624, 0.8639692530521021], "k_pid_yaw": [0.5, 1e-06, 0.1], "k_pid_hsp": [1.0, 0.1531003758033771, 0.01], "k_pid_vsp": [378.2079564087626, 282.782445757401, 1.0]}, "datetime": {"datetime": "2025-08-21 14:01:31", "elapsed": 19007.970719337463, "delta": 17.531349420547485}, "costs": {"total_cost": 193.03836835801798, "time_cost": 72.432, "final_distance_cost": 1.7932932502392527, "oscillation_cost": 41.51130051086238, "completition_cost": 0.0, "overshoot_cost": 51.28695076707982, "power_cost": 13.903647741699219, "noise_cost": 12.111176088137299, "n_waypoints_completed": 9, "tot_waypoints": 9}}
{"target": -186.46764451957117, "params": {"k_pid_pos": [1.3885554450422086, 0.024859491386256316, 0.06837744536824142], "k_pid_alt": [1.408510096659571, 0.0, 0.06527723447865985], "k_pid_att": [24.0942673894178, 7.284845820832624, 0.8739915892735461], "k_pid_yaw": [0.5, 1e-06, 0.1], "k_pid_hsp": [1.0, 0.1531003758033771, 0.01], "k_pid_vsp": [378.2079564087626, 355.21150340299164, 1.0]}, "datetime": {"datetime": "2025-08-21 14:01:47", "elapsed": 19023.724907636642, "delta": 15.754188299179077}, "costs": {"total_cost": 186.46764451957117, "time_cost": 68.136, "final_distance_cost": 1.8092875039568688, "oscillation_cost": 41.081932255648766, "completition_cost": 0.0, "overshoot_cost": 49.722785852190185, "power_cost": 13.951788623046875, "noise_cost": 11.765850284728481, "n_waypoints_completed": 9, "tot_waypoints": 9}}
{"target": -187.45162416460528, "params": {"k_pid_pos": [1.3885554450422086, 0.024859491386256316, 0.8017766682930172], "k_pid_alt": [1.0304713630477362, 0.0, 0.06527723447865985], "k_pid_att": [24.0942673894178, 7.284845820832624, 0.8739915892735461], "k_pid_yaw": [0.5, 1e-06, 0.1], "k_pid_hsp": [1.606987810134683, 0.1531003758033771, 0.01], "k_pid_vsp": [378.2079564087626, 355.21150340299164, 1.0]}, "datetime": {"datetime": "2025-08-21 14:02:03", "elapsed": 19040.170043230057, "delta": 16.445135593414307}, "costs": {"total_cost": 187.45162416460528, "time_cost": 72.208, "final_distance_cost": 1.8421373361285625, "oscillation_cost": 40.84598112611549, "completition_cost": 0.0, "overshoot_cost": 49.35725156619706, "power_cost": 11.744339501953126, "noise_cost": 11.453914634211019, "n_waypoints_completed": 9, "tot_waypoints": 9}}
{"target": -188.37454354723226, "params": {"k_pid_pos": [1.9176378968916694, 0.024859491386256316, 0.11401919133455096], "k_pid_alt": [1.7187705538853828, 0.0, 0.1576465649121419], "k_pid_att": [58.989274729095186, 7.284845820832624, 0.8739915892735461], "k_pid_yaw": [0.5, 1e-06, 0.1], "k_pid_hsp": [1.0, 0.1531003758033771, 0.01], "k_pid_vsp": [284.5460512203246, 355.21150340299164, 1.0]}, "datetime": {"datetime": "2025-08-21 14:02:19", "elapsed": 19055.92663025856, "delta": 15.756587028503418}, "costs": {"total_cost": 188.37454354723226, "time_cost": 68.208, "final_distance_cost": 1.7982595720602754, "oscillation_cost": 43.25338829363621, "completition_cost": 0.0, "overshoot_cost": 49.954586452326005, "power_cost": 13.569514685058595, "noise_cost": 11.590794544151175, "n_waypoints_completed": 9, "tot_waypoints": 9}}
{"target": -221.64621219207052, "params": {"k_pid_pos": [1.9176378968916694, 0.024859491386256316, 0.11401919133455096], "k_pid_alt": [0.3985646879364917, 0.0, 0.1576465649121419], "k_pid_att": [58.989274729095186, 7.284845820832624, 0.8739915892735461], "k_pid_yaw": [0.5, 1e-06, 0.1], "k_pid_hsp": [1.0, 0.1531003758033771, 0.01], "k_pid_vsp": [284.5460512203246, 355.21150340299164, 1.0]}, "datetime": {"datetime": "2025-08-21 14:02:39", "elapsed": 19076.31662416458, "delta": 20.389993906021118}, "costs": {"total_cost": 221.64621219207052, "time_cost": 88.312, "final_distance_cost": 1.8555937579387511, "oscillation_cost": 58.02060408081532, "completition_cost": 0.0, "overshoot_cost": 49.421329877327715, "power_cost": 11.970478198242189, "noise_cost": 12.066206277746566, "n_waypoints_completed": 9, "tot_waypoints": 9}}
{"target": -327.0095169692563, "params": {"k_pid_pos": [1.3296566129936354, 0.024859491386256316, 0.11401919133455096], "k_pid_alt": [1.2679502233621702, 0.0, 0.07369721203144775], "k_pid_att": [24.0942673894178, 4.273161054152589, 0.8739915892735461], "k_pid_yaw": [0.5, 1e-06, 0.1], "k_pid_hsp": [3.022941925987454, 0.4702638621486921, 0.40730312852481476], "k_pid_vsp": [366.07766311739795, 381.5365089319878, 1.0]}, "datetime": {"datetime": "2025-08-21 14:02:55", "elapsed": 19091.60932302475, "delta": 15.292698860168457}, "costs": {"total_cost": 327.0095169692563, "time_cost": 68.528, "final_distance_cost": 1.7571574141285458, "oscillation_cost": 179.40143304788444, "completition_cost": 0.0, "overshoot_cost": 49.61712087522009, "power_cost": 15.102516076660157, "noise_cost": 12.603289555363077, "n_waypoints_completed": 9, "tot_waypoints": 9}}
{"target": -194.59211780675224, "params": {"k_pid_pos": [1.3885554450422086, 0.024859491386256316, 0.028311350137035673], "k_pid_alt": [1.0304713630477362, 0.0, 0.06527723447865985], "k_pid_att": [24.0942673894178, 7.284845820832624, 0.8739915892735461], "k_pid_yaw": [0.5, 1e-06, 0.1], "k_pid_hsp": [9.890472764092106, 0.1531003758033771, 0.01], "k_pid_vsp": [376.5747392387296, 355.21150340299164, 1.0]}, "datetime": {"datetime": "2025-08-21 14:03:11", "elapsed": 19107.755435943604, "delta": 16.14611291885376}, "costs": {"total_cost": 194.59211780675224, "time_cost": 69.04, "final_distance_cost": 1.8147088562919675, "oscillation_cost": 53.45180707308469, "completition_cost": 0.0, "overshoot_cost": 49.470966596155904, "power_cost": 10.471501818847656, "noise_cost": 10.343133462371998, "n_waypoints_completed": 9, "tot_waypoints": 9}}
{"target": -401.5366095041716, "params": {"k_pid_pos": [1.9176378968916694, 0.024859491386256316, 0.11401919133455096], "k_pid_alt": [1.7187705538853828, 0.0, 0.1576465649121419], "k_pid_att": [58.989274729095186, 7.284845820832624, 0.8739915892735461], "k_pid_yaw": [0.5, 1e-06, 0.1], "k_pid_hsp": [1.0, 0.1531003758033771, 0.7369236472772692], "k_pid_vsp": [284.5460512203246, 355.21150340299164, 282.7775858945575]}, "datetime": {"datetime": "2025-08-21 14:03:32", "elapsed": 19128.725086450577, "delta": 20.969650506973267}, "costs": {"total_cost": 401.5366095041716, "time_cost": 90.952, "final_distance_cost": 1.74179664925441, "oscillation_cost": 211.04046822574813, "completition_cost": 0.0, "overshoot_cost": 63.13136358636094, "power_cost": 19.467120544433595, "noise_cost": 15.203860498374572, "n_waypoints_completed": 9, "tot_waypoints": 9}}
