{"target": -189.7832203224579, "params": {"k_pid_pos": [1.8922997940790476, 0.15981585111244379, 0.42495672118777295], "k_pid_alt": [1.85112020821355, 0.0, 0.7925958880414701], "k_pid_att": [58.989274729095186, 4.2484062323494, 0.9808211468183533], "k_pid_yaw": [0.5, 1e-06, 0.1], "k_pid_hsp": [1.606987810134683, 0.7156656356539504, 0.01], "k_pid_vsp": [110.56511661686339, 118.24276490396839, 1.0]}, "datetime": {"datetime": "2025-08-21 20:15:02", "elapsed": 41418.83706641197, "delta": 16.60719323158264}, "costs": {"total_cost": 189.7832203224579, "time_cost": 68.912, "final_distance_cost": 1.7613059001504001, "oscillation_cost": 48.91573730313561, "completition_cost": 0.0, "overshoot_cost": 49.361708326687804, "power_cost": 10.473217187500001, "noise_cost": 10.359251604984049, "n_waypoints_completed": 9, "tot_waypoints": 9}}
{"target": -208.52204691903512, "params": {"k_pid_pos": [1.8922997940790476, 0.024859491386256316, 0.42495672118777295], "k_pid_alt": [0.7663335954160646, 0.0, 0.1576465649121419], "k_pid_att": [25.463483275157817, 1.1105074131954076, 0.73590781336997], "k_pid_yaw": [0.5, 1e-06, 0.1], "k_pid_hsp": [7.837403453361883, 0.08333843891839088, 0.01], "k_pid_vsp": [110.56511661686339, 130.53254854158118, 1.0]}, "datetime": {"datetime": "2025-08-21 20:15:20", "elapsed": 41436.54510641098, "delta": 17.70803999900818}, "costs": {"total_cost": 208.52204691903512, "time_cost": 71.608, "final_distance_cost": 1.825426835588046, "oscillation_cost": 62.45929275800149, "completition_cost": 0.0, "overshoot_cost": 50.06679533246903, "power_cost": 11.615264965820312, "noise_cost": 10.947267027156277, "n_waypoints_completed": 9, "tot_waypoints": 9}}
{"target": -237.02448642779817, "params": {"k_pid_pos": [1.8922997940790476, 0.024859491386256316, 0.42495672118777295], "k_pid_alt": [0.9020104990244227, 0.0, 0.09647725790914718], "k_pid_att": [97.15749504346589, 1.1105074131954076, 0.022918440282009178], "k_pid_yaw": [0.5, 1e-06, 0.1], "k_pid_hsp": [0.016744376538463668, 0.08333843891839088, 0.01], "k_pid_vsp": [110.56511661686339, 127.91747472228406, 1.0]}, "datetime": {"datetime": "2025-08-21 20:15:38", "elapsed": 41454.82985949516, "delta": 18.28475308418274}, "costs": {"total_cost": 237.02448642779817, "time_cost": 80.52, "final_distance_cost": 1.7745668001977262, "oscillation_cost": 66.27144254903595, "completition_cost": 0.0, "overshoot_cost": 53.3569564825702, "power_cost": 19.89161014404297, "noise_cost": 15.209910451951306, "n_waypoints_completed": 9, "tot_waypoints": 9}}
{"target": -184.56535236352403, "params": {"k_pid_pos": [1.8922997940790476, 0.024859491386256316, 0.42495672118777295], "k_pid_alt": [1.1098775236402525, 0.0, 0.3157032531275451], "k_pid_att": [58.989274729095186, 5.859554809351448, 0.9808211468183533], "k_pid_yaw": [0.5, 1e-06, 0.1], "k_pid_hsp": [1.606987810134683, 0.08333843891839088, 0.01], "k_pid_vsp": [110.56511661686339, 130.53254854158118, 1.0]}, "datetime": {"datetime": "2025-08-21 20:15:57", "elapsed": 41473.71796822548, "delta": 18.888108730316162}, "costs": {"total_cost": 184.56535236352403, "time_cost": 69.808, "final_distance_cost": 1.8011772096705712, "oscillation_cost": 39.327726565096924, "completition_cost": 0.0, "overshoot_cost": 50.1494729400747, "power_cost": 12.274929943847656, "noise_cost": 11.204045704834158, "n_waypoints_completed": 9, "tot_waypoints": 9}}
{"target": -181.83554627231578, "params": {"k_pid_pos": [1.8922997940790476, 0.0822904257601288, 0.4802608558925999], "k_pid_alt": [0.9997830193370283, 0.0, 0.13882932479520194], "k_pid_att": [93.20553315477635, 5.859554809351448, 0.73590781336997], "k_pid_yaw": [0.5, 1e-06, 0.1], "k_pid_hsp": [1.606987810134683, 0.08333843891839088, 0.01], "k_pid_vsp": [110.56511661686339, 130.53254854158118, 1.0]}, "datetime": {"datetime": "2025-08-21 20:16:13", "elapsed": 41490.333604097366, "delta": 16.615635871887207}, "costs": {"total_cost": 181.83554627231578, "time_cost": 69.528, "final_distance_cost": 1.797692371998223, "oscillation_cost": 42.80041642057426, "completition_cost": 0.0, "overshoot_cost": 49.46304307012717, "power_cost": 8.850955383300782, "noise_cost": 9.395439026315342, "n_waypoints_completed": 9, "tot_waypoints": 9}}
{"target": -1204.7087432420556, "params": {"k_pid_pos": [1.8922997940790476, 0.024859491386256316, 0.42495672118777295], "k_pid_alt": [1.85112020821355, 0.0, 0.1576465649121419], "k_pid_att": [25.463483275157817, 1.1105074131954076, 0.73590781336997], "k_pid_yaw": [0.5, 1e-06, 0.1], "k_pid_hsp": [1.606987810134683, 0.08333843891839088, 0.01], "k_pid_vsp": [110.56511661686339, 97.47868520206696, 384.8148365334953]}, "datetime": {"datetime": "2025-08-21 20:16:37", "elapsed": 41514.000802993774, "delta": 23.66719889640808}, "costs": {"total_cost": 1204.7087432420556, "time_cost": 150, "final_distance_cost": 70.44167727023572, "oscillation_cost": 38.166798083198564, "completition_cost": 777.7777777777778, "overshoot_cost": 121.90090006868765, "power_cost": 12.916159497070312, "noise_cost": 33.50543054508567, "n_waypoints_completed": 2, "tot_waypoints": 9}}
{"target": -197.88033268151574, "params": {"k_pid_pos": [1.8922997940790476, 0.024859491386256316, 0.5271164669865139], "k_pid_alt": [1.85112020821355, 0.0, 0.03027788721554503], "k_pid_att": [58.989274729095186, 4.2484062323494, 0.9808211468183533], "k_pid_yaw": [0.5, 1e-06, 0.1], "k_pid_hsp": [1.606987810134683, 0.45355930965991464, 0.01], "k_pid_vsp": [110.56511661686339, 118.24276490396839, 1.0]}, "datetime": {"datetime": "2025-08-21 20:16:54", "elapsed": 41530.77599310875, "delta": 16.775190114974976}, "costs": {"total_cost": 197.88033268151574, "time_cost": 70.888, "final_distance_cost": 1.8353485520491506, "oscillation_cost": 45.090159293281005, "completition_cost": 0.0, "overshoot_cost": 50.283454176403154, "power_cost": 16.38471219482422, "noise_cost": 13.398658464958206, "n_waypoints_completed": 9, "tot_waypoints": 9}}
{"target": -207.3754762330501, "params": {"k_pid_pos": [1.8922997940790476, 0.3341965058071453, 0.42495672118777295], "k_pid_alt": [1.3888149624867963, 0.0, 0.5933646034205271], "k_pid_att": [58.989274729095186, 5.859554809351448, 0.9808211468183533], "k_pid_yaw": [0.5, 1e-06, 0.1], "k_pid_hsp": [1.380453583829348, 0.08333843891839088, 0.01], "k_pid_vsp": [110.56511661686339, 130.53254854158118, 1.0]}, "datetime": {"datetime": "2025-08-21 20:17:12", "elapsed": 41549.33262991905, "delta": 18.556636810302734}, "costs": {"total_cost": 207.3754762330501, "time_cost": 79.296, "final_distance_cost": 1.7650247158926442, "oscillation_cost": 44.81037919344868, "completition_cost": 0.0, "overshoot_cost": 51.83545756838205, "power_cost": 16.08575046386719, "noise_cost": 13.582864291459545, "n_waypoints_completed": 9, "tot_waypoints": 9}}
{"target": -202.09357730909127, "params": {"k_pid_pos": [1.8922997940790476, 0.024859491386256316, 0.42495672118777295], "k_pid_alt": [0.9020104990244227, 0.0, 0.1576465649121419], "k_pid_att": [97.15749504346589, 1.1105074131954076, 0.016202813979795172], "k_pid_yaw": [0.5, 1e-06, 0.1], "k_pid_hsp": [1.606987810134683, 0.08333843891839088, 0.01], "k_pid_vsp": [110.56511661686339, 130.53254854158118, 1.0]}, "datetime": {"datetime": "2025-08-21 20:17:29", "elapsed": 41566.411945819855, "delta": 17.079315900802612}, "costs": {"total_cost": 202.09357730909127, "time_cost": 70.328, "final_distance_cost": 1.8250673404424238, "oscillation_cost": 56.73205709575093, "completition_cost": 0.0, "overshoot_cost": 50.415344141827966, "power_cost": 11.798816003417969, "noise_cost": 10.994292727651985, "n_waypoints_completed": 9, "tot_waypoints": 9}}
{"target": -189.7761388931093, "params": {"k_pid_pos": [1.8922997940790476, 0.024859491386256316, 0.42495672118777295], "k_pid_alt": [1.85112020821355, 0.0, 0.74340065784831], "k_pid_att": [58.989274729095186, 5.859554809351448, 0.9808211468183533], "k_pid_yaw": [0.5, 1e-06, 0.1], "k_pid_hsp": [1.606987810134683, 0.639270375506938, 0.01], "k_pid_vsp": [110.56511661686339, 130.53254854158118, 1.0]}, "datetime": {"datetime": "2025-08-21 20:17:45", "elapsed": 41581.90872216225, "delta": 15.496776342391968}, "costs": {"total_cost": 189.7761388931093, "time_cost": 68.768, "final_distance_cost": 1.7942396443147461, "oscillation_cost": 46.06393623741595, "completition_cost": 0.0, "overshoot_cost": 48.97898905322638, "power_cost": 12.802036840820312, "noise_cost": 11.368937117331942, "n_waypoints_completed": 9, "tot_waypoints": 9}}
{"target": -181.56947572988113, "params": {"k_pid_pos": [1.8922997940790476, 0.024859491386256316, 0.42495672118777295], "k_pid_alt": [1.85112020821355, 0.0, 0.1576465649121419], "k_pid_att": [23.08752834258585, 4.077532668255645, 0.73590781336997], "k_pid_yaw": [0.5, 1e-06, 0.1], "k_pid_hsp": [1.606987810134683, 0.5904477871505759, 0.01], "k_pid_vsp": [110.56511661686339, 20.252314050740118, 1.0]}, "datetime": {"datetime": "2025-08-21 20:18:02", "elapsed": 41599.20184445381, "delta": 17.29312229156494}, "costs": {"total_cost": 181.56947572988113, "time_cost": 68.136, "final_distance_cost": 1.8162541790072264, "oscillation_cost": 46.067857573608684, "completition_cost": 0.0, "overshoot_cost": 49.84670067366495, "power_cost": 7.2560665283203125, "noise_cost": 8.446596775279982, "n_waypoints_completed": 9, "tot_waypoints": 9}}
{"target": -386.7700277586446, "params": {"k_pid_pos": [1.8922997940790476, 0.024859491386256316, 0.6250867496839783], "k_pid_alt": [1.1098775236402525, 0.0, 0.1576465649121419], "k_pid_att": [25.463483275157817, 1.1105074131954076, 0.9808211468183533], "k_pid_yaw": [0.5, 1e-06, 0.1], "k_pid_hsp": [1.606987810134683, 0.08333843891839088, 0.7179535824639705], "k_pid_vsp": [110.56511661686339, 130.53254854158118, 1.0]}, "datetime": {"datetime": "2025-08-21 20:18:22", "elapsed": 41619.14234828949, "delta": 19.9405038356781}, "costs": {"total_cost": 386.7700277586446, "time_cost": 85.19200000000001, "final_distance_cost": 1.763677356581123, "oscillation_cost": 204.19816028578626, "completition_cost": 0.0, "overshoot_cost": 61.22770607779933, "power_cost": 19.072516064453126, "noise_cost": 15.315967974024714, "n_waypoints_completed": 9, "tot_waypoints": 9}}
{"target": -331.6634209432475, "params": {"k_pid_pos": [1.8922997940790476, 0.024859491386256316, 0.42495672118777295], "k_pid_alt": [1.85112020821355, 0.0, 0.5087214255619901], "k_pid_att": [58.989274729095186, 5.859554809351448, 0.9808211468183533], "k_pid_yaw": [0.5, 1e-06, 0.1], "k_pid_hsp": [1.606987810134683, 0.08333843891839088, 0.5105532072546003], "k_pid_vsp": [110.56511661686339, 130.53254854158118, 1.0]}, "datetime": {"datetime": "2025-08-21 20:18:43", "elapsed": 41639.7906537056, "delta": 20.648305416107178}, "costs": {"total_cost": 331.6634209432475, "time_cost": 77.208, "final_distance_cost": 1.7846706737180924, "oscillation_cost": 167.3050143660618, "completition_cost": 0.0, "overshoot_cost": 55.32034340441172, "power_cost": 16.238880822753906, "noise_cost": 13.806511676301971, "n_waypoints_completed": 9, "tot_waypoints": 9}}
{"target": -205.77705997050037, "params": {"k_pid_pos": [1.8922997940790476, 0.024859491386256316, 0.42495672118777295], "k_pid_alt": [1.1098775236402525, 0.0, 0.7925958880414701], "k_pid_att": [5.87992299052239, 4.2484062323494, 0.9808211468183533], "k_pid_yaw": [0.5, 1e-06, 0.1], "k_pid_hsp": [1.606987810134683, 0.561165201994346, 0.01], "k_pid_vsp": [110.56511661686339, 130.53254854158118, 1.0]}, "datetime": {"datetime": "2025-08-21 20:19:00", "elapsed": 41656.576298475266, "delta": 16.78564476966858}, "costs": {"total_cost": 205.77705997050037, "time_cost": 71.504, "final_distance_cost": 1.8367063117447828, "oscillation_cost": 56.660979780545766, "completition_cost": 0.0, "overshoot_cost": 49.72548445301107, "power_cost": 14.154889099121094, "noise_cost": 11.895000326077664, "n_waypoints_completed": 9, "tot_waypoints": 9}}
{"target": -183.64056999085398, "params": {"k_pid_pos": [1.8922997940790476, 0.024859491386256316, 0.42495672118777295], "k_pid_alt": [1.85112020821355, 0.0, 0.1576465649121419], "k_pid_att": [23.08752834258585, 4.077532668255645, 0.9808211468183533], "k_pid_yaw": [0.5, 1e-06, 0.1], "k_pid_hsp": [1.606987810134683, 0.08333843891839088, 0.01], "k_pid_vsp": [110.56511661686339, 130.53254854158118, 1.0]}, "datetime": {"datetime": "2025-08-21 20:19:18", "elapsed": 41674.85442447662, "delta": 18.278126001358032}, "costs": {"total_cost": 183.64056999085398, "time_cost": 68.272, "final_distance_cost": 1.7854055456624367, "oscillation_cost": 38.98818520556496, "completition_cost": 0.0, "overshoot_cost": 50.715298200376864, "power_cost": 12.587826513671876, "noise_cost": 11.291854525577824, "n_waypoints_completed": 9, "tot_waypoints": 9}}
{"target": -188.64586270366456, "params": {"k_pid_pos": [1.8922997940790476, 0.024859491386256316, 0.42495672118777295], "k_pid_alt": [1.85112020821355, 0.0, 0.1576465649121419], "k_pid_att": [23.08752834258585, 4.077532668255645, 0.9808211468183533], "k_pid_yaw": [0.5, 1e-06, 0.1], "k_pid_hsp": [1.606987810134683, 0.08333843891839088, 0.01], "k_pid_vsp": [110.56511661686339, 130.53254854158118, 1.0]}, "datetime": {"datetime": "2025-08-21 20:19:34", "elapsed": 41690.877964019775, "delta": 16.023539543151855}, "costs": {"total_cost": 188.64586270366456, "time_cost": 68.544, "final_distance_cost": 1.780823049389842, "oscillation_cost": 39.467330271388015, "completition_cost": 0.0, "overshoot_cost": 50.38085954005749, "power_cost": 15.554620227050782, "noise_cost": 12.918229615778433, "n_waypoints_completed": 9, "tot_waypoints": 9}}
{"target": -177.2236729141672, "params": {"k_pid_pos": [1.8922997940790476, 0.024859491386256316, 0.42495672118777295], "k_pid_alt": [1.85112020821355, 0.0, 0.1576465649121419], "k_pid_att": [63.45214009056577, 4.077532668255645, 0.9808211468183533], "k_pid_yaw": [0.5, 1e-06, 0.1], "k_pid_hsp": [1.606987810134683, 0.08333843891839088, 0.01], "k_pid_vsp": [110.56511661686339, 130.53254854158118, 1.0]}, "datetime": {"datetime": "2025-08-21 20:19:51", "elapsed": 41707.577726364136, "delta": 16.69976234436035}, "costs": {"total_cost": 177.2236729141672, "time_cost": 67.872, "final_distance_cost": 1.7842175121264183, "oscillation_cost": 39.90502209942743, "completition_cost": 0.0, "overshoot_cost": 49.77295674219571, "power_cost": 8.646756982421875, "noise_cost": 9.242719577995777, "n_waypoints_completed": 9, "tot_waypoints": 9}}
{"target": -182.07338324427585, "params": {"k_pid_pos": [1.8922997940790476, 0.027012342981862614, 0.42495672118777295], "k_pid_alt": [1.85112020821355, 0.0, 0.1576465649121419], "k_pid_att": [23.08752834258585, 4.077532668255645, 0.9808211468183533], "k_pid_yaw": [0.5, 1e-06, 0.1], "k_pid_hsp": [1.606987810134683, 0.08333843891839088, 0.01], "k_pid_vsp": [110.56511661686339, 130.53254854158118, 1.0]}, "datetime": {"datetime": "2025-08-21 20:20:07", "elapsed": 41724.09422802925, "delta": 16.516501665115356}, "costs": {"total_cost": 182.07338324427585, "time_cost": 67.88, "final_distance_cost": 1.7864317749475846, "oscillation_cost": 40.27551159039893, "completition_cost": 0.0, "overshoot_cost": 50.23606664092589, "power_cost": 11.318683740234375, "noise_cost": 10.576689497769069, "n_waypoints_completed": 9, "tot_waypoints": 9}}
{"target": -185.6042263423605, "params": {"k_pid_pos": [1.8922997940790476, 0.024859491386256316, 0.42495672118777295], "k_pid_alt": [1.85112020821355, 0.0, 0.1576465649121419], "k_pid_att": [58.989274729095186, 2.0014291760421457, 0.9808211468183533], "k_pid_yaw": [0.5, 1e-06, 0.1], "k_pid_hsp": [2.957956300852597, 0.08333843891839088, 0.01], "k_pid_vsp": [110.56511661686339, 130.53254854158118, 1.0]}, "datetime": {"datetime": "2025-08-21 20:20:22", "elapsed": 41739.43533349037, "delta": 15.341105461120605}, "costs": {"total_cost": 185.6042263423605, "time_cost": 68.4, "final_distance_cost": 1.7802306889280342, "oscillation_cost": 41.492051467199595, "completition_cost": 0.0, "overshoot_cost": 50.12464275875037, "power_cost": 12.387127026367189, "noise_cost": 11.420174401115341, "n_waypoints_completed": 9, "tot_waypoints": 9}}
{"target": -182.58804106218977, "params": {"k_pid_pos": [1.8922997940790476, 0.024859491386256316, 0.42495672118777295], "k_pid_alt": [1.85112020821355, 0.0, 0.7925958880414701], "k_pid_att": [58.989274729095186, 4.2484062323494, 0.9808211468183533], "k_pid_yaw": [0.5, 1e-06, 0.1], "k_pid_hsp": [1.606987810134683, 0.08333843891839088, 0.01], "k_pid_vsp": [110.56511661686339, 130.53254854158118, 1.0]}, "datetime": {"datetime": "2025-08-21 20:20:40", "elapsed": 41756.60137009621, "delta": 17.16603660583496}, "costs": {"total_cost": 182.58804106218977, "time_cost": 68.896, "final_distance_cost": 1.797630895600715, "oscillation_cost": 38.01175854231653, "completition_cost": 0.0, "overshoot_cost": 50.087573750061175, "power_cost": 12.435158911132813, "noise_cost": 11.35991896307853, "n_waypoints_completed": 9, "tot_waypoints": 9}}
{"target": -180.0651223429424, "params": {"k_pid_pos": [1.8922997940790476, 0.024859491386256316, 0.42495672118777295], "k_pid_alt": [1.85112020821355, 0.0, 0.1576465649121419], "k_pid_att": [63.45214009056577, 4.077532668255645, 0.9808211468183533], "k_pid_yaw": [0.5, 1e-06, 0.1], "k_pid_hsp": [1.606987810134683, 0.08333843891839088, 0.01], "k_pid_vsp": [110.56511661686339, 130.53254854158118, 1.0]}, "datetime": {"datetime": "2025-08-21 20:20:55", "elapsed": 41772.18684911728, "delta": 15.585479021072388}, "costs": {"total_cost": 180.0651223429424, "time_cost": 67.744, "final_distance_cost": 1.7814794934560172, "oscillation_cost": 43.417699985979844, "completition_cost": 0.0, "overshoot_cost": 49.11802627972984, "power_cost": 8.654913171386719, "noise_cost": 9.349003412390001, "n_waypoints_completed": 9, "tot_waypoints": 9}}
{"target": -175.95183123875051, "params": {"k_pid_pos": [1.8922997940790476, 0.024859491386256316, 0.42495672118777295], "k_pid_alt": [1.85112020821355, 0.0, 0.1576465649121419], "k_pid_att": [25.463483275157817, 1.1105074131954076, 0.73590781336997], "k_pid_yaw": [0.5, 1e-06, 0.1], "k_pid_hsp": [1.606987810134683, 0.08333843891839088, 0.01], "k_pid_vsp": [110.56511661686339, 130.53254854158118, 1.0]}, "datetime": {"datetime": "2025-08-21 20:21:12", "elapsed": 41789.20501637459, "delta": 17.01816725730896}, "costs": {"total_cost": 175.95183123875051, "time_cost": 67.632, "final_distance_cost": 1.7929275713349937, "oscillation_cost": 40.331303921228525, "completition_cost": 0.0, "overshoot_cost": 50.276637763272156, "power_cost": 7.492632861328126, "noise_cost": 8.426329121586686, "n_waypoints_completed": 9, "tot_waypoints": 9}}
{"target": -204.8606146603688, "params": {"k_pid_pos": [1.8922997940790476, 0.024859491386256316, 0.42495672118777295], "k_pid_alt": [1.85112020821355, 0.6447896631361855, 0.7925958880414701], "k_pid_att": [58.989274729095186, 4.2484062323494, 0.9808211468183533], "k_pid_yaw": [0.5, 1e-06, 0.1], "k_pid_hsp": [1.606987810134683, 0.08333843891839088, 0.01], "k_pid_vsp": [110.56511661686339, 130.53254854158118, 1.0]}, "datetime": {"datetime": "2025-08-21 20:21:32", "elapsed": 41809.21046209335, "delta": 20.00544571876526}, "costs": {"total_cost": 204.8606146603688, "time_cost": 77.04, "final_distance_cost": 1.7814565737014885, "oscillation_cost": 50.352526327506204, "completition_cost": 0.0, "overshoot_cost": 50.70458452661168, "power_cost": 13.1651548828125, "noise_cost": 11.816892349736948, "n_waypoints_completed": 9, "tot_waypoints": 9}}
{"target": -337.1941466842617, "params": {"k_pid_pos": [1.8922997940790476, 0.024859491386256316, 0.42495672118777295], "k_pid_alt": [1.85112020821355, 0.7053942892632754, 0.1576465649121419], "k_pid_att": [58.989274729095186, 2.0014291760421457, 0.9808211468183533], "k_pid_yaw": [0.5, 1e-06, 0.1], "k_pid_hsp": [5.781240191458679, 0.08333843891839088, 0.2962456738633735], "k_pid_vsp": [110.56511661686339, 130.53254854158118, 1.0]}, "datetime": {"datetime": "2025-08-21 20:21:52", "elapsed": 41828.726415634155, "delta": 19.515953540802002}, "costs": {"total_cost": 337.1941466842617, "time_cost": 87.16, "final_distance_cost": 1.7503016289350715, "oscillation_cost": 152.0781926985017, "completition_cost": 0.0, "overshoot_cost": 55.69932272352014, "power_cost": 23.43094587402344, "noise_cost": 17.075383759281273, "n_waypoints_completed": 9, "tot_waypoints": 9}}
{"target": -208.41854980444043, "params": {"k_pid_pos": [1.8922997940790476, 0.024859491386256316, 0.42495672118777295], "k_pid_alt": [1.85112020821355, 0.4305222037381311, 0.1576465649121419], "k_pid_att": [23.08752834258585, 4.077532668255645, 0.73590781336997], "k_pid_yaw": [0.5, 1e-06, 0.1], "k_pid_hsp": [1.606987810134683, 0.5904477871505759, 0.01], "k_pid_vsp": [110.56511661686339, 20.252314050740118, 1.0]}, "datetime": {"datetime": "2025-08-21 20:22:13", "elapsed": 41849.522934913635, "delta": 20.79651927947998}, "costs": {"total_cost": 208.41854980444043, "time_cost": 76.776, "final_distance_cost": 1.7545407639144308, "oscillation_cost": 56.18374623902564, "completition_cost": 0.0, "overshoot_cost": 50.98321369801557, "power_cost": 11.698261083984375, "noise_cost": 11.022788019500437, "n_waypoints_completed": 9, "tot_waypoints": 9}}
{"target": -195.75096096649003, "params": {"k_pid_pos": [1.8922997940790476, 0.024859491386256316, 0.42495672118777295], "k_pid_alt": [1.85112020821355, 0.0, 0.1576465649121419], "k_pid_att": [23.08752834258585, 4.077532668255645, 0.73590781336997], "k_pid_yaw": [0.5, 1e-06, 0.1], "k_pid_hsp": [1.606987810134683, 0.5904477871505759, 0.01], "k_pid_vsp": [110.56511661686339, 20.252314050740118, 1.0]}, "datetime": {"datetime": "2025-08-21 20:22:29", "elapsed": 41865.48092675209, "delta": 15.9579918384552}, "costs": {"total_cost": 195.75096096649003, "time_cost": 69.21600000000001, "final_distance_cost": 1.8220566231404034, "oscillation_cost": 48.13112326657264, "completition_cost": 0.0, "overshoot_cost": 50.2695365350935, "power_cost": 14.137279638671876, "noise_cost": 12.174964903011617, "n_waypoints_completed": 9, "tot_waypoints": 9}}
