{"target": -209.79015243173393, "params": {"k_pid_pos": [1.8922997940790476, 0.024859491386256316, 0.6250867496839783], "k_pid_alt": [1.6319753356852484, 0.972950519011735, 0.8561296716900385], "k_pid_att": [58.989274729095186, 7.262158112886176, 0.73590781336997], "k_pid_yaw": [0.5, 1e-06, 0.1], "k_pid_hsp": [1.606987810134683, 0.3095743154041969, 0.01], "k_pid_vsp": [110.56511661686339, 59.083466427248936, 1.0]}, "datetime": {"datetime": "2025-08-21 17:46:07", "elapsed": 32483.53185915947, "delta": 18.278913736343384}, "costs": {"total_cost": 209.79015243173393, "time_cost": 79.368, "final_distance_cost": 1.766327453712379, "oscillation_cost": 55.195140931638335, "completition_cost": 0.0, "overshoot_cost": 51.119898198600424, "power_cost": 11.263756555175782, "noise_cost": 11.077029292607032, "n_waypoints_completed": 9, "tot_waypoints": 9}}
{"target": -185.642383502167, "params": {"k_pid_pos": [1.8922997940790476, 0.024859491386256316, 0.6250867496839783], "k_pid_alt": [1.1098775236402525, 0.0, 0.04765230386150865], "k_pid_att": [92.532430894659, 3.2931611945007657, 0.73590781336997], "k_pid_yaw": [0.5, 1e-06, 0.1], "k_pid_hsp": [1.606987810134683, 0.5286484062691404, 0.01], "k_pid_vsp": [110.56511661686339, 59.083466427248936, 1.0]}, "datetime": {"datetime": "2025-08-21 17:46:23", "elapsed": 32499.480417490005, "delta": 15.948558330535889}, "costs": {"total_cost": 185.642383502167, "time_cost": 68.92, "final_distance_cost": 1.8200593739695152, "oscillation_cost": 45.679291826387065, "completition_cost": 0.0, "overshoot_cost": 49.62198700665698, "power_cost": 9.597088464355469, "noise_cost": 10.003956830797978, "n_waypoints_completed": 9, "tot_waypoints": 9}}
{"target": -190.04759431029382, "params": {"k_pid_pos": [1.8922997940790476, 0.024859491386256316, 0.6250867496839783], "k_pid_alt": [1.1098775236402525, 0.0, 0.1576465649121419], "k_pid_att": [58.989274729095186, 5.859554809351448, 0.20497828334174084], "k_pid_yaw": [0.5, 1e-06, 0.1], "k_pid_hsp": [1.606987810134683, 0.1531003758033771, 0.01], "k_pid_vsp": [121.11927891757475, 59.083466427248936, 1.0]}, "datetime": {"datetime": "2025-08-21 17:46:40", "elapsed": 32516.632757663727, "delta": 17.152340173721313}, "costs": {"total_cost": 190.04759431029382, "time_cost": 69.44, "final_distance_cost": 1.8062937118171964, "oscillation_cost": 45.641078003646086, "completition_cost": 0.0, "overshoot_cost": 49.68998079258355, "power_cost": 12.152894653320313, "noise_cost": 11.317347148926663, "n_waypoints_completed": 9, "tot_waypoints": 9}}
{"target": -350.8384995773239, "params": {"k_pid_pos": [1.8922997940790476, 0.08087462101852438, 0.6250867496839783], "k_pid_alt": [1.6319753356852484, 0.0, 0.1576465649121419], "k_pid_att": [28.19473841193917, 3.2931611945007657, 0.07467988019100957], "k_pid_yaw": [0.5, 1e-06, 0.1], "k_pid_hsp": [2.801807545737723, 0.758576650728263, 0.14758719081210547], "k_pid_vsp": [137.42066172705395, 59.083466427248936, 1.0]}, "datetime": {"datetime": "2025-08-21 17:46:58", "elapsed": 32534.485128879547, "delta": 17.852371215820312}, "costs": {"total_cost": 350.8384995773239, "time_cost": 76.744, "final_distance_cost": 1.7839293878676157, "oscillation_cost": 188.6060925644155, "completition_cost": 0.0, "overshoot_cost": 51.64164045103618, "power_cost": 17.814092736816406, "noise_cost": 14.248744437188181, "n_waypoints_completed": 9, "tot_waypoints": 9}}
{"target": -217.30355196420496, "params": {"k_pid_pos": [1.8922997940790476, 0.024859491386256316, 0.6250867496839783], "k_pid_alt": [1.6319753356852484, 0.05522870589016149, 0.1576465649121419], "k_pid_att": [92.532430894659, 3.2931611945007657, 0.73590781336997], "k_pid_yaw": [0.5, 1e-06, 0.1], "k_pid_hsp": [1.606987810134683, 0.7143847214026764, 0.01], "k_pid_vsp": [110.56511661686339, 250.21609499067577, 22.211825688563795]}, "datetime": {"datetime": "2025-08-21 17:47:16", "elapsed": 32552.876274585724, "delta": 18.391145706176758}, "costs": {"total_cost": 217.30355196420496, "time_cost": 76.624, "final_distance_cost": 1.8379245197725562, "oscillation_cost": 61.21611763060954, "completition_cost": 0.0, "overshoot_cost": 50.7480181490526, "power_cost": 14.915270178222658, "noise_cost": 11.9622214865476, "n_waypoints_completed": 9, "tot_waypoints": 9}}
{"target": -885.3969547916162, "params": {"k_pid_pos": [1.8034346552870686, 0.08087462101852438, 0.6250867496839783], "k_pid_alt": [0.7503000084241305, 0.0, 0.1576465649121419], "k_pid_att": [58.989274729095186, 5.859554809351448, 0.12678522794134206], "k_pid_yaw": [0.5, 1e-06, 0.1], "k_pid_hsp": [1.606987810134683, 0.30538356757589824, 0.01], "k_pid_vsp": [344.0600164616191, 59.083466427248936, 211.66936240402038]}, "datetime": {"datetime": "2025-08-21 17:47:39", "elapsed": 32576.388787031174, "delta": 23.51251244544983}, "costs": {"total_cost": 885.3969547916162, "time_cost": 150, "final_distance_cost": 43.466021651304494, "oscillation_cost": 63.789245288116035, "completition_cost": 555.5555555555555, "overshoot_cost": 39.31714464231032, "power_cost": 19.219656616210937, "noise_cost": 14.049331038118863, "n_waypoints_completed": 4, "tot_waypoints": 9}}
{"target": -178.4658706206538, "params": {"k_pid_pos": [1.8922997940790476, 0.024859491386256316, 0.6250867496839783], "k_pid_alt": [1.1098775236402525, 0.0, 0.1576465649121419], "k_pid_att": [58.989274729095186, 5.859554809351448, 0.73590781336997], "k_pid_yaw": [0.5, 1e-06, 0.1], "k_pid_hsp": [1.606987810134683, 0.1531003758033771, 0.01], "k_pid_vsp": [110.56511661686339, 130.53254854158118, 1.0]}, "datetime": {"datetime": "2025-08-21 17:47:57", "elapsed": 32593.65059685707, "delta": 17.261809825897217}, "costs": {"total_cost": 178.4658706206538, "time_cost": 68.936, "final_distance_cost": 1.8300658676852282, "oscillation_cost": 40.90981011034985, "completition_cost": 0.0, "overshoot_cost": 49.51526638530961, "power_cost": 8.165090991210938, "noise_cost": 9.109637266098119, "n_waypoints_completed": 9, "tot_waypoints": 9}}
{"target": -184.63254491102953, "params": {"k_pid_pos": [1.8922997940790476, 0.024859491386256316, 0.6250867496839783], "k_pid_alt": [0.8511837275376319, 0.0, 0.014398680574380873], "k_pid_att": [58.989274729095186, 8.451705289372699, 0.8267899093225144], "k_pid_yaw": [0.5, 1e-06, 0.1], "k_pid_hsp": [3.8165853135157835, 0.3095743154041969, 0.01], "k_pid_vsp": [110.56511661686339, 59.083466427248936, 1.0]}, "datetime": {"datetime": "2025-08-21 17:48:13", "elapsed": 32609.58518218994, "delta": 15.934585332870483}, "costs": {"total_cost": 184.63254491102953, "time_cost": 70.21600000000001, "final_distance_cost": 1.8300544591664403, "oscillation_cost": 37.73356154170876, "completition_cost": 0.0, "overshoot_cost": 49.70134866974256, "power_cost": 13.238661657714845, "noise_cost": 11.912918582696912, "n_waypoints_completed": 9, "tot_waypoints": 9}}
{"target": -184.73436636099152, "params": {"k_pid_pos": [1.8922997940790476, 0.024859491386256316, 0.6250867496839783], "k_pid_alt": [1.6319753356852484, 0.0, 0.014398680574380873], "k_pid_att": [58.989274729095186, 7.262158112886176, 0.73590781336997], "k_pid_yaw": [0.5, 1e-06, 0.1], "k_pid_hsp": [1.606987810134683, 0.3095743154041969, 0.01], "k_pid_vsp": [110.56511661686339, 59.083466427248936, 1.0]}, "datetime": {"datetime": "2025-08-21 17:48:30", "elapsed": 32626.660895347595, "delta": 17.07571315765381}, "costs": {"total_cost": 184.73436636099152, "time_cost": 68.57600000000001, "final_distance_cost": 1.8325033125279335, "oscillation_cost": 39.948705510473914, "completition_cost": 0.0, "overshoot_cost": 50.191039884093726, "power_cost": 12.588555041503907, "noise_cost": 11.597562612392045, "n_waypoints_completed": 9, "tot_waypoints": 9}}
{"target": -183.47981670817143, "params": {"k_pid_pos": [1.8922997940790476, 0.024859491386256316, 0.6250867496839783], "k_pid_alt": [0.8511837275376319, 0.0, 0.014398680574380873], "k_pid_att": [58.989274729095186, 8.451705289372699, 0.73590781336997], "k_pid_yaw": [0.5, 1e-06, 0.1], "k_pid_hsp": [4.3372224232348895, 0.3095743154041969, 0.01], "k_pid_vsp": [110.56511661686339, 59.083466427248936, 1.0]}, "datetime": {"datetime": "2025-08-21 17:48:47", "elapsed": 32643.6944334507, "delta": 17.033538103103638}, "costs": {"total_cost": 183.47981670817143, "time_cost": 70.008, "final_distance_cost": 1.8120079656240937, "oscillation_cost": 41.51068465778982, "completition_cost": 0.0, "overshoot_cost": 49.41361731256431, "power_cost": 10.414297302246094, "noise_cost": 10.32120946994712, "n_waypoints_completed": 9, "tot_waypoints": 9}}
{"target": -191.22896661778046, "params": {"k_pid_pos": [1.8034346552870686, 0.08087462101852438, 0.6250867496839783], "k_pid_alt": [1.6319753356852484, 0.0, 0.1576465649121419], "k_pid_att": [58.989274729095186, 3.2931611945007657, 0.12678522794134206], "k_pid_yaw": [0.5, 1e-06, 0.1], "k_pid_hsp": [1.606987810134683, 0.30538356757589824, 0.01], "k_pid_vsp": [110.56511661686339, 59.083466427248936, 1.0]}, "datetime": {"datetime": "2025-08-21 17:49:03", "elapsed": 32660.319460868835, "delta": 16.625027418136597}, "costs": {"total_cost": 191.22896661778046, "time_cost": 68.416, "final_distance_cost": 1.8285018741432633, "oscillation_cost": 51.275434125994984, "completition_cost": 0.0, "overshoot_cost": 49.504434588924525, "power_cost": 10.087097583007813, "noise_cost": 10.117498445709883, "n_waypoints_completed": 9, "tot_waypoints": 9}}
{"target": -187.40341606939884, "params": {"k_pid_pos": [1.8922997940790476, 0.024859491386256316, 0.969378560536396], "k_pid_alt": [1.6319753356852484, 0.0, 0.1576465649121419], "k_pid_att": [92.532430894659, 1.3530193656632616, 0.73590781336997], "k_pid_yaw": [0.5, 1e-06, 0.1], "k_pid_hsp": [1.606987810134683, 0.1855468782182117, 0.01], "k_pid_vsp": [110.56511661686339, 59.083466427248936, 1.0]}, "datetime": {"datetime": "2025-08-21 17:49:20", "elapsed": 32677.316453933716, "delta": 16.99699306488037}, "costs": {"total_cost": 187.40341606939884, "time_cost": 69.92, "final_distance_cost": 1.8399464168356674, "oscillation_cost": 39.941027773603466, "completition_cost": 0.0, "overshoot_cost": 50.0563807667225, "power_cost": 13.36089168701172, "noise_cost": 12.28516942522549, "n_waypoints_completed": 9, "tot_waypoints": 9}}
{"target": -209.16924954814075, "params": {"k_pid_pos": [1.8922997940790476, 0.8340419296703991, 0.6250867496839783], "k_pid_alt": [1.5073007903459947, 0.0, 0.1576465649121419], "k_pid_att": [92.532430894659, 3.2931611945007657, 0.8896747318008217], "k_pid_yaw": [0.5, 1e-06, 0.1], "k_pid_hsp": [5.443665085475852, 0.1531003758033771, 0.01], "k_pid_vsp": [216.88603982906818, 59.083466427248936, 1.0]}, "datetime": {"datetime": "2025-08-21 17:49:39", "elapsed": 32695.590868473053, "delta": 18.274414539337158}, "costs": {"total_cost": 209.16924954814075, "time_cost": 78.36, "final_distance_cost": 1.7086761560730739, "oscillation_cost": 50.7370432669204, "completition_cost": 0.0, "overshoot_cost": 51.38946841259433, "power_cost": 14.312879602050781, "noise_cost": 12.661182110502176, "n_waypoints_completed": 9, "tot_waypoints": 9}}
{"target": -199.93618128830286, "params": {"k_pid_pos": [1.8922997940790476, 0.024859491386256316, 0.6250867496839783], "k_pid_alt": [1.6319753356852484, 0.0, 0.39033212468778067], "k_pid_att": [92.532430894659, 3.2931611945007657, 0.12678522794134206], "k_pid_yaw": [0.5, 1e-06, 0.1], "k_pid_hsp": [1.606987810134683, 0.30538356757589824, 0.01], "k_pid_vsp": [110.56511661686339, 59.083466427248936, 1.0]}, "datetime": {"datetime": "2025-08-21 17:49:56", "elapsed": 32713.078346967697, "delta": 17.487478494644165}, "costs": {"total_cost": 199.93618128830286, "time_cost": 69.272, "final_distance_cost": 1.8184763107633433, "oscillation_cost": 53.15736351013013, "completition_cost": 0.0, "overshoot_cost": 50.4725776034773, "power_cost": 13.321417395019532, "noise_cost": 11.894346468912559, "n_waypoints_completed": 9, "tot_waypoints": 9}}
{"target": -203.1830246565381, "params": {"k_pid_pos": [1.8034346552870686, 0.08087462101852438, 0.8800578400597763], "k_pid_alt": [1.6319753356852484, 0.27875359925262033, 0.1576465649121419], "k_pid_att": [10.144412392664826, 5.859554809351448, 0.73590781336997], "k_pid_yaw": [0.5, 1e-06, 0.1], "k_pid_hsp": [1.606987810134683, 0.1531003758033771, 0.01], "k_pid_vsp": [110.56511661686339, 59.083466427248936, 1.0]}, "datetime": {"datetime": "2025-08-21 17:50:15", "elapsed": 32731.516750574112, "delta": 18.438403606414795}, "costs": {"total_cost": 203.1830246565381, "time_cost": 78.744, "final_distance_cost": 1.7582930911437498, "oscillation_cost": 48.238227405294175, "completition_cost": 0.0, "overshoot_cost": 50.753158209604834, "power_cost": 12.331230883789063, "noise_cost": 11.35811506670625, "n_waypoints_completed": 9, "tot_waypoints": 9}}
{"target": -181.69813384139582, "params": {"k_pid_pos": [1.8922997940790476, 0.024859491386256316, 0.6250867496839783], "k_pid_alt": [1.1098775236402525, 0.0, 0.1576465649121419], "k_pid_att": [11.329609997636037, 6.043751783864618, 0.73590781336997], "k_pid_yaw": [0.5, 1e-06, 0.1], "k_pid_hsp": [1.606987810134683, 0.1531003758033771, 0.01], "k_pid_vsp": [110.56511661686339, 59.083466427248936, 1.0]}, "datetime": {"datetime": "2025-08-21 17:50:32", "elapsed": 32748.955967903137, "delta": 17.43921732902527}, "costs": {"total_cost": 181.69813384139582, "time_cost": 68.92, "final_distance_cost": 1.8232009901657715, "oscillation_cost": 39.44479827588109, "completition_cost": 0.0, "overshoot_cost": 49.684182417585674, "power_cost": 11.223402062988281, "noise_cost": 10.602550094775019, "n_waypoints_completed": 9, "tot_waypoints": 9}}
{"target": -218.64920349794693, "params": {"k_pid_pos": [0.733120299083194, 0.024859491386256316, 0.8672549058211023], "k_pid_alt": [1.6319753356852484, 0.0, 0.1576465649121419], "k_pid_att": [92.532430894659, 5.3753599788647985, 0.9351000021083623], "k_pid_yaw": [0.5, 1e-06, 0.1], "k_pid_hsp": [1.606987810134683, 0.30538356757589824, 0.01], "k_pid_vsp": [110.56511661686339, 6.65134314787687, 1.0]}, "datetime": {"datetime": "2025-08-21 17:50:52", "elapsed": 32769.00044488907, "delta": 20.044476985931396}, "costs": {"total_cost": 218.64920349794693, "time_cost": 88.224, "final_distance_cost": 1.8562481923844156, "oscillation_cost": 41.531973368499166, "completition_cost": 0.0, "overshoot_cost": 52.83190750025791, "power_cost": 17.103097509765625, "noise_cost": 17.10197692703981, "n_waypoints_completed": 9, "tot_waypoints": 9}}
{"target": -2017.6194148985337, "params": {"k_pid_pos": [0.3357872054297934, 0.024859491386256316, 0.3434561031905483], "k_pid_alt": [1.440715734429763, 0.0, 0.15791560522360282], "k_pid_att": [47.77631716562736, 7.284845820832624, 0.73590781336997], "k_pid_yaw": [0.5, 1e-06, 0.1], "k_pid_hsp": [1.606987810134683, 0.1531003758033771, 0.01], "k_pid_vsp": [110.56511661686339, 6.65134314787687, 297.18221048708995]}, "datetime": {"datetime": "2025-08-21 17:51:16", "elapsed": 32793.00749731064, "delta": 24.007052421569824}, "costs": {"total_cost": 2017.6194148985337, "time_cost": 150, "final_distance_cost": 393.5629924547001, "oscillation_cost": 24.516700754419055, "completition_cost": 888.8888888888888, "overshoot_cost": 522.3476922678145, "power_cost": 21.31298376464844, "noise_cost": 16.990156768062725, "n_waypoints_completed": 1, "tot_waypoints": 9}}
{"target": -198.62035074218838, "params": {"k_pid_pos": [1.8034346552870686, 0.2836793541084326, 0.6250867496839783], "k_pid_alt": [1.6319753356852484, 0.6742641001630488, 0.1576465649121419], "k_pid_att": [10.144412392664826, 5.859554809351448, 0.73590781336997], "k_pid_yaw": [0.5, 1e-06, 0.1], "k_pid_hsp": [1.606987810134683, 0.30538356757589824, 0.01], "k_pid_vsp": [110.56511661686339, 6.65134314787687, 1.0]}, "datetime": {"datetime": "2025-08-21 17:51:35", "elapsed": 32811.616481781006, "delta": 18.60898447036743}, "costs": {"total_cost": 198.62035074218838, "time_cost": 76.856, "final_distance_cost": 1.7534851937742797, "oscillation_cost": 49.76508118003189, "completition_cost": 0.0, "overshoot_cost": 50.839118400738165, "power_cost": 9.597331127929689, "noise_cost": 9.809334839714362, "n_waypoints_completed": 9, "tot_waypoints": 9}}
{"target": -185.52671382821936, "params": {"k_pid_pos": [1.8922997940790476, 0.024859491386256316, 0.8672549058211023], "k_pid_alt": [1.6319753356852484, 0.0, 0.1576465649121419], "k_pid_att": [92.532430894659, 7.216224919590021, 0.73590781336997], "k_pid_yaw": [0.5, 1e-06, 0.1], "k_pid_hsp": [1.606987810134683, 0.8100843395034236, 0.01], "k_pid_vsp": [110.56511661686339, 59.083466427248936, 1.0]}, "datetime": {"datetime": "2025-08-21 17:51:50", "elapsed": 32827.27454781532, "delta": 15.658066034317017}, "costs": {"total_cost": 185.52671382821936, "time_cost": 69.2, "final_distance_cost": 1.8479020744849137, "oscillation_cost": 44.3491729892675, "completition_cost": 0.0, "overshoot_cost": 49.51834564104972, "power_cost": 10.057228759765625, "noise_cost": 10.554064363651602, "n_waypoints_completed": 9, "tot_waypoints": 9}}
{"target": -184.44540515207427, "params": {"k_pid_pos": [1.8922997940790476, 0.024859491386256316, 0.6250867496839783], "k_pid_alt": [1.1098775236402525, 0.0, 0.1576465649121419], "k_pid_att": [92.532430894659, 3.2931611945007657, 0.73590781336997], "k_pid_yaw": [0.5, 1e-06, 0.1], "k_pid_hsp": [1.1779218432282734, 0.30538356757589824, 0.01], "k_pid_vsp": [110.56511661686339, 59.083466427248936, 1.0]}, "datetime": {"datetime": "2025-08-21 17:52:07", "elapsed": 32843.80204534531, "delta": 16.52749752998352}, "costs": {"total_cost": 184.44540515207427, "time_cost": 69.168, "final_distance_cost": 1.8380400939636303, "oscillation_cost": 44.69885233448705, "completition_cost": 0.0, "overshoot_cost": 49.793899303926025, "power_cost": 9.27153963623047, "noise_cost": 9.675073783467104, "n_waypoints_completed": 9, "tot_waypoints": 9}}
{"target": -184.56621630924383, "params": {"k_pid_pos": [1.7411990865856197, 0.08329610310830193, 0.6250867496839783], "k_pid_alt": [1.1098775236402525, 0.0, 0.1576465649121419], "k_pid_att": [11.329609997636037, 3.4126860594551975, 0.73590781336997], "k_pid_yaw": [0.5, 1e-06, 0.1], "k_pid_hsp": [1.606987810134683, 0.1531003758033771, 0.01], "k_pid_vsp": [110.56511661686339, 59.083466427248936, 1.0]}, "datetime": {"datetime": "2025-08-21 17:52:22", "elapsed": 32859.31791520119, "delta": 15.515869855880737}, "costs": {"total_cost": 184.56621630924383, "time_cost": 69.568, "final_distance_cost": 1.8265471824069655, "oscillation_cost": 39.76690780398524, "completition_cost": 0.0, "overshoot_cost": 49.872152249743515, "power_cost": 12.41581689453125, "noise_cost": 11.116792178576832, "n_waypoints_completed": 9, "tot_waypoints": 9}}
{"target": -245.24648960047858, "params": {"k_pid_pos": [1.8922997940790476, 0.024859491386256316, 0.6250867496839783], "k_pid_alt": [1.6319753356852484, 0.0, 0.1576465649121419], "k_pid_att": [58.989274729095186, 7.262158112886176, 0.73590781336997], "k_pid_yaw": [0.5, 1e-06, 0.1], "k_pid_hsp": [9.086286773106698, 0.3095743154041969, 0.01], "k_pid_vsp": [110.56511661686339, 59.083466427248936, 1.0]}, "datetime": {"datetime": "2025-08-21 17:52:39", "elapsed": 32876.02937054634, "delta": 16.71145534515381}, "costs": {"total_cost": 245.24648960047858, "time_cost": 68.57600000000001, "final_distance_cost": 1.8235023408456175, "oscillation_cost": 103.91343636381438, "completition_cost": 0.0, "overshoot_cost": 49.87500852781093, "power_cost": 10.62639541015625, "noise_cost": 10.432146957851373, "n_waypoints_completed": 9, "tot_waypoints": 9}}
{"target": -251.211393547806, "params": {"k_pid_pos": [1.8922997940790476, 0.024859491386256316, 0.6250867496839783], "k_pid_alt": [1.6319753356852484, 0.0, 0.014398680574380873], "k_pid_att": [58.989274729095186, 7.262158112886176, 0.1273844557339736], "k_pid_yaw": [0.5, 1e-06, 0.1], "k_pid_hsp": [1.606987810134683, 0.3095743154041969, 0.01], "k_pid_vsp": [357.7926419362953, 390.57703552990625, 291.87154017034953]}, "datetime": {"datetime": "2025-08-21 17:52:58", "elapsed": 32895.44675588608, "delta": 19.41738533973694}, "costs": {"total_cost": 251.211393547806, "time_cost": 87.76, "final_distance_cost": 1.8275837678821352, "oscillation_cost": 71.78714161027264, "completition_cost": 0.0, "overshoot_cost": 65.1832180970909, "power_cost": 13.842997314453125, "noise_cost": 10.810452758107202, "n_waypoints_completed": 9, "tot_waypoints": 9}}
{"target": -237.6075395795841, "params": {"k_pid_pos": [1.2064217457767001, 0.024859491386256316, 0.9677620586651221], "k_pid_alt": [1.6319753356852484, 0.490519778721512, 0.1576465649121419], "k_pid_att": [58.989274729095186, 3.709223089780779, 0.1273844557339736], "k_pid_yaw": [0.5, 1e-06, 0.1], "k_pid_hsp": [1.606987810134683, 0.7198891318070316, 0.01], "k_pid_vsp": [110.56511661686339, 6.65134314787687, 1.0]}, "datetime": {"datetime": "2025-08-21 17:53:19", "elapsed": 32915.697501420975, "delta": 20.25074553489685}, "costs": {"total_cost": 237.6075395795841, "time_cost": 80.456, "final_distance_cost": 1.8135744401877094, "oscillation_cost": 79.83561736401633, "completition_cost": 0.0, "overshoot_cost": 50.87436249124762, "power_cost": 12.817768371582032, "noise_cost": 11.810216912550448, "n_waypoints_completed": 9, "tot_waypoints": 9}}
