{"target": -214.21822042021503, "params": {"k_pid_pos": [1.3900759998601437, 0.024859491386256316, 0.028311350137035673], "k_pid_alt": [1.0304713630477362, 0.0, 0.06527723447865985], "k_pid_att": [24.0942673894178, 6.288329032858508, 0.8739915892735461], "k_pid_yaw": [0.5, 1e-06, 0.1], "k_pid_hsp": [9.890472764092106, 0.1531003758033771, 0.01], "k_pid_vsp": [376.5747392387296, 355.21150340299164, 1.0]}, "datetime": {"datetime": "2025-08-21 14:19:15", "elapsed": 20072.446129083633, "delta": 16.376158237457275}, "costs": {"total_cost": 214.21822042021503, "time_cost": 72.208, "final_distance_cost": 1.8148716711622142, "oscillation_cost": 55.44182315619981, "completition_cost": 0.0, "overshoot_cost": 51.45822158076731, "power_cost": 18.80138359375, "noise_cost": 14.493920418335707, "n_waypoints_completed": 9, "tot_waypoints": 9}}
{"target": -186.83900506178742, "params": {"k_pid_pos": [1.9176378968916694, 0.024859491386256316, 0.6250867496839783], "k_pid_alt": [1.6319753356852484, 0.0, 0.1576465649121419], "k_pid_att": [24.0942673894178, 8.155928685054894, 0.8739915892735461], "k_pid_yaw": [0.5, 1e-06, 0.1], "k_pid_hsp": [3.022941925987454, 0.10775848190462489, 0.01], "k_pid_vsp": [378.2079564087626, 381.5365089319878, 1.0]}, "datetime": {"datetime": "2025-08-21 14:19:32", "elapsed": 20088.504170417786, "delta": 16.05804133415222}, "costs": {"total_cost": 186.83900506178742, "time_cost": 68.872, "final_distance_cost": 1.8151896371553098, "oscillation_cost": 41.186991560742875, "completition_cost": 0.0, "overshoot_cost": 49.668613966079185, "power_cost": 13.419121887207032, "noise_cost": 11.877088010603002, "n_waypoints_completed": 9, "tot_waypoints": 9}}
{"target": -182.78414299748687, "params": {"k_pid_pos": [1.3885554450422086, 0.024859491386256316, 0.06837744536824142], "k_pid_alt": [1.408510096659571, 0.0, 0.06527723447865985], "k_pid_att": [24.0942673894178, 7.284845820832624, 0.8739915892735461], "k_pid_yaw": [0.5, 1e-06, 0.1], "k_pid_hsp": [1.0, 0.1531003758033771, 0.01], "k_pid_vsp": [378.2079564087626, 355.21150340299164, 1.0]}, "datetime": {"datetime": "2025-08-21 14:19:47", "elapsed": 20104.06968474388, "delta": 15.565514326095581}, "costs": {"total_cost": 182.78414299748687, "time_cost": 67.96000000000001, "final_distance_cost": 1.793452624891869, "oscillation_cost": 40.876875884608395, "completition_cost": 0.0, "overshoot_cost": 49.51964451338125, "power_cost": 11.785652941894531, "noise_cost": 10.848517032710829, "n_waypoints_completed": 9, "tot_waypoints": 9}}
{"target": -188.47651788478476, "params": {"k_pid_pos": [1.8249217336243428, 0.024859491386256316, 0.06837744536824142], "k_pid_alt": [1.408510096659571, 0.0, 0.5609487008588433], "k_pid_att": [24.0942673894178, 7.284845820832624, 0.8739915892735461], "k_pid_yaw": [0.5, 1e-06, 0.1], "k_pid_hsp": [1.0, 0.1531003758033771, 0.01], "k_pid_vsp": [378.2079564087626, 355.21150340299164, 1.0]}, "datetime": {"datetime": "2025-08-21 14:20:04", "elapsed": 20121.05639410019, "delta": 16.986709356307983}, "costs": {"total_cost": 188.47651788478476, "time_cost": 69.176, "final_distance_cost": 1.7692132276458312, "oscillation_cost": 43.64345471778787, "completition_cost": 0.0, "overshoot_cost": 49.49337976562768, "power_cost": 13.010562707519531, "noise_cost": 11.383907466203837, "n_waypoints_completed": 9, "tot_waypoints": 9}}
{"target": -183.61668906820248, "params": {"k_pid_pos": [1.8249217336243428, 0.024859491386256316, 0.06837744536824142], "k_pid_alt": [1.408510096659571, 0.0, 0.5609487008588433], "k_pid_att": [24.0942673894178, 7.284845820832624, 0.8739915892735461], "k_pid_yaw": [0.5, 1e-06, 0.1], "k_pid_hsp": [1.0, 0.1531003758033771, 0.01], "k_pid_vsp": [378.2079564087626, 355.21150340299164, 1.0]}, "datetime": {"datetime": "2025-08-21 14:20:20", "elapsed": 20137.358464479446, "delta": 16.302070379257202}, "costs": {"total_cost": 183.61668906820248, "time_cost": 68.992, "final_distance_cost": 1.7970890595094453, "oscillation_cost": 43.79146250450313, "completition_cost": 0.0, "overshoot_cost": 49.42953661519911, "power_cost": 9.780298425292969, "noise_cost": 9.82630246369782, "n_waypoints_completed": 9, "tot_waypoints": 9}}
{"target": -194.63244331464193, "params": {"k_pid_pos": [1.4531304595830021, 0.024859491386256316, 0.06837744536824142], "k_pid_alt": [1.102349020346133, 0.0, 0.06527723447865985], "k_pid_att": [24.0942673894178, 7.284845820832624, 0.8739915892735461], "k_pid_yaw": [0.5, 1e-06, 0.1], "k_pid_hsp": [1.0, 0.1531003758033771, 0.01], "k_pid_vsp": [378.2079564087626, 355.21150340299164, 1.0]}, "datetime": {"datetime": "2025-08-21 14:20:37", "elapsed": 20153.4843416214, "delta": 16.125877141952515}, "costs": {"total_cost": 194.63244331464193, "time_cost": 69.976, "final_distance_cost": 1.784606613675068, "oscillation_cost": 41.45809395753529, "completition_cost": 0.0, "overshoot_cost": 50.6751192612321, "power_cost": 17.195973962402345, "noise_cost": 13.542649519797152, "n_waypoints_completed": 9, "tot_waypoints": 9}}
{"target": -221.39854496250086, "params": {"k_pid_pos": [1.9176378968916694, 0.6541001382797029, 0.11401919133455096], "k_pid_alt": [1.7187705538853828, 0.0, 0.1132575830732897], "k_pid_att": [87.39233294786936, 7.284845820832624, 0.8739915892735461], "k_pid_yaw": [0.5, 1e-06, 0.1], "k_pid_hsp": [1.0, 0.1531003758033771, 0.01], "k_pid_vsp": [376.5747392387296, 355.21150340299164, 1.0]}, "datetime": {"datetime": "2025-08-21 14:20:57", "elapsed": 20173.691616535187, "delta": 20.207274913787842}, "costs": {"total_cost": 221.39854496250086, "time_cost": 85.752, "final_distance_cost": 1.759351104448274, "oscillation_cost": 53.30253702992387, "completition_cost": 0.0, "overshoot_cost": 54.6678310931896, "power_cost": 12.95794158935547, "noise_cost": 12.958884145583689, "n_waypoints_completed": 9, "tot_waypoints": 9}}
{"target": -191.693261916533, "params": {"k_pid_pos": [0.9203224573796739, 0.4336784869242679, 0.11401919133455096], "k_pid_alt": [1.0304713630477362, 0.0, 0.1576465649121419], "k_pid_att": [58.989274729095186, 7.284845820832624, 0.8739915892735461], "k_pid_yaw": [0.5, 1e-06, 0.1], "k_pid_hsp": [6.590021097612566, 0.1531003758033771, 0.01], "k_pid_vsp": [284.5460512203246, 355.21150340299164, 1.0]}, "datetime": {"datetime": "2025-08-21 14:21:14", "elapsed": 20190.862431764603, "delta": 17.170815229415894}, "costs": {"total_cost": 191.693261916533, "time_cost": 74.176, "final_distance_cost": 1.792242099801088, "oscillation_cost": 41.26821761683726, "completition_cost": 0.0, "overshoot_cost": 49.90666252247422, "power_cost": 12.727246777343751, "noise_cost": 11.822892900076672, "n_waypoints_completed": 9, "tot_waypoints": 9}}
{"target": -188.4236971779265, "params": {"k_pid_pos": [1.9176378968916694, 0.23104898077634883, 0.06837744536824142], "k_pid_alt": [1.408510096659571, 0.0, 0.06527723447865985], "k_pid_att": [27.63392213362481, 1.397073934383142, 0.8739915892735461], "k_pid_yaw": [0.5, 1e-06, 0.1], "k_pid_hsp": [1.0, 0.1531003758033771, 0.01], "k_pid_vsp": [376.5747392387296, 355.21150340299164, 1.0]}, "datetime": {"datetime": "2025-08-21 14:21:30", "elapsed": 20206.615226984024, "delta": 15.752795219421387}, "costs": {"total_cost": 188.4236971779265, "time_cost": 69.376, "final_distance_cost": 1.718732591909067, "oscillation_cost": 46.26919160138732, "completition_cost": 0.0, "overshoot_cost": 49.35247249239198, "power_cost": 11.232251220703125, "noise_cost": 10.475049271534994, "n_waypoints_completed": 9, "tot_waypoints": 9}}
{"target": -298.8171305257257, "params": {"k_pid_pos": [1.3885554450422086, 0.024859491386256316, 0.11401919133455096], "k_pid_alt": [1.6319753356852484, 0.0, 0.1576465649121419], "k_pid_att": [24.0942673894178, 4.273161054152589, 0.8739915892735461], "k_pid_yaw": [0.5, 1e-06, 0.1], "k_pid_hsp": [3.022941925987454, 0.4702638621486921, 0.2823155124738027], "k_pid_vsp": [378.2079564087626, 381.5365089319878, 188.11849363377513]}, "datetime": {"datetime": "2025-08-21 14:21:46", "elapsed": 20223.009031057358, "delta": 16.39380407333374}, "costs": {"total_cost": 298.8171305257257, "time_cost": 69.488, "final_distance_cost": 1.7659976690642623, "oscillation_cost": 150.14422569546235, "completition_cost": 0.0, "overshoot_cost": 50.9929274251638, "power_cost": 15.073805908203125, "noise_cost": 11.352173827832166, "n_waypoints_completed": 9, "tot_waypoints": 9}}
{"target": -982.7583018685842, "params": {"k_pid_pos": [1.9176378968916694, 0.024859491386256316, 0.11401919133455096], "k_pid_alt": [0.11479011791086302, 0.0, 0.1576465649121419], "k_pid_att": [90.06796863431647, 4.273161054152589, 0.8739915892735461], "k_pid_yaw": [0.5, 1e-06, 0.1], "k_pid_hsp": [3.022941925987454, 0.4702638621486921, 0.01], "k_pid_vsp": [378.2079564087626, 381.5365089319878, 1.0]}, "datetime": {"datetime": "2025-08-21 14:22:09", "elapsed": 20245.460419416428, "delta": 22.451388359069824}, "costs": {"total_cost": 982.7583018685842, "time_cost": 150, "final_distance_cost": 53.26835817002893, "oscillation_cost": 37.24032640096683, "completition_cost": 666.6666666666667, "overshoot_cost": 41.13817213945776, "power_cost": 18.735669104003907, "noise_cost": 15.709109387460014, "n_waypoints_completed": 3, "tot_waypoints": 9}}
{"target": -208.70088633836602, "params": {"k_pid_pos": [1.9176378968916694, 0.944284592104748, 0.6250867496839783], "k_pid_alt": [1.6319753356852484, 0.0, 0.26456819338015114], "k_pid_att": [24.0942673894178, 8.155928685054894, 0.8739915892735461], "k_pid_yaw": [0.5, 1e-06, 0.1], "k_pid_hsp": [3.022941925987454, 0.10775848190462489, 0.01], "k_pid_vsp": [378.2079564087626, 381.5365089319878, 1.0]}, "datetime": {"datetime": "2025-08-21 14:22:27", "elapsed": 20264.265612125397, "delta": 18.805192708969116}, "costs": {"total_cost": 208.70088633836602, "time_cost": 82.168, "final_distance_cost": 1.7588285009405766, "oscillation_cost": 50.3981236475117, "completition_cost": 0.0, "overshoot_cost": 51.49144490773095, "power_cost": 11.453834179687501, "noise_cost": 11.430655102495288, "n_waypoints_completed": 9, "tot_waypoints": 9}}
{"target": -185.01334138648997, "params": {"k_pid_pos": [1.3885554450422086, 0.024859491386256316, 0.06837744536824142], "k_pid_alt": [1.408510096659571, 0.0, 0.06527723447865985], "k_pid_att": [71.45838630927439, 7.284845820832624, 0.8739915892735461], "k_pid_yaw": [0.5, 1e-06, 0.1], "k_pid_hsp": [1.0, 0.1531003758033771, 0.01], "k_pid_vsp": [378.2079564087626, 50.87373020527707, 1.0]}, "datetime": {"datetime": "2025-08-21 14:22:43", "elapsed": 20279.675517082214, "delta": 15.409904956817627}, "costs": {"total_cost": 185.01334138648997, "time_cost": 68.888, "final_distance_cost": 1.8139656763034624, "oscillation_cost": 42.80711805518571, "completition_cost": 0.0, "overshoot_cost": 50.25317020752417, "power_cost": 10.76507342529297, "noise_cost": 10.48601402218364, "n_waypoints_completed": 9, "tot_waypoints": 9}}
{"target": -187.0572382656487, "params": {"k_pid_pos": [1.9176378968916694, 0.024859491386256316, 0.21152287994165886], "k_pid_alt": [1.6586884955541554, 0.0, 0.06527723447865985], "k_pid_att": [24.0942673894178, 7.284845820832624, 0.8739915892735461], "k_pid_yaw": [0.5, 1e-06, 0.1], "k_pid_hsp": [1.606987810134683, 0.1531003758033771, 0.01], "k_pid_vsp": [110.56511661686339, 355.21150340299164, 1.0]}, "datetime": {"datetime": "2025-08-21 14:22:58", "elapsed": 20294.918835878372, "delta": 15.243318796157837}, "costs": {"total_cost": 187.0572382656487, "time_cost": 67.776, "final_distance_cost": 1.7625526969852823, "oscillation_cost": 44.56476145857613, "completition_cost": 0.0, "overshoot_cost": 49.39355034205667, "power_cost": 12.546800341796876, "noise_cost": 11.01357342623374, "n_waypoints_completed": 9, "tot_waypoints": 9}}
{"target": -477.38880349732324, "params": {"k_pid_pos": [1.3885554450422086, 0.024859491386256316, 0.8017766682930172], "k_pid_alt": [1.0304713630477362, 0.0, 0.7547909499110205], "k_pid_att": [24.0942673894178, 8.155928685054894, 0.2049938029151538], "k_pid_yaw": [0.5, 1e-06, 0.1], "k_pid_hsp": [3.022941925987454, 0.10775848190462489, 0.9026349469911306], "k_pid_vsp": [241.01872517964944, 381.5365089319878, 1.0]}, "datetime": {"datetime": "2025-08-21 14:23:19", "elapsed": 20315.723043203354, "delta": 20.80420732498169}, "costs": {"total_cost": 477.38880349732324, "time_cost": 90.616, "final_distance_cost": 1.8063697987712206, "oscillation_cost": 292.38063089414595, "completition_cost": 0.0, "overshoot_cost": 56.566902991828975, "power_cost": 19.458331994628907, "noise_cost": 16.560567817948197, "n_waypoints_completed": 9, "tot_waypoints": 9}}
{"target": -244.60842824672642, "params": {"k_pid_pos": [1.9176378968916694, 0.024859491386256316, 0.6250867496839783], "k_pid_alt": [1.6319753356852484, 0.0, 0.1576465649121419], "k_pid_att": [58.989274729095186, 5.088413281584711, 0.6179952950406163], "k_pid_yaw": [0.5, 1e-06, 0.1], "k_pid_hsp": [1.606987810134683, 0.1531003758033771, 0.01], "k_pid_vsp": [378.2079564087626, 255.15728066808146, 296.34227500557057]}, "datetime": {"datetime": "2025-08-21 14:23:41", "elapsed": 20337.625408411026, "delta": 21.90236520767212}, "costs": {"total_cost": 244.60842824672642, "time_cost": 96.352, "final_distance_cost": 1.8637603017086655, "oscillation_cost": 62.49861778135289, "completition_cost": 0.0, "overshoot_cost": 63.82769493185497, "power_cost": 10.491913842773439, "noise_cost": 9.574441389036437, "n_waypoints_completed": 9, "tot_waypoints": 9}}
{"target": -230.44146936394088, "params": {"k_pid_pos": [0.9203224573796739, 0.024859491386256316, 0.5792642345702999], "k_pid_alt": [1.0304713630477362, 0.8453038121781166, 0.1576465649121419], "k_pid_att": [58.989274729095186, 7.284845820832624, 0.8739915892735461], "k_pid_yaw": [0.5, 1e-06, 0.1], "k_pid_hsp": [6.590021097612566, 0.1531003758033771, 0.01], "k_pid_vsp": [284.5460512203246, 355.21150340299164, 1.0]}, "datetime": {"datetime": "2025-08-21 14:24:04", "elapsed": 20361.284737348557, "delta": 23.659328937530518}, "costs": {"total_cost": 230.44146936394088, "time_cost": 87.632, "final_distance_cost": 1.8228546919572446, "oscillation_cost": 62.309778607465404, "completition_cost": 0.0, "overshoot_cost": 53.784719061435425, "power_cost": 12.834132153320313, "noise_cost": 12.057984849762462, "n_waypoints_completed": 9, "tot_waypoints": 9}}
{"target": -212.9555432567052, "params": {"k_pid_pos": [1.3885554450422086, 0.024859491386256316, 0.06837744536824142], "k_pid_alt": [1.408510096659571, 0.2444858433726511, 0.06527723447865985], "k_pid_att": [27.63392213362481, 7.284845820832624, 0.8739915892735461], "k_pid_yaw": [0.5, 1e-06, 0.1], "k_pid_hsp": [5.438556736783662, 0.1531003758033771, 0.01], "k_pid_vsp": [376.5747392387296, 355.59331454328964, 1.0]}, "datetime": {"datetime": "2025-08-21 14:24:23", "elapsed": 20379.951940774918, "delta": 18.667203426361084}, "costs": {"total_cost": 212.9555432567052, "time_cost": 78.888, "final_distance_cost": 1.7730156985833272, "oscillation_cost": 53.97103487273808, "completition_cost": 0.0, "overshoot_cost": 51.2794874891799, "power_cost": 14.465687670898438, "noise_cost": 12.57831752530548, "n_waypoints_completed": 9, "tot_waypoints": 9}}
{"target": -185.67126087133863, "params": {"k_pid_pos": [1.9176378968916694, 0.024859491386256316, 0.6250867496839783], "k_pid_alt": [1.6319753356852484, 0.0, 0.1576465649121419], "k_pid_att": [24.0942673894178, 7.284845820832624, 0.8739915892735461], "k_pid_yaw": [0.5, 1e-06, 0.1], "k_pid_hsp": [2.395389635608916, 0.1531003758033771, 0.01], "k_pid_vsp": [378.2079564087626, 355.21150340299164, 1.0]}, "datetime": {"datetime": "2025-08-21 14:24:40", "elapsed": 20396.837102413177, "delta": 16.885161638259888}, "costs": {"total_cost": 185.67126087133863, "time_cost": 68.83200000000001, "final_distance_cost": 1.8285516977334921, "oscillation_cost": 40.56315800614467, "completition_cost": 0.0, "overshoot_cost": 49.871961333384235, "power_cost": 12.978972595214845, "noise_cost": 11.59661723886137, "n_waypoints_completed": 9, "tot_waypoints": 9}}
{"target": -220.92722428133902, "params": {"k_pid_pos": [1.3885554450422086, 0.024859491386256316, 0.06837744536824142], "k_pid_alt": [1.408510096659571, 0.9483159875416077, 0.2708715183109395], "k_pid_att": [24.0942673894178, 8.155928685054894, 0.8739915892735461], "k_pid_yaw": [0.5, 1e-06, 0.1], "k_pid_hsp": [3.022941925987454, 0.8086473436552222, 0.01], "k_pid_vsp": [378.2079564087626, 381.5365089319878, 1.0]}, "datetime": {"datetime": "2025-08-21 14:24:58", "elapsed": 20415.358712673187, "delta": 18.521610260009766}, "costs": {"total_cost": 220.92722428133902, "time_cost": 81.712, "final_distance_cost": 1.7561525333826953, "oscillation_cost": 61.02139132058059, "completition_cost": 0.0, "overshoot_cost": 52.15922700477592, "power_cost": 12.681839172363281, "noise_cost": 11.596614250236541, "n_waypoints_completed": 9, "tot_waypoints": 9}}
{"target": -186.06325210116898, "params": {"k_pid_pos": [1.9176378968916694, 0.024859491386256316, 0.21152287994165886], "k_pid_alt": [1.6319753356852484, 0.0, 0.06527723447865985], "k_pid_att": [58.989274729095186, 5.088413281584711, 0.6179952950406163], "k_pid_yaw": [0.5, 1e-06, 0.1], "k_pid_hsp": [1.606987810134683, 0.1531003758033771, 0.01], "k_pid_vsp": [63.87935167311278, 255.15728066808146, 1.0]}, "datetime": {"datetime": "2025-08-21 14:25:15", "elapsed": 20431.56466293335, "delta": 16.205950260162354}, "costs": {"total_cost": 186.06325210116898, "time_cost": 67.968, "final_distance_cost": 1.7861911653012312, "oscillation_cost": 44.5811428303934, "completition_cost": 0.0, "overshoot_cost": 50.38093366725277, "power_cost": 10.972975012207032, "noise_cost": 10.374009426014549, "n_waypoints_completed": 9, "tot_waypoints": 9}}
{"target": -209.899599753025, "params": {"k_pid_pos": [1.0881159906046851, 0.024859491386256316, 0.8017766682930172], "k_pid_alt": [1.0304713630477362, 0.0, 0.7547909499110205], "k_pid_att": [24.0942673894178, 5.09582738139613, 0.8739915892735461], "k_pid_yaw": [0.5, 1e-06, 0.1], "k_pid_hsp": [1.606987810134683, 0.1531003758033771, 0.01], "k_pid_vsp": [40.32923178154295, 355.21150340299164, 1.0]}, "datetime": {"datetime": "2025-08-21 14:25:33", "elapsed": 20450.298938274384, "delta": 18.734275341033936}, "costs": {"total_cost": 209.899599753025, "time_cost": 81.28, "final_distance_cost": 1.8479587152463326, "oscillation_cost": 51.00114975967905, "completition_cost": 0.0, "overshoot_cost": 49.86260095773874, "power_cost": 13.441599951171876, "noise_cost": 12.466290369189005, "n_waypoints_completed": 9, "tot_waypoints": 9}}
{"target": -194.27737718734744, "params": {"k_pid_pos": [1.3885554450422086, 0.024859491386256316, 0.818138871087333], "k_pid_alt": [1.0304713630477362, 0.0, 0.1132575830732897], "k_pid_att": [27.63392213362481, 7.284845820832624, 0.8739915892735461], "k_pid_yaw": [0.5, 1e-06, 0.1], "k_pid_hsp": [3.7446071307262585, 0.1531003758033771, 0.01], "k_pid_vsp": [376.5747392387296, 355.21150340299164, 1.0]}, "datetime": {"datetime": "2025-08-21 14:25:50", "elapsed": 20466.747101783752, "delta": 16.448163509368896}, "costs": {"total_cost": 194.27737718734744, "time_cost": 73.008, "final_distance_cost": 1.8534250204775347, "oscillation_cost": 44.60254095862277, "completition_cost": 0.0, "overshoot_cost": 49.930218795195486, "power_cost": 12.607191821289064, "noise_cost": 12.276000591762587, "n_waypoints_completed": 9, "tot_waypoints": 9}}
{"target": -183.31204939533455, "params": {"k_pid_pos": [1.9176378968916694, 0.024859491386256316, 0.11401919133455096], "k_pid_alt": [1.7187705538853828, 0.0, 0.06527723447865985], "k_pid_att": [24.0942673894178, 7.284845820832624, 0.8739915892735461], "k_pid_yaw": [0.5, 1e-06, 0.1], "k_pid_hsp": [1.0, 0.1531003758033771, 0.01], "k_pid_vsp": [284.5460512203246, 355.21150340299164, 1.0]}, "datetime": {"datetime": "2025-08-21 14:26:06", "elapsed": 20482.858628988266, "delta": 16.11152720451355}, "costs": {"total_cost": 183.31204939533455, "time_cost": 67.568, "final_distance_cost": 1.7567770118062827, "oscillation_cost": 45.292232768453296, "completition_cost": 0.0, "overshoot_cost": 49.37854400867093, "power_cost": 9.678707141113282, "noise_cost": 9.637788465290772, "n_waypoints_completed": 9, "tot_waypoints": 9}}
{"target": -218.2172138632643, "params": {"k_pid_pos": [1.3885554450422086, 0.024859491386256316, 0.06837744536824142], "k_pid_alt": [1.408510096659571, 0.0, 0.06527723447865985], "k_pid_att": [27.63392213362481, 7.284845820832624, 0.8739915892735461], "k_pid_yaw": [0.5, 1e-06, 0.1], "k_pid_hsp": [1.0, 0.1531003758033771, 0.01], "k_pid_vsp": [352.6407561030123, 355.21150340299164, 256.4816389284505]}, "datetime": {"datetime": "2025-08-21 14:26:25", "elapsed": 20501.902113437653, "delta": 19.043484449386597}, "costs": {"total_cost": 218.2172138632643, "time_cost": 82.672, "final_distance_cost": 1.8566209105632978, "oscillation_cost": 54.484944604085506, "completition_cost": 0.0, "overshoot_cost": 56.38679311000798, "power_cost": 12.763934704589845, "noise_cost": 10.052920534017682, "n_waypoints_completed": 9, "tot_waypoints": 9}}
{"target": -189.62417269265146, "params": {"k_pid_pos": [1.6203022768980826, 0.024859491386256316, 0.06837744536824142], "k_pid_alt": [1.408510096659571, 0.0, 0.06527723447865985], "k_pid_att": [27.63392213362481, 7.284845820832624, 0.8739915892735461], "k_pid_yaw": [0.5, 1e-06, 0.1], "k_pid_hsp": [1.0, 0.1531003758033771, 0.01], "k_pid_vsp": [376.5747392387296, 355.21150340299164, 1.0]}, "datetime": {"datetime": "2025-08-21 14:26:40", "elapsed": 20517.44111084938, "delta": 15.538997411727905}, "costs": {"total_cost": 189.62417269265146, "time_cost": 68.376, "final_distance_cost": 1.7789354164469529, "oscillation_cost": 42.1633184839525, "completition_cost": 0.0, "overshoot_cost": 50.21850505394566, "power_cost": 14.844564184570313, "noise_cost": 12.242849553735985, "n_waypoints_completed": 9, "tot_waypoints": 9}}
