{"target": -192.69092969782366, "params": {"k_pid_pos": [1.8922997940790476, 0.41226481905908063, 0.6250867496839783], "k_pid_alt": [1.1098775236402525, 0.0, 0.1576465649121419], "k_pid_att": [25.463483275157817, 1.4953935029224072, 0.73590781336997], "k_pid_yaw": [0.5, 1e-06, 0.1], "k_pid_hsp": [1.606987810134683, 0.08333843891839088, 0.01], "k_pid_vsp": [339.77333032584096, 130.53254854158118, 1.0]}, "datetime": {"datetime": "2025-08-21 19:43:14", "elapsed": 39511.35752224922, "delta": 17.34408736228943}, "costs": {"total_cost": 192.69092969782366, "time_cost": 74.096, "final_distance_cost": 1.7831216082624013, "oscillation_cost": 39.03166843523549, "completition_cost": 0.0, "overshoot_cost": 51.7771779207822, "power_cost": 13.770928527832032, "noise_cost": 12.232033205711536, "n_waypoints_completed": 9, "tot_waypoints": 9}}
{"target": -321.7404514552699, "params": {"k_pid_pos": [1.8922997940790476, 0.0822904257601288, 0.6250867496839783], "k_pid_alt": [1.9160597436741602, 0.0, 0.1576465649121419], "k_pid_att": [72.04073384860645, 1.4953935029224072, 0.332604625203343], "k_pid_yaw": [0.5, 1e-06, 0.1], "k_pid_hsp": [1.606987810134683, 0.9682737338557164, 0.6712446444139886], "k_pid_vsp": [110.56511661686339, 163.66429167332532, 117.19951970595275]}, "datetime": {"datetime": "2025-08-21 19:43:34", "elapsed": 39531.42520022392, "delta": 20.067677974700928}, "costs": {"total_cost": 321.7404514552699, "time_cost": 82.248, "final_distance_cost": 1.734149374401721, "oscillation_cost": 145.5074483877024, "completition_cost": 0.0, "overshoot_cost": 57.44929684576484, "power_cost": 18.870544689941408, "noise_cost": 15.931012157459522, "n_waypoints_completed": 9, "tot_waypoints": 9}}
{"target": -178.70820077403508, "params": {"k_pid_pos": [1.8922997940790476, 0.024859491386256316, 0.42495672118777295], "k_pid_alt": [1.85112020821355, 0.0, 0.1576465649121419], "k_pid_att": [58.989274729095186, 5.859554809351448, 0.9808211468183533], "k_pid_yaw": [0.5, 1e-06, 0.1], "k_pid_hsp": [1.606987810134683, 0.08333843891839088, 0.01], "k_pid_vsp": [86.62925229669689, 130.53254854158118, 1.0]}, "datetime": {"datetime": "2025-08-21 19:43:50", "elapsed": 39547.350637197495, "delta": 15.925436973571777}, "costs": {"total_cost": 178.70820077403508, "time_cost": 67.792, "final_distance_cost": 1.8048648659116053, "oscillation_cost": 42.472511587340826, "completition_cost": 0.0, "overshoot_cost": 50.082757857219384, "power_cost": 7.862284619140626, "noise_cost": 8.69378184442264, "n_waypoints_completed": 9, "tot_waypoints": 9}}
{"target": -179.5581782809479, "params": {"k_pid_pos": [1.8922997940790476, 0.024859491386256316, 0.42495672118777295], "k_pid_alt": [1.85112020821355, 0.0, 0.1576465649121419], "k_pid_att": [23.08752834258585, 4.077532668255645, 0.9808211468183533], "k_pid_yaw": [0.5, 1e-06, 0.1], "k_pid_hsp": [1.606987810134683, 0.08333843891839088, 0.01], "k_pid_vsp": [110.56511661686339, 130.53254854158118, 1.0]}, "datetime": {"datetime": "2025-08-21 19:44:07", "elapsed": 39563.486186504364, "delta": 16.135549306869507}, "costs": {"total_cost": 179.5581782809479, "time_cost": 67.688, "final_distance_cost": 1.7807687330802004, "oscillation_cost": 40.755702708003106, "completition_cost": 0.0, "overshoot_cost": 49.86180325629992, "power_cost": 9.734664270019532, "noise_cost": 9.737239313545182, "n_waypoints_completed": 9, "tot_waypoints": 9}}
{"target": -180.51586437594364, "params": {"k_pid_pos": [1.8922997940790476, 0.024859491386256316, 0.6250867496839783], "k_pid_alt": [1.1098775236402525, 0.0, 0.1576465649121419], "k_pid_att": [25.463483275157817, 1.1105074131954076, 0.73590781336997], "k_pid_yaw": [0.5, 1e-06, 0.1], "k_pid_hsp": [1.606987810134683, 0.08333843891839088, 0.01], "k_pid_vsp": [110.56511661686339, 130.53254854158118, 1.0]}, "datetime": {"datetime": "2025-08-21 19:44:23", "elapsed": 39580.39601564407, "delta": 16.909829139709473}, "costs": {"total_cost": 180.51586437594364, "time_cost": 69.152, "final_distance_cost": 1.8351549316757414, "oscillation_cost": 41.92426490888768, "completition_cost": 0.0, "overshoot_cost": 49.37229713309129, "power_cost": 8.875204113769533, "noise_cost": 9.356943288519384, "n_waypoints_completed": 9, "tot_waypoints": 9}}
{"target": -210.1705060278167, "params": {"k_pid_pos": [0.6766360078800605, 0.0822904257601288, 0.6250867496839783], "k_pid_alt": [1.9160597436741602, 0.9190004771393835, 0.1576465649121419], "k_pid_att": [58.989274729095186, 9.874008014726847, 0.73590781336997], "k_pid_yaw": [0.5, 1e-06, 0.1], "k_pid_hsp": [1.606987810134683, 0.08333843891839088, 0.01], "k_pid_vsp": [387.81499297641176, 130.53254854158118, 1.0]}, "datetime": {"datetime": "2025-08-21 19:44:43", "elapsed": 39599.81999349594, "delta": 19.423977851867676}, "costs": {"total_cost": 210.1705060278167, "time_cost": 84.424, "final_distance_cost": 1.8108424159194876, "oscillation_cost": 44.71718881778775, "completition_cost": 0.0, "overshoot_cost": 52.528482943119336, "power_cost": 14.156431201171875, "noise_cost": 12.533560649818268, "n_waypoints_completed": 9, "tot_waypoints": 9}}
{"target": -237.74935528209843, "params": {"k_pid_pos": [1.8922997940790476, 0.024859491386256316, 0.42495672118777295], "k_pid_alt": [1.85112020821355, 0.25318577007700516, 0.1576465649121419], "k_pid_att": [23.08752834258585, 4.077532668255645, 0.9808211468183533], "k_pid_yaw": [0.5, 1e-06, 0.1], "k_pid_hsp": [1.606987810134683, 0.08333843891839088, 0.01], "k_pid_vsp": [110.56511661686339, 130.53254854158118, 1.0]}, "datetime": {"datetime": "2025-08-21 19:45:05", "elapsed": 39621.958511829376, "delta": 22.13851833343506}, "costs": {"total_cost": 237.74935528209843, "time_cost": 91.60000000000001, "final_distance_cost": 1.7497663206626024, "oscillation_cost": 53.76376371052791, "completition_cost": 0.0, "overshoot_cost": 52.86128014580188, "power_cost": 21.223268334960938, "noise_cost": 16.551276770145083, "n_waypoints_completed": 9, "tot_waypoints": 9}}
{"target": -185.99280307749294, "params": {"k_pid_pos": [1.8922997940790476, 0.024859491386256316, 0.42495672118777295], "k_pid_alt": [1.85112020821355, 0.0, 0.1576465649121419], "k_pid_att": [58.989274729095186, 4.2484062323494, 0.9808211468183533], "k_pid_yaw": [0.5, 1e-06, 0.1], "k_pid_hsp": [1.606987810134683, 0.45355930965991464, 0.01], "k_pid_vsp": [110.56511661686339, 118.24276490396839, 1.0]}, "datetime": {"datetime": "2025-08-21 19:45:21", "elapsed": 39638.33515691757, "delta": 16.3766450881958}, "costs": {"total_cost": 185.99280307749294, "time_cost": 67.88, "final_distance_cost": 1.8183541571369934, "oscillation_cost": 44.87293854222613, "completition_cost": 0.0, "overshoot_cost": 49.91402310046606, "power_cost": 10.992074743652344, "noise_cost": 10.515412534011405, "n_waypoints_completed": 9, "tot_waypoints": 9}}
{"target": -187.09623136092176, "params": {"k_pid_pos": [1.1837130645794225, 0.0822904257601288, 0.6250867496839783], "k_pid_alt": [1.688733796848813, 0.0, 0.5780287087253008], "k_pid_att": [58.989274729095186, 2.8711836120640575, 0.9808211468183533], "k_pid_yaw": [0.5, 1e-06, 0.1], "k_pid_hsp": [1.606987810134683, 0.2831454347861464, 0.01], "k_pid_vsp": [110.56511661686339, 130.53254854158118, 1.0]}, "datetime": {"datetime": "2025-08-21 19:45:38", "elapsed": 39654.85891485214, "delta": 16.523757934570312}, "costs": {"total_cost": 187.09623136092176, "time_cost": 72.144, "final_distance_cost": 1.8393757766941563, "oscillation_cost": 42.591876117626754, "completition_cost": 0.0, "overshoot_cost": 49.31417431396994, "power_cost": 10.445846215820312, "noise_cost": 10.760958936810605, "n_waypoints_completed": 9, "tot_waypoints": 9}}
{"target": -183.67710573577722, "params": {"k_pid_pos": [1.8922997940790476, 0.024859491386256316, 0.42495672118777295], "k_pid_alt": [1.1098775236402525, 0.0, 0.1576465649121419], "k_pid_att": [58.989274729095186, 5.859554809351448, 0.9808211468183533], "k_pid_yaw": [0.5, 1e-06, 0.1], "k_pid_hsp": [1.606987810134683, 0.08333843891839088, 0.01], "k_pid_vsp": [25.602684686128807, 130.53254854158118, 1.0]}, "datetime": {"datetime": "2025-08-21 19:45:55", "elapsed": 39671.857731580734, "delta": 16.99881672859192}, "costs": {"total_cost": 183.67710573577722, "time_cost": 68.776, "final_distance_cost": 1.8135556329558824, "oscillation_cost": 43.66246267390326, "completition_cost": 0.0, "overshoot_cost": 49.53160151071075, "power_cost": 10.061270190429688, "noise_cost": 9.83221572777762, "n_waypoints_completed": 9, "tot_waypoints": 9}}
{"target": -226.0312828331724, "params": {"k_pid_pos": [1.8922997940790476, 0.024859491386256316, 0.9753488518740228], "k_pid_alt": [0.4752955706577131, 0.0, 0.3914560168416277], "k_pid_att": [10.85276784655954, 0.6665116933437144, 0.73590781336997], "k_pid_yaw": [0.5, 1e-06, 0.1], "k_pid_hsp": [1.606987810134683, 0.8648168268977217, 0.01], "k_pid_vsp": [343.8859856159743, 59.083466427248936, 1.0]}, "datetime": {"datetime": "2025-08-21 19:46:15", "elapsed": 39692.25815153122, "delta": 20.40041995048523}, "costs": {"total_cost": 226.0312828331724, "time_cost": 87.936, "final_distance_cost": 1.8593775830280181, "oscillation_cost": 56.91470081173003, "completition_cost": 0.0, "overshoot_cost": 50.730609447366405, "power_cost": 15.024618908691407, "noise_cost": 13.565976082356539, "n_waypoints_completed": 9, "tot_waypoints": 9}}
{"target": -183.41184416551295, "params": {"k_pid_pos": [1.8922997940790476, 0.0822904257601288, 0.6250867496839783], "k_pid_alt": [1.9160597436741602, 0.0, 0.1576465649121419], "k_pid_att": [58.989274729095186, 5.859554809351448, 0.73590781336997], "k_pid_yaw": [0.5, 1e-06, 0.1], "k_pid_hsp": [1.606987810134683, 0.08333843891839088, 0.01], "k_pid_vsp": [291.03214645110495, 130.53254854158118, 1.0]}, "datetime": {"datetime": "2025-08-21 19:46:32", "elapsed": 39709.013221263885, "delta": 16.755069732666016}, "costs": {"total_cost": 183.41184416551295, "time_cost": 68.96000000000001, "final_distance_cost": 1.8218345021694742, "oscillation_cost": 38.15760554879476, "completition_cost": 0.0, "overshoot_cost": 50.20553997213393, "power_cost": 12.720789489746094, "noise_cost": 11.546074652668656, "n_waypoints_completed": 9, "tot_waypoints": 9}}
{"target": -184.4900449489482, "params": {"k_pid_pos": [1.8922997940790476, 0.024859491386256316, 0.6250867496839783], "k_pid_alt": [1.1098775236402525, 0.0, 0.1576465649121419], "k_pid_att": [25.463483275157817, 1.4953935029224072, 0.3208883335954925], "k_pid_yaw": [0.5, 1e-06, 0.1], "k_pid_hsp": [1.606987810134683, 0.08333843891839088, 0.01], "k_pid_vsp": [110.56511661686339, 130.53254854158118, 1.0]}, "datetime": {"datetime": "2025-08-21 19:46:48", "elapsed": 39725.04085588455, "delta": 16.027634620666504}, "costs": {"total_cost": 184.4900449489482, "time_cost": 69.128, "final_distance_cost": 1.8274620825377579, "oscillation_cost": 39.97660078312032, "completition_cost": 0.0, "overshoot_cost": 49.893156413645414, "power_cost": 12.316242541503907, "noise_cost": 11.348583128140811, "n_waypoints_completed": 9, "tot_waypoints": 9}}
{"target": -1328.2878851611063, "params": {"k_pid_pos": [1.8922997940790476, 0.024859491386256316, 0.42495672118777295], "k_pid_alt": [1.85112020821355, 0.12522842473991602, 0.1576465649121419], "k_pid_att": [58.989274729095186, 5.859554809351448, 0.9808211468183533], "k_pid_yaw": [0.5, 1e-06, 0.1], "k_pid_hsp": [1.606987810134683, 0.08333843891839088, 0.01], "k_pid_vsp": [110.56511661686339, 130.53254854158118, 278.9618327909841]}, "datetime": {"datetime": "2025-08-21 19:47:12", "elapsed": 39749.359302043915, "delta": 24.318446159362793}, "costs": {"total_cost": 1328.2878851611063, "time_cost": 150, "final_distance_cost": 1.0012755544458491, "oscillation_cost": 24.61145127054451, "completition_cost": 1000.0, "overshoot_cost": 133.61510705579624, "power_cost": 1.7033591796875, "noise_cost": 17.356692100632017, "n_waypoints_completed": 0, "tot_waypoints": 9}}
{"target": -186.47483421086403, "params": {"k_pid_pos": [1.8922997940790476, 0.0822904257601288, 0.6250867496839783], "k_pid_alt": [1.9160597436741602, 0.0, 0.1576465649121419], "k_pid_att": [58.989274729095186, 7.7877181803899305, 0.73590781336997], "k_pid_yaw": [0.5, 1e-06, 0.1], "k_pid_hsp": [1.606987810134683, 0.08333843891839088, 0.01], "k_pid_vsp": [110.56511661686339, 130.53254854158118, 1.0]}, "datetime": {"datetime": "2025-08-21 19:47:28", "elapsed": 39765.02564430237, "delta": 15.66634225845337}, "costs": {"total_cost": 186.47483421086403, "time_cost": 69.0, "final_distance_cost": 1.8062231207759625, "oscillation_cost": 38.33112937437628, "completition_cost": 0.0, "overshoot_cost": 50.57317016870701, "power_cost": 14.428250830078126, "noise_cost": 12.336060716926644, "n_waypoints_completed": 9, "tot_waypoints": 9}}
{"target": -188.53100554926627, "params": {"k_pid_pos": [1.402943601129983, 0.024859491386256316, 0.42495672118777295], "k_pid_alt": [1.1098775236402525, 0.0, 0.3914560168416277], "k_pid_att": [58.989274729095186, 5.859554809351448, 0.9808211468183533], "k_pid_yaw": [0.5, 1e-06, 0.1], "k_pid_hsp": [1.606987810134683, 0.08333843891839088, 0.01], "k_pid_vsp": [205.46647479918613, 130.53254854158118, 1.0]}, "datetime": {"datetime": "2025-08-21 19:47:45", "elapsed": 39782.14682626724, "delta": 17.121181964874268}, "costs": {"total_cost": 188.53100554926627, "time_cost": 71.08, "final_distance_cost": 1.8462652988997088, "oscillation_cost": 38.57615735682395, "completition_cost": 0.0, "overshoot_cost": 50.09577835810144, "power_cost": 14.343358532714845, "noise_cost": 12.58944600272637, "n_waypoints_completed": 9, "tot_waypoints": 9}}
{"target": -221.77828851568944, "params": {"k_pid_pos": [1.8922997940790476, 0.024859491386256316, 0.42495672118777295], "k_pid_alt": [1.5873271883648092, 0.4149186621504757, 0.1576465649121419], "k_pid_att": [10.85276784655954, 0.6665116933437144, 0.73590781336997], "k_pid_yaw": [0.5, 1e-06, 0.1], "k_pid_hsp": [1.606987810134683, 0.1531003758033771, 0.01], "k_pid_vsp": [343.8859856159743, 1.6985791875978455, 1.0]}, "datetime": {"datetime": "2025-08-21 19:48:04", "elapsed": 39801.103640794754, "delta": 18.956814527511597}, "costs": {"total_cost": 221.77828851568944, "time_cost": 83.544, "final_distance_cost": 1.7708197870869196, "oscillation_cost": 53.32655230790721, "completition_cost": 0.0, "overshoot_cost": 52.62918513536027, "power_cost": 16.695089709472658, "noise_cost": 13.812641575862388, "n_waypoints_completed": 9, "tot_waypoints": 9}}
{"target": -196.77269569762447, "params": {"k_pid_pos": [1.1837130645794225, 0.0822904257601288, 0.6250867496839783], "k_pid_alt": [1.688733796848813, 0.0, 0.41195016711788457], "k_pid_att": [58.989274729095186, 7.347914484943822, 0.73590781336997], "k_pid_yaw": [0.5, 1e-06, 0.1], "k_pid_hsp": [1.606987810134683, 0.8931988642486959, 0.01], "k_pid_vsp": [152.1284020564883, 310.3723599325286, 1.0]}, "datetime": {"datetime": "2025-08-21 19:48:21", "elapsed": 39817.53043079376, "delta": 16.42678999900818}, "costs": {"total_cost": 196.77269569762447, "time_cost": 70.944, "final_distance_cost": 1.8500358427148318, "oscillation_cost": 50.48160939971825, "completition_cost": 0.0, "overshoot_cost": 49.38622866199688, "power_cost": 12.361539306640626, "noise_cost": 11.749282486553872, "n_waypoints_completed": 9, "tot_waypoints": 9}}
{"target": -243.57333129168583, "params": {"k_pid_pos": [1.8922997940790476, 0.024859491386256316, 0.6250867496839783], "k_pid_alt": [1.1098775236402525, 0.0, 0.7248340866032845], "k_pid_att": [34.38754054706076, 2.8711836120640575, 0.9808211468183533], "k_pid_yaw": [0.5, 1e-06, 0.1], "k_pid_hsp": [8.985399159737238, 0.2831454347861464, 0.01], "k_pid_vsp": [110.56511661686339, 130.53254854158118, 1.0]}, "datetime": {"datetime": "2025-08-21 19:48:38", "elapsed": 39834.871812582016, "delta": 17.341381788253784}, "costs": {"total_cost": 243.57333129168583, "time_cost": 71.952, "final_distance_cost": 1.833061190727707, "oscillation_cost": 94.33130574106556, "completition_cost": 0.0, "overshoot_cost": 49.7500948793301, "power_cost": 13.701902954101563, "noise_cost": 12.004966526460887, "n_waypoints_completed": 9, "tot_waypoints": 9}}
{"target": -633.0586041667892, "params": {"k_pid_pos": [1.8922997940790476, 0.024859491386256316, 0.42495672118777295], "k_pid_alt": [1.9160597436741602, 0.9096070218175075, 0.1576465649121419], "k_pid_att": [58.989274729095186, 9.874008014726847, 0.73590781336997], "k_pid_yaw": [0.5, 1e-06, 0.1], "k_pid_hsp": [1.606987810134683, 0.08333843891839088, 0.45873563564133535], "k_pid_vsp": [110.56511661686339, 130.53254854158118, 1.0]}, "datetime": {"datetime": "2025-08-21 19:49:01", "elapsed": 39858.203968048096, "delta": 23.332155466079712}, "costs": {"total_cost": 633.0586041667892, "time_cost": 150, "final_distance_cost": 27.70670551404181, "oscillation_cost": 261.51098006138386, "completition_cost": 111.11111111111116, "overshoot_cost": 54.58736942655916, "power_cost": 14.948725061035157, "noise_cost": 13.19371299265808, "n_waypoints_completed": 8, "tot_waypoints": 9}}
{"target": -215.2838066004372, "params": {"k_pid_pos": [1.8922997940790476, 0.0822904257601288, 0.9256714136513439], "k_pid_alt": [1.5948082478141707, 0.0, 0.3546702372922743], "k_pid_att": [10.85276784655954, 2.6268748066440946, 0.73590781336997], "k_pid_yaw": [0.5, 1e-06, 0.1], "k_pid_hsp": [0.9256711796227903, 0.1531003758033771, 0.01], "k_pid_vsp": [343.8859856159743, 59.083466427248936, 143.51489313312365]}, "datetime": {"datetime": "2025-08-21 19:49:21", "elapsed": 39877.616901636124, "delta": 19.412933588027954}, "costs": {"total_cost": 215.2838066004372, "time_cost": 82.992, "final_distance_cost": 1.8462312868224746, "oscillation_cost": 53.115549592786046, "completition_cost": 0.0, "overshoot_cost": 55.91983803392928, "power_cost": 12.032708544921876, "noise_cost": 9.377479141977481, "n_waypoints_completed": 9, "tot_waypoints": 9}}
{"target": -891.4950269703177, "params": {"k_pid_pos": [1.8922997940790476, 0.024859491386256316, 0.6250867496839783], "k_pid_alt": [1.711661255621207, 0.0, 0.6983455985824785], "k_pid_att": [23.08752834258585, 3.539271160212227, 0.9808211468183533], "k_pid_yaw": [0.5, 1e-06, 0.1], "k_pid_hsp": [1.606987810134683, 0.08333843891839088, 0.01], "k_pid_vsp": [110.56511661686339, 130.53254854158118, 133.65931667042503]}, "datetime": {"datetime": "2025-08-21 19:49:44", "elapsed": 39901.33794927597, "delta": 23.7210476398468}, "costs": {"total_cost": 891.4950269703177, "time_cost": 150, "final_distance_cost": 42.80018617295015, "oscillation_cost": 44.415975001012285, "completition_cost": 555.5555555555555, "overshoot_cost": 60.06155411770833, "power_cost": 22.200123559570315, "noise_cost": 16.461632563521142, "n_waypoints_completed": 4, "tot_waypoints": 9}}
{"target": -180.35878081430573, "params": {"k_pid_pos": [1.8922997940790476, 0.024859491386256316, 0.42495672118777295], "k_pid_alt": [1.85112020821355, 0.0, 0.1576465649121419], "k_pid_att": [25.463483275157817, 1.1105074131954076, 0.73590781336997], "k_pid_yaw": [0.5, 1e-06, 0.1], "k_pid_hsp": [1.606987810134683, 0.08333843891839088, 0.01], "k_pid_vsp": [110.56511661686339, 130.53254854158118, 1.0]}, "datetime": {"datetime": "2025-08-21 19:50:00", "elapsed": 39917.35614657402, "delta": 16.018197298049927}, "costs": {"total_cost": 180.35878081430573, "time_cost": 67.816, "final_distance_cost": 1.7837336195073592, "oscillation_cost": 40.71280195929314, "completition_cost": 0.0, "overshoot_cost": 49.80524794034609, "power_cost": 10.192893969726564, "noise_cost": 10.048103325432571, "n_waypoints_completed": 9, "tot_waypoints": 9}}
{"target": -183.53066782521105, "params": {"k_pid_pos": [1.8922997940790476, 0.024859491386256316, 0.42495672118777295], "k_pid_alt": [0.9020104990244227, 0.0, 0.1576465649121419], "k_pid_att": [97.15749504346589, 1.1105074131954076, 0.73590781336997], "k_pid_yaw": [0.5, 1e-06, 0.1], "k_pid_hsp": [1.606987810134683, 0.08333843891839088, 0.01], "k_pid_vsp": [110.56511661686339, 130.53254854158118, 1.0]}, "datetime": {"datetime": "2025-08-21 19:50:17", "elapsed": 39933.68514633179, "delta": 16.328999757766724}, "costs": {"total_cost": 183.53066782521105, "time_cost": 70.224, "final_distance_cost": 1.7886325269225198, "oscillation_cost": 39.958732001068334, "completition_cost": 0.0, "overshoot_cost": 50.05408299402977, "power_cost": 10.903033801269531, "noise_cost": 10.602186501920896, "n_waypoints_completed": 9, "tot_waypoints": 9}}
{"target": -186.18829267538896, "params": {"k_pid_pos": [1.8922997940790476, 0.024859491386256316, 0.6250867496839783], "k_pid_alt": [1.85112020821355, 0.0, 0.1576465649121419], "k_pid_att": [23.08752834258585, 4.077532668255645, 0.9808211468183533], "k_pid_yaw": [0.5, 1e-06, 0.1], "k_pid_hsp": [1.606987810134683, 0.08333843891839088, 0.01], "k_pid_vsp": [110.56511661686339, 130.53254854158118, 1.0]}, "datetime": {"datetime": "2025-08-21 19:50:33", "elapsed": 39950.020964860916, "delta": 16.33581852912903}, "costs": {"total_cost": 186.18829267538896, "time_cost": 68.784, "final_distance_cost": 1.7962035968769445, "oscillation_cost": 38.12073553740572, "completition_cost": 0.0, "overshoot_cost": 50.43407924201048, "power_cost": 14.663316906738283, "noise_cost": 12.389957392357521, "n_waypoints_completed": 9, "tot_waypoints": 9}}
