{"target": -222.7689276356338, "params": {"k_pid_pos": [1.1496839804071068, 0.024859491386256316, 0.11401919133455096], "k_pid_alt": [1.1959010262395136, 0.0, 0.6401712481082494], "k_pid_att": [71.08876827294898, 0.0032441649989051976, 0.3952346537588943], "k_pid_yaw": [0.5, 1e-06, 0.1], "k_pid_hsp": [1.0, 0.1531003758033771, 0.01], "k_pid_vsp": [378.2079564087626, 355.21150340299164, 177.16353308542304]}, "datetime": {"datetime": "2025-08-21 11:08:18", "elapsed": 8614.877128601074, "delta": 18.584420680999756}, "costs": {"total_cost": 222.7689276356338, "time_cost": 80.84, "final_distance_cost": 1.8274816797712468, "oscillation_cost": 56.606225887801365, "completition_cost": 0.0, "overshoot_cost": 52.462616252790944, "power_cost": 17.651779418945313, "noise_cost": 13.380824396324893, "n_waypoints_completed": 9, "tot_waypoints": 9}}
{"target": -1306.87883595164, "params": {"k_pid_pos": [1.1496839804071068, 0.024859491386256316, 0.4512805015659471], "k_pid_alt": [0.00789192005438899, 0.0, 0.016491258977649914], "k_pid_att": [71.08876827294898, 0.0032441649989051976, 0.3952346537588943], "k_pid_yaw": [0.5, 1e-06, 0.1], "k_pid_hsp": [1.0, 0.1531003758033771, 0.01], "k_pid_vsp": [378.2079564087626, 355.21150340299164, 177.16353308542304]}, "datetime": {"datetime": "2025-08-21 11:08:41", "elapsed": 8637.491865873337, "delta": 22.614737272262573}, "costs": {"total_cost": 1306.87883595164, "time_cost": 150, "final_distance_cost": 22.611972542164494, "oscillation_cost": 27.652072395551645, "completition_cost": 1000.0, "overshoot_cost": 70.3088091153801, "power_cost": 20.450121313476565, "noise_cost": 15.855860585067227, "n_waypoints_completed": 0, "tot_waypoints": 9}}
{"target": -187.0118611652435, "params": {"k_pid_pos": [1.3885554450422086, 0.024859491386256316, 0.11401919133455096], "k_pid_alt": [1.2679502233621702, 0.0, 0.8361997509577753], "k_pid_att": [52.781640202125004, 3.0596356458441103, 0.9274604585040267], "k_pid_yaw": [0.5, 1e-06, 0.1], "k_pid_hsp": [1.5353014571438959, 0.01, 0.01], "k_pid_vsp": [378.2079564087626, 355.21150340299164, 1.0]}, "datetime": {"datetime": "2025-08-21 11:08:57", "elapsed": 8653.915914058685, "delta": 16.42404818534851}, "costs": {"total_cost": 187.0118611652435, "time_cost": 71.57600000000001, "final_distance_cost": 1.8212322712313356, "oscillation_cost": 37.97077750137333, "completition_cost": 0.0, "overshoot_cost": 50.40653932359671, "power_cost": 13.394598889160157, "noise_cost": 11.842713179881931, "n_waypoints_completed": 9, "tot_waypoints": 9}}
{"target": -202.68289262658323, "params": {"k_pid_pos": [1.3885554450422086, 0.024859491386256316, 0.11401919133455096], "k_pid_alt": [1.2679502233621702, 0.41559419760170657, 0.8361997509577753], "k_pid_att": [43.948176657889235, 3.7802132718527557, 0.9274604585040267], "k_pid_yaw": [0.5, 1e-06, 0.1], "k_pid_hsp": [1.5353014571438959, 0.01, 0.01], "k_pid_vsp": [150.0, 351.388862279923, 1.0]}, "datetime": {"datetime": "2025-08-21 11:09:14", "elapsed": 8671.164684772491, "delta": 17.248770713806152}, "costs": {"total_cost": 202.68289262658323, "time_cost": 76.968, "final_distance_cost": 1.787655477235099, "oscillation_cost": 47.01587730839433, "completition_cost": 0.0, "overshoot_cost": 51.190560242655245, "power_cost": 13.797670104980469, "noise_cost": 11.923129493318074, "n_waypoints_completed": 9, "tot_waypoints": 9}}
{"target": -187.56251342278114, "params": {"k_pid_pos": [1.4999912498542303, 0.024859491386256316, 0.11401919133455096], "k_pid_alt": [1.2679502233621702, 0.0, 0.8361997509577753], "k_pid_att": [20.236336479523032, 3.0596356458441103, 0.9274604585040267], "k_pid_yaw": [0.5, 1e-06, 0.1], "k_pid_hsp": [1.5353014571438959, 0.01, 0.01], "k_pid_vsp": [378.2079564087626, 355.21150340299164, 1.0]}, "datetime": {"datetime": "2025-08-21 11:09:31", "elapsed": 8687.494968175888, "delta": 16.330283403396606}, "costs": {"total_cost": 187.56251342278114, "time_cost": 71.256, "final_distance_cost": 1.8189942738842828, "oscillation_cost": 38.855268945435185, "completition_cost": 0.0, "overshoot_cost": 50.198171628237496, "power_cost": 13.670178747558595, "noise_cost": 11.763899827665576, "n_waypoints_completed": 9, "tot_waypoints": 9}}
{"target": -190.2295358916105, "params": {"k_pid_pos": [1.1496839804071068, 0.024859491386256316, 0.11401919133455096], "k_pid_alt": [1.2679502233621702, 0.0, 0.016491258977649914], "k_pid_att": [17.813414374173632, 0.0032441649989051976, 0.3952346537588943], "k_pid_yaw": [0.5, 1e-06, 0.1], "k_pid_hsp": [4.207535873435454, 0.1531003758033771, 0.01], "k_pid_vsp": [378.2079564087626, 355.21150340299164, 1.0]}, "datetime": {"datetime": "2025-08-21 11:09:46", "elapsed": 8703.374727964401, "delta": 15.879759788513184}, "costs": {"total_cost": 190.2295358916105, "time_cost": 69.83200000000001, "final_distance_cost": 1.8384075996974487, "oscillation_cost": 39.0810945552196, "completition_cost": 0.0, "overshoot_cost": 50.500211885729954, "power_cost": 15.870245532226564, "noise_cost": 13.107576318736937, "n_waypoints_completed": 9, "tot_waypoints": 9}}
{"target": -179.78637905448173, "params": {"k_pid_pos": [1.3885554450422086, 0.024859491386256316, 0.11401919133455096], "k_pid_alt": [1.2679502233621702, 0.0, 0.016491258977649914], "k_pid_att": [17.813414374173632, 9.597749245839971, 0.3366070335655168], "k_pid_yaw": [0.5, 1e-06, 0.1], "k_pid_hsp": [1.5353014571438959, 0.01, 0.01], "k_pid_vsp": [150.0, 221.6078012742647, 1.0]}, "datetime": {"datetime": "2025-08-21 11:10:02", "elapsed": 8719.39626288414, "delta": 16.02153491973877}, "costs": {"total_cost": 179.78637905448173, "time_cost": 67.92, "final_distance_cost": 1.8279670403660864, "oscillation_cost": 42.587644812845824, "completition_cost": 0.0, "overshoot_cost": 49.42835550711048, "power_cost": 8.758648083496094, "noise_cost": 9.26376361066322, "n_waypoints_completed": 9, "tot_waypoints": 9}}
{"target": -213.3885730811208, "params": {"k_pid_pos": [1.4088876241968016, 0.35023019656788623, 0.11401919133455096], "k_pid_alt": [1.602152265215685, 0.02807001191395697, 0.8361997509577753], "k_pid_att": [43.948176657889235, 3.0596356458441103, 0.03538954236297853], "k_pid_yaw": [0.5, 1e-06, 0.1], "k_pid_hsp": [1.5353014571438959, 0.01, 0.01], "k_pid_vsp": [150.0, 307.90158201594176, 1.0]}, "datetime": {"datetime": "2025-08-21 11:10:20", "elapsed": 8737.372579097748, "delta": 17.976316213607788}, "costs": {"total_cost": 213.3885730811208, "time_cost": 78.848, "final_distance_cost": 1.7335967623201498, "oscillation_cost": 60.19657446377704, "completition_cost": 0.0, "overshoot_cost": 51.004538163957804, "power_cost": 10.70823212890625, "noise_cost": 10.897631562159548, "n_waypoints_completed": 9, "tot_waypoints": 9}}
{"target": -190.86399845814182, "params": {"k_pid_pos": [1.3885554450422086, 0.024859491386256316, 0.11401919133455096], "k_pid_alt": [1.2679502233621702, 0.0, 0.8361997509577753], "k_pid_att": [20.236336479523032, 3.0596356458441103, 0.9274604585040267], "k_pid_yaw": [0.5, 1e-06, 0.1], "k_pid_hsp": [1.5353014571438959, 0.01, 0.01], "k_pid_vsp": [378.2079564087626, 355.21150340299164, 1.0]}, "datetime": {"datetime": "2025-08-21 11:10:37", "elapsed": 8753.65510392189, "delta": 16.282524824142456}, "costs": {"total_cost": 190.86399845814182, "time_cost": 72.19200000000001, "final_distance_cost": 1.8168017113575035, "oscillation_cost": 38.33317706767859, "completition_cost": 0.0, "overshoot_cost": 50.84180317995923, "power_cost": 15.074675659179688, "noise_cost": 12.605540839966801, "n_waypoints_completed": 9, "tot_waypoints": 9}}
{"target": -229.38937161841235, "params": {"k_pid_pos": [1.647366612200146, 0.06328363340203702, 0.11401919133455096], "k_pid_alt": [1.2679502233621702, 0.693097778846711, 0.8361997509577753], "k_pid_att": [20.236336479523032, 6.16091081068753, 0.9274604585040267], "k_pid_yaw": [0.5, 1e-06, 0.1], "k_pid_hsp": [1.5353014571438959, 0.01, 0.01], "k_pid_vsp": [378.2079564087626, 355.21150340299164, 1.0]}, "datetime": {"datetime": "2025-08-21 11:10:56", "elapsed": 8773.27324104309, "delta": 19.61813712120056}, "costs": {"total_cost": 229.38937161841235, "time_cost": 85.56, "final_distance_cost": 1.7585643708662229, "oscillation_cost": 54.32019548461977, "completition_cost": 0.0, "overshoot_cost": 54.24106912080889, "power_cost": 18.623985131835937, "noise_cost": 14.88555751028152, "n_waypoints_completed": 9, "tot_waypoints": 9}}
{"target": -188.04868781300556, "params": {"k_pid_pos": [1.1496839804071068, 0.024859491386256316, 0.007456431423803034], "k_pid_alt": [1.2679502233621702, 0.0, 0.8361997509577753], "k_pid_att": [43.948176657889235, 3.0596356458441103, 0.9274604585040267], "k_pid_yaw": [0.5, 1e-06, 0.1], "k_pid_hsp": [1.5353014571438959, 0.01, 0.01], "k_pid_vsp": [150.0, 351.388862279923, 1.0]}, "datetime": {"datetime": "2025-08-21 11:11:13", "elapsed": 8789.65418791771, "delta": 16.38094687461853}, "costs": {"total_cost": 188.04868781300556, "time_cost": 71.76, "final_distance_cost": 1.8202425960013127, "oscillation_cost": 37.86959716427104, "completition_cost": 0.0, "overshoot_cost": 49.98310016807391, "power_cost": 14.381233728027345, "noise_cost": 12.234514156631937, "n_waypoints_completed": 9, "tot_waypoints": 9}}
{"target": -206.64532584486125, "params": {"k_pid_pos": [1.3885554450422086, 0.024859491386256316, 0.11401919133455096], "k_pid_alt": [1.2679502233621702, 0.5247951503334181, 0.251263550706466], "k_pid_att": [82.07793770411665, 3.0596356458441103, 0.2787101805563399], "k_pid_yaw": [0.5, 1e-06, 0.1], "k_pid_hsp": [1.5353014571438959, 0.01, 0.01], "k_pid_vsp": [258.4046895883358, 351.388862279923, 1.0]}, "datetime": {"datetime": "2025-08-21 11:11:31", "elapsed": 8807.698330640793, "delta": 18.044142723083496}, "costs": {"total_cost": 206.64532584486125, "time_cost": 78.0, "final_distance_cost": 1.7797961773921436, "oscillation_cost": 48.39784903652415, "completition_cost": 0.0, "overshoot_cost": 50.89768351516077, "power_cost": 14.851745007324219, "noise_cost": 12.71825210845999, "n_waypoints_completed": 9, "tot_waypoints": 9}}
{"target": -182.94929588324476, "params": {"k_pid_pos": [1.3885554450422086, 0.024859491386256316, 0.11401919133455096], "k_pid_alt": [1.2679502233621702, 0.0, 0.8361997509577753], "k_pid_att": [20.236336479523032, 3.0596356458441103, 0.9274604585040267], "k_pid_yaw": [0.5, 1e-06, 0.1], "k_pid_hsp": [1.5353014571438959, 0.01, 0.01], "k_pid_vsp": [378.2079564087626, 355.21150340299164, 1.0]}, "datetime": {"datetime": "2025-08-21 11:11:47", "elapsed": 8823.780802726746, "delta": 16.08247208595276}, "costs": {"total_cost": 182.94929588324476, "time_cost": 71.504, "final_distance_cost": 1.8163262210807245, "oscillation_cost": 35.26246416984083, "completition_cost": 0.0, "overshoot_cost": 50.5283279084679, "power_cost": 12.601379272460939, "noise_cost": 11.236798311394345, "n_waypoints_completed": 9, "tot_waypoints": 9}}
{"target": -190.84324582116693, "params": {"k_pid_pos": [1.9466664862077867, 0.024859491386256316, 0.11401919133455096], "k_pid_alt": [1.2679502233621702, 0.0, 0.8361997509577753], "k_pid_att": [20.236336479523032, 3.0596356458441103, 0.9274604585040267], "k_pid_yaw": [0.5, 1e-06, 0.1], "k_pid_hsp": [1.5353014571438959, 0.01, 0.01], "k_pid_vsp": [378.2079564087626, 355.21150340299164, 1.0]}, "datetime": {"datetime": "2025-08-21 11:12:03", "elapsed": 8840.346166610718, "delta": 16.565363883972168}, "costs": {"total_cost": 190.84324582116693, "time_cost": 71.288, "final_distance_cost": 1.8084644635339049, "oscillation_cost": 42.122235940010206, "completition_cost": 0.0, "overshoot_cost": 50.02470127782589, "power_cost": 13.677338403320313, "noise_cost": 11.9225057364766, "n_waypoints_completed": 9, "tot_waypoints": 9}}
{"target": -205.90290379333373, "params": {"k_pid_pos": [1.3885554450422086, 0.024859491386256316, 0.11401919133455096], "k_pid_alt": [1.2679502233621702, 0.0, 0.9324720513360747], "k_pid_att": [20.236336479523032, 3.0596356458441103, 0.9274604585040267], "k_pid_yaw": [0.5, 1e-06, 0.1], "k_pid_hsp": [1.5353014571438959, 0.5246341563952881, 0.01], "k_pid_vsp": [378.2079564087626, 355.21150340299164, 1.0]}, "datetime": {"datetime": "2025-08-21 11:12:22", "elapsed": 8859.31424498558, "delta": 18.96807837486267}, "costs": {"total_cost": 205.90290379333373, "time_cost": 74.056, "final_distance_cost": 1.8157806947219692, "oscillation_cost": 47.61481485352652, "completition_cost": 0.0, "overshoot_cost": 50.78657390371356, "power_cost": 17.77123923339844, "noise_cost": 13.858495107973253, "n_waypoints_completed": 9, "tot_waypoints": 9}}
{"target": -197.10233356809377, "params": {"k_pid_pos": [1.3885554450422086, 0.024859491386256316, 0.7585541942145848], "k_pid_alt": [1.2679502233621702, 0.0, 0.8361997509577753], "k_pid_att": [20.236336479523032, 3.0596356458441103, 0.5354455210588809], "k_pid_yaw": [0.5, 1e-06, 0.1], "k_pid_hsp": [1.5353014571438959, 0.01, 0.01], "k_pid_vsp": [150.0, 351.388862279923, 1.0]}, "datetime": {"datetime": "2025-08-21 11:12:42", "elapsed": 8879.124279975891, "delta": 19.81003499031067}, "costs": {"total_cost": 197.10233356809377, "time_cost": 75.08, "final_distance_cost": 1.8441844266767036, "oscillation_cost": 42.42109670602751, "completition_cost": 0.0, "overshoot_cost": 49.940701522841636, "power_cost": 14.773661694335939, "noise_cost": 13.042689218211951, "n_waypoints_completed": 9, "tot_waypoints": 9}}
{"target": -186.85608121589013, "params": {"k_pid_pos": [1.3885554450422086, 0.024859491386256316, 0.11401919133455096], "k_pid_alt": [1.2679502233621702, 0.0, 0.016491258977649914], "k_pid_att": [17.813414374173632, 0.0032441649989051976, 0.3952346537588943], "k_pid_yaw": [0.5, 1e-06, 0.1], "k_pid_hsp": [1.0, 0.1531003758033771, 0.01], "k_pid_vsp": [378.2079564087626, 355.21150340299164, 1.0]}, "datetime": {"datetime": "2025-08-21 11:12:59", "elapsed": 8896.16004872322, "delta": 17.035768747329712}, "costs": {"total_cost": 186.85608121589013, "time_cost": 68.464, "final_distance_cost": 1.807355203512651, "oscillation_cost": 39.81100215239628, "completition_cost": 0.0, "overshoot_cost": 49.64932988994237, "power_cost": 14.716753430175782, "noise_cost": 12.407640539863065, "n_waypoints_completed": 9, "tot_waypoints": 9}}
{"target": -181.04461743977782, "params": {"k_pid_pos": [1.1496839804071068, 0.024859491386256316, 0.11401919133455096], "k_pid_alt": [1.2679502233621702, 0.0, 0.8361997509577753], "k_pid_att": [43.948176657889235, 3.0596356458441103, 0.9274604585040267], "k_pid_yaw": [0.5, 1e-06, 0.1], "k_pid_hsp": [1.5353014571438959, 0.01, 0.01], "k_pid_vsp": [150.0, 351.388862279923, 1.0]}, "datetime": {"datetime": "2025-08-21 11:13:16", "elapsed": 8912.568179607391, "delta": 16.408130884170532}, "costs": {"total_cost": 181.04461743977782, "time_cost": 71.656, "final_distance_cost": 1.837681340062843, "oscillation_cost": 39.17725287241052, "completition_cost": 0.0, "overshoot_cost": 49.59858160910875, "power_cost": 9.074919372558595, "noise_cost": 9.700182245637128, "n_waypoints_completed": 9, "tot_waypoints": 9}}
{"target": -186.914214385329, "params": {"k_pid_pos": [1.1496839804071068, 0.024859491386256316, 0.11401919133455096], "k_pid_alt": [1.2679502233621702, 0.0, 0.9324720513360747], "k_pid_att": [20.236336479523032, 3.0596356458441103, 0.5354455210588809], "k_pid_yaw": [0.5, 1e-06, 0.1], "k_pid_hsp": [1.5353014571438959, 0.01, 0.01], "k_pid_vsp": [316.1258038976114, 351.388862279923, 1.0]}, "datetime": {"datetime": "2025-08-21 11:13:32", "elapsed": 8928.980175971985, "delta": 16.411996364593506}, "costs": {"total_cost": 186.914214385329, "time_cost": 72.504, "final_distance_cost": 1.8357256732570724, "oscillation_cost": 38.154501901970995, "completition_cost": 0.0, "overshoot_cost": 50.02384423528979, "power_cost": 12.806428271484375, "noise_cost": 11.589714303326716, "n_waypoints_completed": 9, "tot_waypoints": 9}}
{"target": -195.3711501738981, "params": {"k_pid_pos": [1.3885554450422086, 0.024859491386256316, 0.11401919133455096], "k_pid_alt": [1.2679502233621702, 0.0, 0.016491258977649914], "k_pid_att": [17.813414374173632, 9.597749245839971, 0.48922906718999004], "k_pid_yaw": [0.5, 1e-06, 0.1], "k_pid_hsp": [9.911068133623539, 0.1531003758033771, 0.01], "k_pid_vsp": [150.0, 10.0, 1.0]}, "datetime": {"datetime": "2025-08-21 11:13:48", "elapsed": 8944.848856925964, "delta": 15.868680953979492}, "costs": {"total_cost": 195.3711501738981, "time_cost": 69.688, "final_distance_cost": 1.796526031973132, "oscillation_cost": 50.88611361357307, "completition_cost": 0.0, "overshoot_cost": 50.717933961473825, "power_cost": 11.250015295410156, "noise_cost": 11.03256127146789, "n_waypoints_completed": 9, "tot_waypoints": 9}}
{"target": -189.21198391566142, "params": {"k_pid_pos": [1.1496839804071068, 0.024859491386256316, 0.11401919133455096], "k_pid_alt": [1.2679502233621702, 0.0, 0.016491258977649914], "k_pid_att": [94.27907641276623, 5.887625867895858, 0.9274604585040267], "k_pid_yaw": [0.5, 1e-06, 0.1], "k_pid_hsp": [1.5353014571438959, 0.01, 0.01], "k_pid_vsp": [378.2079564087626, 355.21150340299164, 1.0]}, "datetime": {"datetime": "2025-08-21 11:14:04", "elapsed": 8960.860205173492, "delta": 16.011348247528076}, "costs": {"total_cost": 189.21198391566142, "time_cost": 69.872, "final_distance_cost": 1.8326005122447733, "oscillation_cost": 40.00322704778539, "completition_cost": 0.0, "overshoot_cost": 50.72633150049812, "power_cost": 14.217441162109376, "noise_cost": 12.560383693023782, "n_waypoints_completed": 9, "tot_waypoints": 9}}
{"target": -189.6366705663073, "params": {"k_pid_pos": [1.1496839804071068, 0.024859491386256316, 0.11401919133455096], "k_pid_alt": [1.2679502233621702, 0.0, 0.016491258977649914], "k_pid_att": [17.813414374173632, 0.0032441649989051976, 0.3952346537588943], "k_pid_yaw": [0.5, 1e-06, 0.1], "k_pid_hsp": [1.0, 0.1531003758033771, 0.01], "k_pid_vsp": [378.2079564087626, 355.21150340299164, 1.0]}, "datetime": {"datetime": "2025-08-21 11:14:20", "elapsed": 8976.875903844833, "delta": 16.015698671340942}, "costs": {"total_cost": 189.6366705663073, "time_cost": 69.68, "final_distance_cost": 1.8475137109688682, "oscillation_cost": 39.705117239303874, "completition_cost": 0.0, "overshoot_cost": 50.21178251629732, "power_cost": 15.295548181152345, "noise_cost": 12.89670891858486, "n_waypoints_completed": 9, "tot_waypoints": 9}}
{"target": -187.71440987193193, "params": {"k_pid_pos": [1.3885554450422086, 0.024859491386256316, 0.11401919133455096], "k_pid_alt": [1.2679502233621702, 0.0, 0.016491258977649914], "k_pid_att": [17.813414374173632, 9.597749245839971, 0.3366070335655168], "k_pid_yaw": [0.5, 1e-06, 0.1], "k_pid_hsp": [1.5353014571438959, 0.01, 0.01], "k_pid_vsp": [150.0, 221.6078012742647, 1.0]}, "datetime": {"datetime": "2025-08-21 11:14:36", "elapsed": 8992.550175905228, "delta": 15.674272060394287}, "costs": {"total_cost": 187.71440987193193, "time_cost": 68.88, "final_distance_cost": 1.8221893346569986, "oscillation_cost": 40.800388313124294, "completition_cost": 0.0, "overshoot_cost": 49.720234434477874, "power_cost": 14.166892626953127, "noise_cost": 12.324705162719644, "n_waypoints_completed": 9, "tot_waypoints": 9}}
{"target": -186.73282064802237, "params": {"k_pid_pos": [1.1496839804071068, 0.024859491386256316, 0.11401919133455096], "k_pid_alt": [1.2679502233621702, 0.0, 0.8361997509577753], "k_pid_att": [43.948176657889235, 3.0596356458441103, 0.9274604585040267], "k_pid_yaw": [0.5, 1e-06, 0.1], "k_pid_hsp": [1.5353014571438959, 0.01, 0.01], "k_pid_vsp": [150.0, 351.388862279923, 1.0]}, "datetime": {"datetime": "2025-08-21 11:14:52", "elapsed": 9009.185839414597, "delta": 16.635663509368896}, "costs": {"total_cost": 186.73282064802237, "time_cost": 71.816, "final_distance_cost": 1.8467591511236625, "oscillation_cost": 39.249348130853846, "completition_cost": 0.0, "overshoot_cost": 49.85815233497406, "power_cost": 12.494060144042969, "noise_cost": 11.468500887027826, "n_waypoints_completed": 9, "tot_waypoints": 9}}
{"target": -185.7892412875398, "params": {"k_pid_pos": [1.3885554450422086, 0.21958489946633264, 0.007456431423803034], "k_pid_alt": [1.2679502233621702, 0.0, 0.512921577555336], "k_pid_att": [27.406759869572184, 3.0596356458441103, 0.9274604585040267], "k_pid_yaw": [0.5, 1e-06, 0.1], "k_pid_hsp": [4.4869223172461, 0.01, 0.01], "k_pid_vsp": [150.0, 351.388862279923, 1.0]}, "datetime": {"datetime": "2025-08-21 11:15:09", "elapsed": 9025.840507030487, "delta": 16.654667615890503}, "costs": {"total_cost": 185.7892412875398, "time_cost": 70.376, "final_distance_cost": 1.758804076688903, "oscillation_cost": 46.083517333908034, "completition_cost": 0.0, "overshoot_cost": 49.251517740854034, "power_cost": 8.907053234863282, "noise_cost": 9.412348901225565, "n_waypoints_completed": 9, "tot_waypoints": 9}}
{"target": -190.26616857019013, "params": {"k_pid_pos": [1.1496839804071068, 0.024859491386256316, 0.11401919133455096], "k_pid_alt": [1.2679502233621702, 0.0, 0.8361997509577753], "k_pid_att": [55.95093774729606, 3.0596356458441103, 0.9274604585040267], "k_pid_yaw": [0.5, 1e-06, 0.1], "k_pid_hsp": [1.5353014571438959, 0.01, 0.01], "k_pid_vsp": [63.97103674737252, 355.21150340299164, 1.0]}, "datetime": {"datetime": "2025-08-21 11:15:26", "elapsed": 9042.957340717316, "delta": 17.116833686828613}, "costs": {"total_cost": 190.26616857019013, "time_cost": 71.888, "final_distance_cost": 1.8430442466042907, "oscillation_cost": 45.49291872781315, "completition_cost": 0.0, "overshoot_cost": 49.69790366741904, "power_cost": 10.900130358886718, "noise_cost": 10.444171569466931, "n_waypoints_completed": 9, "tot_waypoints": 9}}
