{"target": -183.88227673217298, "params": {"k_pid_pos": [1.8922997940790476, 0.024859491386256316, 0.6250867496839783], "k_pid_alt": [1.6319753356852484, 0.028806210149256217, 0.1576465649121419], "k_pid_att": [37.12179941719916, 5.6580295118978245, 0.7033874038379369], "k_pid_yaw": [0.5, 1e-06, 0.1], "k_pid_hsp": [1.606987810134683, 0.1531003758033771, 0.01], "k_pid_vsp": [110.56511661686339, 59.083466427248936, 1.0]}, "datetime": {"datetime": "2025-08-21 16:29:31", "elapsed": 27887.93464565277, "delta": 16.305002689361572}, "costs": {"total_cost": 183.88227673217298, "time_cost": 69.096, "final_distance_cost": 1.8428786464611908, "oscillation_cost": 37.91719813020987, "completition_cost": 0.0, "overshoot_cost": 50.54224126547384, "power_cost": 12.746608068847657, "noise_cost": 11.737350621180449, "n_waypoints_completed": 9, "tot_waypoints": 9}}
{"target": -183.59612752631895, "params": {"k_pid_pos": [1.8922997940790476, 0.024859491386256316, 0.6250867496839783], "k_pid_alt": [1.6319753356852484, 0.0, 0.1576465649121419], "k_pid_att": [58.989274729095186, 2.8503329366774977, 0.6179952950406163], "k_pid_yaw": [0.5, 1e-06, 0.1], "k_pid_hsp": [1.0076768036881465, 0.1531003758033771, 0.01], "k_pid_vsp": [155.80135867994494, 59.083466427248936, 1.0]}, "datetime": {"datetime": "2025-08-21 16:29:47", "elapsed": 27903.713189840317, "delta": 15.778544187545776}, "costs": {"total_cost": 183.59612752631895, "time_cost": 68.224, "final_distance_cost": 1.7993597737720333, "oscillation_cost": 39.36652508999262, "completition_cost": 0.0, "overshoot_cost": 49.747980719696415, "power_cost": 12.759938671875, "noise_cost": 11.698323270982872, "n_waypoints_completed": 9, "tot_waypoints": 9}}
{"target": -189.270613710744, "params": {"k_pid_pos": [1.8922997940790476, 0.024859491386256316, 0.7774444947807966], "k_pid_alt": [1.6319753356852484, 0.0, 0.1576465649121419], "k_pid_att": [58.989274729095186, 5.859554809351448, 0.7049157272764677], "k_pid_yaw": [0.5, 1e-06, 0.1], "k_pid_hsp": [1.606987810134683, 0.1531003758033771, 0.01], "k_pid_vsp": [110.56511661686339, 151.0176688301109, 1.0]}, "datetime": {"datetime": "2025-08-21 16:30:04", "elapsed": 27921.261300563812, "delta": 17.548110723495483}, "costs": {"total_cost": 189.270613710744, "time_cost": 69.36, "final_distance_cost": 1.8414641369245586, "oscillation_cost": 42.06064169734472, "completition_cost": 0.0, "overshoot_cost": 49.61510141855073, "power_cost": 13.993598059082032, "noise_cost": 12.399808398841962, "n_waypoints_completed": 9, "tot_waypoints": 9}}
{"target": -180.8763066853158, "params": {"k_pid_pos": [1.7041340386651447, 0.024859491386256316, 0.3434561031905483], "k_pid_alt": [1.6319753356852484, 0.0, 0.1576465649121419], "k_pid_att": [58.989274729095186, 5.859554809351448, 0.7033874038379369], "k_pid_yaw": [0.5, 1e-06, 0.1], "k_pid_hsp": [1.606987810134683, 0.1531003758033771, 0.01], "k_pid_vsp": [29.96849041048857, 58.47483401410723, 1.0]}, "datetime": {"datetime": "2025-08-21 16:30:20", "elapsed": 27937.07109761238, "delta": 15.809797048568726}, "costs": {"total_cost": 180.8763066853158, "time_cost": 68.312, "final_distance_cost": 1.8282574577607298, "oscillation_cost": 38.94126772900019, "completition_cost": 0.0, "overshoot_cost": 49.9701592851294, "power_cost": 11.205411560058595, "noise_cost": 10.61921065336688, "n_waypoints_completed": 9, "tot_waypoints": 9}}
{"target": -180.53613517542934, "params": {"k_pid_pos": [1.7041340386651447, 0.024859491386256316, 0.3434561031905483], "k_pid_alt": [1.6319753356852484, 0.0, 0.1576465649121419], "k_pid_att": [74.24769818861826, 4.09310168605278, 0.73590781336997], "k_pid_yaw": [0.5, 1e-06, 0.1], "k_pid_hsp": [1.606987810134683, 0.1531003758033771, 0.01], "k_pid_vsp": [110.56511661686339, 59.083466427248936, 1.0]}, "datetime": {"datetime": "2025-08-21 16:30:37", "elapsed": 27953.523293972015, "delta": 16.4521963596344}, "costs": {"total_cost": 180.53613517542934, "time_cost": 68.176, "final_distance_cost": 1.8196781714840755, "oscillation_cost": 41.21063543478735, "completition_cost": 0.0, "overshoot_cost": 50.24260089807708, "power_cost": 9.303519482421876, "noise_cost": 9.78370118865896, "n_waypoints_completed": 9, "tot_waypoints": 9}}
{"target": -186.53132646780273, "params": {"k_pid_pos": [1.7041340386651447, 0.024859491386256316, 0.9451257094832697], "k_pid_alt": [1.0304713630477362, 0.0, 0.06527723447865985], "k_pid_att": [24.0942673894178, 7.284845820832624, 0.73590781336997], "k_pid_yaw": [0.5, 1e-06, 0.1], "k_pid_hsp": [1.606987810134683, 0.1531003758033771, 0.01], "k_pid_vsp": [110.56511661686339, 216.29307082677042, 29.14258142942486]}, "datetime": {"datetime": "2025-08-21 16:30:52", "elapsed": 27969.324712514877, "delta": 15.801418542861938}, "costs": {"total_cost": 186.53132646780273, "time_cost": 70.2, "final_distance_cost": 1.8449346166267033, "oscillation_cost": 46.147199428311, "completition_cost": 0.0, "overshoot_cost": 49.002484247661414, "power_cost": 9.884640600585938, "noise_cost": 9.4520675746177, "n_waypoints_completed": 9, "tot_waypoints": 9}}
{"target": -216.4979834153303, "params": {"k_pid_pos": [1.8792899704868669, 0.024859491386256316, 0.3434561031905483], "k_pid_alt": [1.6319753356852484, 0.7250575884392712, 0.43738161972271916], "k_pid_att": [58.989274729095186, 4.929500621888914, 0.7033874038379369], "k_pid_yaw": [0.5, 1e-06, 0.1], "k_pid_hsp": [1.606987810134683, 0.27003811317705173, 0.01], "k_pid_vsp": [110.56511661686339, 332.01127736028326, 1.0]}, "datetime": {"datetime": "2025-08-21 16:31:12", "elapsed": 27988.515976190567, "delta": 19.191263675689697}, "costs": {"total_cost": 216.4979834153303, "time_cost": 78.696, "final_distance_cost": 1.7906645447226945, "oscillation_cost": 59.66727943391923, "completition_cost": 0.0, "overshoot_cost": 50.604169148870085, "power_cost": 13.723949560546876, "noise_cost": 12.015920727271434, "n_waypoints_completed": 9, "tot_waypoints": 9}}
{"target": -181.7172895531352, "params": {"k_pid_pos": [1.8922997940790476, 0.024859491386256316, 0.6250867496839783], "k_pid_alt": [1.6718174236541343, 0.0, 0.30075101115001845], "k_pid_att": [58.989274729095186, 2.524269488566535, 0.7033874038379369], "k_pid_yaw": [0.5, 1e-06, 0.1], "k_pid_hsp": [1.606987810134683, 0.24034004518407315, 0.01], "k_pid_vsp": [110.56511661686339, 59.083466427248936, 1.0]}, "datetime": {"datetime": "2025-08-21 16:31:28", "elapsed": 28004.58975338936, "delta": 16.073777198791504}, "costs": {"total_cost": 181.7172895531352, "time_cost": 68.32000000000001, "final_distance_cost": 1.8304733133853321, "oscillation_cost": 41.73059350009183, "completition_cost": 0.0, "overshoot_cost": 49.81376824667638, "power_cost": 9.899940405273439, "noise_cost": 10.122514087708236, "n_waypoints_completed": 9, "tot_waypoints": 9}}
{"target": -186.09337099944415, "params": {"k_pid_pos": [1.7041340386651447, 0.024859491386256316, 0.6250867496839783], "k_pid_alt": [1.6319753356852484, 0.0, 0.5135675105756947], "k_pid_att": [32.194164172814396, 3.449784554492145, 0.73590781336997], "k_pid_yaw": [0.5, 1e-06, 0.1], "k_pid_hsp": [1.606987810134683, 0.1531003758033771, 0.01], "k_pid_vsp": [264.9966777379314, 237.12935625335746, 1.0]}, "datetime": {"datetime": "2025-08-21 16:31:43", "elapsed": 28020.11654639244, "delta": 15.526793003082275}, "costs": {"total_cost": 186.09337099944415, "time_cost": 69.752, "final_distance_cost": 1.8491649709346178, "oscillation_cost": 38.15345238620067, "completition_cost": 0.0, "overshoot_cost": 50.35521226762911, "power_cost": 13.8143900390625, "noise_cost": 12.169151335617245, "n_waypoints_completed": 9, "tot_waypoints": 9}}
{"target": -191.28145745427076, "params": {"k_pid_pos": [1.9355513472865937, 0.10920718465865398, 0.3434561031905483], "k_pid_alt": [1.6319753356852484, 0.0, 0.43738161972271916], "k_pid_att": [94.76565117582825, 8.491440198406547, 0.7033874038379369], "k_pid_yaw": [0.5, 1e-06, 0.1], "k_pid_hsp": [1.606987810134683, 0.4017820065842225, 0.01], "k_pid_vsp": [110.56511661686339, 376.6167462867098, 1.0]}, "datetime": {"datetime": "2025-08-21 16:32:00", "elapsed": 28037.365503549576, "delta": 17.24895715713501}, "costs": {"total_cost": 191.28145745427076, "time_cost": 68.928, "final_distance_cost": 1.7885617737987365, "oscillation_cost": 45.573136624280394, "completition_cost": 0.0, "overshoot_cost": 50.08306581248857, "power_cost": 13.300423217773439, "noise_cost": 11.608270025929615, "n_waypoints_completed": 9, "tot_waypoints": 9}}
{"target": -183.92041429044937, "params": {"k_pid_pos": [1.8922997940790476, 0.024859491386256316, 0.6250867496839783], "k_pid_alt": [1.6319753356852484, 0.0, 0.1576465649121419], "k_pid_att": [37.12179941719916, 5.859554809351448, 0.7033874038379369], "k_pid_yaw": [0.5, 1e-06, 0.1], "k_pid_hsp": [1.606987810134683, 0.1531003758033771, 0.01], "k_pid_vsp": [110.56511661686339, 59.083466427248936, 1.0]}, "datetime": {"datetime": "2025-08-21 16:32:15", "elapsed": 28052.330508708954, "delta": 14.965005159378052}, "costs": {"total_cost": 183.92041429044937, "time_cost": 68.688, "final_distance_cost": 1.8372567747345652, "oscillation_cost": 38.33124115063563, "completition_cost": 0.0, "overshoot_cost": 50.07285423537909, "power_cost": 13.099679797363281, "noise_cost": 11.891382332336796, "n_waypoints_completed": 9, "tot_waypoints": 9}}
{"target": -182.76615223185618, "params": {"k_pid_pos": [1.7041340386651447, 0.024859491386256316, 0.3434561031905483], "k_pid_alt": [1.6319753356852484, 0.0, 0.1576465649121419], "k_pid_att": [74.24769818861826, 4.09310168605278, 0.73590781336997], "k_pid_yaw": [0.5, 1e-06, 0.1], "k_pid_hsp": [1.606987810134683, 0.1531003758033771, 0.01], "k_pid_vsp": [110.56511661686339, 59.083466427248936, 1.0]}, "datetime": {"datetime": "2025-08-21 16:32:32", "elapsed": 28068.666751861572, "delta": 16.336243152618408}, "costs": {"total_cost": 182.76615223185618, "time_cost": 68.47200000000001, "final_distance_cost": 1.8003209831498626, "oscillation_cost": 41.42275075970839, "completition_cost": 0.0, "overshoot_cost": 50.16504317301955, "power_cost": 10.53009969482422, "noise_cost": 10.375937621154156, "n_waypoints_completed": 9, "tot_waypoints": 9}}
{"target": -180.13763281997754, "params": {"k_pid_pos": [1.7041340386651447, 0.024859491386256316, 0.3434561031905483], "k_pid_alt": [1.6319753356852484, 0.0, 0.1576465649121419], "k_pid_att": [58.989274729095186, 5.859554809351448, 0.7033874038379369], "k_pid_yaw": [0.5, 1e-06, 0.1], "k_pid_hsp": [1.606987810134683, 0.1531003758033771, 0.01], "k_pid_vsp": [29.96849041048857, 58.47483401410723, 1.0]}, "datetime": {"datetime": "2025-08-21 16:32:47", "elapsed": 28083.63581418991, "delta": 14.969062328338623}, "costs": {"total_cost": 180.13763281997754, "time_cost": 68.008, "final_distance_cost": 1.8046375324358954, "oscillation_cost": 41.78538702314995, "completition_cost": 0.0, "overshoot_cost": 48.8969847836828, "power_cost": 9.688241333007813, "noise_cost": 9.954382147701084, "n_waypoints_completed": 9, "tot_waypoints": 9}}
{"target": -207.5534217863341, "params": {"k_pid_pos": [1.8922997940790476, 0.024859491386256316, 0.7774444947807966], "k_pid_alt": [1.6319753356852484, 0.0, 0.1576465649121419], "k_pid_att": [74.24769818861826, 4.09310168605278, 0.73590781336997], "k_pid_yaw": [0.5, 1e-06, 0.1], "k_pid_hsp": [1.606987810134683, 0.1531003758033771, 0.01], "k_pid_vsp": [110.56511661686339, 59.083466427248936, 1.0]}, "datetime": {"datetime": "2025-08-21 16:33:04", "elapsed": 28101.243107557297, "delta": 17.607293367385864}, "costs": {"total_cost": 207.5534217863341, "time_cost": 73.784, "final_distance_cost": 1.826687781384191, "oscillation_cost": 41.710476996069396, "completition_cost": 0.0, "overshoot_cost": 53.93066577747127, "power_cost": 20.534263073730468, "noise_cost": 15.767328157678767, "n_waypoints_completed": 9, "tot_waypoints": 9}}
{"target": -324.82329599636375, "params": {"k_pid_pos": [1.7041340386651447, 0.024859491386256316, 0.3434561031905483], "k_pid_alt": [1.6319753356852484, 0.0, 0.1576465649121419], "k_pid_att": [58.989274729095186, 3.013314939118704, 0.73590781336997], "k_pid_yaw": [0.5, 1e-06, 0.1], "k_pid_hsp": [1.606987810134683, 0.1531003758033771, 0.9169413006688895], "k_pid_vsp": [110.56511661686339, 59.083466427248936, 1.0]}, "datetime": {"datetime": "2025-08-21 16:33:23", "elapsed": 28119.935386657715, "delta": 18.69227910041809}, "costs": {"total_cost": 324.82329599636375, "time_cost": 77.712, "final_distance_cost": 1.7064807738262644, "oscillation_cost": 153.8226618023201, "completition_cost": 0.0, "overshoot_cost": 58.09402728397748, "power_cost": 18.188390881347658, "noise_cost": 15.299735254892171, "n_waypoints_completed": 9, "tot_waypoints": 9}}
{"target": -185.73830961117008, "params": {"k_pid_pos": [1.8922997940790476, 0.024859491386256316, 0.483273595217213], "k_pid_alt": [1.6319753356852484, 0.0, 0.1576465649121419], "k_pid_att": [32.194164172814396, 7.284845820832624, 0.73590781336997], "k_pid_yaw": [0.5, 1e-06, 0.1], "k_pid_hsp": [1.606987810134683, 0.1531003758033771, 0.01], "k_pid_vsp": [110.56511661686339, 59.083466427248936, 1.0]}, "datetime": {"datetime": "2025-08-21 16:33:38", "elapsed": 28135.150280952454, "delta": 15.21489429473877}, "costs": {"total_cost": 185.73830961117008, "time_cost": 68.408, "final_distance_cost": 1.8197943894104218, "oscillation_cost": 40.632047960067396, "completition_cost": 0.0, "overshoot_cost": 49.81440334735057, "power_cost": 13.268202258300782, "noise_cost": 11.795861656040907, "n_waypoints_completed": 9, "tot_waypoints": 9}}
{"target": -182.79115500984778, "params": {"k_pid_pos": [1.8922997940790476, 0.024859491386256316, 0.6250867496839783], "k_pid_alt": [1.6718174236541343, 0.0, 0.6683949116493773], "k_pid_att": [83.24205936752172, 2.524269488566535, 0.7033874038379369], "k_pid_yaw": [0.5, 1e-06, 0.1], "k_pid_hsp": [1.606987810134683, 0.24034004518407315, 0.01], "k_pid_vsp": [110.56511661686339, 59.083466427248936, 1.0]}, "datetime": {"datetime": "2025-08-21 16:33:55", "elapsed": 28151.76055622101, "delta": 16.610275268554688}, "costs": {"total_cost": 182.79115500984778, "time_cost": 69.096, "final_distance_cost": 1.8177452086111028, "oscillation_cost": 43.85194728461427, "completition_cost": 0.0, "overshoot_cost": 49.60924072210856, "power_cost": 8.857582055664063, "noise_cost": 9.5586397388498, "n_waypoints_completed": 9, "tot_waypoints": 9}}
{"target": -183.88185249952997, "params": {"k_pid_pos": [1.7041340386651447, 0.024859491386256316, 0.3434561031905483], "k_pid_alt": [1.6319753356852484, 0.0, 0.1576465649121419], "k_pid_att": [58.989274729095186, 5.859554809351448, 0.7033874038379369], "k_pid_yaw": [0.5, 1e-06, 0.1], "k_pid_hsp": [1.606987810134683, 0.1531003758033771, 0.01], "k_pid_vsp": [29.96849041048857, 59.083466427248936, 1.0]}, "datetime": {"datetime": "2025-08-21 16:34:11", "elapsed": 28168.242837667465, "delta": 16.48228144645691}, "costs": {"total_cost": 183.88185249952997, "time_cost": 67.976, "final_distance_cost": 1.8060041687472042, "oscillation_cost": 37.270057229811364, "completition_cost": 0.0, "overshoot_cost": 50.26422004907168, "power_cost": 14.333548510742188, "noise_cost": 12.232022541157512, "n_waypoints_completed": 9, "tot_waypoints": 9}}
{"target": -351.2641423801496, "params": {"k_pid_pos": [1.8922997940790476, 0.024859491386256316, 0.7774444947807966], "k_pid_alt": [1.6319753356852484, 0.0, 0.1576465649121419], "k_pid_att": [37.12179941719916, 5.859554809351448, 0.7033874038379369], "k_pid_yaw": [0.5, 1e-06, 0.1], "k_pid_hsp": [1.606987810134683, 0.1531003758033771, 0.4604506563081415], "k_pid_vsp": [110.56511661686339, 58.47483401410723, 1.0]}, "datetime": {"datetime": "2025-08-21 16:34:36", "elapsed": 28192.980083942413, "delta": 24.73724627494812}, "costs": {"total_cost": 351.2641423801496, "time_cost": 89.256, "final_distance_cost": 1.723249695412971, "oscillation_cost": 167.59720430252966, "completition_cost": 0.0, "overshoot_cost": 56.37327822938738, "power_cost": 19.881809594726562, "noise_cost": 16.432600558093025, "n_waypoints_completed": 9, "tot_waypoints": 9}}
{"target": -229.5783839049212, "params": {"k_pid_pos": [1.8922997940790476, 0.024859491386256316, 0.6250867496839783], "k_pid_alt": [1.6319753356852484, 0.17835581427998304, 0.1576465649121419], "k_pid_att": [32.194164172814396, 7.284845820832624, 0.73590781336997], "k_pid_yaw": [0.5, 1e-06, 0.1], "k_pid_hsp": [1.606987810134683, 0.935084305233137, 0.01], "k_pid_vsp": [110.56511661686339, 59.083466427248936, 25.128824436268147]}, "datetime": {"datetime": "2025-08-21 16:34:57", "elapsed": 28214.120221614838, "delta": 21.140137672424316}, "costs": {"total_cost": 229.5783839049212, "time_cost": 83.328, "final_distance_cost": 1.7850594624854617, "oscillation_cost": 71.74309170107652, "completition_cost": 0.0, "overshoot_cost": 50.80886675693071, "power_cost": 11.971898449707032, "noise_cost": 9.94146753472145, "n_waypoints_completed": 9, "tot_waypoints": 9}}
{"target": -190.25299747053788, "params": {"k_pid_pos": [1.7041340386651447, 0.024859491386256316, 0.3434561031905483], "k_pid_alt": [1.6319753356852484, 0.0, 0.1576465649121419], "k_pid_att": [54.227890723214855, 4.09310168605278, 0.73590781336997], "k_pid_yaw": [0.5, 1e-06, 0.1], "k_pid_hsp": [1.606987810134683, 0.1531003758033771, 0.01], "k_pid_vsp": [110.56511661686339, 140.03862743104432, 2.77343605205192]}, "datetime": {"datetime": "2025-08-21 16:35:13", "elapsed": 28229.757995843887, "delta": 15.637774229049683}, "costs": {"total_cost": 190.25299747053788, "time_cost": 70.21600000000001, "final_distance_cost": 1.7994975662363355, "oscillation_cost": 41.17137449475407, "completition_cost": 0.0, "overshoot_cost": 50.026800966153075, "power_cost": 14.557288781738283, "noise_cost": 12.48203566165608, "n_waypoints_completed": 9, "tot_waypoints": 9}}
{"target": -225.66426666270678, "params": {"k_pid_pos": [1.7041340386651447, 0.5732451962534887, 0.10919481357840499], "k_pid_alt": [1.6319753356852484, 0.0, 0.8503145185919957], "k_pid_att": [74.24769818861826, 4.09310168605278, 0.73590781336997], "k_pid_yaw": [0.5, 1e-06, 0.1], "k_pid_hsp": [1.606987810134683, 0.1531003758033771, 0.01], "k_pid_vsp": [110.56511661686339, 59.083466427248936, 1.0]}, "datetime": {"datetime": "2025-08-21 16:35:33", "elapsed": 28250.27308487892, "delta": 20.51508903503418}, "costs": {"total_cost": 225.66426666270678, "time_cost": 87.32000000000001, "final_distance_cost": 1.7179193366961092, "oscillation_cost": 50.70740732306365, "completition_cost": 0.0, "overshoot_cost": 54.25440675019996, "power_cost": 17.137400512695315, "noise_cost": 14.527132740051739, "n_waypoints_completed": 9, "tot_waypoints": 9}}
{"target": -1357.5213692019563, "params": {"k_pid_pos": [0.717243989965503, 0.06327641863522837, 0.3434561031905483], "k_pid_alt": [1.6319753356852484, 0.0, 0.1576465649121419], "k_pid_att": [58.989274729095186, 5.859554809351448, 0.7033874038379369], "k_pid_yaw": [0.5, 1e-06, 0.1], "k_pid_hsp": [1.606987810134683, 0.1531003758033771, 0.01], "k_pid_vsp": [29.96849041048857, 58.47483401410723, 75.33060670822715]}, "datetime": {"datetime": "2025-08-21 16:35:57", "elapsed": 28273.706072330475, "delta": 23.432987451553345}, "costs": {"total_cost": 1357.5213692019563, "time_cost": 150, "final_distance_cost": 51.6195471380782, "oscillation_cost": 24.598808119841472, "completition_cost": 888.8888888888888, "overshoot_cost": 119.38666561868656, "power_cost": 37.8692021484375, "noise_cost": 85.15825728802389, "n_waypoints_completed": 1, "tot_waypoints": 9}}
{"target": -187.8314808873027, "params": {"k_pid_pos": [1.8034346552870686, 0.024859491386256316, 0.6250867496839783], "k_pid_alt": [1.6319753356852484, 0.0, 0.1576465649121419], "k_pid_att": [58.989274729095186, 5.859554809351448, 0.73590781336997], "k_pid_yaw": [0.5, 1e-06, 0.1], "k_pid_hsp": [1.606987810134683, 0.1531003758033771, 0.01], "k_pid_vsp": [110.56511661686339, 59.083466427248936, 1.0]}, "datetime": {"datetime": "2025-08-21 16:36:13", "elapsed": 28289.956971168518, "delta": 16.250898838043213}, "costs": {"total_cost": 187.8314808873027, "time_cost": 68.83200000000001, "final_distance_cost": 1.8351382515830539, "oscillation_cost": 39.20912740526799, "completition_cost": 0.0, "overshoot_cost": 50.0560124224843, "power_cost": 15.112042419433594, "noise_cost": 12.787160388533735, "n_waypoints_completed": 9, "tot_waypoints": 9}}
{"target": -374.5786487336588, "params": {"k_pid_pos": [1.8922997940790476, 0.024859491386256316, 0.7774444947807966], "k_pid_alt": [1.6319753356852484, 0.0, 0.1576465649121419], "k_pid_att": [37.12179941719916, 9.729901288586815, 0.7033874038379369], "k_pid_yaw": [0.5, 1e-06, 0.1], "k_pid_hsp": [1.606987810134683, 0.16639970095773426, 0.39645726625640054], "k_pid_vsp": [110.56511661686339, 59.083466427248936, 1.0]}, "datetime": {"datetime": "2025-08-21 16:36:32", "elapsed": 28308.98065662384, "delta": 19.023685455322266}, "costs": {"total_cost": 374.5786487336588, "time_cost": 83.408, "final_distance_cost": 1.735242413032684, "oscillation_cost": 199.19409808920005, "completition_cost": 0.0, "overshoot_cost": 55.64611350172818, "power_cost": 19.056696557617187, "noise_cost": 15.538498172080688, "n_waypoints_completed": 9, "tot_waypoints": 9}}
