{"target": -185.6679875140538, "params": {"k_pid_pos": [1.8922997940790476, 0.024859491386256316, 0.6250867496839783], "k_pid_alt": [1.1098775236402525, 0.0, 0.1576465649121419], "k_pid_att": [12.43088436511497, 1.1166001057131414, 0.73590781336997], "k_pid_yaw": [0.5, 1e-06, 0.1], "k_pid_hsp": [1.606987810134683, 0.1531003758033771, 0.01], "k_pid_vsp": [305.67975269326223, 59.083466427248936, 1.0]}, "datetime": {"datetime": "2025-08-21 18:48:04", "elapsed": 36200.780982494354, "delta": 17.75041627883911}, "costs": {"total_cost": 185.6679875140538, "time_cost": 69.608, "final_distance_cost": 1.8198949154807282, "oscillation_cost": 38.37871879143459, "completition_cost": 0.0, "overshoot_cost": 50.589903321533804, "power_cost": 13.40738436279297, "noise_cost": 11.864086122811694, "n_waypoints_completed": 9, "tot_waypoints": 9}}
{"target": -178.9318442819695, "params": {"k_pid_pos": [1.8922997940790476, 0.024859491386256316, 0.6250867496839783], "k_pid_alt": [1.1098775236402525, 0.0, 0.1576465649121419], "k_pid_att": [25.463483275157817, 5.859554809351448, 0.73590781336997], "k_pid_yaw": [0.5, 1e-06, 0.1], "k_pid_hsp": [1.606987810134683, 0.1531003758033771, 0.01], "k_pid_vsp": [110.56511661686339, 130.53254854158118, 1.0]}, "datetime": {"datetime": "2025-08-21 18:48:21", "elapsed": 36217.80308032036, "delta": 17.02209782600403}, "costs": {"total_cost": 178.9318442819695, "time_cost": 68.928, "final_distance_cost": 1.830262530102153, "oscillation_cost": 40.37602138681924, "completition_cost": 0.0, "overshoot_cost": 49.077756401687566, "power_cost": 9.202737573242189, "noise_cost": 9.517066390118357, "n_waypoints_completed": 9, "tot_waypoints": 9}}
{"target": -182.4784992793814, "params": {"k_pid_pos": [1.8922997940790476, 0.05987593904989075, 0.37255195504867966], "k_pid_alt": [1.9160597436741602, 0.0, 0.1576465649121419], "k_pid_att": [58.989274729095186, 5.859554809351448, 0.8612643910736462], "k_pid_yaw": [0.5, 1e-06, 0.1], "k_pid_hsp": [1.606987810134683, 0.08333843891839088, 0.01], "k_pid_vsp": [110.56511661686339, 130.53254854158118, 1.0]}, "datetime": {"datetime": "2025-08-21 18:48:36", "elapsed": 36233.146354436874, "delta": 15.343274116516113}, "costs": {"total_cost": 182.4784992793814, "time_cost": 68.144, "final_distance_cost": 1.7684118011549175, "oscillation_cost": 40.98194621736629, "completition_cost": 0.0, "overshoot_cost": 50.21098217353996, "power_cost": 10.899466845703126, "noise_cost": 10.47369224161708, "n_waypoints_completed": 9, "tot_waypoints": 9}}
{"target": -1310.8264145018272, "params": {"k_pid_pos": [1.8922997940790476, 0.024859491386256316, 0.6250867496839783], "k_pid_alt": [1.1098775236402525, 0.0, 0.1576465649121419], "k_pid_att": [25.463483275157817, 2.1368568635634517, 0.8045953967355457], "k_pid_yaw": [0.5, 1e-06, 0.1], "k_pid_hsp": [2.8438758747997364, 0.1531003758033771, 0.01], "k_pid_vsp": [305.67975269326223, 59.083466427248936, 309.88473966513897]}, "datetime": {"datetime": "2025-08-21 18:49:00", "elapsed": 36257.11734032631, "delta": 23.970985889434814}, "costs": {"total_cost": 1310.8264145018272, "time_cost": 150, "final_distance_cost": 1.0016148481579104, "oscillation_cost": 27.82138261524867, "completition_cost": 1000.0, "overshoot_cost": 102.34535956803705, "power_cost": 10.472534289550781, "noise_cost": 19.18552318083275, "n_waypoints_completed": 0, "tot_waypoints": 9}}
{"target": -314.55819411787695, "params": {"k_pid_pos": [1.8922997940790476, 0.024859491386256316, 0.2784378006036795], "k_pid_alt": [0.8511837275376319, 0.0, 0.19998319442575607], "k_pid_att": [58.989274729095186, 5.859554809351448, 0.73590781336997], "k_pid_yaw": [0.5, 1e-06, 0.1], "k_pid_hsp": [1.606987810134683, 0.1531003758033771, 0.37654045557379967], "k_pid_vsp": [110.56511661686339, 130.53254854158118, 1.0]}, "datetime": {"datetime": "2025-08-21 18:49:19", "elapsed": 36275.675990343094, "delta": 18.558650016784668}, "costs": {"total_cost": 314.55819411787695, "time_cost": 78.152, "final_distance_cost": 1.7733114939169263, "oscillation_cost": 152.39918806277544, "completition_cost": 0.0, "overshoot_cost": 52.39303012798359, "power_cost": 16.18242811279297, "noise_cost": 13.658236320408037, "n_waypoints_completed": 9, "tot_waypoints": 9}}
{"target": -182.62374353055117, "params": {"k_pid_pos": [1.8922997940790476, 0.05987593904989075, 0.37255195504867966], "k_pid_alt": [1.9160597436741602, 0.0, 0.20116253882959134], "k_pid_att": [58.989274729095186, 1.1166001057131414, 0.73590781336997], "k_pid_yaw": [0.5, 1e-06, 0.1], "k_pid_hsp": [1.606987810134683, 0.1531003758033771, 0.01], "k_pid_vsp": [303.00008221409286, 59.083466427248936, 1.0]}, "datetime": {"datetime": "2025-08-21 18:49:35", "elapsed": 36291.76093482971, "delta": 16.084944486618042}, "costs": {"total_cost": 182.62374353055117, "time_cost": 68.336, "final_distance_cost": 1.7653400023766863, "oscillation_cost": 44.693510099792874, "completition_cost": 0.0, "overshoot_cost": 49.71302139208926, "power_cost": 8.751260852050782, "noise_cost": 9.364611184241548, "n_waypoints_completed": 9, "tot_waypoints": 9}}
{"target": -1366.2880761737106, "params": {"k_pid_pos": [1.8922997940790476, 0.024859491386256316, 0.6250867496839783], "k_pid_alt": [1.1098775236402525, 0.0, 0.1576465649121419], "k_pid_att": [21.98704379498816, 5.642133202559823, 0.8267899093225144], "k_pid_yaw": [0.5, 1e-06, 0.1], "k_pid_hsp": [1.4187022930847046, 0.17872871651145927, 0.01], "k_pid_vsp": [110.56511661686339, 210.91861290663223, 242.94605271048886]}, "datetime": {"datetime": "2025-08-21 18:49:59", "elapsed": 36315.63631820679, "delta": 23.875383377075195}, "costs": {"total_cost": 1366.2880761737106, "time_cost": 150, "final_distance_cost": 83.87308438662235, "oscillation_cost": 32.39290681039215, "completition_cost": 888.8888888888888, "overshoot_cost": 200.49037129957208, "power_cost": 3.782591149902344, "noise_cost": 6.860233638332945, "n_waypoints_completed": 1, "tot_waypoints": 9}}
{"target": -311.7531193850986, "params": {"k_pid_pos": [1.8922997940790476, 0.7323733489896951, 0.37255195504867966], "k_pid_alt": [1.9160597436741602, 0.0, 0.20116253882959134], "k_pid_att": [13.107192077287921, 0.5364822422922942, 0.8267899093225144], "k_pid_yaw": [0.5, 1e-06, 0.1], "k_pid_hsp": [4.250673906138699, 0.1531003758033771, 0.6388775990814546], "k_pid_vsp": [110.56511661686339, 59.083466427248936, 1.0]}, "datetime": {"datetime": "2025-08-21 18:50:19", "elapsed": 36335.752532720566, "delta": 20.116214513778687}, "costs": {"total_cost": 311.7531193850986, "time_cost": 87.88, "final_distance_cost": 1.6888424564535665, "oscillation_cost": 127.43806440305617, "completition_cost": 0.0, "overshoot_cost": 58.403476863940135, "power_cost": 20.170900903320312, "noise_cost": 16.171834758328437, "n_waypoints_completed": 9, "tot_waypoints": 9}}
{"target": -182.76877506915244, "params": {"k_pid_pos": [1.8922997940790476, 0.024859491386256316, 0.6250867496839783], "k_pid_alt": [0.8511837275376319, 0.0, 0.19998319442575607], "k_pid_att": [58.989274729095186, 2.1368568635634517, 0.73590781336997], "k_pid_yaw": [0.5, 1e-06, 0.1], "k_pid_hsp": [1.606987810134683, 0.0953687395585695, 0.01], "k_pid_vsp": [305.67975269326223, 210.91861290663223, 1.0]}, "datetime": {"datetime": "2025-08-21 18:50:36", "elapsed": 36353.128645181656, "delta": 17.376112461090088}, "costs": {"total_cost": 182.76877506915244, "time_cost": 71.008, "final_distance_cost": 1.8339417482162585, "oscillation_cost": 43.13225376617838, "completition_cost": 0.0, "overshoot_cost": 49.2583941129281, "power_cost": 8.434864611816407, "noise_cost": 9.101320830013304, "n_waypoints_completed": 9, "tot_waypoints": 9}}
{"target": -203.2093789889322, "params": {"k_pid_pos": [1.8922997940790476, 0.024859491386256316, 0.7514874916619558], "k_pid_alt": [1.9160597436741602, 0.0, 0.1576465649121419], "k_pid_att": [58.989274729095186, 5.859554809351448, 0.73590781336997], "k_pid_yaw": [0.5, 1e-06, 0.1], "k_pid_hsp": [1.606987810134683, 0.5193865039718747, 0.01], "k_pid_vsp": [314.35290507228956, 130.53254854158118, 14.06315075987657]}, "datetime": {"datetime": "2025-08-21 18:50:53", "elapsed": 36370.31233859062, "delta": 17.183693408966064}, "costs": {"total_cost": 203.2093789889322, "time_cost": 70.456, "final_distance_cost": 1.843896951666241, "oscillation_cost": 47.63434240247994, "completition_cost": 0.0, "overshoot_cost": 50.771139781349255, "power_cost": 18.367099609375, "noise_cost": 14.136900244061774, "n_waypoints_completed": 9, "tot_waypoints": 9}}
{"target": -202.97929580127314, "params": {"k_pid_pos": [0.931865230455928, 0.024859491386256316, 0.6250867496839783], "k_pid_alt": [1.5262749023082662, 0.18035720786275955, 0.09225839282971338], "k_pid_att": [58.989274729095186, 1.1166001057131414, 0.49142852894840106], "k_pid_yaw": [0.5, 1e-06, 0.1], "k_pid_hsp": [1.606987810134683, 0.1531003758033771, 0.01], "k_pid_vsp": [110.56511661686339, 59.083466427248936, 1.0]}, "datetime": {"datetime": "2025-08-21 18:51:14", "elapsed": 36390.766592502594, "delta": 20.454253911972046}, "costs": {"total_cost": 202.97929580127314, "time_cost": 85.376, "final_distance_cost": 1.834109933659714, "oscillation_cost": 44.89800691530189, "completition_cost": 0.0, "overshoot_cost": 51.07593906266693, "power_cost": 9.570217309570314, "noise_cost": 10.22502258007428, "n_waypoints_completed": 9, "tot_waypoints": 9}}
{"target": -600.7184008807653, "params": {"k_pid_pos": [1.8922997940790476, 0.024859491386256316, 0.6250867496839783], "k_pid_alt": [1.1098775236402525, 0.08856016207044592, 0.1576465649121419], "k_pid_att": [58.989274729095186, 1.1166001057131414, 0.73590781336997], "k_pid_yaw": [0.5, 1e-06, 0.1], "k_pid_hsp": [1.606987810134683, 0.16465226679640355, 0.24239819548673525], "k_pid_vsp": [110.77629478874829, 232.67684986572337, 1.0]}, "datetime": {"datetime": "2025-08-21 18:51:37", "elapsed": 36414.39361643791, "delta": 23.627023935317993}, "costs": {"total_cost": 600.7184008807653, "time_cost": 150, "final_distance_cost": 39.503506449891084, "oscillation_cost": 209.7841374756109, "completition_cost": 111.11111111111116, "overshoot_cost": 53.56314774093658, "power_cost": 20.569437939453127, "noise_cost": 16.187060163762542, "n_waypoints_completed": 8, "tot_waypoints": 9}}
{"target": -211.56048997961958, "params": {"k_pid_pos": [1.6397186260693044, 0.024859491386256316, 0.6760985883499703], "k_pid_alt": [1.1098775236402525, 0.18035720786275955, 0.07444874772262577], "k_pid_att": [58.989274729095186, 1.1166001057131414, 0.218246450578637], "k_pid_yaw": [0.5, 1e-06, 0.1], "k_pid_hsp": [1.606987810134683, 0.1531003758033771, 0.01], "k_pid_vsp": [18.79289508575375, 59.083466427248936, 1.0]}, "datetime": {"datetime": "2025-08-21 18:51:57", "elapsed": 36433.84641003609, "delta": 19.45279359817505}, "costs": {"total_cost": 211.56048997961958, "time_cost": 80.34400000000001, "final_distance_cost": 1.773574030953514, "oscillation_cost": 58.90748147126015, "completition_cost": 0.0, "overshoot_cost": 49.97529810184856, "power_cost": 10.207112072753906, "noise_cost": 10.35302430280344, "n_waypoints_completed": 9, "tot_waypoints": 9}}
{"target": -351.8598268747692, "params": {"k_pid_pos": [1.8922997940790476, 0.024859491386256316, 0.6250867496839783], "k_pid_alt": [1.1098775236402525, 0.0, 0.1576465649121419], "k_pid_att": [58.989274729095186, 5.859554809351448, 0.8721200333468756], "k_pid_yaw": [0.5, 1e-06, 0.1], "k_pid_hsp": [1.8683835514128975, 0.1531003758033771, 0.6508382101917022], "k_pid_vsp": [110.56511661686339, 261.48215325333564, 1.0]}, "datetime": {"datetime": "2025-08-21 18:52:16", "elapsed": 36452.874235630035, "delta": 19.027825593948364}, "costs": {"total_cost": 351.8598268747692, "time_cost": 82.32000000000001, "final_distance_cost": 1.8036742128089491, "oscillation_cost": 180.8993788563342, "completition_cost": 0.0, "overshoot_cost": 56.16035409512887, "power_cost": 16.86596483154297, "noise_cost": 13.810454878954246, "n_waypoints_completed": 9, "tot_waypoints": 9}}
{"target": -183.34443404183085, "params": {"k_pid_pos": [1.8922997940790476, 0.024859491386256316, 0.6250867496839783], "k_pid_alt": [1.1098775236402525, 0.0, 0.1576465649121419], "k_pid_att": [25.463483275157817, 1.4953935029224072, 0.73590781336997], "k_pid_yaw": [0.5, 1e-06, 0.1], "k_pid_hsp": [1.606987810134683, 0.1531003758033771, 0.01], "k_pid_vsp": [110.56511661686339, 130.53254854158118, 1.0]}, "datetime": {"datetime": "2025-08-21 18:52:32", "elapsed": 36469.20332598686, "delta": 16.329090356826782}, "costs": {"total_cost": 183.34443404183085, "time_cost": 69.048, "final_distance_cost": 1.8268930346184717, "oscillation_cost": 40.081000957883056, "completition_cost": 0.0, "overshoot_cost": 49.743444106892625, "power_cost": 11.727901989746094, "noise_cost": 10.917193952690614, "n_waypoints_completed": 9, "tot_waypoints": 9}}
{"target": -1173.6042942671338, "params": {"k_pid_pos": [1.8922997940790476, 0.024859491386256316, 0.6250867496839783], "k_pid_alt": [1.1098775236402525, 0.0, 0.1576465649121419], "k_pid_att": [58.989274729095186, 1.1166001057131414, 0.73590781336997], "k_pid_yaw": [0.5, 1e-06, 0.1], "k_pid_hsp": [1.606987810134683, 0.1531003758033771, 0.01], "k_pid_vsp": [110.56511661686339, 59.083466427248936, 134.18887080171567]}, "datetime": {"datetime": "2025-08-21 18:52:55", "elapsed": 36491.65462374687, "delta": 22.451297760009766}, "costs": {"total_cost": 1173.6042942671338, "time_cost": 150, "final_distance_cost": 90.33979647688484, "oscillation_cost": 39.53728491466779, "completition_cost": 777.7777777777778, "overshoot_cost": 85.86866819990311, "power_cost": 13.735816320800781, "noise_cost": 16.34495057709946, "n_waypoints_completed": 2, "tot_waypoints": 9}}
{"target": -193.1076718058545, "params": {"k_pid_pos": [1.8922997940790476, 0.024859491386256316, 0.6250867496839783], "k_pid_alt": [1.1098775236402525, 0.0, 0.25938735764965193], "k_pid_att": [25.463483275157817, 5.859554809351448, 0.73590781336997], "k_pid_yaw": [0.5, 1e-06, 0.1], "k_pid_hsp": [1.606987810134683, 0.1531003758033771, 0.01], "k_pid_vsp": [305.67975269326223, 59.083466427248936, 1.0]}, "datetime": {"datetime": "2025-08-21 18:53:12", "elapsed": 36509.2721517086, "delta": 17.617527961730957}, "costs": {"total_cost": 193.1076718058545, "time_cost": 70.992, "final_distance_cost": 1.8215723264750856, "oscillation_cost": 40.89217299582786, "completition_cost": 0.0, "overshoot_cost": 51.1686197661183, "power_cost": 15.321438220214844, "noise_cost": 12.91186849721839, "n_waypoints_completed": 9, "tot_waypoints": 9}}
{"target": -197.07263067779928, "params": {"k_pid_pos": [1.8922997940790476, 0.024859491386256316, 0.6250867496839783], "k_pid_alt": [0.8511837275376319, 0.0, 0.529244519518045], "k_pid_att": [20.83699032574321, 3.774725226961977, 0.8267899093225144], "k_pid_yaw": [0.5, 1e-06, 0.1], "k_pid_hsp": [1.606987810134683, 0.5521287893390326, 0.01], "k_pid_vsp": [353.17003117669674, 59.083466427248936, 1.0]}, "datetime": {"datetime": "2025-08-21 18:53:29", "elapsed": 36526.00008869171, "delta": 16.72793698310852}, "costs": {"total_cost": 197.07263067779928, "time_cost": 73.648, "final_distance_cost": 1.8440864783511206, "oscillation_cost": 46.0787879607556, "completition_cost": 0.0, "overshoot_cost": 50.229124652778495, "power_cost": 13.421575805664062, "noise_cost": 11.851055780250007, "n_waypoints_completed": 9, "tot_waypoints": 9}}
{"target": -260.1689158553547, "params": {"k_pid_pos": [1.9024756402269658, 0.9737616190427607, 0.6250867496839783], "k_pid_alt": [1.1098775236402525, 0.0, 0.1576465649121419], "k_pid_att": [58.989274729095186, 5.859554809351448, 0.73590781336997], "k_pid_yaw": [0.5, 1e-06, 0.1], "k_pid_hsp": [8.246411399521614, 0.1531003758033771, 0.01], "k_pid_vsp": [110.56511661686339, 261.48215325333564, 1.0]}, "datetime": {"datetime": "2025-08-21 18:53:52", "elapsed": 36549.10325050354, "delta": 23.103161811828613}, "costs": {"total_cost": 260.1689158553547, "time_cost": 84.896, "final_distance_cost": 1.771258878684742, "oscillation_cost": 88.88022843450163, "completition_cost": 0.0, "overshoot_cost": 52.402388081342615, "power_cost": 17.19673778076172, "noise_cost": 15.022302680064028, "n_waypoints_completed": 9, "tot_waypoints": 9}}
{"target": -190.56015135268973, "params": {"k_pid_pos": [1.8922997940790476, 0.024859491386256316, 0.31521214959827404], "k_pid_alt": [1.1098775236402525, 0.0, 0.5177588050443718], "k_pid_att": [58.989274729095186, 5.859554809351448, 0.73590781336997], "k_pid_yaw": [0.5, 1e-06, 0.1], "k_pid_hsp": [1.8683835514128975, 0.1531003758033771, 0.01], "k_pid_vsp": [110.56511661686339, 261.48215325333564, 1.0]}, "datetime": {"datetime": "2025-08-21 18:54:08", "elapsed": 36565.052875995636, "delta": 15.949625492095947}, "costs": {"total_cost": 190.56015135268973, "time_cost": 70.68, "final_distance_cost": 1.799252838307737, "oscillation_cost": 43.60804727019438, "completition_cost": 0.0, "overshoot_cost": 49.781222306562654, "power_cost": 13.094712536621094, "noise_cost": 11.596916401003844, "n_waypoints_completed": 9, "tot_waypoints": 9}}
{"target": -202.5735193611173, "params": {"k_pid_pos": [0.5544350973877843, 0.05987593904989075, 0.37255195504867966], "k_pid_alt": [1.9160597436741602, 0.0, 0.1576465649121419], "k_pid_att": [58.989274729095186, 8.364114875200539, 0.8612643910736462], "k_pid_yaw": [0.5, 1e-06, 0.1], "k_pid_hsp": [1.606987810134683, 0.08333843891839088, 0.01], "k_pid_vsp": [110.56511661686339, 130.53254854158118, 1.0]}, "datetime": {"datetime": "2025-08-21 18:54:28", "elapsed": 36585.19142913818, "delta": 20.138553142547607}, "costs": {"total_cost": 202.5735193611173, "time_cost": 82.4, "final_distance_cost": 1.8515655749229407, "oscillation_cost": 37.95809311044989, "completition_cost": 0.0, "overshoot_cost": 51.53524744623881, "power_cost": 14.507717431640625, "noise_cost": 14.32089579786502, "n_waypoints_completed": 9, "tot_waypoints": 9}}
{"target": -184.12528706643727, "params": {"k_pid_pos": [1.8922997940790476, 0.024859491386256316, 0.6250867496839783], "k_pid_alt": [1.1098775236402525, 0.0, 0.1576465649121419], "k_pid_att": [25.463483275157817, 5.859554809351448, 0.73590781336997], "k_pid_yaw": [0.5, 1e-06, 0.1], "k_pid_hsp": [1.606987810134683, 0.1531003758033771, 0.01], "k_pid_vsp": [305.67975269326223, 59.083466427248936, 1.0]}, "datetime": {"datetime": "2025-08-21 18:54:44", "elapsed": 36601.43976736069, "delta": 16.248338222503662}, "costs": {"total_cost": 184.12528706643727, "time_cost": 69.544, "final_distance_cost": 1.8266812181683707, "oscillation_cost": 40.65160562924155, "completition_cost": 0.0, "overshoot_cost": 50.291361308524905, "power_cost": 11.06669111328125, "noise_cost": 10.744947797221194, "n_waypoints_completed": 9, "tot_waypoints": 9}}
{"target": -184.95307983410498, "params": {"k_pid_pos": [1.8922997940790476, 0.024859491386256316, 0.6250867496839783], "k_pid_alt": [1.1098775236402525, 0.0, 0.1576465649121419], "k_pid_att": [12.43088436511497, 1.1166001057131414, 0.73590781336997], "k_pid_yaw": [0.5, 1e-06, 0.1], "k_pid_hsp": [1.606987810134683, 0.1531003758033771, 0.01], "k_pid_vsp": [110.56511661686339, 130.53254854158118, 1.0]}, "datetime": {"datetime": "2025-08-21 18:55:01", "elapsed": 36617.46640205383, "delta": 16.026634693145752}, "costs": {"total_cost": 184.95307983410498, "time_cost": 69.21600000000001, "final_distance_cost": 1.825722384013528, "oscillation_cost": 38.629060124269365, "completition_cost": 0.0, "overshoot_cost": 50.194238515338064, "power_cost": 13.307752075195314, "noise_cost": 11.780306735288692, "n_waypoints_completed": 9, "tot_waypoints": 9}}
{"target": -205.29451904425218, "params": {"k_pid_pos": [1.8922997940790476, 0.05987593904989075, 0.9029480546018064], "k_pid_alt": [1.9160597436741602, 0.18035720786275955, 0.07444874772262577], "k_pid_att": [58.989274729095186, 1.1166001057131414, 0.49142852894840106], "k_pid_yaw": [0.5, 1e-06, 0.1], "k_pid_hsp": [1.606987810134683, 0.1531003758033771, 0.01], "k_pid_vsp": [18.79289508575375, 59.083466427248936, 1.0]}, "datetime": {"datetime": "2025-08-21 18:55:20", "elapsed": 36637.38764667511, "delta": 19.921244621276855}, "costs": {"total_cost": 205.29451904425218, "time_cost": 82.288, "final_distance_cost": 1.7756682738306424, "oscillation_cost": 50.33914304178495, "completition_cost": 0.0, "overshoot_cost": 50.637011121813075, "power_cost": 9.989964428710937, "noise_cost": 10.264732178112586, "n_waypoints_completed": 9, "tot_waypoints": 9}}
{"target": -182.9106814136858, "params": {"k_pid_pos": [1.6397186260693044, 0.024859491386256316, 0.6250867496839783], "k_pid_alt": [1.1098775236402525, 0.0, 0.20116253882959134], "k_pid_att": [21.98704379498816, 5.642133202559823, 0.8267899093225144], "k_pid_yaw": [0.5, 1e-06, 0.1], "k_pid_hsp": [3.3407491389443256, 0.1531003758033771, 0.01], "k_pid_vsp": [110.56511661686339, 210.91861290663223, 1.0]}, "datetime": {"datetime": "2025-08-21 18:55:36", "elapsed": 36653.05728650093, "delta": 15.669639825820923}, "costs": {"total_cost": 182.9106814136858, "time_cost": 69.688, "final_distance_cost": 1.848383280138522, "oscillation_cost": 43.5300519653351, "completition_cost": 0.0, "overshoot_cost": 49.21246639971399, "power_cost": 9.040990551757814, "noise_cost": 9.590789216740406, "n_waypoints_completed": 9, "tot_waypoints": 9}}
