{"target": -193.97478981912982, "params": {"k_pid_pos": [1.8922997940790476, 0.024859491386256316, 0.6250867496839783], "k_pid_alt": [1.1098775236402525, 0.0, 0.1576465649121419], "k_pid_att": [25.463483275157817, 1.1105074131954076, 0.73590781336997], "k_pid_yaw": [0.5, 1e-06, 0.1], "k_pid_hsp": [1.606987810134683, 0.8669962603308305, 0.01], "k_pid_vsp": [110.56511661686339, 130.53254854158118, 1.0]}, "datetime": {"datetime": "2025-08-21 19:59:02", "elapsed": 40458.773715257645, "delta": 18.143920421600342}, "costs": {"total_cost": 193.97478981912982, "time_cost": 69.032, "final_distance_cost": 1.8391640223993393, "oscillation_cost": 49.66656284788389, "completition_cost": 0.0, "overshoot_cost": 49.5490818362911, "power_cost": 12.532328649902345, "noise_cost": 11.355652462653156, "n_waypoints_completed": 9, "tot_waypoints": 9}}
{"target": -186.6644716333422, "params": {"k_pid_pos": [1.8922997940790476, 0.024859491386256316, 0.42495672118777295], "k_pid_alt": [1.85112020821355, 0.0, 0.7925958880414701], "k_pid_att": [58.989274729095186, 4.2484062323494, 0.9808211468183533], "k_pid_yaw": [0.5, 1e-06, 0.1], "k_pid_hsp": [1.606987810134683, 0.45355930965991464, 0.01], "k_pid_vsp": [110.56511661686339, 118.24276490396839, 1.0]}, "datetime": {"datetime": "2025-08-21 19:59:17", "elapsed": 40474.17754340172, "delta": 15.403828144073486}, "costs": {"total_cost": 186.6644716333422, "time_cost": 68.68, "final_distance_cost": 1.813421194634463, "oscillation_cost": 44.32709461452258, "completition_cost": 0.0, "overshoot_cost": 49.26348018219505, "power_cost": 11.679125817871094, "noise_cost": 10.901349824119032, "n_waypoints_completed": 9, "tot_waypoints": 9}}
{"target": -183.37180653390712, "params": {"k_pid_pos": [1.402943601129983, 0.024859491386256316, 0.42495672118777295], "k_pid_alt": [1.85112020821355, 0.0, 0.1576465649121419], "k_pid_att": [25.463483275157817, 1.1105074131954076, 0.73590781336997], "k_pid_yaw": [0.5, 1e-06, 0.1], "k_pid_hsp": [1.606987810134683, 0.08333843891839088, 0.01], "k_pid_vsp": [110.56511661686339, 20.252314050740118, 1.0]}, "datetime": {"datetime": "2025-08-21 19:59:36", "elapsed": 40492.53667426109, "delta": 18.359130859375}, "costs": {"total_cost": 183.37180653390712, "time_cost": 69.712, "final_distance_cost": 1.8420396087998023, "oscillation_cost": 36.06339007479067, "completition_cost": 0.0, "overshoot_cost": 50.516061838169506, "power_cost": 13.079899877929687, "noise_cost": 12.158415134217462, "n_waypoints_completed": 9, "tot_waypoints": 9}}
{"target": -183.34784150165854, "params": {"k_pid_pos": [1.8922997940790476, 0.024859491386256316, 0.42495672118777295], "k_pid_alt": [1.1098775236402525, 0.0, 0.3157032531275451], "k_pid_att": [58.989274729095186, 5.859554809351448, 0.9808211468183533], "k_pid_yaw": [0.5, 1e-06, 0.1], "k_pid_hsp": [1.606987810134683, 0.08333843891839088, 0.01], "k_pid_vsp": [205.46647479918613, 130.53254854158118, 1.0]}, "datetime": {"datetime": "2025-08-21 19:59:53", "elapsed": 40509.528361558914, "delta": 16.991687297821045}, "costs": {"total_cost": 183.34784150165854, "time_cost": 69.672, "final_distance_cost": 1.7902580864569286, "oscillation_cost": 40.55316173210655, "completition_cost": 0.0, "overshoot_cost": 49.608080961053474, "power_cost": 11.083634143066407, "noise_cost": 10.64070657897516, "n_waypoints_completed": 9, "tot_waypoints": 9}}
{"target": -194.77243287338385, "params": {"k_pid_pos": [1.6847188596925242, 0.0822904257601288, 0.6250867496839783], "k_pid_alt": [1.9160597436741602, 0.0, 0.1576465649121419], "k_pid_att": [58.989274729095186, 5.859554809351448, 0.73590781336997], "k_pid_yaw": [0.5, 1e-06, 0.1], "k_pid_hsp": [1.606987810134683, 0.08333843891839088, 0.01], "k_pid_vsp": [110.56511661686339, 130.53254854158118, 1.0]}, "datetime": {"datetime": "2025-08-21 20:00:09", "elapsed": 40525.95345377922, "delta": 16.425092220306396}, "costs": {"total_cost": 194.77243287338385, "time_cost": 70.28, "final_distance_cost": 1.8455187925002674, "oscillation_cost": 42.35071580335789, "completition_cost": 0.0, "overshoot_cost": 51.0878677780642, "power_cost": 15.971591027832032, "noise_cost": 13.236739471629447, "n_waypoints_completed": 9, "tot_waypoints": 9}}
{"target": -262.2860237616996, "params": {"k_pid_pos": [1.8922997940790476, 0.7624231229009552, 0.29262041550705187], "k_pid_alt": [1.85112020821355, 0.6753724924068534, 0.1576465649121419], "k_pid_att": [23.08752834258585, 4.077532668255645, 0.9808211468183533], "k_pid_yaw": [0.5, 1e-06, 0.1], "k_pid_hsp": [8.488930879146414, 0.08333843891839088, 0.01], "k_pid_vsp": [291.03214645110495, 130.53254854158118, 1.0]}, "datetime": {"datetime": "2025-08-21 20:00:32", "elapsed": 40549.28957939148, "delta": 23.33612561225891}, "costs": {"total_cost": 262.2860237616996, "time_cost": 98.256, "final_distance_cost": 1.7539187365198576, "oscillation_cost": 70.418748797367, "completition_cost": 0.0, "overshoot_cost": 56.883695558242124, "power_cost": 18.702811083984376, "noise_cost": 16.270849585586202, "n_waypoints_completed": 9, "tot_waypoints": 9}}
{"target": -236.7906925728469, "params": {"k_pid_pos": [1.8922997940790476, 0.8007089045041901, 0.6250867496839783], "k_pid_alt": [1.9160597436741602, 0.0, 0.1576465649121419], "k_pid_att": [58.989274729095186, 5.859554809351448, 0.4236705341890681], "k_pid_yaw": [0.5, 1e-06, 0.1], "k_pid_hsp": [1.606987810134683, 0.08333843891839088, 0.01], "k_pid_vsp": [291.03214645110495, 130.53254854158118, 1.0]}, "datetime": {"datetime": "2025-08-21 20:00:54", "elapsed": 40570.78994202614, "delta": 21.500362634658813}, "costs": {"total_cost": 236.7906925728469, "time_cost": 89.328, "final_distance_cost": 1.7557583130372556, "oscillation_cost": 48.55783426661616, "completition_cost": 0.0, "overshoot_cost": 55.56455522881339, "power_cost": 22.587116015625, "noise_cost": 18.997428748755077, "n_waypoints_completed": 9, "tot_waypoints": 9}}
{"target": -182.90237593413104, "params": {"k_pid_pos": [1.8922997940790476, 0.024859491386256316, 0.42495672118777295], "k_pid_alt": [0.9020104990244227, 0.0, 0.1576465649121419], "k_pid_att": [97.15749504346589, 1.1105074131954076, 0.73590781336997], "k_pid_yaw": [0.5, 1e-06, 0.1], "k_pid_hsp": [1.606987810134683, 0.08333843891839088, 0.01], "k_pid_vsp": [110.56511661686339, 130.53254854158118, 1.0]}, "datetime": {"datetime": "2025-08-21 20:01:10", "elapsed": 40587.03266787529, "delta": 16.24272584915161}, "costs": {"total_cost": 182.90237593413104, "time_cost": 70.19200000000001, "final_distance_cost": 1.7994218031992555, "oscillation_cost": 41.54471495179087, "completition_cost": 0.0, "overshoot_cost": 49.81459828253611, "power_cost": 9.711724560546875, "noise_cost": 9.839916336057907, "n_waypoints_completed": 9, "tot_waypoints": 9}}
{"target": -419.70433779445614, "params": {"k_pid_pos": [0.7505079561141027, 0.024859491386256316, 0.5271164669865139], "k_pid_alt": [1.7035415647774235, 0.0, 0.5933646034205271], "k_pid_att": [58.989274729095186, 5.859554809351448, 0.9808211468183533], "k_pid_yaw": [0.5, 1e-06, 0.1], "k_pid_hsp": [2.957956300852597, 0.08333843891839088, 0.01], "k_pid_vsp": [208.80477796310458, 130.53254854158118, 137.90385397100354]}, "datetime": {"datetime": "2025-08-21 20:01:35", "elapsed": 40611.66982746124, "delta": 24.63715958595276}, "costs": {"total_cost": 419.70433779445614, "time_cost": 150, "final_distance_cost": 3.892847935005985, "oscillation_cost": 56.516563533869, "completition_cost": 111.11111111111116, "overshoot_cost": 62.5938382929139, "power_cost": 20.542726965332033, "noise_cost": 15.04724995622403, "n_waypoints_completed": 8, "tot_waypoints": 9}}
{"target": -189.8449296088947, "params": {"k_pid_pos": [1.8922997940790476, 0.0822904257601288, 0.6250867496839783], "k_pid_alt": [0.9997830193370283, 0.0, 0.7382510742128339], "k_pid_att": [93.20553315477635, 5.859554809351448, 0.73590781336997], "k_pid_yaw": [0.5, 1e-06, 0.1], "k_pid_hsp": [1.606987810134683, 0.08333843891839088, 0.01], "k_pid_vsp": [291.03214645110495, 130.53254854158118, 1.0]}, "datetime": {"datetime": "2025-08-21 20:01:51", "elapsed": 40628.43090081215, "delta": 16.761073350906372}, "costs": {"total_cost": 189.8449296088947, "time_cost": 73.504, "final_distance_cost": 1.8413260886283866, "oscillation_cost": 39.593848469991656, "completition_cost": 0.0, "overshoot_cost": 50.1463826681148, "power_cost": 12.910103283691408, "noise_cost": 11.849269098468424, "n_waypoints_completed": 9, "tot_waypoints": 9}}
{"target": -187.2195808215672, "params": {"k_pid_pos": [1.8922997940790476, 0.024859491386256316, 0.5271164669865139], "k_pid_alt": [1.7035415647774235, 0.0, 0.5933646034205271], "k_pid_att": [58.989274729095186, 5.859554809351448, 0.9808211468183533], "k_pid_yaw": [0.5, 1e-06, 0.1], "k_pid_hsp": [2.957956300852597, 0.08333843891839088, 0.01], "k_pid_vsp": [110.56511661686339, 127.91747472228406, 1.0]}, "datetime": {"datetime": "2025-08-21 20:02:09", "elapsed": 40645.65097975731, "delta": 17.220078945159912}, "costs": {"total_cost": 187.2195808215672, "time_cost": 69.256, "final_distance_cost": 1.827918722489455, "oscillation_cost": 40.84242987699873, "completition_cost": 0.0, "overshoot_cost": 49.959255021947854, "power_cost": 13.463382421875, "noise_cost": 11.870594778256171, "n_waypoints_completed": 9, "tot_waypoints": 9}}
{"target": -182.900733987067, "params": {"k_pid_pos": [1.8922997940790476, 0.024859491386256316, 0.42495672118777295], "k_pid_alt": [1.85112020821355, 0.0, 0.1576465649121419], "k_pid_att": [23.08752834258585, 4.077532668255645, 0.9808211468183533], "k_pid_yaw": [0.5, 1e-06, 0.1], "k_pid_hsp": [1.606987810134683, 0.08333843891839088, 0.01], "k_pid_vsp": [110.56511661686339, 130.53254854158118, 1.0]}, "datetime": {"datetime": "2025-08-21 20:02:24", "elapsed": 40661.09656572342, "delta": 15.44558596611023}, "costs": {"total_cost": 182.900733987067, "time_cost": 67.952, "final_distance_cost": 1.81194814058827, "oscillation_cost": 41.2444566290096, "completition_cost": 0.0, "overshoot_cost": 49.70534696168341, "power_cost": 11.466772192382813, "noise_cost": 10.720210063402927, "n_waypoints_completed": 9, "tot_waypoints": 9}}
{"target": -177.49943962698867, "params": {"k_pid_pos": [1.8922997940790476, 0.024859491386256316, 0.42495672118777295], "k_pid_alt": [1.85112020821355, 0.0, 0.1576465649121419], "k_pid_att": [25.463483275157817, 1.1105074131954076, 0.73590781336997], "k_pid_yaw": [0.5, 1e-06, 0.1], "k_pid_hsp": [1.606987810134683, 0.08333843891839088, 0.01], "k_pid_vsp": [110.56511661686339, 130.53254854158118, 1.0]}, "datetime": {"datetime": "2025-08-21 20:02:41", "elapsed": 40677.72323060036, "delta": 16.626664876937866}, "costs": {"total_cost": 177.49943962698867, "time_cost": 67.68, "final_distance_cost": 1.8055764239095378, "oscillation_cost": 39.371359938019715, "completition_cost": 0.0, "overshoot_cost": 50.30320254018632, "power_cost": 8.920833349609376, "noise_cost": 9.418467375263715, "n_waypoints_completed": 9, "tot_waypoints": 9}}
{"target": -180.30778906456325, "params": {"k_pid_pos": [1.8922997940790476, 0.024859491386256316, 0.42495672118777295], "k_pid_alt": [1.85112020821355, 0.0, 0.1576465649121419], "k_pid_att": [23.08752834258585, 4.077532668255645, 0.9808211468183533], "k_pid_yaw": [0.5, 1e-06, 0.1], "k_pid_hsp": [1.606987810134683, 0.08333843891839088, 0.01], "k_pid_vsp": [110.56511661686339, 130.53254854158118, 1.0]}, "datetime": {"datetime": "2025-08-21 20:02:56", "elapsed": 40693.374775886536, "delta": 15.651545286178589}, "costs": {"total_cost": 180.30778906456325, "time_cost": 67.824, "final_distance_cost": 1.804783692617328, "oscillation_cost": 40.22815302585092, "completition_cost": 0.0, "overshoot_cost": 49.88513021287177, "power_cost": 10.390586096191408, "noise_cost": 10.175136037031782, "n_waypoints_completed": 9, "tot_waypoints": 9}}
{"target": -182.7517186892359, "params": {"k_pid_pos": [1.8922997940790476, 0.024859491386256316, 0.42495672118777295], "k_pid_alt": [1.1098775236402525, 0.0, 0.3157032531275451], "k_pid_att": [58.989274729095186, 5.859554809351448, 0.9808211468183533], "k_pid_yaw": [0.5, 1e-06, 0.1], "k_pid_hsp": [1.606987810134683, 0.08333843891839088, 0.01], "k_pid_vsp": [110.56511661686339, 130.53254854158118, 1.0]}, "datetime": {"datetime": "2025-08-21 20:03:12", "elapsed": 40708.87386751175, "delta": 15.499091625213623}, "costs": {"total_cost": 182.7517186892359, "time_cost": 69.72, "final_distance_cost": 1.8076049830110326, "oscillation_cost": 39.79669620325879, "completition_cost": 0.0, "overshoot_cost": 50.17740929747001, "power_cost": 10.784113513183595, "noise_cost": 10.465894692312462, "n_waypoints_completed": 9, "tot_waypoints": 9}}
{"target": -234.5481864620309, "params": {"k_pid_pos": [1.8922997940790476, 0.9005427252559962, 0.42495672118777295], "k_pid_alt": [1.85112020821355, 0.0, 0.1576465649121419], "k_pid_att": [22.971564751474492, 1.1105074131954076, 0.73590781336997], "k_pid_yaw": [0.5, 1e-06, 0.1], "k_pid_hsp": [1.606987810134683, 0.08333843891839088, 0.01], "k_pid_vsp": [205.46647479918613, 130.53254854158118, 1.0]}, "datetime": {"datetime": "2025-08-21 20:03:35", "elapsed": 40731.66568636894, "delta": 22.791818857192993}, "costs": {"total_cost": 234.5481864620309, "time_cost": 90.592, "final_distance_cost": 1.7449101284437774, "oscillation_cost": 51.59159860774959, "completition_cost": 0.0, "overshoot_cost": 55.19776106409636, "power_cost": 19.762965075683596, "noise_cost": 15.658951586057572, "n_waypoints_completed": 9, "tot_waypoints": 9}}
{"target": -1578.6586265174758, "params": {"k_pid_pos": [1.6592589945333855, 0.024859491386256316, 0.42495672118777295], "k_pid_alt": [1.8017833982738278, 0.0, 0.1576465649121419], "k_pid_att": [97.15749504346589, 1.1105074131954076, 0.73590781336997], "k_pid_yaw": [0.5, 1e-06, 0.1], "k_pid_hsp": [1.606987810134683, 0.08333843891839088, 0.01], "k_pid_vsp": [110.56511661686339, 130.53254854158118, 322.9464928403425]}, "datetime": {"datetime": "2025-08-21 20:03:59", "elapsed": 40755.56286907196, "delta": 23.89718270301819}, "costs": {"total_cost": 1578.6586265174758, "time_cost": 150, "final_distance_cost": 287.47166869454753, "oscillation_cost": 43.267403169173555, "completition_cost": 777.7777777777778, "overshoot_cost": 280.59387844510667, "power_cost": 21.23503475341797, "noise_cost": 18.31286367745235, "n_waypoints_completed": 2, "tot_waypoints": 9}}
{"target": -184.40925062975808, "params": {"k_pid_pos": [1.402943601129983, 0.024859491386256316, 0.42495672118777295], "k_pid_alt": [1.85112020821355, 0.0, 0.1576465649121419], "k_pid_att": [25.463483275157817, 1.1105074131954076, 0.73590781336997], "k_pid_yaw": [0.5, 1e-06, 0.1], "k_pid_hsp": [3.121458039986117, 0.08333843891839088, 0.01], "k_pid_vsp": [110.56511661686339, 20.252314050740118, 1.0]}, "datetime": {"datetime": "2025-08-21 20:04:15", "elapsed": 40771.76439023018, "delta": 16.201521158218384}, "costs": {"total_cost": 184.40925062975808, "time_cost": 69.752, "final_distance_cost": 1.8451877674779398, "oscillation_cost": 39.68009477144654, "completition_cost": 0.0, "overshoot_cost": 50.760833041109144, "power_cost": 11.140326293945312, "noise_cost": 11.230808755779133, "n_waypoints_completed": 9, "tot_waypoints": 9}}
{"target": -393.3204374416495, "params": {"k_pid_pos": [1.8922997940790476, 0.658800079422133, 0.42495672118777295], "k_pid_alt": [1.85112020821355, 0.0, 0.1576465649121419], "k_pid_att": [25.463483275157817, 1.1105074131954076, 0.73590781336997], "k_pid_yaw": [0.5, 1e-06, 0.1], "k_pid_hsp": [1.606987810134683, 0.08333843891839088, 0.5411905624282837], "k_pid_vsp": [110.56511661686339, 130.53254854158118, 1.0]}, "datetime": {"datetime": "2025-08-21 20:04:38", "elapsed": 40795.31742143631, "delta": 23.55303120613098}, "costs": {"total_cost": 393.3204374416495, "time_cost": 96.816, "final_distance_cost": 1.7764148129618302, "oscillation_cost": 180.25938769426833, "completition_cost": 0.0, "overshoot_cost": 71.81566677217106, "power_cost": 22.508201916503907, "noise_cost": 20.144766245744368, "n_waypoints_completed": 9, "tot_waypoints": 9}}
{"target": -186.3519026204722, "params": {"k_pid_pos": [1.8922997940790476, 0.024859491386256316, 0.42495672118777295], "k_pid_alt": [0.9020104990244227, 0.0, 0.1576465649121419], "k_pid_att": [97.15749504346589, 1.1105074131954076, 0.73590781336997], "k_pid_yaw": [0.5, 1e-06, 0.1], "k_pid_hsp": [1.606987810134683, 0.08333843891839088, 0.01], "k_pid_vsp": [110.56511661686339, 130.53254854158118, 1.0]}, "datetime": {"datetime": "2025-08-21 20:04:55", "elapsed": 40812.23169898987, "delta": 16.91427755355835}, "costs": {"total_cost": 186.3519026204722, "time_cost": 70.208, "final_distance_cost": 1.799559736778125, "oscillation_cost": 43.88656971922007, "completition_cost": 0.0, "overshoot_cost": 49.629226145548294, "power_cost": 10.4560814453125, "noise_cost": 10.372465573613225, "n_waypoints_completed": 9, "tot_waypoints": 9}}
{"target": -186.63662280732362, "params": {"k_pid_pos": [1.8922997940790476, 0.024859491386256316, 0.6493189868694299], "k_pid_alt": [1.85112020821355, 0.0, 0.1576465649121419], "k_pid_att": [25.463483275157817, 1.1105074131954076, 0.73590781336997], "k_pid_yaw": [0.5, 1e-06, 0.1], "k_pid_hsp": [4.45834881839946, 0.08333843891839088, 0.01], "k_pid_vsp": [291.03214645110495, 130.53254854158118, 1.0]}, "datetime": {"datetime": "2025-08-21 20:05:11", "elapsed": 40827.72496986389, "delta": 15.493270874023438}, "costs": {"total_cost": 186.63662280732362, "time_cost": 68.672, "final_distance_cost": 1.8313230297004104, "oscillation_cost": 45.655943559266746, "completition_cost": 0.0, "overshoot_cost": 49.92981087854709, "power_cost": 10.142956250000001, "noise_cost": 10.404589089809377, "n_waypoints_completed": 9, "tot_waypoints": 9}}
{"target": -185.26409495559585, "params": {"k_pid_pos": [1.8922997940790476, 0.0822904257601288, 0.4802608558925999], "k_pid_alt": [0.9997830193370283, 0.0, 0.13882932479520194], "k_pid_att": [93.20553315477635, 5.859554809351448, 0.73590781336997], "k_pid_yaw": [0.5, 1e-06, 0.1], "k_pid_hsp": [1.606987810134683, 0.08333843891839088, 0.01], "k_pid_vsp": [110.56511661686339, 97.47868520206696, 1.0]}, "datetime": {"datetime": "2025-08-21 20:05:29", "elapsed": 40846.07624554634, "delta": 18.35127568244934}, "costs": {"total_cost": 185.26409495559585, "time_cost": 70.04, "final_distance_cost": 1.7802935489182472, "oscillation_cost": 41.05118272590842, "completition_cost": 0.0, "overshoot_cost": 49.981371735785, "power_cost": 11.478149365234376, "noise_cost": 10.933097579749814, "n_waypoints_completed": 9, "tot_waypoints": 9}}
{"target": -188.02406864096338, "params": {"k_pid_pos": [1.8922997940790476, 0.024859491386256316, 0.42495672118777295], "k_pid_alt": [1.85112020821355, 0.0, 0.7925958880414701], "k_pid_att": [58.989274729095186, 4.2484062323494, 0.9808211468183533], "k_pid_yaw": [0.5, 1e-06, 0.1], "k_pid_hsp": [1.606987810134683, 0.7156656356539504, 0.01], "k_pid_vsp": [110.56511661686339, 118.24276490396839, 1.0]}, "datetime": {"datetime": "2025-08-21 20:05:45", "elapsed": 40861.83905124664, "delta": 15.762805700302124}, "costs": {"total_cost": 188.02406864096338, "time_cost": 68.488, "final_distance_cost": 1.8085264473783862, "oscillation_cost": 50.070329684319795, "completition_cost": 0.0, "overshoot_cost": 49.00628886464644, "power_cost": 9.087986828613282, "noise_cost": 9.562936816005463, "n_waypoints_completed": 9, "tot_waypoints": 9}}
{"target": -182.92308053760343, "params": {"k_pid_pos": [1.8922997940790476, 0.024859491386256316, 0.42495672118777295], "k_pid_alt": [1.85112020821355, 0.0, 0.1576465649121419], "k_pid_att": [23.08752834258585, 4.077532668255645, 0.9808211468183533], "k_pid_yaw": [0.5, 1e-06, 0.1], "k_pid_hsp": [1.606987810134683, 0.08333843891839088, 0.01], "k_pid_vsp": [110.56511661686339, 130.53254854158118, 1.0]}, "datetime": {"datetime": "2025-08-21 20:06:01", "elapsed": 40878.27487921715, "delta": 16.43582797050476}, "costs": {"total_cost": 182.92308053760343, "time_cost": 67.84, "final_distance_cost": 1.784129729203189, "oscillation_cost": 40.56529334113721, "completition_cost": 0.0, "overshoot_cost": 49.59985401907703, "power_cost": 12.106390795898438, "noise_cost": 11.027412652287525, "n_waypoints_completed": 9, "tot_waypoints": 9}}
{"target": -190.85291609745042, "params": {"k_pid_pos": [1.8922997940790476, 0.024859491386256316, 0.42495672118777295], "k_pid_alt": [1.85112020821355, 0.0, 0.03027788721554503], "k_pid_att": [58.989274729095186, 4.2484062323494, 0.9808211468183533], "k_pid_yaw": [0.5, 1e-06, 0.1], "k_pid_hsp": [1.606987810134683, 0.45355930965991464, 0.01], "k_pid_vsp": [110.56511661686339, 118.24276490396839, 1.0]}, "datetime": {"datetime": "2025-08-21 20:06:18", "elapsed": 40894.66765451431, "delta": 16.392775297164917}, "costs": {"total_cost": 190.85291609745042, "time_cost": 68.92, "final_distance_cost": 1.8240844589645773, "oscillation_cost": 43.81659271522878, "completition_cost": 0.0, "overshoot_cost": 50.678188610822794, "power_cost": 13.732293383789063, "noise_cost": 11.881756928645226, "n_waypoints_completed": 9, "tot_waypoints": 9}}
{"target": -1210.3180010513718, "params": {"k_pid_pos": [1.8922997940790476, 0.26626295871360073, 0.42495672118777295], "k_pid_alt": [1.85112020821355, 0.0, 0.1576465649121419], "k_pid_att": [23.08752834258585, 4.077532668255645, 0.9808211468183533], "k_pid_yaw": [0.5, 1e-06, 0.1], "k_pid_hsp": [1.606987810134683, 0.08333843891839088, 0.01], "k_pid_vsp": [110.56511661686339, 130.53254854158118, 344.2278661105134]}, "datetime": {"datetime": "2025-08-21 20:06:42", "elapsed": 40918.584924936295, "delta": 23.91727042198181}, "costs": {"total_cost": 1210.3180010513718, "time_cost": 150, "final_distance_cost": 70.51446391581926, "oscillation_cost": 37.35254598512455, "completition_cost": 777.7777777777778, "overshoot_cost": 142.60656004566704, "power_cost": 11.078279467773438, "noise_cost": 20.9883738592097, "n_waypoints_completed": 2, "tot_waypoints": 9}}
