{"target": -193.07427754884222, "params": {"k_pid_pos": [1.8922997940790476, 0.024859491386256316, 0.37255195504867966], "k_pid_alt": [1.9160597436741602, 0.0, 0.04865678698342779], "k_pid_att": [58.989274729095186, 5.859554809351448, 0.8612643910736462], "k_pid_yaw": [0.5, 1e-06, 0.1], "k_pid_hsp": [1.606987810134683, 0.8404660548178111, 0.01], "k_pid_vsp": [110.56511661686339, 130.53254854158118, 1.0]}, "datetime": {"datetime": "2025-08-21 19:11:55", "elapsed": 37631.82230901718, "delta": 17.18644642829895}, "costs": {"total_cost": 193.07427754884222, "time_cost": 67.992, "final_distance_cost": 1.8048359602673791, "oscillation_cost": 53.48296479974076, "completition_cost": 0.0, "overshoot_cost": 49.882649509591204, "power_cost": 9.917846118164062, "noise_cost": 9.993981161078798, "n_waypoints_completed": 9, "tot_waypoints": 9}}
{"target": -199.11640824552998, "params": {"k_pid_pos": [1.8922997940790476, 0.05987593904989075, 0.37255195504867966], "k_pid_alt": [0.8822067347529445, 0.0, 0.1576465649121419], "k_pid_att": [58.989274729095186, 5.859554809351448, 0.8612643910736462], "k_pid_yaw": [0.5, 1e-06, 0.1], "k_pid_hsp": [1.606987810134683, 0.1531003758033771, 0.05451025804354759], "k_pid_vsp": [110.56511661686339, 130.53254854158118, 1.0]}, "datetime": {"datetime": "2025-08-21 19:12:11", "elapsed": 37647.52591872215, "delta": 15.703609704971313}, "costs": {"total_cost": 199.11640824552998, "time_cost": 70.176, "final_distance_cost": 1.7888442497920307, "oscillation_cost": 54.815384382108824, "completition_cost": 0.0, "overshoot_cost": 50.31319780930751, "power_cost": 11.342798840332032, "noise_cost": 10.68018296398961, "n_waypoints_completed": 9, "tot_waypoints": 9}}
{"target": -1321.2801576788274, "params": {"k_pid_pos": [1.8922997940790476, 0.024859491386256316, 0.6250867496839783], "k_pid_alt": [1.1098775236402525, 0.0, 0.1576465649121419], "k_pid_att": [25.463483275157817, 6.889214925864104, 0.73590781336997], "k_pid_yaw": [0.5, 1e-06, 0.1], "k_pid_hsp": [1.606987810134683, 0.08333843891839088, 0.01], "k_pid_vsp": [110.56511661686339, 130.53254854158118, 372.72760092579813]}, "datetime": {"datetime": "2025-08-21 19:12:35", "elapsed": 37671.842052936554, "delta": 24.316134214401245}, "costs": {"total_cost": 1321.2801576788274, "time_cost": 150, "final_distance_cost": 110.86253442227219, "oscillation_cost": 31.536859272870057, "completition_cost": 888.8888888888888, "overshoot_cost": 105.94583638840518, "power_cost": 13.038165661621095, "noise_cost": 21.007873044769834, "n_waypoints_completed": 1, "tot_waypoints": 9}}
{"target": -186.82637532952344, "params": {"k_pid_pos": [1.8922997940790476, 0.024859491386256316, 0.6250867496839783], "k_pid_alt": [1.1118827000593463, 0.0, 0.6889543417313908], "k_pid_att": [58.989274729095186, 5.859554809351448, 0.73590781336997], "k_pid_yaw": [0.5, 1e-06, 0.1], "k_pid_hsp": [1.8683835514128975, 0.08333843891839088, 0.01], "k_pid_vsp": [110.56511661686339, 130.53254854158118, 1.0]}, "datetime": {"datetime": "2025-08-21 19:12:51", "elapsed": 37687.984112262726, "delta": 16.142059326171875}, "costs": {"total_cost": 186.82637532952344, "time_cost": 71.784, "final_distance_cost": 1.8193437855136718, "oscillation_cost": 39.94180009781414, "completition_cost": 0.0, "overshoot_cost": 49.490842019114424, "power_cost": 12.412032446289063, "noise_cost": 11.378356980792148, "n_waypoints_completed": 9, "tot_waypoints": 9}}
{"target": -186.67471010263552, "params": {"k_pid_pos": [1.8922997940790476, 0.024859491386256316, 0.37255195504867966], "k_pid_alt": [1.9160597436741602, 0.0, 0.1576465649121419], "k_pid_att": [58.989274729095186, 5.859554809351448, 0.8612643910736462], "k_pid_yaw": [0.5, 1e-06, 0.1], "k_pid_hsp": [1.606987810134683, 0.3912790898693519, 0.01], "k_pid_vsp": [110.56511661686339, 130.53254854158118, 1.0]}, "datetime": {"datetime": "2025-08-21 19:13:08", "elapsed": 37704.84928679466, "delta": 16.865174531936646}, "costs": {"total_cost": 186.67471010263552, "time_cost": 68.21600000000001, "final_distance_cost": 1.795578855440809, "oscillation_cost": 45.08954432079754, "completition_cost": 0.0, "overshoot_cost": 50.406884211036505, "power_cost": 10.790430126953126, "noise_cost": 10.376272588407522, "n_waypoints_completed": 9, "tot_waypoints": 9}}
{"target": -203.65364443061296, "params": {"k_pid_pos": [1.8922997940790476, 0.024859491386256316, 0.6250867496839783], "k_pid_alt": [1.1098775236402525, 0.0, 0.1576465649121419], "k_pid_att": [58.989274729095186, 5.5432413145664965, 0.73590781336997], "k_pid_yaw": [0.5, 1e-06, 0.1], "k_pid_hsp": [8.246411399521614, 0.1531003758033771, 0.01], "k_pid_vsp": [110.56511661686339, 261.48215325333564, 1.0]}, "datetime": {"datetime": "2025-08-21 19:13:24", "elapsed": 37721.303978681564, "delta": 16.454691886901855}, "costs": {"total_cost": 203.65364443061296, "time_cost": 70.8, "final_distance_cost": 1.8270576891873784, "oscillation_cost": 49.750009558848596, "completition_cost": 0.0, "overshoot_cost": 51.032848998494764, "power_cost": 16.73954842529297, "noise_cost": 13.504179758789236, "n_waypoints_completed": 9, "tot_waypoints": 9}}
{"target": -245.14273079289296, "params": {"k_pid_pos": [1.8922997940790476, 0.7323733489896951, 0.37255195504867966], "k_pid_alt": [1.9160597436741602, 0.0, 0.20116253882959134], "k_pid_att": [13.107192077287921, 0.5364822422922942, 0.06608132483176332], "k_pid_yaw": [0.5, 1e-06, 0.1], "k_pid_hsp": [4.250673906138699, 0.1531003758033771, 0.01], "k_pid_vsp": [93.65012360586942, 59.083466427248936, 1.0]}, "datetime": {"datetime": "2025-08-21 19:13:44", "elapsed": 37740.936371564865, "delta": 19.63239288330078}, "costs": {"total_cost": 245.14273079289296, "time_cost": 81.104, "final_distance_cost": 1.756253715051955, "oscillation_cost": 79.32552394422245, "completition_cost": 0.0, "overshoot_cost": 51.39907475027277, "power_cost": 17.390060131835938, "noise_cost": 14.16781825150986, "n_waypoints_completed": 9, "tot_waypoints": 9}}
{"target": -179.40747507152906, "params": {"k_pid_pos": [1.8922997940790476, 0.024859491386256316, 0.6250867496839783], "k_pid_alt": [1.1098775236402525, 0.0, 0.1576465649121419], "k_pid_att": [25.463483275157817, 1.4953935029224072, 0.73590781336997], "k_pid_yaw": [0.5, 1e-06, 0.1], "k_pid_hsp": [1.606987810134683, 0.08333843891839088, 0.01], "k_pid_vsp": [110.56511661686339, 130.53254854158118, 1.0]}, "datetime": {"datetime": "2025-08-21 19:13:59", "elapsed": 37756.45061135292, "delta": 15.51423978805542}, "costs": {"total_cost": 179.40747507152906, "time_cost": 68.976, "final_distance_cost": 1.8074382748733344, "oscillation_cost": 39.18563786374353, "completition_cost": 0.0, "overshoot_cost": 49.277173029304414, "power_cost": 10.066412060546876, "noise_cost": 10.094813843060928, "n_waypoints_completed": 9, "tot_waypoints": 9}}
{"target": -186.0975637254653, "params": {"k_pid_pos": [1.8922997940790476, 0.024859491386256316, 0.6250867496839783], "k_pid_alt": [0.8511837275376319, 0.0, 0.19998319442575607], "k_pid_att": [58.989274729095186, 2.1368568635634517, 0.73590781336997], "k_pid_yaw": [0.5, 1e-06, 0.1], "k_pid_hsp": [1.606987810134683, 0.1531003758033771, 0.01], "k_pid_vsp": [110.56511661686339, 130.53254854158118, 1.0]}, "datetime": {"datetime": "2025-08-21 19:14:17", "elapsed": 37773.57816982269, "delta": 17.12755846977234}, "costs": {"total_cost": 186.0975637254653, "time_cost": 71.304, "final_distance_cost": 1.832515207716614, "oscillation_cost": 38.33288639843873, "completition_cost": 0.0, "overshoot_cost": 49.98200655528852, "power_cost": 13.016391442871095, "noise_cost": 11.629764121150373, "n_waypoints_completed": 9, "tot_waypoints": 9}}
{"target": -203.92675769711505, "params": {"k_pid_pos": [0.7083050082071586, 0.024859491386256316, 0.6250867496839783], "k_pid_alt": [1.1098775236402525, 0.0, 0.1576465649121419], "k_pid_att": [25.463483275157817, 1.4953935029224072, 0.73590781336997], "k_pid_yaw": [0.5, 1e-06, 0.1], "k_pid_hsp": [1.606987810134683, 0.8779941376805641, 0.01], "k_pid_vsp": [131.157380286128, 59.083466427248936, 1.0]}, "datetime": {"datetime": "2025-08-21 19:14:36", "elapsed": 37792.69864487648, "delta": 19.12047505378723}, "costs": {"total_cost": 203.92675769711505, "time_cost": 84.072, "final_distance_cost": 1.8561050698715387, "oscillation_cost": 46.83808173011654, "completition_cost": 0.0, "overshoot_cost": 50.87976843367366, "power_cost": 9.21339521484375, "noise_cost": 11.067407248609543, "n_waypoints_completed": 9, "tot_waypoints": 9}}
{"target": -216.8862028090304, "params": {"k_pid_pos": [1.8922997940790476, 0.024859491386256316, 0.6250867496839783], "k_pid_alt": [1.1098775236402525, 0.08884544487158552, 0.07444874772262577], "k_pid_att": [58.989274729095186, 1.1166001057131414, 0.9723406442673668], "k_pid_yaw": [0.5, 1e-06, 0.1], "k_pid_hsp": [1.606987810134683, 0.1531003758033771, 0.01], "k_pid_vsp": [110.56511661686339, 130.53254854158118, 1.0]}, "datetime": {"datetime": "2025-08-21 19:14:56", "elapsed": 37813.154296875, "delta": 20.455651998519897}, "costs": {"total_cost": 216.8862028090304, "time_cost": 85.34400000000001, "final_distance_cost": 1.782580612607282, "oscillation_cost": 52.481122627662465, "completition_cost": 0.0, "overshoot_cost": 50.84605134700438, "power_cost": 13.700196203613283, "noise_cost": 12.732252018143, "n_waypoints_completed": 9, "tot_waypoints": 9}}
{"target": -235.96735512960595, "params": {"k_pid_pos": [1.8922997940790476, 0.024859491386256316, 0.6250867496839783], "k_pid_alt": [0.8511837275376319, 0.9635827266688368, 0.19998319442575607], "k_pid_att": [58.989274729095186, 2.1368568635634517, 0.45703935313105737], "k_pid_yaw": [0.5, 1e-06, 0.1], "k_pid_hsp": [1.6091290401443616, 0.17468130283637484, 0.01], "k_pid_vsp": [110.56511661686339, 225.6587008239998, 1.0]}, "datetime": {"datetime": "2025-08-21 19:15:17", "elapsed": 37834.018830776215, "delta": 20.8645339012146}, "costs": {"total_cost": 235.96735512960595, "time_cost": 93.11200000000001, "final_distance_cost": 1.8020632393326026, "oscillation_cost": 58.391747826408206, "completition_cost": 0.0, "overshoot_cost": 57.17348155925077, "power_cost": 13.093209875488283, "noise_cost": 12.394852629126081, "n_waypoints_completed": 9, "tot_waypoints": 9}}
{"target": -210.15301683347138, "params": {"k_pid_pos": [1.8922997940790476, 0.05987593904989075, 0.37255195504867966], "k_pid_alt": [1.1098775236402525, 0.229763914573474, 0.1576465649121419], "k_pid_att": [25.463483275157817, 1.4953935029224072, 0.73590781336997], "k_pid_yaw": [0.5, 1e-06, 0.1], "k_pid_hsp": [1.606987810134683, 0.08333843891839088, 0.01], "k_pid_vsp": [110.56511661686339, 130.53254854158118, 1.0]}, "datetime": {"datetime": "2025-08-21 19:15:36", "elapsed": 37853.00699353218, "delta": 18.988162755966187}, "costs": {"total_cost": 210.15301683347138, "time_cost": 78.976, "final_distance_cost": 1.7895423108917776, "oscillation_cost": 53.574073909368735, "completition_cost": 0.0, "overshoot_cost": 51.21680025941805, "power_cost": 12.917479064941407, "noise_cost": 11.679121288851434, "n_waypoints_completed": 9, "tot_waypoints": 9}}
{"target": -312.2816643173689, "params": {"k_pid_pos": [1.8922997940790476, 0.19072503388851436, 0.6250867496839783], "k_pid_alt": [0.8511837275376319, 0.0, 0.19998319442575607], "k_pid_att": [58.989274729095186, 2.1368568635634517, 0.3459985420547941], "k_pid_yaw": [0.5, 1e-06, 0.1], "k_pid_hsp": [1.606987810134683, 0.0953687395585695, 0.12039728513740589], "k_pid_vsp": [305.67975269326223, 210.91861290663223, 1.0]}, "datetime": {"datetime": "2025-08-21 19:15:55", "elapsed": 37872.14913439751, "delta": 19.142140865325928}, "costs": {"total_cost": 312.2816643173689, "time_cost": 81.544, "final_distance_cost": 1.8119650538564926, "oscillation_cost": 143.3303557068556, "completition_cost": 0.0, "overshoot_cost": 52.05559572034907, "power_cost": 18.663508935546876, "noise_cost": 14.87623890076083, "n_waypoints_completed": 9, "tot_waypoints": 9}}
{"target": -180.41846411120244, "params": {"k_pid_pos": [1.8922997940790476, 0.024859491386256316, 0.6250867496839783], "k_pid_alt": [1.1098775236402525, 0.0, 0.1576465649121419], "k_pid_att": [25.463483275157817, 1.4953935029224072, 0.73590781336997], "k_pid_yaw": [0.5, 1e-06, 0.1], "k_pid_hsp": [1.606987810134683, 0.08333843891839088, 0.01], "k_pid_vsp": [110.56511661686339, 130.53254854158118, 1.0]}, "datetime": {"datetime": "2025-08-21 19:16:11", "elapsed": 37888.39268231392, "delta": 16.243547916412354}, "costs": {"total_cost": 180.41846411120244, "time_cost": 69.072, "final_distance_cost": 1.8136558588442804, "oscillation_cost": 39.871957024857956, "completition_cost": 0.0, "overshoot_cost": 49.4142899954116, "power_cost": 10.225075903320313, "noise_cost": 10.021485328768275, "n_waypoints_completed": 9, "tot_waypoints": 9}}
{"target": -183.38580384598583, "params": {"k_pid_pos": [1.8922997940790476, 0.0822904257601288, 0.6250867496839783], "k_pid_alt": [1.9160597436741602, 0.0, 0.1576465649121419], "k_pid_att": [58.989274729095186, 5.859554809351448, 0.9808211468183533], "k_pid_yaw": [0.5, 1e-06, 0.1], "k_pid_hsp": [1.606987810134683, 0.08333843891839088, 0.01], "k_pid_vsp": [110.56511661686339, 130.53254854158118, 1.0]}, "datetime": {"datetime": "2025-08-21 19:16:27", "elapsed": 37904.11597442627, "delta": 15.723292112350464}, "costs": {"total_cost": 183.38580384598583, "time_cost": 68.72, "final_distance_cost": 1.8105063196838902, "oscillation_cost": 40.112489133171, "completition_cost": 0.0, "overshoot_cost": 50.45872762499141, "power_cost": 11.396194641113281, "noise_cost": 10.887886127026245, "n_waypoints_completed": 9, "tot_waypoints": 9}}
{"target": -192.44537421949505, "params": {"k_pid_pos": [1.8922997940790476, 0.024859491386256316, 0.42495672118777295], "k_pid_alt": [1.85112020821355, 0.0, 0.1576465649121419], "k_pid_att": [25.06356558820614, 7.347914484943822, 0.73590781336997], "k_pid_yaw": [0.5, 1e-06, 0.1], "k_pid_hsp": [1.606987810134683, 0.08333843891839088, 0.01], "k_pid_vsp": [110.56511661686339, 130.53254854158118, 1.0]}, "datetime": {"datetime": "2025-08-21 19:16:44", "elapsed": 37921.43299126625, "delta": 17.31701683998108}, "costs": {"total_cost": 192.44537421949505, "time_cost": 69.112, "final_distance_cost": 1.8047264170192936, "oscillation_cost": 42.67942888874179, "completition_cost": 0.0, "overshoot_cost": 50.18693745687336, "power_cost": 15.770218078613283, "noise_cost": 12.892063378247334, "n_waypoints_completed": 9, "tot_waypoints": 9}}
{"target": -1398.9584281288357, "params": {"k_pid_pos": [1.8922997940790476, 0.024859491386256316, 0.6250867496839783], "k_pid_alt": [0.04190156986326121, 0.0, 0.1576465649121419], "k_pid_att": [25.463483275157817, 7.389614396826664, 0.73590781336997], "k_pid_yaw": [0.5, 1e-06, 0.1], "k_pid_hsp": [9.301600313748095, 0.9469081572723697, 0.01], "k_pid_vsp": [225.4439801313338, 130.53254854158118, 267.13097058534004]}, "datetime": {"datetime": "2025-08-21 19:17:07", "elapsed": 37944.27618408203, "delta": 22.84319281578064}, "costs": {"total_cost": 1398.9584281288357, "time_cost": 150, "final_distance_cost": 113.18728145472335, "oscillation_cost": 79.43927631129921, "completition_cost": 888.8888888888888, "overshoot_cost": 134.94639158565565, "power_cost": 15.64882850341797, "noise_cost": 16.847761384850884, "n_waypoints_completed": 1, "tot_waypoints": 9}}
{"target": -1870.1797782426536, "params": {"k_pid_pos": [1.8922997940790476, 0.024859491386256316, 0.6250867496839783], "k_pid_alt": [1.1098775236402525, 0.0, 0.1576465649121419], "k_pid_att": [25.463483275157817, 1.4953935029224072, 0.73590781336997], "k_pid_yaw": [0.5, 1e-06, 0.1], "k_pid_hsp": [1.606987810134683, 0.08333843891839088, 0.01], "k_pid_vsp": [110.56511661686339, 130.53254854158118, 350.1616155025813]}, "datetime": {"datetime": "2025-08-21 19:17:33", "elapsed": 37970.25854468346, "delta": 25.98236060142517}, "costs": {"total_cost": 1870.1797782426536, "time_cost": 150, "final_distance_cost": 361.8283065251041, "oscillation_cost": 31.460218897085046, "completition_cost": 888.8888888888888, "overshoot_cost": 410.9301300069532, "power_cost": 11.266555920410157, "noise_cost": 15.805678004212156, "n_waypoints_completed": 1, "tot_waypoints": 9}}
{"target": -186.64977147645732, "params": {"k_pid_pos": [1.8922997940790476, 0.024859491386256316, 0.42495672118777295], "k_pid_alt": [1.85112020821355, 0.0, 0.1576465649121419], "k_pid_att": [50.43782855084127, 7.335409208074745, 0.73590781336997], "k_pid_yaw": [0.5, 1e-06, 0.1], "k_pid_hsp": [1.606987810134683, 0.1531003758033771, 0.01], "k_pid_vsp": [110.56511661686339, 130.53254854158118, 1.0]}, "datetime": {"datetime": "2025-08-21 19:17:49", "elapsed": 37985.634405612946, "delta": 15.375860929489136}, "costs": {"total_cost": 186.64977147645732, "time_cost": 68.272, "final_distance_cost": 1.7744762966661303, "oscillation_cost": 39.98281391859777, "completition_cost": 0.0, "overshoot_cost": 50.02626691221891, "power_cost": 14.351994116210939, "noise_cost": 12.242220232763572, "n_waypoints_completed": 9, "tot_waypoints": 9}}
{"target": -182.596535848614, "params": {"k_pid_pos": [1.8922997940790476, 0.024859491386256316, 0.6250867496839783], "k_pid_alt": [1.1098775236402525, 0.0, 0.1576465649121419], "k_pid_att": [50.917657588734414, 7.347914484943822, 0.73590781336997], "k_pid_yaw": [0.5, 1e-06, 0.1], "k_pid_hsp": [1.606987810134683, 0.08333843891839088, 0.01], "k_pid_vsp": [110.56511661686339, 130.53254854158118, 1.0]}, "datetime": {"datetime": "2025-08-21 19:18:07", "elapsed": 38003.47968196869, "delta": 17.845276355743408}, "costs": {"total_cost": 182.596535848614, "time_cost": 69.184, "final_distance_cost": 1.8309138135528982, "oscillation_cost": 39.514051652016654, "completition_cost": 0.0, "overshoot_cost": 49.73254065403791, "power_cost": 11.403420556640626, "noise_cost": 10.931609172365949, "n_waypoints_completed": 9, "tot_waypoints": 9}}
{"target": -605.3703904572953, "params": {"k_pid_pos": [1.8922997940790476, 0.0822904257601288, 0.32288918687658763], "k_pid_alt": [1.9160597436741602, 0.0, 0.1576465649121419], "k_pid_att": [25.06356558820614, 6.9624546689898885, 0.73590781336997], "k_pid_yaw": [0.5, 1e-06, 0.1], "k_pid_hsp": [1.606987810134683, 0.08333843891839088, 0.01], "k_pid_vsp": [110.56511661686339, 130.53254854158118, 143.13937285520035]}, "datetime": {"datetime": "2025-08-21 19:18:30", "elapsed": 38026.459157943726, "delta": 22.97947597503662}, "costs": {"total_cost": 605.3703904572953, "time_cost": 150, "final_distance_cost": 75.69638195340754, "oscillation_cost": 61.01035899907624, "completition_cost": 222.2222222222222, "overshoot_cost": 64.92816064953848, "power_cost": 18.207490856933596, "noise_cost": 13.305775776117315, "n_waypoints_completed": 7, "tot_waypoints": 9}}
{"target": -180.1165585255886, "params": {"k_pid_pos": [1.8922997940790476, 0.024859491386256316, 0.42495672118777295], "k_pid_alt": [1.85112020821355, 0.0, 0.1576465649121419], "k_pid_att": [58.989274729095186, 5.859554809351448, 0.9808211468183533], "k_pid_yaw": [0.5, 1e-06, 0.1], "k_pid_hsp": [1.606987810134683, 0.08333843891839088, 0.01], "k_pid_vsp": [110.56511661686339, 130.53254854158118, 1.0]}, "datetime": {"datetime": "2025-08-21 19:18:46", "elapsed": 38043.11647129059, "delta": 16.657313346862793}, "costs": {"total_cost": 180.1165585255886, "time_cost": 67.84, "final_distance_cost": 1.8029365621370663, "oscillation_cost": 41.01181586657288, "completition_cost": 0.0, "overshoot_cost": 49.688568470814914, "power_cost": 9.832291564941407, "noise_cost": 9.940946061122336, "n_waypoints_completed": 9, "tot_waypoints": 9}}
{"target": -226.60411529941462, "params": {"k_pid_pos": [1.8922997940790476, 0.024859491386256316, 0.37255195504867966], "k_pid_alt": [1.9160597436741602, 0.31295298754855216, 0.04865678698342779], "k_pid_att": [58.989274729095186, 5.859554809351448, 0.73590781336997], "k_pid_yaw": [0.5, 1e-06, 0.1], "k_pid_hsp": [1.8683835514128975, 0.30091508283602064, 0.01], "k_pid_vsp": [110.56511661686339, 130.53254854158118, 1.0]}, "datetime": {"datetime": "2025-08-21 19:19:05", "elapsed": 38061.993970394135, "delta": 18.877499103546143}, "costs": {"total_cost": 226.60411529941462, "time_cost": 84.504, "final_distance_cost": 1.7532428508790923, "oscillation_cost": 57.24731086005747, "completition_cost": 0.0, "overshoot_cost": 51.364182013507836, "power_cost": 17.38269580078125, "noise_cost": 14.352683774188947, "n_waypoints_completed": 9, "tot_waypoints": 9}}
{"target": -281.32199205536784, "params": {"k_pid_pos": [1.8922997940790476, 0.024859491386256316, 0.6250867496839783], "k_pid_alt": [1.1118827000593463, 0.0, 0.2589693005001422], "k_pid_att": [58.989274729095186, 5.859554809351448, 0.8612643910736462], "k_pid_yaw": [0.5, 1e-06, 0.1], "k_pid_hsp": [1.606987810134683, 0.8404660548178111, 0.38495788346769555], "k_pid_vsp": [146.08178391043788, 130.53254854158118, 1.0]}, "datetime": {"datetime": "2025-08-21 19:19:24", "elapsed": 38081.147891283035, "delta": 19.153920888900757}, "costs": {"total_cost": 281.32199205536784, "time_cost": 77.784, "final_distance_cost": 1.8333820517192174, "oscillation_cost": 125.60079235192092, "completition_cost": 0.0, "overshoot_cost": 52.50518815329909, "power_cost": 11.959600451660156, "noise_cost": 11.63902904676844, "n_waypoints_completed": 9, "tot_waypoints": 9}}
