{"target": -183.14144226069874, "params": {"k_pid_pos": [1.8922997940790476, 0.024859491386256316, 0.6250867496839783], "k_pid_alt": [1.1098775236402525, 0.0, 0.1576465649121419], "k_pid_att": [58.989274729095186, 5.859554809351448, 0.73590781336997], "k_pid_yaw": [0.5, 1e-06, 0.1], "k_pid_hsp": [1.606987810134683, 0.1531003758033771, 0.01], "k_pid_vsp": [110.56511661686339, 130.53254854158118, 1.0]}, "datetime": {"datetime": "2025-08-21 17:53:34", "elapsed": 32931.227414608, "delta": 15.529913187026978}, "costs": {"total_cost": 183.14144226069874, "time_cost": 69.21600000000001, "final_distance_cost": 1.8268533660520303, "oscillation_cost": 38.89277391582221, "completition_cost": 0.0, "overshoot_cost": 49.47778500179034, "power_cost": 12.296744677734376, "noise_cost": 11.431285299299779, "n_waypoints_completed": 9, "tot_waypoints": 9}}
{"target": -180.11308293790904, "params": {"k_pid_pos": [1.8922997940790476, 0.024859491386256316, 0.6250867496839783], "k_pid_alt": [1.1098775236402525, 0.0, 0.1576465649121419], "k_pid_att": [11.329609997636037, 6.043751783864618, 0.73590781336997], "k_pid_yaw": [0.5, 1e-06, 0.1], "k_pid_hsp": [1.606987810134683, 0.1531003758033771, 0.01], "k_pid_vsp": [110.56511661686339, 59.083466427248936, 1.0]}, "datetime": {"datetime": "2025-08-21 17:53:52", "elapsed": 32948.82666039467, "delta": 17.59924578666687}, "costs": {"total_cost": 180.11308293790904, "time_cost": 68.768, "final_distance_cost": 1.820788990993251, "oscillation_cost": 40.916568249276935, "completition_cost": 0.0, "overshoot_cost": 49.42194843222598, "power_cost": 9.495093627929688, "noise_cost": 9.690683637483161, "n_waypoints_completed": 9, "tot_waypoints": 9}}
{"target": -187.61358550858557, "params": {"k_pid_pos": [1.8922997940790476, 0.024859491386256316, 0.6250867496839783], "k_pid_alt": [1.1098775236402525, 0.0, 0.1576465649121419], "k_pid_att": [58.989274729095186, 5.859554809351448, 0.73590781336997], "k_pid_yaw": [0.5, 1e-06, 0.1], "k_pid_hsp": [1.606987810134683, 0.1531003758033771, 0.01], "k_pid_vsp": [110.56511661686339, 59.083466427248936, 1.0]}, "datetime": {"datetime": "2025-08-21 17:54:08", "elapsed": 32964.62622833252, "delta": 15.799567937850952}, "costs": {"total_cost": 187.61358550858557, "time_cost": 69.632, "final_distance_cost": 1.826595509778324, "oscillation_cost": 39.419705613942185, "completition_cost": 0.0, "overshoot_cost": 50.307012943293174, "power_cost": 14.088784631347657, "noise_cost": 12.339486810224225, "n_waypoints_completed": 9, "tot_waypoints": 9}}
{"target": -195.13769283807997, "params": {"k_pid_pos": [1.8922997940790476, 0.024859491386256316, 0.8672549058211023], "k_pid_alt": [1.6319753356852484, 0.0, 0.1576465649121419], "k_pid_att": [92.532430894659, 7.216224919590021, 0.73590781336997], "k_pid_yaw": [0.5, 1e-06, 0.1], "k_pid_hsp": [1.606987810134683, 0.8100843395034236, 0.01], "k_pid_vsp": [110.56511661686339, 48.32284493102569, 1.0]}, "datetime": {"datetime": "2025-08-21 17:54:25", "elapsed": 32981.89225935936, "delta": 17.26603102684021}, "costs": {"total_cost": 195.13769283807997, "time_cost": 69.76, "final_distance_cost": 1.8385654381431407, "oscillation_cost": 48.212145121281814, "completition_cost": 0.0, "overshoot_cost": 50.752079131586974, "power_cost": 12.756797387695313, "noise_cost": 11.818105759372703, "n_waypoints_completed": 9, "tot_waypoints": 9}}
{"target": -204.50680131166874, "params": {"k_pid_pos": [1.8922997940790476, 0.024859491386256316, 0.6250867496839783], "k_pid_alt": [1.1098775236402525, 0.0, 0.04765230386150865], "k_pid_att": [92.532430894659, 3.2931611945007657, 0.73590781336997], "k_pid_yaw": [0.5, 1e-06, 0.1], "k_pid_hsp": [1.606987810134683, 0.5286484062691404, 0.01], "k_pid_vsp": [110.56511661686339, 59.083466427248936, 1.0]}, "datetime": {"datetime": "2025-08-21 17:54:42", "elapsed": 32998.56204414368, "delta": 16.669784784317017}, "costs": {"total_cost": 204.50680131166874, "time_cost": 72.896, "final_distance_cost": 1.83059255230978, "oscillation_cost": 46.62150939383604, "completition_cost": 0.0, "overshoot_cost": 52.015636071043474, "power_cost": 17.241742810058593, "noise_cost": 13.901320484420872, "n_waypoints_completed": 9, "tot_waypoints": 9}}
{"target": -182.0217408130808, "params": {"k_pid_pos": [1.7411990865856197, 0.08329610310830193, 0.6250867496839783], "k_pid_alt": [1.1098775236402525, 0.0, 0.595216579879133], "k_pid_att": [52.211904611383375, 6.272448114604272, 0.73590781336997], "k_pid_yaw": [0.5, 1e-06, 0.1], "k_pid_hsp": [1.606987810134683, 0.1531003758033771, 0.01], "k_pid_vsp": [110.56511661686339, 59.083466427248936, 1.0]}, "datetime": {"datetime": "2025-08-21 17:54:59", "elapsed": 33015.5710170269, "delta": 17.008972883224487}, "costs": {"total_cost": 182.0217408130808, "time_cost": 71.248, "final_distance_cost": 1.8363562634565374, "oscillation_cost": 41.66371497180015, "completition_cost": 0.0, "overshoot_cost": 49.714699111436374, "power_cost": 8.405714990234376, "noise_cost": 9.153255476153397, "n_waypoints_completed": 9, "tot_waypoints": 9}}
{"target": -203.6980341597511, "params": {"k_pid_pos": [1.8922997940790476, 0.024859491386256316, 0.6250867496839783], "k_pid_alt": [0.8511837275376319, 0.0, 0.014398680574380873], "k_pid_att": [58.989274729095186, 8.451705289372699, 0.73590781336997], "k_pid_yaw": [0.5, 1e-06, 0.1], "k_pid_hsp": [4.3372224232348895, 0.3095743154041969, 0.01], "k_pid_vsp": [110.56511661686339, 59.083466427248936, 1.0]}, "datetime": {"datetime": "2025-08-21 17:55:14", "elapsed": 33030.926059007645, "delta": 15.355041980743408}, "costs": {"total_cost": 203.6980341597511, "time_cost": 69.656, "final_distance_cost": 1.8274952072625998, "oscillation_cost": 62.85238236067403, "completition_cost": 0.0, "overshoot_cost": 49.71233825959196, "power_cost": 9.63960369873047, "noise_cost": 10.01021463349208, "n_waypoints_completed": 9, "tot_waypoints": 9}}
{"target": -214.8406781827459, "params": {"k_pid_pos": [1.8922997940790476, 0.024859491386256316, 0.6250867496839783], "k_pid_alt": [1.1098775236402525, 0.6593059046539728, 0.1576465649121419], "k_pid_att": [58.989274729095186, 5.859554809351448, 0.73590781336997], "k_pid_yaw": [0.5, 1e-06, 0.1], "k_pid_hsp": [1.606987810134683, 0.1531003758033771, 0.01], "k_pid_vsp": [317.72943350442205, 130.53254854158118, 1.0]}, "datetime": {"datetime": "2025-08-21 17:55:33", "elapsed": 33050.32540202141, "delta": 19.399343013763428}, "costs": {"total_cost": 214.8406781827459, "time_cost": 80.328, "final_distance_cost": 1.8046221137714646, "oscillation_cost": 55.74027392308932, "completition_cost": 0.0, "overshoot_cost": 51.96616737945064, "power_cost": 13.079723828125001, "noise_cost": 11.921890938309511, "n_waypoints_completed": 9, "tot_waypoints": 9}}
{"target": -330.12435987368735, "params": {"k_pid_pos": [1.7411990865856197, 0.08329610310830193, 0.6250867496839783], "k_pid_alt": [1.1098775236402525, 0.0, 0.1576465649121419], "k_pid_att": [11.329609997636037, 3.4126860594551975, 0.73590781336997], "k_pid_yaw": [0.5, 1e-06, 0.1], "k_pid_hsp": [1.606987810134683, 0.1531003758033771, 0.7372445000455273], "k_pid_vsp": [110.56511661686339, 59.083466427248936, 1.0]}, "datetime": {"datetime": "2025-08-21 17:55:52", "elapsed": 33068.9300634861, "delta": 18.604661464691162}, "costs": {"total_cost": 330.12435987368735, "time_cost": 78.952, "final_distance_cost": 1.768915320479668, "oscillation_cost": 167.75475711021568, "completition_cost": 0.0, "overshoot_cost": 53.540622795149275, "power_cost": 14.588088635253907, "noise_cost": 13.519976012588877, "n_waypoints_completed": 9, "tot_waypoints": 9}}
{"target": -186.55610501642977, "params": {"k_pid_pos": [1.8922997940790476, 0.024859491386256316, 0.6250867496839783], "k_pid_alt": [0.8511837275376319, 0.0, 0.014398680574380873], "k_pid_att": [58.989274729095186, 8.451705289372699, 0.73590781336997], "k_pid_yaw": [0.5, 1e-06, 0.1], "k_pid_hsp": [4.3372224232348895, 0.3095743154041969, 0.01], "k_pid_vsp": [110.56511661686339, 59.083466427248936, 1.0]}, "datetime": {"datetime": "2025-08-21 17:56:09", "elapsed": 33086.07682800293, "delta": 17.146764516830444}, "costs": {"total_cost": 186.55610501642977, "time_cost": 70.264, "final_distance_cost": 1.8306595993028432, "oscillation_cost": 40.799170306732044, "completition_cost": 0.0, "overshoot_cost": 49.94699094192329, "power_cost": 12.354828125000001, "noise_cost": 11.360456043471562, "n_waypoints_completed": 9, "tot_waypoints": 9}}
{"target": -192.38948984386684, "params": {"k_pid_pos": [1.8922997940790476, 0.024859491386256316, 0.6250867496839783], "k_pid_alt": [0.8968227290295414, 0.0, 0.1576465649121419], "k_pid_att": [11.329609997636037, 6.043751783864618, 0.73590781336997], "k_pid_yaw": [0.5, 1e-06, 0.1], "k_pid_hsp": [1.606987810134683, 0.1531003758033771, 0.01], "k_pid_vsp": [110.56511661686339, 59.083466427248936, 1.0]}, "datetime": {"datetime": "2025-08-21 17:56:25", "elapsed": 33102.199383974075, "delta": 16.12255597114563}, "costs": {"total_cost": 192.38948984386684, "time_cost": 70.83200000000001, "final_distance_cost": 1.8326717405842021, "oscillation_cost": 41.033309163490706, "completition_cost": 0.0, "overshoot_cost": 49.97212652581768, "power_cost": 15.809936083984375, "noise_cost": 12.909446329989855, "n_waypoints_completed": 9, "tot_waypoints": 9}}
{"target": -189.598115872676, "params": {"k_pid_pos": [1.8034346552870686, 0.08087462101852438, 0.6250867496839783], "k_pid_alt": [1.6319753356852484, 0.0, 0.1576465649121419], "k_pid_att": [58.989274729095186, 1.9360914828558924, 0.12678522794134206], "k_pid_yaw": [0.5, 1e-06, 0.1], "k_pid_hsp": [1.606987810134683, 0.30538356757589824, 0.01], "k_pid_vsp": [110.56511661686339, 59.083466427248936, 1.0]}, "datetime": {"datetime": "2025-08-21 17:56:42", "elapsed": 33118.7263917923, "delta": 16.527007818222046}, "costs": {"total_cost": 189.598115872676, "time_cost": 68.536, "final_distance_cost": 1.8303145869667354, "oscillation_cost": 46.396417477986724, "completition_cost": 0.0, "overshoot_cost": 49.75136895738716, "power_cost": 11.864687670898437, "noise_cost": 11.219327179436924, "n_waypoints_completed": 9, "tot_waypoints": 9}}
{"target": -181.35173573746698, "params": {"k_pid_pos": [1.8922997940790476, 0.024859491386256316, 0.6250867496839783], "k_pid_alt": [1.1928857943257507, 0.0, 0.1576465649121419], "k_pid_att": [11.329609997636037, 6.043751783864618, 0.73590781336997], "k_pid_yaw": [0.5, 1e-06, 0.1], "k_pid_hsp": [1.606987810134683, 0.1531003758033771, 0.01], "k_pid_vsp": [110.56511661686339, 59.083466427248936, 1.0]}, "datetime": {"datetime": "2025-08-21 17:56:58", "elapsed": 33134.672447919846, "delta": 15.946056127548218}, "costs": {"total_cost": 181.35173573746698, "time_cost": 68.384, "final_distance_cost": 1.815174336356293, "oscillation_cost": 41.6136474482028, "completition_cost": 0.0, "overshoot_cost": 49.27877037214667, "power_cost": 10.205542553710938, "noise_cost": 10.054601027050298, "n_waypoints_completed": 9, "tot_waypoints": 9}}
{"target": -193.6310656391031, "params": {"k_pid_pos": [1.8034346552870686, 0.08087462101852438, 0.6250867496839783], "k_pid_alt": [0.7503000084241305, 0.0, 0.1576465649121419], "k_pid_att": [11.246502653247227, 8.528454206396269, 0.73590781336997], "k_pid_yaw": [0.5, 1e-06, 0.1], "k_pid_hsp": [1.3337113251841335, 0.3095743154041969, 0.01], "k_pid_vsp": [110.56511661686339, 59.083466427248936, 1.0]}, "datetime": {"datetime": "2025-08-21 17:57:15", "elapsed": 33151.9829056263, "delta": 17.310457706451416}, "costs": {"total_cost": 193.6310656391031, "time_cost": 71.776, "final_distance_cost": 1.8248202575138215, "oscillation_cost": 44.42811751253666, "completition_cost": 0.0, "overshoot_cost": 49.47428192218937, "power_cost": 13.961717492675781, "noise_cost": 12.166128454187472, "n_waypoints_completed": 9, "tot_waypoints": 9}}
{"target": -237.10185151393213, "params": {"k_pid_pos": [1.8922997940790476, 0.024859491386256316, 0.6250867496839783], "k_pid_alt": [1.6319753356852484, 0.0, 0.014398680574380873], "k_pid_att": [58.989274729095186, 4.633477034214585, 0.73590781336997], "k_pid_yaw": [0.5, 1e-06, 0.1], "k_pid_hsp": [1.606987810134683, 0.1531003758033771, 0.01], "k_pid_vsp": [80.33785635579704, 250.21609499067577, 1.0]}, "datetime": {"datetime": "2025-08-21 17:57:35", "elapsed": 33171.68015289307, "delta": 19.69724726676941}, "costs": {"total_cost": 237.10185151393213, "time_cost": 84.112, "final_distance_cost": 1.8114082729181054, "oscillation_cost": 45.15856403099867, "completition_cost": 0.0, "overshoot_cost": 62.32374768155675, "power_cost": 23.22369923095703, "noise_cost": 20.47243229750156, "n_waypoints_completed": 9, "tot_waypoints": 9}}
{"target": -183.1484012899425, "params": {"k_pid_pos": [1.8922997940790476, 0.024859491386256316, 0.6250867496839783], "k_pid_alt": [0.8511837275376319, 0.0, 0.014398680574380873], "k_pid_att": [12.665511903358361, 8.451705289372699, 0.8267899093225144], "k_pid_yaw": [0.5, 1e-06, 0.1], "k_pid_hsp": [3.8165853135157835, 0.3095743154041969, 0.01], "k_pid_vsp": [110.56511661686339, 59.083466427248936, 1.0]}, "datetime": {"datetime": "2025-08-21 17:57:51", "elapsed": 33187.745579481125, "delta": 16.06542658805847}, "costs": {"total_cost": 183.1484012899425, "time_cost": 69.544, "final_distance_cost": 1.8230607090186162, "oscillation_cost": 43.25003445984984, "completition_cost": 0.0, "overshoot_cost": 48.97883935054384, "power_cost": 9.744172497558594, "noise_cost": 9.80829427297162, "n_waypoints_completed": 9, "tot_waypoints": 9}}
{"target": -181.51757169127058, "params": {"k_pid_pos": [1.8922997940790476, 0.024859491386256316, 0.6250867496839783], "k_pid_alt": [1.9160597436741602, 0.0, 0.1576465649121419], "k_pid_att": [58.989274729095186, 5.859554809351448, 0.73590781336997], "k_pid_yaw": [0.5, 1e-06, 0.1], "k_pid_hsp": [1.606987810134683, 0.1531003758033771, 0.01], "k_pid_vsp": [110.56511661686339, 130.53254854158118, 1.0]}, "datetime": {"datetime": "2025-08-21 17:58:07", "elapsed": 33203.69377326965, "delta": 15.948193788528442}, "costs": {"total_cost": 181.51757169127058, "time_cost": 68.584, "final_distance_cost": 1.8287783779135087, "oscillation_cost": 40.555516121233545, "completition_cost": 0.0, "overshoot_cost": 49.36978837208647, "power_cost": 10.730048449707033, "noise_cost": 10.449440370330013, "n_waypoints_completed": 9, "tot_waypoints": 9}}
{"target": -195.5496932932015, "params": {"k_pid_pos": [1.8034346552870686, 0.08087462101852438, 0.15504459629470158], "k_pid_alt": [0.7503000084241305, 0.0, 0.1576465649121419], "k_pid_att": [58.989274729095186, 5.859554809351448, 0.73590781336997], "k_pid_yaw": [0.5, 1e-06, 0.1], "k_pid_hsp": [1.606987810134683, 0.1531003758033771, 0.01], "k_pid_vsp": [110.56511661686339, 59.083466427248936, 1.0]}, "datetime": {"datetime": "2025-08-21 17:58:24", "elapsed": 33221.26927995682, "delta": 17.575506687164307}, "costs": {"total_cost": 195.5496932932015, "time_cost": 73.19200000000001, "final_distance_cost": 1.812514708469926, "oscillation_cost": 47.363758840967705, "completition_cost": 0.0, "overshoot_cost": 49.79528909192935, "power_cost": 12.19228885498047, "noise_cost": 11.193841796854054, "n_waypoints_completed": 9, "tot_waypoints": 9}}
{"target": -341.27491494196073, "params": {"k_pid_pos": [1.8922997940790476, 0.024859491386256316, 0.6250867496839783], "k_pid_alt": [1.1098775236402525, 0.0, 0.1576465649121419], "k_pid_att": [58.989274729095186, 5.859554809351448, 0.73590781336997], "k_pid_yaw": [0.5, 1e-06, 0.1], "k_pid_hsp": [1.606987810134683, 0.1531003758033771, 0.7672277833605256], "k_pid_vsp": [110.56511661686339, 250.21609499067577, 1.0]}, "datetime": {"datetime": "2025-08-21 17:58:42", "elapsed": 33239.14232420921, "delta": 17.87304425239563}, "costs": {"total_cost": 341.27491494196073, "time_cost": 76.776, "final_distance_cost": 1.7509534534036555, "oscillation_cost": 180.7769415217255, "completition_cost": 0.0, "overshoot_cost": 53.47022708822994, "power_cost": 15.280667736816406, "noise_cost": 13.220125141785282, "n_waypoints_completed": 9, "tot_waypoints": 9}}
{"target": -266.988165016004, "params": {"k_pid_pos": [1.8922997940790476, 0.024859491386256316, 0.6250867496839783], "k_pid_alt": [1.6319753356852484, 0.7740757290553824, 0.1576465649121419], "k_pid_att": [58.989274729095186, 7.855774821596054, 0.4604679356383715], "k_pid_yaw": [0.5, 1e-06, 0.1], "k_pid_hsp": [9.086286773106698, 0.3095743154041969, 0.01], "k_pid_vsp": [110.56511661686339, 59.083466427248936, 1.0]}, "datetime": {"datetime": "2025-08-21 17:59:00", "elapsed": 33257.144493579865, "delta": 18.002169370651245}, "costs": {"total_cost": 266.988165016004, "time_cost": 75.168, "final_distance_cost": 1.7522237457638388, "oscillation_cost": 115.53719396000558, "completition_cost": 0.0, "overshoot_cost": 50.71327731416848, "power_cost": 12.553976379394532, "noise_cost": 11.263493616671589, "n_waypoints_completed": 9, "tot_waypoints": 9}}
{"target": -193.59149687140567, "params": {"k_pid_pos": [1.8922997940790476, 0.024859491386256316, 0.6250867496839783], "k_pid_alt": [0.8511837275376319, 0.0, 0.014398680574380873], "k_pid_att": [58.989274729095186, 8.451705289372699, 0.73590781336997], "k_pid_yaw": [0.5, 1e-06, 0.1], "k_pid_hsp": [4.3372224232348895, 0.3095743154041969, 0.01], "k_pid_vsp": [110.56511661686339, 304.1795245652576, 1.0]}, "datetime": {"datetime": "2025-08-21 17:59:17", "elapsed": 33273.93507671356, "delta": 16.79058313369751}, "costs": {"total_cost": 193.59149687140567, "time_cost": 70.016, "final_distance_cost": 1.8304566833191853, "oscillation_cost": 51.6144445623836, "completition_cost": 0.0, "overshoot_cost": 49.135359132381986, "power_cost": 10.613355590820314, "noise_cost": 10.381880902500587, "n_waypoints_completed": 9, "tot_waypoints": 9}}
{"target": -181.33071773992828, "params": {"k_pid_pos": [1.8922997940790476, 0.024859491386256316, 0.6250867496839783], "k_pid_alt": [1.1098775236402525, 0.0, 0.5405957282041112], "k_pid_att": [25.463483275157817, 5.859554809351448, 0.73590781336997], "k_pid_yaw": [0.5, 1e-06, 0.1], "k_pid_hsp": [1.606987810134683, 0.1531003758033771, 0.01], "k_pid_vsp": [110.56511661686339, 59.083466427248936, 1.0]}, "datetime": {"datetime": "2025-08-21 17:59:33", "elapsed": 33290.38654065132, "delta": 16.4514639377594}, "costs": {"total_cost": 181.33071773992828, "time_cost": 70.648, "final_distance_cost": 1.8147979541979233, "oscillation_cost": 38.030466847553676, "completition_cost": 0.0, "overshoot_cost": 49.711634598406945, "power_cost": 10.626691296386719, "noise_cost": 10.499127043383014, "n_waypoints_completed": 9, "tot_waypoints": 9}}
{"target": -219.95592663636984, "params": {"k_pid_pos": [1.8034346552870686, 0.2836793541084326, 0.6250867496839783], "k_pid_alt": [1.6319753356852484, 0.6742641001630488, 0.1576465649121419], "k_pid_att": [10.144412392664826, 5.859554809351448, 0.73590781336997], "k_pid_yaw": [0.5, 1e-06, 0.1], "k_pid_hsp": [1.606987810134683, 0.30538356757589824, 0.01], "k_pid_vsp": [110.56511661686339, 6.65134314787687, 1.0]}, "datetime": {"datetime": "2025-08-21 17:59:53", "elapsed": 33310.32627391815, "delta": 19.939733266830444}, "costs": {"total_cost": 219.95592663636984, "time_cost": 83.456, "final_distance_cost": 1.7715034809157908, "oscillation_cost": 55.87740044358352, "completition_cost": 0.0, "overshoot_cost": 51.71765707685488, "power_cost": 14.573005212402345, "noise_cost": 12.56036042261331, "n_waypoints_completed": 9, "tot_waypoints": 9}}
{"target": -187.6435552560959, "params": {"k_pid_pos": [1.8922997940790476, 0.00338214545638138, 0.5215242577869234], "k_pid_alt": [1.5967479783170597, 0.0, 0.1576465649121419], "k_pid_att": [92.532430894659, 3.2931611945007657, 0.73590781336997], "k_pid_yaw": [0.5, 1e-06, 0.1], "k_pid_hsp": [1.1779218432282734, 0.30538356757589824, 0.01], "k_pid_vsp": [110.56511661686339, 59.083466427248936, 1.0]}, "datetime": {"datetime": "2025-08-21 18:00:10", "elapsed": 33327.21707415581, "delta": 16.89080023765564}, "costs": {"total_cost": 187.6435552560959, "time_cost": 68.21600000000001, "final_distance_cost": 1.8115429627688748, "oscillation_cost": 44.816675707017055, "completition_cost": 0.0, "overshoot_cost": 50.118869699974695, "power_cost": 11.591617883300781, "noise_cost": 11.088849003034511, "n_waypoints_completed": 9, "tot_waypoints": 9}}
{"target": -198.28693628261678, "params": {"k_pid_pos": [1.8922997940790476, 0.024859491386256316, 0.6250867496839783], "k_pid_alt": [0.8511837275376319, 0.0, 0.014398680574380873], "k_pid_att": [58.989274729095186, 8.451705289372699, 0.73590781336997], "k_pid_yaw": [0.5, 1e-06, 0.1], "k_pid_hsp": [4.3372224232348895, 0.3095743154041969, 0.01], "k_pid_vsp": [110.56511661686339, 187.02738271361417, 1.0]}, "datetime": {"datetime": "2025-08-21 18:00:26", "elapsed": 33342.85857486725, "delta": 15.64150071144104}, "costs": {"total_cost": 198.28693628261678, "time_cost": 69.76, "final_distance_cost": 1.8109608849402574, "oscillation_cost": 55.54171159442186, "completition_cost": 0.0, "overshoot_cost": 49.14851690354834, "power_cost": 11.189442382812501, "noise_cost": 10.83630451689382, "n_waypoints_completed": 9, "tot_waypoints": 9}}
{"target": -224.15016210216385, "params": {"k_pid_pos": [1.8922997940790476, 0.024859491386256316, 0.6250867496839783], "k_pid_alt": [1.1098775236402525, 0.27282343391549047, 0.1576465649121419], "k_pid_att": [58.989274729095186, 5.859554809351448, 0.73590781336997], "k_pid_yaw": [0.5, 1e-06, 0.1], "k_pid_hsp": [1.606987810134683, 0.1531003758033771, 0.01], "k_pid_vsp": [110.56511661686339, 59.083466427248936, 1.0]}, "datetime": {"datetime": "2025-08-21 18:00:46", "elapsed": 33363.056759119034, "delta": 20.19818425178528}, "costs": {"total_cost": 224.15016210216385, "time_cost": 83.848, "final_distance_cost": 1.7782256915816697, "oscillation_cost": 51.09564747476994, "completition_cost": 0.0, "overshoot_cost": 52.69562935723726, "power_cost": 19.482962329101564, "noise_cost": 15.249697249473428, "n_waypoints_completed": 9, "tot_waypoints": 9}}
