{"target": -185.7861570014906, "params": {"k_pid_pos": [1.8922997940790476, 0.08976672005448583, 0.42495672118777295], "k_pid_alt": [1.3427773022103757, 0.0, 0.1576465649121419], "k_pid_att": [18.808039200177152, 1.4953935029224072, 0.9808211468183533], "k_pid_yaw": [0.5, 1e-06, 0.1], "k_pid_hsp": [1.606987810134683, 0.6903644518542994, 0.01], "k_pid_vsp": [110.56511661686339, 130.53254854158118, 1.0]}, "datetime": {"datetime": "2025-08-21 19:50:48", "elapsed": 39965.44124889374, "delta": 15.420284032821655}, "costs": {"total_cost": 185.7861570014906, "time_cost": 68.128, "final_distance_cost": 1.8024749569504204, "oscillation_cost": 48.359828387978936, "completition_cost": 0.0, "overshoot_cost": 49.31914311551181, "power_cost": 8.948889379882813, "noise_cost": 9.227821161166611, "n_waypoints_completed": 9, "tot_waypoints": 9}}
{"target": -209.48456706307374, "params": {"k_pid_pos": [1.2291269948485064, 0.024859491386256316, 0.6250867496839783], "k_pid_alt": [1.85112020821355, 0.4149186621504757, 0.1576465649121419], "k_pid_att": [58.989274729095186, 5.859554809351448, 0.9808211468183533], "k_pid_yaw": [0.5, 1e-06, 0.1], "k_pid_hsp": [1.606987810134683, 0.08333843891839088, 0.01], "k_pid_vsp": [205.46647479918613, 130.53254854158118, 1.0]}, "datetime": {"datetime": "2025-08-21 19:51:09", "elapsed": 39986.13459730148, "delta": 20.69334840774536}, "costs": {"total_cost": 209.48456706307374, "time_cost": 82.768, "final_distance_cost": 1.794390534685908, "oscillation_cost": 44.39728046111287, "completition_cost": 0.0, "overshoot_cost": 50.97595199719756, "power_cost": 16.028807543945312, "noise_cost": 13.520136526132097, "n_waypoints_completed": 9, "tot_waypoints": 9}}
{"target": -200.14339844562872, "params": {"k_pid_pos": [1.8922997940790476, 0.570190449532882, 0.6250867496839783], "k_pid_alt": [1.7485197016556397, 0.0, 0.8464395625348557], "k_pid_att": [58.989274729095186, 4.819059953965517, 0.6502564009774173], "k_pid_yaw": [0.5, 1e-06, 0.1], "k_pid_hsp": [1.606987810134683, 0.08333843891839088, 0.01], "k_pid_vsp": [110.56511661686339, 130.53254854158118, 1.0]}, "datetime": {"datetime": "2025-08-21 19:51:27", "elapsed": 40004.24494743347, "delta": 18.110350131988525}, "costs": {"total_cost": 200.14339844562872, "time_cost": 77.616, "final_distance_cost": 1.760933571334756, "oscillation_cost": 43.29673450161516, "completition_cost": 0.0, "overshoot_cost": 51.847760385402225, "power_cost": 13.459471118164062, "noise_cost": 12.162498869112516, "n_waypoints_completed": 9, "tot_waypoints": 9}}
{"target": -193.05878037351692, "params": {"k_pid_pos": [1.2291269948485064, 0.024859491386256316, 0.6250867496839783], "k_pid_alt": [1.7988026916343176, 0.0, 0.1576465649121419], "k_pid_att": [70.32367692400724, 1.4953935029224072, 0.9808211468183533], "k_pid_yaw": [0.5, 1e-06, 0.1], "k_pid_hsp": [1.606987810134683, 0.6903644518542994, 0.01], "k_pid_vsp": [110.56511661686339, 291.9899918266388, 1.0]}, "datetime": {"datetime": "2025-08-21 19:51:47", "elapsed": 40023.574801921844, "delta": 19.329854488372803}, "costs": {"total_cost": 193.05878037351692, "time_cost": 70.336, "final_distance_cost": 1.8502894574398199, "oscillation_cost": 48.45143640286226, "completition_cost": 0.0, "overshoot_cost": 49.7891134719604, "power_cost": 11.236973547363283, "noise_cost": 11.394967493891182, "n_waypoints_completed": 9, "tot_waypoints": 9}}
{"target": -196.15848945275775, "params": {"k_pid_pos": [0.897239302812397, 0.024859491386256316, 0.42495672118777295], "k_pid_alt": [1.85112020821355, 0.0, 0.1576465649121419], "k_pid_att": [58.989274729095186, 5.859554809351448, 0.9808211468183533], "k_pid_yaw": [0.5, 1e-06, 0.1], "k_pid_hsp": [1.606987810134683, 0.370582372053357, 0.01], "k_pid_vsp": [110.56511661686339, 130.53254854158118, 1.0]}, "datetime": {"datetime": "2025-08-21 19:52:04", "elapsed": 40040.78665280342, "delta": 17.211850881576538}, "costs": {"total_cost": 196.15848945275775, "time_cost": 75.47200000000001, "final_distance_cost": 1.850006899664691, "oscillation_cost": 43.240836302926844, "completition_cost": 0.0, "overshoot_cost": 49.94827198385243, "power_cost": 13.114629541015626, "noise_cost": 12.532744725298143, "n_waypoints_completed": 9, "tot_waypoints": 9}}
{"target": -182.2281553006885, "params": {"k_pid_pos": [1.8922997940790476, 0.024859491386256316, 0.5271164669865139], "k_pid_alt": [1.7035415647774235, 0.0, 0.5933646034205271], "k_pid_att": [58.989274729095186, 5.859554809351448, 0.9808211468183533], "k_pid_yaw": [0.5, 1e-06, 0.1], "k_pid_hsp": [2.957956300852597, 0.08333843891839088, 0.01], "k_pid_vsp": [110.56511661686339, 130.53254854158118, 1.0]}, "datetime": {"datetime": "2025-08-21 19:52:21", "elapsed": 40057.59266257286, "delta": 16.806009769439697}, "costs": {"total_cost": 182.2281553006885, "time_cost": 68.944, "final_distance_cost": 1.821871943808484, "oscillation_cost": 38.918158608764195, "completition_cost": 0.0, "overshoot_cost": 49.283553264465795, "power_cost": 12.04590946044922, "noise_cost": 11.214662023200813, "n_waypoints_completed": 9, "tot_waypoints": 9}}
{"target": -459.4274570466358, "params": {"k_pid_pos": [1.8922997940790476, 0.024859491386256316, 0.6250867496839783], "k_pid_alt": [1.1098775236402525, 0.0, 0.4058833002920509], "k_pid_att": [25.463483275157817, 1.4953935029224072, 0.3208883335954925], "k_pid_yaw": [0.5, 1e-06, 0.1], "k_pid_hsp": [1.606987810134683, 0.34972575943615614, 0.6821943249348869], "k_pid_vsp": [110.56511661686339, 130.53254854158118, 1.0]}, "datetime": {"datetime": "2025-08-21 19:52:43", "elapsed": 40080.416733026505, "delta": 22.8240704536438}, "costs": {"total_cost": 459.4274570466358, "time_cost": 97.616, "final_distance_cost": 1.7853648493408278, "oscillation_cost": 245.0216261508524, "completition_cost": 0.0, "overshoot_cost": 74.28093700441173, "power_cost": 21.3143978515625, "noise_cost": 19.4091311904684, "n_waypoints_completed": 9, "tot_waypoints": 9}}
{"target": -190.36742778139742, "params": {"k_pid_pos": [1.8922997940790476, 0.024859491386256316, 0.42495672118777295], "k_pid_alt": [1.85112020821355, 0.0, 0.1576465649121419], "k_pid_att": [58.989274729095186, 5.859554809351448, 0.9808211468183533], "k_pid_yaw": [0.5, 1e-06, 0.1], "k_pid_hsp": [1.606987810134683, 0.08333843891839088, 0.01], "k_pid_vsp": [86.62925229669689, 130.53254854158118, 1.0]}, "datetime": {"datetime": "2025-08-21 19:53:01", "elapsed": 40097.59766817093, "delta": 17.18093514442444}, "costs": {"total_cost": 190.36742778139742, "time_cost": 70.256, "final_distance_cost": 1.8179847583311968, "oscillation_cost": 40.059810324475784, "completition_cost": 0.0, "overshoot_cost": 50.66377731015369, "power_cost": 14.998486035156251, "noise_cost": 12.571369353280524, "n_waypoints_completed": 9, "tot_waypoints": 9}}
{"target": -177.78467540274272, "params": {"k_pid_pos": [1.8922997940790476, 0.024859491386256316, 0.42495672118777295], "k_pid_alt": [1.85112020821355, 0.0, 0.1576465649121419], "k_pid_att": [23.08752834258585, 4.077532668255645, 0.9808211468183533], "k_pid_yaw": [0.5, 1e-06, 0.1], "k_pid_hsp": [1.606987810134683, 0.08333843891839088, 0.01], "k_pid_vsp": [110.56511661686339, 130.53254854158118, 1.0]}, "datetime": {"datetime": "2025-08-21 19:53:17", "elapsed": 40113.993097782135, "delta": 16.395429611206055}, "costs": {"total_cost": 177.78467540274272, "time_cost": 67.504, "final_distance_cost": 1.804420692495445, "oscillation_cost": 41.642352200845906, "completition_cost": 0.0, "overshoot_cost": 49.74200558525713, "power_cost": 8.186260229492188, "noise_cost": 8.905636694652054, "n_waypoints_completed": 9, "tot_waypoints": 9}}
{"target": -178.8754562761356, "params": {"k_pid_pos": [1.8922997940790476, 0.024859491386256316, 0.42495672118777295], "k_pid_alt": [1.85112020821355, 0.0, 0.1576465649121419], "k_pid_att": [25.463483275157817, 1.1105074131954076, 0.73590781336997], "k_pid_yaw": [0.5, 1e-06, 0.1], "k_pid_hsp": [1.606987810134683, 0.08333843891839088, 0.01], "k_pid_vsp": [110.56511661686339, 130.53254854158118, 1.0]}, "datetime": {"datetime": "2025-08-21 19:53:33", "elapsed": 40129.8926923275, "delta": 15.89959454536438}, "costs": {"total_cost": 178.8754562761356, "time_cost": 67.768, "final_distance_cost": 1.792960554458158, "oscillation_cost": 41.28142994344768, "completition_cost": 0.0, "overshoot_cost": 49.86994589531124, "power_cost": 8.830474572753907, "noise_cost": 9.332645310164635, "n_waypoints_completed": 9, "tot_waypoints": 9}}
{"target": -182.72605357171892, "params": {"k_pid_pos": [1.8922997940790476, 0.0822904257601288, 0.6250867496839783], "k_pid_alt": [1.9160597436741602, 0.0, 0.1576465649121419], "k_pid_att": [58.989274729095186, 5.859554809351448, 0.73590781336997], "k_pid_yaw": [0.5, 1e-06, 0.1], "k_pid_hsp": [1.606987810134683, 0.32994361413805817, 0.01], "k_pid_vsp": [110.56511661686339, 130.53254854158118, 1.0]}, "datetime": {"datetime": "2025-08-21 19:53:51", "elapsed": 40147.57030105591, "delta": 17.677608728408813}, "costs": {"total_cost": 182.72605357171892, "time_cost": 68.464, "final_distance_cost": 1.822894422755044, "oscillation_cost": 38.68066824546843, "completition_cost": 0.0, "overshoot_cost": 49.73658252285779, "power_cost": 12.51603367919922, "noise_cost": 11.50587470143843, "n_waypoints_completed": 9, "tot_waypoints": 9}}
{"target": -236.84477924741918, "params": {"k_pid_pos": [0.897239302812397, 0.024859491386256316, 0.42495672118777295], "k_pid_alt": [1.85112020821355, 0.0, 0.1576465649121419], "k_pid_att": [58.989274729095186, 5.859554809351448, 0.23530941344510892], "k_pid_yaw": [0.5, 1e-06, 0.1], "k_pid_hsp": [7.052390903615432, 0.44917677628681074, 0.01], "k_pid_vsp": [291.03214645110495, 130.53254854158118, 1.0]}, "datetime": {"datetime": "2025-08-21 19:54:08", "elapsed": 40164.75398206711, "delta": 17.18368101119995}, "costs": {"total_cost": 236.84477924741918, "time_cost": 77.56, "final_distance_cost": 1.8456404382777924, "oscillation_cost": 71.03752527457175, "completition_cost": 0.0, "overshoot_cost": 51.89697735882746, "power_cost": 18.66650772705078, "noise_cost": 15.83812844869141, "n_waypoints_completed": 9, "tot_waypoints": 9}}
{"target": -691.368889417262, "params": {"k_pid_pos": [0.9774418867578677, 0.024859491386256316, 0.42495672118777295], "k_pid_alt": [0.9020104990244227, 0.0, 0.1576465649121419], "k_pid_att": [97.15749504346589, 1.1105074131954076, 0.73590781336997], "k_pid_yaw": [0.5, 1e-06, 0.1], "k_pid_hsp": [1.606987810134683, 0.08333843891839088, 0.01], "k_pid_vsp": [147.07576885869452, 130.53254854158118, 102.30476315159223]}, "datetime": {"datetime": "2025-08-21 19:54:32", "elapsed": 40188.87665891647, "delta": 24.122676849365234}, "costs": {"total_cost": 691.368889417262, "time_cost": 150, "final_distance_cost": 71.29708904713047, "oscillation_cost": 49.76348005382102, "completition_cost": 333.33333333333337, "overshoot_cost": 43.015305981480864, "power_cost": 26.13180078125, "noise_cost": 17.827880220246257, "n_waypoints_completed": 6, "tot_waypoints": 9}}
{"target": -185.07528229381694, "params": {"k_pid_pos": [1.8922997940790476, 0.024859491386256316, 0.42495672118777295], "k_pid_alt": [1.85112020821355, 0.0, 0.960182655307655], "k_pid_att": [58.989274729095186, 5.859554809351448, 0.9808211468183533], "k_pid_yaw": [0.5, 1e-06, 0.1], "k_pid_hsp": [1.606987810134683, 0.411800739936948, 0.01], "k_pid_vsp": [110.56511661686339, 130.53254854158118, 1.0]}, "datetime": {"datetime": "2025-08-21 19:54:48", "elapsed": 40204.5282433033, "delta": 15.651584386825562}, "costs": {"total_cost": 185.07528229381694, "time_cost": 69.008, "final_distance_cost": 1.8090324218368825, "oscillation_cost": 44.077760173230146, "completition_cost": 0.0, "overshoot_cost": 49.46301035392948, "power_cost": 10.517116235351564, "noise_cost": 10.200363109468888, "n_waypoints_completed": 9, "tot_waypoints": 9}}
{"target": -207.76945749526456, "params": {"k_pid_pos": [1.8922997940790476, 0.024859491386256316, 0.5701838247964224], "k_pid_alt": [1.5873271883648092, 0.4149186621504757, 0.1576465649121419], "k_pid_att": [10.85276784655954, 0.6665116933437144, 0.73590781336997], "k_pid_yaw": [0.5, 1e-06, 0.1], "k_pid_hsp": [1.606987810134683, 0.37916941300484885, 0.01], "k_pid_vsp": [343.8859856159743, 1.6985791875978455, 1.0]}, "datetime": {"datetime": "2025-08-21 19:55:06", "elapsed": 40223.136407375336, "delta": 18.608164072036743}, "costs": {"total_cost": 207.76945749526456, "time_cost": 77.64, "final_distance_cost": 1.783247616617568, "oscillation_cost": 51.541668726318576, "completition_cost": 0.0, "overshoot_cost": 52.07942198100636, "power_cost": 13.036363806152345, "noise_cost": 11.688755365169722, "n_waypoints_completed": 9, "tot_waypoints": 9}}
{"target": -239.4493227095098, "params": {"k_pid_pos": [1.8922997940790476, 0.99390075264368, 0.42495672118777295], "k_pid_alt": [1.1098775236402525, 0.0, 0.1576465649121419], "k_pid_att": [25.463483275157817, 1.4953935029224072, 0.3208883335954925], "k_pid_yaw": [0.5, 1e-06, 0.1], "k_pid_hsp": [1.606987810134683, 0.08333843891839088, 0.01], "k_pid_vsp": [110.56511661686339, 130.53254854158118, 1.0]}, "datetime": {"datetime": "2025-08-21 19:55:27", "elapsed": 40244.37443423271, "delta": 21.2380268573761}, "costs": {"total_cost": 239.4493227095098, "time_cost": 94.912, "final_distance_cost": 1.763116335346029, "oscillation_cost": 55.97939359422006, "completition_cost": 0.0, "overshoot_cost": 53.9153206852461, "power_cost": 17.892827954101563, "noise_cost": 14.986664140596037, "n_waypoints_completed": 9, "tot_waypoints": 9}}
{"target": -179.45064945198172, "params": {"k_pid_pos": [1.8922997940790476, 0.024859491386256316, 0.42495672118777295], "k_pid_alt": [1.85112020821355, 0.0, 0.1576465649121419], "k_pid_att": [23.08752834258585, 4.077532668255645, 0.9808211468183533], "k_pid_yaw": [0.5, 1e-06, 0.1], "k_pid_hsp": [1.606987810134683, 0.08333843891839088, 0.01], "k_pid_vsp": [110.56511661686339, 130.53254854158118, 1.0]}, "datetime": {"datetime": "2025-08-21 19:55:44", "elapsed": 40260.60382413864, "delta": 16.229389905929565}, "costs": {"total_cost": 179.45064945198172, "time_cost": 67.72, "final_distance_cost": 1.7848134099655295, "oscillation_cost": 40.621867995044525, "completition_cost": 0.0, "overshoot_cost": 49.96779974037156, "power_cost": 9.68140838623047, "noise_cost": 9.674759920369649, "n_waypoints_completed": 9, "tot_waypoints": 9}}
{"target": -233.3736561557263, "params": {"k_pid_pos": [1.8922997940790476, 0.9890946934323674, 0.42495672118777295], "k_pid_alt": [1.85112020821355, 0.0, 0.1576465649121419], "k_pid_att": [25.463483275157817, 1.1105074131954076, 0.73590781336997], "k_pid_yaw": [0.5, 1e-06, 0.1], "k_pid_hsp": [1.606987810134683, 0.08333843891839088, 0.01], "k_pid_vsp": [110.56511661686339, 130.53254854158118, 1.0]}, "datetime": {"datetime": "2025-08-21 19:56:05", "elapsed": 40282.40922117233, "delta": 21.805397033691406}, "costs": {"total_cost": 233.3736561557263, "time_cost": 95.304, "final_distance_cost": 1.692599168854621, "oscillation_cost": 55.489233213785745, "completition_cost": 0.0, "overshoot_cost": 54.57303925495085, "power_cost": 13.399601184082032, "noise_cost": 12.915183334053042, "n_waypoints_completed": 9, "tot_waypoints": 9}}
{"target": -203.6757497443236, "params": {"k_pid_pos": [1.8922997940790476, 0.024859491386256316, 0.5271164669865139], "k_pid_alt": [1.7035415647774235, 0.510422947647645, 0.5933646034205271], "k_pid_att": [58.989274729095186, 5.859554809351448, 0.9808211468183533], "k_pid_yaw": [0.5, 1e-06, 0.1], "k_pid_hsp": [2.957956300852597, 0.08333843891839088, 0.01], "k_pid_vsp": [110.56511661686339, 130.53254854158118, 1.0]}, "datetime": {"datetime": "2025-08-21 19:56:25", "elapsed": 40301.570685863495, "delta": 19.16146469116211}, "costs": {"total_cost": 203.6757497443236, "time_cost": 76.496, "final_distance_cost": 1.733872957586601, "oscillation_cost": 51.4084058086825, "completition_cost": 0.0, "overshoot_cost": 50.80984277157563, "power_cost": 11.962521838378906, "noise_cost": 11.265106368099982, "n_waypoints_completed": 9, "tot_waypoints": 9}}
{"target": -1209.482671445926, "params": {"k_pid_pos": [1.8922997940790476, 0.024859491386256316, 0.42495672118777295], "k_pid_alt": [1.85112020821355, 0.0, 0.1576465649121419], "k_pid_att": [25.463483275157817, 1.1105074131954076, 0.73590781336997], "k_pid_yaw": [0.5, 1e-06, 0.1], "k_pid_hsp": [1.606987810134683, 0.08333843891839088, 0.01], "k_pid_vsp": [110.56511661686339, 130.53254854158118, 156.11011667766687]}, "datetime": {"datetime": "2025-08-21 19:56:47", "elapsed": 40324.41365790367, "delta": 22.84297204017639}, "costs": {"total_cost": 1209.482671445926, "time_cost": 150, "final_distance_cost": 63.933600168065176, "oscillation_cost": 19.392176774467483, "completition_cost": 888.8888888888888, "overshoot_cost": 42.439847420497415, "power_cost": 26.130407434082034, "noise_cost": 18.697750759924972, "n_waypoints_completed": 1, "tot_waypoints": 9}}
{"target": -186.21649436422695, "params": {"k_pid_pos": [1.8922997940790476, 0.024859491386256316, 0.5271164669865139], "k_pid_alt": [1.3888149624867963, 0.0, 0.5933646034205271], "k_pid_att": [58.989274729095186, 5.859554809351448, 0.9808211468183533], "k_pid_yaw": [0.5, 1e-06, 0.1], "k_pid_hsp": [2.957956300852597, 0.08333843891839088, 0.01], "k_pid_vsp": [110.56511661686339, 130.53254854158118, 1.0]}, "datetime": {"datetime": "2025-08-21 19:57:05", "elapsed": 40342.020345687866, "delta": 17.606687784194946}, "costs": {"total_cost": 186.21649436422695, "time_cost": 69.664, "final_distance_cost": 1.8164188523667093, "oscillation_cost": 44.22524895618303, "completition_cost": 0.0, "overshoot_cost": 50.23054636405978, "power_cost": 10.124114562988282, "noise_cost": 10.15616562862913, "n_waypoints_completed": 9, "tot_waypoints": 9}}
{"target": -184.57550523202883, "params": {"k_pid_pos": [1.8922997940790476, 0.024859491386256316, 0.6250867496839783], "k_pid_alt": [1.1098775236402525, 0.0, 0.1576465649121419], "k_pid_att": [25.463483275157817, 1.1105074131954076, 0.73590781336997], "k_pid_yaw": [0.5, 1e-06, 0.1], "k_pid_hsp": [1.606987810134683, 0.08333843891839088, 0.01], "k_pid_vsp": [110.56511661686339, 130.53254854158118, 1.0]}, "datetime": {"datetime": "2025-08-21 19:57:21", "elapsed": 40358.081528663635, "delta": 16.061182975769043}, "costs": {"total_cost": 184.57550523202883, "time_cost": 69.336, "final_distance_cost": 1.8315899053817046, "oscillation_cost": 37.57090316138957, "completition_cost": 0.0, "overshoot_cost": 49.95921939846594, "power_cost": 13.813184375, "noise_cost": 12.064608391791642, "n_waypoints_completed": 9, "tot_waypoints": 9}}
{"target": -188.87430931153045, "params": {"k_pid_pos": [1.8922997940790476, 0.024859491386256316, 0.6250867496839783], "k_pid_alt": [1.1098775236402525, 0.0, 0.1576465649121419], "k_pid_att": [25.463483275157817, 1.1105074131954076, 0.73590781336997], "k_pid_yaw": [0.5, 1e-06, 0.1], "k_pid_hsp": [1.606987810134683, 0.032377942493985734, 0.01], "k_pid_vsp": [110.56511661686339, 130.53254854158118, 1.0]}, "datetime": {"datetime": "2025-08-21 19:57:38", "elapsed": 40374.530234098434, "delta": 16.448705434799194}, "costs": {"total_cost": 188.87430931153045, "time_cost": 70.176, "final_distance_cost": 1.8079327217928192, "oscillation_cost": 37.921605005606665, "completition_cost": 0.0, "overshoot_cost": 50.48435529123829, "power_cost": 15.539725354003908, "noise_cost": 12.94469093888875, "n_waypoints_completed": 9, "tot_waypoints": 9}}
{"target": -195.7829165384105, "params": {"k_pid_pos": [1.8922997940790476, 0.024859491386256316, 0.7313895513723639], "k_pid_alt": [0.5251660625838372, 0.0, 0.1576465649121419], "k_pid_att": [97.15749504346589, 1.1105074131954076, 0.73590781336997], "k_pid_yaw": [0.5, 1e-06, 0.1], "k_pid_hsp": [1.606987810134683, 0.08333843891839088, 0.01], "k_pid_vsp": [110.56511661686339, 130.53254854158118, 1.0]}, "datetime": {"datetime": "2025-08-21 19:57:56", "elapsed": 40393.324717998505, "delta": 18.79448390007019}, "costs": {"total_cost": 195.7829165384105, "time_cost": 76.968, "final_distance_cost": 1.8538385765764598, "oscillation_cost": 45.96789950989181, "completition_cost": 0.0, "overshoot_cost": 49.773904155045855, "power_cost": 10.603663537597656, "noise_cost": 10.615610759298713, "n_waypoints_completed": 9, "tot_waypoints": 9}}
{"target": -1405.0628707598028, "params": {"k_pid_pos": [0.6766360078800605, 0.0822904257601288, 0.6250867496839783], "k_pid_alt": [1.9160597436741602, 0.9190004771393835, 0.1576465649121419], "k_pid_att": [60.61652495710502, 9.874008014726847, 0.73590781336997], "k_pid_yaw": [0.5, 1e-06, 0.1], "k_pid_hsp": [1.606987810134683, 0.08333843891839088, 0.01], "k_pid_vsp": [110.56511661686339, 130.53254854158118, 371.2679100987427]}, "datetime": {"datetime": "2025-08-21 19:58:21", "elapsed": 40417.85769987106, "delta": 24.532981872558594}, "costs": {"total_cost": 1405.0628707598028, "time_cost": 150, "final_distance_cost": 0.9995858776863141, "oscillation_cost": 27.36572150576423, "completition_cost": 1000.0, "overshoot_cost": 116.6239362889654, "power_cost": 37.68620354003907, "noise_cost": 72.38742354734784, "n_waypoints_completed": 0, "tot_waypoints": 9}}
{"target": -1024.118451909105, "params": {"k_pid_pos": [1.8922997940790476, 0.024859491386256316, 0.42495672118777295], "k_pid_alt": [1.85112020821355, 0.0, 0.1576465649121419], "k_pid_att": [25.463483275157817, 1.1105074131954076, 0.73590781336997], "k_pid_yaw": [0.5, 1e-06, 0.1], "k_pid_hsp": [1.606987810134683, 0.08333843891839088, 0.01], "k_pid_vsp": [387.81499297641176, 130.53254854158118, 300.4825694663082]}, "datetime": {"datetime": "2025-08-21 19:58:44", "elapsed": 40440.629794836044, "delta": 22.77209496498108}, "costs": {"total_cost": 1024.118451909105, "time_cost": 150, "final_distance_cost": 52.3210244861877, "oscillation_cost": 32.95004254920973, "completition_cost": 666.6666666666667, "overshoot_cost": 74.84757607729789, "power_cost": 26.833289697265627, "noise_cost": 20.499852432477308, "n_waypoints_completed": 3, "tot_waypoints": 9}}
