{"target": -181.3474673682632, "params": {"k_pid_pos": [1.8922997940790476, 0.024859491386256316, 0.37255195504867966], "k_pid_alt": [1.9160597436741602, 0.0, 0.1576465649121419], "k_pid_att": [58.989274729095186, 5.859554809351448, 0.73590781336997], "k_pid_yaw": [0.5, 1e-06, 0.1], "k_pid_hsp": [1.606987810134683, 0.1531003758033771, 0.01], "k_pid_vsp": [110.56511661686339, 130.53254854158118, 1.0]}, "datetime": {"datetime": "2025-08-21 18:09:00", "elapsed": 33857.29842853546, "delta": 15.286216020584106}, "costs": {"total_cost": 181.3474673682632, "time_cost": 67.888, "final_distance_cost": 1.7987330099049905, "oscillation_cost": 41.81106023830533, "completition_cost": 0.0, "overshoot_cost": 49.88776935458316, "power_cost": 10.084948999023437, "noise_cost": 9.876955766446281, "n_waypoints_completed": 9, "tot_waypoints": 9}}
{"target": -185.58429560859116, "params": {"k_pid_pos": [1.8922997940790476, 0.024859491386256316, 0.6250867496839783], "k_pid_alt": [0.8511837275376319, 0.0, 0.014398680574380873], "k_pid_att": [58.989274729095186, 8.451705289372699, 0.73590781336997], "k_pid_yaw": [0.5, 1e-06, 0.1], "k_pid_hsp": [4.3372224232348895, 0.3095743154041969, 0.01], "k_pid_vsp": [66.77612754735902, 59.083466427248936, 1.0]}, "datetime": {"datetime": "2025-08-21 18:09:18", "elapsed": 33874.668620824814, "delta": 17.370192289352417}, "costs": {"total_cost": 185.58429560859116, "time_cost": 70.008, "final_distance_cost": 1.825848472754283, "oscillation_cost": 40.686158428545674, "completition_cost": 0.0, "overshoot_cost": 49.73659469198719, "power_cost": 12.065670373535157, "noise_cost": 11.26202364176885, "n_waypoints_completed": 9, "tot_waypoints": 9}}
{"target": -184.8322232542998, "params": {"k_pid_pos": [1.8922997940790476, 0.024859491386256316, 0.6250867496839783], "k_pid_alt": [0.8511837275376319, 0.0, 0.014398680574380873], "k_pid_att": [12.665511903358361, 8.451705289372699, 0.8267899093225144], "k_pid_yaw": [0.5, 1e-06, 0.1], "k_pid_hsp": [3.8165853135157835, 0.3095743154041969, 0.01], "k_pid_vsp": [110.56511661686339, 59.083466427248936, 1.0]}, "datetime": {"datetime": "2025-08-21 18:09:33", "elapsed": 33890.24398398399, "delta": 15.575363159179688}, "costs": {"total_cost": 184.8322232542998, "time_cost": 69.656, "final_distance_cost": 1.8327747918727275, "oscillation_cost": 43.11616390801841, "completition_cost": 0.0, "overshoot_cost": 49.08869081302997, "power_cost": 10.715477587890625, "noise_cost": 10.423116153488063, "n_waypoints_completed": 9, "tot_waypoints": 9}}
{"target": -1200.7514365745487, "params": {"k_pid_pos": [0.031108468473309878, 0.024859491386256316, 0.6250867496839783], "k_pid_alt": [0.8968227290295414, 0.0, 0.1576465649121419], "k_pid_att": [11.329609997636037, 6.043751783864618, 0.73590781336997], "k_pid_yaw": [0.5, 1e-06, 0.1], "k_pid_hsp": [1.606987810134683, 0.1531003758033771, 0.01], "k_pid_vsp": [110.56511661686339, 376.0461058565467, 1.0]}, "datetime": {"datetime": "2025-08-21 18:09:58", "elapsed": 33915.02285814285, "delta": 24.778874158859253}, "costs": {"total_cost": 1200.7514365745487, "time_cost": 150, "final_distance_cost": 60.378536182711095, "oscillation_cost": 4.3387903821950236, "completition_cost": 888.8888888888888, "overshoot_cost": 63.59953088699396, "power_cost": 18.235966271972657, "noise_cost": 15.3097239617872, "n_waypoints_completed": 1, "tot_waypoints": 9}}
{"target": -185.53523455897863, "params": {"k_pid_pos": [1.1018186029961792, 0.024859491386256316, 0.6250867496839783], "k_pid_alt": [1.9160597436741602, 0.0, 0.1576465649121419], "k_pid_att": [58.989274729095186, 5.859554809351448, 0.73590781336997], "k_pid_yaw": [0.5, 1e-06, 0.1], "k_pid_hsp": [1.606987810134683, 0.1531003758033771, 0.01], "k_pid_vsp": [110.56511661686339, 59.083466427248936, 1.0]}, "datetime": {"datetime": "2025-08-21 18:10:14", "elapsed": 33931.03048539162, "delta": 16.007627248764038}, "costs": {"total_cost": 185.53523455897863, "time_cost": 72.944, "final_distance_cost": 1.8523016225467595, "oscillation_cost": 42.59235577207215, "completition_cost": 0.0, "overshoot_cost": 49.719218789046835, "power_cost": 8.543487622070312, "noise_cost": 9.883870753242563, "n_waypoints_completed": 9, "tot_waypoints": 9}}
{"target": -198.051109682085, "params": {"k_pid_pos": [1.8922997940790476, 0.024859491386256316, 0.6250867496839783], "k_pid_alt": [1.9160597436741602, 0.0, 0.026638658667017756], "k_pid_att": [58.989274729095186, 5.859554809351448, 0.73590781336997], "k_pid_yaw": [0.5, 1e-06, 0.1], "k_pid_hsp": [1.606987810134683, 0.28262205542809105, 0.01], "k_pid_vsp": [110.56511661686339, 59.083466427248936, 1.0]}, "datetime": {"datetime": "2025-08-21 18:10:33", "elapsed": 33950.39704108238, "delta": 19.36655569076538}, "costs": {"total_cost": 198.051109682085, "time_cost": 70.656, "final_distance_cost": 1.8470292410531253, "oscillation_cost": 42.4973607631637, "completition_cost": 0.0, "overshoot_cost": 52.034707552175, "power_cost": 17.103952270507815, "noise_cost": 13.912059855185362, "n_waypoints_completed": 9, "tot_waypoints": 9}}
{"target": -187.80130032709954, "params": {"k_pid_pos": [1.8922997940790476, 0.024859491386256316, 0.6250867496839783], "k_pid_alt": [0.8511837275376319, 0.0, 0.014398680574380873], "k_pid_att": [12.665511903358361, 8.451705289372699, 0.8267899093225144], "k_pid_yaw": [0.5, 1e-06, 0.1], "k_pid_hsp": [3.8165853135157835, 0.915123765919971, 0.01], "k_pid_vsp": [110.56511661686339, 130.53254854158118, 1.0]}, "datetime": {"datetime": "2025-08-21 18:10:49", "elapsed": 33966.10901594162, "delta": 15.711974859237671}, "costs": {"total_cost": 187.80130032709954, "time_cost": 69.28, "final_distance_cost": 1.8343053963570737, "oscillation_cost": 48.55502183262823, "completition_cost": 0.0, "overshoot_cost": 49.11796854736417, "power_cost": 9.431613415527345, "noise_cost": 9.582391135222695, "n_waypoints_completed": 9, "tot_waypoints": 9}}
{"target": -184.68023217500098, "params": {"k_pid_pos": [1.8922997940790476, 0.024859491386256316, 0.6250867496839783], "k_pid_alt": [0.8968227290295414, 0.0, 0.1576465649121419], "k_pid_att": [11.329609997636037, 0.7630207001553703, 0.73590781336997], "k_pid_yaw": [0.5, 1e-06, 0.1], "k_pid_hsp": [1.606987810134683, 0.3095743154041969, 0.01], "k_pid_vsp": [110.56511661686339, 59.083466427248936, 1.0]}, "datetime": {"datetime": "2025-08-21 18:11:07", "elapsed": 33984.02692484856, "delta": 17.917908906936646}, "costs": {"total_cost": 184.68023217500098, "time_cost": 70.12, "final_distance_cost": 1.8035623678762047, "oscillation_cost": 41.39359008758227, "completition_cost": 0.0, "overshoot_cost": 49.71421249790794, "power_cost": 11.0578896484375, "noise_cost": 10.590977573197046, "n_waypoints_completed": 9, "tot_waypoints": 9}}
{"target": -181.26002440129105, "params": {"k_pid_pos": [1.8922997940790476, 0.024859491386256316, 0.6250867496839783], "k_pid_alt": [1.1098775236402525, 0.0, 0.1576465649121419], "k_pid_att": [58.989274729095186, 5.859554809351448, 0.73590781336997], "k_pid_yaw": [0.5, 1e-06, 0.1], "k_pid_hsp": [1.606987810134683, 0.1531003758033771, 0.01], "k_pid_vsp": [110.56511661686339, 130.53254854158118, 1.0]}, "datetime": {"datetime": "2025-08-21 18:11:22", "elapsed": 33999.24511766434, "delta": 15.21819281578064}, "costs": {"total_cost": 181.26002440129105, "time_cost": 68.904, "final_distance_cost": 1.816023485666056, "oscillation_cost": 40.78384263664301, "completition_cost": 0.0, "overshoot_cost": 49.2232492834455, "power_cost": 10.196600268554688, "noise_cost": 10.336308726981828, "n_waypoints_completed": 9, "tot_waypoints": 9}}
{"target": -183.58823291473433, "params": {"k_pid_pos": [1.8922997940790476, 0.024859491386256316, 0.37255195504867966], "k_pid_alt": [1.9160597436741602, 0.0, 0.1576465649121419], "k_pid_att": [58.989274729095186, 5.859554809351448, 0.73590781336997], "k_pid_yaw": [0.5, 1e-06, 0.1], "k_pid_hsp": [1.606987810134683, 0.1531003758033771, 0.01], "k_pid_vsp": [110.56511661686339, 130.53254854158118, 1.0]}, "datetime": {"datetime": "2025-08-21 18:11:40", "elapsed": 34016.5335021019, "delta": 17.288384437561035}, "costs": {"total_cost": 183.58823291473433, "time_cost": 68.24, "final_distance_cost": 1.810905448152667, "oscillation_cost": 42.62313580878925, "completition_cost": 0.0, "overshoot_cost": 50.42004825173399, "power_cost": 10.350402783203126, "noise_cost": 10.143740622855313, "n_waypoints_completed": 9, "tot_waypoints": 9}}
{"target": -188.3861403456047, "params": {"k_pid_pos": [1.8922997940790476, 0.024859491386256316, 0.6250867496839783], "k_pid_alt": [1.1098775236402525, 0.0, 0.1576465649121419], "k_pid_att": [11.329609997636037, 6.043751783864618, 0.73590781336997], "k_pid_yaw": [0.5, 1e-06, 0.1], "k_pid_hsp": [1.606987810134683, 0.1531003758033771, 0.01], "k_pid_vsp": [110.56511661686339, 59.083466427248936, 1.0]}, "datetime": {"datetime": "2025-08-21 18:11:55", "elapsed": 34032.290051460266, "delta": 15.75654935836792}, "costs": {"total_cost": 188.3861403456047, "time_cost": 69.184, "final_distance_cost": 1.8307380770710477, "oscillation_cost": 41.85788919686931, "completition_cost": 0.0, "overshoot_cost": 49.953627857639766, "power_cost": 13.656184924316406, "noise_cost": 11.903700289708189, "n_waypoints_completed": 9, "tot_waypoints": 9}}
{"target": -185.72050432138704, "params": {"k_pid_pos": [1.8922997940790476, 0.024859491386256316, 0.6250867496839783], "k_pid_alt": [1.1928857943257507, 0.0, 0.1576465649121419], "k_pid_att": [11.329609997636037, 5.859554809351448, 0.73590781336997], "k_pid_yaw": [0.5, 1e-06, 0.1], "k_pid_hsp": [1.606987810134683, 0.1531003758033771, 0.01], "k_pid_vsp": [110.56511661686339, 130.53254854158118, 1.0]}, "datetime": {"datetime": "2025-08-21 18:12:12", "elapsed": 34049.17858147621, "delta": 16.888530015945435}, "costs": {"total_cost": 185.72050432138704, "time_cost": 68.976, "final_distance_cost": 1.8348183077050646, "oscillation_cost": 40.981251345446395, "completition_cost": 0.0, "overshoot_cost": 49.49311489885232, "power_cost": 12.968418225097658, "noise_cost": 11.466901544285596, "n_waypoints_completed": 9, "tot_waypoints": 9}}
{"target": -186.93146281503869, "params": {"k_pid_pos": [1.8922997940790476, 0.024859491386256316, 0.37255195504867966], "k_pid_alt": [1.9160597436741602, 0.0, 0.1576465649121419], "k_pid_att": [21.562391753424215, 6.043751783864618, 0.73590781336997], "k_pid_yaw": [0.5, 1e-06, 0.1], "k_pid_hsp": [4.249544071986334, 0.1531003758033771, 0.01], "k_pid_vsp": [110.56511661686339, 59.083466427248936, 1.0]}, "datetime": {"datetime": "2025-08-21 18:12:28", "elapsed": 34064.75527834892, "delta": 15.576696872711182}, "costs": {"total_cost": 186.93146281503869, "time_cost": 68.208, "final_distance_cost": 1.8137648863213485, "oscillation_cost": 44.8329345348046, "completition_cost": 0.0, "overshoot_cost": 50.013232632371796, "power_cost": 11.302230334472657, "noise_cost": 10.761300427068273, "n_waypoints_completed": 9, "tot_waypoints": 9}}
{"target": -184.16028735404723, "params": {"k_pid_pos": [1.8922997940790476, 0.024859491386256316, 0.6250867496839783], "k_pid_alt": [0.8968227290295414, 0.0, 0.1576465649121419], "k_pid_att": [87.04919764154812, 0.7630207001553703, 0.73590781336997], "k_pid_yaw": [0.5, 1e-06, 0.1], "k_pid_hsp": [1.606987810134683, 0.1531003758033771, 0.01], "k_pid_vsp": [110.56511661686339, 59.083466427248936, 1.0]}, "datetime": {"datetime": "2025-08-21 18:12:45", "elapsed": 34081.955004930496, "delta": 17.199726581573486}, "costs": {"total_cost": 184.16028735404723, "time_cost": 70.28, "final_distance_cost": 1.8274652658941934, "oscillation_cost": 41.69616760586376, "completition_cost": 0.0, "overshoot_cost": 49.89423573679485, "power_cost": 10.159729675292969, "noise_cost": 10.302689070201453, "n_waypoints_completed": 9, "tot_waypoints": 9}}
{"target": -209.96426377672472, "params": {"k_pid_pos": [1.1018186029961792, 0.024859491386256316, 0.6250867496839783], "k_pid_alt": [1.9160597436741602, 0.0, 0.1576465649121419], "k_pid_att": [58.989274729095186, 2.352529590908416, 0.16608962520040438], "k_pid_yaw": [0.5, 1e-06, 0.1], "k_pid_hsp": [1.606987810134683, 0.3095743154041969, 0.01], "k_pid_vsp": [110.56511661686339, 59.083466427248936, 1.0]}, "datetime": {"datetime": "2025-08-21 18:13:02", "elapsed": 34099.17178320885, "delta": 17.21677827835083}, "costs": {"total_cost": 209.96426377672472, "time_cost": 76.184, "final_distance_cost": 1.8509457276493562, "oscillation_cost": 48.882359330348045, "completition_cost": 0.0, "overshoot_cost": 51.30381964989345, "power_cost": 17.085452966308594, "noise_cost": 14.657686102525274, "n_waypoints_completed": 9, "tot_waypoints": 9}}
{"target": -184.4611770878221, "params": {"k_pid_pos": [1.8922997940790476, 0.024859491386256316, 0.22876272759744842], "k_pid_alt": [1.1098775236402525, 0.0, 0.5405957282041112], "k_pid_att": [11.329609997636037, 2.39259846319054, 0.73590781336997], "k_pid_yaw": [0.5, 1e-06, 0.1], "k_pid_hsp": [1.606987810134683, 0.1531003758033771, 0.01], "k_pid_vsp": [90.20309817429433, 59.083466427248936, 1.0]}, "datetime": {"datetime": "2025-08-21 18:13:20", "elapsed": 34116.60536503792, "delta": 17.433581829071045}, "costs": {"total_cost": 184.4611770878221, "time_cost": 70.248, "final_distance_cost": 1.7940373327833576, "oscillation_cost": 41.83608370461339, "completition_cost": 0.0, "overshoot_cost": 48.98683205989897, "power_cost": 11.140099682617189, "noise_cost": 10.456124307909219, "n_waypoints_completed": 9, "tot_waypoints": 9}}
{"target": -185.28764471689746, "params": {"k_pid_pos": [1.8922997940790476, 0.024859491386256316, 0.6250867496839783], "k_pid_alt": [1.1098775236402525, 0.0, 0.1576465649121419], "k_pid_att": [25.463483275157817, 5.859554809351448, 0.73590781336997], "k_pid_yaw": [0.5, 1e-06, 0.1], "k_pid_hsp": [1.606987810134683, 0.1531003758033771, 0.01], "k_pid_vsp": [110.56511661686339, 59.083466427248936, 1.0]}, "datetime": {"datetime": "2025-08-21 18:13:35", "elapsed": 34132.37079882622, "delta": 15.76543378829956}, "costs": {"total_cost": 185.28764471689746, "time_cost": 69.416, "final_distance_cost": 1.8072145938242303, "oscillation_cost": 40.11731842668463, "completition_cost": 0.0, "overshoot_cost": 49.858032494351804, "power_cost": 12.600305114746094, "noise_cost": 11.48877408729068, "n_waypoints_completed": 9, "tot_waypoints": 9}}
{"target": -182.49068108075983, "params": {"k_pid_pos": [1.8922997940790476, 0.024859491386256316, 0.37255195504867966], "k_pid_alt": [1.9160597436741602, 0.0, 0.1576465649121419], "k_pid_att": [58.989274729095186, 5.859554809351448, 0.73590781336997], "k_pid_yaw": [0.5, 1e-06, 0.1], "k_pid_hsp": [1.606987810134683, 0.1531003758033771, 0.01], "k_pid_vsp": [110.56511661686339, 130.53254854158118, 1.0]}, "datetime": {"datetime": "2025-08-21 18:13:52", "elapsed": 34149.04019021988, "delta": 16.6693913936615}, "costs": {"total_cost": 182.49068108075983, "time_cost": 67.752, "final_distance_cost": 1.8153266817543332, "oscillation_cost": 45.28880479025397, "completition_cost": 0.0, "overshoot_cost": 49.80843331938566, "power_cost": 8.619594775390626, "noise_cost": 9.206521513975245, "n_waypoints_completed": 9, "tot_waypoints": 9}}
{"target": -2304.891459625083, "params": {"k_pid_pos": [0.8201182701569295, 0.024859491386256316, 0.37255195504867966], "k_pid_alt": [1.9160597436741602, 0.0, 0.1576465649121419], "k_pid_att": [58.989274729095186, 5.859554809351448, 0.73590781336997], "k_pid_yaw": [0.5, 1e-06, 0.1], "k_pid_hsp": [1.606987810134683, 0.1531003758033771, 0.01], "k_pid_vsp": [110.56511661686339, 130.53254854158118, 313.11458436796505]}, "datetime": {"datetime": "2025-08-21 18:14:15", "elapsed": 34172.20270490646, "delta": 23.162514686584473}, "costs": {"total_cost": 2304.891459625083, "time_cost": 150, "final_distance_cost": 480.7440959004766, "oscillation_cost": 34.446712351755544, "completition_cost": 888.8888888888888, "overshoot_cost": 730.5241986547413, "power_cost": 8.219263342285156, "noise_cost": 12.068300486935733, "n_waypoints_completed": 1, "tot_waypoints": 9}}
{"target": -202.26960621420272, "params": {"k_pid_pos": [1.8922997940790476, 0.024859491386256316, 0.6250867496839783], "k_pid_alt": [1.1098775236402525, 0.0, 0.1576465649121419], "k_pid_att": [58.989274729095186, 5.859554809351448, 0.73590781336997], "k_pid_yaw": [0.5, 1e-06, 0.1], "k_pid_hsp": [3.8165853135157835, 0.915123765919971, 0.01], "k_pid_vsp": [110.56511661686339, 130.53254854158118, 1.0]}, "datetime": {"datetime": "2025-08-21 18:14:32", "elapsed": 34189.43391871452, "delta": 17.231213808059692}, "costs": {"total_cost": 202.26960621420272, "time_cost": 71.928, "final_distance_cost": 1.8377341592649232, "oscillation_cost": 49.023703540077335, "completition_cost": 0.0, "overshoot_cost": 50.55951030271733, "power_cost": 15.803635949707033, "noise_cost": 13.11702226243611, "n_waypoints_completed": 9, "tot_waypoints": 9}}
{"target": -181.0205636936698, "params": {"k_pid_pos": [1.8922997940790476, 0.024859491386256316, 0.6250867496839783], "k_pid_alt": [0.8511837275376319, 0.0, 0.014398680574380873], "k_pid_att": [21.98704379498816, 8.451705289372699, 0.8267899093225144], "k_pid_yaw": [0.5, 1e-06, 0.1], "k_pid_hsp": [1.606987810134683, 0.1531003758033771, 0.01], "k_pid_vsp": [110.56511661686339, 130.53254854158118, 1.0]}, "datetime": {"datetime": "2025-08-21 18:14:48", "elapsed": 34205.451053619385, "delta": 16.01713490486145}, "costs": {"total_cost": 181.0205636936698, "time_cost": 69.608, "final_distance_cost": 1.8295486772800156, "oscillation_cost": 40.796561455981305, "completition_cost": 0.0, "overshoot_cost": 50.01142884501788, "power_cost": 9.188209899902343, "noise_cost": 9.586814815488266, "n_waypoints_completed": 9, "tot_waypoints": 9}}
{"target": -196.8155016251128, "params": {"k_pid_pos": [1.8922997940790476, 0.024859491386256316, 0.6250867496839783], "k_pid_alt": [1.1098775236402525, 0.0, 0.7455603024785848], "k_pid_att": [11.329609997636037, 6.043751783864618, 0.73590781336997], "k_pid_yaw": [0.5, 1e-06, 0.1], "k_pid_hsp": [5.335990326040409, 0.1531003758033771, 0.01], "k_pid_vsp": [110.56511661686339, 59.083466427248936, 1.0]}, "datetime": {"datetime": "2025-08-21 18:15:06", "elapsed": 34223.353652477264, "delta": 17.90259885787964}, "costs": {"total_cost": 196.8155016251128, "time_cost": 72.08800000000001, "final_distance_cost": 1.830805043532046, "oscillation_cost": 49.34928930010051, "completition_cost": 0.0, "overshoot_cost": 49.934538180130275, "power_cost": 12.236650244140625, "noise_cost": 11.37621885720931, "n_waypoints_completed": 9, "tot_waypoints": 9}}
{"target": -188.26869410972037, "params": {"k_pid_pos": [1.8922997940790476, 0.2554604167081139, 0.5055607170423029], "k_pid_alt": [0.8511837275376319, 0.0, 0.014398680574380873], "k_pid_att": [12.665511903358361, 8.451705289372699, 0.8267899093225144], "k_pid_yaw": [0.5, 1e-06, 0.1], "k_pid_hsp": [3.8165853135157835, 0.3095743154041969, 0.01], "k_pid_vsp": [110.56511661686339, 186.29560388348816, 1.0]}, "datetime": {"datetime": "2025-08-21 18:15:22", "elapsed": 34239.44469213486, "delta": 16.091039657592773}, "costs": {"total_cost": 188.26869410972037, "time_cost": 70.08, "final_distance_cost": 1.801592235437955, "oscillation_cost": 43.99879328921375, "completition_cost": 0.0, "overshoot_cost": 49.708880687196796, "power_cost": 11.753141137695312, "noise_cost": 10.92628676017657, "n_waypoints_completed": 9, "tot_waypoints": 9}}
{"target": -197.2225309219121, "params": {"k_pid_pos": [1.8922997940790476, 0.47620257154743195, 0.6250867496839783], "k_pid_alt": [0.8511837275376319, 0.0, 0.014398680574380873], "k_pid_att": [12.665511903358361, 8.451705289372699, 0.8267899093225144], "k_pid_yaw": [0.5, 1e-06, 0.1], "k_pid_hsp": [3.8165853135157835, 0.915123765919971, 0.01], "k_pid_vsp": [110.56511661686339, 130.53254854158118, 1.0]}, "datetime": {"datetime": "2025-08-21 18:15:40", "elapsed": 34257.39025640488, "delta": 17.94556427001953}, "costs": {"total_cost": 197.2225309219121, "time_cost": 73.21600000000001, "final_distance_cost": 1.7821711552444806, "oscillation_cost": 50.38719220521831, "completition_cost": 0.0, "overshoot_cost": 49.18755721581358, "power_cost": 11.728303967285157, "noise_cost": 10.921306378350536, "n_waypoints_completed": 9, "tot_waypoints": 9}}
{"target": -183.3236985509557, "params": {"k_pid_pos": [1.8922997940790476, 0.024859491386256316, 0.6250867496839783], "k_pid_alt": [1.1098775236402525, 0.0, 0.1576465649121419], "k_pid_att": [58.989274729095186, 1.1166001057131414, 0.73590781336997], "k_pid_yaw": [0.5, 1e-06, 0.1], "k_pid_hsp": [1.606987810134683, 0.1531003758033771, 0.01], "k_pid_vsp": [110.56511661686339, 59.083466427248936, 1.0]}, "datetime": {"datetime": "2025-08-21 18:15:56", "elapsed": 34273.06746816635, "delta": 15.67721176147461}, "costs": {"total_cost": 183.3236985509557, "time_cost": 69.4, "final_distance_cost": 1.814750406097192, "oscillation_cost": 40.890707468253275, "completition_cost": 0.0, "overshoot_cost": 50.640410695676955, "power_cost": 10.327364233398438, "noise_cost": 10.250465747529834, "n_waypoints_completed": 9, "tot_waypoints": 9}}
{"target": -221.6256247640259, "params": {"k_pid_pos": [1.8922997940790476, 0.024859491386256316, 0.6250867496839783], "k_pid_alt": [1.235506431643923, 0.4962104186333234, 0.014398680574380873], "k_pid_att": [58.989274729095186, 8.451705289372699, 0.7777404808096422], "k_pid_yaw": [0.5, 1e-06, 0.1], "k_pid_hsp": [4.3372224232348895, 0.3095743154041969, 0.01], "k_pid_vsp": [66.77612754735902, 59.083466427248936, 1.0]}, "datetime": {"datetime": "2025-08-21 18:16:16", "elapsed": 34293.42992973328, "delta": 20.36246156692505}, "costs": {"total_cost": 221.6256247640259, "time_cost": 82.328, "final_distance_cost": 1.7527705865895284, "oscillation_cost": 55.06584299031638, "completition_cost": 0.0, "overshoot_cost": 52.32815116856441, "power_cost": 16.499362780761718, "noise_cost": 13.651497237793878, "n_waypoints_completed": 9, "tot_waypoints": 9}}
