{"target": -364.8319789981251, "params": {"k_pid_pos": [1.7041340386651447, 0.024859491386256316, 0.9451257094832697], "k_pid_alt": [1.0304713630477362, 0.0, 0.06527723447865985], "k_pid_att": [29.46763110571006, 7.421248308295844, 0.4697579174852792], "k_pid_yaw": [0.5, 1e-06, 0.1], "k_pid_hsp": [7.898338047893953, 0.1531003758033771, 0.4996947135958536], "k_pid_vsp": [155.80135867994494, 175.28714713338795, 1.0]}, "datetime": {"datetime": "2025-08-21 15:58:09", "elapsed": 26005.720556497574, "delta": 16.676562309265137}, "costs": {"total_cost": 364.8319789981251, "time_cost": 74.32000000000001, "final_distance_cost": 1.8225890915878706, "oscillation_cost": 209.7587018617585, "completition_cost": 0.0, "overshoot_cost": 50.66844259656103, "power_cost": 15.116155895996094, "noise_cost": 13.146089552221616, "n_waypoints_completed": 9, "tot_waypoints": 9}}
{"target": -199.02296794735048, "params": {"k_pid_pos": [1.7041340386651447, 0.5305213852260082, 0.3434561031905483], "k_pid_alt": [1.6319753356852484, 0.0, 0.5352314762690444], "k_pid_att": [58.989274729095186, 1.326856224425946, 0.6179952950406163], "k_pid_yaw": [0.5, 1e-06, 0.1], "k_pid_hsp": [2.82373402557605, 0.18838112831262277, 0.01], "k_pid_vsp": [110.56511661686339, 59.083466427248936, 1.0]}, "datetime": {"datetime": "2025-08-21 15:58:28", "elapsed": 26025.104198932648, "delta": 19.383642435073853}, "costs": {"total_cost": 199.02296794735048, "time_cost": 79.536, "final_distance_cost": 1.7612667011229175, "oscillation_cost": 44.89923381821072, "completition_cost": 0.0, "overshoot_cost": 52.353643826351146, "power_cost": 9.954463671875, "noise_cost": 10.518359929790709, "n_waypoints_completed": 9, "tot_waypoints": 9}}
{"target": -178.94919249026034, "params": {"k_pid_pos": [1.8922997940790476, 0.024859491386256316, 0.6250867496839783], "k_pid_alt": [1.6319753356852484, 0.0, 0.1576465649121419], "k_pid_att": [37.12179941719916, 7.284845820832624, 0.73590781336997], "k_pid_yaw": [0.5, 1e-06, 0.1], "k_pid_hsp": [1.606987810134683, 0.1531003758033771, 0.01], "k_pid_vsp": [110.56511661686339, 59.083466427248936, 1.0]}, "datetime": {"datetime": "2025-08-21 15:58:43", "elapsed": 26040.45245552063, "delta": 15.348256587982178}, "costs": {"total_cost": 178.94919249026034, "time_cost": 68.19200000000001, "final_distance_cost": 1.8361105628945853, "oscillation_cost": 39.67983268300526, "completition_cost": 0.0, "overshoot_cost": 49.94665925765009, "power_cost": 9.449201123046876, "noise_cost": 9.845388863663532, "n_waypoints_completed": 9, "tot_waypoints": 9}}
{"target": -385.6860346718184, "params": {"k_pid_pos": [1.7041340386651447, 0.024859491386256316, 0.3434561031905483], "k_pid_alt": [1.6319753356852484, 0.0, 0.1576465649121419], "k_pid_att": [35.543488255586034, 5.088413281584711, 0.6179952950406163], "k_pid_yaw": [0.5, 1e-06, 0.1], "k_pid_hsp": [1.0076768036881465, 0.1531003758033771, 0.5226198022042828], "k_pid_vsp": [264.9966777379314, 325.22778396761174, 1.0]}, "datetime": {"datetime": "2025-08-21 15:59:04", "elapsed": 26061.02769613266, "delta": 20.57524061203003}, "costs": {"total_cost": 385.6860346718184, "time_cost": 86.168, "final_distance_cost": 1.770850978436919, "oscillation_cost": 206.91639851814116, "completition_cost": 0.0, "overshoot_cost": 60.505480284128566, "power_cost": 16.100072473144532, "noise_cost": 14.225232417967241, "n_waypoints_completed": 9, "tot_waypoints": 9}}
{"target": -191.21231858999008, "params": {"k_pid_pos": [1.8922997940790476, 0.024859491386256316, 0.9451257094832697], "k_pid_alt": [1.0304713630477362, 0.0, 0.06527723447865985], "k_pid_att": [24.0942673894178, 7.284845820832624, 0.73590781336997], "k_pid_yaw": [0.5, 1e-06, 0.1], "k_pid_hsp": [1.606987810134683, 0.1531003758033771, 0.01], "k_pid_vsp": [110.56511661686339, 59.083466427248936, 1.0]}, "datetime": {"datetime": "2025-08-21 15:59:22", "elapsed": 26078.566472530365, "delta": 17.538776397705078}, "costs": {"total_cost": 191.21231858999008, "time_cost": 70.88, "final_distance_cost": 1.8389964816084678, "oscillation_cost": 39.32883659894588, "completition_cost": 0.0, "overshoot_cost": 50.88605810607306, "power_cost": 15.275163439941407, "noise_cost": 13.003263963421299, "n_waypoints_completed": 9, "tot_waypoints": 9}}
{"target": -1980.04906316988, "params": {"k_pid_pos": [1.8922997940790476, 0.024859491386256316, 0.7774444947807966], "k_pid_alt": [1.0304713630477362, 0.0, 0.9056999501394369], "k_pid_att": [33.06901212709937, 1.7322516556660579, 0.73590781336997], "k_pid_yaw": [0.5, 1e-06, 0.1], "k_pid_hsp": [1.606987810134683, 0.1531003758033771, 0.01], "k_pid_vsp": [110.56511661686339, 59.083466427248936, 284.2619114099656]}, "datetime": {"datetime": "2025-08-21 15:59:45", "elapsed": 26102.29594683647, "delta": 23.729474306106567}, "costs": {"total_cost": 1980.04906316988, "time_cost": 150, "final_distance_cost": 394.0484556987786, "oscillation_cost": 32.795374060797975, "completition_cost": 888.8888888888888, "overshoot_cost": 500.94797363093096, "power_cost": 5.4252381347656256, "noise_cost": 7.9431327557182065, "n_waypoints_completed": 1, "tot_waypoints": 9}}
{"target": -2640.2062010731997, "params": {"k_pid_pos": [1.7041340386651447, 0.07129208892642425, 0.6250867496839783], "k_pid_alt": [1.6319753356852484, 0.0, 0.6867135937559309], "k_pid_att": [0.14187793368453105, 2.0345543729235005, 0.8739915892735461], "k_pid_yaw": [0.5, 1e-06, 0.1], "k_pid_hsp": [1.0, 0.5531972591780506, 0.01], "k_pid_vsp": [376.5747392387296, 348.21429157554047, 1.0]}, "datetime": {"datetime": "2025-08-21 16:00:08", "elapsed": 26125.287949323654, "delta": 22.992002487182617}, "costs": {"total_cost": 2640.2062010731997, "time_cost": 150, "final_distance_cost": 274.87576726598223, "oscillation_cost": 614.5495630962462, "completition_cost": 1000.0, "overshoot_cost": 472.56094289286966, "power_cost": 35.85429897460938, "noise_cost": 92.36562884349222, "n_waypoints_completed": 0, "tot_waypoints": 9}}
{"target": -344.3160676632262, "params": {"k_pid_pos": [1.9176378968916694, 0.024859491386256316, 0.3434561031905483], "k_pid_alt": [1.6319753356852484, 0.0, 0.1576465649121419], "k_pid_att": [24.0942673894178, 7.284845820832624, 0.73590781336997], "k_pid_yaw": [0.5, 1e-06, 0.1], "k_pid_hsp": [1.606987810134683, 0.1531003758033771, 0.40555978458723485], "k_pid_vsp": [110.56511661686339, 59.083466427248936, 1.0]}, "datetime": {"datetime": "2025-08-21 16:00:25", "elapsed": 26142.08184146881, "delta": 16.79389214515686}, "costs": {"total_cost": 344.3160676632262, "time_cost": 70.072, "final_distance_cost": 1.7497085874514995, "oscillation_cost": 197.74379838963296, "completition_cost": 0.0, "overshoot_cost": 51.62060955944367, "power_cost": 11.739785485839844, "noise_cost": 11.390165640858227, "n_waypoints_completed": 9, "tot_waypoints": 9}}
{"target": -192.13038494528948, "params": {"k_pid_pos": [1.8922997940790476, 0.024859491386256316, 0.6250867496839783], "k_pid_alt": [1.6319753356852484, 0.0, 0.5352314762690444], "k_pid_att": [58.989274729095186, 0.22073067032652463, 0.7033874038379369], "k_pid_yaw": [0.5, 1e-06, 0.1], "k_pid_hsp": [1.606987810134683, 0.1531003758033771, 0.01], "k_pid_vsp": [264.9966777379314, 94.28610281764664, 75.78799424181197]}, "datetime": {"datetime": "2025-08-21 16:00:42", "elapsed": 26158.53141617775, "delta": 16.4495747089386}, "costs": {"total_cost": 192.13038494528948, "time_cost": 69.592, "final_distance_cost": 1.82157587757403, "oscillation_cost": 48.59100723063109, "completition_cost": 0.0, "overshoot_cost": 49.77669077946748, "power_cost": 12.472556970214844, "noise_cost": 9.876554087402038, "n_waypoints_completed": 9, "tot_waypoints": 9}}
{"target": -333.0848149183519, "params": {"k_pid_pos": [1.7041340386651447, 0.024859491386256316, 0.3434561031905483], "k_pid_alt": [1.6319753356852484, 0.0, 0.7915130824798414], "k_pid_att": [35.543488255586034, 8.470657982980763, 0.6179952950406163], "k_pid_yaw": [0.5, 1e-06, 0.1], "k_pid_hsp": [1.0076768036881465, 0.1531003758033771, 0.2621620516958454], "k_pid_vsp": [264.9966777379314, 378.2564367747237, 1.0]}, "datetime": {"datetime": "2025-08-21 16:01:00", "elapsed": 26177.11687374115, "delta": 18.58545756340027}, "costs": {"total_cost": 333.0848149183519, "time_cost": 82.88, "final_distance_cost": 1.7531274988714634, "oscillation_cost": 167.02380488594673, "completition_cost": 0.0, "overshoot_cost": 58.99272937854412, "power_cost": 10.994416503906251, "noise_cost": 11.440736651083322, "n_waypoints_completed": 9, "tot_waypoints": 9}}
{"target": -186.88027425985808, "params": {"k_pid_pos": [1.6482342715797629, 0.024859491386256316, 0.3434561031905483], "k_pid_alt": [1.6319753356852484, 0.0, 0.5352314762690444], "k_pid_att": [58.989274729095186, 5.859554809351448, 0.7033874038379369], "k_pid_yaw": [0.5, 1e-06, 0.1], "k_pid_hsp": [1.606987810134683, 0.1531003758033771, 0.01], "k_pid_vsp": [264.9966777379314, 59.083466427248936, 1.0]}, "datetime": {"datetime": "2025-08-21 16:01:17", "elapsed": 26193.494079589844, "delta": 16.377205848693848}, "costs": {"total_cost": 186.88027425985808, "time_cost": 69.608, "final_distance_cost": 1.7993030592822201, "oscillation_cost": 39.84503050809639, "completition_cost": 0.0, "overshoot_cost": 50.70847138306436, "power_cost": 13.0572951171875, "noise_cost": 11.862174192227613, "n_waypoints_completed": 9, "tot_waypoints": 9}}
{"target": -378.33317088665757, "params": {"k_pid_pos": [1.8922997940790476, 0.024859491386256316, 0.9451257094832697], "k_pid_alt": [1.0304713630477362, 0.0, 0.06527723447865985], "k_pid_att": [24.0942673894178, 7.284845820832624, 0.73590781336997], "k_pid_yaw": [0.5, 1e-06, 0.1], "k_pid_hsp": [1.606987810134683, 0.1531003758033771, 0.44348573036248906], "k_pid_vsp": [110.56511661686339, 94.28610281764664, 1.0]}, "datetime": {"datetime": "2025-08-21 16:01:36", "elapsed": 26212.944583415985, "delta": 19.450503826141357}, "costs": {"total_cost": 378.33317088665757, "time_cost": 82.88, "final_distance_cost": 1.7364902774946311, "oscillation_cost": 210.35489339965724, "completition_cost": 0.0, "overshoot_cost": 54.91301643717394, "power_cost": 14.842050268554688, "noise_cost": 13.606720503777046, "n_waypoints_completed": 9, "tot_waypoints": 9}}
{"target": -180.53112321677946, "params": {"k_pid_pos": [1.8922997940790476, 0.024859491386256316, 0.7774444947807966], "k_pid_alt": [1.6319753356852484, 0.0, 0.1576465649121419], "k_pid_att": [58.989274729095186, 5.859554809351448, 0.73590781336997], "k_pid_yaw": [0.5, 1e-06, 0.1], "k_pid_hsp": [1.606987810134683, 0.18838112831262277, 0.01], "k_pid_vsp": [110.56511661686339, 59.083466427248936, 1.0]}, "datetime": {"datetime": "2025-08-21 16:01:51", "elapsed": 26228.313298225403, "delta": 15.368714809417725}, "costs": {"total_cost": 180.53112321677946, "time_cost": 68.728, "final_distance_cost": 1.8440533593468815, "oscillation_cost": 41.98116206908996, "completition_cost": 0.0, "overshoot_cost": 49.25401591257199, "power_cost": 8.969466625976564, "noise_cost": 9.754425249794046, "n_waypoints_completed": 9, "tot_waypoints": 9}}
{"target": -191.17209367817554, "params": {"k_pid_pos": [1.7041340386651447, 0.024859491386256316, 0.9451257094832697], "k_pid_alt": [1.0304713630477362, 0.0, 0.6297913080226606], "k_pid_att": [29.46763110571006, 7.421248308295844, 0.7033874038379369], "k_pid_yaw": [0.5, 1e-06, 0.1], "k_pid_hsp": [1.606987810134683, 0.1531003758033771, 0.01], "k_pid_vsp": [264.9966777379314, 175.28714713338795, 1.0]}, "datetime": {"datetime": "2025-08-21 16:02:09", "elapsed": 26245.876012802124, "delta": 17.56271457672119}, "costs": {"total_cost": 191.17209367817554, "time_cost": 73.952, "final_distance_cost": 1.848355025772364, "oscillation_cost": 41.047467360080184, "completition_cost": 0.0, "overshoot_cost": 49.483427996555456, "power_cost": 12.97217108154297, "noise_cost": 11.868672214224583, "n_waypoints_completed": 9, "tot_waypoints": 9}}
{"target": -861.3902480488088, "params": {"k_pid_pos": [0.14639111448255393, 0.024859491386256316, 0.3434561031905483], "k_pid_alt": [1.6319753356852484, 0.0, 0.5352314762690444], "k_pid_att": [33.84276094051554, 2.6889016979653872, 0.3948135675183053], "k_pid_yaw": [0.5, 1e-06, 0.1], "k_pid_hsp": [1.0, 0.5531972591780506, 0.01], "k_pid_vsp": [376.5747392387296, 348.21429157554047, 1.0]}, "datetime": {"datetime": "2025-08-21 16:02:32", "elapsed": 26269.10150742531, "delta": 23.225494623184204}, "costs": {"total_cost": 861.3902480488088, "time_cost": 150, "final_distance_cost": 51.14766061959052, "oscillation_cost": 25.167072764134975, "completition_cost": 555.5555555555555, "overshoot_cost": 52.70888356432559, "power_cost": 13.847276965332032, "noise_cost": 12.96379857987008, "n_waypoints_completed": 4, "tot_waypoints": 9}}
{"target": -199.5449445471581, "params": {"k_pid_pos": [1.9176378968916694, 0.07129208892642425, 0.6250867496839783], "k_pid_alt": [1.6319753356852484, 0.0, 0.06527723447865985], "k_pid_att": [9.01694976284977, 0.5720022164256566, 0.11689683853528843], "k_pid_yaw": [0.5, 1e-06, 0.1], "k_pid_hsp": [1.606987810134683, 0.1531003758033771, 0.01], "k_pid_vsp": [387.1470188825909, 94.28610281764664, 1.0]}, "datetime": {"datetime": "2025-08-21 16:02:48", "elapsed": 26284.47986125946, "delta": 15.378353834152222}, "costs": {"total_cost": 199.5449445471581, "time_cost": 68.424, "final_distance_cost": 1.8078988857254934, "oscillation_cost": 53.943504798482344, "completition_cost": 0.0, "overshoot_cost": 49.98955437060157, "power_cost": 13.497966467285156, "noise_cost": 11.882020025063563, "n_waypoints_completed": 9, "tot_waypoints": 9}}
{"target": -199.4507299060228, "params": {"k_pid_pos": [1.8922997940790476, 0.7268439883298804, 0.7774444947807966], "k_pid_alt": [1.0304713630477362, 0.0, 0.06527723447865985], "k_pid_att": [33.06901212709937, 2.6889016979653872, 0.73590781336997], "k_pid_yaw": [0.5, 1e-06, 0.1], "k_pid_hsp": [1.606987810134683, 0.1531003758033771, 0.01], "k_pid_vsp": [110.56511661686339, 59.083466427248936, 1.0]}, "datetime": {"datetime": "2025-08-21 16:03:07", "elapsed": 26304.319056272507, "delta": 19.839195013046265}, "costs": {"total_cost": 199.4507299060228, "time_cost": 81.264, "final_distance_cost": 1.7951707265517665, "oscillation_cost": 45.19772932776968, "completition_cost": 0.0, "overshoot_cost": 51.21758067491087, "power_cost": 9.66732041015625, "noise_cost": 10.308928766634265, "n_waypoints_completed": 9, "tot_waypoints": 9}}
{"target": -203.93373793764718, "params": {"k_pid_pos": [1.4423278017687713, 0.31277452455499244, 0.9818093895928307], "k_pid_alt": [1.0304713630477362, 0.0, 0.06527723447865985], "k_pid_att": [29.46763110571006, 7.284845820832624, 0.73590781336997], "k_pid_yaw": [0.5, 1e-06, 0.1], "k_pid_hsp": [1.606987810134683, 0.036551335399587326, 0.01], "k_pid_vsp": [110.56511661686339, 59.083466427248936, 1.0]}, "datetime": {"datetime": "2025-08-21 16:03:26", "elapsed": 26323.31427025795, "delta": 18.995213985443115}, "costs": {"total_cost": 203.93373793764718, "time_cost": 79.32000000000001, "final_distance_cost": 1.8245610502097211, "oscillation_cost": 43.090285584116586, "completition_cost": 0.0, "overshoot_cost": 50.47151842427388, "power_cost": 15.193982055664064, "noise_cost": 14.033390823382923, "n_waypoints_completed": 9, "tot_waypoints": 9}}
{"target": -767.8177858859295, "params": {"k_pid_pos": [0.9548351168171885, 0.024859491386256316, 0.3434561031905483], "k_pid_alt": [1.6319753356852484, 0.0, 0.1576465649121419], "k_pid_att": [24.0942673894178, 7.284845820832624, 0.73590781336997], "k_pid_yaw": [0.5, 1e-06, 0.1], "k_pid_hsp": [1.606987810134683, 0.1531003758033771, 0.7469279572267308], "k_pid_vsp": [110.56511661686339, 59.083466427248936, 1.0]}, "datetime": {"datetime": "2025-08-21 16:03:49", "elapsed": 26345.626928806305, "delta": 22.312658548355103}, "costs": {"total_cost": 767.8177858859295, "time_cost": 150, "final_distance_cost": 67.31150788480073, "oscillation_cost": 354.9895803237694, "completition_cost": 111.11111111111116, "overshoot_cost": 50.76817428628215, "power_cost": 18.364871582031252, "noise_cost": 15.272540697934762, "n_waypoints_completed": 8, "tot_waypoints": 9}}
{"target": -187.0300221093706, "params": {"k_pid_pos": [1.8922997940790476, 0.024859491386256316, 0.7774444947807966], "k_pid_alt": [0.6990576723479807, 0.0, 0.1576465649121419], "k_pid_att": [58.989274729095186, 5.088413281584711, 0.6179952950406163], "k_pid_yaw": [0.5, 1e-06, 0.1], "k_pid_hsp": [1.0076768036881465, 0.1531003758033771, 0.01], "k_pid_vsp": [155.80135867994494, 175.28714713338795, 1.0]}, "datetime": {"datetime": "2025-08-21 16:04:06", "elapsed": 26362.540259599686, "delta": 16.913330793380737}, "costs": {"total_cost": 187.0300221093706, "time_cost": 72.536, "final_distance_cost": 1.844293771134732, "oscillation_cost": 43.76973914981472, "completition_cost": 0.0, "overshoot_cost": 49.99252528806716, "power_cost": 9.156455908203126, "noise_cost": 9.731007992150865, "n_waypoints_completed": 9, "tot_waypoints": 9}}
{"target": -195.42207312456492, "params": {"k_pid_pos": [1.8922997940790476, 0.3121290578928153, 0.7774444947807966], "k_pid_alt": [1.0304713630477362, 0.0, 0.1576465649121419], "k_pid_att": [58.989274729095186, 5.088413281584711, 0.6179952950406163], "k_pid_yaw": [0.5, 1e-06, 0.1], "k_pid_hsp": [1.0076768036881465, 0.1531003758033771, 0.01], "k_pid_vsp": [110.56511661686339, 59.083466427248936, 1.0]}, "datetime": {"datetime": "2025-08-21 16:04:23", "elapsed": 26380.24852347374, "delta": 17.708263874053955}, "costs": {"total_cost": 195.42207312456492, "time_cost": 73.84, "final_distance_cost": 1.8073733940218644, "oscillation_cost": 44.07204370352565, "completition_cost": 0.0, "overshoot_cost": 51.19365980382665, "power_cost": 12.786708508300782, "noise_cost": 11.722287714889973, "n_waypoints_completed": 9, "tot_waypoints": 9}}
{"target": -200.15995395476986, "params": {"k_pid_pos": [1.7041340386651447, 0.024859491386256316, 0.3434561031905483], "k_pid_alt": [1.6319753356852484, 0.0, 0.1576465649121419], "k_pid_att": [24.0942673894178, 7.284845820832624, 0.73590781336997], "k_pid_yaw": [0.5, 1e-06, 0.1], "k_pid_hsp": [1.606987810134683, 0.1531003758033771, 0.01], "k_pid_vsp": [155.80135867994494, 175.28714713338795, 94.22604015249657]}, "datetime": {"datetime": "2025-08-21 16:04:39", "elapsed": 26396.16902565956, "delta": 15.920502185821533}, "costs": {"total_cost": 200.15995395476986, "time_cost": 70.0, "final_distance_cost": 1.7774855746330351, "oscillation_cost": 47.65739488429344, "completition_cost": 0.0, "overshoot_cost": 51.33174915010585, "power_cost": 17.16857333984375, "noise_cost": 12.224751005893781, "n_waypoints_completed": 9, "tot_waypoints": 9}}
{"target": -194.29132513467945, "params": {"k_pid_pos": [1.8922997940790476, 0.4144180460981123, 0.8805880266982272], "k_pid_alt": [1.0304713630477362, 0.0, 0.8240637188070686], "k_pid_att": [24.0942673894178, 7.284845820832624, 0.73590781336997], "k_pid_yaw": [0.5, 1e-06, 0.1], "k_pid_hsp": [1.606987810134683, 0.1531003758033771, 0.01], "k_pid_vsp": [110.56511661686339, 175.28714713338795, 1.0]}, "datetime": {"datetime": "2025-08-21 16:04:58", "elapsed": 26414.615592241287, "delta": 18.446566581726074}, "costs": {"total_cost": 194.29132513467945, "time_cost": 77.416, "final_distance_cost": 1.8215316267033361, "oscillation_cost": 41.79240195185712, "completition_cost": 0.0, "overshoot_cost": 50.764546672729224, "power_cost": 11.439231018066407, "noise_cost": 11.05761386532338, "n_waypoints_completed": 9, "tot_waypoints": 9}}
{"target": -195.14478595573695, "params": {"k_pid_pos": [1.8922997940790476, 0.024859491386256316, 0.6250867496839783], "k_pid_alt": [1.6319753356852484, 0.0, 0.1576465649121419], "k_pid_att": [37.12179941719916, 7.284845820832624, 0.73590781336997], "k_pid_yaw": [0.5, 1e-06, 0.1], "k_pid_hsp": [1.606987810134683, 0.1531003758033771, 0.01], "k_pid_vsp": [110.56511661686339, 59.083466427248936, 1.0]}, "datetime": {"datetime": "2025-08-21 16:05:14", "elapsed": 26431.36812353134, "delta": 16.75253129005432}, "costs": {"total_cost": 195.14478595573695, "time_cost": 71.44800000000001, "final_distance_cost": 1.8351192484694228, "oscillation_cost": 41.42506572546679, "completition_cost": 0.0, "overshoot_cost": 51.59785663109256, "power_cost": 15.70984541015625, "noise_cost": 13.128898940551924, "n_waypoints_completed": 9, "tot_waypoints": 9}}
{"target": -185.9740587793839, "params": {"k_pid_pos": [1.7041340386651447, 0.024859491386256316, 0.3434561031905483], "k_pid_alt": [1.6319753356852484, 0.0, 0.1576465649121419], "k_pid_att": [58.989274729095186, 5.859554809351448, 0.7033874038379369], "k_pid_yaw": [0.5, 1e-06, 0.1], "k_pid_hsp": [1.606987810134683, 0.1531003758033771, 0.01], "k_pid_vsp": [110.56511661686339, 59.083466427248936, 1.0]}, "datetime": {"datetime": "2025-08-21 16:05:30", "elapsed": 26446.98464012146, "delta": 15.616516590118408}, "costs": {"total_cost": 185.9740587793839, "time_cost": 68.728, "final_distance_cost": 1.801226387347171, "oscillation_cost": 39.925919306819175, "completition_cost": 0.0, "overshoot_cost": 50.59145891010558, "power_cost": 13.209799328613283, "noise_cost": 11.717654846498693, "n_waypoints_completed": 9, "tot_waypoints": 9}}
{"target": -187.84003758372307, "params": {"k_pid_pos": [1.8922997940790476, 0.024859491386256316, 0.7774444947807966], "k_pid_alt": [1.6319753356852484, 0.0, 0.1576465649121419], "k_pid_att": [58.989274729095186, 5.859554809351448, 0.73590781336997], "k_pid_yaw": [0.5, 1e-06, 0.1], "k_pid_hsp": [1.606987810134683, 0.18838112831262277, 0.01], "k_pid_vsp": [110.56511661686339, 59.083466427248936, 1.0]}, "datetime": {"datetime": "2025-08-21 16:05:47", "elapsed": 26464.12824344635, "delta": 17.143603324890137}, "costs": {"total_cost": 187.84003758372307, "time_cost": 68.752, "final_distance_cost": 1.8236613581214234, "oscillation_cost": 40.72274547278192, "completition_cost": 0.0, "overshoot_cost": 49.476020296018724, "power_cost": 14.592925268554689, "noise_cost": 12.472685188246325, "n_waypoints_completed": 9, "tot_waypoints": 9}}
