{"target": -204.28048778115053, "params": {"k_pid_pos": [1.9176378968916694, 0.3438704374213081, 0.6250867496839783], "k_pid_alt": [1.6319753356852484, 0.0, 0.06527723447865985], "k_pid_att": [82.10715967326342, 7.284845820832624, 0.43397649097612745], "k_pid_yaw": [0.5, 1e-06, 0.1], "k_pid_hsp": [1.0, 0.9062593387060004, 0.01], "k_pid_vsp": [284.5460512203246, 369.48810340511164, 1.0]}, "datetime": {"datetime": "2025-08-21 14:57:44", "elapsed": 22380.64098405838, "delta": 15.7889986038208}, "costs": {"total_cost": 204.28048778115053, "time_cost": 69.144, "final_distance_cost": 1.7803904996185655, "oscillation_cost": 63.3151690663668, "completition_cost": 0.0, "overshoot_cost": 50.231041522350125, "power_cost": 9.784142517089844, "noise_cost": 10.025744175725219, "n_waypoints_completed": 9, "tot_waypoints": 9}}
{"target": -192.5623288599165, "params": {"k_pid_pos": [1.9176378968916694, 0.024859491386256316, 0.21152287994165886], "k_pid_alt": [1.3959173657108794, 0.0, 0.9128610184476774], "k_pid_att": [21.6711938663424, 7.284845820832624, 0.8739915892735461], "k_pid_yaw": [0.5, 1e-06, 0.1], "k_pid_hsp": [1.606987810134683, 0.1531003758033771, 0.01], "k_pid_vsp": [110.56511661686339, 355.21150340299164, 1.0]}, "datetime": {"datetime": "2025-08-21 14:58:01", "elapsed": 22397.90102648735, "delta": 17.260042428970337}, "costs": {"total_cost": 192.5623288599165, "time_cost": 70.44, "final_distance_cost": 1.7913698394660664, "oscillation_cost": 45.274927885171074, "completition_cost": 0.0, "overshoot_cost": 49.43329663134078, "power_cost": 13.81385565185547, "noise_cost": 11.808878852083092, "n_waypoints_completed": 9, "tot_waypoints": 9}}
{"target": -213.6462470014346, "params": {"k_pid_pos": [1.9176378968916694, 0.024859491386256316, 0.8092599635047751], "k_pid_alt": [1.7187705538853828, 0.0, 0.9659895333512928], "k_pid_att": [81.31192509329654, 8.683548648184065, 0.8739915892735461], "k_pid_yaw": [0.5, 1e-06, 0.1], "k_pid_hsp": [7.137108184502412, 0.1531003758033771, 0.01], "k_pid_vsp": [91.91679249959628, 313.0622943974321, 1.0]}, "datetime": {"datetime": "2025-08-21 14:58:19", "elapsed": 22415.687647342682, "delta": 17.78662085533142}, "costs": {"total_cost": 213.6462470014346, "time_cost": 73.616, "final_distance_cost": 1.844640811942028, "oscillation_cost": 54.68692990232844, "completition_cost": 0.0, "overshoot_cost": 51.57208409683988, "power_cost": 17.787609228515628, "noise_cost": 14.13898296180861, "n_waypoints_completed": 9, "tot_waypoints": 9}}
{"target": -199.23981507921366, "params": {"k_pid_pos": [1.9176378968916694, 0.024859491386256316, 0.8092599635047751], "k_pid_alt": [1.7187705538853828, 0.8662610449795003, 0.1576465649121419], "k_pid_att": [58.989274729095186, 5.088413281584711, 0.6179952950406163], "k_pid_yaw": [0.5, 1e-06, 0.1], "k_pid_hsp": [1.606987810134683, 0.1531003758033771, 0.01], "k_pid_vsp": [284.5460512203246, 355.21150340299164, 1.0]}, "datetime": {"datetime": "2025-08-21 14:58:36", "elapsed": 22432.648907661438, "delta": 16.961260318756104}, "costs": {"total_cost": 199.23981507921366, "time_cost": 74.008, "final_distance_cost": 1.7962576060523423, "oscillation_cost": 52.13447160130811, "completition_cost": 0.0, "overshoot_cost": 49.75637199126062, "power_cost": 11.117407006835938, "noise_cost": 10.427306873756674, "n_waypoints_completed": 9, "tot_waypoints": 9}}
{"target": -183.45266791008666, "params": {"k_pid_pos": [1.9176378968916694, 0.024859491386256316, 0.21152287994165886], "k_pid_alt": [1.7877463665719298, 0.0, 0.06527723447865985], "k_pid_att": [24.0942673894178, 7.284845820832624, 0.8739915892735461], "k_pid_yaw": [0.5, 1e-06, 0.1], "k_pid_hsp": [2.996149354500177, 0.1531003758033771, 0.01], "k_pid_vsp": [63.87935167311278, 93.02116563978787, 1.0]}, "datetime": {"datetime": "2025-08-21 14:58:52", "elapsed": 22449.34194612503, "delta": 16.69303846359253}, "costs": {"total_cost": 183.45266791008666, "time_cost": 67.736, "final_distance_cost": 1.8029189805185002, "oscillation_cost": 45.95955713136107, "completition_cost": 0.0, "overshoot_cost": 50.04310223417032, "power_cost": 8.69686785888672, "noise_cost": 9.21422170515005, "n_waypoints_completed": 9, "tot_waypoints": 9}}
{"target": -182.3670948661229, "params": {"k_pid_pos": [1.7041340386651447, 0.024859491386256316, 0.3434561031905483], "k_pid_alt": [1.6319753356852484, 0.0, 0.3123089974307902], "k_pid_att": [58.989274729095186, 5.088413281584711, 0.6179952950406163], "k_pid_yaw": [0.5, 1e-06, 0.1], "k_pid_hsp": [1.606987810134683, 0.1531003758033771, 0.01], "k_pid_vsp": [110.56511661686339, 355.21150340299164, 1.0]}, "datetime": {"datetime": "2025-08-21 14:59:09", "elapsed": 22465.776260852814, "delta": 16.434314727783203}, "costs": {"total_cost": 182.3670948661229, "time_cost": 68.4, "final_distance_cost": 1.8094277455257375, "oscillation_cost": 40.65075333206143, "completition_cost": 0.0, "overshoot_cost": 49.94920354266782, "power_cost": 11.059630419921875, "noise_cost": 10.498079825946013, "n_waypoints_completed": 9, "tot_waypoints": 9}}
{"target": -190.20465513448198, "params": {"k_pid_pos": [1.9176378968916694, 0.024859491386256316, 0.8092599635047751], "k_pid_alt": [1.7187705538853828, 0.0, 0.06527723447865985], "k_pid_att": [24.0942673894178, 7.284845820832624, 0.8000710073097888], "k_pid_yaw": [0.5, 1e-06, 0.1], "k_pid_hsp": [1.0, 0.1531003758033771, 0.01], "k_pid_vsp": [110.56511661686339, 355.21150340299164, 1.0]}, "datetime": {"datetime": "2025-08-21 14:59:25", "elapsed": 22482.104252815247, "delta": 16.32799196243286}, "costs": {"total_cost": 190.20465513448198, "time_cost": 68.976, "final_distance_cost": 1.8446441664660091, "oscillation_cost": 43.32864916862869, "completition_cost": 0.0, "overshoot_cost": 50.03147816454855, "power_cost": 13.763812426757813, "noise_cost": 12.260071208080902, "n_waypoints_completed": 9, "tot_waypoints": 9}}
{"target": -189.87845047922264, "params": {"k_pid_pos": [1.720684182649488, 0.024859491386256316, 0.21152287994165886], "k_pid_alt": [1.6319753356852484, 0.0, 0.06527723447865985], "k_pid_att": [15.413746305369102, 5.088413281584711, 0.6179952950406163], "k_pid_yaw": [0.5, 1e-06, 0.1], "k_pid_hsp": [3.8015553682621426, 0.1531003758033771, 0.01], "k_pid_vsp": [284.5460512203246, 369.48810340511164, 1.0]}, "datetime": {"datetime": "2025-08-21 14:59:41", "elapsed": 22498.100782632828, "delta": 15.996529817581177}, "costs": {"total_cost": 189.87845047922264, "time_cost": 68.768, "final_distance_cost": 1.7736056164424974, "oscillation_cost": 42.38060706059895, "completition_cost": 0.0, "overshoot_cost": 50.23953351455556, "power_cost": 14.53473201904297, "noise_cost": 12.181972268582676, "n_waypoints_completed": 9, "tot_waypoints": 9}}
{"target": -186.8299009137596, "params": {"k_pid_pos": [1.9176378968916694, 0.024859491386256316, 0.21152287994165886], "k_pid_alt": [1.6319753356852484, 0.0, 0.8153512847683572], "k_pid_att": [58.989274729095186, 1.0313132591148066, 0.6179952950406163], "k_pid_yaw": [0.5, 1e-06, 0.1], "k_pid_hsp": [1.606987810134683, 0.1531003758033771, 0.01], "k_pid_vsp": [110.56511661686339, 355.21150340299164, 1.0]}, "datetime": {"datetime": "2025-08-21 14:59:57", "elapsed": 22514.058533906937, "delta": 15.957751274108887}, "costs": {"total_cost": 186.8299009137596, "time_cost": 69.144, "final_distance_cost": 1.7727417958458842, "oscillation_cost": 46.284591849363856, "completition_cost": 0.0, "overshoot_cost": 50.18114364809161, "power_cost": 9.700584545898439, "noise_cost": 9.746839074559784, "n_waypoints_completed": 9, "tot_waypoints": 9}}
{"target": -203.84658249333773, "params": {"k_pid_pos": [1.9176378968916694, 0.22981412956968694, 0.21152287994165886], "k_pid_alt": [1.6586884955541554, 0.0, 0.06527723447865985], "k_pid_att": [24.0942673894178, 7.284845820832624, 0.9947678187352218], "k_pid_yaw": [0.5, 1e-06, 0.1], "k_pid_hsp": [3.8015553682621426, 0.1531003758033771, 0.01], "k_pid_vsp": [110.56511661686339, 355.21150340299164, 1.0]}, "datetime": {"datetime": "2025-08-21 15:00:15", "elapsed": 22532.074576616287, "delta": 18.016042709350586}, "costs": {"total_cost": 203.84658249333773, "time_cost": 72.664, "final_distance_cost": 1.7375448396522974, "oscillation_cost": 46.55239915388121, "completition_cost": 0.0, "overshoot_cost": 50.70716787490511, "power_cost": 18.12276359863281, "noise_cost": 14.062707026266294, "n_waypoints_completed": 9, "tot_waypoints": 9}}
{"target": -183.7440905058059, "params": {"k_pid_pos": [1.9176378968916694, 0.024859491386256316, 0.21152287994165886], "k_pid_alt": [1.6714132940641002, 0.0, 0.06527723447865985], "k_pid_att": [24.0942673894178, 5.824334032821091, 0.8739915892735461], "k_pid_yaw": [0.5, 1e-06, 0.1], "k_pid_hsp": [1.606987810134683, 0.1531003758033771, 0.01], "k_pid_vsp": [110.56511661686339, 355.21150340299164, 1.0]}, "datetime": {"datetime": "2025-08-21 15:00:30", "elapsed": 22547.359323501587, "delta": 15.284746885299683}, "costs": {"total_cost": 183.7440905058059, "time_cost": 67.56, "final_distance_cost": 1.777152688501026, "oscillation_cost": 45.86249838662633, "completition_cost": 0.0, "overshoot_cost": 49.3397765921656, "power_cost": 9.696884350585938, "noise_cost": 9.507778487927002, "n_waypoints_completed": 9, "tot_waypoints": 9}}
{"target": -297.71727977192603, "params": {"k_pid_pos": [1.9176378968916694, 0.024859491386256316, 0.21152287994165886], "k_pid_alt": [1.6319753356852484, 0.0, 0.3123089974307902], "k_pid_att": [15.500686891893622, 5.088413281584711, 0.6179952950406163], "k_pid_yaw": [0.5, 1e-06, 0.1], "k_pid_hsp": [2.996149354500177, 0.1531003758033771, 0.4841663866400632], "k_pid_vsp": [110.56511661686339, 355.21150340299164, 1.0]}, "datetime": {"datetime": "2025-08-21 15:00:47", "elapsed": 22563.87356185913, "delta": 16.514238357543945}, "costs": {"total_cost": 297.71727977192603, "time_cost": 68.76, "final_distance_cost": 1.7419823217887471, "oscillation_cost": 152.78846760331393, "completition_cost": 0.0, "overshoot_cost": 50.28254545915715, "power_cost": 12.742324096679688, "noise_cost": 11.401960290986553, "n_waypoints_completed": 9, "tot_waypoints": 9}}
{"target": -213.71330658038156, "params": {"k_pid_pos": [1.9176378968916694, 0.4373103020731042, 0.21152287994165886], "k_pid_alt": [0.7472032643467716, 0.0, 0.06527723447865985], "k_pid_att": [57.46444629894164, 7.1419263232097006, 0.6711777735375999], "k_pid_yaw": [0.5, 1e-06, 0.1], "k_pid_hsp": [1.0, 0.1531003758033771, 0.01], "k_pid_vsp": [284.5460512203246, 369.48810340511164, 1.0]}, "datetime": {"datetime": "2025-08-21 15:01:06", "elapsed": 22583.22405052185, "delta": 19.350488662719727}, "costs": {"total_cost": 213.71330658038156, "time_cost": 80.912, "final_distance_cost": 1.7830219115649757, "oscillation_cost": 50.88098902675953, "completition_cost": 0.0, "overshoot_cost": 52.60033469795065, "power_cost": 14.701188049316407, "noise_cost": 12.835772894789994, "n_waypoints_completed": 9, "tot_waypoints": 9}}
{"target": -188.2114877934696, "params": {"k_pid_pos": [1.480900065772379, 0.5783881585159083, 0.8092599635047751], "k_pid_alt": [1.7187705538853828, 0.0, 0.8918388311136772], "k_pid_att": [24.0942673894178, 0.5699551813858681, 0.8739915892735461], "k_pid_yaw": [0.5, 1e-06, 0.1], "k_pid_hsp": [4.690042237190111, 0.1531003758033771, 0.01], "k_pid_vsp": [63.87935167311278, 93.02116563978787, 1.0]}, "datetime": {"datetime": "2025-08-21 15:01:23", "elapsed": 22599.81230854988, "delta": 16.588258028030396}, "costs": {"total_cost": 188.2114877934696, "time_cost": 74.584, "final_distance_cost": 1.8009819156643643, "oscillation_cost": 42.24358395281602, "completition_cost": 0.0, "overshoot_cost": 49.49595041126311, "power_cost": 9.842334765625, "noise_cost": 10.244636748101108, "n_waypoints_completed": 9, "tot_waypoints": 9}}
{"target": -208.093198877683, "params": {"k_pid_pos": [1.9176378968916694, 0.024859491386256316, 0.6250867496839783], "k_pid_alt": [1.6319753356852484, 0.0, 0.2915903713486512], "k_pid_att": [58.989274729095186, 6.766944352677465, 0.6179952950406163], "k_pid_yaw": [0.5, 1e-06, 0.1], "k_pid_hsp": [1.606987810134683, 0.6870351602694771, 0.01], "k_pid_vsp": [376.5747392387296, 175.28714713338795, 1.0]}, "datetime": {"datetime": "2025-08-21 15:01:40", "elapsed": 22616.530391931534, "delta": 16.718083381652832}, "costs": {"total_cost": 208.093198877683, "time_cost": 71.624, "final_distance_cost": 1.850011647788508, "oscillation_cost": 50.49593092632465, "completition_cost": 0.0, "overshoot_cost": 52.10558678859794, "power_cost": 17.955805883789065, "noise_cost": 14.061863631182847, "n_waypoints_completed": 9, "tot_waypoints": 9}}
{"target": -264.7800624401162, "params": {"k_pid_pos": [1.9176378968916694, 0.9992114520727612, 0.6250867496839783], "k_pid_alt": [1.6319753356852484, 0.0, 0.1576465649121419], "k_pid_att": [58.989274729095186, 5.088413281584711, 0.6179952950406163], "k_pid_yaw": [0.5, 1e-06, 0.1], "k_pid_hsp": [1.2726116133729626, 0.1531003758033771, 0.01], "k_pid_vsp": [284.5460512203246, 369.48810340511164, 226.76703262623965]}, "datetime": {"datetime": "2025-08-21 15:02:02", "elapsed": 22639.067543029785, "delta": 22.537151098251343}, "costs": {"total_cost": 264.7800624401162, "time_cost": 97.968, "final_distance_cost": 1.744651579207907, "oscillation_cost": 62.586872323528915, "completition_cost": 0.0, "overshoot_cost": 63.37184448351566, "power_cost": 22.151278234863284, "noise_cost": 16.95741581900041, "n_waypoints_completed": 9, "tot_waypoints": 9}}
{"target": -186.07264389795205, "params": {"k_pid_pos": [1.3885554450422086, 0.024859491386256316, 0.11401919133455096], "k_pid_alt": [1.0304713630477362, 0.0, 0.06527723447865985], "k_pid_att": [24.0942673894178, 7.284845820832624, 0.8739915892735461], "k_pid_yaw": [0.5, 1e-06, 0.1], "k_pid_hsp": [1.606987810134683, 0.1531003758033771, 0.01], "k_pid_vsp": [110.56511661686339, 355.21150340299164, 20.226497411895423]}, "datetime": {"datetime": "2025-08-21 15:02:17", "elapsed": 22654.169855594635, "delta": 15.102312564849854}, "costs": {"total_cost": 186.07264389795205, "time_cost": 68.464, "final_distance_cost": 1.8292224161850537, "oscillation_cost": 44.60819334194, "completition_cost": 0.0, "overshoot_cost": 49.25802991292002, "power_cost": 11.900565405273438, "noise_cost": 10.01263282163357, "n_waypoints_completed": 9, "tot_waypoints": 9}}
{"target": -189.8037820172093, "params": {"k_pid_pos": [1.9176378968916694, 0.024859491386256316, 0.21152287994165886], "k_pid_alt": [1.3959173657108794, 0.0, 0.06527723447865985], "k_pid_att": [24.0942673894178, 7.284845820832624, 0.8739915892735461], "k_pid_yaw": [0.5, 1e-06, 0.1], "k_pid_hsp": [1.0, 0.1531003758033771, 0.01], "k_pid_vsp": [284.5460512203246, 355.21150340299164, 1.0]}, "datetime": {"datetime": "2025-08-21 15:02:33", "elapsed": 22670.375910282135, "delta": 16.2060546875}, "costs": {"total_cost": 189.8037820172093, "time_cost": 68.544, "final_distance_cost": 1.7784624337189798, "oscillation_cost": 43.42392200925053, "completition_cost": 0.0, "overshoot_cost": 49.63971381543248, "power_cost": 14.398243310546876, "noise_cost": 12.019440448260411, "n_waypoints_completed": 9, "tot_waypoints": 9}}
{"target": -192.36238598453863, "params": {"k_pid_pos": [1.9176378968916694, 0.024859491386256316, 0.21152287994165886], "k_pid_alt": [0.8257095450628977, 0.0, 0.06527723447865985], "k_pid_att": [58.989274729095186, 5.088413281584711, 0.6179952950406163], "k_pid_yaw": [0.5, 1e-06, 0.1], "k_pid_hsp": [3.8015553682621426, 0.1531003758033771, 0.01], "k_pid_vsp": [378.2079564087626, 355.21150340299164, 1.0]}, "datetime": {"datetime": "2025-08-21 15:02:49", "elapsed": 22686.355496883392, "delta": 15.979586601257324}, "costs": {"total_cost": 192.36238598453863, "time_cost": 70.208, "final_distance_cost": 1.7896292439348538, "oscillation_cost": 51.13333355975687, "completition_cost": 0.0, "overshoot_cost": 50.40210823136178, "power_cost": 9.230363012695314, "noise_cost": 9.59895193678983, "n_waypoints_completed": 9, "tot_waypoints": 9}}
{"target": -188.69912965876964, "params": {"k_pid_pos": [1.9176378968916694, 0.019460639298323645, 0.0386815934960667], "k_pid_alt": [1.477768752937916, 0.0, 0.1576465649121419], "k_pid_att": [24.0942673894178, 1.2832267695489696, 0.8739915892735461], "k_pid_yaw": [0.5, 1e-06, 0.1], "k_pid_hsp": [1.0, 0.1531003758033771, 0.01], "k_pid_vsp": [110.56511661686339, 355.21150340299164, 1.0]}, "datetime": {"datetime": "2025-08-21 15:03:06", "elapsed": 22702.702973604202, "delta": 16.347476720809937}, "costs": {"total_cost": 188.69912965876964, "time_cost": 68.888, "final_distance_cost": 1.7709009561106368, "oscillation_cost": 45.58878844638664, "completition_cost": 0.0, "overshoot_cost": 49.90924440051488, "power_cost": 11.710031127929689, "noise_cost": 10.832164727827774, "n_waypoints_completed": 9, "tot_waypoints": 9}}
{"target": -198.0728251359548, "params": {"k_pid_pos": [1.9648629373893673, 0.024859491386256316, 0.8092599635047751], "k_pid_alt": [0.9507522332047484, 0.0, 0.06527723447865985], "k_pid_att": [24.0942673894178, 6.806811407577699, 0.6711777735375999], "k_pid_yaw": [0.5, 1e-06, 0.1], "k_pid_hsp": [1.0, 0.1531003758033771, 0.01], "k_pid_vsp": [284.5460512203246, 369.48810340511164, 29.020453107259044]}, "datetime": {"datetime": "2025-08-21 15:03:22", "elapsed": 22719.399334669113, "delta": 16.69636106491089}, "costs": {"total_cost": 198.0728251359548, "time_cost": 70.128, "final_distance_cost": 1.8315494104306214, "oscillation_cost": 42.68178223612484, "completition_cost": 0.0, "overshoot_cost": 50.17265174937135, "power_cost": 19.063920959472657, "noise_cost": 14.19492078055531, "n_waypoints_completed": 9, "tot_waypoints": 9}}
{"target": -188.5069713569821, "params": {"k_pid_pos": [1.7041340386651447, 0.024859491386256316, 0.3434561031905483], "k_pid_alt": [1.6319753356852484, 0.0, 0.3123089974307902], "k_pid_att": [58.989274729095186, 5.088413281584711, 0.6179952950406163], "k_pid_yaw": [0.5, 1e-06, 0.1], "k_pid_hsp": [1.606987810134683, 0.1531003758033771, 0.01], "k_pid_vsp": [110.56511661686339, 355.21150340299164, 1.0]}, "datetime": {"datetime": "2025-08-21 15:03:38", "elapsed": 22734.96061348915, "delta": 15.561278820037842}, "costs": {"total_cost": 188.5069713569821, "time_cost": 68.952, "final_distance_cost": 1.7856540628542437, "oscillation_cost": 38.683722622551954, "completition_cost": 0.0, "overshoot_cost": 50.90788691878298, "power_cost": 15.418630346679688, "noise_cost": 12.75907740611322, "n_waypoints_completed": 9, "tot_waypoints": 9}}
{"target": -194.562386280951, "params": {"k_pid_pos": [1.9176378968916694, 0.07129208892642425, 0.6250867496839783], "k_pid_alt": [1.6319753356852484, 0.0, 0.1576465649121419], "k_pid_att": [58.989274729095186, 5.088413281584711, 0.6179952950406163], "k_pid_yaw": [0.5, 1e-06, 0.1], "k_pid_hsp": [1.2726116133729626, 0.1531003758033771, 0.01], "k_pid_vsp": [284.5460512203246, 369.48810340511164, 1.0]}, "datetime": {"datetime": "2025-08-21 15:03:55", "elapsed": 22751.93226122856, "delta": 16.9716477394104}, "costs": {"total_cost": 194.562386280951, "time_cost": 70.864, "final_distance_cost": 1.8036271168883884, "oscillation_cost": 42.343368335524644, "completition_cost": 0.0, "overshoot_cost": 50.90665378105073, "power_cost": 15.583310473632814, "noise_cost": 13.061426573854382, "n_waypoints_completed": 9, "tot_waypoints": 9}}
{"target": -202.06460190094032, "params": {"k_pid_pos": [1.9176378968916694, 0.024859491386256316, 0.21152287994165886], "k_pid_alt": [1.7877463665719298, 0.0, 0.06527723447865985], "k_pid_att": [24.0942673894178, 7.284845820832624, 0.8739915892735461], "k_pid_yaw": [0.5, 1e-06, 0.1], "k_pid_hsp": [2.996149354500177, 0.1531003758033771, 0.01], "k_pid_vsp": [63.87935167311278, 93.02116563978787, 1.0]}, "datetime": {"datetime": "2025-08-21 15:04:11", "elapsed": 22768.065207481384, "delta": 16.132946252822876}, "costs": {"total_cost": 202.06460190094032, "time_cost": 72.08800000000001, "final_distance_cost": 1.8034308822113672, "oscillation_cost": 48.53953137740451, "completition_cost": 0.0, "overshoot_cost": 51.91157908450461, "power_cost": 15.048617614746094, "noise_cost": 12.67344294207373, "n_waypoints_completed": 9, "tot_waypoints": 9}}
{"target": -205.33829515094038, "params": {"k_pid_pos": [0.7850540835226802, 0.22981412956968694, 0.21152287994165886], "k_pid_alt": [1.6586884955541554, 0.0, 0.06527723447865985], "k_pid_att": [24.0942673894178, 6.1000979977801535, 0.9947678187352218], "k_pid_yaw": [0.5, 1e-06, 0.1], "k_pid_hsp": [3.8015553682621426, 0.1531003758033771, 0.01], "k_pid_vsp": [110.56511661686339, 355.21150340299164, 20.226497411895423]}, "datetime": {"datetime": "2025-08-21 15:04:28", "elapsed": 22785.091799020767, "delta": 17.026591539382935}, "costs": {"total_cost": 205.33829515094038, "time_cost": 74.64, "final_distance_cost": 1.8257624718361423, "oscillation_cost": 47.141101029335736, "completition_cost": 0.0, "overshoot_cost": 50.44570839419475, "power_cost": 17.51677733154297, "noise_cost": 13.768945924030787, "n_waypoints_completed": 9, "tot_waypoints": 9}}
{"target": -179.77024590922122, "params": {"k_pid_pos": [1.3885554450422086, 0.024859491386256316, 0.11401919133455096], "k_pid_alt": [1.0304713630477362, 0.0, 0.06527723447865985], "k_pid_att": [24.0942673894178, 7.284845820832624, 0.73590781336997], "k_pid_yaw": [0.5, 1e-06, 0.1], "k_pid_hsp": [1.606987810134683, 0.1531003758033771, 0.01], "k_pid_vsp": [110.56511661686339, 355.21150340299164, 1.0]}, "datetime": {"datetime": "2025-08-21 15:04:44", "elapsed": 22801.204450130463, "delta": 16.112651109695435}, "costs": {"total_cost": 179.77024590922122, "time_cost": 68.816, "final_distance_cost": 1.7989967543541467, "oscillation_cost": 39.69702645908322, "completition_cost": 0.0, "overshoot_cost": 49.159704540424954, "power_cost": 10.280127355957031, "noise_cost": 10.018390799401853, "n_waypoints_completed": 9, "tot_waypoints": 9}}
