{"target": -197.54128505921742, "params": {"k_pid_pos": [0.9959853208014533, 0.024859491386256316, 0.11401919133455096], "k_pid_alt": [1.2679502233621702, 0.0, 0.8361997509577753], "k_pid_att": [19.462821160492226, 4.138056718860487, 0.20230861884209816], "k_pid_yaw": [0.5, 1e-06, 0.1], "k_pid_hsp": [1.394059891471576, 0.30812696203626844, 0.01], "k_pid_vsp": [176.4074495617074, 10.0, 1.0]}, "datetime": {"datetime": "2025-08-21 10:52:33", "elapsed": 7670.440730333328, "delta": 16.750417470932007}, "costs": {"total_cost": 197.54128505921742, "time_cost": 73.864, "final_distance_cost": 1.8511652842415038, "oscillation_cost": 45.35917708869031, "completition_cost": 0.0, "overshoot_cost": 50.52521010986226, "power_cost": 13.689533874511719, "noise_cost": 12.252198701911626, "n_waypoints_completed": 9, "tot_waypoints": 9}}
{"target": -188.6115200601904, "params": {"k_pid_pos": [1.1496839804071068, 0.024859491386256316, 0.11401919133455096], "k_pid_alt": [1.2679502233621702, 0.0, 0.016491258977649914], "k_pid_att": [17.813414374173632, 9.597749245839971, 0.3366070335655168], "k_pid_yaw": [0.5, 1e-06, 0.1], "k_pid_hsp": [1.5353014571438959, 0.01, 0.01], "k_pid_vsp": [150.0, 221.6078012742647, 1.0]}, "datetime": {"datetime": "2025-08-21 10:52:50", "elapsed": 7686.775216817856, "delta": 16.334486484527588}, "costs": {"total_cost": 188.6115200601904, "time_cost": 69.512, "final_distance_cost": 1.8304858956767984, "oscillation_cost": 36.93095825666107, "completition_cost": 0.0, "overshoot_cost": 50.32432363367001, "power_cost": 16.47590065917969, "noise_cost": 13.537851615002802, "n_waypoints_completed": 9, "tot_waypoints": 9}}
{"target": -203.32582651873906, "params": {"k_pid_pos": [1.3885554450422086, 0.024859491386256316, 0.11401919133455096], "k_pid_alt": [1.2679502233621702, 0.0, 0.8361997509577753], "k_pid_att": [20.236336479523032, 3.0596356458441103, 0.9274604585040267], "k_pid_yaw": [0.5, 1e-06, 0.1], "k_pid_hsp": [9.179433221978535, 0.01, 0.01], "k_pid_vsp": [253.67328615807344, 355.21150340299164, 58.10898780114173]}, "datetime": {"datetime": "2025-08-21 10:53:07", "elapsed": 7703.826046705246, "delta": 17.050829887390137}, "costs": {"total_cost": 203.32582651873906, "time_cost": 70.648, "final_distance_cost": 1.8094740879268445, "oscillation_cost": 55.71932170485563, "completition_cost": 0.0, "overshoot_cost": 49.3699290844195, "power_cost": 14.526786108398438, "noise_cost": 11.252315533138663, "n_waypoints_completed": 9, "tot_waypoints": 9}}
{"target": -190.85688100347727, "params": {"k_pid_pos": [1.3885554450422086, 0.024859491386256316, 0.11401919133455096], "k_pid_alt": [1.2679502233621702, 0.0, 0.9495727706536599], "k_pid_att": [20.236336479523032, 3.0596356458441103, 0.2787101805563399], "k_pid_yaw": [0.5, 1e-06, 0.1], "k_pid_hsp": [1.5353014571438959, 0.01, 0.01], "k_pid_vsp": [150.0, 351.388862279923, 1.0]}, "datetime": {"datetime": "2025-08-21 10:53:24", "elapsed": 7720.626913547516, "delta": 16.800866842269897}, "costs": {"total_cost": 190.85688100347727, "time_cost": 72.248, "final_distance_cost": 1.8226452841005043, "oscillation_cost": 40.52100527984765, "completition_cost": 0.0, "overshoot_cost": 50.47017438467482, "power_cost": 13.761134887695313, "noise_cost": 12.033921167158967, "n_waypoints_completed": 9, "tot_waypoints": 9}}
{"target": -223.16432454315373, "params": {"k_pid_pos": [1.1496839804071068, 0.7234095031624597, 0.11401919133455096], "k_pid_alt": [1.2679502233621702, 0.0, 0.016491258977649914], "k_pid_att": [17.813414374173632, 9.597749245839971, 0.3952346537588943], "k_pid_yaw": [0.5, 1e-06, 0.1], "k_pid_hsp": [1.0, 0.1531003758033771, 0.01], "k_pid_vsp": [175.8349501205355, 355.21150340299164, 1.0]}, "datetime": {"datetime": "2025-08-21 10:53:43", "elapsed": 7740.110762357712, "delta": 19.483848810195923}, "costs": {"total_cost": 223.16432454315373, "time_cost": 85.024, "final_distance_cost": 1.7198039258608002, "oscillation_cost": 53.32831091878623, "completition_cost": 0.0, "overshoot_cost": 51.508604003410944, "power_cost": 17.10785897216797, "noise_cost": 14.475746722927756, "n_waypoints_completed": 9, "tot_waypoints": 9}}
{"target": -508.0521381768786, "params": {"k_pid_pos": [1.1496839804071068, 0.1421860130150272, 0.11401919133455096], "k_pid_alt": [1.2679502233621702, 0.0, 0.016491258977649914], "k_pid_att": [17.813414374173632, 9.597749245839971, 0.3952346537588943], "k_pid_yaw": [0.5, 1e-06, 0.1], "k_pid_hsp": [1.0, 0.1531003758033771, 0.597335918711443], "k_pid_vsp": [378.2079564087626, 355.21150340299164, 1.0]}, "datetime": {"datetime": "2025-08-21 10:54:06", "elapsed": 7762.912456274033, "delta": 22.8016939163208}, "costs": {"total_cost": 508.0521381768786, "time_cost": 97.712, "final_distance_cost": 1.765198574689836, "oscillation_cost": 314.8861357465833, "completition_cost": 0.0, "overshoot_cost": 57.07897837446012, "power_cost": 19.992048828125, "noise_cost": 16.617776653020314, "n_waypoints_completed": 9, "tot_waypoints": 9}}
{"target": -214.59882566353645, "params": {"k_pid_pos": [1.3885554450422086, 0.024859491386256316, 0.11401919133455096], "k_pid_alt": [1.2679502233621702, 0.19076095246666414, 0.9495727706536599], "k_pid_att": [20.236336479523032, 3.0596356458441103, 0.2787101805563399], "k_pid_yaw": [0.5, 1e-06, 0.1], "k_pid_hsp": [1.5353014571438959, 0.01, 0.01], "k_pid_vsp": [150.0, 10.0, 1.0]}, "datetime": {"datetime": "2025-08-21 10:54:26", "elapsed": 7782.5605545043945, "delta": 19.64809823036194}, "costs": {"total_cost": 214.59882566353645, "time_cost": 83.288, "final_distance_cost": 1.7622576302261113, "oscillation_cost": 52.35434184985647, "completition_cost": 0.0, "overshoot_cost": 51.582731629836196, "power_cost": 13.360605285644532, "noise_cost": 12.250889267973122, "n_waypoints_completed": 9, "tot_waypoints": 9}}
{"target": -203.93069125405938, "params": {"k_pid_pos": [1.1496839804071068, 0.6818167256463189, 0.11401919133455096], "k_pid_alt": [1.2679502233621702, 0.0, 0.016491258977649914], "k_pid_att": [17.813414374173632, 9.597749245839971, 0.48922906718999004], "k_pid_yaw": [0.5, 1e-06, 0.1], "k_pid_hsp": [6.779068060256637, 0.1531003758033771, 0.01], "k_pid_vsp": [150.0, 351.388862279923, 1.0]}, "datetime": {"datetime": "2025-08-21 10:54:44", "elapsed": 7800.4807143211365, "delta": 17.920159816741943}, "costs": {"total_cost": 203.93069125405938, "time_cost": 77.952, "final_distance_cost": 1.7434096326877293, "oscillation_cost": 52.988004403998545, "completition_cost": 0.0, "overshoot_cost": 49.9251013566652, "power_cost": 10.736446899414062, "noise_cost": 10.585728961293857, "n_waypoints_completed": 9, "tot_waypoints": 9}}
{"target": -187.7635159653708, "params": {"k_pid_pos": [1.3885554450422086, 0.024859491386256316, 0.11401919133455096], "k_pid_alt": [1.2679502233621702, 0.0, 0.9324720513360747], "k_pid_att": [20.236336479523032, 3.0596356458441103, 0.2787101805563399], "k_pid_yaw": [0.5, 1e-06, 0.1], "k_pid_hsp": [1.5353014571438959, 0.01, 0.01], "k_pid_vsp": [150.0, 351.388862279923, 1.0]}, "datetime": {"datetime": "2025-08-21 10:55:00", "elapsed": 7816.781404972076, "delta": 16.30069065093994}, "costs": {"total_cost": 187.7635159653708, "time_cost": 71.592, "final_distance_cost": 1.8162922323437551, "oscillation_cost": 42.878157563033675, "completition_cost": 0.0, "overshoot_cost": 49.76217433400831, "power_cost": 11.111535156250001, "noise_cost": 10.603356679735084, "n_waypoints_completed": 9, "tot_waypoints": 9}}
{"target": -235.99750030983668, "params": {"k_pid_pos": [1.1496839804071068, 0.8299866489848887, 0.11401919133455096], "k_pid_alt": [1.2679502233621702, 0.0, 0.016491258977649914], "k_pid_att": [17.813414374173632, 9.597749245839971, 0.3366070335655168], "k_pid_yaw": [0.5, 1e-06, 0.1], "k_pid_hsp": [1.5353014571438959, 0.01, 0.01], "k_pid_vsp": [150.0, 351.388862279923, 1.0]}, "datetime": {"datetime": "2025-08-21 10:55:22", "elapsed": 7838.992399454117, "delta": 22.210994482040405}, "costs": {"total_cost": 235.99750030983668, "time_cost": 89.496, "final_distance_cost": 1.7667588929345224, "oscillation_cost": 56.59250826439875, "completition_cost": 0.0, "overshoot_cost": 52.94022921543285, "power_cost": 19.32233330078125, "noise_cost": 15.87967063628932, "n_waypoints_completed": 9, "tot_waypoints": 9}}
{"target": -1007.9486413672995, "params": {"k_pid_pos": [1.3885554450422086, 0.024859491386256316, 0.11401919133455096], "k_pid_alt": [1.2679502233621702, 0.0, 0.6853152424192422], "k_pid_att": [20.236336479523032, 3.0596356458441103, 0.9274604585040267], "k_pid_yaw": [0.5, 1e-06, 0.1], "k_pid_hsp": [8.097710813561642, 0.01, 0.01], "k_pid_vsp": [378.2079564087626, 253.02848828182366, 377.79234258461804]}, "datetime": {"datetime": "2025-08-21 10:55:44", "elapsed": 7861.405747890472, "delta": 22.41334843635559}, "costs": {"total_cost": 1007.9486413672995, "time_cost": 150, "final_distance_cost": 53.81451582176321, "oscillation_cost": 40.55267941190712, "completition_cost": 666.6666666666667, "overshoot_cost": 59.122940653771714, "power_cost": 22.223357934570313, "noise_cost": 15.56848087862039, "n_waypoints_completed": 3, "tot_waypoints": 9}}
{"target": -177.50003424665562, "params": {"k_pid_pos": [1.1496839804071068, 0.024859491386256316, 0.11401919133455096], "k_pid_alt": [1.2679502233621702, 0.0, 0.016491258977649914], "k_pid_att": [17.813414374173632, 0.0032441649989051976, 0.3952346537588943], "k_pid_yaw": [0.5, 1e-06, 0.1], "k_pid_hsp": [1.0, 0.1531003758033771, 0.01], "k_pid_vsp": [378.2079564087626, 355.21150340299164, 1.0]}, "datetime": {"datetime": "2025-08-21 10:56:00", "elapsed": 7877.4148914813995, "delta": 16.009143590927124}, "costs": {"total_cost": 177.50003424665562, "time_cost": 68.632, "final_distance_cost": 1.8460292992172211, "oscillation_cost": 38.858267334719805, "completition_cost": 0.0, "overshoot_cost": 49.37873822490399, "power_cost": 9.162770935058594, "noise_cost": 9.622228452755996, "n_waypoints_completed": 9, "tot_waypoints": 9}}
{"target": -231.95105044386435, "params": {"k_pid_pos": [1.1496839804071068, 0.024859491386256316, 0.11401919133455096], "k_pid_alt": [0.7, 0.25490090380257047, 0.1], "k_pid_att": [85.02836851553842, 7.284845820832624, 0.004857337777279036], "k_pid_yaw": [0.5, 1e-06, 0.1], "k_pid_hsp": [1.0, 0.01, 0.01], "k_pid_vsp": [176.4074495617074, 355.21150340299164, 1.0]}, "datetime": {"datetime": "2025-08-21 10:56:20", "elapsed": 7896.830656528473, "delta": 19.415765047073364}, "costs": {"total_cost": 231.95105044386435, "time_cost": 84.368, "final_distance_cost": 1.7944410579582128, "oscillation_cost": 59.96410534389223, "completition_cost": 0.0, "overshoot_cost": 53.34627346712319, "power_cost": 17.98290563964844, "noise_cost": 14.495324935242307, "n_waypoints_completed": 9, "tot_waypoints": 9}}
{"target": -175.9418059856175, "params": {"k_pid_pos": [1.1496839804071068, 0.024859491386256316, 0.11401919133455096], "k_pid_alt": [1.2679502233621702, 0.0, 0.016491258977649914], "k_pid_att": [17.813414374173632, 0.0032441649989051976, 0.3952346537588943], "k_pid_yaw": [0.5, 1e-06, 0.1], "k_pid_hsp": [1.0, 0.1531003758033771, 0.01], "k_pid_vsp": [378.2079564087626, 355.21150340299164, 1.0]}, "datetime": {"datetime": "2025-08-21 10:56:36", "elapsed": 7912.4872624874115, "delta": 15.656605958938599}, "costs": {"total_cost": 175.9418059856175, "time_cost": 68.57600000000001, "final_distance_cost": 1.8414506722100712, "oscillation_cost": 39.14198915512146, "completition_cost": 0.0, "overshoot_cost": 49.79008980110107, "power_cost": 7.777113012695313, "noise_cost": 8.815163344489568, "n_waypoints_completed": 9, "tot_waypoints": 9}}
{"target": -181.33767169804852, "params": {"k_pid_pos": [1.3885554450422086, 0.024859491386256316, 0.11401919133455096], "k_pid_alt": [1.2679502233621702, 0.0, 0.8361997509577753], "k_pid_att": [43.948176657889235, 3.0596356458441103, 0.9274604585040267], "k_pid_yaw": [0.5, 1e-06, 0.1], "k_pid_hsp": [1.5353014571438959, 0.01, 0.01], "k_pid_vsp": [150.0, 351.388862279923, 1.0]}, "datetime": {"datetime": "2025-08-21 10:56:52", "elapsed": 7928.604702472687, "delta": 16.11743998527527}, "costs": {"total_cost": 181.33767169804852, "time_cost": 71.144, "final_distance_cost": 1.8216674415063567, "oscillation_cost": 38.88096043702779, "completition_cost": 0.0, "overshoot_cost": 49.9043232756312, "power_cost": 9.733805688476563, "noise_cost": 9.852914855406594, "n_waypoints_completed": 9, "tot_waypoints": 9}}
{"target": -246.88207413250444, "params": {"k_pid_pos": [1.1496839804071068, 0.024859491386256316, 0.11401919133455096], "k_pid_alt": [1.2679502233621702, 0.0, 0.016491258977649914], "k_pid_att": [17.813414374173632, 9.597749245839971, 0.3952346537588943], "k_pid_yaw": [0.5, 1e-06, 0.1], "k_pid_hsp": [1.0, 0.1531003758033771, 0.01], "k_pid_vsp": [378.2079564087626, 355.21150340299164, 1.0]}, "datetime": {"datetime": "2025-08-21 10:57:13", "elapsed": 7950.413274765015, "delta": 21.80857229232788}, "costs": {"total_cost": 246.88207413250444, "time_cost": 96.144, "final_distance_cost": 1.845549466596656, "oscillation_cost": 42.7787750210918, "completition_cost": 0.0, "overshoot_cost": 59.66564887636295, "power_cost": 26.830590148925783, "noise_cost": 19.61751061952726, "n_waypoints_completed": 9, "tot_waypoints": 9}}
{"target": -187.93326053253304, "params": {"k_pid_pos": [1.3885554450422086, 0.024859491386256316, 0.11401919133455096], "k_pid_alt": [1.2679502233621702, 0.0, 0.8361997509577753], "k_pid_att": [43.948176657889235, 3.0596356458441103, 0.9274604585040267], "k_pid_yaw": [0.5, 1e-06, 0.1], "k_pid_hsp": [1.5353014571438959, 0.01, 0.01], "k_pid_vsp": [378.2079564087626, 355.21150340299164, 131.1523689840326]}, "datetime": {"datetime": "2025-08-21 10:57:29", "elapsed": 7966.213748455048, "delta": 15.800473690032959}, "costs": {"total_cost": 187.93326053253304, "time_cost": 69.16, "final_distance_cost": 1.8139207429537474, "oscillation_cost": 42.37833179152768, "completition_cost": 0.0, "overshoot_cost": 49.59711677562218, "power_cost": 14.368126477050781, "noise_cost": 10.615764745378677, "n_waypoints_completed": 9, "tot_waypoints": 9}}
{"target": -195.9069663912012, "params": {"k_pid_pos": [1.1496839804071068, 0.258121499649558, 0.11401919133455096], "k_pid_alt": [1.2679502233621702, 0.0, 0.016491258977649914], "k_pid_att": [20.236336479523032, 3.0596356458441103, 0.9274604585040267], "k_pid_yaw": [0.5, 1e-06, 0.1], "k_pid_hsp": [1.5353014571438959, 0.9618157414002794, 0.01], "k_pid_vsp": [150.0, 351.388862279923, 1.0]}, "datetime": {"datetime": "2025-08-21 10:57:45", "elapsed": 7982.2852029800415, "delta": 16.071454524993896}, "costs": {"total_cost": 195.9069663912012, "time_cost": 70.616, "final_distance_cost": 1.7949592896419755, "oscillation_cost": 53.97214291718868, "completition_cost": 0.0, "overshoot_cost": 49.669426166017054, "power_cost": 9.88527879638672, "noise_cost": 9.969159221966748, "n_waypoints_completed": 9, "tot_waypoints": 9}}
{"target": -185.88754549000313, "params": {"k_pid_pos": [1.1496839804071068, 0.35023019656788623, 0.11401919133455096], "k_pid_alt": [1.2679502233621702, 0.0, 0.016491258977649914], "k_pid_att": [17.813414374173632, 9.597749245839971, 0.3366070335655168], "k_pid_yaw": [0.5, 1e-06, 0.1], "k_pid_hsp": [1.5353014571438959, 0.01, 0.01], "k_pid_vsp": [150.0, 221.6078012742647, 1.0]}, "datetime": {"datetime": "2025-08-21 10:58:02", "elapsed": 7998.9190356731415, "delta": 16.633832693099976}, "costs": {"total_cost": 185.88754549000313, "time_cost": 72.768, "final_distance_cost": 1.7747829920554226, "oscillation_cost": 43.066170746803415, "completition_cost": 0.0, "overshoot_cost": 50.7446294978118, "power_cost": 8.215245825195312, "noise_cost": 9.318716428137138, "n_waypoints_completed": 9, "tot_waypoints": 9}}
{"target": -189.78734615514733, "params": {"k_pid_pos": [1.1496839804071068, 0.024859491386256316, 0.11401919133455096], "k_pid_alt": [1.2679502233621702, 0.0, 0.5012331895262763], "k_pid_att": [17.813414374173632, 9.597749245839971, 0.3952346537588943], "k_pid_yaw": [0.5, 1e-06, 0.1], "k_pid_hsp": [1.0, 0.1531003758033771, 0.01], "k_pid_vsp": [378.2079564087626, 355.21150340299164, 1.0]}, "datetime": {"datetime": "2025-08-21 10:58:18", "elapsed": 8015.117390632629, "delta": 16.198354959487915}, "costs": {"total_cost": 189.78734615514733, "time_cost": 70.896, "final_distance_cost": 1.8500565504885809, "oscillation_cost": 40.42536026691625, "completition_cost": 0.0, "overshoot_cost": 49.90268836072688, "power_cost": 14.321941735839845, "noise_cost": 12.391299241175785, "n_waypoints_completed": 9, "tot_waypoints": 9}}
{"target": -1166.1223101654841, "params": {"k_pid_pos": [1.3885554450422086, 0.024859491386256316, 0.11401919133455096], "k_pid_alt": [1.2679502233621702, 0.0, 0.8361997509577753], "k_pid_att": [43.948176657889235, 5.698441898331262, 0.9274604585040267], "k_pid_yaw": [0.5, 1e-06, 0.1], "k_pid_hsp": [1.5353014571438959, 0.01, 0.01], "k_pid_vsp": [150.0, 351.388862279923, 358.91346711595696]}, "datetime": {"datetime": "2025-08-21 10:58:41", "elapsed": 8037.867681264877, "delta": 22.750290632247925}, "costs": {"total_cost": 1166.1223101654841, "time_cost": 150, "final_distance_cost": 70.49935078249598, "oscillation_cost": 36.600444204498196, "completition_cost": 777.7777777777778, "overshoot_cost": 103.39966637104646, "power_cost": 11.431464086914064, "noise_cost": 16.41360694275151, "n_waypoints_completed": 2, "tot_waypoints": 9}}
{"target": -207.5246011954431, "params": {"k_pid_pos": [1.1496839804071068, 0.024859491386256316, 0.11401919133455096], "k_pid_alt": [1.1959010262395136, 0.0, 0.016491258977649914], "k_pid_att": [71.08876827294898, 0.0032441649989051976, 0.3952346537588943], "k_pid_yaw": [0.5, 1e-06, 0.1], "k_pid_hsp": [1.0, 0.1531003758033771, 0.01], "k_pid_vsp": [378.2079564087626, 355.21150340299164, 177.16353308542304]}, "datetime": {"datetime": "2025-08-21 10:58:58", "elapsed": 8055.330123901367, "delta": 17.462442636489868}, "costs": {"total_cost": 207.5246011954431, "time_cost": 74.496, "final_distance_cost": 1.832377374440499, "oscillation_cost": 44.08803102603019, "completition_cost": 0.0, "overshoot_cost": 53.46622596634586, "power_cost": 18.964009033203126, "noise_cost": 14.677957795423428, "n_waypoints_completed": 9, "tot_waypoints": 9}}
{"target": -406.2903089617933, "params": {"k_pid_pos": [1.3885554450422086, 0.024859491386256316, 0.11401919133455096], "k_pid_alt": [0.6073168342197379, 0.0, 0.8361997509577753], "k_pid_att": [43.948176657889235, 1.1322615083422152, 0.9274604585040267], "k_pid_yaw": [0.5, 1e-06, 0.1], "k_pid_hsp": [1.5353014571438959, 0.01, 0.5627030530435029], "k_pid_vsp": [378.2079564087626, 355.21150340299164, 131.1523689840326]}, "datetime": {"datetime": "2025-08-21 10:59:21", "elapsed": 8078.3339407444, "delta": 23.003816843032837}, "costs": {"total_cost": 406.2903089617933, "time_cost": 98.536, "final_distance_cost": 1.8287177235945844, "oscillation_cost": 213.29123832696345, "completition_cost": 0.0, "overshoot_cost": 58.87944654773945, "power_cost": 18.76966115722656, "noise_cost": 14.985245206269294, "n_waypoints_completed": 9, "tot_waypoints": 9}}
{"target": -231.16455476785345, "params": {"k_pid_pos": [1.1496839804071068, 0.258121499649558, 0.11401919133455096], "k_pid_alt": [1.2679502233621702, 0.4346042841186101, 0.016491258977649914], "k_pid_att": [20.236336479523032, 3.0596356458441103, 0.9274604585040267], "k_pid_yaw": [0.5, 1e-06, 0.1], "k_pid_hsp": [1.5353014571438959, 0.01, 0.01], "k_pid_vsp": [150.0, 351.388862279923, 1.0]}, "datetime": {"datetime": "2025-08-21 10:59:42", "elapsed": 8099.004276275635, "delta": 20.67033553123474}, "costs": {"total_cost": 231.16455476785345, "time_cost": 90.128, "final_distance_cost": 1.7474163296151501, "oscillation_cost": 48.82113878136258, "completition_cost": 0.0, "overshoot_cost": 54.72926930093211, "power_cost": 19.81964138183594, "noise_cost": 15.919088974107668, "n_waypoints_completed": 9, "tot_waypoints": 9}}
{"target": -184.79107497647865, "params": {"k_pid_pos": [1.3885554450422086, 0.024859491386256316, 0.11401919133455096], "k_pid_alt": [1.2679502233621702, 0.0, 0.8361997509577753], "k_pid_att": [20.236336479523032, 3.0596356458441103, 0.9274604585040267], "k_pid_yaw": [0.5, 1e-06, 0.1], "k_pid_hsp": [1.5353014571438959, 0.01, 0.01], "k_pid_vsp": [378.2079564087626, 355.21150340299164, 1.0]}, "datetime": {"datetime": "2025-08-21 10:59:59", "elapsed": 8116.37646651268, "delta": 17.372190237045288}, "costs": {"total_cost": 184.79107497647865, "time_cost": 71.248, "final_distance_cost": 1.8276931630705597, "oscillation_cost": 38.45070618206716, "completition_cost": 0.0, "overshoot_cost": 49.76615052734266, "power_cost": 12.288016674804688, "noise_cost": 11.210508429193586, "n_waypoints_completed": 9, "tot_waypoints": 9}}
{"target": -211.07298577670554, "params": {"k_pid_pos": [1.3885554450422086, 0.024859491386256316, 0.11401919133455096], "k_pid_alt": [1.2679502233621702, 0.19076095246666414, 0.9495727706536599], "k_pid_att": [6.9838592493503215, 3.0596356458441103, 0.2787101805563399], "k_pid_yaw": [0.5, 1e-06, 0.1], "k_pid_hsp": [1.5353014571438959, 0.01, 0.01], "k_pid_vsp": [150.0, 10.0, 1.0]}, "datetime": {"datetime": "2025-08-21 11:00:18", "elapsed": 8135.245289325714, "delta": 18.868822813034058}, "costs": {"total_cost": 211.07298577670554, "time_cost": 82.85600000000001, "final_distance_cost": 1.7445360812406865, "oscillation_cost": 52.00150847812836, "completition_cost": 0.0, "overshoot_cost": 51.11851682192228, "power_cost": 11.979330529785157, "noise_cost": 11.373093865629059, "n_waypoints_completed": 9, "tot_waypoints": 9}}
