{"target": -254.08076184344122, "params": {"k_pid_pos": [1.3368390832847643, 0.4710962061431325, 0.5652361064811888], "k_pid_alt": [1.142334724111482, 0.6347183200005908, 0.1], "k_pid_att": [20.0, 1.0, 0.01], "k_pid_yaw": [0.5, 1e-06, 0.1], "k_pid_hsp": [1.0, 0.01, 0.01], "k_pid_vsp": [383.23703166425986, 15.500533572620455, 1.0]}, "datetime": {"datetime": "2025-08-21 09:52:24", "elapsed": 4061.3051595687866, "delta": 24.754039764404297}, "costs": {"total_cost": 254.08076184344122, "time_cost": 82.85600000000001, "final_distance_cost": 1.749114099092296, "oscillation_cost": 94.87852989964938, "completition_cost": 0.0, "overshoot_cost": 51.953233893204064, "power_cost": 11.48644715576172, "noise_cost": 11.15743679573375, "n_waypoints_completed": 9, "tot_waypoints": 9}}
{"target": -209.2376282248172, "params": {"k_pid_pos": [1.3885554450422086, 0.509734659876444, 0.11401919133455096], "k_pid_alt": [1.2679502233621702, 0.0, 0.20799807370846057], "k_pid_att": [22.592895791678245, 9.597749245839971, 0.3952346537588943], "k_pid_yaw": [0.5, 1e-06, 0.1], "k_pid_hsp": [1.0, 0.01, 0.01], "k_pid_vsp": [150.0, 10.0, 1.0]}, "datetime": {"datetime": "2025-08-21 09:52:49", "elapsed": 4085.8750064373016, "delta": 24.569846868515015}, "costs": {"total_cost": 209.2376282248172, "time_cost": 83.024, "final_distance_cost": 1.746187736306522, "oscillation_cost": 45.589698416763746, "completition_cost": 0.0, "overshoot_cost": 52.72214665982288, "power_cost": 13.635132275390626, "noise_cost": 12.520463136533428, "n_waypoints_completed": 9, "tot_waypoints": 9}}
{"target": -715.4009743368591, "params": {"k_pid_pos": [1.849624377781123, 0.16606263241397312, 0.6176694605536389], "k_pid_alt": [1.2679502233621702, 0.7553301727947445, 0.45577628983361107], "k_pid_att": [40.4276456330449, 3.0596356458441103, 0.09995185577451304], "k_pid_yaw": [0.5, 1e-06, 0.1], "k_pid_hsp": [1.0, 0.01, 0.5575834968263828], "k_pid_vsp": [150.0, 15.500533572620455, 1.0]}, "datetime": {"datetime": "2025-08-21 09:53:19", "elapsed": 4115.599848270416, "delta": 29.724841833114624}, "costs": {"total_cost": 715.4009743368591, "time_cost": 150, "final_distance_cost": 60.82554899211203, "oscillation_cost": 183.85571118169915, "completition_cost": 222.2222222222222, "overshoot_cost": 55.29954120489644, "power_cost": 24.06246258544922, "noise_cost": 19.13548815048007, "n_waypoints_completed": 7, "tot_waypoints": 9}}
{"target": -205.51814371743993, "params": {"k_pid_pos": [1.3885554450422086, 0.024859491386256316, 0.11401919133455096], "k_pid_alt": [1.2679502233621702, 0.0, 0.8361997509577753], "k_pid_att": [19.462821160492226, 4.452622529689853, 0.01], "k_pid_yaw": [0.5, 1e-06, 0.1], "k_pid_hsp": [1.0, 0.01, 0.01], "k_pid_vsp": [111.20884264032553, 10.0, 1.0]}, "datetime": {"datetime": "2025-08-21 09:53:37", "elapsed": 4134.248014211655, "delta": 18.648165941238403}, "costs": {"total_cost": 205.51814371743993, "time_cost": 72.056, "final_distance_cost": 1.7999404699825574, "oscillation_cost": 57.99522855537321, "completition_cost": 0.0, "overshoot_cost": 50.79806718401638, "power_cost": 11.758754260253907, "noise_cost": 11.110153247813868, "n_waypoints_completed": 9, "tot_waypoints": 9}}
{"target": -220.99639993039006, "params": {"k_pid_pos": [1.8624793477566346, 0.04925411992759399, 0.3736141384595716], "k_pid_alt": [0.7, 0.0, 0.1], "k_pid_att": [14.415714892135846, 1.0, 0.01], "k_pid_yaw": [0.5, 1e-06, 0.1], "k_pid_hsp": [1.0, 0.01, 0.01], "k_pid_vsp": [150.0, 156.73508457218338, 1.0]}, "datetime": {"datetime": "2025-08-21 09:54:00", "elapsed": 4156.968550205231, "delta": 22.72053599357605}, "costs": {"total_cost": 220.99639993039006, "time_cost": 71.624, "final_distance_cost": 1.8196738215063455, "oscillation_cost": 74.88990728510902, "completition_cost": 0.0, "overshoot_cost": 50.182073518536, "power_cost": 11.673192004394531, "noise_cost": 10.807553300844173, "n_waypoints_completed": 9, "tot_waypoints": 9}}
{"target": -220.4616854984996, "params": {"k_pid_pos": [1.8624793477566346, 0.04925411992759399, 0.3736141384595716], "k_pid_alt": [0.7, 0.0, 0.1], "k_pid_att": [20.0, 1.0, 0.01], "k_pid_yaw": [0.5, 1e-06, 0.1], "k_pid_hsp": [1.0, 0.01, 0.01], "k_pid_vsp": [150.0, 10.0, 1.0]}, "datetime": {"datetime": "2025-08-21 09:54:21", "elapsed": 4177.84001159668, "delta": 20.871461391448975}, "costs": {"total_cost": 220.4616854984996, "time_cost": 73.968, "final_distance_cost": 1.7924393643274115, "oscillation_cost": 66.62732835414282, "completition_cost": 0.0, "overshoot_cost": 51.689604104126865, "power_cost": 14.147204943847656, "noise_cost": 12.237108732054862, "n_waypoints_completed": 9, "tot_waypoints": 9}}
{"target": -221.23906034567042, "params": {"k_pid_pos": [1.8624793477566346, 0.04925411992759399, 0.3736141384595716], "k_pid_alt": [0.7, 0.0, 0.1], "k_pid_att": [20.0, 7.284845820832624, 0.004857337777279036], "k_pid_yaw": [0.5, 1e-06, 0.1], "k_pid_hsp": [1.0, 0.01, 0.01], "k_pid_vsp": [150.0, 10.0, 1.0]}, "datetime": {"datetime": "2025-08-21 09:54:40", "elapsed": 4197.403955698013, "delta": 19.563944101333618}, "costs": {"total_cost": 221.23906034567042, "time_cost": 72.896, "final_distance_cost": 1.8011822784849945, "oscillation_cost": 71.80904692940983, "completition_cost": 0.0, "overshoot_cost": 51.397288781967426, "power_cost": 12.157979882812501, "noise_cost": 11.17756247299568, "n_waypoints_completed": 9, "tot_waypoints": 9}}
{"target": -242.875060685363, "params": {"k_pid_pos": [1.8624793477566346, 0.04925411992759399, 0.3736141384595716], "k_pid_alt": [0.7, 0.0, 0.1], "k_pid_att": [20.0, 1.0, 0.01], "k_pid_yaw": [0.5, 1e-06, 0.1], "k_pid_hsp": [1.0, 0.01, 0.01], "k_pid_vsp": [150.0, 10.0, 1.0]}, "datetime": {"datetime": "2025-08-21 09:55:04", "elapsed": 4220.7885825634, "delta": 23.384626865386963}, "costs": {"total_cost": 242.875060685363, "time_cost": 79.664, "final_distance_cost": 1.7903555160190152, "oscillation_cost": 69.45629356499401, "completition_cost": 0.0, "overshoot_cost": 52.651916893482884, "power_cost": 22.28267384033203, "noise_cost": 17.029820870535058, "n_waypoints_completed": 9, "tot_waypoints": 9}}
{"target": -198.04349859189733, "params": {"k_pid_pos": [1.1496839804071068, 0.024859491386256316, 0.11401919133455096], "k_pid_alt": [1.2679502233621702, 0.0, 0.1], "k_pid_att": [20.0, 1.0, 0.01], "k_pid_yaw": [0.5, 1e-06, 0.1], "k_pid_hsp": [1.0, 0.01, 0.01], "k_pid_vsp": [150.0, 15.500533572620455, 1.0]}, "datetime": {"datetime": "2025-08-21 09:55:24", "elapsed": 4240.464361190796, "delta": 19.67577862739563}, "costs": {"total_cost": 198.04349859189733, "time_cost": 70.328, "final_distance_cost": 1.8277948427642958, "oscillation_cost": 53.69653419690277, "completition_cost": 0.0, "overshoot_cost": 50.80470046642744, "power_cost": 10.590787426757814, "noise_cost": 10.795681659044993, "n_waypoints_completed": 9, "tot_waypoints": 9}}
{"target": -1095.3911179610377, "params": {"k_pid_pos": [1.3885554450422086, 0.024859491386256316, 0.11401919133455096], "k_pid_alt": [1.2679502233621702, 0.0, 0.1], "k_pid_att": [20.0, 1.0, 0.01], "k_pid_yaw": [0.5, 1e-06, 0.1], "k_pid_hsp": [1.0, 0.01, 0.01], "k_pid_vsp": [150.0, 15.500533572620455, 157.32075408642126]}, "datetime": {"datetime": "2025-08-21 09:55:48", "elapsed": 4265.232800722122, "delta": 24.768439531326294}, "costs": {"total_cost": 1095.3911179610377, "time_cost": 150, "final_distance_cost": 64.52237408743636, "oscillation_cost": 82.14031337714012, "completition_cost": 666.6666666666667, "overshoot_cost": 111.16527546003759, "power_cost": 10.515087902832033, "noise_cost": 10.381400466924902, "n_waypoints_completed": 3, "tot_waypoints": 9}}
{"target": -257.0421659136164, "params": {"k_pid_pos": [1.849624377781123, 0.16606263241397312, 0.5551980423268247], "k_pid_alt": [1.2679502233621702, 0.7553301727947445, 0.45577628983361107], "k_pid_att": [40.4276456330449, 3.0596356458441103, 0.004857337777279036], "k_pid_yaw": [0.5, 1e-06, 0.1], "k_pid_hsp": [1.0, 0.01, 0.01], "k_pid_vsp": [150.0, 10.0, 1.0]}, "datetime": {"datetime": "2025-08-21 09:56:16", "elapsed": 4292.875779390335, "delta": 27.64297866821289}, "costs": {"total_cost": 257.0421659136164, "time_cost": 87.488, "final_distance_cost": 1.7633542977378136, "oscillation_cost": 76.45905268127451, "completition_cost": 0.0, "overshoot_cost": 55.84890874093746, "power_cost": 19.930867114257815, "noise_cost": 15.5519830794088, "n_waypoints_completed": 9, "tot_waypoints": 9}}
{"target": -432.8939533538122, "params": {"k_pid_pos": [1.1130165324125372, 0.04925411992759399, 0.3736141384595716], "k_pid_alt": [0.7, 0.0, 0.1], "k_pid_att": [20.0, 7.284845820832624, 0.9274604585040267], "k_pid_yaw": [0.5, 1e-06, 0.1], "k_pid_hsp": [1.0, 0.01, 0.2987590706226323], "k_pid_vsp": [111.20884264032553, 10.0, 1.0]}, "datetime": {"datetime": "2025-08-21 09:56:39", "elapsed": 4315.854979515076, "delta": 22.9792001247406}, "costs": {"total_cost": 432.8939533538122, "time_cost": 89.368, "final_distance_cost": 1.7704103351881468, "oscillation_cost": 259.4942232690405, "completition_cost": 0.0, "overshoot_cost": 54.5777787871315, "power_cost": 14.169117895507814, "noise_cost": 13.514423066944225, "n_waypoints_completed": 9, "tot_waypoints": 9}}
{"target": -1394.2005987108048, "params": {"k_pid_pos": [1.68883278746973, 0.16606263241397312, 0.5652361064811888], "k_pid_alt": [1.5299977148320512, 0.6347183200005908, 0.5535794006579958], "k_pid_att": [22.592895791678245, 9.597749245839971, 0.22529733878233338], "k_pid_yaw": [0.5, 1e-06, 0.1], "k_pid_hsp": [1.0, 0.01, 0.8820777094381044], "k_pid_vsp": [111.20884264032553, 379.71740925440946, 1.0]}, "datetime": {"datetime": "2025-08-21 09:57:08", "elapsed": 4345.320880413055, "delta": 29.465900897979736}, "costs": {"total_cost": 1394.2005987108048, "time_cost": 150, "final_distance_cost": 59.40960281419792, "oscillation_cost": 390.4573743063191, "completition_cost": 666.6666666666667, "overshoot_cost": 92.99721327162511, "power_cost": 18.804898217773438, "noise_cost": 15.8648434342227, "n_waypoints_completed": 3, "tot_waypoints": 9}}
{"target": -1315.3043160350585, "params": {"k_pid_pos": [1.3368390832847643, 0.4710962061431325, 0.5551980423268247], "k_pid_alt": [1.2679502233621702, 0.7553301727947445, 0.45577628983361107], "k_pid_att": [94.48051719440384, 3.6888469195366334, 0.9274604585040267], "k_pid_yaw": [0.5, 1e-06, 0.1], "k_pid_hsp": [1.0, 0.01, 0.01], "k_pid_vsp": [378.2079564087626, 10.0, 301.6362243201388]}, "datetime": {"datetime": "2025-08-21 09:57:35", "elapsed": 4371.995222091675, "delta": 26.674341678619385}, "costs": {"total_cost": 1315.3043160350585, "time_cost": 150, "final_distance_cost": 14.104961819082254, "oscillation_cost": 22.03656134345445, "completition_cost": 1000.0, "overshoot_cost": 101.25241615105922, "power_cost": 15.828047973632813, "noise_cost": 12.082328747829793, "n_waypoints_completed": 0, "tot_waypoints": 9}}
{"target": -586.1179055670308, "params": {"k_pid_pos": [1.3885554450422086, 0.12011063010138434, 0.9898230692048735], "k_pid_alt": [0.26508416190282724, 0.7154071296158017, 0.1], "k_pid_att": [20.0, 1.0, 0.01], "k_pid_yaw": [0.5, 1e-06, 0.1], "k_pid_hsp": [1.0, 0.01, 0.01], "k_pid_vsp": [295.9324376154018, 15.500533572620455, 1.0]}, "datetime": {"datetime": "2025-08-21 09:58:06", "elapsed": 4402.572942972183, "delta": 30.577720880508423}, "costs": {"total_cost": 586.1179055670308, "time_cost": 150, "final_distance_cost": 43.71295424989524, "oscillation_cost": 155.5012590650622, "completition_cost": 111.11111111111116, "overshoot_cost": 78.44931216863459, "power_cost": 25.420586987304688, "noise_cost": 21.922681985022965, "n_waypoints_completed": 8, "tot_waypoints": 9}}
{"target": -1535.258950107989, "params": {"k_pid_pos": [1.3885554450422086, 0.024859491386256316, 0.11401919133455096], "k_pid_alt": [1.2679502233621702, 0.0, 0.1], "k_pid_att": [20.0, 5.958619921514779, 0.42909887146925685], "k_pid_yaw": [0.5, 1e-06, 0.1], "k_pid_hsp": [1.0, 0.01, 0.01], "k_pid_vsp": [224.80366988514712, 10.0, 349.2959746683124]}, "datetime": {"datetime": "2025-08-21 09:58:31", "elapsed": 4427.791555643082, "delta": 25.218612670898438}, "costs": {"total_cost": 1535.258950107989, "time_cost": 150, "final_distance_cost": 188.89176205804918, "oscillation_cost": 18.758647573324534, "completition_cost": 888.8888888888888, "overshoot_cost": 263.852516057925, "power_cost": 14.173459997558595, "noise_cost": 10.69367553224299, "n_waypoints_completed": 1, "tot_waypoints": 9}}
{"target": -224.01572092765124, "params": {"k_pid_pos": [1.8624793477566346, 0.04925411992759399, 0.3736141384595716], "k_pid_alt": [0.7, 0.0, 0.9558605341889254], "k_pid_att": [20.0, 7.284845820832624, 0.3952346537588943], "k_pid_yaw": [0.5, 1e-06, 0.1], "k_pid_hsp": [1.0, 0.01, 0.01], "k_pid_vsp": [150.0, 10.0, 1.0]}, "datetime": {"datetime": "2025-08-21 09:58:58", "elapsed": 4454.686633348465, "delta": 26.8950777053833}, "costs": {"total_cost": 224.01572092765124, "time_cost": 88.488, "final_distance_cost": 1.8489285611523665, "oscillation_cost": 47.69618290330709, "completition_cost": 0.0, "overshoot_cost": 50.88853214345658, "power_cost": 19.301817065429688, "noise_cost": 15.792260254305479, "n_waypoints_completed": 9, "tot_waypoints": 9}}
{"target": -236.33649879335925, "params": {"k_pid_pos": [1.3368390832847643, 0.4710962061431325, 0.5652361064811888], "k_pid_alt": [1.142334724111482, 0.6347183200005908, 0.20799807370846057], "k_pid_att": [78.69411358121238, 9.597749245839971, 0.004857337777279036], "k_pid_yaw": [0.5, 1e-06, 0.1], "k_pid_hsp": [1.0, 0.01, 0.01], "k_pid_vsp": [150.0, 307.0029666248519, 1.0]}, "datetime": {"datetime": "2025-08-21 09:59:27", "elapsed": 4483.984868049622, "delta": 29.298234701156616}, "costs": {"total_cost": 236.33649879335925, "time_cost": 90.68, "final_distance_cost": 1.7494009017388332, "oscillation_cost": 64.61951181999504, "completition_cost": 0.0, "overshoot_cost": 54.0828436594918, "power_cost": 13.021281640625, "noise_cost": 12.183460771508582, "n_waypoints_completed": 9, "tot_waypoints": 9}}
{"target": -208.66628898906876, "params": {"k_pid_pos": [1.8624793477566346, 0.04925411992759399, 0.3736141384595716], "k_pid_alt": [0.7, 0.0, 0.1], "k_pid_att": [20.0, 1.0, 0.01], "k_pid_yaw": [0.5, 1e-06, 0.1], "k_pid_hsp": [1.0, 0.01, 0.01], "k_pid_vsp": [150.0, 156.73508457218338, 1.0]}, "datetime": {"datetime": "2025-08-21 09:59:48", "elapsed": 4505.283399581909, "delta": 21.298531532287598}, "costs": {"total_cost": 208.66628898906876, "time_cost": 71.664, "final_distance_cost": 1.7985030196041734, "oscillation_cost": 61.38559878421897, "completition_cost": 0.0, "overshoot_cost": 50.39610124517809, "power_cost": 12.193894238281251, "noise_cost": 11.228191701786299, "n_waypoints_completed": 9, "tot_waypoints": 9}}
{"target": -210.67736539601768, "params": {"k_pid_pos": [1.242954667163238, 0.04925411992759399, 0.24954817593872036], "k_pid_alt": [0.7, 0.0, 0.1], "k_pid_att": [20.0, 1.0, 0.1618693606287408], "k_pid_yaw": [0.5, 1e-06, 0.1], "k_pid_hsp": [5.496779025287511, 0.01, 0.01], "k_pid_vsp": [150.0, 376.54676056673185, 1.0]}, "datetime": {"datetime": "2025-08-21 10:00:13", "elapsed": 4530.052862167358, "delta": 24.76946258544922}, "costs": {"total_cost": 210.67736539601768, "time_cost": 73.168, "final_distance_cost": 1.8402001118844846, "oscillation_cost": 57.719354093488974, "completition_cost": 0.0, "overshoot_cost": 50.41830772148221, "power_cost": 14.831984704589845, "noise_cost": 12.69951876457215, "n_waypoints_completed": 9, "tot_waypoints": 9}}
{"target": -248.94700392950486, "params": {"k_pid_pos": [1.8624793477566346, 0.9745008925422891, 0.3736141384595716], "k_pid_alt": [0.7, 0.0, 0.1], "k_pid_att": [20.0, 1.0, 0.01], "k_pid_yaw": [0.5, 1e-06, 0.1], "k_pid_hsp": [1.0, 0.01, 0.01], "k_pid_vsp": [369.1457451700762, 57.202961387546644, 1.0]}, "datetime": {"datetime": "2025-08-21 10:00:42", "elapsed": 4558.638402462006, "delta": 28.585540294647217}, "costs": {"total_cost": 248.94700392950486, "time_cost": 91.336, "final_distance_cost": 1.772333692810831, "oscillation_cost": 68.19483625937742, "completition_cost": 0.0, "overshoot_cost": 56.87484550236855, "power_cost": 16.520429150390626, "noise_cost": 14.24855932455743, "n_waypoints_completed": 9, "tot_waypoints": 9}}
{"target": -371.91357410352305, "params": {"k_pid_pos": [0.7, 0.5922749504444044, 0.09], "k_pid_alt": [0.7, 0.0, 0.1], "k_pid_att": [20.0, 7.08864989820028, 0.01], "k_pid_yaw": [0.5, 1e-06, 0.1], "k_pid_hsp": [1.610540723631117, 0.01, 0.5897899838558589], "k_pid_vsp": [150.0, 10.0, 1.0]}, "datetime": {"datetime": "2025-08-21 10:01:09", "elapsed": 4585.756083011627, "delta": 27.117680549621582}, "costs": {"total_cost": 371.91357410352305, "time_cost": 89.83200000000001, "final_distance_cost": 1.720772039033434, "oscillation_cost": 185.5782786431609, "completition_cost": 0.0, "overshoot_cost": 65.4066254761717, "power_cost": 14.635948461914063, "noise_cost": 14.739949483242953, "n_waypoints_completed": 9, "tot_waypoints": 9}}
{"target": -243.70555129799925, "params": {"k_pid_pos": [1.8624793477566346, 0.04925411992759399, 0.3736141384595716], "k_pid_alt": [0.7, 0.2446271327590287, 0.9866259175249644], "k_pid_att": [20.0, 1.0, 0.01], "k_pid_yaw": [0.5, 1e-06, 0.1], "k_pid_hsp": [1.0, 0.01, 0.01], "k_pid_vsp": [150.0, 10.0, 1.0]}, "datetime": {"datetime": "2025-08-21 10:01:34", "elapsed": 4610.624176979065, "delta": 24.868093967437744}, "costs": {"total_cost": 243.70555129799925, "time_cost": 84.776, "final_distance_cost": 1.7246419061032277, "oscillation_cost": 80.34134192521182, "completition_cost": 0.0, "overshoot_cost": 52.02263384261648, "power_cost": 12.74213818359375, "noise_cost": 12.098795440474007, "n_waypoints_completed": 9, "tot_waypoints": 9}}
{"target": -214.49517172069628, "params": {"k_pid_pos": [1.8624793477566346, 0.04925411992759399, 0.3736141384595716], "k_pid_alt": [0.7, 0.0, 0.1], "k_pid_att": [20.0, 2.479545121909682, 0.004857337777279036], "k_pid_yaw": [0.5, 1e-06, 0.1], "k_pid_hsp": [1.0, 0.01, 0.01], "k_pid_vsp": [150.0, 10.0, 1.0]}, "datetime": {"datetime": "2025-08-21 10:01:52", "elapsed": 4629.1752116680145, "delta": 18.551034688949585}, "costs": {"total_cost": 214.49517172069628, "time_cost": 72.544, "final_distance_cost": 1.7913050735573566, "oscillation_cost": 68.09409341331634, "completition_cost": 0.0, "overshoot_cost": 51.265912536605875, "power_cost": 10.44054041748047, "noise_cost": 10.359320279736245, "n_waypoints_completed": 9, "tot_waypoints": 9}}
{"target": -432.941766900258, "params": {"k_pid_pos": [1.849624377781123, 0.7480709590798926, 0.5921328249036668], "k_pid_alt": [1.2679502233621702, 0.0, 0.1], "k_pid_att": [20.0, 1.0, 0.01], "k_pid_yaw": [0.5, 1e-06, 0.1], "k_pid_hsp": [1.0, 0.01, 0.6062506194501415], "k_pid_vsp": [96.51738067581208, 219.55503605373926, 1.0]}, "datetime": {"datetime": "2025-08-21 10:02:19", "elapsed": 4656.148066520691, "delta": 26.97285485267639}, "costs": {"total_cost": 432.941766900258, "time_cost": 91.98400000000001, "final_distance_cost": 1.7660986230922873, "oscillation_cost": 223.2425864517347, "completition_cost": 0.0, "overshoot_cost": 81.17692084488208, "power_cost": 17.423538806152344, "noise_cost": 17.34862217439657, "n_waypoints_completed": 9, "tot_waypoints": 9}}
{"target": -202.73796455407143, "params": {"k_pid_pos": [1.1496839804071068, 0.024859491386256316, 0.11401919133455096], "k_pid_alt": [1.2679502233621702, 0.0, 0.1], "k_pid_att": [20.0, 1.0, 0.01], "k_pid_yaw": [0.5, 1e-06, 0.1], "k_pid_hsp": [1.0, 0.01, 0.01], "k_pid_vsp": [150.0, 15.500533572620455, 1.0]}, "datetime": {"datetime": "2025-08-21 10:02:38", "elapsed": 4675.3110411167145, "delta": 19.16297459602356}, "costs": {"total_cost": 202.73796455407143, "time_cost": 70.83200000000001, "final_distance_cost": 1.8326913311083899, "oscillation_cost": 53.48311751490262, "completition_cost": 0.0, "overshoot_cost": 51.30358065466304, "power_cost": 13.275241186523438, "noise_cost": 12.011333866873937, "n_waypoints_completed": 9, "tot_waypoints": 9}}
{"target": -198.7650911576812, "params": {"k_pid_pos": [1.849624377781123, 0.16606263241397312, 0.5551980423268247], "k_pid_alt": [1.2679502233621702, 0.5561902967977893, 0.45577628983361107], "k_pid_att": [20.236336479523032, 3.0596356458441103, 0.9274604585040267], "k_pid_yaw": [0.5, 1e-06, 0.1], "k_pid_hsp": [1.0, 0.01, 0.01], "k_pid_vsp": [378.2079564087626, 355.21150340299164, 1.0]}, "datetime": {"datetime": "2025-08-21 10:02:57", "elapsed": 4694.450470924377, "delta": 19.139429807662964}, "costs": {"total_cost": 198.7650911576812, "time_cost": 75.792, "final_distance_cost": 1.7490877562670024, "oscillation_cost": 46.02669508813436, "completition_cost": 0.0, "overshoot_cost": 50.582079271896966, "power_cost": 13.081404406738281, "noise_cost": 11.533824634644626, "n_waypoints_completed": 9, "tot_waypoints": 9}}
{"target": -209.43667162669297, "params": {"k_pid_pos": [1.3885554450422086, 0.024859491386256316, 0.11401919133455096], "k_pid_alt": [1.2679502233621702, 0.0, 0.8361997509577753], "k_pid_att": [19.462821160492226, 4.452622529689853, 0.01], "k_pid_yaw": [0.5, 1e-06, 0.1], "k_pid_hsp": [1.0, 0.01, 0.01], "k_pid_vsp": [111.20884264032553, 10.0, 1.0]}, "datetime": {"datetime": "2025-08-21 10:03:17", "elapsed": 4714.152154922485, "delta": 19.70168399810791}, "costs": {"total_cost": 209.43667162669297, "time_cost": 72.368, "final_distance_cost": 1.7945499418900455, "oscillation_cost": 58.131786984912694, "completition_cost": 0.0, "overshoot_cost": 51.339080586307965, "power_cost": 13.738181494140626, "noise_cost": 12.065072619441663, "n_waypoints_completed": 9, "tot_waypoints": 9}}
