{"target": -298.8779215590689, "params": {"k_pid_pos": [1.3885554450422086, 0.024859491386256316, 0.06837744536824142], "k_pid_alt": [1.408510096659571, 0.0, 0.06527723447865985], "k_pid_att": [24.0942673894178, 7.284845820832624, 0.8739915892735461], "k_pid_yaw": [0.5, 1e-06, 0.1], "k_pid_hsp": [1.0, 0.4901041752182733, 0.42869111788928294], "k_pid_vsp": [378.2079564087626, 355.21150340299164, 1.0]}, "datetime": {"datetime": "2025-08-21 14:42:21", "elapsed": 21457.539995908737, "delta": 17.140642404556274}, "costs": {"total_cost": 298.8779215590689, "time_cost": 72.432, "final_distance_cost": 1.7555956937157475, "oscillation_cost": 151.46159422084466, "completition_cost": 0.0, "overshoot_cost": 49.79832188049682, "power_cost": 12.350136657714843, "noise_cost": 11.080273106296833, "n_waypoints_completed": 9, "tot_waypoints": 9}}
{"target": -181.9029910375576, "params": {"k_pid_pos": [1.9176378968916694, 0.024859491386256316, 0.21152287994165886], "k_pid_alt": [1.6586884955541554, 0.0, 0.06527723447865985], "k_pid_att": [24.0942673894178, 7.284845820832624, 0.8739915892735461], "k_pid_yaw": [0.5, 1e-06, 0.1], "k_pid_hsp": [1.606987810134683, 0.1531003758033771, 0.01], "k_pid_vsp": [110.56511661686339, 355.21150340299164, 1.0]}, "datetime": {"datetime": "2025-08-21 14:42:36", "elapsed": 21472.800122499466, "delta": 15.26012659072876}, "costs": {"total_cost": 181.9029910375576, "time_cost": 67.592, "final_distance_cost": 1.7676787836135148, "oscillation_cost": 43.423650218935734, "completition_cost": 0.0, "overshoot_cost": 49.22359395394033, "power_cost": 10.165156701660157, "noise_cost": 9.73091137940787, "n_waypoints_completed": 9, "tot_waypoints": 9}}
{"target": -186.20260199493472, "params": {"k_pid_pos": [1.9176378968916694, 0.024859491386256316, 0.21152287994165886], "k_pid_alt": [1.6319753356852484, 0.0, 0.06527723447865985], "k_pid_att": [58.989274729095186, 5.088413281584711, 0.6179952950406163], "k_pid_yaw": [0.5, 1e-06, 0.1], "k_pid_hsp": [3.8015553682621426, 0.1531003758033771, 0.01], "k_pid_vsp": [63.87935167311278, 255.15728066808146, 1.0]}, "datetime": {"datetime": "2025-08-21 14:42:52", "elapsed": 21488.772280454636, "delta": 15.972157955169678}, "costs": {"total_cost": 186.20260199493472, "time_cost": 68.112, "final_distance_cost": 1.7570841894097693, "oscillation_cost": 44.82922696712601, "completition_cost": 0.0, "overshoot_cost": 49.66196857603765, "power_cost": 11.268585119628908, "noise_cost": 10.573737142732396, "n_waypoints_completed": 9, "tot_waypoints": 9}}
{"target": -201.55901177474186, "params": {"k_pid_pos": [0.9203224573796739, 0.4336784869242679, 0.07146856680054658], "k_pid_alt": [1.6319753356852484, 0.0, 0.9156111886454469], "k_pid_att": [58.989274729095186, 5.088413281584711, 0.6412714623366417], "k_pid_yaw": [0.5, 1e-06, 0.1], "k_pid_hsp": [2.996149354500177, 0.1531003758033771, 0.01], "k_pid_vsp": [63.87935167311278, 255.15728066808146, 1.0]}, "datetime": {"datetime": "2025-08-21 14:43:10", "elapsed": 21507.111491441727, "delta": 18.339210987091064}, "costs": {"total_cost": 201.55901177474186, "time_cost": 78.34400000000001, "final_distance_cost": 1.7596190277071604, "oscillation_cost": 46.55003379712038, "completition_cost": 0.0, "overshoot_cost": 50.780563936094836, "power_cost": 12.486469592285157, "noise_cost": 11.63832542153436, "n_waypoints_completed": 9, "tot_waypoints": 9}}
{"target": -180.42980494209783, "params": {"k_pid_pos": [1.9176378968916694, 0.024859491386256316, 0.8092599635047751], "k_pid_alt": [1.7187705538853828, 0.0, 0.06527723447865985], "k_pid_att": [24.0942673894178, 7.284845820832624, 0.8739915892735461], "k_pid_yaw": [0.5, 1e-06, 0.1], "k_pid_hsp": [1.0, 0.1531003758033771, 0.01], "k_pid_vsp": [284.5460512203246, 369.48810340511164, 1.0]}, "datetime": {"datetime": "2025-08-21 14:43:26", "elapsed": 21522.693875074387, "delta": 15.582383632659912}, "costs": {"total_cost": 180.42980494209783, "time_cost": 68.32000000000001, "final_distance_cost": 1.839561353889366, "oscillation_cost": 42.59785773839485, "completition_cost": 0.0, "overshoot_cost": 49.61008334626429, "power_cost": 8.6711302734375, "noise_cost": 9.391172230111794, "n_waypoints_completed": 9, "tot_waypoints": 9}}
{"target": -182.47150949409883, "params": {"k_pid_pos": [1.9176378968916694, 0.024859491386256316, 0.8092599635047751], "k_pid_alt": [1.7187705538853828, 0.0, 0.9659895333512928], "k_pid_att": [24.0942673894178, 8.683548648184065, 0.8739915892735461], "k_pid_yaw": [0.5, 1e-06, 0.1], "k_pid_hsp": [3.061197731635527, 0.1531003758033771, 0.01], "k_pid_vsp": [284.5460512203246, 355.21150340299164, 1.0]}, "datetime": {"datetime": "2025-08-21 14:43:42", "elapsed": 21539.18222808838, "delta": 16.48835301399231}, "costs": {"total_cost": 182.47150949409883, "time_cost": 69.672, "final_distance_cost": 1.8362852181007534, "oscillation_cost": 44.322060001606275, "completition_cost": 0.0, "overshoot_cost": 49.54915269305403, "power_cost": 8.024856201171875, "noise_cost": 9.0671553801659, "n_waypoints_completed": 9, "tot_waypoints": 9}}
{"target": -192.16962750346664, "params": {"k_pid_pos": [1.9176378968916694, 0.024859491386256316, 0.11401919133455096], "k_pid_alt": [1.7187705538853828, 0.0, 0.06527723447865985], "k_pid_att": [24.0942673894178, 7.284845820832624, 0.06670604035978966], "k_pid_yaw": [0.5, 1e-06, 0.1], "k_pid_hsp": [1.0, 0.1531003758033771, 0.01], "k_pid_vsp": [284.5460512203246, 355.21150340299164, 1.0]}, "datetime": {"datetime": "2025-08-21 14:43:58", "elapsed": 21554.555238962173, "delta": 15.373010873794556}, "costs": {"total_cost": 192.16962750346664, "time_cost": 67.656, "final_distance_cost": 1.774279457133318, "oscillation_cost": 51.33062969024023, "completition_cost": 0.0, "overshoot_cost": 49.428424091759766, "power_cost": 11.465598889160157, "noise_cost": 10.514695375173167, "n_waypoints_completed": 9, "tot_waypoints": 9}}
{"target": -1013.3252258989876, "params": {"k_pid_pos": [1.3885554450422086, 0.6034900646563243, 0.11401919133455096], "k_pid_alt": [1.0304713630477362, 0.0, 0.06527723447865985], "k_pid_att": [24.0942673894178, 7.284845820832624, 0.8739915892735461], "k_pid_yaw": [0.5, 1e-06, 0.1], "k_pid_hsp": [1.0, 0.1531003758033771, 0.01], "k_pid_vsp": [284.5460512203246, 355.21150340299164, 364.10443583191045]}, "datetime": {"datetime": "2025-08-21 14:44:21", "elapsed": 21577.63901400566, "delta": 23.08377504348755}, "costs": {"total_cost": 1013.3252258989876, "time_cost": 150, "final_distance_cost": 80.50716924709178, "oscillation_cost": 38.38064251961651, "completition_cost": 666.6666666666667, "overshoot_cost": 65.18867726415294, "power_cost": 5.636181384277344, "noise_cost": 6.945888817182233, "n_waypoints_completed": 3, "tot_waypoints": 9}}
{"target": -860.0484081062158, "params": {"k_pid_pos": [1.3885554450422086, 0.024859491386256316, 0.11401919133455096], "k_pid_alt": [0.08360835472764028, 0.005032828812111867, 0.06527723447865985], "k_pid_att": [40.6020781270096, 7.284845820832624, 0.8739915892735461], "k_pid_yaw": [0.5, 1e-06, 0.1], "k_pid_hsp": [0.7117181632766922, 0.1531003758033771, 0.01], "k_pid_vsp": [251.5004449007475, 355.21150340299164, 1.0]}, "datetime": {"datetime": "2025-08-21 14:44:44", "elapsed": 21601.11178469658, "delta": 23.47277069091797}, "costs": {"total_cost": 860.0484081062158, "time_cost": 150, "final_distance_cost": 42.21571481460954, "oscillation_cost": 34.48095114986271, "completition_cost": 555.5555555555555, "overshoot_cost": 47.65461631838691, "power_cost": 15.942642529296876, "noise_cost": 14.198927738504114, "n_waypoints_completed": 4, "tot_waypoints": 9}}
{"target": -1351.8138661123066, "params": {"k_pid_pos": [1.3885554450422086, 0.024859491386256316, 0.11401919133455096], "k_pid_alt": [1.0304713630477362, 0.7878073311663888, 0.06527723447865985], "k_pid_att": [24.0942673894178, 7.284845820832624, 0.8739915892735461], "k_pid_yaw": [0.5, 1e-06, 0.1], "k_pid_hsp": [1.0, 0.1531003758033771, 0.01], "k_pid_vsp": [36.465762321119, 355.21150340299164, 234.57990640435014]}, "datetime": {"datetime": "2025-08-21 14:45:07", "elapsed": 21624.237168312073, "delta": 23.125383615493774}, "costs": {"total_cost": 1351.8138661123066, "time_cost": 150, "final_distance_cost": 51.58762161855978, "oscillation_cost": 26.09761561353864, "completition_cost": 888.8888888888888, "overshoot_cost": 119.30068579957883, "power_cost": 33.985626171875005, "noise_cost": 81.95342801986551, "n_waypoints_completed": 1, "tot_waypoints": 9}}
{"target": -203.53671239460556, "params": {"k_pid_pos": [1.1746680240616947, 0.024859491386256316, 0.06837744536824142], "k_pid_alt": [1.408510096659571, 0.0, 0.06527723447865985], "k_pid_att": [24.0942673894178, 7.284845820832624, 0.8739915892735461], "k_pid_yaw": [0.5, 1e-06, 0.1], "k_pid_hsp": [1.0, 0.8810724201875452, 0.01], "k_pid_vsp": [378.2079564087626, 355.21150340299164, 1.0]}, "datetime": {"datetime": "2025-08-21 14:45:24", "elapsed": 21640.639301538467, "delta": 16.402133226394653}, "costs": {"total_cost": 203.53671239460556, "time_cost": 68.52, "final_distance_cost": 1.8599378038285237, "oscillation_cost": 56.96389684219562, "completition_cost": 0.0, "overshoot_cost": 48.820609732334724, "power_cost": 14.772291210937501, "noise_cost": 12.599976805309197, "n_waypoints_completed": 9, "tot_waypoints": 9}}
{"target": -200.40460605329454, "params": {"k_pid_pos": [1.4531304595830021, 0.024859491386256316, 0.704167472379422], "k_pid_alt": [1.0304713630477362, 0.0, 0.1576465649121419], "k_pid_att": [58.989274729095186, 7.284845820832624, 0.8739915892735461], "k_pid_yaw": [0.5, 1e-06, 0.1], "k_pid_hsp": [6.590021097612566, 0.700413119967275, 0.01], "k_pid_vsp": [284.5460512203246, 355.21150340299164, 1.0]}, "datetime": {"datetime": "2025-08-21 14:45:40", "elapsed": 21656.60001397133, "delta": 15.960712432861328}, "costs": {"total_cost": 200.40460605329454, "time_cost": 71.376, "final_distance_cost": 1.8397880267361584, "oscillation_cost": 55.0512422564016, "completition_cost": 0.0, "overshoot_cost": 49.36213186255363, "power_cost": 11.455680480957032, "noise_cost": 11.319763426646116, "n_waypoints_completed": 9, "tot_waypoints": 9}}
{"target": -694.2817452910649, "params": {"k_pid_pos": [1.9176378968916694, 0.5386582446021755, 0.11401919133455096], "k_pid_alt": [1.7187705538853828, 0.0, 0.06527723447865985], "k_pid_att": [24.0942673894178, 7.284845820832624, 0.8739915892735461], "k_pid_yaw": [0.5, 1e-06, 0.1], "k_pid_hsp": [1.0, 0.1531003758033771, 0.01], "k_pid_vsp": [284.5460512203246, 355.21150340299164, 250.6364031778067]}, "datetime": {"datetime": "2025-08-21 14:46:03", "elapsed": 21679.815293073654, "delta": 23.21527910232544}, "costs": {"total_cost": 694.2817452910649, "time_cost": 150, "final_distance_cost": 71.12255885237627, "oscillation_cost": 50.300921340489644, "completition_cost": 333.33333333333337, "overshoot_cost": 45.4437381140994, "power_cost": 26.058709216308596, "noise_cost": 18.0224844344576, "n_waypoints_completed": 6, "tot_waypoints": 9}}
{"target": -185.4776335036673, "params": {"k_pid_pos": [1.9176378968916694, 0.024859491386256316, 0.8092599635047751], "k_pid_alt": [1.7187705538853828, 0.0, 0.06527723447865985], "k_pid_att": [24.0942673894178, 7.284845820832624, 0.8739915892735461], "k_pid_yaw": [0.5, 1e-06, 0.1], "k_pid_hsp": [1.0, 0.1531003758033771, 0.01], "k_pid_vsp": [284.5460512203246, 369.48810340511164, 1.0]}, "datetime": {"datetime": "2025-08-21 14:46:19", "elapsed": 21696.0636575222, "delta": 16.248364448547363}, "costs": {"total_cost": 185.4776335036673, "time_cost": 69.016, "final_distance_cost": 1.848601276083504, "oscillation_cost": 40.063611097871046, "completition_cost": 0.0, "overshoot_cost": 50.10775894655443, "power_cost": 12.812360119628908, "noise_cost": 11.629302063529407, "n_waypoints_completed": 9, "tot_waypoints": 9}}
{"target": -188.64068318972056, "params": {"k_pid_pos": [1.9176378968916694, 0.024859491386256316, 0.21152287994165886], "k_pid_alt": [1.6586884955541554, 0.0, 0.06527723447865985], "k_pid_att": [24.0942673894178, 7.284845820832624, 0.8739915892735461], "k_pid_yaw": [0.5, 1e-06, 0.1], "k_pid_hsp": [1.606987810134683, 0.1531003758033771, 0.01], "k_pid_vsp": [110.56511661686339, 355.21150340299164, 1.0]}, "datetime": {"datetime": "2025-08-21 14:46:35", "elapsed": 21711.686821222305, "delta": 15.62316370010376}, "costs": {"total_cost": 188.64068318972056, "time_cost": 67.952, "final_distance_cost": 1.797103982030362, "oscillation_cost": 44.26727183045772, "completition_cost": 0.0, "overshoot_cost": 49.93267566027169, "power_cost": 13.242283850097657, "noise_cost": 11.449347866863107, "n_waypoints_completed": 9, "tot_waypoints": 9}}
{"target": -184.62670444425365, "params": {"k_pid_pos": [1.9176378968916694, 0.019460639298323645, 0.0386815934960667], "k_pid_alt": [1.6319753356852484, 0.0, 0.1576465649121419], "k_pid_att": [24.0942673894178, 7.284845820832624, 0.8739915892735461], "k_pid_yaw": [0.5, 1e-06, 0.1], "k_pid_hsp": [2.395389635608916, 0.1531003758033771, 0.01], "k_pid_vsp": [378.2079564087626, 328.58176268426536, 1.0]}, "datetime": {"datetime": "2025-08-21 14:46:51", "elapsed": 21728.246580839157, "delta": 16.559759616851807}, "costs": {"total_cost": 184.62670444425365, "time_cost": 68.112, "final_distance_cost": 1.797281995566101, "oscillation_cost": 44.6292870989271, "completition_cost": 0.0, "overshoot_cost": 49.63557813257352, "power_cost": 10.426223742675782, "noise_cost": 10.026333474511143, "n_waypoints_completed": 9, "tot_waypoints": 9}}
{"target": -615.861927526758, "params": {"k_pid_pos": [1.3885554450422086, 0.5103538444008343, 0.11401919133455096], "k_pid_alt": [1.0304713630477362, 0.7198878692218418, 0.06527723447865985], "k_pid_att": [27.991523243942407, 7.284845820832624, 0.8739915892735461], "k_pid_yaw": [0.5, 1e-06, 0.1], "k_pid_hsp": [1.0, 0.1531003758033771, 0.01], "k_pid_vsp": [316.2191682070645, 355.21150340299164, 1.0]}, "datetime": {"datetime": "2025-08-21 14:47:14", "elapsed": 21751.243540763855, "delta": 22.996959924697876}, "costs": {"total_cost": 615.861927526758, "time_cost": 150, "final_distance_cost": 75.36859230906903, "oscillation_cost": 65.2188832019045, "completition_cost": 222.2222222222222, "overshoot_cost": 53.3980636142315, "power_cost": 26.904459790039063, "noise_cost": 22.74970638929179, "n_waypoints_completed": 7, "tot_waypoints": 9}}
{"target": -858.0122257837183, "params": {"k_pid_pos": [1.3885554450422086, 0.024859491386256316, 0.11401919133455096], "k_pid_alt": [0.08360835472764028, 0.005032828812111867, 0.06527723447865985], "k_pid_att": [40.6020781270096, 7.284845820832624, 0.8739915892735461], "k_pid_yaw": [0.5, 1e-06, 0.1], "k_pid_hsp": [0.7117181632766922, 0.1531003758033771, 0.01], "k_pid_vsp": [251.5004449007475, 214.75589357362082, 1.0]}, "datetime": {"datetime": "2025-08-21 14:47:38", "elapsed": 21774.49039196968, "delta": 23.246851205825806}, "costs": {"total_cost": 858.0122257837183, "time_cost": 150, "final_distance_cost": 42.24074356652512, "oscillation_cost": 39.787492165196326, "completition_cost": 555.5555555555555, "overshoot_cost": 47.41355214023144, "power_cost": 11.269470593261719, "noise_cost": 11.745411762948164, "n_waypoints_completed": 4, "tot_waypoints": 9}}
{"target": -183.42483651761836, "params": {"k_pid_pos": [1.9176378968916694, 0.024859491386256316, 0.6250867496839783], "k_pid_alt": [1.6319753356852484, 0.0, 0.7021768561816121], "k_pid_att": [58.989274729095186, 5.088413281584711, 0.6179952950406163], "k_pid_yaw": [0.5, 1e-06, 0.1], "k_pid_hsp": [2.996149354500177, 0.1531003758033771, 0.01], "k_pid_vsp": [63.87935167311278, 93.02116563978787, 1.0]}, "datetime": {"datetime": "2025-08-21 14:47:54", "elapsed": 21790.642585515976, "delta": 16.152193546295166}, "costs": {"total_cost": 183.42483651761836, "time_cost": 69.248, "final_distance_cost": 1.8249177673103134, "oscillation_cost": 40.76523349679174, "completition_cost": 0.0, "overshoot_cost": 49.095720841900224, "power_cost": 11.444572387695313, "noise_cost": 11.046392023920795, "n_waypoints_completed": 9, "tot_waypoints": 9}}
{"target": -211.71249887625012, "params": {"k_pid_pos": [0.4420754456323622, 0.024859491386256316, 0.21152287994165886], "k_pid_alt": [1.5258841610985416, 0.4460213279321439, 0.1576465649121419], "k_pid_att": [58.989274729095186, 5.088413281584711, 0.6179952950406163], "k_pid_yaw": [0.5, 1e-06, 0.1], "k_pid_hsp": [1.606987810134683, 0.1531003758033771, 0.01], "k_pid_vsp": [376.5747392387296, 175.28714713338795, 1.0]}, "datetime": {"datetime": "2025-08-21 14:48:14", "elapsed": 21810.608434677124, "delta": 19.96584916114807}, "costs": {"total_cost": 211.71249887625012, "time_cost": 86.76, "final_distance_cost": 1.8121857738606482, "oscillation_cost": 37.47316639073518, "completition_cost": 0.0, "overshoot_cost": 52.6957702631872, "power_cost": 18.00228580322266, "noise_cost": 14.969090645244414, "n_waypoints_completed": 9, "tot_waypoints": 9}}
{"target": -187.75357113861736, "params": {"k_pid_pos": [1.9176378968916694, 0.019460639298323645, 0.0386815934960667], "k_pid_alt": [1.477768752937916, 0.0, 0.1576465649121419], "k_pid_att": [24.0942673894178, 7.284845820832624, 0.8739915892735461], "k_pid_yaw": [0.5, 1e-06, 0.1], "k_pid_hsp": [1.0, 0.1531003758033771, 0.01], "k_pid_vsp": [378.2079564087626, 355.21150340299164, 1.0]}, "datetime": {"datetime": "2025-08-21 14:48:30", "elapsed": 21826.545882225037, "delta": 15.937447547912598}, "costs": {"total_cost": 187.75357113861736, "time_cost": 68.248, "final_distance_cost": 1.7611321144940981, "oscillation_cost": 46.20202863802476, "completition_cost": 0.0, "overshoot_cost": 49.484281615386664, "power_cost": 11.473296630859375, "noise_cost": 10.584832139852475, "n_waypoints_completed": 9, "tot_waypoints": 9}}
{"target": -925.4559481841363, "params": {"k_pid_pos": [1.3885554450422086, 0.024859491386256316, 0.06837744536824142], "k_pid_alt": [1.408510096659571, 0.31913876781791417, 0.06527723447865985], "k_pid_att": [24.0942673894178, 7.284845820832624, 0.2963112878714621], "k_pid_yaw": [0.5, 1e-06, 0.1], "k_pid_hsp": [2.395389635608916, 0.1531003758033771, 0.9808670922728795], "k_pid_vsp": [378.2079564087626, 328.58176268426536, 1.0]}, "datetime": {"datetime": "2025-08-21 14:48:53", "elapsed": 21849.790871858597, "delta": 23.24498963356018}, "costs": {"total_cost": 925.4559481841363, "time_cost": 150, "final_distance_cost": 73.32707212388578, "oscillation_cost": 295.10224407233017, "completition_cost": 333.33333333333337, "overshoot_cost": 43.65666463325745, "power_cost": 15.89888905029297, "noise_cost": 14.137744971036549, "n_waypoints_completed": 6, "tot_waypoints": 9}}
{"target": -206.508821263841, "params": {"k_pid_pos": [1.9176378968916694, 0.024859491386256316, 0.8092599635047751], "k_pid_alt": [1.7187705538853828, 0.0, 0.14895820972210694], "k_pid_att": [24.0942673894178, 7.284845820832624, 0.8739915892735461], "k_pid_yaw": [0.5, 1e-06, 0.1], "k_pid_hsp": [1.0, 0.8411161312305768, 0.01], "k_pid_vsp": [284.5460512203246, 369.48810340511164, 1.0]}, "datetime": {"datetime": "2025-08-21 14:49:08", "elapsed": 21865.307041168213, "delta": 15.516169309616089}, "costs": {"total_cost": 206.508821263841, "time_cost": 69.47200000000001, "final_distance_cost": 1.8475100380504585, "oscillation_cost": 56.6739379384116, "completition_cost": 0.0, "overshoot_cost": 49.82907422379587, "power_cost": 15.560492883300782, "noise_cost": 13.125806180282288, "n_waypoints_completed": 9, "tot_waypoints": 9}}
{"target": -187.77943585336138, "params": {"k_pid_pos": [1.143073425183974, 0.024859491386256316, 0.21152287994165886], "k_pid_alt": [1.2279286217595138, 0.0, 0.06527723447865985], "k_pid_att": [99.05121608804818, 7.284845820832624, 0.8739915892735461], "k_pid_yaw": [0.5, 1e-06, 0.1], "k_pid_hsp": [1.606987810134683, 0.1531003758033771, 0.01], "k_pid_vsp": [110.56511661686339, 355.21150340299164, 1.0]}, "datetime": {"datetime": "2025-08-21 14:49:25", "elapsed": 21882.050285339355, "delta": 16.743244171142578}, "costs": {"total_cost": 187.77943585336138, "time_cost": 69.592, "final_distance_cost": 1.8374305260265762, "oscillation_cost": 44.26289635232771, "completition_cost": 0.0, "overshoot_cost": 49.8767804548385, "power_cost": 11.219850439453126, "noise_cost": 10.990478080715457, "n_waypoints_completed": 9, "tot_waypoints": 9}}
{"target": -190.82346187842253, "params": {"k_pid_pos": [1.9176378968916694, 0.024859491386256316, 0.5175749361529872], "k_pid_alt": [1.0568373747140234, 0.0, 0.06527723447865985], "k_pid_att": [99.05121608804818, 7.284845820832624, 0.8739915892735461], "k_pid_yaw": [0.5, 1e-06, 0.1], "k_pid_hsp": [1.606987810134683, 0.1531003758033771, 0.01], "k_pid_vsp": [63.87935167311278, 255.15728066808146, 1.0]}, "datetime": {"datetime": "2025-08-21 14:49:41", "elapsed": 21897.52639746666, "delta": 15.476112127304077}, "costs": {"total_cost": 190.82346187842253, "time_cost": 69.632, "final_distance_cost": 1.818111505406129, "oscillation_cost": 42.98682858475969, "completition_cost": 0.0, "overshoot_cost": 50.086174456218586, "power_cost": 14.242112219238281, "noise_cost": 12.058235112799828, "n_waypoints_completed": 9, "tot_waypoints": 9}}
{"target": -182.69841109241415, "params": {"k_pid_pos": [1.9176378968916694, 0.024859491386256316, 0.21152287994165886], "k_pid_alt": [1.6319753356852484, 0.0, 0.06527723447865985], "k_pid_att": [58.989274729095186, 5.088413281584711, 0.6179952950406163], "k_pid_yaw": [0.5, 1e-06, 0.1], "k_pid_hsp": [3.8015553682621426, 0.1531003758033771, 0.01], "k_pid_vsp": [110.56511661686339, 355.21150340299164, 1.0]}, "datetime": {"datetime": "2025-08-21 14:49:57", "elapsed": 21913.982046365738, "delta": 16.45564889907837}, "costs": {"total_cost": 182.69841109241415, "time_cost": 67.984, "final_distance_cost": 1.7718347001146497, "oscillation_cost": 44.4182672203405, "completition_cost": 0.0, "overshoot_cost": 49.933503844088236, "power_cost": 9.165446862792969, "noise_cost": 9.425358465077784, "n_waypoints_completed": 9, "tot_waypoints": 9}}
