{"target": -191.66977732701127, "params": {"k_pid_pos": [1.1496839804071068, 0.050748570824986294, 0.3247566437552345], "k_pid_alt": [1.2679502233621702, 0.0, 0.1576465649121419], "k_pid_att": [58.989274729095186, 7.284845820832624, 0.8739915892735461], "k_pid_yaw": [0.5, 1e-06, 0.1], "k_pid_hsp": [1.0, 0.1531003758033771, 0.01], "k_pid_vsp": [378.2079564087626, 355.21150340299164, 1.0]}, "datetime": {"datetime": "2025-08-21 11:46:11", "elapsed": 10887.621775627136, "delta": 17.00924253463745}, "costs": {"total_cost": 191.66977732701127, "time_cost": 73.76, "final_distance_cost": 1.8415354404210187, "oscillation_cost": 45.30617634819778, "completition_cost": 0.0, "overshoot_cost": 49.29112401718268, "power_cost": 10.505692126464844, "noise_cost": 10.965249394744939, "n_waypoints_completed": 9, "tot_waypoints": 9}}
{"target": -199.22803801863853, "params": {"k_pid_pos": [1.3885554450422086, 0.024859491386256316, 0.11401919133455096], "k_pid_alt": [1.2679502233621702, 0.0, 0.8361997509577753], "k_pid_att": [64.85696333643777, 3.0596356458441103, 0.9274604585040267], "k_pid_yaw": [0.5, 1e-06, 0.1], "k_pid_hsp": [1.5353014571438959, 0.8344040447135034, 0.01], "k_pid_vsp": [378.2079564087626, 355.21150340299164, 131.29633191148946]}, "datetime": {"datetime": "2025-08-21 11:46:27", "elapsed": 10903.71116900444, "delta": 16.089393377304077}, "costs": {"total_cost": 199.22803801863853, "time_cost": 69.48, "final_distance_cost": 1.8338493304919994, "oscillation_cost": 51.46731551055772, "completition_cost": 0.0, "overshoot_cost": 48.89291815570983, "power_cost": 15.965520532226563, "noise_cost": 11.588434489652407, "n_waypoints_completed": 9, "tot_waypoints": 9}}
{"target": -197.6145840876149, "params": {"k_pid_pos": [1.3885554450422086, 0.024859491386256316, 0.11401919133455096], "k_pid_alt": [1.2679502233621702, 0.0, 0.512921577555336], "k_pid_att": [27.406759869572184, 3.0596356458441103, 0.9274604585040267], "k_pid_yaw": [0.5, 1e-06, 0.1], "k_pid_hsp": [9.822050525885613, 0.01, 0.01], "k_pid_vsp": [216.03222731533768, 69.46038294301658, 1.0]}, "datetime": {"datetime": "2025-08-21 11:46:43", "elapsed": 10919.561202526093, "delta": 15.850033521652222}, "costs": {"total_cost": 197.6145840876149, "time_cost": 70.152, "final_distance_cost": 1.8037081544087132, "oscillation_cost": 53.46859572989427, "completition_cost": 0.0, "overshoot_cost": 50.119904554185204, "power_cost": 11.269079907226564, "noise_cost": 10.801295741900129, "n_waypoints_completed": 9, "tot_waypoints": 9}}
{"target": -197.8040437517415, "params": {"k_pid_pos": [1.1496839804071068, 0.024859491386256316, 0.11401919133455096], "k_pid_alt": [0.9146766663066528, 0.0, 0.016491258977649914], "k_pid_att": [20.236336479523032, 3.0596356458441103, 0.9274604585040267], "k_pid_yaw": [0.5, 1e-06, 0.1], "k_pid_hsp": [4.4869223172461, 0.01, 0.01], "k_pid_vsp": [277.2708477836043, 351.388862279923, 131.29633191148946]}, "datetime": {"datetime": "2025-08-21 11:46:59", "elapsed": 10935.50376868248, "delta": 15.942566156387329}, "costs": {"total_cost": 197.8040437517415, "time_cost": 69.744, "final_distance_cost": 1.8465239516682634, "oscillation_cost": 43.9455347765119, "completition_cost": 0.0, "overshoot_cost": 49.03629855681725, "power_cost": 19.364535473632813, "noise_cost": 13.867150993111277, "n_waypoints_completed": 9, "tot_waypoints": 9}}
{"target": -214.41466940044575, "params": {"k_pid_pos": [1.1496839804071068, 0.024859491386256316, 0.2801383876314065], "k_pid_alt": [1.8299588345564006, 0.21279159204151088, 0.8361997509577753], "k_pid_att": [20.236336479523032, 3.0596356458441103, 0.38500037867184356], "k_pid_yaw": [0.5, 1e-06, 0.1], "k_pid_hsp": [1.5353014571438959, 0.1531003758033771, 0.01], "k_pid_vsp": [10.061310251204958, 355.21150340299164, 85.70232995912893]}, "datetime": {"datetime": "2025-08-21 11:47:19", "elapsed": 10955.597331762314, "delta": 20.093563079833984}, "costs": {"total_cost": 214.41466940044575, "time_cost": 87.592, "final_distance_cost": 1.7883565705890283, "oscillation_cost": 48.831321473648856, "completition_cost": 0.0, "overshoot_cost": 51.72287429421217, "power_cost": 13.836194238281252, "noise_cost": 10.643922823714432, "n_waypoints_completed": 9, "tot_waypoints": 9}}
{"target": -353.04552790239586, "params": {"k_pid_pos": [1.3885554450422086, 0.024859491386256316, 0.11401919133455096], "k_pid_alt": [1.2679502233621702, 0.0, 0.16072894317769304], "k_pid_att": [94.70626418914286, 9.597749245839971, 0.3366070335655168], "k_pid_yaw": [0.5, 1e-06, 0.1], "k_pid_hsp": [1.0, 0.1531003758033771, 0.43392620681026395], "k_pid_vsp": [378.2079564087626, 355.21150340299164, 1.0]}, "datetime": {"datetime": "2025-08-21 11:47:37", "elapsed": 10974.068276643753, "delta": 18.47094488143921}, "costs": {"total_cost": 353.04552790239586, "time_cost": 80.392, "final_distance_cost": 1.7714615069017623, "oscillation_cost": 179.91489087502669, "completition_cost": 0.0, "overshoot_cost": 57.31921903423121, "power_cost": 18.577421252441408, "noise_cost": 15.070535233794802, "n_waypoints_completed": 9, "tot_waypoints": 9}}
{"target": -214.07506400324883, "params": {"k_pid_pos": [1.3078103269235994, 0.9521925363959002, 0.11401919133455096], "k_pid_alt": [1.2679502233621702, 0.0, 0.06527723447865985], "k_pid_att": [24.0942673894178, 7.284845820832624, 0.8739915892735461], "k_pid_yaw": [0.5, 1e-06, 0.1], "k_pid_hsp": [1.0, 0.01, 0.01], "k_pid_vsp": [153.0622015256548, 84.00193632023473, 1.0]}, "datetime": {"datetime": "2025-08-21 11:47:57", "elapsed": 10993.57304573059, "delta": 19.50476908683777}, "costs": {"total_cost": 214.07506400324883, "time_cost": 86.648, "final_distance_cost": 1.7454390764982968, "oscillation_cost": 48.552556946079086, "completition_cost": 0.0, "overshoot_cost": 56.32900340722416, "power_cost": 9.489970678710938, "noise_cost": 11.310093894736356, "n_waypoints_completed": 9, "tot_waypoints": 9}}
{"target": -234.00884083451, "params": {"k_pid_pos": [1.3885554450422086, 0.21958489946633264, 0.007456431423803034], "k_pid_alt": [0.5660386435476983, 0.0, 0.512921577555336], "k_pid_att": [27.406759869572184, 3.0596356458441103, 0.9274604585040267], "k_pid_yaw": [0.5, 1e-06, 0.1], "k_pid_hsp": [1.742591002227903, 0.01, 0.01], "k_pid_vsp": [150.0, 351.388862279923, 131.29633191148946]}, "datetime": {"datetime": "2025-08-21 11:48:18", "elapsed": 11014.548176050186, "delta": 20.975130319595337}, "costs": {"total_cost": 234.00884083451, "time_cost": 91.408, "final_distance_cost": 1.8236102255127127, "oscillation_cost": 54.37797755478399, "completition_cost": 0.0, "overshoot_cost": 54.29453533710287, "power_cost": 18.489746716308595, "noise_cost": 13.614971000801868, "n_waypoints_completed": 9, "tot_waypoints": 9}}
{"target": -182.6165153521439, "params": {"k_pid_pos": [1.3078103269235994, 0.024859491386256316, 0.11401919133455096], "k_pid_alt": [1.2679502233621702, 0.0, 0.06527723447865985], "k_pid_att": [58.989274729095186, 0.1829435822487251, 0.3952346537588943], "k_pid_yaw": [0.5, 1e-06, 0.1], "k_pid_hsp": [1.5353014571438959, 0.01, 0.01], "k_pid_vsp": [150.0, 221.6078012742647, 1.0]}, "datetime": {"datetime": "2025-08-21 11:48:34", "elapsed": 11030.562654733658, "delta": 16.01447868347168}, "costs": {"total_cost": 182.6165153521439, "time_cost": 69.06400000000001, "final_distance_cost": 1.8254404901228252, "oscillation_cost": 36.115043061276765, "completition_cost": 0.0, "overshoot_cost": 50.24181460488084, "power_cost": 13.538790551757813, "noise_cost": 11.83142664410566, "n_waypoints_completed": 9, "tot_waypoints": 9}}
{"target": -197.16930928256332, "params": {"k_pid_pos": [1.1496839804071068, 0.32941221611176796, 0.11401919133455096], "k_pid_alt": [0.7194253153428574, 0.0, 0.016491258977649914], "k_pid_att": [17.813414374173632, 0.0032441649989051976, 0.8739915892735461], "k_pid_yaw": [0.5, 1e-06, 0.1], "k_pid_hsp": [1.0, 0.01, 0.01], "k_pid_vsp": [153.0622015256548, 84.00193632023473, 1.0]}, "datetime": {"datetime": "2025-08-21 11:48:52", "elapsed": 11048.836193799973, "delta": 18.273539066314697}, "costs": {"total_cost": 197.16930928256332, "time_cost": 79.88, "final_distance_cost": 1.7700881602819305, "oscillation_cost": 43.32280779619749, "completition_cost": 0.0, "overshoot_cost": 50.58348084387778, "power_cost": 10.790633666992187, "noise_cost": 10.822298815213905, "n_waypoints_completed": 9, "tot_waypoints": 9}}
{"target": -211.68870290880446, "params": {"k_pid_pos": [1.1496839804071068, 0.024859491386256316, 0.11401919133455096], "k_pid_alt": [1.2679502233621702, 0.19689014389003456, 0.8361997509577753], "k_pid_att": [20.236336479523032, 4.028010644934719, 0.9274604585040267], "k_pid_yaw": [0.5, 1e-06, 0.1], "k_pid_hsp": [1.5353014571438959, 0.34786682559405435, 0.01], "k_pid_vsp": [153.0622015256548, 125.65391032508283, 1.0]}, "datetime": {"datetime": "2025-08-21 11:49:10", "elapsed": 11067.1938393116, "delta": 18.357645511627197}, "costs": {"total_cost": 211.68870290880446, "time_cost": 81.104, "final_distance_cost": 1.7983671360316065, "oscillation_cost": 48.388981613818665, "completition_cost": 0.0, "overshoot_cost": 50.879750748570935, "power_cost": 16.116637438964844, "noise_cost": 13.400965971418412, "n_waypoints_completed": 9, "tot_waypoints": 9}}
{"target": -184.79699846079987, "params": {"k_pid_pos": [1.3885554450422086, 0.024859491386256316, 0.11401919133455096], "k_pid_alt": [1.2679502233621702, 0.0, 0.1576465649121419], "k_pid_att": [58.989274729095186, 7.284845820832624, 0.8739915892735461], "k_pid_yaw": [0.5, 1e-06, 0.1], "k_pid_hsp": [1.0, 0.1531003758033771, 0.01], "k_pid_vsp": [378.2079564087626, 355.21150340299164, 1.0]}, "datetime": {"datetime": "2025-08-21 11:49:26", "elapsed": 11082.922112941742, "delta": 15.728273630142212}, "costs": {"total_cost": 184.79699846079987, "time_cost": 68.808, "final_distance_cost": 1.7894348051873372, "oscillation_cost": 39.00794688160961, "completition_cost": 0.0, "overshoot_cost": 49.76626712684785, "power_cost": 13.607414526367188, "noise_cost": 11.81793512078786, "n_waypoints_completed": 9, "tot_waypoints": 9}}
{"target": -177.85852671739207, "params": {"k_pid_pos": [1.3078103269235994, 0.024859491386256316, 0.11401919133455096], "k_pid_alt": [1.2679502233621702, 0.0, 0.06527723447865985], "k_pid_att": [58.989274729095186, 0.1829435822487251, 0.3952346537588943], "k_pid_yaw": [0.5, 1e-06, 0.1], "k_pid_hsp": [1.5353014571438959, 0.01, 0.01], "k_pid_vsp": [150.0, 221.6078012742647, 1.0]}, "datetime": {"datetime": "2025-08-21 11:49:42", "elapsed": 11098.496901750565, "delta": 15.574788808822632}, "costs": {"total_cost": 177.85852671739207, "time_cost": 68.608, "final_distance_cost": 1.8272474155503573, "oscillation_cost": 39.0378177273792, "completition_cost": 0.0, "overshoot_cost": 49.60651174706643, "power_cost": 9.223473449707031, "noise_cost": 9.55547637768906, "n_waypoints_completed": 9, "tot_waypoints": 9}}
{"target": -186.77699149771544, "params": {"k_pid_pos": [1.3078103269235994, 0.024859491386256316, 0.11401919133455096], "k_pid_alt": [1.2679502233621702, 0.0, 0.06527723447865985], "k_pid_att": [24.0942673894178, 7.284845820832624, 0.8739915892735461], "k_pid_yaw": [0.5, 1e-06, 0.1], "k_pid_hsp": [5.128277129725155, 0.1531003758033771, 0.01], "k_pid_vsp": [378.2079564087626, 355.21150340299164, 1.0]}, "datetime": {"datetime": "2025-08-21 11:49:58", "elapsed": 11114.689021110535, "delta": 16.192119359970093}, "costs": {"total_cost": 186.77699149771544, "time_cost": 68.736, "final_distance_cost": 1.8346554544784663, "oscillation_cost": 43.5088891409749, "completition_cost": 0.0, "overshoot_cost": 49.33053865841341, "power_cost": 12.103038647460938, "noise_cost": 11.2638695963877, "n_waypoints_completed": 9, "tot_waypoints": 9}}
{"target": -196.2491583806045, "params": {"k_pid_pos": [1.4999912498542303, 0.024859491386256316, 0.11401919133455096], "k_pid_alt": [1.2679502233621702, 0.0, 0.1576465649121419], "k_pid_att": [39.909449977216326, 7.284845820832624, 0.8739915892735461], "k_pid_yaw": [0.5, 1e-06, 0.1], "k_pid_hsp": [3.226465079465205, 0.01, 0.01], "k_pid_vsp": [150.0, 221.6078012742647, 1.0]}, "datetime": {"datetime": "2025-08-21 11:50:14", "elapsed": 11130.844397306442, "delta": 16.155376195907593}, "costs": {"total_cost": 196.2491583806045, "time_cost": 71.384, "final_distance_cost": 1.7890903766761894, "oscillation_cost": 43.559270167971896, "completition_cost": 0.0, "overshoot_cost": 50.994689152783906, "power_cost": 15.51782684326172, "noise_cost": 13.004281839910785, "n_waypoints_completed": 9, "tot_waypoints": 9}}
{"target": -212.97049990577466, "params": {"k_pid_pos": [1.3885554450422086, 0.024859491386256316, 0.6521786052913653], "k_pid_alt": [1.2679502233621702, 0.0, 0.8361997509577753], "k_pid_att": [17.813414374173632, 0.0032441649989051976, 0.3952346537588943], "k_pid_yaw": [0.5, 1e-06, 0.1], "k_pid_hsp": [1.5353014571438959, 0.01, 0.01], "k_pid_vsp": [277.2708477836043, 104.00531260114543, 131.29633191148946]}, "datetime": {"datetime": "2025-08-21 11:50:35", "elapsed": 11151.764160633087, "delta": 20.919763326644897}, "costs": {"total_cost": 212.97049990577466, "time_cost": 90.912, "final_distance_cost": 1.8444027771481177, "oscillation_cost": 43.19384897369183, "completition_cost": 0.0, "overshoot_cost": 54.79851073234206, "power_cost": 12.498140258789062, "noise_cost": 9.723597163803584, "n_waypoints_completed": 9, "tot_waypoints": 9}}
{"target": -200.03219801244146, "params": {"k_pid_pos": [1.3078103269235994, 0.024859491386256316, 0.11401919133455096], "k_pid_alt": [1.2679502233621702, 0.0, 0.1576465649121419], "k_pid_att": [39.909449977216326, 8.715136069545439, 0.8739915892735461], "k_pid_yaw": [0.5, 1e-06, 0.1], "k_pid_hsp": [7.728305082468198, 0.01, 0.01], "k_pid_vsp": [277.2708477836043, 351.388862279923, 131.29633191148946]}, "datetime": {"datetime": "2025-08-21 11:50:51", "elapsed": 11167.65409564972, "delta": 15.88993501663208}, "costs": {"total_cost": 200.03219801244146, "time_cost": 69.48, "final_distance_cost": 1.8490052991128143, "oscillation_cost": 52.45827957320662, "completition_cost": 0.0, "overshoot_cost": 50.036935625419666, "power_cost": 14.656880541992189, "noise_cost": 11.551096972710164, "n_waypoints_completed": 9, "tot_waypoints": 9}}
{"target": -227.724661098212, "params": {"k_pid_pos": [0.59798563265942, 0.024859491386256316, 0.11401919133455096], "k_pid_alt": [1.2679502233621702, 0.0, 0.06527723447865985], "k_pid_att": [58.989274729095186, 7.284845820832624, 0.8739915892735461], "k_pid_yaw": [0.5, 1e-06, 0.1], "k_pid_hsp": [1.0, 0.01, 0.11504281536220251], "k_pid_vsp": [153.0622015256548, 84.00193632023473, 1.0]}, "datetime": {"datetime": "2025-08-21 11:51:09", "elapsed": 11186.0856153965, "delta": 18.431519746780396}, "costs": {"total_cost": 227.724661098212, "time_cost": 79.528, "final_distance_cost": 1.8461905984968043, "oscillation_cost": 63.194783756841495, "completition_cost": 0.0, "overshoot_cost": 51.913619501653876, "power_cost": 16.398356066894532, "noise_cost": 14.843711174325307, "n_waypoints_completed": 9, "tot_waypoints": 9}}
{"target": -206.05206736073325, "params": {"k_pid_pos": [1.3078103269235994, 0.024859491386256316, 0.11401919133455096], "k_pid_alt": [0.6046773907049969, 0.0, 0.06527723447865985], "k_pid_att": [58.989274729095186, 7.284845820832624, 0.8739915892735461], "k_pid_yaw": [0.5, 1e-06, 0.1], "k_pid_hsp": [6.3710770224823925, 0.01, 0.01], "k_pid_vsp": [153.0622015256548, 84.00193632023473, 1.0]}, "datetime": {"datetime": "2025-08-21 11:51:26", "elapsed": 11203.337846755981, "delta": 17.25223135948181}, "costs": {"total_cost": 206.05206736073325, "time_cost": 73.128, "final_distance_cost": 1.840641406793254, "oscillation_cost": 60.009674108430794, "completition_cost": 0.0, "overshoot_cost": 50.38425531459256, "power_cost": 10.333567553710939, "noise_cost": 10.355928977205714, "n_waypoints_completed": 9, "tot_waypoints": 9}}
{"target": -197.78794486574813, "params": {"k_pid_pos": [0.5692387081849184, 0.024859491386256316, 0.31939348815736834], "k_pid_alt": [1.2679502233621702, 0.0, 0.06527723447865985], "k_pid_att": [24.0942673894178, 7.284845820832624, 0.8739915892735461], "k_pid_yaw": [0.5, 1e-06, 0.1], "k_pid_hsp": [1.0, 0.01, 0.01], "k_pid_vsp": [153.0622015256548, 84.00193632023473, 1.0]}, "datetime": {"datetime": "2025-08-21 11:51:46", "elapsed": 11222.753680467606, "delta": 19.415833711624146}, "costs": {"total_cost": 197.78794486574813, "time_cost": 83.70400000000001, "final_distance_cost": 1.8530796857319944, "oscillation_cost": 34.496655655299826, "completition_cost": 0.0, "overshoot_cost": 51.53465142060479, "power_cost": 12.769078002929689, "noise_cost": 13.430480101181802, "n_waypoints_completed": 9, "tot_waypoints": 9}}
{"target": -215.3828717093813, "params": {"k_pid_pos": [1.1496839804071068, 0.050748570824986294, 0.3247566437552345], "k_pid_alt": [1.3131013039922512, 0.0, 0.1576465649121419], "k_pid_att": [58.989274729095186, 7.284845820832624, 0.3495979120577055], "k_pid_yaw": [0.5, 1e-06, 0.1], "k_pid_hsp": [1.0, 0.1531003758033771, 0.01], "k_pid_vsp": [378.2079564087626, 355.21150340299164, 1.0]}, "datetime": {"datetime": "2025-08-21 11:52:03", "elapsed": 11240.373901128769, "delta": 17.62022066116333}, "costs": {"total_cost": 215.3828717093813, "time_cost": 77.06400000000001, "final_distance_cost": 1.8120315390769357, "oscillation_cost": 43.53528718104551, "completition_cost": 0.0, "overshoot_cost": 52.955705781731766, "power_cost": 20.962317211914062, "noise_cost": 19.05352999561299, "n_waypoints_completed": 9, "tot_waypoints": 9}}
{"target": -212.24166517031216, "params": {"k_pid_pos": [1.3885554450422086, 0.024859491386256316, 0.11401919133455096], "k_pid_alt": [1.2679502233621702, 0.0, 0.1576465649121419], "k_pid_att": [58.989274729095186, 7.284845820832624, 0.8739915892735461], "k_pid_yaw": [0.5, 1e-06, 0.1], "k_pid_hsp": [1.0, 0.8252135636493042, 0.01], "k_pid_vsp": [378.2079564087626, 14.13097884785163, 1.0]}, "datetime": {"datetime": "2025-08-21 11:52:20", "elapsed": 11256.765713214874, "delta": 16.391812086105347}, "costs": {"total_cost": 212.24166517031216, "time_cost": 70.872, "final_distance_cost": 1.8274958189684671, "oscillation_cost": 58.93569962973913, "completition_cost": 0.0, "overshoot_cost": 50.72913070205263, "power_cost": 16.50217156982422, "noise_cost": 13.375167449727721, "n_waypoints_completed": 9, "tot_waypoints": 9}}
{"target": -190.63800139732803, "params": {"k_pid_pos": [1.3078103269235994, 0.024859491386256316, 0.11401919133455096], "k_pid_alt": [1.2679502233621702, 0.0, 0.06527723447865985], "k_pid_att": [94.27907641276623, 9.579728616174156, 0.03545872694893892], "k_pid_yaw": [0.5, 1e-06, 0.1], "k_pid_hsp": [1.5353014571438959, 0.1531003758033771, 0.01], "k_pid_vsp": [378.2079564087626, 156.5077636423909, 10.69915016599017]}, "datetime": {"datetime": "2025-08-21 11:52:35", "elapsed": 11272.319074869156, "delta": 15.553361654281616}, "costs": {"total_cost": 190.63800139732803, "time_cost": 69.04, "final_distance_cost": 1.8129404652927, "oscillation_cost": 49.48096677439567, "completition_cost": 0.0, "overshoot_cost": 50.0178075995646, "power_cost": 10.574798413085938, "noise_cost": 9.71148814498912, "n_waypoints_completed": 9, "tot_waypoints": 9}}
{"target": -190.78402376082005, "params": {"k_pid_pos": [1.3885554450422086, 0.5313431052703059, 0.8026458379953977], "k_pid_alt": [1.2679502233621702, 0.0, 0.016491258977649914], "k_pid_att": [24.0942673894178, 7.284845820832624, 0.8739915892735461], "k_pid_yaw": [0.5, 1e-06, 0.1], "k_pid_hsp": [5.128277129725155, 0.1531003758033771, 0.01], "k_pid_vsp": [378.2079564087626, 355.21150340299164, 1.0]}, "datetime": {"datetime": "2025-08-21 11:52:53", "elapsed": 11289.481210231781, "delta": 17.162135362625122}, "costs": {"total_cost": 190.78402376082005, "time_cost": 75.16, "final_distance_cost": 1.7992199571839567, "oscillation_cost": 40.0424614461982, "completition_cost": 0.0, "overshoot_cost": 49.80248009967168, "power_cost": 12.269567822265625, "noise_cost": 11.710294435500602, "n_waypoints_completed": 9, "tot_waypoints": 9}}
{"target": -200.1408746263726, "params": {"k_pid_pos": [1.1496839804071068, 0.32941221611176796, 0.6600513411052183], "k_pid_alt": [0.7194253153428574, 0.0, 0.016491258977649914], "k_pid_att": [17.813414374173632, 0.0032441649989051976, 0.8739915892735461], "k_pid_yaw": [0.5, 1e-06, 0.1], "k_pid_hsp": [1.0, 0.01, 0.01], "k_pid_vsp": [378.2079564087626, 355.21150340299164, 1.0]}, "datetime": {"datetime": "2025-08-21 11:53:12", "elapsed": 11309.005932807922, "delta": 19.524722576141357}, "costs": {"total_cost": 200.1408746263726, "time_cost": 83.19200000000001, "final_distance_cost": 1.8259219926250037, "oscillation_cost": 39.00609544756795, "completition_cost": 0.0, "overshoot_cost": 50.34404426162534, "power_cost": 13.340423876953126, "noise_cost": 12.432389047601175, "n_waypoints_completed": 9, "tot_waypoints": 9}}
{"target": -190.89046232114694, "params": {"k_pid_pos": [1.3078103269235994, 0.024859491386256316, 0.11401919133455096], "k_pid_alt": [1.2679502233621702, 0.0, 0.06527723447865985], "k_pid_att": [24.0942673894178, 7.284845820832624, 0.8739915892735461], "k_pid_yaw": [0.5, 1e-06, 0.1], "k_pid_hsp": [5.128277129725155, 0.1531003758033771, 0.01], "k_pid_vsp": [153.0622015256548, 84.00193632023473, 1.0]}, "datetime": {"datetime": "2025-08-21 11:53:28", "elapsed": 11324.910066127777, "delta": 15.904133319854736}, "costs": {"total_cost": 190.89046232114694, "time_cost": 68.872, "final_distance_cost": 1.832864633580223, "oscillation_cost": 44.00777270818512, "completition_cost": 0.0, "overshoot_cost": 50.28165414195183, "power_cost": 13.855757849121094, "noise_cost": 12.040412988308669, "n_waypoints_completed": 9, "tot_waypoints": 9}}
