{"target": -179.31265122670487, "params": {"k_pid_pos": [1.3885554450422086, 0.024859491386256316, 0.11401919133455096], "k_pid_alt": [1.2679502233621702, 0.0, 0.1576465649121419], "k_pid_att": [58.989274729095186, 7.284845820832624, 0.8739915892735461], "k_pid_yaw": [0.5, 1e-06, 0.1], "k_pid_hsp": [1.0, 0.1531003758033771, 0.01], "k_pid_vsp": [378.2079564087626, 355.21150340299164, 1.0]}, "datetime": {"datetime": "2025-08-21 12:32:24", "elapsed": 13661.008288860321, "delta": 15.652153253555298}, "costs": {"total_cost": 179.31265122670487, "time_cost": 68.376, "final_distance_cost": 1.807479294161202, "oscillation_cost": 39.17069299890311, "completition_cost": 0.0, "overshoot_cost": 49.35223873357978, "power_cost": 10.448528137207031, "noise_cost": 10.157712062853745, "n_waypoints_completed": 9, "tot_waypoints": 9}}
{"target": -181.75839178890516, "params": {"k_pid_pos": [1.3885554450422086, 0.024859491386256316, 0.11401919133455096], "k_pid_alt": [1.2679502233621702, 0.0, 0.1576465649121419], "k_pid_att": [58.989274729095186, 7.284845820832624, 0.8792759721912583], "k_pid_yaw": [0.5, 1e-06, 0.1], "k_pid_hsp": [1.0, 0.1531003758033771, 0.01], "k_pid_vsp": [378.2079564087626, 87.58200976551859, 1.0]}, "datetime": {"datetime": "2025-08-21 12:32:40", "elapsed": 13677.024718761444, "delta": 16.016429901123047}, "costs": {"total_cost": 181.75839178890516, "time_cost": 68.616, "final_distance_cost": 1.8205235039998535, "oscillation_cost": 41.021989280742, "completition_cost": 0.0, "overshoot_cost": 49.94202771689213, "power_cost": 10.140913928222657, "noise_cost": 10.216937359048496, "n_waypoints_completed": 9, "tot_waypoints": 9}}
{"target": -183.60637598637868, "params": {"k_pid_pos": [1.3885554450422086, 0.024859491386256316, 0.11401919133455096], "k_pid_alt": [1.2679502233621702, 0.0, 0.1576465649121419], "k_pid_att": [58.989274729095186, 7.284845820832624, 0.8739915892735461], "k_pid_yaw": [0.5, 1e-06, 0.1], "k_pid_hsp": [1.0, 0.1531003758033771, 0.01], "k_pid_vsp": [378.2079564087626, 330.56020129695656, 1.0]}, "datetime": {"datetime": "2025-08-21 12:32:55", "elapsed": 13692.200308799744, "delta": 15.17559003829956}, "costs": {"total_cost": 183.60637598637868, "time_cost": 68.552, "final_distance_cost": 1.7951755081495415, "oscillation_cost": 41.647219924860444, "completition_cost": 0.0, "overshoot_cost": 49.81343633573561, "power_cost": 11.184509094238281, "noise_cost": 10.614035123394798, "n_waypoints_completed": 9, "tot_waypoints": 9}}
{"target": -181.47342520966913, "params": {"k_pid_pos": [1.3078103269235994, 0.024859491386256316, 0.11401919133455096], "k_pid_alt": [1.2679502233621702, 0.0, 0.1576465649121419], "k_pid_att": [58.989274729095186, 7.284845820832624, 0.8739915892735461], "k_pid_yaw": [0.5, 1e-06, 0.1], "k_pid_hsp": [1.0, 0.23589601547334327, 0.01], "k_pid_vsp": [378.2079564087626, 355.21150340299164, 1.0]}, "datetime": {"datetime": "2025-08-21 12:33:11", "elapsed": 13707.809324026108, "delta": 15.609015226364136}, "costs": {"total_cost": 181.47342520966913, "time_cost": 68.56, "final_distance_cost": 1.8105769526035744, "oscillation_cost": 39.99634523278533, "completition_cost": 0.0, "overshoot_cost": 50.17837456181048, "power_cost": 10.700587817382813, "noise_cost": 10.227540645086929, "n_waypoints_completed": 9, "tot_waypoints": 9}}
{"target": -344.44302051162776, "params": {"k_pid_pos": [1.3078103269235994, 0.024859491386256316, 0.11401919133455096], "k_pid_alt": [0.8815334174028542, 0.0, 0.512921577555336], "k_pid_att": [58.989274729095186, 2.79325987156934, 0.9669350405079173], "k_pid_yaw": [0.5, 1e-06, 0.1], "k_pid_hsp": [1.0, 0.41463118024342327, 0.48397499846555336], "k_pid_vsp": [378.2079564087626, 355.21150340299164, 1.0]}, "datetime": {"datetime": "2025-08-21 12:33:31", "elapsed": 13728.321497917175, "delta": 20.512173891067505}, "costs": {"total_cost": 344.44302051162776, "time_cost": 88.624, "final_distance_cost": 1.8032184266939386, "oscillation_cost": 166.69775305013232, "completition_cost": 0.0, "overshoot_cost": 56.395456589449076, "power_cost": 16.406910607910156, "noise_cost": 14.515681837442312, "n_waypoints_completed": 9, "tot_waypoints": 9}}
{"target": -187.77966817150522, "params": {"k_pid_pos": [1.3885554450422086, 0.024859491386256316, 0.11401919133455096], "k_pid_alt": [1.2679502233621702, 0.0, 0.1576465649121419], "k_pid_att": [58.989274729095186, 7.284845820832624, 0.8739915892735461], "k_pid_yaw": [0.5, 1e-06, 0.1], "k_pid_hsp": [1.0, 0.1531003758033771, 0.01], "k_pid_vsp": [378.2079564087626, 355.21150340299164, 1.0]}, "datetime": {"datetime": "2025-08-21 12:33:47", "elapsed": 13744.447069883347, "delta": 16.125571966171265}, "costs": {"total_cost": 187.77966817150522, "time_cost": 69.48, "final_distance_cost": 1.822882841217856, "oscillation_cost": 38.875850850547316, "completition_cost": 0.0, "overshoot_cost": 50.08796747740529, "power_cost": 14.991072277832032, "noise_cost": 12.52189472450269, "n_waypoints_completed": 9, "tot_waypoints": 9}}
{"target": -190.82788757365518, "params": {"k_pid_pos": [1.3885554450422086, 0.024859491386256316, 0.11401919133455096], "k_pid_alt": [1.2679502233621702, 0.0, 0.1576465649121419], "k_pid_att": [58.989274729095186, 7.284845820832624, 0.8739915892735461], "k_pid_yaw": [0.5, 1e-06, 0.1], "k_pid_hsp": [1.0, 0.1531003758033771, 0.01], "k_pid_vsp": [378.2079564087626, 355.21150340299164, 1.0]}, "datetime": {"datetime": "2025-08-21 12:34:03", "elapsed": 13759.976423740387, "delta": 15.529353857040405}, "costs": {"total_cost": 190.82788757365518, "time_cost": 68.944, "final_distance_cost": 1.797995797534107, "oscillation_cost": 39.21133018546827, "completition_cost": 0.0, "overshoot_cost": 50.56109159572133, "power_cost": 16.865815454101565, "noise_cost": 13.447654540829898, "n_waypoints_completed": 9, "tot_waypoints": 9}}
{"target": -181.6155312081973, "params": {"k_pid_pos": [1.3885554450422086, 0.024859491386256316, 0.11401919133455096], "k_pid_alt": [1.2679502233621702, 0.0, 0.06527723447865985], "k_pid_att": [24.0942673894178, 7.284845820832624, 0.8739915892735461], "k_pid_yaw": [0.5, 1e-06, 0.1], "k_pid_hsp": [3.3560449345655647, 0.1531003758033771, 0.01], "k_pid_vsp": [378.2079564087626, 355.21150340299164, 1.0]}, "datetime": {"datetime": "2025-08-21 12:34:19", "elapsed": 13775.615235567093, "delta": 15.638811826705933}, "costs": {"total_cost": 181.6155312081973, "time_cost": 68.432, "final_distance_cost": 1.790485366842697, "oscillation_cost": 41.69261252003298, "completition_cost": 0.0, "overshoot_cost": 49.18577839193216, "power_cost": 10.238896081542968, "noise_cost": 10.27575884784649, "n_waypoints_completed": 9, "tot_waypoints": 9}}
{"target": -187.93640903878833, "params": {"k_pid_pos": [1.3885554450422086, 0.024859491386256316, 0.11401919133455096], "k_pid_alt": [1.2679502233621702, 0.0, 0.1576465649121419], "k_pid_att": [70.93958205800527, 5.200466839336723, 0.8792759721912583], "k_pid_yaw": [0.5, 1e-06, 0.1], "k_pid_hsp": [1.0, 0.1531003758033771, 0.01], "k_pid_vsp": [378.2079564087626, 87.58200976551859, 1.0]}, "datetime": {"datetime": "2025-08-21 12:34:34", "elapsed": 13791.21874332428, "delta": 15.60350775718689}, "costs": {"total_cost": 187.93640903878833, "time_cost": 69.592, "final_distance_cost": 1.8206190623565457, "oscillation_cost": 38.05988928659996, "completition_cost": 0.0, "overshoot_cost": 50.982975298660506, "power_cost": 14.969280639648439, "noise_cost": 12.511644751522885, "n_waypoints_completed": 9, "tot_waypoints": 9}}
{"target": -237.4284579022748, "params": {"k_pid_pos": [1.3885554450422086, 0.024859491386256316, 0.11401919133455096], "k_pid_alt": [1.2679502233621702, 0.0, 0.1576465649121419], "k_pid_att": [58.989274729095186, 7.284845820832624, 0.6954414552103283], "k_pid_yaw": [0.5, 1e-06, 0.1], "k_pid_hsp": [8.16063635751994, 0.6723001228405259, 0.01], "k_pid_vsp": [292.94687076665593, 355.21150340299164, 266.8602717538977]}, "datetime": {"datetime": "2025-08-21 12:34:54", "elapsed": 13810.489781141281, "delta": 19.271037817001343}, "costs": {"total_cost": 237.4284579022748, "time_cost": 84.304, "final_distance_cost": 1.8282103444547357, "oscillation_cost": 63.22625554979623, "completition_cost": 0.0, "overshoot_cost": 57.6980146451649, "power_cost": 17.30429373779297, "noise_cost": 13.067683625065968, "n_waypoints_completed": 9, "tot_waypoints": 9}}
{"target": -230.13101568734749, "params": {"k_pid_pos": [1.3885554450422086, 0.024859491386256316, 0.11401919133455096], "k_pid_alt": [1.2679502233621702, 0.0, 0.1576465649121419], "k_pid_att": [58.989274729095186, 7.284845820832624, 0.8792759721912583], "k_pid_yaw": [0.5, 1e-06, 0.1], "k_pid_hsp": [1.0, 0.1531003758033771, 0.01], "k_pid_vsp": [378.2079564087626, 87.58200976551859, 1.0]}, "datetime": {"datetime": "2025-08-21 12:35:12", "elapsed": 13829.351090669632, "delta": 18.86130952835083}, "costs": {"total_cost": 230.13101568734749, "time_cost": 83.144, "final_distance_cost": 1.817321832543587, "oscillation_cost": 42.547225483565676, "completition_cost": 0.0, "overshoot_cost": 60.94532278403993, "power_cost": 23.533028857421876, "noise_cost": 18.14411672977645, "n_waypoints_completed": 9, "tot_waypoints": 9}}
{"target": -221.5488748488581, "params": {"k_pid_pos": [1.9089386119922513, 0.024859491386256316, 0.11401919133455096], "k_pid_alt": [1.2679502233621702, 0.7900467901418512, 0.06527723447865985], "k_pid_att": [24.0942673894178, 7.284845820832624, 0.8739915892735461], "k_pid_yaw": [0.5, 1e-06, 0.1], "k_pid_hsp": [3.3560449345655647, 0.1531003758033771, 0.01], "k_pid_vsp": [378.2079564087626, 355.21150340299164, 1.0]}, "datetime": {"datetime": "2025-08-21 12:35:31", "elapsed": 13848.234487771988, "delta": 18.883397102355957}, "costs": {"total_cost": 221.5488748488581, "time_cost": 82.568, "final_distance_cost": 1.7834174868371762, "oscillation_cost": 60.88652783061257, "completition_cost": 0.0, "overshoot_cost": 52.13439383613224, "power_cost": 12.506445434570313, "noise_cost": 11.67009026070583, "n_waypoints_completed": 9, "tot_waypoints": 9}}
{"target": -572.6815714399547, "params": {"k_pid_pos": [1.3885554450422086, 0.024859491386256316, 0.11401919133455096], "k_pid_alt": [0.2184303292223817, 0.0, 0.1576465649121419], "k_pid_att": [58.989274729095186, 7.284845820832624, 0.8739915892735461], "k_pid_yaw": [0.5, 1e-06, 0.1], "k_pid_hsp": [3.022941925987454, 0.9058633555759406, 0.01], "k_pid_vsp": [378.2079564087626, 355.21150340299164, 1.0]}, "datetime": {"datetime": "2025-08-21 12:35:54", "elapsed": 13871.268388271332, "delta": 23.033900499343872}, "costs": {"total_cost": 572.6815714399547, "time_cost": 150, "final_distance_cost": 69.03204821247125, "oscillation_cost": 55.54908626481064, "completition_cost": 222.2222222222222, "overshoot_cost": 44.06869654617523, "power_cost": 17.10320075683594, "noise_cost": 14.706317437439484, "n_waypoints_completed": 7, "tot_waypoints": 9}}
{"target": -221.90683832109784, "params": {"k_pid_pos": [0.3597277290261015, 0.024859491386256316, 0.11401919133455096], "k_pid_alt": [1.2679502233621702, 0.0, 0.8836694064166667], "k_pid_att": [58.989274729095186, 7.284845820832624, 0.7085601702185422], "k_pid_yaw": [0.5, 1e-06, 0.1], "k_pid_hsp": [1.0, 0.42821208748488515, 0.01], "k_pid_vsp": [378.2079564087626, 355.21150340299164, 1.0]}, "datetime": {"datetime": "2025-08-21 12:36:16", "elapsed": 13892.686746120453, "delta": 21.418357849121094}, "costs": {"total_cost": 221.90683832109784, "time_cost": 94.904, "final_distance_cost": 1.857849183032348, "oscillation_cost": 34.74397715584135, "completition_cost": 0.0, "overshoot_cost": 53.356537197857016, "power_cost": 19.133500695800784, "noise_cost": 17.910974088566316, "n_waypoints_completed": 9, "tot_waypoints": 9}}
{"target": -1291.849689445081, "params": {"k_pid_pos": [1.3885554450422086, 0.3975712089613459, 0.11401919133455096], "k_pid_alt": [1.2679502233621702, 0.0, 0.1576465649121419], "k_pid_att": [58.989274729095186, 7.284845820832624, 0.8739915892735461], "k_pid_yaw": [0.5, 1e-06, 0.1], "k_pid_hsp": [1.0, 0.1531003758033771, 0.01], "k_pid_vsp": [69.78513982652785, 355.21150340299164, 294.19030954383476]}, "datetime": {"datetime": "2025-08-21 12:36:39", "elapsed": 13915.461188793182, "delta": 22.774442672729492}, "costs": {"total_cost": 1291.849689445081, "time_cost": 150, "final_distance_cost": 63.70431240536195, "oscillation_cost": 33.16968106880279, "completition_cost": 777.7777777777778, "overshoot_cost": 220.02780527130986, "power_cost": 26.028013342285156, "noise_cost": 21.142099579543157, "n_waypoints_completed": 2, "tot_waypoints": 9}}
{"target": -595.9945420580896, "params": {"k_pid_pos": [1.3078103269235994, 0.3450134284667753, 0.11401919133455096], "k_pid_alt": [1.2679502233621702, 0.626400033436537, 0.1576465649121419], "k_pid_att": [58.989274729095186, 7.284845820832624, 0.8739915892735461], "k_pid_yaw": [0.5, 1e-06, 0.1], "k_pid_hsp": [1.0, 0.1531003758033771, 0.01], "k_pid_vsp": [62.378385226605545, 354.88477252185925, 1.0]}, "datetime": {"datetime": "2025-08-21 12:37:01", "elapsed": 13938.285218715668, "delta": 22.82402992248535}, "costs": {"total_cost": 595.9945420580896, "time_cost": 150, "final_distance_cost": 62.7593968856276, "oscillation_cost": 61.795123109177844, "completition_cost": 222.2222222222222, "overshoot_cost": 50.84997655656158, "power_cost": 25.515432080078128, "noise_cost": 22.852391204422226, "n_waypoints_completed": 7, "tot_waypoints": 9}}
{"target": -200.27938142343203, "params": {"k_pid_pos": [0.961863204572444, 0.24828414068022808, 0.11401919133455096], "k_pid_alt": [1.2679502233621702, 0.0, 0.06527723447865985], "k_pid_att": [99.39142121730468, 8.257495339612396, 0.8739915892735461], "k_pid_yaw": [0.5, 1e-06, 0.1], "k_pid_hsp": [1.0, 0.1531003758033771, 0.01], "k_pid_vsp": [378.2079564087626, 355.21150340299164, 1.0]}, "datetime": {"datetime": "2025-08-21 12:37:18", "elapsed": 13955.39207983017, "delta": 17.106861114501953}, "costs": {"total_cost": 200.27938142343203, "time_cost": 76.4, "final_distance_cost": 1.7908972781459138, "oscillation_cost": 44.942239096451445, "completition_cost": 0.0, "overshoot_cost": 50.369111102738216, "power_cost": 14.094253015136719, "noise_cost": 12.68288093095972, "n_waypoints_completed": 9, "tot_waypoints": 9}}
{"target": -184.98503182479436, "params": {"k_pid_pos": [1.0011422296428567, 0.024859491386256316, 0.11401919133455096], "k_pid_alt": [1.2679502233621702, 0.0, 0.1576465649121419], "k_pid_att": [24.0942673894178, 7.284845820832624, 0.8739915892735461], "k_pid_yaw": [0.5, 1e-06, 0.1], "k_pid_hsp": [3.3560449345655647, 0.1531003758033771, 0.01], "k_pid_vsp": [378.2079564087626, 91.73625214486171, 1.0]}, "datetime": {"datetime": "2025-08-21 12:37:35", "elapsed": 13971.787191867828, "delta": 16.39511203765869}, "costs": {"total_cost": 184.98503182479436, "time_cost": 70.296, "final_distance_cost": 1.8427799519726888, "oscillation_cost": 39.96176233018613, "completition_cost": 0.0, "overshoot_cost": 49.660539162429515, "power_cost": 11.764565441894533, "noise_cost": 11.459384938311484, "n_waypoints_completed": 9, "tot_waypoints": 9}}
{"target": -183.93255480699793, "params": {"k_pid_pos": [1.3885554450422086, 0.024859491386256316, 0.13666630474832364], "k_pid_alt": [1.2679502233621702, 0.0, 0.18554982971348166], "k_pid_att": [58.989274729095186, 7.284845820832624, 0.8739915892735461], "k_pid_yaw": [0.5, 1e-06, 0.1], "k_pid_hsp": [1.0, 0.3530148293123191, 0.01], "k_pid_vsp": [378.2079564087626, 355.21150340299164, 1.0]}, "datetime": {"datetime": "2025-08-21 12:37:51", "elapsed": 13987.480117559433, "delta": 15.692925691604614}, "costs": {"total_cost": 183.93255480699793, "time_cost": 68.408, "final_distance_cost": 1.806671930385028, "oscillation_cost": 46.764620776308035, "completition_cost": 0.0, "overshoot_cost": 49.237613698678196, "power_cost": 8.50569140625, "noise_cost": 9.209956995376684, "n_waypoints_completed": 9, "tot_waypoints": 9}}
{"target": -204.18410663436657, "params": {"k_pid_pos": [1.2086464285119558, 0.024859491386256316, 0.8627444740141443], "k_pid_alt": [1.2679502233621702, 0.0, 0.1576465649121419], "k_pid_att": [58.989274729095186, 7.284845820832624, 0.8739915892735461], "k_pid_yaw": [0.5, 1e-06, 0.1], "k_pid_hsp": [1.0, 0.42821208748488515, 0.01], "k_pid_vsp": [378.2079564087626, 355.21150340299164, 1.0]}, "datetime": {"datetime": "2025-08-21 12:38:08", "elapsed": 14005.128377437592, "delta": 17.64825987815857}, "costs": {"total_cost": 204.18410663436657, "time_cost": 76.52, "final_distance_cost": 1.8502535969505332, "oscillation_cost": 43.997188725744955, "completition_cost": 0.0, "overshoot_cost": 49.809179439204065, "power_cost": 17.296602294921875, "noise_cost": 14.710882577545147, "n_waypoints_completed": 9, "tot_waypoints": 9}}
{"target": -688.9120737381523, "params": {"k_pid_pos": [1.3885554450422086, 0.024859491386256316, 0.11401919133455096], "k_pid_alt": [1.2679502233621702, 0.0, 0.1576465649121419], "k_pid_att": [22.74399667939332, 7.284845820832624, 0.8739915892735461], "k_pid_yaw": [0.5, 1e-06, 0.1], "k_pid_hsp": [1.0, 0.1531003758033771, 0.01], "k_pid_vsp": [378.2079564087626, 355.21150340299164, 276.9823285274865]}, "datetime": {"datetime": "2025-08-21 12:38:31", "elapsed": 14028.16108250618, "delta": 23.032705068588257}, "costs": {"total_cost": 688.9120737381523, "time_cost": 150, "final_distance_cost": 63.89568061956036, "oscillation_cost": 44.99842866634972, "completition_cost": 333.33333333333337, "overshoot_cost": 47.90742860956869, "power_cost": 29.200425927734376, "noise_cost": 19.57677658160581, "n_waypoints_completed": 6, "tot_waypoints": 9}}
{"target": -188.82527071651748, "params": {"k_pid_pos": [1.3885554450422086, 0.024859491386256316, 0.11401919133455096], "k_pid_alt": [1.2679502233621702, 0.0, 0.1576465649121419], "k_pid_att": [58.989274729095186, 7.284845820832624, 0.8299786351622237], "k_pid_yaw": [0.5, 1e-06, 0.1], "k_pid_hsp": [1.0, 0.1531003758033771, 0.01], "k_pid_vsp": [378.2079564087626, 87.58200976551859, 1.0]}, "datetime": {"datetime": "2025-08-21 12:38:47", "elapsed": 14044.045729398727, "delta": 15.884646892547607}, "costs": {"total_cost": 188.82527071651748, "time_cost": 69.48, "final_distance_cost": 1.8142748642993352, "oscillation_cost": 39.09909448231835, "completition_cost": 0.0, "overshoot_cost": 50.88649669169645, "power_cost": 14.957643029785157, "noise_cost": 12.587761648418192, "n_waypoints_completed": 9, "tot_waypoints": 9}}
{"target": -252.4692432286135, "params": {"k_pid_pos": [1.3885554450422086, 0.024859491386256316, 0.11401919133455096], "k_pid_alt": [1.2679502233621702, 0.0, 0.1576465649121419], "k_pid_att": [58.989274729095186, 7.284845820832624, 0.42536208023514144], "k_pid_yaw": [0.5, 1e-06, 0.1], "k_pid_hsp": [1.0, 0.41837868969596215, 0.14665332097079997], "k_pid_vsp": [378.2079564087626, 355.21150340299164, 1.0]}, "datetime": {"datetime": "2025-08-21 12:39:04", "elapsed": 14060.94777059555, "delta": 16.90204119682312}, "costs": {"total_cost": 252.4692432286135, "time_cost": 73.256, "final_distance_cost": 1.820449673142855, "oscillation_cost": 97.74578005673607, "completition_cost": 0.0, "overshoot_cost": 53.80135787699343, "power_cost": 13.782427368164063, "noise_cost": 12.063228253577083, "n_waypoints_completed": 9, "tot_waypoints": 9}}
{"target": -181.16240361912165, "params": {"k_pid_pos": [1.3885554450422086, 0.024859491386256316, 0.11401919133455096], "k_pid_alt": [1.2679502233621702, 0.0, 0.5500846473514374], "k_pid_att": [58.989274729095186, 7.284845820832624, 0.8739915892735461], "k_pid_yaw": [0.5, 1e-06, 0.1], "k_pid_hsp": [1.0, 0.1531003758033771, 0.01], "k_pid_vsp": [378.2079564087626, 355.21150340299164, 1.0]}, "datetime": {"datetime": "2025-08-21 12:39:20", "elapsed": 14076.848475694656, "delta": 15.900705099105835}, "costs": {"total_cost": 181.16240361912165, "time_cost": 69.60000000000001, "final_distance_cost": 1.8179485704301848, "oscillation_cost": 40.34894982625568, "completition_cost": 0.0, "overshoot_cost": 49.31152595407178, "power_cost": 10.008499829101563, "noise_cost": 10.075479439262436, "n_waypoints_completed": 9, "tot_waypoints": 9}}
{"target": -184.9281854460419, "params": {"k_pid_pos": [1.3078103269235994, 0.024859491386256316, 0.11401919133455096], "k_pid_alt": [1.2679502233621702, 0.0, 0.1576465649121419], "k_pid_att": [58.989274729095186, 7.284845820832624, 0.8739915892735461], "k_pid_yaw": [0.5, 1e-06, 0.1], "k_pid_hsp": [1.0, 0.1531003758033771, 0.01], "k_pid_vsp": [378.2079564087626, 355.21150340299164, 1.0]}, "datetime": {"datetime": "2025-08-21 12:39:36", "elapsed": 14092.506003856659, "delta": 15.657528162002563}, "costs": {"total_cost": 184.9281854460419, "time_cost": 69.008, "final_distance_cost": 1.8114970147331837, "oscillation_cost": 39.17912655403567, "completition_cost": 0.0, "overshoot_cost": 50.405075222633116, "power_cost": 12.940543273925782, "noise_cost": 11.583943380714178, "n_waypoints_completed": 9, "tot_waypoints": 9}}
{"target": -189.32924927772294, "params": {"k_pid_pos": [1.3885554450422086, 0.024859491386256316, 0.11401919133455096], "k_pid_alt": [1.2679502233621702, 0.0, 0.06527723447865985], "k_pid_att": [24.0942673894178, 7.284845820832624, 0.8739915892735461], "k_pid_yaw": [0.5, 1e-06, 0.1], "k_pid_hsp": [1.0, 0.1531003758033771, 0.01], "k_pid_vsp": [378.2079564087626, 355.21150340299164, 1.0]}, "datetime": {"datetime": "2025-08-21 12:39:52", "elapsed": 14108.905783176422, "delta": 16.399779319763184}, "costs": {"total_cost": 189.32924927772294, "time_cost": 68.76, "final_distance_cost": 1.8237791113941042, "oscillation_cost": 40.58443933926257, "completition_cost": 0.0, "overshoot_cost": 50.27837066080543, "power_cost": 15.340677600097656, "noise_cost": 12.54198256616318, "n_waypoints_completed": 9, "tot_waypoints": 9}}
