{"target": -2329.211425724515, "params": {"k_pid_pos": [1.852513309051038, 0.024859491386256316, 0.42495672118777295], "k_pid_alt": [1.85112020821355, 0.0, 0.1576465649121419], "k_pid_att": [7.172912009148735, 2.771467938851939, 0.73590781336997], "k_pid_yaw": [0.5, 1e-06, 0.1], "k_pid_hsp": [0.960324752385412, 0.5949294650139106, 0.01], "k_pid_vsp": [110.56511661686339, 20.252314050740118, 318.4235488048135]}, "datetime": {"datetime": "2025-08-21 20:55:02", "elapsed": 43819.02967500687, "delta": 24.222941875457764}, "costs": {"total_cost": 2329.211425724515, "time_cost": 150, "final_distance_cost": 475.7084064382409, "oscillation_cost": 28.89255387783656, "completition_cost": 888.8888888888888, "overshoot_cost": 759.1192661318024, "power_cost": 13.378832019042969, "noise_cost": 13.223478368703198, "n_waypoints_completed": 1, "tot_waypoints": 9}}
{"target": -203.06488587223348, "params": {"k_pid_pos": [1.033967693808597, 0.024859491386256316, 0.6517181013494654], "k_pid_alt": [1.85112020821355, 0.0, 0.7467085957769766], "k_pid_att": [86.70916919633552, 4.077532668255645, 0.9808211468183533], "k_pid_yaw": [0.5, 1e-06, 0.1], "k_pid_hsp": [5.296481641933337, 0.08333843891839088, 0.01], "k_pid_vsp": [110.56511661686339, 130.53254854158118, 1.0]}, "datetime": {"datetime": "2025-08-21 20:55:19", "elapsed": 43836.13948059082, "delta": 17.109805583953857}, "costs": {"total_cost": 203.06488587223348, "time_cost": 76.912, "final_distance_cost": 1.849639741450906, "oscillation_cost": 46.54447221660375, "completition_cost": 0.0, "overshoot_cost": 50.345240957710594, "power_cost": 14.004271423339844, "noise_cost": 13.409261533128381, "n_waypoints_completed": 9, "tot_waypoints": 9}}
{"target": -210.23985738604745, "params": {"k_pid_pos": [1.2048953097984418, 0.5931963056508585, 0.42495672118777295], "k_pid_alt": [1.85112020821355, 0.283916503034339, 0.5245075356624515], "k_pid_att": [25.463483275157817, 1.1105074131954076, 0.73590781336997], "k_pid_yaw": [0.5, 1e-06, 0.1], "k_pid_hsp": [3.962162460232154, 0.6112953616398312, 0.01], "k_pid_vsp": [110.56511661686339, 306.5653082406949, 1.0]}, "datetime": {"datetime": "2025-08-21 20:55:40", "elapsed": 43856.62855863571, "delta": 20.489078044891357}, "costs": {"total_cost": 210.23985738604745, "time_cost": 84.568, "final_distance_cost": 1.7533111897818072, "oscillation_cost": 49.23008787550513, "completition_cost": 0.0, "overshoot_cost": 50.50100334789587, "power_cost": 12.465752111816407, "noise_cost": 11.721702861048222, "n_waypoints_completed": 9, "tot_waypoints": 9}}
{"target": -196.17494047686554, "params": {"k_pid_pos": [1.8922997940790476, 0.024859491386256316, 0.11242249713100771], "k_pid_alt": [1.85112020821355, 0.0, 0.1576465649121419], "k_pid_att": [63.45214009056577, 4.077532668255645, 0.9808211468183533], "k_pid_yaw": [0.5, 1e-06, 0.1], "k_pid_hsp": [1.606987810134683, 0.08333843891839088, 0.01], "k_pid_vsp": [110.56511661686339, 130.53254854158118, 1.0]}, "datetime": {"datetime": "2025-08-21 20:55:56", "elapsed": 43872.79165863991, "delta": 16.163100004196167}, "costs": {"total_cost": 196.17494047686554, "time_cost": 70.944, "final_distance_cost": 1.7589108776180085, "oscillation_cost": 42.38831469033446, "completition_cost": 0.0, "overshoot_cost": 50.97375468316109, "power_cost": 16.730258654785157, "noise_cost": 13.379701570966809, "n_waypoints_completed": 9, "tot_waypoints": 9}}
{"target": -373.9008189156466, "params": {"k_pid_pos": [1.8922997940790476, 0.024859491386256316, 0.42495672118777295], "k_pid_alt": [0.8427743855844962, 0.0, 0.6418891260112738], "k_pid_att": [58.989274729095186, 4.2484062323494, 0.9808211468183533], "k_pid_yaw": [0.5, 1e-06, 0.1], "k_pid_hsp": [8.33097044068181, 0.08333843891839088, 0.5288320268426359], "k_pid_vsp": [110.56511661686339, 130.53254854158118, 1.0]}, "datetime": {"datetime": "2025-08-21 20:56:15", "elapsed": 43891.6717376709, "delta": 18.8800790309906}, "costs": {"total_cost": 373.9008189156466, "time_cost": 78.592, "final_distance_cost": 1.8384596598192726, "oscillation_cost": 213.50713329138912, "completition_cost": 0.0, "overshoot_cost": 51.405997720186555, "power_cost": 15.112255688476564, "noise_cost": 13.444972555775037, "n_waypoints_completed": 9, "tot_waypoints": 9}}
{"target": -181.3578999199121, "params": {"k_pid_pos": [1.8922997940790476, 0.024859491386256316, 0.42495672118777295], "k_pid_alt": [1.85112020821355, 0.0, 0.1576465649121419], "k_pid_att": [63.45214009056577, 4.077532668255645, 0.9808211468183533], "k_pid_yaw": [0.5, 1e-06, 0.1], "k_pid_hsp": [1.606987810134683, 0.08333843891839088, 0.01], "k_pid_vsp": [110.56511661686339, 130.53254854158118, 1.0]}, "datetime": {"datetime": "2025-08-21 20:56:31", "elapsed": 43907.53000307083, "delta": 15.858265399932861}, "costs": {"total_cost": 181.3578999199121, "time_cost": 68.224, "final_distance_cost": 1.8033587844607024, "oscillation_cost": 38.74421542788322, "completition_cost": 0.0, "overshoot_cost": 49.61850409009528, "power_cost": 11.80692021484375, "noise_cost": 11.160901402629117, "n_waypoints_completed": 9, "tot_waypoints": 9}}
{"target": -183.32940047975308, "params": {"k_pid_pos": [1.7462825225507939, 0.024859491386256316, 0.42495672118777295], "k_pid_alt": [1.85112020821355, 0.0, 0.1576465649121419], "k_pid_att": [63.45214009056577, 4.077532668255645, 0.9808211468183533], "k_pid_yaw": [0.5, 1e-06, 0.1], "k_pid_hsp": [1.606987810134683, 0.08333843891839088, 0.01], "k_pid_vsp": [110.56511661686339, 130.53254854158118, 1.0]}, "datetime": {"datetime": "2025-08-21 20:56:47", "elapsed": 43923.5308508873, "delta": 16.000847816467285}, "costs": {"total_cost": 183.32940047975308, "time_cost": 68.352, "final_distance_cost": 1.813577874879513, "oscillation_cost": 41.03931455861291, "completition_cost": 0.0, "overshoot_cost": 50.19932047862049, "power_cost": 11.175722192382812, "noise_cost": 10.749465375257342, "n_waypoints_completed": 9, "tot_waypoints": 9}}
{"target": -338.8769040040888, "params": {"k_pid_pos": [0.9681700889391018, 0.024859491386256316, 0.42495672118777295], "k_pid_alt": [1.85112020821355, 0.0, 0.9040352588026142], "k_pid_att": [87.98611429478062, 4.077532668255645, 0.73590781336997], "k_pid_yaw": [0.5, 1e-06, 0.1], "k_pid_hsp": [1.606987810134683, 0.5904477871505759, 0.26260478885128147], "k_pid_vsp": [194.71633074675339, 132.26915185465117, 91.54544093732527]}, "datetime": {"datetime": "2025-08-21 20:57:04", "elapsed": 43940.9660987854, "delta": 17.435247898101807}, "costs": {"total_cost": 338.8769040040888, "time_cost": 76.128, "final_distance_cost": 1.7843553137883792, "oscillation_cost": 181.9606491092904, "completition_cost": 0.0, "overshoot_cost": 52.23980158514151, "power_cost": 14.607012268066407, "noise_cost": 12.157085727802095, "n_waypoints_completed": 9, "tot_waypoints": 9}}
{"target": -1332.059525860759, "params": {"k_pid_pos": [1.8922997940790476, 0.024859491386256316, 0.42495672118777295], "k_pid_alt": [1.85112020821355, 0.0, 0.05010974591185968], "k_pid_att": [63.45214009056577, 4.077532668255645, 0.9808211468183533], "k_pid_yaw": [0.5, 1e-06, 0.1], "k_pid_hsp": [1.606987810134683, 0.08333843891839088, 0.01], "k_pid_vsp": [181.85752007040014, 20.252314050740118, 207.66992582546064]}, "datetime": {"datetime": "2025-08-21 20:57:28", "elapsed": 43964.80344128609, "delta": 23.837342500686646}, "costs": {"total_cost": 1332.059525860759, "time_cost": 150, "final_distance_cost": 1.001834504544953, "oscillation_cost": 21.6514224090139, "completition_cost": 1000.0, "overshoot_cost": 135.72388741845995, "power_cost": 2.6661864990234374, "noise_cost": 21.016195029716755, "n_waypoints_completed": 0, "tot_waypoints": 9}}
{"target": -190.40797731698854, "params": {"k_pid_pos": [1.8922997940790476, 0.024859491386256316, 0.42495672118777295], "k_pid_alt": [1.85112020821355, 0.0, 0.7800110002169149], "k_pid_att": [7.172912009148735, 2.771467938851939, 0.73590781336997], "k_pid_yaw": [0.5, 1e-06, 0.1], "k_pid_hsp": [1.606987810134683, 0.5904477871505759, 0.01], "k_pid_vsp": [110.56511661686339, 306.5653082406949, 1.0]}, "datetime": {"datetime": "2025-08-21 20:57:43", "elapsed": 43980.33047223091, "delta": 15.527030944824219}, "costs": {"total_cost": 190.40797731698854, "time_cost": 68.4, "final_distance_cost": 1.7894456188274837, "oscillation_cost": 50.132117655002375, "completition_cost": 0.0, "overshoot_cost": 49.32235456413196, "power_cost": 10.757520715332031, "noise_cost": 10.006538763694682, "n_waypoints_completed": 9, "tot_waypoints": 9}}
{"target": -1054.272183744327, "params": {"k_pid_pos": [1.8922997940790476, 0.024859491386256316, 0.42495672118777295], "k_pid_alt": [0.10928085779795627, 0.0, 0.1576465649121419], "k_pid_att": [2.443726797750978, 2.771467938851939, 0.73590781336997], "k_pid_yaw": [0.5, 1e-06, 0.1], "k_pid_hsp": [1.606987810134683, 0.5904477871505759, 0.01], "k_pid_vsp": [110.56511661686339, 130.53254854158118, 1.0]}, "datetime": {"datetime": "2025-08-21 20:58:08", "elapsed": 44005.17628264427, "delta": 24.845810413360596}, "costs": {"total_cost": 1054.272183744327, "time_cost": 150, "final_distance_cost": 53.569435250521565, "oscillation_cost": 109.62047828478585, "completition_cost": 666.6666666666667, "overshoot_cost": 42.94690527621815, "power_cost": 16.84992087402344, "noise_cost": 14.618777392111603, "n_waypoints_completed": 3, "tot_waypoints": 9}}
{"target": -185.55535328789313, "params": {"k_pid_pos": [1.8922997940790476, 0.024859491386256316, 0.42495672118777295], "k_pid_alt": [1.4696857836520854, 0.0, 0.1576465649121419], "k_pid_att": [25.463483275157817, 1.1105074131954076, 0.5155183737788994], "k_pid_yaw": [0.5, 1e-06, 0.1], "k_pid_hsp": [1.606987810134683, 0.08333843891839088, 0.01], "k_pid_vsp": [110.56511661686339, 306.5653082406949, 1.0]}, "datetime": {"datetime": "2025-08-21 20:58:24", "elapsed": 44020.911454200745, "delta": 15.735171556472778}, "costs": {"total_cost": 185.55535328789313, "time_cost": 68.144, "final_distance_cost": 1.7889165073470368, "oscillation_cost": 42.361727040960226, "completition_cost": 0.0, "overshoot_cost": 49.55411206947366, "power_cost": 12.507651416015626, "noise_cost": 11.198946254096581, "n_waypoints_completed": 9, "tot_waypoints": 9}}
{"target": -185.20023494882926, "params": {"k_pid_pos": [1.8922997940790476, 0.024859491386256316, 0.42495672118777295], "k_pid_alt": [1.85112020821355, 0.0, 0.1576465649121419], "k_pid_att": [63.45214009056577, 4.077532668255645, 0.9808211468183533], "k_pid_yaw": [0.5, 1e-06, 0.1], "k_pid_hsp": [1.606987810134683, 0.08333843891839088, 0.01], "k_pid_vsp": [110.56511661686339, 130.53254854158118, 1.0]}, "datetime": {"datetime": "2025-08-21 20:58:45", "elapsed": 44041.67080140114, "delta": 20.759347200393677}, "costs": {"total_cost": 185.20023494882926, "time_cost": 68.08, "final_distance_cost": 1.7739853908695673, "oscillation_cost": 38.14215301179833, "completition_cost": 0.0, "overshoot_cost": 50.237663465165404, "power_cost": 14.246270080566408, "noise_cost": 12.72016300042954, "n_waypoints_completed": 9, "tot_waypoints": 9}}
{"target": -192.25862825595723, "params": {"k_pid_pos": [1.8922997940790476, 0.024859491386256316, 0.42495672118777295], "k_pid_alt": [1.85112020821355, 0.0, 0.05010974591185968], "k_pid_att": [63.45214009056577, 4.077532668255645, 0.9808211468183533], "k_pid_yaw": [0.5, 1e-06, 0.1], "k_pid_hsp": [1.606987810134683, 0.08333843891839088, 0.01], "k_pid_vsp": [110.56511661686339, 306.5653082406949, 1.0]}, "datetime": {"datetime": "2025-08-21 20:59:06", "elapsed": 44062.56472492218, "delta": 20.89392352104187}, "costs": {"total_cost": 192.25862825595723, "time_cost": 69.728, "final_distance_cost": 1.8084518710702204, "oscillation_cost": 42.037073471815525, "completition_cost": 0.0, "overshoot_cost": 50.67008085871854, "power_cost": 15.291785595703125, "noise_cost": 12.723236458649824, "n_waypoints_completed": 9, "tot_waypoints": 9}}
{"target": -218.76926574370185, "params": {"k_pid_pos": [1.8922997940790476, 0.07739255916577548, 0.4590198317865567], "k_pid_alt": [0.8253384436805415, 0.0, 0.6797860385434875], "k_pid_att": [23.08752834258585, 4.077532668255645, 0.08472123156462463], "k_pid_yaw": [0.5, 1e-06, 0.1], "k_pid_hsp": [1.606987810134683, 0.5904477871505759, 0.01], "k_pid_vsp": [383.97622601200516, 130.53254854158118, 1.0]}, "datetime": {"datetime": "2025-08-21 20:59:26", "elapsed": 44082.49174666405, "delta": 19.927021741867065}, "costs": {"total_cost": 218.76926574370185, "time_cost": 77.528, "final_distance_cost": 1.856506468735303, "oscillation_cost": 58.718249861964054, "completition_cost": 0.0, "overshoot_cost": 50.1446530960053, "power_cost": 16.623733203125, "noise_cost": 13.898123113872177, "n_waypoints_completed": 9, "tot_waypoints": 9}}
{"target": -216.5950679160348, "params": {"k_pid_pos": [1.8922997940790476, 0.024859491386256316, 0.42495672118777295], "k_pid_alt": [1.85112020821355, 0.2537110980346592, 0.006412899439814712], "k_pid_att": [63.45214009056577, 4.077532668255645, 0.9808211468183533], "k_pid_yaw": [0.5, 1e-06, 0.1], "k_pid_hsp": [1.606987810134683, 0.08333843891839088, 0.01], "k_pid_vsp": [110.56511661686339, 130.53254854158118, 1.0]}, "datetime": {"datetime": "2025-08-21 20:59:44", "elapsed": 44101.143500089645, "delta": 18.651753425598145}, "costs": {"total_cost": 216.5950679160348, "time_cost": 82.664, "final_distance_cost": 1.7679695493253127, "oscillation_cost": 51.27606583895512, "completition_cost": 0.0, "overshoot_cost": 51.74067729895993, "power_cost": 15.807075402832032, "noise_cost": 13.339279825962379, "n_waypoints_completed": 9, "tot_waypoints": 9}}
{"target": -196.1135045862693, "params": {"k_pid_pos": [1.8922997940790476, 0.024859491386256316, 0.42495672118777295], "k_pid_alt": [1.85112020821355, 0.0, 0.1576465649121419], "k_pid_att": [63.45214009056577, 4.077532668255645, 0.9808211468183533], "k_pid_yaw": [0.5, 1e-06, 0.1], "k_pid_hsp": [1.606987810134683, 0.08333843891839088, 0.01], "k_pid_vsp": [110.56511661686339, 130.53254854158118, 1.0]}, "datetime": {"datetime": "2025-08-21 21:00:03", "elapsed": 44120.07399845123, "delta": 18.930498361587524}, "costs": {"total_cost": 196.1135045862693, "time_cost": 70.68, "final_distance_cost": 1.8139251370131482, "oscillation_cost": 42.717692306176396, "completition_cost": 0.0, "overshoot_cost": 51.86165110334707, "power_cost": 15.96123699951172, "noise_cost": 13.078999040220955, "n_waypoints_completed": 9, "tot_waypoints": 9}}
{"target": -391.8875712068917, "params": {"k_pid_pos": [1.033967693808597, 0.024859491386256316, 0.6517181013494654], "k_pid_alt": [1.85112020821355, 0.0, 0.7467085957769766], "k_pid_att": [86.70916919633552, 4.077532668255645, 0.9808211468183533], "k_pid_yaw": [0.5, 1e-06, 0.1], "k_pid_hsp": [5.296481641933337, 0.08333843891839088, 0.780469804098397], "k_pid_vsp": [110.56511661686339, 345.4388820344691, 1.0]}, "datetime": {"datetime": "2025-08-21 21:00:22", "elapsed": 44138.514422655106, "delta": 18.44042420387268}, "costs": {"total_cost": 391.8875712068917, "time_cost": 78.248, "final_distance_cost": 1.8617375537156589, "oscillation_cost": 231.56013041672935, "completition_cost": 0.0, "overshoot_cost": 49.4820234888165, "power_cost": 15.927039892578126, "noise_cost": 14.80863985505208, "n_waypoints_completed": 9, "tot_waypoints": 9}}
{"target": -193.31132403946867, "params": {"k_pid_pos": [1.033967693808597, 0.024859491386256316, 0.11242249713100771], "k_pid_alt": [1.85112020821355, 0.0, 0.1576465649121419], "k_pid_att": [86.70916919633552, 4.077532668255645, 0.9808211468183533], "k_pid_yaw": [0.5, 1e-06, 0.1], "k_pid_hsp": [1.606987810134683, 0.40551902945836993, 0.01], "k_pid_vsp": [218.5283772298115, 130.53254854158118, 1.0]}, "datetime": {"datetime": "2025-08-21 21:00:38", "elapsed": 44154.611244916916, "delta": 16.096822261810303}, "costs": {"total_cost": 193.31132403946867, "time_cost": 69.712, "final_distance_cost": 1.837349632723745, "oscillation_cost": 42.870156779247544, "completition_cost": 0.0, "overshoot_cost": 50.130729888401504, "power_cost": 15.50750574951172, "noise_cost": 13.253581989584152, "n_waypoints_completed": 9, "tot_waypoints": 9}}
{"target": -188.68639564153577, "params": {"k_pid_pos": [1.033967693808597, 0.024859491386256316, 0.11242249713100771], "k_pid_alt": [1.85112020821355, 0.0, 0.1576465649121419], "k_pid_att": [86.70916919633552, 4.077532668255645, 0.9808211468183533], "k_pid_yaw": [0.5, 1e-06, 0.1], "k_pid_hsp": [1.606987810134683, 0.08333843891839088, 0.01], "k_pid_vsp": [110.56511661686339, 130.53254854158118, 1.0]}, "datetime": {"datetime": "2025-08-21 21:00:56", "elapsed": 44172.93504881859, "delta": 18.323803901672363}, "costs": {"total_cost": 188.68639564153577, "time_cost": 69.984, "final_distance_cost": 1.8437763269001566, "oscillation_cost": 37.77235391615714, "completition_cost": 0.0, "overshoot_cost": 49.84325381639136, "power_cost": 15.75741033935547, "noise_cost": 13.485601242731654, "n_waypoints_completed": 9, "tot_waypoints": 9}}
{"target": -217.56759549983676, "params": {"k_pid_pos": [1.2048953097984418, 0.5931963056508585, 0.42495672118777295], "k_pid_alt": [1.85112020821355, 0.283916503034339, 0.5245075356624515], "k_pid_att": [25.463483275157817, 1.1105074131954076, 0.73590781336997], "k_pid_yaw": [0.5, 1e-06, 0.1], "k_pid_hsp": [3.962162460232154, 0.6112953616398312, 0.01], "k_pid_vsp": [110.56511661686339, 306.5653082406949, 1.0]}, "datetime": {"datetime": "2025-08-21 21:01:16", "elapsed": 44192.93270802498, "delta": 19.99765920639038}, "costs": {"total_cost": 217.56759549983676, "time_cost": 85.84, "final_distance_cost": 1.7775320932655911, "oscillation_cost": 51.41519490092139, "completition_cost": 0.0, "overshoot_cost": 50.6214384702187, "power_cost": 14.862933496093751, "noise_cost": 13.050496539337331, "n_waypoints_completed": 9, "tot_waypoints": 9}}
{"target": -208.98134666473356, "params": {"k_pid_pos": [1.8922997940790476, 0.024859491386256316, 0.42495672118777295], "k_pid_alt": [1.4696857836520854, 0.0, 0.1576465649121419], "k_pid_att": [25.463483275157817, 1.1105074131954076, 0.73590781336997], "k_pid_yaw": [0.5, 1e-06, 0.1], "k_pid_hsp": [9.537262669247347, 0.08333843891839088, 0.01], "k_pid_vsp": [299.3011658520056, 306.5653082406949, 1.0]}, "datetime": {"datetime": "2025-08-21 21:01:34", "elapsed": 44210.82041311264, "delta": 17.887705087661743}, "costs": {"total_cost": 208.98134666473356, "time_cost": 68.224, "final_distance_cost": 1.7801511548473687, "oscillation_cost": 70.52148340637748, "completition_cost": 0.0, "overshoot_cost": 49.55815967438592, "power_cost": 9.259024365234376, "noise_cost": 9.638528063888383, "n_waypoints_completed": 9, "tot_waypoints": 9}}
{"target": -202.79999653404371, "params": {"k_pid_pos": [1.8922997940790476, 0.024859491386256316, 0.42495672118777295], "k_pid_alt": [1.85112020821355, 0.0, 0.7800110002169149], "k_pid_att": [7.172912009148735, 1.1105074131954076, 0.73590781336997], "k_pid_yaw": [0.5, 1e-06, 0.1], "k_pid_hsp": [1.606987810134683, 0.08333843891839088, 0.01], "k_pid_vsp": [110.56511661686339, 306.5653082406949, 1.0]}, "datetime": {"datetime": "2025-08-21 21:01:50", "elapsed": 44226.85111474991, "delta": 16.030701637268066}, "costs": {"total_cost": 202.79999653404371, "time_cost": 70.608, "final_distance_cost": 1.754602717165697, "oscillation_cost": 46.16324638941159, "completition_cost": 0.0, "overshoot_cost": 51.71392499561265, "power_cost": 18.548366979980468, "noise_cost": 14.01185545187331, "n_waypoints_completed": 9, "tot_waypoints": 9}}
{"target": -208.91415650996242, "params": {"k_pid_pos": [0.8121705585360508, 0.024859491386256316, 0.42495672118777295], "k_pid_alt": [0.6369755603336782, 0.0, 0.1576465649121419], "k_pid_att": [25.463483275157817, 2.771467938851939, 0.73590781336997], "k_pid_yaw": [0.5, 1e-06, 0.1], "k_pid_hsp": [1.606987810134683, 0.5904477871505759, 0.01], "k_pid_vsp": [110.56511661686339, 306.5653082406949, 1.0]}, "datetime": {"datetime": "2025-08-21 21:02:11", "elapsed": 44247.48293185234, "delta": 20.63181710243225}, "costs": {"total_cost": 208.91415650996242, "time_cost": 82.84, "final_distance_cost": 1.8525014570846026, "oscillation_cost": 46.489217852928064, "completition_cost": 0.0, "overshoot_cost": 50.63198339024055, "power_cost": 14.047493920898438, "noise_cost": 13.05295988881077, "n_waypoints_completed": 9, "tot_waypoints": 9}}
{"target": -404.6989999292045, "params": {"k_pid_pos": [1.2048953097984418, 0.5931963056508585, 0.42495672118777295], "k_pid_alt": [1.85112020821355, 0.283916503034339, 0.5245075356624515], "k_pid_att": [25.463483275157817, 1.1105074131954076, 0.73590781336997], "k_pid_yaw": [0.5, 1e-06, 0.1], "k_pid_hsp": [3.962162460232154, 0.6112953616398312, 0.01], "k_pid_vsp": [110.56511661686339, 130.53254854158118, 1.0]}, "datetime": {"datetime": "2025-08-21 21:02:34", "elapsed": 44270.953006505966, "delta": 23.47007465362549}, "costs": {"total_cost": 404.6989999292045, "time_cost": 150, "final_distance_cost": 9.58722234030569, "oscillation_cost": 49.13684233866662, "completition_cost": 111.11111111111116, "overshoot_cost": 50.89259171386785, "power_cost": 18.493549108886718, "noise_cost": 15.477683316366505, "n_waypoints_completed": 8, "tot_waypoints": 9}}
{"target": -192.71710565809278, "params": {"k_pid_pos": [0.7352486228235602, 0.024859491386256316, 0.11242249713100771], "k_pid_alt": [1.0453735240084545, 0.0, 0.1576465649121419], "k_pid_att": [63.45214009056577, 4.077532668255645, 0.9808211468183533], "k_pid_yaw": [0.5, 1e-06, 0.1], "k_pid_hsp": [1.606987810134683, 0.08333843891839088, 0.01], "k_pid_vsp": [110.56511661686339, 306.5653082406949, 1.0]}, "datetime": {"datetime": "2025-08-21 21:02:54", "elapsed": 44291.32123684883, "delta": 20.36823034286499}, "costs": {"total_cost": 192.71710565809278, "time_cost": 75.84, "final_distance_cost": 1.8507807566440926, "oscillation_cost": 38.9706626264664, "completition_cost": 0.0, "overshoot_cost": 50.23187419379373, "power_cost": 13.275231567382813, "noise_cost": 12.548556513805753, "n_waypoints_completed": 9, "tot_waypoints": 9}}
