{"target": -180.29022770821427, "params": {"k_pid_pos": [1.8922997940790476, 0.024859491386256316, 0.6250867496839783], "k_pid_alt": [1.6319753356852484, 0.0, 0.1576465649121419], "k_pid_att": [58.989274729095186, 7.262158112886176, 0.73590781336997], "k_pid_yaw": [0.5, 1e-06, 0.1], "k_pid_hsp": [1.606987810134683, 0.1531003758033771, 0.01], "k_pid_vsp": [110.56511661686339, 59.083466427248936, 1.0]}, "datetime": {"datetime": "2025-08-21 16:59:51", "elapsed": 29708.341983556747, "delta": 17.156402587890625}, "costs": {"total_cost": 180.29022770821427, "time_cost": 68.28, "final_distance_cost": 1.8244330267849864, "oscillation_cost": 40.87452387779365, "completition_cost": 0.0, "overshoot_cost": 50.193090450851486, "power_cost": 9.259691723632812, "noise_cost": 9.858488629151342, "n_waypoints_completed": 9, "tot_waypoints": 9}}
{"target": -180.7838357543613, "params": {"k_pid_pos": [1.8034346552870686, 0.08087462101852438, 0.6250867496839783], "k_pid_alt": [1.6319753356852484, 0.0, 0.1576465649121419], "k_pid_att": [58.989274729095186, 5.859554809351448, 0.73590781336997], "k_pid_yaw": [0.5, 1e-06, 0.1], "k_pid_hsp": [1.606987810134683, 0.1531003758033771, 0.01], "k_pid_vsp": [110.56511661686339, 59.083466427248936, 1.0]}, "datetime": {"datetime": "2025-08-21 17:00:07", "elapsed": 29723.809666872025, "delta": 15.4676833152771}, "costs": {"total_cost": 180.7838357543613, "time_cost": 68.736, "final_distance_cost": 1.8306880040285245, "oscillation_cost": 40.16617113678567, "completition_cost": 0.0, "overshoot_cost": 49.88530008913893, "power_cost": 9.979136474609376, "noise_cost": 10.186540049798799, "n_waypoints_completed": 9, "tot_waypoints": 9}}
{"target": -195.24639816527687, "params": {"k_pid_pos": [1.2094558097913224, 0.024859491386256316, 0.3434561031905483], "k_pid_alt": [1.6319753356852484, 0.0, 0.1576465649121419], "k_pid_att": [58.989274729095186, 5.859554809351448, 0.30999008812887185], "k_pid_yaw": [0.5, 1e-06, 0.1], "k_pid_hsp": [4.624666670447476, 0.1531003758033771, 0.01], "k_pid_vsp": [110.56511661686339, 59.083466427248936, 1.0]}, "datetime": {"datetime": "2025-08-21 17:00:24", "elapsed": 29740.486087560654, "delta": 16.67642068862915}, "costs": {"total_cost": 195.24639816527687, "time_cost": 70.136, "final_distance_cost": 1.83985152368314, "oscillation_cost": 52.67567748146118, "completition_cost": 0.0, "overshoot_cost": 49.959568272987134, "power_cost": 10.200649719238282, "noise_cost": 10.434651167907168, "n_waypoints_completed": 9, "tot_waypoints": 9}}
{"target": -187.30125408754978, "params": {"k_pid_pos": [1.8034346552870686, 0.08087462101852438, 0.6250867496839783], "k_pid_alt": [1.5786606064986153, 0.0, 0.472941922472217], "k_pid_att": [58.989274729095186, 5.859554809351448, 0.7033874038379369], "k_pid_yaw": [0.5, 1e-06, 0.1], "k_pid_hsp": [1.606987810134683, 0.7709548990052254, 0.01], "k_pid_vsp": [29.96849041048857, 58.47483401410723, 1.0]}, "datetime": {"datetime": "2025-08-21 17:00:40", "elapsed": 29756.88777947426, "delta": 16.401691913604736}, "costs": {"total_cost": 187.30125408754978, "time_cost": 68.56, "final_distance_cost": 1.8414665433779833, "oscillation_cost": 45.21891443996146, "completition_cost": 0.0, "overshoot_cost": 49.452931507215325, "power_cost": 11.382938610839844, "noise_cost": 10.845002986155148, "n_waypoints_completed": 9, "tot_waypoints": 9}}
{"target": -191.13479123878327, "params": {"k_pid_pos": [1.8922997940790476, 0.024859491386256316, 0.6250867496839783], "k_pid_alt": [1.6319753356852484, 0.0, 0.1576465649121419], "k_pid_att": [58.989274729095186, 7.262158112886176, 0.10072849482906354], "k_pid_yaw": [0.5, 1e-06, 0.1], "k_pid_hsp": [1.606987810134683, 0.1531003758033771, 0.01], "k_pid_vsp": [110.56511661686339, 59.083466427248936, 1.0]}, "datetime": {"datetime": "2025-08-21 17:00:57", "elapsed": 29773.776493549347, "delta": 16.8887140750885}, "costs": {"total_cost": 191.13479123878327, "time_cost": 68.70400000000001, "final_distance_cost": 1.810610505473487, "oscillation_cost": 49.77937633783807, "completition_cost": 0.0, "overshoot_cost": 49.96705896742528, "power_cost": 10.416512585449219, "noise_cost": 10.457232842597197, "n_waypoints_completed": 9, "tot_waypoints": 9}}
{"target": -320.23596853915143, "params": {"k_pid_pos": [1.8922997940790476, 0.024859491386256316, 0.8020463410107419], "k_pid_alt": [1.6718174236541343, 0.0, 0.6683949116493773], "k_pid_att": [80.8038429083958, 5.859554809351448, 0.7033874038379369], "k_pid_yaw": [0.5, 1e-06, 0.1], "k_pid_hsp": [1.606987810134683, 0.11140066133917204, 0.16364896750993774], "k_pid_vsp": [202.72567798589142, 281.67745710790115, 1.0]}, "datetime": {"datetime": "2025-08-21 17:01:17", "elapsed": 29793.909246444702, "delta": 20.132752895355225}, "costs": {"total_cost": 320.23596853915143, "time_cost": 80.60000000000001, "final_distance_cost": 1.7912620440931717, "oscillation_cost": 157.27013739327873, "completition_cost": 0.0, "overshoot_cost": 54.045615087055324, "power_cost": 14.039287963867189, "noise_cost": 12.489666050857023, "n_waypoints_completed": 9, "tot_waypoints": 9}}
{"target": -185.39009165852724, "params": {"k_pid_pos": [1.7041340386651447, 0.024859491386256316, 0.3434561031905483], "k_pid_alt": [1.6319753356852484, 0.0, 0.15791560522360282], "k_pid_att": [58.989274729095186, 5.859554809351448, 0.73590781336997], "k_pid_yaw": [0.5, 1e-06, 0.1], "k_pid_hsp": [1.606987810134683, 0.1531003758033771, 0.01], "k_pid_vsp": [264.57255645423925, 59.083466427248936, 1.0]}, "datetime": {"datetime": "2025-08-21 17:01:33", "elapsed": 29809.584647893906, "delta": 15.675401449203491}, "costs": {"total_cost": 185.39009165852724, "time_cost": 68.776, "final_distance_cost": 1.8017955882729721, "oscillation_cost": 40.471829548412266, "completition_cost": 0.0, "overshoot_cost": 50.561558630954124, "power_cost": 12.275092919921876, "noise_cost": 11.503814970966003, "n_waypoints_completed": 9, "tot_waypoints": 9}}
{"target": -178.06639681186996, "params": {"k_pid_pos": [1.8034346552870686, 0.08087462101852438, 0.6250867496839783], "k_pid_alt": [1.1098775236402525, 0.0, 0.1576465649121419], "k_pid_att": [58.989274729095186, 7.284845820832624, 0.73590781336997], "k_pid_yaw": [0.5, 1e-06, 0.1], "k_pid_hsp": [1.606987810134683, 0.1531003758033771, 0.01], "k_pid_vsp": [110.56511661686339, 59.083466427248936, 1.0]}, "datetime": {"datetime": "2025-08-21 17:01:49", "elapsed": 29826.052541971207, "delta": 16.467894077301025}, "costs": {"total_cost": 178.06639681186996, "time_cost": 69.248, "final_distance_cost": 1.8055409047563773, "oscillation_cost": 39.80157222590357, "completition_cost": 0.0, "overshoot_cost": 49.40908948057716, "power_cost": 8.477728137207032, "noise_cost": 9.324466063425794, "n_waypoints_completed": 9, "tot_waypoints": 9}}
{"target": -187.53048297329534, "params": {"k_pid_pos": [1.8034346552870686, 0.08087462101852438, 0.6250867496839783], "k_pid_alt": [1.6319753356852484, 0.0, 0.1576465649121419], "k_pid_att": [11.391637031113255, 5.859554809351448, 0.73590781336997], "k_pid_yaw": [0.5, 1e-06, 0.1], "k_pid_hsp": [1.606987810134683, 0.1531003758033771, 0.01], "k_pid_vsp": [174.90950217371815, 58.47483401410723, 1.0]}, "datetime": {"datetime": "2025-08-21 17:02:05", "elapsed": 29841.600903987885, "delta": 15.548362016677856}, "costs": {"total_cost": 187.53048297329534, "time_cost": 69.032, "final_distance_cost": 1.8230865783945476, "oscillation_cost": 40.619504935494916, "completition_cost": 0.0, "overshoot_cost": 49.94503743870186, "power_cost": 14.054367321777345, "noise_cost": 12.056486698926676, "n_waypoints_completed": 9, "tot_waypoints": 9}}
{"target": -182.7764382976625, "params": {"k_pid_pos": [1.8034346552870686, 0.08087462101852438, 0.6250867496839783], "k_pid_alt": [1.1098775236402525, 0.0, 0.1576465649121419], "k_pid_att": [58.989274729095186, 6.043751783864618, 0.73590781336997], "k_pid_yaw": [0.5, 1e-06, 0.1], "k_pid_hsp": [1.9715787190781768, 0.1531003758033771, 0.01], "k_pid_vsp": [145.49514412553103, 59.083466427248936, 1.0]}, "datetime": {"datetime": "2025-08-21 17:02:21", "elapsed": 29858.425946235657, "delta": 16.825042247772217}, "costs": {"total_cost": 182.7764382976625, "time_cost": 69.56, "final_distance_cost": 1.8204050866774302, "oscillation_cost": 41.90771290157839, "completition_cost": 0.0, "overshoot_cost": 50.201650694786615, "power_cost": 9.437353369140626, "noise_cost": 9.84931624547945, "n_waypoints_completed": 9, "tot_waypoints": 9}}
{"target": -184.60309803783753, "params": {"k_pid_pos": [1.8034346552870686, 0.08087462101852438, 0.4287384789656963], "k_pid_alt": [1.6319753356852484, 0.0, 0.1576465649121419], "k_pid_att": [58.989274729095186, 5.859554809351448, 0.73590781336997], "k_pid_yaw": [0.5, 1e-06, 0.1], "k_pid_hsp": [1.606987810134683, 0.1531003758033771, 0.01], "k_pid_vsp": [174.90950217371815, 58.47483401410723, 1.0]}, "datetime": {"datetime": "2025-08-21 17:02:37", "elapsed": 29874.085693836212, "delta": 15.65974760055542}, "costs": {"total_cost": 184.60309803783753, "time_cost": 68.8, "final_distance_cost": 1.7765557661711946, "oscillation_cost": 40.167077967654244, "completition_cost": 0.0, "overshoot_cost": 50.606249215155735, "power_cost": 12.044768823242189, "noise_cost": 11.208446265614166, "n_waypoints_completed": 9, "tot_waypoints": 9}}
{"target": -212.5060154190342, "params": {"k_pid_pos": [1.8034346552870686, 0.6666702018088329, 0.6250867496839783], "k_pid_alt": [1.6319753356852484, 0.0, 0.1576465649121419], "k_pid_att": [58.989274729095186, 5.859554809351448, 0.73590781336997], "k_pid_yaw": [0.5, 1e-06, 0.1], "k_pid_hsp": [1.606987810134683, 0.1531003758033771, 0.01], "k_pid_vsp": [174.90950217371815, 58.47483401410723, 1.0]}, "datetime": {"datetime": "2025-08-21 17:02:57", "elapsed": 29893.48169207573, "delta": 19.395998239517212}, "costs": {"total_cost": 212.5060154190342, "time_cost": 81.824, "final_distance_cost": 1.7573368447490414, "oscillation_cost": 45.39735106989589, "completition_cost": 0.0, "overshoot_cost": 52.57317892836421, "power_cost": 16.8743322265625, "noise_cost": 14.07981634946258, "n_waypoints_completed": 9, "tot_waypoints": 9}}
{"target": -1718.279610748618, "params": {"k_pid_pos": [1.7041340386651447, 0.024859491386256316, 0.4878628878866713], "k_pid_alt": [1.6319753356852484, 0.0, 0.1576465649121419], "k_pid_att": [32.194164172814396, 7.284845820832624, 0.73590781336997], "k_pid_yaw": [0.5, 1e-06, 0.1], "k_pid_hsp": [1.606987810134683, 0.1531003758033771, 0.01], "k_pid_vsp": [110.56511661686339, 59.083466427248936, 257.1921575581723]}, "datetime": {"datetime": "2025-08-21 17:03:20", "elapsed": 29917.252555847168, "delta": 23.7708637714386}, "costs": {"total_cost": 1718.279610748618, "time_cost": 150, "final_distance_cost": 232.34284260000757, "oscillation_cost": 32.615850043518485, "completition_cost": 888.8888888888888, "overshoot_cost": 403.47838970362636, "power_cost": 3.970101806640625, "noise_cost": 6.983537705936348, "n_waypoints_completed": 1, "tot_waypoints": 9}}
{"target": -188.76643199853225, "params": {"k_pid_pos": [1.8922997940790476, 0.024859491386256316, 0.6250867496839783], "k_pid_alt": [1.6319753356852484, 0.0, 0.1576465649121419], "k_pid_att": [58.989274729095186, 5.859554809351448, 0.73590781336997], "k_pid_yaw": [0.5, 1e-06, 0.1], "k_pid_hsp": [1.0498148400696388, 0.1531003758033771, 0.01], "k_pid_vsp": [110.56511661686339, 59.083466427248936, 1.0]}, "datetime": {"datetime": "2025-08-21 17:03:37", "elapsed": 29933.632086277008, "delta": 16.379530429840088}, "costs": {"total_cost": 188.76643199853225, "time_cost": 69.272, "final_distance_cost": 1.8247393754191892, "oscillation_cost": 38.24643830925632, "completition_cost": 0.0, "overshoot_cost": 50.525095901283585, "power_cost": 15.74884051513672, "noise_cost": 13.149317897436454, "n_waypoints_completed": 9, "tot_waypoints": 9}}
{"target": -212.15280653663075, "params": {"k_pid_pos": [0.5467413932132553, 0.024859491386256316, 0.3434561031905483], "k_pid_alt": [1.6319753356852484, 0.0, 0.15791560522360282], "k_pid_att": [58.989274729095186, 7.284845820832624, 0.73590781336997], "k_pid_yaw": [0.5, 1e-06, 0.1], "k_pid_hsp": [1.606987810134683, 0.906465251254105, 0.01], "k_pid_vsp": [110.56511661686339, 59.083466427248936, 1.0]}, "datetime": {"datetime": "2025-08-21 17:03:56", "elapsed": 29952.99816966057, "delta": 19.36608338356018}, "costs": {"total_cost": 212.15280653663075, "time_cost": 84.888, "final_distance_cost": 1.8546455478247386, "oscillation_cost": 44.22234902044562, "completition_cost": 0.0, "overshoot_cost": 51.73787748503135, "power_cost": 14.767477270507813, "noise_cost": 14.682457212821241, "n_waypoints_completed": 9, "tot_waypoints": 9}}
{"target": -181.82687452920723, "params": {"k_pid_pos": [1.8034346552870686, 0.08087462101852438, 0.6250867496839783], "k_pid_alt": [1.6319753356852484, 0.0, 0.1576465649121419], "k_pid_att": [58.989274729095186, 5.859554809351448, 0.73590781336997], "k_pid_yaw": [0.5, 1e-06, 0.1], "k_pid_hsp": [1.606987810134683, 0.1531003758033771, 0.01], "k_pid_vsp": [110.56511661686339, 59.083466427248936, 1.0]}, "datetime": {"datetime": "2025-08-21 17:04:14", "elapsed": 29970.780116796494, "delta": 17.781947135925293}, "costs": {"total_cost": 181.82687452920723, "time_cost": 68.44, "final_distance_cost": 1.8242480590169372, "oscillation_cost": 40.35869360034765, "completition_cost": 0.0, "overshoot_cost": 49.654398530996914, "power_cost": 10.808771301269532, "noise_cost": 10.740763037576212, "n_waypoints_completed": 9, "tot_waypoints": 9}}
{"target": -183.87553585855753, "params": {"k_pid_pos": [1.8922997940790476, 0.024859491386256316, 0.8020463410107419], "k_pid_alt": [1.6319753356852484, 0.0, 0.9777221835916994], "k_pid_att": [58.989274729095186, 5.859554809351448, 0.73590781336997], "k_pid_yaw": [0.5, 1e-06, 0.1], "k_pid_hsp": [1.606987810134683, 0.30538356757589824, 0.01], "k_pid_vsp": [110.56511661686339, 59.083466427248936, 1.0]}, "datetime": {"datetime": "2025-08-21 17:04:30", "elapsed": 29986.683930158615, "delta": 15.903813362121582}, "costs": {"total_cost": 183.87553585855753, "time_cost": 70.384, "final_distance_cost": 1.8368907580017848, "oscillation_cost": 41.44461753923796, "completition_cost": 0.0, "overshoot_cost": 49.503194710010085, "power_cost": 10.337253393554688, "noise_cost": 10.36957945775302, "n_waypoints_completed": 9, "tot_waypoints": 9}}
{"target": -194.56402538088568, "params": {"k_pid_pos": [1.8034346552870686, 0.08087462101852438, 0.6250867496839783], "k_pid_alt": [1.6319753356852484, 0.0, 0.18690953747986971], "k_pid_att": [58.989274729095186, 1.1659524805595562, 0.7033874038379369], "k_pid_yaw": [0.5, 1e-06, 0.1], "k_pid_hsp": [4.854323649447895, 0.1531003758033771, 0.01], "k_pid_vsp": [29.96849041048857, 177.05332331509413, 1.0]}, "datetime": {"datetime": "2025-08-21 17:04:47", "elapsed": 30003.551688671112, "delta": 16.86775851249695}, "costs": {"total_cost": 194.56402538088568, "time_cost": 69.2, "final_distance_cost": 1.81136483078668, "oscillation_cost": 47.64088233905492, "completition_cost": 0.0, "overshoot_cost": 49.93400803393434, "power_cost": 14.016824987792969, "noise_cost": 11.96094518931677, "n_waypoints_completed": 9, "tot_waypoints": 9}}
{"target": -192.82387186752655, "params": {"k_pid_pos": [1.6364429475361004, 0.024859491386256316, 0.14699784793311532], "k_pid_alt": [1.6319753356852484, 0.0, 0.02282466901291924], "k_pid_att": [58.989274729095186, 2.524269488566535, 0.7033874038379369], "k_pid_yaw": [0.5, 1e-06, 0.1], "k_pid_hsp": [1.606987810134683, 0.11140066133917204, 0.01], "k_pid_vsp": [29.96849041048857, 58.47483401410723, 1.0]}, "datetime": {"datetime": "2025-08-21 17:05:02", "elapsed": 30019.08196592331, "delta": 15.530277252197266}, "costs": {"total_cost": 192.82387186752655, "time_cost": 68.664, "final_distance_cost": 1.743067308651428, "oscillation_cost": 40.20551624063199, "completition_cost": 0.0, "overshoot_cost": 49.66918497177102, "power_cost": 17.64437644042969, "noise_cost": 14.897726906042438, "n_waypoints_completed": 9, "tot_waypoints": 9}}
{"target": -1562.9054122238665, "params": {"k_pid_pos": [1.8922997940790476, 0.024859491386256316, 0.8020463410107419], "k_pid_alt": [1.6718174236541343, 0.0, 0.6683949116493773], "k_pid_att": [83.24205936752172, 5.859554809351448, 0.7033874038379369], "k_pid_yaw": [0.5, 1e-06, 0.1], "k_pid_hsp": [1.606987810134683, 0.24034004518407315, 0.01], "k_pid_vsp": [170.97439258889042, 59.083466427248936, 355.3689317787297]}, "datetime": {"datetime": "2025-08-21 17:05:26", "elapsed": 30042.78681898117, "delta": 23.704853057861328}, "costs": {"total_cost": 1562.9054122238665, "time_cost": 150, "final_distance_cost": 217.04806931692264, "oscillation_cost": 38.763094653716344, "completition_cost": 888.8888888888888, "overshoot_cost": 241.48278623554518, "power_cost": 12.670966381835939, "noise_cost": 14.051606746957804, "n_waypoints_completed": 1, "tot_waypoints": 9}}
{"target": -196.53145807461866, "params": {"k_pid_pos": [1.7041340386651447, 0.024859491386256316, 0.3434561031905483], "k_pid_alt": [1.6319753356852484, 0.0, 0.15791560522360282], "k_pid_att": [58.989274729095186, 7.284845820832624, 0.73590781336997], "k_pid_yaw": [0.5, 1e-06, 0.1], "k_pid_hsp": [1.606987810134683, 0.1531003758033771, 0.01], "k_pid_vsp": [110.56511661686339, 59.083466427248936, 1.0]}, "datetime": {"datetime": "2025-08-21 17:05:44", "elapsed": 30060.92601418495, "delta": 18.139195203781128}, "costs": {"total_cost": 196.53145807461866, "time_cost": 70.52, "final_distance_cost": 1.8151809303951596, "oscillation_cost": 42.126126313013636, "completition_cost": 0.0, "overshoot_cost": 51.39911716202117, "power_cost": 17.10224537353516, "noise_cost": 13.56878829565352, "n_waypoints_completed": 9, "tot_waypoints": 9}}
{"target": -212.5476368894298, "params": {"k_pid_pos": [1.8922997940790476, 0.5018475733175067, 0.28139544479454803], "k_pid_alt": [1.6319753356852484, 0.0, 0.7538195562388602], "k_pid_att": [58.989274729095186, 5.859554809351448, 0.7033874038379369], "k_pid_yaw": [0.5, 1e-06, 0.1], "k_pid_hsp": [1.606987810134683, 0.1531003758033771, 0.01], "k_pid_vsp": [155.80135867994494, 98.63337078029946, 1.0]}, "datetime": {"datetime": "2025-08-21 17:06:02", "elapsed": 30079.211154937744, "delta": 18.28514075279236}, "costs": {"total_cost": 212.5476368894298, "time_cost": 80.456, "final_distance_cost": 1.7827438218717104, "oscillation_cost": 47.13533152057884, "completition_cost": 0.0, "overshoot_cost": 52.86966916991778, "power_cost": 16.487632836914063, "noise_cost": 13.816259540147426, "n_waypoints_completed": 9, "tot_waypoints": 9}}
{"target": -179.53317803736923, "params": {"k_pid_pos": [1.8034346552870686, 0.08087462101852438, 0.8020463410107419], "k_pid_alt": [1.6718174236541343, 0.0, 0.6683949116493773], "k_pid_att": [83.24205936752172, 5.859554809351448, 0.7033874038379369], "k_pid_yaw": [0.5, 1e-06, 0.1], "k_pid_hsp": [1.606987810134683, 0.11140066133917204, 0.01], "k_pid_vsp": [29.96849041048857, 58.47483401410723, 1.0]}, "datetime": {"datetime": "2025-08-21 17:06:19", "elapsed": 30096.45685982704, "delta": 17.245704889297485}, "costs": {"total_cost": 179.53317803736923, "time_cost": 69.536, "final_distance_cost": 1.825097630705753, "oscillation_cost": 41.37786592990424, "completition_cost": 0.0, "overshoot_cost": 49.547122116438594, "power_cost": 8.14954208984375, "noise_cost": 9.0975502704769, "n_waypoints_completed": 9, "tot_waypoints": 9}}
{"target": -180.41362732155685, "params": {"k_pid_pos": [1.8922997940790476, 0.024859491386256316, 0.6250867496839783], "k_pid_alt": [1.6319753356852484, 0.0, 0.1576465649121419], "k_pid_att": [58.989274729095186, 5.859554809351448, 0.73590781336997], "k_pid_yaw": [0.5, 1e-06, 0.1], "k_pid_hsp": [1.606987810134683, 0.1531003758033771, 0.01], "k_pid_vsp": [110.56511661686339, 59.083466427248936, 1.0]}, "datetime": {"datetime": "2025-08-21 17:06:36", "elapsed": 30112.522134304047, "delta": 16.065274477005005}, "costs": {"total_cost": 180.41362732155685, "time_cost": 68.47200000000001, "final_distance_cost": 1.8289012565087959, "oscillation_cost": 40.57793518579459, "completition_cost": 0.0, "overshoot_cost": 49.768761311603576, "power_cost": 9.774748254394531, "noise_cost": 9.991281313255348, "n_waypoints_completed": 9, "tot_waypoints": 9}}
{"target": -1342.562459170097, "params": {"k_pid_pos": [1.1904191683331364, 0.024859491386256316, 0.3434561031905483], "k_pid_alt": [1.6319753356852484, 0.0, 0.1576465649121419], "k_pid_att": [58.989274729095186, 5.859554809351448, 0.7033874038379369], "k_pid_yaw": [0.5, 1e-06, 0.1], "k_pid_hsp": [1.606987810134683, 0.1531003758033771, 0.01], "k_pid_vsp": [29.96849041048857, 58.47483401410723, 355.21208825604106]}, "datetime": {"datetime": "2025-08-21 17:06:59", "elapsed": 30135.954612970352, "delta": 23.432478666305542}, "costs": {"total_cost": 1342.562459170097, "time_cost": 150, "final_distance_cost": 70.39039828049094, "oscillation_cost": 41.72161924295239, "completition_cost": 777.7777777777778, "overshoot_cost": 272.3716758108463, "power_cost": 9.538373449707032, "noise_cost": 20.762614608322824, "n_waypoints_completed": 2, "tot_waypoints": 9}}
{"target": -185.91361915958896, "params": {"k_pid_pos": [1.7041340386651447, 0.024859491386256316, 0.43763450288146144], "k_pid_alt": [1.6319753356852484, 0.0, 0.1576465649121419], "k_pid_att": [58.989274729095186, 5.859554809351448, 0.7033874038379369], "k_pid_yaw": [0.5, 1e-06, 0.1], "k_pid_hsp": [1.606987810134683, 0.1531003758033771, 0.01], "k_pid_vsp": [398.8090927617697, 59.083466427248936, 1.0]}, "datetime": {"datetime": "2025-08-21 17:07:16", "elapsed": 30152.946273326874, "delta": 16.991660356521606}, "costs": {"total_cost": 185.91361915958896, "time_cost": 69.44800000000001, "final_distance_cost": 1.8115055527094786, "oscillation_cost": 39.914033468783465, "completition_cost": 0.0, "overshoot_cost": 50.82530750524127, "power_cost": 12.496351232910158, "noise_cost": 11.418421399944592, "n_waypoints_completed": 9, "tot_waypoints": 9}}
