{"target": -180.2199425306481, "params": {"k_pid_pos": [1.3078103269235994, 0.024859491386256316, 0.11401919133455096], "k_pid_alt": [1.2679502233621702, 0.0, 0.06527723447865985], "k_pid_att": [24.0942673894178, 7.284845820832624, 0.8739915892735461], "k_pid_yaw": [0.5, 1e-06, 0.1], "k_pid_hsp": [1.0, 0.1531003758033771, 0.01], "k_pid_vsp": [378.2079564087626, 355.21150340299164, 1.0]}, "datetime": {"datetime": "2025-08-21 12:17:00", "elapsed": 12737.23040676117, "delta": 15.459967851638794}, "costs": {"total_cost": 180.2199425306481, "time_cost": 68.376, "final_distance_cost": 1.8227795645161886, "oscillation_cost": 37.55546619464546, "completition_cost": 0.0, "overshoot_cost": 49.27249586522326, "power_cost": 12.149302722167969, "noise_cost": 11.04389818409523, "n_waypoints_completed": 9, "tot_waypoints": 9}}
{"target": -184.4229729333287, "params": {"k_pid_pos": [1.3885554450422086, 0.024859491386256316, 0.11401919133455096], "k_pid_alt": [0.8815334174028542, 0.0, 0.512921577555336], "k_pid_att": [58.989274729095186, 2.79325987156934, 0.970432917090323], "k_pid_yaw": [0.5, 1e-06, 0.1], "k_pid_hsp": [1.0, 0.005322982040420254, 0.01], "k_pid_vsp": [378.2079564087626, 355.21150340299164, 1.0]}, "datetime": {"datetime": "2025-08-21 12:17:17", "elapsed": 12754.056186199188, "delta": 16.8257794380188}, "costs": {"total_cost": 184.4229729333287, "time_cost": 72.792, "final_distance_cost": 1.8281957487545881, "oscillation_cost": 38.03897340472134, "completition_cost": 0.0, "overshoot_cost": 50.6411121378372, "power_cost": 10.696593688964844, "noise_cost": 10.426097953050753, "n_waypoints_completed": 9, "tot_waypoints": 9}}
{"target": -292.6860975408427, "params": {"k_pid_pos": [1.3078103269235994, 0.024859491386256316, 0.11401919133455096], "k_pid_alt": [1.2679502233621702, 0.0, 0.06527723447865985], "k_pid_att": [43.60526211095247, 7.284845820832624, 0.8739915892735461], "k_pid_yaw": [0.5, 1e-06, 0.1], "k_pid_hsp": [3.3560449345655647, 0.1531003758033771, 0.22448647802751287], "k_pid_vsp": [50.679771886171295, 355.21150340299164, 37.23086544794797]}, "datetime": {"datetime": "2025-08-21 12:17:33", "elapsed": 12770.017569541931, "delta": 15.96138334274292}, "costs": {"total_cost": 292.6860975408427, "time_cost": 68.912, "final_distance_cost": 1.8032811519534455, "oscillation_cost": 139.28705061013858, "completition_cost": 0.0, "overshoot_cost": 50.673215309706215, "power_cost": 18.454083422851564, "noise_cost": 13.5564670461929, "n_waypoints_completed": 9, "tot_waypoints": 9}}
{"target": -250.84558046282658, "params": {"k_pid_pos": [1.900292756797936, 0.024859491386256316, 0.11401919133455096], "k_pid_alt": [1.2679502233621702, 0.0, 0.1576465649121419], "k_pid_att": [58.989274729095186, 7.284845820832624, 0.8739915892735461], "k_pid_yaw": [0.5, 1e-06, 0.1], "k_pid_hsp": [1.0, 0.1531003758033771, 0.01], "k_pid_vsp": [3.1458759584375606, 383.1463585968337, 1.0]}, "datetime": {"datetime": "2025-08-21 12:17:53", "elapsed": 12789.513239383698, "delta": 19.495669841766357}, "costs": {"total_cost": 250.84558046282658, "time_cost": 86.168, "final_distance_cost": 1.7587914771826645, "oscillation_cost": 72.32292549472392, "completition_cost": 0.0, "overshoot_cost": 54.92195092934051, "power_cost": 21.07285447998047, "noise_cost": 14.601058081599003, "n_waypoints_completed": 9, "tot_waypoints": 9}}
{"target": -230.1458858622609, "params": {"k_pid_pos": [1.3078103269235994, 0.555082988480368, 0.11401919133455096], "k_pid_alt": [1.2679502233621702, 0.34014086964374357, 0.1576465649121419], "k_pid_att": [58.989274729095186, 7.284845820832624, 0.8739915892735461], "k_pid_yaw": [0.5, 1e-06, 0.1], "k_pid_hsp": [1.0, 0.1531003758033771, 0.01], "k_pid_vsp": [378.2079564087626, 355.21150340299164, 1.0]}, "datetime": {"datetime": "2025-08-21 12:18:14", "elapsed": 12811.159041404724, "delta": 21.64580202102661}, "costs": {"total_cost": 230.1458858622609, "time_cost": 92.44, "final_distance_cost": 1.7802675452897951, "oscillation_cost": 55.659643993075214, "completition_cost": 0.0, "overshoot_cost": 52.828904650954584, "power_cost": 14.2450392578125, "noise_cost": 13.192030415128839, "n_waypoints_completed": 9, "tot_waypoints": 9}}
{"target": -184.52728292514757, "params": {"k_pid_pos": [1.3885554450422086, 0.024859491386256316, 0.11401919133455096], "k_pid_alt": [1.2679502233621702, 0.0, 0.7131227981836126], "k_pid_att": [22.453081793151608, 7.284845820832624, 0.6954414552103283], "k_pid_yaw": [0.5, 1e-06, 0.1], "k_pid_hsp": [1.0, 0.1531003758033771, 0.01], "k_pid_vsp": [292.94687076665593, 355.21150340299164, 1.0]}, "datetime": {"datetime": "2025-08-21 12:18:30", "elapsed": 12827.27929353714, "delta": 16.12025213241577}, "costs": {"total_cost": 184.52728292514757, "time_cost": 70.256, "final_distance_cost": 1.8186485357398925, "oscillation_cost": 39.34394480190368, "completition_cost": 0.0, "overshoot_cost": 49.37056766871562, "power_cost": 12.50451982421875, "noise_cost": 11.233602094569578, "n_waypoints_completed": 9, "tot_waypoints": 9}}
{"target": -686.3257868813826, "params": {"k_pid_pos": [0.17771488283981443, 0.024859491386256316, 0.11401919133455096], "k_pid_alt": [1.2679502233621702, 0.0, 0.1576465649121419], "k_pid_att": [58.989274729095186, 7.284845820832624, 0.8739915892735461], "k_pid_yaw": [0.5, 1e-06, 0.1], "k_pid_hsp": [9.209539779438497, 0.6824706006861725, 0.01], "k_pid_vsp": [378.2079564087626, 383.1463585968337, 1.0]}, "datetime": {"datetime": "2025-08-21 12:18:53", "elapsed": 12850.29353094101, "delta": 23.01423740386963}, "costs": {"total_cost": 686.3257868813826, "time_cost": 150, "final_distance_cost": 57.47215937658882, "oscillation_cost": 74.03086408140925, "completition_cost": 333.33333333333337, "overshoot_cost": 48.86281655692761, "power_cost": 11.176592065429688, "noise_cost": 11.450021467693785, "n_waypoints_completed": 6, "tot_waypoints": 9}}
{"target": -191.03407888435, "params": {"k_pid_pos": [1.3885554450422086, 0.024859491386256316, 0.11401919133455096], "k_pid_alt": [1.2679502233621702, 0.0, 0.1576465649121419], "k_pid_att": [58.989274729095186, 7.284845820832624, 0.41736344958023697], "k_pid_yaw": [0.5, 1e-06, 0.1], "k_pid_hsp": [5.650197857669776, 0.1531003758033771, 0.01], "k_pid_vsp": [378.2079564087626, 23.77679025428185, 1.0]}, "datetime": {"datetime": "2025-08-21 12:19:09", "elapsed": 12866.359984874725, "delta": 16.06645393371582}, "costs": {"total_cost": 191.03407888435, "time_cost": 70.2, "final_distance_cost": 1.8109175190796167, "oscillation_cost": 45.90375020864066, "completition_cost": 0.0, "overshoot_cost": 50.78797797096104, "power_cost": 11.345332495117187, "noise_cost": 10.986100690551488, "n_waypoints_completed": 9, "tot_waypoints": 9}}
{"target": -189.34023293237703, "params": {"k_pid_pos": [1.3885554450422086, 0.024859491386256316, 0.06327155149462471], "k_pid_alt": [1.1424381546674114, 0.0, 0.016491258977649914], "k_pid_att": [20.236336479523032, 5.556263249731063, 0.5680009751981364], "k_pid_yaw": [0.5, 1e-06, 0.1], "k_pid_hsp": [1.5353014571438959, 0.6481168050241883, 0.01], "k_pid_vsp": [378.2079564087626, 355.21150340299164, 1.0]}, "datetime": {"datetime": "2025-08-21 12:19:25", "elapsed": 12881.808269500732, "delta": 15.44828462600708}, "costs": {"total_cost": 189.34023293237703, "time_cost": 68.264, "final_distance_cost": 1.7851501941558816, "oscillation_cost": 45.5082002312695, "completition_cost": 0.0, "overshoot_cost": 49.123036853795846, "power_cost": 13.141037939453126, "noise_cost": 11.518807713702708, "n_waypoints_completed": 9, "tot_waypoints": 9}}
{"target": -198.77397973417345, "params": {"k_pid_pos": [0.47109496471671364, 0.024859491386256316, 0.11401919133455096], "k_pid_alt": [1.2679502233621702, 0.3889486996552407, 0.9306475661290093], "k_pid_att": [58.989274729095186, 7.284845820832624, 0.8739915892735461], "k_pid_yaw": [0.5, 1e-06, 0.1], "k_pid_hsp": [1.0, 0.1531003758033771, 0.01], "k_pid_vsp": [153.0622015256548, 355.21150340299164, 17.132000594645874]}, "datetime": {"datetime": "2025-08-21 12:19:44", "elapsed": 12900.72819018364, "delta": 18.919920682907104}, "costs": {"total_cost": 198.77397973417345, "time_cost": 82.496, "final_distance_cost": 1.8174012665403372, "oscillation_cost": 43.492245725454794, "completition_cost": 0.0, "overshoot_cost": 51.122476160678644, "power_cost": 10.369699377441407, "noise_cost": 9.476157204058282, "n_waypoints_completed": 9, "tot_waypoints": 9}}
{"target": -183.35174107729546, "params": {"k_pid_pos": [1.3885554450422086, 0.024859491386256316, 0.11401919133455096], "k_pid_alt": [1.2679502233621702, 0.0, 0.1576465649121419], "k_pid_att": [58.989274729095186, 7.284845820832624, 0.8739915892735461], "k_pid_yaw": [0.5, 1e-06, 0.1], "k_pid_hsp": [1.0, 0.1531003758033771, 0.01], "k_pid_vsp": [378.2079564087626, 355.21150340299164, 1.0]}, "datetime": {"datetime": "2025-08-21 12:20:00", "elapsed": 12917.001381397247, "delta": 16.273191213607788}, "costs": {"total_cost": 183.35174107729546, "time_cost": 68.416, "final_distance_cost": 1.81578034098464, "oscillation_cost": 40.78832207877717, "completition_cost": 0.0, "overshoot_cost": 49.953390005571485, "power_cost": 11.579171557617189, "noise_cost": 10.799077094344971, "n_waypoints_completed": 9, "tot_waypoints": 9}}
{"target": -190.863840915541, "params": {"k_pid_pos": [1.9676806299345462, 0.024859491386256316, 0.11401919133455096], "k_pid_alt": [1.394383142748206, 0.0, 0.1576465649121419], "k_pid_att": [27.406759869572184, 3.0596356458441103, 0.17039554323513206], "k_pid_yaw": [0.5, 1e-06, 0.1], "k_pid_hsp": [1.5353014571438959, 0.01, 0.01], "k_pid_vsp": [378.2079564087626, 355.21150340299164, 1.0]}, "datetime": {"datetime": "2025-08-21 12:20:16", "elapsed": 12932.534600257874, "delta": 15.53321886062622}, "costs": {"total_cost": 190.863840915541, "time_cost": 68.304, "final_distance_cost": 1.7861677905526958, "oscillation_cost": 49.77330138631563, "completition_cost": 0.0, "overshoot_cost": 49.56251823896553, "power_cost": 10.991441625976563, "noise_cost": 10.446411873730577, "n_waypoints_completed": 9, "tot_waypoints": 9}}
{"target": -349.83850592379326, "params": {"k_pid_pos": [1.3885554450422086, 0.024859491386256316, 0.11401919133455096], "k_pid_alt": [1.2679502233621702, 0.0, 0.512921577555336], "k_pid_att": [60.39759467582875, 2.79325987156934, 0.8739915892735461], "k_pid_yaw": [0.5, 1e-06, 0.1], "k_pid_hsp": [1.0, 0.24468742025477586, 0.4885311630634622], "k_pid_vsp": [294.66786775931484, 355.21150340299164, 1.0]}, "datetime": {"datetime": "2025-08-21 12:20:37", "elapsed": 12953.819916725159, "delta": 21.285316467285156}, "costs": {"total_cost": 349.83850592379326, "time_cost": 90.784, "final_distance_cost": 1.797028648627404, "oscillation_cost": 170.62856767005175, "completition_cost": 0.0, "overshoot_cost": 55.46742138481, "power_cost": 16.556646484375, "noise_cost": 14.60484173592914, "n_waypoints_completed": 9, "tot_waypoints": 9}}
{"target": -179.83795225628253, "params": {"k_pid_pos": [1.3078103269235994, 0.024859491386256316, 0.11401919133455096], "k_pid_alt": [1.2679502233621702, 0.0, 0.1576465649121419], "k_pid_att": [58.989274729095186, 7.284845820832624, 0.8739915892735461], "k_pid_yaw": [0.5, 1e-06, 0.1], "k_pid_hsp": [1.0, 0.23589601547334327, 0.01], "k_pid_vsp": [378.2079564087626, 355.21150340299164, 1.0]}, "datetime": {"datetime": "2025-08-21 12:20:52", "elapsed": 12969.374596834183, "delta": 15.554680109024048}, "costs": {"total_cost": 179.83795225628253, "time_cost": 68.34400000000001, "final_distance_cost": 1.809325328396615, "oscillation_cost": 41.93870644263565, "completition_cost": 0.0, "overshoot_cost": 49.153888129120844, "power_cost": 9.132991088867188, "noise_cost": 9.459041267262231, "n_waypoints_completed": 9, "tot_waypoints": 9}}
{"target": -188.6223939437371, "params": {"k_pid_pos": [1.3885554450422086, 0.024859491386256316, 0.11401919133455096], "k_pid_alt": [0.8815334174028542, 0.0, 0.512921577555336], "k_pid_att": [58.989274729095186, 9.52237692751095, 0.9669350405079173], "k_pid_yaw": [0.5, 1e-06, 0.1], "k_pid_hsp": [1.0, 0.005322982040420254, 0.01], "k_pid_vsp": [378.2079564087626, 355.21150340299164, 1.0]}, "datetime": {"datetime": "2025-08-21 12:21:09", "elapsed": 12986.20448064804, "delta": 16.829883813858032}, "costs": {"total_cost": 188.6223939437371, "time_cost": 72.944, "final_distance_cost": 1.8234630153126516, "oscillation_cost": 39.307942445500444, "completition_cost": 0.0, "overshoot_cost": 50.279622627594556, "power_cost": 12.8770078125, "noise_cost": 11.390358042829424, "n_waypoints_completed": 9, "tot_waypoints": 9}}
{"target": -181.69364593675962, "params": {"k_pid_pos": [1.3885554450422086, 0.024859491386256316, 0.11401919133455096], "k_pid_alt": [1.2679502233621702, 0.0, 0.1576465649121419], "k_pid_att": [58.989274729095186, 7.284845820832624, 0.8739915892735461], "k_pid_yaw": [0.5, 1e-06, 0.1], "k_pid_hsp": [1.0, 0.1531003758033771, 0.01], "k_pid_vsp": [378.2079564087626, 87.58200976551859, 1.0]}, "datetime": {"datetime": "2025-08-21 12:21:25", "elapsed": 13001.77705025673, "delta": 15.572569608688354}, "costs": {"total_cost": 181.69364593675962, "time_cost": 68.624, "final_distance_cost": 1.8100507837812285, "oscillation_cost": 42.2633449874987, "completition_cost": 0.0, "overshoot_cost": 49.90262339237471, "power_cost": 9.437759008789063, "noise_cost": 9.65586776431594, "n_waypoints_completed": 9, "tot_waypoints": 9}}
{"target": -193.28805605801585, "params": {"k_pid_pos": [1.3078103269235994, 0.024859491386256316, 0.11401919133455096], "k_pid_alt": [1.2679502233621702, 0.0, 0.06527723447865985], "k_pid_att": [24.0942673894178, 6.818041247323689, 0.8739915892735461], "k_pid_yaw": [0.5, 1e-06, 0.1], "k_pid_hsp": [8.170134635164592, 0.1531003758033771, 0.01], "k_pid_vsp": [378.2079564087626, 355.21150340299164, 1.0]}, "datetime": {"datetime": "2025-08-21 12:21:41", "elapsed": 13017.942182540894, "delta": 16.16513228416443}, "costs": {"total_cost": 193.28805605801585, "time_cost": 68.816, "final_distance_cost": 1.8283208928694952, "oscillation_cost": 48.95716623088435, "completition_cost": 0.0, "overshoot_cost": 50.024021796066975, "power_cost": 12.296913110351563, "noise_cost": 11.365634027843429, "n_waypoints_completed": 9, "tot_waypoints": 9}}
{"target": -181.46977149691142, "params": {"k_pid_pos": [1.3885554450422086, 0.024859491386256316, 0.11401919133455096], "k_pid_alt": [1.2679502233621702, 0.0, 0.1576465649121419], "k_pid_att": [58.989274729095186, 3.9650988168623, 0.8739915892735461], "k_pid_yaw": [0.5, 1e-06, 0.1], "k_pid_hsp": [1.0, 0.1531003758033771, 0.01], "k_pid_vsp": [378.2079564087626, 355.21150340299164, 1.0]}, "datetime": {"datetime": "2025-08-21 12:21:57", "elapsed": 13033.793788194656, "delta": 15.851605653762817}, "costs": {"total_cost": 181.46977149691142, "time_cost": 68.52, "final_distance_cost": 1.8042684365163268, "oscillation_cost": 40.81907726546007, "completition_cost": 0.0, "overshoot_cost": 50.06887360354772, "power_cost": 10.234780590820312, "noise_cost": 10.022771600566987, "n_waypoints_completed": 9, "tot_waypoints": 9}}
{"target": -192.78647089348163, "params": {"k_pid_pos": [1.3078103269235994, 0.024859491386256316, 0.1299460526004279], "k_pid_alt": [1.2679502233621702, 0.0, 0.06527723447865985], "k_pid_att": [24.0942673894178, 0.17852168831839865, 0.8739915892735461], "k_pid_yaw": [0.5, 1e-06, 0.1], "k_pid_hsp": [1.0, 0.1531003758033771, 0.01], "k_pid_vsp": [378.2079564087626, 355.21150340299164, 37.23086544794797]}, "datetime": {"datetime": "2025-08-21 12:22:13", "elapsed": 13049.516252040863, "delta": 15.722463846206665}, "costs": {"total_cost": 192.78647089348163, "time_cost": 68.408, "final_distance_cost": 1.801050657150549, "oscillation_cost": 42.809657984030366, "completition_cost": 0.0, "overshoot_cost": 49.60935012613337, "power_cost": 17.32225634765625, "noise_cost": 12.836155778511117, "n_waypoints_completed": 9, "tot_waypoints": 9}}
{"target": -218.9526507284593, "params": {"k_pid_pos": [1.3078103269235994, 0.024859491386256316, 0.11401919133455096], "k_pid_alt": [1.2679502233621702, 0.626400033436537, 0.06527723447865985], "k_pid_att": [24.0942673894178, 7.284845820832624, 0.8739915892735461], "k_pid_yaw": [0.5, 1e-06, 0.1], "k_pid_hsp": [3.3560449345655647, 0.1531003758033771, 0.01], "k_pid_vsp": [378.2079564087626, 355.21150340299164, 1.0]}, "datetime": {"datetime": "2025-08-21 12:22:31", "elapsed": 13068.273245096207, "delta": 18.756993055343628}, "costs": {"total_cost": 218.9526507284593, "time_cost": 82.21600000000001, "final_distance_cost": 1.7486187502234294, "oscillation_cost": 49.87245028732662, "completition_cost": 0.0, "overshoot_cost": 54.118861867062286, "power_cost": 17.168683557128908, "noise_cost": 13.828036266718048, "n_waypoints_completed": 9, "tot_waypoints": 9}}
{"target": -1218.7175692317642, "params": {"k_pid_pos": [0.09404003683205926, 0.024859491386256316, 0.11401919133455096], "k_pid_alt": [1.2679502233621702, 0.0, 0.06527723447865985], "k_pid_att": [24.0942673894178, 7.284845820832624, 0.8739915892735461], "k_pid_yaw": [0.5, 1e-06, 0.1], "k_pid_hsp": [1.0, 0.005322982040420254, 0.01], "k_pid_vsp": [378.2079564087626, 355.21150340299164, 282.003310948003]}, "datetime": {"datetime": "2025-08-21 12:22:54", "elapsed": 13091.042878627777, "delta": 22.769633531570435}, "costs": {"total_cost": 1218.7175692317642, "time_cost": 150, "final_distance_cost": 62.9015393893807, "oscillation_cost": 14.922400115191616, "completition_cost": 888.8888888888888, "overshoot_cost": 45.12368122658814, "power_cost": 33.5962976928711, "noise_cost": 23.284761918843646, "n_waypoints_completed": 1, "tot_waypoints": 9}}
{"target": -377.0401057000259, "params": {"k_pid_pos": [1.3885554450422086, 0.024859491386256316, 0.11401919133455096], "k_pid_alt": [0.8815334174028542, 0.0, 0.512921577555336], "k_pid_att": [58.989274729095186, 2.79325987156934, 0.9669350405079173], "k_pid_yaw": [0.5, 1e-06, 0.1], "k_pid_hsp": [1.0, 0.1531003758033771, 0.48397499846555336], "k_pid_vsp": [378.2079564087626, 355.21150340299164, 1.0]}, "datetime": {"datetime": "2025-08-21 12:23:15", "elapsed": 13111.683999300003, "delta": 20.641120672225952}, "costs": {"total_cost": 377.0401057000259, "time_cost": 90.416, "final_distance_cost": 1.8442465882310897, "oscillation_cost": 201.6559230194052, "completition_cost": 0.0, "overshoot_cost": 52.07778356862227, "power_cost": 16.680686755371095, "noise_cost": 14.365465768396254, "n_waypoints_completed": 9, "tot_waypoints": 9}}
{"target": -183.45454224469015, "params": {"k_pid_pos": [1.3885554450422086, 0.024859491386256316, 0.11401919133455096], "k_pid_alt": [1.986978150104521, 0.0, 0.512921577555336], "k_pid_att": [58.989274729095186, 2.79325987156934, 0.8739915892735461], "k_pid_yaw": [0.5, 1e-06, 0.1], "k_pid_hsp": [1.0, 0.1531003758033771, 0.01], "k_pid_vsp": [378.2079564087626, 355.21150340299164, 1.0]}, "datetime": {"datetime": "2025-08-21 12:23:30", "elapsed": 13127.363307237625, "delta": 15.67930793762207}, "costs": {"total_cost": 183.45454224469015, "time_cost": 68.712, "final_distance_cost": 1.8056201212219245, "oscillation_cost": 39.75308277049055, "completition_cost": 0.0, "overshoot_cost": 50.044733792874005, "power_cost": 12.08543094482422, "noise_cost": 11.053674615279458, "n_waypoints_completed": 9, "tot_waypoints": 9}}
{"target": -1276.5480412292668, "params": {"k_pid_pos": [1.3885554450422086, 0.171039241112511, 0.11401919133455096], "k_pid_alt": [1.2679502233621702, 0.0, 0.1576465649121419], "k_pid_att": [1.7288627185812477, 7.284845820832624, 0.8739915892735461], "k_pid_yaw": [0.5, 1e-06, 0.1], "k_pid_hsp": [1.0, 0.1531003758033771, 0.01], "k_pid_vsp": [378.2079564087626, 355.21150340299164, 261.386953859232]}, "datetime": {"datetime": "2025-08-21 12:23:53", "elapsed": 13150.313532590866, "delta": 22.950225353240967}, "costs": {"total_cost": 1276.5480412292668, "time_cost": 150, "final_distance_cost": 52.407738660484334, "oscillation_cost": 274.9173022458023, "completition_cost": 666.6666666666667, "overshoot_cost": 53.079796042908775, "power_cost": 33.44963223876953, "noise_cost": 46.02690537463511, "n_waypoints_completed": 3, "tot_waypoints": 9}}
{"target": -187.9361245384759, "params": {"k_pid_pos": [1.3885554450422086, 0.024859491386256316, 0.11401919133455096], "k_pid_alt": [1.2679502233621702, 0.0, 0.1576465649121419], "k_pid_att": [58.989274729095186, 7.284845820832624, 0.34464953207076743], "k_pid_yaw": [0.5, 1e-06, 0.1], "k_pid_hsp": [1.0, 0.1531003758033771, 0.01], "k_pid_vsp": [378.2079564087626, 355.21150340299164, 1.0]}, "datetime": {"datetime": "2025-08-21 12:24:09", "elapsed": 13165.959264993668, "delta": 15.645732402801514}, "costs": {"total_cost": 187.9361245384759, "time_cost": 69.04, "final_distance_cost": 1.8220748989413778, "oscillation_cost": 40.34363713584038, "completition_cost": 0.0, "overshoot_cost": 50.057357425375834, "power_cost": 14.513979638671875, "noise_cost": 12.15907543964643, "n_waypoints_completed": 9, "tot_waypoints": 9}}
{"target": -231.56163637987478, "params": {"k_pid_pos": [1.3885554450422086, 0.024859491386256316, 0.11401919133455096], "k_pid_alt": [1.394383142748206, 0.0, 0.1576465649121419], "k_pid_att": [27.406759869572184, 3.0596356458441103, 0.17039554323513206], "k_pid_yaw": [0.5, 1e-06, 0.1], "k_pid_hsp": [1.5353014571438959, 0.01, 0.01], "k_pid_vsp": [378.2079564087626, 355.21150340299164, 307.68131284402733]}, "datetime": {"datetime": "2025-08-21 12:24:28", "elapsed": 13185.136075019836, "delta": 19.176810026168823}, "costs": {"total_cost": 231.56163637987478, "time_cost": 84.096, "final_distance_cost": 1.8087817792526804, "oscillation_cost": 52.832470400828605, "completition_cost": 0.0, "overshoot_cost": 56.37444123762581, "power_cost": 20.672107360839846, "noise_cost": 15.777835601327844, "n_waypoints_completed": 9, "tot_waypoints": 9}}
