{"target": -181.91417837400348, "params": {"k_pid_pos": [1.8922997940790476, 0.024859491386256316, 0.42495672118777295], "k_pid_alt": [1.85112020821355, 0.0, 0.1576465649121419], "k_pid_att": [58.989274729095186, 5.859554809351448, 0.9808211468183533], "k_pid_yaw": [0.5, 1e-06, 0.1], "k_pid_hsp": [1.606987810134683, 0.08333843891839088, 0.01], "k_pid_vsp": [110.56511661686339, 130.53254854158118, 1.0]}, "datetime": {"datetime": "2025-08-21 19:35:30", "elapsed": 39047.33654546738, "delta": 15.33591365814209}, "costs": {"total_cost": 181.91417837400348, "time_cost": 67.83200000000001, "final_distance_cost": 1.8093480259670087, "oscillation_cost": 42.28867539279417, "completition_cost": 0.0, "overshoot_cost": 49.97998426024182, "power_cost": 10.034482849121094, "noise_cost": 9.969687845879388, "n_waypoints_completed": 9, "tot_waypoints": 9}}
{"target": -182.58845327093707, "params": {"k_pid_pos": [1.8922997940790476, 0.024859491386256316, 0.42495672118777295], "k_pid_alt": [1.1098775236402525, 0.0, 0.3914560168416277], "k_pid_att": [10.85276784655954, 0.6665116933437144, 0.73590781336997], "k_pid_yaw": [0.5, 1e-06, 0.1], "k_pid_hsp": [1.606987810134683, 0.1531003758033771, 0.01], "k_pid_vsp": [343.8859856159743, 59.083466427248936, 1.0]}, "datetime": {"datetime": "2025-08-21 19:35:47", "elapsed": 39063.89946889877, "delta": 16.562923431396484}, "costs": {"total_cost": 182.58845327093707, "time_cost": 70.024, "final_distance_cost": 1.7791053606198712, "oscillation_cost": 40.20592615564997, "completition_cost": 0.0, "overshoot_cost": 50.36137103359769, "power_cost": 10.198851989746094, "noise_cost": 10.019198731323451, "n_waypoints_completed": 9, "tot_waypoints": 9}}
{"target": -195.24824632999506, "params": {"k_pid_pos": [1.2291269948485064, 0.024859491386256316, 0.6250867496839783], "k_pid_alt": [1.3427773022103757, 0.0, 0.1576465649121419], "k_pid_att": [70.32367692400724, 1.4953935029224072, 0.9808211468183533], "k_pid_yaw": [0.5, 1e-06, 0.1], "k_pid_hsp": [1.606987810134683, 0.6903644518542994, 0.01], "k_pid_vsp": [110.56511661686339, 130.53254854158118, 1.0]}, "datetime": {"datetime": "2025-08-21 19:36:04", "elapsed": 39080.926842689514, "delta": 17.027373790740967}, "costs": {"total_cost": 195.24824632999506, "time_cost": 70.864, "final_distance_cost": 1.8481363964899484, "oscillation_cost": 45.06227122919416, "completition_cost": 0.0, "overshoot_cost": 49.99956726348556, "power_cost": 14.515973291015627, "noise_cost": 12.958298149809774, "n_waypoints_completed": 9, "tot_waypoints": 9}}
{"target": -182.39361749009973, "params": {"k_pid_pos": [1.8922997940790476, 0.024859491386256316, 0.42495672118777295], "k_pid_alt": [1.85112020821355, 0.0, 0.1576465649121419], "k_pid_att": [58.989274729095186, 5.859554809351448, 0.9808211468183533], "k_pid_yaw": [0.5, 1e-06, 0.1], "k_pid_hsp": [1.606987810134683, 0.08333843891839088, 0.01], "k_pid_vsp": [110.56511661686339, 130.53254854158118, 1.0]}, "datetime": {"datetime": "2025-08-21 19:36:20", "elapsed": 39097.07242703438, "delta": 16.14558434486389}, "costs": {"total_cost": 182.39361749009973, "time_cost": 68.104, "final_distance_cost": 1.8009372137503419, "oscillation_cost": 40.09796648767937, "completition_cost": 0.0, "overshoot_cost": 49.98173476626242, "power_cost": 11.584978210449218, "noise_cost": 10.82400081195836, "n_waypoints_completed": 9, "tot_waypoints": 9}}
{"target": -184.56772254415387, "params": {"k_pid_pos": [1.8922997940790476, 0.024859491386256316, 0.42495672118777295], "k_pid_alt": [1.85112020821355, 0.0, 0.1576465649121419], "k_pid_att": [58.989274729095186, 5.859554809351448, 0.9808211468183533], "k_pid_yaw": [0.5, 1e-06, 0.1], "k_pid_hsp": [1.606987810134683, 0.08333843891839088, 0.01], "k_pid_vsp": [110.56511661686339, 130.53254854158118, 1.0]}, "datetime": {"datetime": "2025-08-21 19:36:37", "elapsed": 39113.984130859375, "delta": 16.91170382499695}, "costs": {"total_cost": 184.56772254415387, "time_cost": 68.512, "final_distance_cost": 1.783029422241723, "oscillation_cost": 39.93713056098662, "completition_cost": 0.0, "overshoot_cost": 50.087730795084774, "power_cost": 12.74295858154297, "noise_cost": 11.504873184297752, "n_waypoints_completed": 9, "tot_waypoints": 9}}
{"target": -187.094245061568, "params": {"k_pid_pos": [1.8922997940790476, 0.024859491386256316, 0.6250867496839783], "k_pid_alt": [1.1098775236402525, 0.0, 0.1576465649121419], "k_pid_att": [25.463483275157817, 1.4953935029224072, 0.3208883335954925], "k_pid_yaw": [0.5, 1e-06, 0.1], "k_pid_hsp": [1.606987810134683, 0.08333843891839088, 0.01], "k_pid_vsp": [110.56511661686339, 130.53254854158118, 1.0]}, "datetime": {"datetime": "2025-08-21 19:36:53", "elapsed": 39130.14860081673, "delta": 16.164469957351685}, "costs": {"total_cost": 187.094245061568, "time_cost": 69.376, "final_distance_cost": 1.8300678395841907, "oscillation_cost": 42.0891069226196, "completition_cost": 0.0, "overshoot_cost": 50.13448643635469, "power_cost": 12.336435778808594, "noise_cost": 11.328148084200865, "n_waypoints_completed": 9, "tot_waypoints": 9}}
{"target": -195.55677803422418, "params": {"k_pid_pos": [1.8922997940790476, 0.0822904257601288, 0.6250867496839783], "k_pid_alt": [1.9160597436741602, 0.0, 0.1576465649121419], "k_pid_att": [58.989274729095186, 7.108257667389705, 0.07172816110251268], "k_pid_yaw": [0.5, 1e-06, 0.1], "k_pid_hsp": [1.606987810134683, 0.08333843891839088, 0.01], "k_pid_vsp": [291.03214645110495, 130.53254854158118, 1.0]}, "datetime": {"datetime": "2025-08-21 19:37:10", "elapsed": 39146.72651195526, "delta": 16.577911138534546}, "costs": {"total_cost": 195.55677803422418, "time_cost": 68.56, "final_distance_cost": 1.8293201522371145, "oscillation_cost": 55.043088644073826, "completition_cost": 0.0, "overshoot_cost": 50.26387876106878, "power_cost": 9.851803271484375, "noise_cost": 10.008687205360074, "n_waypoints_completed": 9, "tot_waypoints": 9}}
{"target": -181.21299410024562, "params": {"k_pid_pos": [1.8922997940790476, 0.024859491386256316, 0.6250867496839783], "k_pid_alt": [1.1098775236402525, 0.0, 0.1576465649121419], "k_pid_att": [25.463483275157817, 1.1105074131954076, 0.73590781336997], "k_pid_yaw": [0.5, 1e-06, 0.1], "k_pid_hsp": [1.606987810134683, 0.08333843891839088, 0.01], "k_pid_vsp": [110.56511661686339, 130.53254854158118, 1.0]}, "datetime": {"datetime": "2025-08-21 19:37:26", "elapsed": 39163.21881484985, "delta": 16.492302894592285}, "costs": {"total_cost": 181.21299410024562, "time_cost": 69.2, "final_distance_cost": 1.8136705805762035, "oscillation_cost": 40.04303133470652, "completition_cost": 0.0, "overshoot_cost": 49.97559519605903, "power_cost": 10.071994653320314, "noise_cost": 10.108702335583558, "n_waypoints_completed": 9, "tot_waypoints": 9}}
{"target": -196.13564069132826, "params": {"k_pid_pos": [1.8922997940790476, 0.024859491386256316, 0.42495672118777295], "k_pid_alt": [1.85112020821355, 0.0, 0.1576465649121419], "k_pid_att": [58.989274729095186, 4.819059953965517, 0.9808211468183533], "k_pid_yaw": [0.5, 1e-06, 0.1], "k_pid_hsp": [1.606987810134683, 0.08333843891839088, 0.01], "k_pid_vsp": [30.277211485852273, 140.20834175906987, 1.0]}, "datetime": {"datetime": "2025-08-21 19:37:43", "elapsed": 39180.3263361454, "delta": 17.107521295547485}, "costs": {"total_cost": 196.13564069132826, "time_cost": 70.72, "final_distance_cost": 1.8041293756871337, "oscillation_cost": 41.41009045454358, "completition_cost": 0.0, "overshoot_cost": 51.690020311253406, "power_cost": 17.063277404785158, "noise_cost": 13.448123145058995, "n_waypoints_completed": 9, "tot_waypoints": 9}}
{"target": -213.42289374521678, "params": {"k_pid_pos": [1.8922997940790476, 0.024859491386256316, 0.42495672118777295], "k_pid_alt": [1.85112020821355, 0.0, 0.1576465649121419], "k_pid_att": [10.85276784655954, 4.784613430283875, 0.73590781336997], "k_pid_yaw": [0.5, 1e-06, 0.1], "k_pid_hsp": [1.606987810134683, 0.523382906365087, 0.01], "k_pid_vsp": [131.157380286128, 130.53254854158118, 1.0]}, "datetime": {"datetime": "2025-08-21 19:38:01", "elapsed": 39197.72040104866, "delta": 17.394064903259277}, "costs": {"total_cost": 213.42289374521678, "time_cost": 74.4, "final_distance_cost": 1.7898617934743632, "oscillation_cost": 51.0744629118984, "completition_cost": 0.0, "overshoot_cost": 54.233073373188425, "power_cost": 17.848041076660156, "noise_cost": 14.07745458999542, "n_waypoints_completed": 9, "tot_waypoints": 9}}
{"target": -184.54037416052947, "params": {"k_pid_pos": [1.8922997940790476, 0.024859491386256316, 0.6250867496839783], "k_pid_alt": [1.1098775236402525, 0.0, 0.7248340866032845], "k_pid_att": [25.06356558820614, 7.347914484943822, 0.73590781336997], "k_pid_yaw": [0.5, 1e-06, 0.1], "k_pid_hsp": [1.606987810134683, 0.08333843891839088, 0.01], "k_pid_vsp": [152.1284020564883, 310.3723599325286, 1.0]}, "datetime": {"datetime": "2025-08-21 19:38:18", "elapsed": 39215.42149925232, "delta": 17.701098203659058}, "costs": {"total_cost": 184.54037416052947, "time_cost": 71.664, "final_distance_cost": 1.8239549687272867, "oscillation_cost": 40.057383128054454, "completition_cost": 0.0, "overshoot_cost": 49.67791248282165, "power_cost": 10.88788623046875, "noise_cost": 10.429237350457326, "n_waypoints_completed": 9, "tot_waypoints": 9}}
{"target": -208.3118182847025, "params": {"k_pid_pos": [1.8922997940790476, 0.5335459762000035, 0.6250867496839783], "k_pid_alt": [1.9160597436741602, 0.0, 0.1576465649121419], "k_pid_att": [57.80223709971288, 1.4953935029224072, 0.73590781336997], "k_pid_yaw": [0.5, 1e-06, 0.1], "k_pid_hsp": [1.606987810134683, 0.08333843891839088, 0.01], "k_pid_vsp": [110.56511661686339, 130.53254854158118, 1.0]}, "datetime": {"datetime": "2025-08-21 19:38:36", "elapsed": 39233.23212862015, "delta": 17.81062936782837}, "costs": {"total_cost": 208.3118182847025, "time_cost": 78.34400000000001, "final_distance_cost": 1.7556790513589182, "oscillation_cost": 43.931755415910764, "completition_cost": 0.0, "overshoot_cost": 51.90945490161351, "power_cost": 17.926667126464846, "noise_cost": 14.444261789354444, "n_waypoints_completed": 9, "tot_waypoints": 9}}
{"target": -791.7848870014099, "params": {"k_pid_pos": [1.8922997940790476, 0.5910883108728138, 0.6250867496839783], "k_pid_alt": [1.1098775236402525, 0.07571630374287386, 0.1576465649121419], "k_pid_att": [25.463483275157817, 5.859554809351448, 0.73590781336997], "k_pid_yaw": [0.5, 1e-06, 0.1], "k_pid_hsp": [1.606987810134683, 0.08333843891839088, 0.01], "k_pid_vsp": [291.03214645110495, 130.53254854158118, 1.0]}, "datetime": {"datetime": "2025-08-21 19:39:01", "elapsed": 39257.57627391815, "delta": 24.34414529800415}, "costs": {"total_cost": 791.7848870014099, "time_cost": 150, "final_distance_cost": 53.458966154703134, "oscillation_cost": 41.01754283844958, "completition_cost": 444.4444444444444, "overshoot_cost": 50.43085845037853, "power_cost": 27.379692395019532, "noise_cost": 25.053382718414706, "n_waypoints_completed": 5, "tot_waypoints": 9}}
{"target": -1198.838396363633, "params": {"k_pid_pos": [1.8922997940790476, 0.024859491386256316, 0.42495672118777295], "k_pid_alt": [1.85112020821355, 0.0, 0.1576465649121419], "k_pid_att": [58.989274729095186, 5.859554809351448, 0.73590781336997], "k_pid_yaw": [0.5, 1e-06, 0.1], "k_pid_hsp": [1.606987810134683, 0.08333843891839088, 0.01], "k_pid_vsp": [291.03214645110495, 130.53254854158118, 274.54929475110737]}, "datetime": {"datetime": "2025-08-21 19:39:25", "elapsed": 39281.49365925789, "delta": 23.91738533973694}, "costs": {"total_cost": 1198.838396363633, "time_cost": 150, "final_distance_cost": 64.84436337396374, "oscillation_cost": 28.627064180695584, "completition_cost": 888.8888888888888, "overshoot_cost": 26.555629961618042, "power_cost": 23.03268328857422, "noise_cost": 16.88976666989265, "n_waypoints_completed": 1, "tot_waypoints": 9}}
{"target": -188.01359513698256, "params": {"k_pid_pos": [1.8922997940790476, 0.0822904257601288, 0.6250867496839783], "k_pid_alt": [1.7485197016556397, 0.0, 0.1576465649121419], "k_pid_att": [58.989274729095186, 4.819059953965517, 0.6502564009774173], "k_pid_yaw": [0.5, 1e-06, 0.1], "k_pid_hsp": [1.606987810134683, 0.08333843891839088, 0.01], "k_pid_vsp": [110.56511661686339, 291.9899918266388, 1.0]}, "datetime": {"datetime": "2025-08-21 19:39:41", "elapsed": 39297.69151329994, "delta": 16.197854042053223}, "costs": {"total_cost": 188.01359513698256, "time_cost": 68.736, "final_distance_cost": 1.805319940014461, "oscillation_cost": 40.237843781788925, "completition_cost": 0.0, "overshoot_cost": 49.8920209618093, "power_cost": 14.756626074218751, "noise_cost": 12.585784379151104, "n_waypoints_completed": 9, "tot_waypoints": 9}}
{"target": -220.33435889243307, "params": {"k_pid_pos": [1.8922997940790476, 0.024859491386256316, 0.42495672118777295], "k_pid_alt": [1.85112020821355, 0.0, 0.7458075116847572], "k_pid_att": [9.14477148846079, 5.859554809351448, 0.9808211468183533], "k_pid_yaw": [0.5, 1e-06, 0.1], "k_pid_hsp": [1.606987810134683, 0.918910454481374, 0.01], "k_pid_vsp": [110.56511661686339, 130.53254854158118, 1.0]}, "datetime": {"datetime": "2025-08-21 19:39:59", "elapsed": 39315.65667438507, "delta": 17.965161085128784}, "costs": {"total_cost": 220.33435889243307, "time_cost": 72.592, "final_distance_cost": 1.799198646628401, "oscillation_cost": 62.578171459111225, "completition_cost": 0.0, "overshoot_cost": 52.237063232034636, "power_cost": 17.41137760009766, "noise_cost": 13.716547954561152, "n_waypoints_completed": 9, "tot_waypoints": 9}}
{"target": -180.4158731679529, "params": {"k_pid_pos": [1.8922997940790476, 0.024859491386256316, 0.42495672118777295], "k_pid_alt": [1.85112020821355, 0.0, 0.1576465649121419], "k_pid_att": [58.989274729095186, 5.859554809351448, 0.9808211468183533], "k_pid_yaw": [0.5, 1e-06, 0.1], "k_pid_hsp": [1.606987810134683, 0.08333843891839088, 0.01], "k_pid_vsp": [86.62925229669689, 130.53254854158118, 1.0]}, "datetime": {"datetime": "2025-08-21 19:40:15", "elapsed": 39331.61632156372, "delta": 15.959647178649902}, "costs": {"total_cost": 180.4158731679529, "time_cost": 67.752, "final_distance_cost": 1.8066815292103244, "oscillation_cost": 40.026600168783915, "completition_cost": 0.0, "overshoot_cost": 50.03933743329282, "power_cost": 10.453489038085937, "noise_cost": 10.337764998579901, "n_waypoints_completed": 9, "tot_waypoints": 9}}
{"target": -207.08240015983768, "params": {"k_pid_pos": [1.8922997940790476, 0.024859491386256316, 0.42495672118777295], "k_pid_alt": [1.1098775236402525, 0.0, 0.3053062226959652], "k_pid_att": [91.00202412209904, 1.4953935029224072, 0.0025181163521733607], "k_pid_yaw": [0.5, 1e-06, 0.1], "k_pid_hsp": [1.606987810134683, 0.6903644518542994, 0.01], "k_pid_vsp": [110.56511661686339, 311.7529422610338, 1.0]}, "datetime": {"datetime": "2025-08-21 19:40:30", "elapsed": 39347.36761379242, "delta": 15.75129222869873}, "costs": {"total_cost": 207.08240015983768, "time_cost": 69.83200000000001, "final_distance_cost": 1.7900423032258372, "oscillation_cost": 59.47775839889156, "completition_cost": 0.0, "overshoot_cost": 49.33813235052035, "power_cost": 14.478239135742188, "noise_cost": 12.166227971457758, "n_waypoints_completed": 9, "tot_waypoints": 9}}
{"target": -180.63444007192933, "params": {"k_pid_pos": [1.8922997940790476, 0.024859491386256316, 0.42495672118777295], "k_pid_alt": [1.85112020821355, 0.0, 0.1576465649121419], "k_pid_att": [23.08752834258585, 4.077532668255645, 0.9808211468183533], "k_pid_yaw": [0.5, 1e-06, 0.1], "k_pid_hsp": [1.606987810134683, 0.08333843891839088, 0.01], "k_pid_vsp": [110.56511661686339, 130.53254854158118, 1.0]}, "datetime": {"datetime": "2025-08-21 19:40:48", "elapsed": 39364.838178396225, "delta": 17.470564603805542}, "costs": {"total_cost": 180.63444007192933, "time_cost": 67.616, "final_distance_cost": 1.798018715741115, "oscillation_cost": 40.950354779711944, "completition_cost": 0.0, "overshoot_cost": 50.01307114956628, "power_cost": 10.252732043457032, "noise_cost": 10.004263383452988, "n_waypoints_completed": 9, "tot_waypoints": 9}}
{"target": -201.21697882110507, "params": {"k_pid_pos": [1.8922997940790476, 0.024859491386256316, 0.5271164669865139], "k_pid_alt": [1.85112020821355, 0.0, 0.5933646034205271], "k_pid_att": [58.989274729095186, 5.859554809351448, 0.9808211468183533], "k_pid_yaw": [0.5, 1e-06, 0.1], "k_pid_hsp": [2.957956300852597, 0.08333843891839088, 0.01], "k_pid_vsp": [110.56511661686339, 130.53254854158118, 1.0]}, "datetime": {"datetime": "2025-08-21 19:41:05", "elapsed": 39382.08012008667, "delta": 17.241941690444946}, "costs": {"total_cost": 201.21697882110507, "time_cost": 72.128, "final_distance_cost": 1.8148562054901993, "oscillation_cost": 43.773948937052175, "completition_cost": 0.0, "overshoot_cost": 52.140936333983575, "power_cost": 17.44400710449219, "noise_cost": 13.915230240086954, "n_waypoints_completed": 9, "tot_waypoints": 9}}
{"target": -187.61376621897764, "params": {"k_pid_pos": [1.1837130645794225, 0.0822904257601288, 0.6250867496839783], "k_pid_alt": [1.688733796848813, 0.0, 0.5780287087253008], "k_pid_att": [58.989274729095186, 2.8711836120640575, 0.9808211468183533], "k_pid_yaw": [0.5, 1e-06, 0.1], "k_pid_hsp": [1.606987810134683, 0.2831454347861464, 0.01], "k_pid_vsp": [110.56511661686339, 130.53254854158118, 1.0]}, "datetime": {"datetime": "2025-08-21 19:41:21", "elapsed": 39398.15969133377, "delta": 16.07957124710083}, "costs": {"total_cost": 187.61376621897764, "time_cost": 72.08800000000001, "final_distance_cost": 1.8445280780391977, "oscillation_cost": 42.52946469244679, "completition_cost": 0.0, "overshoot_cost": 49.16413527832453, "power_cost": 10.99004599609375, "noise_cost": 10.99759217407335, "n_waypoints_completed": 9, "tot_waypoints": 9}}
{"target": -1713.512927128382, "params": {"k_pid_pos": [1.8922997940790476, 0.024859491386256316, 0.6250867496839783], "k_pid_alt": [1.1098775236402525, 0.0, 0.1576465649121419], "k_pid_att": [25.463483275157817, 1.4953935029224072, 0.73590781336997], "k_pid_yaw": [0.5, 1e-06, 0.1], "k_pid_hsp": [1.606987810134683, 0.08333843891839088, 0.01], "k_pid_vsp": [110.56511661686339, 130.53254854158118, 283.7614298093312]}, "datetime": {"datetime": "2025-08-21 19:41:46", "elapsed": 39423.14410710335, "delta": 24.984415769577026}, "costs": {"total_cost": 1713.512927128382, "time_cost": 150, "final_distance_cost": 282.6005888339815, "oscillation_cost": 29.62070480192644, "completition_cost": 888.8888888888888, "overshoot_cost": 330.3492940794733, "power_cost": 18.512819763183593, "noise_cost": 13.54063076092832, "n_waypoints_completed": 1, "tot_waypoints": 9}}
{"target": -220.29087823186694, "params": {"k_pid_pos": [1.8922997940790476, 0.0822904257601288, 0.6250867496839783], "k_pid_alt": [1.9160597436741602, 0.0, 0.1576465649121419], "k_pid_att": [58.989274729095186, 5.859554809351448, 0.73590781336997], "k_pid_yaw": [0.5, 1e-06, 0.1], "k_pid_hsp": [1.606987810134683, 0.08333843891839088, 0.01], "k_pid_vsp": [291.03214645110495, 130.53254854158118, 1.0]}, "datetime": {"datetime": "2025-08-21 19:42:04", "elapsed": 39441.217500925064, "delta": 18.07339382171631}, "costs": {"total_cost": 220.29087823186694, "time_cost": 79.88, "final_distance_cost": 1.8314983374437566, "oscillation_cost": 42.328348151910276, "completition_cost": 0.0, "overshoot_cost": 59.11105199410326, "power_cost": 21.198169348144532, "noise_cost": 15.94181040026512, "n_waypoints_completed": 9, "tot_waypoints": 9}}
{"target": -182.49490267157847, "params": {"k_pid_pos": [1.8922997940790476, 0.0822904257601288, 0.6250867496839783], "k_pid_alt": [1.9160597436741602, 0.0, 0.1576465649121419], "k_pid_att": [58.989274729095186, 9.874008014726847, 0.73590781336997], "k_pid_yaw": [0.5, 1e-06, 0.1], "k_pid_hsp": [1.606987810134683, 0.08333843891839088, 0.01], "k_pid_vsp": [110.56511661686339, 130.53254854158118, 1.0]}, "datetime": {"datetime": "2025-08-21 19:42:21", "elapsed": 39458.375005722046, "delta": 17.15750479698181}, "costs": {"total_cost": 182.49490267157847, "time_cost": 68.328, "final_distance_cost": 1.8231729537841703, "oscillation_cost": 39.74544972429961, "completition_cost": 0.0, "overshoot_cost": 49.577193765639734, "power_cost": 11.914092919921876, "noise_cost": 11.106993307933077, "n_waypoints_completed": 9, "tot_waypoints": 9}}
{"target": -182.61540566396013, "params": {"k_pid_pos": [1.8922997940790476, 0.024859491386256316, 0.6250867496839783], "k_pid_alt": [1.1098775236402525, 0.0, 0.1576465649121419], "k_pid_att": [25.463483275157817, 5.859554809351448, 0.9808211468183533], "k_pid_yaw": [0.5, 1e-06, 0.1], "k_pid_hsp": [1.606987810134683, 0.2831454347861464, 0.01], "k_pid_vsp": [110.56511661686339, 130.53254854158118, 1.0]}, "datetime": {"datetime": "2025-08-21 19:42:37", "elapsed": 39474.455625772476, "delta": 16.080620050430298}, "costs": {"total_cost": 182.61540566396013, "time_cost": 69.008, "final_distance_cost": 1.8225194635322421, "oscillation_cost": 40.67407453616654, "completition_cost": 0.0, "overshoot_cost": 49.49158850926027, "power_cost": 11.062024157714845, "noise_cost": 10.557198997286207, "n_waypoints_completed": 9, "tot_waypoints": 9}}
{"target": -210.77821864588606, "params": {"k_pid_pos": [1.8922997940790476, 0.024859491386256316, 0.42495672118777295], "k_pid_alt": [1.85112020821355, 0.4149186621504757, 0.1576465649121419], "k_pid_att": [58.989274729095186, 5.859554809351448, 0.9808211468183533], "k_pid_yaw": [0.5, 1e-06, 0.1], "k_pid_hsp": [1.606987810134683, 0.08333843891839088, 0.01], "k_pid_vsp": [205.46647479918613, 130.53254854158118, 1.0]}, "datetime": {"datetime": "2025-08-21 19:42:57", "elapsed": 39494.01343488693, "delta": 19.557809114456177}, "costs": {"total_cost": 210.77821864588606, "time_cost": 79.824, "final_distance_cost": 1.7703682549326571, "oscillation_cost": 48.94587117590025, "completition_cost": 0.0, "overshoot_cost": 52.79171581194957, "power_cost": 14.705630810546875, "noise_cost": 12.740632592556707, "n_waypoints_completed": 9, "tot_waypoints": 9}}
