{"target": -685.6661050239978, "params": {"k_pid_pos": [1.3885554450422086, 0.024859491386256316, 0.6521786052913653], "k_pid_alt": [1.2679502233621702, 0.0, 0.8432543631122329], "k_pid_att": [24.0942673894178, 7.284845820832624, 0.8739915892735461], "k_pid_yaw": [0.5, 1e-06, 0.1], "k_pid_hsp": [5.128277129725155, 0.1531003758033771, 0.01], "k_pid_vsp": [378.2079564087626, 355.21150340299164, 297.58217656473335]}, "datetime": {"datetime": "2025-08-21 12:01:21", "elapsed": 11798.046065330505, "delta": 25.364033937454224}, "costs": {"total_cost": 685.6661050239978, "time_cost": 150, "final_distance_cost": 71.00175961224528, "oscillation_cost": 56.37678163708291, "completition_cost": 333.33333333333337, "overshoot_cost": 47.72382563583198, "power_cost": 15.17045819091797, "noise_cost": 12.059946614586341, "n_waypoints_completed": 6, "tot_waypoints": 9}}
{"target": -195.78571607913497, "params": {"k_pid_pos": [1.3078103269235994, 0.024859491386256316, 0.11401919133455096], "k_pid_alt": [1.2679502233621702, 0.0, 0.8361997509577753], "k_pid_att": [17.813414374173632, 0.0032441649989051976, 0.8257697299075593], "k_pid_yaw": [0.5, 1e-06, 0.1], "k_pid_hsp": [1.5353014571438959, 0.01, 0.01], "k_pid_vsp": [277.2708477836043, 317.0669739011019, 131.29633191148946]}, "datetime": {"datetime": "2025-08-21 12:01:40", "elapsed": 11816.896970510483, "delta": 18.850905179977417}, "costs": {"total_cost": 195.78571607913497, "time_cost": 72.632, "final_distance_cost": 1.7883584577540628, "oscillation_cost": 40.55555064616508, "completition_cost": 0.0, "overshoot_cost": 51.821154524578525, "power_cost": 16.455884594726562, "noise_cost": 12.532767855910732, "n_waypoints_completed": 9, "tot_waypoints": 9}}
{"target": -211.10463383905105, "params": {"k_pid_pos": [1.3078103269235994, 0.024859491386256316, 0.11401919133455096], "k_pid_alt": [1.2679502233621702, 0.2529878781088879, 0.1576465649121419], "k_pid_att": [39.909449977216326, 7.284845820832624, 0.8739915892735461], "k_pid_yaw": [0.5, 1e-06, 0.1], "k_pid_hsp": [3.226465079465205, 0.01, 0.01], "k_pid_vsp": [150.0, 221.6078012742647, 1.0]}, "datetime": {"datetime": "2025-08-21 12:02:01", "elapsed": 11837.769436120987, "delta": 20.87246561050415}, "costs": {"total_cost": 211.10463383905105, "time_cost": 81.44, "final_distance_cost": 1.7683631338099002, "oscillation_cost": 46.77167190771399, "completition_cost": 0.0, "overshoot_cost": 51.62551595755294, "power_cost": 15.969421301269533, "noise_cost": 13.529661538704687, "n_waypoints_completed": 9, "tot_waypoints": 9}}
{"target": -213.54416797122929, "params": {"k_pid_pos": [1.4999912498542303, 0.024859491386256316, 0.11401919133455096], "k_pid_alt": [1.2679502233621702, 0.0, 0.06527723447865985], "k_pid_att": [58.989274729095186, 0.0889010446451618, 0.8739915892735461], "k_pid_yaw": [0.5, 1e-06, 0.1], "k_pid_hsp": [1.0, 0.01, 0.01], "k_pid_vsp": [179.49655965827282, 84.00193632023473, 1.0]}, "datetime": {"datetime": "2025-08-21 12:02:20", "elapsed": 11856.700631380081, "delta": 18.93119525909424}, "costs": {"total_cost": 213.54416797122929, "time_cost": 76.736, "final_distance_cost": 1.768214316752814, "oscillation_cost": 40.61811724006492, "completition_cost": 0.0, "overshoot_cost": 56.39199383311617, "power_cost": 20.19204372558594, "noise_cost": 17.837798855709455, "n_waypoints_completed": 9, "tot_waypoints": 9}}
{"target": -251.6322737130128, "params": {"k_pid_pos": [1.1496839804071068, 0.050748570824986294, 0.8560330222059385], "k_pid_alt": [0.6270192127693479, 0.0, 0.1576465649121419], "k_pid_att": [58.989274729095186, 7.284845820832624, 0.3495979120577055], "k_pid_yaw": [0.5, 1e-06, 0.1], "k_pid_hsp": [1.0, 0.1531003758033771, 0.01], "k_pid_vsp": [378.2079564087626, 355.21150340299164, 162.0962713214115]}, "datetime": {"datetime": "2025-08-21 12:02:43", "elapsed": 11879.996649503708, "delta": 23.29601812362671}, "costs": {"total_cost": 251.6322737130128, "time_cost": 99.28, "final_distance_cost": 1.8462561606573198, "oscillation_cost": 57.45928320851308, "completition_cost": 0.0, "overshoot_cost": 53.70751346730091, "power_cost": 22.39733231201172, "noise_cost": 16.941888564529805, "n_waypoints_completed": 9, "tot_waypoints": 9}}
{"target": -387.62048370167804, "params": {"k_pid_pos": [1.3078103269235994, 0.024859491386256316, 0.15990719972617584], "k_pid_alt": [1.2679502233621702, 0.0, 0.06527723447865985], "k_pid_att": [58.989274729095186, 7.880595818058369, 0.3952346537588943], "k_pid_yaw": [0.5, 1e-06, 0.1], "k_pid_hsp": [1.5353014571438959, 0.01, 0.465397660104255], "k_pid_vsp": [150.0, 221.6078012742647, 1.0]}, "datetime": {"datetime": "2025-08-21 12:03:04", "elapsed": 11901.193201065063, "delta": 21.19655156135559}, "costs": {"total_cost": 387.62048370167804, "time_cost": 84.336, "final_distance_cost": 1.7924014988313228, "oscillation_cost": 223.07791999116566, "completition_cost": 0.0, "overshoot_cost": 52.02005554535634, "power_cost": 13.822318884277344, "noise_cost": 12.57178778204737, "n_waypoints_completed": 9, "tot_waypoints": 9}}
{"target": -233.9978706999466, "params": {"k_pid_pos": [1.3078103269235994, 0.024859491386256316, 0.11401919133455096], "k_pid_alt": [1.2679502233621702, 0.0, 0.06527723447865985], "k_pid_att": [74.0360908705424, 0.0889010446451618, 0.8739915892735461], "k_pid_yaw": [0.5, 1e-06, 0.1], "k_pid_hsp": [3.226465079465205, 0.01, 0.01], "k_pid_vsp": [277.2708477836043, 20.55210058569056, 131.29633191148946]}, "datetime": {"datetime": "2025-08-21 12:03:27", "elapsed": 11924.21593618393, "delta": 23.022735118865967}, "costs": {"total_cost": 233.9978706999466, "time_cost": 90.104, "final_distance_cost": 1.8376978905982628, "oscillation_cost": 56.240267322249345, "completition_cost": 0.0, "overshoot_cost": 61.49483467108303, "power_cost": 13.48828017578125, "noise_cost": 10.832790640234702, "n_waypoints_completed": 9, "tot_waypoints": 9}}
{"target": -231.24000546833815, "params": {"k_pid_pos": [1.3078103269235994, 0.37843933188781775, 0.11401919133455096], "k_pid_alt": [1.2679502233621702, 0.0, 0.1576465649121419], "k_pid_att": [39.909449977216326, 7.284845820832624, 0.8739915892735461], "k_pid_yaw": [0.5, 1e-06, 0.1], "k_pid_hsp": [0.04235883945842596, 0.01, 0.01], "k_pid_vsp": [179.49655965827282, 84.00193632023473, 1.0]}, "datetime": {"datetime": "2025-08-21 12:03:50", "elapsed": 11946.895415782928, "delta": 22.679479598999023}, "costs": {"total_cost": 231.24000546833815, "time_cost": 95.34400000000001, "final_distance_cost": 1.7146946013375055, "oscillation_cost": 41.32704249475966, "completition_cost": 0.0, "overshoot_cost": 59.606822599237134, "power_cost": 17.427585522460937, "noise_cost": 15.819860250542927, "n_waypoints_completed": 9, "tot_waypoints": 9}}
{"target": -184.8318721424101, "params": {"k_pid_pos": [1.3885554450422086, 0.024859491386256316, 0.11401919133455096], "k_pid_alt": [1.2679502233621702, 0.0, 0.512921577555336], "k_pid_att": [58.989274729095186, 2.79325987156934, 0.8739915892735461], "k_pid_yaw": [0.5, 1e-06, 0.1], "k_pid_hsp": [1.0, 0.1531003758033771, 0.01], "k_pid_vsp": [378.2079564087626, 355.21150340299164, 1.0]}, "datetime": {"datetime": "2025-08-21 12:04:06", "elapsed": 11963.194997549057, "delta": 16.29958176612854}, "costs": {"total_cost": 184.8318721424101, "time_cost": 69.744, "final_distance_cost": 1.7961755810752045, "oscillation_cost": 39.32655789922226, "completition_cost": 0.0, "overshoot_cost": 49.73127270758469, "power_cost": 12.847050988769531, "noise_cost": 11.38681496575846, "n_waypoints_completed": 9, "tot_waypoints": 9}}
{"target": -187.19876892514233, "params": {"k_pid_pos": [1.3885554450422086, 0.024859491386256316, 0.11401919133455096], "k_pid_alt": [1.394383142748206, 0.0, 0.1576465649121419], "k_pid_att": [27.406759869572184, 3.0596356458441103, 0.9274604585040267], "k_pid_yaw": [0.5, 1e-06, 0.1], "k_pid_hsp": [1.5353014571438959, 0.01, 0.01], "k_pid_vsp": [153.0622015256548, 355.21150340299164, 119.24761092908695]}, "datetime": {"datetime": "2025-08-21 12:04:22", "elapsed": 11979.271357536316, "delta": 16.07635998725891}, "costs": {"total_cost": 187.19876892514233, "time_cost": 68.504, "final_distance_cost": 1.842456948542254, "oscillation_cost": 42.90760996097646, "completition_cost": 0.0, "overshoot_cost": 50.15351454091566, "power_cost": 13.146414965820313, "noise_cost": 10.64477250888766, "n_waypoints_completed": 9, "tot_waypoints": 9}}
{"target": -213.19380547787844, "params": {"k_pid_pos": [1.3078103269235994, 0.6294995922020511, 0.11401919133455096], "k_pid_alt": [1.2679502233621702, 0.0, 0.06527723447865985], "k_pid_att": [58.989274729095186, 0.1829435822487251, 0.3952346537588943], "k_pid_yaw": [0.5, 1e-06, 0.1], "k_pid_hsp": [1.5353014571438959, 0.01, 0.01], "k_pid_vsp": [150.0, 221.6078012742647, 1.0]}, "datetime": {"datetime": "2025-08-21 12:04:42", "elapsed": 11998.796713113785, "delta": 19.525355577468872}, "costs": {"total_cost": 213.19380547787844, "time_cost": 83.264, "final_distance_cost": 1.7010688920902297, "oscillation_cost": 48.41402721146742, "completition_cost": 0.0, "overshoot_cost": 52.0596276635542, "power_cost": 14.66632703857422, "noise_cost": 13.088754672192342, "n_waypoints_completed": 9, "tot_waypoints": 9}}
{"target": -204.32595702663593, "params": {"k_pid_pos": [1.3078103269235994, 0.024859491386256316, 0.11401919133455096], "k_pid_alt": [1.2679502233621702, 0.0, 0.1576465649121419], "k_pid_att": [39.909449977216326, 7.284845820832624, 0.8739915892735461], "k_pid_yaw": [0.5, 1e-06, 0.1], "k_pid_hsp": [3.226465079465205, 0.01, 0.01], "k_pid_vsp": [277.2708477836043, 351.388862279923, 131.29633191148946]}, "datetime": {"datetime": "2025-08-21 12:04:59", "elapsed": 12015.692949533463, "delta": 16.896236419677734}, "costs": {"total_cost": 204.32595702663593, "time_cost": 71.512, "final_distance_cost": 1.8351494162840265, "oscillation_cost": 45.885987284593696, "completition_cost": 0.0, "overshoot_cost": 51.3628465425013, "power_cost": 19.160454553222657, "noise_cost": 14.569519230034272, "n_waypoints_completed": 9, "tot_waypoints": 9}}
{"target": -219.01553632381155, "params": {"k_pid_pos": [1.3885554450422086, 0.024859491386256316, 0.11401919133455096], "k_pid_alt": [1.2679502233621702, 0.0, 0.06527723447865985], "k_pid_att": [58.989274729095186, 0.1829435822487251, 0.3952346537588943], "k_pid_yaw": [0.5, 1e-06, 0.1], "k_pid_hsp": [1.5353014571438959, 0.01, 0.01], "k_pid_vsp": [150.0, 221.6078012742647, 1.0]}, "datetime": {"datetime": "2025-08-21 12:05:17", "elapsed": 12033.902032852173, "delta": 18.209083318710327}, "costs": {"total_cost": 219.01553632381155, "time_cost": 79.456, "final_distance_cost": 1.7669901697221968, "oscillation_cost": 40.82573806364605, "completition_cost": 0.0, "overshoot_cost": 59.83312894105994, "power_cost": 20.49891335449219, "noise_cost": 16.63476579489117, "n_waypoints_completed": 9, "tot_waypoints": 9}}
{"target": -210.84027543512198, "params": {"k_pid_pos": [1.3078103269235994, 0.5313431052703059, 0.8026458379953977], "k_pid_alt": [1.2679502233621702, 0.0, 0.016491258977649914], "k_pid_att": [24.0942673894178, 7.284845820832624, 0.8739915892735461], "k_pid_yaw": [0.5, 1e-06, 0.1], "k_pid_hsp": [5.128277129725155, 0.1531003758033771, 0.01], "k_pid_vsp": [378.2079564087626, 355.21150340299164, 1.0]}, "datetime": {"datetime": "2025-08-21 12:05:35", "elapsed": 12051.964139223099, "delta": 18.062106370925903}, "costs": {"total_cost": 210.84027543512198, "time_cost": 77.76, "final_distance_cost": 1.796555413016456, "oscillation_cost": 44.26465587526709, "completition_cost": 0.0, "overshoot_cost": 51.49954570800308, "power_cost": 19.465607653808593, "noise_cost": 16.053910785026776, "n_waypoints_completed": 9, "tot_waypoints": 9}}
{"target": -213.4426647087707, "params": {"k_pid_pos": [1.3078103269235994, 0.024859491386256316, 0.11401919133455096], "k_pid_alt": [0.547453248924693, 0.0, 0.06527723447865985], "k_pid_att": [58.989274729095186, 0.1829435822487251, 0.3952346537588943], "k_pid_yaw": [0.5, 1e-06, 0.1], "k_pid_hsp": [1.5353014571438959, 0.01, 0.01], "k_pid_vsp": [7.747626412356867, 145.94729102544082, 1.0]}, "datetime": {"datetime": "2025-08-21 12:05:53", "elapsed": 12070.035691261292, "delta": 18.07155203819275}, "costs": {"total_cost": 213.4426647087707, "time_cost": 80.424, "final_distance_cost": 1.855002820992898, "oscillation_cost": 57.169963488616446, "completition_cost": 0.0, "overshoot_cost": 49.86958838040703, "power_cost": 13.066490197753907, "noise_cost": 11.057619821000435, "n_waypoints_completed": 9, "tot_waypoints": 9}}
{"target": -185.97850045215137, "params": {"k_pid_pos": [1.3078103269235994, 0.024859491386256316, 0.11401919133455096], "k_pid_alt": [1.2679502233621702, 0.0, 0.06527723447865985], "k_pid_att": [24.0942673894178, 7.284845820832624, 0.8739915892735461], "k_pid_yaw": [0.5, 1e-06, 0.1], "k_pid_hsp": [5.128277129725155, 0.1531003758033771, 0.01], "k_pid_vsp": [378.2079564087626, 355.21150340299164, 1.0]}, "datetime": {"datetime": "2025-08-21 12:06:09", "elapsed": 12085.552863359451, "delta": 15.51717209815979}, "costs": {"total_cost": 185.97850045215137, "time_cost": 68.304, "final_distance_cost": 1.8299244756703745, "oscillation_cost": 48.506706833535404, "completition_cost": 0.0, "overshoot_cost": 49.3469065000057, "power_cost": 8.726965197753907, "noise_cost": 9.263997445185959, "n_waypoints_completed": 9, "tot_waypoints": 9}}
{"target": -191.2962782375667, "params": {"k_pid_pos": [1.3885554450422086, 0.10799311464906103, 0.11401919133455096], "k_pid_alt": [1.2679502233621702, 0.0, 0.1576465649121419], "k_pid_att": [58.989274729095186, 7.284845820832624, 0.8739915892735461], "k_pid_yaw": [0.5, 1e-06, 0.1], "k_pid_hsp": [5.128277129725155, 0.1531003758033771, 0.01], "k_pid_vsp": [378.2079564087626, 236.48000513664874, 1.0]}, "datetime": {"datetime": "2025-08-21 12:06:25", "elapsed": 12101.53602194786, "delta": 15.983158588409424}, "costs": {"total_cost": 191.2962782375667, "time_cost": 69.632, "final_distance_cost": 1.780852920067178, "oscillation_cost": 43.2480765000959, "completition_cost": 0.0, "overshoot_cost": 50.113232148661616, "power_cost": 14.187639941406252, "noise_cost": 12.334476727335758, "n_waypoints_completed": 9, "tot_waypoints": 9}}
{"target": -612.4986559921725, "params": {"k_pid_pos": [1.3885554450422086, 0.5313431052703059, 0.8026458379953977], "k_pid_alt": [1.2679502233621702, 0.0, 0.016491258977649914], "k_pid_att": [24.0942673894178, 7.284845820832624, 0.8739915892735461], "k_pid_yaw": [0.5, 1e-06, 0.1], "k_pid_hsp": [1.0, 0.5109994145616105, 0.5737506849528418], "k_pid_vsp": [378.2079564087626, 326.3442374308485, 1.0]}, "datetime": {"datetime": "2025-08-21 12:06:47", "elapsed": 12124.363458871841, "delta": 22.827436923980713}, "costs": {"total_cost": 612.4986559921725, "time_cost": 150, "final_distance_cost": 26.5576170396416, "oscillation_cost": 224.58210832173287, "completition_cost": 111.11111111111116, "overshoot_cost": 63.31028323610085, "power_cost": 20.62834775390625, "noise_cost": 16.30918852967975, "n_waypoints_completed": 8, "tot_waypoints": 9}}
{"target": -222.05917917946007, "params": {"k_pid_pos": [1.3885554450422086, 0.024859491386256316, 0.11401919133455096], "k_pid_alt": [1.2679502233621702, 0.9860503566836593, 0.1576465649121419], "k_pid_att": [58.989274729095186, 7.284845820832624, 0.8739915892735461], "k_pid_yaw": [0.5, 1e-06, 0.1], "k_pid_hsp": [1.0, 0.1531003758033771, 0.01], "k_pid_vsp": [378.2079564087626, 355.21150340299164, 1.0]}, "datetime": {"datetime": "2025-08-21 12:07:06", "elapsed": 12143.37087059021, "delta": 19.00741171836853}, "costs": {"total_cost": 222.05917917946007, "time_cost": 85.048, "final_distance_cost": 1.7884932601877876, "oscillation_cost": 55.61696117709135, "completition_cost": 0.0, "overshoot_cost": 54.44716134157645, "power_cost": 13.114916772460939, "noise_cost": 12.043646628143565, "n_waypoints_completed": 9, "tot_waypoints": 9}}
{"target": -181.74948879500096, "params": {"k_pid_pos": [1.3078103269235994, 0.024859491386256316, 0.11401919133455096], "k_pid_alt": [1.2679502233621702, 0.0, 0.06527723447865985], "k_pid_att": [24.0942673894178, 7.284845820832624, 0.8739915892735461], "k_pid_yaw": [0.5, 1e-06, 0.1], "k_pid_hsp": [1.0, 0.1531003758033771, 0.01], "k_pid_vsp": [378.2079564087626, 355.21150340299164, 1.0]}, "datetime": {"datetime": "2025-08-21 12:07:22", "elapsed": 12159.116536617279, "delta": 15.745666027069092}, "costs": {"total_cost": 181.74948879500096, "time_cost": 68.376, "final_distance_cost": 1.8063528919790677, "oscillation_cost": 38.57941814630991, "completition_cost": 0.0, "overshoot_cost": 49.63406452942403, "power_cost": 12.286002246093751, "noise_cost": 11.0676509811942, "n_waypoints_completed": 9, "tot_waypoints": 9}}
{"target": -178.00885384828644, "params": {"k_pid_pos": [1.3885554450422086, 0.024859491386256316, 0.11401919133455096], "k_pid_alt": [1.2679502233621702, 0.0, 0.1576465649121419], "k_pid_att": [58.989274729095186, 7.284845820832624, 0.8739915892735461], "k_pid_yaw": [0.5, 1e-06, 0.1], "k_pid_hsp": [1.0, 0.1531003758033771, 0.01], "k_pid_vsp": [378.2079564087626, 355.21150340299164, 1.0]}, "datetime": {"datetime": "2025-08-21 12:07:38", "elapsed": 12174.591367006302, "delta": 15.474830389022827}, "costs": {"total_cost": 178.00885384828644, "time_cost": 68.368, "final_distance_cost": 1.8035404360924367, "oscillation_cost": 44.550447141830546, "completition_cost": 0.0, "overshoot_cost": 49.47047049811753, "power_cost": 6.252609521484375, "noise_cost": 7.563786250761538, "n_waypoints_completed": 9, "tot_waypoints": 9}}
{"target": -196.59664742984648, "params": {"k_pid_pos": [1.3078103269235994, 0.024859491386256316, 0.11401919133455096], "k_pid_alt": [1.2679502233621702, 0.0, 0.06527723447865985], "k_pid_att": [24.0942673894178, 7.284845820832624, 0.8739915892735461], "k_pid_yaw": [0.5, 1e-06, 0.1], "k_pid_hsp": [3.3560449345655647, 0.1531003758033771, 0.01], "k_pid_vsp": [378.2079564087626, 355.21150340299164, 37.23086544794797]}, "datetime": {"datetime": "2025-08-21 12:07:53", "elapsed": 12190.267686128616, "delta": 15.676319122314453}, "costs": {"total_cost": 196.59664742984648, "time_cost": 67.96000000000001, "final_distance_cost": 1.8276890344539785, "oscillation_cost": 49.13515129032682, "completition_cost": 0.0, "overshoot_cost": 49.39799238413661, "power_cost": 16.041014880371094, "noise_cost": 12.234799840557958, "n_waypoints_completed": 9, "tot_waypoints": 9}}
{"target": -334.0930354222477, "params": {"k_pid_pos": [0.7267918313051335, 0.024859491386256316, 0.11401919133455096], "k_pid_alt": [1.2679502233621702, 0.0, 0.06527723447865985], "k_pid_att": [62.535814043466985, 7.284845820832624, 0.8739915892735461], "k_pid_yaw": [0.5, 1e-06, 0.1], "k_pid_hsp": [3.3560449345655647, 0.1531003758033771, 0.6323117893213593], "k_pid_vsp": [378.2079564087626, 355.21150340299164, 37.23086544794797]}, "datetime": {"datetime": "2025-08-21 12:08:11", "elapsed": 12207.88829922676, "delta": 17.62061309814453}, "costs": {"total_cost": 334.0930354222477, "time_cost": 76.264, "final_distance_cost": 1.8232776676054057, "oscillation_cost": 175.9449490045163, "completition_cost": 0.0, "overshoot_cost": 50.05425753647444, "power_cost": 16.609962805175783, "noise_cost": 13.396588408475733, "n_waypoints_completed": 9, "tot_waypoints": 9}}
{"target": -219.13430138066585, "params": {"k_pid_pos": [1.3078103269235994, 0.555082988480368, 0.11401919133455096], "k_pid_alt": [1.2679502233621702, 0.0, 0.7131227981836126], "k_pid_att": [22.453081793151608, 7.284845820832624, 0.6954414552103283], "k_pid_yaw": [0.5, 1e-06, 0.1], "k_pid_hsp": [1.0, 0.1531003758033771, 0.01], "k_pid_vsp": [378.2079564087626, 355.21150340299164, 1.0]}, "datetime": {"datetime": "2025-08-21 12:08:30", "elapsed": 12227.091109514236, "delta": 19.202810287475586}, "costs": {"total_cost": 219.13430138066585, "time_cost": 82.88, "final_distance_cost": 1.7730133332489666, "oscillation_cost": 49.411075289486114, "completition_cost": 0.0, "overshoot_cost": 52.293056013172745, "power_cost": 18.22666199951172, "noise_cost": 14.550494745246288, "n_waypoints_completed": 9, "tot_waypoints": 9}}
{"target": -188.21887952208004, "params": {"k_pid_pos": [1.3885554450422086, 0.024859491386256316, 0.11401919133455096], "k_pid_alt": [1.2679502233621702, 0.0, 0.512921577555336], "k_pid_att": [58.989274729095186, 2.79325987156934, 0.8739915892735461], "k_pid_yaw": [0.5, 1e-06, 0.1], "k_pid_hsp": [1.0, 0.1531003758033771, 0.01], "k_pid_vsp": [378.2079564087626, 355.21150340299164, 1.0]}, "datetime": {"datetime": "2025-08-21 12:08:46", "elapsed": 12242.972942590714, "delta": 15.88183307647705}, "costs": {"total_cost": 188.21887952208004, "time_cost": 70.024, "final_distance_cost": 1.7954293921985731, "oscillation_cost": 39.47276413168325, "completition_cost": 0.0, "overshoot_cost": 50.42658497360873, "power_cost": 14.392860314941407, "noise_cost": 12.107240709648085, "n_waypoints_completed": 9, "tot_waypoints": 9}}
{"target": -224.07212929645996, "params": {"k_pid_pos": [1.3885554450422086, 0.024859491386256316, 0.11401919133455096], "k_pid_alt": [0.8755676765702776, 0.07100251077038344, 0.1576465649121419], "k_pid_att": [58.989274729095186, 7.284845820832624, 0.8739915892735461], "k_pid_yaw": [0.5, 1e-06, 0.1], "k_pid_hsp": [1.0, 0.1531003758033771, 0.01], "k_pid_vsp": [378.2079564087626, 355.21150340299164, 1.0]}, "datetime": {"datetime": "2025-08-21 12:09:06", "elapsed": 12262.461309194565, "delta": 19.48836660385132}, "costs": {"total_cost": 224.07212929645996, "time_cost": 87.19200000000001, "final_distance_cost": 1.8120057387536153, "oscillation_cost": 50.4500025255312, "completition_cost": 0.0, "overshoot_cost": 51.24952769662678, "power_cost": 18.335446960449218, "noise_cost": 15.03314637509914, "n_waypoints_completed": 9, "tot_waypoints": 9}}
