{"target": -184.12975606761208, "params": {"k_pid_pos": [1.3885554450422086, 0.024859491386256316, 0.11401919133455096], "k_pid_alt": [1.2679502233621702, 0.0, 0.1576465649121419], "k_pid_att": [58.989274729095186, 7.284845820832624, 0.8739915892735461], "k_pid_yaw": [0.5, 1e-06, 0.1], "k_pid_hsp": [1.0, 0.1531003758033771, 0.01], "k_pid_vsp": [378.2079564087626, 355.21150340299164, 1.0]}, "datetime": {"datetime": "2025-08-21 12:24:44", "elapsed": 13201.24170088768, "delta": 16.105625867843628}, "costs": {"total_cost": 184.12975606761208, "time_cost": 68.528, "final_distance_cost": 1.799814674827534, "oscillation_cost": 39.23847752536647, "completition_cost": 0.0, "overshoot_cost": 49.62142489603395, "power_cost": 13.29252314453125, "noise_cost": 11.64951582685289, "n_waypoints_completed": 9, "tot_waypoints": 9}}
{"target": -213.10922055183892, "params": {"k_pid_pos": [1.3885554450422086, 0.024859491386256316, 0.11401919133455096], "k_pid_alt": [1.2679502233621702, 0.0, 0.1576465649121419], "k_pid_att": [58.989274729095186, 7.284845820832624, 0.8739915892735461], "k_pid_yaw": [0.5, 1e-06, 0.1], "k_pid_hsp": [1.0, 0.1531003758033771, 0.01], "k_pid_vsp": [378.2079564087626, 355.21150340299164, 1.0]}, "datetime": {"datetime": "2025-08-21 12:25:01", "elapsed": 13218.283418655396, "delta": 17.041717767715454}, "costs": {"total_cost": 213.10922055183892, "time_cost": 76.06400000000001, "final_distance_cost": 1.7993864846785181, "oscillation_cost": 42.29640298430714, "completition_cost": 0.0, "overshoot_cost": 56.84931337648966, "power_cost": 20.810654736328125, "noise_cost": 15.289462970035428, "n_waypoints_completed": 9, "tot_waypoints": 9}}
{"target": -182.07582363960955, "params": {"k_pid_pos": [1.3885554450422086, 0.024859491386256316, 0.11401919133455096], "k_pid_alt": [1.2679502233621702, 0.0, 0.1576465649121419], "k_pid_att": [58.989274729095186, 7.284845820832624, 0.8739915892735461], "k_pid_yaw": [0.5, 1e-06, 0.1], "k_pid_hsp": [1.0, 0.1531003758033771, 0.01], "k_pid_vsp": [378.2079564087626, 355.21150340299164, 1.0]}, "datetime": {"datetime": "2025-08-21 12:25:17", "elapsed": 13233.968656539917, "delta": 15.685237884521484}, "costs": {"total_cost": 182.07582363960955, "time_cost": 68.544, "final_distance_cost": 1.8081845223967103, "oscillation_cost": 41.171238439303146, "completition_cost": 0.0, "overshoot_cost": 49.8356320124179, "power_cost": 10.590315893554688, "noise_cost": 10.126452771937128, "n_waypoints_completed": 9, "tot_waypoints": 9}}
{"target": -184.08011946179536, "params": {"k_pid_pos": [1.3078103269235994, 0.024859491386256316, 0.11401919133455096], "k_pid_alt": [1.2679502233621702, 0.0, 0.1576465649121419], "k_pid_att": [58.989274729095186, 7.284845820832624, 0.8739915892735461], "k_pid_yaw": [0.5, 1e-06, 0.1], "k_pid_hsp": [1.0, 0.23589601547334327, 0.01], "k_pid_vsp": [378.2079564087626, 355.21150340299164, 1.0]}, "datetime": {"datetime": "2025-08-21 12:25:33", "elapsed": 13249.600788593292, "delta": 15.632132053375244}, "costs": {"total_cost": 184.08011946179536, "time_cost": 68.864, "final_distance_cost": 1.8231179131477626, "oscillation_cost": 40.15899375178322, "completition_cost": 0.0, "overshoot_cost": 49.55370705746177, "power_cost": 12.506075939941407, "noise_cost": 11.174224799461207, "n_waypoints_completed": 9, "tot_waypoints": 9}}
{"target": -582.3674368056867, "params": {"k_pid_pos": [1.3885554450422086, 0.7766559899840447, 0.11401919133455096], "k_pid_alt": [1.2679502233621702, 0.0, 0.1576465649121419], "k_pid_att": [58.989274729095186, 7.284845820832624, 0.8739915892735461], "k_pid_yaw": [0.5, 1e-06, 0.1], "k_pid_hsp": [1.0, 0.1531003758033771, 0.8079184187081999], "k_pid_vsp": [378.2079564087626, 355.21150340299164, 1.0]}, "datetime": {"datetime": "2025-08-21 12:25:56", "elapsed": 13272.532766580582, "delta": 22.93197798728943}, "costs": {"total_cost": 582.3674368056867, "time_cost": 150, "final_distance_cost": 75.46848971147956, "oscillation_cost": 135.91055397216053, "completition_cost": 111.11111111111116, "overshoot_cost": 75.89655968234183, "power_cost": 18.60468679199219, "noise_cost": 15.376035536601414, "n_waypoints_completed": 8, "tot_waypoints": 9}}
{"target": -184.20147588169618, "params": {"k_pid_pos": [1.3078103269235994, 0.024859491386256316, 0.11401919133455096], "k_pid_alt": [1.795722219278775, 0.0, 0.1576465649121419], "k_pid_att": [58.989274729095186, 7.284845820832624, 0.8739915892735461], "k_pid_yaw": [0.5, 1e-06, 0.1], "k_pid_hsp": [1.0, 0.23589601547334327, 0.01], "k_pid_vsp": [378.2079564087626, 355.21150340299164, 1.0]}, "datetime": {"datetime": "2025-08-21 12:26:11", "elapsed": 13288.188779354095, "delta": 15.656012773513794}, "costs": {"total_cost": 184.20147588169618, "time_cost": 68.456, "final_distance_cost": 1.8266791641758184, "oscillation_cost": 42.015428923006134, "completition_cost": 0.0, "overshoot_cost": 50.17919319404965, "power_cost": 11.188554089355469, "noise_cost": 10.535620511109112, "n_waypoints_completed": 9, "tot_waypoints": 9}}
{"target": -527.1088008971027, "params": {"k_pid_pos": [1.3078103269235994, 0.024859491386256316, 0.11401919133455096], "k_pid_alt": [1.2679502233621702, 0.0, 0.06527723447865985], "k_pid_att": [24.0942673894178, 7.284845820832624, 0.8739915892735461], "k_pid_yaw": [0.5, 1e-06, 0.1], "k_pid_hsp": [1.0, 0.1531003758033771, 0.855111440485344], "k_pid_vsp": [378.2079564087626, 355.21150340299164, 1.0]}, "datetime": {"datetime": "2025-08-21 12:26:33", "elapsed": 13310.219990968704, "delta": 22.031211614608765}, "costs": {"total_cost": 527.1088008971027, "time_cost": 96.928, "final_distance_cost": 1.7555144467353785, "oscillation_cost": 330.21972112172614, "completition_cost": 0.0, "overshoot_cost": 63.47443577847329, "power_cost": 17.63430225830078, "noise_cost": 17.096827291867058, "n_waypoints_completed": 9, "tot_waypoints": 9}}
{"target": -341.92979828109156, "params": {"k_pid_pos": [1.3078103269235994, 0.024859491386256316, 0.11401919133455096], "k_pid_alt": [1.9379834684878636, 0.0, 0.06527723447865985], "k_pid_att": [43.60526211095247, 7.284845820832624, 0.8739915892735461], "k_pid_yaw": [0.5, 1e-06, 0.1], "k_pid_hsp": [3.3560449345655647, 0.1531003758033771, 0.22448647802751287], "k_pid_vsp": [50.679771886171295, 355.21150340299164, 37.23086544794797]}, "datetime": {"datetime": "2025-08-21 12:26:49", "elapsed": 13326.292235136032, "delta": 16.07224416732788}, "costs": {"total_cost": 341.92979828109156, "time_cost": 68.656, "final_distance_cost": 1.8115494866135282, "oscillation_cost": 196.0922262772071, "completition_cost": 0.0, "overshoot_cost": 50.322065919787065, "power_cost": 13.818234094238282, "noise_cost": 11.22972250324555, "n_waypoints_completed": 9, "tot_waypoints": 9}}
{"target": -203.04650154942425, "params": {"k_pid_pos": [1.3885554450422086, 0.024859491386256316, 0.06327155149462471], "k_pid_alt": [1.1424381546674114, 0.0, 0.016491258977649914], "k_pid_att": [20.236336479523032, 5.556263249731063, 0.5680009751981364], "k_pid_yaw": [0.5, 1e-06, 0.1], "k_pid_hsp": [1.5353014571438959, 0.6481168050241883, 0.01], "k_pid_vsp": [378.2079564087626, 355.21150340299164, 1.0]}, "datetime": {"datetime": "2025-08-21 12:27:05", "elapsed": 13342.095453500748, "delta": 15.803218364715576}, "costs": {"total_cost": 203.04650154942425, "time_cost": 70.336, "final_distance_cost": 1.7916977355574686, "oscillation_cost": 49.834601574350955, "completition_cost": 0.0, "overshoot_cost": 50.18381706049283, "power_cost": 17.306913415527344, "noise_cost": 13.593471763495671, "n_waypoints_completed": 9, "tot_waypoints": 9}}
{"target": -216.59756097108126, "params": {"k_pid_pos": [0.3597277290261015, 0.024859491386256316, 0.11401919133455096], "k_pid_alt": [1.2679502233621702, 0.0, 0.1576465649121419], "k_pid_att": [58.989274729095186, 7.284845820832624, 0.8739915892735461], "k_pid_yaw": [0.5, 1e-06, 0.1], "k_pid_hsp": [1.0, 0.42821208748488515, 0.01], "k_pid_vsp": [378.2079564087626, 355.21150340299164, 1.0]}, "datetime": {"datetime": "2025-08-21 12:27:26", "elapsed": 13363.034260749817, "delta": 20.938807249069214}, "costs": {"total_cost": 216.59756097108126, "time_cost": 92.336, "final_distance_cost": 1.8578828128231015, "oscillation_cost": 35.57764564421001, "completition_cost": 0.0, "overshoot_cost": 52.81298703145527, "power_cost": 17.225081542968752, "noise_cost": 16.787963939624124, "n_waypoints_completed": 9, "tot_waypoints": 9}}
{"target": -205.88019780632314, "params": {"k_pid_pos": [1.3078103269235994, 0.024859491386256316, 0.11401919133455096], "k_pid_alt": [1.2679502233621702, 0.22449205087189628, 0.1576465649121419], "k_pid_att": [58.989274729095186, 7.284845820832624, 0.8739915892735461], "k_pid_yaw": [0.5, 1e-06, 0.1], "k_pid_hsp": [1.0, 0.23589601547334327, 0.01], "k_pid_vsp": [378.2079564087626, 355.21150340299164, 1.0]}, "datetime": {"datetime": "2025-08-21 12:27:44", "elapsed": 13381.090812444687, "delta": 18.056551694869995}, "costs": {"total_cost": 205.88019780632314, "time_cost": 78.584, "final_distance_cost": 1.7662705842929913, "oscillation_cost": 51.83964622448306, "completition_cost": 0.0, "overshoot_cost": 50.321113414002646, "power_cost": 12.038960656738281, "noise_cost": 11.330206926806175, "n_waypoints_completed": 9, "tot_waypoints": 9}}
{"target": -2671.816395386032, "params": {"k_pid_pos": [1.900292756797936, 0.024859491386256316, 0.11401919133455096], "k_pid_alt": [1.2679502233621702, 0.0, 0.1576465649121419], "k_pid_att": [58.989274729095186, 7.284845820832624, 0.8739915892735461], "k_pid_yaw": [0.5, 1e-06, 0.1], "k_pid_hsp": [1.0, 0.1531003758033771, 0.01], "k_pid_vsp": [3.1458759584375606, 383.1463585968337, 225.56621106983374]}, "datetime": {"datetime": "2025-08-21 12:28:07", "elapsed": 13403.55895781517, "delta": 22.4681453704834}, "costs": {"total_cost": 2671.816395386032, "time_cost": 150, "final_distance_cost": 759.4469758447384, "oscillation_cost": 39.74507973155897, "completition_cost": 888.8888888888888, "overshoot_cost": 811.5305026633498, "power_cost": 8.282784484863281, "noise_cost": 13.922163772632624, "n_waypoints_completed": 1, "tot_waypoints": 9}}
{"target": -182.0160112456422, "params": {"k_pid_pos": [1.3885554450422086, 0.024859491386256316, 0.11401919133455096], "k_pid_alt": [1.2679502233621702, 0.0, 0.1576465649121419], "k_pid_att": [70.93958205800527, 7.284845820832624, 0.6954414552103283], "k_pid_yaw": [0.5, 1e-06, 0.1], "k_pid_hsp": [1.0, 0.1531003758033771, 0.01], "k_pid_vsp": [292.94687076665593, 355.21150340299164, 1.0]}, "datetime": {"datetime": "2025-08-21 12:28:22", "elapsed": 13419.34759759903, "delta": 15.788639783859253}, "costs": {"total_cost": 182.0160112456422, "time_cost": 68.432, "final_distance_cost": 1.8098703231784268, "oscillation_cost": 40.744726443223065, "completition_cost": 0.0, "overshoot_cost": 49.92240989011985, "power_cost": 10.745534973144531, "noise_cost": 10.361469615976306, "n_waypoints_completed": 9, "tot_waypoints": 9}}
{"target": -244.043144685842, "params": {"k_pid_pos": [1.3885554450422086, 0.8185488820337248, 0.11401919133455096], "k_pid_alt": [1.2679502233621702, 0.0, 0.7131227981836126], "k_pid_att": [22.453081793151608, 7.284845820832624, 0.8739915892735461], "k_pid_yaw": [0.5, 1e-06, 0.1], "k_pid_hsp": [1.0, 0.1531003758033771, 0.01], "k_pid_vsp": [378.2079564087626, 355.21150340299164, 1.0]}, "datetime": {"datetime": "2025-08-21 12:28:44", "elapsed": 13440.675242424011, "delta": 21.32764482498169}, "costs": {"total_cost": 244.043144685842, "time_cost": 92.864, "final_distance_cost": 1.7963648785801827, "oscillation_cost": 53.7776150989693, "completition_cost": 0.0, "overshoot_cost": 54.8972795653545, "power_cost": 23.219936743164062, "noise_cost": 17.487948399773988, "n_waypoints_completed": 9, "tot_waypoints": 9}}
{"target": -181.7731400481014, "params": {"k_pid_pos": [1.3885554450422086, 0.024859491386256316, 0.11401919133455096], "k_pid_alt": [1.2679502233621702, 0.0, 0.1576465649121419], "k_pid_att": [58.989274729095186, 7.284845820832624, 0.8739915892735461], "k_pid_yaw": [0.5, 1e-06, 0.1], "k_pid_hsp": [3.022941925987454, 0.1531003758033771, 0.01], "k_pid_vsp": [378.2079564087626, 355.21150340299164, 1.0]}, "datetime": {"datetime": "2025-08-21 12:28:59", "elapsed": 13456.319481372833, "delta": 15.644238948822021}, "costs": {"total_cost": 181.7731400481014, "time_cost": 68.57600000000001, "final_distance_cost": 1.796336342536335, "oscillation_cost": 43.38419411854585, "completition_cost": 0.0, "overshoot_cost": 49.59476934458956, "power_cost": 8.977790332031251, "noise_cost": 9.44404991039841, "n_waypoints_completed": 9, "tot_waypoints": 9}}
{"target": -301.90035338690154, "params": {"k_pid_pos": [1.3885554450422086, 0.024859491386256316, 0.11401919133455096], "k_pid_alt": [1.2679502233621702, 0.0, 0.1576465649121419], "k_pid_att": [58.989274729095186, 3.9650988168623, 0.8739915892735461], "k_pid_yaw": [0.5, 1e-06, 0.1], "k_pid_hsp": [1.0, 0.1531003758033771, 0.17541250419709298], "k_pid_vsp": [378.2079564087626, 355.21150340299164, 1.0]}, "datetime": {"datetime": "2025-08-21 12:29:17", "elapsed": 13473.473892211914, "delta": 17.15441083908081}, "costs": {"total_cost": 301.90035338690154, "time_cost": 75.96000000000001, "final_distance_cost": 1.7598771287131099, "oscillation_cost": 146.82464848571638, "completition_cost": 0.0, "overshoot_cost": 50.54398962344598, "power_cost": 14.291490380859376, "noise_cost": 12.520347768166602, "n_waypoints_completed": 9, "tot_waypoints": 9}}
{"target": -184.12527561436397, "params": {"k_pid_pos": [1.3885554450422086, 0.024859491386256316, 0.11401919133455096], "k_pid_alt": [1.2679502233621702, 0.0, 0.5500846473514374], "k_pid_att": [58.989274729095186, 7.284845820832624, 0.8739915892735461], "k_pid_yaw": [0.5, 1e-06, 0.1], "k_pid_hsp": [1.0, 0.23589601547334327, 0.01], "k_pid_vsp": [378.2079564087626, 355.21150340299164, 1.0]}, "datetime": {"datetime": "2025-08-21 12:29:33", "elapsed": 13489.63224697113, "delta": 16.15835475921631}, "costs": {"total_cost": 184.12527561436397, "time_cost": 69.792, "final_distance_cost": 1.8062234818793972, "oscillation_cost": 41.412044345799785, "completition_cost": 0.0, "overshoot_cost": 49.481720195959205, "power_cost": 11.069079028320314, "noise_cost": 10.56420856240527, "n_waypoints_completed": 9, "tot_waypoints": 9}}
{"target": -241.6063455158487, "params": {"k_pid_pos": [1.3078103269235994, 0.7442837605818863, 0.11401919133455096], "k_pid_alt": [1.2679502233621702, 0.0, 0.1576465649121419], "k_pid_att": [58.989274729095186, 7.284845820832624, 0.8739915892735461], "k_pid_yaw": [0.5, 1e-06, 0.1], "k_pid_hsp": [1.0, 0.1531003758033771, 0.01], "k_pid_vsp": [378.2079564087626, 355.21150340299164, 1.0]}, "datetime": {"datetime": "2025-08-21 12:29:55", "elapsed": 13511.720689058304, "delta": 22.088442087173462}, "costs": {"total_cost": 241.6063455158487, "time_cost": 93.488, "final_distance_cost": 1.75653235222096, "oscillation_cost": 56.04543960607726, "completition_cost": 0.0, "overshoot_cost": 52.84288363022726, "power_cost": 21.095094165039065, "noise_cost": 16.378395762284125, "n_waypoints_completed": 9, "tot_waypoints": 9}}
{"target": -211.34036323888705, "params": {"k_pid_pos": [1.3078103269235994, 0.3450134284667753, 0.11401919133455096], "k_pid_alt": [1.2679502233621702, 0.626400033436537, 0.1576465649121419], "k_pid_att": [58.989274729095186, 7.284845820832624, 0.8739915892735461], "k_pid_yaw": [0.5, 1e-06, 0.1], "k_pid_hsp": [1.0, 0.1531003758033771, 0.01], "k_pid_vsp": [319.7148474646652, 355.21150340299164, 1.0]}, "datetime": {"datetime": "2025-08-21 12:30:13", "elapsed": 13529.848659276962, "delta": 18.127970218658447}, "costs": {"total_cost": 211.34036323888705, "time_cost": 80.4, "final_distance_cost": 1.716150764931616, "oscillation_cost": 53.312291221482496, "completition_cost": 0.0, "overshoot_cost": 51.09632135995902, "power_cost": 13.082016442871094, "noise_cost": 11.733583449642845, "n_waypoints_completed": 9, "tot_waypoints": 9}}
{"target": -180.96979276385903, "params": {"k_pid_pos": [1.3885554450422086, 0.024859491386256316, 0.11401919133455096], "k_pid_alt": [1.2679502233621702, 0.0, 0.06527723447865985], "k_pid_att": [24.0942673894178, 7.284845820832624, 0.8739915892735461], "k_pid_yaw": [0.5, 1e-06, 0.1], "k_pid_hsp": [3.3560449345655647, 0.1531003758033771, 0.01], "k_pid_vsp": [378.2079564087626, 355.21150340299164, 1.0]}, "datetime": {"datetime": "2025-08-21 12:30:29", "elapsed": 13545.825302362442, "delta": 15.976643085479736}, "costs": {"total_cost": 180.96979276385903, "time_cost": 68.32000000000001, "final_distance_cost": 1.819798484182596, "oscillation_cost": 41.22135035819466, "completition_cost": 0.0, "overshoot_cost": 48.87100054158551, "power_cost": 10.447538928222658, "noise_cost": 10.290104451673589, "n_waypoints_completed": 9, "tot_waypoints": 9}}
{"target": -181.01031281640277, "params": {"k_pid_pos": [1.3885554450422086, 0.024859491386256316, 0.11401919133455096], "k_pid_alt": [1.2679502233621702, 0.0, 0.1576465649121419], "k_pid_att": [58.989274729095186, 7.284845820832624, 0.8739915892735461], "k_pid_yaw": [0.5, 1e-06, 0.1], "k_pid_hsp": [1.0, 0.1531003758033771, 0.01], "k_pid_vsp": [378.2079564087626, 355.21150340299164, 1.0]}, "datetime": {"datetime": "2025-08-21 12:30:45", "elapsed": 13561.653138160706, "delta": 15.82783579826355}, "costs": {"total_cost": 181.01031281640277, "time_cost": 68.432, "final_distance_cost": 1.81452668112902, "oscillation_cost": 39.59917919038099, "completition_cost": 0.0, "overshoot_cost": 49.89172738056154, "power_cost": 10.879709680175782, "noise_cost": 10.393169884155434, "n_waypoints_completed": 9, "tot_waypoints": 9}}
{"target": -218.28973430104736, "params": {"k_pid_pos": [1.3885554450422086, 0.024859491386256316, 0.11401919133455096], "k_pid_alt": [1.2679502233621702, 0.29163435653851655, 0.1576465649121419], "k_pid_att": [58.989274729095186, 3.9650988168623, 0.8739915892735461], "k_pid_yaw": [0.5, 1e-06, 0.1], "k_pid_hsp": [1.0, 0.1531003758033771, 0.01], "k_pid_vsp": [41.64647012461127, 355.21150340299164, 1.0]}, "datetime": {"datetime": "2025-08-21 12:31:03", "elapsed": 13579.984942436218, "delta": 18.331804275512695}, "costs": {"total_cost": 218.28973430104736, "time_cost": 80.488, "final_distance_cost": 1.777925597755028, "oscillation_cost": 55.614046109888584, "completition_cost": 0.0, "overshoot_cost": 51.24520630415673, "power_cost": 16.099306494140627, "noise_cost": 13.065249795106393, "n_waypoints_completed": 9, "tot_waypoints": 9}}
{"target": -312.0735784792495, "params": {"k_pid_pos": [1.6189603226539637, 0.024859491386256316, 0.11401919133455096], "k_pid_alt": [1.2679502233621702, 0.0, 0.1576465649121419], "k_pid_att": [58.989274729095186, 3.9650988168623, 0.8739915892735461], "k_pid_yaw": [0.5, 1e-06, 0.1], "k_pid_hsp": [1.0, 0.1531003758033771, 0.5270159168277156], "k_pid_vsp": [378.2079564087626, 355.21150340299164, 1.0]}, "datetime": {"datetime": "2025-08-21 12:31:21", "elapsed": 13598.063776493073, "delta": 18.078834056854248}, "costs": {"total_cost": 312.0735784792495, "time_cost": 80.104, "final_distance_cost": 1.7834911948709342, "oscillation_cost": 139.54688167890487, "completition_cost": 0.0, "overshoot_cost": 56.63520867272581, "power_cost": 18.92062049560547, "noise_cost": 15.083376437142414, "n_waypoints_completed": 9, "tot_waypoints": 9}}
{"target": -180.65496759268268, "params": {"k_pid_pos": [1.3885554450422086, 0.024859491386256316, 0.11401919133455096], "k_pid_alt": [1.2679502233621702, 0.0, 0.1576465649121419], "k_pid_att": [58.989274729095186, 7.284845820832624, 0.8739915892735461], "k_pid_yaw": [0.5, 1e-06, 0.1], "k_pid_hsp": [1.0, 0.1531003758033771, 0.01], "k_pid_vsp": [378.2079564087626, 355.21150340299164, 1.0]}, "datetime": {"datetime": "2025-08-21 12:31:37", "elapsed": 13613.651551485062, "delta": 15.587774991989136}, "costs": {"total_cost": 180.65496759268268, "time_cost": 68.456, "final_distance_cost": 1.822715628193527, "oscillation_cost": 39.392887957059855, "completition_cost": 0.0, "overshoot_cost": 49.808866230142534, "power_cost": 10.716846398925782, "noise_cost": 10.457651378361003, "n_waypoints_completed": 9, "tot_waypoints": 9}}
{"target": -183.5710297163316, "params": {"k_pid_pos": [1.3885554450422086, 0.024859491386256316, 0.11401919133455096], "k_pid_alt": [1.2679502233621702, 0.0, 0.1576465649121419], "k_pid_att": [58.989274729095186, 3.9650988168623, 0.8739915892735461], "k_pid_yaw": [0.5, 1e-06, 0.1], "k_pid_hsp": [1.0, 0.1531003758033771, 0.01], "k_pid_vsp": [378.2079564087626, 355.21150340299164, 1.0]}, "datetime": {"datetime": "2025-08-21 12:31:53", "elapsed": 13629.52881860733, "delta": 15.877267122268677}, "costs": {"total_cost": 183.5710297163316, "time_cost": 68.712, "final_distance_cost": 1.8012203063838599, "oscillation_cost": 39.6896960039132, "completition_cost": 0.0, "overshoot_cost": 49.99277011442113, "power_cost": 12.329018786621095, "noise_cost": 11.046324504992286, "n_waypoints_completed": 9, "tot_waypoints": 9}}
{"target": -189.27301662825136, "params": {"k_pid_pos": [1.3078103269235994, 0.024859491386256316, 0.11401919133455096], "k_pid_alt": [1.2679502233621702, 0.0, 0.06527723447865985], "k_pid_att": [24.0942673894178, 7.284845820832624, 0.8739915892735461], "k_pid_yaw": [0.5, 1e-06, 0.1], "k_pid_hsp": [1.0, 0.1531003758033771, 0.01], "k_pid_vsp": [378.2079564087626, 355.21150340299164, 1.0]}, "datetime": {"datetime": "2025-08-21 12:32:08", "elapsed": 13645.356135606766, "delta": 15.827316999435425}, "costs": {"total_cost": 189.27301662825136, "time_cost": 69.816, "final_distance_cost": 1.7888869565581094, "oscillation_cost": 39.02786835689086, "completition_cost": 0.0, "overshoot_cost": 50.198370204315545, "power_cost": 15.678514331054688, "noise_cost": 12.763376779432164, "n_waypoints_completed": 9, "tot_waypoints": 9}}
