{"target": -185.73222671931651, "params": {"k_pid_pos": [1.7041340386651447, 0.024859491386256316, 0.3434561031905483], "k_pid_alt": [1.6319753356852484, 0.0, 0.1576465649121419], "k_pid_att": [58.989274729095186, 5.088413281584711, 0.7033874038379369], "k_pid_yaw": [0.5, 1e-06, 0.1], "k_pid_hsp": [1.606987810134683, 0.1531003758033771, 0.01], "k_pid_vsp": [376.5747392387296, 175.28714713338795, 1.0]}, "datetime": {"datetime": "2025-08-21 15:12:48", "elapsed": 23284.488641262054, "delta": 15.645696878433228}, "costs": {"total_cost": 185.73222671931651, "time_cost": 68.57600000000001, "final_distance_cost": 1.791645066098266, "oscillation_cost": 38.008967787183906, "completition_cost": 0.0, "overshoot_cost": 50.56607474178709, "power_cost": 14.517655346679689, "noise_cost": 12.271883777567528, "n_waypoints_completed": 9, "tot_waypoints": 9}}
{"target": -185.1266216745346, "params": {"k_pid_pos": [1.3885554450422086, 0.024859491386256316, 0.11401919133455096], "k_pid_alt": [1.0304713630477362, 0.0, 0.06527723447865985], "k_pid_att": [24.0942673894178, 7.284845820832624, 0.73590781336997], "k_pid_yaw": [0.5, 1e-06, 0.1], "k_pid_hsp": [1.606987810134683, 0.1531003758033771, 0.01], "k_pid_vsp": [110.56511661686339, 355.21150340299164, 1.0]}, "datetime": {"datetime": "2025-08-21 15:13:04", "elapsed": 23300.89090180397, "delta": 16.402260541915894}, "costs": {"total_cost": 185.1266216745346, "time_cost": 68.312, "final_distance_cost": 1.823411532206725, "oscillation_cost": 39.009551180877565, "completition_cost": 0.0, "overshoot_cost": 49.73213361615386, "power_cost": 14.28170545654297, "noise_cost": 11.967819888753482, "n_waypoints_completed": 9, "tot_waypoints": 9}}
{"target": -184.3754313914036, "params": {"k_pid_pos": [1.9176378968916694, 0.024859491386256316, 0.8092599635047751], "k_pid_alt": [1.7187705538853828, 0.0, 0.7744198440366786], "k_pid_att": [58.989274729095186, 8.523668343376618, 0.5074717254068946], "k_pid_yaw": [0.5, 1e-06, 0.1], "k_pid_hsp": [1.5859581202077546, 0.1531003758033771, 0.01], "k_pid_vsp": [376.5747392387296, 369.48810340511164, 1.0]}, "datetime": {"datetime": "2025-08-21 15:13:20", "elapsed": 23316.66461801529, "delta": 15.77371621131897}, "costs": {"total_cost": 184.3754313914036, "time_cost": 69.528, "final_distance_cost": 1.8424784405984003, "oscillation_cost": 39.64915772267987, "completition_cost": 0.0, "overshoot_cost": 49.79849082434833, "power_cost": 12.229479284667969, "noise_cost": 11.327825119108994, "n_waypoints_completed": 9, "tot_waypoints": 9}}
{"target": -201.63881422389204, "params": {"k_pid_pos": [1.480900065772379, 0.07129208892642425, 0.8544707697037623], "k_pid_alt": [1.6319753356852484, 0.0, 0.1576465649121419], "k_pid_att": [58.989274729095186, 5.088413281584711, 0.6179952950406163], "k_pid_yaw": [0.5, 1e-06, 0.1], "k_pid_hsp": [1.2726116133729626, 0.1531003758033771, 0.01], "k_pid_vsp": [284.5460512203246, 175.28714713338795, 80.3853412781648]}, "datetime": {"datetime": "2025-08-21 15:13:37", "elapsed": 23334.053074598312, "delta": 17.38845658302307}, "costs": {"total_cost": 201.63881422389204, "time_cost": 74.792, "final_distance_cost": 1.8503723339209668, "oscillation_cost": 50.000829926600616, "completition_cost": 0.0, "overshoot_cost": 51.51466344321091, "power_cost": 12.19836434326172, "noise_cost": 11.282584176897807, "n_waypoints_completed": 9, "tot_waypoints": 9}}
{"target": -213.02816994058247, "params": {"k_pid_pos": [1.9176378968916694, 0.3355199412987626, 0.12160810604364847], "k_pid_alt": [1.6319753356852484, 0.0, 0.1576465649121419], "k_pid_att": [58.989274729095186, 5.088413281584711, 0.6179952950406163], "k_pid_yaw": [0.5, 1e-06, 0.1], "k_pid_hsp": [2.1215903484698817, 0.1531003758033771, 0.01], "k_pid_vsp": [284.5460512203246, 310.16448939208084, 134.66477494021115]}, "datetime": {"datetime": "2025-08-21 15:13:55", "elapsed": 23351.68803548813, "delta": 17.634960889816284}, "costs": {"total_cost": 213.02816994058247, "time_cost": 76.352, "final_distance_cost": 1.8019238098188537, "oscillation_cost": 50.62199630358988, "completition_cost": 0.0, "overshoot_cost": 54.096629252328356, "power_cost": 17.534750830078124, "noise_cost": 12.620869744767285, "n_waypoints_completed": 9, "tot_waypoints": 9}}
{"target": -325.8898986717927, "params": {"k_pid_pos": [1.9176378968916694, 0.024859491386256316, 0.2019429328506046], "k_pid_alt": [1.6714132940641002, 0.0, 0.06527723447865985], "k_pid_att": [24.0942673894178, 5.824334032821091, 0.666719676683535], "k_pid_yaw": [0.5, 1e-06, 0.1], "k_pid_hsp": [5.360545878234408, 0.8679176146891754, 0.6334267706481146], "k_pid_vsp": [110.56511661686339, 355.21150340299164, 1.0]}, "datetime": {"datetime": "2025-08-21 15:14:11", "elapsed": 23368.37890148163, "delta": 16.690865993499756}, "costs": {"total_cost": 325.8898986717927, "time_cost": 69.64, "final_distance_cost": 1.7187676660670816, "oscillation_cost": 176.31831997328823, "completition_cost": 0.0, "overshoot_cost": 50.8111316570343, "power_cost": 14.902289868164063, "noise_cost": 12.49938950723901, "n_waypoints_completed": 9, "tot_waypoints": 9}}
{"target": -190.14448201055635, "params": {"k_pid_pos": [1.9176378968916694, 0.06681891267873763, 0.6250867496839783], "k_pid_alt": [0.8287604735407312, 0.0, 0.2915903713486512], "k_pid_att": [58.989274729095186, 1.7717243195899302, 0.6179952950406163], "k_pid_yaw": [0.5, 1e-06, 0.1], "k_pid_hsp": [1.606987810134683, 0.6870351602694771, 0.01], "k_pid_vsp": [376.5747392387296, 175.28714713338795, 1.0]}, "datetime": {"datetime": "2025-08-21 15:14:28", "elapsed": 23385.266670942307, "delta": 16.8877694606781}, "costs": {"total_cost": 190.14448201055635, "time_cost": 71.656, "final_distance_cost": 1.8378333032216645, "oscillation_cost": 48.69637845252402, "completition_cost": 0.0, "overshoot_cost": 49.23366170510302, "power_cost": 9.054672216796876, "noise_cost": 9.66593633291075, "n_waypoints_completed": 9, "tot_waypoints": 9}}
{"target": -189.36055909670412, "params": {"k_pid_pos": [1.9176378968916694, 0.024859491386256316, 0.2662270978845458], "k_pid_alt": [1.7187705538853828, 0.0, 0.1576465649121419], "k_pid_att": [58.989274729095186, 8.523668343376618, 0.5074717254068946], "k_pid_yaw": [0.5, 1e-06, 0.1], "k_pid_hsp": [1.5859581202077546, 0.1531003758033771, 0.01], "k_pid_vsp": [376.5747392387296, 175.28714713338795, 1.0]}, "datetime": {"datetime": "2025-08-21 15:14:44", "elapsed": 23400.827968120575, "delta": 15.561297178268433}, "costs": {"total_cost": 189.36055909670412, "time_cost": 68.64, "final_distance_cost": 1.7698144535491958, "oscillation_cost": 43.56923930348301, "completition_cost": 0.0, "overshoot_cost": 50.39908771904873, "power_cost": 13.31495537109375, "noise_cost": 11.667462249529413, "n_waypoints_completed": 9, "tot_waypoints": 9}}
{"target": -199.03874185946034, "params": {"k_pid_pos": [1.9176378968916694, 0.22461116953036142, 0.21152287994165886], "k_pid_alt": [1.6319753356852484, 0.0, 0.06527723447865985], "k_pid_att": [58.989274729095186, 5.088413281584711, 0.6179952950406163], "k_pid_yaw": [0.5, 1e-06, 0.1], "k_pid_hsp": [3.830472288627182, 0.1531003758033771, 0.01], "k_pid_vsp": [110.56511661686339, 355.21150340299164, 1.0]}, "datetime": {"datetime": "2025-08-21 15:15:01", "elapsed": 23417.48921394348, "delta": 16.661245822906494}, "costs": {"total_cost": 199.03874185946034, "time_cost": 71.616, "final_distance_cost": 1.7233118810656634, "oscillation_cost": 44.11867696618445, "completition_cost": 0.0, "overshoot_cost": 51.18217361285895, "power_cost": 16.892602380371095, "noise_cost": 13.505977018980152, "n_waypoints_completed": 9, "tot_waypoints": 9}}
{"target": -239.72369967053703, "params": {"k_pid_pos": [1.9176378968916694, 0.024859491386256316, 0.21152287994165886], "k_pid_alt": [1.6868863037671131, 0.0, 0.06527723447865985], "k_pid_att": [6.462447882104849, 1.8365068413044823, 0.8739915892735461], "k_pid_yaw": [0.5, 1e-06, 0.1], "k_pid_hsp": [1.0, 0.1531003758033771, 0.3218150610982008], "k_pid_vsp": [284.5460512203246, 355.21150340299164, 1.0]}, "datetime": {"datetime": "2025-08-21 15:15:18", "elapsed": 23434.60051393509, "delta": 17.111299991607666}, "costs": {"total_cost": 239.72369967053703, "time_cost": 73.60000000000001, "final_distance_cost": 1.7247811816995824, "oscillation_cost": 85.45461635876894, "completition_cost": 0.0, "overshoot_cost": 55.25735460179818, "power_cost": 12.525128063964845, "noise_cost": 11.16181946430546, "n_waypoints_completed": 9, "tot_waypoints": 9}}
{"target": -195.09852402526323, "params": {"k_pid_pos": [1.9176378968916694, 0.024859491386256316, 0.21152287994165886], "k_pid_alt": [1.6714132940641002, 0.0, 0.06527723447865985], "k_pid_att": [24.0942673894178, 5.824334032821091, 0.666719676683535], "k_pid_yaw": [0.5, 1e-06, 0.1], "k_pid_hsp": [1.606987810134683, 0.1531003758033771, 0.01], "k_pid_vsp": [284.5460512203246, 369.48810340511164, 1.0]}, "datetime": {"datetime": "2025-08-21 15:15:33", "elapsed": 23450.392936706543, "delta": 15.792422771453857}, "costs": {"total_cost": 195.09852402526323, "time_cost": 69.176, "final_distance_cost": 1.7701008969144492, "oscillation_cost": 45.47361177288217, "completition_cost": 0.0, "overshoot_cost": 50.97566696777079, "power_cost": 15.235688928222658, "noise_cost": 12.467455459473166, "n_waypoints_completed": 9, "tot_waypoints": 9}}
{"target": -422.4276960796563, "params": {"k_pid_pos": [1.9176378968916694, 0.024859491386256316, 0.21152287994165886], "k_pid_alt": [0.7689619515377939, 0.0, 0.8285330192795117], "k_pid_att": [24.0942673894178, 7.284845820832624, 0.8739915892735461], "k_pid_yaw": [0.5, 1e-06, 0.1], "k_pid_hsp": [3.8015553682621426, 0.1531003758033771, 0.9725672828984422], "k_pid_vsp": [110.56511661686339, 355.21150340299164, 1.0]}, "datetime": {"datetime": "2025-08-21 15:15:53", "elapsed": 23470.41731405258, "delta": 20.02437734603882}, "costs": {"total_cost": 422.4276960796563, "time_cost": 87.376, "final_distance_cost": 1.7687968649680974, "oscillation_cost": 242.96988997054135, "completition_cost": 0.0, "overshoot_cost": 52.710223518163495, "power_cost": 20.854425158691406, "noise_cost": 16.748360567291915, "n_waypoints_completed": 9, "tot_waypoints": 9}}
{"target": -183.03161369400914, "params": {"k_pid_pos": [1.9176378968916694, 0.024859491386256316, 0.21152287994165886], "k_pid_alt": [1.6714132940641002, 0.0, 0.10702076326620091], "k_pid_att": [24.0942673894178, 7.284845820832624, 0.8739915892735461], "k_pid_yaw": [0.5, 1e-06, 0.1], "k_pid_hsp": [1.0, 0.2900343745958267, 0.01], "k_pid_vsp": [284.5460512203246, 355.21150340299164, 1.0]}, "datetime": {"datetime": "2025-08-21 15:16:09", "elapsed": 23486.167848825455, "delta": 15.750534772872925}, "costs": {"total_cost": 183.03161369400914, "time_cost": 67.584, "final_distance_cost": 1.7709460252967102, "oscillation_cost": 45.113246057762524, "completition_cost": 0.0, "overshoot_cost": 49.354699889897105, "power_cost": 9.574871594238282, "noise_cost": 9.633850126814503, "n_waypoints_completed": 9, "tot_waypoints": 9}}
{"target": -182.12480897913537, "params": {"k_pid_pos": [1.9176378968916694, 0.024859491386256316, 0.21152287994165886], "k_pid_alt": [1.6714132940641002, 0.0, 0.06527723447865985], "k_pid_att": [24.0942673894178, 5.824334032821091, 0.2977476601316654], "k_pid_yaw": [0.5, 1e-06, 0.1], "k_pid_hsp": [1.606987810134683, 0.1531003758033771, 0.01], "k_pid_vsp": [284.5460512203246, 369.48810340511164, 1.0]}, "datetime": {"datetime": "2025-08-21 15:16:25", "elapsed": 23501.639531612396, "delta": 15.471682786941528}, "costs": {"total_cost": 182.12480897913537, "time_cost": 67.44800000000001, "final_distance_cost": 1.7657368671231173, "oscillation_cost": 46.07970272233088, "completition_cost": 0.0, "overshoot_cost": 49.8874589092685, "power_cost": 8.058350134277344, "noise_cost": 8.885560346135522, "n_waypoints_completed": 9, "tot_waypoints": 9}}
{"target": -340.4654670966871, "params": {"k_pid_pos": [1.9176378968916694, 0.024859491386256316, 0.21152287994165886], "k_pid_alt": [1.7877463665719298, 0.0, 0.06527723447865985], "k_pid_att": [24.0942673894178, 7.284845820832624, 0.8739915892735461], "k_pid_yaw": [0.5, 1e-06, 0.1], "k_pid_hsp": [2.996149354500177, 0.1531003758033771, 0.36152718860620114], "k_pid_vsp": [63.87935167311278, 93.02116563978787, 1.0]}, "datetime": {"datetime": "2025-08-21 15:16:41", "elapsed": 23517.69884777069, "delta": 16.059316158294678}, "costs": {"total_cost": 340.4654670966871, "time_cost": 69.416, "final_distance_cost": 1.7794890257753417, "oscillation_cost": 189.4298534484115, "completition_cost": 0.0, "overshoot_cost": 51.52688779096888, "power_cost": 15.462217810058595, "noise_cost": 12.851019021472846, "n_waypoints_completed": 9, "tot_waypoints": 9}}
{"target": -668.3112299547013, "params": {"k_pid_pos": [1.9176378968916694, 0.024859491386256316, 0.8092599635047751], "k_pid_alt": [1.7187705538853828, 0.0, 0.1576465649121419], "k_pid_att": [58.989274729095186, 7.055827395468339, 0.5074717254068946], "k_pid_yaw": [0.5, 1e-06, 0.1], "k_pid_hsp": [1.5859581202077546, 0.1531003758033771, 0.7359590482778835], "k_pid_vsp": [376.5747392387296, 175.28714713338795, 1.0]}, "datetime": {"datetime": "2025-08-21 15:17:04", "elapsed": 23540.74981069565, "delta": 23.050962924957275}, "costs": {"total_cost": 668.3112299547013, "time_cost": 150, "final_distance_cost": 57.24404298356892, "oscillation_cost": 257.0359764387958, "completition_cost": 111.11111111111116, "overshoot_cost": 60.59934935854399, "power_cost": 17.551693286132814, "noise_cost": 14.769056776548508, "n_waypoints_completed": 8, "tot_waypoints": 9}}
{"target": -183.86523347529024, "params": {"k_pid_pos": [1.9176378968916694, 0.07129208892642425, 0.6250867496839783], "k_pid_alt": [0.7560171568207914, 0.0, 0.1576465649121419], "k_pid_att": [58.989274729095186, 5.088413281584711, 0.6179952950406163], "k_pid_yaw": [0.5, 1e-06, 0.1], "k_pid_hsp": [1.606987810134683, 0.1531003758033771, 0.01], "k_pid_vsp": [284.5460512203246, 355.21150340299164, 1.0]}, "datetime": {"datetime": "2025-08-21 15:17:20", "elapsed": 23557.01942873001, "delta": 16.269618034362793}, "costs": {"total_cost": 183.86523347529024, "time_cost": 71.616, "final_distance_cost": 1.8228134087786696, "oscillation_cost": 46.54444313288891, "completition_cost": 0.0, "overshoot_cost": 49.07845125656639, "power_cost": 6.749161535644531, "noise_cost": 8.054364141411748, "n_waypoints_completed": 9, "tot_waypoints": 9}}
{"target": -229.54609084978878, "params": {"k_pid_pos": [1.9176378968916694, 0.024859491386256316, 0.8092599635047751], "k_pid_alt": [1.7187705538853828, 0.8662610449795003, 0.1576465649121419], "k_pid_att": [11.708590720412603, 5.088413281584711, 0.6179952950406163], "k_pid_yaw": [0.5, 1e-06, 0.1], "k_pid_hsp": [1.0076768036881465, 0.1531003758033771, 0.01], "k_pid_vsp": [284.5460512203246, 175.28714713338795, 1.0]}, "datetime": {"datetime": "2025-08-21 15:17:40", "elapsed": 23576.7545940876, "delta": 19.73516535758972}, "costs": {"total_cost": 229.54609084978878, "time_cost": 84.2, "final_distance_cost": 1.771287558996801, "oscillation_cost": 53.82364037223792, "completition_cost": 0.0, "overshoot_cost": 56.103335437381574, "power_cost": 18.874392919921878, "noise_cost": 14.773434561250578, "n_waypoints_completed": 9, "tot_waypoints": 9}}
{"target": -180.42880540083198, "params": {"k_pid_pos": [1.9176378968916694, 0.07129208892642425, 0.6250867496839783], "k_pid_alt": [1.6319753356852484, 0.0, 0.1576465649121419], "k_pid_att": [58.989274729095186, 5.088413281584711, 0.6179952950406163], "k_pid_yaw": [0.5, 1e-06, 0.1], "k_pid_hsp": [1.0076768036881465, 0.1531003758033771, 0.01], "k_pid_vsp": [155.80135867994494, 175.28714713338795, 1.0]}, "datetime": {"datetime": "2025-08-21 15:17:56", "elapsed": 23592.573061466217, "delta": 15.818467378616333}, "costs": {"total_cost": 180.42880540083198, "time_cost": 67.928, "final_distance_cost": 1.8106838837928005, "oscillation_cost": 43.324076580385984, "completition_cost": 0.0, "overshoot_cost": 49.194900145846816, "power_cost": 8.749667797851563, "noise_cost": 9.42147699295482, "n_waypoints_completed": 9, "tot_waypoints": 9}}
{"target": -188.67439120764678, "params": {"k_pid_pos": [1.9176378968916694, 0.024859491386256316, 0.21152287994165886], "k_pid_alt": [1.6714132940641002, 0.0, 0.06527723447865985], "k_pid_att": [24.0942673894178, 5.824334032821091, 0.0544268964772433], "k_pid_yaw": [0.5, 1e-06, 0.1], "k_pid_hsp": [1.606987810134683, 0.1531003758033771, 0.01], "k_pid_vsp": [284.5460512203246, 369.48810340511164, 1.0]}, "datetime": {"datetime": "2025-08-21 15:18:12", "elapsed": 23608.741646051407, "delta": 16.16858458518982}, "costs": {"total_cost": 188.67439120764678, "time_cost": 67.592, "final_distance_cost": 1.7874840248152646, "oscillation_cost": 49.84504656189328, "completition_cost": 0.0, "overshoot_cost": 49.03757759515446, "power_cost": 10.398787268066407, "noise_cost": 10.013495757717369, "n_waypoints_completed": 9, "tot_waypoints": 9}}
{"target": -181.435371685188, "params": {"k_pid_pos": [1.7041340386651447, 0.024859491386256316, 0.3434561031905483], "k_pid_alt": [1.6319753356852484, 0.0, 0.7411234869318217], "k_pid_att": [58.989274729095186, 5.088413281584711, 0.7033874038379369], "k_pid_yaw": [0.5, 1e-06, 0.1], "k_pid_hsp": [1.606987810134683, 0.1531003758033771, 0.01], "k_pid_vsp": [376.5747392387296, 175.28714713338795, 1.0]}, "datetime": {"datetime": "2025-08-21 15:18:28", "elapsed": 23625.19386458397, "delta": 16.452218532562256}, "costs": {"total_cost": 181.435371685188, "time_cost": 69.008, "final_distance_cost": 1.7846982653244614, "oscillation_cost": 41.90022842837154, "completition_cost": 0.0, "overshoot_cost": 50.17488075284098, "power_cost": 8.960308984375, "noise_cost": 9.607255254276016, "n_waypoints_completed": 9, "tot_waypoints": 9}}
{"target": -201.04998079233025, "params": {"k_pid_pos": [1.9176378968916694, 0.024859491386256316, 0.21152287994165886], "k_pid_alt": [1.6714132940641002, 0.4793313605253495, 0.06527723447865985], "k_pid_att": [24.0942673894178, 3.0325018947442373, 0.666719676683535], "k_pid_yaw": [0.5, 1e-06, 0.1], "k_pid_hsp": [3.7597104904116168, 0.1531003758033771, 0.01], "k_pid_vsp": [284.5460512203246, 369.48810340511164, 1.0]}, "datetime": {"datetime": "2025-08-21 15:18:45", "elapsed": 23642.230268716812, "delta": 17.036404132843018}, "costs": {"total_cost": 201.04998079233025, "time_cost": 75.696, "final_distance_cost": 1.7710618779720446, "oscillation_cost": 48.03594021838421, "completition_cost": 0.0, "overshoot_cost": 51.32517500488456, "power_cost": 12.641167333984376, "noise_cost": 11.580636357105035, "n_waypoints_completed": 9, "tot_waypoints": 9}}
{"target": -178.47020046842874, "params": {"k_pid_pos": [1.7041340386651447, 0.024859491386256316, 0.3434561031905483], "k_pid_alt": [1.6319753356852484, 0.0, 0.1576465649121419], "k_pid_att": [58.989274729095186, 5.088413281584711, 0.7033874038379369], "k_pid_yaw": [0.5, 1e-06, 0.1], "k_pid_hsp": [1.606987810134683, 0.1531003758033771, 0.01], "k_pid_vsp": [360.3759557007902, 355.21150340299164, 1.0]}, "datetime": {"datetime": "2025-08-21 15:19:01", "elapsed": 23658.072800159454, "delta": 15.842531442642212}, "costs": {"total_cost": 178.47020046842874, "time_cost": 67.864, "final_distance_cost": 1.8231624899906849, "oscillation_cost": 42.311699421235375, "completition_cost": 0.0, "overshoot_cost": 49.58652168292568, "power_cost": 8.004376037597657, "noise_cost": 8.880440836679366, "n_waypoints_completed": 9, "tot_waypoints": 9}}
{"target": -192.73972679445308, "params": {"k_pid_pos": [1.3885554450422086, 0.024859491386256316, 0.9451257094832697], "k_pid_alt": [1.0304713630477362, 0.0, 0.06527723447865985], "k_pid_att": [24.0942673894178, 7.284845820832624, 0.73590781336997], "k_pid_yaw": [0.5, 1e-06, 0.1], "k_pid_hsp": [1.606987810134683, 0.1531003758033771, 0.01], "k_pid_vsp": [376.5747392387296, 175.28714713338795, 1.0]}, "datetime": {"datetime": "2025-08-21 15:19:18", "elapsed": 23675.44087934494, "delta": 17.36807918548584}, "costs": {"total_cost": 192.73972679445308, "time_cost": 73.384, "final_distance_cost": 1.8534839883486152, "oscillation_cost": 41.75199714005864, "completition_cost": 0.0, "overshoot_cost": 49.707563225154765, "power_cost": 13.49449375, "noise_cost": 12.548188690891058, "n_waypoints_completed": 9, "tot_waypoints": 9}}
{"target": -191.76678227370837, "params": {"k_pid_pos": [1.9475525933111357, 0.024859491386256316, 0.21152287994165886], "k_pid_alt": [1.6714132940641002, 0.0, 0.06527723447865985], "k_pid_att": [24.0942673894178, 5.824334032821091, 0.8739915892735461], "k_pid_yaw": [0.5, 1e-06, 0.1], "k_pid_hsp": [1.0, 0.2900343745958267, 0.01], "k_pid_vsp": [284.5460512203246, 355.21150340299164, 1.0]}, "datetime": {"datetime": "2025-08-21 15:19:34", "elapsed": 23690.736686706543, "delta": 15.295807361602783}, "costs": {"total_cost": 191.76678227370837, "time_cost": 68.208, "final_distance_cost": 1.7575105031683689, "oscillation_cost": 46.676057805638116, "completition_cost": 0.0, "overshoot_cost": 49.65933281017757, "power_cost": 13.70855712890625, "noise_cost": 11.757324025818077, "n_waypoints_completed": 9, "tot_waypoints": 9}}
{"target": -432.0987357064972, "params": {"k_pid_pos": [1.9176378968916694, 0.024859491386256316, 0.21152287994165886], "k_pid_alt": [1.6187944706918798, 0.0, 0.06527723447865985], "k_pid_att": [20.219698052466416, 7.284845820832624, 0.666719676683535], "k_pid_yaw": [0.5, 1e-06, 0.1], "k_pid_hsp": [1.606987810134683, 0.1531003758033771, 0.01], "k_pid_vsp": [284.5460512203246, 369.48810340511164, 270.8173234388649]}, "datetime": {"datetime": "2025-08-21 15:19:57", "elapsed": 23714.29251050949, "delta": 23.555823802947998}, "costs": {"total_cost": 432.0987357064972, "time_cost": 150, "final_distance_cost": 6.453658863657245, "oscillation_cost": 58.824160134560934, "completition_cost": 111.11111111111116, "overshoot_cost": 71.1639663148718, "power_cost": 20.16790078125, "noise_cost": 14.377938501046035, "n_waypoints_completed": 8, "tot_waypoints": 9}}
