{"target": -220.55083868047808, "params": {"k_pid_pos": [1.9176378968916694, 0.024859491386256316, 0.21152287994165886], "k_pid_alt": [1.6319753356852484, 0.0, 0.1576465649121419], "k_pid_att": [58.989274729095186, 5.088413281584711, 0.7033874038379369], "k_pid_yaw": [0.5, 1e-06, 0.1], "k_pid_hsp": [9.661409074882902, 0.1531003758033771, 0.01], "k_pid_vsp": [360.3759557007902, 235.29707175635923, 1.0]}, "datetime": {"datetime": "2025-08-21 15:28:02", "elapsed": 24199.086666107178, "delta": 17.618130445480347}, "costs": {"total_cost": 220.55083868047808, "time_cost": 72.384, "final_distance_cost": 1.787447019434206, "oscillation_cost": 63.49533002219525, "completition_cost": 0.0, "overshoot_cost": 51.497223097544506, "power_cost": 17.501080883789065, "noise_cost": 13.88575765751502, "n_waypoints_completed": 9, "tot_waypoints": 9}}
{"target": -178.8715552875408, "params": {"k_pid_pos": [1.7041340386651447, 0.024859491386256316, 0.3434561031905483], "k_pid_alt": [1.3959173657108794, 0.0, 0.06527723447865985], "k_pid_att": [24.0942673894178, 2.6889016979653872, 0.8739915892735461], "k_pid_yaw": [0.5, 1e-06, 0.1], "k_pid_hsp": [1.0, 0.1531003758033771, 0.01], "k_pid_vsp": [337.79764923111304, 359.530474216699, 1.0]}, "datetime": {"datetime": "2025-08-21 15:28:19", "elapsed": 24215.466083049774, "delta": 16.379416942596436}, "costs": {"total_cost": 178.8715552875408, "time_cost": 67.816, "final_distance_cost": 1.796071381005542, "oscillation_cost": 43.35411527476224, "completition_cost": 0.0, "overshoot_cost": 49.30664090169582, "power_cost": 7.886584326171875, "noise_cost": 8.712143403905301, "n_waypoints_completed": 9, "tot_waypoints": 9}}
{"target": -189.334830088574, "params": {"k_pid_pos": [1.3885554450422086, 0.024859491386256316, 0.11401919133455096], "k_pid_alt": [1.0304713630477362, 0.0, 0.06527723447865985], "k_pid_att": [24.0942673894178, 7.284845820832624, 0.73590781336997], "k_pid_yaw": [0.5, 1e-06, 0.1], "k_pid_hsp": [1.606987810134683, 0.1531003758033771, 0.01], "k_pid_vsp": [33.09370770872002, 175.28714713338795, 1.0]}, "datetime": {"datetime": "2025-08-21 15:28:34", "elapsed": 24231.258111715317, "delta": 15.792028665542603}, "costs": {"total_cost": 189.334830088574, "time_cost": 69.21600000000001, "final_distance_cost": 1.8028194401298114, "oscillation_cost": 41.31098627772485, "completition_cost": 0.0, "overshoot_cost": 50.07124579111495, "power_cost": 14.701653918457032, "noise_cost": 12.23212466114738, "n_waypoints_completed": 9, "tot_waypoints": 9}}
{"target": -195.01607175463707, "params": {"k_pid_pos": [1.0303987325070019, 0.024859491386256316, 0.9451257094832697], "k_pid_alt": [1.0304713630477362, 0.0, 0.06527723447865985], "k_pid_att": [24.0942673894178, 7.284845820832624, 0.73590781336997], "k_pid_yaw": [0.5, 1e-06, 0.1], "k_pid_hsp": [1.606987810134683, 0.1531003758033771, 0.01], "k_pid_vsp": [110.56511661686339, 59.083466427248936, 1.0]}, "datetime": {"datetime": "2025-08-21 15:28:53", "elapsed": 24249.847091197968, "delta": 18.588979482650757}, "costs": {"total_cost": 195.01607175463707, "time_cost": 80.032, "final_distance_cost": 1.8541109933157953, "oscillation_cost": 40.47814015758853, "completition_cost": 0.0, "overshoot_cost": 50.53207921777467, "power_cost": 10.662590832519532, "noise_cost": 11.45715055343854, "n_waypoints_completed": 9, "tot_waypoints": 9}}
{"target": -197.85071419299828, "params": {"k_pid_pos": [1.9176378968916694, 0.07129208892642425, 0.6250867496839783], "k_pid_alt": [1.8467889235776584, 0.0, 0.1576465649121419], "k_pid_att": [81.50781704084231, 5.088413281584711, 0.7742097595242466], "k_pid_yaw": [0.5, 1e-06, 0.1], "k_pid_hsp": [1.0076768036881465, 0.2900343745958267, 0.01], "k_pid_vsp": [284.5460512203246, 355.21150340299164, 1.0]}, "datetime": {"datetime": "2025-08-21 15:29:10", "elapsed": 24266.520884752274, "delta": 16.67379355430603}, "costs": {"total_cost": 197.85071419299828, "time_cost": 71.312, "final_distance_cost": 1.8112291663832094, "oscillation_cost": 44.477535735564295, "completition_cost": 0.0, "overshoot_cost": 51.783649796405975, "power_cost": 15.501914599609377, "noise_cost": 12.964384895035433, "n_waypoints_completed": 9, "tot_waypoints": 9}}
{"target": -182.10450678887216, "params": {"k_pid_pos": [1.9475525933111357, 0.024859491386256316, 0.21152287994165886], "k_pid_alt": [1.6714132940641002, 0.0, 0.06527723447865985], "k_pid_att": [24.0942673894178, 5.824334032821091, 0.8739915892735461], "k_pid_yaw": [0.5, 1e-06, 0.1], "k_pid_hsp": [1.0, 0.1531003758033771, 0.01], "k_pid_vsp": [315.6746539590211, 175.28714713338795, 1.0]}, "datetime": {"datetime": "2025-08-21 15:29:25", "elapsed": 24282.132105350494, "delta": 15.611220598220825}, "costs": {"total_cost": 182.10450678887216, "time_cost": 67.624, "final_distance_cost": 1.781162784541346, "oscillation_cost": 42.96953173141383, "completition_cost": 0.0, "overshoot_cost": 50.038680984238965, "power_cost": 9.938548193359376, "noise_cost": 9.752583095318645, "n_waypoints_completed": 9, "tot_waypoints": 9}}
{"target": -195.73782964902955, "params": {"k_pid_pos": [1.3873324295523621, 0.07129208892642425, 0.6250867496839783], "k_pid_alt": [1.2547444455457333, 0.0, 0.1576465649121419], "k_pid_att": [58.989274729095186, 5.088413281584711, 0.6179952950406163], "k_pid_yaw": [0.5, 1e-06, 0.1], "k_pid_hsp": [2.801925256194032, 0.1531003758033771, 0.01], "k_pid_vsp": [110.56511661686339, 205.38401218364257, 1.0]}, "datetime": {"datetime": "2025-08-21 15:29:42", "elapsed": 24299.05820941925, "delta": 16.926104068756104}, "costs": {"total_cost": 195.73782964902955, "time_cost": 71.352, "final_distance_cost": 1.84312521253803, "oscillation_cost": 43.29308756844763, "completition_cost": 0.0, "overshoot_cost": 50.764351672847155, "power_cost": 15.339966601562502, "noise_cost": 13.145298593634243, "n_waypoints_completed": 9, "tot_waypoints": 9}}
{"target": -182.98350645702422, "params": {"k_pid_pos": [1.7041340386651447, 0.024859491386256316, 0.3434561031905483], "k_pid_alt": [1.3959173657108794, 0.0, 0.06527723447865985], "k_pid_att": [24.0942673894178, 2.6889016979653872, 0.8739915892735461], "k_pid_yaw": [0.5, 1e-06, 0.1], "k_pid_hsp": [1.0, 0.1531003758033771, 0.01], "k_pid_vsp": [337.79764923111304, 359.530474216699, 1.0]}, "datetime": {"datetime": "2025-08-21 15:29:58", "elapsed": 24315.284976005554, "delta": 16.22676658630371}, "costs": {"total_cost": 182.98350645702422, "time_cost": 68.08, "final_distance_cost": 1.8224383200676442, "oscillation_cost": 41.694446551237185, "completition_cost": 0.0, "overshoot_cost": 49.766046391996916, "power_cost": 11.178522912597657, "noise_cost": 10.442052281124813, "n_waypoints_completed": 9, "tot_waypoints": 9}}
{"target": -182.48053283919253, "params": {"k_pid_pos": [1.9176378968916694, 0.07129208892642425, 0.6250867496839783], "k_pid_alt": [1.6319753356852484, 0.0, 0.1576465649121419], "k_pid_att": [58.989274729095186, 5.088413281584711, 0.6179952950406163], "k_pid_yaw": [0.5, 1e-06, 0.1], "k_pid_hsp": [1.0076768036881465, 0.1531003758033771, 0.01], "k_pid_vsp": [155.80135867994494, 175.28714713338795, 1.0]}, "datetime": {"datetime": "2025-08-21 15:30:14", "elapsed": 24331.18544983864, "delta": 15.900473833084106}, "costs": {"total_cost": 182.48053283919253, "time_cost": 68.296, "final_distance_cost": 1.8290055693536043, "oscillation_cost": 38.3632360635343, "completition_cost": 0.0, "overshoot_cost": 49.532471041079205, "power_cost": 12.885610400390625, "noise_cost": 11.574209764834794, "n_waypoints_completed": 9, "tot_waypoints": 9}}
{"target": -183.85147704791558, "params": {"k_pid_pos": [1.9475525933111357, 0.024859491386256316, 0.21152287994165886], "k_pid_alt": [1.6714132940641002, 0.0, 0.06527723447865985], "k_pid_att": [24.0942673894178, 5.824334032821091, 0.8739915892735461], "k_pid_yaw": [0.5, 1e-06, 0.1], "k_pid_hsp": [1.0, 0.1531003758033771, 0.01], "k_pid_vsp": [315.6746539590211, 175.28714713338795, 1.0]}, "datetime": {"datetime": "2025-08-21 15:30:30", "elapsed": 24347.052808523178, "delta": 15.867358684539795}, "costs": {"total_cost": 183.85147704791558, "time_cost": 67.672, "final_distance_cost": 1.7563461042222508, "oscillation_cost": 43.650689692062485, "completition_cost": 0.0, "overshoot_cost": 49.57886260237631, "power_cost": 10.937109533691407, "noise_cost": 10.25646911556314, "n_waypoints_completed": 9, "tot_waypoints": 9}}
{"target": -182.5551336420779, "params": {"k_pid_pos": [1.7041340386651447, 0.024859491386256316, 0.3434561031905483], "k_pid_alt": [1.6319753356852484, 0.0, 0.1576465649121419], "k_pid_att": [58.989274729095186, 5.859554809351448, 0.7033874038379369], "k_pid_yaw": [0.5, 1e-06, 0.1], "k_pid_hsp": [1.606987810134683, 0.1531003758033771, 0.01], "k_pid_vsp": [264.9966777379314, 359.530474216699, 1.0]}, "datetime": {"datetime": "2025-08-21 15:30:46", "elapsed": 24362.643186330795, "delta": 15.590377807617188}, "costs": {"total_cost": 182.5551336420779, "time_cost": 68.36, "final_distance_cost": 1.7920483591456071, "oscillation_cost": 40.4668613672135, "completition_cost": 0.0, "overshoot_cost": 49.65862502187024, "power_cost": 11.544810559082032, "noise_cost": 10.7327883347665, "n_waypoints_completed": 9, "tot_waypoints": 9}}
{"target": -192.75951107991702, "params": {"k_pid_pos": [1.9176378968916694, 0.024859491386256316, 0.21152287994165886], "k_pid_alt": [1.3959173657108794, 0.0, 0.06527723447865985], "k_pid_att": [24.0942673894178, 9.862826079085128, 0.8739915892735461], "k_pid_yaw": [0.5, 1e-06, 0.1], "k_pid_hsp": [1.0, 0.1531003758033771, 0.01], "k_pid_vsp": [78.76564955932119, 355.21150340299164, 1.0]}, "datetime": {"datetime": "2025-08-21 15:31:02", "elapsed": 24379.12474298477, "delta": 16.48155665397644}, "costs": {"total_cost": 192.75951107991702, "time_cost": 69.19200000000001, "final_distance_cost": 1.7615329466058163, "oscillation_cost": 47.19128537646411, "completition_cost": 0.0, "overshoot_cost": 49.220603763166544, "power_cost": 13.740283068847656, "noise_cost": 11.653805924832906, "n_waypoints_completed": 9, "tot_waypoints": 9}}
{"target": -193.1233150034556, "params": {"k_pid_pos": [1.0303987325070019, 0.024859491386256316, 0.9451257094832697], "k_pid_alt": [1.0304713630477362, 0.0, 0.06527723447865985], "k_pid_att": [29.46763110571006, 7.284845820832624, 0.73590781336997], "k_pid_yaw": [0.5, 1e-06, 0.1], "k_pid_hsp": [1.606987810134683, 0.1531003758033771, 0.01], "k_pid_vsp": [110.56511661686339, 59.083466427248936, 1.0]}, "datetime": {"datetime": "2025-08-21 15:31:20", "elapsed": 24397.06398677826, "delta": 17.93924379348755}, "costs": {"total_cost": 193.1233150034556, "time_cost": 79.928, "final_distance_cost": 1.8543366103832695, "oscillation_cost": 42.05478717635448, "completition_cost": 0.0, "overshoot_cost": 50.11527920192074, "power_cost": 8.71140166015625, "noise_cost": 10.459510354640846, "n_waypoints_completed": 9, "tot_waypoints": 9}}
{"target": -188.3365228759834, "params": {"k_pid_pos": [1.9475525933111357, 0.024859491386256316, 0.21152287994165886], "k_pid_alt": [1.6714132940641002, 0.0, 0.1576465649121419], "k_pid_att": [5.660560806625048, 8.523668343376618, 0.5074717254068946], "k_pid_yaw": [0.5, 1e-06, 0.1], "k_pid_hsp": [1.5859581202077546, 0.1531003758033771, 0.01], "k_pid_vsp": [376.5747392387296, 163.84421639189063, 1.0]}, "datetime": {"datetime": "2025-08-21 15:31:37", "elapsed": 24414.041764974594, "delta": 16.97777819633484}, "costs": {"total_cost": 188.3365228759834, "time_cost": 67.264, "final_distance_cost": 1.796075389856757, "oscillation_cost": 49.01856052981279, "completition_cost": 0.0, "overshoot_cost": 49.17890620990504, "power_cost": 10.891858898925781, "noise_cost": 10.187121847483041, "n_waypoints_completed": 9, "tot_waypoints": 9}}
{"target": -184.0520816201415, "params": {"k_pid_pos": [1.9475525933111357, 0.024859491386256316, 0.21152287994165886], "k_pid_alt": [1.6714132940641002, 0.0, 0.06527723447865985], "k_pid_att": [84.98699684477904, 5.824334032821091, 0.8739915892735461], "k_pid_yaw": [0.5, 1e-06, 0.1], "k_pid_hsp": [1.0, 0.1531003758033771, 0.01], "k_pid_vsp": [315.6746539590211, 175.28714713338795, 1.0]}, "datetime": {"datetime": "2025-08-21 15:31:53", "elapsed": 24430.078731536865, "delta": 16.036966562271118}, "costs": {"total_cost": 184.0520816201415, "time_cost": 67.864, "final_distance_cost": 1.7611981506998247, "oscillation_cost": 44.6820535874395, "completition_cost": 0.0, "overshoot_cost": 49.48287260164, "power_cost": 10.214259948730469, "noise_cost": 10.047697331631735, "n_waypoints_completed": 9, "tot_waypoints": 9}}
{"target": -193.27800903772214, "params": {"k_pid_pos": [1.9176378968916694, 0.024859491386256316, 0.21152287994165886], "k_pid_alt": [1.6714132940641002, 0.0, 0.06527723447865985], "k_pid_att": [24.0942673894178, 5.824334032821091, 0.9786068342296788], "k_pid_yaw": [0.5, 1e-06, 0.1], "k_pid_hsp": [1.0, 0.2900343745958267, 0.01], "k_pid_vsp": [284.5460512203246, 355.21150340299164, 1.0]}, "datetime": {"datetime": "2025-08-21 15:32:09", "elapsed": 24445.825292110443, "delta": 15.74656057357788}, "costs": {"total_cost": 193.27800903772214, "time_cost": 68.632, "final_distance_cost": 1.7597945699365154, "oscillation_cost": 45.866860925998765, "completition_cost": 0.0, "overshoot_cost": 50.47951215754063, "power_cost": 14.54395556640625, "noise_cost": 11.995885817839966, "n_waypoints_completed": 9, "tot_waypoints": 9}}
{"target": -208.70081143413213, "params": {"k_pid_pos": [1.3873324295523621, 0.07129208892642425, 0.6250867496839783], "k_pid_alt": [1.2547444455457333, 0.0, 0.1576465649121419], "k_pid_att": [58.989274729095186, 5.8998316386557885, 0.6179952950406163], "k_pid_yaw": [0.5, 1e-06, 0.1], "k_pid_hsp": [2.801925256194032, 0.02741548690539819, 0.01], "k_pid_vsp": [110.56511661686339, 205.38401218364257, 64.74280647471554]}, "datetime": {"datetime": "2025-08-21 15:32:26", "elapsed": 24463.27522277832, "delta": 17.449930667877197}, "costs": {"total_cost": 208.70081143413213, "time_cost": 72.256, "final_distance_cost": 1.8492577260122478, "oscillation_cost": 46.264357612127014, "completition_cost": 0.0, "overshoot_cost": 51.29469442804767, "power_cost": 21.344324560546877, "noise_cost": 15.692177107398333, "n_waypoints_completed": 9, "tot_waypoints": 9}}
{"target": -183.90342650244364, "params": {"k_pid_pos": [1.3885554450422086, 0.024859491386256316, 0.11401919133455096], "k_pid_alt": [1.0304713630477362, 0.0, 0.06527723447865985], "k_pid_att": [24.0942673894178, 7.284845820832624, 0.73590781336997], "k_pid_yaw": [0.5, 1e-06, 0.1], "k_pid_hsp": [1.606987810134683, 0.1531003758033771, 0.01], "k_pid_vsp": [33.09370770872002, 175.28714713338795, 1.0]}, "datetime": {"datetime": "2025-08-21 15:32:42", "elapsed": 24478.924196958542, "delta": 15.648974180221558}, "costs": {"total_cost": 183.90342650244364, "time_cost": 68.696, "final_distance_cost": 1.7816033286427313, "oscillation_cost": 42.46787907483955, "completition_cost": 0.0, "overshoot_cost": 49.51310967344913, "power_cost": 11.080507751464845, "noise_cost": 10.364326674047398, "n_waypoints_completed": 9, "tot_waypoints": 9}}
{"target": -185.09489551202932, "params": {"k_pid_pos": [1.9176378968916694, 0.024859491386256316, 0.21152287994165886], "k_pid_alt": [1.3959173657108794, 0.0, 0.06527723447865985], "k_pid_att": [24.0942673894178, 7.284845820832624, 0.8739915892735461], "k_pid_yaw": [0.5, 1e-06, 0.1], "k_pid_hsp": [1.0, 0.1531003758033771, 0.01], "k_pid_vsp": [337.79764923111304, 359.530474216699, 1.0]}, "datetime": {"datetime": "2025-08-21 15:32:58", "elapsed": 24494.82081604004, "delta": 15.896619081497192}, "costs": {"total_cost": 185.09489551202932, "time_cost": 67.83200000000001, "final_distance_cost": 1.7622978086272219, "oscillation_cost": 43.58864412081523, "completition_cost": 0.0, "overshoot_cost": 49.527836763539916, "power_cost": 11.692813439941407, "noise_cost": 10.691303379105525, "n_waypoints_completed": 9, "tot_waypoints": 9}}
{"target": -188.81244707911324, "params": {"k_pid_pos": [1.4423278017687713, 0.31277452455499244, 0.3434561031905483], "k_pid_alt": [1.1322102414463147, 0.0, 0.1576465649121419], "k_pid_att": [18.716498687641693, 0.4746071483446615, 0.7033874038379369], "k_pid_yaw": [0.5, 1e-06, 0.1], "k_pid_hsp": [5.751519431904279, 0.1531003758033771, 0.01], "k_pid_vsp": [284.5460512203246, 355.21150340299164, 1.0]}, "datetime": {"datetime": "2025-08-21 15:33:15", "elapsed": 24512.325850963593, "delta": 17.505034923553467}, "costs": {"total_cost": 188.81244707911324, "time_cost": 70.616, "final_distance_cost": 1.7928140915750297, "oscillation_cost": 41.47788963768851, "completition_cost": 0.0, "overshoot_cost": 49.62949908722549, "power_cost": 13.33701834716797, "noise_cost": 11.959225915456246, "n_waypoints_completed": 9, "tot_waypoints": 9}}
{"target": -196.45564899775485, "params": {"k_pid_pos": [1.7041340386651447, 0.024859491386256316, 0.9837022460713571], "k_pid_alt": [1.6319753356852484, 0.0, 0.26930141191004886], "k_pid_att": [58.989274729095186, 7.284845820832624, 0.8073907050301506], "k_pid_yaw": [0.5, 1e-06, 0.1], "k_pid_hsp": [1.606987810134683, 0.7315990604468636, 0.01], "k_pid_vsp": [110.56511661686339, 59.083466427248936, 1.0]}, "datetime": {"datetime": "2025-08-21 15:33:32", "elapsed": 24528.737419366837, "delta": 16.41156840324402}, "costs": {"total_cost": 196.45564899775485, "time_cost": 70.512, "final_distance_cost": 1.8440993363408689, "oscillation_cost": 44.28322780267361, "completition_cost": 0.0, "overshoot_cost": 49.91109528804958, "power_cost": 16.237086938476562, "noise_cost": 13.668139632214226, "n_waypoints_completed": 9, "tot_waypoints": 9}}
{"target": -480.7087753989945, "params": {"k_pid_pos": [1.0303987325070019, 0.024859491386256316, 0.9451257094832697], "k_pid_alt": [1.0304713630477362, 0.0, 0.6309970689692205], "k_pid_att": [78.08713442726881, 4.514399977632767, 0.2977476601316654], "k_pid_yaw": [0.5, 1e-06, 0.1], "k_pid_hsp": [1.606987810134683, 0.1531003758033771, 0.01], "k_pid_vsp": [284.5460512203246, 369.48810340511164, 242.3589635706049]}, "datetime": {"datetime": "2025-08-21 15:33:55", "elapsed": 24551.801460504532, "delta": 23.064041137695312}, "costs": {"total_cost": 480.7087753989945, "time_cost": 150, "final_distance_cost": 61.263455709126, "oscillation_cost": 70.0750045553291, "completition_cost": 111.11111111111116, "overshoot_cost": 61.32050324621542, "power_cost": 15.048216711425782, "noise_cost": 11.890484065787085, "n_waypoints_completed": 8, "tot_waypoints": 9}}
{"target": -287.09502788747824, "params": {"k_pid_pos": [1.9475525933111357, 0.024859491386256316, 0.07756297750739305], "k_pid_alt": [1.6714132940641002, 0.0, 0.06527723447865985], "k_pid_att": [24.0942673894178, 5.824334032821091, 0.8739915892735461], "k_pid_yaw": [0.5, 1e-06, 0.1], "k_pid_hsp": [1.0, 0.2900343745958267, 0.38180230248846925], "k_pid_vsp": [376.5747392387296, 175.28714713338795, 1.0]}, "datetime": {"datetime": "2025-08-21 15:34:12", "elapsed": 24568.469965457916, "delta": 16.6685049533844}, "costs": {"total_cost": 287.09502788747824, "time_cost": 69.744, "final_distance_cost": 1.730567953735248, "oscillation_cost": 142.6106185512449, "completition_cost": 0.0, "overshoot_cost": 49.76345847303087, "power_cost": 12.251586450195314, "noise_cost": 10.994796459271909, "n_waypoints_completed": 9, "tot_waypoints": 9}}
{"target": -197.89870144988447, "params": {"k_pid_pos": [1.9176378968916694, 0.024859491386256316, 0.3434561031905483], "k_pid_alt": [1.6319753356852484, 0.0, 0.6853371560380503], "k_pid_att": [58.989274729095186, 5.088413281584711, 0.7033874038379369], "k_pid_yaw": [0.5, 1e-06, 0.1], "k_pid_hsp": [1.606987810134683, 0.1531003758033771, 0.01], "k_pid_vsp": [376.5747392387296, 175.28714713338795, 1.0]}, "datetime": {"datetime": "2025-08-21 15:34:28", "elapsed": 24584.737901449203, "delta": 16.26793599128723}, "costs": {"total_cost": 197.89870144988447, "time_cost": 72.08, "final_distance_cost": 1.8045164560551636, "oscillation_cost": 43.617651049968146, "completition_cost": 0.0, "overshoot_cost": 51.001211198306464, "power_cost": 16.206921984863282, "noise_cost": 13.188400760691412, "n_waypoints_completed": 9, "tot_waypoints": 9}}
{"target": -183.05930421711275, "params": {"k_pid_pos": [1.7041340386651447, 0.024859491386256316, 0.3434561031905483], "k_pid_alt": [1.3959173657108794, 0.0, 0.06527723447865985], "k_pid_att": [24.0942673894178, 2.6889016979653872, 0.8739915892735461], "k_pid_yaw": [0.5, 1e-06, 0.1], "k_pid_hsp": [1.0, 0.1531003758033771, 0.01], "k_pid_vsp": [337.79764923111304, 359.530474216699, 1.0]}, "datetime": {"datetime": "2025-08-21 15:34:44", "elapsed": 24601.07519173622, "delta": 16.337290287017822}, "costs": {"total_cost": 183.05930421711275, "time_cost": 68.536, "final_distance_cost": 1.80978352381667, "oscillation_cost": 37.76815899546149, "completition_cost": 0.0, "overshoot_cost": 49.59392851507589, "power_cost": 13.591137316894532, "noise_cost": 11.760295865864139, "n_waypoints_completed": 9, "tot_waypoints": 9}}
{"target": -203.9571569120741, "params": {"k_pid_pos": [1.9176378968916694, 0.024859491386256316, 0.21152287994165886], "k_pid_alt": [1.3959173657108794, 0.0, 0.06527723447865985], "k_pid_att": [24.0942673894178, 7.284845820832624, 0.8739915892735461], "k_pid_yaw": [0.5, 1e-06, 0.1], "k_pid_hsp": [1.0, 0.1531003758033771, 0.01], "k_pid_vsp": [337.79764923111304, 359.530474216699, 1.0]}, "datetime": {"datetime": "2025-08-21 15:35:01", "elapsed": 24618.196799993515, "delta": 17.1216082572937}, "costs": {"total_cost": 203.9571569120741, "time_cost": 72.184, "final_distance_cost": 1.7899318095043388, "oscillation_cost": 47.9494835243261, "completition_cost": 0.0, "overshoot_cost": 51.01886796165197, "power_cost": 17.356921838378906, "noise_cost": 13.65795177821281, "n_waypoints_completed": 9, "tot_waypoints": 9}}
