{"target": -791.2658766799394, "params": {"k_pid_pos": [1.8624793477566346, 0.11973358850112281, 0.1171035659001105], "k_pid_alt": [0.17541802382153682, 0.6578632850405278, 0.4186083007903795], "k_pid_att": [77.43214161418433, 6.712347009944595, 0.33363775832823817], "k_pid_yaw": [0.5, 1e-06, 0.1], "k_pid_hsp": [8.983675636960621, 0.7625321470706523, 0.2705349409101757], "k_pid_vsp": [145.6768071088216, 125.77599276726518, 63.04466029238821]}, "datetime": {"datetime": "2025-08-21 08:56:00", "elapsed": 676.4750618934631, "delta": 25.609477043151855}, "costs": {"total_cost": 791.2658766799394, "time_cost": 150, "final_distance_cost": 73.56465938660712, "oscillation_cost": 245.97566541242705, "completition_cost": 222.2222222222222, "overshoot_cost": 59.68331050980679, "power_cost": 23.065846508789065, "noise_cost": 16.754172640087315, "n_waypoints_completed": 7, "tot_waypoints": 9}}
{"target": -1250.2475690790882, "params": {"k_pid_pos": [0.29565196674712907, 0.936127463375744, 0.43790403719875326], "k_pid_alt": [0.7666396455548197, 0.7296857086773779, 0.5529930652528999], "k_pid_att": [93.61399868384622, 7.803036908944531, 0.47936956412454035], "k_pid_yaw": [0.5, 1e-06, 0.1], "k_pid_hsp": [3.7636570988609144, 0.986631544924322, 0.7177602360036435], "k_pid_vsp": [380.47786400153643, 47.391431768337966, 340.2134718257794]}, "datetime": {"datetime": "2025-08-21 08:56:30", "elapsed": 706.945387840271, "delta": 30.47032594680786}, "costs": {"total_cost": 1250.2475690790882, "time_cost": 150, "final_distance_cost": 86.6073397464576, "oscillation_cost": 141.8711079891738, "completition_cost": 777.7777777777778, "overshoot_cost": 53.76577087908968, "power_cost": 23.271731640625003, "noise_cost": 16.9538410459646, "n_waypoints_completed": 2, "tot_waypoints": 9}}
{"target": -947.2234421407526, "params": {"k_pid_pos": [1.274184060594016, 0.12192167833511258, 0.5882579999692207], "k_pid_alt": [1.3721927302108976, 0.012302685888602838, 0.45431796184174655], "k_pid_att": [82.53995111963212, 2.9536607175383645, 0.4585480817985511], "k_pid_yaw": [0.5, 1e-06, 0.1], "k_pid_hsp": [4.423197039266225, 0.3019273914424916, 0.9184418955155542], "k_pid_vsp": [312.51761417260633, 44.235365287855785, 398.8138631379946]}, "datetime": {"datetime": "2025-08-21 08:56:57", "elapsed": 733.5966982841492, "delta": 26.651310443878174}, "costs": {"total_cost": 947.2234421407526, "time_cost": 150, "final_distance_cost": 71.24231747902805, "oscillation_cost": 290.31326375395264, "completition_cost": 333.33333333333337, "overshoot_cost": 55.88564971747129, "power_cost": 26.30051767578125, "noise_cost": 20.148360181185925, "n_waypoints_completed": 6, "tot_waypoints": 9}}
{"target": -1216.9690123680134, "params": {"k_pid_pos": [1.7584121286130596, 0.28390843786403896, 0.8368965796609382], "k_pid_alt": [0.21283906374276573, 0.9991047304742386, 0.6656847361065369], "k_pid_att": [65.0125015558797, 0.904498225768629, 0.8970333988966253], "k_pid_yaw": [0.5, 1e-06, 0.1], "k_pid_hsp": [0.2900921320943738, 0.24082805804114704, 0.143021875166635], "k_pid_vsp": [310.7071762768874, 79.28169168695491, 364.2552909417159]}, "datetime": {"datetime": "2025-08-21 08:57:23", "elapsed": 760.3720388412476, "delta": 26.77534055709839}, "costs": {"total_cost": 1216.9690123680134, "time_cost": 150, "final_distance_cost": 55.43075068858905, "oscillation_cost": 246.8884608952163, "completition_cost": 666.6666666666667, "overshoot_cost": 60.78522396227321, "power_cost": 21.07721346435547, "noise_cost": 16.12069669091265, "n_waypoints_completed": 3, "tot_waypoints": 9}}
{"target": -500.20335865311756, "params": {"k_pid_pos": [1.3125724517510475, 0.036162710494696215, 0.0054298341287004614], "k_pid_alt": [0.10331583402879785, 0.6059251776477277, 0.8014818108594153], "k_pid_att": [23.855282062738848, 8.494103488346438, 0.057231940153260386], "k_pid_yaw": [0.5, 1e-06, 0.1], "k_pid_hsp": [8.009658440031398, 0.9277954301722804, 0.7721083991043806], "k_pid_vsp": [279.24831359145486, 335.19208762417304, 16.06052077867527]}, "datetime": {"datetime": "2025-08-21 08:57:48", "elapsed": 784.5306451320648, "delta": 24.15860629081726}, "costs": {"total_cost": 500.20335865311756, "time_cost": 91.048, "final_distance_cost": 1.7475703532807092, "oscillation_cost": 299.74697489756, "completition_cost": 0.0, "overshoot_cost": 63.54538606550695, "power_cost": 25.827179028320312, "noise_cost": 18.288248308449628, "n_waypoints_completed": 9, "tot_waypoints": 9}}
{"target": -1645.855013444142, "params": {"k_pid_pos": [0.40364404322703884, 0.12492367930564308, 0.5045309901929865], "k_pid_alt": [1.490376256657689, 0.6300118445763987, 0.851131099761935], "k_pid_att": [15.521299244109088, 7.346237457242422, 0.1930414908689041], "k_pid_yaw": [0.5, 1e-06, 0.1], "k_pid_hsp": [2.707660437302871, 0.7099046972813039, 0.9802047848986818], "k_pid_vsp": [244.61744239082782, 21.800126942017926, 246.52358835470415]}, "datetime": {"datetime": "2025-08-21 08:58:17", "elapsed": 813.8989424705505, "delta": 29.368297338485718}, "costs": {"total_cost": 1645.855013444142, "time_cost": 150, "final_distance_cost": 69.54113402560867, "oscillation_cost": 454.9420857669913, "completition_cost": 888.8888888888888, "overshoot_cost": 47.50636761849562, "power_cost": 18.921449926757813, "noise_cost": 16.055087217399915, "n_waypoints_completed": 1, "tot_waypoints": 9}}
{"target": -217.66811242264302, "params": {"k_pid_pos": [0.7, 0.01, 0.09], "k_pid_alt": [0.7, 0.0, 0.1], "k_pid_att": [20.0, 1.0, 0.01], "k_pid_yaw": [0.5, 1e-06, 0.1], "k_pid_hsp": [1.0, 0.01, 0.01], "k_pid_vsp": [150.0, 10.0, 1.0]}, "datetime": {"datetime": "2025-08-21 08:58:42", "elapsed": 839.1665692329407, "delta": 25.267626762390137}, "costs": {"total_cost": 217.66811242264302, "time_cost": 80.336, "final_distance_cost": 1.8549638959015438, "oscillation_cost": 57.72530620934617, "completition_cost": 0.0, "overshoot_cost": 51.21826500953899, "power_cost": 13.574868969726563, "noise_cost": 12.958708338129746, "n_waypoints_completed": 9, "tot_waypoints": 9}}
{"target": -325.68625316321794, "params": {"k_pid_pos": [1.3885554450422086, 0.5811166092209024, 0.19977565166005762], "k_pid_alt": [1.6082490523645254, 0.7154071296158017, 0.7389840039155418], "k_pid_att": [13.105775155731326, 1.2376256611230811, 0.9275625510065076], "k_pid_yaw": [0.5, 1e-06, 0.1], "k_pid_hsp": [3.9758421804300244, 0.30094869178093975, 0.4885840453515333], "k_pid_vsp": [265.14568510543296, 382.2493028631647, 114.57849146637578]}, "datetime": {"datetime": "2025-08-21 08:59:06", "elapsed": 863.4010834693909, "delta": 24.234514236450195}, "costs": {"total_cost": 325.68625316321794, "time_cost": 91.824, "final_distance_cost": 1.7846048971074577, "oscillation_cost": 141.36414198148066, "completition_cost": 0.0, "overshoot_cost": 54.867410415522485, "power_cost": 20.98297733154297, "noise_cost": 14.86311853756439, "n_waypoints_completed": 9, "tot_waypoints": 9}}
{"target": -475.19604834227323, "params": {"k_pid_pos": [1.3368390832847643, 0.4710962061431325, 0.5652361064811888], "k_pid_alt": [1.5299977148320512, 0.6347183200005908, 0.5535794006579958], "k_pid_att": [55.92071607454135, 3.0395705856163158, 0.030817834567939406], "k_pid_yaw": [0.5, 1e-06, 0.1], "k_pid_hsp": [4.3672302205847, 0.2145846728195292, 0.40852864372463615], "k_pid_vsp": [341.36122930726646, 93.57579511219681, 23.321097617323666]}, "datetime": {"datetime": "2025-08-21 08:59:36", "elapsed": 892.7837858200073, "delta": 29.382702350616455}, "costs": {"total_cost": 475.19604834227323, "time_cost": 88.632, "final_distance_cost": 1.7633572141217615, "oscillation_cost": 297.0188150992412, "completition_cost": 0.0, "overshoot_cost": 53.09804043423372, "power_cost": 19.369509216308593, "noise_cost": 15.314326378367962, "n_waypoints_completed": 9, "tot_waypoints": 9}}
{"target": -1725.0092133977237, "params": {"k_pid_pos": [0.7, 0.01, 0.09], "k_pid_alt": [0.7, 0.0, 0.1], "k_pid_att": [82.53995111963212, 2.9536607175383645, 0.4585480817985511], "k_pid_yaw": [0.5, 1e-06, 0.1], "k_pid_hsp": [4.423197039266225, 0.3019273914424916, 0.9184418955155542], "k_pid_vsp": [312.51761417260633, 44.235365287855785, 398.8138631379946]}, "datetime": {"datetime": "2025-08-21 09:00:05", "elapsed": 921.514360666275, "delta": 28.7305748462677}, "costs": {"total_cost": 1725.0092133977237, "time_cost": 150, "final_distance_cost": 102.80897679287287, "oscillation_cost": 453.83363866915886, "completition_cost": 888.8888888888888, "overshoot_cost": 95.0353957228003, "power_cost": 18.86257585449219, "noise_cost": 15.57973746951079, "n_waypoints_completed": 1, "tot_waypoints": 9}}
{"target": -1123.1758916928925, "params": {"k_pid_pos": [1.274184060594016, 0.12192167833511258, 0.5882579999692207], "k_pid_alt": [1.3721927302108976, 0.012302685888602838, 0.45431796184174655], "k_pid_att": [20.0, 1.0, 0.01], "k_pid_yaw": [0.5, 1e-06, 0.1], "k_pid_hsp": [1.0, 0.01, 0.01], "k_pid_vsp": [150.0, 10.0, 167.3600182443441]}, "datetime": {"datetime": "2025-08-21 09:00:30", "elapsed": 946.5851120948792, "delta": 25.070751428604126}, "costs": {"total_cost": 1123.1758916928925, "time_cost": 150, "final_distance_cost": 83.23392923471805, "oscillation_cost": 90.3621258517176, "completition_cost": 666.6666666666667, "overshoot_cost": 101.17565420226416, "power_cost": 16.553147961425783, "noise_cost": 15.184367776100073, "n_waypoints_completed": 3, "tot_waypoints": 9}}
{"target": -288.0746982689762, "params": {"k_pid_pos": [1.3885554450422086, 0.5811166092209024, 0.19977565166005762], "k_pid_alt": [1.6082490523645254, 0.7154071296158017, 0.7389840039155418], "k_pid_att": [13.105775155731326, 1.2376256611230811, 0.9275625510065076], "k_pid_yaw": [0.5, 1e-06, 0.1], "k_pid_hsp": [4.3672302205847, 0.2145846728195292, 0.40852864372463615], "k_pid_vsp": [341.36122930726646, 93.57579511219681, 23.321097617323666]}, "datetime": {"datetime": "2025-08-21 09:00:56", "elapsed": 972.8506271839142, "delta": 26.265515089035034}, "costs": {"total_cost": 288.0746982689762, "time_cost": 91.72800000000001, "final_distance_cost": 1.72377800137513, "oscillation_cost": 109.63662795319574, "completition_cost": 0.0, "overshoot_cost": 56.02230646286684, "power_cost": 16.03868330078125, "noise_cost": 12.925302550757262, "n_waypoints_completed": 9, "tot_waypoints": 9}}
{"target": -810.790240750265, "params": {"k_pid_pos": [1.3368390832847643, 0.4710962061431325, 0.5652361064811888], "k_pid_alt": [1.5299977148320512, 0.6347183200005908, 0.8419932110394631], "k_pid_att": [28.06114361336559, 3.0395705856163158, 0.030817834567939406], "k_pid_yaw": [0.5, 1e-06, 0.1], "k_pid_hsp": [3.9758421804300244, 0.30094869178093975, 0.8271734245206864], "k_pid_vsp": [265.14568510543296, 382.2493028631647, 114.57849146637578]}, "datetime": {"datetime": "2025-08-21 09:01:21", "elapsed": 997.7080116271973, "delta": 24.85738444328308}, "costs": {"total_cost": 810.790240750265, "time_cost": 150, "final_distance_cost": 72.80367007428818, "oscillation_cost": 270.5098301060721, "completition_cost": 222.2222222222222, "overshoot_cost": 50.69905035933859, "power_cost": 25.301494165039063, "noise_cost": 19.25397382330484, "n_waypoints_completed": 7, "tot_waypoints": 9}}
{"target": -1256.4557931380716, "params": {"k_pid_pos": [1.4338086892990753, 0.44936150214378867, 0.272241561845159], "k_pid_alt": [0.1927819243069986, 0.9026023965438417, 0.45577628983361107], "k_pid_att": [20.236336479523032, 2.0906556802565546, 0.579219568941896], "k_pid_yaw": [0.5, 1e-06, 0.1], "k_pid_hsp": [1.7678101521140233, 0.8566142840923755, 0.7585195298352101], "k_pid_vsp": [287.7851823803747, 172.83721647794843, 250.92353665366844]}, "datetime": {"datetime": "2025-08-21 09:01:52", "elapsed": 1029.0928859710693, "delta": 31.38487434387207}, "costs": {"total_cost": 1256.4557931380716, "time_cost": 150, "final_distance_cost": 92.41734368116781, "oscillation_cost": 149.65213863276983, "completition_cost": 777.7777777777778, "overshoot_cost": 49.98570456168555, "power_cost": 21.33374461669922, "noise_cost": 15.289083867971291, "n_waypoints_completed": 2, "tot_waypoints": 9}}
{"target": -439.5186412711787, "params": {"k_pid_pos": [1.849624377781123, 0.024859491386256316, 0.5551980423268247], "k_pid_alt": [1.2679502233621702, 0.7553301727947445, 0.14033959706391264], "k_pid_att": [41.91143193163038, 9.662322498240602, 0.5960425532343728], "k_pid_yaw": [0.5, 1e-06, 0.1], "k_pid_hsp": [9.330238913679953, 0.23285228494370624, 0.4673816015552915], "k_pid_vsp": [313.90537970087496, 7.134714572958311, 43.657599597149975]}, "datetime": {"datetime": "2025-08-21 09:02:15", "elapsed": 1052.2273180484772, "delta": 23.134432077407837}, "costs": {"total_cost": 439.5186412711787, "time_cost": 89.824, "final_distance_cost": 1.7386250615704915, "oscillation_cost": 257.1848057999347, "completition_cost": 0.0, "overshoot_cost": 57.020618091307405, "power_cost": 19.25681475830078, "noise_cost": 14.493777560065311, "n_waypoints_completed": 9, "tot_waypoints": 9}}
{"target": -1494.4990041874553, "params": {"k_pid_pos": [0.7, 0.01, 0.3666083849326124], "k_pid_alt": [0.7, 0.0, 0.1], "k_pid_att": [20.0, 1.0, 0.579219568941896], "k_pid_yaw": [0.5, 1e-06, 0.1], "k_pid_hsp": [1.7678101521140233, 0.8566142840923755, 0.7585195298352101], "k_pid_vsp": [287.7851823803747, 172.83721647794843, 250.92353665366844]}, "datetime": {"datetime": "2025-08-21 09:02:45", "elapsed": 1081.5288002490997, "delta": 29.30148220062256}, "costs": {"total_cost": 1494.4990041874553, "time_cost": 150, "final_distance_cost": 66.52762437347202, "oscillation_cost": 333.13606118261043, "completition_cost": 888.8888888888888, "overshoot_cost": 23.104984366247574, "power_cost": 18.592639916992187, "noise_cost": 14.248805459244345, "n_waypoints_completed": 1, "tot_waypoints": 9}}
{"target": -782.8597064885106, "params": {"k_pid_pos": [1.4338086892990753, 0.44936150214378867, 0.272241561845159], "k_pid_alt": [0.1927819243069986, 0.9026023965438417, 0.45577628983361107], "k_pid_att": [20.236336479523032, 3.0596356458441103, 0.9274604585040267], "k_pid_yaw": [0.5, 1e-06, 0.1], "k_pid_hsp": [1.0, 0.01, 0.01], "k_pid_vsp": [111.20884264032553, 10.0, 1.0]}, "datetime": {"datetime": "2025-08-21 09:03:10", "elapsed": 1106.5715334415436, "delta": 25.042733192443848}, "costs": {"total_cost": 782.8597064885106, "time_cost": 150, "final_distance_cost": 48.65572799831807, "oscillation_cost": 43.80880652940966, "completition_cost": 444.4444444444444, "overshoot_cost": 53.201153007725566, "power_cost": 23.84869216308594, "noise_cost": 18.900882345527, "n_waypoints_completed": 5, "tot_waypoints": 9}}
{"target": -1148.0117277404158, "params": {"k_pid_pos": [0.8325832251638142, 0.04925411992759399, 0.3736141384595716], "k_pid_alt": [1.0475058974352744, 0.10167190290371597, 0.8334585537885597], "k_pid_att": [5.196186646510426, 6.712347009944595, 0.33363775832823817], "k_pid_yaw": [0.5, 1e-06, 0.1], "k_pid_hsp": [8.983675636960621, 0.7625321470706523, 0.2705349409101757], "k_pid_vsp": [145.6768071088216, 125.77599276726518, 63.04466029238821]}, "datetime": {"datetime": "2025-08-21 09:03:41", "elapsed": 1138.148321390152, "delta": 31.5767879486084}, "costs": {"total_cost": 1148.0117277404158, "time_cost": 150, "final_distance_cost": 41.17850343298767, "oscillation_cost": 282.0047821388902, "completition_cost": 555.5555555555555, "overshoot_cost": 47.36528546142022, "power_cost": 30.74538269042969, "noise_cost": 41.16221846113239, "n_waypoints_completed": 4, "tot_waypoints": 9}}
{"target": -1033.2543365266702, "params": {"k_pid_pos": [1.8624793477566346, 0.11973358850112281, 0.7773431275291786], "k_pid_alt": [0.17541802382153682, 0.6578632850405278, 0.4186083007903795], "k_pid_att": [77.43214161418433, 9.248426205993718, 0.0991131415798755], "k_pid_yaw": [0.5, 1e-06, 0.1], "k_pid_hsp": [5.554661555206625, 0.9026531439276171, 0.9795706805865927], "k_pid_vsp": [320.8103521094374, 149.08093714999134, 43.71291733654091]}, "datetime": {"datetime": "2025-08-21 09:04:07", "elapsed": 1164.3662819862366, "delta": 26.217960596084595}, "costs": {"total_cost": 1033.2543365266702, "time_cost": 150, "final_distance_cost": 53.92667691304249, "oscillation_cost": 298.31413589123014, "completition_cost": 444.4444444444444, "overshoot_cost": 50.39131757339239, "power_cost": 20.67269353027344, "noise_cost": 15.505068174287267, "n_waypoints_completed": 5, "tot_waypoints": 9}}
{"target": -782.6745062343767, "params": {"k_pid_pos": [1.4698128353043505, 0.20240459312571835, 0.23453515044129858], "k_pid_alt": [1.7214381366517881, 0.13210283730154393, 0.5146293421163498], "k_pid_att": [9.50957482299346, 4.013615439978124, 0.08449321882352023], "k_pid_yaw": [0.5, 1e-06, 0.1], "k_pid_hsp": [9.35940463302399, 0.13740793003780216, 0.9588802459090804], "k_pid_vsp": [320.3536704340387, 237.47280219285963, 313.04964206919465]}, "datetime": {"datetime": "2025-08-21 09:04:35", "elapsed": 1191.8010301589966, "delta": 27.43474817276001}, "costs": {"total_cost": 782.6745062343767, "time_cost": 150, "final_distance_cost": 68.89241353449515, "oscillation_cost": 245.14982446338098, "completition_cost": 222.2222222222222, "overshoot_cost": 60.75498969191125, "power_cost": 20.599676391601562, "noise_cost": 15.055379930765639, "n_waypoints_completed": 7, "tot_waypoints": 9}}
{"target": -784.4433349366682, "params": {"k_pid_pos": [1.5902501664822735, 0.9460270628173303, 0.2533833538391872], "k_pid_alt": [1.1801517907166184, 0.09504919756440122, 0.34192693854566036], "k_pid_att": [17.12913040927888, 5.649549619663271, 0.5724305140338497], "k_pid_yaw": [0.5, 1e-06, 0.1], "k_pid_hsp": [4.659904931296975, 0.5226317755131228, 0.7639233900065879], "k_pid_vsp": [319.69788660482664, 196.86128673801844, 239.83737700945147]}, "datetime": {"datetime": "2025-08-21 09:05:02", "elapsed": 1218.7856178283691, "delta": 26.98458766937256}, "costs": {"total_cost": 784.4433349366682, "time_cost": 150, "final_distance_cost": 66.3247834052643, "oscillation_cost": 137.21606053791086, "completition_cost": 333.33333333333337, "overshoot_cost": 57.039767310499315, "power_cost": 23.98526025390625, "noise_cost": 16.54413009575404, "n_waypoints_completed": 6, "tot_waypoints": 9}}
{"target": -318.4374007076709, "params": {"k_pid_pos": [1.4698128353043505, 0.20197903768878156, 0.4532799165001634], "k_pid_alt": [1.7214381366517881, 0.13210283730154393, 0.7389840039155418], "k_pid_att": [13.105775155731326, 1.2376256611230811, 0.9275625510065076], "k_pid_yaw": [0.5, 1e-06, 0.1], "k_pid_hsp": [3.9758421804300244, 0.30094869178093975, 0.4885840453515333], "k_pid_vsp": [265.14568510543296, 382.2493028631647, 114.57849146637578]}, "datetime": {"datetime": "2025-08-21 09:05:24", "elapsed": 1240.8367002010345, "delta": 22.051082372665405}, "costs": {"total_cost": 318.4374007076709, "time_cost": 82.928, "final_distance_cost": 1.7477000822377933, "oscillation_cost": 145.21020058523277, "completition_cost": 0.0, "overshoot_cost": 53.618636908109956, "power_cost": 19.865755908203127, "noise_cost": 15.067107223887266, "n_waypoints_completed": 9, "tot_waypoints": 9}}
{"target": -1073.2472248426868, "params": {"k_pid_pos": [1.3885554450422086, 0.5811166092209024, 0.19977565166005762], "k_pid_alt": [1.6082490523645254, 0.7154071296158017, 0.6143797405419198], "k_pid_att": [9.50957482299346, 7.257183711151441, 0.08449321882352023], "k_pid_yaw": [0.5, 1e-06, 0.1], "k_pid_hsp": [9.35940463302399, 0.13740793003780216, 0.9588802459090804], "k_pid_vsp": [320.3536704340387, 237.47280219285963, 313.04964206919465]}, "datetime": {"datetime": "2025-08-21 09:05:52", "elapsed": 1268.6212055683136, "delta": 27.784505367279053}, "costs": {"total_cost": 1073.2472248426868, "time_cost": 150, "final_distance_cost": 55.25827989158117, "oscillation_cost": 322.94838283111466, "completition_cost": 444.4444444444444, "overshoot_cost": 53.11527662938868, "power_cost": 27.072455480957032, "noise_cost": 20.40838556520085, "n_waypoints_completed": 5, "tot_waypoints": 9}}
{"target": -647.323452824986, "params": {"k_pid_pos": [1.3368390832847643, 0.4710962061431325, 0.5652361064811888], "k_pid_alt": [1.5299977148320512, 0.6347183200005908, 0.5535794006579958], "k_pid_att": [55.92071607454135, 9.597749245839971, 0.030817834567939406], "k_pid_yaw": [0.5, 1e-06, 0.1], "k_pid_hsp": [2.4607415083882347, 0.45511784241176234, 0.40852864372463615], "k_pid_vsp": [341.36122930726646, 44.64014818809031, 63.04466029238821]}, "datetime": {"datetime": "2025-08-21 09:06:18", "elapsed": 1294.946048259735, "delta": 26.32484269142151}, "costs": {"total_cost": 647.323452824986, "time_cost": 150, "final_distance_cost": 65.32490371485555, "oscillation_cost": 236.0219832230683, "completition_cost": 111.11111111111116, "overshoot_cost": 49.509268945577695, "power_cost": 20.205698852539065, "noise_cost": 15.150486977834282, "n_waypoints_completed": 8, "tot_waypoints": 9}}
{"target": -703.2639313939255, "params": {"k_pid_pos": [1.3964096322472659, 0.11973358850112281, 0.1171035659001105], "k_pid_alt": [0.17541802382153682, 0.6578632850405278, 0.11207037099869754], "k_pid_att": [77.43214161418433, 5.081722741393169, 0.33363775832823817], "k_pid_yaw": [0.5, 1e-06, 0.1], "k_pid_hsp": [8.983675636960621, 0.7625321470706523, 0.2705349409101757], "k_pid_vsp": [145.6768071088216, 93.57579511219681, 23.321097617323666]}, "datetime": {"datetime": "2025-08-21 09:06:48", "elapsed": 1325.1039037704468, "delta": 30.15785551071167}, "costs": {"total_cost": 703.2639313939255, "time_cost": 150, "final_distance_cost": 42.267599696873724, "oscillation_cost": 304.2630856250392, "completition_cost": 111.11111111111116, "overshoot_cost": 61.70543195453354, "power_cost": 19.10273310546875, "noise_cost": 14.813969900899211, "n_waypoints_completed": 8, "tot_waypoints": 9}}
