{"target": -196.6786107696277, "params": {"k_pid_pos": [1.3885554450422086, 0.024859491386256316, 0.12618627628651247], "k_pid_alt": [1.2679502233621702, 0.0, 0.5500846473514374], "k_pid_att": [58.989274729095186, 7.284845820832624, 0.8739915892735461], "k_pid_yaw": [0.5, 1e-06, 0.1], "k_pid_hsp": [1.0, 0.3530148293123191, 0.01], "k_pid_vsp": [378.2079564087626, 355.21150340299164, 1.0]}, "datetime": {"datetime": "2025-08-21 12:48:02", "elapsed": 14599.032511234283, "delta": 16.090724229812622}, "costs": {"total_cost": 196.6786107696277, "time_cost": 70.672, "final_distance_cost": 1.8330808073752594, "oscillation_cost": 44.64689059903521, "completition_cost": 0.0, "overshoot_cost": 50.51798063322745, "power_cost": 15.898035998535157, "noise_cost": 13.11062273145464, "n_waypoints_completed": 9, "tot_waypoints": 9}}
{"target": -203.83241916259425, "params": {"k_pid_pos": [1.3885554450422086, 0.024859491386256316, 0.13666630474832364], "k_pid_alt": [1.2679502233621702, 0.0, 0.18554982971348166], "k_pid_att": [58.989274729095186, 6.08943583941259, 0.8739915892735461], "k_pid_yaw": [0.5, 1e-06, 0.1], "k_pid_hsp": [5.107906561366106, 0.1531003758033771, 0.01], "k_pid_vsp": [19.426275527231418, 355.21150340299164, 1.0]}, "datetime": {"datetime": "2025-08-21 12:48:19", "elapsed": 14615.774018287659, "delta": 16.741507053375244}, "costs": {"total_cost": 203.83241916259425, "time_cost": 70.712, "final_distance_cost": 1.8256231841121855, "oscillation_cost": 58.53743166662218, "completition_cost": 0.0, "overshoot_cost": 50.613847679747636, "power_cost": 12.02133592529297, "noise_cost": 10.122180706819277, "n_waypoints_completed": 9, "tot_waypoints": 9}}
{"target": -191.41016376656788, "params": {"k_pid_pos": [1.3885554450422086, 0.024859491386256316, 0.13666630474832364], "k_pid_alt": [0.9730264988067046, 0.0, 0.18554982971348166], "k_pid_att": [58.989274729095186, 1.6378108886447933, 0.8739915892735461], "k_pid_yaw": [0.5, 1e-06, 0.1], "k_pid_hsp": [1.0, 0.3530148293123191, 0.01], "k_pid_vsp": [378.2079564087626, 355.21150340299164, 1.0]}, "datetime": {"datetime": "2025-08-21 12:48:35", "elapsed": 14632.18436384201, "delta": 16.410345554351807}, "costs": {"total_cost": 191.41016376656788, "time_cost": 69.896, "final_distance_cost": 1.8282354066592281, "oscillation_cost": 43.37458257911811, "completition_cost": 0.0, "overshoot_cost": 49.716026812851815, "power_cost": 14.379782971191407, "noise_cost": 12.215535996747304, "n_waypoints_completed": 9, "tot_waypoints": 9}}
{"target": -187.46916668570117, "params": {"k_pid_pos": [1.3885554450422086, 0.024859491386256316, 0.11401919133455096], "k_pid_alt": [1.2679502233621702, 0.0, 0.06527723447865985], "k_pid_att": [24.0942673894178, 7.284845820832624, 0.8739915892735461], "k_pid_yaw": [0.5, 1e-06, 0.1], "k_pid_hsp": [1.0, 0.1531003758033771, 0.01], "k_pid_vsp": [378.2079564087626, 355.21150340299164, 1.0]}, "datetime": {"datetime": "2025-08-21 12:48:51", "elapsed": 14647.982581615448, "delta": 15.7982177734375}, "costs": {"total_cost": 187.46916668570117, "time_cost": 68.952, "final_distance_cost": 1.825853931283136, "oscillation_cost": 39.83602006960216, "completition_cost": 0.0, "overshoot_cost": 49.82130794657289, "power_cost": 14.689812548828126, "noise_cost": 12.344172189414882, "n_waypoints_completed": 9, "tot_waypoints": 9}}
{"target": -181.66774121146344, "params": {"k_pid_pos": [1.3078103269235994, 0.024859491386256316, 0.11401919133455096], "k_pid_alt": [1.2679502233621702, 0.0, 0.1576465649121419], "k_pid_att": [33.41589308538913, 7.284845820832624, 0.8739915892735461], "k_pid_yaw": [0.5, 1e-06, 0.1], "k_pid_hsp": [3.022941925987454, 0.1531003758033771, 0.01], "k_pid_vsp": [378.2079564087626, 355.21150340299164, 1.0]}, "datetime": {"datetime": "2025-08-21 12:49:07", "elapsed": 14663.524896860123, "delta": 15.542315244674683}, "costs": {"total_cost": 181.66774121146344, "time_cost": 68.44800000000001, "final_distance_cost": 1.8218342757459371, "oscillation_cost": 44.580863140592214, "completition_cost": 0.0, "overshoot_cost": 49.10812060447863, "power_cost": 8.456538488769532, "noise_cost": 9.252384701877114, "n_waypoints_completed": 9, "tot_waypoints": 9}}
{"target": -201.21764227170365, "params": {"k_pid_pos": [1.3885554450422086, 0.024859491386256316, 0.13666630474832364], "k_pid_alt": [1.2679502233621702, 0.0, 0.18554982971348166], "k_pid_att": [58.989274729095186, 7.284845820832624, 0.8739915892735461], "k_pid_yaw": [0.5, 1e-06, 0.1], "k_pid_hsp": [1.0, 0.3530148293123191, 0.01], "k_pid_vsp": [378.2079564087626, 355.21150340299164, 1.0]}, "datetime": {"datetime": "2025-08-21 12:49:23", "elapsed": 14679.843036413193, "delta": 16.31813955307007}, "costs": {"total_cost": 201.21764227170365, "time_cost": 70.584, "final_distance_cost": 1.8031879254921517, "oscillation_cost": 46.691144257321334, "completition_cost": 0.0, "overshoot_cost": 50.856228202184354, "power_cost": 17.47007248535156, "noise_cost": 13.813009401354275, "n_waypoints_completed": 9, "tot_waypoints": 9}}
{"target": -178.09317315499507, "params": {"k_pid_pos": [1.3885554450422086, 0.024859491386256316, 0.11401919133455096], "k_pid_alt": [1.2679502233621702, 0.0, 0.06527723447865985], "k_pid_att": [24.0942673894178, 7.284845820832624, 0.8739915892735461], "k_pid_yaw": [0.5, 1e-06, 0.1], "k_pid_hsp": [3.022941925987454, 0.1531003758033771, 0.01], "k_pid_vsp": [378.2079564087626, 355.21150340299164, 1.0]}, "datetime": {"datetime": "2025-08-21 12:49:38", "elapsed": 14695.44622015953, "delta": 15.60318374633789}, "costs": {"total_cost": 178.09317315499507, "time_cost": 68.152, "final_distance_cost": 1.8084374333532591, "oscillation_cost": 42.78582309005243, "completition_cost": 0.0, "overshoot_cost": 48.953618482899714, "power_cost": 7.715014953613282, "noise_cost": 8.678279195076355, "n_waypoints_completed": 9, "tot_waypoints": 9}}
{"target": -204.27297856271974, "params": {"k_pid_pos": [1.3078103269235994, 0.024859491386256316, 0.11401919133455096], "k_pid_alt": [1.2679502233621702, 0.4687387309924248, 0.1576465649121419], "k_pid_att": [33.41589308538913, 7.284845820832624, 0.8739915892735461], "k_pid_yaw": [0.5, 1e-06, 0.1], "k_pid_hsp": [3.3560449345655647, 0.1531003758033771, 0.01], "k_pid_vsp": [378.2079564087626, 355.21150340299164, 1.0]}, "datetime": {"datetime": "2025-08-21 12:49:57", "elapsed": 14714.059206008911, "delta": 18.612985849380493}, "costs": {"total_cost": 204.27297856271974, "time_cost": 77.024, "final_distance_cost": 1.802163948917954, "oscillation_cost": 48.294518478117666, "completition_cost": 0.0, "overshoot_cost": 51.055029996659094, "power_cost": 13.903496325683594, "noise_cost": 12.193769813341454, "n_waypoints_completed": 9, "tot_waypoints": 9}}
{"target": -223.1611388823619, "params": {"k_pid_pos": [1.3885554450422086, 0.024859491386256316, 0.11401919133455096], "k_pid_alt": [1.2679502233621702, 0.40485283893496626, 0.06527723447865985], "k_pid_att": [24.0942673894178, 7.284845820832624, 0.8739915892735461], "k_pid_yaw": [0.5, 1e-06, 0.1], "k_pid_hsp": [9.909720763160385, 0.1531003758033771, 0.01], "k_pid_vsp": [378.2079564087626, 355.21150340299164, 1.0]}, "datetime": {"datetime": "2025-08-21 12:50:15", "elapsed": 14732.295771121979, "delta": 18.236565113067627}, "costs": {"total_cost": 223.1611388823619, "time_cost": 79.288, "final_distance_cost": 1.76101592542864, "oscillation_cost": 60.17589611509581, "completition_cost": 0.0, "overshoot_cost": 51.07661225615947, "power_cost": 17.059546997070314, "noise_cost": 13.800067588607714, "n_waypoints_completed": 9, "tot_waypoints": 9}}
{"target": -967.6725622469935, "params": {"k_pid_pos": [1.4546045708064101, 0.024859491386256316, 0.8936703812216521], "k_pid_alt": [0.7822613918691275, 0.9989689917576853, 0.1576465649121419], "k_pid_att": [58.989274729095186, 3.9650988168623, 0.4278731612336244], "k_pid_yaw": [0.5, 1e-06, 0.1], "k_pid_hsp": [3.3560449345655647, 0.1531003758033771, 0.6562560081171346], "k_pid_vsp": [378.2079564087626, 355.21150340299164, 1.0]}, "datetime": {"datetime": "2025-08-21 12:50:38", "elapsed": 14755.126031398773, "delta": 22.830260276794434}, "costs": {"total_cost": 967.6725622469935, "time_cost": 150, "final_distance_cost": 71.42220958257748, "oscillation_cost": 331.15568918131453, "completition_cost": 333.33333333333337, "overshoot_cost": 48.3059745629472, "power_cost": 17.742796862792968, "noise_cost": 15.71255872402798, "n_waypoints_completed": 6, "tot_waypoints": 9}}
{"target": -179.93686227268847, "params": {"k_pid_pos": [1.3078103269235994, 0.024859491386256316, 0.11401919133455096], "k_pid_alt": [1.2679502233621702, 0.0, 0.1576465649121419], "k_pid_att": [58.989274729095186, 8.039636722459171, 0.8792759721912583], "k_pid_yaw": [0.5, 1e-06, 0.1], "k_pid_hsp": [1.212585439599864, 0.1531003758033771, 0.01], "k_pid_vsp": [378.2079564087626, 87.58200976551859, 1.0]}, "datetime": {"datetime": "2025-08-21 12:50:54", "elapsed": 14771.35703086853, "delta": 16.23099946975708}, "costs": {"total_cost": 179.93686227268847, "time_cost": 68.864, "final_distance_cost": 1.826133886593973, "oscillation_cost": 39.60638152875223, "completition_cost": 0.0, "overshoot_cost": 49.590633036498765, "power_cost": 10.02519267578125, "noise_cost": 10.024521145062229, "n_waypoints_completed": 9, "tot_waypoints": 9}}
{"target": -181.44236430404948, "params": {"k_pid_pos": [1.3885554450422086, 0.024859491386256316, 0.4388587351883817], "k_pid_alt": [1.2679502233621702, 0.0, 0.1576465649121419], "k_pid_att": [33.41589308538913, 7.284845820832624, 0.8739915892735461], "k_pid_yaw": [0.5, 1e-06, 0.1], "k_pid_hsp": [3.022941925987454, 0.1531003758033771, 0.01], "k_pid_vsp": [378.2079564087626, 355.21150340299164, 1.0]}, "datetime": {"datetime": "2025-08-21 12:51:10", "elapsed": 14787.420363426208, "delta": 16.063332557678223}, "costs": {"total_cost": 181.44236430404948, "time_cost": 69.376, "final_distance_cost": 1.8460900071773283, "oscillation_cost": 41.60092073166296, "completition_cost": 0.0, "overshoot_cost": 49.524638741122985, "power_cost": 9.228941528320313, "noise_cost": 9.86577329576592, "n_waypoints_completed": 9, "tot_waypoints": 9}}
{"target": -179.39330788755234, "params": {"k_pid_pos": [1.3885554450422086, 0.024859491386256316, 0.11401919133455096], "k_pid_alt": [1.113216515173282, 0.0, 0.06527723447865985], "k_pid_att": [24.0942673894178, 7.284845820832624, 0.8739915892735461], "k_pid_yaw": [0.5, 1e-06, 0.1], "k_pid_hsp": [1.0, 0.1531003758033771, 0.01], "k_pid_vsp": [378.2079564087626, 355.21150340299164, 1.0]}, "datetime": {"datetime": "2025-08-21 12:51:26", "elapsed": 14803.329658985138, "delta": 15.909295558929443}, "costs": {"total_cost": 179.39330788755234, "time_cost": 68.432, "final_distance_cost": 1.8031672506109186, "oscillation_cost": 40.47378543595092, "completition_cost": 0.0, "overshoot_cost": 49.57635981239026, "power_cost": 9.506555993652345, "noise_cost": 9.601439394947901, "n_waypoints_completed": 9, "tot_waypoints": 9}}
{"target": -181.20133893264284, "params": {"k_pid_pos": [1.3885554450422086, 0.024859491386256316, 0.11401919133455096], "k_pid_alt": [1.2679502233621702, 0.0, 0.06527723447865985], "k_pid_att": [24.0942673894178, 7.284845820832624, 0.8739915892735461], "k_pid_yaw": [0.5, 1e-06, 0.1], "k_pid_hsp": [3.022941925987454, 0.1531003758033771, 0.01], "k_pid_vsp": [378.2079564087626, 355.21150340299164, 1.0]}, "datetime": {"datetime": "2025-08-21 12:51:42", "elapsed": 14818.961109876633, "delta": 15.631450891494751}, "costs": {"total_cost": 181.20133893264284, "time_cost": 68.408, "final_distance_cost": 1.808793025698881, "oscillation_cost": 40.71294108957291, "completition_cost": 0.0, "overshoot_cost": 49.21412631533664, "power_cost": 10.630896057128906, "noise_cost": 10.42658244490553, "n_waypoints_completed": 9, "tot_waypoints": 9}}
{"target": -183.5392548500233, "params": {"k_pid_pos": [1.3885554450422086, 0.024859491386256316, 0.11401919133455096], "k_pid_alt": [1.2679502233621702, 0.0, 0.06527723447865985], "k_pid_att": [24.0942673894178, 7.284845820832624, 0.4533553111744568], "k_pid_yaw": [0.5, 1e-06, 0.1], "k_pid_hsp": [1.0, 0.1531003758033771, 0.01], "k_pid_vsp": [378.2079564087626, 355.21150340299164, 1.0]}, "datetime": {"datetime": "2025-08-21 12:51:57", "elapsed": 14834.390710353851, "delta": 15.429600477218628}, "costs": {"total_cost": 183.5392548500233, "time_cost": 68.21600000000001, "final_distance_cost": 1.8109229987506477, "oscillation_cost": 40.967281862360664, "completition_cost": 0.0, "overshoot_cost": 49.04278122309766, "power_cost": 12.288510375976562, "noise_cost": 11.213758389837754, "n_waypoints_completed": 9, "tot_waypoints": 9}}
{"target": -184.5247760795564, "params": {"k_pid_pos": [1.3885554450422086, 0.024859491386256316, 0.11401919133455096], "k_pid_alt": [1.113216515173282, 0.0, 0.06527723447865985], "k_pid_att": [24.0942673894178, 7.284845820832624, 0.8739915892735461], "k_pid_yaw": [0.5, 1e-06, 0.1], "k_pid_hsp": [1.0, 0.1531003758033771, 0.01], "k_pid_vsp": [378.2079564087626, 355.21150340299164, 1.0]}, "datetime": {"datetime": "2025-08-21 12:52:13", "elapsed": 14849.989641904831, "delta": 15.598931550979614}, "costs": {"total_cost": 184.5247760795564, "time_cost": 68.784, "final_distance_cost": 1.7886713485662273, "oscillation_cost": 40.773623084802885, "completition_cost": 0.0, "overshoot_cost": 49.61981623015767, "power_cost": 12.439149401855468, "noise_cost": 11.119516014174168, "n_waypoints_completed": 9, "tot_waypoints": 9}}
{"target": -188.64780533528506, "params": {"k_pid_pos": [1.3078103269235994, 0.024859491386256316, 0.11401919133455096], "k_pid_alt": [1.2679502233621702, 0.0, 0.5500846473514374], "k_pid_att": [58.989274729095186, 7.284845820832624, 0.8739915892735461], "k_pid_yaw": [0.5, 1e-06, 0.1], "k_pid_hsp": [1.0, 0.1531003758033771, 0.01], "k_pid_vsp": [378.2079564087626, 355.21150340299164, 1.0]}, "datetime": {"datetime": "2025-08-21 12:52:29", "elapsed": 14865.971327781677, "delta": 15.981685876846313}, "costs": {"total_cost": 188.64780533528506, "time_cost": 70.792, "final_distance_cost": 1.8154650840190902, "oscillation_cost": 37.599584078423376, "completition_cost": 0.0, "overshoot_cost": 50.579735359728765, "power_cost": 15.256851586914063, "noise_cost": 12.604169226199758, "n_waypoints_completed": 9, "tot_waypoints": 9}}
{"target": -342.7818053040562, "params": {"k_pid_pos": [1.3885554450422086, 0.024859491386256316, 0.11401919133455096], "k_pid_alt": [0.9092830241607659, 0.0, 0.1576465649121419], "k_pid_att": [33.41589308538913, 7.284845820832624, 0.8739915892735461], "k_pid_yaw": [0.5, 1e-06, 0.1], "k_pid_hsp": [3.022941925987454, 0.1531003758033771, 0.3427828889311625], "k_pid_vsp": [378.2079564087626, 355.21150340299164, 1.0]}, "datetime": {"datetime": "2025-08-21 12:52:47", "elapsed": 14883.83762216568, "delta": 17.866294384002686}, "costs": {"total_cost": 342.7818053040562, "time_cost": 78.928, "final_distance_cost": 1.7931095761603135, "oscillation_cost": 183.01897323866817, "completition_cost": 0.0, "overshoot_cost": 50.84729203157855, "power_cost": 15.159493725585937, "noise_cost": 13.034936732063226, "n_waypoints_completed": 9, "tot_waypoints": 9}}
{"target": -263.39314065035126, "params": {"k_pid_pos": [1.3885554450422086, 0.8712793157065106, 0.11401919133455096], "k_pid_alt": [1.2679502233621702, 0.0, 0.06527723447865985], "k_pid_att": [24.0942673894178, 7.284845820832624, 0.4533553111744568], "k_pid_yaw": [0.5, 1e-06, 0.1], "k_pid_hsp": [1.0, 0.1531003758033771, 0.01], "k_pid_vsp": [378.2079564087626, 355.21150340299164, 1.0]}, "datetime": {"datetime": "2025-08-21 12:53:09", "elapsed": 14906.280737161636, "delta": 22.44311499595642}, "costs": {"total_cost": 263.39314065035126, "time_cost": 98.096, "final_distance_cost": 1.722115476434116, "oscillation_cost": 58.431839602719414, "completition_cost": 0.0, "overshoot_cost": 64.54394386782316, "power_cost": 22.052860986328128, "noise_cost": 18.546380717046443, "n_waypoints_completed": 9, "tot_waypoints": 9}}
{"target": -187.18306121004835, "params": {"k_pid_pos": [1.3885554450422086, 0.024859491386256316, 0.4088772856873999], "k_pid_alt": [1.113216515173282, 0.0, 0.06527723447865985], "k_pid_att": [89.76499907316582, 7.284845820832624, 0.8739915892735461], "k_pid_yaw": [0.5, 1e-06, 0.1], "k_pid_hsp": [1.0, 0.1531003758033771, 0.01], "k_pid_vsp": [378.2079564087626, 355.21150340299164, 1.0]}, "datetime": {"datetime": "2025-08-21 12:53:25", "elapsed": 14922.423310995102, "delta": 16.142573833465576}, "costs": {"total_cost": 187.18306121004835, "time_cost": 69.57600000000001, "final_distance_cost": 1.8412564586627724, "oscillation_cost": 43.004263854318275, "completition_cost": 0.0, "overshoot_cost": 49.96223896968004, "power_cost": 11.71973310546875, "noise_cost": 11.079568821918523, "n_waypoints_completed": 9, "tot_waypoints": 9}}
{"target": -187.02616879226196, "params": {"k_pid_pos": [0.9326368519522082, 0.024859491386256316, 0.11401919133455096], "k_pid_alt": [1.2679502233621702, 0.0, 0.1576465649121419], "k_pid_att": [58.989274729095186, 8.039636722459171, 0.8792759721912583], "k_pid_yaw": [0.5, 1e-06, 0.1], "k_pid_hsp": [1.212585439599864, 0.1531003758033771, 0.01], "k_pid_vsp": [378.2079564087626, 87.58200976551859, 1.0]}, "datetime": {"datetime": "2025-08-21 12:53:42", "elapsed": 14938.833514213562, "delta": 16.410203218460083}, "costs": {"total_cost": 187.02616879226196, "time_cost": 72.06400000000001, "final_distance_cost": 1.8502696861371744, "oscillation_cost": 41.444300691183756, "completition_cost": 0.0, "overshoot_cost": 48.872318523881226, "power_cost": 11.491662902832031, "noise_cost": 11.303616988227782, "n_waypoints_completed": 9, "tot_waypoints": 9}}
{"target": -203.31035010600345, "params": {"k_pid_pos": [1.3078103269235994, 0.024859491386256316, 0.11401919133455096], "k_pid_alt": [1.2679502233621702, 0.0, 0.1739375988235733], "k_pid_att": [24.0942673894178, 7.284845820832624, 0.8739915892735461], "k_pid_yaw": [0.5, 1e-06, 0.1], "k_pid_hsp": [1.0, 0.3825815065618582, 0.01], "k_pid_vsp": [378.2079564087626, 355.21150340299164, 1.0]}, "datetime": {"datetime": "2025-08-21 12:53:59", "elapsed": 14955.568081140518, "delta": 16.734566926956177}, "costs": {"total_cost": 203.31035010600345, "time_cost": 71.976, "final_distance_cost": 1.8313819720106574, "oscillation_cost": 48.01339356735853, "completition_cost": 0.0, "overshoot_cost": 51.361340397360955, "power_cost": 16.66517354736328, "noise_cost": 13.463060621910058, "n_waypoints_completed": 9, "tot_waypoints": 9}}
{"target": -201.513961607139, "params": {"k_pid_pos": [1.3885554450422086, 0.024859491386256316, 0.11401919133455096], "k_pid_alt": [1.2679502233621702, 0.0, 0.5500846473514374], "k_pid_att": [58.989274729095186, 7.284845820832624, 0.8739915892735461], "k_pid_yaw": [0.5, 1e-06, 0.1], "k_pid_hsp": [6.746884969120823, 0.1531003758033771, 0.01], "k_pid_vsp": [171.36698465475635, 355.21150340299164, 1.0]}, "datetime": {"datetime": "2025-08-21 12:54:15", "elapsed": 14971.600375175476, "delta": 16.032294034957886}, "costs": {"total_cost": 201.513961607139, "time_cost": 70.168, "final_distance_cost": 1.8161988277725687, "oscillation_cost": 57.84892769617049, "completition_cost": 0.0, "overshoot_cost": 49.73646156998431, "power_cost": 11.205989782714845, "noise_cost": 10.7383837304968, "n_waypoints_completed": 9, "tot_waypoints": 9}}
{"target": -183.2357293663332, "params": {"k_pid_pos": [1.3885554450422086, 0.024859491386256316, 0.13666630474832364], "k_pid_alt": [0.9730264988067046, 0.0, 0.22260652447727036], "k_pid_att": [50.98074059285719, 1.6378108886447933, 0.8739915892735461], "k_pid_yaw": [0.5, 1e-06, 0.1], "k_pid_hsp": [1.0, 0.3530148293123191, 0.01], "k_pid_vsp": [366.9222945638871, 355.21150340299164, 1.0]}, "datetime": {"datetime": "2025-08-21 12:54:31", "elapsed": 14987.86060833931, "delta": 16.260233163833618}, "costs": {"total_cost": 183.2357293663332, "time_cost": 69.72, "final_distance_cost": 1.823418988638658, "oscillation_cost": 45.35589892134133, "completition_cost": 0.0, "overshoot_cost": 49.366736334525484, "power_cost": 8.008996850585937, "noise_cost": 8.96067827124179, "n_waypoints_completed": 9, "tot_waypoints": 9}}
{"target": -192.92368666275848, "params": {"k_pid_pos": [1.3885554450422086, 0.024859491386256316, 0.4388587351883817], "k_pid_alt": [1.2679502233621702, 0.0, 0.1576465649121419], "k_pid_att": [33.41589308538913, 7.284845820832624, 0.12604967571558012], "k_pid_yaw": [0.5, 1e-06, 0.1], "k_pid_hsp": [1.0, 0.05230502579760865, 0.01], "k_pid_vsp": [378.2079564087626, 124.81735042990572, 1.0]}, "datetime": {"datetime": "2025-08-21 12:54:47", "elapsed": 15003.862979412079, "delta": 16.002371072769165}, "costs": {"total_cost": 192.92368666275848, "time_cost": 69.64, "final_distance_cost": 1.8491910480867837, "oscillation_cost": 52.80460955618381, "completition_cost": 0.0, "overshoot_cost": 50.06570782317524, "power_cost": 8.750899047851563, "noise_cost": 9.813279187461083, "n_waypoints_completed": 9, "tot_waypoints": 9}}
{"target": -198.46791996859633, "params": {"k_pid_pos": [1.3885554450422086, 0.024859491386256316, 0.11401919133455096], "k_pid_alt": [1.113216515173282, 0.0, 0.06527723447865985], "k_pid_att": [24.0942673894178, 7.284845820832624, 0.1432438844471683], "k_pid_yaw": [0.5, 1e-06, 0.1], "k_pid_hsp": [3.022941925987454, 0.1531003758033771, 0.01], "k_pid_vsp": [378.2079564087626, 355.21150340299164, 1.0]}, "datetime": {"datetime": "2025-08-21 12:55:03", "elapsed": 15019.926680326462, "delta": 16.063700914382935}, "costs": {"total_cost": 198.46791996859633, "time_cost": 68.936, "final_distance_cost": 1.8138072273125851, "oscillation_cost": 52.602418456963484, "completition_cost": 0.0, "overshoot_cost": 49.45646767158635, "power_cost": 13.659610107421877, "noise_cost": 11.999616505312021, "n_waypoints_completed": 9, "tot_waypoints": 9}}
