{"target": -183.86161642924867, "params": {"k_pid_pos": [1.3885554450422086, 0.024859491386256316, 0.7180997852669284], "k_pid_alt": [1.1424381546674114, 0.0, 0.016491258977649914], "k_pid_att": [20.236336479523032, 5.556263249731063, 0.5680009751981364], "k_pid_yaw": [0.5, 1e-06, 0.1], "k_pid_hsp": [1.5353014571438959, 0.6481168050241883, 0.01], "k_pid_vsp": [153.0622015256548, 355.21150340299164, 17.132000594645874]}, "datetime": {"datetime": "2025-08-21 12:09:22", "elapsed": 12278.524105787277, "delta": 16.062796592712402}, "costs": {"total_cost": 183.86161642924867, "time_cost": 70.184, "final_distance_cost": 1.8475806154604495, "oscillation_cost": 46.085294693749695, "completition_cost": 0.0, "overshoot_cost": 48.98638132414101, "power_cost": 8.013602124023437, "noise_cost": 8.744757671874073, "n_waypoints_completed": 9, "tot_waypoints": 9}}
{"target": -216.63656685122382, "params": {"k_pid_pos": [1.3885554450422086, 0.024859491386256316, 0.11401919133455096], "k_pid_alt": [1.2679502233621702, 0.0, 0.512921577555336], "k_pid_att": [58.989274729095186, 2.79325987156934, 0.8739915892735461], "k_pid_yaw": [0.5, 1e-06, 0.1], "k_pid_hsp": [9.311701112795195, 0.1531003758033771, 0.01], "k_pid_vsp": [378.2079564087626, 355.21150340299164, 1.0]}, "datetime": {"datetime": "2025-08-21 12:09:38", "elapsed": 12294.670027017593, "delta": 16.145921230316162}, "costs": {"total_cost": 216.63656685122382, "time_cost": 70.36, "final_distance_cost": 1.7938819400520851, "oscillation_cost": 69.87351040235367, "completition_cost": 0.0, "overshoot_cost": 50.050936737075745, "power_cost": 12.894899072265625, "noise_cost": 11.6633386994767, "n_waypoints_completed": 9, "tot_waypoints": 9}}
{"target": -192.80720612924605, "params": {"k_pid_pos": [1.3885554450422086, 0.024859491386256316, 0.11401919133455096], "k_pid_alt": [1.2679502233621702, 0.0, 0.1576465649121419], "k_pid_att": [58.989274729095186, 7.284845820832624, 0.8739915892735461], "k_pid_yaw": [0.5, 1e-06, 0.1], "k_pid_hsp": [1.0, 0.1531003758033771, 0.01], "k_pid_vsp": [378.2079564087626, 383.1463585968337, 1.0]}, "datetime": {"datetime": "2025-08-21 12:09:54", "elapsed": 12311.12339925766, "delta": 16.45337224006653}, "costs": {"total_cost": 192.80720612924605, "time_cost": 69.792, "final_distance_cost": 1.796002855471691, "oscillation_cost": 40.00141999237807, "completition_cost": 0.0, "overshoot_cost": 51.27091588173421, "power_cost": 16.592430712890625, "noise_cost": 13.354436686771427, "n_waypoints_completed": 9, "tot_waypoints": 9}}
{"target": -254.39427867318722, "params": {"k_pid_pos": [1.3885554450422086, 0.8568915413857133, 0.7180997852669284], "k_pid_alt": [0.304482605777602, 0.0, 0.016491258977649914], "k_pid_att": [20.236336479523032, 5.497138352925422, 0.5680009751981364], "k_pid_yaw": [0.5, 1e-06, 0.1], "k_pid_hsp": [1.5353014571438959, 0.6481168050241883, 0.01], "k_pid_vsp": [153.0622015256548, 46.11423100434292, 17.132000594645874]}, "datetime": {"datetime": "2025-08-21 12:10:16", "elapsed": 12333.159442901611, "delta": 22.036043643951416}, "costs": {"total_cost": 254.39427867318722, "time_cost": 98.008, "final_distance_cost": 1.8456731733370315, "oscillation_cost": 50.944732429041025, "completition_cost": 0.0, "overshoot_cost": 52.03244578004956, "power_cost": 29.54658708496094, "noise_cost": 22.016840205798637, "n_waypoints_completed": 9, "tot_waypoints": 9}}
{"target": -240.51205626375628, "params": {"k_pid_pos": [1.3885554450422086, 0.024859491386256316, 0.11401919133455096], "k_pid_alt": [1.2679502233621702, 0.0, 0.512921577555336], "k_pid_att": [27.406759869572184, 4.877992569761678, 0.9274604585040267], "k_pid_yaw": [0.5, 1e-06, 0.1], "k_pid_hsp": [8.461975807873474, 0.7301635020553603, 0.01], "k_pid_vsp": [153.0622015256548, 355.21150340299164, 119.24761092908695]}, "datetime": {"datetime": "2025-08-21 12:10:33", "elapsed": 12349.665945768356, "delta": 16.506502866744995}, "costs": {"total_cost": 240.51205626375628, "time_cost": 71.568, "final_distance_cost": 1.835121818882993, "oscillation_cost": 88.17570875821103, "completition_cost": 0.0, "overshoot_cost": 50.774238402198144, "power_cost": 15.718621191406251, "noise_cost": 12.440366093057849, "n_waypoints_completed": 9, "tot_waypoints": 9}}
{"target": -197.6534525786557, "params": {"k_pid_pos": [1.3885554450422086, 0.024859491386256316, 0.7180997852669284], "k_pid_alt": [1.961806136254105, 0.0, 0.016491258977649914], "k_pid_att": [20.236336479523032, 5.556263249731063, 0.5680009751981364], "k_pid_yaw": [0.5, 1e-06, 0.1], "k_pid_hsp": [5.897593413282173, 0.1804332312748227, 0.01], "k_pid_vsp": [153.0622015256548, 355.21150340299164, 17.132000594645874]}, "datetime": {"datetime": "2025-08-21 12:10:49", "elapsed": 12365.953985452652, "delta": 16.288039684295654}, "costs": {"total_cost": 197.6534525786557, "time_cost": 71.19200000000001, "final_distance_cost": 1.8406696087705587, "oscillation_cost": 54.316984708470756, "completition_cost": 0.0, "overshoot_cost": 50.513122276140585, "power_cost": 10.411259228515625, "noise_cost": 9.379416756758166, "n_waypoints_completed": 9, "tot_waypoints": 9}}
{"target": -192.63250646510386, "params": {"k_pid_pos": [1.3078103269235994, 0.024859491386256316, 0.11401919133455096], "k_pid_alt": [1.2679502233621702, 0.0, 0.512921577555336], "k_pid_att": [60.39759467582875, 2.79325987156934, 0.8739915892735461], "k_pid_yaw": [0.5, 1e-06, 0.1], "k_pid_hsp": [1.0, 0.24468742025477586, 0.01], "k_pid_vsp": [294.66786775931484, 355.21150340299164, 1.0]}, "datetime": {"datetime": "2025-08-21 12:11:05", "elapsed": 12382.055539369583, "delta": 16.101553916931152}, "costs": {"total_cost": 192.63250646510386, "time_cost": 70.976, "final_distance_cost": 1.8296371784209786, "oscillation_cost": 38.808409218077465, "completition_cost": 0.0, "overshoot_cost": 50.35833886800118, "power_cost": 17.1398689453125, "noise_cost": 13.520252255291709, "n_waypoints_completed": 9, "tot_waypoints": 9}}
{"target": -217.4253396978869, "params": {"k_pid_pos": [1.3885554450422086, 0.024859491386256316, 0.11401919133455096], "k_pid_alt": [1.2679502233621702, 0.3739270758514206, 0.8348396761435622], "k_pid_att": [94.27907641276623, 9.579728616174156, 0.03545872694893892], "k_pid_yaw": [0.5, 1e-06, 0.1], "k_pid_hsp": [1.5353014571438959, 0.1531003758033771, 0.01], "k_pid_vsp": [378.2079564087626, 156.5077636423909, 10.69915016599017]}, "datetime": {"datetime": "2025-08-21 12:11:23", "elapsed": 12399.56953382492, "delta": 17.513994455337524}, "costs": {"total_cost": 217.4253396978869, "time_cost": 77.496, "final_distance_cost": 1.773753233114116, "oscillation_cost": 59.961564444590536, "completition_cost": 0.0, "overshoot_cost": 51.22713765808197, "power_cost": 14.991050732421876, "noise_cost": 11.975833629678391, "n_waypoints_completed": 9, "tot_waypoints": 9}}
{"target": -306.05908209295717, "params": {"k_pid_pos": [1.3885554450422086, 0.024859491386256316, 0.11401919133455096], "k_pid_alt": [1.2679502233621702, 0.0, 0.512921577555336], "k_pid_att": [58.989274729095186, 0.4496302287662606, 0.8739915892735461], "k_pid_yaw": [0.5, 1e-06, 0.1], "k_pid_hsp": [1.0, 0.28674392475714716, 0.40365877029916764], "k_pid_vsp": [243.01671064833118, 355.21150340299164, 1.0]}, "datetime": {"datetime": "2025-08-21 12:11:43", "elapsed": 12419.76798248291, "delta": 20.198448657989502}, "costs": {"total_cost": 306.05908209295717, "time_cost": 87.552, "final_distance_cost": 1.7895006188761144, "oscillation_cost": 126.84879526555606, "completition_cost": 0.0, "overshoot_cost": 57.09549616404945, "power_cost": 17.855834643554687, "noise_cost": 14.917455400920844, "n_waypoints_completed": 9, "tot_waypoints": 9}}
{"target": -182.28310217991316, "params": {"k_pid_pos": [1.3885554450422086, 0.024859491386256316, 0.11401919133455096], "k_pid_alt": [0.8815334174028542, 0.0, 0.512921577555336], "k_pid_att": [58.989274729095186, 2.79325987156934, 0.9669350405079173], "k_pid_yaw": [0.5, 1e-06, 0.1], "k_pid_hsp": [1.0, 0.005322982040420254, 0.01], "k_pid_vsp": [378.2079564087626, 355.21150340299164, 1.0]}, "datetime": {"datetime": "2025-08-21 12:11:59", "elapsed": 12436.124065637589, "delta": 16.356083154678345}, "costs": {"total_cost": 182.28310217991316, "time_cost": 72.688, "final_distance_cost": 1.8290159385633527, "oscillation_cost": 40.57169674084857, "completition_cost": 0.0, "overshoot_cost": 50.04806978758252, "power_cost": 8.102740930175782, "noise_cost": 9.043578782742905, "n_waypoints_completed": 9, "tot_waypoints": 9}}
{"target": -180.41600974747897, "params": {"k_pid_pos": [1.3885554450422086, 0.024859491386256316, 0.11401919133455096], "k_pid_alt": [1.394383142748206, 0.0, 0.1576465649121419], "k_pid_att": [27.406759869572184, 3.0596356458441103, 0.17039554323513206], "k_pid_yaw": [0.5, 1e-06, 0.1], "k_pid_hsp": [1.5353014571438959, 0.01, 0.01], "k_pid_vsp": [378.2079564087626, 355.21150340299164, 1.0]}, "datetime": {"datetime": "2025-08-21 12:12:15", "elapsed": 12451.80733537674, "delta": 15.683269739151001}, "costs": {"total_cost": 180.41600974747897, "time_cost": 68.376, "final_distance_cost": 1.8241883009676076, "oscillation_cost": 43.84142789743024, "completition_cost": 0.0, "overshoot_cost": 49.56478896159867, "power_cost": 8.039480578613281, "noise_cost": 8.770124008869141, "n_waypoints_completed": 9, "tot_waypoints": 9}}
{"target": -458.8661341526845, "params": {"k_pid_pos": [1.3078103269235994, 0.024859491386256316, 0.11401919133455096], "k_pid_alt": [1.2679502233621702, 0.0, 0.06527723447865985], "k_pid_att": [25.40845784245549, 7.284845820832624, 0.8739915892735461], "k_pid_yaw": [0.5, 1e-06, 0.1], "k_pid_hsp": [1.0, 0.1531003758033771, 0.6591334331178952], "k_pid_vsp": [153.0622015256548, 355.21150340299164, 119.24761092908695]}, "datetime": {"datetime": "2025-08-21 12:12:38", "elapsed": 12474.63085436821, "delta": 22.823518991470337}, "costs": {"total_cost": 458.8661341526845, "time_cost": 99.664, "final_distance_cost": 1.7923718969247477, "oscillation_cost": 248.1319601242687, "completition_cost": 0.0, "overshoot_cost": 72.37136047303616, "power_cost": 20.712806652832032, "noise_cost": 16.193635005622866, "n_waypoints_completed": 9, "tot_waypoints": 9}}
{"target": -607.4278110859187, "params": {"k_pid_pos": [0.8471180367683476, 0.7861504387832445, 0.11401919133455096], "k_pid_alt": [1.2679502233621702, 0.8207873345644269, 0.06527723447865985], "k_pid_att": [24.0942673894178, 7.284845820832624, 0.8739915892735461], "k_pid_yaw": [0.5, 1e-06, 0.1], "k_pid_hsp": [3.3560449345655647, 0.1531003758033771, 0.01], "k_pid_vsp": [378.2079564087626, 355.21150340299164, 37.23086544794797]}, "datetime": {"datetime": "2025-08-21 12:13:00", "elapsed": 12496.862915754318, "delta": 22.2320613861084}, "costs": {"total_cost": 607.4278110859187, "time_cost": 150, "final_distance_cost": 75.82931358642169, "oscillation_cost": 62.249684622616876, "completition_cost": 222.2222222222222, "overshoot_cost": 48.98760445824425, "power_cost": 27.233986181640628, "noise_cost": 20.905000014773144, "n_waypoints_completed": 7, "tot_waypoints": 9}}
{"target": -231.7325721521161, "params": {"k_pid_pos": [1.3885554450422086, 0.024859491386256316, 0.7180997852669284], "k_pid_alt": [1.961806136254105, 0.0, 0.016491258977649914], "k_pid_att": [91.51304492310662, 5.556263249731063, 0.5680009751981364], "k_pid_yaw": [0.5, 1e-06, 0.1], "k_pid_hsp": [8.976632338120003, 0.6481168050241883, 0.01], "k_pid_vsp": [153.0622015256548, 355.21150340299164, 17.132000594645874]}, "datetime": {"datetime": "2025-08-21 12:13:16", "elapsed": 12513.011932849884, "delta": 16.149017095565796}, "costs": {"total_cost": 231.7325721521161, "time_cost": 70.06400000000001, "final_distance_cost": 1.8448615694402175, "oscillation_cost": 88.33709350900013, "completition_cost": 0.0, "overshoot_cost": 49.557557405370964, "power_cost": 11.115701989746094, "noise_cost": 10.813357678558674, "n_waypoints_completed": 9, "tot_waypoints": 9}}
{"target": -180.22534740987987, "params": {"k_pid_pos": [1.3885554450422086, 0.024859491386256316, 0.11401919133455096], "k_pid_alt": [1.2679502233621702, 0.0, 0.1576465649121419], "k_pid_att": [58.989274729095186, 7.284845820832624, 0.8739915892735461], "k_pid_yaw": [0.5, 1e-06, 0.1], "k_pid_hsp": [1.0, 0.1531003758033771, 0.01], "k_pid_vsp": [378.2079564087626, 355.21150340299164, 1.0]}, "datetime": {"datetime": "2025-08-21 12:13:32", "elapsed": 12528.971628904343, "delta": 15.959696054458618}, "costs": {"total_cost": 180.22534740987987, "time_cost": 68.456, "final_distance_cost": 1.8150468081559703, "oscillation_cost": 39.80802033701715, "completition_cost": 0.0, "overshoot_cost": 49.68565474816158, "power_cost": 10.34644490966797, "noise_cost": 10.114180606877202, "n_waypoints_completed": 9, "tot_waypoints": 9}}
{"target": -194.47356750506611, "params": {"k_pid_pos": [1.3885554450422086, 0.024859491386256316, 0.11401919133455096], "k_pid_alt": [1.2679502233621702, 0.0, 0.09571232765433724], "k_pid_att": [58.989274729095186, 7.284845820832624, 0.7941992206529987], "k_pid_yaw": [0.5, 1e-06, 0.1], "k_pid_hsp": [1.0, 0.6807520980477912, 0.01], "k_pid_vsp": [378.2079564087626, 355.21150340299164, 1.0]}, "datetime": {"datetime": "2025-08-21 12:13:48", "elapsed": 12544.743128299713, "delta": 15.771499395370483}, "costs": {"total_cost": 194.47356750506611, "time_cost": 68.544, "final_distance_cost": 1.8191110784353945, "oscillation_cost": 55.03697868031345, "completition_cost": 0.0, "overshoot_cost": 49.321562655515166, "power_cost": 9.791108947753907, "noise_cost": 9.960806143048197, "n_waypoints_completed": 9, "tot_waypoints": 9}}
{"target": -208.2167951853518, "params": {"k_pid_pos": [1.3885554450422086, 0.024859491386256316, 0.7180997852669284], "k_pid_alt": [1.961806136254105, 0.8189475498511101, 0.016491258977649914], "k_pid_att": [20.236336479523032, 5.556263249731063, 0.9943436299397624], "k_pid_yaw": [0.5, 1e-06, 0.1], "k_pid_hsp": [1.5353014571438959, 0.6481168050241883, 0.01], "k_pid_vsp": [153.0622015256548, 355.21150340299164, 17.132000594645874]}, "datetime": {"datetime": "2025-08-21 12:14:06", "elapsed": 12562.946590900421, "delta": 18.203462600708008}, "costs": {"total_cost": 208.2167951853518, "time_cost": 78.568, "final_distance_cost": 1.8175897483245869, "oscillation_cost": 56.42407618706601, "completition_cost": 0.0, "overshoot_cost": 51.414922878961114, "power_cost": 10.590455639648438, "noise_cost": 9.40175073135166, "n_waypoints_completed": 9, "tot_waypoints": 9}}
{"target": -1905.2212847595852, "params": {"k_pid_pos": [1.3885554450422086, 0.024859491386256316, 0.7180997852669284], "k_pid_alt": [1.961806136254105, 0.0, 0.016491258977649914], "k_pid_att": [1.0072944817398843, 5.556263249731063, 0.5680009751981364], "k_pid_yaw": [0.5, 1e-06, 0.1], "k_pid_hsp": [1.5353014571438959, 0.6481168050241883, 0.01], "k_pid_vsp": [393.76896320637337, 355.21150340299164, 17.132000594645874]}, "datetime": {"datetime": "2025-08-21 12:14:29", "elapsed": 12585.546364068985, "delta": 22.599773168563843}, "costs": {"total_cost": 1905.2212847595852, "time_cost": 150, "final_distance_cost": 1.5760644414295684, "oscillation_cost": 489.2797124962991, "completition_cost": 1000.0, "overshoot_cost": 132.41328055514325, "power_cost": 35.6518619140625, "noise_cost": 96.30036535265073, "n_waypoints_completed": 0, "tot_waypoints": 9}}
{"target": -197.1409963612701, "params": {"k_pid_pos": [1.3885554450422086, 0.10799311464906103, 0.9860512943372298], "k_pid_alt": [1.2679502233621702, 0.0, 0.1576465649121419], "k_pid_att": [58.989274729095186, 7.284845820832624, 0.8739915892735461], "k_pid_yaw": [0.5, 1e-06, 0.1], "k_pid_hsp": [5.128277129725155, 0.1531003758033771, 0.01], "k_pid_vsp": [150.0, 221.6078012742647, 1.0]}, "datetime": {"datetime": "2025-08-21 12:14:46", "elapsed": 12602.575363874435, "delta": 17.02899980545044}, "costs": {"total_cost": 197.1409963612701, "time_cost": 73.168, "final_distance_cost": 1.8448249131376195, "oscillation_cost": 41.81303093913291, "completition_cost": 0.0, "overshoot_cost": 50.90606472577611, "power_cost": 15.7232642578125, "noise_cost": 13.685811525410973, "n_waypoints_completed": 9, "tot_waypoints": 9}}
{"target": -220.29531161259675, "params": {"k_pid_pos": [1.3078103269235994, 0.6294995922020511, 0.11401919133455096], "k_pid_alt": [1.2679502233621702, 0.0, 0.06527723447865985], "k_pid_att": [58.989274729095186, 0.1829435822487251, 0.30379952180706926], "k_pid_yaw": [0.5, 1e-06, 0.1], "k_pid_hsp": [1.5353014571438959, 0.01, 0.01], "k_pid_vsp": [378.2079564087626, 236.48000513664874, 1.0]}, "datetime": {"datetime": "2025-08-21 12:15:05", "elapsed": 12621.5471200943, "delta": 18.97175621986389}, "costs": {"total_cost": 220.29531161259675, "time_cost": 84.98400000000001, "final_distance_cost": 1.704323585675463, "oscillation_cost": 53.016048628708404, "completition_cost": 0.0, "overshoot_cost": 53.38253394669966, "power_cost": 14.05302156982422, "noise_cost": 13.155383881689003, "n_waypoints_completed": 9, "tot_waypoints": 9}}
{"target": -179.43222807684302, "params": {"k_pid_pos": [1.3885554450422086, 0.024859491386256316, 0.11401919133455096], "k_pid_alt": [1.2679502233621702, 0.0, 0.1576465649121419], "k_pid_att": [58.989274729095186, 7.284845820832624, 0.8739915892735461], "k_pid_yaw": [0.5, 1e-06, 0.1], "k_pid_hsp": [1.0, 0.1531003758033771, 0.01], "k_pid_vsp": [378.2079564087626, 355.21150340299164, 1.0]}, "datetime": {"datetime": "2025-08-21 12:15:20", "elapsed": 12637.26752114296, "delta": 15.720401048660278}, "costs": {"total_cost": 179.43222807684302, "time_cost": 68.232, "final_distance_cost": 1.7906212628272578, "oscillation_cost": 40.43443981904641, "completition_cost": 0.0, "overshoot_cost": 49.83089870322079, "power_cost": 9.39400125732422, "noise_cost": 9.750267034424352, "n_waypoints_completed": 9, "tot_waypoints": 9}}
{"target": -189.7655395242609, "params": {"k_pid_pos": [1.3885554450422086, 0.024859491386256316, 0.11401919133455096], "k_pid_alt": [1.2679502233621702, 0.0, 0.1576465649121419], "k_pid_att": [58.989274729095186, 7.284845820832624, 0.8739915892735461], "k_pid_yaw": [0.5, 1e-06, 0.1], "k_pid_hsp": [1.0, 0.49946950194544293, 0.01], "k_pid_vsp": [378.2079564087626, 355.21150340299164, 1.0]}, "datetime": {"datetime": "2025-08-21 12:15:36", "elapsed": 12653.034886360168, "delta": 15.767365217208862}, "costs": {"total_cost": 189.7655395242609, "time_cost": 68.32000000000001, "final_distance_cost": 1.8225043164405155, "oscillation_cost": 47.09024791723718, "completition_cost": 0.0, "overshoot_cost": 49.221690483772946, "power_cost": 12.14318037109375, "noise_cost": 11.16791643571647, "n_waypoints_completed": 9, "tot_waypoints": 9}}
{"target": -210.4211581362874, "params": {"k_pid_pos": [1.380631376916402, 0.024859491386256316, 0.11401919133455096], "k_pid_alt": [1.2679502233621702, 0.3880823501137123, 0.512921577555336], "k_pid_att": [58.989274729095186, 0.0032441649989051976, 0.8257697299075593], "k_pid_yaw": [0.5, 1e-06, 0.1], "k_pid_hsp": [1.5353014571438959, 0.5722723475848833, 0.01], "k_pid_vsp": [277.2708477836043, 317.0669739011019, 131.29633191148946]}, "datetime": {"datetime": "2025-08-21 12:15:53", "elapsed": 12670.346497535706, "delta": 17.31161117553711}, "costs": {"total_cost": 210.4211581362874, "time_cost": 76.016, "final_distance_cost": 1.7617641842342928, "oscillation_cost": 61.30010716088451, "completition_cost": 0.0, "overshoot_cost": 49.781082396537705, "power_cost": 11.916252416992188, "noise_cost": 9.645951977638692, "n_waypoints_completed": 9, "tot_waypoints": 9}}
{"target": -179.37977796327587, "params": {"k_pid_pos": [1.3885554450422086, 0.024859491386256316, 0.11401919133455096], "k_pid_alt": [1.2679502233621702, 0.0, 0.1576465649121419], "k_pid_att": [58.989274729095186, 7.284845820832624, 0.8739915892735461], "k_pid_yaw": [0.5, 1e-06, 0.1], "k_pid_hsp": [1.0, 0.1531003758033771, 0.01], "k_pid_vsp": [378.2079564087626, 355.21150340299164, 1.0]}, "datetime": {"datetime": "2025-08-21 12:16:10", "elapsed": 12686.854595661163, "delta": 16.508098125457764}, "costs": {"total_cost": 179.37977796327587, "time_cost": 68.328, "final_distance_cost": 1.8230063389299023, "oscillation_cost": 41.06950151890107, "completition_cost": 0.0, "overshoot_cost": 49.11865819825512, "power_cost": 9.428396374511719, "noise_cost": 9.61221553267808, "n_waypoints_completed": 9, "tot_waypoints": 9}}
{"target": -231.29950283529564, "params": {"k_pid_pos": [1.3885554450422086, 0.024859491386256316, 0.11401919133455096], "k_pid_alt": [1.2679502233621702, 0.0, 0.1576465649121419], "k_pid_att": [58.989274729095186, 7.284845820832624, 0.8739915892735461], "k_pid_yaw": [0.5, 1e-06, 0.1], "k_pid_hsp": [1.0, 0.1531003758033771, 0.01], "k_pid_vsp": [378.2079564087626, 355.21150340299164, 1.0]}, "datetime": {"datetime": "2025-08-21 12:16:29", "elapsed": 12705.733887910843, "delta": 18.879292249679565}, "costs": {"total_cost": 231.29950283529564, "time_cost": 82.504, "final_distance_cost": 1.7885718324084705, "oscillation_cost": 42.66514483201597, "completition_cost": 0.0, "overshoot_cost": 60.08202529197128, "power_cost": 21.923434191894533, "noise_cost": 22.336326687005386, "n_waypoints_completed": 9, "tot_waypoints": 9}}
{"target": -179.81864040454616, "params": {"k_pid_pos": [1.3885554450422086, 0.024859491386256316, 0.11401919133455096], "k_pid_alt": [1.2679502233621702, 0.0, 0.1576465649121419], "k_pid_att": [58.989274729095186, 7.284845820832624, 0.8739915892735461], "k_pid_yaw": [0.5, 1e-06, 0.1], "k_pid_hsp": [1.0, 0.1531003758033771, 0.01], "k_pid_vsp": [378.2079564087626, 355.21150340299164, 1.0]}, "datetime": {"datetime": "2025-08-21 12:16:45", "elapsed": 12721.77043890953, "delta": 16.036550998687744}, "costs": {"total_cost": 179.81864040454616, "time_cost": 68.384, "final_distance_cost": 1.7908887671917422, "oscillation_cost": 42.54069725338469, "completition_cost": 0.0, "overshoot_cost": 49.425982904664636, "power_cost": 8.618473669433595, "noise_cost": 9.058597809871479, "n_waypoints_completed": 9, "tot_waypoints": 9}}
