{"target": -249.78736820764755, "params": {"k_pid_pos": [1.8922997940790476, 0.024859491386256316, 0.6250867496839783], "k_pid_alt": [1.6319753356852484, 0.0, 0.1576465649121419], "k_pid_att": [37.12179941719916, 2.6298254890628097, 0.3301527476617453], "k_pid_yaw": [0.5, 1e-06, 0.1], "k_pid_hsp": [1.606987810134683, 0.1531003758033771, 0.01], "k_pid_vsp": [110.56511661686339, 59.083466427248936, 75.78799424181197]}, "datetime": {"datetime": "2025-08-21 16:13:44", "elapsed": 26941.06073331833, "delta": 21.018675327301025}, "costs": {"total_cost": 249.78736820764755, "time_cost": 89.976, "final_distance_cost": 1.8222935680205155, "oscillation_cost": 64.69520395484135, "completition_cost": 0.0, "overshoot_cost": 55.64470026705197, "power_cost": 21.382971008300782, "noise_cost": 16.266199409432957, "n_waypoints_completed": 9, "tot_waypoints": 9}}
{"target": -182.1274924385881, "params": {"k_pid_pos": [1.8922997940790476, 0.024859491386256316, 0.6250867496839783], "k_pid_alt": [1.6319753356852484, 0.0, 0.1576465649121419], "k_pid_att": [32.194164172814396, 7.284845820832624, 0.73590781336997], "k_pid_yaw": [0.5, 1e-06, 0.1], "k_pid_hsp": [1.606987810134683, 0.1531003758033771, 0.01], "k_pid_vsp": [110.56511661686339, 59.083466427248936, 1.0]}, "datetime": {"datetime": "2025-08-21 16:14:00", "elapsed": 26956.53461265564, "delta": 15.473879337310791}, "costs": {"total_cost": 182.1274924385881, "time_cost": 68.184, "final_distance_cost": 1.8149995894066075, "oscillation_cost": 43.158438647218304, "completition_cost": 0.0, "overshoot_cost": 49.57635638490818, "power_cost": 9.504642773437501, "noise_cost": 9.88905504361749, "n_waypoints_completed": 9, "tot_waypoints": 9}}
{"target": -181.5555572233569, "params": {"k_pid_pos": [1.8922997940790476, 0.024859491386256316, 0.6250867496839783], "k_pid_alt": [1.6319753356852484, 0.0, 0.1576465649121419], "k_pid_att": [58.989274729095186, 5.088413281584711, 0.6179952950406163], "k_pid_yaw": [0.5, 1e-06, 0.1], "k_pid_hsp": [1.0076768036881465, 0.1531003758033771, 0.01], "k_pid_vsp": [155.80135867994494, 175.28714713338795, 1.0]}, "datetime": {"datetime": "2025-08-21 16:14:16", "elapsed": 26973.426118135452, "delta": 16.891505479812622}, "costs": {"total_cost": 181.5555572233569, "time_cost": 68.06400000000001, "final_distance_cost": 1.8144038959758586, "oscillation_cost": 40.68847603574865, "completition_cost": 0.0, "overshoot_cost": 49.49964760403983, "power_cost": 10.965799938964844, "noise_cost": 10.523229748627717, "n_waypoints_completed": 9, "tot_waypoints": 9}}
{"target": -186.15409275700262, "params": {"k_pid_pos": [1.8922997940790476, 0.024859491386256316, 0.6250867496839783], "k_pid_alt": [1.6319753356852484, 0.0, 0.1576465649121419], "k_pid_att": [32.194164172814396, 7.284845820832624, 0.73590781336997], "k_pid_yaw": [0.5, 1e-06, 0.1], "k_pid_hsp": [1.606987810134683, 0.1531003758033771, 0.01], "k_pid_vsp": [110.56511661686339, 59.083466427248936, 1.0]}, "datetime": {"datetime": "2025-08-21 16:14:33", "elapsed": 26990.005087852478, "delta": 16.578969717025757}, "costs": {"total_cost": 186.15409275700262, "time_cost": 68.96000000000001, "final_distance_cost": 1.8399763806483072, "oscillation_cost": 38.78577497600847, "completition_cost": 0.0, "overshoot_cost": 50.45242208360651, "power_cost": 13.875603356933594, "noise_cost": 12.240315959805747, "n_waypoints_completed": 9, "tot_waypoints": 9}}
{"target": -179.01168328114792, "params": {"k_pid_pos": [1.8922997940790476, 0.024859491386256316, 0.7774444947807966], "k_pid_alt": [1.6319753356852484, 0.0, 0.1576465649121419], "k_pid_att": [58.989274729095186, 5.859554809351448, 0.73590781336997], "k_pid_yaw": [0.5, 1e-06, 0.1], "k_pid_hsp": [1.606987810134683, 0.1531003758033771, 0.01], "k_pid_vsp": [110.56511661686339, 59.083466427248936, 1.0]}, "datetime": {"datetime": "2025-08-21 16:14:49", "elapsed": 27006.204706907272, "delta": 16.19961905479431}, "costs": {"total_cost": 179.01168328114792, "time_cost": 68.632, "final_distance_cost": 1.8466177741173544, "oscillation_cost": 41.29746042780752, "completition_cost": 0.0, "overshoot_cost": 49.80159942673062, "power_cost": 8.174905529785157, "noise_cost": 9.259100122707283, "n_waypoints_completed": 9, "tot_waypoints": 9}}
{"target": -179.4001764246547, "params": {"k_pid_pos": [1.7041340386651447, 0.024859491386256316, 0.3434561031905483], "k_pid_alt": [1.6319753356852484, 0.0, 0.1576465649121419], "k_pid_att": [58.989274729095186, 5.859554809351448, 0.7033874038379369], "k_pid_yaw": [0.5, 1e-06, 0.1], "k_pid_hsp": [1.606987810134683, 0.1531003758033771, 0.01], "k_pid_vsp": [29.96849041048857, 58.47483401410723, 1.0]}, "datetime": {"datetime": "2025-08-21 16:15:05", "elapsed": 27022.30388069153, "delta": 16.09917378425598}, "costs": {"total_cost": 179.4001764246547, "time_cost": 67.984, "final_distance_cost": 1.804619258840684, "oscillation_cost": 39.75276752509163, "completition_cost": 0.0, "overshoot_cost": 49.458494206902586, "power_cost": 10.186032043457033, "noise_cost": 10.214263390362772, "n_waypoints_completed": 9, "tot_waypoints": 9}}
{"target": -569.8857376604042, "params": {"k_pid_pos": [1.7041340386651447, 0.024859491386256316, 0.7774444947807966], "k_pid_alt": [0.41811782976038847, 0.0, 0.1576465649121419], "k_pid_att": [58.989274729095186, 5.859554809351448, 0.73590781336997], "k_pid_yaw": [0.5, 1e-06, 0.1], "k_pid_hsp": [1.606987810134683, 0.8161661674624935, 0.5615618048538342], "k_pid_vsp": [139.297858085773, 59.083466427248936, 1.0]}, "datetime": {"datetime": "2025-08-21 16:15:28", "elapsed": 27045.067932844162, "delta": 22.764052152633667}, "costs": {"total_cost": 569.8857376604042, "time_cost": 150, "final_distance_cost": 1.8657130370747639, "oscillation_cost": 214.51872421292734, "completition_cost": 111.11111111111116, "overshoot_cost": 50.89563893666097, "power_cost": 22.808733166503906, "noise_cost": 18.68581719612612, "n_waypoints_completed": 8, "tot_waypoints": 9}}
{"target": -348.7935241591746, "params": {"k_pid_pos": [1.8792899704868669, 0.43502179072678904, 0.3434561031905483], "k_pid_alt": [1.6319753356852484, 0.0, 0.1576465649121419], "k_pid_att": [96.203943896059, 5.859554809351448, 0.7033874038379369], "k_pid_yaw": [0.5, 1e-06, 0.1], "k_pid_hsp": [3.644047778136555, 0.1531003758033771, 0.7340866273984559], "k_pid_vsp": [264.9966777379314, 94.28610281764664, 1.0]}, "datetime": {"datetime": "2025-08-21 16:15:48", "elapsed": 27064.981400966644, "delta": 19.9134681224823}, "costs": {"total_cost": 348.7935241591746, "time_cost": 86.184, "final_distance_cost": 1.7473755835652434, "oscillation_cost": 165.8382037732503, "completition_cost": 0.0, "overshoot_cost": 55.747795441662056, "power_cost": 22.596074609375002, "noise_cost": 16.680074751321975, "n_waypoints_completed": 9, "tot_waypoints": 9}}
{"target": -459.80959772004746, "params": {"k_pid_pos": [1.7041340386651447, 0.024859491386256316, 0.9451257094832697], "k_pid_alt": [1.826042005534695, 0.0, 0.06527723447865985], "k_pid_att": [24.0942673894178, 7.284845820832624, 0.168991628355324], "k_pid_yaw": [0.5, 1e-06, 0.1], "k_pid_hsp": [1.606987810134683, 0.1531003758033771, 0.5460140404092502], "k_pid_vsp": [110.56511661686339, 216.29307082677042, 1.0]}, "datetime": {"datetime": "2025-08-21 16:16:09", "elapsed": 27086.444511651993, "delta": 21.46311068534851}, "costs": {"total_cost": 459.80959772004746, "time_cost": 87.032, "final_distance_cost": 1.7741500955382652, "oscillation_cost": 277.3937178257873, "completition_cost": 0.0, "overshoot_cost": 61.88891099770285, "power_cost": 16.83721853027344, "noise_cost": 14.883600270745614, "n_waypoints_completed": 9, "tot_waypoints": 9}}
{"target": -182.07699759311495, "params": {"k_pid_pos": [1.7041340386651447, 0.024859491386256316, 0.3434561031905483], "k_pid_alt": [1.6319753356852484, 0.0, 0.43738161972271916], "k_pid_att": [58.989274729095186, 4.929500621888914, 0.7033874038379369], "k_pid_yaw": [0.5, 1e-06, 0.1], "k_pid_hsp": [1.606987810134683, 0.4017820065842225, 0.01], "k_pid_vsp": [110.56511661686339, 59.083466427248936, 1.0]}, "datetime": {"datetime": "2025-08-21 16:16:25", "elapsed": 27102.271420240402, "delta": 15.826908588409424}, "costs": {"total_cost": 182.07699759311495, "time_cost": 68.21600000000001, "final_distance_cost": 1.7951077686081822, "oscillation_cost": 43.30272222783374, "completition_cost": 0.0, "overshoot_cost": 49.46919182002557, "power_cost": 9.472615686035157, "noise_cost": 9.82136009061228, "n_waypoints_completed": 9, "tot_waypoints": 9}}
{"target": -196.57265470631984, "params": {"k_pid_pos": [0.792113498270493, 0.024859491386256316, 0.6250867496839783], "k_pid_alt": [1.6319753356852484, 0.0, 0.1576465649121419], "k_pid_att": [27.525475025233238, 7.284845820832624, 0.73590781336997], "k_pid_yaw": [0.5, 1e-06, 0.1], "k_pid_hsp": [1.606987810134683, 0.1531003758033771, 0.01], "k_pid_vsp": [110.56511661686339, 59.083466427248936, 1.0]}, "datetime": {"datetime": "2025-08-21 16:16:44", "elapsed": 27121.369455575943, "delta": 19.09803533554077}, "costs": {"total_cost": 196.57265470631984, "time_cost": 80.424, "final_distance_cost": 1.8527948274773787, "oscillation_cost": 39.772409590193796, "completition_cost": 0.0, "overshoot_cost": 50.35330849248771, "power_cost": 11.666873754882813, "noise_cost": 12.503268041278144, "n_waypoints_completed": 9, "tot_waypoints": 9}}
{"target": -195.60605448561964, "params": {"k_pid_pos": [1.8922997940790476, 0.024859491386256316, 0.3434561031905483], "k_pid_alt": [1.6319753356852484, 0.0, 0.1576465649121419], "k_pid_att": [32.194164172814396, 7.284845820832624, 0.73590781336997], "k_pid_yaw": [0.5, 1e-06, 0.1], "k_pid_hsp": [1.606987810134683, 0.1531003758033771, 0.01], "k_pid_vsp": [110.56511661686339, 59.083466427248936, 1.0]}, "datetime": {"datetime": "2025-08-21 16:17:01", "elapsed": 27138.177831172943, "delta": 16.808375597000122}, "costs": {"total_cost": 195.60605448561964, "time_cost": 69.70400000000001, "final_distance_cost": 1.7850090736683832, "oscillation_cost": 45.80529841173662, "completition_cost": 0.0, "overshoot_cost": 50.035784002777746, "power_cost": 15.406810095214844, "noise_cost": 12.869152902222055, "n_waypoints_completed": 9, "tot_waypoints": 9}}
{"target": -215.0561604415942, "params": {"k_pid_pos": [1.8922997940790476, 0.024859491386256316, 0.6250867496839783], "k_pid_alt": [0.3959875975917475, 0.0, 0.1576465649121419], "k_pid_att": [58.989274729095186, 5.859554809351448, 0.7033874038379369], "k_pid_yaw": [0.5, 1e-06, 0.1], "k_pid_hsp": [1.606987810134683, 0.1531003758033771, 0.01], "k_pid_vsp": [110.56511661686339, 59.083466427248936, 1.0]}, "datetime": {"datetime": "2025-08-21 16:17:21", "elapsed": 27157.970320224762, "delta": 19.792489051818848}, "costs": {"total_cost": 215.0561604415942, "time_cost": 87.968, "final_distance_cost": 1.86066952641222, "oscillation_cost": 50.49697687457271, "completition_cost": 0.0, "overshoot_cost": 50.24942621519455, "power_cost": 12.14428837890625, "noise_cost": 12.336799446508442, "n_waypoints_completed": 9, "tot_waypoints": 9}}
{"target": -200.50411279102295, "params": {"k_pid_pos": [1.8792899704868669, 0.024859491386256316, 0.9451257094832697], "k_pid_alt": [1.0304713630477362, 0.0, 0.06527723447865985], "k_pid_att": [24.0942673894178, 7.284845820832624, 0.73590781336997], "k_pid_yaw": [0.5, 1e-06, 0.1], "k_pid_hsp": [1.606987810134683, 0.1531003758033771, 0.01], "k_pid_vsp": [110.56511661686339, 216.29307082677042, 75.78799424181197]}, "datetime": {"datetime": "2025-08-21 16:17:38", "elapsed": 27174.98555612564, "delta": 17.015235900878906}, "costs": {"total_cost": 200.50411279102295, "time_cost": 71.776, "final_distance_cost": 1.8422798532432714, "oscillation_cost": 44.277809786402784, "completition_cost": 0.0, "overshoot_cost": 51.958943074195766, "power_cost": 16.99350732421875, "noise_cost": 13.655572752962405, "n_waypoints_completed": 9, "tot_waypoints": 9}}
{"target": -182.50362156553592, "params": {"k_pid_pos": [1.8922997940790476, 0.024859491386256316, 0.6250867496839783], "k_pid_alt": [1.6718174236541343, 0.0, 0.30075101115001845], "k_pid_att": [58.989274729095186, 2.524269488566535, 0.7033874038379369], "k_pid_yaw": [0.5, 1e-06, 0.1], "k_pid_hsp": [1.606987810134683, 0.24034004518407315, 0.01], "k_pid_vsp": [264.9966777379314, 94.28610281764664, 1.0]}, "datetime": {"datetime": "2025-08-21 16:17:55", "elapsed": 27192.267333745956, "delta": 17.28177762031555}, "costs": {"total_cost": 182.50362156553592, "time_cost": 68.44, "final_distance_cost": 1.8125212841716238, "oscillation_cost": 44.62191440290955, "completition_cost": 0.0, "overshoot_cost": 49.93939782329069, "power_cost": 8.391556677246093, "noise_cost": 9.298231377917963, "n_waypoints_completed": 9, "tot_waypoints": 9}}
{"target": -178.55218655998675, "params": {"k_pid_pos": [1.8922997940790476, 0.024859491386256316, 0.6250867496839783], "k_pid_alt": [1.6319753356852484, 0.0, 0.1576465649121419], "k_pid_att": [37.12179941719916, 5.859554809351448, 0.7033874038379369], "k_pid_yaw": [0.5, 1e-06, 0.1], "k_pid_hsp": [1.606987810134683, 0.1531003758033771, 0.01], "k_pid_vsp": [110.56511661686339, 59.083466427248936, 1.0]}, "datetime": {"datetime": "2025-08-21 16:18:11", "elapsed": 27208.04004240036, "delta": 15.772708654403687}, "costs": {"total_cost": 178.55218655998675, "time_cost": 68.272, "final_distance_cost": 1.834009188026045, "oscillation_cost": 40.36961525243973, "completition_cost": 0.0, "overshoot_cost": 49.919257548777736, "power_cost": 8.82769072265625, "noise_cost": 9.32961384808699, "n_waypoints_completed": 9, "tot_waypoints": 9}}
{"target": -182.8637108074902, "params": {"k_pid_pos": [1.7041340386651447, 0.024859491386256316, 0.3434561031905483], "k_pid_alt": [1.6319753356852484, 0.0, 0.1576465649121419], "k_pid_att": [58.989274729095186, 7.284845820832624, 0.73590781336997], "k_pid_yaw": [0.5, 1e-06, 0.1], "k_pid_hsp": [1.606987810134683, 0.1531003758033771, 0.01], "k_pid_vsp": [110.56511661686339, 59.083466427248936, 1.0]}, "datetime": {"datetime": "2025-08-21 16:18:27", "elapsed": 27224.4113676548, "delta": 16.371325254440308}, "costs": {"total_cost": 182.8637108074902, "time_cost": 68.16, "final_distance_cost": 1.819412123506034, "oscillation_cost": 40.98844985131833, "completition_cost": 0.0, "overshoot_cost": 50.25094823807719, "power_cost": 10.925196411132813, "noise_cost": 10.719704183455827, "n_waypoints_completed": 9, "tot_waypoints": 9}}
{"target": -190.38299019524436, "params": {"k_pid_pos": [1.8792899704868669, 0.024859491386256316, 0.9451257094832697], "k_pid_alt": [1.0304713630477362, 0.0, 0.06527723447865985], "k_pid_att": [24.0942673894178, 7.284845820832624, 0.73590781336997], "k_pid_yaw": [0.5, 1e-06, 0.1], "k_pid_hsp": [1.606987810134683, 0.1531003758033771, 0.01], "k_pid_vsp": [110.56511661686339, 216.29307082677042, 1.0]}, "datetime": {"datetime": "2025-08-21 16:18:43", "elapsed": 27240.373754501343, "delta": 15.962386846542358}, "costs": {"total_cost": 190.38299019524436, "time_cost": 70.496, "final_distance_cost": 1.846718821906324, "oscillation_cost": 42.47783712533146, "completition_cost": 0.0, "overshoot_cost": 49.44018371388191, "power_cost": 13.819771923828126, "noise_cost": 12.30247861029657, "n_waypoints_completed": 9, "tot_waypoints": 9}}
{"target": -194.14093460857788, "params": {"k_pid_pos": [1.9403883066526342, 0.34174907670648524, 0.8821205660026245], "k_pid_alt": [1.6319753356852484, 0.0, 0.1576465649121419], "k_pid_att": [58.989274729095186, 5.859554809351448, 0.7033874038379369], "k_pid_yaw": [0.5, 1e-06, 0.1], "k_pid_hsp": [1.606987810134683, 0.1531003758033771, 0.01], "k_pid_vsp": [110.56511661686339, 59.083466427248936, 1.0]}, "datetime": {"datetime": "2025-08-21 16:19:01", "elapsed": 27258.11571955681, "delta": 17.7419650554657}, "costs": {"total_cost": 194.14093460857788, "time_cost": 73.016, "final_distance_cost": 1.7720086158594033, "oscillation_cost": 43.151803733721636, "completition_cost": 0.0, "overshoot_cost": 51.11853623370785, "power_cost": 13.044907641601563, "noise_cost": 12.037678383687412, "n_waypoints_completed": 9, "tot_waypoints": 9}}
{"target": -187.98883032264467, "params": {"k_pid_pos": [1.8922997940790476, 0.024859491386256316, 0.6250867496839783], "k_pid_alt": [1.6319753356852484, 0.0, 0.1576465649121419], "k_pid_att": [32.194164172814396, 7.284845820832624, 0.73590781336997], "k_pid_yaw": [0.5, 1e-06, 0.1], "k_pid_hsp": [1.606987810134683, 0.1531003758033771, 0.01], "k_pid_vsp": [110.56511661686339, 59.083466427248936, 1.0]}, "datetime": {"datetime": "2025-08-21 16:19:17", "elapsed": 27274.339613437653, "delta": 16.223893880844116}, "costs": {"total_cost": 187.98883032264467, "time_cost": 68.976, "final_distance_cost": 1.8049987481860421, "oscillation_cost": 37.9181420874407, "completition_cost": 0.0, "overshoot_cost": 50.62610638524848, "power_cost": 15.608503442382814, "noise_cost": 13.055079659386655, "n_waypoints_completed": 9, "tot_waypoints": 9}}
{"target": -183.56067080891657, "params": {"k_pid_pos": [1.6185693046586094, 0.024859491386256316, 0.7774444947807966], "k_pid_alt": [1.6319753356852484, 0.0, 0.1576465649121419], "k_pid_att": [58.989274729095186, 5.859554809351448, 0.9737674939855436], "k_pid_yaw": [0.5, 1e-06, 0.1], "k_pid_hsp": [3.1752085098097216, 0.1531003758033771, 0.01], "k_pid_vsp": [110.56511661686339, 59.083466427248936, 1.0]}, "datetime": {"datetime": "2025-08-21 16:19:35", "elapsed": 27292.131019115448, "delta": 17.79140567779541}, "costs": {"total_cost": 183.56067080891657, "time_cost": 69.416, "final_distance_cost": 1.8444149576865776, "oscillation_cost": 45.88673438071803, "completition_cost": 0.0, "overshoot_cost": 49.712623022094704, "power_cost": 7.7636583984375, "noise_cost": 8.93724004997974, "n_waypoints_completed": 9, "tot_waypoints": 9}}
{"target": -1303.2196184850015, "params": {"k_pid_pos": [1.8922997940790476, 0.024859491386256316, 0.7251764310290247], "k_pid_alt": [1.0304713630477362, 0.0, 0.06527723447865985], "k_pid_att": [29.46763110571006, 7.421248308295844, 0.73590781336997], "k_pid_yaw": [0.5, 1e-06, 0.1], "k_pid_hsp": [7.372804202006003, 0.18838112831262277, 0.01], "k_pid_vsp": [110.56511661686339, 307.41944303395303, 257.0809624420083]}, "datetime": {"datetime": "2025-08-21 16:19:59", "elapsed": 27316.31020092964, "delta": 24.179181814193726}, "costs": {"total_cost": 1303.2196184850015, "time_cost": 150, "final_distance_cost": 67.41696642838788, "oscillation_cost": 134.01657038910633, "completition_cost": 888.8888888888888, "overshoot_cost": 37.242685427076474, "power_cost": 13.8007314453125, "noise_cost": 11.85377590622972, "n_waypoints_completed": 1, "tot_waypoints": 9}}
{"target": -187.68237855065604, "params": {"k_pid_pos": [1.7041340386651447, 0.024859491386256316, 0.6250867496839783], "k_pid_alt": [1.6319753356852484, 0.0, 0.1576465649121419], "k_pid_att": [32.194164172814396, 3.449784554492145, 0.73590781336997], "k_pid_yaw": [0.5, 1e-06, 0.1], "k_pid_hsp": [1.606987810134683, 0.1531003758033771, 0.01], "k_pid_vsp": [110.56511661686339, 59.083466427248936, 1.0]}, "datetime": {"datetime": "2025-08-21 16:20:15", "elapsed": 27332.101464033127, "delta": 15.791263103485107}, "costs": {"total_cost": 187.68237855065604, "time_cost": 69.424, "final_distance_cost": 1.8263606393087628, "oscillation_cost": 37.72338925996085, "completition_cost": 0.0, "overshoot_cost": 50.521589803418294, "power_cost": 15.147450854492188, "noise_cost": 13.039587993475934, "n_waypoints_completed": 9, "tot_waypoints": 9}}
{"target": -1276.5563198067753, "params": {"k_pid_pos": [1.8922997940790476, 0.024859491386256316, 0.3434561031905483], "k_pid_alt": [1.6319753356852484, 0.0, 0.1576465649121419], "k_pid_att": [58.989274729095186, 5.859554809351448, 0.7033874038379369], "k_pid_yaw": [0.5, 1e-06, 0.1], "k_pid_hsp": [1.606987810134683, 0.1531003758033771, 0.01], "k_pid_vsp": [110.56511661686339, 136.86687071568403, 328.34678270756774]}, "datetime": {"datetime": "2025-08-21 16:20:38", "elapsed": 27355.372141838074, "delta": 23.2706778049469}, "costs": {"total_cost": 1276.5563198067753, "time_cost": 150, "final_distance_cost": 51.58563662206903, "oscillation_cost": 41.92707314656, "completition_cost": 888.8888888888888, "overshoot_cost": 111.23452644717737, "power_cost": 8.380272204589843, "noise_cost": 24.539922497490362, "n_waypoints_completed": 1, "tot_waypoints": 9}}
{"target": -218.36132698914315, "params": {"k_pid_pos": [1.9403883066526342, 0.7865930166662759, 0.6842625427409482], "k_pid_alt": [1.6319753356852484, 0.0, 0.1576465649121419], "k_pid_att": [22.840745224411652, 5.859554809351448, 0.7033874038379369], "k_pid_yaw": [0.5, 1e-06, 0.1], "k_pid_hsp": [1.606987810134683, 0.1531003758033771, 0.01], "k_pid_vsp": [110.56511661686339, 59.083466427248936, 1.0]}, "datetime": {"datetime": "2025-08-21 16:20:59", "elapsed": 27375.53394675255, "delta": 20.161804914474487}, "costs": {"total_cost": 218.36132698914315, "time_cost": 82.256, "final_distance_cost": 1.7150174080568577, "oscillation_cost": 47.17722875981974, "completition_cost": 0.0, "overshoot_cost": 52.88969103211405, "power_cost": 19.250466357421875, "noise_cost": 15.072923431730612, "n_waypoints_completed": 9, "tot_waypoints": 9}}
{"target": -201.77468708574668, "params": {"k_pid_pos": [1.7041340386651447, 0.7990052071924634, 0.9451257094832697], "k_pid_alt": [1.0304713630477362, 0.0, 0.06527723447865985], "k_pid_att": [29.46763110571006, 7.421248308295844, 0.73590781336997], "k_pid_yaw": [0.5, 1e-06, 0.1], "k_pid_hsp": [1.606987810134683, 0.18838112831262277, 0.01], "k_pid_vsp": [110.56511661686339, 307.41944303395303, 1.0]}, "datetime": {"datetime": "2025-08-21 16:21:17", "elapsed": 27393.56891798973, "delta": 18.034971237182617}, "costs": {"total_cost": 201.77468708574668, "time_cost": 78.424, "final_distance_cost": 1.7777892901315828, "oscillation_cost": 43.40012162029075, "completition_cost": 0.0, "overshoot_cost": 50.51531517611555, "power_cost": 14.921030383300781, "noise_cost": 12.736430615908045, "n_waypoints_completed": 9, "tot_waypoints": 9}}
