{"target": -190.63705740165673, "params": {"k_pid_pos": [1.9176378968916694, 0.024859491386256316, 0.21152287994165886], "k_pid_alt": [1.6714132940641002, 0.0, 0.06527723447865985], "k_pid_att": [99.38888853887859, 5.314906102430602, 0.8739915892735461], "k_pid_yaw": [0.5, 1e-06, 0.1], "k_pid_hsp": [1.0, 0.2900343745958267, 0.01], "k_pid_vsp": [284.5460512203246, 355.21150340299164, 1.0]}, "datetime": {"datetime": "2025-08-21 15:20:14", "elapsed": 23730.78784108162, "delta": 16.495330572128296}, "costs": {"total_cost": 190.63705740165673, "time_cost": 68.57600000000001, "final_distance_cost": 1.802746906725076, "oscillation_cost": 45.42711887040385, "completition_cost": 0.0, "overshoot_cost": 50.46675322213425, "power_cost": 13.015048303222656, "noise_cost": 11.349390099170915, "n_waypoints_completed": 9, "tot_waypoints": 9}}
{"target": -190.81999811502632, "params": {"k_pid_pos": [1.9176378968916694, 0.024859491386256316, 0.3353774509995945], "k_pid_alt": [1.3959173657108794, 0.0, 0.8285330192795117], "k_pid_att": [24.0942673894178, 7.284845820832624, 0.8739915892735461], "k_pid_yaw": [0.5, 1e-06, 0.1], "k_pid_hsp": [3.8015553682621426, 0.1531003758033771, 0.01], "k_pid_vsp": [110.56511661686339, 355.21150340299164, 1.0]}, "datetime": {"datetime": "2025-08-21 15:20:30", "elapsed": 23746.803560733795, "delta": 16.015719652175903}, "costs": {"total_cost": 190.81999811502632, "time_cost": 70.464, "final_distance_cost": 1.7857833148033742, "oscillation_cost": 44.59906348136116, "completition_cost": 0.0, "overshoot_cost": 49.845874316648334, "power_cost": 12.7497498046875, "noise_cost": 11.375527197525951, "n_waypoints_completed": 9, "tot_waypoints": 9}}
{"target": -193.4585180966474, "params": {"k_pid_pos": [1.9176378968916694, 0.024859491386256316, 0.6250867496839783], "k_pid_alt": [0.8287604735407312, 0.0, 0.2915903713486512], "k_pid_att": [58.989274729095186, 1.7717243195899302, 0.6179952950406163], "k_pid_yaw": [0.5, 1e-06, 0.1], "k_pid_hsp": [1.606987810134683, 0.6870351602694771, 0.01], "k_pid_vsp": [376.5747392387296, 162.93713400307487, 1.0]}, "datetime": {"datetime": "2025-08-21 15:20:47", "elapsed": 23763.607401371002, "delta": 16.80384063720703}, "costs": {"total_cost": 193.4585180966474, "time_cost": 71.672, "final_distance_cost": 1.8293328305901368, "oscillation_cost": 48.93243092507179, "completition_cost": 0.0, "overshoot_cost": 48.95950959168337, "power_cost": 11.175017773437501, "noise_cost": 10.890226975864612, "n_waypoints_completed": 9, "tot_waypoints": 9}}
{"target": -192.16995599781615, "params": {"k_pid_pos": [1.7041340386651447, 0.024859491386256316, 0.3434561031905483], "k_pid_alt": [1.6319753356852484, 0.0, 0.1576465649121419], "k_pid_att": [58.989274729095186, 5.088413281584711, 0.7033874038379369], "k_pid_yaw": [0.5, 1e-06, 0.1], "k_pid_hsp": [1.606987810134683, 0.1531003758033771, 0.01], "k_pid_vsp": [360.3759557007902, 355.21150340299164, 1.0]}, "datetime": {"datetime": "2025-08-21 15:21:03", "elapsed": 23780.32753610611, "delta": 16.720134735107422}, "costs": {"total_cost": 192.16995599781615, "time_cost": 70.296, "final_distance_cost": 1.792515736143314, "oscillation_cost": 42.03956818293069, "completition_cost": 0.0, "overshoot_cost": 50.53501686045845, "power_cost": 14.897413781738281, "noise_cost": 12.609441436545374, "n_waypoints_completed": 9, "tot_waypoints": 9}}
{"target": -182.47240465847122, "params": {"k_pid_pos": [1.9176378968916694, 0.024859491386256316, 0.21152287994165886], "k_pid_alt": [1.3959173657108794, 0.0, 0.06527723447865985], "k_pid_att": [24.0942673894178, 7.284845820832624, 0.8739915892735461], "k_pid_yaw": [0.5, 1e-06, 0.1], "k_pid_hsp": [1.0, 0.1531003758033771, 0.01], "k_pid_vsp": [337.79764923111304, 359.530474216699, 1.0]}, "datetime": {"datetime": "2025-08-21 15:21:19", "elapsed": 23795.67787194252, "delta": 15.350335836410522}, "costs": {"total_cost": 182.47240465847122, "time_cost": 67.768, "final_distance_cost": 1.7642524849894494, "oscillation_cost": 42.8912269439332, "completition_cost": 0.0, "overshoot_cost": 49.42662634652405, "power_cost": 10.5354505859375, "noise_cost": 10.086848297087027, "n_waypoints_completed": 9, "tot_waypoints": 9}}
{"target": -180.37089826821997, "params": {"k_pid_pos": [1.9176378968916694, 0.07129208892642425, 0.6250867496839783], "k_pid_alt": [1.6319753356852484, 0.0, 0.1576465649121419], "k_pid_att": [58.989274729095186, 5.088413281584711, 0.6179952950406163], "k_pid_yaw": [0.5, 1e-06, 0.1], "k_pid_hsp": [1.0076768036881465, 0.1531003758033771, 0.01], "k_pid_vsp": [155.80135867994494, 175.28714713338795, 1.0]}, "datetime": {"datetime": "2025-08-21 15:21:35", "elapsed": 23811.81350827217, "delta": 16.13563632965088}, "costs": {"total_cost": 180.37089826821997, "time_cost": 67.952, "final_distance_cost": 1.8190087743374115, "oscillation_cost": 43.0616730280595, "completition_cost": 0.0, "overshoot_cost": 49.254468238016045, "power_cost": 8.855653820800782, "noise_cost": 9.428094407006228, "n_waypoints_completed": 9, "tot_waypoints": 9}}
{"target": -217.40479061894263, "params": {"k_pid_pos": [1.9176378968916694, 0.5395430241053415, 0.21152287994165886], "k_pid_alt": [1.6714132940641002, 0.0, 0.06527723447865985], "k_pid_att": [24.0942673894178, 7.284845820832624, 0.8739915892735461], "k_pid_yaw": [0.5, 1e-06, 0.1], "k_pid_hsp": [1.0, 0.1531003758033771, 0.01], "k_pid_vsp": [337.79764923111304, 359.530474216699, 1.0]}, "datetime": {"datetime": "2025-08-21 15:21:53", "elapsed": 23830.27152323723, "delta": 18.458014965057373}, "costs": {"total_cost": 217.40479061894263, "time_cost": 78.96000000000001, "final_distance_cost": 1.739471889892622, "oscillation_cost": 54.58045000217034, "completition_cost": 0.0, "overshoot_cost": 53.281096950464644, "power_cost": 15.472304931640625, "noise_cost": 13.371466844774382, "n_waypoints_completed": 9, "tot_waypoints": 9}}
{"target": -674.5538371591355, "params": {"k_pid_pos": [1.9176378968916694, 0.024859491386256316, 0.21152287994165886], "k_pid_alt": [1.3959173657108794, 0.0, 0.06527723447865985], "k_pid_att": [99.38888853887859, 5.314906102430602, 0.8739915892735461], "k_pid_yaw": [0.5, 1e-06, 0.1], "k_pid_hsp": [1.0, 0.2900343745958267, 0.01], "k_pid_vsp": [284.5460512203246, 355.21150340299164, 248.32834799869224]}, "datetime": {"datetime": "2025-08-21 15:22:16", "elapsed": 23853.037785053253, "delta": 22.76626181602478}, "costs": {"total_cost": 674.5538371591355, "time_cost": 150, "final_distance_cost": 53.93478441405127, "oscillation_cost": 54.768965940925895, "completition_cost": 333.33333333333337, "overshoot_cost": 48.307865048945814, "power_cost": 19.691733984375002, "noise_cost": 14.517154437504118, "n_waypoints_completed": 6, "tot_waypoints": 9}}
{"target": -658.7547826642634, "params": {"k_pid_pos": [0.21432707518699828, 0.024859491386256316, 0.21152287994165886], "k_pid_alt": [1.6714132940641002, 0.0, 0.06527723447865985], "k_pid_att": [24.0942673894178, 5.824334032821091, 0.8034371824215166], "k_pid_yaw": [0.5, 1e-06, 0.1], "k_pid_hsp": [2.6218836386490305, 0.1531003758033771, 0.01], "k_pid_vsp": [284.5460512203246, 369.48810340511164, 1.0]}, "datetime": {"datetime": "2025-08-21 15:22:39", "elapsed": 23875.730662584305, "delta": 22.692877531051636}, "costs": {"total_cost": 658.7547826642634, "time_cost": 150, "final_distance_cost": 70.5323958457526, "oscillation_cost": 28.90088984889056, "completition_cost": 333.33333333333337, "overshoot_cost": 48.70707485464664, "power_cost": 14.072701135253906, "noise_cost": 13.20838764638646, "n_waypoints_completed": 6, "tot_waypoints": 9}}
{"target": -200.76527239774023, "params": {"k_pid_pos": [1.9176378968916694, 0.024859491386256316, 0.21152287994165886], "k_pid_alt": [1.6714132940641002, 0.0, 0.06527723447865985], "k_pid_att": [24.0942673894178, 5.824334032821091, 0.8739915892735461], "k_pid_yaw": [0.5, 1e-06, 0.1], "k_pid_hsp": [1.0, 0.2900343745958267, 0.01], "k_pid_vsp": [284.5460512203246, 355.21150340299164, 1.0]}, "datetime": {"datetime": "2025-08-21 15:22:56", "elapsed": 23892.765817403793, "delta": 17.035154819488525}, "costs": {"total_cost": 200.76527239774023, "time_cost": 70.384, "final_distance_cost": 1.7472132479814053, "oscillation_cost": 49.420989756911666, "completition_cost": 0.0, "overshoot_cost": 50.36882471719267, "power_cost": 16.085052197265625, "noise_cost": 12.759192478388886, "n_waypoints_completed": 9, "tot_waypoints": 9}}
{"target": -316.9851811681769, "params": {"k_pid_pos": [1.9176378968916694, 0.06681891267873763, 0.3434561031905483], "k_pid_alt": [1.6319753356852484, 0.997146087838624, 0.1576465649121419], "k_pid_att": [58.989274729095186, 5.088413281584711, 0.7033874038379369], "k_pid_yaw": [0.5, 1e-06, 0.1], "k_pid_hsp": [1.606987810134683, 0.1531003758033771, 0.17347071733517094], "k_pid_vsp": [360.3759557007902, 355.21150340299164, 1.0]}, "datetime": {"datetime": "2025-08-21 15:23:16", "elapsed": 23913.04887843132, "delta": 20.283061027526855}, "costs": {"total_cost": 316.9851811681769, "time_cost": 86.968, "final_distance_cost": 1.7448552231895482, "oscillation_cost": 141.58142649659905, "completition_cost": 0.0, "overshoot_cost": 54.17033000536672, "power_cost": 18.118282104492188, "noise_cost": 14.40228733852933, "n_waypoints_completed": 9, "tot_waypoints": 9}}
{"target": -196.3450790883726, "params": {"k_pid_pos": [1.7041340386651447, 0.024859491386256316, 0.6250867496839783], "k_pid_alt": [0.8287604735407312, 0.0, 0.2915903713486512], "k_pid_att": [58.989274729095186, 1.7717243195899302, 0.6179952950406163], "k_pid_yaw": [0.5, 1e-06, 0.1], "k_pid_hsp": [1.606987810134683, 0.6870351602694771, 0.01], "k_pid_vsp": [376.5747392387296, 175.28714713338795, 1.0]}, "datetime": {"datetime": "2025-08-21 15:23:32", "elapsed": 23929.43464756012, "delta": 16.38576912879944}, "costs": {"total_cost": 196.3450790883726, "time_cost": 72.416, "final_distance_cost": 1.8566862637045956, "oscillation_cost": 45.134106115571825, "completition_cost": 0.0, "overshoot_cost": 49.963726496326316, "power_cost": 14.416797814941408, "noise_cost": 12.557762397828428, "n_waypoints_completed": 9, "tot_waypoints": 9}}
{"target": -226.19446082878534, "params": {"k_pid_pos": [1.7041340386651447, 0.7184125440133404, 0.3434561031905483], "k_pid_alt": [1.6319753356852484, 0.0, 0.1576465649121419], "k_pid_att": [58.989274729095186, 2.3127179700097718, 0.5074717254068946], "k_pid_yaw": [0.5, 1e-06, 0.1], "k_pid_hsp": [1.5859581202077546, 0.1531003758033771, 0.01], "k_pid_vsp": [376.5747392387296, 175.28714713338795, 1.0]}, "datetime": {"datetime": "2025-08-21 15:23:53", "elapsed": 23949.525906801224, "delta": 20.091259241104126}, "costs": {"total_cost": 226.19446082878534, "time_cost": 86.04, "final_distance_cost": 1.7043417813459, "oscillation_cost": 50.495035961317264, "completition_cost": 0.0, "overshoot_cost": 53.35536802416471, "power_cost": 19.173140466308595, "noise_cost": 15.426574595648859, "n_waypoints_completed": 9, "tot_waypoints": 9}}
{"target": -202.3823378727856, "params": {"k_pid_pos": [1.9176378968916694, 0.024859491386256316, 0.2662270978845458], "k_pid_alt": [1.7187705538853828, 0.0, 0.1576465649121419], "k_pid_att": [20.112068749896174, 5.088413281584711, 0.31947664798329845], "k_pid_yaw": [0.5, 1e-06, 0.1], "k_pid_hsp": [1.606987810134683, 0.1531003758033771, 0.01], "k_pid_vsp": [360.3759557007902, 355.21150340299164, 1.0]}, "datetime": {"datetime": "2025-08-21 15:24:09", "elapsed": 23965.861732959747, "delta": 16.33582615852356}, "costs": {"total_cost": 202.3823378727856, "time_cost": 69.808, "final_distance_cost": 1.767019251206177, "oscillation_cost": 48.56719893948466, "completition_cost": 0.0, "overshoot_cost": 50.71594661904195, "power_cost": 17.81384685058594, "noise_cost": 13.71032621246688, "n_waypoints_completed": 9, "tot_waypoints": 9}}
{"target": -183.96938007118263, "params": {"k_pid_pos": [1.9176378968916694, 0.024859491386256316, 0.21152287994165886], "k_pid_alt": [1.3959173657108794, 0.0, 0.06527723447865985], "k_pid_att": [24.0942673894178, 7.284845820832624, 0.8739915892735461], "k_pid_yaw": [0.5, 1e-06, 0.1], "k_pid_hsp": [1.0, 0.1531003758033771, 0.01], "k_pid_vsp": [264.9966777379314, 359.530474216699, 1.0]}, "datetime": {"datetime": "2025-08-21 15:24:24", "elapsed": 23981.42945241928, "delta": 15.567719459533691}, "costs": {"total_cost": 183.96938007118263, "time_cost": 67.64, "final_distance_cost": 1.791162470751868, "oscillation_cost": 43.00337438683633, "completition_cost": 0.0, "overshoot_cost": 49.05611745601049, "power_cost": 11.766059729003906, "noise_cost": 10.712666028580028, "n_waypoints_completed": 9, "tot_waypoints": 9}}
{"target": -428.1063622414057, "params": {"k_pid_pos": [1.9176378968916694, 0.024859491386256316, 0.8092599635047751], "k_pid_alt": [1.7187705538853828, 0.0, 0.8560218098530704], "k_pid_att": [58.989274729095186, 8.523668343376618, 0.5074717254068946], "k_pid_yaw": [0.5, 1e-06, 0.1], "k_pid_hsp": [1.5859581202077546, 0.1531003758033771, 0.5332591165996085], "k_pid_vsp": [376.5747392387296, 298.3527446526404, 1.0]}, "datetime": {"datetime": "2025-08-21 15:24:49", "elapsed": 24005.772173643112, "delta": 24.342721223831177}, "costs": {"total_cost": 428.1063622414057, "time_cost": 98.4, "final_distance_cost": 1.7791994771329382, "oscillation_cost": 232.77492298457912, "completition_cost": 0.0, "overshoot_cost": 62.65310841226421, "power_cost": 16.925306762695314, "noise_cost": 15.573824604734089, "n_waypoints_completed": 9, "tot_waypoints": 9}}
{"target": -182.41517678376846, "params": {"k_pid_pos": [1.4423278017687713, 0.024859491386256316, 0.3434561031905483], "k_pid_alt": [1.6319753356852484, 0.0, 0.1576465649121419], "k_pid_att": [18.716498687641693, 5.088413281584711, 0.7033874038379369], "k_pid_yaw": [0.5, 1e-06, 0.1], "k_pid_hsp": [5.751519431904279, 0.1531003758033771, 0.01], "k_pid_vsp": [284.5460512203246, 355.21150340299164, 1.0]}, "datetime": {"datetime": "2025-08-21 15:25:05", "elapsed": 24021.926402568817, "delta": 16.154228925704956}, "costs": {"total_cost": 182.41517678376846, "time_cost": 68.34400000000001, "final_distance_cost": 1.8309697638582325, "oscillation_cost": 43.102369012143065, "completition_cost": 0.0, "overshoot_cost": 49.088763636847226, "power_cost": 9.825989428710939, "noise_cost": 10.223084942208995, "n_waypoints_completed": 9, "tot_waypoints": 9}}
{"target": -190.5710292111751, "params": {"k_pid_pos": [1.9475525933111357, 0.024859491386256316, 0.21152287994165886], "k_pid_alt": [1.6714132940641002, 0.0, 0.06527723447865985], "k_pid_att": [24.0942673894178, 5.824334032821091, 0.8739915892735461], "k_pid_yaw": [0.5, 1e-06, 0.1], "k_pid_hsp": [1.0, 0.2900343745958267, 0.01], "k_pid_vsp": [376.5747392387296, 175.28714713338795, 1.0]}, "datetime": {"datetime": "2025-08-21 15:25:20", "elapsed": 24037.40218281746, "delta": 15.475780248641968}, "costs": {"total_cost": 190.5710292111751, "time_cost": 68.21600000000001, "final_distance_cost": 1.7844494767935495, "oscillation_cost": 47.24801484353499, "completition_cost": 0.0, "overshoot_cost": 50.067308799406426, "power_cost": 12.31278271484375, "noise_cost": 10.942473376596343, "n_waypoints_completed": 9, "tot_waypoints": 9}}
{"target": -191.39034803555407, "params": {"k_pid_pos": [1.7041340386651447, 0.024859491386256316, 0.9837022460713571], "k_pid_alt": [1.6319753356852484, 0.0, 0.26930141191004886], "k_pid_att": [58.989274729095186, 4.514399977632767, 0.2977476601316654], "k_pid_yaw": [0.5, 1e-06, 0.1], "k_pid_hsp": [1.606987810134683, 0.1531003758033771, 0.01], "k_pid_vsp": [284.5460512203246, 369.48810340511164, 1.0]}, "datetime": {"datetime": "2025-08-21 15:25:37", "elapsed": 24053.76781797409, "delta": 16.36563515663147}, "costs": {"total_cost": 191.39034803555407, "time_cost": 69.776, "final_distance_cost": 1.8484158295338293, "oscillation_cost": 50.30021923179814, "completition_cost": 0.0, "overshoot_cost": 49.15552490240985, "power_cost": 9.997465869140626, "noise_cost": 10.312722202671605, "n_waypoints_completed": 9, "tot_waypoints": 9}}
{"target": -257.0577696227557, "params": {"k_pid_pos": [1.9176378968916694, 0.024859491386256316, 0.21152287994165886], "k_pid_alt": [1.6714132940641002, 0.9470325041280537, 0.06527723447865985], "k_pid_att": [24.0942673894178, 5.824334032821091, 0.7033874038379369], "k_pid_yaw": [0.5, 1e-06, 0.1], "k_pid_hsp": [1.606987810134683, 0.6081750647072628, 0.01], "k_pid_vsp": [360.3759557007902, 355.21150340299164, 1.0]}, "datetime": {"datetime": "2025-08-21 15:25:58", "elapsed": 24075.104311943054, "delta": 21.336493968963623}, "costs": {"total_cost": 257.0577696227557, "time_cost": 88.952, "final_distance_cost": 1.7914793329796617, "oscillation_cost": 68.94847125677043, "completition_cost": 0.0, "overshoot_cost": 58.71739018990251, "power_cost": 22.14289364013672, "noise_cost": 16.505535202966353, "n_waypoints_completed": 9, "tot_waypoints": 9}}
{"target": -214.8111750477662, "params": {"k_pid_pos": [1.7041340386651447, 0.024859491386256316, 0.21152287994165886], "k_pid_alt": [1.6714132940641002, 0.0, 0.10702076326620091], "k_pid_att": [24.0942673894178, 7.284845820832624, 0.8739915892735461], "k_pid_yaw": [0.5, 1e-06, 0.1], "k_pid_hsp": [1.0, 0.2900343745958267, 0.01], "k_pid_vsp": [284.5460512203246, 355.21150340299164, 1.0]}, "datetime": {"datetime": "2025-08-21 15:26:15", "elapsed": 24092.15125465393, "delta": 17.046942710876465}, "costs": {"total_cost": 214.8111750477662, "time_cost": 74.424, "final_distance_cost": 1.7971111364509285, "oscillation_cost": 48.376441208455866, "completition_cost": 0.0, "overshoot_cost": 53.845461972527154, "power_cost": 20.392293103027345, "noise_cost": 15.975867627304881, "n_waypoints_completed": 9, "tot_waypoints": 9}}
{"target": -192.13505843294283, "params": {"k_pid_pos": [1.9176378968916694, 0.024859491386256316, 0.3434561031905483], "k_pid_alt": [1.6319753356852484, 0.0, 0.7411234869318217], "k_pid_att": [58.989274729095186, 5.088413281584711, 0.7033874038379369], "k_pid_yaw": [0.5, 1e-06, 0.1], "k_pid_hsp": [1.606987810134683, 0.1531003758033771, 0.01], "k_pid_vsp": [376.5747392387296, 175.28714713338795, 1.0]}, "datetime": {"datetime": "2025-08-21 15:26:32", "elapsed": 24109.38910317421, "delta": 17.23784852027893}, "costs": {"total_cost": 192.13505843294283, "time_cost": 69.664, "final_distance_cost": 1.7927120690295633, "oscillation_cost": 41.06894033296352, "completition_cost": 0.0, "overshoot_cost": 51.032105558113884, "power_cost": 15.683924401855469, "noise_cost": 12.89337607098036, "n_waypoints_completed": 9, "tot_waypoints": 9}}
{"target": -676.9925633926865, "params": {"k_pid_pos": [1.9176378968916694, 0.024859491386256316, 0.2662270978845458], "k_pid_alt": [1.7187705538853828, 0.0, 0.06527723447865985], "k_pid_att": [24.0942673894178, 5.824334032821091, 0.8739915892735461], "k_pid_yaw": [0.5, 1e-06, 0.1], "k_pid_hsp": [1.0, 0.2900343745958267, 0.7795792955441254], "k_pid_vsp": [284.5460512203246, 242.19569180174827, 1.0]}, "datetime": {"datetime": "2025-08-21 15:26:55", "elapsed": 24132.26163840294, "delta": 22.872535228729248}, "costs": {"total_cost": 676.9925633926865, "time_cost": 150, "final_distance_cost": 29.811135580739307, "oscillation_cost": 265.80299688388715, "completition_cost": 111.11111111111116, "overshoot_cost": 83.03774941186418, "power_cost": 20.070742700195314, "noise_cost": 17.15882770488945, "n_waypoints_completed": 8, "tot_waypoints": 9}}
{"target": -185.43320864383116, "params": {"k_pid_pos": [1.9475525933111357, 0.024859491386256316, 0.21152287994165886], "k_pid_alt": [1.6714132940641002, 0.0, 0.1576465649121419], "k_pid_att": [58.989274729095186, 8.523668343376618, 0.5074717254068946], "k_pid_yaw": [0.5, 1e-06, 0.1], "k_pid_hsp": [1.5859581202077546, 0.1531003758033771, 0.01], "k_pid_vsp": [376.5747392387296, 175.28714713338795, 1.0]}, "datetime": {"datetime": "2025-08-21 15:27:11", "elapsed": 24147.6247985363, "delta": 15.363160133361816}, "costs": {"total_cost": 185.43320864383116, "time_cost": 68.008, "final_distance_cost": 1.7884707045045058, "oscillation_cost": 45.50822261133957, "completition_cost": 0.0, "overshoot_cost": 50.30820841416247, "power_cost": 9.865880920410156, "noise_cost": 9.954425993414478, "n_waypoints_completed": 9, "tot_waypoints": 9}}
{"target": -230.9897862621215, "params": {"k_pid_pos": [1.9176378968916694, 0.024859491386256316, 0.9305336539493747], "k_pid_alt": [1.6714132940641002, 0.0, 0.06527723447865985], "k_pid_att": [24.0942673894178, 5.824334032821091, 0.1622042676448776], "k_pid_yaw": [0.5, 1e-06, 0.1], "k_pid_hsp": [1.606987810134683, 0.1531003758033771, 0.01], "k_pid_vsp": [340.9834399889807, 369.48810340511164, 57.29137036833912]}, "datetime": {"datetime": "2025-08-21 15:27:29", "elapsed": 24165.75926589966, "delta": 18.134467363357544}, "costs": {"total_cost": 230.9897862621215, "time_cost": 76.256, "final_distance_cost": 1.8410955848268813, "oscillation_cost": 62.383008775236576, "completition_cost": 0.0, "overshoot_cost": 54.153540615073844, "power_cost": 20.282329809570314, "noise_cost": 16.07381147741387, "n_waypoints_completed": 9, "tot_waypoints": 9}}
{"target": -192.9145925830872, "params": {"k_pid_pos": [1.7041340386651447, 0.024859491386256316, 0.3434561031905483], "k_pid_alt": [1.6319753356852484, 0.0, 0.1576465649121419], "k_pid_att": [58.989274729095186, 5.088413281584711, 0.7033874038379369], "k_pid_yaw": [0.5, 1e-06, 0.1], "k_pid_hsp": [1.606987810134683, 0.1531003758033771, 0.01], "k_pid_vsp": [376.5747392387296, 175.28714713338795, 1.0]}, "datetime": {"datetime": "2025-08-21 15:27:45", "elapsed": 24181.468535661697, "delta": 15.709269762039185}, "costs": {"total_cost": 192.9145925830872, "time_cost": 70.464, "final_distance_cost": 1.8148383229109346, "oscillation_cost": 43.43278757930071, "completition_cost": 0.0, "overshoot_cost": 50.55740992251642, "power_cost": 14.282022314453126, "noise_cost": 12.363534443906032, "n_waypoints_completed": 9, "tot_waypoints": 9}}
