{"target": -183.95023485858027, "params": {"k_pid_pos": [1.3885554450422086, 0.024859491386256316, 0.11401919133455096], "k_pid_alt": [1.2679502233621702, 0.0, 0.06527723447865985], "k_pid_att": [24.0942673894178, 7.284845820832624, 0.4533553111744568], "k_pid_yaw": [0.5, 1e-06, 0.1], "k_pid_hsp": [1.0, 0.1531003758033771, 0.01], "k_pid_vsp": [378.2079564087626, 355.21150340299164, 1.0]}, "datetime": {"datetime": "2025-08-21 13:02:29", "elapsed": 15465.937592506409, "delta": 15.719749212265015}, "costs": {"total_cost": 183.95023485858027, "time_cost": 68.208, "final_distance_cost": 1.7998574838875883, "oscillation_cost": 39.298641501081825, "completition_cost": 0.0, "overshoot_cost": 49.908027655733065, "power_cost": 13.148201879882814, "noise_cost": 11.587506337994988, "n_waypoints_completed": 9, "tot_waypoints": 9}}
{"target": -251.12024206124534, "params": {"k_pid_pos": [1.901325454231368, 0.024859491386256316, 0.025149501090233062], "k_pid_alt": [1.2679502233621702, 0.12488734511065003, 0.1576465649121419], "k_pid_att": [33.41589308538913, 7.284845820832624, 0.8739915892735461], "k_pid_yaw": [0.5, 1e-06, 0.1], "k_pid_hsp": [1.0, 0.24371102717533222, 0.01], "k_pid_vsp": [378.2079564087626, 355.21150340299164, 1.0]}, "datetime": {"datetime": "2025-08-21 13:02:51", "elapsed": 15488.132049560547, "delta": 22.194457054138184}, "costs": {"total_cost": 251.12024206124534, "time_cost": 99.296, "final_distance_cost": 1.7765559990285287, "oscillation_cost": 63.6196922532004, "completition_cost": 0.0, "overshoot_cost": 52.033259083861815, "power_cost": 18.69089305419922, "noise_cost": 15.703841670955365, "n_waypoints_completed": 9, "tot_waypoints": 9}}
{"target": -257.648703756781, "params": {"k_pid_pos": [1.3885554450422086, 0.024859491386256316, 0.11401919133455096], "k_pid_alt": [1.113216515173282, 0.8508808097559035, 0.06527723447865985], "k_pid_att": [24.0942673894178, 7.284845820832624, 0.1432438844471683], "k_pid_yaw": [0.5, 1e-06, 0.1], "k_pid_hsp": [3.022941925987454, 0.1531003758033771, 0.01], "k_pid_vsp": [378.2079564087626, 355.21150340299164, 1.0]}, "datetime": {"datetime": "2025-08-21 13:03:12", "elapsed": 15508.535092830658, "delta": 20.403043270111084}, "costs": {"total_cost": 257.648703756781, "time_cost": 88.70400000000001, "final_distance_cost": 1.7556221930277287, "oscillation_cost": 80.31160909347766, "completition_cost": 0.0, "overshoot_cost": 56.22516665700494, "power_cost": 16.677187658691405, "noise_cost": 13.975118154579281, "n_waypoints_completed": 9, "tot_waypoints": 9}}
{"target": -182.17556808176744, "params": {"k_pid_pos": [1.3885554450422086, 0.024859491386256316, 0.11401919133455096], "k_pid_alt": [1.2679502233621702, 0.0, 0.1576465649121419], "k_pid_att": [58.989274729095186, 7.284845820832624, 0.8739915892735461], "k_pid_yaw": [0.5, 1e-06, 0.1], "k_pid_hsp": [1.0, 0.1531003758033771, 0.01], "k_pid_vsp": [378.2079564087626, 355.21150340299164, 1.0]}, "datetime": {"datetime": "2025-08-21 13:03:27", "elapsed": 15524.42712688446, "delta": 15.89203405380249}, "costs": {"total_cost": 182.17556808176744, "time_cost": 68.44800000000001, "final_distance_cost": 1.8139698926487071, "oscillation_cost": 40.10939906487703, "completition_cost": 0.0, "overshoot_cost": 49.87917924394599, "power_cost": 11.299938720703125, "noise_cost": 10.625081159592566, "n_waypoints_completed": 9, "tot_waypoints": 9}}
{"target": -186.79300060379202, "params": {"k_pid_pos": [0.9382506112798048, 0.024859491386256316, 0.11401919133455096], "k_pid_alt": [1.2679502233621702, 0.0, 0.1576465649121419], "k_pid_att": [58.989274729095186, 8.039636722459171, 0.8792759721912583], "k_pid_yaw": [0.5, 1e-06, 0.1], "k_pid_hsp": [1.212585439599864, 0.1531003758033771, 0.01], "k_pid_vsp": [378.2079564087626, 355.21150340299164, 1.0]}, "datetime": {"datetime": "2025-08-21 13:03:43", "elapsed": 15540.27045917511, "delta": 15.843332290649414}, "costs": {"total_cost": 186.79300060379202, "time_cost": 70.632, "final_distance_cost": 1.8431645839219202, "oscillation_cost": 37.779927494862854, "completition_cost": 0.0, "overshoot_cost": 49.9045444998506, "power_cost": 14.05824168701172, "noise_cost": 12.57512233814491, "n_waypoints_completed": 9, "tot_waypoints": 9}}
{"target": -211.1784673443572, "params": {"k_pid_pos": [0.3872541593407814, 0.024859491386256316, 0.11401919133455096], "k_pid_alt": [1.1171055843486601, 0.0, 0.06527723447865985], "k_pid_att": [24.0942673894178, 7.284845820832624, 0.8739915892735461], "k_pid_yaw": [0.5, 1e-06, 0.1], "k_pid_hsp": [3.022941925987454, 0.1531003758033771, 0.01], "k_pid_vsp": [378.2079564087626, 87.58200976551859, 1.0]}, "datetime": {"datetime": "2025-08-21 13:04:04", "elapsed": 15561.08160662651, "delta": 20.811147451400757}, "costs": {"total_cost": 211.1784673443572, "time_cost": 89.632, "final_distance_cost": 1.8570039957748683, "oscillation_cost": 34.84309955239372, "completition_cost": 0.0, "overshoot_cost": 52.74994136721837, "power_cost": 16.146767333984375, "noise_cost": 15.949655094985834, "n_waypoints_completed": 9, "tot_waypoints": 9}}
{"target": -186.61356073003327, "params": {"k_pid_pos": [1.3885554450422086, 0.024859491386256316, 0.4388587351883817], "k_pid_alt": [1.2679502233621702, 0.0, 0.1576465649121419], "k_pid_att": [33.41589308538913, 7.284845820832624, 0.6426065009168366], "k_pid_yaw": [0.5, 1e-06, 0.1], "k_pid_hsp": [1.0, 0.1531003758033771, 0.01], "k_pid_vsp": [378.2079564087626, 355.21150340299164, 1.0]}, "datetime": {"datetime": "2025-08-21 13:04:20", "elapsed": 15577.303395748138, "delta": 16.221789121627808}, "costs": {"total_cost": 186.61356073003327, "time_cost": 70.08, "final_distance_cost": 1.8375462182623614, "oscillation_cost": 39.75967069065535, "completition_cost": 0.0, "overshoot_cost": 50.043094405939144, "power_cost": 13.12658768310547, "noise_cost": 11.766661732070949, "n_waypoints_completed": 9, "tot_waypoints": 9}}
{"target": -184.22258197414078, "params": {"k_pid_pos": [1.901325454231368, 0.024859491386256316, 0.15676371154545432], "k_pid_alt": [1.0304713630477362, 0.0, 0.06527723447865985], "k_pid_att": [24.0942673894178, 7.284845820832624, 0.8739915892735461], "k_pid_yaw": [0.5, 1e-06, 0.1], "k_pid_hsp": [1.0, 0.1531003758033771, 0.01], "k_pid_vsp": [378.2079564087626, 355.21150340299164, 1.0]}, "datetime": {"datetime": "2025-08-21 13:04:36", "elapsed": 15592.858025074005, "delta": 15.5546293258667}, "costs": {"total_cost": 184.22258197414078, "time_cost": 68.552, "final_distance_cost": 1.7796070986115045, "oscillation_cost": 44.44278745724205, "completition_cost": 0.0, "overshoot_cost": 49.59804035526191, "power_cost": 10.070903930664063, "noise_cost": 9.77924313236123, "n_waypoints_completed": 9, "tot_waypoints": 9}}
{"target": -181.34039383227713, "params": {"k_pid_pos": [1.901325454231368, 0.024859491386256316, 0.4388587351883817], "k_pid_alt": [1.2679502233621702, 0.0, 0.07734400225577898], "k_pid_att": [33.41589308538913, 7.284845820832624, 0.8739915892735461], "k_pid_yaw": [0.5, 1e-06, 0.1], "k_pid_hsp": [1.0, 0.1531003758033771, 0.01], "k_pid_vsp": [378.2079564087626, 355.21150340299164, 1.0]}, "datetime": {"datetime": "2025-08-21 13:04:51", "elapsed": 15608.415654659271, "delta": 15.557629585266113}, "costs": {"total_cost": 181.34039383227713, "time_cost": 67.904, "final_distance_cost": 1.8063190698354123, "oscillation_cost": 41.94789935174026, "completition_cost": 0.0, "overshoot_cost": 49.99301462636835, "power_cost": 9.87131181640625, "noise_cost": 9.817848967926853, "n_waypoints_completed": 9, "tot_waypoints": 9}}
{"target": -188.4267812021436, "params": {"k_pid_pos": [1.3885554450422086, 0.024859491386256316, 0.11401919133455096], "k_pid_alt": [1.2679502233621702, 0.0, 0.7749404481107842], "k_pid_att": [24.0942673894178, 7.284845820832624, 0.4533553111744568], "k_pid_yaw": [0.5, 1e-06, 0.1], "k_pid_hsp": [1.0, 0.1531003758033771, 0.01], "k_pid_vsp": [378.2079564087626, 355.21150340299164, 1.0]}, "datetime": {"datetime": "2025-08-21 13:05:07", "elapsed": 15624.440552949905, "delta": 16.024898290634155}, "costs": {"total_cost": 188.4267812021436, "time_cost": 70.84, "final_distance_cost": 1.8125542789534836, "oscillation_cost": 40.50357963134402, "completition_cost": 0.0, "overshoot_cost": 49.575616272487885, "power_cost": 13.811122509765626, "noise_cost": 11.883908509592581, "n_waypoints_completed": 9, "tot_waypoints": 9}}
{"target": -185.78520828323613, "params": {"k_pid_pos": [1.901325454231368, 0.024859491386256316, 0.4388587351883817], "k_pid_alt": [1.2679502233621702, 0.0, 0.1576465649121419], "k_pid_att": [33.41589308538913, 7.284845820832624, 0.8739915892735461], "k_pid_yaw": [0.5, 1e-06, 0.1], "k_pid_hsp": [1.0, 0.1531003758033771, 0.01], "k_pid_vsp": [378.2079564087626, 355.21150340299164, 1.0]}, "datetime": {"datetime": "2025-08-21 13:05:23", "elapsed": 15639.884076356888, "delta": 15.443523406982422}, "costs": {"total_cost": 185.78520828323613, "time_cost": 68.528, "final_distance_cost": 1.8015985040001092, "oscillation_cost": 41.99386416873929, "completition_cost": 0.0, "overshoot_cost": 49.630302779253114, "power_cost": 12.56091298828125, "noise_cost": 11.27052984296236, "n_waypoints_completed": 9, "tot_waypoints": 9}}
{"target": -177.23412574500338, "params": {"k_pid_pos": [1.3885554450422086, 0.024859491386256316, 0.11401919133455096], "k_pid_alt": [1.2679502233621702, 0.0, 0.06527723447865985], "k_pid_att": [24.0942673894178, 5.075554186145011, 0.4533553111744568], "k_pid_yaw": [0.5, 1e-06, 0.1], "k_pid_hsp": [1.0, 0.1531003758033771, 0.01], "k_pid_vsp": [378.2079564087626, 355.21150340299164, 1.0]}, "datetime": {"datetime": "2025-08-21 13:05:39", "elapsed": 15655.55786895752, "delta": 15.673792600631714}, "costs": {"total_cost": 177.23412574500338, "time_cost": 68.048, "final_distance_cost": 1.7901832136275575, "oscillation_cost": 39.927714329980056, "completition_cost": 0.0, "overshoot_cost": 48.986756097161454, "power_cost": 9.021229785156251, "noise_cost": 9.460242319078077, "n_waypoints_completed": 9, "tot_waypoints": 9}}
{"target": -216.7139123753028, "params": {"k_pid_pos": [1.3885554450422086, 0.024859491386256316, 0.11401919133455096], "k_pid_alt": [1.2693649380879928, 0.07699080812060333, 0.5500846473514374], "k_pid_att": [58.989274729095186, 7.284845820832624, 0.8739915892735461], "k_pid_yaw": [0.5, 1e-06, 0.1], "k_pid_hsp": [1.0, 0.1531003758033771, 0.01], "k_pid_vsp": [378.2079564087626, 355.21150340299164, 1.0]}, "datetime": {"datetime": "2025-08-21 13:05:59", "elapsed": 15675.618793010712, "delta": 20.06092405319214}, "costs": {"total_cost": 216.7139123753028, "time_cost": 86.52, "final_distance_cost": 1.8085741417620151, "oscillation_cost": 51.1570754329487, "completition_cost": 0.0, "overshoot_cost": 50.44615717298356, "power_cost": 13.888628723144532, "noise_cost": 12.893476904464036, "n_waypoints_completed": 9, "tot_waypoints": 9}}
{"target": -193.42307678073098, "params": {"k_pid_pos": [1.3078103269235994, 0.024859491386256316, 0.07188833330086031], "k_pid_alt": [1.2679502233621702, 0.0, 0.1576465649121419], "k_pid_att": [59.20080306752875, 7.284845820832624, 0.8739915892735461], "k_pid_yaw": [0.5, 1e-06, 0.1], "k_pid_hsp": [1.0, 0.3530148293123191, 0.01], "k_pid_vsp": [378.2079564087626, 355.21150340299164, 1.0]}, "datetime": {"datetime": "2025-08-21 13:06:16", "elapsed": 15692.88529920578, "delta": 17.26650619506836}, "costs": {"total_cost": 193.42307678073098, "time_cost": 69.232, "final_distance_cost": 1.8271643249284917, "oscillation_cost": 44.75939215462126, "completition_cost": 0.0, "overshoot_cost": 49.62140479488926, "power_cost": 15.364112463378907, "noise_cost": 12.619003042913041, "n_waypoints_completed": 9, "tot_waypoints": 9}}
{"target": -195.89596605793548, "params": {"k_pid_pos": [1.3885554450422086, 0.024859491386256316, 0.4088772856873999], "k_pid_alt": [1.113216515173282, 0.0, 0.06527723447865985], "k_pid_att": [89.76499907316582, 7.284845820832624, 0.8739915892735461], "k_pid_yaw": [0.5, 1e-06, 0.1], "k_pid_hsp": [3.695059850535367, 0.3950134039208921, 0.01], "k_pid_vsp": [378.2079564087626, 27.814187934262186, 1.0]}, "datetime": {"datetime": "2025-08-21 13:06:34", "elapsed": 15710.732496500015, "delta": 17.84719729423523}, "costs": {"total_cost": 195.89596605793548, "time_cost": 71.352, "final_distance_cost": 1.8509647732182035, "oscillation_cost": 42.116301287679484, "completition_cost": 0.0, "overshoot_cost": 50.91485445250564, "power_cost": 16.100966198730468, "noise_cost": 13.560879345801672, "n_waypoints_completed": 9, "tot_waypoints": 9}}
{"target": -216.58708648567975, "params": {"k_pid_pos": [0.9326368519522082, 0.024859491386256316, 0.11401919133455096], "k_pid_alt": [1.2679502233621702, 0.7495071381000086, 0.1576465649121419], "k_pid_att": [58.989274729095186, 8.039636722459171, 0.8792759721912583], "k_pid_yaw": [0.5, 1e-06, 0.1], "k_pid_hsp": [6.276831608809586, 0.1531003758033771, 0.01], "k_pid_vsp": [378.2079564087626, 355.21150340299164, 1.0]}, "datetime": {"datetime": "2025-08-21 13:06:53", "elapsed": 15730.356366634369, "delta": 19.623870134353638}, "costs": {"total_cost": 216.58708648567975, "time_cost": 80.60000000000001, "final_distance_cost": 1.8212642849176996, "oscillation_cost": 53.92349138103052, "completition_cost": 0.0, "overshoot_cost": 52.52075721747854, "power_cost": 15.022763708496095, "noise_cost": 12.698809893756886, "n_waypoints_completed": 9, "tot_waypoints": 9}}
{"target": -186.3647054119222, "params": {"k_pid_pos": [1.3885554450422086, 0.024859491386256316, 0.4388587351883817], "k_pid_alt": [1.2679502233621702, 0.0, 0.1576465649121419], "k_pid_att": [33.41589308538913, 7.284845820832624, 0.8739915892735461], "k_pid_yaw": [0.5, 1e-06, 0.1], "k_pid_hsp": [3.022941925987454, 0.4702638621486921, 0.01], "k_pid_vsp": [378.2079564087626, 355.21150340299164, 1.0]}, "datetime": {"datetime": "2025-08-21 13:07:10", "elapsed": 15746.750517129898, "delta": 16.394150495529175}, "costs": {"total_cost": 186.3647054119222, "time_cost": 69.664, "final_distance_cost": 1.8498548579891352, "oscillation_cost": 39.854751194073856, "completition_cost": 0.0, "overshoot_cost": 49.61147045274268, "power_cost": 13.264637426757814, "noise_cost": 12.11999148035873, "n_waypoints_completed": 9, "tot_waypoints": 9}}
{"target": -182.150282623813, "params": {"k_pid_pos": [1.3885554450422086, 0.024859491386256316, 0.11401919133455096], "k_pid_alt": [1.408510096659571, 0.0, 0.06527723447865985], "k_pid_att": [58.989274729095186, 2.057470297840489, 0.8739915892735461], "k_pid_yaw": [0.5, 1e-06, 0.1], "k_pid_hsp": [1.0, 0.1531003758033771, 0.01], "k_pid_vsp": [146.93843233531743, 355.21150340299164, 1.0]}, "datetime": {"datetime": "2025-08-21 13:07:26", "elapsed": 15762.573043107986, "delta": 15.822525978088379}, "costs": {"total_cost": 182.150282623813, "time_cost": 67.952, "final_distance_cost": 1.8040180634584368, "oscillation_cost": 40.95757271465531, "completition_cost": 0.0, "overshoot_cost": 49.500800657834205, "power_cost": 11.334392504882812, "noise_cost": 10.601498682982244, "n_waypoints_completed": 9, "tot_waypoints": 9}}
{"target": -197.1732252541102, "params": {"k_pid_pos": [1.3927914940736073, 0.024859491386256316, 0.13666630474832364], "k_pid_alt": [1.9792988987850082, 0.0, 0.22260652447727036], "k_pid_att": [50.98074059285719, 1.6378108886447933, 0.8739915892735461], "k_pid_yaw": [0.5, 1e-06, 0.1], "k_pid_hsp": [1.0, 0.3530148293123191, 0.01], "k_pid_vsp": [366.9222945638871, 59.82240868669444, 1.0]}, "datetime": {"datetime": "2025-08-21 13:07:41", "elapsed": 15778.392594337463, "delta": 15.819551229476929}, "costs": {"total_cost": 197.1732252541102, "time_cost": 69.784, "final_distance_cost": 1.8292517724231177, "oscillation_cost": 46.99382017668497, "completition_cost": 0.0, "overshoot_cost": 50.28375227365232, "power_cost": 15.470419580078126, "noise_cost": 12.81198145127167, "n_waypoints_completed": 9, "tot_waypoints": 9}}
{"target": -474.0436945472467, "params": {"k_pid_pos": [1.3885554450422086, 0.024859491386256316, 0.11401919133455096], "k_pid_alt": [1.2679502233621702, 0.5662512635348111, 0.06527723447865985], "k_pid_att": [24.0942673894178, 7.284845820832624, 0.8739915892735461], "k_pid_yaw": [0.5, 1e-06, 0.1], "k_pid_hsp": [3.022941925987454, 0.1531003758033771, 0.01], "k_pid_vsp": [312.50622598497625, 355.21150340299164, 250.14769175955837]}, "datetime": {"datetime": "2025-08-21 13:08:05", "elapsed": 15801.739583730698, "delta": 23.346989393234253}, "costs": {"total_cost": 474.0436945472467, "time_cost": 150, "final_distance_cost": 63.56545820093207, "oscillation_cost": 55.255089630727596, "completition_cost": 111.11111111111116, "overshoot_cost": 55.916187584083566, "power_cost": 22.331504736328124, "noise_cost": 15.864343284064189, "n_waypoints_completed": 8, "tot_waypoints": 9}}
{"target": -181.76277431863343, "params": {"k_pid_pos": [1.733835489643198, 0.024859491386256316, 0.11401919133455096], "k_pid_alt": [1.2679502233621702, 0.0, 0.06527723447865985], "k_pid_att": [24.0942673894178, 7.284845820832624, 0.8739915892735461], "k_pid_yaw": [0.5, 1e-06, 0.1], "k_pid_hsp": [1.0, 0.1531003758033771, 0.01], "k_pid_vsp": [378.2079564087626, 355.21150340299164, 1.0]}, "datetime": {"datetime": "2025-08-21 13:08:21", "elapsed": 15817.659266471863, "delta": 15.919682741165161}, "costs": {"total_cost": 181.76277431863343, "time_cost": 67.968, "final_distance_cost": 1.785736338242646, "oscillation_cost": 43.41743740146407, "completition_cost": 0.0, "overshoot_cost": 49.558027121468676, "power_cost": 9.446256127929688, "noise_cost": 9.587317329528336, "n_waypoints_completed": 9, "tot_waypoints": 9}}
{"target": -187.01343140052796, "params": {"k_pid_pos": [1.3885554450422086, 0.024859491386256316, 0.11401919133455096], "k_pid_alt": [1.2679502233621702, 0.0, 0.06527723447865985], "k_pid_att": [24.0942673894178, 5.075554186145011, 0.4533553111744568], "k_pid_yaw": [0.5, 1e-06, 0.1], "k_pid_hsp": [1.0, 0.1531003758033771, 0.01], "k_pid_vsp": [378.2079564087626, 355.21150340299164, 1.0]}, "datetime": {"datetime": "2025-08-21 13:08:36", "elapsed": 15833.128045082092, "delta": 15.468778610229492}, "costs": {"total_cost": 187.01343140052796, "time_cost": 68.488, "final_distance_cost": 1.8120920162072303, "oscillation_cost": 39.99757151831669, "completition_cost": 0.0, "overshoot_cost": 49.541687353745274, "power_cost": 14.795952551269531, "noise_cost": 12.378127960989234, "n_waypoints_completed": 9, "tot_waypoints": 9}}
{"target": -191.33865328523686, "params": {"k_pid_pos": [1.3885554450422086, 0.024859491386256316, 0.11401919133455096], "k_pid_alt": [1.2679502233621702, 0.0, 0.06527723447865985], "k_pid_att": [24.0942673894178, 7.284845820832624, 0.8739915892735461], "k_pid_yaw": [0.5, 1e-06, 0.1], "k_pid_hsp": [3.022941925987454, 0.1531003758033771, 0.01], "k_pid_vsp": [378.2079564087626, 355.21150340299164, 1.0]}, "datetime": {"datetime": "2025-08-21 13:08:53", "elapsed": 15849.471143484116, "delta": 16.343098402023315}, "costs": {"total_cost": 191.33865328523686, "time_cost": 70.768, "final_distance_cost": 1.798293008844123, "oscillation_cost": 38.45784915579493, "completition_cost": 0.0, "overshoot_cost": 51.075785468568874, "power_cost": 16.06713680419922, "noise_cost": 13.171588847829735, "n_waypoints_completed": 9, "tot_waypoints": 9}}
{"target": -187.5700364308063, "params": {"k_pid_pos": [1.901325454231368, 0.024859491386256316, 0.4388587351883817], "k_pid_alt": [1.2679502233621702, 0.0, 0.07734400225577898], "k_pid_att": [33.41589308538913, 7.284845820832624, 0.8739915892735461], "k_pid_yaw": [0.5, 1e-06, 0.1], "k_pid_hsp": [1.0, 0.1531003758033771, 0.01], "k_pid_vsp": [378.2079564087626, 355.21150340299164, 1.0]}, "datetime": {"datetime": "2025-08-21 13:09:08", "elapsed": 15865.36169886589, "delta": 15.890555381774902}, "costs": {"total_cost": 187.5700364308063, "time_cost": 68.64, "final_distance_cost": 1.7967640681249297, "oscillation_cost": 41.32112609263003, "completition_cost": 0.0, "overshoot_cost": 50.4538902651716, "power_cost": 13.526591174316406, "noise_cost": 11.831664830563358, "n_waypoints_completed": 9, "tot_waypoints": 9}}
{"target": -439.0017736888551, "params": {"k_pid_pos": [1.901325454231368, 0.17490998158808135, 0.15676371154545432], "k_pid_alt": [1.0304713630477362, 0.16763628571194666, 0.06527723447865985], "k_pid_att": [24.0942673894178, 7.284845820832624, 0.4533553111744568], "k_pid_yaw": [0.5, 1e-06, 0.1], "k_pid_hsp": [1.0, 0.1531003758033771, 0.01], "k_pid_vsp": [378.2079564087626, 355.21150340299164, 21.011196465382298]}, "datetime": {"datetime": "2025-08-21 13:09:31", "elapsed": 15887.753282308578, "delta": 22.39158344268799}, "costs": {"total_cost": 439.0017736888551, "time_cost": 150, "final_distance_cost": 13.741764606868315, "oscillation_cost": 63.94648090399698, "completition_cost": 111.11111111111116, "overshoot_cost": 51.86864674569817, "power_cost": 28.704305102539063, "noise_cost": 19.62946521864139, "n_waypoints_completed": 8, "tot_waypoints": 9}}
{"target": -551.7711330097587, "params": {"k_pid_pos": [0.2095935789605647, 0.024859491386256316, 0.11401919133455096], "k_pid_alt": [1.2679502233621702, 0.0, 0.06527723447865985], "k_pid_att": [24.0942673894178, 5.075554186145011, 0.8739915892735461], "k_pid_yaw": [0.5, 1e-06, 0.1], "k_pid_hsp": [1.0, 0.1531003758033771, 0.01], "k_pid_vsp": [378.2079564087626, 355.21150340299164, 1.0]}, "datetime": {"datetime": "2025-08-21 13:09:54", "elapsed": 15910.482007026672, "delta": 22.728724718093872}, "costs": {"total_cost": 551.7711330097587, "time_cost": 150, "final_distance_cost": 68.0398073317791, "oscillation_cost": 25.33709009523765, "completition_cost": 222.2222222222222, "overshoot_cost": 49.06091441173929, "power_cost": 20.806331677246096, "noise_cost": 16.304767271534363, "n_waypoints_completed": 7, "tot_waypoints": 9}}
