{"target": -234.40811169876747, "params": {"k_pid_pos": [1.9176378968916694, 0.7861818900992841, 0.21152287994165886], "k_pid_alt": [1.6319753356852484, 0.0, 0.06527723447865985], "k_pid_att": [98.3674629066707, 9.994776192526535, 0.8739915892735461], "k_pid_yaw": [0.5, 1e-06, 0.1], "k_pid_hsp": [1.0, 0.1531003758033771, 0.01], "k_pid_vsp": [279.45517549114066, 355.21150340299164, 1.0]}, "datetime": {"datetime": "2025-08-21 14:11:45", "elapsed": 19621.50119280815, "delta": 21.267820119857788}, "costs": {"total_cost": 234.40811169876747, "time_cost": 91.056, "final_distance_cost": 1.6959992820286467, "oscillation_cost": 57.30463400817231, "completition_cost": 0.0, "overshoot_cost": 59.781967716615185, "power_cost": 12.053185266113282, "noise_cost": 12.516325425838051, "n_waypoints_completed": 9, "tot_waypoints": 9}}
{"target": -199.4047977084988, "params": {"k_pid_pos": [1.3885554450422086, 0.024859491386256316, 0.8017766682930172], "k_pid_alt": [1.0304713630477362, 0.0, 0.7547909499110205], "k_pid_att": [58.989274729095186, 5.088413281584711, 0.6179952950406163], "k_pid_yaw": [0.5, 1e-06, 0.1], "k_pid_hsp": [1.606987810134683, 0.1531003758033771, 0.01], "k_pid_vsp": [378.2079564087626, 255.15728066808146, 1.0]}, "datetime": {"datetime": "2025-08-21 14:12:02", "elapsed": 19638.948139190674, "delta": 17.446946382522583}, "costs": {"total_cost": 199.4047977084988, "time_cost": 76.48, "final_distance_cost": 1.8516543989539949, "oscillation_cost": 43.129236716598285, "completition_cost": 0.0, "overshoot_cost": 50.153671182575124, "power_cost": 14.749671984863282, "noise_cost": 13.040563425508125, "n_waypoints_completed": 9, "tot_waypoints": 9}}
{"target": -198.60348107218124, "params": {"k_pid_pos": [1.9176378968916694, 0.024859491386256316, 0.21152287994165886], "k_pid_alt": [1.6319753356852484, 0.0, 0.06527723447865985], "k_pid_att": [24.0942673894178, 7.284845820832624, 0.8739915892735461], "k_pid_yaw": [0.5, 1e-06, 0.1], "k_pid_hsp": [1.606987810134683, 0.1531003758033771, 0.01], "k_pid_vsp": [40.32923178154295, 355.21150340299164, 1.0]}, "datetime": {"datetime": "2025-08-21 14:12:18", "elapsed": 19654.77464699745, "delta": 15.826507806777954}, "costs": {"total_cost": 198.60348107218124, "time_cost": 69.008, "final_distance_cost": 1.7667070851889062, "oscillation_cost": 48.40079950285241, "completition_cost": 0.0, "overshoot_cost": 50.96054272477701, "power_cost": 15.803755517578125, "noise_cost": 12.663676241784788, "n_waypoints_completed": 9, "tot_waypoints": 9}}
{"target": -197.84547427624068, "params": {"k_pid_pos": [1.3885554450422086, 0.024859491386256316, 0.8017766682930172], "k_pid_alt": [1.0304713630477362, 0.0, 0.7547909499110205], "k_pid_att": [58.989274729095186, 5.088413281584711, 0.6179952950406163], "k_pid_yaw": [0.5, 1e-06, 0.1], "k_pid_hsp": [1.606987810134683, 0.1531003758033771, 0.01], "k_pid_vsp": [378.2079564087626, 255.15728066808146, 1.0]}, "datetime": {"datetime": "2025-08-21 14:12:36", "elapsed": 19672.69219493866, "delta": 17.917547941207886}, "costs": {"total_cost": 197.84547427624068, "time_cost": 76.304, "final_distance_cost": 1.853225045218054, "oscillation_cost": 44.778163811535514, "completition_cost": 0.0, "overshoot_cost": 49.62833260167306, "power_cost": 13.1090337890625, "noise_cost": 12.17271902875155, "n_waypoints_completed": 9, "tot_waypoints": 9}}
{"target": -225.78128091998505, "params": {"k_pid_pos": [1.9176378968916694, 0.024859491386256316, 0.11401919133455096], "k_pid_alt": [0.3985646879364917, 0.0, 0.1576465649121419], "k_pid_att": [58.989274729095186, 7.284845820832624, 0.8739915892735461], "k_pid_yaw": [0.5, 1e-06, 0.1], "k_pid_hsp": [1.0, 0.1531003758033771, 0.01], "k_pid_vsp": [378.2079564087626, 355.21150340299164, 1.0]}, "datetime": {"datetime": "2025-08-21 14:12:56", "elapsed": 19693.05506658554, "delta": 20.362871646881104}, "costs": {"total_cost": 225.78128091998505, "time_cost": 88.808, "final_distance_cost": 1.8547066760651718, "oscillation_cost": 54.541654143523175, "completition_cost": 0.0, "overshoot_cost": 49.799016832552134, "power_cost": 16.331168676757812, "noise_cost": 14.446734591086749, "n_waypoints_completed": 9, "tot_waypoints": 9}}
{"target": -202.30249610388495, "params": {"k_pid_pos": [1.3885554450422086, 0.024859491386256316, 0.06837744536824142], "k_pid_alt": [1.408510096659571, 0.5825635189933015, 0.06527723447865985], "k_pid_att": [24.0942673894178, 7.284845820832624, 0.8739915892735461], "k_pid_yaw": [0.5, 1e-06, 0.1], "k_pid_hsp": [1.0, 0.1531003758033771, 0.01], "k_pid_vsp": [284.5460512203246, 355.21150340299164, 1.0]}, "datetime": {"datetime": "2025-08-21 14:13:13", "elapsed": 19710.38695549965, "delta": 17.331888914108276}, "costs": {"total_cost": 202.30249610388495, "time_cost": 75.272, "final_distance_cost": 1.7521285929826753, "oscillation_cost": 55.675380462861675, "completition_cost": 0.0, "overshoot_cost": 49.270497106621946, "power_cost": 10.237761572265626, "noise_cost": 10.094728369153025, "n_waypoints_completed": 9, "tot_waypoints": 9}}
{"target": -182.47759304047273, "params": {"k_pid_pos": [1.3885554450422086, 0.024859491386256316, 0.06837744536824142], "k_pid_alt": [1.8506719184877571, 0.0, 0.06527723447865985], "k_pid_att": [27.63392213362481, 7.284845820832624, 0.8739915892735461], "k_pid_yaw": [0.5, 1e-06, 0.1], "k_pid_hsp": [1.0, 0.1531003758033771, 0.01], "k_pid_vsp": [376.5747392387296, 355.21150340299164, 1.0]}, "datetime": {"datetime": "2025-08-21 14:13:30", "elapsed": 19726.589225769043, "delta": 16.20227026939392}, "costs": {"total_cost": 182.47759304047273, "time_cost": 67.68, "final_distance_cost": 1.793257339841417, "oscillation_cost": 41.965224608852715, "completition_cost": 0.0, "overshoot_cost": 49.748479695683756, "power_cost": 10.894422473144532, "noise_cost": 10.396208922950281, "n_waypoints_completed": 9, "tot_waypoints": 9}}
{"target": -200.71188169639984, "params": {"k_pid_pos": [1.3885554450422086, 0.024859491386256316, 0.8017766682930172], "k_pid_alt": [1.2230343536285844, 0.0, 0.15996467764772404], "k_pid_att": [58.989274729095186, 9.994776192526535, 0.8739915892735461], "k_pid_yaw": [0.5, 1e-06, 0.1], "k_pid_hsp": [7.436026595488833, 0.1531003758033771, 0.01], "k_pid_vsp": [279.45517549114066, 355.21150340299164, 1.0]}, "datetime": {"datetime": "2025-08-21 14:13:46", "elapsed": 19743.110805749893, "delta": 16.52157998085022}, "costs": {"total_cost": 200.71188169639984, "time_cost": 72.57600000000001, "final_distance_cost": 1.8514465904976731, "oscillation_cost": 44.67701285071107, "completition_cost": 0.0, "overshoot_cost": 50.69327320149647, "power_cost": 16.741405859375, "noise_cost": 14.172743194319631, "n_waypoints_completed": 9, "tot_waypoints": 9}}
{"target": -194.95783776108917, "params": {"k_pid_pos": [0.9203224573796739, 0.024859491386256316, 0.11401919133455096], "k_pid_alt": [1.0304713630477362, 0.0, 0.1576465649121419], "k_pid_att": [58.989274729095186, 7.284845820832624, 0.8739915892735461], "k_pid_yaw": [0.5, 1e-06, 0.1], "k_pid_hsp": [6.590021097612566, 0.1531003758033771, 0.01], "k_pid_vsp": [284.5460512203246, 355.21150340299164, 1.0]}, "datetime": {"datetime": "2025-08-21 14:14:03", "elapsed": 19759.692641973495, "delta": 16.581836223602295}, "costs": {"total_cost": 194.95783776108917, "time_cost": 72.272, "final_distance_cost": 1.838929572492744, "oscillation_cost": 41.339547552559985, "completition_cost": 0.0, "overshoot_cost": 50.59335189384773, "power_cost": 15.449703771972658, "noise_cost": 13.464304970216032, "n_waypoints_completed": 9, "tot_waypoints": 9}}
{"target": -187.9663156295534, "params": {"k_pid_pos": [1.3885554450422086, 0.024859491386256316, 0.11401919133455096], "k_pid_alt": [1.0304713630477362, 0.0, 0.06527723447865985], "k_pid_att": [24.0942673894178, 7.284845820832624, 0.8739915892735461], "k_pid_yaw": [0.5, 1e-06, 0.1], "k_pid_hsp": [5.680285610963587, 0.5523384095491858, 0.01], "k_pid_vsp": [305.0236900491399, 355.21150340299164, 1.0]}, "datetime": {"datetime": "2025-08-21 14:14:19", "elapsed": 19775.98524737358, "delta": 16.29260540008545}, "costs": {"total_cost": 187.9663156295534, "time_cost": 68.808, "final_distance_cost": 1.8233906004137672, "oscillation_cost": 45.5273765533679, "completition_cost": 0.0, "overshoot_cost": 48.83826626103256, "power_cost": 11.940176928710938, "noise_cost": 11.029105286028217, "n_waypoints_completed": 9, "tot_waypoints": 9}}
{"target": -209.17932061225963, "params": {"k_pid_pos": [0.9203224573796739, 0.024859491386256316, 0.11401919133455096], "k_pid_alt": [0.628485956049549, 0.0, 0.06527723447865985], "k_pid_att": [24.0942673894178, 7.284845820832624, 0.8739915892735461], "k_pid_yaw": [0.5, 1e-06, 0.1], "k_pid_hsp": [1.0, 0.1531003758033771, 0.01], "k_pid_vsp": [378.2079564087626, 355.21150340299164, 40.70050142659987]}, "datetime": {"datetime": "2025-08-21 14:14:37", "elapsed": 19793.737542390823, "delta": 17.75229501724243}, "costs": {"total_cost": 209.17932061225963, "time_cost": 77.512, "final_distance_cost": 1.8476575474991792, "oscillation_cost": 43.39665014112279, "completition_cost": 0.0, "overshoot_cost": 50.40452365803163, "power_cost": 20.540524377441407, "noise_cost": 15.477964888164633, "n_waypoints_completed": 9, "tot_waypoints": 9}}
{"target": -177.65921817698376, "params": {"k_pid_pos": [1.9176378968916694, 0.024859491386256316, 0.6250867496839783], "k_pid_alt": [1.6319753356852484, 0.0, 0.1576465649121419], "k_pid_att": [24.0942673894178, 8.155928685054894, 0.8739915892735461], "k_pid_yaw": [0.5, 1e-06, 0.1], "k_pid_hsp": [3.022941925987454, 0.10775848190462489, 0.01], "k_pid_vsp": [378.2079564087626, 381.5365089319878, 1.0]}, "datetime": {"datetime": "2025-08-21 14:14:53", "elapsed": 19809.75067138672, "delta": 16.013128995895386}, "costs": {"total_cost": 177.65921817698376, "time_cost": 68.168, "final_distance_cost": 1.8357594070452774, "oscillation_cost": 39.75638864729169, "completition_cost": 0.0, "overshoot_cost": 48.915658524705776, "power_cost": 9.223662377929688, "noise_cost": 9.759749220011308, "n_waypoints_completed": 9, "tot_waypoints": 9}}
{"target": -195.53700338631634, "params": {"k_pid_pos": [1.3885554450422086, 0.024859491386256316, 0.6700465318131316], "k_pid_alt": [0.614459765579936, 0.0, 0.06527723447865985], "k_pid_att": [61.795368877988686, 9.994776192526535, 0.8739915892735461], "k_pid_yaw": [0.5, 1e-06, 0.1], "k_pid_hsp": [1.0, 0.1531003758033771, 0.01], "k_pid_vsp": [314.5274741819034, 355.21150340299164, 1.0]}, "datetime": {"datetime": "2025-08-21 14:15:11", "elapsed": 19827.643553972244, "delta": 17.892882585525513}, "costs": {"total_cost": 195.53700338631634, "time_cost": 76.768, "final_distance_cost": 1.8502666032366157, "oscillation_cost": 44.78995267148042, "completition_cost": 0.0, "overshoot_cost": 49.07872520284597, "power_cost": 11.66281494140625, "noise_cost": 11.387243967347073, "n_waypoints_completed": 9, "tot_waypoints": 9}}
{"target": -206.88809551744092, "params": {"k_pid_pos": [1.3885554450422086, 0.024859491386256316, 0.7684864802628129], "k_pid_alt": [1.0304713630477362, 0.0, 0.06527723447865985], "k_pid_att": [24.0942673894178, 7.284845820832624, 0.5315175384971502], "k_pid_yaw": [0.5, 1e-06, 0.1], "k_pid_hsp": [1.606987810134683, 0.1531003758033771, 0.01], "k_pid_vsp": [378.2079564087626, 355.21150340299164, 1.0]}, "datetime": {"datetime": "2025-08-21 14:15:28", "elapsed": 19844.763867139816, "delta": 17.12031316757202}, "costs": {"total_cost": 206.88809551744092, "time_cost": 75.16, "final_distance_cost": 1.850676569717954, "oscillation_cost": 41.90078225746083, "completition_cost": 0.0, "overshoot_cost": 51.90056882906348, "power_cost": 19.793040368652346, "noise_cost": 16.28302749254629, "n_waypoints_completed": 9, "tot_waypoints": 9}}
{"target": -185.86786683693308, "params": {"k_pid_pos": [1.9176378968916694, 0.024859491386256316, 0.11401919133455096], "k_pid_alt": [1.7187705538853828, 0.0, 0.1132575830732897], "k_pid_att": [27.63392213362481, 7.284845820832624, 0.8739915892735461], "k_pid_yaw": [0.5, 1e-06, 0.1], "k_pid_hsp": [1.0, 0.1531003758033771, 0.01], "k_pid_vsp": [376.5747392387296, 355.21150340299164, 1.0]}, "datetime": {"datetime": "2025-08-21 14:15:43", "elapsed": 19860.392033576965, "delta": 15.628166437149048}, "costs": {"total_cost": 185.86786683693308, "time_cost": 67.808, "final_distance_cost": 1.7925225925469312, "oscillation_cost": 44.928341419196045, "completition_cost": 0.0, "overshoot_cost": 49.920556680284776, "power_cost": 11.131904040527344, "noise_cost": 10.286542104377997, "n_waypoints_completed": 9, "tot_waypoints": 9}}
{"target": -203.77254294391665, "params": {"k_pid_pos": [1.3885554450422086, 0.024859491386256316, 0.06837744536824142], "k_pid_alt": [1.408510096659571, 0.0, 0.06527723447865985], "k_pid_att": [58.989274729095186, 7.284845820832624, 0.8739915892735461], "k_pid_yaw": [0.5, 1e-06, 0.1], "k_pid_hsp": [1.0, 0.858965453560144, 0.01], "k_pid_vsp": [284.5460512203246, 355.21150340299164, 1.0]}, "datetime": {"datetime": "2025-08-21 14:16:00", "elapsed": 19876.762759447098, "delta": 16.370725870132446}, "costs": {"total_cost": 203.77254294391665, "time_cost": 69.264, "final_distance_cost": 1.779942046637757, "oscillation_cost": 57.15550376723654, "completition_cost": 0.0, "overshoot_cost": 51.67123847928502, "power_cost": 12.42645008544922, "noise_cost": 11.475408565308111, "n_waypoints_completed": 9, "tot_waypoints": 9}}
{"target": -190.69074214390952, "params": {"k_pid_pos": [1.9176378968916694, 0.024859491386256316, 0.11401919133455096], "k_pid_alt": [1.6319753356852484, 0.0, 0.1576465649121419], "k_pid_att": [24.0942673894178, 4.273161054152589, 0.8739915892735461], "k_pid_yaw": [0.5, 1e-06, 0.1], "k_pid_hsp": [3.022941925987454, 0.4702638621486921, 0.01], "k_pid_vsp": [378.2079564087626, 381.5365089319878, 1.0]}, "datetime": {"datetime": "2025-08-21 14:16:16", "elapsed": 19892.533205509186, "delta": 15.770446062088013}, "costs": {"total_cost": 190.69074214390952, "time_cost": 68.416, "final_distance_cost": 1.7710261988417917, "oscillation_cost": 47.881204246520404, "completition_cost": 0.0, "overshoot_cost": 49.87522017368492, "power_cost": 11.805366662597656, "noise_cost": 10.941924862264742, "n_waypoints_completed": 9, "tot_waypoints": 9}}
{"target": -208.02820460550785, "params": {"k_pid_pos": [1.9176378968916694, 0.024859491386256316, 0.21152287994165886], "k_pid_alt": [1.0758040455100186, 0.0, 0.7547909499110205], "k_pid_att": [58.989274729095186, 9.805203151556048, 0.6179952950406163], "k_pid_yaw": [0.5, 1e-06, 0.1], "k_pid_hsp": [7.4893234616987066, 0.1531003758033771, 0.01], "k_pid_vsp": [378.2079564087626, 255.15728066808146, 1.0]}, "datetime": {"datetime": "2025-08-21 14:16:33", "elapsed": 19909.97005701065, "delta": 17.436851501464844}, "costs": {"total_cost": 208.02820460550785, "time_cost": 74.16, "final_distance_cost": 1.8008289833719355, "oscillation_cost": 54.38708084693191, "completition_cost": 0.0, "overshoot_cost": 50.39383755111377, "power_cost": 14.710793481445313, "noise_cost": 12.575663742644958, "n_waypoints_completed": 9, "tot_waypoints": 9}}
{"target": -193.92943692777973, "params": {"k_pid_pos": [1.3885554450422086, 0.024859491386256316, 0.8017766682930172], "k_pid_alt": [1.0304713630477362, 0.0, 0.06527723447865985], "k_pid_att": [24.0942673894178, 7.284845820832624, 0.9456905697425194], "k_pid_yaw": [0.5, 1e-06, 0.1], "k_pid_hsp": [1.0, 0.1531003758033771, 0.01], "k_pid_vsp": [284.5460512203246, 355.21150340299164, 1.0]}, "datetime": {"datetime": "2025-08-21 14:16:50", "elapsed": 19927.28593659401, "delta": 17.315879583358765}, "costs": {"total_cost": 193.92943692777973, "time_cost": 72.88, "final_distance_cost": 1.8430235426102266, "oscillation_cost": 40.68742668076364, "completition_cost": 0.0, "overshoot_cost": 49.52640883008843, "power_cost": 15.58426064453125, "noise_cost": 13.408317229786201, "n_waypoints_completed": 9, "tot_waypoints": 9}}
{"target": -377.60953864286444, "params": {"k_pid_pos": [1.3885554450422086, 0.024859491386256316, 0.11401919133455096], "k_pid_alt": [1.0304713630477362, 0.0, 0.06527723447865985], "k_pid_att": [24.0942673894178, 1.6495257412180862, 0.8739915892735461], "k_pid_yaw": [0.5, 1e-06, 0.1], "k_pid_hsp": [1.606987810134683, 0.1531003758033771, 0.7654625011543671], "k_pid_vsp": [378.2079564087626, 355.21150340299164, 1.0]}, "datetime": {"datetime": "2025-08-21 14:17:09", "elapsed": 19945.666635513306, "delta": 18.380698919296265}, "costs": {"total_cost": 377.60953864286444, "time_cost": 81.272, "final_distance_cost": 1.7840910781779031, "oscillation_cost": 205.59252487292892, "completition_cost": 0.0, "overshoot_cost": 56.60706178574229, "power_cost": 16.96457078857422, "noise_cost": 15.389290117441092, "n_waypoints_completed": 9, "tot_waypoints": 9}}
{"target": -181.84169645319517, "params": {"k_pid_pos": [1.8249217336243428, 0.024859491386256316, 0.06837744536824142], "k_pid_alt": [1.408510096659571, 0.0, 0.5609487008588433], "k_pid_att": [24.0942673894178, 7.284845820832624, 0.8739915892735461], "k_pid_yaw": [0.5, 1e-06, 0.1], "k_pid_hsp": [1.0, 0.1531003758033771, 0.01], "k_pid_vsp": [378.2079564087626, 355.21150340299164, 1.0]}, "datetime": {"datetime": "2025-08-21 14:17:25", "elapsed": 19961.833014965057, "delta": 16.16637945175171}, "costs": {"total_cost": 181.84169645319517, "time_cost": 68.824, "final_distance_cost": 1.7823643277265446, "oscillation_cost": 45.526818252185535, "completition_cost": 0.0, "overshoot_cost": 49.37627391028379, "power_cost": 7.813162817382813, "noise_cost": 8.519077145616475, "n_waypoints_completed": 9, "tot_waypoints": 9}}
{"target": -195.82375842590844, "params": {"k_pid_pos": [1.3885554450422086, 0.697934074851641, 0.8017766682930172], "k_pid_alt": [1.7286757789009397, 0.0, 0.5100217929712108], "k_pid_att": [24.0942673894178, 7.284845820832624, 0.8739915892735461], "k_pid_yaw": [0.5, 1e-06, 0.1], "k_pid_hsp": [1.606987810134683, 0.1531003758033771, 0.01], "k_pid_vsp": [378.2079564087626, 355.21150340299164, 1.0]}, "datetime": {"datetime": "2025-08-21 14:17:44", "elapsed": 19980.580842494965, "delta": 18.747827529907227}, "costs": {"total_cost": 195.82375842590844, "time_cost": 77.408, "final_distance_cost": 1.7957334532742424, "oscillation_cost": 38.578996428244615, "completition_cost": 0.0, "overshoot_cost": 50.89170461369011, "power_cost": 14.54892626953125, "noise_cost": 12.600397661168222, "n_waypoints_completed": 9, "tot_waypoints": 9}}
{"target": -239.01215848675372, "params": {"k_pid_pos": [1.3885554450422086, 0.024859491386256316, 0.06837744536824142], "k_pid_alt": [1.408510096659571, 0.16989289907805827, 0.06527723447865985], "k_pid_att": [24.0942673894178, 2.7854752863535532, 0.8739915892735461], "k_pid_yaw": [0.5, 1e-06, 0.1], "k_pid_hsp": [1.0, 0.790428919704766, 0.01], "k_pid_vsp": [284.5460512203246, 355.21150340299164, 1.0]}, "datetime": {"datetime": "2025-08-21 14:18:02", "elapsed": 19999.39306497574, "delta": 18.812222480773926}, "costs": {"total_cost": 239.01215848675372, "time_cost": 83.016, "final_distance_cost": 1.7393250845301647, "oscillation_cost": 72.3082391121646, "completition_cost": 0.0, "overshoot_cost": 52.14248486435009, "power_cost": 16.272579541015627, "noise_cost": 13.53352988469324, "n_waypoints_completed": 9, "tot_waypoints": 9}}
{"target": -211.62927340782136, "params": {"k_pid_pos": [1.9176378968916694, 0.024859491386256316, 0.11401919133455096], "k_pid_alt": [1.7187705538853828, 0.0, 0.1576465649121419], "k_pid_att": [58.989274729095186, 7.284845820832624, 0.9198411261756897], "k_pid_yaw": [0.5, 1e-06, 0.1], "k_pid_hsp": [1.0, 0.8689889919788425, 0.01], "k_pid_vsp": [378.2079564087626, 355.21150340299164, 1.0]}, "datetime": {"datetime": "2025-08-21 14:18:20", "elapsed": 20017.417893886566, "delta": 18.024828910827637}, "costs": {"total_cost": 211.62927340782136, "time_cost": 72.488, "final_distance_cost": 1.7945274328456489, "oscillation_cost": 64.99584006203938, "completition_cost": 0.0, "overshoot_cost": 50.26516337459985, "power_cost": 11.408115356445313, "noise_cost": 10.677627181891173, "n_waypoints_completed": 9, "tot_waypoints": 9}}
{"target": -433.61340337925066, "params": {"k_pid_pos": [1.3885554450422086, 0.5036219658208284, 0.11401919133455096], "k_pid_alt": [0.8744704392108862, 0.0, 0.06527723447865985], "k_pid_att": [24.0942673894178, 7.854188694186073, 0.8739915892735461], "k_pid_yaw": [0.5, 1e-06, 0.1], "k_pid_hsp": [1.0, 0.1531003758033771, 0.9639147656713813], "k_pid_vsp": [284.5460512203246, 355.21150340299164, 1.0]}, "datetime": {"datetime": "2025-08-21 14:18:43", "elapsed": 20039.60529232025, "delta": 22.187398433685303}, "costs": {"total_cost": 433.61340337925066, "time_cost": 96.248, "final_distance_cost": 1.7489081087152627, "oscillation_cost": 220.62011784752244, "completition_cost": 0.0, "overshoot_cost": 80.58631844394765, "power_cost": 17.72705222167969, "noise_cost": 16.68300675738558, "n_waypoints_completed": 9, "tot_waypoints": 9}}
{"target": -193.66172706279244, "params": {"k_pid_pos": [1.3885554450422086, 0.024859491386256316, 0.4388587351883817], "k_pid_alt": [1.2679502233621702, 0.0, 0.6600607021214705], "k_pid_att": [48.72959582322072, 9.361900037196328, 0.15038183248814696], "k_pid_yaw": [0.5, 1e-06, 0.1], "k_pid_hsp": [1.0, 0.3707642846192629, 0.01], "k_pid_vsp": [378.2079564087626, 384.4918570939374, 1.0]}, "datetime": {"datetime": "2025-08-21 14:18:59", "elapsed": 20056.069970846176, "delta": 16.464678525924683}, "costs": {"total_cost": 193.66172706279244, "time_cost": 70.992, "final_distance_cost": 1.8491190834640632, "oscillation_cost": 47.544624610623345, "completition_cost": 0.0, "overshoot_cost": 49.272482075482195, "power_cost": 12.44103203125, "noise_cost": 11.562469261972831, "n_waypoints_completed": 9, "tot_waypoints": 9}}
