{"target": -394.7923327735564, "params": {"k_pid_pos": [1.8922997940790476, 0.42648172997891676, 0.6250867496839783], "k_pid_alt": [0.8511837275376319, 0.0, 0.014398680574380873], "k_pid_att": [21.98704379498816, 8.451705289372699, 0.8267899093225144], "k_pid_yaw": [0.5, 1e-06, 0.1], "k_pid_hsp": [1.606987810134683, 0.1531003758033771, 0.4355342850246996], "k_pid_vsp": [110.56511661686339, 130.53254854158118, 1.0]}, "datetime": {"datetime": "2025-08-21 18:32:09", "elapsed": 35246.309094667435, "delta": 21.057345390319824}, "costs": {"total_cost": 394.7923327735564, "time_cost": 85.208, "final_distance_cost": 1.7770803967054982, "oscillation_cost": 216.40707012257576, "completition_cost": 0.0, "overshoot_cost": 53.689303838072966, "power_cost": 21.344047119140626, "noise_cost": 16.36683129706152, "n_waypoints_completed": 9, "tot_waypoints": 9}}
{"target": -182.3032903820153, "params": {"k_pid_pos": [1.8922997940790476, 0.024859491386256316, 0.6250867496839783], "k_pid_alt": [0.8511837275376319, 0.0, 0.529244519518045], "k_pid_att": [21.98704379498816, 5.642133202559823, 0.8267899093225144], "k_pid_yaw": [0.5, 1e-06, 0.1], "k_pid_hsp": [1.606987810134683, 0.1531003758033771, 0.01], "k_pid_vsp": [110.56511661686339, 59.083466427248936, 1.0]}, "datetime": {"datetime": "2025-08-21 18:32:27", "elapsed": 35263.73279428482, "delta": 17.423699617385864}, "costs": {"total_cost": 182.3032903820153, "time_cost": 72.968, "final_distance_cost": 1.84459225031746, "oscillation_cost": 38.40625798127601, "completition_cost": 0.0, "overshoot_cost": 49.927538230018826, "power_cost": 9.318148083496094, "noise_cost": 9.838753836906914, "n_waypoints_completed": 9, "tot_waypoints": 9}}
{"target": -229.97366484176302, "params": {"k_pid_pos": [1.8922997940790476, 0.024859491386256316, 0.8438952038875002], "k_pid_alt": [0.3249148695892172, 0.0, 0.1576465649121419], "k_pid_att": [25.463483275157817, 5.859554809351448, 0.73590781336997], "k_pid_yaw": [0.5, 1e-06, 0.1], "k_pid_hsp": [1.606987810134683, 0.1531003758033771, 0.01], "k_pid_vsp": [110.56511661686339, 130.53254854158118, 1.0]}, "datetime": {"datetime": "2025-08-21 18:32:50", "elapsed": 35286.91905450821, "delta": 23.186260223388672}, "costs": {"total_cost": 229.97366484176302, "time_cost": 96.44800000000001, "final_distance_cost": 1.8605155070606183, "oscillation_cost": 50.22001484962657, "completition_cost": 0.0, "overshoot_cost": 50.771948507129004, "power_cost": 16.176684594726563, "noise_cost": 14.496501383220286, "n_waypoints_completed": 9, "tot_waypoints": 9}}
{"target": -180.45050875443334, "params": {"k_pid_pos": [1.8922997940790476, 0.024859491386256316, 0.6250867496839783], "k_pid_alt": [1.1098775236402525, 0.0, 0.1576465649121419], "k_pid_att": [25.463483275157817, 5.859554809351448, 0.73590781336997], "k_pid_yaw": [0.5, 1e-06, 0.1], "k_pid_hsp": [1.606987810134683, 0.1531003758033771, 0.01], "k_pid_vsp": [110.56511661686339, 59.083466427248936, 1.0]}, "datetime": {"datetime": "2025-08-21 18:33:06", "elapsed": 35303.278216362, "delta": 16.359161853790283}, "costs": {"total_cost": 180.45050875443334, "time_cost": 69.024, "final_distance_cost": 1.8313991547077302, "oscillation_cost": 40.24443060268119, "completition_cost": 0.0, "overshoot_cost": 49.526842000681384, "power_cost": 9.823068627929688, "noise_cost": 10.000768368433338, "n_waypoints_completed": 9, "tot_waypoints": 9}}
{"target": -192.01057093579607, "params": {"k_pid_pos": [1.8922997940790476, 0.024859491386256316, 0.6250867496839783], "k_pid_alt": [1.1098775236402525, 0.0, 0.7455603024785848], "k_pid_att": [11.329609997636037, 6.043751783864618, 0.73590781336997], "k_pid_yaw": [0.5, 1e-06, 0.1], "k_pid_hsp": [5.335990326040409, 0.1531003758033771, 0.01], "k_pid_vsp": [110.56511661686339, 130.53254854158118, 1.0]}, "datetime": {"datetime": "2025-08-21 18:33:23", "elapsed": 35320.2004737854, "delta": 16.92225742340088}, "costs": {"total_cost": 192.01057093579607, "time_cost": 71.88, "final_distance_cost": 1.8224184869580675, "oscillation_cost": 47.48405558250552, "completition_cost": 0.0, "overshoot_cost": 49.63349401622247, "power_cost": 10.72362703857422, "noise_cost": 10.466975811535766, "n_waypoints_completed": 9, "tot_waypoints": 9}}
{"target": -189.23090683842838, "params": {"k_pid_pos": [1.8922997940790476, 0.024859491386256316, 0.6250867496839783], "k_pid_alt": [1.1098775236402525, 0.0, 0.1576465649121419], "k_pid_att": [58.989274729095186, 5.859554809351448, 0.261380462049589], "k_pid_yaw": [0.5, 1e-06, 0.1], "k_pid_hsp": [1.606987810134683, 0.1531003758033771, 0.01], "k_pid_vsp": [247.62506162993122, 261.48215325333564, 1.0]}, "datetime": {"datetime": "2025-08-21 18:33:41", "elapsed": 35337.593863487244, "delta": 17.39338970184326}, "costs": {"total_cost": 189.23090683842838, "time_cost": 69.144, "final_distance_cost": 1.82756893973793, "oscillation_cost": 51.17501769030268, "completition_cost": 0.0, "overshoot_cost": 49.34313326278625, "power_cost": 8.498111486816407, "noise_cost": 9.243075458785095, "n_waypoints_completed": 9, "tot_waypoints": 9}}
{"target": -204.29827914845265, "params": {"k_pid_pos": [1.8922997940790476, 0.19767101818116828, 0.37255195504867966], "k_pid_alt": [1.9160597436741602, 0.0, 0.1576465649121419], "k_pid_att": [58.989274729095186, 5.859554809351448, 0.73590781336997], "k_pid_yaw": [0.5, 1e-06, 0.1], "k_pid_hsp": [1.606987810134683, 0.1531003758033771, 0.01], "k_pid_vsp": [110.56511661686339, 130.53254854158118, 1.0]}, "datetime": {"datetime": "2025-08-21 18:33:57", "elapsed": 35354.354066610336, "delta": 16.76020312309265}, "costs": {"total_cost": 204.29827914845265, "time_cost": 74.056, "final_distance_cost": 1.782120592339895, "oscillation_cost": 44.258065792954355, "completition_cost": 0.0, "overshoot_cost": 52.37782627144645, "power_cost": 17.791008654785156, "noise_cost": 14.033257836926822, "n_waypoints_completed": 9, "tot_waypoints": 9}}
{"target": -296.6914465071796, "params": {"k_pid_pos": [1.8922997940790476, 0.024859491386256316, 0.3303643224147128], "k_pid_alt": [1.9160597436741602, 0.0, 0.09225839282971338], "k_pid_att": [58.989274729095186, 1.1166001057131414, 0.73590781336997], "k_pid_yaw": [0.5, 1e-06, 0.1], "k_pid_hsp": [8.64516018738754, 0.1531003758033771, 0.959672251936908], "k_pid_vsp": [365.3854220855408, 170.90862241197195, 1.0]}, "datetime": {"datetime": "2025-08-21 18:34:15", "elapsed": 35371.79935646057, "delta": 17.445289850234985}, "costs": {"total_cost": 296.6914465071796, "time_cost": 68.28, "final_distance_cost": 1.804643108341155, "oscillation_cost": 151.95358372235393, "completition_cost": 0.0, "overshoot_cost": 49.56998755629905, "power_cost": 13.418052001953125, "noise_cost": 11.665180118232355, "n_waypoints_completed": 9, "tot_waypoints": 9}}
{"target": -185.2865485142668, "params": {"k_pid_pos": [1.8922997940790476, 0.024859491386256316, 0.6250867496839783], "k_pid_alt": [0.8511837275376319, 0.0, 0.014398680574380873], "k_pid_att": [58.989274729095186, 2.4733576543945865, 0.73590781336997], "k_pid_yaw": [0.5, 1e-06, 0.1], "k_pid_hsp": [1.606987810134683, 0.3511398194272549, 0.01], "k_pid_vsp": [110.56511661686339, 59.083466427248936, 1.0]}, "datetime": {"datetime": "2025-08-21 18:34:31", "elapsed": 35388.239272117615, "delta": 16.439915657043457}, "costs": {"total_cost": 185.2865485142668, "time_cost": 69.952, "final_distance_cost": 1.8176120005312468, "oscillation_cost": 41.573072934651876, "completition_cost": 0.0, "overshoot_cost": 49.532121294127876, "power_cost": 11.468628674316406, "noise_cost": 10.943113610639402, "n_waypoints_completed": 9, "tot_waypoints": 9}}
{"target": -211.53002793633274, "params": {"k_pid_pos": [1.8922997940790476, 0.024859491386256316, 0.37255195504867966], "k_pid_alt": [1.9160597436741602, 0.2019335548662432, 0.1576465649121419], "k_pid_att": [58.989274729095186, 5.859554809351448, 0.73590781336997], "k_pid_yaw": [0.5, 1e-06, 0.1], "k_pid_hsp": [1.606987810134683, 0.1531003758033771, 0.01], "k_pid_vsp": [110.56511661686339, 232.04965347563177, 1.0]}, "datetime": {"datetime": "2025-08-21 18:34:52", "elapsed": 35408.66277885437, "delta": 20.42350673675537}, "costs": {"total_cost": 211.53002793633274, "time_cost": 81.36, "final_distance_cost": 1.775442374516008, "oscillation_cost": 51.96834225420442, "completition_cost": 0.0, "overshoot_cost": 50.83936388633452, "power_cost": 13.348038037109376, "noise_cost": 12.238841384168412, "n_waypoints_completed": 9, "tot_waypoints": 9}}
{"target": -180.67362807371583, "params": {"k_pid_pos": [1.8922997940790476, 0.05987593904989075, 0.37255195504867966], "k_pid_alt": [1.9160597436741602, 0.0, 0.1576465649121419], "k_pid_att": [58.989274729095186, 5.859554809351448, 0.8612643910736462], "k_pid_yaw": [0.5, 1e-06, 0.1], "k_pid_hsp": [1.606987810134683, 0.08333843891839088, 0.01], "k_pid_vsp": [110.56511661686339, 130.53254854158118, 1.0]}, "datetime": {"datetime": "2025-08-21 18:35:08", "elapsed": 35424.80652165413, "delta": 16.14374279975891}, "costs": {"total_cost": 180.67362807371583, "time_cost": 67.72, "final_distance_cost": 1.7925951687008932, "oscillation_cost": 42.4586377527343, "completition_cost": 0.0, "overshoot_cost": 50.12740881919908, "power_cost": 9.076393811035157, "noise_cost": 9.498592522046412, "n_waypoints_completed": 9, "tot_waypoints": 9}}
{"target": -2147.7401407607967, "params": {"k_pid_pos": [1.8922997940790476, 0.5399861953611764, 0.37255195504867966], "k_pid_alt": [1.9160597436741602, 0.0, 0.1576465649121419], "k_pid_att": [58.989274729095186, 5.859554809351448, 0.73590781336997], "k_pid_yaw": [0.5, 1e-06, 0.1], "k_pid_hsp": [1.606987810134683, 0.8627093488844175, 0.02877061880178511], "k_pid_vsp": [110.56511661686339, 35.373638634020004, 352.1114971280501]}, "datetime": {"datetime": "2025-08-21 18:35:31", "elapsed": 35448.43762540817, "delta": 23.63110375404358}, "costs": {"total_cost": 2147.7401407607967, "time_cost": 150, "final_distance_cost": 432.9127258874873, "oscillation_cost": 91.92177901310974, "completition_cost": 888.8888888888888, "overshoot_cost": 551.7331855650935, "power_cost": 14.607765893554689, "noise_cost": 17.675795512662496, "n_waypoints_completed": 1, "tot_waypoints": 9}}
{"target": -210.12149902180525, "params": {"k_pid_pos": [0.745422360986763, 0.024859491386256316, 0.6250867496839783], "k_pid_alt": [1.9160597436741602, 0.0, 0.1576465649121419], "k_pid_att": [58.989274729095186, 2.352529590908416, 0.16608962520040438], "k_pid_yaw": [0.5, 1e-06, 0.1], "k_pid_hsp": [1.606987810134683, 0.10522572507436234, 0.01], "k_pid_vsp": [110.56511661686339, 285.19281182393763, 1.0]}, "datetime": {"datetime": "2025-08-21 18:35:50", "elapsed": 35466.65151333809, "delta": 18.213887929916382}, "costs": {"total_cost": 210.12149902180525, "time_cost": 81.824, "final_distance_cost": 1.8546162265953516, "oscillation_cost": 49.76527656665588, "completition_cost": 0.0, "overshoot_cost": 50.91775181599304, "power_cost": 12.652160107421876, "noise_cost": 13.107694305139114, "n_waypoints_completed": 9, "tot_waypoints": 9}}
{"target": -184.8937842281219, "params": {"k_pid_pos": [1.8922997940790476, 0.024859491386256316, 0.6250867496839783], "k_pid_alt": [1.1098775236402525, 0.0, 0.1576465649121419], "k_pid_att": [58.989274729095186, 5.859554809351448, 0.73590781336997], "k_pid_yaw": [0.5, 1e-06, 0.1], "k_pid_hsp": [1.606987810134683, 0.1531003758033771, 0.01], "k_pid_vsp": [110.56511661686339, 261.48215325333564, 1.0]}, "datetime": {"datetime": "2025-08-21 18:36:07", "elapsed": 35484.23569440842, "delta": 17.58418107032776}, "costs": {"total_cost": 184.8937842281219, "time_cost": 69.376, "final_distance_cost": 1.8152101083805126, "oscillation_cost": 39.922806455279996, "completition_cost": 0.0, "overshoot_cost": 49.954445718587, "power_cost": 12.509896984863282, "noise_cost": 11.3154249610111, "n_waypoints_completed": 9, "tot_waypoints": 9}}
{"target": -186.57796643540237, "params": {"k_pid_pos": [1.8922997940790476, 0.024859491386256316, 0.37255195504867966], "k_pid_alt": [1.9160597436741602, 0.0, 0.38749705458809736], "k_pid_att": [11.329609997636037, 1.804321969363886, 0.8156350283449295], "k_pid_yaw": [0.5, 1e-06, 0.1], "k_pid_hsp": [2.453215942661283, 0.1531003758033771, 0.01], "k_pid_vsp": [110.56511661686339, 59.083466427248936, 1.0]}, "datetime": {"datetime": "2025-08-21 18:36:23", "elapsed": 35500.05084729195, "delta": 15.815152883529663}, "costs": {"total_cost": 186.57796643540237, "time_cost": 68.488, "final_distance_cost": 1.7900785031610107, "oscillation_cost": 40.38837299349601, "completition_cost": 0.0, "overshoot_cost": 50.12775971464062, "power_cost": 13.871687121582031, "noise_cost": 11.912068102522698, "n_waypoints_completed": 9, "tot_waypoints": 9}}
{"target": -467.53743355475484, "params": {"k_pid_pos": [0.8368815531404513, 0.024859491386256316, 0.6250867496839783], "k_pid_alt": [0.8511837275376319, 0.0, 0.014398680574380873], "k_pid_att": [21.98704379498816, 2.2679823893077855, 0.8267899093225144], "k_pid_yaw": [0.5, 1e-06, 0.1], "k_pid_hsp": [1.606987810134683, 0.6008678616936128, 0.6228174586925861], "k_pid_vsp": [365.3854220855408, 130.53254854158118, 1.0]}, "datetime": {"datetime": "2025-08-21 18:36:45", "elapsed": 35522.32842707634, "delta": 22.27757978439331}, "costs": {"total_cost": 467.53743355475484, "time_cost": 92.84, "final_distance_cost": 1.7856931324337046, "oscillation_cost": 282.32732919181205, "completition_cost": 0.0, "overshoot_cost": 55.21459680505889, "power_cost": 19.19674986572266, "noise_cost": 16.17306455972757, "n_waypoints_completed": 9, "tot_waypoints": 9}}
{"target": -190.96132397003717, "params": {"k_pid_pos": [1.8922997940790476, 0.024859491386256316, 0.6250867496839783], "k_pid_alt": [0.8511837275376319, 0.0, 0.014398680574380873], "k_pid_att": [58.989274729095186, 2.4733576543945865, 0.73590781336997], "k_pid_yaw": [0.5, 1e-06, 0.1], "k_pid_hsp": [1.606987810134683, 0.1531003758033771, 0.01], "k_pid_vsp": [110.56511661686339, 130.53254854158118, 1.0]}, "datetime": {"datetime": "2025-08-21 18:37:01", "elapsed": 35538.25191831589, "delta": 15.92349123954773}, "costs": {"total_cost": 190.96132397003717, "time_cost": 70.4, "final_distance_cost": 1.7954329927852677, "oscillation_cost": 37.42592592751842, "completition_cost": 0.0, "overshoot_cost": 50.30029719940503, "power_cost": 17.34334696044922, "noise_cost": 13.69632088987921, "n_waypoints_completed": 9, "tot_waypoints": 9}}
{"target": -205.11998025846313, "params": {"k_pid_pos": [1.8922997940790476, 0.024859491386256316, 0.6250867496839783], "k_pid_alt": [0.6761219750250387, 0.0, 0.1576465649121419], "k_pid_att": [58.989274729095186, 5.859554809351448, 0.73590781336997], "k_pid_yaw": [0.5, 1e-06, 0.1], "k_pid_hsp": [1.606987810134683, 0.1531003758033771, 0.021852886903339197], "k_pid_vsp": [110.56511661686339, 130.53254854158118, 1.0]}, "datetime": {"datetime": "2025-08-21 18:37:19", "elapsed": 35556.43938398361, "delta": 18.18746566772461}, "costs": {"total_cost": 205.11998025846313, "time_cost": 75.792, "final_distance_cost": 1.8268449789609928, "oscillation_cost": 52.72063438926593, "completition_cost": 0.0, "overshoot_cost": 49.150873616874414, "power_cost": 13.612551684570313, "noise_cost": 12.017075588791476, "n_waypoints_completed": 9, "tot_waypoints": 9}}
{"target": -181.75425824217803, "params": {"k_pid_pos": [1.8922997940790476, 0.024859491386256316, 0.37255195504867966], "k_pid_alt": [1.9160597436741602, 0.0, 0.053878507660848673], "k_pid_att": [58.989274729095186, 5.859554809351448, 0.73590781336997], "k_pid_yaw": [0.5, 1e-06, 0.1], "k_pid_hsp": [1.606987810134683, 0.1531003758033771, 0.01], "k_pid_vsp": [104.30040172718557, 130.53254854158118, 1.0]}, "datetime": {"datetime": "2025-08-21 18:37:36", "elapsed": 35572.53166890144, "delta": 16.09228491783142}, "costs": {"total_cost": 181.75425824217803, "time_cost": 67.776, "final_distance_cost": 1.8101241518153035, "oscillation_cost": 42.6097225185283, "completition_cost": 0.0, "overshoot_cost": 50.51795765499786, "power_cost": 9.391333618164063, "noise_cost": 9.64912029867249, "n_waypoints_completed": 9, "tot_waypoints": 9}}
{"target": -253.71952425399044, "params": {"k_pid_pos": [1.8922997940790476, 0.16784794688345817, 0.7556978754244337], "k_pid_alt": [1.9160597436741602, 0.0, 0.1576465649121419], "k_pid_att": [58.989274729095186, 1.1166001057131414, 0.73590781336997], "k_pid_yaw": [0.5, 1e-06, 0.1], "k_pid_hsp": [9.459965195844077, 0.1531003758033771, 0.01], "k_pid_vsp": [195.1487047182024, 186.29560388348816, 1.0]}, "datetime": {"datetime": "2025-08-21 18:37:52", "elapsed": 35588.855076789856, "delta": 16.323407888412476}, "costs": {"total_cost": 253.71952425399044, "time_cost": 68.848, "final_distance_cost": 1.799486671056949, "oscillation_cost": 113.64441696816266, "completition_cost": 0.0, "overshoot_cost": 50.19273000477244, "power_cost": 9.500936242675781, "noise_cost": 9.73395436732262, "n_waypoints_completed": 9, "tot_waypoints": 9}}
{"target": -199.39968082177913, "params": {"k_pid_pos": [0.931865230455928, 0.024859491386256316, 0.6250867496839783], "k_pid_alt": [1.1098775236402525, 0.18035720786275955, 0.09225839282971338], "k_pid_att": [58.989274729095186, 1.1166001057131414, 0.49142852894840106], "k_pid_yaw": [0.5, 1e-06, 0.1], "k_pid_hsp": [1.606987810134683, 0.1531003758033771, 0.01], "k_pid_vsp": [17.584127766920332, 59.083466427248936, 1.0]}, "datetime": {"datetime": "2025-08-21 18:38:12", "elapsed": 35608.58389735222, "delta": 19.72882056236267}, "costs": {"total_cost": 199.39968082177913, "time_cost": 83.57600000000001, "final_distance_cost": 1.812189572803258, "oscillation_cost": 44.806893225634255, "completition_cost": 0.0, "overshoot_cost": 50.47383854063372, "power_cost": 8.953831518554688, "noise_cost": 9.776927964153206, "n_waypoints_completed": 9, "tot_waypoints": 9}}
{"target": -188.22086520773618, "params": {"k_pid_pos": [1.8922997940790476, 0.024859491386256316, 0.6250867496839783], "k_pid_alt": [1.1098775236402525, 0.0, 0.1576465649121419], "k_pid_att": [58.989274729095186, 6.395338907395326, 0.73590781336997], "k_pid_yaw": [0.5, 1e-06, 0.1], "k_pid_hsp": [1.606987810134683, 0.12837695446753306, 0.01], "k_pid_vsp": [110.56511661686339, 59.083466427248936, 1.0]}, "datetime": {"datetime": "2025-08-21 18:38:30", "elapsed": 35626.95879507065, "delta": 18.374897718429565}, "costs": {"total_cost": 188.22086520773618, "time_cost": 69.8, "final_distance_cost": 1.8337669572710469, "oscillation_cost": 40.61381954557114, "completition_cost": 0.0, "overshoot_cost": 50.63370990075191, "power_cost": 13.503968115234375, "noise_cost": 11.835600688907693, "n_waypoints_completed": 9, "tot_waypoints": 9}}
{"target": -187.22399850322694, "params": {"k_pid_pos": [1.8922997940790476, 0.024859491386256316, 0.6250867496839783], "k_pid_alt": [1.1098775236402525, 0.0, 0.1576465649121419], "k_pid_att": [25.463483275157817, 5.859554809351448, 0.73590781336997], "k_pid_yaw": [0.5, 1e-06, 0.1], "k_pid_hsp": [1.606987810134683, 0.1531003758033771, 0.01], "k_pid_vsp": [110.56511661686339, 59.083466427248936, 1.0]}, "datetime": {"datetime": "2025-08-21 18:38:47", "elapsed": 35644.31287693977, "delta": 17.354081869125366}, "costs": {"total_cost": 187.22399850322694, "time_cost": 69.68, "final_distance_cost": 1.8251197678985178, "oscillation_cost": 37.710429116618485, "completition_cost": 0.0, "overshoot_cost": 50.09807015524254, "power_cost": 15.13303466796875, "noise_cost": 12.777344795498625, "n_waypoints_completed": 9, "tot_waypoints": 9}}
{"target": -181.0402715458472, "params": {"k_pid_pos": [1.8922997940790476, 0.024859491386256316, 0.37255195504867966], "k_pid_alt": [1.9160597436741602, 0.0, 0.1576465649121419], "k_pid_att": [58.989274729095186, 5.859554809351448, 0.73590781336997], "k_pid_yaw": [0.5, 1e-06, 0.1], "k_pid_hsp": [1.606987810134683, 0.1531003758033771, 0.01], "k_pid_vsp": [110.56511661686339, 59.083466427248936, 1.0]}, "datetime": {"datetime": "2025-08-21 18:39:05", "elapsed": 35662.14368104935, "delta": 17.830804109573364}, "costs": {"total_cost": 181.0402715458472, "time_cost": 67.848, "final_distance_cost": 1.7901412883046885, "oscillation_cost": 42.961433839525725, "completition_cost": 0.0, "overshoot_cost": 49.24837456052368, "power_cost": 9.436789904785156, "noise_cost": 9.755531952707972, "n_waypoints_completed": 9, "tot_waypoints": 9}}
{"target": -180.80691512163338, "params": {"k_pid_pos": [1.8922997940790476, 0.05987593904989075, 0.37255195504867966], "k_pid_alt": [1.9160597436741602, 0.0, 0.1576465649121419], "k_pid_att": [58.989274729095186, 5.859554809351448, 0.8612643910736462], "k_pid_yaw": [0.5, 1e-06, 0.1], "k_pid_hsp": [1.606987810134683, 0.08333843891839088, 0.01], "k_pid_vsp": [110.56511661686339, 130.53254854158118, 1.0]}, "datetime": {"datetime": "2025-08-21 18:39:21", "elapsed": 35678.030176877975, "delta": 15.88649582862854}, "costs": {"total_cost": 180.80691512163338, "time_cost": 68.048, "final_distance_cost": 1.7779030516524046, "oscillation_cost": 42.02869932397074, "completition_cost": 0.0, "overshoot_cost": 49.53820726278676, "power_cost": 9.589228930664063, "noise_cost": 9.824876552559402, "n_waypoints_completed": 9, "tot_waypoints": 9}}
{"target": -195.85039538259514, "params": {"k_pid_pos": [1.8922997940790476, 0.3411092443975692, 0.6250867496839783], "k_pid_alt": [1.1098775236402525, 0.5060913439420335, 0.1576465649121419], "k_pid_att": [25.463483275157817, 2.883280065129859, 0.73590781336997], "k_pid_yaw": [0.5, 1e-06, 0.1], "k_pid_hsp": [1.606987810134683, 0.1531003758033771, 0.01], "k_pid_vsp": [110.56511661686339, 130.53254854158118, 1.0]}, "datetime": {"datetime": "2025-08-21 18:39:40", "elapsed": 35697.16453409195, "delta": 19.134357213974}, "costs": {"total_cost": 195.85039538259514, "time_cost": 75.904, "final_distance_cost": 1.729689683683474, "oscillation_cost": 48.81491051240724, "completition_cost": 0.0, "overshoot_cost": 50.58610118478013, "power_cost": 9.158055883789062, "noise_cost": 9.657638117935221, "n_waypoints_completed": 9, "tot_waypoints": 9}}
