{"target": -182.22377257642262, "params": {"k_pid_pos": [1.8922997940790476, 0.024859491386256316, 0.6250867496839783], "k_pid_alt": [1.1098775236402525, 0.0, 0.1576465649121419], "k_pid_att": [58.989274729095186, 5.859554809351448, 0.73590781336997], "k_pid_yaw": [0.5, 1e-06, 0.1], "k_pid_hsp": [1.606987810134683, 0.1531003758033771, 0.01], "k_pid_vsp": [110.56511661686339, 59.083466427248936, 1.0]}, "datetime": {"datetime": "2025-08-21 17:38:30", "elapsed": 32027.105142116547, "delta": 17.615451097488403}, "costs": {"total_cost": 182.22377257642262, "time_cost": 69.184, "final_distance_cost": 1.8326683742586014, "oscillation_cost": 41.75881774300901, "completition_cost": 0.0, "overshoot_cost": 49.59083604312874, "power_cost": 9.753833044433595, "noise_cost": 10.103617371592675, "n_waypoints_completed": 9, "tot_waypoints": 9}}
{"target": -200.0452623369191, "params": {"k_pid_pos": [1.8034346552870686, 0.08087462101852438, 0.6250867496839783], "k_pid_alt": [0.7503000084241305, 0.0, 0.1576465649121419], "k_pid_att": [58.989274729095186, 5.859554809351448, 0.73590781336997], "k_pid_yaw": [0.5, 1e-06, 0.1], "k_pid_hsp": [1.606987810134683, 0.1531003758033771, 0.01], "k_pid_vsp": [110.56511661686339, 250.21609499067577, 1.0]}, "datetime": {"datetime": "2025-08-21 17:38:48", "elapsed": 32044.915766239166, "delta": 17.81062412261963}, "costs": {"total_cost": 200.0452623369191, "time_cost": 74.408, "final_distance_cost": 1.780307272094024, "oscillation_cost": 41.90818518177752, "completition_cost": 0.0, "overshoot_cost": 50.316415028138145, "power_cost": 17.420963806152344, "noise_cost": 14.21139104875708, "n_waypoints_completed": 9, "tot_waypoints": 9}}
{"target": -209.5951478737404, "params": {"k_pid_pos": [1.8034346552870686, 0.08087462101852438, 0.6250867496839783], "k_pid_alt": [1.6319753356852484, 0.27875359925262033, 0.1576465649121419], "k_pid_att": [10.144412392664826, 5.859554809351448, 0.73590781336997], "k_pid_yaw": [0.5, 1e-06, 0.1], "k_pid_hsp": [1.606987810134683, 0.1531003758033771, 0.01], "k_pid_vsp": [110.56511661686339, 59.083466427248936, 1.0]}, "datetime": {"datetime": "2025-08-21 17:39:08", "elapsed": 32065.151764392853, "delta": 20.235998153686523}, "costs": {"total_cost": 209.5951478737404, "time_cost": 79.464, "final_distance_cost": 1.7420734248861438, "oscillation_cost": 49.34087765243722, "completition_cost": 0.0, "overshoot_cost": 50.49475854977312, "power_cost": 15.548066772460938, "noise_cost": 13.005371474182974, "n_waypoints_completed": 9, "tot_waypoints": 9}}
{"target": -202.40358241933802, "params": {"k_pid_pos": [1.8034346552870686, 0.08087462101852438, 0.6250867496839783], "k_pid_alt": [1.1098775236402525, 0.0, 0.23086984934879706], "k_pid_att": [79.43924172572177, 3.014715642298994, 0.3529475069797985], "k_pid_yaw": [0.5, 1e-06, 0.1], "k_pid_hsp": [1.606987810134683, 0.6076176839441306, 0.01], "k_pid_vsp": [333.9671041363143, 289.9420907665546, 16.252805564631274]}, "datetime": {"datetime": "2025-08-21 17:39:24", "elapsed": 32080.99639606476, "delta": 15.844631671905518}, "costs": {"total_cost": 202.40358241933802, "time_cost": 69.64, "final_distance_cost": 1.8212914804549416, "oscillation_cost": 49.93232831272445, "completition_cost": 0.0, "overshoot_cost": 49.62560762188043, "power_cost": 17.892684008789065, "noise_cost": 13.491670995489145, "n_waypoints_completed": 9, "tot_waypoints": 9}}
{"target": -198.58597168744396, "params": {"k_pid_pos": [1.1188946181278843, 0.08087462101852438, 0.6250867496839783], "k_pid_alt": [0.7503000084241305, 0.5940520228477385, 0.1576465649121419], "k_pid_att": [10.144412392664826, 5.859554809351448, 0.73590781336997], "k_pid_yaw": [0.5, 1e-06, 0.1], "k_pid_hsp": [1.606987810134683, 0.1531003758033771, 0.01], "k_pid_vsp": [110.56511661686339, 59.083466427248936, 1.0]}, "datetime": {"datetime": "2025-08-21 17:39:43", "elapsed": 32100.19474053383, "delta": 19.198344469070435}, "costs": {"total_cost": 198.58597168744396, "time_cost": 78.568, "final_distance_cost": 1.810817309688678, "oscillation_cost": 46.92225585636173, "completition_cost": 0.0, "overshoot_cost": 52.256538919667314, "power_cost": 9.381102551269532, "noise_cost": 9.64725705045672, "n_waypoints_completed": 9, "tot_waypoints": 9}}
{"target": -202.254890988755, "params": {"k_pid_pos": [1.8922997940790476, 0.5480032069558575, 0.6250867496839783], "k_pid_alt": [1.6319753356852484, 0.0, 0.1576465649121419], "k_pid_att": [58.989274729095186, 5.859554809351448, 0.73590781336997], "k_pid_yaw": [0.5, 1e-06, 0.1], "k_pid_hsp": [1.606987810134683, 0.1531003758033771, 0.01], "k_pid_vsp": [110.56511661686339, 358.1213955104046, 1.0]}, "datetime": {"datetime": "2025-08-21 17:40:02", "elapsed": 32119.12935256958, "delta": 18.934612035751343}, "costs": {"total_cost": 202.254890988755, "time_cost": 76.48, "final_distance_cost": 1.7699015586542566, "oscillation_cost": 42.16724784282809, "completition_cost": 0.0, "overshoot_cost": 52.81583533386635, "power_cost": 15.647226782226562, "noise_cost": 13.374679471179705, "n_waypoints_completed": 9, "tot_waypoints": 9}}
{"target": -186.30332446857986, "params": {"k_pid_pos": [1.8034346552870686, 0.08087462101852438, 0.6250867496839783], "k_pid_alt": [1.6319753356852484, 0.0, 0.1576465649121419], "k_pid_att": [58.989274729095186, 5.859554809351448, 0.73590781336997], "k_pid_yaw": [0.5, 1e-06, 0.1], "k_pid_hsp": [1.606987810134683, 0.1531003758033771, 0.01], "k_pid_vsp": [110.56511661686339, 59.083466427248936, 1.0]}, "datetime": {"datetime": "2025-08-21 17:40:19", "elapsed": 32136.187966823578, "delta": 17.058614253997803}, "costs": {"total_cost": 186.30332446857986, "time_cost": 69.08, "final_distance_cost": 1.8180077629992735, "oscillation_cost": 38.73308322699787, "completition_cost": 0.0, "overshoot_cost": 50.53903489580529, "power_cost": 13.948140747070314, "noise_cost": 12.185057835707102, "n_waypoints_completed": 9, "tot_waypoints": 9}}
{"target": -191.3997335206676, "params": {"k_pid_pos": [1.8922997940790476, 0.024859491386256316, 0.6250867496839783], "k_pid_alt": [0.8511837275376319, 0.0, 0.014398680574380873], "k_pid_att": [58.989274729095186, 8.451705289372699, 0.73590781336997], "k_pid_yaw": [0.5, 1e-06, 0.1], "k_pid_hsp": [3.8165853135157835, 0.3095743154041969, 0.01], "k_pid_vsp": [110.56511661686339, 59.083466427248936, 1.0]}, "datetime": {"datetime": "2025-08-21 17:40:36", "elapsed": 32153.191039800644, "delta": 17.00307297706604}, "costs": {"total_cost": 191.3997335206676, "time_cost": 69.88, "final_distance_cost": 1.8354035909685327, "oscillation_cost": 50.22264550649655, "completition_cost": 0.0, "overshoot_cost": 49.84601822507819, "power_cost": 9.659691870117188, "noise_cost": 9.955974328007123, "n_waypoints_completed": 9, "tot_waypoints": 9}}
{"target": -196.81629956929854, "params": {"k_pid_pos": [1.8922997940790476, 0.024859491386256316, 0.6250867496839783], "k_pid_alt": [1.6319753356852484, 0.0, 0.1576465649121419], "k_pid_att": [58.989274729095186, 7.262158112886176, 0.1273844557339736], "k_pid_yaw": [0.5, 1e-06, 0.1], "k_pid_hsp": [1.606987810134683, 0.3095743154041969, 0.01], "k_pid_vsp": [110.56511661686339, 59.083466427248936, 1.0]}, "datetime": {"datetime": "2025-08-21 17:40:52", "elapsed": 32169.040004730225, "delta": 15.848964929580688}, "costs": {"total_cost": 196.81629956929854, "time_cost": 69.104, "final_distance_cost": 1.8181117641729525, "oscillation_cost": 46.856422675816006, "completition_cost": 0.0, "overshoot_cost": 50.63624178949611, "power_cost": 15.585058666992188, "noise_cost": 12.816464672821281, "n_waypoints_completed": 9, "tot_waypoints": 9}}
{"target": -388.09783360427565, "params": {"k_pid_pos": [1.7041340386651447, 0.024859491386256316, 0.7419950763377208], "k_pid_alt": [1.6319753356852484, 0.0, 0.15791560522360282], "k_pid_att": [58.989274729095186, 7.284845820832624, 0.73590781336997], "k_pid_yaw": [0.5, 1e-06, 0.1], "k_pid_hsp": [1.606987810134683, 0.1531003758033771, 0.6131883133805259], "k_pid_vsp": [110.56511661686339, 59.083466427248936, 1.0]}, "datetime": {"datetime": "2025-08-21 17:41:13", "elapsed": 32190.31529855728, "delta": 21.275293827056885}, "costs": {"total_cost": 388.09783360427565, "time_cost": 89.72, "final_distance_cost": 1.7591359970493174, "oscillation_cost": 211.55196594677176, "completition_cost": 0.0, "overshoot_cost": 55.920152825034805, "power_cost": 15.442523889160157, "noise_cost": 13.704054946259635, "n_waypoints_completed": 9, "tot_waypoints": 9}}
{"target": -191.24013228613262, "params": {"k_pid_pos": [1.8922997940790476, 0.024859491386256316, 0.8672549058211023], "k_pid_alt": [1.6319753356852484, 0.0, 0.1576465649121419], "k_pid_att": [92.532430894659, 5.3753599788647985, 0.73590781336997], "k_pid_yaw": [0.5, 1e-06, 0.1], "k_pid_hsp": [1.606987810134683, 0.30538356757589824, 0.01], "k_pid_vsp": [110.56511661686339, 6.65134314787687, 1.0]}, "datetime": {"datetime": "2025-08-21 17:41:29", "elapsed": 32206.357271194458, "delta": 16.041972637176514}, "costs": {"total_cost": 191.24013228613262, "time_cost": 70.424, "final_distance_cost": 1.839759101570708, "oscillation_cost": 42.07879764995765, "completition_cost": 0.0, "overshoot_cost": 51.32660665058745, "power_cost": 13.303049450683595, "noise_cost": 12.267919433333196, "n_waypoints_completed": 9, "tot_waypoints": 9}}
{"target": -190.02717682633886, "params": {"k_pid_pos": [1.7041340386651447, 0.024859491386256316, 0.3434561031905483], "k_pid_alt": [1.440715734429763, 0.0, 0.15791560522360282], "k_pid_att": [58.989274729095186, 7.284845820832624, 0.73590781336997], "k_pid_yaw": [0.5, 1e-06, 0.1], "k_pid_hsp": [1.606987810134683, 0.1531003758033771, 0.01], "k_pid_vsp": [110.56511661686339, 6.65134314787687, 1.0]}, "datetime": {"datetime": "2025-08-21 17:41:47", "elapsed": 32223.98338484764, "delta": 17.626113653182983}, "costs": {"total_cost": 190.02717682633886, "time_cost": 70.584, "final_distance_cost": 1.8232507778226823, "oscillation_cost": 39.305919109545115, "completition_cost": 0.0, "overshoot_cost": 52.105516858572585, "power_cost": 13.982690954589845, "noise_cost": 12.225799125808596, "n_waypoints_completed": 9, "tot_waypoints": 9}}
{"target": -207.40151337567565, "params": {"k_pid_pos": [1.8034346552870686, 0.7626829481589051, 0.880416601094507], "k_pid_alt": [1.411112159818204, 0.0, 0.1576465649121419], "k_pid_att": [58.989274729095186, 7.284845820832624, 0.73590781336997], "k_pid_yaw": [0.5, 1e-06, 0.1], "k_pid_hsp": [1.606987810134683, 0.1531003758033771, 0.01], "k_pid_vsp": [182.43953563434863, 59.083466427248936, 1.0]}, "datetime": {"datetime": "2025-08-21 17:42:06", "elapsed": 32243.1974234581, "delta": 19.214038610458374}, "costs": {"total_cost": 207.40151337567565, "time_cost": 81.34400000000001, "final_distance_cost": 1.787629813957943, "oscillation_cost": 45.37917124216904, "completition_cost": 0.0, "overshoot_cost": 51.354166665902824, "power_cost": 14.499957775878906, "noise_cost": 13.036587877766921, "n_waypoints_completed": 9, "tot_waypoints": 9}}
{"target": -230.67701632286523, "params": {"k_pid_pos": [1.8034346552870686, 0.08087462101852438, 0.6250867496839783], "k_pid_alt": [1.6319753356852484, 0.5971434533176183, 0.1576465649121419], "k_pid_att": [58.989274729095186, 7.284845820832624, 0.21500662963158956], "k_pid_yaw": [0.5, 1e-06, 0.1], "k_pid_hsp": [1.606987810134683, 0.37907839731060067, 0.01], "k_pid_vsp": [278.48014832846997, 6.65134314787687, 1.0]}, "datetime": {"datetime": "2025-08-21 17:42:25", "elapsed": 32262.108540058136, "delta": 18.91111660003662}, "costs": {"total_cost": 230.67701632286523, "time_cost": 82.112, "final_distance_cost": 1.7676415882173957, "oscillation_cost": 61.413121042123336, "completition_cost": 0.0, "overshoot_cost": 53.05178384090124, "power_cost": 17.92161785888672, "noise_cost": 14.410851992736523, "n_waypoints_completed": 9, "tot_waypoints": 9}}
{"target": -183.23421318348397, "params": {"k_pid_pos": [1.7041340386651447, 0.024859491386256316, 0.3434561031905483], "k_pid_alt": [1.6319753356852484, 0.0, 0.15791560522360282], "k_pid_att": [58.989274729095186, 5.859554809351448, 0.73590781336997], "k_pid_yaw": [0.5, 1e-06, 0.1], "k_pid_hsp": [1.606987810134683, 0.1531003758033771, 0.01], "k_pid_vsp": [110.56511661686339, 59.083466427248936, 1.0]}, "datetime": {"datetime": "2025-08-21 17:42:42", "elapsed": 32278.744248390198, "delta": 16.635708332061768}, "costs": {"total_cost": 183.23421318348397, "time_cost": 68.696, "final_distance_cost": 1.794384828502479, "oscillation_cost": 38.36785228988707, "completition_cost": 0.0, "overshoot_cost": 50.227610790209084, "power_cost": 12.631273974609375, "noise_cost": 11.517091300275991, "n_waypoints_completed": 9, "tot_waypoints": 9}}
{"target": -1093.6649111347187, "params": {"k_pid_pos": [1.8922997940790476, 0.024859491386256316, 0.6250867496839783], "k_pid_alt": [1.6319753356852484, 0.0, 0.1576465649121419], "k_pid_att": [92.532430894659, 3.2931611945007657, 0.73590781336997], "k_pid_yaw": [0.5, 1e-06, 0.1], "k_pid_hsp": [1.606987810134683, 0.30538356757589824, 0.01], "k_pid_vsp": [110.56511661686339, 59.083466427248936, 130.14958620146152]}, "datetime": {"datetime": "2025-08-21 17:43:05", "elapsed": 32302.140508413315, "delta": 23.396260023117065}, "costs": {"total_cost": 1093.6649111347187, "time_cost": 150, "final_distance_cost": 73.57238245813721, "oscillation_cost": 47.56137413474367, "completition_cost": 666.6666666666667, "overshoot_cost": 96.59729207136589, "power_cost": 25.00131121826172, "noise_cost": 34.26588458554362, "n_waypoints_completed": 3, "tot_waypoints": 9}}
{"target": -1373.7383932698167, "params": {"k_pid_pos": [1.8922997940790476, 0.024859491386256316, 0.45183138031506087], "k_pid_alt": [0.747058922102781, 0.0, 0.1576465649121419], "k_pid_att": [11.329609997636037, 6.043751783864618, 0.73590781336997], "k_pid_yaw": [0.5, 1e-06, 0.1], "k_pid_hsp": [1.606987810134683, 0.1531003758033771, 0.0933370746102804], "k_pid_vsp": [110.56511661686339, 59.083466427248936, 378.0276463997573]}, "datetime": {"datetime": "2025-08-21 17:43:29", "elapsed": 32326.074425935745, "delta": 23.93391752243042}, "costs": {"total_cost": 1373.7383932698167, "time_cost": 150, "final_distance_cost": 220.22243999306968, "oscillation_cost": 73.39994684304749, "completition_cost": 666.6666666666667, "overshoot_cost": 226.91973128652808, "power_cost": 19.08236354980469, "noise_cost": 17.447244930699956, "n_waypoints_completed": 3, "tot_waypoints": 9}}
{"target": -214.8839256572536, "params": {"k_pid_pos": [1.8922997940790476, 0.024859491386256316, 0.6250867496839783], "k_pid_alt": [1.6319753356852484, 0.0, 0.1576465649121419], "k_pid_att": [60.80703776507656, 5.859554809351448, 0.73590781336997], "k_pid_yaw": [0.5, 1e-06, 0.1], "k_pid_hsp": [1.606987810134683, 0.1531003758033771, 0.01], "k_pid_vsp": [110.56511661686339, 59.083466427248936, 63.37118315844313]}, "datetime": {"datetime": "2025-08-21 17:43:47", "elapsed": 32344.394869804382, "delta": 18.320443868637085}, "costs": {"total_cost": 214.8839256572536, "time_cost": 75.92, "final_distance_cost": 1.834832108066496, "oscillation_cost": 52.9475212479777, "completition_cost": 0.0, "overshoot_cost": 55.22592256236666, "power_cost": 16.554890979003908, "noise_cost": 12.400758759838816, "n_waypoints_completed": 9, "tot_waypoints": 9}}
{"target": -188.7300053227303, "params": {"k_pid_pos": [1.8922997940790476, 0.08087462101852438, 0.6250867496839783], "k_pid_alt": [1.6319753356852484, 0.0, 0.1576465649121419], "k_pid_att": [28.19473841193917, 3.2931611945007657, 0.8466505764833102], "k_pid_yaw": [0.5, 1e-06, 0.1], "k_pid_hsp": [1.606987810134683, 0.758576650728263, 0.01], "k_pid_vsp": [110.56511661686339, 59.083466427248936, 1.0]}, "datetime": {"datetime": "2025-08-21 17:44:03", "elapsed": 32359.77112841606, "delta": 15.376258611679077}, "costs": {"total_cost": 188.7300053227303, "time_cost": 67.904, "final_distance_cost": 1.8248100880141045, "oscillation_cost": 49.84534755780583, "completition_cost": 0.0, "overshoot_cost": 48.917651166778946, "power_cost": 10.095799523925782, "noise_cost": 10.142396986205657, "n_waypoints_completed": 9, "tot_waypoints": 9}}
{"target": -2130.2820394791347, "params": {"k_pid_pos": [1.6248320196330406, 0.024859491386256316, 0.6250867496839783], "k_pid_alt": [1.6319753356852484, 0.0, 0.1576465649121419], "k_pid_att": [92.532430894659, 3.2931611945007657, 0.73590781336997], "k_pid_yaw": [0.5, 1e-06, 0.1], "k_pid_hsp": [1.606987810134683, 0.30538356757589824, 0.01], "k_pid_vsp": [110.56511661686339, 59.083466427248936, 362.9814901044949]}, "datetime": {"datetime": "2025-08-21 17:44:27", "elapsed": 32383.879252910614, "delta": 24.108124494552612}, "costs": {"total_cost": 2130.2820394791347, "time_cost": 150, "final_distance_cost": 283.013346054064, "oscillation_cost": 40.947219995946455, "completition_cost": 888.8888888888888, "overshoot_cost": 739.866466809176, "power_cost": 12.976892590332032, "noise_cost": 14.58922514072698, "n_waypoints_completed": 1, "tot_waypoints": 9}}
{"target": -183.2064956091869, "params": {"k_pid_pos": [1.8922997940790476, 0.024859491386256316, 0.6250867496839783], "k_pid_alt": [1.1098775236402525, 0.0, 0.1576465649121419], "k_pid_att": [58.989274729095186, 5.859554809351448, 0.73590781336997], "k_pid_yaw": [0.5, 1e-06, 0.1], "k_pid_hsp": [1.606987810134683, 0.1531003758033771, 0.01], "k_pid_vsp": [110.56511661686339, 59.083466427248936, 1.0]}, "datetime": {"datetime": "2025-08-21 17:44:43", "elapsed": 32400.278324842453, "delta": 16.39907193183899}, "costs": {"total_cost": 183.2064956091869, "time_cost": 69.352, "final_distance_cost": 1.8078437636215032, "oscillation_cost": 39.97076044824028, "completition_cost": 0.0, "overshoot_cost": 50.08661068859876, "power_cost": 11.232724963378907, "noise_cost": 10.756555745347438, "n_waypoints_completed": 9, "tot_waypoints": 9}}
{"target": -186.122198315078, "params": {"k_pid_pos": [1.8922997940790476, 0.024859491386256316, 0.6250867496839783], "k_pid_alt": [1.1098775236402525, 0.0, 0.1576465649121419], "k_pid_att": [92.532430894659, 3.2931611945007657, 0.73590781336997], "k_pid_yaw": [0.5, 1e-06, 0.1], "k_pid_hsp": [1.606987810134683, 0.30538356757589824, 0.01], "k_pid_vsp": [110.56511661686339, 59.083466427248936, 1.0]}, "datetime": {"datetime": "2025-08-21 17:44:59", "elapsed": 32415.591896533966, "delta": 15.313571691513062}, "costs": {"total_cost": 186.122198315078, "time_cost": 69.72, "final_distance_cost": 1.8272225275647518, "oscillation_cost": 39.10036656632173, "completition_cost": 0.0, "overshoot_cost": 50.79778247187772, "power_cost": 12.989358752441406, "noise_cost": 11.687467996872389, "n_waypoints_completed": 9, "tot_waypoints": 9}}
{"target": -183.9023143291175, "params": {"k_pid_pos": [1.8922997940790476, 0.024859491386256316, 0.6250867496839783], "k_pid_alt": [1.1098775236402525, 0.0, 0.1576465649121419], "k_pid_att": [11.329609997636037, 6.043751783864618, 0.73590781336997], "k_pid_yaw": [0.5, 1e-06, 0.1], "k_pid_hsp": [1.606987810134683, 0.1531003758033771, 0.01], "k_pid_vsp": [110.56511661686339, 59.083466427248936, 1.0]}, "datetime": {"datetime": "2025-08-21 17:45:15", "elapsed": 32431.854075670242, "delta": 16.262179136276245}, "costs": {"total_cost": 183.9023143291175, "time_cost": 68.944, "final_distance_cost": 1.8172925113903977, "oscillation_cost": 41.278732224606216, "completition_cost": 0.0, "overshoot_cost": 49.38759086208535, "power_cost": 11.585284387207032, "noise_cost": 10.88941434382852, "n_waypoints_completed": 9, "tot_waypoints": 9}}
{"target": -189.34415708975666, "params": {"k_pid_pos": [1.8034346552870686, 0.08087462101852438, 0.15504459629470158], "k_pid_alt": [0.7503000084241305, 0.0, 0.1576465649121419], "k_pid_att": [58.989274729095186, 5.859554809351448, 0.73590781336997], "k_pid_yaw": [0.5, 1e-06, 0.1], "k_pid_hsp": [1.606987810134683, 0.1531003758033771, 0.01], "k_pid_vsp": [110.56511661686339, 250.21609499067577, 1.0]}, "datetime": {"datetime": "2025-08-21 17:45:31", "elapsed": 32447.939918994904, "delta": 16.085843324661255}, "costs": {"total_cost": 189.34415708975666, "time_cost": 71.608, "final_distance_cost": 1.8197498488187822, "oscillation_cost": 45.649201789895024, "completition_cost": 0.0, "overshoot_cost": 49.67408430909315, "power_cost": 10.366903137207032, "noise_cost": 10.226218004742648, "n_waypoints_completed": 9, "tot_waypoints": 9}}
{"target": -186.40595781169418, "params": {"k_pid_pos": [1.8034346552870686, 0.08087462101852438, 0.6250867496839783], "k_pid_alt": [0.7503000084241305, 0.0, 0.1576465649121419], "k_pid_att": [11.246502653247227, 5.859554809351448, 0.73590781336997], "k_pid_yaw": [0.5, 1e-06, 0.1], "k_pid_hsp": [1.606987810134683, 0.1531003758033771, 0.01], "k_pid_vsp": [110.56511661686339, 250.21609499067577, 1.0]}, "datetime": {"datetime": "2025-08-21 17:45:48", "elapsed": 32465.252945423126, "delta": 17.313026428222656}, "costs": {"total_cost": 186.40595781169418, "time_cost": 71.688, "final_distance_cost": 1.8344230728533635, "oscillation_cost": 40.26172970305194, "completition_cost": 0.0, "overshoot_cost": 49.50657895582402, "power_cost": 12.11764853515625, "noise_cost": 10.997577544808603, "n_waypoints_completed": 9, "tot_waypoints": 9}}
