{"target": -219.08429282018375, "params": {"k_pid_pos": [1.3885554450422086, 0.509734659876444, 0.11401919133455096], "k_pid_alt": [1.2679502233621702, 0.0, 0.20799807370846057], "k_pid_att": [82.92211412031192, 9.597749245839971, 0.3952346537588943], "k_pid_yaw": [0.5, 1e-06, 0.1], "k_pid_hsp": [1.0, 0.7744178344487831, 0.01], "k_pid_vsp": [150.0, 300.33453362374865, 1.0]}, "datetime": {"datetime": "2025-08-21 10:03:41", "elapsed": 4738.420356750488, "delta": 24.26820182800293}, "costs": {"total_cost": 219.08429282018375, "time_cost": 81.288, "final_distance_cost": 1.7617286622714319, "oscillation_cost": 63.70159189158004, "completition_cost": 0.0, "overshoot_cost": 49.75040628831952, "power_cost": 11.367596740722657, "noise_cost": 11.214969237290084, "n_waypoints_completed": 9, "tot_waypoints": 9}}
{"target": -225.4292068989471, "params": {"k_pid_pos": [1.8624793477566346, 0.04925411992759399, 0.3736141384595716], "k_pid_alt": [0.7, 0.0, 0.1], "k_pid_att": [32.6162642003566, 1.0, 0.01], "k_pid_yaw": [0.5, 1e-06, 0.1], "k_pid_hsp": [1.0, 0.01, 0.01], "k_pid_vsp": [150.0, 10.0, 1.0]}, "datetime": {"datetime": "2025-08-21 10:04:02", "elapsed": 4758.731362819672, "delta": 20.31100606918335}, "costs": {"total_cost": 225.4292068989471, "time_cost": 79.096, "final_distance_cost": 1.7876453056179442, "oscillation_cost": 57.3284156297414, "completition_cost": 0.0, "overshoot_cost": 51.83961234091101, "power_cost": 19.865706091308596, "noise_cost": 15.511827531368132, "n_waypoints_completed": 9, "tot_waypoints": 9}}
{"target": -202.70685077636438, "params": {"k_pid_pos": [1.3885554450422086, 0.024859491386256316, 0.11401919133455096], "k_pid_alt": [1.2679502233621702, 0.0, 0.18431000208985737], "k_pid_att": [20.0, 7.284845820832624, 0.004857337777279036], "k_pid_yaw": [0.5, 1e-06, 0.1], "k_pid_hsp": [1.0, 0.01, 0.01], "k_pid_vsp": [150.0, 10.0, 1.0]}, "datetime": {"datetime": "2025-08-21 10:04:24", "elapsed": 4780.578223466873, "delta": 21.846860647201538}, "costs": {"total_cost": 202.70685077636438, "time_cost": 69.76, "final_distance_cost": 1.8005952134735566, "oscillation_cost": 56.49152173864934, "completition_cost": 0.0, "overshoot_cost": 50.754912123047646, "power_cost": 12.484987426757813, "noise_cost": 11.414834274436034, "n_waypoints_completed": 9, "tot_waypoints": 9}}
{"target": -224.78490146875956, "params": {"k_pid_pos": [1.8624793477566346, 0.04925411992759399, 0.3736141384595716], "k_pid_alt": [1.296896341175293, 0.0, 0.1], "k_pid_att": [20.0, 1.0, 0.01], "k_pid_yaw": [0.5, 1e-06, 0.1], "k_pid_hsp": [1.0, 0.01, 0.01], "k_pid_vsp": [150.0, 15.500533572620455, 1.0]}, "datetime": {"datetime": "2025-08-21 10:04:45", "elapsed": 4801.550609827042, "delta": 20.972386360168457}, "costs": {"total_cost": 224.78490146875956, "time_cost": 73.464, "final_distance_cost": 1.7801317371872913, "oscillation_cost": 68.42989322304568, "completition_cost": 0.0, "overshoot_cost": 52.01756286370496, "power_cost": 15.833163146972657, "noise_cost": 13.260150497848963, "n_waypoints_completed": 9, "tot_waypoints": 9}}
{"target": -269.1182189144414, "params": {"k_pid_pos": [1.849624377781123, 0.16606263241397312, 0.964013702359797], "k_pid_alt": [1.2679502233621702, 0.5561902967977893, 0.45577628983361107], "k_pid_att": [20.0, 1.0, 0.01], "k_pid_yaw": [0.5, 1e-06, 0.1], "k_pid_hsp": [1.0, 0.01, 0.01], "k_pid_vsp": [150.0, 15.500533572620455, 1.0]}, "datetime": {"datetime": "2025-08-21 10:05:04", "elapsed": 4821.318064451218, "delta": 19.767454624176025}, "costs": {"total_cost": 269.1182189144414, "time_cost": 77.21600000000001, "final_distance_cost": 1.7440251037261747, "oscillation_cost": 114.61764953174331, "completition_cost": 0.0, "overshoot_cost": 51.282663290213236, "power_cost": 12.78545721435547, "noise_cost": 11.472423774403204, "n_waypoints_completed": 9, "tot_waypoints": 9}}
{"target": -210.09633957253445, "params": {"k_pid_pos": [1.1496839804071068, 0.024859491386256316, 0.11401919133455096], "k_pid_alt": [1.2679502233621702, 0.0, 0.1], "k_pid_att": [20.236336479523032, 3.0596356458441103, 0.9274604585040267], "k_pid_yaw": [0.5, 1e-06, 0.1], "k_pid_hsp": [1.0, 0.01, 0.08356203214847824], "k_pid_vsp": [378.2079564087626, 355.21150340299164, 1.0]}, "datetime": {"datetime": "2025-08-21 10:05:28", "elapsed": 4844.586020946503, "delta": 23.267956495285034}, "costs": {"total_cost": 210.09633957253445, "time_cost": 75.264, "final_distance_cost": 1.8346413419741092, "oscillation_cost": 61.52103013842378, "completition_cost": 0.0, "overshoot_cost": 50.93494060270189, "power_cost": 10.056732849121094, "noise_cost": 10.4849946403136, "n_waypoints_completed": 9, "tot_waypoints": 9}}
{"target": -216.98719230907392, "params": {"k_pid_pos": [1.3885554450422086, 0.509734659876444, 0.11401919133455096], "k_pid_alt": [1.2679502233621702, 0.0, 0.45577628983361107], "k_pid_att": [20.236336479523032, 3.0596356458441103, 0.9274604585040267], "k_pid_yaw": [0.5, 1e-06, 0.1], "k_pid_hsp": [1.0, 0.01, 0.01], "k_pid_vsp": [378.2079564087626, 355.21150340299164, 1.0]}, "datetime": {"datetime": "2025-08-21 10:05:50", "elapsed": 4867.391233444214, "delta": 22.80521249771118}, "costs": {"total_cost": 216.98719230907392, "time_cost": 83.848, "final_distance_cost": 1.7520250434304854, "oscillation_cost": 45.79682734348894, "completition_cost": 0.0, "overshoot_cost": 52.6814354432541, "power_cost": 18.214357543945315, "noise_cost": 14.694546934955106, "n_waypoints_completed": 9, "tot_waypoints": 9}}
{"target": -211.57197607826234, "params": {"k_pid_pos": [1.849624377781123, 0.16606263241397312, 0.5551980423268247], "k_pid_alt": [1.2679502233621702, 0.5561902967977893, 0.20799807370846057], "k_pid_att": [22.592895791678245, 9.597749245839971, 0.3952346537588943], "k_pid_yaw": [0.5, 1e-06, 0.1], "k_pid_hsp": [1.0, 0.01, 0.01], "k_pid_vsp": [17.18305095025783, 10.0, 1.0]}, "datetime": {"datetime": "2025-08-21 10:06:12", "elapsed": 4888.820560216904, "delta": 21.42932677268982}, "costs": {"total_cost": 211.57197607826234, "time_cost": 81.872, "final_distance_cost": 1.7249092939100534, "oscillation_cost": 49.59334844103095, "completition_cost": 0.0, "overshoot_cost": 53.45648983746883, "power_cost": 12.949111645507813, "noise_cost": 11.97611686034466, "n_waypoints_completed": 9, "tot_waypoints": 9}}
{"target": -303.8483949496942, "params": {"k_pid_pos": [1.8624793477566346, 0.9745008925422891, 0.3736141384595716], "k_pid_alt": [1.6540160292159989, 0.0, 0.1], "k_pid_att": [20.0, 1.0, 0.01], "k_pid_yaw": [0.5, 1e-06, 0.1], "k_pid_hsp": [5.985325037583757, 0.01, 0.01], "k_pid_vsp": [378.2079564087626, 355.21150340299164, 22.765281794467143]}, "datetime": {"datetime": "2025-08-21 10:06:37", "elapsed": 4914.005947828293, "delta": 25.18538761138916}, "costs": {"total_cost": 303.8483949496942, "time_cost": 80.928, "final_distance_cost": 1.744413734170908, "oscillation_cost": 139.19171494374737, "completition_cost": 0.0, "overshoot_cost": 51.930594946559104, "power_cost": 16.803532446289065, "noise_cost": 13.250138878927714, "n_waypoints_completed": 9, "tot_waypoints": 9}}
{"target": -306.5024721784654, "params": {"k_pid_pos": [1.849624377781123, 0.16606263241397312, 0.5551980423268247], "k_pid_alt": [1.2679502233621702, 0.5561902967977893, 0.45577628983361107], "k_pid_att": [20.236336479523032, 3.0596356458441103, 0.18856007863455804], "k_pid_yaw": [0.5, 1e-06, 0.1], "k_pid_hsp": [6.04138163875019, 0.01, 0.01], "k_pid_vsp": [369.1457451700762, 57.202961387546644, 1.0]}, "datetime": {"datetime": "2025-08-21 10:06:57", "elapsed": 4934.081472635269, "delta": 20.07552480697632}, "costs": {"total_cost": 306.5024721784654, "time_cost": 80.072, "final_distance_cost": 1.77277491777864, "oscillation_cost": 143.59351806174493, "completition_cost": 0.0, "overshoot_cost": 51.97868923059761, "power_cost": 15.835748400878908, "noise_cost": 13.249741567465257, "n_waypoints_completed": 9, "tot_waypoints": 9}}
{"target": -290.8187247370587, "params": {"k_pid_pos": [1.849624377781123, 0.04925411992759399, 0.3736141384595716], "k_pid_alt": [0.7, 0.08054494671311319, 0.1], "k_pid_att": [20.0, 1.0, 0.01], "k_pid_yaw": [0.5, 1e-06, 0.1], "k_pid_hsp": [1.0, 0.5534313698869836, 0.01], "k_pid_vsp": [150.0, 10.0, 1.0]}, "datetime": {"datetime": "2025-08-21 10:07:27", "elapsed": 4964.331564903259, "delta": 30.250092267990112}, "costs": {"total_cost": 290.8187247370587, "time_cost": 98.60000000000001, "final_distance_cost": 1.752623647047625, "oscillation_cost": 92.07842838545322, "completition_cost": 0.0, "overshoot_cost": 55.29925989589527, "power_cost": 24.542232641601565, "noise_cost": 18.546180167061006, "n_waypoints_completed": 9, "tot_waypoints": 9}}
{"target": -592.4517898099037, "params": {"k_pid_pos": [0.3086920070734966, 0.16606263241397312, 0.5551980423268247], "k_pid_alt": [1.2679502233621702, 0.5561902967977893, 0.45577628983361107], "k_pid_att": [20.236336479523032, 3.0596356458441103, 0.06257111584615938], "k_pid_yaw": [0.5, 1e-06, 0.1], "k_pid_hsp": [1.0, 0.35170239085026345, 0.01], "k_pid_vsp": [378.2079564087626, 355.21150340299164, 1.0]}, "datetime": {"datetime": "2025-08-21 10:07:58", "elapsed": 4994.626452445984, "delta": 30.29488754272461}, "costs": {"total_cost": 592.4517898099037, "time_cost": 150, "final_distance_cost": 65.61186336668975, "oscillation_cost": 73.77856306158371, "completition_cost": 222.2222222222222, "overshoot_cost": 48.628555806652, "power_cost": 17.232668591308595, "noise_cost": 14.977916761447524, "n_waypoints_completed": 7, "tot_waypoints": 9}}
{"target": -1338.5789959755516, "params": {"k_pid_pos": [1.3368390832847643, 0.04925411992759399, 0.3736141384595716], "k_pid_alt": [0.7, 0.0, 0.1], "k_pid_att": [20.0, 1.0, 0.01], "k_pid_yaw": [0.5, 1e-06, 0.1], "k_pid_hsp": [1.0, 0.01, 0.01], "k_pid_vsp": [150.0, 10.0, 65.70135573745327]}, "datetime": {"datetime": "2025-08-21 10:08:29", "elapsed": 5025.828053236008, "delta": 31.201600790023804}, "costs": {"total_cost": 1338.5789959755516, "time_cost": 150, "final_distance_cost": 42.523982156561125, "oscillation_cost": 87.77250243831179, "completition_cost": 1000.0, "overshoot_cost": 19.308384137452094, "power_cost": 22.66990460205078, "noise_cost": 16.30422264117589, "n_waypoints_completed": 0, "tot_waypoints": 9}}
{"target": -238.75709243215113, "params": {"k_pid_pos": [1.8624793477566346, 0.4710962061431325, 0.5652361064811888], "k_pid_alt": [1.142334724111482, 0.6347183200005908, 0.20799807370846057], "k_pid_att": [78.69411358121238, 9.597749245839971, 0.004857337777279036], "k_pid_yaw": [0.5, 1e-06, 0.1], "k_pid_hsp": [1.0, 0.01, 0.01], "k_pid_vsp": [150.0, 307.0029666248519, 1.0]}, "datetime": {"datetime": "2025-08-21 10:08:53", "elapsed": 5049.90593457222, "delta": 24.077881336212158}, "costs": {"total_cost": 238.75709243215113, "time_cost": 88.24, "final_distance_cost": 1.7414789847637127, "oscillation_cost": 66.62197480706529, "completition_cost": 0.0, "overshoot_cost": 52.93088581475145, "power_cost": 14.980908984375, "noise_cost": 14.241843841195715, "n_waypoints_completed": 9, "tot_waypoints": 9}}
{"target": -255.59651089930497, "params": {"k_pid_pos": [1.849624377781123, 0.16606263241397312, 0.5551980423268247], "k_pid_alt": [1.2679502233621702, 0.07931689918144824, 0.45577628983361107], "k_pid_att": [47.70828662473765, 3.0596356458441103, 0.004857337777279036], "k_pid_yaw": [0.5, 1e-06, 0.1], "k_pid_hsp": [1.0, 0.01, 0.01], "k_pid_vsp": [111.20884264032553, 10.0, 1.0]}, "datetime": {"datetime": "2025-08-21 10:09:15", "elapsed": 5072.230355501175, "delta": 22.324420928955078}, "costs": {"total_cost": 255.59651089930497, "time_cost": 88.968, "final_distance_cost": 1.7843063687189926, "oscillation_cost": 80.4573908745746, "completition_cost": 0.0, "overshoot_cost": 52.67236958073206, "power_cost": 17.032218310546877, "noise_cost": 14.682225764732424, "n_waypoints_completed": 9, "tot_waypoints": 9}}
{"target": -1340.9918275594239, "params": {"k_pid_pos": [1.3885554450422086, 0.024859491386256316, 0.11401919133455096], "k_pid_alt": [1.2679502233621702, 0.0, 0.8361997509577753], "k_pid_att": [19.462821160492226, 4.452622529689853, 0.01], "k_pid_yaw": [0.5, 1e-06, 0.1], "k_pid_hsp": [2.756422947328575, 0.19072715732271805, 0.01], "k_pid_vsp": [150.0, 10.0, 173.34956715038942]}, "datetime": {"datetime": "2025-08-21 10:09:48", "elapsed": 5105.365355491638, "delta": 33.13499999046326}, "costs": {"total_cost": 1340.9918275594239, "time_cost": 150, "final_distance_cost": 68.5978769043522, "oscillation_cost": 112.49874496942007, "completition_cost": 888.8888888888888, "overshoot_cost": 58.97714013011019, "power_cost": 22.21015319824219, "noise_cost": 39.81902346841043, "n_waypoints_completed": 1, "tot_waypoints": 9}}
{"target": -1024.8855872342458, "params": {"k_pid_pos": [1.1496839804071068, 0.024859491386256316, 0.11401919133455096], "k_pid_alt": [1.2679502233621702, 0.0, 0.9425092633198067], "k_pid_att": [20.0, 1.0, 0.01], "k_pid_yaw": [0.5, 1e-06, 0.1], "k_pid_hsp": [1.0, 0.06188547702557645, 0.5996188995128691], "k_pid_vsp": [373.35534273797225, 10.0, 1.0]}, "datetime": {"datetime": "2025-08-21 10:10:13", "elapsed": 5129.974820137024, "delta": 24.609464645385742}, "costs": {"total_cost": 1024.8855872342458, "time_cost": 150, "final_distance_cost": 54.20811026122402, "oscillation_cost": 318.7068199613722, "completition_cost": 333.33333333333337, "overshoot_cost": 97.75175950060674, "power_cost": 28.986490051269534, "noise_cost": 41.89907412643997, "n_waypoints_completed": 6, "tot_waypoints": 9}}
{"target": -207.7434142025519, "params": {"k_pid_pos": [1.8624793477566346, 0.04925411992759399, 0.7374604451918155], "k_pid_alt": [0.7, 0.3112231092042238, 0.434035615756316], "k_pid_att": [20.0, 7.284845820832624, 0.3952346537588943], "k_pid_yaw": [0.5, 1e-06, 0.1], "k_pid_hsp": [1.0, 0.01, 0.01], "k_pid_vsp": [150.0, 15.500533572620455, 1.0]}, "datetime": {"datetime": "2025-08-21 10:10:39", "elapsed": 5155.907908201218, "delta": 25.933088064193726}, "costs": {"total_cost": 207.7434142025519, "time_cost": 80.34400000000001, "final_distance_cost": 1.7876577246056522, "oscillation_cost": 48.63794426461879, "completition_cost": 0.0, "overshoot_cost": 51.880288172083205, "power_cost": 13.056363049316406, "noise_cost": 12.03716099192784, "n_waypoints_completed": 9, "tot_waypoints": 9}}
{"target": -224.7019924185959, "params": {"k_pid_pos": [1.3885554450422086, 0.024859491386256316, 0.11401919133455096], "k_pid_alt": [1.2679502233621702, 0.0, 0.1], "k_pid_att": [20.0, 1.0, 0.01], "k_pid_yaw": [0.5, 1e-06, 0.1], "k_pid_hsp": [1.0, 0.01, 0.01], "k_pid_vsp": [150.0, 15.500533572620455, 46.4397240445233]}, "datetime": {"datetime": "2025-08-21 10:11:00", "elapsed": 5176.618490695953, "delta": 20.710582494735718}, "costs": {"total_cost": 224.7019924185959, "time_cost": 74.944, "final_distance_cost": 1.8403195048071976, "oscillation_cost": 70.3852934507345, "completition_cost": 0.0, "overshoot_cost": 55.32474558808651, "power_cost": 12.485911730957032, "noise_cost": 9.721722144010641, "n_waypoints_completed": 9, "tot_waypoints": 9}}
{"target": -227.18062053687706, "params": {"k_pid_pos": [0.6579544065879377, 0.024859491386256316, 0.11401919133455096], "k_pid_alt": [1.2679502233621702, 0.0, 0.8361997509577753], "k_pid_att": [19.462821160492226, 4.452622529689853, 0.01], "k_pid_yaw": [0.5, 1e-06, 0.1], "k_pid_hsp": [1.0, 0.01, 0.01], "k_pid_vsp": [111.20884264032553, 10.0, 1.0]}, "datetime": {"datetime": "2025-08-21 10:11:20", "elapsed": 5197.3841280937195, "delta": 20.765637397766113}, "costs": {"total_cost": 227.18062053687706, "time_cost": 81.888, "final_distance_cost": 1.852392660412722, "oscillation_cost": 60.71684444330008, "completition_cost": 0.0, "overshoot_cost": 51.79557541690292, "power_cost": 16.499040832519533, "noise_cost": 14.428767183741789, "n_waypoints_completed": 9, "tot_waypoints": 9}}
{"target": -470.9230780615384, "params": {"k_pid_pos": [1.8624793477566346, 0.04925411992759399, 0.3736141384595716], "k_pid_alt": [0.7, 0.915396937089632, 0.1], "k_pid_att": [20.0, 1.0, 0.01], "k_pid_yaw": [0.5, 1e-06, 0.1], "k_pid_hsp": [1.0, 0.01, 0.01], "k_pid_vsp": [150.0, 15.500533572620455, 1.0]}, "datetime": {"datetime": "2025-08-21 10:11:51", "elapsed": 5228.029549837112, "delta": 30.645421743392944}, "costs": {"total_cost": 470.9230780615384, "time_cost": 150, "final_distance_cost": 14.500315511416922, "oscillation_cost": 92.30818267605983, "completition_cost": 111.11111111111116, "overshoot_cost": 63.46077053811197, "power_cost": 22.312030383300783, "noise_cost": 17.23066784153773, "n_waypoints_completed": 8, "tot_waypoints": 9}}
{"target": -227.37688578512376, "params": {"k_pid_pos": [1.1496839804071068, 0.024859491386256316, 0.11401919133455096], "k_pid_alt": [1.2679502233621702, 0.0, 0.7404453547781268], "k_pid_att": [20.0, 1.1017894340568208, 0.01], "k_pid_yaw": [0.5, 1e-06, 0.1], "k_pid_hsp": [1.0, 0.8344227521511565, 0.01], "k_pid_vsp": [150.0, 10.0, 1.0]}, "datetime": {"datetime": "2025-08-21 10:12:10", "elapsed": 5246.672160863876, "delta": 18.642611026763916}, "costs": {"total_cost": 227.37688578512376, "time_cost": 73.736, "final_distance_cost": 1.8517352005810108, "oscillation_cost": 70.02563550272889, "completition_cost": 0.0, "overshoot_cost": 50.715566359056446, "power_cost": 17.06450107421875, "noise_cost": 13.983447648538649, "n_waypoints_completed": 9, "tot_waypoints": 9}}
{"target": -201.53665455938113, "params": {"k_pid_pos": [1.8624793477566346, 0.04925411992759399, 0.2995124902746459], "k_pid_alt": [0.7, 0.0, 0.1], "k_pid_att": [85.02836851553842, 7.284845820832624, 0.004857337777279036], "k_pid_yaw": [0.5, 1e-06, 0.1], "k_pid_hsp": [1.0, 0.01, 0.01], "k_pid_vsp": [150.0, 351.388862279923, 1.0]}, "datetime": {"datetime": "2025-08-21 10:12:31", "elapsed": 5267.8814578056335, "delta": 21.209296941757202}, "costs": {"total_cost": 201.53665455938113, "time_cost": 71.712, "final_distance_cost": 1.8014939441867541, "oscillation_cost": 58.47008405520161, "completition_cost": 0.0, "overshoot_cost": 50.414468442407696, "power_cost": 9.461440979003907, "noise_cost": 9.677167138581146, "n_waypoints_completed": 9, "tot_waypoints": 9}}
{"target": -708.2932969053819, "params": {"k_pid_pos": [1.849624377781123, 0.16606263241397312, 0.5551980423268247], "k_pid_alt": [1.2679502233621702, 0.7553301727947445, 0.5619409236011778], "k_pid_att": [40.4276456330449, 3.0596356458441103, 0.596239409547933], "k_pid_yaw": [0.5, 1e-06, 0.1], "k_pid_hsp": [1.0, 0.01, 0.3643615764756113], "k_pid_vsp": [150.0, 10.0, 1.0]}, "datetime": {"datetime": "2025-08-21 10:13:03", "elapsed": 5299.791590452194, "delta": 31.91013264656067}, "costs": {"total_cost": 708.2932969053819, "time_cost": 150, "final_distance_cost": 64.07383418552581, "oscillation_cost": 187.01042080836234, "completition_cost": 222.2222222222222, "overshoot_cost": 49.91430964830413, "power_cost": 18.633671423339845, "noise_cost": 16.438838617627688, "n_waypoints_completed": 7, "tot_waypoints": 9}}
{"target": -226.18055739721618, "params": {"k_pid_pos": [1.3368390832847643, 0.03509076592280813, 0.5652361064811888], "k_pid_alt": [1.142334724111482, 0.6347183200005908, 0.20799807370846057], "k_pid_att": [79.18472897910739, 9.597749245839971, 0.004857337777279036], "k_pid_yaw": [0.5, 1e-06, 0.1], "k_pid_hsp": [2.882064192075523, 0.01, 0.01], "k_pid_vsp": [150.0, 10.0, 1.0]}, "datetime": {"datetime": "2025-08-21 10:13:24", "elapsed": 5321.10915017128, "delta": 21.317559719085693}, "costs": {"total_cost": 226.18055739721618, "time_cost": 79.56, "final_distance_cost": 1.788352914596328, "oscillation_cost": 68.37365625926354, "completition_cost": 0.0, "overshoot_cost": 52.17884901092546, "power_cost": 12.698182238769531, "noise_cost": 11.58151697366132, "n_waypoints_completed": 9, "tot_waypoints": 9}}
{"target": -212.79546088486683, "params": {"k_pid_pos": [1.8624793477566346, 0.04925411992759399, 0.3736141384595716], "k_pid_alt": [0.7, 0.0, 0.1], "k_pid_att": [20.0, 2.479545121909682, 0.004857337777279036], "k_pid_yaw": [0.5, 1e-06, 0.1], "k_pid_hsp": [1.0, 0.01, 0.01], "k_pid_vsp": [150.0, 307.0029666248519, 1.0]}, "datetime": {"datetime": "2025-08-21 10:13:44", "elapsed": 5341.151138305664, "delta": 20.041988134384155}, "costs": {"total_cost": 212.79546088486683, "time_cost": 71.57600000000001, "final_distance_cost": 1.805026363499153, "oscillation_cost": 66.90311285370818, "completition_cost": 0.0, "overshoot_cost": 49.75968439939132, "power_cost": 11.801952734375, "noise_cost": 10.949684533893203, "n_waypoints_completed": 9, "tot_waypoints": 9}}
{"target": -310.51216948685516, "params": {"k_pid_pos": [1.3368390832847643, 0.4710962061431325, 0.855962508813682], "k_pid_alt": [1.142334724111482, 0.6347183200005908, 0.1], "k_pid_att": [20.0, 1.0, 0.01], "k_pid_yaw": [0.5, 1e-06, 0.1], "k_pid_hsp": [1.0, 0.01, 0.01], "k_pid_vsp": [257.9492458711449, 10.0, 1.0]}, "datetime": {"datetime": "2025-08-21 10:14:14", "elapsed": 5371.367704868317, "delta": 30.216566562652588}, "costs": {"total_cost": 310.51216948685516, "time_cost": 92.70400000000001, "final_distance_cost": 1.7259148841266818, "oscillation_cost": 135.03327892830225, "completition_cost": 0.0, "overshoot_cost": 55.357097942053485, "power_cost": 13.259990625, "noise_cost": 12.431887107372736, "n_waypoints_completed": 9, "tot_waypoints": 9}}
