{"target": -181.5958132290972, "params": {"k_pid_pos": [1.8922997940790476, 0.024859491386256316, 0.42495672118777295], "k_pid_alt": [1.85112020821355, 0.0, 0.7925958880414701], "k_pid_att": [58.989274729095186, 4.2484062323494, 0.9808211468183533], "k_pid_yaw": [0.5, 1e-06, 0.1], "k_pid_hsp": [1.606987810134683, 0.08333843891839088, 0.01], "k_pid_vsp": [110.56511661686339, 130.53254854158118, 1.0]}, "datetime": {"datetime": "2025-08-21 20:06:58", "elapsed": 40934.665717840195, "delta": 16.080792903900146}, "costs": {"total_cost": 181.5958132290972, "time_cost": 68.728, "final_distance_cost": 1.788068946640017, "oscillation_cost": 40.88145751620396, "completition_cost": 0.0, "overshoot_cost": 49.71745109993009, "power_cost": 10.276991040039062, "noise_cost": 10.203844626284042, "n_waypoints_completed": 9, "tot_waypoints": 9}}
{"target": -189.25107029903194, "params": {"k_pid_pos": [1.8922997940790476, 0.024859491386256316, 0.42495672118777295], "k_pid_alt": [0.9020104990244227, 0.0, 0.1576465649121419], "k_pid_att": [97.15749504346589, 1.1105074131954076, 0.73590781336997], "k_pid_yaw": [0.5, 1e-06, 0.1], "k_pid_hsp": [1.606987810134683, 0.45355930965991464, 0.01], "k_pid_vsp": [110.56511661686339, 118.24276490396839, 1.0]}, "datetime": {"datetime": "2025-08-21 20:07:14", "elapsed": 40951.000445604324, "delta": 16.33472776412964}, "costs": {"total_cost": 189.25107029903194, "time_cost": 70.008, "final_distance_cost": 1.8142313467985531, "oscillation_cost": 46.63806459798589, "completition_cost": 0.0, "overshoot_cost": 49.395869910398076, "power_cost": 10.881250463867188, "noise_cost": 10.513653979982259, "n_waypoints_completed": 9, "tot_waypoints": 9}}
{"target": -179.7490518752212, "params": {"k_pid_pos": [1.8922997940790476, 0.024859491386256316, 0.5271164669865139], "k_pid_alt": [1.3888149624867963, 0.0, 0.5933646034205271], "k_pid_att": [58.989274729095186, 5.859554809351448, 0.9808211468183533], "k_pid_yaw": [0.5, 1e-06, 0.1], "k_pid_hsp": [1.380453583829348, 0.08333843891839088, 0.01], "k_pid_vsp": [110.56511661686339, 130.53254854158118, 1.0]}, "datetime": {"datetime": "2025-08-21 20:07:31", "elapsed": 40967.49001908302, "delta": 16.48957347869873}, "costs": {"total_cost": 179.7490518752212, "time_cost": 69.488, "final_distance_cost": 1.8142463624027045, "oscillation_cost": 39.375795446059236, "completition_cost": 0.0, "overshoot_cost": 49.96591248246259, "power_cost": 9.398140832519532, "noise_cost": 9.706956751777138, "n_waypoints_completed": 9, "tot_waypoints": 9}}
{"target": -183.99200163616152, "params": {"k_pid_pos": [1.8922997940790476, 0.024859491386256316, 0.5271164669865139], "k_pid_alt": [1.3888149624867963, 0.0, 0.5933646034205271], "k_pid_att": [58.989274729095186, 5.859554809351448, 0.9808211468183533], "k_pid_yaw": [0.5, 1e-06, 0.1], "k_pid_hsp": [2.957956300852597, 0.08333843891839088, 0.01], "k_pid_vsp": [110.56511661686339, 130.53254854158118, 1.0]}, "datetime": {"datetime": "2025-08-21 20:07:47", "elapsed": 40984.11255121231, "delta": 16.62253212928772}, "costs": {"total_cost": 183.99200163616152, "time_cost": 69.752, "final_distance_cost": 1.8229968409356014, "oscillation_cost": 39.58079729297303, "completition_cost": 0.0, "overshoot_cost": 50.211101594202866, "power_cost": 11.64721572265625, "noise_cost": 10.97789018539375, "n_waypoints_completed": 9, "tot_waypoints": 9}}
{"target": -199.85296674138084, "params": {"k_pid_pos": [1.8922997940790476, 0.024859491386256316, 0.42495672118777295], "k_pid_alt": [1.85112020821355, 0.0, 0.74340065784831], "k_pid_att": [58.989274729095186, 5.859554809351448, 0.9808211468183533], "k_pid_yaw": [0.5, 1e-06, 0.1], "k_pid_hsp": [1.606987810134683, 0.639270375506938, 0.01], "k_pid_vsp": [110.56511661686339, 130.53254854158118, 1.0]}, "datetime": {"datetime": "2025-08-21 20:08:10", "elapsed": 41006.47003674507, "delta": 22.35748553276062}, "costs": {"total_cost": 199.85296674138084, "time_cost": 71.232, "final_distance_cost": 1.8099255650022898, "oscillation_cost": 50.183327583765596, "completition_cost": 0.0, "overshoot_cost": 49.92686786263455, "power_cost": 14.428307482910157, "noise_cost": 12.272538247068274, "n_waypoints_completed": 9, "tot_waypoints": 9}}
{"target": -190.99221133828843, "params": {"k_pid_pos": [1.8922997940790476, 0.024859491386256316, 0.6250867496839783], "k_pid_alt": [1.152369602102883, 0.0, 0.1576465649121419], "k_pid_att": [25.463483275157817, 1.1105074131954076, 0.73590781336997], "k_pid_yaw": [0.5, 1e-06, 0.1], "k_pid_hsp": [1.606987810134683, 0.411800739936948, 0.01], "k_pid_vsp": [110.56511661686339, 130.53254854158118, 1.0]}, "datetime": {"datetime": "2025-08-21 20:08:29", "elapsed": 41026.14522409439, "delta": 19.675187349319458}, "costs": {"total_cost": 190.99221133828843, "time_cost": 70.008, "final_distance_cost": 1.815902422874861, "oscillation_cost": 42.971650075844664, "completition_cost": 0.0, "overshoot_cost": 50.4238063975177, "power_cost": 13.88388826904297, "noise_cost": 11.888964173008214, "n_waypoints_completed": 9, "tot_waypoints": 9}}
{"target": -852.2596670667309, "params": {"k_pid_pos": [0.20220650108004948, 0.024859491386256316, 0.42495672118777295], "k_pid_alt": [1.85112020821355, 0.0, 0.8208956917783976], "k_pid_att": [25.463483275157817, 1.1105074131954076, 0.73590781336997], "k_pid_yaw": [0.5, 1e-06, 0.1], "k_pid_hsp": [1.606987810134683, 0.08333843891839088, 0.01], "k_pid_vsp": [110.56511661686339, 130.53254854158118, 1.0]}, "datetime": {"datetime": "2025-08-21 20:08:53", "elapsed": 41050.256434202194, "delta": 24.111210107803345}, "costs": {"total_cost": 852.2596670667309, "time_cost": 150, "final_distance_cost": 45.07657676560821, "oscillation_cost": 17.486402617319825, "completition_cost": 555.5555555555555, "overshoot_cost": 50.909332555876354, "power_cost": 18.10796124267578, "noise_cost": 15.123838329695273, "n_waypoints_completed": 4, "tot_waypoints": 9}}
{"target": -192.29050381083348, "params": {"k_pid_pos": [1.8922997940790476, 0.024859491386256316, 0.6250867496839783], "k_pid_alt": [1.1098775236402525, 0.0, 0.1576465649121419], "k_pid_att": [25.463483275157817, 1.1105074131954076, 0.73590781336997], "k_pid_yaw": [0.5, 1e-06, 0.1], "k_pid_hsp": [1.606987810134683, 0.5904477871505759, 0.01], "k_pid_vsp": [110.56511661686339, 20.252314050740118, 1.0]}, "datetime": {"datetime": "2025-08-21 20:09:10", "elapsed": 41066.93921852112, "delta": 16.68278431892395}, "costs": {"total_cost": 192.29050381083348, "time_cost": 70.0, "final_distance_cost": 1.8166458663119018, "oscillation_cost": 43.95569995043645, "completition_cost": 0.0, "overshoot_cost": 49.83514496470277, "power_cost": 14.362491088867188, "noise_cost": 12.320521940515158, "n_waypoints_completed": 9, "tot_waypoints": 9}}
{"target": -182.07171532326737, "params": {"k_pid_pos": [1.8922997940790476, 0.0822904257601288, 0.6250867496839783], "k_pid_alt": [1.9160597436741602, 0.0, 0.1576465649121419], "k_pid_att": [58.989274729095186, 5.859554809351448, 0.73590781336997], "k_pid_yaw": [0.5, 1e-06, 0.1], "k_pid_hsp": [1.606987810134683, 0.32994361413805817, 0.01], "k_pid_vsp": [110.56511661686339, 130.53254854158118, 1.0]}, "datetime": {"datetime": "2025-08-21 20:09:26", "elapsed": 41083.44781565666, "delta": 16.508597135543823}, "costs": {"total_cost": 182.07171532326737, "time_cost": 68.19200000000001, "final_distance_cost": 1.8112791138764677, "oscillation_cost": 43.78748868923842, "completition_cost": 0.0, "overshoot_cost": 50.10987350140535, "power_cost": 8.816499511718751, "noise_cost": 9.354574507028374, "n_waypoints_completed": 9, "tot_waypoints": 9}}
{"target": -1562.2431089305574, "params": {"k_pid_pos": [1.8922997940790476, 0.024859491386256316, 0.5271164669865139], "k_pid_alt": [1.7035415647774235, 0.0, 0.5933646034205271], "k_pid_att": [58.989274729095186, 9.558220849338536, 0.9808211468183533], "k_pid_yaw": [0.5, 1e-06, 0.1], "k_pid_hsp": [2.957956300852597, 0.08333843891839088, 0.01], "k_pid_vsp": [45.71204711072294, 127.91747472228406, 216.498158482474]}, "datetime": {"datetime": "2025-08-21 20:09:50", "elapsed": 41106.8799932003, "delta": 23.432177543640137}, "costs": {"total_cost": 1562.2431089305574, "time_cost": 150, "final_distance_cost": 214.76503434244245, "oscillation_cost": 34.88449574206381, "completition_cost": 888.8888888888888, "overshoot_cost": 167.2699784956348, "power_cost": 31.038666821289063, "noise_cost": 75.39604464023853, "n_waypoints_completed": 1, "tot_waypoints": 9}}
{"target": -208.91625093640658, "params": {"k_pid_pos": [1.8922997940790476, 0.024859491386256316, 0.42495672118777295], "k_pid_alt": [1.85112020821355, 0.0, 0.1576465649121419], "k_pid_att": [58.989274729095186, 5.859554809351448, 0.9808211468183533], "k_pid_yaw": [0.5, 1e-06, 0.1], "k_pid_hsp": [7.526622201336775, 0.08333843891839088, 0.01], "k_pid_vsp": [86.62925229669689, 130.53254854158118, 1.0]}, "datetime": {"datetime": "2025-08-21 20:10:07", "elapsed": 41124.356105566025, "delta": 17.476112365722656}, "costs": {"total_cost": 208.91625093640658, "time_cost": 68.952, "final_distance_cost": 1.8106662148359973, "oscillation_cost": 62.52056707532257, "completition_cost": 0.0, "overshoot_cost": 50.344600290695524, "power_cost": 13.490069409179688, "noise_cost": 11.79834794637282, "n_waypoints_completed": 9, "tot_waypoints": 9}}
{"target": -240.66822533045078, "params": {"k_pid_pos": [1.8922997940790476, 0.024859491386256316, 0.7750234245648642], "k_pid_alt": [1.85112020821355, 0.2574306951579124, 0.1576465649121419], "k_pid_att": [58.989274729095186, 5.859554809351448, 0.9808211468183533], "k_pid_yaw": [0.5, 1e-06, 0.1], "k_pid_hsp": [1.606987810134683, 0.08333843891839088, 0.01], "k_pid_vsp": [2.422256263862943, 130.53254854158118, 17.391158871452284]}, "datetime": {"datetime": "2025-08-21 20:10:27", "elapsed": 41144.09393501282, "delta": 19.737829446792603}, "costs": {"total_cost": 240.66822533045078, "time_cost": 88.92, "final_distance_cost": 1.7084099550710397, "oscillation_cost": 63.00927774798064, "completition_cost": 0.0, "overshoot_cost": 55.133840003579515, "power_cost": 18.393326672363283, "noise_cost": 13.503370951456299, "n_waypoints_completed": 9, "tot_waypoints": 9}}
{"target": -188.07173880247208, "params": {"k_pid_pos": [1.8922997940790476, 0.024859491386256316, 0.42495672118777295], "k_pid_alt": [0.9020104990244227, 0.0, 0.1576465649121419], "k_pid_att": [97.15749504346589, 1.1105074131954076, 0.73590781336997], "k_pid_yaw": [0.5, 1e-06, 0.1], "k_pid_hsp": [1.606987810134683, 0.08333843891839088, 0.01], "k_pid_vsp": [110.56511661686339, 127.91747472228406, 1.0]}, "datetime": {"datetime": "2025-08-21 20:10:45", "elapsed": 41161.86026287079, "delta": 17.76632785797119}, "costs": {"total_cost": 188.07173880247208, "time_cost": 70.34400000000001, "final_distance_cost": 1.8088663309847985, "oscillation_cost": 41.04251817787784, "completition_cost": 0.0, "overshoot_cost": 50.10499024135191, "power_cost": 12.951516088867189, "noise_cost": 11.819847963390345, "n_waypoints_completed": 9, "tot_waypoints": 9}}
{"target": -199.43840033842147, "params": {"k_pid_pos": [1.8922997940790476, 0.43727115131929417, 0.5271164669865139], "k_pid_alt": [1.7035415647774235, 0.0, 0.6182064035467875], "k_pid_att": [58.989274729095186, 5.859554809351448, 0.9808211468183533], "k_pid_yaw": [0.5, 1e-06, 0.1], "k_pid_hsp": [2.957956300852597, 0.08333843891839088, 0.01], "k_pid_vsp": [110.56511661686339, 130.53254854158118, 1.0]}, "datetime": {"datetime": "2025-08-21 20:11:02", "elapsed": 41179.24863243103, "delta": 17.3883695602417}, "costs": {"total_cost": 199.43840033842147, "time_cost": 74.888, "final_distance_cost": 1.7670630561251441, "oscillation_cost": 39.09122789165635, "completition_cost": 0.0, "overshoot_cost": 51.53893437927062, "power_cost": 17.776733850097656, "noise_cost": 14.376441161271703, "n_waypoints_completed": 9, "tot_waypoints": 9}}
{"target": -192.06955381857867, "params": {"k_pid_pos": [1.8922997940790476, 0.024859491386256316, 0.42495672118777295], "k_pid_alt": [1.85112020821355, 0.0, 0.1576465649121419], "k_pid_att": [23.08752834258585, 4.077532668255645, 0.9808211468183533], "k_pid_yaw": [0.5, 1e-06, 0.1], "k_pid_hsp": [1.606987810134683, 0.08333843891839088, 0.01], "k_pid_vsp": [110.56511661686339, 130.53254854158118, 1.0]}, "datetime": {"datetime": "2025-08-21 20:11:19", "elapsed": 41196.19934773445, "delta": 16.95071530342102}, "costs": {"total_cost": 192.06955381857867, "time_cost": 69.88, "final_distance_cost": 1.7961819466449613, "oscillation_cost": 41.56046145360155, "completition_cost": 0.0, "overshoot_cost": 50.77542566006583, "power_cost": 15.363305932617187, "noise_cost": 12.694178825649155, "n_waypoints_completed": 9, "tot_waypoints": 9}}
{"target": -180.48732306715797, "params": {"k_pid_pos": [1.8922997940790476, 0.024859491386256316, 0.42495672118777295], "k_pid_alt": [1.85112020821355, 0.0, 0.1576465649121419], "k_pid_att": [25.463483275157817, 1.1105074131954076, 0.73590781336997], "k_pid_yaw": [0.5, 1e-06, 0.1], "k_pid_hsp": [1.606987810134683, 0.08333843891839088, 0.01], "k_pid_vsp": [110.56511661686339, 130.53254854158118, 1.0]}, "datetime": {"datetime": "2025-08-21 20:11:36", "elapsed": 41212.99881029129, "delta": 16.79946255683899}, "costs": {"total_cost": 180.48732306715797, "time_cost": 67.768, "final_distance_cost": 1.795575787262056, "oscillation_cost": 40.5694255427887, "completition_cost": 0.0, "overshoot_cost": 49.901343774475045, "power_cost": 10.303854638671876, "noise_cost": 10.149123323960318, "n_waypoints_completed": 9, "tot_waypoints": 9}}
{"target": -182.53647003111658, "params": {"k_pid_pos": [1.8922997940790476, 0.024859491386256316, 0.5271164669865139], "k_pid_alt": [1.3888149624867963, 0.0, 0.5933646034205271], "k_pid_att": [58.989274729095186, 5.859554809351448, 0.9808211468183533], "k_pid_yaw": [0.5, 1e-06, 0.1], "k_pid_hsp": [1.380453583829348, 0.08333843891839088, 0.01], "k_pid_vsp": [110.56511661686339, 130.53254854158118, 1.0]}, "datetime": {"datetime": "2025-08-21 20:11:52", "elapsed": 41229.078181028366, "delta": 16.079370737075806}, "costs": {"total_cost": 182.53647003111658, "time_cost": 69.70400000000001, "final_distance_cost": 1.7916423109613857, "oscillation_cost": 36.90074306921025, "completition_cost": 0.0, "overshoot_cost": 49.848829661176524, "power_cost": 12.749103295898438, "noise_cost": 11.542151693869974, "n_waypoints_completed": 9, "tot_waypoints": 9}}
{"target": -246.0524761532969, "params": {"k_pid_pos": [1.8922997940790476, 0.024859491386256316, 0.42495672118777295], "k_pid_alt": [1.85112020821355, 0.0, 0.1576465649121419], "k_pid_att": [23.08752834258585, 4.077532668255645, 0.9808211468183533], "k_pid_yaw": [0.5, 1e-06, 0.1], "k_pid_hsp": [1.606987810134683, 0.08333843891839088, 0.01], "k_pid_vsp": [110.56511661686339, 130.53254854158118, 1.0]}, "datetime": {"datetime": "2025-08-21 20:12:15", "elapsed": 41251.59807872772, "delta": 22.51989769935608}, "costs": {"total_cost": 246.0524761532969, "time_cost": 90.04, "final_distance_cost": 1.7940058798596812, "oscillation_cost": 43.20788876282539, "completition_cost": 0.0, "overshoot_cost": 63.39351886442061, "power_cost": 22.542194287109375, "noise_cost": 25.07486835908187, "n_waypoints_completed": 9, "tot_waypoints": 9}}
{"target": -1677.1494681480533, "params": {"k_pid_pos": [1.8922997940790476, 0.024859491386256316, 0.42495672118777295], "k_pid_alt": [0.019546390430125626, 0.0, 0.1576465649121419], "k_pid_att": [23.08752834258585, 4.077532668255645, 0.9808211468183533], "k_pid_yaw": [0.5, 1e-06, 0.1], "k_pid_hsp": [1.606987810134683, 0.08333843891839088, 0.7413381919183852], "k_pid_vsp": [110.56511661686339, 130.53254854158118, 1.0]}, "datetime": {"datetime": "2025-08-21 20:12:39", "elapsed": 41275.89304304123, "delta": 24.29496431350708}, "costs": {"total_cost": 1677.1494681480533, "time_cost": 150, "final_distance_cost": 37.40198115903933, "oscillation_cost": 388.66330469764927, "completition_cost": 1000.0, "overshoot_cost": 64.14883674750949, "power_cost": 19.910123657226563, "noise_cost": 17.02522188662879, "n_waypoints_completed": 0, "tot_waypoints": 9}}
{"target": -176.86532051613446, "params": {"k_pid_pos": [1.8922997940790476, 0.024859491386256316, 0.42495672118777295], "k_pid_alt": [1.85112020821355, 0.0, 0.7925958880414701], "k_pid_att": [58.989274729095186, 4.2484062323494, 0.9808211468183533], "k_pid_yaw": [0.5, 1e-06, 0.1], "k_pid_hsp": [1.606987810134683, 0.08333843891839088, 0.01], "k_pid_vsp": [110.56511661686339, 130.53254854158118, 1.0]}, "datetime": {"datetime": "2025-08-21 20:12:55", "elapsed": 41291.70820093155, "delta": 15.815157890319824}, "costs": {"total_cost": 176.86532051613446, "time_cost": 68.592, "final_distance_cost": 1.7772259513124729, "oscillation_cost": 40.671295591184936, "completition_cost": 0.0, "overshoot_cost": 49.11154989723893, "power_cost": 7.908960180664063, "noise_cost": 8.804288895734057, "n_waypoints_completed": 9, "tot_waypoints": 9}}
{"target": -194.8523244528744, "params": {"k_pid_pos": [1.8922997940790476, 0.024859491386256316, 0.5271164669865139], "k_pid_alt": [0.8737548644081292, 0.0, 0.7925958880414701], "k_pid_att": [58.989274729095186, 4.2484062323494, 0.9808211468183533], "k_pid_yaw": [0.5, 1e-06, 0.1], "k_pid_hsp": [1.606987810134683, 0.08333843891839088, 0.01], "k_pid_vsp": [110.56511661686339, 130.53254854158118, 1.0]}, "datetime": {"datetime": "2025-08-21 20:13:13", "elapsed": 41310.223937511444, "delta": 18.51573657989502}, "costs": {"total_cost": 194.8523244528744, "time_cost": 76.504, "final_distance_cost": 1.864404675996166, "oscillation_cost": 41.47362914924942, "completition_cost": 0.0, "overshoot_cost": 50.47645252586685, "power_cost": 12.759422204589844, "noise_cost": 11.774415897172128, "n_waypoints_completed": 9, "tot_waypoints": 9}}
{"target": -190.97013460833867, "params": {"k_pid_pos": [1.8922997940790476, 0.024859491386256316, 0.19730102139317784], "k_pid_alt": [1.3888149624867963, 0.0, 0.5933646034205271], "k_pid_att": [58.989274729095186, 1.2169696906303682, 0.9808211468183533], "k_pid_yaw": [0.5, 1e-06, 0.1], "k_pid_hsp": [2.957956300852597, 0.08333843891839088, 0.01], "k_pid_vsp": [103.0527854068954, 130.53254854158118, 1.0]}, "datetime": {"datetime": "2025-08-21 20:13:30", "elapsed": 41327.02299141884, "delta": 16.79905390739441}, "costs": {"total_cost": 190.97013460833867, "time_cost": 70.792, "final_distance_cost": 1.758343925055207, "oscillation_cost": 38.965204371819475, "completition_cost": 0.0, "overshoot_cost": 51.045139310984425, "power_cost": 15.576788330078125, "noise_cost": 12.832658670401427, "n_waypoints_completed": 9, "tot_waypoints": 9}}
{"target": -327.59886134407844, "params": {"k_pid_pos": [1.8922997940790476, 0.024859491386256316, 0.2965273827285604], "k_pid_alt": [1.3888149624867963, 0.0, 0.5933646034205271], "k_pid_att": [58.989274729095186, 5.859554809351448, 0.9808211468183533], "k_pid_yaw": [0.5, 1e-06, 0.1], "k_pid_hsp": [1.380453583829348, 0.08333843891839088, 0.9878960836656094], "k_pid_vsp": [110.56511661686339, 130.53254854158118, 1.0]}, "datetime": {"datetime": "2025-08-21 20:13:49", "elapsed": 41345.596373319626, "delta": 18.573381900787354}, "costs": {"total_cost": 327.59886134407844, "time_cost": 78.08, "final_distance_cost": 1.7595391668444513, "oscillation_cost": 168.24845603612272, "completition_cost": 0.0, "overshoot_cost": 52.472914779371806, "power_cost": 14.547937841796875, "noise_cost": 12.490013519942652, "n_waypoints_completed": 9, "tot_waypoints": 9}}
{"target": -278.0562898695554, "params": {"k_pid_pos": [0.36350179529433674, 0.43727115131929417, 0.5271164669865139], "k_pid_alt": [1.7035415647774235, 0.0, 0.6182064035467875], "k_pid_att": [58.989274729095186, 5.859554809351448, 0.9808211468183533], "k_pid_yaw": [0.5, 1e-06, 0.1], "k_pid_hsp": [2.957956300852597, 0.08333843891839088, 0.01], "k_pid_vsp": [1.3827598142708286, 130.53254854158118, 1.0]}, "datetime": {"datetime": "2025-08-21 20:14:11", "elapsed": 41368.39652681351, "delta": 22.800153493881226}, "costs": {"total_cost": 278.0562898695554, "time_cost": 96.528, "final_distance_cost": 1.824106333282532, "oscillation_cost": 89.00592997509199, "completition_cost": 0.0, "overshoot_cost": 55.287967327489426, "power_cost": 20.41233975830078, "noise_cost": 14.997946475390673, "n_waypoints_completed": 9, "tot_waypoints": 9}}
{"target": -190.5738761920751, "params": {"k_pid_pos": [1.8922997940790476, 0.0822904257601288, 0.6250867496839783], "k_pid_alt": [1.9160597436741602, 0.0, 0.1576465649121419], "k_pid_att": [58.989274729095186, 5.859554809351448, 0.73590781336997], "k_pid_yaw": [0.5, 1e-06, 0.1], "k_pid_hsp": [1.606987810134683, 0.32994361413805817, 0.01], "k_pid_vsp": [110.56511661686339, 130.53254854158118, 1.0]}, "datetime": {"datetime": "2025-08-21 20:14:28", "elapsed": 41384.9799888134, "delta": 16.58346199989319}, "costs": {"total_cost": 190.5738761920751, "time_cost": 69.672, "final_distance_cost": 1.8155563820013805, "oscillation_cost": 42.3781567650673, "completition_cost": 0.0, "overshoot_cost": 50.390974776888136, "power_cost": 14.12932216796875, "noise_cost": 12.18786610014952, "n_waypoints_completed": 9, "tot_waypoints": 9}}
{"target": -186.03468438378022, "params": {"k_pid_pos": [1.8922997940790476, 0.024859491386256316, 0.42495672118777295], "k_pid_alt": [0.9020104990244227, 0.0, 0.1576465649121419], "k_pid_att": [97.15749504346589, 5.894529415990727, 0.73590781336997], "k_pid_yaw": [0.5, 1e-06, 0.1], "k_pid_hsp": [1.606987810134683, 0.08333843891839088, 0.01], "k_pid_vsp": [110.56511661686339, 130.53254854158118, 1.0]}, "datetime": {"datetime": "2025-08-21 20:14:45", "elapsed": 41402.22987318039, "delta": 17.249884366989136}, "costs": {"total_cost": 186.03468438378022, "time_cost": 69.928, "final_distance_cost": 1.7848672437257607, "oscillation_cost": 42.525505615892826, "completition_cost": 0.0, "overshoot_cost": 49.75543847105013, "power_cost": 11.255410205078126, "noise_cost": 10.785462848033378, "n_waypoints_completed": 9, "tot_waypoints": 9}}
