{"target": -190.4642454190811, "params": {"k_pid_pos": [0.9943435690872942, 0.024859491386256316, 0.5451532445046304], "k_pid_alt": [1.6319753356852484, 0.0, 0.15791560522360282], "k_pid_att": [58.989274729095186, 1.3487538446628486, 0.73590781336997], "k_pid_yaw": [0.5, 1e-06, 0.1], "k_pid_hsp": [1.606987810134683, 0.1531003758033771, 0.01], "k_pid_vsp": [110.56511661686339, 59.083466427248936, 1.0]}, "datetime": {"datetime": "2025-08-21 17:07:33", "elapsed": 30170.044945955276, "delta": 17.09867262840271}, "costs": {"total_cost": 190.4642454190811, "time_cost": 74.672, "final_distance_cost": 1.8452485805410086, "oscillation_cost": 41.90954114870264, "completition_cost": 0.0, "overshoot_cost": 50.16458690270603, "power_cost": 10.401323046875001, "noise_cost": 11.47154574025644, "n_waypoints_completed": 9, "tot_waypoints": 9}}
{"target": -185.67005533288219, "params": {"k_pid_pos": [1.7041340386651447, 0.024859491386256316, 0.6354931049670316], "k_pid_alt": [1.6319753356852484, 0.0, 0.15791560522360282], "k_pid_att": [58.989274729095186, 7.284845820832624, 0.73590781336997], "k_pid_yaw": [0.5, 1e-06, 0.1], "k_pid_hsp": [1.606987810134683, 0.1531003758033771, 0.01], "k_pid_vsp": [110.56511661686339, 59.083466427248936, 1.0]}, "datetime": {"datetime": "2025-08-21 17:07:49", "elapsed": 30186.215085744858, "delta": 16.1701397895813}, "costs": {"total_cost": 185.67005533288219, "time_cost": 69.248, "final_distance_cost": 1.846372624412147, "oscillation_cost": 41.82937758858381, "completition_cost": 0.0, "overshoot_cost": 49.970527774324154, "power_cost": 11.591489794921875, "noise_cost": 11.184287550640232, "n_waypoints_completed": 9, "tot_waypoints": 9}}
{"target": -195.81043384279252, "params": {"k_pid_pos": [1.7041340386651447, 0.024859491386256316, 0.3434561031905483], "k_pid_alt": [1.6319753356852484, 0.0, 0.1576465649121419], "k_pid_att": [58.989274729095186, 5.859554809351448, 0.4365886483026923], "k_pid_yaw": [0.5, 1e-06, 0.1], "k_pid_hsp": [4.621073833533259, 0.1531003758033771, 0.01], "k_pid_vsp": [110.56511661686339, 59.083466427248936, 1.0]}, "datetime": {"datetime": "2025-08-21 17:08:06", "elapsed": 30202.70817756653, "delta": 16.493091821670532}, "costs": {"total_cost": 195.81043384279252, "time_cost": 68.60000000000001, "final_distance_cost": 1.789329700201553, "oscillation_cost": 55.31119179568354, "completition_cost": 0.0, "overshoot_cost": 50.07715420852003, "power_cost": 9.904457043457032, "noise_cost": 10.128301094930366, "n_waypoints_completed": 9, "tot_waypoints": 9}}
{"target": -184.22492177098806, "params": {"k_pid_pos": [1.8034346552870686, 0.08087462101852438, 0.6250867496839783], "k_pid_alt": [1.1098775236402525, 0.0, 0.1576465649121419], "k_pid_att": [58.989274729095186, 7.284845820832624, 0.73590781336997], "k_pid_yaw": [0.5, 1e-06, 0.1], "k_pid_hsp": [1.606987810134683, 0.1531003758033771, 0.01], "k_pid_vsp": [110.56511661686339, 59.083466427248936, 1.0]}, "datetime": {"datetime": "2025-08-21 17:08:22", "elapsed": 30218.484544038773, "delta": 15.776366472244263}, "costs": {"total_cost": 184.22492177098806, "time_cost": 69.70400000000001, "final_distance_cost": 1.8245840291241526, "oscillation_cost": 39.25957094818165, "completition_cost": 0.0, "overshoot_cost": 49.93490479874593, "power_cost": 12.181531213378907, "noise_cost": 11.3203307815574, "n_waypoints_completed": 9, "tot_waypoints": 9}}
{"target": -183.9902201688802, "params": {"k_pid_pos": [1.8034346552870686, 0.08087462101852438, 0.8020463410107419], "k_pid_alt": [1.6718174236541343, 0.0, 0.6683949116493773], "k_pid_att": [83.24205936752172, 5.859554809351448, 0.7033874038379369], "k_pid_yaw": [0.5, 1e-06, 0.1], "k_pid_hsp": [1.606987810134683, 0.11140066133917204, 0.01], "k_pid_vsp": [29.96849041048857, 58.47483401410723, 1.0]}, "datetime": {"datetime": "2025-08-21 17:08:39", "elapsed": 30235.57297563553, "delta": 17.08843159675598}, "costs": {"total_cost": 183.9902201688802, "time_cost": 70.256, "final_distance_cost": 1.8472595683393873, "oscillation_cost": 37.93861292095059, "completition_cost": 0.0, "overshoot_cost": 49.9915035180322, "power_cost": 12.392108825683595, "noise_cost": 11.564735335874424, "n_waypoints_completed": 9, "tot_waypoints": 9}}
{"target": -185.56220486732178, "params": {"k_pid_pos": [1.8922997940790476, 0.024859491386256316, 0.6250867496839783], "k_pid_alt": [1.6319753356852484, 0.0, 0.1576465649121419], "k_pid_att": [58.989274729095186, 7.262158112886176, 0.73590781336997], "k_pid_yaw": [0.5, 1e-06, 0.1], "k_pid_hsp": [1.606987810134683, 0.1531003758033771, 0.01], "k_pid_vsp": [110.56511661686339, 59.083466427248936, 1.0]}, "datetime": {"datetime": "2025-08-21 17:08:54", "elapsed": 30250.961512565613, "delta": 15.388536930084229}, "costs": {"total_cost": 185.56220486732178, "time_cost": 69.136, "final_distance_cost": 1.8316183477245944, "oscillation_cost": 39.005945193837626, "completition_cost": 0.0, "overshoot_cost": 50.16347503315923, "power_cost": 13.376564868164063, "noise_cost": 12.04860142443629, "n_waypoints_completed": 9, "tot_waypoints": 9}}
{"target": -217.89516323890714, "params": {"k_pid_pos": [1.7041340386651447, 0.08087462101852438, 0.6250867496839783], "k_pid_alt": [1.5344120537351553, 0.0, 0.45660459018404764], "k_pid_att": [58.989274729095186, 5.859554809351448, 0.73590781336997], "k_pid_yaw": [0.5, 1e-06, 0.1], "k_pid_hsp": [1.606987810134683, 0.1531003758033771, 0.02241598606202988], "k_pid_vsp": [110.56511661686339, 59.083466427248936, 1.0]}, "datetime": {"datetime": "2025-08-21 17:09:12", "elapsed": 30269.40801858902, "delta": 18.446506023406982}, "costs": {"total_cost": 217.89516323890714, "time_cost": 77.88, "final_distance_cost": 1.8253755157545675, "oscillation_cost": 54.46163979631825, "completition_cost": 0.0, "overshoot_cost": 51.31664259963012, "power_cost": 17.818863183593752, "noise_cost": 14.592642143610469, "n_waypoints_completed": 9, "tot_waypoints": 9}}
{"target": -187.91848753574197, "params": {"k_pid_pos": [1.8034346552870686, 0.024859491386256316, 0.6354931049670316], "k_pid_alt": [1.6319753356852484, 0.0, 0.15791560522360282], "k_pid_att": [58.989274729095186, 7.284845820832624, 0.73590781336997], "k_pid_yaw": [0.5, 1e-06, 0.1], "k_pid_hsp": [1.606987810134683, 0.1531003758033771, 0.01], "k_pid_vsp": [110.56511661686339, 59.083466427248936, 1.0]}, "datetime": {"datetime": "2025-08-21 17:09:29", "elapsed": 30286.26849603653, "delta": 16.860477447509766}, "costs": {"total_cost": 187.91848753574197, "time_cost": 69.432, "final_distance_cost": 1.8415893915923913, "oscillation_cost": 38.368578083422996, "completition_cost": 0.0, "overshoot_cost": 50.446292424666424, "power_cost": 15.063305895996095, "noise_cost": 12.76672174006405, "n_waypoints_completed": 9, "tot_waypoints": 9}}
{"target": -901.4753662903745, "params": {"k_pid_pos": [1.7041340386651447, 0.024859491386256316, 0.3434561031905483], "k_pid_alt": [1.6319753356852484, 0.0, 0.15791560522360282], "k_pid_att": [58.989274729095186, 7.284845820832624, 0.73590781336997], "k_pid_yaw": [0.5, 1e-06, 0.1], "k_pid_hsp": [1.606987810134683, 0.1531003758033771, 0.01], "k_pid_vsp": [110.56511661686339, 59.083466427248936, 131.41505140227758]}, "datetime": {"datetime": "2025-08-21 17:09:53", "elapsed": 30310.11893057823, "delta": 23.85043454170227}, "costs": {"total_cost": 901.4753662903745, "time_cost": 150, "final_distance_cost": 37.78979806157118, "oscillation_cost": 50.302399997445896, "completition_cost": 555.5555555555555, "overshoot_cost": 71.41824267087159, "power_cost": 18.661319372558594, "noise_cost": 17.748050632371672, "n_waypoints_completed": 4, "tot_waypoints": 9}}
{"target": -192.6820324158114, "params": {"k_pid_pos": [1.8034346552870686, 0.24048525617886174, 0.6250867496839783], "k_pid_alt": [1.1098775236402525, 0.0, 0.1576465649121419], "k_pid_att": [58.989274729095186, 7.284845820832624, 0.73590781336997], "k_pid_yaw": [0.5, 1e-06, 0.1], "k_pid_hsp": [1.606987810134683, 0.1531003758033771, 0.01], "k_pid_vsp": [110.56511661686339, 59.083466427248936, 1.0]}, "datetime": {"datetime": "2025-08-21 17:10:11", "elapsed": 30327.785516262054, "delta": 17.666585683822632}, "costs": {"total_cost": 192.6820324158114, "time_cost": 73.60000000000001, "final_distance_cost": 1.781381187851239, "oscillation_cost": 41.874080106702024, "completition_cost": 0.0, "overshoot_cost": 51.15640240955606, "power_cost": 12.529366308593751, "noise_cost": 11.740802403108313, "n_waypoints_completed": 9, "tot_waypoints": 9}}
{"target": -191.75910858420264, "params": {"k_pid_pos": [1.8034346552870686, 0.08087462101852438, 0.6250867496839783], "k_pid_alt": [1.1098775236402525, 0.0, 0.1576465649121419], "k_pid_att": [11.329609997636037, 6.043751783864618, 0.73590781336997], "k_pid_yaw": [0.5, 1e-06, 0.1], "k_pid_hsp": [1.606987810134683, 0.1531003758033771, 0.01], "k_pid_vsp": [110.56511661686339, 59.083466427248936, 1.0]}, "datetime": {"datetime": "2025-08-21 17:10:28", "elapsed": 30345.238666057587, "delta": 17.453149795532227}, "costs": {"total_cost": 191.75910858420264, "time_cost": 71.272, "final_distance_cost": 1.8320695330807744, "oscillation_cost": 44.459521230505025, "completition_cost": 0.0, "overshoot_cost": 49.74716419508971, "power_cost": 12.916020764160157, "noise_cost": 11.53233286136697, "n_waypoints_completed": 9, "tot_waypoints": 9}}
{"target": -266.08668933636034, "params": {"k_pid_pos": [1.8922997940790476, 0.024859491386256316, 0.2540515360115351], "k_pid_alt": [1.6319753356852484, 0.0, 0.1576465649121419], "k_pid_att": [58.989274729095186, 7.600654384749983, 0.73590781336997], "k_pid_yaw": [0.5, 1e-06, 0.1], "k_pid_hsp": [1.9715787190781768, 0.1531003758033771, 0.1746356563161473], "k_pid_vsp": [292.5473338247507, 59.083466427248936, 1.0]}, "datetime": {"datetime": "2025-08-21 17:10:44", "elapsed": 30361.143874645233, "delta": 15.905208587646484}, "costs": {"total_cost": 266.08668933636034, "time_cost": 69.8, "final_distance_cost": 1.7353794579188193, "oscillation_cost": 113.51331566776128, "completition_cost": 0.0, "overshoot_cost": 51.560830023498745, "power_cost": 16.38098975830078, "noise_cost": 13.096174428880724, "n_waypoints_completed": 9, "tot_waypoints": 9}}
{"target": -190.78887014366762, "params": {"k_pid_pos": [0.9943435690872942, 0.024859491386256316, 0.5451532445046304], "k_pid_alt": [1.6319753356852484, 0.0, 0.15791560522360282], "k_pid_att": [58.989274729095186, 1.3487538446628486, 0.73590781336997], "k_pid_yaw": [0.5, 1e-06, 0.1], "k_pid_hsp": [1.606987810134683, 0.1531003758033771, 0.01], "k_pid_vsp": [110.56511661686339, 59.083466427248936, 1.0]}, "datetime": {"datetime": "2025-08-21 17:11:02", "elapsed": 30378.889538288116, "delta": 17.7456636428833}, "costs": {"total_cost": 190.78887014366762, "time_cost": 74.32000000000001, "final_distance_cost": 1.8494902559216022, "oscillation_cost": 42.63381695090672, "completition_cost": 0.0, "overshoot_cost": 49.93760066269633, "power_cost": 10.765784582519531, "noise_cost": 11.282177691623417, "n_waypoints_completed": 9, "tot_waypoints": 9}}
{"target": -183.57235528020834, "params": {"k_pid_pos": [1.8811307174574419, 0.024859491386256316, 0.6250867496839783], "k_pid_alt": [1.6319753356852484, 0.0, 0.1576465649121419], "k_pid_att": [68.93098199109546, 5.859554809351448, 0.73590781336997], "k_pid_yaw": [0.5, 1e-06, 0.1], "k_pid_hsp": [1.606987810134683, 0.1531003758033771, 0.01], "k_pid_vsp": [110.56511661686339, 59.083466427248936, 1.0]}, "datetime": {"datetime": "2025-08-21 17:11:18", "elapsed": 30394.559366226196, "delta": 15.669827938079834}, "costs": {"total_cost": 183.57235528020834, "time_cost": 68.76, "final_distance_cost": 1.8398162603951709, "oscillation_cost": 39.90961136034041, "completition_cost": 0.0, "overshoot_cost": 50.09282995554427, "power_cost": 11.826510949707032, "noise_cost": 11.14358675422146, "n_waypoints_completed": 9, "tot_waypoints": 9}}
{"target": -206.13383384648128, "params": {"k_pid_pos": [1.8034346552870686, 0.08087462101852438, 0.6250867496839783], "k_pid_alt": [1.6319753356852484, 0.34524295845856323, 0.1576465649121419], "k_pid_att": [58.989274729095186, 5.859554809351448, 0.73590781336997], "k_pid_yaw": [0.5, 1e-06, 0.1], "k_pid_hsp": [1.606987810134683, 0.1531003758033771, 0.01], "k_pid_vsp": [110.56511661686339, 59.083466427248936, 1.0]}, "datetime": {"datetime": "2025-08-21 17:11:37", "elapsed": 30413.54881620407, "delta": 18.989449977874756}, "costs": {"total_cost": 206.13383384648128, "time_cost": 79.84, "final_distance_cost": 1.8025402524791627, "oscillation_cost": 55.89503930933414, "completition_cost": 0.0, "overshoot_cost": 50.894304413759826, "power_cost": 8.489563732910156, "noise_cost": 9.212386137998031, "n_waypoints_completed": 9, "tot_waypoints": 9}}
{"target": -1127.274539714685, "params": {"k_pid_pos": [1.8922997940790476, 0.024859491386256316, 0.6250867496839783], "k_pid_alt": [0.9229830459671018, 0.0, 0.1576465649121419], "k_pid_att": [58.989274729095186, 5.859554809351448, 0.73590781336997], "k_pid_yaw": [0.5, 1e-06, 0.1], "k_pid_hsp": [1.606987810134683, 0.1531003758033771, 0.01], "k_pid_vsp": [110.56511661686339, 59.083466427248936, 106.04500360064405]}, "datetime": {"datetime": "2025-08-21 17:12:01", "elapsed": 30438.286794662476, "delta": 24.73797845840454}, "costs": {"total_cost": 1127.274539714685, "time_cost": 150, "final_distance_cost": 85.8013746589911, "oscillation_cost": 35.30500456602128, "completition_cost": 777.7777777777778, "overshoot_cost": 28.77209526849766, "power_cost": 29.498686169433594, "noise_cost": 20.11960127396366, "n_waypoints_completed": 2, "tot_waypoints": 9}}
{"target": -481.3908535167099, "params": {"k_pid_pos": [1.5538661872642425, 0.08087462101852438, 0.6250867496839783], "k_pid_alt": [1.1098775236402525, 0.0, 0.1576465649121419], "k_pid_att": [58.989274729095186, 7.284845820832624, 0.73590781336997], "k_pid_yaw": [0.5, 1e-06, 0.1], "k_pid_hsp": [1.606987810134683, 0.1531003758033771, 0.9183446933032423], "k_pid_vsp": [110.56511661686339, 58.47483401410723, 1.0]}, "datetime": {"datetime": "2025-08-21 17:12:23", "elapsed": 30460.29477763176, "delta": 22.007982969284058}, "costs": {"total_cost": 481.3908535167099, "time_cost": 96.48, "final_distance_cost": 1.7498501324973745, "oscillation_cost": 286.2551731717058, "completition_cost": 0.0, "overshoot_cost": 58.26871291567598, "power_cost": 21.310887915039064, "noise_cost": 17.326229381791666, "n_waypoints_completed": 9, "tot_waypoints": 9}}
{"target": -216.5377301801934, "params": {"k_pid_pos": [1.8034346552870686, 0.08087462101852438, 0.264408165061339], "k_pid_alt": [1.6319753356852484, 0.0, 0.1576465649121419], "k_pid_att": [11.391637031113255, 5.859554809351448, 0.73590781336997], "k_pid_yaw": [0.5, 1e-06, 0.1], "k_pid_hsp": [1.606987810134683, 0.1531003758033771, 0.01], "k_pid_vsp": [174.90950217371815, 59.083466427248936, 1.0]}, "datetime": {"datetime": "2025-08-21 17:12:41", "elapsed": 30477.70924949646, "delta": 17.414471864700317}, "costs": {"total_cost": 216.5377301801934, "time_cost": 75.72, "final_distance_cost": 1.7870397363662223, "oscillation_cost": 48.78497042763015, "completition_cost": 0.0, "overshoot_cost": 54.091036915450225, "power_cost": 20.532204907226564, "noise_cost": 15.622478193520237, "n_waypoints_completed": 9, "tot_waypoints": 9}}
{"target": -189.13974002781055, "params": {"k_pid_pos": [1.8922997940790476, 0.024859491386256316, 0.8020463410107419], "k_pid_alt": [1.6319753356852484, 0.0, 0.9777221835916994], "k_pid_att": [58.989274729095186, 5.859554809351448, 0.73590781336997], "k_pid_yaw": [0.5, 1e-06, 0.1], "k_pid_hsp": [1.606987810134683, 0.30538356757589824, 0.01], "k_pid_vsp": [110.56511661686339, 59.083466427248936, 1.0]}, "datetime": {"datetime": "2025-08-21 17:12:58", "elapsed": 30494.740493297577, "delta": 17.031243801116943}, "costs": {"total_cost": 189.13974002781055, "time_cost": 71.008, "final_distance_cost": 1.8424119215718298, "oscillation_cost": 39.86289748126932, "completition_cost": 0.0, "overshoot_cost": 50.38328300350859, "power_cost": 13.805118176269533, "noise_cost": 12.238029445191293, "n_waypoints_completed": 9, "tot_waypoints": 9}}
{"target": -188.3540926423361, "params": {"k_pid_pos": [1.7041340386651447, 0.024859491386256316, 0.6354931049670316], "k_pid_alt": [1.6319753356852484, 0.0, 0.15791560522360282], "k_pid_att": [58.989274729095186, 7.284845820832624, 0.73590781336997], "k_pid_yaw": [0.5, 1e-06, 0.1], "k_pid_hsp": [1.606987810134683, 0.1531003758033771, 0.01], "k_pid_vsp": [110.56511661686339, 59.083466427248936, 1.0]}, "datetime": {"datetime": "2025-08-21 17:13:13", "elapsed": 30510.44133234024, "delta": 15.700839042663574}, "costs": {"total_cost": 188.3540926423361, "time_cost": 69.48, "final_distance_cost": 1.8438174529703437, "oscillation_cost": 39.42070817452243, "completition_cost": 0.0, "overshoot_cost": 50.73480133684023, "power_cost": 14.340892895507814, "noise_cost": 12.533872782495276, "n_waypoints_completed": 9, "tot_waypoints": 9}}
{"target": -185.66213713224099, "params": {"k_pid_pos": [1.8922997940790476, 0.024859491386256316, 0.6250867496839783], "k_pid_alt": [1.6319753356852484, 0.0, 0.1576465649121419], "k_pid_att": [58.989274729095186, 5.859554809351448, 0.73590781336997], "k_pid_yaw": [0.5, 1e-06, 0.1], "k_pid_hsp": [1.606987810134683, 0.1531003758033771, 0.01], "k_pid_vsp": [110.56511661686339, 59.083466427248936, 1.0]}, "datetime": {"datetime": "2025-08-21 17:13:32", "elapsed": 30528.68772983551, "delta": 18.246397495269775}, "costs": {"total_cost": 185.66213713224099, "time_cost": 69.08, "final_distance_cost": 1.8155927434758234, "oscillation_cost": 39.220846244299196, "completition_cost": 0.0, "overshoot_cost": 49.95895905214405, "power_cost": 13.633587658691408, "noise_cost": 11.953151433630513, "n_waypoints_completed": 9, "tot_waypoints": 9}}
{"target": -189.2207824999526, "params": {"k_pid_pos": [1.8922997940790476, 0.024859491386256316, 0.6250867496839783], "k_pid_alt": [1.6319753356852484, 0.0, 0.1576465649121419], "k_pid_att": [58.989274729095186, 7.262158112886176, 0.73590781336997], "k_pid_yaw": [0.5, 1e-06, 0.1], "k_pid_hsp": [1.606987810134683, 0.3095743154041969, 0.01], "k_pid_vsp": [110.56511661686339, 6.65134314787687, 1.0]}, "datetime": {"datetime": "2025-08-21 17:13:48", "elapsed": 30544.62532877922, "delta": 15.937598943710327}, "costs": {"total_cost": 189.2207824999526, "time_cost": 69.88, "final_distance_cost": 1.824170400326523, "oscillation_cost": 40.678868394962144, "completition_cost": 0.0, "overshoot_cost": 50.69388180309651, "power_cost": 13.743250219726564, "noise_cost": 12.400611681840882, "n_waypoints_completed": 9, "tot_waypoints": 9}}
{"target": -185.03631981009798, "params": {"k_pid_pos": [1.7041340386651447, 0.024859491386256316, 0.3434561031905483], "k_pid_alt": [1.6319753356852484, 0.0, 0.15791560522360282], "k_pid_att": [58.989274729095186, 7.284845820832624, 0.73590781336997], "k_pid_yaw": [0.5, 1e-06, 0.1], "k_pid_hsp": [1.606987810134683, 0.1531003758033771, 0.01], "k_pid_vsp": [110.56511661686339, 59.083466427248936, 1.0]}, "datetime": {"datetime": "2025-08-21 17:14:05", "elapsed": 30561.631494522095, "delta": 17.006165742874146}, "costs": {"total_cost": 185.03631981009798, "time_cost": 68.768, "final_distance_cost": 1.7951971481090074, "oscillation_cost": 38.503291487812845, "completition_cost": 0.0, "overshoot_cost": 50.294004851159116, "power_cost": 13.674139367675782, "noise_cost": 12.001686955341196, "n_waypoints_completed": 9, "tot_waypoints": 9}}
{"target": -186.660862572425, "params": {"k_pid_pos": [1.8034346552870686, 0.08087462101852438, 0.8020463410107419], "k_pid_alt": [1.6718174236541343, 0.0, 0.6683949116493773], "k_pid_att": [83.24205936752172, 5.859554809351448, 0.7033874038379369], "k_pid_yaw": [0.5, 1e-06, 0.1], "k_pid_hsp": [1.606987810134683, 0.11140066133917204, 0.01], "k_pid_vsp": [29.96849041048857, 58.47483401410723, 1.0]}, "datetime": {"datetime": "2025-08-21 17:14:21", "elapsed": 30577.645936727524, "delta": 16.014442205429077}, "costs": {"total_cost": 186.660862572425, "time_cost": 70.12, "final_distance_cost": 1.8261993205899827, "oscillation_cost": 37.81049448973979, "completition_cost": 0.0, "overshoot_cost": 50.52779838007953, "power_cost": 13.923774462890625, "noise_cost": 12.452595919125045, "n_waypoints_completed": 9, "tot_waypoints": 9}}
{"target": -194.62475293588565, "params": {"k_pid_pos": [1.8034346552870686, 0.024859491386256316, 0.3434561031905483], "k_pid_alt": [1.6319753356852484, 0.0, 0.15791560522360282], "k_pid_att": [58.989274729095186, 1.4913548176861673, 0.5196369593476883], "k_pid_yaw": [0.5, 1e-06, 0.1], "k_pid_hsp": [1.606987810134683, 0.7794066825273879, 0.01], "k_pid_vsp": [264.57255645423925, 59.083466427248936, 1.0]}, "datetime": {"datetime": "2025-08-21 17:14:38", "elapsed": 30594.61021566391, "delta": 16.96427893638611}, "costs": {"total_cost": 194.62475293588565, "time_cost": 68.936, "final_distance_cost": 1.786893707668047, "oscillation_cost": 51.2991908340754, "completition_cost": 0.0, "overshoot_cost": 50.8021632030337, "power_cost": 11.117580529785156, "noise_cost": 10.682924661323353, "n_waypoints_completed": 9, "tot_waypoints": 9}}
{"target": -1343.4811283847428, "params": {"k_pid_pos": [1.7041340386651447, 0.08087462101852438, 0.6250867496839783], "k_pid_alt": [1.1098775236402525, 0.0, 0.1576465649121419], "k_pid_att": [58.989274729095186, 7.284845820832624, 0.73590781336997], "k_pid_yaw": [0.5, 1e-06, 0.1], "k_pid_hsp": [1.606987810134683, 0.1531003758033771, 0.01], "k_pid_vsp": [110.56511661686339, 58.86884306764787, 270.6351217364206]}, "datetime": {"datetime": "2025-08-21 17:15:02", "elapsed": 30618.47556900978, "delta": 23.86535334587097}, "costs": {"total_cost": 1343.4811283847428, "time_cost": 150, "final_distance_cost": 51.60634825416999, "oscillation_cost": 33.37596465931133, "completition_cost": 888.8888888888888, "overshoot_cost": 113.29147176370498, "power_cost": 34.35216303710938, "noise_cost": 71.9662917815584, "n_waypoints_completed": 1, "tot_waypoints": 9}}
