{"target": -373.8149535364965, "params": {"k_pid_pos": [1.8922997940790476, 0.024859491386256316, 0.5199895334660821], "k_pid_alt": [0.8427743855844962, 0.0, 0.6418891260112738], "k_pid_att": [58.989274729095186, 4.2484062323494, 0.9808211468183533], "k_pid_yaw": [0.5, 1e-06, 0.1], "k_pid_hsp": [8.33097044068181, 0.08333843891839088, 0.5288320268426359], "k_pid_vsp": [110.56511661686339, 130.53254854158118, 1.0]}, "datetime": {"datetime": "2025-08-21 21:03:13", "elapsed": 44309.57754969597, "delta": 18.25631284713745}, "costs": {"total_cost": 373.8149535364965, "time_cost": 77.2, "final_distance_cost": 1.8341367870614282, "oscillation_cost": 214.63545596244506, "completition_cost": 0.0, "overshoot_cost": 49.08271980048261, "power_cost": 17.196120727539064, "noise_cost": 13.866520258968361, "n_waypoints_completed": 9, "tot_waypoints": 9}}
{"target": -184.37718596180892, "params": {"k_pid_pos": [1.8922997940790476, 0.024859491386256316, 0.42495672118777295], "k_pid_alt": [1.4696857836520854, 0.0, 0.1576465649121419], "k_pid_att": [25.463483275157817, 1.1105074131954076, 0.73590781336997], "k_pid_yaw": [0.5, 1e-06, 0.1], "k_pid_hsp": [1.606987810134683, 0.08333843891839088, 0.01], "k_pid_vsp": [110.56511661686339, 306.5653082406949, 1.0]}, "datetime": {"datetime": "2025-08-21 21:03:29", "elapsed": 44325.827815532684, "delta": 16.2502658367157}, "costs": {"total_cost": 184.37718596180892, "time_cost": 68.19200000000001, "final_distance_cost": 1.8174301204933094, "oscillation_cost": 40.005206948948775, "completition_cost": 0.0, "overshoot_cost": 49.90293339263396, "power_cost": 12.950887377929687, "noise_cost": 11.508728121803168, "n_waypoints_completed": 9, "tot_waypoints": 9}}
{"target": -190.83226454893673, "params": {"k_pid_pos": [1.8922997940790476, 0.024859491386256316, 0.42495672118777295], "k_pid_alt": [1.85112020821355, 0.0, 0.1576465649121419], "k_pid_att": [63.45214009056577, 4.077532668255645, 0.9808211468183533], "k_pid_yaw": [0.5, 1e-06, 0.1], "k_pid_hsp": [1.606987810134683, 0.08333843891839088, 0.01], "k_pid_vsp": [110.56511661686339, 130.53254854158118, 1.0]}, "datetime": {"datetime": "2025-08-21 21:03:47", "elapsed": 44344.06028985977, "delta": 18.232474327087402}, "costs": {"total_cost": 190.83226454893673, "time_cost": 69.12, "final_distance_cost": 1.7922897049194815, "oscillation_cost": 38.32639055728492, "completition_cost": 0.0, "overshoot_cost": 50.535016899715, "power_cost": 16.09479794921875, "noise_cost": 14.96376943779857, "n_waypoints_completed": 9, "tot_waypoints": 9}}
{"target": -214.3469077000261, "params": {"k_pid_pos": [0.7352486228235602, 0.024859491386256316, 0.7446942123517517], "k_pid_alt": [1.0453735240084545, 0.0, 0.1576465649121419], "k_pid_att": [63.45214009056577, 3.9680341734489906, 0.6778899770175615], "k_pid_yaw": [0.5, 1e-06, 0.1], "k_pid_hsp": [1.606987810134683, 0.5263296875538763, 0.01], "k_pid_vsp": [110.56511661686339, 130.53254854158118, 1.0]}, "datetime": {"datetime": "2025-08-21 21:04:06", "elapsed": 44363.43799972534, "delta": 19.37770986557007}, "costs": {"total_cost": 214.3469077000261, "time_cost": 85.92, "final_distance_cost": 1.8528477686629032, "oscillation_cost": 43.84426713964878, "completition_cost": 0.0, "overshoot_cost": 51.59445506164769, "power_cost": 15.909684863281251, "noise_cost": 15.22565286678546, "n_waypoints_completed": 9, "tot_waypoints": 9}}
{"target": -198.42345523370358, "params": {"k_pid_pos": [1.8922997940790476, 0.024859491386256316, 0.42495672118777295], "k_pid_alt": [1.4696857836520854, 0.0, 0.1576465649121419], "k_pid_att": [25.463483275157817, 1.1105074131954076, 0.8819472837674749], "k_pid_yaw": [0.5, 1e-06, 0.1], "k_pid_hsp": [1.606987810134683, 0.6275733420596762, 0.01], "k_pid_vsp": [110.56511661686339, 306.5653082406949, 1.0]}, "datetime": {"datetime": "2025-08-21 21:04:23", "elapsed": 44380.33855462074, "delta": 16.900554895401}, "costs": {"total_cost": 198.42345523370358, "time_cost": 68.768, "final_distance_cost": 1.8152221406843292, "oscillation_cost": 47.40776656265576, "completition_cost": 0.0, "overshoot_cost": 49.04954035527982, "power_cost": 17.58515743408203, "noise_cost": 13.797768741001642, "n_waypoints_completed": 9, "tot_waypoints": 9}}
{"target": -181.82223725876895, "params": {"k_pid_pos": [1.8922997940790476, 0.024859491386256316, 0.42495672118777295], "k_pid_alt": [1.4696857836520854, 0.0, 0.1576465649121419], "k_pid_att": [25.463483275157817, 1.1105074131954076, 0.5155183737788994], "k_pid_yaw": [0.5, 1e-06, 0.1], "k_pid_hsp": [1.606987810134683, 0.08333843891839088, 0.01], "k_pid_vsp": [110.56511661686339, 362.5506690642943, 1.0]}, "datetime": {"datetime": "2025-08-21 21:04:39", "elapsed": 44396.395094156265, "delta": 16.05653953552246}, "costs": {"total_cost": 181.82223725876895, "time_cost": 67.944, "final_distance_cost": 1.7962050129160234, "oscillation_cost": 43.77464648684765, "completition_cost": 0.0, "overshoot_cost": 49.845376551606925, "power_cost": 9.089732360839845, "noise_cost": 9.372276846558512, "n_waypoints_completed": 9, "tot_waypoints": 9}}
{"target": -336.7917871423592, "params": {"k_pid_pos": [1.8922997940790476, 0.024859491386256316, 0.42495672118777295], "k_pid_alt": [0.8427743855844962, 0.0, 0.6418891260112738], "k_pid_att": [58.989274729095186, 4.2484062323494, 0.9808211468183533], "k_pid_yaw": [0.5, 1e-06, 0.1], "k_pid_hsp": [8.33097044068181, 0.08333843891839088, 0.1346126266332056], "k_pid_vsp": [110.56511661686339, 130.53254854158118, 1.0]}, "datetime": {"datetime": "2025-08-21 21:04:58", "elapsed": 44415.18244147301, "delta": 18.787347316741943}, "costs": {"total_cost": 336.7917871423592, "time_cost": 79.48, "final_distance_cost": 1.8464512910232558, "oscillation_cost": 181.65950972547157, "completition_cost": 0.0, "overshoot_cost": 50.76723059504532, "power_cost": 11.605457373046876, "noise_cost": 11.433138157772273, "n_waypoints_completed": 9, "tot_waypoints": 9}}
{"target": -193.29909209306302, "params": {"k_pid_pos": [1.1914295293150936, 0.202199995056924, 0.11242249713100771], "k_pid_alt": [1.85112020821355, 0.0, 0.1576465649121419], "k_pid_att": [63.45214009056577, 4.077532668255645, 0.9808211468183533], "k_pid_yaw": [0.5, 1e-06, 0.1], "k_pid_hsp": [1.606987810134683, 0.08333843891839088, 0.01], "k_pid_vsp": [110.56511661686339, 130.53254854158118, 1.0]}, "datetime": {"datetime": "2025-08-21 21:05:17", "elapsed": 44433.99179792404, "delta": 18.809356451034546}, "costs": {"total_cost": 193.29909209306302, "time_cost": 73.304, "final_distance_cost": 1.791578067092814, "oscillation_cost": 39.37675411806571, "completition_cost": 0.0, "overshoot_cost": 51.776352893364276, "power_cost": 14.294525671386719, "noise_cost": 12.7558813431535, "n_waypoints_completed": 9, "tot_waypoints": 9}}
{"target": -192.5706380169019, "params": {"k_pid_pos": [1.033967693808597, 0.024859491386256316, 0.11838016897587333], "k_pid_alt": [1.982159599922034, 0.0, 0.8325386616406555], "k_pid_att": [23.08752834258585, 4.077532668255645, 0.73590781336997], "k_pid_yaw": [0.5, 1e-06, 0.1], "k_pid_hsp": [1.606987810134683, 0.8009836977913036, 0.01], "k_pid_vsp": [110.56511661686339, 306.5653082406949, 1.0]}, "datetime": {"datetime": "2025-08-21 21:05:33", "elapsed": 44449.64319705963, "delta": 15.6513991355896}, "costs": {"total_cost": 192.5706380169019, "time_cost": 69.21600000000001, "final_distance_cost": 1.843945640659124, "oscillation_cost": 49.0473239815043, "completition_cost": 0.0, "overshoot_cost": 49.028426383510975, "power_cost": 12.052160876464844, "noise_cost": 11.38278113476264, "n_waypoints_completed": 9, "tot_waypoints": 9}}
{"target": -296.28778158935063, "params": {"k_pid_pos": [1.8922997940790476, 0.024859491386256316, 0.42495672118777295], "k_pid_alt": [1.4696857836520854, 0.0, 0.1576465649121419], "k_pid_att": [25.463483275157817, 1.1105074131954076, 0.5155183737788994], "k_pid_yaw": [0.5, 1e-06, 0.1], "k_pid_hsp": [1.606987810134683, 0.5024897330046606, 0.2531560531347421], "k_pid_vsp": [349.886712726164, 310.89645667885657, 1.0]}, "datetime": {"datetime": "2025-08-21 21:05:50", "elapsed": 44467.09140443802, "delta": 17.44820737838745}, "costs": {"total_cost": 296.28778158935063, "time_cost": 69.44800000000001, "final_distance_cost": 1.7016469061596569, "oscillation_cost": 147.9906946384724, "completition_cost": 0.0, "overshoot_cost": 51.161278397567, "power_cost": 13.893848181152345, "noise_cost": 12.09231346599922, "n_waypoints_completed": 9, "tot_waypoints": 9}}
{"target": -325.42196745256575, "params": {"k_pid_pos": [1.8922997940790476, 0.024859491386256316, 0.42495672118777295], "k_pid_alt": [0.8427743855844962, 0.0, 0.6418891260112738], "k_pid_att": [58.989274729095186, 4.2484062323494, 0.9808211468183533], "k_pid_yaw": [0.5, 1e-06, 0.1], "k_pid_hsp": [8.33097044068181, 0.08333843891839088, 0.5288320268426359], "k_pid_vsp": [110.56511661686339, 386.8486116088373, 1.0]}, "datetime": {"datetime": "2025-08-21 21:06:07", "elapsed": 44484.11323428154, "delta": 17.021829843521118}, "costs": {"total_cost": 325.42196745256575, "time_cost": 74.68, "final_distance_cost": 1.8490266546637935, "oscillation_cost": 174.0569529995713, "completition_cost": 0.0, "overshoot_cost": 50.24509581751552, "power_cost": 13.098441357421876, "noise_cost": 11.492450623393259, "n_waypoints_completed": 9, "tot_waypoints": 9}}
{"target": -180.4399230121344, "params": {"k_pid_pos": [1.8922997940790476, 0.024859491386256316, 0.42495672118777295], "k_pid_alt": [1.85112020821355, 0.0, 0.1576465649121419], "k_pid_att": [63.45214009056577, 4.077532668255645, 0.9808211468183533], "k_pid_yaw": [0.5, 1e-06, 0.1], "k_pid_hsp": [1.606987810134683, 0.08333843891839088, 0.01], "k_pid_vsp": [110.56511661686339, 130.53254854158118, 1.0]}, "datetime": {"datetime": "2025-08-21 21:06:24", "elapsed": 44500.89818239212, "delta": 16.784948110580444}, "costs": {"total_cost": 180.4399230121344, "time_cost": 67.864, "final_distance_cost": 1.8165029638795827, "oscillation_cost": 44.22921184451949, "completition_cost": 0.0, "overshoot_cost": 49.76249491843396, "power_cost": 7.944510864257813, "noise_cost": 8.823202421043526, "n_waypoints_completed": 9, "tot_waypoints": 9}}
{"target": -186.2705278881147, "params": {"k_pid_pos": [1.033967693808597, 0.024859491386256316, 0.11838016897587333], "k_pid_alt": [1.85112020821355, 0.0, 0.8325386616406555], "k_pid_att": [23.08752834258585, 4.077532668255645, 0.73590781336997], "k_pid_yaw": [0.5, 1e-06, 0.1], "k_pid_hsp": [1.606987810134683, 0.5024897330046606, 0.01], "k_pid_vsp": [349.886712726164, 310.89645667885657, 1.0]}, "datetime": {"datetime": "2025-08-21 21:06:41", "elapsed": 44517.65494918823, "delta": 16.75676679611206}, "costs": {"total_cost": 186.2705278881147, "time_cost": 69.792, "final_distance_cost": 1.848998012338011, "oscillation_cost": 40.498087424947215, "completition_cost": 0.0, "overshoot_cost": 48.97219934442949, "power_cost": 13.220907543945312, "noise_cost": 11.938335562454677, "n_waypoints_completed": 9, "tot_waypoints": 9}}
{"target": -181.85634625061428, "params": {"k_pid_pos": [1.8922997940790476, 0.024859491386256316, 0.42495672118777295], "k_pid_alt": [1.85112020821355, 0.0, 0.1576465649121419], "k_pid_att": [63.45214009056577, 4.077532668255645, 0.9808211468183533], "k_pid_yaw": [0.5, 1e-06, 0.1], "k_pid_hsp": [1.3066227922266478, 0.08333843891839088, 0.01], "k_pid_vsp": [110.56511661686339, 130.53254854158118, 1.0]}, "datetime": {"datetime": "2025-08-21 21:06:57", "elapsed": 44533.993973731995, "delta": 16.339024543762207}, "costs": {"total_cost": 181.85634625061428, "time_cost": 68.008, "final_distance_cost": 1.8030810574931566, "oscillation_cost": 40.150042917541896, "completition_cost": 0.0, "overshoot_cost": 49.508278102821954, "power_cost": 11.544308325195313, "noise_cost": 10.842635847561947, "n_waypoints_completed": 9, "tot_waypoints": 9}}
{"target": -191.27597222027416, "params": {"k_pid_pos": [1.8922997940790476, 0.024859491386256316, 0.42495672118777295], "k_pid_alt": [1.4696857836520854, 0.0, 0.1576465649121419], "k_pid_att": [25.463483275157817, 7.469019292422298, 0.5155183737788994], "k_pid_yaw": [0.5, 1e-06, 0.1], "k_pid_hsp": [1.606987810134683, 0.5904477871505759, 0.01], "k_pid_vsp": [110.56511661686339, 306.5653082406949, 1.0]}, "datetime": {"datetime": "2025-08-21 21:07:15", "elapsed": 44551.83930683136, "delta": 17.845333099365234}, "costs": {"total_cost": 191.27597222027416, "time_cost": 67.968, "final_distance_cost": 1.8206461735187829, "oscillation_cost": 49.605892830817055, "completition_cost": 0.0, "overshoot_cost": 49.09848712277819, "power_cost": 11.87253798828125, "noise_cost": 10.910408104878874, "n_waypoints_completed": 9, "tot_waypoints": 9}}
{"target": -183.3138881805921, "params": {"k_pid_pos": [1.8922997940790476, 0.024859491386256316, 0.42495672118777295], "k_pid_alt": [1.85112020821355, 0.0, 0.1576465649121419], "k_pid_att": [63.45214009056577, 4.077532668255645, 0.9808211468183533], "k_pid_yaw": [0.5, 1e-06, 0.1], "k_pid_hsp": [1.606987810134683, 0.08333843891839088, 0.01], "k_pid_vsp": [110.56511661686339, 130.53254854158118, 1.0]}, "datetime": {"datetime": "2025-08-21 21:07:31", "elapsed": 44567.54144859314, "delta": 15.702141761779785}, "costs": {"total_cost": 183.3138881805921, "time_cost": 68.616, "final_distance_cost": 1.8002239014858523, "oscillation_cost": 38.575003676859104, "completition_cost": 0.0, "overshoot_cost": 50.643355139006125, "power_cost": 12.407849865722657, "noise_cost": 11.271455597518356, "n_waypoints_completed": 9, "tot_waypoints": 9}}
{"target": -181.43941373744917, "params": {"k_pid_pos": [1.8922997940790476, 0.024859491386256316, 0.42495672118777295], "k_pid_alt": [1.4696857836520854, 0.0, 0.1576465649121419], "k_pid_att": [25.463483275157817, 1.1105074131954076, 0.5155183737788994], "k_pid_yaw": [0.5, 1e-06, 0.1], "k_pid_hsp": [1.606987810134683, 0.08333843891839088, 0.01], "k_pid_vsp": [110.56511661686339, 362.5506690642943, 1.0]}, "datetime": {"datetime": "2025-08-21 21:07:48", "elapsed": 44585.00346708298, "delta": 17.462018489837646}, "costs": {"total_cost": 181.43941373744917, "time_cost": 67.888, "final_distance_cost": 1.817060035615082, "oscillation_cost": 43.61663983695662, "completition_cost": 0.0, "overshoot_cost": 49.4035279152962, "power_cost": 9.296714221191406, "noise_cost": 9.41747172838987, "n_waypoints_completed": 9, "tot_waypoints": 9}}
{"target": -177.540607724763, "params": {"k_pid_pos": [1.8922997940790476, 0.024859491386256316, 0.42495672118777295], "k_pid_alt": [1.85112020821355, 0.0, 0.1576465649121419], "k_pid_att": [63.45214009056577, 4.077532668255645, 0.9808211468183533], "k_pid_yaw": [0.5, 1e-06, 0.1], "k_pid_hsp": [1.3066227922266478, 0.08333843891839088, 0.01], "k_pid_vsp": [110.56511661686339, 130.53254854158118, 1.0]}, "datetime": {"datetime": "2025-08-21 21:08:04", "elapsed": 44600.59371805191, "delta": 15.590250968933105}, "costs": {"total_cost": 177.540607724763, "time_cost": 67.76, "final_distance_cost": 1.8074943594098913, "oscillation_cost": 40.32508371295609, "completition_cost": 0.0, "overshoot_cost": 49.401619155264605, "power_cost": 8.84819110107422, "noise_cost": 9.398219396058197, "n_waypoints_completed": 9, "tot_waypoints": 9}}
{"target": -190.5731876286043, "params": {"k_pid_pos": [1.8922997940790476, 0.024859491386256316, 0.42495672118777295], "k_pid_alt": [1.4696857836520854, 0.0, 0.1576465649121419], "k_pid_att": [48.72034828741394, 7.469019292422298, 0.5155183737788994], "k_pid_yaw": [0.5, 1e-06, 0.1], "k_pid_hsp": [1.606987810134683, 0.5904477871505759, 0.01], "k_pid_vsp": [110.56511661686339, 306.5653082406949, 1.0]}, "datetime": {"datetime": "2025-08-21 21:08:20", "elapsed": 44617.2474565506, "delta": 16.653738498687744}, "costs": {"total_cost": 190.5731876286043, "time_cost": 68.328, "final_distance_cost": 1.7858065276061077, "oscillation_cost": 46.33664159945107, "completition_cost": 0.0, "overshoot_cost": 49.71615425442721, "power_cost": 12.971675366210938, "noise_cost": 11.434909880908975, "n_waypoints_completed": 9, "tot_waypoints": 9}}
{"target": -182.72484977108047, "params": {"k_pid_pos": [1.8922997940790476, 0.024859491386256316, 0.42495672118777295], "k_pid_alt": [1.85112020821355, 0.0, 0.1576465649121419], "k_pid_att": [63.45214009056577, 4.077532668255645, 0.9808211468183533], "k_pid_yaw": [0.5, 1e-06, 0.1], "k_pid_hsp": [1.606987810134683, 0.08333843891839088, 0.01], "k_pid_vsp": [110.56511661686339, 130.53254854158118, 1.0]}, "datetime": {"datetime": "2025-08-21 21:08:41", "elapsed": 44637.7037665844, "delta": 20.456310033798218}, "costs": {"total_cost": 182.72484977108047, "time_cost": 68.52, "final_distance_cost": 1.7905455509781978, "oscillation_cost": 38.694784911453596, "completition_cost": 0.0, "overshoot_cost": 50.43308253502628, "power_cost": 12.103372106933595, "noise_cost": 11.183064666688805, "n_waypoints_completed": 9, "tot_waypoints": 9}}
{"target": -179.85970016365422, "params": {"k_pid_pos": [1.8922997940790476, 0.024859491386256316, 0.42495672118777295], "k_pid_alt": [1.4696857836520854, 0.0, 0.1576465649121419], "k_pid_att": [63.45214009056577, 4.077532668255645, 0.9808211468183533], "k_pid_yaw": [0.5, 1e-06, 0.1], "k_pid_hsp": [1.606987810134683, 0.08333843891839088, 0.01], "k_pid_vsp": [110.56511661686339, 130.53254854158118, 1.0]}, "datetime": {"datetime": "2025-08-21 21:08:59", "elapsed": 44655.702689647675, "delta": 17.9989230632782}, "costs": {"total_cost": 179.85970016365422, "time_cost": 68.016, "final_distance_cost": 1.7991361955194725, "oscillation_cost": 40.57562678642354, "completition_cost": 0.0, "overshoot_cost": 50.08930468593035, "power_cost": 9.485945275878906, "noise_cost": 9.893687219901938, "n_waypoints_completed": 9, "tot_waypoints": 9}}
{"target": -204.09406079498103, "params": {"k_pid_pos": [1.8922997940790476, 0.024859491386256316, 0.42495672118777295], "k_pid_alt": [0.6042773843041942, 0.0, 0.1576465649121419], "k_pid_att": [25.463483275157817, 1.1105074131954076, 0.5155183737788994], "k_pid_yaw": [0.5, 1e-06, 0.1], "k_pid_hsp": [1.606987810134683, 0.08333843891839088, 0.01], "k_pid_vsp": [110.56511661686339, 306.5653082406949, 128.62458592331774]}, "datetime": {"datetime": "2025-08-21 21:09:19", "elapsed": 44675.53139305115, "delta": 19.8287034034729}, "costs": {"total_cost": 204.09406079498103, "time_cost": 75.56, "final_distance_cost": 1.8246594733518327, "oscillation_cost": 49.46334137657524, "completition_cost": 0.0, "overshoot_cost": 49.74445155277907, "power_cost": 15.574656591796876, "noise_cost": 11.926951800478003, "n_waypoints_completed": 9, "tot_waypoints": 9}}
{"target": -194.64364444190613, "params": {"k_pid_pos": [1.8922997940790476, 0.024859491386256316, 0.4835379607307613], "k_pid_alt": [1.4696857836520854, 0.0, 0.1576465649121419], "k_pid_att": [25.463483275157817, 7.469019292422298, 0.5155183737788994], "k_pid_yaw": [0.5, 1e-06, 0.1], "k_pid_hsp": [1.606987810134683, 0.5904477871505759, 0.01], "k_pid_vsp": [110.56511661686339, 306.5653082406949, 1.0]}, "datetime": {"datetime": "2025-08-21 21:09:34", "elapsed": 44690.88496875763, "delta": 15.353575706481934}, "costs": {"total_cost": 194.64364444190613, "time_cost": 68.328, "final_distance_cost": 1.825528414838345, "oscillation_cost": 48.7490272174295, "completition_cost": 0.0, "overshoot_cost": 49.7301234842724, "power_cost": 14.11726815185547, "noise_cost": 11.893697173510416, "n_waypoints_completed": 9, "tot_waypoints": 9}}
{"target": -436.63448444259035, "params": {"k_pid_pos": [1.033967693808597, 0.024859491386256316, 0.4830197345132503], "k_pid_alt": [1.85112020821355, 0.0, 0.1576465649121419], "k_pid_att": [86.70916919633552, 4.077532668255645, 0.9808211468183533], "k_pid_yaw": [0.5, 1e-06, 0.1], "k_pid_hsp": [1.606987810134683, 0.08333843891839088, 0.7315089038554331], "k_pid_vsp": [110.56511661686339, 130.53254854158118, 1.0]}, "datetime": {"datetime": "2025-08-21 21:09:58", "elapsed": 44714.72109413147, "delta": 23.836125373840332}, "costs": {"total_cost": 436.63448444259035, "time_cost": 93.696, "final_distance_cost": 1.7763389034578656, "oscillation_cost": 247.15658255056022, "completition_cost": 0.0, "overshoot_cost": 56.35240201163528, "power_cost": 20.5774310546875, "noise_cost": 17.075729922249504, "n_waypoints_completed": 9, "tot_waypoints": 9}}
{"target": -185.02354639475942, "params": {"k_pid_pos": [0.7352486228235602, 0.024859491386256316, 0.11242249713100771], "k_pid_alt": [1.0453735240084545, 0.0, 0.1576465649121419], "k_pid_att": [63.45214009056577, 4.077532668255645, 0.9808211468183533], "k_pid_yaw": [0.5, 1e-06, 0.1], "k_pid_hsp": [1.606987810134683, 0.08333843891839088, 0.01], "k_pid_vsp": [110.56511661686339, 130.53254854158118, 1.0]}, "datetime": {"datetime": "2025-08-21 21:10:15", "elapsed": 44731.66039276123, "delta": 16.939298629760742}, "costs": {"total_cost": 185.02354639475942, "time_cost": 75.304, "final_distance_cost": 1.8479189095985897, "oscillation_cost": 39.60252382098517, "completition_cost": 0.0, "overshoot_cost": 49.921057932964096, "power_cost": 8.465523059082031, "noise_cost": 9.882522672129541, "n_waypoints_completed": 9, "tot_waypoints": 9}}
{"target": -202.8685287055211, "params": {"k_pid_pos": [1.8922997940790476, 0.024859491386256316, 0.42495672118777295], "k_pid_alt": [1.85112020821355, 0.0, 0.1576465649121419], "k_pid_att": [63.45214009056577, 4.077532668255645, 0.19296118053633138], "k_pid_yaw": [0.5, 1e-06, 0.1], "k_pid_hsp": [1.7984621959695095, 0.08333843891839088, 0.01], "k_pid_vsp": [110.56511661686339, 306.5653082406949, 1.0]}, "datetime": {"datetime": "2025-08-21 21:10:32", "elapsed": 44749.22589635849, "delta": 17.56550359725952}, "costs": {"total_cost": 202.8685287055211, "time_cost": 70.608, "final_distance_cost": 1.804902917246449, "oscillation_cost": 49.71921405569683, "completition_cost": 0.0, "overshoot_cost": 51.75781988805654, "power_cost": 15.907672973632813, "noise_cost": 13.070918870888478, "n_waypoints_completed": 9, "tot_waypoints": 9}}
