{"target": -2409.7645488687867, "params": {"k_pid_pos": [1.8922997940790476, 0.024859491386256316, 0.42495672118777295], "k_pid_alt": [1.85112020821355, 0.0, 0.1576465649121419], "k_pid_att": [25.463483275157817, 1.1105074131954076, 0.73590781336997], "k_pid_yaw": [0.5, 1e-06, 0.1], "k_pid_hsp": [1.606987810134683, 0.08333843891839088, 0.01], "k_pid_vsp": [110.56511661686339, 130.53254854158118, 381.46279209960994]}, "datetime": {"datetime": "2025-08-21 20:46:53", "elapsed": 43329.83545088768, "delta": 24.107681035995483}, "costs": {"total_cost": 2409.7645488687867, "time_cost": 150, "final_distance_cost": 541.0223272649638, "oscillation_cost": 28.936198787377617, "completition_cost": 888.8888888888888, "overshoot_cost": 778.9019335982947, "power_cost": 11.98723533935547, "noise_cost": 10.027964989906446, "n_waypoints_completed": 1, "tot_waypoints": 9}}
{"target": -185.4081282750936, "params": {"k_pid_pos": [1.8922997940790476, 0.024859491386256316, 0.42495672118777295], "k_pid_alt": [1.85112020821355, 0.0, 0.1576465649121419], "k_pid_att": [7.172912009148735, 2.771467938851939, 0.73590781336997], "k_pid_yaw": [0.5, 1e-06, 0.1], "k_pid_hsp": [1.606987810134683, 0.5904477871505759, 0.01], "k_pid_vsp": [110.56511661686339, 20.252314050740118, 1.0]}, "datetime": {"datetime": "2025-08-21 20:47:08", "elapsed": 43345.22820401192, "delta": 15.39275312423706}, "costs": {"total_cost": 185.4081282750936, "time_cost": 67.912, "final_distance_cost": 1.7927213365312535, "oscillation_cost": 48.1308366310346, "completition_cost": 0.0, "overshoot_cost": 50.2495195318161, "power_cost": 8.401178674316407, "noise_cost": 8.921872101395223, "n_waypoints_completed": 9, "tot_waypoints": 9}}
{"target": -196.9193373429621, "params": {"k_pid_pos": [1.8922997940790476, 0.5483189168798788, 0.923679981832325], "k_pid_alt": [1.85112020821355, 0.0, 0.1576465649121419], "k_pid_att": [25.463483275157817, 7.029810156317336, 0.73590781336997], "k_pid_yaw": [0.5, 1e-06, 0.1], "k_pid_hsp": [1.606987810134683, 0.2473685231332753, 0.01], "k_pid_vsp": [110.56511661686339, 374.34401413106906, 1.0]}, "datetime": {"datetime": "2025-08-21 20:47:26", "elapsed": 43363.10924601555, "delta": 17.881042003631592}, "costs": {"total_cost": 196.9193373429621, "time_cost": 72.512, "final_distance_cost": 1.762956824602579, "oscillation_cost": 45.876759141558416, "completition_cost": 0.0, "overshoot_cost": 50.96764273925552, "power_cost": 13.732903527832033, "noise_cost": 12.067075109713551, "n_waypoints_completed": 9, "tot_waypoints": 9}}
{"target": -240.20052079742544, "params": {"k_pid_pos": [1.8922997940790476, 0.5837705317333322, 0.42495672118777295], "k_pid_alt": [1.85112020821355, 0.0, 0.1576465649121419], "k_pid_att": [63.45214009056577, 4.077532668255645, 0.9808211468183533], "k_pid_yaw": [0.5, 1e-06, 0.1], "k_pid_hsp": [1.606987810134683, 0.9096432186945209, 0.13829034581553945], "k_pid_vsp": [394.6113025542496, 130.53254854158118, 1.0]}, "datetime": {"datetime": "2025-08-21 20:47:44", "elapsed": 43381.17169713974, "delta": 18.062451124191284}, "costs": {"total_cost": 240.20052079742544, "time_cost": 79.456, "final_distance_cost": 1.7502860672020573, "oscillation_cost": 79.91602672763402, "completition_cost": 0.0, "overshoot_cost": 53.8829663916386, "power_cost": 13.078679602050782, "noise_cost": 12.11656200889996, "n_waypoints_completed": 9, "tot_waypoints": 9}}
{"target": -185.90102656064977, "params": {"k_pid_pos": [1.8922997940790476, 0.024859491386256316, 0.42495672118777295], "k_pid_alt": [1.85112020821355, 0.0, 0.05010974591185968], "k_pid_att": [63.45214009056577, 4.077532668255645, 0.9808211468183533], "k_pid_yaw": [0.5, 1e-06, 0.1], "k_pid_hsp": [1.606987810134683, 0.08333843891839088, 0.01], "k_pid_vsp": [110.56511661686339, 130.53254854158118, 1.0]}, "datetime": {"datetime": "2025-08-21 20:48:01", "elapsed": 43397.51207661629, "delta": 16.34037947654724}, "costs": {"total_cost": 185.90102656064977, "time_cost": 68.872, "final_distance_cost": 1.8184091895111216, "oscillation_cost": 39.28849878517743, "completition_cost": 0.0, "overshoot_cost": 50.57371342689887, "power_cost": 13.509745251464844, "noise_cost": 11.838659907597515, "n_waypoints_completed": 9, "tot_waypoints": 9}}
{"target": -198.13146361597705, "params": {"k_pid_pos": [1.2048953097984418, 0.5931963056508585, 0.42495672118777295], "k_pid_alt": [1.85112020821355, 0.0, 0.1576465649121419], "k_pid_att": [25.463483275157817, 1.1105074131954076, 0.73590781336997], "k_pid_yaw": [0.5, 1e-06, 0.1], "k_pid_hsp": [1.606987810134683, 0.6112953616398312, 0.01], "k_pid_vsp": [110.56511661686339, 306.5653082406949, 1.0]}, "datetime": {"datetime": "2025-08-21 20:48:19", "elapsed": 43416.1413898468, "delta": 18.629313230514526}, "costs": {"total_cost": 198.13146361597705, "time_cost": 74.688, "final_distance_cost": 1.7824177491158124, "oscillation_cost": 49.298307428364254, "completition_cost": 0.0, "overshoot_cost": 49.94428130871179, "power_cost": 11.531043774414064, "noise_cost": 10.88741335537114, "n_waypoints_completed": 9, "tot_waypoints": 9}}
{"target": -195.32310145734056, "params": {"k_pid_pos": [1.729996457732455, 0.024859491386256316, 0.027766713950817756], "k_pid_alt": [1.85112020821355, 0.0, 0.1576465649121419], "k_pid_att": [25.463483275157817, 1.1105074131954076, 0.73590781336997], "k_pid_yaw": [0.5, 1e-06, 0.1], "k_pid_hsp": [1.606987810134683, 0.5904477871505759, 0.01], "k_pid_vsp": [192.0752855763678, 130.53254854158118, 1.0]}, "datetime": {"datetime": "2025-08-21 20:48:35", "elapsed": 43432.11308121681, "delta": 15.971691370010376}, "costs": {"total_cost": 195.32310145734056, "time_cost": 70.008, "final_distance_cost": 1.7893405706374745, "oscillation_cost": 51.194966585470276, "completition_cost": 0.0, "overshoot_cost": 50.471314071527296, "power_cost": 11.184480065917969, "noise_cost": 10.67500016378753, "n_waypoints_completed": 9, "tot_waypoints": 9}}
{"target": -183.65184121884437, "params": {"k_pid_pos": [1.033967693808597, 0.024859491386256316, 0.11242249713100771], "k_pid_alt": [1.85112020821355, 0.0, 0.1576465649121419], "k_pid_att": [86.70916919633552, 4.077532668255645, 0.9808211468183533], "k_pid_yaw": [0.5, 1e-06, 0.1], "k_pid_hsp": [1.606987810134683, 0.08333843891839088, 0.01], "k_pid_vsp": [110.56511661686339, 130.53254854158118, 1.0]}, "datetime": {"datetime": "2025-08-21 20:48:53", "elapsed": 43450.12773799896, "delta": 18.01465678215027}, "costs": {"total_cost": 183.65184121884437, "time_cost": 69.64, "final_distance_cost": 1.8377526681162468, "oscillation_cost": 39.21349965242468, "completition_cost": 0.0, "overshoot_cost": 50.19391251436662, "power_cost": 11.484644921875, "noise_cost": 11.282031462061818, "n_waypoints_completed": 9, "tot_waypoints": 9}}
{"target": -184.92025364816885, "params": {"k_pid_pos": [1.8922997940790476, 0.024859491386256316, 0.42495672118777295], "k_pid_alt": [1.4696857836520854, 0.0, 0.1576465649121419], "k_pid_att": [25.463483275157817, 1.1105074131954076, 0.73590781336997], "k_pid_yaw": [0.5, 1e-06, 0.1], "k_pid_hsp": [1.606987810134683, 0.08333843891839088, 0.01], "k_pid_vsp": [110.56511661686339, 306.5653082406949, 1.0]}, "datetime": {"datetime": "2025-08-21 20:49:09", "elapsed": 43465.68626117706, "delta": 15.558523178100586}, "costs": {"total_cost": 184.92025364816885, "time_cost": 68.368, "final_distance_cost": 1.7746176874699509, "oscillation_cost": 41.94484342785242, "completition_cost": 0.0, "overshoot_cost": 49.841797454213186, "power_cost": 12.145432434082032, "noise_cost": 10.84556264455126, "n_waypoints_completed": 9, "tot_waypoints": 9}}
{"target": -194.22303913260694, "params": {"k_pid_pos": [1.8922997940790476, 0.024859491386256316, 0.42495672118777295], "k_pid_alt": [1.85112020821355, 0.0, 0.1576465649121419], "k_pid_att": [63.45214009056577, 4.077532668255645, 0.9808211468183533], "k_pid_yaw": [0.5, 1e-06, 0.1], "k_pid_hsp": [1.606987810134683, 0.08333843891839088, 0.01], "k_pid_vsp": [110.56511661686339, 130.53254854158118, 1.0]}, "datetime": {"datetime": "2025-08-21 20:49:26", "elapsed": 43483.11736989021, "delta": 17.431108713150024}, "costs": {"total_cost": 194.22303913260694, "time_cost": 70.024, "final_distance_cost": 1.8138689983296676, "oscillation_cost": 41.93757101779374, "completition_cost": 0.0, "overshoot_cost": 50.427301036847055, "power_cost": 16.708583044433595, "noise_cost": 13.311715035202898, "n_waypoints_completed": 9, "tot_waypoints": 9}}
{"target": -181.99607934487412, "params": {"k_pid_pos": [1.8922997940790476, 0.024859491386256316, 0.42495672118777295], "k_pid_alt": [1.85112020821355, 0.0, 0.05010974591185968], "k_pid_att": [63.45214009056577, 4.077532668255645, 0.9808211468183533], "k_pid_yaw": [0.5, 1e-06, 0.1], "k_pid_hsp": [1.606987810134683, 0.08333843891839088, 0.01], "k_pid_vsp": [110.56511661686339, 306.5653082406949, 1.0]}, "datetime": {"datetime": "2025-08-21 20:49:42", "elapsed": 43499.11185789108, "delta": 15.994488000869751}, "costs": {"total_cost": 181.99607934487412, "time_cost": 67.744, "final_distance_cost": 1.8003815969054349, "oscillation_cost": 42.86506372894308, "completition_cost": 0.0, "overshoot_cost": 49.94142016758133, "power_cost": 9.762297607421875, "noise_cost": 9.882916244022397, "n_waypoints_completed": 9, "tot_waypoints": 9}}
{"target": -179.20903276053883, "params": {"k_pid_pos": [1.8922997940790476, 0.024859491386256316, 0.42495672118777295], "k_pid_alt": [1.4696857836520854, 0.0, 0.1576465649121419], "k_pid_att": [25.463483275157817, 1.1105074131954076, 0.5155183737788994], "k_pid_yaw": [0.5, 1e-06, 0.1], "k_pid_hsp": [1.606987810134683, 0.08333843891839088, 0.01], "k_pid_vsp": [110.56511661686339, 306.5653082406949, 1.0]}, "datetime": {"datetime": "2025-08-21 20:49:59", "elapsed": 43515.934141397476, "delta": 16.822283506393433}, "costs": {"total_cost": 179.20903276053883, "time_cost": 67.976, "final_distance_cost": 1.781578781299344, "oscillation_cost": 41.93039592603805, "completition_cost": 0.0, "overshoot_cost": 49.765543362635626, "power_cost": 8.63480682373047, "noise_cost": 9.120707866835337, "n_waypoints_completed": 9, "tot_waypoints": 9}}
{"target": -198.93503879066384, "params": {"k_pid_pos": [1.033967693808597, 0.024859491386256316, 0.11242249713100771], "k_pid_alt": [1.85112020821355, 0.0, 0.1576465649121419], "k_pid_att": [86.70916919633552, 4.077532668255645, 0.9808211468183533], "k_pid_yaw": [0.5, 1e-06, 0.1], "k_pid_hsp": [7.8725307703385665, 0.08333843891839088, 0.01], "k_pid_vsp": [94.78420374824373, 310.89645667885657, 1.0]}, "datetime": {"datetime": "2025-08-21 20:50:19", "elapsed": 43535.45935344696, "delta": 19.525212049484253}, "costs": {"total_cost": 198.93503879066384, "time_cost": 69.864, "final_distance_cost": 1.8377077597803073, "oscillation_cost": 55.130172383905645, "completition_cost": 0.0, "overshoot_cost": 50.46576916749976, "power_cost": 10.967165625, "noise_cost": 10.67022385447815, "n_waypoints_completed": 9, "tot_waypoints": 9}}
{"target": -228.47832723701777, "params": {"k_pid_pos": [1.8922997940790476, 0.07739255916577548, 0.4590198317865567], "k_pid_alt": [0.8253384436805415, 0.0, 0.6797860385434875], "k_pid_att": [23.08752834258585, 4.077532668255645, 0.08472123156462463], "k_pid_yaw": [0.5, 1e-06, 0.1], "k_pid_hsp": [1.606987810134683, 0.5904477871505759, 0.01], "k_pid_vsp": [383.97622601200516, 130.53254854158118, 1.0]}, "datetime": {"datetime": "2025-08-21 20:50:37", "elapsed": 43554.16379594803, "delta": 18.704442501068115}, "costs": {"total_cost": 228.47832723701777, "time_cost": 80.352, "final_distance_cost": 1.8527333269507995, "oscillation_cost": 58.20577512307661, "completition_cost": 0.0, "overshoot_cost": 52.29749229725535, "power_cost": 20.125358422851562, "noise_cost": 15.644968066883445, "n_waypoints_completed": 9, "tot_waypoints": 9}}
{"target": -202.7627023940724, "params": {"k_pid_pos": [1.2231345170825065, 0.5483189168798788, 0.923679981832325], "k_pid_alt": [1.85112020821355, 0.0, 0.5044609676242398], "k_pid_att": [68.49694692215903, 7.029810156317336, 0.73590781336997], "k_pid_yaw": [0.5, 1e-06, 0.1], "k_pid_hsp": [1.606987810134683, 0.2473685231332753, 0.01], "k_pid_vsp": [110.56511661686339, 374.34401413106906, 1.0]}, "datetime": {"datetime": "2025-08-21 20:50:57", "elapsed": 43574.10564160347, "delta": 19.941845655441284}, "costs": {"total_cost": 202.7627023940724, "time_cost": 80.632, "final_distance_cost": 1.814775690345208, "oscillation_cost": 44.20984072570132, "completition_cost": 0.0, "overshoot_cost": 50.30323784636243, "power_cost": 13.24449813232422, "noise_cost": 12.558349999339171, "n_waypoints_completed": 9, "tot_waypoints": 9}}
{"target": -676.2207199057926, "params": {"k_pid_pos": [1.8922997940790476, 0.024859491386256316, 0.42495672118777295], "k_pid_alt": [0.03464297246109593, 0.03158347911188941, 0.1576465649121419], "k_pid_att": [25.463483275157817, 9.679534059136797, 0.7746232796670197], "k_pid_yaw": [0.5, 1e-06, 0.1], "k_pid_hsp": [2.2182149883720155, 0.08333843891839088, 0.01], "k_pid_vsp": [29.557606549414395, 130.53254854158118, 1.0]}, "datetime": {"datetime": "2025-08-21 20:51:21", "elapsed": 43597.497940301895, "delta": 23.392298698425293}, "costs": {"total_cost": 676.2207199057926, "time_cost": 150, "final_distance_cost": 63.28638035097299, "oscillation_cost": 48.45308477997576, "completition_cost": 333.33333333333337, "overshoot_cost": 55.23842238856082, "power_cost": 13.016257934570314, "noise_cost": 12.893241118379393, "n_waypoints_completed": 6, "tot_waypoints": 9}}
{"target": -186.14220941854146, "params": {"k_pid_pos": [1.033967693808597, 0.024859491386256316, 0.11838016897587333], "k_pid_alt": [1.85112020821355, 0.0, 0.8325386616406555], "k_pid_att": [23.08752834258585, 4.077532668255645, 0.73590781336997], "k_pid_yaw": [0.5, 1e-06, 0.1], "k_pid_hsp": [1.606987810134683, 0.5024897330046606, 0.01], "k_pid_vsp": [349.886712726164, 310.89645667885657, 1.0]}, "datetime": {"datetime": "2025-08-21 20:51:37", "elapsed": 43614.38316607475, "delta": 16.885225772857666}, "costs": {"total_cost": 186.14220941854146, "time_cost": 69.824, "final_distance_cost": 1.847178536345558, "oscillation_cost": 39.971969367684494, "completition_cost": 0.0, "overshoot_cost": 48.42924541036843, "power_cost": 13.818627783203125, "noise_cost": 12.25118832093985, "n_waypoints_completed": 9, "tot_waypoints": 9}}
{"target": -199.11832996436334, "params": {"k_pid_pos": [1.8922997940790476, 0.3476693083007718, 0.11242249713100771], "k_pid_alt": [1.85112020821355, 0.0, 0.1576465649121419], "k_pid_att": [86.70916919633552, 4.077532668255645, 0.9808211468183533], "k_pid_yaw": [0.5, 1e-06, 0.1], "k_pid_hsp": [1.606987810134683, 0.08333843891839088, 0.01], "k_pid_vsp": [110.56511661686339, 130.53254854158118, 1.0]}, "datetime": {"datetime": "2025-08-21 20:51:56", "elapsed": 43632.935560941696, "delta": 18.55239486694336}, "costs": {"total_cost": 199.11832996436334, "time_cost": 74.368, "final_distance_cost": 1.7268387324209995, "oscillation_cost": 46.408274641011644, "completition_cost": 0.0, "overshoot_cost": 53.56399499868049, "power_cost": 11.840566210937501, "noise_cost": 11.210655381312705, "n_waypoints_completed": 9, "tot_waypoints": 9}}
{"target": -1897.1126811745703, "params": {"k_pid_pos": [1.033967693808597, 0.024859491386256316, 0.11242249713100771], "k_pid_alt": [1.85112020821355, 0.0, 0.1576465649121419], "k_pid_att": [23.08752834258585, 4.077532668255645, 0.73590781336997], "k_pid_yaw": [0.5, 1e-06, 0.1], "k_pid_hsp": [1.606987810134683, 0.5904477871505759, 0.01], "k_pid_vsp": [110.56511661686339, 132.26915185465117, 363.76878077927546]}, "datetime": {"datetime": "2025-08-21 20:52:20", "elapsed": 43656.900589466095, "delta": 23.965028524398804}, "costs": {"total_cost": 1897.1126811745703, "time_cost": 150, "final_distance_cost": 304.22732503062883, "oscillation_cost": 28.923750696145532, "completition_cost": 888.8888888888888, "overshoot_cost": 485.2461146281984, "power_cost": 22.57467950439453, "noise_cost": 17.2519224263143, "n_waypoints_completed": 1, "tot_waypoints": 9}}
{"target": -1814.7601739682864, "params": {"k_pid_pos": [0.12345188687275412, 0.024859491386256316, 0.42495672118777295], "k_pid_alt": [1.85112020821355, 0.0, 0.9040352588026142], "k_pid_att": [86.70916919633552, 4.077532668255645, 0.9808211468183533], "k_pid_yaw": [0.5, 1e-06, 0.1], "k_pid_hsp": [1.606987810134683, 0.08333843891839088, 0.01], "k_pid_vsp": [110.56511661686339, 130.53254854158118, 294.80901264789827]}, "datetime": {"datetime": "2025-08-21 20:52:43", "elapsed": 43680.22641015053, "delta": 23.325820684432983}, "costs": {"total_cost": 1814.7601739682864, "time_cost": 150, "final_distance_cost": 323.900715669598, "oscillation_cost": 22.032191352087832, "completition_cost": 888.8888888888888, "overshoot_cost": 393.71351302362507, "power_cost": 18.796938818359376, "noise_cost": 17.427926215727137, "n_waypoints_completed": 1, "tot_waypoints": 9}}
{"target": -184.2491776253909, "params": {"k_pid_pos": [1.8922997940790476, 0.024859491386256316, 0.11242249713100771], "k_pid_alt": [1.85112020821355, 0.0, 0.1576465649121419], "k_pid_att": [63.45214009056577, 4.077532668255645, 0.9808211468183533], "k_pid_yaw": [0.5, 1e-06, 0.1], "k_pid_hsp": [1.606987810134683, 0.08333843891839088, 0.01], "k_pid_vsp": [110.56511661686339, 130.53254854158118, 1.0]}, "datetime": {"datetime": "2025-08-21 20:53:00", "elapsed": 43696.59009408951, "delta": 16.363683938980103}, "costs": {"total_cost": 184.2491776253909, "time_cost": 67.992, "final_distance_cost": 1.7754703433318695, "oscillation_cost": 42.249269134054714, "completition_cost": 0.0, "overshoot_cost": 50.299632791643546, "power_cost": 11.29663787841797, "noise_cost": 10.636167477942795, "n_waypoints_completed": 9, "tot_waypoints": 9}}
{"target": -190.42159600434584, "params": {"k_pid_pos": [0.7352486228235602, 0.024859491386256316, 0.11242249713100771], "k_pid_alt": [1.0453735240084545, 0.0, 0.1576465649121419], "k_pid_att": [63.45214009056577, 4.077532668255645, 0.9808211468183533], "k_pid_yaw": [0.5, 1e-06, 0.1], "k_pid_hsp": [1.606987810134683, 0.08333843891839088, 0.01], "k_pid_vsp": [110.56511661686339, 130.53254854158118, 1.0]}, "datetime": {"datetime": "2025-08-21 20:53:18", "elapsed": 43714.50676703453, "delta": 17.916672945022583}, "costs": {"total_cost": 190.42159600434584, "time_cost": 75.528, "final_distance_cost": 1.8470773730077554, "oscillation_cost": 39.24159459714643, "completition_cost": 0.0, "overshoot_cost": 49.96348485168108, "power_cost": 12.189834606933594, "noise_cost": 11.651604575576991, "n_waypoints_completed": 9, "tot_waypoints": 9}}
{"target": -559.3234865682455, "params": {"k_pid_pos": [0.5060692904340539, 0.517989997140969, 0.42495672118777295], "k_pid_alt": [1.85112020821355, 0.33778499575459064, 0.1576465649121419], "k_pid_att": [86.70916919633552, 4.077532668255645, 0.9808211468183533], "k_pid_yaw": [0.5, 1e-06, 0.1], "k_pid_hsp": [1.606987810134683, 0.08333843891839088, 0.01], "k_pid_vsp": [110.56511661686339, 130.53254854158118, 1.0]}, "datetime": {"datetime": "2025-08-21 20:53:42", "elapsed": 43738.92273902893, "delta": 24.415971994400024}, "costs": {"total_cost": 559.3234865682455, "time_cost": 150, "final_distance_cost": 64.10759618742597, "oscillation_cost": 38.367494576622036, "completition_cost": 222.2222222222222, "overshoot_cost": 45.69507029273735, "power_cost": 22.010946484375, "noise_cost": 16.920156804862913, "n_waypoints_completed": 7, "tot_waypoints": 9}}
{"target": -1404.5517132935977, "params": {"k_pid_pos": [1.033967693808597, 0.024859491386256316, 0.11242249713100771], "k_pid_alt": [1.85112020821355, 0.0, 0.1576465649121419], "k_pid_att": [32.5006215253743, 1.4171773283956124, 0.9808211468183533], "k_pid_yaw": [0.5, 1e-06, 0.1], "k_pid_hsp": [1.606987810134683, 0.30087628819501033, 0.01], "k_pid_vsp": [110.56511661686339, 130.53254854158118, 374.50565937352724]}, "datetime": {"datetime": "2025-08-21 20:54:04", "elapsed": 43761.26371383667, "delta": 22.340974807739258}, "costs": {"total_cost": 1404.5517132935977, "time_cost": 150, "final_distance_cost": 268.65319226461787, "oscillation_cost": 33.76603585258131, "completition_cost": 777.7777777777778, "overshoot_cost": 163.34698090726047, "power_cost": 4.202976965332032, "noise_cost": 6.804749526028258, "n_waypoints_completed": 2, "tot_waypoints": 9}}
{"target": -193.0367603501062, "params": {"k_pid_pos": [1.8922997940790476, 0.024859491386256316, 0.42495672118777295], "k_pid_alt": [1.85112020821355, 0.0, 0.05010974591185968], "k_pid_att": [63.45214009056577, 4.077532668255645, 0.9808211468183533], "k_pid_yaw": [0.5, 1e-06, 0.1], "k_pid_hsp": [5.304349714991353, 0.08333843891839088, 0.01], "k_pid_vsp": [110.56511661686339, 130.53254854158118, 1.0]}, "datetime": {"datetime": "2025-08-21 20:54:22", "elapsed": 43778.987728357315, "delta": 17.72401452064514}, "costs": {"total_cost": 193.0367603501062, "time_cost": 69.04, "final_distance_cost": 1.8064971983905806, "oscillation_cost": 45.34287639573202, "completition_cost": 0.0, "overshoot_cost": 50.58550911573962, "power_cost": 14.053416406250001, "noise_cost": 12.20846123399398, "n_waypoints_completed": 9, "tot_waypoints": 9}}
{"target": -185.75723302971286, "params": {"k_pid_pos": [1.8922997940790476, 0.024859491386256316, 0.11242249713100771], "k_pid_alt": [1.85112020821355, 0.0, 0.1576465649121419], "k_pid_att": [63.45214009056577, 4.077532668255645, 0.9808211468183533], "k_pid_yaw": [0.5, 1e-06, 0.1], "k_pid_hsp": [1.606987810134683, 0.08333843891839088, 0.01], "k_pid_vsp": [110.56511661686339, 130.53254854158118, 1.0]}, "datetime": {"datetime": "2025-08-21 20:54:38", "elapsed": 43794.80673313141, "delta": 15.819004774093628}, "costs": {"total_cost": 185.75723302971286, "time_cost": 68.224, "final_distance_cost": 1.7985905417931374, "oscillation_cost": 42.46294576577656, "completition_cost": 0.0, "overshoot_cost": 50.59251930988437, "power_cost": 11.77250830078125, "noise_cost": 10.906669111477534, "n_waypoints_completed": 9, "tot_waypoints": 9}}
