{"target": -916.8948340810452, "params": {"k_pid_pos": [1.8922997940790476, 0.9873955414795771, 0.6250867496839783], "k_pid_alt": [1.2157923894053295, 0.0, 0.19998319442575607], "k_pid_att": [58.989274729095186, 2.1368568635634517, 0.73590781336997], "k_pid_yaw": [0.5, 1e-06, 0.1], "k_pid_hsp": [1.606987810134683, 0.0953687395585695, 0.01], "k_pid_vsp": [305.67975269326223, 210.91861290663223, 1.0]}, "datetime": {"datetime": "2025-08-21 19:04:07", "elapsed": 37164.19492506981, "delta": 23.039264678955078}, "costs": {"total_cost": 916.8948340810452, "time_cost": 150, "final_distance_cost": 37.79019055827806, "oscillation_cost": 34.72745391453951, "completition_cost": 555.5555555555555, "overshoot_cost": 66.2060707695971, "power_cost": 28.7337611328125, "noise_cost": 43.88180215026262, "n_waypoints_completed": 4, "tot_waypoints": 9}}
{"target": -183.65596680031751, "params": {"k_pid_pos": [1.8922997940790476, 0.024859491386256316, 0.6250867496839783], "k_pid_alt": [0.8511837275376319, 0.0, 0.1576465649121419], "k_pid_att": [17.70068292225333, 5.859554809351448, 0.73590781336997], "k_pid_yaw": [0.5, 1e-06, 0.1], "k_pid_hsp": [1.606987810134683, 0.1531003758033771, 0.01], "k_pid_vsp": [238.1261879800935, 130.53254854158118, 1.0]}, "datetime": {"datetime": "2025-08-21 19:04:25", "elapsed": 37181.80784082413, "delta": 17.612915754318237}, "costs": {"total_cost": 183.65596680031751, "time_cost": 70.328, "final_distance_cost": 1.8312835514953207, "oscillation_cost": 41.4019281877217, "completition_cost": 0.0, "overshoot_cost": 49.468279522802035, "power_cost": 10.348353076171875, "noise_cost": 10.278122462126587, "n_waypoints_completed": 9, "tot_waypoints": 9}}
{"target": -203.77651291730442, "params": {"k_pid_pos": [1.8922997940790476, 0.024859491386256316, 0.6250867496839783], "k_pid_alt": [1.1098775236402525, 0.0, 0.07444874772262577], "k_pid_att": [58.989274729095186, 1.1166001057131414, 0.2962482180956587], "k_pid_yaw": [0.5, 1e-06, 0.1], "k_pid_hsp": [1.606987810134683, 0.1531003758033771, 0.01], "k_pid_vsp": [131.157380286128, 59.083466427248936, 1.0]}, "datetime": {"datetime": "2025-08-21 19:04:42", "elapsed": 37198.73470950127, "delta": 16.926868677139282}, "costs": {"total_cost": 203.77651291730442, "time_cost": 71.696, "final_distance_cost": 1.805343908731225, "oscillation_cost": 48.65559470727184, "completition_cost": 0.0, "overshoot_cost": 51.14078105818884, "power_cost": 16.855422290039062, "noise_cost": 13.62337095307344, "n_waypoints_completed": 9, "tot_waypoints": 9}}
{"target": -258.84500497374654, "params": {"k_pid_pos": [1.8922997940790476, 0.05987593904989075, 0.13237539511535457], "k_pid_alt": [1.9160597436741602, 0.24975776312021047, 0.1576465649121419], "k_pid_att": [12.43088436511497, 1.1166001057131414, 0.73590781336997], "k_pid_yaw": [0.5, 1e-06, 0.1], "k_pid_hsp": [1.606987810134683, 0.5272074751296921, 0.01], "k_pid_vsp": [110.56511661686339, 130.53254854158118, 1.0]}, "datetime": {"datetime": "2025-08-21 19:05:06", "elapsed": 37222.988473415375, "delta": 24.253763914108276}, "costs": {"total_cost": 258.84500497374654, "time_cost": 99.98400000000001, "final_distance_cost": 1.7723944434689463, "oscillation_cost": 69.57366529335589, "completition_cost": 0.0, "overshoot_cost": 52.11378264307033, "power_cost": 19.414327392578127, "noise_cost": 15.986835201273237, "n_waypoints_completed": 9, "tot_waypoints": 9}}
{"target": -214.86822346312397, "params": {"k_pid_pos": [1.8922997940790476, 0.7323733489896951, 0.37255195504867966], "k_pid_alt": [1.9160597436741602, 0.0, 0.20116253882959134], "k_pid_att": [13.107192077287921, 0.5364822422922942, 0.8267899093225144], "k_pid_yaw": [0.5, 1e-06, 0.1], "k_pid_hsp": [4.250673906138699, 0.1531003758033771, 0.01], "k_pid_vsp": [93.65012360586942, 59.083466427248936, 1.0]}, "datetime": {"datetime": "2025-08-21 19:05:25", "elapsed": 37241.915781736374, "delta": 18.927308320999146}, "costs": {"total_cost": 214.86822346312397, "time_cost": 82.8, "final_distance_cost": 1.7483418332068752, "oscillation_cost": 47.19308758648579, "completition_cost": 0.0, "overshoot_cost": 52.15407677650416, "power_cost": 16.768739318847658, "noise_cost": 14.20397794807948, "n_waypoints_completed": 9, "tot_waypoints": 9}}
{"target": -341.16004454186236, "params": {"k_pid_pos": [1.8922997940790476, 0.024859491386256316, 0.6250867496839783], "k_pid_alt": [1.1098775236402525, 0.0, 0.1576465649121419], "k_pid_att": [12.43088436511497, 1.1166001057131414, 0.73590781336997], "k_pid_yaw": [0.5, 1e-06, 0.1], "k_pid_hsp": [1.606987810134683, 0.1531003758033771, 0.6388775990814546], "k_pid_vsp": [110.56511661686339, 59.083466427248936, 1.0]}, "datetime": {"datetime": "2025-08-21 19:05:46", "elapsed": 37262.48983550072, "delta": 20.57405376434326}, "costs": {"total_cost": 341.16004454186236, "time_cost": 82.488, "final_distance_cost": 1.7352461871440275, "oscillation_cost": 168.41761540071653, "completition_cost": 0.0, "overshoot_cost": 58.868496472623285, "power_cost": 15.77647958984375, "noise_cost": 13.87420689153478, "n_waypoints_completed": 9, "tot_waypoints": 9}}
{"target": -283.81840868406357, "params": {"k_pid_pos": [1.8922997940790476, 0.7323733489896951, 0.49838956840353354], "k_pid_alt": [1.9160597436741602, 0.0, 0.20116253882959134], "k_pid_att": [13.107192077287921, 0.5364822422922942, 0.8267899093225144], "k_pid_yaw": [0.5, 1e-06, 0.1], "k_pid_hsp": [4.250673906138699, 0.1531003758033771, 0.6388775990814546], "k_pid_vsp": [110.56511661686339, 59.083466427248936, 1.0]}, "datetime": {"datetime": "2025-08-21 19:06:04", "elapsed": 37281.392949581146, "delta": 18.903114080429077}, "costs": {"total_cost": 283.81840868406357, "time_cost": 80.624, "final_distance_cost": 1.7316164650604287, "oscillation_cost": 126.48646801257888, "completition_cost": 0.0, "overshoot_cost": 55.655517295648316, "power_cost": 9.376901892089844, "noise_cost": 9.9439050186861, "n_waypoints_completed": 9, "tot_waypoints": 9}}
{"target": -213.58354831335717, "params": {"k_pid_pos": [1.8922997940790476, 0.05987593904989075, 0.9029480546018064], "k_pid_alt": [1.9160597436741602, 0.18035720786275955, 0.07444874772262577], "k_pid_att": [4.211416689967007, 1.1166001057131414, 0.49142852894840106], "k_pid_yaw": [0.5, 1e-06, 0.1], "k_pid_hsp": [1.606987810134683, 0.1531003758033771, 0.01], "k_pid_vsp": [18.79289508575375, 87.55844162537096, 1.0]}, "datetime": {"datetime": "2025-08-21 19:06:24", "elapsed": 37301.108680963516, "delta": 19.715731382369995}, "costs": {"total_cost": 213.58354831335717, "time_cost": 82.176, "final_distance_cost": 1.74547943180229, "oscillation_cost": 56.37990214416073, "completition_cost": 0.0, "overshoot_cost": 50.395250696239984, "power_cost": 11.816990600585939, "noise_cost": 11.06992544056819, "n_waypoints_completed": 9, "tot_waypoints": 9}}
{"target": -408.1988084500482, "params": {"k_pid_pos": [1.8922997940790476, 0.05987593904989075, 0.37255195504867966], "k_pid_alt": [0.5546012238802476, 0.0, 0.03709733230613255], "k_pid_att": [58.989274729095186, 5.859554809351448, 0.8612643910736462], "k_pid_yaw": [0.5, 1e-06, 0.1], "k_pid_hsp": [1.606987810134683, 0.08333843891839088, 0.5400436233611018], "k_pid_vsp": [110.56511661686339, 130.53254854158118, 1.0]}, "datetime": {"datetime": "2025-08-21 19:06:47", "elapsed": 37324.286125421524, "delta": 23.177444458007812}, "costs": {"total_cost": 408.1988084500482, "time_cost": 96.712, "final_distance_cost": 1.8030401780031284, "oscillation_cost": 224.41204948189025, "completition_cost": 0.0, "overshoot_cost": 55.717469699111334, "power_cost": 15.064520532226563, "noise_cost": 14.489728558816937, "n_waypoints_completed": 9, "tot_waypoints": 9}}
{"target": -180.95022007917868, "params": {"k_pid_pos": [1.8922997940790476, 0.0822904257601288, 0.6250867496839783], "k_pid_alt": [1.9160597436741602, 0.0, 0.1576465649121419], "k_pid_att": [58.989274729095186, 5.859554809351448, 0.9808211468183533], "k_pid_yaw": [0.5, 1e-06, 0.1], "k_pid_hsp": [1.606987810134683, 0.08333843891839088, 0.01], "k_pid_vsp": [110.56511661686339, 130.53254854158118, 1.0]}, "datetime": {"datetime": "2025-08-21 19:07:03", "elapsed": 37340.091311216354, "delta": 15.805185794830322}, "costs": {"total_cost": 180.95022007917868, "time_cost": 68.312, "final_distance_cost": 1.8261495678098274, "oscillation_cost": 38.88966007296159, "completition_cost": 0.0, "overshoot_cost": 49.68511466176378, "power_cost": 11.348517126464845, "noise_cost": 10.88877865017863, "n_waypoints_completed": 9, "tot_waypoints": 9}}
{"target": -183.09484974785806, "params": {"k_pid_pos": [1.8922997940790476, 0.024859491386256316, 0.6250867496839783], "k_pid_alt": [1.1098775236402525, 0.0, 0.1576465649121419], "k_pid_att": [25.463483275157817, 1.4953935029224072, 0.73590781336997], "k_pid_yaw": [0.5, 1e-06, 0.1], "k_pid_hsp": [1.606987810134683, 0.1531003758033771, 0.01], "k_pid_vsp": [110.56511661686339, 130.53254854158118, 1.0]}, "datetime": {"datetime": "2025-08-21 19:07:19", "elapsed": 37356.416994571686, "delta": 16.32568335533142}, "costs": {"total_cost": 183.09484974785806, "time_cost": 69.184, "final_distance_cost": 1.8167931635505716, "oscillation_cost": 39.59999010775483, "completition_cost": 0.0, "overshoot_cost": 49.545128046363, "power_cost": 11.918212219238281, "noise_cost": 11.030726210951364, "n_waypoints_completed": 9, "tot_waypoints": 9}}
{"target": -183.06575913438587, "params": {"k_pid_pos": [1.8922997940790476, 0.05987593904989075, 0.37255195504867966], "k_pid_alt": [1.9160597436741602, 0.0, 0.1576465649121419], "k_pid_att": [58.989274729095186, 5.859554809351448, 0.8612643910736462], "k_pid_yaw": [0.5, 1e-06, 0.1], "k_pid_hsp": [1.606987810134683, 0.08333843891839088, 0.01], "k_pid_vsp": [110.56511661686339, 130.53254854158118, 1.0]}, "datetime": {"datetime": "2025-08-21 19:07:36", "elapsed": 37372.872520685196, "delta": 16.455526113510132}, "costs": {"total_cost": 183.06575913438587, "time_cost": 68.48, "final_distance_cost": 1.810648790683473, "oscillation_cost": 38.29007381273892, "completition_cost": 0.0, "overshoot_cost": 49.96845321270069, "power_cost": 12.876744702148438, "noise_cost": 11.639838616114346, "n_waypoints_completed": 9, "tot_waypoints": 9}}
{"target": -238.34058950105776, "params": {"k_pid_pos": [1.8922997940790476, 0.7548787995750461, 0.37255195504867966], "k_pid_alt": [1.9160597436741602, 0.0, 0.1576465649121419], "k_pid_att": [58.989274729095186, 5.859554809351448, 0.8612643910736462], "k_pid_yaw": [0.5, 1e-06, 0.1], "k_pid_hsp": [1.606987810134683, 0.08333843891839088, 0.01], "k_pid_vsp": [110.56511661686339, 130.53254854158118, 87.85455585795182]}, "datetime": {"datetime": "2025-08-21 19:07:56", "elapsed": 37392.98310923576, "delta": 20.110588550567627}, "costs": {"total_cost": 238.34058950105776, "time_cost": 86.4, "final_distance_cost": 1.7471395609082716, "oscillation_cost": 59.51494703914827, "completition_cost": 0.0, "overshoot_cost": 56.9683921340294, "power_cost": 19.259477783203128, "noise_cost": 14.450632983768699, "n_waypoints_completed": 9, "tot_waypoints": 9}}
{"target": -575.0706104845796, "params": {"k_pid_pos": [1.8922997940790476, 0.024859491386256316, 0.6250867496839783], "k_pid_alt": [0.20409153928214518, 0.0, 0.1576465649121419], "k_pid_att": [17.70068292225333, 7.157754275452794, 0.73590781336997], "k_pid_yaw": [0.5, 1e-06, 0.1], "k_pid_hsp": [8.673962646499298, 0.1531003758033771, 0.01], "k_pid_vsp": [238.1261879800935, 130.53254854158118, 1.0]}, "datetime": {"datetime": "2025-08-21 19:08:20", "elapsed": 37416.64735341072, "delta": 23.664244174957275}, "costs": {"total_cost": 575.0706104845796, "time_cost": 150, "final_distance_cost": 72.08360647859477, "oscillation_cost": 55.87170891125833, "completition_cost": 222.2222222222222, "overshoot_cost": 43.55115278577574, "power_cost": 16.753244189453127, "noise_cost": 14.588675897275397, "n_waypoints_completed": 7, "tot_waypoints": 9}}
{"target": -230.60834825205177, "params": {"k_pid_pos": [1.8922997940790476, 0.024859491386256316, 0.37255195504867966], "k_pid_alt": [1.9160597436741602, 0.0, 0.1576465649121419], "k_pid_att": [58.989274729095186, 5.859554809351448, 0.8612643910736462], "k_pid_yaw": [0.5, 1e-06, 0.1], "k_pid_hsp": [1.606987810134683, 0.08333843891839088, 0.01], "k_pid_vsp": [119.32291780727789, 130.53254854158118, 1.0]}, "datetime": {"datetime": "2025-08-21 19:08:40", "elapsed": 37436.70997977257, "delta": 20.062626361846924}, "costs": {"total_cost": 230.60834825205177, "time_cost": 82.888, "final_distance_cost": 1.8172405742248443, "oscillation_cost": 44.04048116789643, "completition_cost": 0.0, "overshoot_cost": 60.60583941925484, "power_cost": 22.28159509277344, "noise_cost": 18.97519199790222, "n_waypoints_completed": 9, "tot_waypoints": 9}}
{"target": -187.74858544772354, "params": {"k_pid_pos": [1.8922997940790476, 0.024859491386256316, 0.6250867496839783], "k_pid_alt": [1.1098775236402525, 0.0, 0.1576465649121419], "k_pid_att": [25.463483275157817, 1.4953935029224072, 0.73590781336997], "k_pid_yaw": [0.5, 1e-06, 0.1], "k_pid_hsp": [1.606987810134683, 0.1531003758033771, 0.01], "k_pid_vsp": [110.56511661686339, 130.53254854158118, 1.0]}, "datetime": {"datetime": "2025-08-21 19:08:56", "elapsed": 37452.81150817871, "delta": 16.10152840614319}, "costs": {"total_cost": 187.74858544772354, "time_cost": 69.672, "final_distance_cost": 1.8073065553733019, "oscillation_cost": 39.279325008341374, "completition_cost": 0.0, "overshoot_cost": 49.62052314809274, "power_cost": 14.801050158691407, "noise_cost": 12.56838057722474, "n_waypoints_completed": 9, "tot_waypoints": 9}}
{"target": -182.8299148782989, "params": {"k_pid_pos": [1.8922997940790476, 0.024859491386256316, 0.42495672118777295], "k_pid_alt": [1.85112020821355, 0.0, 0.1576465649121419], "k_pid_att": [25.06356558820614, 7.347914484943822, 0.73590781336997], "k_pid_yaw": [0.5, 1e-06, 0.1], "k_pid_hsp": [1.606987810134683, 0.08333843891839088, 0.01], "k_pid_vsp": [110.56511661686339, 130.53254854158118, 1.0]}, "datetime": {"datetime": "2025-08-21 19:09:12", "elapsed": 37468.990822553635, "delta": 16.179314374923706}, "costs": {"total_cost": 182.8299148782989, "time_cost": 67.896, "final_distance_cost": 1.8208053272456468, "oscillation_cost": 40.436584027349426, "completition_cost": 0.0, "overshoot_cost": 49.95491098204077, "power_cost": 11.835446545410157, "noise_cost": 10.886167996252894, "n_waypoints_completed": 9, "tot_waypoints": 9}}
{"target": -189.34646871040724, "params": {"k_pid_pos": [1.8922997940790476, 0.024859491386256316, 0.6250867496839783], "k_pid_alt": [1.1098775236402525, 0.0, 0.1576465649121419], "k_pid_att": [58.989274729095186, 5.859554809351448, 0.73590781336997], "k_pid_yaw": [0.5, 1e-06, 0.1], "k_pid_hsp": [1.8683835514128975, 0.1531003758033771, 0.01], "k_pid_vsp": [303.00008221409286, 59.083466427248936, 1.0]}, "datetime": {"datetime": "2025-08-21 19:09:28", "elapsed": 37485.420595407486, "delta": 16.42977285385132}, "costs": {"total_cost": 189.34646871040724, "time_cost": 70.416, "final_distance_cost": 1.8071179547777747, "oscillation_cost": 39.82613734447141, "completition_cost": 0.0, "overshoot_cost": 50.64182520647042, "power_cost": 14.199908410644532, "noise_cost": 12.45547979404309, "n_waypoints_completed": 9, "tot_waypoints": 9}}
{"target": -194.7769249571834, "params": {"k_pid_pos": [1.8922997940790476, 0.024859491386256316, 0.6250867496839783], "k_pid_alt": [1.9160597436741602, 0.7293547064325894, 0.1576465649121419], "k_pid_att": [58.989274729095186, 1.5839964871973657, 0.8612643910736462], "k_pid_yaw": [0.5, 1e-06, 0.1], "k_pid_hsp": [1.606987810134683, 0.0953687395585695, 0.01], "k_pid_vsp": [305.67975269326223, 210.91861290663223, 1.0]}, "datetime": {"datetime": "2025-08-21 19:09:47", "elapsed": 37503.72533416748, "delta": 18.304738759994507}, "costs": {"total_cost": 194.7769249571834, "time_cost": 74.952, "final_distance_cost": 1.791327300545917, "oscillation_cost": 47.56874472078142, "completition_cost": 0.0, "overshoot_cost": 50.67089104526566, "power_cost": 9.830445874023438, "noise_cost": 9.963516016566947, "n_waypoints_completed": 9, "tot_waypoints": 9}}
{"target": -184.28367763427462, "params": {"k_pid_pos": [1.8922997940790476, 0.05987593904989075, 0.37255195504867966], "k_pid_alt": [1.1098775236402525, 0.0, 0.07444874772262577], "k_pid_att": [58.989274729095186, 1.1166001057131414, 0.2962482180956587], "k_pid_yaw": [0.5, 1e-06, 0.1], "k_pid_hsp": [1.606987810134683, 0.1531003758033771, 0.01], "k_pid_vsp": [131.157380286128, 59.083466427248936, 1.0]}, "datetime": {"datetime": "2025-08-21 19:10:03", "elapsed": 37519.99052977562, "delta": 16.265195608139038}, "costs": {"total_cost": 184.28367763427462, "time_cost": 68.584, "final_distance_cost": 1.7964149788060737, "oscillation_cost": 45.2452310984357, "completition_cost": 0.0, "overshoot_cost": 49.82730289091806, "power_cost": 9.229276721191408, "noise_cost": 9.601451944923388, "n_waypoints_completed": 9, "tot_waypoints": 9}}
{"target": -245.8094924271274, "params": {"k_pid_pos": [1.8922997940790476, 0.024859491386256316, 0.6250867496839783], "k_pid_alt": [1.1098775236402525, 0.7924061734480113, 0.1576465649121419], "k_pid_att": [25.463483275157817, 1.4953935029224072, 0.73590781336997], "k_pid_yaw": [0.5, 1e-06, 0.1], "k_pid_hsp": [1.606987810134683, 0.9499841541966557, 0.01], "k_pid_vsp": [110.56511661686339, 130.53254854158118, 1.0]}, "datetime": {"datetime": "2025-08-21 19:10:24", "elapsed": 37540.74599170685, "delta": 20.755461931228638}, "costs": {"total_cost": 245.8094924271274, "time_cost": 86.792, "final_distance_cost": 1.800299311393063, "oscillation_cost": 68.9218218805169, "completition_cost": 0.0, "overshoot_cost": 56.190637981715284, "power_cost": 17.849847900390625, "noise_cost": 14.254885353111533, "n_waypoints_completed": 9, "tot_waypoints": 9}}
{"target": -185.38813379302655, "params": {"k_pid_pos": [1.8922997940790476, 0.05987593904989075, 0.37255195504867966], "k_pid_alt": [1.9160597436741602, 0.0, 0.1576465649121419], "k_pid_att": [58.989274729095186, 5.859554809351448, 0.8612643910736462], "k_pid_yaw": [0.5, 1e-06, 0.1], "k_pid_hsp": [1.606987810134683, 0.08333843891839088, 0.01], "k_pid_vsp": [110.56511661686339, 130.53254854158118, 1.0]}, "datetime": {"datetime": "2025-08-21 19:10:40", "elapsed": 37556.644963502884, "delta": 15.898971796035767}, "costs": {"total_cost": 185.38813379302655, "time_cost": 68.608, "final_distance_cost": 1.7897194295252907, "oscillation_cost": 40.38833441983115, "completition_cost": 0.0, "overshoot_cost": 50.38300317842201, "power_cost": 12.796430834960939, "noise_cost": 11.42264593028716, "n_waypoints_completed": 9, "tot_waypoints": 9}}
{"target": -584.2417349966813, "params": {"k_pid_pos": [1.8922997940790476, 0.024859491386256316, 0.6250867496839783], "k_pid_alt": [0.3926508565225477, 0.0, 0.19998319442575607], "k_pid_att": [58.989274729095186, 2.1368568635634517, 0.73590781336997], "k_pid_yaw": [0.5, 1e-06, 0.1], "k_pid_hsp": [1.606987810134683, 0.1531003758033771, 0.42135426832000655], "k_pid_vsp": [110.56511661686339, 130.53254854158118, 1.0]}, "datetime": {"datetime": "2025-08-21 19:11:04", "elapsed": 37581.40226531029, "delta": 24.757301807403564}, "costs": {"total_cost": 584.2417349966813, "time_cost": 150, "final_distance_cost": 1.8845385526725196, "oscillation_cost": 232.33604059970662, "completition_cost": 111.11111111111116, "overshoot_cost": 55.18846514720184, "power_cost": 18.00358779296875, "noise_cost": 15.717991793020335, "n_waypoints_completed": 8, "tot_waypoints": 9}}
{"target": -202.9619927042358, "params": {"k_pid_pos": [1.8922997940790476, 0.024859491386256316, 0.6250867496839783], "k_pid_alt": [1.1098775236402525, 0.0, 0.1576465649121419], "k_pid_att": [25.463483275157817, 5.859554809351448, 0.73590781336997], "k_pid_yaw": [0.5, 1e-06, 0.1], "k_pid_hsp": [6.945566142386952, 0.3950404285906909, 0.01], "k_pid_vsp": [110.56511661686339, 130.53254854158118, 1.0]}, "datetime": {"datetime": "2025-08-21 19:11:21", "elapsed": 37597.642436265945, "delta": 16.24017095565796}, "costs": {"total_cost": 202.9619927042358, "time_cost": 69.16, "final_distance_cost": 1.8335148351751218, "oscillation_cost": 59.651243689517585, "completition_cost": 0.0, "overshoot_cost": 49.972569501712385, "power_cost": 11.498108654785156, "noise_cost": 10.846556023045602, "n_waypoints_completed": 9, "tot_waypoints": 9}}
{"target": -187.39391994108365, "params": {"k_pid_pos": [1.8922997940790476, 0.024859491386256316, 0.6250867496839783], "k_pid_alt": [1.1098775236402525, 0.0, 0.1576465649121419], "k_pid_att": [25.463483275157817, 7.389614396826664, 0.73590781336997], "k_pid_yaw": [0.5, 1e-06, 0.1], "k_pid_hsp": [1.606987810134683, 0.1531003758033771, 0.01], "k_pid_vsp": [110.56511661686339, 130.53254854158118, 1.0]}, "datetime": {"datetime": "2025-08-21 19:11:38", "elapsed": 37614.63586258888, "delta": 16.99342632293701}, "costs": {"total_cost": 187.39391994108365, "time_cost": 69.512, "final_distance_cost": 1.8308480596133876, "oscillation_cost": 38.592880161154106, "completition_cost": 0.0, "overshoot_cost": 49.832979052559224, "power_cost": 15.0425712890625, "noise_cost": 12.582641378694461, "n_waypoints_completed": 9, "tot_waypoints": 9}}
