{"target": -229.76211088728385, "params": {"k_pid_pos": [1.8922997940790476, 0.8051487301469052, 0.5271164669865139], "k_pid_alt": [0.8737548644081292, 0.0, 0.7925958880414701], "k_pid_att": [39.43551947786956, 4.2484062323494, 0.9808211468183533], "k_pid_yaw": [0.5, 1e-06, 0.1], "k_pid_hsp": [1.606987810134683, 0.08333843891839088, 0.01], "k_pid_vsp": [110.56511661686339, 249.85044079645235, 1.0]}, "datetime": {"datetime": "2025-08-21 20:22:50", "elapsed": 41886.71010136604, "delta": 21.229174613952637}, "costs": {"total_cost": 229.76211088728385, "time_cost": 90.272, "final_distance_cost": 1.8384773542949358, "oscillation_cost": 51.39409288565885, "completition_cost": 0.0, "overshoot_cost": 52.25066788845639, "power_cost": 18.00811915283203, "noise_cost": 15.998753606041618, "n_waypoints_completed": 9, "tot_waypoints": 9}}
{"target": -191.20196673329332, "params": {"k_pid_pos": [0.5060692904340539, 0.517989997140969, 0.42495672118777295], "k_pid_alt": [1.85112020821355, 0.0, 0.1576465649121419], "k_pid_att": [32.5006215253743, 4.077532668255645, 0.73590781336997], "k_pid_yaw": [0.5, 1e-06, 0.1], "k_pid_hsp": [1.606987810134683, 0.5904477871505759, 0.01], "k_pid_vsp": [110.56511661686339, 130.53254854158118, 1.0]}, "datetime": {"datetime": "2025-08-21 20:23:08", "elapsed": 41904.78017115593, "delta": 18.070069789886475}, "costs": {"total_cost": 191.20196673329332, "time_cost": 77.328, "final_distance_cost": 1.7982602820238047, "oscillation_cost": 37.33794117614215, "completition_cost": 0.0, "overshoot_cost": 50.01078152991878, "power_cost": 12.703322009277345, "noise_cost": 12.023661735931235, "n_waypoints_completed": 9, "tot_waypoints": 9}}
{"target": -192.7258047057512, "params": {"k_pid_pos": [1.8922997940790476, 0.024859491386256316, 0.42495672118777295], "k_pid_alt": [0.9020104990244227, 0.0, 0.1576465649121419], "k_pid_att": [9.353998950407705, 5.894529415990727, 0.73590781336997], "k_pid_yaw": [0.5, 1e-06, 0.1], "k_pid_hsp": [1.606987810134683, 0.08333843891839088, 0.01], "k_pid_vsp": [110.56511661686339, 130.53254854158118, 1.0]}, "datetime": {"datetime": "2025-08-21 20:23:24", "elapsed": 41921.30050396919, "delta": 16.52033281326294}, "costs": {"total_cost": 192.7258047057512, "time_cost": 70.136, "final_distance_cost": 1.8125077929256905, "oscillation_cost": 43.96049487217524, "completition_cost": 0.0, "overshoot_cost": 50.30842087686973, "power_cost": 14.402014379882813, "noise_cost": 12.1063667838977, "n_waypoints_completed": 9, "tot_waypoints": 9}}
{"target": -180.51189454057828, "params": {"k_pid_pos": [1.8922997940790476, 0.024859491386256316, 0.42495672118777295], "k_pid_alt": [1.85112020821355, 0.0, 0.7925958880414701], "k_pid_att": [58.989274729095186, 4.2484062323494, 0.9808211468183533], "k_pid_yaw": [0.5, 1e-06, 0.1], "k_pid_hsp": [1.606987810134683, 0.08368559531676201, 0.01], "k_pid_vsp": [110.56511661686339, 168.05578983101148, 1.0]}, "datetime": {"datetime": "2025-08-21 20:23:42", "elapsed": 41938.864733457565, "delta": 17.564229488372803}, "costs": {"total_cost": 180.51189454057828, "time_cost": 68.848, "final_distance_cost": 1.8039932408726456, "oscillation_cost": 38.169908068596285, "completition_cost": 0.0, "overshoot_cost": 49.77564842698032, "power_cost": 11.274224353027344, "noise_cost": 10.640120451101705, "n_waypoints_completed": 9, "tot_waypoints": 9}}
{"target": -250.7929072631348, "params": {"k_pid_pos": [1.8922997940790476, 0.024859491386256316, 0.42495672118777295], "k_pid_alt": [1.1098775236402525, 0.9373605837588372, 0.3157032531275451], "k_pid_att": [58.989274729095186, 5.859554809351448, 0.9808211468183533], "k_pid_yaw": [0.5, 1e-06, 0.1], "k_pid_hsp": [1.606987810134683, 0.08333843891839088, 0.06273862611817704], "k_pid_vsp": [110.56511661686339, 120.58470232492162, 1.0]}, "datetime": {"datetime": "2025-08-21 20:24:02", "elapsed": 41959.42598438263, "delta": 20.561250925064087}, "costs": {"total_cost": 250.7929072631348, "time_cost": 89.12, "final_distance_cost": 1.7822613020677354, "oscillation_cost": 71.83368890087414, "completition_cost": 0.0, "overshoot_cost": 57.26675758581634, "power_cost": 16.75802283935547, "noise_cost": 14.032176635021088, "n_waypoints_completed": 9, "tot_waypoints": 9}}
{"target": -182.05433509782156, "params": {"k_pid_pos": [1.8922997940790476, 0.024859491386256316, 0.11242249713100771], "k_pid_alt": [1.85112020821355, 0.0, 0.1576465649121419], "k_pid_att": [63.45214009056577, 4.077532668255645, 0.9808211468183533], "k_pid_yaw": [0.5, 1e-06, 0.1], "k_pid_hsp": [1.606987810134683, 0.08333843891839088, 0.01], "k_pid_vsp": [110.56511661686339, 130.53254854158118, 1.0]}, "datetime": {"datetime": "2025-08-21 20:24:20", "elapsed": 41976.63725757599, "delta": 17.211273193359375}, "costs": {"total_cost": 182.05433509782156, "time_cost": 68.112, "final_distance_cost": 1.7828518846013612, "oscillation_cost": 42.96659226589797, "completition_cost": 0.0, "overshoot_cost": 49.96779288188584, "power_cost": 9.627678063964844, "noise_cost": 9.597420001471564, "n_waypoints_completed": 9, "tot_waypoints": 9}}
{"target": -178.41101092566922, "params": {"k_pid_pos": [1.8922997940790476, 0.024859491386256316, 0.5271164669865139], "k_pid_alt": [1.3888149624867963, 0.0, 0.5933646034205271], "k_pid_att": [58.989274729095186, 5.859554809351448, 0.9808211468183533], "k_pid_yaw": [0.5, 1e-06, 0.1], "k_pid_hsp": [1.380453583829348, 0.08333843891839088, 0.01], "k_pid_vsp": [110.56511661686339, 130.53254854158118, 1.0]}, "datetime": {"datetime": "2025-08-21 20:24:35", "elapsed": 41992.429953336716, "delta": 15.792695760726929}, "costs": {"total_cost": 178.41101092566922, "time_cost": 69.36, "final_distance_cost": 1.8175530586840767, "oscillation_cost": 38.54963635982753, "completition_cost": 0.0, "overshoot_cost": 49.7380035394975, "power_cost": 9.19247156982422, "noise_cost": 9.753346397835884, "n_waypoints_completed": 9, "tot_waypoints": 9}}
{"target": -1028.9393920152186, "params": {"k_pid_pos": [1.7219385669307627, 0.024859491386256316, 0.42495672118777295], "k_pid_alt": [0.7663335954160646, 0.0, 0.1576465649121419], "k_pid_att": [25.463483275157817, 1.1105074131954076, 0.73590781336997], "k_pid_yaw": [0.5, 1e-06, 0.1], "k_pid_hsp": [7.837403453361883, 0.34807726954488594, 0.01], "k_pid_vsp": [300.6485291534591, 130.53254854158118, 252.5487776696354]}, "datetime": {"datetime": "2025-08-21 20:25:01", "elapsed": 42017.72835636139, "delta": 25.298403024673462}, "costs": {"total_cost": 1028.9393920152186, "time_cost": 150, "final_distance_cost": 53.586405639131634, "oscillation_cost": 77.10890375353718, "completition_cost": 666.6666666666667, "overshoot_cost": 57.7140151988812, "power_cost": 12.859236486816407, "noise_cost": 11.004164270185436, "n_waypoints_completed": 3, "tot_waypoints": 9}}
{"target": -271.0821620287658, "params": {"k_pid_pos": [1.8922997940790476, 0.024859491386256316, 0.42495672118777295], "k_pid_alt": [1.1832165847632645, 0.0, 0.1576465649121419], "k_pid_att": [23.08752834258585, 4.077532668255645, 0.73590781336997], "k_pid_yaw": [0.5, 1e-06, 0.1], "k_pid_hsp": [1.606987810134683, 0.5904477871505759, 0.18764229178860936], "k_pid_vsp": [110.56511661686339, 20.252314050740118, 1.0]}, "datetime": {"datetime": "2025-08-21 20:25:16", "elapsed": 42033.26479935646, "delta": 15.536442995071411}, "costs": {"total_cost": 271.0821620287658, "time_cost": 69.256, "final_distance_cost": 1.734981301697955, "oscillation_cost": 126.61455302549481, "completition_cost": 0.0, "overshoot_cost": 50.912577849843075, "power_cost": 11.664299743652345, "noise_cost": 10.899750108077638, "n_waypoints_completed": 9, "tot_waypoints": 9}}
{"target": -189.00410724267957, "params": {"k_pid_pos": [1.8922997940790476, 0.3476693083007718, 0.42495672118777295], "k_pid_alt": [1.85112020821355, 0.0, 0.6797860385434875], "k_pid_att": [23.08752834258585, 4.077532668255645, 0.73590781336997], "k_pid_yaw": [0.5, 1e-06, 0.1], "k_pid_hsp": [1.606987810134683, 0.5904477871505759, 0.01], "k_pid_vsp": [110.56511661686339, 310.89645667885657, 1.0]}, "datetime": {"datetime": "2025-08-21 20:25:33", "elapsed": 42050.29971122742, "delta": 17.03491187095642}, "costs": {"total_cost": 189.00410724267957, "time_cost": 69.056, "final_distance_cost": 1.756745740064377, "oscillation_cost": 45.81726353033496, "completition_cost": 0.0, "overshoot_cost": 49.74542910015355, "power_cost": 11.897512060546875, "noise_cost": 10.731156811579778, "n_waypoints_completed": 9, "tot_waypoints": 9}}
{"target": -184.74589012706804, "params": {"k_pid_pos": [1.8922997940790476, 0.024859491386256316, 0.42495672118777295], "k_pid_alt": [1.85112020821355, 0.0, 0.05010974591185968], "k_pid_att": [63.45214009056577, 4.077532668255645, 0.9808211468183533], "k_pid_yaw": [0.5, 1e-06, 0.1], "k_pid_hsp": [1.606987810134683, 0.08333843891839088, 0.01], "k_pid_vsp": [110.56511661686339, 306.5653082406949, 1.0]}, "datetime": {"datetime": "2025-08-21 20:25:49", "elapsed": 42066.04695510864, "delta": 15.747243881225586}, "costs": {"total_cost": 184.74589012706804, "time_cost": 68.4, "final_distance_cost": 1.827062339928052, "oscillation_cost": 38.3789662865296, "completition_cost": 0.0, "overshoot_cost": 50.035390424418274, "power_cost": 13.931362341308594, "noise_cost": 12.173108734883513, "n_waypoints_completed": 9, "tot_waypoints": 9}}
{"target": -201.78432459101737, "params": {"k_pid_pos": [1.8922997940790476, 0.024859491386256316, 0.42495672118777295], "k_pid_alt": [0.9020104990244227, 0.0, 0.1576465649121419], "k_pid_att": [97.15749504346589, 1.1105074131954076, 0.016202813979795172], "k_pid_yaw": [0.5, 1e-06, 0.1], "k_pid_hsp": [1.606987810134683, 0.08333843891839088, 0.01], "k_pid_vsp": [110.56511661686339, 130.53254854158118, 1.0]}, "datetime": {"datetime": "2025-08-21 20:26:06", "elapsed": 42082.796421289444, "delta": 16.74946618080139}, "costs": {"total_cost": 201.78432459101737, "time_cost": 70.408, "final_distance_cost": 1.8064423432162504, "oscillation_cost": 54.23195111582836, "completition_cost": 0.0, "overshoot_cost": 50.166536954530685, "power_cost": 13.368729504394532, "noise_cost": 11.802664673047564, "n_waypoints_completed": 9, "tot_waypoints": 9}}
{"target": -185.11560236604925, "params": {"k_pid_pos": [1.8922997940790476, 0.024859491386256316, 0.42495672118777295], "k_pid_alt": [0.9020104990244227, 0.0, 0.1576465649121419], "k_pid_att": [25.463483275157817, 1.1105074131954076, 0.73590781336997], "k_pid_yaw": [0.5, 1e-06, 0.1], "k_pid_hsp": [1.606987810134683, 0.08333843891839088, 0.01], "k_pid_vsp": [110.56511661686339, 130.53254854158118, 1.0]}, "datetime": {"datetime": "2025-08-21 20:26:23", "elapsed": 42100.34185910225, "delta": 17.545437812805176}, "costs": {"total_cost": 185.11560236604925, "time_cost": 70.08800000000001, "final_distance_cost": 1.7865507602656485, "oscillation_cost": 40.15767049096092, "completition_cost": 0.0, "overshoot_cost": 49.604221992801826, "power_cost": 12.266965905761719, "noise_cost": 11.212193216259111, "n_waypoints_completed": 9, "tot_waypoints": 9}}
{"target": -630.7224249374198, "params": {"k_pid_pos": [1.8922997940790476, 0.024859491386256316, 0.42495672118777295], "k_pid_alt": [0.22864383303227753, 0.0, 0.1576465649121419], "k_pid_att": [97.15749504346589, 5.894529415990727, 0.73590781336997], "k_pid_yaw": [0.5, 1e-06, 0.1], "k_pid_hsp": [7.354262864448116, 0.08333843891839088, 0.01], "k_pid_vsp": [110.56511661686339, 130.53254854158118, 1.0]}, "datetime": {"datetime": "2025-08-21 20:26:48", "elapsed": 42124.48862314224, "delta": 24.146764039993286}, "costs": {"total_cost": 630.7224249374198, "time_cost": 150, "final_distance_cost": 67.90596285663456, "oscillation_cost": 117.29231514482706, "completition_cost": 222.2222222222222, "overshoot_cost": 44.1924924967869, "power_cost": 15.318137109375002, "noise_cost": 13.791295107574, "n_waypoints_completed": 7, "tot_waypoints": 9}}
{"target": -220.49283737246938, "params": {"k_pid_pos": [1.8922997940790476, 0.024859491386256316, 0.19730102139317784], "k_pid_alt": [1.3888149624867963, 0.6432630158673487, 0.5933646034205271], "k_pid_att": [58.989274729095186, 1.2169696906303682, 0.9808211468183533], "k_pid_yaw": [0.5, 1e-06, 0.1], "k_pid_hsp": [4.302970342841289, 0.40521731726144516, 0.01], "k_pid_vsp": [103.0527854068954, 130.53254854158118, 1.0]}, "datetime": {"datetime": "2025-08-21 20:27:07", "elapsed": 42143.850569963455, "delta": 19.36194682121277}, "costs": {"total_cost": 220.49283737246938, "time_cost": 81.776, "final_distance_cost": 1.7361194329726926, "oscillation_cost": 57.11437060070418, "completition_cost": 0.0, "overshoot_cost": 51.8485951508914, "power_cost": 15.019326965332032, "noise_cost": 12.998425222569079, "n_waypoints_completed": 9, "tot_waypoints": 9}}
{"target": -250.34561945211294, "params": {"k_pid_pos": [1.8922997940790476, 0.15981585111244379, 0.42495672118777295], "k_pid_alt": [1.85112020821355, 0.6171515596199678, 0.7925958880414701], "k_pid_att": [58.989274729095186, 4.2484062323494, 0.9808211468183533], "k_pid_yaw": [0.5, 1e-06, 0.1], "k_pid_hsp": [7.777948788876796, 0.32819825866084507, 0.01], "k_pid_vsp": [110.56511661686339, 118.24276490396839, 1.0]}, "datetime": {"datetime": "2025-08-21 20:27:25", "elapsed": 42161.71470093727, "delta": 17.864130973815918}, "costs": {"total_cost": 250.34561945211294, "time_cost": 76.784, "final_distance_cost": 1.7511350669741303, "oscillation_cost": 101.7381707850043, "completition_cost": 0.0, "overshoot_cost": 50.85841093923723, "power_cost": 9.430166015625, "noise_cost": 9.783736645272306, "n_waypoints_completed": 9, "tot_waypoints": 9}}
{"target": -185.79925617536665, "params": {"k_pid_pos": [1.8922997940790476, 0.024859491386256316, 0.42495672118777295], "k_pid_alt": [1.85112020821355, 0.0, 0.7925958880414701], "k_pid_att": [58.989274729095186, 4.2484062323494, 0.9808211468183533], "k_pid_yaw": [0.5, 1e-06, 0.1], "k_pid_hsp": [1.606987810134683, 0.08333843891839088, 0.01], "k_pid_vsp": [110.56511661686339, 130.53254854158118, 12.527173717198536]}, "datetime": {"datetime": "2025-08-21 20:27:42", "elapsed": 42178.889573812485, "delta": 17.174872875213623}, "costs": {"total_cost": 185.79925617536665, "time_cost": 69.176, "final_distance_cost": 1.8169910420606605, "oscillation_cost": 44.332045429708344, "completition_cost": 0.0, "overshoot_cost": 50.45804460067307, "power_cost": 10.586630615234375, "noise_cost": 9.429544487690181, "n_waypoints_completed": 9, "tot_waypoints": 9}}
{"target": -189.8686288106686, "params": {"k_pid_pos": [1.8922997940790476, 0.024859491386256316, 0.42495672118777295], "k_pid_alt": [1.85112020821355, 0.0, 0.1576465649121419], "k_pid_att": [74.86132892719988, 2.771467938851939, 0.73590781336997], "k_pid_yaw": [0.5, 1e-06, 0.1], "k_pid_hsp": [1.606987810134683, 0.5904477871505759, 0.01], "k_pid_vsp": [110.56511661686339, 20.252314050740118, 1.0]}, "datetime": {"datetime": "2025-08-21 20:27:57", "elapsed": 42194.42944073677, "delta": 15.539866924285889}, "costs": {"total_cost": 189.8686288106686, "time_cost": 68.848, "final_distance_cost": 1.8259414784530337, "oscillation_cost": 48.45013945524441, "completition_cost": 0.0, "overshoot_cost": 50.229572927783174, "power_cost": 10.279684399414062, "noise_cost": 10.235290549773923, "n_waypoints_completed": 9, "tot_waypoints": 9}}
{"target": -261.31295210406347, "params": {"k_pid_pos": [1.8922997940790476, 0.9167879101783033, 0.42495672118777295], "k_pid_alt": [1.85112020821355, 0.0, 0.7925958880414701], "k_pid_att": [58.989274729095186, 4.2484062323494, 0.9808211468183533], "k_pid_yaw": [0.5, 1e-06, 0.1], "k_pid_hsp": [1.606987810134683, 0.7156656356539504, 0.01], "k_pid_vsp": [383.0958896243158, 118.24276490396839, 1.0]}, "datetime": {"datetime": "2025-08-21 20:28:24", "elapsed": 42221.13678884506, "delta": 26.707348108291626}, "costs": {"total_cost": 261.31295210406347, "time_cost": 96.912, "final_distance_cost": 1.7635011250469501, "oscillation_cost": 60.02987957866432, "completition_cost": 0.0, "overshoot_cost": 65.9491291668824, "power_cost": 19.568317333984375, "noise_cost": 17.090124899485414, "n_waypoints_completed": 9, "tot_waypoints": 9}}
{"target": -2299.7286437937923, "params": {"k_pid_pos": [1.8922997940790476, 0.024859491386256316, 0.42495672118777295], "k_pid_alt": [0.9020104990244227, 0.0, 0.1576465649121419], "k_pid_att": [97.15749504346589, 1.1105074131954076, 0.016202813979795172], "k_pid_yaw": [0.5, 1e-06, 0.1], "k_pid_hsp": [1.606987810134683, 0.08333843891839088, 0.01], "k_pid_vsp": [110.56511661686339, 130.53254854158118, 389.58451293912077]}, "datetime": {"datetime": "2025-08-21 20:28:50", "elapsed": 42246.93229150772, "delta": 25.79550266265869}, "costs": {"total_cost": 2299.7286437937923, "time_cost": 150, "final_distance_cost": 458.77061842735856, "oscillation_cost": 93.59191669151483, "completition_cost": 888.8888888888888, "overshoot_cost": 677.4787120533371, "power_cost": 17.029204248046877, "noise_cost": 13.96930348464634, "n_waypoints_completed": 1, "tot_waypoints": 9}}
{"target": -240.15372967118984, "params": {"k_pid_pos": [1.8922997940790476, 0.9221682988503864, 0.42495672118777295], "k_pid_alt": [1.85112020821355, 0.0, 0.1576465649121419], "k_pid_att": [63.45214009056577, 4.077532668255645, 0.9808211468183533], "k_pid_yaw": [0.5, 1e-06, 0.1], "k_pid_hsp": [1.606987810134683, 0.08333843891839088, 0.01], "k_pid_vsp": [110.56511661686339, 18.0010542721825, 1.0]}, "datetime": {"datetime": "2025-08-21 20:29:14", "elapsed": 42270.63263273239, "delta": 23.70034122467041}, "costs": {"total_cost": 240.15372967118984, "time_cost": 94.624, "final_distance_cost": 1.7350681231095626, "oscillation_cost": 53.66394086329111, "completition_cost": 0.0, "overshoot_cost": 57.870915922472086, "power_cost": 17.1738751953125, "noise_cost": 15.085929567004609, "n_waypoints_completed": 9, "tot_waypoints": 9}}
{"target": -244.85566446495835, "params": {"k_pid_pos": [1.8922997940790476, 0.772565137968609, 0.42495672118777295], "k_pid_alt": [1.85112020821355, 0.0, 0.9642927441257968], "k_pid_att": [23.08752834258585, 4.077532668255645, 0.9808211468183533], "k_pid_yaw": [0.5, 1e-06, 0.1], "k_pid_hsp": [1.606987810134683, 0.08333843891839088, 0.01], "k_pid_vsp": [110.56511661686339, 130.53254854158118, 1.0]}, "datetime": {"datetime": "2025-08-21 20:29:35", "elapsed": 42292.30716609955, "delta": 21.674533367156982}, "costs": {"total_cost": 244.85566446495835, "time_cost": 90.592, "final_distance_cost": 1.8330040428585446, "oscillation_cost": 54.3302251423918, "completition_cost": 0.0, "overshoot_cost": 55.87655690562529, "power_cost": 24.474435375976565, "noise_cost": 17.74944299810612, "n_waypoints_completed": 9, "tot_waypoints": 9}}
{"target": -846.2808017202661, "params": {"k_pid_pos": [1.8922997940790476, 0.5359745501125973, 0.5271164669865139], "k_pid_alt": [0.8737548644081292, 0.84379583311588, 0.7925958880414701], "k_pid_att": [58.989274729095186, 4.2484062323494, 0.21507657187817486], "k_pid_yaw": [0.5, 1e-06, 0.1], "k_pid_hsp": [1.606987810134683, 0.08333843891839088, 0.29283539740893394], "k_pid_vsp": [110.56511661686339, 130.53254854158118, 1.0]}, "datetime": {"datetime": "2025-08-21 20:30:00", "elapsed": 42316.51002955437, "delta": 24.202863454818726}, "costs": {"total_cost": 846.2808017202661, "time_cost": 150, "final_distance_cost": 60.78870642931467, "oscillation_cost": 217.92175324245957, "completition_cost": 333.33333333333337, "overshoot_cost": 50.61961019960746, "power_cost": 17.799766210937502, "noise_cost": 15.817632304613515, "n_waypoints_completed": 6, "tot_waypoints": 9}}
{"target": -185.08744980315768, "params": {"k_pid_pos": [1.8922997940790476, 0.024859491386256316, 0.42495672118777295], "k_pid_alt": [1.85112020821355, 0.0, 0.1576465649121419], "k_pid_att": [25.463483275157817, 1.1105074131954076, 0.73590781336997], "k_pid_yaw": [0.5, 1e-06, 0.1], "k_pid_hsp": [1.606987810134683, 0.08333843891839088, 0.01], "k_pid_vsp": [110.56511661686339, 130.53254854158118, 1.0]}, "datetime": {"datetime": "2025-08-21 20:30:16", "elapsed": 42332.87721371651, "delta": 16.367184162139893}, "costs": {"total_cost": 185.08744980315768, "time_cost": 68.44800000000001, "final_distance_cost": 1.806556017352639, "oscillation_cost": 41.123397556936474, "completition_cost": 0.0, "overshoot_cost": 50.177467797626235, "power_cost": 12.361234057617189, "noise_cost": 11.170794373625132, "n_waypoints_completed": 9, "tot_waypoints": 9}}
{"target": -182.22989228960023, "params": {"k_pid_pos": [1.8922997940790476, 0.024859491386256316, 0.5271164669865139], "k_pid_alt": [1.3888149624867963, 0.0, 0.5933646034205271], "k_pid_att": [58.989274729095186, 5.859554809351448, 0.9808211468183533], "k_pid_yaw": [0.5, 1e-06, 0.1], "k_pid_hsp": [1.380453583829348, 0.08333843891839088, 0.01], "k_pid_vsp": [110.56511661686339, 130.53254854158118, 1.0]}, "datetime": {"datetime": "2025-08-21 20:30:34", "elapsed": 42350.50040054321, "delta": 17.623186826705933}, "costs": {"total_cost": 182.22989228960023, "time_cost": 69.544, "final_distance_cost": 1.8205135255062723, "oscillation_cost": 38.159164252890335, "completition_cost": 0.0, "overshoot_cost": 50.337747874737296, "power_cost": 11.526396069335938, "noise_cost": 10.842070567130419, "n_waypoints_completed": 9, "tot_waypoints": 9}}
