{"target": -217.6860689337917, "params": {"k_pid_pos": [1.849624377781123, 0.16606263241397312, 0.5551980423268247], "k_pid_alt": [1.2679502233621702, 0.7553301727947445, 0.45577628983361107], "k_pid_att": [20.236336479523032, 3.0596356458441103, 0.9274604585040267], "k_pid_yaw": [0.5, 1e-06, 0.1], "k_pid_hsp": [1.0, 0.01, 0.01], "k_pid_vsp": [378.2079564087626, 10.0, 1.0]}, "datetime": {"datetime": "2025-08-21 09:29:18", "elapsed": 2675.2019453048706, "delta": 20.922502040863037}, "costs": {"total_cost": 217.6860689337917, "time_cost": 83.488, "final_distance_cost": 1.7218583881446397, "oscillation_cost": 50.448616316797306, "completition_cost": 0.0, "overshoot_cost": 53.619458591567565, "power_cost": 15.391199279785157, "noise_cost": 13.016936357497034, "n_waypoints_completed": 9, "tot_waypoints": 9}}
{"target": -208.3618464811092, "params": {"k_pid_pos": [1.3368390832847643, 0.4710962061431325, 0.5652361064811888], "k_pid_alt": [1.142334724111482, 0.6347183200005908, 0.20799807370846057], "k_pid_att": [22.592895791678245, 9.597749245839971, 0.3952346537588943], "k_pid_yaw": [0.5, 1e-06, 0.1], "k_pid_hsp": [1.0, 0.01, 0.01], "k_pid_vsp": [150.0, 10.0, 1.0]}, "datetime": {"datetime": "2025-08-21 09:29:50", "elapsed": 2706.7395572662354, "delta": 31.537611961364746}, "costs": {"total_cost": 208.3618464811092, "time_cost": 83.624, "final_distance_cost": 1.7171155426246933, "oscillation_cost": 47.53165237469627, "completition_cost": 0.0, "overshoot_cost": 52.10557879029524, "power_cost": 12.029555200195313, "noise_cost": 11.353944573297701, "n_waypoints_completed": 9, "tot_waypoints": 9}}
{"target": -212.54411631090554, "params": {"k_pid_pos": [1.8624793477566346, 0.04925411992759399, 0.3736141384595716], "k_pid_alt": [0.7, 0.0, 0.1], "k_pid_att": [20.0, 1.0, 0.01], "k_pid_yaw": [0.5, 1e-06, 0.1], "k_pid_hsp": [1.0, 0.468231405693584, 0.01], "k_pid_vsp": [111.20884264032553, 10.0, 1.0]}, "datetime": {"datetime": "2025-08-21 09:30:13", "elapsed": 2730.1149864196777, "delta": 23.375429153442383}, "costs": {"total_cost": 212.54411631090554, "time_cost": 71.736, "final_distance_cost": 1.8188319907077062, "oscillation_cost": 69.26694313009, "completition_cost": 0.0, "overshoot_cost": 50.18235220043331, "power_cost": 9.676385119628907, "noise_cost": 9.863603870045589, "n_waypoints_completed": 9, "tot_waypoints": 9}}
{"target": -364.97606703883764, "params": {"k_pid_pos": [1.849624377781123, 0.024859491386256316, 0.44963268842268056], "k_pid_alt": [1.2679502233621702, 0.0, 0.1], "k_pid_att": [20.0, 1.619499508339287, 0.01], "k_pid_yaw": [0.5, 1e-06, 0.1], "k_pid_hsp": [4.3672302205847, 0.2145846728195292, 0.40852864372463615], "k_pid_vsp": [341.36122930726646, 93.57579511219681, 23.321097617323666]}, "datetime": {"datetime": "2025-08-21 09:30:33", "elapsed": 2750.318260192871, "delta": 20.20327377319336}, "costs": {"total_cost": 364.97606703883764, "time_cost": 69.36, "final_distance_cost": 1.747262767549208, "oscillation_cost": 211.58938570594296, "completition_cost": 0.0, "overshoot_cost": 50.675293114212884, "power_cost": 18.156855920410155, "noise_cost": 13.447269530722423, "n_waypoints_completed": 9, "tot_waypoints": 9}}
{"target": -234.85436288734746, "params": {"k_pid_pos": [1.734860336611219, 0.5811166092209024, 0.19977565166005762], "k_pid_alt": [1.6082490523645254, 0.7154071296158017, 0.7389840039155418], "k_pid_att": [13.105775155731326, 1.2376256611230811, 0.9275625510065076], "k_pid_yaw": [0.5, 1e-06, 0.1], "k_pid_hsp": [1.0, 0.01, 0.01], "k_pid_vsp": [150.0, 10.0, 1.0]}, "datetime": {"datetime": "2025-08-21 09:31:04", "elapsed": 2780.656750679016, "delta": 30.33849048614502}, "costs": {"total_cost": 234.85436288734746, "time_cost": 92.248, "final_distance_cost": 1.784159093638092, "oscillation_cost": 55.59203031848311, "completition_cost": 0.0, "overshoot_cost": 55.42912139699039, "power_cost": 15.684118713378908, "noise_cost": 14.116933364856948, "n_waypoints_completed": 9, "tot_waypoints": 9}}
{"target": -433.17542513403, "params": {"k_pid_pos": [1.8624793477566346, 0.11973358850112281, 0.7773431275291786], "k_pid_alt": [0.17541802382153682, 0.6578632850405278, 0.4186083007903795], "k_pid_att": [13.105775155731326, 1.2376256611230811, 0.9274604585040267], "k_pid_yaw": [0.5, 1e-06, 0.1], "k_pid_hsp": [1.0, 0.01, 0.01], "k_pid_vsp": [111.20884264032553, 10.0, 1.0]}, "datetime": {"datetime": "2025-08-21 09:31:31", "elapsed": 2807.8681557178497, "delta": 27.211405038833618}, "costs": {"total_cost": 433.17542513403, "time_cost": 150, "final_distance_cost": 21.11654333643416, "oscillation_cost": 52.628337523952226, "completition_cost": 111.11111111111116, "overshoot_cost": 63.0720238713611, "power_cost": 19.489687805175784, "noise_cost": 15.757721485995617, "n_waypoints_completed": 8, "tot_waypoints": 9}}
{"target": -814.0781452389356, "params": {"k_pid_pos": [1.3368390832847643, 0.4710962061431325, 0.5652361064811888], "k_pid_alt": [0.8247498285944492, 0.6347183200005908, 0.5535794006579958], "k_pid_att": [22.592895791678245, 9.597749245839971, 0.9275625510065076], "k_pid_yaw": [0.5, 1e-06, 0.1], "k_pid_hsp": [3.9758421804300244, 0.30094869178093975, 0.4885840453515333], "k_pid_vsp": [265.14568510543296, 382.2493028631647, 160.0245790538407]}, "datetime": {"datetime": "2025-08-21 09:31:59", "elapsed": 2835.9099283218384, "delta": 28.041772603988647}, "costs": {"total_cost": 814.0781452389356, "time_cost": 150, "final_distance_cost": 72.15519355545781, "oscillation_cost": 281.8581944670151, "completition_cost": 222.2222222222222, "overshoot_cost": 49.74764342840087, "power_cost": 22.349427441406252, "noise_cost": 15.745464124433237, "n_waypoints_completed": 7, "tot_waypoints": 9}}
{"target": -586.5513192239109, "params": {"k_pid_pos": [1.5902501664822735, 0.3482758834614562, 0.2533833538391872], "k_pid_alt": [0.7928724707296242, 0.09504919756440122, 0.7497057510446368], "k_pid_att": [20.0, 1.0, 0.01], "k_pid_yaw": [0.5, 1e-06, 0.1], "k_pid_hsp": [1.0, 0.01, 0.01], "k_pid_vsp": [150.0, 10.0, 1.0]}, "datetime": {"datetime": "2025-08-21 09:32:27", "elapsed": 2863.644582271576, "delta": 27.73465394973755}, "costs": {"total_cost": 586.5513192239109, "time_cost": 150, "final_distance_cost": 71.11909436796462, "oscillation_cost": 76.22269138924852, "completition_cost": 222.2222222222222, "overshoot_cost": 43.55582094161325, "power_cost": 11.540792956542969, "noise_cost": 11.890697346319412, "n_waypoints_completed": 7, "tot_waypoints": 9}}
{"target": -386.42775565415576, "params": {"k_pid_pos": [1.917034736421507, 0.01, 0.09], "k_pid_alt": [0.7, 0.0, 0.34192693854566036], "k_pid_att": [52.045744376722766, 5.649549619663271, 0.5724305140338497], "k_pid_yaw": [0.5, 1e-06, 0.1], "k_pid_hsp": [4.659904931296975, 0.5226317755131228, 0.7639233900065879], "k_pid_vsp": [319.69788660482664, 184.69087941207655, 239.83737700945147]}, "datetime": {"datetime": "2025-08-21 09:32:50", "elapsed": 2886.62885594368, "delta": 22.984273672103882}, "costs": {"total_cost": 386.42775565415576, "time_cost": 94.4, "final_distance_cost": 1.8031758984144914, "oscillation_cost": 197.90005190522962, "completition_cost": 0.0, "overshoot_cost": 59.36144436951128, "power_cost": 18.131732446289064, "noise_cost": 14.831351034711316, "n_waypoints_completed": 9, "tot_waypoints": 9}}
{"target": -311.71200158485556, "params": {"k_pid_pos": [1.3885554450422086, 0.12011063010138434, 0.9898230692048735], "k_pid_alt": [0.26508416190282724, 0.7154071296158017, 0.1], "k_pid_att": [20.0, 1.0, 0.01], "k_pid_yaw": [0.5, 1e-06, 0.1], "k_pid_hsp": [1.0, 0.01, 0.01], "k_pid_vsp": [150.0, 10.0, 1.0]}, "datetime": {"datetime": "2025-08-21 09:33:19", "elapsed": 2915.45987033844, "delta": 28.831014394760132}, "costs": {"total_cost": 311.71200158485556, "time_cost": 90.568, "final_distance_cost": 1.7687808872705864, "oscillation_cost": 123.12002647631085, "completition_cost": 0.0, "overshoot_cost": 62.61697676312969, "power_cost": 18.480620373535157, "noise_cost": 15.157597084609261, "n_waypoints_completed": 9, "tot_waypoints": 9}}
{"target": -312.93993827144413, "params": {"k_pid_pos": [1.8624793477566346, 0.04925411992759399, 0.3736141384595716], "k_pid_alt": [0.7, 0.0, 0.7389840039155418], "k_pid_att": [13.105775155731326, 1.2376256611230811, 0.9275625510065076], "k_pid_yaw": [0.5, 1e-06, 0.1], "k_pid_hsp": [7.650267549339912, 0.2145846728195292, 0.40852864372463615], "k_pid_vsp": [341.36122930726646, 93.57579511219681, 23.321097617323666]}, "datetime": {"datetime": "2025-08-21 09:33:41", "elapsed": 2937.5272603034973, "delta": 22.067389965057373}, "costs": {"total_cost": 312.93993827144413, "time_cost": 84.72800000000001, "final_distance_cost": 1.8408863420062613, "oscillation_cost": 146.15498300537993, "completition_cost": 0.0, "overshoot_cost": 49.11045824317044, "power_cost": 17.318315881347658, "noise_cost": 13.787294799539842, "n_waypoints_completed": 9, "tot_waypoints": 9}}
{"target": -434.9478961346927, "params": {"k_pid_pos": [1.3368390832847643, 0.4710962061431325, 0.5652361064811888], "k_pid_alt": [1.5299977148320512, 0.6347183200005908, 0.4468388424141526], "k_pid_att": [22.592895791678245, 2.2237570421753174, 0.9275625510065076], "k_pid_yaw": [0.5, 1e-06, 0.1], "k_pid_hsp": [3.9758421804300244, 0.30094869178093975, 0.4885840453515333], "k_pid_vsp": [265.14568510543296, 382.2493028631647, 160.0245790538407]}, "datetime": {"datetime": "2025-08-21 09:34:07", "elapsed": 2964.3788843154907, "delta": 26.851624011993408}, "costs": {"total_cost": 434.9478961346927, "time_cost": 96.56, "final_distance_cost": 1.779336202143445, "oscillation_cost": 251.40885708242305, "completition_cost": 0.0, "overshoot_cost": 56.451129211042435, "power_cost": 16.174727770996096, "noise_cost": 12.573845868087766, "n_waypoints_completed": 9, "tot_waypoints": 9}}
{"target": -415.42283160989757, "params": {"k_pid_pos": [1.8624793477566346, 0.11973358850112281, 0.7773431275291786], "k_pid_alt": [0.17541802382153682, 0.6578632850405278, 0.4186083007903795], "k_pid_att": [13.105775155731326, 5.156922816475868, 0.9274604585040267], "k_pid_yaw": [0.5, 1e-06, 0.1], "k_pid_hsp": [1.0, 0.01, 0.01], "k_pid_vsp": [111.20884264032553, 10.0, 1.0]}, "datetime": {"datetime": "2025-08-21 09:34:35", "elapsed": 2992.0674538612366, "delta": 27.68856954574585}, "costs": {"total_cost": 415.42283160989757, "time_cost": 150, "final_distance_cost": 9.996420905947879, "oscillation_cost": 54.49917886475908, "completition_cost": 111.11111111111116, "overshoot_cost": 62.3375500838643, "power_cost": 14.145307482910157, "noise_cost": 13.333263161305005, "n_waypoints_completed": 8, "tot_waypoints": 9}}
{"target": -322.8330626013532, "params": {"k_pid_pos": [1.849624377781123, 0.5811166092209024, 0.5699829035940329], "k_pid_alt": [1.6082490523645254, 0.7154071296158017, 0.7389840039155418], "k_pid_att": [13.105775155731326, 1.2376256611230811, 0.9275625510065076], "k_pid_yaw": [0.5, 1e-06, 0.1], "k_pid_hsp": [4.3672302205847, 0.2145846728195292, 0.40852864372463615], "k_pid_vsp": [341.36122930726646, 93.57579511219681, 23.321097617323666]}, "datetime": {"datetime": "2025-08-21 09:35:01", "elapsed": 3017.9853003025055, "delta": 25.91784644126892}, "costs": {"total_cost": 322.8330626013532, "time_cost": 89.272, "final_distance_cost": 1.7137256788244535, "oscillation_cost": 144.5538884027748, "completition_cost": 0.0, "overshoot_cost": 54.789169295623324, "power_cost": 18.31997733154297, "noise_cost": 14.184301892587674, "n_waypoints_completed": 9, "tot_waypoints": 9}}
{"target": -229.3904846529743, "params": {"k_pid_pos": [1.3885554450422086, 0.024859491386256316, 0.44963268842268056], "k_pid_alt": [1.2679502233621702, 0.0, 0.1], "k_pid_att": [20.0, 1.0, 0.01], "k_pid_yaw": [0.5, 1e-06, 0.1], "k_pid_hsp": [1.0, 0.01, 0.01], "k_pid_vsp": [150.0, 10.0, 1.0]}, "datetime": {"datetime": "2025-08-21 09:35:23", "elapsed": 3039.497392177582, "delta": 21.512091875076294}, "costs": {"total_cost": 229.3904846529743, "time_cost": 74.128, "final_distance_cost": 1.8409106322339663, "oscillation_cost": 71.44921259283244, "completition_cost": 0.0, "overshoot_cost": 50.884686691665785, "power_cost": 16.938073571777345, "noise_cost": 14.149601164464732, "n_waypoints_completed": 9, "tot_waypoints": 9}}
{"target": -215.28180397660515, "params": {"k_pid_pos": [1.8624793477566346, 0.04925411992759399, 0.3736141384595716], "k_pid_alt": [0.7, 0.0, 0.1], "k_pid_att": [20.0, 1.0, 0.01], "k_pid_yaw": [0.5, 1e-06, 0.1], "k_pid_hsp": [1.0, 0.01, 0.01], "k_pid_vsp": [150.0, 10.0, 1.0]}, "datetime": {"datetime": "2025-08-21 09:35:41", "elapsed": 3057.5437381267548, "delta": 18.046345949172974}, "costs": {"total_cost": 215.28180397660515, "time_cost": 72.8, "final_distance_cost": 1.8056720194987124, "oscillation_cost": 65.45699440842722, "completition_cost": 0.0, "overshoot_cost": 51.746346373268445, "power_cost": 12.250466418457032, "noise_cost": 11.222324756953764, "n_waypoints_completed": 9, "tot_waypoints": 9}}
{"target": -943.4160063485056, "params": {"k_pid_pos": [1.3885554450422086, 0.5811166092209024, 0.19977565166005762], "k_pid_alt": [1.6082490523645254, 0.7154071296158017, 0.31636145733671517], "k_pid_att": [15.35255220546139, 8.494103488346438, 0.05280710140011036], "k_pid_yaw": [0.5, 1e-06, 0.1], "k_pid_hsp": [0.5494443984777728, 0.9277954301722804, 0.8487921131360887], "k_pid_vsp": [279.24831359145486, 335.19208762417304, 16.06052077867527]}, "datetime": {"datetime": "2025-08-21 09:36:09", "elapsed": 3085.6056909561157, "delta": 28.061952829360962}, "costs": {"total_cost": 943.4160063485056, "time_cost": 150, "final_distance_cost": 55.03928402047784, "oscillation_cost": 183.0830142032397, "completition_cost": 444.4444444444444, "overshoot_cost": 64.74597183812807, "power_cost": 26.822574865722657, "noise_cost": 19.28071697649288, "n_waypoints_completed": 5, "tot_waypoints": 9}}
{"target": -1474.3308616112818, "params": {"k_pid_pos": [0.3572904909766657, 0.04925411992759399, 0.3736141384595716], "k_pid_alt": [0.7, 0.0, 0.1], "k_pid_att": [20.0, 1.0, 0.01], "k_pid_yaw": [0.5, 1e-06, 0.1], "k_pid_hsp": [1.0, 0.01, 0.01], "k_pid_vsp": [150.0, 10.0, 140.88499807383718]}, "datetime": {"datetime": "2025-08-21 09:36:38", "elapsed": 3114.972899198532, "delta": 29.367208242416382}, "costs": {"total_cost": 1474.3308616112818, "time_cost": 150, "final_distance_cost": 1.0000005399080034, "oscillation_cost": 73.1294098837104, "completition_cost": 1000.0, "overshoot_cost": 135.60251495793662, "power_cost": 28.782218518066408, "noise_cost": 85.81671771166049, "n_waypoints_completed": 0, "tot_waypoints": 9}}
{"target": -282.8276466704472, "params": {"k_pid_pos": [1.3885554450422086, 0.4391785132059347, 0.19977565166005762], "k_pid_alt": [1.6082490523645254, 0.7154071296158017, 0.7389840039155418], "k_pid_att": [13.105775155731326, 1.2376256611230811, 0.9275625510065076], "k_pid_yaw": [0.5, 1e-06, 0.1], "k_pid_hsp": [4.3672302205847, 0.2145846728195292, 0.2235903208760469], "k_pid_vsp": [341.36122930726646, 93.57579511219681, 23.321097617323666]}, "datetime": {"datetime": "2025-08-21 09:37:01", "elapsed": 3137.558133125305, "delta": 22.58523392677307}, "costs": {"total_cost": 282.8276466704472, "time_cost": 87.84, "final_distance_cost": 1.7729315797209435, "oscillation_cost": 105.8861784984914, "completition_cost": 0.0, "overshoot_cost": 53.0398185419731, "power_cost": 19.114133557128905, "noise_cost": 15.174584493132835, "n_waypoints_completed": 9, "tot_waypoints": 9}}
{"target": -1561.9633407217457, "params": {"k_pid_pos": [1.8499324491666203, 0.9460270628173303, 0.7630192967767481], "k_pid_alt": [0.7, 0.0, 0.1], "k_pid_att": [20.0, 8.497906999130581, 0.21517827462871852], "k_pid_yaw": [0.5, 1e-06, 0.1], "k_pid_hsp": [1.0, 0.01, 0.01], "k_pid_vsp": [150.0, 82.79406464935073, 291.91230708773605]}, "datetime": {"datetime": "2025-08-21 09:37:30", "elapsed": 3167.3306274414062, "delta": 29.772494316101074}, "costs": {"total_cost": 1561.9633407217457, "time_cost": 150, "final_distance_cost": 182.35709973356933, "oscillation_cost": 29.664158188554335, "completition_cost": 888.8888888888888, "overshoot_cost": 273.0193316010847, "power_cost": 13.802489074707031, "noise_cost": 24.231373234941593, "n_waypoints_completed": 1, "tot_waypoints": 9}}
{"target": -209.443655581553, "params": {"k_pid_pos": [1.3368390832847643, 0.4710962061431325, 0.5652361064811888], "k_pid_alt": [1.142334724111482, 0.6347183200005908, 0.20799807370846057], "k_pid_att": [22.592895791678245, 9.597749245839971, 0.3952346537588943], "k_pid_yaw": [0.5, 1e-06, 0.1], "k_pid_hsp": [1.0, 0.01, 0.01], "k_pid_vsp": [150.0, 10.0, 1.0]}, "datetime": {"datetime": "2025-08-21 09:37:51", "elapsed": 3188.088889360428, "delta": 20.758261919021606}, "costs": {"total_cost": 209.443655581553, "time_cost": 84.184, "final_distance_cost": 1.7391775469617132, "oscillation_cost": 47.440466589088395, "completition_cost": 0.0, "overshoot_cost": 52.44956692987705, "power_cost": 12.147506652832032, "noise_cost": 11.48293786279382, "n_waypoints_completed": 9, "tot_waypoints": 9}}
{"target": -216.2094332694033, "params": {"k_pid_pos": [1.3368390832847643, 0.4710962061431325, 0.5652361064811888], "k_pid_alt": [1.5299977148320512, 0.6347183200005908, 0.5535794006579958], "k_pid_att": [22.592895791678245, 9.597749245839971, 0.9274604585040267], "k_pid_yaw": [0.5, 1e-06, 0.1], "k_pid_hsp": [1.0, 0.01, 0.01], "k_pid_vsp": [111.20884264032553, 379.71740925440946, 1.0]}, "datetime": {"datetime": "2025-08-21 09:38:14", "elapsed": 3210.5285170078278, "delta": 22.439627647399902}, "costs": {"total_cost": 216.2094332694033, "time_cost": 88.144, "final_distance_cost": 1.7568949635750066, "oscillation_cost": 48.78298797843313, "completition_cost": 0.0, "overshoot_cost": 52.65600505950707, "power_cost": 12.9730814453125, "noise_cost": 11.896463822575594, "n_waypoints_completed": 9, "tot_waypoints": 9}}
{"target": -221.49813784549605, "params": {"k_pid_pos": [1.8624793477566346, 0.04925411992759399, 0.3736141384595716], "k_pid_alt": [0.7, 0.0, 0.1], "k_pid_att": [20.0, 1.0, 0.01], "k_pid_yaw": [0.5, 1e-06, 0.1], "k_pid_hsp": [1.0, 0.01, 0.01], "k_pid_vsp": [150.0, 10.0, 1.0]}, "datetime": {"datetime": "2025-08-21 09:38:36", "elapsed": 3232.9129271507263, "delta": 22.38441014289856}, "costs": {"total_cost": 221.49813784549605, "time_cost": 73.83200000000001, "final_distance_cost": 1.792980844368316, "oscillation_cost": 67.76216207280771, "completition_cost": 0.0, "overshoot_cost": 51.182748997809114, "power_cost": 14.444861108398438, "noise_cost": 12.483384822112441, "n_waypoints_completed": 9, "tot_waypoints": 9}}
{"target": -217.02499672024476, "params": {"k_pid_pos": [1.8624793477566346, 0.04925411992759399, 0.3736141384595716], "k_pid_alt": [0.7, 0.0, 0.1], "k_pid_att": [20.0, 1.0, 0.01], "k_pid_yaw": [0.5, 1e-06, 0.1], "k_pid_hsp": [1.0, 0.01, 0.01], "k_pid_vsp": [150.0, 10.0, 1.0]}, "datetime": {"datetime": "2025-08-21 09:38:54", "elapsed": 3251.4304587841034, "delta": 18.517531633377075}, "costs": {"total_cost": 217.02499672024476, "time_cost": 72.896, "final_distance_cost": 1.7921667194380149, "oscillation_cost": 66.50632437381219, "completition_cost": 0.0, "overshoot_cost": 51.0264949202965, "power_cost": 13.156233862304688, "noise_cost": 11.64777684439339, "n_waypoints_completed": 9, "tot_waypoints": 9}}
{"target": -232.78998593917373, "params": {"k_pid_pos": [1.734860336611219, 0.5811166092209024, 0.19977565166005762], "k_pid_alt": [1.3483903848896324, 0.7154071296158017, 0.47530561788360415], "k_pid_att": [13.105775155731326, 1.2376256611230811, 0.9275625510065076], "k_pid_yaw": [0.5, 1e-06, 0.1], "k_pid_hsp": [1.0, 0.01, 0.01], "k_pid_vsp": [150.0, 10.0, 1.0]}, "datetime": {"datetime": "2025-08-21 09:39:22", "elapsed": 3278.981947660446, "delta": 27.551488876342773}, "costs": {"total_cost": 232.78998593917373, "time_cost": 91.952, "final_distance_cost": 1.7798230165394864, "oscillation_cost": 55.874662172778166, "completition_cost": 0.0, "overshoot_cost": 55.694057417365734, "power_cost": 13.982550390625, "noise_cost": 13.506892941865338, "n_waypoints_completed": 9, "tot_waypoints": 9}}
{"target": -233.12364143835856, "params": {"k_pid_pos": [0.7, 0.01, 0.2865937649138133], "k_pid_alt": [0.7, 0.7553301727947445, 0.14033959706391264], "k_pid_att": [41.91143193163038, 3.0596356458441103, 0.6143861065351858], "k_pid_yaw": [0.5, 1e-06, 0.1], "k_pid_hsp": [1.0, 0.01, 0.01], "k_pid_vsp": [99.3176991541171, 10.0, 1.0]}, "datetime": {"datetime": "2025-08-21 09:39:48", "elapsed": 3304.7821815013885, "delta": 25.800233840942383}, "costs": {"total_cost": 233.12364143835856, "time_cost": 94.936, "final_distance_cost": 1.7872302862296474, "oscillation_cost": 44.07748999585237, "completition_cost": 0.0, "overshoot_cost": 59.05401798800458, "power_cost": 18.227636596679687, "noise_cost": 15.041266571592296, "n_waypoints_completed": 9, "tot_waypoints": 9}}
{"target": -351.5952400424985, "params": {"k_pid_pos": [1.849624377781123, 0.16606263241397312, 0.5551980423268247], "k_pid_alt": [1.2679502233621702, 0.515133376846189, 0.45577628983361107], "k_pid_att": [20.236336479523032, 9.662322498240602, 0.9275625510065076], "k_pid_yaw": [0.5, 1e-06, 0.1], "k_pid_hsp": [3.9758421804300244, 0.6013727628113479, 0.28472008233793555], "k_pid_vsp": [61.44535807682345, 46.19602635065192, 8.459207513427996]}, "datetime": {"datetime": "2025-08-21 09:40:08", "elapsed": 3324.7332966327667, "delta": 19.951115131378174}, "costs": {"total_cost": 351.5952400424985, "time_cost": 76.736, "final_distance_cost": 1.718198807075767, "oscillation_cost": 198.22962112101519, "completition_cost": 0.0, "overshoot_cost": 50.44328295213102, "power_cost": 12.834604370117187, "noise_cost": 11.633532792159398, "n_waypoints_completed": 9, "tot_waypoints": 9}}
