{"target": -185.37888607840185, "params": {"k_pid_pos": [1.7041340386651447, 0.024859491386256316, 0.3434561031905483], "k_pid_alt": [1.7655434176925564, 0.0, 0.36236040329893415], "k_pid_att": [16.70788068270076, 5.859554809351448, 0.73590781336997], "k_pid_yaw": [0.5, 1e-06, 0.1], "k_pid_hsp": [6.437608030649435, 0.1531003758033771, 0.01], "k_pid_vsp": [264.57255645423925, 59.083466427248936, 1.0]}, "datetime": {"datetime": "2025-08-21 17:15:17", "elapsed": 30633.843736171722, "delta": 15.368167161941528}, "costs": {"total_cost": 185.37888607840185, "time_cost": 68.56, "final_distance_cost": 1.8131549876229065, "oscillation_cost": 46.96740517292426, "completition_cost": 0.0, "overshoot_cost": 49.9633501950251, "power_cost": 8.690345263671876, "noise_cost": 9.384630459157714, "n_waypoints_completed": 9, "tot_waypoints": 9}}
{"target": -180.61788695651214, "params": {"k_pid_pos": [1.8034346552870686, 0.08087462101852438, 0.6250867496839783], "k_pid_alt": [1.6319753356852484, 0.0, 0.1576465649121419], "k_pid_att": [58.989274729095186, 5.859554809351448, 0.73590781336997], "k_pid_yaw": [0.5, 1e-06, 0.1], "k_pid_hsp": [1.606987810134683, 0.1531003758033771, 0.01], "k_pid_vsp": [110.56511661686339, 59.083466427248936, 1.0]}, "datetime": {"datetime": "2025-08-21 17:15:34", "elapsed": 30650.486006736755, "delta": 16.64227056503296}, "costs": {"total_cost": 180.61788695651214, "time_cost": 68.456, "final_distance_cost": 1.8089250666269137, "oscillation_cost": 41.58982896323053, "completition_cost": 0.0, "overshoot_cost": 49.57248303598376, "power_cost": 9.27948896484375, "noise_cost": 9.911160925827167, "n_waypoints_completed": 9, "tot_waypoints": 9}}
{"target": -1451.9285808046477, "params": {"k_pid_pos": [1.8034346552870686, 0.08087462101852438, 0.6250867496839783], "k_pid_alt": [1.1098775236402525, 0.0, 0.1576465649121419], "k_pid_att": [58.989274729095186, 6.043751783864618, 0.73590781336997], "k_pid_yaw": [0.5, 1e-06, 0.1], "k_pid_hsp": [1.9715787190781768, 0.1531003758033771, 0.01], "k_pid_vsp": [145.49514412553103, 59.083466427248936, 262.3469346407525]}, "datetime": {"datetime": "2025-08-21 17:15:57", "elapsed": 30674.18528151512, "delta": 23.69927477836609}, "costs": {"total_cost": 1451.9285808046477, "time_cost": 150, "final_distance_cost": 0.999634408334813, "oscillation_cost": 26.589820186106095, "completition_cost": 1000.0, "overshoot_cost": 135.73416851498956, "power_cost": 35.657049926757814, "noise_cost": 102.94790776845964, "n_waypoints_completed": 0, "tot_waypoints": 9}}
{"target": -218.7454293830736, "params": {"k_pid_pos": [1.7041340386651447, 0.024859491386256316, 0.6354931049670316], "k_pid_alt": [0.3787051793814169, 0.0, 0.15791560522360282], "k_pid_att": [58.989274729095186, 2.693331282869566, 0.73590781336997], "k_pid_yaw": [0.5, 1e-06, 0.1], "k_pid_hsp": [1.606987810134683, 0.1531003758033771, 0.01], "k_pid_vsp": [110.56511661686339, 218.9558849126979, 1.0]}, "datetime": {"datetime": "2025-08-21 17:16:18", "elapsed": 30694.769570350647, "delta": 20.584288835525513}, "costs": {"total_cost": 218.7454293830736, "time_cost": 89.712, "final_distance_cost": 1.8583175239218845, "oscillation_cost": 46.974676468433145, "completition_cost": 0.0, "overshoot_cost": 50.32742112571733, "power_cost": 15.855322033691406, "noise_cost": 14.017692231309812, "n_waypoints_completed": 9, "tot_waypoints": 9}}
{"target": -189.27481612995354, "params": {"k_pid_pos": [1.8922997940790476, 0.024859491386256316, 0.8020463410107419], "k_pid_alt": [1.3743244933308238, 0.0, 0.9777221835916994], "k_pid_att": [58.989274729095186, 5.859554809351448, 0.73590781336997], "k_pid_yaw": [0.5, 1e-06, 0.1], "k_pid_hsp": [1.0498148400696388, 0.1531003758033771, 0.01], "k_pid_vsp": [110.56511661686339, 59.083466427248936, 1.0]}, "datetime": {"datetime": "2025-08-21 17:16:35", "elapsed": 30711.884132146835, "delta": 17.114561796188354}, "costs": {"total_cost": 189.27481612995354, "time_cost": 71.656, "final_distance_cost": 1.8465842799399907, "oscillation_cost": 41.058751577788236, "completition_cost": 0.0, "overshoot_cost": 49.898832788507136, "power_cost": 13.084379931640626, "noise_cost": 11.73026755207752, "n_waypoints_completed": 9, "tot_waypoints": 9}}
{"target": -181.74756236858587, "params": {"k_pid_pos": [1.8922997940790476, 0.024859491386256316, 0.6250867496839783], "k_pid_alt": [1.6319753356852484, 0.0, 0.1576465649121419], "k_pid_att": [92.532430894659, 3.2931611945007657, 0.73590781336997], "k_pid_yaw": [0.5, 1e-06, 0.1], "k_pid_hsp": [1.606987810134683, 0.30538356757589824, 0.01], "k_pid_vsp": [110.56511661686339, 59.083466427248936, 1.0]}, "datetime": {"datetime": "2025-08-21 17:16:51", "elapsed": 30728.34548640251, "delta": 16.46135425567627}, "costs": {"total_cost": 181.74756236858587, "time_cost": 68.384, "final_distance_cost": 1.819524756692379, "oscillation_cost": 40.909840208466534, "completition_cost": 0.0, "overshoot_cost": 49.82818150706161, "power_cost": 10.361701782226563, "noise_cost": 10.444314114138804, "n_waypoints_completed": 9, "tot_waypoints": 9}}
{"target": -1369.0604925426067, "params": {"k_pid_pos": [1.8034346552870686, 0.08087462101852438, 0.6250867496839783], "k_pid_alt": [1.6319753356852484, 0.0, 0.1576465649121419], "k_pid_att": [58.989274729095186, 3.9361669465789193, 0.73590781336997], "k_pid_yaw": [0.5, 1e-06, 0.1], "k_pid_hsp": [1.606987810134683, 0.1531003758033771, 0.01], "k_pid_vsp": [110.56511661686339, 59.083466427248936, 184.00302090226384]}, "datetime": {"datetime": "2025-08-21 17:17:14", "elapsed": 30750.781067609787, "delta": 22.43558120727539}, "costs": {"total_cost": 1369.0604925426067, "time_cost": 150, "final_distance_cost": 11.445529566232153, "oscillation_cost": 32.94301189635311, "completition_cost": 1000.0, "overshoot_cost": 128.77039745278074, "power_cost": 13.72283260498047, "noise_cost": 32.17872102226008, "n_waypoints_completed": 0, "tot_waypoints": 9}}
{"target": -178.25070443661417, "params": {"k_pid_pos": [1.8034346552870686, 0.08087462101852438, 0.6250867496839783], "k_pid_alt": [1.6319753356852484, 0.0, 0.1576465649121419], "k_pid_att": [58.989274729095186, 5.859554809351448, 0.73590781336997], "k_pid_yaw": [0.5, 1e-06, 0.1], "k_pid_hsp": [1.606987810134683, 0.1531003758033771, 0.01], "k_pid_vsp": [110.56511661686339, 59.083466427248936, 1.0]}, "datetime": {"datetime": "2025-08-21 17:17:30", "elapsed": 30767.25983786583, "delta": 16.47877025604248}, "costs": {"total_cost": 178.25070443661417, "time_cost": 68.224, "final_distance_cost": 1.8263369345257905, "oscillation_cost": 40.6884228120199, "completition_cost": 0.0, "overshoot_cost": 49.46028364763511, "power_cost": 8.581905773925781, "noise_cost": 9.469755268507587, "n_waypoints_completed": 9, "tot_waypoints": 9}}
{"target": -187.5819715556204, "params": {"k_pid_pos": [1.8922997940790476, 0.024859491386256316, 0.6250867496839783], "k_pid_alt": [1.6319753356852484, 0.0, 0.1576465649121419], "k_pid_att": [92.532430894659, 3.2931611945007657, 0.73590781336997], "k_pid_yaw": [0.5, 1e-06, 0.1], "k_pid_hsp": [1.606987810134683, 0.30538356757589824, 0.01], "k_pid_vsp": [110.56511661686339, 59.083466427248936, 1.0]}, "datetime": {"datetime": "2025-08-21 17:17:47", "elapsed": 30783.791209459305, "delta": 16.531371593475342}, "costs": {"total_cost": 187.5819715556204, "time_cost": 68.944, "final_distance_cost": 1.8314303600236195, "oscillation_cost": 41.287197009171656, "completition_cost": 0.0, "overshoot_cost": 50.616716975464534, "power_cost": 13.055280419921875, "noise_cost": 11.84734679103875, "n_waypoints_completed": 9, "tot_waypoints": 9}}
{"target": -187.01112459539613, "params": {"k_pid_pos": [1.8811307174574419, 0.024859491386256316, 0.6250867496839783], "k_pid_alt": [1.6319753356852484, 0.0, 0.1576465649121419], "k_pid_att": [68.93098199109546, 5.859554809351448, 0.73590781336997], "k_pid_yaw": [0.5, 1e-06, 0.1], "k_pid_hsp": [1.606987810134683, 0.1531003758033771, 0.01], "k_pid_vsp": [110.56511661686339, 59.083466427248936, 1.0]}, "datetime": {"datetime": "2025-08-21 17:18:03", "elapsed": 30799.552025556564, "delta": 15.760816097259521}, "costs": {"total_cost": 187.01112459539613, "time_cost": 69.44, "final_distance_cost": 1.8251239585639096, "oscillation_cost": 37.14391120222161, "completition_cost": 0.0, "overshoot_cost": 50.62208393437611, "power_cost": 15.166180187988282, "noise_cost": 12.813825312246227, "n_waypoints_completed": 9, "tot_waypoints": 9}}
{"target": -240.61966985297258, "params": {"k_pid_pos": [1.2664866621148956, 0.024859491386256316, 0.20685669452838884], "k_pid_alt": [1.140468520258011, 0.8424209510811689, 0.15791560522360282], "k_pid_att": [58.989274729095186, 7.284845820832624, 0.73590781336997], "k_pid_yaw": [0.5, 1e-06, 0.1], "k_pid_hsp": [1.606987810134683, 0.1531003758033771, 0.01], "k_pid_vsp": [110.56511661686339, 59.083466427248936, 1.0]}, "datetime": {"datetime": "2025-08-21 17:18:25", "elapsed": 30821.822053432465, "delta": 22.27002787590027}, "costs": {"total_cost": 240.61966985297258, "time_cost": 92.32000000000001, "final_distance_cost": 1.7636045579342539, "oscillation_cost": 50.64653160867308, "completition_cost": 0.0, "overshoot_cost": 58.65737835292887, "power_cost": 21.019868029785158, "noise_cost": 16.212287303651216, "n_waypoints_completed": 9, "tot_waypoints": 9}}
{"target": -185.55877228120178, "params": {"k_pid_pos": [1.7041340386651447, 0.024859491386256316, 0.3434561031905483], "k_pid_alt": [1.6319753356852484, 0.0, 0.9777221835916994], "k_pid_att": [58.989274729095186, 5.859554809351448, 0.73590781336997], "k_pid_yaw": [0.5, 1e-06, 0.1], "k_pid_hsp": [1.606987810134683, 0.30538356757589824, 0.01], "k_pid_vsp": [110.56511661686339, 59.083466427248936, 1.0]}, "datetime": {"datetime": "2025-08-21 17:18:41", "elapsed": 30837.51965022087, "delta": 15.697596788406372}, "costs": {"total_cost": 185.55877228120178, "time_cost": 69.83200000000001, "final_distance_cost": 1.8162548071793079, "oscillation_cost": 42.50967828088281, "completition_cost": 0.0, "overshoot_cost": 49.82205901251154, "power_cost": 11.038609289550783, "noise_cost": 10.54017089107733, "n_waypoints_completed": 9, "tot_waypoints": 9}}
{"target": -191.7650394456071, "params": {"k_pid_pos": [1.8922997940790476, 0.024859491386256316, 0.8020463410107419], "k_pid_alt": [1.6319753356852484, 0.0, 0.9777221835916994], "k_pid_att": [58.989274729095186, 5.859554809351448, 0.73590781336997], "k_pid_yaw": [0.5, 1e-06, 0.1], "k_pid_hsp": [1.606987810134683, 0.1531003758033771, 0.01], "k_pid_vsp": [110.56511661686339, 59.083466427248936, 1.0]}, "datetime": {"datetime": "2025-08-21 17:18:58", "elapsed": 30854.460988521576, "delta": 16.941338300704956}, "costs": {"total_cost": 191.7650394456071, "time_cost": 71.16, "final_distance_cost": 1.831873132100354, "oscillation_cost": 39.13205218183078, "completition_cost": 0.0, "overshoot_cost": 50.76927750657298, "power_cost": 15.817761584472658, "noise_cost": 13.054075040630336, "n_waypoints_completed": 9, "tot_waypoints": 9}}
{"target": -1257.798114792236, "params": {"k_pid_pos": [1.8034346552870686, 0.08087462101852438, 0.6250867496839783], "k_pid_alt": [1.6319753356852484, 0.0, 0.1576465649121419], "k_pid_att": [58.989274729095186, 5.859554809351448, 0.73590781336997], "k_pid_yaw": [0.5, 1e-06, 0.1], "k_pid_hsp": [1.606987810134683, 0.30538356757589824, 0.01], "k_pid_vsp": [110.56511661686339, 59.083466427248936, 225.07806705018456]}, "datetime": {"datetime": "2025-08-21 17:19:21", "elapsed": 30878.02862071991, "delta": 23.56763219833374}, "costs": {"total_cost": 1257.798114792236, "time_cost": 150, "final_distance_cost": 70.64071686022666, "oscillation_cost": 41.70664186111096, "completition_cost": 777.7777777777778, "overshoot_cost": 172.70812142195246, "power_cost": 15.587379113769533, "noise_cost": 29.377477757398744, "n_waypoints_completed": 2, "tot_waypoints": 9}}
{"target": -1337.6416876990186, "params": {"k_pid_pos": [1.8034346552870686, 0.08087462101852438, 0.6250867496839783], "k_pid_alt": [1.5344120537351553, 0.0, 0.45660459018404764], "k_pid_att": [58.989274729095186, 5.859554809351448, 0.73590781336997], "k_pid_yaw": [0.5, 1e-06, 0.1], "k_pid_hsp": [1.606987810134683, 0.1531003758033771, 0.02241598606202988], "k_pid_vsp": [110.56511661686339, 59.083466427248936, 397.61617008957916]}, "datetime": {"datetime": "2025-08-21 17:19:45", "elapsed": 30902.099508285522, "delta": 24.070887565612793}, "costs": {"total_cost": 1337.6416876990186, "time_cost": 150, "final_distance_cost": 1.0000366950046555, "oscillation_cost": 28.77985119925827, "completition_cost": 1000.0, "overshoot_cost": 133.81593425892322, "power_cost": 2.469004736328125, "noise_cost": 21.576860809504435, "n_waypoints_completed": 0, "tot_waypoints": 9}}
{"target": -347.5713230666802, "params": {"k_pid_pos": [1.7041340386651447, 0.8604971862547511, 0.6250867496839783], "k_pid_alt": [1.6319753356852484, 0.0, 0.1576465649121419], "k_pid_att": [69.11861289824857, 5.859554809351448, 0.73590781336997], "k_pid_yaw": [0.5, 1e-06, 0.1], "k_pid_hsp": [1.606987810134683, 0.1531003758033771, 0.3116024260922369], "k_pid_vsp": [110.56511661686339, 59.083466427248936, 1.0]}, "datetime": {"datetime": "2025-08-21 17:20:07", "elapsed": 30923.932682991028, "delta": 21.83317470550537}, "costs": {"total_cost": 347.5713230666802, "time_cost": 93.85600000000001, "final_distance_cost": 1.8102458951399176, "oscillation_cost": 157.9878891016146, "completition_cost": 0.0, "overshoot_cost": 63.782408206776445, "power_cost": 15.452045629882813, "noise_cost": 14.682734233266395, "n_waypoints_completed": 9, "tot_waypoints": 9}}
{"target": -197.94474772423703, "params": {"k_pid_pos": [1.8922997940790476, 0.024859491386256316, 0.6250867496839783], "k_pid_alt": [1.6319753356852484, 0.0, 0.1576465649121419], "k_pid_att": [92.532430894659, 3.2931611945007657, 0.73590781336997], "k_pid_yaw": [0.5, 1e-06, 0.1], "k_pid_hsp": [1.606987810134683, 0.30538356757589824, 0.01], "k_pid_vsp": [110.56511661686339, 59.083466427248936, 1.0]}, "datetime": {"datetime": "2025-08-21 17:20:24", "elapsed": 30941.09820485115, "delta": 17.16552186012268}, "costs": {"total_cost": 197.94474772423703, "time_cost": 70.32000000000001, "final_distance_cost": 1.8327813748229538, "oscillation_cost": 43.1523208445428, "completition_cost": 0.0, "overshoot_cost": 51.71302018197801, "power_cost": 17.110179504394534, "noise_cost": 13.816445818498737, "n_waypoints_completed": 9, "tot_waypoints": 9}}
{"target": -180.20352733568635, "params": {"k_pid_pos": [1.8034346552870686, 0.08087462101852438, 0.6250867496839783], "k_pid_alt": [1.6319753356852484, 0.0, 0.1576465649121419], "k_pid_att": [58.989274729095186, 5.859554809351448, 0.73590781336997], "k_pid_yaw": [0.5, 1e-06, 0.1], "k_pid_hsp": [1.606987810134683, 0.1531003758033771, 0.01], "k_pid_vsp": [110.56511661686339, 358.1213955104046, 1.0]}, "datetime": {"datetime": "2025-08-21 17:20:40", "elapsed": 30957.413672208786, "delta": 16.315467357635498}, "costs": {"total_cost": 180.20352733568635, "time_cost": 68.112, "final_distance_cost": 1.8322159606704995, "oscillation_cost": 41.89943813891706, "completition_cost": 0.0, "overshoot_cost": 49.594502796970446, "power_cost": 9.187490539550781, "noise_cost": 9.577879899577558, "n_waypoints_completed": 9, "tot_waypoints": 9}}
{"target": -182.23160001844363, "params": {"k_pid_pos": [1.8922997940790476, 0.024859491386256316, 0.6250867496839783], "k_pid_alt": [1.6319753356852484, 0.0, 0.1576465649121419], "k_pid_att": [92.532430894659, 3.2931611945007657, 0.73590781336997], "k_pid_yaw": [0.5, 1e-06, 0.1], "k_pid_hsp": [1.606987810134683, 0.1531003758033771, 0.01], "k_pid_vsp": [110.56511661686339, 59.083466427248936, 1.0]}, "datetime": {"datetime": "2025-08-21 17:20:56", "elapsed": 30973.101273298264, "delta": 15.687601089477539}, "costs": {"total_cost": 182.23160001844363, "time_cost": 68.56, "final_distance_cost": 1.8301103164140506, "oscillation_cost": 42.01529142199553, "completition_cost": 0.0, "overshoot_cost": 50.35262219307743, "power_cost": 9.5342404296875, "noise_cost": 9.939335657269142, "n_waypoints_completed": 9, "tot_waypoints": 9}}
{"target": -1000.5056348792866, "params": {"k_pid_pos": [0.13623990408938025, 0.024859491386256316, 0.6354931049670316], "k_pid_alt": [1.6319753356852484, 0.7294692830881829, 0.15791560522360282], "k_pid_att": [58.989274729095186, 7.284845820832624, 0.73590781336997], "k_pid_yaw": [0.5, 1e-06, 0.1], "k_pid_hsp": [1.606987810134683, 0.30538356757589824, 0.01], "k_pid_vsp": [110.56511661686339, 59.083466427248936, 53.79072452004026]}, "datetime": {"datetime": "2025-08-21 17:21:20", "elapsed": 30997.003102064133, "delta": 23.90182876586914}, "costs": {"total_cost": 1000.5056348792866, "time_cost": 150, "final_distance_cost": 64.93463032562735, "oscillation_cost": 36.03853966666941, "completition_cost": 666.6666666666667, "overshoot_cost": 55.68126445121134, "power_cost": 15.238975817871095, "noise_cost": 11.945557951240756, "n_waypoints_completed": 3, "tot_waypoints": 9}}
{"target": -188.11224163228636, "params": {"k_pid_pos": [1.8034346552870686, 0.08087462101852438, 0.6250867496839783], "k_pid_alt": [1.1098775236402525, 0.0, 0.1576465649121419], "k_pid_att": [58.989274729095186, 7.284845820832624, 0.73590781336997], "k_pid_yaw": [0.5, 1e-06, 0.1], "k_pid_hsp": [1.606987810134683, 0.1531003758033771, 0.01], "k_pid_vsp": [182.43953563434863, 59.083466427248936, 1.0]}, "datetime": {"datetime": "2025-08-21 17:21:37", "elapsed": 31013.960003614426, "delta": 16.95690155029297}, "costs": {"total_cost": 188.11224163228636, "time_cost": 70.264, "final_distance_cost": 1.8276167438960766, "oscillation_cost": 38.021720130191184, "completition_cost": 0.0, "overshoot_cost": 50.36247818020984, "power_cost": 14.981451574707032, "noise_cost": 12.654975003282228, "n_waypoints_completed": 9, "tot_waypoints": 9}}
{"target": -184.8528040718741, "params": {"k_pid_pos": [1.8034346552870686, 0.08087462101852438, 0.6250867496839783], "k_pid_alt": [1.1098775236402525, 0.0, 0.1576465649121419], "k_pid_att": [11.329609997636037, 6.043751783864618, 0.73590781336997], "k_pid_yaw": [0.5, 1e-06, 0.1], "k_pid_hsp": [1.606987810134683, 0.1531003758033771, 0.01], "k_pid_vsp": [110.56511661686339, 59.083466427248936, 1.0]}, "datetime": {"datetime": "2025-08-21 17:21:53", "elapsed": 31030.25366950035, "delta": 16.293665885925293}, "costs": {"total_cost": 184.8528040718741, "time_cost": 69.4, "final_distance_cost": 1.814617389726474, "oscillation_cost": 39.83181773227574, "completition_cost": 0.0, "overshoot_cost": 49.614060001579155, "power_cost": 12.786752307128907, "noise_cost": 11.40555664116383, "n_waypoints_completed": 9, "tot_waypoints": 9}}
{"target": -241.2928795531202, "params": {"k_pid_pos": [1.8034346552870686, 0.08087462101852438, 0.8020463410107419], "k_pid_alt": [1.6718174236541343, 0.9576242210153021, 0.6683949116493773], "k_pid_att": [70.55318086990701, 6.396008733820776, 0.7033874038379369], "k_pid_yaw": [0.5, 1e-06, 0.1], "k_pid_hsp": [1.606987810134683, 0.11140066133917204, 0.01], "k_pid_vsp": [328.93714994687633, 58.47483401410723, 1.0]}, "datetime": {"datetime": "2025-08-21 17:22:15", "elapsed": 31052.13287782669, "delta": 21.87920832633972}, "costs": {"total_cost": 241.2928795531202, "time_cost": 89.624, "final_distance_cost": 1.7961527746601365, "oscillation_cost": 54.66004308729539, "completition_cost": 0.0, "overshoot_cost": 58.81355703380725, "power_cost": 20.502690173339843, "noise_cost": 15.896436484017567, "n_waypoints_completed": 9, "tot_waypoints": 9}}
{"target": -218.57747346288565, "params": {"k_pid_pos": [1.8034346552870686, 0.9973165502364121, 0.6354931049670316], "k_pid_alt": [1.6319753356852484, 0.0, 0.15791560522360282], "k_pid_att": [30.01335581347805, 7.284845820832624, 0.73590781336997], "k_pid_yaw": [0.5, 1e-06, 0.1], "k_pid_hsp": [1.606987810134683, 0.1531003758033771, 0.01], "k_pid_vsp": [110.56511661686339, 59.083466427248936, 1.0]}, "datetime": {"datetime": "2025-08-21 17:22:35", "elapsed": 31071.496162891388, "delta": 19.363285064697266}, "costs": {"total_cost": 218.57747346288565, "time_cost": 86.072, "final_distance_cost": 1.7275244566816133, "oscillation_cost": 50.44561451539578, "completition_cost": 0.0, "overshoot_cost": 53.66901730041551, "power_cost": 13.844102416992188, "noise_cost": 12.819214773400553, "n_waypoints_completed": 9, "tot_waypoints": 9}}
{"target": -185.05323914266296, "params": {"k_pid_pos": [1.8922997940790476, 0.024859491386256316, 0.33905951301659876], "k_pid_alt": [1.6319753356852484, 0.0, 0.1576465649121419], "k_pid_att": [92.532430894659, 3.2931611945007657, 0.73590781336997], "k_pid_yaw": [0.5, 1e-06, 0.1], "k_pid_hsp": [1.606987810134683, 0.30538356757589824, 0.01], "k_pid_vsp": [110.56511661686339, 59.083466427248936, 1.0]}, "datetime": {"datetime": "2025-08-21 17:22:51", "elapsed": 31088.115030050278, "delta": 16.61886715888977}, "costs": {"total_cost": 185.05323914266296, "time_cost": 68.16, "final_distance_cost": 1.798216077967171, "oscillation_cost": 45.29245575789411, "completition_cost": 0.0, "overshoot_cost": 50.216055016469994, "power_cost": 9.724512670898438, "noise_cost": 9.861999619433242, "n_waypoints_completed": 9, "tot_waypoints": 9}}
