{"target": -184.05984011337733, "params": {"k_pid_pos": [1.8922997940790476, 0.024859491386256316, 0.6250867496839783], "k_pid_alt": [1.6319753356852484, 0.0, 0.1576465649121419], "k_pid_att": [37.12179941719916, 5.859554809351448, 0.73590781336997], "k_pid_yaw": [0.5, 1e-06, 0.1], "k_pid_hsp": [1.606987810134683, 0.1531003758033771, 0.01], "k_pid_vsp": [131.89521188480865, 59.083466427248936, 1.0]}, "datetime": {"datetime": "2025-08-21 16:44:34", "elapsed": 28791.448778629303, "delta": 17.313408851623535}, "costs": {"total_cost": 184.05984011337733, "time_cost": 68.792, "final_distance_cost": 1.8321336786728046, "oscillation_cost": 36.70924887890848, "completition_cost": 0.0, "overshoot_cost": 50.12466556552506, "power_cost": 14.130938500976564, "noise_cost": 12.470853489294438, "n_waypoints_completed": 9, "tot_waypoints": 9}}
{"target": -420.15570034023494, "params": {"k_pid_pos": [1.8922997940790476, 0.024859491386256316, 0.613303733901718], "k_pid_alt": [0.410712682686863, 0.0, 0.1576465649121419], "k_pid_att": [37.12179941719916, 5.859554809351448, 0.7033874038379369], "k_pid_yaw": [0.5, 1e-06, 0.1], "k_pid_hsp": [1.606987810134683, 0.1531003758033771, 0.4604506563081415], "k_pid_vsp": [16.765689104681325, 58.47483401410723, 1.0]}, "datetime": {"datetime": "2025-08-21 16:44:55", "elapsed": 28812.290169477463, "delta": 20.84139084815979}, "costs": {"total_cost": 420.15570034023494, "time_cost": 92.47200000000001, "final_distance_cost": 1.8053897546323885, "oscillation_cost": 242.76835192607703, "completition_cost": 0.0, "overshoot_cost": 50.88075011150777, "power_cost": 16.860710498046874, "noise_cost": 15.36849804997086, "n_waypoints_completed": 9, "tot_waypoints": 9}}
{"target": -187.29695346799218, "params": {"k_pid_pos": [1.3587729839667164, 0.024859491386256316, 0.6250867496839783], "k_pid_alt": [1.6319753356852484, 0.028806210149256217, 0.1576465649121419], "k_pid_att": [37.12179941719916, 5.6580295118978245, 0.7033874038379369], "k_pid_yaw": [0.5, 1e-06, 0.1], "k_pid_hsp": [2.947372329276074, 0.1531003758033771, 0.01], "k_pid_vsp": [110.56511661686339, 59.083466427248936, 1.0]}, "datetime": {"datetime": "2025-08-21 16:45:12", "elapsed": 28829.37789082527, "delta": 17.087721347808838}, "costs": {"total_cost": 187.29695346799218, "time_cost": 70.776, "final_distance_cost": 1.8494600850738319, "oscillation_cost": 43.45537045558015, "completition_cost": 0.0, "overshoot_cost": 50.18717287661207, "power_cost": 10.201598999023439, "noise_cost": 10.827351051702687, "n_waypoints_completed": 9, "tot_waypoints": 9}}
{"target": -209.84783450958125, "params": {"k_pid_pos": [1.8922997940790476, 0.9080648804961846, 0.7774444947807966], "k_pid_alt": [1.6319753356852484, 0.0, 0.1576465649121419], "k_pid_att": [14.519487670645582, 0.24599703738529807, 0.5627915745015433], "k_pid_yaw": [0.5, 1e-06, 0.1], "k_pid_hsp": [1.606987810134683, 0.3044774248601587, 0.01], "k_pid_vsp": [110.56511661686339, 59.083466427248936, 1.0]}, "datetime": {"datetime": "2025-08-21 16:45:32", "elapsed": 28849.09087586403, "delta": 19.712985038757324}, "costs": {"total_cost": 209.84783450958125, "time_cost": 81.416, "final_distance_cost": 1.7848381195462864, "oscillation_cost": 46.9652910323719, "completition_cost": 0.0, "overshoot_cost": 51.75560481032585, "power_cost": 15.025695703125, "noise_cost": 12.900404844212193, "n_waypoints_completed": 9, "tot_waypoints": 9}}
{"target": -189.93453754110217, "params": {"k_pid_pos": [1.7041340386651447, 0.038219275878738745, 0.9752376885840038], "k_pid_alt": [1.6319753356852484, 0.0, 0.1576465649121419], "k_pid_att": [58.989274729095186, 5.859554809351448, 0.7033874038379369], "k_pid_yaw": [0.5, 1e-06, 0.1], "k_pid_hsp": [1.606987810134683, 0.1531003758033771, 0.01], "k_pid_vsp": [29.96849041048857, 59.083466427248936, 1.0]}, "datetime": {"datetime": "2025-08-21 16:45:48", "elapsed": 28864.59481692314, "delta": 15.503941059112549}, "costs": {"total_cost": 189.93453754110217, "time_cost": 70.336, "final_distance_cost": 1.8418432206487452, "oscillation_cost": 40.22175725582382, "completition_cost": 0.0, "overshoot_cost": 50.05629362426069, "power_cost": 14.517085180664063, "noise_cost": 12.96155825970488, "n_waypoints_completed": 9, "tot_waypoints": 9}}
{"target": -209.5313013168021, "params": {"k_pid_pos": [1.8922997940790476, 0.024859491386256316, 0.6250867496839783], "k_pid_alt": [1.6319753356852484, 0.0, 0.7538195562388602], "k_pid_att": [58.989274729095186, 5.859554809351448, 0.08105699149151435], "k_pid_yaw": [0.5, 1e-06, 0.1], "k_pid_hsp": [1.606987810134683, 0.1531003758033771, 0.01], "k_pid_vsp": [110.56511661686339, 59.083466427248936, 19.905301600864938]}, "datetime": {"datetime": "2025-08-21 16:46:06", "elapsed": 28882.729385614395, "delta": 18.134568691253662}, "costs": {"total_cost": 209.5313013168021, "time_cost": 70.688, "final_distance_cost": 1.816520121572272, "oscillation_cost": 56.1890432916024, "completition_cost": 0.0, "overshoot_cost": 50.34307417478733, "power_cost": 17.266387841796877, "noise_cost": 13.228275887043223, "n_waypoints_completed": 9, "tot_waypoints": 9}}
{"target": -607.0247449823204, "params": {"k_pid_pos": [1.8034346552870686, 0.024859491386256316, 0.6250867496839783], "k_pid_alt": [1.9294269632989844, 0.0, 0.3787621482452719], "k_pid_att": [58.989274729095186, 6.380071371307885, 0.71995891973172], "k_pid_yaw": [0.5, 1e-06, 0.1], "k_pid_hsp": [1.0076768036881465, 0.041997352724737036, 0.6842015212410669], "k_pid_vsp": [155.80135867994494, 44.88092472225945, 1.0]}, "datetime": {"datetime": "2025-08-21 16:46:31", "elapsed": 28907.795504808426, "delta": 25.06611919403076}, "costs": {"total_cost": 607.0247449823204, "time_cost": 150, "final_distance_cost": 8.431645713819117, "oscillation_cost": 226.14365820781646, "completition_cost": 111.11111111111116, "overshoot_cost": 73.06499012229838, "power_cost": 20.226884619140627, "noise_cost": 18.046455208134766, "n_waypoints_completed": 8, "tot_waypoints": 9}}
{"target": -390.8535642101692, "params": {"k_pid_pos": [0.7545197740495657, 0.024859491386256316, 0.483273595217213], "k_pid_alt": [1.6319753356852484, 0.0, 0.37635839979980057], "k_pid_att": [37.12179941719916, 5.859554809351448, 0.7033874038379369], "k_pid_yaw": [0.5, 1e-06, 0.1], "k_pid_hsp": [1.606987810134683, 0.1531003758033771, 0.298002364448984], "k_pid_vsp": [110.56511661686339, 59.083466427248936, 1.0]}, "datetime": {"datetime": "2025-08-21 16:46:54", "elapsed": 28930.896391153336, "delta": 23.100886344909668}, "costs": {"total_cost": 390.8535642101692, "time_cost": 87.352, "final_distance_cost": 1.8574774247023134, "oscillation_cost": 223.05067373900746, "completition_cost": 0.0, "overshoot_cost": 51.9012592181654, "power_cost": 12.807031640625, "noise_cost": 13.885122187669014, "n_waypoints_completed": 9, "tot_waypoints": 9}}
{"target": -177.8915731211071, "params": {"k_pid_pos": [1.8922997940790476, 0.024859491386256316, 0.6250867496839783], "k_pid_alt": [1.6319753356852484, 0.0, 0.1576465649121419], "k_pid_att": [32.194164172814396, 7.284845820832624, 0.73590781336997], "k_pid_yaw": [0.5, 1e-06, 0.1], "k_pid_hsp": [1.606987810134683, 0.1531003758033771, 0.01], "k_pid_vsp": [110.56511661686339, 59.083466427248936, 1.0]}, "datetime": {"datetime": "2025-08-21 16:47:11", "elapsed": 28948.351825475693, "delta": 17.455434322357178}, "costs": {"total_cost": 177.8915731211071, "time_cost": 68.184, "final_distance_cost": 1.8222276319455344, "oscillation_cost": 38.93106911587584, "completition_cost": 0.0, "overshoot_cost": 49.68242629882235, "power_cost": 9.432436547851562, "noise_cost": 9.839413526611787, "n_waypoints_completed": 9, "tot_waypoints": 9}}
{"target": -182.40282978644208, "params": {"k_pid_pos": [1.1904191683331364, 0.024859491386256316, 0.3434561031905483], "k_pid_alt": [1.6319753356852484, 0.0, 0.1576465649121419], "k_pid_att": [58.989274729095186, 5.859554809351448, 0.7033874038379369], "k_pid_yaw": [0.5, 1e-06, 0.1], "k_pid_hsp": [1.606987810134683, 0.7709548990052254, 0.01], "k_pid_vsp": [29.96849041048857, 58.47483401410723, 1.0]}, "datetime": {"datetime": "2025-08-21 16:47:27", "elapsed": 28964.37502336502, "delta": 16.023197889328003}, "costs": {"total_cost": 182.40282978644208, "time_cost": 69.312, "final_distance_cost": 1.8475993844528373, "oscillation_cost": 41.86809819240605, "completition_cost": 0.0, "overshoot_cost": 49.09860984748584, "power_cost": 10.027996826171876, "noise_cost": 10.248525535925454, "n_waypoints_completed": 9, "tot_waypoints": 9}}
{"target": -181.647260044395, "params": {"k_pid_pos": [1.7041340386651447, 0.024859491386256316, 0.3434561031905483], "k_pid_alt": [1.6319753356852484, 0.0, 0.9505550730200033], "k_pid_att": [58.989274729095186, 4.929500621888914, 0.3744289396013216], "k_pid_yaw": [0.5, 1e-06, 0.1], "k_pid_hsp": [1.606987810134683, 0.1531003758033771, 0.006163336151336907], "k_pid_vsp": [110.56511661686339, 273.5353972576295, 1.0]}, "datetime": {"datetime": "2025-08-21 16:47:44", "elapsed": 28980.99575805664, "delta": 16.620734691619873}, "costs": {"total_cost": 181.647260044395, "time_cost": 69.696, "final_distance_cost": 1.8071601266924302, "oscillation_cost": 42.009771307554864, "completition_cost": 0.0, "overshoot_cost": 49.487111156158846, "power_cost": 9.18085546875, "noise_cost": 9.466361985238866, "n_waypoints_completed": 9, "tot_waypoints": 9}}
{"target": -214.97505262630565, "params": {"k_pid_pos": [1.8922997940790476, 0.623941579046508, 0.6250867496839783], "k_pid_alt": [1.6319753356852484, 0.0, 0.1576465649121419], "k_pid_att": [58.989274729095186, 5.859554809351448, 0.73590781336997], "k_pid_yaw": [0.5, 1e-06, 0.1], "k_pid_hsp": [1.606987810134683, 0.5338140877098506, 0.01], "k_pid_vsp": [110.56511661686339, 59.083466427248936, 1.0]}, "datetime": {"datetime": "2025-08-21 16:48:03", "elapsed": 29000.08295083046, "delta": 19.08719277381897}, "costs": {"total_cost": 214.97505262630565, "time_cost": 78.56, "final_distance_cost": 1.7979884889954338, "oscillation_cost": 48.68660624703553, "completition_cost": 0.0, "overshoot_cost": 52.92366810181031, "power_cost": 18.35794158935547, "noise_cost": 14.64884819910892, "n_waypoints_completed": 9, "tot_waypoints": 9}}
{"target": -187.10401183202185, "params": {"k_pid_pos": [1.8034346552870686, 0.024859491386256316, 0.6250867496839783], "k_pid_alt": [1.6718174236541343, 0.0, 0.6683949116493773], "k_pid_att": [83.24205936752172, 2.524269488566535, 0.7033874038379369], "k_pid_yaw": [0.5, 1e-06, 0.1], "k_pid_hsp": [1.606987810134683, 0.24034004518407315, 0.01], "k_pid_vsp": [170.97439258889042, 59.083466427248936, 1.0]}, "datetime": {"datetime": "2025-08-21 16:48:19", "elapsed": 29015.9755923748, "delta": 15.892641544342041}, "costs": {"total_cost": 187.10401183202185, "time_cost": 69.824, "final_distance_cost": 1.8377594733236704, "oscillation_cost": 39.39846232930327, "completition_cost": 0.0, "overshoot_cost": 50.4652943133389, "power_cost": 13.53731806640625, "noise_cost": 12.041177649649764, "n_waypoints_completed": 9, "tot_waypoints": 9}}
{"target": -185.75449872684223, "params": {"k_pid_pos": [1.8922997940790476, 0.024859491386256316, 0.6250867496839783], "k_pid_alt": [1.6319753356852484, 0.028806210149256217, 0.1576465649121419], "k_pid_att": [37.12179941719916, 5.6580295118978245, 0.9623745068707039], "k_pid_yaw": [0.5, 1e-06, 0.1], "k_pid_hsp": [1.606987810134683, 0.1531003758033771, 0.01], "k_pid_vsp": [110.56511661686339, 175.28714713338795, 1.0]}, "datetime": {"datetime": "2025-08-21 16:48:36", "elapsed": 29032.80839920044, "delta": 16.832806825637817}, "costs": {"total_cost": 185.75449872684223, "time_cost": 69.12, "final_distance_cost": 1.840119293754568, "oscillation_cost": 40.163839950509804, "completition_cost": 0.0, "overshoot_cost": 50.543736495248105, "power_cost": 12.509940576171875, "noise_cost": 11.576862411157858, "n_waypoints_completed": 9, "tot_waypoints": 9}}
{"target": -556.4868291145688, "params": {"k_pid_pos": [1.7041340386651447, 0.5863322269513203, 0.3434561031905483], "k_pid_alt": [1.6319753356852484, 0.0, 0.1576465649121419], "k_pid_att": [58.989274729095186, 3.013314939118704, 0.73590781336997], "k_pid_yaw": [0.5, 1e-06, 0.1], "k_pid_hsp": [1.606987810134683, 0.1531003758033771, 0.9169413006688895], "k_pid_vsp": [110.56511661686339, 59.083466427248936, 1.0]}, "datetime": {"datetime": "2025-08-21 16:49:00", "elapsed": 29057.254225969315, "delta": 24.445826768875122}, "costs": {"total_cost": 556.4868291145688, "time_cost": 150, "final_distance_cost": 28.503309165522367, "oscillation_cost": 152.618439048122, "completition_cost": 111.11111111111116, "overshoot_cost": 74.33494341555075, "power_cost": 22.000842248535157, "noise_cost": 17.918184125727382, "n_waypoints_completed": 8, "tot_waypoints": 9}}
{"target": -199.27284269072905, "params": {"k_pid_pos": [1.5073823265605182, 0.024859491386256316, 0.6250867496839783], "k_pid_alt": [1.9294269632989844, 0.03163609357351849, 0.3787621482452719], "k_pid_att": [58.989274729095186, 6.380071371307885, 0.71995891973172], "k_pid_yaw": [0.5, 1e-06, 0.1], "k_pid_hsp": [1.0076768036881465, 0.041997352724737036, 0.01], "k_pid_vsp": [110.56511661686339, 59.083466427248936, 1.0]}, "datetime": {"datetime": "2025-08-21 16:49:18", "elapsed": 29075.215218305588, "delta": 17.960992336273193}, "costs": {"total_cost": 199.27284269072905, "time_cost": 74.848, "final_distance_cost": 1.8525286948910424, "oscillation_cost": 44.39161272474795, "completition_cost": 0.0, "overshoot_cost": 50.73414142523244, "power_cost": 14.252505444335938, "noise_cost": 13.194054401521639, "n_waypoints_completed": 9, "tot_waypoints": 9}}
{"target": -180.76739472471584, "params": {"k_pid_pos": [1.5164821318119608, 0.024859491386256316, 0.6250867496839783], "k_pid_alt": [1.6319753356852484, 0.028806210149256217, 0.1576465649121419], "k_pid_att": [25.997073188089082, 5.6580295118978245, 0.7033874038379369], "k_pid_yaw": [0.5, 1e-06, 0.1], "k_pid_hsp": [1.606987810134683, 0.1531003758033771, 0.01], "k_pid_vsp": [155.80135867994494, 98.63337078029946, 1.0]}, "datetime": {"datetime": "2025-08-21 16:49:35", "elapsed": 29092.294939279556, "delta": 17.079720973968506}, "costs": {"total_cost": 180.76739472471584, "time_cost": 69.816, "final_distance_cost": 1.8507268832688835, "oscillation_cost": 36.284496952357635, "completition_cost": 0.0, "overshoot_cost": 50.11255338514366, "power_cost": 11.454821704101564, "noise_cost": 11.248795799844123, "n_waypoints_completed": 9, "tot_waypoints": 9}}
{"target": -1309.5976732849924, "params": {"k_pid_pos": [1.7041340386651447, 0.12166711107490247, 0.3434561031905483], "k_pid_alt": [1.6319753356852484, 0.0, 0.1576465649121419], "k_pid_att": [58.989274729095186, 5.859554809351448, 0.7033874038379369], "k_pid_yaw": [0.5, 1e-06, 0.1], "k_pid_hsp": [2.3991572605295537, 0.1531003758033771, 0.01], "k_pid_vsp": [117.53724514392157, 376.6167462867098, 375.44518739821063]}, "datetime": {"datetime": "2025-08-21 16:49:59", "elapsed": 29115.92216873169, "delta": 23.62722945213318}, "costs": {"total_cost": 1309.5976732849924, "time_cost": 150, "final_distance_cost": 70.48994337194503, "oscillation_cost": 38.541907969815945, "completition_cost": 777.7777777777778, "overshoot_cost": 211.95357853706128, "power_cost": 32.033973095703125, "noise_cost": 28.80049253268903, "n_waypoints_completed": 2, "tot_waypoints": 9}}
{"target": -194.47314993754702, "params": {"k_pid_pos": [1.9633392782387096, 0.10920718465865398, 0.3936288181756814], "k_pid_alt": [1.6319753356852484, 0.0, 0.43738161972271916], "k_pid_att": [59.0149162219073, 8.491440198406547, 0.3297423310025197], "k_pid_yaw": [0.5, 1e-06, 0.1], "k_pid_hsp": [1.606987810134683, 0.4017820065842225, 0.01], "k_pid_vsp": [29.96849041048857, 220.49899307650495, 1.0]}, "datetime": {"datetime": "2025-08-21 16:50:14", "elapsed": 29131.38838481903, "delta": 15.466216087341309}, "costs": {"total_cost": 194.47314993754702, "time_cost": 68.504, "final_distance_cost": 1.8074969126491378, "oscillation_cost": 50.200299500433914, "completition_cost": 0.0, "overshoot_cost": 49.97646761334044, "power_cost": 12.802311242675781, "noise_cost": 11.182574668447726, "n_waypoints_completed": 9, "tot_waypoints": 9}}
{"target": -1095.3174809592645, "params": {"k_pid_pos": [1.8922997940790476, 0.08721639792057734, 0.6250867496839783], "k_pid_alt": [1.6319753356852484, 0.0, 0.1576465649121419], "k_pid_att": [75.73778624120506, 2.8503329366774977, 0.6179952950406163], "k_pid_yaw": [0.5, 1e-06, 0.1], "k_pid_hsp": [1.0076768036881465, 0.6256052011296894, 0.9094015404729765], "k_pid_vsp": [110.56511661686339, 59.083466427248936, 1.0]}, "datetime": {"datetime": "2025-08-21 16:50:38", "elapsed": 29154.58228945732, "delta": 23.193904638290405}, "costs": {"total_cost": 1095.3174809592645, "time_cost": 150, "final_distance_cost": 50.508343687556845, "oscillation_cost": 181.60645210467524, "completition_cost": 555.5555555555555, "overshoot_cost": 64.81244856325091, "power_cost": 31.465304992675783, "noise_cost": 61.369376055550276, "n_waypoints_completed": 4, "tot_waypoints": 9}}
{"target": -182.150197797219, "params": {"k_pid_pos": [1.8922997940790476, 0.024859491386256316, 0.6250867496839783], "k_pid_alt": [1.6319753356852484, 0.0, 0.1576465649121419], "k_pid_att": [32.194164172814396, 7.284845820832624, 0.73590781336997], "k_pid_yaw": [0.5, 1e-06, 0.1], "k_pid_hsp": [1.606987810134683, 0.1531003758033771, 0.01], "k_pid_vsp": [110.56511661686339, 59.083466427248936, 1.0]}, "datetime": {"datetime": "2025-08-21 16:50:54", "elapsed": 29170.780687093735, "delta": 16.198397636413574}, "costs": {"total_cost": 182.150197797219, "time_cost": 68.24, "final_distance_cost": 1.8362614939910447, "oscillation_cost": 41.63440486652426, "completition_cost": 0.0, "overshoot_cost": 49.65773967034111, "power_cost": 10.373939135742187, "noise_cost": 10.40785263062044, "n_waypoints_completed": 9, "tot_waypoints": 9}}
{"target": -183.5491203242855, "params": {"k_pid_pos": [1.7041340386651447, 0.024859491386256316, 0.3434561031905483], "k_pid_alt": [1.6319753356852484, 0.0, 0.1576465649121419], "k_pid_att": [58.989274729095186, 5.859554809351448, 0.7033874038379369], "k_pid_yaw": [0.5, 1e-06, 0.1], "k_pid_hsp": [1.606987810134683, 0.1531003758033771, 0.01], "k_pid_vsp": [29.96849041048857, 58.47483401410723, 1.0]}, "datetime": {"datetime": "2025-08-21 16:51:10", "elapsed": 29186.58373427391, "delta": 15.803047180175781}, "costs": {"total_cost": 183.5491203242855, "time_cost": 68.688, "final_distance_cost": 1.8139391897887835, "oscillation_cost": 38.29843311158512, "completition_cost": 0.0, "overshoot_cost": 50.402789514767605, "power_cost": 12.86506201171875, "noise_cost": 11.480896496425235, "n_waypoints_completed": 9, "tot_waypoints": 9}}
{"target": -183.90639183204416, "params": {"k_pid_pos": [1.8922997940790476, 0.024859491386256316, 0.8020463410107419], "k_pid_alt": [1.6718174236541343, 0.0, 0.6683949116493773], "k_pid_att": [83.24205936752172, 5.859554809351448, 0.7033874038379369], "k_pid_yaw": [0.5, 1e-06, 0.1], "k_pid_hsp": [1.606987810134683, 0.11140066133917204, 0.01], "k_pid_vsp": [29.96849041048857, 58.47483401410723, 1.0]}, "datetime": {"datetime": "2025-08-21 16:51:27", "elapsed": 29203.603553056717, "delta": 17.019818782806396}, "costs": {"total_cost": 183.90639183204416, "time_cost": 69.76, "final_distance_cost": 1.841467760831697, "oscillation_cost": 37.996076486264, "completition_cost": 0.0, "overshoot_cost": 49.88910242064412, "power_cost": 12.73027733154297, "noise_cost": 11.689467832761391, "n_waypoints_completed": 9, "tot_waypoints": 9}}
{"target": -593.1032816426786, "params": {"k_pid_pos": [1.8034346552870686, 0.08087462101852438, 0.613303733901718], "k_pid_alt": [0.410712682686863, 0.0, 0.1576465649121419], "k_pid_att": [37.12179941719916, 0.45878646222833935, 0.7033874038379369], "k_pid_yaw": [0.5, 1e-06, 0.1], "k_pid_hsp": [1.606987810134683, 0.1531003758033771, 0.4604506563081415], "k_pid_vsp": [16.765689104681325, 58.47483401410723, 1.0]}, "datetime": {"datetime": "2025-08-21 16:51:50", "elapsed": 29226.573062181473, "delta": 22.96950912475586}, "costs": {"total_cost": 593.1032816426786, "time_cost": 150, "final_distance_cost": 18.638055398034652, "oscillation_cost": 212.85419153015593, "completition_cost": 111.11111111111116, "overshoot_cost": 60.23119813512551, "power_cost": 22.890456665039064, "noise_cost": 17.37826880321224, "n_waypoints_completed": 8, "tot_waypoints": 9}}
{"target": -180.6114802102979, "params": {"k_pid_pos": [1.8922997940790476, 0.024859491386256316, 0.6250867496839783], "k_pid_alt": [1.6319753356852484, 0.0, 0.1576465649121419], "k_pid_att": [58.989274729095186, 7.262158112886176, 0.73590781336997], "k_pid_yaw": [0.5, 1e-06, 0.1], "k_pid_hsp": [1.606987810134683, 0.1531003758033771, 0.01], "k_pid_vsp": [110.56511661686339, 59.083466427248936, 1.0]}, "datetime": {"datetime": "2025-08-21 16:52:05", "elapsed": 29242.172550678253, "delta": 15.599488496780396}, "costs": {"total_cost": 180.6114802102979, "time_cost": 68.56, "final_distance_cost": 1.8259768289358926, "oscillation_cost": 40.62247900441238, "completition_cost": 0.0, "overshoot_cost": 50.34538033872186, "power_cost": 9.42422381591797, "noise_cost": 9.833420222309801, "n_waypoints_completed": 9, "tot_waypoints": 9}}
