{"target": -1022.9761828046434, "params": {"k_pid_pos": [1.3885554450422086, 0.697934074851641, 0.06837744536824142], "k_pid_alt": [1.408510096659571, 0.0, 0.06527723447865985], "k_pid_att": [56.57538761271833, 7.284845820832624, 0.8739915892735461], "k_pid_yaw": [0.5, 1e-06, 0.1], "k_pid_hsp": [1.0, 0.1531003758033771, 0.01], "k_pid_vsp": [378.2079564087626, 355.21150340299164, 378.0828445606506]}, "datetime": {"datetime": "2025-08-21 14:27:04", "elapsed": 20540.860852718353, "delta": 23.41974186897278}, "costs": {"total_cost": 1022.9761828046434, "time_cost": 150, "final_distance_cost": 68.33232016037883, "oscillation_cost": 51.431034282185145, "completition_cost": 666.6666666666667, "overshoot_cost": 47.05798307621492, "power_cost": 23.04882684326172, "noise_cost": 16.43935177593604, "n_waypoints_completed": 3, "tot_waypoints": 9}}
{"target": -367.8668118192168, "params": {"k_pid_pos": [1.3885554450422086, 0.024859491386256316, 0.8017766682930172], "k_pid_alt": [1.7286757789009397, 0.0, 0.5100217929712108], "k_pid_att": [50.812654768034484, 7.284845820832624, 0.8739915892735461], "k_pid_yaw": [0.5, 1e-06, 0.1], "k_pid_hsp": [1.606987810134683, 0.1531003758033771, 0.5359723100047215], "k_pid_vsp": [378.2079564087626, 355.21150340299164, 1.0]}, "datetime": {"datetime": "2025-08-21 14:27:24", "elapsed": 20561.06277513504, "delta": 20.20192241668701}, "costs": {"total_cost": 367.8668118192168, "time_cost": 88.016, "final_distance_cost": 1.8027470879506338, "oscillation_cost": 194.75210634745528, "completition_cost": 0.0, "overshoot_cost": 53.33842221227245, "power_cost": 15.838387805175781, "noise_cost": 14.119148366362667, "n_waypoints_completed": 9, "tot_waypoints": 9}}
{"target": -196.0441342866239, "params": {"k_pid_pos": [1.9176378968916694, 0.19270098738807973, 0.11401919133455096], "k_pid_alt": [1.6319753356852484, 0.0, 0.1576465649121419], "k_pid_att": [24.0942673894178, 4.273161054152589, 0.8739915892735461], "k_pid_yaw": [0.5, 1e-06, 0.1], "k_pid_hsp": [3.022941925987454, 0.4702638621486921, 0.01], "k_pid_vsp": [378.2079564087626, 381.5365089319878, 1.0]}, "datetime": {"datetime": "2025-08-21 14:27:40", "elapsed": 20577.310005664825, "delta": 16.247230529785156}, "costs": {"total_cost": 196.0441342866239, "time_cost": 69.64, "final_distance_cost": 1.7543194271340714, "oscillation_cost": 46.79940389502356, "completition_cost": 0.0, "overshoot_cost": 50.294884060814375, "power_cost": 14.951501953125002, "noise_cost": 12.604024950526874, "n_waypoints_completed": 9, "tot_waypoints": 9}}
{"target": -183.18485943309133, "params": {"k_pid_pos": [1.3885554450422086, 0.024859491386256316, 0.11401919133455096], "k_pid_alt": [1.0304713630477362, 0.0, 0.06527723447865985], "k_pid_att": [24.0942673894178, 7.284845820832624, 0.8739915892735461], "k_pid_yaw": [0.5, 1e-06, 0.1], "k_pid_hsp": [1.0, 0.1531003758033771, 0.01], "k_pid_vsp": [284.5460512203246, 355.21150340299164, 1.0]}, "datetime": {"datetime": "2025-08-21 14:27:56", "elapsed": 20592.758603572845, "delta": 15.44859790802002}, "costs": {"total_cost": 183.18485943309133, "time_cost": 68.664, "final_distance_cost": 1.8167265242160187, "oscillation_cost": 42.095232258996575, "completition_cost": 0.0, "overshoot_cost": 49.32675838423189, "power_cost": 10.905148315429688, "noise_cost": 10.376993950217155, "n_waypoints_completed": 9, "tot_waypoints": 9}}
{"target": -185.1167311156562, "params": {"k_pid_pos": [1.3885554450422086, 0.024859491386256316, 0.11401919133455096], "k_pid_alt": [1.0304713630477362, 0.0, 0.3533802069130071], "k_pid_att": [24.0942673894178, 7.284845820832624, 0.8739915892735461], "k_pid_yaw": [0.5, 1e-06, 0.1], "k_pid_hsp": [1.0, 0.1531003758033771, 0.01], "k_pid_vsp": [284.5460512203246, 355.21150340299164, 1.0]}, "datetime": {"datetime": "2025-08-21 14:28:12", "elapsed": 20609.23688364029, "delta": 16.478280067443848}, "costs": {"total_cost": 185.1167311156562, "time_cost": 70.08800000000001, "final_distance_cost": 1.8151525362863583, "oscillation_cost": 39.225173349441484, "completition_cost": 0.0, "overshoot_cost": 49.618995417432515, "power_cost": 12.933660620117188, "noise_cost": 11.435749192378594, "n_waypoints_completed": 9, "tot_waypoints": 9}}
{"target": -189.62792615789346, "params": {"k_pid_pos": [1.3885554450422086, 0.024859491386256316, 0.06837744536824142], "k_pid_alt": [1.408510096659571, 0.0, 0.06527723447865985], "k_pid_att": [24.0942673894178, 7.284845820832624, 0.8739915892735461], "k_pid_yaw": [0.5, 1e-06, 0.1], "k_pid_hsp": [1.0, 0.1531003758033771, 0.01], "k_pid_vsp": [378.2079564087626, 355.21150340299164, 1.0]}, "datetime": {"datetime": "2025-08-21 14:28:28", "elapsed": 20624.804400205612, "delta": 15.567516565322876}, "costs": {"total_cost": 189.62792615789346, "time_cost": 68.776, "final_distance_cost": 1.80075327953741, "oscillation_cost": 40.63018237154563, "completition_cost": 0.0, "overshoot_cost": 50.031749282618115, "power_cost": 15.676434155273439, "noise_cost": 12.712807068918883, "n_waypoints_completed": 9, "tot_waypoints": 9}}
{"target": -188.3375247584876, "params": {"k_pid_pos": [1.3885554450422086, 0.024859491386256316, 0.11401919133455096], "k_pid_alt": [1.0304713630477362, 0.0, 0.06527723447865985], "k_pid_att": [24.0942673894178, 7.284845820832624, 0.8739915892735461], "k_pid_yaw": [0.5, 1e-06, 0.1], "k_pid_hsp": [1.0, 0.1531003758033771, 0.01], "k_pid_vsp": [284.5460512203246, 355.21150340299164, 1.0]}, "datetime": {"datetime": "2025-08-21 14:28:44", "elapsed": 20641.1401283741, "delta": 16.33572816848755}, "costs": {"total_cost": 188.3375247584876, "time_cost": 68.88, "final_distance_cost": 1.797953556267711, "oscillation_cost": 41.35257061653501, "completition_cost": 0.0, "overshoot_cost": 49.909996965341996, "power_cost": 14.245451049804688, "noise_cost": 12.151552570538179, "n_waypoints_completed": 9, "tot_waypoints": 9}}
{"target": -187.7174493483981, "params": {"k_pid_pos": [1.9176378968916694, 0.024859491386256316, 0.11401919133455096], "k_pid_alt": [1.7187705538853828, 0.0, 0.06527723447865985], "k_pid_att": [24.0942673894178, 7.284845820832624, 0.8739915892735461], "k_pid_yaw": [0.5, 1e-06, 0.1], "k_pid_hsp": [1.0, 0.1531003758033771, 0.01], "k_pid_vsp": [284.5460512203246, 355.21150340299164, 1.0]}, "datetime": {"datetime": "2025-08-21 14:29:00", "elapsed": 20656.93077993393, "delta": 15.790651559829712}, "costs": {"total_cost": 187.7174493483981, "time_cost": 67.744, "final_distance_cost": 1.7703546525853364, "oscillation_cost": 43.903687560791255, "completition_cost": 0.0, "overshoot_cost": 49.40213803875499, "power_cost": 13.360022998046876, "noise_cost": 11.53724609821963, "n_waypoints_completed": 9, "tot_waypoints": 9}}
{"target": -241.31410006845906, "params": {"k_pid_pos": [1.9176378968916694, 0.024859491386256316, 0.6250867496839783], "k_pid_alt": [1.6319753356852484, 0.0, 0.1576465649121419], "k_pid_att": [58.989274729095186, 5.088413281584711, 0.6179952950406163], "k_pid_yaw": [0.5, 1e-06, 0.1], "k_pid_hsp": [1.606987810134683, 0.1531003758033771, 0.01], "k_pid_vsp": [378.2079564087626, 255.15728066808146, 296.34227500557057]}, "datetime": {"datetime": "2025-08-21 14:29:19", "elapsed": 20676.42413830757, "delta": 19.493358373641968}, "costs": {"total_cost": 241.31410006845906, "time_cost": 85.712, "final_distance_cost": 1.8044559994820781, "oscillation_cost": 61.90426195873937, "completition_cost": 0.0, "overshoot_cost": 56.85055408527427, "power_cost": 19.83865487060547, "noise_cost": 15.204173154357886, "n_waypoints_completed": 9, "tot_waypoints": 9}}
{"target": -183.18530465603652, "params": {"k_pid_pos": [1.9176378968916694, 0.019460639298323645, 0.6250867496839783], "k_pid_alt": [1.6319753356852484, 0.0, 0.1576465649121419], "k_pid_att": [24.0942673894178, 7.284845820832624, 0.8739915892735461], "k_pid_yaw": [0.5, 1e-06, 0.1], "k_pid_hsp": [2.395389635608916, 0.1531003758033771, 0.01], "k_pid_vsp": [378.2079564087626, 328.58176268426536, 1.0]}, "datetime": {"datetime": "2025-08-21 14:29:36", "elapsed": 20692.50985121727, "delta": 16.085712909698486}, "costs": {"total_cost": 183.18530465603652, "time_cost": 68.248, "final_distance_cost": 1.8330996229174528, "oscillation_cost": 42.38540203267965, "completition_cost": 0.0, "overshoot_cost": 49.44582586322183, "power_cost": 10.711582861328125, "noise_cost": 10.561394275889477, "n_waypoints_completed": 9, "tot_waypoints": 9}}
{"target": -195.5621705394805, "params": {"k_pid_pos": [1.4531304595830021, 0.024859491386256316, 0.06837744536824142], "k_pid_alt": [1.0304713630477362, 0.0, 0.1576465649121419], "k_pid_att": [58.989274729095186, 7.284845820832624, 0.8739915892735461], "k_pid_yaw": [0.5, 1e-06, 0.1], "k_pid_hsp": [6.590021097612566, 0.700413119967275, 0.01], "k_pid_vsp": [284.5460512203246, 355.21150340299164, 1.0]}, "datetime": {"datetime": "2025-08-21 14:29:53", "elapsed": 20709.66143798828, "delta": 17.151586771011353}, "costs": {"total_cost": 195.5621705394805, "time_cost": 69.928, "final_distance_cost": 1.8103036087978126, "oscillation_cost": 47.26173733704843, "completition_cost": 0.0, "overshoot_cost": 50.39993234372241, "power_cost": 14.158416772460939, "noise_cost": 12.003780477450864, "n_waypoints_completed": 9, "tot_waypoints": 9}}
{"target": -229.09144957664665, "params": {"k_pid_pos": [0.9203224573796739, 0.4336784869242679, 0.11401919133455096], "k_pid_alt": [1.102349020346133, 0.778218683794181, 0.06527723447865985], "k_pid_att": [24.0942673894178, 7.284845820832624, 0.8739915892735461], "k_pid_yaw": [0.5, 1e-06, 0.1], "k_pid_hsp": [1.0, 0.1531003758033771, 0.01], "k_pid_vsp": [378.2079564087626, 355.21150340299164, 1.0]}, "datetime": {"datetime": "2025-08-21 14:30:15", "elapsed": 20731.936418771744, "delta": 22.274980783462524}, "costs": {"total_cost": 229.09144957664665, "time_cost": 98.104, "final_distance_cost": 1.7410609426963366, "oscillation_cost": 50.705377454058514, "completition_cost": 0.0, "overshoot_cost": 54.72615541998957, "power_cost": 11.289412060546876, "noise_cost": 12.525443699355357, "n_waypoints_completed": 9, "tot_waypoints": 9}}
{"target": -179.64600379956394, "params": {"k_pid_pos": [1.3885554450422086, 0.024859491386256316, 0.11401919133455096], "k_pid_alt": [1.0304713630477362, 0.0, 0.06527723447865985], "k_pid_att": [24.0942673894178, 7.284845820832624, 0.8739915892735461], "k_pid_yaw": [0.5, 1e-06, 0.1], "k_pid_hsp": [1.0, 0.1531003758033771, 0.01], "k_pid_vsp": [251.5004449007475, 355.21150340299164, 1.0]}, "datetime": {"datetime": "2025-08-21 14:30:31", "elapsed": 20748.00399208069, "delta": 16.067573308944702}, "costs": {"total_cost": 179.64600379956394, "time_cost": 68.656, "final_distance_cost": 1.797685634979049, "oscillation_cost": 42.53902455943307, "completition_cost": 0.0, "overshoot_cost": 49.02406455474202, "power_cost": 8.580499072265626, "noise_cost": 9.048729978144161, "n_waypoints_completed": 9, "tot_waypoints": 9}}
{"target": -182.4303501817209, "params": {"k_pid_pos": [1.3885554450422086, 0.024859491386256316, 0.06837744536824142], "k_pid_alt": [1.408510096659571, 0.0, 0.06527723447865985], "k_pid_att": [24.0942673894178, 7.284845820832624, 0.8739915892735461], "k_pid_yaw": [0.5, 1e-06, 0.1], "k_pid_hsp": [1.0, 0.1531003758033771, 0.01], "k_pid_vsp": [378.2079564087626, 355.21150340299164, 1.0]}, "datetime": {"datetime": "2025-08-21 14:30:47", "elapsed": 20763.988226890564, "delta": 15.984234809875488}, "costs": {"total_cost": 182.4303501817209, "time_cost": 67.8, "final_distance_cost": 1.8167217587650617, "oscillation_cost": 41.730913093282666, "completition_cost": 0.0, "overshoot_cost": 49.22205114629398, "power_cost": 11.315348425292969, "noise_cost": 10.545315758086254, "n_waypoints_completed": 9, "tot_waypoints": 9}}
{"target": -186.66735980412096, "params": {"k_pid_pos": [1.9176378968916694, 0.024859491386256316, 0.21152287994165886], "k_pid_alt": [1.6319753356852484, 0.0, 0.06527723447865985], "k_pid_att": [58.989274729095186, 5.088413281584711, 0.6179952950406163], "k_pid_yaw": [0.5, 1e-06, 0.1], "k_pid_hsp": [2.996149354500177, 0.1531003758033771, 0.01], "k_pid_vsp": [63.87935167311278, 255.15728066808146, 1.0]}, "datetime": {"datetime": "2025-08-21 14:31:03", "elapsed": 20779.536686182022, "delta": 15.54845929145813}, "costs": {"total_cost": 186.66735980412096, "time_cost": 67.856, "final_distance_cost": 1.7844273579053695, "oscillation_cost": 47.21523172940629, "completition_cost": 0.0, "overshoot_cost": 49.689460358657165, "power_cost": 10.19818671875, "noise_cost": 9.924053639402123, "n_waypoints_completed": 9, "tot_waypoints": 9}}
{"target": -246.8085382483709, "params": {"k_pid_pos": [1.5233419604839473, 0.024859491386256316, 0.5792642345702999], "k_pid_alt": [1.0304713630477362, 0.8453038121781166, 0.1576465649121419], "k_pid_att": [58.989274729095186, 7.284845820832624, 0.8739915892735461], "k_pid_yaw": [0.5, 1e-06, 0.1], "k_pid_hsp": [6.590021097612566, 0.1531003758033771, 0.01], "k_pid_vsp": [284.5460512203246, 355.21150340299164, 1.0]}, "datetime": {"datetime": "2025-08-21 14:31:24", "elapsed": 20800.757163524628, "delta": 21.22047734260559}, "costs": {"total_cost": 246.8085382483709, "time_cost": 89.968, "final_distance_cost": 1.8006463463089475, "oscillation_cost": 63.31682701272637, "completition_cost": 0.0, "overshoot_cost": 57.92854506628247, "power_cost": 18.780667114257813, "noise_cost": 15.013852708795302, "n_waypoints_completed": 9, "tot_waypoints": 9}}
{"target": -204.3145663984375, "params": {"k_pid_pos": [0.9203224573796739, 0.4336784869242679, 0.11401919133455096], "k_pid_alt": [1.0304713630477362, 0.0, 0.1576465649121419], "k_pid_att": [58.989274729095186, 7.284845820832624, 0.8739915892735461], "k_pid_yaw": [0.5, 1e-06, 0.1], "k_pid_hsp": [1.0, 0.1531003758033771, 0.01], "k_pid_vsp": [284.5460512203246, 355.21150340299164, 1.0]}, "datetime": {"datetime": "2025-08-21 14:31:43", "elapsed": 20819.81303691864, "delta": 19.05587339401245}, "costs": {"total_cost": 204.3145663984375, "time_cost": 81.256, "final_distance_cost": 1.7959713517668885, "oscillation_cost": 44.25184557682022, "completition_cost": 0.0, "overshoot_cost": 50.530970772835175, "power_cost": 13.866338012695314, "noise_cost": 12.613440684319935, "n_waypoints_completed": 9, "tot_waypoints": 9}}
{"target": -203.6660074574253, "params": {"k_pid_pos": [1.3885554450422086, 0.024859491386256316, 0.11401919133455096], "k_pid_alt": [0.9138724434078689, 0.0, 0.06527723447865985], "k_pid_att": [40.6020781270096, 7.284845820832624, 0.8739915892735461], "k_pid_yaw": [0.5, 1e-06, 0.1], "k_pid_hsp": [6.590021097612566, 0.1531003758033771, 0.01], "k_pid_vsp": [36.465762321119, 355.21150340299164, 1.0]}, "datetime": {"datetime": "2025-08-21 14:31:59", "elapsed": 20835.515826702118, "delta": 15.702789783477783}, "costs": {"total_cost": 203.6660074574253, "time_cost": 69.464, "final_distance_cost": 1.7888438476030641, "oscillation_cost": 56.011718721652365, "completition_cost": 0.0, "overshoot_cost": 50.24836641133638, "power_cost": 14.403201623535157, "noise_cost": 11.749876853298357, "n_waypoints_completed": 9, "tot_waypoints": 9}}
{"target": -195.5259158963949, "params": {"k_pid_pos": [1.9176378968916694, 0.024859491386256316, 0.711129639736074], "k_pid_alt": [1.0304713630477362, 0.0, 0.5397139061386238], "k_pid_att": [58.989274729095186, 7.284845820832624, 0.8739915892735461], "k_pid_yaw": [0.5, 1e-06, 0.1], "k_pid_hsp": [6.590021097612566, 0.1531003758033771, 0.01], "k_pid_vsp": [284.5460512203246, 355.21150340299164, 1.0]}, "datetime": {"datetime": "2025-08-21 14:32:16", "elapsed": 20852.54127931595, "delta": 17.025452613830566}, "costs": {"total_cost": 195.5259158963949, "time_cost": 72.24, "final_distance_cost": 1.8396312236514842, "oscillation_cost": 45.204748743118415, "completition_cost": 0.0, "overshoot_cost": 50.03084664295372, "power_cost": 13.92076356201172, "noise_cost": 12.289925724659568, "n_waypoints_completed": 9, "tot_waypoints": 9}}
{"target": -198.58939051961158, "params": {"k_pid_pos": [0.9203224573796739, 0.4336784869242679, 0.07146856680054658], "k_pid_alt": [1.6319753356852484, 0.0, 0.06527723447865985], "k_pid_att": [58.989274729095186, 5.088413281584711, 0.6179952950406163], "k_pid_yaw": [0.5, 1e-06, 0.1], "k_pid_hsp": [3.8015553682621426, 0.1531003758033771, 0.01], "k_pid_vsp": [63.87935167311278, 255.15728066808146, 1.0]}, "datetime": {"datetime": "2025-08-21 14:32:33", "elapsed": 20870.063629865646, "delta": 17.522350549697876}, "costs": {"total_cost": 198.58939051961158, "time_cost": 76.528, "final_distance_cost": 1.789690859047644, "oscillation_cost": 43.713918432195996, "completition_cost": 0.0, "overshoot_cost": 51.46389403546098, "power_cost": 13.087946887207032, "noise_cost": 12.005940305699895, "n_waypoints_completed": 9, "tot_waypoints": 9}}
{"target": -439.4613042308137, "params": {"k_pid_pos": [1.3885554450422086, 0.024859491386256316, 0.818138871087333], "k_pid_alt": [1.0304713630477362, 0.0, 0.1132575830732897], "k_pid_att": [27.63392213362481, 7.284845820832624, 0.8739915892735461], "k_pid_yaw": [0.5, 1e-06, 0.1], "k_pid_hsp": [3.7446071307262585, 0.1531003758033771, 0.6286101069088057], "k_pid_vsp": [376.5747392387296, 355.21150340299164, 1.0]}, "datetime": {"datetime": "2025-08-21 14:32:53", "elapsed": 20889.768723249435, "delta": 19.705093383789062}, "costs": {"total_cost": 439.4613042308137, "time_cost": 87.60000000000001, "final_distance_cost": 1.7943267014933733, "oscillation_cost": 251.052444390003, "completition_cost": 0.0, "overshoot_cost": 57.332902031403854, "power_cost": 23.491046398925782, "noise_cost": 18.19058470898767, "n_waypoints_completed": 9, "tot_waypoints": 9}}
{"target": -189.47396902648444, "params": {"k_pid_pos": [1.9176378968916694, 0.024859491386256316, 0.21152287994165886], "k_pid_alt": [1.6586884955541554, 0.0, 0.06527723447865985], "k_pid_att": [24.0942673894178, 7.284845820832624, 0.8739915892735461], "k_pid_yaw": [0.5, 1e-06, 0.1], "k_pid_hsp": [1.606987810134683, 0.1531003758033771, 0.01], "k_pid_vsp": [110.56511661686339, 355.21150340299164, 1.0]}, "datetime": {"datetime": "2025-08-21 14:33:09", "elapsed": 20906.177896022797, "delta": 16.409172773361206}, "costs": {"total_cost": 189.47396902648444, "time_cost": 68.104, "final_distance_cost": 1.7931679845364825, "oscillation_cost": 44.0542375362674, "completition_cost": 0.0, "overshoot_cost": 50.02391913550524, "power_cost": 13.798661279296876, "noise_cost": 11.699983090878456, "n_waypoints_completed": 9, "tot_waypoints": 9}}
{"target": -324.22669141925763, "params": {"k_pid_pos": [1.9176378968916694, 0.024859491386256316, 0.9667438846137733], "k_pid_alt": [1.6586884955541554, 0.0, 0.06527723447865985], "k_pid_att": [24.0942673894178, 7.284845820832624, 0.8739915892735461], "k_pid_yaw": [0.5, 1e-06, 0.1], "k_pid_hsp": [1.606987810134683, 0.1531003758033771, 0.21244868230030445], "k_pid_vsp": [378.2079564087626, 50.87373020527707, 1.0]}, "datetime": {"datetime": "2025-08-21 14:33:27", "elapsed": 20924.140743255615, "delta": 17.962847232818604}, "costs": {"total_cost": 324.22669141925763, "time_cost": 75.608, "final_distance_cost": 1.7702597591213647, "oscillation_cost": 170.26592156331304, "completition_cost": 0.0, "overshoot_cost": 51.619197151986555, "power_cost": 12.895330883789063, "noise_cost": 12.067982061047582, "n_waypoints_completed": 9, "tot_waypoints": 9}}
{"target": -198.11450247435025, "params": {"k_pid_pos": [1.3885554450422086, 0.024859491386256316, 0.06837744536824142], "k_pid_alt": [1.408510096659571, 0.0, 0.43711858061891895], "k_pid_att": [71.45838630927439, 7.284845820832624, 0.8739915892735461], "k_pid_yaw": [0.5, 1e-06, 0.1], "k_pid_hsp": [1.0, 0.1531003758033771, 0.01], "k_pid_vsp": [110.56511661686339, 355.21150340299164, 1.0]}, "datetime": {"datetime": "2025-08-21 14:33:44", "elapsed": 20940.96385383606, "delta": 16.823110580444336}, "costs": {"total_cost": 198.11450247435025, "time_cost": 72.06400000000001, "final_distance_cost": 1.8187196317393113, "oscillation_cost": 43.083918935375976, "completition_cost": 0.0, "overshoot_cost": 51.06031173956028, "power_cost": 16.6693861328125, "noise_cost": 13.418166034862164, "n_waypoints_completed": 9, "tot_waypoints": 9}}
{"target": -186.52130587939627, "params": {"k_pid_pos": [1.9176378968916694, 0.024859491386256316, 0.8092599635047751], "k_pid_alt": [1.7187705538853828, 0.0, 0.06527723447865985], "k_pid_att": [24.0942673894178, 7.284845820832624, 0.8739915892735461], "k_pid_yaw": [0.5, 1e-06, 0.1], "k_pid_hsp": [1.0, 0.1531003758033771, 0.01], "k_pid_vsp": [284.5460512203246, 355.21150340299164, 1.0]}, "datetime": {"datetime": "2025-08-21 14:34:00", "elapsed": 20956.804995536804, "delta": 15.841141700744629}, "costs": {"total_cost": 186.52130587939627, "time_cost": 68.616, "final_distance_cost": 1.8404648411298596, "oscillation_cost": 42.4882245033012, "completition_cost": 0.0, "overshoot_cost": 49.75708630149421, "power_cost": 12.49532392578125, "noise_cost": 11.324206307689735, "n_waypoints_completed": 9, "tot_waypoints": 9}}
{"target": -225.1738473075769, "params": {"k_pid_pos": [1.3885554450422086, 0.024859491386256316, 0.11401919133455096], "k_pid_alt": [0.5534725048841671, 0.0, 0.3533802069130071], "k_pid_att": [20.797377378682224, 7.284845820832624, 0.8739915892735461], "k_pid_yaw": [0.5, 1e-06, 0.1], "k_pid_hsp": [1.0, 0.637878996824556, 0.01], "k_pid_vsp": [284.5460512203246, 355.21150340299164, 1.0]}, "datetime": {"datetime": "2025-08-21 14:34:19", "elapsed": 20976.289627552032, "delta": 19.48463201522827}, "costs": {"total_cost": 225.1738473075769, "time_cost": 83.52, "final_distance_cost": 1.8567078896898137, "oscillation_cost": 61.14492611344929, "completition_cost": 0.0, "overshoot_cost": 48.879534488930716, "power_cost": 15.934022265625, "noise_cost": 13.838656549882083, "n_waypoints_completed": 9, "tot_waypoints": 9}}
