{"target": -187.6792429236041, "params": {"k_pid_pos": [1.1496839804071068, 0.024859491386256316, 0.11401919133455096], "k_pid_alt": [0.9146766663066528, 0.0, 0.016491258977649914], "k_pid_att": [17.813414374173632, 0.0032441649989051976, 0.3952346537588943], "k_pid_yaw": [0.5, 1e-06, 0.1], "k_pid_hsp": [1.5353014571438959, 0.01, 0.01], "k_pid_vsp": [150.0, 221.6078012742647, 1.0]}, "datetime": {"datetime": "2025-08-21 11:23:29", "elapsed": 9525.917051792145, "delta": 18.482314109802246}, "costs": {"total_cost": 187.6792429236041, "time_cost": 70.488, "final_distance_cost": 1.830587013744426, "oscillation_cost": 37.7541769104401, "completition_cost": 0.0, "overshoot_cost": 50.47727391881129, "power_cost": 14.530678454589845, "noise_cost": 12.59852662601844, "n_waypoints_completed": 9, "tot_waypoints": 9}}
{"target": -199.2772756472848, "params": {"k_pid_pos": [1.1496839804071068, 0.024859491386256316, 0.11401919133455096], "k_pid_alt": [1.636508049307729, 0.0, 0.8361997509577753], "k_pid_att": [20.236336479523032, 0.7200504618080176, 0.9166398602394554], "k_pid_yaw": [0.5, 1e-06, 0.1], "k_pid_hsp": [1.5353014571438959, 0.01, 0.01], "k_pid_vsp": [378.2079564087626, 355.21150340299164, 1.0]}, "datetime": {"datetime": "2025-08-21 11:23:48", "elapsed": 9544.698461294174, "delta": 18.78140950202942}, "costs": {"total_cost": 199.2772756472848, "time_cost": 74.57600000000001, "final_distance_cost": 1.8288226538974222, "oscillation_cost": 39.07369371986072, "completition_cost": 0.0, "overshoot_cost": 52.15448098548784, "power_cost": 17.538370568847657, "noise_cost": 14.105907719191192, "n_waypoints_completed": 9, "tot_waypoints": 9}}
{"target": -188.77611176199218, "params": {"k_pid_pos": [1.1496839804071068, 0.024859491386256316, 0.11401919133455096], "k_pid_alt": [1.2679502233621702, 0.0, 0.8361997509577753], "k_pid_att": [43.948176657889235, 3.0596356458441103, 0.9274604585040267], "k_pid_yaw": [0.5, 1e-06, 0.1], "k_pid_hsp": [1.0, 0.2320249538069996, 0.01], "k_pid_vsp": [378.2079564087626, 355.21150340299164, 1.0]}, "datetime": {"datetime": "2025-08-21 11:24:06", "elapsed": 9563.320268392563, "delta": 18.621807098388672}, "costs": {"total_cost": 188.77611176199218, "time_cost": 71.544, "final_distance_cost": 1.8368631895111327, "oscillation_cost": 40.80895454781361, "completition_cost": 0.0, "overshoot_cost": 49.85643705461098, "power_cost": 13.026559240722657, "noise_cost": 11.70329772933379, "n_waypoints_completed": 9, "tot_waypoints": 9}}
{"target": -884.4216036291286, "params": {"k_pid_pos": [1.3885554450422086, 0.03988560271314401, 0.11401919133455096], "k_pid_alt": [1.2679502233621702, 0.0, 0.06527723447865985], "k_pid_att": [58.989274729095186, 7.284845820832624, 0.3952346537588943], "k_pid_yaw": [0.5, 1e-06, 0.1], "k_pid_hsp": [1.5353014571438959, 0.01, 0.01], "k_pid_vsp": [150.0, 109.33732212261678, 150.7073891419256]}, "datetime": {"datetime": "2025-08-21 11:24:29", "elapsed": 9586.232783079147, "delta": 22.912514686584473}, "costs": {"total_cost": 884.4216036291286, "time_cost": 150, "final_distance_cost": 43.942089457967306, "oscillation_cost": 46.21900244286787, "completition_cost": 555.5555555555555, "overshoot_cost": 55.36584514027232, "power_cost": 19.320228283691407, "noise_cost": 14.018882748774088, "n_waypoints_completed": 4, "tot_waypoints": 9}}
{"target": -185.98254817389062, "params": {"k_pid_pos": [1.3885554450422086, 0.21958489946633264, 0.007456431423803034], "k_pid_alt": [1.2679502233621702, 0.0, 0.512921577555336], "k_pid_att": [27.406759869572184, 3.0596356458441103, 0.9274604585040267], "k_pid_yaw": [0.5, 1e-06, 0.1], "k_pid_hsp": [4.4869223172461, 0.01, 0.01], "k_pid_vsp": [150.0, 351.388862279923, 131.29633191148946]}, "datetime": {"datetime": "2025-08-21 11:24:45", "elapsed": 9602.372767448425, "delta": 16.139984369277954}, "costs": {"total_cost": 185.98254817389062, "time_cost": 69.736, "final_distance_cost": 1.7912832915385763, "oscillation_cost": 45.534711195586546, "completition_cost": 0.0, "overshoot_cost": 50.586729941657595, "power_cost": 10.045675354003906, "noise_cost": 8.288148391104, "n_waypoints_completed": 9, "tot_waypoints": 9}}
{"target": -193.0733094195472, "params": {"k_pid_pos": [1.1496839804071068, 0.024859491386256316, 0.3247566437552345], "k_pid_alt": [1.2679502233621702, 0.0, 0.8361997509577753], "k_pid_att": [64.85696333643777, 3.0596356458441103, 0.9274604585040267], "k_pid_yaw": [0.5, 1e-06, 0.1], "k_pid_hsp": [1.5353014571438959, 0.01, 0.01], "k_pid_vsp": [378.2079564087626, 355.21150340299164, 1.0]}, "datetime": {"datetime": "2025-08-21 11:25:02", "elapsed": 9619.289372444153, "delta": 16.91660499572754}, "costs": {"total_cost": 193.0733094195472, "time_cost": 74.016, "final_distance_cost": 1.8426814395647846, "oscillation_cost": 40.38221587349197, "completition_cost": 0.0, "overshoot_cost": 50.61026626578187, "power_cost": 13.756321142578125, "noise_cost": 12.46582469813045, "n_waypoints_completed": 9, "tot_waypoints": 9}}
{"target": -220.39262645575403, "params": {"k_pid_pos": [1.1496839804071068, 0.641417904513436, 0.11401919133455096], "k_pid_alt": [1.2679502233621702, 0.0, 0.016491258977649914], "k_pid_att": [17.813414374173632, 0.0032441649989051976, 0.3952346537588943], "k_pid_yaw": [0.5, 1e-06, 0.1], "k_pid_hsp": [1.0, 0.1531003758033771, 0.01], "k_pid_vsp": [153.0622015256548, 355.21150340299164, 1.0]}, "datetime": {"datetime": "2025-08-21 11:25:22", "elapsed": 9638.840324878693, "delta": 19.550952434539795}, "costs": {"total_cost": 220.39262645575403, "time_cost": 85.464, "final_distance_cost": 1.764874396004803, "oscillation_cost": 51.48787034366253, "completition_cost": 0.0, "overshoot_cost": 53.59067547012238, "power_cost": 14.656514599609375, "noise_cost": 13.428691646354922, "n_waypoints_completed": 9, "tot_waypoints": 9}}
{"target": -223.72674926119416, "params": {"k_pid_pos": [1.4999912498542303, 0.9555278684226207, 0.11401919133455096], "k_pid_alt": [1.2679502233621702, 0.0, 0.8361997509577753], "k_pid_att": [20.236336479523032, 3.0596356458441103, 0.9274604585040267], "k_pid_yaw": [0.5, 1e-06, 0.1], "k_pid_hsp": [1.5353014571438959, 0.01, 0.01], "k_pid_vsp": [378.2079564087626, 355.21150340299164, 1.0]}, "datetime": {"datetime": "2025-08-21 11:25:42", "elapsed": 9659.382029294968, "delta": 20.541704416275024}, "costs": {"total_cost": 223.72674926119416, "time_cost": 90.52, "final_distance_cost": 1.7378114224948407, "oscillation_cost": 51.09238852740117, "completition_cost": 0.0, "overshoot_cost": 54.08993142555083, "power_cost": 13.538837377929688, "noise_cost": 12.747780507817605, "n_waypoints_completed": 9, "tot_waypoints": 9}}
{"target": -203.91734339975682, "params": {"k_pid_pos": [1.3885554450422086, 0.024859491386256316, 0.11401919133455096], "k_pid_alt": [1.7039912188389563, 0.0, 0.06527723447865985], "k_pid_att": [58.989274729095186, 7.284845820832624, 0.8739915892735461], "k_pid_yaw": [0.5, 1e-06, 0.1], "k_pid_hsp": [1.0, 0.966737574672076, 0.01], "k_pid_vsp": [378.2079564087626, 355.21150340299164, 1.0]}, "datetime": {"datetime": "2025-08-21 11:25:58", "elapsed": 9675.147559165955, "delta": 15.765529870986938}, "costs": {"total_cost": 203.91734339975682, "time_cost": 69.456, "final_distance_cost": 1.8002441990500033, "oscillation_cost": 59.44070345771386, "completition_cost": 0.0, "overshoot_cost": 50.68090661313077, "power_cost": 11.442415441894532, "noise_cost": 11.097073687967681, "n_waypoints_completed": 9, "tot_waypoints": 9}}
{"target": -180.52271212057076, "params": {"k_pid_pos": [1.1496839804071068, 0.024859491386256316, 0.11401919133455096], "k_pid_alt": [1.2679502233621702, 0.0, 0.016491258977649914], "k_pid_att": [94.27907641276623, 5.887625867895858, 0.9274604585040267], "k_pid_yaw": [0.5, 1e-06, 0.1], "k_pid_hsp": [1.5353014571438959, 0.1531003758033771, 0.01], "k_pid_vsp": [378.2079564087626, 201.50022734948823, 1.0]}, "datetime": {"datetime": "2025-08-21 11:26:14", "elapsed": 9690.904201984406, "delta": 15.756642818450928}, "costs": {"total_cost": 180.52271212057076, "time_cost": 68.83200000000001, "final_distance_cost": 1.8451519032738413, "oscillation_cost": 41.50558826670762, "completition_cost": 0.0, "overshoot_cost": 49.945788232582075, "power_cost": 8.844173132324219, "noise_cost": 9.550010585683005, "n_waypoints_completed": 9, "tot_waypoints": 9}}
{"target": -191.65683071746693, "params": {"k_pid_pos": [1.3885554450422086, 0.024859491386256316, 0.6521786052913653], "k_pid_alt": [1.2679502233621702, 0.0, 0.8361997509577753], "k_pid_att": [20.236336479523032, 4.028010644934719, 0.9274604585040267], "k_pid_yaw": [0.5, 1e-06, 0.1], "k_pid_hsp": [1.5353014571438959, 0.01, 0.01], "k_pid_vsp": [153.0622015256548, 355.21150340299164, 1.0]}, "datetime": {"datetime": "2025-08-21 11:26:31", "elapsed": 9707.899908065796, "delta": 16.99570608139038}, "costs": {"total_cost": 191.65683071746693, "time_cost": 73.968, "final_distance_cost": 1.8466904108939897, "oscillation_cost": 42.422881348449565, "completition_cost": 0.0, "overshoot_cost": 49.792830002536846, "power_cost": 12.01732587890625, "noise_cost": 11.609103076680281, "n_waypoints_completed": 9, "tot_waypoints": 9}}
{"target": -200.0422395514624, "params": {"k_pid_pos": [1.4999912498542303, 0.024859491386256316, 0.11401919133455096], "k_pid_alt": [1.2679502233621702, 0.0, 0.8361997509577753], "k_pid_att": [20.236336479523032, 3.0596356458441103, 0.9274604585040267], "k_pid_yaw": [0.5, 1e-06, 0.1], "k_pid_hsp": [9.822050525885613, 0.01, 0.01], "k_pid_vsp": [153.0622015256548, 69.46038294301658, 1.0]}, "datetime": {"datetime": "2025-08-21 11:26:47", "elapsed": 9724.13294005394, "delta": 16.23303198814392}, "costs": {"total_cost": 200.0422395514624, "time_cost": 71.272, "final_distance_cost": 1.8090777211297493, "oscillation_cost": 51.35276149169335, "completition_cost": 0.0, "overshoot_cost": 50.32666231873278, "power_cost": 13.429296862792969, "noise_cost": 11.852441157113542, "n_waypoints_completed": 9, "tot_waypoints": 9}}
{"target": -336.49118090615434, "params": {"k_pid_pos": [1.3885554450422086, 0.6908867964312853, 0.007456431423803034], "k_pid_alt": [1.2679502233621702, 0.0, 0.512921577555336], "k_pid_att": [27.406759869572184, 3.0596356458441103, 0.9274604585040267], "k_pid_yaw": [0.5, 1e-06, 0.1], "k_pid_hsp": [4.4869223172461, 0.1531003758033771, 0.3192902424458711], "k_pid_vsp": [378.2079564087626, 355.21150340299164, 1.0]}, "datetime": {"datetime": "2025-08-21 11:27:07", "elapsed": 9743.797584056854, "delta": 19.66464400291443}, "costs": {"total_cost": 336.49118090615434, "time_cost": 85.688, "final_distance_cost": 1.7647668483968002, "oscillation_cost": 160.15409134816025, "completition_cost": 0.0, "overshoot_cost": 57.40151136012511, "power_cost": 16.861328942871094, "noise_cost": 14.621482406601121, "n_waypoints_completed": 9, "tot_waypoints": 9}}
{"target": -193.25020688506066, "params": {"k_pid_pos": [1.647366612200146, 0.06328363340203702, 0.11401919133455096], "k_pid_alt": [1.2679502233621702, 0.0, 0.8361997509577753], "k_pid_att": [20.236336479523032, 6.16091081068753, 0.3952346537588943], "k_pid_yaw": [0.5, 1e-06, 0.1], "k_pid_hsp": [1.0, 0.01, 0.01], "k_pid_vsp": [150.0, 351.388862279923, 1.0]}, "datetime": {"datetime": "2025-08-21 11:27:23", "elapsed": 9760.04421877861, "delta": 16.24663472175598}, "costs": {"total_cost": 193.25020688506066, "time_cost": 71.368, "final_distance_cost": 1.794215018945974, "oscillation_cost": 41.7013098439546, "completition_cost": 0.0, "overshoot_cost": 50.14502523228445, "power_cost": 15.479468811035156, "noise_cost": 12.762187978840505, "n_waypoints_completed": 9, "tot_waypoints": 9}}
{"target": -351.49846930625085, "params": {"k_pid_pos": [1.1496839804071068, 0.024859491386256316, 0.11401919133455096], "k_pid_alt": [1.2679502233621702, 0.4483028697585574, 0.016491258977649914], "k_pid_att": [17.813414374173632, 8.839934422282209, 0.3952346537588943], "k_pid_yaw": [0.5, 1e-06, 0.1], "k_pid_hsp": [1.5353014571438959, 0.5624296180338006, 0.3203789596374804], "k_pid_vsp": [150.0, 351.388862279923, 1.0]}, "datetime": {"datetime": "2025-08-21 11:27:42", "elapsed": 9778.742042779922, "delta": 18.697824001312256}, "costs": {"total_cost": 351.49846930625085, "time_cost": 81.464, "final_distance_cost": 1.785168146147724, "oscillation_cost": 183.20875969288218, "completition_cost": 0.0, "overshoot_cost": 52.7554128494947, "power_cost": 18.030868408203126, "noise_cost": 14.254260209523123, "n_waypoints_completed": 9, "tot_waypoints": 9}}
{"target": -193.8992268476518, "params": {"k_pid_pos": [1.1496839804071068, 0.024859491386256316, 0.2394278377525315], "k_pid_alt": [1.2679502233621702, 0.0, 0.8361997509577753], "k_pid_att": [43.948176657889235, 3.0596356458441103, 0.9274604585040267], "k_pid_yaw": [0.5, 1e-06, 0.1], "k_pid_hsp": [1.0, 0.15825018094006094, 0.01], "k_pid_vsp": [378.2079564087626, 355.21150340299164, 1.0]}, "datetime": {"datetime": "2025-08-21 11:27:59", "elapsed": 9796.008712291718, "delta": 17.266669511795044}, "costs": {"total_cost": 193.8992268476518, "time_cost": 76.824, "final_distance_cost": 1.848932115613861, "oscillation_cost": 44.470922011184534, "completition_cost": 0.0, "overshoot_cost": 48.76266422147402, "power_cost": 11.015921435546876, "noise_cost": 10.976787063832496, "n_waypoints_completed": 9, "tot_waypoints": 9}}
{"target": -223.65068707746386, "params": {"k_pid_pos": [1.3885554450422086, 0.024859491386256316, 0.11401919133455096], "k_pid_alt": [1.636508049307729, 0.0, 0.8361997509577753], "k_pid_att": [90.7849501962525, 0.7200504618080176, 0.9166398602394554], "k_pid_yaw": [0.5, 1e-06, 0.1], "k_pid_hsp": [1.5353014571438959, 0.01, 0.01], "k_pid_vsp": [378.2079564087626, 355.21150340299164, 314.82805098387325]}, "datetime": {"datetime": "2025-08-21 11:28:19", "elapsed": 9815.781705141068, "delta": 19.772992849349976}, "costs": {"total_cost": 223.65068707746386, "time_cost": 85.456, "final_distance_cost": 1.8523207149794578, "oscillation_cost": 47.94917414045933, "completition_cost": 0.0, "overshoot_cost": 58.238101935925556, "power_cost": 17.14544364013672, "noise_cost": 13.009646645962805, "n_waypoints_completed": 9, "tot_waypoints": 9}}
{"target": -209.36409388636926, "params": {"k_pid_pos": [1.1496839804071068, 0.024859491386256316, 0.11401919133455096], "k_pid_alt": [1.2679502233621702, 0.0, 0.06527723447865985], "k_pid_att": [58.989274729095186, 7.284845820832624, 0.8739915892735461], "k_pid_yaw": [0.5, 1e-06, 0.1], "k_pid_hsp": [1.0, 0.1531003758033771, 0.01], "k_pid_vsp": [14.740616244021254, 355.21150340299164, 1.0]}, "datetime": {"datetime": "2025-08-21 11:28:36", "elapsed": 9832.820454120636, "delta": 17.03874897956848}, "costs": {"total_cost": 209.36409388636926, "time_cost": 73.584, "final_distance_cost": 1.84567076418788, "oscillation_cost": 59.4951670637874, "completition_cost": 0.0, "overshoot_cost": 48.185649090762645, "power_cost": 14.445078796386719, "noise_cost": 11.808528171244612, "n_waypoints_completed": 9, "tot_waypoints": 9}}
{"target": -194.75542109681152, "params": {"k_pid_pos": [1.3885554450422086, 0.024859491386256316, 0.11401919133455096], "k_pid_alt": [1.2679502233621702, 0.0, 0.8361997509577753], "k_pid_att": [20.236336479523032, 3.0596356458441103, 0.9274604585040267], "k_pid_yaw": [0.5, 1e-06, 0.1], "k_pid_hsp": [1.5353014571438959, 0.01, 0.01], "k_pid_vsp": [153.0622015256548, 355.21150340299164, 125.63076761775174]}, "datetime": {"datetime": "2025-08-21 11:28:52", "elapsed": 9849.130296945572, "delta": 16.309842824935913}, "costs": {"total_cost": 194.75542109681152, "time_cost": 72.536, "final_distance_cost": 1.8291363247601622, "oscillation_cost": 45.31817752896216, "completition_cost": 0.0, "overshoot_cost": 50.936550905669286, "power_cost": 13.103665234375, "noise_cost": 11.031891103044895, "n_waypoints_completed": 9, "tot_waypoints": 9}}
{"target": -186.9688331700393, "params": {"k_pid_pos": [1.4999912498542303, 0.024859491386256316, 0.11401919133455096], "k_pid_alt": [1.2679502233621702, 0.0, 0.1576465649121419], "k_pid_att": [58.989274729095186, 7.284845820832624, 0.8739915892735461], "k_pid_yaw": [0.5, 1e-06, 0.1], "k_pid_hsp": [1.0, 0.1531003758033771, 0.01], "k_pid_vsp": [378.2079564087626, 355.21150340299164, 1.0]}, "datetime": {"datetime": "2025-08-21 11:29:08", "elapsed": 9865.243658304214, "delta": 16.113361358642578}, "costs": {"total_cost": 186.9688331700393, "time_cost": 69.048, "final_distance_cost": 1.7916506888309485, "oscillation_cost": 40.011887085926, "completition_cost": 0.0, "overshoot_cost": 50.76413372548143, "power_cost": 13.66457518310547, "noise_cost": 11.688586486695463, "n_waypoints_completed": 9, "tot_waypoints": 9}}
{"target": -405.1317493803655, "params": {"k_pid_pos": [0.3389642570300425, 0.024859491386256316, 0.3247566437552345], "k_pid_alt": [1.2679502233621702, 0.0, 0.8361997509577753], "k_pid_att": [64.85696333643777, 3.0596356458441103, 0.9274604585040267], "k_pid_yaw": [0.5, 1e-06, 0.1], "k_pid_hsp": [1.5353014571438959, 0.9572191492093396, 0.01], "k_pid_vsp": [153.0622015256548, 355.21150340299164, 1.0]}, "datetime": {"datetime": "2025-08-21 11:29:31", "elapsed": 9888.451173305511, "delta": 23.207515001296997}, "costs": {"total_cost": 405.1317493803655, "time_cost": 150, "final_distance_cost": 13.162329774140508, "oscillation_cost": 38.20972120594341, "completition_cost": 111.11111111111116, "overshoot_cost": 54.840756644280376, "power_cost": 20.839133557128907, "noise_cost": 16.968697087761168, "n_waypoints_completed": 8, "tot_waypoints": 9}}
{"target": -189.4989909532012, "params": {"k_pid_pos": [1.4999912498542303, 0.11906128738229915, 0.11401919133455096], "k_pid_alt": [1.2679502233621702, 0.0, 0.2242343482792274], "k_pid_att": [20.236336479523032, 2.1609837743181, 0.9274604585040267], "k_pid_yaw": [0.5, 1e-06, 0.1], "k_pid_hsp": [1.5353014571438959, 0.01, 0.01], "k_pid_vsp": [378.2079564087626, 355.21150340299164, 131.29633191148946]}, "datetime": {"datetime": "2025-08-21 11:29:48", "elapsed": 9905.038496255875, "delta": 16.58732295036316}, "costs": {"total_cost": 189.4989909532012, "time_cost": 69.648, "final_distance_cost": 1.7617762713236274, "oscillation_cost": 43.06500606016711, "completition_cost": 0.0, "overshoot_cost": 50.0864017283392, "power_cost": 13.719288085937501, "noise_cost": 11.218518807433743, "n_waypoints_completed": 9, "tot_waypoints": 9}}
{"target": -196.39860271427423, "params": {"k_pid_pos": [1.9188042305344217, 0.024859491386256316, 0.11401919133455096], "k_pid_alt": [1.2679502233621702, 0.0, 0.8361997509577753], "k_pid_att": [59.499437225992025, 0.7200504618080176, 0.9166398602394554], "k_pid_yaw": [0.5, 1e-06, 0.1], "k_pid_hsp": [1.5353014571438959, 0.01, 0.01], "k_pid_vsp": [42.24848860435038, 355.21150340299164, 1.0]}, "datetime": {"datetime": "2025-08-21 11:30:05", "elapsed": 9921.933296918869, "delta": 16.894800662994385}, "costs": {"total_cost": 196.39860271427423, "time_cost": 71.36, "final_distance_cost": 1.777324781331917, "oscillation_cost": 48.47821371142293, "completition_cost": 0.0, "overshoot_cost": 50.49543066480866, "power_cost": 13.069481884765626, "noise_cost": 11.218151671945119, "n_waypoints_completed": 9, "tot_waypoints": 9}}
{"target": -353.20916105299904, "params": {"k_pid_pos": [1.1496839804071068, 0.024859491386256316, 0.11401919133455096], "k_pid_alt": [1.636508049307729, 0.0, 0.06527723447865985], "k_pid_att": [58.989274729095186, 7.284845820832624, 0.8739915892735461], "k_pid_yaw": [0.5, 1e-06, 0.1], "k_pid_hsp": [1.0, 0.1531003758033771, 0.43414878436037274], "k_pid_vsp": [143.10102476512975, 355.21150340299164, 1.0]}, "datetime": {"datetime": "2025-08-21 11:30:25", "elapsed": 9942.042051792145, "delta": 20.108754873275757}, "costs": {"total_cost": 353.20916105299904, "time_cost": 87.896, "final_distance_cost": 1.762566691123667, "oscillation_cost": 176.80160805850798, "completition_cost": 0.0, "overshoot_cost": 55.28543019323605, "power_cost": 16.966635192871095, "noise_cost": 14.496920917260312, "n_waypoints_completed": 9, "tot_waypoints": 9}}
{"target": -185.23691011541132, "params": {"k_pid_pos": [1.3078103269235994, 0.024859491386256316, 0.11401919133455096], "k_pid_alt": [1.2679502233621702, 0.0, 0.06527723447865985], "k_pid_att": [58.989274729095186, 7.284845820832624, 0.8739915892735461], "k_pid_yaw": [0.5, 1e-06, 0.1], "k_pid_hsp": [1.0, 0.01, 0.01], "k_pid_vsp": [153.0622015256548, 84.00193632023473, 1.0]}, "datetime": {"datetime": "2025-08-21 11:30:40", "elapsed": 9957.4417886734, "delta": 15.399736881256104}, "costs": {"total_cost": 185.23691011541132, "time_cost": 68.936, "final_distance_cost": 1.8218814299958423, "oscillation_cost": 39.23976464854983, "completition_cost": 0.0, "overshoot_cost": 50.93264415744443, "power_cost": 12.7258978515625, "noise_cost": 11.580722027858707, "n_waypoints_completed": 9, "tot_waypoints": 9}}
{"target": -195.0853815066714, "params": {"k_pid_pos": [1.3885554450422086, 0.024859491386256316, 0.9062157365473852], "k_pid_alt": [1.2679502233621702, 0.21279159204151088, 0.8361997509577753], "k_pid_att": [20.236336479523032, 3.0596356458441103, 0.9274604585040267], "k_pid_yaw": [0.5, 1e-06, 0.1], "k_pid_hsp": [1.5353014571438959, 0.1531003758033771, 0.01], "k_pid_vsp": [378.2079564087626, 355.21150340299164, 1.0]}, "datetime": {"datetime": "2025-08-21 11:31:00", "elapsed": 9977.096392154694, "delta": 19.654603481292725}, "costs": {"total_cost": 195.0853815066714, "time_cost": 81.312, "final_distance_cost": 1.8278740643742006, "oscillation_cost": 43.84332830286148, "completition_cost": 0.0, "overshoot_cost": 50.39811514680534, "power_cost": 8.365578894042969, "noise_cost": 9.338485098587393, "n_waypoints_completed": 9, "tot_waypoints": 9}}
