{"target": -190.81659332097166, "params": {"k_pid_pos": [1.6392966458666147, 0.024859491386256316, 0.11401919133455096], "k_pid_alt": [1.2679502233621702, 0.0, 0.1576465649121419], "k_pid_att": [58.989274729095186, 7.284845820832624, 0.8739915892735461], "k_pid_yaw": [0.5, 1e-06, 0.1], "k_pid_hsp": [1.0, 0.23589601547334327, 0.01], "k_pid_vsp": [277.1601620463752, 355.21150340299164, 1.0]}, "datetime": {"datetime": "2025-08-21 12:40:08", "elapsed": 14124.611609458923, "delta": 15.70582628250122}, "costs": {"total_cost": 190.81659332097166, "time_cost": 68.664, "final_distance_cost": 1.7792663387600185, "oscillation_cost": 43.250000010284374, "completition_cost": 0.0, "overshoot_cost": 49.95693280474242, "power_cost": 14.873599353027345, "noise_cost": 12.292794814157503, "n_waypoints_completed": 9, "tot_waypoints": 9}}
{"target": -1104.2738373470645, "params": {"k_pid_pos": [1.7730571360946685, 0.024859491386256316, 0.721054368766489], "k_pid_alt": [1.2679502233621702, 0.0, 0.1576465649121419], "k_pid_att": [58.989274729095186, 7.284845820832624, 0.8792759721912583], "k_pid_yaw": [0.5, 1e-06, 0.1], "k_pid_hsp": [1.0, 0.1531003758033771, 0.01], "k_pid_vsp": [378.2079564087626, 112.4300106550774, 315.3630491989415]}, "datetime": {"datetime": "2025-08-21 12:40:31", "elapsed": 14147.469138145447, "delta": 22.857528686523438}, "costs": {"total_cost": 1104.2738373470645, "time_cost": 150, "final_distance_cost": 85.65750634128688, "oscillation_cost": 35.03637928735989, "completition_cost": 777.7777777777778, "overshoot_cost": 25.418787441811848, "power_cost": 17.54972214355469, "noise_cost": 12.833664355273447, "n_waypoints_completed": 2, "tot_waypoints": 9}}
{"target": -229.74894616630118, "params": {"k_pid_pos": [1.3885554450422086, 0.024859491386256316, 0.7496457643859228], "k_pid_alt": [0.44592666897249256, 0.8981483716198154, 0.4927421650152318], "k_pid_att": [58.989274729095186, 7.284845820832624, 0.8739915892735461], "k_pid_yaw": [0.5, 1e-06, 0.1], "k_pid_hsp": [1.0, 0.1531003758033771, 0.01], "k_pid_vsp": [378.2079564087626, 355.21150340299164, 1.0]}, "datetime": {"datetime": "2025-08-21 12:40:52", "elapsed": 14168.55906009674, "delta": 21.089921951293945}, "costs": {"total_cost": 229.74894616630118, "time_cost": 91.912, "final_distance_cost": 1.8154130174328782, "oscillation_cost": 49.61872618000134, "completition_cost": 0.0, "overshoot_cost": 58.158959033624, "power_cost": 14.863510913085939, "noise_cost": 13.380337022157017, "n_waypoints_completed": 9, "tot_waypoints": 9}}
{"target": -1110.4395007920457, "params": {"k_pid_pos": [1.3885554450422086, 0.024859491386256316, 0.08170724544014563], "k_pid_alt": [0.04883097269605363, 0.0, 0.1576465649121419], "k_pid_att": [58.989274729095186, 7.284845820832624, 0.8739915892735461], "k_pid_yaw": [0.5, 1e-06, 0.1], "k_pid_hsp": [3.022941925987454, 0.1531003758033771, 0.01], "k_pid_vsp": [378.2079564087626, 355.21150340299164, 1.0]}, "datetime": {"datetime": "2025-08-21 12:41:14", "elapsed": 14191.352944850922, "delta": 22.793884754180908}, "costs": {"total_cost": 1110.4395007920457, "time_cost": 150, "final_distance_cost": 85.02105672578435, "oscillation_cost": 17.828895304790308, "completition_cost": 777.7777777777778, "overshoot_cost": 41.60700315046526, "power_cost": 21.278814111328128, "noise_cost": 16.92595372189982, "n_waypoints_completed": 2, "tot_waypoints": 9}}
{"target": -214.74325348087393, "params": {"k_pid_pos": [0.3405759437876029, 0.024859491386256316, 0.11401919133455096], "k_pid_alt": [1.9760452627536838, 0.0, 0.1576465649121419], "k_pid_att": [58.989274729095186, 7.284845820832624, 0.8792759721912583], "k_pid_yaw": [0.5, 1e-06, 0.1], "k_pid_hsp": [1.0, 0.1531003758033771, 0.01], "k_pid_vsp": [378.2079564087626, 343.92571266746677, 1.0]}, "datetime": {"datetime": "2025-08-21 12:41:36", "elapsed": 14212.500161886215, "delta": 21.14721703529358}, "costs": {"total_cost": 214.74325348087393, "time_cost": 93.096, "final_distance_cost": 1.858671042134356, "oscillation_cost": 33.01286299163928, "completition_cost": 0.0, "overshoot_cost": 53.103457860527904, "power_cost": 16.807432824707032, "noise_cost": 16.864828761865326, "n_waypoints_completed": 9, "tot_waypoints": 9}}
{"target": -1583.144834767135, "params": {"k_pid_pos": [1.3885554450422086, 0.024859491386256316, 0.11401919133455096], "k_pid_alt": [1.2679502233621702, 0.0, 0.1576465649121419], "k_pid_att": [58.989274729095186, 7.284845820832624, 0.8739915892735461], "k_pid_yaw": [0.5, 1e-06, 0.1], "k_pid_hsp": [1.0, 0.1531003758033771, 0.8609196124543255], "k_pid_vsp": [359.39345429819065, 87.58200976551859, 289.4444314016105]}, "datetime": {"datetime": "2025-08-21 12:41:58", "elapsed": 14235.36089015007, "delta": 22.86072826385498}, "costs": {"total_cost": 1583.144834767135, "time_cost": 150, "final_distance_cost": 57.279330992104846, "oscillation_cost": 429.10925641951917, "completition_cost": 888.8888888888888, "overshoot_cost": 22.859388690806476, "power_cost": 19.645820166015625, "noise_cost": 15.362149609800031, "n_waypoints_completed": 1, "tot_waypoints": 9}}
{"target": -187.3434925007434, "params": {"k_pid_pos": [1.4546045708064101, 0.024859491386256316, 0.11401919133455096], "k_pid_alt": [1.2679502233621702, 0.0, 0.1576465649121419], "k_pid_att": [58.989274729095186, 3.9650988168623, 0.4278731612336244], "k_pid_yaw": [0.5, 1e-06, 0.1], "k_pid_hsp": [3.3560449345655647, 0.1531003758033771, 0.01], "k_pid_vsp": [378.2079564087626, 355.21150340299164, 1.0]}, "datetime": {"datetime": "2025-08-21 12:42:15", "elapsed": 14251.676944494247, "delta": 16.316054344177246}, "costs": {"total_cost": 187.3434925007434, "time_cost": 68.952, "final_distance_cost": 1.7888328723297562, "oscillation_cost": 42.7089181088611, "completition_cost": 0.0, "overshoot_cost": 49.859020057362834, "power_cost": 12.564433935546875, "noise_cost": 11.470287526642844, "n_waypoints_completed": 9, "tot_waypoints": 9}}
{"target": -179.47109915941158, "params": {"k_pid_pos": [1.3885554450422086, 0.024859491386256316, 0.11401919133455096], "k_pid_alt": [1.2679502233621702, 0.0, 0.06527723447865985], "k_pid_att": [24.0942673894178, 7.284845820832624, 0.8739915892735461], "k_pid_yaw": [0.5, 1e-06, 0.1], "k_pid_hsp": [1.0, 0.1531003758033771, 0.01], "k_pid_vsp": [378.2079564087626, 355.21150340299164, 1.0]}, "datetime": {"datetime": "2025-08-21 12:42:30", "elapsed": 14267.07121682167, "delta": 15.394272327423096}, "costs": {"total_cost": 179.47109915941158, "time_cost": 67.936, "final_distance_cost": 1.7976351204075325, "oscillation_cost": 41.25515382680107, "completition_cost": 0.0, "overshoot_cost": 49.82420721205261, "power_cost": 9.180965441894532, "noise_cost": 9.477137558255835, "n_waypoints_completed": 9, "tot_waypoints": 9}}
{"target": -180.12724268453945, "params": {"k_pid_pos": [1.3078103269235994, 0.024859491386256316, 0.11401919133455096], "k_pid_alt": [1.2679502233621702, 0.0, 0.1576465649121419], "k_pid_att": [33.41589308538913, 7.284845820832624, 0.8739915892735461], "k_pid_yaw": [0.5, 1e-06, 0.1], "k_pid_hsp": [3.022941925987454, 0.1531003758033771, 0.01], "k_pid_vsp": [378.2079564087626, 355.21150340299164, 1.0]}, "datetime": {"datetime": "2025-08-21 12:42:46", "elapsed": 14282.848571300507, "delta": 15.77735447883606}, "costs": {"total_cost": 180.12724268453945, "time_cost": 68.872, "final_distance_cost": 1.83206366028113, "oscillation_cost": 36.62231422841495, "completition_cost": 0.0, "overshoot_cost": 50.14216688457495, "power_cost": 11.692873828125, "noise_cost": 10.965824083143417, "n_waypoints_completed": 9, "tot_waypoints": 9}}
{"target": -181.24389958860723, "params": {"k_pid_pos": [1.3885554450422086, 0.024859491386256316, 0.11401919133455096], "k_pid_alt": [1.2679502233621702, 0.0, 0.06527723447865985], "k_pid_att": [24.0942673894178, 7.284845820832624, 0.8739915892735461], "k_pid_yaw": [0.5, 1e-06, 0.1], "k_pid_hsp": [1.0, 0.1531003758033771, 0.01], "k_pid_vsp": [378.2079564087626, 355.21150340299164, 1.0]}, "datetime": {"datetime": "2025-08-21 12:43:02", "elapsed": 14298.544566631317, "delta": 15.695995330810547}, "costs": {"total_cost": 181.24389958860723, "time_cost": 68.24, "final_distance_cost": 1.823628394816281, "oscillation_cost": 41.09425139107383, "completition_cost": 0.0, "overshoot_cost": 49.348686252127045, "power_cost": 10.639763537597657, "noise_cost": 10.09757001299243, "n_waypoints_completed": 9, "tot_waypoints": 9}}
{"target": -182.58142430725178, "params": {"k_pid_pos": [1.3078103269235994, 0.024859491386256316, 0.11401919133455096], "k_pid_alt": [1.2679502233621702, 0.0, 0.1576465649121419], "k_pid_att": [33.41589308538913, 7.284845820832624, 0.8739915892735461], "k_pid_yaw": [0.5, 1e-06, 0.1], "k_pid_hsp": [3.022941925987454, 0.1531003758033771, 0.01], "k_pid_vsp": [378.2079564087626, 355.21150340299164, 1.0]}, "datetime": {"datetime": "2025-08-21 12:43:17", "elapsed": 14314.136199235916, "delta": 15.591632604598999}, "costs": {"total_cost": 182.58142430725178, "time_cost": 68.904, "final_distance_cost": 1.8263002338573928, "oscillation_cost": 38.77742726460646, "completition_cost": 0.0, "overshoot_cost": 49.81625416405209, "power_cost": 11.96383426513672, "noise_cost": 11.293608379599146, "n_waypoints_completed": 9, "tot_waypoints": 9}}
{"target": -184.62692553022603, "params": {"k_pid_pos": [1.3885554450422086, 0.024859491386256316, 0.11401919133455096], "k_pid_alt": [1.2679502233621702, 0.0, 0.5500846473514374], "k_pid_att": [58.989274729095186, 7.284845820832624, 0.8739915892735461], "k_pid_yaw": [0.5, 1e-06, 0.1], "k_pid_hsp": [1.0, 0.1531003758033771, 0.01], "k_pid_vsp": [378.2079564087626, 355.21150340299164, 1.0]}, "datetime": {"datetime": "2025-08-21 12:43:33", "elapsed": 14330.100150585175, "delta": 15.963951349258423}, "costs": {"total_cost": 184.62692553022603, "time_cost": 69.792, "final_distance_cost": 1.820042228429425, "oscillation_cost": 40.00381542079345, "completition_cost": 0.0, "overshoot_cost": 49.41981717947601, "power_cost": 12.42842010498047, "noise_cost": 11.162830596546689, "n_waypoints_completed": 9, "tot_waypoints": 9}}
{"target": -199.18524960754047, "params": {"k_pid_pos": [1.3078103269235994, 0.024859491386256316, 0.11401919133455096], "k_pid_alt": [1.2679502233621702, 0.0, 0.5500846473514374], "k_pid_att": [58.989274729095186, 7.284845820832624, 0.8739915892735461], "k_pid_yaw": [0.5, 1e-06, 0.1], "k_pid_hsp": [1.0, 0.8488329397889457, 0.01], "k_pid_vsp": [378.2079564087626, 355.21150340299164, 1.0]}, "datetime": {"datetime": "2025-08-21 12:43:49", "elapsed": 14346.122554540634, "delta": 16.022403955459595}, "costs": {"total_cost": 199.18524960754047, "time_cost": 69.992, "final_distance_cost": 1.8348191544319747, "oscillation_cost": 57.61556676583554, "completition_cost": 0.0, "overshoot_cost": 49.27257568633932, "power_cost": 10.273997204589845, "noise_cost": 10.196290796343783, "n_waypoints_completed": 9, "tot_waypoints": 9}}
{"target": -258.9958337615626, "params": {"k_pid_pos": [1.3885554450422086, 0.024859491386256316, 0.11401919133455096], "k_pid_alt": [0.00748485669809007, 0.5227355787719067, 0.1576465649121419], "k_pid_att": [33.41589308538913, 7.284845820832624, 0.8739915892735461], "k_pid_yaw": [0.5, 1e-06, 0.1], "k_pid_hsp": [3.022941925987454, 0.1531003758033771, 0.01], "k_pid_vsp": [378.2079564087626, 355.21150340299164, 1.0]}, "datetime": {"datetime": "2025-08-21 12:44:12", "elapsed": 14368.804939508438, "delta": 22.682384967803955}, "costs": {"total_cost": 258.9958337615626, "time_cost": 99.416, "final_distance_cost": 1.7798908781033371, "oscillation_cost": 59.49998200249416, "completition_cost": 0.0, "overshoot_cost": 63.88841096303644, "power_cost": 18.70614792480469, "noise_cost": 15.705401993124008, "n_waypoints_completed": 9, "tot_waypoints": 9}}
{"target": -196.49220175521504, "params": {"k_pid_pos": [1.3885554450422086, 0.024859491386256316, 0.11401919133455096], "k_pid_alt": [1.2679502233621702, 0.0, 0.06527723447865985], "k_pid_att": [24.0942673894178, 7.284845820832624, 0.8739915892735461], "k_pid_yaw": [0.5, 1e-06, 0.1], "k_pid_hsp": [1.0, 0.1531003758033771, 0.01], "k_pid_vsp": [378.2079564087626, 355.21150340299164, 162.04732428172272]}, "datetime": {"datetime": "2025-08-21 12:44:28", "elapsed": 14384.915936231613, "delta": 16.11099672317505}, "costs": {"total_cost": 196.49220175521504, "time_cost": 70.816, "final_distance_cost": 1.804235860571278, "oscillation_cost": 44.52568176825466, "completition_cost": 0.0, "overshoot_cost": 51.14672837702343, "power_cost": 15.900825622558594, "noise_cost": 12.298730126807062, "n_waypoints_completed": 9, "tot_waypoints": 9}}
{"target": -187.4895069526973, "params": {"k_pid_pos": [1.3885554450422086, 0.024859491386256316, 0.11401919133455096], "k_pid_alt": [1.2679502233621702, 0.0, 0.1576465649121419], "k_pid_att": [58.989274729095186, 7.284845820832624, 0.8739915892735461], "k_pid_yaw": [0.5, 1e-06, 0.1], "k_pid_hsp": [1.0, 0.1531003758033771, 0.01], "k_pid_vsp": [378.2079564087626, 355.21150340299164, 1.0]}, "datetime": {"datetime": "2025-08-21 12:44:44", "elapsed": 14400.685376644135, "delta": 15.769440412521362}, "costs": {"total_cost": 187.4895069526973, "time_cost": 68.864, "final_distance_cost": 1.812736903442844, "oscillation_cost": 40.15508022855683, "completition_cost": 0.0, "overshoot_cost": 50.19971782989403, "power_cost": 14.392159631347656, "noise_cost": 12.065812359455956, "n_waypoints_completed": 9, "tot_waypoints": 9}}
{"target": -185.820460773339, "params": {"k_pid_pos": [1.3078103269235994, 0.024859491386256316, 0.11401919133455096], "k_pid_alt": [1.2679502233621702, 0.0, 0.1576465649121419], "k_pid_att": [58.989274729095186, 7.284845820832624, 0.8739915892735461], "k_pid_yaw": [0.5, 1e-06, 0.1], "k_pid_hsp": [1.0, 0.1531003758033771, 0.01], "k_pid_vsp": [86.28438231591274, 355.21150340299164, 1.0]}, "datetime": {"datetime": "2025-08-21 12:45:00", "elapsed": 14416.54868388176, "delta": 15.863307237625122}, "costs": {"total_cost": 185.820460773339, "time_cost": 68.712, "final_distance_cost": 1.827523892524217, "oscillation_cost": 42.31724949477074, "completition_cost": 0.0, "overshoot_cost": 49.76014370539132, "power_cost": 12.154716015625, "noise_cost": 11.048827665027682, "n_waypoints_completed": 9, "tot_waypoints": 9}}
{"target": -182.12158196439034, "params": {"k_pid_pos": [1.3078103269235994, 0.024859491386256316, 0.11401919133455096], "k_pid_alt": [1.2679502233621702, 0.0, 0.1576465649121419], "k_pid_att": [33.41589308538913, 7.284845820832624, 0.8739915892735461], "k_pid_yaw": [0.5, 1e-06, 0.1], "k_pid_hsp": [3.022941925987454, 0.1531003758033771, 0.01], "k_pid_vsp": [378.2079564087626, 355.21150340299164, 1.0]}, "datetime": {"datetime": "2025-08-21 12:45:15", "elapsed": 14432.07336473465, "delta": 15.524680852890015}, "costs": {"total_cost": 182.12158196439034, "time_cost": 68.536, "final_distance_cost": 1.81617401225478, "oscillation_cost": 45.453268688530144, "completition_cost": 0.0, "overshoot_cost": 49.452097828349615, "power_cost": 7.951931677246094, "noise_cost": 8.912109758009738, "n_waypoints_completed": 9, "tot_waypoints": 9}}
{"target": -198.12088752529365, "params": {"k_pid_pos": [1.3885554450422086, 0.024859491386256316, 0.11401919133455096], "k_pid_alt": [1.2679502233621702, 0.0, 0.5500846473514374], "k_pid_att": [58.989274729095186, 7.284845820832624, 0.8739915892735461], "k_pid_yaw": [0.5, 1e-06, 0.1], "k_pid_hsp": [4.626181356041326, 0.1531003758033771, 0.01], "k_pid_vsp": [38.13587436328043, 343.92571266746677, 1.0]}, "datetime": {"datetime": "2025-08-21 12:45:31", "elapsed": 14448.190328359604, "delta": 16.116963624954224}, "costs": {"total_cost": 198.12088752529365, "time_cost": 69.808, "final_distance_cost": 1.8067194579464756, "oscillation_cost": 52.7232231994715, "completition_cost": 0.0, "overshoot_cost": 49.18204647757485, "power_cost": 13.288390112304688, "noise_cost": 11.312508277996134, "n_waypoints_completed": 9, "tot_waypoints": 9}}
{"target": -218.78282235034732, "params": {"k_pid_pos": [0.3405759437876029, 0.024859491386256316, 0.11401919133455096], "k_pid_alt": [1.9760452627536838, 0.0, 0.5478807422402548], "k_pid_att": [58.989274729095186, 7.284845820832624, 0.052104535687826026], "k_pid_yaw": [0.5, 1e-06, 0.1], "k_pid_hsp": [1.0, 0.1531003758033771, 0.01], "k_pid_vsp": [378.2079564087626, 355.21150340299164, 1.0]}, "datetime": {"datetime": "2025-08-21 12:45:53", "elapsed": 14469.458908319473, "delta": 21.268579959869385}, "costs": {"total_cost": 218.78282235034732, "time_cost": 93.296, "final_distance_cost": 1.8581469908651451, "oscillation_cost": 39.82953142408921, "completition_cost": 0.0, "overshoot_cost": 53.14558062466352, "power_cost": 14.763349072265626, "noise_cost": 15.890214238463784, "n_waypoints_completed": 9, "tot_waypoints": 9}}
{"target": -185.14942933933435, "params": {"k_pid_pos": [1.3885554450422086, 0.024859491386256316, 0.11401919133455096], "k_pid_alt": [1.2679502233621702, 0.0, 0.06527723447865985], "k_pid_att": [24.0942673894178, 7.284845820832624, 0.8739915892735461], "k_pid_yaw": [0.5, 1e-06, 0.1], "k_pid_hsp": [1.0, 0.1531003758033771, 0.01], "k_pid_vsp": [378.2079564087626, 355.21150340299164, 1.0]}, "datetime": {"datetime": "2025-08-21 12:46:08", "elapsed": 14485.258430719376, "delta": 15.799522399902344}, "costs": {"total_cost": 185.14942933933435, "time_cost": 68.584, "final_distance_cost": 1.8128005919095087, "oscillation_cost": 40.17930734046925, "completition_cost": 0.0, "overshoot_cost": 49.765908294325236, "power_cost": 13.291298022460937, "noise_cost": 11.516115090169402, "n_waypoints_completed": 9, "tot_waypoints": 9}}
{"target": -268.2002606462465, "params": {"k_pid_pos": [1.3885554450422086, 0.024859491386256316, 0.11401919133455096], "k_pid_alt": [1.2679502233621702, 0.0, 0.1576465649121419], "k_pid_att": [70.93958205800527, 5.200466839336723, 0.8792759721912583], "k_pid_yaw": [0.5, 1e-06, 0.1], "k_pid_hsp": [1.0, 0.1531003758033771, 0.14824217695359299], "k_pid_vsp": [378.2079564087626, 236.05823748210273, 1.0]}, "datetime": {"datetime": "2025-08-21 12:46:29", "elapsed": 14505.573457956314, "delta": 20.315027236938477}, "costs": {"total_cost": 268.2002606462465, "time_cost": 86.408, "final_distance_cost": 1.8140244425289043, "oscillation_cost": 73.12086949188517, "completition_cost": 0.0, "overshoot_cost": 60.46830967735295, "power_cost": 25.238533654785158, "noise_cost": 21.150523379694285, "n_waypoints_completed": 9, "tot_waypoints": 9}}
{"target": -1485.105280077492, "params": {"k_pid_pos": [1.3885554450422086, 0.024859491386256316, 0.11401919133455096], "k_pid_alt": [0.0031421016365082988, 0.0, 0.1576465649121419], "k_pid_att": [58.989274729095186, 5.300697594845797, 0.8739915892735461], "k_pid_yaw": [0.5, 1e-06, 0.1], "k_pid_hsp": [1.0, 0.1531003758033771, 0.6318576734090117], "k_pid_vsp": [378.2079564087626, 355.21150340299164, 1.0]}, "datetime": {"datetime": "2025-08-21 12:46:51", "elapsed": 14528.377397537231, "delta": 22.80393958091736}, "costs": {"total_cost": 1485.105280077492, "time_cost": 150, "final_distance_cost": 13.269755200644148, "oscillation_cost": 151.3859377883543, "completition_cost": 1000.0, "overshoot_cost": 119.06990341074663, "power_cost": 23.065826171875003, "noise_cost": 28.313857505872008, "n_waypoints_completed": 0, "tot_waypoints": 9}}
{"target": -182.95079200244095, "params": {"k_pid_pos": [1.3885554450422086, 0.024859491386256316, 0.11401919133455096], "k_pid_alt": [1.2679502233621702, 0.0, 0.5500846473514374], "k_pid_att": [58.989274729095186, 7.284845820832624, 0.8739915892735461], "k_pid_yaw": [0.5, 1e-06, 0.1], "k_pid_hsp": [1.0, 0.1531003758033771, 0.01], "k_pid_vsp": [378.2079564087626, 355.21150340299164, 1.0]}, "datetime": {"datetime": "2025-08-21 12:47:07", "elapsed": 14544.386016845703, "delta": 16.00861930847168}, "costs": {"total_cost": 182.95079200244095, "time_cost": 69.70400000000001, "final_distance_cost": 1.8056130979561826, "oscillation_cost": 41.48808076557108, "completition_cost": 0.0, "overshoot_cost": 49.75511896700244, "power_cost": 10.154478039550781, "noise_cost": 10.043501132360463, "n_waypoints_completed": 9, "tot_waypoints": 9}}
{"target": -179.14891683728735, "params": {"k_pid_pos": [1.3885554450422086, 0.024859491386256316, 0.11401919133455096], "k_pid_alt": [1.2679502233621702, 0.0, 0.06527723447865985], "k_pid_att": [24.0942673894178, 7.284845820832624, 0.4533553111744568], "k_pid_yaw": [0.5, 1e-06, 0.1], "k_pid_hsp": [1.0, 0.1531003758033771, 0.01], "k_pid_vsp": [378.2079564087626, 355.21150340299164, 1.0]}, "datetime": {"datetime": "2025-08-21 12:47:23", "elapsed": 14560.018542051315, "delta": 15.632525205612183}, "costs": {"total_cost": 179.14891683728735, "time_cost": 68.016, "final_distance_cost": 1.798388421071275, "oscillation_cost": 40.98645430693508, "completition_cost": 0.0, "overshoot_cost": 48.66286096566198, "power_cost": 9.813996411132813, "noise_cost": 9.87121673248619, "n_waypoints_completed": 9, "tot_waypoints": 9}}
{"target": -672.968814470206, "params": {"k_pid_pos": [1.3885554450422086, 0.024859491386256316, 0.11401919133455096], "k_pid_alt": [0.25354681259241607, 0.0, 0.5500846473514374], "k_pid_att": [58.989274729095186, 7.284845820832624, 0.8739915892735461], "k_pid_yaw": [0.5, 1e-06, 0.1], "k_pid_hsp": [1.0, 0.1531003758033771, 0.01], "k_pid_vsp": [365.3902764062781, 355.21150340299164, 1.0]}, "datetime": {"datetime": "2025-08-21 12:47:46", "elapsed": 14582.94178700447, "delta": 22.923244953155518}, "costs": {"total_cost": 672.968814470206, "time_cost": 150, "final_distance_cost": 70.83496341684902, "oscillation_cost": 39.60417772216805, "completition_cost": 333.33333333333337, "overshoot_cost": 42.920609708970304, "power_cost": 20.146630529785156, "noise_cost": 16.12909975909992, "n_waypoints_completed": 6, "tot_waypoints": 9}}
