{"target": -189.35665508870736, "params": {"k_pid_pos": [1.647366612200146, 0.06328363340203702, 0.11401919133455096], "k_pid_alt": [1.2679502233621702, 0.0, 0.8361997509577753], "k_pid_att": [20.236336479523032, 6.16091081068753, 0.9274604585040267], "k_pid_yaw": [0.5, 1e-06, 0.1], "k_pid_hsp": [1.5353014571438959, 0.01, 0.01], "k_pid_vsp": [378.2079564087626, 355.21150340299164, 1.0]}, "datetime": {"datetime": "2025-08-21 11:00:35", "elapsed": 8151.52915430069, "delta": 16.283864974975586}, "costs": {"total_cost": 189.35665508870736, "time_cost": 71.2, "final_distance_cost": 1.7877248723409012, "oscillation_cost": 41.24201310704222, "completition_cost": 0.0, "overshoot_cost": 49.93259713594096, "power_cost": 13.515432958984375, "noise_cost": 11.678887014398889, "n_waypoints_completed": 9, "tot_waypoints": 9}}
{"target": -859.056136392335, "params": {"k_pid_pos": [1.3885554450422086, 0.1003293178450484, 0.11401919133455096], "k_pid_alt": [0.13712023212969493, 0.0, 0.016491258977649914], "k_pid_att": [17.813414374173632, 9.597749245839971, 0.48922906718999004], "k_pid_yaw": [0.5, 1e-06, 0.1], "k_pid_hsp": [6.779068060256637, 0.1531003758033771, 0.01], "k_pid_vsp": [150.0, 10.0, 1.0]}, "datetime": {"datetime": "2025-08-21 11:00:57", "elapsed": 8174.3606288433075, "delta": 22.831474542617798}, "costs": {"total_cost": 859.056136392335, "time_cost": 150, "final_distance_cost": 44.19598313819353, "oscillation_cost": 40.010760222929804, "completition_cost": 555.5555555555555, "overshoot_cost": 40.72631174306103, "power_cost": 14.805083398437501, "noise_cost": 13.762442334157582, "n_waypoints_completed": 4, "tot_waypoints": 9}}
{"target": -839.1637702407904, "params": {"k_pid_pos": [1.1496839804071068, 0.024859491386256316, 0.007456431423803034], "k_pid_alt": [1.2679502233621702, 0.5247951503334181, 0.9495727706536599], "k_pid_att": [20.236336479523032, 1.8314851444632174, 0.2787101805563399], "k_pid_yaw": [0.5, 1e-06, 0.1], "k_pid_hsp": [1.0, 0.1531003758033771, 0.38244816794941827], "k_pid_vsp": [378.2079564087626, 355.21150340299164, 243.7955552263187]}, "datetime": {"datetime": "2025-08-21 11:01:20", "elapsed": 8197.285449028015, "delta": 22.92482018470764}, "costs": {"total_cost": 839.1637702407904, "time_cost": 150, "final_distance_cost": 71.90997972982224, "oscillation_cost": 303.00094767535103, "completition_cost": 222.2222222222222, "overshoot_cost": 48.86206217881061, "power_cost": 25.135986755371096, "noise_cost": 18.032571679213437, "n_waypoints_completed": 7, "tot_waypoints": 9}}
{"target": -656.7487387267338, "params": {"k_pid_pos": [1.1496839804071068, 0.024859491386256316, 0.11401919133455096], "k_pid_alt": [0.16003885105321913, 0.0, 0.016491258977649914], "k_pid_att": [17.813414374173632, 0.0032441649989051976, 0.3952346537588943], "k_pid_yaw": [0.5, 1e-06, 0.1], "k_pid_hsp": [1.5353014571438959, 0.01, 0.01], "k_pid_vsp": [150.0, 351.388862279923, 1.0]}, "datetime": {"datetime": "2025-08-21 11:01:43", "elapsed": 8219.878850460052, "delta": 22.593401432037354}, "costs": {"total_cost": 656.7487387267338, "time_cost": 150, "final_distance_cost": 70.05455874612113, "oscillation_cost": 41.20049829572893, "completition_cost": 333.33333333333337, "overshoot_cost": 42.52035542637652, "power_cost": 9.171559545898438, "noise_cost": 10.468433379275323, "n_waypoints_completed": 6, "tot_waypoints": 9}}
{"target": -207.667818727686, "params": {"k_pid_pos": [1.3885554450422086, 0.024859491386256316, 0.995526179061942], "k_pid_alt": [1.2679502233621702, 0.0, 0.9324720513360747], "k_pid_att": [20.236336479523032, 3.0596356458441103, 0.2787101805563399], "k_pid_yaw": [0.5, 1e-06, 0.1], "k_pid_hsp": [1.5353014571438959, 0.01, 0.01], "k_pid_vsp": [150.0, 351.388862279923, 1.0]}, "datetime": {"datetime": "2025-08-21 11:02:01", "elapsed": 8237.642622232437, "delta": 17.763771772384644}, "costs": {"total_cost": 207.667818727686, "time_cost": 77.784, "final_distance_cost": 1.851793247123125, "oscillation_cost": 53.849599277416296, "completition_cost": 0.0, "overshoot_cost": 50.183944459534935, "power_cost": 12.123301220703125, "noise_cost": 11.87518052290852, "n_waypoints_completed": 9, "tot_waypoints": 9}}
{"target": -183.61285490904154, "params": {"k_pid_pos": [1.3885554450422086, 0.024859491386256316, 0.11401919133455096], "k_pid_alt": [1.2679502233621702, 0.0, 0.8361997509577753], "k_pid_att": [43.948176657889235, 3.0596356458441103, 0.9274604585040267], "k_pid_yaw": [0.5, 1e-06, 0.1], "k_pid_hsp": [1.5353014571438959, 0.01, 0.01], "k_pid_vsp": [150.0, 351.388862279923, 1.0]}, "datetime": {"datetime": "2025-08-21 11:02:17", "elapsed": 8253.821459293365, "delta": 16.178837060928345}, "costs": {"total_cost": 183.61285490904154, "time_cost": 71.304, "final_distance_cost": 1.81125488303196, "oscillation_cost": 36.49688416130383, "completition_cost": 0.0, "overshoot_cost": 49.728942818178275, "power_cost": 12.698478479003906, "noise_cost": 11.573294567523567, "n_waypoints_completed": 9, "tot_waypoints": 9}}
{"target": -211.13649435427644, "params": {"k_pid_pos": [1.1496839804071068, 0.024859491386256316, 0.11401919133455096], "k_pid_alt": [1.2679502233621702, 0.0, 0.016491258977649914], "k_pid_att": [17.813414374173632, 9.597749245839971, 0.004857337777279036], "k_pid_yaw": [0.5, 1e-06, 0.1], "k_pid_hsp": [1.0, 0.01, 0.01], "k_pid_vsp": [378.2079564087626, 355.21150340299164, 1.0]}, "datetime": {"datetime": "2025-08-21 11:02:33", "elapsed": 8269.698929071426, "delta": 15.877469778060913}, "costs": {"total_cost": 211.13649435427644, "time_cost": 69.624, "final_distance_cost": 1.8440587766426473, "oscillation_cost": 62.537644911639994, "completition_cost": 0.0, "overshoot_cost": 50.607547483357514, "power_cost": 14.085220935058594, "noise_cost": 12.43802224757768, "n_waypoints_completed": 9, "tot_waypoints": 9}}
{"target": -181.71437395839826, "params": {"k_pid_pos": [1.3885554450422086, 0.03988560271314401, 0.11401919133455096], "k_pid_alt": [1.2679502233621702, 0.0, 0.06527723447865985], "k_pid_att": [58.989274729095186, 7.284845820832624, 0.8739915892735461], "k_pid_yaw": [0.5, 1e-06, 0.1], "k_pid_hsp": [1.0, 0.1531003758033771, 0.01], "k_pid_vsp": [378.2079564087626, 355.21150340299164, 1.0]}, "datetime": {"datetime": "2025-08-21 11:02:48", "elapsed": 8285.168441295624, "delta": 15.469512224197388}, "costs": {"total_cost": 181.71437395839826, "time_cost": 68.16, "final_distance_cost": 1.78373850447305, "oscillation_cost": 39.064405643759905, "completition_cost": 0.0, "overshoot_cost": 49.750995720451556, "power_cost": 11.940334899902345, "noise_cost": 11.014899189811377, "n_waypoints_completed": 9, "tot_waypoints": 9}}
{"target": -211.89618126225767, "params": {"k_pid_pos": [1.1496839804071068, 0.024859491386256316, 0.007456431423803034], "k_pid_alt": [1.2679502233621702, 0.5247951503334181, 0.251263550706466], "k_pid_att": [82.07793770411665, 3.0596356458441103, 0.2787101805563399], "k_pid_yaw": [0.5, 1e-06, 0.1], "k_pid_hsp": [1.5353014571438959, 0.01, 0.01], "k_pid_vsp": [258.4046895883358, 351.388862279923, 1.0]}, "datetime": {"datetime": "2025-08-21 11:03:06", "elapsed": 8303.29551768303, "delta": 18.127076387405396}, "costs": {"total_cost": 211.89618126225767, "time_cost": 79.616, "final_distance_cost": 1.773190332312207, "oscillation_cost": 51.31770266067789, "completition_cost": 0.0, "overshoot_cost": 51.538460266141136, "power_cost": 14.929906298828126, "noise_cost": 12.720921704298311, "n_waypoints_completed": 9, "tot_waypoints": 9}}
{"target": -209.0079267906308, "params": {"k_pid_pos": [1.3885554450422086, 0.024859491386256316, 0.11401919133455096], "k_pid_alt": [1.2679502233621702, 0.0, 0.016491258977649914], "k_pid_att": [17.813414374173632, 9.597749245839971, 0.48922906718999004], "k_pid_yaw": [0.5, 1e-06, 0.1], "k_pid_hsp": [6.779068060256637, 0.1531003758033771, 0.01], "k_pid_vsp": [150.0, 10.0, 1.0]}, "datetime": {"datetime": "2025-08-21 11:03:23", "elapsed": 8320.01645231247, "delta": 16.720934629440308}, "costs": {"total_cost": 209.0079267906308, "time_cost": 72.936, "final_distance_cost": 1.8185441813008443, "oscillation_cost": 49.54991396429685, "completition_cost": 0.0, "overshoot_cost": 53.114803957124366, "power_cost": 17.604505297851563, "noise_cost": 13.984159390057139, "n_waypoints_completed": 9, "tot_waypoints": 9}}
{"target": -226.4830901851898, "params": {"k_pid_pos": [1.3885554450422086, 0.26056931642547587, 0.11401919133455096], "k_pid_alt": [1.2679502233621702, 0.9664762406883838, 0.8361997509577753], "k_pid_att": [43.948176657889235, 3.0596356458441103, 0.7771527494070096], "k_pid_yaw": [0.5, 1e-06, 0.1], "k_pid_hsp": [1.5353014571438959, 0.01, 0.01], "k_pid_vsp": [333.29801552052976, 55.3482780190707, 1.0]}, "datetime": {"datetime": "2025-08-21 11:03:45", "elapsed": 8341.548305511475, "delta": 21.531853199005127}, "costs": {"total_cost": 226.4830901851898, "time_cost": 92.784, "final_distance_cost": 1.7508418466787208, "oscillation_cost": 52.361504192990694, "completition_cost": 0.0, "overshoot_cost": 54.64644900132196, "power_cost": 12.610238330078126, "noise_cost": 12.330056814120294, "n_waypoints_completed": 9, "tot_waypoints": 9}}
{"target": -191.42081991835397, "params": {"k_pid_pos": [1.1496839804071068, 0.024859491386256316, 0.11401919133455096], "k_pid_alt": [1.2679502233621702, 0.0, 0.016491258977649914], "k_pid_att": [17.813414374173632, 9.597749245839971, 0.48922906718999004], "k_pid_yaw": [0.5, 1e-06, 0.1], "k_pid_hsp": [6.779068060256637, 0.1531003758033771, 0.01], "k_pid_vsp": [150.0, 10.0, 1.0]}, "datetime": {"datetime": "2025-08-21 11:04:01", "elapsed": 8357.915118455887, "delta": 16.36681294441223}, "costs": {"total_cost": 191.42081991835397, "time_cost": 70.792, "final_distance_cost": 1.8330777963380411, "oscillation_cost": 45.07594011246449, "completition_cost": 0.0, "overshoot_cost": 51.38374331065637, "power_cost": 11.184656030273437, "noise_cost": 11.151402668621634, "n_waypoints_completed": 9, "tot_waypoints": 9}}
{"target": -193.30545608934534, "params": {"k_pid_pos": [1.3885554450422086, 0.024859491386256316, 0.11401919133455096], "k_pid_alt": [1.2679502233621702, 0.0, 0.9924587097750137], "k_pid_att": [19.462821160492226, 4.452622529689853, 0.20230861884209816], "k_pid_yaw": [0.5, 1e-06, 0.1], "k_pid_hsp": [1.394059891471576, 0.01, 0.01], "k_pid_vsp": [378.2079564087626, 355.21150340299164, 1.0]}, "datetime": {"datetime": "2025-08-21 11:04:17", "elapsed": 8374.263428926468, "delta": 16.348310470581055}, "costs": {"total_cost": 193.30545608934534, "time_cost": 72.224, "final_distance_cost": 1.8344752919741751, "oscillation_cost": 41.465040913736956, "completition_cost": 0.0, "overshoot_cost": 50.5165672525641, "power_cost": 14.823655920410157, "noise_cost": 12.441716710659962, "n_waypoints_completed": 9, "tot_waypoints": 9}}
{"target": -1699.9382387908772, "params": {"k_pid_pos": [1.3885554450422086, 0.024859491386256316, 0.11401919133455096], "k_pid_alt": [1.2679502233621702, 0.2641916632353021, 0.6674289755844626], "k_pid_att": [20.236336479523032, 3.0596356458441103, 0.9274604585040267], "k_pid_yaw": [0.5, 1e-06, 0.1], "k_pid_hsp": [1.5353014571438959, 0.01, 0.43022652634600356], "k_pid_vsp": [150.0, 15.500533572620455, 267.22239460664355]}, "datetime": {"datetime": "2025-08-21 11:04:40", "elapsed": 8397.02264714241, "delta": 22.759218215942383}, "costs": {"total_cost": 1699.9382387908772, "time_cost": 150, "final_distance_cost": 1.0104686312555538, "oscillation_cost": 344.9429466397172, "completition_cost": 1000.0, "overshoot_cost": 131.51597901974753, "power_cost": 19.12344755859375, "noise_cost": 53.34539694156314, "n_waypoints_completed": 0, "tot_waypoints": 9}}
{"target": -183.40920349512086, "params": {"k_pid_pos": [1.3885554450422086, 0.024859491386256316, 0.11401919133455096], "k_pid_alt": [1.2679502233621702, 0.0, 0.9324720513360747], "k_pid_att": [20.236336479523032, 3.0596356458441103, 0.5354455210588809], "k_pid_yaw": [0.5, 1e-06, 0.1], "k_pid_hsp": [1.5353014571438959, 0.01, 0.01], "k_pid_vsp": [150.0, 351.388862279923, 1.0]}, "datetime": {"datetime": "2025-08-21 11:04:57", "elapsed": 8413.836690425873, "delta": 16.814043283462524}, "costs": {"total_cost": 183.40920349512086, "time_cost": 71.47200000000001, "final_distance_cost": 1.8116363147540433, "oscillation_cost": 39.56641056828153, "completition_cost": 0.0, "overshoot_cost": 49.49871775380643, "power_cost": 10.753533923339845, "noise_cost": 10.306904934939022, "n_waypoints_completed": 9, "tot_waypoints": 9}}
{"target": -189.0419866652796, "params": {"k_pid_pos": [1.3885554450422086, 0.024859491386256316, 0.11401919133455096], "k_pid_alt": [1.2679502233621702, 0.0, 0.8361997509577753], "k_pid_att": [43.948176657889235, 3.7802132718527557, 0.9274604585040267], "k_pid_yaw": [0.5, 1e-06, 0.1], "k_pid_hsp": [1.5353014571438959, 0.01, 0.01], "k_pid_vsp": [150.0, 351.388862279923, 1.0]}, "datetime": {"datetime": "2025-08-21 11:05:13", "elapsed": 8430.13437128067, "delta": 16.297680854797363}, "costs": {"total_cost": 189.0419866652796, "time_cost": 71.784, "final_distance_cost": 1.809668454685943, "oscillation_cost": 36.801700751555636, "completition_cost": 0.0, "overshoot_cost": 50.47664252721016, "power_cost": 15.393285375976562, "noise_cost": 12.776689555851275, "n_waypoints_completed": 9, "tot_waypoints": 9}}
{"target": -228.52887225303712, "params": {"k_pid_pos": [1.3885554450422086, 0.024859491386256316, 0.11401919133455096], "k_pid_alt": [1.2679502233621702, 0.0, 0.4986678334288609], "k_pid_att": [17.813414374173632, 9.597749245839971, 0.48922906718999004], "k_pid_yaw": [0.5, 1e-06, 0.1], "k_pid_hsp": [6.779068060256637, 0.1531003758033771, 0.01], "k_pid_vsp": [250.4409247236842, 10.0, 62.564861685850005]}, "datetime": {"datetime": "2025-08-21 11:05:31", "elapsed": 8447.946188688278, "delta": 17.811817407608032}, "costs": {"total_cost": 228.52887225303712, "time_cost": 78.08, "final_distance_cost": 1.8061082233081927, "oscillation_cost": 56.242495765936766, "completition_cost": 0.0, "overshoot_cost": 54.034528058208316, "power_cost": 22.046764514160156, "noise_cost": 16.318975691423727, "n_waypoints_completed": 9, "tot_waypoints": 9}}
{"target": -177.82593711502273, "params": {"k_pid_pos": [1.1496839804071068, 0.024859491386256316, 0.11401919133455096], "k_pid_alt": [1.2679502233621702, 0.0, 0.016491258977649914], "k_pid_att": [17.813414374173632, 0.0032441649989051976, 0.3952346537588943], "k_pid_yaw": [0.5, 1e-06, 0.1], "k_pid_hsp": [1.0, 0.1531003758033771, 0.01], "k_pid_vsp": [378.2079564087626, 355.21150340299164, 1.0]}, "datetime": {"datetime": "2025-08-21 11:05:47", "elapsed": 8463.493280649185, "delta": 15.547091960906982}, "costs": {"total_cost": 177.82593711502273, "time_cost": 68.64, "final_distance_cost": 1.835663501523829, "oscillation_cost": 39.18093410083821, "completition_cost": 0.0, "overshoot_cost": 48.823419890504375, "power_cost": 9.452480297851563, "noise_cost": 9.893439324304753, "n_waypoints_completed": 9, "tot_waypoints": 9}}
{"target": -184.70753642933158, "params": {"k_pid_pos": [1.3885554450422086, 0.024859491386256316, 0.11401919133455096], "k_pid_alt": [1.2679502233621702, 0.0, 0.8361997509577753], "k_pid_att": [43.948176657889235, 3.0596356458441103, 0.9274604585040267], "k_pid_yaw": [0.5, 1e-06, 0.1], "k_pid_hsp": [1.5353014571438959, 0.01, 0.01], "k_pid_vsp": [150.0, 351.388862279923, 1.0]}, "datetime": {"datetime": "2025-08-21 11:06:03", "elapsed": 8480.033007383347, "delta": 16.539726734161377}, "costs": {"total_cost": 184.70753642933158, "time_cost": 71.432, "final_distance_cost": 1.8089245415239803, "oscillation_cost": 37.61255141308658, "completition_cost": 0.0, "overshoot_cost": 50.07417107402024, "power_cost": 12.562314807128907, "noise_cost": 11.21757459357186, "n_waypoints_completed": 9, "tot_waypoints": 9}}
{"target": -181.6920934338567, "params": {"k_pid_pos": [1.3885554450422086, 0.03988560271314401, 0.11401919133455096], "k_pid_alt": [1.2679502233621702, 0.0, 0.06527723447865985], "k_pid_att": [58.989274729095186, 7.284845820832624, 0.8739915892735461], "k_pid_yaw": [0.5, 1e-06, 0.1], "k_pid_hsp": [1.0, 0.1531003758033771, 0.01], "k_pid_vsp": [378.2079564087626, 355.21150340299164, 1.0]}, "datetime": {"datetime": "2025-08-21 11:06:19", "elapsed": 8495.62118768692, "delta": 15.588180303573608}, "costs": {"total_cost": 181.6920934338567, "time_cost": 68.336, "final_distance_cost": 1.7912171082381774, "oscillation_cost": 39.65421345503866, "completition_cost": 0.0, "overshoot_cost": 50.03402311544342, "power_cost": 11.306594116210938, "noise_cost": 10.570045638925542, "n_waypoints_completed": 9, "tot_waypoints": 9}}
{"target": -183.3851574829171, "params": {"k_pid_pos": [1.647366612200146, 0.06328363340203702, 0.11401919133455096], "k_pid_alt": [1.2679502233621702, 0.0, 0.8361997509577753], "k_pid_att": [20.236336479523032, 6.16091081068753, 0.9274604585040267], "k_pid_yaw": [0.5, 1e-06, 0.1], "k_pid_hsp": [1.5353014571438959, 0.01, 0.01], "k_pid_vsp": [397.63618790684643, 355.21150340299164, 1.0]}, "datetime": {"datetime": "2025-08-21 11:06:35", "elapsed": 8511.767312288284, "delta": 16.146124601364136}, "costs": {"total_cost": 183.3851574829171, "time_cost": 70.936, "final_distance_cost": 1.8117934347493974, "oscillation_cost": 40.818254089817835, "completition_cost": 0.0, "overshoot_cost": 49.841685198300986, "power_cost": 9.948111462402345, "noise_cost": 10.02931329764652, "n_waypoints_completed": 9, "tot_waypoints": 9}}
{"target": -206.49309886206024, "params": {"k_pid_pos": [1.3885554450422086, 0.024859491386256316, 0.11401919133455096], "k_pid_alt": [1.2679502233621702, 0.7792531125598329, 0.8361997509577753], "k_pid_att": [43.948176657889235, 3.7802132718527557, 0.9274604585040267], "k_pid_yaw": [0.5, 1e-06, 0.1], "k_pid_hsp": [2.6616915674582815, 0.01, 0.01], "k_pid_vsp": [150.0, 351.388862279923, 1.0]}, "datetime": {"datetime": "2025-08-21 11:06:53", "elapsed": 8530.078505039215, "delta": 18.311192750930786}, "costs": {"total_cost": 206.49309886206024, "time_cost": 80.488, "final_distance_cost": 1.7909621359319774, "oscillation_cost": 52.84839650606824, "completition_cost": 0.0, "overshoot_cost": 51.43161277054276, "power_cost": 9.806573999023438, "noise_cost": 10.12755345049382, "n_waypoints_completed": 9, "tot_waypoints": 9}}
{"target": -216.5735232494101, "params": {"k_pid_pos": [1.1496839804071068, 0.024859491386256316, 0.11401919133455096], "k_pid_alt": [1.2679502233621702, 0.0, 0.8361997509577753], "k_pid_att": [43.948176657889235, 3.0596356458441103, 0.9274604585040267], "k_pid_yaw": [0.5, 1e-06, 0.1], "k_pid_hsp": [1.5353014571438959, 0.01, 0.01], "k_pid_vsp": [5.13849942235769, 351.388862279923, 1.0]}, "datetime": {"datetime": "2025-08-21 11:07:10", "elapsed": 8546.819796085358, "delta": 16.741291046142578}, "costs": {"total_cost": 216.5735232494101, "time_cost": 73.8, "final_distance_cost": 1.8007089769293292, "oscillation_cost": 64.27448080110229, "completition_cost": 0.0, "overshoot_cost": 51.80766648808318, "power_cost": 14.588005529785157, "noise_cost": 10.302661453510149, "n_waypoints_completed": 9, "tot_waypoints": 9}}
{"target": -189.77205247547704, "params": {"k_pid_pos": [1.3885554450422086, 0.024859491386256316, 0.11401919133455096], "k_pid_alt": [1.7123163249843363, 0.0, 0.5727041359331937], "k_pid_att": [9.576185185983421, 0.0032441649989051976, 0.3952346537588943], "k_pid_yaw": [0.5, 1e-06, 0.1], "k_pid_hsp": [1.0, 0.1531003758033771, 0.01], "k_pid_vsp": [46.59224637328396, 355.21150340299164, 1.0]}, "datetime": {"datetime": "2025-08-21 11:07:26", "elapsed": 8562.680104017258, "delta": 15.860307931900024}, "costs": {"total_cost": 189.77205247547704, "time_cost": 68.864, "final_distance_cost": 1.7920158159880417, "oscillation_cost": 41.770870956198976, "completition_cost": 0.0, "overshoot_cost": 50.5084637552499, "power_cost": 14.860352783203126, "noise_cost": 11.976349164836991, "n_waypoints_completed": 9, "tot_waypoints": 9}}
{"target": -185.67265847416948, "params": {"k_pid_pos": [1.1496839804071068, 0.024859491386256316, 0.11401919133455096], "k_pid_alt": [1.2679502233621702, 0.0, 0.8361997509577753], "k_pid_att": [20.236336479523032, 3.0596356458441103, 0.9274604585040267], "k_pid_yaw": [0.5, 1e-06, 0.1], "k_pid_hsp": [1.5353014571438959, 0.01, 0.01], "k_pid_vsp": [153.0622015256548, 355.21150340299164, 1.0]}, "datetime": {"datetime": "2025-08-21 11:07:42", "elapsed": 8578.937355279922, "delta": 16.257251262664795}, "costs": {"total_cost": 185.67265847416948, "time_cost": 71.792, "final_distance_cost": 1.8437530651146132, "oscillation_cost": 38.27963924499349, "completition_cost": 0.0, "overshoot_cost": 49.66782400371023, "power_cost": 12.562124182128906, "noise_cost": 11.527317978222237, "n_waypoints_completed": 9, "tot_waypoints": 9}}
{"target": -398.37583713300927, "params": {"k_pid_pos": [1.3885554450422086, 0.35023019656788623, 0.11401919133455096], "k_pid_alt": [1.2679502233621702, 0.0, 0.05594087397445002], "k_pid_att": [17.813414374173632, 9.597749245839971, 0.3366070335655168], "k_pid_yaw": [0.5, 1e-06, 0.1], "k_pid_hsp": [3.178468553338115, 0.01, 0.5348019131804018], "k_pid_vsp": [150.0, 221.6078012742647, 1.0]}, "datetime": {"datetime": "2025-08-21 11:07:59", "elapsed": 8596.292707920074, "delta": 17.355352640151978}, "costs": {"total_cost": 398.37583713300927, "time_cost": 75.944, "final_distance_cost": 1.7492592518376555, "oscillation_cost": 236.12829430176987, "completition_cost": 0.0, "overshoot_cost": 52.3521381438079, "power_cost": 17.431270703125, "noise_cost": 14.770874732468833, "n_waypoints_completed": 9, "tot_waypoints": 9}}
