{"target": -198.77145249556716, "params": {"k_pid_pos": [1.849624377781123, 0.16606263241397312, 0.5551980423268247], "k_pid_alt": [1.2679502233621702, 0.5561902967977893, 0.45577628983361107], "k_pid_att": [20.236336479523032, 3.0596356458441103, 0.9274604585040267], "k_pid_yaw": [0.5, 1e-06, 0.1], "k_pid_hsp": [1.0, 0.01, 0.01], "k_pid_vsp": [378.2079564087626, 355.21150340299164, 1.0]}, "datetime": {"datetime": "2025-08-21 10:14:37", "elapsed": 5393.813007593155, "delta": 22.445302724838257}, "costs": {"total_cost": 198.77145249556716, "time_cost": 76.208, "final_distance_cost": 1.7428647727058852, "oscillation_cost": 46.203218625406784, "completition_cost": 0.0, "overshoot_cost": 50.494217285848116, "power_cost": 12.758832727050782, "noise_cost": 11.364319084555587, "n_waypoints_completed": 9, "tot_waypoints": 9}}
{"target": -212.94257965338093, "params": {"k_pid_pos": [1.8624793477566346, 0.04925411992759399, 0.2995124902746459], "k_pid_alt": [0.7, 0.0, 0.1], "k_pid_att": [85.02836851553842, 7.284845820832624, 0.004857337777279036], "k_pid_yaw": [0.5, 1e-06, 0.1], "k_pid_hsp": [1.0, 0.01, 0.01], "k_pid_vsp": [150.0, 351.388862279923, 1.0]}, "datetime": {"datetime": "2025-08-21 10:14:56", "elapsed": 5412.963767051697, "delta": 19.15075945854187}, "costs": {"total_cost": 212.94257965338093, "time_cost": 73.864, "final_distance_cost": 1.8081756031814256, "oscillation_cost": 56.263613050900446, "completition_cost": 0.0, "overshoot_cost": 51.165269468539776, "power_cost": 16.50609375, "noise_cost": 13.33542778075928, "n_waypoints_completed": 9, "tot_waypoints": 9}}
{"target": -206.9064098071352, "params": {"k_pid_pos": [1.3885554450422086, 0.024859491386256316, 0.11401919133455096], "k_pid_alt": [1.2679502233621702, 0.0, 0.18431000208985737], "k_pid_att": [20.0, 7.284845820832624, 0.004857337777279036], "k_pid_yaw": [0.5, 1e-06, 0.1], "k_pid_hsp": [1.0, 0.01, 0.01], "k_pid_vsp": [150.0, 10.0, 1.0]}, "datetime": {"datetime": "2025-08-21 10:15:15", "elapsed": 5432.231216669083, "delta": 19.267449617385864}, "costs": {"total_cost": 206.9064098071352, "time_cost": 69.888, "final_distance_cost": 1.8025926359555862, "oscillation_cost": 59.63464571345729, "completition_cost": 0.0, "overshoot_cost": 51.02056334915409, "power_cost": 12.844054211425782, "noise_cost": 11.71655389714246, "n_waypoints_completed": 9, "tot_waypoints": 9}}
{"target": -211.332175919652, "params": {"k_pid_pos": [1.8624793477566346, 0.04925411992759399, 0.3736141384595716], "k_pid_alt": [1.296896341175293, 0.0, 0.1], "k_pid_att": [20.0, 1.0, 0.01], "k_pid_yaw": [0.5, 1e-06, 0.1], "k_pid_hsp": [1.0, 0.8344227521511565, 0.01], "k_pid_vsp": [150.0, 10.0, 1.0]}, "datetime": {"datetime": "2025-08-21 10:15:37", "elapsed": 5453.46563410759, "delta": 21.23441743850708}, "costs": {"total_cost": 211.332175919652, "time_cost": 69.592, "final_distance_cost": 1.8095575795618313, "oscillation_cost": 69.71945698814335, "completition_cost": 0.0, "overshoot_cost": 50.969607622949816, "power_cost": 9.457787622070313, "noise_cost": 9.783766106926679, "n_waypoints_completed": 9, "tot_waypoints": 9}}
{"target": -199.4079293276896, "params": {"k_pid_pos": [1.1496839804071068, 0.024859491386256316, 0.11401919133455096], "k_pid_alt": [1.2679502233621702, 0.0, 0.016491258977649914], "k_pid_att": [20.0, 1.1017894340568208, 0.01], "k_pid_yaw": [0.5, 1e-06, 0.1], "k_pid_hsp": [1.0, 0.01, 0.01], "k_pid_vsp": [150.0, 15.500533572620455, 1.0]}, "datetime": {"datetime": "2025-08-21 10:15:55", "elapsed": 5471.672608137131, "delta": 18.206974029541016}, "costs": {"total_cost": 199.4079293276896, "time_cost": 70.36, "final_distance_cost": 1.835655186222395, "oscillation_cost": 51.090549252394, "completition_cost": 0.0, "overshoot_cost": 51.53769789445072, "power_cost": 12.758064038085939, "noise_cost": 11.825962956536568, "n_waypoints_completed": 9, "tot_waypoints": 9}}
{"target": -205.61110514121827, "params": {"k_pid_pos": [1.3885554450422086, 0.024859491386256316, 0.11401919133455096], "k_pid_alt": [1.2679502233621702, 0.0, 0.1], "k_pid_att": [20.0, 1.0, 0.01], "k_pid_yaw": [0.5, 1e-06, 0.1], "k_pid_hsp": [1.0, 0.01, 0.01], "k_pid_vsp": [150.0, 15.500533572620455, 1.0]}, "datetime": {"datetime": "2025-08-21 10:16:14", "elapsed": 5490.779769420624, "delta": 19.107161283493042}, "costs": {"total_cost": 205.61110514121827, "time_cost": 70.224, "final_distance_cost": 1.801217249696569, "oscillation_cost": 53.946395626741996, "completition_cost": 0.0, "overshoot_cost": 51.28608970142457, "power_cost": 15.347990490722657, "noise_cost": 13.005412072632486, "n_waypoints_completed": 9, "tot_waypoints": 9}}
{"target": -223.08387778779107, "params": {"k_pid_pos": [1.8624793477566346, 0.04925411992759399, 0.3736141384595716], "k_pid_alt": [1.296896341175293, 0.0, 0.1], "k_pid_att": [20.0, 1.0, 0.01], "k_pid_yaw": [0.5, 1e-06, 0.1], "k_pid_hsp": [1.0, 0.01, 0.01], "k_pid_vsp": [150.0, 15.500533572620455, 46.4397240445233]}, "datetime": {"datetime": "2025-08-21 10:16:37", "elapsed": 5514.068733453751, "delta": 23.28896403312683}, "costs": {"total_cost": 223.08387778779107, "time_cost": 70.312, "final_distance_cost": 1.8214065234103143, "oscillation_cost": 71.84568926604199, "completition_cost": 0.0, "overshoot_cost": 52.268783683630836, "power_cost": 15.470218896484376, "noise_cost": 11.36577941822357, "n_waypoints_completed": 9, "tot_waypoints": 9}}
{"target": -626.0722665586727, "params": {"k_pid_pos": [1.8624793477566346, 0.04925411992759399, 0.3736141384595716], "k_pid_alt": [0.7, 0.0, 0.1], "k_pid_att": [32.6162642003566, 1.0, 0.01], "k_pid_yaw": [0.5, 1e-06, 0.1], "k_pid_hsp": [1.0, 0.01, 0.01], "k_pid_vsp": [150.0, 17.758919719838758, 46.4397240445233]}, "datetime": {"datetime": "2025-08-21 10:17:06", "elapsed": 5542.486510515213, "delta": 28.417777061462402}, "costs": {"total_cost": 626.0722665586727, "time_cost": 150, "final_distance_cost": 73.5228618816325, "oscillation_cost": 80.83966079709303, "completition_cost": 222.2222222222222, "overshoot_cost": 46.654622016331366, "power_cost": 31.743563891601564, "noise_cost": 21.08933574979214, "n_waypoints_completed": 7, "tot_waypoints": 9}}
{"target": -208.01379402167365, "params": {"k_pid_pos": [1.3885554450422086, 0.024859491386256316, 0.11401919133455096], "k_pid_alt": [1.2679502233621702, 0.0, 0.1], "k_pid_att": [20.0, 1.0, 0.01], "k_pid_yaw": [0.5, 1e-06, 0.1], "k_pid_hsp": [1.4320530577574415, 0.01, 0.01], "k_pid_vsp": [150.0, 10.0, 1.0]}, "datetime": {"datetime": "2025-08-21 10:17:23", "elapsed": 5559.954347848892, "delta": 17.4678373336792}, "costs": {"total_cost": 208.01379402167365, "time_cost": 70.248, "final_distance_cost": 1.8000285422715652, "oscillation_cost": 59.324068365911906, "completition_cost": 0.0, "overshoot_cost": 51.12629291041643, "power_cost": 13.56310994873047, "noise_cost": 11.952294254343276, "n_waypoints_completed": 9, "tot_waypoints": 9}}
{"target": -228.89351673937094, "params": {"k_pid_pos": [1.1496839804071068, 0.024859491386256316, 0.11401919133455096], "k_pid_alt": [1.2679502233621702, 0.0, 0.1], "k_pid_att": [20.0, 9.597749245839971, 0.004857337777279036], "k_pid_yaw": [0.5, 1e-06, 0.1], "k_pid_hsp": [2.882064192075523, 0.01, 0.01], "k_pid_vsp": [150.0, 10.0, 1.0]}, "datetime": {"datetime": "2025-08-21 10:17:43", "elapsed": 5580.192889451981, "delta": 20.23854160308838}, "costs": {"total_cost": 228.89351673937094, "time_cost": 70.68, "final_distance_cost": 1.8411770653298356, "oscillation_cost": 79.2262090387641, "completition_cost": 0.0, "overshoot_cost": 50.99237274449408, "power_cost": 13.744106567382813, "noise_cost": 12.409651323400114, "n_waypoints_completed": 9, "tot_waypoints": 9}}
{"target": -225.5529154073043, "params": {"k_pid_pos": [1.3368390832847643, 0.03509076592280813, 0.5652361064811888], "k_pid_alt": [1.6442545478082136, 0.6347183200005908, 0.20799807370846057], "k_pid_att": [79.18472897910739, 1.0, 0.8158333553266057], "k_pid_yaw": [0.5, 1e-06, 0.1], "k_pid_hsp": [1.0, 0.7558777308258808, 0.01], "k_pid_vsp": [150.0, 15.500533572620455, 1.0]}, "datetime": {"datetime": "2025-08-21 10:18:06", "elapsed": 5603.313500881195, "delta": 23.120611429214478}, "costs": {"total_cost": 225.5529154073043, "time_cost": 80.128, "final_distance_cost": 1.813812194994638, "oscillation_cost": 61.19111527047911, "completition_cost": 0.0, "overshoot_cost": 51.811874255941994, "power_cost": 16.905834130859375, "noise_cost": 13.702279555029179, "n_waypoints_completed": 9, "tot_waypoints": 9}}
{"target": -220.00948308177382, "params": {"k_pid_pos": [1.1496839804071068, 0.15853002911945835, 0.11401919133455096], "k_pid_alt": [1.2679502233621702, 0.21267470676003064, 0.1], "k_pid_att": [20.0, 2.479545121909682, 0.004857337777279036], "k_pid_yaw": [0.5, 1e-06, 0.1], "k_pid_hsp": [1.0, 0.01, 0.01], "k_pid_vsp": [150.0, 307.0029666248519, 1.0]}, "datetime": {"datetime": "2025-08-21 10:18:27", "elapsed": 5624.286457777023, "delta": 20.972956895828247}, "costs": {"total_cost": 220.00948308177382, "time_cost": 82.072, "final_distance_cost": 1.7822222737080464, "oscillation_cost": 63.61743198920084, "completition_cost": 0.0, "overshoot_cost": 50.49589633290539, "power_cost": 11.235988537597656, "noise_cost": 10.805943948361918, "n_waypoints_completed": 9, "tot_waypoints": 9}}
{"target": -210.6232456847461, "params": {"k_pid_pos": [1.8624793477566346, 0.04925411992759399, 0.3736141384595716], "k_pid_alt": [0.7, 0.0, 0.1], "k_pid_att": [20.236336479523032, 3.0596356458441103, 0.737857181360408], "k_pid_yaw": [0.5, 1e-06, 0.1], "k_pid_hsp": [1.0, 0.01, 0.08356203214847824], "k_pid_vsp": [378.2079564087626, 139.20520652041523, 1.0]}, "datetime": {"datetime": "2025-08-21 10:18:49", "elapsed": 5645.692026615143, "delta": 21.405568838119507}, "costs": {"total_cost": 210.6232456847461, "time_cost": 71.712, "final_distance_cost": 1.811115276674273, "oscillation_cost": 65.86911928570652, "completition_cost": 0.0, "overshoot_cost": 49.81172003142169, "power_cost": 10.928386865234376, "noise_cost": 10.49090422570923, "n_waypoints_completed": 9, "tot_waypoints": 9}}
{"target": -195.75174141598416, "params": {"k_pid_pos": [1.849624377781123, 0.16606263241397312, 0.5551980423268247], "k_pid_alt": [1.2679502233621702, 0.024777875161596796, 0.20799807370846057], "k_pid_att": [22.592895791678245, 9.597749245839971, 0.3952346537588943], "k_pid_yaw": [0.5, 1e-06, 0.1], "k_pid_hsp": [1.0, 0.1531003758033771, 0.01], "k_pid_vsp": [378.2079564087626, 355.21150340299164, 1.0]}, "datetime": {"datetime": "2025-08-21 10:19:09", "elapsed": 5666.393080949783, "delta": 20.701054334640503}, "costs": {"total_cost": 195.75174141598416, "time_cost": 74.88, "final_distance_cost": 1.7850429406119614, "oscillation_cost": 50.37688030741865, "completition_cost": 0.0, "overshoot_cost": 49.476166074248944, "power_cost": 9.305224890136719, "noise_cost": 9.928427203567919, "n_waypoints_completed": 9, "tot_waypoints": 9}}
{"target": -214.80687538767205, "params": {"k_pid_pos": [1.849624377781123, 0.16606263241397312, 0.5551980423268247], "k_pid_alt": [1.2679502233621702, 0.5561902967977893, 0.45577628983361107], "k_pid_att": [20.236336479523032, 3.0596356458441103, 0.9274604585040267], "k_pid_yaw": [0.5, 1e-06, 0.1], "k_pid_hsp": [1.0, 0.01, 0.01], "k_pid_vsp": [17.18305095025783, 10.0, 1.0]}, "datetime": {"datetime": "2025-08-21 10:19:31", "elapsed": 5687.693583488464, "delta": 21.30050253868103}, "costs": {"total_cost": 214.80687538767205, "time_cost": 85.616, "final_distance_cost": 1.7464075411654287, "oscillation_cost": 45.71685482382242, "completition_cost": 0.0, "overshoot_cost": 55.982382082438335, "power_cost": 13.364727990722656, "noise_cost": 12.38050294952321, "n_waypoints_completed": 9, "tot_waypoints": 9}}
{"target": -196.2208911357276, "params": {"k_pid_pos": [1.3885554450422086, 0.024859491386256316, 0.11401919133455096], "k_pid_alt": [1.2679502233621702, 0.0, 0.1], "k_pid_att": [85.02836851553842, 7.284845820832624, 0.004857337777279036], "k_pid_yaw": [0.5, 1e-06, 0.1], "k_pid_hsp": [1.0, 0.01, 0.01], "k_pid_vsp": [150.0, 351.388862279923, 1.0]}, "datetime": {"datetime": "2025-08-21 10:19:52", "elapsed": 5709.229652643204, "delta": 21.53606915473938}, "costs": {"total_cost": 196.2208911357276, "time_cost": 68.648, "final_distance_cost": 1.8025973444163996, "oscillation_cost": 55.55367488323394, "completition_cost": 0.0, "overshoot_cost": 50.44752790934195, "power_cost": 9.778608142089844, "noise_cost": 9.990482856645482, "n_waypoints_completed": 9, "tot_waypoints": 9}}
{"target": -233.13786286206334, "params": {"k_pid_pos": [1.4340672435785011, 0.04925411992759399, 0.2995124902746459], "k_pid_alt": [0.7, 0.0, 0.5115311366376475], "k_pid_att": [19.462821160492226, 4.452622529689853, 0.01], "k_pid_yaw": [0.5, 1e-06, 0.1], "k_pid_hsp": [1.0, 0.01, 0.01], "k_pid_vsp": [111.20884264032553, 10.0, 1.0]}, "datetime": {"datetime": "2025-08-21 10:20:18", "elapsed": 5735.113158464432, "delta": 25.883505821228027}, "costs": {"total_cost": 233.13786286206334, "time_cost": 80.2, "final_distance_cost": 1.8463076742640956, "oscillation_cost": 76.794200756574, "completition_cost": 0.0, "overshoot_cost": 50.14992689622749, "power_cost": 12.371466174316406, "noise_cost": 11.77596136068135, "n_waypoints_completed": 9, "tot_waypoints": 9}}
{"target": -654.8179086859932, "params": {"k_pid_pos": [1.3885554450422086, 0.509734659876444, 0.11401919133455096], "k_pid_alt": [1.2679502233621702, 0.0, 0.45577628983361107], "k_pid_att": [19.462821160492226, 4.452622529689853, 0.01], "k_pid_yaw": [0.5, 1e-06, 0.1], "k_pid_hsp": [1.0, 0.01, 0.7580210831503069], "k_pid_vsp": [111.20884264032553, 334.44631400062605, 1.0]}, "datetime": {"datetime": "2025-08-21 10:20:43", "elapsed": 5760.380813360214, "delta": 25.26765489578247}, "costs": {"total_cost": 654.8179086859932, "time_cost": 150, "final_distance_cost": 34.11042878252739, "oscillation_cost": 246.90706201441768, "completition_cost": 111.11111111111116, "overshoot_cost": 72.65187710125069, "power_cost": 22.395199536132814, "noise_cost": 17.64223014055349, "n_waypoints_completed": 8, "tot_waypoints": 9}}
{"target": -184.28710555629183, "params": {"k_pid_pos": [1.3885554450422086, 0.024859491386256316, 0.11401919133455096], "k_pid_alt": [1.2679502233621702, 0.0, 0.8361997509577753], "k_pid_att": [20.236336479523032, 3.0596356458441103, 0.9274604585040267], "k_pid_yaw": [0.5, 1e-06, 0.1], "k_pid_hsp": [1.5353014571438959, 0.01, 0.01], "k_pid_vsp": [378.2079564087626, 355.21150340299164, 1.0]}, "datetime": {"datetime": "2025-08-21 10:21:04", "elapsed": 5780.971552371979, "delta": 20.590739011764526}, "costs": {"total_cost": 184.28710555629183, "time_cost": 71.504, "final_distance_cost": 1.812137267591578, "oscillation_cost": 36.19249291921239, "completition_cost": 0.0, "overshoot_cost": 49.89558477301868, "power_cost": 13.287308264160156, "noise_cost": 11.595582332309059, "n_waypoints_completed": 9, "tot_waypoints": 9}}
{"target": -332.4823011968724, "params": {"k_pid_pos": [1.1496839804071068, 0.15744760866519159, 0.11401919133455096], "k_pid_alt": [1.2679502233621702, 0.0, 0.1], "k_pid_att": [20.0, 1.0, 0.01], "k_pid_yaw": [0.5, 1e-06, 0.1], "k_pid_hsp": [4.3089058856187865, 0.01, 0.01], "k_pid_vsp": [150.0, 15.500533572620455, 1.0]}, "datetime": {"datetime": "2025-08-21 10:21:32", "elapsed": 5808.750129938126, "delta": 27.77857756614685}, "costs": {"total_cost": 332.4823011968724, "time_cost": 95.536, "final_distance_cost": 1.7990263604325663, "oscillation_cost": 122.49873540467999, "completition_cost": 0.0, "overshoot_cost": 61.91836779496079, "power_cost": 26.595970422363283, "noise_cost": 24.134201214435798, "n_waypoints_completed": 9, "tot_waypoints": 9}}
{"target": -210.61780124262307, "params": {"k_pid_pos": [1.1496839804071068, 0.024859491386256316, 0.11401919133455096], "k_pid_alt": [1.4458679973838424, 0.0, 0.1], "k_pid_att": [20.0, 1.0, 0.01], "k_pid_yaw": [0.5, 1e-06, 0.1], "k_pid_hsp": [1.0, 0.01, 0.01], "k_pid_vsp": [150.0, 15.500533572620455, 1.0]}, "datetime": {"datetime": "2025-08-21 10:21:50", "elapsed": 5826.765081167221, "delta": 18.01495122909546}, "costs": {"total_cost": 210.61780124262307, "time_cost": 73.208, "final_distance_cost": 1.8389158989212027, "oscillation_cost": 53.97103964412767, "completition_cost": 0.0, "overshoot_cost": 50.54143654232163, "power_cost": 16.882437133789065, "noise_cost": 14.175972023463512, "n_waypoints_completed": 9, "tot_waypoints": 9}}
{"target": -205.08056871360432, "params": {"k_pid_pos": [1.8624793477566346, 0.04925411992759399, 0.7374604451918155], "k_pid_alt": [0.7, 0.3112231092042238, 0.45577628983361107], "k_pid_att": [20.236336479523032, 3.0596356458441103, 0.9274604585040267], "k_pid_yaw": [0.5, 1e-06, 0.1], "k_pid_hsp": [1.0, 0.01, 0.01], "k_pid_vsp": [378.2079564087626, 355.21150340299164, 1.0]}, "datetime": {"datetime": "2025-08-21 10:22:13", "elapsed": 5849.934411764145, "delta": 23.169330596923828}, "costs": {"total_cost": 205.08056871360432, "time_cost": 79.28, "final_distance_cost": 1.769056016685703, "oscillation_cost": 47.0298782653594, "completition_cost": 0.0, "overshoot_cost": 51.065182800539034, "power_cost": 13.723758666992188, "noise_cost": 12.212692964027992, "n_waypoints_completed": 9, "tot_waypoints": 9}}
{"target": -236.20294506157435, "params": {"k_pid_pos": [1.849624377781123, 0.16606263241397312, 0.5551980423268247], "k_pid_alt": [0.9399307882487338, 0.6759099918155648, 0.434035615756316], "k_pid_att": [20.0, 7.284845820832624, 0.3952346537588943], "k_pid_yaw": [0.5, 1e-06, 0.1], "k_pid_hsp": [1.0, 0.01, 0.01], "k_pid_vsp": [150.0, 15.500533572620455, 1.0]}, "datetime": {"datetime": "2025-08-21 10:22:41", "elapsed": 5877.953439235687, "delta": 28.01902747154236}, "costs": {"total_cost": 236.20294506157435, "time_cost": 90.776, "final_distance_cost": 1.7472321977887526, "oscillation_cost": 54.83193144867508, "completition_cost": 0.0, "overshoot_cost": 55.81190319027865, "power_cost": 18.19641647949219, "noise_cost": 14.83946174533965, "n_waypoints_completed": 9, "tot_waypoints": 9}}
{"target": -251.42973517469866, "params": {"k_pid_pos": [1.8624793477566346, 0.4185861255545337, 0.7374604451918155], "k_pid_alt": [0.7, 0.3112231092042238, 0.434035615756316], "k_pid_att": [47.70828662473765, 9.868923336159826, 0.004857337777279036], "k_pid_yaw": [0.5, 1e-06, 0.1], "k_pid_hsp": [1.0, 0.01, 0.01], "k_pid_vsp": [111.20884264032553, 10.0, 1.0]}, "datetime": {"datetime": "2025-08-21 10:23:04", "elapsed": 5901.353477478027, "delta": 23.400038242340088}, "costs": {"total_cost": 251.42973517469866, "time_cost": 90.816, "final_distance_cost": 1.736828794707058, "oscillation_cost": 85.6000917109933, "completition_cost": 0.0, "overshoot_cost": 52.497746046190336, "power_cost": 10.03333438720703, "noise_cost": 10.745734235600938, "n_waypoints_completed": 9, "tot_waypoints": 9}}
{"target": -215.5323208360947, "params": {"k_pid_pos": [1.849624377781123, 0.16606263241397312, 0.5551980423268247], "k_pid_alt": [1.2679502233621702, 0.07931689918144824, 0.45577628983361107], "k_pid_att": [20.0, 7.284845820832624, 0.3952346537588943], "k_pid_yaw": [0.5, 1e-06, 0.1], "k_pid_hsp": [1.0, 0.01, 0.01], "k_pid_vsp": [150.0, 15.500533572620455, 1.0]}, "datetime": {"datetime": "2025-08-21 10:23:28", "elapsed": 5924.978679895401, "delta": 23.625202417373657}, "costs": {"total_cost": 215.5323208360947, "time_cost": 87.96000000000001, "final_distance_cost": 1.7366208507617917, "oscillation_cost": 52.5371195216299, "completition_cost": 0.0, "overshoot_cost": 51.76892089430174, "power_cost": 10.51223896484375, "noise_cost": 11.017420604557492, "n_waypoints_completed": 9, "tot_waypoints": 9}}
{"target": -214.73899413961445, "params": {"k_pid_pos": [1.8624793477566346, 0.04925411992759399, 0.7374604451918155], "k_pid_alt": [0.7, 0.3112231092042238, 0.434035615756316], "k_pid_att": [20.0, 7.284845820832624, 0.3952346537588943], "k_pid_yaw": [0.5, 1e-06, 0.1], "k_pid_hsp": [1.0, 0.01, 0.01], "k_pid_vsp": [150.0, 15.500533572620455, 1.0]}, "datetime": {"datetime": "2025-08-21 10:23:51", "elapsed": 5948.123465299606, "delta": 23.144785404205322}, "costs": {"total_cost": 214.73899413961445, "time_cost": 81.68, "final_distance_cost": 1.7517114367320221, "oscillation_cost": 49.051061533519174, "completition_cost": 0.0, "overshoot_cost": 52.04262837967604, "power_cost": 16.51268474121094, "noise_cost": 13.700908048476268, "n_waypoints_completed": 9, "tot_waypoints": 9}}
{"target": -205.17405981969716, "params": {"k_pid_pos": [1.1496839804071068, 0.024859491386256316, 0.11401919133455096], "k_pid_alt": [1.2679502233621702, 0.0, 0.4970906618065981], "k_pid_att": [20.0, 1.0, 0.01], "k_pid_yaw": [0.5, 1e-06, 0.1], "k_pid_hsp": [1.0, 0.07304127476175892, 0.01], "k_pid_vsp": [150.0, 15.500533572620455, 1.0]}, "datetime": {"datetime": "2025-08-21 10:24:09", "elapsed": 5965.823981046677, "delta": 17.700515747070312}, "costs": {"total_cost": 205.17405981969716, "time_cost": 71.456, "final_distance_cost": 1.8314330439241695, "oscillation_cost": 53.75701083500289, "completition_cost": 0.0, "overshoot_cost": 51.54960638647335, "power_cost": 14.218876196289063, "noise_cost": 12.361133358007702, "n_waypoints_completed": 9, "tot_waypoints": 9}}
{"target": -201.78069297224266, "params": {"k_pid_pos": [1.3885554450422086, 0.509734659876444, 0.11401919133455096], "k_pid_alt": [1.2679502233621702, 0.0, 0.5933401254113975], "k_pid_att": [20.236336479523032, 3.0596356458441103, 0.9274604585040267], "k_pid_yaw": [0.5, 1e-06, 0.1], "k_pid_hsp": [1.0, 0.01, 0.01], "k_pid_vsp": [378.2079564087626, 355.21150340299164, 1.0]}, "datetime": {"datetime": "2025-08-21 10:24:29", "elapsed": 5986.241911411285, "delta": 20.417930364608765}, "costs": {"total_cost": 201.78069297224266, "time_cost": 79.928, "final_distance_cost": 1.7522557562244858, "oscillation_cost": 48.58502277872368, "completition_cost": 0.0, "overshoot_cost": 51.81620186480995, "power_cost": 9.561775720214845, "noise_cost": 10.137436852269703, "n_waypoints_completed": 9, "tot_waypoints": 9}}
