{"target": -197.5750530445404, "params": {"k_pid_pos": [0.9959853208014533, 0.024859491386256316, 0.11401919133455096], "k_pid_alt": [1.2679502233621702, 0.0, 0.8361997509577753], "k_pid_att": [19.462821160492226, 4.452622529689853, 0.20230861884209816], "k_pid_yaw": [0.5, 1e-06, 0.1], "k_pid_hsp": [1.394059891471576, 0.01, 0.01], "k_pid_vsp": [176.4074495617074, 10.0, 1.0]}, "datetime": {"datetime": "2025-08-21 10:24:55", "elapsed": 6011.575685977936, "delta": 25.33377456665039}, "costs": {"total_cost": 197.5750530445404, "time_cost": 74.504, "final_distance_cost": 1.8422055376085096, "oscillation_cost": 45.87596689607379, "completition_cost": 0.0, "overshoot_cost": 51.42031959765848, "power_cost": 12.165630322265626, "noise_cost": 11.766930690933977, "n_waypoints_completed": 9, "tot_waypoints": 9}}
{"target": -214.60980469557242, "params": {"k_pid_pos": [1.1496839804071068, 0.024859491386256316, 0.11401919133455096], "k_pid_alt": [0.647146874498667, 0.0, 0.0952336102883754], "k_pid_att": [19.462821160492226, 4.452622529689853, 0.01], "k_pid_yaw": [0.5, 1e-06, 0.1], "k_pid_hsp": [1.0, 0.01, 0.01], "k_pid_vsp": [111.20884264032553, 10.0, 1.0]}, "datetime": {"datetime": "2025-08-21 10:25:17", "elapsed": 6033.95268535614, "delta": 22.376999378204346}, "costs": {"total_cost": 214.60980469557242, "time_cost": 76.72, "final_distance_cost": 1.8465181260598547, "oscillation_cost": 63.16569347832134, "completition_cost": 0.0, "overshoot_cost": 49.89809916082625, "power_cost": 11.678330773925781, "noise_cost": 11.30116315643924, "n_waypoints_completed": 9, "tot_waypoints": 9}}
{"target": -183.52916270357645, "params": {"k_pid_pos": [1.3885554450422086, 0.024859491386256316, 0.11401919133455096], "k_pid_alt": [1.2679502233621702, 0.0, 0.8361997509577753], "k_pid_att": [20.236336479523032, 3.0596356458441103, 0.9274604585040267], "k_pid_yaw": [0.5, 1e-06, 0.1], "k_pid_hsp": [1.5353014571438959, 0.01, 0.01], "k_pid_vsp": [378.2079564087626, 355.21150340299164, 1.0]}, "datetime": {"datetime": "2025-08-21 10:25:35", "elapsed": 6051.763959407806, "delta": 17.81127405166626}, "costs": {"total_cost": 183.52916270357645, "time_cost": 71.408, "final_distance_cost": 1.8166148662338053, "oscillation_cost": 36.733855349287275, "completition_cost": 0.0, "overshoot_cost": 50.222505889056464, "power_cost": 12.203374133300782, "noise_cost": 11.144812465698138, "n_waypoints_completed": 9, "tot_waypoints": 9}}
{"target": -201.13230897606326, "params": {"k_pid_pos": [1.849624377781123, 0.16606263241397312, 0.5551980423268247], "k_pid_alt": [1.2679502233621702, 0.024777875161596796, 0.20799807370846057], "k_pid_att": [22.592895791678245, 9.597749245839971, 0.3952346537588943], "k_pid_yaw": [0.5, 1e-06, 0.1], "k_pid_hsp": [1.0, 0.1531003758033771, 0.01], "k_pid_vsp": [378.2079564087626, 355.21150340299164, 1.0]}, "datetime": {"datetime": "2025-08-21 10:25:53", "elapsed": 6070.285880804062, "delta": 18.521921396255493}, "costs": {"total_cost": 201.13230897606326, "time_cost": 75.0, "final_distance_cost": 1.79634263767673, "oscillation_cost": 48.149934534899245, "completition_cost": 0.0, "overshoot_cost": 49.83919228664646, "power_cost": 13.984114978027344, "noise_cost": 12.362724538813465, "n_waypoints_completed": 9, "tot_waypoints": 9}}
{"target": -199.71439576810863, "params": {"k_pid_pos": [1.3885554450422086, 0.024859491386256316, 0.11401919133455096], "k_pid_alt": [1.2679502233621702, 0.0, 0.1], "k_pid_att": [85.02836851553842, 7.284845820832624, 0.004857337777279036], "k_pid_yaw": [0.5, 1e-06, 0.1], "k_pid_hsp": [1.0, 0.01, 0.01], "k_pid_vsp": [150.0, 351.388862279923, 1.0]}, "datetime": {"datetime": "2025-08-21 10:26:16", "elapsed": 6092.759577989578, "delta": 22.473697185516357}, "costs": {"total_cost": 199.71439576810863, "time_cost": 68.944, "final_distance_cost": 1.799446530663209, "oscillation_cost": 50.07539165030426, "completition_cost": 0.0, "overshoot_cost": 50.684450527209606, "power_cost": 15.37665340576172, "noise_cost": 12.834453654169845, "n_waypoints_completed": 9, "tot_waypoints": 9}}
{"target": -212.71320979723905, "params": {"k_pid_pos": [1.8624793477566346, 0.04925411992759399, 0.2995124902746459], "k_pid_alt": [1.1302962253917743, 0.0, 0.016491258977649914], "k_pid_att": [20.0, 7.212729332224264, 0.01], "k_pid_yaw": [0.5, 1e-06, 0.1], "k_pid_hsp": [1.0, 0.01, 0.01], "k_pid_vsp": [150.0, 15.500533572620455, 1.0]}, "datetime": {"datetime": "2025-08-21 10:26:35", "elapsed": 6111.630647420883, "delta": 18.87106943130493}, "costs": {"total_cost": 212.71320979723905, "time_cost": 69.744, "final_distance_cost": 1.8054606216071822, "oscillation_cost": 64.04090305797546, "completition_cost": 0.0, "overshoot_cost": 50.96062693399953, "power_cost": 14.040727087402344, "noise_cost": 12.121492096254537, "n_waypoints_completed": 9, "tot_waypoints": 9}}
{"target": -210.57594211710403, "params": {"k_pid_pos": [1.1496839804071068, 0.024859491386256316, 0.11401919133455096], "k_pid_alt": [0.7, 0.0, 0.1], "k_pid_att": [85.02836851553842, 7.284845820832624, 0.004857337777279036], "k_pid_yaw": [0.5, 1e-06, 0.1], "k_pid_hsp": [1.0, 0.01, 0.01], "k_pid_vsp": [150.0, 351.388862279923, 1.0]}, "datetime": {"datetime": "2025-08-21 10:26:53", "elapsed": 6129.7822868824005, "delta": 18.151639461517334}, "costs": {"total_cost": 210.57594211710403, "time_cost": 75.744, "final_distance_cost": 1.8467272508955253, "oscillation_cost": 56.65227372346681, "completition_cost": 0.0, "overshoot_cost": 49.3476899336964, "power_cost": 14.417274951171876, "noise_cost": 12.567976257873452, "n_waypoints_completed": 9, "tot_waypoints": 9}}
{"target": -201.9057894511792, "params": {"k_pid_pos": [1.1496839804071068, 0.024859491386256316, 0.11401919133455096], "k_pid_alt": [1.2679502233621702, 0.0, 0.016491258977649914], "k_pid_att": [20.0, 1.1017894340568208, 0.01], "k_pid_yaw": [0.5, 1e-06, 0.1], "k_pid_hsp": [1.0, 0.01, 0.01], "k_pid_vsp": [378.2079564087626, 355.21150340299164, 1.0]}, "datetime": {"datetime": "2025-08-21 10:27:14", "elapsed": 6150.999794483185, "delta": 21.2175076007843}, "costs": {"total_cost": 201.9057894511792, "time_cost": 69.864, "final_distance_cost": 1.8421374488815483, "oscillation_cost": 53.5959663859182, "completition_cost": 0.0, "overshoot_cost": 50.13855970691857, "power_cost": 14.14506131591797, "noise_cost": 12.320064593542927, "n_waypoints_completed": 9, "tot_waypoints": 9}}
{"target": -218.5903588539615, "params": {"k_pid_pos": [1.3885554450422086, 0.509734659876444, 0.11401919133455096], "k_pid_alt": [1.2679502233621702, 0.0, 0.5933401254113975], "k_pid_att": [20.236336479523032, 3.0596356458441103, 0.9274604585040267], "k_pid_yaw": [0.5, 1e-06, 0.1], "k_pid_hsp": [1.0, 0.01, 0.01], "k_pid_vsp": [162.63925748078515, 15.500533572620455, 1.0]}, "datetime": {"datetime": "2025-08-21 10:27:35", "elapsed": 6171.961186408997, "delta": 20.961391925811768}, "costs": {"total_cost": 218.5903588539615, "time_cost": 84.016, "final_distance_cost": 1.7594824680033658, "oscillation_cost": 47.36465273122571, "completition_cost": 0.0, "overshoot_cost": 53.220311951319054, "power_cost": 17.740901171875002, "noise_cost": 14.48901053153837, "n_waypoints_completed": 9, "tot_waypoints": 9}}
{"target": -186.13438499602054, "params": {"k_pid_pos": [1.1496839804071068, 0.024859491386256316, 0.11401919133455096], "k_pid_alt": [1.2679502233621702, 0.0, 0.016491258977649914], "k_pid_att": [17.813414374173632, 9.597749245839971, 0.3952346537588943], "k_pid_yaw": [0.5, 1e-06, 0.1], "k_pid_hsp": [1.0, 0.1531003758033771, 0.01], "k_pid_vsp": [378.2079564087626, 355.21150340299164, 1.0]}, "datetime": {"datetime": "2025-08-21 10:27:55", "elapsed": 6192.236079454422, "delta": 20.274893045425415}, "costs": {"total_cost": 186.13438499602054, "time_cost": 68.944, "final_distance_cost": 1.843735138819334, "oscillation_cost": 41.177485895579075, "completition_cost": 0.0, "overshoot_cost": 49.247393086974064, "power_cost": 13.11894744873047, "noise_cost": 11.802823425917605, "n_waypoints_completed": 9, "tot_waypoints": 9}}
{"target": -242.08855389544527, "params": {"k_pid_pos": [1.849624377781123, 0.16606263241397312, 0.5551980423268247], "k_pid_alt": [1.2679502233621702, 0.024777875161596796, 0.20799807370846057], "k_pid_att": [20.0, 7.120039068217832, 0.01], "k_pid_yaw": [0.5, 1e-06, 0.1], "k_pid_hsp": [1.0, 0.01, 0.01], "k_pid_vsp": [150.0, 15.500533572620455, 1.0]}, "datetime": {"datetime": "2025-08-21 10:28:17", "elapsed": 6214.053357124329, "delta": 21.817277669906616}, "costs": {"total_cost": 242.08855389544527, "time_cost": 79.208, "final_distance_cost": 1.8171255996923419, "oscillation_cost": 76.18952288279533, "completition_cost": 0.0, "overshoot_cost": 52.3354028894732, "power_cost": 17.714662609863282, "noise_cost": 14.823839913621091, "n_waypoints_completed": 9, "tot_waypoints": 9}}
{"target": -225.14708108008563, "params": {"k_pid_pos": [1.3368390832847643, 0.03509076592280813, 0.5652361064811888], "k_pid_alt": [1.6442545478082136, 0.6347183200005908, 0.20799807370846057], "k_pid_att": [79.18472897910739, 1.0, 0.8158333553266057], "k_pid_yaw": [0.5, 1e-06, 0.1], "k_pid_hsp": [1.0, 0.7558777308258808, 0.01], "k_pid_vsp": [150.0, 15.500533572620455, 1.0]}, "datetime": {"datetime": "2025-08-21 10:28:37", "elapsed": 6234.32076215744, "delta": 20.267405033111572}, "costs": {"total_cost": 225.14708108008563, "time_cost": 79.648, "final_distance_cost": 1.7979217840910973, "oscillation_cost": 62.08743491194871, "completition_cost": 0.0, "overshoot_cost": 52.0861049801543, "power_cost": 16.067097656250002, "noise_cost": 13.460521747641469, "n_waypoints_completed": 9, "tot_waypoints": 9}}
{"target": -787.364745910381, "params": {"k_pid_pos": [1.1496839804071068, 0.024859491386256316, 0.5030458048276777], "k_pid_alt": [1.2679502233621702, 0.0, 0.4970906618065981], "k_pid_att": [20.0, 1.0, 0.3829979421693436], "k_pid_yaw": [0.5, 1e-06, 0.1], "k_pid_hsp": [1.0, 0.07304127476175892, 0.6904081087789521], "k_pid_vsp": [150.0, 15.500533572620455, 1.0]}, "datetime": {"datetime": "2025-08-21 10:29:06", "elapsed": 6263.455568552017, "delta": 29.134806394577026}, "costs": {"total_cost": 787.364745910381, "time_cost": 150, "final_distance_cost": 66.22721300695859, "oscillation_cost": 361.14754455132584, "completition_cost": 111.11111111111116, "overshoot_cost": 57.92888220091683, "power_cost": 23.35843935546875, "noise_cost": 17.591555684599733, "n_waypoints_completed": 8, "tot_waypoints": 9}}
{"target": -197.13010100089664, "params": {"k_pid_pos": [1.849624377781123, 0.4509247473159945, 0.5551980423268247], "k_pid_alt": [1.2679502233621702, 0.024777875161596796, 0.20799807370846057], "k_pid_att": [22.592895791678245, 9.597749245839971, 0.3952346537588943], "k_pid_yaw": [0.5, 1e-06, 0.1], "k_pid_hsp": [4.041604940679199, 0.1531003758033771, 0.01], "k_pid_vsp": [378.2079564087626, 355.21150340299164, 1.0]}, "datetime": {"datetime": "2025-08-21 10:29:26", "elapsed": 6282.643413305283, "delta": 19.18784475326538}, "costs": {"total_cost": 197.13010100089664, "time_cost": 73.096, "final_distance_cost": 1.7583128337336897, "oscillation_cost": 46.58049555104481, "completition_cost": 0.0, "overshoot_cost": 51.496710626957736, "power_cost": 12.505108959960937, "noise_cost": 11.693473029199454, "n_waypoints_completed": 9, "tot_waypoints": 9}}
{"target": -583.3138779124514, "params": {"k_pid_pos": [1.849624377781123, 0.16606263241397312, 0.5551980423268247], "k_pid_alt": [1.2679502233621702, 0.5561902967977893, 0.45577628983361107], "k_pid_att": [20.236336479523032, 3.0596356458441103, 0.9274604585040267], "k_pid_yaw": [0.5, 1e-06, 0.1], "k_pid_hsp": [1.0, 0.01, 0.01], "k_pid_vsp": [17.18305095025783, 10.0, 1.0]}, "datetime": {"datetime": "2025-08-21 10:29:52", "elapsed": 6308.674310922623, "delta": 26.030897617340088}, "costs": {"total_cost": 583.3138779124514, "time_cost": 150, "final_distance_cost": 70.41685991624983, "oscillation_cost": 43.787016032754714, "completition_cost": 222.2222222222222, "overshoot_cost": 53.252636219228634, "power_cost": 23.949635290527343, "noise_cost": 19.68550823146869, "n_waypoints_completed": 7, "tot_waypoints": 9}}
{"target": -196.9741409610378, "params": {"k_pid_pos": [1.849624377781123, 0.16606263241397312, 0.11401919133455096], "k_pid_alt": [1.2679502233621702, 0.0, 0.8361997509577753], "k_pid_att": [19.462821160492226, 4.452622529689853, 0.20230861884209816], "k_pid_yaw": [0.5, 1e-06, 0.1], "k_pid_hsp": [1.394059891471576, 0.01, 0.01], "k_pid_vsp": [176.4074495617074, 10.0, 1.0]}, "datetime": {"datetime": "2025-08-21 10:30:14", "elapsed": 6330.598542690277, "delta": 21.92423176765442}, "costs": {"total_cost": 196.9741409610378, "time_cost": 72.528, "final_distance_cost": 1.7947086630023368, "oscillation_cost": 50.10976712114201, "completition_cost": 0.0, "overshoot_cost": 50.21669550660603, "power_cost": 11.468297058105469, "noise_cost": 10.856672612181951, "n_waypoints_completed": 9, "tot_waypoints": 9}}
{"target": -229.98497106432418, "params": {"k_pid_pos": [0.8976678869060579, 0.024859491386256316, 0.5551980423268247], "k_pid_alt": [1.2679502233621702, 0.5561902967977893, 0.45577628983361107], "k_pid_att": [20.236336479523032, 3.0596356458441103, 0.9274604585040267], "k_pid_yaw": [0.5, 1e-06, 0.1], "k_pid_hsp": [9.758948333354006, 0.01, 0.01], "k_pid_vsp": [133.7851568820875, 355.21150340299164, 1.0]}, "datetime": {"datetime": "2025-08-21 10:30:36", "elapsed": 6353.4262726306915, "delta": 22.82772994041443}, "costs": {"total_cost": 229.98497106432418, "time_cost": 85.44, "final_distance_cost": 1.791125449369932, "oscillation_cost": 58.69825879898516, "completition_cost": 0.0, "overshoot_cost": 52.83623072514351, "power_cost": 17.002761181640626, "noise_cost": 14.216594909184957, "n_waypoints_completed": 9, "tot_waypoints": 9}}
{"target": -598.1698930245258, "params": {"k_pid_pos": [1.8624793477566346, 0.7323184221678151, 0.7374604451918155], "k_pid_alt": [0.34373872846270315, 0.3112231092042238, 0.45577628983361107], "k_pid_att": [20.236336479523032, 3.0596356458441103, 0.9274604585040267], "k_pid_yaw": [0.5, 1e-06, 0.1], "k_pid_hsp": [1.5353014571438959, 0.01, 0.01], "k_pid_vsp": [378.2079564087626, 355.21150340299164, 1.0]}, "datetime": {"datetime": "2025-08-21 10:31:03", "elapsed": 6380.013581991196, "delta": 26.58730936050415}, "costs": {"total_cost": 598.1698930245258, "time_cost": 150, "final_distance_cost": 73.52435274155425, "oscillation_cost": 49.33962229429196, "completition_cost": 222.2222222222222, "overshoot_cost": 49.87403056553824, "power_cost": 27.94357381591797, "noise_cost": 25.266091385001204, "n_waypoints_completed": 7, "tot_waypoints": 9}}
{"target": -208.61868737996843, "params": {"k_pid_pos": [0.39162362725922834, 0.024859491386256316, 0.11401919133455096], "k_pid_alt": [1.2679502233621702, 0.0, 0.8361997509577753], "k_pid_att": [20.236336479523032, 0.30490604315558156, 0.9274604585040267], "k_pid_yaw": [0.5, 1e-06, 0.1], "k_pid_hsp": [1.0, 0.01, 0.01], "k_pid_vsp": [378.2079564087626, 355.21150340299164, 1.0]}, "datetime": {"datetime": "2025-08-21 10:31:29", "elapsed": 6406.3692791461945, "delta": 26.35569715499878}, "costs": {"total_cost": 208.61868737996843, "time_cost": 91.98400000000001, "final_distance_cost": 1.857574966219825, "oscillation_cost": 30.986044296729297, "completition_cost": 0.0, "overshoot_cost": 52.51358846290045, "power_cost": 15.674840466308595, "noise_cost": 15.602639187810261, "n_waypoints_completed": 9, "tot_waypoints": 9}}
{"target": -356.8358562882498, "params": {"k_pid_pos": [1.3885554450422086, 0.509734659876444, 0.11401919133455096], "k_pid_alt": [1.2679502233621702, 0.0, 0.5933401254113975], "k_pid_att": [20.236336479523032, 4.047543547045578, 0.9274604585040267], "k_pid_yaw": [0.5, 1e-06, 0.1], "k_pid_hsp": [1.0, 0.01, 0.35536443232023773], "k_pid_vsp": [378.2079564087626, 355.21150340299164, 1.0]}, "datetime": {"datetime": "2025-08-21 10:31:58", "elapsed": 6434.826355218887, "delta": 28.45707607269287}, "costs": {"total_cost": 356.8358562882498, "time_cost": 93.96000000000001, "final_distance_cost": 1.7488857699921103, "oscillation_cost": 161.36355040243103, "completition_cost": 0.0, "overshoot_cost": 59.86226595133888, "power_cost": 21.953322827148437, "noise_cost": 17.94783133733928, "n_waypoints_completed": 9, "tot_waypoints": 9}}
{"target": -192.8202355172819, "params": {"k_pid_pos": [1.3885554450422086, 0.024859491386256316, 0.11401919133455096], "k_pid_alt": [1.2679502233621702, 0.0, 0.06527723447865985], "k_pid_att": [58.989274729095186, 7.284845820832624, 0.004857337777279036], "k_pid_yaw": [0.5, 1e-06, 0.1], "k_pid_hsp": [1.0, 0.01, 0.01], "k_pid_vsp": [150.0, 351.388862279923, 1.0]}, "datetime": {"datetime": "2025-08-21 10:32:22", "elapsed": 6458.755009174347, "delta": 23.928653955459595}, "costs": {"total_cost": 192.8202355172819, "time_cost": 68.8, "final_distance_cost": 1.8099591230152732, "oscillation_cost": 46.300221064272506, "completition_cost": 0.0, "overshoot_cost": 50.56671231997389, "power_cost": 13.494487316894531, "noise_cost": 11.848855693125714, "n_waypoints_completed": 9, "tot_waypoints": 9}}
{"target": -199.01551065951293, "params": {"k_pid_pos": [1.3885554450422086, 0.04925411992759399, 0.7374604451918155], "k_pid_alt": [0.7, 0.3112231092042238, 0.45577628983361107], "k_pid_att": [20.236336479523032, 3.0596356458441103, 0.6196773621357177], "k_pid_yaw": [0.5, 1e-06, 0.1], "k_pid_hsp": [1.0, 0.01, 0.01], "k_pid_vsp": [378.2079564087626, 355.21150340299164, 1.0]}, "datetime": {"datetime": "2025-08-21 10:32:43", "elapsed": 6480.15895318985, "delta": 21.40394401550293}, "costs": {"total_cost": 199.01551065951293, "time_cost": 77.72, "final_distance_cost": 1.810492504655617, "oscillation_cost": 43.27294487992464, "completition_cost": 0.0, "overshoot_cost": 50.7572972088235, "power_cost": 13.514455017089844, "noise_cost": 11.940321049019312, "n_waypoints_completed": 9, "tot_waypoints": 9}}
{"target": -431.1168630224677, "params": {"k_pid_pos": [1.8624793477566346, 0.20155169717439214, 0.11401919133455096], "k_pid_alt": [1.4828936131754265, 0.0, 0.1], "k_pid_att": [20.0, 1.0, 0.4740562159278153], "k_pid_yaw": [0.5, 1e-06, 0.1], "k_pid_hsp": [1.0, 0.018231072988983632, 0.5112702394360336], "k_pid_vsp": [150.0, 15.500533572620455, 1.0]}, "datetime": {"datetime": "2025-08-21 10:33:07", "elapsed": 6503.9507625103, "delta": 23.79180932044983}, "costs": {"total_cost": 431.1168630224677, "time_cost": 91.248, "final_distance_cost": 1.7752367955695885, "oscillation_cost": 239.00754963403566, "completition_cost": 0.0, "overshoot_cost": 58.473624415311185, "power_cost": 22.215420141601562, "noise_cost": 18.39703203594976, "n_waypoints_completed": 9, "tot_waypoints": 9}}
{"target": -199.77917716126896, "params": {"k_pid_pos": [1.3885554450422086, 0.024859491386256316, 0.11401919133455096], "k_pid_alt": [1.2679502233621702, 0.0, 0.6559531101246859], "k_pid_att": [89.24814191396806, 7.284845820832624, 0.004857337777279036], "k_pid_yaw": [0.5, 1e-06, 0.1], "k_pid_hsp": [1.0, 0.01, 0.01], "k_pid_vsp": [150.0, 10.0, 1.0]}, "datetime": {"datetime": "2025-08-21 10:33:29", "elapsed": 6526.368633270264, "delta": 22.41787075996399}, "costs": {"total_cost": 199.77917716126896, "time_cost": 71.688, "final_distance_cost": 1.798959703401552, "oscillation_cost": 52.93157230092429, "completition_cost": 0.0, "overshoot_cost": 51.315215586770385, "power_cost": 11.156896386718751, "noise_cost": 10.888533183453976, "n_waypoints_completed": 9, "tot_waypoints": 9}}
{"target": -213.12264634608843, "params": {"k_pid_pos": [1.8624793477566346, 0.04925411992759399, 0.7374604451918155], "k_pid_alt": [0.7, 0.3112231092042238, 0.45577628983361107], "k_pid_att": [20.236336479523032, 3.0596356458441103, 0.9274604585040267], "k_pid_yaw": [0.5, 1e-06, 0.1], "k_pid_hsp": [1.0, 0.01, 0.01], "k_pid_vsp": [378.2079564087626, 355.21150340299164, 1.0]}, "datetime": {"datetime": "2025-08-21 10:33:52", "elapsed": 6548.653106451035, "delta": 22.284473180770874}, "costs": {"total_cost": 213.12264634608843, "time_cost": 81.808, "final_distance_cost": 1.787755036224062, "oscillation_cost": 46.927165735637374, "completition_cost": 0.0, "overshoot_cost": 52.111324337317875, "power_cost": 16.80092557373047, "noise_cost": 13.687475663178637, "n_waypoints_completed": 9, "tot_waypoints": 9}}
{"target": -211.14252446289225, "params": {"k_pid_pos": [1.8624793477566346, 0.04925411992759399, 0.7374604451918155], "k_pid_alt": [0.7, 0.3112231092042238, 0.1], "k_pid_att": [85.02836851553842, 7.284845820832624, 0.004857337777279036], "k_pid_yaw": [0.5, 1e-06, 0.1], "k_pid_hsp": [1.0, 0.01, 0.01], "k_pid_vsp": [150.0, 351.388862279923, 1.0]}, "datetime": {"datetime": "2025-08-21 10:34:11", "elapsed": 6568.087245225906, "delta": 19.434138774871826}, "costs": {"total_cost": 211.14252446289225, "time_cost": 76.24, "final_distance_cost": 1.7790773569075808, "oscillation_cost": 58.88773932445861, "completition_cost": 0.0, "overshoot_cost": 50.27310532429845, "power_cost": 12.51882088623047, "noise_cost": 11.443781570997137, "n_waypoints_completed": 9, "tot_waypoints": 9}}
{"target": -201.69243075180123, "params": {"k_pid_pos": [1.3885554450422086, 0.024859491386256316, 0.11401919133455096], "k_pid_alt": [1.2679502233621702, 0.27313321260667356, 0.45577628983361107], "k_pid_att": [20.236336479523032, 3.0596356458441103, 0.9274604585040267], "k_pid_yaw": [0.5, 1e-06, 0.1], "k_pid_hsp": [1.0, 0.01, 0.01], "k_pid_vsp": [296.9957164222489, 355.21150340299164, 1.0]}, "datetime": {"datetime": "2025-08-21 10:34:37", "elapsed": 6593.9708087444305, "delta": 25.88356351852417}, "costs": {"total_cost": 201.69243075180123, "time_cost": 77.768, "final_distance_cost": 1.7699259966304364, "oscillation_cost": 49.36651148231763, "completition_cost": 0.0, "overshoot_cost": 50.980738997447745, "power_cost": 11.104340869140625, "noise_cost": 10.70291340626478, "n_waypoints_completed": 9, "tot_waypoints": 9}}
