{"target": -1442.3222177811053, "params": {"k_pid_pos": [1.8922997940790476, 0.14858559632353818, 0.42495672118777295], "k_pid_alt": [1.85112020821355, 0.0, 0.1576465649121419], "k_pid_att": [50.43782855084127, 7.335409208074745, 0.73590781336997], "k_pid_yaw": [0.5, 1e-06, 0.1], "k_pid_hsp": [1.606987810134683, 0.1531003758033771, 0.01], "k_pid_vsp": [110.56511661686339, 130.53254854158118, 155.14480512508212]}, "datetime": {"datetime": "2025-08-21 19:27:52", "elapsed": 38589.3242893219, "delta": 24.213332891464233}, "costs": {"total_cost": 1442.3222177811053, "time_cost": 150, "final_distance_cost": 0.9996963293903688, "oscillation_cost": 23.38807129566938, "completition_cost": 1000.0, "overshoot_cost": 134.64459362878927, "power_cost": 34.74869669189453, "noise_cost": 98.54115983536161, "n_waypoints_completed": 0, "tot_waypoints": 9}}
{"target": -329.13062142614376, "params": {"k_pid_pos": [1.8922997940790476, 0.024859491386256316, 0.42495672118777295], "k_pid_alt": [1.85112020821355, 0.0, 0.1576465649121419], "k_pid_att": [58.989274729095186, 5.859554809351448, 0.9808211468183533], "k_pid_yaw": [0.5, 1e-06, 0.1], "k_pid_hsp": [1.606987810134683, 0.051357077341508184, 0.6435390776614515], "k_pid_vsp": [110.56511661686339, 130.53254854158118, 1.0]}, "datetime": {"datetime": "2025-08-21 19:28:10", "elapsed": 38607.16628789902, "delta": 17.84199857711792}, "costs": {"total_cost": 329.13062142614376, "time_cost": 77.896, "final_distance_cost": 1.7673679882562978, "oscillation_cost": 159.42093120596286, "completition_cost": 0.0, "overshoot_cost": 59.125102942999064, "power_cost": 16.628336950683593, "noise_cost": 14.29288233824188, "n_waypoints_completed": 9, "tot_waypoints": 9}}
{"target": -185.44924340373112, "params": {"k_pid_pos": [1.8922997940790476, 0.0822904257601288, 0.6250867496839783], "k_pid_alt": [1.9160597436741602, 0.0, 0.1576465649121419], "k_pid_att": [58.989274729095186, 5.859554809351448, 0.9808211468183533], "k_pid_yaw": [0.5, 1e-06, 0.1], "k_pid_hsp": [1.606987810134683, 0.2831454347861464, 0.01], "k_pid_vsp": [110.56511661686339, 130.53254854158118, 1.0]}, "datetime": {"datetime": "2025-08-21 19:28:27", "elapsed": 38624.45049858093, "delta": 17.284210681915283}, "costs": {"total_cost": 185.44924340373112, "time_cost": 68.888, "final_distance_cost": 1.8220466075406145, "oscillation_cost": 38.38967124052795, "completition_cost": 0.0, "overshoot_cost": 50.87633993755653, "power_cost": 13.50668709716797, "noise_cost": 11.966498520938059, "n_waypoints_completed": 9, "tot_waypoints": 9}}
{"target": -205.2475491788054, "params": {"k_pid_pos": [1.8922997940790476, 0.0822904257601288, 0.6250867496839783], "k_pid_alt": [1.9160597436741602, 0.0, 0.1576465649121419], "k_pid_att": [58.989274729095186, 5.859554809351448, 0.9808211468183533], "k_pid_yaw": [0.5, 1e-06, 0.1], "k_pid_hsp": [1.606987810134683, 0.6877375338467407, 0.01], "k_pid_vsp": [110.56511661686339, 5.965530060251143, 1.0]}, "datetime": {"datetime": "2025-08-21 19:28:44", "elapsed": 38640.66488981247, "delta": 16.214391231536865}, "costs": {"total_cost": 205.2475491788054, "time_cost": 71.688, "final_distance_cost": 1.805796631512485, "oscillation_cost": 49.408117879410305, "completition_cost": 0.0, "overshoot_cost": 51.68689833506684, "power_cost": 16.775828540039065, "noise_cost": 13.882907792776692, "n_waypoints_completed": 9, "tot_waypoints": 9}}
{"target": -1003.0509641058366, "params": {"k_pid_pos": [0.7083050082071586, 0.024859491386256316, 0.6250867496839783], "k_pid_alt": [1.1098775236402525, 0.0, 0.1576465649121419], "k_pid_att": [58.989274729095186, 4.554626564215716, 0.8987695645180177], "k_pid_yaw": [0.5, 1e-06, 0.1], "k_pid_hsp": [3.070088322121188, 0.08333843891839088, 0.01], "k_pid_vsp": [110.56511661686339, 130.53254854158118, 115.279864009269]}, "datetime": {"datetime": "2025-08-21 19:29:09", "elapsed": 38665.46895265579, "delta": 24.804062843322754}, "costs": {"total_cost": 1003.0509641058366, "time_cost": 150, "final_distance_cost": 61.74861879643116, "oscillation_cost": 40.47011201330627, "completition_cost": 666.6666666666667, "overshoot_cost": 53.50753344650465, "power_cost": 16.992565478515626, "noise_cost": 13.665467704411974, "n_waypoints_completed": 3, "tot_waypoints": 9}}
{"target": -197.79352906097097, "params": {"k_pid_pos": [1.8922997940790476, 0.024859491386256316, 0.42495672118777295], "k_pid_alt": [1.85112020821355, 0.0, 0.1576465649121419], "k_pid_att": [25.463483275157817, 3.907559788299492, 0.73590781336997], "k_pid_yaw": [0.5, 1e-06, 0.1], "k_pid_hsp": [1.606987810134683, 0.8779941376805641, 0.01], "k_pid_vsp": [131.157380286128, 59.083466427248936, 1.0]}, "datetime": {"datetime": "2025-08-21 19:29:24", "elapsed": 38680.79461503029, "delta": 15.32566237449646}, "costs": {"total_cost": 197.79352906097097, "time_cost": 68.168, "final_distance_cost": 1.821121137139192, "oscillation_cost": 52.9953590355558, "completition_cost": 0.0, "overshoot_cost": 49.988319997449665, "power_cost": 13.159323986816407, "noise_cost": 11.661404904009917, "n_waypoints_completed": 9, "tot_waypoints": 9}}
{"target": -194.6602968537824, "params": {"k_pid_pos": [1.8922997940790476, 0.024859491386256316, 0.6250867496839783], "k_pid_alt": [1.1098775236402525, 0.0, 0.6137735415975708], "k_pid_att": [25.463483275157817, 5.859554809351448, 0.9808211468183533], "k_pid_yaw": [0.5, 1e-06, 0.1], "k_pid_hsp": [1.606987810134683, 0.08333843891839088, 0.01], "k_pid_vsp": [110.56511661686339, 130.53254854158118, 1.0]}, "datetime": {"datetime": "2025-08-21 19:29:42", "elapsed": 38698.746250629425, "delta": 17.951635599136353}, "costs": {"total_cost": 194.6602968537824, "time_cost": 73.32000000000001, "final_distance_cost": 1.8156093930404051, "oscillation_cost": 41.58012179474945, "completition_cost": 0.0, "overshoot_cost": 50.83650772087828, "power_cost": 14.634531774902344, "noise_cost": 12.473526170211928, "n_waypoints_completed": 9, "tot_waypoints": 9}}
{"target": -1313.5824730083104, "params": {"k_pid_pos": [1.8922997940790476, 0.024859491386256316, 0.42495672118777295], "k_pid_alt": [1.85112020821355, 0.0, 0.1576465649121419], "k_pid_att": [58.989274729095186, 1.3662688108279974, 0.332604625203343], "k_pid_yaw": [0.5, 1e-06, 0.1], "k_pid_hsp": [1.606987810134683, 0.1531003758033771, 0.01], "k_pid_vsp": [110.56511661686339, 130.53254854158118, 175.46815409112943]}, "datetime": {"datetime": "2025-08-21 19:30:06", "elapsed": 38723.30584740639, "delta": 24.55959677696228}, "costs": {"total_cost": 1313.5824730083104, "time_cost": 150, "final_distance_cost": 114.55099901737131, "oscillation_cost": 32.86561897544415, "completition_cost": 888.8888888888888, "overshoot_cost": 114.19497853281045, "power_cost": 5.394433142089844, "noise_cost": 7.687554451705756, "n_waypoints_completed": 1, "tot_waypoints": 9}}
{"target": -193.51544209591782, "params": {"k_pid_pos": [1.8922997940790476, 0.024859491386256316, 0.42495672118777295], "k_pid_alt": [1.85112020821355, 0.0, 0.1576465649121419], "k_pid_att": [58.989274729095186, 5.859554809351448, 0.73590781336997], "k_pid_yaw": [0.5, 1e-06, 0.1], "k_pid_hsp": [1.606987810134683, 0.08333843891839088, 0.01], "k_pid_vsp": [110.56511661686339, 130.53254854158118, 1.0]}, "datetime": {"datetime": "2025-08-21 19:30:22", "elapsed": 38739.05625653267, "delta": 15.750409126281738}, "costs": {"total_cost": 193.51544209591782, "time_cost": 70.08, "final_distance_cost": 1.8013155878928249, "oscillation_cost": 42.99465741954887, "completition_cost": 0.0, "overshoot_cost": 50.49425536522367, "power_cost": 15.289326501464844, "noise_cost": 12.855887221787606, "n_waypoints_completed": 9, "tot_waypoints": 9}}
{"target": -258.0267912398729, "params": {"k_pid_pos": [1.9222450990525104, 0.024859491386256316, 0.6250867496839783], "k_pid_alt": [1.1098775236402525, 0.7396824379760043, 0.1576465649121419], "k_pid_att": [25.463483275157817, 1.4953935029224072, 0.9808211468183533], "k_pid_yaw": [0.5, 1e-06, 0.1], "k_pid_hsp": [1.606987810134683, 0.08333843891839088, 0.01], "k_pid_vsp": [110.56511661686339, 130.53254854158118, 1.0]}, "datetime": {"datetime": "2025-08-21 19:30:46", "elapsed": 38762.67160606384, "delta": 23.615349531173706}, "costs": {"total_cost": 258.0267912398729, "time_cost": 95.72800000000001, "final_distance_cost": 1.7839923969799372, "oscillation_cost": 55.290634216333785, "completition_cost": 0.0, "overshoot_cost": 64.51242848561375, "power_cost": 23.255597082519532, "noise_cost": 17.45613905842589, "n_waypoints_completed": 9, "tot_waypoints": 9}}
{"target": -186.74377511265692, "params": {"k_pid_pos": [1.2291269948485064, 0.024859491386256316, 0.6250867496839783], "k_pid_alt": [1.1098775236402525, 0.0, 0.1576465649121419], "k_pid_att": [10.85276784655954, 1.4953935029224072, 0.73590781336997], "k_pid_yaw": [0.5, 1e-06, 0.1], "k_pid_hsp": [1.606987810134683, 0.1531003758033771, 0.01], "k_pid_vsp": [131.157380286128, 59.083466427248936, 1.0]}, "datetime": {"datetime": "2025-08-21 19:31:03", "elapsed": 38779.570231199265, "delta": 16.898625135421753}, "costs": {"total_cost": 186.74377511265692, "time_cost": 72.16, "final_distance_cost": 1.8523624782006065, "oscillation_cost": 39.7461367509391, "completition_cost": 0.0, "overshoot_cost": 49.718077605592455, "power_cost": 11.704866577148438, "noise_cost": 11.562331700776326, "n_waypoints_completed": 9, "tot_waypoints": 9}}
{"target": -187.50183446049795, "params": {"k_pid_pos": [1.4200659215445044, 0.024859491386256316, 0.6250867496839783], "k_pid_alt": [1.2072933116153153, 0.0, 0.1576465649121419], "k_pid_att": [44.28116398441722, 1.4953935029224072, 0.73590781336997], "k_pid_yaw": [0.5, 1e-06, 0.1], "k_pid_hsp": [1.606987810134683, 0.08333843891839088, 0.01], "k_pid_vsp": [110.56511661686339, 130.53254854158118, 1.0]}, "datetime": {"datetime": "2025-08-21 19:31:20", "elapsed": 38796.460968494415, "delta": 16.890737295150757}, "costs": {"total_cost": 187.50183446049795, "time_cost": 70.696, "final_distance_cost": 1.838286938279591, "oscillation_cost": 40.24977769879559, "completition_cost": 0.0, "overshoot_cost": 50.055074409679655, "power_cost": 12.70692332763672, "noise_cost": 11.95577208610639, "n_waypoints_completed": 9, "tot_waypoints": 9}}
{"target": -199.59622312898455, "params": {"k_pid_pos": [1.8922997940790476, 0.024859491386256316, 0.980998060339783], "k_pid_alt": [1.85112020821355, 0.3132955326099772, 0.1576465649121419], "k_pid_att": [25.06356558820614, 3.5472224105736805, 0.73590781336997], "k_pid_yaw": [0.5, 1e-06, 0.1], "k_pid_hsp": [1.606987810134683, 0.08333843891839088, 0.01], "k_pid_vsp": [110.56511661686339, 130.53254854158118, 1.0]}, "datetime": {"datetime": "2025-08-21 19:31:38", "elapsed": 38814.88953304291, "delta": 18.42856454849243}, "costs": {"total_cost": 199.59622312898455, "time_cost": 79.128, "final_distance_cost": 1.8083811168527355, "oscillation_cost": 46.937179280482574, "completition_cost": 0.0, "overshoot_cost": 50.37055920547147, "power_cost": 10.727103173828125, "noise_cost": 10.625000352349659, "n_waypoints_completed": 9, "tot_waypoints": 9}}
{"target": -183.71024151544697, "params": {"k_pid_pos": [1.8922997940790476, 0.024859491386256316, 0.42495672118777295], "k_pid_alt": [1.85112020821355, 0.0, 0.1576465649121419], "k_pid_att": [58.989274729095186, 5.859554809351448, 0.9808211468183533], "k_pid_yaw": [0.5, 1e-06, 0.1], "k_pid_hsp": [1.606987810134683, 0.39251787301599905, 0.01], "k_pid_vsp": [86.62925229669689, 130.53254854158118, 1.0]}, "datetime": {"datetime": "2025-08-21 19:31:56", "elapsed": 38832.67061543465, "delta": 17.78108239173889}, "costs": {"total_cost": 183.71024151544697, "time_cost": 67.888, "final_distance_cost": 1.8250917499741333, "oscillation_cost": 44.28356721968356, "completition_cost": 0.0, "overshoot_cost": 49.66003333979521, "power_cost": 10.076441931152344, "noise_cost": 9.977107274841707, "n_waypoints_completed": 9, "tot_waypoints": 9}}
{"target": -355.84182440055355, "params": {"k_pid_pos": [1.8922997940790476, 0.3070634710282163, 0.6250867496839783], "k_pid_alt": [1.1098775236402525, 0.0, 0.1576465649121419], "k_pid_att": [58.989274729095186, 5.859554809351448, 0.8612643910736462], "k_pid_yaw": [0.5, 1e-06, 0.1], "k_pid_hsp": [5.102248909689673, 0.3912790898693519, 0.8371457900595851], "k_pid_vsp": [110.56511661686339, 59.083466427248936, 1.0]}, "datetime": {"datetime": "2025-08-21 19:32:14", "elapsed": 38850.88624167442, "delta": 18.21562623977661}, "costs": {"total_cost": 355.84182440055355, "time_cost": 80.72, "final_distance_cost": 1.7791556677579428, "oscillation_cost": 184.7436634031161, "completition_cost": 0.0, "overshoot_cost": 52.10113763436876, "power_cost": 20.11196669921875, "noise_cost": 16.385900996092065, "n_waypoints_completed": 9, "tot_waypoints": 9}}
{"target": -184.33969835226443, "params": {"k_pid_pos": [1.8922997940790476, 0.024859491386256316, 0.6250867496839783], "k_pid_alt": [1.1098775236402525, 0.0, 0.1576465649121419], "k_pid_att": [10.85276784655954, 4.784613430283875, 0.73590781336997], "k_pid_yaw": [0.5, 1e-06, 0.1], "k_pid_hsp": [1.606987810134683, 0.523382906365087, 0.01], "k_pid_vsp": [131.157380286128, 130.53254854158118, 1.0]}, "datetime": {"datetime": "2025-08-21 19:32:31", "elapsed": 38868.094999074936, "delta": 17.208757400512695}, "costs": {"total_cost": 184.33969835226443, "time_cost": 68.656, "final_distance_cost": 1.8154653808748642, "oscillation_cost": 44.594866755176234, "completition_cost": 0.0, "overshoot_cost": 49.117654656034986, "power_cost": 10.112493579101564, "noise_cost": 10.043217981076753, "n_waypoints_completed": 9, "tot_waypoints": 9}}
{"target": -192.10236017453548, "params": {"k_pid_pos": [1.8922997940790476, 0.024859491386256316, 0.42495672118777295], "k_pid_alt": [1.1098775236402525, 0.0, 0.1576465649121419], "k_pid_att": [70.32367692400724, 1.4953935029224072, 0.9808211468183533], "k_pid_yaw": [0.5, 1e-06, 0.1], "k_pid_hsp": [1.606987810134683, 0.6903644518542994, 0.01], "k_pid_vsp": [110.56511661686339, 130.53254854158118, 1.0]}, "datetime": {"datetime": "2025-08-21 19:32:48", "elapsed": 38884.64471054077, "delta": 16.54971146583557}, "costs": {"total_cost": 192.10236017453548, "time_cost": 69.19200000000001, "final_distance_cost": 1.7969851367569816, "oscillation_cost": 47.13709632039607, "completition_cost": 0.0, "overshoot_cost": 49.83454725614668, "power_cost": 12.694257458496095, "noise_cost": 11.447474002739648, "n_waypoints_completed": 9, "tot_waypoints": 9}}
{"target": -180.76426111437132, "params": {"k_pid_pos": [1.8922997940790476, 0.0822904257601288, 0.6250867496839783], "k_pid_alt": [1.9160597436741602, 0.0, 0.1576465649121419], "k_pid_att": [58.989274729095186, 5.859554809351448, 0.73590781336997], "k_pid_yaw": [0.5, 1e-06, 0.1], "k_pid_hsp": [1.606987810134683, 0.08333843891839088, 0.01], "k_pid_vsp": [291.03214645110495, 130.53254854158118, 1.0]}, "datetime": {"datetime": "2025-08-21 19:33:03", "elapsed": 38900.10235500336, "delta": 15.45764446258545}, "costs": {"total_cost": 180.76426111437132, "time_cost": 68.176, "final_distance_cost": 1.8167248282257265, "oscillation_cost": 39.80289468996139, "completition_cost": 0.0, "overshoot_cost": 49.80937732948657, "power_cost": 10.486665612792969, "noise_cost": 10.672598653904647, "n_waypoints_completed": 9, "tot_waypoints": 9}}
{"target": -1365.1325189846812, "params": {"k_pid_pos": [0.037296874224611296, 0.024859491386256316, 0.6250867496839783], "k_pid_alt": [1.1098775236402525, 0.0, 0.6137735415975708], "k_pid_att": [25.463483275157817, 7.389614396826664, 0.5197892172528623], "k_pid_yaw": [0.5, 1e-06, 0.1], "k_pid_hsp": [7.6165916525026764, 0.08333843891839088, 0.01], "k_pid_vsp": [110.56511661686339, 130.53254854158118, 1.0]}, "datetime": {"datetime": "2025-08-21 19:33:28", "elapsed": 38925.11772561073, "delta": 25.0153706073761}, "costs": {"total_cost": 1365.1325189846812, "time_cost": 150, "final_distance_cost": 62.3922120366444, "oscillation_cost": 181.44345163244924, "completition_cost": 888.8888888888888, "overshoot_cost": 58.14606135391164, "power_cost": 12.081630322265626, "noise_cost": 12.180274750521383, "n_waypoints_completed": 1, "tot_waypoints": 9}}
{"target": -400.0489998392734, "params": {"k_pid_pos": [1.8922997940790476, 0.09608651881807295, 0.42495672118777295], "k_pid_alt": [1.1098775236402525, 0.0, 0.1576465649121419], "k_pid_att": [25.463483275157817, 1.4953935029224072, 0.332604625203343], "k_pid_yaw": [0.5, 1e-06, 0.1], "k_pid_hsp": [1.606987810134683, 0.9682737338557164, 0.8226265404506604], "k_pid_vsp": [110.56511661686339, 130.53254854158118, 1.0]}, "datetime": {"datetime": "2025-08-21 19:33:49", "elapsed": 38946.06745123863, "delta": 20.94972562789917}, "costs": {"total_cost": 400.0489998392734, "time_cost": 91.024, "final_distance_cost": 1.754808919280894, "oscillation_cost": 206.4228785483335, "completition_cost": 0.0, "overshoot_cost": 60.647457230686825, "power_cost": 22.602193383789064, "noise_cost": 17.59766175718307, "n_waypoints_completed": 9, "tot_waypoints": 9}}
{"target": -420.74144795492924, "params": {"k_pid_pos": [0.7525203546561593, 0.024859491386256316, 0.6250867496839783], "k_pid_alt": [1.1098775236402525, 0.0, 0.2058926762241634], "k_pid_att": [50.917657588734414, 0.92936502564455, 0.73590781336997], "k_pid_yaw": [0.5, 1e-06, 0.1], "k_pid_hsp": [2.4749177782347553, 0.08333843891839088, 0.8105938006018973], "k_pid_vsp": [110.56511661686339, 130.53254854158118, 1.0]}, "datetime": {"datetime": "2025-08-21 19:34:10", "elapsed": 38966.789808511734, "delta": 20.722357273101807}, "costs": {"total_cost": 420.74144795492924, "time_cost": 90.21600000000001, "final_distance_cost": 1.79082981956616, "oscillation_cost": 236.25974205432968, "completition_cost": 0.0, "overshoot_cost": 52.72348109363714, "power_cost": 22.702620776367187, "noise_cost": 17.048774211029095, "n_waypoints_completed": 9, "tot_waypoints": 9}}
{"target": -185.99207943186627, "params": {"k_pid_pos": [1.8922997940790476, 0.0822904257601288, 0.6250867496839783], "k_pid_alt": [1.9160597436741602, 0.0, 0.1576465649121419], "k_pid_att": [58.989274729095186, 5.859554809351448, 0.9808211468183533], "k_pid_yaw": [0.5, 1e-06, 0.1], "k_pid_hsp": [1.606987810134683, 0.08333843891839088, 0.01], "k_pid_vsp": [110.56511661686339, 130.53254854158118, 1.0]}, "datetime": {"datetime": "2025-08-21 19:34:26", "elapsed": 38983.136959314346, "delta": 16.347150802612305}, "costs": {"total_cost": 185.99207943186627, "time_cost": 69.288, "final_distance_cost": 1.8052365541130995, "oscillation_cost": 37.381508561460926, "completition_cost": 0.0, "overshoot_cost": 50.360605978668644, "power_cost": 14.653817565917969, "noise_cost": 12.502910771705631, "n_waypoints_completed": 9, "tot_waypoints": 9}}
{"target": -187.60000518882845, "params": {"k_pid_pos": [1.8922997940790476, 0.024859491386256316, 0.42495672118777295], "k_pid_alt": [1.85112020821355, 0.0, 0.7248340866032845], "k_pid_att": [25.06356558820614, 7.347914484943822, 0.73590781336997], "k_pid_yaw": [0.5, 1e-06, 0.1], "k_pid_hsp": [1.606987810134683, 0.08333843891839088, 0.01], "k_pid_vsp": [152.1284020564883, 310.3723599325286, 1.0]}, "datetime": {"datetime": "2025-08-21 19:34:42", "elapsed": 38999.27563261986, "delta": 16.138673305511475}, "costs": {"total_cost": 187.60000518882845, "time_cost": 68.688, "final_distance_cost": 1.820154882156495, "oscillation_cost": 42.475305887425996, "completition_cost": 0.0, "overshoot_cost": 49.91374955971539, "power_cost": 13.118464758300782, "noise_cost": 11.584330101229764, "n_waypoints_completed": 9, "tot_waypoints": 9}}
{"target": -186.97595037002475, "params": {"k_pid_pos": [1.8922997940790476, 0.024859491386256316, 0.6250867496839783], "k_pid_alt": [1.1098775236402525, 0.0, 0.1576465649121419], "k_pid_att": [25.463483275157817, 1.4953935029224072, 0.73590781336997], "k_pid_yaw": [0.5, 1e-06, 0.1], "k_pid_hsp": [1.606987810134683, 0.08333843891839088, 0.01], "k_pid_vsp": [110.56511661686339, 130.53254854158118, 1.0]}, "datetime": {"datetime": "2025-08-21 19:34:58", "elapsed": 39014.600823163986, "delta": 15.325190544128418}, "costs": {"total_cost": 186.97595037002475, "time_cost": 69.504, "final_distance_cost": 1.8073019171698754, "oscillation_cost": 39.36566865732038, "completition_cost": 0.0, "overshoot_cost": 50.138871111007916, "power_cost": 14.005416540527344, "noise_cost": 12.154692143999238, "n_waypoints_completed": 9, "tot_waypoints": 9}}
{"target": -187.15418883590425, "params": {"k_pid_pos": [1.8922997940790476, 0.0822904257601288, 0.6250867496839783], "k_pid_alt": [1.9160597436741602, 0.0, 0.1576465649121419], "k_pid_att": [58.989274729095186, 5.859554809351448, 0.73590781336997], "k_pid_yaw": [0.5, 1e-06, 0.1], "k_pid_hsp": [1.606987810134683, 0.08333843891839088, 0.01], "k_pid_vsp": [291.03214645110495, 130.53254854158118, 1.0]}, "datetime": {"datetime": "2025-08-21 19:35:15", "elapsed": 39032.000631809235, "delta": 17.399808645248413}, "costs": {"total_cost": 187.15418883590425, "time_cost": 69.224, "final_distance_cost": 1.8105098677986475, "oscillation_cost": 39.004513094938716, "completition_cost": 0.0, "overshoot_cost": 50.81309419026714, "power_cost": 14.027184838867187, "noise_cost": 12.274886844032569, "n_waypoints_completed": 9, "tot_waypoints": 9}}
