{"target": -183.0762654220929, "params": {"k_pid_pos": [1.8922997940790476, 0.024859491386256316, 0.6250867496839783], "k_pid_alt": [1.6319753356852484, 0.0, 0.1576465649121419], "k_pid_att": [58.989274729095186, 5.859554809351448, 0.73590781336997], "k_pid_yaw": [0.5, 1e-06, 0.1], "k_pid_hsp": [1.606987810134683, 0.1531003758033771, 0.01], "k_pid_vsp": [110.56511661686339, 59.083466427248936, 1.0]}, "datetime": {"datetime": "2025-08-21 17:23:07", "elapsed": 31104.05565547943, "delta": 15.940625429153442}, "costs": {"total_cost": 183.0762654220929, "time_cost": 68.744, "final_distance_cost": 1.8335574625756035, "oscillation_cost": 40.19091500367219, "completition_cost": 0.0, "overshoot_cost": 50.01526629626572, "power_cost": 11.384761865234376, "noise_cost": 10.907764794345013, "n_waypoints_completed": 9, "tot_waypoints": 9}}
{"target": -191.14771976499847, "params": {"k_pid_pos": [1.8034346552870686, 0.08087462101852438, 0.6250867496839783], "k_pid_alt": [1.1098775236402525, 0.0, 0.23086984934879706], "k_pid_att": [58.989274729095186, 7.284845820832624, 0.3529475069797985], "k_pid_yaw": [0.5, 1e-06, 0.1], "k_pid_hsp": [1.606987810134683, 0.1531003758033771, 0.01], "k_pid_vsp": [110.56511661686339, 289.9420907665546, 16.252805564631274]}, "datetime": {"datetime": "2025-08-21 17:23:24", "elapsed": 31121.187107801437, "delta": 17.131452322006226}, "costs": {"total_cost": 191.14771976499847, "time_cost": 69.352, "final_distance_cost": 1.8285570204186643, "oscillation_cost": 47.95738678507378, "completition_cost": 0.0, "overshoot_cost": 49.336511062792, "power_cost": 12.282578137207032, "noise_cost": 10.390686759506996, "n_waypoints_completed": 9, "tot_waypoints": 9}}
{"target": -183.03905361773633, "params": {"k_pid_pos": [1.8922997940790476, 0.024859491386256316, 0.6250867496839783], "k_pid_alt": [1.6319753356852484, 0.0, 0.1576465649121419], "k_pid_att": [92.532430894659, 3.2931611945007657, 0.73590781336997], "k_pid_yaw": [0.5, 1e-06, 0.1], "k_pid_hsp": [1.606987810134683, 0.30538356757589824, 0.01], "k_pid_vsp": [110.56511661686339, 59.083466427248936, 1.0]}, "datetime": {"datetime": "2025-08-21 17:23:41", "elapsed": 31137.746184825897, "delta": 16.55907702445984}, "costs": {"total_cost": 183.03905361773633, "time_cost": 68.384, "final_distance_cost": 1.8242155133659144, "oscillation_cost": 43.20485253774725, "completition_cost": 0.0, "overshoot_cost": 49.59015464205192, "power_cost": 9.873655017089844, "noise_cost": 10.162175907481402, "n_waypoints_completed": 9, "tot_waypoints": 9}}
{"target": -204.23504069898246, "params": {"k_pid_pos": [0.9943435690872942, 0.024859491386256316, 0.5451532445046304], "k_pid_alt": [1.6319753356852484, 0.0, 0.1576465649121419], "k_pid_att": [92.532430894659, 3.2931611945007657, 0.73590781336997], "k_pid_yaw": [0.5, 1e-06, 0.1], "k_pid_hsp": [1.606987810134683, 0.30538356757589824, 0.01], "k_pid_vsp": [110.56511661686339, 59.083466427248936, 1.0]}, "datetime": {"datetime": "2025-08-21 17:23:59", "elapsed": 31155.563471078873, "delta": 17.817286252975464}, "costs": {"total_cost": 204.23504069898246, "time_cost": 75.92, "final_distance_cost": 1.8453598249750371, "oscillation_cost": 45.27267326229269, "completition_cost": 0.0, "overshoot_cost": 50.68146444468383, "power_cost": 16.172358532714846, "noise_cost": 14.343184634316057, "n_waypoints_completed": 9, "tot_waypoints": 9}}
{"target": -187.41623445869283, "params": {"k_pid_pos": [1.8922997940790476, 0.024859491386256316, 0.6250867496839783], "k_pid_alt": [1.6319753356852484, 0.0, 0.15791560522360282], "k_pid_att": [58.989274729095186, 1.3487538446628486, 0.73590781336997], "k_pid_yaw": [0.5, 1e-06, 0.1], "k_pid_hsp": [1.606987810134683, 0.1531003758033771, 0.01], "k_pid_vsp": [110.56511661686339, 59.083466427248936, 1.0]}, "datetime": {"datetime": "2025-08-21 17:24:16", "elapsed": 31172.99774003029, "delta": 17.434268951416016}, "costs": {"total_cost": 187.41623445869283, "time_cost": 69.264, "final_distance_cost": 1.830324633294607, "oscillation_cost": 38.94421595388217, "completition_cost": 0.0, "overshoot_cost": 50.93802308404575, "power_cost": 14.224627746582032, "noise_cost": 12.215043040888247, "n_waypoints_completed": 9, "tot_waypoints": 9}}
{"target": -191.2763520192679, "params": {"k_pid_pos": [1.8922997940790476, 0.024859491386256316, 0.6250867496839783], "k_pid_alt": [1.6319753356852484, 0.0, 0.1576465649121419], "k_pid_att": [58.989274729095186, 7.262158112886176, 0.1273844557339736], "k_pid_yaw": [0.5, 1e-06, 0.1], "k_pid_hsp": [1.606987810134683, 0.3095743154041969, 0.01], "k_pid_vsp": [110.56511661686339, 6.65134314787687, 1.0]}, "datetime": {"datetime": "2025-08-21 17:24:32", "elapsed": 31188.860733747482, "delta": 15.862993717193604}, "costs": {"total_cost": 191.2763520192679, "time_cost": 69.83200000000001, "final_distance_cost": 1.8283575638725023, "oscillation_cost": 46.172418183096454, "completition_cost": 0.0, "overshoot_cost": 50.84246703775952, "power_cost": 11.533867907714844, "noise_cost": 11.067241326824576, "n_waypoints_completed": 9, "tot_waypoints": 9}}
{"target": -184.33793302158725, "params": {"k_pid_pos": [1.8922997940790476, 0.024859491386256316, 0.6250867496839783], "k_pid_alt": [1.6319753356852484, 0.0, 0.1576465649121419], "k_pid_att": [58.989274729095186, 7.262158112886176, 0.73590781336997], "k_pid_yaw": [0.5, 1e-06, 0.1], "k_pid_hsp": [1.606987810134683, 0.3095743154041969, 0.01], "k_pid_vsp": [110.56511661686339, 6.65134314787687, 1.0]}, "datetime": {"datetime": "2025-08-21 17:24:49", "elapsed": 31206.161190748215, "delta": 17.300457000732422}, "costs": {"total_cost": 184.33793302158725, "time_cost": 69.736, "final_distance_cost": 1.8201227945573575, "oscillation_cost": 41.717775649072024, "completition_cost": 0.0, "overshoot_cost": 50.6818465720358, "power_cost": 10.017244885253907, "noise_cost": 10.364943120668121, "n_waypoints_completed": 9, "tot_waypoints": 9}}
{"target": -186.25688078795542, "params": {"k_pid_pos": [1.8034346552870686, 0.08087462101852438, 0.6250867496839783], "k_pid_alt": [1.1098775236402525, 0.0, 0.1576465649121419], "k_pid_att": [11.329609997636037, 6.043751783864618, 0.73590781336997], "k_pid_yaw": [0.5, 1e-06, 0.1], "k_pid_hsp": [1.606987810134683, 0.6045192319021863, 0.01], "k_pid_vsp": [264.57255645423925, 48.06763425672753, 1.0]}, "datetime": {"datetime": "2025-08-21 17:25:05", "elapsed": 31221.67741703987, "delta": 15.516226291656494}, "costs": {"total_cost": 186.25688078795542, "time_cost": 69.28, "final_distance_cost": 1.8288010366068146, "oscillation_cost": 46.258530594581906, "completition_cost": 0.0, "overshoot_cost": 49.2305437404003, "power_cost": 9.751827807617188, "noise_cost": 9.907177608749212, "n_waypoints_completed": 9, "tot_waypoints": 9}}
{"target": -211.64266957942922, "params": {"k_pid_pos": [1.7041340386651447, 0.024859491386256316, 0.3434561031905483], "k_pid_alt": [1.7655434176925564, 0.8410147302395798, 0.36236040329893415], "k_pid_att": [16.70788068270076, 5.859554809351448, 0.73590781336997], "k_pid_yaw": [0.5, 1e-06, 0.1], "k_pid_hsp": [6.437608030649435, 0.1531003758033771, 0.01], "k_pid_vsp": [110.56511661686339, 59.083466427248936, 1.0]}, "datetime": {"datetime": "2025-08-21 17:25:23", "elapsed": 31239.87549185753, "delta": 18.19807481765747}, "costs": {"total_cost": 211.64266957942922, "time_cost": 76.424, "final_distance_cost": 1.7526023477701138, "oscillation_cost": 56.76706170614146, "completition_cost": 0.0, "overshoot_cost": 51.3749620044623, "power_cost": 13.481974133300781, "noise_cost": 11.842069387754576, "n_waypoints_completed": 9, "tot_waypoints": 9}}
{"target": -184.89956563601288, "params": {"k_pid_pos": [1.7041340386651447, 0.024859491386256316, 0.3434561031905483], "k_pid_alt": [1.6319753356852484, 0.0, 0.15791560522360282], "k_pid_att": [58.989274729095186, 7.284845820832624, 0.73590781336997], "k_pid_yaw": [0.5, 1e-06, 0.1], "k_pid_hsp": [1.606987810134683, 0.1531003758033771, 0.01], "k_pid_vsp": [110.56511661686339, 59.083466427248936, 1.0]}, "datetime": {"datetime": "2025-08-21 17:25:39", "elapsed": 31256.054675340652, "delta": 16.17918348312378}, "costs": {"total_cost": 184.89956563601288, "time_cost": 68.656, "final_distance_cost": 1.8190767437419992, "oscillation_cost": 39.71152849524175, "completition_cost": 0.0, "overshoot_cost": 49.74536763380414, "power_cost": 13.131944079589845, "noise_cost": 11.835648683635124, "n_waypoints_completed": 9, "tot_waypoints": 9}}
{"target": -189.83661459056052, "params": {"k_pid_pos": [1.8922997940790476, 0.024859491386256316, 0.6250867496839783], "k_pid_alt": [1.6319753356852484, 0.0, 0.1576465649121419], "k_pid_att": [58.989274729095186, 7.262158112886176, 0.20229419379053937], "k_pid_yaw": [0.5, 1e-06, 0.1], "k_pid_hsp": [1.606987810134683, 0.23222683524705579, 0.01], "k_pid_vsp": [110.56511661686339, 59.083466427248936, 1.0]}, "datetime": {"datetime": "2025-08-21 17:25:55", "elapsed": 31272.025185585022, "delta": 15.970510244369507}, "costs": {"total_cost": 189.83661459056052, "time_cost": 68.464, "final_distance_cost": 1.8239251602082762, "oscillation_cost": 49.36253972589948, "completition_cost": 0.0, "overshoot_cost": 49.95488823164251, "power_cost": 10.068198986816407, "noise_cost": 10.163062485993846, "n_waypoints_completed": 9, "tot_waypoints": 9}}
{"target": -201.48231541364905, "params": {"k_pid_pos": [1.8034346552870686, 0.6483051007679832, 0.6250867496839783], "k_pid_alt": [1.6319753356852484, 0.0, 0.1576465649121419], "k_pid_att": [58.989274729095186, 5.859554809351448, 0.73590781336997], "k_pid_yaw": [0.5, 1e-06, 0.1], "k_pid_hsp": [1.606987810134683, 0.1531003758033771, 0.01], "k_pid_vsp": [110.56511661686339, 59.083466427248936, 1.0]}, "datetime": {"datetime": "2025-08-21 17:26:15", "elapsed": 31291.633825540543, "delta": 19.60863995552063}, "costs": {"total_cost": 201.48231541364905, "time_cost": 80.672, "final_distance_cost": 1.7315167119167043, "oscillation_cost": 50.745792098205506, "completition_cost": 0.0, "overshoot_cost": 50.99248180795612, "power_cost": 7.9918562622070315, "noise_cost": 9.348668533363695, "n_waypoints_completed": 9, "tot_waypoints": 9}}
{"target": -183.69579799488216, "params": {"k_pid_pos": [1.8034346552870686, 0.08087462101852438, 0.6250867496839783], "k_pid_alt": [1.6319753356852484, 0.0, 0.1576465649121419], "k_pid_att": [58.989274729095186, 5.859554809351448, 0.73590781336997], "k_pid_yaw": [0.5, 1e-06, 0.1], "k_pid_hsp": [1.606987810134683, 0.1531003758033771, 0.01], "k_pid_vsp": [110.56511661686339, 59.083466427248936, 1.0]}, "datetime": {"datetime": "2025-08-21 17:26:30", "elapsed": 31307.26108622551, "delta": 15.627260684967041}, "costs": {"total_cost": 183.69579799488216, "time_cost": 68.696, "final_distance_cost": 1.818301474795792, "oscillation_cost": 40.14452036478508, "completition_cost": 0.0, "overshoot_cost": 49.96607302343736, "power_cost": 11.781279003906251, "noise_cost": 11.289624127957655, "n_waypoints_completed": 9, "tot_waypoints": 9}}
{"target": -193.01355096888074, "params": {"k_pid_pos": [1.8034346552870686, 0.08087462101852438, 0.6250867496839783], "k_pid_alt": [1.6319753356852484, 0.0, 0.1576465649121419], "k_pid_att": [58.989274729095186, 5.859554809351448, 0.73590781336997], "k_pid_yaw": [0.5, 1e-06, 0.1], "k_pid_hsp": [1.606987810134683, 0.1531003758033771, 0.01], "k_pid_vsp": [110.56511661686339, 358.1213955104046, 1.0]}, "datetime": {"datetime": "2025-08-21 17:26:47", "elapsed": 31324.22623705864, "delta": 16.965150833129883}, "costs": {"total_cost": 193.01355096888074, "time_cost": 70.44800000000001, "final_distance_cost": 1.8355514691701815, "oscillation_cost": 45.144070735619266, "completition_cost": 0.0, "overshoot_cost": 50.285878074253205, "power_cost": 13.565635559082033, "noise_cost": 11.734415130756041, "n_waypoints_completed": 9, "tot_waypoints": 9}}
{"target": -187.56235545254555, "params": {"k_pid_pos": [1.8922997940790476, 0.024859491386256316, 0.6250867496839783], "k_pid_alt": [1.6319753356852484, 0.0, 0.1576465649121419], "k_pid_att": [92.532430894659, 3.2931611945007657, 0.73590781336997], "k_pid_yaw": [0.5, 1e-06, 0.1], "k_pid_hsp": [1.606987810134683, 0.1531003758033771, 0.01], "k_pid_vsp": [110.56511661686339, 59.083466427248936, 1.0]}, "datetime": {"datetime": "2025-08-21 17:27:03", "elapsed": 31339.82066011429, "delta": 15.594423055648804}, "costs": {"total_cost": 187.56235545254555, "time_cost": 69.232, "final_distance_cost": 1.825518304115783, "oscillation_cost": 38.82880890081477, "completition_cost": 0.0, "overshoot_cost": 50.78166761142069, "power_cost": 14.411423596191407, "noise_cost": 12.48293704000291, "n_waypoints_completed": 9, "tot_waypoints": 9}}
{"target": -583.4893471752953, "params": {"k_pid_pos": [1.8922997940790476, 0.024859491386256316, 0.6250867496839783], "k_pid_alt": [1.6319753356852484, 0.0, 0.1576465649121419], "k_pid_att": [92.532430894659, 3.2931611945007657, 0.73590781336997], "k_pid_yaw": [0.5, 1e-06, 0.1], "k_pid_hsp": [1.606987810134683, 0.30538356757589824, 0.01], "k_pid_vsp": [110.56511661686339, 204.07655940128305, 155.9321020013186]}, "datetime": {"datetime": "2025-08-21 17:27:26", "elapsed": 31363.377872228622, "delta": 23.557212114334106}, "costs": {"total_cost": 583.4893471752953, "time_cost": 150, "final_distance_cost": 69.65165286534197, "oscillation_cost": 61.646378158888105, "completition_cost": 222.2222222222222, "overshoot_cost": 54.67951782509238, "power_cost": 13.706521752929689, "noise_cost": 11.583054350820934, "n_waypoints_completed": 7, "tot_waypoints": 9}}
{"target": -186.36081982528745, "params": {"k_pid_pos": [1.8922997940790476, 0.024859491386256316, 0.6250867496839783], "k_pid_alt": [1.6319753356852484, 0.0, 0.1576465649121419], "k_pid_att": [28.19473841193917, 3.2931611945007657, 0.8466505764833102], "k_pid_yaw": [0.5, 1e-06, 0.1], "k_pid_hsp": [1.606987810134683, 0.30538356757589824, 0.01], "k_pid_vsp": [110.56511661686339, 59.083466427248936, 1.0]}, "datetime": {"datetime": "2025-08-21 17:27:43", "elapsed": 31379.876828432083, "delta": 16.498956203460693}, "costs": {"total_cost": 186.36081982528745, "time_cost": 68.328, "final_distance_cost": 1.8337763080616336, "oscillation_cost": 41.54194620084752, "completition_cost": 0.0, "overshoot_cost": 49.571340206259336, "power_cost": 13.260758203125, "noise_cost": 11.82499890699399, "n_waypoints_completed": 9, "tot_waypoints": 9}}
{"target": -195.48614816158823, "params": {"k_pid_pos": [1.8922997940790476, 0.024859491386256316, 0.6250867496839783], "k_pid_alt": [1.6319753356852484, 0.0, 0.1576465649121419], "k_pid_att": [92.532430894659, 3.2931611945007657, 0.73590781336997], "k_pid_yaw": [0.5, 1e-06, 0.1], "k_pid_hsp": [1.606987810134683, 0.30538356757589824, 0.01], "k_pid_vsp": [110.56511661686339, 269.5271781685674, 1.0]}, "datetime": {"datetime": "2025-08-21 17:27:59", "elapsed": 31395.766054153442, "delta": 15.889225721359253}, "costs": {"total_cost": 195.48614816158823, "time_cost": 70.248, "final_distance_cost": 1.838717758393968, "oscillation_cost": 46.48074878931409, "completition_cost": 0.0, "overshoot_cost": 50.35899218966958, "power_cost": 14.280893237304689, "noise_cost": 12.278796186905906, "n_waypoints_completed": 9, "tot_waypoints": 9}}
{"target": -186.40528303804956, "params": {"k_pid_pos": [1.8922997940790476, 0.024859491386256316, 0.1802133514710682], "k_pid_alt": [1.6319753356852484, 0.0, 0.1576465649121419], "k_pid_att": [58.989274729095186, 5.859554809351448, 0.73590781336997], "k_pid_yaw": [0.5, 1e-06, 0.1], "k_pid_hsp": [1.606987810134683, 0.1531003758033771, 0.01], "k_pid_vsp": [110.56511661686339, 240.3593476710196, 1.0]}, "datetime": {"datetime": "2025-08-21 17:28:16", "elapsed": 31412.772990942, "delta": 17.00693678855896}, "costs": {"total_cost": 186.40528303804956, "time_cost": 68.632, "final_distance_cost": 1.7977691842776717, "oscillation_cost": 42.51281160827928, "completition_cost": 0.0, "overshoot_cost": 50.170458729448754, "power_cost": 12.328278356933595, "noise_cost": 10.963965159110288, "n_waypoints_completed": 9, "tot_waypoints": 9}}
{"target": -207.72918267303092, "params": {"k_pid_pos": [1.8034346552870686, 0.08087462101852438, 0.6250867496839783], "k_pid_alt": [1.1098775236402525, 0.155336063473134, 0.1576465649121419], "k_pid_att": [11.329609997636037, 7.284845820832624, 0.1640762053479683], "k_pid_yaw": [0.5, 1e-06, 0.1], "k_pid_hsp": [1.606987810134683, 0.1531003758033771, 0.01], "k_pid_vsp": [182.43953563434863, 59.083466427248936, 1.0]}, "datetime": {"datetime": "2025-08-21 17:28:35", "elapsed": 31432.35701227188, "delta": 19.58402132987976}, "costs": {"total_cost": 207.72918267303092, "time_cost": 81.184, "final_distance_cost": 1.7988564766686004, "oscillation_cost": 56.08516144129457, "completition_cost": 0.0, "overshoot_cost": 50.59774062795031, "power_cost": 8.646926428222656, "noise_cost": 9.416497698894783, "n_waypoints_completed": 9, "tot_waypoints": 9}}
{"target": -189.1791689720157, "params": {"k_pid_pos": [1.8034346552870686, 0.08087462101852438, 0.6250867496839783], "k_pid_alt": [1.1098775236402525, 0.0, 0.1576465649121419], "k_pid_att": [58.989274729095186, 6.043751783864618, 0.73590781336997], "k_pid_yaw": [0.5, 1e-06, 0.1], "k_pid_hsp": [1.606987810134683, 0.8913970061319592, 0.01], "k_pid_vsp": [110.56511661686339, 59.083466427248936, 1.0]}, "datetime": {"datetime": "2025-08-21 17:28:51", "elapsed": 31447.99570941925, "delta": 15.638697147369385}, "costs": {"total_cost": 189.1791689720157, "time_cost": 69.032, "final_distance_cost": 1.8341462706628349, "oscillation_cost": 47.153089717721514, "completition_cost": 0.0, "overshoot_cost": 49.621187903591334, "power_cost": 10.843336596679688, "noise_cost": 10.695408483360339, "n_waypoints_completed": 9, "tot_waypoints": 9}}
{"target": -206.50192826077497, "params": {"k_pid_pos": [1.8922997940790476, 0.024859491386256316, 0.5922288399539734], "k_pid_alt": [0.6162310025038176, 0.0, 0.1576465649121419], "k_pid_att": [92.532430894659, 3.2931611945007657, 0.12678522794134206], "k_pid_yaw": [0.5, 1e-06, 0.1], "k_pid_hsp": [1.606987810134683, 0.30538356757589824, 0.01], "k_pid_vsp": [110.56511661686339, 59.083466427248936, 1.0]}, "datetime": {"datetime": "2025-08-21 17:29:09", "elapsed": 31465.97545146942, "delta": 17.9797420501709}, "costs": {"total_cost": 206.50192826077497, "time_cost": 74.232, "final_distance_cost": 1.84337212747408, "oscillation_cost": 55.040321058886214, "completition_cost": 0.0, "overshoot_cost": 50.03365077837228, "power_cost": 13.367891796875, "noise_cost": 11.984692499167407, "n_waypoints_completed": 9, "tot_waypoints": 9}}
{"target": -339.98893239018213, "params": {"k_pid_pos": [1.8922997940790476, 0.024859491386256316, 0.6250867496839783], "k_pid_alt": [1.6319753356852484, 0.0, 0.1576465649121419], "k_pid_att": [58.989274729095186, 5.859554809351448, 0.73590781336997], "k_pid_yaw": [0.5, 1e-06, 0.1], "k_pid_hsp": [1.606987810134683, 0.1531003758033771, 0.901129329632614], "k_pid_vsp": [110.56511661686339, 59.083466427248936, 1.0]}, "datetime": {"datetime": "2025-08-21 17:29:27", "elapsed": 31483.78177833557, "delta": 17.806326866149902}, "costs": {"total_cost": 339.98893239018213, "time_cost": 77.44, "final_distance_cost": 1.741956775853525, "oscillation_cost": 173.48676695454972, "completition_cost": 0.0, "overshoot_cost": 53.887254374629684, "power_cost": 18.85749440917969, "noise_cost": 14.575459875969507, "n_waypoints_completed": 9, "tot_waypoints": 9}}
{"target": -212.57041223494983, "params": {"k_pid_pos": [1.8922997940790476, 0.024859491386256316, 0.6250867496839783], "k_pid_alt": [0.4051391666732884, 0.0, 0.15791560522360282], "k_pid_att": [58.989274729095186, 1.3487538446628486, 0.73590781336997], "k_pid_yaw": [0.5, 1e-06, 0.1], "k_pid_hsp": [1.606987810134683, 0.06598244628182415, 0.01], "k_pid_vsp": [110.56511661686339, 59.083466427248936, 1.0]}, "datetime": {"datetime": "2025-08-21 17:29:48", "elapsed": 31504.649285793304, "delta": 20.867507457733154}, "costs": {"total_cost": 212.57041223494983, "time_cost": 87.312, "final_distance_cost": 1.8585503080254104, "oscillation_cost": 50.631572060100765, "completition_cost": 0.0, "overshoot_cost": 49.785070416451234, "power_cost": 11.3243419921875, "noise_cost": 11.658877458184934, "n_waypoints_completed": 9, "tot_waypoints": 9}}
{"target": -186.49063422245746, "params": {"k_pid_pos": [1.8034346552870686, 0.08087462101852438, 0.6250867496839783], "k_pid_alt": [1.411112159818204, 0.0, 0.1576465649121419], "k_pid_att": [58.989274729095186, 7.284845820832624, 0.73590781336997], "k_pid_yaw": [0.5, 1e-06, 0.1], "k_pid_hsp": [1.606987810134683, 0.1531003758033771, 0.01], "k_pid_vsp": [182.43953563434863, 59.083466427248936, 1.0]}, "datetime": {"datetime": "2025-08-21 17:30:05", "elapsed": 31521.929308891296, "delta": 17.280023097991943}, "costs": {"total_cost": 186.49063422245746, "time_cost": 69.512, "final_distance_cost": 1.8128847326603728, "oscillation_cost": 37.70390623543162, "completition_cost": 0.0, "overshoot_cost": 50.89700408055681, "power_cost": 14.048478466796876, "noise_cost": 12.516360707011785, "n_waypoints_completed": 9, "tot_waypoints": 9}}
{"target": -575.466152955487, "params": {"k_pid_pos": [1.8034346552870686, 0.9327672904145493, 0.6250867496839783], "k_pid_alt": [1.6319753356852484, 0.2949238483057658, 0.1576465649121419], "k_pid_att": [92.532430894659, 3.2931611945007657, 0.73590781336997], "k_pid_yaw": [0.5, 1e-06, 0.1], "k_pid_hsp": [1.606987810134683, 0.30538356757589824, 0.01], "k_pid_vsp": [110.56511661686339, 59.083466427248936, 1.0]}, "datetime": {"datetime": "2025-08-21 17:30:28", "elapsed": 31544.503234386444, "delta": 22.573925495147705}, "costs": {"total_cost": 575.466152955487, "time_cost": 150, "final_distance_cost": 65.79358319220502, "oscillation_cost": 59.98388713725832, "completition_cost": 222.2222222222222, "overshoot_cost": 45.82996815481926, "power_cost": 16.89964647216797, "noise_cost": 14.736845776814269, "n_waypoints_completed": 7, "tot_waypoints": 9}}
