{"target": -199.09324949604547, "params": {"k_pid_pos": [1.3885554450422086, 0.4028392441432166, 0.4388587351883817], "k_pid_alt": [1.2679502233621702, 0.0, 0.46972286414476394], "k_pid_att": [33.41589308538913, 7.284845820832624, 0.6426065009168366], "k_pid_yaw": [0.5, 1e-06, 0.1], "k_pid_hsp": [1.0, 0.1531003758033771, 0.01], "k_pid_vsp": [378.2079564087626, 355.21150340299164, 1.0]}, "datetime": {"datetime": "2025-08-21 13:33:25", "elapsed": 17322.34506034851, "delta": 17.835646390914917}, "costs": {"total_cost": 199.09324949604547, "time_cost": 77.536, "final_distance_cost": 1.8148377180865436, "oscillation_cost": 44.120618481435486, "completition_cost": 0.0, "overshoot_cost": 50.24297640682551, "power_cost": 13.232808349609376, "noise_cost": 12.146008540088562, "n_waypoints_completed": 9, "tot_waypoints": 9}}
{"target": -189.19370375944442, "params": {"k_pid_pos": [1.531426011234853, 0.024859491386256316, 0.11401919133455096], "k_pid_alt": [1.0304713630477362, 0.0, 0.06527723447865985], "k_pid_att": [24.0942673894178, 7.284845820832624, 0.8739915892735461], "k_pid_yaw": [0.5, 1e-06, 0.1], "k_pid_hsp": [1.0, 0.1531003758033771, 0.01], "k_pid_vsp": [378.2079564087626, 355.21150340299164, 1.0]}, "datetime": {"datetime": "2025-08-21 13:33:41", "elapsed": 17337.92160797119, "delta": 15.576547622680664}, "costs": {"total_cost": 189.19370375944442, "time_cost": 68.824, "final_distance_cost": 1.77989146365631, "oscillation_cost": 43.40074153813762, "completition_cost": 0.0, "overshoot_cost": 49.84451650852565, "power_cost": 13.67323836669922, "noise_cost": 11.671315882425615, "n_waypoints_completed": 9, "tot_waypoints": 9}}
{"target": -196.30316592354416, "params": {"k_pid_pos": [1.3885554450422086, 0.024859491386256316, 0.15676371154545432], "k_pid_alt": [1.2679502233621702, 0.0, 0.11578642527130634], "k_pid_att": [6.174354700882767, 3.917135097401164, 0.08887128593342086], "k_pid_yaw": [0.5, 1e-06, 0.1], "k_pid_hsp": [1.0, 0.1531003758033771, 0.01], "k_pid_vsp": [378.2079564087626, 355.21150340299164, 1.0]}, "datetime": {"datetime": "2025-08-21 13:33:56", "elapsed": 17353.41127896309, "delta": 15.489670991897583}, "costs": {"total_cost": 196.30316592354416, "time_cost": 68.256, "final_distance_cost": 1.7999827862818505, "oscillation_cost": 53.23559880989144, "completition_cost": 0.0, "overshoot_cost": 48.97730718318949, "power_cost": 12.791221362304688, "noise_cost": 11.243055781876677, "n_waypoints_completed": 9, "tot_waypoints": 9}}
{"target": -187.3985952261941, "params": {"k_pid_pos": [1.901325454231368, 0.024859491386256316, 0.11401919133455096], "k_pid_alt": [1.0304713630477362, 0.0, 0.06527723447865985], "k_pid_att": [58.28791669869587, 7.284845820832624, 0.8739915892735461], "k_pid_yaw": [0.5, 1e-06, 0.1], "k_pid_hsp": [1.0, 0.1531003758033771, 0.01], "k_pid_vsp": [378.2079564087626, 355.21150340299164, 1.0]}, "datetime": {"datetime": "2025-08-21 13:34:13", "elapsed": 17369.48214840889, "delta": 16.07086944580078}, "costs": {"total_cost": 187.3985952261941, "time_cost": 68.896, "final_distance_cost": 1.7804735892308428, "oscillation_cost": 43.54810741342462, "completition_cost": 0.0, "overshoot_cost": 49.422940302026134, "power_cost": 12.458589465332032, "noise_cost": 11.292484456180457, "n_waypoints_completed": 9, "tot_waypoints": 9}}
{"target": -204.63829593506028, "params": {"k_pid_pos": [1.3885554450422086, 0.08695198532413306, 0.29401500448644635], "k_pid_alt": [0.8463193695216031, 0.0, 0.06527723447865985], "k_pid_att": [24.0942673894178, 8.395279649922648, 0.8739915892735461], "k_pid_yaw": [0.5, 1e-06, 0.1], "k_pid_hsp": [1.0, 0.1531003758033771, 0.01], "k_pid_vsp": [207.03313760381627, 355.21150340299164, 1.0]}, "datetime": {"datetime": "2025-08-21 13:34:31", "elapsed": 17387.742972373962, "delta": 18.260823965072632}, "costs": {"total_cost": 204.63829593506028, "time_cost": 76.816, "final_distance_cost": 1.8077179753687942, "oscillation_cost": 45.8283009924936, "completition_cost": 0.0, "overshoot_cost": 49.511606080720775, "power_cost": 16.85738330078125, "noise_cost": 13.817287585695857, "n_waypoints_completed": 9, "tot_waypoints": 9}}
{"target": -187.9977059784181, "params": {"k_pid_pos": [1.3885554450422086, 0.024859491386256316, 0.4388587351883817], "k_pid_alt": [1.2679502233621702, 0.0, 0.1576465649121419], "k_pid_att": [33.41589308538913, 7.284845820832624, 0.8739915892735461], "k_pid_yaw": [0.5, 1e-06, 0.1], "k_pid_hsp": [3.022941925987454, 0.4702638621486921, 0.01], "k_pid_vsp": [41.47088896769069, 282.782445757401, 1.0]}, "datetime": {"datetime": "2025-08-21 13:34:47", "elapsed": 17403.566074848175, "delta": 15.823102474212646}, "costs": {"total_cost": 187.9977059784181, "time_cost": 69.056, "final_distance_cost": 1.843469143202452, "oscillation_cost": 45.464283062456225, "completition_cost": 0.0, "overshoot_cost": 49.03306628639204, "power_cost": 11.646339465332032, "noise_cost": 10.954548021035341, "n_waypoints_completed": 9, "tot_waypoints": 9}}
{"target": -178.50805901820362, "params": {"k_pid_pos": [1.3885554450422086, 0.024859491386256316, 0.11401919133455096], "k_pid_alt": [1.2679502233621702, 0.0, 0.06527723447865985], "k_pid_att": [24.0942673894178, 7.284845820832624, 0.8739915892735461], "k_pid_yaw": [0.5, 1e-06, 0.1], "k_pid_hsp": [3.022941925987454, 0.1531003758033771, 0.01], "k_pid_vsp": [378.2079564087626, 355.21150340299164, 1.0]}, "datetime": {"datetime": "2025-08-21 13:35:02", "elapsed": 17419.253389835358, "delta": 15.687314987182617}, "costs": {"total_cost": 178.50805901820362, "time_cost": 68.44, "final_distance_cost": 1.8080418100948847, "oscillation_cost": 39.50480254050826, "completition_cost": 0.0, "overshoot_cost": 49.25345927147936, "power_cost": 9.636406652832031, "noise_cost": 9.8653487432891, "n_waypoints_completed": 9, "tot_waypoints": 9}}
{"target": -186.24624533858568, "params": {"k_pid_pos": [1.3885554450422086, 0.024859491386256316, 0.11401919133455096], "k_pid_alt": [1.2679502233621702, 0.0, 0.06527723447865985], "k_pid_att": [24.0942673894178, 7.284845820832624, 0.8739915892735461], "k_pid_yaw": [0.5, 1e-06, 0.1], "k_pid_hsp": [3.022941925987454, 0.1531003758033771, 0.01], "k_pid_vsp": [378.2079564087626, 355.21150340299164, 1.0]}, "datetime": {"datetime": "2025-08-21 13:35:18", "elapsed": 17435.004950761795, "delta": 15.751560926437378}, "costs": {"total_cost": 186.24624533858568, "time_cost": 68.992, "final_distance_cost": 1.7957234543160512, "oscillation_cost": 39.28319717798921, "completition_cost": 0.0, "overshoot_cost": 50.13686396228322, "power_cost": 13.89953582763672, "noise_cost": 12.138924916360482, "n_waypoints_completed": 9, "tot_waypoints": 9}}
{"target": -185.78336237443008, "params": {"k_pid_pos": [1.3885554450422086, 0.024859491386256316, 0.11401919133455096], "k_pid_alt": [1.0304713630477362, 0.0, 0.06527723447865985], "k_pid_att": [24.0942673894178, 7.284845820832624, 0.8739915892735461], "k_pid_yaw": [0.5, 1e-06, 0.1], "k_pid_hsp": [1.0, 0.1531003758033771, 0.01], "k_pid_vsp": [378.2079564087626, 355.21150340299164, 1.0]}, "datetime": {"datetime": "2025-08-21 13:35:34", "elapsed": 17450.656310081482, "delta": 15.65135931968689}, "costs": {"total_cost": 185.78336237443008, "time_cost": 69.08800000000001, "final_distance_cost": 1.8197665493002972, "oscillation_cost": 39.1502943962706, "completition_cost": 0.0, "overshoot_cost": 49.50445548670332, "power_cost": 14.248683227539063, "noise_cost": 11.972162714616813, "n_waypoints_completed": 9, "tot_waypoints": 9}}
{"target": -183.6832625291445, "params": {"k_pid_pos": [1.3885554450422086, 0.024859491386256316, 0.11401919133455096], "k_pid_alt": [1.0304713630477362, 0.0, 0.06527723447865985], "k_pid_att": [24.0942673894178, 3.0350363822239825, 0.8739915892735461], "k_pid_yaw": [0.5, 1e-06, 0.1], "k_pid_hsp": [1.0, 0.1531003758033771, 0.01], "k_pid_vsp": [207.03313760381627, 355.21150340299164, 1.0]}, "datetime": {"datetime": "2025-08-21 13:35:50", "elapsed": 17467.015958547592, "delta": 16.35964846611023}, "costs": {"total_cost": 183.6832625291445, "time_cost": 68.952, "final_distance_cost": 1.820671351222135, "oscillation_cost": 39.274864289670866, "completition_cost": 0.0, "overshoot_cost": 50.05297621263473, "power_cost": 12.402933264160156, "noise_cost": 11.179817411456623, "n_waypoints_completed": 9, "tot_waypoints": 9}}
{"target": -185.11871146627215, "params": {"k_pid_pos": [1.3885554450422086, 0.024859491386256316, 0.4388587351883817], "k_pid_alt": [1.2679502233621702, 0.0, 0.1576465649121419], "k_pid_att": [32.711453394509874, 7.284845820832624, 0.8739915892735461], "k_pid_yaw": [0.5, 1e-06, 0.1], "k_pid_hsp": [3.022941925987454, 0.35943475000846337, 0.01], "k_pid_vsp": [378.2079564087626, 282.782445757401, 1.0]}, "datetime": {"datetime": "2025-08-21 13:36:06", "elapsed": 17483.145067691803, "delta": 16.129109144210815}, "costs": {"total_cost": 185.11871146627215, "time_cost": 69.128, "final_distance_cost": 1.8512659882935127, "oscillation_cost": 44.56997083363485, "completition_cost": 0.0, "overshoot_cost": 49.510932975522, "power_cost": 9.944843859863282, "noise_cost": 10.113697808958513, "n_waypoints_completed": 9, "tot_waypoints": 9}}
{"target": -217.8384521714431, "params": {"k_pid_pos": [1.901325454231368, 0.024859491386256316, 0.11401919133455096], "k_pid_alt": [1.0304713630477362, 0.0, 0.06527723447865985], "k_pid_att": [58.28791669869587, 7.284845820832624, 0.8739915892735461], "k_pid_yaw": [0.5, 1e-06, 0.1], "k_pid_hsp": [1.0, 0.838288257326695, 0.01], "k_pid_vsp": [378.2079564087626, 355.21150340299164, 1.0]}, "datetime": {"datetime": "2025-08-21 13:36:23", "elapsed": 17500.19283223152, "delta": 17.047764539718628}, "costs": {"total_cost": 217.8384521714431, "time_cost": 74.536, "final_distance_cost": 1.7805529493622347, "oscillation_cost": 62.797808882411644, "completition_cost": 0.0, "overshoot_cost": 52.969617976729225, "power_cost": 13.32257127685547, "noise_cost": 12.431901086084538, "n_waypoints_completed": 9, "tot_waypoints": 9}}
{"target": -188.21219311542802, "params": {"k_pid_pos": [1.901325454231368, 0.024859491386256316, 0.11401919133455096], "k_pid_alt": [1.0304713630477362, 0.0, 0.06527723447865985], "k_pid_att": [58.28791669869587, 7.284845820832624, 0.8739915892735461], "k_pid_yaw": [0.5, 1e-06, 0.1], "k_pid_hsp": [1.0, 0.1531003758033771, 0.01], "k_pid_vsp": [44.58480459101759, 355.21150340299164, 1.0]}, "datetime": {"datetime": "2025-08-21 13:36:40", "elapsed": 17516.483692407608, "delta": 16.290860176086426}, "costs": {"total_cost": 188.21219311542802, "time_cost": 68.992, "final_distance_cost": 1.7853988105773397, "oscillation_cost": 48.97546861431694, "completition_cost": 0.0, "overshoot_cost": 49.798699284786615, "power_cost": 9.421644677734376, "noise_cost": 9.238981728012774, "n_waypoints_completed": 9, "tot_waypoints": 9}}
{"target": -199.73310495773822, "params": {"k_pid_pos": [1.901325454231368, 0.024859491386256316, 0.15676371154545432], "k_pid_alt": [1.2679502233621702, 0.0, 0.11578642527130634], "k_pid_att": [48.26873903267956, 8.267881126176224, 0.8739915892735461], "k_pid_yaw": [0.5, 1e-06, 0.1], "k_pid_hsp": [1.0, 0.1531003758033771, 0.01], "k_pid_vsp": [378.2079564087626, 355.21150340299164, 1.0]}, "datetime": {"datetime": "2025-08-21 13:36:56", "elapsed": 17533.230544805527, "delta": 16.7468523979187}, "costs": {"total_cost": 199.73310495773822, "time_cost": 71.824, "final_distance_cost": 1.793242818736031, "oscillation_cost": 47.960605976341085, "completition_cost": 0.0, "overshoot_cost": 50.30756795617757, "power_cost": 15.270574670410157, "noise_cost": 12.57711353607337, "n_waypoints_completed": 9, "tot_waypoints": 9}}
{"target": -181.75937622157977, "params": {"k_pid_pos": [1.3885554450422086, 0.024859491386256316, 0.4388587351883817], "k_pid_alt": [1.2679502233621702, 0.0, 0.1576465649121419], "k_pid_att": [33.41589308538913, 7.284845820832624, 0.8739915892735461], "k_pid_yaw": [0.5, 1e-06, 0.1], "k_pid_hsp": [3.022941925987454, 0.4702638621486921, 0.01], "k_pid_vsp": [290.42366778167803, 355.21150340299164, 1.0]}, "datetime": {"datetime": "2025-08-21 13:37:12", "elapsed": 17548.9880259037, "delta": 15.757481098175049}, "costs": {"total_cost": 181.75937622157977, "time_cost": 69.048, "final_distance_cost": 1.8469983534007968, "oscillation_cost": 43.12937687278069, "completition_cost": 0.0, "overshoot_cost": 48.85646515714913, "power_cost": 9.039787231445313, "noise_cost": 9.83874860680385, "n_waypoints_completed": 9, "tot_waypoints": 9}}
{"target": -188.92463749231072, "params": {"k_pid_pos": [1.901325454231368, 0.024859491386256316, 0.15676371154545432], "k_pid_alt": [1.2679502233621702, 0.0, 0.11578642527130634], "k_pid_att": [6.174354700882767, 3.917135097401164, 0.19921483509393956], "k_pid_yaw": [0.5, 1e-06, 0.1], "k_pid_hsp": [3.333190925918924, 0.1531003758033771, 0.01], "k_pid_vsp": [378.2079564087626, 282.782445757401, 1.0]}, "datetime": {"datetime": "2025-08-21 13:37:28", "elapsed": 17564.87854075432, "delta": 15.890514850616455}, "costs": {"total_cost": 188.92463749231072, "time_cost": 68.2, "final_distance_cost": 1.7523478033862836, "oscillation_cost": 47.37467377177864, "completition_cost": 0.0, "overshoot_cost": 49.67374200995813, "power_cost": 11.366955676269532, "noise_cost": 10.556918230918116, "n_waypoints_completed": 9, "tot_waypoints": 9}}
{"target": -224.24258520162897, "params": {"k_pid_pos": [1.3885554450422086, 0.33366539114253435, 0.4388587351883817], "k_pid_alt": [1.2679502233621702, 0.0, 0.1576465649121419], "k_pid_att": [33.41589308538913, 7.284845820832624, 0.8739915892735461], "k_pid_yaw": [0.5, 1e-06, 0.1], "k_pid_hsp": [1.0, 0.3530148293123191, 0.09393821517178547], "k_pid_vsp": [378.2079564087626, 239.76907369667427, 1.0]}, "datetime": {"datetime": "2025-08-21 13:37:46", "elapsed": 17582.846655845642, "delta": 17.968115091323853}, "costs": {"total_cost": 224.24258520162897, "time_cost": 77.06400000000001, "final_distance_cost": 1.777751183070275, "oscillation_cost": 66.86028584630381, "completition_cost": 0.0, "overshoot_cost": 50.80501874311858, "power_cost": 14.735693896484376, "noise_cost": 12.999835532651934, "n_waypoints_completed": 9, "tot_waypoints": 9}}
{"target": -185.89212635917374, "params": {"k_pid_pos": [1.3885554450422086, 0.024859491386256316, 0.11401919133455096], "k_pid_alt": [1.2679502233621702, 0.0, 0.1576465649121419], "k_pid_att": [24.0942673894178, 7.284845820832624, 0.8739915892735461], "k_pid_yaw": [0.5, 1e-06, 0.1], "k_pid_hsp": [3.022941925987454, 0.4702638621486921, 0.01], "k_pid_vsp": [378.2079564087626, 282.782445757401, 1.0]}, "datetime": {"datetime": "2025-08-21 13:38:02", "elapsed": 17598.58253788948, "delta": 15.735882043838501}, "costs": {"total_cost": 185.89212635917374, "time_cost": 68.83200000000001, "final_distance_cost": 1.814609565026469, "oscillation_cost": 42.807736253590484, "completition_cost": 0.0, "overshoot_cost": 49.46903735856047, "power_cost": 11.986871276855469, "noise_cost": 10.981871905140855, "n_waypoints_completed": 9, "tot_waypoints": 9}}
{"target": -186.67342760087936, "params": {"k_pid_pos": [1.3885554450422086, 0.024859491386256316, 0.11401919133455096], "k_pid_alt": [1.0304713630477362, 0.0, 0.06527723447865985], "k_pid_att": [42.28034808905181, 7.284845820832624, 0.8739915892735461], "k_pid_yaw": [0.5, 1e-06, 0.1], "k_pid_hsp": [1.0, 0.1531003758033771, 0.01], "k_pid_vsp": [378.2079564087626, 197.31441805153213, 1.0]}, "datetime": {"datetime": "2025-08-21 13:38:18", "elapsed": 17614.84401035309, "delta": 16.261472463607788}, "costs": {"total_cost": 186.67342760087936, "time_cost": 69.48, "final_distance_cost": 1.8149956803009375, "oscillation_cost": 40.072463514502225, "completition_cost": 0.0, "overshoot_cost": 49.90932206478093, "power_cost": 13.524223803710939, "noise_cost": 11.872422537584345, "n_waypoints_completed": 9, "tot_waypoints": 9}}
{"target": -220.17356609157466, "params": {"k_pid_pos": [1.901325454231368, 0.024859491386256316, 0.11401919133455096], "k_pid_alt": [1.2679502233621702, 0.0, 0.06527723447865985], "k_pid_att": [76.63606454736403, 7.284845820832624, 0.03404765381520658], "k_pid_yaw": [0.5, 1e-06, 0.1], "k_pid_hsp": [5.566677707259657, 0.1531003758033771, 0.01], "k_pid_vsp": [378.2079564087626, 355.21150340299164, 1.0]}, "datetime": {"datetime": "2025-08-21 13:38:34", "elapsed": 17630.945370674133, "delta": 16.101360321044922}, "costs": {"total_cost": 220.17356609157466, "time_cost": 68.888, "final_distance_cost": 1.7954168837265825, "oscillation_cost": 77.38441948907736, "completition_cost": 0.0, "overshoot_cost": 50.03696639514701, "power_cost": 11.312825512695314, "noise_cost": 10.75593781092837, "n_waypoints_completed": 9, "tot_waypoints": 9}}
{"target": -484.4208814980246, "params": {"k_pid_pos": [1.3885554450422086, 0.024859491386256316, 0.11401919133455096], "k_pid_alt": [1.0304713630477362, 0.0, 0.06527723447865985], "k_pid_att": [24.0942673894178, 3.0350363822239825, 0.8739915892735461], "k_pid_yaw": [0.5, 1e-06, 0.1], "k_pid_hsp": [6.768715103261824, 0.1531003758033771, 0.6065889146836446], "k_pid_vsp": [207.03313760381627, 355.21150340299164, 230.7530952001586]}, "datetime": {"datetime": "2025-08-21 13:38:57", "elapsed": 17653.51439356804, "delta": 22.56902289390564}, "costs": {"total_cost": 484.4208814980246, "time_cost": 99.72, "final_distance_cost": 1.8421844383174082, "oscillation_cost": 284.898895474155, "completition_cost": 0.0, "overshoot_cost": 58.025168528874076, "power_cost": 23.167029699707033, "noise_cost": 16.767603356971083, "n_waypoints_completed": 9, "tot_waypoints": 9}}
{"target": -573.919377457242, "params": {"k_pid_pos": [1.8528239617641062, 0.024859491386256316, 0.11401919133455096], "k_pid_alt": [0.19443302098434057, 0.0, 0.06527723447865985], "k_pid_att": [24.0942673894178, 7.284845820832624, 0.8739915892735461], "k_pid_yaw": [0.5, 1e-06, 0.1], "k_pid_hsp": [5.837136346439943, 0.1531003758033771, 0.01], "k_pid_vsp": [378.2079564087626, 355.21150340299164, 1.0]}, "datetime": {"datetime": "2025-08-21 13:39:20", "elapsed": 17676.45892238617, "delta": 22.944528818130493}, "costs": {"total_cost": 573.919377457242, "time_cost": 150, "final_distance_cost": 69.9575915908923, "oscillation_cost": 64.28489085812535, "completition_cost": 222.2222222222222, "overshoot_cost": 43.338096895234585, "power_cost": 11.878845153808594, "noise_cost": 12.237730736959085, "n_waypoints_completed": 7, "tot_waypoints": 9}}
{"target": -190.9320705709685, "params": {"k_pid_pos": [1.3885554450422086, 0.024859491386256316, 0.06837744536824142], "k_pid_alt": [1.408510096659571, 0.0, 0.06527723447865985], "k_pid_att": [58.989274729095186, 2.057470297840489, 0.06525997523876337], "k_pid_yaw": [0.5, 1e-06, 0.1], "k_pid_hsp": [1.0, 0.1531003758033771, 0.01], "k_pid_vsp": [67.06746789475653, 355.21150340299164, 1.0]}, "datetime": {"datetime": "2025-08-21 13:39:35", "elapsed": 17692.187827587128, "delta": 15.728905200958252}, "costs": {"total_cost": 190.9320705709685, "time_cost": 68.096, "final_distance_cost": 1.7816116540330467, "oscillation_cost": 47.62934401694492, "completition_cost": 0.0, "overshoot_cost": 50.27232261013196, "power_cost": 12.307209619140625, "noise_cost": 10.845582670717967, "n_waypoints_completed": 9, "tot_waypoints": 9}}
{"target": -201.64568715839195, "params": {"k_pid_pos": [1.3885554450422086, 0.024859491386256316, 0.11401919133455096], "k_pid_alt": [1.0304713630477362, 0.0, 0.06527723447865985], "k_pid_att": [24.0942673894178, 3.0350363822239825, 0.8739915892735461], "k_pid_yaw": [0.5, 1e-06, 0.1], "k_pid_hsp": [1.0, 0.1531003758033771, 0.01], "k_pid_vsp": [207.03313760381627, 355.21150340299164, 1.0]}, "datetime": {"datetime": "2025-08-21 13:39:53", "elapsed": 17709.69145989418, "delta": 17.503632307052612}, "costs": {"total_cost": 201.64568715839195, "time_cost": 72.52, "final_distance_cost": 1.7845830891377394, "oscillation_cost": 41.688644842111145, "completition_cost": 0.0, "overshoot_cost": 52.23172669587797, "power_cost": 18.879924938964844, "noise_cost": 14.540807592300249, "n_waypoints_completed": 9, "tot_waypoints": 9}}
{"target": -314.1195524690808, "params": {"k_pid_pos": [1.3885554450422086, 0.024859491386256316, 0.11401919133455096], "k_pid_alt": [1.2679502233621702, 0.0, 0.06527723447865985], "k_pid_att": [24.0942673894178, 7.284845820832624, 0.8739915892735461], "k_pid_yaw": [0.5, 1e-06, 0.1], "k_pid_hsp": [3.022941925987454, 0.7660882004239901, 0.7646384796406737], "k_pid_vsp": [42.64662974651476, 282.782445757401, 1.0]}, "datetime": {"datetime": "2025-08-21 13:40:10", "elapsed": 17727.14214205742, "delta": 17.450682163238525}, "costs": {"total_cost": 314.1195524690808, "time_cost": 77.624, "final_distance_cost": 1.7163139435114159, "oscillation_cost": 161.25638702685222, "completition_cost": 0.0, "overshoot_cost": 50.24470248039554, "power_cost": 11.966059313964845, "noise_cost": 11.312089704356799, "n_waypoints_completed": 9, "tot_waypoints": 9}}
{"target": -305.9847802113076, "params": {"k_pid_pos": [1.3885554450422086, 0.024859491386256316, 0.4388587351883817], "k_pid_alt": [1.2679502233621702, 0.0, 0.1576465649121419], "k_pid_att": [33.41589308538913, 7.284845820832624, 0.8739915892735461], "k_pid_yaw": [0.5, 1e-06, 0.1], "k_pid_hsp": [3.022941925987454, 0.11105211150664163, 0.6020109603024101], "k_pid_vsp": [378.2079564087626, 355.21150340299164, 149.38753159891255]}, "datetime": {"datetime": "2025-08-21 13:40:28", "elapsed": 17745.282071590424, "delta": 18.13992953300476}, "costs": {"total_cost": 305.9847802113076, "time_cost": 76.904, "final_distance_cost": 1.7512357699800616, "oscillation_cost": 146.02703149370083, "completition_cost": 0.0, "overshoot_cost": 52.796635221836134, "power_cost": 16.137430322265626, "noise_cost": 12.368447403524955, "n_waypoints_completed": 9, "tot_waypoints": 9}}
