{"target": -197.73996428197913, "params": {"k_pid_pos": [1.3885554450422086, 0.024859491386256316, 0.11401919133455096], "k_pid_alt": [1.0304713630477362, 0.0, 0.06527723447865985], "k_pid_att": [22.261599542950584, 7.284845820832624, 0.8739915892735461], "k_pid_yaw": [0.5, 1e-06, 0.1], "k_pid_hsp": [1.0, 0.4702638621486921, 0.01], "k_pid_vsp": [378.2079564087626, 282.782445757401, 1.0]}, "datetime": {"datetime": "2025-08-21 13:40:45", "elapsed": 17761.737706661224, "delta": 16.45563507080078}, "costs": {"total_cost": 197.73996428197913, "time_cost": 69.288, "final_distance_cost": 1.830266824361893, "oscillation_cost": 48.670924813145795, "completition_cost": 0.0, "overshoot_cost": 49.408470373691536, "power_cost": 15.774479345703126, "noise_cost": 12.767822925076791, "n_waypoints_completed": 9, "tot_waypoints": 9}}
{"target": -330.99242091858724, "params": {"k_pid_pos": [1.3885554450422086, 0.024859491386256316, 0.4388587351883817], "k_pid_alt": [1.2679502233621702, 0.0, 0.1576465649121419], "k_pid_att": [33.41589308538913, 7.284845820832624, 0.8739915892735461], "k_pid_yaw": [0.5, 1e-06, 0.1], "k_pid_hsp": [9.021287020744124, 0.5222523352322085, 0.7796071213096329], "k_pid_vsp": [378.2079564087626, 355.21150340299164, 1.0]}, "datetime": {"datetime": "2025-08-21 13:41:02", "elapsed": 17779.00438261032, "delta": 17.26667594909668}, "costs": {"total_cost": 330.99242091858724, "time_cost": 74.768, "final_distance_cost": 1.7925659501433664, "oscillation_cost": 176.42196407779602, "completition_cost": 0.0, "overshoot_cost": 50.47268212899877, "power_cost": 14.760721057128906, "noise_cost": 12.776487704520155, "n_waypoints_completed": 9, "tot_waypoints": 9}}
{"target": -186.85562365885337, "params": {"k_pid_pos": [1.3885554450422086, 0.024859491386256316, 0.06837744536824142], "k_pid_alt": [1.408510096659571, 0.0, 0.06527723447865985], "k_pid_att": [48.72959582322072, 7.284845820832624, 0.8739915892735461], "k_pid_yaw": [0.5, 1e-06, 0.1], "k_pid_hsp": [1.0, 0.1531003758033771, 0.01], "k_pid_vsp": [378.2079564087626, 355.21150340299164, 1.0]}, "datetime": {"datetime": "2025-08-21 13:41:18", "elapsed": 17794.942247390747, "delta": 15.937864780426025}, "costs": {"total_cost": 186.85562365885337, "time_cost": 68.776, "final_distance_cost": 1.782189624923877, "oscillation_cost": 38.81857440098128, "completition_cost": 0.0, "overshoot_cost": 50.628544575555715, "power_cost": 14.537818383789062, "noise_cost": 12.312496673603452, "n_waypoints_completed": 9, "tot_waypoints": 9}}
{"target": -639.2320499579483, "params": {"k_pid_pos": [1.953387039163843, 0.024859491386256316, 0.4388587351883817], "k_pid_alt": [1.2679502233621702, 0.0, 0.06527723447865985], "k_pid_att": [58.989274729095186, 2.057470297840489, 0.8739915892735461], "k_pid_yaw": [0.5, 1e-06, 0.1], "k_pid_hsp": [1.0, 0.1531003758033771, 0.7496837122419485], "k_pid_vsp": [383.6525668739127, 355.21150340299164, 1.0]}, "datetime": {"datetime": "2025-08-21 13:41:41", "elapsed": 17817.764084339142, "delta": 22.821836948394775}, "costs": {"total_cost": 639.2320499579483, "time_cost": 150, "final_distance_cost": 66.69931431517281, "oscillation_cost": 208.43862206098302, "completition_cost": 111.11111111111116, "overshoot_cost": 69.74941746601233, "power_cost": 18.13368604736328, "noise_cost": 15.099898957305648, "n_waypoints_completed": 8, "tot_waypoints": 9}}
{"target": -183.5556540426775, "params": {"k_pid_pos": [1.3885554450422086, 0.024859491386256316, 0.11401919133455096], "k_pid_alt": [1.0304713630477362, 0.0, 0.06527723447865985], "k_pid_att": [24.0942673894178, 7.284845820832624, 0.8739915892735461], "k_pid_yaw": [0.5, 1e-06, 0.1], "k_pid_hsp": [1.0, 0.1531003758033771, 0.01], "k_pid_vsp": [378.2079564087626, 355.21150340299164, 1.0]}, "datetime": {"datetime": "2025-08-21 13:41:57", "elapsed": 17833.629912376404, "delta": 15.865828037261963}, "costs": {"total_cost": 183.5556540426775, "time_cost": 68.712, "final_distance_cost": 1.8154432357929955, "oscillation_cost": 41.54054899912982, "completition_cost": 0.0, "overshoot_cost": 49.28888245844269, "power_cost": 11.528321398925781, "noise_cost": 10.670457950386213, "n_waypoints_completed": 9, "tot_waypoints": 9}}
{"target": -183.61770437091968, "params": {"k_pid_pos": [1.3885554450422086, 0.024859491386256316, 0.11401919133455096], "k_pid_alt": [1.0304713630477362, 0.0, 0.06527723447865985], "k_pid_att": [24.0942673894178, 7.284845820832624, 0.8739915892735461], "k_pid_yaw": [0.5, 1e-06, 0.1], "k_pid_hsp": [1.0, 0.1531003758033771, 0.01], "k_pid_vsp": [378.2079564087626, 355.21150340299164, 1.0]}, "datetime": {"datetime": "2025-08-21 13:42:12", "elapsed": 17849.239098787308, "delta": 15.60918641090393}, "costs": {"total_cost": 183.61770437091968, "time_cost": 68.864, "final_distance_cost": 1.7944278853941675, "oscillation_cost": 41.068839499003474, "completition_cost": 0.0, "overshoot_cost": 49.810115768705764, "power_cost": 11.476538781738283, "noise_cost": 10.603782436077992, "n_waypoints_completed": 9, "tot_waypoints": 9}}
{"target": -180.56420350928227, "params": {"k_pid_pos": [1.3885554450422086, 0.34723029022971075, 0.4388587351883817], "k_pid_alt": [1.2679502233621702, 0.0, 0.1576465649121419], "k_pid_att": [33.41589308538913, 7.284845820832624, 0.8739915892735461], "k_pid_yaw": [0.5, 1e-06, 0.1], "k_pid_hsp": [3.022941925987454, 0.4702638621486921, 0.01], "k_pid_vsp": [378.2079564087626, 282.782445757401, 1.0]}, "datetime": {"datetime": "2025-08-21 13:42:29", "elapsed": 17865.80795264244, "delta": 16.568853855133057}, "costs": {"total_cost": 180.56420350928227, "time_cost": 69.488, "final_distance_cost": 1.8011479028521524, "oscillation_cost": 40.73230148066782, "completition_cost": 0.0, "overshoot_cost": 49.7866531450833, "power_cost": 9.064887353515626, "noise_cost": 9.691213627163364, "n_waypoints_completed": 9, "tot_waypoints": 9}}
{"target": -348.4871853905016, "params": {"k_pid_pos": [1.3885554450422086, 0.024859491386256316, 0.8691303619968337], "k_pid_alt": [0.7833169361788108, 0.0, 0.1576465649121419], "k_pid_att": [33.41589308538913, 7.284845820832624, 0.8739915892735461], "k_pid_yaw": [0.5, 1e-06, 0.1], "k_pid_hsp": [3.022941925987454, 0.4702638621486921, 0.3386006852829976], "k_pid_vsp": [41.47088896769069, 282.782445757401, 1.0]}, "datetime": {"datetime": "2025-08-21 13:42:47", "elapsed": 17883.552600860596, "delta": 17.744648218154907}, "costs": {"total_cost": 348.4871853905016, "time_cost": 76.72, "final_distance_cost": 1.8148179052679536, "oscillation_cost": 189.795482860991, "completition_cost": 0.0, "overshoot_cost": 50.4793816540067, "power_cost": 16.43633094482422, "noise_cost": 13.241172025411736, "n_waypoints_completed": 9, "tot_waypoints": 9}}
{"target": -885.3687692367141, "params": {"k_pid_pos": [0.8080230289550049, 0.024859491386256316, 0.06837744536824142], "k_pid_alt": [1.408510096659571, 0.0, 0.06527723447865985], "k_pid_att": [58.989274729095186, 7.284845820832624, 0.8739915892735461], "k_pid_yaw": [0.5, 1e-06, 0.1], "k_pid_hsp": [3.022941925987454, 0.1531003758033771, 0.01], "k_pid_vsp": [378.2079564087626, 181.40999533543834, 355.26244957834416]}, "datetime": {"datetime": "2025-08-21 13:43:10", "elapsed": 17906.51429128647, "delta": 22.961690425872803}, "costs": {"total_cost": 885.3687692367141, "time_cost": 150, "final_distance_cost": 39.997576909346016, "oscillation_cost": 39.11992441811239, "completition_cost": 555.5555555555555, "overshoot_cost": 59.657750890119196, "power_cost": 24.07437078857422, "noise_cost": 16.96359067500664, "n_waypoints_completed": 4, "tot_waypoints": 9}}
{"target": -187.79324955989952, "params": {"k_pid_pos": [1.3885554450422086, 0.024859491386256316, 0.11401919133455096], "k_pid_alt": [1.2679502233621702, 0.0, 0.06527723447865985], "k_pid_att": [24.0942673894178, 3.6677428332793016, 0.03404765381520658], "k_pid_yaw": [0.5, 1e-06, 0.1], "k_pid_hsp": [1.2327241314931046, 0.1531003758033771, 0.01], "k_pid_vsp": [378.2079564087626, 355.21150340299164, 1.0]}, "datetime": {"datetime": "2025-08-21 13:43:26", "elapsed": 17922.68176293373, "delta": 16.167471647262573}, "costs": {"total_cost": 187.79324955989952, "time_cost": 68.152, "final_distance_cost": 1.8019296072902014, "oscillation_cost": 48.504756883247, "completition_cost": 0.0, "overshoot_cost": 49.12110188747805, "power_cost": 10.230176818847657, "noise_cost": 9.983284363036596, "n_waypoints_completed": 9, "tot_waypoints": 9}}
{"target": -185.14957497478161, "params": {"k_pid_pos": [1.367080816728244, 0.024859491386256316, 0.11401919133455096], "k_pid_alt": [1.2679502233621702, 0.0, 0.1576465649121419], "k_pid_att": [58.989274729095186, 7.284845820832624, 0.8739915892735461], "k_pid_yaw": [0.5, 1e-06, 0.1], "k_pid_hsp": [1.0, 0.4277120965269141, 0.01], "k_pid_vsp": [378.2079564087626, 355.21150340299164, 1.0]}, "datetime": {"datetime": "2025-08-21 13:43:42", "elapsed": 17938.786883831024, "delta": 16.10512089729309}, "costs": {"total_cost": 185.14957497478161, "time_cost": 68.392, "final_distance_cost": 1.8114617028371913, "oscillation_cost": 46.825666460290655, "completition_cost": 0.0, "overshoot_cost": 49.60068851108433, "power_cost": 9.075389624023439, "noise_cost": 9.444368676545983, "n_waypoints_completed": 9, "tot_waypoints": 9}}
{"target": -185.10899865724488, "params": {"k_pid_pos": [1.3885554450422086, 0.34723029022971075, 0.4388587351883817], "k_pid_alt": [1.2679502233621702, 0.0, 0.1576465649121419], "k_pid_att": [33.41589308538913, 7.284845820832624, 0.8739915892735461], "k_pid_yaw": [0.5, 1e-06, 0.1], "k_pid_hsp": [3.022941925987454, 0.4702638621486921, 0.01], "k_pid_vsp": [378.2079564087626, 282.782445757401, 1.0]}, "datetime": {"datetime": "2025-08-21 13:43:57", "elapsed": 17954.432091236115, "delta": 15.645207405090332}, "costs": {"total_cost": 185.10899865724488, "time_cost": 69.57600000000001, "final_distance_cost": 1.7959800610058492, "oscillation_cost": 40.486615569882254, "completition_cost": 0.0, "overshoot_cost": 49.71296220043573, "power_cost": 12.204875024414063, "noise_cost": 11.332565801506966, "n_waypoints_completed": 9, "tot_waypoints": 9}}
{"target": -185.75543032968886, "params": {"k_pid_pos": [1.3885554450422086, 0.024859491386256316, 0.4388587351883817], "k_pid_alt": [1.2679502233621702, 0.0, 0.1576465649121419], "k_pid_att": [33.41589308538913, 7.284845820832624, 0.8739915892735461], "k_pid_yaw": [0.5, 1e-06, 0.1], "k_pid_hsp": [3.022941925987454, 0.4702638621486921, 0.01], "k_pid_vsp": [290.42366778167803, 355.21150340299164, 1.0]}, "datetime": {"datetime": "2025-08-21 13:44:13", "elapsed": 17970.117482423782, "delta": 15.685391187667847}, "costs": {"total_cost": 185.75543032968886, "time_cost": 69.136, "final_distance_cost": 1.842968241202047, "oscillation_cost": 38.567973114730776, "completition_cost": 0.0, "overshoot_cost": 49.41023987055285, "power_cost": 14.01324736328125, "noise_cost": 12.785001739921961, "n_waypoints_completed": 9, "tot_waypoints": 9}}
{"target": -188.04565046933232, "params": {"k_pid_pos": [1.3885554450422086, 0.024859491386256316, 0.11401919133455096], "k_pid_alt": [1.0304713630477362, 0.0, 0.06527723447865985], "k_pid_att": [24.0942673894178, 7.284845820832624, 0.8739915892735461], "k_pid_yaw": [0.5, 1e-06, 0.1], "k_pid_hsp": [1.0, 0.1531003758033771, 0.01], "k_pid_vsp": [378.2079564087626, 355.21150340299164, 1.0]}, "datetime": {"datetime": "2025-08-21 13:44:29", "elapsed": 17986.342072486877, "delta": 16.224590063095093}, "costs": {"total_cost": 188.04565046933232, "time_cost": 69.28, "final_distance_cost": 1.7918260559138055, "oscillation_cost": 39.460769838774866, "completition_cost": 0.0, "overshoot_cost": 49.829116544558005, "power_cost": 15.167459448242187, "noise_cost": 12.516478581843437, "n_waypoints_completed": 9, "tot_waypoints": 9}}
{"target": -190.0945259295778, "params": {"k_pid_pos": [1.3885554450422086, 0.5303319676020144, 0.9239049236577108], "k_pid_alt": [1.2679502233621702, 0.0, 0.1576465649121419], "k_pid_att": [33.41589308538913, 7.284845820832624, 0.8739915892735461], "k_pid_yaw": [0.5, 1e-06, 0.1], "k_pid_hsp": [3.022941925987454, 0.4702638621486921, 0.01], "k_pid_vsp": [378.2079564087626, 282.782445757401, 1.0]}, "datetime": {"datetime": "2025-08-21 13:44:46", "elapsed": 18003.372507810593, "delta": 17.03043532371521}, "costs": {"total_cost": 190.0945259295778, "time_cost": 74.976, "final_distance_cost": 1.790723734059456, "oscillation_cost": 40.27791942006061, "completition_cost": 0.0, "overshoot_cost": 49.42001478521721, "power_cost": 11.973359094238281, "noise_cost": 11.656508896002245, "n_waypoints_completed": 9, "tot_waypoints": 9}}
{"target": -690.768318866384, "params": {"k_pid_pos": [1.3885554450422086, 0.7951702038987456, 0.11401919133455096], "k_pid_alt": [1.0304713630477362, 0.0, 0.2497707977181448], "k_pid_att": [24.0942673894178, 7.284845820832624, 0.8739915892735461], "k_pid_yaw": [0.5, 1e-06, 0.1], "k_pid_hsp": [1.0, 0.44968036567381975, 0.01], "k_pid_vsp": [378.2079564087626, 355.21150340299164, 1.0]}, "datetime": {"datetime": "2025-08-21 13:45:09", "elapsed": 18026.027505159378, "delta": 22.6549973487854}, "costs": {"total_cost": 690.768318866384, "time_cost": 150, "final_distance_cost": 68.20586360806223, "oscillation_cost": 63.15989498455369, "completition_cost": 333.33333333333337, "overshoot_cost": 44.401125459383515, "power_cost": 17.017606738281252, "noise_cost": 14.650494742769938, "n_waypoints_completed": 6, "tot_waypoints": 9}}
{"target": -184.34516727287684, "params": {"k_pid_pos": [1.3885554450422086, 0.024859491386256316, 0.11401919133455096], "k_pid_alt": [1.2679502233621702, 0.0, 0.1576465649121419], "k_pid_att": [24.0942673894178, 7.284845820832624, 0.8739915892735461], "k_pid_yaw": [0.5, 1e-06, 0.1], "k_pid_hsp": [3.022941925987454, 0.4702638621486921, 0.01], "k_pid_vsp": [378.2079564087626, 282.782445757401, 1.0]}, "datetime": {"datetime": "2025-08-21 13:45:25", "elapsed": 18042.090500593185, "delta": 16.062995433807373}, "costs": {"total_cost": 184.34516727287684, "time_cost": 68.488, "final_distance_cost": 1.8186607693828778, "oscillation_cost": 42.19630182813733, "completition_cost": 0.0, "overshoot_cost": 49.21109739976979, "power_cost": 11.694124462890626, "noise_cost": 10.936982812696257, "n_waypoints_completed": 9, "tot_waypoints": 9}}
{"target": -261.5617573792293, "params": {"k_pid_pos": [1.3885554450422086, 0.024859491386256316, 0.11401919133455096], "k_pid_alt": [1.2679502233621702, 0.0, 0.06527723447865985], "k_pid_att": [24.0942673894178, 8.932983788390587, 0.03404765381520658], "k_pid_yaw": [0.5, 1e-06, 0.1], "k_pid_hsp": [5.624087978379637, 0.1531003758033771, 0.01], "k_pid_vsp": [378.2079564087626, 355.21150340299164, 1.0]}, "datetime": {"datetime": "2025-08-21 13:45:40", "elapsed": 18057.38294148445, "delta": 15.29244089126587}, "costs": {"total_cost": 261.5617573792293, "time_cost": 68.024, "final_distance_cost": 1.8125926941261326, "oscillation_cost": 122.863241535419, "completition_cost": 0.0, "overshoot_cost": 48.84386526238262, "power_cost": 10.034185180664062, "noise_cost": 9.983872706637456, "n_waypoints_completed": 9, "tot_waypoints": 9}}
{"target": -198.4191820936374, "params": {"k_pid_pos": [1.367080816728244, 0.024859491386256316, 0.32789994363863884], "k_pid_alt": [1.2679502233621702, 0.0, 0.1576465649121419], "k_pid_att": [58.989274729095186, 7.284845820832624, 0.15038183248814696], "k_pid_yaw": [0.5, 1e-06, 0.1], "k_pid_hsp": [1.0, 0.3707642846192629, 0.01], "k_pid_vsp": [378.2079564087626, 355.21150340299164, 1.0]}, "datetime": {"datetime": "2025-08-21 13:45:57", "elapsed": 18074.036103963852, "delta": 16.653162479400635}, "costs": {"total_cost": 198.4191820936374, "time_cost": 70.488, "final_distance_cost": 1.8469963158156035, "oscillation_cost": 48.463883510357554, "completition_cost": 0.0, "overshoot_cost": 50.16495206656202, "power_cost": 14.813428698730469, "noise_cost": 12.641921502171751, "n_waypoints_completed": 9, "tot_waypoints": 9}}
{"target": -187.50263571941315, "params": {"k_pid_pos": [1.3885554450422086, 0.024859491386256316, 0.11401919133455096], "k_pid_alt": [1.0304713630477362, 0.0, 0.06527723447865985], "k_pid_att": [24.0942673894178, 3.0350363822239825, 0.8739915892735461], "k_pid_yaw": [0.5, 1e-06, 0.1], "k_pid_hsp": [1.0, 0.1531003758033771, 0.01], "k_pid_vsp": [200.4106445826773, 355.21150340299164, 1.0]}, "datetime": {"datetime": "2025-08-21 13:46:14", "elapsed": 18090.479208230972, "delta": 16.44310426712036}, "costs": {"total_cost": 187.50263571941315, "time_cost": 68.944, "final_distance_cost": 1.8146559459715443, "oscillation_cost": 40.72807620424502, "completition_cost": 0.0, "overshoot_cost": 49.873425923878095, "power_cost": 14.139660021972658, "noise_cost": 12.002817623345841, "n_waypoints_completed": 9, "tot_waypoints": 9}}
{"target": -183.71883871032384, "params": {"k_pid_pos": [1.3885554450422086, 0.024859491386256316, 0.11401919133455096], "k_pid_alt": [1.0304713630477362, 0.0, 0.06527723447865985], "k_pid_att": [24.0942673894178, 7.284845820832624, 0.9125065750547853], "k_pid_yaw": [0.5, 1e-06, 0.1], "k_pid_hsp": [1.0, 0.4277120965269141, 0.01], "k_pid_vsp": [378.2079564087626, 355.21150340299164, 1.0]}, "datetime": {"datetime": "2025-08-21 13:46:30", "elapsed": 18106.580635547638, "delta": 16.10142731666565}, "costs": {"total_cost": 183.71883871032384, "time_cost": 68.544, "final_distance_cost": 1.8244422631808153, "oscillation_cost": 46.15046065665567, "completition_cost": 0.0, "overshoot_cost": 48.89574004558247, "power_cost": 8.946801831054687, "noise_cost": 9.3573939138502, "n_waypoints_completed": 9, "tot_waypoints": 9}}
{"target": -183.97070845522407, "params": {"k_pid_pos": [1.9176378968916694, 0.024859491386256316, 0.11401919133455096], "k_pid_alt": [1.2679502233621702, 0.0, 0.1576465649121419], "k_pid_att": [58.989274729095186, 7.284845820832624, 0.8739915892735461], "k_pid_yaw": [0.5, 1e-06, 0.1], "k_pid_hsp": [1.0, 0.1531003758033771, 0.01], "k_pid_vsp": [284.5460512203246, 355.21150340299164, 1.0]}, "datetime": {"datetime": "2025-08-21 13:46:46", "elapsed": 18122.46551847458, "delta": 15.884882926940918}, "costs": {"total_cost": 183.97070845522407, "time_cost": 68.376, "final_distance_cost": 1.7888454902063746, "oscillation_cost": 45.06125992965192, "completition_cost": 0.0, "overshoot_cost": 49.1080950828945, "power_cost": 9.825686804199218, "noise_cost": 9.81082114827206, "n_waypoints_completed": 9, "tot_waypoints": 9}}
{"target": -583.8942741580606, "params": {"k_pid_pos": [1.3885554450422086, 0.36499264706834744, 0.11401919133455096], "k_pid_alt": [0.2059594118716659, 0.0, 0.06527723447865985], "k_pid_att": [67.86739237565823, 7.284845820832624, 0.03404765381520658], "k_pid_yaw": [0.5, 1e-06, 0.1], "k_pid_hsp": [1.2327241314931046, 0.1531003758033771, 0.01], "k_pid_vsp": [378.2079564087626, 355.21150340299164, 1.0]}, "datetime": {"datetime": "2025-08-21 13:47:09", "elapsed": 18146.019067287445, "delta": 23.55354881286621}, "costs": {"total_cost": 583.8942741580606, "time_cost": 150, "final_distance_cost": 70.33663650317278, "oscillation_cost": 58.40385092798878, "completition_cost": 222.2222222222222, "overshoot_cost": 45.653311629688794, "power_cost": 20.827816271972658, "noise_cost": 16.45043660301542, "n_waypoints_completed": 7, "tot_waypoints": 9}}
{"target": -195.6185983980444, "params": {"k_pid_pos": [1.3885554450422086, 0.024859491386256316, 0.11401919133455096], "k_pid_alt": [1.2679502233621702, 0.0, 0.06527723447865985], "k_pid_att": [24.0942673894178, 3.6677428332793016, 0.8739915892735461], "k_pid_yaw": [0.5, 1e-06, 0.1], "k_pid_hsp": [7.2506103715559185, 0.1531003758033771, 0.01], "k_pid_vsp": [378.2079564087626, 355.21150340299164, 1.0]}, "datetime": {"datetime": "2025-08-21 13:47:25", "elapsed": 18162.268194913864, "delta": 16.249127626419067}, "costs": {"total_cost": 195.6185983980444, "time_cost": 69.08800000000001, "final_distance_cost": 1.8261900259042083, "oscillation_cost": 47.94596287916155, "completition_cost": 0.0, "overshoot_cost": 49.9557070035842, "power_cost": 14.529739184570314, "noise_cost": 12.272999304824133, "n_waypoints_completed": 9, "tot_waypoints": 9}}
{"target": -186.84228119138828, "params": {"k_pid_pos": [1.3885554450422086, 0.024859491386256316, 0.11401919133455096], "k_pid_alt": [1.2679502233621702, 0.0, 0.1576465649121419], "k_pid_att": [58.989274729095186, 7.284845820832624, 0.8739915892735461], "k_pid_yaw": [0.5, 1e-06, 0.1], "k_pid_hsp": [1.0, 0.4277120965269141, 0.01], "k_pid_vsp": [378.2079564087626, 355.21150340299164, 1.0]}, "datetime": {"datetime": "2025-08-21 13:47:41", "elapsed": 18177.850210666656, "delta": 15.582015752792358}, "costs": {"total_cost": 186.84228119138828, "time_cost": 68.296, "final_distance_cost": 1.8134949983535822, "oscillation_cost": 47.25902062002846, "completition_cost": 0.0, "overshoot_cost": 48.924752681927885, "power_cost": 10.386812561035157, "noise_cost": 10.162200330043182, "n_waypoints_completed": 9, "tot_waypoints": 9}}
{"target": -466.5645313967154, "params": {"k_pid_pos": [0.9099535497311482, 0.7250055444720932, 0.4388587351883817], "k_pid_alt": [1.2679502233621702, 0.9258024620299178, 0.1576465649121419], "k_pid_att": [33.41589308538913, 7.284845820832624, 0.8739915892735461], "k_pid_yaw": [0.5, 1e-06, 0.1], "k_pid_hsp": [3.022941925987454, 0.4702638621486921, 0.01], "k_pid_vsp": [226.26984466641142, 355.21150340299164, 247.7468655756112]}, "datetime": {"datetime": "2025-08-21 13:48:04", "elapsed": 18201.022874593735, "delta": 23.172663927078247}, "costs": {"total_cost": 466.5645313967154, "time_cost": 150, "final_distance_cost": 64.72458130881728, "oscillation_cost": 56.17568580144829, "completition_cost": 111.11111111111116, "overshoot_cost": 54.926089479085284, "power_cost": 16.139543200683594, "noise_cost": 13.487520495569763, "n_waypoints_completed": 8, "tot_waypoints": 9}}
