{"target": -178.65208886226267, "params": {"k_pid_pos": [1.901325454231368, 0.024859491386256316, 0.4388587351883817], "k_pid_alt": [1.2679502233621702, 0.0, 0.1576465649121419], "k_pid_att": [33.41589308538913, 7.284845820832624, 0.8739915892735461], "k_pid_yaw": [0.5, 1e-06, 0.1], "k_pid_hsp": [1.0, 0.1531003758033771, 0.01], "k_pid_vsp": [378.2079564087626, 355.21150340299164, 1.0]}, "datetime": {"datetime": "2025-08-21 12:55:18", "elapsed": 15035.360652923584, "delta": 15.433972597122192}, "costs": {"total_cost": 178.65208886226267, "time_cost": 68.056, "final_distance_cost": 1.8219298469607852, "oscillation_cost": 43.41841129068807, "completition_cost": 0.0, "overshoot_cost": 49.77424288473107, "power_cost": 7.233848706054688, "noise_cost": 8.34765613382805, "n_waypoints_completed": 9, "tot_waypoints": 9}}
{"target": -182.804593548766, "params": {"k_pid_pos": [1.3885554450422086, 0.20230504367755808, 0.11401919133455096], "k_pid_alt": [1.2679502233621702, 0.0, 0.06527723447865985], "k_pid_att": [24.0942673894178, 7.284845820832624, 0.8739915892735461], "k_pid_yaw": [0.5, 1e-06, 0.1], "k_pid_hsp": [3.022941925987454, 0.1531003758033771, 0.01], "k_pid_vsp": [378.2079564087626, 355.21150340299164, 1.0]}, "datetime": {"datetime": "2025-08-21 12:55:38", "elapsed": 15055.378644943237, "delta": 20.01799201965332}, "costs": {"total_cost": 182.804593548766, "time_cost": 68.83200000000001, "final_distance_cost": 1.7650928178041878, "oscillation_cost": 42.97213774383004, "completition_cost": 0.0, "overshoot_cost": 49.67373647387929, "power_cost": 9.720887707519532, "noise_cost": 9.840738805732963, "n_waypoints_completed": 9, "tot_waypoints": 9}}
{"target": -189.99972356288507, "params": {"k_pid_pos": [1.3885554450422086, 0.024859491386256316, 0.11401919133455096], "k_pid_alt": [1.2679502233621702, 0.0, 0.5500846473514374], "k_pid_att": [58.989274729095186, 7.284845820832624, 0.8739915892735461], "k_pid_yaw": [0.5, 1e-06, 0.1], "k_pid_hsp": [1.0, 0.1531003758033771, 0.01], "k_pid_vsp": [378.2079564087626, 355.21150340299164, 1.0]}, "datetime": {"datetime": "2025-08-21 12:55:56", "elapsed": 15073.318263292313, "delta": 17.939618349075317}, "costs": {"total_cost": 189.99972356288507, "time_cost": 70.488, "final_distance_cost": 1.8178948175346354, "oscillation_cost": 38.859655542074805, "completition_cost": 0.0, "overshoot_cost": 50.38435067124875, "power_cost": 15.642825537109376, "noise_cost": 12.806996994917496, "n_waypoints_completed": 9, "tot_waypoints": 9}}
{"target": -189.26026652066653, "params": {"k_pid_pos": [1.3885554450422086, 0.024859491386256316, 0.4894518338289183], "k_pid_alt": [1.0304713630477362, 0.0, 0.06527723447865985], "k_pid_att": [24.0942673894178, 7.284845820832624, 0.8739915892735461], "k_pid_yaw": [0.5, 1e-06, 0.1], "k_pid_hsp": [1.0, 0.1531003758033771, 0.01], "k_pid_vsp": [378.2079564087626, 355.21150340299164, 1.0]}, "datetime": {"datetime": "2025-08-21 12:56:12", "elapsed": 15089.221733093262, "delta": 15.903469800949097}, "costs": {"total_cost": 189.26026652066653, "time_cost": 70.512, "final_distance_cost": 1.851511657381878, "oscillation_cost": 40.91132664533728, "completition_cost": 0.0, "overshoot_cost": 49.71038525788409, "power_cost": 13.924034753417969, "noise_cost": 12.351008206645298, "n_waypoints_completed": 9, "tot_waypoints": 9}}
{"target": -184.6078770283182, "params": {"k_pid_pos": [1.3885554450422086, 0.024859491386256316, 0.11401919133455096], "k_pid_alt": [1.113216515173282, 0.0, 0.06527723447865985], "k_pid_att": [24.0942673894178, 5.313838088001456, 0.8739915892735461], "k_pid_yaw": [0.5, 1e-06, 0.1], "k_pid_hsp": [3.022941925987454, 0.1531003758033771, 0.01], "k_pid_vsp": [378.2079564087626, 355.21150340299164, 1.0]}, "datetime": {"datetime": "2025-08-21 12:56:28", "elapsed": 15105.083907365799, "delta": 15.862174272537231}, "costs": {"total_cost": 184.6078770283182, "time_cost": 69.008, "final_distance_cost": 1.825088598614907, "oscillation_cost": 40.03267203831999, "completition_cost": 0.0, "overshoot_cost": 49.895634252041475, "power_cost": 12.42525947265625, "noise_cost": 11.421222666685559, "n_waypoints_completed": 9, "tot_waypoints": 9}}
{"target": -207.07493550337836, "params": {"k_pid_pos": [1.3078103269235994, 0.024859491386256316, 0.11401919133455096], "k_pid_alt": [1.2679502233621702, 0.18194786008662167, 0.1576465649121419], "k_pid_att": [86.77411034131589, 7.284845820832624, 0.8739915892735461], "k_pid_yaw": [0.5, 1e-06, 0.1], "k_pid_hsp": [1.0, 0.1531003758033771, 0.01], "k_pid_vsp": [378.2079564087626, 355.21150340299164, 1.0]}, "datetime": {"datetime": "2025-08-21 12:56:46", "elapsed": 15123.389852762222, "delta": 18.30594539642334}, "costs": {"total_cost": 207.07493550337836, "time_cost": 80.568, "final_distance_cost": 1.7557152445189186, "oscillation_cost": 51.31187509888, "completition_cost": 0.0, "overshoot_cost": 50.93567434477141, "power_cost": 11.369732592773438, "noise_cost": 11.1339382224346, "n_waypoints_completed": 9, "tot_waypoints": 9}}
{"target": -186.3080487871735, "params": {"k_pid_pos": [1.3078103269235994, 0.024859491386256316, 0.07188833330086031], "k_pid_alt": [1.2679502233621702, 0.0, 0.1576465649121419], "k_pid_att": [59.20080306752875, 7.284845820832624, 0.8739915892735461], "k_pid_yaw": [0.5, 1e-06, 0.1], "k_pid_hsp": [1.0, 0.3530148293123191, 0.01], "k_pid_vsp": [378.2079564087626, 355.21150340299164, 1.0]}, "datetime": {"datetime": "2025-08-21 12:57:02", "elapsed": 15139.211736679077, "delta": 15.821883916854858}, "costs": {"total_cost": 186.3080487871735, "time_cost": 68.504, "final_distance_cost": 1.8044081451429363, "oscillation_cost": 44.903342058959105, "completition_cost": 0.0, "overshoot_cost": 49.884609356835384, "power_cost": 10.74543388671875, "noise_cost": 10.466255339517287, "n_waypoints_completed": 9, "tot_waypoints": 9}}
{"target": -195.5911892793627, "params": {"k_pid_pos": [1.3885554450422086, 0.024859491386256316, 0.12618627628651247], "k_pid_alt": [1.2679502233621702, 0.0, 0.5500846473514374], "k_pid_att": [58.989274729095186, 7.284845820832624, 0.8739915892735461], "k_pid_yaw": [0.5, 1e-06, 0.1], "k_pid_hsp": [6.3762109007134535, 0.1531003758033771, 0.01], "k_pid_vsp": [86.28438231591274, 355.21150340299164, 94.3185639740662]}, "datetime": {"datetime": "2025-08-21 12:57:18", "elapsed": 15154.66887998581, "delta": 15.457143306732178}, "costs": {"total_cost": 195.5911892793627, "time_cost": 69.32000000000001, "final_distance_cost": 1.828948234084365, "oscillation_cost": 48.10419130350358, "completition_cost": 0.0, "overshoot_cost": 49.080488841120726, "power_cost": 15.3099814453125, "noise_cost": 11.94757945534153, "n_waypoints_completed": 9, "tot_waypoints": 9}}
{"target": -191.8714233384328, "params": {"k_pid_pos": [1.3885554450422086, 0.024859491386256316, 0.11401919133455096], "k_pid_alt": [1.2679502233621702, 0.0, 0.06527723447865985], "k_pid_att": [24.0942673894178, 0.18205753750414305, 0.8739915892735461], "k_pid_yaw": [0.5, 1e-06, 0.1], "k_pid_hsp": [3.022941925987454, 0.1531003758033771, 0.01], "k_pid_vsp": [378.2079564087626, 355.21150340299164, 1.0]}, "datetime": {"datetime": "2025-08-21 12:57:34", "elapsed": 15170.80277466774, "delta": 16.133894681930542}, "costs": {"total_cost": 191.8714233384328, "time_cost": 70.232, "final_distance_cost": 1.797547699812099, "oscillation_cost": 41.590845255869844, "completition_cost": 0.0, "overshoot_cost": 50.96081517436467, "power_cost": 14.836925732421875, "noise_cost": 12.4532894759643, "n_waypoints_completed": 9, "tot_waypoints": 9}}
{"target": -179.3826902488994, "params": {"k_pid_pos": [1.3885554450422086, 0.024859491386256316, 0.11401919133455096], "k_pid_alt": [1.2679502233621702, 0.0, 0.1576465649121419], "k_pid_att": [58.989274729095186, 7.284845820832624, 0.8739915892735461], "k_pid_yaw": [0.5, 1e-06, 0.1], "k_pid_hsp": [1.0, 0.1531003758033771, 0.01], "k_pid_vsp": [378.2079564087626, 355.21150340299164, 1.0]}, "datetime": {"datetime": "2025-08-21 12:57:50", "elapsed": 15186.672848701477, "delta": 15.870074033737183}, "costs": {"total_cost": 179.3826902488994, "time_cost": 68.336, "final_distance_cost": 1.819466383548071, "oscillation_cost": 41.840783466704245, "completition_cost": 0.0, "overshoot_cost": 49.15178972224869, "power_cost": 8.92527392578125, "noise_cost": 9.309376750617126, "n_waypoints_completed": 9, "tot_waypoints": 9}}
{"target": -192.54370037976878, "params": {"k_pid_pos": [1.3885554450422086, 0.024859491386256316, 0.13666630474832364], "k_pid_alt": [1.2679502233621702, 0.0, 0.18554982971348166], "k_pid_att": [58.989274729095186, 7.284845820832624, 0.8739915892735461], "k_pid_yaw": [0.5, 1e-06, 0.1], "k_pid_hsp": [5.96863719712635, 0.3530148293123191, 0.01], "k_pid_vsp": [378.2079564087626, 355.21150340299164, 1.0]}, "datetime": {"datetime": "2025-08-21 12:58:06", "elapsed": 15202.541631698608, "delta": 15.868782997131348}, "costs": {"total_cost": 192.54370037976878, "time_cost": 69.056, "final_distance_cost": 1.7954994627138976, "oscillation_cost": 48.123802781963164, "completition_cost": 0.0, "overshoot_cost": 50.24365385193771, "power_cost": 12.083727563476563, "noise_cost": 11.241016719677441, "n_waypoints_completed": 9, "tot_waypoints": 9}}
{"target": -191.60835787708655, "params": {"k_pid_pos": [1.3885554450422086, 0.024859491386256316, 0.8100884609760892], "k_pid_alt": [1.2679502233621702, 0.0, 0.5500846473514374], "k_pid_att": [58.989274729095186, 7.284845820832624, 0.8739915892735461], "k_pid_yaw": [0.5, 1e-06, 0.1], "k_pid_hsp": [2.575161370303539, 0.1531003758033771, 0.01], "k_pid_vsp": [378.2079564087626, 355.21150340299164, 1.0]}, "datetime": {"datetime": "2025-08-21 12:58:23", "elapsed": 15219.544429779053, "delta": 17.002798080444336}, "costs": {"total_cost": 191.60835787708655, "time_cost": 73.392, "final_distance_cost": 1.8518401611883404, "oscillation_cost": 44.76650218986648, "completition_cost": 0.0, "overshoot_cost": 49.494801314129845, "power_cost": 10.90919754638672, "noise_cost": 11.19401666551517, "n_waypoints_completed": 9, "tot_waypoints": 9}}
{"target": -182.51757895568926, "params": {"k_pid_pos": [1.3885554450422086, 0.024859491386256316, 0.11401919133455096], "k_pid_alt": [1.408510096659571, 0.0, 0.06527723447865985], "k_pid_att": [58.989274729095186, 2.057470297840489, 0.8739915892735461], "k_pid_yaw": [0.5, 1e-06, 0.1], "k_pid_hsp": [1.0, 0.1531003758033771, 0.01], "k_pid_vsp": [378.2079564087626, 355.21150340299164, 1.0]}, "datetime": {"datetime": "2025-08-21 12:58:38", "elapsed": 15235.239560604095, "delta": 15.695130825042725}, "costs": {"total_cost": 182.51757895568926, "time_cost": 68.08800000000001, "final_distance_cost": 1.8031616516586977, "oscillation_cost": 39.84694176980147, "completition_cost": 0.0, "overshoot_cost": 49.84754593628737, "power_cost": 11.969672509765626, "noise_cost": 10.9622570881761, "n_waypoints_completed": 9, "tot_waypoints": 9}}
{"target": -201.87239880215145, "params": {"k_pid_pos": [1.3885554450422086, 0.024859491386256316, 0.11401919133455096], "k_pid_alt": [1.2679502233621702, 0.0, 0.1576465649121419], "k_pid_att": [24.0942673894178, 7.284845820832624, 0.6559199499296157], "k_pid_yaw": [0.5, 1e-06, 0.1], "k_pid_hsp": [1.0, 0.1531003758033771, 0.01], "k_pid_vsp": [378.2079564087626, 355.21150340299164, 1.0]}, "datetime": {"datetime": "2025-08-21 12:58:55", "elapsed": 15252.12934088707, "delta": 16.889780282974243}, "costs": {"total_cost": 201.87239880215145, "time_cost": 71.52, "final_distance_cost": 1.8041042962031313, "oscillation_cost": 42.84887749637834, "completition_cost": 0.0, "overshoot_cost": 51.04005032516456, "power_cost": 19.700705224609376, "noise_cost": 14.958661459796055, "n_waypoints_completed": 9, "tot_waypoints": 9}}
{"target": -187.5219675243137, "params": {"k_pid_pos": [1.3885554450422086, 0.024859491386256316, 0.4388587351883817], "k_pid_alt": [1.0913728054153844, 0.0, 0.1576465649121419], "k_pid_att": [33.41589308538913, 7.284845820832624, 0.3905569812448356], "k_pid_yaw": [0.5, 1e-06, 0.1], "k_pid_hsp": [3.022941925987454, 0.1531003758033771, 0.01], "k_pid_vsp": [378.2079564087626, 355.21150340299164, 1.0]}, "datetime": {"datetime": "2025-08-21 12:59:11", "elapsed": 15268.107468605042, "delta": 15.978127717971802}, "costs": {"total_cost": 187.5219675243137, "time_cost": 69.776, "final_distance_cost": 1.8395280074546798, "oscillation_cost": 49.80620379358872, "completition_cost": 0.0, "overshoot_cost": 48.77666680263654, "power_cost": 8.152580004882813, "noise_cost": 9.170988915750927, "n_waypoints_completed": 9, "tot_waypoints": 9}}
{"target": -200.39605492187314, "params": {"k_pid_pos": [0.60393984878084, 0.024859491386256316, 0.11401919133455096], "k_pid_alt": [1.2679502233621702, 0.0, 0.1576465649121419], "k_pid_att": [33.41589308538913, 7.284845820832624, 0.8739915892735461], "k_pid_yaw": [0.5, 1e-06, 0.1], "k_pid_hsp": [3.022941925987454, 0.1531003758033771, 0.01], "k_pid_vsp": [378.2079564087626, 355.21150340299164, 1.0]}, "datetime": {"datetime": "2025-08-21 12:59:29", "elapsed": 15286.248834371567, "delta": 18.14136576652527}, "costs": {"total_cost": 200.39605492187314, "time_cost": 78.88, "final_distance_cost": 1.8546831124700618, "oscillation_cost": 37.30767261724266, "completition_cost": 0.0, "overshoot_cost": 50.56731978175403, "power_cost": 16.80024104003906, "noise_cost": 14.98613837036735, "n_waypoints_completed": 9, "tot_waypoints": 9}}
{"target": -186.7141373127734, "params": {"k_pid_pos": [1.3885554450422086, 0.024859491386256316, 0.4388587351883817], "k_pid_alt": [1.2679502233621702, 0.0, 0.1576465649121419], "k_pid_att": [33.41589308538913, 7.284845820832624, 0.8739915892735461], "k_pid_yaw": [0.5, 1e-06, 0.1], "k_pid_hsp": [3.022941925987454, 0.4702638621486921, 0.01], "k_pid_vsp": [378.2079564087626, 355.21150340299164, 1.0]}, "datetime": {"datetime": "2025-08-21 12:59:45", "elapsed": 15301.873905658722, "delta": 15.625071287155151}, "costs": {"total_cost": 186.7141373127734, "time_cost": 69.744, "final_distance_cost": 1.8497471616915786, "oscillation_cost": 39.28151931451928, "completition_cost": 0.0, "overshoot_cost": 49.934021337164786, "power_cost": 13.650028881835938, "noise_cost": 12.254820617561812, "n_waypoints_completed": 9, "tot_waypoints": 9}}
{"target": -185.1659675902454, "params": {"k_pid_pos": [1.901325454231368, 0.024859491386256316, 0.4388587351883817], "k_pid_alt": [1.2679502233621702, 0.0, 0.1576465649121419], "k_pid_att": [33.41589308538913, 7.284845820832624, 0.8739915892735461], "k_pid_yaw": [0.5, 1e-06, 0.1], "k_pid_hsp": [1.0, 0.1531003758033771, 0.01], "k_pid_vsp": [378.2079564087626, 355.21150340299164, 1.0]}, "datetime": {"datetime": "2025-08-21 13:00:01", "elapsed": 15318.403665304184, "delta": 16.529759645462036}, "costs": {"total_cost": 185.1659675902454, "time_cost": 68.384, "final_distance_cost": 1.796961822646417, "oscillation_cost": 42.8870805724615, "completition_cost": 0.0, "overshoot_cost": 50.047679986690994, "power_cost": 11.464948339843751, "noise_cost": 10.585296868602729, "n_waypoints_completed": 9, "tot_waypoints": 9}}
{"target": -181.561847553859, "params": {"k_pid_pos": [1.3885554450422086, 0.024859491386256316, 0.11401919133455096], "k_pid_alt": [1.2679502233621702, 0.0, 0.1576465649121419], "k_pid_att": [58.989274729095186, 7.284845820832624, 0.8739915892735461], "k_pid_yaw": [0.5, 1e-06, 0.1], "k_pid_hsp": [1.0, 0.1531003758033771, 0.01], "k_pid_vsp": [378.2079564087626, 355.21150340299164, 1.0]}, "datetime": {"datetime": "2025-08-21 13:00:17", "elapsed": 15334.037291049957, "delta": 15.633625745773315}, "costs": {"total_cost": 181.561847553859, "time_cost": 68.304, "final_distance_cost": 1.7884433298860767, "oscillation_cost": 39.31862500714532, "completition_cost": 0.0, "overshoot_cost": 49.32155038744691, "power_cost": 11.873823645019533, "noise_cost": 10.955405184361155, "n_waypoints_completed": 9, "tot_waypoints": 9}}
{"target": -179.10850791791006, "params": {"k_pid_pos": [1.3885554450422086, 0.024859491386256316, 0.11401919133455096], "k_pid_alt": [1.2679502233621702, 0.0, 0.06527723447865985], "k_pid_att": [24.0942673894178, 7.284845820832624, 0.8739915892735461], "k_pid_yaw": [0.5, 1e-06, 0.1], "k_pid_hsp": [3.022941925987454, 0.1531003758033771, 0.01], "k_pid_vsp": [378.2079564087626, 355.21150340299164, 1.0]}, "datetime": {"datetime": "2025-08-21 13:00:33", "elapsed": 15349.66817355156, "delta": 15.630882501602173}, "costs": {"total_cost": 179.10850791791006, "time_cost": 68.2, "final_distance_cost": 1.806758088959236, "oscillation_cost": 39.26687455718446, "completition_cost": 0.0, "overshoot_cost": 49.408549101199604, "power_cost": 10.2280818359375, "noise_cost": 10.19824433462923, "n_waypoints_completed": 9, "tot_waypoints": 9}}
{"target": -192.2899940996322, "params": {"k_pid_pos": [1.3885554450422086, 0.024859491386256316, 0.8100884609760892], "k_pid_alt": [1.2679502233621702, 0.0, 0.5500846473514374], "k_pid_att": [58.989274729095186, 7.284845820832624, 0.8739915892735461], "k_pid_yaw": [0.5, 1e-06, 0.1], "k_pid_hsp": [2.575161370303539, 0.1531003758033771, 0.01], "k_pid_vsp": [366.9222945638871, 355.21150340299164, 1.0]}, "datetime": {"datetime": "2025-08-21 13:00:49", "elapsed": 15366.256861448288, "delta": 16.588687896728516}, "costs": {"total_cost": 192.2899940996322, "time_cost": 73.664, "final_distance_cost": 1.8512745402676463, "oscillation_cost": 43.90803386513697, "completition_cost": 0.0, "overshoot_cost": 49.80748735897097, "power_cost": 11.500683337402345, "noise_cost": 11.558514997854287, "n_waypoints_completed": 9, "tot_waypoints": 9}}
{"target": -194.50887446578255, "params": {"k_pid_pos": [1.3885554450422086, 0.024859491386256316, 0.13666630474832364], "k_pid_alt": [0.9730264988067046, 0.0, 0.22260652447727036], "k_pid_att": [50.98074059285719, 1.6378108886447933, 0.8739915892735461], "k_pid_yaw": [0.5, 1e-06, 0.1], "k_pid_hsp": [1.0, 0.3530148293123191, 0.01], "k_pid_vsp": [378.2079564087626, 355.21150340299164, 1.0]}, "datetime": {"datetime": "2025-08-21 13:01:06", "elapsed": 15382.917021989822, "delta": 16.660160541534424}, "costs": {"total_cost": 194.50887446578255, "time_cost": 70.392, "final_distance_cost": 1.8298357175416429, "oscillation_cost": 43.44915899988174, "completition_cost": 0.0, "overshoot_cost": 49.828400260309934, "power_cost": 15.973487158203126, "noise_cost": 13.035992329846113, "n_waypoints_completed": 9, "tot_waypoints": 9}}
{"target": -223.30094652575903, "params": {"k_pid_pos": [1.3885554450422086, 0.024859491386256316, 0.13666630474832364], "k_pid_alt": [1.3330929626588723, 0.7870035212722968, 0.18554982971348166], "k_pid_att": [58.989274729095186, 7.284845820832624, 0.8739915892735461], "k_pid_yaw": [0.5, 1e-06, 0.1], "k_pid_hsp": [5.96863719712635, 0.3530148293123191, 0.01], "k_pid_vsp": [378.2079564087626, 355.21150340299164, 1.0]}, "datetime": {"datetime": "2025-08-21 13:01:24", "elapsed": 15401.25766825676, "delta": 18.340646266937256}, "costs": {"total_cost": 223.30094652575903, "time_cost": 80.872, "final_distance_cost": 1.7852579812470555, "oscillation_cost": 55.74105887594753, "completition_cost": 0.0, "overshoot_cost": 53.16762825941744, "power_cost": 17.639783264160158, "noise_cost": 14.09521814498689, "n_waypoints_completed": 9, "tot_waypoints": 9}}
{"target": -189.83089992329704, "params": {"k_pid_pos": [1.3885554450422086, 0.024859491386256316, 0.8100884609760892], "k_pid_alt": [1.2679502233621702, 0.0, 0.5500846473514374], "k_pid_att": [58.989274729095186, 7.284845820832624, 0.8739915892735461], "k_pid_yaw": [0.5, 1e-06, 0.1], "k_pid_hsp": [2.575161370303539, 0.1531003758033771, 0.01], "k_pid_vsp": [378.2079564087626, 355.21150340299164, 1.0]}, "datetime": {"datetime": "2025-08-21 13:01:42", "elapsed": 15418.487398147583, "delta": 17.229729890823364}, "costs": {"total_cost": 189.83089992329704, "time_cost": 73.64, "final_distance_cost": 1.8447496423055663, "oscillation_cost": 39.08285849502034, "completition_cost": 0.0, "overshoot_cost": 49.92922829326826, "power_cost": 13.033776501464844, "noise_cost": 12.300286991238016, "n_waypoints_completed": 9, "tot_waypoints": 9}}
{"target": -189.0798184049066, "params": {"k_pid_pos": [1.3078103269235994, 0.024859491386256316, 0.11401919133455096], "k_pid_alt": [1.2679502233621702, 0.0, 0.5500846473514374], "k_pid_att": [58.989274729095186, 7.284845820832624, 0.6556425588286899], "k_pid_yaw": [0.5, 1e-06, 0.1], "k_pid_hsp": [1.0, 0.1531003758033771, 0.01], "k_pid_vsp": [378.2079564087626, 57.129046615745594, 1.0]}, "datetime": {"datetime": "2025-08-21 13:01:58", "elapsed": 15434.872218608856, "delta": 16.384820461273193}, "costs": {"total_cost": 189.0798184049066, "time_cost": 70.608, "final_distance_cost": 1.8290125602441558, "oscillation_cost": 39.189388833637864, "completition_cost": 0.0, "overshoot_cost": 50.71387750005487, "power_cost": 14.360971948242188, "noise_cost": 12.378567562727513, "n_waypoints_completed": 9, "tot_waypoints": 9}}
{"target": -191.43631552539512, "params": {"k_pid_pos": [1.901325454231368, 0.024859491386256316, 0.4388587351883817], "k_pid_alt": [1.2679502233621702, 0.0, 0.1576465649121419], "k_pid_att": [33.41589308538913, 7.284845820832624, 0.8739915892735461], "k_pid_yaw": [0.5, 1e-06, 0.1], "k_pid_hsp": [1.0, 0.1531003758033771, 0.01], "k_pid_vsp": [378.2079564087626, 355.21150340299164, 1.0]}, "datetime": {"datetime": "2025-08-21 13:02:13", "elapsed": 15450.217843294144, "delta": 15.345624685287476}, "costs": {"total_cost": 191.43631552539512, "time_cost": 69.08, "final_distance_cost": 1.7989993938606168, "oscillation_cost": 42.66781465184056, "completition_cost": 0.0, "overshoot_cost": 50.355856998941164, "power_cost": 15.074590612792969, "noise_cost": 12.459053867959819, "n_waypoints_completed": 9, "tot_waypoints": 9}}
