{"target": -200.38394789585578, "params": {"k_pid_pos": [1.3078103269235994, 0.024859491386256316, 0.11401919133455096], "k_pid_alt": [1.2679502233621702, 0.0, 0.06527723447865985], "k_pid_att": [24.0942673894178, 7.284845820832624, 0.8739915892735461], "k_pid_yaw": [0.5, 1e-06, 0.1], "k_pid_hsp": [1.0, 0.01, 0.01], "k_pid_vsp": [153.0622015256548, 84.00193632023473, 1.0]}, "datetime": {"datetime": "2025-08-21 11:53:45", "elapsed": 11341.976078748703, "delta": 17.066012620925903}, "costs": {"total_cost": 200.38394789585578, "time_cost": 73.48, "final_distance_cost": 1.8143435580677423, "oscillation_cost": 39.89325256730618, "completition_cost": 0.0, "overshoot_cost": 53.197908146899756, "power_cost": 17.91097664794922, "noise_cost": 14.087466975632887, "n_waypoints_completed": 9, "tot_waypoints": 9}}
{"target": -185.47024863610628, "params": {"k_pid_pos": [1.3078103269235994, 0.024859491386256316, 0.11401919133455096], "k_pid_alt": [1.2679502233621702, 0.0, 0.06527723447865985], "k_pid_att": [24.0942673894178, 7.284845820832624, 0.8739915892735461], "k_pid_yaw": [0.5, 1e-06, 0.1], "k_pid_hsp": [5.128277129725155, 0.1531003758033771, 0.01], "k_pid_vsp": [378.2079564087626, 355.21150340299164, 1.0]}, "datetime": {"datetime": "2025-08-21 11:54:00", "elapsed": 11357.11461353302, "delta": 15.138534784317017}, "costs": {"total_cost": 185.47024863610628, "time_cost": 68.528, "final_distance_cost": 1.830222814050918, "oscillation_cost": 42.50525860826425, "completition_cost": 0.0, "overshoot_cost": 49.54837466330274, "power_cost": 11.809213513183595, "noise_cost": 11.249179037304772, "n_waypoints_completed": 9, "tot_waypoints": 9}}
{"target": -199.90730903757498, "params": {"k_pid_pos": [1.1496839804071068, 0.32941221611176796, 0.11401919133455096], "k_pid_alt": [0.7194253153428574, 0.0, 0.016491258977649914], "k_pid_att": [68.8149331475618, 4.028010644934719, 0.9274604585040267], "k_pid_yaw": [0.5, 1e-06, 0.1], "k_pid_hsp": [1.5353014571438959, 0.34449621874560377, 0.01], "k_pid_vsp": [378.2079564087626, 355.21150340299164, 1.0]}, "datetime": {"datetime": "2025-08-21 11:54:18", "elapsed": 11375.22454738617, "delta": 18.109933853149414}, "costs": {"total_cost": 199.90730903757498, "time_cost": 78.456, "final_distance_cost": 1.7992691913646992, "oscillation_cost": 46.10518345971144, "completition_cost": 0.0, "overshoot_cost": 51.050323200059594, "power_cost": 11.374455529785157, "noise_cost": 11.122077656654088, "n_waypoints_completed": 9, "tot_waypoints": 9}}
{"target": -191.26082091687266, "params": {"k_pid_pos": [1.1496839804071068, 0.024859491386256316, 0.11401919133455096], "k_pid_alt": [1.961806136254105, 0.0, 0.016491258977649914], "k_pid_att": [20.236336479523032, 5.556263249731063, 0.5680009751981364], "k_pid_yaw": [0.5, 1e-06, 0.1], "k_pid_hsp": [1.5353014571438959, 0.6481168050241883, 0.01], "k_pid_vsp": [153.0622015256548, 355.21150340299164, 17.132000594645874]}, "datetime": {"datetime": "2025-08-21 11:54:38", "elapsed": 11394.924469470978, "delta": 19.69992208480835}, "costs": {"total_cost": 191.26082091687266, "time_cost": 68.608, "final_distance_cost": 1.8445938190082656, "oscillation_cost": 46.272561276458, "completition_cost": 0.0, "overshoot_cost": 48.6434075802124, "power_cost": 14.311181677246095, "noise_cost": 11.581076563947917, "n_waypoints_completed": 9, "tot_waypoints": 9}}
{"target": -198.34004737607086, "params": {"k_pid_pos": [1.1496839804071068, 0.024859491386256316, 0.11401919133455096], "k_pid_alt": [1.961806136254105, 0.0, 0.016491258977649914], "k_pid_att": [20.236336479523032, 3.0596356458441103, 0.9274604585040267], "k_pid_yaw": [0.5, 1e-06, 0.1], "k_pid_hsp": [3.226465079465205, 0.01, 0.01], "k_pid_vsp": [277.2708477836043, 351.388862279923, 131.29633191148946]}, "datetime": {"datetime": "2025-08-21 11:54:56", "elapsed": 11412.559309959412, "delta": 17.634840488433838}, "costs": {"total_cost": 198.34004737607086, "time_cost": 68.168, "final_distance_cost": 1.8384033890128926, "oscillation_cost": 44.789674884299004, "completition_cost": 0.0, "overshoot_cost": 49.63240636777108, "power_cost": 19.488347033691408, "noise_cost": 14.423215701296431, "n_waypoints_completed": 9, "tot_waypoints": 9}}
{"target": -322.07454422346296, "params": {"k_pid_pos": [1.4999912498542303, 0.024859491386256316, 0.11401919133455096], "k_pid_alt": [1.2679502233621702, 0.4729790851720672, 0.4062141140084401], "k_pid_att": [39.909449977216326, 7.284845820832624, 0.8739915892735461], "k_pid_yaw": [0.5, 1e-06, 0.1], "k_pid_hsp": [1.5353014571438959, 0.7739988220946491, 0.304289828476366], "k_pid_vsp": [153.0622015256548, 355.21150340299164, 17.132000594645874]}, "datetime": {"datetime": "2025-08-21 11:55:13", "elapsed": 11430.35038280487, "delta": 17.791072845458984}, "costs": {"total_cost": 322.07454422346296, "time_cost": 77.248, "final_distance_cost": 1.756254612555748, "oscillation_cost": 166.95373158783556, "completition_cost": 0.0, "overshoot_cost": 51.85444159317779, "power_cost": 13.271817041015625, "noise_cost": 10.9902993888782, "n_waypoints_completed": 9, "tot_waypoints": 9}}
{"target": -207.08693318912108, "params": {"k_pid_pos": [1.4999912498542303, 0.024859491386256316, 0.5985106346815843], "k_pid_alt": [1.2679502233621702, 0.7835892709655194, 0.06527723447865985], "k_pid_att": [24.0942673894178, 7.284845820832624, 0.8739915892735461], "k_pid_yaw": [0.5, 1e-06, 0.1], "k_pid_hsp": [5.128277129725155, 0.1531003758033771, 0.01], "k_pid_vsp": [378.2079564087626, 355.21150340299164, 1.0]}, "datetime": {"datetime": "2025-08-21 11:55:31", "elapsed": 11448.056228399277, "delta": 17.705845594406128}, "costs": {"total_cost": 207.08693318912108, "time_cost": 77.656, "final_distance_cost": 1.7830966315268604, "oscillation_cost": 52.42385360516207, "completition_cost": 0.0, "overshoot_cost": 51.39678070339429, "power_cost": 12.374773303222657, "noise_cost": 11.452428945815203, "n_waypoints_completed": 9, "tot_waypoints": 9}}
{"target": -194.42586517623326, "params": {"k_pid_pos": [1.3078103269235994, 0.024859491386256316, 0.11401919133455096], "k_pid_alt": [1.2679502233621702, 0.0, 0.1576465649121419], "k_pid_att": [39.909449977216326, 7.284845820832624, 0.8739915892735461], "k_pid_yaw": [0.5, 1e-06, 0.1], "k_pid_hsp": [3.226465079465205, 0.01, 0.01], "k_pid_vsp": [277.2708477836043, 351.388862279923, 131.29633191148946]}, "datetime": {"datetime": "2025-08-21 11:55:47", "elapsed": 11463.616716861725, "delta": 15.56048846244812}, "costs": {"total_cost": 194.42586517623326, "time_cost": 69.144, "final_distance_cost": 1.8216639067657951, "oscillation_cost": 45.3958474726652, "completition_cost": 0.0, "overshoot_cost": 49.84379020048024, "power_cost": 15.773984729003907, "noise_cost": 12.446578867318129, "n_waypoints_completed": 9, "tot_waypoints": 9}}
{"target": -193.2372551697104, "params": {"k_pid_pos": [1.3078103269235994, 0.024859491386256316, 0.34448922264239656], "k_pid_alt": [1.2679502233621702, 0.0, 0.06527723447865985], "k_pid_att": [58.989274729095186, 7.284845820832624, 0.8739915892735461], "k_pid_yaw": [0.5, 1e-06, 0.1], "k_pid_hsp": [1.0, 0.01, 0.01], "k_pid_vsp": [153.0622015256548, 84.00193632023473, 1.0]}, "datetime": {"datetime": "2025-08-21 11:56:03", "elapsed": 11480.12963438034, "delta": 16.512917518615723}, "costs": {"total_cost": 193.2372551697104, "time_cost": 72.264, "final_distance_cost": 1.8392717160919798, "oscillation_cost": 42.26185482437143, "completition_cost": 0.0, "overshoot_cost": 49.96725627107268, "power_cost": 14.193099572753907, "noise_cost": 12.711772785420408, "n_waypoints_completed": 9, "tot_waypoints": 9}}
{"target": -226.79485931623637, "params": {"k_pid_pos": [1.1496839804071068, 0.4372615757381064, 0.11401919133455096], "k_pid_alt": [0.7194253153428574, 0.0, 0.7650179989319748], "k_pid_att": [17.813414374173632, 0.0032441649989051976, 0.7232883358152038], "k_pid_yaw": [0.5, 1e-06, 0.1], "k_pid_hsp": [1.0, 0.01, 0.01], "k_pid_vsp": [153.0622015256548, 84.00193632023473, 1.0]}, "datetime": {"datetime": "2025-08-21 11:56:24", "elapsed": 11501.412760734558, "delta": 21.28312635421753}, "costs": {"total_cost": 226.79485931623637, "time_cost": 93.256, "final_distance_cost": 1.8535341305570159, "oscillation_cost": 46.7551931072087, "completition_cost": 0.0, "overshoot_cost": 51.580916154328186, "power_cost": 17.29918162841797, "noise_cost": 16.050034295724476, "n_waypoints_completed": 9, "tot_waypoints": 9}}
{"target": -194.81560857105237, "params": {"k_pid_pos": [1.3885554450422086, 0.024859491386256316, 0.11401919133455096], "k_pid_alt": [1.2679502233621702, 0.0, 0.512921577555336], "k_pid_att": [27.406759869572184, 3.0596356458441103, 0.9274604585040267], "k_pid_yaw": [0.5, 1e-06, 0.1], "k_pid_hsp": [1.5353014571438959, 0.01, 0.01], "k_pid_vsp": [153.0622015256548, 355.21150340299164, 119.24761092908695]}, "datetime": {"datetime": "2025-08-21 11:56:40", "elapsed": 11517.264390707016, "delta": 15.851629972457886}, "costs": {"total_cost": 194.81560857105237, "time_cost": 70.496, "final_distance_cost": 1.8280696616433239, "oscillation_cost": 45.77740842848892, "completition_cost": 0.0, "overshoot_cost": 49.51453831023215, "power_cost": 15.274628125000001, "noise_cost": 11.924964045687975, "n_waypoints_completed": 9, "tot_waypoints": 9}}
{"target": -1118.8240101545578, "params": {"k_pid_pos": [0.06339719641167633, 0.024859491386256316, 0.11401919133455096], "k_pid_alt": [1.961806136254105, 0.0, 0.016491258977649914], "k_pid_att": [20.236336479523032, 3.0596356458441103, 0.9274604585040267], "k_pid_yaw": [0.5, 1e-06, 0.1], "k_pid_hsp": [9.822050525885613, 0.01, 0.01], "k_pid_vsp": [154.63063811092618, 69.46038294301658, 1.0]}, "datetime": {"datetime": "2025-08-21 11:57:03", "elapsed": 11539.993245363235, "delta": 22.728854656219482}, "costs": {"total_cost": 1118.8240101545578, "time_cost": 150, "final_distance_cost": 85.99900147037832, "oscillation_cost": 23.10929250236059, "completition_cost": 777.7777777777778, "overshoot_cost": 52.764940690541664, "power_cost": 15.35554110107422, "noise_cost": 13.81745661242504, "n_waypoints_completed": 2, "tot_waypoints": 9}}
{"target": -186.48737475232855, "params": {"k_pid_pos": [1.3078103269235994, 0.024859491386256316, 0.11401919133455096], "k_pid_alt": [1.2679502233621702, 0.0, 0.06527723447865985], "k_pid_att": [58.989274729095186, 0.0889010446451618, 0.8739915892735461], "k_pid_yaw": [0.5, 1e-06, 0.1], "k_pid_hsp": [1.0, 0.01, 0.01], "k_pid_vsp": [179.49655965827282, 84.00193632023473, 1.0]}, "datetime": {"datetime": "2025-08-21 11:57:19", "elapsed": 11555.776964902878, "delta": 15.783719539642334}, "costs": {"total_cost": 186.48737475232855, "time_cost": 69.384, "final_distance_cost": 1.8231286645205917, "oscillation_cost": 37.30466346140664, "completition_cost": 0.0, "overshoot_cost": 51.01403363436321, "power_cost": 14.454263354492188, "noise_cost": 12.507285637545905, "n_waypoints_completed": 9, "tot_waypoints": 9}}
{"target": -180.07244592121788, "params": {"k_pid_pos": [1.3885554450422086, 0.024859491386256316, 0.11401919133455096], "k_pid_alt": [1.2679502233621702, 0.0, 0.1576465649121419], "k_pid_att": [58.989274729095186, 7.284845820832624, 0.8739915892735461], "k_pid_yaw": [0.5, 1e-06, 0.1], "k_pid_hsp": [1.0, 0.1531003758033771, 0.01], "k_pid_vsp": [378.2079564087626, 355.21150340299164, 1.0]}, "datetime": {"datetime": "2025-08-21 11:57:34", "elapsed": 11571.319541931152, "delta": 15.542577028274536}, "costs": {"total_cost": 180.07244592121788, "time_cost": 68.416, "final_distance_cost": 1.7902315268131925, "oscillation_cost": 40.07104873121497, "completition_cost": 0.0, "overshoot_cost": 49.59025659119523, "power_cost": 10.065783850097656, "noise_cost": 10.139125221896842, "n_waypoints_completed": 9, "tot_waypoints": 9}}
{"target": -198.3888641398183, "params": {"k_pid_pos": [1.3078103269235994, 0.024859491386256316, 0.11401919133455096], "k_pid_alt": [1.2679502233621702, 0.0, 0.06527723447865985], "k_pid_att": [58.989274729095186, 1.109420231168994, 0.3952346537588943], "k_pid_yaw": [0.5, 1e-06, 0.1], "k_pid_hsp": [1.5353014571438959, 0.01, 0.01], "k_pid_vsp": [105.92349492693351, 221.6078012742647, 1.0]}, "datetime": {"datetime": "2025-08-21 11:57:50", "elapsed": 11587.413566827774, "delta": 16.094024896621704}, "costs": {"total_cost": 198.3888641398183, "time_cost": 71.664, "final_distance_cost": 1.8078336603817269, "oscillation_cost": 41.31027639292063, "completition_cost": 0.0, "overshoot_cost": 51.320850541111014, "power_cost": 17.980500109863282, "noise_cost": 14.305403435541653, "n_waypoints_completed": 9, "tot_waypoints": 9}}
{"target": -200.31075424711813, "params": {"k_pid_pos": [1.3078103269235994, 0.024859491386256316, 0.11401919133455096], "k_pid_alt": [1.2679502233621702, 0.0, 0.06527723447865985], "k_pid_att": [58.989274729095186, 0.1829435822487251, 0.3952346537588943], "k_pid_yaw": [0.5, 1e-06, 0.1], "k_pid_hsp": [1.5353014571438959, 0.01, 0.01], "k_pid_vsp": [150.0, 221.6078012742647, 1.0]}, "datetime": {"datetime": "2025-08-21 11:58:07", "elapsed": 11604.273603200912, "delta": 16.860036373138428}, "costs": {"total_cost": 200.31075424711813, "time_cost": 73.208, "final_distance_cost": 1.8263794667378386, "oscillation_cost": 38.30307756933348, "completition_cost": 0.0, "overshoot_cost": 53.34557406801256, "power_cost": 18.83472254638672, "noise_cost": 14.79300059664751, "n_waypoints_completed": 9, "tot_waypoints": 9}}
{"target": -185.2266607741691, "params": {"k_pid_pos": [1.3885554450422086, 0.024859491386256316, 0.11401919133455096], "k_pid_alt": [1.2679502233621702, 0.0, 0.1576465649121419], "k_pid_att": [58.989274729095186, 7.284845820832624, 0.8739915892735461], "k_pid_yaw": [0.5, 1e-06, 0.1], "k_pid_hsp": [1.0, 0.1531003758033771, 0.01], "k_pid_vsp": [378.2079564087626, 355.21150340299164, 1.0]}, "datetime": {"datetime": "2025-08-21 11:58:23", "elapsed": 11620.326534986496, "delta": 16.052931785583496}, "costs": {"total_cost": 185.2266607741691, "time_cost": 68.808, "final_distance_cost": 1.8179764696075191, "oscillation_cost": 38.71622895534184, "completition_cost": 0.0, "overshoot_cost": 49.964896982507135, "power_cost": 13.976706970214844, "noise_cost": 11.94285139649775, "n_waypoints_completed": 9, "tot_waypoints": 9}}
{"target": -180.70555987603686, "params": {"k_pid_pos": [1.3885554450422086, 0.024859491386256316, 0.11401919133455096], "k_pid_alt": [1.2679502233621702, 0.0, 0.1576465649121419], "k_pid_att": [58.989274729095186, 7.284845820832624, 0.8739915892735461], "k_pid_yaw": [0.5, 1e-06, 0.1], "k_pid_hsp": [1.0, 0.1531003758033771, 0.01], "k_pid_vsp": [378.2079564087626, 355.21150340299164, 1.0]}, "datetime": {"datetime": "2025-08-21 11:58:39", "elapsed": 11635.877046346664, "delta": 15.550511360168457}, "costs": {"total_cost": 180.70555987603686, "time_cost": 68.36, "final_distance_cost": 1.8183433184606144, "oscillation_cost": 40.32004902015467, "completition_cost": 0.0, "overshoot_cost": 49.25974527029338, "power_cost": 10.705638891601563, "noise_cost": 10.241783375526643, "n_waypoints_completed": 9, "tot_waypoints": 9}}
{"target": -208.09524811531074, "params": {"k_pid_pos": [1.3078103269235994, 0.024859491386256316, 0.11401919133455096], "k_pid_alt": [1.2679502233621702, 0.0, 0.8348396761435622], "k_pid_att": [94.27907641276623, 9.579728616174156, 0.03545872694893892], "k_pid_yaw": [0.5, 1e-06, 0.1], "k_pid_hsp": [1.5353014571438959, 0.1531003758033771, 0.01], "k_pid_vsp": [378.2079564087626, 156.5077636423909, 10.69915016599017]}, "datetime": {"datetime": "2025-08-21 11:58:56", "elapsed": 11652.779457330704, "delta": 16.902410984039307}, "costs": {"total_cost": 208.09524811531074, "time_cost": 71.608, "final_distance_cost": 1.8237522149356868, "oscillation_cost": 50.9648259088714, "completition_cost": 0.0, "overshoot_cost": 50.77980313615641, "power_cost": 18.701972692871095, "noise_cost": 14.216894162476155, "n_waypoints_completed": 9, "tot_waypoints": 9}}
{"target": -184.05638668999308, "params": {"k_pid_pos": [1.3078103269235994, 0.024859491386256316, 0.11401919133455096], "k_pid_alt": [1.2679502233621702, 0.0, 0.06527723447865985], "k_pid_att": [24.0942673894178, 7.284845820832624, 0.8739915892735461], "k_pid_yaw": [0.5, 1e-06, 0.1], "k_pid_hsp": [3.3560449345655647, 0.1531003758033771, 0.01], "k_pid_vsp": [378.2079564087626, 355.21150340299164, 37.23086544794797]}, "datetime": {"datetime": "2025-08-21 11:59:11", "elapsed": 11668.407935619354, "delta": 15.628478288650513}, "costs": {"total_cost": 184.05638668999308, "time_cost": 68.08, "final_distance_cost": 1.8347913939418545, "oscillation_cost": 46.253500236212886, "completition_cost": 0.0, "overshoot_cost": 49.31757846053414, "power_cost": 9.919354675292968, "noise_cost": 8.651161924011223, "n_waypoints_completed": 9, "tot_waypoints": 9}}
{"target": -179.5123351191886, "params": {"k_pid_pos": [1.3078103269235994, 0.024859491386256316, 0.11401919133455096], "k_pid_alt": [1.2679502233621702, 0.0, 0.06527723447865985], "k_pid_att": [24.0942673894178, 7.284845820832624, 0.8739915892735461], "k_pid_yaw": [0.5, 1e-06, 0.1], "k_pid_hsp": [1.0, 0.1531003758033771, 0.01], "k_pid_vsp": [378.2079564087626, 355.21150340299164, 1.0]}, "datetime": {"datetime": "2025-08-21 11:59:28", "elapsed": 11684.575734615326, "delta": 16.16779899597168}, "costs": {"total_cost": 179.5123351191886, "time_cost": 68.256, "final_distance_cost": 1.8173118861961999, "oscillation_cost": 39.38995418825822, "completition_cost": 0.0, "overshoot_cost": 49.589325937337534, "power_cost": 10.361313867187501, "noise_cost": 10.09842924020916, "n_waypoints_completed": 9, "tot_waypoints": 9}}
{"target": -189.15043620249264, "params": {"k_pid_pos": [1.3885554450422086, 0.024859491386256316, 0.11401919133455096], "k_pid_alt": [1.2679502233621702, 0.0, 0.1576465649121419], "k_pid_att": [58.989274729095186, 7.284845820832624, 0.8739915892735461], "k_pid_yaw": [0.5, 1e-06, 0.1], "k_pid_hsp": [5.128277129725155, 0.1531003758033771, 0.01], "k_pid_vsp": [378.2079564087626, 355.21150340299164, 1.0]}, "datetime": {"datetime": "2025-08-21 11:59:43", "elapsed": 11700.268099069595, "delta": 15.69236445426941}, "costs": {"total_cost": 189.15043620249264, "time_cost": 69.248, "final_distance_cost": 1.797805920409183, "oscillation_cost": 44.18110302741041, "completition_cost": 0.0, "overshoot_cost": 49.83093170502203, "power_cost": 12.579993383789063, "noise_cost": 11.512602165861956, "n_waypoints_completed": 9, "tot_waypoints": 9}}
{"target": -190.76395089130975, "params": {"k_pid_pos": [1.1496839804071068, 0.024859491386256316, 0.11401919133455096], "k_pid_alt": [1.2679502233621702, 0.0, 0.7341880218690575], "k_pid_att": [58.989274729095186, 7.284845820832624, 0.6954414552103283], "k_pid_yaw": [0.5, 1e-06, 0.1], "k_pid_hsp": [1.0, 0.1531003758033771, 0.01], "k_pid_vsp": [378.2079564087626, 355.21150340299164, 1.0]}, "datetime": {"datetime": "2025-08-21 12:00:00", "elapsed": 11717.17417550087, "delta": 16.906076431274414}, "costs": {"total_cost": 190.76395089130975, "time_cost": 71.392, "final_distance_cost": 1.8347748296510322, "oscillation_cost": 41.13758520946127, "completition_cost": 0.0, "overshoot_cost": 49.3757864496593, "power_cost": 14.609767626953126, "noise_cost": 12.414036775585004, "n_waypoints_completed": 9, "tot_waypoints": 9}}
{"target": -196.92099846510766, "params": {"k_pid_pos": [1.3885554450422086, 0.024859491386256316, 0.7180997852669284], "k_pid_alt": [1.961806136254105, 0.0, 0.016491258977649914], "k_pid_att": [20.236336479523032, 5.556263249731063, 0.5680009751981364], "k_pid_yaw": [0.5, 1e-06, 0.1], "k_pid_hsp": [1.5353014571438959, 0.6481168050241883, 0.01], "k_pid_vsp": [153.0622015256548, 355.21150340299164, 17.132000594645874]}, "datetime": {"datetime": "2025-08-21 12:00:18", "elapsed": 11734.713163614273, "delta": 17.53898811340332}, "costs": {"total_cost": 196.92099846510766, "time_cost": 69.696, "final_distance_cost": 1.851153060267347, "oscillation_cost": 50.161897032879324, "completition_cost": 0.0, "overshoot_cost": 48.666781025741976, "power_cost": 14.931251281738282, "noise_cost": 11.613916064480758, "n_waypoints_completed": 9, "tot_waypoints": 9}}
{"target": -192.42593042636395, "params": {"k_pid_pos": [1.3885554450422086, 0.024859491386256316, 0.11401919133455096], "k_pid_alt": [1.2679502233621702, 0.0, 0.512921577555336], "k_pid_att": [27.406759869572184, 3.0596356458441103, 0.9274604585040267], "k_pid_yaw": [0.5, 1e-06, 0.1], "k_pid_hsp": [1.5353014571438959, 0.1601774916667501, 0.01], "k_pid_vsp": [153.0622015256548, 355.21150340299164, 119.24761092908695]}, "datetime": {"datetime": "2025-08-21 12:00:35", "elapsed": 11752.223752260208, "delta": 17.51058864593506}, "costs": {"total_cost": 192.42593042636395, "time_cost": 68.896, "final_distance_cost": 1.8193715035656157, "oscillation_cost": 42.50222242904697, "completition_cost": 0.0, "overshoot_cost": 50.00346623310163, "power_cost": 16.742499365234377, "noise_cost": 12.462370895415333, "n_waypoints_completed": 9, "tot_waypoints": 9}}
{"target": -218.89594285013118, "params": {"k_pid_pos": [1.3078103269235994, 0.4270214819009781, 0.40092638265648595], "k_pid_alt": [1.2679502233621702, 0.0, 0.06527723447865985], "k_pid_att": [58.989274729095186, 0.1829435822487251, 0.3952346537588943], "k_pid_yaw": [0.5, 1e-06, 0.1], "k_pid_hsp": [1.5353014571438959, 0.01, 0.01], "k_pid_vsp": [150.0, 221.6078012742647, 1.0]}, "datetime": {"datetime": "2025-08-21 12:00:56", "elapsed": 11772.682031393051, "delta": 20.458279132843018}, "costs": {"total_cost": 218.89594285013118, "time_cost": 82.21600000000001, "final_distance_cost": 1.796715437758347, "oscillation_cost": 47.05637038391988, "completition_cost": 0.0, "overshoot_cost": 53.00048840064996, "power_cost": 19.29026529541016, "noise_cost": 15.536103332392832, "n_waypoints_completed": 9, "tot_waypoints": 9}}
