{"target": -186.0507335247524, "params": {"k_pid_pos": [1.3885554450422086, 0.024859491386256316, 0.11401919133455096], "k_pid_alt": [1.0304713630477362, 0.0, 0.06527723447865985], "k_pid_att": [24.0942673894178, 3.0350363822239825, 0.8739915892735461], "k_pid_yaw": [0.5, 1e-06, 0.1], "k_pid_hsp": [1.0, 0.1531003758033771, 0.01], "k_pid_vsp": [160.3395904221712, 123.17615504689017, 1.0]}, "datetime": {"datetime": "2025-08-21 13:48:21", "elapsed": 18217.71924638748, "delta": 16.69637179374695}, "costs": {"total_cost": 186.0507335247524, "time_cost": 69.0, "final_distance_cost": 1.823754517173501, "oscillation_cost": 39.18293284790959, "completition_cost": 0.0, "overshoot_cost": 49.69005051932529, "power_cost": 14.275626623535157, "noise_cost": 12.078369016808862, "n_waypoints_completed": 9, "tot_waypoints": 9}}
{"target": -200.19386359221596, "params": {"k_pid_pos": [1.3885554450422086, 0.024859491386256316, 0.11401919133455096], "k_pid_alt": [1.0304713630477362, 0.0, 0.06527723447865985], "k_pid_att": [24.0942673894178, 7.284845820832624, 0.8739915892735461], "k_pid_yaw": [0.5, 1e-06, 0.1], "k_pid_hsp": [1.0, 0.1531003758033771, 0.01], "k_pid_vsp": [376.5747392387296, 355.21150340299164, 1.0]}, "datetime": {"datetime": "2025-08-21 13:48:37", "elapsed": 18233.698036432266, "delta": 15.978790044784546}, "costs": {"total_cost": 200.19386359221596, "time_cost": 70.952, "final_distance_cost": 1.7801807379422556, "oscillation_cost": 42.35891548600392, "completition_cost": 0.0, "overshoot_cost": 51.26485075892387, "power_cost": 19.150896057128907, "noise_cost": 14.687020552217009, "n_waypoints_completed": 9, "tot_waypoints": 9}}
{"target": -190.08054850229263, "params": {"k_pid_pos": [1.367080816728244, 0.024859491386256316, 0.11401919133455096], "k_pid_alt": [1.2679502233621702, 0.0, 0.1576465649121419], "k_pid_att": [58.989274729095186, 7.284845820832624, 0.8739915892735461], "k_pid_yaw": [0.5, 1e-06, 0.1], "k_pid_hsp": [1.0, 0.4277120965269141, 0.01], "k_pid_vsp": [378.2079564087626, 355.21150340299164, 1.0]}, "datetime": {"datetime": "2025-08-21 13:48:53", "elapsed": 18249.675948143005, "delta": 15.977911710739136}, "costs": {"total_cost": 190.08054850229263, "time_cost": 68.616, "final_distance_cost": 1.803368658322149, "oscillation_cost": 44.23995265353392, "completition_cost": 0.0, "overshoot_cost": 50.05035159994439, "power_cost": 13.574236401367187, "noise_cost": 11.796639189124981, "n_waypoints_completed": 9, "tot_waypoints": 9}}
{"target": -186.47428970807036, "params": {"k_pid_pos": [1.367080816728244, 0.024859491386256316, 0.11401919133455096], "k_pid_alt": [1.2679502233621702, 0.0, 0.1576465649121419], "k_pid_att": [58.989274729095186, 7.284845820832624, 0.8739915892735461], "k_pid_yaw": [0.5, 1e-06, 0.1], "k_pid_hsp": [1.0, 0.4277120965269141, 0.01], "k_pid_vsp": [378.2079564087626, 355.21150340299164, 1.0]}, "datetime": {"datetime": "2025-08-21 13:49:08", "elapsed": 18265.32659292221, "delta": 15.650644779205322}, "costs": {"total_cost": 186.47428970807036, "time_cost": 68.34400000000001, "final_distance_cost": 1.800381056449908, "oscillation_cost": 48.20066375574292, "completition_cost": 0.0, "overshoot_cost": 49.11745642243087, "power_cost": 9.420472973632814, "noise_cost": 9.591315499813827, "n_waypoints_completed": 9, "tot_waypoints": 9}}
{"target": -184.22089138164654, "params": {"k_pid_pos": [1.3885554450422086, 0.024859491386256316, 0.11401919133455096], "k_pid_alt": [1.0304713630477362, 0.0, 0.6600607021214705], "k_pid_att": [48.72959582322072, 7.284845820832624, 0.5088498556215773], "k_pid_yaw": [0.5, 1e-06, 0.1], "k_pid_hsp": [1.0, 0.1531003758033771, 0.01], "k_pid_vsp": [315.8089586555307, 355.21150340299164, 1.0]}, "datetime": {"datetime": "2025-08-21 13:49:25", "elapsed": 18281.597625494003, "delta": 16.271032571792603}, "costs": {"total_cost": 184.22089138164654, "time_cost": 71.768, "final_distance_cost": 1.8301829703647616, "oscillation_cost": 40.557616994976065, "completition_cost": 0.0, "overshoot_cost": 49.71865686084402, "power_cost": 10.202546301269532, "noise_cost": 10.143888254192152, "n_waypoints_completed": 9, "tot_waypoints": 9}}
{"target": -183.54212029188093, "params": {"k_pid_pos": [1.3885554450422086, 0.024859491386256316, 0.06837744536824142], "k_pid_alt": [1.408510096659571, 0.0, 0.06527723447865985], "k_pid_att": [24.0942673894178, 7.284845820832624, 0.8739915892735461], "k_pid_yaw": [0.5, 1e-06, 0.1], "k_pid_hsp": [1.0, 0.1531003758033771, 0.01], "k_pid_vsp": [378.2079564087626, 355.21150340299164, 1.0]}, "datetime": {"datetime": "2025-08-21 13:49:41", "elapsed": 18297.910796642303, "delta": 16.31317114830017}, "costs": {"total_cost": 183.54212029188093, "time_cost": 68.28, "final_distance_cost": 1.7905872338907303, "oscillation_cost": 40.706267918991784, "completition_cost": 0.0, "overshoot_cost": 50.0749116921427, "power_cost": 11.911730004882813, "noise_cost": 10.778623441972883, "n_waypoints_completed": 9, "tot_waypoints": 9}}
{"target": -588.3509246109893, "params": {"k_pid_pos": [1.8528239617641062, 0.024859491386256316, 0.11401919133455096], "k_pid_alt": [0.19443302098434057, 0.0, 0.06527723447865985], "k_pid_att": [42.28034808905181, 7.284845820832624, 0.8739915892735461], "k_pid_yaw": [0.5, 1e-06, 0.1], "k_pid_hsp": [1.0, 0.1531003758033771, 0.01], "k_pid_vsp": [327.6162970060679, 352.38957012773386, 51.13297342368862]}, "datetime": {"datetime": "2025-08-21 13:50:04", "elapsed": 18321.279293060303, "delta": 23.368496417999268}, "costs": {"total_cost": 588.3509246109893, "time_cost": 150, "final_distance_cost": 73.1844844690626, "oscillation_cost": 56.34895366960325, "completition_cost": 222.2222222222222, "overshoot_cost": 43.015534790371696, "power_cost": 25.68736895751953, "noise_cost": 17.892360502210117, "n_waypoints_completed": 7, "tot_waypoints": 9}}
{"target": -297.37649349818577, "params": {"k_pid_pos": [1.3885554450422086, 0.024859491386256316, 0.11401919133455096], "k_pid_alt": [1.0304713630477362, 0.0, 0.06527723447865985], "k_pid_att": [24.0942673894178, 7.284845820832624, 0.8739915892735461], "k_pid_yaw": [0.5, 1e-06, 0.1], "k_pid_hsp": [5.837136346439943, 0.1531003758033771, 0.21418081882621387], "k_pid_vsp": [378.2079564087626, 355.21150340299164, 1.0]}, "datetime": {"datetime": "2025-08-21 13:50:20", "elapsed": 18336.982061624527, "delta": 15.702768564224243}, "costs": {"total_cost": 297.37649349818577, "time_cost": 69.696, "final_distance_cost": 1.7684126694693665, "oscillation_cost": 155.9638479550493, "completition_cost": 0.0, "overshoot_cost": 51.18000410933044, "power_cost": 9.281707714843751, "noise_cost": 9.486521049492897, "n_waypoints_completed": 9, "tot_waypoints": 9}}
{"target": -439.79962621120205, "params": {"k_pid_pos": [1.3885554450422086, 0.8954681105093145, 0.11401919133455096], "k_pid_alt": [1.0304713630477362, 0.0, 0.06527723447865985], "k_pid_att": [24.0942673894178, 3.0350363822239825, 0.8739915892735461], "k_pid_yaw": [0.5, 1e-06, 0.1], "k_pid_hsp": [1.0, 0.1531003758033771, 0.01], "k_pid_vsp": [207.03313760381627, 355.21150340299164, 1.0]}, "datetime": {"datetime": "2025-08-21 13:50:43", "elapsed": 18360.153043985367, "delta": 23.170982360839844}, "costs": {"total_cost": 439.79962621120205, "time_cost": 150, "final_distance_cost": 25.35783985603861, "oscillation_cost": 57.56454900410575, "completition_cost": 111.11111111111116, "overshoot_cost": 58.846231267483255, "power_cost": 20.658368139648438, "noise_cost": 16.261526832814905, "n_waypoints_completed": 8, "tot_waypoints": 9}}
{"target": -234.94813397395, "params": {"k_pid_pos": [1.3885554450422086, 0.024859491386256316, 0.11401919133455096], "k_pid_alt": [1.0304713630477362, 0.6017481209158007, 0.06527723447865985], "k_pid_att": [24.0942673894178, 7.284845820832624, 0.8739915892735461], "k_pid_yaw": [0.5, 1e-06, 0.1], "k_pid_hsp": [1.0, 0.1531003758033771, 0.01], "k_pid_vsp": [378.2079564087626, 249.2161134825686, 1.0]}, "datetime": {"datetime": "2025-08-21 13:51:03", "elapsed": 18380.172379493713, "delta": 20.019335508346558}, "costs": {"total_cost": 234.94813397395, "time_cost": 86.8, "final_distance_cost": 1.7680192346520236, "oscillation_cost": 53.79034388741633, "completition_cost": 0.0, "overshoot_cost": 55.27221096808602, "power_cost": 21.24990614013672, "noise_cost": 16.067653743658923, "n_waypoints_completed": 9, "tot_waypoints": 9}}
{"target": -200.58497796403267, "params": {"k_pid_pos": [1.3885554450422086, 0.024859491386256316, 0.11401919133455096], "k_pid_alt": [1.0304713630477362, 0.0, 0.9460812825483834], "k_pid_att": [24.0942673894178, 3.0350363822239825, 0.8739915892735461], "k_pid_yaw": [0.5, 1e-06, 0.1], "k_pid_hsp": [5.888611819901712, 0.4702638621486921, 0.01], "k_pid_vsp": [378.2079564087626, 282.782445757401, 1.0]}, "datetime": {"datetime": "2025-08-21 13:51:21", "elapsed": 18397.958438158035, "delta": 17.7860586643219}, "costs": {"total_cost": 200.58497796403267, "time_cost": 74.84, "final_distance_cost": 1.8174413360426087, "oscillation_cost": 47.64429442800906, "completition_cost": 0.0, "overshoot_cost": 49.95058158714044, "power_cost": 14.075591857910156, "noise_cost": 12.257068754930412, "n_waypoints_completed": 9, "tot_waypoints": 9}}
{"target": -1335.8009342144544, "params": {"k_pid_pos": [1.3885554450422086, 0.024859491386256316, 0.11401919133455096], "k_pid_alt": [1.0304713630477362, 0.0, 0.06527723447865985], "k_pid_att": [22.261599542950584, 7.284845820832624, 0.8739915892735461], "k_pid_yaw": [0.5, 1e-06, 0.1], "k_pid_hsp": [1.0, 0.1531003758033771, 0.01], "k_pid_vsp": [207.03313760381627, 355.21150340299164, 385.0013815870165]}, "datetime": {"datetime": "2025-08-21 13:51:44", "elapsed": 18421.041666984558, "delta": 23.083228826522827}, "costs": {"total_cost": 1335.8009342144544, "time_cost": 150, "final_distance_cost": 1.3306757509560019, "oscillation_cost": 18.75188496637976, "completition_cost": 1000.0, "overshoot_cost": 135.55095483159047, "power_cost": 4.827485974121094, "noise_cost": 25.33993269140714, "n_waypoints_completed": 0, "tot_waypoints": 9}}
{"target": -190.6933968315646, "params": {"k_pid_pos": [1.3885554450422086, 0.024859491386256316, 0.11401919133455096], "k_pid_alt": [1.0304713630477362, 0.0, 0.25090527456937695], "k_pid_att": [24.0942673894178, 7.284845820832624, 0.8739915892735461], "k_pid_yaw": [0.5, 1e-06, 0.1], "k_pid_hsp": [1.0, 0.1531003758033771, 0.01], "k_pid_vsp": [232.83084258960952, 355.21150340299164, 85.6384831120458]}, "datetime": {"datetime": "2025-08-21 13:52:00", "elapsed": 18436.458809375763, "delta": 15.417142391204834}, "costs": {"total_cost": 190.6933968315646, "time_cost": 68.744, "final_distance_cost": 1.830344226472115, "oscillation_cost": 46.1194590975938, "completition_cost": 0.0, "overshoot_cost": 49.19237699503549, "power_cost": 13.734930114746094, "noise_cost": 11.072286397717072, "n_waypoints_completed": 9, "tot_waypoints": 9}}
{"target": -247.49627253969066, "params": {"k_pid_pos": [1.3885554450422086, 0.024859491386256316, 0.11401919133455096], "k_pid_alt": [1.0304713630477362, 0.0, 0.06527723447865985], "k_pid_att": [24.0942673894178, 7.284845820832624, 0.8739915892735461], "k_pid_yaw": [0.5, 1e-06, 0.1], "k_pid_hsp": [5.429082181916803, 0.1531003758033771, 0.01], "k_pid_vsp": [14.170316773218916, 355.21150340299164, 1.0]}, "datetime": {"datetime": "2025-08-21 13:52:20", "elapsed": 18456.828231573105, "delta": 20.36942219734192}, "costs": {"total_cost": 247.49627253969066, "time_cost": 87.456, "final_distance_cost": 1.830949276801468, "oscillation_cost": 73.75550915662049, "completition_cost": 0.0, "overshoot_cost": 53.49611161865261, "power_cost": 17.662225646972658, "noise_cost": 13.295476840643454, "n_waypoints_completed": 9, "tot_waypoints": 9}}
{"target": -188.59625872880372, "params": {"k_pid_pos": [1.3885554450422086, 0.024859491386256316, 0.11401919133455096], "k_pid_alt": [1.0304713630477362, 0.0, 0.06527723447865985], "k_pid_att": [42.28034808905181, 7.284845820832624, 0.8739915892735461], "k_pid_yaw": [0.5, 1e-06, 0.1], "k_pid_hsp": [6.107211332972096, 0.1531003758033771, 0.01], "k_pid_vsp": [378.2079564087626, 197.31441805153213, 1.0]}, "datetime": {"datetime": "2025-08-21 13:52:36", "elapsed": 18473.217453718185, "delta": 16.389222145080566}, "costs": {"total_cost": 188.59625872880372, "time_cost": 69.44, "final_distance_cost": 1.8021467267912137, "oscillation_cost": 42.69713430750737, "completition_cost": 0.0, "overshoot_cost": 50.26268102350689, "power_cost": 12.792767248535156, "noise_cost": 11.601529422463104, "n_waypoints_completed": 9, "tot_waypoints": 9}}
{"target": -178.88651987204847, "params": {"k_pid_pos": [1.3885554450422086, 0.024859491386256316, 0.06837744536824142], "k_pid_alt": [1.408510096659571, 0.0, 0.06527723447865985], "k_pid_att": [24.0942673894178, 7.284845820832624, 0.8739915892735461], "k_pid_yaw": [0.5, 1e-06, 0.1], "k_pid_hsp": [1.0, 0.1531003758033771, 0.01], "k_pid_vsp": [378.2079564087626, 355.21150340299164, 1.0]}, "datetime": {"datetime": "2025-08-21 13:52:52", "elapsed": 18488.903477668762, "delta": 15.686023950576782}, "costs": {"total_cost": 178.88651987204847, "time_cost": 67.648, "final_distance_cost": 1.8173649170590436, "oscillation_cost": 42.96284782040727, "completition_cost": 0.0, "overshoot_cost": 49.62543774630245, "power_cost": 8.030064855957031, "noise_cost": 8.802804532322673, "n_waypoints_completed": 9, "tot_waypoints": 9}}
{"target": -190.67179444488772, "params": {"k_pid_pos": [1.3885554450422086, 0.024859491386256316, 0.11401919133455096], "k_pid_alt": [1.0304713630477362, 0.0, 0.06527723447865985], "k_pid_att": [24.0942673894178, 7.284845820832624, 0.9125065750547853], "k_pid_yaw": [0.5, 1e-06, 0.1], "k_pid_hsp": [1.0, 0.4277120965269141, 0.01], "k_pid_vsp": [378.2079564087626, 355.21150340299164, 1.0]}, "datetime": {"datetime": "2025-08-21 13:53:08", "elapsed": 18504.64129924774, "delta": 15.737821578979492}, "costs": {"total_cost": 190.67179444488772, "time_cost": 68.816, "final_distance_cost": 1.8301718614282665, "oscillation_cost": 47.74520088107926, "completition_cost": 0.0, "overshoot_cost": 49.26428372978316, "power_cost": 12.047201806640626, "noise_cost": 10.9689361659564, "n_waypoints_completed": 9, "tot_waypoints": 9}}
{"target": -187.67410547363352, "params": {"k_pid_pos": [1.9176378968916694, 0.024859491386256316, 0.11401919133455096], "k_pid_alt": [1.2679502233621702, 0.0, 0.1576465649121419], "k_pid_att": [58.989274729095186, 7.284845820832624, 0.8739915892735461], "k_pid_yaw": [0.5, 1e-06, 0.1], "k_pid_hsp": [1.0, 0.1531003758033771, 0.01], "k_pid_vsp": [284.5460512203246, 355.21150340299164, 1.0]}, "datetime": {"datetime": "2025-08-21 13:53:24", "elapsed": 18521.078752994537, "delta": 16.437453746795654}, "costs": {"total_cost": 187.67410547363352, "time_cost": 68.928, "final_distance_cost": 1.7687406904474534, "oscillation_cost": 42.02006265561566, "completition_cost": 0.0, "overshoot_cost": 50.176785504225435, "power_cost": 13.17805078125, "noise_cost": 11.602465842094983, "n_waypoints_completed": 9, "tot_waypoints": 9}}
{"target": -201.71606606146705, "params": {"k_pid_pos": [1.097674141165482, 0.024859491386256316, 0.11401919133455096], "k_pid_alt": [1.0304713630477362, 0.0, 0.06527723447865985], "k_pid_att": [24.0942673894178, 3.0350363822239825, 0.8739915892735461], "k_pid_yaw": [0.5, 1e-06, 0.1], "k_pid_hsp": [1.0, 0.1531003758033771, 0.01], "k_pid_vsp": [200.4106445826773, 355.21150340299164, 1.0]}, "datetime": {"datetime": "2025-08-21 13:53:41", "elapsed": 18538.44611930847, "delta": 17.367366313934326}, "costs": {"total_cost": 201.71606606146705, "time_cost": 75.624, "final_distance_cost": 1.8437595911327596, "oscillation_cost": 44.68592677897507, "completition_cost": 0.0, "overshoot_cost": 50.179910774069604, "power_cost": 15.831277587890625, "noise_cost": 13.551191329398952, "n_waypoints_completed": 9, "tot_waypoints": 9}}
{"target": -200.42399921705783, "params": {"k_pid_pos": [0.8211552511424755, 0.024859491386256316, 0.847123259091292], "k_pid_alt": [1.0304713630477362, 0.0, 0.06527723447865985], "k_pid_att": [24.0942673894178, 7.284845820832624, 0.9125065750547853], "k_pid_yaw": [0.5, 1e-06, 0.1], "k_pid_hsp": [1.0, 0.4277120965269141, 0.01], "k_pid_vsp": [243.1792825771628, 355.21150340299164, 1.0]}, "datetime": {"datetime": "2025-08-21 13:54:00", "elapsed": 18557.196650505066, "delta": 18.75053119659424}, "costs": {"total_cost": 200.42399921705783, "time_cost": 83.912, "final_distance_cost": 1.8522359673849242, "oscillation_cost": 41.75081296306895, "completition_cost": 0.0, "overshoot_cost": 50.214367398040395, "power_cost": 11.035567785644531, "noise_cost": 11.659015102919025, "n_waypoints_completed": 9, "tot_waypoints": 9}}
{"target": -203.45070491066556, "params": {"k_pid_pos": [1.3885554450422086, 0.024859491386256316, 0.06837744536824142], "k_pid_alt": [1.408510096659571, 0.0, 0.06527723447865985], "k_pid_att": [42.28034808905181, 7.284845820832624, 0.6331997646149408], "k_pid_yaw": [0.5, 1e-06, 0.1], "k_pid_hsp": [6.107211332972096, 0.1531003758033771, 0.01], "k_pid_vsp": [378.2079564087626, 298.73657637713535, 1.0]}, "datetime": {"datetime": "2025-08-21 13:54:17", "elapsed": 18574.051023960114, "delta": 16.854373455047607}, "costs": {"total_cost": 203.45070491066556, "time_cost": 71.744, "final_distance_cost": 1.819701144201337, "oscillation_cost": 46.48218962312667, "completition_cost": 0.0, "overshoot_cost": 51.24808106303684, "power_cost": 18.00605235595703, "noise_cost": 14.150680724343674, "n_waypoints_completed": 9, "tot_waypoints": 9}}
{"target": -185.4354958400033, "params": {"k_pid_pos": [1.3885554450422086, 0.024859491386256316, 0.8017766682930172], "k_pid_alt": [1.0304713630477362, 0.0, 0.06527723447865985], "k_pid_att": [24.0942673894178, 7.284845820832624, 0.8739915892735461], "k_pid_yaw": [0.5, 1e-06, 0.1], "k_pid_hsp": [1.606987810134683, 0.1531003758033771, 0.01], "k_pid_vsp": [378.2079564087626, 355.21150340299164, 1.0]}, "datetime": {"datetime": "2025-08-21 13:54:34", "elapsed": 18591.105815172195, "delta": 17.05479121208191}, "costs": {"total_cost": 185.4354958400033, "time_cost": 72.168, "final_distance_cost": 1.8497048833507013, "oscillation_cost": 40.67305753176173, "completition_cost": 0.0, "overshoot_cost": 49.61106020187175, "power_cost": 10.374370898437501, "noise_cost": 10.759302324581641, "n_waypoints_completed": 9, "tot_waypoints": 9}}
{"target": -885.3050846638517, "params": {"k_pid_pos": [1.3885554450422086, 0.34723029022971075, 0.4388587351883817], "k_pid_alt": [1.2679502233621702, 0.0, 0.1576465649121419], "k_pid_att": [33.41589308538913, 7.284845820832624, 0.976791677203179], "k_pid_yaw": [0.5, 1e-06, 0.1], "k_pid_hsp": [3.022941925987454, 0.4702638621486921, 0.01], "k_pid_vsp": [378.2079564087626, 282.782445757401, 330.9450081515158]}, "datetime": {"datetime": "2025-08-21 13:54:57", "elapsed": 18614.300187826157, "delta": 23.19437265396118}, "costs": {"total_cost": 885.3050846638517, "time_cost": 150, "final_distance_cost": 45.16978480830365, "oscillation_cost": 46.678896132263915, "completition_cost": 555.5555555555555, "overshoot_cost": 71.42084485424809, "power_cost": 8.350966552734375, "noise_cost": 8.12903676074622, "n_waypoints_completed": 4, "tot_waypoints": 9}}
{"target": -186.2374195395809, "params": {"k_pid_pos": [1.9176378968916694, 0.024859491386256316, 0.11401919133455096], "k_pid_alt": [1.7187705538853828, 0.0, 0.1576465649121419], "k_pid_att": [58.989274729095186, 7.284845820832624, 0.8739915892735461], "k_pid_yaw": [0.5, 1e-06, 0.1], "k_pid_hsp": [1.0, 0.1531003758033771, 0.01], "k_pid_vsp": [284.5460512203246, 355.21150340299164, 1.0]}, "datetime": {"datetime": "2025-08-21 13:55:12", "elapsed": 18629.31747841835, "delta": 15.017290592193604}, "costs": {"total_cost": 186.2374195395809, "time_cost": 67.92, "final_distance_cost": 1.755401400890315, "oscillation_cost": 43.76974342076497, "completition_cost": 0.0, "overshoot_cost": 50.02796789185673, "power_cost": 11.876711608886719, "noise_cost": 10.887595217182152, "n_waypoints_completed": 9, "tot_waypoints": 9}}
{"target": -378.29203576940716, "params": {"k_pid_pos": [1.3885554450422086, 0.5303319676020144, 0.9239049236577108], "k_pid_alt": [1.2679502233621702, 0.0, 0.1576465649121419], "k_pid_att": [17.985165343674623, 7.284845820832624, 0.8739915892735461], "k_pid_yaw": [0.5, 1e-06, 0.1], "k_pid_hsp": [3.022941925987454, 0.4702638621486921, 0.7858808993351112], "k_pid_vsp": [378.2079564087626, 282.782445757401, 1.0]}, "datetime": {"datetime": "2025-08-21 13:55:33", "elapsed": 18649.507168769836, "delta": 20.189690351486206}, "costs": {"total_cost": 378.29203576940716, "time_cost": 87.712, "final_distance_cost": 1.704243914013852, "oscillation_cost": 204.87386235224994, "completition_cost": 0.0, "overshoot_cost": 54.858352223973455, "power_cost": 15.225270190429688, "noise_cost": 13.918307088740235, "n_waypoints_completed": 9, "tot_waypoints": 9}}
{"target": -1087.0981209723918, "params": {"k_pid_pos": [1.3885554450422086, 0.024859491386256316, 0.7075990162019328], "k_pid_alt": [1.0304713630477362, 0.0, 0.25090527456937695], "k_pid_att": [24.0942673894178, 7.284845820832624, 0.8739915892735461], "k_pid_yaw": [0.5, 1e-06, 0.1], "k_pid_hsp": [1.0, 0.854886347775255, 0.01], "k_pid_vsp": [232.83084258960952, 355.21150340299164, 270.01584306266324]}, "datetime": {"datetime": "2025-08-21 13:55:56", "elapsed": 18672.58896803856, "delta": 23.081799268722534}, "costs": {"total_cost": 1087.0981209723918, "time_cost": 150, "final_distance_cost": 75.1923825463897, "oscillation_cost": 34.503611611155044, "completition_cost": 777.7777777777778, "overshoot_cost": 32.35947103480497, "power_cost": 8.973720056152343, "noise_cost": 8.291157946111968, "n_waypoints_completed": 2, "tot_waypoints": 9}}
