{"target": -404.69306980049566, "params": {"k_pid_pos": [1.3885554450422086, 0.024859491386256316, 0.8100884609760892], "k_pid_alt": [1.2679502233621702, 0.0, 0.5500846473514374], "k_pid_att": [58.989274729095186, 7.284845820832624, 0.18356154715941053], "k_pid_yaw": [0.5, 1e-06, 0.1], "k_pid_hsp": [2.575161370303539, 0.1531003758033771, 0.9639168783200247], "k_pid_vsp": [378.2079564087626, 355.21150340299164, 1.0]}, "datetime": {"datetime": "2025-08-21 13:10:13", "elapsed": 15929.787159204483, "delta": 19.30515217781067}, "costs": {"total_cost": 404.69306980049566, "time_cost": 85.584, "final_distance_cost": 1.7835774422303008, "oscillation_cost": 217.8160535472256, "completition_cost": 0.0, "overshoot_cost": 60.40926168480592, "power_cost": 21.283397302246094, "noise_cost": 17.81677982398775, "n_waypoints_completed": 9, "tot_waypoints": 9}}
{"target": -198.90281863640578, "params": {"k_pid_pos": [1.901325454231368, 0.024859491386256316, 0.4388587351883817], "k_pid_alt": [1.2679502233621702, 0.0, 0.1576465649121419], "k_pid_att": [33.41589308538913, 7.284845820832624, 0.8739915892735461], "k_pid_yaw": [0.5, 1e-06, 0.1], "k_pid_hsp": [0.22821344198103216, 0.1531003758033771, 0.01], "k_pid_vsp": [366.9222945638871, 355.21150340299164, 1.0]}, "datetime": {"datetime": "2025-08-21 13:10:29", "elapsed": 15945.457661151886, "delta": 15.670501947402954}, "costs": {"total_cost": 198.90281863640578, "time_cost": 68.392, "final_distance_cost": 1.802904907799338, "oscillation_cost": 52.114652781586194, "completition_cost": 0.0, "overshoot_cost": 50.154439367325566, "power_cost": 14.402826770019532, "noise_cost": 12.035994809675158, "n_waypoints_completed": 9, "tot_waypoints": 9}}
{"target": -184.8435645022808, "params": {"k_pid_pos": [1.3885554450422086, 0.024859491386256316, 0.4388587351883817], "k_pid_alt": [1.2679502233621702, 0.0, 0.1576465649121419], "k_pid_att": [33.41589308538913, 7.284845820832624, 0.6426065009168366], "k_pid_yaw": [0.5, 1e-06, 0.1], "k_pid_hsp": [1.0, 0.1531003758033771, 0.01], "k_pid_vsp": [378.2079564087626, 355.21150340299164, 1.0]}, "datetime": {"datetime": "2025-08-21 13:10:44", "elapsed": 15960.849587202072, "delta": 15.391926050186157}, "costs": {"total_cost": 184.8435645022808, "time_cost": 69.56, "final_distance_cost": 1.846775831250911, "oscillation_cost": 40.22310787882503, "completition_cost": 0.0, "overshoot_cost": 49.66582373924211, "power_cost": 12.193854809570313, "noise_cost": 11.354002243392427, "n_waypoints_completed": 9, "tot_waypoints": 9}}
{"target": -346.67515494609444, "params": {"k_pid_pos": [1.3885554450422086, 0.07627067030716383, 0.11401919133455096], "k_pid_alt": [1.2679502233621702, 0.0, 0.06527723447865985], "k_pid_att": [24.0942673894178, 7.284845820832624, 0.8739915892735461], "k_pid_yaw": [0.5, 1e-06, 0.1], "k_pid_hsp": [3.022941925987454, 0.1531003758033771, 0.40925506695826264], "k_pid_vsp": [378.2079564087626, 213.45582935365798, 1.0]}, "datetime": {"datetime": "2025-08-21 13:11:01", "elapsed": 15977.809373617172, "delta": 16.959786415100098}, "costs": {"total_cost": 346.67515494609444, "time_cost": 74.08, "final_distance_cost": 1.7137780413193149, "oscillation_cost": 191.93201423714842, "completition_cost": 0.0, "overshoot_cost": 53.67975721310537, "power_cost": 13.325691137695314, "noise_cost": 11.943914316826058, "n_waypoints_completed": 9, "tot_waypoints": 9}}
{"target": -196.6137744422577, "params": {"k_pid_pos": [1.733835489643198, 0.024859491386256316, 0.11401919133455096], "k_pid_alt": [1.2679502233621702, 0.0, 0.06527723447865985], "k_pid_att": [24.0942673894178, 7.284845820832624, 0.8739915892735461], "k_pid_yaw": [0.5, 1e-06, 0.1], "k_pid_hsp": [1.0, 0.1531003758033771, 0.01], "k_pid_vsp": [378.2079564087626, 355.21150340299164, 1.0]}, "datetime": {"datetime": "2025-08-21 13:11:17", "elapsed": 15994.108882904053, "delta": 16.299509286880493}, "costs": {"total_cost": 196.6137744422577, "time_cost": 70.096, "final_distance_cost": 1.7773105012345125, "oscillation_cost": 45.06329275171935, "completition_cost": 0.0, "overshoot_cost": 50.554823210441654, "power_cost": 16.08114149169922, "noise_cost": 13.041206487162986, "n_waypoints_completed": 9, "tot_waypoints": 9}}
{"target": -182.7163392819896, "params": {"k_pid_pos": [1.3885554450422086, 0.024859491386256316, 0.11401919133455096], "k_pid_alt": [1.2679502233621702, 0.0, 0.1576465649121419], "k_pid_att": [58.989274729095186, 7.284845820832624, 0.8739915892735461], "k_pid_yaw": [0.5, 1e-06, 0.1], "k_pid_hsp": [1.0, 0.1531003758033771, 0.01], "k_pid_vsp": [378.2079564087626, 355.21150340299164, 1.0]}, "datetime": {"datetime": "2025-08-21 13:11:33", "elapsed": 16009.679969787598, "delta": 15.571086883544922}, "costs": {"total_cost": 182.7163392819896, "time_cost": 68.584, "final_distance_cost": 1.8140479517657109, "oscillation_cost": 39.54838740014042, "completition_cost": 0.0, "overshoot_cost": 49.54480439418833, "power_cost": 12.222517333984376, "noise_cost": 11.002582201910768, "n_waypoints_completed": 9, "tot_waypoints": 9}}
{"target": -1381.0325885068596, "params": {"k_pid_pos": [1.3078103269235994, 0.024859491386256316, 0.11401919133455096], "k_pid_alt": [1.2679502233621702, 0.0, 0.7749404481107842], "k_pid_att": [24.0942673894178, 7.284845820832624, 0.4533553111744568], "k_pid_yaw": [0.5, 1e-06, 0.1], "k_pid_hsp": [4.066255630446676, 0.1531003758033771, 0.01], "k_pid_vsp": [185.9606824206132, 355.21150340299164, 358.9600729545887]}, "datetime": {"datetime": "2025-08-21 13:11:55", "elapsed": 16032.139302253723, "delta": 22.45933246612549}, "costs": {"total_cost": 1381.0325885068596, "time_cost": 150, "final_distance_cost": 124.43176012167345, "oscillation_cost": 26.681113389186127, "completition_cost": 888.8888888888888, "overshoot_cost": 171.4603399410373, "power_cost": 10.45171063232422, "noise_cost": 9.118775533749947, "n_waypoints_completed": 1, "tot_waypoints": 9}}
{"target": -184.50541338629432, "params": {"k_pid_pos": [1.3885554450422086, 0.024859491386256316, 0.11401919133455096], "k_pid_alt": [1.2679502233621702, 0.0, 0.5500846473514374], "k_pid_att": [58.989274729095186, 7.284845820832624, 0.6556425588286899], "k_pid_yaw": [0.5, 1e-06, 0.1], "k_pid_hsp": [1.0, 0.1531003758033771, 0.01], "k_pid_vsp": [378.2079564087626, 57.129046615745594, 1.0]}, "datetime": {"datetime": "2025-08-21 13:12:11", "elapsed": 16048.114627122879, "delta": 15.975324869155884}, "costs": {"total_cost": 184.50541338629432, "time_cost": 70.24, "final_distance_cost": 1.8219655874024994, "oscillation_cost": 41.13851356351778, "completition_cost": 0.0, "overshoot_cost": 49.9101596230211, "power_cost": 10.890574560546876, "noise_cost": 10.504200051806057, "n_waypoints_completed": 9, "tot_waypoints": 9}}
{"target": -229.97643512068944, "params": {"k_pid_pos": [1.3885554450422086, 0.9973081004456583, 0.4388587351883817], "k_pid_alt": [1.2679502233621702, 0.0, 0.06527723447865985], "k_pid_att": [24.0942673894178, 7.284845820832624, 0.8739915892735461], "k_pid_yaw": [0.5, 1e-06, 0.1], "k_pid_hsp": [1.0, 0.1531003758033771, 0.01], "k_pid_vsp": [378.2079564087626, 102.7157397860675, 1.0]}, "datetime": {"datetime": "2025-08-21 13:12:31", "elapsed": 16068.292820453644, "delta": 20.17819333076477}, "costs": {"total_cost": 229.97643512068944, "time_cost": 89.144, "final_distance_cost": 1.7022125818067175, "oscillation_cost": 54.130048302498736, "completition_cost": 0.0, "overshoot_cost": 53.43452842499179, "power_cost": 16.710055383300784, "noise_cost": 14.855590428091407, "n_waypoints_completed": 9, "tot_waypoints": 9}}
{"target": -189.49343129818376, "params": {"k_pid_pos": [1.733835489643198, 0.024859491386256316, 0.11401919133455096], "k_pid_alt": [1.2679502233621702, 0.0, 0.1576465649121419], "k_pid_att": [33.41589308538913, 7.284845820832624, 0.8739915892735461], "k_pid_yaw": [0.5, 1e-06, 0.1], "k_pid_hsp": [3.022941925987454, 0.4702638621486921, 0.01], "k_pid_vsp": [378.2079564087626, 355.21150340299164, 1.0]}, "datetime": {"datetime": "2025-08-21 13:12:47", "elapsed": 16083.998754024506, "delta": 15.705933570861816}, "costs": {"total_cost": 189.49343129818376, "time_cost": 68.712, "final_distance_cost": 1.7739790188555868, "oscillation_cost": 45.8034043030574, "completition_cost": 0.0, "overshoot_cost": 49.47704887458424, "power_cost": 12.4875123046875, "noise_cost": 11.23948679699901, "n_waypoints_completed": 9, "tot_waypoints": 9}}
{"target": -722.0501384260679, "params": {"k_pid_pos": [1.901325454231368, 0.024859491386256316, 0.15676371154545432], "k_pid_alt": [0.39303563678463904, 0.7782994567117663, 0.07734400225577898], "k_pid_att": [33.41589308538913, 7.284845820832624, 0.8739915892735461], "k_pid_yaw": [0.5, 1e-06, 0.1], "k_pid_hsp": [1.0, 0.5099699049722157, 0.01], "k_pid_vsp": [378.2079564087626, 355.21150340299164, 1.0]}, "datetime": {"datetime": "2025-08-21 13:13:10", "elapsed": 16106.764805555344, "delta": 22.766051530838013}, "costs": {"total_cost": 722.0501384260679, "time_cost": 150, "final_distance_cost": 71.26393337184327, "oscillation_cost": 82.4247651447025, "completition_cost": 333.33333333333337, "overshoot_cost": 50.910854087525195, "power_cost": 18.130283276367187, "noise_cost": 15.986969212296376, "n_waypoints_completed": 6, "tot_waypoints": 9}}
{"target": -183.47405003718097, "params": {"k_pid_pos": [1.901325454231368, 0.024859491386256316, 0.4388587351883817], "k_pid_alt": [1.0304713630477362, 0.0, 0.11578642527130634], "k_pid_att": [6.174354700882767, 1.5712076181287093, 0.8739915892735461], "k_pid_yaw": [0.5, 1e-06, 0.1], "k_pid_hsp": [1.0, 0.1531003758033771, 0.01], "k_pid_vsp": [378.2079564087626, 355.21150340299164, 1.0]}, "datetime": {"datetime": "2025-08-21 13:13:26", "elapsed": 16122.66914153099, "delta": 15.904335975646973}, "costs": {"total_cost": 183.47405003718097, "time_cost": 68.616, "final_distance_cost": 1.8038951201957094, "oscillation_cost": 43.7048546291061, "completition_cost": 0.0, "overshoot_cost": 49.3209237200968, "power_cost": 10.251174670410157, "noise_cost": 9.777201897372215, "n_waypoints_completed": 9, "tot_waypoints": 9}}
{"target": -321.3787194328944, "params": {"k_pid_pos": [0.8381452164077594, 0.16930403155433116, 0.30020629103650986], "k_pid_alt": [1.2679502233621702, 0.0, 0.1576465649121419], "k_pid_att": [59.20080306752875, 7.284845820832624, 0.8739915892735461], "k_pid_yaw": [0.5, 1e-06, 0.1], "k_pid_hsp": [1.0, 0.5113231558067851, 0.6773632664142749], "k_pid_vsp": [378.2079564087626, 355.21150340299164, 1.0]}, "datetime": {"datetime": "2025-08-21 13:13:46", "elapsed": 16142.738333463669, "delta": 20.069191932678223}, "costs": {"total_cost": 321.3787194328944, "time_cost": 88.408, "final_distance_cost": 1.8507653942927556, "oscillation_cost": 136.77901112209076, "completition_cost": 0.0, "overshoot_cost": 57.98942750926579, "power_cost": 20.522224340820312, "noise_cost": 15.829291066424776, "n_waypoints_completed": 9, "tot_waypoints": 9}}
{"target": -184.5453890802446, "params": {"k_pid_pos": [1.3078103269235994, 0.024859491386256316, 0.07188833330086031], "k_pid_alt": [1.2679502233621702, 0.0, 0.1576465649121419], "k_pid_att": [65.90126278649572, 7.284845820832624, 0.8739915892735461], "k_pid_yaw": [0.5, 1e-06, 0.1], "k_pid_hsp": [1.0, 0.3530148293123191, 0.01], "k_pid_vsp": [378.2079564087626, 355.21150340299164, 1.0]}, "datetime": {"datetime": "2025-08-21 13:14:02", "elapsed": 16158.635199069977, "delta": 15.896865606307983}, "costs": {"total_cost": 184.5453890802446, "time_cost": 68.496, "final_distance_cost": 1.8087572670355867, "oscillation_cost": 44.63609589127191, "completition_cost": 0.0, "overshoot_cost": 49.98931553107678, "power_cost": 9.736056213378907, "noise_cost": 9.879164177481442, "n_waypoints_completed": 9, "tot_waypoints": 9}}
{"target": -191.17685678184728, "params": {"k_pid_pos": [1.3885554450422086, 0.024859491386256316, 0.8100884609760892], "k_pid_alt": [1.2679502233621702, 0.0, 0.5500846473514374], "k_pid_att": [58.989274729095186, 4.887637818911249, 0.8739915892735461], "k_pid_yaw": [0.5, 1e-06, 0.1], "k_pid_hsp": [2.575161370303539, 0.1531003758033771, 0.01], "k_pid_vsp": [378.2079564087626, 355.21150340299164, 1.0]}, "datetime": {"datetime": "2025-08-21 13:14:19", "elapsed": 16175.703143835068, "delta": 17.067944765090942}, "costs": {"total_cost": 191.17685678184728, "time_cost": 73.264, "final_distance_cost": 1.8444923366170887, "oscillation_cost": 46.94939801000461, "completition_cost": 0.0, "overshoot_cost": 49.62048002970261, "power_cost": 9.174299829101562, "noise_cost": 10.324186576421429, "n_waypoints_completed": 9, "tot_waypoints": 9}}
{"target": -216.2458788784436, "params": {"k_pid_pos": [1.3885554450422086, 0.024859491386256316, 0.11401919133455096], "k_pid_alt": [1.2679502233621702, 0.0, 0.06527723447865985], "k_pid_att": [24.0942673894178, 7.284845820832624, 0.8739915892735461], "k_pid_yaw": [0.5, 1e-06, 0.1], "k_pid_hsp": [3.022941925987454, 0.1531003758033771, 0.01], "k_pid_vsp": [378.2079564087626, 355.21150340299164, 1.0]}, "datetime": {"datetime": "2025-08-21 13:14:37", "elapsed": 16193.759182929993, "delta": 18.056039094924927}, "costs": {"total_cost": 216.2458788784436, "time_cost": 79.85600000000001, "final_distance_cost": 1.808632022731458, "oscillation_cost": 44.26963343219716, "completition_cost": 0.0, "overshoot_cost": 52.76416034468605, "power_cost": 21.39259168701172, "noise_cost": 16.154861391817192, "n_waypoints_completed": 9, "tot_waypoints": 9}}
{"target": -187.78045423363199, "params": {"k_pid_pos": [1.3885554450422086, 0.024859491386256316, 0.8100884609760892], "k_pid_alt": [1.2679502233621702, 0.0, 0.5500846473514374], "k_pid_att": [58.989274729095186, 7.284845820832624, 0.8739915892735461], "k_pid_yaw": [0.5, 1e-06, 0.1], "k_pid_hsp": [2.575161370303539, 0.1531003758033771, 0.01], "k_pid_vsp": [378.2079564087626, 355.21150340299164, 1.0]}, "datetime": {"datetime": "2025-08-21 13:14:54", "elapsed": 16211.033638000488, "delta": 17.274455070495605}, "costs": {"total_cost": 187.78045423363199, "time_cost": 73.52, "final_distance_cost": 1.8519135927427655, "oscillation_cost": 41.45682693557218, "completition_cost": 0.0, "overshoot_cost": 49.441925707293024, "power_cost": 10.573209252929688, "noise_cost": 10.936578745094334, "n_waypoints_completed": 9, "tot_waypoints": 9}}
{"target": -355.98065226006537, "params": {"k_pid_pos": [1.733835489643198, 0.41352941285256994, 0.11401919133455096], "k_pid_alt": [1.2679502233621702, 0.0, 0.06527723447865985], "k_pid_att": [24.0942673894178, 7.284845820832624, 0.8739915892735461], "k_pid_yaw": [0.5, 1e-06, 0.1], "k_pid_hsp": [1.0, 0.1531003758033771, 0.49977433591672227], "k_pid_vsp": [378.2079564087626, 355.21150340299164, 1.0]}, "datetime": {"datetime": "2025-08-21 13:15:14", "elapsed": 16230.478169441223, "delta": 19.444531440734863}, "costs": {"total_cost": 355.98065226006537, "time_cost": 85.112, "final_distance_cost": 1.700814296841284, "oscillation_cost": 179.72367215153844, "completition_cost": 0.0, "overshoot_cost": 55.83498220978926, "power_cost": 18.06605067138672, "noise_cost": 15.54313293050965, "n_waypoints_completed": 9, "tot_waypoints": 9}}
{"target": -397.7310182762764, "params": {"k_pid_pos": [1.3885554450422086, 0.024859491386256316, 0.11401919133455096], "k_pid_alt": [0.25317882650443013, 0.0, 0.06527723447865985], "k_pid_att": [24.0942673894178, 7.284845820832624, 0.8739915892735461], "k_pid_yaw": [0.5, 1e-06, 0.1], "k_pid_hsp": [3.022941925987454, 0.1531003758033771, 0.01], "k_pid_vsp": [378.2079564087626, 355.21150340299164, 1.0]}, "datetime": {"datetime": "2025-08-21 13:15:36", "elapsed": 16253.216029167175, "delta": 22.73785972595215}, "costs": {"total_cost": 397.7310182762764, "time_cost": 150, "final_distance_cost": 7.004715545147633, "oscillation_cost": 48.939605873857715, "completition_cost": 111.11111111111116, "overshoot_cost": 52.08566028894743, "power_cost": 14.90141668701172, "noise_cost": 13.688508770200785, "n_waypoints_completed": 8, "tot_waypoints": 9}}
{"target": -183.25421077781843, "params": {"k_pid_pos": [1.3885554450422086, 0.024859491386256316, 0.4388587351883817], "k_pid_alt": [1.2679502233621702, 0.0, 0.1576465649121419], "k_pid_att": [33.41589308538913, 7.284845820832624, 0.8739915892735461], "k_pid_yaw": [0.5, 1e-06, 0.1], "k_pid_hsp": [3.022941925987454, 0.4702638621486921, 0.01], "k_pid_vsp": [378.2079564087626, 282.782445757401, 1.0]}, "datetime": {"datetime": "2025-08-21 13:15:52", "elapsed": 16269.027571678162, "delta": 15.811542510986328}, "costs": {"total_cost": 183.25421077781843, "time_cost": 69.04, "final_distance_cost": 1.851921116861295, "oscillation_cost": 41.20093453981972, "completition_cost": 0.0, "overshoot_cost": 49.54040341831642, "power_cost": 10.726053161621094, "noise_cost": 10.894898541199902, "n_waypoints_completed": 9, "tot_waypoints": 9}}
{"target": -185.7479166652571, "params": {"k_pid_pos": [1.3885554450422086, 0.024859491386256316, 0.11401919133455096], "k_pid_alt": [1.0304713630477362, 0.0, 0.06527723447865985], "k_pid_att": [24.0942673894178, 7.284845820832624, 0.8739915892735461], "k_pid_yaw": [0.5, 1e-06, 0.1], "k_pid_hsp": [1.0, 0.1531003758033771, 0.01], "k_pid_vsp": [378.2079564087626, 355.21150340299164, 1.0]}, "datetime": {"datetime": "2025-08-21 13:16:09", "elapsed": 16286.342858552933, "delta": 17.315286874771118}, "costs": {"total_cost": 185.7479166652571, "time_cost": 68.784, "final_distance_cost": 1.786304242951336, "oscillation_cost": 38.760088485573924, "completition_cost": 0.0, "overshoot_cost": 49.498265835599334, "power_cost": 14.7062876953125, "noise_cost": 12.212970405819984, "n_waypoints_completed": 9, "tot_waypoints": 9}}
{"target": -184.24790411998703, "params": {"k_pid_pos": [1.901325454231368, 0.024859491386256316, 0.15676371154545432], "k_pid_alt": [1.2679502233621702, 0.0, 0.06527723447865985], "k_pid_att": [24.0942673894178, 7.284845820832624, 0.4533553111744568], "k_pid_yaw": [0.5, 1e-06, 0.1], "k_pid_hsp": [1.0, 0.20291134351117135, 0.01], "k_pid_vsp": [378.2079564087626, 355.21150340299164, 1.0]}, "datetime": {"datetime": "2025-08-21 13:16:28", "elapsed": 16304.65960073471, "delta": 18.316742181777954}, "costs": {"total_cost": 184.24790411998703, "time_cost": 68.144, "final_distance_cost": 1.7628291163372791, "oscillation_cost": 43.762480389686935, "completition_cost": 0.0, "overshoot_cost": 49.794974722776004, "power_cost": 10.689373461914062, "noise_cost": 10.094246429272756, "n_waypoints_completed": 9, "tot_waypoints": 9}}
{"target": -187.33973466761827, "params": {"k_pid_pos": [1.3885554450422086, 0.024859491386256316, 0.11401919133455096], "k_pid_alt": [1.6073530137732008, 0.0, 0.06527723447865985], "k_pid_att": [24.0942673894178, 7.284845820832624, 0.8739915892735461], "k_pid_yaw": [0.5, 1e-06, 0.1], "k_pid_hsp": [3.022941925987454, 0.9677741304742827, 0.01], "k_pid_vsp": [378.2079564087626, 355.21150340299164, 1.0]}, "datetime": {"datetime": "2025-08-21 13:16:46", "elapsed": 16323.115881204605, "delta": 18.45628046989441}, "costs": {"total_cost": 187.33973466761827, "time_cost": 67.672, "final_distance_cost": 1.8143820707748248, "oscillation_cost": 49.12034385039714, "completition_cost": 0.0, "overshoot_cost": 48.71203355657998, "power_cost": 10.056411413574219, "noise_cost": 9.964563776292135, "n_waypoints_completed": 9, "tot_waypoints": 9}}
{"target": -180.05536332643035, "params": {"k_pid_pos": [1.3885554450422086, 0.024859491386256316, 0.06837744536824142], "k_pid_alt": [1.408510096659571, 0.0, 0.06527723447865985], "k_pid_att": [58.989274729095186, 2.057470297840489, 0.8739915892735461], "k_pid_yaw": [0.5, 1e-06, 0.1], "k_pid_hsp": [1.0, 0.1531003758033771, 0.01], "k_pid_vsp": [383.6525668739127, 355.21150340299164, 1.0]}, "datetime": {"datetime": "2025-08-21 13:17:03", "elapsed": 16339.614637374878, "delta": 16.498756170272827}, "costs": {"total_cost": 180.05536332643035, "time_cost": 67.968, "final_distance_cost": 1.7970092616635456, "oscillation_cost": 40.638864654947284, "completition_cost": 0.0, "overshoot_cost": 49.609193732437056, "power_cost": 10.035337353515626, "noise_cost": 10.006958323866849, "n_waypoints_completed": 9, "tot_waypoints": 9}}
{"target": -333.59412177697266, "params": {"k_pid_pos": [1.3885554450422086, 0.024859491386256316, 0.11401919133455096], "k_pid_alt": [1.408510096659571, 0.0, 0.06527723447865985], "k_pid_att": [58.989274729095186, 2.057470297840489, 0.8739915892735461], "k_pid_yaw": [0.5, 1e-06, 0.1], "k_pid_hsp": [1.0, 0.1531003758033771, 0.6574950238201316], "k_pid_vsp": [146.93843233531743, 355.21150340299164, 1.0]}, "datetime": {"datetime": "2025-08-21 13:17:22", "elapsed": 16358.554784536362, "delta": 18.940147161483765}, "costs": {"total_cost": 333.59412177697266, "time_cost": 80.88, "final_distance_cost": 1.6466311584567042, "oscillation_cost": 159.5891337933422, "completition_cost": 0.0, "overshoot_cost": 57.781147208727965, "power_cost": 18.255556286621093, "noise_cost": 15.441653329824687, "n_waypoints_completed": 9, "tot_waypoints": 9}}
{"target": -180.65747973270481, "params": {"k_pid_pos": [1.3885554450422086, 0.024859491386256316, 0.06837744536824142], "k_pid_alt": [1.408510096659571, 0.0, 0.06527723447865985], "k_pid_att": [58.989274729095186, 2.057470297840489, 0.8739915892735461], "k_pid_yaw": [0.5, 1e-06, 0.1], "k_pid_hsp": [1.0, 0.1531003758033771, 0.01], "k_pid_vsp": [383.6525668739127, 355.21150340299164, 1.0]}, "datetime": {"datetime": "2025-08-21 13:17:37", "elapsed": 16374.057898044586, "delta": 15.503113508224487}, "costs": {"total_cost": 180.65747973270481, "time_cost": 67.816, "final_distance_cost": 1.8063326840846063, "oscillation_cost": 43.71854179904727, "completition_cost": 0.0, "overshoot_cost": 49.352274017350545, "power_cost": 8.717618908691406, "noise_cost": 9.246712323530984, "n_waypoints_completed": 9, "tot_waypoints": 9}}
