{"target": -185.42150261054763, "params": {"k_pid_pos": [1.7041340386651447, 0.024859491386256316, 0.9451257094832697], "k_pid_alt": [1.0304713630477362, 0.0, 0.06527723447865985], "k_pid_att": [29.46763110571006, 5.67849514865483, 0.73590781336997], "k_pid_yaw": [0.5, 1e-06, 0.1], "k_pid_hsp": [1.606987810134683, 0.1531003758033771, 0.01], "k_pid_vsp": [110.56511661686339, 59.083466427248936, 1.0]}, "datetime": {"datetime": "2025-08-21 15:42:55", "elapsed": 25091.459042787552, "delta": 16.729087591171265}, "costs": {"total_cost": 185.42150261054763, "time_cost": 70.712, "final_distance_cost": 1.8434886942107556, "oscillation_cost": 42.799260370491346, "completition_cost": 0.0, "overshoot_cost": 49.3533717545472, "power_cost": 10.182068310546876, "noise_cost": 10.531313480751464, "n_waypoints_completed": 9, "tot_waypoints": 9}}
{"target": -280.70836314718065, "params": {"k_pid_pos": [1.0303987325070019, 0.024859491386256316, 0.3434561031905483], "k_pid_alt": [1.3959173657108794, 0.0, 0.02574460601302908], "k_pid_att": [24.0942673894178, 2.6889016979653872, 0.8739915892735461], "k_pid_yaw": [0.5, 1e-06, 0.1], "k_pid_hsp": [1.0, 0.1531003758033771, 0.158932382533298], "k_pid_vsp": [55.290544575302604, 178.623871307833, 23.947179864182857]}, "datetime": {"datetime": "2025-08-21 15:43:13", "elapsed": 25109.77571439743, "delta": 18.31667160987854}, "costs": {"total_cost": 280.70836314718065, "time_cost": 76.72800000000001, "final_distance_cost": 1.8455939325371726, "oscillation_cost": 119.80979265168804, "completition_cost": 0.0, "overshoot_cost": 51.86355179698032, "power_cost": 16.638651208496096, "noise_cost": 13.822773557479012, "n_waypoints_completed": 9, "tot_waypoints": 9}}
{"target": -208.33473741593906, "params": {"k_pid_pos": [1.7041340386651447, 0.024859491386256316, 0.3434561031905483], "k_pid_alt": [1.6319753356852484, 0.0, 0.1576465649121419], "k_pid_att": [58.989274729095186, 5.859554809351448, 0.6718005340770477], "k_pid_yaw": [0.5, 1e-06, 0.1], "k_pid_hsp": [1.606987810134683, 0.1531003758033771, 0.01], "k_pid_vsp": [264.9966777379314, 359.530474216699, 1.0]}, "datetime": {"datetime": "2025-08-21 15:43:30", "elapsed": 25127.05556821823, "delta": 17.27985382080078}, "costs": {"total_cost": 208.33473741593906, "time_cost": 75.52, "final_distance_cost": 1.8007882747577253, "oscillation_cost": 42.72612544335353, "completition_cost": 0.0, "overshoot_cost": 54.72905026162408, "power_cost": 18.856541235351564, "noise_cost": 14.702232200852162, "n_waypoints_completed": 9, "tot_waypoints": 9}}
{"target": -237.49774207001, "params": {"k_pid_pos": [1.8922997940790476, 0.024859491386256316, 0.9451257094832697], "k_pid_alt": [1.0304713630477362, 0.0, 0.23665804942399393], "k_pid_att": [24.0942673894178, 7.284845820832624, 0.0607414183622893], "k_pid_yaw": [0.5, 1e-06, 0.1], "k_pid_hsp": [1.606987810134683, 0.1531003758033771, 0.01], "k_pid_vsp": [110.56511661686339, 59.083466427248936, 1.0]}, "datetime": {"datetime": "2025-08-21 15:43:47", "elapsed": 25143.875980615616, "delta": 16.820412397384644}, "costs": {"total_cost": 237.49774207001, "time_cost": 71.384, "final_distance_cost": 1.8493888431148455, "oscillation_cost": 89.57060129781746, "completition_cost": 0.0, "overshoot_cost": 50.09188214639226, "power_cost": 12.853696582031251, "noise_cost": 11.748173200654138, "n_waypoints_completed": 9, "tot_waypoints": 9}}
{"target": -316.8579574105534, "params": {"k_pid_pos": [1.0303987325070019, 0.024859491386256316, 0.3434561031905483], "k_pid_alt": [1.1322102414463147, 0.0, 0.1576465649121419], "k_pid_att": [18.716498687641693, 0.4746071483446615, 0.7033874038379369], "k_pid_yaw": [0.5, 1e-06, 0.1], "k_pid_hsp": [5.751519431904279, 0.8491439406138563, 0.33433135258726887], "k_pid_vsp": [284.5460512203246, 355.21150340299164, 1.0]}, "datetime": {"datetime": "2025-08-21 15:44:05", "elapsed": 25161.49104475975, "delta": 17.61506414413452}, "costs": {"total_cost": 316.8579574105534, "time_cost": 74.08800000000001, "final_distance_cost": 1.8390011347479283, "oscillation_cost": 159.4011374042243, "completition_cost": 0.0, "overshoot_cost": 50.4842346878061, "power_cost": 17.22038543701172, "noise_cost": 13.825198746763382, "n_waypoints_completed": 9, "tot_waypoints": 9}}
{"target": -194.24484081546518, "params": {"k_pid_pos": [1.4423278017687713, 0.31277452455499244, 0.9451257094832697], "k_pid_alt": [1.0304713630477362, 0.0, 0.06527723447865985], "k_pid_att": [29.46763110571006, 7.284845820832624, 0.73590781336997], "k_pid_yaw": [0.5, 1e-06, 0.1], "k_pid_hsp": [1.606987810134683, 0.1531003758033771, 0.01], "k_pid_vsp": [110.56511661686339, 59.083466427248936, 1.0]}, "datetime": {"datetime": "2025-08-21 15:44:22", "elapsed": 25179.139499902725, "delta": 17.648455142974854}, "costs": {"total_cost": 194.24484081546518, "time_cost": 77.12, "final_distance_cost": 1.8312690620227146, "oscillation_cost": 45.583418115505324, "completition_cost": 0.0, "overshoot_cost": 49.60323875458507, "power_cost": 9.508488146972656, "noise_cost": 10.598426736379402, "n_waypoints_completed": 9, "tot_waypoints": 9}}
{"target": -181.08062209227433, "params": {"k_pid_pos": [1.7041340386651447, 0.024859491386256316, 0.3434561031905483], "k_pid_alt": [1.6319753356852484, 0.0, 0.1576465649121419], "k_pid_att": [58.989274729095186, 5.859554809351448, 0.7033874038379369], "k_pid_yaw": [0.5, 1e-06, 0.1], "k_pid_hsp": [1.606987810134683, 0.1531003758033771, 0.01], "k_pid_vsp": [264.9966777379314, 175.28714713338795, 1.0]}, "datetime": {"datetime": "2025-08-21 15:44:40", "elapsed": 25196.88487792015, "delta": 17.745378017425537}, "costs": {"total_cost": 181.08062209227433, "time_cost": 68.21600000000001, "final_distance_cost": 1.8168316842637662, "oscillation_cost": 38.05839942735575, "completition_cost": 0.0, "overshoot_cost": 49.86045984728453, "power_cost": 11.982739013671875, "noise_cost": 11.14619211969839, "n_waypoints_completed": 9, "tot_waypoints": 9}}
{"target": -183.43203881123517, "params": {"k_pid_pos": [1.7041340386651447, 0.024859491386256316, 0.3434561031905483], "k_pid_alt": [1.6319753356852484, 0.0, 0.1576465649121419], "k_pid_att": [58.989274729095186, 5.088413281584711, 0.7033874038379369], "k_pid_yaw": [0.5, 1e-06, 0.1], "k_pid_hsp": [1.606987810134683, 0.1531003758033771, 0.01], "k_pid_vsp": [376.5747392387296, 359.530474216699, 1.0]}, "datetime": {"datetime": "2025-08-21 15:44:55", "elapsed": 25212.41615509987, "delta": 15.531277179718018}, "costs": {"total_cost": 183.43203881123517, "time_cost": 68.944, "final_distance_cost": 1.7970140567204667, "oscillation_cost": 37.04110551301649, "completition_cost": 0.0, "overshoot_cost": 50.399885947366975, "power_cost": 13.441516564941407, "noise_cost": 11.808516729189844, "n_waypoints_completed": 9, "tot_waypoints": 9}}
{"target": -227.6142133989282, "params": {"k_pid_pos": [1.7041340386651447, 0.024859491386256316, 0.3434561031905483], "k_pid_alt": [1.3959173657108794, 0.7984273847917338, 0.06527723447865985], "k_pid_att": [24.0942673894178, 2.6889016979653872, 0.31810659681476605], "k_pid_yaw": [0.5, 1e-06, 0.1], "k_pid_hsp": [1.0, 0.1531003758033771, 0.01], "k_pid_vsp": [376.5747392387296, 178.623871307833, 1.0]}, "datetime": {"datetime": "2025-08-21 15:45:15", "elapsed": 25231.709979057312, "delta": 19.293823957443237}, "costs": {"total_cost": 227.6142133989282, "time_cost": 83.976, "final_distance_cost": 1.7957449383592847, "oscillation_cost": 55.923061583414, "completition_cost": 0.0, "overshoot_cost": 54.43688497704963, "power_cost": 17.501266894531252, "noise_cost": 13.981255005574056, "n_waypoints_completed": 9, "tot_waypoints": 9}}
{"target": -186.86543662836274, "params": {"k_pid_pos": [1.7041340386651447, 0.024859491386256316, 0.3434561031905483], "k_pid_alt": [0.9311547609957027, 0.0, 0.292395508677496], "k_pid_att": [24.0942673894178, 2.6889016979653872, 0.8739915892735461], "k_pid_yaw": [0.5, 1e-06, 0.1], "k_pid_hsp": [1.0, 0.1531003758033771, 0.01], "k_pid_vsp": [376.5747392387296, 178.623871307833, 1.0]}, "datetime": {"datetime": "2025-08-21 15:45:31", "elapsed": 25247.775369167328, "delta": 16.06539011001587}, "costs": {"total_cost": 186.86543662836274, "time_cost": 70.76, "final_distance_cost": 1.8151745082835407, "oscillation_cost": 40.18747680445653, "completition_cost": 0.0, "overshoot_cost": 49.78569885977686, "power_cost": 12.926319824218751, "noise_cost": 11.390766631627047, "n_waypoints_completed": 9, "tot_waypoints": 9}}
{"target": -179.72087839345414, "params": {"k_pid_pos": [1.7041340386651447, 0.024859491386256316, 0.3434561031905483], "k_pid_alt": [1.6319753356852484, 0.0, 0.5352314762690444], "k_pid_att": [58.989274729095186, 5.859554809351448, 0.7033874038379369], "k_pid_yaw": [0.5, 1e-06, 0.1], "k_pid_hsp": [1.606987810134683, 0.1531003758033771, 0.01], "k_pid_vsp": [264.9966777379314, 94.28610281764664, 1.0]}, "datetime": {"datetime": "2025-08-21 15:45:47", "elapsed": 25263.840566158295, "delta": 16.065196990966797}, "costs": {"total_cost": 179.72087839345414, "time_cost": 68.672, "final_distance_cost": 1.8174947192243156, "oscillation_cost": 40.20599723248493, "completition_cost": 0.0, "overshoot_cost": 49.730059124751186, "power_cost": 9.477257812500001, "noise_cost": 9.818069504493701, "n_waypoints_completed": 9, "tot_waypoints": 9}}
{"target": -192.50548693875936, "params": {"k_pid_pos": [1.7041340386651447, 0.024859491386256316, 0.3434561031905483], "k_pid_alt": [1.6319753356852484, 0.0, 0.1576465649121419], "k_pid_att": [58.989274729095186, 5.859554809351448, 0.7033874038379369], "k_pid_yaw": [0.5, 1e-06, 0.1], "k_pid_hsp": [1.606987810134683, 0.1531003758033771, 0.01], "k_pid_vsp": [264.9966777379314, 359.530474216699, 13.269141705997619]}, "datetime": {"datetime": "2025-08-21 15:46:03", "elapsed": 25280.128485679626, "delta": 16.287919521331787}, "costs": {"total_cost": 192.50548693875936, "time_cost": 68.168, "final_distance_cost": 1.8125780909242508, "oscillation_cost": 45.76672234463221, "completition_cost": 0.0, "overshoot_cost": 50.208395358782774, "power_cost": 14.760560961914063, "noise_cost": 11.789230182506067, "n_waypoints_completed": 9, "tot_waypoints": 9}}
{"target": -198.13110702974714, "params": {"k_pid_pos": [1.7041340386651447, 0.024859491386256316, 0.3434561031905483], "k_pid_alt": [1.6319753356852484, 0.0, 0.1576465649121419], "k_pid_att": [28.281900831094653, 5.859554809351448, 0.7033874038379369], "k_pid_yaw": [0.5, 1e-06, 0.1], "k_pid_hsp": [1.606987810134683, 0.1531003758033771, 0.01], "k_pid_vsp": [29.726899196260923, 362.15748629354863, 1.0]}, "datetime": {"datetime": "2025-08-21 15:46:19", "elapsed": 25295.766191720963, "delta": 15.63770604133606}, "costs": {"total_cost": 198.13110702974714, "time_cost": 69.4, "final_distance_cost": 1.7783867768720316, "oscillation_cost": 50.027233524738406, "completition_cost": 0.0, "overshoot_cost": 50.694175437832456, "power_cost": 14.514644689941408, "noise_cost": 11.716666600362844, "n_waypoints_completed": 9, "tot_waypoints": 9}}
{"target": -232.3911647046949, "params": {"k_pid_pos": [1.7041340386651447, 0.8175948644785515, 0.3434561031905483], "k_pid_alt": [1.6319753356852484, 0.0, 0.1576465649121419], "k_pid_att": [58.989274729095186, 5.088413281584711, 0.7033874038379369], "k_pid_yaw": [0.5, 1e-06, 0.1], "k_pid_hsp": [1.606987810134683, 0.7779309970918005, 0.01], "k_pid_vsp": [376.5747392387296, 175.28714713338795, 1.0]}, "datetime": {"datetime": "2025-08-21 15:46:40", "elapsed": 25316.67995095253, "delta": 20.913759231567383}, "costs": {"total_cost": 232.3911647046949, "time_cost": 88.568, "final_distance_cost": 1.7838126832768344, "oscillation_cost": 58.53540229962116, "completition_cost": 0.0, "overshoot_cost": 57.38092971663205, "power_cost": 13.513284777832032, "noise_cost": 12.609735227332777, "n_waypoints_completed": 9, "tot_waypoints": 9}}
{"target": -976.8216274864337, "params": {"k_pid_pos": [1.9176378968916694, 0.024859491386256316, 0.3434561031905483], "k_pid_alt": [0.08287277088409217, 0.0, 0.1576465649121419], "k_pid_att": [58.989274729095186, 5.088413281584711, 0.9242347693904343], "k_pid_yaw": [0.5, 1e-06, 0.1], "k_pid_hsp": [1.606987810134683, 0.1531003758033771, 0.01], "k_pid_vsp": [376.5747392387296, 175.28714713338795, 1.0]}, "datetime": {"datetime": "2025-08-21 15:47:03", "elapsed": 25340.42902469635, "delta": 23.74907374382019}, "costs": {"total_cost": 976.8216274864337, "time_cost": 150, "final_distance_cost": 59.430637041124896, "oscillation_cost": 26.863208500781514, "completition_cost": 666.6666666666667, "overshoot_cost": 43.1042467005127, "power_cost": 16.205134155273438, "noise_cost": 14.551734422074443, "n_waypoints_completed": 3, "tot_waypoints": 9}}
{"target": -181.18018854999312, "params": {"k_pid_pos": [1.7041340386651447, 0.024859491386256316, 0.3434561031905483], "k_pid_alt": [1.6319753356852484, 0.0, 0.5352314762690444], "k_pid_att": [58.989274729095186, 5.859554809351448, 0.7033874038379369], "k_pid_yaw": [0.5, 1e-06, 0.1], "k_pid_hsp": [1.606987810134683, 0.1531003758033771, 0.01], "k_pid_vsp": [264.9966777379314, 94.28610281764664, 1.0]}, "datetime": {"datetime": "2025-08-21 15:47:19", "elapsed": 25355.617837429047, "delta": 15.188812732696533}, "costs": {"total_cost": 181.18018854999312, "time_cost": 68.8, "final_distance_cost": 1.8190348012438278, "oscillation_cost": 41.112558695307925, "completition_cost": 0.0, "overshoot_cost": 49.96484280054428, "power_cost": 9.629077966308595, "noise_cost": 9.85467428658851, "n_waypoints_completed": 9, "tot_waypoints": 9}}
{"target": -186.00726898305842, "params": {"k_pid_pos": [1.7041340386651447, 0.024859491386256316, 0.3434561031905483], "k_pid_alt": [1.6319753356852484, 0.0, 0.1576465649121419], "k_pid_att": [58.989274729095186, 5.859554809351448, 0.7033874038379369], "k_pid_yaw": [0.5, 1e-06, 0.1], "k_pid_hsp": [1.606987810134683, 0.1531003758033771, 0.01], "k_pid_vsp": [264.9966777379314, 175.28714713338795, 1.0]}, "datetime": {"datetime": "2025-08-21 15:47:35", "elapsed": 25372.185072898865, "delta": 16.567235469818115}, "costs": {"total_cost": 186.00726898305842, "time_cost": 68.584, "final_distance_cost": 1.8272040823414215, "oscillation_cost": 40.5490799562718, "completition_cost": 0.0, "overshoot_cost": 50.28755220804402, "power_cost": 13.149434423828126, "noise_cost": 11.609998312573046, "n_waypoints_completed": 9, "tot_waypoints": 9}}
{"target": -181.76440486186118, "params": {"k_pid_pos": [1.9176378968916694, 0.07129208892642425, 0.6250867496839783], "k_pid_alt": [1.6319753356852484, 0.0, 0.1576465649121419], "k_pid_att": [58.989274729095186, 5.088413281584711, 0.6179952950406163], "k_pid_yaw": [0.5, 1e-06, 0.1], "k_pid_hsp": [1.0076768036881465, 0.1531003758033771, 0.01], "k_pid_vsp": [155.80135867994494, 175.28714713338795, 1.0]}, "datetime": {"datetime": "2025-08-21 15:47:51", "elapsed": 25388.164131879807, "delta": 15.979058980941772}, "costs": {"total_cost": 181.76440486186118, "time_cost": 68.16, "final_distance_cost": 1.8153365814768758, "oscillation_cost": 41.162353438735934, "completition_cost": 0.0, "overshoot_cost": 49.41635069500044, "power_cost": 10.74657626953125, "noise_cost": 10.463787877116692, "n_waypoints_completed": 9, "tot_waypoints": 9}}
{"target": -183.53968780665255, "params": {"k_pid_pos": [1.8922997940790476, 0.024859491386256316, 0.7774444947807966], "k_pid_alt": [1.0304713630477362, 0.0, 0.06527723447865985], "k_pid_att": [33.06901212709937, 2.6889016979653872, 0.73590781336997], "k_pid_yaw": [0.5, 1e-06, 0.1], "k_pid_hsp": [1.606987810134683, 0.1531003758033771, 0.01], "k_pid_vsp": [110.56511661686339, 59.083466427248936, 1.0]}, "datetime": {"datetime": "2025-08-21 15:48:08", "elapsed": 25404.830738067627, "delta": 16.666606187820435}, "costs": {"total_cost": 183.53968780665255, "time_cost": 69.34400000000001, "final_distance_cost": 1.8387005777949255, "oscillation_cost": 39.42313014535681, "completition_cost": 0.0, "overshoot_cost": 49.618706661779704, "power_cost": 12.0737537109375, "noise_cost": 11.241396710783608, "n_waypoints_completed": 9, "tot_waypoints": 9}}
{"target": -207.32153246905742, "params": {"k_pid_pos": [1.8922997940790476, 0.024859491386256316, 0.10532024692005881], "k_pid_alt": [1.0304713630477362, 0.0, 0.06527723447865985], "k_pid_att": [24.0942673894178, 7.284845820832624, 0.8739915892735461], "k_pid_yaw": [0.5, 1e-06, 0.1], "k_pid_hsp": [1.0, 0.5531972591780506, 0.01], "k_pid_vsp": [376.5747392387296, 178.623871307833, 1.0]}, "datetime": {"datetime": "2025-08-21 15:48:25", "elapsed": 25421.642689704895, "delta": 16.811951637268066}, "costs": {"total_cost": 207.32153246905742, "time_cost": 70.568, "final_distance_cost": 1.7924348732012372, "oscillation_cost": 56.10576391796067, "completition_cost": 0.0, "overshoot_cost": 51.479324069286186, "power_cost": 14.67000791015625, "noise_cost": 12.706001698453086, "n_waypoints_completed": 9, "tot_waypoints": 9}}
{"target": -200.5330714936685, "params": {"k_pid_pos": [1.4423278017687713, 0.31277452455499244, 0.9818093895928307], "k_pid_alt": [1.0304713630477362, 0.0, 0.06527723447865985], "k_pid_att": [29.46763110571006, 7.284845820832624, 0.73590781336997], "k_pid_yaw": [0.5, 1e-06, 0.1], "k_pid_hsp": [1.606987810134683, 0.036551335399587326, 0.01], "k_pid_vsp": [110.56511661686339, 59.083466427248936, 1.0]}, "datetime": {"datetime": "2025-08-21 15:48:43", "elapsed": 25440.166079759598, "delta": 18.52339005470276}, "costs": {"total_cost": 200.5330714936685, "time_cost": 79.528, "final_distance_cost": 1.835313223955336, "oscillation_cost": 44.923019396004975, "completition_cost": 0.0, "overshoot_cost": 50.23402256632356, "power_cost": 12.14059989013672, "noise_cost": 11.872116417247893, "n_waypoints_completed": 9, "tot_waypoints": 9}}
{"target": -193.00998651658932, "params": {"k_pid_pos": [1.7041340386651447, 0.024859491386256316, 0.3434561031905483], "k_pid_alt": [1.6319753356852484, 0.0, 0.5352314762690444], "k_pid_att": [58.989274729095186, 5.859554809351448, 0.11689683853528843], "k_pid_yaw": [0.5, 1e-06, 0.1], "k_pid_hsp": [1.606987810134683, 0.1531003758033771, 0.01], "k_pid_vsp": [387.1470188825909, 94.28610281764664, 1.0]}, "datetime": {"datetime": "2025-08-21 15:49:00", "elapsed": 25456.673471927643, "delta": 16.507392168045044}, "costs": {"total_cost": 193.00998651658932, "time_cost": 69.592, "final_distance_cost": 1.7843063638211598, "oscillation_cost": 46.87838128710618, "completition_cost": 0.0, "overshoot_cost": 50.889582901998565, "power_cost": 12.522719555664063, "noise_cost": 11.342996407999365, "n_waypoints_completed": 9, "tot_waypoints": 9}}
{"target": -224.71375594899075, "params": {"k_pid_pos": [1.9176378968916694, 0.8175948644785515, 0.3434561031905483], "k_pid_alt": [1.6319753356852484, 0.0, 0.1576465649121419], "k_pid_att": [58.989274729095186, 5.088413281584711, 0.6249488241409268], "k_pid_yaw": [0.5, 1e-06, 0.1], "k_pid_hsp": [1.606987810134683, 0.7779309970918005, 0.01], "k_pid_vsp": [376.5747392387296, 175.28714713338795, 1.0]}, "datetime": {"datetime": "2025-08-21 15:49:23", "elapsed": 25479.929927825928, "delta": 23.256455898284912}, "costs": {"total_cost": 224.71375594899075, "time_cost": 86.224, "final_distance_cost": 1.7838278075385763, "oscillation_cost": 55.295639608020004, "completition_cost": 0.0, "overshoot_cost": 58.39895994937887, "power_cost": 11.598370776367188, "noise_cost": 11.41295780768612, "n_waypoints_completed": 9, "tot_waypoints": 9}}
{"target": -373.8494563493164, "params": {"k_pid_pos": [1.7041340386651447, 0.15059658371056506, 0.5553847934559067], "k_pid_alt": [1.0304713630477362, 0.0, 0.06527723447865985], "k_pid_att": [24.0942673894178, 7.284845820832624, 0.73590781336997], "k_pid_yaw": [0.5, 1e-06, 0.1], "k_pid_hsp": [1.606987810134683, 0.1531003758033771, 0.8374187147485667], "k_pid_vsp": [110.56511661686339, 59.083466427248936, 1.0]}, "datetime": {"datetime": "2025-08-21 15:49:44", "elapsed": 25500.4736328125, "delta": 20.543704986572266}, "costs": {"total_cost": 373.8494563493164, "time_cost": 80.04, "final_distance_cost": 1.7682979747472347, "oscillation_cost": 215.23651857634172, "completition_cost": 0.0, "overshoot_cost": 54.14638001372955, "power_cost": 11.31630926513672, "noise_cost": 11.341950519361212, "n_waypoints_completed": 9, "tot_waypoints": 9}}
{"target": -185.85695156845478, "params": {"k_pid_pos": [1.8922997940790476, 0.024859491386256316, 0.6250867496839783], "k_pid_alt": [1.6319753356852484, 0.0, 0.1576465649121419], "k_pid_att": [35.543488255586034, 5.088413281584711, 0.6179952950406163], "k_pid_yaw": [0.5, 1e-06, 0.1], "k_pid_hsp": [1.0076768036881465, 0.1531003758033771, 0.01], "k_pid_vsp": [264.9966777379314, 94.28610281764664, 1.0]}, "datetime": {"datetime": "2025-08-21 15:50:01", "elapsed": 25518.117156028748, "delta": 17.64352321624756}, "costs": {"total_cost": 185.85695156845478, "time_cost": 68.752, "final_distance_cost": 1.8151362222080496, "oscillation_cost": 39.11674585229546, "completition_cost": 0.0, "overshoot_cost": 50.601049255501046, "power_cost": 13.602971887207032, "noise_cost": 11.969048351243202, "n_waypoints_completed": 9, "tot_waypoints": 9}}
{"target": -207.6230849133481, "params": {"k_pid_pos": [1.7041340386651447, 0.5975766577032856, 0.3434561031905483], "k_pid_alt": [1.6319753356852484, 0.0, 0.5352314762690444], "k_pid_att": [58.989274729095186, 5.859554809351448, 0.7033874038379369], "k_pid_yaw": [0.5, 1e-06, 0.1], "k_pid_hsp": [1.606987810134683, 0.1531003758033771, 0.01], "k_pid_vsp": [155.80135867994494, 175.28714713338795, 1.0]}, "datetime": {"datetime": "2025-08-21 15:50:21", "elapsed": 25538.37862110138, "delta": 20.261465072631836}, "costs": {"total_cost": 207.6230849133481, "time_cost": 81.752, "final_distance_cost": 1.7456873821676253, "oscillation_cost": 52.56941186165521, "completition_cost": 0.0, "overshoot_cost": 51.6322670235746, "power_cost": 9.619021752929688, "noise_cost": 10.304696893020973, "n_waypoints_completed": 9, "tot_waypoints": 9}}
