{"target": -194.09470970347235, "params": {"k_pid_pos": [1.9176378968916694, 0.024859491386256316, 0.21152287994165886], "k_pid_alt": [1.6714132940641002, 0.0, 0.06527723447865985], "k_pid_att": [24.0942673894178, 5.824334032821091, 0.8739915892735461], "k_pid_yaw": [0.5, 1e-06, 0.1], "k_pid_hsp": [7.387403233709861, 0.1531003758033771, 0.01], "k_pid_vsp": [110.56511661686339, 355.21150340299164, 1.0]}, "datetime": {"datetime": "2025-08-21 15:04:59", "elapsed": 22816.191481351852, "delta": 14.98703122138977}, "costs": {"total_cost": 194.09470970347235, "time_cost": 67.968, "final_distance_cost": 1.7926332870001458, "oscillation_cost": 54.12634031591787, "completition_cost": 0.0, "overshoot_cost": 49.796589292431264, "power_cost": 10.32053896484375, "noise_cost": 10.090607843279315, "n_waypoints_completed": 9, "tot_waypoints": 9}}
{"target": -187.39674472764847, "params": {"k_pid_pos": [1.9176378968916694, 0.019460639298323645, 0.0386815934960667], "k_pid_alt": [1.477768752937916, 0.0, 0.1576465649121419], "k_pid_att": [24.0942673894178, 1.2832267695489696, 0.8739915892735461], "k_pid_yaw": [0.5, 1e-06, 0.1], "k_pid_hsp": [1.0, 0.1531003758033771, 0.01], "k_pid_vsp": [68.87684793552155, 204.84203769155826, 1.0]}, "datetime": {"datetime": "2025-08-21 15:05:15", "elapsed": 22832.124578475952, "delta": 15.933097124099731}, "costs": {"total_cost": 187.39674472764847, "time_cost": 68.56, "final_distance_cost": 1.7327219430529062, "oscillation_cost": 46.4836707139514, "completition_cost": 0.0, "overshoot_cost": 49.27634208571522, "power_cost": 11.033914062500001, "noise_cost": 10.310095922428918, "n_waypoints_completed": 9, "tot_waypoints": 9}}
{"target": -669.835300276783, "params": {"k_pid_pos": [0.3457776273554678, 0.024859491386256316, 0.8092599635047751], "k_pid_alt": [1.7187705538853828, 0.0, 0.3489059373979838], "k_pid_att": [58.989274729095186, 5.088413281584711, 0.6179952950406163], "k_pid_yaw": [0.5, 1e-06, 0.1], "k_pid_hsp": [1.606987810134683, 0.1531003758033771, 0.01], "k_pid_vsp": [110.56511661686339, 339.4431072959635, 1.0]}, "datetime": {"datetime": "2025-08-21 15:05:38", "elapsed": 22855.038648605347, "delta": 22.91407012939453}, "costs": {"total_cost": 669.835300276783, "time_cost": 150, "final_distance_cost": 70.8367709551539, "oscillation_cost": 40.879568583152626, "completition_cost": 333.33333333333337, "overshoot_cost": 47.66540314305456, "power_cost": 14.047376257324219, "noise_cost": 13.072848004764264, "n_waypoints_completed": 6, "tot_waypoints": 9}}
{"target": -179.28325765878347, "params": {"k_pid_pos": [1.7041340386651447, 0.024859491386256316, 0.3434561031905483], "k_pid_alt": [1.6319753356852484, 0.0, 0.1576465649121419], "k_pid_att": [58.989274729095186, 5.088413281584711, 0.7033874038379369], "k_pid_yaw": [0.5, 1e-06, 0.1], "k_pid_hsp": [1.606987810134683, 0.1531003758033771, 0.01], "k_pid_vsp": [376.5747392387296, 175.28714713338795, 1.0]}, "datetime": {"datetime": "2025-08-21 15:05:53", "elapsed": 22870.216747045517, "delta": 15.178098440170288}, "costs": {"total_cost": 179.28325765878347, "time_cost": 68.072, "final_distance_cost": 1.80934018825312, "oscillation_cost": 41.41483940048627, "completition_cost": 0.0, "overshoot_cost": 50.168645951124326, "power_cost": 8.526438928222657, "noise_cost": 9.291993190697099, "n_waypoints_completed": 9, "tot_waypoints": 9}}
{"target": -191.56213763338113, "params": {"k_pid_pos": [1.9176378968916694, 0.024859491386256316, 0.21152287994165886], "k_pid_alt": [1.3959173657108794, 0.0, 0.8285330192795117], "k_pid_att": [24.0942673894178, 7.284845820832624, 0.8739915892735461], "k_pid_yaw": [0.5, 1e-06, 0.1], "k_pid_hsp": [3.8015553682621426, 0.1531003758033771, 0.01], "k_pid_vsp": [110.56511661686339, 355.21150340299164, 1.0]}, "datetime": {"datetime": "2025-08-21 15:06:10", "elapsed": 22886.934487342834, "delta": 16.717740297317505}, "costs": {"total_cost": 191.56213763338113, "time_cost": 70.672, "final_distance_cost": 1.81617503240319, "oscillation_cost": 43.730070713808075, "completition_cost": 0.0, "overshoot_cost": 49.97713210370275, "power_cost": 13.604379455566407, "noise_cost": 11.762380327900699, "n_waypoints_completed": 9, "tot_waypoints": 9}}
{"target": -188.3205737991221, "params": {"k_pid_pos": [1.9176378968916694, 0.024859491386256316, 0.21152287994165886], "k_pid_alt": [1.6319753356852484, 0.0, 0.06527723447865985], "k_pid_att": [58.989274729095186, 5.088413281584711, 0.6179952950406163], "k_pid_yaw": [0.5, 1e-06, 0.1], "k_pid_hsp": [1.0, 0.1531003758033771, 0.01], "k_pid_vsp": [284.5460512203246, 355.21150340299164, 1.0]}, "datetime": {"datetime": "2025-08-21 15:06:26", "elapsed": 22903.378730773926, "delta": 16.44424343109131}, "costs": {"total_cost": 188.3205737991221, "time_cost": 68.304, "final_distance_cost": 1.798365839274438, "oscillation_cost": 42.584778280371204, "completition_cost": 0.0, "overshoot_cost": 50.014847358949446, "power_cost": 13.881114306640626, "noise_cost": 11.737468013886359, "n_waypoints_completed": 9, "tot_waypoints": 9}}
{"target": -181.8683392650691, "params": {"k_pid_pos": [1.9176378968916694, 0.024859491386256316, 0.8092599635047751], "k_pid_alt": [1.7187705538853828, 0.0, 0.1576465649121419], "k_pid_att": [58.989274729095186, 8.523668343376618, 0.5074717254068946], "k_pid_yaw": [0.5, 1e-06, 0.1], "k_pid_hsp": [1.5859581202077546, 0.1531003758033771, 0.01], "k_pid_vsp": [376.5747392387296, 175.28714713338795, 1.0]}, "datetime": {"datetime": "2025-08-21 15:06:42", "elapsed": 22918.65596818924, "delta": 15.27723741531372}, "costs": {"total_cost": 181.8683392650691, "time_cost": 68.88, "final_distance_cost": 1.845619653268309, "oscillation_cost": 38.45782595002605, "completition_cost": 0.0, "overshoot_cost": 50.44660804959311, "power_cost": 11.278757458496095, "noise_cost": 10.959528153685529, "n_waypoints_completed": 9, "tot_waypoints": 9}}
{"target": -618.8629872987826, "params": {"k_pid_pos": [1.9176378968916694, 0.024859491386256316, 0.21152287994165886], "k_pid_alt": [1.6714132940641002, 0.0, 0.06527723447865985], "k_pid_att": [24.0942673894178, 5.824334032821091, 0.8739915892735461], "k_pid_yaw": [0.5, 1e-06, 0.1], "k_pid_hsp": [1.606987810134683, 0.1531003758033771, 0.01], "k_pid_vsp": [110.56511661686339, 355.21150340299164, 195.0006501476584]}, "datetime": {"datetime": "2025-08-21 15:07:06", "elapsed": 22942.466688156128, "delta": 23.810719966888428}, "costs": {"total_cost": 618.8629872987826, "time_cost": 150, "final_distance_cost": 70.46564443428166, "oscillation_cost": 59.48449540556596, "completition_cost": 222.2222222222222, "overshoot_cost": 69.07678705068008, "power_cost": 28.52627575683594, "noise_cost": 19.087562429196712, "n_waypoints_completed": 7, "tot_waypoints": 9}}
{"target": -184.51998483550528, "params": {"k_pid_pos": [1.9176378968916694, 0.024859491386256316, 0.21152287994165886], "k_pid_alt": [1.6714132940641002, 0.0, 0.06527723447865985], "k_pid_att": [24.0942673894178, 7.284845820832624, 0.8739915892735461], "k_pid_yaw": [0.5, 1e-06, 0.1], "k_pid_hsp": [1.0, 0.2900343745958267, 0.01], "k_pid_vsp": [284.5460512203246, 355.21150340299164, 1.0]}, "datetime": {"datetime": "2025-08-21 15:07:21", "elapsed": 22958.240402936935, "delta": 15.773714780807495}, "costs": {"total_cost": 184.51998483550528, "time_cost": 67.568, "final_distance_cost": 1.7931948079379751, "oscillation_cost": 48.07964854561366, "completition_cost": 0.0, "overshoot_cost": 49.1841352166203, "power_cost": 8.791947924804688, "noise_cost": 9.103058340528664, "n_waypoints_completed": 9, "tot_waypoints": 9}}
{"target": -302.85768671715135, "params": {"k_pid_pos": [1.9176378968916694, 0.024859491386256316, 0.21152287994165886], "k_pid_alt": [1.3959173657108794, 0.0, 0.06527723447865985], "k_pid_att": [43.13617674596804, 5.824334032821091, 0.8739915892735461], "k_pid_yaw": [0.5, 1e-06, 0.1], "k_pid_hsp": [1.606987810134683, 0.1531003758033771, 0.9291573179187896], "k_pid_vsp": [375.4159375947967, 349.0334411507856, 1.0]}, "datetime": {"datetime": "2025-08-21 15:07:39", "elapsed": 22975.540262699127, "delta": 17.299859762191772}, "costs": {"total_cost": 302.85768671715135, "time_cost": 77.36, "final_distance_cost": 1.7149492055929154, "oscillation_cost": 138.13132280772555, "completition_cost": 0.0, "overshoot_cost": 55.393287832745685, "power_cost": 16.207586193847657, "noise_cost": 14.05054067723955, "n_waypoints_completed": 9, "tot_waypoints": 9}}
{"target": -589.9858059514586, "params": {"k_pid_pos": [1.7041340386651447, 0.024859491386256316, 0.3434561031905483], "k_pid_alt": [1.6319753356852484, 0.13396904364517792, 0.3123089974307902], "k_pid_att": [58.989274729095186, 5.088413281584711, 0.3530445525049485], "k_pid_yaw": [0.5, 1e-06, 0.1], "k_pid_hsp": [1.2726116133729626, 0.1531003758033771, 0.01], "k_pid_vsp": [284.5460512203246, 369.48810340511164, 261.2242035915192]}, "datetime": {"datetime": "2025-08-21 15:08:01", "elapsed": 22998.287940740585, "delta": 22.74767804145813}, "costs": {"total_cost": 589.9858059514586, "time_cost": 150, "final_distance_cost": 68.87138837120456, "oscillation_cost": 55.61711115863543, "completition_cost": 222.2222222222222, "overshoot_cost": 49.53637174357739, "power_cost": 26.219229052734377, "noise_cost": 17.5194834030846, "n_waypoints_completed": 7, "tot_waypoints": 9}}
{"target": -187.8280109116767, "params": {"k_pid_pos": [1.9176378968916694, 0.3355199412987626, 0.6250867496839783], "k_pid_alt": [1.6319753356852484, 0.0, 0.1576465649121419], "k_pid_att": [58.989274729095186, 5.088413281584711, 0.6179952950406163], "k_pid_yaw": [0.5, 1e-06, 0.1], "k_pid_hsp": [2.1215903484698817, 0.8679176146891754, 0.01], "k_pid_vsp": [110.56511661686339, 355.21150340299164, 1.0]}, "datetime": {"datetime": "2025-08-21 15:08:18", "elapsed": 23014.692278385162, "delta": 16.404337644577026}, "costs": {"total_cost": 187.8280109116767, "time_cost": 68.32000000000001, "final_distance_cost": 1.7844799831675846, "oscillation_cost": 51.31541123514161, "completition_cost": 0.0, "overshoot_cost": 49.35765222131814, "power_cost": 8.2477361328125, "noise_cost": 8.802731339236868, "n_waypoints_completed": 9, "tot_waypoints": 9}}
{"target": -186.39716272197677, "params": {"k_pid_pos": [1.720684182649488, 0.024859491386256316, 0.21152287994165886], "k_pid_alt": [1.6319753356852484, 0.0, 0.06527723447865985], "k_pid_att": [15.413746305369102, 5.088413281584711, 0.6179952950406163], "k_pid_yaw": [0.5, 1e-06, 0.1], "k_pid_hsp": [3.8015553682621426, 0.1531003758033771, 0.01], "k_pid_vsp": [110.56511661686339, 355.21150340299164, 1.0]}, "datetime": {"datetime": "2025-08-21 15:08:33", "elapsed": 23030.35909485817, "delta": 15.666816473007202}, "costs": {"total_cost": 186.39716272197677, "time_cost": 68.672, "final_distance_cost": 1.7896727607103147, "oscillation_cost": 41.01232901123468, "completition_cost": 0.0, "overshoot_cost": 50.53810254345655, "power_cost": 12.902236035156252, "noise_cost": 11.482822371419001, "n_waypoints_completed": 9, "tot_waypoints": 9}}
{"target": -180.3538302377259, "params": {"k_pid_pos": [1.9176378968916694, 0.024859491386256316, 0.21152287994165886], "k_pid_alt": [1.6714132940641002, 0.0, 0.06527723447865985], "k_pid_att": [24.0942673894178, 5.824334032821091, 0.666719676683535], "k_pid_yaw": [0.5, 1e-06, 0.1], "k_pid_hsp": [1.606987810134683, 0.1531003758033771, 0.01], "k_pid_vsp": [284.5460512203246, 369.48810340511164, 1.0]}, "datetime": {"datetime": "2025-08-21 15:08:49", "elapsed": 23046.228240966797, "delta": 15.86914610862732}, "costs": {"total_cost": 180.3538302377259, "time_cost": 67.56, "final_distance_cost": 1.7602659844688022, "oscillation_cost": 44.11917051823243, "completition_cost": 0.0, "overshoot_cost": 49.43459396532643, "power_cost": 8.480930285644531, "noise_cost": 8.998869484053722, "n_waypoints_completed": 9, "tot_waypoints": 9}}
{"target": -191.93836333754018, "params": {"k_pid_pos": [1.9176378968916694, 0.5783881585159083, 0.8092599635047751], "k_pid_alt": [1.7187705538853828, 0.0, 0.4406160699284484], "k_pid_att": [24.0942673894178, 0.5699551813858681, 0.8739915892735461], "k_pid_yaw": [0.5, 1e-06, 0.1], "k_pid_hsp": [2.241816533453477, 0.1531003758033771, 0.01], "k_pid_vsp": [63.87935167311278, 93.02116563978787, 1.0]}, "datetime": {"datetime": "2025-08-21 15:09:07", "elapsed": 23063.869127750397, "delta": 17.640886783599854}, "costs": {"total_cost": 191.93836333754018, "time_cost": 74.176, "final_distance_cost": 1.7498726532789788, "oscillation_cost": 41.761289947976515, "completition_cost": 0.0, "overshoot_cost": 51.072255940894905, "power_cost": 11.886356567382814, "noise_cost": 11.292588228006961, "n_waypoints_completed": 9, "tot_waypoints": 9}}
{"target": -187.56436592184312, "params": {"k_pid_pos": [1.480900065772379, 0.07129208892642425, 0.8544707697037623], "k_pid_alt": [1.6319753356852484, 0.0, 0.1576465649121419], "k_pid_att": [58.989274729095186, 5.088413281584711, 0.6179952950406163], "k_pid_yaw": [0.5, 1e-06, 0.1], "k_pid_hsp": [1.2726116133729626, 0.1531003758033771, 0.01], "k_pid_vsp": [284.5460512203246, 369.48810340511164, 1.0]}, "datetime": {"datetime": "2025-08-21 15:09:23", "elapsed": 23080.080993652344, "delta": 16.21186590194702}, "costs": {"total_cost": 187.56436592184312, "time_cost": 71.224, "final_distance_cost": 1.8349954095376326, "oscillation_cost": 45.60143721299038, "completition_cost": 0.0, "overshoot_cost": 48.867565989144076, "power_cost": 9.712098254394531, "noise_cost": 10.324269055776472, "n_waypoints_completed": 9, "tot_waypoints": 9}}
{"target": -179.04691759089883, "params": {"k_pid_pos": [1.9176378968916694, 0.024859491386256316, 0.21152287994165886], "k_pid_alt": [1.3959173657108794, 0.0, 0.06527723447865985], "k_pid_att": [24.0942673894178, 7.284845820832624, 0.8739915892735461], "k_pid_yaw": [0.5, 1e-06, 0.1], "k_pid_hsp": [1.0, 0.1531003758033771, 0.01], "k_pid_vsp": [337.79764923111304, 359.530474216699, 1.0]}, "datetime": {"datetime": "2025-08-21 15:09:39", "elapsed": 23096.205078601837, "delta": 16.124084949493408}, "costs": {"total_cost": 179.04691759089883, "time_cost": 67.56, "final_distance_cost": 1.7530990335858812, "oscillation_cost": 43.75893450018209, "completition_cost": 0.0, "overshoot_cost": 49.12563003949727, "power_cost": 8.062393884277345, "noise_cost": 8.786860133356237, "n_waypoints_completed": 9, "tot_waypoints": 9}}
{"target": -491.85520391227925, "params": {"k_pid_pos": [1.9648629373893673, 0.024859491386256316, 0.8092599635047751], "k_pid_alt": [0.007621888404933719, 0.4519069599193807, 0.06527723447865985], "k_pid_att": [24.0942673894178, 6.806811407577699, 0.6711777735375999], "k_pid_yaw": [0.5, 1e-06, 0.1], "k_pid_hsp": [2.2617444318397215, 0.1531003758033771, 0.01], "k_pid_vsp": [284.5460512203246, 369.48810340511164, 29.020453107259044]}, "datetime": {"datetime": "2025-08-21 15:10:03", "elapsed": 23119.85510635376, "delta": 23.650027751922607}, "costs": {"total_cost": 491.85520391227925, "time_cost": 150, "final_distance_cost": 65.51122630139379, "oscillation_cost": 59.289827908396454, "completition_cost": 111.11111111111116, "overshoot_cost": 59.85619276620606, "power_cost": 27.133588208007815, "noise_cost": 18.953257617163995, "n_waypoints_completed": 8, "tot_waypoints": 9}}
{"target": -1899.94133859744, "params": {"k_pid_pos": [1.9176378968916694, 0.024859491386256316, 0.21152287994165886], "k_pid_alt": [1.6714132940641002, 0.0, 0.06527723447865985], "k_pid_att": [24.0942673894178, 5.824334032821091, 0.8739915892735461], "k_pid_yaw": [0.5, 1e-06, 0.1], "k_pid_hsp": [1.606987810134683, 0.1531003758033771, 0.01], "k_pid_vsp": [110.56511661686339, 70.08228449677209, 338.805827852657]}, "datetime": {"datetime": "2025-08-21 15:10:26", "elapsed": 23142.744290828705, "delta": 22.88918447494507}, "costs": {"total_cost": 1899.94133859744, "time_cost": 150, "final_distance_cost": 374.97838939435036, "oscillation_cost": 30.047050255087495, "completition_cost": 888.8888888888888, "overshoot_cost": 426.2409097429629, "power_cost": 13.008778918457033, "noise_cost": 16.77732139769358, "n_waypoints_completed": 1, "tot_waypoints": 9}}
{"target": -675.5889866483246, "params": {"k_pid_pos": [1.9176378968916694, 0.024859491386256316, 0.8092599635047751], "k_pid_alt": [1.957714269797994, 0.0, 0.1576465649121419], "k_pid_att": [58.989274729095186, 8.523668343376618, 0.6179952950406163], "k_pid_yaw": [0.5, 1e-06, 0.1], "k_pid_hsp": [1.5859581202077546, 0.1531003758033771, 0.9077837455283392], "k_pid_vsp": [376.5747392387296, 175.28714713338795, 1.0]}, "datetime": {"datetime": "2025-08-21 15:10:49", "elapsed": 23165.485974788666, "delta": 22.741683959960938}, "costs": {"total_cost": 675.5889866483246, "time_cost": 150, "final_distance_cost": 37.58677312506544, "oscillation_cost": 280.1507038856849, "completition_cost": 111.11111111111116, "overshoot_cost": 64.1126162483023, "power_cost": 17.722515954589845, "noise_cost": 14.905266323570906, "n_waypoints_completed": 8, "tot_waypoints": 9}}
{"target": -184.0274638333471, "params": {"k_pid_pos": [1.9176378968916694, 0.07129208892642425, 0.6250867496839783], "k_pid_alt": [1.6319753356852484, 0.0, 0.1576465649121419], "k_pid_att": [58.989274729095186, 5.088413281584711, 0.6179952950406163], "k_pid_yaw": [0.5, 1e-06, 0.1], "k_pid_hsp": [1.0076768036881465, 0.1531003758033771, 0.01], "k_pid_vsp": [284.5460512203246, 175.28714713338795, 1.0]}, "datetime": {"datetime": "2025-08-21 15:11:05", "elapsed": 23181.77326273918, "delta": 16.287287950515747}, "costs": {"total_cost": 184.0274638333471, "time_cost": 69.08800000000001, "final_distance_cost": 1.8027915573734197, "oscillation_cost": 40.07945099585478, "completition_cost": 0.0, "overshoot_cost": 50.053662438072216, "power_cost": 11.960112780761719, "noise_cost": 11.043446061284966, "n_waypoints_completed": 9, "tot_waypoints": 9}}
{"target": -229.76223926697372, "params": {"k_pid_pos": [1.9176378968916694, 0.0544130249557343, 0.6250867496839783], "k_pid_alt": [1.6319753356852484, 0.5297830489215293, 0.5680103492534012], "k_pid_att": [58.989274729095186, 7.364770926492336, 0.6179952950406163], "k_pid_yaw": [0.5, 1e-06, 0.1], "k_pid_hsp": [1.606987810134683, 0.9235714163922957, 0.01], "k_pid_vsp": [128.61003815237223, 369.48810340511164, 1.0]}, "datetime": {"datetime": "2025-08-21 15:11:24", "elapsed": 23200.927210330963, "delta": 19.153947591781616}, "costs": {"total_cost": 229.76223926697372, "time_cost": 81.384, "final_distance_cost": 1.7976087364376414, "oscillation_cost": 64.54073013077719, "completition_cost": 0.0, "overshoot_cost": 51.53858993489816, "power_cost": 16.776509570312502, "noise_cost": 13.724800894548231, "n_waypoints_completed": 9, "tot_waypoints": 9}}
{"target": -192.34473676157972, "params": {"k_pid_pos": [1.9176378968916694, 0.024859491386256316, 0.6250867496839783], "k_pid_alt": [0.8287604735407312, 0.0, 0.2915903713486512], "k_pid_att": [58.989274729095186, 1.7717243195899302, 0.6179952950406163], "k_pid_yaw": [0.5, 1e-06, 0.1], "k_pid_hsp": [1.606987810134683, 0.6870351602694771, 0.01], "k_pid_vsp": [376.5747392387296, 175.28714713338795, 1.0]}, "datetime": {"datetime": "2025-08-21 15:11:40", "elapsed": 23217.022505760193, "delta": 16.095295429229736}, "costs": {"total_cost": 192.34473676157972, "time_cost": 71.696, "final_distance_cost": 1.84424058430958, "oscillation_cost": 47.75944822084044, "completition_cost": 0.0, "overshoot_cost": 49.219611477735874, "power_cost": 11.120666430664063, "noise_cost": 10.704770048029749, "n_waypoints_completed": 9, "tot_waypoints": 9}}
{"target": -203.4172050590883, "params": {"k_pid_pos": [1.9176378968916694, 0.024859491386256316, 0.8092599635047751], "k_pid_alt": [1.7187705538853828, 0.8662610449795003, 0.1576465649121419], "k_pid_att": [58.989274729095186, 5.088413281584711, 0.6179952950406163], "k_pid_yaw": [0.5, 1e-06, 0.1], "k_pid_hsp": [1.606987810134683, 0.1531003758033771, 0.01], "k_pid_vsp": [284.5460512203246, 355.21150340299164, 1.0]}, "datetime": {"datetime": "2025-08-21 15:11:57", "elapsed": 23234.200338840485, "delta": 17.177833080291748}, "costs": {"total_cost": 203.4172050590883, "time_cost": 75.016, "final_distance_cost": 1.7998157669090387, "oscillation_cost": 53.23231622237608, "completition_cost": 0.0, "overshoot_cost": 50.206488904141125, "power_cost": 12.246538256835938, "noise_cost": 10.916045908826097, "n_waypoints_completed": 9, "tot_waypoints": 9}}
{"target": -212.0879515481962, "params": {"k_pid_pos": [1.480900065772379, 0.5783881585159083, 0.5374545101912236], "k_pid_alt": [1.7187705538853828, 0.0, 0.8918388311136772], "k_pid_att": [24.0942673894178, 5.824334032821091, 0.8739915892735461], "k_pid_yaw": [0.5, 1e-06, 0.1], "k_pid_hsp": [1.606987810134683, 0.1531003758033771, 0.01], "k_pid_vsp": [110.56511661686339, 355.21150340299164, 1.0]}, "datetime": {"datetime": "2025-08-21 15:12:17", "elapsed": 23253.578473567963, "delta": 19.378134727478027}, "costs": {"total_cost": 212.0879515481962, "time_cost": 83.976, "final_distance_cost": 1.750574237386702, "oscillation_cost": 41.13330533405475, "completition_cost": 0.0, "overshoot_cost": 52.82976821411061, "power_cost": 17.161889367675784, "noise_cost": 15.236414394968385, "n_waypoints_completed": 9, "tot_waypoints": 9}}
{"target": -180.19976849980566, "params": {"k_pid_pos": [1.9176378968916694, 0.024859491386256316, 0.21152287994165886], "k_pid_alt": [1.3959173657108794, 0.0, 0.06527723447865985], "k_pid_att": [24.0942673894178, 7.284845820832624, 0.8739915892735461], "k_pid_yaw": [0.5, 1e-06, 0.1], "k_pid_hsp": [1.0, 0.1531003758033771, 0.01], "k_pid_vsp": [337.79764923111304, 359.530474216699, 1.0]}, "datetime": {"datetime": "2025-08-21 15:12:32", "elapsed": 23268.84294438362, "delta": 15.26447081565857}, "costs": {"total_cost": 180.19976849980566, "time_cost": 67.584, "final_distance_cost": 1.7696214339758776, "oscillation_cost": 44.741042168177735, "completition_cost": 0.0, "overshoot_cost": 49.27772418370062, "power_cost": 8.079940283203126, "noise_cost": 8.747440430748307, "n_waypoints_completed": 9, "tot_waypoints": 9}}
