{"target": -190.26854375763207, "params": {"k_pid_pos": [1.9176378968916694, 0.024859491386256316, 0.11401919133455096], "k_pid_alt": [1.7187705538853828, 0.0, 0.06527723447865985], "k_pid_att": [24.0942673894178, 7.284845820832624, 0.06670604035978966], "k_pid_yaw": [0.5, 1e-06, 0.1], "k_pid_hsp": [1.0, 0.1531003758033771, 0.01], "k_pid_vsp": [284.5460512203246, 355.21150340299164, 1.0]}, "datetime": {"datetime": "2025-08-21 14:34:35", "elapsed": 20991.618310689926, "delta": 15.328683137893677}, "costs": {"total_cost": 190.26854375763207, "time_cost": 67.536, "final_distance_cost": 1.7693219080483311, "oscillation_cost": 52.89487838374292, "completition_cost": 0.0, "overshoot_cost": 49.393385223022655, "power_cost": 9.252518884277345, "noise_cost": 9.422439358540819, "n_waypoints_completed": 9, "tot_waypoints": 9}}
{"target": -201.0144837276621, "params": {"k_pid_pos": [1.3885554450422086, 0.024859491386256316, 0.11401919133455096], "k_pid_alt": [1.0304713630477362, 0.0, 0.3533802069130071], "k_pid_att": [24.0942673894178, 7.284845820832624, 0.8739915892735461], "k_pid_yaw": [0.5, 1e-06, 0.1], "k_pid_hsp": [1.0, 0.1531003758033771, 0.01], "k_pid_vsp": [284.5460512203246, 355.21150340299164, 217.31562979670235]}, "datetime": {"datetime": "2025-08-21 14:34:53", "elapsed": 21010.075237751007, "delta": 18.456927061080933}, "costs": {"total_cost": 201.0144837276621, "time_cost": 79.328, "final_distance_cost": 1.7976460368923455, "oscillation_cost": 50.38323694409575, "completition_cost": 0.0, "overshoot_cost": 54.66525537150992, "power_cost": 7.23295322265625, "noise_cost": 7.607392152507856, "n_waypoints_completed": 9, "tot_waypoints": 9}}
{"target": -208.24913245971092, "params": {"k_pid_pos": [1.9176378968916694, 0.024859491386256316, 0.21152287994165886], "k_pid_alt": [1.6319753356852484, 0.0, 0.5350090938005817], "k_pid_att": [58.989274729095186, 5.088413281584711, 0.8739915892735461], "k_pid_yaw": [0.5, 1e-06, 0.1], "k_pid_hsp": [1.0, 0.1531003758033771, 0.11853399466015269], "k_pid_vsp": [378.2079564087626, 175.28714713338795, 1.0]}, "datetime": {"datetime": "2025-08-21 14:35:09", "elapsed": 21026.295614242554, "delta": 16.22037649154663}, "costs": {"total_cost": 208.24913245971092, "time_cost": 69.184, "final_distance_cost": 1.7592004973334945, "oscillation_cost": 61.46172713703828, "completition_cost": 0.0, "overshoot_cost": 50.615936360241776, "power_cost": 13.542447680664063, "noise_cost": 11.685820784433329, "n_waypoints_completed": 9, "tot_waypoints": 9}}
{"target": -196.40813706271223, "params": {"k_pid_pos": [1.3885554450422086, 0.024859491386256316, 0.8657060267562281], "k_pid_alt": [1.408510096659571, 0.0, 0.06527723447865985], "k_pid_att": [71.45838630927439, 7.284845820832624, 0.6179952950406163], "k_pid_yaw": [0.5, 1e-06, 0.1], "k_pid_hsp": [1.606987810134683, 0.1531003758033771, 0.01], "k_pid_vsp": [63.87935167311278, 255.15728066808146, 1.0]}, "datetime": {"datetime": "2025-08-21 14:35:25", "elapsed": 21042.364727973938, "delta": 16.069113731384277}, "costs": {"total_cost": 196.40813706271223, "time_cost": 71.144, "final_distance_cost": 1.8524221979108408, "oscillation_cost": 49.15998020326734, "completition_cost": 0.0, "overshoot_cost": 49.52882773395308, "power_cost": 12.623450646972657, "noise_cost": 12.099456280608294, "n_waypoints_completed": 9, "tot_waypoints": 9}}
{"target": -982.4069250220277, "params": {"k_pid_pos": [1.6203022768980826, 0.024859491386256316, 0.06837744536824142], "k_pid_alt": [1.408510096659571, 0.0, 0.06527723447865985], "k_pid_att": [27.63392213362481, 7.284845820832624, 0.8739915892735461], "k_pid_yaw": [0.5, 1e-06, 0.1], "k_pid_hsp": [1.0, 0.1531003758033771, 0.01], "k_pid_vsp": [378.2079564087626, 255.15728066808146, 296.34227500557057]}, "datetime": {"datetime": "2025-08-21 14:35:48", "elapsed": 21065.295833587646, "delta": 22.931105613708496}, "costs": {"total_cost": 982.4069250220277, "time_cost": 150, "final_distance_cost": 53.3398506919272, "oscillation_cost": 39.39155773452632, "completition_cost": 666.6666666666667, "overshoot_cost": 48.73414895325055, "power_cost": 13.641414465332032, "noise_cost": 10.633286510324941, "n_waypoints_completed": 3, "tot_waypoints": 9}}
{"target": -179.89485047295082, "params": {"k_pid_pos": [1.9176378968916694, 0.024859491386256316, 0.6250867496839783], "k_pid_alt": [1.6319753356852484, 0.0, 0.1576465649121419], "k_pid_att": [58.989274729095186, 5.088413281584711, 0.6179952950406163], "k_pid_yaw": [0.5, 1e-06, 0.1], "k_pid_hsp": [1.606987810134683, 0.1531003758033771, 0.01], "k_pid_vsp": [376.5747392387296, 355.21150340299164, 1.0]}, "datetime": {"datetime": "2025-08-21 14:36:05", "elapsed": 21081.9504237175, "delta": 16.654590129852295}, "costs": {"total_cost": 179.89485047295082, "time_cost": 67.976, "final_distance_cost": 1.8114804602441448, "oscillation_cost": 41.58039921530199, "completition_cost": 0.0, "overshoot_cost": 49.5781778523006, "power_cost": 9.251118408203125, "noise_cost": 9.697674536900973, "n_waypoints_completed": 9, "tot_waypoints": 9}}
{"target": -213.86410714987048, "params": {"k_pid_pos": [1.3885554450422086, 0.27758761670996657, 0.11401919133455096], "k_pid_alt": [1.0304713630477362, 0.0, 0.3533802069130071], "k_pid_att": [24.0942673894178, 7.284845820832624, 0.8739915892735461], "k_pid_yaw": [0.5, 1e-06, 0.1], "k_pid_hsp": [1.0, 0.1531003758033771, 0.01], "k_pid_vsp": [284.5460512203246, 355.21150340299164, 1.0]}, "datetime": {"datetime": "2025-08-21 14:36:23", "elapsed": 21099.767484903336, "delta": 17.817061185836792}, "costs": {"total_cost": 213.86410714987048, "time_cost": 79.488, "final_distance_cost": 1.8011073130553217, "oscillation_cost": 47.63765902313836, "completition_cost": 0.0, "overshoot_cost": 50.97198601289044, "power_cost": 19.08467772216797, "noise_cost": 14.880677078618369, "n_waypoints_completed": 9, "tot_waypoints": 9}}
{"target": -197.1069436855796, "params": {"k_pid_pos": [1.3885554450422086, 0.18184078163545014, 0.11401919133455096], "k_pid_alt": [1.0304713630477362, 0.0, 0.06527723447865985], "k_pid_att": [24.0942673894178, 7.284845820832624, 0.8739915892735461], "k_pid_yaw": [0.5, 1e-06, 0.1], "k_pid_hsp": [1.0, 0.1531003758033771, 0.01], "k_pid_vsp": [316.2191682070645, 355.21150340299164, 1.0]}, "datetime": {"datetime": "2025-08-21 14:36:40", "elapsed": 21117.059759378433, "delta": 17.292274475097656}, "costs": {"total_cost": 197.1069436855796, "time_cost": 73.152, "final_distance_cost": 1.795126543259897, "oscillation_cost": 43.72606095719579, "completition_cost": 0.0, "overshoot_cost": 51.689667665605874, "power_cost": 14.410339855957032, "noise_cost": 12.333748663561, "n_waypoints_completed": 9, "tot_waypoints": 9}}
{"target": -194.24832018588074, "params": {"k_pid_pos": [0.6815964110373376, 0.024859491386256316, 0.11401919133455096], "k_pid_alt": [1.0304713630477362, 0.0, 0.06527723447865985], "k_pid_att": [24.0942673894178, 7.284845820832624, 0.8739915892735461], "k_pid_yaw": [0.5, 1e-06, 0.1], "k_pid_hsp": [1.0, 0.1531003758033771, 0.01], "k_pid_vsp": [387.2664617915111, 355.21150340299164, 1.0]}, "datetime": {"datetime": "2025-08-21 14:36:59", "elapsed": 21136.11541056633, "delta": 19.05565118789673}, "costs": {"total_cost": 194.24832018588074, "time_cost": 76.616, "final_distance_cost": 1.8522730237160832, "oscillation_cost": 38.52060313502487, "completition_cost": 0.0, "overshoot_cost": 49.63089052422943, "power_cost": 14.364568505859376, "noise_cost": 13.263984997050978, "n_waypoints_completed": 9, "tot_waypoints": 9}}
{"target": -194.86833714487102, "params": {"k_pid_pos": [1.3885554450422086, 0.024859491386256316, 0.11401919133455096], "k_pid_alt": [1.0304713630477362, 0.0, 0.06527723447865985], "k_pid_att": [24.0942673894178, 7.284845820832624, 0.8739915892735461], "k_pid_yaw": [0.5, 1e-06, 0.1], "k_pid_hsp": [1.0, 0.1531003758033771, 0.01], "k_pid_vsp": [251.5004449007475, 355.21150340299164, 1.0]}, "datetime": {"datetime": "2025-08-21 14:37:16", "elapsed": 21152.699790477753, "delta": 16.58437991142273}, "costs": {"total_cost": 194.86833714487102, "time_cost": 71.68, "final_distance_cost": 1.7952132778765661, "oscillation_cost": 41.96209786656692, "completition_cost": 0.0, "overshoot_cost": 50.70472117563046, "power_cost": 15.793387915039064, "noise_cost": 12.932916909758003, "n_waypoints_completed": 9, "tot_waypoints": 9}}
{"target": -182.2938191527106, "params": {"k_pid_pos": [1.9176378968916694, 0.024859491386256316, 0.6250867496839783], "k_pid_alt": [1.6319753356852484, 0.0, 0.1576465649121419], "k_pid_att": [58.989274729095186, 5.088413281584711, 0.6179952950406163], "k_pid_yaw": [0.5, 1e-06, 0.1], "k_pid_hsp": [1.606987810134683, 0.1531003758033771, 0.01], "k_pid_vsp": [376.5747392387296, 355.21150340299164, 1.0]}, "datetime": {"datetime": "2025-08-21 14:37:32", "elapsed": 21168.539766311646, "delta": 15.839975833892822}, "costs": {"total_cost": 182.2938191527106, "time_cost": 68.568, "final_distance_cost": 1.8312154611748597, "oscillation_cost": 39.50025944758336, "completition_cost": 0.0, "overshoot_cost": 50.15671846897947, "power_cost": 11.437983801269532, "noise_cost": 10.799641973703395, "n_waypoints_completed": 9, "tot_waypoints": 9}}
{"target": -185.56454162637408, "params": {"k_pid_pos": [1.3885554450422086, 0.024859491386256316, 0.06837744536824142], "k_pid_alt": [1.408510096659571, 0.0, 0.06527723447865985], "k_pid_att": [24.0942673894178, 7.284845820832624, 0.8739915892735461], "k_pid_yaw": [0.5, 1e-06, 0.1], "k_pid_hsp": [1.0, 0.1531003758033771, 0.01], "k_pid_vsp": [378.2079564087626, 355.21150340299164, 1.0]}, "datetime": {"datetime": "2025-08-21 14:37:47", "elapsed": 21184.00388121605, "delta": 15.464114904403687}, "costs": {"total_cost": 185.56454162637408, "time_cost": 67.976, "final_distance_cost": 1.7897948603406144, "oscillation_cost": 41.578139065728735, "completition_cost": 0.0, "overshoot_cost": 49.628972860950434, "power_cost": 13.090684558105469, "noise_cost": 11.500950281248848, "n_waypoints_completed": 9, "tot_waypoints": 9}}
{"target": -182.12449397447205, "params": {"k_pid_pos": [1.9176378968916694, 0.019460639298323645, 0.0386815934960667], "k_pid_alt": [1.6319753356852484, 0.0, 0.1576465649121419], "k_pid_att": [24.0942673894178, 7.284845820832624, 0.8739915892735461], "k_pid_yaw": [0.5, 1e-06, 0.1], "k_pid_hsp": [2.395389635608916, 0.1531003758033771, 0.01], "k_pid_vsp": [378.2079564087626, 328.58176268426536, 1.0]}, "datetime": {"datetime": "2025-08-21 14:38:03", "elapsed": 21200.02575802803, "delta": 16.0218768119812}, "costs": {"total_cost": 182.12449397447205, "time_cost": 68.04, "final_distance_cost": 1.793951412108605, "oscillation_cost": 45.26181065321519, "completition_cost": 0.0, "overshoot_cost": 49.10666276807523, "power_cost": 8.696208081054689, "noise_cost": 9.225861060018296, "n_waypoints_completed": 9, "tot_waypoints": 9}}
{"target": -201.3224708256553, "params": {"k_pid_pos": [1.4531304595830021, 0.024859491386256316, 0.06837744536824142], "k_pid_alt": [1.0304713630477362, 0.0, 0.1576465649121419], "k_pid_att": [58.989274729095186, 0.6602261003011337, 0.8739915892735461], "k_pid_yaw": [0.5, 1e-06, 0.1], "k_pid_hsp": [6.590021097612566, 0.700413119967275, 0.01], "k_pid_vsp": [284.5460512203246, 355.21150340299164, 142.1154440228655]}, "datetime": {"datetime": "2025-08-21 14:38:19", "elapsed": 21216.36002779007, "delta": 16.334269762039185}, "costs": {"total_cost": 201.3224708256553, "time_cost": 69.72, "final_distance_cost": 1.8017348949040124, "oscillation_cost": 57.09481460930396, "completition_cost": 0.0, "overshoot_cost": 49.154039572255705, "power_cost": 12.89708984375, "noise_cost": 10.654791905441629, "n_waypoints_completed": 9, "tot_waypoints": 9}}
{"target": -185.40294606800654, "params": {"k_pid_pos": [1.3885554450422086, 0.024859491386256316, 0.11401919133455096], "k_pid_alt": [1.0304713630477362, 0.0, 0.06527723447865985], "k_pid_att": [24.0942673894178, 7.284845820832624, 0.8739915892735461], "k_pid_yaw": [0.5, 1e-06, 0.1], "k_pid_hsp": [1.0, 0.1531003758033771, 0.01], "k_pid_vsp": [387.2664617915111, 355.21150340299164, 1.0]}, "datetime": {"datetime": "2025-08-21 14:38:38", "elapsed": 21234.729749917984, "delta": 18.36972212791443}, "costs": {"total_cost": 185.40294606800654, "time_cost": 69.008, "final_distance_cost": 1.8245886355500174, "oscillation_cost": 41.007015694706695, "completition_cost": 0.0, "overshoot_cost": 49.86282370764352, "power_cost": 12.470251147460939, "noise_cost": 11.230266882645365, "n_waypoints_completed": 9, "tot_waypoints": 9}}
{"target": -829.8753998105408, "params": {"k_pid_pos": [0.6815964110373376, 0.36058118701943764, 0.7184847314356495], "k_pid_alt": [0.676571582052889, 0.0, 0.06527723447865985], "k_pid_att": [24.0942673894178, 7.284845820832624, 0.8739915892735461], "k_pid_yaw": [0.5, 1e-06, 0.1], "k_pid_hsp": [1.0, 0.1531003758033771, 0.44182584981578], "k_pid_vsp": [187.54695804945675, 355.21150340299164, 1.0]}, "datetime": {"datetime": "2025-08-21 14:39:01", "elapsed": 21257.87604045868, "delta": 23.14629054069519}, "costs": {"total_cost": 829.8753998105408, "time_cost": 150, "final_distance_cost": 76.82977022175587, "oscillation_cost": 294.5226293096694, "completition_cost": 222.2222222222222, "overshoot_cost": 52.37261815419036, "power_cost": 18.55904168701172, "noise_cost": 15.369118215691254, "n_waypoints_completed": 7, "tot_waypoints": 9}}
{"target": -183.8102666920616, "params": {"k_pid_pos": [1.3885554450422086, 0.024859491386256316, 0.11401919133455096], "k_pid_alt": [1.0304713630477362, 0.0, 0.06527723447865985], "k_pid_att": [24.0942673894178, 7.284845820832624, 0.8739915892735461], "k_pid_yaw": [0.5, 1e-06, 0.1], "k_pid_hsp": [1.0, 0.1531003758033771, 0.01], "k_pid_vsp": [284.5460512203246, 355.21150340299164, 1.0]}, "datetime": {"datetime": "2025-08-21 14:39:19", "elapsed": 21275.483568668365, "delta": 17.60752820968628}, "costs": {"total_cost": 183.8102666920616, "time_cost": 68.816, "final_distance_cost": 1.8247950792634342, "oscillation_cost": 40.33644806713979, "completition_cost": 0.0, "overshoot_cost": 49.44528408064243, "power_cost": 12.351403881835939, "noise_cost": 11.03633558317997, "n_waypoints_completed": 9, "tot_waypoints": 9}}
{"target": -183.4793457185086, "params": {"k_pid_pos": [1.9176378968916694, 0.024859491386256316, 0.21152287994165886], "k_pid_alt": [1.6586884955541554, 0.0, 0.06527723447865985], "k_pid_att": [99.05121608804818, 7.284845820832624, 0.8739915892735461], "k_pid_yaw": [0.5, 1e-06, 0.1], "k_pid_hsp": [1.606987810134683, 0.1531003758033771, 0.01], "k_pid_vsp": [110.56511661686339, 355.21150340299164, 1.0]}, "datetime": {"datetime": "2025-08-21 14:39:35", "elapsed": 21291.736425876617, "delta": 16.252857208251953}, "costs": {"total_cost": 183.4793457185086, "time_cost": 67.72, "final_distance_cost": 1.777520872557365, "oscillation_cost": 45.99714368124444, "completition_cost": 0.0, "overshoot_cost": 49.81533261341987, "power_cost": 8.918901599121094, "noise_cost": 9.250446952165833, "n_waypoints_completed": 9, "tot_waypoints": 9}}
{"target": -186.69613609601564, "params": {"k_pid_pos": [1.9176378968916694, 0.024859491386256316, 0.6250867496839783], "k_pid_alt": [1.7297729984189598, 0.0, 0.1576465649121419], "k_pid_att": [58.989274729095186, 5.088413281584711, 0.6179952950406163], "k_pid_yaw": [0.5, 1e-06, 0.1], "k_pid_hsp": [1.606987810134683, 0.1531003758033771, 0.01], "k_pid_vsp": [63.87935167311278, 255.15728066808146, 1.0]}, "datetime": {"datetime": "2025-08-21 14:39:52", "elapsed": 21308.83917593956, "delta": 17.102750062942505}, "costs": {"total_cost": 186.69613609601564, "time_cost": 68.408, "final_distance_cost": 1.8205038164641787, "oscillation_cost": 42.93585592775359, "completition_cost": 0.0, "overshoot_cost": 50.24458416712943, "power_cost": 12.160180993652345, "noise_cost": 11.12701119101609, "n_waypoints_completed": 9, "tot_waypoints": 9}}
{"target": -707.6973710807147, "params": {"k_pid_pos": [1.9176378968916694, 0.024859491386256316, 0.21152287994165886], "k_pid_alt": [1.6319753356852484, 0.0, 0.06527723447865985], "k_pid_att": [58.989274729095186, 5.088413281584711, 0.6179952950406163], "k_pid_yaw": [0.5, 1e-06, 0.1], "k_pid_hsp": [2.996149354500177, 0.1531003758033771, 0.01], "k_pid_vsp": [376.5747392387296, 276.98186102721047, 388.31392717284257]}, "datetime": {"datetime": "2025-08-21 14:40:15", "elapsed": 21331.480288028717, "delta": 22.641112089157104}, "costs": {"total_cost": 707.6973710807147, "time_cost": 150, "final_distance_cost": 68.49642947184151, "oscillation_cost": 55.35726941929221, "completition_cost": 333.33333333333337, "overshoot_cost": 73.16922062305981, "power_cost": 15.483238989257814, "noise_cost": 11.857879243929998, "n_waypoints_completed": 6, "tot_waypoints": 9}}
{"target": -212.05172493239394, "params": {"k_pid_pos": [1.9176378968916694, 0.024859491386256316, 0.21152287994165886], "k_pid_alt": [1.6319753356852484, 0.0, 0.5350090938005817], "k_pid_att": [58.989274729095186, 5.088413281584711, 0.7813719867183654], "k_pid_yaw": [0.5, 1e-06, 0.1], "k_pid_hsp": [1.0, 0.1531003758033771, 0.11853399466015269], "k_pid_vsp": [378.2079564087626, 355.21150340299164, 1.0]}, "datetime": {"datetime": "2025-08-21 14:40:30", "elapsed": 21347.002079963684, "delta": 15.521791934967041}, "costs": {"total_cost": 212.05172493239394, "time_cost": 69.48, "final_distance_cost": 1.773049523402916, "oscillation_cost": 63.79736402310771, "completition_cost": 0.0, "overshoot_cost": 51.10639686842916, "power_cost": 13.917587719726564, "noise_cost": 11.977326797727594, "n_waypoints_completed": 9, "tot_waypoints": 9}}
{"target": -184.95354901762786, "params": {"k_pid_pos": [1.9176378968916694, 0.024859491386256316, 0.6250867496839783], "k_pid_alt": [1.6319753356852484, 0.0, 0.1576465649121419], "k_pid_att": [58.989274729095186, 5.088413281584711, 0.6179952950406163], "k_pid_yaw": [0.5, 1e-06, 0.1], "k_pid_hsp": [1.606987810134683, 0.1531003758033771, 0.01], "k_pid_vsp": [376.5747392387296, 175.28714713338795, 1.0]}, "datetime": {"datetime": "2025-08-21 14:40:46", "elapsed": 21362.668942451477, "delta": 15.666862487792969}, "costs": {"total_cost": 184.95354901762786, "time_cost": 68.928, "final_distance_cost": 1.8125094260114931, "oscillation_cost": 39.40424677268957, "completition_cost": 0.0, "overshoot_cost": 50.32172848211085, "power_cost": 12.855593322753906, "noise_cost": 11.631471014062033, "n_waypoints_completed": 9, "tot_waypoints": 9}}
{"target": -488.52012571037733, "params": {"k_pid_pos": [1.9176378968916694, 0.024859491386256316, 0.8092599635047751], "k_pid_alt": [1.7187705538853828, 0.5939352518004133, 0.06527723447865985], "k_pid_att": [24.0942673894178, 7.284845820832624, 0.8739915892735461], "k_pid_yaw": [0.5, 1e-06, 0.1], "k_pid_hsp": [3.4766472509719146, 0.1531003758033771, 0.01], "k_pid_vsp": [284.5460512203246, 355.21150340299164, 216.22646630461736]}, "datetime": {"datetime": "2025-08-21 14:41:09", "elapsed": 21385.766338586807, "delta": 23.0973961353302}, "costs": {"total_cost": 488.52012571037733, "time_cost": 150, "final_distance_cost": 62.19164802352802, "oscillation_cost": 56.34935788983537, "completition_cost": 111.11111111111116, "overshoot_cost": 59.392302416049596, "power_cost": 28.220086254882816, "noise_cost": 21.2556200149704, "n_waypoints_completed": 8, "tot_waypoints": 9}}
{"target": -184.0120836091619, "params": {"k_pid_pos": [1.9176378968916694, 0.024859491386256316, 0.21152287994165886], "k_pid_alt": [1.6319753356852484, 0.0, 0.3123089974307902], "k_pid_att": [58.989274729095186, 5.088413281584711, 0.6179952950406163], "k_pid_yaw": [0.5, 1e-06, 0.1], "k_pid_hsp": [2.996149354500177, 0.1531003758033771, 0.01], "k_pid_vsp": [63.87935167311278, 93.02116563978787, 1.0]}, "datetime": {"datetime": "2025-08-21 14:41:25", "elapsed": 21401.688096523285, "delta": 15.921757936477661}, "costs": {"total_cost": 184.0120836091619, "time_cost": 68.304, "final_distance_cost": 1.7513404180347987, "oscillation_cost": 43.39897683965717, "completition_cost": 0.0, "overshoot_cost": 49.989198635466074, "power_cost": 10.407847216796876, "noise_cost": 10.160720499206981, "n_waypoints_completed": 9, "tot_waypoints": 9}}
{"target": -190.19296675214395, "params": {"k_pid_pos": [1.3885554450422086, 0.024859491386256316, 0.11401919133455096], "k_pid_alt": [1.0304713630477362, 0.0, 0.06527723447865985], "k_pid_att": [20.82401769786979, 7.284845820832624, 0.8739915892735461], "k_pid_yaw": [0.5, 1e-06, 0.1], "k_pid_hsp": [1.0, 0.1531003758033771, 0.01], "k_pid_vsp": [316.2191682070645, 355.21150340299164, 1.0]}, "datetime": {"datetime": "2025-08-21 14:41:40", "elapsed": 21417.38707256317, "delta": 15.698976039886475}, "costs": {"total_cost": 190.19296675214395, "time_cost": 69.304, "final_distance_cost": 1.827153832394155, "oscillation_cost": 39.98377658072558, "completition_cost": 0.0, "overshoot_cost": 50.16836901181123, "power_cost": 15.970947692871095, "noise_cost": 12.938719634341881, "n_waypoints_completed": 9, "tot_waypoints": 9}}
{"target": -1097.8556590022615, "params": {"k_pid_pos": [0.031438087518317434, 0.18184078163545014, 0.11401919133455096], "k_pid_alt": [1.0304713630477362, 0.0, 0.06527723447865985], "k_pid_att": [24.0942673894178, 6.884070437552189, 0.8739915892735461], "k_pid_yaw": [0.5, 1e-06, 0.1], "k_pid_hsp": [1.0, 0.9370803194387888, 0.01], "k_pid_vsp": [251.5004449007475, 355.21150340299164, 1.0]}, "datetime": {"datetime": "2025-08-21 14:42:03", "elapsed": 21440.39935350418, "delta": 23.01228094100952}, "costs": {"total_cost": 1097.8556590022615, "time_cost": 150, "final_distance_cost": 86.41960818053222, "oscillation_cost": 16.475752002660204, "completition_cost": 777.7777777777778, "overshoot_cost": 46.47537842354023, "power_cost": 9.820629235839844, "noise_cost": 10.886513381911264, "n_waypoints_completed": 2, "tot_waypoints": 9}}
