{"target": -184.17466230883966, "params": {"k_pid_pos": [1.9355513472865937, 0.024859491386256316, 0.7774444947807966], "k_pid_alt": [1.6319753356852484, 0.0, 0.1576465649121419], "k_pid_att": [58.989274729095186, 5.859554809351448, 0.73590781336997], "k_pid_yaw": [0.5, 1e-06, 0.1], "k_pid_hsp": [1.606987810134683, 0.3198481575327874, 0.01], "k_pid_vsp": [110.56511661686339, 59.083466427248936, 1.0]}, "datetime": {"datetime": "2025-08-21 16:21:33", "elapsed": 27409.75961637497, "delta": 16.190698385238647}, "costs": {"total_cost": 184.17466230883966, "time_cost": 68.64, "final_distance_cost": 1.8434444859116175, "oscillation_cost": 46.1779686141716, "completition_cost": 0.0, "overshoot_cost": 49.662054923610896, "power_cost": 8.473283581542969, "noise_cost": 9.377910703602554, "n_waypoints_completed": 9, "tot_waypoints": 9}}
{"target": -244.5347601619112, "params": {"k_pid_pos": [1.9403883066526342, 0.5305213852260082, 0.3434561031905483], "k_pid_alt": [1.6319753356852484, 0.0, 0.5352314762690444], "k_pid_att": [58.989274729095186, 1.326856224425946, 0.6179952950406163], "k_pid_yaw": [0.5, 1e-06, 0.1], "k_pid_hsp": [2.82373402557605, 0.18838112831262277, 0.10242793841395881], "k_pid_vsp": [110.56511661686339, 216.29307082677042, 1.0]}, "datetime": {"datetime": "2025-08-21 16:21:52", "elapsed": 27428.762400865555, "delta": 19.002784490585327}, "costs": {"total_cost": 244.5347601619112, "time_cost": 79.168, "final_distance_cost": 1.784998912142289, "oscillation_cost": 82.31554652670518, "completition_cost": 0.0, "overshoot_cost": 52.8369388786516, "power_cost": 15.378727160644532, "noise_cost": 13.050548683767595, "n_waypoints_completed": 9, "tot_waypoints": 9}}
{"target": -185.81888472096938, "params": {"k_pid_pos": [1.8792899704868669, 0.024859491386256316, 0.9451257094832697], "k_pid_alt": [1.0304713630477362, 0.0, 0.06527723447865985], "k_pid_att": [24.0942673894178, 7.284845820832624, 0.73590781336997], "k_pid_yaw": [0.5, 1e-06, 0.1], "k_pid_hsp": [1.5822369352293129, 0.1531003758033771, 0.01], "k_pid_vsp": [110.56511661686339, 10.020897349928273, 1.0]}, "datetime": {"datetime": "2025-08-21 16:22:08", "elapsed": 27445.23916888237, "delta": 16.476768016815186}, "costs": {"total_cost": 185.81888472096938, "time_cost": 71.168, "final_distance_cost": 1.851926284354447, "oscillation_cost": 40.12762653962621, "completition_cost": 0.0, "overshoot_cost": 50.6550255245214, "power_cost": 11.104766821289063, "noise_cost": 10.91153955117823, "n_waypoints_completed": 9, "tot_waypoints": 9}}
{"target": -179.47468596456596, "params": {"k_pid_pos": [1.8922997940790476, 0.024859491386256316, 0.6250867496839783], "k_pid_alt": [1.6319753356852484, 0.0, 0.3787621482452719], "k_pid_att": [58.989274729095186, 6.380071371307885, 0.71995891973172], "k_pid_yaw": [0.5, 1e-06, 0.1], "k_pid_hsp": [1.606987810134683, 0.1531003758033771, 0.01], "k_pid_vsp": [110.56511661686339, 59.083466427248936, 1.0]}, "datetime": {"datetime": "2025-08-21 16:22:26", "elapsed": 27462.65993309021, "delta": 17.420764207839966}, "costs": {"total_cost": 179.47468596456596, "time_cost": 68.616, "final_distance_cost": 1.8171448893929498, "oscillation_cost": 39.27260727227793, "completition_cost": 0.0, "overshoot_cost": 50.21132241034235, "power_cost": 9.623403735351562, "noise_cost": 9.934207657201158, "n_waypoints_completed": 9, "tot_waypoints": 9}}
{"target": -364.61566069348487, "params": {"k_pid_pos": [1.4142324046387962, 0.4134370845374137, 0.8821205660026245], "k_pid_alt": [1.6319753356852484, 0.0, 0.1576465649121419], "k_pid_att": [58.989274729095186, 5.088413281584711, 0.6179952950406163], "k_pid_yaw": [0.5, 1e-06, 0.1], "k_pid_hsp": [1.0076768036881465, 0.1531003758033771, 0.27229906198466947], "k_pid_vsp": [155.80135867994494, 175.28714713338795, 1.0]}, "datetime": {"datetime": "2025-08-21 16:22:45", "elapsed": 27482.280455589294, "delta": 19.620522499084473}, "costs": {"total_cost": 364.61566069348487, "time_cost": 81.304, "final_distance_cost": 1.7782639762044792, "oscillation_cost": 191.8658675768077, "completition_cost": 0.0, "overshoot_cost": 51.90238325147157, "power_cost": 21.336441162109377, "noise_cost": 16.428704726891755, "n_waypoints_completed": 9, "tot_waypoints": 9}}
{"target": -261.35930138959685, "params": {"k_pid_pos": [1.9403883066526342, 0.34174907670648524, 0.8821205660026245], "k_pid_alt": [1.6319753356852484, 0.0, 0.1576465649121419], "k_pid_att": [58.989274729095186, 5.859554809351448, 0.7414922158574659], "k_pid_yaw": [0.5, 1e-06, 0.1], "k_pid_hsp": [1.606987810134683, 0.5654426201812867, 0.01], "k_pid_vsp": [264.9966777379314, 94.28610281764664, 75.78799424181197]}, "datetime": {"datetime": "2025-08-21 16:23:07", "elapsed": 27504.38367319107, "delta": 22.103217601776123}, "costs": {"total_cost": 261.35930138959685, "time_cost": 90.488, "final_distance_cost": 1.7942439646172412, "oscillation_cost": 59.49947631365923, "completition_cost": 0.0, "overshoot_cost": 60.73910005774671, "power_cost": 25.99024510498047, "noise_cost": 22.848235948593203, "n_waypoints_completed": 9, "tot_waypoints": 9}}
{"target": -179.73664616857715, "params": {"k_pid_pos": [1.8922997940790476, 0.024859491386256316, 0.6250867496839783], "k_pid_alt": [1.6319753356852484, 0.0, 0.1576465649121419], "k_pid_att": [37.12179941719916, 5.859554809351448, 0.7033874038379369], "k_pid_yaw": [0.5, 1e-06, 0.1], "k_pid_hsp": [1.606987810134683, 0.1531003758033771, 0.01], "k_pid_vsp": [110.56511661686339, 59.083466427248936, 1.0]}, "datetime": {"datetime": "2025-08-21 16:23:24", "elapsed": 27520.73643732071, "delta": 16.352764129638672}, "costs": {"total_cost": 179.73664616857715, "time_cost": 68.312, "final_distance_cost": 1.8284342070689452, "oscillation_cost": 41.73659567322072, "completition_cost": 0.0, "overshoot_cost": 50.063615099826784, "power_cost": 8.620786694335937, "noise_cost": 9.175214494124756, "n_waypoints_completed": 9, "tot_waypoints": 9}}
{"target": -182.66064063297654, "params": {"k_pid_pos": [1.8922997940790476, 0.024859491386256316, 0.7774444947807966], "k_pid_alt": [1.6319753356852484, 0.0, 0.1576465649121419], "k_pid_att": [58.989274729095186, 5.859554809351448, 0.73590781336997], "k_pid_yaw": [0.5, 1e-06, 0.1], "k_pid_hsp": [1.606987810134683, 0.1531003758033771, 0.01], "k_pid_vsp": [110.56511661686339, 59.083466427248936, 1.0]}, "datetime": {"datetime": "2025-08-21 16:23:39", "elapsed": 27536.075359106064, "delta": 15.338921785354614}, "costs": {"total_cost": 182.66064063297654, "time_cost": 68.872, "final_distance_cost": 1.8474467633140133, "oscillation_cost": 41.04510123579879, "completition_cost": 0.0, "overshoot_cost": 50.08222706711983, "power_cost": 10.324733337402344, "noise_cost": 10.489132229341575, "n_waypoints_completed": 9, "tot_waypoints": 9}}
{"target": -184.8783317480975, "params": {"k_pid_pos": [1.7041340386651447, 0.024859491386256316, 0.3434561031905483], "k_pid_alt": [1.6319753356852484, 0.0, 0.1576465649121419], "k_pid_att": [58.989274729095186, 5.859554809351448, 0.7033874038379369], "k_pid_yaw": [0.5, 1e-06, 0.1], "k_pid_hsp": [1.606987810134683, 0.1531003758033771, 0.01], "k_pid_vsp": [29.96849041048857, 58.47483401410723, 1.0]}, "datetime": {"datetime": "2025-08-21 16:23:56", "elapsed": 27552.624516010284, "delta": 16.54915690422058}, "costs": {"total_cost": 184.8783317480975, "time_cost": 68.504, "final_distance_cost": 1.8211538637170332, "oscillation_cost": 38.87651194243033, "completition_cost": 0.0, "overshoot_cost": 50.096589471786196, "power_cost": 13.609706079101564, "noise_cost": 11.970370391062408, "n_waypoints_completed": 9, "tot_waypoints": 9}}
{"target": -185.17169182349596, "params": {"k_pid_pos": [1.8922997940790476, 0.024859491386256316, 0.6250867496839783], "k_pid_alt": [1.6319753356852484, 0.0, 0.1576465649121419], "k_pid_att": [32.194164172814396, 7.284845820832624, 0.73590781336997], "k_pid_yaw": [0.5, 1e-06, 0.1], "k_pid_hsp": [1.606987810134683, 0.1531003758033771, 0.01], "k_pid_vsp": [110.56511661686339, 59.083466427248936, 1.0]}, "datetime": {"datetime": "2025-08-21 16:24:11", "elapsed": 27568.222687721252, "delta": 15.598171710968018}, "costs": {"total_cost": 185.17169182349596, "time_cost": 68.488, "final_distance_cost": 1.8383931488849108, "oscillation_cost": 40.512199240792455, "completition_cost": 0.0, "overshoot_cost": 50.03432824528889, "power_cost": 12.681529211425781, "noise_cost": 11.617241977103935, "n_waypoints_completed": 9, "tot_waypoints": 9}}
{"target": -237.01278891490946, "params": {"k_pid_pos": [1.8922997940790476, 0.024859491386256316, 0.6250867496839783], "k_pid_alt": [1.6718174236541343, 0.0, 0.22149341006279488], "k_pid_att": [58.989274729095186, 2.524269488566535, 0.7033874038379369], "k_pid_yaw": [0.5, 1e-06, 0.1], "k_pid_hsp": [1.606987810134683, 0.24034004518407315, 0.01], "k_pid_vsp": [264.9966777379314, 94.28610281764664, 137.8781286763733]}, "datetime": {"datetime": "2025-08-21 16:24:32", "elapsed": 27589.26634812355, "delta": 21.043660402297974}, "costs": {"total_cost": 237.01278891490946, "time_cost": 90.616, "final_distance_cost": 1.8171910387293082, "oscillation_cost": 56.44647760908799, "completition_cost": 0.0, "overshoot_cost": 59.62532523687068, "power_cost": 16.04729796142578, "noise_cost": 12.46049706879568, "n_waypoints_completed": 9, "tot_waypoints": 9}}
{"target": -190.49607149390542, "params": {"k_pid_pos": [1.8922997940790476, 0.024859491386256316, 0.6250867496839783], "k_pid_alt": [1.6319753356852484, 0.0, 0.1576465649121419], "k_pid_att": [58.989274729095186, 5.859554809351448, 0.73590781336997], "k_pid_yaw": [0.5, 1e-06, 0.1], "k_pid_hsp": [1.606987810134683, 0.7129502841202989, 0.01], "k_pid_vsp": [110.56511661686339, 59.083466427248936, 1.0]}, "datetime": {"datetime": "2025-08-21 16:24:50", "elapsed": 27607.128951072693, "delta": 17.862602949142456}, "costs": {"total_cost": 190.49607149390542, "time_cost": 68.744, "final_distance_cost": 1.8421807825827219, "oscillation_cost": 46.07500221825537, "completition_cost": 0.0, "overshoot_cost": 49.95638398663374, "power_cost": 12.396044458007813, "noise_cost": 11.48246004842577, "n_waypoints_completed": 9, "tot_waypoints": 9}}
{"target": -184.17504128515017, "params": {"k_pid_pos": [1.8922997940790476, 0.024859491386256316, 0.7774444947807966], "k_pid_alt": [1.6319753356852484, 0.0, 0.1576465649121419], "k_pid_att": [58.989274729095186, 9.545016992888707, 0.6179952950406163], "k_pid_yaw": [0.5, 1e-06, 0.1], "k_pid_hsp": [1.0076768036881465, 0.1531003758033771, 0.01], "k_pid_vsp": [155.80135867994494, 175.28714713338795, 1.0]}, "datetime": {"datetime": "2025-08-21 16:25:05", "elapsed": 27622.366473913193, "delta": 15.237522840499878}, "costs": {"total_cost": 184.17504128515017, "time_cost": 68.56, "final_distance_cost": 1.841479947412999, "oscillation_cost": 39.98832073798265, "completition_cost": 0.0, "overshoot_cost": 49.90276424810743, "power_cost": 12.437347985839844, "noise_cost": 11.445128365807268, "n_waypoints_completed": 9, "tot_waypoints": 9}}
{"target": -186.50776408165333, "params": {"k_pid_pos": [1.8922997940790476, 0.024859491386256316, 0.6250867496839783], "k_pid_alt": [1.6319753356852484, 0.0, 0.3787621482452719], "k_pid_att": [58.989274729095186, 6.380071371307885, 0.71995891973172], "k_pid_yaw": [0.5, 1e-06, 0.1], "k_pid_hsp": [1.606987810134683, 0.1531003758033771, 0.01], "k_pid_vsp": [110.56511661686339, 59.083466427248936, 1.0]}, "datetime": {"datetime": "2025-08-21 16:25:22", "elapsed": 27639.014760494232, "delta": 16.64828658103943}, "costs": {"total_cost": 186.50776408165333, "time_cost": 69.296, "final_distance_cost": 1.8240898170982902, "oscillation_cost": 38.14865989094734, "completition_cost": 0.0, "overshoot_cost": 50.77446145604362, "power_cost": 14.244970068359375, "noise_cost": 12.219582849204702, "n_waypoints_completed": 9, "tot_waypoints": 9}}
{"target": -189.64046111959183, "params": {"k_pid_pos": [1.8922997940790476, 0.024859491386256316, 0.6250867496839783], "k_pid_alt": [1.6319753356852484, 0.0, 0.4522054662122007], "k_pid_att": [58.989274729095186, 6.380071371307885, 0.71995891973172], "k_pid_yaw": [0.5, 1e-06, 0.1], "k_pid_hsp": [1.606987810134683, 0.1531003758033771, 0.01], "k_pid_vsp": [110.56511661686339, 59.083466427248936, 1.0]}, "datetime": {"datetime": "2025-08-21 16:25:38", "elapsed": 27655.16407942772, "delta": 16.14931893348694}, "costs": {"total_cost": 189.64046111959183, "time_cost": 69.856, "final_distance_cost": 1.812226272107414, "oscillation_cost": 39.162041330783, "completition_cost": 0.0, "overshoot_cost": 50.791319130362844, "power_cost": 15.182490942382813, "noise_cost": 12.836383443955775, "n_waypoints_completed": 9, "tot_waypoints": 9}}
{"target": -593.5863014468796, "params": {"k_pid_pos": [1.9403883066526342, 0.7865930166662759, 0.5557882040685287], "k_pid_alt": [1.6319753356852484, 0.0, 0.1576465649121419], "k_pid_att": [22.840745224411652, 5.859554809351448, 0.11579494279367952], "k_pid_yaw": [0.5, 1e-06, 0.1], "k_pid_hsp": [1.606987810134683, 0.1531003758033771, 0.9873824226476844], "k_pid_vsp": [29.96849041048857, 58.47483401410723, 1.0]}, "datetime": {"datetime": "2025-08-21 16:26:02", "elapsed": 27678.61132788658, "delta": 23.447248458862305}, "costs": {"total_cost": 593.5863014468796, "time_cost": 150, "final_distance_cost": 18.34569298482414, "oscillation_cost": 216.06410141458488, "completition_cost": 111.11111111111116, "overshoot_cost": 68.95191889409561, "power_cost": 14.256164025878906, "noise_cost": 14.857313016384861, "n_waypoints_completed": 8, "tot_waypoints": 9}}
{"target": -422.20372558052213, "params": {"k_pid_pos": [1.5014732983978256, 0.024859491386256316, 0.3434561031905483], "k_pid_alt": [0.27404146878129776, 0.0, 0.1576465649121419], "k_pid_att": [30.09581361836765, 8.376073795535836, 0.7033874038379369], "k_pid_yaw": [0.5, 1e-06, 0.1], "k_pid_hsp": [1.606987810134683, 0.1531003758033771, 0.01], "k_pid_vsp": [110.56511661686339, 59.083466427248936, 1.0]}, "datetime": {"datetime": "2025-08-21 16:26:26", "elapsed": 27703.144131183624, "delta": 24.532803297042847}, "costs": {"total_cost": 422.20372558052213, "time_cost": 150, "final_distance_cost": 27.87413794242031, "oscillation_cost": 46.6680052264596, "completition_cost": 111.11111111111116, "overshoot_cost": 52.00697886612553, "power_cost": 19.013435644531253, "noise_cost": 15.53005678987432, "n_waypoints_completed": 8, "tot_waypoints": 9}}
{"target": -2278.9715710146515, "params": {"k_pid_pos": [1.8922997940790476, 0.024859491386256316, 0.7774444947807966], "k_pid_alt": [1.6319753356852484, 0.0, 0.1576465649121419], "k_pid_att": [58.989274729095186, 5.859554809351448, 0.73590781336997], "k_pid_yaw": [0.5, 1e-06, 0.1], "k_pid_hsp": [1.606987810134683, 0.1531003758033771, 0.01], "k_pid_vsp": [110.56511661686339, 59.083466427248936, 362.6045534715687]}, "datetime": {"datetime": "2025-08-21 16:26:50", "elapsed": 27727.002810955048, "delta": 23.85867977142334}, "costs": {"total_cost": 2278.9715710146515, "time_cost": 150, "final_distance_cost": 513.8861166972258, "oscillation_cost": 41.24977796956587, "completition_cost": 888.8888888888888, "overshoot_cost": 672.1042811471549, "power_cost": 4.979672253417969, "noise_cost": 7.862834058398133, "n_waypoints_completed": 1, "tot_waypoints": 9}}
{"target": -220.22577983457532, "params": {"k_pid_pos": [1.9403883066526342, 0.7166685913948189, 0.3961654171436617], "k_pid_alt": [1.6319753356852484, 0.0, 0.1576465649121419], "k_pid_att": [58.989274729095186, 5.859554809351448, 0.7033874038379369], "k_pid_yaw": [0.5, 1e-06, 0.1], "k_pid_hsp": [1.606987810134683, 0.1531003758033771, 0.01], "k_pid_vsp": [110.56511661686339, 59.083466427248936, 1.0]}, "datetime": {"datetime": "2025-08-21 16:27:10", "elapsed": 27747.194387197495, "delta": 20.1915762424469}, "costs": {"total_cost": 220.22577983457532, "time_cost": 84.52, "final_distance_cost": 1.7394336736099394, "oscillation_cost": 50.525278788631724, "completition_cost": 0.0, "overshoot_cost": 53.81336722786375, "power_cost": 15.820974096679688, "noise_cost": 13.806726047790226, "n_waypoints_completed": 9, "tot_waypoints": 9}}
{"target": -199.06914376774083, "params": {"k_pid_pos": [1.6185693046586094, 0.024859491386256316, 0.7774444947807966], "k_pid_alt": [1.6319753356852484, 0.460474527941964, 0.09237004794976], "k_pid_att": [58.989274729095186, 9.132212505118478, 0.9737674939855436], "k_pid_yaw": [0.5, 1e-06, 0.1], "k_pid_hsp": [3.1752085098097216, 0.1531003758033771, 0.01], "k_pid_vsp": [110.56511661686339, 59.083466427248936, 1.0]}, "datetime": {"datetime": "2025-08-21 16:27:27", "elapsed": 27764.368678331375, "delta": 17.174291133880615}, "costs": {"total_cost": 199.06914376774083, "time_cost": 76.552, "final_distance_cost": 1.8114290718227228, "oscillation_cost": 52.4685188000216, "completition_cost": 0.0, "overshoot_cost": 50.387441807231575, "power_cost": 8.522519738769532, "noise_cost": 9.327234349895404, "n_waypoints_completed": 9, "tot_waypoints": 9}}
{"target": -1077.033243327128, "params": {"k_pid_pos": [1.8922997940790476, 0.024859491386256316, 0.6250867496839783], "k_pid_alt": [1.6319753356852484, 0.0, 0.1576465649121419], "k_pid_att": [58.989274729095186, 5.088413281584711, 0.6179952950406163], "k_pid_yaw": [0.5, 1e-06, 0.1], "k_pid_hsp": [1.0076768036881465, 0.1531003758033771, 0.01], "k_pid_vsp": [155.80135867994494, 175.28714713338795, 245.59207000590632]}, "datetime": {"datetime": "2025-08-21 16:27:51", "elapsed": 27788.10677433014, "delta": 23.738095998764038}, "costs": {"total_cost": 1077.033243327128, "time_cost": 150, "final_distance_cost": 70.72540528331804, "oscillation_cost": 47.09630567475278, "completition_cost": 666.6666666666667, "overshoot_cost": 109.73437267917423, "power_cost": 18.339710363769534, "noise_cost": 14.470782659447009, "n_waypoints_completed": 3, "tot_waypoints": 9}}
{"target": -182.90783596901866, "params": {"k_pid_pos": [1.8922997940790476, 0.024859491386256316, 0.7774444947807966], "k_pid_alt": [1.6319753356852484, 0.0, 0.1576465649121419], "k_pid_att": [37.12179941719916, 5.859554809351448, 0.7033874038379369], "k_pid_yaw": [0.5, 1e-06, 0.1], "k_pid_hsp": [1.606987810134683, 0.1531003758033771, 0.01], "k_pid_vsp": [110.56511661686339, 59.083466427248936, 1.0]}, "datetime": {"datetime": "2025-08-21 16:28:09", "elapsed": 27805.805302143097, "delta": 17.698527812957764}, "costs": {"total_cost": 182.90783596901866, "time_cost": 68.936, "final_distance_cost": 1.8440017396567376, "oscillation_cost": 40.188475440929025, "completition_cost": 0.0, "overshoot_cost": 49.75663222079628, "power_cost": 11.265501416015626, "noise_cost": 10.917225151620997, "n_waypoints_completed": 9, "tot_waypoints": 9}}
{"target": -184.8439796117244, "params": {"k_pid_pos": [1.8922997940790476, 0.024859491386256316, 0.6250867496839783], "k_pid_alt": [1.6319753356852484, 0.0, 0.1576465649121419], "k_pid_att": [58.989274729095186, 5.859554809351448, 0.73590781336997], "k_pid_yaw": [0.5, 1e-06, 0.1], "k_pid_hsp": [1.606987810134683, 0.1531003758033771, 0.01], "k_pid_vsp": [110.56511661686339, 59.083466427248936, 1.0]}, "datetime": {"datetime": "2025-08-21 16:28:25", "elapsed": 27821.70375919342, "delta": 15.898457050323486}, "costs": {"total_cost": 184.8439796117244, "time_cost": 69.056, "final_distance_cost": 1.8250487581327521, "oscillation_cost": 38.23993936581753, "completition_cost": 0.0, "overshoot_cost": 49.95273997309501, "power_cost": 13.703240454101563, "noise_cost": 12.067011060577553, "n_waypoints_completed": 9, "tot_waypoints": 9}}
{"target": -187.3065177779014, "params": {"k_pid_pos": [1.7041340386651447, 0.024859491386256316, 0.3434561031905483], "k_pid_alt": [1.6319753356852484, 0.0, 0.1576465649121419], "k_pid_att": [58.989274729095186, 4.929500621888914, 0.7033874038379369], "k_pid_yaw": [0.5, 1e-06, 0.1], "k_pid_hsp": [1.606987810134683, 0.4017820065842225, 0.01], "k_pid_vsp": [110.56511661686339, 59.083466427248936, 1.0]}, "datetime": {"datetime": "2025-08-21 16:28:41", "elapsed": 27838.068556070328, "delta": 16.36479687690735}, "costs": {"total_cost": 187.3065177779014, "time_cost": 68.512, "final_distance_cost": 1.809286046281637, "oscillation_cost": 44.35721742179002, "completition_cost": 0.0, "overshoot_cost": 50.21847681289163, "power_cost": 11.511767199707032, "noise_cost": 10.897770297231082, "n_waypoints_completed": 9, "tot_waypoints": 9}}
{"target": -182.5702484645713, "params": {"k_pid_pos": [1.7041340386651447, 0.024859491386256316, 0.3434561031905483], "k_pid_alt": [1.6319753356852484, 0.0, 0.07336557510105324], "k_pid_att": [58.989274729095186, 7.284845820832624, 0.73590781336997], "k_pid_yaw": [0.5, 1e-06, 0.1], "k_pid_hsp": [1.606987810134683, 0.1531003758033771, 0.01], "k_pid_vsp": [110.56511661686339, 59.083466427248936, 1.0]}, "datetime": {"datetime": "2025-08-21 16:28:57", "elapsed": 27853.685145139694, "delta": 15.616589069366455}, "costs": {"total_cost": 182.5702484645713, "time_cost": 68.08, "final_distance_cost": 1.813345186522728, "oscillation_cost": 40.828909394103725, "completition_cost": 0.0, "overshoot_cost": 50.17064053330251, "power_cost": 11.107254235839845, "noise_cost": 10.570099114802543, "n_waypoints_completed": 9, "tot_waypoints": 9}}
{"target": -184.64276993178544, "params": {"k_pid_pos": [1.1904191683331364, 0.024859491386256316, 0.3434561031905483], "k_pid_alt": [1.6319753356852484, 0.0, 0.9505550730200033], "k_pid_att": [58.989274729095186, 4.929500621888914, 0.3744289396013216], "k_pid_yaw": [0.5, 1e-06, 0.1], "k_pid_hsp": [1.606987810134683, 0.4017820065842225, 0.01], "k_pid_vsp": [110.56511661686339, 59.083466427248936, 1.0]}, "datetime": {"datetime": "2025-08-21 16:29:15", "elapsed": 27871.62964296341, "delta": 17.94449782371521}, "costs": {"total_cost": 184.64276993178544, "time_cost": 71.184, "final_distance_cost": 1.8457242565482257, "oscillation_cost": 43.53968435785381, "completition_cost": 0.0, "overshoot_cost": 49.2030978110598, "power_cost": 8.92469949951172, "noise_cost": 9.94556400681192, "n_waypoints_completed": 9, "tot_waypoints": 9}}
