{"target": -193.2708264484637, "params": {"k_pid_pos": [1.1496839804071068, 0.024859491386256316, 0.11401919133455096], "k_pid_alt": [1.2679502233621702, 0.0, 0.8361997509577753], "k_pid_att": [43.948176657889235, 3.0596356458441103, 0.9274604585040267], "k_pid_yaw": [0.5, 1e-06, 0.1], "k_pid_hsp": [1.5353014571438959, 0.01, 0.01], "k_pid_vsp": [150.0, 351.388862279923, 1.0]}, "datetime": {"datetime": "2025-08-21 11:15:42", "elapsed": 9059.168577432632, "delta": 16.211236715316772}, "costs": {"total_cost": 193.2708264484637, "time_cost": 72.568, "final_distance_cost": 1.8344591397895125, "oscillation_cost": 39.31008904934818, "completition_cost": 0.0, "overshoot_cost": 50.30439137648815, "power_cost": 16.080910412597657, "noise_cost": 13.172976470240195, "n_waypoints_completed": 9, "tot_waypoints": 9}}
{"target": -191.86013307484987, "params": {"k_pid_pos": [1.1496839804071068, 0.024859491386256316, 0.11401919133455096], "k_pid_alt": [1.2679502233621702, 0.0, 0.016491258977649914], "k_pid_att": [94.27907641276623, 5.887625867895858, 0.9274604585040267], "k_pid_yaw": [0.5, 1e-06, 0.1], "k_pid_hsp": [1.5353014571438959, 0.966737574672076, 0.01], "k_pid_vsp": [378.2079564087626, 355.21150340299164, 1.0]}, "datetime": {"datetime": "2025-08-21 11:15:58", "elapsed": 9075.082052469254, "delta": 15.913475036621094}, "costs": {"total_cost": 191.86013307484987, "time_cost": 68.72, "final_distance_cost": 1.8408836698500124, "oscillation_cost": 52.536363038610546, "completition_cost": 0.0, "overshoot_cost": 48.70914714457903, "power_cost": 9.827642211914062, "noise_cost": 10.226097009896225, "n_waypoints_completed": 9, "tot_waypoints": 9}}
{"target": -212.23697347595848, "params": {"k_pid_pos": [1.4999912498542303, 0.3940461965001554, 0.1143955574012756], "k_pid_alt": [1.2679502233621702, 0.0, 0.8361997509577753], "k_pid_att": [20.236336479523032, 3.0596356458441103, 0.9274604585040267], "k_pid_yaw": [0.5, 1e-06, 0.1], "k_pid_hsp": [1.5353014571438959, 0.7152050043221464, 0.01], "k_pid_vsp": [378.2079564087626, 355.21150340299164, 1.0]}, "datetime": {"datetime": "2025-08-21 11:16:16", "elapsed": 9092.645936727524, "delta": 17.563884258270264}, "costs": {"total_cost": 212.23697347595848, "time_cost": 77.112, "final_distance_cost": 1.7795012114993234, "oscillation_cost": 54.94338450838702, "completition_cost": 0.0, "overshoot_cost": 50.814623759596664, "power_cost": 14.916131616210938, "noise_cost": 12.671332380264538, "n_waypoints_completed": 9, "tot_waypoints": 9}}
{"target": -999.0899831433959, "params": {"k_pid_pos": [1.1496839804071068, 0.024859491386256316, 0.11401919133455096], "k_pid_alt": [1.2679502233621702, 0.0, 0.016491258977649914], "k_pid_att": [94.27907641276623, 4.279194413527449, 0.9097922838293668], "k_pid_yaw": [0.5, 1e-06, 0.1], "k_pid_hsp": [1.5353014571438959, 0.01, 0.01], "k_pid_vsp": [378.2079564087626, 355.21150340299164, 352.3386124433825]}, "datetime": {"datetime": "2025-08-21 11:16:39", "elapsed": 9115.487910270691, "delta": 22.841973543167114}, "costs": {"total_cost": 999.0899831433959, "time_cost": 150, "final_distance_cost": 53.24274047389015, "oscillation_cost": 39.20509439339787, "completition_cost": 666.6666666666667, "overshoot_cost": 52.00607523691535, "power_cost": 22.23979150390625, "noise_cost": 15.729614868619441, "n_waypoints_completed": 3, "tot_waypoints": 9}}
{"target": -182.1119807820378, "params": {"k_pid_pos": [1.1496839804071068, 0.024859491386256316, 0.11401919133455096], "k_pid_alt": [1.636508049307729, 0.0, 0.8361997509577753], "k_pid_att": [20.236336479523032, 0.7200504618080176, 0.9166398602394554], "k_pid_yaw": [0.5, 1e-06, 0.1], "k_pid_hsp": [1.5353014571438959, 0.01, 0.01], "k_pid_vsp": [378.2079564087626, 355.21150340299164, 1.0]}, "datetime": {"datetime": "2025-08-21 11:16:55", "elapsed": 9131.727523326874, "delta": 16.23961305618286}, "costs": {"total_cost": 182.1119807820378, "time_cost": 70.328, "final_distance_cost": 1.8357590127271748, "oscillation_cost": 36.68832055965866, "completition_cost": 0.0, "overshoot_cost": 49.967649985330745, "power_cost": 12.050931591796875, "noise_cost": 11.241319632524338, "n_waypoints_completed": 9, "tot_waypoints": 9}}
{"target": -186.16649053183676, "params": {"k_pid_pos": [1.4999912498542303, 0.024859491386256316, 0.11401919133455096], "k_pid_alt": [1.2679502233621702, 0.0, 0.8361997509577753], "k_pid_att": [20.236336479523032, 3.0596356458441103, 0.9274604585040267], "k_pid_yaw": [0.5, 1e-06, 0.1], "k_pid_hsp": [1.5353014571438959, 0.01, 0.01], "k_pid_vsp": [153.0622015256548, 355.21150340299164, 1.0]}, "datetime": {"datetime": "2025-08-21 11:17:11", "elapsed": 9148.086340904236, "delta": 16.35881757736206}, "costs": {"total_cost": 186.16649053183676, "time_cost": 71.184, "final_distance_cost": 1.8173889893980701, "oscillation_cost": 39.63682897308225, "completition_cost": 0.0, "overshoot_cost": 50.1083718226083, "power_cost": 12.307633703613282, "noise_cost": 11.11226704313486, "n_waypoints_completed": 9, "tot_waypoints": 9}}
{"target": -182.00851742947617, "params": {"k_pid_pos": [1.1496839804071068, 0.024859491386256316, 0.11401919133455096], "k_pid_alt": [0.9146766663066528, 0.0, 0.016491258977649914], "k_pid_att": [17.813414374173632, 0.0032441649989051976, 0.3952346537588943], "k_pid_yaw": [0.5, 1e-06, 0.1], "k_pid_hsp": [1.5353014571438959, 0.01, 0.01], "k_pid_vsp": [150.0, 221.6078012742647, 1.0]}, "datetime": {"datetime": "2025-08-21 11:17:27", "elapsed": 9164.09472990036, "delta": 16.008388996124268}, "costs": {"total_cost": 182.00851742947617, "time_cost": 70.128, "final_distance_cost": 1.829365653967103, "oscillation_cost": 37.57755929899441, "completition_cost": 0.0, "overshoot_cost": 49.9593527407276, "power_cost": 11.586712072753906, "noise_cost": 10.92752766303316, "n_waypoints_completed": 9, "tot_waypoints": 9}}
{"target": -184.27331977489428, "params": {"k_pid_pos": [1.7847649702027382, 0.024859491386256316, 0.11401919133455096], "k_pid_alt": [1.2679502233621702, 0.0, 0.016491258977649914], "k_pid_att": [17.813414374173632, 9.597749245839971, 0.3366070335655168], "k_pid_yaw": [0.5, 1e-06, 0.1], "k_pid_hsp": [1.0, 0.1531003758033771, 0.01], "k_pid_vsp": [378.2079564087626, 355.21150340299164, 1.0]}, "datetime": {"datetime": "2025-08-21 11:17:43", "elapsed": 9179.558818817139, "delta": 15.464088916778564}, "costs": {"total_cost": 184.27331977489428, "time_cost": 67.608, "final_distance_cost": 1.7989817535380552, "oscillation_cost": 44.95702613087182, "completition_cost": 0.0, "overshoot_cost": 49.584421433774736, "power_cost": 10.344205200195313, "noise_cost": 9.980685256514331, "n_waypoints_completed": 9, "tot_waypoints": 9}}
{"target": -185.25991999831223, "params": {"k_pid_pos": [1.3885554450422086, 0.024859491386256316, 0.11401919133455096], "k_pid_alt": [1.2679502233621702, 0.0, 0.8361997509577753], "k_pid_att": [20.236336479523032, 3.0596356458441103, 0.9274604585040267], "k_pid_yaw": [0.5, 1e-06, 0.1], "k_pid_hsp": [1.5353014571438959, 0.01, 0.01], "k_pid_vsp": [378.2079564087626, 355.21150340299164, 1.0]}, "datetime": {"datetime": "2025-08-21 11:17:59", "elapsed": 9195.772823572159, "delta": 16.21400475502014}, "costs": {"total_cost": 185.25991999831223, "time_cost": 71.24, "final_distance_cost": 1.8106658558854216, "oscillation_cost": 38.1987986714741, "completition_cost": 0.0, "overshoot_cost": 49.48113120204129, "power_cost": 13.04372099609375, "noise_cost": 11.485603272817654, "n_waypoints_completed": 9, "tot_waypoints": 9}}
{"target": -208.73869271738428, "params": {"k_pid_pos": [0.5503339975771474, 0.024859491386256316, 0.11401919133455096], "k_pid_alt": [1.2679502233621702, 0.0, 0.016491258977649914], "k_pid_att": [17.813414374173632, 9.770065979523123, 0.5968380379296185], "k_pid_yaw": [0.5, 1e-06, 0.1], "k_pid_hsp": [1.5353014571438959, 0.01, 0.01], "k_pid_vsp": [150.0, 3.384608627270843, 39.36383854960912]}, "datetime": {"datetime": "2025-08-21 11:18:20", "elapsed": 9216.631222963333, "delta": 20.858399391174316}, "costs": {"total_cost": 208.73869271738428, "time_cost": 87.544, "final_distance_cost": 1.8509708135878011, "oscillation_cost": 40.47188285291857, "completition_cost": 0.0, "overshoot_cost": 54.524457745100015, "power_cost": 11.267190881347657, "noise_cost": 13.080190424430244, "n_waypoints_completed": 9, "tot_waypoints": 9}}
{"target": -207.92587838412587, "params": {"k_pid_pos": [1.3885554450422086, 0.03988560271314401, 0.11401919133455096], "k_pid_alt": [1.2679502233621702, 0.798728739228488, 0.016491258977649914], "k_pid_att": [17.813414374173632, 9.597749245839971, 0.591082821894856], "k_pid_yaw": [0.5, 1e-06, 0.1], "k_pid_hsp": [1.5353014571438959, 0.01, 0.01], "k_pid_vsp": [150.0, 221.6078012742647, 1.0]}, "datetime": {"datetime": "2025-08-21 11:18:38", "elapsed": 9234.70749282837, "delta": 18.07626986503601}, "costs": {"total_cost": 207.92587838412587, "time_cost": 79.47200000000001, "final_distance_cost": 1.7541937364880165, "oscillation_cost": 50.59020483234831, "completition_cost": 0.0, "overshoot_cost": 51.50375955730083, "power_cost": 13.072589611816406, "noise_cost": 11.533130646172278, "n_waypoints_completed": 9, "tot_waypoints": 9}}
{"target": -178.74132309107904, "params": {"k_pid_pos": [1.3885554450422086, 0.024859491386256316, 0.11401919133455096], "k_pid_alt": [1.2679502233621702, 0.0, 0.06527723447865985], "k_pid_att": [58.989274729095186, 7.284845820832624, 0.8739915892735461], "k_pid_yaw": [0.5, 1e-06, 0.1], "k_pid_hsp": [1.0, 0.1531003758033771, 0.01], "k_pid_vsp": [378.2079564087626, 355.21150340299164, 1.0]}, "datetime": {"datetime": "2025-08-21 11:18:53", "elapsed": 9250.34123468399, "delta": 15.633741855621338}, "costs": {"total_cost": 178.74132309107904, "time_cost": 68.08, "final_distance_cost": 1.8220502533856986, "oscillation_cost": 42.45989855451109, "completition_cost": 0.0, "overshoot_cost": 49.76290803977689, "power_cost": 7.8965757324218755, "noise_cost": 8.719890510983474, "n_waypoints_completed": 9, "tot_waypoints": 9}}
{"target": -187.82544422245016, "params": {"k_pid_pos": [1.1496839804071068, 0.024859491386256316, 0.11401919133455096], "k_pid_alt": [1.2679502233621702, 0.0, 0.016491258977649914], "k_pid_att": [17.813414374173632, 0.0032441649989051976, 0.8739915892735461], "k_pid_yaw": [0.5, 1e-06, 0.1], "k_pid_hsp": [1.0, 0.1531003758033771, 0.01], "k_pid_vsp": [378.2079564087626, 355.21150340299164, 1.0]}, "datetime": {"datetime": "2025-08-21 11:19:09", "elapsed": 9266.247553348541, "delta": 15.906318664550781}, "costs": {"total_cost": 187.82544422245016, "time_cost": 69.64, "final_distance_cost": 1.8395712780492732, "oscillation_cost": 37.82938866500909, "completition_cost": 0.0, "overshoot_cost": 50.18939506122763, "power_cost": 15.33510927734375, "noise_cost": 12.991979940820421, "n_waypoints_completed": 9, "tot_waypoints": 9}}
{"target": -184.31793314578738, "params": {"k_pid_pos": [1.3885554450422086, 0.03988560271314401, 0.11401919133455096], "k_pid_alt": [1.2679502233621702, 0.0, 0.06527723447865985], "k_pid_att": [58.989274729095186, 7.284845820832624, 0.3952346537588943], "k_pid_yaw": [0.5, 1e-06, 0.1], "k_pid_hsp": [1.0, 0.1531003758033771, 0.01], "k_pid_vsp": [378.2079564087626, 355.21150340299164, 1.0]}, "datetime": {"datetime": "2025-08-21 11:19:25", "elapsed": 9282.041511058807, "delta": 15.793957710266113}, "costs": {"total_cost": 184.31793314578738, "time_cost": 68.696, "final_distance_cost": 1.809713939472525, "oscillation_cost": 39.30414838625238, "completition_cost": 0.0, "overshoot_cost": 49.83129987198814, "power_cost": 13.089154589843751, "noise_cost": 11.587616358230589, "n_waypoints_completed": 9, "tot_waypoints": 9}}
{"target": -210.90677108663428, "params": {"k_pid_pos": [1.647366612200146, 0.5743711704314439, 0.11401919133455096], "k_pid_alt": [1.7224840888036632, 0.0, 0.8361997509577753], "k_pid_att": [20.236336479523032, 6.16091081068753, 0.9274604585040267], "k_pid_yaw": [0.5, 1e-06, 0.1], "k_pid_hsp": [1.5353014571438959, 0.01, 0.01], "k_pid_vsp": [254.46877323414844, 355.21150340299164, 1.0]}, "datetime": {"datetime": "2025-08-21 11:19:44", "elapsed": 9300.888793468475, "delta": 18.84728240966797}, "costs": {"total_cost": 210.90677108663428, "time_cost": 83.28, "final_distance_cost": 1.7512678537424078, "oscillation_cost": 50.87803047912619, "completition_cost": 0.0, "overshoot_cost": 52.48961260728691, "power_cost": 11.244387341308594, "noise_cost": 11.263472805170172, "n_waypoints_completed": 9, "tot_waypoints": 9}}
{"target": -184.11947044540278, "params": {"k_pid_pos": [1.1496839804071068, 0.024859491386256316, 0.11401919133455096], "k_pid_alt": [1.2679502233621702, 0.0, 0.22168249022254083], "k_pid_att": [17.813414374173632, 0.0032441649989051976, 0.3952346537588943], "k_pid_yaw": [0.5, 1e-06, 0.1], "k_pid_hsp": [1.0, 0.1531003758033771, 0.01], "k_pid_vsp": [378.2079564087626, 355.21150340299164, 1.0]}, "datetime": {"datetime": "2025-08-21 11:20:00", "elapsed": 9317.431032419205, "delta": 16.54223895072937}, "costs": {"total_cost": 184.11947044540278, "time_cost": 69.336, "final_distance_cost": 1.8459645873567192, "oscillation_cost": 39.66183236592019, "completition_cost": 0.0, "overshoot_cost": 49.53857853005482, "power_cost": 12.389159118652344, "noise_cost": 11.347935843418716, "n_waypoints_completed": 9, "tot_waypoints": 9}}
{"target": -192.4970650053264, "params": {"k_pid_pos": [1.1496839804071068, 0.024859491386256316, 0.3247566437552345], "k_pid_alt": [1.2679502233621702, 0.0, 0.8361997509577753], "k_pid_att": [64.85696333643777, 3.0596356458441103, 0.9274604585040267], "k_pid_yaw": [0.5, 1e-06, 0.1], "k_pid_hsp": [1.5353014571438959, 0.01, 0.01], "k_pid_vsp": [378.2079564087626, 355.21150340299164, 131.29633191148946]}, "datetime": {"datetime": "2025-08-21 11:20:17", "elapsed": 9333.520037651062, "delta": 16.0890052318573}, "costs": {"total_cost": 192.4970650053264, "time_cost": 71.56, "final_distance_cost": 1.8438113698022218, "oscillation_cost": 45.816159869885716, "completition_cost": 0.0, "overshoot_cost": 49.0722467654503, "power_cost": 13.716815234375, "noise_cost": 10.488031765813153, "n_waypoints_completed": 9, "tot_waypoints": 9}}
{"target": -185.74963089900643, "params": {"k_pid_pos": [1.3885554450422086, 0.024859491386256316, 0.6521786052913653], "k_pid_alt": [1.2679502233621702, 0.0, 0.8361997509577753], "k_pid_att": [20.236336479523032, 3.0596356458441103, 0.9274604585040267], "k_pid_yaw": [0.5, 1e-06, 0.1], "k_pid_hsp": [1.5353014571438959, 0.01, 0.01], "k_pid_vsp": [153.0622015256548, 84.00193632023473, 1.0]}, "datetime": {"datetime": "2025-08-21 11:20:33", "elapsed": 9350.395481824875, "delta": 16.875444173812866}, "costs": {"total_cost": 185.74963089900643, "time_cost": 73.792, "final_distance_cost": 1.8449280725891584, "oscillation_cost": 39.16315059398962, "completition_cost": 0.0, "overshoot_cost": 49.957444665625644, "power_cost": 10.301435864257813, "noise_cost": 10.690671702544206, "n_waypoints_completed": 9, "tot_waypoints": 9}}
{"target": -210.34893947856796, "params": {"k_pid_pos": [1.647366612200146, 0.06328363340203702, 0.11401919133455096], "k_pid_alt": [1.2679502233621702, 0.0, 0.8361997509577753], "k_pid_att": [20.236336479523032, 6.16091081068753, 0.3952346537588943], "k_pid_yaw": [0.5, 1e-06, 0.1], "k_pid_hsp": [1.0, 0.1531003758033771, 0.01], "k_pid_vsp": [378.2079564087626, 355.21150340299164, 1.0]}, "datetime": {"datetime": "2025-08-21 11:20:50", "elapsed": 9367.443814277649, "delta": 17.048332452774048}, "costs": {"total_cost": 210.34893947856796, "time_cost": 74.8, "final_distance_cost": 1.807275376759387, "oscillation_cost": 47.994896272314584, "completition_cost": 0.0, "overshoot_cost": 52.265652202038346, "power_cost": 19.018781005859378, "noise_cost": 14.462334621596256, "n_waypoints_completed": 9, "tot_waypoints": 9}}
{"target": -195.84695844384063, "params": {"k_pid_pos": [1.1496839804071068, 0.024859491386256316, 0.11401919133455096], "k_pid_alt": [1.2679502233621702, 0.0, 0.016491258977649914], "k_pid_att": [17.813414374173632, 0.0032441649989051976, 0.9274604585040267], "k_pid_yaw": [0.5, 1e-06, 0.1], "k_pid_hsp": [1.5353014571438959, 0.01, 0.01], "k_pid_vsp": [397.63618790684643, 355.21150340299164, 1.0]}, "datetime": {"datetime": "2025-08-21 11:21:07", "elapsed": 9384.324481964111, "delta": 16.880667686462402}, "costs": {"total_cost": 195.84695844384063, "time_cost": 73.384, "final_distance_cost": 1.8483878178080462, "oscillation_cost": 36.31533026603568, "completition_cost": 0.0, "overshoot_cost": 53.210865378716754, "power_cost": 17.16530323486328, "noise_cost": 13.923071746416854, "n_waypoints_completed": 9, "tot_waypoints": 9}}
{"target": -206.45887765996815, "params": {"k_pid_pos": [1.3885554450422086, 0.024859491386256316, 0.11401919133455096], "k_pid_alt": [1.2679502233621702, 0.27082543444689955, 0.8361997509577753], "k_pid_att": [20.236336479523032, 3.0596356458441103, 0.9274604585040267], "k_pid_yaw": [0.5, 1e-06, 0.1], "k_pid_hsp": [1.5353014571438959, 0.01, 0.01], "k_pid_vsp": [378.2079564087626, 355.21150340299164, 1.0]}, "datetime": {"datetime": "2025-08-21 11:21:25", "elapsed": 9402.25397324562, "delta": 17.9294912815094}, "costs": {"total_cost": 206.45887765996815, "time_cost": 78.632, "final_distance_cost": 1.7675230347410043, "oscillation_cost": 48.78793337726904, "completition_cost": 0.0, "overshoot_cost": 50.696162718083286, "power_cost": 14.272443872070314, "noise_cost": 12.30281465780449, "n_waypoints_completed": 9, "tot_waypoints": 9}}
{"target": -219.94548966020548, "params": {"k_pid_pos": [1.3885554450422086, 0.024859491386256316, 0.11401919133455096], "k_pid_alt": [1.2679502233621702, 0.0, 0.8361997509577753], "k_pid_att": [20.236336479523032, 3.0596356458441103, 0.9274604585040267], "k_pid_yaw": [0.5, 1e-06, 0.1], "k_pid_hsp": [1.5353014571438959, 0.01, 0.01], "k_pid_vsp": [378.2079564087626, 355.21150340299164, 225.93694083432098]}, "datetime": {"datetime": "2025-08-21 11:21:45", "elapsed": 9421.751344203949, "delta": 19.497370958328247}, "costs": {"total_cost": 219.94548966020548, "time_cost": 85.44800000000001, "final_distance_cost": 1.812821504272513, "oscillation_cost": 45.23287774155911, "completition_cost": 0.0, "overshoot_cost": 55.973485795414994, "power_cost": 18.372773107910156, "noise_cost": 13.105531511048698, "n_waypoints_completed": 9, "tot_waypoints": 9}}
{"target": -230.73108409762045, "params": {"k_pid_pos": [1.3885554450422086, 0.024859491386256316, 0.11401919133455096], "k_pid_alt": [1.2679502233621702, 0.8207116841117432, 0.016491258977649914], "k_pid_att": [17.813414374173632, 0.0032441649989051976, 0.3952346537588943], "k_pid_yaw": [0.5, 1e-06, 0.1], "k_pid_hsp": [1.0, 0.1531003758033771, 0.01], "k_pid_vsp": [150.0, 221.6078012742647, 1.0]}, "datetime": {"datetime": "2025-08-21 11:22:04", "elapsed": 9441.40364933014, "delta": 19.652305126190186}, "costs": {"total_cost": 230.73108409762045, "time_cost": 85.08, "final_distance_cost": 1.7599915104270556, "oscillation_cost": 54.579627971239596, "completition_cost": 0.0, "overshoot_cost": 55.018458913960266, "power_cost": 19.332808056640626, "noise_cost": 14.96019764535291, "n_waypoints_completed": 9, "tot_waypoints": 9}}
{"target": -1120.5029297404274, "params": {"k_pid_pos": [0.010462981495731612, 0.1279420475317411, 0.11401919133455096], "k_pid_alt": [1.2679502233621702, 0.0, 0.016491258977649914], "k_pid_att": [17.813414374173632, 9.597749245839971, 0.3366070335655168], "k_pid_yaw": [0.5, 1e-06, 0.1], "k_pid_hsp": [1.5353014571438959, 0.01, 0.01], "k_pid_vsp": [378.2079564087626, 355.21150340299164, 1.0]}, "datetime": {"datetime": "2025-08-21 11:22:27", "elapsed": 9463.996331691742, "delta": 22.592682361602783}, "costs": {"total_cost": 1120.5029297404274, "time_cost": 150, "final_distance_cost": 84.41569294362553, "oscillation_cost": 8.486762889446782, "completition_cost": 777.7777777777778, "overshoot_cost": 74.42985793580911, "power_cost": 12.846590344238281, "noise_cost": 12.546247849529692, "n_waypoints_completed": 2, "tot_waypoints": 9}}
{"target": -233.17274034644208, "params": {"k_pid_pos": [1.0566321499597533, 0.9765430134530636, 0.7181496364986464], "k_pid_alt": [1.2679502233621702, 0.0, 0.016491258977649914], "k_pid_att": [2.693576540878273, 0.0032441649989051976, 0.3952346537588943], "k_pid_yaw": [0.5, 1e-06, 0.1], "k_pid_hsp": [1.0, 0.1531003758033771, 0.01], "k_pid_vsp": [378.2079564087626, 355.21150340299164, 1.0]}, "datetime": {"datetime": "2025-08-21 11:22:49", "elapsed": 9485.527805805206, "delta": 21.531474113464355}, "costs": {"total_cost": 233.17274034644208, "time_cost": 93.52, "final_distance_cost": 1.7395436646344862, "oscillation_cost": 49.98243293498365, "completition_cost": 0.0, "overshoot_cost": 53.22901178574294, "power_cost": 18.710435485839845, "noise_cost": 15.991316475241174, "n_waypoints_completed": 9, "tot_waypoints": 9}}
{"target": -257.7358283908261, "params": {"k_pid_pos": [1.3885554450422086, 0.024859491386256316, 0.11401919133455096], "k_pid_alt": [1.2679502233621702, 0.0, 0.06527723447865985], "k_pid_att": [58.989274729095186, 7.284845820832624, 0.8739915892735461], "k_pid_yaw": [0.5, 1e-06, 0.1], "k_pid_hsp": [1.0, 0.1531003758033771, 0.01], "k_pid_vsp": [378.2079564087626, 355.21150340299164, 1.0]}, "datetime": {"datetime": "2025-08-21 11:23:10", "elapsed": 9507.434737682343, "delta": 21.90693187713623}, "costs": {"total_cost": 257.7358283908261, "time_cost": 94.808, "final_distance_cost": 1.7688589008341429, "oscillation_cost": 40.2156248508557, "completition_cost": 0.0, "overshoot_cost": 69.08859100114529, "power_cost": 28.57524324951172, "noise_cost": 23.279510388479245, "n_waypoints_completed": 9, "tot_waypoints": 9}}
