{"target": -205.0541129856146, "params": {"k_pid_pos": [1.1018186029961792, 0.05987593904989075, 0.40092638265648595], "k_pid_alt": [1.9160597436741602, 0.0, 0.06527723447865985], "k_pid_att": [25.463483275157817, 5.859554809351448, 0.8612643910736462], "k_pid_yaw": [0.5, 1e-06, 0.1], "k_pid_hsp": [0.09847755819799779, 0.08333843891839088, 0.0], "k_pid_vsp": [264.9966777379314, 304.1795245652576, 2.77343605205192]}, "datetime": {"datetime": "2025-08-12 03:41:06", "elapsed": 40545.859597206116, "delta": 19.490253448486328}, "costs": {"total_cost": 205.0541129856146, "time_cost": 71.953, "final_distance_cost": 1.8626159171736876, "oscillation_cost": 42.82557328965227, "completition_cost": 0.0, "overshoot_cost": 50.59833641879351, "power_cost": 15.641689807128907, "noise_cost": 22.17289755286623, "n_waypoints_completed": 9, "tot_waypoints": 9}}
{"target": -1539.9956098781947, "params": {"k_pid_pos": [1.0031316701085804, 0.5399861953611764, 0.40092638265648595], "k_pid_alt": [1.7297729984189598, 0.0, 0.06527723447865985], "k_pid_att": [54.227890723214855, 1.1166001057131414, 0.666719676683535], "k_pid_yaw": [0.5, 1e-06, 0.1], "k_pid_hsp": [0.09847755819799779, 0.8627093488844175, 0.02877061880178511], "k_pid_vsp": [264.9966777379314, 35.373638634020004, 352.1114971280501]}, "datetime": {"datetime": "2025-08-12 03:41:37", "elapsed": 40577.29508328438, "delta": 31.43548607826233}, "costs": {"total_cost": 1539.9956098781947, "time_cost": 150, "final_distance_cost": 13.413636733646673, "oscillation_cost": 61.421515276362584, "completition_cost": 1000.0, "overshoot_cost": 166.3409577664359, "power_cost": 30.04091706542969, "noise_cost": 118.77858303631987, "n_waypoints_completed": 0, "tot_waypoints": 9}}
{"target": -185.60342380189383, "params": {"k_pid_pos": [0.745422360986763, 0.024859491386256316, 0.40092638265648595], "k_pid_alt": [1.7297729984189598, 0.0, 0.06527723447865985], "k_pid_att": [25.463483275157817, 5.859554809351448, 0.39143200135910927], "k_pid_yaw": [0.5, 1e-06, 0.1], "k_pid_hsp": [0.09847755819799779, 0.011264223901387349, 0.0], "k_pid_vsp": [264.9966777379314, 285.19281182393763, 2.77343605205192]}, "datetime": {"datetime": "2025-08-12 03:41:55", "elapsed": 40595.18899512291, "delta": 17.893911838531494}, "costs": {"total_cost": 185.60342380189383, "time_cost": 72.527, "final_distance_cost": 1.8477285884123282, "oscillation_cost": 23.55151240366366, "completition_cost": 0.0, "overshoot_cost": 51.24824905686187, "power_cost": 14.462694592285157, "noise_cost": 21.966239160670813, "n_waypoints_completed": 9, "tot_waypoints": 9}}
{"target": -184.00726365743066, "params": {"k_pid_pos": [1.0031316701085804, 0.024859491386256316, 0.40092638265648595], "k_pid_alt": [1.7297729984189598, 0.0, 0.06527723447865985], "k_pid_att": [54.227890723214855, 5.859554809351448, 0.666719676683535], "k_pid_yaw": [0.5, 1e-06, 0.1], "k_pid_hsp": [0.09847755819799779, 0.011264223901387349, 0.0], "k_pid_vsp": [264.9966777379314, 261.48215325333564, 2.77343605205192]}, "datetime": {"datetime": "2025-08-12 03:42:13", "elapsed": 40613.111986637115, "delta": 17.922991514205933}, "costs": {"total_cost": 184.00726365743066, "time_cost": 70.049, "final_distance_cost": 1.8351996709187437, "oscillation_cost": 26.090516110307963, "completition_cost": 0.0, "overshoot_cost": 50.96375437229043, "power_cost": 14.19038895263672, "noise_cost": 20.8784045512768, "n_waypoints_completed": 9, "tot_waypoints": 9}}
{"target": -193.734892001846, "params": {"k_pid_pos": [1.0031316701085804, 0.024859491386256316, 0.37255195504867966], "k_pid_alt": [1.9160597436741602, 0.0, 0.38749705458809736], "k_pid_att": [54.227890723214855, 1.804321969363886, 0.8156350283449295], "k_pid_yaw": [0.5, 1e-06, 0.1], "k_pid_hsp": [2.453215942661283, 0.011264223901387349, 0.0], "k_pid_vsp": [264.9966777379314, 140.03862743104432, 2.77343605205192]}, "datetime": {"datetime": "2025-08-12 03:42:33", "elapsed": 40632.99971175194, "delta": 19.887725114822388}, "costs": {"total_cost": 193.734892001846, "time_cost": 71.918, "final_distance_cost": 1.8546538918802589, "oscillation_cost": 32.34574216619278, "completition_cost": 0.0, "overshoot_cost": 50.48556467641357, "power_cost": 15.009648022460938, "noise_cost": 22.121283244898436, "n_waypoints_completed": 9, "tot_waypoints": 9}}
{"target": -1673.466475190782, "params": {"k_pid_pos": [0.8368815531404513, 0.024859491386256316, 0.40092638265648595], "k_pid_alt": [1.7297729984189598, 0.0, 0.06527723447865985], "k_pid_att": [37.12179941719916, 2.2679823893077855, 0.666719676683535], "k_pid_yaw": [0.5, 1e-06, 0.1], "k_pid_hsp": [0.09847755819799779, 0.6008678616936128, 0.6228174586925861], "k_pid_vsp": [264.9966777379314, 304.1795245652576, 2.77343605205192]}, "datetime": {"datetime": "2025-08-12 03:43:06", "elapsed": 40665.550963163376, "delta": 32.55125141143799}, "costs": {"total_cost": 1673.466475190782, "time_cost": 150, "final_distance_cost": 27.570092888113813, "oscillation_cost": 754.890975708328, "completition_cost": 555.5555555555555, "overshoot_cost": 123.97035396358984, "power_cost": 31.09866324462891, "noise_cost": 30.380833830565994, "n_waypoints_completed": 4, "tot_waypoints": 9}}
{"target": -183.5801555382846, "params": {"k_pid_pos": [1.1018186029961792, 0.024859491386256316, 0.40092638265648595], "k_pid_alt": [1.9160597436741602, 0.0, 0.06527723447865985], "k_pid_att": [54.227890723214855, 5.859554809351448, 0.666719676683535], "k_pid_yaw": [0.5, 1e-06, 0.1], "k_pid_hsp": [0.09847755819799779, 0.011264223901387349, 0.0], "k_pid_vsp": [264.9966777379314, 140.03862743104432, 2.77343605205192]}, "datetime": {"datetime": "2025-08-12 03:43:23", "elapsed": 40683.04463624954, "delta": 17.493673086166382}, "costs": {"total_cost": 183.5801555382846, "time_cost": 69.965, "final_distance_cost": 1.8227691666527706, "oscillation_cost": 26.102132434124034, "completition_cost": 0.0, "overshoot_cost": 50.74293462586792, "power_cost": 14.183213159179688, "noise_cost": 20.76410615246018, "n_waypoints_completed": 9, "tot_waypoints": 9}}
{"target": -221.2723060556218, "params": {"k_pid_pos": [1.0031316701085804, 0.024859491386256316, 0.40092638265648595], "k_pid_alt": [0.6761219750250387, 0.0, 0.06527723447865985], "k_pid_att": [54.227890723214855, 5.859554809351448, 0.666719676683535], "k_pid_yaw": [0.5, 1e-06, 0.1], "k_pid_hsp": [0.09847755819799779, 0.011264223901387349, 0.021852886903339197], "k_pid_vsp": [264.9966777379314, 304.1795245652576, 2.77343605205192]}, "datetime": {"datetime": "2025-08-12 03:43:44", "elapsed": 40704.33488202095, "delta": 21.29024577140808}, "costs": {"total_cost": 221.2723060556218, "time_cost": 78.022, "final_distance_cost": 1.8308822047679056, "oscillation_cost": 50.75939255113252, "completition_cost": 0.0, "overshoot_cost": 52.008432576657064, "power_cost": 16.14830450439453, "noise_cost": 22.503294218669776, "n_waypoints_completed": 9, "tot_waypoints": 9}}
{"target": -183.40650810902693, "params": {"k_pid_pos": [1.0031316701085804, 0.024859491386256316, 0.40092638265648595], "k_pid_alt": [1.9160597436741602, 0.0, 0.053878507660848673], "k_pid_att": [37.12179941719916, 1.9360914828558924, 0.666719676683535], "k_pid_yaw": [0.5, 1e-06, 0.1], "k_pid_hsp": [0.09847755819799779, 0.011264223901387349, 0.0], "k_pid_vsp": [104.30040172718557, 140.03862743104432, 2.77343605205192]}, "datetime": {"datetime": "2025-08-12 03:44:02", "elapsed": 40721.72286939621, "delta": 17.3879873752594}, "costs": {"total_cost": 183.40650810902693, "time_cost": 70.147, "final_distance_cost": 1.8402082989413888, "oscillation_cost": 25.423183779003363, "completition_cost": 0.0, "overshoot_cost": 50.95706298405909, "power_cost": 14.240452270507813, "noise_cost": 20.79860077651529, "n_waypoints_completed": 9, "tot_waypoints": 9}}
{"target": -203.54500570967048, "params": {"k_pid_pos": [1.0031316701085804, 0.16784794688345817, 0.22876272759744842], "k_pid_alt": [1.7297729984189598, 0.0, 0.06527723447865985], "k_pid_att": [25.463483275157817, 5.859554809351448, 0.666719676683535], "k_pid_yaw": [0.5, 1e-06, 0.1], "k_pid_hsp": [9.459965195844077, 0.011264223901387349, 0.0], "k_pid_vsp": [264.9966777379314, 304.1795245652576, 2.77343605205192]}, "datetime": {"datetime": "2025-08-12 03:44:21", "elapsed": 40741.07982254028, "delta": 19.356953144073486}, "costs": {"total_cost": 203.54500570967048, "time_cost": 71.029, "final_distance_cost": 1.8275159506997798, "oscillation_cost": 42.952151769529955, "completition_cost": 0.0, "overshoot_cost": 50.94497980169339, "power_cost": 15.20982822265625, "noise_cost": 21.581529965091093, "n_waypoints_completed": 9, "tot_waypoints": 9}}
{"target": -216.94344316058647, "params": {"k_pid_pos": [1.0031316701085804, 0.024859491386256316, 0.40092638265648595], "k_pid_alt": [1.7297729984189598, 0.18035720786275955, 0.06527723447865985], "k_pid_att": [54.227890723214855, 5.859554809351448, 0.49142852894840106], "k_pid_yaw": [0.5, 1e-06, 0.1], "k_pid_hsp": [0.09847755819799779, 0.011264223901387349, 0.0], "k_pid_vsp": [17.584127766920332, 304.1795245652576, 2.77343605205192]}, "datetime": {"datetime": "2025-08-12 03:44:43", "elapsed": 40763.01303577423, "delta": 21.933213233947754}, "costs": {"total_cost": 216.94344316058647, "time_cost": 87.143, "final_distance_cost": 1.7536339990726535, "oscillation_cost": 33.09072201841023, "completition_cost": 0.0, "overshoot_cost": 53.24387101347143, "power_cost": 19.96775352783203, "noise_cost": 21.74446260180013, "n_waypoints_completed": 9, "tot_waypoints": 9}}
{"target": -183.63952316017665, "params": {"k_pid_pos": [1.0031316701085804, 0.024859491386256316, 0.40092638265648595], "k_pid_alt": [1.7297729984189598, 0.0, 0.06527723447865985], "k_pid_att": [25.463483275157817, 6.395338907395326, 0.666719676683535], "k_pid_yaw": [0.5, 1e-06, 0.1], "k_pid_hsp": [0.09847755819799779, 0.011264223901387349, 0.0], "k_pid_vsp": [264.9966777379314, 140.03862743104432, 2.77343605205192]}, "datetime": {"datetime": "2025-08-12 03:45:03", "elapsed": 40782.80244541168, "delta": 19.789409637451172}, "costs": {"total_cost": 183.63952316017665, "time_cost": 70.105, "final_distance_cost": 1.8237544073872058, "oscillation_cost": 25.859601015671934, "completition_cost": 0.0, "overshoot_cost": 50.79589774533782, "power_cost": 14.16961102294922, "noise_cost": 20.885658968830487, "n_waypoints_completed": 9, "tot_waypoints": 9}}
{"target": -183.29173873452203, "params": {"k_pid_pos": [1.0031316701085804, 0.024859491386256316, 0.40092638265648595], "k_pid_alt": [1.7297729984189598, 0.0, 0.06527723447865985], "k_pid_att": [25.463483275157817, 5.859554809351448, 0.666719676683535], "k_pid_yaw": [0.5, 1e-06, 0.1], "k_pid_hsp": [0.09847755819799779, 0.011264223901387349, 0.0], "k_pid_vsp": [264.9966777379314, 304.1795245652576, 2.77343605205192]}, "datetime": {"datetime": "2025-08-12 03:45:21", "elapsed": 40800.44460487366, "delta": 17.642159461975098}, "costs": {"total_cost": 183.29173873452203, "time_cost": 69.958, "final_distance_cost": 1.827688998091301, "oscillation_cost": 26.089405561688785, "completition_cost": 0.0, "overshoot_cost": 50.5115138962055, "power_cost": 14.168877612304689, "noise_cost": 20.73625266623174, "n_waypoints_completed": 9, "tot_waypoints": 9}}
{"target": -183.29173873452203, "params": {"k_pid_pos": [1.0031316701085804, 0.024859491386256316, 0.40092638265648595], "k_pid_alt": [1.7297729984189598, 0.0, 0.06527723447865985], "k_pid_att": [25.463483275157817, 5.859554809351448, 0.666719676683535], "k_pid_yaw": [0.5, 1e-06, 0.1], "k_pid_hsp": [0.09847755819799779, 0.011264223901387349, 0.0], "k_pid_vsp": [264.9966777379314, 304.1795245652576, 2.77343605205192]}, "datetime": {"datetime": "2025-08-12 03:45:40", "elapsed": 40819.52267122269, "delta": 19.07806634902954}, "costs": {"total_cost": 183.29173873452203, "time_cost": 69.958, "final_distance_cost": 1.827688998091301, "oscillation_cost": 26.089405561688785, "completition_cost": 0.0, "overshoot_cost": 50.5115138962055, "power_cost": 14.168877612304689, "noise_cost": 20.73625266623174, "n_waypoints_completed": 9, "tot_waypoints": 9}}
{"target": -183.37223372215468, "params": {"k_pid_pos": [1.0031316701085804, 0.024859491386256316, 0.40092638265648595], "k_pid_alt": [1.7297729984189598, 0.0, 0.06527723447865985], "k_pid_att": [37.12179941719916, 1.9360914828558924, 0.666719676683535], "k_pid_yaw": [0.5, 1e-06, 0.1], "k_pid_hsp": [0.09847755819799779, 0.011264223901387349, 0.0], "k_pid_vsp": [264.9966777379314, 140.03862743104432, 2.77343605205192]}, "datetime": {"datetime": "2025-08-12 03:45:57", "elapsed": 40836.97292137146, "delta": 17.450250148773193}, "costs": {"total_cost": 183.37223372215468, "time_cost": 70.133, "final_distance_cost": 1.8156517820988298, "oscillation_cost": 25.573876356731372, "completition_cost": 0.0, "overshoot_cost": 50.74693462552331, "power_cost": 14.186826428222657, "noise_cost": 20.915944529578535, "n_waypoints_completed": 9, "tot_waypoints": 9}}
{"target": -201.38907211925593, "params": {"k_pid_pos": [1.0031316701085804, 0.3411092443975692, 0.40092638265648595], "k_pid_alt": [1.7297729984189598, 0.5060913439420335, 0.06527723447865985], "k_pid_att": [25.463483275157817, 2.883280065129859, 0.666719676683535], "k_pid_yaw": [0.5, 1e-06, 0.1], "k_pid_hsp": [0.09847755819799779, 0.011264223901387349, 0.0], "k_pid_vsp": [264.9966777379314, 261.48215325333564, 2.77343605205192]}, "datetime": {"datetime": "2025-08-12 03:46:19", "elapsed": 40859.31391596794, "delta": 22.340994596481323}, "costs": {"total_cost": 201.38907211925593, "time_cost": 80.395, "final_distance_cost": 1.7497451838876634, "oscillation_cost": 28.891755240229166, "completition_cost": 0.0, "overshoot_cost": 51.39999519661036, "power_cost": 16.01699725341797, "noise_cost": 22.93557924511075, "n_waypoints_completed": 9, "tot_waypoints": 9}}
{"target": -245.4783807567585, "params": {"k_pid_pos": [0.2959412970898158, 0.024859491386256316, 0.37255195504867966], "k_pid_alt": [1.9160597436741602, 0.0, 0.06527723447865985], "k_pid_att": [54.227890723214855, 5.859554809351448, 0.666719676683535], "k_pid_yaw": [0.5, 1e-06, 0.1], "k_pid_hsp": [0.09847755819799779, 0.011264223901387349, 0.0], "k_pid_vsp": [264.9966777379314, 304.1795245652576, 2.77343605205192]}, "datetime": {"datetime": "2025-08-12 03:46:48", "elapsed": 40887.426980257034, "delta": 28.113064289093018}, "costs": {"total_cost": 245.4783807567585, "time_cost": 111.286, "final_distance_cost": 1.8610810467300665, "oscillation_cost": 15.198673569380292, "completition_cost": 0.0, "overshoot_cost": 57.95330694736448, "power_cost": 20.662174438476562, "noise_cost": 38.51714475480709, "n_waypoints_completed": 9, "tot_waypoints": 9}}
{"target": -183.67158943180888, "params": {"k_pid_pos": [1.0031316701085804, 0.024859491386256316, 0.416330797462678], "k_pid_alt": [1.7297729984189598, 0.0, 0.06527723447865985], "k_pid_att": [25.463483275157817, 5.859554809351448, 0.666719676683535], "k_pid_yaw": [0.5, 1e-06, 0.1], "k_pid_hsp": [0.09847755819799779, 0.011264223901387349, 0.0], "k_pid_vsp": [371.8706581382205, 304.1795245652576, 2.77343605205192]}, "datetime": {"datetime": "2025-08-12 03:47:05", "elapsed": 40905.308245658875, "delta": 17.88126540184021}, "costs": {"total_cost": 183.67158943180888, "time_cost": 70.049, "final_distance_cost": 1.8189219889042012, "oscillation_cost": 25.884060008209808, "completition_cost": 0.0, "overshoot_cost": 50.932079065277506, "power_cost": 14.115571130371094, "noise_cost": 20.871957239046232, "n_waypoints_completed": 9, "tot_waypoints": 9}}
{"target": -183.29173873452203, "params": {"k_pid_pos": [1.0031316701085804, 0.024859491386256316, 0.40092638265648595], "k_pid_alt": [1.7297729984189598, 0.0, 0.06527723447865985], "k_pid_att": [25.463483275157817, 5.859554809351448, 0.666719676683535], "k_pid_yaw": [0.5, 1e-06, 0.1], "k_pid_hsp": [0.09847755819799779, 0.011264223901387349, 0.0], "k_pid_vsp": [264.9966777379314, 304.1795245652576, 2.77343605205192]}, "datetime": {"datetime": "2025-08-12 03:47:23", "elapsed": 40923.1426012516, "delta": 17.83435559272766}, "costs": {"total_cost": 183.29173873452203, "time_cost": 69.958, "final_distance_cost": 1.827688998091301, "oscillation_cost": 26.089405561688785, "completition_cost": 0.0, "overshoot_cost": 50.5115138962055, "power_cost": 14.168877612304689, "noise_cost": 20.73625266623174, "n_waypoints_completed": 9, "tot_waypoints": 9}}
{"target": -1689.4328403648733, "params": {"k_pid_pos": [1.0031316701085804, 0.024859491386256316, 0.6827225777580423], "k_pid_alt": [1.9160597436741602, 0.0, 0.06527723447865985], "k_pid_att": [54.227890723214855, 5.859554809351448, 0.666719676683535], "k_pid_yaw": [0.5, 1e-06, 0.1], "k_pid_hsp": [0.09847755819799779, 0.011264223901387349, 0.13620685733804982], "k_pid_vsp": [264.9966777379314, 304.1795245652576, 2.77343605205192]}, "datetime": {"datetime": "2025-08-12 03:47:55", "elapsed": 40955.069912433624, "delta": 31.927311182022095}, "costs": {"total_cost": 1689.4328403648733, "time_cost": 150, "final_distance_cost": 37.74023648022975, "oscillation_cost": 779.8693385262793, "completition_cost": 555.5555555555555, "overshoot_cost": 102.89071889653763, "power_cost": 33.504027770996096, "noise_cost": 29.872963135274816, "n_waypoints_completed": 4, "tot_waypoints": 9}}
{"target": -183.55271178816128, "params": {"k_pid_pos": [1.0031316701085804, 0.024859491386256316, 0.40092638265648595], "k_pid_alt": [1.7297729984189598, 0.0, 0.19998319442575607], "k_pid_att": [54.227890723214855, 2.1368568635634517, 0.666719676683535], "k_pid_yaw": [0.5, 1e-06, 0.1], "k_pid_hsp": [0.09847755819799779, 0.011264223901387349, 0.0], "k_pid_vsp": [264.9966777379314, 261.48215325333564, 2.77343605205192]}, "datetime": {"datetime": "2025-08-12 03:48:14", "elapsed": 40974.37351465225, "delta": 19.30360221862793}, "costs": {"total_cost": 183.55271178816128, "time_cost": 70.154, "final_distance_cost": 1.8388399137442213, "oscillation_cost": 25.810582701552832, "completition_cost": 0.0, "overshoot_cost": 50.75843517026808, "power_cost": 14.250105895996095, "noise_cost": 20.74074810660005, "n_waypoints_completed": 9, "tot_waypoints": 9}}
{"target": -222.85579414109205, "params": {"k_pid_pos": [1.0031316701085804, 0.7329416078373059, 0.40092638265648595], "k_pid_alt": [1.9160597436741602, 0.0, 0.053878507660848673], "k_pid_att": [37.12179941719916, 1.9360914828558924, 0.666719676683535], "k_pid_yaw": [0.5, 1e-06, 0.1], "k_pid_hsp": [0.09847755819799779, 0.011264223901387349, 0.0], "k_pid_vsp": [247.62506162993122, 261.48215325333564, 2.77343605205192]}, "datetime": {"datetime": "2025-08-12 03:48:37", "elapsed": 40996.736713171005, "delta": 22.36319851875305}, "costs": {"total_cost": 222.85579414109205, "time_cost": 86.002, "final_distance_cost": 1.7483990883261273, "oscillation_cost": 35.726525161055235, "completition_cost": 0.0, "overshoot_cost": 55.5084083406812, "power_cost": 18.053949182128907, "noise_cost": 25.816512368900568, "n_waypoints_completed": 9, "tot_waypoints": 9}}
{"target": -183.93690449209748, "params": {"k_pid_pos": [1.0031316701085804, 0.024859491386256316, 0.40092638265648595], "k_pid_alt": [1.7297729984189598, 0.0, 0.06527723447865985], "k_pid_att": [37.12179941719916, 1.9360914828558924, 0.261380462049589], "k_pid_yaw": [0.5, 1e-06, 0.1], "k_pid_hsp": [0.09847755819799779, 0.011264223901387349, 0.0], "k_pid_vsp": [104.30040172718557, 140.03862743104432, 2.77343605205192]}, "datetime": {"datetime": "2025-08-12 03:48:54", "elapsed": 41014.208574295044, "delta": 17.471861124038696}, "costs": {"total_cost": 183.93690449209748, "time_cost": 70.035, "final_distance_cost": 1.8266783507593207, "oscillation_cost": 26.2119499951653, "completition_cost": 0.0, "overshoot_cost": 50.77378962677601, "power_cost": 14.210572155761719, "noise_cost": 20.87891436363514, "n_waypoints_completed": 9, "tot_waypoints": 9}}
{"target": -183.89026890453152, "params": {"k_pid_pos": [1.0031316701085804, 0.024859491386256316, 0.40092638265648595], "k_pid_alt": [1.7297729984189598, 0.0, 0.06527723447865985], "k_pid_att": [54.227890723214855, 1.1166001057131414, 0.666719676683535], "k_pid_yaw": [0.5, 1e-06, 0.1], "k_pid_hsp": [0.09847755819799779, 0.011264223901387349, 0.0], "k_pid_vsp": [264.9966777379314, 304.1795245652576, 2.77343605205192]}, "datetime": {"datetime": "2025-08-12 03:49:13", "elapsed": 41032.69787859917, "delta": 18.489304304122925}, "costs": {"total_cost": 183.89026890453152, "time_cost": 70.056, "final_distance_cost": 1.8212002505768736, "oscillation_cost": 25.963000373875396, "completition_cost": 0.0, "overshoot_cost": 51.00465658416555, "power_cost": 14.198976818847656, "noise_cost": 20.846434877066024, "n_waypoints_completed": 9, "tot_waypoints": 9}}
{"target": -543.6495136520211, "params": {"k_pid_pos": [1.0031316701085804, 0.024859491386256316, 0.40092638265648595], "k_pid_alt": [1.7297729984189598, 0.0, 0.529244519518045], "k_pid_att": [20.83699032574321, 5.642133202559823, 0.666719676683535], "k_pid_yaw": [0.5, 1e-06, 0.1], "k_pid_hsp": [0.09847755819799779, 0.5521287893390326, 0.0], "k_pid_vsp": [264.9966777379314, 304.1795245652576, 2.77343605205192]}, "datetime": {"datetime": "2025-08-12 03:49:43", "elapsed": 41062.888077020645, "delta": 30.19019842147827}, "costs": {"total_cost": 543.6495136520211, "time_cost": 150, "final_distance_cost": 3.3519325000301676, "oscillation_cost": 132.68193235740614, "completition_cost": 111.11111111111116, "overshoot_cost": 74.41217978170137, "power_cost": 33.047328820800786, "noise_cost": 39.04502908097156, "n_waypoints_completed": 8, "tot_waypoints": 9}}
