{"target": -188.90343081576887, "params": {"k_pid_pos": [0.9203224573796739, 0.024859491386256316, 0.40092638265648595], "k_pid_alt": [0.628485956049549, 0.0, 0.06527723447865985], "k_pid_att": [24.0942673894178, 0.18205753750414305, 0.8792759721912583], "k_pid_yaw": [0.5, 1e-06, 0.1], "k_pid_hsp": [0.09847755819799779, 0.011264223901387349, 0.0], "k_pid_vsp": [292.94687076665593, 307.0029666248519, 40.70050142659987]}, "datetime": {"datetime": "2025-08-11 22:26:56", "elapsed": 21695.982233047485, "delta": 19.038214683532715}, "costs": {"total_cost": 188.90343081576887, "time_cost": 74.08800000000001, "final_distance_cost": 1.8355120185102702, "oscillation_cost": 25.31099409152033, "completition_cost": 0.0, "overshoot_cost": 50.69084307367416, "power_cost": 18.878382165527345, "noise_cost": 18.09969946653676, "n_waypoints_completed": 9, "tot_waypoints": 9}}
{"target": -215.16087889873302, "params": {"k_pid_pos": [0.9203224573796739, 0.024859491386256316, 0.6250867496839783], "k_pid_alt": [1.2679502233621702, 0.0, 0.06527723447865985], "k_pid_att": [24.0942673894178, 8.155928685054894, 0.8792759721912583], "k_pid_yaw": [0.5, 1e-06, 0.1], "k_pid_hsp": [0.09847755819799779, 0.10775848190462489, 0.0], "k_pid_vsp": [243.1792825771628, 307.0029666248519, 21.011196465382298]}, "datetime": {"datetime": "2025-08-11 22:27:15", "elapsed": 21715.34898018837, "delta": 19.3667471408844}, "costs": {"total_cost": 215.16087889873302, "time_cost": 77.7, "final_distance_cost": 1.8566593698616891, "oscillation_cost": 43.353975375726584, "completition_cost": 0.0, "overshoot_cost": 51.040068704195754, "power_cost": 20.299067248535156, "noise_cost": 20.911108200413814, "n_waypoints_completed": 9, "tot_waypoints": 9}}
{"target": -192.5484164156161, "params": {"k_pid_pos": [1.0031316701085804, 0.024859491386256316, 0.6700465318131316], "k_pid_alt": [0.614459765579936, 0.0, 0.06527723447865985], "k_pid_att": [61.795368877988686, 0.18205753750414305, 0.8792759721912583], "k_pid_yaw": [0.5, 1e-06, 0.1], "k_pid_hsp": [0.09847755819799779, 0.011264223901387349, 0.0], "k_pid_vsp": [314.5274741819034, 307.0029666248519, 40.70050142659987]}, "datetime": {"datetime": "2025-08-11 22:27:35", "elapsed": 21734.83132648468, "delta": 19.482346296310425}, "costs": {"total_cost": 192.5484164156161, "time_cost": 75.97800000000001, "final_distance_cost": 1.8433051709278367, "oscillation_cost": 25.269749300673055, "completition_cost": 0.0, "overshoot_cost": 51.22398101669471, "power_cost": 19.524573486328126, "noise_cost": 18.708807440992345, "n_waypoints_completed": 9, "tot_waypoints": 9}}
{"target": -191.178638347248, "params": {"k_pid_pos": [0.9203224573796739, 0.024859491386256316, 0.7684864802628129], "k_pid_alt": [1.2679502233621702, 0.0, 0.06527723447865985], "k_pid_att": [24.0942673894178, 0.18205753750414305, 0.5315175384971502], "k_pid_yaw": [0.5, 1e-06, 0.1], "k_pid_hsp": [0.09847755819799779, 0.011264223901387349, 0.0], "k_pid_vsp": [292.94687076665593, 307.0029666248519, 21.011196465382298]}, "datetime": {"datetime": "2025-08-11 22:27:55", "elapsed": 21754.64724588394, "delta": 19.815919399261475}, "costs": {"total_cost": 191.178638347248, "time_cost": 75.145, "final_distance_cost": 1.849321074879227, "oscillation_cost": 24.595157712394716, "completition_cost": 0.0, "overshoot_cost": 51.377944701448314, "power_cost": 18.990461645507814, "noise_cost": 19.220753213017925, "n_waypoints_completed": 9, "tot_waypoints": 9}}
{"target": -185.186347567312, "params": {"k_pid_pos": [1.097674141165482, 0.024859491386256316, 0.40092638265648595], "k_pid_alt": [1.2679502233621702, 0.0, 0.1132575830732897], "k_pid_att": [24.0942673894178, 0.18205753750414305, 0.8792759721912583], "k_pid_yaw": [0.5, 1e-06, 0.1], "k_pid_hsp": [0.09847755819799779, 0.011264223901387349, 0.0], "k_pid_vsp": [292.94687076665593, 307.0029666248519, 62.564861685850005]}, "datetime": {"datetime": "2025-08-11 22:28:12", "elapsed": 21772.275709867477, "delta": 17.628463983535767}, "costs": {"total_cost": 185.186347567312, "time_cost": 70.35000000000001, "final_distance_cost": 1.8245310468091578, "oscillation_cost": 26.27392726402073, "completition_cost": 0.0, "overshoot_cost": 50.84220370297238, "power_cost": 18.243405200195312, "noise_cost": 17.652280353314435, "n_waypoints_completed": 9, "tot_waypoints": 9}}
{"target": -380.2384194427366, "params": {"k_pid_pos": [1.0031316701085804, 0.024859491386256316, 0.40092638265648595], "k_pid_alt": [1.2679502233621702, 0.0, 0.06527723447865985], "k_pid_att": [24.0942673894178, 0.18205753750414305, 0.8792759721912583], "k_pid_yaw": [0.5, 1e-06, 0.1], "k_pid_hsp": [0.09847755819799779, 0.858965453560144, 0.43279329087118723], "k_pid_vsp": [292.94687076665593, 307.0029666248519, 21.011196465382298]}, "datetime": {"datetime": "2025-08-11 22:28:34", "elapsed": 21794.292190551758, "delta": 22.016480684280396}, "costs": {"total_cost": 380.2384194427366, "time_cost": 85.06400000000001, "final_distance_cost": 1.7430386463612935, "oscillation_cost": 178.95952150737142, "completition_cost": 0.0, "overshoot_cost": 66.36845213264061, "power_cost": 24.38127333984375, "noise_cost": 23.722133816519516, "n_waypoints_completed": 9, "tot_waypoints": 9}}
{"target": -190.03520448570978, "params": {"k_pid_pos": [1.9176378968916694, 0.024859491386256316, 0.40092638265648595], "k_pid_alt": [1.2679502233621702, 0.0, 0.06527723447865985], "k_pid_att": [24.0942673894178, 3.7802132718527557, 0.8792759721912583], "k_pid_yaw": [0.5, 1e-06, 0.1], "k_pid_hsp": [0.09847755819799779, 0.011264223901387349, 0.0], "k_pid_vsp": [342.13188953727393, 307.0029666248519, 62.564861685850005]}, "datetime": {"datetime": "2025-08-11 22:28:52", "elapsed": 21812.110991477966, "delta": 17.818800926208496}, "costs": {"total_cost": 190.03520448570978, "time_cost": 69.944, "final_distance_cost": 1.7602789575723528, "oscillation_cost": 31.194047132937207, "completition_cost": 0.0, "overshoot_cost": 51.29273853277271, "power_cost": 18.23536199951172, "noise_cost": 17.608777862915794, "n_waypoints_completed": 9, "tot_waypoints": 9}}
{"target": -219.11700428555562, "params": {"k_pid_pos": [0.9203224573796739, 0.024859491386256316, 0.40092638265648595], "k_pid_alt": [1.0758040455100186, 0.0, 0.7558934151415505], "k_pid_att": [24.0942673894178, 9.805203151556048, 0.8792759721912583], "k_pid_yaw": [0.5, 1e-06, 0.1], "k_pid_hsp": [7.4893234616987066, 0.011264223901387349, 0.0], "k_pid_vsp": [292.94687076665593, 307.0029666248519, 21.011196465382298]}, "datetime": {"datetime": "2025-08-11 22:29:12", "elapsed": 21831.93150448799, "delta": 19.820513010025024}, "costs": {"total_cost": 219.11700428555562, "time_cost": 79.632, "final_distance_cost": 1.8484813909508038, "oscillation_cost": 45.844913351004664, "completition_cost": 0.0, "overshoot_cost": 50.92603903168251, "power_cost": 20.45161407470703, "noise_cost": 20.413956437210604, "n_waypoints_completed": 9, "tot_waypoints": 9}}
{"target": -184.960074577164, "params": {"k_pid_pos": [1.0031316701085804, 0.024859491386256316, 0.40092638265648595], "k_pid_alt": [1.2679502233621702, 0.0, 0.06527723447865985], "k_pid_att": [24.0942673894178, 0.18205753750414305, 0.9456905697425194], "k_pid_yaw": [0.5, 1e-06, 0.1], "k_pid_hsp": [0.09847755819799779, 0.011264223901387349, 0.0], "k_pid_vsp": [284.5460512203246, 307.0029666248519, 62.564861685850005]}, "datetime": {"datetime": "2025-08-11 22:29:30", "elapsed": 21849.966453552246, "delta": 18.03494906425476}, "costs": {"total_cost": 184.960074577164, "time_cost": 70.658, "final_distance_cost": 1.8182581090473475, "oscillation_cost": 25.271141402965018, "completition_cost": 0.0, "overshoot_cost": 51.140969053297944, "power_cost": 18.373386560058595, "noise_cost": 17.698319451795083, "n_waypoints_completed": 9, "tot_waypoints": 9}}
{"target": -1332.0022322453358, "params": {"k_pid_pos": [1.0031316701085804, 0.024859491386256316, 0.40092638265648595], "k_pid_alt": [1.2679502233621702, 0.0, 0.06527723447865985], "k_pid_att": [24.0942673894178, 1.6495257412180862, 0.8792759721912583], "k_pid_yaw": [0.5, 1e-06, 0.1], "k_pid_hsp": [0.09847755819799779, 0.011264223901387349, 0.7654625011543671], "k_pid_vsp": [292.94687076665593, 307.0029666248519, 21.011196465382298]}, "datetime": {"datetime": "2025-08-11 22:30:00", "elapsed": 21880.2178504467, "delta": 30.251396894454956}, "costs": {"total_cost": 1332.0022322453358, "time_cost": 150, "final_distance_cost": 40.07537611286221, "oscillation_cost": 432.29159675667177, "completition_cost": 555.5555555555555, "overshoot_cost": 95.51541102855323, "power_cost": 30.948627685546878, "noise_cost": 27.615665106146018, "n_waypoints_completed": 4, "tot_waypoints": 9}}
{"target": -191.29419000631, "params": {"k_pid_pos": [1.8249217336243428, 0.024859491386256316, 0.40092638265648595], "k_pid_alt": [1.2679502233621702, 0.0, 0.5609487008588433], "k_pid_att": [24.0942673894178, 0.18205753750414305, 0.8792759721912583], "k_pid_yaw": [0.5, 1e-06, 0.1], "k_pid_hsp": [0.09847755819799779, 0.011264223901387349, 0.0], "k_pid_vsp": [292.94687076665593, 307.0029666248519, 21.011196465382298]}, "datetime": {"datetime": "2025-08-11 22:30:18", "elapsed": 21898.147696971893, "delta": 17.92984652519226}, "costs": {"total_cost": 191.29419000631, "time_cost": 71.099, "final_distance_cost": 1.7832041047732863, "oscillation_cost": 31.196446828458097, "completition_cost": 0.0, "overshoot_cost": 50.9555275041057, "power_cost": 18.44024744873047, "noise_cost": 17.819764120242446, "n_waypoints_completed": 9, "tot_waypoints": 9}}
{"target": -229.86502067263902, "params": {"k_pid_pos": [1.0031316701085804, 0.697934074851641, 0.40092638265648595], "k_pid_alt": [1.7286757789009397, 0.0, 0.5100217929712108], "k_pid_att": [24.0942673894178, 0.18205753750414305, 0.8792759721912583], "k_pid_yaw": [0.5, 1e-06, 0.1], "k_pid_hsp": [0.09847755819799779, 0.011264223901387349, 0.0], "k_pid_vsp": [200.4106445826773, 307.0029666248519, 62.564861685850005]}, "datetime": {"datetime": "2025-08-11 22:30:41", "elapsed": 21921.132604599, "delta": 22.984907627105713}, "costs": {"total_cost": 229.86502067263902, "time_cost": 90.69200000000001, "final_distance_cost": 1.7412314813366951, "oscillation_cost": 35.643699048907, "completition_cost": 0.0, "overshoot_cost": 55.950525428187284, "power_cost": 23.70067839355469, "noise_cost": 22.13688632065332, "n_waypoints_completed": 9, "tot_waypoints": 9}}
{"target": -1134.9677881202551, "params": {"k_pid_pos": [1.0031316701085804, 0.024859491386256316, 0.40092638265648595], "k_pid_alt": [1.2679502233621702, 0.16989289907805827, 0.06527723447865985], "k_pid_att": [24.0942673894178, 2.7854752863535532, 0.8792759721912583], "k_pid_yaw": [0.5, 1e-06, 0.1], "k_pid_hsp": [0.09847755819799779, 0.790428919704766, 0.0], "k_pid_vsp": [292.94687076665593, 307.0029666248519, 21.011196465382298]}, "datetime": {"datetime": "2025-08-11 22:31:14", "elapsed": 21953.699817419052, "delta": 32.5672128200531}, "costs": {"total_cost": 1134.9677881202551, "time_cost": 150, "final_distance_cost": 52.03138511539722, "oscillation_cost": 127.70937327539562, "completition_cost": 666.6666666666667, "overshoot_cost": 69.12232389929807, "power_cost": 35.59972071533203, "noise_cost": 33.83831844816543, "n_waypoints_completed": 3, "tot_waypoints": 9}}
{"target": -806.4067036965345, "params": {"k_pid_pos": [1.0031316701085804, 0.024859491386256316, 0.40092638265648595], "k_pid_alt": [1.2679502233621702, 0.0, 0.06527723447865985], "k_pid_att": [24.0942673894178, 0.18205753750414305, 0.9198411261756897], "k_pid_yaw": [0.5, 1e-06, 0.1], "k_pid_hsp": [0.09847755819799779, 0.8689889919788425, 0.0], "k_pid_vsp": [200.4106445826773, 307.0029666248519, 62.564861685850005]}, "datetime": {"datetime": "2025-08-11 22:31:44", "elapsed": 21984.226952791214, "delta": 30.527135372161865}, "costs": {"total_cost": 806.4067036965345, "time_cost": 150, "final_distance_cost": 53.48886356572302, "oscillation_cost": 123.0822154480244, "completition_cost": 333.33333333333337, "overshoot_cost": 77.43817302506154, "power_cost": 35.925346350097655, "noise_cost": 33.13877197429443, "n_waypoints_completed": 6, "tot_waypoints": 9}}
{"target": -1526.241285200356, "params": {"k_pid_pos": [1.0031316701085804, 0.5036219658208284, 0.40092638265648595], "k_pid_alt": [0.8744704392108862, 0.0, 0.06527723447865985], "k_pid_att": [24.0942673894178, 7.854188694186073, 0.8792759721912583], "k_pid_yaw": [0.5, 1e-06, 0.1], "k_pid_hsp": [0.09847755819799779, 0.011264223901387349, 0.9639147656713813], "k_pid_vsp": [292.94687076665593, 307.0029666248519, 62.564861685850005]}, "datetime": {"datetime": "2025-08-11 22:32:15", "elapsed": 22014.912076711655, "delta": 30.685123920440674}, "costs": {"total_cost": 1526.241285200356, "time_cost": 150, "final_distance_cost": 95.34114296052883, "oscillation_cost": 410.5424349749874, "completition_cost": 666.6666666666667, "overshoot_cost": 146.2364681487523, "power_cost": 30.176091906738282, "noise_cost": 27.278480542682647, "n_waypoints_completed": 3, "tot_waypoints": 9}}
{"target": -184.78791172137772, "params": {"k_pid_pos": [1.0031316701085804, 0.024859491386256316, 0.40092638265648595], "k_pid_alt": [1.2679502233621702, 0.0, 0.06527723447865985], "k_pid_att": [24.0942673894178, 9.361900037196328, 0.8792759721912583], "k_pid_yaw": [0.5, 1e-06, 0.1], "k_pid_hsp": [0.09847755819799779, 0.011264223901387349, 0.0], "k_pid_vsp": [292.94687076665593, 307.0029666248519, 62.564861685850005]}, "datetime": {"datetime": "2025-08-11 22:32:33", "elapsed": 22032.763602495193, "delta": 17.85152578353882}, "costs": {"total_cost": 184.78791172137772, "time_cost": 70.623, "final_distance_cost": 1.8331081792126154, "oscillation_cost": 25.970471393522907, "completition_cost": 0.0, "overshoot_cost": 50.654071037942686, "power_cost": 18.11845576171875, "noise_cost": 17.588805348980785, "n_waypoints_completed": 9, "tot_waypoints": 9}}
{"target": -210.22085657036394, "params": {"k_pid_pos": [1.3900759998601437, 0.024859491386256316, 0.028311350137035673], "k_pid_alt": [1.2679502233621702, 0.0, 0.06527723447865985], "k_pid_att": [24.0942673894178, 6.288329032858508, 0.8792759721912583], "k_pid_yaw": [0.5, 1e-06, 0.1], "k_pid_hsp": [9.890472764092106, 0.011264223901387349, 0.0], "k_pid_vsp": [376.5747392387296, 307.0029666248519, 62.564861685850005]}, "datetime": {"datetime": "2025-08-11 22:32:51", "elapsed": 22050.986005306244, "delta": 18.222402811050415}, "costs": {"total_cost": 210.22085657036394, "time_cost": 68.733, "final_distance_cost": 1.8126935889401041, "oscillation_cost": 53.44861107725874, "completition_cost": 0.0, "overshoot_cost": 50.02685269713529, "power_cost": 18.622238415527345, "noise_cost": 17.57746079150247, "n_waypoints_completed": 9, "tot_waypoints": 9}}
{"target": -184.09452520859787, "params": {"k_pid_pos": [1.0031316701085804, 0.024859491386256316, 0.40092638265648595], "k_pid_alt": [1.2679502233621702, 0.0, 0.06527723447865985], "k_pid_att": [24.0942673894178, 0.18205753750414305, 0.8792759721912583], "k_pid_yaw": [0.5, 1e-06, 0.1], "k_pid_hsp": [0.09847755819799779, 0.011264223901387349, 0.0], "k_pid_vsp": [292.94687076665593, 307.0029666248519, 21.011196465382298]}, "datetime": {"datetime": "2025-08-11 22:33:09", "elapsed": 22068.59526658058, "delta": 17.60926127433777}, "costs": {"total_cost": 184.09452520859787, "time_cost": 70.399, "final_distance_cost": 1.8345096342728806, "oscillation_cost": 26.033560826510698, "completition_cost": 0.0, "overshoot_cost": 50.504236002786485, "power_cost": 17.811746228027346, "noise_cost": 17.511472517000485, "n_waypoints_completed": 9, "tot_waypoints": 9}}
{"target": -184.09452520859787, "params": {"k_pid_pos": [1.0031316701085804, 0.024859491386256316, 0.40092638265648595], "k_pid_alt": [1.2679502233621702, 0.0, 0.06527723447865985], "k_pid_att": [24.0942673894178, 0.18205753750414305, 0.8792759721912583], "k_pid_yaw": [0.5, 1e-06, 0.1], "k_pid_hsp": [0.09847755819799779, 0.011264223901387349, 0.0], "k_pid_vsp": [292.94687076665593, 307.0029666248519, 21.011196465382298]}, "datetime": {"datetime": "2025-08-11 22:33:27", "elapsed": 22086.523971557617, "delta": 17.928704977035522}, "costs": {"total_cost": 184.09452520859787, "time_cost": 70.399, "final_distance_cost": 1.8345096342728806, "oscillation_cost": 26.033560826510698, "completition_cost": 0.0, "overshoot_cost": 50.504236002786485, "power_cost": 17.811746228027346, "noise_cost": 17.511472517000485, "n_waypoints_completed": 9, "tot_waypoints": 9}}
{"target": -184.09452520859787, "params": {"k_pid_pos": [1.0031316701085804, 0.024859491386256316, 0.40092638265648595], "k_pid_alt": [1.2679502233621702, 0.0, 0.06527723447865985], "k_pid_att": [24.0942673894178, 0.18205753750414305, 0.8792759721912583], "k_pid_yaw": [0.5, 1e-06, 0.1], "k_pid_hsp": [0.09847755819799779, 0.011264223901387349, 0.0], "k_pid_vsp": [292.94687076665593, 307.0029666248519, 21.011196465382298]}, "datetime": {"datetime": "2025-08-11 22:33:44", "elapsed": 22104.158182621002, "delta": 17.63421106338501}, "costs": {"total_cost": 184.09452520859787, "time_cost": 70.399, "final_distance_cost": 1.8345096342728806, "oscillation_cost": 26.033560826510698, "completition_cost": 0.0, "overshoot_cost": 50.504236002786485, "power_cost": 17.811746228027346, "noise_cost": 17.511472517000485, "n_waypoints_completed": 9, "tot_waypoints": 9}}
{"target": -191.29419000631, "params": {"k_pid_pos": [1.8249217336243428, 0.024859491386256316, 0.40092638265648595], "k_pid_alt": [1.2679502233621702, 0.0, 0.5609487008588433], "k_pid_att": [24.0942673894178, 0.18205753750414305, 0.8792759721912583], "k_pid_yaw": [0.5, 1e-06, 0.1], "k_pid_hsp": [0.09847755819799779, 0.011264223901387349, 0.0], "k_pid_vsp": [292.94687076665593, 307.0029666248519, 21.011196465382298]}, "datetime": {"datetime": "2025-08-11 22:34:03", "elapsed": 22122.555758953094, "delta": 18.397576332092285}, "costs": {"total_cost": 191.29419000631, "time_cost": 71.099, "final_distance_cost": 1.7832041047732863, "oscillation_cost": 31.196446828458097, "completition_cost": 0.0, "overshoot_cost": 50.9555275041057, "power_cost": 18.44024744873047, "noise_cost": 17.819764120242446, "n_waypoints_completed": 9, "tot_waypoints": 9}}
{"target": -187.7423511169828, "params": {"k_pid_pos": [1.4531304595830021, 0.024859491386256316, 0.40092638265648595], "k_pid_alt": [1.102349020346133, 0.0, 0.06527723447865985], "k_pid_att": [24.0942673894178, 0.18205753750414305, 0.8792759721912583], "k_pid_yaw": [0.5, 1e-06, 0.1], "k_pid_hsp": [0.09847755819799779, 0.011264223901387349, 0.0], "k_pid_vsp": [292.94687076665593, 307.0029666248519, 21.011196465382298]}, "datetime": {"datetime": "2025-08-11 22:34:20", "elapsed": 22139.77523469925, "delta": 17.219475746154785}, "costs": {"total_cost": 187.7423511169828, "time_cost": 70.042, "final_distance_cost": 1.7862620903957511, "oscillation_cost": 29.251513514301866, "completition_cost": 0.0, "overshoot_cost": 50.68978915596451, "power_cost": 18.283519665527344, "noise_cost": 17.68926669079334, "n_waypoints_completed": 9, "tot_waypoints": 9}}
{"target": -225.58822460687855, "params": {"k_pid_pos": [1.097674141165482, 0.6541001382797029, 0.40092638265648595], "k_pid_alt": [1.2679502233621702, 0.0, 0.1132575830732897], "k_pid_att": [87.39233294786936, 0.18205753750414305, 0.8792759721912583], "k_pid_yaw": [0.5, 1e-06, 0.1], "k_pid_hsp": [0.09847755819799779, 0.011264223901387349, 0.0], "k_pid_vsp": [292.94687076665593, 307.0029666248519, 62.564861685850005]}, "datetime": {"datetime": "2025-08-11 22:34:42", "elapsed": 22162.213966846466, "delta": 22.438732147216797}, "costs": {"total_cost": 225.58822460687855, "time_cost": 88.648, "final_distance_cost": 1.7797904457173166, "oscillation_cost": 34.3965645478151, "completition_cost": 0.0, "overshoot_cost": 55.36542530030507, "power_cost": 23.06644013671875, "noise_cost": 22.33200417632234, "n_waypoints_completed": 9, "tot_waypoints": 9}}
{"target": -207.39921033496742, "params": {"k_pid_pos": [0.9203224573796739, 0.4336784869242679, 0.40092638265648595], "k_pid_alt": [1.2679502233621702, 0.0, 0.06527723447865985], "k_pid_att": [24.0942673894178, 0.18205753750414305, 0.8792759721912583], "k_pid_yaw": [0.5, 1e-06, 0.1], "k_pid_hsp": [6.590021097612566, 0.011264223901387349, 0.0], "k_pid_vsp": [284.5460512203246, 307.0029666248519, 62.564861685850005]}, "datetime": {"datetime": "2025-08-11 22:35:02", "elapsed": 22181.39524960518, "delta": 19.18128275871277}, "costs": {"total_cost": 207.39921033496742, "time_cost": 76.19500000000001, "final_distance_cost": 1.8034055862513358, "oscillation_cost": 38.6950868796974, "completition_cost": 0.0, "overshoot_cost": 51.333865104692634, "power_cost": 19.906308312988283, "noise_cost": 19.46554445133778, "n_waypoints_completed": 9, "tot_waypoints": 9}}
{"target": -196.81639640205825, "params": {"k_pid_pos": [1.9176378968916694, 0.23104898077634883, 0.40092638265648595], "k_pid_alt": [1.2679502233621702, 0.0, 0.06527723447865985], "k_pid_att": [24.0942673894178, 1.397073934383142, 0.8792759721912583], "k_pid_yaw": [0.5, 1e-06, 0.1], "k_pid_hsp": [0.09847755819799779, 0.011264223901387349, 0.0], "k_pid_vsp": [292.94687076665593, 307.0029666248519, 21.011196465382298]}, "datetime": {"datetime": "2025-08-11 22:35:20", "elapsed": 22199.749124526978, "delta": 18.353874921798706}, "costs": {"total_cost": 196.81639640205825, "time_cost": 73.325, "final_distance_cost": 1.782721305675828, "oscillation_cost": 32.98947790364464, "completition_cost": 0.0, "overshoot_cost": 51.21643946730748, "power_cost": 18.961341845703124, "noise_cost": 18.541415879727186, "n_waypoints_completed": 9, "tot_waypoints": 9}}
