{"target": -195.98126577498633, "params": {"k_pid_pos": [1.0031316701085804, 0.024859491386256316, 0.40092638265648595], "k_pid_alt": [1.7297729984189598, 0.0, 0.39033212468778067], "k_pid_att": [37.12179941719916, 8.528454206396269, 0.12678522794134206], "k_pid_yaw": [0.5, 1e-06, 0.1], "k_pid_hsp": [1.3337113251841335, 0.011264223901387349, 0.0], "k_pid_vsp": [264.9966777379314, 269.5271781685674, 2.77343605205192]}, "datetime": {"datetime": "2025-08-12 02:55:54", "elapsed": 37833.608560562134, "delta": 18.160597801208496}, "costs": {"total_cost": 195.98126577498633, "time_cost": 72.81400000000001, "final_distance_cost": 1.855176445924781, "oscillation_cost": 33.50259236886183, "completition_cost": 0.0, "overshoot_cost": 50.249470238818795, "power_cost": 15.088208166503907, "noise_cost": 22.471818554877007, "n_waypoints_completed": 9, "tot_waypoints": 9}}
{"target": -186.5167189932349, "params": {"k_pid_pos": [1.0031316701085804, 0.024859491386256316, 0.40092638265648595], "k_pid_alt": [1.7297729984189598, 0.0, 0.06527723447865985], "k_pid_att": [11.329609997636037, 4.633477034214585, 0.666719676683535], "k_pid_yaw": [0.5, 1e-06, 0.1], "k_pid_hsp": [0.09847755819799779, 0.011264223901387349, 0.0], "k_pid_vsp": [80.33785635579704, 307.0029666248519, 21.011196465382298]}, "datetime": {"datetime": "2025-08-12 02:56:14", "elapsed": 37853.68242907524, "delta": 20.0738685131073}, "costs": {"total_cost": 186.5167189932349, "time_cost": 70.18900000000001, "final_distance_cost": 1.8298331530781498, "oscillation_cost": 27.6837272925739, "completition_cost": 0.0, "overshoot_cost": 51.06044501399446, "power_cost": 18.082818408203124, "noise_cost": 17.670895125385215, "n_waypoints_completed": 9, "tot_waypoints": 9}}
{"target": -184.09903919178706, "params": {"k_pid_pos": [1.0031316701085804, 0.024859491386256316, 0.40092638265648595], "k_pid_alt": [1.7297729984189598, 0.0, 0.06527723447865985], "k_pid_att": [12.665511903358361, 5.859554809351448, 0.20497828334174084], "k_pid_yaw": [0.5, 1e-06, 0.1], "k_pid_hsp": [0.09847755819799779, 0.011264223901387349, 0.0], "k_pid_vsp": [121.11927891757475, 140.03862743104432, 2.77343605205192]}, "datetime": {"datetime": "2025-08-12 02:56:34", "elapsed": 37874.325830459595, "delta": 20.643401384353638}, "costs": {"total_cost": 184.09903919178706, "time_cost": 69.95100000000001, "final_distance_cost": 1.8218598004792361, "oscillation_cost": 26.678895693857783, "completition_cost": 0.0, "overshoot_cost": 50.68131123955257, "power_cost": 14.192076892089844, "noise_cost": 20.773895565807628, "n_waypoints_completed": 9, "tot_waypoints": 9}}
{"target": -183.65432308157636, "params": {"k_pid_pos": [1.0031316701085804, 0.024859491386256316, 0.40092638265648595], "k_pid_alt": [1.9160597436741602, 0.0, 0.06527723447865985], "k_pid_att": [54.227890723214855, 5.859554809351448, 0.666719676683535], "k_pid_yaw": [0.5, 1e-06, 0.1], "k_pid_hsp": [0.09847755819799779, 0.011264223901387349, 0.0], "k_pid_vsp": [264.9966777379314, 130.53254854158118, 2.77343605205192]}, "datetime": {"datetime": "2025-08-12 02:56:54", "elapsed": 37894.28886342049, "delta": 19.963032960891724}, "costs": {"total_cost": 183.65432308157636, "time_cost": 70.266, "final_distance_cost": 1.8352412702568395, "oscillation_cost": 25.465641048391795, "completition_cost": 0.0, "overshoot_cost": 50.94352214909478, "power_cost": 14.182709765625, "noise_cost": 20.96120884820795, "n_waypoints_completed": 9, "tot_waypoints": 9}}
{"target": -184.79675499599665, "params": {"k_pid_pos": [1.0031316701085804, 0.024859491386256316, 0.15504459629470158], "k_pid_alt": [1.7297729984189598, 0.0, 0.06527723447865985], "k_pid_att": [54.227890723214855, 5.859554809351448, 0.666719676683535], "k_pid_yaw": [0.5, 1e-06, 0.1], "k_pid_hsp": [0.09847755819799779, 0.011264223901387349, 0.0], "k_pid_vsp": [264.9966777379314, 140.03862743104432, 2.77343605205192]}, "datetime": {"datetime": "2025-08-12 02:57:12", "elapsed": 37912.32804226875, "delta": 18.0391788482666}, "costs": {"total_cost": 184.79675499599665, "time_cost": 70.112, "final_distance_cost": 1.8034215567459897, "oscillation_cost": 27.052510391391806, "completition_cost": 0.0, "overshoot_cost": 50.8306229961807, "power_cost": 14.31281416015625, "noise_cost": 20.68538589152193, "n_waypoints_completed": 9, "tot_waypoints": 9}}
{"target": -2082.71742438143, "params": {"k_pid_pos": [1.0031316701085804, 0.024859491386256316, 0.40092638265648595], "k_pid_alt": [1.7297729984189598, 0.0, 0.06527723447865985], "k_pid_att": [54.227890723214855, 5.859554809351448, 0.666719676683535], "k_pid_yaw": [0.5, 1e-06, 0.1], "k_pid_hsp": [0.09847755819799779, 0.011264223901387349, 0.7672277833605256], "k_pid_vsp": [264.9966777379314, 250.21609499067577, 2.77343605205192]}, "datetime": {"datetime": "2025-08-12 02:57:44", "elapsed": 37943.59581041336, "delta": 31.267768144607544}, "costs": {"total_cost": 2082.71742438143, "time_cost": 150, "final_distance_cost": 58.19330807996595, "oscillation_cost": 830.1352337111041, "completition_cost": 888.8888888888888, "overshoot_cost": 92.14358562014142, "power_cost": 33.111796643066405, "noise_cost": 30.244611438263142, "n_waypoints_completed": 1, "tot_waypoints": 9}}
{"target": -355.2262013473442, "params": {"k_pid_pos": [1.0031316701085804, 0.024859491386256316, 0.40092638265648595], "k_pid_alt": [1.7297729984189598, 0.7740757290553824, 0.02282466901291924], "k_pid_att": [54.227890723214855, 7.855774821596054, 0.4604679356383715], "k_pid_yaw": [0.5, 1e-06, 0.1], "k_pid_hsp": [9.086286773106698, 0.011264223901387349, 0.0], "k_pid_vsp": [264.9966777379314, 269.5271781685674, 2.77343605205192]}, "datetime": {"datetime": "2025-08-12 02:58:05", "elapsed": 37964.958686590195, "delta": 21.362876176834106}, "costs": {"total_cost": 355.2262013473442, "time_cost": 78.904, "final_distance_cost": 1.8128325562667675, "oscillation_cost": 182.2302708285254, "completition_cost": 0.0, "overshoot_cost": 51.614835502249896, "power_cost": 19.424071057128906, "noise_cost": 21.240191403173267, "n_waypoints_completed": 9, "tot_waypoints": 9}}
{"target": -183.56532263307292, "params": {"k_pid_pos": [1.0031316701085804, 0.024859491386256316, 0.40092638265648595], "k_pid_alt": [1.7297729984189598, 0.0, 0.06527723447865985], "k_pid_att": [11.329609997636037, 6.043751783864618, 0.666719676683535], "k_pid_yaw": [0.5, 1e-06, 0.1], "k_pid_hsp": [0.09847755819799779, 0.011264223901387349, 0.0], "k_pid_vsp": [264.9966777379314, 304.1795245652576, 2.77343605205192]}, "datetime": {"datetime": "2025-08-12 02:58:23", "elapsed": 37982.51644420624, "delta": 17.55775761604309}, "costs": {"total_cost": 183.56532263307292, "time_cost": 69.888, "final_distance_cost": 1.8315895155860291, "oscillation_cost": 26.502714824050642, "completition_cost": 0.0, "overshoot_cost": 50.3549517741495, "power_cost": 14.232773596191407, "noise_cost": 20.75529292309535, "n_waypoints_completed": 9, "tot_waypoints": 9}}
{"target": -183.92287101676501, "params": {"k_pid_pos": [1.0031316701085804, 0.024859491386256316, 0.40092638265648595], "k_pid_alt": [1.7297729984189598, 0.0, 0.5405957282041112], "k_pid_att": [25.463483275157817, 5.859554809351448, 0.666719676683535], "k_pid_yaw": [0.5, 1e-06, 0.1], "k_pid_hsp": [0.09847755819799779, 0.011264223901387349, 0.0], "k_pid_vsp": [264.9966777379314, 140.03862743104432, 2.77343605205192]}, "datetime": {"datetime": "2025-08-12 02:58:41", "elapsed": 38000.921640872955, "delta": 18.40519666671753}, "costs": {"total_cost": 183.92287101676501, "time_cost": 70.679, "final_distance_cost": 1.8232748965251413, "oscillation_cost": 25.9540937782763, "completition_cost": 0.0, "overshoot_cost": 50.35332641340457, "power_cost": 14.232009375, "noise_cost": 20.881166553559005, "n_waypoints_completed": 9, "tot_waypoints": 9}}
{"target": -204.72743090878163, "params": {"k_pid_pos": [1.0031316701085804, 0.2836793541084326, 0.40092638265648595], "k_pid_alt": [1.7297729984189598, 0.6742641001630488, 0.06527723447865985], "k_pid_att": [54.227890723214855, 5.859554809351448, 0.666719676683535], "k_pid_yaw": [0.5, 1e-06, 0.1], "k_pid_hsp": [0.09847755819799779, 0.011264223901387349, 0.0], "k_pid_vsp": [264.9966777379314, 307.0029666248519, 21.011196465382298]}, "datetime": {"datetime": "2025-08-12 02:59:02", "elapsed": 38021.768461465836, "delta": 20.84682059288025}, "costs": {"total_cost": 204.72743090878163, "time_cost": 81.879, "final_distance_cost": 1.792770512366921, "oscillation_cost": 28.396099896830567, "completition_cost": 0.0, "overshoot_cost": 52.156468782101655, "power_cost": 20.769051879882813, "noise_cost": 19.734039837599667, "n_waypoints_completed": 9, "tot_waypoints": 9}}
{"target": -211.85536251171055, "params": {"k_pid_pos": [1.0031316701085804, 0.00338214545638138, 0.5215242577869234], "k_pid_alt": [1.5967479783170597, 0.0, 0.06527723447865985], "k_pid_att": [54.227890723214855, 5.859554809351448, 0.666719676683535], "k_pid_yaw": [0.5, 1e-06, 0.1], "k_pid_hsp": [1.1779218432282734, 0.011264223901387349, 0.0], "k_pid_vsp": [264.9966777379314, 307.0029666248519, 130.14958620146152]}, "datetime": {"datetime": "2025-08-12 02:59:23", "elapsed": 38042.867933273315, "delta": 21.09947180747986}, "costs": {"total_cost": 211.85536251171055, "time_cost": 82.075, "final_distance_cost": 1.855032268223405, "oscillation_cost": 29.758371785556058, "completition_cost": 0.0, "overshoot_cost": 54.34516296913624, "power_cost": 21.758507043457033, "noise_cost": 22.06328844533784, "n_waypoints_completed": 9, "tot_waypoints": 9}}
{"target": -199.3220196879931, "params": {"k_pid_pos": [1.0031316701085804, 0.024859491386256316, 0.40092638265648595], "k_pid_alt": [1.7297729984189598, 0.0, 0.06527723447865985], "k_pid_att": [37.12179941719916, 2.8503329366774977, 0.666719676683535], "k_pid_yaw": [0.5, 1e-06, 0.1], "k_pid_hsp": [4.3372224232348895, 0.011264223901387349, 0.0], "k_pid_vsp": [264.9966777379314, 187.02738271361417, 2.77343605205192]}, "datetime": {"datetime": "2025-08-12 02:59:42", "elapsed": 38062.03870511055, "delta": 19.170771837234497}, "costs": {"total_cost": 199.3220196879931, "time_cost": 72.674, "final_distance_cost": 1.8482132159307538, "oscillation_cost": 36.59462933097439, "completition_cost": 0.0, "overshoot_cost": 50.442918114285256, "power_cost": 15.237105200195312, "noise_cost": 22.52515382660737, "n_waypoints_completed": 9, "tot_waypoints": 9}}
{"target": -197.64991666666162, "params": {"k_pid_pos": [1.0031316701085804, 0.024859491386256316, 0.40092638265648595], "k_pid_alt": [1.7297729984189598, 0.27282343391549047, 0.06527723447865985], "k_pid_att": [54.227890723214855, 5.859554809351448, 0.666719676683535], "k_pid_yaw": [0.5, 1e-06, 0.1], "k_pid_hsp": [0.09847755819799779, 0.011264223901387349, 0.0], "k_pid_vsp": [264.9966777379314, 250.21609499067577, 2.77343605205192]}, "datetime": {"datetime": "2025-08-12 03:00:02", "elapsed": 38081.819860219955, "delta": 19.781155109405518}, "costs": {"total_cost": 197.64991666666162, "time_cost": 79.548, "final_distance_cost": 1.776827745178971, "oscillation_cost": 26.366793221571047, "completition_cost": 0.0, "overshoot_cost": 51.68527988669215, "power_cost": 15.568153442382814, "noise_cost": 22.704862370836622, "n_waypoints_completed": 9, "tot_waypoints": 9}}
{"target": -186.76265627655263, "params": {"k_pid_pos": [1.0031316701085804, 0.024859491386256316, 0.15504459629470158], "k_pid_alt": [1.7297729984189598, 0.0, 0.5775663314924924], "k_pid_att": [54.227890723214855, 5.859554809351448, 0.666719676683535], "k_pid_yaw": [0.5, 1e-06, 0.1], "k_pid_hsp": [0.09847755819799779, 0.011264223901387349, 0.0], "k_pid_vsp": [264.9966777379314, 48.528358121920796, 2.77343605205192]}, "datetime": {"datetime": "2025-08-12 03:00:20", "elapsed": 38100.34325027466, "delta": 18.52339005470276}, "costs": {"total_cost": 186.76265627655263, "time_cost": 71.358, "final_distance_cost": 1.788744223535995, "oscillation_cost": 27.055151591911393, "completition_cost": 0.0, "overshoot_cost": 51.1508108356193, "power_cost": 14.404953356933595, "noise_cost": 21.004996268552325, "n_waypoints_completed": 9, "tot_waypoints": 9}}
{"target": -1666.526474544211, "params": {"k_pid_pos": [1.0031316701085804, 0.024859491386256316, 0.40092638265648595], "k_pid_alt": [1.7297729984189598, 0.28508550330050175, 0.06527723447865985], "k_pid_att": [54.227890723214855, 5.859554809351448, 0.666719676683535], "k_pid_yaw": [0.5, 1e-06, 0.1], "k_pid_hsp": [0.09847755819799779, 0.011264223901387349, 0.7083694771711668], "k_pid_vsp": [264.9966777379314, 307.0029666248519, 312.89214078752025]}, "datetime": {"datetime": "2025-08-12 03:00:51", "elapsed": 38131.19839262962, "delta": 30.85514235496521}, "costs": {"total_cost": 1666.526474544211, "time_cost": 150, "final_distance_cost": 55.13410796115909, "oscillation_cost": 642.7252285167638, "completition_cost": 666.6666666666667, "overshoot_cost": 90.29807027975511, "power_cost": 33.77206306152344, "noise_cost": 27.930338058342922, "n_waypoints_completed": 3, "tot_waypoints": 9}}
{"target": -184.6090540320512, "params": {"k_pid_pos": [1.0031316701085804, 0.024859491386256316, 0.40092638265648595], "k_pid_alt": [1.7297729984189598, 0.0, 0.39033212468778067], "k_pid_att": [37.12179941719916, 5.859554809351448, 0.12678522794134206], "k_pid_yaw": [0.5, 1e-06, 0.1], "k_pid_hsp": [0.09847755819799779, 0.011264223901387349, 0.0], "k_pid_vsp": [264.9966777379314, 140.03862743104432, 2.77343605205192]}, "datetime": {"datetime": "2025-08-12 03:01:11", "elapsed": 38150.49455189705, "delta": 19.296159267425537}, "costs": {"total_cost": 184.6090540320512, "time_cost": 70.455, "final_distance_cost": 1.8303289749531815, "oscillation_cost": 26.221671972156255, "completition_cost": 0.0, "overshoot_cost": 50.923723699529894, "power_cost": 14.215854699707032, "noise_cost": 20.96247468570485, "n_waypoints_completed": 9, "tot_waypoints": 9}}
{"target": -184.6090540320512, "params": {"k_pid_pos": [1.0031316701085804, 0.024859491386256316, 0.40092638265648595], "k_pid_alt": [1.7297729984189598, 0.0, 0.39033212468778067], "k_pid_att": [37.12179941719916, 5.859554809351448, 0.12678522794134206], "k_pid_yaw": [0.5, 1e-06, 0.1], "k_pid_hsp": [0.09847755819799779, 0.011264223901387349, 0.0], "k_pid_vsp": [264.9966777379314, 140.03862743104432, 2.77343605205192]}, "datetime": {"datetime": "2025-08-12 03:01:29", "elapsed": 38168.641681194305, "delta": 18.14712929725647}, "costs": {"total_cost": 184.6090540320512, "time_cost": 70.455, "final_distance_cost": 1.8303289749531815, "oscillation_cost": 26.221671972156255, "completition_cost": 0.0, "overshoot_cost": 50.923723699529894, "power_cost": 14.215854699707032, "noise_cost": 20.96247468570485, "n_waypoints_completed": 9, "tot_waypoints": 9}}
{"target": -183.37223372215468, "params": {"k_pid_pos": [1.0031316701085804, 0.024859491386256316, 0.40092638265648595], "k_pid_alt": [1.7297729984189598, 0.0, 0.06527723447865985], "k_pid_att": [37.12179941719916, 1.9360914828558924, 0.666719676683535], "k_pid_yaw": [0.5, 1e-06, 0.1], "k_pid_hsp": [0.09847755819799779, 0.011264223901387349, 0.0], "k_pid_vsp": [264.9966777379314, 140.03862743104432, 2.77343605205192]}, "datetime": {"datetime": "2025-08-12 03:01:47", "elapsed": 38187.28087639809, "delta": 18.639195203781128}, "costs": {"total_cost": 183.37223372215468, "time_cost": 70.133, "final_distance_cost": 1.8156517820988298, "oscillation_cost": 25.573876356731372, "completition_cost": 0.0, "overshoot_cost": 50.74693462552331, "power_cost": 14.186826428222657, "noise_cost": 20.915944529578535, "n_waypoints_completed": 9, "tot_waypoints": 9}}
{"target": -183.53649260238842, "params": {"k_pid_pos": [1.0031316701085804, 0.024859491386256316, 0.40092638265648595], "k_pid_alt": [1.7297729984189598, 0.0, 0.06527723447865985], "k_pid_att": [54.227890723214855, 5.859554809351448, 0.666719676683535], "k_pid_yaw": [0.5, 1e-06, 0.1], "k_pid_hsp": [0.09847755819799779, 0.011264223901387349, 0.0], "k_pid_vsp": [264.9966777379314, 140.03862743104432, 2.77343605205192]}, "datetime": {"datetime": "2025-08-12 03:02:05", "elapsed": 38204.69726085663, "delta": 17.41638445854187}, "costs": {"total_cost": 183.53649260238842, "time_cost": 70.182, "final_distance_cost": 1.8157228574093423, "oscillation_cost": 25.80330890253672, "completition_cost": 0.0, "overshoot_cost": 50.51887842229217, "power_cost": 14.2017048828125, "noise_cost": 21.01487753733769, "n_waypoints_completed": 9, "tot_waypoints": 9}}
{"target": -183.53649260238842, "params": {"k_pid_pos": [1.0031316701085804, 0.024859491386256316, 0.40092638265648595], "k_pid_alt": [1.7297729984189598, 0.0, 0.06527723447865985], "k_pid_att": [54.227890723214855, 5.859554809351448, 0.666719676683535], "k_pid_yaw": [0.5, 1e-06, 0.1], "k_pid_hsp": [0.09847755819799779, 0.011264223901387349, 0.0], "k_pid_vsp": [264.9966777379314, 140.03862743104432, 2.77343605205192]}, "datetime": {"datetime": "2025-08-12 03:02:23", "elapsed": 38223.19523644447, "delta": 18.49797558784485}, "costs": {"total_cost": 183.53649260238842, "time_cost": 70.182, "final_distance_cost": 1.8157228574093423, "oscillation_cost": 25.80330890253672, "completition_cost": 0.0, "overshoot_cost": 50.51887842229217, "power_cost": 14.2017048828125, "noise_cost": 21.01487753733769, "n_waypoints_completed": 9, "tot_waypoints": 9}}
{"target": -1457.7157742975962, "params": {"k_pid_pos": [1.7411990865856197, 0.3331223098073285, 0.40092638265648595], "k_pid_alt": [0.8968227290295414, 0.0, 0.9407694456674522], "k_pid_att": [54.227890723214855, 5.859554809351448, 0.666719676683535], "k_pid_yaw": [0.5, 1e-06, 0.1], "k_pid_hsp": [0.09847755819799779, 0.011264223901387349, 0.0], "k_pid_vsp": [264.9966777379314, 140.03862743104432, 252.9414997468869]}, "datetime": {"datetime": "2025-08-12 03:02:55", "elapsed": 38254.590128183365, "delta": 31.3948917388916}, "costs": {"total_cost": 1457.7157742975962, "time_cost": 150, "final_distance_cost": 0.9996962044868114, "oscillation_cost": 4.781487429060315, "completition_cost": 1000.0, "overshoot_cost": 162.40815742435268, "power_cost": 29.357714782714844, "noise_cost": 110.16871845698144, "n_waypoints_completed": 0, "tot_waypoints": 9}}
{"target": -184.0717609071146, "params": {"k_pid_pos": [1.0031316701085804, 0.024859491386256316, 0.40092638265648595], "k_pid_alt": [1.1928857943257507, 0.0, 0.06527723447865985], "k_pid_att": [25.01105356203528, 5.859554809351448, 0.666719676683535], "k_pid_yaw": [0.5, 1e-06, 0.1], "k_pid_hsp": [0.09847755819799779, 0.011264223901387349, 0.0], "k_pid_vsp": [264.9966777379314, 140.03862743104432, 2.77343605205192]}, "datetime": {"datetime": "2025-08-12 03:03:13", "elapsed": 38272.60752272606, "delta": 18.017394542694092}, "costs": {"total_cost": 184.0717609071146, "time_cost": 70.637, "final_distance_cost": 1.8339419266023844, "oscillation_cost": 25.90164907899121, "completition_cost": 0.0, "overshoot_cost": 50.58868719220288, "power_cost": 14.202758728027344, "noise_cost": 20.907723981290776, "n_waypoints_completed": 9, "tot_waypoints": 9}}
{"target": -185.09987568241934, "params": {"k_pid_pos": [1.0031316701085804, 0.024859491386256316, 0.40092638265648595], "k_pid_alt": [1.7297729984189598, 0.0, 0.876085735038417], "k_pid_att": [25.463483275157817, 5.859554809351448, 0.666719676683535], "k_pid_yaw": [0.5, 1e-06, 0.1], "k_pid_hsp": [0.09847755819799779, 0.011264223901387349, 0.0], "k_pid_vsp": [264.9966777379314, 140.03862743104432, 2.77343605205192]}, "datetime": {"datetime": "2025-08-12 03:03:31", "elapsed": 38290.9305729866, "delta": 18.323050260543823}, "costs": {"total_cost": 185.09987568241934, "time_cost": 71.414, "final_distance_cost": 1.8344654360419321, "oscillation_cost": 26.018929338590443, "completition_cost": 0.0, "overshoot_cost": 50.398304229425804, "power_cost": 14.342306750488282, "noise_cost": 21.091869927872875, "n_waypoints_completed": 9, "tot_waypoints": 9}}
{"target": -234.06687165650027, "params": {"k_pid_pos": [1.0031316701085804, 0.660441144008915, 0.22034579123490305], "k_pid_alt": [1.7297729984189598, 0.0, 0.5405957282041112], "k_pid_att": [35.74062544128562, 5.859554809351448, 0.666719676683535], "k_pid_yaw": [0.5, 1e-06, 0.1], "k_pid_hsp": [0.09847755819799779, 0.011264223901387349, 0.0], "k_pid_vsp": [264.9966777379314, 140.03862743104432, 2.77343605205192]}, "datetime": {"datetime": "2025-08-12 03:03:54", "elapsed": 38314.00224328041, "delta": 23.071670293807983}, "costs": {"total_cost": 234.06687165650027, "time_cost": 91.175, "final_distance_cost": 1.7189300748364609, "oscillation_cost": 38.583602589032346, "completition_cost": 0.0, "overshoot_cost": 56.074453987198886, "power_cost": 19.29633916015625, "noise_cost": 27.21854584527632, "n_waypoints_completed": 9, "tot_waypoints": 9}}
{"target": -222.30578288030867, "params": {"k_pid_pos": [1.0031316701085804, 0.024859491386256316, 0.40092638265648595], "k_pid_alt": [1.7297729984189598, 0.9122972269856637, 0.06527723447865985], "k_pid_att": [66.425021291794, 5.859554809351448, 0.666719676683535], "k_pid_yaw": [0.5, 1e-06, 0.1], "k_pid_hsp": [0.09847755819799779, 0.011264223901387349, 0.0], "k_pid_vsp": [264.9966777379314, 307.0029666248519, 130.14958620146152]}, "datetime": {"datetime": "2025-08-12 03:04:18", "elapsed": 38337.636717796326, "delta": 23.634474515914917}, "costs": {"total_cost": 222.30578288030867, "time_cost": 91.952, "final_distance_cost": 1.7802020683088056, "oscillation_cost": 27.632402320627573, "completition_cost": 0.0, "overshoot_cost": 56.938287907818705, "power_cost": 22.920715283203126, "noise_cost": 21.082175300350457, "n_waypoints_completed": 9, "tot_waypoints": 9}}
