{"target": -214.851562192451, "params": {"k_pid_pos": [1.0031316701085804, 0.024859491386256316, 0.8020463410107419], "k_pid_alt": [1.7297729984189598, 0.0, 0.6683949116493773], "k_pid_att": [83.24205936752172, 0.18205753750414305, 0.666719676683535], "k_pid_yaw": [0.5, 1e-06, 0.1], "k_pid_hsp": [0.09847755819799779, 0.11140066133917204, 0.0], "k_pid_vsp": [292.94687076665593, 307.0029666248519, 21.011196465382298]}, "datetime": {"datetime": "2025-08-12 01:26:14", "elapsed": 32453.49062371254, "delta": 20.612136363983154}, "costs": {"total_cost": 214.851562192451, "time_cost": 78.22500000000001, "final_distance_cost": 1.8528010307810134, "oscillation_cost": 42.46017686399358, "completition_cost": 0.0, "overshoot_cost": 50.95018067220006, "power_cost": 20.304425024414062, "noise_cost": 21.05897860106228, "n_waypoints_completed": 9, "tot_waypoints": 9}}
{"target": -1454.3136248094538, "params": {"k_pid_pos": [0.27276780898604225, 0.024859491386256316, 0.40092638265648595], "k_pid_alt": [1.7297729984189598, 0.0, 0.06527723447865985], "k_pid_att": [24.0942673894178, 0.18205753750414305, 0.666719676683535], "k_pid_yaw": [0.5, 1e-06, 0.1], "k_pid_hsp": [6.316118048276735, 0.011264223901387349, 0.0], "k_pid_vsp": [292.94687076665593, 307.0029666248519, 314.98831045767577]}, "datetime": {"datetime": "2025-08-12 01:26:45", "elapsed": 32484.594865083694, "delta": 31.104241371154785}, "costs": {"total_cost": 1454.3136248094538, "time_cost": 150, "final_distance_cost": 0.9991150655235838, "oscillation_cost": 11.536179970947734, "completition_cost": 1000.0, "overshoot_cost": 160.52709893550605, "power_cost": 29.138802770996094, "noise_cost": 102.11242806648032, "n_waypoints_completed": 0, "tot_waypoints": 9}}
{"target": -1442.7421950746386, "params": {"k_pid_pos": [1.0031316701085804, 0.9080648804961846, 0.40092638265648595], "k_pid_alt": [1.7297729984189598, 0.0, 0.06527723447865985], "k_pid_att": [24.0942673894178, 0.18205753750414305, 0.5627915745015433], "k_pid_yaw": [0.5, 1e-06, 0.1], "k_pid_hsp": [0.09847755819799779, 0.011264223901387349, 0.912652577932754], "k_pid_vsp": [264.9966777379314, 307.0029666248519, 29.14258142942486]}, "datetime": {"datetime": "2025-08-12 01:27:16", "elapsed": 32515.509973526, "delta": 30.91510844230652}, "costs": {"total_cost": 1442.7421950746386, "time_cost": 150, "final_distance_cost": 34.60041992202038, "oscillation_cost": 532.2405901783801, "completition_cost": 555.5555555555555, "overshoot_cost": 110.9611298310377, "power_cost": 31.468603442382815, "noise_cost": 27.9158961452622, "n_waypoints_completed": 4, "tot_waypoints": 9}}
{"target": -229.88003766867965, "params": {"k_pid_pos": [1.0031316701085804, 0.2079371311167001, 0.40092638265648595], "k_pid_alt": [0.32001236622280804, 0.0, 0.06527723447865985], "k_pid_att": [54.227890723214855, 5.859554809351448, 0.7805480560107213], "k_pid_yaw": [0.5, 1e-06, 0.1], "k_pid_hsp": [0.09847755819799779, 0.011264223901387349, 0.0], "k_pid_vsp": [264.9966777379314, 140.03862743104432, 2.77343605205192]}, "datetime": {"datetime": "2025-08-12 01:27:41", "elapsed": 32541.20159482956, "delta": 25.69162130355835}, "costs": {"total_cost": 229.88003766867965, "time_cost": 98.763, "final_distance_cost": 1.856065200614495, "oscillation_cost": 28.472722914912836, "completition_cost": 0.0, "overshoot_cost": 52.85046292151105, "power_cost": 19.088145825195312, "noise_cost": 28.84964080644596, "n_waypoints_completed": 9, "tot_waypoints": 9}}
{"target": -199.57357008033676, "params": {"k_pid_pos": [1.0031316701085804, 0.024859491386256316, 0.40092638265648595], "k_pid_alt": [1.7297729984189598, 0.0, 0.06527723447865985], "k_pid_att": [24.0942673894178, 1.1659524805595562, 0.666719676683535], "k_pid_yaw": [0.5, 1e-06, 0.1], "k_pid_hsp": [4.854323649447895, 0.011264223901387349, 0.0], "k_pid_vsp": [292.94687076665593, 307.0029666248519, 21.011196465382298]}, "datetime": {"datetime": "2025-08-12 01:28:01", "elapsed": 32560.4697535038, "delta": 19.268158674240112}, "costs": {"total_cost": 199.57357008033676, "time_cost": 72.31700000000001, "final_distance_cost": 1.8556418045572243, "oscillation_cost": 37.029980022661725, "completition_cost": 0.0, "overshoot_cost": 50.34140230622801, "power_cost": 18.96138203125, "noise_cost": 19.0681639156398, "n_waypoints_completed": 9, "tot_waypoints": 9}}
{"target": -189.44537771465588, "params": {"k_pid_pos": [1.8034346552870686, 0.08087462101852438, 0.40092638265648595], "k_pid_alt": [1.7297729984189598, 0.0, 0.06527723447865985], "k_pid_att": [24.0942673894178, 0.18205753750414305, 0.666719676683535], "k_pid_yaw": [0.5, 1e-06, 0.1], "k_pid_hsp": [0.09847755819799779, 0.011264223901387349, 0.0], "k_pid_vsp": [292.94687076665593, 307.0029666248519, 21.011196465382298]}, "datetime": {"datetime": "2025-08-12 01:28:19", "elapsed": 32578.518359184265, "delta": 18.0486056804657}, "costs": {"total_cost": 189.44537771465588, "time_cost": 69.496, "final_distance_cost": 1.7941809556473332, "oscillation_cost": 31.389746284142344, "completition_cost": 0.0, "overshoot_cost": 51.00803016307664, "power_cost": 18.07242468261719, "noise_cost": 17.684995629172352, "n_waypoints_completed": 9, "tot_waypoints": 9}}
{"target": -187.29396291128384, "params": {"k_pid_pos": [0.717243989965503, 0.06327641863522837, 0.40092638265648595], "k_pid_alt": [1.7297729984189598, 0.0, 0.06527723447865985], "k_pid_att": [24.0942673894178, 0.18205753750414305, 0.666719676683535], "k_pid_yaw": [0.5, 1e-06, 0.1], "k_pid_hsp": [0.09847755819799779, 0.011264223901387349, 0.0], "k_pid_vsp": [264.9966777379314, 307.0029666248519, 21.011196465382298]}, "datetime": {"datetime": "2025-08-12 01:28:38", "elapsed": 32597.41209435463, "delta": 18.89373517036438}, "costs": {"total_cost": 187.29396291128384, "time_cost": 72.982, "final_distance_cost": 1.8445179881851514, "oscillation_cost": 23.43410759352068, "completition_cost": 0.0, "overshoot_cost": 51.34982898345179, "power_cost": 18.86847119140625, "noise_cost": 18.815037154719967, "n_waypoints_completed": 9, "tot_waypoints": 9}}
{"target": -185.11153566262033, "params": {"k_pid_pos": [1.0031316701085804, 0.024859491386256316, 0.40092638265648595], "k_pid_alt": [1.7297729984189598, 0.0, 0.06527723447865985], "k_pid_att": [37.12179941719916, 2.8503329366774977, 0.666719676683535], "k_pid_yaw": [0.5, 1e-06, 0.1], "k_pid_hsp": [0.09847755819799779, 0.011264223901387349, 0.0], "k_pid_vsp": [131.89521188480865, 307.0029666248519, 75.33060670822715]}, "datetime": {"datetime": "2025-08-12 01:28:56", "elapsed": 32615.57790493965, "delta": 18.165810585021973}, "costs": {"total_cost": 185.11153566262033, "time_cost": 70.798, "final_distance_cost": 1.8373133638606742, "oscillation_cost": 25.229809878093235, "completition_cost": 0.0, "overshoot_cost": 51.46486378134205, "power_cost": 18.208087438964846, "noise_cost": 17.573461200359542, "n_waypoints_completed": 9, "tot_waypoints": 9}}
{"target": -1310.7212288435799, "params": {"k_pid_pos": [1.0031316701085804, 0.024859491386256316, 0.613303733901718], "k_pid_alt": [0.410712682686863, 0.0, 0.06527723447865985], "k_pid_att": [4.147090465977355, 9.545016992888707, 0.666719676683535], "k_pid_yaw": [0.5, 1e-06, 0.1], "k_pid_hsp": [0.09847755819799779, 0.011264223901387349, 0.8981342811795512], "k_pid_vsp": [16.765689104681325, 307.0029666248519, 21.011196465382298]}, "datetime": {"datetime": "2025-08-12 01:29:27", "elapsed": 32646.634462356567, "delta": 31.056557416915894}, "costs": {"total_cost": 1310.7212288435799, "time_cost": 150, "final_distance_cost": 58.68804905569068, "oscillation_cost": 272.8151104366015, "completition_cost": 666.6666666666667, "overshoot_cost": 105.31025351372621, "power_cost": 30.900141162109378, "noise_cost": 26.341008008785458, "n_waypoints_completed": 3, "tot_waypoints": 9}}
{"target": -193.05881963113842, "params": {"k_pid_pos": [1.3587729839667164, 0.024859491386256316, 0.40092638265648595], "k_pid_alt": [1.7297729984189598, 0.0, 0.06527723447865985], "k_pid_att": [24.0942673894178, 0.18205753750414305, 0.666719676683535], "k_pid_yaw": [0.5, 1e-06, 0.1], "k_pid_hsp": [2.947372329276074, 0.011264223901387349, 0.0], "k_pid_vsp": [264.9966777379314, 307.0029666248519, 21.011196465382298]}, "datetime": {"datetime": "2025-08-12 01:29:44", "elapsed": 32664.13190484047, "delta": 17.497442483901978}, "costs": {"total_cost": 193.05881963113842, "time_cost": 69.643, "final_distance_cost": 1.8432547741396463, "oscillation_cost": 34.76942456995111, "completition_cost": 0.0, "overshoot_cost": 50.39974999113782, "power_cost": 18.368850903320315, "noise_cost": 18.034539392589526, "n_waypoints_completed": 9, "tot_waypoints": 9}}
{"target": -329.2605144375976, "params": {"k_pid_pos": [1.0031316701085804, 0.9080648804961846, 0.40092638265648595], "k_pid_alt": [1.7297729984189598, 0.0, 0.06527723447865985], "k_pid_att": [14.519487670645582, 0.24599703738529807, 0.5627915745015433], "k_pid_yaw": [0.5, 1e-06, 0.1], "k_pid_hsp": [0.09847755819799779, 0.3044774248601587, 0.0], "k_pid_vsp": [264.9966777379314, 307.0029666248519, 29.14258142942486]}, "datetime": {"datetime": "2025-08-12 01:30:12", "elapsed": 32691.445882320404, "delta": 27.313977479934692}, "costs": {"total_cost": 329.2605144375976, "time_cost": 104.776, "final_distance_cost": 1.8283965168393403, "oscillation_cost": 83.73776799437421, "completition_cost": 0.0, "overshoot_cost": 77.07771492546905, "power_cost": 29.66117081298828, "noise_cost": 32.17946418792673, "n_waypoints_completed": 9, "tot_waypoints": 9}}
{"target": -193.08416418081796, "params": {"k_pid_pos": [1.0031316701085804, 0.038219275878738745, 0.9752376885840038], "k_pid_alt": [1.7297729984189598, 0.0, 0.06527723447865985], "k_pid_att": [24.0942673894178, 0.18205753750414305, 0.666719676683535], "k_pid_yaw": [0.5, 1e-06, 0.1], "k_pid_hsp": [0.09847755819799779, 0.011264223901387349, 0.0], "k_pid_vsp": [292.94687076665593, 307.0029666248519, 21.011196465382298]}, "datetime": {"datetime": "2025-08-12 01:30:31", "elapsed": 32710.824761152267, "delta": 19.378878831863403}, "costs": {"total_cost": 193.08416418081796, "time_cost": 75.607, "final_distance_cost": 1.850604417350903, "oscillation_cost": 24.84933678793771, "completition_cost": 0.0, "overshoot_cost": 51.621295226179335, "power_cost": 19.497123168945315, "noise_cost": 19.658804580404702, "n_waypoints_completed": 9, "tot_waypoints": 9}}
{"target": -186.4624688337466, "params": {"k_pid_pos": [1.0031316701085804, 0.024859491386256316, 0.40092638265648595], "k_pid_alt": [1.7297729984189598, 0.0, 0.7538195562388602], "k_pid_att": [24.0942673894178, 0.18205753750414305, 0.08105699149151435], "k_pid_yaw": [0.5, 1e-06, 0.1], "k_pid_hsp": [0.09847755819799779, 0.011264223901387349, 0.0], "k_pid_vsp": [292.94687076665593, 307.0029666248519, 19.905301600864938]}, "datetime": {"datetime": "2025-08-12 01:30:48", "elapsed": 32728.290971517563, "delta": 17.46621036529541}, "costs": {"total_cost": 186.4624688337466, "time_cost": 70.987, "final_distance_cost": 1.8194163035050703, "oscillation_cost": 26.739952515622594, "completition_cost": 0.0, "overshoot_cost": 50.89952808156198, "power_cost": 18.22569962158203, "noise_cost": 17.79087231147494, "n_waypoints_completed": 9, "tot_waypoints": 9}}
{"target": -1739.131307107197, "params": {"k_pid_pos": [1.8034346552870686, 0.024859491386256316, 0.40092638265648595], "k_pid_alt": [1.9294269632989844, 0.0, 0.06527723447865985], "k_pid_att": [37.12179941719916, 2.6298254890628097, 0.3301527476617453], "k_pid_yaw": [0.5, 1e-06, 0.1], "k_pid_hsp": [0.09847755819799779, 0.041997352724737036, 0.6842015212410669], "k_pid_vsp": [292.94687076665593, 44.88092472225945, 21.011196465382298]}, "datetime": {"datetime": "2025-08-12 01:31:21", "elapsed": 32760.912584543228, "delta": 32.62161302566528}, "costs": {"total_cost": 1739.131307107197, "time_cost": 150, "final_distance_cost": 70.04562478954568, "oscillation_cost": 691.9349397593842, "completition_cost": 666.6666666666667, "overshoot_cost": 98.78921860283175, "power_cost": 34.14753286132812, "noise_cost": 27.54732442744062, "n_waypoints_completed": 3, "tot_waypoints": 9}}
{"target": -1870.1494285011963, "params": {"k_pid_pos": [0.7545197740495657, 0.024859491386256316, 0.483273595217213], "k_pid_alt": [1.7297729984189598, 0.0, 0.37635839979980057], "k_pid_att": [54.227890723214855, 5.859554809351448, 0.666719676683535], "k_pid_yaw": [0.5, 1e-06, 0.1], "k_pid_hsp": [0.09847755819799779, 0.011264223901387349, 0.298002364448984], "k_pid_vsp": [264.9966777379314, 140.03862743104432, 2.77343605205192]}, "datetime": {"datetime": "2025-08-12 01:31:52", "elapsed": 32791.807144880295, "delta": 30.89456033706665}, "costs": {"total_cost": 1870.1494285011963, "time_cost": 150, "final_distance_cost": 84.4946524234421, "oscillation_cost": 809.4393824602662, "completition_cost": 666.6666666666667, "overshoot_cost": 95.855746083493, "power_cost": 33.517560607910156, "noise_cost": 30.175420259418207, "n_waypoints_completed": 3, "tot_waypoints": 9}}
{"target": -184.19029373761404, "params": {"k_pid_pos": [1.0031316701085804, 0.024859491386256316, 0.40092638265648595], "k_pid_alt": [1.7297729984189598, 0.0, 0.06527723447865985], "k_pid_att": [32.194164172814396, 5.859554809351448, 0.666719676683535], "k_pid_yaw": [0.5, 1e-06, 0.1], "k_pid_hsp": [0.09847755819799779, 0.011264223901387349, 0.0], "k_pid_vsp": [264.9966777379314, 307.0029666248519, 21.011196465382298]}, "datetime": {"datetime": "2025-08-12 01:32:10", "elapsed": 32809.82596516609, "delta": 18.01882028579712}, "costs": {"total_cost": 184.19029373761404, "time_cost": 70.056, "final_distance_cost": 1.8323144234161957, "oscillation_cost": 26.042678500877987, "completition_cost": 0.0, "overshoot_cost": 50.3864932813518, "power_cost": 18.132564562988282, "noise_cost": 17.740242968979796, "n_waypoints_completed": 9, "tot_waypoints": 9}}
{"target": -1017.1975747276799, "params": {"k_pid_pos": [1.0031316701085804, 0.024859491386256316, 0.40092638265648595], "k_pid_alt": [1.7297729984189598, 0.0, 0.06527723447865985], "k_pid_att": [24.0942673894178, 0.18205753750414305, 0.666719676683535], "k_pid_yaw": [0.5, 1e-06, 0.1], "k_pid_hsp": [0.09847755819799779, 0.7709548990052254, 0.0], "k_pid_vsp": [292.94687076665593, 307.0029666248519, 21.011196465382298]}, "datetime": {"datetime": "2025-08-12 01:32:41", "elapsed": 32840.54535865784, "delta": 30.719393491744995}, "costs": {"total_cost": 1017.1975747276799, "time_cost": 150, "final_distance_cost": 47.134530597086176, "oscillation_cost": 133.11492227783552, "completition_cost": 555.5555555555555, "overshoot_cost": 62.44142894776745, "power_cost": 35.41856130371094, "noise_cost": 33.53257604572419, "n_waypoints_completed": 4, "tot_waypoints": 9}}
{"target": -184.2113930625398, "params": {"k_pid_pos": [1.0031316701085804, 0.024859491386256316, 0.40092638265648595], "k_pid_alt": [1.7297729984189598, 0.0, 0.06527723447865985], "k_pid_att": [37.12179941719916, 2.8503329366774977, 0.666719676683535], "k_pid_yaw": [0.5, 1e-06, 0.1], "k_pid_hsp": [0.09847755819799779, 0.011264223901387349, 0.0], "k_pid_vsp": [264.9966777379314, 273.5353972576295, 21.011196465382298]}, "datetime": {"datetime": "2025-08-12 01:32:58", "elapsed": 32858.03460931778, "delta": 17.489250659942627}, "costs": {"total_cost": 184.2113930625398, "time_cost": 70.09100000000001, "final_distance_cost": 1.822837911399703, "oscillation_cost": 25.986987962129735, "completition_cost": 0.0, "overshoot_cost": 50.398524045137435, "power_cost": 18.11184296875, "noise_cost": 17.800200175122917, "n_waypoints_completed": 9, "tot_waypoints": 9}}
{"target": -827.2924168371497, "params": {"k_pid_pos": [1.0031316701085804, 0.623941579046508, 0.40092638265648595], "k_pid_alt": [1.7297729984189598, 0.0, 0.06527723447865985], "k_pid_att": [24.0942673894178, 0.18205753750414305, 0.666719676683535], "k_pid_yaw": [0.5, 1e-06, 0.1], "k_pid_hsp": [0.09847755819799779, 0.5338140877098506, 0.0], "k_pid_vsp": [292.94687076665593, 307.0029666248519, 21.011196465382298]}, "datetime": {"datetime": "2025-08-12 01:33:29", "elapsed": 32889.1348567009, "delta": 31.100247383117676}, "costs": {"total_cost": 827.2924168371497, "time_cost": 150, "final_distance_cost": 73.7793942751479, "oscillation_cost": 129.85506233530563, "completition_cost": 333.33333333333337, "overshoot_cost": 71.99642985010976, "power_cost": 35.094676977539066, "noise_cost": 33.23352006571407, "n_waypoints_completed": 6, "tot_waypoints": 9}}
{"target": -190.72866654598764, "params": {"k_pid_pos": [1.8034346552870686, 0.024859491386256316, 0.40092638265648595], "k_pid_alt": [1.7297729984189598, 0.0, 0.6683949116493773], "k_pid_att": [83.24205936752172, 0.18205753750414305, 0.666719676683535], "k_pid_yaw": [0.5, 1e-06, 0.1], "k_pid_hsp": [0.09847755819799779, 0.011264223901387349, 0.0], "k_pid_vsp": [170.97439258889042, 307.0029666248519, 21.011196465382298]}, "datetime": {"datetime": "2025-08-12 01:33:49", "elapsed": 32908.85259222984, "delta": 19.717735528945923}, "costs": {"total_cost": 190.72866654598764, "time_cost": 70.126, "final_distance_cost": 1.7661829776772198, "oscillation_cost": 31.7140258806429, "completition_cost": 0.0, "overshoot_cost": 51.1803851080971, "power_cost": 18.246585742187502, "noise_cost": 17.69548683738291, "n_waypoints_completed": 9, "tot_waypoints": 9}}
{"target": -185.6260893848407, "params": {"k_pid_pos": [1.0031316701085804, 0.024859491386256316, 0.40092638265648595], "k_pid_alt": [1.7297729984189598, 0.028806210149256217, 0.06527723447865985], "k_pid_att": [37.12179941719916, 5.6580295118978245, 0.9623745068707039], "k_pid_yaw": [0.5, 1e-06, 0.1], "k_pid_hsp": [0.09847755819799779, 0.011264223901387349, 0.0], "k_pid_vsp": [387.1470188825909, 307.0029666248519, 21.011196465382298]}, "datetime": {"datetime": "2025-08-12 01:34:07", "elapsed": 32926.6424677372, "delta": 17.789875507354736}, "costs": {"total_cost": 185.6260893848407, "time_cost": 70.854, "final_distance_cost": 1.8356029123786402, "oscillation_cost": 25.42495323449362, "completition_cost": 0.0, "overshoot_cost": 51.37206336541727, "power_cost": 18.226178430175782, "noise_cost": 17.913291442375364, "n_waypoints_completed": 9, "tot_waypoints": 9}}
{"target": -872.9225062002048, "params": {"k_pid_pos": [1.0031316701085804, 0.5863322269513203, 0.40092638265648595], "k_pid_alt": [1.7297729984189598, 0.0, 0.06527723447865985], "k_pid_att": [4.147090465977355, 9.545016992888707, 0.666719676683535], "k_pid_yaw": [0.5, 1e-06, 0.1], "k_pid_hsp": [0.09847755819799779, 0.011264223901387349, 0.8981342811795512], "k_pid_vsp": [264.9966777379314, 307.0029666248519, 21.011196465382298]}, "datetime": {"datetime": "2025-08-12 01:34:38", "elapsed": 32958.250096321106, "delta": 31.60762858390808}, "costs": {"total_cost": 872.9225062002048, "time_cost": 150, "final_distance_cost": 68.5519302882219, "oscillation_cost": 178.51777394989503, "completition_cost": 333.33333333333337, "overshoot_cost": 83.84426301701761, "power_cost": 31.405306103515628, "noise_cost": 27.26989950822125, "n_waypoints_completed": 6, "tot_waypoints": 9}}
{"target": -194.18274122962097, "params": {"k_pid_pos": [1.5073823265605182, 0.024859491386256316, 0.40092638265648595], "k_pid_alt": [1.9294269632989844, 0.03163609357351849, 0.06527723447865985], "k_pid_att": [37.12179941719916, 2.6298254890628097, 0.3301527476617453], "k_pid_yaw": [0.5, 1e-06, 0.1], "k_pid_hsp": [0.09847755819799779, 0.041997352724737036, 0.0], "k_pid_vsp": [264.9966777379314, 307.0029666248519, 21.011196465382298]}, "datetime": {"datetime": "2025-08-12 01:34:57", "elapsed": 32977.26982545853, "delta": 19.019729137420654}, "costs": {"total_cost": 194.18274122962097, "time_cost": 70.455, "final_distance_cost": 1.8212526185985318, "oscillation_cost": 34.07918350304756, "completition_cost": 0.0, "overshoot_cost": 51.00811859111374, "power_cost": 18.750448083496096, "noise_cost": 18.06873843336503, "n_waypoints_completed": 9, "tot_waypoints": 9}}
{"target": -187.9828064055804, "params": {"k_pid_pos": [1.5164821318119608, 0.024859491386256316, 0.40092638265648595], "k_pid_alt": [1.7297729984189598, 0.0, 0.06527723447865985], "k_pid_att": [25.997073188089082, 0.18205753750414305, 0.666719676683535], "k_pid_yaw": [0.5, 1e-06, 0.1], "k_pid_hsp": [0.09847755819799779, 0.011264223901387349, 0.0], "k_pid_vsp": [292.94687076665593, 98.63337078029946, 21.011196465382298]}, "datetime": {"datetime": "2025-08-12 01:35:17", "elapsed": 32997.00517272949, "delta": 19.735347270965576}, "costs": {"total_cost": 187.9828064055804, "time_cost": 69.755, "final_distance_cost": 1.7948453224332017, "oscillation_cost": 29.207075630474396, "completition_cost": 0.0, "overshoot_cost": 51.411592546407256, "power_cost": 18.03363875732422, "noise_cost": 17.780654148941327, "n_waypoints_completed": 9, "tot_waypoints": 9}}
{"target": -1462.6679964776238, "params": {"k_pid_pos": [1.0031316701085804, 0.12166711107490247, 0.40092638265648595], "k_pid_alt": [1.7297729984189598, 0.0, 0.06527723447865985], "k_pid_att": [24.0942673894178, 0.18205753750414305, 0.666719676683535], "k_pid_yaw": [0.5, 1e-06, 0.1], "k_pid_hsp": [2.3991572605295537, 0.011264223901387349, 0.0], "k_pid_vsp": [117.53724514392157, 376.6167462867098, 375.44518739821063]}, "datetime": {"datetime": "2025-08-12 01:35:54", "elapsed": 33033.990558862686, "delta": 36.98538613319397}, "costs": {"total_cost": 1462.6679964776238, "time_cost": 150, "final_distance_cost": 0.9973985355324746, "oscillation_cost": 4.457635091443726, "completition_cost": 1000.0, "overshoot_cost": 163.0625969476789, "power_cost": 29.306952270507814, "noise_cost": 114.84341363246078, "n_waypoints_completed": 0, "tot_waypoints": 9}}
