{"target": -1455.041645437678, "params": {"k_pid_pos": [1.0031316701085804, 0.024859491386256316, 0.44963268842268056], "k_pid_alt": [1.394383142748206, 0.0, 0.06527723447865985], "k_pid_att": [24.0942673894178, 1.109420231168994, 0.17039554323513206], "k_pid_yaw": [0.5, 1e-06, 0.1], "k_pid_hsp": [0.09847755819799779, 0.011264223901387349, 0.0], "k_pid_vsp": [279.31855783528204, 336.89689932622207, 307.68131284402733]}, "datetime": {"datetime": "2025-08-11 20:13:58", "elapsed": 13717.49060845375, "delta": 29.88077425956726}, "costs": {"total_cost": 1455.041645437678, "time_cost": 150, "final_distance_cost": 0.998719210662559, "oscillation_cost": 3.3614659862392244, "completition_cost": 1000.0, "overshoot_cost": 162.27135253324155, "power_cost": 29.389403820800784, "noise_cost": 109.02070388673413, "n_waypoints_completed": 0, "tot_waypoints": 9}}
{"target": -184.9985303697798, "params": {"k_pid_pos": [1.0031316701085804, 0.024859491386256316, 0.44963268842268056], "k_pid_alt": [1.2679502233621702, 0.0, 0.06527723447865985], "k_pid_att": [24.0942673894178, 3.7802132718527557, 0.1845336041603497], "k_pid_yaw": [0.5, 1e-06, 0.1], "k_pid_hsp": [0.09847755819799779, 0.011264223901387349, 0.0], "k_pid_vsp": [279.31855783528204, 336.89689932622207, 62.564861685850005]}, "datetime": {"datetime": "2025-08-11 20:14:15", "elapsed": 13735.063734054565, "delta": 17.57312560081482}, "costs": {"total_cost": 184.9985303697798, "time_cost": 70.756, "final_distance_cost": 1.8296624898101252, "oscillation_cost": 25.92040249377883, "completition_cost": 0.0, "overshoot_cost": 50.67362444698116, "power_cost": 18.17354315185547, "noise_cost": 17.645297787354224, "n_waypoints_completed": 9, "tot_waypoints": 9}}
{"target": -184.9985303697798, "params": {"k_pid_pos": [1.0031316701085804, 0.024859491386256316, 0.44963268842268056], "k_pid_alt": [1.2679502233621702, 0.0, 0.06527723447865985], "k_pid_att": [24.0942673894178, 3.7802132718527557, 0.1845336041603497], "k_pid_yaw": [0.5, 1e-06, 0.1], "k_pid_hsp": [0.09847755819799779, 0.011264223901387349, 0.0], "k_pid_vsp": [279.31855783528204, 336.89689932622207, 62.564861685850005]}, "datetime": {"datetime": "2025-08-11 20:14:32", "elapsed": 13752.149285554886, "delta": 17.085551500320435}, "costs": {"total_cost": 184.9985303697798, "time_cost": 70.756, "final_distance_cost": 1.8296624898101252, "oscillation_cost": 25.92040249377883, "completition_cost": 0.0, "overshoot_cost": 50.67362444698116, "power_cost": 18.17354315185547, "noise_cost": 17.645297787354224, "n_waypoints_completed": 9, "tot_waypoints": 9}}
{"target": -184.9985303697798, "params": {"k_pid_pos": [1.0031316701085804, 0.024859491386256316, 0.44963268842268056], "k_pid_alt": [1.2679502233621702, 0.0, 0.06527723447865985], "k_pid_att": [24.0942673894178, 3.7802132718527557, 0.1845336041603497], "k_pid_yaw": [0.5, 1e-06, 0.1], "k_pid_hsp": [0.09847755819799779, 0.011264223901387349, 0.0], "k_pid_vsp": [279.31855783528204, 336.89689932622207, 62.564861685850005]}, "datetime": {"datetime": "2025-08-11 20:14:50", "elapsed": 13769.59655547142, "delta": 17.447269916534424}, "costs": {"total_cost": 184.9985303697798, "time_cost": 70.756, "final_distance_cost": 1.8296624898101252, "oscillation_cost": 25.92040249377883, "completition_cost": 0.0, "overshoot_cost": 50.67362444698116, "power_cost": 18.17354315185547, "noise_cost": 17.645297787354224, "n_waypoints_completed": 9, "tot_waypoints": 9}}
{"target": -184.9985303697798, "params": {"k_pid_pos": [1.0031316701085804, 0.024859491386256316, 0.44963268842268056], "k_pid_alt": [1.2679502233621702, 0.0, 0.06527723447865985], "k_pid_att": [24.0942673894178, 3.7802132718527557, 0.1845336041603497], "k_pid_yaw": [0.5, 1e-06, 0.1], "k_pid_hsp": [0.09847755819799779, 0.011264223901387349, 0.0], "k_pid_vsp": [279.31855783528204, 336.89689932622207, 62.564861685850005]}, "datetime": {"datetime": "2025-08-11 20:15:08", "elapsed": 13787.503957271576, "delta": 17.90740180015564}, "costs": {"total_cost": 184.9985303697798, "time_cost": 70.756, "final_distance_cost": 1.8296624898101252, "oscillation_cost": 25.92040249377883, "completition_cost": 0.0, "overshoot_cost": 50.67362444698116, "power_cost": 18.17354315185547, "noise_cost": 17.645297787354224, "n_waypoints_completed": 9, "tot_waypoints": 9}}
{"target": -1624.7295941629518, "params": {"k_pid_pos": [1.0031316701085804, 0.7766559899840447, 0.44963268842268056], "k_pid_alt": [1.2679502233621702, 0.0, 0.06527723447865985], "k_pid_att": [24.0942673894178, 3.7802132718527557, 0.1845336041603497], "k_pid_yaw": [0.5, 1e-06, 0.1], "k_pid_hsp": [0.09847755819799779, 0.011264223901387349, 0.8079184187081999], "k_pid_vsp": [279.31855783528204, 336.89689932622207, 62.564861685850005]}, "datetime": {"datetime": "2025-08-11 20:15:37", "elapsed": 13816.768132925034, "delta": 29.26417565345764}, "costs": {"total_cost": 1624.7295941629518, "time_cost": 150, "final_distance_cost": 54.66545229733178, "oscillation_cost": 609.1637307028677, "completition_cost": 666.6666666666667, "overshoot_cost": 85.11066641474352, "power_cost": 31.254208605957032, "noise_cost": 27.86886947538507, "n_waypoints_completed": 3, "tot_waypoints": 9}}
{"target": -184.91787874958192, "params": {"k_pid_pos": [1.0031316701085804, 0.024859491386256316, 0.44963268842268056], "k_pid_alt": [1.795722219278775, 0.0, 0.06527723447865985], "k_pid_att": [24.0942673894178, 3.9650988168623, 0.1845336041603497], "k_pid_yaw": [0.5, 1e-06, 0.1], "k_pid_hsp": [0.09847755819799779, 0.011264223901387349, 0.0], "k_pid_vsp": [279.31855783528204, 336.89689932622207, 62.564861685850005]}, "datetime": {"datetime": "2025-08-11 20:15:54", "elapsed": 13834.208407402039, "delta": 17.440274477005005}, "costs": {"total_cost": 184.91787874958192, "time_cost": 70.686, "final_distance_cost": 1.8324993405074053, "oscillation_cost": 25.497850467437022, "completition_cost": 0.0, "overshoot_cost": 51.01650501657784, "power_cost": 18.168100354003908, "noise_cost": 17.71692357105572, "n_waypoints_completed": 9, "tot_waypoints": 9}}
{"target": -1695.2013224891577, "params": {"k_pid_pos": [1.0031316701085804, 0.024859491386256316, 0.44963268842268056], "k_pid_alt": [1.2679502233621702, 0.0, 0.06527723447865985], "k_pid_att": [24.0942673894178, 3.7802132718527557, 0.1845336041603497], "k_pid_yaw": [0.5, 1e-06, 0.1], "k_pid_hsp": [0.09847755819799779, 0.011264223901387349, 0.855111440485344], "k_pid_vsp": [279.31855783528204, 336.89689932622207, 62.564861685850005]}, "datetime": {"datetime": "2025-08-11 20:16:25", "elapsed": 13864.417053222656, "delta": 30.208645820617676}, "costs": {"total_cost": 1695.2013224891577, "time_cost": 150, "final_distance_cost": 69.7188134452674, "oscillation_cost": 654.22092454605, "completition_cost": 666.6666666666667, "overshoot_cost": 94.61943512927235, "power_cost": 31.931569970703126, "noise_cost": 28.043912731198194, "n_waypoints_completed": 3, "tot_waypoints": 9}}
{"target": -1133.293469453428, "params": {"k_pid_pos": [1.0031316701085804, 0.024859491386256316, 0.44963268842268056], "k_pid_alt": [1.9379834684878636, 0.0, 0.06527723447865985], "k_pid_att": [24.0942673894178, 2.79325987156934, 0.9669350405079173], "k_pid_yaw": [0.5, 1e-06, 0.1], "k_pid_hsp": [0.09847755819799779, 0.011264223901387349, 0.48397499846555336], "k_pid_vsp": [279.31855783528204, 336.89689932622207, 62.564861685850005]}, "datetime": {"datetime": "2025-08-11 20:16:54", "elapsed": 13894.274034261703, "delta": 29.85698103904724}, "costs": {"total_cost": 1133.293469453428, "time_cost": 150, "final_distance_cost": 67.29277591463475, "oscillation_cost": 441.74540163400656, "completition_cost": 333.33333333333337, "overshoot_cost": 81.92407922451409, "power_cost": 31.49445037841797, "noise_cost": 27.50342896852135, "n_waypoints_completed": 6, "tot_waypoints": 9}}
{"target": -190.95683500029875, "params": {"k_pid_pos": [1.3885554450422086, 0.024859491386256316, 0.06327155149462471], "k_pid_alt": [1.1424381546674114, 0.0, 0.06527723447865985], "k_pid_att": [24.0942673894178, 0.0889010446451618, 0.1845336041603497], "k_pid_yaw": [0.5, 1e-06, 0.1], "k_pid_hsp": [0.09847755819799779, 0.011264223901387349, 0.0], "k_pid_vsp": [279.31855783528204, 336.89689932622207, 62.564861685850005]}, "datetime": {"datetime": "2025-08-11 20:17:12", "elapsed": 13911.825115680695, "delta": 17.55108141899109}, "costs": {"total_cost": 190.95683500029875, "time_cost": 70.511, "final_distance_cost": 1.7673500422745243, "oscillation_cost": 31.391902558445675, "completition_cost": 0.0, "overshoot_cost": 51.39847155230924, "power_cost": 18.35122293701172, "noise_cost": 17.53688791025757, "n_waypoints_completed": 9, "tot_waypoints": 9}}
{"target": -321.3484065045456, "params": {"k_pid_pos": [0.3597277290261015, 0.024859491386256316, 0.44963268842268056], "k_pid_alt": [1.2679502233621702, 0.0, 0.06527723447865985], "k_pid_att": [24.0942673894178, 3.7802132718527557, 0.1845336041603497], "k_pid_yaw": [0.5, 1e-06, 0.1], "k_pid_hsp": [0.09847755819799779, 0.42821208748488515, 0.0], "k_pid_vsp": [250.4409247236842, 336.89689932622207, 10.0]}, "datetime": {"datetime": "2025-08-11 20:17:39", "elapsed": 13939.112205505371, "delta": 27.287089824676514}, "costs": {"total_cost": 321.3484065045456, "time_cost": 107.289, "final_distance_cost": 1.8569817811424145, "oscillation_cost": 90.33523722960084, "completition_cost": 0.0, "overshoot_cost": 61.93682688283156, "power_cost": 27.848991223144534, "noise_cost": 32.081369387826285, "n_waypoints_completed": 9, "tot_waypoints": 9}}
{"target": -199.91144668926972, "params": {"k_pid_pos": [1.0031316701085804, 0.024859491386256316, 0.44963268842268056], "k_pid_alt": [1.2679502233621702, 0.22449205087189628, 0.06527723447865985], "k_pid_att": [24.0942673894178, 3.9650988168623, 0.1845336041603497], "k_pid_yaw": [0.5, 1e-06, 0.1], "k_pid_hsp": [0.09847755819799779, 0.011264223901387349, 0.0], "k_pid_vsp": [279.31855783528204, 336.89689932622207, 62.564861685850005]}, "datetime": {"datetime": "2025-08-11 20:17:59", "elapsed": 13958.659980297089, "delta": 19.54777479171753}, "costs": {"total_cost": 199.91144668926972, "time_cost": 79.905, "final_distance_cost": 1.8031408896360037, "oscillation_cost": 26.633418091974285, "completition_cost": 0.0, "overshoot_cost": 52.21428237979818, "power_cost": 20.298238793945313, "noise_cost": 19.05736653391596, "n_waypoints_completed": 9, "tot_waypoints": 9}}
{"target": -1462.3921346451818, "params": {"k_pid_pos": [1.900292756797936, 0.024859491386256316, 0.44963268842268056], "k_pid_alt": [1.2679502233621702, 0.0, 0.06527723447865985], "k_pid_att": [24.0942673894178, 3.7802132718527557, 0.837110513405392], "k_pid_yaw": [0.5, 1e-06, 0.1], "k_pid_hsp": [0.09847755819799779, 0.011264223901387349, 0.0], "k_pid_vsp": [3.1458759584375606, 383.1463585968337, 225.56621106983374]}, "datetime": {"datetime": "2025-08-11 20:18:29", "elapsed": 13988.555683612823, "delta": 29.895703315734863}, "costs": {"total_cost": 1462.3921346451818, "time_cost": 150, "final_distance_cost": 0.9986142770380058, "oscillation_cost": 4.892234838831977, "completition_cost": 1000.0, "overshoot_cost": 163.06039947045457, "power_cost": 29.218149670410156, "noise_cost": 114.22273638844723, "n_waypoints_completed": 0, "tot_waypoints": 9}}
{"target": -186.7461807701504, "params": {"k_pid_pos": [1.0031316701085804, 0.024859491386256316, 0.44963268842268056], "k_pid_alt": [1.2679502233621702, 0.0, 0.06527723447865985], "k_pid_att": [70.93958205800527, 3.7802132718527557, 0.1845336041603497], "k_pid_yaw": [0.5, 1e-06, 0.1], "k_pid_hsp": [0.09847755819799779, 0.011264223901387349, 0.0], "k_pid_vsp": [279.31855783528204, 336.89689932622207, 62.564861685850005]}, "datetime": {"datetime": "2025-08-11 20:18:46", "elapsed": 14006.154442071915, "delta": 17.598758459091187}, "costs": {"total_cost": 186.7461807701504, "time_cost": 70.917, "final_distance_cost": 1.835719187727796, "oscillation_cost": 26.816910193028715, "completition_cost": 0.0, "overshoot_cost": 51.159542951772686, "power_cost": 18.232575, "noise_cost": 17.78443343762121, "n_waypoints_completed": 9, "tot_waypoints": 9}}
{"target": -241.21029207031538, "params": {"k_pid_pos": [1.0031316701085804, 0.8185488820337248, 0.44963268842268056], "k_pid_alt": [1.2679502233621702, 0.0, 0.06527723447865985], "k_pid_att": [24.0942673894178, 3.7802132718527557, 0.1845336041603497], "k_pid_yaw": [0.5, 1e-06, 0.1], "k_pid_hsp": [0.09847755819799779, 0.011264223901387349, 0.0], "k_pid_vsp": [279.31855783528204, 336.89689932622207, 62.564861685850005]}, "datetime": {"datetime": "2025-08-11 20:19:10", "elapsed": 14029.555527210236, "delta": 23.401085138320923}, "costs": {"total_cost": 241.21029207031538, "time_cost": 94.35300000000001, "final_distance_cost": 1.7423980892534008, "oscillation_cost": 38.956708084825244, "completition_cost": 0.0, "overshoot_cost": 57.46342738273617, "power_cost": 24.7479072265625, "noise_cost": 23.946851286938056, "n_waypoints_completed": 9, "tot_waypoints": 9}}
{"target": -216.4065812053552, "params": {"k_pid_pos": [1.0031316701085804, 0.024859491386256316, 0.44963268842268056], "k_pid_alt": [1.2679502233621702, 0.0, 0.06527723447865985], "k_pid_att": [24.0942673894178, 3.7802132718527557, 0.1845336041603497], "k_pid_yaw": [0.5, 1e-06, 0.1], "k_pid_hsp": [3.022941925987454, 0.011264223901387349, 0.0], "k_pid_vsp": [279.31855783528204, 336.89689932622207, 62.564861685850005]}, "datetime": {"datetime": "2025-08-11 20:19:28", "elapsed": 14047.985645771027, "delta": 18.430118560791016}, "costs": {"total_cost": 216.4065812053552, "time_cost": 74.396, "final_distance_cost": 1.8509882668505033, "oscillation_cost": 49.744052041676596, "completition_cost": 0.0, "overshoot_cost": 51.34347440955418, "power_cost": 19.667316711425784, "noise_cost": 19.404749775848092, "n_waypoints_completed": 9, "tot_waypoints": 9}}
{"target": -623.5092417046595, "params": {"k_pid_pos": [1.0031316701085804, 0.024859491386256316, 0.44963268842268056], "k_pid_alt": [1.2679502233621702, 0.0, 0.06527723447865985], "k_pid_att": [24.0942673894178, 3.7802132718527557, 0.34464953207076743], "k_pid_yaw": [0.5, 1e-06, 0.1], "k_pid_hsp": [0.09847755819799779, 0.011264223901387349, 0.17541250419709298], "k_pid_vsp": [279.31855783528204, 336.89689932622207, 62.564861685850005]}, "datetime": {"datetime": "2025-08-11 20:19:52", "elapsed": 14071.738842725754, "delta": 23.753196954727173}, "costs": {"total_cost": 623.5092417046595, "time_cost": 96.866, "final_distance_cost": 1.8057646478006173, "oscillation_cost": 401.67885678526693, "completition_cost": 0.0, "overshoot_cost": 69.82114804726046, "power_cost": 25.963388146972658, "noise_cost": 27.374084077358805, "n_waypoints_completed": 9, "tot_waypoints": 9}}
{"target": -188.7430945794185, "params": {"k_pid_pos": [1.0031316701085804, 0.024859491386256316, 0.44963268842268056], "k_pid_alt": [0.8815334174028542, 0.0, 0.5500846473514374], "k_pid_att": [24.0942673894178, 2.79325987156934, 0.970432917090323], "k_pid_yaw": [0.5, 1e-06, 0.1], "k_pid_hsp": [0.09847755819799779, 0.005322982040420254, 0.0], "k_pid_vsp": [279.31855783528204, 336.89689932622207, 62.564861685850005]}, "datetime": {"datetime": "2025-08-11 20:20:11", "elapsed": 14090.560925722122, "delta": 18.822082996368408}, "costs": {"total_cost": 188.7430945794185, "time_cost": 74.34, "final_distance_cost": 1.8388624946393248, "oscillation_cost": 24.948197088277716, "completition_cost": 0.0, "overshoot_cost": 51.055856451449664, "power_cost": 18.926951611328125, "noise_cost": 17.633226933723677, "n_waypoints_completed": 9, "tot_waypoints": 9}}
{"target": -231.63187533073463, "params": {"k_pid_pos": [1.0031316701085804, 0.7442837605818863, 0.44963268842268056], "k_pid_alt": [1.2679502233621702, 0.0, 0.06527723447865985], "k_pid_att": [24.0942673894178, 3.7802132718527557, 0.1845336041603497], "k_pid_yaw": [0.5, 1e-06, 0.1], "k_pid_hsp": [0.09847755819799779, 0.011264223901387349, 0.0], "k_pid_vsp": [279.31855783528204, 336.89689932622207, 62.564861685850005]}, "datetime": {"datetime": "2025-08-11 20:20:33", "elapsed": 14112.592783212662, "delta": 22.03185749053955}, "costs": {"total_cost": 231.63187533073463, "time_cost": 90.818, "final_distance_cost": 1.7573954968948409, "oscillation_cost": 36.236752258111764, "completition_cost": 0.0, "overshoot_cost": 56.267101306876455, "power_cost": 23.719755139160156, "noise_cost": 22.83287112969142, "n_waypoints_completed": 9, "tot_waypoints": 9}}
{"target": -193.21268224051147, "params": {"k_pid_pos": [1.0031316701085804, 0.3450134284667753, 0.44963268842268056], "k_pid_alt": [1.2679502233621702, 0.0, 0.06527723447865985], "k_pid_att": [24.0942673894178, 3.7802132718527557, 0.1845336041603497], "k_pid_yaw": [0.5, 1e-06, 0.1], "k_pid_hsp": [0.09847755819799779, 0.011264223901387349, 0.0], "k_pid_vsp": [319.7148474646652, 336.89689932622207, 62.564861685850005]}, "datetime": {"datetime": "2025-08-11 20:20:51", "elapsed": 14131.348955869675, "delta": 18.75617265701294}, "costs": {"total_cost": 193.21268224051147, "time_cost": 74.809, "final_distance_cost": 1.8003544108673906, "oscillation_cost": 27.414016028776533, "completition_cost": 0.0, "overshoot_cost": 50.99694803738352, "power_cost": 19.49824951171875, "noise_cost": 18.69411425176528, "n_waypoints_completed": 9, "tot_waypoints": 9}}
{"target": -184.9985303697798, "params": {"k_pid_pos": [1.0031316701085804, 0.024859491386256316, 0.44963268842268056], "k_pid_alt": [1.2679502233621702, 0.0, 0.06527723447865985], "k_pid_att": [24.0942673894178, 3.7802132718527557, 0.1845336041603497], "k_pid_yaw": [0.5, 1e-06, 0.1], "k_pid_hsp": [0.09847755819799779, 0.011264223901387349, 0.0], "k_pid_vsp": [279.31855783528204, 336.89689932622207, 62.564861685850005]}, "datetime": {"datetime": "2025-08-11 20:21:10", "elapsed": 14150.177340269089, "delta": 18.828384399414062}, "costs": {"total_cost": 184.9985303697798, "time_cost": 70.756, "final_distance_cost": 1.8296624898101252, "oscillation_cost": 25.92040249377883, "completition_cost": 0.0, "overshoot_cost": 50.67362444698116, "power_cost": 18.17354315185547, "noise_cost": 17.645297787354224, "n_waypoints_completed": 9, "tot_waypoints": 9}}
{"target": -184.9985303697798, "params": {"k_pid_pos": [1.0031316701085804, 0.024859491386256316, 0.44963268842268056], "k_pid_alt": [1.2679502233621702, 0.0, 0.06527723447865985], "k_pid_att": [24.0942673894178, 3.7802132718527557, 0.1845336041603497], "k_pid_yaw": [0.5, 1e-06, 0.1], "k_pid_hsp": [0.09847755819799779, 0.011264223901387349, 0.0], "k_pid_vsp": [279.31855783528204, 336.89689932622207, 62.564861685850005]}, "datetime": {"datetime": "2025-08-11 20:21:30", "elapsed": 14169.480285406113, "delta": 19.302945137023926}, "costs": {"total_cost": 184.9985303697798, "time_cost": 70.756, "final_distance_cost": 1.8296624898101252, "oscillation_cost": 25.92040249377883, "completition_cost": 0.0, "overshoot_cost": 50.67362444698116, "power_cost": 18.17354315185547, "noise_cost": 17.645297787354224, "n_waypoints_completed": 9, "tot_waypoints": 9}}
{"target": -199.18001091222618, "params": {"k_pid_pos": [1.0031316701085804, 0.024859491386256316, 0.44963268842268056], "k_pid_alt": [1.2679502233621702, 0.29163435653851655, 0.06527723447865985], "k_pid_att": [24.0942673894178, 3.7802132718527557, 0.1845336041603497], "k_pid_yaw": [0.5, 1e-06, 0.1], "k_pid_hsp": [0.09847755819799779, 0.011264223901387349, 0.0], "k_pid_vsp": [41.64647012461127, 336.89689932622207, 62.564861685850005]}, "datetime": {"datetime": "2025-08-11 20:21:49", "elapsed": 14189.376019239426, "delta": 19.89573383331299}, "costs": {"total_cost": 199.18001091222618, "time_cost": 79.422, "final_distance_cost": 1.7501401689916427, "oscillation_cost": 27.607649732534778, "completition_cost": 0.0, "overshoot_cost": 51.62565253040202, "power_cost": 20.400949145507813, "noise_cost": 18.37361933478991, "n_waypoints_completed": 9, "tot_waypoints": 9}}
{"target": -1809.57848799852, "params": {"k_pid_pos": [1.6189603226539637, 0.024859491386256316, 0.44963268842268056], "k_pid_alt": [1.2679502233621702, 0.0, 0.06527723447865985], "k_pid_att": [24.0942673894178, 3.9650988168623, 0.1845336041603497], "k_pid_yaw": [0.5, 1e-06, 0.1], "k_pid_hsp": [0.09847755819799779, 0.011264223901387349, 0.5270159168277156], "k_pid_vsp": [279.31855783528204, 336.89689932622207, 62.564861685850005]}, "datetime": {"datetime": "2025-08-11 20:22:20", "elapsed": 14219.891165733337, "delta": 30.515146493911743}, "costs": {"total_cost": 1809.57848799852, "time_cost": 150, "final_distance_cost": 83.91345436006937, "oscillation_cost": 689.944120414667, "completition_cost": 777.7777777777778, "overshoot_cost": 46.94688899336785, "power_cost": 32.77883594970703, "noise_cost": 28.217410502930896, "n_waypoints_completed": 2, "tot_waypoints": 9}}
{"target": -184.9985303697798, "params": {"k_pid_pos": [1.0031316701085804, 0.024859491386256316, 0.44963268842268056], "k_pid_alt": [1.2679502233621702, 0.0, 0.06527723447865985], "k_pid_att": [24.0942673894178, 3.7802132718527557, 0.1845336041603497], "k_pid_yaw": [0.5, 1e-06, 0.1], "k_pid_hsp": [0.09847755819799779, 0.011264223901387349, 0.0], "k_pid_vsp": [279.31855783528204, 336.89689932622207, 62.564861685850005]}, "datetime": {"datetime": "2025-08-11 20:22:38", "elapsed": 14237.925124168396, "delta": 18.033958435058594}, "costs": {"total_cost": 184.9985303697798, "time_cost": 70.756, "final_distance_cost": 1.8296624898101252, "oscillation_cost": 25.92040249377883, "completition_cost": 0.0, "overshoot_cost": 50.67362444698116, "power_cost": 18.17354315185547, "noise_cost": 17.645297787354224, "n_waypoints_completed": 9, "tot_waypoints": 9}}
