{"target": -1456.4269199314767, "params": {"k_pid_pos": [1.0031316701085804, 0.024859491386256316, 0.40092638265648595], "k_pid_alt": [1.2679502233621702, 0.0, 0.06527723447865985], "k_pid_att": [24.0942673894178, 0.18205753750414305, 0.8792759721912583], "k_pid_yaw": [0.5, 1e-06, 0.1], "k_pid_hsp": [0.09847755819799779, 0.011264223901387349, 0.0], "k_pid_vsp": [292.94687076665593, 307.0029666248519, 296.34227500557057]}, "datetime": {"datetime": "2025-08-11 22:45:33", "elapsed": 22813.29446721077, "delta": 30.670074939727783}, "costs": {"total_cost": 1456.4269199314767, "time_cost": 150, "final_distance_cost": 0.9978555553359656, "oscillation_cost": 3.3838344314297757, "completition_cost": 1000.0, "overshoot_cost": 162.43405909452585, "power_cost": 29.372080590820314, "noise_cost": 110.23909025936499, "n_waypoints_completed": 0, "tot_waypoints": 9}}
{"target": -184.36564231796976, "params": {"k_pid_pos": [1.0031316701085804, 0.019460639298323645, 0.40092638265648595], "k_pid_alt": [1.2679502233621702, 0.0, 0.06527723447865985], "k_pid_att": [24.0942673894178, 0.18205753750414305, 0.8792759721912583], "k_pid_yaw": [0.5, 1e-06, 0.1], "k_pid_hsp": [0.09847755819799779, 0.011264223901387349, 0.0], "k_pid_vsp": [292.94687076665593, 328.58176268426536, 21.011196465382298]}, "datetime": {"datetime": "2025-08-11 22:45:51", "elapsed": 22830.841254472733, "delta": 17.54678726196289}, "costs": {"total_cost": 184.36564231796976, "time_cost": 70.427, "final_distance_cost": 1.8246982636450186, "oscillation_cost": 25.948938053076436, "completition_cost": 0.0, "overshoot_cost": 50.521045280726575, "power_cost": 17.963327197265627, "noise_cost": 17.68063352325609, "n_waypoints_completed": 9, "tot_waypoints": 9}}
{"target": -200.67636058884034, "params": {"k_pid_pos": [1.4531304595830021, 0.024859491386256316, 0.40092638265648595], "k_pid_alt": [1.2679502233621702, 0.0, 0.06527723447865985], "k_pid_att": [24.0942673894178, 0.18205753750414305, 0.8792759721912583], "k_pid_yaw": [0.5, 1e-06, 0.1], "k_pid_hsp": [6.590021097612566, 0.700413119967275, 0.0], "k_pid_vsp": [284.5460512203246, 307.0029666248519, 62.564861685850005]}, "datetime": {"datetime": "2025-08-11 22:46:08", "elapsed": 22848.155420064926, "delta": 17.314165592193604}, "costs": {"total_cost": 200.67636058884034, "time_cost": 69.062, "final_distance_cost": 1.8455348405893277, "oscillation_cost": 44.21707255881907, "completition_cost": 0.0, "overshoot_cost": 49.79700216071698, "power_cost": 18.183424157714846, "noise_cost": 17.571326871000114, "n_waypoints_completed": 9, "tot_waypoints": 9}}
{"target": -213.5187199398945, "params": {"k_pid_pos": [0.9203224573796739, 0.4336784869242679, 0.40092638265648595], "k_pid_alt": [1.102349020346133, 0.778218683794181, 0.06527723447865985], "k_pid_att": [24.0942673894178, 0.18205753750414305, 0.8792759721912583], "k_pid_yaw": [0.5, 1e-06, 0.1], "k_pid_hsp": [0.09847755819799779, 0.011264223901387349, 0.0], "k_pid_vsp": [292.94687076665593, 307.0029666248519, 21.011196465382298]}, "datetime": {"datetime": "2025-08-11 22:46:30", "elapsed": 22870.326585531235, "delta": 22.171165466308594}, "costs": {"total_cost": 213.5187199398945, "time_cost": 85.12, "final_distance_cost": 1.767012989420765, "oscillation_cost": 30.033243159602527, "completition_cost": 0.0, "overshoot_cost": 54.452774361939895, "power_cost": 21.785951428222656, "noise_cost": 20.35973800070866, "n_waypoints_completed": 9, "tot_waypoints": 9}}
{"target": -184.38281515439533, "params": {"k_pid_pos": [1.0031316701085804, 0.024859491386256316, 0.40092638265648595], "k_pid_alt": [1.2679502233621702, 0.0, 0.06527723447865985], "k_pid_att": [24.0942673894178, 0.18205753750414305, 0.8792759721912583], "k_pid_yaw": [0.5, 1e-06, 0.1], "k_pid_hsp": [0.09847755819799779, 0.011264223901387349, 0.0], "k_pid_vsp": [251.5004449007475, 307.0029666248519, 21.011196465382298]}, "datetime": {"datetime": "2025-08-11 22:46:48", "elapsed": 22887.7145550251, "delta": 17.387969493865967}, "costs": {"total_cost": 184.38281515439533, "time_cost": 70.406, "final_distance_cost": 1.8204124088289715, "oscillation_cost": 25.990752898822134, "completition_cost": 0.0, "overshoot_cost": 50.48493264199121, "power_cost": 17.994663122558595, "noise_cost": 17.686054082194413, "n_waypoints_completed": 9, "tot_waypoints": 9}}
{"target": -184.09452520859787, "params": {"k_pid_pos": [1.0031316701085804, 0.024859491386256316, 0.40092638265648595], "k_pid_alt": [1.2679502233621702, 0.0, 0.06527723447865985], "k_pid_att": [24.0942673894178, 0.18205753750414305, 0.8792759721912583], "k_pid_yaw": [0.5, 1e-06, 0.1], "k_pid_hsp": [0.09847755819799779, 0.011264223901387349, 0.0], "k_pid_vsp": [292.94687076665593, 307.0029666248519, 21.011196465382298]}, "datetime": {"datetime": "2025-08-11 22:47:06", "elapsed": 22905.50334072113, "delta": 17.788785696029663}, "costs": {"total_cost": 184.09452520859787, "time_cost": 70.399, "final_distance_cost": 1.8345096342728806, "oscillation_cost": 26.033560826510698, "completition_cost": 0.0, "overshoot_cost": 50.504236002786485, "power_cost": 17.811746228027346, "noise_cost": 17.511472517000485, "n_waypoints_completed": 9, "tot_waypoints": 9}}
{"target": -197.64123864419648, "params": {"k_pid_pos": [1.0031316701085804, 0.024859491386256316, 0.40092638265648595], "k_pid_alt": [1.2679502233621702, 0.0, 0.06527723447865985], "k_pid_att": [24.0942673894178, 0.18205753750414305, 0.8792759721912583], "k_pid_yaw": [0.5, 1e-06, 0.1], "k_pid_hsp": [2.996149354500177, 0.011264223901387349, 0.0], "k_pid_vsp": [292.94687076665593, 307.0029666248519, 21.011196465382298]}, "datetime": {"datetime": "2025-08-11 22:47:24", "elapsed": 22924.17505455017, "delta": 18.671713829040527}, "costs": {"total_cost": 197.64123864419648, "time_cost": 72.772, "final_distance_cost": 1.8529051369775953, "oscillation_cost": 34.54750439824226, "completition_cost": 0.0, "overshoot_cost": 50.361633330940734, "power_cost": 19.054367895507813, "noise_cost": 19.052827882528074, "n_waypoints_completed": 9, "tot_waypoints": 9}}
{"target": -203.5691666637645, "params": {"k_pid_pos": [1.5233419604839473, 0.024859491386256316, 0.5792642345702999], "k_pid_alt": [1.2679502233621702, 0.8453038121781166, 0.06527723447865985], "k_pid_att": [24.0942673894178, 0.18205753750414305, 0.5315175384971502], "k_pid_yaw": [0.5, 1e-06, 0.1], "k_pid_hsp": [0.09847755819799779, 0.011264223901387349, 0.0], "k_pid_vsp": [292.94687076665593, 307.0029666248519, 21.011196465382298]}, "datetime": {"datetime": "2025-08-11 22:47:44", "elapsed": 22943.929273605347, "delta": 19.75421905517578}, "costs": {"total_cost": 203.5691666637645, "time_cost": 78.428, "final_distance_cost": 1.767230337760528, "oscillation_cost": 30.973042509156272, "completition_cost": 0.0, "overshoot_cost": 52.9313161993478, "power_cost": 20.360973657226562, "noise_cost": 19.108603960273346, "n_waypoints_completed": 9, "tot_waypoints": 9}}
{"target": -204.25766687160493, "params": {"k_pid_pos": [0.9203224573796739, 0.4336784869242679, 0.40092638265648595], "k_pid_alt": [1.2679502233621702, 0.0, 0.06527723447865985], "k_pid_att": [24.0942673894178, 0.18205753750414305, 0.8792759721912583], "k_pid_yaw": [0.5, 1e-06, 0.1], "k_pid_hsp": [0.09847755819799779, 0.011264223901387349, 0.0], "k_pid_vsp": [292.94687076665593, 307.0029666248519, 21.011196465382298]}, "datetime": {"datetime": "2025-08-11 22:48:06", "elapsed": 22965.564999341965, "delta": 21.635725736618042}, "costs": {"total_cost": 204.25766687160493, "time_cost": 81.004, "final_distance_cost": 1.8054264468114267, "oscillation_cost": 28.700042638162504, "completition_cost": 0.0, "overshoot_cost": 52.372650282710424, "power_cost": 20.712539111328127, "noise_cost": 19.66300839259244, "n_waypoints_completed": 9, "tot_waypoints": 9}}
{"target": -218.19953065825234, "params": {"k_pid_pos": [1.0031316701085804, 0.024859491386256316, 0.40092638265648595], "k_pid_alt": [0.9138724434078689, 0.0, 0.06527723447865985], "k_pid_att": [40.6020781270096, 0.18205753750414305, 0.8792759721912583], "k_pid_yaw": [0.5, 1e-06, 0.1], "k_pid_hsp": [6.590021097612566, 0.011264223901387349, 0.0], "k_pid_vsp": [36.465762321119, 307.0029666248519, 62.564861685850005]}, "datetime": {"datetime": "2025-08-11 22:48:24", "elapsed": 22984.277549028397, "delta": 18.712549686431885}, "costs": {"total_cost": 218.19953065825234, "time_cost": 76.104, "final_distance_cost": 1.8488920938938156, "oscillation_cost": 49.78676912803727, "completition_cost": 0.0, "overshoot_cost": 51.890815140109055, "power_cost": 19.77783297119141, "noise_cost": 18.7912213250208, "n_waypoints_completed": 9, "tot_waypoints": 9}}
{"target": -219.83511297420836, "params": {"k_pid_pos": [1.0031316701085804, 0.024859491386256316, 0.711129639736074], "k_pid_alt": [1.2679502233621702, 0.0, 0.5397139061386238], "k_pid_att": [24.0942673894178, 0.18205753750414305, 0.8792759721912583], "k_pid_yaw": [0.5, 1e-06, 0.1], "k_pid_hsp": [6.590021097612566, 0.011264223901387349, 0.0], "k_pid_vsp": [284.5460512203246, 307.0029666248519, 62.564861685850005]}, "datetime": {"datetime": "2025-08-11 22:48:45", "elapsed": 23004.73725128174, "delta": 20.459702253341675}, "costs": {"total_cost": 219.83511297420836, "time_cost": 78.876, "final_distance_cost": 1.8528368696264546, "oscillation_cost": 48.15887733085378, "completition_cost": 0.0, "overshoot_cost": 50.63187908165929, "power_cost": 20.243907055664064, "noise_cost": 20.07161263640476, "n_waypoints_completed": 9, "tot_waypoints": 9}}
{"target": -197.99714506305273, "params": {"k_pid_pos": [0.9203224573796739, 0.4336784869242679, 0.07146856680054658], "k_pid_alt": [1.2679502233621702, 0.0, 0.06527723447865985], "k_pid_att": [24.0942673894178, 0.18205753750414305, 0.8792759721912583], "k_pid_yaw": [0.5, 1e-06, 0.1], "k_pid_hsp": [3.8015553682621426, 0.011264223901387349, 0.0], "k_pid_vsp": [292.94687076665593, 307.0029666248519, 21.011196465382298]}, "datetime": {"datetime": "2025-08-11 22:49:04", "elapsed": 23023.527563095093, "delta": 18.790311813354492}, "costs": {"total_cost": 197.99714506305273, "time_cost": 73.059, "final_distance_cost": 1.7977835105350652, "oscillation_cost": 34.58393328188472, "completition_cost": 0.0, "overshoot_cost": 50.531877393583535, "power_cost": 19.37146669921875, "noise_cost": 18.653084177830657, "n_waypoints_completed": 9, "tot_waypoints": 9}}
{"target": -1156.3743061039327, "params": {"k_pid_pos": [1.4531304595830021, 0.024859491386256316, 0.40092638265648595], "k_pid_alt": [1.102349020346133, 0.0, 0.06527723447865985], "k_pid_att": [24.0942673894178, 0.18205753750414305, 0.8792759721912583], "k_pid_yaw": [0.5, 1e-06, 0.1], "k_pid_hsp": [0.09847755819799779, 0.011264223901387349, 0.6286101069088057], "k_pid_vsp": [292.94687076665593, 307.0029666248519, 21.011196465382298]}, "datetime": {"datetime": "2025-08-11 22:49:34", "elapsed": 23054.13795018196, "delta": 30.610387086868286}, "costs": {"total_cost": 1156.3743061039327, "time_cost": 150, "final_distance_cost": 73.18426682384974, "oscillation_cost": 444.43975468845525, "completition_cost": 333.33333333333337, "overshoot_cost": 95.73654053666, "power_cost": 31.823306652832034, "noise_cost": 27.857104068802133, "n_waypoints_completed": 6, "tot_waypoints": 9}}
{"target": -185.2104228275481, "params": {"k_pid_pos": [0.9203224573796739, 0.024859491386256316, 0.40092638265648595], "k_pid_alt": [1.6586884955541554, 0.0, 0.06527723447865985], "k_pid_att": [24.0942673894178, 0.18205753750414305, 0.8792759721912583], "k_pid_yaw": [0.5, 1e-06, 0.1], "k_pid_hsp": [0.09847755819799779, 0.011264223901387349, 0.0], "k_pid_vsp": [110.56511661686339, 307.0029666248519, 21.011196465382298]}, "datetime": {"datetime": "2025-08-11 22:49:52", "elapsed": 23071.381254434586, "delta": 17.24330425262451}, "costs": {"total_cost": 185.2104228275481, "time_cost": 70.749, "final_distance_cost": 1.8229157514226881, "oscillation_cost": 25.658880528974773, "completition_cost": 0.0, "overshoot_cost": 51.06997111423526, "power_cost": 18.072364453125, "noise_cost": 17.83729097979037, "n_waypoints_completed": 9, "tot_waypoints": 9}}
{"target": -894.8474747088908, "params": {"k_pid_pos": [0.9203224573796739, 0.024859491386256316, 0.9667438846137733], "k_pid_alt": [1.6586884955541554, 0.0, 0.06527723447865985], "k_pid_att": [24.0942673894178, 0.18205753750414305, 0.8792759721912583], "k_pid_yaw": [0.5, 1e-06, 0.1], "k_pid_hsp": [0.09847755819799779, 0.011264223901387349, 0.21244868230030445], "k_pid_vsp": [292.94687076665593, 50.87373020527707, 21.011196465382298]}, "datetime": {"datetime": "2025-08-11 22:50:23", "elapsed": 23102.717205524445, "delta": 31.33595108985901}, "costs": {"total_cost": 894.8474747088908, "time_cost": 150, "final_distance_cost": 30.427450980344165, "oscillation_cost": 462.1412911567741, "completition_cost": 111.11111111111116, "overshoot_cost": 78.86077688492968, "power_cost": 31.247272387695315, "noise_cost": 31.059572188036384, "n_waypoints_completed": 8, "tot_waypoints": 9}}
{"target": -186.1383694385463, "params": {"k_pid_pos": [1.0031316701085804, 0.024859491386256316, 0.40092638265648595], "k_pid_alt": [1.2679502233621702, 0.0, 0.43711858061891895], "k_pid_att": [71.45838630927439, 0.18205753750414305, 0.8792759721912583], "k_pid_yaw": [0.5, 1e-06, 0.1], "k_pid_hsp": [0.09847755819799779, 0.011264223901387349, 0.0], "k_pid_vsp": [110.56511661686339, 307.0029666248519, 21.011196465382298]}, "datetime": {"datetime": "2025-08-11 22:50:41", "elapsed": 23120.575986862183, "delta": 17.858781337738037}, "costs": {"total_cost": 186.1383694385463, "time_cost": 71.316, "final_distance_cost": 1.832771979213413, "oscillation_cost": 26.664040193393607, "completition_cost": 0.0, "overshoot_cost": 50.44708545780619, "power_cost": 18.100578942871095, "noise_cost": 17.777892865262015, "n_waypoints_completed": 9, "tot_waypoints": 9}}
{"target": -187.85252391585783, "params": {"k_pid_pos": [1.097674141165482, 0.024859491386256316, 0.8092599635047751], "k_pid_alt": [1.2679502233621702, 0.0, 0.06527723447865985], "k_pid_att": [24.0942673894178, 0.18205753750414305, 0.8792759721912583], "k_pid_yaw": [0.5, 1e-06, 0.1], "k_pid_hsp": [0.09847755819799779, 0.011264223901387349, 0.0], "k_pid_vsp": [292.94687076665593, 307.0029666248519, 21.011196465382298]}, "datetime": {"datetime": "2025-08-11 22:51:00", "elapsed": 23139.560128688812, "delta": 18.98414182662964}, "costs": {"total_cost": 187.85252391585783, "time_cost": 72.737, "final_distance_cost": 1.8429589544335367, "oscillation_cost": 25.472020884691574, "completition_cost": 0.0, "overshoot_cost": 50.839233775573405, "power_cost": 18.53078553466797, "noise_cost": 18.430524766491324, "n_waypoints_completed": 9, "tot_waypoints": 9}}
{"target": -701.5302852004784, "params": {"k_pid_pos": [0.9203224573796739, 0.024859491386256316, 0.40092638265648595], "k_pid_alt": [0.5534725048841671, 0.0, 0.06527723447865985], "k_pid_att": [20.797377378682224, 0.18205753750414305, 0.8792759721912583], "k_pid_yaw": [0.5, 1e-06, 0.1], "k_pid_hsp": [0.09847755819799779, 0.637878996824556, 0.0], "k_pid_vsp": [110.56511661686339, 307.0029666248519, 21.011196465382298]}, "datetime": {"datetime": "2025-08-11 22:51:30", "elapsed": 23170.22477722168, "delta": 30.66464853286743}, "costs": {"total_cost": 701.5302852004784, "time_cost": 150, "final_distance_cost": 67.89648022649037, "oscillation_cost": 130.49709128640382, "completition_cost": 222.2222222222222, "overshoot_cost": 62.00350096380896, "power_cost": 35.81398673095703, "noise_cost": 33.097003770596, "n_waypoints_completed": 7, "tot_waypoints": 9}}
{"target": -186.05853179668543, "params": {"k_pid_pos": [1.097674141165482, 0.024859491386256316, 0.40092638265648595], "k_pid_alt": [1.2679502233621702, 0.0, 0.06527723447865985], "k_pid_att": [24.0942673894178, 0.18205753750414305, 0.06670604035978966], "k_pid_yaw": [0.5, 1e-06, 0.1], "k_pid_hsp": [0.09847755819799779, 0.011264223901387349, 0.0], "k_pid_vsp": [292.94687076665593, 307.0029666248519, 21.011196465382298]}, "datetime": {"datetime": "2025-08-11 22:51:49", "elapsed": 23188.551637649536, "delta": 18.326860427856445}, "costs": {"total_cost": 186.05853179668543, "time_cost": 70.035, "final_distance_cost": 1.8220536724686285, "oscillation_cost": 27.77658558924189, "completition_cost": 0.0, "overshoot_cost": 50.526467978330786, "power_cost": 18.091066638183595, "noise_cost": 17.807357918460518, "n_waypoints_completed": 9, "tot_waypoints": 9}}
{"target": -1207.122803456019, "params": {"k_pid_pos": [1.0031316701085804, 0.024859491386256316, 0.40092638265648595], "k_pid_alt": [1.2679502233621702, 0.0, 0.3533802069130071], "k_pid_att": [24.0942673894178, 0.18205753750414305, 0.8792759721912583], "k_pid_yaw": [0.5, 1e-06, 0.1], "k_pid_hsp": [0.09847755819799779, 0.011264223901387349, 0.0], "k_pid_vsp": [292.94687076665593, 307.0029666248519, 217.31562979670235]}, "datetime": {"datetime": "2025-08-11 22:52:19", "elapsed": 23218.894535064697, "delta": 30.342897415161133}, "costs": {"total_cost": 1207.122803456019, "time_cost": 150, "final_distance_cost": 65.1071271941577, "oscillation_cost": 5.885923088438481, "completition_cost": 888.8888888888888, "overshoot_cost": 40.597998990192075, "power_cost": 29.581823681640625, "noise_cost": 27.061041612701384, "n_waypoints_completed": 1, "tot_waypoints": 9}}
{"target": -309.4513183720978, "params": {"k_pid_pos": [0.9203224573796739, 0.024859491386256316, 0.40092638265648595], "k_pid_alt": [1.2679502233621702, 0.0, 0.5350090938005817], "k_pid_att": [24.0942673894178, 0.18205753750414305, 0.8792759721912583], "k_pid_yaw": [0.5, 1e-06, 0.1], "k_pid_hsp": [0.09847755819799779, 0.011264223901387349, 0.11853399466015269], "k_pid_vsp": [63.87935167311278, 175.28714713338795, 21.011196465382298]}, "datetime": {"datetime": "2025-08-11 22:52:43", "elapsed": 23242.419652938843, "delta": 23.525117874145508}, "costs": {"total_cost": 309.4513183720978, "time_cost": 89.34100000000001, "final_distance_cost": 1.851516462557692, "oscillation_cost": 116.90357237772201, "completition_cost": 0.0, "overshoot_cost": 55.762033849752356, "power_cost": 23.216376721191406, "noise_cost": 22.3768189608743, "n_waypoints_completed": 9, "tot_waypoints": 9}}
{"target": -194.45089346195113, "params": {"k_pid_pos": [0.9203224573796739, 0.024859491386256316, 0.8657060267562281], "k_pid_alt": [1.2679502233621702, 0.0, 0.06527723447865985], "k_pid_att": [24.0942673894178, 0.18205753750414305, 0.8792759721912583], "k_pid_yaw": [0.5, 1e-06, 0.1], "k_pid_hsp": [0.09847755819799779, 0.011264223901387349, 0.0], "k_pid_vsp": [63.87935167311278, 307.0029666248519, 21.011196465382298]}, "datetime": {"datetime": "2025-08-11 22:53:02", "elapsed": 23262.091127872467, "delta": 19.671474933624268}, "costs": {"total_cost": 194.45089346195113, "time_cost": 76.776, "final_distance_cost": 1.8580610027120124, "oscillation_cost": 25.178968389064334, "completition_cost": 0.0, "overshoot_cost": 51.68176068139837, "power_cost": 19.441472399902345, "noise_cost": 19.514630988874046, "n_waypoints_completed": 9, "tot_waypoints": 9}}
{"target": -1455.269520621913, "params": {"k_pid_pos": [1.4531304595830021, 0.024859491386256316, 0.40092638265648595], "k_pid_alt": [1.102349020346133, 0.0, 0.06527723447865985], "k_pid_att": [24.0942673894178, 0.18205753750414305, 0.8792759721912583], "k_pid_yaw": [0.5, 1e-06, 0.1], "k_pid_hsp": [0.09847755819799779, 0.011264223901387349, 0.0], "k_pid_vsp": [292.94687076665593, 307.0029666248519, 296.34227500557057]}, "datetime": {"datetime": "2025-08-11 22:53:33", "elapsed": 23293.111090183258, "delta": 31.019962310791016}, "costs": {"total_cost": 1455.269520621913, "time_cost": 150, "final_distance_cost": 1.000084394682369, "oscillation_cost": 4.236803709638468, "completition_cost": 1000.0, "overshoot_cost": 162.1030688590064, "power_cost": 29.383891735839846, "noise_cost": 108.54567192274591, "n_waypoints_completed": 0, "tot_waypoints": 9}}
{"target": -184.09452520859787, "params": {"k_pid_pos": [1.0031316701085804, 0.024859491386256316, 0.40092638265648595], "k_pid_alt": [1.2679502233621702, 0.0, 0.06527723447865985], "k_pid_att": [24.0942673894178, 0.18205753750414305, 0.8792759721912583], "k_pid_yaw": [0.5, 1e-06, 0.1], "k_pid_hsp": [0.09847755819799779, 0.011264223901387349, 0.0], "k_pid_vsp": [292.94687076665593, 307.0029666248519, 21.011196465382298]}, "datetime": {"datetime": "2025-08-11 22:53:51", "elapsed": 23310.735789060593, "delta": 17.624698877334595}, "costs": {"total_cost": 184.09452520859787, "time_cost": 70.399, "final_distance_cost": 1.8345096342728806, "oscillation_cost": 26.033560826510698, "completition_cost": 0.0, "overshoot_cost": 50.504236002786485, "power_cost": 17.811746228027346, "noise_cost": 17.511472517000485, "n_waypoints_completed": 9, "tot_waypoints": 9}}
{"target": -192.9707681726365, "params": {"k_pid_pos": [1.0031316701085804, 0.27758761670996657, 0.40092638265648595], "k_pid_alt": [1.2679502233621702, 0.0, 0.3533802069130071], "k_pid_att": [24.0942673894178, 0.18205753750414305, 0.8792759721912583], "k_pid_yaw": [0.5, 1e-06, 0.1], "k_pid_hsp": [0.09847755819799779, 0.011264223901387349, 0.0], "k_pid_vsp": [292.94687076665593, 307.0029666248519, 21.011196465382298]}, "datetime": {"datetime": "2025-08-11 22:54:10", "elapsed": 23329.690610170364, "delta": 18.95482110977173}, "costs": {"total_cost": 192.9707681726365, "time_cost": 74.781, "final_distance_cost": 1.7999315704988774, "oscillation_cost": 27.171523380269733, "completition_cost": 0.0, "overshoot_cost": 51.3039534846756, "power_cost": 19.34136295166016, "noise_cost": 18.572996785532123, "n_waypoints_completed": 9, "tot_waypoints": 9}}
