{"target": -690.4678620813527, "params": {"k_pid_pos": [0.5060692904340539, 0.517989997140969, 0.40092638265648595], "k_pid_alt": [1.7297729984189598, 0.0, 0.09647725790914718], "k_pid_att": [32.5006215253743, 1.4953935029224072, 0.022918440282009178], "k_pid_yaw": [0.5, 1e-06, 0.1], "k_pid_hsp": [0.016744376538463668, 0.011264223901387349, 0.0], "k_pid_vsp": [264.9966777379314, 304.1795245652576, 2.77343605205192]}, "datetime": {"datetime": "2025-08-12 05:49:56", "elapsed": 48276.164793252945, "delta": 32.42027950286865}, "costs": {"total_cost": 690.4678620813527, "time_cost": 150, "final_distance_cost": 68.35666738734811, "oscillation_cost": 16.63424051683047, "completition_cost": 333.33333333333337, "overshoot_cost": 67.0664651423034, "power_cost": 22.136551818847657, "noise_cost": 32.94060388268966, "n_waypoints_completed": 6, "tot_waypoints": 9}}
{"target": -185.2031129115624, "params": {"k_pid_pos": [1.0031316701085804, 0.024859491386256316, 0.19730102139317784], "k_pid_alt": [1.3888149624867963, 0.0, 0.06527723447865985], "k_pid_att": [9.353998950407705, 1.2169696906303682, 0.666719676683535], "k_pid_yaw": [0.5, 1e-06, 0.1], "k_pid_hsp": [0.09847755819799779, 0.011264223901387349, 0.0], "k_pid_vsp": [103.0527854068954, 304.1795245652576, 2.77343605205192]}, "datetime": {"datetime": "2025-08-12 05:50:18", "elapsed": 48297.55279135704, "delta": 21.38799810409546}, "costs": {"total_cost": 185.2031129115624, "time_cost": 70.105, "final_distance_cost": 1.8215986860605247, "oscillation_cost": 27.61435442245274, "completition_cost": 0.0, "overshoot_cost": 50.70213744021422, "power_cost": 14.544713244628907, "noise_cost": 20.415309118206043, "n_waypoints_completed": 9, "tot_waypoints": 9}}
{"target": -206.17169655979444, "params": {"k_pid_pos": [1.0031316701085804, 0.024859491386256316, 0.40092638265648595], "k_pid_alt": [1.7297729984189598, 0.0, 0.03027788721554503], "k_pid_att": [10.85276784655954, 1.4953935029224072, 0.666719676683535], "k_pid_yaw": [0.5, 1e-06, 0.1], "k_pid_hsp": [0.09847755819799779, 0.08368559531676201, 0.0], "k_pid_vsp": [264.9966777379314, 168.05578983101148, 2.77343605205192]}, "datetime": {"datetime": "2025-08-12 05:50:36", "elapsed": 48315.91202926636, "delta": 18.359237909317017}, "costs": {"total_cost": 206.17169655979444, "time_cost": 73.115, "final_distance_cost": 1.852832155413181, "oscillation_cost": 41.75684630238043, "completition_cost": 0.0, "overshoot_cost": 51.08806530066879, "power_cost": 15.485418493652345, "noise_cost": 22.87353430767973, "n_waypoints_completed": 9, "tot_waypoints": 9}}
{"target": -260.6794569126374, "params": {"k_pid_pos": [1.0031316701085804, 0.024859491386256316, 0.40092638265648595], "k_pid_alt": [1.7297729984189598, 0.9373605837588372, 0.06527723447865985], "k_pid_att": [10.85276784655954, 1.4953935029224072, 0.666719676683535], "k_pid_yaw": [0.5, 1e-06, 0.1], "k_pid_hsp": [0.09847755819799779, 0.011264223901387349, 0.06273862611817704], "k_pid_vsp": [264.9966777379314, 120.58470232492162, 2.77343605205192]}, "datetime": {"datetime": "2025-08-12 05:50:59", "elapsed": 48338.77264857292, "delta": 22.86061930656433}, "costs": {"total_cost": 260.6794569126374, "time_cost": 82.726, "final_distance_cost": 1.7838052983728907, "oscillation_cost": 80.08089421205099, "completition_cost": 0.0, "overshoot_cost": 55.58035996906622, "power_cost": 17.62465230712891, "noise_cost": 22.88374512601839, "n_waypoints_completed": 9, "tot_waypoints": 9}}
{"target": -185.84811737757917, "params": {"k_pid_pos": [1.0031316701085804, 0.024859491386256316, 0.11242249713100771], "k_pid_alt": [1.7297729984189598, 0.0, 0.06527723447865985], "k_pid_att": [10.85276784655954, 1.4953935029224072, 0.666719676683535], "k_pid_yaw": [0.5, 1e-06, 0.1], "k_pid_hsp": [0.09847755819799779, 0.011264223901387349, 0.0], "k_pid_vsp": [264.9966777379314, 304.1795245652576, 2.77343605205192]}, "datetime": {"datetime": "2025-08-12 05:51:17", "elapsed": 48356.97502350807, "delta": 18.202374935150146}, "costs": {"total_cost": 185.84811737757917, "time_cost": 70.525, "final_distance_cost": 1.7917808344048571, "oscillation_cost": 27.902155742910455, "completition_cost": 0.0, "overshoot_cost": 50.32505825521922, "power_cost": 14.550386877441406, "noise_cost": 20.75373566760323, "n_waypoints_completed": 9, "tot_waypoints": 9}}
{"target": -183.08407650406252, "params": {"k_pid_pos": [1.0031316701085804, 0.024859491386256316, 0.40092638265648595], "k_pid_alt": [1.7297729984189598, 0.0, 0.06527723447865985], "k_pid_att": [10.85276784655954, 1.4953935029224072, 0.666719676683535], "k_pid_yaw": [0.5, 1e-06, 0.1], "k_pid_hsp": [0.09847755819799779, 0.011264223901387349, 0.0], "k_pid_vsp": [264.9966777379314, 304.1795245652576, 2.77343605205192]}, "datetime": {"datetime": "2025-08-12 05:51:37", "elapsed": 48376.88146567345, "delta": 19.906442165374756}, "costs": {"total_cost": 183.08407650406252, "time_cost": 69.97200000000001, "final_distance_cost": 1.8232561110929182, "oscillation_cost": 25.830634925397458, "completition_cost": 0.0, "overshoot_cost": 50.605337999513814, "power_cost": 14.15017557373047, "noise_cost": 20.702671894327832, "n_waypoints_completed": 9, "tot_waypoints": 9}}
{"target": -1305.1275332216194, "params": {"k_pid_pos": [1.7219385669307627, 0.024859491386256316, 0.40092638265648595], "k_pid_alt": [0.7663335954160646, 0.0, 0.06527723447865985], "k_pid_att": [10.85276784655954, 1.4953935029224072, 0.666719676683535], "k_pid_yaw": [0.5, 1e-06, 0.1], "k_pid_hsp": [7.837403453361883, 0.34807726954488594, 0.0], "k_pid_vsp": [300.6485291534591, 304.1795245652576, 252.5487776696354]}, "datetime": {"datetime": "2025-08-12 05:52:08", "elapsed": 48407.483461380005, "delta": 30.601995706558228}, "costs": {"total_cost": 1305.1275332216194, "time_cost": 150, "final_distance_cost": 41.16755637223375, "oscillation_cost": 15.170866474353899, "completition_cost": 1000.0, "overshoot_cost": 42.40378710032524, "power_cost": 29.634077490234375, "noise_cost": 26.751245784472157, "n_waypoints_completed": 0, "tot_waypoints": 9}}
{"target": -614.8365235245157, "params": {"k_pid_pos": [1.0031316701085804, 0.024859491386256316, 0.40092638265648595], "k_pid_alt": [1.1832165847632645, 0.0, 0.06527723447865985], "k_pid_att": [10.85276784655954, 1.4953935029224072, 0.666719676683535], "k_pid_yaw": [0.5, 1e-06, 0.1], "k_pid_hsp": [0.09847755819799779, 0.011264223901387349, 0.18764229178860936], "k_pid_vsp": [264.9966777379314, 304.1795245652576, 2.77343605205192]}, "datetime": {"datetime": "2025-08-12 05:52:38", "elapsed": 48437.97238588333, "delta": 30.488924503326416}, "costs": {"total_cost": 614.8365235245157, "time_cost": 150, "final_distance_cost": 1.97293976506116, "oscillation_cost": 222.81990254870763, "completition_cost": 111.11111111111116, "overshoot_cost": 67.34780910875843, "power_cost": 27.137320361328126, "noise_cost": 34.44744062954914, "n_waypoints_completed": 8, "tot_waypoints": 9}}
{"target": -216.7648813246987, "params": {"k_pid_pos": [1.0031316701085804, 0.3476693083007718, 0.40092638265648595], "k_pid_alt": [0.8737548644081292, 0.0, 0.6797860385434875], "k_pid_att": [10.85276784655954, 1.4953935029224072, 0.666719676683535], "k_pid_yaw": [0.5, 1e-06, 0.1], "k_pid_hsp": [0.09847755819799779, 0.011264223901387349, 0.0], "k_pid_vsp": [264.9966777379314, 310.89645667885657, 2.77343605205192]}, "datetime": {"datetime": "2025-08-12 05:53:02", "elapsed": 48461.93050503731, "delta": 23.95811915397644}, "costs": {"total_cost": 216.7648813246987, "time_cost": 88.144, "final_distance_cost": 1.8443193735171377, "oscillation_cost": 29.468034878439624, "completition_cost": 0.0, "overshoot_cost": 52.44964325706753, "power_cost": 17.62390595703125, "noise_cost": 27.23497785864316, "n_waypoints_completed": 9, "tot_waypoints": 9}}
{"target": -183.02885771051874, "params": {"k_pid_pos": [1.0031316701085804, 0.024859491386256316, 0.40092638265648595], "k_pid_alt": [1.7297729984189598, 0.0, 0.05010974591185968], "k_pid_att": [10.85276784655954, 1.4953935029224072, 0.666719676683535], "k_pid_yaw": [0.5, 1e-06, 0.1], "k_pid_hsp": [0.09847755819799779, 0.011264223901387349, 0.0], "k_pid_vsp": [264.9966777379314, 306.5653082406949, 2.77343605205192]}, "datetime": {"datetime": "2025-08-12 05:53:20", "elapsed": 48479.82423043251, "delta": 17.893725395202637}, "costs": {"total_cost": 183.02885771051874, "time_cost": 69.95100000000001, "final_distance_cost": 1.8278328338506267, "oscillation_cost": 25.811820444584832, "completition_cost": 0.0, "overshoot_cost": 50.54400424261703, "power_cost": 14.171979443359376, "noise_cost": 20.72222074610684, "n_waypoints_completed": 9, "tot_waypoints": 9}}
{"target": -189.4349591481293, "params": {"k_pid_pos": [1.0031316701085804, 0.024859491386256316, 0.40092638265648595], "k_pid_alt": [0.9020104990244227, 0.0, 0.06527723447865985], "k_pid_att": [97.15749504346589, 1.4953935029224072, 0.016202813979795172], "k_pid_yaw": [0.5, 1e-06, 0.1], "k_pid_hsp": [0.09847755819799779, 0.011264223901387349, 0.0], "k_pid_vsp": [264.9966777379314, 304.1795245652576, 2.77343605205192]}, "datetime": {"datetime": "2025-08-12 05:53:39", "elapsed": 48499.091403484344, "delta": 19.267173051834106}, "costs": {"total_cost": 189.4349591481293, "time_cost": 71.911, "final_distance_cost": 1.8351764185503787, "oscillation_cost": 29.513523625015555, "completition_cost": 0.0, "overshoot_cost": 50.61093760419096, "power_cost": 14.528437561035156, "noise_cost": 21.035883939337257, "n_waypoints_completed": 9, "tot_waypoints": 9}}
{"target": -185.54761316173548, "params": {"k_pid_pos": [1.0031316701085804, 0.024859491386256316, 0.40092638265648595], "k_pid_alt": [0.9020104990244227, 0.0, 0.03027788721554503], "k_pid_att": [10.85276784655954, 1.4953935029224072, 0.666719676683535], "k_pid_yaw": [0.5, 1e-06, 0.1], "k_pid_hsp": [0.09847755819799779, 0.011264223901387349, 0.0], "k_pid_vsp": [264.9966777379314, 304.1795245652576, 2.77343605205192]}, "datetime": {"datetime": "2025-08-12 05:53:58", "elapsed": 48517.94674921036, "delta": 18.855345726013184}, "costs": {"total_cost": 185.54761316173548, "time_cost": 71.589, "final_distance_cost": 1.826656180635445, "oscillation_cost": 26.19149376108968, "completition_cost": 0.0, "overshoot_cost": 50.55429800141167, "power_cost": 14.350113110351563, "noise_cost": 21.036052108247127, "n_waypoints_completed": 9, "tot_waypoints": 9}}
{"target": -280.8741229824343, "params": {"k_pid_pos": [1.0031316701085804, 0.024859491386256316, 0.40092638265648595], "k_pid_alt": [0.22864383303227753, 0.0, 0.06527723447865985], "k_pid_att": [97.15749504346589, 5.894529415990727, 0.666719676683535], "k_pid_yaw": [0.5, 1e-06, 0.1], "k_pid_hsp": [7.354262864448116, 0.011264223901387349, 0.0], "k_pid_vsp": [264.9966777379314, 291.9899918266388, 2.77343605205192]}, "datetime": {"datetime": "2025-08-12 05:54:27", "elapsed": 48547.2338886261, "delta": 29.287139415740967}, "costs": {"total_cost": 280.8741229824343, "time_cost": 115.458, "final_distance_cost": 1.8627655514209873, "oscillation_cost": 53.621338984120236, "completition_cost": 0.0, "overshoot_cost": 54.07878569280037, "power_cost": 23.451255395507815, "noise_cost": 32.401977358584865, "n_waypoints_completed": 9, "tot_waypoints": 9}}
{"target": -210.1084400549911, "params": {"k_pid_pos": [1.0031316701085804, 0.024859491386256316, 0.19730102139317784], "k_pid_alt": [1.3888149624867963, 0.6432630158673487, 0.06527723447865985], "k_pid_att": [10.85276784655954, 1.2169696906303682, 0.666719676683535], "k_pid_yaw": [0.5, 1e-06, 0.1], "k_pid_hsp": [4.302970342841289, 0.40521731726144516, 0.0], "k_pid_vsp": [103.0527854068954, 304.1795245652576, 2.77343605205192]}, "datetime": {"datetime": "2025-08-12 05:54:47", "elapsed": 48567.3697206974, "delta": 20.13583207130432}, "costs": {"total_cost": 210.1084400549911, "time_cost": 75.95700000000001, "final_distance_cost": 1.801028035085453, "oscillation_cost": 43.67325493712491, "completition_cost": 0.0, "overshoot_cost": 50.99607887353276, "power_cost": 16.269193273925783, "noise_cost": 21.411884935322163, "n_waypoints_completed": 9, "tot_waypoints": 9}}
{"target": -215.27685708657046, "params": {"k_pid_pos": [1.0031316701085804, 0.024859491386256316, 0.40092638265648595], "k_pid_alt": [1.7297729984189598, 0.6171515596199678, 0.06527723447865985], "k_pid_att": [10.85276784655954, 1.4953935029224072, 0.666719676683535], "k_pid_yaw": [0.5, 1e-06, 0.1], "k_pid_hsp": [7.777948788876796, 0.32819825866084507, 0.0], "k_pid_vsp": [264.9966777379314, 304.1795245652576, 2.77343605205192]}, "datetime": {"datetime": "2025-08-12 05:55:06", "elapsed": 48586.13060975075, "delta": 18.760889053344727}, "costs": {"total_cost": 215.27685708657046, "time_cost": 76.377, "final_distance_cost": 1.8233046652982763, "oscillation_cost": 48.75937863380065, "completition_cost": 0.0, "overshoot_cost": 50.85693810364964, "power_cost": 15.850259045410157, "noise_cost": 21.609976638411727, "n_waypoints_completed": 9, "tot_waypoints": 9}}
{"target": -184.62697165820174, "params": {"k_pid_pos": [1.0031316701085804, 0.024859491386256316, 0.40092638265648595], "k_pid_alt": [1.7297729984189598, 0.0, 0.03027788721554503], "k_pid_att": [10.85276784655954, 1.4953935029224072, 0.666719676683535], "k_pid_yaw": [0.5, 1e-06, 0.1], "k_pid_hsp": [0.09847755819799779, 0.011264223901387349, 0.0], "k_pid_vsp": [264.9966777379314, 304.1795245652576, 12.527173717198536]}, "datetime": {"datetime": "2025-08-12 05:55:25", "elapsed": 48604.618278265, "delta": 18.48766851425171}, "costs": {"total_cost": 184.62697165820174, "time_cost": 70.007, "final_distance_cost": 1.8276308167272362, "oscillation_cost": 26.08508757116679, "completition_cost": 0.0, "overshoot_cost": 50.91086459721911, "power_cost": 17.999498315429687, "noise_cost": 17.79689035765889, "n_waypoints_completed": 9, "tot_waypoints": 9}}
{"target": -186.06339599001373, "params": {"k_pid_pos": [1.0031316701085804, 0.024859491386256316, 0.40092638265648595], "k_pid_alt": [0.8737548644081292, 0.0, 0.06527723447865985], "k_pid_att": [74.86132892719988, 2.771467938851939, 0.666719676683535], "k_pid_yaw": [0.5, 1e-06, 0.1], "k_pid_hsp": [0.09847755819799779, 0.011264223901387349, 0.0], "k_pid_vsp": [264.9966777379314, 304.1795245652576, 2.77343605205192]}, "datetime": {"datetime": "2025-08-12 05:55:42", "elapsed": 48622.1823785305, "delta": 17.56410026550293}, "costs": {"total_cost": 186.06339599001373, "time_cost": 72.072, "final_distance_cost": 1.817887376560374, "oscillation_cost": 25.982468424194803, "completition_cost": 0.0, "overshoot_cost": 50.57857634177568, "power_cost": 14.53758182373047, "noise_cost": 21.0748820237524, "n_waypoints_completed": 9, "tot_waypoints": 9}}
{"target": -222.0286610591392, "params": {"k_pid_pos": [1.0031316701085804, 0.9167879101783033, 0.40092638265648595], "k_pid_alt": [1.7297729984189598, 0.0, 0.06527723447865985], "k_pid_att": [10.85276784655954, 1.4953935029224072, 0.666719676683535], "k_pid_yaw": [0.5, 1e-06, 0.1], "k_pid_hsp": [7.526622201336775, 0.011264223901387349, 0.0], "k_pid_vsp": [383.0958896243158, 304.1795245652576, 2.77343605205192]}, "datetime": {"datetime": "2025-08-12 05:56:04", "elapsed": 48644.34512042999, "delta": 22.162741899490356}, "costs": {"total_cost": 222.0286610591392, "time_cost": 82.264, "final_distance_cost": 1.7376666425736473, "oscillation_cost": 42.48502567186824, "completition_cost": 0.0, "overshoot_cost": 52.73721087983593, "power_cost": 18.185628125, "noise_cost": 24.619129739861428, "n_waypoints_completed": 9, "tot_waypoints": 9}}
{"target": -1482.2595331617122, "params": {"k_pid_pos": [1.0031316701085804, 0.024859491386256316, 0.40092638265648595], "k_pid_alt": [0.9020104990244227, 0.0, 0.06527723447865985], "k_pid_att": [97.15749504346589, 1.4953935029224072, 0.016202813979795172], "k_pid_yaw": [0.5, 1e-06, 0.1], "k_pid_hsp": [0.09847755819799779, 0.011264223901387349, 0.0], "k_pid_vsp": [264.9966777379314, 304.1795245652576, 389.58451293912077]}, "datetime": {"datetime": "2025-08-12 05:56:36", "elapsed": 48675.816947460175, "delta": 31.471827030181885}, "costs": {"total_cost": 1482.2595331617122, "time_cost": 150, "final_distance_cost": 0.9987982627121829, "oscillation_cost": 26.03684212929196, "completition_cost": 1000.0, "overshoot_cost": 163.0187224720057, "power_cost": 28.98444090576172, "noise_cost": 113.22072939194072, "n_waypoints_completed": 0, "tot_waypoints": 9}}
{"target": -277.65935091129217, "params": {"k_pid_pos": [1.0031316701085804, 0.9221682988503864, 0.40092638265648595], "k_pid_alt": [1.7297729984189598, 0.0, 0.06527723447865985], "k_pid_att": [10.85276784655954, 1.4953935029224072, 0.666719676683535], "k_pid_yaw": [0.5, 1e-06, 0.1], "k_pid_hsp": [0.09847755819799779, 0.011264223901387349, 0.0], "k_pid_vsp": [264.9966777379314, 18.0010542721825, 2.77343605205192]}, "datetime": {"datetime": "2025-08-12 05:57:04", "elapsed": 48703.58801794052, "delta": 27.77107048034668}, "costs": {"total_cost": 277.65935091129217, "time_cost": 111.328, "final_distance_cost": 1.7668799885326505, "oscillation_cost": 49.6536885747951, "completition_cost": 0.0, "overshoot_cost": 57.53270369408245, "power_cost": 23.98910526123047, "noise_cost": 33.38897339265151, "n_waypoints_completed": 9, "tot_waypoints": 9}}
{"target": -235.88771317074503, "params": {"k_pid_pos": [1.0031316701085804, 0.772565137968609, 0.40092638265648595], "k_pid_alt": [1.3888149624867963, 0.0, 0.9642927441257968], "k_pid_att": [10.85276784655954, 1.4953935029224072, 0.666719676683535], "k_pid_yaw": [0.5, 1e-06, 0.1], "k_pid_hsp": [0.09847755819799779, 0.011264223901387349, 0.0], "k_pid_vsp": [264.9966777379314, 304.1795245652576, 2.77343605205192]}, "datetime": {"datetime": "2025-08-12 05:57:27", "elapsed": 48726.56734442711, "delta": 22.979326486587524}, "costs": {"total_cost": 235.88771317074503, "time_cost": 92.547, "final_distance_cost": 1.7902615814640732, "oscillation_cost": 38.65542931397573, "completition_cost": 0.0, "overshoot_cost": 56.574958816145134, "power_cost": 19.43428182373047, "noise_cost": 26.885781635429634, "n_waypoints_completed": 9, "tot_waypoints": 9}}
{"target": -1300.6922375745917, "params": {"k_pid_pos": [1.0031316701085804, 0.5359745501125973, 0.40092638265648595], "k_pid_alt": [0.8737548644081292, 0.84379583311588, 0.06527723447865985], "k_pid_att": [10.85276784655954, 1.4953935029224072, 0.21507657187817486], "k_pid_yaw": [0.5, 1e-06, 0.1], "k_pid_hsp": [0.09847755819799779, 0.011264223901387349, 0.29283539740893394], "k_pid_vsp": [264.9966777379314, 304.1795245652576, 2.77343605205192]}, "datetime": {"datetime": "2025-08-12 05:57:58", "elapsed": 48757.990547418594, "delta": 31.423202991485596}, "costs": {"total_cost": 1300.6922375745917, "time_cost": 150, "final_distance_cost": 45.83177653507518, "oscillation_cost": 422.2982034911011, "completition_cost": 555.5555555555555, "overshoot_cost": 67.64543911252022, "power_cost": 26.21672745361328, "noise_cost": 33.14453542672619, "n_waypoints_completed": 4, "tot_waypoints": 9}}
{"target": -182.9810291818718, "params": {"k_pid_pos": [1.0031316701085804, 0.024859491386256316, 0.40092638265648595], "k_pid_alt": [1.7297729984189598, 0.0, 0.06527723447865985], "k_pid_att": [10.85276784655954, 2.0014291760421457, 0.666719676683535], "k_pid_yaw": [0.5, 1e-06, 0.1], "k_pid_hsp": [0.09847755819799779, 0.011264223901387349, 0.0], "k_pid_vsp": [264.9966777379314, 304.1795245652576, 2.77343605205192]}, "datetime": {"datetime": "2025-08-12 05:58:18", "elapsed": 48777.49952149391, "delta": 19.508974075317383}, "costs": {"total_cost": 182.9810291818718, "time_cost": 69.95100000000001, "final_distance_cost": 1.8306002048505043, "oscillation_cost": 25.864413671957973, "completition_cost": 0.0, "overshoot_cost": 50.472186083987964, "power_cost": 14.145812280273438, "noise_cost": 20.7170169408019, "n_waypoints_completed": 9, "tot_waypoints": 9}}
{"target": -183.02885771051874, "params": {"k_pid_pos": [1.0031316701085804, 0.024859491386256316, 0.40092638265648595], "k_pid_alt": [1.7297729984189598, 0.0, 0.05010974591185968], "k_pid_att": [10.85276784655954, 1.4953935029224072, 0.666719676683535], "k_pid_yaw": [0.5, 1e-06, 0.1], "k_pid_hsp": [0.09847755819799779, 0.011264223901387349, 0.0], "k_pid_vsp": [264.9966777379314, 306.5653082406949, 2.77343605205192]}, "datetime": {"datetime": "2025-08-12 05:58:35", "elapsed": 48795.31077051163, "delta": 17.811249017715454}, "costs": {"total_cost": 183.02885771051874, "time_cost": 69.95100000000001, "final_distance_cost": 1.8278328338506267, "oscillation_cost": 25.811820444584832, "completition_cost": 0.0, "overshoot_cost": 50.54400424261703, "power_cost": 14.171979443359376, "noise_cost": 20.72222074610684, "n_waypoints_completed": 9, "tot_waypoints": 9}}
{"target": -183.07826333271774, "params": {"k_pid_pos": [1.0031316701085804, 0.024859491386256316, 0.40092638265648595], "k_pid_alt": [1.7297729984189598, 0.0, 0.03027788721554503], "k_pid_att": [10.85276784655954, 1.4953935029224072, 0.666719676683535], "k_pid_yaw": [0.5, 1e-06, 0.1], "k_pid_hsp": [0.09847755819799779, 0.011264223901387349, 0.0], "k_pid_vsp": [264.9966777379314, 304.1795245652576, 2.77343605205192]}, "datetime": {"datetime": "2025-08-12 05:58:54", "elapsed": 48814.121133089066, "delta": 18.810362577438354}, "costs": {"total_cost": 183.07826333271774, "time_cost": 69.944, "final_distance_cost": 1.8393855252991158, "oscillation_cost": 25.866500413298162, "completition_cost": 0.0, "overshoot_cost": 50.53524934981965, "power_cost": 14.164980163574219, "noise_cost": 20.728147880726574, "n_waypoints_completed": 9, "tot_waypoints": 9}}
