{"target": -1673.9206265720843, "params": {"k_pid_pos": [1.5538661872642425, 0.024859491386256316, 0.40092638265648595], "k_pid_alt": [1.1098775236402525, 0.0, 0.06527723447865985], "k_pid_att": [37.12179941719916, 5.859554809351448, 0.666719676683535], "k_pid_yaw": [0.5, 1e-06, 0.1], "k_pid_hsp": [0.09847755819799779, 0.011264223901387349, 0.9183446933032423], "k_pid_vsp": [264.9966777379314, 307.0029666248519, 21.011196465382298]}, "datetime": {"datetime": "2025-08-12 02:02:06", "elapsed": 34605.61948299408, "delta": 31.409146070480347}, "costs": {"total_cost": 1673.9206265720843, "time_cost": 150, "final_distance_cost": 83.94097722244922, "oscillation_cost": 629.8847893860263, "completition_cost": 666.6666666666667, "overshoot_cost": 82.49734756888535, "power_cost": 33.68709993896485, "noise_cost": 27.24374578909183, "n_waypoints_completed": 3, "tot_waypoints": 9}}
{"target": -184.03359114444075, "params": {"k_pid_pos": [1.0031316701085804, 0.024859491386256316, 0.264408165061339], "k_pid_alt": [1.7297729984189598, 0.0, 0.06527723447865985], "k_pid_att": [11.391637031113255, 0.18205753750414305, 0.666719676683535], "k_pid_yaw": [0.5, 1e-06, 0.1], "k_pid_hsp": [0.09847755819799779, 0.011264223901387349, 0.0], "k_pid_vsp": [264.9966777379314, 307.0029666248519, 21.011196465382298]}, "datetime": {"datetime": "2025-08-12 02:02:23", "elapsed": 34623.30273914337, "delta": 17.683256149291992}, "costs": {"total_cost": 184.03359114444075, "time_cost": 69.783, "final_distance_cost": 1.8071868917598206, "oscillation_cost": 26.51204292539281, "completition_cost": 0.0, "overshoot_cost": 50.4997582924155, "power_cost": 17.93681130371094, "noise_cost": 17.494791731161655, "n_waypoints_completed": 9, "tot_waypoints": 9}}
{"target": -183.80606818996455, "params": {"k_pid_pos": [1.0031316701085804, 0.024859491386256316, 0.40092638265648595], "k_pid_alt": [1.7297729984189598, 0.0, 0.02282466901291924], "k_pid_att": [32.194164172814396, 5.859554809351448, 0.666719676683535], "k_pid_yaw": [0.5, 1e-06, 0.1], "k_pid_hsp": [0.09847755819799779, 0.011264223901387349, 0.0], "k_pid_vsp": [264.9966777379314, 307.0029666248519, 21.011196465382298]}, "datetime": {"datetime": "2025-08-12 02:02:42", "elapsed": 34641.72488927841, "delta": 18.422150135040283}, "costs": {"total_cost": 183.80606818996455, "time_cost": 70.049, "final_distance_cost": 1.8328616209629816, "oscillation_cost": 26.018850336716934, "completition_cost": 0.0, "overshoot_cost": 50.11739868466329, "power_cost": 18.087833264160157, "noise_cost": 17.700124283461154, "n_waypoints_completed": 9, "tot_waypoints": 9}}
{"target": -183.80606818996455, "params": {"k_pid_pos": [1.0031316701085804, 0.024859491386256316, 0.40092638265648595], "k_pid_alt": [1.7297729984189598, 0.0, 0.02282466901291924], "k_pid_att": [32.194164172814396, 5.859554809351448, 0.666719676683535], "k_pid_yaw": [0.5, 1e-06, 0.1], "k_pid_hsp": [0.09847755819799779, 0.011264223901387349, 0.0], "k_pid_vsp": [264.9966777379314, 307.0029666248519, 21.011196465382298]}, "datetime": {"datetime": "2025-08-12 02:02:59", "elapsed": 34658.91846728325, "delta": 17.193578004837036}, "costs": {"total_cost": 183.80606818996455, "time_cost": 70.049, "final_distance_cost": 1.8328616209629816, "oscillation_cost": 26.018850336716934, "completition_cost": 0.0, "overshoot_cost": 50.11739868466329, "power_cost": 18.087833264160157, "noise_cost": 17.700124283461154, "n_waypoints_completed": 9, "tot_waypoints": 9}}
{"target": -183.70064920755323, "params": {"k_pid_pos": [1.0031316701085804, 0.024859491386256316, 0.40092638265648595], "k_pid_alt": [1.7297729984189598, 0.0, 0.06527723447865985], "k_pid_att": [37.12179941719916, 5.859554809351448, 0.666719676683535], "k_pid_yaw": [0.5, 1e-06, 0.1], "k_pid_hsp": [0.09847755819799779, 0.011264223901387349, 0.0], "k_pid_vsp": [264.9966777379314, 307.0029666248519, 21.011196465382298]}, "datetime": {"datetime": "2025-08-12 02:03:17", "elapsed": 34676.85929441452, "delta": 17.940827131271362}, "costs": {"total_cost": 183.70064920755323, "time_cost": 70.063, "final_distance_cost": 1.8269137125583466, "oscillation_cost": 25.990425061704375, "completition_cost": 0.0, "overshoot_cost": 50.38963089585039, "power_cost": 17.882403076171876, "noise_cost": 17.54827646126825, "n_waypoints_completed": 9, "tot_waypoints": 9}}
{"target": -288.4889487303659, "params": {"k_pid_pos": [1.0031316701085804, 0.024859491386256316, 0.40092638265648595], "k_pid_alt": [1.7297729984189598, 0.0, 0.06527723447865985], "k_pid_att": [37.12179941719916, 2.8503329366774977, 0.666719676683535], "k_pid_yaw": [0.5, 1e-06, 0.1], "k_pid_hsp": [0.09847755819799779, 0.3095743154041969, 0.0], "k_pid_vsp": [264.9966777379314, 6.65134314787687, 21.011196465382298]}, "datetime": {"datetime": "2025-08-12 02:03:39", "elapsed": 34699.370347976685, "delta": 22.511053562164307}, "costs": {"total_cost": 288.4889487303659, "time_cost": 86.59, "final_distance_cost": 1.8509680142616605, "oscillation_cost": 94.51602184706314, "completition_cost": 0.0, "overshoot_cost": 55.718731382614244, "power_cost": 24.40049423828125, "noise_cost": 25.412733248145646, "n_waypoints_completed": 9, "tot_waypoints": 9}}
{"target": -185.4268415746092, "params": {"k_pid_pos": [1.0031316701085804, 0.024859491386256316, 0.40092638265648595], "k_pid_alt": [1.7297729984189598, 0.0, 0.06527723447865985], "k_pid_att": [54.227890723214855, 5.859554809351448, 0.666719676683535], "k_pid_yaw": [0.5, 1e-06, 0.1], "k_pid_hsp": [0.09847755819799779, 0.011264223901387349, 0.0], "k_pid_vsp": [264.9966777379314, 140.03862743104432, 21.011196465382298]}, "datetime": {"datetime": "2025-08-12 02:03:57", "elapsed": 34717.04669070244, "delta": 17.676342725753784}, "costs": {"total_cost": 185.4268415746092, "time_cost": 70.371, "final_distance_cost": 1.8178872542734967, "oscillation_cost": 25.572120521536796, "completition_cost": 0.0, "overshoot_cost": 51.45977403291541, "power_cost": 18.231427221679688, "noise_cost": 17.974632544203793, "n_waypoints_completed": 9, "tot_waypoints": 9}}
{"target": -183.72962575146045, "params": {"k_pid_pos": [1.0031316701085804, 0.024859491386256316, 0.40092638265648595], "k_pid_alt": [1.7297729984189598, 0.0, 0.06527723447865985], "k_pid_att": [37.12179941719916, 5.859554809351448, 0.666719676683535], "k_pid_yaw": [0.5, 1e-06, 0.1], "k_pid_hsp": [0.09847755819799779, 0.011264223901387349, 0.0], "k_pid_vsp": [264.9966777379314, 307.0029666248519, 2.77343605205192]}, "datetime": {"datetime": "2025-08-12 02:04:16", "elapsed": 34735.66158437729, "delta": 18.614893674850464}, "costs": {"total_cost": 183.72962575146045, "time_cost": 70.0, "final_distance_cost": 1.8155992477474978, "oscillation_cost": 26.10330458142258, "completition_cost": 0.0, "overshoot_cost": 50.70349905119816, "power_cost": 14.238774658203125, "noise_cost": 20.86844821288908, "n_waypoints_completed": 9, "tot_waypoints": 9}}
{"target": -921.2367581668657, "params": {"k_pid_pos": [1.0031316701085804, 0.024859491386256316, 0.40092638265648595], "k_pid_alt": [1.7297729984189598, 0.0, 0.15791560522360282], "k_pid_att": [37.12179941719916, 1.4913548176861673, 0.5196369593476883], "k_pid_yaw": [0.5, 1e-06, 0.1], "k_pid_hsp": [0.09847755819799779, 0.7794066825273879, 0.0], "k_pid_vsp": [264.57255645423925, 307.0029666248519, 21.011196465382298]}, "datetime": {"datetime": "2025-08-12 02:04:46", "elapsed": 34766.30908155441, "delta": 30.647497177124023}, "costs": {"total_cost": 921.2367581668657, "time_cost": 150, "final_distance_cost": 55.86902607089642, "oscillation_cost": 132.03900953258935, "completition_cost": 444.4444444444444, "overshoot_cost": 70.19502358623268, "power_cost": 35.39697957763672, "noise_cost": 33.29227495506626, "n_waypoints_completed": 5, "tot_waypoints": 9}}
{"target": -1460.6140880649757, "params": {"k_pid_pos": [1.0031316701085804, 0.024859491386256316, 0.40092638265648595], "k_pid_alt": [1.1098775236402525, 0.0, 0.06527723447865985], "k_pid_att": [37.12179941719916, 5.859554809351448, 0.666719676683535], "k_pid_yaw": [0.5, 1e-06, 0.1], "k_pid_hsp": [0.09847755819799779, 0.011264223901387349, 0.0], "k_pid_vsp": [264.9966777379314, 58.86884306764787, 270.6351217364206]}, "datetime": {"datetime": "2025-08-12 02:05:17", "elapsed": 34796.554676532745, "delta": 30.24559497833252}, "costs": {"total_cost": 1460.6140880649757, "time_cost": 150, "final_distance_cost": 1.0000824086588687, "oscillation_cost": 3.3810281984077255, "completition_cost": 1000.0, "overshoot_cost": 162.96842917464804, "power_cost": 29.2846220703125, "noise_cost": 113.97992621294863, "n_waypoints_completed": 0, "tot_waypoints": 9}}
{"target": -207.5323904392469, "params": {"k_pid_pos": [1.0031316701085804, 0.024859491386256316, 0.40092638265648595], "k_pid_alt": [1.7655434176925564, 0.0, 0.36236040329893415], "k_pid_att": [16.70788068270076, 5.859554809351448, 0.666719676683535], "k_pid_yaw": [0.5, 1e-06, 0.1], "k_pid_hsp": [6.437608030649435, 0.011264223901387349, 0.0], "k_pid_vsp": [264.57255645423925, 307.0029666248519, 21.011196465382298]}, "datetime": {"datetime": "2025-08-12 02:05:35", "elapsed": 34814.78027892113, "delta": 18.225602388381958}, "costs": {"total_cost": 207.5323904392469, "time_cost": 73.626, "final_distance_cost": 1.8526887659364275, "oscillation_cost": 43.15719615825977, "completition_cost": 0.0, "overshoot_cost": 50.539876644288654, "power_cost": 19.105511364746096, "noise_cost": 19.251117506015962, "n_waypoints_completed": 9, "tot_waypoints": 9}}
{"target": -183.70064920755323, "params": {"k_pid_pos": [1.0031316701085804, 0.024859491386256316, 0.40092638265648595], "k_pid_alt": [1.7297729984189598, 0.0, 0.06527723447865985], "k_pid_att": [37.12179941719916, 5.859554809351448, 0.666719676683535], "k_pid_yaw": [0.5, 1e-06, 0.1], "k_pid_hsp": [0.09847755819799779, 0.011264223901387349, 0.0], "k_pid_vsp": [264.9966777379314, 307.0029666248519, 21.011196465382298]}, "datetime": {"datetime": "2025-08-12 02:05:53", "elapsed": 34832.71931266785, "delta": 17.93903374671936}, "costs": {"total_cost": 183.70064920755323, "time_cost": 70.063, "final_distance_cost": 1.8269137125583466, "oscillation_cost": 25.990425061704375, "completition_cost": 0.0, "overshoot_cost": 50.38963089585039, "power_cost": 17.882403076171876, "noise_cost": 17.54827646126825, "n_waypoints_completed": 9, "tot_waypoints": 9}}
{"target": -1454.2766363504186, "params": {"k_pid_pos": [1.0031316701085804, 0.024859491386256316, 0.40092638265648595], "k_pid_alt": [1.7297729984189598, 0.0, 0.06527723447865985], "k_pid_att": [11.391637031113255, 0.18205753750414305, 0.666719676683535], "k_pid_yaw": [0.5, 1e-06, 0.1], "k_pid_hsp": [0.09847755819799779, 0.011264223901387349, 0.0], "k_pid_vsp": [264.9966777379314, 307.0029666248519, 262.3469346407525]}, "datetime": {"datetime": "2025-08-12 02:06:24", "elapsed": 34864.15585041046, "delta": 31.436537742614746}, "costs": {"total_cost": 1454.2766363504186, "time_cost": 150, "final_distance_cost": 0.9978101891883444, "oscillation_cost": 3.409352636189458, "completition_cost": 1000.0, "overshoot_cost": 162.11014625414347, "power_cost": 29.36781853027344, "noise_cost": 108.39150874062373, "n_waypoints_completed": 0, "tot_waypoints": 9}}
{"target": -209.47196455901778, "params": {"k_pid_pos": [1.0031316701085804, 0.024859491386256316, 0.40092638265648595], "k_pid_alt": [0.3787051793814169, 0.0, 0.06527723447865985], "k_pid_att": [11.391637031113255, 2.693331282869566, 0.666719676683535], "k_pid_yaw": [0.5, 1e-06, 0.1], "k_pid_hsp": [0.09847755819799779, 0.011264223901387349, 0.0], "k_pid_vsp": [264.9966777379314, 218.9558849126979, 21.011196465382298]}, "datetime": {"datetime": "2025-08-12 02:06:46", "elapsed": 34885.61249279976, "delta": 21.456642389297485}, "costs": {"total_cost": 209.47196455901778, "time_cost": 85.806, "final_distance_cost": 1.8582075046476298, "oscillation_cost": 27.949911721365922, "completition_cost": 0.0, "overshoot_cost": 51.469273944266654, "power_cost": 21.856684020996095, "noise_cost": 20.53188736774149, "n_waypoints_completed": 9, "tot_waypoints": 9}}
{"target": -185.85614943227097, "params": {"k_pid_pos": [1.0031316701085804, 0.024859491386256316, 0.40092638265648595], "k_pid_alt": [1.3743244933308238, 0.0, 0.472941922472217], "k_pid_att": [54.227890723214855, 2.8503329366774977, 0.666719676683535], "k_pid_yaw": [0.5, 1e-06, 0.1], "k_pid_hsp": [0.09847755819799779, 0.011264223901387349, 0.0], "k_pid_vsp": [264.9966777379314, 307.0029666248519, 21.011196465382298]}, "datetime": {"datetime": "2025-08-12 02:07:04", "elapsed": 34903.88549017906, "delta": 18.27299737930298}, "costs": {"total_cost": 185.85614943227097, "time_cost": 71.183, "final_distance_cost": 1.8294997870294503, "oscillation_cost": 26.051833676229442, "completition_cost": 0.0, "overshoot_cost": 50.57827130522, "power_cost": 18.3831265625, "noise_cost": 17.83041810129209, "n_waypoints_completed": 9, "tot_waypoints": 9}}
{"target": -189.2991397828082, "params": {"k_pid_pos": [1.0031316701085804, 0.024859491386256316, 0.40092638265648595], "k_pid_alt": [1.7297729984189598, 0.0, 0.06527723447865985], "k_pid_att": [92.532430894659, 3.2931611945007657, 0.10072849482906354], "k_pid_yaw": [0.5, 1e-06, 0.1], "k_pid_hsp": [0.09847755819799779, 0.011264223901387349, 0.0], "k_pid_vsp": [131.89521188480865, 307.0029666248519, 75.33060670822715]}, "datetime": {"datetime": "2025-08-12 02:07:21", "elapsed": 34921.33938884735, "delta": 17.453898668289185}, "costs": {"total_cost": 189.2991397828082, "time_cost": 71.022, "final_distance_cost": 1.8164269939257343, "oscillation_cost": 28.86973464851433, "completition_cost": 0.0, "overshoot_cost": 51.63081037757892, "power_cost": 18.209286437988283, "noise_cost": 17.750881324800925, "n_waypoints_completed": 9, "tot_waypoints": 9}}
{"target": -270.6266300159817, "params": {"k_pid_pos": [1.0031316701085804, 0.024859491386256316, 0.40092638265648595], "k_pid_alt": [1.7297729984189598, 0.0, 0.06527723447865985], "k_pid_att": [37.12179941719916, 3.9361669465789193, 0.666719676683535], "k_pid_yaw": [0.5, 1e-06, 0.1], "k_pid_hsp": [0.09847755819799779, 0.011264223901387349, 0.0], "k_pid_vsp": [264.9966777379314, 307.0029666248519, 184.00302090226384]}, "datetime": {"datetime": "2025-08-12 02:07:51", "elapsed": 34950.72428750992, "delta": 29.38489866256714}, "costs": {"total_cost": 270.6266300159817, "time_cost": 111.867, "final_distance_cost": 1.8190266894550309, "oscillation_cost": 26.63277525952704, "completition_cost": 0.0, "overshoot_cost": 73.96907232367622, "power_cost": 28.520709082031253, "noise_cost": 27.818046661292147, "n_waypoints_completed": 9, "tot_waypoints": 9}}
{"target": -183.53649260238842, "params": {"k_pid_pos": [1.0031316701085804, 0.024859491386256316, 0.40092638265648595], "k_pid_alt": [1.7297729984189598, 0.0, 0.06527723447865985], "k_pid_att": [54.227890723214855, 5.859554809351448, 0.666719676683535], "k_pid_yaw": [0.5, 1e-06, 0.1], "k_pid_hsp": [0.09847755819799779, 0.011264223901387349, 0.0], "k_pid_vsp": [264.9966777379314, 140.03862743104432, 2.77343605205192]}, "datetime": {"datetime": "2025-08-12 02:08:09", "elapsed": 34969.00521659851, "delta": 18.28092908859253}, "costs": {"total_cost": 183.53649260238842, "time_cost": 70.182, "final_distance_cost": 1.8157228574093423, "oscillation_cost": 25.80330890253672, "completition_cost": 0.0, "overshoot_cost": 50.51887842229217, "power_cost": 14.2017048828125, "noise_cost": 21.01487753733769, "n_waypoints_completed": 9, "tot_waypoints": 9}}
{"target": -183.64001715417484, "params": {"k_pid_pos": [1.0031316701085804, 0.024859491386256316, 0.40092638265648595], "k_pid_alt": [1.7297729984189598, 0.0, 0.06527723447865985], "k_pid_att": [37.12179941719916, 2.8503329366774977, 0.666719676683535], "k_pid_yaw": [0.5, 1e-06, 0.1], "k_pid_hsp": [0.09847755819799779, 0.011264223901387349, 0.0], "k_pid_vsp": [264.9966777379314, 307.0029666248519, 21.011196465382298]}, "datetime": {"datetime": "2025-08-12 02:08:27", "elapsed": 34986.61597394943, "delta": 17.61075735092163}, "costs": {"total_cost": 183.64001715417484, "time_cost": 70.077, "final_distance_cost": 1.8282288821562778, "oscillation_cost": 25.90473801137338, "completition_cost": 0.0, "overshoot_cost": 50.224048772488736, "power_cost": 17.955333911132815, "noise_cost": 17.65066757702363, "n_waypoints_completed": 9, "tot_waypoints": 9}}
{"target": -183.70064920755323, "params": {"k_pid_pos": [1.0031316701085804, 0.024859491386256316, 0.40092638265648595], "k_pid_alt": [1.7297729984189598, 0.0, 0.06527723447865985], "k_pid_att": [37.12179941719916, 5.859554809351448, 0.666719676683535], "k_pid_yaw": [0.5, 1e-06, 0.1], "k_pid_hsp": [0.09847755819799779, 0.011264223901387349, 0.0], "k_pid_vsp": [264.9966777379314, 307.0029666248519, 21.011196465382298]}, "datetime": {"datetime": "2025-08-12 02:08:45", "elapsed": 35004.45689988136, "delta": 17.840925931930542}, "costs": {"total_cost": 183.70064920755323, "time_cost": 70.063, "final_distance_cost": 1.8269137125583466, "oscillation_cost": 25.990425061704375, "completition_cost": 0.0, "overshoot_cost": 50.38963089585039, "power_cost": 17.882403076171876, "noise_cost": 17.54827646126825, "n_waypoints_completed": 9, "tot_waypoints": 9}}
{"target": -219.7702338341066, "params": {"k_pid_pos": [1.2664866621148956, 0.024859491386256316, 0.20685669452838884], "k_pid_alt": [1.140468520258011, 0.8424209510811689, 0.06527723447865985], "k_pid_att": [54.227890723214855, 5.859554809351448, 0.666719676683535], "k_pid_yaw": [0.5, 1e-06, 0.1], "k_pid_hsp": [0.09847755819799779, 0.011264223901387349, 0.0], "k_pid_vsp": [264.9966777379314, 140.03862743104432, 21.011196465382298]}, "datetime": {"datetime": "2025-08-12 02:09:07", "elapsed": 35026.86391568184, "delta": 22.407015800476074}, "costs": {"total_cost": 219.7702338341066, "time_cost": 87.304, "final_distance_cost": 1.754763476284661, "oscillation_cost": 32.59964790855946, "completition_cost": 0.0, "overshoot_cost": 54.9343930033676, "power_cost": 22.243537927246095, "noise_cost": 20.933891518648764, "n_waypoints_completed": 9, "tot_waypoints": 9}}
{"target": -183.80606818996455, "params": {"k_pid_pos": [1.0031316701085804, 0.024859491386256316, 0.40092638265648595], "k_pid_alt": [1.7297729984189598, 0.0, 0.02282466901291924], "k_pid_att": [32.194164172814396, 5.859554809351448, 0.666719676683535], "k_pid_yaw": [0.5, 1e-06, 0.1], "k_pid_hsp": [0.09847755819799779, 0.011264223901387349, 0.0], "k_pid_vsp": [264.9966777379314, 307.0029666248519, 21.011196465382298]}, "datetime": {"datetime": "2025-08-12 02:09:25", "elapsed": 35044.44428920746, "delta": 17.580373525619507}, "costs": {"total_cost": 183.80606818996455, "time_cost": 70.049, "final_distance_cost": 1.8328616209629816, "oscillation_cost": 26.018850336716934, "completition_cost": 0.0, "overshoot_cost": 50.11739868466329, "power_cost": 18.087833264160157, "noise_cost": 17.700124283461154, "n_waypoints_completed": 9, "tot_waypoints": 9}}
{"target": -183.80606818996455, "params": {"k_pid_pos": [1.0031316701085804, 0.024859491386256316, 0.40092638265648595], "k_pid_alt": [1.7297729984189598, 0.0, 0.02282466901291924], "k_pid_att": [32.194164172814396, 5.859554809351448, 0.666719676683535], "k_pid_yaw": [0.5, 1e-06, 0.1], "k_pid_hsp": [0.09847755819799779, 0.011264223901387349, 0.0], "k_pid_vsp": [264.9966777379314, 307.0029666248519, 21.011196465382298]}, "datetime": {"datetime": "2025-08-12 02:09:43", "elapsed": 35062.640130758286, "delta": 18.195841550827026}, "costs": {"total_cost": 183.80606818996455, "time_cost": 70.049, "final_distance_cost": 1.8328616209629816, "oscillation_cost": 26.018850336716934, "completition_cost": 0.0, "overshoot_cost": 50.11739868466329, "power_cost": 18.087833264160157, "noise_cost": 17.700124283461154, "n_waypoints_completed": 9, "tot_waypoints": 9}}
{"target": -1318.9425233214417, "params": {"k_pid_pos": [1.0031316701085804, 0.024859491386256316, 0.40092638265648595], "k_pid_alt": [1.7297729984189598, 0.0, 0.06527723447865985], "k_pid_att": [37.12179941719916, 2.8503329366774977, 0.666719676683535], "k_pid_yaw": [0.5, 1e-06, 0.1], "k_pid_hsp": [0.09847755819799779, 0.011264223901387349, 0.0], "k_pid_vsp": [264.9966777379314, 307.0029666248519, 225.07806705018456]}, "datetime": {"datetime": "2025-08-12 02:10:13", "elapsed": 35092.66733980179, "delta": 30.027209043502808}, "costs": {"total_cost": 1318.9425233214417, "time_cost": 150, "final_distance_cost": 43.4977923174028, "oscillation_cost": 3.4165540949054254, "completition_cost": 1000.0, "overshoot_cost": 65.618708084133, "power_cost": 29.497431970214844, "noise_cost": 26.91203685478562, "n_waypoints_completed": 0, "tot_waypoints": 9}}
{"target": -1476.765956364167, "params": {"k_pid_pos": [1.0031316701085804, 0.024859491386256316, 0.40092638265648595], "k_pid_alt": [1.5344120537351553, 0.0, 0.45660459018404764], "k_pid_att": [37.12179941719916, 5.859554809351448, 0.666719676683535], "k_pid_yaw": [0.5, 1e-06, 0.1], "k_pid_hsp": [0.09847755819799779, 0.011264223901387349, 0.02241598606202988], "k_pid_vsp": [264.9966777379314, 307.0029666248519, 397.61617008957916]}, "datetime": {"datetime": "2025-08-12 02:10:44", "elapsed": 35123.80215167999, "delta": 31.134811878204346}, "costs": {"total_cost": 1476.765956364167, "time_cost": 150, "final_distance_cost": 0.997642820123679, "oscillation_cost": 36.15471138949374, "completition_cost": 1000.0, "overshoot_cost": 159.22860226258084, "power_cost": 29.15371884765625, "noise_cost": 101.23128104431257, "n_waypoints_completed": 0, "tot_waypoints": 9}}
