{"target": -356.6848595871211, "params": {"k_pid_pos": [1.0031316701085804, 0.024859491386256316, 0.40092638265648595], "k_pid_alt": [1.7297729984189598, 0.5971434533176183, 0.06527723447865985], "k_pid_att": [32.194164172814396, 5.859554809351448, 0.21500662963158956], "k_pid_yaw": [0.5, 1e-06, 0.1], "k_pid_hsp": [0.09847755819799779, 0.37907839731060067, 0.0], "k_pid_vsp": [278.48014832846997, 307.0029666248519, 21.011196465382298]}, "datetime": {"datetime": "2025-08-12 02:37:17", "elapsed": 36716.60258936882, "delta": 28.460302352905273}, "costs": {"total_cost": 356.6848595871211, "time_cost": 110.124, "final_distance_cost": 1.837694812644249, "oscillation_cost": 122.09174583042845, "completition_cost": 0.0, "overshoot_cost": 60.931512230766586, "power_cost": 31.677224963378908, "noise_cost": 30.02268174990288, "n_waypoints_completed": 9, "tot_waypoints": 9}}
{"target": -183.8210239643456, "params": {"k_pid_pos": [1.0031316701085804, 0.024859491386256316, 0.40092638265648595], "k_pid_alt": [1.7297729984189598, 0.0, 0.02282466901291924], "k_pid_att": [54.227890723214855, 5.859554809351448, 0.666719676683535], "k_pid_yaw": [0.5, 1e-06, 0.1], "k_pid_hsp": [0.09847755819799779, 0.011264223901387349, 0.0], "k_pid_vsp": [264.9966777379314, 140.03862743104432, 2.77343605205192]}, "datetime": {"datetime": "2025-08-12 02:37:35", "elapsed": 36734.82472324371, "delta": 18.22213387489319}, "costs": {"total_cost": 183.8210239643456, "time_cost": 70.18900000000001, "final_distance_cost": 1.817999656786895, "oscillation_cost": 25.682862351709836, "completition_cost": 0.0, "overshoot_cost": 50.869899153588044, "power_cost": 14.23944979248047, "noise_cost": 21.021813009780388, "n_waypoints_completed": 9, "tot_waypoints": 9}}
{"target": -199.64092355204892, "params": {"k_pid_pos": [1.0031316701085804, 0.024859491386256316, 0.40092638265648595], "k_pid_alt": [1.7297729984189598, 0.0, 0.06527723447865985], "k_pid_att": [37.12179941719916, 2.8503329366774977, 0.666719676683535], "k_pid_yaw": [0.5, 1e-06, 0.1], "k_pid_hsp": [0.09847755819799779, 0.011264223901387349, 0.0], "k_pid_vsp": [264.9966777379314, 307.0029666248519, 130.14958620146152]}, "datetime": {"datetime": "2025-08-12 02:37:56", "elapsed": 36755.91850566864, "delta": 21.093782424926758}, "costs": {"total_cost": 199.64092355204892, "time_cost": 77.406, "final_distance_cost": 1.822464161505584, "oscillation_cost": 25.57351598257197, "completition_cost": 0.0, "overshoot_cost": 55.21102418978455, "power_cost": 19.784087158203125, "noise_cost": 19.843832059983665, "n_waypoints_completed": 9, "tot_waypoints": 9}}
{"target": -1280.844551320523, "params": {"k_pid_pos": [1.0031316701085804, 0.024859491386256316, 0.45183138031506087], "k_pid_alt": [0.747058922102781, 0.0, 0.06527723447865985], "k_pid_att": [11.329609997636037, 6.043751783864618, 0.666719676683535], "k_pid_yaw": [0.5, 1e-06, 0.1], "k_pid_hsp": [0.09847755819799779, 0.011264223901387349, 0.0933370746102804], "k_pid_vsp": [264.9966777379314, 140.03862743104432, 378.0276463997573]}, "datetime": {"datetime": "2025-08-12 02:38:27", "elapsed": 36787.218764305115, "delta": 31.30025863647461}, "costs": {"total_cost": 1280.844551320523, "time_cost": 150, "final_distance_cost": 77.34969361259364, "oscillation_cost": 61.2477482511956, "completition_cost": 888.8888888888888, "overshoot_cost": 47.38482868133869, "power_cost": 27.878036645507812, "noise_cost": 28.09535524099842, "n_waypoints_completed": 1, "tot_waypoints": 9}}
{"target": -190.141697295025, "params": {"k_pid_pos": [1.0031316701085804, 0.024859491386256316, 0.40092638265648595], "k_pid_alt": [1.7297729984189598, 0.0, 0.06527723447865985], "k_pid_att": [60.80703776507656, 5.859554809351448, 0.666719676683535], "k_pid_yaw": [0.5, 1e-06, 0.1], "k_pid_hsp": [0.09847755819799779, 0.011264223901387349, 0.0], "k_pid_vsp": [264.9966777379314, 140.03862743104432, 63.37118315844313]}, "datetime": {"datetime": "2025-08-12 02:38:46", "elapsed": 36805.67866253853, "delta": 18.459898233413696}, "costs": {"total_cost": 190.141697295025, "time_cost": 72.877, "final_distance_cost": 1.8347792190515941, "oscillation_cost": 25.671187548592098, "completition_cost": 0.0, "overshoot_cost": 52.342106186091634, "power_cost": 18.788084216308594, "noise_cost": 18.628540124981104, "n_waypoints_completed": 9, "tot_waypoints": 9}}
{"target": -581.438671584961, "params": {"k_pid_pos": [1.0031316701085804, 0.024859491386256316, 0.40092638265648595], "k_pid_alt": [1.7297729984189598, 0.0, 0.15791560522360282], "k_pid_att": [28.19473841193917, 5.859554809351448, 0.8466505764833102], "k_pid_yaw": [0.5, 1e-06, 0.1], "k_pid_hsp": [0.09847755819799779, 0.758576650728263, 0.0], "k_pid_vsp": [264.9966777379314, 307.0029666248519, 21.011196465382298]}, "datetime": {"datetime": "2025-08-12 02:39:17", "elapsed": 36836.796448946, "delta": 31.117786407470703}, "costs": {"total_cost": 581.438671584961, "time_cost": 150, "final_distance_cost": 63.065842220730694, "oscillation_cost": 126.9237322298015, "completition_cost": 111.11111111111116, "overshoot_cost": 61.99679067637515, "power_cost": 35.29648795166016, "noise_cost": 33.044707395282366, "n_waypoints_completed": 8, "tot_waypoints": 9}}
{"target": -1462.1441730322124, "params": {"k_pid_pos": [1.6248320196330406, 0.024859491386256316, 0.40092638265648595], "k_pid_alt": [1.7297729984189598, 0.0, 0.06527723447865985], "k_pid_att": [37.12179941719916, 2.8503329366774977, 0.666719676683535], "k_pid_yaw": [0.5, 1e-06, 0.1], "k_pid_hsp": [0.09847755819799779, 0.011264223901387349, 0.0], "k_pid_vsp": [264.9966777379314, 307.0029666248519, 362.9814901044949]}, "datetime": {"datetime": "2025-08-12 02:39:48", "elapsed": 36868.18365883827, "delta": 31.38720989227295}, "costs": {"total_cost": 1462.1441730322124, "time_cost": 150, "final_distance_cost": 1.000008733155818, "oscillation_cost": 4.502970020677593, "completition_cost": 1000.0, "overshoot_cost": 162.96207673003047, "power_cost": 29.373359692382813, "noise_cost": 114.30575785596578, "n_waypoints_completed": 0, "tot_waypoints": 9}}
{"target": -183.53649260238842, "params": {"k_pid_pos": [1.0031316701085804, 0.024859491386256316, 0.40092638265648595], "k_pid_alt": [1.7297729984189598, 0.0, 0.06527723447865985], "k_pid_att": [54.227890723214855, 5.859554809351448, 0.666719676683535], "k_pid_yaw": [0.5, 1e-06, 0.1], "k_pid_hsp": [0.09847755819799779, 0.011264223901387349, 0.0], "k_pid_vsp": [264.9966777379314, 140.03862743104432, 2.77343605205192]}, "datetime": {"datetime": "2025-08-12 02:40:06", "elapsed": 36886.12419581413, "delta": 17.940536975860596}, "costs": {"total_cost": 183.53649260238842, "time_cost": 70.182, "final_distance_cost": 1.8157228574093423, "oscillation_cost": 25.80330890253672, "completition_cost": 0.0, "overshoot_cost": 50.51887842229217, "power_cost": 14.2017048828125, "noise_cost": 21.01487753733769, "n_waypoints_completed": 9, "tot_waypoints": 9}}
{"target": -183.53649260238842, "params": {"k_pid_pos": [1.0031316701085804, 0.024859491386256316, 0.40092638265648595], "k_pid_alt": [1.7297729984189598, 0.0, 0.06527723447865985], "k_pid_att": [54.227890723214855, 5.859554809351448, 0.666719676683535], "k_pid_yaw": [0.5, 1e-06, 0.1], "k_pid_hsp": [0.09847755819799779, 0.011264223901387349, 0.0], "k_pid_vsp": [264.9966777379314, 140.03862743104432, 2.77343605205192]}, "datetime": {"datetime": "2025-08-12 02:40:26", "elapsed": 36905.443897247314, "delta": 19.319701433181763}, "costs": {"total_cost": 183.53649260238842, "time_cost": 70.182, "final_distance_cost": 1.8157228574093423, "oscillation_cost": 25.80330890253672, "completition_cost": 0.0, "overshoot_cost": 50.51887842229217, "power_cost": 14.2017048828125, "noise_cost": 21.01487753733769, "n_waypoints_completed": 9, "tot_waypoints": 9}}
{"target": -183.53649260238842, "params": {"k_pid_pos": [1.0031316701085804, 0.024859491386256316, 0.40092638265648595], "k_pid_alt": [1.7297729984189598, 0.0, 0.06527723447865985], "k_pid_att": [54.227890723214855, 5.859554809351448, 0.666719676683535], "k_pid_yaw": [0.5, 1e-06, 0.1], "k_pid_hsp": [0.09847755819799779, 0.011264223901387349, 0.0], "k_pid_vsp": [264.9966777379314, 140.03862743104432, 2.77343605205192]}, "datetime": {"datetime": "2025-08-12 02:40:44", "elapsed": 36923.451097011566, "delta": 18.00719976425171}, "costs": {"total_cost": 183.53649260238842, "time_cost": 70.182, "final_distance_cost": 1.8157228574093423, "oscillation_cost": 25.80330890253672, "completition_cost": 0.0, "overshoot_cost": 50.51887842229217, "power_cost": 14.2017048828125, "noise_cost": 21.01487753733769, "n_waypoints_completed": 9, "tot_waypoints": 9}}
{"target": -184.98844408714314, "params": {"k_pid_pos": [1.0031316701085804, 0.024859491386256316, 0.15504459629470158], "k_pid_alt": [1.7297729984189598, 0.0, 0.06527723447865985], "k_pid_att": [54.227890723214855, 5.859554809351448, 0.666719676683535], "k_pid_yaw": [0.5, 1e-06, 0.1], "k_pid_hsp": [0.09847755819799779, 0.011264223901387349, 0.0], "k_pid_vsp": [264.9966777379314, 250.21609499067577, 2.77343605205192]}, "datetime": {"datetime": "2025-08-12 02:41:03", "elapsed": 36943.319242715836, "delta": 19.86814570426941}, "costs": {"total_cost": 184.98844408714314, "time_cost": 70.028, "final_distance_cost": 1.8243775120279133, "oscillation_cost": 27.359159476768934, "completition_cost": 0.0, "overshoot_cost": 50.81380203316554, "power_cost": 14.296248706054689, "noise_cost": 20.666856359126065, "n_waypoints_completed": 9, "tot_waypoints": 9}}
{"target": -187.31062805431264, "params": {"k_pid_pos": [1.0031316701085804, 0.024859491386256316, 0.40092638265648595], "k_pid_alt": [0.7503000084241305, 0.0, 0.06527723447865985], "k_pid_att": [11.246502653247227, 5.859554809351448, 0.666719676683535], "k_pid_yaw": [0.5, 1e-06, 0.1], "k_pid_hsp": [0.09847755819799779, 0.011264223901387349, 0.0], "k_pid_vsp": [264.9966777379314, 140.03862743104432, 2.77343605205192]}, "datetime": {"datetime": "2025-08-12 02:41:22", "elapsed": 36961.729102134705, "delta": 18.40985941886902}, "costs": {"total_cost": 187.31062805431264, "time_cost": 72.919, "final_distance_cost": 1.8371904803181485, "oscillation_cost": 26.39805548336592, "completition_cost": 0.0, "overshoot_cost": 50.39042618493103, "power_cost": 14.554297705078126, "noise_cost": 21.21165820061945, "n_waypoints_completed": 9, "tot_waypoints": 9}}
{"target": -194.27674796868854, "params": {"k_pid_pos": [1.0031316701085804, 0.024859491386256316, 0.40092638265648595], "k_pid_alt": [1.7297729984189598, 0.972950519011735, 0.8561296716900385], "k_pid_att": [54.227890723214855, 5.859554809351448, 0.666719676683535], "k_pid_yaw": [0.5, 1e-06, 0.1], "k_pid_hsp": [0.09847755819799779, 0.011264223901387349, 0.0], "k_pid_vsp": [264.9966777379314, 140.03862743104432, 2.77343605205192]}, "datetime": {"datetime": "2025-08-12 02:41:42", "elapsed": 36981.76773905754, "delta": 20.038636922836304}, "costs": {"total_cost": 194.27674796868854, "time_cost": 76.531, "final_distance_cost": 1.8006493689373881, "oscillation_cost": 27.03966867650108, "completition_cost": 0.0, "overshoot_cost": 52.011004981970345, "power_cost": 15.237411242675782, "noise_cost": 21.65701369860396, "n_waypoints_completed": 9, "tot_waypoints": 9}}
{"target": -566.0495911785558, "params": {"k_pid_pos": [1.0031316701085804, 0.024859491386256316, 0.40092638265648595], "k_pid_alt": [1.7297729984189598, 0.0, 0.04765230386150865], "k_pid_att": [54.227890723214855, 5.859554809351448, 0.666719676683535], "k_pid_yaw": [0.5, 1e-06, 0.1], "k_pid_hsp": [0.09847755819799779, 0.5286484062691404, 0.0], "k_pid_vsp": [264.9966777379314, 140.03862743104432, 2.77343605205192]}, "datetime": {"datetime": "2025-08-12 02:42:13", "elapsed": 37012.59901547432, "delta": 30.831276416778564}, "costs": {"total_cost": 566.0495911785558, "time_cost": 150, "final_distance_cost": 29.50919626440694, "oscillation_cost": 138.25480099836668, "completition_cost": 111.11111111111116, "overshoot_cost": 69.20183844335048, "power_cost": 33.0878545288086, "noise_cost": 34.884789832512006, "n_waypoints_completed": 8, "tot_waypoints": 9}}
{"target": -184.39009079915994, "params": {"k_pid_pos": [1.0031316701085804, 0.024859491386256316, 0.40092638265648595], "k_pid_alt": [1.7297729984189598, 0.0, 0.06527723447865985], "k_pid_att": [54.227890723214855, 5.859554809351448, 0.20497828334174084], "k_pid_yaw": [0.5, 1e-06, 0.1], "k_pid_hsp": [0.09847755819799779, 0.011264223901387349, 0.0], "k_pid_vsp": [121.11927891757475, 140.03862743104432, 2.77343605205192]}, "datetime": {"datetime": "2025-08-12 02:42:30", "elapsed": 37030.20191884041, "delta": 17.602903366088867}, "costs": {"total_cost": 184.39009079915994, "time_cost": 70.105, "final_distance_cost": 1.8244628719791964, "oscillation_cost": 26.636323527348893, "completition_cost": 0.0, "overshoot_cost": 50.71376684304938, "power_cost": 14.27010615234375, "noise_cost": 20.840431404438743, "n_waypoints_completed": 9, "tot_waypoints": 9}}
{"target": -460.4002083979425, "params": {"k_pid_pos": [1.0031316701085804, 0.024859491386256316, 0.40092638265648595], "k_pid_alt": [1.440715734429763, 0.0, 0.02282466901291924], "k_pid_att": [32.194164172814396, 5.859554809351448, 0.07467988019100957], "k_pid_yaw": [0.5, 1e-06, 0.1], "k_pid_hsp": [2.801807545737723, 0.011264223901387349, 0.14758719081210547], "k_pid_vsp": [137.42066172705395, 307.0029666248519, 21.011196465382298]}, "datetime": {"datetime": "2025-08-12 02:42:50", "elapsed": 37050.15195250511, "delta": 19.95003366470337}, "costs": {"total_cost": 460.4002083979425, "time_cost": 73.171, "final_distance_cost": 1.8284506771263331, "oscillation_cost": 293.25153514760297, "completition_cost": 0.0, "overshoot_cost": 51.18165342418913, "power_cost": 21.14900721435547, "noise_cost": 19.818561934668594, "n_waypoints_completed": 9, "tot_waypoints": 9}}
{"target": -809.5676686025029, "params": {"k_pid_pos": [1.0031316701085804, 0.024859491386256316, 0.40092638265648595], "k_pid_alt": [1.7297729984189598, 0.05522870589016149, 0.06527723447865985], "k_pid_att": [54.227890723214855, 5.859554809351448, 0.666719676683535], "k_pid_yaw": [0.5, 1e-06, 0.1], "k_pid_hsp": [0.09847755819799779, 0.7143847214026764, 0.0], "k_pid_vsp": [264.9966777379314, 250.21609499067577, 22.211825688563795]}, "datetime": {"datetime": "2025-08-12 02:43:22", "elapsed": 37081.78923249245, "delta": 31.637279987335205}, "costs": {"total_cost": 809.5676686025029, "time_cost": 150, "final_distance_cost": 70.10273286264325, "oscillation_cost": 126.93917623521205, "completition_cost": 333.33333333333337, "overshoot_cost": 60.505596655492845, "power_cost": 35.62245541992188, "noise_cost": 33.064374095899595, "n_waypoints_completed": 6, "tot_waypoints": 9}}
{"target": -1298.06284146604, "params": {"k_pid_pos": [1.0031316701085804, 0.024859491386256316, 0.40092638265648595], "k_pid_alt": [0.7503000084241305, 0.0, 0.06527723447865985], "k_pid_att": [54.227890723214855, 5.859554809351448, 0.666719676683535], "k_pid_yaw": [0.5, 1e-06, 0.1], "k_pid_hsp": [0.09847755819799779, 0.011264223901387349, 0.0], "k_pid_vsp": [344.0600164616191, 140.03862743104432, 211.66936240402038]}, "datetime": {"datetime": "2025-08-12 02:43:53", "elapsed": 37112.92010474205, "delta": 31.13087224960327}, "costs": {"total_cost": 1298.06284146604, "time_cost": 150, "final_distance_cost": 41.60428214208073, "oscillation_cost": 4.071873862792188, "completition_cost": 1000.0, "overshoot_cost": 46.11732337272988, "power_cost": 29.437028161621097, "noise_cost": 26.832333926816105, "n_waypoints_completed": 0, "tot_waypoints": 9}}
{"target": -183.57107238745596, "params": {"k_pid_pos": [1.0031316701085804, 0.024859491386256316, 0.40092638265648595], "k_pid_alt": [1.7297729984189598, 0.0, 0.06527723447865985], "k_pid_att": [54.227890723214855, 5.859554809351448, 0.666719676683535], "k_pid_yaw": [0.5, 1e-06, 0.1], "k_pid_hsp": [0.09847755819799779, 0.011264223901387349, 0.0], "k_pid_vsp": [264.9966777379314, 130.53254854158118, 2.77343605205192]}, "datetime": {"datetime": "2025-08-12 02:44:11", "elapsed": 37130.804040670395, "delta": 17.883935928344727}, "costs": {"total_cost": 183.57107238745596, "time_cost": 70.196, "final_distance_cost": 1.8322446110725878, "oscillation_cost": 25.708265163072646, "completition_cost": 0.0, "overshoot_cost": 50.624311735999854, "power_cost": 14.200049279785157, "noise_cost": 21.010201597525732, "n_waypoints_completed": 9, "tot_waypoints": 9}}
{"target": -187.4589279310063, "params": {"k_pid_pos": [1.0031316701085804, 0.024859491386256316, 0.40092638265648595], "k_pid_alt": [0.7503000084241305, 0.0, 0.06527723447865985], "k_pid_att": [54.227890723214855, 5.859554809351448, 0.8267899093225144], "k_pid_yaw": [0.5, 1e-06, 0.1], "k_pid_hsp": [0.09847755819799779, 0.011264223901387349, 0.0], "k_pid_vsp": [264.9966777379314, 250.21609499067577, 2.77343605205192]}, "datetime": {"datetime": "2025-08-12 02:44:31", "elapsed": 37150.38787937164, "delta": 19.58383870124817}, "costs": {"total_cost": 187.4589279310063, "time_cost": 73.059, "final_distance_cost": 1.8209430054296858, "oscillation_cost": 26.131604720593472, "completition_cost": 0.0, "overshoot_cost": 50.55838150278145, "power_cost": 14.588537524414063, "noise_cost": 21.30046117778763, "n_waypoints_completed": 9, "tot_waypoints": 9}}
{"target": -183.55365774200436, "params": {"k_pid_pos": [1.0031316701085804, 0.024859491386256316, 0.40092638265648595], "k_pid_alt": [1.7297729984189598, 0.0, 0.06527723447865985], "k_pid_att": [11.329609997636037, 6.043751783864618, 0.666719676683535], "k_pid_yaw": [0.5, 1e-06, 0.1], "k_pid_hsp": [0.09847755819799779, 0.011264223901387349, 0.0], "k_pid_vsp": [264.9966777379314, 269.5271781685674, 2.77343605205192]}, "datetime": {"datetime": "2025-08-12 02:44:52", "elapsed": 37171.82508587837, "delta": 21.437206506729126}, "costs": {"total_cost": 183.55365774200436, "time_cost": 69.895, "final_distance_cost": 1.8391751394566367, "oscillation_cost": 26.48301275884688, "completition_cost": 0.0, "overshoot_cost": 50.39926947400626, "power_cost": 14.176893884277344, "noise_cost": 20.76030648541722, "n_waypoints_completed": 9, "tot_waypoints": 9}}
{"target": -204.57706022417733, "params": {"k_pid_pos": [1.0031316701085804, 0.024859491386256316, 0.40092638265648595], "k_pid_alt": [1.7297729984189598, 0.0, 0.06527723447865985], "k_pid_att": [37.12179941719916, 2.8503329366774977, 0.666719676683535], "k_pid_yaw": [0.5, 1e-06, 0.1], "k_pid_hsp": [4.3372224232348895, 0.011264223901387349, 0.0], "k_pid_vsp": [264.9966777379314, 307.0029666248519, 130.14958620146152]}, "datetime": {"datetime": "2025-08-12 02:45:17", "elapsed": 37196.67553281784, "delta": 24.850446939468384}, "costs": {"total_cost": 204.57706022417733, "time_cost": 75.11, "final_distance_cost": 1.854442253090127, "oscillation_cost": 37.230563372639, "completition_cost": 0.0, "overshoot_cost": 50.881678408207456, "power_cost": 19.86786474609375, "noise_cost": 19.63251144414702, "n_waypoints_completed": 9, "tot_waypoints": 9}}
{"target": -183.7419832202183, "params": {"k_pid_pos": [1.0031316701085804, 0.024859491386256316, 0.40092638265648595], "k_pid_alt": [1.7297729984189598, 0.0, 0.06527723447865985], "k_pid_att": [37.12179941719916, 5.859554809351448, 0.666719676683535], "k_pid_yaw": [0.5, 1e-06, 0.1], "k_pid_hsp": [0.09847755819799779, 0.011264223901387349, 0.0], "k_pid_vsp": [264.9966777379314, 140.03862743104432, 2.77343605205192]}, "datetime": {"datetime": "2025-08-12 02:45:35", "elapsed": 37214.38118863106, "delta": 17.705655813217163}, "costs": {"total_cost": 183.7419832202183, "time_cost": 70.126, "final_distance_cost": 1.8373234625750368, "oscillation_cost": 25.798699387463046, "completition_cost": 0.0, "overshoot_cost": 50.908828127051045, "power_cost": 14.175547399902344, "noise_cost": 20.895584843226803, "n_waypoints_completed": 9, "tot_waypoints": 9}}
{"target": -229.92290049789003, "params": {"k_pid_pos": [1.0031316701085804, 0.024859491386256316, 0.969378560536396], "k_pid_alt": [1.7297729984189598, 0.0, 0.06527723447865985], "k_pid_att": [54.227890723214855, 1.3530193656632616, 0.666719676683535], "k_pid_yaw": [0.5, 1e-06, 0.1], "k_pid_hsp": [0.09847755819799779, 0.1855468782182117, 0.0], "k_pid_vsp": [264.9966777379314, 140.03862743104432, 2.77343605205192]}, "datetime": {"datetime": "2025-08-12 02:45:56", "elapsed": 37235.79463791847, "delta": 21.41344928741455}, "costs": {"total_cost": 229.92290049789003, "time_cost": 78.918, "final_distance_cost": 1.857315722929248, "oscillation_cost": 54.94850979832415, "completition_cost": 0.0, "overshoot_cost": 52.20566092039319, "power_cost": 16.827522399902346, "noise_cost": 25.165891656341095, "n_waypoints_completed": 9, "tot_waypoints": 9}}
{"target": -597.9959203253048, "params": {"k_pid_pos": [1.0031316701085804, 0.8340419296703991, 0.40092638265648595], "k_pid_alt": [1.5073007903459947, 0.27875359925262033, 0.06527723447865985], "k_pid_att": [10.144412392664826, 5.859554809351448, 0.8896747318008217], "k_pid_yaw": [0.5, 1e-06, 0.1], "k_pid_hsp": [0.09847755819799779, 0.011264223901387349, 0.0], "k_pid_vsp": [216.88603982906818, 307.0029666248519, 21.011196465382298]}, "datetime": {"datetime": "2025-08-12 02:46:28", "elapsed": 37267.75280833244, "delta": 31.958170413970947}, "costs": {"total_cost": 597.9959203253048, "time_cost": 150, "final_distance_cost": 65.69902208890639, "oscillation_cost": 51.549272905183706, "completition_cost": 222.2222222222222, "overshoot_cost": 48.27995467572154, "power_cost": 31.467772778320313, "noise_cost": 28.777675654950723, "n_waypoints_completed": 7, "tot_waypoints": 9}}
