{"target": -184.0403892132345, "params": {"k_pid_pos": [1.0031316701085804, 0.024859491386256316, 0.40092638265648595], "k_pid_alt": [1.7877463665719298, 0.0, 0.06527723447865985], "k_pid_att": [24.0942673894178, 0.18205753750414305, 0.8792759721912583], "k_pid_yaw": [0.5, 1e-06, 0.1], "k_pid_hsp": [0.09847755819799779, 0.011264223901387349, 0.0], "k_pid_vsp": [292.94687076665593, 307.0029666248519, 21.011196465382298]}, "datetime": {"datetime": "2025-08-11 23:21:21", "elapsed": 24960.56476378441, "delta": 17.154564380645752}, "costs": {"total_cost": 184.0403892132345, "time_cost": 70.077, "final_distance_cost": 1.8159426131000609, "oscillation_cost": 25.945956647711483, "completition_cost": 0.0, "overshoot_cost": 50.687956145974, "power_cost": 17.88366435546875, "noise_cost": 17.629869450980205, "n_waypoints_completed": 9, "tot_waypoints": 9}}
{"target": -189.52849885040945, "params": {"k_pid_pos": [1.7041340386651447, 0.024859491386256316, 0.3434561031905483], "k_pid_alt": [1.2679502233621702, 0.0, 0.06527723447865985], "k_pid_att": [24.0942673894178, 0.18205753750414305, 0.8792759721912583], "k_pid_yaw": [0.5, 1e-06, 0.1], "k_pid_hsp": [0.09847755819799779, 0.011264223901387349, 0.0], "k_pid_vsp": [292.94687076665593, 307.0029666248519, 21.011196465382298]}, "datetime": {"datetime": "2025-08-11 23:21:39", "elapsed": 24978.58032655716, "delta": 18.015562772750854}, "costs": {"total_cost": 189.52849885040945, "time_cost": 69.71300000000001, "final_distance_cost": 1.8066272237379728, "oscillation_cost": 31.057579111911434, "completition_cost": 0.0, "overshoot_cost": 51.0519936557929, "power_cost": 18.14944775390625, "noise_cost": 17.749851105060873, "n_waypoints_completed": 9, "tot_waypoints": 9}}
{"target": -183.82532284398832, "params": {"k_pid_pos": [1.0031316701085804, 0.024859491386256316, 0.40092638265648595], "k_pid_alt": [1.7297729984189598, 0.0, 0.06527723447865985], "k_pid_att": [24.0942673894178, 0.18205753750414305, 0.8000710073097888], "k_pid_yaw": [0.5, 1e-06, 0.1], "k_pid_hsp": [0.09847755819799779, 0.011264223901387349, 0.0], "k_pid_vsp": [292.94687076665593, 307.0029666248519, 21.011196465382298]}, "datetime": {"datetime": "2025-08-11 23:21:56", "elapsed": 24996.366096735, "delta": 17.785770177841187}, "costs": {"total_cost": 183.82532284398832, "time_cost": 70.09100000000001, "final_distance_cost": 1.8231009473933748, "oscillation_cost": 25.965542331507148, "completition_cost": 0.0, "overshoot_cost": 50.43411641111121, "power_cost": 17.877806713867187, "noise_cost": 17.633756440109373, "n_waypoints_completed": 9, "tot_waypoints": 9}}
{"target": -188.29948879764933, "params": {"k_pid_pos": [1.720684182649488, 0.024859491386256316, 0.40092638265648595], "k_pid_alt": [1.477768752937916, 0.0, 0.06527723447865985], "k_pid_att": [15.413746305369102, 0.18205753750414305, 0.8792759721912583], "k_pid_yaw": [0.5, 1e-06, 0.1], "k_pid_hsp": [0.09847755819799779, 0.011264223901387349, 0.0], "k_pid_vsp": [316.2191682070645, 307.0029666248519, 21.011196465382298]}, "datetime": {"datetime": "2025-08-11 23:22:13", "elapsed": 25013.192847251892, "delta": 16.82675051689148}, "costs": {"total_cost": 188.29948879764933, "time_cost": 69.433, "final_distance_cost": 1.7872936829217714, "oscillation_cost": 30.6982190081389, "completition_cost": 0.0, "overshoot_cost": 50.76603765516955, "power_cost": 18.045925024414064, "noise_cost": 17.56901342700504, "n_waypoints_completed": 9, "tot_waypoints": 9}}
{"target": -189.55242920467205, "params": {"k_pid_pos": [1.097674141165482, 0.024859491386256316, 0.40092638265648595], "k_pid_alt": [1.2679502233621702, 0.0, 0.8153512847683572], "k_pid_att": [24.0942673894178, 1.0313132591148066, 0.06670604035978966], "k_pid_yaw": [0.5, 1e-06, 0.1], "k_pid_hsp": [0.09847755819799779, 0.011264223901387349, 0.0], "k_pid_vsp": [292.94687076665593, 307.0029666248519, 21.011196465382298]}, "datetime": {"datetime": "2025-08-11 23:22:31", "elapsed": 25031.29824614525, "delta": 18.105398893356323}, "costs": {"total_cost": 189.55242920467205, "time_cost": 72.569, "final_distance_cost": 1.8329561505934309, "oscillation_cost": 28.02609683809148, "completition_cost": 0.0, "overshoot_cost": 50.67746438272189, "power_cost": 18.616790856933594, "noise_cost": 17.83012097633168, "n_waypoints_completed": 9, "tot_waypoints": 9}}
{"target": -191.52948701058958, "params": {"k_pid_pos": [1.0031316701085804, 0.22981412956968694, 0.40092638265648595], "k_pid_alt": [1.2679502233621702, 0.0, 0.06527723447865985], "k_pid_att": [24.0942673894178, 0.18205753750414305, 0.9947678187352218], "k_pid_yaw": [0.5, 1e-06, 0.1], "k_pid_hsp": [0.09847755819799779, 0.011264223901387349, 0.0], "k_pid_vsp": [110.56511661686339, 307.0029666248519, 21.011196465382298]}, "datetime": {"datetime": "2025-08-11 23:22:51", "elapsed": 25050.39559817314, "delta": 19.097352027893066}, "costs": {"total_cost": 191.52948701058958, "time_cost": 73.94800000000001, "final_distance_cost": 1.7895165659166894, "oscillation_cost": 27.27813377742688, "completition_cost": 0.0, "overshoot_cost": 51.02567775561676, "power_cost": 18.99545194091797, "noise_cost": 18.49270697071128, "n_waypoints_completed": 9, "tot_waypoints": 9}}
{"target": -185.11430860498928, "params": {"k_pid_pos": [1.0031316701085804, 0.024859491386256316, 0.40092638265648595], "k_pid_alt": [1.6714132940641002, 0.0, 0.06527723447865985], "k_pid_att": [24.0942673894178, 5.824334032821091, 0.8792759721912583], "k_pid_yaw": [0.5, 1e-06, 0.1], "k_pid_hsp": [0.09847755819799779, 0.011264223901387349, 0.0], "k_pid_vsp": [110.56511661686339, 307.0029666248519, 21.011196465382298]}, "datetime": {"datetime": "2025-08-11 23:23:08", "elapsed": 25068.308130264282, "delta": 17.912532091140747}, "costs": {"total_cost": 185.11430860498928, "time_cost": 70.161, "final_distance_cost": 1.8225571838379875, "oscillation_cost": 26.80404721749518, "completition_cost": 0.0, "overshoot_cost": 50.712567498325015, "power_cost": 17.95609099121094, "noise_cost": 17.65804571412015, "n_waypoints_completed": 9, "tot_waypoints": 9}}
{"target": -988.9968967218856, "params": {"k_pid_pos": [1.0031316701085804, 0.024859491386256316, 0.40092638265648595], "k_pid_alt": [1.2679502233621702, 0.0, 0.06527723447865985], "k_pid_att": [15.500686891893622, 0.18205753750414305, 0.8792759721912583], "k_pid_yaw": [0.5, 1e-06, 0.1], "k_pid_hsp": [0.09847755819799779, 0.011264223901387349, 0.4841663866400632], "k_pid_vsp": [292.94687076665593, 307.0029666248519, 21.011196465382298]}, "datetime": {"datetime": "2025-08-11 23:23:38", "elapsed": 25098.363317012787, "delta": 30.05518674850464}, "costs": {"total_cost": 988.9968967218856, "time_cost": 150, "final_distance_cost": 75.41304957962326, "oscillation_cost": 292.9193614454731, "completition_cost": 333.33333333333337, "overshoot_cost": 78.8195988170327, "power_cost": 31.05056083984375, "noise_cost": 27.460992706579475, "n_waypoints_completed": 6, "tot_waypoints": 9}}
{"target": -199.15652846585186, "params": {"k_pid_pos": [1.0031316701085804, 0.024859491386256316, 0.40092638265648595], "k_pid_alt": [1.2679502233621702, 0.19798469353315307, 0.06527723447865985], "k_pid_att": [57.46444629894164, 7.1419263232097006, 0.6711777735375999], "k_pid_yaw": [0.5, 1e-06, 0.1], "k_pid_hsp": [0.09847755819799779, 0.011264223901387349, 0.0], "k_pid_vsp": [292.94687076665593, 369.48810340511164, 21.011196465382298]}, "datetime": {"datetime": "2025-08-11 23:23:59", "elapsed": 25118.78081202507, "delta": 20.417495012283325}, "costs": {"total_cost": 199.15652846585186, "time_cost": 79.534, "final_distance_cost": 1.8008537655202634, "oscillation_cost": 27.109772516051937, "completition_cost": 0.0, "overshoot_cost": 51.50855145912618, "power_cost": 20.168947521972658, "noise_cost": 19.034403203180823, "n_waypoints_completed": 9, "tot_waypoints": 9}}
{"target": -205.0077269241371, "params": {"k_pid_pos": [1.480900065772379, 0.5783881585159083, 0.8092599635047751], "k_pid_alt": [1.2679502233621702, 0.0, 0.8918388311136772], "k_pid_att": [24.0942673894178, 0.5699551813858681, 0.8792759721912583], "k_pid_yaw": [0.5, 1e-06, 0.1], "k_pid_hsp": [4.690042237190111, 0.011264223901387349, 0.0], "k_pid_vsp": [292.94687076665593, 307.0029666248519, 21.011196465382298]}, "datetime": {"datetime": "2025-08-11 23:24:18", "elapsed": 25137.62323999405, "delta": 18.842427968978882}, "costs": {"total_cost": 205.0077269241371, "time_cost": 76.727, "final_distance_cost": 1.8315141016568297, "oscillation_cost": 37.43072693692554, "completition_cost": 0.0, "overshoot_cost": 50.11123197667095, "power_cost": 19.937379235839845, "noise_cost": 18.96987467304393, "n_waypoints_completed": 9, "tot_waypoints": 9}}
{"target": -197.47087734166288, "params": {"k_pid_pos": [1.097674141165482, 0.024859491386256316, 0.8092599635047751], "k_pid_alt": [0.5447770384028499, 0.41495670262089157, 0.2915903713486512], "k_pid_att": [24.0942673894178, 1.1889791607388933, 0.8792759721912583], "k_pid_yaw": [0.5, 1e-06, 0.1], "k_pid_hsp": [0.09847755819799779, 0.011264223901387349, 0.0], "k_pid_vsp": [292.94687076665593, 307.0029666248519, 21.011196465382298]}, "datetime": {"datetime": "2025-08-11 23:24:38", "elapsed": 25157.57739663124, "delta": 19.954156637191772}, "costs": {"total_cost": 197.47087734166288, "time_cost": 78.729, "final_distance_cost": 1.7991688135829396, "oscillation_cost": 25.848603264319742, "completition_cost": 0.0, "overshoot_cost": 52.9680102560714, "power_cost": 19.622414392089844, "noise_cost": 18.503680615598977, "n_waypoints_completed": 9, "tot_waypoints": 9}}
{"target": -1469.1269376949892, "params": {"k_pid_pos": [1.0031316701085804, 0.9992114520727612, 0.40092638265648595], "k_pid_alt": [1.2679502233621702, 0.0, 0.06527723447865985], "k_pid_att": [24.0942673894178, 0.18205753750414305, 0.8792759721912583], "k_pid_yaw": [0.5, 1e-06, 0.1], "k_pid_hsp": [0.09847755819799779, 0.011264223901387349, 0.0], "k_pid_vsp": [110.56511661686339, 307.0029666248519, 226.76703262623965]}, "datetime": {"datetime": "2025-08-11 23:25:08", "elapsed": 25188.171800136566, "delta": 30.594403505325317}, "costs": {"total_cost": 1469.1269376949892, "time_cost": 150, "final_distance_cost": 0.9998953825547925, "oscillation_cost": 15.443315013591853, "completition_cost": 1000.0, "overshoot_cost": 162.44294288704222, "power_cost": 29.564015917968753, "noise_cost": 110.67676849383163, "n_waypoints_completed": 0, "tot_waypoints": 9}}
{"target": -184.49585448875897, "params": {"k_pid_pos": [1.0031316701085804, 0.024859491386256316, 0.40092638265648595], "k_pid_alt": [1.2679502233621702, 0.0, 0.06527723447865985], "k_pid_att": [24.0942673894178, 0.18205753750414305, 0.8792759721912583], "k_pid_yaw": [0.5, 1e-06, 0.1], "k_pid_hsp": [0.09847755819799779, 0.011264223901387349, 0.0], "k_pid_vsp": [292.94687076665593, 307.0029666248519, 20.226497411895423]}, "datetime": {"datetime": "2025-08-11 23:25:26", "elapsed": 25205.48813533783, "delta": 17.316335201263428}, "costs": {"total_cost": 184.49585448875897, "time_cost": 70.413, "final_distance_cost": 1.8187322487687299, "oscillation_cost": 25.985888174323023, "completition_cost": 0.0, "overshoot_cost": 50.53183053892455, "power_cost": 18.02253748779297, "noise_cost": 17.72386603894973, "n_waypoints_completed": 9, "tot_waypoints": 9}}
{"target": -184.10459475359661, "params": {"k_pid_pos": [1.0031316701085804, 0.024859491386256316, 0.40092638265648595], "k_pid_alt": [1.3959173657108794, 0.0, 0.06527723447865985], "k_pid_att": [24.0942673894178, 0.18205753750414305, 0.8792759721912583], "k_pid_yaw": [0.5, 1e-06, 0.1], "k_pid_hsp": [0.09847755819799779, 0.011264223901387349, 0.0], "k_pid_vsp": [292.94687076665593, 307.0029666248519, 21.011196465382298]}, "datetime": {"datetime": "2025-08-11 23:25:43", "elapsed": 25222.7926568985, "delta": 17.304521560668945}, "costs": {"total_cost": 184.10459475359661, "time_cost": 70.245, "final_distance_cost": 1.8377965344799445, "oscillation_cost": 25.76565412652374, "completition_cost": 0.0, "overshoot_cost": 50.58927327415014, "power_cost": 17.982217663574218, "noise_cost": 17.684653154868595, "n_waypoints_completed": 9, "tot_waypoints": 9}}
{"target": -187.03087108676104, "params": {"k_pid_pos": [1.0031316701085804, 0.024859491386256316, 0.40092638265648595], "k_pid_alt": [0.8257095450628977, 0.0, 0.06527723447865985], "k_pid_att": [24.0942673894178, 0.18205753750414305, 0.8792759721912583], "k_pid_yaw": [0.5, 1e-06, 0.1], "k_pid_hsp": [0.09847755819799779, 0.011264223901387349, 0.0], "k_pid_vsp": [292.94687076665593, 307.0029666248519, 21.011196465382298]}, "datetime": {"datetime": "2025-08-11 23:26:01", "elapsed": 25241.128739118576, "delta": 18.336082220077515}, "costs": {"total_cost": 187.03087108676104, "time_cost": 72.002, "final_distance_cost": 1.8280744847461445, "oscillation_cost": 25.973062008652814, "completition_cost": 0.0, "overshoot_cost": 50.88053525186656, "power_cost": 18.446125036621094, "noise_cost": 17.901074304874438, "n_waypoints_completed": 9, "tot_waypoints": 9}}
{"target": -184.3857665001869, "params": {"k_pid_pos": [1.0031316701085804, 0.024859491386256316, 0.40092638265648595], "k_pid_alt": [1.477768752937916, 0.0, 0.06527723447865985], "k_pid_att": [24.0942673894178, 1.2832267695489696, 0.8792759721912583], "k_pid_yaw": [0.5, 1e-06, 0.1], "k_pid_hsp": [0.09847755819799779, 0.011264223901387349, 0.0], "k_pid_vsp": [292.94687076665593, 307.0029666248519, 21.011196465382298]}, "datetime": {"datetime": "2025-08-11 23:26:19", "elapsed": 25258.513357400894, "delta": 17.384618282318115}, "costs": {"total_cost": 184.3857665001869, "time_cost": 70.18900000000001, "final_distance_cost": 1.8179541859159243, "oscillation_cost": 25.933107306001553, "completition_cost": 0.0, "overshoot_cost": 50.703957832931, "power_cost": 18.031588024902344, "noise_cost": 17.71015915043609, "n_waypoints_completed": 9, "tot_waypoints": 9}}
{"target": -188.77712990123013, "params": {"k_pid_pos": [1.9648629373893673, 0.024859491386256316, 0.8092599635047751], "k_pid_alt": [0.9507522332047484, 0.0, 0.06527723447865985], "k_pid_att": [24.0942673894178, 6.806811407577699, 0.6711777735375999], "k_pid_yaw": [0.5, 1e-06, 0.1], "k_pid_hsp": [0.09847755819799779, 0.011264223901387349, 0.0], "k_pid_vsp": [292.94687076665593, 369.48810340511164, 29.020453107259044]}, "datetime": {"datetime": "2025-08-11 23:26:37", "elapsed": 25276.478192090988, "delta": 17.964834690093994}, "costs": {"total_cost": 188.77712990123013, "time_cost": 70.238, "final_distance_cost": 1.8066113395869723, "oscillation_cost": 30.082917037669166, "completition_cost": 0.0, "overshoot_cost": 50.856838028687754, "power_cost": 18.128143225097656, "noise_cost": 17.664620270188568, "n_waypoints_completed": 9, "tot_waypoints": 9}}
{"target": -183.82532284398832, "params": {"k_pid_pos": [1.0031316701085804, 0.024859491386256316, 0.40092638265648595], "k_pid_alt": [1.7297729984189598, 0.0, 0.06527723447865985], "k_pid_att": [24.0942673894178, 0.18205753750414305, 0.8000710073097888], "k_pid_yaw": [0.5, 1e-06, 0.1], "k_pid_hsp": [0.09847755819799779, 0.011264223901387349, 0.0], "k_pid_vsp": [292.94687076665593, 307.0029666248519, 21.011196465382298]}, "datetime": {"datetime": "2025-08-11 23:26:54", "elapsed": 25293.826593399048, "delta": 17.348401308059692}, "costs": {"total_cost": 183.82532284398832, "time_cost": 70.09100000000001, "final_distance_cost": 1.8231009473933748, "oscillation_cost": 25.965542331507148, "completition_cost": 0.0, "overshoot_cost": 50.43411641111121, "power_cost": 17.877806713867187, "noise_cost": 17.633756440109373, "n_waypoints_completed": 9, "tot_waypoints": 9}}
{"target": -184.00642531641506, "params": {"k_pid_pos": [1.0031316701085804, 0.024859491386256316, 0.40092638265648595], "k_pid_alt": [1.7297729984189598, 0.0, 0.06527723447865985], "k_pid_att": [24.0942673894178, 0.18205753750414305, 0.8792759721912583], "k_pid_yaw": [0.5, 1e-06, 0.1], "k_pid_hsp": [0.09847755819799779, 0.011264223901387349, 0.0], "k_pid_vsp": [316.2191682070645, 307.0029666248519, 21.011196465382298]}, "datetime": {"datetime": "2025-08-11 23:27:11", "elapsed": 25311.098887443542, "delta": 17.27229404449463}, "costs": {"total_cost": 184.00642531641506, "time_cost": 70.09100000000001, "final_distance_cost": 1.8159919608781359, "oscillation_cost": 25.94489514214551, "completition_cost": 0.0, "overshoot_cost": 50.49029792783175, "power_cost": 17.95253094482422, "noise_cost": 17.71170934073545, "n_waypoints_completed": 9, "tot_waypoints": 9}}
{"target": -184.0403892132345, "params": {"k_pid_pos": [1.0031316701085804, 0.024859491386256316, 0.40092638265648595], "k_pid_alt": [1.7877463665719298, 0.0, 0.06527723447865985], "k_pid_att": [24.0942673894178, 0.18205753750414305, 0.8792759721912583], "k_pid_yaw": [0.5, 1e-06, 0.1], "k_pid_hsp": [0.09847755819799779, 0.011264223901387349, 0.0], "k_pid_vsp": [292.94687076665593, 307.0029666248519, 21.011196465382298]}, "datetime": {"datetime": "2025-08-11 23:27:29", "elapsed": 25328.54835820198, "delta": 17.44947075843811}, "costs": {"total_cost": 184.0403892132345, "time_cost": 70.077, "final_distance_cost": 1.8159426131000609, "oscillation_cost": 25.945956647711483, "completition_cost": 0.0, "overshoot_cost": 50.687956145974, "power_cost": 17.88366435546875, "noise_cost": 17.629869450980205, "n_waypoints_completed": 9, "tot_waypoints": 9}}
{"target": -192.66342184654235, "params": {"k_pid_pos": [0.7850540835226802, 0.22981412956968694, 0.40092638265648595], "k_pid_alt": [1.2679502233621702, 0.0, 0.06527723447865985], "k_pid_att": [24.0942673894178, 6.1000979977801535, 0.9947678187352218], "k_pid_yaw": [0.5, 1e-06, 0.1], "k_pid_hsp": [0.09847755819799779, 0.011264223901387349, 0.0], "k_pid_vsp": [292.94687076665593, 307.0029666248519, 20.226497411895423]}, "datetime": {"datetime": "2025-08-11 23:27:48", "elapsed": 25347.974222898483, "delta": 19.425864696502686}, "costs": {"total_cost": 192.66342184654235, "time_cost": 76.3, "final_distance_cost": 1.8167386853967251, "oscillation_cost": 24.89041502296541, "completition_cost": 0.0, "overshoot_cost": 51.1305216328213, "power_cost": 19.41700739746094, "noise_cost": 19.108739107897968, "n_waypoints_completed": 9, "tot_waypoints": 9}}
{"target": -184.57468117382393, "params": {"k_pid_pos": [1.0031316701085804, 0.024859491386256316, 0.40092638265648595], "k_pid_alt": [1.2679502233621702, 0.0, 0.06527723447865985], "k_pid_att": [24.0942673894178, 0.18205753750414305, 0.73590781336997], "k_pid_yaw": [0.5, 1e-06, 0.1], "k_pid_hsp": [0.09847755819799779, 0.011264223901387349, 0.0], "k_pid_vsp": [110.56511661686339, 307.0029666248519, 21.011196465382298]}, "datetime": {"datetime": "2025-08-11 23:28:06", "elapsed": 25365.91138792038, "delta": 17.937165021896362}, "costs": {"total_cost": 184.57468117382393, "time_cost": 70.336, "final_distance_cost": 1.833634581531849, "oscillation_cost": 26.488908731056824, "completition_cost": 0.0, "overshoot_cost": 50.36774576758924, "power_cost": 18.010320568847657, "noise_cost": 17.538071524798358, "n_waypoints_completed": 9, "tot_waypoints": 9}}
{"target": -202.5860706952913, "params": {"k_pid_pos": [1.0031316701085804, 0.024859491386256316, 0.40092638265648595], "k_pid_alt": [1.477768752937916, 0.0, 0.06527723447865985], "k_pid_att": [24.0942673894178, 1.2832267695489696, 0.8792759721912583], "k_pid_yaw": [0.5, 1e-06, 0.1], "k_pid_hsp": [7.387403233709861, 0.011264223901387349, 0.0], "k_pid_vsp": [292.94687076665593, 307.0029666248519, 21.011196465382298]}, "datetime": {"datetime": "2025-08-11 23:28:24", "elapsed": 25383.720207214355, "delta": 17.80881929397583}, "costs": {"total_cost": 202.5860706952913, "time_cost": 72.17, "final_distance_cost": 1.8555169998773549, "oscillation_cost": 40.40938340621546, "completition_cost": 0.0, "overshoot_cost": 50.46826530984943, "power_cost": 18.594777539062502, "noise_cost": 19.08812744028658, "n_waypoints_completed": 9, "tot_waypoints": 9}}
{"target": -185.19066810314524, "params": {"k_pid_pos": [1.0031316701085804, 0.024859491386256316, 0.40092638265648595], "k_pid_alt": [1.477768752937916, 0.0, 0.06527723447865985], "k_pid_att": [24.0942673894178, 1.2832267695489696, 0.8792759721912583], "k_pid_yaw": [0.5, 1e-06, 0.1], "k_pid_hsp": [0.09847755819799779, 0.011264223901387349, 0.0], "k_pid_vsp": [68.87684793552155, 204.84203769155826, 21.011196465382298]}, "datetime": {"datetime": "2025-08-11 23:28:42", "elapsed": 25401.982246398926, "delta": 18.262039184570312}, "costs": {"total_cost": 185.19066810314524, "time_cost": 70.371, "final_distance_cost": 1.8157658149594609, "oscillation_cost": 26.220992479859348, "completition_cost": 0.0, "overshoot_cost": 50.99926480382409, "power_cost": 18.06850233154297, "noise_cost": 17.715142672959388, "n_waypoints_completed": 9, "tot_waypoints": 9}}
{"target": -231.39766557134342, "params": {"k_pid_pos": [0.3457776273554678, 0.024859491386256316, 0.40092638265648595], "k_pid_alt": [1.7297729984189598, 0.0, 0.3489059373979838], "k_pid_att": [24.0942673894178, 0.18205753750414305, 0.8792759721912583], "k_pid_yaw": [0.5, 1e-06, 0.1], "k_pid_hsp": [0.09847755819799779, 0.011264223901387349, 0.0], "k_pid_vsp": [292.94687076665593, 339.4431072959635, 20.226497411895423]}, "datetime": {"datetime": "2025-08-11 23:29:09", "elapsed": 25429.270536661148, "delta": 27.28829026222229}, "costs": {"total_cost": 231.39766557134342, "time_cost": 102.991, "final_distance_cost": 1.861005145238971, "oscillation_cost": 16.594828469726714, "completition_cost": 0.0, "overshoot_cost": 55.57056166883563, "power_cost": 25.50913143310547, "noise_cost": 28.871138854436627, "n_waypoints_completed": 9, "tot_waypoints": 9}}
