{"target": -195.43368453605947, "params": {"k_pid_pos": [1.8624793477566346, 0.04925411992759399, 0.3736141384595716], "k_pid_alt": [1.515427128667956, 0.0, 0.949345597264735], "k_pid_att": [39.447728079683905, 3.8677381495188174, 0.1845336041603497], "k_pid_yaw": [0.5, 1e-06, 0.1], "k_pid_hsp": [0.09847755819799779, 0.011264223901387349, 0.0], "k_pid_vsp": [194.7624155113164, 20.0, 10.0]}, "datetime": {"datetime": "2025-08-11 17:18:31", "elapsed": 3191.3431878089905, "delta": 17.906960010528564}, "costs": {"total_cost": 195.43368453605947, "time_cost": 72.66, "final_distance_cost": 1.7836723440834565, "oscillation_cost": 32.06229281725077, "completition_cost": 0.0, "overshoot_cost": 51.735593050261144, "power_cost": 18.611649938964845, "noise_cost": 18.580476385499292, "n_waypoints_completed": 9, "tot_waypoints": 9}}
{"target": -222.17419234687264, "params": {"k_pid_pos": [1.734860336611219, 0.5811166092209024, 0.19977565166005762], "k_pid_alt": [1.3483903848896324, 0.7154071296158017, 0.47530561788360415], "k_pid_att": [13.105775155731326, 1.2376256611230811, 0.9275625510065076], "k_pid_yaw": [0.5, 1e-06, 0.1], "k_pid_hsp": [0.09847755819799779, 0.011264223901387349, 0.0], "k_pid_vsp": [194.7624155113164, 20.0, 10.0]}, "datetime": {"datetime": "2025-08-11 17:18:52", "elapsed": 3211.810487508774, "delta": 20.467299699783325}, "costs": {"total_cost": 222.17419234687264, "time_cost": 83.762, "final_distance_cost": 1.769248325743795, "oscillation_cost": 39.3312001627228, "completition_cost": 0.0, "overshoot_cost": 54.723761186521315, "power_cost": 21.23580703125, "noise_cost": 21.352175640634716, "n_waypoints_completed": 9, "tot_waypoints": 9}}
{"target": -263.38888543587916, "params": {"k_pid_pos": [1.3885554450422086, 0.9460270628173303, 0.2865937649138133], "k_pid_alt": [1.515427128667956, 0.0, 0.949345597264735], "k_pid_att": [39.447728079683905, 3.8677381495188174, 0.6143861065351858], "k_pid_yaw": [0.5, 1e-06, 0.1], "k_pid_hsp": [0.09847755819799779, 0.011264223901387349, 0.0], "k_pid_vsp": [99.3176991541171, 20.0, 10.0]}, "datetime": {"datetime": "2025-08-11 17:19:17", "elapsed": 3237.3586649894714, "delta": 25.548177480697632}, "costs": {"total_cost": 263.38888543587916, "time_cost": 101.668, "final_distance_cost": 1.7909293950609306, "oscillation_cost": 47.41526393466864, "completition_cost": 0.0, "overshoot_cost": 58.84802765056614, "power_cost": 26.60051121826172, "noise_cost": 27.06615323732174, "n_waypoints_completed": 9, "tot_waypoints": 9}}
{"target": -454.1137226867092, "params": {"k_pid_pos": [1.849624377781123, 0.024859491386256316, 0.44963268842268056], "k_pid_alt": [1.2679502233621702, 0.515133376846189, 0.949345597264735], "k_pid_att": [39.447728079683905, 3.8677381495188174, 0.9275625510065076], "k_pid_yaw": [0.5, 1e-06, 0.1], "k_pid_hsp": [3.9758421804300244, 0.6013727628113479, 0.28472008233793555], "k_pid_vsp": [61.44535807682345, 46.19602635065192, 8.459207513427996]}, "datetime": {"datetime": "2025-08-11 17:19:37", "elapsed": 3256.787856578827, "delta": 19.42919158935547}, "costs": {"total_cost": 454.1137226867092, "time_cost": 77.273, "final_distance_cost": 1.745869834502058, "oscillation_cost": 281.7203612684133, "completition_cost": 0.0, "overshoot_cost": 50.75449953372732, "power_cost": 21.33324587402344, "noise_cost": 21.28674617604312, "n_waypoints_completed": 9, "tot_waypoints": 9}}
{"target": -1268.316246038896, "params": {"k_pid_pos": [1.3885554450422086, 0.5811166092209024, 0.19977565166005762], "k_pid_alt": [0.9050158630487681, 0.7154071296158017, 0.949345597264735], "k_pid_att": [39.447728079683905, 3.8677381495188174, 0.015805555440133845], "k_pid_yaw": [0.5, 1e-06, 0.1], "k_pid_hsp": [0.09847755819799779, 0.9454165724399485, 0.0], "k_pid_vsp": [194.7624155113164, 169.4620487965869, 10.0]}, "datetime": {"datetime": "2025-08-11 17:20:06", "elapsed": 3286.2461433410645, "delta": 29.45828676223755}, "costs": {"total_cost": 1268.316246038896, "time_cost": 150, "final_distance_cost": 89.68489807384879, "oscillation_cost": 106.50756298271541, "completition_cost": 777.7777777777778, "overshoot_cost": 74.89060889632658, "power_cost": 34.17226763916016, "noise_cost": 35.28313066906737, "n_waypoints_completed": 2, "tot_waypoints": 9}}
{"target": -194.150846657886, "params": {"k_pid_pos": [1.849624377781123, 0.024859491386256316, 0.44963268842268056], "k_pid_alt": [1.2679502233621702, 0.0, 0.949345597264735], "k_pid_att": [39.447728079683905, 3.8677381495188174, 0.1845336041603497], "k_pid_yaw": [0.5, 1e-06, 0.1], "k_pid_hsp": [0.09847755819799779, 0.011264223901387349, 0.0], "k_pid_vsp": [194.7624155113164, 156.73508457218338, 10.0]}, "datetime": {"datetime": "2025-08-11 17:20:24", "elapsed": 3303.8555252552032, "delta": 17.609381914138794}, "costs": {"total_cost": 194.150846657886, "time_cost": 72.877, "final_distance_cost": 1.794372420366518, "oscillation_cost": 31.563804522519362, "completition_cost": 0.0, "overshoot_cost": 51.06346835149662, "power_cost": 18.638847717285156, "noise_cost": 18.213353646218355, "n_waypoints_completed": 9, "tot_waypoints": 9}}
{"target": -287.5054846629977, "params": {"k_pid_pos": [1.8624793477566346, 0.04925411992759399, 0.3736141384595716], "k_pid_alt": [1.515427128667956, 0.0, 0.7389840039155418], "k_pid_att": [13.105775155731326, 1.2376256611230811, 0.9275625510065076], "k_pid_yaw": [0.5, 1e-06, 0.1], "k_pid_hsp": [7.650267549339912, 0.4946002239744529, 0.4885840453515333], "k_pid_vsp": [265.14568510543296, 382.2493028631647, 114.57849146637578]}, "datetime": {"datetime": "2025-08-11 17:20:41", "elapsed": 3321.131274461746, "delta": 17.27574920654297}, "costs": {"total_cost": 287.5054846629977, "time_cost": 69.048, "final_distance_cost": 1.7874400496788947, "oscillation_cost": 129.96607149422275, "completition_cost": 0.0, "overshoot_cost": 50.61354942372698, "power_cost": 19.195299841308593, "noise_cost": 16.895123854060444, "n_waypoints_completed": 9, "tot_waypoints": 9}}
{"target": -299.3531118538413, "params": {"k_pid_pos": [1.3885554450422086, 0.5811166092209024, 0.19977565166005762], "k_pid_alt": [1.515427128667956, 0.0, 0.949345597264735], "k_pid_att": [11.895331074021131, 3.283679213926388, 0.9275625510065076], "k_pid_yaw": [0.5, 1e-06, 0.1], "k_pid_hsp": [3.9758421804300244, 0.2145846728195292, 0.40852864372463615], "k_pid_vsp": [371.06736098168864, 93.57579511219681, 43.299777481693376]}, "datetime": {"datetime": "2025-08-11 17:21:02", "elapsed": 3341.5381033420563, "delta": 20.40682888031006}, "costs": {"total_cost": 299.3531118538413, "time_cost": 80.549, "final_distance_cost": 1.8203241521098585, "oscillation_cost": 119.4915340619208, "completition_cost": 0.0, "overshoot_cost": 54.383430461406014, "power_cost": 22.930092407226564, "noise_cost": 20.178730771178095, "n_waypoints_completed": 9, "tot_waypoints": 9}}
{"target": -194.07367596469513, "params": {"k_pid_pos": [1.849624377781123, 0.024859491386256316, 0.44963268842268056], "k_pid_alt": [1.2679502233621702, 0.02520494712616217, 0.949345597264735], "k_pid_att": [39.447728079683905, 3.8677381495188174, 0.1845336041603497], "k_pid_yaw": [0.5, 1e-06, 0.1], "k_pid_hsp": [0.09847755819799779, 0.011264223901387349, 0.0], "k_pid_vsp": [194.7624155113164, 20.0, 10.0]}, "datetime": {"datetime": "2025-08-11 17:21:20", "elapsed": 3359.5138092041016, "delta": 17.975705862045288}, "costs": {"total_cost": 194.07367596469513, "time_cost": 72.051, "final_distance_cost": 1.8109691470784957, "oscillation_cost": 31.371631193248835, "completition_cost": 0.0, "overshoot_cost": 52.13459372572547, "power_cost": 18.359910156250002, "noise_cost": 18.345571742392316, "n_waypoints_completed": 9, "tot_waypoints": 9}}
{"target": -224.6849047968151, "params": {"k_pid_pos": [1.3885554450422086, 0.024859491386256316, 0.44963268842268056], "k_pid_alt": [1.2679502233621702, 0.0, 0.949345597264735], "k_pid_att": [99.42691791632828, 3.8677381495188174, 0.6562296481050006], "k_pid_yaw": [0.5, 1e-06, 0.1], "k_pid_hsp": [7.7018924757468845, 0.011264223901387349, 0.0], "k_pid_vsp": [194.7624155113164, 110.36953754040144, 10.0]}, "datetime": {"datetime": "2025-08-11 17:21:38", "elapsed": 3378.0367419719696, "delta": 18.522932767868042}, "costs": {"total_cost": 224.6849047968151, "time_cost": 73.381, "final_distance_cost": 1.8538053806000045, "oscillation_cost": 61.02490850181781, "completition_cost": 0.0, "overshoot_cost": 50.378287687452065, "power_cost": 18.509168591308594, "noise_cost": 19.537734635636617, "n_waypoints_completed": 9, "tot_waypoints": 9}}
{"target": -214.82994535870105, "params": {"k_pid_pos": [1.8624793477566346, 0.04925411992759399, 0.3736141384595716], "k_pid_alt": [1.515427128667956, 0.7154071296158017, 0.949345597264735], "k_pid_att": [39.447728079683905, 3.8677381495188174, 0.1845336041603497], "k_pid_yaw": [0.5, 1e-06, 0.1], "k_pid_hsp": [0.09847755819799779, 0.011264223901387349, 0.0], "k_pid_vsp": [194.7624155113164, 20.0, 10.0]}, "datetime": {"datetime": "2025-08-11 17:21:58", "elapsed": 3398.2432763576508, "delta": 20.206534385681152}, "costs": {"total_cost": 214.82994535870105, "time_cost": 82.25, "final_distance_cost": 1.7824581605336434, "oscillation_cost": 35.746116954444354, "completition_cost": 0.0, "overshoot_cost": 53.673286023347316, "power_cost": 20.819239013671876, "noise_cost": 20.558845206703857, "n_waypoints_completed": 9, "tot_waypoints": 9}}
{"target": -679.9965967714425, "params": {"k_pid_pos": [1.3885554450422086, 0.12011063010138434, 0.9898230692048735], "k_pid_alt": [0.26508416190282724, 0.0, 0.949345597264735], "k_pid_att": [39.447728079683905, 3.8677381495188174, 0.1845336041603497], "k_pid_yaw": [0.5, 1e-06, 0.1], "k_pid_hsp": [0.09847755819799779, 0.011264223901387349, 0.0], "k_pid_vsp": [194.7624155113164, 20.0, 10.0]}, "datetime": {"datetime": "2025-08-11 17:22:28", "elapsed": 3427.8482139110565, "delta": 29.60493755340576}, "costs": {"total_cost": 679.9965967714425, "time_cost": 150, "final_distance_cost": 71.02779108704837, "oscillation_cost": 20.986847283306204, "completition_cost": 333.33333333333337, "overshoot_cost": 47.61625144348848, "power_cost": 29.65446207275391, "noise_cost": 27.377911551512042, "n_waypoints_completed": 6, "tot_waypoints": 9}}
{"target": -196.38588095542383, "params": {"k_pid_pos": [1.849624377781123, 0.024859491386256316, 0.44963268842268056], "k_pid_alt": [1.2679502233621702, 0.0, 0.949345597264735], "k_pid_att": [39.447728079683905, 3.8677381495188174, 0.1845336041603497], "k_pid_yaw": [0.5, 1e-06, 0.1], "k_pid_hsp": [0.09847755819799779, 0.011264223901387349, 0.0], "k_pid_vsp": [194.7624155113164, 20.0, 10.0]}, "datetime": {"datetime": "2025-08-11 17:22:47", "elapsed": 3446.4135887622833, "delta": 18.565374851226807}, "costs": {"total_cost": 196.38588095542383, "time_cost": 73.752, "final_distance_cost": 1.821389005665794, "oscillation_cost": 31.300504460684525, "completition_cost": 0.0, "overshoot_cost": 52.15303017847123, "power_cost": 18.777154833984376, "noise_cost": 18.581802476617924, "n_waypoints_completed": 9, "tot_waypoints": 9}}
{"target": -197.19178253430854, "params": {"k_pid_pos": [1.3885554450422086, 0.024859491386256316, 0.11401919133455096], "k_pid_alt": [1.2679502233621702, 0.0, 0.949345597264735], "k_pid_att": [39.447728079683905, 3.8677381495188174, 0.1845336041603497], "k_pid_yaw": [0.5, 1e-06, 0.1], "k_pid_hsp": [0.09847755819799779, 0.011264223901387349, 0.0], "k_pid_vsp": [194.7624155113164, 15.500533572620455, 10.0]}, "datetime": {"datetime": "2025-08-11 17:23:05", "elapsed": 3464.9240062236786, "delta": 18.510417461395264}, "costs": {"total_cost": 197.19178253430854, "time_cost": 74.396, "final_distance_cost": 1.785737144473552, "oscillation_cost": 31.36231641682754, "completition_cost": 0.0, "overshoot_cost": 52.057916632501964, "power_cost": 18.531935546875, "noise_cost": 19.0578767936305, "n_waypoints_completed": 9, "tot_waypoints": 9}}
{"target": -196.4668782085971, "params": {"k_pid_pos": [1.849624377781123, 0.024859491386256316, 0.44963268842268056], "k_pid_alt": [1.2679502233621702, 0.0, 0.949345597264735], "k_pid_att": [39.447728079683905, 3.6888469195366334, 0.1845336041603497], "k_pid_yaw": [0.5, 1e-06, 0.1], "k_pid_hsp": [0.09847755819799779, 0.011264223901387349, 0.0], "k_pid_vsp": [194.7624155113164, 20.0, 10.0]}, "datetime": {"datetime": "2025-08-11 17:23:23", "elapsed": 3483.32035446167, "delta": 18.396348237991333}, "costs": {"total_cost": 196.4668782085971, "time_cost": 73.766, "final_distance_cost": 1.8210344493843351, "oscillation_cost": 31.37484805373183, "completition_cost": 0.0, "overshoot_cost": 52.19400911850323, "power_cost": 18.787752087402346, "noise_cost": 18.523234499575395, "n_waypoints_completed": 9, "tot_waypoints": 9}}
{"target": -229.9312072793578, "params": {"k_pid_pos": [1.3885554450422086, 0.12011063010138434, 0.9898230692048735], "k_pid_alt": [0.26508416190282724, 0.7154071296158017, 0.949345597264735], "k_pid_att": [39.447728079683905, 3.8677381495188174, 0.42909887146925685], "k_pid_yaw": [0.5, 1e-06, 0.1], "k_pid_hsp": [0.09847755819799779, 0.011264223901387349, 0.0], "k_pid_vsp": [224.80366988514712, 20.0, 10.0]}, "datetime": {"datetime": "2025-08-11 17:23:47", "elapsed": 3506.8826501369476, "delta": 23.56229567527771}, "costs": {"total_cost": 229.9312072793578, "time_cost": 93.842, "final_distance_cost": 1.7701447231830794, "oscillation_cost": 27.734354229534404, "completition_cost": 0.0, "overshoot_cost": 60.72468437936203, "power_cost": 22.99694918212891, "noise_cost": 22.863074765149413, "n_waypoints_completed": 9, "tot_waypoints": 9}}
{"target": -207.15789521655083, "params": {"k_pid_pos": [1.8624793477566346, 0.04925411992759399, 0.3736141384595716], "k_pid_alt": [1.515427128667956, 0.5561902967977893, 0.949345597264735], "k_pid_att": [39.447728079683905, 3.8677381495188174, 0.1845336041603497], "k_pid_yaw": [0.5, 1e-06, 0.1], "k_pid_hsp": [0.09847755819799779, 0.011264223901387349, 0.0], "k_pid_vsp": [194.7624155113164, 355.21150340299164, 10.0]}, "datetime": {"datetime": "2025-08-11 17:24:07", "elapsed": 3526.9150002002716, "delta": 20.032350063323975}, "costs": {"total_cost": 207.15789521655083, "time_cost": 77.903, "final_distance_cost": 1.7599277766775911, "oscillation_cost": 36.59715525958314, "completition_cost": 0.0, "overshoot_cost": 51.72618083096669, "power_cost": 19.847431274414063, "noise_cost": 19.324200074909317, "n_waypoints_completed": 9, "tot_waypoints": 9}}
{"target": -197.69181216661744, "params": {"k_pid_pos": [1.8624793477566346, 0.04925411992759399, 0.3736141384595716], "k_pid_alt": [1.515427128667956, 0.0, 0.949345597264735], "k_pid_att": [39.447728079683905, 7.284845820832624, 0.004857337777279036], "k_pid_yaw": [0.5, 1e-06, 0.1], "k_pid_hsp": [0.09847755819799779, 0.011264223901387349, 0.0], "k_pid_vsp": [194.7624155113164, 20.0, 10.0]}, "datetime": {"datetime": "2025-08-11 17:24:25", "elapsed": 3544.9713571071625, "delta": 18.05635690689087}, "costs": {"total_cost": 197.69181216661744, "time_cost": 72.632, "final_distance_cost": 1.800464167118256, "oscillation_cost": 34.253750069262445, "completition_cost": 0.0, "overshoot_cost": 51.95210791192174, "power_cost": 18.45111589355469, "noise_cost": 18.602374124760296, "n_waypoints_completed": 9, "tot_waypoints": 9}}
{"target": -343.0450795381151, "params": {"k_pid_pos": [0.49275800590297264, 0.3846834726613414, 0.17888737446852812], "k_pid_alt": [1.515427128667956, 0.0, 0.949345597264735], "k_pid_att": [39.447728079683905, 3.8677381495188174, 0.1845336041603497], "k_pid_yaw": [0.5, 1e-06, 0.1], "k_pid_hsp": [0.669873433518586, 0.8457969578021425, 0.2627295964148335], "k_pid_vsp": [265.14568510543296, 382.2493028631647, 114.57849146637578]}, "datetime": {"datetime": "2025-08-11 17:24:48", "elapsed": 3567.7727251052856, "delta": 22.80136799812317}, "costs": {"total_cost": 343.0450795381151, "time_cost": 91.735, "final_distance_cost": 1.8526514015895248, "oscillation_cost": 139.50130688422178, "completition_cost": 0.0, "overshoot_cost": 58.17075978132146, "power_cost": 28.663805053710938, "noise_cost": 23.121556417271396, "n_waypoints_completed": 9, "tot_waypoints": 9}}
{"target": -292.4587200262816, "params": {"k_pid_pos": [1.3885554450422086, 0.5811166092209024, 0.19977565166005762], "k_pid_alt": [1.515427128667956, 0.0, 0.949345597264735], "k_pid_att": [11.895331074021131, 3.283679213926388, 0.9275625510065076], "k_pid_yaw": [0.5, 1e-06, 0.1], "k_pid_hsp": [0.09847755819799779, 0.011264223901387349, 0.17031908811182894], "k_pid_vsp": [291.1523567994088, 20.0, 10.0]}, "datetime": {"datetime": "2025-08-11 17:25:10", "elapsed": 3589.530296087265, "delta": 21.75757098197937}, "costs": {"total_cost": 292.4587200262816, "time_cost": 88.193, "final_distance_cost": 1.7545336857038991, "oscillation_cost": 97.21805521302434, "completition_cost": 0.0, "overshoot_cost": 59.78502839674374, "power_cost": 22.767046459960937, "noise_cost": 22.741056270848695, "n_waypoints_completed": 9, "tot_waypoints": 9}}
{"target": -2149.8758991636596, "params": {"k_pid_pos": [0.11267199708268416, 0.04925411992759399, 0.3736141384595716], "k_pid_alt": [1.515427128667956, 0.0, 0.949345597264735], "k_pid_att": [39.447728079683905, 3.8677381495188174, 0.1845336041603497], "k_pid_yaw": [0.5, 1e-06, 0.1], "k_pid_hsp": [0.09847755819799779, 0.011264223901387349, 0.47764876957297075], "k_pid_vsp": [194.7624155113164, 20.0, 10.0]}, "datetime": {"datetime": "2025-08-11 17:25:39", "elapsed": 3619.108139514923, "delta": 29.57784342765808}, "costs": {"total_cost": 2149.8758991636596, "time_cost": 150, "final_distance_cost": 45.23806810812628, "oscillation_cost": 839.6666072631303, "completition_cost": 1000.0, "overshoot_cost": 51.574319256803136, "power_cost": 33.21297390136719, "noise_cost": 30.183930634232535, "n_waypoints_completed": 0, "tot_waypoints": 9}}
{"target": -195.43368453605947, "params": {"k_pid_pos": [1.8624793477566346, 0.04925411992759399, 0.3736141384595716], "k_pid_alt": [1.515427128667956, 0.0, 0.949345597264735], "k_pid_att": [39.447728079683905, 3.8677381495188174, 0.1845336041603497], "k_pid_yaw": [0.5, 1e-06, 0.1], "k_pid_hsp": [0.09847755819799779, 0.011264223901387349, 0.0], "k_pid_vsp": [194.7624155113164, 20.0, 10.0]}, "datetime": {"datetime": "2025-08-11 17:25:57", "elapsed": 3636.966243505478, "delta": 17.85810399055481}, "costs": {"total_cost": 195.43368453605947, "time_cost": 72.66, "final_distance_cost": 1.7836723440834565, "oscillation_cost": 32.06229281725077, "completition_cost": 0.0, "overshoot_cost": 51.735593050261144, "power_cost": 18.611649938964845, "noise_cost": 18.580476385499292, "n_waypoints_completed": 9, "tot_waypoints": 9}}
{"target": -782.3737654574462, "params": {"k_pid_pos": [0.49275800590297264, 0.7480709590798926, 0.5921328249036668], "k_pid_alt": [1.515427128667956, 0.0, 0.5951893521254259], "k_pid_att": [39.447728079683905, 3.8677381495188174, 0.1845336041603497], "k_pid_yaw": [0.5, 1e-06, 0.1], "k_pid_hsp": [0.09847755819799779, 0.011264223901387349, 0.0], "k_pid_vsp": [194.7624155113164, 20.0, 10.0]}, "datetime": {"datetime": "2025-08-11 17:26:28", "elapsed": 3667.542535305023, "delta": 30.576291799545288}, "costs": {"total_cost": 782.3737654574462, "time_cost": 150, "final_distance_cost": 50.86941720054315, "oscillation_cost": 35.183951943570015, "completition_cost": 444.4444444444444, "overshoot_cost": 43.33283749665254, "power_cost": 30.49636375732422, "noise_cost": 28.046750614911726, "n_waypoints_completed": 5, "tot_waypoints": 9}}
{"target": -1462.5149885675683, "params": {"k_pid_pos": [1.849624377781123, 0.024859491386256316, 0.44963268842268056], "k_pid_alt": [1.6444270921876138, 0.0, 0.949345597264735], "k_pid_att": [39.447728079683905, 3.8677381495188174, 0.1845336041603497], "k_pid_yaw": [0.5, 1e-06, 0.1], "k_pid_hsp": [0.09847755819799779, 0.011264223901387349, 0.0], "k_pid_vsp": [194.7624155113164, 20.0, 372.58477179209376]}, "datetime": {"datetime": "2025-08-11 17:26:58", "elapsed": 3697.518466234207, "delta": 29.97593092918396}, "costs": {"total_cost": 1462.5149885675683, "time_cost": 150, "final_distance_cost": 0.9994744970332374, "oscillation_cost": 4.869046270296376, "completition_cost": 1000.0, "overshoot_cost": 163.05987466091236, "power_cost": 29.21478331298828, "noise_cost": 114.37180982633822, "n_waypoints_completed": 0, "tot_waypoints": 9}}
{"target": -227.40864409477015, "params": {"k_pid_pos": [1.3125724517510475, 0.036162710494696215, 0.6918470612856529], "k_pid_alt": [0.10331583402879785, 0.7154071296158017, 0.7389840039155418], "k_pid_att": [13.105775155731326, 5.156922816475868, 0.21517827462871852], "k_pid_yaw": [0.5, 1e-06, 0.1], "k_pid_hsp": [0.09847755819799779, 0.011264223901387349, 0.0], "k_pid_vsp": [194.7624155113164, 20.0, 10.0]}, "datetime": {"datetime": "2025-08-11 17:27:20", "elapsed": 3719.3877527713776, "delta": 21.86928653717041}, "costs": {"total_cost": 227.40864409477015, "time_cost": 89.53, "final_distance_cost": 1.7512643968588888, "oscillation_cost": 29.48919949064578, "completition_cost": 0.0, "overshoot_cost": 62.982881424662395, "power_cost": 21.638196618652344, "noise_cost": 22.01710216395075, "n_waypoints_completed": 9, "tot_waypoints": 9}}
{"target": -198.08450053490324, "params": {"k_pid_pos": [0.49275800590297264, 0.18848155022322047, 0.17888737446852812], "k_pid_alt": [1.515427128667956, 0.0, 0.949345597264735], "k_pid_att": [40.4276456330449, 3.8677381495188174, 0.1845336041603497], "k_pid_yaw": [0.5, 1e-06, 0.1], "k_pid_hsp": [0.09847755819799779, 0.011264223901387349, 0.0], "k_pid_vsp": [194.7624155113164, 82.79406464935073, 10.0]}, "datetime": {"datetime": "2025-08-11 17:27:40", "elapsed": 3739.7071874141693, "delta": 20.319434642791748}, "costs": {"total_cost": 198.08450053490324, "time_cost": 81.76, "final_distance_cost": 1.8261373079722865, "oscillation_cost": 21.861138454701223, "completition_cost": 0.0, "overshoot_cost": 51.89428822338101, "power_cost": 20.60149901123047, "noise_cost": 20.14143753761826, "n_waypoints_completed": 9, "tot_waypoints": 9}}
