{"target": -307.51432890932637, "params": {"k_pid_pos": [1.0031316701085804, 0.024859491386256316, 0.44963268842268056], "k_pid_alt": [1.2679502233621702, 0.0, 0.06527723447865985], "k_pid_att": [24.0942673894178, 2.79325987156934, 0.1845336041603497], "k_pid_yaw": [0.5, 1e-06, 0.1], "k_pid_hsp": [9.311701112795195, 0.011264223901387349, 0.0], "k_pid_vsp": [279.31855783528204, 336.89689932622207, 62.564861685850005]}, "datetime": {"datetime": "2025-08-11 19:55:40", "elapsed": 12620.03099989891, "delta": 17.875088691711426}, "costs": {"total_cost": 307.51432890932637, "time_cost": 73.087, "final_distance_cost": 1.8537421254706328, "oscillation_cost": 142.59600860640842, "completition_cost": 0.0, "overshoot_cost": 50.14110781978882, "power_cost": 19.84685418701172, "noise_cost": 19.989616170646745, "n_waypoints_completed": 9, "tot_waypoints": 9}}
{"target": -185.46666364360829, "params": {"k_pid_pos": [1.0031316701085804, 0.024859491386256316, 0.44963268842268056], "k_pid_alt": [1.2679502233621702, 0.0, 0.06527723447865985], "k_pid_att": [24.0942673894178, 3.7802132718527557, 0.837110513405392], "k_pid_yaw": [0.5, 1e-06, 0.1], "k_pid_hsp": [0.09847755819799779, 0.011264223901387349, 0.0], "k_pid_vsp": [250.4409247236842, 383.1463585968337, 62.564861685850005]}, "datetime": {"datetime": "2025-08-11 19:55:58", "elapsed": 12637.549128770828, "delta": 17.518128871917725}, "costs": {"total_cost": 185.46666364360829, "time_cost": 70.728, "final_distance_cost": 1.8284969568456724, "oscillation_cost": 25.614117016178607, "completition_cost": 0.0, "overshoot_cost": 51.54136376542143, "power_cost": 18.16792720947266, "noise_cost": 17.586758695689937, "n_waypoints_completed": 9, "tot_waypoints": 9}}
{"target": -1201.0737741201772, "params": {"k_pid_pos": [1.3885554450422086, 0.8568915413857133, 0.44963268842268056], "k_pid_alt": [0.304482605777602, 0.0, 0.06527723447865985], "k_pid_att": [58.989274729095186, 5.497138352925422, 0.9166398602394554], "k_pid_yaw": [0.5, 1e-06, 0.1], "k_pid_hsp": [0.09847755819799779, 0.011264223901387349, 0.0], "k_pid_vsp": [194.7624155113164, 46.11423100434292, 62.564861685850005]}, "datetime": {"datetime": "2025-08-11 19:56:33", "elapsed": 12672.546078205109, "delta": 34.996949434280396}, "costs": {"total_cost": 1201.0737741201772, "time_cost": 150, "final_distance_cost": 63.73845521515084, "oscillation_cost": 12.117816908666246, "completition_cost": 888.8888888888888, "overshoot_cost": 29.324831606679073, "power_cost": 29.792352209472657, "noise_cost": 27.21142929131953, "n_waypoints_completed": 1, "tot_waypoints": 9}}
{"target": -234.16833597251497, "params": {"k_pid_pos": [1.0031316701085804, 0.024859491386256316, 0.31939348815736834], "k_pid_alt": [1.636508049307729, 0.0, 0.06527723447865985], "k_pid_att": [58.989274729095186, 4.877992569761678, 0.9166398602394554], "k_pid_yaw": [0.5, 1e-06, 0.1], "k_pid_hsp": [8.461975807873474, 0.7301635020553603, 0.0], "k_pid_vsp": [194.7624155113164, 307.0029666248519, 62.564861685850005]}, "datetime": {"datetime": "2025-08-11 19:56:52", "elapsed": 12691.566468715668, "delta": 19.020390510559082}, "costs": {"total_cost": 234.16833597251497, "time_cost": 70.392, "final_distance_cost": 1.8545415247406676, "oscillation_cost": 74.6700647891103, "completition_cost": 0.0, "overshoot_cost": 49.830521583134626, "power_cost": 18.96026229248047, "noise_cost": 18.46094578304887, "n_waypoints_completed": 9, "tot_waypoints": 9}}
{"target": -296.29738928417976, "params": {"k_pid_pos": [0.5692387081849184, 0.024859491386256316, 0.44963268842268056], "k_pid_alt": [1.2679502233621702, 0.0, 0.06527723447865985], "k_pid_att": [24.0942673894178, 3.7802132718527557, 0.1845336041603497], "k_pid_yaw": [0.5, 1e-06, 0.1], "k_pid_hsp": [5.897593413282173, 0.1804332312748227, 0.0], "k_pid_vsp": [279.31855783528204, 336.89689932622207, 62.564861685850005]}, "datetime": {"datetime": "2025-08-11 19:57:14", "elapsed": 12713.72534584999, "delta": 22.15887713432312}, "costs": {"total_cost": 296.29738928417976, "time_cost": 86.268, "final_distance_cost": 1.853794209973345, "oscillation_cost": 111.38100873343691, "completition_cost": 0.0, "overshoot_cost": 51.29818151193666, "power_cost": 22.398760766601562, "noise_cost": 23.09764406223129, "n_waypoints_completed": 9, "tot_waypoints": 9}}
{"target": -262.875891692442, "params": {"k_pid_pos": [1.3885554450422086, 0.024859491386256316, 0.44963268842268056], "k_pid_alt": [1.961806136254105, 0.0, 0.06527723447865985], "k_pid_att": [60.39759467582875, 2.79325987156934, 0.1845336041603497], "k_pid_yaw": [0.5, 1e-06, 0.1], "k_pid_hsp": [0.09847755819799779, 0.24468742025477586, 0.0], "k_pid_vsp": [294.66786775931484, 336.89689932622207, 62.564861685850005]}, "datetime": {"datetime": "2025-08-11 19:57:34", "elapsed": 12733.4721159935, "delta": 19.74677014350891}, "costs": {"total_cost": 262.875891692442, "time_cost": 79.506, "final_distance_cost": 1.8382764917574534, "oscillation_cost": 85.04927016838869, "completition_cost": 0.0, "overshoot_cost": 52.40855737315914, "power_cost": 22.31918767089844, "noise_cost": 21.754599988238255, "n_waypoints_completed": 9, "tot_waypoints": 9}}
{"target": -192.910114555335, "params": {"k_pid_pos": [1.0031316701085804, 0.024859491386256316, 0.44963268842268056], "k_pid_alt": [1.2679502233621702, 0.3739270758514206, 0.8348396761435622], "k_pid_att": [43.948176657889235, 3.8677381495188174, 0.1845336041603497], "k_pid_yaw": [0.5, 1e-06, 0.1], "k_pid_hsp": [0.09847755819799779, 0.011264223901387349, 0.0], "k_pid_vsp": [277.2708477836043, 307.0029666248519, 10.0]}, "datetime": {"datetime": "2025-08-11 19:57:52", "elapsed": 12752.25908279419, "delta": 18.786966800689697}, "costs": {"total_cost": 192.910114555335, "time_cost": 75.649, "final_distance_cost": 1.7983200945927245, "oscillation_cost": 27.045439456063104, "completition_cost": 0.0, "overshoot_cost": 51.185602818543806, "power_cost": 19.007847509765625, "noise_cost": 18.223904676369767, "n_waypoints_completed": 9, "tot_waypoints": 9}}
{"target": -981.3505968267525, "params": {"k_pid_pos": [1.0031316701085804, 0.024859491386256316, 0.44963268842268056], "k_pid_alt": [1.2679502233621702, 0.0, 0.06527723447865985], "k_pid_att": [24.0942673894178, 0.4496302287662606, 0.1845336041603497], "k_pid_yaw": [0.5, 1e-06, 0.1], "k_pid_hsp": [0.09847755819799779, 0.28674392475714716, 0.40365877029916764], "k_pid_vsp": [243.01671064833118, 336.89689932622207, 62.564861685850005]}, "datetime": {"datetime": "2025-08-11 19:58:22", "elapsed": 12781.848868131638, "delta": 29.58978533744812}, "costs": {"total_cost": 981.3505968267525, "time_cost": 150, "final_distance_cost": 78.97044377773862, "oscillation_cost": 458.096545820902, "completition_cost": 111.11111111111116, "overshoot_cost": 121.31110325098757, "power_cost": 33.32254754638672, "noise_cost": 28.53884531962627, "n_waypoints_completed": 8, "tot_waypoints": 9}}
{"target": -185.35090556293258, "params": {"k_pid_pos": [1.0031316701085804, 0.024859491386256316, 0.44963268842268056], "k_pid_alt": [0.8815334174028542, 0.0, 0.06527723447865985], "k_pid_att": [24.0942673894178, 2.79325987156934, 0.9669350405079173], "k_pid_yaw": [0.5, 1e-06, 0.1], "k_pid_hsp": [0.09847755819799779, 0.005322982040420254, 0.0], "k_pid_vsp": [279.31855783528204, 336.89689932622207, 62.564861685850005]}, "datetime": {"datetime": "2025-08-11 19:58:40", "elapsed": 12799.913651704788, "delta": 18.064783573150635}, "costs": {"total_cost": 185.35090556293258, "time_cost": 71.666, "final_distance_cost": 1.8394814604424798, "oscillation_cost": 24.8348641842145, "completition_cost": 0.0, "overshoot_cost": 50.99319451110155, "power_cost": 18.311018713378907, "noise_cost": 17.706346693795155, "n_waypoints_completed": 9, "tot_waypoints": 9}}
{"target": -185.03067026356317, "params": {"k_pid_pos": [1.0031316701085804, 0.024859491386256316, 0.44963268842268056], "k_pid_alt": [1.394383142748206, 0.0, 0.06527723447865985], "k_pid_att": [24.0942673894178, 1.109420231168994, 0.17039554323513206], "k_pid_yaw": [0.5, 1e-06, 0.1], "k_pid_hsp": [0.09847755819799779, 0.011264223901387349, 0.0], "k_pid_vsp": [279.31855783528204, 336.89689932622207, 62.564861685850005]}, "datetime": {"datetime": "2025-08-11 19:58:57", "elapsed": 12817.36219906807, "delta": 17.44854736328125}, "costs": {"total_cost": 185.03067026356317, "time_cost": 70.728, "final_distance_cost": 1.8420505046166575, "oscillation_cost": 25.8269577200674, "completition_cost": 0.0, "overshoot_cost": 50.76895756974986, "power_cost": 18.124407543945313, "noise_cost": 17.740296925183944, "n_waypoints_completed": 9, "tot_waypoints": 9}}
{"target": -1636.8332221369965, "params": {"k_pid_pos": [1.0031316701085804, 0.024859491386256316, 0.44963268842268056], "k_pid_alt": [1.2679502233621702, 0.0, 0.06527723447865985], "k_pid_att": [25.40845784245549, 3.7802132718527557, 0.1845336041603497], "k_pid_yaw": [0.5, 1e-06, 0.1], "k_pid_hsp": [0.09847755819799779, 0.011264223901387349, 0.6591334331178952], "k_pid_vsp": [105.92349492693351, 336.89689932622207, 62.564861685850005]}, "datetime": {"datetime": "2025-08-11 19:59:27", "elapsed": 12846.907106399536, "delta": 29.544907331466675}, "costs": {"total_cost": 1636.8332221369965, "time_cost": 150, "final_distance_cost": 68.30278515435974, "oscillation_cost": 588.9741393637482, "completition_cost": 666.6666666666667, "overshoot_cost": 102.65307362471528, "power_cost": 32.155594470214844, "noise_cost": 28.080962857291787, "n_waypoints_completed": 3, "tot_waypoints": 9}}
{"target": -475.1714579017023, "params": {"k_pid_pos": [0.8471180367683476, 0.7861504387832445, 0.44963268842268056], "k_pid_alt": [1.961806136254105, 0.8207873345644269, 0.8348396761435622], "k_pid_att": [43.948176657889235, 3.8677381495188174, 0.1845336041603497], "k_pid_yaw": [0.5, 1e-06, 0.1], "k_pid_hsp": [0.09847755819799779, 0.011264223901387349, 0.0], "k_pid_vsp": [277.2708477836043, 307.0029666248519, 10.0]}, "datetime": {"datetime": "2025-08-11 19:59:56", "elapsed": 12876.223302602768, "delta": 29.31619620323181}, "costs": {"total_cost": 475.1714579017023, "time_cost": 150, "final_distance_cost": 49.690078030399796, "oscillation_cost": 48.66596175819614, "completition_cost": 111.11111111111116, "overshoot_cost": 55.82143997005745, "power_cost": 30.9676076171875, "noise_cost": 28.91525941475021, "n_waypoints_completed": 8, "tot_waypoints": 9}}
{"target": -406.70166061470104, "params": {"k_pid_pos": [1.0031316701085804, 0.024859491386256316, 0.44963268842268056], "k_pid_alt": [1.2679502233621702, 0.0, 0.06527723447865985], "k_pid_att": [91.51304492310662, 0.0889010446451618, 0.1845336041603497], "k_pid_yaw": [0.5, 1e-06, 0.1], "k_pid_hsp": [8.976632338120003, 0.011264223901387349, 0.0], "k_pid_vsp": [277.2708477836043, 20.55210058569056, 10.0]}, "datetime": {"datetime": "2025-08-11 20:00:16", "elapsed": 12895.390904664993, "delta": 19.167602062225342}, "costs": {"total_cost": 406.70166061470104, "time_cost": 75.34100000000001, "final_distance_cost": 1.8550990254699853, "oscillation_cost": 236.1266560961655, "completition_cost": 0.0, "overshoot_cost": 51.91053537859078, "power_cost": 20.60496658935547, "noise_cost": 20.863403525119253, "n_waypoints_completed": 9, "tot_waypoints": 9}}
{"target": -185.02127969655518, "params": {"k_pid_pos": [1.0031316701085804, 0.024859491386256316, 0.44963268842268056], "k_pid_alt": [1.2679502233621702, 0.0, 0.06527723447865985], "k_pid_att": [24.0942673894178, 3.7802132718527557, 0.837110513405392], "k_pid_yaw": [0.5, 1e-06, 0.1], "k_pid_hsp": [0.09847755819799779, 0.011264223901387349, 0.0], "k_pid_vsp": [250.4409247236842, 336.89689932622207, 10.0]}, "datetime": {"datetime": "2025-08-11 20:00:33", "elapsed": 12912.514131784439, "delta": 17.1232271194458}, "costs": {"total_cost": 185.02127969655518, "time_cost": 70.609, "final_distance_cost": 1.8329536468214793, "oscillation_cost": 26.086405708455946, "completition_cost": 0.0, "overshoot_cost": 50.52442517341813, "power_cost": 18.042136340332032, "noise_cost": 17.926358827527583, "n_waypoints_completed": 9, "tot_waypoints": 9}}
{"target": -917.3511403469221, "params": {"k_pid_pos": [1.0031316701085804, 0.024859491386256316, 0.44963268842268056], "k_pid_alt": [1.2679502233621702, 0.0, 0.09571232765433724], "k_pid_att": [24.0942673894178, 3.7802132718527557, 0.7941992206529987], "k_pid_yaw": [0.5, 1e-06, 0.1], "k_pid_hsp": [0.09847755819799779, 0.6807520980477912, 0.0], "k_pid_vsp": [250.4409247236842, 336.89689932622207, 10.0]}, "datetime": {"datetime": "2025-08-11 20:01:03", "elapsed": 12942.929013729095, "delta": 30.414881944656372}, "costs": {"total_cost": 917.3511403469221, "time_cost": 150, "final_distance_cost": 54.54124401870258, "oscillation_cost": 134.11038500454518, "completition_cost": 444.4444444444444, "overshoot_cost": 65.20148611857348, "power_cost": 34.38242153320313, "noise_cost": 34.67115922745332, "n_waypoints_completed": 5, "tot_waypoints": 9}}
{"target": -199.6040671169647, "params": {"k_pid_pos": [1.0031316701085804, 0.024859491386256316, 0.44963268842268056], "k_pid_alt": [1.2679502233621702, 0.8189475498511101, 0.06527723447865985], "k_pid_att": [24.0942673894178, 3.7802132718527557, 0.9943436299397624], "k_pid_yaw": [0.5, 1e-06, 0.1], "k_pid_hsp": [0.09847755819799779, 0.011264223901387349, 0.0], "k_pid_vsp": [250.4409247236842, 336.89689932622207, 62.564861685850005]}, "datetime": {"datetime": "2025-08-11 20:01:22", "elapsed": 12962.274472475052, "delta": 19.34545874595642}, "costs": {"total_cost": 199.6040671169647, "time_cost": 79.023, "final_distance_cost": 1.8118428356014042, "oscillation_cost": 27.29245080081177, "completition_cost": 0.0, "overshoot_cost": 53.03634565543984, "power_cost": 19.92459372558594, "noise_cost": 18.51583409952573, "n_waypoints_completed": 9, "tot_waypoints": 9}}
{"target": -199.4140564974631, "params": {"k_pid_pos": [1.0031316701085804, 0.024859491386256316, 0.44963268842268056], "k_pid_alt": [1.2679502233621702, 0.0, 0.06527723447865985], "k_pid_att": [1.0072944817398843, 3.7802132718527557, 0.837110513405392], "k_pid_yaw": [0.5, 1e-06, 0.1], "k_pid_hsp": [0.09847755819799779, 0.011264223901387349, 0.0], "k_pid_vsp": [393.76896320637337, 336.89689932622207, 62.564861685850005]}, "datetime": {"datetime": "2025-08-11 20:01:40", "elapsed": 12979.68090558052, "delta": 17.40643310546875}, "costs": {"total_cost": 199.4140564974631, "time_cost": 71.246, "final_distance_cost": 1.8306620401621432, "oscillation_cost": 38.47042393780973, "completition_cost": 0.0, "overshoot_cost": 51.08933504831435, "power_cost": 18.618226525878907, "noise_cost": 18.159408945298, "n_waypoints_completed": 9, "tot_waypoints": 9}}
{"target": -186.53770267176228, "params": {"k_pid_pos": [1.3885554450422086, 0.024859491386256316, 0.9860512943372298], "k_pid_alt": [1.961806136254105, 0.0, 0.8348396761435622], "k_pid_att": [43.948176657889235, 3.8677381495188174, 0.1845336041603497], "k_pid_yaw": [0.5, 1e-06, 0.1], "k_pid_hsp": [0.09847755819799779, 0.011264223901387349, 0.0], "k_pid_vsp": [250.4409247236842, 336.89689932622207, 62.564861685850005]}, "datetime": {"datetime": "2025-08-11 20:01:57", "elapsed": 12996.695188999176, "delta": 17.014283418655396}, "costs": {"total_cost": 186.53770267176228, "time_cost": 71.113, "final_distance_cost": 1.8360295601061916, "oscillation_cost": 26.870805888589043, "completition_cost": 0.0, "overshoot_cost": 50.87430147259964, "power_cost": 18.442740075683595, "noise_cost": 17.40082567478379, "n_waypoints_completed": 9, "tot_waypoints": 9}}
{"target": -202.35676222061085, "params": {"k_pid_pos": [1.0031316701085804, 0.4270214819009781, 0.40092638265648595], "k_pid_alt": [1.2679502233621702, 0.0, 0.06527723447865985], "k_pid_att": [24.0942673894178, 3.7802132718527557, 0.30379952180706926], "k_pid_yaw": [0.5, 1e-06, 0.1], "k_pid_hsp": [0.09847755819799779, 0.011264223901387349, 0.0], "k_pid_vsp": [277.2708477836043, 307.0029666248519, 10.0]}, "datetime": {"datetime": "2025-08-11 20:02:16", "elapsed": 13016.255742311478, "delta": 19.560553312301636}, "costs": {"total_cost": 202.35676222061085, "time_cost": 78.946, "final_distance_cost": 1.7895646330782853, "oscillation_cost": 29.28667844057412, "completition_cost": 0.0, "overshoot_cost": 52.19662636562316, "power_cost": 20.430531689453126, "noise_cost": 19.707361091882163, "n_waypoints_completed": 9, "tot_waypoints": 9}}
{"target": -184.9985303697798, "params": {"k_pid_pos": [1.0031316701085804, 0.024859491386256316, 0.44963268842268056], "k_pid_alt": [1.2679502233621702, 0.0, 0.06527723447865985], "k_pid_att": [24.0942673894178, 3.7802132718527557, 0.1845336041603497], "k_pid_yaw": [0.5, 1e-06, 0.1], "k_pid_hsp": [0.09847755819799779, 0.011264223901387349, 0.0], "k_pid_vsp": [279.31855783528204, 336.89689932622207, 62.564861685850005]}, "datetime": {"datetime": "2025-08-11 20:02:34", "elapsed": 13033.402055501938, "delta": 17.146313190460205}, "costs": {"total_cost": 184.9985303697798, "time_cost": 70.756, "final_distance_cost": 1.8296624898101252, "oscillation_cost": 25.92040249377883, "completition_cost": 0.0, "overshoot_cost": 50.67362444698116, "power_cost": 18.17354315185547, "noise_cost": 17.645297787354224, "n_waypoints_completed": 9, "tot_waypoints": 9}}
{"target": -403.7997768323639, "params": {"k_pid_pos": [1.0031316701085804, 0.024859491386256316, 0.44963268842268056], "k_pid_alt": [1.2679502233621702, 0.0, 0.06527723447865985], "k_pid_att": [24.0942673894178, 3.7802132718527557, 0.837110513405392], "k_pid_yaw": [0.5, 1e-06, 0.1], "k_pid_hsp": [0.09847755819799779, 0.49946950194544293, 0.0], "k_pid_vsp": [250.4409247236842, 336.89689932622207, 10.0]}, "datetime": {"datetime": "2025-08-11 20:03:04", "elapsed": 13063.855984687805, "delta": 30.45392918586731}, "costs": {"total_cost": 403.7997768323639, "time_cost": 119.105, "final_distance_cost": 1.8406017272704969, "oscillation_cost": 145.38389487710094, "completition_cost": 0.0, "overshoot_cost": 67.01148903121087, "power_cost": 33.932858044433594, "noise_cost": 36.52593315234793, "n_waypoints_completed": 9, "tot_waypoints": 9}}
{"target": -818.4116667046172, "params": {"k_pid_pos": [1.380631376916402, 0.024859491386256316, 0.44963268842268056], "k_pid_alt": [1.2679502233621702, 0.3880823501137123, 0.06527723447865985], "k_pid_att": [24.0942673894178, 3.7802132718527557, 0.8257697299075593], "k_pid_yaw": [0.5, 1e-06, 0.1], "k_pid_hsp": [0.09847755819799779, 0.5722723475848833, 0.0], "k_pid_vsp": [279.31855783528204, 317.0669739011019, 62.564861685850005]}, "datetime": {"datetime": "2025-08-11 20:03:34", "elapsed": 13093.727500200272, "delta": 29.87151551246643}, "costs": {"total_cost": 818.4116667046172, "time_cost": 150, "final_distance_cost": 64.82538186923867, "oscillation_cost": 132.81599007556005, "completition_cost": 333.33333333333337, "overshoot_cost": 68.11192641285855, "power_cost": 35.96473204345703, "noise_cost": 33.36030297016958, "n_waypoints_completed": 6, "tot_waypoints": 9}}
{"target": -184.9985303697798, "params": {"k_pid_pos": [1.0031316701085804, 0.024859491386256316, 0.44963268842268056], "k_pid_alt": [1.2679502233621702, 0.0, 0.06527723447865985], "k_pid_att": [24.0942673894178, 3.7802132718527557, 0.1845336041603497], "k_pid_yaw": [0.5, 1e-06, 0.1], "k_pid_hsp": [0.09847755819799779, 0.011264223901387349, 0.0], "k_pid_vsp": [279.31855783528204, 336.89689932622207, 62.564861685850005]}, "datetime": {"datetime": "2025-08-11 20:03:52", "elapsed": 13111.593307971954, "delta": 17.86580777168274}, "costs": {"total_cost": 184.9985303697798, "time_cost": 70.756, "final_distance_cost": 1.8296624898101252, "oscillation_cost": 25.92040249377883, "completition_cost": 0.0, "overshoot_cost": 50.67362444698116, "power_cost": 18.17354315185547, "noise_cost": 17.645297787354224, "n_waypoints_completed": 9, "tot_waypoints": 9}}
{"target": -184.9985303697798, "params": {"k_pid_pos": [1.0031316701085804, 0.024859491386256316, 0.44963268842268056], "k_pid_alt": [1.2679502233621702, 0.0, 0.06527723447865985], "k_pid_att": [24.0942673894178, 3.7802132718527557, 0.1845336041603497], "k_pid_yaw": [0.5, 1e-06, 0.1], "k_pid_hsp": [0.09847755819799779, 0.011264223901387349, 0.0], "k_pid_vsp": [279.31855783528204, 336.89689932622207, 62.564861685850005]}, "datetime": {"datetime": "2025-08-11 20:04:10", "elapsed": 13129.441301584244, "delta": 17.84799361228943}, "costs": {"total_cost": 184.9985303697798, "time_cost": 70.756, "final_distance_cost": 1.8296624898101252, "oscillation_cost": 25.92040249377883, "completition_cost": 0.0, "overshoot_cost": 50.67362444698116, "power_cost": 18.17354315185547, "noise_cost": 17.645297787354224, "n_waypoints_completed": 9, "tot_waypoints": 9}}
{"target": -184.9985303697798, "params": {"k_pid_pos": [1.0031316701085804, 0.024859491386256316, 0.44963268842268056], "k_pid_alt": [1.2679502233621702, 0.0, 0.06527723447865985], "k_pid_att": [24.0942673894178, 3.7802132718527557, 0.1845336041603497], "k_pid_yaw": [0.5, 1e-06, 0.1], "k_pid_hsp": [0.09847755819799779, 0.011264223901387349, 0.0], "k_pid_vsp": [279.31855783528204, 336.89689932622207, 62.564861685850005]}, "datetime": {"datetime": "2025-08-11 20:04:27", "elapsed": 13146.510301351547, "delta": 17.068999767303467}, "costs": {"total_cost": 184.9985303697798, "time_cost": 70.756, "final_distance_cost": 1.8296624898101252, "oscillation_cost": 25.92040249377883, "completition_cost": 0.0, "overshoot_cost": 50.67362444698116, "power_cost": 18.17354315185547, "noise_cost": 17.645297787354224, "n_waypoints_completed": 9, "tot_waypoints": 9}}
