{"target": -291.2838779675427, "params": {"k_pid_pos": [1.0031316701085804, 0.024859491386256316, 0.44963268842268056], "k_pid_alt": [1.2679502233621702, 0.0, 0.1739375988235733], "k_pid_att": [24.0942673894178, 3.7802132718527557, 0.8792759721912583], "k_pid_yaw": [0.5, 1e-06, 0.1], "k_pid_hsp": [0.09847755819799779, 0.3825815065618582, 0.0], "k_pid_vsp": [292.94687076665593, 307.0029666248519, 62.564861685850005]}, "datetime": {"datetime": "2025-08-11 20:49:30", "elapsed": 15849.498851299286, "delta": 21.68430209159851}, "costs": {"total_cost": 291.2838779675427, "time_cost": 86.772, "final_distance_cost": 1.849525195286065, "oscillation_cost": 96.80167953768525, "completition_cost": 0.0, "overshoot_cost": 56.588340335341535, "power_cost": 25.085691430664063, "noise_cost": 24.186641468565753, "n_waypoints_completed": 9, "tot_waypoints": 9}}
{"target": -259.2738533615767, "params": {"k_pid_pos": [1.0031316701085804, 0.024859491386256316, 0.44963268842268056], "k_pid_alt": [1.795722219278775, 0.0, 0.06527723447865985], "k_pid_att": [24.0942673894178, 3.9650988168623, 0.1845336041603497], "k_pid_yaw": [0.5, 1e-06, 0.1], "k_pid_hsp": [6.746884969120823, 0.011264223901387349, 0.0], "k_pid_vsp": [171.36698465475635, 336.89689932622207, 62.564861685850005]}, "datetime": {"datetime": "2025-08-11 20:49:48", "elapsed": 15867.893383026123, "delta": 18.394531726837158}, "costs": {"total_cost": 259.2738533615767, "time_cost": 72.849, "final_distance_cost": 1.8501368157664202, "oscillation_cost": 96.68098797600967, "completition_cost": 0.0, "overshoot_cost": 49.53050087591549, "power_cost": 19.16950836181641, "noise_cost": 19.193719332068685, "n_waypoints_completed": 9, "tot_waypoints": 9}}
{"target": -185.59662292129744, "params": {"k_pid_pos": [1.0031316701085804, 0.024859491386256316, 0.44963268842268056], "k_pid_alt": [1.2679502233621702, 0.0, 0.22260652447727036], "k_pid_att": [50.98074059285719, 3.7802132718527557, 0.1845336041603497], "k_pid_yaw": [0.5, 1e-06, 0.1], "k_pid_hsp": [0.09847755819799779, 0.011264223901387349, 0.0], "k_pid_vsp": [366.9222945638871, 336.89689932622207, 62.564861685850005]}, "datetime": {"datetime": "2025-08-11 20:50:06", "elapsed": 15885.657295703888, "delta": 17.763912677764893}, "costs": {"total_cost": 185.59662292129744, "time_cost": 70.973, "final_distance_cost": 1.8205238638801753, "oscillation_cost": 26.047550995278222, "completition_cost": 0.0, "overshoot_cost": 50.64155267154679, "power_cost": 18.311770922851565, "noise_cost": 17.802224467740672, "n_waypoints_completed": 9, "tot_waypoints": 9}}
{"target": -202.62233634270194, "params": {"k_pid_pos": [1.0031316701085804, 0.024859491386256316, 0.4388587351883817], "k_pid_alt": [1.2679502233621702, 0.0, 0.06527723447865985], "k_pid_att": [24.0942673894178, 3.7802132718527557, 0.12604967571558012], "k_pid_yaw": [0.5, 1e-06, 0.1], "k_pid_hsp": [0.09847755819799779, 0.05230502579760865, 0.0], "k_pid_vsp": [279.31855783528204, 124.81735042990572, 62.564861685850005]}, "datetime": {"datetime": "2025-08-11 20:50:25", "elapsed": 15905.190361261368, "delta": 19.53306555747986}, "costs": {"total_cost": 202.62233634270194, "time_cost": 75.894, "final_distance_cost": 1.8624652372798993, "oscillation_cost": 32.854492058332035, "completition_cost": 0.0, "overshoot_cost": 51.70725977331718, "power_cost": 19.74371745605469, "noise_cost": 20.56040181771812, "n_waypoints_completed": 9, "tot_waypoints": 9}}
{"target": -185.39527411739255, "params": {"k_pid_pos": [1.0031316701085804, 0.024859491386256316, 0.44963268842268056], "k_pid_alt": [1.2679502233621702, 0.0, 0.06527723447865985], "k_pid_att": [24.0942673894178, 3.7802132718527557, 0.1432438844471683], "k_pid_yaw": [0.5, 1e-06, 0.1], "k_pid_hsp": [0.09847755819799779, 0.011264223901387349, 0.0], "k_pid_vsp": [292.94687076665593, 307.0029666248519, 62.564861685850005]}, "datetime": {"datetime": "2025-08-11 20:50:43", "elapsed": 15922.7614133358, "delta": 17.571052074432373}, "costs": {"total_cost": 185.39527411739255, "time_cost": 70.791, "final_distance_cost": 1.8315746926241818, "oscillation_cost": 25.782994297854312, "completition_cost": 0.0, "overshoot_cost": 50.95226054781456, "power_cost": 18.241899633789064, "noise_cost": 17.79554494531042, "n_waypoints_completed": 9, "tot_waypoints": 9}}
{"target": -190.39320541548167, "params": {"k_pid_pos": [1.901325454231368, 0.024859491386256316, 0.4388587351883817], "k_pid_alt": [1.2679502233621702, 0.0, 0.06527723447865985], "k_pid_att": [24.0942673894178, 3.7802132718527557, 0.1845336041603497], "k_pid_yaw": [0.5, 1e-06, 0.1], "k_pid_hsp": [0.09847755819799779, 0.011264223901387349, 0.0], "k_pid_vsp": [279.31855783528204, 336.89689932622207, 62.564861685850005]}, "datetime": {"datetime": "2025-08-11 20:51:01", "elapsed": 15940.530188322067, "delta": 17.76877498626709}, "costs": {"total_cost": 190.39320541548167, "time_cost": 69.881, "final_distance_cost": 1.8007925447398254, "oscillation_cost": 31.321043443714263, "completition_cost": 0.0, "overshoot_cost": 51.464603823300735, "power_cost": 18.320936376953124, "noise_cost": 17.604829226773752, "n_waypoints_completed": 9, "tot_waypoints": 9}}
{"target": -191.17178590786438, "params": {"k_pid_pos": [1.0031316701085804, 0.20230504367755808, 0.44963268842268056], "k_pid_alt": [1.2679502233621702, 0.0, 0.06527723447865985], "k_pid_att": [24.0942673894178, 3.7802132718527557, 0.8299786351622237], "k_pid_yaw": [0.5, 1e-06, 0.1], "k_pid_hsp": [0.09847755819799779, 0.011264223901387349, 0.0], "k_pid_vsp": [292.94687076665593, 307.0029666248519, 62.564861685850005]}, "datetime": {"datetime": "2025-08-11 20:51:19", "elapsed": 15959.22864818573, "delta": 18.69845986366272}, "costs": {"total_cost": 191.17178590786438, "time_cost": 74.263, "final_distance_cost": 1.807252519911348, "oscillation_cost": 26.094341267665637, "completition_cost": 0.0, "overshoot_cost": 51.24197908339398, "power_cost": 19.15865477294922, "noise_cost": 18.606558263944176, "n_waypoints_completed": 9, "tot_waypoints": 9}}
{"target": -185.37321945661066, "params": {"k_pid_pos": [1.0031316701085804, 0.024859491386256316, 0.40092638265648595], "k_pid_alt": [1.2679502233621702, 0.0, 0.06527723447865985], "k_pid_att": [24.0942673894178, 3.7802132718527557, 0.1845336041603497], "k_pid_yaw": [0.5, 1e-06, 0.1], "k_pid_hsp": [0.09847755819799779, 0.011264223901387349, 0.0], "k_pid_vsp": [279.31855783528204, 336.89689932622207, 62.564861685850005]}, "datetime": {"datetime": "2025-08-11 20:51:37", "elapsed": 15977.20352768898, "delta": 17.974879503250122}, "costs": {"total_cost": 185.37321945661066, "time_cost": 70.616, "final_distance_cost": 1.8165086405789688, "oscillation_cost": 26.092267376264655, "completition_cost": 0.0, "overshoot_cost": 50.81567424150213, "power_cost": 18.3300419921875, "noise_cost": 17.702727206077405, "n_waypoints_completed": 9, "tot_waypoints": 9}}
{"target": -186.2566834350447, "params": {"k_pid_pos": [1.0031316701085804, 0.024859491386256316, 0.4894518338289183], "k_pid_alt": [1.0304713630477362, 0.0, 0.06527723447865985], "k_pid_att": [24.0942673894178, 3.7802132718527557, 0.8792759721912583], "k_pid_yaw": [0.5, 1e-06, 0.1], "k_pid_hsp": [0.09847755819799779, 0.011264223901387349, 0.0], "k_pid_vsp": [292.94687076665593, 307.0029666248519, 62.564861685850005]}, "datetime": {"datetime": "2025-08-11 20:51:55", "elapsed": 15995.325482606888, "delta": 18.121954917907715}, "costs": {"total_cost": 186.2566834350447, "time_cost": 71.267, "final_distance_cost": 1.8265807208484715, "oscillation_cost": 25.64995047766162, "completition_cost": 0.0, "overshoot_cost": 51.20551442758596, "power_cost": 18.41575018310547, "noise_cost": 17.891887625843168, "n_waypoints_completed": 9, "tot_waypoints": 9}}
{"target": -185.0065001008776, "params": {"k_pid_pos": [1.0031316701085804, 0.024859491386256316, 0.44963268842268056], "k_pid_alt": [1.2679502233621702, 0.0, 0.06527723447865985], "k_pid_att": [24.0942673894178, 5.313838088001456, 0.1845336041603497], "k_pid_yaw": [0.5, 1e-06, 0.1], "k_pid_hsp": [0.09847755819799779, 0.011264223901387349, 0.0], "k_pid_vsp": [279.31855783528204, 336.89689932622207, 10.0]}, "datetime": {"datetime": "2025-08-11 20:52:13", "elapsed": 16013.182983875275, "delta": 17.85750126838684}, "costs": {"total_cost": 185.0065001008776, "time_cost": 70.616, "final_distance_cost": 1.8413561576671154, "oscillation_cost": 26.22949877526526, "completition_cost": 0.0, "overshoot_cost": 50.54956608089554, "power_cost": 17.92957078857422, "noise_cost": 17.840508298475456, "n_waypoints_completed": 9, "tot_waypoints": 9}}
{"target": -229.60511477817013, "params": {"k_pid_pos": [0.961863204572444, 0.24828414068022808, 0.44963268842268056], "k_pid_alt": [1.2679502233621702, 0.18194786008662167, 0.06527723447865985], "k_pid_att": [86.77411034131589, 8.257495339612396, 0.1845336041603497], "k_pid_yaw": [0.5, 1e-06, 0.1], "k_pid_hsp": [0.09847755819799779, 0.011264223901387349, 0.0], "k_pid_vsp": [86.28438231591274, 336.89689932622207, 62.564861685850005]}, "datetime": {"datetime": "2025-08-11 20:52:38", "elapsed": 16038.047107219696, "delta": 24.864123344421387}, "costs": {"total_cost": 229.60511477817013, "time_cost": 96.803, "final_distance_cost": 1.7779619555318515, "oscillation_cost": 30.225063688807577, "completition_cost": 0.0, "overshoot_cost": 54.145756421360495, "power_cost": 24.088510595703127, "noise_cost": 22.564822116767093, "n_waypoints_completed": 9, "tot_waypoints": 9}}
{"target": -189.18430939564158, "params": {"k_pid_pos": [1.0031316701085804, 0.024859491386256316, 0.07188833330086031], "k_pid_alt": [1.2679502233621702, 0.0, 0.06527723447865985], "k_pid_att": [59.20080306752875, 3.7802132718527557, 0.1845336041603497], "k_pid_yaw": [0.5, 1e-06, 0.1], "k_pid_hsp": [0.09847755819799779, 0.011264223901387349, 0.0], "k_pid_vsp": [279.31855783528204, 336.89689932622207, 62.564861685850005]}, "datetime": {"datetime": "2025-08-11 20:52:56", "elapsed": 16055.707237243652, "delta": 17.6601300239563}, "costs": {"total_cost": 189.18430939564158, "time_cost": 71.659, "final_distance_cost": 1.816025420100238, "oscillation_cost": 28.744991526161584, "completition_cost": 0.0, "overshoot_cost": 50.567001816430164, "power_cost": 18.587351220703127, "noise_cost": 17.809939412246454, "n_waypoints_completed": 9, "tot_waypoints": 9}}
{"target": -268.52056418488, "params": {"k_pid_pos": [1.0031316701085804, 0.024859491386256316, 0.44963268842268056], "k_pid_alt": [1.2679502233621702, 0.0, 0.06527723447865985], "k_pid_att": [24.0942673894178, 3.7802132718527557, 0.1845336041603497], "k_pid_yaw": [0.5, 1e-06, 0.1], "k_pid_hsp": [6.3762109007134535, 0.011264223901387349, 0.0], "k_pid_vsp": [86.28438231591274, 336.89689932622207, 94.3185639740662]}, "datetime": {"datetime": "2025-08-11 20:53:15", "elapsed": 16075.01507115364, "delta": 19.307833909988403}, "costs": {"total_cost": 268.52056418488, "time_cost": 75.544, "final_distance_cost": 1.8538242997439938, "oscillation_cost": 100.81094603417593, "completition_cost": 0.0, "overshoot_cost": 50.39853514562452, "power_cost": 20.093730297851565, "noise_cost": 19.819528407484047, "n_waypoints_completed": 9, "tot_waypoints": 9}}
{"target": -184.57075292658828, "params": {"k_pid_pos": [1.0031316701085804, 0.024859491386256316, 0.40092638265648595], "k_pid_alt": [1.2679502233621702, 0.0, 0.06527723447865985], "k_pid_att": [24.0942673894178, 0.18205753750414305, 0.8792759721912583], "k_pid_yaw": [0.5, 1e-06, 0.1], "k_pid_hsp": [0.09847755819799779, 0.011264223901387349, 0.0], "k_pid_vsp": [292.94687076665593, 307.0029666248519, 62.564861685850005]}, "datetime": {"datetime": "2025-08-11 20:53:34", "elapsed": 16094.119653463364, "delta": 19.1045823097229}, "costs": {"total_cost": 184.57075292658828, "time_cost": 70.63, "final_distance_cost": 1.8307316328506358, "oscillation_cost": 25.35640013277763, "completition_cost": 0.0, "overshoot_cost": 51.06020532799305, "power_cost": 18.050848767089846, "noise_cost": 17.642567065877117, "n_waypoints_completed": 9, "tot_waypoints": 9}}
{"target": -184.82940966497068, "params": {"k_pid_pos": [1.0031316701085804, 0.024859491386256316, 0.40092638265648595], "k_pid_alt": [1.2679502233621702, 0.0, 0.06527723447865985], "k_pid_att": [24.0942673894178, 3.7802132718527557, 0.1845336041603497], "k_pid_yaw": [0.5, 1e-06, 0.1], "k_pid_hsp": [0.09847755819799779, 0.011264223901387349, 0.0], "k_pid_vsp": [279.31855783528204, 336.89689932622207, 10.0]}, "datetime": {"datetime": "2025-08-11 20:53:52", "elapsed": 16111.447046041489, "delta": 17.327392578125}, "costs": {"total_cost": 184.82940966497068, "time_cost": 70.413, "final_distance_cost": 1.8365195527980618, "oscillation_cost": 26.398045321066295, "completition_cost": 0.0, "overshoot_cost": 50.44707202994684, "power_cost": 17.97903885498047, "noise_cost": 17.75573390617901, "n_waypoints_completed": 9, "tot_waypoints": 9}}
{"target": -248.5819556797422, "params": {"k_pid_pos": [1.0031316701085804, 0.024859491386256316, 0.44963268842268056], "k_pid_alt": [1.2679502233621702, 0.0, 0.06527723447865985], "k_pid_att": [24.0942673894178, 3.7802132718527557, 0.1845336041603497], "k_pid_yaw": [0.5, 1e-06, 0.1], "k_pid_hsp": [5.96863719712635, 0.011264223901387349, 0.0], "k_pid_vsp": [279.31855783528204, 336.89689932622207, 62.564861685850005]}, "datetime": {"datetime": "2025-08-11 20:54:10", "elapsed": 16129.797786474228, "delta": 18.350740432739258}, "costs": {"total_cost": 248.5819556797422, "time_cost": 73.717, "final_distance_cost": 1.8544850036577125, "oscillation_cost": 84.4570737819024, "completition_cost": 0.0, "overshoot_cost": 50.01831343955635, "power_cost": 19.374190490722658, "noise_cost": 19.160892963903084, "n_waypoints_completed": 9, "tot_waypoints": 9}}
{"target": -228.14875798946775, "params": {"k_pid_pos": [1.0031316701085804, 0.024859491386256316, 0.8100884609760892], "k_pid_alt": [1.795722219278775, 0.0, 0.06527723447865985], "k_pid_att": [24.0942673894178, 3.9650988168623, 0.1845336041603497], "k_pid_yaw": [0.5, 1e-06, 0.1], "k_pid_hsp": [2.575161370303539, 0.011264223901387349, 0.0], "k_pid_vsp": [279.31855783528204, 336.89689932622207, 62.564861685850005]}, "datetime": {"datetime": "2025-08-11 20:54:30", "elapsed": 16149.800666570663, "delta": 20.002880096435547}, "costs": {"total_cost": 228.14875798946775, "time_cost": 79.394, "final_distance_cost": 1.8513213347112905, "oscillation_cost": 53.27876917016875, "completition_cost": 0.0, "overshoot_cost": 52.18466785591401, "power_cost": 20.641213024902346, "noise_cost": 20.79878660377136, "n_waypoints_completed": 9, "tot_waypoints": 9}}
{"target": -184.77108921869942, "params": {"k_pid_pos": [1.0031316701085804, 0.024859491386256316, 0.44963268842268056], "k_pid_alt": [1.408510096659571, 0.0, 0.06527723447865985], "k_pid_att": [24.0942673894178, 2.057470297840489, 0.1845336041603497], "k_pid_yaw": [0.5, 1e-06, 0.1], "k_pid_hsp": [0.09847755819799779, 0.011264223901387349, 0.0], "k_pid_vsp": [279.31855783528204, 336.89689932622207, 10.0]}, "datetime": {"datetime": "2025-08-11 20:54:47", "elapsed": 16166.998678684235, "delta": 17.198012113571167}, "costs": {"total_cost": 184.77108921869942, "time_cost": 70.42, "final_distance_cost": 1.8341068152845443, "oscillation_cost": 26.21450241375745, "completition_cost": 0.0, "overshoot_cost": 50.589386967658164, "power_cost": 17.454800756835937, "noise_cost": 18.258292265163323, "n_waypoints_completed": 9, "tot_waypoints": 9}}
{"target": -184.83466884207604, "params": {"k_pid_pos": [1.0031316701085804, 0.024859491386256316, 0.40092638265648595], "k_pid_alt": [1.2679502233621702, 0.0, 0.06527723447865985], "k_pid_att": [24.0942673894178, 3.7802132718527557, 0.6559199499296157], "k_pid_yaw": [0.5, 1e-06, 0.1], "k_pid_hsp": [0.09847755819799779, 0.011264223901387349, 0.0], "k_pid_vsp": [279.31855783528204, 336.89689932622207, 62.564861685850005]}, "datetime": {"datetime": "2025-08-11 20:55:05", "elapsed": 16185.173454523087, "delta": 18.17477583885193}, "costs": {"total_cost": 184.83466884207604, "time_cost": 70.623, "final_distance_cost": 1.8373245469794304, "oscillation_cost": 25.78607130623184, "completition_cost": 0.0, "overshoot_cost": 50.82658919093997, "power_cost": 18.176826208496095, "noise_cost": 17.584857589428687, "n_waypoints_completed": 9, "tot_waypoints": 9}}
{"target": -185.45571124100516, "params": {"k_pid_pos": [1.0031316701085804, 0.024859491386256316, 0.4388587351883817], "k_pid_alt": [1.0913728054153844, 0.0, 0.06527723447865985], "k_pid_att": [24.0942673894178, 3.7802132718527557, 0.3905569812448356], "k_pid_yaw": [0.5, 1e-06, 0.1], "k_pid_hsp": [0.09847755819799779, 0.011264223901387349, 0.0], "k_pid_vsp": [292.94687076665593, 307.0029666248519, 62.564861685850005]}, "datetime": {"datetime": "2025-08-11 20:55:23", "elapsed": 16202.789729833603, "delta": 17.616275310516357}, "costs": {"total_cost": 185.45571124100516, "time_cost": 70.924, "final_distance_cost": 1.8254232650949551, "oscillation_cost": 25.62602114079403, "completition_cost": 0.0, "overshoot_cost": 51.056803366302404, "power_cost": 18.269480407714845, "noise_cost": 17.75398306109893, "n_waypoints_completed": 9, "tot_waypoints": 9}}
{"target": -195.73316547213673, "params": {"k_pid_pos": [0.60393984878084, 0.024859491386256316, 0.44963268842268056], "k_pid_alt": [1.2679502233621702, 0.0, 0.06527723447865985], "k_pid_att": [24.0942673894178, 3.7802132718527557, 0.1845336041603497], "k_pid_yaw": [0.5, 1e-06, 0.1], "k_pid_hsp": [0.09847755819799779, 0.011264223901387349, 0.0], "k_pid_vsp": [86.28438231591274, 336.89689932622207, 62.564861685850005]}, "datetime": {"datetime": "2025-08-11 20:55:43", "elapsed": 16222.61689043045, "delta": 19.827160596847534}, "costs": {"total_cost": 195.73316547213673, "time_cost": 79.065, "final_distance_cost": 1.8571997606597774, "oscillation_cost": 22.581650200788737, "completition_cost": 0.0, "overshoot_cost": 52.290602398468586, "power_cost": 20.020582250976563, "noise_cost": 19.918130861243082, "n_waypoints_completed": 9, "tot_waypoints": 9}}
{"target": -381.0170417293299, "params": {"k_pid_pos": [1.0031316701085804, 0.024859491386256316, 0.4388587351883817], "k_pid_alt": [1.2679502233621702, 0.0, 0.06527723447865985], "k_pid_att": [24.0942673894178, 3.7802132718527557, 0.8299786351622237], "k_pid_yaw": [0.5, 1e-06, 0.1], "k_pid_hsp": [0.09847755819799779, 0.4702638621486921, 0.0], "k_pid_vsp": [86.28438231591274, 336.89689932622207, 62.564861685850005]}, "datetime": {"datetime": "2025-08-11 20:56:11", "elapsed": 16250.554661273956, "delta": 27.93777084350586}, "costs": {"total_cost": 381.0170417293299, "time_cost": 112.896, "final_distance_cost": 1.8495404627903622, "oscillation_cost": 133.77165135866832, "completition_cost": 0.0, "overshoot_cost": 66.72401964906828, "power_cost": 34.0642294921875, "noise_cost": 31.711600766615398, "n_waypoints_completed": 9, "tot_waypoints": 9}}
{"target": -184.50272249521083, "params": {"k_pid_pos": [1.0031316701085804, 0.024859491386256316, 0.40092638265648595], "k_pid_alt": [1.2679502233621702, 0.0, 0.06527723447865985], "k_pid_att": [24.0942673894178, 3.7802132718527557, 0.8792759721912583], "k_pid_yaw": [0.5, 1e-06, 0.1], "k_pid_hsp": [0.09847755819799779, 0.011264223901387349, 0.0], "k_pid_vsp": [292.94687076665593, 307.0029666248519, 62.564861685850005]}, "datetime": {"datetime": "2025-08-11 20:56:28", "elapsed": 16268.329850912094, "delta": 17.775189638137817}, "costs": {"total_cost": 184.50272249521083, "time_cost": 70.644, "final_distance_cost": 1.829104376330729, "oscillation_cost": 25.622620518994342, "completition_cost": 0.0, "overshoot_cost": 50.75529124833991, "power_cost": 18.076365515136718, "noise_cost": 17.575340836409108, "n_waypoints_completed": 9, "tot_waypoints": 9}}
{"target": -184.50272249521083, "params": {"k_pid_pos": [1.0031316701085804, 0.024859491386256316, 0.40092638265648595], "k_pid_alt": [1.2679502233621702, 0.0, 0.06527723447865985], "k_pid_att": [24.0942673894178, 3.7802132718527557, 0.8792759721912583], "k_pid_yaw": [0.5, 1e-06, 0.1], "k_pid_hsp": [0.09847755819799779, 0.011264223901387349, 0.0], "k_pid_vsp": [292.94687076665593, 307.0029666248519, 62.564861685850005]}, "datetime": {"datetime": "2025-08-11 20:56:46", "elapsed": 16285.846610069275, "delta": 17.516759157180786}, "costs": {"total_cost": 184.50272249521083, "time_cost": 70.644, "final_distance_cost": 1.829104376330729, "oscillation_cost": 25.622620518994342, "completition_cost": 0.0, "overshoot_cost": 50.75529124833991, "power_cost": 18.076365515136718, "noise_cost": 17.575340836409108, "n_waypoints_completed": 9, "tot_waypoints": 9}}
{"target": -184.57075292658828, "params": {"k_pid_pos": [1.0031316701085804, 0.024859491386256316, 0.40092638265648595], "k_pid_alt": [1.2679502233621702, 0.0, 0.06527723447865985], "k_pid_att": [24.0942673894178, 0.18205753750414305, 0.8792759721912583], "k_pid_yaw": [0.5, 1e-06, 0.1], "k_pid_hsp": [0.09847755819799779, 0.011264223901387349, 0.0], "k_pid_vsp": [292.94687076665593, 307.0029666248519, 62.564861685850005]}, "datetime": {"datetime": "2025-08-11 20:57:03", "elapsed": 16303.158210277557, "delta": 17.31160020828247}, "costs": {"total_cost": 184.57075292658828, "time_cost": 70.63, "final_distance_cost": 1.8307316328506358, "oscillation_cost": 25.35640013277763, "completition_cost": 0.0, "overshoot_cost": 51.06020532799305, "power_cost": 18.050848767089846, "noise_cost": 17.642567065877117, "n_waypoints_completed": 9, "tot_waypoints": 9}}
