{"target": -1651.0787899618372, "params": {"k_pid_pos": [1.0031316701085804, 0.8604971862547511, 0.40092638265648595], "k_pid_alt": [1.7297729984189598, 0.0, 0.06527723447865985], "k_pid_att": [69.11861289824857, 5.859554809351448, 0.666719676683535], "k_pid_yaw": [0.5, 1e-06, 0.1], "k_pid_hsp": [0.09847755819799779, 0.011264223901387349, 0.3116024260922369], "k_pid_vsp": [264.9966777379314, 307.0029666248519, 21.011196465382298]}, "datetime": {"datetime": "2025-08-12 02:11:17", "elapsed": 35156.57188105583, "delta": 32.76972937583923}, "costs": {"total_cost": 1651.0787899618372, "time_cost": 150, "final_distance_cost": 41.43904171239401, "oscillation_cost": 720.8141826012597, "completition_cost": 555.5555555555555, "overshoot_cost": 121.5454961500976, "power_cost": 34.39708558349609, "noise_cost": 27.327428359034332, "n_waypoints_completed": 4, "tot_waypoints": 9}}
{"target": -183.70064920755323, "params": {"k_pid_pos": [1.0031316701085804, 0.024859491386256316, 0.40092638265648595], "k_pid_alt": [1.7297729984189598, 0.0, 0.06527723447865985], "k_pid_att": [37.12179941719916, 5.859554809351448, 0.666719676683535], "k_pid_yaw": [0.5, 1e-06, 0.1], "k_pid_hsp": [0.09847755819799779, 0.011264223901387349, 0.0], "k_pid_vsp": [264.9966777379314, 307.0029666248519, 21.011196465382298]}, "datetime": {"datetime": "2025-08-12 02:11:35", "elapsed": 35174.907808065414, "delta": 18.33592700958252}, "costs": {"total_cost": 183.70064920755323, "time_cost": 70.063, "final_distance_cost": 1.8269137125583466, "oscillation_cost": 25.990425061704375, "completition_cost": 0.0, "overshoot_cost": 50.38963089585039, "power_cost": 17.882403076171876, "noise_cost": 17.54827646126825, "n_waypoints_completed": 9, "tot_waypoints": 9}}
{"target": -184.474073457381, "params": {"k_pid_pos": [1.0031316701085804, 0.024859491386256316, 0.40092638265648595], "k_pid_alt": [1.7297729984189598, 0.0, 0.06527723447865985], "k_pid_att": [37.12179941719916, 5.859554809351448, 0.666719676683535], "k_pid_yaw": [0.5, 1e-06, 0.1], "k_pid_hsp": [0.09847755819799779, 0.011264223901387349, 0.0], "k_pid_vsp": [264.9966777379314, 358.1213955104046, 21.011196465382298]}, "datetime": {"datetime": "2025-08-12 02:11:52", "elapsed": 35192.3176009655, "delta": 17.40979290008545}, "costs": {"total_cost": 184.474073457381, "time_cost": 70.049, "final_distance_cost": 1.831061356729077, "oscillation_cost": 26.083385467616548, "completition_cost": 0.0, "overshoot_cost": 50.62338840434156, "power_cost": 18.141319360351563, "noise_cost": 17.745918868342248, "n_waypoints_completed": 9, "tot_waypoints": 9}}
{"target": -187.51569018280236, "params": {"k_pid_pos": [1.0031316701085804, 0.024859491386256316, 0.40092638265648595], "k_pid_alt": [1.7297729984189598, 0.0, 0.06527723447865985], "k_pid_att": [92.532430894659, 3.2931611945007657, 0.10072849482906354], "k_pid_yaw": [0.5, 1e-06, 0.1], "k_pid_hsp": [0.09847755819799779, 0.011264223901387349, 0.0], "k_pid_vsp": [264.9966777379314, 307.0029666248519, 21.011196465382298]}, "datetime": {"datetime": "2025-08-12 02:12:11", "elapsed": 35210.62038421631, "delta": 18.302783250808716}, "costs": {"total_cost": 187.51569018280236, "time_cost": 70.231, "final_distance_cost": 1.8161645093511078, "oscillation_cost": 28.633465835643722, "completition_cost": 0.0, "overshoot_cost": 51.03332115896192, "power_cost": 18.034069213867188, "noise_cost": 17.767669464978425, "n_waypoints_completed": 9, "tot_waypoints": 9}}
{"target": -876.374418204941, "params": {"k_pid_pos": [0.13623990408938025, 0.024859491386256316, 0.40092638265648595], "k_pid_alt": [1.7297729984189598, 0.7294692830881829, 0.02282466901291924], "k_pid_att": [32.194164172814396, 5.859554809351448, 0.666719676683535], "k_pid_yaw": [0.5, 1e-06, 0.1], "k_pid_hsp": [0.09847755819799779, 0.011264223901387349, 0.0], "k_pid_vsp": [131.89521188480865, 307.0029666248519, 53.79072452004026]}, "datetime": {"datetime": "2025-08-12 02:12:42", "elapsed": 35241.623760700226, "delta": 31.003376483917236}, "costs": {"total_cost": 876.374418204941, "time_cost": 150, "final_distance_cost": 45.57793859026929, "oscillation_cost": 6.880733902027093, "completition_cost": 555.5555555555555, "overshoot_cost": 62.589703859093, "power_cost": 29.370207751464847, "noise_cost": 26.400278546531197, "n_waypoints_completed": 4, "tot_waypoints": 9}}
{"target": -184.6618734007325, "params": {"k_pid_pos": [1.0031316701085804, 0.024859491386256316, 0.40092638265648595], "k_pid_alt": [1.7297729984189598, 0.0, 0.06527723447865985], "k_pid_att": [54.227890723214855, 5.859554809351448, 0.666719676683535], "k_pid_yaw": [0.5, 1e-06, 0.1], "k_pid_hsp": [0.09847755819799779, 0.011264223901387349, 0.0], "k_pid_vsp": [182.43953563434863, 307.0029666248519, 21.011196465382298]}, "datetime": {"datetime": "2025-08-12 02:13:00", "elapsed": 35259.75458216667, "delta": 18.130821466445923}, "costs": {"total_cost": 184.6618734007325, "time_cost": 70.133, "final_distance_cost": 1.8366046588315228, "oscillation_cost": 26.333242835165482, "completition_cost": 0.0, "overshoot_cost": 50.45746612250132, "power_cost": 18.18250596923828, "noise_cost": 17.71905381499591, "n_waypoints_completed": 9, "tot_waypoints": 9}}
{"target": -183.93478789374018, "params": {"k_pid_pos": [1.0031316701085804, 0.024859491386256316, 0.40092638265648595], "k_pid_alt": [1.7297729984189598, 0.0, 0.06527723447865985], "k_pid_att": [11.329609997636037, 6.043751783864618, 0.666719676683535], "k_pid_yaw": [0.5, 1e-06, 0.1], "k_pid_hsp": [0.09847755819799779, 0.011264223901387349, 0.0], "k_pid_vsp": [264.9966777379314, 140.03862743104432, 2.77343605205192]}, "datetime": {"datetime": "2025-08-12 02:13:17", "elapsed": 35277.23963189125, "delta": 17.485049724578857}, "costs": {"total_cost": 183.93478789374018, "time_cost": 70.035, "final_distance_cost": 1.8169231651066686, "oscillation_cost": 26.357318446432025, "completition_cost": 0.0, "overshoot_cost": 50.60132175635442, "power_cost": 14.239214794921876, "noise_cost": 20.885009730925177, "n_waypoints_completed": 9, "tot_waypoints": 9}}
{"target": -195.61558585601307, "params": {"k_pid_pos": [1.0031316701085804, 0.024859491386256316, 0.40092638265648595], "k_pid_alt": [1.7297729984189598, 0.9576242210153021, 0.06527723447865985], "k_pid_att": [70.55318086990701, 6.396008733820776, 0.666719676683535], "k_pid_yaw": [0.5, 1e-06, 0.1], "k_pid_hsp": [0.09847755819799779, 0.011264223901387349, 0.0], "k_pid_vsp": [328.93714994687633, 307.0029666248519, 2.77343605205192]}, "datetime": {"datetime": "2025-08-12 02:13:37", "elapsed": 35297.243931770325, "delta": 20.004299879074097}, "costs": {"total_cost": 195.61558585601307, "time_cost": 77.049, "final_distance_cost": 1.8109677081177256, "oscillation_cost": 27.601164096952484, "completition_cost": 0.0, "overshoot_cost": 52.15973204037267, "power_cost": 15.427795080566407, "noise_cost": 21.56692693000378, "n_waypoints_completed": 9, "tot_waypoints": 9}}
{"target": -466.41291425765917, "params": {"k_pid_pos": [1.0031316701085804, 0.9973165502364121, 0.40092638265648595], "k_pid_alt": [1.7297729984189598, 0.0, 0.02282466901291924], "k_pid_att": [30.01335581347805, 5.859554809351448, 0.666719676683535], "k_pid_yaw": [0.5, 1e-06, 0.1], "k_pid_hsp": [0.09847755819799779, 0.011264223901387349, 0.0], "k_pid_vsp": [264.9966777379314, 307.0029666248519, 21.011196465382298]}, "datetime": {"datetime": "2025-08-12 02:14:08", "elapsed": 35328.130460977554, "delta": 30.886529207229614}, "costs": {"total_cost": 466.41291425765917, "time_cost": 150, "final_distance_cost": 27.9972535881265, "oscillation_cost": 54.0242803311121, "completition_cost": 111.11111111111116, "overshoot_cost": 61.032886834961936, "power_cost": 32.155787524414066, "noise_cost": 30.091594867933456, "n_waypoints_completed": 8, "tot_waypoints": 9}}
{"target": -184.2998460277501, "params": {"k_pid_pos": [1.0031316701085804, 0.024859491386256316, 0.33905951301659876], "k_pid_alt": [1.7297729984189598, 0.0, 0.15791560522360282], "k_pid_att": [37.12179941719916, 5.859554809351448, 0.666719676683535], "k_pid_yaw": [0.5, 1e-06, 0.1], "k_pid_hsp": [0.09847755819799779, 0.011264223901387349, 0.0], "k_pid_vsp": [264.9966777379314, 307.0029666248519, 21.011196465382298]}, "datetime": {"datetime": "2025-08-12 02:14:26", "elapsed": 35345.72292470932, "delta": 17.592463731765747}, "costs": {"total_cost": 184.2998460277501, "time_cost": 69.909, "final_distance_cost": 1.8269649094063918, "oscillation_cost": 26.32107427600752, "completition_cost": 0.0, "overshoot_cost": 50.52575363387116, "power_cost": 18.094163085937502, "noise_cost": 17.62289012252751, "n_waypoints_completed": 9, "tot_waypoints": 9}}
{"target": -183.70064920755323, "params": {"k_pid_pos": [1.0031316701085804, 0.024859491386256316, 0.40092638265648595], "k_pid_alt": [1.7297729984189598, 0.0, 0.06527723447865985], "k_pid_att": [37.12179941719916, 5.859554809351448, 0.666719676683535], "k_pid_yaw": [0.5, 1e-06, 0.1], "k_pid_hsp": [0.09847755819799779, 0.011264223901387349, 0.0], "k_pid_vsp": [264.9966777379314, 307.0029666248519, 21.011196465382298]}, "datetime": {"datetime": "2025-08-12 02:14:45", "elapsed": 35364.48157000542, "delta": 18.7586452960968}, "costs": {"total_cost": 183.70064920755323, "time_cost": 70.063, "final_distance_cost": 1.8269137125583466, "oscillation_cost": 25.990425061704375, "completition_cost": 0.0, "overshoot_cost": 50.38963089585039, "power_cost": 17.882403076171876, "noise_cost": 17.54827646126825, "n_waypoints_completed": 9, "tot_waypoints": 9}}
{"target": -184.93959028006032, "params": {"k_pid_pos": [1.0031316701085804, 0.024859491386256316, 0.40092638265648595], "k_pid_alt": [1.7297729984189598, 0.0, 0.23086984934879706], "k_pid_att": [54.227890723214855, 5.859554809351448, 0.3529475069797985], "k_pid_yaw": [0.5, 1e-06, 0.1], "k_pid_hsp": [0.09847755819799779, 0.011264223901387349, 0.0], "k_pid_vsp": [264.9966777379314, 289.9420907665546, 16.252805564631274]}, "datetime": {"datetime": "2025-08-12 02:15:02", "elapsed": 35382.33945918083, "delta": 17.85788917541504}, "costs": {"total_cost": 184.93959028006032, "time_cost": 70.182, "final_distance_cost": 1.8167077260611393, "oscillation_cost": 26.345317502637972, "completition_cost": 0.0, "overshoot_cost": 50.63614504091389, "power_cost": 18.13365739746094, "noise_cost": 17.82576261298637, "n_waypoints_completed": 9, "tot_waypoints": 9}}
{"target": -183.9425733545629, "params": {"k_pid_pos": [1.0031316701085804, 0.024859491386256316, 0.40092638265648595], "k_pid_alt": [1.7297729984189598, 0.0, 0.15791560522360282], "k_pid_att": [37.12179941719916, 5.859554809351448, 0.666719676683535], "k_pid_yaw": [0.5, 1e-06, 0.1], "k_pid_hsp": [0.09847755819799779, 0.011264223901387349, 0.0], "k_pid_vsp": [264.9966777379314, 307.0029666248519, 21.011196465382298]}, "datetime": {"datetime": "2025-08-12 02:15:21", "elapsed": 35400.46198153496, "delta": 18.122522354125977}, "costs": {"total_cost": 183.9425733545629, "time_cost": 70.112, "final_distance_cost": 1.820299189050532, "oscillation_cost": 26.16227171776418, "completition_cost": 0.0, "overshoot_cost": 50.51208116652364, "power_cost": 17.846282556152346, "noise_cost": 17.489638725072197, "n_waypoints_completed": 9, "tot_waypoints": 9}}
{"target": -183.80606818996455, "params": {"k_pid_pos": [1.0031316701085804, 0.024859491386256316, 0.40092638265648595], "k_pid_alt": [1.7297729984189598, 0.0, 0.02282466901291924], "k_pid_att": [32.194164172814396, 5.859554809351448, 0.666719676683535], "k_pid_yaw": [0.5, 1e-06, 0.1], "k_pid_hsp": [0.09847755819799779, 0.011264223901387349, 0.0], "k_pid_vsp": [264.9966777379314, 307.0029666248519, 21.011196465382298]}, "datetime": {"datetime": "2025-08-12 02:15:38", "elapsed": 35418.06664323807, "delta": 17.60466170310974}, "costs": {"total_cost": 183.80606818996455, "time_cost": 70.049, "final_distance_cost": 1.8328616209629816, "oscillation_cost": 26.018850336716934, "completition_cost": 0.0, "overshoot_cost": 50.11739868466329, "power_cost": 18.087833264160157, "noise_cost": 17.700124283461154, "n_waypoints_completed": 9, "tot_waypoints": 9}}
{"target": -183.9425733545629, "params": {"k_pid_pos": [1.0031316701085804, 0.024859491386256316, 0.40092638265648595], "k_pid_alt": [1.7297729984189598, 0.0, 0.15791560522360282], "k_pid_att": [37.12179941719916, 5.859554809351448, 0.666719676683535], "k_pid_yaw": [0.5, 1e-06, 0.1], "k_pid_hsp": [0.09847755819799779, 0.011264223901387349, 0.0], "k_pid_vsp": [264.9966777379314, 307.0029666248519, 21.011196465382298]}, "datetime": {"datetime": "2025-08-12 02:15:57", "elapsed": 35436.386591911316, "delta": 18.31994867324829}, "costs": {"total_cost": 183.9425733545629, "time_cost": 70.112, "final_distance_cost": 1.820299189050532, "oscillation_cost": 26.16227171776418, "completition_cost": 0.0, "overshoot_cost": 50.51208116652364, "power_cost": 17.846282556152346, "noise_cost": 17.489638725072197, "n_waypoints_completed": 9, "tot_waypoints": 9}}
{"target": -193.0444148186503, "params": {"k_pid_pos": [1.0031316701085804, 0.024859491386256316, 0.40092638265648595], "k_pid_alt": [0.9229830459671018, 0.0, 0.06527723447865985], "k_pid_att": [37.12179941719916, 5.859554809351448, 0.1273844557339736], "k_pid_yaw": [0.5, 1e-06, 0.1], "k_pid_hsp": [0.09847755819799779, 0.011264223901387349, 0.0], "k_pid_vsp": [264.9966777379314, 307.0029666248519, 106.04500360064405]}, "datetime": {"datetime": "2025-08-12 02:16:16", "elapsed": 35456.00715923309, "delta": 19.620567321777344}, "costs": {"total_cost": 193.0444148186503, "time_cost": 74.543, "final_distance_cost": 1.8273972295544496, "oscillation_cost": 26.299765382555194, "completition_cost": 0.0, "overshoot_cost": 52.99697976814323, "power_cost": 19.32396844482422, "noise_cost": 18.053303993573188, "n_waypoints_completed": 9, "tot_waypoints": 9}}
{"target": -184.56446453393127, "params": {"k_pid_pos": [1.0031316701085804, 0.024859491386256316, 0.40092638265648595], "k_pid_alt": [1.7297729984189598, 0.0, 0.06527723447865985], "k_pid_att": [11.329609997636037, 6.043751783864618, 0.666719676683535], "k_pid_yaw": [0.5, 1e-06, 0.1], "k_pid_hsp": [0.09847755819799779, 0.011264223901387349, 0.0], "k_pid_vsp": [264.9966777379314, 307.0029666248519, 21.011196465382298]}, "datetime": {"datetime": "2025-08-12 02:16:34", "elapsed": 35473.86850523949, "delta": 17.861346006393433}, "costs": {"total_cost": 184.56446453393127, "time_cost": 69.979, "final_distance_cost": 1.819592516370627, "oscillation_cost": 26.765692854397056, "completition_cost": 0.0, "overshoot_cost": 50.53799777264751, "power_cost": 17.93216004638672, "noise_cost": 17.530021344129352, "n_waypoints_completed": 9, "tot_waypoints": 9}}
{"target": -591.7948769153035, "params": {"k_pid_pos": [1.0031316701085804, 0.024859491386256316, 0.40092638265648595], "k_pid_alt": [1.7297729984189598, 0.0, 0.06527723447865985], "k_pid_att": [11.329609997636037, 6.043751783864618, 0.666719676683535], "k_pid_yaw": [0.5, 1e-06, 0.1], "k_pid_hsp": [0.09847755819799779, 0.6045192319021863, 0.0], "k_pid_vsp": [264.9966777379314, 48.06763425672753, 21.011196465382298]}, "datetime": {"datetime": "2025-08-12 02:17:05", "elapsed": 35504.643637657166, "delta": 30.775132417678833}, "costs": {"total_cost": 591.7948769153035, "time_cost": 150, "final_distance_cost": 68.39359147266377, "oscillation_cost": 131.94907024042368, "completition_cost": 111.11111111111116, "overshoot_cost": 61.643765308929424, "power_cost": 35.40878233642578, "noise_cost": 33.288556445749606, "n_waypoints_completed": 8, "tot_waypoints": 9}}
{"target": -194.30324315893304, "params": {"k_pid_pos": [1.0031316701085804, 0.024859491386256316, 0.40092638265648595], "k_pid_alt": [1.7297729984189598, 0.8410147302395798, 0.02282466901291924], "k_pid_att": [32.194164172814396, 5.859554809351448, 0.666719676683535], "k_pid_yaw": [0.5, 1e-06, 0.1], "k_pid_hsp": [0.09847755819799779, 0.011264223901387349, 0.0], "k_pid_vsp": [264.9966777379314, 307.0029666248519, 21.011196465382298]}, "datetime": {"datetime": "2025-08-12 02:17:24", "elapsed": 35524.24080109596, "delta": 19.597163438796997}, "costs": {"total_cost": 194.30324315893304, "time_cost": 75.754, "final_distance_cost": 1.7863311775542154, "oscillation_cost": 27.30702968146494, "completition_cost": 0.0, "overshoot_cost": 52.13763831023338, "power_cost": 19.227609033203127, "noise_cost": 18.090634956477363, "n_waypoints_completed": 9, "tot_waypoints": 9}}
{"target": -183.80606818996455, "params": {"k_pid_pos": [1.0031316701085804, 0.024859491386256316, 0.40092638265648595], "k_pid_alt": [1.7297729984189598, 0.0, 0.02282466901291924], "k_pid_att": [32.194164172814396, 5.859554809351448, 0.666719676683535], "k_pid_yaw": [0.5, 1e-06, 0.1], "k_pid_hsp": [0.09847755819799779, 0.011264223901387349, 0.0], "k_pid_vsp": [264.9966777379314, 307.0029666248519, 21.011196465382298]}, "datetime": {"datetime": "2025-08-12 02:17:42", "elapsed": 35542.17802500725, "delta": 17.9372239112854}, "costs": {"total_cost": 183.80606818996455, "time_cost": 70.049, "final_distance_cost": 1.8328616209629816, "oscillation_cost": 26.018850336716934, "completition_cost": 0.0, "overshoot_cost": 50.11739868466329, "power_cost": 18.087833264160157, "noise_cost": 17.700124283461154, "n_waypoints_completed": 9, "tot_waypoints": 9}}
{"target": -250.64849352605594, "params": {"k_pid_pos": [1.0031316701085804, 0.024859491386256316, 0.40092638265648595], "k_pid_alt": [1.7297729984189598, 0.0, 0.06527723447865985], "k_pid_att": [37.12179941719916, 5.859554809351448, 0.20229419379053937], "k_pid_yaw": [0.5, 1e-06, 0.1], "k_pid_hsp": [0.09847755819799779, 0.23222683524705579, 0.0], "k_pid_vsp": [264.9966777379314, 307.0029666248519, 21.011196465382298]}, "datetime": {"datetime": "2025-08-12 02:18:03", "elapsed": 35562.80639505386, "delta": 20.6283700466156}, "costs": {"total_cost": 250.64849352605594, "time_cost": 78.106, "final_distance_cost": 1.8480353138897248, "oscillation_cost": 75.59428853958327, "completition_cost": 0.0, "overshoot_cost": 52.06196534650727, "power_cost": 21.577960803222656, "noise_cost": 21.460243522853023, "n_waypoints_completed": 9, "tot_waypoints": 9}}
{"target": -212.88674380486674, "params": {"k_pid_pos": [1.0031316701085804, 0.6483051007679832, 0.40092638265648595], "k_pid_alt": [1.7297729984189598, 0.0, 0.06527723447865985], "k_pid_att": [37.12179941719916, 5.859554809351448, 0.666719676683535], "k_pid_yaw": [0.5, 1e-06, 0.1], "k_pid_hsp": [0.09847755819799779, 0.011264223901387349, 0.0], "k_pid_vsp": [131.89521188480865, 307.0029666248519, 75.33060670822715]}, "datetime": {"datetime": "2025-08-12 02:18:24", "elapsed": 35584.18992614746, "delta": 21.383531093597412}, "costs": {"total_cost": 212.88674380486674, "time_cost": 83.055, "final_distance_cost": 1.754418067278935, "oscillation_cost": 33.39834921029097, "completition_cost": 0.0, "overshoot_cost": 53.57060456370069, "power_cost": 21.510186596679688, "noise_cost": 19.59818536691646, "n_waypoints_completed": 9, "tot_waypoints": 9}}
{"target": -183.53649260238842, "params": {"k_pid_pos": [1.0031316701085804, 0.024859491386256316, 0.40092638265648595], "k_pid_alt": [1.7297729984189598, 0.0, 0.06527723447865985], "k_pid_att": [54.227890723214855, 5.859554809351448, 0.666719676683535], "k_pid_yaw": [0.5, 1e-06, 0.1], "k_pid_hsp": [0.09847755819799779, 0.011264223901387349, 0.0], "k_pid_vsp": [264.9966777379314, 140.03862743104432, 2.77343605205192]}, "datetime": {"datetime": "2025-08-12 02:18:42", "elapsed": 35601.63455057144, "delta": 17.444624423980713}, "costs": {"total_cost": 183.53649260238842, "time_cost": 70.182, "final_distance_cost": 1.8157228574093423, "oscillation_cost": 25.80330890253672, "completition_cost": 0.0, "overshoot_cost": 50.51887842229217, "power_cost": 14.2017048828125, "noise_cost": 21.01487753733769, "n_waypoints_completed": 9, "tot_waypoints": 9}}
{"target": -183.64001715417484, "params": {"k_pid_pos": [1.0031316701085804, 0.024859491386256316, 0.40092638265648595], "k_pid_alt": [1.7297729984189598, 0.0, 0.06527723447865985], "k_pid_att": [37.12179941719916, 2.8503329366774977, 0.666719676683535], "k_pid_yaw": [0.5, 1e-06, 0.1], "k_pid_hsp": [0.09847755819799779, 0.011264223901387349, 0.0], "k_pid_vsp": [264.9966777379314, 307.0029666248519, 21.011196465382298]}, "datetime": {"datetime": "2025-08-12 02:18:59", "elapsed": 35619.35992527008, "delta": 17.725374698638916}, "costs": {"total_cost": 183.64001715417484, "time_cost": 70.077, "final_distance_cost": 1.8282288821562778, "oscillation_cost": 25.90473801137338, "completition_cost": 0.0, "overshoot_cost": 50.224048772488736, "power_cost": 17.955333911132815, "noise_cost": 17.65066757702363, "n_waypoints_completed": 9, "tot_waypoints": 9}}
{"target": -183.70064920755323, "params": {"k_pid_pos": [1.0031316701085804, 0.024859491386256316, 0.40092638265648595], "k_pid_alt": [1.7297729984189598, 0.0, 0.06527723447865985], "k_pid_att": [37.12179941719916, 5.859554809351448, 0.666719676683535], "k_pid_yaw": [0.5, 1e-06, 0.1], "k_pid_hsp": [0.09847755819799779, 0.011264223901387349, 0.0], "k_pid_vsp": [264.9966777379314, 307.0029666248519, 21.011196465382298]}, "datetime": {"datetime": "2025-08-12 02:19:17", "elapsed": 35637.009850502014, "delta": 17.649925231933594}, "costs": {"total_cost": 183.70064920755323, "time_cost": 70.063, "final_distance_cost": 1.8269137125583466, "oscillation_cost": 25.990425061704375, "completition_cost": 0.0, "overshoot_cost": 50.38963089585039, "power_cost": 17.882403076171876, "noise_cost": 17.54827646126825, "n_waypoints_completed": 9, "tot_waypoints": 9}}
