{"target": -271.2880765703065, "params": {"k_pid_pos": [1.0031316701085804, 0.024859491386256316, 0.40092638265648595], "k_pid_alt": [1.7297729984189598, 0.0, 0.03027788721554503], "k_pid_att": [10.85276784655954, 1.4953935029224072, 0.666719676683535], "k_pid_yaw": [0.5, 1e-06, 0.1], "k_pid_hsp": [0.09847755819799779, 0.9096432186945209, 0.13829034581553945], "k_pid_vsp": [394.6113025542496, 304.1795245652576, 12.527173717198536]}, "datetime": {"datetime": "2025-08-12 05:59:15", "elapsed": 48834.75516581535, "delta": 20.634032726287842}, "costs": {"total_cost": 271.2880765703065, "time_cost": 80.164, "final_distance_cost": 1.7888422409579996, "oscillation_cost": 89.20628042041193, "completition_cost": 0.0, "overshoot_cost": 54.73584909709091, "power_cost": 23.523717041015626, "noise_cost": 21.86938777082998, "n_waypoints_completed": 9, "tot_waypoints": 9}}
{"target": -186.06339599001373, "params": {"k_pid_pos": [1.0031316701085804, 0.024859491386256316, 0.40092638265648595], "k_pid_alt": [0.8737548644081292, 0.0, 0.06527723447865985], "k_pid_att": [74.86132892719988, 2.771467938851939, 0.666719676683535], "k_pid_yaw": [0.5, 1e-06, 0.1], "k_pid_hsp": [0.09847755819799779, 0.011264223901387349, 0.0], "k_pid_vsp": [264.9966777379314, 304.1795245652576, 2.77343605205192]}, "datetime": {"datetime": "2025-08-12 05:59:36", "elapsed": 48855.558143138885, "delta": 20.802977323532104}, "costs": {"total_cost": 186.06339599001373, "time_cost": 72.072, "final_distance_cost": 1.817887376560374, "oscillation_cost": 25.982468424194803, "completition_cost": 0.0, "overshoot_cost": 50.57857634177568, "power_cost": 14.53758182373047, "noise_cost": 21.0748820237524, "n_waypoints_completed": 9, "tot_waypoints": 9}}
{"target": -190.7360631818345, "params": {"k_pid_pos": [1.0031316701085804, 0.024859491386256316, 0.40092638265648595], "k_pid_alt": [1.7297729984189598, 0.5603304823292007, 0.03027788721554503], "k_pid_att": [10.85276784655954, 1.4953935029224072, 0.666719676683535], "k_pid_yaw": [0.5, 1e-06, 0.1], "k_pid_hsp": [0.09847755819799779, 0.011264223901387349, 0.0], "k_pid_vsp": [264.9966777379314, 304.1795245652576, 2.77343605205192]}, "datetime": {"datetime": "2025-08-12 05:59:55", "elapsed": 48874.414533376694, "delta": 18.856390237808228}, "costs": {"total_cost": 190.7360631818345, "time_cost": 74.921, "final_distance_cost": 1.8059712900690785, "oscillation_cost": 26.881719831578867, "completition_cost": 0.0, "overshoot_cost": 51.2944961135882, "power_cost": 14.712195288085939, "noise_cost": 21.120680658512413, "n_waypoints_completed": 9, "tot_waypoints": 9}}
{"target": -1457.3281568485702, "params": {"k_pid_pos": [0.820988891656435, 0.024859491386256316, 0.40092638265648595], "k_pid_alt": [0.9020104990244227, 0.0, 0.03027788721554503], "k_pid_att": [10.85276784655954, 1.4953935029224072, 0.666719676683535], "k_pid_yaw": [0.5, 1e-06, 0.1], "k_pid_hsp": [0.09847755819799779, 0.011264223901387349, 0.0], "k_pid_vsp": [264.9966777379314, 304.1795245652576, 286.57010988049694]}, "datetime": {"datetime": "2025-08-12 06:00:27", "elapsed": 48906.44185423851, "delta": 32.027320861816406}, "costs": {"total_cost": 1457.3281568485702, "time_cost": 150, "final_distance_cost": 0.9983064186022453, "oscillation_cost": 3.0687767035354097, "completition_cost": 1000.0, "overshoot_cost": 162.63815076858856, "power_cost": 29.286143945312503, "noise_cost": 111.33677901253138, "n_waypoints_completed": 0, "tot_waypoints": 9}}
{"target": -251.4076947143653, "params": {"k_pid_pos": [1.0031316701085804, 0.024859491386256316, 0.40092638265648595], "k_pid_alt": [1.7297729984189598, 0.0, 0.06527723447865985], "k_pid_att": [10.85276784655954, 1.4953935029224072, 0.666719676683535], "k_pid_yaw": [0.5, 1e-06, 0.1], "k_pid_hsp": [0.09847755819799779, 0.011264223901387349, 0.1118989033410478], "k_pid_vsp": [383.0958896243158, 304.1795245652576, 2.77343605205192]}, "datetime": {"datetime": "2025-08-12 06:00:46", "elapsed": 48925.90070319176, "delta": 19.45884895324707}, "costs": {"total_cost": 251.4076947143653, "time_cost": 79.772, "final_distance_cost": 1.833865672630988, "oscillation_cost": 73.56480340112566, "completition_cost": 0.0, "overshoot_cost": 54.75843271692007, "power_cost": 18.775614843750002, "noise_cost": 22.702978079938582, "n_waypoints_completed": 9, "tot_waypoints": 9}}
{"target": -223.38258743709434, "params": {"k_pid_pos": [1.0031316701085804, 0.9167879101783033, 0.40092638265648595], "k_pid_alt": [1.7297729984189598, 0.0, 0.06527723447865985], "k_pid_att": [10.85276784655954, 1.4953935029224072, 0.666719676683535], "k_pid_yaw": [0.5, 1e-06, 0.1], "k_pid_hsp": [7.526622201336775, 0.011264223901387349, 0.0], "k_pid_vsp": [264.9966777379314, 304.1795245652576, 2.77343605205192]}, "datetime": {"datetime": "2025-08-12 06:01:09", "elapsed": 48949.05218863487, "delta": 23.151485443115234}, "costs": {"total_cost": 223.38258743709434, "time_cost": 82.313, "final_distance_cost": 1.7406086092752546, "oscillation_cost": 43.510464748580155, "completition_cost": 0.0, "overshoot_cost": 53.02243421924237, "power_cost": 18.228528454589846, "noise_cost": 24.567551405406697, "n_waypoints_completed": 9, "tot_waypoints": 9}}
{"target": -183.8190386014511, "params": {"k_pid_pos": [1.0031316701085804, 0.024859491386256316, 0.40092638265648595], "k_pid_alt": [1.7297729984189598, 0.0, 0.03027788721554503], "k_pid_att": [9.353998950407705, 1.2169696906303682, 0.666719676683535], "k_pid_yaw": [0.5, 1e-06, 0.1], "k_pid_hsp": [0.09847755819799779, 0.011264223901387349, 0.0], "k_pid_vsp": [103.0527854068954, 304.1795245652576, 2.77343605205192]}, "datetime": {"datetime": "2025-08-12 06:01:27", "elapsed": 48966.51416158676, "delta": 17.461972951889038}, "costs": {"total_cost": 183.8190386014511, "time_cost": 69.923, "final_distance_cost": 1.8330491996862979, "oscillation_cost": 26.39874167184214, "completition_cost": 0.0, "overshoot_cost": 50.68568719355048, "power_cost": 14.377133996582032, "noise_cost": 20.601426539790182, "n_waypoints_completed": 9, "tot_waypoints": 9}}
{"target": -804.9264829504443, "params": {"k_pid_pos": [1.0031316701085804, 0.024859491386256316, 0.19730102139317784], "k_pid_alt": [1.3888149624867963, 0.0, 0.06527723447865985], "k_pid_att": [10.85276784655954, 1.4953935029224072, 0.666719676683535], "k_pid_yaw": [0.5, 1e-06, 0.1], "k_pid_hsp": [0.09847755819799779, 0.4577334205577319, 0.0], "k_pid_vsp": [264.9966777379314, 304.1795245652576, 2.77343605205192]}, "datetime": {"datetime": "2025-08-12 06:01:59", "elapsed": 48998.566299915314, "delta": 32.052138328552246}, "costs": {"total_cost": 804.9264829504443, "time_cost": 150, "final_distance_cost": 70.28831354965034, "oscillation_cost": 119.20326039173591, "completition_cost": 333.33333333333337, "overshoot_cost": 64.02056468432406, "power_cost": 32.93214644775391, "noise_cost": 35.14886454364674, "n_waypoints_completed": 6, "tot_waypoints": 9}}
{"target": -1461.4197209853135, "params": {"k_pid_pos": [1.0031316701085804, 0.024859491386256316, 0.19730102139317784], "k_pid_alt": [1.3888149624867963, 0.0, 0.06527723447865985], "k_pid_att": [9.353998950407705, 1.2169696906303682, 0.666719676683535], "k_pid_yaw": [0.5, 1e-06, 0.1], "k_pid_hsp": [0.09847755819799779, 0.011264223901387349, 0.0], "k_pid_vsp": [103.0527854068954, 304.1795245652576, 359.84651981328983]}, "datetime": {"datetime": "2025-08-12 06:02:32", "elapsed": 49031.447469472885, "delta": 32.88116955757141}, "costs": {"total_cost": 1461.4197209853135, "time_cost": 150, "final_distance_cost": 0.9976972700327239, "oscillation_cost": 3.7121569831001118, "completition_cost": 1000.0, "overshoot_cost": 163.0626943581175, "power_cost": 29.203115832519533, "noise_cost": 114.44405654154343, "n_waypoints_completed": 0, "tot_waypoints": 9}}
{"target": -1367.6155094847754, "params": {"k_pid_pos": [1.0031316701085804, 0.024859491386256316, 0.40092638265648595], "k_pid_alt": [1.7297729984189598, 0.6447896631361855, 0.03027788721554503], "k_pid_att": [10.85276784655954, 1.4953935029224072, 0.666719676683535], "k_pid_yaw": [0.5, 1e-06, 0.1], "k_pid_hsp": [0.09847755819799779, 0.011264223901387349, 0.9189686323367625], "k_pid_vsp": [264.9966777379314, 304.1795245652576, 2.77343605205192]}, "datetime": {"datetime": "2025-08-12 06:03:06", "elapsed": 49065.525091171265, "delta": 34.07762169837952}, "costs": {"total_cost": 1367.6155094847754, "time_cost": 150, "final_distance_cost": 76.9266642068193, "oscillation_cost": 329.04842521636266, "completition_cost": 666.6666666666667, "overshoot_cost": 88.16552540177697, "power_cost": 24.368108349609376, "noise_cost": 32.440119643540385, "n_waypoints_completed": 3, "tot_waypoints": 9}}
{"target": -183.87786572992397, "params": {"k_pid_pos": [1.0031316701085804, 0.024859491386256316, 0.40092638265648595], "k_pid_alt": [1.7297729984189598, 0.0, 0.06527723447865985], "k_pid_att": [10.85276784655954, 8.164782527102767, 0.666719676683535], "k_pid_yaw": [0.5, 1e-06, 0.1], "k_pid_hsp": [0.09847755819799779, 0.011264223901387349, 0.0], "k_pid_vsp": [264.9966777379314, 304.1795245652576, 2.77343605205192]}, "datetime": {"datetime": "2025-08-12 06:03:24", "elapsed": 49083.546016693115, "delta": 18.020925521850586}, "costs": {"total_cost": 183.87786572992397, "time_cost": 69.874, "final_distance_cost": 1.8332265535026475, "oscillation_cost": 26.89550721182914, "completition_cost": 0.0, "overshoot_cost": 50.25329378509463, "power_cost": 14.243016088867188, "noise_cost": 20.778822090630374, "n_waypoints_completed": 9, "tot_waypoints": 9}}
{"target": -183.02885771051874, "params": {"k_pid_pos": [1.0031316701085804, 0.024859491386256316, 0.40092638265648595], "k_pid_alt": [1.7297729984189598, 0.0, 0.05010974591185968], "k_pid_att": [10.85276784655954, 1.4953935029224072, 0.666719676683535], "k_pid_yaw": [0.5, 1e-06, 0.1], "k_pid_hsp": [0.09847755819799779, 0.011264223901387349, 0.0], "k_pid_vsp": [264.9966777379314, 306.5653082406949, 2.77343605205192]}, "datetime": {"datetime": "2025-08-12 06:03:42", "elapsed": 49102.24817800522, "delta": 18.70216131210327}, "costs": {"total_cost": 183.02885771051874, "time_cost": 69.95100000000001, "final_distance_cost": 1.8278328338506267, "oscillation_cost": 25.811820444584832, "completition_cost": 0.0, "overshoot_cost": 50.54400424261703, "power_cost": 14.171979443359376, "noise_cost": 20.72222074610684, "n_waypoints_completed": 9, "tot_waypoints": 9}}
{"target": -183.06098429880547, "params": {"k_pid_pos": [1.0031316701085804, 0.024859491386256316, 0.40092638265648595], "k_pid_alt": [1.7297729984189598, 0.0, 0.06527723447865985], "k_pid_att": [10.85276784655954, 1.4171773283956124, 0.666719676683535], "k_pid_yaw": [0.5, 1e-06, 0.1], "k_pid_hsp": [0.09847755819799779, 0.011264223901387349, 0.0], "k_pid_vsp": [264.9966777379314, 304.1795245652576, 2.77343605205192]}, "datetime": {"datetime": "2025-08-12 06:04:00", "elapsed": 49119.471705913544, "delta": 17.223527908325195}, "costs": {"total_cost": 183.06098429880547, "time_cost": 69.97200000000001, "final_distance_cost": 1.8302957452263633, "oscillation_cost": 25.791036867341514, "completition_cost": 0.0, "overshoot_cost": 50.612051765794504, "power_cost": 14.148689892578126, "noise_cost": 20.706910027864936, "n_waypoints_completed": 9, "tot_waypoints": 9}}
{"target": -192.81085878337285, "params": {"k_pid_pos": [1.729996457732455, 0.024859491386256316, 0.027766713950817756], "k_pid_alt": [1.7297729984189598, 0.0, 0.03027788721554503], "k_pid_att": [10.85276784655954, 1.4953935029224072, 0.666719676683535], "k_pid_yaw": [0.5, 1e-06, 0.1], "k_pid_hsp": [0.09847755819799779, 0.011264223901387349, 0.0], "k_pid_vsp": [192.0752855763678, 127.91747472228406, 2.77343605205192]}, "datetime": {"datetime": "2025-08-12 06:04:19", "elapsed": 49138.48217058182, "delta": 19.010464668273926}, "costs": {"total_cost": 192.81085878337285, "time_cost": 70.028, "final_distance_cost": 1.789309449701901, "oscillation_cost": 33.683050141794894, "completition_cost": 0.0, "overshoot_cost": 51.496603582000446, "power_cost": 14.999413745117188, "noise_cost": 20.814481864758424, "n_waypoints_completed": 9, "tot_waypoints": 9}}
{"target": -209.34954327873612, "params": {"k_pid_pos": [1.2048953097984418, 0.5931963056508585, 0.40092638265648595], "k_pid_alt": [1.7297729984189598, 0.0, 0.03027788721554503], "k_pid_att": [10.85276784655954, 1.4953935029224072, 0.666719676683535], "k_pid_yaw": [0.5, 1e-06, 0.1], "k_pid_hsp": [0.09847755819799779, 0.011264223901387349, 0.0], "k_pid_vsp": [264.9966777379314, 304.1795245652576, 2.77343605205192]}, "datetime": {"datetime": "2025-08-12 06:04:40", "elapsed": 49159.895632743835, "delta": 21.413462162017822}, "costs": {"total_cost": 209.34954327873612, "time_cost": 81.44500000000001, "final_distance_cost": 1.754731407080996, "oscillation_cost": 33.108006332004244, "completition_cost": 0.0, "overshoot_cost": 52.60462056048449, "power_cost": 16.965921325683595, "noise_cost": 23.47126365348277, "n_waypoints_completed": 9, "tot_waypoints": 9}}
{"target": -216.7648813246987, "params": {"k_pid_pos": [1.0031316701085804, 0.3476693083007718, 0.40092638265648595], "k_pid_alt": [0.8737548644081292, 0.0, 0.6797860385434875], "k_pid_att": [10.85276784655954, 1.4953935029224072, 0.666719676683535], "k_pid_yaw": [0.5, 1e-06, 0.1], "k_pid_hsp": [0.09847755819799779, 0.011264223901387349, 0.0], "k_pid_vsp": [264.9966777379314, 310.89645667885657, 2.77343605205192]}, "datetime": {"datetime": "2025-08-12 06:05:03", "elapsed": 49182.98147773743, "delta": 23.08584499359131}, "costs": {"total_cost": 216.7648813246987, "time_cost": 88.144, "final_distance_cost": 1.8443193735171377, "oscillation_cost": 29.468034878439624, "completition_cost": 0.0, "overshoot_cost": 52.44964325706753, "power_cost": 17.62390595703125, "noise_cost": 27.23497785864316, "n_waypoints_completed": 9, "tot_waypoints": 9}}
{"target": -201.59315137062683, "params": {"k_pid_pos": [1.0031316701085804, 0.024859491386256316, 0.8534608306708414], "k_pid_alt": [0.8737548644081292, 0.0, 0.9073445435994871], "k_pid_att": [10.85276784655954, 6.338149104467201, 0.666719676683535], "k_pid_yaw": [0.5, 1e-06, 0.1], "k_pid_hsp": [0.09847755819799779, 0.011264223901387349, 0.0], "k_pid_vsp": [264.9966777379314, 306.5653082406949, 2.77343605205192]}, "datetime": {"datetime": "2025-08-12 06:05:25", "elapsed": 49204.95179629326, "delta": 21.97031855583191}, "costs": {"total_cost": 201.59315137062683, "time_cost": 82.614, "final_distance_cost": 1.8582748710357258, "oscillation_cost": 25.764918866578235, "completition_cost": 0.0, "overshoot_cost": 51.220402801759676, "power_cost": 16.122873181152343, "noise_cost": 24.012681650100856, "n_waypoints_completed": 9, "tot_waypoints": 9}}
{"target": -1767.9843149428468, "params": {"k_pid_pos": [1.3983757980924527, 0.024859491386256316, 0.40092638265648595], "k_pid_alt": [1.7297729984189598, 0.0, 0.06527723447865985], "k_pid_att": [74.86132892719988, 2.771467938851939, 0.666719676683535], "k_pid_yaw": [0.5, 1e-06, 0.1], "k_pid_hsp": [0.09847755819799779, 0.011264223901387349, 0.7157967701039618], "k_pid_vsp": [264.9966777379314, 304.1795245652576, 310.87328120219104]}, "datetime": {"datetime": "2025-08-12 06:05:56", "elapsed": 49235.79754829407, "delta": 30.845752000808716}, "costs": {"total_cost": 1767.9843149428468, "time_cost": 150, "final_distance_cost": 86.41641198162633, "oscillation_cost": 710.7411606252198, "completition_cost": 666.6666666666667, "overshoot_cost": 91.35080122247487, "power_cost": 34.70196177978516, "noise_cost": 28.107312667073924, "n_waypoints_completed": 3, "tot_waypoints": 9}}
{"target": -184.1891017667463, "params": {"k_pid_pos": [1.0031316701085804, 0.024859491386256316, 0.40092638265648595], "k_pid_alt": [1.7297729984189598, 0.0, 0.03027788721554503], "k_pid_att": [10.85276784655954, 9.679534059136797, 0.666719676683535], "k_pid_yaw": [0.5, 1e-06, 0.1], "k_pid_hsp": [0.09847755819799779, 0.011264223901387349, 0.0], "k_pid_vsp": [264.9966777379314, 304.1795245652576, 2.77343605205192]}, "datetime": {"datetime": "2025-08-12 06:06:15", "elapsed": 49255.07660651207, "delta": 19.27905821800232}, "costs": {"total_cost": 184.1891017667463, "time_cost": 69.853, "final_distance_cost": 1.8367163716974044, "oscillation_cost": 27.138790236476837, "completition_cost": 0.0, "overshoot_cost": 50.31685591392461, "power_cost": 14.254686279296875, "noise_cost": 20.789052965350585, "n_waypoints_completed": 9, "tot_waypoints": 9}}
{"target": -190.25341074349356, "params": {"k_pid_pos": [1.6539202065587246, 0.024859491386256316, 0.40092638265648595], "k_pid_alt": [1.7297729984189598, 0.0, 0.03027788721554503], "k_pid_att": [10.85276784655954, 1.4953935029224072, 0.666719676683535], "k_pid_yaw": [0.5, 1e-06, 0.1], "k_pid_hsp": [0.09847755819799779, 0.011264223901387349, 0.0], "k_pid_vsp": [27.820441695830667, 304.1795245652576, 2.77343605205192]}, "datetime": {"datetime": "2025-08-12 06:06:33", "elapsed": 49272.46811699867, "delta": 17.391510486602783}, "costs": {"total_cost": 190.25341074349356, "time_cost": 69.776, "final_distance_cost": 1.7586243018003365, "oscillation_cost": 32.89350297170941, "completition_cost": 0.0, "overshoot_cost": 50.589127091805096, "power_cost": 16.247000708007814, "noise_cost": 18.989155670170906, "n_waypoints_completed": 9, "tot_waypoints": 9}}
{"target": -190.458450058427, "params": {"k_pid_pos": [1.0031316701085804, 0.024859491386256316, 0.01996994222856363], "k_pid_alt": [0.9020104990244227, 0.0, 0.03027788721554503], "k_pid_att": [10.85276784655954, 1.4953935029224072, 0.666719676683535], "k_pid_yaw": [0.5, 1e-06, 0.1], "k_pid_hsp": [0.09847755819799779, 0.011264223901387349, 0.0], "k_pid_vsp": [264.9966777379314, 304.1795245652576, 2.77343605205192]}, "datetime": {"datetime": "2025-08-12 06:06:53", "elapsed": 49292.88576722145, "delta": 20.41765022277832}, "costs": {"total_cost": 190.458450058427, "time_cost": 72.842, "final_distance_cost": 1.80398280696551, "oscillation_cost": 28.76348862935296, "completition_cost": 0.0, "overshoot_cost": 50.96290011627735, "power_cost": 14.962690490722657, "noise_cost": 21.123388015108496, "n_waypoints_completed": 9, "tot_waypoints": 9}}
{"target": -1411.3206020561222, "params": {"k_pid_pos": [1.0031316701085804, 0.024859491386256316, 0.40092638265648595], "k_pid_alt": [1.7297729984189598, 0.0, 0.06527723447865985], "k_pid_att": [10.85276784655954, 2.0014291760421457, 0.666719676683535], "k_pid_yaw": [0.5, 1e-06, 0.1], "k_pid_hsp": [0.09847755819799779, 0.8686130970522099, 0.0], "k_pid_vsp": [264.9966777379314, 304.1795245652576, 380.31210303127]}, "datetime": {"datetime": "2025-08-12 06:07:25", "elapsed": 49324.51466155052, "delta": 31.628894329071045}, "costs": {"total_cost": 1411.3206020561222, "time_cost": 150, "final_distance_cost": 43.68205203047966, "oscillation_cost": 119.38668224154792, "completition_cost": 1000.0, "overshoot_cost": 27.59093560571211, "power_cost": 37.74450428466797, "noise_cost": 32.916427893714584, "n_waypoints_completed": 0, "tot_waypoints": 9}}
{"target": -185.8572299155377, "params": {"k_pid_pos": [1.0031316701085804, 0.024859491386256316, 0.6428149468543811], "k_pid_alt": [1.7297729984189598, 0.0, 0.03027788721554503], "k_pid_att": [10.85276784655954, 1.4953935029224072, 0.666719676683535], "k_pid_yaw": [0.5, 1e-06, 0.1], "k_pid_hsp": [0.09847755819799779, 0.011264223901387349, 0.0], "k_pid_vsp": [264.9966777379314, 304.1795245652576, 2.77343605205192]}, "datetime": {"datetime": "2025-08-12 06:07:43", "elapsed": 49342.78754687309, "delta": 18.2728853225708}, "costs": {"total_cost": 185.8572299155377, "time_cost": 71.58200000000001, "final_distance_cost": 1.8507289015541204, "oscillation_cost": 25.342955056001806, "completition_cost": 0.0, "overshoot_cost": 51.03671019661848, "power_cost": 14.392330249023438, "noise_cost": 21.65250551233982, "n_waypoints_completed": 9, "tot_waypoints": 9}}
{"target": -185.84811737757917, "params": {"k_pid_pos": [1.0031316701085804, 0.024859491386256316, 0.11242249713100771], "k_pid_alt": [1.7297729984189598, 0.0, 0.06527723447865985], "k_pid_att": [10.85276784655954, 1.4953935029224072, 0.666719676683535], "k_pid_yaw": [0.5, 1e-06, 0.1], "k_pid_hsp": [0.09847755819799779, 0.011264223901387349, 0.0], "k_pid_vsp": [264.9966777379314, 304.1795245652576, 2.77343605205192]}, "datetime": {"datetime": "2025-08-12 06:08:02", "elapsed": 49362.10211277008, "delta": 19.314565896987915}, "costs": {"total_cost": 185.84811737757917, "time_cost": 70.525, "final_distance_cost": 1.7917808344048571, "oscillation_cost": 27.902155742910455, "completition_cost": 0.0, "overshoot_cost": 50.32505825521922, "power_cost": 14.550386877441406, "noise_cost": 20.75373566760323, "n_waypoints_completed": 9, "tot_waypoints": 9}}
{"target": -183.07826333271774, "params": {"k_pid_pos": [1.0031316701085804, 0.024859491386256316, 0.40092638265648595], "k_pid_alt": [1.7297729984189598, 0.0, 0.03027788721554503], "k_pid_att": [10.85276784655954, 1.4953935029224072, 0.666719676683535], "k_pid_yaw": [0.5, 1e-06, 0.1], "k_pid_hsp": [0.09847755819799779, 0.011264223901387349, 0.0], "k_pid_vsp": [264.9966777379314, 304.1795245652576, 2.77343605205192]}, "datetime": {"datetime": "2025-08-12 06:08:22", "elapsed": 49382.10972070694, "delta": 20.00760793685913}, "costs": {"total_cost": 183.07826333271774, "time_cost": 69.944, "final_distance_cost": 1.8393855252991158, "oscillation_cost": 25.866500413298162, "completition_cost": 0.0, "overshoot_cost": 50.53524934981965, "power_cost": 14.164980163574219, "noise_cost": 20.728147880726574, "n_waypoints_completed": 9, "tot_waypoints": 9}}
