{"target": -190.2209012389959, "params": {"k_pid_pos": [1.9648629373893673, 0.024859491386256316, 0.8544707697037623], "k_pid_alt": [1.2679502233621702, 0.0, 0.7744198440366786], "k_pid_att": [24.0942673894178, 0.18205753750414305, 0.8792759721912583], "k_pid_yaw": [0.5, 1e-06, 0.1], "k_pid_hsp": [0.09847755819799779, 0.011264223901387349, 0.0], "k_pid_vsp": [292.94687076665593, 307.0029666248519, 21.011196465382298]}, "datetime": {"datetime": "2025-08-11 23:38:44", "elapsed": 26003.60078883171, "delta": 18.35641121864319}, "costs": {"total_cost": 190.2209012389959, "time_cost": 71.813, "final_distance_cost": 1.8178654755256904, "oscillation_cost": 29.508951887423216, "completition_cost": 0.0, "overshoot_cost": 50.52373947643376, "power_cost": 18.649645532226565, "noise_cost": 17.907698867386635, "n_waypoints_completed": 9, "tot_waypoints": 9}}
{"target": -185.16722446948094, "params": {"k_pid_pos": [1.0031316701085804, 0.024859491386256316, 0.40092638265648595], "k_pid_alt": [1.7297729984189598, 0.0, 0.06527723447865985], "k_pid_att": [24.0942673894178, 0.18205753750414305, 0.8000710073097888], "k_pid_yaw": [0.5, 1e-06, 0.1], "k_pid_hsp": [0.09847755819799779, 0.011264223901387349, 0.0], "k_pid_vsp": [292.94687076665593, 307.0029666248519, 80.3853412781648]}, "datetime": {"datetime": "2025-08-11 23:39:02", "elapsed": 26021.71081995964, "delta": 18.110031127929688}, "costs": {"total_cost": 185.16722446948094, "time_cost": 70.70700000000001, "final_distance_cost": 1.8349478195934354, "oscillation_cost": 25.08596495125947, "completition_cost": 0.0, "overshoot_cost": 51.36156182187028, "power_cost": 18.362571618652346, "noise_cost": 17.81517825810542, "n_waypoints_completed": 9, "tot_waypoints": 9}}
{"target": -198.65298935163307, "params": {"k_pid_pos": [1.0031316701085804, 0.024859491386256316, 0.12160810604364847], "k_pid_alt": [1.7877463665719298, 0.0, 0.06527723447865985], "k_pid_att": [24.0942673894178, 0.18205753750414305, 0.8792759721912583], "k_pid_yaw": [0.5, 1e-06, 0.1], "k_pid_hsp": [0.09847755819799779, 0.011264223901387349, 0.0], "k_pid_vsp": [292.94687076665593, 310.16448939208084, 134.66477494021115]}, "datetime": {"datetime": "2025-08-11 23:39:21", "elapsed": 26041.138481378555, "delta": 19.427661418914795}, "costs": {"total_cost": 198.65298935163307, "time_cost": 76.349, "final_distance_cost": 1.817408542837672, "oscillation_cost": 27.17628985345729, "completition_cost": 0.0, "overshoot_cost": 54.09703269171935, "power_cost": 19.949812023925784, "noise_cost": 19.263446239692993, "n_waypoints_completed": 9, "tot_waypoints": 9}}
{"target": -371.68763535505207, "params": {"k_pid_pos": [1.0031316701085804, 0.024859491386256316, 0.2019429328506046], "k_pid_alt": [1.7297729984189598, 0.0, 0.06527723447865985], "k_pid_att": [24.0942673894178, 0.18205753750414305, 0.666719676683535], "k_pid_yaw": [0.5, 1e-06, 0.1], "k_pid_hsp": [5.360545878234408, 0.011264223901387349, 0.6334267706481146], "k_pid_vsp": [292.94687076665593, 307.0029666248519, 21.011196465382298]}, "datetime": {"datetime": "2025-08-11 23:39:40", "elapsed": 26059.683272361755, "delta": 18.544790983200073}, "costs": {"total_cost": 371.68763535505207, "time_cost": 73.017, "final_distance_cost": 1.8313086655204802, "oscillation_cost": 206.06361505799813, "completition_cost": 0.0, "overshoot_cost": 51.01516968043606, "power_cost": 20.52929421386719, "noise_cost": 19.231247737230188, "n_waypoints_completed": 9, "tot_waypoints": 9}}
{"target": -185.72475839101895, "params": {"k_pid_pos": [1.0031316701085804, 0.06681891267873763, 0.5374545101912236], "k_pid_alt": [1.2679502233621702, 0.0, 0.06527723447865985], "k_pid_att": [24.0942673894178, 5.824334032821091, 0.8792759721912583], "k_pid_yaw": [0.5, 1e-06, 0.1], "k_pid_hsp": [0.09847755819799779, 0.011264223901387349, 0.0], "k_pid_vsp": [292.94687076665593, 307.0029666248519, 21.011196465382298]}, "datetime": {"datetime": "2025-08-11 23:39:58", "elapsed": 26077.979447841644, "delta": 18.296175479888916}, "costs": {"total_cost": 185.72475839101895, "time_cost": 71.043, "final_distance_cost": 1.8332836058415252, "oscillation_cost": 25.698248516858513, "completition_cost": 0.0, "overshoot_cost": 51.123912505926896, "power_cost": 18.193142822265624, "noise_cost": 17.83317094012638, "n_waypoints_completed": 9, "tot_waypoints": 9}}
{"target": -185.49607449688926, "params": {"k_pid_pos": [1.0031316701085804, 0.024859491386256316, 0.2662270978845458], "k_pid_alt": [1.2679502233621702, 0.0, 0.06527723447865985], "k_pid_att": [24.0942673894178, 0.18205753750414305, 0.8792759721912583], "k_pid_yaw": [0.5, 1e-06, 0.1], "k_pid_hsp": [0.09847755819799779, 0.011264223901387349, 0.0], "k_pid_vsp": [110.56511661686339, 307.0029666248519, 21.011196465382298]}, "datetime": {"datetime": "2025-08-11 23:40:16", "elapsed": 26096.25713801384, "delta": 18.277690172195435}, "costs": {"total_cost": 185.49607449688926, "time_cost": 70.056, "final_distance_cost": 1.820794186333471, "oscillation_cost": 27.165620638347878, "completition_cost": 0.0, "overshoot_cost": 50.82783757341884, "power_cost": 18.027067456054688, "noise_cost": 17.598754642734413, "n_waypoints_completed": 9, "tot_waypoints": 9}}
{"target": -199.72702006228442, "params": {"k_pid_pos": [1.0031316701085804, 0.22461116953036142, 0.40092638265648595], "k_pid_alt": [1.2679502233621702, 0.0, 0.06527723447865985], "k_pid_att": [24.0942673894178, 0.18205753750414305, 0.8792759721912583], "k_pid_yaw": [0.5, 1e-06, 0.1], "k_pid_hsp": [3.830472288627182, 0.011264223901387349, 0.0], "k_pid_vsp": [292.94687076665593, 307.0029666248519, 20.226497411895423]}, "datetime": {"datetime": "2025-08-11 23:40:34", "elapsed": 26114.352325439453, "delta": 18.095187425613403}, "costs": {"total_cost": 199.72702006228442, "time_cost": 73.178, "final_distance_cost": 1.82012946181428, "oscillation_cost": 35.96232056144049, "completition_cost": 0.0, "overshoot_cost": 51.10025768726076, "power_cost": 18.75083973388672, "noise_cost": 18.91547261788219, "n_waypoints_completed": 9, "tot_waypoints": 9}}
{"target": -307.45701721854573, "params": {"k_pid_pos": [0.7850540835226802, 0.22981412956968694, 0.40092638265648595], "k_pid_alt": [1.6868863037671131, 0.0, 0.06527723447865985], "k_pid_att": [6.462447882104849, 1.8365068413044823, 0.9947678187352218], "k_pid_yaw": [0.5, 1e-06, 0.1], "k_pid_hsp": [0.09847755819799779, 0.011264223901387349, 0.3218150610982008], "k_pid_vsp": [292.94687076665593, 307.0029666248519, 21.011196465382298]}, "datetime": {"datetime": "2025-08-11 23:41:00", "elapsed": 26139.41841697693, "delta": 25.066091537475586}, "costs": {"total_cost": 307.45701721854573, "time_cost": 97.286, "final_distance_cost": 1.8352016980303236, "oscillation_cost": 97.53622637620506, "completition_cost": 0.0, "overshoot_cost": 60.64275173757814, "power_cost": 25.754489111328127, "noise_cost": 24.402348295404096, "n_waypoints_completed": 9, "tot_waypoints": 9}}
{"target": -183.8110225273971, "params": {"k_pid_pos": [1.0031316701085804, 0.024859491386256316, 0.40092638265648595], "k_pid_alt": [1.7297729984189598, 0.0, 0.06527723447865985], "k_pid_att": [24.0942673894178, 0.18205753750414305, 0.666719676683535], "k_pid_yaw": [0.5, 1e-06, 0.1], "k_pid_hsp": [0.09847755819799779, 0.011264223901387349, 0.0], "k_pid_vsp": [292.94687076665593, 307.0029666248519, 21.011196465382298]}, "datetime": {"datetime": "2025-08-11 23:41:17", "elapsed": 26156.976057767868, "delta": 17.55764079093933}, "costs": {"total_cost": 183.8110225273971, "time_cost": 70.07000000000001, "final_distance_cost": 1.8304748413350997, "oscillation_cost": 25.975194414413714, "completition_cost": 0.0, "overshoot_cost": 50.3368091434941, "power_cost": 17.946738708496095, "noise_cost": 17.651805419658114, "n_waypoints_completed": 9, "tot_waypoints": 9}}
{"target": -1493.6636240300616, "params": {"k_pid_pos": [1.0031316701085804, 0.024859491386256316, 0.40092638265648595], "k_pid_alt": [0.7689619515377939, 0.0, 0.06527723447865985], "k_pid_att": [24.0942673894178, 0.18205753750414305, 0.8792759721912583], "k_pid_yaw": [0.5, 1e-06, 0.1], "k_pid_hsp": [0.09847755819799779, 0.011264223901387349, 0.9725672828984422], "k_pid_vsp": [316.2191682070645, 307.0029666248519, 21.011196465382298]}, "datetime": {"datetime": "2025-08-11 23:41:48", "elapsed": 26187.748278856277, "delta": 30.772221088409424}, "costs": {"total_cost": 1493.6636240300616, "time_cost": 150, "final_distance_cost": 69.24104632529372, "oscillation_cost": 455.8214706556797, "completition_cost": 666.6666666666667, "overshoot_cost": 94.57025416488975, "power_cost": 30.04812867431641, "noise_cost": 27.316057543215162, "n_waypoints_completed": 3, "tot_waypoints": 9}}
{"target": -184.09634085524203, "params": {"k_pid_pos": [1.0031316701085804, 0.024859491386256316, 0.40092638265648595], "k_pid_alt": [1.7297729984189598, 0.0, 0.10702076326620091], "k_pid_att": [24.0942673894178, 0.18205753750414305, 0.8792759721912583], "k_pid_yaw": [0.5, 1e-06, 0.1], "k_pid_hsp": [0.09847755819799779, 0.011264223901387349, 0.0], "k_pid_vsp": [316.2191682070645, 307.0029666248519, 21.011196465382298]}, "datetime": {"datetime": "2025-08-11 23:42:07", "elapsed": 26206.381133794785, "delta": 18.63285493850708}, "costs": {"total_cost": 184.09634085524203, "time_cost": 70.09100000000001, "final_distance_cost": 1.8165257358274591, "oscillation_cost": 25.930510033772396, "completition_cost": 0.0, "overshoot_cost": 50.41084119847541, "power_cost": 18.07866121826172, "noise_cost": 17.768802668905078, "n_waypoints_completed": 9, "tot_waypoints": 9}}
{"target": -184.06238034743342, "params": {"k_pid_pos": [1.0031316701085804, 0.024859491386256316, 0.40092638265648595], "k_pid_alt": [1.7297729984189598, 0.0, 0.06527723447865985], "k_pid_att": [24.0942673894178, 0.18205753750414305, 0.2977476601316654], "k_pid_yaw": [0.5, 1e-06, 0.1], "k_pid_hsp": [0.09847755819799779, 0.011264223901387349, 0.0], "k_pid_vsp": [292.94687076665593, 307.0029666248519, 21.011196465382298]}, "datetime": {"datetime": "2025-08-11 23:42:24", "elapsed": 26223.56178712845, "delta": 17.18065333366394}, "costs": {"total_cost": 184.06238034743342, "time_cost": 70.056, "final_distance_cost": 1.8323047865733106, "oscillation_cost": 25.938346451254827, "completition_cost": 0.0, "overshoot_cost": 50.629897993590596, "power_cost": 17.94108765869141, "noise_cost": 17.664743457323283, "n_waypoints_completed": 9, "tot_waypoints": 9}}
{"target": -909.9345724788252, "params": {"k_pid_pos": [1.0031316701085804, 0.024859491386256316, 0.40092638265648595], "k_pid_alt": [1.7877463665719298, 0.0, 0.06527723447865985], "k_pid_att": [24.0942673894178, 0.18205753750414305, 0.8792759721912583], "k_pid_yaw": [0.5, 1e-06, 0.1], "k_pid_hsp": [0.09847755819799779, 0.011264223901387349, 0.36152718860620114], "k_pid_vsp": [292.94687076665593, 307.0029666248519, 21.011196465382298]}, "datetime": {"datetime": "2025-08-11 23:42:55", "elapsed": 26254.816242694855, "delta": 31.25445556640625}, "costs": {"total_cost": 909.9345724788252, "time_cost": 150, "final_distance_cost": 65.38527505671166, "oscillation_cost": 440.61759733525065, "completition_cost": 111.11111111111116, "overshoot_cost": 84.41114993837573, "power_cost": 30.928850708007815, "noise_cost": 27.480588329368192, "n_waypoints_completed": 8, "tot_waypoints": 9}}
{"target": -1510.4118800842969, "params": {"k_pid_pos": [1.0031316701085804, 0.024859491386256316, 0.40092638265648595], "k_pid_alt": [1.7297729984189598, 0.0, 0.06527723447865985], "k_pid_att": [24.0942673894178, 7.055827395468339, 0.8000710073097888], "k_pid_yaw": [0.5, 1e-06, 0.1], "k_pid_hsp": [0.09847755819799779, 0.011264223901387349, 0.7359590482778835], "k_pid_vsp": [292.94687076665593, 307.0029666248519, 21.011196465382298]}, "datetime": {"datetime": "2025-08-11 23:43:26", "elapsed": 26285.53446173668, "delta": 30.71821904182434}, "costs": {"total_cost": 1510.4118800842969, "time_cost": 150, "final_distance_cost": 64.44100947360646, "oscillation_cost": 469.8499059942657, "completition_cost": 666.6666666666667, "overshoot_cost": 100.80886296788826, "power_cost": 30.979823999023438, "noise_cost": 27.66561098284638, "n_waypoints_completed": 3, "tot_waypoints": 9}}
{"target": -191.19372949025512, "params": {"k_pid_pos": [1.0031316701085804, 0.024859491386256316, 0.5374545101912236], "k_pid_alt": [0.7560171568207914, 0.0, 0.2915903713486512], "k_pid_att": [24.0942673894178, 1.1889791607388933, 0.8792759721912583], "k_pid_yaw": [0.5, 1e-06, 0.1], "k_pid_hsp": [0.09847755819799779, 0.011264223901387349, 0.0], "k_pid_vsp": [292.94687076665593, 307.0029666248519, 21.011196465382298]}, "datetime": {"datetime": "2025-08-11 23:43:45", "elapsed": 26304.966578245163, "delta": 19.432116508483887}, "costs": {"total_cost": 191.19372949025512, "time_cost": 75.25, "final_distance_cost": 1.841902031143115, "oscillation_cost": 25.855078686493517, "completition_cost": 0.0, "overshoot_cost": 50.563276936573104, "power_cost": 19.223817224121095, "noise_cost": 18.459654611924282, "n_waypoints_completed": 9, "tot_waypoints": 9}}
{"target": -198.90229534294534, "params": {"k_pid_pos": [1.097674141165482, 0.024859491386256316, 0.8092599635047751], "k_pid_alt": [0.5447770384028499, 0.41495670262089157, 0.06527723447865985], "k_pid_att": [11.708590720412603, 5.824334032821091, 0.8792759721912583], "k_pid_yaw": [0.5, 1e-06, 0.1], "k_pid_hsp": [0.09847755819799779, 0.011264223901387349, 0.0], "k_pid_vsp": [110.56511661686339, 307.0029666248519, 21.011196465382298]}, "datetime": {"datetime": "2025-08-11 23:44:05", "elapsed": 26324.683369636536, "delta": 19.71679139137268}, "costs": {"total_cost": 198.90229534294534, "time_cost": 78.309, "final_distance_cost": 1.7816298188026092, "oscillation_cost": 27.67930559375405, "completition_cost": 0.0, "overshoot_cost": 52.7833262362451, "power_cost": 19.75985349121094, "noise_cost": 18.589180202932614, "n_waypoints_completed": 9, "tot_waypoints": 9}}
{"target": -184.68062961343793, "params": {"k_pid_pos": [1.0031316701085804, 0.024859491386256316, 0.40092638265648595], "k_pid_alt": [1.7297729984189598, 0.0, 0.06527723447865985], "k_pid_att": [24.0942673894178, 0.18205753750414305, 0.8000710073097888], "k_pid_yaw": [0.5, 1e-06, 0.1], "k_pid_hsp": [0.09847755819799779, 0.011264223901387349, 0.0], "k_pid_vsp": [155.80135867994494, 307.0029666248519, 21.011196465382298]}, "datetime": {"datetime": "2025-08-11 23:44:24", "elapsed": 26343.99461221695, "delta": 19.31124258041382}, "costs": {"total_cost": 184.68062961343793, "time_cost": 70.126, "final_distance_cost": 1.8274744446086062, "oscillation_cost": 26.27099327490426, "completition_cost": 0.0, "overshoot_cost": 50.82902115999951, "power_cost": 18.022017724609377, "noise_cost": 17.605123009316163, "n_waypoints_completed": 9, "tot_waypoints": 9}}
{"target": -185.18993410570485, "params": {"k_pid_pos": [1.0031316701085804, 0.024859491386256316, 0.40092638265648595], "k_pid_alt": [1.7297729984189598, 0.0, 0.06527723447865985], "k_pid_att": [24.0942673894178, 0.18205753750414305, 0.0544268964772433], "k_pid_yaw": [0.5, 1e-06, 0.1], "k_pid_hsp": [0.09847755819799779, 0.011264223901387349, 0.0], "k_pid_vsp": [292.94687076665593, 307.0029666248519, 21.011196465382298]}, "datetime": {"datetime": "2025-08-11 23:44:42", "elapsed": 26361.986139059067, "delta": 17.99152684211731}, "costs": {"total_cost": 185.18993410570485, "time_cost": 70.042, "final_distance_cost": 1.8270566523155474, "oscillation_cost": 27.053869369406314, "completition_cost": 0.0, "overshoot_cost": 50.53477646244006, "power_cost": 17.971532763671878, "noise_cost": 17.76069885787103, "n_waypoints_completed": 9, "tot_waypoints": 9}}
{"target": -188.1104789820706, "params": {"k_pid_pos": [1.0031316701085804, 0.024859491386256316, 0.40092638265648595], "k_pid_alt": [1.2679502233621702, 0.0, 0.7411234869318217], "k_pid_att": [24.0942673894178, 0.18205753750414305, 0.73590781336997], "k_pid_yaw": [0.5, 1e-06, 0.1], "k_pid_hsp": [0.09847755819799779, 0.011264223901387349, 0.0], "k_pid_vsp": [110.56511661686339, 307.0029666248519, 21.011196465382298]}, "datetime": {"datetime": "2025-08-11 23:45:00", "elapsed": 26380.225816965103, "delta": 18.239677906036377}, "costs": {"total_cost": 188.1104789820706, "time_cost": 72.59, "final_distance_cost": 1.831399817521253, "oscillation_cost": 26.67446000639467, "completition_cost": 0.0, "overshoot_cost": 50.72182899360057, "power_cost": 18.506613793945313, "noise_cost": 17.78617637060875, "n_waypoints_completed": 9, "tot_waypoints": 9}}
{"target": -205.26638990320012, "params": {"k_pid_pos": [1.0031316701085804, 0.024859491386256316, 0.40092638265648595], "k_pid_alt": [1.7297729984189598, 0.4793313605253495, 0.06527723447865985], "k_pid_att": [24.0942673894178, 3.0325018947442373, 0.666719676683535], "k_pid_yaw": [0.5, 1e-06, 0.1], "k_pid_hsp": [3.7597104904116168, 0.011264223901387349, 0.0], "k_pid_vsp": [292.94687076665593, 307.0029666248519, 21.011196465382298]}, "datetime": {"datetime": "2025-08-11 23:45:21", "elapsed": 26400.39779829979, "delta": 20.17198133468628}, "costs": {"total_cost": 205.26638990320012, "time_cost": 76.909, "final_distance_cost": 1.8102039544987025, "oscillation_cost": 37.436469351559175, "completition_cost": 0.0, "overshoot_cost": 51.01046121336815, "power_cost": 19.523426208496094, "noise_cost": 18.576829175277997, "n_waypoints_completed": 9, "tot_waypoints": 9}}
{"target": -184.80813762181845, "params": {"k_pid_pos": [1.0031316701085804, 0.024859491386256316, 0.40092638265648595], "k_pid_alt": [1.2679502233621702, 0.0, 0.06527723447865985], "k_pid_att": [24.0942673894178, 0.18205753750414305, 0.73590781336997], "k_pid_yaw": [0.5, 1e-06, 0.1], "k_pid_hsp": [0.09847755819799779, 0.011264223901387349, 0.0], "k_pid_vsp": [360.3759557007902, 307.0029666248519, 21.011196465382298]}, "datetime": {"datetime": "2025-08-11 23:45:38", "elapsed": 26418.25669670105, "delta": 17.858898401260376}, "costs": {"total_cost": 184.80813762181845, "time_cost": 70.427, "final_distance_cost": 1.8326173860306403, "oscillation_cost": 25.985225041977753, "completition_cost": 0.0, "overshoot_cost": 50.74438284634425, "power_cost": 18.103869006347658, "noise_cost": 17.715043341118147, "n_waypoints_completed": 9, "tot_waypoints": 9}}
{"target": -193.5151531366555, "params": {"k_pid_pos": [1.0031316701085804, 0.024859491386256316, 0.9451257094832697], "k_pid_alt": [1.2679502233621702, 0.0, 0.06527723447865985], "k_pid_att": [24.0942673894178, 0.18205753750414305, 0.73590781336997], "k_pid_yaw": [0.5, 1e-06, 0.1], "k_pid_hsp": [0.09847755819799779, 0.011264223901387349, 0.0], "k_pid_vsp": [110.56511661686339, 307.0029666248519, 21.011196465382298]}, "datetime": {"datetime": "2025-08-11 23:45:57", "elapsed": 26437.18424463272, "delta": 18.927547931671143}, "costs": {"total_cost": 193.5151531366555, "time_cost": 76.083, "final_distance_cost": 1.8547837834786152, "oscillation_cost": 25.03476114804949, "completition_cost": 0.0, "overshoot_cost": 51.60954086996413, "power_cost": 19.267050927734378, "noise_cost": 19.666016407428902, "n_waypoints_completed": 9, "tot_waypoints": 9}}
{"target": -189.48620003457665, "params": {"k_pid_pos": [1.9475525933111357, 0.024859491386256316, 0.40092638265648595], "k_pid_alt": [1.7297729984189598, 0.0, 0.06527723447865985], "k_pid_att": [24.0942673894178, 0.18205753750414305, 0.8792759721912583], "k_pid_yaw": [0.5, 1e-06, 0.1], "k_pid_hsp": [0.09847755819799779, 0.011264223901387349, 0.0], "k_pid_vsp": [292.94687076665593, 307.0029666248519, 21.011196465382298]}, "datetime": {"datetime": "2025-08-11 23:46:16", "elapsed": 26456.09455227852, "delta": 18.91030764579773}, "costs": {"total_cost": 189.48620003457665, "time_cost": 69.33500000000001, "final_distance_cost": 1.8020198770468232, "oscillation_cost": 31.78544614804204, "completition_cost": 0.0, "overshoot_cost": 50.69279442653503, "power_cost": 18.143113146972656, "noise_cost": 17.727826435980106, "n_waypoints_completed": 9, "tot_waypoints": 9}}
{"target": -1435.5298325750064, "params": {"k_pid_pos": [1.9648629373893673, 0.024859491386256316, 0.8544707697037623], "k_pid_alt": [1.6187944706918798, 0.0, 0.06527723447865985], "k_pid_att": [20.219698052466416, 0.18205753750414305, 0.666719676683535], "k_pid_yaw": [0.5, 1e-06, 0.1], "k_pid_hsp": [0.09847755819799779, 0.011264223901387349, 0.0], "k_pid_vsp": [292.94687076665593, 307.0029666248519, 270.8173234388649]}, "datetime": {"datetime": "2025-08-11 23:46:47", "elapsed": 26487.332288742065, "delta": 31.237736463546753}, "costs": {"total_cost": 1435.5298325750064, "time_cost": 150, "final_distance_cost": 0.9986772507276345, "oscillation_cost": 4.159767374999643, "completition_cost": 1000.0, "overshoot_cost": 158.6091004305474, "power_cost": 29.421698205566408, "noise_cost": 92.3405893131654, "n_waypoints_completed": 0, "tot_waypoints": 9}}
{"target": -185.19014418436305, "params": {"k_pid_pos": [1.0031316701085804, 0.024859491386256316, 0.40092638265648595], "k_pid_alt": [1.7297729984189598, 0.0, 0.06527723447865985], "k_pid_att": [99.38888853887859, 5.314906102430602, 0.8000710073097888], "k_pid_yaw": [0.5, 1e-06, 0.1], "k_pid_hsp": [0.09847755819799779, 0.011264223901387349, 0.0], "k_pid_vsp": [292.94687076665593, 307.0029666248519, 21.011196465382298]}, "datetime": {"datetime": "2025-08-11 23:47:05", "elapsed": 26504.87347984314, "delta": 17.54119110107422}, "costs": {"total_cost": 185.19014418436305, "time_cost": 70.196, "final_distance_cost": 1.8360507729945863, "oscillation_cost": 26.35708710795867, "completition_cost": 0.0, "overshoot_cost": 50.85859026284535, "power_cost": 18.140098547363284, "noise_cost": 17.802317493201134, "n_waypoints_completed": 9, "tot_waypoints": 9}}
