{"target": -1396.1343923332, "params": {"k_pid_pos": [1.0031316701085804, 0.024859491386256316, 0.40092638265648595], "k_pid_alt": [1.7297729984189598, 0.0, 0.06527723447865985], "k_pid_att": [24.0942673894178, 0.22073067032652463, 0.666719676683535], "k_pid_yaw": [0.5, 1e-06, 0.1], "k_pid_hsp": [0.09847755819799779, 0.011264223901387349, 0.9797469599620067], "k_pid_vsp": [292.94687076665593, 199.80376917170463, 21.011196465382298]}, "datetime": {"datetime": "2025-08-12 00:50:04", "elapsed": 30283.447258234024, "delta": 31.623866319656372}, "costs": {"total_cost": 1396.1343923332, "time_cost": 150, "final_distance_cost": 28.331081579275843, "oscillation_cost": 502.11852079455923, "completition_cost": 555.5555555555555, "overshoot_cost": 101.95863749640816, "power_cost": 30.703938781738284, "noise_cost": 27.46665812566283, "n_waypoints_completed": 4, "tot_waypoints": 9}}
{"target": -192.36265014809013, "params": {"k_pid_pos": [1.0031316701085804, 0.024859491386256316, 0.40092638265648595], "k_pid_alt": [1.7297729984189598, 0.5802231281307506, 0.06527723447865985], "k_pid_att": [24.0942673894178, 0.18205753750414305, 0.7148072191107216], "k_pid_yaw": [0.5, 1e-06, 0.1], "k_pid_hsp": [0.09847755819799779, 0.011264223901387349, 0.0], "k_pid_vsp": [292.94687076665593, 307.0029666248519, 75.78799424181197]}, "datetime": {"datetime": "2025-08-12 00:50:23", "elapsed": 30302.59019804001, "delta": 19.142939805984497}, "costs": {"total_cost": 192.36265014809013, "time_cost": 75.271, "final_distance_cost": 1.8021656430831574, "oscillation_cost": 26.04803779413679, "completition_cost": 0.0, "overshoot_cost": 51.90530672699177, "power_cost": 19.16430369873047, "noise_cost": 18.171836285147958, "n_waypoints_completed": 9, "tot_waypoints": 9}}
{"target": -191.5862773067765, "params": {"k_pid_pos": [1.0031316701085804, 0.024859491386256316, 0.40092638265648595], "k_pid_alt": [1.7297729984189598, 0.7028313728845099, 0.06527723447865985], "k_pid_att": [37.12179941719916, 5.859554809351448, 0.666719676683535], "k_pid_yaw": [0.5, 1e-06, 0.1], "k_pid_hsp": [0.09847755819799779, 0.011264223901387349, 0.0], "k_pid_vsp": [292.94687076665593, 216.4675096626358, 21.011196465382298]}, "datetime": {"datetime": "2025-08-12 00:50:42", "elapsed": 30321.85335946083, "delta": 19.263161420822144}, "costs": {"total_cost": 191.5862773067765, "time_cost": 74.872, "final_distance_cost": 1.7905387880464498, "oscillation_cost": 26.824732762581995, "completition_cost": 0.0, "overshoot_cost": 51.23550905948464, "power_cost": 18.828192785644532, "noise_cost": 18.03530391101888, "n_waypoints_completed": 9, "tot_waypoints": 9}}
{"target": -184.04232005516278, "params": {"k_pid_pos": [1.0031316701085804, 0.024859491386256316, 0.40092638265648595], "k_pid_alt": [1.7297729984189598, 0.0, 0.06527723447865985], "k_pid_att": [24.0942673894178, 0.18205753750414305, 0.666719676683535], "k_pid_yaw": [0.5, 1e-06, 0.1], "k_pid_hsp": [0.09847755819799779, 0.011264223901387349, 0.0], "k_pid_vsp": [264.9966777379314, 307.0029666248519, 21.011196465382298]}, "datetime": {"datetime": "2025-08-12 00:51:01", "elapsed": 30340.481619119644, "delta": 18.628259658813477}, "costs": {"total_cost": 184.04232005516278, "time_cost": 70.056, "final_distance_cost": 1.8333261826543348, "oscillation_cost": 25.993254196918908, "completition_cost": 0.0, "overshoot_cost": 50.6447539909156, "power_cost": 17.92411530761719, "noise_cost": 17.590870377056714, "n_waypoints_completed": 9, "tot_waypoints": 9}}
{"target": -851.5682602346064, "params": {"k_pid_pos": [1.0031316701085804, 0.024859491386256316, 0.40092638265648595], "k_pid_alt": [1.7297729984189598, 0.0, 0.06527723447865985], "k_pid_att": [24.0942673894178, 0.22073067032652463, 0.666719676683535], "k_pid_yaw": [0.5, 1e-06, 0.1], "k_pid_hsp": [0.09847755819799779, 0.011264223901387349, 0.170878059092471], "k_pid_vsp": [292.94687076665593, 307.0029666248519, 21.011196465382298]}, "datetime": {"datetime": "2025-08-12 00:51:32", "elapsed": 30371.929745435715, "delta": 31.448126316070557}, "costs": {"total_cost": 851.5682602346064, "time_cost": 150, "final_distance_cost": 25.231109238102835, "oscillation_cost": 430.5071800939381, "completition_cost": 111.11111111111116, "overshoot_cost": 71.96774986691871, "power_cost": 32.3128810546875, "noise_cost": 30.438228869848153, "n_waypoints_completed": 8, "tot_waypoints": 9}}
{"target": -185.3772525296966, "params": {"k_pid_pos": [1.0031316701085804, 0.024859491386256316, 0.40092638265648595], "k_pid_alt": [1.7297729984189598, 0.0, 0.06527723447865985], "k_pid_att": [37.12179941719916, 2.6298254890628097, 0.3301527476617453], "k_pid_yaw": [0.5, 1e-06, 0.1], "k_pid_hsp": [0.09847755819799779, 0.011264223901387349, 0.0], "k_pid_vsp": [264.9966777379314, 307.0029666248519, 75.78799424181197]}, "datetime": {"datetime": "2025-08-12 00:51:50", "elapsed": 30390.357208013535, "delta": 18.427462577819824}, "costs": {"total_cost": 185.3772525296966, "time_cost": 70.693, "final_distance_cost": 1.8279844273882346, "oscillation_cost": 25.197550933437977, "completition_cost": 0.0, "overshoot_cost": 51.53159281925786, "power_cost": 18.392964099121095, "noise_cost": 17.734160250491428, "n_waypoints_completed": 9, "tot_waypoints": 9}}
{"target": -184.19029373761404, "params": {"k_pid_pos": [1.0031316701085804, 0.024859491386256316, 0.40092638265648595], "k_pid_alt": [1.7297729984189598, 0.0, 0.06527723447865985], "k_pid_att": [32.194164172814396, 5.859554809351448, 0.666719676683535], "k_pid_yaw": [0.5, 1e-06, 0.1], "k_pid_hsp": [0.09847755819799779, 0.011264223901387349, 0.0], "k_pid_vsp": [264.9966777379314, 307.0029666248519, 21.011196465382298]}, "datetime": {"datetime": "2025-08-12 00:52:08", "elapsed": 30408.20025753975, "delta": 17.8430495262146}, "costs": {"total_cost": 184.19029373761404, "time_cost": 70.056, "final_distance_cost": 1.8323144234161957, "oscillation_cost": 26.042678500877987, "completition_cost": 0.0, "overshoot_cost": 50.3864932813518, "power_cost": 18.132564562988282, "noise_cost": 17.740242968979796, "n_waypoints_completed": 9, "tot_waypoints": 9}}
{"target": -183.70064920755323, "params": {"k_pid_pos": [1.0031316701085804, 0.024859491386256316, 0.40092638265648595], "k_pid_alt": [1.7297729984189598, 0.0, 0.06527723447865985], "k_pid_att": [37.12179941719916, 5.859554809351448, 0.666719676683535], "k_pid_yaw": [0.5, 1e-06, 0.1], "k_pid_hsp": [0.09847755819799779, 0.011264223901387349, 0.0], "k_pid_vsp": [264.9966777379314, 307.0029666248519, 21.011196465382298]}, "datetime": {"datetime": "2025-08-12 00:52:26", "elapsed": 30426.332804441452, "delta": 18.13254690170288}, "costs": {"total_cost": 183.70064920755323, "time_cost": 70.063, "final_distance_cost": 1.8269137125583466, "oscillation_cost": 25.990425061704375, "completition_cost": 0.0, "overshoot_cost": 50.38963089585039, "power_cost": 17.882403076171876, "noise_cost": 17.54827646126825, "n_waypoints_completed": 9, "tot_waypoints": 9}}
{"target": -183.8110225273971, "params": {"k_pid_pos": [1.0031316701085804, 0.024859491386256316, 0.40092638265648595], "k_pid_alt": [1.7297729984189598, 0.0, 0.06527723447865985], "k_pid_att": [24.0942673894178, 0.18205753750414305, 0.666719676683535], "k_pid_yaw": [0.5, 1e-06, 0.1], "k_pid_hsp": [0.09847755819799779, 0.011264223901387349, 0.0], "k_pid_vsp": [292.94687076665593, 307.0029666248519, 21.011196465382298]}, "datetime": {"datetime": "2025-08-12 00:52:45", "elapsed": 30444.775950431824, "delta": 18.443145990371704}, "costs": {"total_cost": 183.8110225273971, "time_cost": 70.07000000000001, "final_distance_cost": 1.8304748413350997, "oscillation_cost": 25.975194414413714, "completition_cost": 0.0, "overshoot_cost": 50.3368091434941, "power_cost": 17.946738708496095, "noise_cost": 17.651805419658114, "n_waypoints_completed": 9, "tot_waypoints": 9}}
{"target": -183.8110225273971, "params": {"k_pid_pos": [1.0031316701085804, 0.024859491386256316, 0.40092638265648595], "k_pid_alt": [1.7297729984189598, 0.0, 0.06527723447865985], "k_pid_att": [24.0942673894178, 0.18205753750414305, 0.666719676683535], "k_pid_yaw": [0.5, 1e-06, 0.1], "k_pid_hsp": [0.09847755819799779, 0.011264223901387349, 0.0], "k_pid_vsp": [292.94687076665593, 307.0029666248519, 21.011196465382298]}, "datetime": {"datetime": "2025-08-12 00:53:03", "elapsed": 30462.98910164833, "delta": 18.213151216506958}, "costs": {"total_cost": 183.8110225273971, "time_cost": 70.07000000000001, "final_distance_cost": 1.8304748413350997, "oscillation_cost": 25.975194414413714, "completition_cost": 0.0, "overshoot_cost": 50.3368091434941, "power_cost": 17.946738708496095, "noise_cost": 17.651805419658114, "n_waypoints_completed": 9, "tot_waypoints": 9}}
{"target": -190.35444450546447, "params": {"k_pid_pos": [1.0031316701085804, 0.024859491386256316, 0.40092638265648595], "k_pid_alt": [1.7297729984189598, 0.0, 0.06527723447865985], "k_pid_att": [24.0942673894178, 0.18205753750414305, 0.666719676683535], "k_pid_yaw": [0.5, 1e-06, 0.1], "k_pid_hsp": [0.09847755819799779, 0.011264223901387349, 0.0], "k_pid_vsp": [29.96849041048857, 58.47483401410723, 21.011196465382298]}, "datetime": {"datetime": "2025-08-12 00:53:22", "elapsed": 30481.91011953354, "delta": 18.92101788520813}, "costs": {"total_cost": 190.35444450546447, "time_cost": 72.884, "final_distance_cost": 1.8345340085716988, "oscillation_cost": 25.306017719050242, "completition_cost": 0.0, "overshoot_cost": 52.77950498991821, "power_cost": 18.727215734863282, "noise_cost": 18.823172053061015, "n_waypoints_completed": 9, "tot_waypoints": 9}}
{"target": -841.7785283840584, "params": {"k_pid_pos": [1.0031316701085804, 0.024859491386256316, 0.40092638265648595], "k_pid_alt": [0.41811782976038847, 0.0, 0.06527723447865985], "k_pid_att": [37.12179941719916, 5.859554809351448, 0.666719676683535], "k_pid_yaw": [0.5, 1e-06, 0.1], "k_pid_hsp": [0.09847755819799779, 0.8161661674624935, 0.5615618048538342], "k_pid_vsp": [139.297858085773, 307.0029666248519, 21.011196465382298]}, "datetime": {"datetime": "2025-08-12 00:53:53", "elapsed": 30513.030542373657, "delta": 31.120422840118408}, "costs": {"total_cost": 841.7785283840584, "time_cost": 150, "final_distance_cost": 29.60744835328146, "oscillation_cost": 395.72743687386014, "completition_cost": 111.11111111111116, "overshoot_cost": 88.35027422356109, "power_cost": 34.64938487548828, "noise_cost": 32.33287294675615, "n_waypoints_completed": 8, "tot_waypoints": 9}}
{"target": -463.2182586420674, "params": {"k_pid_pos": [1.8792899704868669, 0.43502179072678904, 0.40092638265648595], "k_pid_alt": [1.7297729984189598, 0.0, 0.06527723447865985], "k_pid_att": [96.203943896059, 0.18205753750414305, 0.666719676683535], "k_pid_yaw": [0.5, 1e-06, 0.1], "k_pid_hsp": [3.644047778136555, 0.011264223901387349, 0.7340866273984559], "k_pid_vsp": [292.94687076665593, 307.0029666248519, 21.011196465382298]}, "datetime": {"datetime": "2025-08-12 00:54:15", "elapsed": 30535.143631458282, "delta": 22.113089084625244}, "costs": {"total_cost": 463.2182586420674, "time_cost": 83.664, "final_distance_cost": 1.7634233443969045, "oscillation_cost": 274.0392603633839, "completition_cost": 0.0, "overshoot_cost": 55.59091143882612, "power_cost": 25.608106567382812, "noise_cost": 22.55255692807757, "n_waypoints_completed": 9, "tot_waypoints": 9}}
{"target": -1756.921526035751, "params": {"k_pid_pos": [1.0031316701085804, 0.024859491386256316, 0.40092638265648595], "k_pid_alt": [1.826042005534695, 0.0, 0.06527723447865985], "k_pid_att": [24.0942673894178, 0.18205753750414305, 0.168991628355324], "k_pid_yaw": [0.5, 1e-06, 0.1], "k_pid_hsp": [0.09847755819799779, 0.011264223901387349, 0.5460140404092502], "k_pid_vsp": [292.94687076665593, 216.29307082677042, 21.011196465382298]}, "datetime": {"datetime": "2025-08-12 00:54:46", "elapsed": 30565.758855342865, "delta": 30.61522388458252}, "costs": {"total_cost": 1756.921526035751, "time_cost": 150, "final_distance_cost": 81.74084670662064, "oscillation_cost": 712.1439254395497, "completition_cost": 666.6666666666667, "overshoot_cost": 84.19156074527358, "power_cost": 33.71304449462891, "noise_cost": 28.46548198301136, "n_waypoints_completed": 3, "tot_waypoints": 9}}
{"target": -298.20397698505457, "params": {"k_pid_pos": [1.0031316701085804, 0.024859491386256316, 0.40092638265648595], "k_pid_alt": [1.7297729984189598, 0.0, 0.43738161972271916], "k_pid_att": [37.12179941719916, 4.929500621888914, 0.666719676683535], "k_pid_yaw": [0.5, 1e-06, 0.1], "k_pid_hsp": [0.09847755819799779, 0.4017820065842225, 0.0], "k_pid_vsp": [264.9966777379314, 307.0029666248519, 21.011196465382298]}, "datetime": {"datetime": "2025-08-12 00:55:08", "elapsed": 30587.733325719833, "delta": 21.974470376968384}, "costs": {"total_cost": 298.20397698505457, "time_cost": 85.589, "final_distance_cost": 1.8573539882945096, "oscillation_cost": 103.93523487539129, "completition_cost": 0.0, "overshoot_cost": 57.486831223003186, "power_cost": 24.638416455078126, "noise_cost": 24.697140443287495, "n_waypoints_completed": 9, "tot_waypoints": 9}}
{"target": -186.1137489354241, "params": {"k_pid_pos": [0.792113498270493, 0.024859491386256316, 0.40092638265648595], "k_pid_alt": [1.7297729984189598, 0.0, 0.06527723447865985], "k_pid_att": [27.525475025233238, 5.859554809351448, 0.666719676683535], "k_pid_yaw": [0.5, 1e-06, 0.1], "k_pid_hsp": [0.09847755819799779, 0.011264223901387349, 0.0], "k_pid_vsp": [264.9966777379314, 307.0029666248519, 21.011196465382298]}, "datetime": {"datetime": "2025-08-12 00:55:26", "elapsed": 30606.318657636642, "delta": 18.585331916809082}, "costs": {"total_cost": 186.1137489354241, "time_cost": 71.967, "final_distance_cost": 1.843683776683043, "oscillation_cost": 24.375098224303972, "completition_cost": 0.0, "overshoot_cost": 51.16366161308321, "power_cost": 18.54357957763672, "noise_cost": 18.2207257437172, "n_waypoints_completed": 9, "tot_waypoints": 9}}
{"target": -184.0243344432924, "params": {"k_pid_pos": [1.0031316701085804, 0.024859491386256316, 0.40092638265648595], "k_pid_alt": [1.7297729984189598, 0.00018965351824429266, 0.06527723447865985], "k_pid_att": [24.0942673894178, 0.18205753750414305, 0.666719676683535], "k_pid_yaw": [0.5, 1e-06, 0.1], "k_pid_hsp": [0.09847755819799779, 0.011264223901387349, 0.0], "k_pid_vsp": [292.94687076665593, 307.0029666248519, 21.011196465382298]}, "datetime": {"datetime": "2025-08-12 00:55:44", "elapsed": 30623.884550333023, "delta": 17.565892696380615}, "costs": {"total_cost": 184.0243344432924, "time_cost": 70.077, "final_distance_cost": 1.81639632027759, "oscillation_cost": 26.021912065047317, "completition_cost": 0.0, "overshoot_cost": 50.3430133359966, "power_cost": 18.04919371337891, "noise_cost": 17.71681900859195, "n_waypoints_completed": 9, "tot_waypoints": 9}}
{"target": -206.87937469411784, "params": {"k_pid_pos": [1.0031316701085804, 0.024859491386256316, 0.40092638265648595], "k_pid_alt": [0.3959875975917475, 0.0, 0.06527723447865985], "k_pid_att": [24.0942673894178, 0.18205753750414305, 0.666719676683535], "k_pid_yaw": [0.5, 1e-06, 0.1], "k_pid_hsp": [0.09847755819799779, 0.011264223901387349, 0.0], "k_pid_vsp": [292.94687076665593, 307.0029666248519, 21.011196465382298]}, "datetime": {"datetime": "2025-08-12 00:56:06", "elapsed": 30646.157214403152, "delta": 22.272664070129395}, "costs": {"total_cost": 206.87937469411784, "time_cost": 84.574, "final_distance_cost": 1.8596468778892978, "oscillation_cost": 27.509518687992013, "completition_cost": 0.0, "overshoot_cost": 51.20962461564795, "power_cost": 21.520878369140625, "noise_cost": 20.205706143447944, "n_waypoints_completed": 9, "tot_waypoints": 9}}
{"target": -189.53886303928152, "params": {"k_pid_pos": [1.8792899704868669, 0.024859491386256316, 0.40092638265648595], "k_pid_alt": [1.7297729984189598, 0.0, 0.06527723447865985], "k_pid_att": [24.0942673894178, 0.18205753750414305, 0.666719676683535], "k_pid_yaw": [0.5, 1e-06, 0.1], "k_pid_hsp": [0.09847755819799779, 0.011264223901387349, 0.0], "k_pid_vsp": [292.94687076665593, 216.29307082677042, 21.011196465382298]}, "datetime": {"datetime": "2025-08-12 00:56:25", "elapsed": 30664.558540582657, "delta": 18.401326179504395}, "costs": {"total_cost": 189.53886303928152, "time_cost": 69.419, "final_distance_cost": 1.7932096839560936, "oscillation_cost": 31.291243590181605, "completition_cost": 0.0, "overshoot_cost": 51.20175294049853, "power_cost": 18.15873856201172, "noise_cost": 17.674918262633568, "n_waypoints_completed": 9, "tot_waypoints": 9}}
{"target": -312.9557309698024, "params": {"k_pid_pos": [1.9403883066526342, 0.024859491386256316, 0.40092638265648595], "k_pid_alt": [1.7297729984189598, 0.0, 0.7330244434240826], "k_pid_att": [9.01694976284977, 0.5720022164256566, 0.11689683853528843], "k_pid_yaw": [0.5, 1e-06, 0.1], "k_pid_hsp": [0.09847755819799779, 0.24034004518407315, 0.0], "k_pid_vsp": [387.1470188825909, 307.0029666248519, 21.011196465382298]}, "datetime": {"datetime": "2025-08-12 00:56:49", "elapsed": 30689.11015868187, "delta": 24.551618099212646}, "costs": {"total_cost": 312.9557309698024, "time_cost": 97.839, "final_distance_cost": 1.7838026919891854, "oscillation_cost": 97.76257378279169, "completition_cost": 0.0, "overshoot_cost": 59.35280813791987, "power_cost": 28.42004364013672, "noise_cost": 27.797502716964974, "n_waypoints_completed": 9, "tot_waypoints": 9}}
{"target": -183.89599248918387, "params": {"k_pid_pos": [1.0031316701085804, 0.024859491386256316, 0.40092638265648595], "k_pid_alt": [1.7297729984189598, 0.0, 0.06527723447865985], "k_pid_att": [37.12179941719916, 0.18205753750414305, 0.666719676683535], "k_pid_yaw": [0.5, 1e-06, 0.1], "k_pid_hsp": [0.09847755819799779, 0.011264223901387349, 0.0], "k_pid_vsp": [292.94687076665593, 307.0029666248519, 21.011196465382298]}, "datetime": {"datetime": "2025-08-12 00:57:07", "elapsed": 30707.129061937332, "delta": 18.018903255462646}, "costs": {"total_cost": 183.89599248918387, "time_cost": 70.077, "final_distance_cost": 1.8183296469031651, "oscillation_cost": 25.942667068232318, "completition_cost": 0.0, "overshoot_cost": 50.34900300346616, "power_cost": 17.980847900390625, "noise_cost": 17.728144870191628, "n_waypoints_completed": 9, "tot_waypoints": 9}}
{"target": -184.26631777098956, "params": {"k_pid_pos": [1.0031316701085804, 0.024859491386256316, 0.40092638265648595], "k_pid_alt": [1.7297729984189598, 0.0, 0.06527723447865985], "k_pid_att": [24.0942673894178, 5.859554809351448, 0.666719676683535], "k_pid_yaw": [0.5, 1e-06, 0.1], "k_pid_hsp": [0.09847755819799779, 0.011264223901387349, 0.0], "k_pid_vsp": [264.9966777379314, 307.0029666248519, 21.011196465382298]}, "datetime": {"datetime": "2025-08-12 00:57:25", "elapsed": 30724.77857708931, "delta": 17.64951515197754}, "costs": {"total_cost": 184.26631777098956, "time_cost": 70.028, "final_distance_cost": 1.8384083995869989, "oscillation_cost": 26.215678594637055, "completition_cost": 0.0, "overshoot_cost": 50.592499933521665, "power_cost": 17.9928791015625, "noise_cost": 17.598851741681326, "n_waypoints_completed": 9, "tot_waypoints": 9}}
{"target": -185.3772525296966, "params": {"k_pid_pos": [1.0031316701085804, 0.024859491386256316, 0.40092638265648595], "k_pid_alt": [1.7297729984189598, 0.0, 0.06527723447865985], "k_pid_att": [37.12179941719916, 2.6298254890628097, 0.3301527476617453], "k_pid_yaw": [0.5, 1e-06, 0.1], "k_pid_hsp": [0.09847755819799779, 0.011264223901387349, 0.0], "k_pid_vsp": [264.9966777379314, 307.0029666248519, 75.78799424181197]}, "datetime": {"datetime": "2025-08-12 00:57:44", "elapsed": 30743.72927737236, "delta": 18.950700283050537}, "costs": {"total_cost": 185.3772525296966, "time_cost": 70.693, "final_distance_cost": 1.8279844273882346, "oscillation_cost": 25.197550933437977, "completition_cost": 0.0, "overshoot_cost": 51.53159281925786, "power_cost": 18.392964099121095, "noise_cost": 17.734160250491428, "n_waypoints_completed": 9, "tot_waypoints": 9}}
{"target": -185.3772525296966, "params": {"k_pid_pos": [1.0031316701085804, 0.024859491386256316, 0.40092638265648595], "k_pid_alt": [1.7297729984189598, 0.0, 0.06527723447865985], "k_pid_att": [37.12179941719916, 2.6298254890628097, 0.3301527476617453], "k_pid_yaw": [0.5, 1e-06, 0.1], "k_pid_hsp": [0.09847755819799779, 0.011264223901387349, 0.0], "k_pid_vsp": [264.9966777379314, 307.0029666248519, 75.78799424181197]}, "datetime": {"datetime": "2025-08-12 00:58:02", "elapsed": 30761.79873108864, "delta": 18.069453716278076}, "costs": {"total_cost": 185.3772525296966, "time_cost": 70.693, "final_distance_cost": 1.8279844273882346, "oscillation_cost": 25.197550933437977, "completition_cost": 0.0, "overshoot_cost": 51.53159281925786, "power_cost": 18.392964099121095, "noise_cost": 17.734160250491428, "n_waypoints_completed": 9, "tot_waypoints": 9}}
{"target": -184.19029373761404, "params": {"k_pid_pos": [1.0031316701085804, 0.024859491386256316, 0.40092638265648595], "k_pid_alt": [1.7297729984189598, 0.0, 0.06527723447865985], "k_pid_att": [32.194164172814396, 5.859554809351448, 0.666719676683535], "k_pid_yaw": [0.5, 1e-06, 0.1], "k_pid_hsp": [0.09847755819799779, 0.011264223901387349, 0.0], "k_pid_vsp": [264.9966777379314, 307.0029666248519, 21.011196465382298]}, "datetime": {"datetime": "2025-08-12 00:58:20", "elapsed": 30779.68546319008, "delta": 17.88673210144043}, "costs": {"total_cost": 184.19029373761404, "time_cost": 70.056, "final_distance_cost": 1.8323144234161957, "oscillation_cost": 26.042678500877987, "completition_cost": 0.0, "overshoot_cost": 50.3864932813518, "power_cost": 18.132564562988282, "noise_cost": 17.740242968979796, "n_waypoints_completed": 9, "tot_waypoints": 9}}
