{"target": -184.8621339105533, "params": {"k_pid_pos": [1.0031316701085804, 0.024859491386256316, 0.40092638265648595], "k_pid_alt": [1.2679502233621702, 0.0, 0.06527723447865985], "k_pid_att": [24.0942673894178, 0.18205753750414305, 0.7033874038379369], "k_pid_yaw": [0.5, 1e-06, 0.1], "k_pid_hsp": [0.09847755819799779, 0.011264223901387349, 0.0], "k_pid_vsp": [316.2191682070645, 307.0029666248519, 21.011196465382298]}, "datetime": {"datetime": "2025-08-11 23:29:27", "elapsed": 25446.68892812729, "delta": 17.418391466140747}, "costs": {"total_cost": 184.8621339105533, "time_cost": 70.427, "final_distance_cost": 1.8360349017331339, "oscillation_cost": 26.012790702022507, "completition_cost": 0.0, "overshoot_cost": 50.663221297763016, "power_cost": 18.146506311035157, "noise_cost": 17.776580697999485, "n_waypoints_completed": 9, "tot_waypoints": 9}}
{"target": -187.1044993996959, "params": {"k_pid_pos": [1.0031316701085804, 0.024859491386256316, 0.40092638265648595], "k_pid_alt": [1.3959173657108794, 0.0, 0.8285330192795117], "k_pid_att": [24.0942673894178, 0.18205753750414305, 0.8792759721912583], "k_pid_yaw": [0.5, 1e-06, 0.1], "k_pid_hsp": [0.09847755819799779, 0.011264223901387349, 0.0], "k_pid_vsp": [292.94687076665593, 307.0029666248519, 21.011196465382298]}, "datetime": {"datetime": "2025-08-11 23:29:45", "elapsed": 25464.844886541367, "delta": 18.15595841407776}, "costs": {"total_cost": 187.1044993996959, "time_cost": 72.31700000000001, "final_distance_cost": 1.8179594411739002, "oscillation_cost": 25.92826197553105, "completition_cost": 0.0, "overshoot_cost": 50.68607066538707, "power_cost": 18.506938000488283, "noise_cost": 17.848269317115594, "n_waypoints_completed": 9, "tot_waypoints": 9}}
{"target": -184.09452520859787, "params": {"k_pid_pos": [1.0031316701085804, 0.024859491386256316, 0.40092638265648595], "k_pid_alt": [1.2679502233621702, 0.0, 0.06527723447865985], "k_pid_att": [24.0942673894178, 0.18205753750414305, 0.8792759721912583], "k_pid_yaw": [0.5, 1e-06, 0.1], "k_pid_hsp": [0.09847755819799779, 0.011264223901387349, 0.0], "k_pid_vsp": [292.94687076665593, 307.0029666248519, 21.011196465382298]}, "datetime": {"datetime": "2025-08-11 23:30:03", "elapsed": 25483.122330904007, "delta": 18.27744436264038}, "costs": {"total_cost": 184.09452520859787, "time_cost": 70.399, "final_distance_cost": 1.8345096342728806, "oscillation_cost": 26.033560826510698, "completition_cost": 0.0, "overshoot_cost": 50.504236002786485, "power_cost": 17.811746228027346, "noise_cost": 17.511472517000485, "n_waypoints_completed": 9, "tot_waypoints": 9}}
{"target": -197.3461256532914, "params": {"k_pid_pos": [1.0031316701085804, 0.024859491386256316, 0.40092638265648595], "k_pid_alt": [1.2679502233621702, 0.0, 0.06527723447865985], "k_pid_att": [24.0942673894178, 8.523668343376618, 0.5074717254068946], "k_pid_yaw": [0.5, 1e-06, 0.1], "k_pid_hsp": [1.5859581202077546, 0.011264223901387349, 0.0], "k_pid_vsp": [292.94687076665593, 307.0029666248519, 21.011196465382298]}, "datetime": {"datetime": "2025-08-11 23:30:22", "elapsed": 25502.14130806923, "delta": 19.018977165222168}, "costs": {"total_cost": 197.3461256532914, "time_cost": 73.07300000000001, "final_distance_cost": 1.8491034475071777, "oscillation_cost": 34.34403364374444, "completition_cost": 0.0, "overshoot_cost": 50.21536010249494, "power_cost": 18.822648828125, "noise_cost": 19.04197963141982, "n_waypoints_completed": 9, "tot_waypoints": 9}}
{"target": -1458.776533799397, "params": {"k_pid_pos": [1.0031316701085804, 0.024859491386256316, 0.40092638265648595], "k_pid_alt": [1.6714132940641002, 0.0, 0.06527723447865985], "k_pid_att": [24.0942673894178, 5.824334032821091, 0.8792759721912583], "k_pid_yaw": [0.5, 1e-06, 0.1], "k_pid_hsp": [0.09847755819799779, 0.011264223901387349, 0.0], "k_pid_vsp": [110.56511661686339, 307.0029666248519, 195.0006501476584]}, "datetime": {"datetime": "2025-08-11 23:30:52", "elapsed": 25532.142169713974, "delta": 30.000861644744873}, "costs": {"total_cost": 1458.776533799397, "time_cost": 150, "final_distance_cost": 1.0001762828760885, "oscillation_cost": 3.4364480087367277, "completition_cost": 1000.0, "overshoot_cost": 162.71717281677886, "power_cost": 29.37603692626953, "noise_cost": 112.2466997647357, "n_waypoints_completed": 0, "tot_waypoints": 9}}
{"target": -276.53836675790063, "params": {"k_pid_pos": [1.0031316701085804, 0.024859491386256316, 0.40092638265648595], "k_pid_alt": [1.6714132940641002, 0.0, 0.06527723447865985], "k_pid_att": [24.0942673894178, 0.18205753750414305, 0.8000710073097888], "k_pid_yaw": [0.5, 1e-06, 0.1], "k_pid_hsp": [0.09847755819799779, 0.2900343745958267, 0.0], "k_pid_vsp": [292.94687076665593, 307.0029666248519, 21.011196465382298]}, "datetime": {"datetime": "2025-08-11 23:31:15", "elapsed": 25554.744342327118, "delta": 22.60217261314392}, "costs": {"total_cost": 276.53836675790063, "time_cost": 84.021, "final_distance_cost": 1.8500133816709006, "oscillation_cost": 88.73352354828587, "completition_cost": 0.0, "overshoot_cost": 53.92424685527342, "power_cost": 23.803616015625, "noise_cost": 24.2059669570454, "n_waypoints_completed": 9, "tot_waypoints": 9}}
{"target": -1728.0323953774136, "params": {"k_pid_pos": [1.0031316701085804, 0.024859491386256316, 0.40092638265648595], "k_pid_alt": [1.7297729984189598, 0.0, 0.06527723447865985], "k_pid_att": [43.13617674596804, 5.824334032821091, 0.8792759721912583], "k_pid_yaw": [0.5, 1e-06, 0.1], "k_pid_hsp": [0.09847755819799779, 0.011264223901387349, 0.9291573179187896], "k_pid_vsp": [375.4159375947967, 349.0334411507856, 21.011196465382298]}, "datetime": {"datetime": "2025-08-11 23:31:46", "elapsed": 25585.885201454163, "delta": 31.140859127044678}, "costs": {"total_cost": 1728.0323953774136, "time_cost": 150, "final_distance_cost": 79.4321078120454, "oscillation_cost": 602.6564908568392, "completition_cost": 777.7777777777778, "overshoot_cost": 56.721004763177575, "power_cost": 34.05805600585938, "noise_cost": 27.386958161714634, "n_waypoints_completed": 2, "tot_waypoints": 9}}
{"target": -1353.458337810252, "params": {"k_pid_pos": [1.7041340386651447, 0.024859491386256316, 0.3434561031905483], "k_pid_alt": [1.2679502233621702, 0.13396904364517792, 0.06527723447865985], "k_pid_att": [24.0942673894178, 0.18205753750414305, 0.3530445525049485], "k_pid_yaw": [0.5, 1e-06, 0.1], "k_pid_hsp": [0.09847755819799779, 0.011264223901387349, 0.0], "k_pid_vsp": [292.94687076665593, 307.0029666248519, 261.2242035915192]}, "datetime": {"datetime": "2025-08-11 23:32:17", "elapsed": 25617.101873874664, "delta": 31.21667242050171}, "costs": {"total_cost": 1353.458337810252, "time_cost": 150, "final_distance_cost": 8.03732523224, "oscillation_cost": 4.573615121047574, "completition_cost": 1000.0, "overshoot_cost": 134.86162089681414, "power_cost": 29.55397850341797, "noise_cost": 26.431798056732315, "n_waypoints_completed": 0, "tot_waypoints": 9}}
{"target": -218.67749571919035, "params": {"k_pid_pos": [1.0031316701085804, 0.3355199412987626, 0.40092638265648595], "k_pid_alt": [1.2679502233621702, 0.0, 0.06527723447865985], "k_pid_att": [24.0942673894178, 0.18205753750414305, 0.8792759721912583], "k_pid_yaw": [0.5, 1e-06, 0.1], "k_pid_hsp": [2.1215903484698817, 0.8679176146891754, 0.0], "k_pid_vsp": [292.94687076665593, 307.0029666248519, 21.011196465382298]}, "datetime": {"datetime": "2025-08-11 23:32:39", "elapsed": 25638.772075414658, "delta": 21.670201539993286}, "costs": {"total_cost": 218.67749571919035, "time_cost": 83.363, "final_distance_cost": 1.8246422947217014, "oscillation_cost": 40.255126314644656, "completition_cost": 0.0, "overshoot_cost": 50.66534151803813, "power_cost": 21.62436520996094, "noise_cost": 20.945020381824957, "n_waypoints_completed": 9, "tot_waypoints": 9}}
{"target": -187.03087108676104, "params": {"k_pid_pos": [1.0031316701085804, 0.024859491386256316, 0.40092638265648595], "k_pid_alt": [0.8257095450628977, 0.0, 0.06527723447865985], "k_pid_att": [24.0942673894178, 0.18205753750414305, 0.8792759721912583], "k_pid_yaw": [0.5, 1e-06, 0.1], "k_pid_hsp": [0.09847755819799779, 0.011264223901387349, 0.0], "k_pid_vsp": [292.94687076665593, 307.0029666248519, 21.011196465382298]}, "datetime": {"datetime": "2025-08-11 23:32:57", "elapsed": 25657.151953935623, "delta": 18.379878520965576}, "costs": {"total_cost": 187.03087108676104, "time_cost": 72.002, "final_distance_cost": 1.8280744847461445, "oscillation_cost": 25.973062008652814, "completition_cost": 0.0, "overshoot_cost": 50.88053525186656, "power_cost": 18.446125036621094, "noise_cost": 17.901074304874438, "n_waypoints_completed": 9, "tot_waypoints": 9}}
{"target": -183.8110225273971, "params": {"k_pid_pos": [1.0031316701085804, 0.024859491386256316, 0.40092638265648595], "k_pid_alt": [1.7297729984189598, 0.0, 0.06527723447865985], "k_pid_att": [24.0942673894178, 0.18205753750414305, 0.666719676683535], "k_pid_yaw": [0.5, 1e-06, 0.1], "k_pid_hsp": [0.09847755819799779, 0.011264223901387349, 0.0], "k_pid_vsp": [292.94687076665593, 307.0029666248519, 21.011196465382298]}, "datetime": {"datetime": "2025-08-11 23:33:16", "elapsed": 25675.548147678375, "delta": 18.396193742752075}, "costs": {"total_cost": 183.8110225273971, "time_cost": 70.07000000000001, "final_distance_cost": 1.8304748413350997, "oscillation_cost": 25.975194414413714, "completition_cost": 0.0, "overshoot_cost": 50.3368091434941, "power_cost": 17.946738708496095, "noise_cost": 17.651805419658114, "n_waypoints_completed": 9, "tot_waypoints": 9}}
{"target": -211.90945670459544, "params": {"k_pid_pos": [1.0031316701085804, 0.024859491386256316, 0.8092599635047751], "k_pid_alt": [0.9507522332047484, 0.0, 0.4406160699284484], "k_pid_att": [24.0942673894178, 6.806811407577699, 0.6711777735375999], "k_pid_yaw": [0.5, 1e-06, 0.1], "k_pid_hsp": [2.241816533453477, 0.011264223901387349, 0.0], "k_pid_vsp": [292.94687076665593, 369.48810340511164, 29.020453107259044]}, "datetime": {"datetime": "2025-08-11 23:33:37", "elapsed": 25696.650493860245, "delta": 21.102346181869507}, "costs": {"total_cost": 211.90945670459544, "time_cost": 81.991, "final_distance_cost": 1.8517212242958394, "oscillation_cost": 35.18866147914516, "completition_cost": 0.0, "overshoot_cost": 50.96503101998837, "power_cost": 21.016521313476563, "noise_cost": 20.89652166768949, "n_waypoints_completed": 9, "tot_waypoints": 9}}
{"target": -187.59037826091276, "params": {"k_pid_pos": [1.9648629373893673, 0.024859491386256316, 0.8544707697037623], "k_pid_alt": [1.2679502233621702, 0.0, 0.06527723447865985], "k_pid_att": [24.0942673894178, 0.18205753750414305, 0.8792759721912583], "k_pid_yaw": [0.5, 1e-06, 0.1], "k_pid_hsp": [0.09847755819799779, 0.011264223901387349, 0.0], "k_pid_vsp": [292.94687076665593, 307.0029666248519, 21.011196465382298]}, "datetime": {"datetime": "2025-08-11 23:33:54", "elapsed": 25714.29966020584, "delta": 17.649166345596313}, "costs": {"total_cost": 187.59037826091276, "time_cost": 69.503, "final_distance_cost": 1.817748537507786, "oscillation_cost": 29.395395933675804, "completition_cost": 0.0, "overshoot_cost": 51.01618369700209, "power_cost": 18.11229987792969, "noise_cost": 17.74575021479736, "n_waypoints_completed": 9, "tot_waypoints": 9}}
{"target": -184.31340001876714, "params": {"k_pid_pos": [1.0031316701085804, 0.024859491386256316, 0.40092638265648595], "k_pid_alt": [1.3959173657108794, 0.0, 0.06527723447865985], "k_pid_att": [24.0942673894178, 0.18205753750414305, 0.8792759721912583], "k_pid_yaw": [0.5, 1e-06, 0.1], "k_pid_hsp": [0.09847755819799779, 0.011264223901387349, 0.0], "k_pid_vsp": [337.79764923111304, 359.530474216699, 21.011196465382298]}, "datetime": {"datetime": "2025-08-11 23:34:13", "elapsed": 25732.966255903244, "delta": 18.666595697402954}, "costs": {"total_cost": 184.31340001876714, "time_cost": 70.259, "final_distance_cost": 1.8342736928618135, "oscillation_cost": 25.80710858122926, "completition_cost": 0.0, "overshoot_cost": 50.8097524841996, "power_cost": 17.964347924804688, "noise_cost": 17.63891733567177, "n_waypoints_completed": 9, "tot_waypoints": 9}}
{"target": -257.2614306993249, "params": {"k_pid_pos": [1.9648629373893673, 0.024859491386256316, 0.8092599635047751], "k_pid_alt": [0.007621888404933719, 0.4519069599193807, 0.06527723447865985], "k_pid_att": [24.0942673894178, 6.806811407577699, 0.6711777735375999], "k_pid_yaw": [0.5, 1e-06, 0.1], "k_pid_hsp": [2.2617444318397215, 0.011264223901387349, 0.0], "k_pid_vsp": [292.94687076665593, 369.48810340511164, 29.020453107259044]}, "datetime": {"datetime": "2025-08-11 23:34:38", "elapsed": 25757.926562309265, "delta": 24.960306406021118}, "costs": {"total_cost": 257.2614306993249, "time_cost": 98.959, "final_distance_cost": 1.7979600674196115, "oscillation_cost": 44.06833561501966, "completition_cost": 0.0, "overshoot_cost": 63.3684822390323, "power_cost": 25.60758673095703, "noise_cost": 23.460066046896277, "n_waypoints_completed": 9, "tot_waypoints": 9}}
{"target": -1461.2563175891096, "params": {"k_pid_pos": [1.0031316701085804, 0.024859491386256316, 0.40092638265648595], "k_pid_alt": [1.6714132940641002, 0.0, 0.06527723447865985], "k_pid_att": [24.0942673894178, 5.824334032821091, 0.8792759721912583], "k_pid_yaw": [0.5, 1e-06, 0.1], "k_pid_hsp": [0.09847755819799779, 0.011264223901387349, 0.0], "k_pid_vsp": [110.56511661686339, 70.08228449677209, 338.805827852657]}, "datetime": {"datetime": "2025-08-11 23:35:08", "elapsed": 25787.933644771576, "delta": 30.00708246231079}, "costs": {"total_cost": 1461.2563175891096, "time_cost": 150, "final_distance_cost": 0.9987748133438501, "oscillation_cost": 3.358000509562888, "completition_cost": 1000.0, "overshoot_cost": 163.06190592221344, "power_cost": 29.302731481933595, "noise_cost": 114.53490486205587, "n_waypoints_completed": 0, "tot_waypoints": 9}}
{"target": -1352.7514111172084, "params": {"k_pid_pos": [1.0031316701085804, 0.024859491386256316, 0.40092638265648595], "k_pid_alt": [1.957714269797994, 0.5297830489215293, 0.06527723447865985], "k_pid_att": [24.0942673894178, 0.18205753750414305, 0.8792759721912583], "k_pid_yaw": [0.5, 1e-06, 0.1], "k_pid_hsp": [0.09847755819799779, 0.011264223901387349, 0.9077837455283392], "k_pid_vsp": [128.61003815237223, 307.0029666248519, 21.011196465382298]}, "datetime": {"datetime": "2025-08-11 23:35:39", "elapsed": 25818.918753147125, "delta": 30.985108375549316}, "costs": {"total_cost": 1352.7514111172084, "time_cost": 150, "final_distance_cost": 38.40737536159092, "oscillation_cost": 457.6030792863879, "completition_cost": 555.5555555555555, "overshoot_cost": 93.77221034259694, "power_cost": 30.248037060546878, "noise_cost": 27.16515351052997, "n_waypoints_completed": 4, "tot_waypoints": 9}}
{"target": -192.70489432327355, "params": {"k_pid_pos": [1.0031316701085804, 0.024859491386256316, 0.40092638265648595], "k_pid_alt": [1.2679502233621702, 0.0, 0.06527723447865985], "k_pid_att": [24.0942673894178, 0.18205753750414305, 0.8792759721912583], "k_pid_yaw": [0.5, 1e-06, 0.1], "k_pid_hsp": [1.0076768036881465, 0.011264223901387349, 0.0], "k_pid_vsp": [292.94687076665593, 307.0029666248519, 21.011196465382298]}, "datetime": {"datetime": "2025-08-11 23:35:58", "elapsed": 25837.936421394348, "delta": 19.0176682472229}, "costs": {"total_cost": 192.70489432327355, "time_cost": 72.702, "final_distance_cost": 1.8538548517973972, "oscillation_cost": 30.013273755710756, "completition_cost": 0.0, "overshoot_cost": 50.237832341601965, "power_cost": 18.87360302734375, "noise_cost": 19.024330346819692, "n_waypoints_completed": 9, "tot_waypoints": 9}}
{"target": -1026.5302914155545, "params": {"k_pid_pos": [1.0031316701085804, 0.0544130249557343, 0.40092638265648595], "k_pid_alt": [1.7297729984189598, 0.5297830489215293, 0.5680103492534012], "k_pid_att": [24.0942673894178, 7.364770926492336, 0.8792759721912583], "k_pid_yaw": [0.5, 1e-06, 0.1], "k_pid_hsp": [0.09847755819799779, 0.9235714163922957, 0.0], "k_pid_vsp": [128.61003815237223, 307.0029666248519, 21.011196465382298]}, "datetime": {"datetime": "2025-08-11 23:36:28", "elapsed": 25868.184017419815, "delta": 30.24759602546692}, "costs": {"total_cost": 1026.5302914155545, "time_cost": 150, "final_distance_cost": 49.557910936331815, "oscillation_cost": 125.63524600846277, "completition_cost": 555.5555555555555, "overshoot_cost": 76.09558782471413, "power_cost": 36.00453120117188, "noise_cost": 33.68145988931834, "n_waypoints_completed": 4, "tot_waypoints": 9}}
{"target": -191.04677620577715, "params": {"k_pid_pos": [1.097674141165482, 0.024859491386256316, 0.8092599635047751], "k_pid_alt": [0.8287604735407312, 0.41495670262089157, 0.2915903713486512], "k_pid_att": [24.0942673894178, 1.7717243195899302, 0.8792759721912583], "k_pid_yaw": [0.5, 1e-06, 0.1], "k_pid_hsp": [0.09847755819799779, 0.011264223901387349, 0.0], "k_pid_vsp": [292.94687076665593, 307.0029666248519, 21.011196465382298]}, "datetime": {"datetime": "2025-08-11 23:36:47", "elapsed": 25887.18491244316, "delta": 19.000895023345947}, "costs": {"total_cost": 191.04677620577715, "time_cost": 75.362, "final_distance_cost": 1.7797283905640837, "oscillation_cost": 25.55303579094899, "completition_cost": 0.0, "overshoot_cost": 51.653931975747476, "power_cost": 18.881252282714843, "noise_cost": 17.81682776580174, "n_waypoints_completed": 9, "tot_waypoints": 9}}
{"target": -197.47087734166288, "params": {"k_pid_pos": [1.097674141165482, 0.024859491386256316, 0.8092599635047751], "k_pid_alt": [0.5447770384028499, 0.41495670262089157, 0.2915903713486512], "k_pid_att": [24.0942673894178, 1.1889791607388933, 0.8792759721912583], "k_pid_yaw": [0.5, 1e-06, 0.1], "k_pid_hsp": [0.09847755819799779, 0.011264223901387349, 0.0], "k_pid_vsp": [292.94687076665593, 307.0029666248519, 21.011196465382298]}, "datetime": {"datetime": "2025-08-11 23:37:08", "elapsed": 25908.37611889839, "delta": 21.191206455230713}, "costs": {"total_cost": 197.47087734166288, "time_cost": 78.729, "final_distance_cost": 1.7991688135829396, "oscillation_cost": 25.848603264319742, "completition_cost": 0.0, "overshoot_cost": 52.9680102560714, "power_cost": 19.622414392089844, "noise_cost": 18.503680615598977, "n_waypoints_completed": 9, "tot_waypoints": 9}}
{"target": -186.4283109884293, "params": {"k_pid_pos": [1.0031316701085804, 0.024859491386256316, 0.5374545101912236], "k_pid_alt": [1.2679502233621702, 0.0, 0.06527723447865985], "k_pid_att": [24.0942673894178, 5.824334032821091, 0.8792759721912583], "k_pid_yaw": [0.5, 1e-06, 0.1], "k_pid_hsp": [0.09847755819799779, 0.011264223901387349, 0.0], "k_pid_vsp": [110.56511661686339, 307.0029666248519, 21.011196465382298]}, "datetime": {"datetime": "2025-08-11 23:37:30", "elapsed": 25929.474959373474, "delta": 21.098840475082397}, "costs": {"total_cost": 186.4283109884293, "time_cost": 71.071, "final_distance_cost": 1.8435732389626058, "oscillation_cost": 26.413202797457764, "completition_cost": 0.0, "overshoot_cost": 50.693406901327116, "power_cost": 18.36196560058594, "noise_cost": 18.045162450095898, "n_waypoints_completed": 9, "tot_waypoints": 9}}
{"target": -183.8110225273971, "params": {"k_pid_pos": [1.0031316701085804, 0.024859491386256316, 0.40092638265648595], "k_pid_alt": [1.7297729984189598, 0.0, 0.06527723447865985], "k_pid_att": [24.0942673894178, 0.18205753750414305, 0.666719676683535], "k_pid_yaw": [0.5, 1e-06, 0.1], "k_pid_hsp": [0.09847755819799779, 0.011264223901387349, 0.0], "k_pid_vsp": [292.94687076665593, 307.0029666248519, 21.011196465382298]}, "datetime": {"datetime": "2025-08-11 23:37:49", "elapsed": 25948.711960077286, "delta": 19.237000703811646}, "costs": {"total_cost": 183.8110225273971, "time_cost": 70.07000000000001, "final_distance_cost": 1.8304748413350997, "oscillation_cost": 25.975194414413714, "completition_cost": 0.0, "overshoot_cost": 50.3368091434941, "power_cost": 17.946738708496095, "noise_cost": 17.651805419658114, "n_waypoints_completed": 9, "tot_waypoints": 9}}
{"target": -183.82532284398832, "params": {"k_pid_pos": [1.0031316701085804, 0.024859491386256316, 0.40092638265648595], "k_pid_alt": [1.7297729984189598, 0.0, 0.06527723447865985], "k_pid_att": [24.0942673894178, 0.18205753750414305, 0.8000710073097888], "k_pid_yaw": [0.5, 1e-06, 0.1], "k_pid_hsp": [0.09847755819799779, 0.011264223901387349, 0.0], "k_pid_vsp": [292.94687076665593, 307.0029666248519, 21.011196465382298]}, "datetime": {"datetime": "2025-08-11 23:38:08", "elapsed": 25967.69198179245, "delta": 18.980021715164185}, "costs": {"total_cost": 183.82532284398832, "time_cost": 70.09100000000001, "final_distance_cost": 1.8231009473933748, "oscillation_cost": 25.965542331507148, "completition_cost": 0.0, "overshoot_cost": 50.43411641111121, "power_cost": 17.877806713867187, "noise_cost": 17.633756440109373, "n_waypoints_completed": 9, "tot_waypoints": 9}}
{"target": -184.00642531641506, "params": {"k_pid_pos": [1.0031316701085804, 0.024859491386256316, 0.40092638265648595], "k_pid_alt": [1.7297729984189598, 0.0, 0.06527723447865985], "k_pid_att": [24.0942673894178, 0.18205753750414305, 0.8792759721912583], "k_pid_yaw": [0.5, 1e-06, 0.1], "k_pid_hsp": [0.09847755819799779, 0.011264223901387349, 0.0], "k_pid_vsp": [316.2191682070645, 307.0029666248519, 21.011196465382298]}, "datetime": {"datetime": "2025-08-11 23:38:25", "elapsed": 25985.244377613068, "delta": 17.552395820617676}, "costs": {"total_cost": 184.00642531641506, "time_cost": 70.09100000000001, "final_distance_cost": 1.8159919608781359, "oscillation_cost": 25.94489514214551, "completition_cost": 0.0, "overshoot_cost": 50.49029792783175, "power_cost": 17.95253094482422, "noise_cost": 17.71170934073545, "n_waypoints_completed": 9, "tot_waypoints": 9}}
