{"target": -224.5685085897592, "params": {"k_pid_pos": [1.0031316701085804, 0.5438063855161558, 0.06175353258437599], "k_pid_alt": [1.7297729984189598, 0.0, 0.02282466901291924], "k_pid_att": [32.194164172814396, 5.859554809351448, 0.666719676683535], "k_pid_yaw": [0.5, 1e-06, 0.1], "k_pid_hsp": [0.09847755819799779, 0.011264223901387349, 0.0], "k_pid_vsp": [264.9966777379314, 307.0029666248519, 21.011196465382298]}, "datetime": {"datetime": "2025-08-12 02:28:42", "elapsed": 36202.01665711403, "delta": 22.85121250152588}, "costs": {"total_cost": 224.5685085897592, "time_cost": 86.443, "final_distance_cost": 1.7462852807260782, "oscillation_cost": 37.1327836262029, "completition_cost": 0.0, "overshoot_cost": 54.371925086585044, "power_cost": 22.588397326660157, "noise_cost": 22.286117269585027, "n_waypoints_completed": 9, "tot_waypoints": 9}}
{"target": -183.81750979699797, "params": {"k_pid_pos": [1.0031316701085804, 0.024859491386256316, 0.40092638265648595], "k_pid_alt": [1.7297729984189598, 0.0, 0.014398680574380873], "k_pid_att": [11.329609997636037, 6.043751783864618, 0.666719676683535], "k_pid_yaw": [0.5, 1e-06, 0.1], "k_pid_hsp": [0.09847755819799779, 0.011264223901387349, 0.0], "k_pid_vsp": [264.9966777379314, 140.03862743104432, 2.77343605205192]}, "datetime": {"datetime": "2025-08-12 02:28:59", "elapsed": 36219.21686911583, "delta": 17.200212001800537}, "costs": {"total_cost": 183.81750979699797, "time_cost": 70.049, "final_distance_cost": 1.83149780644109, "oscillation_cost": 26.227785360519977, "completition_cost": 0.0, "overshoot_cost": 50.66039440808946, "power_cost": 14.193144934082031, "noise_cost": 20.85568728786542, "n_waypoints_completed": 9, "tot_waypoints": 9}}
{"target": -183.53649260238842, "params": {"k_pid_pos": [1.0031316701085804, 0.024859491386256316, 0.40092638265648595], "k_pid_alt": [1.7297729984189598, 0.0, 0.06527723447865985], "k_pid_att": [54.227890723214855, 5.859554809351448, 0.666719676683535], "k_pid_yaw": [0.5, 1e-06, 0.1], "k_pid_hsp": [0.09847755819799779, 0.011264223901387349, 0.0], "k_pid_vsp": [264.9966777379314, 140.03862743104432, 2.77343605205192]}, "datetime": {"datetime": "2025-08-12 02:29:18", "elapsed": 36238.2155110836, "delta": 18.998641967773438}, "costs": {"total_cost": 183.53649260238842, "time_cost": 70.182, "final_distance_cost": 1.8157228574093423, "oscillation_cost": 25.80330890253672, "completition_cost": 0.0, "overshoot_cost": 50.51887842229217, "power_cost": 14.2017048828125, "noise_cost": 21.01487753733769, "n_waypoints_completed": 9, "tot_waypoints": 9}}
{"target": -183.53649260238842, "params": {"k_pid_pos": [1.0031316701085804, 0.024859491386256316, 0.40092638265648595], "k_pid_alt": [1.7297729984189598, 0.0, 0.06527723447865985], "k_pid_att": [54.227890723214855, 5.859554809351448, 0.666719676683535], "k_pid_yaw": [0.5, 1e-06, 0.1], "k_pid_hsp": [0.09847755819799779, 0.011264223901387349, 0.0], "k_pid_vsp": [264.9966777379314, 140.03862743104432, 2.77343605205192]}, "datetime": {"datetime": "2025-08-12 02:29:36", "elapsed": 36256.06846046448, "delta": 17.852949380874634}, "costs": {"total_cost": 183.53649260238842, "time_cost": 70.182, "final_distance_cost": 1.8157228574093423, "oscillation_cost": 25.80330890253672, "completition_cost": 0.0, "overshoot_cost": 50.51887842229217, "power_cost": 14.2017048828125, "noise_cost": 21.01487753733769, "n_waypoints_completed": 9, "tot_waypoints": 9}}
{"target": -183.55365774200436, "params": {"k_pid_pos": [1.0031316701085804, 0.024859491386256316, 0.40092638265648595], "k_pid_alt": [1.7297729984189598, 0.0, 0.06527723447865985], "k_pid_att": [11.329609997636037, 6.043751783864618, 0.666719676683535], "k_pid_yaw": [0.5, 1e-06, 0.1], "k_pid_hsp": [0.09847755819799779, 0.011264223901387349, 0.0], "k_pid_vsp": [264.9966777379314, 269.5271781685674, 2.77343605205192]}, "datetime": {"datetime": "2025-08-12 02:29:55", "elapsed": 36274.80896282196, "delta": 18.74050235748291}, "costs": {"total_cost": 183.55365774200436, "time_cost": 69.895, "final_distance_cost": 1.8391751394566367, "oscillation_cost": 26.48301275884688, "completition_cost": 0.0, "overshoot_cost": 50.39926947400626, "power_cost": 14.176893884277344, "noise_cost": 20.76030648541722, "n_waypoints_completed": 9, "tot_waypoints": 9}}
{"target": -208.77456229142, "params": {"k_pid_pos": [1.0031316701085804, 0.024859491386256316, 0.40092638265648595], "k_pid_alt": [1.6664687922778647, 0.0, 0.06527723447865985], "k_pid_att": [37.12179941719916, 5.859554809351448, 0.666719676683535], "k_pid_yaw": [0.5, 1e-06, 0.1], "k_pid_hsp": [5.443665085475852, 0.011264223901387349, 0.0], "k_pid_vsp": [264.9966777379314, 307.0029666248519, 21.011196465382298]}, "datetime": {"datetime": "2025-08-12 02:30:13", "elapsed": 36293.020485162735, "delta": 18.211522340774536}, "costs": {"total_cost": 208.77456229142, "time_cost": 72.989, "final_distance_cost": 1.8502588470162677, "oscillation_cost": 45.033965942685846, "completition_cost": 0.0, "overshoot_cost": 50.58267643847745, "power_cost": 19.11083740234375, "noise_cost": 19.207823660896707, "n_waypoints_completed": 9, "tot_waypoints": 9}}
{"target": -187.81140322245636, "params": {"k_pid_pos": [1.538395483829655, 0.024859491386256316, 0.40092638265648595], "k_pid_alt": [1.7297729984189598, 0.0, 0.06527723447865985], "k_pid_att": [37.12179941719916, 5.859554809351448, 0.666719676683535], "k_pid_yaw": [0.5, 1e-06, 0.1], "k_pid_hsp": [0.09847755819799779, 0.011264223901387349, 0.0], "k_pid_vsp": [264.9966777379314, 307.0029666248519, 21.011196465382298]}, "datetime": {"datetime": "2025-08-12 02:30:32", "elapsed": 36311.60444808006, "delta": 18.58396291732788}, "costs": {"total_cost": 187.81140322245636, "time_cost": 69.342, "final_distance_cost": 1.8079172167473179, "oscillation_cost": 29.939887259057546, "completition_cost": 0.0, "overshoot_cost": 51.00918236714993, "power_cost": 18.067673657226564, "noise_cost": 17.644742722275005, "n_waypoints_completed": 9, "tot_waypoints": 9}}
{"target": -207.63589423106285, "params": {"k_pid_pos": [1.0031316701085804, 0.23327464745294124, 0.40092638265648595], "k_pid_alt": [1.7297729984189598, 0.0, 0.06527723447865985], "k_pid_att": [11.329609997636037, 6.043751783864618, 0.666719676683535], "k_pid_yaw": [0.5, 1e-06, 0.1], "k_pid_hsp": [0.09847755819799779, 0.011264223901387349, 0.0], "k_pid_vsp": [11.291675944504354, 140.03862743104432, 2.77343605205192]}, "datetime": {"datetime": "2025-08-12 02:30:52", "elapsed": 36331.89559340477, "delta": 20.29114532470703}, "costs": {"total_cost": 207.63589423106285, "time_cost": 79.891, "final_distance_cost": 1.7843780265822797, "oscillation_cost": 33.11875256414098, "completition_cost": 0.0, "overshoot_cost": 52.83243646485048, "power_cost": 18.756228784179687, "noise_cost": 21.25309839130944, "n_waypoints_completed": 9, "tot_waypoints": 9}}
{"target": -183.53649260238842, "params": {"k_pid_pos": [1.0031316701085804, 0.024859491386256316, 0.40092638265648595], "k_pid_alt": [1.7297729984189598, 0.0, 0.06527723447865985], "k_pid_att": [54.227890723214855, 5.859554809351448, 0.666719676683535], "k_pid_yaw": [0.5, 1e-06, 0.1], "k_pid_hsp": [0.09847755819799779, 0.011264223901387349, 0.0], "k_pid_vsp": [264.9966777379314, 140.03862743104432, 2.77343605205192]}, "datetime": {"datetime": "2025-08-12 02:31:11", "elapsed": 36351.28004336357, "delta": 19.38444995880127}, "costs": {"total_cost": 183.53649260238842, "time_cost": 70.182, "final_distance_cost": 1.8157228574093423, "oscillation_cost": 25.80330890253672, "completition_cost": 0.0, "overshoot_cost": 50.51887842229217, "power_cost": 14.2017048828125, "noise_cost": 21.01487753733769, "n_waypoints_completed": 9, "tot_waypoints": 9}}
{"target": -193.17148635443615, "params": {"k_pid_pos": [1.0031316701085804, 0.024859491386256316, 0.5922288399539734], "k_pid_alt": [0.6162310025038176, 0.0, 0.06527723447865985], "k_pid_att": [81.71435317647585, 2.8503329366774977, 0.666719676683535], "k_pid_yaw": [0.5, 1e-06, 0.1], "k_pid_hsp": [0.09847755819799779, 0.011264223901387349, 0.0], "k_pid_vsp": [264.9966777379314, 307.0029666248519, 21.011196465382298]}, "datetime": {"datetime": "2025-08-12 02:31:30", "elapsed": 36369.8852558136, "delta": 18.605212450027466}, "costs": {"total_cost": 193.17148635443615, "time_cost": 75.831, "final_distance_cost": 1.8424867257803625, "oscillation_cost": 26.091394927668777, "completition_cost": 0.0, "overshoot_cost": 51.194525077344245, "power_cost": 19.468478283691407, "noise_cost": 18.743601339951365, "n_waypoints_completed": 9, "tot_waypoints": 9}}
{"target": -184.89345115399678, "params": {"k_pid_pos": [1.0031316701085804, 0.024859491386256316, 0.40092638265648595], "k_pid_alt": [1.7297729984189598, 0.0, 0.15791560522360282], "k_pid_att": [37.12179941719916, 5.859554809351448, 0.12678522794134206], "k_pid_yaw": [0.5, 1e-06, 0.1], "k_pid_hsp": [0.09847755819799779, 0.011264223901387349, 0.0], "k_pid_vsp": [264.9966777379314, 307.0029666248519, 21.011196465382298]}, "datetime": {"datetime": "2025-08-12 02:31:50", "elapsed": 36389.45204949379, "delta": 19.56679368019104}, "costs": {"total_cost": 184.89345115399678, "time_cost": 70.098, "final_distance_cost": 1.8344964835039907, "oscillation_cost": 26.673330104365206, "completition_cost": 0.0, "overshoot_cost": 50.453103299364045, "power_cost": 18.125378100585937, "noise_cost": 17.709143166177576, "n_waypoints_completed": 9, "tot_waypoints": 9}}
{"target": -220.92111855096226, "params": {"k_pid_pos": [1.0031316701085804, 0.6906262193658564, 0.40092638265648595], "k_pid_alt": [1.7297729984189598, 0.0, 0.06527723447865985], "k_pid_att": [11.329609997636037, 6.043751783864618, 0.666719676683535], "k_pid_yaw": [0.5, 1e-06, 0.1], "k_pid_hsp": [0.09847755819799779, 0.011264223901387349, 0.0], "k_pid_vsp": [264.9966777379314, 140.03862743104432, 2.77343605205192]}, "datetime": {"datetime": "2025-08-12 02:32:12", "elapsed": 36411.69228696823, "delta": 22.24023747444153}, "costs": {"total_cost": 220.92111855096226, "time_cost": 85.743, "final_distance_cost": 1.7294189698420808, "oscillation_cost": 35.64922499435545, "completition_cost": 0.0, "overshoot_cost": 54.4062152242193, "power_cost": 17.85997099609375, "noise_cost": 25.53328836645166, "n_waypoints_completed": 9, "tot_waypoints": 9}}
{"target": -183.53649260238842, "params": {"k_pid_pos": [1.0031316701085804, 0.024859491386256316, 0.40092638265648595], "k_pid_alt": [1.7297729984189598, 0.0, 0.06527723447865985], "k_pid_att": [54.227890723214855, 5.859554809351448, 0.666719676683535], "k_pid_yaw": [0.5, 1e-06, 0.1], "k_pid_hsp": [0.09847755819799779, 0.011264223901387349, 0.0], "k_pid_vsp": [264.9966777379314, 140.03862743104432, 2.77343605205192]}, "datetime": {"datetime": "2025-08-12 02:32:29", "elapsed": 36428.92026090622, "delta": 17.22797393798828}, "costs": {"total_cost": 183.53649260238842, "time_cost": 70.182, "final_distance_cost": 1.8157228574093423, "oscillation_cost": 25.80330890253672, "completition_cost": 0.0, "overshoot_cost": 50.51887842229217, "power_cost": 14.2017048828125, "noise_cost": 21.01487753733769, "n_waypoints_completed": 9, "tot_waypoints": 9}}
{"target": -187.45979025493702, "params": {"k_pid_pos": [1.0031316701085804, 0.024859491386256316, 0.40092638265648595], "k_pid_alt": [0.7503000084241305, 0.0, 0.06527723447865985], "k_pid_att": [54.227890723214855, 5.859554809351448, 0.666719676683535], "k_pid_yaw": [0.5, 1e-06, 0.1], "k_pid_hsp": [0.09847755819799779, 0.011264223901387349, 0.0], "k_pid_vsp": [264.9966777379314, 250.21609499067577, 2.77343605205192]}, "datetime": {"datetime": "2025-08-12 02:32:49", "elapsed": 36448.64949941635, "delta": 19.729238510131836}, "costs": {"total_cost": 187.45979025493702, "time_cost": 73.059, "final_distance_cost": 1.8276974188799149, "oscillation_cost": 26.10391572775343, "completition_cost": 0.0, "overshoot_cost": 50.57066456833132, "power_cost": 14.588785803222658, "noise_cost": 21.309726736749692, "n_waypoints_completed": 9, "tot_waypoints": 9}}
{"target": -198.60881858620291, "params": {"k_pid_pos": [1.0031316701085804, 0.024859491386256316, 0.40092638265648595], "k_pid_alt": [1.7297729984189598, 0.27875359925262033, 0.06527723447865985], "k_pid_att": [10.144412392664826, 5.859554809351448, 0.666719676683535], "k_pid_yaw": [0.5, 1e-06, 0.1], "k_pid_hsp": [0.09847755819799779, 0.011264223901387349, 0.0], "k_pid_vsp": [264.9966777379314, 307.0029666248519, 21.011196465382298]}, "datetime": {"datetime": "2025-08-12 02:33:10", "elapsed": 36469.486241817474, "delta": 20.836742401123047}, "costs": {"total_cost": 198.60881858620291, "time_cost": 79.226, "final_distance_cost": 1.8039308441262456, "oscillation_cost": 27.38875372147428, "completition_cost": 0.0, "overshoot_cost": 51.06267139626925, "power_cost": 20.17365369873047, "noise_cost": 18.953808925602672, "n_waypoints_completed": 9, "tot_waypoints": 9}}
{"target": -555.9967842674525, "params": {"k_pid_pos": [1.0031316701085804, 0.024859491386256316, 0.40092638265648595], "k_pid_alt": [1.7297729984189598, 0.0, 0.06527723447865985], "k_pid_att": [79.43924172572177, 3.014715642298994, 0.666719676683535], "k_pid_yaw": [0.5, 1e-06, 0.1], "k_pid_hsp": [0.09847755819799779, 0.6076176839441306, 0.0], "k_pid_vsp": [264.9966777379314, 269.5271781685674, 2.77343605205192]}, "datetime": {"datetime": "2025-08-12 02:33:42", "elapsed": 36501.46119213104, "delta": 31.974950313568115}, "costs": {"total_cost": 555.9967842674525, "time_cost": 150, "final_distance_cost": 8.823214859687742, "oscillation_cost": 140.1779655821418, "completition_cost": 111.11111111111116, "overshoot_cost": 75.97306252320708, "power_cost": 33.44735668945312, "noise_cost": 36.46407350185168, "n_waypoints_completed": 8, "tot_waypoints": 9}}
{"target": -192.74388541996, "params": {"k_pid_pos": [1.1188946181278843, 0.024859491386256316, 0.40092638265648595], "k_pid_alt": [1.7297729984189598, 0.5940520228477385, 0.06527723447865985], "k_pid_att": [54.227890723214855, 5.859554809351448, 0.666719676683535], "k_pid_yaw": [0.5, 1e-06, 0.1], "k_pid_hsp": [0.09847755819799779, 0.011264223901387349, 0.0], "k_pid_vsp": [264.9966777379314, 140.03862743104432, 2.77343605205192]}, "datetime": {"datetime": "2025-08-12 02:34:01", "elapsed": 36520.62933754921, "delta": 19.168145418167114}, "costs": {"total_cost": 192.74388541996, "time_cost": 75.642, "final_distance_cost": 1.7936894210403278, "oscillation_cost": 27.141962133527468, "completition_cost": 0.0, "overshoot_cost": 51.500834230205164, "power_cost": 15.095651281738283, "noise_cost": 21.569748353448784, "n_waypoints_completed": 9, "tot_waypoints": 9}}
{"target": -205.5636109586657, "params": {"k_pid_pos": [1.0031316701085804, 0.5480032069558575, 0.40092638265648595], "k_pid_alt": [1.7297729984189598, 0.0, 0.06527723447865985], "k_pid_att": [54.227890723214855, 2.8503329366774977, 0.666719676683535], "k_pid_yaw": [0.5, 1e-06, 0.1], "k_pid_hsp": [0.09847755819799779, 0.011264223901387349, 0.0], "k_pid_vsp": [264.9966777379314, 307.0029666248519, 21.011196465382298]}, "datetime": {"datetime": "2025-08-12 02:34:22", "elapsed": 36541.50518107414, "delta": 20.87584352493286}, "costs": {"total_cost": 205.5636109586657, "time_cost": 79.849, "final_distance_cost": 1.746190774099568, "oscillation_cost": 31.685194031999668, "completition_cost": 0.0, "overshoot_cost": 52.14704034003332, "power_cost": 20.56411397705078, "noise_cost": 19.57207183548231, "n_waypoints_completed": 9, "tot_waypoints": 9}}
{"target": -183.7419832202183, "params": {"k_pid_pos": [1.0031316701085804, 0.024859491386256316, 0.40092638265648595], "k_pid_alt": [1.7297729984189598, 0.0, 0.06527723447865985], "k_pid_att": [37.12179941719916, 5.859554809351448, 0.666719676683535], "k_pid_yaw": [0.5, 1e-06, 0.1], "k_pid_hsp": [0.09847755819799779, 0.011264223901387349, 0.0], "k_pid_vsp": [264.9966777379314, 140.03862743104432, 2.77343605205192]}, "datetime": {"datetime": "2025-08-12 02:34:41", "elapsed": 36560.48687148094, "delta": 18.981690406799316}, "costs": {"total_cost": 183.7419832202183, "time_cost": 70.126, "final_distance_cost": 1.8373234625750368, "oscillation_cost": 25.798699387463046, "completition_cost": 0.0, "overshoot_cost": 50.908828127051045, "power_cost": 14.175547399902344, "noise_cost": 20.895584843226803, "n_waypoints_completed": 9, "tot_waypoints": 9}}
{"target": -202.1148489884079, "params": {"k_pid_pos": [1.0031316701085804, 0.024859491386256316, 0.40092638265648595], "k_pid_alt": [0.8511837275376319, 0.0, 0.014398680574380873], "k_pid_att": [11.329609997636037, 8.451705289372699, 0.666719676683535], "k_pid_yaw": [0.5, 1e-06, 0.1], "k_pid_hsp": [3.8165853135157835, 0.011264223901387349, 0.0], "k_pid_vsp": [264.9966777379314, 140.03862743104432, 2.77343605205192]}, "datetime": {"datetime": "2025-08-12 02:35:00", "elapsed": 36579.471539735794, "delta": 18.984668254852295}, "costs": {"total_cost": 202.1148489884079, "time_cost": 74.767, "final_distance_cost": 1.851916166954954, "oscillation_cost": 36.753866716296905, "completition_cost": 0.0, "overshoot_cost": 50.49892052048279, "power_cost": 15.475581774902345, "noise_cost": 22.767563809770937, "n_waypoints_completed": 9, "tot_waypoints": 9}}
{"target": -183.80606818996455, "params": {"k_pid_pos": [1.0031316701085804, 0.024859491386256316, 0.40092638265648595], "k_pid_alt": [1.7297729984189598, 0.0, 0.02282466901291924], "k_pid_att": [32.194164172814396, 5.859554809351448, 0.666719676683535], "k_pid_yaw": [0.5, 1e-06, 0.1], "k_pid_hsp": [0.09847755819799779, 0.011264223901387349, 0.0], "k_pid_vsp": [264.9966777379314, 307.0029666248519, 21.011196465382298]}, "datetime": {"datetime": "2025-08-12 02:35:18", "elapsed": 36597.76147913933, "delta": 18.289939403533936}, "costs": {"total_cost": 183.80606818996455, "time_cost": 70.049, "final_distance_cost": 1.8328616209629816, "oscillation_cost": 26.018850336716934, "completition_cost": 0.0, "overshoot_cost": 50.11739868466329, "power_cost": 18.087833264160157, "noise_cost": 17.700124283461154, "n_waypoints_completed": 9, "tot_waypoints": 9}}
{"target": -1702.3481977173572, "params": {"k_pid_pos": [1.0031316701085804, 0.024859491386256316, 0.7419950763377208], "k_pid_alt": [1.7297729984189598, 0.0, 0.02282466901291924], "k_pid_att": [32.194164172814396, 5.859554809351448, 0.666719676683535], "k_pid_yaw": [0.5, 1e-06, 0.1], "k_pid_hsp": [0.09847755819799779, 0.011264223901387349, 0.6131883133805259], "k_pid_vsp": [264.9966777379314, 307.0029666248519, 21.011196465382298]}, "datetime": {"datetime": "2025-08-12 02:35:48", "elapsed": 36628.25016331673, "delta": 30.48868417739868}, "costs": {"total_cost": 1702.3481977173572, "time_cost": 150, "final_distance_cost": 85.98647567690695, "oscillation_cost": 635.3248885717179, "completition_cost": 666.6666666666667, "overshoot_cost": 102.61535155055199, "power_cost": 34.21734548339844, "noise_cost": 27.537469768115017, "n_waypoints_completed": 3, "tot_waypoints": 9}}
{"target": -191.40808439409807, "params": {"k_pid_pos": [1.0031316701085804, 0.024859491386256316, 0.8672549058211023], "k_pid_alt": [1.7297729984189598, 0.0, 0.06527723447865985], "k_pid_att": [37.12179941719916, 5.3753599788647985, 0.666719676683535], "k_pid_yaw": [0.5, 1e-06, 0.1], "k_pid_hsp": [0.09847755819799779, 0.011264223901387349, 0.0], "k_pid_vsp": [264.9966777379314, 307.0029666248519, 21.011196465382298]}, "datetime": {"datetime": "2025-08-12 02:36:08", "elapsed": 36647.769292354584, "delta": 19.519129037857056}, "costs": {"total_cost": 191.40808439409807, "time_cost": 74.41, "final_distance_cost": 1.8511976542250719, "oscillation_cost": 25.227593619058688, "completition_cost": 0.0, "overshoot_cost": 51.54145877721642, "power_cost": 19.11990029296875, "noise_cost": 19.257934050629164, "n_waypoints_completed": 9, "tot_waypoints": 9}}
{"target": -184.23674890293051, "params": {"k_pid_pos": [1.0031316701085804, 0.024859491386256316, 0.40092638265648595], "k_pid_alt": [1.440715734429763, 0.0, 0.02282466901291924], "k_pid_att": [32.194164172814396, 5.859554809351448, 0.666719676683535], "k_pid_yaw": [0.5, 1e-06, 0.1], "k_pid_hsp": [0.09847755819799779, 0.011264223901387349, 0.0], "k_pid_vsp": [264.9966777379314, 307.0029666248519, 21.011196465382298]}, "datetime": {"datetime": "2025-08-12 02:36:26", "elapsed": 36665.430208683014, "delta": 17.660916328430176}, "costs": {"total_cost": 184.23674890293051, "time_cost": 70.126, "final_distance_cost": 1.8182426049026594, "oscillation_cost": 26.197584098862134, "completition_cost": 0.0, "overshoot_cost": 50.48505096215721, "power_cost": 18.040272692871095, "noise_cost": 17.569598544137406, "n_waypoints_completed": 9, "tot_waypoints": 9}}
{"target": -214.28154616198285, "params": {"k_pid_pos": [1.0031316701085804, 0.7626829481589051, 0.880416601094507], "k_pid_alt": [1.411112159818204, 0.0, 0.06527723447865985], "k_pid_att": [37.12179941719916, 5.859554809351448, 0.666719676683535], "k_pid_yaw": [0.5, 1e-06, 0.1], "k_pid_hsp": [0.09847755819799779, 0.011264223901387349, 0.0], "k_pid_vsp": [264.9966777379314, 307.0029666248519, 21.011196465382298]}, "datetime": {"datetime": "2025-08-12 02:36:48", "elapsed": 36688.142287015915, "delta": 22.712078332901}, "costs": {"total_cost": 214.28154616198285, "time_cost": 87.304, "final_distance_cost": 1.7847384523023908, "oscillation_cost": 31.184899400333745, "completition_cost": 0.0, "overshoot_cost": 50.50488080018278, "power_cost": 22.423660095214846, "noise_cost": 21.07936741394909, "n_waypoints_completed": 9, "tot_waypoints": 9}}
