{"target": -214.73622637312536, "params": {"k_pid_pos": [1.8624793477566346, 0.5922749504444044, 0.3736141384595716], "k_pid_alt": [1.515427128667956, 0.0, 0.949345597264735], "k_pid_att": [39.447728079683905, 3.8677381495188174, 0.1845336041603497], "k_pid_yaw": [0.5, 1e-06, 0.1], "k_pid_hsp": [0.09847755819799779, 0.011264223901387349, 0.0], "k_pid_vsp": [194.7624155113164, 57.202961387546644, 10.0]}, "datetime": {"datetime": "2025-08-11 17:28:00", "elapsed": 3760.1665794849396, "delta": 20.459392070770264}, "costs": {"total_cost": 214.73622637312536, "time_cost": 81.515, "final_distance_cost": 1.7400687697256068, "oscillation_cost": 35.893856632361974, "completition_cost": 0.0, "overshoot_cost": 53.778641244764266, "power_cost": 21.057477270507814, "noise_cost": 20.75118245576569, "n_waypoints_completed": 9, "tot_waypoints": 9}}
{"target": -193.48531332933896, "params": {"k_pid_pos": [1.3885554450422086, 0.024859491386256316, 0.44963268842268056], "k_pid_alt": [1.2679502233621702, 0.0, 0.949345597264735], "k_pid_att": [39.447728079683905, 3.8677381495188174, 0.1845336041603497], "k_pid_yaw": [0.5, 1e-06, 0.1], "k_pid_hsp": [0.09847755819799779, 0.011264223901387349, 0.0], "k_pid_vsp": [194.7624155113164, 20.0, 10.0]}, "datetime": {"datetime": "2025-08-11 17:28:19", "elapsed": 3779.2009856700897, "delta": 19.034406185150146}, "costs": {"total_cost": 193.48531332933896, "time_cost": 73.906, "final_distance_cost": 1.8077004286755942, "oscillation_cost": 28.841903853028352, "completition_cost": 0.0, "overshoot_cost": 51.66419984358465, "power_cost": 18.334456201171875, "noise_cost": 18.93105300287851, "n_waypoints_completed": 9, "tot_waypoints": 9}}
{"target": -194.07367596469513, "params": {"k_pid_pos": [1.849624377781123, 0.024859491386256316, 0.44963268842268056], "k_pid_alt": [1.2679502233621702, 0.02520494712616217, 0.949345597264735], "k_pid_att": [39.447728079683905, 3.8677381495188174, 0.1845336041603497], "k_pid_yaw": [0.5, 1e-06, 0.1], "k_pid_hsp": [0.09847755819799779, 0.011264223901387349, 0.0], "k_pid_vsp": [194.7624155113164, 20.0, 10.0]}, "datetime": {"datetime": "2025-08-11 17:28:37", "elapsed": 3797.086183786392, "delta": 17.88519811630249}, "costs": {"total_cost": 194.07367596469513, "time_cost": 72.051, "final_distance_cost": 1.8109691470784957, "oscillation_cost": 31.371631193248835, "completition_cost": 0.0, "overshoot_cost": 52.13459372572547, "power_cost": 18.359910156250002, "noise_cost": 18.345571742392316, "n_waypoints_completed": 9, "tot_waypoints": 9}}
{"target": -194.150846657886, "params": {"k_pid_pos": [1.849624377781123, 0.024859491386256316, 0.44963268842268056], "k_pid_alt": [1.2679502233621702, 0.0, 0.949345597264735], "k_pid_att": [39.447728079683905, 3.8677381495188174, 0.1845336041603497], "k_pid_yaw": [0.5, 1e-06, 0.1], "k_pid_hsp": [0.09847755819799779, 0.011264223901387349, 0.0], "k_pid_vsp": [194.7624155113164, 156.73508457218338, 10.0]}, "datetime": {"datetime": "2025-08-11 17:28:55", "elapsed": 3814.867766857147, "delta": 17.781583070755005}, "costs": {"total_cost": 194.150846657886, "time_cost": 72.877, "final_distance_cost": 1.794372420366518, "oscillation_cost": 31.563804522519362, "completition_cost": 0.0, "overshoot_cost": 51.06346835149662, "power_cost": 18.638847717285156, "noise_cost": 18.213353646218355, "n_waypoints_completed": 9, "tot_waypoints": 9}}
{"target": -1005.9231854050136, "params": {"k_pid_pos": [1.849624377781123, 0.024859491386256316, 0.44963268842268056], "k_pid_alt": [1.2679502233621702, 0.02520494712616217, 0.949345597264735], "k_pid_att": [39.447728079683905, 3.8677381495188174, 0.1845336041603497], "k_pid_yaw": [0.5, 1e-06, 0.1], "k_pid_hsp": [0.09847755819799779, 0.9233026902578786, 0.0], "k_pid_vsp": [194.7624155113164, 20.0, 10.0]}, "datetime": {"datetime": "2025-08-11 17:29:25", "elapsed": 3844.569316148758, "delta": 29.701549291610718}, "costs": {"total_cost": 1005.9231854050136, "time_cost": 150, "final_distance_cost": 47.21393095168988, "oscillation_cost": 113.81460934416599, "completition_cost": 555.5555555555555, "overshoot_cost": 70.3928676730018, "power_cost": 34.040897375488285, "noise_cost": 34.905324505112105, "n_waypoints_completed": 4, "tot_waypoints": 9}}
{"target": -192.9007598901806, "params": {"k_pid_pos": [1.849624377781123, 0.024859491386256316, 0.6830149564489978], "k_pid_alt": [1.2679502233621702, 0.02520494712616217, 0.949345597264735], "k_pid_att": [94.03514125381805, 3.8677381495188174, 0.1845336041603497], "k_pid_yaw": [0.5, 1e-06, 0.1], "k_pid_hsp": [0.09847755819799779, 0.011264223901387349, 0.0], "k_pid_vsp": [194.7624155113164, 93.09285943774285, 10.0]}, "datetime": {"datetime": "2025-08-11 17:29:43", "elapsed": 3862.528151988983, "delta": 17.95883584022522}, "costs": {"total_cost": 192.9007598901806, "time_cost": 71.22500000000001, "final_distance_cost": 1.7819326233274748, "oscillation_cost": 32.28158705317931, "completition_cost": 0.0, "overshoot_cost": 51.164626659723446, "power_cost": 17.626634020996093, "noise_cost": 18.820979532954247, "n_waypoints_completed": 9, "tot_waypoints": 9}}
{"target": -194.248664989341, "params": {"k_pid_pos": [1.3885554450422086, 0.024859491386256316, 0.44963268842268056], "k_pid_alt": [1.2679502233621702, 0.0, 0.949345597264735], "k_pid_att": [39.447728079683905, 3.8677381495188174, 0.1845336041603497], "k_pid_yaw": [0.5, 1e-06, 0.1], "k_pid_hsp": [0.09847755819799779, 0.011264223901387349, 0.0], "k_pid_vsp": [383.23703166425986, 15.500533572620455, 10.0]}, "datetime": {"datetime": "2025-08-11 17:30:00", "elapsed": 3880.362548351288, "delta": 17.834396362304688}, "costs": {"total_cost": 194.248664989341, "time_cost": 74.277, "final_distance_cost": 1.8214301332344502, "oscillation_cost": 28.99321765976276, "completition_cost": 0.0, "overshoot_cost": 51.44443243027477, "power_cost": 19.176916528320312, "noise_cost": 18.535668237748705, "n_waypoints_completed": 9, "tot_waypoints": 9}}
{"target": -221.0421262480334, "params": {"k_pid_pos": [1.3885554450422086, 0.509734659876444, 0.11401919133455096], "k_pid_alt": [1.2679502233621702, 0.0, 0.949345597264735], "k_pid_att": [39.447728079683905, 3.8677381495188174, 0.1845336041603497], "k_pid_yaw": [0.5, 1e-06, 0.1], "k_pid_hsp": [0.09847755819799779, 0.011264223901387349, 0.0], "k_pid_vsp": [194.7624155113164, 20.0, 10.0]}, "datetime": {"datetime": "2025-08-11 17:30:21", "elapsed": 3901.1791837215424, "delta": 20.816635370254517}, "costs": {"total_cost": 221.0421262480334, "time_cost": 84.196, "final_distance_cost": 1.751089256386754, "oscillation_cost": 36.90349547336506, "completition_cost": 0.0, "overshoot_cost": 54.9856276185588, "power_cost": 21.797189196777346, "noise_cost": 21.408724702945474, "n_waypoints_completed": 9, "tot_waypoints": 9}}
{"target": -2006.053734394688, "params": {"k_pid_pos": [0.49275800590297264, 0.18848155022322047, 0.6176694605536389], "k_pid_alt": [1.515427128667956, 0.0, 0.949345597264735], "k_pid_att": [40.4276456330449, 3.8677381495188174, 0.09995185577451304], "k_pid_yaw": [0.5, 1e-06, 0.1], "k_pid_hsp": [0.09847755819799779, 0.011264223901387349, 0.5575834968263828], "k_pid_vsp": [194.7624155113164, 156.73508457218338, 10.0]}, "datetime": {"datetime": "2025-08-11 17:30:52", "elapsed": 3932.1519796848297, "delta": 30.972795963287354}, "costs": {"total_cost": 2006.053734394688, "time_cost": 150, "final_distance_cost": 79.37271274866822, "oscillation_cost": 846.5021133839964, "completition_cost": 777.7777777777778, "overshoot_cost": 88.89088334588052, "power_cost": 33.183379711914064, "noise_cost": 30.326867426451173, "n_waypoints_completed": 2, "tot_waypoints": 9}}
{"target": -193.77126053173464, "params": {"k_pid_pos": [1.849624377781123, 0.024859491386256316, 0.44963268842268056], "k_pid_alt": [1.2679502233621702, 0.0, 0.8361997509577753], "k_pid_att": [19.462821160492226, 4.452622529689853, 0.1845336041603497], "k_pid_yaw": [0.5, 1e-06, 0.1], "k_pid_hsp": [0.09847755819799779, 0.011264223901387349, 0.0], "k_pid_vsp": [194.7624155113164, 82.79406464935073, 10.0]}, "datetime": {"datetime": "2025-08-11 17:31:11", "elapsed": 3951.144145965576, "delta": 18.99216628074646}, "costs": {"total_cost": 193.77126053173464, "time_cost": 72.345, "final_distance_cost": 1.7874758749224018, "oscillation_cost": 31.62388236887915, "completition_cost": 0.0, "overshoot_cost": 51.295346989747514, "power_cost": 18.529913476562502, "noise_cost": 18.189641821623074, "n_waypoints_completed": 9, "tot_waypoints": 9}}
{"target": -193.78128211671057, "params": {"k_pid_pos": [1.8624793477566346, 0.04925411992759399, 0.3736141384595716], "k_pid_alt": [1.515427128667956, 0.0, 0.949345597264735], "k_pid_att": [14.415714892135846, 3.8677381495188174, 0.1845336041603497], "k_pid_yaw": [0.5, 1e-06, 0.1], "k_pid_hsp": [0.09847755819799779, 0.011264223901387349, 0.0], "k_pid_vsp": [194.7624155113164, 156.73508457218338, 10.0]}, "datetime": {"datetime": "2025-08-11 17:31:29", "elapsed": 3968.9135575294495, "delta": 17.76941156387329}, "costs": {"total_cost": 193.78128211671057, "time_cost": 71.596, "final_distance_cost": 1.7711075147301685, "oscillation_cost": 32.48346190445126, "completition_cost": 0.0, "overshoot_cost": 51.221525979608124, "power_cost": 18.543426696777345, "noise_cost": 18.165760021143655, "n_waypoints_completed": 9, "tot_waypoints": 9}}
{"target": -196.38588095542383, "params": {"k_pid_pos": [1.849624377781123, 0.024859491386256316, 0.44963268842268056], "k_pid_alt": [1.2679502233621702, 0.0, 0.949345597264735], "k_pid_att": [39.447728079683905, 3.8677381495188174, 0.1845336041603497], "k_pid_yaw": [0.5, 1e-06, 0.1], "k_pid_hsp": [0.09847755819799779, 0.011264223901387349, 0.0], "k_pid_vsp": [194.7624155113164, 20.0, 10.0]}, "datetime": {"datetime": "2025-08-11 17:31:47", "elapsed": 3986.809082508087, "delta": 17.895524978637695}, "costs": {"total_cost": 196.38588095542383, "time_cost": 73.752, "final_distance_cost": 1.821389005665794, "oscillation_cost": 31.300504460684525, "completition_cost": 0.0, "overshoot_cost": 52.15303017847123, "power_cost": 18.777154833984376, "noise_cost": 18.581802476617924, "n_waypoints_completed": 9, "tot_waypoints": 9}}
{"target": -197.69181216661744, "params": {"k_pid_pos": [1.8624793477566346, 0.04925411992759399, 0.3736141384595716], "k_pid_alt": [1.515427128667956, 0.0, 0.949345597264735], "k_pid_att": [39.447728079683905, 7.284845820832624, 0.004857337777279036], "k_pid_yaw": [0.5, 1e-06, 0.1], "k_pid_hsp": [0.09847755819799779, 0.011264223901387349, 0.0], "k_pid_vsp": [194.7624155113164, 20.0, 10.0]}, "datetime": {"datetime": "2025-08-11 17:32:05", "elapsed": 4004.595290184021, "delta": 17.786207675933838}, "costs": {"total_cost": 197.69181216661744, "time_cost": 72.632, "final_distance_cost": 1.800464167118256, "oscillation_cost": 34.253750069262445, "completition_cost": 0.0, "overshoot_cost": 51.95210791192174, "power_cost": 18.45111589355469, "noise_cost": 18.602374124760296, "n_waypoints_completed": 9, "tot_waypoints": 9}}
{"target": -195.43368453605947, "params": {"k_pid_pos": [1.8624793477566346, 0.04925411992759399, 0.3736141384595716], "k_pid_alt": [1.515427128667956, 0.0, 0.949345597264735], "k_pid_att": [39.447728079683905, 3.8677381495188174, 0.1845336041603497], "k_pid_yaw": [0.5, 1e-06, 0.1], "k_pid_hsp": [0.09847755819799779, 0.011264223901387349, 0.0], "k_pid_vsp": [194.7624155113164, 20.0, 10.0]}, "datetime": {"datetime": "2025-08-11 17:32:22", "elapsed": 4022.219564437866, "delta": 17.624274253845215}, "costs": {"total_cost": 195.43368453605947, "time_cost": 72.66, "final_distance_cost": 1.7836723440834565, "oscillation_cost": 32.06229281725077, "completition_cost": 0.0, "overshoot_cost": 51.735593050261144, "power_cost": 18.611649938964845, "noise_cost": 18.580476385499292, "n_waypoints_completed": 9, "tot_waypoints": 9}}
{"target": -196.69719923618885, "params": {"k_pid_pos": [1.1496839804071068, 0.024859491386256316, 0.11401919133455096], "k_pid_alt": [1.2679502233621702, 0.0, 0.949345597264735], "k_pid_att": [39.447728079683905, 3.8677381495188174, 0.1845336041603497], "k_pid_yaw": [0.5, 1e-06, 0.1], "k_pid_hsp": [0.09847755819799779, 0.011264223901387349, 0.0], "k_pid_vsp": [194.7624155113164, 15.500533572620455, 10.0]}, "datetime": {"datetime": "2025-08-11 17:32:41", "elapsed": 4041.168765306473, "delta": 18.949200868606567}, "costs": {"total_cost": 196.69719923618885, "time_cost": 75.551, "final_distance_cost": 1.8234952679498269, "oscillation_cost": 29.400442869887833, "completition_cost": 0.0, "overshoot_cost": 51.980115800078295, "power_cost": 18.736151318359376, "noise_cost": 19.205993979913487, "n_waypoints_completed": 9, "tot_waypoints": 9}}
{"target": -1459.838316013794, "params": {"k_pid_pos": [1.3885554450422086, 0.024859491386256316, 0.11401919133455096], "k_pid_alt": [1.2679502233621702, 0.0, 0.949345597264735], "k_pid_att": [39.447728079683905, 3.8677381495188174, 0.1845336041603497], "k_pid_yaw": [0.5, 1e-06, 0.1], "k_pid_hsp": [0.09847755819799779, 0.011264223901387349, 0.0], "k_pid_vsp": [194.7624155113164, 15.500533572620455, 157.32075408642126]}, "datetime": {"datetime": "2025-08-11 17:33:12", "elapsed": 4071.535023212433, "delta": 30.366257905960083}, "costs": {"total_cost": 1459.838316013794, "time_cost": 150, "final_distance_cost": 0.9981314674288465, "oscillation_cost": 4.697035029743156, "completition_cost": 1000.0, "overshoot_cost": 162.67406207640582, "power_cost": 29.417062231445314, "noise_cost": 112.05202520877081, "n_waypoints_completed": 0, "tot_waypoints": 9}}
{"target": -196.95656524859405, "params": {"k_pid_pos": [1.8624793477566346, 0.04925411992759399, 0.3736141384595716], "k_pid_alt": [1.515427128667956, 0.0, 0.949345597264735], "k_pid_att": [39.447728079683905, 3.8677381495188174, 0.004857337777279036], "k_pid_yaw": [0.5, 1e-06, 0.1], "k_pid_hsp": [0.09847755819799779, 0.011264223901387349, 0.0], "k_pid_vsp": [194.7624155113164, 20.0, 10.0]}, "datetime": {"datetime": "2025-08-11 17:33:30", "elapsed": 4089.58496427536, "delta": 18.049941062927246}, "costs": {"total_cost": 196.95656524859405, "time_cost": 72.66, "final_distance_cost": 1.7787131138016974, "oscillation_cost": 33.71513022017858, "completition_cost": 0.0, "overshoot_cost": 51.74355719860298, "power_cost": 18.08996590576172, "noise_cost": 18.96919881024908, "n_waypoints_completed": 9, "tot_waypoints": 9}}
{"target": -1887.5271196051435, "params": {"k_pid_pos": [1.1130165324125372, 0.04925411992759399, 0.3736141384595716], "k_pid_alt": [1.515427128667956, 0.0, 0.949345597264735], "k_pid_att": [39.447728079683905, 7.284845820832624, 0.1845336041603497], "k_pid_yaw": [0.5, 1e-06, 0.1], "k_pid_hsp": [0.09847755819799779, 0.011264223901387349, 0.2987590706226323], "k_pid_vsp": [194.7624155113164, 20.0, 10.0]}, "datetime": {"datetime": "2025-08-11 17:34:00", "elapsed": 4119.572394132614, "delta": 29.98742985725403}, "costs": {"total_cost": 1887.5271196051435, "time_cost": 150, "final_distance_cost": 85.06413874956077, "oscillation_cost": 815.2367884596914, "completition_cost": 666.6666666666667, "overshoot_cost": 106.80975624113685, "power_cost": 33.46895789794922, "noise_cost": 30.280811590138352, "n_waypoints_completed": 3, "tot_waypoints": 9}}
{"target": -2056.418354525443, "params": {"k_pid_pos": [1.68883278746973, 0.024859491386256316, 0.44963268842268056], "k_pid_alt": [1.6444270921876138, 0.0, 0.949345597264735], "k_pid_att": [39.447728079683905, 3.8677381495188174, 0.22529733878233338], "k_pid_yaw": [0.5, 1e-06, 0.1], "k_pid_hsp": [0.09847755819799779, 0.011264223901387349, 0.8820777094381044], "k_pid_vsp": [194.7624155113164, 20.0, 10.0]}, "datetime": {"datetime": "2025-08-11 17:34:30", "elapsed": 4149.471452474594, "delta": 29.89905834197998}, "costs": {"total_cost": 2056.418354525443, "time_cost": 150, "final_distance_cost": 65.18968200451378, "oscillation_cost": 818.8427331279031, "completition_cost": 888.8888888888888, "overshoot_cost": 70.18530809699742, "power_cost": 33.025594860839846, "noise_cost": 30.286147546300025, "n_waypoints_completed": 1, "tot_waypoints": 9}}
{"target": -1470.9875849178986, "params": {"k_pid_pos": [1.849624377781123, 0.024859491386256316, 0.44963268842268056], "k_pid_alt": [1.2679502233621702, 0.0, 0.949345597264735], "k_pid_att": [94.48051719440384, 3.6888469195366334, 0.1845336041603497], "k_pid_yaw": [0.5, 1e-06, 0.1], "k_pid_hsp": [0.09847755819799779, 0.011264223901387349, 0.0], "k_pid_vsp": [194.7624155113164, 20.0, 301.6362243201388]}, "datetime": {"datetime": "2025-08-11 17:34:59", "elapsed": 4179.196818590164, "delta": 29.72536611557007}, "costs": {"total_cost": 1470.9875849178986, "time_cost": 150, "final_distance_cost": 0.9994666449358091, "oscillation_cost": 14.665536509807902, "completition_cost": 1000.0, "overshoot_cost": 163.0611552533145, "power_cost": 28.792948828125002, "noise_cost": 113.46847768171537, "n_waypoints_completed": 0, "tot_waypoints": 9}}
{"target": -196.94375521762652, "params": {"k_pid_pos": [1.849624377781123, 0.024859491386256316, 0.44963268842268056], "k_pid_alt": [1.2679502233621702, 0.0, 0.949345597264735], "k_pid_att": [39.447728079683905, 3.6888469195366334, 0.1845336041603497], "k_pid_yaw": [0.5, 1e-06, 0.1], "k_pid_hsp": [0.09847755819799779, 0.011264223901387349, 0.0], "k_pid_vsp": [295.9324376154018, 15.500533572620455, 10.0]}, "datetime": {"datetime": "2025-08-11 17:35:18", "elapsed": 4197.5173308849335, "delta": 18.320512294769287}, "costs": {"total_cost": 196.94375521762652, "time_cost": 74.039, "final_distance_cost": 1.8188258027052815, "oscillation_cost": 31.5609116115102, "completition_cost": 0.0, "overshoot_cost": 52.01568667070097, "power_cost": 18.91260283203125, "noise_cost": 18.59672830067881, "n_waypoints_completed": 9, "tot_waypoints": 9}}
{"target": -1462.6284582808698, "params": {"k_pid_pos": [1.3885554450422086, 0.024859491386256316, 0.11401919133455096], "k_pid_alt": [1.2679502233621702, 0.0, 0.949345597264735], "k_pid_att": [39.447728079683905, 5.958619921514779, 0.1845336041603497], "k_pid_yaw": [0.5, 1e-06, 0.1], "k_pid_hsp": [0.09847755819799779, 0.011264223901387349, 0.0], "k_pid_vsp": [194.7624155113164, 20.0, 349.2959746683124]}, "datetime": {"datetime": "2025-08-11 17:35:47", "elapsed": 4227.174370765686, "delta": 29.657039880752563}, "costs": {"total_cost": 1462.6284582808698, "time_cost": 150, "final_distance_cost": 0.9995225117603765, "oscillation_cost": 4.868733777664609, "completition_cost": 1000.0, "overshoot_cost": 163.06111735778288, "power_cost": 29.193401477050784, "noise_cost": 114.50568315661094, "n_waypoints_completed": 0, "tot_waypoints": 9}}
{"target": -195.44308127103415, "params": {"k_pid_pos": [1.8624793477566346, 0.04925411992759399, 0.3736141384595716], "k_pid_alt": [1.515427128667956, 0.0, 0.9558605341889254], "k_pid_att": [39.447728079683905, 7.284845820832624, 0.1845336041603497], "k_pid_yaw": [0.5, 1e-06, 0.1], "k_pid_hsp": [0.09847755819799779, 0.011264223901387349, 0.0], "k_pid_vsp": [194.7624155113164, 20.0, 10.0]}, "datetime": {"datetime": "2025-08-11 17:36:05", "elapsed": 4245.037176847458, "delta": 17.86280608177185}, "costs": {"total_cost": 195.44308127103415, "time_cost": 72.653, "final_distance_cost": 1.7791526782136018, "oscillation_cost": 32.2165014651457, "completition_cost": 0.0, "overshoot_cost": 51.696754981105585, "power_cost": 18.529726110839846, "noise_cost": 18.56794603572942, "n_waypoints_completed": 9, "tot_waypoints": 9}}
{"target": -196.34978444743427, "params": {"k_pid_pos": [1.3885554450422086, 0.024859491386256316, 0.44963268842268056], "k_pid_alt": [1.2679502233621702, 0.0, 0.949345597264735], "k_pid_att": [78.69411358121238, 3.8677381495188174, 0.004857337777279036], "k_pid_yaw": [0.5, 1e-06, 0.1], "k_pid_hsp": [0.09847755819799779, 0.011264223901387349, 0.0], "k_pid_vsp": [194.7624155113164, 307.0029666248519, 10.0]}, "datetime": {"datetime": "2025-08-11 17:36:23", "elapsed": 4263.126641511917, "delta": 18.08946466445923}, "costs": {"total_cost": 196.34978444743427, "time_cost": 73.136, "final_distance_cost": 1.8358971981253827, "oscillation_cost": 33.98947075899133, "completition_cost": 0.0, "overshoot_cost": 50.84001357987261, "power_cost": 18.22097374267578, "noise_cost": 18.32742916776921, "n_waypoints_completed": 9, "tot_waypoints": 9}}
{"target": -191.4637154830582, "params": {"k_pid_pos": [1.849624377781123, 0.024859491386256316, 0.44963268842268056], "k_pid_alt": [1.2679502233621702, 0.02520494712616217, 0.949345597264735], "k_pid_att": [39.447728079683905, 3.8677381495188174, 0.1845336041603497], "k_pid_yaw": [0.5, 1e-06, 0.1], "k_pid_hsp": [0.09847755819799779, 0.011264223901387349, 0.0], "k_pid_vsp": [194.7624155113164, 156.73508457218338, 10.0]}, "datetime": {"datetime": "2025-08-11 17:36:41", "elapsed": 4280.506959676743, "delta": 17.38031816482544}, "costs": {"total_cost": 191.4637154830582, "time_cost": 71.078, "final_distance_cost": 1.8111322849494687, "oscillation_cost": 31.493959278678627, "completition_cost": 0.0, "overshoot_cost": 50.90329278946149, "power_cost": 18.193127685546877, "noise_cost": 17.984203444421727, "n_waypoints_completed": 9, "tot_waypoints": 9}}
{"target": -237.71776896190278, "params": {"k_pid_pos": [1.242954667163238, 0.024859491386256316, 0.24954817593872036], "k_pid_alt": [1.2679502233621702, 0.0, 0.949345597264735], "k_pid_att": [39.447728079683905, 3.8677381495188174, 0.1618693606287408], "k_pid_yaw": [0.5, 1e-06, 0.1], "k_pid_hsp": [5.496779025287511, 0.011264223901387349, 0.0], "k_pid_vsp": [194.7624155113164, 376.54676056673185, 10.0]}, "datetime": {"datetime": "2025-08-11 17:36:59", "elapsed": 4298.814168930054, "delta": 18.307209253311157}, "costs": {"total_cost": 237.71776896190278, "time_cost": 72.968, "final_distance_cost": 1.8415419537370445, "oscillation_cost": 74.78253899033554, "completition_cost": 0.0, "overshoot_cost": 50.122308420784684, "power_cost": 19.006580676269532, "noise_cost": 18.99679892077596, "n_waypoints_completed": 9, "tot_waypoints": 9}}
