{"target": -254.818319886287, "params": {"k_pid_pos": [1.0031316701085804, 0.024859491386256316, 0.40092638265648595], "k_pid_alt": [1.7297729984189598, 0.0, 0.09647725790914718], "k_pid_att": [10.85276784655954, 1.4953935029224072, 0.022918440282009178], "k_pid_yaw": [0.5, 1e-06, 0.1], "k_pid_hsp": [0.016744376538463668, 0.011264223901387349, 0.0], "k_pid_vsp": [205.46647479918613, 127.91747472228406, 2.77343605205192]}, "datetime": {"datetime": "2025-08-12 05:40:34", "elapsed": 47714.03677821159, "delta": 29.42729878425598}, "costs": {"total_cost": 254.818319886287, "time_cost": 116.76, "final_distance_cost": 1.751676783619522, "oscillation_cost": 15.581420416752215, "completition_cost": 0.0, "overshoot_cost": 64.89478456957562, "power_cost": 21.47881568603516, "noise_cost": 34.35162243030448, "n_waypoints_completed": 9, "tot_waypoints": 9}}
{"target": -183.5856901136015, "params": {"k_pid_pos": [1.0031316701085804, 0.024859491386256316, 0.40092638265648595], "k_pid_alt": [1.7297729984189598, 0.0, 0.06527723447865985], "k_pid_att": [10.85276784655954, 1.4953935029224072, 0.666719676683535], "k_pid_yaw": [0.5, 1e-06, 0.1], "k_pid_hsp": [0.09847755819799779, 0.011264223901387349, 0.0], "k_pid_vsp": [205.46647479918613, 127.91747472228406, 2.77343605205192]}, "datetime": {"datetime": "2025-08-12 05:40:52", "elapsed": 47731.88642668724, "delta": 17.849648475646973}, "costs": {"total_cost": 183.5856901136015, "time_cost": 70.056, "final_distance_cost": 1.8228195366819622, "oscillation_cost": 25.807208749675727, "completition_cost": 0.0, "overshoot_cost": 50.81530509765018, "power_cost": 14.192803649902345, "noise_cost": 20.891553079691285, "n_waypoints_completed": 9, "tot_waypoints": 9}}
{"target": -186.26922348568488, "params": {"k_pid_pos": [1.0031316701085804, 0.024859491386256316, 0.4802608558925999], "k_pid_alt": [0.9997830193370283, 0.0, 0.13882932479520194], "k_pid_att": [93.20553315477635, 1.4953935029224072, 0.666719676683535], "k_pid_yaw": [0.5, 1e-06, 0.1], "k_pid_hsp": [0.09847755819799779, 0.011264223901387349, 0.0], "k_pid_vsp": [264.9966777379314, 304.1795245652576, 2.77343605205192]}, "datetime": {"datetime": "2025-08-12 05:41:11", "elapsed": 47750.57635426521, "delta": 18.689927577972412}, "costs": {"total_cost": 186.26922348568488, "time_cost": 72.07900000000001, "final_distance_cost": 1.836373053253902, "oscillation_cost": 25.59467838478269, "completition_cost": 0.0, "overshoot_cost": 51.09487637317307, "power_cost": 14.474680847167969, "noise_cost": 21.18961482730722, "n_waypoints_completed": 9, "tot_waypoints": 9}}
{"target": -1461.057025339047, "params": {"k_pid_pos": [1.0031316701085804, 0.024859491386256316, 0.40092638265648595], "k_pid_alt": [1.7297729984189598, 0.0, 0.06527723447865985], "k_pid_att": [10.85276784655954, 1.4953935029224072, 0.666719676683535], "k_pid_yaw": [0.5, 1e-06, 0.1], "k_pid_hsp": [0.09847755819799779, 0.011264223901387349, 0.0], "k_pid_vsp": [264.9966777379314, 97.47868520206696, 384.8148365334953]}, "datetime": {"datetime": "2025-08-12 05:41:43", "elapsed": 47782.804490566254, "delta": 32.22813630104065}, "costs": {"total_cost": 1461.057025339047, "time_cost": 150, "final_distance_cost": 0.9992078701856055, "oscillation_cost": 3.364029691113373, "completition_cost": 1000.0, "overshoot_cost": 163.06265800593317, "power_cost": 29.20848179931641, "noise_cost": 114.4226479724984, "n_waypoints_completed": 0, "tot_waypoints": 9}}
{"target": -183.07826333271774, "params": {"k_pid_pos": [1.0031316701085804, 0.024859491386256316, 0.40092638265648595], "k_pid_alt": [1.7297729984189598, 0.0, 0.03027788721554503], "k_pid_att": [10.85276784655954, 1.4953935029224072, 0.666719676683535], "k_pid_yaw": [0.5, 1e-06, 0.1], "k_pid_hsp": [0.09847755819799779, 0.011264223901387349, 0.0], "k_pid_vsp": [264.9966777379314, 304.1795245652576, 2.77343605205192]}, "datetime": {"datetime": "2025-08-12 05:42:00", "elapsed": 47800.044993400574, "delta": 17.24050283432007}, "costs": {"total_cost": 183.07826333271774, "time_cost": 69.944, "final_distance_cost": 1.8393855252991158, "oscillation_cost": 25.866500413298162, "completition_cost": 0.0, "overshoot_cost": 50.53524934981965, "power_cost": 14.164980163574219, "noise_cost": 20.728147880726574, "n_waypoints_completed": 9, "tot_waypoints": 9}}
{"target": -200.15835554989604, "params": {"k_pid_pos": [1.0031316701085804, 0.3341965058071453, 0.40092638265648595], "k_pid_alt": [1.7297729984189598, 0.0, 0.06527723447865985], "k_pid_att": [97.15749504346589, 1.4953935029224072, 0.666719676683535], "k_pid_yaw": [0.5, 1e-06, 0.1], "k_pid_hsp": [1.380453583829348, 0.011264223901387349, 0.0], "k_pid_vsp": [264.9966777379314, 304.1795245652576, 2.77343605205192]}, "datetime": {"datetime": "2025-08-12 05:42:20", "elapsed": 47819.86202645302, "delta": 19.817033052444458}, "costs": {"total_cost": 200.15835554989604, "time_cost": 76.44, "final_distance_cost": 1.812738989709931, "oscillation_cost": 32.09661488610494, "completition_cost": 0.0, "overshoot_cost": 50.865032093041954, "power_cost": 15.995074084472657, "noise_cost": 22.94889549656656, "n_waypoints_completed": 9, "tot_waypoints": 9}}
{"target": -189.4349591481293, "params": {"k_pid_pos": [1.0031316701085804, 0.024859491386256316, 0.40092638265648595], "k_pid_alt": [0.9020104990244227, 0.0, 0.06527723447865985], "k_pid_att": [97.15749504346589, 1.4953935029224072, 0.016202813979795172], "k_pid_yaw": [0.5, 1e-06, 0.1], "k_pid_hsp": [0.09847755819799779, 0.011264223901387349, 0.0], "k_pid_vsp": [264.9966777379314, 304.1795245652576, 2.77343605205192]}, "datetime": {"datetime": "2025-08-12 05:42:38", "elapsed": 47837.38077545166, "delta": 17.518748998641968}, "costs": {"total_cost": 189.4349591481293, "time_cost": 71.911, "final_distance_cost": 1.8351764185503787, "oscillation_cost": 29.513523625015555, "completition_cost": 0.0, "overshoot_cost": 50.61093760419096, "power_cost": 14.528437561035156, "noise_cost": 21.035883939337257, "n_waypoints_completed": 9, "tot_waypoints": 9}}
{"target": -274.68388502348347, "params": {"k_pid_pos": [1.0031316701085804, 0.9005427252559962, 0.40092638265648595], "k_pid_alt": [1.7297729984189598, 0.0, 0.06527723447865985], "k_pid_att": [22.971564751474492, 1.4953935029224072, 0.666719676683535], "k_pid_yaw": [0.5, 1e-06, 0.1], "k_pid_hsp": [0.09847755819799779, 0.011264223901387349, 0.0], "k_pid_vsp": [205.46647479918613, 304.1795245652576, 2.77343605205192]}, "datetime": {"datetime": "2025-08-12 05:43:07", "elapsed": 47867.018517017365, "delta": 29.637741565704346}, "costs": {"total_cost": 274.68388502348347, "time_cost": 111.174, "final_distance_cost": 1.7803872957979505, "oscillation_cost": 48.65900986487004, "completition_cost": 0.0, "overshoot_cost": 55.9245129534164, "power_cost": 23.957333703613283, "noise_cost": 33.188641205785764, "n_waypoints_completed": 9, "tot_waypoints": 9}}
{"target": -802.504780563341, "params": {"k_pid_pos": [1.0031316701085804, 0.024859491386256316, 0.40092638265648595], "k_pid_alt": [1.7297729984189598, 0.0, 0.06527723447865985], "k_pid_att": [10.85276784655954, 1.4953935029224072, 0.666719676683535], "k_pid_yaw": [0.5, 1e-06, 0.1], "k_pid_hsp": [0.09847755819799779, 0.5904477871505759, 0.0], "k_pid_vsp": [264.9966777379314, 20.252314050740118, 2.77343605205192]}, "datetime": {"datetime": "2025-08-12 05:43:39", "elapsed": 47899.103743076324, "delta": 32.08522605895996}, "costs": {"total_cost": 802.504780563341, "time_cost": 150, "final_distance_cost": 51.79451612598008, "oscillation_cost": 127.75029620290135, "completition_cost": 333.33333333333337, "overshoot_cost": 71.31573843968796, "power_cost": 33.15372907714844, "noise_cost": 35.157167384289735, "n_waypoints_completed": 6, "tot_waypoints": 9}}
{"target": -1216.805885143493, "params": {"k_pid_pos": [1.0031316701085804, 0.024859491386256316, 0.40092638265648595], "k_pid_alt": [1.7297729984189598, 0.0, 0.06527723447865985], "k_pid_att": [10.85276784655954, 1.4953935029224072, 0.666719676683535], "k_pid_yaw": [0.5, 1e-06, 0.1], "k_pid_hsp": [0.09847755819799779, 0.011264223901387349, 0.7179535824639705], "k_pid_vsp": [264.9966777379314, 304.1795245652576, 2.77343605205192]}, "datetime": {"datetime": "2025-08-12 05:44:11", "elapsed": 47930.79935884476, "delta": 31.695615768432617}, "costs": {"total_cost": 1216.805885143493, "time_cost": 150, "final_distance_cost": 42.01999042026428, "oscillation_cost": 320.374722664144, "completition_cost": 555.5555555555555, "overshoot_cost": 92.36944291912671, "power_cost": 24.23561345214844, "noise_cost": 32.25056013225408, "n_waypoints_completed": 4, "tot_waypoints": 9}}
{"target": -1188.9945410106109, "params": {"k_pid_pos": [1.0031316701085804, 0.024859491386256316, 0.40092638265648595], "k_pid_alt": [1.7297729984189598, 0.0, 0.5087214255619901], "k_pid_att": [10.85276784655954, 1.4953935029224072, 0.666719676683535], "k_pid_yaw": [0.5, 1e-06, 0.1], "k_pid_hsp": [0.09847755819799779, 0.011264223901387349, 0.5105532072546003], "k_pid_vsp": [264.9966777379314, 304.1795245652576, 2.77343605205192]}, "datetime": {"datetime": "2025-08-12 05:44:41", "elapsed": 47961.21085739136, "delta": 30.411498546600342}, "costs": {"total_cost": 1188.9945410106109, "time_cost": 150, "final_distance_cost": 37.20492819210503, "oscillation_cost": 305.00844130408046, "completition_cost": 555.5555555555555, "overshoot_cost": 84.39995233563083, "power_cost": 24.616395812988284, "noise_cost": 32.20926781025072, "n_waypoints_completed": 4, "tot_waypoints": 9}}
{"target": -1007.5241753326211, "params": {"k_pid_pos": [1.0031316701085804, 0.024859491386256316, 0.40092638265648595], "k_pid_alt": [1.7297729984189598, 0.0, 0.06527723447865985], "k_pid_att": [5.87992299052239, 1.4953935029224072, 0.666719676683535], "k_pid_yaw": [0.5, 1e-06, 0.1], "k_pid_hsp": [0.09847755819799779, 0.561165201994346, 0.0], "k_pid_vsp": [264.9966777379314, 304.1795245652576, 2.77343605205192]}, "datetime": {"datetime": "2025-08-12 05:45:12", "elapsed": 47991.582117557526, "delta": 30.371260166168213}, "costs": {"total_cost": 1007.5241753326211, "time_cost": 150, "final_distance_cost": 46.86719051557056, "oscillation_cost": 123.73522411914728, "completition_cost": 555.5555555555555, "overshoot_cost": 63.50580023905666, "power_cost": 32.81450726318359, "noise_cost": 35.04589764010757, "n_waypoints_completed": 4, "tot_waypoints": 9}}
{"target": -183.81383501536138, "params": {"k_pid_pos": [1.0031316701085804, 0.024859491386256316, 0.40092638265648595], "k_pid_alt": [1.3888149624867963, 0.0, 0.06527723447865985], "k_pid_att": [10.85276784655954, 1.4953935029224072, 0.666719676683535], "k_pid_yaw": [0.5, 1e-06, 0.1], "k_pid_hsp": [0.09847755819799779, 0.011264223901387349, 0.0], "k_pid_vsp": [264.9966777379314, 304.1795245652576, 2.77343605205192]}, "datetime": {"datetime": "2025-08-12 05:45:30", "elapsed": 48009.9552218914, "delta": 18.373104333877563}, "costs": {"total_cost": 183.81383501536138, "time_cost": 70.217, "final_distance_cost": 1.831178914490389, "oscillation_cost": 26.019659701586573, "completition_cost": 0.0, "overshoot_cost": 50.72392688510439, "power_cost": 14.22205439453125, "noise_cost": 20.800015119648755, "n_waypoints_completed": 9, "tot_waypoints": 9}}
{"target": -183.08407650406252, "params": {"k_pid_pos": [1.0031316701085804, 0.024859491386256316, 0.40092638265648595], "k_pid_alt": [1.7297729984189598, 0.0, 0.06527723447865985], "k_pid_att": [10.85276784655954, 1.4953935029224072, 0.666719676683535], "k_pid_yaw": [0.5, 1e-06, 0.1], "k_pid_hsp": [0.09847755819799779, 0.011264223901387349, 0.0], "k_pid_vsp": [264.9966777379314, 304.1795245652576, 2.77343605205192]}, "datetime": {"datetime": "2025-08-12 05:45:47", "elapsed": 48027.12060213089, "delta": 17.165380239486694}, "costs": {"total_cost": 183.08407650406252, "time_cost": 69.97200000000001, "final_distance_cost": 1.8232561110929182, "oscillation_cost": 25.830634925397458, "completition_cost": 0.0, "overshoot_cost": 50.605337999513814, "power_cost": 14.15017557373047, "noise_cost": 20.702671894327832, "n_waypoints_completed": 9, "tot_waypoints": 9}}
{"target": -184.69107827071673, "params": {"k_pid_pos": [1.2291269948485064, 0.024859491386256316, 0.40092638265648595], "k_pid_alt": [1.7988026916343176, 0.0, 0.06527723447865985], "k_pid_att": [63.45214009056577, 1.4953935029224072, 0.666719676683535], "k_pid_yaw": [0.5, 1e-06, 0.1], "k_pid_hsp": [0.09847755819799779, 0.011264223901387349, 0.0], "k_pid_vsp": [264.9966777379314, 304.1795245652576, 2.77343605205192]}, "datetime": {"datetime": "2025-08-12 05:46:07", "elapsed": 48046.729392290115, "delta": 19.608790159225464}, "costs": {"total_cost": 184.69107827071673, "time_cost": 69.531, "final_distance_cost": 1.8109513628682101, "oscillation_cost": 27.56817687589872, "completition_cost": 0.0, "overshoot_cost": 50.77290649436511, "power_cost": 14.386539965820313, "noise_cost": 20.621503571764375, "n_waypoints_completed": 9, "tot_waypoints": 9}}
{"target": -183.1846708077371, "params": {"k_pid_pos": [1.0031316701085804, 0.027012342981862614, 0.40092638265648595], "k_pid_alt": [1.7297729984189598, 0.0, 0.06527723447865985], "k_pid_att": [10.85276784655954, 1.4953935029224072, 0.666719676683535], "k_pid_yaw": [0.5, 1e-06, 0.1], "k_pid_hsp": [0.09847755819799779, 0.011264223901387349, 0.0], "k_pid_vsp": [264.9966777379314, 304.1795245652576, 2.77343605205192]}, "datetime": {"datetime": "2025-08-12 05:46:25", "elapsed": 48064.425874471664, "delta": 17.696482181549072}, "costs": {"total_cost": 183.1846708077371, "time_cost": 69.97200000000001, "final_distance_cost": 1.8301064868092896, "oscillation_cost": 25.911117705794727, "completition_cost": 0.0, "overshoot_cost": 50.63037604380208, "power_cost": 14.137819274902345, "noise_cost": 20.703251296428657, "n_waypoints_completed": 9, "tot_waypoints": 9}}
{"target": -182.9810291818718, "params": {"k_pid_pos": [1.0031316701085804, 0.024859491386256316, 0.40092638265648595], "k_pid_alt": [1.7297729984189598, 0.0, 0.06527723447865985], "k_pid_att": [10.85276784655954, 2.0014291760421457, 0.666719676683535], "k_pid_yaw": [0.5, 1e-06, 0.1], "k_pid_hsp": [0.09847755819799779, 0.011264223901387349, 0.0], "k_pid_vsp": [264.9966777379314, 304.1795245652576, 2.77343605205192]}, "datetime": {"datetime": "2025-08-12 05:46:43", "elapsed": 48083.3049530983, "delta": 18.87907862663269}, "costs": {"total_cost": 182.9810291818718, "time_cost": 69.95100000000001, "final_distance_cost": 1.8306002048505043, "oscillation_cost": 25.864413671957973, "completition_cost": 0.0, "overshoot_cost": 50.472186083987964, "power_cost": 14.145812280273438, "noise_cost": 20.7170169408019, "n_waypoints_completed": 9, "tot_waypoints": 9}}
{"target": -182.9810291818718, "params": {"k_pid_pos": [1.0031316701085804, 0.024859491386256316, 0.40092638265648595], "k_pid_alt": [1.7297729984189598, 0.0, 0.06527723447865985], "k_pid_att": [10.85276784655954, 2.0014291760421457, 0.666719676683535], "k_pid_yaw": [0.5, 1e-06, 0.1], "k_pid_hsp": [0.09847755819799779, 0.011264223901387349, 0.0], "k_pid_vsp": [264.9966777379314, 304.1795245652576, 2.77343605205192]}, "datetime": {"datetime": "2025-08-12 05:47:01", "elapsed": 48100.81780576706, "delta": 17.512852668762207}, "costs": {"total_cost": 182.9810291818718, "time_cost": 69.95100000000001, "final_distance_cost": 1.8306002048505043, "oscillation_cost": 25.864413671957973, "completition_cost": 0.0, "overshoot_cost": 50.472186083987964, "power_cost": 14.145812280273438, "noise_cost": 20.7170169408019, "n_waypoints_completed": 9, "tot_waypoints": 9}}
{"target": -183.07826333271774, "params": {"k_pid_pos": [1.0031316701085804, 0.024859491386256316, 0.40092638265648595], "k_pid_alt": [1.7297729984189598, 0.0, 0.03027788721554503], "k_pid_att": [10.85276784655954, 1.4953935029224072, 0.666719676683535], "k_pid_yaw": [0.5, 1e-06, 0.1], "k_pid_hsp": [0.09847755819799779, 0.011264223901387349, 0.0], "k_pid_vsp": [264.9966777379314, 304.1795245652576, 2.77343605205192]}, "datetime": {"datetime": "2025-08-12 05:47:20", "elapsed": 48119.39547538757, "delta": 18.577669620513916}, "costs": {"total_cost": 183.07826333271774, "time_cost": 69.944, "final_distance_cost": 1.8393855252991158, "oscillation_cost": 25.866500413298162, "completition_cost": 0.0, "overshoot_cost": 50.53524934981965, "power_cost": 14.164980163574219, "noise_cost": 20.728147880726574, "n_waypoints_completed": 9, "tot_waypoints": 9}}
{"target": -183.07826333271774, "params": {"k_pid_pos": [1.0031316701085804, 0.024859491386256316, 0.40092638265648595], "k_pid_alt": [1.7297729984189598, 0.0, 0.03027788721554503], "k_pid_att": [10.85276784655954, 1.4953935029224072, 0.666719676683535], "k_pid_yaw": [0.5, 1e-06, 0.1], "k_pid_hsp": [0.09847755819799779, 0.011264223901387349, 0.0], "k_pid_vsp": [264.9966777379314, 304.1795245652576, 2.77343605205192]}, "datetime": {"datetime": "2025-08-12 05:47:37", "elapsed": 48137.32819056511, "delta": 17.93271517753601}, "costs": {"total_cost": 183.07826333271774, "time_cost": 69.944, "final_distance_cost": 1.8393855252991158, "oscillation_cost": 25.866500413298162, "completition_cost": 0.0, "overshoot_cost": 50.53524934981965, "power_cost": 14.164980163574219, "noise_cost": 20.728147880726574, "n_waypoints_completed": 9, "tot_waypoints": 9}}
{"target": -189.55786206101862, "params": {"k_pid_pos": [1.0031316701085804, 0.024859491386256316, 0.40092638265648595], "k_pid_alt": [1.7297729984189598, 0.6447896631361855, 0.03027788721554503], "k_pid_att": [10.85276784655954, 1.4953935029224072, 0.666719676683535], "k_pid_yaw": [0.5, 1e-06, 0.1], "k_pid_hsp": [0.09847755819799779, 0.011264223901387349, 0.0], "k_pid_vsp": [264.9966777379314, 304.1795245652576, 2.77343605205192]}, "datetime": {"datetime": "2025-08-12 05:47:58", "elapsed": 48158.19195604324, "delta": 20.863765478134155}, "costs": {"total_cost": 189.55786206101862, "time_cost": 74.396, "final_distance_cost": 1.7803350025326699, "oscillation_cost": 26.373185390623878, "completition_cost": 0.0, "overshoot_cost": 51.176580491617024, "power_cost": 14.827083752441407, "noise_cost": 21.004677423803653, "n_waypoints_completed": 9, "tot_waypoints": 9}}
{"target": -322.5198724082802, "params": {"k_pid_pos": [1.0031316701085804, 0.024859491386256316, 0.40092638265648595], "k_pid_alt": [1.7297729984189598, 0.7053942892632754, 0.06527723447865985], "k_pid_att": [10.85276784655954, 2.0014291760421457, 0.666719676683535], "k_pid_yaw": [0.5, 1e-06, 0.1], "k_pid_hsp": [5.781240191458679, 0.011264223901387349, 0.2962456738633735], "k_pid_vsp": [264.9966777379314, 304.1795245652576, 2.77343605205192]}, "datetime": {"datetime": "2025-08-12 05:48:21", "elapsed": 48180.46934533119, "delta": 22.27738928794861}, "costs": {"total_cost": 322.5198724082802, "time_cost": 79.52, "final_distance_cost": 1.793279720096931, "oscillation_cost": 149.94752255467023, "completition_cost": 0.0, "overshoot_cost": 51.35566779002989, "power_cost": 18.211218591308594, "noise_cost": 21.69218375217456, "n_waypoints_completed": 9, "tot_waypoints": 9}}
{"target": -192.7676371768049, "params": {"k_pid_pos": [1.0031316701085804, 0.024859491386256316, 0.40092638265648595], "k_pid_alt": [1.7297729984189598, 0.4305222037381311, 0.06527723447865985], "k_pid_att": [10.85276784655954, 1.4953935029224072, 0.666719676683535], "k_pid_yaw": [0.5, 1e-06, 0.1], "k_pid_hsp": [0.09847755819799779, 0.011264223901387349, 0.0], "k_pid_vsp": [264.9966777379314, 304.1795245652576, 2.77343605205192]}, "datetime": {"datetime": "2025-08-12 05:48:40", "elapsed": 48200.26431393623, "delta": 19.794968605041504}, "costs": {"total_cost": 192.7676371768049, "time_cost": 76.342, "final_distance_cost": 1.7852371961255051, "oscillation_cost": 26.713721031832232, "completition_cost": 0.0, "overshoot_cost": 51.385556039814965, "power_cost": 14.96129110107422, "noise_cost": 21.57983180795799, "n_waypoints_completed": 9, "tot_waypoints": 9}}
{"target": -183.5856901136015, "params": {"k_pid_pos": [1.0031316701085804, 0.024859491386256316, 0.40092638265648595], "k_pid_alt": [1.7297729984189598, 0.0, 0.06527723447865985], "k_pid_att": [10.85276784655954, 1.4953935029224072, 0.666719676683535], "k_pid_yaw": [0.5, 1e-06, 0.1], "k_pid_hsp": [0.09847755819799779, 0.011264223901387349, 0.0], "k_pid_vsp": [205.46647479918613, 127.91747472228406, 2.77343605205192]}, "datetime": {"datetime": "2025-08-12 05:49:00", "elapsed": 48219.61543440819, "delta": 19.351120471954346}, "costs": {"total_cost": 183.5856901136015, "time_cost": 70.056, "final_distance_cost": 1.8228195366819622, "oscillation_cost": 25.807208749675727, "completition_cost": 0.0, "overshoot_cost": 50.81530509765018, "power_cost": 14.192803649902345, "noise_cost": 20.891553079691285, "n_waypoints_completed": 9, "tot_waypoints": 9}}
{"target": -241.96413418637934, "params": {"k_pid_pos": [1.0031316701085804, 0.8051487301469052, 0.40092638265648595], "k_pid_alt": [0.8737548644081292, 0.0, 0.06527723447865985], "k_pid_att": [39.43551947786956, 1.4953935029224072, 0.666719676683535], "k_pid_yaw": [0.5, 1e-06, 0.1], "k_pid_hsp": [0.09847755819799779, 0.011264223901387349, 0.0], "k_pid_vsp": [205.46647479918613, 249.85044079645235, 2.77343605205192]}, "datetime": {"datetime": "2025-08-12 05:49:24", "elapsed": 48243.744513750076, "delta": 24.129079341888428}, "costs": {"total_cost": 241.96413418637934, "time_cost": 95.683, "final_distance_cost": 1.7319647956089812, "oscillation_cost": 39.64948992677145, "completition_cost": 0.0, "overshoot_cost": 56.67791727235268, "power_cost": 20.213286071777343, "noise_cost": 28.008476119868888, "n_waypoints_completed": 9, "tot_waypoints": 9}}
