{"target": -189.44537771465588, "params": {"k_pid_pos": [1.8034346552870686, 0.08087462101852438, 0.40092638265648595], "k_pid_alt": [1.7297729984189598, 0.0, 0.06527723447865985], "k_pid_att": [24.0942673894178, 0.18205753750414305, 0.666719676683535], "k_pid_yaw": [0.5, 1e-06, 0.1], "k_pid_hsp": [0.09847755819799779, 0.011264223901387349, 0.0], "k_pid_vsp": [292.94687076665593, 307.0029666248519, 21.011196465382298]}, "datetime": {"datetime": "2025-08-12 01:45:10", "elapsed": 33589.392942905426, "delta": 18.00896191596985}, "costs": {"total_cost": 189.44537771465588, "time_cost": 69.496, "final_distance_cost": 1.7941809556473332, "oscillation_cost": 31.389746284142344, "completition_cost": 0.0, "overshoot_cost": 51.00803016307664, "power_cost": 18.07242468261719, "noise_cost": 17.684995629172352, "n_waypoints_completed": 9, "tot_waypoints": 9}}
{"target": -185.11153566262033, "params": {"k_pid_pos": [1.0031316701085804, 0.024859491386256316, 0.40092638265648595], "k_pid_alt": [1.7297729984189598, 0.0, 0.06527723447865985], "k_pid_att": [37.12179941719916, 2.8503329366774977, 0.666719676683535], "k_pid_yaw": [0.5, 1e-06, 0.1], "k_pid_hsp": [0.09847755819799779, 0.011264223901387349, 0.0], "k_pid_vsp": [131.89521188480865, 307.0029666248519, 75.33060670822715]}, "datetime": {"datetime": "2025-08-12 01:45:28", "elapsed": 33607.880866765976, "delta": 18.487923860549927}, "costs": {"total_cost": 185.11153566262033, "time_cost": 70.798, "final_distance_cost": 1.8373133638606742, "oscillation_cost": 25.229809878093235, "completition_cost": 0.0, "overshoot_cost": 51.46486378134205, "power_cost": 18.208087438964846, "noise_cost": 17.573461200359542, "n_waypoints_completed": 9, "tot_waypoints": 9}}
{"target": -201.75364846694603, "params": {"k_pid_pos": [1.9633392782387096, 0.10920718465865398, 0.3936288181756814], "k_pid_alt": [1.7297729984189598, 0.0, 0.06527723447865985], "k_pid_att": [24.0942673894178, 1.1659524805595562, 0.666719676683535], "k_pid_yaw": [0.5, 1e-06, 0.1], "k_pid_hsp": [4.854323649447895, 0.011264223901387349, 0.0], "k_pid_vsp": [292.94687076665593, 177.05332331509413, 21.011196465382298]}, "datetime": {"datetime": "2025-08-12 01:45:45", "elapsed": 33624.99163889885, "delta": 17.110772132873535}, "costs": {"total_cost": 201.75364846694603, "time_cost": 68.894, "final_distance_cost": 1.800005264683437, "oscillation_cost": 44.47734657880211, "completition_cost": 0.0, "overshoot_cost": 50.6401893817779, "power_cost": 18.315703369140625, "noise_cost": 17.62640387254195, "n_waypoints_completed": 9, "tot_waypoints": 9}}
{"target": -195.0085969871699, "params": {"k_pid_pos": [1.0031316701085804, 0.024859491386256316, 0.40092638265648595], "k_pid_alt": [1.7297729984189598, 0.8435469027637317, 0.06527723447865985], "k_pid_att": [54.807753786811375, 8.491440198406547, 0.3297423310025197], "k_pid_yaw": [0.5, 1e-06, 0.1], "k_pid_hsp": [0.09847755819799779, 0.011264223901387349, 0.0], "k_pid_vsp": [292.94687076665593, 220.49899307650495, 21.011196465382298]}, "datetime": {"datetime": "2025-08-12 01:46:05", "elapsed": 33644.517444610596, "delta": 19.525805711746216}, "costs": {"total_cost": 195.0085969871699, "time_cost": 76.048, "final_distance_cost": 1.8141981379710774, "oscillation_cost": 27.282469938112218, "completition_cost": 0.0, "overshoot_cost": 52.17037275032378, "power_cost": 19.32341102294922, "noise_cost": 18.370145137813598, "n_waypoints_completed": 9, "tot_waypoints": 9}}
{"target": -184.36947991994703, "params": {"k_pid_pos": [1.0031316701085804, 0.024859491386256316, 0.40092638265648595], "k_pid_alt": [1.7297729984189598, 0.0, 0.06527723447865985], "k_pid_att": [24.0942673894178, 0.18205753750414305, 0.666719676683535], "k_pid_yaw": [0.5, 1e-06, 0.1], "k_pid_hsp": [0.09847755819799779, 0.011264223901387349, 0.0], "k_pid_vsp": [398.8090927617697, 273.5353972576295, 21.011196465382298]}, "datetime": {"datetime": "2025-08-12 01:46:23", "elapsed": 33662.413883686066, "delta": 17.89643907546997}, "costs": {"total_cost": 184.36947991994703, "time_cost": 70.126, "final_distance_cost": 1.821347559193903, "oscillation_cost": 25.725163125312754, "completition_cost": 0.0, "overshoot_cost": 50.737621252530424, "power_cost": 18.141666931152344, "noise_cost": 17.81768105175759, "n_waypoints_completed": 9, "tot_waypoints": 9}}
{"target": -553.7629288257559, "params": {"k_pid_pos": [1.0031316701085804, 0.024859491386256316, 0.40092638265648595], "k_pid_alt": [1.7297729984189598, 0.0, 0.06527723447865985], "k_pid_att": [37.12179941719916, 2.8503329366774977, 0.666719676683535], "k_pid_yaw": [0.5, 1e-06, 0.1], "k_pid_hsp": [0.09847755819799779, 0.7709548990052254, 0.0], "k_pid_vsp": [292.94687076665593, 307.0029666248519, 21.011196465382298]}, "datetime": {"datetime": "2025-08-12 01:46:53", "elapsed": 33693.29458904266, "delta": 30.8807053565979}, "costs": {"total_cost": 553.7629288257559, "time_cost": 150, "final_distance_cost": 32.74669051254132, "oscillation_cost": 129.0255470977275, "completition_cost": 111.11111111111116, "overshoot_cost": 62.64465564713223, "power_cost": 35.28048854980469, "noise_cost": 32.954435907438956, "n_waypoints_completed": 8, "tot_waypoints": 9}}
{"target": -191.542726110082, "params": {"k_pid_pos": [1.6364429475361004, 0.06327641863522837, 0.14699784793311532], "k_pid_alt": [1.7297729984189598, 0.0, 0.06527723447865985], "k_pid_att": [24.0942673894178, 0.18205753750414305, 0.666719676683535], "k_pid_yaw": [0.5, 1e-06, 0.1], "k_pid_hsp": [0.09847755819799779, 0.011264223901387349, 0.0], "k_pid_vsp": [170.97439258889042, 307.0029666248519, 21.011196465382298]}, "datetime": {"datetime": "2025-08-12 01:47:12", "elapsed": 33711.65071415901, "delta": 18.356125116348267}, "costs": {"total_cost": 191.542726110082, "time_cost": 69.965, "final_distance_cost": 1.7978576391494283, "oscillation_cost": 32.83846799083278, "completition_cost": 0.0, "overshoot_cost": 50.91002943544998, "power_cost": 18.31631434326172, "noise_cost": 17.71505670138807, "n_waypoints_completed": 9, "tot_waypoints": 9}}
{"target": -183.53649260238842, "params": {"k_pid_pos": [1.0031316701085804, 0.024859491386256316, 0.40092638265648595], "k_pid_alt": [1.7297729984189598, 0.0, 0.06527723447865985], "k_pid_att": [54.227890723214855, 5.859554809351448, 0.666719676683535], "k_pid_yaw": [0.5, 1e-06, 0.1], "k_pid_hsp": [0.09847755819799779, 0.011264223901387349, 0.0], "k_pid_vsp": [264.9966777379314, 140.03862743104432, 2.77343605205192]}, "datetime": {"datetime": "2025-08-12 01:47:29", "elapsed": 33728.739364385605, "delta": 17.088650226593018}, "costs": {"total_cost": 183.53649260238842, "time_cost": 70.182, "final_distance_cost": 1.8157228574093423, "oscillation_cost": 25.80330890253672, "completition_cost": 0.0, "overshoot_cost": 50.51887842229217, "power_cost": 14.2017048828125, "noise_cost": 21.01487753733769, "n_waypoints_completed": 9, "tot_waypoints": 9}}
{"target": -183.64001715417484, "params": {"k_pid_pos": [1.0031316701085804, 0.024859491386256316, 0.40092638265648595], "k_pid_alt": [1.7297729984189598, 0.0, 0.06527723447865985], "k_pid_att": [37.12179941719916, 2.8503329366774977, 0.666719676683535], "k_pid_yaw": [0.5, 1e-06, 0.1], "k_pid_hsp": [0.09847755819799779, 0.011264223901387349, 0.0], "k_pid_vsp": [264.9966777379314, 307.0029666248519, 21.011196465382298]}, "datetime": {"datetime": "2025-08-12 01:47:47", "elapsed": 33746.821333408356, "delta": 18.081969022750854}, "costs": {"total_cost": 183.64001715417484, "time_cost": 70.077, "final_distance_cost": 1.8282288821562778, "oscillation_cost": 25.90473801137338, "completition_cost": 0.0, "overshoot_cost": 50.224048772488736, "power_cost": 17.955333911132815, "noise_cost": 17.65066757702363, "n_waypoints_completed": 9, "tot_waypoints": 9}}
{"target": -183.70064920755323, "params": {"k_pid_pos": [1.0031316701085804, 0.024859491386256316, 0.40092638265648595], "k_pid_alt": [1.7297729984189598, 0.0, 0.06527723447865985], "k_pid_att": [37.12179941719916, 5.859554809351448, 0.666719676683535], "k_pid_yaw": [0.5, 1e-06, 0.1], "k_pid_hsp": [0.09847755819799779, 0.011264223901387349, 0.0], "k_pid_vsp": [264.9966777379314, 307.0029666248519, 21.011196465382298]}, "datetime": {"datetime": "2025-08-12 01:48:04", "elapsed": 33764.21649503708, "delta": 17.395161628723145}, "costs": {"total_cost": 183.70064920755323, "time_cost": 70.063, "final_distance_cost": 1.8269137125583466, "oscillation_cost": 25.990425061704375, "completition_cost": 0.0, "overshoot_cost": 50.38963089585039, "power_cost": 17.882403076171876, "noise_cost": 17.54827646126825, "n_waypoints_completed": 9, "tot_waypoints": 9}}
{"target": -205.95458485921307, "params": {"k_pid_pos": [1.2094558097913224, 0.024859491386256316, 0.40092638265648595], "k_pid_alt": [1.7297729984189598, 0.0, 0.06527723447865985], "k_pid_att": [37.12179941719916, 5.859554809351448, 0.30999008812887185], "k_pid_yaw": [0.5, 1e-06, 0.1], "k_pid_hsp": [4.624666670447476, 0.011264223901387349, 0.0], "k_pid_vsp": [264.9966777379314, 140.03862743104432, 2.77343605205192]}, "datetime": {"datetime": "2025-08-12 01:48:23", "elapsed": 33782.86797142029, "delta": 18.65147638320923}, "costs": {"total_cost": 205.95458485921307, "time_cost": 70.385, "final_distance_cost": 1.847438741529561, "oscillation_cost": 46.46624767513396, "completition_cost": 0.0, "overshoot_cost": 50.491341660702275, "power_cost": 15.111503381347656, "noise_cost": 21.65305340049961, "n_waypoints_completed": 9, "tot_waypoints": 9}}
{"target": -185.46158416191858, "params": {"k_pid_pos": [1.0031316701085804, 0.024859491386256316, 0.40092638265648595], "k_pid_alt": [1.5786606064986153, 0.0, 0.472941922472217], "k_pid_att": [54.227890723214855, 2.8503329366774977, 0.666719676683535], "k_pid_yaw": [0.5, 1e-06, 0.1], "k_pid_hsp": [0.09847755819799779, 0.011264223901387349, 0.0], "k_pid_vsp": [131.89521188480865, 307.0029666248519, 75.33060670822715]}, "datetime": {"datetime": "2025-08-12 01:48:40", "elapsed": 33800.13744473457, "delta": 17.26947331428528}, "costs": {"total_cost": 185.46158416191858, "time_cost": 71.253, "final_distance_cost": 1.8288362113226695, "oscillation_cost": 25.19349326910236, "completition_cost": 0.0, "overshoot_cost": 51.18867087040568, "power_cost": 18.719699426269532, "noise_cost": 17.27788438481834, "n_waypoints_completed": 9, "tot_waypoints": 9}}
{"target": -184.73697095604655, "params": {"k_pid_pos": [1.0031316701085804, 0.024859491386256316, 0.40092638265648595], "k_pid_alt": [1.7297729984189598, 0.0, 0.06527723447865985], "k_pid_att": [24.0942673894178, 7.262158112886176, 0.10072849482906354], "k_pid_yaw": [0.5, 1e-06, 0.1], "k_pid_hsp": [0.09847755819799779, 0.011264223901387349, 0.0], "k_pid_vsp": [264.9966777379314, 307.0029666248519, 21.011196465382298]}, "datetime": {"datetime": "2025-08-12 01:48:58", "elapsed": 33817.69265079498, "delta": 17.555206060409546}, "costs": {"total_cost": 184.73697095604655, "time_cost": 70.021, "final_distance_cost": 1.8236316446852388, "oscillation_cost": 26.61997019275026, "completition_cost": 0.0, "overshoot_cost": 50.55526280289911, "power_cost": 18.06793602294922, "noise_cost": 17.649170292762715, "n_waypoints_completed": 9, "tot_waypoints": 9}}
{"target": -1238.1492491370593, "params": {"k_pid_pos": [1.0031316701085804, 0.024859491386256316, 0.40092638265648595], "k_pid_alt": [1.7297729984189598, 0.0, 0.06527723447865985], "k_pid_att": [80.8038429083958, 2.8503329366774977, 0.666719676683535], "k_pid_yaw": [0.5, 1e-06, 0.1], "k_pid_hsp": [0.09847755819799779, 0.011264223901387349, 0.16364896750993774], "k_pid_vsp": [202.72567798589142, 281.67745710790115, 75.33060670822715]}, "datetime": {"datetime": "2025-08-12 01:49:28", "elapsed": 33848.279753685, "delta": 30.58710289001465}, "costs": {"total_cost": 1238.1492491370593, "time_cost": 150, "final_distance_cost": 58.111138624340306, "oscillation_cost": 674.4906406099519, "completition_cost": 222.2222222222222, "overshoot_cost": 70.62078515219116, "power_cost": 35.028665637207034, "noise_cost": 27.675796891146607, "n_waypoints_completed": 7, "tot_waypoints": 9}}
{"target": -184.03473718076404, "params": {"k_pid_pos": [1.0031316701085804, 0.024859491386256316, 0.40092638265648595], "k_pid_alt": [1.7297729984189598, 0.0, 0.15791560522360282], "k_pid_att": [37.12179941719916, 5.859554809351448, 0.666719676683535], "k_pid_yaw": [0.5, 1e-06, 0.1], "k_pid_hsp": [0.09847755819799779, 0.011264223901387349, 0.0], "k_pid_vsp": [264.57255645423925, 307.0029666248519, 21.011196465382298]}, "datetime": {"datetime": "2025-08-12 01:49:46", "elapsed": 33865.40744447708, "delta": 17.12769079208374}, "costs": {"total_cost": 184.03473718076404, "time_cost": 70.119, "final_distance_cost": 1.8166669284048618, "oscillation_cost": 26.132848049836042, "completition_cost": 0.0, "overshoot_cost": 50.53448452888188, "power_cost": 17.956876318359377, "noise_cost": 17.474861355281877, "n_waypoints_completed": 9, "tot_waypoints": 9}}
{"target": -184.74075803085728, "params": {"k_pid_pos": [1.0031316701085804, 0.024859491386256316, 0.40092638265648595], "k_pid_alt": [1.1098775236402525, 0.0, 0.06527723447865985], "k_pid_att": [37.12179941719916, 5.859554809351448, 0.666719676683535], "k_pid_yaw": [0.5, 1e-06, 0.1], "k_pid_hsp": [0.09847755819799779, 0.011264223901387349, 0.0], "k_pid_vsp": [264.9966777379314, 307.0029666248519, 21.011196465382298]}, "datetime": {"datetime": "2025-08-12 01:50:04", "elapsed": 33883.893891334534, "delta": 18.486446857452393}, "costs": {"total_cost": 184.74075803085728, "time_cost": 70.672, "final_distance_cost": 1.8320532394659925, "oscillation_cost": 26.18922458247252, "completition_cost": 0.0, "overshoot_cost": 50.46610992126731, "power_cost": 18.020971850585937, "noise_cost": 17.560398437065512, "n_waypoints_completed": 9, "tot_waypoints": 9}}
{"target": -184.56835292831414, "params": {"k_pid_pos": [1.0031316701085804, 0.024859491386256316, 0.40092638265648595], "k_pid_alt": [1.7297729984189598, 0.0, 0.06527723447865985], "k_pid_att": [11.391637031113255, 0.18205753750414305, 0.666719676683535], "k_pid_yaw": [0.5, 1e-06, 0.1], "k_pid_hsp": [0.09847755819799779, 0.011264223901387349, 0.0], "k_pid_vsp": [264.9966777379314, 307.0029666248519, 21.011196465382298]}, "datetime": {"datetime": "2025-08-12 01:50:22", "elapsed": 33901.56445026398, "delta": 17.67055892944336}, "costs": {"total_cost": 184.56835292831414, "time_cost": 70.084, "final_distance_cost": 1.8184885287543233, "oscillation_cost": 25.660930845428307, "completition_cost": 0.0, "overshoot_cost": 51.25445209800564, "power_cost": 18.084963195800782, "noise_cost": 17.665518260325044, "n_waypoints_completed": 9, "tot_waypoints": 9}}
{"target": -194.4444729643666, "params": {"k_pid_pos": [1.0031316701085804, 0.024859491386256316, 0.40092638265648595], "k_pid_alt": [1.7297729984189598, 0.0, 0.06527723447865985], "k_pid_att": [24.0942673894178, 6.043751783864618, 0.666719676683535], "k_pid_yaw": [0.5, 1e-06, 0.1], "k_pid_hsp": [1.9715787190781768, 0.011264223901387349, 0.0], "k_pid_vsp": [145.49514412553103, 273.5353972576295, 21.011196465382298]}, "datetime": {"datetime": "2025-08-12 01:50:40", "elapsed": 33920.26894187927, "delta": 18.70449161529541}, "costs": {"total_cost": 194.4444729643666, "time_cost": 72.17, "final_distance_cost": 1.847324891529545, "oscillation_cost": 32.48664421935825, "completition_cost": 0.0, "overshoot_cost": 50.34666331412405, "power_cost": 18.744476452636718, "noise_cost": 18.849364086718044, "n_waypoints_completed": 9, "tot_waypoints": 9}}
{"target": -189.46899004513008, "params": {"k_pid_pos": [1.8034346552870686, 0.08087462101852438, 0.4287384789656963], "k_pid_alt": [1.7297729984189598, 0.0, 0.06527723447865985], "k_pid_att": [24.0942673894178, 0.18205753750414305, 0.666719676683535], "k_pid_yaw": [0.5, 1e-06, 0.1], "k_pid_hsp": [0.09847755819799779, 0.011264223901387349, 0.0], "k_pid_vsp": [174.90950217371815, 307.0029666248519, 21.011196465382298]}, "datetime": {"datetime": "2025-08-12 01:50:58", "elapsed": 33938.368129730225, "delta": 18.09918785095215}, "costs": {"total_cost": 189.46899004513008, "time_cost": 69.482, "final_distance_cost": 1.7695585158206795, "oscillation_cost": 31.424430333607987, "completition_cost": 0.0, "overshoot_cost": 50.844553402058466, "power_cost": 18.22766384277344, "noise_cost": 17.720783950869503, "n_waypoints_completed": 9, "tot_waypoints": 9}}
{"target": -221.83761867610227, "params": {"k_pid_pos": [1.0031316701085804, 0.6666702018088329, 0.40092638265648595], "k_pid_alt": [1.7297729984189598, 0.0, 0.06527723447865985], "k_pid_att": [32.194164172814396, 5.859554809351448, 0.666719676683535], "k_pid_yaw": [0.5, 1e-06, 0.1], "k_pid_hsp": [0.09847755819799779, 0.011264223901387349, 0.0], "k_pid_vsp": [264.9966777379314, 220.49899307650495, 21.011196465382298]}, "datetime": {"datetime": "2025-08-12 01:51:22", "elapsed": 33962.16317534447, "delta": 23.795045614242554}, "costs": {"total_cost": 221.83761867610227, "time_cost": 86.142, "final_distance_cost": 1.7506845777931805, "oscillation_cost": 34.41079208508458, "completition_cost": 0.0, "overshoot_cost": 54.71369368032439, "power_cost": 22.63582496337891, "noise_cost": 22.18462336952123, "n_waypoints_completed": 9, "tot_waypoints": 9}}
{"target": -1457.9899204840692, "params": {"k_pid_pos": [1.0031316701085804, 0.024859491386256316, 0.4878628878866713], "k_pid_alt": [1.7297729984189598, 0.0, 0.06527723447865985], "k_pid_att": [54.227890723214855, 5.859554809351448, 0.666719676683535], "k_pid_yaw": [0.5, 1e-06, 0.1], "k_pid_hsp": [0.09847755819799779, 0.011264223901387349, 0.0], "k_pid_vsp": [264.9966777379314, 140.03862743104432, 257.1921575581723]}, "datetime": {"datetime": "2025-08-12 01:51:53", "elapsed": 33992.972402095795, "delta": 30.809226751327515}, "costs": {"total_cost": 1457.9899204840692, "time_cost": 150, "final_distance_cost": 0.9985986642217216, "oscillation_cost": 3.2655283340523753, "completition_cost": 1000.0, "overshoot_cost": 162.64659900274705, "power_cost": 29.378499450683595, "noise_cost": 111.70069503236431, "n_waypoints_completed": 0, "tot_waypoints": 9}}
{"target": -194.27331642137432, "params": {"k_pid_pos": [1.0031316701085804, 0.024859491386256316, 0.40092638265648595], "k_pid_alt": [1.7297729984189598, 0.0, 0.06527723447865985], "k_pid_att": [37.12179941719916, 2.8503329366774977, 0.666719676683535], "k_pid_yaw": [0.5, 1e-06, 0.1], "k_pid_hsp": [1.0498148400696388, 0.011264223901387349, 0.0], "k_pid_vsp": [131.89521188480865, 307.0029666248519, 75.33060670822715]}, "datetime": {"datetime": "2025-08-12 01:52:11", "elapsed": 34011.008506298065, "delta": 18.036104202270508}, "costs": {"total_cost": 194.27331642137432, "time_cost": 72.772, "final_distance_cost": 1.8548760103515722, "oscillation_cost": 29.520440450502864, "completition_cost": 0.0, "overshoot_cost": 51.93495174699108, "power_cost": 19.271493188476562, "noise_cost": 18.91955502505224, "n_waypoints_completed": 9, "tot_waypoints": 9}}
{"target": -915.7006824859734, "params": {"k_pid_pos": [0.5467413932132553, 0.024859491386256316, 0.40092638265648595], "k_pid_alt": [1.7297729984189598, 0.0, 0.15791560522360282], "k_pid_att": [37.12179941719916, 5.859554809351448, 0.666719676683535], "k_pid_yaw": [0.5, 1e-06, 0.1], "k_pid_hsp": [0.09847755819799779, 0.906465251254105, 0.0], "k_pid_vsp": [264.9966777379314, 307.0029666248519, 21.011196465382298]}, "datetime": {"datetime": "2025-08-12 01:52:42", "elapsed": 34042.07051730156, "delta": 31.062011003494263}, "costs": {"total_cost": 915.7006824859734, "time_cost": 150, "final_distance_cost": 53.39646645146698, "oscillation_cost": 134.57385475911502, "completition_cost": 444.4444444444444, "overshoot_cost": 64.07120548836589, "power_cost": 35.79782517089844, "noise_cost": 33.416886171682584, "n_waypoints_completed": 5, "tot_waypoints": 9}}
{"target": -183.70064920755323, "params": {"k_pid_pos": [1.0031316701085804, 0.024859491386256316, 0.40092638265648595], "k_pid_alt": [1.7297729984189598, 0.0, 0.06527723447865985], "k_pid_att": [37.12179941719916, 5.859554809351448, 0.666719676683535], "k_pid_yaw": [0.5, 1e-06, 0.1], "k_pid_hsp": [0.09847755819799779, 0.011264223901387349, 0.0], "k_pid_vsp": [264.9966777379314, 307.0029666248519, 21.011196465382298]}, "datetime": {"datetime": "2025-08-12 01:53:00", "elapsed": 34059.67480969429, "delta": 17.604292392730713}, "costs": {"total_cost": 183.70064920755323, "time_cost": 70.063, "final_distance_cost": 1.8269137125583466, "oscillation_cost": 25.990425061704375, "completition_cost": 0.0, "overshoot_cost": 50.38963089585039, "power_cost": 17.882403076171876, "noise_cost": 17.54827646126825, "n_waypoints_completed": 9, "tot_waypoints": 9}}
{"target": -285.9690471450664, "params": {"k_pid_pos": [1.0031316701085804, 0.024859491386256316, 0.40092638265648595], "k_pid_alt": [1.7297729984189598, 0.0, 0.9777221835916994], "k_pid_att": [24.0942673894178, 0.18205753750414305, 0.666719676683535], "k_pid_yaw": [0.5, 1e-06, 0.1], "k_pid_hsp": [0.09847755819799779, 0.30538356757589824, 0.0], "k_pid_vsp": [292.94687076665593, 307.0029666248519, 21.011196465382298]}, "datetime": {"datetime": "2025-08-12 01:53:23", "elapsed": 34082.94172477722, "delta": 23.26691508293152}, "costs": {"total_cost": 285.9690471450664, "time_cost": 86.674, "final_distance_cost": 1.8416109377083612, "oscillation_cost": 91.6683497228619, "completition_cost": 0.0, "overshoot_cost": 56.05012901850476, "power_cost": 24.76010661621094, "noise_cost": 24.974850849780438, "n_waypoints_completed": 9, "tot_waypoints": 9}}
