{"target": -190.65283198195178, "params": {"k_pid_pos": [1.0031316701085804, 0.18184078163545014, 0.40092638265648595], "k_pid_alt": [1.2679502233621702, 0.0, 0.06527723447865985], "k_pid_att": [24.0942673894178, 0.18205753750414305, 0.8792759721912583], "k_pid_yaw": [0.5, 1e-06, 0.1], "k_pid_hsp": [0.09847755819799779, 0.011264223901387349, 0.0], "k_pid_vsp": [316.2191682070645, 307.0029666248519, 21.011196465382298]}, "datetime": {"datetime": "2025-08-11 22:54:28", "elapsed": 23348.264320850372, "delta": 18.573710680007935}, "costs": {"total_cost": 190.65283198195178, "time_cost": 73.717, "final_distance_cost": 1.7960261683531036, "oscillation_cost": 26.359952748818444, "completition_cost": 0.0, "overshoot_cost": 51.07708384565606, "power_cost": 19.125451025390625, "noise_cost": 18.57731819373355, "n_waypoints_completed": 9, "tot_waypoints": 9}}
{"target": -189.25403711617201, "params": {"k_pid_pos": [0.6815964110373376, 0.024859491386256316, 0.40092638265648595], "k_pid_alt": [1.2679502233621702, 0.0, 0.06527723447865985], "k_pid_att": [24.0942673894178, 0.18205753750414305, 0.8792759721912583], "k_pid_yaw": [0.5, 1e-06, 0.1], "k_pid_hsp": [0.09847755819799779, 0.011264223901387349, 0.0], "k_pid_vsp": [387.2664617915111, 307.0029666248519, 62.564861685850005]}, "datetime": {"datetime": "2025-08-11 22:54:48", "elapsed": 23367.445697784424, "delta": 19.181376934051514}, "costs": {"total_cost": 189.25403711617201, "time_cost": 74.886, "final_distance_cost": 1.8457961354413785, "oscillation_cost": 22.716409782008665, "completition_cost": 0.0, "overshoot_cost": 51.61608687874748, "power_cost": 19.081423364257812, "noise_cost": 19.10832095571668, "n_waypoints_completed": 9, "tot_waypoints": 9}}
{"target": -184.09452520859787, "params": {"k_pid_pos": [1.0031316701085804, 0.024859491386256316, 0.40092638265648595], "k_pid_alt": [1.2679502233621702, 0.0, 0.06527723447865985], "k_pid_att": [24.0942673894178, 0.18205753750414305, 0.8792759721912583], "k_pid_yaw": [0.5, 1e-06, 0.1], "k_pid_hsp": [0.09847755819799779, 0.011264223901387349, 0.0], "k_pid_vsp": [292.94687076665593, 307.0029666248519, 21.011196465382298]}, "datetime": {"datetime": "2025-08-11 22:55:05", "elapsed": 23384.81004357338, "delta": 17.36434578895569}, "costs": {"total_cost": 184.09452520859787, "time_cost": 70.399, "final_distance_cost": 1.8345096342728806, "oscillation_cost": 26.033560826510698, "completition_cost": 0.0, "overshoot_cost": 50.504236002786485, "power_cost": 17.811746228027346, "noise_cost": 17.511472517000485, "n_waypoints_completed": 9, "tot_waypoints": 9}}
{"target": -184.09452520859787, "params": {"k_pid_pos": [1.0031316701085804, 0.024859491386256316, 0.40092638265648595], "k_pid_alt": [1.2679502233621702, 0.0, 0.06527723447865985], "k_pid_att": [24.0942673894178, 0.18205753750414305, 0.8792759721912583], "k_pid_yaw": [0.5, 1e-06, 0.1], "k_pid_hsp": [0.09847755819799779, 0.011264223901387349, 0.0], "k_pid_vsp": [292.94687076665593, 307.0029666248519, 21.011196465382298]}, "datetime": {"datetime": "2025-08-11 22:55:23", "elapsed": 23403.017021894455, "delta": 18.20697832107544}, "costs": {"total_cost": 184.09452520859787, "time_cost": 70.399, "final_distance_cost": 1.8345096342728806, "oscillation_cost": 26.033560826510698, "completition_cost": 0.0, "overshoot_cost": 50.504236002786485, "power_cost": 17.811746228027346, "noise_cost": 17.511472517000485, "n_waypoints_completed": 9, "tot_waypoints": 9}}
{"target": -184.09452520859787, "params": {"k_pid_pos": [1.0031316701085804, 0.024859491386256316, 0.40092638265648595], "k_pid_alt": [1.2679502233621702, 0.0, 0.06527723447865985], "k_pid_att": [24.0942673894178, 0.18205753750414305, 0.8792759721912583], "k_pid_yaw": [0.5, 1e-06, 0.1], "k_pid_hsp": [0.09847755819799779, 0.011264223901387349, 0.0], "k_pid_vsp": [292.94687076665593, 307.0029666248519, 21.011196465382298]}, "datetime": {"datetime": "2025-08-11 22:55:41", "elapsed": 23420.558886051178, "delta": 17.541864156723022}, "costs": {"total_cost": 184.09452520859787, "time_cost": 70.399, "final_distance_cost": 1.8345096342728806, "oscillation_cost": 26.033560826510698, "completition_cost": 0.0, "overshoot_cost": 50.504236002786485, "power_cost": 17.811746228027346, "noise_cost": 17.511472517000485, "n_waypoints_completed": 9, "tot_waypoints": 9}}
{"target": -188.40486674476188, "params": {"k_pid_pos": [1.0031316701085804, 0.024859491386256316, 0.0386815934960667], "k_pid_alt": [1.2679502233621702, 0.0, 0.06527723447865985], "k_pid_att": [24.0942673894178, 0.18205753750414305, 0.8792759721912583], "k_pid_yaw": [0.5, 1e-06, 0.1], "k_pid_hsp": [0.09847755819799779, 0.011264223901387349, 0.0], "k_pid_vsp": [292.94687076665593, 307.0029666248519, 21.011196465382298]}, "datetime": {"datetime": "2025-08-11 22:55:59", "elapsed": 23438.863829135895, "delta": 18.304943084716797}, "costs": {"total_cost": 188.40486674476188, "time_cost": 71.46300000000001, "final_distance_cost": 1.7899800966146417, "oscillation_cost": 28.41893246313927, "completition_cost": 0.0, "overshoot_cost": 50.622534275541504, "power_cost": 18.3192388671875, "noise_cost": 17.79118104227896, "n_waypoints_completed": 9, "tot_waypoints": 9}}
{"target": -202.75796713275534, "params": {"k_pid_pos": [1.4531304595830021, 0.024859491386256316, 0.40092638265648595], "k_pid_alt": [1.2679502233621702, 0.0, 0.06527723447865985], "k_pid_att": [24.0942673894178, 0.6602261003011337, 0.8792759721912583], "k_pid_yaw": [0.5, 1e-06, 0.1], "k_pid_hsp": [6.590021097612566, 0.700413119967275, 0.0], "k_pid_vsp": [284.5460512203246, 307.0029666248519, 142.1154440228655]}, "datetime": {"datetime": "2025-08-11 22:56:17", "elapsed": 23456.52076435089, "delta": 17.656935214996338}, "costs": {"total_cost": 202.75796713275534, "time_cost": 69.97200000000001, "final_distance_cost": 1.8505994395406484, "oscillation_cost": 44.11830176866703, "completition_cost": 0.0, "overshoot_cost": 50.24816739490845, "power_cost": 18.83302370605469, "noise_cost": 17.735874823584513, "n_waypoints_completed": 9, "tot_waypoints": 9}}
{"target": -185.1890170825483, "params": {"k_pid_pos": [1.0031316701085804, 0.024859491386256316, 0.40092638265648595], "k_pid_alt": [1.2679502233621702, 0.0, 0.06527723447865985], "k_pid_att": [24.0942673894178, 0.18205753750414305, 0.8792759721912583], "k_pid_yaw": [0.5, 1e-06, 0.1], "k_pid_hsp": [0.09847755819799779, 0.011264223901387349, 0.0], "k_pid_vsp": [387.2664617915111, 307.0029666248519, 62.564861685850005]}, "datetime": {"datetime": "2025-08-11 22:56:35", "elapsed": 23474.799792289734, "delta": 18.279027938842773}, "costs": {"total_cost": 185.1890170825483, "time_cost": 70.602, "final_distance_cost": 1.8274949902731241, "oscillation_cost": 25.47609005090021, "completition_cost": 0.0, "overshoot_cost": 51.29199082659824, "power_cost": 18.19944031982422, "noise_cost": 17.792000894952498, "n_waypoints_completed": 9, "tot_waypoints": 9}}
{"target": -1225.045277760788, "params": {"k_pid_pos": [0.6815964110373376, 0.36058118701943764, 0.7184847314356495], "k_pid_alt": [0.676571582052889, 0.0, 0.06527723447865985], "k_pid_att": [24.0942673894178, 0.18205753750414305, 0.8792759721912583], "k_pid_yaw": [0.5, 1e-06, 0.1], "k_pid_hsp": [0.09847755819799779, 0.011264223901387349, 0.44182584981578], "k_pid_vsp": [187.54695804945675, 307.0029666248519, 21.011196465382298]}, "datetime": {"datetime": "2025-08-11 22:57:05", "elapsed": 23505.099588871002, "delta": 30.29979658126831}, "costs": {"total_cost": 1225.045277760788, "time_cost": 150, "final_distance_cost": 50.43143699469122, "oscillation_cost": 451.630727545634, "completition_cost": 444.4444444444444, "overshoot_cost": 68.420574639164, "power_cost": 31.979299584960938, "noise_cost": 28.138794551893298, "n_waypoints_completed": 5, "tot_waypoints": 9}}
{"target": -184.09452520859787, "params": {"k_pid_pos": [1.0031316701085804, 0.024859491386256316, 0.40092638265648595], "k_pid_alt": [1.2679502233621702, 0.0, 0.06527723447865985], "k_pid_att": [24.0942673894178, 0.18205753750414305, 0.8792759721912583], "k_pid_yaw": [0.5, 1e-06, 0.1], "k_pid_hsp": [0.09847755819799779, 0.011264223901387349, 0.0], "k_pid_vsp": [292.94687076665593, 307.0029666248519, 21.011196465382298]}, "datetime": {"datetime": "2025-08-11 22:57:23", "elapsed": 23523.330163240433, "delta": 18.230574369430542}, "costs": {"total_cost": 184.09452520859787, "time_cost": 70.399, "final_distance_cost": 1.8345096342728806, "oscillation_cost": 26.033560826510698, "completition_cost": 0.0, "overshoot_cost": 50.504236002786485, "power_cost": 17.811746228027346, "noise_cost": 17.511472517000485, "n_waypoints_completed": 9, "tot_waypoints": 9}}
{"target": -185.06337812504518, "params": {"k_pid_pos": [0.9203224573796739, 0.024859491386256316, 0.40092638265648595], "k_pid_alt": [1.6586884955541554, 0.0, 0.06527723447865985], "k_pid_att": [99.05121608804818, 0.18205753750414305, 0.8792759721912583], "k_pid_yaw": [0.5, 1e-06, 0.1], "k_pid_hsp": [0.09847755819799779, 0.011264223901387349, 0.0], "k_pid_vsp": [110.56511661686339, 307.0029666248519, 21.011196465382298]}, "datetime": {"datetime": "2025-08-11 22:57:42", "elapsed": 23541.717063188553, "delta": 18.386899948120117}, "costs": {"total_cost": 185.06337812504518, "time_cost": 70.868, "final_distance_cost": 1.8224672687792332, "oscillation_cost": 25.92948640905244, "completition_cost": 0.0, "overshoot_cost": 50.663772528159825, "power_cost": 17.982618872070315, "noise_cost": 17.79703304698336, "n_waypoints_completed": 9, "tot_waypoints": 9}}
{"target": -184.00642531641506, "params": {"k_pid_pos": [1.0031316701085804, 0.024859491386256316, 0.40092638265648595], "k_pid_alt": [1.7297729984189598, 0.0, 0.06527723447865985], "k_pid_att": [24.0942673894178, 0.18205753750414305, 0.8792759721912583], "k_pid_yaw": [0.5, 1e-06, 0.1], "k_pid_hsp": [0.09847755819799779, 0.011264223901387349, 0.0], "k_pid_vsp": [316.2191682070645, 307.0029666248519, 21.011196465382298]}, "datetime": {"datetime": "2025-08-11 22:58:00", "elapsed": 23559.85349225998, "delta": 18.13642907142639}, "costs": {"total_cost": 184.00642531641506, "time_cost": 70.09100000000001, "final_distance_cost": 1.8159919608781359, "oscillation_cost": 25.94489514214551, "completition_cost": 0.0, "overshoot_cost": 50.49029792783175, "power_cost": 17.95253094482422, "noise_cost": 17.71170934073545, "n_waypoints_completed": 9, "tot_waypoints": 9}}
{"target": -1461.1171291809535, "params": {"k_pid_pos": [1.0031316701085804, 0.18184078163545014, 0.40092638265648595], "k_pid_alt": [1.2679502233621702, 0.0, 0.06527723447865985], "k_pid_att": [24.0942673894178, 0.18205753750414305, 0.8792759721912583], "k_pid_yaw": [0.5, 1e-06, 0.1], "k_pid_hsp": [0.09847755819799779, 0.011264223901387349, 0.0], "k_pid_vsp": [292.94687076665593, 276.98186102721047, 388.31392717284257]}, "datetime": {"datetime": "2025-08-11 22:58:31", "elapsed": 23590.913375139236, "delta": 31.059882879257202}, "costs": {"total_cost": 1461.1171291809535, "time_cost": 150, "final_distance_cost": 0.9983049686515754, "oscillation_cost": 3.547686336926434, "completition_cost": 1000.0, "overshoot_cost": 162.9702267561354, "power_cost": 29.403069250488283, "noise_cost": 114.19784186875191, "n_waypoints_completed": 0, "tot_waypoints": 9}}
{"target": -202.0464981606388, "params": {"k_pid_pos": [1.5233419604839473, 0.024859491386256316, 0.5792642345702999], "k_pid_alt": [1.2679502233621702, 0.8453038121781166, 0.06527723447865985], "k_pid_att": [24.0942673894178, 0.18205753750414305, 0.7813719867183654], "k_pid_yaw": [0.5, 1e-06, 0.1], "k_pid_hsp": [0.09847755819799779, 0.011264223901387349, 0.0], "k_pid_vsp": [292.94687076665593, 307.0029666248519, 21.011196465382298]}, "datetime": {"datetime": "2025-08-11 22:58:51", "elapsed": 23610.965027809143, "delta": 20.051652669906616}, "costs": {"total_cost": 202.0464981606388, "time_cost": 77.581, "final_distance_cost": 1.790266852299743, "oscillation_cost": 30.96332209866084, "completition_cost": 0.0, "overshoot_cost": 52.90001719302426, "power_cost": 20.028383068847656, "noise_cost": 18.783508947806297, "n_waypoints_completed": 9, "tot_waypoints": 9}}
{"target": -184.09452520859787, "params": {"k_pid_pos": [1.0031316701085804, 0.024859491386256316, 0.40092638265648595], "k_pid_alt": [1.2679502233621702, 0.0, 0.06527723447865985], "k_pid_att": [24.0942673894178, 0.18205753750414305, 0.8792759721912583], "k_pid_yaw": [0.5, 1e-06, 0.1], "k_pid_hsp": [0.09847755819799779, 0.011264223901387349, 0.0], "k_pid_vsp": [292.94687076665593, 307.0029666248519, 21.011196465382298]}, "datetime": {"datetime": "2025-08-11 22:59:09", "elapsed": 23629.184660434723, "delta": 18.219632625579834}, "costs": {"total_cost": 184.09452520859787, "time_cost": 70.399, "final_distance_cost": 1.8345096342728806, "oscillation_cost": 26.033560826510698, "completition_cost": 0.0, "overshoot_cost": 50.504236002786485, "power_cost": 17.811746228027346, "noise_cost": 17.511472517000485, "n_waypoints_completed": 9, "tot_waypoints": 9}}
{"target": -593.491448574792, "params": {"k_pid_pos": [1.097674141165482, 0.024859491386256316, 0.8092599635047751], "k_pid_alt": [1.2679502233621702, 0.5939352518004133, 0.06527723447865985], "k_pid_att": [24.0942673894178, 0.18205753750414305, 0.8792759721912583], "k_pid_yaw": [0.5, 1e-06, 0.1], "k_pid_hsp": [3.4766472509719146, 0.011264223901387349, 0.0], "k_pid_vsp": [292.94687076665593, 307.0029666248519, 216.22646630461736]}, "datetime": {"datetime": "2025-08-11 22:59:40", "elapsed": 23660.315390348434, "delta": 31.130729913711548}, "costs": {"total_cost": 593.491448574792, "time_cost": 150, "final_distance_cost": 71.40695296083356, "oscillation_cost": 33.08782027175317, "completition_cost": 222.2222222222222, "overshoot_cost": 59.94099980508825, "power_cost": 30.296020471191408, "noise_cost": 26.537432843703414, "n_waypoints_completed": 7, "tot_waypoints": 9}}
{"target": -185.929570180674, "params": {"k_pid_pos": [1.0031316701085804, 0.024859491386256316, 0.40092638265648595], "k_pid_alt": [1.2679502233621702, 0.0, 0.3123089974307902], "k_pid_att": [24.0942673894178, 0.18205753750414305, 0.8792759721912583], "k_pid_yaw": [0.5, 1e-06, 0.1], "k_pid_hsp": [0.09847755819799779, 0.011264223901387349, 0.0], "k_pid_vsp": [292.94687076665593, 93.02116563978787, 21.011196465382298]}, "datetime": {"datetime": "2025-08-11 22:59:58", "elapsed": 23678.18949818611, "delta": 17.874107837677002}, "costs": {"total_cost": 185.929570180674, "time_cost": 71.246, "final_distance_cost": 1.8220092514232569, "oscillation_cost": 25.579491283158216, "completition_cost": 0.0, "overshoot_cost": 50.97377435944706, "power_cost": 18.243403552246093, "noise_cost": 18.064891734399378, "n_waypoints_completed": 9, "tot_waypoints": 9}}
{"target": -184.64176232183124, "params": {"k_pid_pos": [1.0031316701085804, 0.024859491386256316, 0.40092638265648595], "k_pid_alt": [1.2679502233621702, 0.0, 0.06527723447865985], "k_pid_att": [20.82401769786979, 0.18205753750414305, 0.8792759721912583], "k_pid_yaw": [0.5, 1e-06, 0.1], "k_pid_hsp": [0.09847755819799779, 0.011264223901387349, 0.0], "k_pid_vsp": [316.2191682070645, 307.0029666248519, 21.011196465382298]}, "datetime": {"datetime": "2025-08-11 23:00:16", "elapsed": 23696.30468583107, "delta": 18.115187644958496}, "costs": {"total_cost": 184.64176232183124, "time_cost": 70.427, "final_distance_cost": 1.8185497087383888, "oscillation_cost": 25.932333031161544, "completition_cost": 0.0, "overshoot_cost": 50.664324394012354, "power_cost": 18.04429989013672, "noise_cost": 17.755255297782217, "n_waypoints_completed": 9, "tot_waypoints": 9}}
{"target": -1166.8704547952643, "params": {"k_pid_pos": [0.031438087518317434, 0.18184078163545014, 0.40092638265648595], "k_pid_alt": [1.2679502233621702, 0.0, 0.06527723447865985], "k_pid_att": [24.0942673894178, 6.884070437552189, 0.8792759721912583], "k_pid_yaw": [0.5, 1e-06, 0.1], "k_pid_hsp": [0.09847755819799779, 0.9370803194387888, 0.0], "k_pid_vsp": [292.94687076665593, 307.0029666248519, 21.011196465382298]}, "datetime": {"datetime": "2025-08-11 23:00:47", "elapsed": 23726.824023246765, "delta": 30.51933741569519}, "costs": {"total_cost": 1166.8704547952643, "time_cost": 150, "final_distance_cost": 85.48410650426187, "oscillation_cost": 38.912641266657616, "completition_cost": 777.7777777777778, "overshoot_cost": 58.12548326523315, "power_cost": 29.693660693359377, "noise_cost": 26.876785287974414, "n_waypoints_completed": 2, "tot_waypoints": 9}}
{"target": -565.4742358204664, "params": {"k_pid_pos": [1.0031316701085804, 0.024859491386256316, 0.40092638265648595], "k_pid_alt": [1.2679502233621702, 0.0, 0.06527723447865985], "k_pid_att": [24.0942673894178, 0.18205753750414305, 0.8792759721912583], "k_pid_yaw": [0.5, 1e-06, 0.1], "k_pid_hsp": [0.09847755819799779, 0.4901041752182733, 0.42869111788928294], "k_pid_vsp": [292.94687076665593, 307.0029666248519, 21.011196465382298]}, "datetime": {"datetime": "2025-08-11 23:01:14", "elapsed": 23754.238147735596, "delta": 27.414124488830566}, "costs": {"total_cost": 565.4742358204664, "time_cost": 105.28, "final_distance_cost": 1.790401879405355, "oscillation_cost": 327.0041059583145, "completition_cost": 0.0, "overshoot_cost": 75.53502874063278, "power_cost": 28.240494592285156, "noise_cost": 27.62420464982868, "n_waypoints_completed": 9, "tot_waypoints": 9}}
{"target": -185.2104228275481, "params": {"k_pid_pos": [0.9203224573796739, 0.024859491386256316, 0.40092638265648595], "k_pid_alt": [1.6586884955541554, 0.0, 0.06527723447865985], "k_pid_att": [24.0942673894178, 0.18205753750414305, 0.8792759721912583], "k_pid_yaw": [0.5, 1e-06, 0.1], "k_pid_hsp": [0.09847755819799779, 0.011264223901387349, 0.0], "k_pid_vsp": [110.56511661686339, 307.0029666248519, 21.011196465382298]}, "datetime": {"datetime": "2025-08-11 23:01:33", "elapsed": 23772.495527029037, "delta": 18.257379293441772}, "costs": {"total_cost": 185.2104228275481, "time_cost": 70.749, "final_distance_cost": 1.8229157514226881, "oscillation_cost": 25.658880528974773, "completition_cost": 0.0, "overshoot_cost": 51.06997111423526, "power_cost": 18.072364453125, "noise_cost": 17.83729097979037, "n_waypoints_completed": 9, "tot_waypoints": 9}}
{"target": -198.46716349469196, "params": {"k_pid_pos": [1.0031316701085804, 0.024859491386256316, 0.40092638265648595], "k_pid_alt": [1.2679502233621702, 0.0, 0.06527723447865985], "k_pid_att": [24.0942673894178, 0.18205753750414305, 0.8792759721912583], "k_pid_yaw": [0.5, 1e-06, 0.1], "k_pid_hsp": [3.8015553682621426, 0.011264223901387349, 0.0], "k_pid_vsp": [292.94687076665593, 307.0029666248519, 21.011196465382298]}, "datetime": {"datetime": "2025-08-11 23:01:52", "elapsed": 23791.85190796852, "delta": 19.356380939483643}, "costs": {"total_cost": 198.46716349469196, "time_cost": 72.926, "final_distance_cost": 1.8489478287140702, "oscillation_cost": 35.42812829964189, "completition_cost": 0.0, "overshoot_cost": 50.58257895095257, "power_cost": 18.7110458984375, "noise_cost": 18.970462516945904, "n_waypoints_completed": 9, "tot_waypoints": 9}}
{"target": -227.29676439405466, "params": {"k_pid_pos": [0.9203224573796739, 0.4336784869242679, 0.07146856680054658], "k_pid_alt": [1.2679502233621702, 0.0, 0.9156111886454469], "k_pid_att": [24.0942673894178, 0.18205753750414305, 0.6412714623366417], "k_pid_yaw": [0.5, 1e-06, 0.1], "k_pid_hsp": [0.09847755819799779, 0.011264223901387349, 0.0], "k_pid_vsp": [292.94687076665593, 307.0029666248519, 21.011196465382298]}, "datetime": {"datetime": "2025-08-11 23:02:15", "elapsed": 23814.863389492035, "delta": 23.011481523513794}, "costs": {"total_cost": 227.29676439405466, "time_cost": 90.19500000000001, "final_distance_cost": 1.7943667003393697, "oscillation_cost": 35.31031326154904, "completition_cost": 0.0, "overshoot_cost": 54.53259252595782, "power_cost": 23.420053002929688, "noise_cost": 22.04443890327873, "n_waypoints_completed": 9, "tot_waypoints": 9}}
{"target": -188.3126306225009, "params": {"k_pid_pos": [1.097674141165482, 0.024859491386256316, 0.8092599635047751], "k_pid_alt": [1.2679502233621702, 0.0, 0.06527723447865985], "k_pid_att": [24.0942673894178, 0.18205753750414305, 0.8792759721912583], "k_pid_yaw": [0.5, 1e-06, 0.1], "k_pid_hsp": [0.09847755819799779, 0.011264223901387349, 0.0], "k_pid_vsp": [292.94687076665593, 369.48810340511164, 21.011196465382298]}, "datetime": {"datetime": "2025-08-11 23:02:34", "elapsed": 23833.463792562485, "delta": 18.60040307044983}, "costs": {"total_cost": 188.3126306225009, "time_cost": 72.744, "final_distance_cost": 1.8449427714980149, "oscillation_cost": 25.506217310025967, "completition_cost": 0.0, "overshoot_cost": 51.08523144126216, "power_cost": 18.6020236328125, "noise_cost": 18.53021546690228, "n_waypoints_completed": 9, "tot_waypoints": 9}}
{"target": -205.56723579728242, "params": {"k_pid_pos": [1.0031316701085804, 0.024859491386256316, 0.40092638265648595], "k_pid_alt": [1.2679502233621702, 0.0, 0.9659895333512928], "k_pid_att": [24.0942673894178, 8.683548648184065, 0.8792759721912583], "k_pid_yaw": [0.5, 1e-06, 0.1], "k_pid_hsp": [3.061197731635527, 0.011264223901387349, 0.0], "k_pid_vsp": [292.94687076665593, 307.0029666248519, 21.011196465382298]}, "datetime": {"datetime": "2025-08-11 23:02:53", "elapsed": 23853.32821035385, "delta": 19.864417791366577}, "costs": {"total_cost": 205.56723579728242, "time_cost": 77.014, "final_distance_cost": 1.8549701758858699, "oscillation_cost": 36.350677478877564, "completition_cost": 0.0, "overshoot_cost": 51.0649030100306, "power_cost": 19.823635864257813, "noise_cost": 19.45904926823056, "n_waypoints_completed": 9, "tot_waypoints": 9}}
