{"target": -199.41407493390528, "params": {"k_pid_pos": [0.49275800590297264, 0.18848155022322047, 0.17888737446852812], "k_pid_alt": [1.515427128667956, 0.0, 0.949345597264735], "k_pid_att": [39.447728079683905, 3.8677381495188174, 0.1845336041603497], "k_pid_yaw": [0.5, 1e-06, 0.1], "k_pid_hsp": [0.09847755819799779, 0.011264223901387349, 0.0], "k_pid_vsp": [194.7624155113164, 20.0, 10.0]}, "datetime": {"datetime": "2025-08-11 16:25:42", "elapsed": 21.63140559196472, "delta": 21.63140559196472}, "costs": {"total_cost": 199.41407493390528, "time_cost": 82.138, "final_distance_cost": 1.8306666515134087, "oscillation_cost": 21.810001562287553, "completition_cost": 0.0, "overshoot_cost": 52.731944673443486, "power_cost": 20.621514489746094, "noise_cost": 20.28194755691474, "n_waypoints_completed": 9, "tot_waypoints": 9}}
{"target": -2318.022914243833, "params": {"k_pid_pos": [0.45455471969737526, 0.5545847870158348, 0.06381725610417532], "k_pid_alt": [1.6552623439851641, 0.6316643991220648, 0.7580877400853738], "k_pid_att": [35.45259681298683, 9.706983174146593, 0.8931211213221977], "k_pid_yaw": [0.5, 1e-06, 0.1], "k_pid_hsp": [7.7838571323879115, 0.19463870785196757, 0.4667210037270342], "k_pid_vsp": [17.52150631489151, 61.715797672729636, 273.2195816139329]}, "datetime": {"datetime": "2025-08-11 16:26:15", "elapsed": 54.51696276664734, "delta": 32.88555717468262}, "costs": {"total_cost": 2318.022914243833, "time_cost": 150, "final_distance_cost": 220.8381015486028, "oscillation_cost": 591.4312442995922, "completition_cost": 1000.0, "overshoot_cost": 291.0506578358765, "power_cost": 34.52763651123047, "noise_cost": 30.17527404853108, "n_waypoints_completed": 0, "tot_waypoints": 9}}
{"target": -1005.6143619558876, "params": {"k_pid_pos": [1.4895498356000434, 0.96750973243421, 0.32582535813815194], "k_pid_alt": [0.7409194120697378, 0.4695558112758079, 0.1894713590842857], "k_pid_att": [12.992150533547164, 4.757101691766715, 0.2269093490508841], "k_pid_yaw": [0.5, 1e-06, 0.1], "k_pid_hsp": [6.698172965425635, 0.43715191887233074, 0.8326781960578374], "k_pid_vsp": [280.1060408008996, 124.94665724044978, 332.9039207258206]}, "datetime": {"datetime": "2025-08-11 16:26:47", "elapsed": 86.80241513252258, "delta": 32.285452365875244}, "costs": {"total_cost": 1005.6143619558876, "time_cost": 150, "final_distance_cost": 60.40386366483199, "oscillation_cost": 320.8298536799453, "completition_cost": 333.33333333333337, "overshoot_cost": 74.94715496083234, "power_cost": 33.80975505371094, "noise_cost": 32.29040126323375, "n_waypoints_completed": 6, "tot_waypoints": 9}}
{"target": -2329.039399028604, "params": {"k_pid_pos": [1.6095482385578541, 0.38747837903017446, 0.2883281039302441], "k_pid_alt": [1.364991007949951, 0.1397524836093098, 0.19990820247510832], "k_pid_att": [0.7362269751005512, 7.869265082583634, 0.6648508565920321], "k_pid_yaw": [0.5, 1e-06, 0.1], "k_pid_hsp": [7.051683269725489, 0.7807290310219679, 0.45891577553833995], "k_pid_vsp": [227.4964783811575, 55.91880011126598, 45.8120302998593]}, "datetime": {"datetime": "2025-08-11 16:27:19", "elapsed": 119.36006665229797, "delta": 32.55765151977539}, "costs": {"total_cost": 2329.039399028604, "time_cost": 150, "final_distance_cost": 9.244562203928767, "oscillation_cost": 754.3800638446393, "completition_cost": 1000.0, "overshoot_cost": 199.15484271790513, "power_cost": 58.7430250366211, "noise_cost": 157.51690522550942, "n_waypoints_completed": 0, "tot_waypoints": 9}}
{"target": -553.521951159846, "params": {"k_pid_pos": [1.3368390832847643, 0.4710962061431325, 0.5652361064811888], "k_pid_alt": [1.5299977148320512, 0.6347183200005908, 0.5535794006579958], "k_pid_att": [55.92071607454135, 3.0395705856163158, 0.030817834567939406], "k_pid_yaw": [0.5, 1e-06, 0.1], "k_pid_hsp": [4.3672302205847, 0.2145846728195292, 0.40852864372463615], "k_pid_vsp": [341.36122930726646, 93.57579511219681, 23.321097617323666]}, "datetime": {"datetime": "2025-08-11 16:27:44", "elapsed": 143.9980719089508, "delta": 24.638005256652832}, "costs": {"total_cost": 553.521951159846, "time_cost": 90.251, "final_distance_cost": 1.7544113355428665, "oscillation_cost": 356.59715447530647, "completition_cost": 0.0, "overshoot_cost": 55.94663433810442, "power_cost": 26.16758240966797, "noise_cost": 22.8051686012243, "n_waypoints_completed": 9, "tot_waypoints": 9}}
{"target": -1865.3694603608787, "params": {"k_pid_pos": [0.5628396456547908, 0.2935937577666836, 0.6619165147268951], "k_pid_alt": [1.1140643046825567, 0.7838982091064135, 0.6643135403273875], "k_pid_att": [40.63868614400705, 8.14022244462188, 0.1669729199077039], "k_pid_yaw": [0.5, 1e-06, 0.1], "k_pid_hsp": [0.22721846013129138, 0.09004786077564175, 0.7223593505964503], "k_pid_vsp": [184.75089210055495, 64.50871245216894, 200.41791054030062]}, "datetime": {"datetime": "2025-08-11 16:28:17", "elapsed": 176.73184871673584, "delta": 32.733776807785034}, "costs": {"total_cost": 1865.3694603608787, "time_cost": 150, "final_distance_cost": 97.71282463825501, "oscillation_cost": 716.7789739351804, "completition_cost": 777.7777777777778, "overshoot_cost": 60.91252133265795, "power_cost": 33.763238342285156, "noise_cost": 28.424124334722293, "n_waypoints_completed": 2, "tot_waypoints": 9}}
{"target": -1122.2356767974463, "params": {"k_pid_pos": [0.3047089742160655, 0.696320375077736, 0.4461562755740307], "k_pid_alt": [0.762042452192965, 0.3015120891478765, 0.6302825931188885], "k_pid_att": [36.18126105533904, 0.8765904281690784, 0.11800590212051532], "k_pid_yaw": [0.5, 1e-06, 0.1], "k_pid_hsp": [9.61898045572869, 0.908580690707607, 0.6997071338107496], "k_pid_vsp": [106.34798458380783, 387.67055096991317, 311.50036180756695]}, "datetime": {"datetime": "2025-08-11 16:28:49", "elapsed": 209.20344972610474, "delta": 32.4716010093689}, "costs": {"total_cost": 1122.2356767974463, "time_cost": 150, "final_distance_cost": 70.95257901555722, "oscillation_cost": 440.4219700774315, "completition_cost": 333.33333333333337, "overshoot_cost": 60.17500958487092, "power_cost": 36.26876708984375, "noise_cost": 31.08401769640952, "n_waypoints_completed": 6, "tot_waypoints": 9}}
{"target": -1242.8688326127492, "params": {"k_pid_pos": [1.4338086892990753, 0.44936150214378867, 0.272241561845159], "k_pid_alt": [0.1927819243069986, 0.9026023965438417, 0.45577628983361107], "k_pid_att": [20.236336479523032, 3.0596356458441103, 0.579219568941896], "k_pid_yaw": [0.5, 1e-06, 0.1], "k_pid_hsp": [1.7678101521140233, 0.8566142840923755, 0.7585195298352101], "k_pid_vsp": [287.7851823803747, 172.83721647794843, 250.92353665366844]}, "datetime": {"datetime": "2025-08-11 16:29:21", "elapsed": 241.29452848434448, "delta": 32.091078758239746}, "costs": {"total_cost": 1242.8688326127492, "time_cost": 150, "final_distance_cost": 56.380059591210305, "oscillation_cost": 238.5209839198251, "completition_cost": 666.6666666666667, "overshoot_cost": 65.78109334174631, "power_cost": 34.84594176025391, "noise_cost": 30.67408733304682, "n_waypoints_completed": 3, "tot_waypoints": 9}}
{"target": -767.4371854801133, "params": {"k_pid_pos": [1.16823752802858, 0.64984660155482, 0.08444432113988909], "k_pid_alt": [0.8316148043412193, 0.04161417386189248, 0.49399081924451893], "k_pid_att": [32.98612123327853, 1.4453274362415824, 0.10340296772255164], "k_pid_yaw": [0.5, 1e-06, 0.1], "k_pid_hsp": [5.876486957319902, 0.1705929685368861, 0.9251201183767972], "k_pid_vsp": [232.42445588015798, 138.74792246706502, 236.36619700165122]}, "datetime": {"datetime": "2025-08-11 16:29:53", "elapsed": 272.7185597419739, "delta": 31.424031257629395}, "costs": {"total_cost": 767.4371854801133, "time_cost": 150, "final_distance_cost": 73.02346841113408, "oscillation_cost": 277.2337659250834, "completition_cost": 111.11111111111116, "overshoot_cost": 91.68601495667421, "power_cost": 32.754873986816406, "noise_cost": 31.62795108929407, "n_waypoints_completed": 8, "tot_waypoints": 9}}
{"target": -1352.8000451948933, "params": {"k_pid_pos": [0.04570546167229203, 0.9585592132414453, 0.48230343694290023], "k_pid_alt": [1.5654704545005724, 0.08272999992243857, 0.48665833083816035], "k_pid_att": [49.07069943545209, 9.37827076710433, 0.5717280523760754], "k_pid_yaw": [0.5, 1e-06, 0.1], "k_pid_hsp": [4.734946661629432, 0.2669756630918936, 0.3315689973425522], "k_pid_vsp": [208.2689609886151, 175.5645846831072, 8.64483293052009]}, "datetime": {"datetime": "2025-08-11 16:30:25", "elapsed": 304.8168828487396, "delta": 32.09832310676575}, "costs": {"total_cost": 1352.8000451948933, "time_cost": 150, "final_distance_cost": 49.727213795852066, "oscillation_cost": 359.4382481952312, "completition_cost": 666.6666666666667, "overshoot_cost": 61.37905467129245, "power_cost": 33.3850349609375, "noise_cost": 32.203826904913484, "n_waypoints_completed": 3, "tot_waypoints": 9}}
{"target": -1563.7409403996826, "params": {"k_pid_pos": [1.6526012191962962, 0.8961607718397667, 0.14024908899861077], "k_pid_alt": [1.1080722870780988, 0.10857574113544355, 0.6722400930398117], "k_pid_att": [28.123378383900832, 6.594260404655548, 0.7269946142868826], "k_pid_yaw": [0.5, 1e-06, 0.1], "k_pid_hsp": [7.686498054427378, 0.10774094595589656, 0.9160118451376079], "k_pid_vsp": [92.08559635795233, 14.965023433059354, 221.94098820174088]}, "datetime": {"datetime": "2025-08-11 16:30:56", "elapsed": 335.58723878860474, "delta": 30.770355939865112}, "costs": {"total_cost": 1563.7409403996826, "time_cost": 150, "final_distance_cost": 6.932359382386868, "oscillation_cost": 86.37225217539154, "completition_cost": 1000.0, "overshoot_cost": 165.2044338000662, "power_cost": 32.92841862792969, "noise_cost": 122.3034764139083, "n_waypoints_completed": 0, "tot_waypoints": 9}}
{"target": -1548.7678509135058, "params": {"k_pid_pos": [0.7419074754964913, 0.8297897431324132, 0.8082514720643018], "k_pid_alt": [0.6342777856454307, 0.952899395069745, 0.2909178381401186], "k_pid_att": [51.50571292317145, 2.559725309166971, 0.9360435700489633], "k_pid_yaw": [0.5, 1e-06, 0.1], "k_pid_hsp": [1.6461617150384233, 0.04491061939232899, 0.43509706000303794], "k_pid_vsp": [396.9502256223348, 356.6709066102883, 299.4432080341717]}, "datetime": {"datetime": "2025-08-11 16:31:28", "elapsed": 368.3181953430176, "delta": 32.73095655441284}, "costs": {"total_cost": 1548.7678509135058, "time_cost": 150, "final_distance_cost": 76.86674400244398, "oscillation_cost": 323.47053545287264, "completition_cost": 888.8888888888888, "overshoot_cost": 44.90945252174839, "power_cost": 36.18059216308594, "noise_cost": 28.451637884466212, "n_waypoints_completed": 1, "tot_waypoints": 9}}
{"target": -792.5087365100717, "params": {"k_pid_pos": [1.781595902507962, 0.8934466396978632, 0.5188583603864491], "k_pid_alt": [0.631858103661586, 0.772012432110988, 0.6616612631677611], "k_pid_att": [37.36577288737101, 0.9447572339483465, 0.746789611349026], "k_pid_yaw": [0.5, 1e-06, 0.1], "k_pid_hsp": [2.6246789131770547, 0.9368131505337792, 0.24097057500568475], "k_pid_vsp": [49.10317296459441, 332.4450690188498, 61.3137274965133]}, "datetime": {"datetime": "2025-08-11 16:32:00", "elapsed": 399.6867640018463, "delta": 31.368568658828735}, "costs": {"total_cost": 792.5087365100717, "time_cost": 150, "final_distance_cost": 63.84006694339566, "oscillation_cost": 232.78973858882907, "completition_cost": 222.2222222222222, "overshoot_cost": 55.5333793870044, "power_cost": 36.33238453369141, "noise_cost": 31.790944834928897, "n_waypoints_completed": 7, "tot_waypoints": 9}}
{"target": -1462.5039638697294, "params": {"k_pid_pos": [0.3586186894846624, 0.5993827915208435, 0.8745620408374645], "k_pid_alt": [0.3928693314291465, 0.31032367290009477, 0.7774048382411776], "k_pid_att": [97.18264260609673, 5.007461787904803, 0.14389750255125078], "k_pid_yaw": [0.5, 1e-06, 0.1], "k_pid_hsp": [0.1394614834532446, 0.22965602999885526, 0.13182221778652103], "k_pid_vsp": [271.06346944514297, 48.733002729579944, 202.53197314192326]}, "datetime": {"datetime": "2025-08-11 16:32:31", "elapsed": 431.2910521030426, "delta": 31.60428810119629}, "costs": {"total_cost": 1462.5039638697294, "time_cost": 150, "final_distance_cost": 65.75934883864753, "oscillation_cost": 444.51261722196637, "completition_cost": 666.6666666666667, "overshoot_cost": 69.51081297129977, "power_cost": 36.261084570312505, "noise_cost": 29.793433600836476, "n_waypoints_completed": 3, "tot_waypoints": 9}}
{"target": -349.1850475990848, "params": {"k_pid_pos": [1.3885554450422086, 0.5811166092209024, 0.19977565166005762], "k_pid_alt": [1.6082490523645254, 0.7154071296158017, 0.7389840039155418], "k_pid_att": [13.105775155731326, 1.2376256611230811, 0.9275625510065076], "k_pid_yaw": [0.5, 1e-06, 0.1], "k_pid_hsp": [3.9758421804300244, 0.30094869178093975, 0.4885840453515333], "k_pid_vsp": [265.14568510543296, 382.2493028631647, 114.57849146637578]}, "datetime": {"datetime": "2025-08-11 16:32:55", "elapsed": 454.76551818847656, "delta": 23.47446608543396}, "costs": {"total_cost": 349.1850475990848, "time_cost": 89.635, "final_distance_cost": 1.7312422836553756, "oscillation_cost": 152.31204362236465, "completition_cost": 0.0, "overshoot_cost": 55.666917381269116, "power_cost": 26.552987915039065, "noise_cost": 23.286856396756534, "n_waypoints_completed": 9, "tot_waypoints": 9}}
{"target": -434.61716524510945, "params": {"k_pid_pos": [1.849624377781123, 0.024859491386256316, 0.5551980423268247], "k_pid_alt": [1.2679502233621702, 0.1058974037507533, 0.14033959706391264], "k_pid_att": [41.91143193163038, 9.662322498240602, 0.5960425532343728], "k_pid_yaw": [0.5, 1e-06, 0.1], "k_pid_hsp": [9.330238913679953, 0.8043609156129707, 0.4673816015552915], "k_pid_vsp": [313.90537970087496, 7.134714572958311, 43.657599597149975]}, "datetime": {"datetime": "2025-08-11 16:33:18", "elapsed": 478.0501239299774, "delta": 23.284605741500854}, "costs": {"total_cost": 434.61716524510945, "time_cost": 88.669, "final_distance_cost": 1.7724651139447738, "oscillation_cost": 243.52232855157132, "completition_cost": 0.0, "overshoot_cost": 52.76840699541022, "power_cost": 25.775060327148438, "noise_cost": 22.109904257034707, "n_waypoints_completed": 9, "tot_waypoints": 9}}
{"target": -820.4899044269592, "params": {"k_pid_pos": [1.6588742869039843, 0.7968170883251617, 0.2326407419664337], "k_pid_alt": [1.061539181198107, 0.6060158207000109, 0.8677389537760112], "k_pid_att": [60.31071573387257, 4.125774435579876, 0.3741840434071827], "k_pid_yaw": [0.5, 1e-06, 0.1], "k_pid_hsp": [4.258878275526461, 0.6519310255799742, 0.8674906317523249], "k_pid_vsp": [181.5587528305199, 99.13582593270368, 94.6649459623701]}, "datetime": {"datetime": "2025-08-11 16:33:50", "elapsed": 509.65856409072876, "delta": 31.608440160751343}, "costs": {"total_cost": 820.4899044269592, "time_cost": 150, "final_distance_cost": 76.73027055325488, "oscillation_cost": 233.8742797523475, "completition_cost": 222.2222222222222, "overshoot_cost": 67.84840173090879, "power_cost": 38.34373850097656, "noise_cost": 31.470991667249283, "n_waypoints_completed": 7, "tot_waypoints": 9}}
{"target": -1076.2179723729428, "params": {"k_pid_pos": [1.4920539590588684, 0.8165687634239104, 0.10527807985412496], "k_pid_alt": [0.13311771391035632, 0.5944336637564518, 0.14617324419269828], "k_pid_att": [82.46641904563413, 3.1034157057733522, 0.14387193297114265], "k_pid_yaw": [0.5, 1e-06, 0.1], "k_pid_hsp": [9.209712627827253, 0.16553172273527816, 0.28472008233793555], "k_pid_vsp": [61.44535807682345, 46.19602635065192, 8.459207513427996]}, "datetime": {"datetime": "2025-08-11 16:34:21", "elapsed": 541.3626139163971, "delta": 31.704049825668335}, "costs": {"total_cost": 1076.2179723729428, "time_cost": 150, "final_distance_cost": 63.84540076062654, "oscillation_cost": 285.3567533458502, "completition_cost": 444.4444444444444, "overshoot_cost": 62.080152906257965, "power_cost": 34.59891879882813, "noise_cost": 35.89230211693561, "n_waypoints_completed": 5, "tot_waypoints": 9}}
{"target": -1807.5613566806037, "params": {"k_pid_pos": [0.1108852787876038, 0.1746414709358527, 0.05338193262717539], "k_pid_alt": [1.1822876322219424, 0.6807145267995064, 0.39363045683202824], "k_pid_att": [31.79910969520494, 5.045311917598599, 0.8750049422346086], "k_pid_yaw": [0.5, 1e-06, 0.1], "k_pid_hsp": [8.511331155059377, 0.04347506201279194, 0.18149840959652408], "k_pid_vsp": [94.6979484417584, 99.75503108349716, 228.49306112587644]}, "datetime": {"datetime": "2025-08-11 16:34:52", "elapsed": 572.3665904998779, "delta": 31.003976583480835}, "costs": {"total_cost": 1807.5613566806037, "time_cost": 150, "final_distance_cost": 150.6311597910372, "oscillation_cost": 382.00959394169365, "completition_cost": 888.8888888888888, "overshoot_cost": 175.66051326056927, "power_cost": 31.810949377441407, "noise_cost": 28.56025142097326, "n_waypoints_completed": 1, "tot_waypoints": 9}}
{"target": -841.946263466589, "params": {"k_pid_pos": [0.8325832251638142, 0.04925411992759399, 0.3736141384595716], "k_pid_alt": [1.0475058974352744, 0.10167190290371597, 0.8334585537885597], "k_pid_att": [5.196186646510426, 9.248426205993718, 0.0991131415798755], "k_pid_yaw": [0.5, 1e-06, 0.1], "k_pid_hsp": [8.435765158482369, 0.9026531439276171, 0.9795706805865927], "k_pid_vsp": [320.8103521094374, 311.79101652905405, 256.99331075573576]}, "datetime": {"datetime": "2025-08-11 16:35:25", "elapsed": 605.2304379940033, "delta": 32.863847494125366}, "costs": {"total_cost": 841.946263466589, "time_cost": 150, "final_distance_cost": 50.501591021151334, "oscillation_cost": 403.90171804958374, "completition_cost": 111.11111111111116, "overshoot_cost": 66.63518891675643, "power_cost": 32.1173859375, "noise_cost": 27.679268430486356, "n_waypoints_completed": 8, "tot_waypoints": 9}}
{"target": -1294.0322002516905, "params": {"k_pid_pos": [1.5580148095208002, 0.13455220841314708, 0.5360680359476373], "k_pid_alt": [1.028445740380829, 0.8575721441225576, 0.46279936559351587], "k_pid_att": [38.508949610035344, 6.395668756043977, 0.26646331750084606], "k_pid_yaw": [0.5, 1e-06, 0.1], "k_pid_hsp": [1.3977701326984733, 0.4778772740237458, 0.416889368594885], "k_pid_vsp": [93.02797621154949, 147.0047246785394, 146.5569805641065]}, "datetime": {"datetime": "2025-08-11 16:35:55", "elapsed": 635.3483076095581, "delta": 30.11786961555481}, "costs": {"total_cost": 1294.0322002516905, "time_cost": 150, "final_distance_cost": 52.51324307621259, "oscillation_cost": 408.6444659550785, "completition_cost": 555.5555555555555, "overshoot_cost": 61.44899929377252, "power_cost": 35.10698874511719, "noise_cost": 30.76294762595444, "n_waypoints_completed": 4, "tot_waypoints": 9}}
{"target": -694.8304673453487, "params": {"k_pid_pos": [0.6550583792686496, 0.37946407972692897, 0.6857433454559454], "k_pid_alt": [0.5937529491425706, 0.9488579267153404, 0.9163480195381779], "k_pid_att": [48.09104283000786, 3.283679213926388, 0.5354347898300031], "k_pid_yaw": [0.5, 1e-06, 0.1], "k_pid_hsp": [8.485620031687368, 0.652587340560102, 0.8043918279470774], "k_pid_vsp": [213.08891042629608, 253.16705207413065, 115.26224638482907]}, "datetime": {"datetime": "2025-08-11 16:36:27", "elapsed": 667.1363475322723, "delta": 31.788039922714233}, "costs": {"total_cost": 694.8304673453487, "time_cost": 114.443, "final_distance_cost": 1.8230615658285894, "oscillation_cost": 449.67501958270185, "completition_cost": 0.0, "overshoot_cost": 67.97044455484284, "power_cost": 32.451157446289066, "noise_cost": 28.467784195686413, "n_waypoints_completed": 9, "tot_waypoints": 9}}
{"target": -1150.627525425338, "params": {"k_pid_pos": [1.4698128353043505, 0.20240459312571835, 0.6947981288184982], "k_pid_alt": [1.7214381366517881, 0.13210283730154393, 0.6143797405419198], "k_pid_att": [9.50957482299346, 7.257183711151441, 0.08449321882352023], "k_pid_yaw": [0.5, 1e-06, 0.1], "k_pid_hsp": [9.35940463302399, 0.13740793003780216, 0.9588802459090804], "k_pid_vsp": [320.3536704340387, 237.47280219285963, 313.04964206919465]}, "datetime": {"datetime": "2025-08-11 16:36:58", "elapsed": 697.4933264255524, "delta": 30.35697889328003}, "costs": {"total_cost": 1150.627525425338, "time_cost": 150, "final_distance_cost": 53.49670081327747, "oscillation_cost": 490.95890498850383, "completition_cost": 333.33333333333337, "overshoot_cost": 62.17833991659819, "power_cost": 32.17649495849609, "noise_cost": 28.483751415129376, "n_waypoints_completed": 6, "tot_waypoints": 9}}
{"target": -671.798897658866, "params": {"k_pid_pos": [1.5902501664822735, 0.9460270628173303, 0.2533833538391872], "k_pid_alt": [1.1801517907166184, 0.09504919756440122, 0.6161657000241213], "k_pid_att": [17.12913040927888, 5.649549619663271, 0.5724305140338497], "k_pid_yaw": [0.5, 1e-06, 0.1], "k_pid_hsp": [4.659904931296975, 0.5226317755131228, 0.7639233900065879], "k_pid_vsp": [319.69788660482664, 196.86128673801844, 239.83737700945147]}, "datetime": {"datetime": "2025-08-11 16:37:28", "elapsed": 728.2220506668091, "delta": 30.728724241256714}, "costs": {"total_cost": 671.798897658866, "time_cost": 150, "final_distance_cost": 15.589169286145486, "oscillation_cost": 258.7313452577694, "completition_cost": 111.11111111111116, "overshoot_cost": 69.87523065935775, "power_cost": 36.50546032714844, "noise_cost": 29.986581017333886, "n_waypoints_completed": 8, "tot_waypoints": 9}}
