{"target": -206.08877563842645, "params": {"k_pid_pos": [1.0031316701085804, 0.024859491386256316, 0.40092638265648595], "k_pid_alt": [1.7297729984189598, 0.0, 0.06527723447865985], "k_pid_att": [24.0942673894178, 5.859554809351448, 0.666719676683535], "k_pid_yaw": [0.5, 1e-06, 0.1], "k_pid_hsp": [0.09847755819799779, 0.011264223901387349, 0.0], "k_pid_vsp": [292.94687076665593, 94.28610281764664, 94.22604015249657]}, "datetime": {"datetime": "2025-08-12 00:40:53", "elapsed": 29733.23987555504, "delta": 20.126803398132324}, "costs": {"total_cost": 206.08877563842645, "time_cost": 79.912, "final_distance_cost": 1.8188585098996684, "oscillation_cost": 25.970108141543918, "completition_cost": 0.0, "overshoot_cost": 56.66483089690808, "power_cost": 20.749415307617188, "noise_cost": 20.973562782457563, "n_waypoints_completed": 9, "tot_waypoints": 9}}
{"target": -195.46837161808435, "params": {"k_pid_pos": [1.0031316701085804, 0.4144180460981123, 0.8805880266982272], "k_pid_alt": [1.7297729984189598, 0.0, 0.8240637188070686], "k_pid_att": [24.0942673894178, 0.18205753750414305, 0.666719676683535], "k_pid_yaw": [0.5, 1e-06, 0.1], "k_pid_hsp": [0.09847755819799779, 0.011264223901387349, 0.0], "k_pid_vsp": [292.94687076665593, 307.0029666248519, 21.011196465382298]}, "datetime": {"datetime": "2025-08-12 00:41:13", "elapsed": 29753.01354265213, "delta": 19.773667097091675}, "costs": {"total_cost": 195.46837161808435, "time_cost": 77.791, "final_distance_cost": 1.8240268141700833, "oscillation_cost": 25.558734423422838, "completition_cost": 0.0, "overshoot_cost": 51.632772092234134, "power_cost": 19.77799108886719, "noise_cost": 18.883847199390093, "n_waypoints_completed": 9, "tot_waypoints": 9}}
{"target": -183.70064920755323, "params": {"k_pid_pos": [1.0031316701085804, 0.024859491386256316, 0.40092638265648595], "k_pid_alt": [1.7297729984189598, 0.0, 0.06527723447865985], "k_pid_att": [37.12179941719916, 5.859554809351448, 0.666719676683535], "k_pid_yaw": [0.5, 1e-06, 0.1], "k_pid_hsp": [0.09847755819799779, 0.011264223901387349, 0.0], "k_pid_vsp": [264.9966777379314, 307.0029666248519, 21.011196465382298]}, "datetime": {"datetime": "2025-08-12 00:41:31", "elapsed": 29770.816492795944, "delta": 17.802950143814087}, "costs": {"total_cost": 183.70064920755323, "time_cost": 70.063, "final_distance_cost": 1.8269137125583466, "oscillation_cost": 25.990425061704375, "completition_cost": 0.0, "overshoot_cost": 50.38963089585039, "power_cost": 17.882403076171876, "noise_cost": 17.54827646126825, "n_waypoints_completed": 9, "tot_waypoints": 9}}
{"target": -183.8110225273971, "params": {"k_pid_pos": [1.0031316701085804, 0.024859491386256316, 0.40092638265648595], "k_pid_alt": [1.7297729984189598, 0.0, 0.06527723447865985], "k_pid_att": [24.0942673894178, 0.18205753750414305, 0.666719676683535], "k_pid_yaw": [0.5, 1e-06, 0.1], "k_pid_hsp": [0.09847755819799779, 0.011264223901387349, 0.0], "k_pid_vsp": [292.94687076665593, 307.0029666248519, 21.011196465382298]}, "datetime": {"datetime": "2025-08-12 00:41:48", "elapsed": 29788.194429397583, "delta": 17.377936601638794}, "costs": {"total_cost": 183.8110225273971, "time_cost": 70.07000000000001, "final_distance_cost": 1.8304748413350997, "oscillation_cost": 25.975194414413714, "completition_cost": 0.0, "overshoot_cost": 50.3368091434941, "power_cost": 17.946738708496095, "noise_cost": 17.651805419658114, "n_waypoints_completed": 9, "tot_waypoints": 9}}
{"target": -183.8110225273971, "params": {"k_pid_pos": [1.0031316701085804, 0.024859491386256316, 0.40092638265648595], "k_pid_alt": [1.7297729984189598, 0.0, 0.06527723447865985], "k_pid_att": [24.0942673894178, 0.18205753750414305, 0.666719676683535], "k_pid_yaw": [0.5, 1e-06, 0.1], "k_pid_hsp": [0.09847755819799779, 0.011264223901387349, 0.0], "k_pid_vsp": [292.94687076665593, 307.0029666248519, 21.011196465382298]}, "datetime": {"datetime": "2025-08-12 00:42:06", "elapsed": 29806.179869651794, "delta": 17.985440254211426}, "costs": {"total_cost": 183.8110225273971, "time_cost": 70.07000000000001, "final_distance_cost": 1.8304748413350997, "oscillation_cost": 25.975194414413714, "completition_cost": 0.0, "overshoot_cost": 50.3368091434941, "power_cost": 17.946738708496095, "noise_cost": 17.651805419658114, "n_waypoints_completed": 9, "tot_waypoints": 9}}
{"target": -480.1062852665061, "params": {"k_pid_pos": [1.0031316701085804, 0.024859491386256316, 0.6191875473523993], "k_pid_alt": [1.7297729984189598, 0.0, 0.06527723447865985], "k_pid_att": [24.0942673894178, 0.18205753750414305, 0.666719676683535], "k_pid_yaw": [0.5, 1e-06, 0.1], "k_pid_hsp": [0.09847755819799779, 0.011264223901387349, 0.0], "k_pid_vsp": [292.94687076665593, 307.0029666248519, 206.9437479236661]}, "datetime": {"datetime": "2025-08-12 00:42:37", "elapsed": 29837.218174934387, "delta": 31.038305282592773}, "costs": {"total_cost": 480.1062852665061, "time_cost": 150, "final_distance_cost": 67.15296130322909, "oscillation_cost": 22.620804504837867, "completition_cost": 111.11111111111116, "overshoot_cost": 72.15959179076182, "power_cost": 30.199088317871094, "noise_cost": 26.862728238695126, "n_waypoints_completed": 8, "tot_waypoints": 9}}
{"target": -494.1357116147859, "params": {"k_pid_pos": [1.0031316701085804, 0.024859491386256316, 0.9818093895928307], "k_pid_alt": [1.7006099199531768, 0.0, 0.06527723447865985], "k_pid_att": [29.46763110571006, 0.18205753750414305, 0.4697579174852792], "k_pid_yaw": [0.5, 1e-06, 0.1], "k_pid_hsp": [7.898338047893953, 0.011264223901387349, 0.4996947135958536], "k_pid_vsp": [292.94687076665593, 307.0029666248519, 21.011196465382298]}, "datetime": {"datetime": "2025-08-12 00:42:58", "elapsed": 29857.45564365387, "delta": 20.237468719482422}, "costs": {"total_cost": 494.1357116147859, "time_cost": 79.45700000000001, "final_distance_cost": 1.85056642864293, "oscillation_cost": 317.45739365599724, "completition_cost": 0.0, "overshoot_cost": 51.834325423763104, "power_cost": 22.127687817382814, "noise_cost": 21.408738288999828, "n_waypoints_completed": 9, "tot_waypoints": 9}}
{"target": -200.81888462821, "params": {"k_pid_pos": [1.0031316701085804, 0.35569095490512004, 0.40092638265648595], "k_pid_alt": [1.7297729984189598, 0.0, 0.7593723261584083], "k_pid_att": [24.0942673894178, 0.18205753750414305, 0.666719676683535], "k_pid_yaw": [0.5, 1e-06, 0.1], "k_pid_hsp": [0.09847755819799779, 0.011264223901387349, 0.0], "k_pid_vsp": [391.61348087291753, 307.0029666248519, 21.011196465382298]}, "datetime": {"datetime": "2025-08-12 00:43:18", "elapsed": 29877.914164066315, "delta": 20.45852041244507}, "costs": {"total_cost": 200.81888462821, "time_cost": 79.233, "final_distance_cost": 1.8056308280360787, "oscillation_cost": 27.853980940678078, "completition_cost": 0.0, "overshoot_cost": 51.98835508647925, "power_cost": 20.470266064453124, "noise_cost": 19.46765170856347, "n_waypoints_completed": 9, "tot_waypoints": 9}}
{"target": -191.3620992359601, "params": {"k_pid_pos": [1.9403883066526342, 0.024859491386256316, 0.40092638265648595], "k_pid_alt": [1.7297729984189598, 0.0, 0.7330244434240826], "k_pid_att": [9.01694976284977, 0.5720022164256566, 0.11689683853528843], "k_pid_yaw": [0.5, 1e-06, 0.1], "k_pid_hsp": [0.09847755819799779, 0.011264223901387349, 0.0], "k_pid_vsp": [387.1470188825909, 307.0029666248519, 21.011196465382298]}, "datetime": {"datetime": "2025-08-12 00:43:37", "elapsed": 29896.55036354065, "delta": 18.636199474334717}, "costs": {"total_cost": 191.3620992359601, "time_cost": 70.245, "final_distance_cost": 1.7748443298621899, "oscillation_cost": 32.22767061505363, "completition_cost": 0.0, "overshoot_cost": 51.038218550833626, "power_cost": 18.413264025878906, "noise_cost": 17.663101714331763, "n_waypoints_completed": 9, "tot_waypoints": 9}}
{"target": -183.95263723973977, "params": {"k_pid_pos": [1.0031316701085804, 0.024859491386256316, 0.40092638265648595], "k_pid_alt": [1.7297729984189598, 0.0, 0.06527723447865985], "k_pid_att": [24.0942673894178, 0.18205753750414305, 0.666719676683535], "k_pid_yaw": [0.5, 1e-06, 0.1], "k_pid_hsp": [0.09847755819799779, 0.011264223901387349, 0.0], "k_pid_vsp": [292.94687076665593, 307.41944303395303, 21.011196465382298]}, "datetime": {"datetime": "2025-08-12 00:43:54", "elapsed": 29914.29690694809, "delta": 17.746543407440186}, "costs": {"total_cost": 183.95263723973977, "time_cost": 70.077, "final_distance_cost": 1.8239681318030985, "oscillation_cost": 25.993833445039666, "completition_cost": 0.0, "overshoot_cost": 50.34352730471837, "power_cost": 17.994876025390624, "noise_cost": 17.719432332788028, "n_waypoints_completed": 9, "tot_waypoints": 9}}
{"target": -712.7866440260332, "params": {"k_pid_pos": [1.0031316701085804, 0.7426549203646741, 0.40092638265648595], "k_pid_alt": [1.7845667305757842, 0.0, 0.06527723447865985], "k_pid_att": [23.80494288559516, 0.18205753750414305, 0.666719676683535], "k_pid_yaw": [0.5, 1e-06, 0.1], "k_pid_hsp": [0.09847755819799779, 0.826480075803284, 0.6325730157274954], "k_pid_vsp": [292.94687076665593, 307.0029666248519, 21.011196465382298]}, "datetime": {"datetime": "2025-08-12 00:44:29", "elapsed": 29948.820939540863, "delta": 34.52403259277344}, "costs": {"total_cost": 712.7866440260332, "time_cost": 150, "final_distance_cost": 37.66360721831445, "oscillation_cost": 242.88653141956885, "completition_cost": 111.11111111111116, "overshoot_cost": 105.83736995516033, "power_cost": 34.45031053466797, "noise_cost": 30.837713787210475, "n_waypoints_completed": 8, "tot_waypoints": 9}}
{"target": -200.79592166957195, "params": {"k_pid_pos": [1.0031316701085804, 0.5305213852260082, 0.40092638265648595], "k_pid_alt": [1.7297729984189598, 0.0, 0.10787213524592076], "k_pid_att": [24.0942673894178, 1.326856224425946, 0.666719676683535], "k_pid_yaw": [0.5, 1e-06, 0.1], "k_pid_hsp": [2.82373402557605, 0.036551335399587326, 0.0], "k_pid_vsp": [292.94687076665593, 59.083466427248936, 21.011196465382298]}, "datetime": {"datetime": "2025-08-12 00:44:52", "elapsed": 29971.947553634644, "delta": 23.126614093780518}, "costs": {"total_cost": 200.79592166957195, "time_cost": 74.921, "final_distance_cost": 1.8006187366724835, "oscillation_cost": 33.346139615090564, "completition_cost": 0.0, "overshoot_cost": 51.80396038715008, "power_cost": 19.662716235351564, "noise_cost": 19.26148669530727, "n_waypoints_completed": 9, "tot_waypoints": 9}}
{"target": -1091.0223422787471, "params": {"k_pid_pos": [1.0031316701085804, 0.024859491386256316, 0.40092638265648595], "k_pid_alt": [1.8881273681718351, 0.6800129433604662, 0.06527723447865985], "k_pid_att": [24.0942673894178, 5.859554809351448, 0.666719676683535], "k_pid_yaw": [0.5, 1e-06, 0.1], "k_pid_hsp": [0.09847755819799779, 0.011264223901387349, 0.27473298843389526], "k_pid_vsp": [292.94687076665593, 94.28610281764664, 94.22604015249657]}, "datetime": {"datetime": "2025-08-12 00:45:23", "elapsed": 30002.93699002266, "delta": 30.989436388015747}, "costs": {"total_cost": 1091.0223422787471, "time_cost": 150, "final_distance_cost": 68.60700179052584, "oscillation_cost": 516.9345358951385, "completition_cost": 222.2222222222222, "overshoot_cost": 74.89436541173198, "power_cost": 30.99313181152344, "noise_cost": 27.371085147605367, "n_waypoints_completed": 7, "tot_waypoints": 9}}
{"target": -189.53886303928152, "params": {"k_pid_pos": [1.8792899704868669, 0.024859491386256316, 0.40092638265648595], "k_pid_alt": [1.7297729984189598, 0.0, 0.06527723447865985], "k_pid_att": [24.0942673894178, 0.18205753750414305, 0.666719676683535], "k_pid_yaw": [0.5, 1e-06, 0.1], "k_pid_hsp": [0.09847755819799779, 0.011264223901387349, 0.0], "k_pid_vsp": [292.94687076665593, 216.29307082677042, 21.011196465382298]}, "datetime": {"datetime": "2025-08-12 00:45:41", "elapsed": 30020.833657503128, "delta": 17.89666748046875}, "costs": {"total_cost": 189.53886303928152, "time_cost": 69.419, "final_distance_cost": 1.7932096839560936, "oscillation_cost": 31.291243590181605, "completition_cost": 0.0, "overshoot_cost": 51.20175294049853, "power_cost": 18.15873856201172, "noise_cost": 17.674918262633568, "n_waypoints_completed": 9, "tot_waypoints": 9}}
{"target": -913.455153191763, "params": {"k_pid_pos": [1.0031316701085804, 0.024859491386256316, 0.6757033497418591], "k_pid_alt": [1.7297729984189598, 0.0, 0.06527723447865985], "k_pid_att": [24.0942673894178, 4.442529064718983, 0.666719676683535], "k_pid_yaw": [0.5, 1e-06, 0.1], "k_pid_hsp": [0.09847755819799779, 0.9207548104503314, 0.0], "k_pid_vsp": [292.94687076665593, 307.0029666248519, 141.47351125319997]}, "datetime": {"datetime": "2025-08-12 00:46:11", "elapsed": 30050.988497257233, "delta": 30.154839754104614}, "costs": {"total_cost": 913.455153191763, "time_cost": 150, "final_distance_cost": 51.08708127989752, "oscillation_cost": 137.1653812423251, "completition_cost": 444.4444444444444, "overshoot_cost": 61.86048452991333, "power_cost": 35.790974121093754, "noise_cost": 33.106787574088806, "n_waypoints_completed": 5, "tot_waypoints": 9}}
{"target": -220.28335541918068, "params": {"k_pid_pos": [1.0031316701085804, 0.024859491386256316, 0.40092638265648595], "k_pid_alt": [1.7297729984189598, 0.0, 0.06527723447865985], "k_pid_att": [37.12179941719916, 5.859554809351448, 0.666719676683535], "k_pid_yaw": [0.5, 1e-06, 0.1], "k_pid_hsp": [7.908118916304563, 0.011264223901387349, 0.0], "k_pid_vsp": [264.9966777379314, 307.0029666248519, 21.011196465382298]}, "datetime": {"datetime": "2025-08-12 00:46:29", "elapsed": 30069.224781751633, "delta": 18.236284494400024}, "costs": {"total_cost": 220.28335541918068, "time_cost": 73.227, "final_distance_cost": 1.8505577975827896, "oscillation_cost": 55.75821118988272, "completition_cost": 0.0, "overshoot_cost": 50.78966274737032, "power_cost": 19.257511096191408, "noise_cost": 19.400412588153422, "n_waypoints_completed": 9, "tot_waypoints": 9}}
{"target": -185.1236645193175, "params": {"k_pid_pos": [1.0031316701085804, 0.024859491386256316, 0.40092638265648595], "k_pid_alt": [1.7297729984189598, 0.0, 0.06527723447865985], "k_pid_att": [24.0942673894178, 0.22073067032652463, 0.666719676683535], "k_pid_yaw": [0.5, 1e-06, 0.1], "k_pid_hsp": [0.09847755819799779, 0.011264223901387349, 0.0], "k_pid_vsp": [292.94687076665593, 307.0029666248519, 75.78799424181197]}, "datetime": {"datetime": "2025-08-12 00:46:47", "elapsed": 30087.173022270203, "delta": 17.948240518569946}, "costs": {"total_cost": 185.1236645193175, "time_cost": 70.665, "final_distance_cost": 1.8290880317211862, "oscillation_cost": 25.010729964112237, "completition_cost": 0.0, "overshoot_cost": 51.46463681234507, "power_cost": 18.380424060058594, "noise_cost": 17.773785651080374, "n_waypoints_completed": 9, "tot_waypoints": 9}}
{"target": -195.3280676861549, "params": {"k_pid_pos": [1.0031316701085804, 0.4144180460981123, 0.8821205660026245], "k_pid_alt": [1.7297729984189598, 0.0, 0.06527723447865985], "k_pid_att": [24.0942673894178, 0.18205753750414305, 0.666719676683535], "k_pid_yaw": [0.5, 1e-06, 0.1], "k_pid_hsp": [0.09847755819799779, 0.011264223901387349, 0.0], "k_pid_vsp": [292.94687076665593, 307.0029666248519, 21.011196465382298]}, "datetime": {"datetime": "2025-08-12 00:47:07", "elapsed": 30106.649085760117, "delta": 19.47606348991394}, "costs": {"total_cost": 195.3280676861549, "time_cost": 77.077, "final_distance_cost": 1.82309131839004, "oscillation_cost": 25.514727082697895, "completition_cost": 0.0, "overshoot_cost": 51.93960071199405, "power_cost": 19.605886657714844, "noise_cost": 19.367761915358063, "n_waypoints_completed": 9, "tot_waypoints": 9}}
{"target": -197.96266636123437, "params": {"k_pid_pos": [1.0031316701085804, 0.23755300683015446, 0.8805880266982272], "k_pid_alt": [1.7297729984189598, 0.0, 0.8240637188070686], "k_pid_att": [24.0942673894178, 3.8490583285537396, 0.666719676683535], "k_pid_yaw": [0.5, 1e-06, 0.1], "k_pid_hsp": [0.09847755819799779, 0.011264223901387349, 0.0], "k_pid_vsp": [292.94687076665593, 307.0029666248519, 21.011196465382298]}, "datetime": {"datetime": "2025-08-12 00:47:27", "elapsed": 30127.22433757782, "delta": 20.575251817703247}, "costs": {"total_cost": 197.96266636123437, "time_cost": 79.33800000000001, "final_distance_cost": 1.8219247210594514, "oscillation_cost": 24.97227315273851, "completition_cost": 0.0, "overshoot_cost": 51.98075067224183, "power_cost": 20.22883228759766, "noise_cost": 19.620885527596897, "n_waypoints_completed": 9, "tot_waypoints": 9}}
{"target": -201.95324240984007, "params": {"k_pid_pos": [1.0031316701085804, 0.43502179072678904, 0.40092638265648595], "k_pid_alt": [1.7297729984189598, 0.0, 0.06527723447865985], "k_pid_att": [24.0942673894178, 0.18205753750414305, 0.666719676683535], "k_pid_yaw": [0.5, 1e-06, 0.1], "k_pid_hsp": [0.09847755819799779, 0.011264223901387349, 0.0], "k_pid_vsp": [292.94687076665593, 307.0029666248519, 21.011196465382298]}, "datetime": {"datetime": "2025-08-12 00:47:49", "elapsed": 30148.432745218277, "delta": 21.208407640457153}, "costs": {"total_cost": 201.95324240984007, "time_cost": 78.743, "final_distance_cost": 1.7622304645662725, "oscillation_cost": 29.055193954282366, "completition_cost": 0.0, "overshoot_cost": 52.508558195741315, "power_cost": 20.32127012939453, "noise_cost": 19.562989665855582, "n_waypoints_completed": 9, "tot_waypoints": 9}}
{"target": -184.0243344432924, "params": {"k_pid_pos": [1.0031316701085804, 0.024859491386256316, 0.40092638265648595], "k_pid_alt": [1.7297729984189598, 0.00018965351824429266, 0.06527723447865985], "k_pid_att": [24.0942673894178, 0.18205753750414305, 0.666719676683535], "k_pid_yaw": [0.5, 1e-06, 0.1], "k_pid_hsp": [0.09847755819799779, 0.011264223901387349, 0.0], "k_pid_vsp": [292.94687076665593, 307.0029666248519, 21.011196465382298]}, "datetime": {"datetime": "2025-08-12 00:48:07", "elapsed": 30166.450138568878, "delta": 18.017393350601196}, "costs": {"total_cost": 184.0243344432924, "time_cost": 70.077, "final_distance_cost": 1.81639632027759, "oscillation_cost": 26.021912065047317, "completition_cost": 0.0, "overshoot_cost": 50.3430133359966, "power_cost": 18.04919371337891, "noise_cost": 17.71681900859195, "n_waypoints_completed": 9, "tot_waypoints": 9}}
{"target": -284.32050219958103, "params": {"k_pid_pos": [1.0031316701085804, 0.024859491386256316, 0.40092638265648595], "k_pid_alt": [1.7297729984189598, 0.0, 0.06527723447865985], "k_pid_att": [31.770312284672542, 0.18205753750414305, 0.666719676683535], "k_pid_yaw": [0.5, 1e-06, 0.1], "k_pid_hsp": [0.09847755819799779, 0.8699774626924047, 0.0030093955283441165], "k_pid_vsp": [292.94687076665593, 70.84075923231556, 21.011196465382298]}, "datetime": {"datetime": "2025-08-12 00:48:29", "elapsed": 30188.842389583588, "delta": 22.392251014709473}, "costs": {"total_cost": 284.32050219958103, "time_cost": 81.697, "final_distance_cost": 1.8199270003570693, "oscillation_cost": 100.04500488118802, "completition_cost": 0.0, "overshoot_cost": 52.13341748656877, "power_cost": 23.793515185546877, "noise_cost": 24.831637645920317, "n_waypoints_completed": 9, "tot_waypoints": 9}}
{"target": -339.32960157962884, "params": {"k_pid_pos": [1.0031316701085804, 0.024859491386256316, 0.40092638265648595], "k_pid_alt": [1.6718174236541343, 0.0, 0.30075101115001845], "k_pid_att": [24.0942673894178, 2.524269488566535, 0.666719676683535], "k_pid_yaw": [0.5, 1e-06, 0.1], "k_pid_hsp": [0.09847755819799779, 0.5654426201812867, 0.0], "k_pid_vsp": [292.94687076665593, 307.0029666248519, 75.78799424181197]}, "datetime": {"datetime": "2025-08-12 00:48:56", "elapsed": 30215.76927423477, "delta": 26.926884651184082}, "costs": {"total_cost": 339.32960157962884, "time_cost": 100.842, "final_distance_cost": 1.843994131941807, "oscillation_cost": 118.16419290542795, "completition_cost": 0.0, "overshoot_cost": 59.9799618100488, "power_cost": 30.327226477050782, "noise_cost": 28.17222625515953, "n_waypoints_completed": 9, "tot_waypoints": 9}}
{"target": -185.5643725702256, "params": {"k_pid_pos": [1.0031316701085804, 0.024859491386256316, 0.40092638265648595], "k_pid_alt": [1.7297729984189598, 0.0, 0.26610943802920406], "k_pid_att": [24.0942673894178, 0.18205753750414305, 0.3883664380867584], "k_pid_yaw": [0.5, 1e-06, 0.1], "k_pid_hsp": [0.09847755819799779, 0.011264223901387349, 0.0], "k_pid_vsp": [292.94687076665593, 94.28610281764664, 21.011196465382298]}, "datetime": {"datetime": "2025-08-12 00:49:14", "elapsed": 30233.45530152321, "delta": 17.68602728843689}, "costs": {"total_cost": 185.5643725702256, "time_cost": 70.525, "final_distance_cost": 1.8317041260131233, "oscillation_cost": 25.760914132926576, "completition_cost": 0.0, "overshoot_cost": 51.08508452952671, "power_cost": 18.211563940429688, "noise_cost": 18.1501058413295, "n_waypoints_completed": 9, "tot_waypoints": 9}}
{"target": -183.8110225273971, "params": {"k_pid_pos": [1.0031316701085804, 0.024859491386256316, 0.40092638265648595], "k_pid_alt": [1.7297729984189598, 0.0, 0.06527723447865985], "k_pid_att": [24.0942673894178, 0.18205753750414305, 0.666719676683535], "k_pid_yaw": [0.5, 1e-06, 0.1], "k_pid_hsp": [0.09847755819799779, 0.011264223901387349, 0.0], "k_pid_vsp": [292.94687076665593, 307.0029666248519, 21.011196465382298]}, "datetime": {"datetime": "2025-08-12 00:49:32", "elapsed": 30251.823391914368, "delta": 18.368090391159058}, "costs": {"total_cost": 183.8110225273971, "time_cost": 70.07000000000001, "final_distance_cost": 1.8304748413350997, "oscillation_cost": 25.975194414413714, "completition_cost": 0.0, "overshoot_cost": 50.3368091434941, "power_cost": 17.946738708496095, "noise_cost": 17.651805419658114, "n_waypoints_completed": 9, "tot_waypoints": 9}}
