{"target": -197.79782853165943, "params": {"k_pid_pos": [0.6766360078800605, 0.024859491386256316, 0.40092638265648595], "k_pid_alt": [1.7297729984189598, 0.9190004771393835, 0.06527723447865985], "k_pid_att": [25.463483275157817, 9.874008014726847, 0.666719676683535], "k_pid_yaw": [0.5, 1e-06, 0.1], "k_pid_hsp": [0.09847755819799779, 0.011264223901387349, 0.0], "k_pid_vsp": [387.81499297641176, 304.1795245652576, 2.77343605205192]}, "datetime": {"datetime": "2025-08-12 05:02:54", "elapsed": 45454.28986144066, "delta": 22.54474663734436}, "costs": {"total_cost": 197.79782853165943, "time_cost": 81.039, "final_distance_cost": 1.7970296898554106, "oscillation_cost": 24.271171933532095, "completition_cost": 0.0, "overshoot_cost": 52.285867472769404, "power_cost": 15.843123864746094, "noise_cost": 22.56163557075642, "n_waypoints_completed": 9, "tot_waypoints": 9}}
{"target": -197.90589847404422, "params": {"k_pid_pos": [1.0031316701085804, 0.024859491386256316, 0.40092638265648595], "k_pid_alt": [1.7297729984189598, 0.25318577007700516, 0.06527723447865985], "k_pid_att": [23.08752834258585, 4.077532668255645, 0.666719676683535], "k_pid_yaw": [0.5, 1e-06, 0.1], "k_pid_hsp": [0.09847755819799779, 0.011264223901387349, 0.0], "k_pid_vsp": [264.9966777379314, 304.1795245652576, 2.77343605205192]}, "datetime": {"datetime": "2025-08-12 05:03:14", "elapsed": 45474.224207639694, "delta": 19.934346199035645}, "costs": {"total_cost": 197.90589847404422, "time_cost": 79.912, "final_distance_cost": 1.802468920313386, "oscillation_cost": 26.593170045727224, "completition_cost": 0.0, "overshoot_cost": 51.195203959631826, "power_cost": 15.65833846435547, "noise_cost": 22.744717084016305, "n_waypoints_completed": 9, "tot_waypoints": 9}}
{"target": -360.18606312855377, "params": {"k_pid_pos": [1.0031316701085804, 0.024859491386256316, 0.40092638265648595], "k_pid_alt": [1.7297729984189598, 0.0, 0.06527723447865985], "k_pid_att": [25.463483275157817, 4.2484062323494, 0.666719676683535], "k_pid_yaw": [0.5, 1e-06, 0.1], "k_pid_hsp": [0.09847755819799779, 0.45355930965991464, 0.0], "k_pid_vsp": [30.277211485852273, 118.24276490396839, 2.77343605205192]}, "datetime": {"datetime": "2025-08-12 05:03:44", "elapsed": 45504.33614778519, "delta": 30.111940145492554}, "costs": {"total_cost": 360.18606312855377, "time_cost": 107.73700000000001, "final_distance_cost": 1.8094645923977608, "oscillation_cost": 120.71281525583984, "completition_cost": 0.0, "overshoot_cost": 65.13125922410896, "power_cost": 30.006521520996095, "noise_cost": 34.78900253521111, "n_waypoints_completed": 9, "tot_waypoints": 9}}
{"target": -183.43474742314763, "params": {"k_pid_pos": [1.0031316701085804, 0.024859491386256316, 0.42495672118777295], "k_pid_alt": [1.85112020821355, 0.0, 0.06527723447865985], "k_pid_att": [25.463483275157817, 4.819059953965517, 0.666719676683535], "k_pid_yaw": [0.5, 1e-06, 0.1], "k_pid_hsp": [0.09847755819799779, 0.011264223901387349, 0.0], "k_pid_vsp": [264.9966777379314, 304.1795245652576, 2.77343605205192]}, "datetime": {"datetime": "2025-08-12 05:04:02", "elapsed": 45521.72403168678, "delta": 17.38788390159607}, "costs": {"total_cost": 183.43474742314763, "time_cost": 70.049, "final_distance_cost": 1.8285131034201707, "oscillation_cost": 25.865726949138832, "completition_cost": 0.0, "overshoot_cost": 50.599395307690465, "power_cost": 14.245681005859376, "noise_cost": 20.84643105703879, "n_waypoints_completed": 9, "tot_waypoints": 9}}
{"target": -188.02896483054778, "params": {"k_pid_pos": [1.0031316701085804, 0.024859491386256316, 0.40092638265648595], "k_pid_alt": [1.7297729984189598, 0.0, 0.06527723447865985], "k_pid_att": [10.85276784655954, 1.4953935029224072, 0.666719676683535], "k_pid_yaw": [0.5, 1e-06, 0.1], "k_pid_hsp": [0.09847755819799779, 0.011264223901387349, 0.0], "k_pid_vsp": [25.602684686128807, 304.1795245652576, 2.77343605205192]}, "datetime": {"datetime": "2025-08-12 05:04:21", "elapsed": 45540.53499317169, "delta": 18.810961484909058}, "costs": {"total_cost": 188.02896483054778, "time_cost": 71.72200000000001, "final_distance_cost": 1.8352053187169686, "oscillation_cost": 28.312768367811113, "completition_cost": 0.0, "overshoot_cost": 50.59515665128002, "power_cost": 16.14930469970703, "noise_cost": 19.41452979303264, "n_waypoints_completed": 9, "tot_waypoints": 9}}
{"target": -813.2222077776079, "params": {"k_pid_pos": [1.0031316701085804, 0.024859491386256316, 0.9753488518740228], "k_pid_alt": [0.4752955706577131, 0.0, 0.06527723447865985], "k_pid_att": [10.85276784655954, 1.4953935029224072, 0.666719676683535], "k_pid_yaw": [0.5, 1e-06, 0.1], "k_pid_hsp": [0.09847755819799779, 0.8648168268977217, 0.0], "k_pid_vsp": [264.9966777379314, 304.1795245652576, 2.77343605205192]}, "datetime": {"datetime": "2025-08-12 05:04:51", "elapsed": 45571.135058403015, "delta": 30.600065231323242}, "costs": {"total_cost": 813.2222077776079, "time_cost": 150, "final_distance_cost": 52.4910848363811, "oscillation_cost": 152.6874524400404, "completition_cost": 333.33333333333337, "overshoot_cost": 56.48870907424106, "power_cost": 33.09323114013672, "noise_cost": 35.12839695347518, "n_waypoints_completed": 6, "tot_waypoints": 9}}
{"target": -183.08407650406252, "params": {"k_pid_pos": [1.0031316701085804, 0.024859491386256316, 0.40092638265648595], "k_pid_alt": [1.7297729984189598, 0.0, 0.06527723447865985], "k_pid_att": [10.85276784655954, 1.4953935029224072, 0.666719676683535], "k_pid_yaw": [0.5, 1e-06, 0.1], "k_pid_hsp": [0.09847755819799779, 0.011264223901387349, 0.0], "k_pid_vsp": [264.9966777379314, 304.1795245652576, 2.77343605205192]}, "datetime": {"datetime": "2025-08-12 05:05:09", "elapsed": 45589.37471437454, "delta": 18.2396559715271}, "costs": {"total_cost": 183.08407650406252, "time_cost": 69.97200000000001, "final_distance_cost": 1.8232561110929182, "oscillation_cost": 25.830634925397458, "completition_cost": 0.0, "overshoot_cost": 50.605337999513814, "power_cost": 14.15017557373047, "noise_cost": 20.702671894327832, "n_waypoints_completed": 9, "tot_waypoints": 9}}
{"target": -183.54583700641217, "params": {"k_pid_pos": [1.0031316701085804, 0.024859491386256316, 0.40092638265648595], "k_pid_alt": [1.7297729984189598, 0.0, 0.06527723447865985], "k_pid_att": [25.463483275157817, 5.859554809351448, 0.3208883335954925], "k_pid_yaw": [0.5, 1e-06, 0.1], "k_pid_hsp": [0.09847755819799779, 0.011264223901387349, 0.0], "k_pid_vsp": [264.9966777379314, 304.1795245652576, 2.77343605205192]}, "datetime": {"datetime": "2025-08-12 05:05:31", "elapsed": 45610.68303704262, "delta": 21.30832266807556}, "costs": {"total_cost": 183.54583700641217, "time_cost": 69.979, "final_distance_cost": 1.822563314264406, "oscillation_cost": 26.22104971069586, "completition_cost": 0.0, "overshoot_cost": 50.61834677034513, "power_cost": 14.181021984863282, "noise_cost": 20.723855226243508, "n_waypoints_completed": 9, "tot_waypoints": 9}}
{"target": -1456.6830476553887, "params": {"k_pid_pos": [1.0031316701085804, 0.024859491386256316, 0.40092638265648595], "k_pid_alt": [1.7297729984189598, 0.12522842473991602, 0.06527723447865985], "k_pid_att": [25.463483275157817, 5.859554809351448, 0.666719676683535], "k_pid_yaw": [0.5, 1e-06, 0.1], "k_pid_hsp": [0.09847755819799779, 0.011264223901387349, 0.0], "k_pid_vsp": [264.9966777379314, 304.1795245652576, 278.9618327909841]}, "datetime": {"datetime": "2025-08-12 05:06:03", "elapsed": 45643.15798354149, "delta": 32.47494649887085}, "costs": {"total_cost": 1456.6830476553887, "time_cost": 150, "final_distance_cost": 0.9977223799467255, "oscillation_cost": 3.428771974136076, "completition_cost": 1000.0, "overshoot_cost": 162.4713714810566, "power_cost": 29.350023608398438, "noise_cost": 110.4351582118507, "n_waypoints_completed": 0, "tot_waypoints": 9}}
{"target": -183.3364482608922, "params": {"k_pid_pos": [1.0031316701085804, 0.024859491386256316, 0.40092638265648595], "k_pid_alt": [1.7297729984189598, 0.0, 0.06527723447865985], "k_pid_att": [25.463483275157817, 7.7877181803899305, 0.666719676683535], "k_pid_yaw": [0.5, 1e-06, 0.1], "k_pid_hsp": [0.09847755819799779, 0.011264223901387349, 0.0], "k_pid_vsp": [264.9966777379314, 304.1795245652576, 2.77343605205192]}, "datetime": {"datetime": "2025-08-12 05:06:21", "elapsed": 45661.11812067032, "delta": 17.960137128829956}, "costs": {"total_cost": 183.3364482608922, "time_cost": 69.965, "final_distance_cost": 1.8170351720335363, "oscillation_cost": 26.172807740824492, "completition_cost": 0.0, "overshoot_cost": 50.5094346156861, "power_cost": 14.155999560546876, "noise_cost": 20.71617117180118, "n_waypoints_completed": 9, "tot_waypoints": 9}}
{"target": -185.6930491218148, "params": {"k_pid_pos": [1.402943601129983, 0.024859491386256316, 0.40092638265648595], "k_pid_alt": [1.7297729984189598, 0.0, 0.06527723447865985], "k_pid_att": [10.85276784655954, 1.4953935029224072, 0.666719676683535], "k_pid_yaw": [0.5, 1e-06, 0.1], "k_pid_hsp": [0.09847755819799779, 0.011264223901387349, 0.0], "k_pid_vsp": [205.46647479918613, 304.1795245652576, 2.77343605205192]}, "datetime": {"datetime": "2025-08-12 05:06:40", "elapsed": 45679.51241350174, "delta": 18.3942928314209}, "costs": {"total_cost": 185.6930491218148, "time_cost": 69.251, "final_distance_cost": 1.7883400375631202, "oscillation_cost": 29.4434758249594, "completition_cost": 0.0, "overshoot_cost": 50.467570746810026, "power_cost": 14.362992797851563, "noise_cost": 20.379669714630673, "n_waypoints_completed": 9, "tot_waypoints": 9}}
{"target": -196.47600384026893, "params": {"k_pid_pos": [1.0031316701085804, 0.024859491386256316, 0.40092638265648595], "k_pid_alt": [1.5873271883648092, 0.4149186621504757, 0.06527723447865985], "k_pid_att": [25.463483275157817, 5.859554809351448, 0.666719676683535], "k_pid_yaw": [0.5, 1e-06, 0.1], "k_pid_hsp": [0.09847755819799779, 0.011264223901387349, 0.0], "k_pid_vsp": [264.9966777379314, 1.6985791875978455, 2.77343605205192]}, "datetime": {"datetime": "2025-08-12 05:06:59", "elapsed": 45698.88964724541, "delta": 19.377233743667603}, "costs": {"total_cost": 196.47600384026893, "time_cost": 78.309, "final_distance_cost": 1.7837148940870817, "oscillation_cost": 26.29943589880376, "completition_cost": 0.0, "overshoot_cost": 52.532194424240664, "power_cost": 15.204056323242188, "noise_cost": 22.34760229989525, "n_waypoints_completed": 9, "tot_waypoints": 9}}
{"target": -933.7320709680318, "params": {"k_pid_pos": [1.1837130645794225, 0.024859491386256316, 0.40092638265648595], "k_pid_alt": [1.688733796848813, 0.0, 0.41195016711788457], "k_pid_att": [10.85276784655954, 5.859554809351448, 0.3208883335954925], "k_pid_yaw": [0.5, 1e-06, 0.1], "k_pid_hsp": [0.09847755819799779, 0.8931988642486959, 0.0], "k_pid_vsp": [264.9966777379314, 304.1795245652576, 2.77343605205192]}, "datetime": {"datetime": "2025-08-12 05:07:31", "elapsed": 45730.76315689087, "delta": 31.873509645462036}, "costs": {"total_cost": 933.7320709680318, "time_cost": 150, "final_distance_cost": 54.834835402705636, "oscillation_cost": 131.8600879921014, "completition_cost": 444.4444444444444, "overshoot_cost": 84.38020553667954, "power_cost": 33.01993569335938, "noise_cost": 35.19256189874149, "n_waypoints_completed": 5, "tot_waypoints": 9}}
{"target": -218.7827154128154, "params": {"k_pid_pos": [1.0031316701085804, 0.024859491386256316, 0.40092638265648595], "k_pid_alt": [1.7297729984189598, 0.0, 0.06527723447865985], "k_pid_att": [34.38754054706076, 2.8711836120640575, 0.666719676683535], "k_pid_yaw": [0.5, 1e-06, 0.1], "k_pid_hsp": [8.985399159737238, 0.011264223901387349, 0.0], "k_pid_vsp": [264.9966777379314, 304.1795245652576, 2.77343605205192]}, "datetime": {"datetime": "2025-08-12 05:07:50", "elapsed": 45750.19363164902, "delta": 19.430474758148193}, "costs": {"total_cost": 218.7827154128154, "time_cost": 72.548, "final_distance_cost": 1.8527111794966984, "oscillation_cost": 56.126549951806254, "completition_cost": 0.0, "overshoot_cost": 50.37917819308538, "power_cost": 15.560550500488281, "noise_cost": 22.315725587938783, "n_waypoints_completed": 9, "tot_waypoints": 9}}
{"target": -1199.4539861319872, "params": {"k_pid_pos": [1.0031316701085804, 0.024859491386256316, 0.40092638265648595], "k_pid_alt": [1.7297729984189598, 0.9096070218175075, 0.06527723447865985], "k_pid_att": [10.85276784655954, 1.4953935029224072, 0.666719676683535], "k_pid_yaw": [0.5, 1e-06, 0.1], "k_pid_hsp": [0.09847755819799779, 0.011264223901387349, 0.45873563564133535], "k_pid_vsp": [264.9966777379314, 304.1795245652576, 2.77343605205192]}, "datetime": {"datetime": "2025-08-12 05:08:22", "elapsed": 45781.58968305588, "delta": 31.39605140686035}, "costs": {"total_cost": 1199.4539861319872, "time_cost": 150, "final_distance_cost": 42.23301701460826, "oscillation_cost": 313.89362775609635, "completition_cost": 555.5555555555555, "overshoot_cost": 80.11502454780222, "power_cost": 24.706155419921878, "noise_cost": 32.950605838003, "n_waypoints_completed": 4, "tot_waypoints": 9}}
{"target": -222.21365283348615, "params": {"k_pid_pos": [1.0031316701085804, 0.024859491386256316, 0.9256714136513439], "k_pid_alt": [1.5948082478141707, 0.0, 0.3546702372922743], "k_pid_att": [10.85276784655954, 2.6268748066440946, 0.666719676683535], "k_pid_yaw": [0.5, 1e-06, 0.1], "k_pid_hsp": [0.9256711796227903, 0.011264223901387349, 0.0], "k_pid_vsp": [343.8859856159743, 304.1795245652576, 143.51489313312365]}, "datetime": {"datetime": "2025-08-12 05:08:45", "elapsed": 45804.90244746208, "delta": 23.312764406204224}, "costs": {"total_cost": 222.21365283348615, "time_cost": 88.711, "final_distance_cost": 1.855477363519486, "oscillation_cost": 28.82401126754463, "completition_cost": 0.0, "overshoot_cost": 56.65893551682359, "power_cost": 22.759778063964845, "noise_cost": 23.404450621633604, "n_waypoints_completed": 9, "tot_waypoints": 9}}
{"target": -201.33663840979028, "params": {"k_pid_pos": [1.0031316701085804, 0.024859491386256316, 0.40092638265648595], "k_pid_alt": [1.711661255621207, 0.0, 0.6983455985824785], "k_pid_att": [10.85276784655954, 3.539271160212227, 0.666719676683535], "k_pid_yaw": [0.5, 1e-06, 0.1], "k_pid_hsp": [0.09847755819799779, 0.011264223901387349, 0.0], "k_pid_vsp": [264.9966777379314, 304.1795245652576, 133.65931667042503]}, "datetime": {"datetime": "2025-08-12 05:09:06", "elapsed": 45826.0771613121, "delta": 21.174713850021362}, "costs": {"total_cost": 201.33663840979028, "time_cost": 78.428, "final_distance_cost": 1.8336223421799884, "oscillation_cost": 25.9054339090865, "completition_cost": 0.0, "overshoot_cost": 55.597973323663176, "power_cost": 20.210608532714843, "noise_cost": 19.361000302145783, "n_waypoints_completed": 9, "tot_waypoints": 9}}
{"target": -183.45519597276052, "params": {"k_pid_pos": [1.0031316701085804, 0.024859491386256316, 0.40092638265648595], "k_pid_alt": [1.7297729984189598, 0.0, 0.06527723447865985], "k_pid_att": [25.463483275157817, 1.1105074131954076, 0.666719676683535], "k_pid_yaw": [0.5, 1e-06, 0.1], "k_pid_hsp": [0.09847755819799779, 0.011264223901387349, 0.0], "k_pid_vsp": [264.9966777379314, 304.1795245652576, 2.77343605205192]}, "datetime": {"datetime": "2025-08-12 05:09:24", "elapsed": 45844.1722548008, "delta": 18.095093488693237}, "costs": {"total_cost": 183.45519597276052, "time_cost": 70.0, "final_distance_cost": 1.8355394490002233, "oscillation_cost": 25.834590127920308, "completition_cost": 0.0, "overshoot_cost": 50.750964758425056, "power_cost": 14.182873071289062, "noise_cost": 20.851228566125894, "n_waypoints_completed": 9, "tot_waypoints": 9}}
{"target": -186.15206866154668, "params": {"k_pid_pos": [1.0031316701085804, 0.024859491386256316, 0.40092638265648595], "k_pid_alt": [0.9020104990244227, 0.0, 0.06527723447865985], "k_pid_att": [97.15749504346589, 1.4953935029224072, 0.666719676683535], "k_pid_yaw": [0.5, 1e-06, 0.1], "k_pid_hsp": [0.09847755819799779, 0.011264223901387349, 0.0], "k_pid_vsp": [264.9966777379314, 304.1795245652576, 2.77343605205192]}, "datetime": {"datetime": "2025-08-12 05:09:43", "elapsed": 45862.869274139404, "delta": 18.697019338607788}, "costs": {"total_cost": 186.15206866154668, "time_cost": 71.911, "final_distance_cost": 1.816384526966774, "oscillation_cost": 26.088972778131435, "completition_cost": 0.0, "overshoot_cost": 50.864096453547916, "power_cost": 14.45993280029297, "noise_cost": 21.011682102607576, "n_waypoints_completed": 9, "tot_waypoints": 9}}
{"target": -183.3613720315298, "params": {"k_pid_pos": [1.0031316701085804, 0.024859491386256316, 0.40092638265648595], "k_pid_alt": [1.7297729984189598, 0.0, 0.06527723447865985], "k_pid_att": [23.08752834258585, 4.077532668255645, 0.666719676683535], "k_pid_yaw": [0.5, 1e-06, 0.1], "k_pid_hsp": [0.09847755819799779, 0.011264223901387349, 0.0], "k_pid_vsp": [264.9966777379314, 304.1795245652576, 2.77343605205192]}, "datetime": {"datetime": "2025-08-12 05:10:01", "elapsed": 45881.24301457405, "delta": 18.373740434646606}, "costs": {"total_cost": 183.3613720315298, "time_cost": 69.97200000000001, "final_distance_cost": 1.816776721091844, "oscillation_cost": 26.12802990250626, "completition_cost": 0.0, "overshoot_cost": 50.551793500965125, "power_cost": 14.166547912597657, "noise_cost": 20.726223994368933, "n_waypoints_completed": 9, "tot_waypoints": 9}}
{"target": -185.72465400113387, "params": {"k_pid_pos": [1.0031316701085804, 0.08976672005448583, 0.40092638265648595], "k_pid_alt": [1.7297729984189598, 0.0, 0.06527723447865985], "k_pid_att": [18.808039200177152, 5.859554809351448, 0.666719676683535], "k_pid_yaw": [0.5, 1e-06, 0.1], "k_pid_hsp": [0.09847755819799779, 0.011264223901387349, 0.0], "k_pid_vsp": [264.9966777379314, 304.1795245652576, 2.77343605205192]}, "datetime": {"datetime": "2025-08-12 05:10:19", "elapsed": 45898.93569469452, "delta": 17.69268012046814}, "costs": {"total_cost": 185.72465400113387, "time_cost": 71.386, "final_distance_cost": 1.8304802470034087, "oscillation_cost": 26.221509998157803, "completition_cost": 0.0, "overshoot_cost": 50.693934942011936, "power_cost": 14.563139611816407, "noise_cost": 21.029589202144347, "n_waypoints_completed": 9, "tot_waypoints": 9}}
{"target": -193.2074332165574, "params": {"k_pid_pos": [1.0031316701085804, 0.024859491386256316, 0.40092638265648595], "k_pid_alt": [1.7297729984189598, 0.4149186621504757, 0.06527723447865985], "k_pid_att": [10.85276784655954, 1.4953935029224072, 0.666719676683535], "k_pid_yaw": [0.5, 1e-06, 0.1], "k_pid_hsp": [0.09847755819799779, 0.011264223901387349, 0.0], "k_pid_vsp": [205.46647479918613, 304.1795245652576, 2.77343605205192]}, "datetime": {"datetime": "2025-08-12 05:10:40", "elapsed": 45919.78574848175, "delta": 20.850053787231445}, "costs": {"total_cost": 193.2074332165574, "time_cost": 76.531, "final_distance_cost": 1.7742895986635956, "oscillation_cost": 26.723515665395983, "completition_cost": 0.0, "overshoot_cost": 51.46362738841015, "power_cost": 15.051702026367188, "noise_cost": 21.663298537720472, "n_waypoints_completed": 9, "tot_waypoints": 9}}
{"target": -218.2070952276099, "params": {"k_pid_pos": [1.0031316701085804, 0.570190449532882, 0.40092638265648595], "k_pid_alt": [1.7485197016556397, 0.0, 0.8464395625348557], "k_pid_att": [25.463483275157817, 4.819059953965517, 0.6502564009774173], "k_pid_yaw": [0.5, 1e-06, 0.1], "k_pid_hsp": [0.09847755819799779, 0.011264223901387349, 0.0], "k_pid_vsp": [264.9966777379314, 304.1795245652576, 2.77343605205192]}, "datetime": {"datetime": "2025-08-12 05:11:03", "elapsed": 45943.31980013847, "delta": 23.534051656723022}, "costs": {"total_cost": 218.2070952276099, "time_cost": 87.122, "final_distance_cost": 1.7832318517615735, "oscillation_cost": 32.61593836553146, "completition_cost": 0.0, "overshoot_cost": 53.50799969075291, "power_cost": 17.75467977294922, "noise_cost": 25.423245546614705, "n_waypoints_completed": 9, "tot_waypoints": 9}}
{"target": -184.3274831761299, "params": {"k_pid_pos": [1.2291269948485064, 0.024859491386256316, 0.40092638265648595], "k_pid_alt": [1.7988026916343176, 0.0, 0.06527723447865985], "k_pid_att": [25.463483275157817, 5.859554809351448, 0.666719676683535], "k_pid_yaw": [0.5, 1e-06, 0.1], "k_pid_hsp": [0.09847755819799779, 0.011264223901387349, 0.0], "k_pid_vsp": [264.9966777379314, 291.9899918266388, 2.77343605205192]}, "datetime": {"datetime": "2025-08-12 05:11:21", "elapsed": 45961.35198163986, "delta": 18.03218150138855}, "costs": {"total_cost": 184.3274831761299, "time_cost": 69.426, "final_distance_cost": 1.8211879836298939, "oscillation_cost": 27.776347457976538, "completition_cost": 0.0, "overshoot_cost": 50.59042164827039, "power_cost": 14.276675659179688, "noise_cost": 20.43685042707339, "n_waypoints_completed": 9, "tot_waypoints": 9}}
{"target": -344.96146942834093, "params": {"k_pid_pos": [0.897239302812397, 0.024859491386256316, 0.40092638265648595], "k_pid_alt": [1.7297729984189598, 0.0, 0.06527723447865985], "k_pid_att": [10.85276784655954, 1.4953935029224072, 0.666719676683535], "k_pid_yaw": [0.5, 1e-06, 0.1], "k_pid_hsp": [0.09847755819799779, 0.370582372053357, 0.0], "k_pid_vsp": [264.9966777379314, 304.1795245652576, 2.77343605205192]}, "datetime": {"datetime": "2025-08-12 05:11:49", "elapsed": 45988.86319923401, "delta": 27.51121759414673}, "costs": {"total_cost": 344.96146942834093, "time_cost": 101.269, "final_distance_cost": 1.861412406339271, "oscillation_cost": 120.30128850141568, "completition_cost": 0.0, "overshoot_cost": 61.87859151315475, "power_cost": 27.16525690917969, "noise_cost": 32.48592009825155, "n_waypoints_completed": 9, "tot_waypoints": 9}}
