{"target": -1502.4714728992997, "params": {"k_pid_pos": [1.0031316701085804, 0.00338214545638138, 0.7266918162980436], "k_pid_alt": [1.5967479783170597, 0.0, 0.06527723447865985], "k_pid_att": [54.227890723214855, 7.519210862131359, 0.666719676683535], "k_pid_yaw": [0.5, 1e-06, 0.1], "k_pid_hsp": [1.1779218432282734, 0.011264223901387349, 0.8149121113391221], "k_pid_vsp": [264.9966777379314, 273.5293865660895, 2.77343605205192]}, "datetime": {"datetime": "2025-08-12 03:04:49", "elapsed": 38368.766740083694, "delta": 31.130022287368774}, "costs": {"total_cost": 1502.4714728992997, "time_cost": 150, "final_distance_cost": 76.6694878851639, "oscillation_cost": 794.7803171265123, "completition_cost": 333.33333333333337, "overshoot_cost": 84.18247089846413, "power_cost": 33.451888610839845, "noise_cost": 30.05397504498604, "n_waypoints_completed": 6, "tot_waypoints": 9}}
{"target": -217.90754935874602, "params": {"k_pid_pos": [1.0031316701085804, 0.024859491386256316, 0.40092638265648595], "k_pid_alt": [1.7297729984189598, 0.0, 0.06527723447865985], "k_pid_att": [0.940241120304286, 5.859554809351448, 0.666719676683535], "k_pid_yaw": [0.5, 1e-06, 0.1], "k_pid_hsp": [0.26818612338505615, 0.011264223901387349, 0.0], "k_pid_vsp": [264.9966777379314, 140.03862743104432, 2.77343605205192]}, "datetime": {"datetime": "2025-08-12 03:05:07", "elapsed": 38386.81335186958, "delta": 18.046611785888672}, "costs": {"total_cost": 217.90754935874602, "time_cost": 71.141, "final_distance_cost": 1.8434395336199376, "oscillation_cost": 57.55658988836277, "completition_cost": 0.0, "overshoot_cost": 50.06527996985521, "power_cost": 15.68745145263672, "noise_cost": 21.613788514271373, "n_waypoints_completed": 9, "tot_waypoints": 9}}
{"target": -206.49314049462103, "params": {"k_pid_pos": [1.7978416467070553, 0.024859491386256316, 0.40092638265648595], "k_pid_alt": [1.7297729984189598, 0.3895604077003664, 0.39033212468778067], "k_pid_att": [37.12179941719916, 5.859554809351448, 0.12678522794134206], "k_pid_yaw": [0.5, 1e-06, 0.1], "k_pid_hsp": [0.09847755819799779, 0.011264223901387349, 0.0], "k_pid_vsp": [264.9966777379314, 140.03862743104432, 39.31490123340624]}, "datetime": {"datetime": "2025-08-12 03:05:29", "elapsed": 38408.38151836395, "delta": 21.568166494369507}, "costs": {"total_cost": 206.49314049462103, "time_cost": 79.135, "final_distance_cost": 1.7655485098014974, "oscillation_cost": 33.002270148490474, "completition_cost": 0.0, "overshoot_cost": 52.8981757897829, "power_cost": 20.306916052246095, "noise_cost": 19.385229994300058, "n_waypoints_completed": 9, "tot_waypoints": 9}}
{"target": -183.53649260238842, "params": {"k_pid_pos": [1.0031316701085804, 0.024859491386256316, 0.40092638265648595], "k_pid_alt": [1.7297729984189598, 0.0, 0.06527723447865985], "k_pid_att": [54.227890723214855, 5.859554809351448, 0.666719676683535], "k_pid_yaw": [0.5, 1e-06, 0.1], "k_pid_hsp": [0.09847755819799779, 0.011264223901387349, 0.0], "k_pid_vsp": [264.9966777379314, 140.03862743104432, 2.77343605205192]}, "datetime": {"datetime": "2025-08-12 03:05:46", "elapsed": 38425.693542957306, "delta": 17.31202459335327}, "costs": {"total_cost": 183.53649260238842, "time_cost": 70.182, "final_distance_cost": 1.8157228574093423, "oscillation_cost": 25.80330890253672, "completition_cost": 0.0, "overshoot_cost": 50.51887842229217, "power_cost": 14.2017048828125, "noise_cost": 21.01487753733769, "n_waypoints_completed": 9, "tot_waypoints": 9}}
{"target": -183.684542932298, "params": {"k_pid_pos": [1.0031316701085804, 0.024859491386256316, 0.40092638265648595], "k_pid_alt": [1.7297729984189598, 0.0, 0.06527723447865985], "k_pid_att": [54.227890723214855, 1.1166001057131414, 0.666719676683535], "k_pid_yaw": [0.5, 1e-06, 0.1], "k_pid_hsp": [0.09847755819799779, 0.011264223901387349, 0.0], "k_pid_vsp": [264.9966777379314, 140.03862743104432, 2.77343605205192]}, "datetime": {"datetime": "2025-08-12 03:06:04", "elapsed": 38444.03154850006, "delta": 18.338005542755127}, "costs": {"total_cost": 183.684542932298, "time_cost": 70.182, "final_distance_cost": 1.8201649118781291, "oscillation_cost": 25.58764043525973, "completition_cost": 0.0, "overshoot_cost": 50.85352472845472, "power_cost": 14.207031005859376, "noise_cost": 21.034181850846057, "n_waypoints_completed": 9, "tot_waypoints": 9}}
{"target": -203.9157679543732, "params": {"k_pid_pos": [1.0031316701085804, 0.535198962463447, 0.40092638265648595], "k_pid_alt": [1.9160597436741602, 0.0, 0.06527723447865985], "k_pid_att": [54.227890723214855, 5.859554809351448, 0.666719676683535], "k_pid_yaw": [0.5, 1e-06, 0.1], "k_pid_hsp": [0.09847755819799779, 0.011264223901387349, 0.0], "k_pid_vsp": [264.9966777379314, 140.03862743104432, 2.77343605205192]}, "datetime": {"datetime": "2025-08-12 03:06:24", "elapsed": 38464.146312475204, "delta": 20.114763975143433}, "costs": {"total_cost": 203.9157679543732, "time_cost": 79.66, "final_distance_cost": 1.795703067584978, "oscillation_cost": 30.879400675503362, "completition_cost": 0.0, "overshoot_cost": 52.26595363314205, "power_cost": 16.23155299072266, "noise_cost": 23.083157587420153, "n_waypoints_completed": 9, "tot_waypoints": 9}}
{"target": -612.8288024364515, "params": {"k_pid_pos": [1.0031316701085804, 0.024859491386256316, 0.9990290440445977], "k_pid_alt": [0.9907947987713464, 0.0, 0.06527723447865985], "k_pid_att": [54.227890723214855, 5.859554809351448, 0.23684944774097727], "k_pid_yaw": [0.5, 1e-06, 0.1], "k_pid_hsp": [9.78976571952335, 0.011264223901387349, 0.0], "k_pid_vsp": [264.9966777379314, 130.53254854158118, 2.77343605205192]}, "datetime": {"datetime": "2025-08-12 03:06:45", "elapsed": 38484.968979120255, "delta": 20.82266664505005}, "costs": {"total_cost": 612.8288024364515, "time_cost": 82.32000000000001, "final_distance_cost": 1.8593808421905251, "oscillation_cost": 431.188566815529, "completition_cost": 0.0, "overshoot_cost": 51.99230218639325, "power_cost": 22.11890544433594, "noise_cost": 23.349647148002827, "n_waypoints_completed": 9, "tot_waypoints": 9}}
{"target": -794.4540928710916, "params": {"k_pid_pos": [1.0031316701085804, 0.024859491386256316, 0.40092638265648595], "k_pid_alt": [1.7297729984189598, 0.0, 0.06527723447865985], "k_pid_att": [54.227890723214855, 5.859554809351448, 0.20497828334174084], "k_pid_yaw": [0.5, 1e-06, 0.1], "k_pid_hsp": [3.326477210804739, 0.011264223901387349, 0.0], "k_pid_vsp": [264.9966777379314, 9.253091459386084, 130.14958620146152]}, "datetime": {"datetime": "2025-08-12 03:07:16", "elapsed": 38515.54147815704, "delta": 30.57249903678894}, "costs": {"total_cost": 794.4540928710916, "time_cost": 150, "final_distance_cost": 51.46745993910736, "oscillation_cost": 37.049499784951635, "completition_cost": 444.4444444444444, "overshoot_cost": 54.18517013704018, "power_cost": 30.439957189941406, "noise_cost": 26.86756137560672, "n_waypoints_completed": 5, "tot_waypoints": 9}}
{"target": -1700.2721074587437, "params": {"k_pid_pos": [1.0031316701085804, 0.00338214545638138, 0.5215242577869234], "k_pid_alt": [1.739673739032684, 0.0, 0.06527723447865985], "k_pid_att": [54.227890723214855, 5.859554809351448, 0.666719676683535], "k_pid_yaw": [0.5, 1e-06, 0.1], "k_pid_hsp": [0.09847755819799779, 0.011264223901387349, 0.16874075997246774], "k_pid_vsp": [121.11927891757475, 214.5862008004988, 2.77343605205192]}, "datetime": {"datetime": "2025-08-12 03:07:47", "elapsed": 38547.12026166916, "delta": 31.57878351211548}, "costs": {"total_cost": 1700.2721074587437, "time_cost": 150, "final_distance_cost": 34.87567549583526, "oscillation_cost": 789.0995170160137, "completition_cost": 555.5555555555555, "overshoot_cost": 107.64782953248036, "power_cost": 33.13708800048828, "noise_cost": 29.956441858370496, "n_waypoints_completed": 4, "tot_waypoints": 9}}
{"target": -183.53649260238842, "params": {"k_pid_pos": [1.0031316701085804, 0.024859491386256316, 0.40092638265648595], "k_pid_alt": [1.7297729984189598, 0.0, 0.06527723447865985], "k_pid_att": [54.227890723214855, 5.859554809351448, 0.666719676683535], "k_pid_yaw": [0.5, 1e-06, 0.1], "k_pid_hsp": [0.09847755819799779, 0.011264223901387349, 0.0], "k_pid_vsp": [264.9966777379314, 140.03862743104432, 2.77343605205192]}, "datetime": {"datetime": "2025-08-12 03:08:06", "elapsed": 38565.59549045563, "delta": 18.475228786468506}, "costs": {"total_cost": 183.53649260238842, "time_cost": 70.182, "final_distance_cost": 1.8157228574093423, "oscillation_cost": 25.80330890253672, "completition_cost": 0.0, "overshoot_cost": 50.51887842229217, "power_cost": 14.2017048828125, "noise_cost": 21.01487753733769, "n_waypoints_completed": 9, "tot_waypoints": 9}}
{"target": -183.94842545765061, "params": {"k_pid_pos": [1.0031316701085804, 0.024859491386256316, 0.40092638265648595], "k_pid_alt": [1.7297729984189598, 0.0, 0.1928987146789487], "k_pid_att": [54.227890723214855, 9.481495940872867, 0.666719676683535], "k_pid_yaw": [0.5, 1e-06, 0.1], "k_pid_hsp": [0.09847755819799779, 0.011264223901387349, 0.0], "k_pid_vsp": [264.9966777379314, 140.03862743104432, 2.77343605205192]}, "datetime": {"datetime": "2025-08-12 03:08:24", "elapsed": 38583.78990697861, "delta": 18.194416522979736}, "costs": {"total_cost": 183.94842545765061, "time_cost": 70.238, "final_distance_cost": 1.8249811366258655, "oscillation_cost": 25.731746438297066, "completition_cost": 0.0, "overshoot_cost": 51.053531855255045, "power_cost": 14.170662622070314, "noise_cost": 20.92950340540233, "n_waypoints_completed": 9, "tot_waypoints": 9}}
{"target": -183.92287101676501, "params": {"k_pid_pos": [1.0031316701085804, 0.024859491386256316, 0.40092638265648595], "k_pid_alt": [1.7297729984189598, 0.0, 0.5405957282041112], "k_pid_att": [25.463483275157817, 5.859554809351448, 0.666719676683535], "k_pid_yaw": [0.5, 1e-06, 0.1], "k_pid_hsp": [0.09847755819799779, 0.011264223901387349, 0.0], "k_pid_vsp": [264.9966777379314, 140.03862743104432, 2.77343605205192]}, "datetime": {"datetime": "2025-08-12 03:08:42", "elapsed": 38602.34900808334, "delta": 18.559101104736328}, "costs": {"total_cost": 183.92287101676501, "time_cost": 70.679, "final_distance_cost": 1.8232748965251413, "oscillation_cost": 25.9540937782763, "completition_cost": 0.0, "overshoot_cost": 50.35332641340457, "power_cost": 14.232009375, "noise_cost": 20.881166553559005, "n_waypoints_completed": 9, "tot_waypoints": 9}}
{"target": -210.21481735560764, "params": {"k_pid_pos": [1.0031316701085804, 0.024859491386256316, 0.40092638265648595], "k_pid_alt": [1.7297729984189598, 0.0, 0.7455603024785848], "k_pid_att": [54.227890723214855, 5.859554809351448, 0.666719676683535], "k_pid_yaw": [0.5, 1e-06, 0.1], "k_pid_hsp": [5.335990326040409, 0.011264223901387349, 0.0], "k_pid_vsp": [264.9966777379314, 186.29560388348816, 2.77343605205192]}, "datetime": {"datetime": "2025-08-12 03:09:01", "elapsed": 38620.96256041527, "delta": 18.61355233192444}, "costs": {"total_cost": 210.21481735560764, "time_cost": 74.221, "final_distance_cost": 1.849859471984688, "oscillation_cost": 45.409894638332354, "completition_cost": 0.0, "overshoot_cost": 50.341211149849315, "power_cost": 15.632410583496094, "noise_cost": 22.760441511945203, "n_waypoints_completed": 9, "tot_waypoints": 9}}
{"target": -183.53649260238842, "params": {"k_pid_pos": [1.0031316701085804, 0.024859491386256316, 0.40092638265648595], "k_pid_alt": [1.7297729984189598, 0.0, 0.06527723447865985], "k_pid_att": [54.227890723214855, 5.859554809351448, 0.666719676683535], "k_pid_yaw": [0.5, 1e-06, 0.1], "k_pid_hsp": [0.09847755819799779, 0.011264223901387349, 0.0], "k_pid_vsp": [264.9966777379314, 140.03862743104432, 2.77343605205192]}, "datetime": {"datetime": "2025-08-12 03:09:20", "elapsed": 38640.16384553909, "delta": 19.201285123825073}, "costs": {"total_cost": 183.53649260238842, "time_cost": 70.182, "final_distance_cost": 1.8157228574093423, "oscillation_cost": 25.80330890253672, "completition_cost": 0.0, "overshoot_cost": 50.51887842229217, "power_cost": 14.2017048828125, "noise_cost": 21.01487753733769, "n_waypoints_completed": 9, "tot_waypoints": 9}}
{"target": -183.68229465452515, "params": {"k_pid_pos": [1.0031316701085804, 0.024859491386256316, 0.37255195504867966], "k_pid_alt": [1.9160597436741602, 0.0, 0.06527723447865985], "k_pid_att": [54.227890723214855, 5.859554809351448, 0.666719676683535], "k_pid_yaw": [0.5, 1e-06, 0.1], "k_pid_hsp": [0.09847755819799779, 0.011264223901387349, 0.0], "k_pid_vsp": [264.9966777379314, 130.53254854158118, 2.77343605205192]}, "datetime": {"datetime": "2025-08-12 03:09:38", "elapsed": 38657.740787267685, "delta": 17.57694172859192}, "costs": {"total_cost": 183.68229465452515, "time_cost": 70.196, "final_distance_cost": 1.8156993505400068, "oscillation_cost": 25.509241411126098, "completition_cost": 0.0, "overshoot_cost": 50.95102655900007, "power_cost": 14.221325183105469, "noise_cost": 20.9890021507535, "n_waypoints_completed": 9, "tot_waypoints": 9}}
{"target": -184.7566792883013, "params": {"k_pid_pos": [1.0031316701085804, 0.024859491386256316, 0.40092638265648595], "k_pid_alt": [1.7297729984189598, 0.0, 0.39033212468778067], "k_pid_att": [37.12179941719916, 5.859554809351448, 0.12678522794134206], "k_pid_yaw": [0.5, 1e-06, 0.1], "k_pid_hsp": [0.09847755819799779, 0.011264223901387349, 0.0], "k_pid_vsp": [66.77612754735902, 140.03862743104432, 2.77343605205192]}, "datetime": {"datetime": "2025-08-12 03:09:56", "elapsed": 38676.06403517723, "delta": 18.3232479095459}, "costs": {"total_cost": 184.7566792883013, "time_cost": 70.245, "final_distance_cost": 1.831386838111106, "oscillation_cost": 26.804441676000234, "completition_cost": 0.0, "overshoot_cost": 50.83425374453331, "power_cost": 14.25315106201172, "noise_cost": 20.788445967644943, "n_waypoints_completed": 9, "tot_waypoints": 9}}
{"target": -184.09903919178706, "params": {"k_pid_pos": [1.0031316701085804, 0.024859491386256316, 0.40092638265648595], "k_pid_alt": [1.7297729984189598, 0.0, 0.06527723447865985], "k_pid_att": [12.665511903358361, 5.859554809351448, 0.20497828334174084], "k_pid_yaw": [0.5, 1e-06, 0.1], "k_pid_hsp": [0.09847755819799779, 0.011264223901387349, 0.0], "k_pid_vsp": [121.11927891757475, 140.03862743104432, 2.77343605205192]}, "datetime": {"datetime": "2025-08-12 03:10:15", "elapsed": 38694.696301698685, "delta": 18.632266521453857}, "costs": {"total_cost": 184.09903919178706, "time_cost": 69.95100000000001, "final_distance_cost": 1.8218598004792361, "oscillation_cost": 26.678895693857783, "completition_cost": 0.0, "overshoot_cost": 50.68131123955257, "power_cost": 14.192076892089844, "noise_cost": 20.773895565807628, "n_waypoints_completed": 9, "tot_waypoints": 9}}
{"target": -1110.2023661869268, "params": {"k_pid_pos": [0.031108468473309878, 0.024859491386256316, 0.40092638265648595], "k_pid_alt": [1.7297729984189598, 0.0, 0.06527723447865985], "k_pid_att": [11.329609997636037, 6.043751783864618, 0.666719676683535], "k_pid_yaw": [0.5, 1e-06, 0.1], "k_pid_hsp": [0.09847755819799779, 0.011264223901387349, 0.0], "k_pid_vsp": [264.9966777379314, 376.0461058565467, 2.77343605205192]}, "datetime": {"datetime": "2025-08-12 03:10:45", "elapsed": 38724.46373486519, "delta": 29.767433166503906}, "costs": {"total_cost": 1110.2023661869268, "time_cost": 150, "final_distance_cost": 66.50950701316846, "oscillation_cost": 0.8589042839425832, "completition_cost": 777.7777777777778, "overshoot_cost": 60.75007179839914, "power_cost": 21.247061657714845, "noise_cost": 33.05904365592424, "n_waypoints_completed": 2, "tot_waypoints": 9}}
{"target": -183.43029139569225, "params": {"k_pid_pos": [1.1018186029961792, 0.024859491386256316, 0.40092638265648595], "k_pid_alt": [1.9160597436741602, 0.0, 0.06527723447865985], "k_pid_att": [54.227890723214855, 5.859554809351448, 0.666719676683535], "k_pid_yaw": [0.5, 1e-06, 0.1], "k_pid_hsp": [0.09847755819799779, 0.011264223901387349, 0.0], "k_pid_vsp": [264.9966777379314, 304.1795245652576, 2.77343605205192]}, "datetime": {"datetime": "2025-08-12 03:11:04", "elapsed": 38743.95869088173, "delta": 19.494956016540527}, "costs": {"total_cost": 183.43029139569225, "time_cost": 69.734, "final_distance_cost": 1.8099210709384976, "oscillation_cost": 26.555851347846993, "completition_cost": 0.0, "overshoot_cost": 50.44309865962467, "power_cost": 14.251524755859375, "noise_cost": 20.63589556142274, "n_waypoints_completed": 9, "tot_waypoints": 9}}
{"target": -282.52225927809724, "params": {"k_pid_pos": [1.0031316701085804, 0.024859491386256316, 0.40092638265648595], "k_pid_alt": [1.7297729984189598, 0.0, 0.026638658667017756], "k_pid_att": [11.329609997636037, 6.043751783864618, 0.666719676683535], "k_pid_yaw": [0.5, 1e-06, 0.1], "k_pid_hsp": [0.09847755819799779, 0.28262205542809105, 0.0], "k_pid_vsp": [121.11927891757475, 140.03862743104432, 2.77343605205192]}, "datetime": {"datetime": "2025-08-12 03:11:26", "elapsed": 38765.86881685257, "delta": 21.910125970840454}, "costs": {"total_cost": 282.52225927809724, "time_cost": 83.958, "final_distance_cost": 1.8567984041321781, "oscillation_cost": 94.47685945639891, "completition_cost": 0.0, "overshoot_cost": 54.19625376205531, "power_cost": 21.889121252441406, "noise_cost": 26.145226403069437, "n_waypoints_completed": 9, "tot_waypoints": 9}}
{"target": -924.8927183065599, "params": {"k_pid_pos": [1.0031316701085804, 0.024859491386256316, 0.40092638265648595], "k_pid_alt": [1.7297729984189598, 0.0, 0.06527723447865985], "k_pid_att": [12.665511903358361, 5.859554809351448, 0.20497828334174084], "k_pid_yaw": [0.5, 1e-06, 0.1], "k_pid_hsp": [0.09847755819799779, 0.915123765919971, 0.0], "k_pid_vsp": [264.9966777379314, 304.1795245652576, 2.77343605205192]}, "datetime": {"datetime": "2025-08-12 03:11:57", "elapsed": 38796.45821619034, "delta": 30.589399337768555}, "costs": {"total_cost": 924.8927183065599, "time_cost": 150, "final_distance_cost": 52.64064638241036, "oscillation_cost": 134.1242521732823, "completition_cost": 444.4444444444444, "overshoot_cost": 74.82570177729717, "power_cost": 33.705858325195315, "noise_cost": 35.15181520393041, "n_waypoints_completed": 5, "tot_waypoints": 9}}
{"target": -185.1098092959025, "params": {"k_pid_pos": [1.0031316701085804, 0.024859491386256316, 0.15504459629470158], "k_pid_alt": [1.7297729984189598, 0.0, 0.5775663314924924], "k_pid_att": [54.227890723214855, 0.7630207001553703, 0.666719676683535], "k_pid_yaw": [0.5, 1e-06, 0.1], "k_pid_hsp": [0.09847755819799779, 0.011264223901387349, 0.0], "k_pid_vsp": [121.11927891757475, 140.03862743104432, 2.77343605205192]}, "datetime": {"datetime": "2025-08-12 03:12:14", "elapsed": 38814.08306479454, "delta": 17.62484860420227}, "costs": {"total_cost": 185.1098092959025, "time_cost": 70.693, "final_distance_cost": 1.807804147166252, "oscillation_cost": 27.213053948781848, "completition_cost": 0.0, "overshoot_cost": 50.46902177382623, "power_cost": 14.315079736328126, "noise_cost": 20.611849689800046, "n_waypoints_completed": 9, "tot_waypoints": 9}}
{"target": -183.37223372215468, "params": {"k_pid_pos": [1.0031316701085804, 0.024859491386256316, 0.40092638265648595], "k_pid_alt": [1.7297729984189598, 0.0, 0.06527723447865985], "k_pid_att": [37.12179941719916, 1.9360914828558924, 0.666719676683535], "k_pid_yaw": [0.5, 1e-06, 0.1], "k_pid_hsp": [0.09847755819799779, 0.011264223901387349, 0.0], "k_pid_vsp": [264.9966777379314, 140.03862743104432, 2.77343605205192]}, "datetime": {"datetime": "2025-08-12 03:12:33", "elapsed": 38833.18484568596, "delta": 19.101780891418457}, "costs": {"total_cost": 183.37223372215468, "time_cost": 70.133, "final_distance_cost": 1.8156517820988298, "oscillation_cost": 25.573876356731372, "completition_cost": 0.0, "overshoot_cost": 50.74693462552331, "power_cost": 14.186826428222657, "noise_cost": 20.915944529578535, "n_waypoints_completed": 9, "tot_waypoints": 9}}
{"target": -183.43029139569225, "params": {"k_pid_pos": [1.1018186029961792, 0.024859491386256316, 0.40092638265648595], "k_pid_alt": [1.9160597436741602, 0.0, 0.06527723447865985], "k_pid_att": [54.227890723214855, 5.859554809351448, 0.666719676683535], "k_pid_yaw": [0.5, 1e-06, 0.1], "k_pid_hsp": [0.09847755819799779, 0.011264223901387349, 0.0], "k_pid_vsp": [264.9966777379314, 304.1795245652576, 2.77343605205192]}, "datetime": {"datetime": "2025-08-12 03:12:52", "elapsed": 38851.41118526459, "delta": 18.22633957862854}, "costs": {"total_cost": 183.43029139569225, "time_cost": 69.734, "final_distance_cost": 1.8099210709384976, "oscillation_cost": 26.555851347846993, "completition_cost": 0.0, "overshoot_cost": 50.44309865962467, "power_cost": 14.251524755859375, "noise_cost": 20.63589556142274, "n_waypoints_completed": 9, "tot_waypoints": 9}}
{"target": -183.53649260238842, "params": {"k_pid_pos": [1.0031316701085804, 0.024859491386256316, 0.40092638265648595], "k_pid_alt": [1.7297729984189598, 0.0, 0.06527723447865985], "k_pid_att": [54.227890723214855, 5.859554809351448, 0.666719676683535], "k_pid_yaw": [0.5, 1e-06, 0.1], "k_pid_hsp": [0.09847755819799779, 0.011264223901387349, 0.0], "k_pid_vsp": [264.9966777379314, 140.03862743104432, 2.77343605205192]}, "datetime": {"datetime": "2025-08-12 03:13:10", "elapsed": 38869.92708539963, "delta": 18.515900135040283}, "costs": {"total_cost": 183.53649260238842, "time_cost": 70.182, "final_distance_cost": 1.8157228574093423, "oscillation_cost": 25.80330890253672, "completition_cost": 0.0, "overshoot_cost": 50.51887842229217, "power_cost": 14.2017048828125, "noise_cost": 21.01487753733769, "n_waypoints_completed": 9, "tot_waypoints": 9}}
