{"target": -193.3454676362147, "params": {"k_pid_pos": [1.0031316701085804, 0.024859491386256316, 0.40092638265648595], "k_pid_alt": [1.7297729984189598, 0.460474527941964, 0.09237004794976], "k_pid_att": [24.0942673894178, 9.132212505118478, 0.666719676683535], "k_pid_yaw": [0.5, 1e-06, 0.1], "k_pid_hsp": [0.09847755819799779, 0.011264223901387349, 0.0], "k_pid_vsp": [292.94687076665593, 307.0029666248519, 21.011196465382298]}, "datetime": {"datetime": "2025-08-12 01:08:12", "elapsed": 31371.83892774582, "delta": 20.047649383544922}, "costs": {"total_cost": 193.3454676362147, "time_cost": 75.95700000000001, "final_distance_cost": 1.7677240581064013, "oscillation_cost": 27.148280264613305, "completition_cost": 0.0, "overshoot_cost": 51.007550237248346, "power_cost": 19.26392047119141, "noise_cost": 18.200992605055244, "n_waypoints_completed": 9, "tot_waypoints": 9}}
{"target": -1420.5281481906654, "params": {"k_pid_pos": [1.0031316701085804, 0.024859491386256316, 0.40092638265648595], "k_pid_alt": [1.7297729984189598, 0.0, 0.06527723447865985], "k_pid_att": [37.12179941719916, 5.859554809351448, 0.666719676683535], "k_pid_yaw": [0.5, 1e-06, 0.1], "k_pid_hsp": [0.09847755819799779, 0.011264223901387349, 0.0], "k_pid_vsp": [264.9966777379314, 307.0029666248519, 245.59207000590632]}, "datetime": {"datetime": "2025-08-12 01:08:44", "elapsed": 31403.48709130287, "delta": 31.648163557052612}, "costs": {"total_cost": 1420.5281481906654, "time_cost": 150, "final_distance_cost": 0.998223026803991, "oscillation_cost": 3.4205052610208773, "completition_cost": 1000.0, "overshoot_cost": 157.50886799555997, "power_cost": 29.479943957519534, "noise_cost": 79.12060794976094, "n_waypoints_completed": 0, "tot_waypoints": 9}}
{"target": -183.89599248918387, "params": {"k_pid_pos": [1.0031316701085804, 0.024859491386256316, 0.40092638265648595], "k_pid_alt": [1.7297729984189598, 0.0, 0.06527723447865985], "k_pid_att": [37.12179941719916, 0.18205753750414305, 0.666719676683535], "k_pid_yaw": [0.5, 1e-06, 0.1], "k_pid_hsp": [0.09847755819799779, 0.011264223901387349, 0.0], "k_pid_vsp": [292.94687076665593, 307.0029666248519, 21.011196465382298]}, "datetime": {"datetime": "2025-08-12 01:09:01", "elapsed": 31421.064748048782, "delta": 17.577656745910645}, "costs": {"total_cost": 183.89599248918387, "time_cost": 70.077, "final_distance_cost": 1.8183296469031651, "oscillation_cost": 25.942667068232318, "completition_cost": 0.0, "overshoot_cost": 50.34900300346616, "power_cost": 17.980847900390625, "noise_cost": 17.728144870191628, "n_waypoints_completed": 9, "tot_waypoints": 9}}
{"target": -183.8110225273971, "params": {"k_pid_pos": [1.0031316701085804, 0.024859491386256316, 0.40092638265648595], "k_pid_alt": [1.7297729984189598, 0.0, 0.06527723447865985], "k_pid_att": [24.0942673894178, 0.18205753750414305, 0.666719676683535], "k_pid_yaw": [0.5, 1e-06, 0.1], "k_pid_hsp": [0.09847755819799779, 0.011264223901387349, 0.0], "k_pid_vsp": [292.94687076665593, 307.0029666248519, 21.011196465382298]}, "datetime": {"datetime": "2025-08-12 01:09:19", "elapsed": 31439.079223632812, "delta": 18.01447558403015}, "costs": {"total_cost": 183.8110225273971, "time_cost": 70.07000000000001, "final_distance_cost": 1.8304748413350997, "oscillation_cost": 25.975194414413714, "completition_cost": 0.0, "overshoot_cost": 50.3368091434941, "power_cost": 17.946738708496095, "noise_cost": 17.651805419658114, "n_waypoints_completed": 9, "tot_waypoints": 9}}
{"target": -185.3772525296966, "params": {"k_pid_pos": [1.0031316701085804, 0.024859491386256316, 0.40092638265648595], "k_pid_alt": [1.7297729984189598, 0.0, 0.06527723447865985], "k_pid_att": [37.12179941719916, 2.6298254890628097, 0.3301527476617453], "k_pid_yaw": [0.5, 1e-06, 0.1], "k_pid_hsp": [0.09847755819799779, 0.011264223901387349, 0.0], "k_pid_vsp": [264.9966777379314, 307.0029666248519, 75.78799424181197]}, "datetime": {"datetime": "2025-08-12 01:09:38", "elapsed": 31457.565525770187, "delta": 18.486302137374878}, "costs": {"total_cost": 185.3772525296966, "time_cost": 70.693, "final_distance_cost": 1.8279844273882346, "oscillation_cost": 25.197550933437977, "completition_cost": 0.0, "overshoot_cost": 51.53159281925786, "power_cost": 18.392964099121095, "noise_cost": 17.734160250491428, "n_waypoints_completed": 9, "tot_waypoints": 9}}
{"target": -184.51004741158283, "params": {"k_pid_pos": [1.0031316701085804, 0.024859491386256316, 0.40092638265648595], "k_pid_alt": [1.7297729984189598, 0.0, 0.07336557510105324], "k_pid_att": [32.194164172814396, 5.859554809351448, 0.666719676683535], "k_pid_yaw": [0.5, 1e-06, 0.1], "k_pid_hsp": [0.09847755819799779, 0.011264223901387349, 0.0], "k_pid_vsp": [264.9966777379314, 307.0029666248519, 21.011196465382298]}, "datetime": {"datetime": "2025-08-12 01:09:56", "elapsed": 31475.690505743027, "delta": 18.124979972839355}, "costs": {"total_cost": 184.51004741158283, "time_cost": 70.056, "final_distance_cost": 1.8169756814706064, "oscillation_cost": 26.094938554117583, "completition_cost": 0.0, "overshoot_cost": 50.70138792665288, "power_cost": 18.120304028320312, "noise_cost": 17.720441221021485, "n_waypoints_completed": 9, "tot_waypoints": 9}}
{"target": -195.02160312110377, "params": {"k_pid_pos": [1.1904191683331364, 0.024859491386256316, 0.40092638265648595], "k_pid_alt": [1.7297729984189598, 0.0, 0.9505550730200033], "k_pid_att": [24.0942673894178, 0.18205753750414305, 0.3744289396013216], "k_pid_yaw": [0.5, 1e-06, 0.1], "k_pid_hsp": [1.5822369352293129, 0.011264223901387349, 0.0], "k_pid_vsp": [292.94687076665593, 307.0029666248519, 21.011196465382298]}, "datetime": {"datetime": "2025-08-12 01:10:15", "elapsed": 31494.644648075104, "delta": 18.954142332077026}, "costs": {"total_cost": 195.02160312110377, "time_cost": 71.813, "final_distance_cost": 1.8417975729272098, "oscillation_cost": 34.00088388963974, "completition_cost": 0.0, "overshoot_cost": 50.13446708910611, "power_cost": 18.823433959960937, "noise_cost": 18.40802060946978, "n_waypoints_completed": 9, "tot_waypoints": 9}}
{"target": -190.21892341995763, "params": {"k_pid_pos": [1.0031316701085804, 0.024859491386256316, 0.40092638265648595], "k_pid_alt": [1.7297729984189598, 0.028806210149256217, 0.06527723447865985], "k_pid_att": [37.12179941719916, 5.6580295118978245, 0.666719676683535], "k_pid_yaw": [0.5, 1e-06, 0.1], "k_pid_hsp": [0.09847755819799779, 0.011264223901387349, 0.0], "k_pid_vsp": [387.1470188825909, 10.020897349928273, 21.011196465382298]}, "datetime": {"datetime": "2025-08-12 01:10:33", "elapsed": 31513.32231450081, "delta": 18.677666425704956}, "costs": {"total_cost": 190.21892341995763, "time_cost": 72.499, "final_distance_cost": 1.8152798486964639, "oscillation_cost": 25.77433161722081, "completition_cost": 0.0, "overshoot_cost": 52.71587993481904, "power_cost": 18.537051013183596, "noise_cost": 18.877381006037727, "n_waypoints_completed": 9, "tot_waypoints": 9}}
{"target": -183.64001715417484, "params": {"k_pid_pos": [1.0031316701085804, 0.024859491386256316, 0.40092638265648595], "k_pid_alt": [1.7297729984189598, 0.0, 0.06527723447865985], "k_pid_att": [37.12179941719916, 2.8503329366774977, 0.666719676683535], "k_pid_yaw": [0.5, 1e-06, 0.1], "k_pid_hsp": [0.09847755819799779, 0.011264223901387349, 0.0], "k_pid_vsp": [264.9966777379314, 307.0029666248519, 21.011196465382298]}, "datetime": {"datetime": "2025-08-12 01:10:51", "elapsed": 31531.23110103607, "delta": 17.90878653526306}, "costs": {"total_cost": 183.64001715417484, "time_cost": 70.077, "final_distance_cost": 1.8282288821562778, "oscillation_cost": 25.90473801137338, "completition_cost": 0.0, "overshoot_cost": 50.224048772488736, "power_cost": 17.955333911132815, "noise_cost": 17.65066757702363, "n_waypoints_completed": 9, "tot_waypoints": 9}}
{"target": -184.2862314204226, "params": {"k_pid_pos": [1.0031316701085804, 0.024859491386256316, 0.40092638265648595], "k_pid_alt": [1.7297729984189598, 0.0, 0.06527723447865985], "k_pid_att": [24.0942673894178, 0.18205753750414305, 0.7049157272764677], "k_pid_yaw": [0.5, 1e-06, 0.1], "k_pid_hsp": [0.09847755819799779, 0.011264223901387349, 0.0], "k_pid_vsp": [292.94687076665593, 151.0176688301109, 21.011196465382298]}, "datetime": {"datetime": "2025-08-12 01:11:10", "elapsed": 31549.71108150482, "delta": 18.47998046875}, "costs": {"total_cost": 184.2862314204226, "time_cost": 70.28, "final_distance_cost": 1.8243931464336063, "oscillation_cost": 25.536753827519917, "completition_cost": 0.0, "overshoot_cost": 50.80951415942267, "power_cost": 17.960320605468752, "noise_cost": 17.875249681577657, "n_waypoints_completed": 9, "tot_waypoints": 9}}
{"target": -184.19029373761404, "params": {"k_pid_pos": [1.0031316701085804, 0.024859491386256316, 0.40092638265648595], "k_pid_alt": [1.7297729984189598, 0.0, 0.06527723447865985], "k_pid_att": [32.194164172814396, 5.859554809351448, 0.666719676683535], "k_pid_yaw": [0.5, 1e-06, 0.1], "k_pid_hsp": [0.09847755819799779, 0.011264223901387349, 0.0], "k_pid_vsp": [264.9966777379314, 307.0029666248519, 21.011196465382298]}, "datetime": {"datetime": "2025-08-12 01:11:28", "elapsed": 31567.85335946083, "delta": 18.14227795600891}, "costs": {"total_cost": 184.19029373761404, "time_cost": 70.056, "final_distance_cost": 1.8323144234161957, "oscillation_cost": 26.042678500877987, "completition_cost": 0.0, "overshoot_cost": 50.3864932813518, "power_cost": 18.132564562988282, "noise_cost": 17.740242968979796, "n_waypoints_completed": 9, "tot_waypoints": 9}}
{"target": -184.64511566643614, "params": {"k_pid_pos": [1.0031316701085804, 0.024859491386256316, 0.40092638265648595], "k_pid_alt": [1.7297729984189598, 0.0, 0.06527723447865985], "k_pid_att": [74.24769818861826, 4.09310168605278, 0.666719676683535], "k_pid_yaw": [0.5, 1e-06, 0.1], "k_pid_hsp": [0.09847755819799779, 0.011264223901387349, 0.0], "k_pid_vsp": [264.9966777379314, 307.0029666248519, 21.011196465382298]}, "datetime": {"datetime": "2025-08-12 01:11:46", "elapsed": 31585.749631643295, "delta": 17.8962721824646}, "costs": {"total_cost": 184.64511566643614, "time_cost": 70.168, "final_distance_cost": 1.8211558471010623, "oscillation_cost": 26.327241154137646, "completition_cost": 0.0, "overshoot_cost": 50.66118580898698, "power_cost": 18.06519432373047, "noise_cost": 17.602338532479955, "n_waypoints_completed": 9, "tot_waypoints": 9}}
{"target": -184.34070502145644, "params": {"k_pid_pos": [1.0031316701085804, 0.024859491386256316, 0.40092638265648595], "k_pid_alt": [1.7297729984189598, 0.0, 0.06527723447865985], "k_pid_att": [37.12179941719916, 2.6298254890628097, 0.3301527476617453], "k_pid_yaw": [0.5, 1e-06, 0.1], "k_pid_hsp": [0.09847755819799779, 0.011264223901387349, 0.0], "k_pid_vsp": [264.9966777379314, 307.0029666248519, 29.14258142942486]}, "datetime": {"datetime": "2025-08-12 01:12:05", "elapsed": 31604.931497335434, "delta": 19.181865692138672}, "costs": {"total_cost": 184.34070502145644, "time_cost": 70.126, "final_distance_cost": 1.815127351668125, "oscillation_cost": 25.92302519286316, "completition_cost": 0.0, "overshoot_cost": 50.74306734591909, "power_cost": 18.108226599121096, "noise_cost": 17.625258531884942, "n_waypoints_completed": 9, "tot_waypoints": 9}}
{"target": -296.12080195108024, "params": {"k_pid_pos": [1.0031316701085804, 0.024859491386256316, 0.40092638265648595], "k_pid_alt": [1.7297729984189598, 0.7250575884392712, 0.06527723447865985], "k_pid_att": [24.0942673894178, 0.18205753750414305, 0.666719676683535], "k_pid_yaw": [0.5, 1e-06, 0.1], "k_pid_hsp": [0.09847755819799779, 0.27003811317705173, 0.0], "k_pid_vsp": [292.94687076665593, 332.01127736028326, 21.011196465382298]}, "datetime": {"datetime": "2025-08-12 01:12:27", "elapsed": 31627.30152106285, "delta": 22.370023727416992}, "costs": {"total_cost": 296.12080195108024, "time_cost": 88.781, "final_distance_cost": 1.762152789438191, "oscillation_cost": 96.45997406049516, "completition_cost": 0.0, "overshoot_cost": 60.40789739940626, "power_cost": 24.969272314453125, "noise_cost": 23.740505387287516, "n_waypoints_completed": 9, "tot_waypoints": 9}}
{"target": -183.8110225273971, "params": {"k_pid_pos": [1.0031316701085804, 0.024859491386256316, 0.40092638265648595], "k_pid_alt": [1.7297729984189598, 0.0, 0.06527723447865985], "k_pid_att": [24.0942673894178, 0.18205753750414305, 0.666719676683535], "k_pid_yaw": [0.5, 1e-06, 0.1], "k_pid_hsp": [0.09847755819799779, 0.011264223901387349, 0.0], "k_pid_vsp": [292.94687076665593, 307.0029666248519, 21.011196465382298]}, "datetime": {"datetime": "2025-08-12 01:12:46", "elapsed": 31645.616161108017, "delta": 18.314640045166016}, "costs": {"total_cost": 183.8110225273971, "time_cost": 70.07000000000001, "final_distance_cost": 1.8304748413350997, "oscillation_cost": 25.975194414413714, "completition_cost": 0.0, "overshoot_cost": 50.3368091434941, "power_cost": 17.946738708496095, "noise_cost": 17.651805419658114, "n_waypoints_completed": 9, "tot_waypoints": 9}}
{"target": -184.9810260991186, "params": {"k_pid_pos": [1.0031316701085804, 0.024859491386256316, 0.40092638265648595], "k_pid_alt": [1.7297729984189598, 0.00018965351824429266, 0.5135675105756947], "k_pid_att": [24.0942673894178, 0.18205753750414305, 0.666719676683535], "k_pid_yaw": [0.5, 1e-06, 0.1], "k_pid_hsp": [0.09847755819799779, 0.011264223901387349, 0.0], "k_pid_vsp": [292.94687076665593, 237.12935625335746, 21.011196465382298]}, "datetime": {"datetime": "2025-08-12 01:13:04", "elapsed": 31663.70490217209, "delta": 18.088741064071655}, "costs": {"total_cost": 184.9810260991186, "time_cost": 70.56, "final_distance_cost": 1.8294724742379194, "oscillation_cost": 25.817338363047778, "completition_cost": 0.0, "overshoot_cost": 50.66504383712701, "power_cost": 18.19126325683594, "noise_cost": 17.91790816786994, "n_waypoints_completed": 9, "tot_waypoints": 9}}
{"target": -189.50640373665476, "params": {"k_pid_pos": [1.0031316701085804, 0.10920718465865398, 0.40092638265648595], "k_pid_alt": [1.7297729984189598, 0.0, 0.06527723447865985], "k_pid_att": [94.76565117582825, 8.491440198406547, 0.666719676683535], "k_pid_yaw": [0.5, 1e-06, 0.1], "k_pid_hsp": [0.09847755819799779, 0.011264223901387349, 0.0], "k_pid_vsp": [264.9966777379314, 376.6167462867098, 21.011196465382298]}, "datetime": {"datetime": "2025-08-12 01:13:24", "elapsed": 31683.846475362778, "delta": 20.141573190689087}, "costs": {"total_cost": 189.50640373665476, "time_cost": 72.345, "final_distance_cost": 1.7963875045093352, "oscillation_cost": 26.680593969916877, "completition_cost": 0.0, "overshoot_cost": 51.182087270035446, "power_cost": 19.022378466796876, "noise_cost": 18.4799565253962, "n_waypoints_completed": 9, "tot_waypoints": 9}}
{"target": -183.64001715417484, "params": {"k_pid_pos": [1.0031316701085804, 0.024859491386256316, 0.40092638265648595], "k_pid_alt": [1.7297729984189598, 0.0, 0.06527723447865985], "k_pid_att": [37.12179941719916, 2.8503329366774977, 0.666719676683535], "k_pid_yaw": [0.5, 1e-06, 0.1], "k_pid_hsp": [0.09847755819799779, 0.011264223901387349, 0.0], "k_pid_vsp": [264.9966777379314, 307.0029666248519, 21.011196465382298]}, "datetime": {"datetime": "2025-08-12 01:13:41", "elapsed": 31701.3523311615, "delta": 17.505855798721313}, "costs": {"total_cost": 183.64001715417484, "time_cost": 70.077, "final_distance_cost": 1.8282288821562778, "oscillation_cost": 25.90473801137338, "completition_cost": 0.0, "overshoot_cost": 50.224048772488736, "power_cost": 17.955333911132815, "noise_cost": 17.65066757702363, "n_waypoints_completed": 9, "tot_waypoints": 9}}
{"target": -183.70064920755323, "params": {"k_pid_pos": [1.0031316701085804, 0.024859491386256316, 0.40092638265648595], "k_pid_alt": [1.7297729984189598, 0.0, 0.06527723447865985], "k_pid_att": [37.12179941719916, 5.859554809351448, 0.666719676683535], "k_pid_yaw": [0.5, 1e-06, 0.1], "k_pid_hsp": [0.09847755819799779, 0.011264223901387349, 0.0], "k_pid_vsp": [264.9966777379314, 307.0029666248519, 21.011196465382298]}, "datetime": {"datetime": "2025-08-12 01:14:00", "elapsed": 31720.223925590515, "delta": 18.871594429016113}, "costs": {"total_cost": 183.70064920755323, "time_cost": 70.063, "final_distance_cost": 1.8269137125583466, "oscillation_cost": 25.990425061704375, "completition_cost": 0.0, "overshoot_cost": 50.38963089585039, "power_cost": 17.882403076171876, "noise_cost": 17.54827646126825, "n_waypoints_completed": 9, "tot_waypoints": 9}}
{"target": -183.8110225273971, "params": {"k_pid_pos": [1.0031316701085804, 0.024859491386256316, 0.40092638265648595], "k_pid_alt": [1.7297729984189598, 0.0, 0.06527723447865985], "k_pid_att": [24.0942673894178, 0.18205753750414305, 0.666719676683535], "k_pid_yaw": [0.5, 1e-06, 0.1], "k_pid_hsp": [0.09847755819799779, 0.011264223901387349, 0.0], "k_pid_vsp": [292.94687076665593, 307.0029666248519, 21.011196465382298]}, "datetime": {"datetime": "2025-08-12 01:14:18", "elapsed": 31738.314715385437, "delta": 18.090789794921875}, "costs": {"total_cost": 183.8110225273971, "time_cost": 70.07000000000001, "final_distance_cost": 1.8304748413350997, "oscillation_cost": 25.975194414413714, "completition_cost": 0.0, "overshoot_cost": 50.3368091434941, "power_cost": 17.946738708496095, "noise_cost": 17.651805419658114, "n_waypoints_completed": 9, "tot_waypoints": 9}}
{"target": -183.8110225273971, "params": {"k_pid_pos": [1.0031316701085804, 0.024859491386256316, 0.40092638265648595], "k_pid_alt": [1.7297729984189598, 0.0, 0.06527723447865985], "k_pid_att": [24.0942673894178, 0.18205753750414305, 0.666719676683535], "k_pid_yaw": [0.5, 1e-06, 0.1], "k_pid_hsp": [0.09847755819799779, 0.011264223901387349, 0.0], "k_pid_vsp": [292.94687076665593, 307.0029666248519, 21.011196465382298]}, "datetime": {"datetime": "2025-08-12 01:14:36", "elapsed": 31755.988872766495, "delta": 17.67415738105774}, "costs": {"total_cost": 183.8110225273971, "time_cost": 70.07000000000001, "final_distance_cost": 1.8304748413350997, "oscillation_cost": 25.975194414413714, "completition_cost": 0.0, "overshoot_cost": 50.3368091434941, "power_cost": 17.946738708496095, "noise_cost": 17.651805419658114, "n_waypoints_completed": 9, "tot_waypoints": 9}}
{"target": -1557.1537341570115, "params": {"k_pid_pos": [1.0031316701085804, 0.024859491386256316, 0.40092638265648595], "k_pid_alt": [1.7297729984189598, 0.0, 0.06527723447865985], "k_pid_att": [24.0942673894178, 3.013314939118704, 0.666719676683535], "k_pid_yaw": [0.5, 1e-06, 0.1], "k_pid_hsp": [0.09847755819799779, 0.011264223901387349, 0.9169413006688895], "k_pid_vsp": [292.94687076665593, 307.0029666248519, 21.011196465382298]}, "datetime": {"datetime": "2025-08-12 01:15:07", "elapsed": 31786.90961241722, "delta": 30.92073965072632}, "costs": {"total_cost": 1557.1537341570115, "time_cost": 150, "final_distance_cost": 57.15819315890848, "oscillation_cost": 535.7234253868918, "completition_cost": 666.6666666666667, "overshoot_cost": 86.92308714796349, "power_cost": 32.43856553955078, "noise_cost": 28.24379625703023, "n_waypoints_completed": 3, "tot_waypoints": 9}}
{"target": -184.63209493840958, "params": {"k_pid_pos": [1.0031316701085804, 0.024859491386256316, 0.483273595217213], "k_pid_alt": [1.7297729984189598, 0.0, 0.06527723447865985], "k_pid_att": [32.194164172814396, 5.859554809351448, 0.666719676683535], "k_pid_yaw": [0.5, 1e-06, 0.1], "k_pid_hsp": [0.09847755819799779, 0.011264223901387349, 0.0], "k_pid_vsp": [264.9966777379314, 307.0029666248519, 21.011196465382298]}, "datetime": {"datetime": "2025-08-12 01:15:26", "elapsed": 31805.642623901367, "delta": 18.733011484146118}, "costs": {"total_cost": 184.63209493840958, "time_cost": 70.427, "final_distance_cost": 1.839662942365433, "oscillation_cost": 25.836094106321035, "completition_cost": 0.0, "overshoot_cost": 50.5571171112733, "power_cost": 18.17666226806641, "noise_cost": 17.795558510383394, "n_waypoints_completed": 9, "tot_waypoints": 9}}
{"target": -186.34355669152026, "params": {"k_pid_pos": [1.0031316701085804, 0.024859491386256316, 0.40092638265648595], "k_pid_alt": [1.7297729984189598, 0.0, 0.6683949116493773], "k_pid_att": [83.24205936752172, 0.18205753750414305, 0.666719676683535], "k_pid_yaw": [0.5, 1e-06, 0.1], "k_pid_hsp": [0.09847755819799779, 0.011264223901387349, 0.0], "k_pid_vsp": [292.94687076665593, 307.0029666248519, 21.011196465382298]}, "datetime": {"datetime": "2025-08-12 01:15:43", "elapsed": 31823.330250024796, "delta": 17.687626123428345}, "costs": {"total_cost": 186.34355669152026, "time_cost": 70.882, "final_distance_cost": 1.8222749430114866, "oscillation_cost": 26.209949237575344, "completition_cost": 0.0, "overshoot_cost": 51.04882105994722, "power_cost": 18.428473815917968, "noise_cost": 17.952037635068262, "n_waypoints_completed": 9, "tot_waypoints": 9}}
{"target": -183.8110225273971, "params": {"k_pid_pos": [1.0031316701085804, 0.024859491386256316, 0.40092638265648595], "k_pid_alt": [1.7297729984189598, 0.0, 0.06527723447865985], "k_pid_att": [24.0942673894178, 0.18205753750414305, 0.666719676683535], "k_pid_yaw": [0.5, 1e-06, 0.1], "k_pid_hsp": [0.09847755819799779, 0.011264223901387349, 0.0], "k_pid_vsp": [292.94687076665593, 307.0029666248519, 21.011196465382298]}, "datetime": {"datetime": "2025-08-12 01:16:02", "elapsed": 31841.60999917984, "delta": 18.279749155044556}, "costs": {"total_cost": 183.8110225273971, "time_cost": 70.07000000000001, "final_distance_cost": 1.8304748413350997, "oscillation_cost": 25.975194414413714, "completition_cost": 0.0, "overshoot_cost": 50.3368091434941, "power_cost": 17.946738708496095, "noise_cost": 17.651805419658114, "n_waypoints_completed": 9, "tot_waypoints": 9}}
