{"target": -184.22705441250963, "params": {"k_pid_pos": [1.0031316701085804, 0.024859491386256316, 0.40092638265648595], "k_pid_alt": [1.7297729984189598, 0.0, 0.06527723447865985], "k_pid_att": [35.543488255586034, 0.18205753750414305, 0.666719676683535], "k_pid_yaw": [0.5, 1e-06, 0.1], "k_pid_hsp": [0.09847755819799779, 0.011264223901387349, 0.0], "k_pid_vsp": [292.94687076665593, 307.0029666248519, 21.011196465382298]}, "datetime": {"datetime": "2025-08-12 00:14:06", "elapsed": 28125.765194654465, "delta": 20.403729915618896}, "costs": {"total_cost": 184.22705441250963, "time_cost": 70.07000000000001, "final_distance_cost": 1.8240694226477505, "oscillation_cost": 25.892373516095322, "completition_cost": 0.0, "overshoot_cost": 50.69177241149392, "power_cost": 18.025069177246095, "noise_cost": 17.72376988502651, "n_waypoints_completed": 9, "tot_waypoints": 9}}
{"target": -189.28678410894386, "params": {"k_pid_pos": [1.0031316701085804, 0.15059658371056506, 0.5553847934559067], "k_pid_alt": [1.7297729984189598, 0.0, 0.06527723447865985], "k_pid_att": [24.0942673894178, 5.859554809351448, 0.666719676683535], "k_pid_yaw": [0.5, 1e-06, 0.1], "k_pid_hsp": [0.09847755819799779, 0.011264223901387349, 0.0], "k_pid_vsp": [264.9966777379314, 307.0029666248519, 21.011196465382298]}, "datetime": {"datetime": "2025-08-12 00:14:24", "elapsed": 28144.115114212036, "delta": 18.34991955757141}, "costs": {"total_cost": 189.28678410894386, "time_cost": 73.5, "final_distance_cost": 1.8258909497304987, "oscillation_cost": 25.792767720548888, "completition_cost": 0.0, "overshoot_cost": 50.763655475729614, "power_cost": 18.813235473632812, "noise_cost": 18.59123448930206, "n_waypoints_completed": 9, "tot_waypoints": 9}}
{"target": -195.4275517088692, "params": {"k_pid_pos": [1.0031316701085804, 0.024859491386256316, 0.9451257094832697], "k_pid_alt": [1.2679502233621702, 0.0, 0.06527723447865985], "k_pid_att": [29.46763110571006, 5.67849514865483, 0.8000710073097888], "k_pid_yaw": [0.5, 1e-06, 0.1], "k_pid_hsp": [0.09847755819799779, 0.011264223901387349, 0.0], "k_pid_vsp": [292.94687076665593, 59.083466427248936, 21.011196465382298]}, "datetime": {"datetime": "2025-08-12 00:14:43", "elapsed": 28163.264088392258, "delta": 19.148974180221558}, "costs": {"total_cost": 195.4275517088692, "time_cost": 76.517, "final_distance_cost": 1.8504276814355005, "oscillation_cost": 24.867598416408878, "completition_cost": 0.0, "overshoot_cost": 52.42693520429097, "power_cost": 19.60698121337891, "noise_cost": 20.15860919335495, "n_waypoints_completed": 9, "tot_waypoints": 9}}
{"target": -640.9175906296341, "params": {"k_pid_pos": [1.0303987325070019, 0.024859491386256316, 0.40092638265648595], "k_pid_alt": [1.7297729984189598, 0.0, 0.02574460601302908], "k_pid_att": [24.0942673894178, 0.18205753750414305, 0.666719676683535], "k_pid_yaw": [0.5, 1e-06, 0.1], "k_pid_hsp": [0.09847755819799779, 0.011264223901387349, 0.158932382533298], "k_pid_vsp": [55.290544575302604, 307.0029666248519, 23.947179864182857]}, "datetime": {"datetime": "2025-08-12 00:15:11", "elapsed": 28191.330748796463, "delta": 28.066660404205322}, "costs": {"total_cost": 640.9175906296341, "time_cost": 113.547, "final_distance_cost": 1.7418603745913708, "oscillation_cost": 394.98279872795746, "completition_cost": 0.0, "overshoot_cost": 70.25625852061914, "power_cost": 30.52523564453125, "noise_cost": 29.86443736193493, "n_waypoints_completed": 9, "tot_waypoints": 9}}
{"target": -184.06722391588755, "params": {"k_pid_pos": [1.0031316701085804, 0.024859491386256316, 0.40092638265648595], "k_pid_alt": [1.7297729984189598, 0.0, 0.06527723447865985], "k_pid_att": [24.0942673894178, 0.18205753750414305, 0.6718005340770477], "k_pid_yaw": [0.5, 1e-06, 0.1], "k_pid_hsp": [0.09847755819799779, 0.011264223901387349, 0.0], "k_pid_vsp": [292.94687076665593, 307.0029666248519, 21.011196465382298]}, "datetime": {"datetime": "2025-08-12 00:15:28", "elapsed": 28208.29821753502, "delta": 16.967468738555908}, "costs": {"total_cost": 184.06722391588755, "time_cost": 70.077, "final_distance_cost": 1.8229478494183595, "oscillation_cost": 26.01878377359421, "completition_cost": 0.0, "overshoot_cost": 50.3499986823618, "power_cost": 18.063105712890625, "noise_cost": 17.735387897622548, "n_waypoints_completed": 9, "tot_waypoints": 9}}
{"target": -185.35758676209775, "params": {"k_pid_pos": [1.0031316701085804, 0.024859491386256316, 0.40092638265648595], "k_pid_alt": [1.7297729984189598, 0.0, 0.23665804942399393], "k_pid_att": [24.0942673894178, 0.18205753750414305, 0.0607414183622893], "k_pid_yaw": [0.5, 1e-06, 0.1], "k_pid_hsp": [0.09847755819799779, 0.011264223901387349, 0.0], "k_pid_vsp": [292.94687076665593, 307.0029666248519, 21.011196465382298]}, "datetime": {"datetime": "2025-08-12 00:15:46", "elapsed": 28225.86540031433, "delta": 17.567182779312134}, "costs": {"total_cost": 185.35758676209775, "time_cost": 70.147, "final_distance_cost": 1.8159033414658705, "oscillation_cost": 27.110652410708717, "completition_cost": 0.0, "overshoot_cost": 50.7147780303155, "power_cost": 17.94324276123047, "noise_cost": 17.626010218377193, "n_waypoints_completed": 9, "tot_waypoints": 9}}
{"target": -460.7213916776583, "params": {"k_pid_pos": [1.0303987325070019, 0.024859491386256316, 0.40092638265648595], "k_pid_alt": [1.8467889235776584, 0.0, 0.6853371560380503], "k_pid_att": [81.50781704084231, 0.18205753750414305, 0.7742097595242466], "k_pid_yaw": [0.5, 1e-06, 0.1], "k_pid_hsp": [0.09847755819799779, 0.8491439406138563, 0.33433135258726887], "k_pid_vsp": [292.94687076665593, 307.0029666248519, 21.011196465382298]}, "datetime": {"datetime": "2025-08-12 00:16:09", "elapsed": 28249.14983510971, "delta": 23.28443479537964}, "costs": {"total_cost": 460.7213916776583, "time_cost": 95.72500000000001, "final_distance_cost": 1.7034639311108233, "oscillation_cost": 233.89269171979893, "completition_cost": 0.0, "overshoot_cost": 75.70871737419061, "power_cost": 29.108659716796875, "noise_cost": 24.582858935761042, "n_waypoints_completed": 9, "tot_waypoints": 9}}
{"target": -195.0038388983818, "params": {"k_pid_pos": [1.0031316701085804, 0.024859491386256316, 0.9451257094832697], "k_pid_alt": [1.2679502233621702, 0.0, 0.06527723447865985], "k_pid_att": [29.46763110571006, 0.18205753750414305, 0.8000710073097888], "k_pid_yaw": [0.5, 1e-06, 0.1], "k_pid_hsp": [0.09847755819799779, 0.011264223901387349, 0.0], "k_pid_vsp": [292.94687076665593, 59.083466427248936, 21.011196465382298]}, "datetime": {"datetime": "2025-08-12 00:16:29", "elapsed": 28269.00300359726, "delta": 19.853168487548828}, "costs": {"total_cost": 195.0038388983818, "time_cost": 76.615, "final_distance_cost": 1.8531827488577202, "oscillation_cost": 24.67582285910289, "completition_cost": 0.0, "overshoot_cost": 52.30371822591847, "power_cost": 19.524696435546876, "noise_cost": 20.03141862895584, "n_waypoints_completed": 9, "tot_waypoints": 9}}
{"target": -183.82532284398832, "params": {"k_pid_pos": [1.0031316701085804, 0.024859491386256316, 0.40092638265648595], "k_pid_alt": [1.7297729984189598, 0.0, 0.06527723447865985], "k_pid_att": [24.0942673894178, 0.18205753750414305, 0.8000710073097888], "k_pid_yaw": [0.5, 1e-06, 0.1], "k_pid_hsp": [0.09847755819799779, 0.011264223901387349, 0.0], "k_pid_vsp": [292.94687076665593, 307.0029666248519, 21.011196465382298]}, "datetime": {"datetime": "2025-08-12 00:16:47", "elapsed": 28286.878066301346, "delta": 17.875062704086304}, "costs": {"total_cost": 183.82532284398832, "time_cost": 70.09100000000001, "final_distance_cost": 1.8231009473933748, "oscillation_cost": 25.965542331507148, "completition_cost": 0.0, "overshoot_cost": 50.43411641111121, "power_cost": 17.877806713867187, "noise_cost": 17.633756440109373, "n_waypoints_completed": 9, "tot_waypoints": 9}}
{"target": -183.82532284398832, "params": {"k_pid_pos": [1.0031316701085804, 0.024859491386256316, 0.40092638265648595], "k_pid_alt": [1.7297729984189598, 0.0, 0.06527723447865985], "k_pid_att": [24.0942673894178, 0.18205753750414305, 0.8000710073097888], "k_pid_yaw": [0.5, 1e-06, 0.1], "k_pid_hsp": [0.09847755819799779, 0.011264223901387349, 0.0], "k_pid_vsp": [292.94687076665593, 307.0029666248519, 21.011196465382298]}, "datetime": {"datetime": "2025-08-12 00:17:04", "elapsed": 28303.88409972191, "delta": 17.006033420562744}, "costs": {"total_cost": 183.82532284398832, "time_cost": 70.09100000000001, "final_distance_cost": 1.8231009473933748, "oscillation_cost": 25.965542331507148, "completition_cost": 0.0, "overshoot_cost": 50.43411641111121, "power_cost": 17.877806713867187, "noise_cost": 17.633756440109373, "n_waypoints_completed": 9, "tot_waypoints": 9}}
{"target": -192.97659954514694, "params": {"k_pid_pos": [1.0031316701085804, 0.024859491386256316, 0.40092638265648595], "k_pid_alt": [1.7297729984189598, 0.7984273847917338, 0.06527723447865985], "k_pid_att": [24.0942673894178, 5.859554809351448, 0.31810659681476605], "k_pid_yaw": [0.5, 1e-06, 0.1], "k_pid_hsp": [0.09847755819799779, 0.011264223901387349, 0.0], "k_pid_vsp": [264.9966777379314, 307.0029666248519, 21.011196465382298]}, "datetime": {"datetime": "2025-08-12 00:17:24", "elapsed": 28323.442029953003, "delta": 19.55793023109436}, "costs": {"total_cost": 192.97659954514694, "time_cost": 75.138, "final_distance_cost": 1.8055532211149226, "oscillation_cost": 27.46284893143703, "completition_cost": 0.0, "overshoot_cost": 51.76318322555, "power_cost": 18.839311169433596, "noise_cost": 17.96770299761142, "n_waypoints_completed": 9, "tot_waypoints": 9}}
{"target": -187.9614548810336, "params": {"k_pid_pos": [1.0031316701085804, 0.024859491386256316, 0.40092638265648595], "k_pid_alt": [0.9311547609957027, 0.0, 0.292395508677496], "k_pid_att": [24.0942673894178, 0.18205753750414305, 0.666719676683535], "k_pid_yaw": [0.5, 1e-06, 0.1], "k_pid_hsp": [0.09847755819799779, 0.011264223901387349, 0.0], "k_pid_vsp": [292.94687076665593, 307.0029666248519, 21.011196465382298]}, "datetime": {"datetime": "2025-08-12 00:17:42", "elapsed": 28341.658588409424, "delta": 18.2165584564209}, "costs": {"total_cost": 187.9614548810336, "time_cost": 72.562, "final_distance_cost": 1.8370577551756653, "oscillation_cost": 26.107613022286593, "completition_cost": 0.0, "overshoot_cost": 51.05395083578296, "power_cost": 18.55572574462891, "noise_cost": 17.845107523159456, "n_waypoints_completed": 9, "tot_waypoints": 9}}
{"target": -185.33574421448563, "params": {"k_pid_pos": [1.0031316701085804, 0.024859491386256316, 0.40092638265648595], "k_pid_alt": [1.7297729984189598, 0.0, 0.5352314762690444], "k_pid_att": [24.0942673894178, 0.18205753750414305, 0.666719676683535], "k_pid_yaw": [0.5, 1e-06, 0.1], "k_pid_hsp": [0.09847755819799779, 0.011264223901387349, 0.0], "k_pid_vsp": [292.94687076665593, 94.28610281764664, 21.011196465382298]}, "datetime": {"datetime": "2025-08-12 00:18:00", "elapsed": 28360.15190076828, "delta": 18.4933123588562}, "costs": {"total_cost": 185.33574421448563, "time_cost": 70.84700000000001, "final_distance_cost": 1.828559715186189, "oscillation_cost": 25.751687301665157, "completition_cost": 0.0, "overshoot_cost": 50.955586848483435, "power_cost": 17.98629953613281, "noise_cost": 17.966610813018047, "n_waypoints_completed": 9, "tot_waypoints": 9}}
{"target": -184.72725155710725, "params": {"k_pid_pos": [1.0031316701085804, 0.024859491386256316, 0.40092638265648595], "k_pid_alt": [1.7297729984189598, 0.0, 0.06527723447865985], "k_pid_att": [24.0942673894178, 5.859554809351448, 0.666719676683535], "k_pid_yaw": [0.5, 1e-06, 0.1], "k_pid_hsp": [0.09847755819799779, 0.011264223901387349, 0.0], "k_pid_vsp": [264.9966777379314, 307.0029666248519, 13.269141705997619]}, "datetime": {"datetime": "2025-08-12 00:18:18", "elapsed": 28377.879837989807, "delta": 17.7279372215271}, "costs": {"total_cost": 184.72725155710725, "time_cost": 70.0, "final_distance_cost": 1.832396987239945, "oscillation_cost": 26.29778327133483, "completition_cost": 0.0, "overshoot_cost": 50.889832006236595, "power_cost": 17.93864167480469, "noise_cost": 17.768597617491203, "n_waypoints_completed": 9, "tot_waypoints": 9}}
{"target": -187.43096730016254, "params": {"k_pid_pos": [1.0031316701085804, 0.024859491386256316, 0.40092638265648595], "k_pid_alt": [1.7297729984189598, 0.0, 0.06527723447865985], "k_pid_att": [28.281900831094653, 5.859554809351448, 0.666719676683535], "k_pid_yaw": [0.5, 1e-06, 0.1], "k_pid_hsp": [0.09847755819799779, 0.011264223901387349, 0.0], "k_pid_vsp": [29.726899196260923, 362.15748629354863, 21.011196465382298]}, "datetime": {"datetime": "2025-08-12 00:18:37", "elapsed": 28396.858766555786, "delta": 18.978928565979004}, "costs": {"total_cost": 187.43096730016254, "time_cost": 70.532, "final_distance_cost": 1.820423465146103, "oscillation_cost": 29.023561635414374, "completition_cost": 0.0, "overshoot_cost": 50.81096048048687, "power_cost": 18.38541862792969, "noise_cost": 16.858603091185508, "n_waypoints_completed": 9, "tot_waypoints": 9}}
{"target": -1143.76826669945, "params": {"k_pid_pos": [1.0031316701085804, 0.8175948644785515, 0.40092638265648595], "k_pid_alt": [1.7297729984189598, 0.0, 0.06527723447865985], "k_pid_att": [24.0942673894178, 0.18205753750414305, 0.666719676683535], "k_pid_yaw": [0.5, 1e-06, 0.1], "k_pid_hsp": [0.09847755819799779, 0.7779309970918005, 0.0], "k_pid_vsp": [292.94687076665593, 307.0029666248519, 21.011196465382298]}, "datetime": {"datetime": "2025-08-12 00:19:07", "elapsed": 28426.975854873657, "delta": 30.117088317871094}, "costs": {"total_cost": 1143.76826669945, "time_cost": 150, "final_distance_cost": 68.84614110265126, "oscillation_cost": 114.35644559574041, "completition_cost": 666.6666666666667, "overshoot_cost": 74.5650613955327, "power_cost": 35.37379748535157, "noise_cost": 33.960154453507045, "n_waypoints_completed": 3, "tot_waypoints": 9}}
{"target": -986.3378431846097, "params": {"k_pid_pos": [1.0031316701085804, 0.024859491386256316, 0.40092638265648595], "k_pid_alt": [0.08287277088409217, 0.0, 0.06527723447865985], "k_pid_att": [24.0942673894178, 0.18205753750414305, 0.9242347693904343], "k_pid_yaw": [0.5, 1e-06, 0.1], "k_pid_hsp": [0.09847755819799779, 0.011264223901387349, 0.0], "k_pid_vsp": [292.94687076665593, 307.0029666248519, 21.011196465382298]}, "datetime": {"datetime": "2025-08-12 00:19:39", "elapsed": 28458.63716316223, "delta": 31.66130828857422}, "costs": {"total_cost": 986.3378431846097, "time_cost": 150, "final_distance_cost": 53.554381986989476, "oscillation_cost": 10.717548481444268, "completition_cost": 666.6666666666667, "overshoot_cost": 48.591537649691354, "power_cost": 29.75117274169922, "noise_cost": 27.056535658118698, "n_waypoints_completed": 3, "tot_waypoints": 9}}
{"target": -183.8110225273971, "params": {"k_pid_pos": [1.0031316701085804, 0.024859491386256316, 0.40092638265648595], "k_pid_alt": [1.7297729984189598, 0.0, 0.06527723447865985], "k_pid_att": [24.0942673894178, 0.18205753750414305, 0.666719676683535], "k_pid_yaw": [0.5, 1e-06, 0.1], "k_pid_hsp": [0.09847755819799779, 0.011264223901387349, 0.0], "k_pid_vsp": [292.94687076665593, 307.0029666248519, 21.011196465382298]}, "datetime": {"datetime": "2025-08-12 00:19:56", "elapsed": 28476.303007364273, "delta": 17.665844202041626}, "costs": {"total_cost": 183.8110225273971, "time_cost": 70.07000000000001, "final_distance_cost": 1.8304748413350997, "oscillation_cost": 25.975194414413714, "completition_cost": 0.0, "overshoot_cost": 50.3368091434941, "power_cost": 17.946738708496095, "noise_cost": 17.651805419658114, "n_waypoints_completed": 9, "tot_waypoints": 9}}
{"target": -183.8110225273971, "params": {"k_pid_pos": [1.0031316701085804, 0.024859491386256316, 0.40092638265648595], "k_pid_alt": [1.7297729984189598, 0.0, 0.06527723447865985], "k_pid_att": [24.0942673894178, 0.18205753750414305, 0.666719676683535], "k_pid_yaw": [0.5, 1e-06, 0.1], "k_pid_hsp": [0.09847755819799779, 0.011264223901387349, 0.0], "k_pid_vsp": [292.94687076665593, 307.0029666248519, 21.011196465382298]}, "datetime": {"datetime": "2025-08-12 00:20:15", "elapsed": 28494.697229862213, "delta": 18.394222497940063}, "costs": {"total_cost": 183.8110225273971, "time_cost": 70.07000000000001, "final_distance_cost": 1.8304748413350997, "oscillation_cost": 25.975194414413714, "completition_cost": 0.0, "overshoot_cost": 50.3368091434941, "power_cost": 17.946738708496095, "noise_cost": 17.651805419658114, "n_waypoints_completed": 9, "tot_waypoints": 9}}
{"target": -183.8110225273971, "params": {"k_pid_pos": [1.0031316701085804, 0.024859491386256316, 0.40092638265648595], "k_pid_alt": [1.7297729984189598, 0.0, 0.06527723447865985], "k_pid_att": [24.0942673894178, 0.18205753750414305, 0.666719676683535], "k_pid_yaw": [0.5, 1e-06, 0.1], "k_pid_hsp": [0.09847755819799779, 0.011264223901387349, 0.0], "k_pid_vsp": [292.94687076665593, 307.0029666248519, 21.011196465382298]}, "datetime": {"datetime": "2025-08-12 00:20:33", "elapsed": 28512.637276411057, "delta": 17.940046548843384}, "costs": {"total_cost": 183.8110225273971, "time_cost": 70.07000000000001, "final_distance_cost": 1.8304748413350997, "oscillation_cost": 25.975194414413714, "completition_cost": 0.0, "overshoot_cost": 50.3368091434941, "power_cost": 17.946738708496095, "noise_cost": 17.651805419658114, "n_waypoints_completed": 9, "tot_waypoints": 9}}
{"target": -183.81511699733215, "params": {"k_pid_pos": [1.0031316701085804, 0.024859491386256316, 0.40092638265648595], "k_pid_alt": [1.7297729984189598, 0.0, 0.06527723447865985], "k_pid_att": [33.06901212709937, 0.18205753750414305, 0.666719676683535], "k_pid_yaw": [0.5, 1e-06, 0.1], "k_pid_hsp": [0.09847755819799779, 0.011264223901387349, 0.0], "k_pid_vsp": [292.94687076665593, 307.0029666248519, 21.011196465382298]}, "datetime": {"datetime": "2025-08-12 00:20:50", "elapsed": 28529.723215579987, "delta": 17.085939168930054}, "costs": {"total_cost": 183.81511699733215, "time_cost": 70.077, "final_distance_cost": 1.8375047734204875, "oscillation_cost": 25.931956239828246, "completition_cost": 0.0, "overshoot_cost": 50.39627891591463, "power_cost": 17.943798339843752, "noise_cost": 17.628578728325056, "n_waypoints_completed": 9, "tot_waypoints": 9}}
{"target": -186.54665269266388, "params": {"k_pid_pos": [1.0031316701085804, 0.024859491386256316, 0.10532024692005881], "k_pid_alt": [1.7297729984189598, 0.0, 0.06527723447865985], "k_pid_att": [24.0942673894178, 0.18205753750414305, 0.666719676683535], "k_pid_yaw": [0.5, 1e-06, 0.1], "k_pid_hsp": [0.09847755819799779, 0.011264223901387349, 0.0], "k_pid_vsp": [292.94687076665593, 307.0029666248519, 21.011196465382298]}, "datetime": {"datetime": "2025-08-12 00:21:09", "elapsed": 28548.74185705185, "delta": 19.018641471862793}, "costs": {"total_cost": 186.54665269266388, "time_cost": 70.525, "final_distance_cost": 1.7975150643815971, "oscillation_cost": 27.80653703034046, "completition_cost": 0.0, "overshoot_cost": 50.573359395777615, "power_cost": 18.178051501464843, "noise_cost": 17.666189700699366, "n_waypoints_completed": 9, "tot_waypoints": 9}}
{"target": -202.2748767688167, "params": {"k_pid_pos": [1.0031316701085804, 0.024859491386256316, 0.9818093895928307], "k_pid_alt": [1.2679502233621702, 0.0, 0.06527723447865985], "k_pid_att": [29.46763110571006, 0.18205753750414305, 0.8000710073097888], "k_pid_yaw": [0.5, 1e-06, 0.1], "k_pid_hsp": [0.09847755819799779, 0.036551335399587326, 0.0], "k_pid_vsp": [292.94687076665593, 59.083466427248936, 21.011196465382298]}, "datetime": {"datetime": "2025-08-12 00:21:29", "elapsed": 28568.736859083176, "delta": 19.995002031326294}, "costs": {"total_cost": 202.2748767688167, "time_cost": 79.618, "final_distance_cost": 1.8565604766427581, "oscillation_cost": 27.543921868049743, "completition_cost": 0.0, "overshoot_cost": 51.60056666462046, "power_cost": 20.272651306152344, "noise_cost": 21.383176453351403, "n_waypoints_completed": 9, "tot_waypoints": 9}}
{"target": -183.98854165580119, "params": {"k_pid_pos": [1.0031316701085804, 0.024859491386256316, 0.40092638265648595], "k_pid_alt": [1.7297729984189598, 0.0, 0.06527723447865985], "k_pid_att": [24.0942673894178, 0.18205753750414305, 0.11689683853528843], "k_pid_yaw": [0.5, 1e-06, 0.1], "k_pid_hsp": [0.09847755819799779, 0.011264223901387349, 0.0], "k_pid_vsp": [387.1470188825909, 307.0029666248519, 21.011196465382298]}, "datetime": {"datetime": "2025-08-12 00:21:47", "elapsed": 28586.97967195511, "delta": 18.242812871932983}, "costs": {"total_cost": 183.98854165580119, "time_cost": 70.07000000000001, "final_distance_cost": 1.8398426679991235, "oscillation_cost": 26.044870132443297, "completition_cost": 0.0, "overshoot_cost": 50.36289141633031, "power_cost": 17.95382744140625, "noise_cost": 17.717109997622195, "n_waypoints_completed": 9, "tot_waypoints": 9}}
{"target": -581.7141928915163, "params": {"k_pid_pos": [1.0031316701085804, 0.024859491386256316, 0.40092638265648595], "k_pid_alt": [1.8467889235776584, 0.0, 0.6853371560380503], "k_pid_att": [81.50781704084231, 0.18205753750414305, 0.6249488241409268], "k_pid_yaw": [0.5, 1e-06, 0.1], "k_pid_hsp": [0.09847755819799779, 0.8491439406138563, 0.33433135258726887], "k_pid_vsp": [292.94687076665593, 307.0029666248519, 21.011196465382298]}, "datetime": {"datetime": "2025-08-12 00:22:12", "elapsed": 28611.752284049988, "delta": 24.77261209487915}, "costs": {"total_cost": 581.7141928915163, "time_cost": 97.902, "final_distance_cost": 1.7034696048156546, "oscillation_cost": 357.951356593253, "completition_cost": 0.0, "overshoot_cost": 67.16795097022458, "power_cost": 29.747440148925783, "noise_cost": 27.24197557429722, "n_waypoints_completed": 9, "tot_waypoints": 9}}
