{"target": -184.00275792610162, "params": {"k_pid_pos": [1.0031316701085804, 0.024859491386256316, 0.40092638265648595], "k_pid_alt": [1.7297729984189598, 0.0, 0.06527723447865985], "k_pid_att": [25.463483275157817, 1.4953935029224072, 0.666719676683535], "k_pid_yaw": [0.5, 1e-06, 0.1], "k_pid_hsp": [0.09847755819799779, 0.011264223901387349, 0.0], "k_pid_vsp": [93.65012360586942, 304.1795245652576, 2.77343605205192]}, "datetime": {"datetime": "2025-08-12 04:26:18", "elapsed": 43257.8416326046, "delta": 17.887236833572388}, "costs": {"total_cost": 184.00275792610162, "time_cost": 69.937, "final_distance_cost": 1.8384022918454745, "oscillation_cost": 26.557473010861685, "completition_cost": 0.0, "overshoot_cost": 50.601273200079085, "power_cost": 14.438766076660157, "noise_cost": 20.62984334665523, "n_waypoints_completed": 9, "tot_waypoints": 9}}
{"target": -183.61348427819098, "params": {"k_pid_pos": [1.0031316701085804, 0.024859491386256316, 0.40092638265648595], "k_pid_alt": [1.7297729984189598, 0.0, 0.06527723447865985], "k_pid_att": [37.12179941719916, 1.9360914828558924, 0.666719676683535], "k_pid_yaw": [0.5, 1e-06, 0.1], "k_pid_hsp": [0.09847755819799779, 0.011264223901387349, 0.0], "k_pid_vsp": [264.9966777379314, 304.1795245652576, 2.77343605205192]}, "datetime": {"datetime": "2025-08-12 04:26:36", "elapsed": 43275.89446735382, "delta": 18.0528347492218}, "costs": {"total_cost": 183.61348427819098, "time_cost": 70.014, "final_distance_cost": 1.820635228681869, "oscillation_cost": 25.96215794761988, "completition_cost": 0.0, "overshoot_cost": 50.78070009323431, "power_cost": 14.185070141601564, "noise_cost": 20.850920867053368, "n_waypoints_completed": 9, "tot_waypoints": 9}}
{"target": -934.3468417218991, "params": {"k_pid_pos": [0.7083050082071586, 0.024859491386256316, 0.40092638265648595], "k_pid_alt": [1.7297729984189598, 0.0, 0.06527723447865985], "k_pid_att": [25.463483275157817, 5.859554809351448, 0.666719676683535], "k_pid_yaw": [0.5, 1e-06, 0.1], "k_pid_hsp": [0.09847755819799779, 0.8779941376805641, 0.0], "k_pid_vsp": [131.157380286128, 140.03862743104432, 2.77343605205192]}, "datetime": {"datetime": "2025-08-12 04:27:07", "elapsed": 43307.003281354904, "delta": 31.108814001083374}, "costs": {"total_cost": 934.3468417218991, "time_cost": 150, "final_distance_cost": 53.72218101267719, "oscillation_cost": 146.69351933280714, "completition_cost": 444.4444444444444, "overshoot_cost": 70.94849373898059, "power_cost": 33.41677493896484, "noise_cost": 35.12142825402495, "n_waypoints_completed": 5, "tot_waypoints": 9}}
{"target": -199.0246377947494, "params": {"k_pid_pos": [1.0031316701085804, 0.024859491386256316, 0.40092638265648595], "k_pid_alt": [1.9160597436741602, 0.08884544487158552, 0.07444874772262577], "k_pid_att": [54.227890723214855, 5.859554809351448, 0.9723406442673668], "k_pid_yaw": [0.5, 1e-06, 0.1], "k_pid_hsp": [0.09847755819799779, 0.011264223901387349, 0.0], "k_pid_vsp": [264.9966777379314, 304.1795245652576, 2.77343605205192]}, "datetime": {"datetime": "2025-08-12 04:27:27", "elapsed": 43326.47047138214, "delta": 19.46719002723694}, "costs": {"total_cost": 199.0246377947494, "time_cost": 80.892, "final_distance_cost": 1.8180514536599832, "oscillation_cost": 26.258870327256425, "completition_cost": 0.0, "overshoot_cost": 51.250351213673355, "power_cost": 15.7668921875, "noise_cost": 23.038472612659625, "n_waypoints_completed": 9, "tot_waypoints": 9}}
{"target": -248.45665770617487, "params": {"k_pid_pos": [1.0031316701085804, 0.024859491386256316, 0.40092638265648595], "k_pid_alt": [1.9160597436741602, 0.9635827266688368, 0.07444874772262577], "k_pid_att": [54.227890723214855, 5.859554809351448, 0.45703935313105737], "k_pid_yaw": [0.5, 1e-06, 0.1], "k_pid_hsp": [1.6091290401443616, 0.17468130283637484, 0.0], "k_pid_vsp": [264.9966777379314, 225.6587008239998, 134.18887080171567]}, "datetime": {"datetime": "2025-08-12 04:27:54", "elapsed": 43354.06970858574, "delta": 27.599237203598022}, "costs": {"total_cost": 248.45665770617487, "time_cost": 101.122, "final_distance_cost": 1.7393371725754563, "oscillation_cost": 36.678244938092575, "completition_cost": 0.0, "overshoot_cost": 60.21181704075235, "power_cost": 25.581742309570313, "noise_cost": 23.123516245184174, "n_waypoints_completed": 9, "tot_waypoints": 9}}
{"target": -184.30584510781122, "params": {"k_pid_pos": [1.0031316701085804, 0.024859491386256316, 0.40092638265648595], "k_pid_alt": [1.7297729984189598, 0.0, 0.06527723447865985], "k_pid_att": [25.463483275157817, 5.859554809351448, 0.2962482180956587], "k_pid_yaw": [0.5, 1e-06, 0.1], "k_pid_hsp": [0.09847755819799779, 0.011264223901387349, 0.0], "k_pid_vsp": [131.157380286128, 140.03862743104432, 2.77343605205192]}, "datetime": {"datetime": "2025-08-12 04:28:13", "elapsed": 43372.7810857296, "delta": 18.711377143859863}, "costs": {"total_cost": 184.30584510781122, "time_cost": 70.028, "final_distance_cost": 1.8332442932318176, "oscillation_cost": 26.19888086464447, "completition_cost": 0.0, "overshoot_cost": 51.113812416485736, "power_cost": 14.229620056152344, "noise_cost": 20.902287477296863, "n_waypoints_completed": 9, "tot_waypoints": 9}}
{"target": -1949.083127218161, "params": {"k_pid_pos": [1.0031316701085804, 0.19072503388851436, 0.31521214959827404], "k_pid_alt": [1.7297729984189598, 0.0, 0.9944952565853343], "k_pid_att": [91.95156147363284, 8.592990512376142, 0.3459985420547941], "k_pid_yaw": [0.5, 1e-06, 0.1], "k_pid_hsp": [0.09847755819799779, 0.011264223901387349, 0.12039728513740589], "k_pid_vsp": [371.8706581382205, 304.1795245652576, 2.77343605205192]}, "datetime": {"datetime": "2025-08-12 04:28:43", "elapsed": 43403.22604775429, "delta": 30.44496202468872}, "costs": {"total_cost": 1949.083127218161, "time_cost": 150, "final_distance_cost": 88.98828850747121, "oscillation_cost": 818.8474714619176, "completition_cost": 666.6666666666667, "overshoot_cost": 160.9003865122464, "power_cost": 34.385169201660155, "noise_cost": 29.295144868199078, "n_waypoints_completed": 3, "tot_waypoints": 9}}
{"target": -183.29173873452203, "params": {"k_pid_pos": [1.0031316701085804, 0.024859491386256316, 0.40092638265648595], "k_pid_alt": [1.7297729984189598, 0.0, 0.06527723447865985], "k_pid_att": [25.463483275157817, 5.859554809351448, 0.666719676683535], "k_pid_yaw": [0.5, 1e-06, 0.1], "k_pid_hsp": [0.09847755819799779, 0.011264223901387349, 0.0], "k_pid_vsp": [264.9966777379314, 304.1795245652576, 2.77343605205192]}, "datetime": {"datetime": "2025-08-12 04:29:01", "elapsed": 43420.93478798866, "delta": 17.708740234375}, "costs": {"total_cost": 183.29173873452203, "time_cost": 69.958, "final_distance_cost": 1.827688998091301, "oscillation_cost": 26.089405561688785, "completition_cost": 0.0, "overshoot_cost": 50.5115138962055, "power_cost": 14.168877612304689, "noise_cost": 20.73625266623174, "n_waypoints_completed": 9, "tot_waypoints": 9}}
{"target": -183.29173873452203, "params": {"k_pid_pos": [1.0031316701085804, 0.024859491386256316, 0.40092638265648595], "k_pid_alt": [1.7297729984189598, 0.0, 0.06527723447865985], "k_pid_att": [25.463483275157817, 5.859554809351448, 0.666719676683535], "k_pid_yaw": [0.5, 1e-06, 0.1], "k_pid_hsp": [0.09847755819799779, 0.011264223901387349, 0.0], "k_pid_vsp": [264.9966777379314, 304.1795245652576, 2.77343605205192]}, "datetime": {"datetime": "2025-08-12 04:29:19", "elapsed": 43438.81815958023, "delta": 17.883371591567993}, "costs": {"total_cost": 183.29173873452203, "time_cost": 69.958, "final_distance_cost": 1.827688998091301, "oscillation_cost": 26.089405561688785, "completition_cost": 0.0, "overshoot_cost": 50.5115138962055, "power_cost": 14.168877612304689, "noise_cost": 20.73625266623174, "n_waypoints_completed": 9, "tot_waypoints": 9}}
{"target": -183.29173873452203, "params": {"k_pid_pos": [1.0031316701085804, 0.024859491386256316, 0.40092638265648595], "k_pid_alt": [1.7297729984189598, 0.0, 0.06527723447865985], "k_pid_att": [25.463483275157817, 5.859554809351448, 0.666719676683535], "k_pid_yaw": [0.5, 1e-06, 0.1], "k_pid_hsp": [0.09847755819799779, 0.011264223901387349, 0.0], "k_pid_vsp": [264.9966777379314, 304.1795245652576, 2.77343605205192]}, "datetime": {"datetime": "2025-08-12 04:29:36", "elapsed": 43456.3556125164, "delta": 17.537452936172485}, "costs": {"total_cost": 183.29173873452203, "time_cost": 69.958, "final_distance_cost": 1.827688998091301, "oscillation_cost": 26.089405561688785, "completition_cost": 0.0, "overshoot_cost": 50.5115138962055, "power_cost": 14.168877612304689, "noise_cost": 20.73625266623174, "n_waypoints_completed": 9, "tot_waypoints": 9}}
{"target": -1423.425567160458, "params": {"k_pid_pos": [1.0031316701085804, 0.024859491386256316, 0.40092638265648595], "k_pid_alt": [0.04190156986326121, 0.0, 0.06527723447865985], "k_pid_att": [25.463483275157817, 7.389614396826664, 0.666719676683535], "k_pid_yaw": [0.5, 1e-06, 0.1], "k_pid_hsp": [9.301600313748095, 0.9469081572723697, 0.0], "k_pid_vsp": [225.4439801313338, 304.1795245652576, 267.13097058534004]}, "datetime": {"datetime": "2025-08-12 04:30:07", "elapsed": 43487.26493763924, "delta": 30.909325122833252}, "costs": {"total_cost": 1423.425567160458, "time_cost": 150, "final_distance_cost": 0.9943215905076767, "oscillation_cost": 35.92944201510058, "completition_cost": 1000.0, "overshoot_cost": 135.12089731807777, "power_cost": 29.308708361816407, "noise_cost": 72.07219787495569, "n_waypoints_completed": 0, "tot_waypoints": 9}}
{"target": -1461.3284728179644, "params": {"k_pid_pos": [1.0031316701085804, 0.024859491386256316, 0.40092638265648595], "k_pid_alt": [1.7297729984189598, 0.0, 0.06527723447865985], "k_pid_att": [25.463483275157817, 1.4953935029224072, 0.666719676683535], "k_pid_yaw": [0.5, 1e-06, 0.1], "k_pid_hsp": [0.09847755819799779, 0.011264223901387349, 0.0], "k_pid_vsp": [93.65012360586942, 304.1795245652576, 350.1616155025813]}, "datetime": {"datetime": "2025-08-12 04:30:38", "elapsed": 43517.98316574097, "delta": 30.718228101730347}, "costs": {"total_cost": 1461.3284728179644, "time_cost": 150, "final_distance_cost": 0.9998890575390531, "oscillation_cost": 3.328740136081898, "completition_cost": 1000.0, "overshoot_cost": 163.0619313589181, "power_cost": 29.2859599609375, "noise_cost": 114.65195230448752, "n_waypoints_completed": 0, "tot_waypoints": 9}}
{"target": -183.34136551971997, "params": {"k_pid_pos": [1.0031316701085804, 0.024859491386256316, 0.42495672118777295], "k_pid_alt": [1.85112020821355, 0.0, 0.06527723447865985], "k_pid_att": [50.43782855084127, 7.335409208074745, 0.666719676683535], "k_pid_yaw": [0.5, 1e-06, 0.1], "k_pid_hsp": [0.09847755819799779, 0.011264223901387349, 0.0], "k_pid_vsp": [264.9966777379314, 304.1795245652576, 2.77343605205192]}, "datetime": {"datetime": "2025-08-12 04:30:55", "elapsed": 43535.074208021164, "delta": 17.091042280197144}, "costs": {"total_cost": 183.34136551971997, "time_cost": 70.112, "final_distance_cost": 1.821096801032547, "oscillation_cost": 25.806900649187398, "completition_cost": 0.0, "overshoot_cost": 50.51576306799121, "power_cost": 14.25866318359375, "noise_cost": 20.82694181791508, "n_waypoints_completed": 9, "tot_waypoints": 9}}
{"target": -183.9019824113801, "params": {"k_pid_pos": [1.0031316701085804, 0.024859491386256316, 0.40092638265648595], "k_pid_alt": [1.7297729984189598, 0.0, 0.06527723447865985], "k_pid_att": [50.917657588734414, 7.347914484943822, 0.666719676683535], "k_pid_yaw": [0.5, 1e-06, 0.1], "k_pid_hsp": [0.09847755819799779, 0.011264223901387349, 0.0], "k_pid_vsp": [264.9966777379314, 304.1795245652576, 2.77343605205192]}, "datetime": {"datetime": "2025-08-12 04:31:15", "elapsed": 43555.25067591667, "delta": 20.176467895507812}, "costs": {"total_cost": 183.9019824113801, "time_cost": 70.028, "final_distance_cost": 1.8160304996602257, "oscillation_cost": 26.190267513545514, "completition_cost": 0.0, "overshoot_cost": 50.8023293089633, "power_cost": 14.208168847656252, "noise_cost": 20.857186241554793, "n_waypoints_completed": 9, "tot_waypoints": 9}}
{"target": -207.22772277179115, "params": {"k_pid_pos": [1.0031316701085804, 0.024859491386256316, 0.32288918687658763], "k_pid_alt": [1.7297729984189598, 0.0, 0.06527723447865985], "k_pid_att": [25.06356558820614, 6.9624546689898885, 0.666719676683535], "k_pid_yaw": [0.5, 1e-06, 0.1], "k_pid_hsp": [0.09847755819799779, 0.011264223901387349, 0.0], "k_pid_vsp": [264.9966777379314, 304.1795245652576, 143.13937285520035]}, "datetime": {"datetime": "2025-08-12 04:31:36", "elapsed": 43575.47522187233, "delta": 20.22454595565796}, "costs": {"total_cost": 207.22772277179115, "time_cost": 80.647, "final_distance_cost": 1.826200962914978, "oscillation_cost": 26.222694602183708, "completition_cost": 0.0, "overshoot_cost": 56.74299696592704, "power_cost": 20.82414400634766, "noise_cost": 20.96468623441774, "n_waypoints_completed": 9, "tot_waypoints": 9}}
{"target": -183.51747726718256, "params": {"k_pid_pos": [1.0031316701085804, 0.024859491386256316, 0.42495672118777295], "k_pid_alt": [1.85112020821355, 0.0, 0.06527723447865985], "k_pid_att": [25.463483275157817, 5.859554809351448, 0.666719676683535], "k_pid_yaw": [0.5, 1e-06, 0.1], "k_pid_hsp": [0.09847755819799779, 0.011264223901387349, 0.0], "k_pid_vsp": [264.9966777379314, 304.1795245652576, 2.77343605205192]}, "datetime": {"datetime": "2025-08-12 04:31:55", "elapsed": 43594.61700510979, "delta": 19.141783237457275}, "costs": {"total_cost": 183.51747726718256, "time_cost": 70.035, "final_distance_cost": 1.837535863976755, "oscillation_cost": 25.995231278993614, "completition_cost": 0.0, "overshoot_cost": 50.53475093867714, "power_cost": 14.238555993652344, "noise_cost": 20.876403191882705, "n_waypoints_completed": 9, "tot_waypoints": 9}}
{"target": -313.8709137975369, "params": {"k_pid_pos": [1.0031316701085804, 0.024859491386256316, 0.40092638265648595], "k_pid_alt": [1.9160597436741602, 0.31295298754855216, 0.07444874772262577], "k_pid_att": [54.227890723214855, 5.859554809351448, 0.666719676683535], "k_pid_yaw": [0.5, 1e-06, 0.1], "k_pid_hsp": [0.09847755819799779, 0.30091508283602064, 0.0], "k_pid_vsp": [264.9966777379314, 304.1795245652576, 2.77343605205192]}, "datetime": {"datetime": "2025-08-12 04:32:19", "elapsed": 43619.002378702164, "delta": 24.38537359237671}, "costs": {"total_cost": 313.8709137975369, "time_cost": 97.531, "final_distance_cost": 1.7847147676136517, "oscillation_cost": 104.53078741969419, "completition_cost": 0.0, "overshoot_cost": 58.09886861376842, "power_cost": 23.645397888183595, "noise_cost": 28.28014510827706, "n_waypoints_completed": 9, "tot_waypoints": 9}}
{"target": -514.2173930308884, "params": {"k_pid_pos": [1.0031316701085804, 0.024859491386256316, 0.40092638265648595], "k_pid_alt": [1.1118827000593463, 0.0, 0.2589693005001422], "k_pid_att": [25.463483275157817, 5.859554809351448, 0.45703935313105737], "k_pid_yaw": [0.5, 1e-06, 0.1], "k_pid_hsp": [1.6091290401443616, 0.17468130283637484, 0.38495788346769555], "k_pid_vsp": [146.08178391043788, 225.6587008239998, 134.18887080171567]}, "datetime": {"datetime": "2025-08-12 04:32:42", "elapsed": 43641.78068113327, "delta": 22.778302431106567}, "costs": {"total_cost": 514.2173930308884, "time_cost": 84.56700000000001, "final_distance_cost": 1.7876487865956132, "oscillation_cost": 324.4966315397882, "completition_cost": 0.0, "overshoot_cost": 57.48666526201367, "power_cost": 23.79483525390625, "noise_cost": 22.084612188584646, "n_waypoints_completed": 9, "tot_waypoints": 9}}
{"target": -1617.6829809853039, "params": {"k_pid_pos": [1.0031316701085804, 0.024859491386256316, 0.40092638265648595], "k_pid_alt": [1.7297729984189598, 0.0, 0.6152218162448827], "k_pid_att": [25.463483275157817, 9.289174369187968, 0.666719676683535], "k_pid_yaw": [0.5, 1e-06, 0.1], "k_pid_hsp": [0.09847755819799779, 0.011264223901387349, 0.8029897720240362], "k_pid_vsp": [264.9966777379314, 304.1795245652576, 2.77343605205192]}, "datetime": {"datetime": "2025-08-12 04:33:15", "elapsed": 43675.07979249954, "delta": 33.29911136627197}, "costs": {"total_cost": 1617.6829809853039, "time_cost": 150, "final_distance_cost": 62.674447916518645, "oscillation_cost": 563.8829999597156, "completition_cost": 666.6666666666667, "overshoot_cost": 114.54379681652027, "power_cost": 28.923534240722656, "noise_cost": 30.99153538516023, "n_waypoints_completed": 3, "tot_waypoints": 9}}
{"target": -234.13286002829344, "params": {"k_pid_pos": [1.815522159483175, 0.024859491386256316, 0.40092638265648595], "k_pid_alt": [0.3440167387353117, 0.3977849357679477, 0.06527723447865985], "k_pid_att": [25.463483275157817, 5.859554809351448, 0.666719676683535], "k_pid_yaw": [0.5, 1e-06, 0.1], "k_pid_hsp": [0.09847755819799779, 0.011264223901387349, 0.0], "k_pid_vsp": [264.9966777379314, 304.1795245652576, 2.77343605205192]}, "datetime": {"datetime": "2025-08-12 04:33:39", "elapsed": 43699.37611079216, "delta": 24.296318292617798}, "costs": {"total_cost": 234.13286002829344, "time_cost": 93.282, "final_distance_cost": 1.7371451232556563, "oscillation_cost": 35.2778467618754, "completition_cost": 0.0, "overshoot_cost": 58.463682709402086, "power_cost": 19.010687670898438, "noise_cost": 26.36149776286184, "n_waypoints_completed": 9, "tot_waypoints": 9}}
{"target": -270.9931577059545, "params": {"k_pid_pos": [1.0031316701085804, 0.024859491386256316, 0.3813471713810148], "k_pid_alt": [1.7297729984189598, 0.0, 0.06527723447865985], "k_pid_att": [25.463483275157817, 1.4953935029224072, 0.666719676683535], "k_pid_yaw": [0.5, 1e-06, 0.1], "k_pid_hsp": [0.09847755819799779, 0.011264223901387349, 0.0], "k_pid_vsp": [100.00506902703879, 304.1795245652576, 120.63999617495661]}, "datetime": {"datetime": "2025-08-12 04:34:09", "elapsed": 43728.71800780296, "delta": 29.341897010803223}, "costs": {"total_cost": 270.9931577059545, "time_cost": 111.888, "final_distance_cost": 1.8370645665981105, "oscillation_cost": 26.52810280107487, "completition_cost": 0.0, "overshoot_cost": 74.00241899170493, "power_cost": 28.721510778808597, "noise_cost": 28.01606056776799, "n_waypoints_completed": 9, "tot_waypoints": 9}}
{"target": -183.08407650406252, "params": {"k_pid_pos": [1.0031316701085804, 0.024859491386256316, 0.40092638265648595], "k_pid_alt": [1.7297729984189598, 0.0, 0.06527723447865985], "k_pid_att": [10.85276784655954, 1.4953935029224072, 0.666719676683535], "k_pid_yaw": [0.5, 1e-06, 0.1], "k_pid_hsp": [0.09847755819799779, 0.011264223901387349, 0.0], "k_pid_vsp": [264.9966777379314, 304.1795245652576, 2.77343605205192]}, "datetime": {"datetime": "2025-08-12 04:34:27", "elapsed": 43747.37573623657, "delta": 18.65772843360901}, "costs": {"total_cost": 183.08407650406252, "time_cost": 69.97200000000001, "final_distance_cost": 1.8232561110929182, "oscillation_cost": 25.830634925397458, "completition_cost": 0.0, "overshoot_cost": 50.605337999513814, "power_cost": 14.15017557373047, "noise_cost": 20.702671894327832, "n_waypoints_completed": 9, "tot_waypoints": 9}}
{"target": -724.0303866503673, "params": {"k_pid_pos": [1.0031316701085804, 0.024859491386256316, 0.40092638265648595], "k_pid_alt": [1.7297729984189598, 0.0, 0.06527723447865985], "k_pid_att": [25.463483275157817, 5.859554809351448, 0.666719676683535], "k_pid_yaw": [0.5, 1e-06, 0.1], "k_pid_hsp": [0.09847755819799779, 0.6903644518542994, 0.0], "k_pid_vsp": [264.9966777379314, 304.1795245652576, 2.77343605205192]}, "datetime": {"datetime": "2025-08-12 04:34:58", "elapsed": 43778.28157877922, "delta": 30.905842542648315}, "costs": {"total_cost": 724.0303866503673, "time_cost": 150, "final_distance_cost": 74.37190025089878, "oscillation_cost": 134.50674867544606, "completition_cost": 222.2222222222222, "overshoot_cost": 74.38156567300791, "power_cost": 33.6154423828125, "noise_cost": 34.93250744597994, "n_waypoints_completed": 7, "tot_waypoints": 9}}
{"target": -197.20856023915513, "params": {"k_pid_pos": [1.0031316701085804, 0.024859491386256316, 0.40092638265648595], "k_pid_alt": [0.4683065483083426, 0.0, 0.06527723447865985], "k_pid_att": [25.463483275157817, 1.4953935029224072, 0.666719676683535], "k_pid_yaw": [0.5, 1e-06, 0.1], "k_pid_hsp": [0.09847755819799779, 0.011264223901387349, 0.0], "k_pid_vsp": [264.9966777379314, 304.1795245652576, 2.77343605205192]}, "datetime": {"datetime": "2025-08-12 04:35:18", "elapsed": 43798.01669931412, "delta": 19.73512053489685}, "costs": {"total_cost": 197.20856023915513, "time_cost": 79.135, "final_distance_cost": 1.8528373930074271, "oscillation_cost": 26.379963659878882, "completition_cost": 0.0, "overshoot_cost": 51.49675545322335, "power_cost": 15.743430920410157, "noise_cost": 22.600572812635317, "n_waypoints_completed": 9, "tot_waypoints": 9}}
{"target": -183.9696222758027, "params": {"k_pid_pos": [1.0031316701085804, 0.024859491386256316, 0.40092638265648595], "k_pid_alt": [1.7297729984189598, 0.0, 0.06527723447865985], "k_pid_att": [25.463483275157817, 5.859554809351448, 0.2962482180956587], "k_pid_yaw": [0.5, 1e-06, 0.1], "k_pid_hsp": [0.09847755819799779, 0.011264223901387349, 0.0], "k_pid_vsp": [237.37114527084637, 140.03862743104432, 2.77343605205192]}, "datetime": {"datetime": "2025-08-12 04:35:38", "elapsed": 43818.21335053444, "delta": 20.196651220321655}, "costs": {"total_cost": 183.9696222758027, "time_cost": 70.09100000000001, "final_distance_cost": 1.8256381715629166, "oscillation_cost": 26.041986085354853, "completition_cost": 0.0, "overshoot_cost": 50.893052688281536, "power_cost": 14.208223181152345, "noise_cost": 20.909722149451067, "n_waypoints_completed": 9, "tot_waypoints": 9}}
