{"target": -1155.2903397242521, "params": {"k_pid_pos": [1.0031316701085804, 0.024859491386256316, 0.40092638265648595], "k_pid_alt": [1.2679502233621702, 0.5662512635348111, 0.06527723447865985], "k_pid_att": [24.0942673894178, 3.7802132718527557, 0.8792759721912583], "k_pid_yaw": [0.5, 1e-06, 0.1], "k_pid_hsp": [0.09847755819799779, 0.011264223901387349, 0.0], "k_pid_vsp": [312.50622598497625, 307.0029666248519, 250.14769175955837]}, "datetime": {"datetime": "2025-08-11 21:05:48", "elapsed": 16827.897639751434, "delta": 30.533830404281616}, "costs": {"total_cost": 1155.2903397242521, "time_cost": 150, "final_distance_cost": 86.0701517269418, "oscillation_cost": 8.0828530045238, "completition_cost": 777.7777777777778, "overshoot_cost": 76.64398243883603, "power_cost": 29.77331853027344, "noise_cost": 26.942256245899102, "n_waypoints_completed": 2, "tot_waypoints": 9}}
{"target": -189.71091297006492, "params": {"k_pid_pos": [1.733835489643198, 0.024859491386256316, 0.40092638265648595], "k_pid_alt": [1.2679502233621702, 0.0, 0.06527723447865985], "k_pid_att": [24.0942673894178, 3.7802132718527557, 0.1845336041603497], "k_pid_yaw": [0.5, 1e-06, 0.1], "k_pid_hsp": [0.09847755819799779, 0.011264223901387349, 0.0], "k_pid_vsp": [279.31855783528204, 336.89689932622207, 10.0]}, "datetime": {"datetime": "2025-08-11 21:06:06", "elapsed": 16845.40800523758, "delta": 17.51036548614502}, "costs": {"total_cost": 189.71091297006492, "time_cost": 69.685, "final_distance_cost": 1.7656946230872044, "oscillation_cost": 31.491074606583283, "completition_cost": 0.0, "overshoot_cost": 50.75984582663879, "power_cost": 18.166439636230468, "noise_cost": 17.842858277525174, "n_waypoints_completed": 9, "tot_waypoints": 9}}
{"target": -184.50272249521083, "params": {"k_pid_pos": [1.0031316701085804, 0.024859491386256316, 0.40092638265648595], "k_pid_alt": [1.2679502233621702, 0.0, 0.06527723447865985], "k_pid_att": [24.0942673894178, 3.7802132718527557, 0.8792759721912583], "k_pid_yaw": [0.5, 1e-06, 0.1], "k_pid_hsp": [0.09847755819799779, 0.011264223901387349, 0.0], "k_pid_vsp": [292.94687076665593, 307.0029666248519, 62.564861685850005]}, "datetime": {"datetime": "2025-08-11 21:06:24", "elapsed": 16863.524619817734, "delta": 18.11661458015442}, "costs": {"total_cost": 184.50272249521083, "time_cost": 70.644, "final_distance_cost": 1.829104376330729, "oscillation_cost": 25.622620518994342, "completition_cost": 0.0, "overshoot_cost": 50.75529124833991, "power_cost": 18.076365515136718, "noise_cost": 17.575340836409108, "n_waypoints_completed": 9, "tot_waypoints": 9}}
{"target": -184.50272249521083, "params": {"k_pid_pos": [1.0031316701085804, 0.024859491386256316, 0.40092638265648595], "k_pid_alt": [1.2679502233621702, 0.0, 0.06527723447865985], "k_pid_att": [24.0942673894178, 3.7802132718527557, 0.8792759721912583], "k_pid_yaw": [0.5, 1e-06, 0.1], "k_pid_hsp": [0.09847755819799779, 0.011264223901387349, 0.0], "k_pid_vsp": [292.94687076665593, 307.0029666248519, 62.564861685850005]}, "datetime": {"datetime": "2025-08-11 21:06:41", "elapsed": 16880.92053747177, "delta": 17.395917654037476}, "costs": {"total_cost": 184.50272249521083, "time_cost": 70.644, "final_distance_cost": 1.829104376330729, "oscillation_cost": 25.622620518994342, "completition_cost": 0.0, "overshoot_cost": 50.75529124833991, "power_cost": 18.076365515136718, "noise_cost": 17.575340836409108, "n_waypoints_completed": 9, "tot_waypoints": 9}}
{"target": -184.50272249521083, "params": {"k_pid_pos": [1.0031316701085804, 0.024859491386256316, 0.40092638265648595], "k_pid_alt": [1.2679502233621702, 0.0, 0.06527723447865985], "k_pid_att": [24.0942673894178, 3.7802132718527557, 0.8792759721912583], "k_pid_yaw": [0.5, 1e-06, 0.1], "k_pid_hsp": [0.09847755819799779, 0.011264223901387349, 0.0], "k_pid_vsp": [292.94687076665593, 307.0029666248519, 62.564861685850005]}, "datetime": {"datetime": "2025-08-11 21:06:59", "elapsed": 16898.39734196663, "delta": 17.476804494857788}, "costs": {"total_cost": 184.50272249521083, "time_cost": 70.644, "final_distance_cost": 1.829104376330729, "oscillation_cost": 25.622620518994342, "completition_cost": 0.0, "overshoot_cost": 50.75529124833991, "power_cost": 18.076365515136718, "noise_cost": 17.575340836409108, "n_waypoints_completed": 9, "tot_waypoints": 9}}
{"target": -211.81271018586943, "params": {"k_pid_pos": [1.0031316701085804, 0.17490998158808135, 0.15676371154545432], "k_pid_alt": [1.2679502233621702, 0.16763628571194666, 0.06527723447865985], "k_pid_att": [24.0942673894178, 0.18205753750414305, 0.8792759721912583], "k_pid_yaw": [0.5, 1e-06, 0.1], "k_pid_hsp": [0.09847755819799779, 0.011264223901387349, 0.0], "k_pid_vsp": [292.94687076665593, 307.0029666248519, 21.011196465382298]}, "datetime": {"datetime": "2025-08-11 21:07:20", "elapsed": 16920.01016998291, "delta": 21.612828016281128}, "costs": {"total_cost": 211.81271018586943, "time_cost": 85.70100000000001, "final_distance_cost": 1.7521838011116464, "oscillation_cost": 29.834172838993414, "completition_cost": 0.0, "overshoot_cost": 52.174085946685665, "power_cost": 21.87085152587891, "noise_cost": 20.480416073199784, "n_waypoints_completed": 9, "tot_waypoints": 9}}
{"target": -558.8019049050654, "params": {"k_pid_pos": [0.2095935789605647, 0.024859491386256316, 0.40092638265648595], "k_pid_alt": [1.2679502233621702, 0.0, 0.06527723447865985], "k_pid_att": [24.0942673894178, 5.075554186145011, 0.8792759721912583], "k_pid_yaw": [0.5, 1e-06, 0.1], "k_pid_hsp": [0.09847755819799779, 0.011264223901387349, 0.0], "k_pid_vsp": [292.94687076665593, 307.0029666248519, 62.564861685850005]}, "datetime": {"datetime": "2025-08-11 21:07:50", "elapsed": 16950.33585691452, "delta": 30.325686931610107}, "costs": {"total_cost": 558.8019049050654, "time_cost": 150, "final_distance_cost": 65.07501484426155, "oscillation_cost": 10.277458336410001, "completition_cost": 222.2222222222222, "overshoot_cost": 55.31082955608484, "power_cost": 29.54045115966797, "noise_cost": 26.37592878641878, "n_waypoints_completed": 7, "tot_waypoints": 9}}
{"target": -1706.3243633569768, "params": {"k_pid_pos": [1.0031316701085804, 0.024859491386256316, 0.4894518338289183], "k_pid_alt": [1.0304713630477362, 0.0, 0.06527723447865985], "k_pid_att": [24.0942673894178, 3.7802132718527557, 0.18356154715941053], "k_pid_yaw": [0.5, 1e-06, 0.1], "k_pid_hsp": [0.09847755819799779, 0.011264223901387349, 0.9639168783200247], "k_pid_vsp": [292.94687076665593, 307.0029666248519, 62.564861685850005]}, "datetime": {"datetime": "2025-08-11 21:08:21", "elapsed": 16980.72029042244, "delta": 30.38443350791931}, "costs": {"total_cost": 1706.3243633569768, "time_cost": 150, "final_distance_cost": 70.94820723240542, "oscillation_cost": 666.1202468269269, "completition_cost": 666.6666666666667, "overshoot_cost": 91.62431942754175, "power_cost": 32.63324660644531, "noise_cost": 28.331676596990896, "n_waypoints_completed": 3, "tot_waypoints": 9}}
{"target": -186.6221857229163, "params": {"k_pid_pos": [1.0031316701085804, 0.024859491386256316, 0.40092638265648595], "k_pid_alt": [1.2679502233621702, 0.0, 0.06527723447865985], "k_pid_att": [24.0942673894178, 0.18205753750414305, 0.8792759721912583], "k_pid_yaw": [0.5, 1e-06, 0.1], "k_pid_hsp": [0.22821344198103216, 0.011264223901387349, 0.0], "k_pid_vsp": [292.94687076665593, 307.0029666248519, 62.564861685850005]}, "datetime": {"datetime": "2025-08-11 21:08:39", "elapsed": 16998.617920398712, "delta": 17.897629976272583}, "costs": {"total_cost": 186.6221857229163, "time_cost": 71.155, "final_distance_cost": 1.8495358997453661, "oscillation_cost": 26.110394012139405, "completition_cost": 0.0, "overshoot_cost": 50.934484547764754, "power_cost": 18.360367651367188, "noise_cost": 18.212403611899564, "n_waypoints_completed": 9, "tot_waypoints": 9}}
{"target": -184.91377165429253, "params": {"k_pid_pos": [1.0031316701085804, 0.024859491386256316, 0.4388587351883817], "k_pid_alt": [1.2679502233621702, 0.0, 0.06527723447865985], "k_pid_att": [24.0942673894178, 3.7802132718527557, 0.6426065009168366], "k_pid_yaw": [0.5, 1e-06, 0.1], "k_pid_hsp": [0.09847755819799779, 0.011264223901387349, 0.0], "k_pid_vsp": [292.94687076665593, 307.0029666248519, 62.564861685850005]}, "datetime": {"datetime": "2025-08-11 21:08:56", "elapsed": 17016.092755794525, "delta": 17.47483539581299}, "costs": {"total_cost": 184.91377165429253, "time_cost": 70.756, "final_distance_cost": 1.818477979334269, "oscillation_cost": 25.519002926386786, "completition_cost": 0.0, "overshoot_cost": 50.7455094794672, "power_cost": 18.325656213378906, "noise_cost": 17.749125055725372, "n_waypoints_completed": 9, "tot_waypoints": 9}}
{"target": -1114.987925950084, "params": {"k_pid_pos": [1.0031316701085804, 0.07627067030716383, 0.40092638265648595], "k_pid_alt": [1.2679502233621702, 0.0, 0.06527723447865985], "k_pid_att": [24.0942673894178, 3.7802132718527557, 0.8792759721912583], "k_pid_yaw": [0.5, 1e-06, 0.1], "k_pid_hsp": [0.09847755819799779, 0.011264223901387349, 0.40925506695826264], "k_pid_vsp": [292.94687076665593, 213.45582935365798, 62.564861685850005]}, "datetime": {"datetime": "2025-08-11 21:09:26", "elapsed": 17046.376384735107, "delta": 30.283628940582275}, "costs": {"total_cost": 1114.987925950084, "time_cost": 150, "final_distance_cost": 55.63795504203484, "oscillation_cost": 437.88348506748997, "completition_cost": 333.33333333333337, "overshoot_cost": 77.81599230484112, "power_cost": 32.368690234375, "noise_cost": 27.94846996800977, "n_waypoints_completed": 6, "tot_waypoints": 9}}
{"target": -184.57075292658828, "params": {"k_pid_pos": [1.0031316701085804, 0.024859491386256316, 0.40092638265648595], "k_pid_alt": [1.2679502233621702, 0.0, 0.06527723447865985], "k_pid_att": [24.0942673894178, 0.18205753750414305, 0.8792759721912583], "k_pid_yaw": [0.5, 1e-06, 0.1], "k_pid_hsp": [0.09847755819799779, 0.011264223901387349, 0.0], "k_pid_vsp": [292.94687076665593, 307.0029666248519, 62.564861685850005]}, "datetime": {"datetime": "2025-08-11 21:09:45", "elapsed": 17064.395708560944, "delta": 18.01932382583618}, "costs": {"total_cost": 184.57075292658828, "time_cost": 70.63, "final_distance_cost": 1.8307316328506358, "oscillation_cost": 25.35640013277763, "completition_cost": 0.0, "overshoot_cost": 51.06020532799305, "power_cost": 18.050848767089846, "noise_cost": 17.642567065877117, "n_waypoints_completed": 9, "tot_waypoints": 9}}
{"target": -184.57075292658828, "params": {"k_pid_pos": [1.0031316701085804, 0.024859491386256316, 0.40092638265648595], "k_pid_alt": [1.2679502233621702, 0.0, 0.06527723447865985], "k_pid_att": [24.0942673894178, 0.18205753750414305, 0.8792759721912583], "k_pid_yaw": [0.5, 1e-06, 0.1], "k_pid_hsp": [0.09847755819799779, 0.011264223901387349, 0.0], "k_pid_vsp": [292.94687076665593, 307.0029666248519, 62.564861685850005]}, "datetime": {"datetime": "2025-08-11 21:10:02", "elapsed": 17081.543635368347, "delta": 17.147926807403564}, "costs": {"total_cost": 184.57075292658828, "time_cost": 70.63, "final_distance_cost": 1.8307316328506358, "oscillation_cost": 25.35640013277763, "completition_cost": 0.0, "overshoot_cost": 51.06020532799305, "power_cost": 18.050848767089846, "noise_cost": 17.642567065877117, "n_waypoints_completed": 9, "tot_waypoints": 9}}
{"target": -1454.374717588485, "params": {"k_pid_pos": [1.0031316701085804, 0.024859491386256316, 0.40092638265648595], "k_pid_alt": [1.2679502233621702, 0.0, 0.7749404481107842], "k_pid_att": [24.0942673894178, 3.7802132718527557, 0.8792759721912583], "k_pid_yaw": [0.5, 1e-06, 0.1], "k_pid_hsp": [4.066255630446676, 0.011264223901387349, 0.0], "k_pid_vsp": [185.9606824206132, 336.89689932622207, 358.9600729545887]}, "datetime": {"datetime": "2025-08-11 21:10:32", "elapsed": 17111.717783927917, "delta": 30.174148559570312}, "costs": {"total_cost": 1454.374717588485, "time_cost": 150, "final_distance_cost": 0.9978565998129322, "oscillation_cost": 7.669607633394788, "completition_cost": 1000.0, "overshoot_cost": 161.32913436851527, "power_cost": 29.24671014404297, "noise_cost": 105.13140884271901, "n_waypoints_completed": 0, "tot_waypoints": 9}}
{"target": -184.57075292658828, "params": {"k_pid_pos": [1.0031316701085804, 0.024859491386256316, 0.40092638265648595], "k_pid_alt": [1.2679502233621702, 0.0, 0.06527723447865985], "k_pid_att": [24.0942673894178, 0.18205753750414305, 0.8792759721912583], "k_pid_yaw": [0.5, 1e-06, 0.1], "k_pid_hsp": [0.09847755819799779, 0.011264223901387349, 0.0], "k_pid_vsp": [292.94687076665593, 307.0029666248519, 62.564861685850005]}, "datetime": {"datetime": "2025-08-11 21:10:50", "elapsed": 17129.85092139244, "delta": 18.133137464523315}, "costs": {"total_cost": 184.57075292658828, "time_cost": 70.63, "final_distance_cost": 1.8307316328506358, "oscillation_cost": 25.35640013277763, "completition_cost": 0.0, "overshoot_cost": 51.06020532799305, "power_cost": 18.050848767089846, "noise_cost": 17.642567065877117, "n_waypoints_completed": 9, "tot_waypoints": 9}}
{"target": -611.1082163882905, "params": {"k_pid_pos": [1.0031316701085804, 0.9973081004456583, 0.40092638265648595], "k_pid_alt": [1.2679502233621702, 0.0, 0.06527723447865985], "k_pid_att": [24.0942673894178, 3.7802132718527557, 0.6426065009168366], "k_pid_yaw": [0.5, 1e-06, 0.1], "k_pid_hsp": [0.09847755819799779, 0.011264223901387349, 0.0], "k_pid_vsp": [292.94687076665593, 102.7157397860675, 62.564861685850005]}, "datetime": {"datetime": "2025-08-11 21:11:22", "elapsed": 17161.385803222656, "delta": 31.534881830215454}, "costs": {"total_cost": 611.1082163882905, "time_cost": 150, "final_distance_cost": 70.82042031370403, "oscillation_cost": 55.30346039772813, "completition_cost": 222.2222222222222, "overshoot_cost": 51.23440286062255, "power_cost": 32.082378540039066, "noise_cost": 29.445332053974525, "n_waypoints_completed": 7, "tot_waypoints": 9}}
{"target": -186.2976230025223, "params": {"k_pid_pos": [1.0031316701085804, 0.024859491386256316, 0.4388587351883817], "k_pid_alt": [1.2679502233621702, 0.0, 0.7749404481107842], "k_pid_att": [24.0942673894178, 3.7802132718527557, 0.8792759721912583], "k_pid_yaw": [0.5, 1e-06, 0.1], "k_pid_hsp": [0.09847755819799779, 0.011264223901387349, 0.0], "k_pid_vsp": [279.31855783528204, 336.89689932622207, 62.564861685850005]}, "datetime": {"datetime": "2025-08-11 21:11:40", "elapsed": 17179.570876598358, "delta": 18.185073375701904}, "costs": {"total_cost": 186.2976230025223, "time_cost": 72.205, "final_distance_cost": 1.8405715312974391, "oscillation_cost": 25.68393780068351, "completition_cost": 0.0, "overshoot_cost": 50.90880658670438, "power_cost": 18.487361596679687, "noise_cost": 17.17194548715731, "n_waypoints_completed": 9, "tot_waypoints": 9}}
{"target": -1021.9204035427772, "params": {"k_pid_pos": [1.0031316701085804, 0.024859491386256316, 0.40092638265648595], "k_pid_alt": [0.39303563678463904, 0.7782994567117663, 0.07734400225577898], "k_pid_att": [24.0942673894178, 3.7802132718527557, 0.1845336041603497], "k_pid_yaw": [0.5, 1e-06, 0.1], "k_pid_hsp": [0.09847755819799779, 0.5099699049722157, 0.0], "k_pid_vsp": [292.94687076665593, 307.0029666248519, 62.564861685850005]}, "datetime": {"datetime": "2025-08-11 21:12:10", "elapsed": 17209.456105947495, "delta": 29.885229349136353}, "costs": {"total_cost": 1021.9204035427772, "time_cost": 150, "final_distance_cost": 52.39216379561541, "oscillation_cost": 138.48668120092628, "completition_cost": 555.5555555555555, "overshoot_cost": 57.41140192990263, "power_cost": 35.957424072265624, "noise_cost": 32.11717698851166, "n_waypoints_completed": 4, "tot_waypoints": 9}}
{"target": -184.8785743780637, "params": {"k_pid_pos": [1.0031316701085804, 0.024859491386256316, 0.40092638265648595], "k_pid_alt": [1.2679502233621702, 0.0, 0.11578642527130634], "k_pid_att": [6.174354700882767, 1.5712076181287093, 0.8792759721912583], "k_pid_yaw": [0.5, 1e-06, 0.1], "k_pid_hsp": [0.09847755819799779, 0.011264223901387349, 0.0], "k_pid_vsp": [292.94687076665593, 307.0029666248519, 62.564861685850005]}, "datetime": {"datetime": "2025-08-11 21:12:27", "elapsed": 17227.242718935013, "delta": 17.78661298751831}, "costs": {"total_cost": 184.8785743780637, "time_cost": 70.658, "final_distance_cost": 1.8246083094467371, "oscillation_cost": 25.411013705447655, "completition_cost": 0.0, "overshoot_cost": 51.312304712944936, "power_cost": 17.97209510498047, "noise_cost": 17.700552545243916, "n_waypoints_completed": 9, "tot_waypoints": 9}}
{"target": -838.4811651461465, "params": {"k_pid_pos": [0.8381452164077594, 0.16930403155433116, 0.30020629103650986], "k_pid_alt": [1.0304713630477362, 0.0, 0.06527723447865985], "k_pid_att": [24.0942673894178, 3.7802132718527557, 0.6559199499296157], "k_pid_yaw": [0.5, 1e-06, 0.1], "k_pid_hsp": [0.09847755819799779, 0.5113231558067851, 0.6773632664142749], "k_pid_vsp": [279.31855783528204, 336.89689932622207, 62.564861685850005]}, "datetime": {"datetime": "2025-08-11 21:12:58", "elapsed": 17257.718595266342, "delta": 30.475876331329346}, "costs": {"total_cost": 838.4811651461465, "time_cost": 150, "final_distance_cost": 13.190741836716064, "oscillation_cost": 419.6167545682427, "completition_cost": 111.11111111111116, "overshoot_cost": 81.3332779455531, "power_cost": 33.17057536621094, "noise_cost": 30.058704318312458, "n_waypoints_completed": 8, "tot_waypoints": 9}}
{"target": -185.27392044380912, "params": {"k_pid_pos": [1.0031316701085804, 0.024859491386256316, 0.40092638265648595], "k_pid_alt": [1.2679502233621702, 0.0, 0.06527723447865985], "k_pid_att": [65.90126278649572, 3.7802132718527557, 0.8792759721912583], "k_pid_yaw": [0.5, 1e-06, 0.1], "k_pid_hsp": [0.09847755819799779, 0.011264223901387349, 0.0], "k_pid_vsp": [292.94687076665593, 307.0029666248519, 62.564861685850005]}, "datetime": {"datetime": "2025-08-11 21:13:16", "elapsed": 17275.551145792007, "delta": 17.832550525665283}, "costs": {"total_cost": 185.27392044380912, "time_cost": 70.70700000000001, "final_distance_cost": 1.8316816520073564, "oscillation_cost": 25.55188520225432, "completition_cost": 0.0, "overshoot_cost": 51.188728802046, "power_cost": 18.229676818847658, "noise_cost": 17.76494796865377, "n_waypoints_completed": 9, "tot_waypoints": 9}}
{"target": -225.62789835921748, "params": {"k_pid_pos": [1.0031316701085804, 0.024859491386256316, 0.8100884609760892], "k_pid_alt": [1.795722219278775, 0.0, 0.06527723447865985], "k_pid_att": [24.0942673894178, 4.887637818911249, 0.1845336041603497], "k_pid_yaw": [0.5, 1e-06, 0.1], "k_pid_hsp": [2.575161370303539, 0.011264223901387349, 0.0], "k_pid_vsp": [279.31855783528204, 307.0029666248519, 62.564861685850005]}, "datetime": {"datetime": "2025-08-11 21:13:38", "elapsed": 17297.890344142914, "delta": 22.339198350906372}, "costs": {"total_cost": 225.62789835921748, "time_cost": 79.415, "final_distance_cost": 1.8526714681153824, "oscillation_cost": 50.81124301966159, "completition_cost": 0.0, "overshoot_cost": 52.35273209435382, "power_cost": 20.39512568359375, "noise_cost": 20.801126093492904, "n_waypoints_completed": 9, "tot_waypoints": 9}}
{"target": -185.09644143629825, "params": {"k_pid_pos": [1.0031316701085804, 0.024859491386256316, 0.40092638265648595], "k_pid_alt": [1.2679502233621702, 0.0, 0.06527723447865985], "k_pid_att": [24.0942673894178, 3.7802132718527557, 0.8792759721912583], "k_pid_yaw": [0.5, 1e-06, 0.1], "k_pid_hsp": [0.09847755819799779, 0.011264223901387349, 0.0], "k_pid_vsp": [292.94687076665593, 336.89689932622207, 62.564861685850005]}, "datetime": {"datetime": "2025-08-11 21:13:55", "elapsed": 17315.2946536541, "delta": 17.404309511184692}, "costs": {"total_cost": 185.09644143629825, "time_cost": 70.602, "final_distance_cost": 1.8226340820604907, "oscillation_cost": 25.736171100704368, "completition_cost": 0.0, "overshoot_cost": 51.08405936745061, "power_cost": 18.158574816894532, "noise_cost": 17.693002069188235, "n_waypoints_completed": 9, "tot_waypoints": 9}}
{"target": -199.4711689869112, "params": {"k_pid_pos": [0.60393984878084, 0.024859491386256316, 0.44963268842268056], "k_pid_alt": [1.3330929626588723, 0.7870035212722968, 0.06527723447865985], "k_pid_att": [24.0942673894178, 3.7802132718527557, 0.1845336041603497], "k_pid_yaw": [0.5, 1e-06, 0.1], "k_pid_hsp": [0.09847755819799779, 0.011264223901387349, 0.0], "k_pid_vsp": [279.31855783528204, 336.89689932622207, 10.0]}, "datetime": {"datetime": "2025-08-11 21:14:17", "elapsed": 17336.44227218628, "delta": 21.147618532180786}, "costs": {"total_cost": 199.4711689869112, "time_cost": 82.537, "final_distance_cost": 1.7969848920970664, "oscillation_cost": 22.799904535955225, "completition_cost": 0.0, "overshoot_cost": 52.566503814843216, "power_cost": 20.26403806152344, "noise_cost": 19.506737682492243, "n_waypoints_completed": 9, "tot_waypoints": 9}}
{"target": -1536.8899625549152, "params": {"k_pid_pos": [1.733835489643198, 0.41352941285256994, 0.40092638265648595], "k_pid_alt": [1.2679502233621702, 0.0, 0.06527723447865985], "k_pid_att": [24.0942673894178, 3.7802132718527557, 0.1845336041603497], "k_pid_yaw": [0.5, 1e-06, 0.1], "k_pid_hsp": [0.09847755819799779, 0.011264223901387349, 0.49977433591672227], "k_pid_vsp": [279.31855783528204, 336.89689932622207, 62.564861685850005]}, "datetime": {"datetime": "2025-08-11 21:14:47", "elapsed": 17366.850801229477, "delta": 30.408529043197632}, "costs": {"total_cost": 1536.8899625549152, "time_cost": 150, "final_distance_cost": 47.65478306901846, "oscillation_cost": 646.299874117272, "completition_cost": 555.5555555555555, "overshoot_cost": 78.89942239638066, "power_cost": 30.977046130371097, "noise_cost": 27.503281286317623, "n_waypoints_completed": 4, "tot_waypoints": 9}}
