{"target": -214.0428122897125, "params": {"k_pid_pos": [1.0031316701085804, 0.024859491386256316, 0.40092638265648595], "k_pid_alt": [1.2679502233621702, 0.0, 0.06527723447865985], "k_pid_att": [24.0942673894178, 3.7802132718527557, 0.8792759721912583], "k_pid_yaw": [0.5, 1e-06, 0.1], "k_pid_hsp": [5.429082181916803, 0.011264223901387349, 0.0], "k_pid_vsp": [14.170316773218916, 307.0029666248519, 62.564861685850005]}, "datetime": {"datetime": "2025-08-11 21:59:58", "elapsed": 20078.286989688873, "delta": 18.469178199768066}, "costs": {"total_cost": 214.0428122897125, "time_cost": 75.628, "final_distance_cost": 1.8506482767923553, "oscillation_cost": 44.38977116060013, "completition_cost": 0.0, "overshoot_cost": 52.540409713516596, "power_cost": 19.920470556640627, "noise_cost": 19.713512582162803, "n_waypoints_completed": 9, "tot_waypoints": 9}}
{"target": -206.8640996523952, "params": {"k_pid_pos": [1.0031316701085804, 0.024859491386256316, 0.40092638265648595], "k_pid_alt": [1.2679502233621702, 0.0, 0.06527723447865985], "k_pid_att": [24.0942673894178, 3.7802132718527557, 0.8792759721912583], "k_pid_yaw": [0.5, 1e-06, 0.1], "k_pid_hsp": [6.107211332972096, 0.011264223901387349, 0.0], "k_pid_vsp": [292.94687076665593, 307.0029666248519, 62.564861685850005]}, "datetime": {"datetime": "2025-08-11 22:00:18", "elapsed": 20097.69388771057, "delta": 19.406898021697998}, "costs": {"total_cost": 206.8640996523952, "time_cost": 73.682, "final_distance_cost": 1.8529186703618337, "oscillation_cost": 42.48665582910147, "completition_cost": 0.0, "overshoot_cost": 50.2913002483245, "power_cost": 19.193840197753907, "noise_cost": 19.357384706853512, "n_waypoints_completed": 9, "tot_waypoints": 9}}
{"target": -184.09452520859787, "params": {"k_pid_pos": [1.0031316701085804, 0.024859491386256316, 0.40092638265648595], "k_pid_alt": [1.2679502233621702, 0.0, 0.06527723447865985], "k_pid_att": [24.0942673894178, 0.18205753750414305, 0.8792759721912583], "k_pid_yaw": [0.5, 1e-06, 0.1], "k_pid_hsp": [0.09847755819799779, 0.011264223901387349, 0.0], "k_pid_vsp": [292.94687076665593, 307.0029666248519, 21.011196465382298]}, "datetime": {"datetime": "2025-08-11 22:00:36", "elapsed": 20116.1179561615, "delta": 18.424068450927734}, "costs": {"total_cost": 184.09452520859787, "time_cost": 70.399, "final_distance_cost": 1.8345096342728806, "oscillation_cost": 26.033560826510698, "completition_cost": 0.0, "overshoot_cost": 50.504236002786485, "power_cost": 17.811746228027346, "noise_cost": 17.511472517000485, "n_waypoints_completed": 9, "tot_waypoints": 9}}
{"target": -184.09452520859787, "params": {"k_pid_pos": [1.0031316701085804, 0.024859491386256316, 0.40092638265648595], "k_pid_alt": [1.2679502233621702, 0.0, 0.06527723447865985], "k_pid_att": [24.0942673894178, 0.18205753750414305, 0.8792759721912583], "k_pid_yaw": [0.5, 1e-06, 0.1], "k_pid_hsp": [0.09847755819799779, 0.011264223901387349, 0.0], "k_pid_vsp": [292.94687076665593, 307.0029666248519, 21.011196465382298]}, "datetime": {"datetime": "2025-08-11 22:00:54", "elapsed": 20134.130984783173, "delta": 18.013028621673584}, "costs": {"total_cost": 184.09452520859787, "time_cost": 70.399, "final_distance_cost": 1.8345096342728806, "oscillation_cost": 26.033560826510698, "completition_cost": 0.0, "overshoot_cost": 50.504236002786485, "power_cost": 17.811746228027346, "noise_cost": 17.511472517000485, "n_waypoints_completed": 9, "tot_waypoints": 9}}
{"target": -184.09452520859787, "params": {"k_pid_pos": [1.0031316701085804, 0.024859491386256316, 0.40092638265648595], "k_pid_alt": [1.2679502233621702, 0.0, 0.06527723447865985], "k_pid_att": [24.0942673894178, 0.18205753750414305, 0.8792759721912583], "k_pid_yaw": [0.5, 1e-06, 0.1], "k_pid_hsp": [0.09847755819799779, 0.011264223901387349, 0.0], "k_pid_vsp": [292.94687076665593, 307.0029666248519, 21.011196465382298]}, "datetime": {"datetime": "2025-08-11 22:01:13", "elapsed": 20152.45089364052, "delta": 18.31990885734558}, "costs": {"total_cost": 184.09452520859787, "time_cost": 70.399, "final_distance_cost": 1.8345096342728806, "oscillation_cost": 26.033560826510698, "completition_cost": 0.0, "overshoot_cost": 50.504236002786485, "power_cost": 17.811746228027346, "noise_cost": 17.511472517000485, "n_waypoints_completed": 9, "tot_waypoints": 9}}
{"target": -185.20448003658635, "params": {"k_pid_pos": [1.097674141165482, 0.024859491386256316, 0.40092638265648595], "k_pid_alt": [1.2679502233621702, 0.0, 0.06527723447865985], "k_pid_att": [24.0942673894178, 3.7802132718527557, 0.8792759721912583], "k_pid_yaw": [0.5, 1e-06, 0.1], "k_pid_hsp": [0.09847755819799779, 0.011264223901387349, 0.0], "k_pid_vsp": [200.4106445826773, 307.0029666248519, 62.564861685850005]}, "datetime": {"datetime": "2025-08-11 22:01:31", "elapsed": 20170.773708343506, "delta": 18.32281470298767}, "costs": {"total_cost": 185.20448003658635, "time_cost": 70.483, "final_distance_cost": 1.8115263903462087, "oscillation_cost": 26.19750027954935, "completition_cost": 0.0, "overshoot_cost": 51.22670890597058, "power_cost": 18.106143872070312, "noise_cost": 17.379600588649897, "n_waypoints_completed": 9, "tot_waypoints": 9}}
{"target": -196.96084027564103, "params": {"k_pid_pos": [0.8211552511424755, 0.024859491386256316, 0.847123259091292], "k_pid_alt": [1.2679502233621702, 0.0, 0.06527723447865985], "k_pid_att": [24.0942673894178, 0.18205753750414305, 0.8792759721912583], "k_pid_yaw": [0.5, 1e-06, 0.1], "k_pid_hsp": [0.09847755819799779, 0.011264223901387349, 0.0], "k_pid_vsp": [243.1792825771628, 307.0029666248519, 21.011196465382298]}, "datetime": {"datetime": "2025-08-11 22:01:51", "elapsed": 20190.73602461815, "delta": 19.962316274642944}, "costs": {"total_cost": 196.96084027564103, "time_cost": 79.17, "final_distance_cost": 1.8591225017022173, "oscillation_cost": 23.429760223166156, "completition_cost": 0.0, "overshoot_cost": 51.54470791904024, "power_cost": 20.10659617919922, "noise_cost": 20.850653452533194, "n_waypoints_completed": 9, "tot_waypoints": 9}}
{"target": -203.5781819633698, "params": {"k_pid_pos": [1.0031316701085804, 0.024859491386256316, 0.40092638265648595], "k_pid_alt": [1.2679502233621702, 0.0, 0.06527723447865985], "k_pid_att": [24.0942673894178, 3.7802132718527557, 0.6331997646149408], "k_pid_yaw": [0.5, 1e-06, 0.1], "k_pid_hsp": [6.107211332972096, 0.011264223901387349, 0.0], "k_pid_vsp": [292.94687076665593, 298.73657637713535, 62.564861685850005]}, "datetime": {"datetime": "2025-08-11 22:02:09", "elapsed": 20208.820123910904, "delta": 18.084099292755127}, "costs": {"total_cost": 203.5781819633698, "time_cost": 73.381, "final_distance_cost": 1.8493833815754113, "oscillation_cost": 40.03108712356115, "completition_cost": 0.0, "overshoot_cost": 50.207306961061406, "power_cost": 19.0242888671875, "noise_cost": 19.085115629984344, "n_waypoints_completed": 9, "tot_waypoints": 9}}
{"target": -205.71346277513928, "params": {"k_pid_pos": [1.0031316701085804, 0.024859491386256316, 0.8017766682930172], "k_pid_alt": [1.2679502233621702, 0.0, 0.06527723447865985], "k_pid_att": [24.0942673894178, 3.7802132718527557, 0.8792759721912583], "k_pid_yaw": [0.5, 1e-06, 0.1], "k_pid_hsp": [1.606987810134683, 0.011264223901387349, 0.0], "k_pid_vsp": [292.94687076665593, 307.0029666248519, 62.564861685850005]}, "datetime": {"datetime": "2025-08-11 22:02:29", "elapsed": 20228.92273902893, "delta": 20.102615118026733}, "costs": {"total_cost": 205.71346277513928, "time_cost": 79.52, "final_distance_cost": 1.851011123587182, "oscillation_cost": 31.21696358648887, "completition_cost": 0.0, "overshoot_cost": 51.93144600816321, "power_cost": 20.42305556640625, "noise_cost": 20.770986490493755, "n_waypoints_completed": 9, "tot_waypoints": 9}}
{"target": -1457.7827641440822, "params": {"k_pid_pos": [1.0031316701085804, 0.024859491386256316, 0.40092638265648595], "k_pid_alt": [1.2679502233621702, 0.0, 0.06527723447865985], "k_pid_att": [24.0942673894178, 0.18205753750414305, 0.976791677203179], "k_pid_yaw": [0.5, 1e-06, 0.1], "k_pid_hsp": [0.09847755819799779, 0.011264223901387349, 0.0], "k_pid_vsp": [292.94687076665593, 307.0029666248519, 330.9450081515158]}, "datetime": {"datetime": "2025-08-11 22:02:59", "elapsed": 20259.18689274788, "delta": 30.264153718948364}, "costs": {"total_cost": 1457.7827641440822, "time_cost": 150, "final_distance_cost": 0.9977172261347402, "oscillation_cost": 3.384374959564674, "completition_cost": 1000.0, "overshoot_cost": 162.60988379057324, "power_cost": 29.357428625488282, "noise_cost": 111.43335954232167, "n_waypoints_completed": 0, "tot_waypoints": 9}}
{"target": -189.8385725339089, "params": {"k_pid_pos": [1.9176378968916694, 0.024859491386256316, 0.40092638265648595], "k_pid_alt": [1.7187705538853828, 0.0, 0.06527723447865985], "k_pid_att": [24.0942673894178, 3.7802132718527557, 0.8792759721912583], "k_pid_yaw": [0.5, 1e-06, 0.1], "k_pid_hsp": [0.09847755819799779, 0.011264223901387349, 0.0], "k_pid_vsp": [284.5460512203246, 307.0029666248519, 62.564861685850005]}, "datetime": {"datetime": "2025-08-11 22:03:18", "elapsed": 20277.504261016846, "delta": 18.317368268966675}, "costs": {"total_cost": 189.8385725339089, "time_cost": 69.69200000000001, "final_distance_cost": 1.8043625613350212, "oscillation_cost": 31.226730496197177, "completition_cost": 0.0, "overshoot_cost": 51.23815694530319, "power_cost": 18.25929970703125, "noise_cost": 17.618022824042203, "n_waypoints_completed": 9, "tot_waypoints": 9}}
{"target": -1392.7117666871857, "params": {"k_pid_pos": [1.0031316701085804, 0.5303319676020144, 0.9239049236577108], "k_pid_alt": [1.2679502233621702, 0.0, 0.06527723447865985], "k_pid_att": [17.985165343674623, 8.267881126176224, 0.8792759721912583], "k_pid_yaw": [0.5, 1e-06, 0.1], "k_pid_hsp": [0.09847755819799779, 0.011264223901387349, 0.7858808993351112], "k_pid_vsp": [292.94687076665593, 307.0029666248519, 62.564861685850005]}, "datetime": {"datetime": "2025-08-11 22:03:48", "elapsed": 20307.960386514664, "delta": 30.456125497817993}, "costs": {"total_cost": 1392.7117666871857, "time_cost": 150, "final_distance_cost": 60.17628307205187, "oscillation_cost": 344.5781713434572, "completition_cost": 666.6666666666667, "overshoot_cost": 114.23887726232456, "power_cost": 30.120878271484376, "noise_cost": 26.930890071200732, "n_waypoints_completed": 3, "tot_waypoints": 9}}
{"target": -1351.1456644907541, "params": {"k_pid_pos": [1.0031316701085804, 0.024859491386256316, 0.7075990162019328], "k_pid_alt": [1.2679502233621702, 0.0, 0.25090527456937695], "k_pid_att": [24.0942673894178, 3.7802132718527557, 0.8792759721912583], "k_pid_yaw": [0.5, 1e-06, 0.1], "k_pid_hsp": [0.09847755819799779, 0.854886347775255, 0.0], "k_pid_vsp": [232.83084258960952, 307.0029666248519, 270.01584306266324]}, "datetime": {"datetime": "2025-08-11 22:04:18", "elapsed": 20337.863222837448, "delta": 29.902836322784424}, "costs": {"total_cost": 1351.1456644907541, "time_cost": 150, "final_distance_cost": 64.57439918069974, "oscillation_cost": 141.05591339003487, "completition_cost": 888.8888888888888, "overshoot_cost": 35.70641051979248, "power_cost": 39.39062150878907, "noise_cost": 31.529431002549344, "n_waypoints_completed": 1, "tot_waypoints": 9}}
{"target": -190.26936305398974, "params": {"k_pid_pos": [1.9176378968916694, 0.024859491386256316, 0.40092638265648595], "k_pid_alt": [1.1736461563227703, 0.0, 0.06527723447865985], "k_pid_att": [24.0942673894178, 9.994776192526535, 0.8792759721912583], "k_pid_yaw": [0.5, 1e-06, 0.1], "k_pid_hsp": [0.09847755819799779, 0.011264223901387349, 0.0], "k_pid_vsp": [200.4106445826773, 307.0029666248519, 62.564861685850005]}, "datetime": {"datetime": "2025-08-11 22:04:36", "elapsed": 20355.565685987473, "delta": 17.702463150024414}, "costs": {"total_cost": 190.26936305398974, "time_cost": 70.07000000000001, "final_distance_cost": 1.8053335919560987, "oscillation_cost": 31.565940040594878, "completition_cost": 0.0, "overshoot_cost": 50.98708599419781, "power_cost": 18.379840478515625, "noise_cost": 17.46116294872531, "n_waypoints_completed": 9, "tot_waypoints": 9}}
{"target": -245.0120926761008, "params": {"k_pid_pos": [1.0031316701085804, 0.024859491386256316, 0.7169449061792978], "k_pid_alt": [1.8281769525350675, 0.0, 0.06527723447865985], "k_pid_att": [24.0942673894178, 3.7802132718527557, 0.8792759721912583], "k_pid_yaw": [0.5, 1e-06, 0.1], "k_pid_hsp": [0.09847755819799779, 0.011264223901387349, 0.05468438506225981], "k_pid_vsp": [284.5460512203246, 307.0029666248519, 62.564861685850005]}, "datetime": {"datetime": "2025-08-11 22:04:55", "elapsed": 20374.76222705841, "delta": 19.19654107093811}, "costs": {"total_cost": 245.0120926761008, "time_cost": 77.21000000000001, "final_distance_cost": 1.8482778489584564, "oscillation_cost": 73.30325175928681, "completition_cost": 0.0, "overshoot_cost": 52.094788268634154, "power_cost": 20.42108414306641, "noise_cost": 20.134690656154937, "n_waypoints_completed": 9, "tot_waypoints": 9}}
{"target": -232.25301159239865, "params": {"k_pid_pos": [1.0031316701085804, 0.7277996416202209, 0.40092638265648595], "k_pid_alt": [1.2679502233621702, 0.0, 0.06527723447865985], "k_pid_att": [24.0942673894178, 0.18205753750414305, 0.8792759721912583], "k_pid_yaw": [0.5, 1e-06, 0.1], "k_pid_hsp": [0.09847755819799779, 0.011264223901387349, 0.0], "k_pid_vsp": [292.94687076665593, 307.0029666248519, 21.011196465382298]}, "datetime": {"datetime": "2025-08-11 22:05:17", "elapsed": 20397.191675901413, "delta": 22.42944884300232}, "costs": {"total_cost": 232.25301159239865, "time_cost": 90.398, "final_distance_cost": 1.7169818989608459, "oscillation_cost": 36.83858758280319, "completition_cost": 0.0, "overshoot_cost": 56.70009975414859, "power_cost": 23.607997583007812, "noise_cost": 22.991344773478197, "n_waypoints_completed": 9, "tot_waypoints": 9}}
{"target": -223.23968769527445, "params": {"k_pid_pos": [1.0031316701085804, 0.7343627051010597, 0.40092638265648595], "k_pid_alt": [1.2679502233621702, 0.0, 0.06527723447865985], "k_pid_att": [24.0942673894178, 3.7802132718527557, 0.9125065750547853], "k_pid_yaw": [0.5, 1e-06, 0.1], "k_pid_hsp": [9.288442103993281, 0.011264223901387349, 0.0], "k_pid_vsp": [67.06746789475653, 307.0029666248519, 62.564861685850005]}, "datetime": {"datetime": "2025-08-11 22:05:36", "elapsed": 20416.37412905693, "delta": 19.182453155517578}, "costs": {"total_cost": 223.23968769527445, "time_cost": 77.217, "final_distance_cost": 1.7995120024255786, "oscillation_cost": 52.77075871891397, "completition_cost": 0.0, "overshoot_cost": 51.4608324458764, "power_cost": 20.726973376464844, "noise_cost": 19.264611151593652, "n_waypoints_completed": 9, "tot_waypoints": 9}}
{"target": -512.1712549746146, "params": {"k_pid_pos": [1.0031316701085804, 0.024859491386256316, 0.40092638265648595], "k_pid_alt": [1.4042554731110006, 0.0, 0.06527723447865985], "k_pid_att": [24.0942673894178, 3.7802132718527557, 0.8792759721912583], "k_pid_yaw": [0.5, 1e-06, 0.1], "k_pid_hsp": [0.09847755819799779, 0.4790457387946232, 0.3950757236861081], "k_pid_vsp": [292.94687076665593, 307.0029666248519, 62.564861685850005]}, "datetime": {"datetime": "2025-08-11 22:06:02", "elapsed": 20441.59633088112, "delta": 25.222201824188232}, "costs": {"total_cost": 512.1712549746146, "time_cost": 99.533, "final_distance_cost": 1.742837146940879, "oscillation_cost": 281.51296433467445, "completition_cost": 0.0, "overshoot_cost": 75.91371094610274, "power_cost": 29.056798767089845, "noise_cost": 24.41194377980663, "n_waypoints_completed": 9, "tot_waypoints": 9}}
{"target": -185.8804871918759, "params": {"k_pid_pos": [1.3296566129936354, 0.024859491386256316, 0.40092638265648595], "k_pid_alt": [1.2679502233621702, 0.0, 0.06527723447865985], "k_pid_att": [24.0942673894178, 4.273161054152589, 0.8792759721912583], "k_pid_yaw": [0.5, 1e-06, 0.1], "k_pid_hsp": [0.09847755819799779, 0.011264223901387349, 0.0], "k_pid_vsp": [292.94687076665593, 381.5365089319878, 62.564861685850005]}, "datetime": {"datetime": "2025-08-11 22:06:20", "elapsed": 20459.861384630203, "delta": 18.265053749084473}, "costs": {"total_cost": 185.8804871918759, "time_cost": 69.916, "final_distance_cost": 1.8081159773670092, "oscillation_cost": 28.260085939959364, "completition_cost": 0.0, "overshoot_cost": 50.41888851170909, "power_cost": 18.016277819824218, "noise_cost": 17.4611189430162, "n_waypoints_completed": 9, "tot_waypoints": 9}}
{"target": -201.604926716813, "params": {"k_pid_pos": [1.9176378968916694, 0.024859491386256316, 0.40092638265648595], "k_pid_alt": [0.9817036778136525, 0.0, 0.06527723447865985], "k_pid_att": [24.0942673894178, 3.7802132718527557, 0.8792759721912583], "k_pid_yaw": [0.5, 1e-06, 0.1], "k_pid_hsp": [5.680285610963587, 0.011264223901387349, 0.0], "k_pid_vsp": [284.5460512203246, 307.0029666248519, 62.564861685850005]}, "datetime": {"datetime": "2025-08-11 22:06:37", "elapsed": 20477.077137708664, "delta": 17.215753078460693}, "costs": {"total_cost": 201.604926716813, "time_cost": 69.377, "final_distance_cost": 1.819952963868968, "oscillation_cost": 43.51788688541835, "completition_cost": 0.0, "overshoot_cost": 50.52113614056627, "power_cost": 18.750961511230468, "noise_cost": 17.617989215728965, "n_waypoints_completed": 9, "tot_waypoints": 9}}
{"target": -190.12523882088556, "params": {"k_pid_pos": [1.9176378968916694, 0.024859491386256316, 0.40092638265648595], "k_pid_alt": [1.6319753356852484, 0.0, 0.06527723447865985], "k_pid_att": [24.0942673894178, 7.4108832951548855, 0.6179952950406163], "k_pid_yaw": [0.5, 1e-06, 0.1], "k_pid_hsp": [0.09847755819799779, 0.011264223901387349, 0.0], "k_pid_vsp": [284.5460512203246, 307.0029666248519, 62.564861685850005]}, "datetime": {"datetime": "2025-08-11 22:06:54", "elapsed": 20494.341342687607, "delta": 17.26420497894287}, "costs": {"total_cost": 190.12523882088556, "time_cost": 69.706, "final_distance_cost": 1.8086897787136613, "oscillation_cost": 31.364961143619464, "completition_cost": 0.0, "overshoot_cost": 51.17071051192628, "power_cost": 18.37984304199219, "noise_cost": 17.695034344633978, "n_waypoints_completed": 9, "tot_waypoints": 9}}
{"target": -886.862277260264, "params": {"k_pid_pos": [1.0031316701085804, 0.9016903038374416, 0.40092638265648595], "k_pid_alt": [1.2679502233621702, 0.0, 0.6600607021214705], "k_pid_att": [48.72959582322072, 3.7802132718527557, 0.5088498556215773], "k_pid_yaw": [0.5, 1e-06, 0.1], "k_pid_hsp": [0.09847755819799779, 0.011264223901387349, 0.28190674535330673], "k_pid_vsp": [315.8089586555307, 307.0029666248519, 62.564861685850005]}, "datetime": {"datetime": "2025-08-11 22:07:25", "elapsed": 20524.601118326187, "delta": 30.259775638580322}, "costs": {"total_cost": 886.862277260264, "time_cost": 150, "final_distance_cost": 67.82561531758273, "oscillation_cost": 409.3746543452356, "completition_cost": 111.11111111111116, "overshoot_cost": 86.20739249336528, "power_cost": 33.944603125, "noise_cost": 28.39890086796921, "n_waypoints_completed": 8, "tot_waypoints": 9}}
{"target": -185.04945864259696, "params": {"k_pid_pos": [1.0031316701085804, 0.024859491386256316, 0.40092638265648595], "k_pid_alt": [1.2679502233621702, 0.0, 0.06527723447865985], "k_pid_att": [24.0942673894178, 3.7802132718527557, 0.8792759721912583], "k_pid_yaw": [0.5, 1e-06, 0.1], "k_pid_hsp": [0.09847755819799779, 0.011264223901387349, 0.0], "k_pid_vsp": [376.5747392387296, 307.0029666248519, 62.564861685850005]}, "datetime": {"datetime": "2025-08-11 22:07:44", "elapsed": 20543.409375190735, "delta": 18.80825686454773}, "costs": {"total_cost": 185.04945864259696, "time_cost": 70.574, "final_distance_cost": 1.8148208272143387, "oscillation_cost": 25.698158735309573, "completition_cost": 0.0, "overshoot_cost": 50.97610148133103, "power_cost": 18.207005200195315, "noise_cost": 17.779372398546727, "n_waypoints_completed": 9, "tot_waypoints": 9}}
{"target": -373.3635120178782, "params": {"k_pid_pos": [1.0031316701085804, 0.024859491386256316, 0.40092638265648595], "k_pid_alt": [1.2679502233621702, 0.6017481209158007, 0.06527723447865985], "k_pid_att": [24.0942673894178, 0.18205753750414305, 0.9798181594307654], "k_pid_yaw": [0.5, 1e-06, 0.1], "k_pid_hsp": [2.081042749328253, 0.011264223901387349, 0.2621727531502741], "k_pid_vsp": [292.94687076665593, 249.2161134825686, 21.011196465382298]}, "datetime": {"datetime": "2025-08-11 22:08:03", "elapsed": 20563.17125892639, "delta": 19.76188373565674}, "costs": {"total_cost": 373.3635120178782, "time_cost": 80.367, "final_distance_cost": 1.76246996682982, "oscillation_cost": 198.19983981060074, "completition_cost": 0.0, "overshoot_cost": 52.243609131739476, "power_cost": 20.97784580078125, "noise_cost": 19.81274730792685, "n_waypoints_completed": 9, "tot_waypoints": 9}}
{"target": -184.57102301455348, "params": {"k_pid_pos": [0.9203224573796739, 0.024859491386256316, 0.40092638265648595], "k_pid_alt": [1.2679502233621702, 0.0, 0.06527723447865985], "k_pid_att": [24.0942673894178, 0.18205753750414305, 0.8792759721912583], "k_pid_yaw": [0.5, 1e-06, 0.1], "k_pid_hsp": [0.09847755819799779, 0.011264223901387349, 0.0], "k_pid_vsp": [292.94687076665593, 307.0029666248519, 40.70050142659987]}, "datetime": {"datetime": "2025-08-11 22:08:22", "elapsed": 20581.690688610077, "delta": 18.519429683685303}, "costs": {"total_cost": 184.57102301455348, "time_cost": 70.959, "final_distance_cost": 1.8334742334170568, "oscillation_cost": 24.82956467310193, "completition_cost": 0.0, "overshoot_cost": 51.12903153582864, "power_cost": 18.037896203613283, "noise_cost": 17.782056368592563, "n_waypoints_completed": 9, "tot_waypoints": 9}}
