{"target": -197.2873106530324, "params": {"k_pid_pos": [1.0031316701085804, 0.024859491386256316, 0.40092638265648595], "k_pid_alt": [0.4683065483083426, 0.0, 0.06527723447865985], "k_pid_att": [25.463483275157817, 5.859554809351448, 0.666719676683535], "k_pid_yaw": [0.5, 1e-06, 0.1], "k_pid_hsp": [0.09847755819799779, 0.011264223901387349, 0.0], "k_pid_vsp": [264.9966777379314, 304.1795245652576, 2.77343605205192]}, "datetime": {"datetime": "2025-08-12 04:45:14", "elapsed": 44394.12868261337, "delta": 21.28785753250122}, "costs": {"total_cost": 197.2873106530324, "time_cost": 79.10000000000001, "final_distance_cost": 1.8575896915177592, "oscillation_cost": 26.734573414396234, "completition_cost": 0.0, "overshoot_cost": 51.25985212614542, "power_cost": 15.7161068359375, "noise_cost": 22.61918858503549, "n_waypoints_completed": 9, "tot_waypoints": 9}}
{"target": -252.56289459346456, "params": {"k_pid_pos": [1.0031316701085804, 0.024859491386256316, 0.42495672118777295], "k_pid_alt": [1.85112020821355, 0.0, 0.06527723447865985], "k_pid_att": [25.463483275157817, 1.3662688108279974, 0.666719676683535], "k_pid_yaw": [0.5, 1e-06, 0.1], "k_pid_hsp": [0.09847755819799779, 0.011264223901387349, 0.0], "k_pid_vsp": [264.9966777379314, 304.1795245652576, 175.46815409112943]}, "datetime": {"datetime": "2025-08-12 04:45:41", "elapsed": 44421.063834667206, "delta": 26.935152053833008}, "costs": {"total_cost": 252.56289459346456, "time_cost": 102.928, "final_distance_cost": 1.8360608252073802, "oscillation_cost": 26.406799676007918, "completition_cost": 0.0, "overshoot_cost": 68.82995456375374, "power_cost": 26.325608129882813, "noise_cost": 26.236471398612707, "n_waypoints_completed": 9, "tot_waypoints": 9}}
{"target": -183.08407650406252, "params": {"k_pid_pos": [1.0031316701085804, 0.024859491386256316, 0.40092638265648595], "k_pid_alt": [1.7297729984189598, 0.0, 0.06527723447865985], "k_pid_att": [10.85276784655954, 1.4953935029224072, 0.666719676683535], "k_pid_yaw": [0.5, 1e-06, 0.1], "k_pid_hsp": [0.09847755819799779, 0.011264223901387349, 0.0], "k_pid_vsp": [264.9966777379314, 304.1795245652576, 2.77343605205192]}, "datetime": {"datetime": "2025-08-12 04:45:59", "elapsed": 44439.10192966461, "delta": 18.038094997406006}, "costs": {"total_cost": 183.08407650406252, "time_cost": 69.97200000000001, "final_distance_cost": 1.8232561110929182, "oscillation_cost": 25.830634925397458, "completition_cost": 0.0, "overshoot_cost": 50.605337999513814, "power_cost": 14.15017557373047, "noise_cost": 20.702671894327832, "n_waypoints_completed": 9, "tot_waypoints": 9}}
{"target": -205.39012587415428, "params": {"k_pid_pos": [1.9222450990525104, 0.024859491386256316, 0.40092638265648595], "k_pid_alt": [1.7297729984189598, 0.7396824379760043, 0.06527723447865985], "k_pid_att": [25.463483275157817, 5.859554809351448, 0.666719676683535], "k_pid_yaw": [0.5, 1e-06, 0.1], "k_pid_hsp": [0.09847755819799779, 0.011264223901387349, 0.0], "k_pid_vsp": [264.9966777379314, 304.1795245652576, 2.77343605205192]}, "datetime": {"datetime": "2025-08-12 04:46:20", "elapsed": 44459.56679177284, "delta": 20.46486210823059}, "costs": {"total_cost": 205.39012587415428, "time_cost": 77.875, "final_distance_cost": 1.7772322359740893, "oscillation_cost": 34.808565112049855, "completition_cost": 0.0, "overshoot_cost": 52.34344227936223, "power_cost": 16.43178282470703, "noise_cost": 22.15410342206111, "n_waypoints_completed": 9, "tot_waypoints": 9}}
{"target": -184.58799002919878, "params": {"k_pid_pos": [1.2291269948485064, 0.024859491386256316, 0.40092638265648595], "k_pid_alt": [1.7297729984189598, 0.0, 0.06527723447865985], "k_pid_att": [10.85276784655954, 1.4953935029224072, 0.666719676683535], "k_pid_yaw": [0.5, 1e-06, 0.1], "k_pid_hsp": [0.09847755819799779, 0.011264223901387349, 0.0], "k_pid_vsp": [264.9966777379314, 304.1795245652576, 2.77343605205192]}, "datetime": {"datetime": "2025-08-12 04:46:37", "elapsed": 44477.22697710991, "delta": 17.66018533706665}, "costs": {"total_cost": 184.58799002919878, "time_cost": 69.426, "final_distance_cost": 1.8061039556085046, "oscillation_cost": 27.81821665693644, "completition_cost": 0.0, "overshoot_cost": 50.967497633480896, "power_cost": 14.191709436035158, "noise_cost": 20.378462347137777, "n_waypoints_completed": 9, "tot_waypoints": 9}}
{"target": -186.66529752109307, "params": {"k_pid_pos": [1.4200659215445044, 0.024859491386256316, 0.40092638265648595], "k_pid_alt": [1.2072933116153153, 0.0, 0.06527723447865985], "k_pid_att": [44.28116398441722, 5.859554809351448, 0.666719676683535], "k_pid_yaw": [0.5, 1e-06, 0.1], "k_pid_hsp": [0.09847755819799779, 0.011264223901387349, 0.0], "k_pid_vsp": [264.9966777379314, 304.1795245652576, 2.77343605205192]}, "datetime": {"datetime": "2025-08-12 04:46:56", "elapsed": 44495.90733098984, "delta": 18.68035387992859}, "costs": {"total_cost": 186.66529752109307, "time_cost": 69.916, "final_distance_cost": 1.7997758715311127, "oscillation_cost": 29.24604945954823, "completition_cost": 0.0, "overshoot_cost": 50.69621501059276, "power_cost": 14.44479599609375, "noise_cost": 20.56246118332723, "n_waypoints_completed": 9, "tot_waypoints": 9}}
{"target": -196.7666956906478, "params": {"k_pid_pos": [1.0031316701085804, 0.024859491386256316, 0.980998060339783], "k_pid_alt": [1.7297729984189598, 0.3132955326099772, 0.06527723447865985], "k_pid_att": [25.463483275157817, 3.5472224105736805, 0.666719676683535], "k_pid_yaw": [0.5, 1e-06, 0.1], "k_pid_hsp": [0.09847755819799779, 0.011264223901387349, 0.0], "k_pid_vsp": [264.9966777379314, 304.1795245652576, 2.77343605205192]}, "datetime": {"datetime": "2025-08-12 04:47:17", "elapsed": 44516.762174367905, "delta": 20.854843378067017}, "costs": {"total_cost": 196.7666956906478, "time_cost": 80.045, "final_distance_cost": 1.8055736784511422, "oscillation_cost": 25.11883924096528, "completition_cost": 0.0, "overshoot_cost": 51.77920827449345, "power_cost": 15.347707299804688, "noise_cost": 22.670367196933253, "n_waypoints_completed": 9, "tot_waypoints": 9}}
{"target": -302.8350983971841, "params": {"k_pid_pos": [1.0031316701085804, 0.024859491386256316, 0.40092638265648595], "k_pid_alt": [1.85112020821355, 0.0, 0.06527723447865985], "k_pid_att": [25.463483275157817, 5.859554809351448, 0.666719676683535], "k_pid_yaw": [0.5, 1e-06, 0.1], "k_pid_hsp": [0.09847755819799779, 0.39251787301599905, 0.0], "k_pid_vsp": [86.62925229669689, 304.1795245652576, 2.77343605205192]}, "datetime": {"datetime": "2025-08-12 04:47:40", "elapsed": 44539.69917631149, "delta": 22.937001943588257}, "costs": {"total_cost": 302.8350983971841, "time_cost": 88.837, "final_distance_cost": 1.8540264596410478, "oscillation_cost": 103.30324740644518, "completition_cost": 0.0, "overshoot_cost": 57.60175914434584, "power_cost": 23.674666772460938, "noise_cost": 27.56439861429105, "n_waypoints_completed": 9, "tot_waypoints": 9}}
{"target": -183.80511735781252, "params": {"k_pid_pos": [1.0031316701085804, 0.024859491386256316, 0.3813471713810148], "k_pid_alt": [1.7297729984189598, 0.0, 0.06527723447865985], "k_pid_att": [25.463483275157817, 1.4953935029224072, 0.666719676683535], "k_pid_yaw": [0.5, 1e-06, 0.1], "k_pid_hsp": [0.09847755819799779, 0.011264223901387349, 0.0], "k_pid_vsp": [100.00506902703879, 304.1795245652576, 2.77343605205192]}, "datetime": {"datetime": "2025-08-12 04:47:59", "elapsed": 44558.87040281296, "delta": 19.171226501464844}, "costs": {"total_cost": 183.80511735781252, "time_cost": 69.881, "final_distance_cost": 1.8166700003902718, "oscillation_cost": 26.527742842575048, "completition_cost": 0.0, "overshoot_cost": 50.54863821322319, "power_cost": 14.384980017089845, "noise_cost": 20.646086284534164, "n_waypoints_completed": 9, "tot_waypoints": 9}}
{"target": -558.2291526988251, "params": {"k_pid_pos": [1.0031316701085804, 0.024859491386256316, 0.40092638265648595], "k_pid_alt": [1.7297729984189598, 0.0, 0.06527723447865985], "k_pid_att": [10.85276784655954, 4.784613430283875, 0.666719676683535], "k_pid_yaw": [0.5, 1e-06, 0.1], "k_pid_hsp": [0.09847755819799779, 0.523382906365087, 0.0], "k_pid_vsp": [264.9966777379314, 304.1795245652576, 120.63999617495661]}, "datetime": {"datetime": "2025-08-12 04:48:30", "elapsed": 44590.11398410797, "delta": 31.243581295013428}, "costs": {"total_cost": 558.2291526988251, "time_cost": 150, "final_distance_cost": 9.20628540692871, "oscillation_cost": 141.6742955569543, "completition_cost": 111.11111111111116, "overshoot_cost": 75.76998677832994, "power_cost": 36.415366308593754, "noise_cost": 34.05210753690733, "n_waypoints_completed": 8, "tot_waypoints": 9}}
{"target": -184.30554100573227, "params": {"k_pid_pos": [1.0031316701085804, 0.024859491386256316, 0.42495672118777295], "k_pid_alt": [1.85112020821355, 0.0, 0.06527723447865985], "k_pid_att": [70.32367692400724, 7.347914484943822, 0.666719676683535], "k_pid_yaw": [0.5, 1e-06, 0.1], "k_pid_hsp": [0.09847755819799779, 0.011264223901387349, 0.0], "k_pid_vsp": [303.00008221409286, 140.03862743104432, 2.77343605205192]}, "datetime": {"datetime": "2025-08-12 04:48:49", "elapsed": 44609.062972307205, "delta": 18.94898819923401}, "costs": {"total_cost": 184.30554100573227, "time_cost": 70.364, "final_distance_cost": 1.833165100955455, "oscillation_cost": 25.439352840381883, "completition_cost": 0.0, "overshoot_cost": 51.36889553234444, "power_cost": 14.208462658691406, "noise_cost": 21.091664873359058, "n_waypoints_completed": 9, "tot_waypoints": 9}}
{"target": -183.42310644623106, "params": {"k_pid_pos": [1.0031316701085804, 0.024859491386256316, 0.40092638265648595], "k_pid_alt": [1.7297729984189598, 0.0, 0.06527723447865985], "k_pid_att": [25.463483275157817, 5.859554809351448, 0.666719676683535], "k_pid_yaw": [0.5, 1e-06, 0.1], "k_pid_hsp": [0.09847755819799779, 0.011264223901387349, 0.0], "k_pid_vsp": [291.03214645110495, 304.1795245652576, 2.77343605205192]}, "datetime": {"datetime": "2025-08-12 04:49:08", "elapsed": 44627.60054421425, "delta": 18.537571907043457}, "costs": {"total_cost": 183.42310644623106, "time_cost": 69.979, "final_distance_cost": 1.8398614542141414, "oscillation_cost": 26.11618569111419, "completition_cost": 0.0, "overshoot_cost": 50.63849527070978, "power_cost": 14.146241674804688, "noise_cost": 20.703322355388273, "n_waypoints_completed": 9, "tot_waypoints": 9}}
{"target": -1149.8782456958932, "params": {"k_pid_pos": [0.037296874224611296, 0.024859491386256316, 0.40092638265648595], "k_pid_alt": [1.7297729984189598, 0.0, 0.6137735415975708], "k_pid_att": [25.463483275157817, 7.389614396826664, 0.5197892172528623], "k_pid_yaw": [0.5, 1e-06, 0.1], "k_pid_hsp": [7.6165916525026764, 0.011264223901387349, 0.0], "k_pid_vsp": [264.9966777379314, 304.1795245652576, 2.77343605205192]}, "datetime": {"datetime": "2025-08-12 04:49:39", "elapsed": 44658.72008872032, "delta": 31.119544506072998}, "costs": {"total_cost": 1149.8782456958932, "time_cost": 150, "final_distance_cost": 75.91590747888281, "oscillation_cost": 22.586242941698192, "completition_cost": 777.7777777777778, "overshoot_cost": 69.37728466459475, "power_cost": 21.159002392578127, "noise_cost": 33.06203044036142, "n_waypoints_completed": 2, "tot_waypoints": 9}}
{"target": -835.0028128031611, "params": {"k_pid_pos": [1.0031316701085804, 0.09608651881807295, 0.42495672118777295], "k_pid_alt": [1.85112020821355, 0.0, 0.06527723447865985], "k_pid_att": [25.06356558820614, 7.347914484943822, 0.332604625203343], "k_pid_yaw": [0.5, 1e-06, 0.1], "k_pid_hsp": [0.09847755819799779, 0.9682737338557164, 0.8226265404506604], "k_pid_vsp": [264.9966777379314, 304.1795245652576, 134.18887080171567]}, "datetime": {"datetime": "2025-08-12 04:50:09", "elapsed": 44689.1472761631, "delta": 30.42718744277954}, "costs": {"total_cost": 835.0028128031611, "time_cost": 150, "final_distance_cost": 7.879587086831249, "oscillation_cost": 402.6415574756285, "completition_cost": 111.11111111111116, "overshoot_cost": 102.38297196930003, "power_cost": 32.68569636230469, "noise_cost": 28.301888797985438, "n_waypoints_completed": 8, "tot_waypoints": 9}}
{"target": -867.313773359981, "params": {"k_pid_pos": [0.7525203546561593, 0.024859491386256316, 0.40092638265648595], "k_pid_alt": [1.7297729984189598, 0.0, 0.2058926762241634], "k_pid_att": [50.917657588734414, 0.92936502564455, 0.666719676683535], "k_pid_yaw": [0.5, 1e-06, 0.1], "k_pid_hsp": [2.4749177782347553, 0.011264223901387349, 0.8105938006018973], "k_pid_vsp": [264.9966777379314, 304.1795245652576, 2.77343605205192]}, "datetime": {"datetime": "2025-08-12 04:50:37", "elapsed": 44717.175303697586, "delta": 28.028027534484863}, "costs": {"total_cost": 867.313773359981, "time_cost": 110.012, "final_distance_cost": 1.7656700873030255, "oscillation_cost": 630.529107865968, "completition_cost": 0.0, "overshoot_cost": 64.10053759600858, "power_cost": 30.785745556640627, "noise_cost": 30.120712254060738, "n_waypoints_completed": 9, "tot_waypoints": 9}}
{"target": -183.29173873452203, "params": {"k_pid_pos": [1.0031316701085804, 0.024859491386256316, 0.40092638265648595], "k_pid_alt": [1.7297729984189598, 0.0, 0.06527723447865985], "k_pid_att": [25.463483275157817, 5.859554809351448, 0.666719676683535], "k_pid_yaw": [0.5, 1e-06, 0.1], "k_pid_hsp": [0.09847755819799779, 0.011264223901387349, 0.0], "k_pid_vsp": [264.9966777379314, 304.1795245652576, 2.77343605205192]}, "datetime": {"datetime": "2025-08-12 04:50:54", "elapsed": 44734.040531396866, "delta": 16.865227699279785}, "costs": {"total_cost": 183.29173873452203, "time_cost": 69.958, "final_distance_cost": 1.827688998091301, "oscillation_cost": 26.089405561688785, "completition_cost": 0.0, "overshoot_cost": 50.5115138962055, "power_cost": 14.168877612304689, "noise_cost": 20.73625266623174, "n_waypoints_completed": 9, "tot_waypoints": 9}}
{"target": -184.79742476865562, "params": {"k_pid_pos": [1.0031316701085804, 0.024859491386256316, 0.40092638265648595], "k_pid_alt": [1.7297729984189598, 0.0, 0.7248340866032845], "k_pid_att": [25.463483275157817, 5.859554809351448, 0.666719676683535], "k_pid_yaw": [0.5, 1e-06, 0.1], "k_pid_hsp": [0.09847755819799779, 0.011264223901387349, 0.0], "k_pid_vsp": [152.1284020564883, 310.3723599325286, 2.77343605205192]}, "datetime": {"datetime": "2025-08-12 04:51:14", "elapsed": 44753.61612582207, "delta": 19.575594425201416}, "costs": {"total_cost": 184.79742476865562, "time_cost": 70.98, "final_distance_cost": 1.8293507285689763, "oscillation_cost": 26.248745373936117, "completition_cost": 0.0, "overshoot_cost": 50.59022430386374, "power_cost": 14.37261610107422, "noise_cost": 20.77648826121257, "n_waypoints_completed": 9, "tot_waypoints": 9}}
{"target": -183.08407650406252, "params": {"k_pid_pos": [1.0031316701085804, 0.024859491386256316, 0.40092638265648595], "k_pid_alt": [1.7297729984189598, 0.0, 0.06527723447865985], "k_pid_att": [10.85276784655954, 1.4953935029224072, 0.666719676683535], "k_pid_yaw": [0.5, 1e-06, 0.1], "k_pid_hsp": [0.09847755819799779, 0.011264223901387349, 0.0], "k_pid_vsp": [264.9966777379314, 304.1795245652576, 2.77343605205192]}, "datetime": {"datetime": "2025-08-12 04:51:31", "elapsed": 44770.79001331329, "delta": 17.173887491226196}, "costs": {"total_cost": 183.08407650406252, "time_cost": 69.97200000000001, "final_distance_cost": 1.8232561110929182, "oscillation_cost": 25.830634925397458, "completition_cost": 0.0, "overshoot_cost": 50.605337999513814, "power_cost": 14.15017557373047, "noise_cost": 20.702671894327832, "n_waypoints_completed": 9, "tot_waypoints": 9}}
{"target": -183.08407650406252, "params": {"k_pid_pos": [1.0031316701085804, 0.024859491386256316, 0.40092638265648595], "k_pid_alt": [1.7297729984189598, 0.0, 0.06527723447865985], "k_pid_att": [10.85276784655954, 1.4953935029224072, 0.666719676683535], "k_pid_yaw": [0.5, 1e-06, 0.1], "k_pid_hsp": [0.09847755819799779, 0.011264223901387349, 0.0], "k_pid_vsp": [264.9966777379314, 304.1795245652576, 2.77343605205192]}, "datetime": {"datetime": "2025-08-12 04:51:50", "elapsed": 44789.90621137619, "delta": 19.11619806289673}, "costs": {"total_cost": 183.08407650406252, "time_cost": 69.97200000000001, "final_distance_cost": 1.8232561110929182, "oscillation_cost": 25.830634925397458, "completition_cost": 0.0, "overshoot_cost": 50.605337999513814, "power_cost": 14.15017557373047, "noise_cost": 20.702671894327832, "n_waypoints_completed": 9, "tot_waypoints": 9}}
{"target": -183.29173873452203, "params": {"k_pid_pos": [1.0031316701085804, 0.024859491386256316, 0.40092638265648595], "k_pid_alt": [1.7297729984189598, 0.0, 0.06527723447865985], "k_pid_att": [25.463483275157817, 5.859554809351448, 0.666719676683535], "k_pid_yaw": [0.5, 1e-06, 0.1], "k_pid_hsp": [0.09847755819799779, 0.011264223901387349, 0.0], "k_pid_vsp": [264.9966777379314, 304.1795245652576, 2.77343605205192]}, "datetime": {"datetime": "2025-08-12 04:52:07", "elapsed": 44807.35632300377, "delta": 17.450111627578735}, "costs": {"total_cost": 183.29173873452203, "time_cost": 69.958, "final_distance_cost": 1.827688998091301, "oscillation_cost": 26.089405561688785, "completition_cost": 0.0, "overshoot_cost": 50.5115138962055, "power_cost": 14.168877612304689, "noise_cost": 20.73625266623174, "n_waypoints_completed": 9, "tot_waypoints": 9}}
{"target": -183.47164719527385, "params": {"k_pid_pos": [1.0031316701085804, 0.024859491386256316, 0.40092638265648595], "k_pid_alt": [1.7297729984189598, 0.0, 0.3914560168416277], "k_pid_att": [10.85276784655954, 0.6665116933437144, 0.666719676683535], "k_pid_yaw": [0.5, 1e-06, 0.1], "k_pid_hsp": [0.09847755819799779, 0.011264223901387349, 0.0], "k_pid_vsp": [343.8859856159743, 304.1795245652576, 2.77343605205192]}, "datetime": {"datetime": "2025-08-12 04:52:26", "elapsed": 44825.97521853447, "delta": 18.618895530700684}, "costs": {"total_cost": 183.47164719527385, "time_cost": 70.413, "final_distance_cost": 1.8150370486219687, "oscillation_cost": 25.709171182210248, "completition_cost": 0.0, "overshoot_cost": 50.48143917995447, "power_cost": 14.212313427734376, "noise_cost": 20.840686356752766, "n_waypoints_completed": 9, "tot_waypoints": 9}}
{"target": -184.7548213471036, "params": {"k_pid_pos": [1.2291269948485064, 0.024859491386256316, 0.40092638265648595], "k_pid_alt": [1.3427773022103757, 0.0, 0.06527723447865985], "k_pid_att": [25.463483275157817, 5.859554809351448, 0.666719676683535], "k_pid_yaw": [0.5, 1e-06, 0.1], "k_pid_hsp": [0.09847755819799779, 0.011264223901387349, 0.0], "k_pid_vsp": [264.9966777379314, 304.1795245652576, 2.77343605205192]}, "datetime": {"datetime": "2025-08-12 04:52:43", "elapsed": 44842.97650551796, "delta": 17.00128698348999}, "costs": {"total_cost": 184.7548213471036, "time_cost": 69.748, "final_distance_cost": 1.827573390748348, "oscillation_cost": 27.935380702560714, "completition_cost": 0.0, "overshoot_cost": 50.32951532323905, "power_cost": 14.371796130371095, "noise_cost": 20.542555800184406, "n_waypoints_completed": 9, "tot_waypoints": 9}}
{"target": -183.08407650406252, "params": {"k_pid_pos": [1.0031316701085804, 0.024859491386256316, 0.40092638265648595], "k_pid_alt": [1.7297729984189598, 0.0, 0.06527723447865985], "k_pid_att": [10.85276784655954, 1.4953935029224072, 0.666719676683535], "k_pid_yaw": [0.5, 1e-06, 0.1], "k_pid_hsp": [0.09847755819799779, 0.011264223901387349, 0.0], "k_pid_vsp": [264.9966777379314, 304.1795245652576, 2.77343605205192]}, "datetime": {"datetime": "2025-08-12 04:53:02", "elapsed": 44862.08135175705, "delta": 19.104846239089966}, "costs": {"total_cost": 183.08407650406252, "time_cost": 69.97200000000001, "final_distance_cost": 1.8232561110929182, "oscillation_cost": 25.830634925397458, "completition_cost": 0.0, "overshoot_cost": 50.605337999513814, "power_cost": 14.15017557373047, "noise_cost": 20.702671894327832, "n_waypoints_completed": 9, "tot_waypoints": 9}}
{"target": -183.08407650406252, "params": {"k_pid_pos": [1.0031316701085804, 0.024859491386256316, 0.40092638265648595], "k_pid_alt": [1.7297729984189598, 0.0, 0.06527723447865985], "k_pid_att": [10.85276784655954, 1.4953935029224072, 0.666719676683535], "k_pid_yaw": [0.5, 1e-06, 0.1], "k_pid_hsp": [0.09847755819799779, 0.011264223901387349, 0.0], "k_pid_vsp": [264.9966777379314, 304.1795245652576, 2.77343605205192]}, "datetime": {"datetime": "2025-08-12 04:53:20", "elapsed": 44879.661725759506, "delta": 17.580374002456665}, "costs": {"total_cost": 183.08407650406252, "time_cost": 69.97200000000001, "final_distance_cost": 1.8232561110929182, "oscillation_cost": 25.830634925397458, "completition_cost": 0.0, "overshoot_cost": 50.605337999513814, "power_cost": 14.15017557373047, "noise_cost": 20.702671894327832, "n_waypoints_completed": 9, "tot_waypoints": 9}}
{"target": -183.54583700641217, "params": {"k_pid_pos": [1.0031316701085804, 0.024859491386256316, 0.40092638265648595], "k_pid_alt": [1.7297729984189598, 0.0, 0.06527723447865985], "k_pid_att": [25.463483275157817, 5.859554809351448, 0.3208883335954925], "k_pid_yaw": [0.5, 1e-06, 0.1], "k_pid_hsp": [0.09847755819799779, 0.011264223901387349, 0.0], "k_pid_vsp": [264.9966777379314, 304.1795245652576, 2.77343605205192]}, "datetime": {"datetime": "2025-08-12 04:53:39", "elapsed": 44898.4939866066, "delta": 18.832260847091675}, "costs": {"total_cost": 183.54583700641217, "time_cost": 69.979, "final_distance_cost": 1.822563314264406, "oscillation_cost": 26.22104971069586, "completition_cost": 0.0, "overshoot_cost": 50.61834677034513, "power_cost": 14.181021984863282, "noise_cost": 20.723855226243508, "n_waypoints_completed": 9, "tot_waypoints": 9}}
