{"target": -196.51480457410753, "params": {"k_pid_pos": [1.6397186260693044, 0.19767101818116828, 0.37255195504867966], "k_pid_alt": [1.9160597436741602, 0.0, 0.07444874772262577], "k_pid_att": [54.227890723214855, 5.859554809351448, 0.666719676683535], "k_pid_yaw": [0.5, 1e-06, 0.1], "k_pid_hsp": [0.09847755819799779, 0.011264223901387349, 0.0], "k_pid_vsp": [18.79289508575375, 140.03862743104432, 2.77343605205192]}, "datetime": {"datetime": "2025-08-12 03:50:03", "elapsed": 41082.75266242027, "delta": 19.864585399627686}, "costs": {"total_cost": 196.51480457410753, "time_cost": 72.548, "final_distance_cost": 1.79111097083263, "oscillation_cost": 34.18591725583746, "completition_cost": 0.0, "overshoot_cost": 50.9853117190794, "power_cost": 16.31207067871094, "noise_cost": 20.692393949647112, "n_waypoints_completed": 9, "tot_waypoints": 9}}
{"target": -183.61910185961068, "params": {"k_pid_pos": [1.0031316701085804, 0.024859491386256316, 0.37255195504867966], "k_pid_alt": [1.9160597436741602, 0.0, 0.06527723447865985], "k_pid_att": [54.227890723214855, 7.978625951804349, 0.666719676683535], "k_pid_yaw": [0.5, 1e-06, 0.1], "k_pid_hsp": [0.09847755819799779, 0.011264223901387349, 0.0], "k_pid_vsp": [264.9966777379314, 261.48215325333564, 2.77343605205192]}, "datetime": {"datetime": "2025-08-12 03:50:20", "elapsed": 41100.09217476845, "delta": 17.33951234817505}, "costs": {"total_cost": 183.61910185961068, "time_cost": 70.0, "final_distance_cost": 1.8221294386044613, "oscillation_cost": 26.04145472739617, "completition_cost": 0.0, "overshoot_cost": 50.63143195396088, "power_cost": 14.250710021972656, "noise_cost": 20.873375717676513, "n_waypoints_completed": 9, "tot_waypoints": 9}}
{"target": -183.37223372215468, "params": {"k_pid_pos": [1.0031316701085804, 0.024859491386256316, 0.40092638265648595], "k_pid_alt": [1.7297729984189598, 0.0, 0.06527723447865985], "k_pid_att": [37.12179941719916, 1.9360914828558924, 0.666719676683535], "k_pid_yaw": [0.5, 1e-06, 0.1], "k_pid_hsp": [0.09847755819799779, 0.011264223901387349, 0.0], "k_pid_vsp": [264.9966777379314, 140.03862743104432, 2.77343605205192]}, "datetime": {"datetime": "2025-08-12 03:50:40", "elapsed": 41119.683618068695, "delta": 19.591443300247192}, "costs": {"total_cost": 183.37223372215468, "time_cost": 70.133, "final_distance_cost": 1.8156517820988298, "oscillation_cost": 25.573876356731372, "completition_cost": 0.0, "overshoot_cost": 50.74693462552331, "power_cost": 14.186826428222657, "noise_cost": 20.915944529578535, "n_waypoints_completed": 9, "tot_waypoints": 9}}
{"target": -183.37223372215468, "params": {"k_pid_pos": [1.0031316701085804, 0.024859491386256316, 0.40092638265648595], "k_pid_alt": [1.7297729984189598, 0.0, 0.06527723447865985], "k_pid_att": [37.12179941719916, 1.9360914828558924, 0.666719676683535], "k_pid_yaw": [0.5, 1e-06, 0.1], "k_pid_hsp": [0.09847755819799779, 0.011264223901387349, 0.0], "k_pid_vsp": [264.9966777379314, 140.03862743104432, 2.77343605205192]}, "datetime": {"datetime": "2025-08-12 03:50:56", "elapsed": 41136.33795928955, "delta": 16.654341220855713}, "costs": {"total_cost": 183.37223372215468, "time_cost": 70.133, "final_distance_cost": 1.8156517820988298, "oscillation_cost": 25.573876356731372, "completition_cost": 0.0, "overshoot_cost": 50.74693462552331, "power_cost": 14.186826428222657, "noise_cost": 20.915944529578535, "n_waypoints_completed": 9, "tot_waypoints": 9}}
{"target": -193.95788510774167, "params": {"k_pid_pos": [0.5544350973877843, 0.024859491386256316, 0.40092638265648595], "k_pid_alt": [1.7297729984189598, 0.0, 0.06527723447865985], "k_pid_att": [37.12179941719916, 1.9360914828558924, 0.261380462049589], "k_pid_yaw": [0.5, 1e-06, 0.1], "k_pid_hsp": [0.09847755819799779, 0.011264223901387349, 0.0], "k_pid_vsp": [247.62506162993122, 261.48215325333564, 2.77343605205192]}, "datetime": {"datetime": "2025-08-12 03:51:18", "elapsed": 41157.408873558044, "delta": 21.070914268493652}, "costs": {"total_cost": 193.95788510774167, "time_cost": 78.904, "final_distance_cost": 1.8603037621877039, "oscillation_cost": 21.344554563739404, "completition_cost": 0.0, "overshoot_cost": 51.646141786966375, "power_cost": 15.332134545898437, "noise_cost": 24.87075044894977, "n_waypoints_completed": 9, "tot_waypoints": 9}}
{"target": -199.53359525754163, "params": {"k_pid_pos": [1.0031316701085804, 0.024859491386256316, 0.37255195504867966], "k_pid_alt": [1.9160597436741602, 0.08856016207044592, 0.06527723447865985], "k_pid_att": [54.227890723214855, 5.859554809351448, 0.666719676683535], "k_pid_yaw": [0.5, 1e-06, 0.1], "k_pid_hsp": [0.09847755819799779, 0.011264223901387349, 0.0], "k_pid_vsp": [264.9966777379314, 232.67684986572337, 2.77343605205192]}, "datetime": {"datetime": "2025-08-12 03:51:39", "elapsed": 41179.073452949524, "delta": 21.664579391479492}, "costs": {"total_cost": 199.53359525754163, "time_cost": 80.94800000000001, "final_distance_cost": 1.7767246598633144, "oscillation_cost": 26.376174110408755, "completition_cost": 0.0, "overshoot_cost": 51.44380355859856, "power_cost": 15.800597949218751, "noise_cost": 23.188294979452245, "n_waypoints_completed": 9, "tot_waypoints": 9}}
{"target": -183.54759455743607, "params": {"k_pid_pos": [1.0031316701085804, 0.024859491386256316, 0.40092638265648595], "k_pid_alt": [1.9160597436741602, 0.0, 0.06527723447865985], "k_pid_att": [12.43088436511497, 5.859554809351448, 0.666719676683535], "k_pid_yaw": [0.5, 1e-06, 0.1], "k_pid_hsp": [0.09847755819799779, 0.011264223901387349, 0.0], "k_pid_vsp": [264.9966777379314, 261.48215325333564, 2.77343605205192]}, "datetime": {"datetime": "2025-08-12 03:51:56", "elapsed": 41196.09365820885, "delta": 17.02020525932312}, "costs": {"total_cost": 183.54759455743607, "time_cost": 69.923, "final_distance_cost": 1.8214271060725893, "oscillation_cost": 26.29581456299858, "completition_cost": 0.0, "overshoot_cost": 50.56828939801657, "power_cost": 14.196330969238282, "noise_cost": 20.742732521110028, "n_waypoints_completed": 9, "tot_waypoints": 9}}
{"target": -1693.7326267149665, "params": {"k_pid_pos": [1.0031316701085804, 0.024859491386256316, 0.37255195504867966], "k_pid_alt": [1.7297729984189598, 0.0, 0.06527723447865985], "k_pid_att": [37.12179941719916, 1.9360914828558924, 0.666719676683535], "k_pid_yaw": [0.5, 1e-06, 0.1], "k_pid_hsp": [0.09847755819799779, 0.011264223901387349, 0.1960627896638205], "k_pid_vsp": [264.9966777379314, 140.03862743104432, 2.77343605205192]}, "datetime": {"datetime": "2025-08-12 03:52:27", "elapsed": 41227.11814236641, "delta": 31.024484157562256}, "costs": {"total_cost": 1693.7326267149665, "time_cost": 150, "final_distance_cost": 41.981117067852786, "oscillation_cost": 777.8008381893467, "completition_cost": 555.5555555555555, "overshoot_cost": 104.84450319524568, "power_cost": 32.87954805908203, "noise_cost": 30.671064647883952, "n_waypoints_completed": 4, "tot_waypoints": 9}}
{"target": -204.88464885527887, "params": {"k_pid_pos": [1.0031316701085804, 0.024859491386256316, 0.40092638265648595], "k_pid_alt": [1.9160597436741602, 0.0, 0.053878507660848673], "k_pid_att": [37.12179941719916, 1.9360914828558924, 0.666719676683535], "k_pid_yaw": [0.5, 1e-06, 0.1], "k_pid_hsp": [5.965584885969634, 0.011264223901387349, 0.0], "k_pid_vsp": [104.30040172718557, 140.03862743104432, 2.77343605205192]}, "datetime": {"datetime": "2025-08-12 03:52:51", "elapsed": 41251.037853717804, "delta": 23.919711351394653}, "costs": {"total_cost": 204.88464885527887, "time_cost": 72.891, "final_distance_cost": 1.852496893443558, "oscillation_cost": 41.69590959636672, "completition_cost": 0.0, "overshoot_cost": 50.60031627369214, "power_cost": 15.439297631835938, "noise_cost": 22.40562845994052, "n_waypoints_completed": 9, "tot_waypoints": 9}}
{"target": -434.745872348738, "params": {"k_pid_pos": [1.0031316701085804, 0.16784794688345817, 0.22876272759744842], "k_pid_alt": [1.7297729984189598, 0.0, 0.06527723447865985], "k_pid_att": [25.463483275157817, 5.859554809351448, 0.666719676683535], "k_pid_yaw": [0.5, 1e-06, 0.1], "k_pid_hsp": [9.459965195844077, 0.011264223901387349, 0.6729314570966927], "k_pid_vsp": [264.9966777379314, 304.1795245652576, 2.77343605205192]}, "datetime": {"datetime": "2025-08-12 03:53:12", "elapsed": 41271.444410800934, "delta": 20.406557083129883}, "costs": {"total_cost": 434.745872348738, "time_cost": 77.021, "final_distance_cost": 1.80618084291137, "oscillation_cost": 262.2000928868366, "completition_cost": 0.0, "overshoot_cost": 51.28876757413458, "power_cost": 19.971201000976563, "noise_cost": 22.45863004387885, "n_waypoints_completed": 9, "tot_waypoints": 9}}
{"target": -389.6975153811387, "params": {"k_pid_pos": [0.745422360986763, 0.024859491386256316, 0.40092638265648595], "k_pid_alt": [1.5262749023082662, 0.0, 0.06527723447865985], "k_pid_att": [25.463483275157817, 5.859554809351448, 0.39143200135910927], "k_pid_yaw": [0.5, 1e-06, 0.1], "k_pid_hsp": [0.09847755819799779, 0.5193865039718747, 0.0], "k_pid_vsp": [264.9966777379314, 304.1795245652576, 14.06315075987657]}, "datetime": {"datetime": "2025-08-12 03:53:42", "elapsed": 41301.439316511154, "delta": 29.994905710220337}, "costs": {"total_cost": 389.6975153811387, "time_cost": 114.49900000000001, "final_distance_cost": 1.7876933922266374, "oscillation_cost": 142.9156024361038, "completition_cost": 0.0, "overshoot_cost": 63.54267831158088, "power_cost": 33.66140421142578, "noise_cost": 33.291137029801625, "n_waypoints_completed": 9, "tot_waypoints": 9}}
{"target": -183.88147356271787, "params": {"k_pid_pos": [1.0031316701085804, 0.024859491386256316, 0.40092638265648595], "k_pid_alt": [1.3847393439894995, 0.0, 0.06527723447865985], "k_pid_att": [75.32453388817156, 5.859554809351448, 0.6173222920818365], "k_pid_yaw": [0.5, 1e-06, 0.1], "k_pid_hsp": [0.09847755819799779, 0.011264223901387349, 0.0], "k_pid_vsp": [264.9966777379314, 285.19281182393763, 2.77343605205192]}, "datetime": {"datetime": "2025-08-12 03:54:00", "elapsed": 41319.648307323456, "delta": 18.208990812301636}, "costs": {"total_cost": 183.88147356271787, "time_cost": 70.35000000000001, "final_distance_cost": 1.8310402334084714, "oscillation_cost": 25.918438732365278, "completition_cost": 0.0, "overshoot_cost": 50.516416769960465, "power_cost": 14.293899182128907, "noise_cost": 20.971678644854727, "n_waypoints_completed": 9, "tot_waypoints": 9}}
{"target": -184.62021979576036, "params": {"k_pid_pos": [1.0031316701085804, 0.024859491386256316, 0.40092638265648595], "k_pid_alt": [1.7297729984189598, 0.045049390821834456, 0.921307692212677], "k_pid_att": [37.12179941719916, 1.9360914828558924, 0.666719676683535], "k_pid_yaw": [0.5, 1e-06, 0.1], "k_pid_hsp": [0.09847755819799779, 0.011264223901387349, 0.0], "k_pid_vsp": [104.30040172718557, 140.03862743104432, 2.77343605205192]}, "datetime": {"datetime": "2025-08-12 03:54:19", "elapsed": 41338.51187372208, "delta": 18.863566398620605}, "costs": {"total_cost": 184.62021979576036, "time_cost": 70.84700000000001, "final_distance_cost": 1.8453107140861489, "oscillation_cost": 25.88692083812077, "completition_cost": 0.0, "overshoot_cost": 50.78991722267239, "power_cost": 14.192765258789063, "noise_cost": 21.05830576209197, "n_waypoints_completed": 9, "tot_waypoints": 9}}
{"target": -186.6883074132161, "params": {"k_pid_pos": [1.0031316701085804, 0.024859491386256316, 0.40092638265648595], "k_pid_alt": [1.9160597436741602, 0.0, 0.20116253882959134], "k_pid_att": [37.12179941719916, 5.642133202559823, 0.666719676683535], "k_pid_yaw": [0.5, 1e-06, 0.1], "k_pid_hsp": [0.5113636529196418, 0.011264223901387349, 0.0], "k_pid_vsp": [264.9966777379314, 210.91861290663223, 2.77343605205192]}, "datetime": {"datetime": "2025-08-12 03:54:37", "elapsed": 41356.851207494736, "delta": 18.3393337726593}, "costs": {"total_cost": 186.6883074132161, "time_cost": 71.372, "final_distance_cost": 1.8533767362924458, "oscillation_cost": 26.440198228555555, "completition_cost": 0.0, "overshoot_cost": 50.491475937426976, "power_cost": 14.691761730957031, "noise_cost": 21.839494779984072, "n_waypoints_completed": 9, "tot_waypoints": 9}}
{"target": -183.29173873452203, "params": {"k_pid_pos": [1.0031316701085804, 0.024859491386256316, 0.40092638265648595], "k_pid_alt": [1.7297729984189598, 0.0, 0.06527723447865985], "k_pid_att": [25.463483275157817, 5.859554809351448, 0.666719676683535], "k_pid_yaw": [0.5, 1e-06, 0.1], "k_pid_hsp": [0.09847755819799779, 0.011264223901387349, 0.0], "k_pid_vsp": [264.9966777379314, 304.1795245652576, 2.77343605205192]}, "datetime": {"datetime": "2025-08-12 03:54:54", "elapsed": 41374.23335027695, "delta": 17.382142782211304}, "costs": {"total_cost": 183.29173873452203, "time_cost": 69.958, "final_distance_cost": 1.827688998091301, "oscillation_cost": 26.089405561688785, "completition_cost": 0.0, "overshoot_cost": 50.5115138962055, "power_cost": 14.168877612304689, "noise_cost": 20.73625266623174, "n_waypoints_completed": 9, "tot_waypoints": 9}}
{"target": -193.77852082402046, "params": {"k_pid_pos": [1.0031316701085804, 0.024859491386256316, 0.40092638265648595], "k_pid_alt": [1.7297729984189598, 0.0, 0.06527723447865985], "k_pid_att": [54.227890723214855, 1.1166001057131414, 0.666719676683535], "k_pid_yaw": [0.5, 1e-06, 0.1], "k_pid_hsp": [1.8683835514128975, 0.011264223901387349, 0.0], "k_pid_vsp": [264.9966777379314, 304.1795245652576, 2.77343605205192]}, "datetime": {"datetime": "2025-08-12 03:55:15", "elapsed": 41394.62073016167, "delta": 20.38737988471985}, "costs": {"total_cost": 193.77852082402046, "time_cost": 72.31700000000001, "final_distance_cost": 1.8451049646355289, "oscillation_cost": 31.622901578145612, "completition_cost": 0.0, "overshoot_cost": 50.52278461025528, "power_cost": 15.091901049804688, "noise_cost": 22.378828621179363, "n_waypoints_completed": 9, "tot_waypoints": 9}}
{"target": -203.66880461737742, "params": {"k_pid_pos": [1.0031316701085804, 0.5106348250941788, 0.40092638265648595], "k_pid_alt": [1.7297729984189598, 0.0, 0.30701401744436285], "k_pid_att": [54.227890723214855, 5.859554809351448, 0.666719676683535], "k_pid_yaw": [0.5, 1e-06, 0.1], "k_pid_hsp": [0.09847755819799779, 0.011264223901387349, 0.0], "k_pid_vsp": [264.9966777379314, 140.03862743104432, 2.77343605205192]}, "datetime": {"datetime": "2025-08-12 03:55:35", "elapsed": 41414.479835510254, "delta": 19.859105348587036}, "costs": {"total_cost": 203.66880461737742, "time_cost": 79.863, "final_distance_cost": 1.7525109802040735, "oscillation_cost": 30.443707641112987, "completition_cost": 0.0, "overshoot_cost": 52.31153026107507, "power_cost": 16.217104235839845, "noise_cost": 23.08095149914545, "n_waypoints_completed": 9, "tot_waypoints": 9}}
{"target": -183.29173873452203, "params": {"k_pid_pos": [1.0031316701085804, 0.024859491386256316, 0.40092638265648595], "k_pid_alt": [1.7297729984189598, 0.0, 0.06527723447865985], "k_pid_att": [25.463483275157817, 5.859554809351448, 0.666719676683535], "k_pid_yaw": [0.5, 1e-06, 0.1], "k_pid_hsp": [0.09847755819799779, 0.011264223901387349, 0.0], "k_pid_vsp": [264.9966777379314, 304.1795245652576, 2.77343605205192]}, "datetime": {"datetime": "2025-08-12 03:55:53", "elapsed": 41432.58274745941, "delta": 18.102911949157715}, "costs": {"total_cost": 183.29173873452203, "time_cost": 69.958, "final_distance_cost": 1.827688998091301, "oscillation_cost": 26.089405561688785, "completition_cost": 0.0, "overshoot_cost": 50.5115138962055, "power_cost": 14.168877612304689, "noise_cost": 20.73625266623174, "n_waypoints_completed": 9, "tot_waypoints": 9}}
{"target": -183.29173873452203, "params": {"k_pid_pos": [1.0031316701085804, 0.024859491386256316, 0.40092638265648595], "k_pid_alt": [1.7297729984189598, 0.0, 0.06527723447865985], "k_pid_att": [25.463483275157817, 5.859554809351448, 0.666719676683535], "k_pid_yaw": [0.5, 1e-06, 0.1], "k_pid_hsp": [0.09847755819799779, 0.011264223901387349, 0.0], "k_pid_vsp": [264.9966777379314, 304.1795245652576, 2.77343605205192]}, "datetime": {"datetime": "2025-08-12 03:56:10", "elapsed": 41450.03480052948, "delta": 17.45205307006836}, "costs": {"total_cost": 183.29173873452203, "time_cost": 69.958, "final_distance_cost": 1.827688998091301, "oscillation_cost": 26.089405561688785, "completition_cost": 0.0, "overshoot_cost": 50.5115138962055, "power_cost": 14.168877612304689, "noise_cost": 20.73625266623174, "n_waypoints_completed": 9, "tot_waypoints": 9}}
{"target": -183.29173873452203, "params": {"k_pid_pos": [1.0031316701085804, 0.024859491386256316, 0.40092638265648595], "k_pid_alt": [1.7297729984189598, 0.0, 0.06527723447865985], "k_pid_att": [25.463483275157817, 5.859554809351448, 0.666719676683535], "k_pid_yaw": [0.5, 1e-06, 0.1], "k_pid_hsp": [0.09847755819799779, 0.011264223901387349, 0.0], "k_pid_vsp": [264.9966777379314, 304.1795245652576, 2.77343605205192]}, "datetime": {"datetime": "2025-08-12 03:56:29", "elapsed": 41468.814789533615, "delta": 18.779989004135132}, "costs": {"total_cost": 183.29173873452203, "time_cost": 69.958, "final_distance_cost": 1.827688998091301, "oscillation_cost": 26.089405561688785, "completition_cost": 0.0, "overshoot_cost": 50.5115138962055, "power_cost": 14.168877612304689, "noise_cost": 20.73625266623174, "n_waypoints_completed": 9, "tot_waypoints": 9}}
{"target": -1439.298789762308, "params": {"k_pid_pos": [1.0031316701085804, 0.024859491386256316, 0.40092638265648595], "k_pid_alt": [1.7297729984189598, 0.0, 0.06527723447865985], "k_pid_att": [25.463483275157817, 2.1368568635634517, 0.8045953967355457], "k_pid_yaw": [0.5, 1e-06, 0.1], "k_pid_hsp": [2.8438758747997364, 0.011264223901387349, 0.0], "k_pid_vsp": [264.9966777379314, 261.48215325333564, 309.88473966513897]}, "datetime": {"datetime": "2025-08-12 03:57:00", "elapsed": 41500.20720124245, "delta": 31.392411708831787}, "costs": {"total_cost": 1439.298789762308, "time_cost": 150, "final_distance_cost": 0.9980817265299157, "oscillation_cost": 4.791562414642103, "completition_cost": 1000.0, "overshoot_cost": 157.18060138996253, "power_cost": 29.518957397460937, "noise_cost": 96.80958683371247, "n_waypoints_completed": 0, "tot_waypoints": 9}}
{"target": -1869.618498055157, "params": {"k_pid_pos": [1.0031316701085804, 0.024859491386256316, 0.2784378006036795], "k_pid_alt": [1.7297729984189598, 0.0, 0.19998319442575607], "k_pid_att": [54.227890723214855, 5.859554809351448, 0.666719676683535], "k_pid_yaw": [0.5, 1e-06, 0.1], "k_pid_hsp": [0.09847755819799779, 0.011264223901387349, 0.37654045557379967], "k_pid_vsp": [264.9966777379314, 304.1795245652576, 2.77343605205192]}, "datetime": {"datetime": "2025-08-12 03:57:31", "elapsed": 41531.05303430557, "delta": 30.84583306312561}, "costs": {"total_cost": 1869.618498055157, "time_cost": 150, "final_distance_cost": 86.94627565107065, "oscillation_cost": 806.2510978247292, "completition_cost": 666.6666666666667, "overshoot_cost": 96.59559497791503, "power_cost": 33.01043271484375, "noise_cost": 30.148430219931655, "n_waypoints_completed": 3, "tot_waypoints": 9}}
{"target": -183.65854321557077, "params": {"k_pid_pos": [1.0031316701085804, 0.024859491386256316, 0.40092638265648595], "k_pid_alt": [1.7297729984189598, 0.0, 0.06527723447865985], "k_pid_att": [37.12179941719916, 1.9360914828558924, 0.666719676683535], "k_pid_yaw": [0.5, 1e-06, 0.1], "k_pid_hsp": [0.09847755819799779, 0.011264223901387349, 0.0], "k_pid_vsp": [303.00008221409286, 140.03862743104432, 2.77343605205192]}, "datetime": {"datetime": "2025-08-12 03:57:49", "elapsed": 41548.45203399658, "delta": 17.39899969100952}, "costs": {"total_cost": 183.65854321557077, "time_cost": 70.175, "final_distance_cost": 1.8194408851892903, "oscillation_cost": 25.563354669633156, "completition_cost": 0.0, "overshoot_cost": 50.802436183920626, "power_cost": 14.2216107421875, "noise_cost": 21.076700734640216, "n_waypoints_completed": 9, "tot_waypoints": 9}}
{"target": -1435.6859147699822, "params": {"k_pid_pos": [1.0031316701085804, 0.024859491386256316, 0.40092638265648595], "k_pid_alt": [1.7297729984189598, 0.0, 0.06527723447865985], "k_pid_att": [37.12179941719916, 1.9360914828558924, 0.666719676683535], "k_pid_yaw": [0.5, 1e-06, 0.1], "k_pid_hsp": [1.4187022930847046, 0.17872871651145927, 0.0], "k_pid_vsp": [264.9966777379314, 140.03862743104432, 242.94605271048886]}, "datetime": {"datetime": "2025-08-12 03:58:20", "elapsed": 41579.959522247314, "delta": 31.507488250732422}, "costs": {"total_cost": 1435.6859147699822, "time_cost": 150, "final_distance_cost": 0.9993675070278917, "oscillation_cost": 4.397943524157776, "completition_cost": 1000.0, "overshoot_cost": 156.3092357378928, "power_cost": 29.42499207763672, "noise_cost": 94.55437592326702, "n_waypoints_completed": 0, "tot_waypoints": 9}}
{"target": -372.2254210575034, "params": {"k_pid_pos": [1.0031316701085804, 0.7323733489896951, 0.40092638265648595], "k_pid_alt": [1.9160597436741602, 0.0, 0.20116253882959134], "k_pid_att": [13.107192077287921, 0.5364822422922942, 0.666719676683535], "k_pid_yaw": [0.5, 1e-06, 0.1], "k_pid_hsp": [4.250673906138699, 0.011264223901387349, 0.6388775990814546], "k_pid_vsp": [264.9966777379314, 261.48215325333564, 2.77343605205192]}, "datetime": {"datetime": "2025-08-12 03:58:45", "elapsed": 41604.97873091698, "delta": 25.019208669662476}, "costs": {"total_cost": 372.2254210575034, "time_cost": 92.211, "final_distance_cost": 1.7709251273754305, "oscillation_cost": 176.4355105671711, "completition_cost": 0.0, "overshoot_cost": 53.527757239050665, "power_cost": 22.231634594726565, "noise_cost": 26.04859352917965, "n_waypoints_completed": 9, "tot_waypoints": 9}}
