{"target": -183.81383501536138, "params": {"k_pid_pos": [1.0031316701085804, 0.024859491386256316, 0.40092638265648595], "k_pid_alt": [1.3888149624867963, 0.0, 0.06527723447865985], "k_pid_att": [10.85276784655954, 1.4953935029224072, 0.666719676683535], "k_pid_yaw": [0.5, 1e-06, 0.1], "k_pid_hsp": [0.09847755819799779, 0.011264223901387349, 0.0], "k_pid_vsp": [264.9966777379314, 304.1795245652576, 2.77343605205192]}, "datetime": {"datetime": "2025-08-12 05:30:56", "elapsed": 47136.29771924019, "delta": 19.124730825424194}, "costs": {"total_cost": 183.81383501536138, "time_cost": 70.217, "final_distance_cost": 1.831178914490389, "oscillation_cost": 26.019659701586573, "completition_cost": 0.0, "overshoot_cost": 50.72392688510439, "power_cost": 14.22205439453125, "noise_cost": 20.800015119648755, "n_waypoints_completed": 9, "tot_waypoints": 9}}
{"target": -820.4149032452611, "params": {"k_pid_pos": [1.0031316701085804, 0.024859491386256316, 0.40092638265648595], "k_pid_alt": [0.9997830193370283, 0.0, 0.74340065784831], "k_pid_att": [93.20553315477635, 1.4953935029224072, 0.666719676683535], "k_pid_yaw": [0.5, 1e-06, 0.1], "k_pid_hsp": [0.09847755819799779, 0.639270375506938, 0.0], "k_pid_vsp": [264.9966777379314, 304.1795245652576, 2.77343605205192]}, "datetime": {"datetime": "2025-08-12 05:31:30", "elapsed": 47169.42460989952, "delta": 33.126890659332275}, "costs": {"total_cost": 820.4149032452611, "time_cost": 150, "final_distance_cost": 70.34617070253375, "oscillation_cost": 137.22314869018953, "completition_cost": 333.33333333333337, "overshoot_cost": 61.32595908168841, "power_cost": 33.318610278320314, "noise_cost": 34.86768115919578, "n_waypoints_completed": 6, "tot_waypoints": 9}}
{"target": -190.04216443742087, "params": {"k_pid_pos": [1.0031316701085804, 0.024859491386256316, 0.42495672118777295], "k_pid_alt": [1.152369602102883, 0.510422947647645, 0.06527723447865985], "k_pid_att": [25.463483275157817, 4.819059953965517, 0.666719676683535], "k_pid_yaw": [0.5, 1e-06, 0.1], "k_pid_hsp": [0.09847755819799779, 0.011264223901387349, 0.0], "k_pid_vsp": [264.9966777379314, 304.1795245652576, 2.77343605205192]}, "datetime": {"datetime": "2025-08-12 05:31:49", "elapsed": 47188.527460575104, "delta": 19.102850675582886}, "costs": {"total_cost": 190.04216443742087, "time_cost": 74.56400000000001, "final_distance_cost": 1.769966162942897, "oscillation_cost": 26.538168344379255, "completition_cost": 0.0, "overshoot_cost": 51.266540488354835, "power_cost": 14.714676232910158, "noise_cost": 21.188813208833707, "n_waypoints_completed": 9, "tot_waypoints": 9}}
{"target": -557.493121663726, "params": {"k_pid_pos": [0.20220650108004948, 0.024859491386256316, 0.40092638265648595], "k_pid_alt": [1.7297729984189598, 0.0, 0.8208956917783976], "k_pid_att": [25.463483275157817, 1.1105074131954076, 0.666719676683535], "k_pid_yaw": [0.5, 1e-06, 0.1], "k_pid_hsp": [0.09847755819799779, 0.011264223901387349, 0.0], "k_pid_vsp": [264.9966777379314, 304.1795245652576, 2.77343605205192]}, "datetime": {"datetime": "2025-08-12 05:32:22", "elapsed": 47221.42922663689, "delta": 32.90176606178284}, "costs": {"total_cost": 557.493121663726, "time_cost": 150, "final_distance_cost": 66.33957658749661, "oscillation_cost": 9.552338135737797, "completition_cost": 222.2222222222222, "overshoot_cost": 55.21293483394116, "power_cost": 21.551832336425782, "noise_cost": 32.61421754790236, "n_waypoints_completed": 7, "tot_waypoints": 9}}
{"target": -802.504780563341, "params": {"k_pid_pos": [1.0031316701085804, 0.024859491386256316, 0.40092638265648595], "k_pid_alt": [1.7297729984189598, 0.0, 0.06527723447865985], "k_pid_att": [10.85276784655954, 1.4953935029224072, 0.666719676683535], "k_pid_yaw": [0.5, 1e-06, 0.1], "k_pid_hsp": [0.09847755819799779, 0.5904477871505759, 0.0], "k_pid_vsp": [264.9966777379314, 20.252314050740118, 2.77343605205192]}, "datetime": {"datetime": "2025-08-12 05:32:54", "elapsed": 47253.47006940842, "delta": 32.04084277153015}, "costs": {"total_cost": 802.504780563341, "time_cost": 150, "final_distance_cost": 51.79451612598008, "oscillation_cost": 127.75029620290135, "completition_cost": 333.33333333333337, "overshoot_cost": 71.31573843968796, "power_cost": 33.15372907714844, "noise_cost": 35.157167384289735, "n_waypoints_completed": 6, "tot_waypoints": 9}}
{"target": -183.9079859007282, "params": {"k_pid_pos": [1.0031316701085804, 0.024859491386256316, 0.40092638265648595], "k_pid_alt": [1.3888149624867963, 0.0, 0.06527723447865985], "k_pid_att": [97.15749504346589, 1.4953935029224072, 0.666719676683535], "k_pid_yaw": [0.5, 1e-06, 0.1], "k_pid_hsp": [0.09847755819799779, 0.011264223901387349, 0.0], "k_pid_vsp": [264.9966777379314, 304.1795245652576, 2.77343605205192]}, "datetime": {"datetime": "2025-08-12 05:33:11", "elapsed": 47271.16574931145, "delta": 17.695679903030396}, "costs": {"total_cost": 183.9079859007282, "time_cost": 70.385, "final_distance_cost": 1.8294762820668233, "oscillation_cost": 25.909589527528688, "completition_cost": 0.0, "overshoot_cost": 50.55144890685886, "power_cost": 14.290519262695312, "noise_cost": 20.94195192157848, "n_waypoints_completed": 9, "tot_waypoints": 9}}
{"target": -1461.2480729939427, "params": {"k_pid_pos": [1.0031316701085804, 0.024859491386256316, 0.40092638265648595], "k_pid_alt": [1.7297729984189598, 0.0, 0.06527723447865985], "k_pid_att": [10.85276784655954, 9.558220849338536, 0.666719676683535], "k_pid_yaw": [0.5, 1e-06, 0.1], "k_pid_hsp": [0.09847755819799779, 0.011264223901387349, 0.0], "k_pid_vsp": [45.71204711072294, 127.91747472228406, 216.498158482474]}, "datetime": {"datetime": "2025-08-12 05:33:43", "elapsed": 47303.30718541145, "delta": 32.1414361000061}, "costs": {"total_cost": 1461.2480729939427, "time_cost": 150, "final_distance_cost": 0.9992075014869399, "oscillation_cost": 3.5070817319175815, "completition_cost": 1000.0, "overshoot_cost": 163.06210517371662, "power_cost": 29.20538741455078, "noise_cost": 114.47429117227075, "n_waypoints_completed": 0, "tot_waypoints": 9}}
{"target": -199.3075288362128, "params": {"k_pid_pos": [1.0031316701085804, 0.024859491386256316, 0.40092638265648595], "k_pid_alt": [1.7297729984189598, 0.0, 0.06527723447865985], "k_pid_att": [10.85276784655954, 1.4953935029224072, 0.666719676683535], "k_pid_yaw": [0.5, 1e-06, 0.1], "k_pid_hsp": [7.526622201336775, 0.011264223901387349, 0.0], "k_pid_vsp": [264.9966777379314, 304.1795245652576, 2.77343605205192]}, "datetime": {"datetime": "2025-08-12 05:34:04", "elapsed": 47323.50868368149, "delta": 20.20149827003479}, "costs": {"total_cost": 199.3075288362128, "time_cost": 71.589, "final_distance_cost": 1.8538583732220846, "oscillation_cost": 38.46098276672969, "completition_cost": 0.0, "overshoot_cost": 50.178617703511044, "power_cost": 15.026076477050783, "noise_cost": 22.198993515699204, "n_waypoints_completed": 9, "tot_waypoints": 9}}
{"target": -197.71508592056807, "params": {"k_pid_pos": [1.0031316701085804, 0.024859491386256316, 0.7750234245648642], "k_pid_alt": [1.7297729984189598, 0.2574306951579124, 0.06527723447865985], "k_pid_att": [10.85276784655954, 1.4953935029224072, 0.666719676683535], "k_pid_yaw": [0.5, 1e-06, 0.1], "k_pid_hsp": [0.09847755819799779, 0.011264223901387349, 0.0], "k_pid_vsp": [2.422256263862943, 304.1795245652576, 17.391158871452284]}, "datetime": {"datetime": "2025-08-12 05:34:24", "elapsed": 47343.65619516373, "delta": 20.14751148223877}, "costs": {"total_cost": 197.71508592056807, "time_cost": 77.021, "final_distance_cost": 1.798926417136089, "oscillation_cost": 30.969280679681994, "completition_cost": 0.0, "overshoot_cost": 51.68812996587328, "power_cost": 19.720391906738282, "noise_cost": 16.517356951138424, "n_waypoints_completed": 9, "tot_waypoints": 9}}
{"target": -183.5856901136015, "params": {"k_pid_pos": [1.0031316701085804, 0.024859491386256316, 0.40092638265648595], "k_pid_alt": [1.7297729984189598, 0.0, 0.06527723447865985], "k_pid_att": [10.85276784655954, 1.4953935029224072, 0.666719676683535], "k_pid_yaw": [0.5, 1e-06, 0.1], "k_pid_hsp": [0.09847755819799779, 0.011264223901387349, 0.0], "k_pid_vsp": [205.46647479918613, 127.91747472228406, 2.77343605205192]}, "datetime": {"datetime": "2025-08-12 05:34:42", "elapsed": 47362.18579244614, "delta": 18.529597282409668}, "costs": {"total_cost": 183.5856901136015, "time_cost": 70.056, "final_distance_cost": 1.8228195366819622, "oscillation_cost": 25.807208749675727, "completition_cost": 0.0, "overshoot_cost": 50.81530509765018, "power_cost": 14.192803649902345, "noise_cost": 20.891553079691285, "n_waypoints_completed": 9, "tot_waypoints": 9}}
{"target": -201.5379250438953, "params": {"k_pid_pos": [1.0031316701085804, 0.43727115131929417, 0.40092638265648595], "k_pid_alt": [1.7297729984189598, 0.0, 0.6182064035467875], "k_pid_att": [10.85276784655954, 1.4953935029224072, 0.666719676683535], "k_pid_yaw": [0.5, 1e-06, 0.1], "k_pid_hsp": [0.09847755819799779, 0.011264223901387349, 0.0], "k_pid_vsp": [205.46647479918613, 127.91747472228406, 2.77343605205192]}, "datetime": {"datetime": "2025-08-12 05:35:03", "elapsed": 47382.68735122681, "delta": 20.501558780670166}, "costs": {"total_cost": 201.5379250438953, "time_cost": 79.513, "final_distance_cost": 1.7567314487884402, "oscillation_cost": 29.163415584661106, "completition_cost": 0.0, "overshoot_cost": 52.01888530472853, "power_cost": 16.076623388671877, "noise_cost": 23.009269317045376, "n_waypoints_completed": 9, "tot_waypoints": 9}}
{"target": -183.08407650406252, "params": {"k_pid_pos": [1.0031316701085804, 0.024859491386256316, 0.40092638265648595], "k_pid_alt": [1.7297729984189598, 0.0, 0.06527723447865985], "k_pid_att": [10.85276784655954, 1.4953935029224072, 0.666719676683535], "k_pid_yaw": [0.5, 1e-06, 0.1], "k_pid_hsp": [0.09847755819799779, 0.011264223901387349, 0.0], "k_pid_vsp": [264.9966777379314, 304.1795245652576, 2.77343605205192]}, "datetime": {"datetime": "2025-08-12 05:35:21", "elapsed": 47400.80721926689, "delta": 18.11986804008484}, "costs": {"total_cost": 183.08407650406252, "time_cost": 69.97200000000001, "final_distance_cost": 1.8232561110929182, "oscillation_cost": 25.830634925397458, "completition_cost": 0.0, "overshoot_cost": 50.605337999513814, "power_cost": 14.15017557373047, "noise_cost": 20.702671894327832, "n_waypoints_completed": 9, "tot_waypoints": 9}}
{"target": -183.07826333271774, "params": {"k_pid_pos": [1.0031316701085804, 0.024859491386256316, 0.40092638265648595], "k_pid_alt": [1.7297729984189598, 0.0, 0.03027788721554503], "k_pid_att": [10.85276784655954, 1.4953935029224072, 0.666719676683535], "k_pid_yaw": [0.5, 1e-06, 0.1], "k_pid_hsp": [0.09847755819799779, 0.011264223901387349, 0.0], "k_pid_vsp": [264.9966777379314, 304.1795245652576, 2.77343605205192]}, "datetime": {"datetime": "2025-08-12 05:35:40", "elapsed": 47420.360990047455, "delta": 19.553770780563354}, "costs": {"total_cost": 183.07826333271774, "time_cost": 69.944, "final_distance_cost": 1.8393855252991158, "oscillation_cost": 25.866500413298162, "completition_cost": 0.0, "overshoot_cost": 50.53524934981965, "power_cost": 14.164980163574219, "noise_cost": 20.728147880726574, "n_waypoints_completed": 9, "tot_waypoints": 9}}
{"target": -183.08407650406252, "params": {"k_pid_pos": [1.0031316701085804, 0.024859491386256316, 0.40092638265648595], "k_pid_alt": [1.7297729984189598, 0.0, 0.06527723447865985], "k_pid_att": [10.85276784655954, 1.4953935029224072, 0.666719676683535], "k_pid_yaw": [0.5, 1e-06, 0.1], "k_pid_hsp": [0.09847755819799779, 0.011264223901387349, 0.0], "k_pid_vsp": [264.9966777379314, 304.1795245652576, 2.77343605205192]}, "datetime": {"datetime": "2025-08-12 05:35:58", "elapsed": 47437.55522727966, "delta": 17.194237232208252}, "costs": {"total_cost": 183.08407650406252, "time_cost": 69.97200000000001, "final_distance_cost": 1.8232561110929182, "oscillation_cost": 25.830634925397458, "completition_cost": 0.0, "overshoot_cost": 50.605337999513814, "power_cost": 14.15017557373047, "noise_cost": 20.702671894327832, "n_waypoints_completed": 9, "tot_waypoints": 9}}
{"target": -183.08407650406252, "params": {"k_pid_pos": [1.0031316701085804, 0.024859491386256316, 0.40092638265648595], "k_pid_alt": [1.7297729984189598, 0.0, 0.06527723447865985], "k_pid_att": [10.85276784655954, 1.4953935029224072, 0.666719676683535], "k_pid_yaw": [0.5, 1e-06, 0.1], "k_pid_hsp": [0.09847755819799779, 0.011264223901387349, 0.0], "k_pid_vsp": [264.9966777379314, 304.1795245652576, 2.77343605205192]}, "datetime": {"datetime": "2025-08-12 05:36:18", "elapsed": 47458.06994843483, "delta": 20.514721155166626}, "costs": {"total_cost": 183.08407650406252, "time_cost": 69.97200000000001, "final_distance_cost": 1.8232561110929182, "oscillation_cost": 25.830634925397458, "completition_cost": 0.0, "overshoot_cost": 50.605337999513814, "power_cost": 14.15017557373047, "noise_cost": 20.702671894327832, "n_waypoints_completed": 9, "tot_waypoints": 9}}
{"target": -1672.9266898386727, "params": {"k_pid_pos": [1.0031316701085804, 0.024859491386256316, 0.40092638265648595], "k_pid_alt": [0.019546390430125626, 0.0, 0.06527723447865985], "k_pid_att": [10.85276784655954, 1.4953935029224072, 0.666719676683535], "k_pid_yaw": [0.5, 1e-06, 0.1], "k_pid_hsp": [0.09847755819799779, 0.011264223901387349, 0.7413381919183852], "k_pid_vsp": [264.9966777379314, 304.1795245652576, 2.77343605205192]}, "datetime": {"datetime": "2025-08-12 05:36:50", "elapsed": 47490.36368584633, "delta": 32.29373741149902}, "costs": {"total_cost": 1672.9266898386727, "time_cost": 150, "final_distance_cost": 40.63479470943902, "oscillation_cost": 361.3945669853981, "completition_cost": 1000.0, "overshoot_cost": 63.635507051998225, "power_cost": 23.4627861328125, "noise_cost": 33.799034959025, "n_waypoints_completed": 0, "tot_waypoints": 9}}
{"target": -183.07826333271774, "params": {"k_pid_pos": [1.0031316701085804, 0.024859491386256316, 0.40092638265648595], "k_pid_alt": [1.7297729984189598, 0.0, 0.03027788721554503], "k_pid_att": [10.85276784655954, 1.4953935029224072, 0.666719676683535], "k_pid_yaw": [0.5, 1e-06, 0.1], "k_pid_hsp": [0.09847755819799779, 0.011264223901387349, 0.0], "k_pid_vsp": [264.9966777379314, 304.1795245652576, 2.77343605205192]}, "datetime": {"datetime": "2025-08-12 05:37:08", "elapsed": 47507.91059303284, "delta": 17.54690718650818}, "costs": {"total_cost": 183.07826333271774, "time_cost": 69.944, "final_distance_cost": 1.8393855252991158, "oscillation_cost": 25.866500413298162, "completition_cost": 0.0, "overshoot_cost": 50.53524934981965, "power_cost": 14.164980163574219, "noise_cost": 20.728147880726574, "n_waypoints_completed": 9, "tot_waypoints": 9}}
{"target": -185.90033343525278, "params": {"k_pid_pos": [1.0031316701085804, 0.024859491386256316, 0.40092638265648595], "k_pid_alt": [0.8737548644081292, 0.0, 0.06527723447865985], "k_pid_att": [10.85276784655954, 1.4953935029224072, 0.666719676683535], "k_pid_yaw": [0.5, 1e-06, 0.1], "k_pid_hsp": [0.09847755819799779, 0.011264223901387349, 0.0], "k_pid_vsp": [264.9966777379314, 304.1795245652576, 2.77343605205192]}, "datetime": {"datetime": "2025-08-12 05:37:28", "elapsed": 47527.88469719887, "delta": 19.974104166030884}, "costs": {"total_cost": 185.90033343525278, "time_cost": 71.974, "final_distance_cost": 1.8305601789863795, "oscillation_cost": 26.16682787020921, "completition_cost": 0.0, "overshoot_cost": 50.31179281321972, "power_cost": 14.501725, "noise_cost": 21.115427572837476, "n_waypoints_completed": 9, "tot_waypoints": 9}}
{"target": -185.18354708187948, "params": {"k_pid_pos": [1.0031316701085804, 0.024859491386256316, 0.19730102139317784], "k_pid_alt": [1.3888149624867963, 0.0, 0.06527723447865985], "k_pid_att": [10.85276784655954, 1.2169696906303682, 0.666719676683535], "k_pid_yaw": [0.5, 1e-06, 0.1], "k_pid_hsp": [0.09847755819799779, 0.011264223901387349, 0.0], "k_pid_vsp": [103.0527854068954, 304.1795245652576, 2.77343605205192]}, "datetime": {"datetime": "2025-08-12 05:37:48", "elapsed": 47547.96430873871, "delta": 20.0796115398407}, "costs": {"total_cost": 185.18354708187948, "time_cost": 70.07000000000001, "final_distance_cost": 1.8192382187808502, "oscillation_cost": 27.706569950655112, "completition_cost": 0.0, "overshoot_cost": 50.56036723175228, "power_cost": 14.557893225097658, "noise_cost": 20.469478455593585, "n_waypoints_completed": 9, "tot_waypoints": 9}}
{"target": -1544.6143878372275, "params": {"k_pid_pos": [1.0031316701085804, 0.024859491386256316, 0.2965273827285604], "k_pid_alt": [1.7297729984189598, 0.0, 0.06527723447865985], "k_pid_att": [97.15749504346589, 1.4953935029224072, 0.666719676683535], "k_pid_yaw": [0.5, 1e-06, 0.1], "k_pid_hsp": [1.380453583829348, 0.011264223901387349, 0.9878960836656094], "k_pid_vsp": [264.9966777379314, 304.1795245652576, 2.77343605205192]}, "datetime": {"datetime": "2025-08-12 05:38:19", "elapsed": 47579.341958761215, "delta": 31.377650022506714}, "costs": {"total_cost": 1544.6143878372275, "time_cost": 150, "final_distance_cost": 77.93988433682587, "oscillation_cost": 808.136080228417, "completition_cost": 333.33333333333337, "overshoot_cost": 111.46151084061763, "power_cost": 34.16461130371094, "noise_cost": 29.57896779432259, "n_waypoints_completed": 6, "tot_waypoints": 9}}
{"target": -791.1179851326156, "params": {"k_pid_pos": [0.36350179529433674, 0.43727115131929417, 0.40092638265648595], "k_pid_alt": [1.7297729984189598, 0.0, 0.6182064035467875], "k_pid_att": [10.85276784655954, 1.4953935029224072, 0.666719676683535], "k_pid_yaw": [0.5, 1e-06, 0.1], "k_pid_hsp": [0.09847755819799779, 0.011264223901387349, 0.0], "k_pid_vsp": [1.3827598142708286, 127.91747472228406, 2.77343605205192]}, "datetime": {"datetime": "2025-08-12 05:38:51", "elapsed": 47610.97621893883, "delta": 31.634260177612305}, "costs": {"total_cost": 791.1179851326156, "time_cost": 150, "final_distance_cost": 50.17853879421904, "oscillation_cost": 47.265386447241895, "completition_cost": 444.4444444444444, "overshoot_cost": 43.21679522134407, "power_cost": 30.270178515625002, "noise_cost": 25.74264170974107, "n_waypoints_completed": 5, "tot_waypoints": 9}}
{"target": -183.08407650406252, "params": {"k_pid_pos": [1.0031316701085804, 0.024859491386256316, 0.40092638265648595], "k_pid_alt": [1.7297729984189598, 0.0, 0.06527723447865985], "k_pid_att": [10.85276784655954, 1.4953935029224072, 0.666719676683535], "k_pid_yaw": [0.5, 1e-06, 0.1], "k_pid_hsp": [0.09847755819799779, 0.011264223901387349, 0.0], "k_pid_vsp": [264.9966777379314, 304.1795245652576, 2.77343605205192]}, "datetime": {"datetime": "2025-08-12 05:39:10", "elapsed": 47630.13606452942, "delta": 19.15984559059143}, "costs": {"total_cost": 183.08407650406252, "time_cost": 69.97200000000001, "final_distance_cost": 1.8232561110929182, "oscillation_cost": 25.830634925397458, "completition_cost": 0.0, "overshoot_cost": 50.605337999513814, "power_cost": 14.15017557373047, "noise_cost": 20.702671894327832, "n_waypoints_completed": 9, "tot_waypoints": 9}}
{"target": -186.21420176266957, "params": {"k_pid_pos": [1.0031316701085804, 0.024859491386256316, 0.40092638265648595], "k_pid_alt": [0.9020104990244227, 0.0, 0.06527723447865985], "k_pid_att": [97.15749504346589, 5.894529415990727, 0.666719676683535], "k_pid_yaw": [0.5, 1e-06, 0.1], "k_pid_hsp": [0.09847755819799779, 0.011264223901387349, 0.0], "k_pid_vsp": [264.9966777379314, 291.9899918266388, 2.77343605205192]}, "datetime": {"datetime": "2025-08-12 05:39:28", "elapsed": 47647.840812683105, "delta": 17.704748153686523}, "costs": {"total_cost": 186.21420176266957, "time_cost": 71.911, "final_distance_cost": 1.8387804928661413, "oscillation_cost": 26.14104491899381, "completition_cost": 0.0, "overshoot_cost": 50.85317245438499, "power_cost": 14.44894345703125, "noise_cost": 21.021260439393377, "n_waypoints_completed": 9, "tot_waypoints": 9}}
{"target": -198.93457691020666, "params": {"k_pid_pos": [1.0031316701085804, 0.15981585111244379, 0.40092638265648595], "k_pid_alt": [1.7297729984189598, 0.0, 0.06527723447865985], "k_pid_att": [10.85276784655954, 1.4953935029224072, 0.666719676683535], "k_pid_yaw": [0.5, 1e-06, 0.1], "k_pid_hsp": [7.526622201336775, 0.011264223901387349, 0.0], "k_pid_vsp": [264.9966777379314, 304.1795245652576, 2.77343605205192]}, "datetime": {"datetime": "2025-08-12 05:39:46", "elapsed": 47666.2318675518, "delta": 18.39105486869812}, "costs": {"total_cost": 198.93457691020666, "time_cost": 71.904, "final_distance_cost": 1.8389304155458106, "oscillation_cost": 37.12465262503, "completition_cost": 0.0, "overshoot_cost": 50.9350137434383, "power_cost": 15.099970251464844, "noise_cost": 22.032009874727727, "n_waypoints_completed": 9, "tot_waypoints": 9}}
{"target": -205.09746495986568, "params": {"k_pid_pos": [1.0031316701085804, 0.024859491386256316, 0.40092638265648595], "k_pid_alt": [0.7663335954160646, 0.0, 0.06527723447865985], "k_pid_att": [10.85276784655954, 1.4953935029224072, 0.666719676683535], "k_pid_yaw": [0.5, 1e-06, 0.1], "k_pid_hsp": [7.837403453361883, 0.011264223901387349, 0.0], "k_pid_vsp": [264.9966777379314, 304.1795245652576, 2.77343605205192]}, "datetime": {"datetime": "2025-08-12 05:40:05", "elapsed": 47684.60947942734, "delta": 18.377611875534058}, "costs": {"total_cost": 205.09746495986568, "time_cost": 75.502, "final_distance_cost": 1.8512673207203656, "oscillation_cost": 39.14453283386848, "completition_cost": 0.0, "overshoot_cost": 50.2814189880268, "power_cost": 15.572731274414064, "noise_cost": 22.745514542835956, "n_waypoints_completed": 9, "tot_waypoints": 9}}
