{"target": -190.9407303215011, "params": {"k_pid_pos": [1.6397186260693044, 0.19767101818116828, 0.6760985883499703], "k_pid_alt": [1.9160597436741602, 0.0, 0.07444874772262577], "k_pid_att": [4.211416689967007, 5.859554809351448, 0.218246450578637], "k_pid_yaw": [0.5, 1e-06, 0.1], "k_pid_hsp": [0.09847755819799779, 0.011264223901387349, 0.0], "k_pid_vsp": [18.79289508575375, 87.55844162537096, 2.77343605205192]}, "datetime": {"datetime": "2025-08-12 04:17:07", "elapsed": 42706.97818303108, "delta": 18.7659912109375}, "costs": {"total_cost": 190.9407303215011, "time_cost": 70.084, "final_distance_cost": 1.81365741581858, "oscillation_cost": 32.37957425524803, "completition_cost": 0.0, "overshoot_cost": 51.0774433106965, "power_cost": 14.931062817382813, "noise_cost": 20.65499252235518, "n_waypoints_completed": 9, "tot_waypoints": 9}}
{"target": -1615.6671310653185, "params": {"k_pid_pos": [1.0031316701085804, 0.024859491386256316, 0.40092638265648595], "k_pid_alt": [0.5546012238802476, 0.0, 0.03709733230613255], "k_pid_att": [25.463483275157817, 5.859554809351448, 0.666719676683535], "k_pid_yaw": [0.5, 1e-06, 0.1], "k_pid_hsp": [0.09847755819799779, 0.011264223901387349, 0.5400436233611018], "k_pid_vsp": [264.9966777379314, 304.1795245652576, 2.77343605205192]}, "datetime": {"datetime": "2025-08-12 04:17:39", "elapsed": 42738.59703731537, "delta": 31.6188542842865}, "costs": {"total_cost": 1615.6671310653185, "time_cost": 150, "final_distance_cost": 69.04801125199332, "oscillation_cost": 571.1179720629401, "completition_cost": 666.6666666666667, "overshoot_cost": 99.05999058200196, "power_cost": 28.582441503906253, "noise_cost": 31.192048997809938, "n_waypoints_completed": 3, "tot_waypoints": 9}}
{"target": -183.29173873452203, "params": {"k_pid_pos": [1.0031316701085804, 0.024859491386256316, 0.40092638265648595], "k_pid_alt": [1.7297729984189598, 0.0, 0.06527723447865985], "k_pid_att": [25.463483275157817, 5.859554809351448, 0.666719676683535], "k_pid_yaw": [0.5, 1e-06, 0.1], "k_pid_hsp": [0.09847755819799779, 0.011264223901387349, 0.0], "k_pid_vsp": [264.9966777379314, 304.1795245652576, 2.77343605205192]}, "datetime": {"datetime": "2025-08-12 04:17:57", "elapsed": 42757.058688402176, "delta": 18.46165108680725}, "costs": {"total_cost": 183.29173873452203, "time_cost": 69.958, "final_distance_cost": 1.827688998091301, "oscillation_cost": 26.089405561688785, "completition_cost": 0.0, "overshoot_cost": 50.5115138962055, "power_cost": 14.168877612304689, "noise_cost": 20.73625266623174, "n_waypoints_completed": 9, "tot_waypoints": 9}}
{"target": -183.29173873452203, "params": {"k_pid_pos": [1.0031316701085804, 0.024859491386256316, 0.40092638265648595], "k_pid_alt": [1.7297729984189598, 0.0, 0.06527723447865985], "k_pid_att": [25.463483275157817, 5.859554809351448, 0.666719676683535], "k_pid_yaw": [0.5, 1e-06, 0.1], "k_pid_hsp": [0.09847755819799779, 0.011264223901387349, 0.0], "k_pid_vsp": [264.9966777379314, 304.1795245652576, 2.77343605205192]}, "datetime": {"datetime": "2025-08-12 04:18:17", "elapsed": 42776.93904924393, "delta": 19.8803608417511}, "costs": {"total_cost": 183.29173873452203, "time_cost": 69.958, "final_distance_cost": 1.827688998091301, "oscillation_cost": 26.089405561688785, "completition_cost": 0.0, "overshoot_cost": 50.5115138962055, "power_cost": 14.168877612304689, "noise_cost": 20.73625266623174, "n_waypoints_completed": 9, "tot_waypoints": 9}}
{"target": -183.29173873452203, "params": {"k_pid_pos": [1.0031316701085804, 0.024859491386256316, 0.40092638265648595], "k_pid_alt": [1.7297729984189598, 0.0, 0.06527723447865985], "k_pid_att": [25.463483275157817, 5.859554809351448, 0.666719676683535], "k_pid_yaw": [0.5, 1e-06, 0.1], "k_pid_hsp": [0.09847755819799779, 0.011264223901387349, 0.0], "k_pid_vsp": [264.9966777379314, 304.1795245652576, 2.77343605205192]}, "datetime": {"datetime": "2025-08-12 04:18:40", "elapsed": 42799.488907814026, "delta": 22.549858570098877}, "costs": {"total_cost": 183.29173873452203, "time_cost": 69.958, "final_distance_cost": 1.827688998091301, "oscillation_cost": 26.089405561688785, "completition_cost": 0.0, "overshoot_cost": 50.5115138962055, "power_cost": 14.168877612304689, "noise_cost": 20.73625266623174, "n_waypoints_completed": 9, "tot_waypoints": 9}}
{"target": -225.9874147055649, "params": {"k_pid_pos": [1.0031316701085804, 0.7548787995750461, 0.40092638265648595], "k_pid_alt": [1.7297729984189598, 0.0, 0.06527723447865985], "k_pid_att": [25.463483275157817, 5.859554809351448, 0.666719676683535], "k_pid_yaw": [0.5, 1e-06, 0.1], "k_pid_hsp": [0.09847755819799779, 0.011264223901387349, 0.0], "k_pid_vsp": [264.9966777379314, 304.1795245652576, 87.85455585795182]}, "datetime": {"datetime": "2025-08-12 04:19:04", "elapsed": 42823.38970899582, "delta": 23.900801181793213}, "costs": {"total_cost": 225.9874147055649, "time_cost": 87.017, "final_distance_cost": 1.7716484891423765, "oscillation_cost": 35.8309600292569, "completition_cost": 0.0, "overshoot_cost": 56.29291396726306, "power_cost": 22.831126635742187, "noise_cost": 22.243765584160364, "n_waypoints_completed": 9, "tot_waypoints": 9}}
{"target": -426.3698397784807, "params": {"k_pid_pos": [1.0031316701085804, 0.024859491386256316, 0.40092638265648595], "k_pid_alt": [0.20409153928214518, 0.0, 0.06527723447865985], "k_pid_att": [17.70068292225333, 7.157754275452794, 0.666719676683535], "k_pid_yaw": [0.5, 1e-06, 0.1], "k_pid_hsp": [8.673962646499298, 0.011264223901387349, 0.0], "k_pid_vsp": [238.1261879800935, 304.1795245652576, 2.77343605205192]}, "datetime": {"datetime": "2025-08-12 04:19:34", "elapsed": 42853.91593980789, "delta": 30.526230812072754}, "costs": {"total_cost": 426.3698397784807, "time_cost": 150, "final_distance_cost": 4.864705540961603, "oscillation_cost": 48.99732336836618, "completition_cost": 111.11111111111116, "overshoot_cost": 55.09879069601777, "power_cost": 23.22395145263672, "noise_cost": 33.07395760938728, "n_waypoints_completed": 8, "tot_waypoints": 9}}
{"target": -183.85194653776355, "params": {"k_pid_pos": [1.0031316701085804, 0.024859491386256316, 0.40092638265648595], "k_pid_alt": [1.7297729984189598, 0.0, 0.06527723447865985], "k_pid_att": [25.463483275157817, 5.859554809351448, 0.666719676683535], "k_pid_yaw": [0.5, 1e-06, 0.1], "k_pid_hsp": [0.09847755819799779, 0.011264223901387349, 0.0], "k_pid_vsp": [119.32291780727789, 304.1795245652576, 2.77343605205192]}, "datetime": {"datetime": "2025-08-12 04:19:52", "elapsed": 42872.37191414833, "delta": 18.455974340438843}, "costs": {"total_cost": 183.85194653776355, "time_cost": 69.916, "final_distance_cost": 1.833444943390549, "oscillation_cost": 26.48289325847074, "completition_cost": 0.0, "overshoot_cost": 50.62793545462876, "power_cost": 14.343526416015626, "noise_cost": 20.64814646525787, "n_waypoints_completed": 9, "tot_waypoints": 9}}
{"target": -183.46491489620811, "params": {"k_pid_pos": [1.0031316701085804, 0.024859491386256316, 0.40092638265648595], "k_pid_alt": [1.7297729984189598, 0.0, 0.06527723447865985], "k_pid_att": [25.463483275157817, 1.4953935029224072, 0.666719676683535], "k_pid_yaw": [0.5, 1e-06, 0.1], "k_pid_hsp": [0.09847755819799779, 0.011264223901387349, 0.0], "k_pid_vsp": [264.9966777379314, 304.1795245652576, 2.77343605205192]}, "datetime": {"datetime": "2025-08-12 04:20:10", "elapsed": 42889.786299943924, "delta": 17.41438579559326}, "costs": {"total_cost": 183.46491489620811, "time_cost": 70.0, "final_distance_cost": 1.8268889731565863, "oscillation_cost": 25.85831729008183, "completition_cost": 0.0, "overshoot_cost": 50.74263297838612, "power_cost": 14.182139038085937, "noise_cost": 20.854936616497632, "n_waypoints_completed": 9, "tot_waypoints": 9}}
{"target": -183.57714967859232, "params": {"k_pid_pos": [1.0031316701085804, 0.024859491386256316, 0.42495672118777295], "k_pid_alt": [1.85112020821355, 0.0, 0.06527723447865985], "k_pid_att": [25.06356558820614, 7.347914484943822, 0.666719676683535], "k_pid_yaw": [0.5, 1e-06, 0.1], "k_pid_hsp": [0.09847755819799779, 0.011264223901387349, 0.0], "k_pid_vsp": [264.9966777379314, 304.1795245652576, 2.77343605205192]}, "datetime": {"datetime": "2025-08-12 04:20:28", "elapsed": 42908.26820397377, "delta": 18.48190402984619}, "costs": {"total_cost": 183.57714967859232, "time_cost": 70.042, "final_distance_cost": 1.8186036247690702, "oscillation_cost": 26.080576506979344, "completition_cost": 0.0, "overshoot_cost": 50.53341980164096, "power_cost": 14.252910876464844, "noise_cost": 20.849638868738104, "n_waypoints_completed": 9, "tot_waypoints": 9}}
{"target": -183.63283282482442, "params": {"k_pid_pos": [1.0031316701085804, 0.024859491386256316, 0.40092638265648595], "k_pid_alt": [1.7297729984189598, 0.0, 0.06527723447865985], "k_pid_att": [25.463483275157817, 5.859554809351448, 0.666719676683535], "k_pid_yaw": [0.5, 1e-06, 0.1], "k_pid_hsp": [0.09847755819799779, 0.011264223901387349, 0.0], "k_pid_vsp": [303.00008221409286, 140.03862743104432, 2.77343605205192]}, "datetime": {"datetime": "2025-08-12 04:20:46", "elapsed": 42925.62161684036, "delta": 17.353412866592407}, "costs": {"total_cost": 183.63283282482442, "time_cost": 70.14, "final_distance_cost": 1.8240404984480676, "oscillation_cost": 25.650869710845942, "completition_cost": 0.0, "overshoot_cost": 50.97996690945465, "power_cost": 14.189443969726563, "noise_cost": 20.848511736349195, "n_waypoints_completed": 9, "tot_waypoints": 9}}
{"target": -190.55751280393108, "params": {"k_pid_pos": [1.0031316701085804, 0.024859491386256316, 0.40092638265648595], "k_pid_alt": [1.7297729984189598, 0.7293547064325894, 0.06527723447865985], "k_pid_att": [25.463483275157817, 1.5839964871973657, 0.666719676683535], "k_pid_yaw": [0.5, 1e-06, 0.1], "k_pid_hsp": [0.09847755819799779, 0.011264223901387349, 0.0], "k_pid_vsp": [264.9966777379314, 304.1795245652576, 2.77343605205192]}, "datetime": {"datetime": "2025-08-12 04:21:06", "elapsed": 42946.042660951614, "delta": 20.42104411125183}, "costs": {"total_cost": 190.55751280393108, "time_cost": 74.48, "final_distance_cost": 1.7691947530604346, "oscillation_cost": 26.775410859048648, "completition_cost": 0.0, "overshoot_cost": 51.54624786171131, "power_cost": 14.995983850097657, "noise_cost": 20.99067548001303, "n_waypoints_completed": 9, "tot_waypoints": 9}}
{"target": -183.78819676783647, "params": {"k_pid_pos": [1.0031316701085804, 0.024859491386256316, 0.40092638265648595], "k_pid_alt": [1.9160597436741602, 0.0, 0.07444874772262577], "k_pid_att": [54.227890723214855, 5.859554809351448, 0.2962482180956587], "k_pid_yaw": [0.5, 1e-06, 0.1], "k_pid_hsp": [0.09847755819799779, 0.011264223901387349, 0.0], "k_pid_vsp": [131.157380286128, 140.03862743104432, 2.77343605205192]}, "datetime": {"datetime": "2025-08-12 04:21:24", "elapsed": 42964.02377772331, "delta": 17.981116771697998}, "costs": {"total_cost": 183.78819676783647, "time_cost": 70.175, "final_distance_cost": 1.8169098233316427, "oscillation_cost": 25.69060436885859, "completition_cost": 0.0, "overshoot_cost": 50.8431499195322, "power_cost": 14.263514074707032, "noise_cost": 20.999018581406993, "n_waypoints_completed": 9, "tot_waypoints": 9}}
{"target": -1050.9241504154538, "params": {"k_pid_pos": [1.0031316701085804, 0.024859491386256316, 0.40092638265648595], "k_pid_alt": [1.7297729984189598, 0.7924061734480113, 0.06527723447865985], "k_pid_att": [25.463483275157817, 1.4953935029224072, 0.666719676683535], "k_pid_yaw": [0.5, 1e-06, 0.1], "k_pid_hsp": [0.09847755819799779, 0.9499841541966557, 0.0], "k_pid_vsp": [264.9966777379314, 304.1795245652576, 2.77343605205192]}, "datetime": {"datetime": "2025-08-12 04:21:54", "elapsed": 42994.20891070366, "delta": 30.18513298034668}, "costs": {"total_cost": 1050.9241504154538, "time_cost": 150, "final_distance_cost": 43.53649048019956, "oscillation_cost": 123.19972688218697, "completition_cost": 555.5555555555555, "overshoot_cost": 108.02758691055995, "power_cost": 34.26046140136719, "noise_cost": 36.3443291855845, "n_waypoints_completed": 4, "tot_waypoints": 9}}
{"target": -183.29173873452203, "params": {"k_pid_pos": [1.0031316701085804, 0.024859491386256316, 0.40092638265648595], "k_pid_alt": [1.7297729984189598, 0.0, 0.06527723447865985], "k_pid_att": [25.463483275157817, 5.859554809351448, 0.666719676683535], "k_pid_yaw": [0.5, 1e-06, 0.1], "k_pid_hsp": [0.09847755819799779, 0.011264223901387349, 0.0], "k_pid_vsp": [264.9966777379314, 304.1795245652576, 2.77343605205192]}, "datetime": {"datetime": "2025-08-12 04:22:13", "elapsed": 43013.02768921852, "delta": 18.81877851486206}, "costs": {"total_cost": 183.29173873452203, "time_cost": 69.958, "final_distance_cost": 1.827688998091301, "oscillation_cost": 26.089405561688785, "completition_cost": 0.0, "overshoot_cost": 50.5115138962055, "power_cost": 14.168877612304689, "noise_cost": 20.73625266623174, "n_waypoints_completed": 9, "tot_waypoints": 9}}
{"target": -1945.8946499701801, "params": {"k_pid_pos": [1.0031316701085804, 0.024859491386256316, 0.40092638265648595], "k_pid_alt": [0.3926508565225477, 0.045049390821834456, 0.921307692212677], "k_pid_att": [37.12179941719916, 1.9360914828558924, 0.666719676683535], "k_pid_yaw": [0.5, 1e-06, 0.1], "k_pid_hsp": [0.09847755819799779, 0.011264223901387349, 0.42135426832000655], "k_pid_vsp": [264.9966777379314, 304.1795245652576, 2.77343605205192]}, "datetime": {"datetime": "2025-08-12 04:22:44", "elapsed": 43044.33712339401, "delta": 31.309434175491333}, "costs": {"total_cost": 1945.8946499701801, "time_cost": 150, "final_distance_cost": 45.92549103468316, "oscillation_cost": 656.5175442206609, "completition_cost": 1000.0, "overshoot_cost": 32.630549228575234, "power_cost": 31.155991455078127, "noise_cost": 29.6650740311826, "n_waypoints_completed": 0, "tot_waypoints": 9}}
{"target": -200.22904442756774, "params": {"k_pid_pos": [1.0031316701085804, 0.024859491386256316, 0.40092638265648595], "k_pid_alt": [1.7297729984189598, 0.0, 0.06527723447865985], "k_pid_att": [25.463483275157817, 5.859554809351448, 0.666719676683535], "k_pid_yaw": [0.5, 1e-06, 0.1], "k_pid_hsp": [6.945566142386952, 0.3950404285906909, 0.0], "k_pid_vsp": [264.9966777379314, 304.1795245652576, 2.77343605205192]}, "datetime": {"datetime": "2025-08-12 04:23:02", "elapsed": 43061.99094939232, "delta": 17.653825998306274}, "costs": {"total_cost": 200.22904442756774, "time_cost": 71.694, "final_distance_cost": 1.8523234895864134, "oscillation_cost": 39.47874131832547, "completition_cost": 0.0, "overshoot_cost": 50.14345536168976, "power_cost": 15.080438806152344, "noise_cost": 21.980085451813718, "n_waypoints_completed": 9, "tot_waypoints": 9}}
{"target": -183.48327220076638, "params": {"k_pid_pos": [1.0031316701085804, 0.024859491386256316, 0.40092638265648595], "k_pid_alt": [1.7297729984189598, 0.0, 0.06527723447865985], "k_pid_att": [25.463483275157817, 7.389614396826664, 0.666719676683535], "k_pid_yaw": [0.5, 1e-06, 0.1], "k_pid_hsp": [0.09847755819799779, 0.011264223901387349, 0.0], "k_pid_vsp": [264.9966777379314, 304.1795245652576, 2.77343605205192]}, "datetime": {"datetime": "2025-08-12 04:23:20", "elapsed": 43079.87019991875, "delta": 17.879250526428223}, "costs": {"total_cost": 183.48327220076638, "time_cost": 69.97200000000001, "final_distance_cost": 1.8209232659410346, "oscillation_cost": 26.22193425268223, "completition_cost": 0.0, "overshoot_cost": 50.57735198651467, "power_cost": 14.175835461425782, "noise_cost": 20.715227234202672, "n_waypoints_completed": 9, "tot_waypoints": 9}}
{"target": -808.3295944387444, "params": {"k_pid_pos": [1.0031316701085804, 0.024859491386256316, 0.40092638265648595], "k_pid_alt": [1.7297729984189598, 0.0, 0.04865678698342779], "k_pid_att": [25.463483275157817, 5.859554809351448, 0.666719676683535], "k_pid_yaw": [0.5, 1e-06, 0.1], "k_pid_hsp": [0.09847755819799779, 0.8404660548178111, 0.0], "k_pid_vsp": [264.9966777379314, 304.1795245652576, 2.77343605205192]}, "datetime": {"datetime": "2025-08-12 04:23:51", "elapsed": 43110.57340455055, "delta": 30.70320463180542}, "costs": {"total_cost": 808.3295944387444, "time_cost": 150, "final_distance_cost": 52.45144619659475, "oscillation_cost": 131.73444691823283, "completition_cost": 333.33333333333337, "overshoot_cost": 72.22641848074011, "power_cost": 33.459885400390625, "noise_cost": 35.124064109452725, "n_waypoints_completed": 6, "tot_waypoints": 9}}
{"target": -253.2638811275659, "params": {"k_pid_pos": [1.0031316701085804, 0.024859491386256316, 0.40092638265648595], "k_pid_alt": [0.8822067347529445, 0.0, 0.06527723447865985], "k_pid_att": [25.463483275157817, 5.859554809351448, 0.666719676683535], "k_pid_yaw": [0.5, 1e-06, 0.1], "k_pid_hsp": [0.09847755819799779, 0.011264223901387349, 0.05451025804354759], "k_pid_vsp": [264.9966777379314, 304.1795245652576, 2.77343605205192]}, "datetime": {"datetime": "2025-08-12 04:24:11", "elapsed": 43131.362062215805, "delta": 20.788657665252686}, "costs": {"total_cost": 253.2638811275659, "time_cost": 79.429, "final_distance_cost": 1.820178298136702, "oscillation_cost": 79.13838135864529, "completition_cost": 0.0, "overshoot_cost": 52.79513194456922, "power_cost": 17.266859448242187, "noise_cost": 22.814330077972468, "n_waypoints_completed": 9, "tot_waypoints": 9}}
{"target": -1460.3442047283388, "params": {"k_pid_pos": [1.0031316701085804, 0.024859491386256316, 0.40092638265648595], "k_pid_alt": [1.7297729984189598, 0.0, 0.06527723447865985], "k_pid_att": [25.463483275157817, 6.889214925864104, 0.666719676683535], "k_pid_yaw": [0.5, 1e-06, 0.1], "k_pid_hsp": [0.09847755819799779, 0.011264223901387349, 0.0], "k_pid_vsp": [264.9966777379314, 304.1795245652576, 372.72760092579813]}, "datetime": {"datetime": "2025-08-12 04:24:42", "elapsed": 43161.637478113174, "delta": 30.275415897369385}, "costs": {"total_cost": 1460.3442047283388, "time_cost": 150, "final_distance_cost": 0.998780208897427, "oscillation_cost": 3.4125607570263865, "completition_cost": 1000.0, "overshoot_cost": 162.91835025329758, "power_cost": 29.391610107421876, "noise_cost": 113.62290340169555, "n_waypoints_completed": 0, "tot_waypoints": 9}}
{"target": -188.30951682751572, "params": {"k_pid_pos": [1.0031316701085804, 0.024859491386256316, 0.40092638265648595], "k_pid_alt": [1.1118827000593463, 0.0, 0.6889543417313908], "k_pid_att": [25.463483275157817, 5.859554809351448, 0.666719676683535], "k_pid_yaw": [0.5, 1e-06, 0.1], "k_pid_hsp": [0.09847755819799779, 0.011264223901387349, 0.0], "k_pid_vsp": [264.9966777379314, 304.1795245652576, 2.77343605205192]}, "datetime": {"datetime": "2025-08-12 04:25:01", "elapsed": 43180.67257928848, "delta": 19.035101175308228}, "costs": {"total_cost": 188.30951682751572, "time_cost": 73.605, "final_distance_cost": 1.8246331886608544, "oscillation_cost": 26.170124502041805, "completition_cost": 0.0, "overshoot_cost": 50.650864404152784, "power_cost": 14.705091540527345, "noise_cost": 21.353803192132933, "n_waypoints_completed": 9, "tot_waypoints": 9}}
{"target": -299.5843643821449, "params": {"k_pid_pos": [1.0031316701085804, 0.024859491386256316, 0.40092638265648595], "k_pid_alt": [1.7297729984189598, 0.0, 0.06527723447865985], "k_pid_att": [25.463483275157817, 5.859554809351448, 0.666719676683535], "k_pid_yaw": [0.5, 1e-06, 0.1], "k_pid_hsp": [0.09847755819799779, 0.3912790898693519, 0.0], "k_pid_vsp": [264.9966777379314, 304.1795245652576, 2.77343605205192]}, "datetime": {"datetime": "2025-08-12 04:25:24", "elapsed": 43203.41478896141, "delta": 22.742209672927856}, "costs": {"total_cost": 299.5843643821449, "time_cost": 87.64, "final_distance_cost": 1.851082785217243, "oscillation_cost": 102.27088808418388, "completition_cost": 0.0, "overshoot_cost": 57.60683917522129, "power_cost": 23.02350389404297, "noise_cost": 27.192050443479502, "n_waypoints_completed": 9, "tot_waypoints": 9}}
{"target": -245.095795413785, "params": {"k_pid_pos": [1.0031316701085804, 0.024859491386256316, 0.40092638265648595], "k_pid_alt": [1.7297729984189598, 0.0, 0.06527723447865985], "k_pid_att": [54.227890723214855, 5.5432413145664965, 0.666719676683535], "k_pid_yaw": [0.5, 1e-06, 0.1], "k_pid_hsp": [8.246411399521614, 0.011264223901387349, 0.0], "k_pid_vsp": [264.9966777379314, 261.48215325333564, 2.77343605205192]}, "datetime": {"datetime": "2025-08-12 04:25:41", "elapsed": 43221.36548829079, "delta": 17.95069932937622}, "costs": {"total_cost": 245.095795413785, "time_cost": 72.87, "final_distance_cost": 1.8465664350952276, "oscillation_cost": 81.28052012098168, "completition_cost": 0.0, "overshoot_cost": 50.55463888868955, "power_cost": 16.336132470703127, "noise_cost": 22.207937498315395, "n_waypoints_completed": 9, "tot_waypoints": 9}}
{"target": -184.91437171379923, "params": {"k_pid_pos": [1.0031316701085804, 0.024859491386256316, 0.40092638265648595], "k_pid_alt": [1.7297729984189598, 0.0, 0.06527723447865985], "k_pid_att": [37.12179941719916, 1.9360914828558924, 0.06608132483176332], "k_pid_yaw": [0.5, 1e-06, 0.1], "k_pid_hsp": [0.09847755819799779, 0.011264223901387349, 0.0], "k_pid_vsp": [93.65012360586942, 304.1795245652576, 2.77343605205192]}, "datetime": {"datetime": "2025-08-12 04:26:00", "elapsed": 43239.95439577103, "delta": 18.588907480239868}, "costs": {"total_cost": 184.91437171379923, "time_cost": 69.965, "final_distance_cost": 1.8179890996906203, "oscillation_cost": 27.31528595993921, "completition_cost": 0.0, "overshoot_cost": 50.71066873158442, "power_cost": 14.444556604003907, "noise_cost": 20.660871318581084, "n_waypoints_completed": 9, "tot_waypoints": 9}}
