{"target": -231.89639855923744, "params": {"k_pid_pos": [1.4340672435785011, 0.4509247473159945, 0.6830149564489978], "k_pid_alt": [1.2679502233621702, 0.02520494712616217, 0.949345597264735], "k_pid_att": [94.03514125381805, 3.8677381495188174, 0.1845336041603497], "k_pid_yaw": [0.5, 1e-06, 0.1], "k_pid_hsp": [4.041604940679199, 0.011264223901387349, 0.0], "k_pid_vsp": [17.18305095025783, 20.0, 10.0]}, "datetime": {"datetime": "2025-08-11 18:03:14", "elapsed": 5873.591056585312, "delta": 19.06941318511963}, "costs": {"total_cost": 231.89639855923744, "time_cost": 75.691, "final_distance_cost": 1.7954968372005193, "oscillation_cost": 63.56894806897685, "completition_cost": 0.0, "overshoot_cost": 51.38816693356621, "power_cost": 18.672051892089844, "noise_cost": 20.780734827403986, "n_waypoints_completed": 9, "tot_waypoints": 9}}
{"target": -193.82025474425228, "params": {"k_pid_pos": [1.849624377781123, 0.04925411992759399, 0.3736141384595716], "k_pid_alt": [1.515427128667956, 0.0, 0.5115311366376475], "k_pid_att": [39.447728079683905, 3.8677381495188174, 0.1845336041603497], "k_pid_yaw": [0.5, 1e-06, 0.1], "k_pid_hsp": [0.09847755819799779, 0.011264223901387349, 0.0], "k_pid_vsp": [194.7624155113164, 20.0, 10.0]}, "datetime": {"datetime": "2025-08-11 18:03:32", "elapsed": 5891.737788677216, "delta": 18.146732091903687}, "costs": {"total_cost": 193.82025474425228, "time_cost": 71.435, "final_distance_cost": 1.8047705538602117, "oscillation_cost": 32.08527570637464, "completition_cost": 0.0, "overshoot_cost": 51.773730885328, "power_cost": 17.87655740966797, "noise_cost": 18.844920189021437, "n_waypoints_completed": 9, "tot_waypoints": 9}}
{"target": -198.3747035470119, "params": {"k_pid_pos": [1.8624793477566346, 0.04925411992759399, 0.44963268842268056], "k_pid_alt": [1.2679502233621702, 0.02520494712616217, 0.949345597264735], "k_pid_att": [32.6162642003566, 3.8677381495188174, 0.1845336041603497], "k_pid_yaw": [0.5, 1e-06, 0.1], "k_pid_hsp": [0.09847755819799779, 0.011264223901387349, 0.0], "k_pid_vsp": [194.7624155113164, 17.758919719838758, 10.0]}, "datetime": {"datetime": "2025-08-11 18:03:50", "elapsed": 5909.643946886063, "delta": 17.906158208847046}, "costs": {"total_cost": 198.3747035470119, "time_cost": 73.367, "final_distance_cost": 1.7834520713187838, "oscillation_cost": 33.21463547030258, "completition_cost": 0.0, "overshoot_cost": 52.278296401538086, "power_cost": 18.92609296875, "noise_cost": 18.805226635102443, "n_waypoints_completed": 9, "tot_waypoints": 9}}
{"target": -643.0898951513676, "params": {"k_pid_pos": [0.8976678869060579, 0.024859491386256316, 0.964013702359797], "k_pid_alt": [1.515427128667956, 0.0, 0.949345597264735], "k_pid_att": [39.447728079683905, 3.8677381495188174, 0.1845336041603497], "k_pid_yaw": [0.5, 1e-06, 0.1], "k_pid_hsp": [9.758948333354006, 0.011264223901387349, 0.0], "k_pid_vsp": [133.7851568820875, 156.73508457218338, 10.0]}, "datetime": {"datetime": "2025-08-11 18:04:11", "elapsed": 5931.108068943024, "delta": 21.46412205696106}, "costs": {"total_cost": 643.0898951513676, "time_cost": 85.743, "final_distance_cost": 1.8581439324099776, "oscillation_cost": 455.6601232955499, "completition_cost": 0.0, "overshoot_cost": 52.05858222003843, "power_cost": 23.197979516601563, "noise_cost": 24.57206618676764, "n_waypoints_completed": 9, "tot_waypoints": 9}}
{"target": -267.95954361930836, "params": {"k_pid_pos": [1.4340672435785011, 0.7323184221678151, 0.3736141384595716], "k_pid_alt": [0.34373872846270315, 0.0, 0.5115311366376475], "k_pid_att": [39.447728079683905, 3.8677381495188174, 0.1845336041603497], "k_pid_yaw": [0.5, 1e-06, 0.1], "k_pid_hsp": [1.5353014571438959, 0.011264223901387349, 0.0], "k_pid_vsp": [194.7624155113164, 20.0, 10.0]}, "datetime": {"datetime": "2025-08-11 18:04:40", "elapsed": 5959.52418923378, "delta": 28.416120290756226}, "costs": {"total_cost": 267.95954361930836, "time_cost": 112.735, "final_distance_cost": 1.8618434052253123, "oscillation_cost": 41.44272575512562, "completition_cost": 0.0, "overshoot_cost": 55.49690203431618, "power_cost": 28.523276501464846, "noise_cost": 27.8997959231764, "n_waypoints_completed": 9, "tot_waypoints": 9}}
{"target": -256.44737491000046, "params": {"k_pid_pos": [0.39162362725922834, 0.04925411992759399, 0.964013702359797], "k_pid_alt": [1.515427128667956, 0.0, 0.949345597264735], "k_pid_att": [39.447728079683905, 0.30490604315558156, 0.1845336041603497], "k_pid_yaw": [0.5, 1e-06, 0.1], "k_pid_hsp": [0.09847755819799779, 0.011264223901387349, 0.0], "k_pid_vsp": [194.7624155113164, 20.0, 10.0]}, "datetime": {"datetime": "2025-08-11 18:05:09", "elapsed": 5988.9696571826935, "delta": 29.445467948913574}, "costs": {"total_cost": 256.44737491000046, "time_cost": 116.893, "final_distance_cost": 1.8605841861594454, "oscillation_cost": 16.131713783021407, "completition_cost": 0.0, "overshoot_cost": 60.59306562274903, "power_cost": 26.64698728027344, "noise_cost": 34.32202403779712, "n_waypoints_completed": 9, "tot_waypoints": 9}}
{"target": -1871.2574437180522, "params": {"k_pid_pos": [1.849624377781123, 0.024859491386256316, 0.44963268842268056], "k_pid_alt": [1.4458679973838424, 0.02520494712616217, 0.949345597264735], "k_pid_att": [39.447728079683905, 4.047543547045578, 0.1845336041603497], "k_pid_yaw": [0.5, 1e-06, 0.1], "k_pid_hsp": [0.09847755819799779, 0.011264223901387349, 0.35536443232023773], "k_pid_vsp": [194.7624155113164, 156.73508457218338, 10.0]}, "datetime": {"datetime": "2025-08-11 18:05:40", "elapsed": 6020.310316562653, "delta": 31.340659379959106}, "costs": {"total_cost": 1871.2574437180522, "time_cost": 150, "final_distance_cost": 86.11138445954626, "oscillation_cost": 795.750689610912, "completition_cost": 666.6666666666667, "overshoot_cost": 109.3573701202455, "power_cost": 33.3017662475586, "noise_cost": 30.069566613123076, "n_waypoints_completed": 3, "tot_waypoints": 9}}
{"target": -187.56093721650421, "params": {"k_pid_pos": [1.3885554450422086, 0.024859491386256316, 0.44963268842268056], "k_pid_alt": [1.2679502233621702, 0.0, 0.06527723447865985], "k_pid_att": [58.989274729095186, 3.8677381495188174, 0.1845336041603497], "k_pid_yaw": [0.5, 1e-06, 0.1], "k_pid_hsp": [0.09847755819799779, 0.011264223901387349, 0.0], "k_pid_vsp": [194.7624155113164, 307.0029666248519, 10.0]}, "datetime": {"datetime": "2025-08-11 18:06:08", "elapsed": 6047.47635102272, "delta": 27.16603446006775}, "costs": {"total_cost": 187.56093721650421, "time_cost": 69.818, "final_distance_cost": 1.802979013493664, "oscillation_cost": 29.684050836556132, "completition_cost": 0.0, "overshoot_cost": 50.96561479487784, "power_cost": 17.304547814941408, "noise_cost": 17.985744756635178, "n_waypoints_completed": 9, "tot_waypoints": 9}}
{"target": -192.89386361134197, "params": {"k_pid_pos": [1.8624793477566346, 0.024859491386256316, 0.855962508813682], "k_pid_alt": [1.2679502233621702, 0.0, 0.949345597264735], "k_pid_att": [94.03514125381805, 3.8677381495188174, 0.6196773621357177], "k_pid_yaw": [0.5, 1e-06, 0.1], "k_pid_hsp": [0.09847755819799779, 0.011264223901387349, 0.0], "k_pid_vsp": [194.7624155113164, 93.09285943774285, 10.0]}, "datetime": {"datetime": "2025-08-11 18:06:26", "elapsed": 6065.7661237716675, "delta": 18.289772748947144}, "costs": {"total_cost": 192.89386361134197, "time_cost": 72.933, "final_distance_cost": 1.836995670236581, "oscillation_cost": 29.736930168635947, "completition_cost": 0.0, "overshoot_cost": 51.34739974186713, "power_cost": 18.68466298828125, "noise_cost": 18.354875042321048, "n_waypoints_completed": 9, "tot_waypoints": 9}}
{"target": -1356.9377594817133, "params": {"k_pid_pos": [1.3885554450422086, 0.20155169717439214, 0.3736141384595716], "k_pid_alt": [1.4828936131754265, 0.0, 0.8361997509577753], "k_pid_att": [19.462821160492226, 4.452622529689853, 0.4740562159278153], "k_pid_yaw": [0.5, 1e-06, 0.1], "k_pid_hsp": [0.09847755819799779, 0.018231072988983632, 0.5112702394360336], "k_pid_vsp": [194.7624155113164, 139.20520652041523, 10.0]}, "datetime": {"datetime": "2025-08-11 18:06:56", "elapsed": 6096.053158521652, "delta": 30.28703474998474}, "costs": {"total_cost": 1356.9377594817133, "time_cost": 150, "final_distance_cost": 37.03569826519935, "oscillation_cost": 464.09727879805456, "completition_cost": 555.5555555555555, "overshoot_cost": 91.5770664151077, "power_cost": 29.847999877929688, "noise_cost": 28.824160569866468, "n_waypoints_completed": 4, "tot_waypoints": 9}}
{"target": -191.57285455975432, "params": {"k_pid_pos": [1.3885554450422086, 0.024859491386256316, 0.855962508813682], "k_pid_alt": [1.2679502233621702, 0.0, 0.6559531101246859], "k_pid_att": [89.24814191396806, 3.8677381495188174, 0.1845336041603497], "k_pid_yaw": [0.5, 1e-06, 0.1], "k_pid_hsp": [0.09847755819799779, 0.011264223901387349, 0.0], "k_pid_vsp": [257.9492458711449, 307.0029666248519, 10.0]}, "datetime": {"datetime": "2025-08-11 18:07:14", "elapsed": 6114.097307443619, "delta": 18.044148921966553}, "costs": {"total_cost": 191.57285455975432, "time_cost": 72.618, "final_distance_cost": 1.8324559169830348, "oscillation_cost": 29.488883969363258, "completition_cost": 0.0, "overshoot_cost": 50.96685715806877, "power_cost": 18.029937829589844, "noise_cost": 18.636719685749426, "n_waypoints_completed": 9, "tot_waypoints": 9}}
{"target": -191.25969924505821, "params": {"k_pid_pos": [1.4340672435785011, 0.04925411992759399, 0.3736141384595716], "k_pid_alt": [1.515427128667956, 0.0, 0.5115311366376475], "k_pid_att": [39.447728079683905, 3.8677381495188174, 0.1845336041603497], "k_pid_yaw": [0.5, 1e-06, 0.1], "k_pid_hsp": [0.09847755819799779, 0.011264223901387349, 0.0], "k_pid_vsp": [194.7624155113164, 20.0, 10.0]}, "datetime": {"datetime": "2025-08-11 18:07:34", "elapsed": 6133.841107845306, "delta": 19.743800401687622}, "costs": {"total_cost": 191.25969924505821, "time_cost": 71.484, "final_distance_cost": 1.8170723722123798, "oscillation_cost": 29.688233563938144, "completition_cost": 0.0, "overshoot_cost": 51.86567516795613, "power_cost": 17.715942309570313, "noise_cost": 18.68877583138126, "n_waypoints_completed": 9, "tot_waypoints": 9}}
{"target": -193.76010892346056, "params": {"k_pid_pos": [1.849624377781123, 0.024859491386256316, 0.44963268842268056], "k_pid_alt": [1.296896341175293, 0.0, 0.949345597264735], "k_pid_att": [39.447728079683905, 3.8677381495188174, 0.1845336041603497], "k_pid_yaw": [0.5, 1e-06, 0.1], "k_pid_hsp": [0.09847755819799779, 0.011264223901387349, 0.0], "k_pid_vsp": [194.7624155113164, 156.73508457218338, 10.0]}, "datetime": {"datetime": "2025-08-11 18:07:52", "elapsed": 6151.7822461128235, "delta": 17.94113826751709}, "costs": {"total_cost": 193.76010892346056, "time_cost": 72.69500000000001, "final_distance_cost": 1.8200390351171543, "oscillation_cost": 31.719083876799345, "completition_cost": 0.0, "overshoot_cost": 50.92156466403334, "power_cost": 18.088168811035157, "noise_cost": 18.51625253647556, "n_waypoints_completed": 9, "tot_waypoints": 9}}
{"target": -202.42413879800262, "params": {"k_pid_pos": [1.8624793477566346, 0.04925411992759399, 0.964013702359797], "k_pid_alt": [1.515427128667956, 0.27313321260667356, 0.949345597264735], "k_pid_att": [39.447728079683905, 3.8677381495188174, 0.1845336041603497], "k_pid_yaw": [0.5, 1e-06, 0.1], "k_pid_hsp": [0.09847755819799779, 0.011264223901387349, 0.0], "k_pid_vsp": [296.9957164222489, 307.0029666248519, 10.0]}, "datetime": {"datetime": "2025-08-11 18:08:11", "elapsed": 6171.347063302994, "delta": 19.564817190170288}, "costs": {"total_cost": 202.42413879800262, "time_cost": 78.729, "final_distance_cost": 1.7620640154543754, "oscillation_cost": 31.34757456682352, "completition_cost": 0.0, "overshoot_cost": 51.5535823509315, "power_cost": 19.994617016601563, "noise_cost": 19.037300848191677, "n_waypoints_completed": 9, "tot_waypoints": 9}}
{"target": -345.69509217070083, "params": {"k_pid_pos": [1.849624377781123, 0.04925411992759399, 0.3736141384595716], "k_pid_alt": [1.515427128667956, 0.0, 0.5115311366376475], "k_pid_att": [39.447728079683905, 3.8677381495188174, 0.1845336041603497], "k_pid_yaw": [0.5, 1e-06, 0.1], "k_pid_hsp": [0.09847755819799779, 0.30812696203626844, 0.0], "k_pid_vsp": [194.7624155113164, 20.0, 10.0]}, "datetime": {"datetime": "2025-08-11 18:08:39", "elapsed": 6199.019101381302, "delta": 27.672038078308105}, "costs": {"total_cost": 345.69509217070083, "time_cost": 108.913, "final_distance_cost": 1.7574217031429544, "oscillation_cost": 109.6621828125911, "completition_cost": 0.0, "overshoot_cost": 62.8527622561772, "power_cost": 30.002433947753907, "noise_cost": 32.50729145103569, "n_waypoints_completed": 9, "tot_waypoints": 9}}
{"target": -188.51737050414914, "params": {"k_pid_pos": [1.4340672435785011, 0.024859491386256316, 0.44963268842268056], "k_pid_alt": [1.296896341175293, 0.0, 0.3146878632891922], "k_pid_att": [39.447728079683905, 3.8677381495188174, 0.1845336041603497], "k_pid_yaw": [0.5, 1e-06, 0.1], "k_pid_hsp": [0.09847755819799779, 0.011264223901387349, 0.0], "k_pid_vsp": [194.7624155113164, 336.89689932622207, 10.0]}, "datetime": {"datetime": "2025-08-11 18:08:57", "elapsed": 6216.484841585159, "delta": 17.465740203857422}, "costs": {"total_cost": 188.51737050414914, "time_cost": 70.35000000000001, "final_distance_cost": 1.8104856109584004, "oscillation_cost": 29.808525868549097, "completition_cost": 0.0, "overshoot_cost": 50.664091800990285, "power_cost": 17.97976813964844, "noise_cost": 17.904499084002936, "n_waypoints_completed": 9, "tot_waypoints": 9}}
{"target": -202.77392208087645, "params": {"k_pid_pos": [1.8624793477566346, 0.8245025676918739, 0.964013702359797], "k_pid_alt": [1.515427128667956, 0.0, 0.949345597264735], "k_pid_att": [39.447728079683905, 3.8677381495188174, 0.1845336041603497], "k_pid_yaw": [0.5, 1e-06, 0.1], "k_pid_hsp": [1.5353014571438959, 0.011264223901387349, 0.0], "k_pid_vsp": [194.7624155113164, 307.0029666248519, 10.0]}, "datetime": {"datetime": "2025-08-11 18:09:15", "elapsed": 6235.365806102753, "delta": 18.880964517593384}, "costs": {"total_cost": 202.77392208087645, "time_cost": 75.537, "final_distance_cost": 1.7951103729652975, "oscillation_cost": 36.48634489785427, "completition_cost": 0.0, "overshoot_cost": 50.383231938627375, "power_cost": 18.724814672851565, "noise_cost": 19.84742019857792, "n_waypoints_completed": 9, "tot_waypoints": 9}}
{"target": -192.35398924310687, "params": {"k_pid_pos": [0.9913583837549204, 0.024859491386256316, 0.44963268842268056], "k_pid_alt": [1.2679502233621702, 0.0, 0.949345597264735], "k_pid_att": [14.415714892135846, 3.8677381495188174, 0.1845336041603497], "k_pid_yaw": [0.5, 1e-06, 0.1], "k_pid_hsp": [0.09847755819799779, 0.011264223901387349, 0.0], "k_pid_vsp": [194.7624155113164, 20.0, 10.0]}, "datetime": {"datetime": "2025-08-11 18:09:34", "elapsed": 6254.046806335449, "delta": 18.681000232696533}, "costs": {"total_cost": 192.35398924310687, "time_cost": 74.809, "final_distance_cost": 1.8429603037452431, "oscillation_cost": 26.288855776309664, "completition_cost": 0.0, "overshoot_cost": 51.66607822593004, "power_cost": 19.001831799316406, "noise_cost": 18.745263137805534, "n_waypoints_completed": 9, "tot_waypoints": 9}}
{"target": -191.20192547200463, "params": {"k_pid_pos": [1.4340672435785011, 0.04925411992759399, 0.3736141384595716], "k_pid_alt": [1.515427128667956, 0.0, 0.5115311366376475], "k_pid_att": [39.447728079683905, 4.5502721036558205, 0.1845336041603497], "k_pid_yaw": [0.5, 1e-06, 0.1], "k_pid_hsp": [0.09847755819799779, 0.011264223901387349, 0.0], "k_pid_vsp": [194.7624155113164, 20.0, 10.0]}, "datetime": {"datetime": "2025-08-11 18:09:52", "elapsed": 6271.628874778748, "delta": 17.58206844329834}, "costs": {"total_cost": 191.20192547200463, "time_cost": 71.477, "final_distance_cost": 1.807571655187266, "oscillation_cost": 29.699824754031834, "completition_cost": 0.0, "overshoot_cost": 51.84810369303701, "power_cost": 17.674618298339844, "noise_cost": 18.694807071408658, "n_waypoints_completed": 9, "tot_waypoints": 9}}
{"target": -187.56093721650421, "params": {"k_pid_pos": [1.3885554450422086, 0.024859491386256316, 0.44963268842268056], "k_pid_alt": [1.2679502233621702, 0.0, 0.06527723447865985], "k_pid_att": [58.989274729095186, 3.8677381495188174, 0.1845336041603497], "k_pid_yaw": [0.5, 1e-06, 0.1], "k_pid_hsp": [0.09847755819799779, 0.011264223901387349, 0.0], "k_pid_vsp": [194.7624155113164, 307.0029666248519, 10.0]}, "datetime": {"datetime": "2025-08-11 18:10:09", "elapsed": 6289.146878480911, "delta": 17.518003702163696}, "costs": {"total_cost": 187.56093721650421, "time_cost": 69.818, "final_distance_cost": 1.802979013493664, "oscillation_cost": 29.684050836556132, "completition_cost": 0.0, "overshoot_cost": 50.96561479487784, "power_cost": 17.304547814941408, "noise_cost": 17.985744756635178, "n_waypoints_completed": 9, "tot_waypoints": 9}}
{"target": -188.51737050414914, "params": {"k_pid_pos": [1.4340672435785011, 0.024859491386256316, 0.44963268842268056], "k_pid_alt": [1.296896341175293, 0.0, 0.3146878632891922], "k_pid_att": [39.447728079683905, 3.8677381495188174, 0.1845336041603497], "k_pid_yaw": [0.5, 1e-06, 0.1], "k_pid_hsp": [0.09847755819799779, 0.011264223901387349, 0.0], "k_pid_vsp": [194.7624155113164, 336.89689932622207, 10.0]}, "datetime": {"datetime": "2025-08-11 18:10:26", "elapsed": 6306.135740995407, "delta": 16.98886251449585}, "costs": {"total_cost": 188.51737050414914, "time_cost": 70.35000000000001, "final_distance_cost": 1.8104856109584004, "oscillation_cost": 29.808525868549097, "completition_cost": 0.0, "overshoot_cost": 50.664091800990285, "power_cost": 17.97976813964844, "noise_cost": 17.904499084002936, "n_waypoints_completed": 9, "tot_waypoints": 9}}
{"target": -189.78047933573853, "params": {"k_pid_pos": [1.3885554450422086, 0.024859491386256316, 0.44963268842268056], "k_pid_alt": [1.2679502233621702, 0.0, 0.18431000208985737], "k_pid_att": [17.813414374173632, 3.8677381495188174, 0.1845336041603497], "k_pid_yaw": [0.5, 1e-06, 0.1], "k_pid_hsp": [0.09847755819799779, 0.011264223901387349, 0.0], "k_pid_vsp": [194.7624155113164, 20.0, 10.0]}, "datetime": {"datetime": "2025-08-11 18:10:44", "elapsed": 6323.425269365311, "delta": 17.289528369903564}, "costs": {"total_cost": 189.78047933573853, "time_cost": 71.078, "final_distance_cost": 1.821110020867716, "oscillation_cost": 28.78055545480451, "completition_cost": 0.0, "overshoot_cost": 51.75524691758402, "power_cost": 18.072864685058594, "noise_cost": 18.272702257423713, "n_waypoints_completed": 9, "tot_waypoints": 9}}
{"target": -191.79273571826747, "params": {"k_pid_pos": [1.3885554450422086, 0.024859491386256316, 0.44963268842268056], "k_pid_alt": [1.1302962253917743, 0.0, 0.8361997509577753], "k_pid_att": [19.462821160492226, 4.138056718860487, 0.737857181360408], "k_pid_yaw": [0.5, 1e-06, 0.1], "k_pid_hsp": [0.09847755819799779, 0.011264223901387349, 0.0], "k_pid_vsp": [194.7624155113164, 139.20520652041523, 10.0]}, "datetime": {"datetime": "2025-08-11 18:11:03", "elapsed": 6342.452045202255, "delta": 19.02677583694458}, "costs": {"total_cost": 191.79273571826747, "time_cost": 73.47200000000001, "final_distance_cost": 1.8205370735512272, "oscillation_cost": 28.84140780148863, "completition_cost": 0.0, "overshoot_cost": 50.751102222912436, "power_cost": 18.747894067382813, "noise_cost": 18.15979455293238, "n_waypoints_completed": 9, "tot_waypoints": 9}}
{"target": -195.47543406430498, "params": {"k_pid_pos": [1.4340672435785011, 0.04925411992759399, 0.3736141384595716], "k_pid_alt": [1.515427128667956, 0.0, 0.5115311366376475], "k_pid_att": [66.62171653053798, 3.8677381495188174, 0.1845336041603497], "k_pid_yaw": [0.5, 1e-06, 0.1], "k_pid_hsp": [0.09847755819799779, 0.029631885976391104, 0.0], "k_pid_vsp": [194.7624155113164, 20.0, 10.0]}, "datetime": {"datetime": "2025-08-11 18:11:21", "elapsed": 6360.650593757629, "delta": 18.198548555374146}, "costs": {"total_cost": 195.47543406430498, "time_cost": 71.96000000000001, "final_distance_cost": 1.798463834424236, "oscillation_cost": 33.00512451952202, "completition_cost": 0.0, "overshoot_cost": 51.67254272124427, "power_cost": 18.066978344726564, "noise_cost": 18.972324644387868, "n_waypoints_completed": 9, "tot_waypoints": 9}}
{"target": -1467.0968858681133, "params": {"k_pid_pos": [1.366584901374431, 0.6757485115605695, 0.3736141384595716], "k_pid_alt": [1.515427128667956, 0.0, 0.5115311366376475], "k_pid_att": [70.37366196437685, 4.5502721036558205, 0.1845336041603497], "k_pid_yaw": [0.5, 1e-06, 0.1], "k_pid_hsp": [0.09847755819799779, 0.011264223901387349, 0.0], "k_pid_vsp": [194.7624155113164, 20.0, 221.50483815232838]}, "datetime": {"datetime": "2025-08-11 18:11:51", "elapsed": 6390.864088773727, "delta": 30.213495016098022}, "costs": {"total_cost": 1467.0968858681133, "time_cost": 150, "final_distance_cost": 0.9974444799244523, "oscillation_cost": 8.590320849397239, "completition_cost": 1000.0, "overshoot_cost": 163.06831187749074, "power_cost": 29.32157166748047, "noise_cost": 115.11923699382058, "n_waypoints_completed": 0, "tot_waypoints": 9}}
{"target": -200.22713116945687, "params": {"k_pid_pos": [1.3885554450422086, 0.024859491386256316, 0.44963268842268056], "k_pid_alt": [1.2679502233621702, 0.0, 0.18431000208985737], "k_pid_att": [17.813414374173632, 3.8677381495188174, 0.48922906718999004], "k_pid_yaw": [0.5, 1e-06, 0.1], "k_pid_hsp": [6.779068060256637, 0.011264223901387349, 0.0], "k_pid_vsp": [194.7624155113164, 20.0, 10.0]}, "datetime": {"datetime": "2025-08-11 18:12:09", "elapsed": 6408.891476869583, "delta": 18.027388095855713}, "costs": {"total_cost": 200.22713116945687, "time_cost": 71.092, "final_distance_cost": 1.8439959849870808, "oscillation_cost": 39.58127769673049, "completition_cost": 0.0, "overshoot_cost": 50.67777115529146, "power_cost": 17.38516212158203, "noise_cost": 19.646924210865826, "n_waypoints_completed": 9, "tot_waypoints": 9}}
