{"target": -195.66837992462692, "params": {"k_pid_pos": [1.0031316701085804, 0.5303319676020144, 0.9239049236577108], "k_pid_alt": [1.2679502233621702, 0.0, 0.06527723447865985], "k_pid_att": [48.26873903267956, 8.267881126176224, 0.8792759721912583], "k_pid_yaw": [0.5, 1e-06, 0.1], "k_pid_hsp": [0.09847755819799779, 0.011264223901387349, 0.0], "k_pid_vsp": [292.94687076665593, 307.0029666248519, 62.564861685850005]}, "datetime": {"datetime": "2025-08-11 21:50:59", "elapsed": 19538.95281982422, "delta": 19.835216522216797}, "costs": {"total_cost": 195.66837992462692, "time_cost": 77.154, "final_distance_cost": 1.8154811799980721, "oscillation_cost": 25.859868627610847, "completition_cost": 0.0, "overshoot_cost": 51.92808873555432, "power_cost": 19.854733813476564, "noise_cost": 19.05620756798712, "n_waypoints_completed": 9, "tot_waypoints": 9}}
{"target": -711.8987656981022, "params": {"k_pid_pos": [1.0031316701085804, 0.7951702038987456, 0.40092638265648595], "k_pid_alt": [1.2679502233621702, 0.0, 0.2497707977181448], "k_pid_att": [24.0942673894178, 0.18205753750414305, 0.8792759721912583], "k_pid_yaw": [0.5, 1e-06, 0.1], "k_pid_hsp": [0.09847755819799779, 0.44968036567381975, 0.0], "k_pid_vsp": [292.94687076665593, 307.0029666248519, 21.011196465382298]}, "datetime": {"datetime": "2025-08-11 21:51:29", "elapsed": 19569.244730710983, "delta": 30.291910886764526}, "costs": {"total_cost": 711.8987656981022, "time_cost": 150, "final_distance_cost": 79.3923123318418, "oscillation_cost": 120.7311834865758, "completition_cost": 222.2222222222222, "overshoot_cost": 71.32487758881533, "power_cost": 35.31764444580078, "noise_cost": 32.91052562284643, "n_waypoints_completed": 7, "tot_waypoints": 9}}
{"target": -184.50272249521083, "params": {"k_pid_pos": [1.0031316701085804, 0.024859491386256316, 0.40092638265648595], "k_pid_alt": [1.2679502233621702, 0.0, 0.06527723447865985], "k_pid_att": [24.0942673894178, 3.7802132718527557, 0.8792759721912583], "k_pid_yaw": [0.5, 1e-06, 0.1], "k_pid_hsp": [0.09847755819799779, 0.011264223901387349, 0.0], "k_pid_vsp": [292.94687076665593, 307.0029666248519, 62.564861685850005]}, "datetime": {"datetime": "2025-08-11 21:51:47", "elapsed": 19587.046134233475, "delta": 17.801403522491455}, "costs": {"total_cost": 184.50272249521083, "time_cost": 70.644, "final_distance_cost": 1.829104376330729, "oscillation_cost": 25.622620518994342, "completition_cost": 0.0, "overshoot_cost": 50.75529124833991, "power_cost": 18.076365515136718, "noise_cost": 17.575340836409108, "n_waypoints_completed": 9, "tot_waypoints": 9}}
{"target": -208.0603890124384, "params": {"k_pid_pos": [1.0031316701085804, 0.024859491386256316, 0.40092638265648595], "k_pid_alt": [1.2679502233621702, 0.0, 0.06527723447865985], "k_pid_att": [24.0942673894178, 8.932983788390587, 0.8792759721912583], "k_pid_yaw": [0.5, 1e-06, 0.1], "k_pid_hsp": [5.624087978379637, 0.011264223901387349, 0.0], "k_pid_vsp": [292.94687076665593, 307.0029666248519, 62.564861685850005]}, "datetime": {"datetime": "2025-08-11 21:52:06", "elapsed": 19605.653903245926, "delta": 18.607769012451172}, "costs": {"total_cost": 208.0603890124384, "time_cost": 74.165, "final_distance_cost": 1.8552923330367561, "oscillation_cost": 42.08156320717498, "completition_cost": 0.0, "overshoot_cost": 50.57390443524708, "power_cost": 19.738953869628908, "noise_cost": 19.64567516735066, "n_waypoints_completed": 9, "tot_waypoints": 9}}
{"target": -304.6252863196738, "params": {"k_pid_pos": [1.0031316701085804, 0.024859491386256316, 0.32789994363863884], "k_pid_alt": [1.2679502233621702, 0.0, 0.06527723447865985], "k_pid_att": [24.0942673894178, 3.7802132718527557, 0.15038183248814696], "k_pid_yaw": [0.5, 1e-06, 0.1], "k_pid_hsp": [0.09847755819799779, 0.3707642846192629, 0.0], "k_pid_vsp": [292.94687076665593, 307.0029666248519, 62.564861685850005]}, "datetime": {"datetime": "2025-08-11 21:52:29", "elapsed": 19628.935936689377, "delta": 23.282033443450928}, "costs": {"total_cost": 304.6252863196738, "time_cost": 91.532, "final_distance_cost": 1.8140752606330928, "oscillation_cost": 98.45127123949287, "completition_cost": 0.0, "overshoot_cost": 58.798360566510176, "power_cost": 26.558115234375002, "noise_cost": 27.471464018662672, "n_waypoints_completed": 9, "tot_waypoints": 9}}
{"target": -184.63307240154853, "params": {"k_pid_pos": [1.0031316701085804, 0.024859491386256316, 0.40092638265648595], "k_pid_alt": [1.2679502233621702, 0.0, 0.06527723447865985], "k_pid_att": [24.0942673894178, 3.7802132718527557, 0.8792759721912583], "k_pid_yaw": [0.5, 1e-06, 0.1], "k_pid_hsp": [0.09847755819799779, 0.011264223901387349, 0.0], "k_pid_vsp": [200.4106445826773, 307.0029666248519, 62.564861685850005]}, "datetime": {"datetime": "2025-08-11 21:52:47", "elapsed": 19646.96711921692, "delta": 18.031182527542114}, "costs": {"total_cost": 184.63307240154853, "time_cost": 70.77, "final_distance_cost": 1.8297905704028452, "oscillation_cost": 25.50923946209913, "completition_cost": 0.0, "overshoot_cost": 50.98264935797604, "power_cost": 18.11455916748047, "noise_cost": 17.426833843590035, "n_waypoints_completed": 9, "tot_waypoints": 9}}
{"target": -185.43570690997777, "params": {"k_pid_pos": [1.0031316701085804, 0.024859491386256316, 0.40092638265648595], "k_pid_alt": [1.2679502233621702, 0.0, 0.06527723447865985], "k_pid_att": [24.0942673894178, 3.7802132718527557, 0.9125065750547853], "k_pid_yaw": [0.5, 1e-06, 0.1], "k_pid_hsp": [0.09847755819799779, 0.011264223901387349, 0.0], "k_pid_vsp": [67.06746789475653, 307.0029666248519, 62.564861685850005]}, "datetime": {"datetime": "2025-08-11 21:53:05", "elapsed": 19664.636468172073, "delta": 17.66934895515442}, "costs": {"total_cost": 185.43570690997777, "time_cost": 70.868, "final_distance_cost": 1.8207732530302736, "oscillation_cost": 26.000055568109794, "completition_cost": 0.0, "overshoot_cost": 51.408355834763746, "power_cost": 18.265043383789063, "noise_cost": 17.07347887028489, "n_waypoints_completed": 9, "tot_waypoints": 9}}
{"target": -190.26702344977878, "params": {"k_pid_pos": [1.9176378968916694, 0.024859491386256316, 0.40092638265648595], "k_pid_alt": [1.2679502233621702, 0.0, 0.06527723447865985], "k_pid_att": [24.0942673894178, 3.7802132718527557, 0.8792759721912583], "k_pid_yaw": [0.5, 1e-06, 0.1], "k_pid_hsp": [0.09847755819799779, 0.011264223901387349, 0.0], "k_pid_vsp": [284.5460512203246, 307.0029666248519, 62.564861685850005]}, "datetime": {"datetime": "2025-08-11 21:53:23", "elapsed": 19682.81029200554, "delta": 18.173823833465576}, "costs": {"total_cost": 190.26702344977878, "time_cost": 69.979, "final_distance_cost": 1.7678171185960272, "oscillation_cost": 31.238488332602426, "completition_cost": 0.0, "overshoot_cost": 51.407234426107266, "power_cost": 18.31555155029297, "noise_cost": 17.55893202218006, "n_waypoints_completed": 9, "tot_waypoints": 9}}
{"target": -459.0009129110251, "params": {"k_pid_pos": [1.0031316701085804, 0.36499264706834744, 0.40092638265648595], "k_pid_alt": [0.2059594118716659, 0.0, 0.06527723447865985], "k_pid_att": [67.86739237565823, 0.18205753750414305, 0.8792759721912583], "k_pid_yaw": [0.5, 1e-06, 0.1], "k_pid_hsp": [0.09847755819799779, 0.011264223901387349, 0.0], "k_pid_vsp": [292.94687076665593, 307.0029666248519, 62.564861685850005]}, "datetime": {"datetime": "2025-08-11 21:53:53", "elapsed": 19712.98792243004, "delta": 30.17763042449951}, "costs": {"total_cost": 459.0009129110251, "time_cost": 150, "final_distance_cost": 67.03318735236466, "oscillation_cost": 27.029842823733443, "completition_cost": 111.11111111111116, "overshoot_cost": 46.5663350063205, "power_cost": 30.336608166503908, "noise_cost": 26.92382845099141, "n_waypoints_completed": 8, "tot_waypoints": 9}}
{"target": -214.81946807650365, "params": {"k_pid_pos": [1.0031316701085804, 0.024859491386256316, 0.40092638265648595], "k_pid_alt": [1.2679502233621702, 0.0, 0.06527723447865985], "k_pid_att": [48.26873903267956, 8.267881126176224, 0.8792759721912583], "k_pid_yaw": [0.5, 1e-06, 0.1], "k_pid_hsp": [7.2506103715559185, 0.011264223901387349, 0.0], "k_pid_vsp": [292.94687076665593, 307.0029666248519, 21.011196465382298]}, "datetime": {"datetime": "2025-08-11 21:54:12", "elapsed": 19732.294939994812, "delta": 19.30701756477356}, "costs": {"total_cost": 214.81946807650365, "time_cost": 73.22, "final_distance_cost": 1.8540167541198171, "oscillation_cost": 50.617927542794874, "completition_cost": 0.0, "overshoot_cost": 50.48794424885964, "power_cost": 19.163804040527346, "noise_cost": 19.47577549020197, "n_waypoints_completed": 9, "tot_waypoints": 9}}
{"target": -187.06919154665596, "params": {"k_pid_pos": [1.0031316701085804, 0.024859491386256316, 0.40092638265648595], "k_pid_alt": [1.2679502233621702, 0.0, 0.06527723447865985], "k_pid_att": [42.28034808905181, 3.7802132718527557, 0.8792759721912583], "k_pid_yaw": [0.5, 1e-06, 0.1], "k_pid_hsp": [0.09847755819799779, 0.011264223901387349, 0.0], "k_pid_vsp": [292.94687076665593, 197.31441805153213, 62.564861685850005]}, "datetime": {"datetime": "2025-08-11 21:54:30", "elapsed": 19749.920650720596, "delta": 17.6257107257843}, "costs": {"total_cost": 187.06919154665596, "time_cost": 71.456, "final_distance_cost": 1.8223568541823014, "oscillation_cost": 25.495297540967485, "completition_cost": 0.0, "overshoot_cost": 51.90139889032233, "power_cost": 18.48423797607422, "noise_cost": 17.909900285109615, "n_waypoints_completed": 9, "tot_waypoints": 9}}
{"target": -1452.976924233099, "params": {"k_pid_pos": [0.9099535497311482, 0.7250055444720932, 0.40092638265648595], "k_pid_alt": [1.2679502233621702, 0.9258024620299178, 0.06527723447865985], "k_pid_att": [24.0942673894178, 3.7802132718527557, 0.8792759721912583], "k_pid_yaw": [0.5, 1e-06, 0.1], "k_pid_hsp": [0.09847755819799779, 0.011264223901387349, 0.0], "k_pid_vsp": [226.26984466641142, 307.0029666248519, 247.7468655756112]}, "datetime": {"datetime": "2025-08-11 21:55:00", "elapsed": 19779.83066368103, "delta": 29.91001296043396}, "costs": {"total_cost": 1452.976924233099, "time_cost": 150, "final_distance_cost": 0.9976607092180668, "oscillation_cost": 7.53011877047217, "completition_cost": 1000.0, "overshoot_cost": 160.95701246520224, "power_cost": 29.482377868652346, "noise_cost": 104.00975441955406, "n_waypoints_completed": 0, "tot_waypoints": 9}}
{"target": -198.36011118764048, "params": {"k_pid_pos": [1.0031316701085804, 0.024859491386256316, 0.40092638265648595], "k_pid_alt": [1.2679502233621702, 0.0, 0.06527723447865985], "k_pid_att": [24.0942673894178, 3.7802132718527557, 0.8792759721912583], "k_pid_yaw": [0.5, 1e-06, 0.1], "k_pid_hsp": [0.09847755819799779, 0.011264223901387349, 0.0], "k_pid_vsp": [160.3395904221712, 123.17615504689017, 62.564861685850005]}, "datetime": {"datetime": "2025-08-11 21:55:20", "elapsed": 19799.90303826332, "delta": 20.07237458229065}, "costs": {"total_cost": 198.36011118764048, "time_cost": 76.629, "final_distance_cost": 1.833500629194395, "oscillation_cost": 25.727474104956446, "completition_cost": 0.0, "overshoot_cost": 54.915027047077444, "power_cost": 19.761916467285157, "noise_cost": 19.49319293912706, "n_waypoints_completed": 9, "tot_waypoints": 9}}
{"target": -185.04945864259696, "params": {"k_pid_pos": [1.0031316701085804, 0.024859491386256316, 0.40092638265648595], "k_pid_alt": [1.2679502233621702, 0.0, 0.06527723447865985], "k_pid_att": [24.0942673894178, 3.7802132718527557, 0.8792759721912583], "k_pid_yaw": [0.5, 1e-06, 0.1], "k_pid_hsp": [0.09847755819799779, 0.011264223901387349, 0.0], "k_pid_vsp": [376.5747392387296, 307.0029666248519, 62.564861685850005]}, "datetime": {"datetime": "2025-08-11 21:55:39", "elapsed": 19818.387343645096, "delta": 18.484305381774902}, "costs": {"total_cost": 185.04945864259696, "time_cost": 70.574, "final_distance_cost": 1.8148208272143387, "oscillation_cost": 25.698158735309573, "completition_cost": 0.0, "overshoot_cost": 50.97610148133103, "power_cost": 18.207005200195315, "noise_cost": 17.779372398546727, "n_waypoints_completed": 9, "tot_waypoints": 9}}
{"target": -227.2832691534903, "params": {"k_pid_pos": [0.60393984878084, 0.024859491386256316, 0.40092638265648595], "k_pid_alt": [1.2679502233621702, 0.0, 0.06527723447865985], "k_pid_att": [24.0942673894178, 3.6677428332793016, 0.03404765381520658], "k_pid_yaw": [0.5, 1e-06, 0.1], "k_pid_hsp": [1.2327241314931046, 0.011264223901387349, 0.0], "k_pid_vsp": [292.94687076665593, 307.0029666248519, 62.564861685850005]}, "datetime": {"datetime": "2025-08-11 21:56:00", "elapsed": 19839.46061706543, "delta": 21.073273420333862}, "costs": {"total_cost": 227.2832691534903, "time_cost": 84.511, "final_distance_cost": 1.8586327771761975, "oscillation_cost": 44.65524862004179, "completition_cost": 0.0, "overshoot_cost": 52.62093262059104, "power_cost": 21.417593603515627, "noise_cost": 22.219861532165616, "n_waypoints_completed": 9, "tot_waypoints": 9}}
{"target": -212.4456991542975, "params": {"k_pid_pos": [1.0031316701085804, 0.024859491386256316, 0.40092638265648595], "k_pid_alt": [1.2679502233621702, 0.0, 0.06527723447865985], "k_pid_att": [58.28791669869587, 3.7802132718527557, 0.19921483509393956], "k_pid_yaw": [0.5, 1e-06, 0.1], "k_pid_hsp": [3.333190925918924, 0.011264223901387349, 0.0], "k_pid_vsp": [292.94687076665593, 307.0029666248519, 62.564861685850005]}, "datetime": {"datetime": "2025-08-11 21:56:19", "elapsed": 19858.45224261284, "delta": 18.991625547409058}, "costs": {"total_cost": 212.4456991542975, "time_cost": 74.116, "final_distance_cost": 1.8499018288423148, "oscillation_cost": 46.649375871920554, "completition_cost": 0.0, "overshoot_cost": 51.25497120571242, "power_cost": 19.512930383300784, "noise_cost": 19.06251986452142, "n_waypoints_completed": 9, "tot_waypoints": 9}}
{"target": -185.76370196030598, "params": {"k_pid_pos": [1.0031316701085804, 0.024859491386256316, 0.40092638265648595], "k_pid_alt": [1.2679502233621702, 0.0, 0.6600607021214705], "k_pid_att": [48.72959582322072, 3.7802132718527557, 0.5088498556215773], "k_pid_yaw": [0.5, 1e-06, 0.1], "k_pid_hsp": [0.09847755819799779, 0.011264223901387349, 0.0], "k_pid_vsp": [315.8089586555307, 307.0029666248519, 62.564861685850005]}, "datetime": {"datetime": "2025-08-11 21:56:37", "elapsed": 19877.11660718918, "delta": 18.66436457633972}, "costs": {"total_cost": 185.76370196030598, "time_cost": 71.715, "final_distance_cost": 1.8315307952673596, "oscillation_cost": 25.831332129690253, "completition_cost": 0.0, "overshoot_cost": 50.77645254051451, "power_cost": 18.490357556152343, "noise_cost": 17.119028938681524, "n_waypoints_completed": 9, "tot_waypoints": 9}}
{"target": -184.50272249521083, "params": {"k_pid_pos": [1.0031316701085804, 0.024859491386256316, 0.40092638265648595], "k_pid_alt": [1.2679502233621702, 0.0, 0.06527723447865985], "k_pid_att": [24.0942673894178, 3.7802132718527557, 0.8792759721912583], "k_pid_yaw": [0.5, 1e-06, 0.1], "k_pid_hsp": [0.09847755819799779, 0.011264223901387349, 0.0], "k_pid_vsp": [292.94687076665593, 307.0029666248519, 62.564861685850005]}, "datetime": {"datetime": "2025-08-11 21:56:55", "elapsed": 19894.554819583893, "delta": 17.438212394714355}, "costs": {"total_cost": 184.50272249521083, "time_cost": 70.644, "final_distance_cost": 1.829104376330729, "oscillation_cost": 25.622620518994342, "completition_cost": 0.0, "overshoot_cost": 50.75529124833991, "power_cost": 18.076365515136718, "noise_cost": 17.575340836409108, "n_waypoints_completed": 9, "tot_waypoints": 9}}
{"target": -465.2541745863261, "params": {"k_pid_pos": [1.8528239617641062, 0.024859491386256316, 0.40092638265648595], "k_pid_alt": [0.19443302098434057, 0.0, 0.06527723447865985], "k_pid_att": [42.28034808905181, 3.7802132718527557, 0.8792759721912583], "k_pid_yaw": [0.5, 1e-06, 0.1], "k_pid_hsp": [0.09847755819799779, 0.011264223901387349, 0.0], "k_pid_vsp": [327.6162970060679, 352.38957012773386, 51.13297342368862]}, "datetime": {"datetime": "2025-08-11 21:57:26", "elapsed": 19925.83120059967, "delta": 31.276381015777588}, "costs": {"total_cost": 465.2541745863261, "time_cost": 150, "final_distance_cost": 67.01641979903927, "oscillation_cost": 32.83061528671449, "completition_cost": 111.11111111111116, "overshoot_cost": 46.5171028469018, "power_cost": 30.57187030029297, "noise_cost": 27.20705524226641, "n_waypoints_completed": 8, "tot_waypoints": 9}}
{"target": -348.5092904308059, "params": {"k_pid_pos": [1.0031316701085804, 0.024859491386256316, 0.40092638265648595], "k_pid_alt": [1.2679502233621702, 0.0, 0.06527723447865985], "k_pid_att": [24.0942673894178, 0.18205753750414305, 0.8792759721912583], "k_pid_yaw": [0.5, 1e-06, 0.1], "k_pid_hsp": [5.837136346439943, 0.011264223901387349, 0.21418081882621387], "k_pid_vsp": [292.94687076665593, 307.0029666248519, 21.011196465382298]}, "datetime": {"datetime": "2025-08-11 21:57:45", "elapsed": 19944.48627614975, "delta": 18.655075550079346}, "costs": {"total_cost": 348.5092904308059, "time_cost": 73.563, "final_distance_cost": 1.8503858946649892, "oscillation_cost": 182.53344057526823, "completition_cost": 0.0, "overshoot_cost": 50.89104867143699, "power_cost": 19.883916430664062, "noise_cost": 19.787498858771613, "n_waypoints_completed": 9, "tot_waypoints": 9}}
{"target": -273.6613448536639, "params": {"k_pid_pos": [1.0031316701085804, 0.8954681105093145, 0.40092638265648595], "k_pid_alt": [1.2679502233621702, 0.0, 0.06527723447865985], "k_pid_att": [24.0942673894178, 3.7802132718527557, 0.8792759721912583], "k_pid_yaw": [0.5, 1e-06, 0.1], "k_pid_hsp": [0.09847755819799779, 0.011264223901387349, 0.0], "k_pid_vsp": [292.94687076665593, 307.0029666248519, 62.564861685850005]}, "datetime": {"datetime": "2025-08-11 21:58:13", "elapsed": 19973.03490638733, "delta": 28.548630237579346}, "costs": {"total_cost": 273.6613448536639, "time_cost": 111.006, "final_distance_cost": 1.7220388381725331, "oscillation_cost": 47.74880035021232, "completition_cost": 0.0, "overshoot_cost": 55.87603004443687, "power_cost": 29.27657452392578, "noise_cost": 28.03190109691633, "n_waypoints_completed": 9, "tot_waypoints": 9}}
{"target": -192.5394377246777, "params": {"k_pid_pos": [1.0031316701085804, 0.024859491386256316, 0.40092638265648595], "k_pid_alt": [1.2679502233621702, 0.6017481209158007, 0.06527723447865985], "k_pid_att": [24.0942673894178, 0.18205753750414305, 0.8792759721912583], "k_pid_yaw": [0.5, 1e-06, 0.1], "k_pid_hsp": [0.09847755819799779, 0.011264223901387349, 0.0], "k_pid_vsp": [292.94687076665593, 249.2161134825686, 21.011196465382298]}, "datetime": {"datetime": "2025-08-11 21:58:32", "elapsed": 19991.57112979889, "delta": 18.53622341156006}, "costs": {"total_cost": 192.5394377246777, "time_cost": 75.453, "final_distance_cost": 1.7804239214550335, "oscillation_cost": 26.658508383591524, "completition_cost": 0.0, "overshoot_cost": 51.734090328406765, "power_cost": 18.894403613281252, "noise_cost": 18.019011477943135, "n_waypoints_completed": 9, "tot_waypoints": 9}}
{"target": -208.4574642343259, "params": {"k_pid_pos": [1.0031316701085804, 0.024859491386256316, 0.40092638265648595], "k_pid_alt": [1.2679502233621702, 0.0, 0.9460812825483834], "k_pid_att": [24.0942673894178, 3.7802132718527557, 0.8792759721912583], "k_pid_yaw": [0.5, 1e-06, 0.1], "k_pid_hsp": [5.888611819901712, 0.011264223901387349, 0.0], "k_pid_vsp": [292.94687076665593, 307.0029666248519, 62.564861685850005]}, "datetime": {"datetime": "2025-08-11 21:58:51", "elapsed": 20011.23617196083, "delta": 19.66504216194153}, "costs": {"total_cost": 208.4574642343259, "time_cost": 75.754, "final_distance_cost": 1.8503768360786168, "oscillation_cost": 41.908155192605285, "completition_cost": 0.0, "overshoot_cost": 50.32265782481411, "power_cost": 19.726692309570314, "noise_cost": 18.895582071257564, "n_waypoints_completed": 9, "tot_waypoints": 9}}
{"target": -1460.045650310575, "params": {"k_pid_pos": [1.0031316701085804, 0.024859491386256316, 0.40092638265648595], "k_pid_alt": [1.2679502233621702, 0.0, 0.06527723447865985], "k_pid_att": [22.261599542950584, 0.18205753750414305, 0.8792759721912583], "k_pid_yaw": [0.5, 1e-06, 0.1], "k_pid_hsp": [0.09847755819799779, 0.011264223901387349, 0.0], "k_pid_vsp": [292.94687076665593, 307.0029666248519, 385.0013815870165]}, "datetime": {"datetime": "2025-08-11 21:59:22", "elapsed": 20041.547757864, "delta": 30.311585903167725}, "costs": {"total_cost": 1460.045650310575, "time_cost": 150, "final_distance_cost": 0.998085909789575, "oscillation_cost": 3.3702752652815824, "completition_cost": 1000.0, "overshoot_cost": 162.90313567434904, "power_cost": 29.292130029296878, "noise_cost": 113.4820234318579, "n_waypoints_completed": 0, "tot_waypoints": 9}}
{"target": -186.33375313592532, "params": {"k_pid_pos": [1.0031316701085804, 0.024859491386256316, 0.40092638265648595], "k_pid_alt": [1.2679502233621702, 0.0, 0.25090527456937695], "k_pid_att": [24.0942673894178, 3.7802132718527557, 0.8792759721912583], "k_pid_yaw": [0.5, 1e-06, 0.1], "k_pid_hsp": [0.09847755819799779, 0.011264223901387349, 0.0], "k_pid_vsp": [232.83084258960952, 307.0029666248519, 85.6384831120458]}, "datetime": {"datetime": "2025-08-11 21:59:40", "elapsed": 20059.817811489105, "delta": 18.27005362510681}, "costs": {"total_cost": 186.33375313592532, "time_cost": 71.435, "final_distance_cost": 1.8369237559587814, "oscillation_cost": 25.510067812572128, "completition_cost": 0.0, "overshoot_cost": 51.601287008316795, "power_cost": 18.529819580078126, "noise_cost": 17.42065497899946, "n_waypoints_completed": 9, "tot_waypoints": 9}}
