{"target": -191.87991751639106, "params": {"k_pid_pos": [1.6185693046586094, 0.024859491386256316, 0.40092638265648595], "k_pid_alt": [1.7297729984189598, 0.0, 0.06527723447865985], "k_pid_att": [24.0942673894178, 0.18205753750414305, 0.9737674939855436], "k_pid_yaw": [0.5, 1e-06, 0.1], "k_pid_hsp": [3.1752085098097216, 0.011264223901387349, 0.0], "k_pid_vsp": [292.94687076665593, 307.41944303395303, 21.011196465382298]}, "datetime": {"datetime": "2025-08-12 00:58:38", "elapsed": 30797.939678907394, "delta": 18.254215717315674}, "costs": {"total_cost": 191.87991751639106, "time_cost": 68.81, "final_distance_cost": 1.8253934639118545, "oscillation_cost": 34.68732967794375, "completition_cost": 0.0, "overshoot_cost": 50.26380949325516, "power_cost": 18.55242158203125, "noise_cost": 17.74096329924903, "n_waypoints_completed": 9, "tot_waypoints": 9}}
{"target": -792.8747734853935, "params": {"k_pid_pos": [1.0031316701085804, 0.024859491386256316, 0.7251764310290247], "k_pid_alt": [1.7297729984189598, 0.0, 0.06527723447865985], "k_pid_att": [24.0942673894178, 0.18205753750414305, 0.666719676683535], "k_pid_yaw": [0.5, 1e-06, 0.1], "k_pid_hsp": [7.372804202006003, 0.011264223901387349, 0.0], "k_pid_vsp": [292.94687076665593, 307.41944303395303, 257.0809624420083]}, "datetime": {"datetime": "2025-08-12 00:59:09", "elapsed": 30828.799666404724, "delta": 30.859987497329712}, "costs": {"total_cost": 792.8747734853935, "time_cost": 150, "final_distance_cost": 51.29604803747474, "oscillation_cost": 46.53075076660831, "completition_cost": 444.4444444444444, "overshoot_cost": 44.3444571794187, "power_cost": 29.987071838378906, "noise_cost": 26.272001219068276, "n_waypoints_completed": 5, "tot_waypoints": 9}}
{"target": -184.31228724646022, "params": {"k_pid_pos": [1.0031316701085804, 0.024859491386256316, 0.40092638265648595], "k_pid_alt": [1.7297729984189598, 0.0, 0.06527723447865985], "k_pid_att": [24.0942673894178, 3.449784554492145, 0.666719676683535], "k_pid_yaw": [0.5, 1e-06, 0.1], "k_pid_hsp": [0.09847755819799779, 0.011264223901387349, 0.0], "k_pid_vsp": [292.94687076665593, 307.0029666248519, 21.011196465382298]}, "datetime": {"datetime": "2025-08-12 00:59:27", "elapsed": 30846.432468891144, "delta": 17.632802486419678}, "costs": {"total_cost": 184.31228724646022, "time_cost": 70.035, "final_distance_cost": 1.8345681761373587, "oscillation_cost": 26.09721392404208, "completition_cost": 0.0, "overshoot_cost": 50.71092029153564, "power_cost": 17.906811059570312, "noise_cost": 17.72777379517484, "n_waypoints_completed": 9, "tot_waypoints": 9}}
{"target": -1460.535475178755, "params": {"k_pid_pos": [1.0031316701085804, 0.024859491386256316, 0.40092638265648595], "k_pid_alt": [1.7297729984189598, 0.0, 0.06527723447865985], "k_pid_att": [24.0942673894178, 0.18205753750414305, 0.666719676683535], "k_pid_yaw": [0.5, 1e-06, 0.1], "k_pid_hsp": [0.09847755819799779, 0.011264223901387349, 0.0], "k_pid_vsp": [292.94687076665593, 136.86687071568403, 328.34678270756774]}, "datetime": {"datetime": "2025-08-12 00:59:57", "elapsed": 30877.345429182053, "delta": 30.912960290908813}, "costs": {"total_cost": 1460.535475178755, "time_cost": 150, "final_distance_cost": 0.9979397754307845, "oscillation_cost": 3.3597374422052857, "completition_cost": 1000.0, "overshoot_cost": 162.96705516640552, "power_cost": 29.27568562011719, "noise_cost": 113.93505717459595, "n_waypoints_completed": 0, "tot_waypoints": 9}}
{"target": -229.56086635547277, "params": {"k_pid_pos": [1.0031316701085804, 0.7865930166662759, 0.6842625427409482], "k_pid_alt": [1.7297729984189598, 0.0, 0.06527723447865985], "k_pid_att": [22.840745224411652, 0.18205753750414305, 0.666719676683535], "k_pid_yaw": [0.5, 1e-06, 0.1], "k_pid_hsp": [0.09847755819799779, 0.011264223901387349, 0.0], "k_pid_vsp": [292.94687076665593, 307.0029666248519, 21.011196465382298]}, "datetime": {"datetime": "2025-08-12 01:00:22", "elapsed": 30901.379222393036, "delta": 24.033793210983276}, "costs": {"total_cost": 229.56086635547277, "time_cost": 91.973, "final_distance_cost": 1.728148538375215, "oscillation_cost": 34.21951429994915, "completition_cost": 0.0, "overshoot_cost": 54.58546987011027, "power_cost": 23.884732055664063, "noise_cost": 23.170001591374067, "n_waypoints_completed": 9, "tot_waypoints": 9}}
{"target": -242.19970486146156, "params": {"k_pid_pos": [1.0031316701085804, 0.7990052071924634, 0.40092638265648595], "k_pid_alt": [1.7297729984189598, 0.0, 0.06527723447865985], "k_pid_att": [37.12179941719916, 5.859554809351448, 0.666719676683535], "k_pid_yaw": [0.5, 1e-06, 0.1], "k_pid_hsp": [0.09847755819799779, 0.011264223901387349, 0.0], "k_pid_vsp": [264.9966777379314, 307.0029666248519, 21.011196465382298]}, "datetime": {"datetime": "2025-08-12 01:00:45", "elapsed": 30924.877813100815, "delta": 23.49859070777893}, "costs": {"total_cost": 242.19970486146156, "time_cost": 93.898, "final_distance_cost": 1.7398063238323909, "oscillation_cost": 39.770742436152, "completition_cost": 0.0, "overshoot_cost": 57.73812646474985, "power_cost": 24.812846350097658, "noise_cost": 24.240183286629634, "n_waypoints_completed": 9, "tot_waypoints": 9}}
{"target": -354.6034712028298, "params": {"k_pid_pos": [1.9355513472865937, 0.024859491386256316, 0.40092638265648595], "k_pid_alt": [1.7297729984189598, 0.0, 0.06527723447865985], "k_pid_att": [24.0942673894178, 0.18205753750414305, 0.666719676683535], "k_pid_yaw": [0.5, 1e-06, 0.1], "k_pid_hsp": [0.09847755819799779, 0.3198481575327874, 0.0], "k_pid_vsp": [292.94687076665593, 307.0029666248519, 21.011196465382298]}, "datetime": {"datetime": "2025-08-12 01:01:14", "elapsed": 30953.98522090912, "delta": 29.107407808303833}, "costs": {"total_cost": 354.6034712028298, "time_cost": 111.468, "final_distance_cost": 1.7751702701790513, "oscillation_cost": 116.0460547476361, "completition_cost": 0.0, "overshoot_cost": 62.11909276057606, "power_cost": 32.32770859375, "noise_cost": 30.867444830688562, "n_waypoints_completed": 9, "tot_waypoints": 9}}
{"target": -368.25819600095633, "params": {"k_pid_pos": [1.9403883066526342, 0.024859491386256316, 0.40092638265648595], "k_pid_alt": [1.7297729984189598, 0.0, 0.7330244434240826], "k_pid_att": [9.01694976284977, 0.5720022164256566, 0.11689683853528843], "k_pid_yaw": [0.5, 1e-06, 0.1], "k_pid_hsp": [0.09847755819799779, 0.011264223901387349, 0.10242793841395881], "k_pid_vsp": [292.94687076665593, 216.29307082677042, 21.011196465382298]}, "datetime": {"datetime": "2025-08-12 01:01:35", "elapsed": 30975.156265735626, "delta": 21.17104482650757}, "costs": {"total_cost": 368.25819600095633, "time_cost": 82.20100000000001, "final_distance_cost": 1.7785589311302914, "oscillation_cost": 181.22189388344577, "completition_cost": 0.0, "overshoot_cost": 59.32571078083132, "power_cost": 22.00402946777344, "noise_cost": 21.727002937775456, "n_waypoints_completed": 9, "tot_waypoints": 9}}
{"target": -194.9366117438382, "params": {"k_pid_pos": [1.8792899704868669, 0.024859491386256316, 0.40092638265648595], "k_pid_alt": [1.7297729984189598, 0.0, 0.06527723447865985], "k_pid_att": [24.0942673894178, 0.18205753750414305, 0.666719676683535], "k_pid_yaw": [0.5, 1e-06, 0.1], "k_pid_hsp": [1.5822369352293129, 0.011264223901387349, 0.0], "k_pid_vsp": [387.1470188825909, 10.020897349928273, 21.011196465382298]}, "datetime": {"datetime": "2025-08-12 01:01:53", "elapsed": 30992.948693037033, "delta": 17.79242730140686}, "costs": {"total_cost": 194.9366117438382, "time_cost": 70.539, "final_distance_cost": 1.8031677673979907, "oscillation_cost": 33.53689050646996, "completition_cost": 0.0, "overshoot_cost": 51.78387539026371, "power_cost": 18.797148986816406, "noise_cost": 18.476529092890125, "n_waypoints_completed": 9, "tot_waypoints": 9}}
{"target": -184.43019575978303, "params": {"k_pid_pos": [1.0031316701085804, 0.024859491386256316, 0.40092638265648595], "k_pid_alt": [1.7297729984189598, 0.0, 0.3787621482452719], "k_pid_att": [24.0942673894178, 6.380071371307885, 0.71995891973172], "k_pid_yaw": [0.5, 1e-06, 0.1], "k_pid_hsp": [0.09847755819799779, 0.011264223901387349, 0.0], "k_pid_vsp": [292.94687076665593, 307.0029666248519, 21.011196465382298]}, "datetime": {"datetime": "2025-08-12 01:02:11", "elapsed": 31011.00324368477, "delta": 18.054550647735596}, "costs": {"total_cost": 184.43019575978303, "time_cost": 70.287, "final_distance_cost": 1.8312195710547978, "oscillation_cost": 26.06031997772163, "completition_cost": 0.0, "overshoot_cost": 50.48918368392998, "power_cost": 18.067101342773437, "noise_cost": 17.695371184303173, "n_waypoints_completed": 9, "tot_waypoints": 9}}
{"target": -1187.9221765504562, "params": {"k_pid_pos": [1.4142324046387962, 0.4134370845374137, 0.8821205660026245], "k_pid_alt": [1.7297729984189598, 0.0, 0.06527723447865985], "k_pid_att": [24.0942673894178, 0.22073067032652463, 0.666719676683535], "k_pid_yaw": [0.5, 1e-06, 0.1], "k_pid_hsp": [0.09847755819799779, 0.011264223901387349, 0.27229906198466947], "k_pid_vsp": [292.94687076665593, 307.0029666248519, 75.78799424181197]}, "datetime": {"datetime": "2025-08-12 01:02:43", "elapsed": 31043.1166908741, "delta": 32.113447189331055}, "costs": {"total_cost": 1187.9221765504562, "time_cost": 150, "final_distance_cost": 75.53741275576114, "oscillation_cost": 507.7227131532486, "completition_cost": 333.33333333333337, "overshoot_cost": 62.775220145161676, "power_cost": 31.10689041748047, "noise_cost": 27.446606745470987, "n_waypoints_completed": 6, "tot_waypoints": 9}}
{"target": -195.94488311025958, "params": {"k_pid_pos": [1.0031316701085804, 0.4144180460981123, 0.8821205660026245], "k_pid_alt": [1.7297729984189598, 0.0, 0.06527723447865985], "k_pid_att": [24.0942673894178, 0.18205753750414305, 0.7414922158574659], "k_pid_yaw": [0.5, 1e-06, 0.1], "k_pid_hsp": [0.09847755819799779, 0.011264223901387349, 0.0], "k_pid_vsp": [292.94687076665593, 307.0029666248519, 75.78799424181197]}, "datetime": {"datetime": "2025-08-12 01:03:03", "elapsed": 31062.597888946533, "delta": 19.48119807243347}, "costs": {"total_cost": 195.94488311025958, "time_cost": 77.637, "final_distance_cost": 1.8002951291453513, "oscillation_cost": 25.35671508683173, "completition_cost": 0.0, "overshoot_cost": 52.11584475638749, "power_cost": 19.694803259277343, "noise_cost": 19.34022487861767, "n_waypoints_completed": 9, "tot_waypoints": 9}}
{"target": -183.70064920755323, "params": {"k_pid_pos": [1.0031316701085804, 0.024859491386256316, 0.40092638265648595], "k_pid_alt": [1.7297729984189598, 0.0, 0.06527723447865985], "k_pid_att": [37.12179941719916, 5.859554809351448, 0.666719676683535], "k_pid_yaw": [0.5, 1e-06, 0.1], "k_pid_hsp": [0.09847755819799779, 0.011264223901387349, 0.0], "k_pid_vsp": [264.9966777379314, 307.0029666248519, 21.011196465382298]}, "datetime": {"datetime": "2025-08-12 01:03:22", "elapsed": 31081.611204862595, "delta": 19.0133159160614}, "costs": {"total_cost": 183.70064920755323, "time_cost": 70.063, "final_distance_cost": 1.8269137125583466, "oscillation_cost": 25.990425061704375, "completition_cost": 0.0, "overshoot_cost": 50.38963089585039, "power_cost": 17.882403076171876, "noise_cost": 17.54827646126825, "n_waypoints_completed": 9, "tot_waypoints": 9}}
{"target": -183.8110225273971, "params": {"k_pid_pos": [1.0031316701085804, 0.024859491386256316, 0.40092638265648595], "k_pid_alt": [1.7297729984189598, 0.0, 0.06527723447865985], "k_pid_att": [24.0942673894178, 0.18205753750414305, 0.666719676683535], "k_pid_yaw": [0.5, 1e-06, 0.1], "k_pid_hsp": [0.09847755819799779, 0.011264223901387349, 0.0], "k_pid_vsp": [292.94687076665593, 307.0029666248519, 21.011196465382298]}, "datetime": {"datetime": "2025-08-12 01:03:39", "elapsed": 31098.976089000702, "delta": 17.3648841381073}, "costs": {"total_cost": 183.8110225273971, "time_cost": 70.07000000000001, "final_distance_cost": 1.8304748413350997, "oscillation_cost": 25.975194414413714, "completition_cost": 0.0, "overshoot_cost": 50.3368091434941, "power_cost": 17.946738708496095, "noise_cost": 17.651805419658114, "n_waypoints_completed": 9, "tot_waypoints": 9}}
{"target": -183.8110225273971, "params": {"k_pid_pos": [1.0031316701085804, 0.024859491386256316, 0.40092638265648595], "k_pid_alt": [1.7297729984189598, 0.0, 0.06527723447865985], "k_pid_att": [24.0942673894178, 0.18205753750414305, 0.666719676683535], "k_pid_yaw": [0.5, 1e-06, 0.1], "k_pid_hsp": [0.09847755819799779, 0.011264223901387349, 0.0], "k_pid_vsp": [292.94687076665593, 307.0029666248519, 21.011196465382298]}, "datetime": {"datetime": "2025-08-12 01:03:58", "elapsed": 31117.670840501785, "delta": 18.694751501083374}, "costs": {"total_cost": 183.8110225273971, "time_cost": 70.07000000000001, "final_distance_cost": 1.8304748413350997, "oscillation_cost": 25.975194414413714, "completition_cost": 0.0, "overshoot_cost": 50.3368091434941, "power_cost": 17.946738708496095, "noise_cost": 17.651805419658114, "n_waypoints_completed": 9, "tot_waypoints": 9}}
{"target": -184.19029373761404, "params": {"k_pid_pos": [1.0031316701085804, 0.024859491386256316, 0.40092638265648595], "k_pid_alt": [1.7297729984189598, 0.0, 0.06527723447865985], "k_pid_att": [32.194164172814396, 5.859554809351448, 0.666719676683535], "k_pid_yaw": [0.5, 1e-06, 0.1], "k_pid_hsp": [0.09847755819799779, 0.011264223901387349, 0.0], "k_pid_vsp": [264.9966777379314, 307.0029666248519, 21.011196465382298]}, "datetime": {"datetime": "2025-08-12 01:04:16", "elapsed": 31135.3931517601, "delta": 17.72231125831604}, "costs": {"total_cost": 184.19029373761404, "time_cost": 70.056, "final_distance_cost": 1.8323144234161957, "oscillation_cost": 26.042678500877987, "completition_cost": 0.0, "overshoot_cost": 50.3864932813518, "power_cost": 18.132564562988282, "noise_cost": 17.740242968979796, "n_waypoints_completed": 9, "tot_waypoints": 9}}
{"target": -203.2180824010667, "params": {"k_pid_pos": [1.0031316701085804, 0.024859491386256316, 0.40092638265648595], "k_pid_alt": [1.7297729984189598, 0.0, 0.22149341006279488], "k_pid_att": [37.12179941719916, 2.6298254890628097, 0.3301527476617453], "k_pid_yaw": [0.5, 1e-06, 0.1], "k_pid_hsp": [0.09847755819799779, 0.011264223901387349, 0.0], "k_pid_vsp": [264.9966777379314, 307.0029666248519, 137.8781286763733]}, "datetime": {"datetime": "2025-08-12 01:04:36", "elapsed": 31155.683674812317, "delta": 20.290523052215576}, "costs": {"total_cost": 203.2180824010667, "time_cost": 79.345, "final_distance_cost": 1.8233196776649305, "oscillation_cost": 25.64890221755137, "completition_cost": 0.0, "overshoot_cost": 55.89734866731951, "power_cost": 20.460704125976562, "noise_cost": 20.042807712554332, "n_waypoints_completed": 9, "tot_waypoints": 9}}
{"target": -696.4455982080402, "params": {"k_pid_pos": [1.0031316701085804, 0.024859491386256316, 0.40092638265648595], "k_pid_alt": [1.7297729984189598, 0.0, 0.06527723447865985], "k_pid_att": [24.0942673894178, 0.18205753750414305, 0.666719676683535], "k_pid_yaw": [0.5, 1e-06, 0.1], "k_pid_hsp": [0.09847755819799779, 0.7129502841202989, 0.0], "k_pid_vsp": [292.94687076665593, 307.0029666248519, 21.011196465382298]}, "datetime": {"datetime": "2025-08-12 01:05:06", "elapsed": 31186.34177327156, "delta": 30.658098459243774}, "costs": {"total_cost": 696.4455982080402, "time_cost": 150, "final_distance_cost": 69.82057215834568, "oscillation_cost": 124.40764879576693, "completition_cost": 222.2222222222222, "overshoot_cost": 61.89920874466362, "power_cost": 35.09998599853516, "noise_cost": 32.995960288506566, "n_waypoints_completed": 7, "tot_waypoints": 9}}
{"target": -183.9514686810463, "params": {"k_pid_pos": [1.0031316701085804, 0.024859491386256316, 0.40092638265648595], "k_pid_alt": [1.7297729984189598, 0.0, 0.06527723447865985], "k_pid_att": [37.12179941719916, 9.545016992888707, 0.666719676683535], "k_pid_yaw": [0.5, 1e-06, 0.1], "k_pid_hsp": [0.09847755819799779, 0.011264223901387349, 0.0], "k_pid_vsp": [264.9966777379314, 307.0029666248519, 21.011196465382298]}, "datetime": {"datetime": "2025-08-12 01:05:24", "elapsed": 31204.080312490463, "delta": 17.738539218902588}, "costs": {"total_cost": 183.9514686810463, "time_cost": 70.07000000000001, "final_distance_cost": 1.8158422615253484, "oscillation_cost": 26.10132671553202, "completition_cost": 0.0, "overshoot_cost": 50.41176683796717, "power_cost": 17.949601464843752, "noise_cost": 17.602931401177976, "n_waypoints_completed": 9, "tot_waypoints": 9}}
{"target": -184.43019575978303, "params": {"k_pid_pos": [1.0031316701085804, 0.024859491386256316, 0.40092638265648595], "k_pid_alt": [1.7297729984189598, 0.0, 0.3787621482452719], "k_pid_att": [24.0942673894178, 6.380071371307885, 0.71995891973172], "k_pid_yaw": [0.5, 1e-06, 0.1], "k_pid_hsp": [0.09847755819799779, 0.011264223901387349, 0.0], "k_pid_vsp": [292.94687076665593, 307.0029666248519, 21.011196465382298]}, "datetime": {"datetime": "2025-08-12 01:05:42", "elapsed": 31222.196826934814, "delta": 18.116514444351196}, "costs": {"total_cost": 184.43019575978303, "time_cost": 70.287, "final_distance_cost": 1.8312195710547978, "oscillation_cost": 26.06031997772163, "completition_cost": 0.0, "overshoot_cost": 50.48918368392998, "power_cost": 18.067101342773437, "noise_cost": 17.695371184303173, "n_waypoints_completed": 9, "tot_waypoints": 9}}
{"target": -185.06828542260118, "params": {"k_pid_pos": [1.0031316701085804, 0.024859491386256316, 0.40092638265648595], "k_pid_alt": [1.7297729984189598, 0.0, 0.4522054662122007], "k_pid_att": [24.0942673894178, 0.18205753750414305, 0.666719676683535], "k_pid_yaw": [0.5, 1e-06, 0.1], "k_pid_hsp": [0.09847755819799779, 0.011264223901387349, 0.0], "k_pid_vsp": [292.94687076665593, 307.0029666248519, 21.011196465382298]}, "datetime": {"datetime": "2025-08-12 01:06:00", "elapsed": 31239.990037679672, "delta": 17.793210744857788}, "costs": {"total_cost": 185.06828542260118, "time_cost": 70.441, "final_distance_cost": 1.8378733954031248, "oscillation_cost": 26.090043792070322, "completition_cost": 0.0, "overshoot_cost": 50.72402025890347, "power_cost": 18.178006762695315, "noise_cost": 17.797341213528963, "n_waypoints_completed": 9, "tot_waypoints": 9}}
{"target": -1719.2339850905307, "params": {"k_pid_pos": [1.0031316701085804, 0.7865930166662759, 0.5557882040685287], "k_pid_alt": [1.7297729984189598, 0.0, 0.06527723447865985], "k_pid_att": [22.840745224411652, 0.18205753750414305, 0.11579494279367952], "k_pid_yaw": [0.5, 1e-06, 0.1], "k_pid_hsp": [0.09847755819799779, 0.011264223901387349, 0.9873824226476844], "k_pid_vsp": [29.96849041048857, 58.47483401410723, 21.011196465382298]}, "datetime": {"datetime": "2025-08-12 01:06:31", "elapsed": 31271.364159584045, "delta": 31.37412190437317}, "costs": {"total_cost": 1719.2339850905307, "time_cost": 150, "final_distance_cost": 60.879025580746905, "oscillation_cost": 668.745112534125, "completition_cost": 666.6666666666667, "overshoot_cost": 111.24756860109053, "power_cost": 33.00352030029297, "noise_cost": 28.692091407608515, "n_waypoints_completed": 3, "tot_waypoints": 9}}
{"target": -241.02641151430268, "params": {"k_pid_pos": [1.5014732983978256, 0.024859491386256316, 0.40092638265648595], "k_pid_alt": [0.27404146878129776, 0.0, 0.06527723447865985], "k_pid_att": [30.09581361836765, 8.376073795535836, 0.666719676683535], "k_pid_yaw": [0.5, 1e-06, 0.1], "k_pid_hsp": [0.09847755819799779, 0.011264223901387349, 0.0], "k_pid_vsp": [292.94687076665593, 307.0029666248519, 21.011196465382298]}, "datetime": {"datetime": "2025-08-12 01:06:58", "elapsed": 31297.65075111389, "delta": 26.28659152984619}, "costs": {"total_cost": 241.02641151430268, "time_cost": 101.73100000000001, "final_distance_cost": 1.8624207798493522, "oscillation_cost": 33.498486070928166, "completition_cost": 0.0, "overshoot_cost": 53.34834498933447, "power_cost": 26.210106469726565, "noise_cost": 24.37605320446411, "n_waypoints_completed": 9, "tot_waypoints": 9}}
{"target": -1459.4110257709838, "params": {"k_pid_pos": [1.0031316701085804, 0.024859491386256316, 0.40092638265648595], "k_pid_alt": [1.7297729984189598, 0.0, 0.06527723447865985], "k_pid_att": [24.0942673894178, 0.18205753750414305, 0.666719676683535], "k_pid_yaw": [0.5, 1e-06, 0.1], "k_pid_hsp": [0.09847755819799779, 0.011264223901387349, 0.0], "k_pid_vsp": [292.94687076665593, 307.0029666248519, 362.6045534715687]}, "datetime": {"datetime": "2025-08-12 01:07:29", "elapsed": 31328.55394101143, "delta": 30.90318989753723}, "costs": {"total_cost": 1459.4110257709838, "time_cost": 150, "final_distance_cost": 0.997675261035426, "oscillation_cost": 3.374974895173024, "completition_cost": 1000.0, "overshoot_cost": 162.7985890750173, "power_cost": 29.375341040039064, "noise_cost": 112.86444549971887, "n_waypoints_completed": 0, "tot_waypoints": 9}}
{"target": -232.48194707633598, "params": {"k_pid_pos": [1.0031316701085804, 0.7166685913948189, 0.3961654171436617], "k_pid_alt": [1.7297729984189598, 0.0, 0.06527723447865985], "k_pid_att": [37.12179941719916, 2.6298254890628097, 0.3301527476617453], "k_pid_yaw": [0.5, 1e-06, 0.1], "k_pid_hsp": [0.09847755819799779, 0.011264223901387349, 0.0], "k_pid_vsp": [264.9966777379314, 307.0029666248519, 75.78799424181197]}, "datetime": {"datetime": "2025-08-12 01:07:52", "elapsed": 31351.791278362274, "delta": 23.237337350845337}, "costs": {"total_cost": 232.48194707633598, "time_cost": 90.902, "final_distance_cost": 1.7235295465264044, "oscillation_cost": 36.106918757187074, "completition_cost": 0.0, "overshoot_cost": 56.721292405880284, "power_cost": 23.807384790039062, "noise_cost": 23.22082157670314, "n_waypoints_completed": 9, "tot_waypoints": 9}}
