{"target": -234.1414764805203, "params": {"k_pid_pos": [0.60393984878084, 0.024859491386256316, 0.40092638265648595], "k_pid_alt": [1.2679502233621702, 0.0, 0.06527723447865985], "k_pid_att": [58.28791669869587, 3.7802132718527557, 0.19921483509393956], "k_pid_yaw": [0.5, 1e-06, 0.1], "k_pid_hsp": [3.333190925918924, 0.011264223901387349, 0.0], "k_pid_vsp": [292.94687076665593, 307.0029666248519, 62.564861685850005]}, "datetime": {"datetime": "2025-08-11 21:41:55", "elapsed": 18994.611790418625, "delta": 20.835150003433228}, "costs": {"total_cost": 234.1414764805203, "time_cost": 85.337, "final_distance_cost": 1.8528779886898559, "oscillation_cost": 49.98932599637053, "completition_cost": 0.0, "overshoot_cost": 52.79085163152507, "power_cost": 21.879297387695313, "noise_cost": 22.292123476239535, "n_waypoints_completed": 9, "tot_waypoints": 9}}
{"target": -310.98046409512324, "params": {"k_pid_pos": [1.0031316701085804, 0.33366539114253435, 0.40092638265648595], "k_pid_alt": [1.2679502233621702, 0.0, 0.06527723447865985], "k_pid_att": [24.0942673894178, 0.18205753750414305, 0.8792759721912583], "k_pid_yaw": [0.5, 1e-06, 0.1], "k_pid_hsp": [0.09847755819799779, 0.011264223901387349, 0.09393821517178547], "k_pid_vsp": [292.94687076665593, 239.76907369667427, 62.564861685850005]}, "datetime": {"datetime": "2025-08-11 21:42:17", "elapsed": 19016.964336395264, "delta": 22.352545976638794}, "costs": {"total_cost": 310.98046409512324, "time_cost": 89.635, "final_distance_cost": 1.7872597244722555, "oscillation_cost": 118.9865556128495, "completition_cost": 0.0, "overshoot_cost": 55.06882577596394, "power_cost": 23.59775906982422, "noise_cost": 21.905063912013325, "n_waypoints_completed": 9, "tot_waypoints": 9}}
{"target": -184.50272249521083, "params": {"k_pid_pos": [1.0031316701085804, 0.024859491386256316, 0.40092638265648595], "k_pid_alt": [1.2679502233621702, 0.0, 0.06527723447865985], "k_pid_att": [24.0942673894178, 3.7802132718527557, 0.8792759721912583], "k_pid_yaw": [0.5, 1e-06, 0.1], "k_pid_hsp": [0.09847755819799779, 0.011264223901387349, 0.0], "k_pid_vsp": [292.94687076665593, 307.0029666248519, 62.564861685850005]}, "datetime": {"datetime": "2025-08-11 21:42:35", "elapsed": 19034.384001731873, "delta": 17.419665336608887}, "costs": {"total_cost": 184.50272249521083, "time_cost": 70.644, "final_distance_cost": 1.829104376330729, "oscillation_cost": 25.622620518994342, "completition_cost": 0.0, "overshoot_cost": 50.75529124833991, "power_cost": 18.076365515136718, "noise_cost": 17.575340836409108, "n_waypoints_completed": 9, "tot_waypoints": 9}}
{"target": -187.06919154665596, "params": {"k_pid_pos": [1.0031316701085804, 0.024859491386256316, 0.40092638265648595], "k_pid_alt": [1.2679502233621702, 0.0, 0.06527723447865985], "k_pid_att": [42.28034808905181, 3.7802132718527557, 0.8792759721912583], "k_pid_yaw": [0.5, 1e-06, 0.1], "k_pid_hsp": [0.09847755819799779, 0.011264223901387349, 0.0], "k_pid_vsp": [292.94687076665593, 197.31441805153213, 62.564861685850005]}, "datetime": {"datetime": "2025-08-11 21:42:53", "elapsed": 19053.207550525665, "delta": 18.823548793792725}, "costs": {"total_cost": 187.06919154665596, "time_cost": 71.456, "final_distance_cost": 1.8223568541823014, "oscillation_cost": 25.495297540967485, "completition_cost": 0.0, "overshoot_cost": 51.90139889032233, "power_cost": 18.48423797607422, "noise_cost": 17.909900285109615, "n_waypoints_completed": 9, "tot_waypoints": 9}}
{"target": -232.92124668378474, "params": {"k_pid_pos": [0.60393984878084, 0.024859491386256316, 0.40092638265648595], "k_pid_alt": [1.2679502233621702, 0.0, 0.06527723447865985], "k_pid_att": [76.63606454736403, 0.18205753750414305, 0.8792759721912583], "k_pid_yaw": [0.5, 1e-06, 0.1], "k_pid_hsp": [5.566677707259657, 0.011264223901387349, 0.0], "k_pid_vsp": [292.94687076665593, 307.0029666248519, 62.564861685850005]}, "datetime": {"datetime": "2025-08-11 21:43:15", "elapsed": 19074.633520126343, "delta": 21.42596960067749}, "costs": {"total_cost": 232.92124668378474, "time_cost": 84.987, "final_distance_cost": 1.8532711499806098, "oscillation_cost": 48.583505467148285, "completition_cost": 0.0, "overshoot_cost": 52.240707982462126, "power_cost": 22.245301721191407, "noise_cost": 23.011460363002307, "n_waypoints_completed": 9, "tot_waypoints": 9}}
{"target": -462.3343630176619, "params": {"k_pid_pos": [1.0031316701085804, 0.024859491386256316, 0.40092638265648595], "k_pid_alt": [1.2679502233621702, 0.0, 0.06527723447865985], "k_pid_att": [24.0942673894178, 3.7802132718527557, 0.8792759721912583], "k_pid_yaw": [0.5, 1e-06, 0.1], "k_pid_hsp": [6.768715103261824, 0.011264223901387349, 0.6065889146836446], "k_pid_vsp": [292.94687076665593, 307.0029666248519, 230.7530952001586]}, "datetime": {"datetime": "2025-08-11 21:43:36", "elapsed": 19095.622517585754, "delta": 20.98899745941162}, "costs": {"total_cost": 462.3343630176619, "time_cost": 84.063, "final_distance_cost": 1.849048368604581, "oscillation_cost": 274.5077774645032, "completition_cost": 0.0, "overshoot_cost": 56.903062625419125, "power_cost": 23.110579052734376, "noise_cost": 21.900895506400612, "n_waypoints_completed": 9, "tot_waypoints": 9}}
{"target": -435.4418466395275, "params": {"k_pid_pos": [1.8528239617641062, 0.024859491386256316, 0.40092638265648595], "k_pid_alt": [0.19443302098434057, 0.0, 0.06527723447865985], "k_pid_att": [24.0942673894178, 0.18205753750414305, 0.8792759721912583], "k_pid_yaw": [0.5, 1e-06, 0.1], "k_pid_hsp": [5.837136346439943, 0.011264223901387349, 0.0], "k_pid_vsp": [292.94687076665593, 307.0029666248519, 21.011196465382298]}, "datetime": {"datetime": "2025-08-11 21:44:06", "elapsed": 19126.002636671066, "delta": 30.38011908531189}, "costs": {"total_cost": 435.4418466395275, "time_cost": 150, "final_distance_cost": 10.66370840207545, "oscillation_cost": 49.80212643032227, "completition_cost": 111.11111111111116, "overshoot_cost": 55.127579691652485, "power_cost": 30.973773388671876, "noise_cost": 27.763547615694282, "n_waypoints_completed": 8, "tot_waypoints": 9}}
{"target": -186.07912078582558, "params": {"k_pid_pos": [1.0031316701085804, 0.024859491386256316, 0.40092638265648595], "k_pid_alt": [1.2679502233621702, 0.0, 0.06527723447865985], "k_pid_att": [24.0942673894178, 3.7802132718527557, 0.06525997523876337], "k_pid_yaw": [0.5, 1e-06, 0.1], "k_pid_hsp": [0.09847755819799779, 0.011264223901387349, 0.0], "k_pid_vsp": [67.06746789475653, 307.0029666248519, 62.564861685850005]}, "datetime": {"datetime": "2025-08-11 21:44:24", "elapsed": 19144.156022548676, "delta": 18.153385877609253}, "costs": {"total_cost": 186.07912078582558, "time_cost": 70.84700000000001, "final_distance_cost": 1.8349086340825291, "oscillation_cost": 26.7934046578354, "completition_cost": 0.0, "overshoot_cost": 50.89331856496568, "power_cost": 18.378083471679687, "noise_cost": 17.332405457262254, "n_waypoints_completed": 9, "tot_waypoints": 9}}
{"target": -184.50272249521083, "params": {"k_pid_pos": [1.0031316701085804, 0.024859491386256316, 0.40092638265648595], "k_pid_alt": [1.2679502233621702, 0.0, 0.06527723447865985], "k_pid_att": [24.0942673894178, 3.7802132718527557, 0.8792759721912583], "k_pid_yaw": [0.5, 1e-06, 0.1], "k_pid_hsp": [0.09847755819799779, 0.011264223901387349, 0.0], "k_pid_vsp": [292.94687076665593, 307.0029666248519, 62.564861685850005]}, "datetime": {"datetime": "2025-08-11 21:44:42", "elapsed": 19162.075287103653, "delta": 17.919264554977417}, "costs": {"total_cost": 184.50272249521083, "time_cost": 70.644, "final_distance_cost": 1.829104376330729, "oscillation_cost": 25.622620518994342, "completition_cost": 0.0, "overshoot_cost": 50.75529124833991, "power_cost": 18.076365515136718, "noise_cost": 17.575340836409108, "n_waypoints_completed": 9, "tot_waypoints": 9}}
{"target": -880.1521434252375, "params": {"k_pid_pos": [1.0031316701085804, 0.024859491386256316, 0.40092638265648595], "k_pid_alt": [1.2679502233621702, 0.0, 0.06527723447865985], "k_pid_att": [24.0942673894178, 3.7802132718527557, 0.8792759721912583], "k_pid_yaw": [0.5, 1e-06, 0.1], "k_pid_hsp": [0.09847755819799779, 0.7660882004239901, 0.7646384796406737], "k_pid_vsp": [42.64662974651476, 307.0029666248519, 62.564861685850005]}, "datetime": {"datetime": "2025-08-11 21:45:12", "elapsed": 19192.13875579834, "delta": 30.06346869468689}, "costs": {"total_cost": 880.1521434252375, "time_cost": 150, "final_distance_cost": 65.55153548431767, "oscillation_cost": 408.2827006882731, "completition_cost": 111.11111111111116, "overshoot_cost": 83.94718125382693, "power_cost": 32.71461899414063, "noise_cost": 28.5449958935679, "n_waypoints_completed": 8, "tot_waypoints": 9}}
{"target": -1031.692915993636, "params": {"k_pid_pos": [1.0031316701085804, 0.024859491386256316, 0.40092638265648595], "k_pid_alt": [1.2679502233621702, 0.0, 0.06527723447865985], "k_pid_att": [24.0942673894178, 0.18205753750414305, 0.8792759721912583], "k_pid_yaw": [0.5, 1e-06, 0.1], "k_pid_hsp": [0.09847755819799779, 0.11105211150664163, 0.6020109603024101], "k_pid_vsp": [292.94687076665593, 307.0029666248519, 149.38753159891255]}, "datetime": {"datetime": "2025-08-11 21:45:43", "elapsed": 19222.515362739563, "delta": 30.376606941223145}, "costs": {"total_cost": 1031.692915993636, "time_cost": 150, "final_distance_cost": 60.632476009196026, "oscillation_cost": 447.8075023210023, "completition_cost": 222.2222222222222, "overshoot_cost": 91.8889635663823, "power_cost": 31.415972192382814, "noise_cost": 27.725779682450465, "n_waypoints_completed": 7, "tot_waypoints": 9}}
{"target": -184.84460220580053, "params": {"k_pid_pos": [1.0031316701085804, 0.024859491386256316, 0.40092638265648595], "k_pid_alt": [1.2679502233621702, 0.0, 0.06527723447865985], "k_pid_att": [22.261599542950584, 0.18205753750414305, 0.8792759721912583], "k_pid_yaw": [0.5, 1e-06, 0.1], "k_pid_hsp": [0.09847755819799779, 0.011264223901387349, 0.0], "k_pid_vsp": [292.94687076665593, 307.0029666248519, 62.564861685850005]}, "datetime": {"datetime": "2025-08-11 21:46:00", "elapsed": 19240.148305892944, "delta": 17.632943153381348}, "costs": {"total_cost": 184.84460220580053, "time_cost": 70.644, "final_distance_cost": 1.8138384374284486, "oscillation_cost": 25.344499852194517, "completition_cost": 0.0, "overshoot_cost": 51.0599608759161, "power_cost": 18.231765478515626, "noise_cost": 17.750537561745837, "n_waypoints_completed": 9, "tot_waypoints": 9}}
{"target": -352.46268265521053, "params": {"k_pid_pos": [1.0031316701085804, 0.024859491386256316, 0.40092638265648595], "k_pid_alt": [1.2679502233621702, 0.0, 0.06527723447865985], "k_pid_att": [24.0942673894178, 0.18205753750414305, 0.8792759721912583], "k_pid_yaw": [0.5, 1e-06, 0.1], "k_pid_hsp": [9.021287020744124, 0.5222523352322085, 0.7796071213096329], "k_pid_vsp": [292.94687076665593, 307.0029666248519, 21.011196465382298]}, "datetime": {"datetime": "2025-08-11 21:46:20", "elapsed": 19259.615322113037, "delta": 19.467016220092773}, "costs": {"total_cost": 352.46268265521053, "time_cost": 73.696, "final_distance_cost": 1.847353996746257, "oscillation_cost": 185.54833572983046, "completition_cost": 0.0, "overshoot_cost": 50.65070595763369, "power_cost": 20.667292395019533, "noise_cost": 20.052994575980556, "n_waypoints_completed": 9, "tot_waypoints": 9}}
{"target": -185.03218047855762, "params": {"k_pid_pos": [1.0031316701085804, 0.024859491386256316, 0.40092638265648595], "k_pid_alt": [1.2679502233621702, 0.0, 0.06527723447865985], "k_pid_att": [48.72959582322072, 3.7802132718527557, 0.8792759721912583], "k_pid_yaw": [0.5, 1e-06, 0.1], "k_pid_hsp": [0.09847755819799779, 0.011264223901387349, 0.0], "k_pid_vsp": [292.94687076665593, 307.0029666248519, 62.564861685850005]}, "datetime": {"datetime": "2025-08-11 21:46:38", "elapsed": 19277.571397304535, "delta": 17.956075191497803}, "costs": {"total_cost": 185.03218047855762, "time_cost": 70.665, "final_distance_cost": 1.8276695413511785, "oscillation_cost": 25.61060137810764, "completition_cost": 0.0, "overshoot_cost": 51.10114148502526, "power_cost": 18.252712731933595, "noise_cost": 17.575055342139947, "n_waypoints_completed": 9, "tot_waypoints": 9}}
{"target": -1464.4488088973962, "params": {"k_pid_pos": [1.953387039163843, 0.024859491386256316, 0.40092638265648595], "k_pid_alt": [1.2679502233621702, 0.0, 0.06527723447865985], "k_pid_att": [24.0942673894178, 3.7802132718527557, 0.8792759721912583], "k_pid_yaw": [0.5, 1e-06, 0.1], "k_pid_hsp": [0.09847755819799779, 0.011264223901387349, 0.7496837122419485], "k_pid_vsp": [292.94687076665593, 307.0029666248519, 62.564861685850005]}, "datetime": {"datetime": "2025-08-11 21:47:08", "elapsed": 19307.96110200882, "delta": 30.389704704284668}, "costs": {"total_cost": 1464.4488088973962, "time_cost": 150, "final_distance_cost": 58.73966782551622, "oscillation_cost": 413.20677391418025, "completition_cost": 666.6666666666667, "overshoot_cost": 118.38311675094675, "power_cost": 30.27107175292969, "noise_cost": 27.18151198715663, "n_waypoints_completed": 3, "tot_waypoints": 9}}
{"target": -184.09452520859787, "params": {"k_pid_pos": [1.0031316701085804, 0.024859491386256316, 0.40092638265648595], "k_pid_alt": [1.2679502233621702, 0.0, 0.06527723447865985], "k_pid_att": [24.0942673894178, 0.18205753750414305, 0.8792759721912583], "k_pid_yaw": [0.5, 1e-06, 0.1], "k_pid_hsp": [0.09847755819799779, 0.011264223901387349, 0.0], "k_pid_vsp": [292.94687076665593, 307.0029666248519, 21.011196465382298]}, "datetime": {"datetime": "2025-08-11 21:47:25", "elapsed": 19325.25837445259, "delta": 17.297272443771362}, "costs": {"total_cost": 184.09452520859787, "time_cost": 70.399, "final_distance_cost": 1.8345096342728806, "oscillation_cost": 26.033560826510698, "completition_cost": 0.0, "overshoot_cost": 50.504236002786485, "power_cost": 17.811746228027346, "noise_cost": 17.511472517000485, "n_waypoints_completed": 9, "tot_waypoints": 9}}
{"target": -184.09452520859787, "params": {"k_pid_pos": [1.0031316701085804, 0.024859491386256316, 0.40092638265648595], "k_pid_alt": [1.2679502233621702, 0.0, 0.06527723447865985], "k_pid_att": [24.0942673894178, 0.18205753750414305, 0.8792759721912583], "k_pid_yaw": [0.5, 1e-06, 0.1], "k_pid_hsp": [0.09847755819799779, 0.011264223901387349, 0.0], "k_pid_vsp": [292.94687076665593, 307.0029666248519, 21.011196465382298]}, "datetime": {"datetime": "2025-08-11 21:47:43", "elapsed": 19343.336826324463, "delta": 18.07845187187195}, "costs": {"total_cost": 184.09452520859787, "time_cost": 70.399, "final_distance_cost": 1.8345096342728806, "oscillation_cost": 26.033560826510698, "completition_cost": 0.0, "overshoot_cost": 50.504236002786485, "power_cost": 17.811746228027346, "noise_cost": 17.511472517000485, "n_waypoints_completed": 9, "tot_waypoints": 9}}
{"target": -193.10094936148815, "params": {"k_pid_pos": [1.0031316701085804, 0.34723029022971075, 0.40092638265648595], "k_pid_alt": [1.2679502233621702, 0.0, 0.06527723447865985], "k_pid_att": [24.0942673894178, 0.18205753750414305, 0.8792759721912583], "k_pid_yaw": [0.5, 1e-06, 0.1], "k_pid_hsp": [0.09847755819799779, 0.011264223901387349, 0.0], "k_pid_vsp": [292.94687076665593, 307.0029666248519, 62.564861685850005]}, "datetime": {"datetime": "2025-08-11 21:48:03", "elapsed": 19362.471396446228, "delta": 19.134570121765137}, "costs": {"total_cost": 193.10094936148815, "time_cost": 74.83, "final_distance_cost": 1.7915349620996563, "oscillation_cost": 27.39233589639864, "completition_cost": 0.0, "overshoot_cost": 51.22763441178702, "power_cost": 19.284759619140626, "noise_cost": 18.5746844720622, "n_waypoints_completed": 9, "tot_waypoints": 9}}
{"target": -1173.2842952157027, "params": {"k_pid_pos": [1.0031316701085804, 0.024859491386256316, 0.8691303619968337], "k_pid_alt": [0.7833169361788108, 0.0, 0.06527723447865985], "k_pid_att": [24.0942673894178, 0.18205753750414305, 0.8792759721912583], "k_pid_yaw": [0.5, 1e-06, 0.1], "k_pid_hsp": [0.09847755819799779, 0.011264223901387349, 0.3386006852829976], "k_pid_vsp": [41.47088896769069, 307.0029666248519, 62.564861685850005]}, "datetime": {"datetime": "2025-08-11 21:48:33", "elapsed": 19392.46551680565, "delta": 29.994120359420776}, "costs": {"total_cost": 1173.2842952157027, "time_cost": 150, "final_distance_cost": 75.79961817116698, "oscillation_cost": 474.6092741997026, "completition_cost": 333.33333333333337, "overshoot_cost": 81.08942111986511, "power_cost": 30.87222940673828, "noise_cost": 27.58041898489605, "n_waypoints_completed": 6, "tot_waypoints": 9}}
{"target": -1460.8325267088055, "params": {"k_pid_pos": [0.8080230289550049, 0.024859491386256316, 0.40092638265648595], "k_pid_alt": [1.2679502233621702, 0.0, 0.06527723447865985], "k_pid_att": [24.0942673894178, 0.18205753750414305, 0.8792759721912583], "k_pid_yaw": [0.5, 1e-06, 0.1], "k_pid_hsp": [0.09847755819799779, 0.011264223901387349, 0.0], "k_pid_vsp": [292.94687076665593, 181.40999533543834, 355.26244957834416]}, "datetime": {"datetime": "2025-08-11 21:49:03", "elapsed": 19422.60485267639, "delta": 30.139335870742798}, "costs": {"total_cost": 1460.8325267088055, "time_cost": 150, "final_distance_cost": 0.9983511379742337, "oscillation_cost": 3.0043275550978796, "completition_cost": 1000.0, "overshoot_cost": 163.0204083132367, "power_cost": 29.371913281250002, "noise_cost": 114.43752642124664, "n_waypoints_completed": 0, "tot_waypoints": 9}}
{"target": -207.80268191385198, "params": {"k_pid_pos": [1.0031316701085804, 0.024859491386256316, 0.40092638265648595], "k_pid_alt": [1.2679502233621702, 0.0, 0.06527723447865985], "k_pid_att": [24.0942673894178, 3.6677428332793016, 0.03404765381520658], "k_pid_yaw": [0.5, 1e-06, 0.1], "k_pid_hsp": [1.2327241314931046, 0.011264223901387349, 0.0], "k_pid_vsp": [292.94687076665593, 307.0029666248519, 62.564861685850005]}, "datetime": {"datetime": "2025-08-11 21:49:21", "elapsed": 19440.786613464355, "delta": 18.181760787963867}, "costs": {"total_cost": 207.80268191385198, "time_cost": 72.891, "final_distance_cost": 1.849691401211996, "oscillation_cost": 44.40735702810091, "completition_cost": 0.0, "overshoot_cost": 50.74714636573819, "power_cost": 18.921749438476564, "noise_cost": 18.98573768032432, "n_waypoints_completed": 9, "tot_waypoints": 9}}
{"target": -339.9557356677052, "params": {"k_pid_pos": [1.367080816728244, 0.024859491386256316, 0.40092638265648595], "k_pid_alt": [1.2679502233621702, 0.0, 0.06527723447865985], "k_pid_att": [24.0942673894178, 3.7802132718527557, 0.8792759721912583], "k_pid_yaw": [0.5, 1e-06, 0.1], "k_pid_hsp": [0.09847755819799779, 0.4277120965269141, 0.0], "k_pid_vsp": [292.94687076665593, 307.0029666248519, 130.2877623577229]}, "datetime": {"datetime": "2025-08-11 21:49:46", "elapsed": 19466.330122709274, "delta": 25.543509244918823}, "costs": {"total_cost": 339.9557356677052, "time_cost": 101.59100000000001, "final_distance_cost": 1.8571828870940834, "oscillation_cost": 116.66657958277369, "completition_cost": 0.0, "overshoot_cost": 61.13185001729299, "power_cost": 30.155060778808597, "noise_cost": 28.55406240173582, "n_waypoints_completed": 9, "tot_waypoints": 9}}
{"target": -184.09452520859787, "params": {"k_pid_pos": [1.0031316701085804, 0.024859491386256316, 0.40092638265648595], "k_pid_alt": [1.2679502233621702, 0.0, 0.06527723447865985], "k_pid_att": [24.0942673894178, 0.18205753750414305, 0.8792759721912583], "k_pid_yaw": [0.5, 1e-06, 0.1], "k_pid_hsp": [0.09847755819799779, 0.011264223901387349, 0.0], "k_pid_vsp": [292.94687076665593, 307.0029666248519, 21.011196465382298]}, "datetime": {"datetime": "2025-08-11 21:50:05", "elapsed": 19484.465809583664, "delta": 18.13568687438965}, "costs": {"total_cost": 184.09452520859787, "time_cost": 70.399, "final_distance_cost": 1.8345096342728806, "oscillation_cost": 26.033560826510698, "completition_cost": 0.0, "overshoot_cost": 50.504236002786485, "power_cost": 17.811746228027346, "noise_cost": 17.511472517000485, "n_waypoints_completed": 9, "tot_waypoints": 9}}
{"target": -184.09452520859787, "params": {"k_pid_pos": [1.0031316701085804, 0.024859491386256316, 0.40092638265648595], "k_pid_alt": [1.2679502233621702, 0.0, 0.06527723447865985], "k_pid_att": [24.0942673894178, 0.18205753750414305, 0.8792759721912583], "k_pid_yaw": [0.5, 1e-06, 0.1], "k_pid_hsp": [0.09847755819799779, 0.011264223901387349, 0.0], "k_pid_vsp": [292.94687076665593, 307.0029666248519, 21.011196465382298]}, "datetime": {"datetime": "2025-08-11 21:50:22", "elapsed": 19501.565106868744, "delta": 17.099297285079956}, "costs": {"total_cost": 184.09452520859787, "time_cost": 70.399, "final_distance_cost": 1.8345096342728806, "oscillation_cost": 26.033560826510698, "completition_cost": 0.0, "overshoot_cost": 50.504236002786485, "power_cost": 17.811746228027346, "noise_cost": 17.511472517000485, "n_waypoints_completed": 9, "tot_waypoints": 9}}
{"target": -184.09452520859787, "params": {"k_pid_pos": [1.0031316701085804, 0.024859491386256316, 0.40092638265648595], "k_pid_alt": [1.2679502233621702, 0.0, 0.06527723447865985], "k_pid_att": [24.0942673894178, 0.18205753750414305, 0.8792759721912583], "k_pid_yaw": [0.5, 1e-06, 0.1], "k_pid_hsp": [0.09847755819799779, 0.011264223901387349, 0.0], "k_pid_vsp": [292.94687076665593, 307.0029666248519, 21.011196465382298]}, "datetime": {"datetime": "2025-08-11 21:50:39", "elapsed": 19519.117603302002, "delta": 17.552496433258057}, "costs": {"total_cost": 184.09452520859787, "time_cost": 70.399, "final_distance_cost": 1.8345096342728806, "oscillation_cost": 26.033560826510698, "completition_cost": 0.0, "overshoot_cost": 50.504236002786485, "power_cost": 17.811746228027346, "noise_cost": 17.511472517000485, "n_waypoints_completed": 9, "tot_waypoints": 9}}
