{"target": -663.1746058752477, "params": {"k_pid_pos": [1.3964096322472659, 0.11973358850112281, 0.1171035659001105], "k_pid_alt": [0.17541802382153682, 0.6578632850405278, 0.11207037099869754], "k_pid_att": [77.43214161418433, 5.081722741393169, 0.33363775832823817], "k_pid_yaw": [0.5, 1e-06, 0.1], "k_pid_hsp": [8.983675636960621, 0.7625321470706523, 0.2705349409101757], "k_pid_vsp": [145.6768071088216, 93.57579511219681, 23.321097617323666]}, "datetime": {"datetime": "2025-08-11 16:48:43", "elapsed": 1402.828096628189, "delta": 26.466681241989136}, "costs": {"total_cost": 663.1746058752477, "time_cost": 104.909, "final_distance_cost": 1.7781628299842793, "oscillation_cost": 432.63653296296445, "completition_cost": 0.0, "overshoot_cost": 66.41049949614329, "power_cost": 31.333196838378907, "noise_cost": 26.107213747776832, "n_waypoints_completed": 9, "tot_waypoints": 9}}
{"target": -564.3013490671983, "params": {"k_pid_pos": [1.4920539590588684, 0.4607696052395662, 0.10527807985412496], "k_pid_alt": [0.13311771391035632, 0.13820537163853075, 0.14617324419269828], "k_pid_att": [18.832197481135182, 1.1063836126752764, 0.14387193297114265], "k_pid_yaw": [0.5, 1e-06, 0.1], "k_pid_hsp": [9.209712627827253, 0.16553172273527816, 0.4885840453515333], "k_pid_vsp": [265.14568510543296, 341.3477838835772, 114.57849146637578]}, "datetime": {"datetime": "2025-08-11 16:49:10", "elapsed": 1430.3248183727264, "delta": 27.496721744537354}, "costs": {"total_cost": 564.3013490671983, "time_cost": 111.034, "final_distance_cost": 1.7289255663967975, "oscillation_cost": 332.06980322027096, "completition_cost": 0.0, "overshoot_cost": 61.0478414482557, "power_cost": 30.63014344482422, "noise_cost": 27.7906353874506, "n_waypoints_completed": 9, "tot_waypoints": 9}}
{"target": -326.82744439669995, "params": {"k_pid_pos": [1.3885554450422086, 0.5811166092209024, 0.19977565166005762], "k_pid_alt": [1.6082490523645254, 0.7154071296158017, 0.7389840039155418], "k_pid_att": [13.105775155731326, 1.2376256611230811, 0.9275625510065076], "k_pid_yaw": [0.5, 1e-06, 0.1], "k_pid_hsp": [3.9758421804300244, 0.30094869178093975, 0.28472008233793555], "k_pid_vsp": [61.44535807682345, 46.19602635065192, 8.459207513427996]}, "datetime": {"datetime": "2025-08-11 16:49:32", "elapsed": 1452.0495557785034, "delta": 21.724737405776978}, "costs": {"total_cost": 326.82744439669995, "time_cost": 88.70400000000001, "final_distance_cost": 1.7958579137743413, "oscillation_cost": 135.88555638102713, "completition_cost": 0.0, "overshoot_cost": 54.11700440158525, "power_cost": 21.924518359375, "noise_cost": 24.40050734093824, "n_waypoints_completed": 9, "tot_waypoints": 9}}
{"target": -1330.1188229112272, "params": {"k_pid_pos": [0.33105896638779186, 0.11973358850112281, 0.1171035659001105], "k_pid_alt": [0.17541802382153682, 0.6578632850405278, 0.4186083007903795], "k_pid_att": [77.43214161418433, 6.712347009944595, 0.33363775832823817], "k_pid_yaw": [0.5, 1e-06, 0.1], "k_pid_hsp": [8.983675636960621, 0.7625321470706523, 0.2705349409101757], "k_pid_vsp": [145.6768071088216, 6.631921742442968, 63.04466029238821]}, "datetime": {"datetime": "2025-08-11 16:50:02", "elapsed": 1482.0154268741608, "delta": 29.96587109565735}, "costs": {"total_cost": 1330.1188229112272, "time_cost": 150, "final_distance_cost": 81.43207491481611, "oscillation_cost": 639.51597036829, "completition_cost": 333.33333333333337, "overshoot_cost": 60.83312967132026, "power_cost": 35.41375946044922, "noise_cost": 29.590555163018365, "n_waypoints_completed": 6, "tot_waypoints": 9}}
{"target": -481.55633759850934, "params": {"k_pid_pos": [1.8624793477566346, 0.04925411992759399, 0.3736141384595716], "k_pid_alt": [1.0475058974352744, 0.10167190290371597, 0.8334585537885597], "k_pid_att": [5.196186646510426, 5.945716632147755, 0.0991131415798755], "k_pid_yaw": [0.5, 1e-06, 0.1], "k_pid_hsp": [8.435765158482369, 0.9026531439276171, 0.5957137746857274], "k_pid_vsp": [320.8103521094374, 311.79101652905405, 256.99331075573576]}, "datetime": {"datetime": "2025-08-11 16:50:26", "elapsed": 1505.5786097049713, "delta": 23.563182830810547}, "costs": {"total_cost": 481.55633759850934, "time_cost": 95.816, "final_distance_cost": 1.7956897332317368, "oscillation_cost": 271.9812442380232, "completition_cost": 0.0, "overshoot_cost": 61.138552528423965, "power_cost": 27.095582043457032, "noise_cost": 23.7292690553734, "n_waypoints_completed": 9, "tot_waypoints": 9}}
{"target": -1344.3749978481346, "params": {"k_pid_pos": [0.1108852787876038, 0.1746414709358527, 0.05338193262717539], "k_pid_alt": [1.1822876322219424, 0.6807145267995064, 0.7960285563103784], "k_pid_att": [31.79910969520494, 5.045311917598599, 0.8896564216753973], "k_pid_yaw": [0.5, 1e-06, 0.1], "k_pid_hsp": [9.330238913679953, 0.8043609156129707, 0.4673816015552915], "k_pid_vsp": [313.90537970087496, 7.134714572958311, 43.657599597149975]}, "datetime": {"datetime": "2025-08-11 16:50:55", "elapsed": 1535.3489074707031, "delta": 29.77029776573181}, "costs": {"total_cost": 1344.3749978481346, "time_cost": 150, "final_distance_cost": 48.823154842013786, "oscillation_cost": 473.59018081995424, "completition_cost": 555.5555555555555, "overshoot_cost": 53.25219316027733, "power_cost": 33.96244458007813, "noise_cost": 29.19146889025548, "n_waypoints_completed": 4, "tot_waypoints": 9}}
{"target": -1466.3929119116328, "params": {"k_pid_pos": [1.849624377781123, 0.024859491386256316, 0.5551980423268247], "k_pid_alt": [1.2679502233621702, 0.1058974037507533, 0.14033959706391264], "k_pid_att": [41.91143193163038, 9.662322498240602, 0.8750049422346086], "k_pid_yaw": [0.5, 1e-06, 0.1], "k_pid_hsp": [8.511331155059377, 0.04347506201279194, 0.18149840959652408], "k_pid_vsp": [94.6979484417584, 99.75503108349716, 228.49306112587644]}, "datetime": {"datetime": "2025-08-11 16:51:27", "elapsed": 1566.8086667060852, "delta": 31.45975923538208}, "costs": {"total_cost": 1466.3929119116328, "time_cost": 150, "final_distance_cost": 55.58876080166767, "oscillation_cost": 444.9557328564873, "completition_cost": 666.6666666666667, "overshoot_cost": 83.17912108091842, "power_cost": 35.14711279296875, "noise_cost": 30.85551771292392, "n_waypoints_completed": 3, "tot_waypoints": 9}}
{"target": -251.09346605720302, "params": {"k_pid_pos": [1.9584513449511884, 0.9460270628173303, 0.2533833538391872], "k_pid_alt": [1.515427128667956, 0.0, 0.949345597264735], "k_pid_att": [39.447728079683905, 3.8677381495188174, 0.1845336041603497], "k_pid_yaw": [0.5, 1e-06, 0.1], "k_pid_hsp": [0.09847755819799779, 0.011264223901387349, 0.0], "k_pid_vsp": [194.7624155113164, 20.0, 10.0]}, "datetime": {"datetime": "2025-08-11 16:51:50", "elapsed": 1589.8070533275604, "delta": 22.99838662147522}, "costs": {"total_cost": 251.09346605720302, "time_cost": 93.59700000000001, "final_distance_cost": 1.7707217724831288, "oscillation_cost": 45.914425023584556, "completition_cost": 0.0, "overshoot_cost": 59.9949651594983, "power_cost": 24.76026864013672, "noise_cost": 25.05608546150029, "n_waypoints_completed": 9, "tot_waypoints": 9}}
{"target": -999.8329511629521, "params": {"k_pid_pos": [0.49275800590297264, 0.18848155022322047, 0.17888737446852812], "k_pid_alt": [1.1801517907166184, 0.09504919756440122, 0.6161657000241213], "k_pid_att": [75.3504563000258, 5.649549619663271, 0.5724305140338497], "k_pid_yaw": [0.5, 1e-06, 0.1], "k_pid_hsp": [4.659904931296975, 0.5226317755131228, 0.7639233900065879], "k_pid_vsp": [319.69788660482664, 196.86128673801844, 192.59653664902095]}, "datetime": {"datetime": "2025-08-11 16:52:20", "elapsed": 1619.9773728847504, "delta": 30.17031955718994}, "costs": {"total_cost": 999.8329511629521, "time_cost": 150, "final_distance_cost": 46.99039959265149, "oscillation_cost": 574.5356825573415, "completition_cost": 111.11111111111116, "overshoot_cost": 52.48317800228948, "power_cost": 36.32871573486328, "noise_cost": 28.383864164695094, "n_waypoints_completed": 8, "tot_waypoints": 9}}
{"target": -408.2331606328949, "params": {"k_pid_pos": [1.3125724517510475, 0.036162710494696215, 0.0054298341287004614], "k_pid_alt": [0.10331583402879785, 0.7154071296158017, 0.7389840039155418], "k_pid_att": [13.105775155731326, 1.378021579924459, 0.9275625510065076], "k_pid_yaw": [0.5, 1e-06, 0.1], "k_pid_hsp": [3.9758421804300244, 0.8457969578021425, 0.4885840453515333], "k_pid_vsp": [265.14568510543296, 382.2493028631647, 114.57849146637578]}, "datetime": {"datetime": "2025-08-11 16:52:46", "elapsed": 1645.8958513736725, "delta": 25.91847848892212}, "costs": {"total_cost": 408.2331606328949, "time_cost": 102.599, "final_distance_cost": 1.818457891085939, "oscillation_cost": 184.81055526642615, "completition_cost": 0.0, "overshoot_cost": 65.61952391829112, "power_cost": 28.583090173339844, "noise_cost": 24.802533383751832, "n_waypoints_completed": 9, "tot_waypoints": 9}}
{"target": -545.5218871292503, "params": {"k_pid_pos": [1.3885554450422086, 0.5811166092209024, 0.19977565166005762], "k_pid_alt": [1.6082490523645254, 0.6059251776477277, 0.8014818108594153], "k_pid_att": [23.855282062738848, 8.494103488346438, 0.057231940153260386], "k_pid_yaw": [0.5, 1e-06, 0.1], "k_pid_hsp": [8.009658440031398, 0.9277954301722804, 0.7721083991043806], "k_pid_vsp": [279.24831359145486, 335.19208762417304, 16.06052077867527]}, "datetime": {"datetime": "2025-08-11 16:53:10", "elapsed": 1670.072910785675, "delta": 24.177059412002563}, "costs": {"total_cost": 545.5218871292503, "time_cost": 97.111, "final_distance_cost": 1.731454059524104, "oscillation_cost": 339.00141133856675, "completition_cost": 0.0, "overshoot_cost": 54.65593137815429, "power_cost": 27.57471259765625, "noise_cost": 25.44737775534892, "n_waypoints_completed": 9, "tot_waypoints": 9}}
{"target": -1193.0212990855468, "params": {"k_pid_pos": [0.29565196674712907, 0.936127463375744, 0.43790403719875326], "k_pid_alt": [0.7666396455548197, 0.7296857086773779, 0.5529930652528999], "k_pid_att": [5.196186646510426, 9.248426205993718, 0.0991131415798755], "k_pid_yaw": [0.5, 1e-06, 0.1], "k_pid_hsp": [8.435765158482369, 0.9026531439276171, 0.9795706805865927], "k_pid_vsp": [320.8103521094374, 311.79101652905405, 256.99331075573576]}, "datetime": {"datetime": "2025-08-11 16:53:40", "elapsed": 1700.1607809066772, "delta": 30.087870121002197}, "costs": {"total_cost": 1193.0212990855468, "time_cost": 150, "final_distance_cost": 52.16504818644749, "oscillation_cost": 197.15259986758542, "completition_cost": 666.6666666666667, "overshoot_cost": 61.291833839184505, "power_cost": 34.7235180053711, "noise_cost": 31.0216325202913, "n_waypoints_completed": 3, "tot_waypoints": 9}}
{"target": -199.41407493390528, "params": {"k_pid_pos": [0.49275800590297264, 0.18848155022322047, 0.17888737446852812], "k_pid_alt": [1.515427128667956, 0.0, 0.949345597264735], "k_pid_att": [39.447728079683905, 3.8677381495188174, 0.1845336041603497], "k_pid_yaw": [0.5, 1e-06, 0.1], "k_pid_hsp": [0.09847755819799779, 0.011264223901387349, 0.0], "k_pid_vsp": [194.7624155113164, 20.0, 10.0]}, "datetime": {"datetime": "2025-08-11 16:54:01", "elapsed": 1720.4192476272583, "delta": 20.258466720581055}, "costs": {"total_cost": 199.41407493390528, "time_cost": 82.138, "final_distance_cost": 1.8306666515134087, "oscillation_cost": 21.810001562287553, "completition_cost": 0.0, "overshoot_cost": 52.731944673443486, "power_cost": 20.621514489746094, "noise_cost": 20.28194755691474, "n_waypoints_completed": 9, "tot_waypoints": 9}}
{"target": -251.09346605720302, "params": {"k_pid_pos": [1.9584513449511884, 0.9460270628173303, 0.2533833538391872], "k_pid_alt": [1.515427128667956, 0.0, 0.949345597264735], "k_pid_att": [39.447728079683905, 3.8677381495188174, 0.1845336041603497], "k_pid_yaw": [0.5, 1e-06, 0.1], "k_pid_hsp": [0.09847755819799779, 0.011264223901387349, 0.0], "k_pid_vsp": [194.7624155113164, 20.0, 10.0]}, "datetime": {"datetime": "2025-08-11 16:54:24", "elapsed": 1744.0199227333069, "delta": 23.600675106048584}, "costs": {"total_cost": 251.09346605720302, "time_cost": 93.59700000000001, "final_distance_cost": 1.7707217724831288, "oscillation_cost": 45.914425023584556, "completition_cost": 0.0, "overshoot_cost": 59.9949651594983, "power_cost": 24.76026864013672, "noise_cost": 25.05608546150029, "n_waypoints_completed": 9, "tot_waypoints": 9}}
{"target": -326.82744439669995, "params": {"k_pid_pos": [1.3885554450422086, 0.5811166092209024, 0.19977565166005762], "k_pid_alt": [1.6082490523645254, 0.7154071296158017, 0.7389840039155418], "k_pid_att": [13.105775155731326, 1.2376256611230811, 0.9275625510065076], "k_pid_yaw": [0.5, 1e-06, 0.1], "k_pid_hsp": [3.9758421804300244, 0.30094869178093975, 0.28472008233793555], "k_pid_vsp": [61.44535807682345, 46.19602635065192, 8.459207513427996]}, "datetime": {"datetime": "2025-08-11 16:54:47", "elapsed": 1766.5016264915466, "delta": 22.481703758239746}, "costs": {"total_cost": 326.82744439669995, "time_cost": 88.70400000000001, "final_distance_cost": 1.7958579137743413, "oscillation_cost": 135.88555638102713, "completition_cost": 0.0, "overshoot_cost": 54.11700440158525, "power_cost": 21.924518359375, "noise_cost": 24.40050734093824, "n_waypoints_completed": 9, "tot_waypoints": 9}}
{"target": -350.63348318846107, "params": {"k_pid_pos": [1.3885554450422086, 0.5811166092209024, 0.19977565166005762], "k_pid_alt": [1.515427128667956, 0.0, 0.949345597264735], "k_pid_att": [11.895331074021131, 3.283679213926388, 0.5354347898300031], "k_pid_yaw": [0.5, 1e-06, 0.1], "k_pid_hsp": [8.485620031687368, 0.652587340560102, 0.8043918279470774], "k_pid_vsp": [213.08891042629608, 253.16705207413065, 115.26224638482907]}, "datetime": {"datetime": "2025-08-11 16:55:08", "elapsed": 1787.4898767471313, "delta": 20.988250255584717}, "costs": {"total_cost": 350.63348318846107, "time_cost": 84.14, "final_distance_cost": 1.8458336485474691, "oscillation_cost": 161.71375746102788, "completition_cost": 0.0, "overshoot_cost": 56.56412150248034, "power_cost": 24.069268664550783, "noise_cost": 22.300501911854546, "n_waypoints_completed": 9, "tot_waypoints": 9}}
{"target": -877.6066061591952, "params": {"k_pid_pos": [0.49275800590297264, 0.18848155022322047, 0.17888737446852812], "k_pid_alt": [1.6082490523645254, 0.7154071296158017, 0.14617324419269828], "k_pid_att": [34.240367681062864, 3.1034157057733522, 0.14387193297114265], "k_pid_yaw": [0.5, 1e-06, 0.1], "k_pid_hsp": [9.209712627827253, 0.16553172273527816, 0.28472008233793555], "k_pid_vsp": [61.44535807682345, 46.19602635065192, 8.459207513427996]}, "datetime": {"datetime": "2025-08-11 16:55:36", "elapsed": 1815.4571545124054, "delta": 27.967277765274048}, "costs": {"total_cost": 877.6066061591952, "time_cost": 113.295, "final_distance_cost": 1.7642573351945188, "oscillation_cost": 641.8916216973183, "completition_cost": 0.0, "overshoot_cost": 58.484955907152184, "power_cost": 31.870508264160158, "noise_cost": 30.300262955369924, "n_waypoints_completed": 9, "tot_waypoints": 9}}
{"target": -540.2602353610193, "params": {"k_pid_pos": [0.49275800590297264, 0.18848155022322047, 0.17888737446852812], "k_pid_alt": [1.515427128667956, 0.7553301727947445, 0.14033959706391264], "k_pid_att": [41.91143193163038, 9.662322498240602, 0.5960425532343728], "k_pid_yaw": [0.5, 1e-06, 0.1], "k_pid_hsp": [9.330238913679953, 0.23285228494370624, 0.4673816015552915], "k_pid_vsp": [313.90537970087496, 7.134714572958311, 43.657599597149975]}, "datetime": {"datetime": "2025-08-11 16:56:06", "elapsed": 1846.0171222686768, "delta": 30.559967756271362}, "costs": {"total_cost": 540.2602353610193, "time_cost": 115.108, "final_distance_cost": 1.779254631229535, "oscillation_cost": 303.0163870132773, "completition_cost": 0.0, "overshoot_cost": 59.87298291940659, "power_cost": 32.15464165039063, "noise_cost": 28.328969146715306, "n_waypoints_completed": 9, "tot_waypoints": 9}}
{"target": -196.38588095542383, "params": {"k_pid_pos": [1.849624377781123, 0.024859491386256316, 0.44963268842268056], "k_pid_alt": [1.2679502233621702, 0.0, 0.949345597264735], "k_pid_att": [39.447728079683905, 3.8677381495188174, 0.1845336041603497], "k_pid_yaw": [0.5, 1e-06, 0.1], "k_pid_hsp": [0.09847755819799779, 0.011264223901387349, 0.0], "k_pid_vsp": [194.7624155113164, 20.0, 10.0]}, "datetime": {"datetime": "2025-08-11 16:56:25", "elapsed": 1864.5649530887604, "delta": 18.547830820083618}, "costs": {"total_cost": 196.38588095542383, "time_cost": 73.752, "final_distance_cost": 1.821389005665794, "oscillation_cost": 31.300504460684525, "completition_cost": 0.0, "overshoot_cost": 52.15303017847123, "power_cost": 18.777154833984376, "noise_cost": 18.581802476617924, "n_waypoints_completed": 9, "tot_waypoints": 9}}
{"target": -466.8960485594688, "params": {"k_pid_pos": [1.4920539590588684, 0.20197903768878156, 0.4532799165001634], "k_pid_alt": [1.3349798462935158, 0.5944336637564518, 0.7389840039155418], "k_pid_att": [32.65468426717799, 1.378021579924459, 0.9275625510065076], "k_pid_yaw": [0.5, 1e-06, 0.1], "k_pid_hsp": [3.9758421804300244, 0.8457969578021425, 0.4885840453515333], "k_pid_vsp": [265.14568510543296, 382.2493028631647, 114.57849146637578]}, "datetime": {"datetime": "2025-08-11 16:56:47", "elapsed": 1886.6533925533295, "delta": 22.088439464569092}, "costs": {"total_cost": 466.8960485594688, "time_cost": 89.565, "final_distance_cost": 1.7702742275006595, "oscillation_cost": 272.4244621387038, "completition_cost": 0.0, "overshoot_cost": 55.414160731992716, "power_cost": 25.465546923828125, "noise_cost": 22.256604537443472, "n_waypoints_completed": 9, "tot_waypoints": 9}}
{"target": -422.28098802930674, "params": {"k_pid_pos": [1.3125724517510475, 0.036162710494696215, 0.0054298341287004614], "k_pid_alt": [0.10331583402879785, 0.7154071296158017, 0.7389840039155418], "k_pid_att": [13.105775155731326, 1.2376256611230811, 0.9275625510065076], "k_pid_yaw": [0.5, 1e-06, 0.1], "k_pid_hsp": [3.9758421804300244, 0.30094869178093975, 0.4885840453515333], "k_pid_vsp": [265.14568510543296, 382.2493028631647, 160.0245790538407]}, "datetime": {"datetime": "2025-08-11 16:57:13", "elapsed": 1912.8221426010132, "delta": 26.168750047683716}, "costs": {"total_cost": 422.28098802930674, "time_cost": 105.70700000000001, "final_distance_cost": 1.7619983301224202, "oscillation_cost": 194.44896043682476, "completition_cost": 0.0, "overshoot_cost": 67.01419196495218, "power_cost": 28.74219118652344, "noise_cost": 24.606646110883975, "n_waypoints_completed": 9, "tot_waypoints": 9}}
{"target": -999.8329511629521, "params": {"k_pid_pos": [0.49275800590297264, 0.18848155022322047, 0.17888737446852812], "k_pid_alt": [1.1801517907166184, 0.09504919756440122, 0.6161657000241213], "k_pid_att": [75.3504563000258, 5.649549619663271, 0.5724305140338497], "k_pid_yaw": [0.5, 1e-06, 0.1], "k_pid_hsp": [4.659904931296975, 0.5226317755131228, 0.7639233900065879], "k_pid_vsp": [319.69788660482664, 196.86128673801844, 192.59653664902095]}, "datetime": {"datetime": "2025-08-11 16:57:43", "elapsed": 1942.9109139442444, "delta": 30.0887713432312}, "costs": {"total_cost": 999.8329511629521, "time_cost": 150, "final_distance_cost": 46.99039959265149, "oscillation_cost": 574.5356825573415, "completition_cost": 111.11111111111116, "overshoot_cost": 52.48317800228948, "power_cost": 36.32871573486328, "noise_cost": 28.383864164695094, "n_waypoints_completed": 8, "tot_waypoints": 9}}
{"target": -519.6547847026471, "params": {"k_pid_pos": [1.3885554450422086, 0.5811166092209024, 0.19977565166005762], "k_pid_alt": [1.6082490523645254, 0.6059251776477277, 0.8014818108594153], "k_pid_att": [23.855282062738848, 8.494103488346438, 0.057231940153260386], "k_pid_yaw": [0.5, 1e-06, 0.1], "k_pid_hsp": [8.009658440031398, 0.9277954301722804, 0.3361299685293737], "k_pid_vsp": [279.24831359145486, 335.19208762417304, 16.06052077867527]}, "datetime": {"datetime": "2025-08-11 16:58:06", "elapsed": 1965.5637426376343, "delta": 22.652828693389893}, "costs": {"total_cost": 519.6547847026471, "time_cost": 89.733, "final_distance_cost": 1.741944732192076, "oscillation_cost": 325.7588448220373, "completition_cost": 0.0, "overshoot_cost": 53.48437181667574, "power_cost": 25.523288122558593, "noise_cost": 23.413335209183458, "n_waypoints_completed": 9, "tot_waypoints": 9}}
{"target": -332.99051925897237, "params": {"k_pid_pos": [1.3885554450422086, 0.5811166092209024, 0.19977565166005762], "k_pid_alt": [1.6082490523645254, 0.7154071296158017, 0.7389840039155418], "k_pid_att": [13.799751734790533, 1.2376256611230811, 0.9275625510065076], "k_pid_yaw": [0.5, 1e-06, 0.1], "k_pid_hsp": [3.9758421804300244, 0.30094869178093975, 0.28472008233793555], "k_pid_vsp": [61.44535807682345, 46.19602635065192, 8.459207513427996]}, "datetime": {"datetime": "2025-08-11 16:58:28", "elapsed": 1987.7695066928864, "delta": 22.205764055252075}, "costs": {"total_cost": 332.99051925897237, "time_cost": 88.914, "final_distance_cost": 1.782208249042648, "oscillation_cost": 140.7783885536352, "completition_cost": 0.0, "overshoot_cost": 54.47658181339716, "power_cost": 22.387877954101565, "noise_cost": 24.651462688795807, "n_waypoints_completed": 9, "tot_waypoints": 9}}
{"target": -514.1705232883847, "params": {"k_pid_pos": [0.49275800590297264, 0.18848155022322047, 0.17888737446852812], "k_pid_alt": [1.515427128667956, 0.0, 0.949345597264735], "k_pid_att": [48.09104283000786, 7.278460205357287, 0.5354347898300031], "k_pid_yaw": [0.5, 1e-06, 0.1], "k_pid_hsp": [8.485620031687368, 0.652587340560102, 0.8043918279470774], "k_pid_vsp": [268.9057724893779, 253.16705207413065, 115.26224638482907]}, "datetime": {"datetime": "2025-08-11 16:58:50", "elapsed": 2009.8280003070831, "delta": 22.058493614196777}, "costs": {"total_cost": 514.1705232883847, "time_cost": 88.746, "final_distance_cost": 1.8487853071114058, "oscillation_cost": 324.4660798905132, "completition_cost": 0.0, "overshoot_cost": 52.34881623410021, "power_cost": 24.58750057373047, "noise_cost": 22.173341282929442, "n_waypoints_completed": 9, "tot_waypoints": 9}}
