{"target": -185.5643725702256, "params": {"k_pid_pos": [1.0031316701085804, 0.024859491386256316, 0.40092638265648595], "k_pid_alt": [1.7297729984189598, 0.0, 0.26610943802920406], "k_pid_att": [24.0942673894178, 0.18205753750414305, 0.3883664380867584], "k_pid_yaw": [0.5, 1e-06, 0.1], "k_pid_hsp": [0.09847755819799779, 0.011264223901387349, 0.0], "k_pid_vsp": [292.94687076665593, 94.28610281764664, 21.011196465382298]}, "datetime": {"datetime": "2025-08-12 00:31:13", "elapsed": 29153.092009305954, "delta": 18.637701749801636}, "costs": {"total_cost": 185.5643725702256, "time_cost": 70.525, "final_distance_cost": 1.8317041260131233, "oscillation_cost": 25.760914132926576, "completition_cost": 0.0, "overshoot_cost": 51.08508452952671, "power_cost": 18.211563940429688, "noise_cost": 18.1501058413295, "n_waypoints_completed": 9, "tot_waypoints": 9}}
{"target": -1694.0390503910999, "params": {"k_pid_pos": [1.0031316701085804, 0.024859491386256316, 0.40092638265648595], "k_pid_alt": [1.7297729984189598, 0.0, 0.06527723447865985], "k_pid_att": [35.543488255586034, 0.18205753750414305, 0.666719676683535], "k_pid_yaw": [0.5, 1e-06, 0.1], "k_pid_hsp": [0.09847755819799779, 0.011264223901387349, 0.25305772781531444], "k_pid_vsp": [203.7710395546898, 307.0029666248519, 13.269141705997619]}, "datetime": {"datetime": "2025-08-12 00:31:44", "elapsed": 29183.95515203476, "delta": 30.863142728805542}, "costs": {"total_cost": 1694.0390503910999, "time_cost": 150, "final_distance_cost": 86.9284258695566, "oscillation_cost": 604.5905563828392, "completition_cost": 666.6666666666667, "overshoot_cost": 124.71922284184883, "power_cost": 33.33346021728516, "noise_cost": 27.80071841290322, "n_waypoints_completed": 3, "tot_waypoints": 9}}
{"target": -198.50875961430202, "params": {"k_pid_pos": [1.9403883066526342, 0.34174907670648524, 0.40092638265648595], "k_pid_alt": [1.7297729984189598, 0.0, 0.06527723447865985], "k_pid_att": [24.0942673894178, 0.18205753750414305, 0.666719676683535], "k_pid_yaw": [0.5, 1e-06, 0.1], "k_pid_hsp": [0.09847755819799779, 0.011264223901387349, 0.0], "k_pid_vsp": [391.61348087291753, 307.0029666248519, 21.011196465382298]}, "datetime": {"datetime": "2025-08-12 00:32:03", "elapsed": 29202.431706905365, "delta": 18.47655487060547}, "costs": {"total_cost": 198.50875961430202, "time_cost": 73.766, "final_distance_cost": 1.7934043383196177, "oscillation_cost": 33.12984182826395, "completition_cost": 0.0, "overshoot_cost": 51.650076453259125, "power_cost": 19.400834936523438, "noise_cost": 18.768602057935883, "n_waypoints_completed": 9, "tot_waypoints": 9}}
{"target": -183.8110225273971, "params": {"k_pid_pos": [1.0031316701085804, 0.024859491386256316, 0.40092638265648595], "k_pid_alt": [1.7297729984189598, 0.0, 0.06527723447865985], "k_pid_att": [24.0942673894178, 0.18205753750414305, 0.666719676683535], "k_pid_yaw": [0.5, 1e-06, 0.1], "k_pid_hsp": [0.09847755819799779, 0.011264223901387349, 0.0], "k_pid_vsp": [292.94687076665593, 307.0029666248519, 21.011196465382298]}, "datetime": {"datetime": "2025-08-12 00:32:20", "elapsed": 29220.309023618698, "delta": 17.87731671333313}, "costs": {"total_cost": 183.8110225273971, "time_cost": 70.07000000000001, "final_distance_cost": 1.8304748413350997, "oscillation_cost": 25.975194414413714, "completition_cost": 0.0, "overshoot_cost": 50.3368091434941, "power_cost": 17.946738708496095, "noise_cost": 17.651805419658114, "n_waypoints_completed": 9, "tot_waypoints": 9}}
{"target": -507.6460485930997, "params": {"k_pid_pos": [1.0031316701085804, 0.024859491386256316, 0.9818093895928307], "k_pid_alt": [1.2679502233621702, 0.0, 0.06527723447865985], "k_pid_att": [29.46763110571006, 0.18205753750414305, 0.4697579174852792], "k_pid_yaw": [0.5, 1e-06, 0.1], "k_pid_hsp": [7.898338047893953, 0.011264223901387349, 0.4996947135958536], "k_pid_vsp": [292.94687076665593, 307.0029666248519, 21.011196465382298]}, "datetime": {"datetime": "2025-08-12 00:32:41", "elapsed": 29240.839791297913, "delta": 20.530767679214478}, "costs": {"total_cost": 507.6460485930997, "time_cost": 79.793, "final_distance_cost": 1.8512361018906653, "oscillation_cost": 330.56987057795214, "completition_cost": 0.0, "overshoot_cost": 51.6821641287015, "power_cost": 22.394390258789063, "noise_cost": 21.35538752576625, "n_waypoints_completed": 9, "tot_waypoints": 9}}
{"target": -201.1508587082668, "params": {"k_pid_pos": [1.0031316701085804, 0.5305213852260082, 0.40092638265648595], "k_pid_alt": [1.7297729984189598, 0.0, 0.06527723447865985], "k_pid_att": [24.0942673894178, 1.326856224425946, 0.666719676683535], "k_pid_yaw": [0.5, 1e-06, 0.1], "k_pid_hsp": [2.82373402557605, 0.036551335399587326, 0.0], "k_pid_vsp": [292.94687076665593, 59.083466427248936, 21.011196465382298]}, "datetime": {"datetime": "2025-08-12 00:33:01", "elapsed": 29260.761862039566, "delta": 19.922070741653442}, "costs": {"total_cost": 201.1508587082668, "time_cost": 74.94200000000001, "final_distance_cost": 1.8189541063674068, "oscillation_cost": 33.4264395565214, "completition_cost": 0.0, "overshoot_cost": 51.94438120107623, "power_cost": 19.615818090820312, "noise_cost": 19.403265753481453, "n_waypoints_completed": 9, "tot_waypoints": 9}}
{"target": -183.70064920755323, "params": {"k_pid_pos": [1.0031316701085804, 0.024859491386256316, 0.40092638265648595], "k_pid_alt": [1.7297729984189598, 0.0, 0.06527723447865985], "k_pid_att": [37.12179941719916, 5.859554809351448, 0.666719676683535], "k_pid_yaw": [0.5, 1e-06, 0.1], "k_pid_hsp": [0.09847755819799779, 0.011264223901387349, 0.0], "k_pid_vsp": [264.9966777379314, 307.0029666248519, 21.011196465382298]}, "datetime": {"datetime": "2025-08-12 00:33:18", "elapsed": 29278.373513698578, "delta": 17.61165165901184}, "costs": {"total_cost": 183.70064920755323, "time_cost": 70.063, "final_distance_cost": 1.8269137125583466, "oscillation_cost": 25.990425061704375, "completition_cost": 0.0, "overshoot_cost": 50.38963089585039, "power_cost": 17.882403076171876, "noise_cost": 17.54827646126825, "n_waypoints_completed": 9, "tot_waypoints": 9}}
{"target": -1780.5975263715154, "params": {"k_pid_pos": [1.0031316701085804, 0.024859491386256316, 0.40092638265648595], "k_pid_alt": [1.7297729984189598, 0.0, 0.06527723447865985], "k_pid_att": [35.543488255586034, 0.18205753750414305, 0.666719676683535], "k_pid_yaw": [0.5, 1e-06, 0.1], "k_pid_hsp": [0.09847755819799779, 0.011264223901387349, 0.5226198022042828], "k_pid_vsp": [264.9966777379314, 325.22778396761174, 13.269141705997619]}, "datetime": {"datetime": "2025-08-12 00:33:50", "elapsed": 29309.647045850754, "delta": 31.273532152175903}, "costs": {"total_cost": 1780.5975263715154, "time_cost": 150, "final_distance_cost": 66.24514596442573, "oscillation_cost": 656.7877193865962, "completition_cost": 777.7777777777778, "overshoot_cost": 67.29910521099235, "power_cost": 34.32579588623047, "noise_cost": 28.161982145492868, "n_waypoints_completed": 2, "tot_waypoints": 9}}
{"target": -183.8110225273971, "params": {"k_pid_pos": [1.0031316701085804, 0.024859491386256316, 0.40092638265648595], "k_pid_alt": [1.7297729984189598, 0.0, 0.06527723447865985], "k_pid_att": [24.0942673894178, 0.18205753750414305, 0.666719676683535], "k_pid_yaw": [0.5, 1e-06, 0.1], "k_pid_hsp": [0.09847755819799779, 0.011264223901387349, 0.0], "k_pid_vsp": [292.94687076665593, 307.0029666248519, 21.011196465382298]}, "datetime": {"datetime": "2025-08-12 00:34:09", "elapsed": 29328.46993613243, "delta": 18.822890281677246}, "costs": {"total_cost": 183.8110225273971, "time_cost": 70.07000000000001, "final_distance_cost": 1.8304748413350997, "oscillation_cost": 25.975194414413714, "completition_cost": 0.0, "overshoot_cost": 50.3368091434941, "power_cost": 17.946738708496095, "noise_cost": 17.651805419658114, "n_waypoints_completed": 9, "tot_waypoints": 9}}
{"target": -1453.8877254051208, "params": {"k_pid_pos": [1.0031316701085804, 0.024859491386256316, 0.40092638265648595], "k_pid_alt": [1.7297729984189598, 0.0, 0.9056999501394369], "k_pid_att": [33.06901212709937, 1.7322516556660579, 0.666719676683535], "k_pid_yaw": [0.5, 1e-06, 0.1], "k_pid_hsp": [0.09847755819799779, 0.011264223901387349, 0.0], "k_pid_vsp": [292.94687076665593, 307.0029666248519, 284.2619114099656]}, "datetime": {"datetime": "2025-08-12 00:34:40", "elapsed": 29359.838805675507, "delta": 31.36886954307556}, "costs": {"total_cost": 1453.8877254051208, "time_cost": 150, "final_distance_cost": 1.0001749759172425, "oscillation_cost": 3.396337164266567, "completition_cost": 1000.0, "overshoot_cost": 162.06030696451373, "power_cost": 29.397213354492187, "noise_cost": 108.03369294593097, "n_waypoints_completed": 0, "tot_waypoints": 9}}
{"target": -975.3641114804469, "params": {"k_pid_pos": [1.0031316701085804, 0.49631364484586815, 0.6441154478304989], "k_pid_alt": [1.7297729984189598, 0.0, 0.6867135937559309], "k_pid_att": [0.14187793368453105, 2.0345543729235005, 0.8000710073097888], "k_pid_yaw": [0.5, 1e-06, 0.1], "k_pid_hsp": [0.09847755819799779, 0.011264223901387349, 0.0], "k_pid_vsp": [292.94687076665593, 307.0029666248519, 21.011196465382298]}, "datetime": {"datetime": "2025-08-12 00:35:11", "elapsed": 29390.872990369797, "delta": 31.03418469429016}, "costs": {"total_cost": 975.3641114804469, "time_cost": 150, "final_distance_cost": 55.44910999712084, "oscillation_cost": 189.23926333763515, "completition_cost": 333.33333333333337, "overshoot_cost": 124.88431712970407, "power_cost": 48.28483665771485, "noise_cost": 74.17325102493864, "n_waypoints_completed": 6, "tot_waypoints": 9}}
{"target": -1208.496716435685, "params": {"k_pid_pos": [1.0031316701085804, 0.024859491386256316, 0.40092638265648595], "k_pid_alt": [1.7297729984189598, 0.0, 0.06527723447865985], "k_pid_att": [24.0942673894178, 0.18205753750414305, 0.666719676683535], "k_pid_yaw": [0.5, 1e-06, 0.1], "k_pid_hsp": [0.09847755819799779, 0.011264223901387349, 0.40555978458723485], "k_pid_vsp": [292.94687076665593, 307.0029666248519, 21.011196465382298]}, "datetime": {"datetime": "2025-08-12 00:35:42", "elapsed": 29421.517060279846, "delta": 30.64406991004944}, "costs": {"total_cost": 1208.496716435685, "time_cost": 150, "final_distance_cost": 75.8783921947519, "oscillation_cost": 508.5737700778212, "completition_cost": 333.33333333333337, "overshoot_cost": 81.32733695397583, "power_cost": 31.551696423339845, "noise_cost": 27.8321874524628, "n_waypoints_completed": 6, "tot_waypoints": 9}}
{"target": -185.1236645193175, "params": {"k_pid_pos": [1.0031316701085804, 0.024859491386256316, 0.40092638265648595], "k_pid_alt": [1.7297729984189598, 0.0, 0.06527723447865985], "k_pid_att": [24.0942673894178, 0.22073067032652463, 0.666719676683535], "k_pid_yaw": [0.5, 1e-06, 0.1], "k_pid_hsp": [0.09847755819799779, 0.011264223901387349, 0.0], "k_pid_vsp": [292.94687076665593, 307.0029666248519, 75.78799424181197]}, "datetime": {"datetime": "2025-08-12 00:35:59", "elapsed": 29439.090901851654, "delta": 17.57384157180786}, "costs": {"total_cost": 185.1236645193175, "time_cost": 70.665, "final_distance_cost": 1.8290880317211862, "oscillation_cost": 25.010729964112237, "completition_cost": 0.0, "overshoot_cost": 51.46463681234507, "power_cost": 18.380424060058594, "noise_cost": 17.773785651080374, "n_waypoints_completed": 9, "tot_waypoints": 9}}
{"target": -1502.0099103435923, "params": {"k_pid_pos": [1.0031316701085804, 0.024859491386256316, 0.40092638265648595], "k_pid_alt": [1.7297729984189598, 0.0, 0.7915130824798414], "k_pid_att": [35.543488255586034, 8.470657982980763, 0.666719676683535], "k_pid_yaw": [0.5, 1e-06, 0.1], "k_pid_hsp": [0.09847755819799779, 0.011264223901387349, 0.2621620516958454], "k_pid_vsp": [264.9966777379314, 378.2564367747237, 13.269141705997619]}, "datetime": {"datetime": "2025-08-12 00:36:31", "elapsed": 29471.004191875458, "delta": 31.91329002380371}, "costs": {"total_cost": 1502.0099103435923, "time_cost": 150, "final_distance_cost": 51.75155203989723, "oscillation_cost": 610.9136012342337, "completition_cost": 555.5555555555555, "overshoot_cost": 71.92235191302535, "power_cost": 33.56985281982422, "noise_cost": 28.29699678105639, "n_waypoints_completed": 4, "tot_waypoints": 9}}
{"target": -188.3319642248117, "params": {"k_pid_pos": [1.6482342715797629, 0.024859491386256316, 0.40092638265648595], "k_pid_alt": [1.7297729984189598, 0.0, 0.06527723447865985], "k_pid_att": [24.0942673894178, 0.18205753750414305, 0.666719676683535], "k_pid_yaw": [0.5, 1e-06, 0.1], "k_pid_hsp": [0.09847755819799779, 0.011264223901387349, 0.0], "k_pid_vsp": [292.94687076665593, 307.0029666248519, 21.011196465382298]}, "datetime": {"datetime": "2025-08-12 00:36:49", "elapsed": 29489.107385873795, "delta": 18.103193998336792}, "costs": {"total_cost": 188.3319642248117, "time_cost": 69.3, "final_distance_cost": 1.8111553921630055, "oscillation_cost": 30.335320740307132, "completition_cost": 0.0, "overshoot_cost": 51.00139481965191, "power_cost": 18.227012048339844, "noise_cost": 17.65708122434982, "n_waypoints_completed": 9, "tot_waypoints": 9}}
{"target": -1208.158660802488, "params": {"k_pid_pos": [1.0031316701085804, 0.024859491386256316, 0.40092638265648595], "k_pid_alt": [1.7297729984189598, 0.0, 0.06527723447865985], "k_pid_att": [24.0942673894178, 0.18205753750414305, 0.666719676683535], "k_pid_yaw": [0.5, 1e-06, 0.1], "k_pid_hsp": [0.09847755819799779, 0.011264223901387349, 0.44348573036248906], "k_pid_vsp": [292.94687076665593, 307.0029666248519, 21.011196465382298]}, "datetime": {"datetime": "2025-08-12 00:37:20", "elapsed": 29520.08749938011, "delta": 30.98011350631714}, "costs": {"total_cost": 1208.158660802488, "time_cost": 150, "final_distance_cost": 76.31545262522492, "oscillation_cost": 505.19566250039867, "completition_cost": 333.33333333333337, "overshoot_cost": 84.26112105427747, "power_cost": 31.228997216796877, "noise_cost": 27.824094072456663, "n_waypoints_completed": 6, "tot_waypoints": 9}}
{"target": -192.19423762197786, "params": {"k_pid_pos": [1.0031316701085804, 0.024859491386256316, 0.40092638265648595], "k_pid_alt": [1.7297729984189598, 0.0, 0.7330244434240826], "k_pid_att": [24.0942673894178, 0.18205753750414305, 0.8000710073097888], "k_pid_yaw": [0.5, 1e-06, 0.1], "k_pid_hsp": [0.09847755819799779, 0.036551335399587326, 0.0], "k_pid_vsp": [292.94687076665593, 59.083466427248936, 21.011196465382298]}, "datetime": {"datetime": "2025-08-12 00:37:39", "elapsed": 29538.54594874382, "delta": 18.458449363708496}, "costs": {"total_cost": 192.19423762197786, "time_cost": 72.282, "final_distance_cost": 1.8481985546250046, "oscillation_cost": 29.804958878609103, "completition_cost": 0.0, "overshoot_cost": 51.15609397279741, "power_cost": 18.578511230468752, "noise_cost": 18.524474985477575, "n_waypoints_completed": 9, "tot_waypoints": 9}}
{"target": -197.1102838860065, "params": {"k_pid_pos": [1.0031316701085804, 0.024859491386256316, 0.9818093895928307], "k_pid_alt": [1.2679502233621702, 0.0, 0.6297913080226606], "k_pid_att": [29.46763110571006, 0.18205753750414305, 0.0607414183622893], "k_pid_yaw": [0.5, 1e-06, 0.1], "k_pid_hsp": [0.09847755819799779, 0.011264223901387349, 0.0], "k_pid_vsp": [292.94687076665593, 307.0029666248519, 21.011196465382298]}, "datetime": {"datetime": "2025-08-12 00:37:57", "elapsed": 29557.258716106415, "delta": 18.712767362594604}, "costs": {"total_cost": 197.1102838860065, "time_cost": 78.288, "final_distance_cost": 1.8549017567207726, "oscillation_cost": 26.217475224740884, "completition_cost": 0.0, "overshoot_cost": 51.04646974586372, "power_cost": 19.870036730957032, "noise_cost": 19.833400427724083, "n_waypoints_completed": 9, "tot_waypoints": 9}}
{"target": -873.0404383720485, "params": {"k_pid_pos": [0.14639111448255393, 0.024859491386256316, 0.40092638265648595], "k_pid_alt": [1.7297729984189598, 0.0, 0.06527723447865985], "k_pid_att": [24.0942673894178, 0.18205753750414305, 0.3948135675183053], "k_pid_yaw": [0.5, 1e-06, 0.1], "k_pid_hsp": [0.09847755819799779, 0.011264223901387349, 0.0], "k_pid_vsp": [292.94687076665593, 307.0029666248519, 21.011196465382298]}, "datetime": {"datetime": "2025-08-12 00:38:27", "elapsed": 29587.35689353943, "delta": 30.098177433013916}, "costs": {"total_cost": 873.0404383720485, "time_cost": 150, "final_distance_cost": 45.16341020503459, "oscillation_cost": 6.630214793644096, "completition_cost": 555.5555555555555, "overshoot_cost": 59.95248904655675, "power_cost": 29.402921679687502, "noise_cost": 26.335847091570034, "n_waypoints_completed": 4, "tot_waypoints": 9}}
{"target": -185.76994027138866, "params": {"k_pid_pos": [1.0031316701085804, 0.024859491386256316, 0.40092638265648595], "k_pid_alt": [1.7297729984189598, 0.0, 0.7330244434240826], "k_pid_att": [9.01694976284977, 0.5720022164256566, 0.11689683853528843], "k_pid_yaw": [0.5, 1e-06, 0.1], "k_pid_hsp": [0.09847755819799779, 0.011264223901387349, 0.0], "k_pid_vsp": [387.1470188825909, 307.0029666248519, 21.011196465382298]}, "datetime": {"datetime": "2025-08-12 00:38:45", "elapsed": 29605.118148565292, "delta": 17.761255025863647}, "costs": {"total_cost": 185.76994027138866, "time_cost": 70.917, "final_distance_cost": 1.8275140625633821, "oscillation_cost": 26.18892205451358, "completition_cost": 0.0, "overshoot_cost": 50.74226480044482, "power_cost": 18.246156384277345, "noise_cost": 17.848082969589502, "n_waypoints_completed": 9, "tot_waypoints": 9}}
{"target": -223.30029507798952, "params": {"k_pid_pos": [1.0031316701085804, 0.7268439883298804, 0.40092638265648595], "k_pid_alt": [1.7297729984189598, 0.0, 0.06527723447865985], "k_pid_att": [24.0942673894178, 0.18205753750414305, 0.666719676683535], "k_pid_yaw": [0.5, 1e-06, 0.1], "k_pid_hsp": [0.09847755819799779, 0.011264223901387349, 0.0], "k_pid_vsp": [292.94687076665593, 307.0029666248519, 21.011196465382298]}, "datetime": {"datetime": "2025-08-12 00:39:06", "elapsed": 29626.192558526993, "delta": 21.07440996170044}, "costs": {"total_cost": 223.30029507798952, "time_cost": 86.21900000000001, "final_distance_cost": 1.770491963856384, "oscillation_cost": 35.465492222560265, "completition_cost": 0.0, "overshoot_cost": 55.39184847436926, "power_cost": 22.412808874511718, "noise_cost": 22.040653542691903, "n_waypoints_completed": 9, "tot_waypoints": 9}}
{"target": -185.5643725702256, "params": {"k_pid_pos": [1.0031316701085804, 0.024859491386256316, 0.40092638265648595], "k_pid_alt": [1.7297729984189598, 0.0, 0.26610943802920406], "k_pid_att": [24.0942673894178, 0.18205753750414305, 0.3883664380867584], "k_pid_yaw": [0.5, 1e-06, 0.1], "k_pid_hsp": [0.09847755819799779, 0.011264223901387349, 0.0], "k_pid_vsp": [292.94687076665593, 94.28610281764664, 21.011196465382298]}, "datetime": {"datetime": "2025-08-12 00:39:24", "elapsed": 29643.812851905823, "delta": 17.620293378829956}, "costs": {"total_cost": 185.5643725702256, "time_cost": 70.525, "final_distance_cost": 1.8317041260131233, "oscillation_cost": 25.760914132926576, "completition_cost": 0.0, "overshoot_cost": 51.08508452952671, "power_cost": 18.211563940429688, "noise_cost": 18.1501058413295, "n_waypoints_completed": 9, "tot_waypoints": 9}}
{"target": -1293.5896101566066, "params": {"k_pid_pos": [0.9548351168171885, 0.024859491386256316, 0.40092638265648595], "k_pid_alt": [1.7297729984189598, 0.0, 0.06527723447865985], "k_pid_att": [24.0942673894178, 0.18205753750414305, 0.666719676683535], "k_pid_yaw": [0.5, 1e-06, 0.1], "k_pid_hsp": [0.09847755819799779, 0.011264223901387349, 0.7469279572267308], "k_pid_vsp": [292.94687076665593, 307.0029666248519, 21.011196465382298]}, "datetime": {"datetime": "2025-08-12 00:39:55", "elapsed": 29674.759289741516, "delta": 30.94643783569336}, "costs": {"total_cost": 1293.5896101566066, "time_cost": 150, "final_distance_cost": 44.33236054822622, "oscillation_cost": 498.3460490870089, "completition_cost": 444.4444444444444, "overshoot_cost": 97.81080396630752, "power_cost": 31.09132800292969, "noise_cost": 27.56462410768996, "n_waypoints_completed": 5, "tot_waypoints": 9}}
{"target": -204.57571701960578, "params": {"k_pid_pos": [1.0031316701085804, 0.024859491386256316, 0.40092638265648595], "k_pid_alt": [0.6990576723479807, 0.0, 0.7330244434240826], "k_pid_att": [24.0942673894178, 0.18205753750414305, 0.0607414183622893], "k_pid_yaw": [0.5, 1e-06, 0.1], "k_pid_hsp": [0.09847755819799779, 0.011264223901387349, 0.0], "k_pid_vsp": [292.94687076665593, 307.0029666248519, 21.011196465382298]}, "datetime": {"datetime": "2025-08-12 00:40:15", "elapsed": 29694.940231323242, "delta": 20.180941581726074}, "costs": {"total_cost": 204.57571701960578, "time_cost": 82.299, "final_distance_cost": 1.8602022041688488, "oscillation_cost": 28.534129368118503, "completition_cost": 0.0, "overshoot_cost": 51.329795510467974, "power_cost": 20.91368739013672, "noise_cost": 19.638902546713744, "n_waypoints_completed": 9, "tot_waypoints": 9}}
{"target": -192.09005285525146, "params": {"k_pid_pos": [1.0031316701085804, 0.3121290578928153, 0.40092638265648595], "k_pid_alt": [1.7297729984189598, 0.0, 0.26610943802920406], "k_pid_att": [24.0942673894178, 0.18205753750414305, 0.3883664380867584], "k_pid_yaw": [0.5, 1e-06, 0.1], "k_pid_hsp": [0.09847755819799779, 0.011264223901387349, 0.0], "k_pid_vsp": [264.9966777379314, 307.0029666248519, 21.011196465382298]}, "datetime": {"datetime": "2025-08-12 00:40:33", "elapsed": 29713.113072156906, "delta": 18.17284083366394}, "costs": {"total_cost": 192.09005285525146, "time_cost": 74.179, "final_distance_cost": 1.7756584012179868, "oscillation_cost": 27.76937665789766, "completition_cost": 0.0, "overshoot_cost": 50.74534490493091, "power_cost": 19.10356571044922, "noise_cost": 18.517107180755694, "n_waypoints_completed": 9, "tot_waypoints": 9}}
