{"target": -234.55476845645788, "params": {"k_pid_pos": [1.8624793477566346, 0.9745008925422891, 0.3736141384595716], "k_pid_alt": [1.515427128667956, 0.0, 0.949345597264735], "k_pid_att": [39.447728079683905, 3.8677381495188174, 0.1845336041603497], "k_pid_yaw": [0.5, 1e-06, 0.1], "k_pid_hsp": [0.09847755819799779, 0.011264223901387349, 0.0], "k_pid_vsp": [369.1457451700762, 57.202961387546644, 10.0]}, "datetime": {"datetime": "2025-08-11 17:37:21", "elapsed": 4320.48269867897, "delta": 21.668529748916626}, "costs": {"total_cost": 234.55476845645788, "time_cost": 88.60600000000001, "final_distance_cost": 1.7787062999427001, "oscillation_cost": 39.388140834090535, "completition_cost": 0.0, "overshoot_cost": 57.88327947487483, "power_cost": 23.65718776855469, "noise_cost": 23.24145407899514, "n_waypoints_completed": 9, "tot_waypoints": 9}}
{"target": -513.0922459660026, "params": {"k_pid_pos": [1.8624793477566346, 0.5922749504444044, 0.3736141384595716], "k_pid_alt": [1.515427128667956, 0.0, 0.949345597264735], "k_pid_att": [39.447728079683905, 7.08864989820028, 0.1845336041603497], "k_pid_yaw": [0.5, 1e-06, 0.1], "k_pid_hsp": [1.610540723631117, 0.011264223901387349, 0.5897899838558589], "k_pid_vsp": [194.7624155113164, 20.0, 10.0]}, "datetime": {"datetime": "2025-08-11 17:37:43", "elapsed": 4342.758925676346, "delta": 22.27622699737549}, "costs": {"total_cost": 513.0922459660026, "time_cost": 87.36, "final_distance_cost": 1.7347885544481443, "oscillation_cost": 303.65897365419056, "completition_cost": 0.0, "overshoot_cost": 68.88027264576885, "power_cost": 24.92644167480469, "noise_cost": 26.531769436790395, "n_waypoints_completed": 9, "tot_waypoints": 9}}
{"target": -214.1536526578661, "params": {"k_pid_pos": [1.8624793477566346, 0.04925411992759399, 0.3736141384595716], "k_pid_alt": [1.2679502233621702, 0.2446271327590287, 0.9866259175249644], "k_pid_att": [39.447728079683905, 3.8677381495188174, 0.1845336041603497], "k_pid_yaw": [0.5, 1e-06, 0.1], "k_pid_hsp": [0.09847755819799779, 0.011264223901387349, 0.0], "k_pid_vsp": [194.7624155113164, 20.0, 10.0]}, "datetime": {"datetime": "2025-08-11 17:38:04", "elapsed": 4363.45565199852, "delta": 20.696726322174072}, "costs": {"total_cost": 214.1536526578661, "time_cost": 81.935, "final_distance_cost": 1.7379880530685818, "oscillation_cost": 35.97762990055151, "completition_cost": 0.0, "overshoot_cost": 53.31626497738202, "power_cost": 20.269603649902344, "noise_cost": 20.917166076961646, "n_waypoints_completed": 9, "tot_waypoints": 9}}
{"target": -196.1311708693438, "params": {"k_pid_pos": [1.849624377781123, 0.024859491386256316, 0.44963268842268056], "k_pid_alt": [1.515427128667956, 0.0, 0.949345597264735], "k_pid_att": [39.447728079683905, 2.479545121909682, 0.004857337777279036], "k_pid_yaw": [0.5, 1e-06, 0.1], "k_pid_hsp": [0.09847755819799779, 0.011264223901387349, 0.0], "k_pid_vsp": [194.7624155113164, 20.0, 10.0]}, "datetime": {"datetime": "2025-08-11 17:38:21", "elapsed": 4381.221216201782, "delta": 17.76556420326233}, "costs": {"total_cost": 196.1311708693438, "time_cost": 72.499, "final_distance_cost": 1.8066494737864016, "oscillation_cost": 33.04963888859662, "completition_cost": 0.0, "overshoot_cost": 51.7583238134121, "power_cost": 18.11694011230469, "noise_cost": 18.900618581243993, "n_waypoints_completed": 9, "tot_waypoints": 9}}
{"target": -1878.6277760125597, "params": {"k_pid_pos": [1.8624793477566346, 0.04925411992759399, 0.3736141384595716], "k_pid_alt": [1.515427128667956, 0.0, 0.949345597264735], "k_pid_att": [39.447728079683905, 3.8677381495188174, 0.1845336041603497], "k_pid_yaw": [0.5, 1e-06, 0.1], "k_pid_hsp": [0.09847755819799779, 0.011264223901387349, 0.6062506194501415], "k_pid_vsp": [96.51738067581208, 219.55503605373926, 10.0]}, "datetime": {"datetime": "2025-08-11 17:38:51", "elapsed": 4410.782373189926, "delta": 29.56115698814392}, "costs": {"total_cost": 1878.6277760125597, "time_cost": 150, "final_distance_cost": 87.69564094938654, "oscillation_cost": 818.0762864383064, "completition_cost": 666.6666666666667, "overshoot_cost": 92.64391937330524, "power_cost": 33.31109608154297, "noise_cost": 30.23416650335203, "n_waypoints_completed": 3, "tot_waypoints": 9}}
{"target": -191.4637154830582, "params": {"k_pid_pos": [1.849624377781123, 0.024859491386256316, 0.44963268842268056], "k_pid_alt": [1.2679502233621702, 0.02520494712616217, 0.949345597264735], "k_pid_att": [39.447728079683905, 3.8677381495188174, 0.1845336041603497], "k_pid_yaw": [0.5, 1e-06, 0.1], "k_pid_hsp": [0.09847755819799779, 0.011264223901387349, 0.0], "k_pid_vsp": [194.7624155113164, 156.73508457218338, 10.0]}, "datetime": {"datetime": "2025-08-11 17:39:08", "elapsed": 4428.182959318161, "delta": 17.400586128234863}, "costs": {"total_cost": 191.4637154830582, "time_cost": 71.078, "final_distance_cost": 1.8111322849494687, "oscillation_cost": 31.493959278678627, "completition_cost": 0.0, "overshoot_cost": 50.90329278946149, "power_cost": 18.193127685546877, "noise_cost": 17.984203444421727, "n_waypoints_completed": 9, "tot_waypoints": 9}}
{"target": -192.9007598901806, "params": {"k_pid_pos": [1.849624377781123, 0.024859491386256316, 0.6830149564489978], "k_pid_alt": [1.2679502233621702, 0.02520494712616217, 0.949345597264735], "k_pid_att": [94.03514125381805, 3.8677381495188174, 0.1845336041603497], "k_pid_yaw": [0.5, 1e-06, 0.1], "k_pid_hsp": [0.09847755819799779, 0.011264223901387349, 0.0], "k_pid_vsp": [194.7624155113164, 93.09285943774285, 10.0]}, "datetime": {"datetime": "2025-08-11 17:39:26", "elapsed": 4445.534324169159, "delta": 17.351364850997925}, "costs": {"total_cost": 192.9007598901806, "time_cost": 71.22500000000001, "final_distance_cost": 1.7819326233274748, "oscillation_cost": 32.28158705317931, "completition_cost": 0.0, "overshoot_cost": 51.164626659723446, "power_cost": 17.626634020996093, "noise_cost": 18.820979532954247, "n_waypoints_completed": 9, "tot_waypoints": 9}}
{"target": -193.48531332933896, "params": {"k_pid_pos": [1.3885554450422086, 0.024859491386256316, 0.44963268842268056], "k_pid_alt": [1.2679502233621702, 0.0, 0.949345597264735], "k_pid_att": [39.447728079683905, 3.8677381495188174, 0.1845336041603497], "k_pid_yaw": [0.5, 1e-06, 0.1], "k_pid_hsp": [0.09847755819799779, 0.011264223901387349, 0.0], "k_pid_vsp": [194.7624155113164, 20.0, 10.0]}, "datetime": {"datetime": "2025-08-11 17:39:44", "elapsed": 4463.43398809433, "delta": 17.8996639251709}, "costs": {"total_cost": 193.48531332933896, "time_cost": 73.906, "final_distance_cost": 1.8077004286755942, "oscillation_cost": 28.841903853028352, "completition_cost": 0.0, "overshoot_cost": 51.66419984358465, "power_cost": 18.334456201171875, "noise_cost": 18.93105300287851, "n_waypoints_completed": 9, "tot_waypoints": 9}}
{"target": -1044.1921633540703, "params": {"k_pid_pos": [1.3885554450422086, 0.509734659876444, 0.11401919133455096], "k_pid_alt": [1.2679502233621702, 0.0, 0.949345597264735], "k_pid_att": [82.92211412031192, 3.8677381495188174, 0.1845336041603497], "k_pid_yaw": [0.5, 1e-06, 0.1], "k_pid_hsp": [0.09847755819799779, 0.7744178344487831, 0.0], "k_pid_vsp": [194.7624155113164, 300.33453362374865, 10.0]}, "datetime": {"datetime": "2025-08-11 17:40:13", "elapsed": 4493.19654417038, "delta": 29.762556076049805}, "costs": {"total_cost": 1044.1921633540703, "time_cost": 150, "final_distance_cost": 48.813899152915624, "oscillation_cost": 124.34577289781082, "completition_cost": 555.5555555555555, "overshoot_cost": 96.744771738248, "power_cost": 33.99214035644531, "noise_cost": 34.74002365309499, "n_waypoints_completed": 4, "tot_waypoints": 9}}
{"target": -194.1216938664505, "params": {"k_pid_pos": [1.849624377781123, 0.024859491386256316, 0.44963268842268056], "k_pid_alt": [1.2679502233621702, 0.02520494712616217, 0.949345597264735], "k_pid_att": [32.6162642003566, 3.8677381495188174, 0.1845336041603497], "k_pid_yaw": [0.5, 1e-06, 0.1], "k_pid_hsp": [0.09847755819799779, 0.011264223901387349, 0.0], "k_pid_vsp": [194.7624155113164, 20.0, 10.0]}, "datetime": {"datetime": "2025-08-11 17:40:31", "elapsed": 4510.4739644527435, "delta": 17.27742028236389}, "costs": {"total_cost": 194.1216938664505, "time_cost": 72.051, "final_distance_cost": 1.759886028888369, "oscillation_cost": 31.345906004340385, "completition_cost": 0.0, "overshoot_cost": 52.119254472696504, "power_cost": 18.454149157714845, "noise_cost": 18.391498202810396, "n_waypoints_completed": 9, "tot_waypoints": 9}}
{"target": -190.2796873589563, "params": {"k_pid_pos": [1.3885554450422086, 0.024859491386256316, 0.44963268842268056], "k_pid_alt": [1.2679502233621702, 0.0, 0.18431000208985737], "k_pid_att": [39.447728079683905, 3.6888469195366334, 0.1845336041603497], "k_pid_yaw": [0.5, 1e-06, 0.1], "k_pid_hsp": [0.09847755819799779, 0.011264223901387349, 0.0], "k_pid_vsp": [295.9324376154018, 15.500533572620455, 10.0]}, "datetime": {"datetime": "2025-08-11 17:40:48", "elapsed": 4527.787551164627, "delta": 17.313586711883545}, "costs": {"total_cost": 190.2796873589563, "time_cost": 71.435, "final_distance_cost": 1.7966258803335717, "oscillation_cost": 28.59268801489705, "completition_cost": 0.0, "overshoot_cost": 51.87573509713805, "power_cost": 18.182209985351562, "noise_cost": 18.39742838123606, "n_waypoints_completed": 9, "tot_waypoints": 9}}
{"target": -195.81337486139836, "params": {"k_pid_pos": [1.849624377781123, 0.024859491386256316, 0.44963268842268056], "k_pid_alt": [1.296896341175293, 0.0, 0.949345597264735], "k_pid_att": [39.447728079683905, 3.8677381495188174, 0.1845336041603497], "k_pid_yaw": [0.5, 1e-06, 0.1], "k_pid_hsp": [0.09847755819799779, 0.011264223901387349, 0.0], "k_pid_vsp": [194.7624155113164, 20.0, 10.0]}, "datetime": {"datetime": "2025-08-11 17:41:07", "elapsed": 4546.788407325745, "delta": 19.000856161117554}, "costs": {"total_cost": 195.81337486139836, "time_cost": 73.577, "final_distance_cost": 1.8187217350150795, "oscillation_cost": 31.32920363890797, "completition_cost": 0.0, "overshoot_cost": 52.06565314696278, "power_cost": 18.206558227539062, "noise_cost": 18.816238112973487, "n_waypoints_completed": 9, "tot_waypoints": 9}}
{"target": -189.88082269594184, "params": {"k_pid_pos": [1.8624793477566346, 0.04925411992759399, 0.964013702359797], "k_pid_alt": [1.515427128667956, 0.0, 0.949345597264735], "k_pid_att": [39.447728079683905, 3.8677381495188174, 0.1845336041603497], "k_pid_yaw": [0.5, 1e-06, 0.1], "k_pid_hsp": [0.09847755819799779, 0.011264223901387349, 0.0], "k_pid_vsp": [194.7624155113164, 156.73508457218338, 10.0]}, "datetime": {"datetime": "2025-08-11 17:41:24", "elapsed": 4564.322965621948, "delta": 17.534558296203613}, "costs": {"total_cost": 189.88082269594184, "time_cost": 71.533, "final_distance_cost": 1.8182047112386968, "oscillation_cost": 29.148999350619924, "completition_cost": 0.0, "overshoot_cost": 51.14739996984623, "power_cost": 18.206735791015625, "noise_cost": 18.02648287322137, "n_waypoints_completed": 9, "tot_waypoints": 9}}
{"target": -422.0044599528424, "params": {"k_pid_pos": [1.849624377781123, 0.024859491386256316, 0.44963268842268056], "k_pid_alt": [1.2679502233621702, 0.0, 0.949345597264735], "k_pid_att": [14.415714892135846, 3.8677381495188174, 0.1845336041603497], "k_pid_yaw": [0.5, 1e-06, 0.1], "k_pid_hsp": [0.09847755819799779, 0.011264223901387349, 0.08356203214847824], "k_pid_vsp": [194.7624155113164, 156.73508457218338, 10.0]}, "datetime": {"datetime": "2025-08-11 17:41:45", "elapsed": 4585.353278160095, "delta": 21.030312538146973}, "costs": {"total_cost": 422.0044599528424, "time_cost": 84.637, "final_distance_cost": 1.7829483841258988, "oscillation_cost": 233.46143845490974, "completition_cost": 0.0, "overshoot_cost": 57.93071934280988, "power_cost": 21.128440454101565, "noise_cost": 23.06391331689529, "n_waypoints_completed": 9, "tot_waypoints": 9}}
{"target": -194.33485379735026, "params": {"k_pid_pos": [1.849624377781123, 0.024859491386256316, 0.44963268842268056], "k_pid_alt": [1.515427128667956, 0.0, 0.949345597264735], "k_pid_att": [39.447728079683905, 3.8677381495188174, 0.1845336041603497], "k_pid_yaw": [0.5, 1e-06, 0.1], "k_pid_hsp": [0.09847755819799779, 0.011264223901387349, 0.0], "k_pid_vsp": [194.7624155113164, 20.0, 10.0]}, "datetime": {"datetime": "2025-08-11 17:42:04", "elapsed": 4603.450509786606, "delta": 18.09723162651062}, "costs": {"total_cost": 194.33485379735026, "time_cost": 72.52, "final_distance_cost": 1.8040051912444295, "oscillation_cost": 31.59676903447605, "completition_cost": 0.0, "overshoot_cost": 51.47262654773079, "power_cost": 18.11092058105469, "noise_cost": 18.830532442844284, "n_waypoints_completed": 9, "tot_waypoints": 9}}
{"target": -200.38373164173743, "params": {"k_pid_pos": [1.849624377781123, 0.024859491386256316, 0.44963268842268056], "k_pid_alt": [1.2679502233621702, 0.02520494712616217, 0.949345597264735], "k_pid_att": [39.447728079683905, 2.479545121909682, 0.004857337777279036], "k_pid_yaw": [0.5, 1e-06, 0.1], "k_pid_hsp": [0.09847755819799779, 0.011264223901387349, 0.0], "k_pid_vsp": [17.18305095025783, 20.0, 10.0]}, "datetime": {"datetime": "2025-08-11 17:42:22", "elapsed": 4621.568568944931, "delta": 18.118059158325195}, "costs": {"total_cost": 200.38373164173743, "time_cost": 73.766, "final_distance_cost": 1.7797792201053941, "oscillation_cost": 34.45197363804694, "completition_cost": 0.0, "overshoot_cost": 52.70511690169038, "power_cost": 17.55675673828125, "noise_cost": 20.124105143613463, "n_waypoints_completed": 9, "tot_waypoints": 9}}
{"target": -262.6384449608046, "params": {"k_pid_pos": [1.849624377781123, 0.024859491386256316, 0.44963268842268056], "k_pid_alt": [1.6540160292159989, 0.0, 0.949345597264735], "k_pid_att": [39.447728079683905, 3.6888469195366334, 0.1845336041603497], "k_pid_yaw": [0.5, 1e-06, 0.1], "k_pid_hsp": [5.985325037583757, 0.011264223901387349, 0.0], "k_pid_vsp": [194.7624155113164, 20.0, 22.765281794467143]}, "datetime": {"datetime": "2025-08-11 17:42:39", "elapsed": 4639.171692609787, "delta": 17.603123664855957}, "costs": {"total_cost": 262.6384449608046, "time_cost": 70.014, "final_distance_cost": 1.8162283600495452, "oscillation_cost": 103.19703516846916, "completition_cost": 0.0, "overshoot_cost": 50.914194686035316, "power_cost": 18.663618786621093, "noise_cost": 18.03336795962947, "n_waypoints_completed": 9, "tot_waypoints": 9}}
{"target": -299.0982691724881, "params": {"k_pid_pos": [1.849624377781123, 0.024859491386256316, 0.44963268842268056], "k_pid_alt": [1.2679502233621702, 0.02520494712616217, 0.949345597264735], "k_pid_att": [39.447728079683905, 3.8677381495188174, 0.18856007863455804], "k_pid_yaw": [0.5, 1e-06, 0.1], "k_pid_hsp": [6.04138163875019, 0.011264223901387349, 0.0], "k_pid_vsp": [295.9324376154018, 15.500533572620455, 10.0]}, "datetime": {"datetime": "2025-08-11 17:42:58", "elapsed": 4657.432950496674, "delta": 18.261257886886597}, "costs": {"total_cost": 299.0982691724881, "time_cost": 72.19800000000001, "final_distance_cost": 1.7998686840769598, "oscillation_cost": 135.49848111619855, "completition_cost": 0.0, "overshoot_cost": 51.27523651683541, "power_cost": 19.021705883789064, "noise_cost": 19.304976971588072, "n_waypoints_completed": 9, "tot_waypoints": 9}}
{"target": -1016.7075217454362, "params": {"k_pid_pos": [1.849624377781123, 0.024859491386256316, 0.44963268842268056], "k_pid_alt": [1.2679502233621702, 0.08054494671311319, 0.949345597264735], "k_pid_att": [78.69411358121238, 3.8677381495188174, 0.004857337777279036], "k_pid_yaw": [0.5, 1e-06, 0.1], "k_pid_hsp": [0.09847755819799779, 0.5534313698869836, 0.0], "k_pid_vsp": [194.7624155113164, 307.0029666248519, 10.0]}, "datetime": {"datetime": "2025-08-11 17:43:28", "elapsed": 4688.200051784515, "delta": 30.767101287841797}, "costs": {"total_cost": 1016.7075217454362, "time_cost": 150, "final_distance_cost": 47.243359249004456, "oscillation_cost": 139.5019530372821, "completition_cost": 555.5555555555555, "overshoot_cost": 56.6300942384062, "power_cost": 33.350571911621095, "noise_cost": 34.42598775356686, "n_waypoints_completed": 4, "tot_waypoints": 9}}
{"target": -320.9229298388846, "params": {"k_pid_pos": [0.3086920070734966, 0.024859491386256316, 0.44963268842268056], "k_pid_alt": [1.2679502233621702, 0.02520494712616217, 0.949345597264735], "k_pid_att": [39.447728079683905, 3.8677381495188174, 0.06257111584615938], "k_pid_yaw": [0.5, 1e-06, 0.1], "k_pid_hsp": [0.09847755819799779, 0.35170239085026345, 0.0], "k_pid_vsp": [194.7624155113164, 20.0, 10.0]}, "datetime": {"datetime": "2025-08-11 17:43:58", "elapsed": 4718.238294124603, "delta": 30.03824234008789}, "costs": {"total_cost": 320.9229298388846, "time_cost": 119.175, "final_distance_cost": 1.8581608659934925, "oscillation_cost": 74.28068470731169, "completition_cost": 0.0, "overshoot_cost": 63.08199798109496, "power_cost": 28.334356640625, "noise_cost": 34.19272964385946, "n_waypoints_completed": 9, "tot_waypoints": 9}}
{"target": -222.74073106510176, "params": {"k_pid_pos": [1.3885554450422086, 0.024859491386256316, 0.44963268842268056], "k_pid_alt": [1.2679502233621702, 0.0, 0.949345597264735], "k_pid_att": [39.447728079683905, 3.8677381495188174, 0.1845336041603497], "k_pid_yaw": [0.5, 1e-06, 0.1], "k_pid_hsp": [0.09847755819799779, 0.011264223901387349, 0.0], "k_pid_vsp": [194.7624155113164, 20.0, 65.70135573745327]}, "datetime": {"datetime": "2025-08-11 17:44:21", "elapsed": 4740.811573982239, "delta": 22.573279857635498}, "costs": {"total_cost": 222.74073106510176, "time_cost": 87.71000000000001, "final_distance_cost": 1.7901118995760865, "oscillation_cost": 30.10458303855834, "completition_cost": 0.0, "overshoot_cost": 59.370506576977625, "power_cost": 22.83161286621094, "noise_cost": 20.93391668377876, "n_waypoints_completed": 9, "tot_waypoints": 9}}
{"target": -198.7985772524686, "params": {"k_pid_pos": [1.849624377781123, 0.024859491386256316, 0.44963268842268056], "k_pid_alt": [1.2679502233621702, 0.0, 0.949345597264735], "k_pid_att": [78.69411358121238, 3.8677381495188174, 0.004857337777279036], "k_pid_yaw": [0.5, 1e-06, 0.1], "k_pid_hsp": [0.09847755819799779, 0.011264223901387349, 0.0], "k_pid_vsp": [194.7624155113164, 307.0029666248519, 10.0]}, "datetime": {"datetime": "2025-08-11 17:44:39", "elapsed": 4758.924603939056, "delta": 18.113029956817627}, "costs": {"total_cost": 198.7985772524686, "time_cost": 72.989, "final_distance_cost": 1.8261930488171312, "oscillation_cost": 36.10278586644042, "completition_cost": 0.0, "overshoot_cost": 51.02590683690768, "power_cost": 18.217718273925783, "noise_cost": 18.636973226377577, "n_waypoints_completed": 9, "tot_waypoints": 9}}
{"target": -225.2086749915903, "params": {"k_pid_pos": [1.8624793477566346, 0.04925411992759399, 0.3736141384595716], "k_pid_alt": [1.515427128667956, 0.07931689918144824, 0.949345597264735], "k_pid_att": [47.70828662473765, 3.8677381495188174, 0.004857337777279036], "k_pid_yaw": [0.5, 1e-06, 0.1], "k_pid_hsp": [0.09847755819799779, 0.011264223901387349, 0.0], "k_pid_vsp": [194.7624155113164, 82.79406464935073, 10.0]}, "datetime": {"datetime": "2025-08-11 17:45:01", "elapsed": 4780.93439078331, "delta": 22.00978684425354}, "costs": {"total_cost": 225.2086749915903, "time_cost": 87.185, "final_distance_cost": 1.8074904141686177, "oscillation_cost": 39.312507895245716, "completition_cost": 0.0, "overshoot_cost": 52.57693288914401, "power_cost": 22.273400292968752, "noise_cost": 22.053343500063214, "n_waypoints_completed": 9, "tot_waypoints": 9}}
{"target": -1475.803752230109, "params": {"k_pid_pos": [1.849624377781123, 0.024859491386256316, 0.44963268842268056], "k_pid_alt": [1.2679502233621702, 0.0, 0.8361997509577753], "k_pid_att": [19.462821160492226, 4.452622529689853, 0.1845336041603497], "k_pid_yaw": [0.5, 1e-06, 0.1], "k_pid_hsp": [2.756422947328575, 0.19072715732271805, 0.0], "k_pid_vsp": [194.7624155113164, 20.0, 173.34956715038942]}, "datetime": {"datetime": "2025-08-11 17:45:31", "elapsed": 4811.09986448288, "delta": 30.165473699569702}, "costs": {"total_cost": 1475.803752230109, "time_cost": 150, "final_distance_cost": 0.9992253788140836, "oscillation_cost": 33.09514475032912, "completition_cost": 1000.0, "overshoot_cost": 160.2975873466829, "power_cost": 29.21489538574219, "noise_cost": 102.19689936854063, "n_waypoints_completed": 0, "tot_waypoints": 9}}
{"target": -1861.3444307735692, "params": {"k_pid_pos": [1.849624377781123, 0.024859491386256316, 0.44963268842268056], "k_pid_alt": [1.2679502233621702, 0.02520494712616217, 0.9425092633198067], "k_pid_att": [39.447728079683905, 3.8677381495188174, 0.1845336041603497], "k_pid_yaw": [0.5, 1e-06, 0.1], "k_pid_hsp": [0.09847755819799779, 0.06188547702557645, 0.5996188995128691], "k_pid_vsp": [373.35534273797225, 20.0, 10.0]}, "datetime": {"datetime": "2025-08-11 17:46:01", "elapsed": 4840.961871147156, "delta": 29.862006664276123}, "costs": {"total_cost": 1861.3444307735692, "time_cost": 150, "final_distance_cost": 87.09189773512969, "oscillation_cost": 806.497645920988, "completition_cost": 666.6666666666667, "overshoot_cost": 87.2701077171164, "power_cost": 33.59611401367188, "noise_cost": 30.22199871999646, "n_waypoints_completed": 3, "tot_waypoints": 9}}
