{"target": -207.43801868079743, "params": {"k_pid_pos": [1.8624793477566346, 0.04925411992759399, 0.7374604451918155], "k_pid_alt": [1.515427128667956, 0.3112231092042238, 0.434035615756316], "k_pid_att": [39.447728079683905, 7.284845820832624, 0.1845336041603497], "k_pid_yaw": [0.5, 1e-06, 0.1], "k_pid_hsp": [0.09847755819799779, 0.011264223901387349, 0.0], "k_pid_vsp": [194.7624155113164, 20.0, 10.0]}, "datetime": {"datetime": "2025-08-11 17:46:21", "elapsed": 4861.344076395035, "delta": 20.38220524787903}, "costs": {"total_cost": 207.43801868079743, "time_cost": 80.423, "final_distance_cost": 1.7642630718521004, "oscillation_cost": 33.048887778971924, "completition_cost": 0.0, "overshoot_cost": 52.29288013461439, "power_cost": 19.442857958984376, "noise_cost": 20.46612973637462, "n_waypoints_completed": 9, "tot_waypoints": 9}}
{"target": -208.88271000306568, "params": {"k_pid_pos": [1.849624377781123, 0.024859491386256316, 0.44963268842268056], "k_pid_alt": [1.2679502233621702, 0.0, 0.949345597264735], "k_pid_att": [39.447728079683905, 3.8677381495188174, 0.1845336041603497], "k_pid_yaw": [0.5, 1e-06, 0.1], "k_pid_hsp": [0.09847755819799779, 0.011264223901387349, 0.0], "k_pid_vsp": [194.7624155113164, 20.0, 46.4397240445233]}, "datetime": {"datetime": "2025-08-11 17:46:41", "elapsed": 4881.007972240448, "delta": 19.663895845413208}, "costs": {"total_cost": 208.88271000306568, "time_cost": 78.575, "final_distance_cost": 1.8026378956957791, "oscillation_cost": 33.15858429221843, "completition_cost": 0.0, "overshoot_cost": 55.05878946010706, "power_cost": 20.617037170410157, "noise_cost": 19.670661184634262, "n_waypoints_completed": 9, "tot_waypoints": 9}}
{"target": -194.98772372895576, "params": {"k_pid_pos": [0.6579544065879377, 0.024859491386256316, 0.44963268842268056], "k_pid_alt": [1.2679502233621702, 0.0, 0.8361997509577753], "k_pid_att": [19.462821160492226, 4.452622529689853, 0.1845336041603497], "k_pid_yaw": [0.5, 1e-06, 0.1], "k_pid_hsp": [0.09847755819799779, 0.011264223901387349, 0.0], "k_pid_vsp": [194.7624155113164, 82.79406464935073, 10.0]}, "datetime": {"datetime": "2025-08-11 17:47:01", "elapsed": 4900.741939783096, "delta": 19.733967542648315}, "costs": {"total_cost": 194.98772372895576, "time_cost": 78.925, "final_distance_cost": 1.8548197262454842, "oscillation_cost": 22.700825021461664, "completition_cost": 0.0, "overshoot_cost": 51.79834029836885, "power_cost": 19.63818016357422, "noise_cost": 20.07055851930554, "n_waypoints_completed": 9, "tot_waypoints": 9}}
{"target": -224.60057641447636, "params": {"k_pid_pos": [1.849624377781123, 0.024859491386256316, 0.6830149564489978], "k_pid_alt": [1.2679502233621702, 0.915396937089632, 0.949345597264735], "k_pid_att": [94.03514125381805, 3.8677381495188174, 0.1845336041603497], "k_pid_yaw": [0.5, 1e-06, 0.1], "k_pid_hsp": [0.09847755819799779, 0.011264223901387349, 0.0], "k_pid_vsp": [194.7624155113164, 20.0, 10.0]}, "datetime": {"datetime": "2025-08-11 17:47:23", "elapsed": 4922.740376234055, "delta": 21.998436450958252}, "costs": {"total_cost": 224.60057641447636, "time_cost": 86.758, "final_distance_cost": 1.7377786117399867, "oscillation_cost": 37.52655841449491, "completition_cost": 0.0, "overshoot_cost": 55.063078980250495, "power_cost": 21.688222875976564, "noise_cost": 21.826937532014405, "n_waypoints_completed": 9, "tot_waypoints": 9}}
{"target": -1128.7945993843161, "params": {"k_pid_pos": [1.3885554450422086, 0.024859491386256316, 0.44963268842268056], "k_pid_alt": [1.2679502233621702, 0.0, 0.7404453547781268], "k_pid_att": [39.447728079683905, 1.1017894340568208, 0.1845336041603497], "k_pid_yaw": [0.5, 1e-06, 0.1], "k_pid_hsp": [0.09847755819799779, 0.8344227521511565, 0.0], "k_pid_vsp": [194.7624155113164, 93.09285943774285, 10.0]}, "datetime": {"datetime": "2025-08-11 17:47:54", "elapsed": 4953.774978876114, "delta": 31.034602642059326}, "costs": {"total_cost": 1128.7945993843161, "time_cost": 150, "final_distance_cost": 55.333820175667334, "oscillation_cost": 121.75396205482394, "completition_cost": 666.6666666666667, "overshoot_cost": 66.08452137542334, "power_cost": 33.792312707519535, "noise_cost": 35.1633164042153, "n_waypoints_completed": 3, "tot_waypoints": 9}}
{"target": -196.52748787670726, "params": {"k_pid_pos": [1.8624793477566346, 0.04925411992759399, 0.2995124902746459], "k_pid_alt": [1.515427128667956, 0.0, 0.949345597264735], "k_pid_att": [85.02836851553842, 3.8677381495188174, 0.1845336041603497], "k_pid_yaw": [0.5, 1e-06, 0.1], "k_pid_hsp": [0.09847755819799779, 0.011264223901387349, 0.0], "k_pid_vsp": [194.7624155113164, 351.388862279923, 10.0]}, "datetime": {"datetime": "2025-08-11 17:48:12", "elapsed": 4972.078505277634, "delta": 18.303526401519775}, "costs": {"total_cost": 196.52748787670726, "time_cost": 71.988, "final_distance_cost": 1.7622567753763672, "oscillation_cost": 34.58297590557065, "completition_cost": 0.0, "overshoot_cost": 51.399504149031294, "power_cost": 18.059870825195315, "noise_cost": 18.734880221533643, "n_waypoints_completed": 9, "tot_waypoints": 9}}
{"target": -1817.7629423902922, "params": {"k_pid_pos": [1.8624793477566346, 0.04925411992759399, 0.3736141384595716], "k_pid_alt": [1.515427128667956, 0.0, 0.5619409236011778], "k_pid_att": [39.447728079683905, 3.8677381495188174, 0.596239409547933], "k_pid_yaw": [0.5, 1e-06, 0.1], "k_pid_hsp": [0.09847755819799779, 0.011264223901387349, 0.3643615764756113], "k_pid_vsp": [194.7624155113164, 20.0, 10.0]}, "datetime": {"datetime": "2025-08-11 17:48:42", "elapsed": 5002.258859157562, "delta": 30.18035387992859}, "costs": {"total_cost": 1817.7629423902922, "time_cost": 150, "final_distance_cost": 88.34426594476274, "oscillation_cost": 753.914640534363, "completition_cost": 666.6666666666667, "overshoot_cost": 95.60498729226931, "power_cost": 33.61989652099609, "noise_cost": 29.612485431234425, "n_waypoints_completed": 3, "tot_waypoints": 9}}
{"target": -215.6640986293347, "params": {"k_pid_pos": [1.3885554450422086, 0.03509076592280813, 0.44963268842268056], "k_pid_alt": [1.2679502233621702, 0.0, 0.949345597264735], "k_pid_att": [79.18472897910739, 3.8677381495188174, 0.004857337777279036], "k_pid_yaw": [0.5, 1e-06, 0.1], "k_pid_hsp": [2.882064192075523, 0.011264223901387349, 0.0], "k_pid_vsp": [194.7624155113164, 156.73508457218338, 10.0]}, "datetime": {"datetime": "2025-08-11 17:49:01", "elapsed": 5020.668998241425, "delta": 18.410139083862305}, "costs": {"total_cost": 215.6640986293347, "time_cost": 73.178, "final_distance_cost": 1.8530137708770569, "oscillation_cost": 52.967625732569594, "completition_cost": 0.0, "overshoot_cost": 49.9243406883405, "power_cost": 18.689834216308594, "noise_cost": 19.051284221238966, "n_waypoints_completed": 9, "tot_waypoints": 9}}
{"target": -193.87583464380702, "params": {"k_pid_pos": [1.8624793477566346, 0.04925411992759399, 0.3736141384595716], "k_pid_alt": [1.515427128667956, 0.0, 0.949345597264735], "k_pid_att": [14.415714892135846, 3.8677381495188174, 0.1845336041603497], "k_pid_yaw": [0.5, 1e-06, 0.1], "k_pid_hsp": [0.09847755819799779, 0.011264223901387349, 0.0], "k_pid_vsp": [194.7624155113164, 307.0029666248519, 10.0]}, "datetime": {"datetime": "2025-08-11 17:49:19", "elapsed": 5038.638978719711, "delta": 17.969980478286743}, "costs": {"total_cost": 193.87583464380702, "time_cost": 71.61, "final_distance_cost": 1.7753191065898724, "oscillation_cost": 32.81305483745498, "completition_cost": 0.0, "overshoot_cost": 50.96635578176818, "power_cost": 18.487077209472655, "noise_cost": 18.224027708521348, "n_waypoints_completed": 9, "tot_waypoints": 9}}
{"target": -190.8438895055862, "params": {"k_pid_pos": [1.3885554450422086, 0.024859491386256316, 0.855962508813682], "k_pid_alt": [1.2679502233621702, 0.0, 0.949345597264735], "k_pid_att": [39.447728079683905, 3.8677381495188174, 0.1845336041603497], "k_pid_yaw": [0.5, 1e-06, 0.1], "k_pid_hsp": [0.09847755819799779, 0.011264223901387349, 0.0], "k_pid_vsp": [257.9492458711449, 307.0029666248519, 10.0]}, "datetime": {"datetime": "2025-08-11 17:49:37", "elapsed": 5057.35192656517, "delta": 18.712947845458984}, "costs": {"total_cost": 190.8438895055862, "time_cost": 73.82900000000001, "final_distance_cost": 1.836374754271015, "oscillation_cost": 27.48515487290812, "completition_cost": 0.0, "overshoot_cost": 50.78043645238375, "power_cost": 18.27291805419922, "noise_cost": 18.640005371824085, "n_waypoints_completed": 9, "tot_waypoints": 9}}
{"target": -189.88082269594184, "params": {"k_pid_pos": [1.8624793477566346, 0.04925411992759399, 0.964013702359797], "k_pid_alt": [1.515427128667956, 0.0, 0.949345597264735], "k_pid_att": [39.447728079683905, 3.8677381495188174, 0.1845336041603497], "k_pid_yaw": [0.5, 1e-06, 0.1], "k_pid_hsp": [0.09847755819799779, 0.011264223901387349, 0.0], "k_pid_vsp": [194.7624155113164, 156.73508457218338, 10.0]}, "datetime": {"datetime": "2025-08-11 17:49:55", "elapsed": 5075.25882601738, "delta": 17.906899452209473}, "costs": {"total_cost": 189.88082269594184, "time_cost": 71.533, "final_distance_cost": 1.8182047112386968, "oscillation_cost": 29.148999350619924, "completition_cost": 0.0, "overshoot_cost": 51.14739996984623, "power_cost": 18.206735791015625, "noise_cost": 18.02648287322137, "n_waypoints_completed": 9, "tot_waypoints": 9}}
{"target": -190.2796873589563, "params": {"k_pid_pos": [1.3885554450422086, 0.024859491386256316, 0.44963268842268056], "k_pid_alt": [1.2679502233621702, 0.0, 0.18431000208985737], "k_pid_att": [39.447728079683905, 3.6888469195366334, 0.1845336041603497], "k_pid_yaw": [0.5, 1e-06, 0.1], "k_pid_hsp": [0.09847755819799779, 0.011264223901387349, 0.0], "k_pid_vsp": [295.9324376154018, 15.500533572620455, 10.0]}, "datetime": {"datetime": "2025-08-11 17:50:13", "elapsed": 5093.328100681305, "delta": 18.06927466392517}, "costs": {"total_cost": 190.2796873589563, "time_cost": 71.435, "final_distance_cost": 1.7966258803335717, "oscillation_cost": 28.59268801489705, "completition_cost": 0.0, "overshoot_cost": 51.87573509713805, "power_cost": 18.182209985351562, "noise_cost": 18.39742838123606, "n_waypoints_completed": 9, "tot_waypoints": 9}}
{"target": -190.8438895055862, "params": {"k_pid_pos": [1.3885554450422086, 0.024859491386256316, 0.855962508813682], "k_pid_alt": [1.2679502233621702, 0.0, 0.949345597264735], "k_pid_att": [39.447728079683905, 3.8677381495188174, 0.1845336041603497], "k_pid_yaw": [0.5, 1e-06, 0.1], "k_pid_hsp": [0.09847755819799779, 0.011264223901387349, 0.0], "k_pid_vsp": [257.9492458711449, 307.0029666248519, 10.0]}, "datetime": {"datetime": "2025-08-11 17:50:31", "elapsed": 5111.309349775314, "delta": 17.9812490940094}, "costs": {"total_cost": 190.8438895055862, "time_cost": 73.82900000000001, "final_distance_cost": 1.836374754271015, "oscillation_cost": 27.48515487290812, "completition_cost": 0.0, "overshoot_cost": 50.78043645238375, "power_cost": 18.27291805419922, "noise_cost": 18.640005371824085, "n_waypoints_completed": 9, "tot_waypoints": 9}}
{"target": -197.65100952639034, "params": {"k_pid_pos": [0.6579544065879377, 0.024859491386256316, 0.44963268842268056], "k_pid_alt": [1.2679502233621702, 0.0, 0.8361997509577753], "k_pid_att": [19.462821160492226, 4.452622529689853, 0.1845336041603497], "k_pid_yaw": [0.5, 1e-06, 0.1], "k_pid_hsp": [0.09847755819799779, 0.011264223901387349, 0.0], "k_pid_vsp": [295.9324376154018, 15.500533572620455, 10.0]}, "datetime": {"datetime": "2025-08-11 17:50:51", "elapsed": 5131.216585159302, "delta": 19.907235383987427}, "costs": {"total_cost": 197.65100952639034, "time_cost": 80.108, "final_distance_cost": 1.8548922198279358, "oscillation_cost": 22.998158615076502, "completition_cost": 0.0, "overshoot_cost": 52.527781547678124, "power_cost": 19.35504138183594, "noise_cost": 20.80713576197184, "n_waypoints_completed": 9, "tot_waypoints": 9}}
{"target": -264.8251637961591, "params": {"k_pid_pos": [1.849624377781123, 0.024859491386256316, 0.44963268842268056], "k_pid_alt": [1.2679502233621702, 0.02520494712616217, 0.016491258977649914], "k_pid_att": [39.447728079683905, 3.8677381495188174, 0.18856007863455804], "k_pid_yaw": [0.5, 1e-06, 0.1], "k_pid_hsp": [6.04138163875019, 0.011264223901387349, 0.0], "k_pid_vsp": [194.7624155113164, 82.79406464935073, 10.0]}, "datetime": {"datetime": "2025-08-11 17:51:10", "elapsed": 5149.966320037842, "delta": 18.74973487854004}, "costs": {"total_cost": 264.8251637961591, "time_cost": 69.51, "final_distance_cost": 1.8431810879734287, "oscillation_cost": 105.59289230353022, "completition_cost": 0.0, "overshoot_cost": 50.905896189754365, "power_cost": 17.99093983154297, "noise_cost": 18.98225438335807, "n_waypoints_completed": 9, "tot_waypoints": 9}}
{"target": -200.57820531653053, "params": {"k_pid_pos": [1.849624377781123, 0.024859491386256316, 0.44963268842268056], "k_pid_alt": [1.2679502233621702, 0.0, 0.949345597264735], "k_pid_att": [78.69411358121238, 3.8677381495188174, 0.004857337777279036], "k_pid_yaw": [0.5, 1e-06, 0.1], "k_pid_hsp": [0.09847755819799779, 0.011264223901387349, 0.0], "k_pid_vsp": [194.7624155113164, 20.0, 10.0]}, "datetime": {"datetime": "2025-08-11 17:51:28", "elapsed": 5168.0322701931, "delta": 18.06595015525818}, "costs": {"total_cost": 200.57820531653053, "time_cost": 73.85000000000001, "final_distance_cost": 1.8005916250856866, "oscillation_cost": 35.900507179505944, "completition_cost": 0.0, "overshoot_cost": 51.81147291469133, "power_cost": 18.27437185058594, "noise_cost": 18.9412617466616, "n_waypoints_completed": 9, "tot_waypoints": 9}}
{"target": -193.8917753240324, "params": {"k_pid_pos": [1.849624377781123, 0.024859491386256316, 0.44963268842268056], "k_pid_alt": [1.296896341175293, 0.0, 0.949345597264735], "k_pid_att": [39.447728079683905, 3.8677381495188174, 0.1845336041603497], "k_pid_yaw": [0.5, 1e-06, 0.1], "k_pid_hsp": [0.09847755819799779, 0.011264223901387349, 0.0], "k_pid_vsp": [194.7624155113164, 307.0029666248519, 10.0]}, "datetime": {"datetime": "2025-08-11 17:51:46", "elapsed": 5185.724539279938, "delta": 17.69226908683777}, "costs": {"total_cost": 193.8917753240324, "time_cost": 72.709, "final_distance_cost": 1.824857172319816, "oscillation_cost": 31.836671991799072, "completition_cost": 0.0, "overshoot_cost": 50.85158148184366, "power_cost": 18.200041625976564, "noise_cost": 18.46962305209332, "n_waypoints_completed": 9, "tot_waypoints": 9}}
{"target": -197.9926440923179, "params": {"k_pid_pos": [1.849624377781123, 0.024859491386256316, 0.44963268842268056], "k_pid_alt": [1.2679502233621702, 0.02520494712616217, 0.949345597264735], "k_pid_att": [32.6162642003566, 3.8677381495188174, 0.1845336041603497], "k_pid_yaw": [0.5, 1e-06, 0.1], "k_pid_hsp": [0.09847755819799779, 0.011264223901387349, 0.0], "k_pid_vsp": [194.7624155113164, 17.758919719838758, 10.0]}, "datetime": {"datetime": "2025-08-11 17:52:04", "elapsed": 5204.14288187027, "delta": 18.41834259033203}, "costs": {"total_cost": 197.9926440923179, "time_cost": 73.248, "final_distance_cost": 1.7601807969632863, "oscillation_cost": 33.19074819679127, "completition_cost": 0.0, "overshoot_cost": 52.23671051639693, "power_cost": 18.890015380859374, "noise_cost": 18.666989201307047, "n_waypoints_completed": 9, "tot_waypoints": 9}}
{"target": -199.07994451076033, "params": {"k_pid_pos": [1.8624793477566346, 0.04925411992759399, 0.964013702359797], "k_pid_alt": [1.515427128667956, 0.0, 0.949345597264735], "k_pid_att": [39.447728079683905, 3.8677381495188174, 0.1845336041603497], "k_pid_yaw": [0.5, 1e-06, 0.1], "k_pid_hsp": [1.4320530577574415, 0.011264223901387349, 0.0], "k_pid_vsp": [194.7624155113164, 20.0, 10.0]}, "datetime": {"datetime": "2025-08-11 17:52:22", "elapsed": 5222.135692119598, "delta": 17.992810249328613}, "costs": {"total_cost": 199.07994451076033, "time_cost": 72.611, "final_distance_cost": 1.8443547413418386, "oscillation_cost": 35.91523356645378, "completition_cost": 0.0, "overshoot_cost": 51.20042124500338, "power_cost": 18.599173962402343, "noise_cost": 18.909760995558972, "n_waypoints_completed": 9, "tot_waypoints": 9}}
{"target": -220.28514864368904, "params": {"k_pid_pos": [1.849624377781123, 0.024859491386256316, 0.44963268842268056], "k_pid_alt": [1.2679502233621702, 0.02520494712616217, 0.949345597264735], "k_pid_att": [39.447728079683905, 3.8677381495188174, 0.004857337777279036], "k_pid_yaw": [0.5, 1e-06, 0.1], "k_pid_hsp": [2.882064192075523, 0.011264223901387349, 0.0], "k_pid_vsp": [194.7624155113164, 156.73508457218338, 10.0]}, "datetime": {"datetime": "2025-08-11 17:52:39", "elapsed": 5239.302218198776, "delta": 17.166526079177856}, "costs": {"total_cost": 220.28514864368904, "time_cost": 70.09100000000001, "final_distance_cost": 1.828622168254849, "oscillation_cost": 61.23263878504649, "completition_cost": 0.0, "overshoot_cost": 50.58918467235896, "power_cost": 18.13157410888672, "noise_cost": 18.412128909142005, "n_waypoints_completed": 9, "tot_waypoints": 9}}
{"target": -817.310372171304, "params": {"k_pid_pos": [1.3885554450422086, 0.03509076592280813, 0.44963268842268056], "k_pid_alt": [1.6442545478082136, 0.0, 0.949345597264735], "k_pid_att": [79.18472897910739, 3.8677381495188174, 0.8158333553266057], "k_pid_yaw": [0.5, 1e-06, 0.1], "k_pid_hsp": [0.09847755819799779, 0.7558777308258808, 0.0], "k_pid_vsp": [194.7624155113164, 156.73508457218338, 10.0]}, "datetime": {"datetime": "2025-08-11 17:53:10", "elapsed": 5269.756562709808, "delta": 30.454344511032104}, "costs": {"total_cost": 817.310372171304, "time_cost": 150, "final_distance_cost": 72.5695437768939, "oscillation_cost": 128.43773506519616, "completition_cost": 333.33333333333337, "overshoot_cost": 63.774525776617146, "power_cost": 34.39062806396485, "noise_cost": 34.804606155298615, "n_waypoints_completed": 6, "tot_waypoints": 9}}
{"target": -249.91591312549693, "params": {"k_pid_pos": [0.6579544065879377, 0.15853002911945835, 0.44963268842268056], "k_pid_alt": [1.2679502233621702, 0.21267470676003064, 0.949345597264735], "k_pid_att": [14.415714892135846, 3.8677381495188174, 0.1845336041603497], "k_pid_yaw": [0.5, 1e-06, 0.1], "k_pid_hsp": [0.09847755819799779, 0.011264223901387349, 0.0], "k_pid_vsp": [194.7624155113164, 307.0029666248519, 10.0]}, "datetime": {"datetime": "2025-08-11 17:53:38", "elapsed": 5298.173319101334, "delta": 28.41675639152527}, "costs": {"total_cost": 249.91591312549693, "time_cost": 114.45700000000001, "final_distance_cost": 1.744851748673803, "oscillation_cost": 24.743891079288826, "completition_cost": 0.0, "overshoot_cost": 54.922431353582105, "power_cost": 27.90839412841797, "noise_cost": 26.13934481553421, "n_waypoints_completed": 9, "tot_waypoints": 9}}
{"target": -192.0469691601478, "params": {"k_pid_pos": [1.8624793477566346, 0.04925411992759399, 0.3736141384595716], "k_pid_alt": [1.515427128667956, 0.0, 0.8361997509577753], "k_pid_att": [19.462821160492226, 4.452622529689853, 0.737857181360408], "k_pid_yaw": [0.5, 1e-06, 0.1], "k_pid_hsp": [0.09847755819799779, 0.011264223901387349, 0.0], "k_pid_vsp": [194.7624155113164, 139.20520652041523, 10.0]}, "datetime": {"datetime": "2025-08-11 17:53:56", "elapsed": 5315.754566192627, "delta": 17.581247091293335}, "costs": {"total_cost": 192.0469691601478, "time_cost": 71.239, "final_distance_cost": 1.808069010816863, "oscillation_cost": 32.02364983011344, "completition_cost": 0.0, "overshoot_cost": 50.54212969987274, "power_cost": 18.361181689453126, "noise_cost": 18.07293892989162, "n_waypoints_completed": 9, "tot_waypoints": 9}}
{"target": -232.21661371876218, "params": {"k_pid_pos": [1.849624377781123, 0.024859491386256316, 0.44963268842268056], "k_pid_alt": [1.2679502233621702, 0.024777875161596796, 0.949345597264735], "k_pid_att": [39.447728079683905, 2.479545121909682, 0.004857337777279036], "k_pid_yaw": [0.5, 1e-06, 0.1], "k_pid_hsp": [0.09847755819799779, 0.1531003758033771, 0.0], "k_pid_vsp": [194.7624155113164, 93.09285943774285, 10.0]}, "datetime": {"datetime": "2025-08-11 17:54:14", "elapsed": 5334.247125148773, "delta": 18.49255895614624}, "costs": {"total_cost": 232.21661371876218, "time_cost": 74.298, "final_distance_cost": 1.8316436335734534, "oscillation_cost": 65.28390109117566, "completition_cost": 0.0, "overshoot_cost": 50.708337199124315, "power_cost": 20.071656188964845, "noise_cost": 20.023075605923918, "n_waypoints_completed": 9, "tot_waypoints": 9}}
{"target": -200.02209050260336, "params": {"k_pid_pos": [1.849624377781123, 0.024859491386256316, 0.6830149564489978], "k_pid_alt": [1.2679502233621702, 0.02520494712616217, 0.949345597264735], "k_pid_att": [94.03514125381805, 3.8677381495188174, 0.1845336041603497], "k_pid_yaw": [0.5, 1e-06, 0.1], "k_pid_hsp": [0.09847755819799779, 0.011264223901387349, 0.0], "k_pid_vsp": [17.18305095025783, 20.0, 10.0]}, "datetime": {"datetime": "2025-08-11 17:54:32", "elapsed": 5352.303596496582, "delta": 18.056471347808838}, "costs": {"total_cost": 200.02209050260336, "time_cost": 73.71000000000001, "final_distance_cost": 1.7966061493955312, "oscillation_cost": 33.62034473957956, "completition_cost": 0.0, "overshoot_cost": 53.09465693829496, "power_cost": 17.43887684326172, "noise_cost": 20.361605832071586, "n_waypoints_completed": 9, "tot_waypoints": 9}}
