{"target": -1192.6911057722568, "params": {"k_pid_pos": [1.0031316701085804, 0.024859491386256316, 0.40092638265648595], "k_pid_alt": [1.7297729984189598, 0.0, 0.06527723447865985], "k_pid_att": [24.0942673894178, 0.18205753750414305, 0.666719676683535], "k_pid_yaw": [0.5, 1e-06, 0.1], "k_pid_hsp": [0.09847755819799779, 0.011264223901387349, 0.4604506563081415], "k_pid_vsp": [292.94687076665593, 307.0029666248519, 21.011196465382298]}, "datetime": {"datetime": "2025-08-12 01:16:33", "elapsed": 31873.136199712753, "delta": 31.526200532913208}, "costs": {"total_cost": 1192.6911057722568, "time_cost": 150, "final_distance_cost": 78.82601893914382, "oscillation_cost": 489.8096553651904, "completition_cost": 333.33333333333337, "overshoot_cost": 81.81204097351107, "power_cost": 31.11179501953125, "noise_cost": 27.798262141546953, "n_waypoints_completed": 6, "tot_waypoints": 9}}
{"target": -1025.0091868715474, "params": {"k_pid_pos": [1.0031316701085804, 0.024859491386256316, 0.40092638265648595], "k_pid_alt": [1.7297729984189598, 0.17835581427998304, 0.06527723447865985], "k_pid_att": [32.194164172814396, 5.859554809351448, 0.666719676683535], "k_pid_yaw": [0.5, 1e-06, 0.1], "k_pid_hsp": [0.09847755819799779, 0.935084305233137, 0.0], "k_pid_vsp": [264.9966777379314, 307.0029666248519, 25.128824436268147]}, "datetime": {"datetime": "2025-08-12 01:17:05", "elapsed": 31904.49589586258, "delta": 31.35969614982605}, "costs": {"total_cost": 1025.0091868715474, "time_cost": 150, "final_distance_cost": 44.06919050204303, "oscillation_cost": 124.22559534867648, "completition_cost": 555.5555555555555, "overshoot_cost": 81.91953319234801, "power_cost": 35.80087462158203, "noise_cost": 33.43843765134233, "n_waypoints_completed": 4, "tot_waypoints": 9}}
{"target": -183.53649260238842, "params": {"k_pid_pos": [1.0031316701085804, 0.024859491386256316, 0.40092638265648595], "k_pid_alt": [1.7297729984189598, 0.0, 0.06527723447865985], "k_pid_att": [54.227890723214855, 5.859554809351448, 0.666719676683535], "k_pid_yaw": [0.5, 1e-06, 0.1], "k_pid_hsp": [0.09847755819799779, 0.011264223901387349, 0.0], "k_pid_vsp": [264.9966777379314, 140.03862743104432, 2.77343605205192]}, "datetime": {"datetime": "2025-08-12 01:17:23", "elapsed": 31922.550267457962, "delta": 18.05437159538269}, "costs": {"total_cost": 183.53649260238842, "time_cost": 70.182, "final_distance_cost": 1.8157228574093423, "oscillation_cost": 25.80330890253672, "completition_cost": 0.0, "overshoot_cost": 50.51887842229217, "power_cost": 14.2017048828125, "noise_cost": 21.01487753733769, "n_waypoints_completed": 9, "tot_waypoints": 9}}
{"target": -233.6992959125499, "params": {"k_pid_pos": [1.0031316701085804, 0.5732451962534887, 0.10919481357840499], "k_pid_alt": [1.7297729984189598, 0.0, 0.8503145185919957], "k_pid_att": [24.0942673894178, 0.18205753750414305, 0.666719676683535], "k_pid_yaw": [0.5, 1e-06, 0.1], "k_pid_hsp": [0.09847755819799779, 0.011264223901387349, 0.0], "k_pid_vsp": [292.94687076665593, 307.0029666248519, 21.011196465382298]}, "datetime": {"datetime": "2025-08-12 01:17:47", "elapsed": 31946.731285572052, "delta": 24.181018114089966}, "costs": {"total_cost": 233.6992959125499, "time_cost": 90.769, "final_distance_cost": 1.7111945841573117, "oscillation_cost": 38.5324871303637, "completition_cost": 0.0, "overshoot_cost": 55.9383730094708, "power_cost": 23.950900659179688, "noise_cost": 22.797340529378364, "n_waypoints_completed": 9, "tot_waypoints": 9}}
{"target": -188.81809063568357, "params": {"k_pid_pos": [0.717243989965503, 0.06327641863522837, 0.40092638265648595], "k_pid_alt": [1.7297729984189598, 0.0, 0.06527723447865985], "k_pid_att": [24.0942673894178, 0.18205753750414305, 0.666719676683535], "k_pid_yaw": [0.5, 1e-06, 0.1], "k_pid_hsp": [0.09847755819799779, 0.011264223901387349, 0.0], "k_pid_vsp": [292.94687076665593, 307.0029666248519, 75.33060670822715]}, "datetime": {"datetime": "2025-08-12 01:18:06", "elapsed": 31965.795619487762, "delta": 19.06433391571045}, "costs": {"total_cost": 188.81809063568357, "time_cost": 73.703, "final_distance_cost": 1.8415925603855552, "oscillation_cost": 23.08482518376459, "completition_cost": 0.0, "overshoot_cost": 52.324997371342505, "power_cost": 18.97170418701172, "noise_cost": 18.89197133317921, "n_waypoints_completed": 9, "tot_waypoints": 9}}
{"target": -189.12711271783138, "params": {"k_pid_pos": [1.8034346552870686, 0.024859491386256316, 0.40092638265648595], "k_pid_alt": [1.7297729984189598, 0.0, 0.06527723447865985], "k_pid_att": [24.0942673894178, 0.18205753750414305, 0.666719676683535], "k_pid_yaw": [0.5, 1e-06, 0.1], "k_pid_hsp": [0.09847755819799779, 0.011264223901387349, 0.0], "k_pid_vsp": [292.94687076665593, 307.0029666248519, 21.011196465382298]}, "datetime": {"datetime": "2025-08-12 01:18:23", "elapsed": 31983.273784399033, "delta": 17.47816491127014}, "costs": {"total_cost": 189.12711271783138, "time_cost": 69.321, "final_distance_cost": 1.757978488779083, "oscillation_cost": 31.139048002039345, "completition_cost": 0.0, "overshoot_cost": 51.098786237897585, "power_cost": 18.071428723144532, "noise_cost": 17.738871265970857, "n_waypoints_completed": 9, "tot_waypoints": 9}}
{"target": -1494.4856148499614, "params": {"k_pid_pos": [1.0031316701085804, 0.024859491386256316, 0.40092638265648595], "k_pid_alt": [1.7297729984189598, 0.0, 0.06527723447865985], "k_pid_att": [37.12179941719916, 9.729901288586815, 0.666719676683535], "k_pid_yaw": [0.5, 1e-06, 0.1], "k_pid_hsp": [0.09847755819799779, 0.16639970095773426, 0.39645726625640054], "k_pid_vsp": [292.94687076665593, 307.0029666248519, 21.011196465382298]}, "datetime": {"datetime": "2025-08-12 01:18:54", "elapsed": 32014.321257591248, "delta": 31.047473192214966}, "costs": {"total_cost": 1494.4856148499614, "time_cost": 150, "final_distance_cost": 43.784830326536245, "oscillation_cost": 599.4867597134622, "completition_cost": 555.5555555555555, "overshoot_cost": 84.43129675168106, "power_cost": 33.94513530273438, "noise_cost": 27.282037199991958, "n_waypoints_completed": 4, "tot_waypoints": 9}}
{"target": -560.3291990526213, "params": {"k_pid_pos": [1.0031316701085804, 0.024859491386256316, 0.40092638265648595], "k_pid_alt": [1.7297729984189598, 0.0, 0.06527723447865985], "k_pid_att": [37.12179941719916, 2.8503329366774977, 0.666719676683535], "k_pid_yaw": [0.5, 1e-06, 0.1], "k_pid_hsp": [0.09847755819799779, 0.6256052011296894, 0.0], "k_pid_vsp": [292.94687076665593, 307.0029666248519, 21.011196465382298]}, "datetime": {"datetime": "2025-08-12 01:19:26", "elapsed": 32045.654633045197, "delta": 31.333375453948975}, "costs": {"total_cost": 560.3291990526213, "time_cost": 150, "final_distance_cost": 4.428629527940998, "oscillation_cost": 143.07513664909098, "completition_cost": 111.11111111111116, "overshoot_cost": 80.86861008616441, "power_cost": 35.4550629272461, "noise_cost": 35.39064875106766, "n_waypoints_completed": 8, "tot_waypoints": 9}}
{"target": -1667.2363732808626, "params": {"k_pid_pos": [1.0031316701085804, 0.024859491386256316, 0.40092638265648595], "k_pid_alt": [1.7297729984189598, 0.0, 0.06527723447865985], "k_pid_att": [37.12179941719916, 0.18205753750414305, 0.666719676683535], "k_pid_yaw": [0.5, 1e-06, 0.1], "k_pid_hsp": [0.09847755819799779, 0.011264223901387349, 0.6790388124067489], "k_pid_vsp": [264.9966777379314, 275.4244891807572, 21.011196465382298]}, "datetime": {"datetime": "2025-08-12 01:19:57", "elapsed": 32077.320930957794, "delta": 31.666297912597656}, "costs": {"total_cost": 1667.2363732808626, "time_cost": 150, "final_distance_cost": 75.60277122105158, "oscillation_cost": 623.9829251960188, "completition_cost": 666.6666666666667, "overshoot_cost": 89.9479324925228, "power_cost": 33.820764660644535, "noise_cost": 27.215313043958297, "n_waypoints_completed": 3, "tot_waypoints": 9}}
{"target": -199.6020100903029, "params": {"k_pid_pos": [1.0031316701085804, 0.024859491386256316, 0.40092638265648595], "k_pid_alt": [1.7297729984189598, 0.0, 0.06527723447865985], "k_pid_att": [37.12179941719916, 2.6298254890628097, 0.3301527476617453], "k_pid_yaw": [0.5, 1e-06, 0.1], "k_pid_hsp": [0.09847755819799779, 0.011264223901387349, 0.006163336151336907], "k_pid_vsp": [264.9966777379314, 307.0029666248519, 21.011196465382298]}, "datetime": {"datetime": "2025-08-12 01:20:16", "elapsed": 32096.06907439232, "delta": 18.748143434524536}, "costs": {"total_cost": 199.6020100903029, "time_cost": 72.499, "final_distance_cost": 1.8207598314263636, "oscillation_cost": 36.42634685821865, "completition_cost": 0.0, "overshoot_cost": 51.02701120710046, "power_cost": 19.128312890625, "noise_cost": 18.70057930293242, "n_waypoints_completed": 9, "tot_waypoints": 9}}
{"target": -399.31166351658953, "params": {"k_pid_pos": [0.2939195268515839, 0.024859491386256316, 0.40092638265648595], "k_pid_alt": [0.33527394673787403, 0.0, 0.06527723447865985], "k_pid_att": [37.12179941719916, 5.859554809351448, 0.666719676683535], "k_pid_yaw": [0.5, 1e-06, 0.1], "k_pid_hsp": [0.09847755819799779, 0.011264223901387349, 0.0], "k_pid_vsp": [264.9966777379314, 307.0029666248519, 29.14258142942486]}, "datetime": {"datetime": "2025-08-12 01:20:46", "elapsed": 32126.04296398163, "delta": 29.973889589309692}, "costs": {"total_cost": 399.31166351658953, "time_cost": 150, "final_distance_cost": 6.064567818282801, "oscillation_cost": 15.1552799927281, "completition_cost": 111.11111111111116, "overshoot_cost": 59.603922874200926, "power_cost": 29.76574958496094, "noise_cost": 27.611032135305624, "n_waypoints_completed": 8, "tot_waypoints": 9}}
{"target": -975.474266958757, "params": {"k_pid_pos": [1.0031316701085804, 0.024859491386256316, 0.5978464708832673], "k_pid_alt": [1.7297729984189598, 0.0, 0.06527723447865985], "k_pid_att": [24.0942673894178, 0.18205753750414305, 0.7049157272764677], "k_pid_yaw": [0.5, 1e-06, 0.1], "k_pid_hsp": [0.09847755819799779, 0.011264223901387349, 0.44244848811851867], "k_pid_vsp": [292.94687076665593, 151.0176688301109, 21.011196465382298]}, "datetime": {"datetime": "2025-08-12 01:21:18", "elapsed": 32158.034358024597, "delta": 31.99139404296875}, "costs": {"total_cost": 975.474266958757, "time_cost": 150, "final_distance_cost": 50.931492664837016, "oscillation_cost": 502.1029471485773, "completition_cost": 111.11111111111116, "overshoot_cost": 97.7441064916303, "power_cost": 31.559293994140628, "noise_cost": 32.02531554846058, "n_waypoints_completed": 8, "tot_waypoints": 9}}
{"target": -195.02160312110377, "params": {"k_pid_pos": [1.1904191683331364, 0.024859491386256316, 0.40092638265648595], "k_pid_alt": [1.7297729984189598, 0.0, 0.9505550730200033], "k_pid_att": [24.0942673894178, 0.18205753750414305, 0.3744289396013216], "k_pid_yaw": [0.5, 1e-06, 0.1], "k_pid_hsp": [1.5822369352293129, 0.011264223901387349, 0.0], "k_pid_vsp": [292.94687076665593, 307.0029666248519, 21.011196465382298]}, "datetime": {"datetime": "2025-08-12 01:21:36", "elapsed": 32176.30597949028, "delta": 18.271621465682983}, "costs": {"total_cost": 195.02160312110377, "time_cost": 71.813, "final_distance_cost": 1.8417975729272098, "oscillation_cost": 34.00088388963974, "completition_cost": 0.0, "overshoot_cost": 50.13446708910611, "power_cost": 18.823433959960937, "noise_cost": 18.40802060946978, "n_waypoints_completed": 9, "tot_waypoints": 9}}
{"target": -1885.6437766074616, "params": {"k_pid_pos": [1.0031316701085804, 0.024859491386256316, 0.40092638265648595], "k_pid_alt": [1.7297729984189598, 0.0, 0.06527723447865985], "k_pid_att": [32.194164172814396, 5.859554809351448, 0.666719676683535], "k_pid_yaw": [0.5, 1e-06, 0.1], "k_pid_hsp": [0.09847755819799779, 0.011264223901387349, 0.4991643292237482], "k_pid_vsp": [292.94687076665593, 307.0029666248519, 21.011196465382298]}, "datetime": {"datetime": "2025-08-12 01:22:08", "elapsed": 32207.436197042465, "delta": 31.13021755218506}, "costs": {"total_cost": 1885.6437766074616, "time_cost": 150, "final_distance_cost": 64.58478533492992, "oscillation_cost": 658.593457876181, "completition_cost": 888.8888888888888, "overshoot_cost": 61.44052446699092, "power_cost": 34.468332543945316, "noise_cost": 27.667787496526035, "n_waypoints_completed": 1, "tot_waypoints": 9}}
{"target": -184.04232005516278, "params": {"k_pid_pos": [1.0031316701085804, 0.024859491386256316, 0.40092638265648595], "k_pid_alt": [1.7297729984189598, 0.0, 0.06527723447865985], "k_pid_att": [24.0942673894178, 0.18205753750414305, 0.666719676683535], "k_pid_yaw": [0.5, 1e-06, 0.1], "k_pid_hsp": [0.09847755819799779, 0.011264223901387349, 0.0], "k_pid_vsp": [264.9966777379314, 307.0029666248519, 21.011196465382298]}, "datetime": {"datetime": "2025-08-12 01:22:26", "elapsed": 32225.62213563919, "delta": 18.185938596725464}, "costs": {"total_cost": 184.04232005516278, "time_cost": 70.056, "final_distance_cost": 1.8333261826543348, "oscillation_cost": 25.993254196918908, "completition_cost": 0.0, "overshoot_cost": 50.6447539909156, "power_cost": 17.92411530761719, "noise_cost": 17.590870377056714, "n_waypoints_completed": 9, "tot_waypoints": 9}}
{"target": -822.5459013252008, "params": {"k_pid_pos": [1.0031316701085804, 0.024859491386256316, 0.40092638265648595], "k_pid_alt": [1.7297729984189598, 0.0, 0.06527723447865985], "k_pid_att": [4.147090465977355, 9.545016992888707, 0.666719676683535], "k_pid_yaw": [0.5, 1e-06, 0.1], "k_pid_hsp": [0.09847755819799779, 0.011264223901387349, 0.8981342811795512], "k_pid_vsp": [264.9966777379314, 307.0029666248519, 21.011196465382298]}, "datetime": {"datetime": "2025-08-12 01:22:57", "elapsed": 32256.73938059807, "delta": 31.117244958877563}, "costs": {"total_cost": 822.5459013252008, "time_cost": 150, "final_distance_cost": 66.56300592221238, "oscillation_cost": 210.31484043799705, "completition_cost": 222.2222222222222, "overshoot_cost": 115.19297156525948, "power_cost": 31.35097030029297, "noise_cost": 26.90189087721678, "n_waypoints_completed": 7, "tot_waypoints": 9}}
{"target": -188.99353244751583, "params": {"k_pid_pos": [1.0031316701085804, 0.10920718465865398, 0.40092638265648595], "k_pid_alt": [1.7297729984189598, 0.0, 0.06527723447865985], "k_pid_att": [59.0149162219073, 8.491440198406547, 0.3297423310025197], "k_pid_yaw": [0.5, 1e-06, 0.1], "k_pid_hsp": [0.09847755819799779, 0.011264223901387349, 0.0], "k_pid_vsp": [117.53724514392157, 376.6167462867098, 21.011196465382298]}, "datetime": {"datetime": "2025-08-12 01:23:16", "elapsed": 32275.383014202118, "delta": 18.643633604049683}, "costs": {"total_cost": 188.99353244751583, "time_cost": 72.275, "final_distance_cost": 1.8222261783629068, "oscillation_cost": 26.981755040174555, "completition_cost": 0.0, "overshoot_cost": 50.97338648032078, "power_cost": 18.64790867919922, "noise_cost": 18.293256069458355, "n_waypoints_completed": 9, "tot_waypoints": 9}}
{"target": -229.31157418669193, "params": {"k_pid_pos": [1.0031316701085804, 0.17241146469623192, 0.40092638265648595], "k_pid_alt": [1.7297729984189598, 0.0, 0.06527723447865985], "k_pid_att": [37.12179941719916, 9.545016992888707, 0.666719676683535], "k_pid_yaw": [0.5, 1e-06, 0.1], "k_pid_hsp": [8.513274332629459, 0.011264223901387349, 0.0], "k_pid_vsp": [264.9966777379314, 10.020897349928273, 21.011196465382298]}, "datetime": {"datetime": "2025-08-12 01:23:35", "elapsed": 32294.379945278168, "delta": 18.996931076049805}, "costs": {"total_cost": 229.31157418669193, "time_cost": 73.21300000000001, "final_distance_cost": 1.8430998294388368, "oscillation_cost": 63.76908610347261, "completition_cost": 0.0, "overshoot_cost": 51.74963417858251, "power_cost": 19.361995361328127, "noise_cost": 19.374758713869817, "n_waypoints_completed": 9, "tot_waypoints": 9}}
{"target": -185.9596073310216, "params": {"k_pid_pos": [1.0031316701085804, 0.024859491386256316, 0.40092638265648595], "k_pid_alt": [1.7297729984189598, 0.028806210149256217, 0.06527723447865985], "k_pid_att": [37.12179941719916, 5.6580295118978245, 0.6036733391519807], "k_pid_yaw": [0.5, 1e-06, 0.1], "k_pid_hsp": [0.09847755819799779, 0.011264223901387349, 0.0], "k_pid_vsp": [387.1470188825909, 307.0029666248519, 21.011196465382298]}, "datetime": {"datetime": "2025-08-12 01:23:52", "elapsed": 32312.023287773132, "delta": 17.6433424949646}, "costs": {"total_cost": 185.9596073310216, "time_cost": 70.868, "final_distance_cost": 1.836649490611746, "oscillation_cost": 25.563193245137242, "completition_cost": 0.0, "overshoot_cost": 51.43712741341284, "power_cost": 18.33148123779297, "noise_cost": 17.923155944066796, "n_waypoints_completed": 9, "tot_waypoints": 9}}
{"target": -275.3946318851942, "params": {"k_pid_pos": [1.0031316701085804, 0.9080648804961846, 0.40092638265648595], "k_pid_alt": [1.7297729984189598, 0.0, 0.06527723447865985], "k_pid_att": [24.0942673894178, 0.18205753750414305, 0.5627915745015433], "k_pid_yaw": [0.5, 1e-06, 0.1], "k_pid_hsp": [0.09847755819799779, 0.011264223901387349, 0.0], "k_pid_vsp": [264.9966777379314, 307.0029666248519, 29.14258142942486]}, "datetime": {"datetime": "2025-08-12 01:24:21", "elapsed": 32340.874334335327, "delta": 28.851046562194824}, "costs": {"total_cost": 275.3946318851942, "time_cost": 111.104, "final_distance_cost": 1.7345695293321222, "oscillation_cost": 48.514017150053675, "completition_cost": 0.0, "overshoot_cost": 56.23620517749697, "power_cost": 29.404402294921876, "noise_cost": 28.40143773338956, "n_waypoints_completed": 9, "tot_waypoints": 9}}
{"target": -194.293488129806, "params": {"k_pid_pos": [1.0031316701085804, 0.024859491386256316, 0.40092638265648595], "k_pid_alt": [1.9294269632989844, 0.0, 0.06527723447865985], "k_pid_att": [37.12179941719916, 2.6298254890628097, 0.3301527476617453], "k_pid_yaw": [0.5, 1e-06, 0.1], "k_pid_hsp": [0.09847755819799779, 0.041997352724737036, 0.0], "k_pid_vsp": [292.94687076665593, 44.88092472225945, 21.011196465382298]}, "datetime": {"datetime": "2025-08-12 01:24:40", "elapsed": 32360.073745250702, "delta": 19.199410915374756}, "costs": {"total_cost": 194.293488129806, "time_cost": 72.562, "final_distance_cost": 1.8534626948692674, "oscillation_cost": 30.611366432828916, "completition_cost": 0.0, "overshoot_cost": 51.301714757063976, "power_cost": 18.87992783203125, "noise_cost": 19.085016413012582, "n_waypoints_completed": 9, "tot_waypoints": 9}}
{"target": -184.19029373761404, "params": {"k_pid_pos": [1.0031316701085804, 0.024859491386256316, 0.40092638265648595], "k_pid_alt": [1.7297729984189598, 0.0, 0.06527723447865985], "k_pid_att": [32.194164172814396, 5.859554809351448, 0.666719676683535], "k_pid_yaw": [0.5, 1e-06, 0.1], "k_pid_hsp": [0.09847755819799779, 0.011264223901387349, 0.0], "k_pid_vsp": [264.9966777379314, 307.0029666248519, 21.011196465382298]}, "datetime": {"datetime": "2025-08-12 01:24:58", "elapsed": 32377.968327522278, "delta": 17.894582271575928}, "costs": {"total_cost": 184.19029373761404, "time_cost": 70.056, "final_distance_cost": 1.8323144234161957, "oscillation_cost": 26.042678500877987, "completition_cost": 0.0, "overshoot_cost": 50.3864932813518, "power_cost": 18.132564562988282, "noise_cost": 17.740242968979796, "n_waypoints_completed": 9, "tot_waypoints": 9}}
{"target": -183.53649260238842, "params": {"k_pid_pos": [1.0031316701085804, 0.024859491386256316, 0.40092638265648595], "k_pid_alt": [1.7297729984189598, 0.0, 0.06527723447865985], "k_pid_att": [54.227890723214855, 5.859554809351448, 0.666719676683535], "k_pid_yaw": [0.5, 1e-06, 0.1], "k_pid_hsp": [0.09847755819799779, 0.011264223901387349, 0.0], "k_pid_vsp": [264.9966777379314, 140.03862743104432, 2.77343605205192]}, "datetime": {"datetime": "2025-08-12 01:25:17", "elapsed": 32396.811028957367, "delta": 18.84270143508911}, "costs": {"total_cost": 183.53649260238842, "time_cost": 70.182, "final_distance_cost": 1.8157228574093423, "oscillation_cost": 25.80330890253672, "completition_cost": 0.0, "overshoot_cost": 50.51887842229217, "power_cost": 14.2017048828125, "noise_cost": 21.01487753733769, "n_waypoints_completed": 9, "tot_waypoints": 9}}
{"target": -183.64001715417484, "params": {"k_pid_pos": [1.0031316701085804, 0.024859491386256316, 0.40092638265648595], "k_pid_alt": [1.7297729984189598, 0.0, 0.06527723447865985], "k_pid_att": [37.12179941719916, 2.8503329366774977, 0.666719676683535], "k_pid_yaw": [0.5, 1e-06, 0.1], "k_pid_hsp": [0.09847755819799779, 0.011264223901387349, 0.0], "k_pid_vsp": [264.9966777379314, 307.0029666248519, 21.011196465382298]}, "datetime": {"datetime": "2025-08-12 01:25:35", "elapsed": 32414.898794174194, "delta": 18.087765216827393}, "costs": {"total_cost": 183.64001715417484, "time_cost": 70.077, "final_distance_cost": 1.8282288821562778, "oscillation_cost": 25.90473801137338, "completition_cost": 0.0, "overshoot_cost": 50.224048772488736, "power_cost": 17.955333911132815, "noise_cost": 17.65066757702363, "n_waypoints_completed": 9, "tot_waypoints": 9}}
{"target": -183.70064920755323, "params": {"k_pid_pos": [1.0031316701085804, 0.024859491386256316, 0.40092638265648595], "k_pid_alt": [1.7297729984189598, 0.0, 0.06527723447865985], "k_pid_att": [37.12179941719916, 5.859554809351448, 0.666719676683535], "k_pid_yaw": [0.5, 1e-06, 0.1], "k_pid_hsp": [0.09847755819799779, 0.011264223901387349, 0.0], "k_pid_vsp": [264.9966777379314, 307.0029666248519, 21.011196465382298]}, "datetime": {"datetime": "2025-08-12 01:25:53", "elapsed": 32432.878487348557, "delta": 17.979693174362183}, "costs": {"total_cost": 183.70064920755323, "time_cost": 70.063, "final_distance_cost": 1.8269137125583466, "oscillation_cost": 25.990425061704375, "completition_cost": 0.0, "overshoot_cost": 50.38963089585039, "power_cost": 17.882403076171876, "noise_cost": 17.54827646126825, "n_waypoints_completed": 9, "tot_waypoints": 9}}
