{"target": -232.48563102359168, "params": {"k_pid_pos": [1.3885554450422086, 0.26056931642547587, 0.44963268842268056], "k_pid_alt": [1.2679502233621702, 0.9664762406883838, 0.06527723447865985], "k_pid_att": [43.948176657889235, 3.8677381495188174, 0.7771527494070096], "k_pid_yaw": [0.5, 1e-06, 0.1], "k_pid_hsp": [0.09847755819799779, 0.011264223901387349, 0.0], "k_pid_vsp": [333.29801552052976, 55.3482780190707, 10.0]}, "datetime": {"datetime": "2025-08-11 18:39:02", "elapsed": 8021.570586919785, "delta": 23.64606022834778}, "costs": {"total_cost": 232.48563102359168, "time_cost": 94.682, "final_distance_cost": 1.7721933234627145, "oscillation_cost": 32.8962437739954, "completition_cost": 0.0, "overshoot_cost": 56.84466319133195, "power_cost": 23.67917242431641, "noise_cost": 22.611358310485194, "n_waypoints_completed": 9, "tot_waypoints": 9}}
{"target": -191.61522418535108, "params": {"k_pid_pos": [1.849624377781123, 0.024859491386256316, 0.44963268842268056], "k_pid_alt": [1.515427128667956, 0.0, 0.18431000208985737], "k_pid_att": [17.813414374173632, 3.8677381495188174, 0.1845336041603497], "k_pid_yaw": [0.5, 1e-06, 0.1], "k_pid_hsp": [0.09847755819799779, 0.011264223901387349, 0.0], "k_pid_vsp": [175.8349501205355, 20.0, 10.0]}, "datetime": {"datetime": "2025-08-11 18:39:19", "elapsed": 8039.102266073227, "delta": 17.531679153442383}, "costs": {"total_cost": 191.61522418535108, "time_cost": 70.518, "final_distance_cost": 1.8043068173062784, "oscillation_cost": 31.240627000896737, "completition_cost": 0.0, "overshoot_cost": 51.89968802487329, "power_cost": 17.99729725341797, "noise_cost": 18.155305088856817, "n_waypoints_completed": 9, "tot_waypoints": 9}}
{"target": -190.7579397446645, "params": {"k_pid_pos": [1.8624793477566346, 0.04925411992759399, 0.964013702359797], "k_pid_alt": [1.515427128667956, 0.0, 0.9924587097750137], "k_pid_att": [39.447728079683905, 3.6888469195366334, 0.1845336041603497], "k_pid_yaw": [0.5, 1e-06, 0.1], "k_pid_hsp": [0.09847755819799779, 0.011264223901387349, 0.0], "k_pid_vsp": [194.7624155113164, 307.0029666248519, 10.0]}, "datetime": {"datetime": "2025-08-11 18:39:37", "elapsed": 8056.860995769501, "delta": 17.758729696273804}, "costs": {"total_cost": 190.7579397446645, "time_cost": 71.70100000000001, "final_distance_cost": 1.8165962218202498, "oscillation_cost": 29.682858543760176, "completition_cost": 0.0, "overshoot_cost": 50.94408156800106, "power_cost": 18.532440173339843, "noise_cost": 18.080963237743156, "n_waypoints_completed": 9, "tot_waypoints": 9}}
{"target": -2024.3581039309183, "params": {"k_pid_pos": [1.3885554450422086, 0.024859491386256316, 0.44963268842268056], "k_pid_alt": [1.2679502233621702, 0.2641916632353021, 0.6674289755844626], "k_pid_att": [58.989274729095186, 3.8677381495188174, 0.1845336041603497], "k_pid_yaw": [0.5, 1e-06, 0.1], "k_pid_hsp": [0.09847755819799779, 0.011264223901387349, 0.43022652634600356], "k_pid_vsp": [194.7624155113164, 20.0, 267.22239460664355]}, "datetime": {"datetime": "2025-08-11 18:40:07", "elapsed": 8086.801676034927, "delta": 29.940680265426636}, "costs": {"total_cost": 2024.3581039309183, "time_cost": 150, "final_distance_cost": 91.95689471340881, "oscillation_cost": 846.3693822690467, "completition_cost": 777.7777777777778, "overshoot_cost": 94.4154338600322, "power_cost": 35.113484655761724, "noise_cost": 28.725130654890982, "n_waypoints_completed": 2, "tot_waypoints": 9}}
{"target": -187.14825592424532, "params": {"k_pid_pos": [1.3885554450422086, 0.024859491386256316, 0.44963268842268056], "k_pid_alt": [1.2679502233621702, 0.0, 0.06527723447865985], "k_pid_att": [58.989274729095186, 3.8677381495188174, 0.5354455210588809], "k_pid_yaw": [0.5, 1e-06, 0.1], "k_pid_hsp": [0.09847755819799779, 0.011264223901387349, 0.0], "k_pid_vsp": [194.7624155113164, 307.0029666248519, 10.0]}, "datetime": {"datetime": "2025-08-11 18:40:24", "elapsed": 8104.285676002502, "delta": 17.483999967575073}, "costs": {"total_cost": 187.14825592424532, "time_cost": 69.804, "final_distance_cost": 1.8251324626681669, "oscillation_cost": 29.073344325843397, "completition_cost": 0.0, "overshoot_cost": 50.92588169562159, "power_cost": 17.86419597167969, "noise_cost": 17.65570146843249, "n_waypoints_completed": 9, "tot_waypoints": 9}}
{"target": -187.3411338565907, "params": {"k_pid_pos": [1.3885554450422086, 0.024859491386256316, 0.44963268842268056], "k_pid_alt": [1.2679502233621702, 0.0, 0.06527723447865985], "k_pid_att": [43.948176657889235, 3.7802132718527557, 0.1845336041603497], "k_pid_yaw": [0.5, 1e-06, 0.1], "k_pid_hsp": [0.09847755819799779, 0.011264223901387349, 0.0], "k_pid_vsp": [194.7624155113164, 307.0029666248519, 10.0]}, "datetime": {"datetime": "2025-08-11 18:40:42", "elapsed": 8121.84422826767, "delta": 17.558552265167236}, "costs": {"total_cost": 187.3411338565907, "time_cost": 69.762, "final_distance_cost": 1.8032261598107466, "oscillation_cost": 29.32744313988297, "completition_cost": 0.0, "overshoot_cost": 50.86257589474818, "power_cost": 17.868959423828127, "noise_cost": 17.71692923832066, "n_waypoints_completed": 9, "tot_waypoints": 9}}
{"target": -186.89369979681183, "params": {"k_pid_pos": [1.4340672435785011, 0.024859491386256316, 0.44963268842268056], "k_pid_alt": [1.296896341175293, 0.0, 0.4986678334288609], "k_pid_att": [39.447728079683905, 3.8677381495188174, 0.1845336041603497], "k_pid_yaw": [0.5, 1e-06, 0.1], "k_pid_hsp": [0.09847755819799779, 0.011264223901387349, 0.0], "k_pid_vsp": [250.4409247236842, 336.89689932622207, 62.564861685850005]}, "datetime": {"datetime": "2025-08-11 18:41:00", "elapsed": 8139.685418367386, "delta": 17.841190099716187}, "costs": {"total_cost": 186.89369979681183, "time_cost": 70.441, "final_distance_cost": 1.8254346079585335, "oscillation_cost": 28.602162674098786, "completition_cost": 0.0, "overshoot_cost": 50.5018746790701, "power_cost": 18.398526147460938, "noise_cost": 17.124701688223485, "n_waypoints_completed": 9, "tot_waypoints": 9}}
{"target": -186.36817385963496, "params": {"k_pid_pos": [1.3885554450422086, 0.024859491386256316, 0.44963268842268056], "k_pid_alt": [1.2679502233621702, 0.0, 0.06527723447865985], "k_pid_att": [43.948176657889235, 3.8677381495188174, 0.1845336041603497], "k_pid_yaw": [0.5, 1e-06, 0.1], "k_pid_hsp": [0.09847755819799779, 0.011264223901387349, 0.0], "k_pid_vsp": [194.7624155113164, 139.20520652041523, 10.0]}, "datetime": {"datetime": "2025-08-11 18:41:17", "elapsed": 8157.159824848175, "delta": 17.474406480789185}, "costs": {"total_cost": 186.36817385963496, "time_cost": 69.818, "final_distance_cost": 1.7937207483441209, "oscillation_cost": 28.740771047023404, "completition_cost": 0.0, "overshoot_cost": 50.574698131443384, "power_cost": 17.269026684570314, "noise_cost": 18.171957248253726, "n_waypoints_completed": 9, "tot_waypoints": 9}}
{"target": -186.78886942391438, "params": {"k_pid_pos": [1.3885554450422086, 0.03988560271314401, 0.44963268842268056], "k_pid_alt": [1.2679502233621702, 0.0, 0.06527723447865985], "k_pid_att": [58.989274729095186, 3.8677381495188174, 0.8739915892735461], "k_pid_yaw": [0.5, 1e-06, 0.1], "k_pid_hsp": [0.09847755819799779, 0.011264223901387349, 0.0], "k_pid_vsp": [194.7624155113164, 307.0029666248519, 10.0]}, "datetime": {"datetime": "2025-08-11 18:41:35", "elapsed": 8174.914881944656, "delta": 17.755057096481323}, "costs": {"total_cost": 186.78886942391438, "time_cost": 69.79, "final_distance_cost": 1.7926552177021724, "oscillation_cost": 28.846282967129333, "completition_cost": 0.0, "overshoot_cost": 50.838630630650535, "power_cost": 17.890349560546877, "noise_cost": 17.630951047885485, "n_waypoints_completed": 9, "tot_waypoints": 9}}
{"target": -186.89369979681183, "params": {"k_pid_pos": [1.4340672435785011, 0.024859491386256316, 0.44963268842268056], "k_pid_alt": [1.296896341175293, 0.0, 0.4986678334288609], "k_pid_att": [39.447728079683905, 3.8677381495188174, 0.1845336041603497], "k_pid_yaw": [0.5, 1e-06, 0.1], "k_pid_hsp": [0.09847755819799779, 0.011264223901387349, 0.0], "k_pid_vsp": [250.4409247236842, 336.89689932622207, 62.564861685850005]}, "datetime": {"datetime": "2025-08-11 18:41:52", "elapsed": 8192.09311914444, "delta": 17.178237199783325}, "costs": {"total_cost": 186.89369979681183, "time_cost": 70.441, "final_distance_cost": 1.8254346079585335, "oscillation_cost": 28.602162674098786, "completition_cost": 0.0, "overshoot_cost": 50.5018746790701, "power_cost": 18.398526147460938, "noise_cost": 17.124701688223485, "n_waypoints_completed": 9, "tot_waypoints": 9}}
{"target": -189.75795011321355, "params": {"k_pid_pos": [1.647366612200146, 0.06328363340203702, 0.44963268842268056], "k_pid_alt": [1.2679502233621702, 0.0, 0.06527723447865985], "k_pid_att": [58.989274729095186, 6.16091081068753, 0.1845336041603497], "k_pid_yaw": [0.5, 1e-06, 0.1], "k_pid_hsp": [0.09847755819799779, 0.011264223901387349, 0.0], "k_pid_vsp": [397.63618790684643, 307.0029666248519, 10.0]}, "datetime": {"datetime": "2025-08-11 18:42:09", "elapsed": 8209.262097358704, "delta": 17.168978214263916}, "costs": {"total_cost": 189.75795011321355, "time_cost": 69.916, "final_distance_cost": 1.7760134560945895, "oscillation_cost": 31.21513048724195, "completition_cost": 0.0, "overshoot_cost": 50.82931089564389, "power_cost": 18.119826354980468, "noise_cost": 17.901668919252685, "n_waypoints_completed": 9, "tot_waypoints": 9}}
{"target": -222.62463397999667, "params": {"k_pid_pos": [1.3885554450422086, 0.024859491386256316, 0.44963268842268056], "k_pid_alt": [1.2679502233621702, 0.7792531125598329, 0.06527723447865985], "k_pid_att": [43.948176657889235, 3.7802132718527557, 0.1845336041603497], "k_pid_yaw": [0.5, 1e-06, 0.1], "k_pid_hsp": [2.6616915674582815, 0.011264223901387349, 0.0], "k_pid_vsp": [194.7624155113164, 307.0029666248519, 10.0]}, "datetime": {"datetime": "2025-08-11 18:42:29", "elapsed": 8228.500667572021, "delta": 19.23857021331787}, "costs": {"total_cost": 222.62463397999667, "time_cost": 78.022, "final_distance_cost": 1.797631674389801, "oscillation_cost": 51.53770028875468, "completition_cost": 0.0, "overshoot_cost": 52.02908991878792, "power_cost": 20.024730480957032, "noise_cost": 19.21348161710724, "n_waypoints_completed": 9, "tot_waypoints": 9}}
{"target": -211.23159000617923, "params": {"k_pid_pos": [1.3885554450422086, 0.024859491386256316, 0.44963268842268056], "k_pid_alt": [1.2679502233621702, 0.0, 0.06527723447865985], "k_pid_att": [43.948176657889235, 3.8677381495188174, 0.1845336041603497], "k_pid_yaw": [0.5, 1e-06, 0.1], "k_pid_hsp": [0.09847755819799779, 0.011264223901387349, 0.0], "k_pid_vsp": [5.13849942235769, 307.0029666248519, 10.0]}, "datetime": {"datetime": "2025-08-11 18:42:48", "elapsed": 8248.375357151031, "delta": 19.87468957901001}, "costs": {"total_cost": 211.23159000617923, "time_cost": 79.877, "final_distance_cost": 1.8303126061778794, "oscillation_cost": 38.95363696891464, "completition_cost": 0.0, "overshoot_cost": 50.82243336961928, "power_cost": 20.96283243408203, "noise_cost": 18.78537462738542, "n_waypoints_completed": 9, "tot_waypoints": 9}}
{"target": -188.78445689782205, "params": {"k_pid_pos": [1.3885554450422086, 0.024859491386256316, 0.44963268842268056], "k_pid_alt": [1.7123163249843363, 0.0, 0.5727041359331937], "k_pid_att": [9.576185185983421, 3.8677381495188174, 0.3366070335655168], "k_pid_yaw": [0.5, 1e-06, 0.1], "k_pid_hsp": [0.09847755819799779, 0.011264223901387349, 0.0], "k_pid_vsp": [46.59224637328396, 221.6078012742647, 10.0]}, "datetime": {"datetime": "2025-08-11 18:43:06", "elapsed": 8265.615748405457, "delta": 17.24039125442505}, "costs": {"total_cost": 188.78445689782205, "time_cost": 69.811, "final_distance_cost": 1.819972736349847, "oscillation_cost": 31.239477187317622, "completition_cost": 0.0, "overshoot_cost": 50.49830129635241, "power_cost": 17.843297070312502, "noise_cost": 17.57240860748969, "n_waypoints_completed": 9, "tot_waypoints": 9}}
{"target": -188.24741879162244, "params": {"k_pid_pos": [1.4340672435785011, 0.04925411992759399, 0.44963268842268056], "k_pid_alt": [1.2679502233621702, 0.0, 0.06527723447865985], "k_pid_att": [58.989274729095186, 3.8677381495188174, 0.1845336041603497], "k_pid_yaw": [0.5, 1e-06, 0.1], "k_pid_hsp": [0.09847755819799779, 0.011264223901387349, 0.0], "k_pid_vsp": [153.0622015256548, 307.0029666248519, 10.0]}, "datetime": {"datetime": "2025-08-11 18:43:23", "elapsed": 8283.019959688187, "delta": 17.404211282730103}, "costs": {"total_cost": 188.24741879162244, "time_cost": 69.818, "final_distance_cost": 1.815999418450563, "oscillation_cost": 30.471759468510157, "completition_cost": 0.0, "overshoot_cost": 50.767380551541144, "power_cost": 17.287470874023438, "noise_cost": 18.08680847909717, "n_waypoints_completed": 9, "tot_waypoints": 9}}
{"target": -425.9439208841794, "params": {"k_pid_pos": [1.8624793477566346, 0.024859491386256316, 0.44963268842268056], "k_pid_alt": [1.296896341175293, 0.0, 0.05594087397445002], "k_pid_att": [39.447728079683905, 3.8677381495188174, 0.1845336041603497], "k_pid_yaw": [0.5, 1e-06, 0.1], "k_pid_hsp": [3.178468553338115, 0.011264223901387349, 0.5348019131804018], "k_pid_vsp": [250.4409247236842, 336.89689932622207, 62.564861685850005]}, "datetime": {"datetime": "2025-08-11 18:43:40", "elapsed": 8299.843164682388, "delta": 16.82320499420166}, "costs": {"total_cost": 425.9439208841794, "time_cost": 69.125, "final_distance_cost": 1.7867259945615568, "oscillation_cost": 265.9341856685872, "completition_cost": 0.0, "overshoot_cost": 50.4862526416332, "power_cost": 20.6687673828125, "noise_cost": 17.942989196584932, "n_waypoints_completed": 9, "tot_waypoints": 9}}
{"target": -709.5934116586614, "params": {"k_pid_pos": [1.4340672435785011, 0.04925411992759399, 0.3736141384595716], "k_pid_alt": [1.515427128667956, 0.0, 0.6401712481082494], "k_pid_att": [71.08876827294898, 0.0032441649989051976, 0.1845336041603497], "k_pid_yaw": [0.5, 1e-06, 0.1], "k_pid_hsp": [0.09847755819799779, 0.011264223901387349, 0.0], "k_pid_vsp": [194.7624155113164, 307.0029666248519, 177.16353308542304]}, "datetime": {"datetime": "2025-08-11 18:44:10", "elapsed": 8329.539181470871, "delta": 29.696016788482666}, "costs": {"total_cost": 709.5934116586614, "time_cost": 150, "final_distance_cost": 67.03825475247577, "oscillation_cost": 28.657877515268645, "completition_cost": 333.33333333333337, "overshoot_cost": 73.64810401121913, "power_cost": 30.23517779541016, "noise_cost": 26.6806642509541, "n_waypoints_completed": 6, "tot_waypoints": 9}}
{"target": -1363.8999594813308, "params": {"k_pid_pos": [1.4340672435785011, 0.024859491386256316, 0.4512805015659471], "k_pid_alt": [0.00789192005438899, 0.0, 0.251263550706466], "k_pid_att": [82.07793770411665, 5.9521973635976435, 0.1845336041603497], "k_pid_yaw": [0.5, 1e-06, 0.1], "k_pid_hsp": [0.09847755819799779, 0.011264223901387349, 0.0], "k_pid_vsp": [258.4046895883358, 20.0, 10.0]}, "datetime": {"datetime": "2025-08-11 18:44:39", "elapsed": 8359.246449947357, "delta": 29.707268476486206}, "costs": {"total_cost": 1363.8999594813308, "time_cost": 150, "final_distance_cost": 23.233931249602893, "oscillation_cost": 10.046832375004344, "completition_cost": 1000.0, "overshoot_cost": 118.32787514197526, "power_cost": 29.33181647949219, "noise_cost": 32.95950423525614, "n_waypoints_completed": 0, "tot_waypoints": 9}}
{"target": -189.169104855275, "params": {"k_pid_pos": [1.4340672435785011, 0.024859491386256316, 0.44963268842268056], "k_pid_alt": [1.296896341175293, 0.0, 0.4986678334288609], "k_pid_att": [52.781640202125004, 3.8677381495188174, 0.1845336041603497], "k_pid_yaw": [0.5, 1e-06, 0.1], "k_pid_hsp": [0.09847755819799779, 0.011264223901387349, 0.0], "k_pid_vsp": [194.7624155113164, 307.0029666248519, 10.0]}, "datetime": {"datetime": "2025-08-11 18:44:57", "elapsed": 8376.539358615875, "delta": 17.292908668518066}, "costs": {"total_cost": 189.169104855275, "time_cost": 70.987, "final_distance_cost": 1.7997082293524356, "oscillation_cost": 29.890804052450115, "completition_cost": 0.0, "overshoot_cost": 50.61890747172777, "power_cost": 17.37098465576172, "noise_cost": 18.501700445982976, "n_waypoints_completed": 9, "tot_waypoints": 9}}
{"target": -202.56823694537363, "params": {"k_pid_pos": [1.8624793477566346, 0.04925411992759399, 0.44963268842268056], "k_pid_alt": [1.2679502233621702, 0.41559419760170657, 0.06527723447865985], "k_pid_att": [39.447728079683905, 3.8677381495188174, 0.1845336041603497], "k_pid_yaw": [0.5, 1e-06, 0.1], "k_pid_hsp": [0.09847755819799779, 0.011264223901387349, 0.0], "k_pid_vsp": [250.4409247236842, 336.89689932622207, 62.564861685850005]}, "datetime": {"datetime": "2025-08-11 18:45:16", "elapsed": 8395.740160942078, "delta": 19.200802326202393}, "costs": {"total_cost": 202.56823694537363, "time_cost": 77.0, "final_distance_cost": 1.749093059180136, "oscillation_cost": 32.562751102995804, "completition_cost": 0.0, "overshoot_cost": 52.511836135438635, "power_cost": 19.925190966796876, "noise_cost": 18.81936568096219, "n_waypoints_completed": 9, "tot_waypoints": 9}}
{"target": -188.77567419004197, "params": {"k_pid_pos": [1.4999912498542303, 0.024859491386256316, 0.44963268842268056], "k_pid_alt": [1.2679502233621702, 0.0, 0.06527723447865985], "k_pid_att": [58.989274729095186, 3.8677381495188174, 0.1845336041603497], "k_pid_yaw": [0.5, 1e-06, 0.1], "k_pid_hsp": [0.09847755819799779, 0.011264223901387349, 0.0], "k_pid_vsp": [194.7624155113164, 307.0029666248519, 10.0]}, "datetime": {"datetime": "2025-08-11 18:45:33", "elapsed": 8412.985132217407, "delta": 17.24497127532959}, "costs": {"total_cost": 188.77567419004197, "time_cost": 69.734, "final_distance_cost": 1.822369020002099, "oscillation_cost": 30.61488759298726, "completition_cost": 0.0, "overshoot_cost": 50.99856574405564, "power_cost": 17.49077725830078, "noise_cost": 18.115074574696173, "n_waypoints_completed": 9, "tot_waypoints": 9}}
{"target": -199.37955559841845, "params": {"k_pid_pos": [1.3885554450422086, 0.024859491386256316, 0.44963268842268056], "k_pid_alt": [1.2679502233621702, 0.0, 0.06527723447865985], "k_pid_att": [58.989274729095186, 3.8677381495188174, 0.5354455210588809], "k_pid_yaw": [0.5, 1e-06, 0.1], "k_pid_hsp": [4.207535873435454, 0.011264223901387349, 0.0], "k_pid_vsp": [194.7624155113164, 307.0029666248519, 10.0]}, "datetime": {"datetime": "2025-08-11 18:45:50", "elapsed": 8429.92601776123, "delta": 16.940885543823242}, "costs": {"total_cost": 199.37955559841845, "time_cost": 69.874, "final_distance_cost": 1.8478851824023068, "oscillation_cost": 40.69655702959553, "completition_cost": 0.0, "overshoot_cost": 50.39849827979592, "power_cost": 18.201447314453127, "noise_cost": 18.36116779217155, "n_waypoints_completed": 9, "tot_waypoints": 9}}
{"target": -187.20341953608641, "params": {"k_pid_pos": [1.3885554450422086, 0.024859491386256316, 0.44963268842268056], "k_pid_alt": [1.2679502233621702, 0.0, 0.18431000208985737], "k_pid_att": [17.813414374173632, 3.8677381495188174, 0.3366070335655168], "k_pid_yaw": [0.5, 1e-06, 0.1], "k_pid_hsp": [0.09847755819799779, 0.011264223901387349, 0.0], "k_pid_vsp": [194.7624155113164, 221.6078012742647, 10.0]}, "datetime": {"datetime": "2025-08-11 18:46:08", "elapsed": 8447.469447135925, "delta": 17.543429374694824}, "costs": {"total_cost": 187.20341953608641, "time_cost": 70.0, "final_distance_cost": 1.8029743588701572, "oscillation_cost": 29.084117021512032, "completition_cost": 0.0, "overshoot_cost": 50.37260909415488, "power_cost": 18.095234570312503, "noise_cost": 17.84848449123687, "n_waypoints_completed": 9, "tot_waypoints": 9}}
{"target": -204.74535866043433, "params": {"k_pid_pos": [1.4088876241968016, 0.35023019656788623, 0.44963268842268056], "k_pid_alt": [1.602152265215685, 0.02807001191395697, 0.06527723447865985], "k_pid_att": [43.948176657889235, 3.8677381495188174, 0.03538954236297853], "k_pid_yaw": [0.5, 1e-06, 0.1], "k_pid_hsp": [0.09847755819799779, 0.011264223901387349, 0.0], "k_pid_vsp": [194.7624155113164, 307.90158201594176, 10.0]}, "datetime": {"datetime": "2025-08-11 18:46:27", "elapsed": 8466.720373630524, "delta": 19.25092649459839}, "costs": {"total_cost": 204.74535866043433, "time_cost": 77.637, "final_distance_cost": 1.776036979756996, "oscillation_cost": 33.162441815985474, "completition_cost": 0.0, "overshoot_cost": 52.58157771605695, "power_cost": 19.972237060546878, "noise_cost": 19.61606508808803, "n_waypoints_completed": 9, "tot_waypoints": 9}}
{"target": -186.85534477510168, "params": {"k_pid_pos": [1.3885554450422086, 0.024859491386256316, 0.44963268842268056], "k_pid_alt": [1.2679502233621702, 0.0, 0.06527723447865985], "k_pid_att": [43.948176657889235, 3.7802132718527557, 0.1845336041603497], "k_pid_yaw": [0.5, 1e-06, 0.1], "k_pid_hsp": [0.09847755819799779, 0.011264223901387349, 0.0], "k_pid_vsp": [250.4409247236842, 336.89689932622207, 62.564861685850005]}, "datetime": {"datetime": "2025-08-11 18:46:44", "elapsed": 8483.523392677307, "delta": 16.803019046783447}, "costs": {"total_cost": 186.85534477510168, "time_cost": 70.035, "final_distance_cost": 1.8210717274714319, "oscillation_cost": 28.289540564098726, "completition_cost": 0.0, "overshoot_cost": 50.960569431184474, "power_cost": 18.260306762695315, "noise_cost": 17.488856289651746, "n_waypoints_completed": 9, "tot_waypoints": 9}}
