{"target": -1355.657763404111, "params": {"k_pid_pos": [1.0031316701085804, 0.024859491386256316, 0.40092638265648595], "k_pid_alt": [1.7297729984189598, 0.0, 0.06527723447865985], "k_pid_att": [54.227890723214855, 1.1166001057131414, 0.666719676683535], "k_pid_yaw": [0.5, 1e-06, 0.1], "k_pid_hsp": [0.09847755819799779, 0.011264223901387349, 0.10554699285847102], "k_pid_vsp": [264.9966777379314, 140.03862743104432, 2.77343605205192]}, "datetime": {"datetime": "2025-08-12 03:32:28", "elapsed": 40027.57089853287, "delta": 32.083719968795776}, "costs": {"total_cost": 1355.657763404111, "time_cost": 150, "final_distance_cost": 70.53511694757154, "oscillation_cost": 763.8894546544838, "completition_cost": 222.2222222222222, "overshoot_cost": 86.09619182584146, "power_cost": 33.100111157226564, "noise_cost": 29.814666596765313, "n_waypoints_completed": 7, "tot_waypoints": 9}}
{"target": -298.22592067853424, "params": {"k_pid_pos": [1.0031316701085804, 0.024859491386256316, 0.40092638265648595], "k_pid_alt": [1.7297729984189598, 0.0, 0.06527723447865985], "k_pid_att": [54.227890723214855, 1.1166001057131414, 0.666719676683535], "k_pid_yaw": [0.5, 1e-06, 0.1], "k_pid_hsp": [0.09847755819799779, 0.3511398194272549, 0.0], "k_pid_vsp": [264.9966777379314, 140.03862743104432, 2.77343605205192]}, "datetime": {"datetime": "2025-08-12 03:32:51", "elapsed": 40051.03022861481, "delta": 23.459330081939697}, "costs": {"total_cost": 298.22592067853424, "time_cost": 87.171, "final_distance_cost": 1.838462419950879, "oscillation_cost": 101.41569392550345, "completition_cost": 0.0, "overshoot_cost": 56.82284287146662, "power_cost": 22.843054370117187, "noise_cost": 28.13486709149611, "n_waypoints_completed": 9, "tot_waypoints": 9}}
{"target": -183.37223372215468, "params": {"k_pid_pos": [1.0031316701085804, 0.024859491386256316, 0.40092638265648595], "k_pid_alt": [1.7297729984189598, 0.0, 0.06527723447865985], "k_pid_att": [37.12179941719916, 1.9360914828558924, 0.666719676683535], "k_pid_yaw": [0.5, 1e-06, 0.1], "k_pid_hsp": [0.09847755819799779, 0.011264223901387349, 0.0], "k_pid_vsp": [264.9966777379314, 140.03862743104432, 2.77343605205192]}, "datetime": {"datetime": "2025-08-12 03:33:09", "elapsed": 40068.94037127495, "delta": 17.91014266014099}, "costs": {"total_cost": 183.37223372215468, "time_cost": 70.133, "final_distance_cost": 1.8156517820988298, "oscillation_cost": 25.573876356731372, "completition_cost": 0.0, "overshoot_cost": 50.74693462552331, "power_cost": 14.186826428222657, "noise_cost": 20.915944529578535, "n_waypoints_completed": 9, "tot_waypoints": 9}}
{"target": -183.57947518607438, "params": {"k_pid_pos": [1.0031316701085804, 0.024859491386256316, 0.40092638265648595], "k_pid_alt": [1.7297729984189598, 0.0, 0.06527723447865985], "k_pid_att": [54.227890723214855, 1.1166001057131414, 0.666719676683535], "k_pid_yaw": [0.5, 1e-06, 0.1], "k_pid_hsp": [0.09847755819799779, 0.011264223901387349, 0.0], "k_pid_vsp": [305.67975269326223, 140.03862743104432, 2.77343605205192]}, "datetime": {"datetime": "2025-08-12 03:33:28", "elapsed": 40088.31613135338, "delta": 19.375760078430176}, "costs": {"total_cost": 183.57947518607438, "time_cost": 70.21000000000001, "final_distance_cost": 1.8361802670832283, "oscillation_cost": 25.56769108345956, "completition_cost": 0.0, "overshoot_cost": 50.75754160030292, "power_cost": 14.1907001953125, "noise_cost": 21.017362039916154, "n_waypoints_completed": 9, "tot_waypoints": 9}}
{"target": -1880.9586387436918, "params": {"k_pid_pos": [1.0031316701085804, 0.024859491386256316, 0.37255195504867966], "k_pid_alt": [1.9160597436741602, 0.0, 0.06527723447865985], "k_pid_att": [54.227890723214855, 1.3893044159523613, 0.666719676683535], "k_pid_yaw": [0.5, 1e-06, 0.1], "k_pid_hsp": [0.09847755819799779, 0.011264223901387349, 0.22485447213791732], "k_pid_vsp": [264.9966777379314, 140.03862743104432, 2.77343605205192]}, "datetime": {"datetime": "2025-08-12 03:34:00", "elapsed": 40120.07257390022, "delta": 31.756442546844482}, "costs": {"total_cost": 1880.9586387436918, "time_cost": 150, "final_distance_cost": 73.67757966155494, "oscillation_cost": 793.9962888634968, "completition_cost": 666.6666666666667, "overshoot_cost": 133.4533006222164, "power_cost": 33.21120992431641, "noise_cost": 29.953593005440556, "n_waypoints_completed": 3, "tot_waypoints": 9}}
{"target": -183.4985874145189, "params": {"k_pid_pos": [1.0031316701085804, 0.024859491386256316, 0.40092638265648595], "k_pid_alt": [1.7297729984189598, 0.0, 0.06527723447865985], "k_pid_att": [54.227890723214855, 1.1166001057131414, 0.666719676683535], "k_pid_yaw": [0.5, 1e-06, 0.1], "k_pid_hsp": [0.09847755819799779, 0.011264223901387349, 0.0], "k_pid_vsp": [264.9966777379314, 130.53254854158118, 2.77343605205192]}, "datetime": {"datetime": "2025-08-12 03:34:18", "elapsed": 40138.27914142609, "delta": 18.206567525863647}, "costs": {"total_cost": 183.4985874145189, "time_cost": 70.196, "final_distance_cost": 1.8383039859753827, "oscillation_cost": 25.55890792154522, "completition_cost": 0.0, "overshoot_cost": 50.69250760444733, "power_cost": 14.19000791015625, "noise_cost": 21.02285999239469, "n_waypoints_completed": 9, "tot_waypoints": 9}}
{"target": -183.54254764595373, "params": {"k_pid_pos": [1.0031316701085804, 0.024859491386256316, 0.37255195504867966], "k_pid_alt": [1.9160597436741602, 0.0, 0.06527723447865985], "k_pid_att": [54.227890723214855, 5.859554809351448, 0.666719676683535], "k_pid_yaw": [0.5, 1e-06, 0.1], "k_pid_hsp": [0.09847755819799779, 0.011264223901387349, 0.0], "k_pid_vsp": [264.9966777379314, 261.48215325333564, 2.77343605205192]}, "datetime": {"datetime": "2025-08-12 03:34:38", "elapsed": 40157.495059251785, "delta": 19.215917825698853}, "costs": {"total_cost": 183.54254764595373, "time_cost": 70.0, "final_distance_cost": 1.8164014124180996, "oscillation_cost": 25.952342774507635, "completition_cost": 0.0, "overshoot_cost": 50.65923826963469, "power_cost": 14.243254565429687, "noise_cost": 20.87131062396362, "n_waypoints_completed": 9, "tot_waypoints": 9}}
{"target": -183.29173873452203, "params": {"k_pid_pos": [1.0031316701085804, 0.024859491386256316, 0.40092638265648595], "k_pid_alt": [1.7297729984189598, 0.0, 0.06527723447865985], "k_pid_att": [25.463483275157817, 5.859554809351448, 0.666719676683535], "k_pid_yaw": [0.5, 1e-06, 0.1], "k_pid_hsp": [0.09847755819799779, 0.011264223901387349, 0.0], "k_pid_vsp": [264.9966777379314, 304.1795245652576, 2.77343605205192]}, "datetime": {"datetime": "2025-08-12 03:34:55", "elapsed": 40174.899246931076, "delta": 17.40418767929077}, "costs": {"total_cost": 183.29173873452203, "time_cost": 69.958, "final_distance_cost": 1.827688998091301, "oscillation_cost": 26.089405561688785, "completition_cost": 0.0, "overshoot_cost": 50.5115138962055, "power_cost": 14.168877612304689, "noise_cost": 20.73625266623174, "n_waypoints_completed": 9, "tot_waypoints": 9}}
{"target": -183.37223372215468, "params": {"k_pid_pos": [1.0031316701085804, 0.024859491386256316, 0.40092638265648595], "k_pid_alt": [1.7297729984189598, 0.0, 0.06527723447865985], "k_pid_att": [37.12179941719916, 1.9360914828558924, 0.666719676683535], "k_pid_yaw": [0.5, 1e-06, 0.1], "k_pid_hsp": [0.09847755819799779, 0.011264223901387349, 0.0], "k_pid_vsp": [264.9966777379314, 140.03862743104432, 2.77343605205192]}, "datetime": {"datetime": "2025-08-12 03:35:14", "elapsed": 40193.76472878456, "delta": 18.865481853485107}, "costs": {"total_cost": 183.37223372215468, "time_cost": 70.133, "final_distance_cost": 1.8156517820988298, "oscillation_cost": 25.573876356731372, "completition_cost": 0.0, "overshoot_cost": 50.74693462552331, "power_cost": 14.186826428222657, "noise_cost": 20.915944529578535, "n_waypoints_completed": 9, "tot_waypoints": 9}}
{"target": -183.37223372215468, "params": {"k_pid_pos": [1.0031316701085804, 0.024859491386256316, 0.40092638265648595], "k_pid_alt": [1.7297729984189598, 0.0, 0.06527723447865985], "k_pid_att": [37.12179941719916, 1.9360914828558924, 0.666719676683535], "k_pid_yaw": [0.5, 1e-06, 0.1], "k_pid_hsp": [0.09847755819799779, 0.011264223901387349, 0.0], "k_pid_vsp": [264.9966777379314, 140.03862743104432, 2.77343605205192]}, "datetime": {"datetime": "2025-08-12 03:35:32", "elapsed": 40211.863528728485, "delta": 18.09879994392395}, "costs": {"total_cost": 183.37223372215468, "time_cost": 70.133, "final_distance_cost": 1.8156517820988298, "oscillation_cost": 25.573876356731372, "completition_cost": 0.0, "overshoot_cost": 50.74693462552331, "power_cost": 14.186826428222657, "noise_cost": 20.915944529578535, "n_waypoints_completed": 9, "tot_waypoints": 9}}
{"target": -1459.2441806007103, "params": {"k_pid_pos": [0.29610266480697206, 0.0972045644645837, 0.40092638265648595], "k_pid_alt": [1.7297729984189598, 0.8140262380529626, 0.06527723447865985], "k_pid_att": [25.463483275157817, 5.859554809351448, 0.666719676683535], "k_pid_yaw": [0.5, 1e-06, 0.1], "k_pid_hsp": [0.09847755819799779, 0.011264223901387349, 0.0], "k_pid_vsp": [264.9966777379314, 140.03862743104432, 289.52418500563726]}, "datetime": {"datetime": "2025-08-12 03:36:04", "elapsed": 40243.6652739048, "delta": 31.801745176315308}, "costs": {"total_cost": 1459.2441806007103, "time_cost": 150, "final_distance_cost": 0.9975999983715033, "oscillation_cost": 1.4864234325791947, "completition_cost": 1000.0, "overshoot_cost": 163.08816299397762, "power_cost": 29.1926953125, "noise_cost": 114.47929886328197, "n_waypoints_completed": 0, "tot_waypoints": 9}}
{"target": -201.1856481902913, "params": {"k_pid_pos": [1.0031316701085804, 0.024859491386256316, 0.40092638265648595], "k_pid_alt": [1.7297729984189598, 0.0, 0.06527723447865985], "k_pid_att": [25.463483275157817, 5.859554809351448, 0.666719676683535], "k_pid_yaw": [0.5, 1e-06, 0.1], "k_pid_hsp": [0.09847755819799779, 0.011264223901387349, 0.01066281316812523], "k_pid_vsp": [159.45001298599757, 157.8230240226632, 2.77343605205192]}, "datetime": {"datetime": "2025-08-12 03:36:23", "elapsed": 40262.46657204628, "delta": 18.801298141479492}, "costs": {"total_cost": 201.1856481902913, "time_cost": 72.702, "final_distance_cost": 1.8344412029822792, "oscillation_cost": 38.92242873186868, "completition_cost": 0.0, "overshoot_cost": 51.109190482656686, "power_cost": 14.996367089843751, "noise_cost": 21.621220682939907, "n_waypoints_completed": 9, "tot_waypoints": 9}}
{"target": -183.48270063270883, "params": {"k_pid_pos": [1.0031316701085804, 0.024859491386256316, 0.40092638265648595], "k_pid_alt": [1.9160597436741602, 0.0, 0.06527723447865985], "k_pid_att": [54.227890723214855, 5.859554809351448, 0.666719676683535], "k_pid_yaw": [0.5, 1e-06, 0.1], "k_pid_hsp": [0.09847755819799779, 0.011264223901387349, 0.0], "k_pid_vsp": [264.9966777379314, 140.03862743104432, 2.77343605205192]}, "datetime": {"datetime": "2025-08-12 03:36:41", "elapsed": 40280.90512704849, "delta": 18.438555002212524}, "costs": {"total_cost": 183.48270063270883, "time_cost": 70.224, "final_distance_cost": 1.8303973640749434, "oscillation_cost": 25.484329018779377, "completition_cost": 0.0, "overshoot_cost": 50.701220317097494, "power_cost": 14.235761083984375, "noise_cost": 21.006992848772622, "n_waypoints_completed": 9, "tot_waypoints": 9}}
{"target": -192.34591658903517, "params": {"k_pid_pos": [1.0031316701085804, 0.024859491386256316, 0.40092638265648595], "k_pid_alt": [1.7297729984189598, 0.4605234584942962, 0.06527723447865985], "k_pid_att": [25.463483275157817, 5.859554809351448, 0.666719676683535], "k_pid_yaw": [0.5, 1e-06, 0.1], "k_pid_hsp": [0.09847755819799779, 0.011264223901387349, 0.0], "k_pid_vsp": [264.9966777379314, 304.1795245652576, 2.77343605205192]}, "datetime": {"datetime": "2025-08-12 03:37:02", "elapsed": 40301.6356754303, "delta": 20.73054838180542}, "costs": {"total_cost": 192.34591658903517, "time_cost": 75.908, "final_distance_cost": 1.8091033367418476, "oscillation_cost": 26.716372589091783, "completition_cost": 0.0, "overshoot_cost": 51.30862542037737, "power_cost": 14.99573026123047, "noise_cost": 21.60808498159371, "n_waypoints_completed": 9, "tot_waypoints": 9}}
{"target": -183.54254764595373, "params": {"k_pid_pos": [1.0031316701085804, 0.024859491386256316, 0.37255195504867966], "k_pid_alt": [1.9160597436741602, 0.0, 0.06527723447865985], "k_pid_att": [54.227890723214855, 5.859554809351448, 0.666719676683535], "k_pid_yaw": [0.5, 1e-06, 0.1], "k_pid_hsp": [0.09847755819799779, 0.011264223901387349, 0.0], "k_pid_vsp": [264.9966777379314, 261.48215325333564, 2.77343605205192]}, "datetime": {"datetime": "2025-08-12 03:37:19", "elapsed": 40319.17728948593, "delta": 17.541614055633545}, "costs": {"total_cost": 183.54254764595373, "time_cost": 70.0, "final_distance_cost": 1.8164014124180996, "oscillation_cost": 25.952342774507635, "completition_cost": 0.0, "overshoot_cost": 50.65923826963469, "power_cost": 14.243254565429687, "noise_cost": 20.87131062396362, "n_waypoints_completed": 9, "tot_waypoints": 9}}
{"target": -1807.2586963581098, "params": {"k_pid_pos": [1.0031316701085804, 0.42648172997891676, 0.40092638265648595], "k_pid_alt": [1.7297729984189598, 0.0, 0.06527723447865985], "k_pid_att": [37.12179941719916, 1.9360914828558924, 0.666719676683535], "k_pid_yaw": [0.5, 1e-06, 0.1], "k_pid_hsp": [0.09847755819799779, 0.011264223901387349, 0.4355342850246996], "k_pid_vsp": [264.9966777379314, 140.03862743104432, 2.77343605205192]}, "datetime": {"datetime": "2025-08-12 03:37:51", "elapsed": 40350.76354122162, "delta": 31.586251735687256}, "costs": {"total_cost": 1807.2586963581098, "time_cost": 150, "final_distance_cost": 88.67321115899259, "oscillation_cost": 753.5722263594637, "completition_cost": 666.6666666666667, "overshoot_cost": 86.6781999900397, "power_cost": 31.159810852050782, "noise_cost": 30.508581330896092, "n_waypoints_completed": 3, "tot_waypoints": 9}}
{"target": -184.459812198363, "params": {"k_pid_pos": [1.0031316701085804, 0.024859491386256316, 0.40092638265648595], "k_pid_alt": [1.7297729984189598, 0.0, 0.529244519518045], "k_pid_att": [37.12179941719916, 5.642133202559823, 0.666719676683535], "k_pid_yaw": [0.5, 1e-06, 0.1], "k_pid_hsp": [0.09847755819799779, 0.011264223901387349, 0.0], "k_pid_vsp": [264.9966777379314, 304.1795245652576, 2.77343605205192]}, "datetime": {"datetime": "2025-08-12 03:38:10", "elapsed": 40369.699942588806, "delta": 18.9364013671875}, "costs": {"total_cost": 184.459812198363, "time_cost": 70.609, "final_distance_cost": 1.8172444061941324, "oscillation_cost": 26.0760029241412, "completition_cost": 0.0, "overshoot_cost": 50.74537527454095, "power_cost": 14.3066375, "noise_cost": 20.905552093486747, "n_waypoints_completed": 9, "tot_waypoints": 9}}
{"target": -218.45101947006907, "params": {"k_pid_pos": [1.0031316701085804, 0.024859491386256316, 0.8438952038875002], "k_pid_alt": [0.3249148695892172, 0.0, 0.06527723447865985], "k_pid_att": [25.463483275157817, 5.859554809351448, 0.666719676683535], "k_pid_yaw": [0.5, 1e-06, 0.1], "k_pid_hsp": [0.09847755819799779, 0.011264223901387349, 0.0], "k_pid_vsp": [264.9966777379314, 140.03862743104432, 2.77343605205192]}, "datetime": {"datetime": "2025-08-12 03:38:34", "elapsed": 40394.36055660248, "delta": 24.660614013671875}, "costs": {"total_cost": 218.45101947006907, "time_cost": 93.793, "final_distance_cost": 1.86205284964954, "oscillation_cost": 25.381395874101663, "completition_cost": 0.0, "overshoot_cost": 52.75821064374639, "power_cost": 17.953193505859375, "noise_cost": 26.70316659671211, "n_waypoints_completed": 9, "tot_waypoints": 9}}
{"target": -183.29173873452203, "params": {"k_pid_pos": [1.0031316701085804, 0.024859491386256316, 0.40092638265648595], "k_pid_alt": [1.7297729984189598, 0.0, 0.06527723447865985], "k_pid_att": [25.463483275157817, 5.859554809351448, 0.666719676683535], "k_pid_yaw": [0.5, 1e-06, 0.1], "k_pid_hsp": [0.09847755819799779, 0.011264223901387349, 0.0], "k_pid_vsp": [264.9966777379314, 304.1795245652576, 2.77343605205192]}, "datetime": {"datetime": "2025-08-12 03:38:52", "elapsed": 40412.33644962311, "delta": 17.975893020629883}, "costs": {"total_cost": 183.29173873452203, "time_cost": 69.958, "final_distance_cost": 1.827688998091301, "oscillation_cost": 26.089405561688785, "completition_cost": 0.0, "overshoot_cost": 50.5115138962055, "power_cost": 14.168877612304689, "noise_cost": 20.73625266623174, "n_waypoints_completed": 9, "tot_waypoints": 9}}
{"target": -183.4985874145189, "params": {"k_pid_pos": [1.0031316701085804, 0.024859491386256316, 0.40092638265648595], "k_pid_alt": [1.7297729984189598, 0.0, 0.06527723447865985], "k_pid_att": [54.227890723214855, 1.1166001057131414, 0.666719676683535], "k_pid_yaw": [0.5, 1e-06, 0.1], "k_pid_hsp": [0.09847755819799779, 0.011264223901387349, 0.0], "k_pid_vsp": [264.9966777379314, 130.53254854158118, 2.77343605205192]}, "datetime": {"datetime": "2025-08-12 03:39:12", "elapsed": 40431.38060641289, "delta": 19.044156789779663}, "costs": {"total_cost": 183.4985874145189, "time_cost": 70.196, "final_distance_cost": 1.8383039859753827, "oscillation_cost": 25.55890792154522, "completition_cost": 0.0, "overshoot_cost": 50.69250760444733, "power_cost": 14.19000791015625, "noise_cost": 21.02285999239469, "n_waypoints_completed": 9, "tot_waypoints": 9}}
{"target": -183.87075402641057, "params": {"k_pid_pos": [1.0031316701085804, 0.024859491386256316, 0.40092638265648595], "k_pid_alt": [1.7297729984189598, 0.0, 0.06527723447865985], "k_pid_att": [37.12179941719916, 1.9360914828558924, 0.261380462049589], "k_pid_yaw": [0.5, 1e-06, 0.1], "k_pid_hsp": [0.09847755819799779, 0.011264223901387349, 0.0], "k_pid_vsp": [247.62506162993122, 261.48215325333564, 2.77343605205192]}, "datetime": {"datetime": "2025-08-12 03:39:29", "elapsed": 40449.06920361519, "delta": 17.688597202301025}, "costs": {"total_cost": 183.87075402641057, "time_cost": 70.021, "final_distance_cost": 1.8250799661491757, "oscillation_cost": 26.13965055754716, "completition_cost": 0.0, "overshoot_cost": 50.83470052847831, "power_cost": 14.1603423828125, "noise_cost": 20.889980591423434, "n_waypoints_completed": 9, "tot_waypoints": 9}}
{"target": -189.86412965985545, "params": {"k_pid_pos": [1.0031316701085804, 0.19767101818116828, 0.37255195504867966], "k_pid_alt": [1.9160597436741602, 0.0, 0.06527723447865985], "k_pid_att": [54.227890723214855, 5.859554809351448, 0.666719676683535], "k_pid_yaw": [0.5, 1e-06, 0.1], "k_pid_hsp": [0.09847755819799779, 0.011264223901387349, 0.0], "k_pid_vsp": [264.9966777379314, 140.03862743104432, 2.77343605205192]}, "datetime": {"datetime": "2025-08-12 03:39:49", "elapsed": 40468.94501543045, "delta": 19.87581181526184}, "costs": {"total_cost": 189.86412965985545, "time_cost": 73.346, "final_distance_cost": 1.791759055438953, "oscillation_cost": 26.451339938809177, "completition_cost": 0.0, "overshoot_cost": 51.56090654619328, "power_cost": 14.899473449707031, "noise_cost": 21.814650669707007, "n_waypoints_completed": 9, "tot_waypoints": 9}}
{"target": -530.0721866238258, "params": {"k_pid_pos": [1.1018186029961792, 0.024859491386256316, 0.3303643224147128], "k_pid_alt": [1.9160597436741602, 0.0, 0.06527723447865985], "k_pid_att": [54.227890723214855, 5.859554809351448, 0.666719676683535], "k_pid_yaw": [0.5, 1e-06, 0.1], "k_pid_hsp": [8.64516018738754, 0.011264223901387349, 0.959672251936908], "k_pid_vsp": [264.9966777379314, 170.90862241197195, 2.77343605205192]}, "datetime": {"datetime": "2025-08-12 03:40:07", "elapsed": 40487.255016326904, "delta": 18.310000896453857}, "costs": {"total_cost": 530.0721866238258, "time_cost": 76.237, "final_distance_cost": 1.8065628439126702, "oscillation_cost": 356.6969190292778, "completition_cost": 0.0, "overshoot_cost": 52.496689615803135, "power_cost": 21.39567313232422, "noise_cost": 21.439342002508102, "n_waypoints_completed": 9, "tot_waypoints": 9}}
{"target": -183.89026890453152, "params": {"k_pid_pos": [1.0031316701085804, 0.024859491386256316, 0.40092638265648595], "k_pid_alt": [1.7297729984189598, 0.0, 0.06527723447865985], "k_pid_att": [54.227890723214855, 1.1166001057131414, 0.666719676683535], "k_pid_yaw": [0.5, 1e-06, 0.1], "k_pid_hsp": [0.09847755819799779, 0.011264223901387349, 0.0], "k_pid_vsp": [264.9966777379314, 304.1795245652576, 2.77343605205192]}, "datetime": {"datetime": "2025-08-12 03:40:26", "elapsed": 40505.87607169151, "delta": 18.621055364608765}, "costs": {"total_cost": 183.89026890453152, "time_cost": 70.056, "final_distance_cost": 1.8212002505768736, "oscillation_cost": 25.963000373875396, "completition_cost": 0.0, "overshoot_cost": 51.00465658416555, "power_cost": 14.198976818847656, "noise_cost": 20.846434877066024, "n_waypoints_completed": 9, "tot_waypoints": 9}}
{"target": -200.18652825353212, "params": {"k_pid_pos": [1.0031316701085804, 0.024859491386256316, 0.40092638265648595], "k_pid_alt": [1.7297729984189598, 0.2019335548662432, 0.06527723447865985], "k_pid_att": [54.227890723214855, 5.859554809351448, 0.666719676683535], "k_pid_yaw": [0.5, 1e-06, 0.1], "k_pid_hsp": [0.09847755819799779, 0.011264223901387349, 0.0], "k_pid_vsp": [264.9966777379314, 232.04965347563177, 2.77343605205192]}, "datetime": {"datetime": "2025-08-12 03:40:46", "elapsed": 40526.36934375763, "delta": 20.493272066116333}, "costs": {"total_cost": 200.18652825353212, "time_cost": 81.648, "final_distance_cost": 1.8041012730678587, "oscillation_cost": 26.394054913021993, "completition_cost": 0.0, "overshoot_cost": 51.2385278671688, "power_cost": 15.837444543457032, "noise_cost": 23.264399656816458, "n_waypoints_completed": 9, "tot_waypoints": 9}}
