{"target": -186.85534477510168, "params": {"k_pid_pos": [1.3885554450422086, 0.024859491386256316, 0.44963268842268056], "k_pid_alt": [1.2679502233621702, 0.0, 0.06527723447865985], "k_pid_att": [43.948176657889235, 3.7802132718527557, 0.1845336041603497], "k_pid_yaw": [0.5, 1e-06, 0.1], "k_pid_hsp": [0.09847755819799779, 0.011264223901387349, 0.0], "k_pid_vsp": [250.4409247236842, 336.89689932622207, 62.564861685850005]}, "datetime": {"datetime": "2025-08-11 18:55:14", "elapsed": 8994.251320123672, "delta": 17.3486967086792}, "costs": {"total_cost": 186.85534477510168, "time_cost": 70.035, "final_distance_cost": 1.8210717274714319, "oscillation_cost": 28.289540564098726, "completition_cost": 0.0, "overshoot_cost": 50.960569431184474, "power_cost": 18.260306762695315, "noise_cost": 17.488856289651746, "n_waypoints_completed": 9, "tot_waypoints": 9}}
{"target": -217.65201938963617, "params": {"k_pid_pos": [0.5503339975771474, 0.024859491386256316, 0.44963268842268056], "k_pid_alt": [1.2679502233621702, 0.0, 0.18431000208985737], "k_pid_att": [17.813414374173632, 9.770065979523123, 0.5968380379296185], "k_pid_yaw": [0.5, 1e-06, 0.1], "k_pid_hsp": [0.09847755819799779, 0.011264223901387349, 0.0], "k_pid_vsp": [194.7624155113164, 3.384608627270843, 39.36383854960912]}, "datetime": {"datetime": "2025-08-11 18:55:37", "elapsed": 9016.409521818161, "delta": 22.158201694488525}, "costs": {"total_cost": 217.65201938963617, "time_cost": 90.23, "final_distance_cost": 1.8620695976771477, "oscillation_cost": 21.24930976744669, "completition_cost": 0.0, "overshoot_cost": 56.59643996283259, "power_cost": 22.76469600830078, "noise_cost": 24.94950405337894, "n_waypoints_completed": 9, "tot_waypoints": 9}}
{"target": -201.55256422933914, "params": {"k_pid_pos": [1.4340672435785011, 0.024859491386256316, 0.44963268842268056], "k_pid_alt": [1.2679502233621702, 0.798728739228488, 0.18431000208985737], "k_pid_att": [17.813414374173632, 3.8677381495188174, 0.591082821894856], "k_pid_yaw": [0.5, 1e-06, 0.1], "k_pid_hsp": [0.09847755819799779, 0.011264223901387349, 0.0], "k_pid_vsp": [194.7624155113164, 221.6078012742647, 10.0]}, "datetime": {"datetime": "2025-08-11 18:55:55", "elapsed": 9035.14716887474, "delta": 18.73764705657959}, "costs": {"total_cost": 201.55256422933914, "time_cost": 77.028, "final_distance_cost": 1.7886416311027706, "oscillation_cost": 31.640264676143858, "completition_cost": 0.0, "overshoot_cost": 52.4916937862115, "power_cost": 19.63351435546875, "noise_cost": 18.970449780412263, "n_waypoints_completed": 9, "tot_waypoints": 9}}
{"target": -186.6551062017854, "params": {"k_pid_pos": [1.3885554450422086, 0.024859491386256316, 0.44963268842268056], "k_pid_alt": [1.296896341175293, 0.0, 0.4986678334288609], "k_pid_att": [39.447728079683905, 3.8677381495188174, 0.1845336041603497], "k_pid_yaw": [0.5, 1e-06, 0.1], "k_pid_hsp": [0.09847755819799779, 0.011264223901387349, 0.0], "k_pid_vsp": [250.4409247236842, 336.89689932622207, 62.564861685850005]}, "datetime": {"datetime": "2025-08-11 18:56:13", "elapsed": 9053.039645195007, "delta": 17.892476320266724}, "costs": {"total_cost": 186.6551062017854, "time_cost": 70.462, "final_distance_cost": 1.7986912360229457, "oscillation_cost": 28.390095089046284, "completition_cost": 0.0, "overshoot_cost": 50.54836142126191, "power_cost": 18.339428759765624, "noise_cost": 17.116529695688627, "n_waypoints_completed": 9, "tot_waypoints": 9}}
{"target": -187.29601129558478, "params": {"k_pid_pos": [1.3885554450422086, 0.024859491386256316, 0.44963268842268056], "k_pid_alt": [1.2679502233621702, 0.0, 0.06527723447865985], "k_pid_att": [43.948176657889235, 3.8677381495188174, 0.1845336041603497], "k_pid_yaw": [0.5, 1e-06, 0.1], "k_pid_hsp": [0.09847755819799779, 0.011264223901387349, 0.0], "k_pid_vsp": [250.4409247236842, 336.89689932622207, 62.564861685850005]}, "datetime": {"datetime": "2025-08-11 18:56:31", "elapsed": 9070.46360874176, "delta": 17.42396354675293}, "costs": {"total_cost": 187.29601129558478, "time_cost": 70.042, "final_distance_cost": 1.7992079487163684, "oscillation_cost": 28.41217665304139, "completition_cost": 0.0, "overshoot_cost": 50.95949609464327, "power_cost": 18.48667312011719, "noise_cost": 17.59645747906655, "n_waypoints_completed": 9, "tot_waypoints": 9}}
{"target": -186.54696524023007, "params": {"k_pid_pos": [1.3885554450422086, 0.024859491386256316, 0.44963268842268056], "k_pid_alt": [1.2679502233621702, 0.0, 0.06527723447865985], "k_pid_att": [43.948176657889235, 3.7802132718527557, 0.1845336041603497], "k_pid_yaw": [0.5, 1e-06, 0.1], "k_pid_hsp": [0.09847755819799779, 0.011264223901387349, 0.0], "k_pid_vsp": [194.7624155113164, 139.20520652041523, 10.0]}, "datetime": {"datetime": "2025-08-11 18:56:48", "elapsed": 9087.653636932373, "delta": 17.190028190612793}, "costs": {"total_cost": 186.54696524023007, "time_cost": 69.825, "final_distance_cost": 1.7947241300529904, "oscillation_cost": 28.88344547893093, "completition_cost": 0.0, "overshoot_cost": 50.36794612006465, "power_cost": 17.773584606933596, "noise_cost": 17.902264904247893, "n_waypoints_completed": 9, "tot_waypoints": 9}}
{"target": -207.9155089623421, "params": {"k_pid_pos": [1.3885554450422086, 0.5743711704314439, 0.44963268842268056], "k_pid_alt": [1.7224840888036632, 0.0, 0.06527723447865985], "k_pid_att": [43.948176657889235, 3.7802132718527557, 0.1845336041603497], "k_pid_yaw": [0.5, 1e-06, 0.1], "k_pid_hsp": [0.09847755819799779, 0.011264223901387349, 0.0], "k_pid_vsp": [254.46877323414844, 336.89689932622207, 10.0]}, "datetime": {"datetime": "2025-08-11 18:57:08", "elapsed": 9107.661042690277, "delta": 20.007405757904053}, "costs": {"total_cost": 207.9155089623421, "time_cost": 79.723, "final_distance_cost": 1.7438811370207243, "oscillation_cost": 33.33900579929852, "completition_cost": 0.0, "overshoot_cost": 52.22016696972069, "power_cost": 20.842638330078127, "noise_cost": 20.04681672622404, "n_waypoints_completed": 9, "tot_waypoints": 9}}
{"target": -194.28777392922584, "params": {"k_pid_pos": [1.3885554450422086, 0.024859491386256316, 0.44963268842268056], "k_pid_alt": [1.2679502233621702, 0.0, 0.22168249022254083], "k_pid_att": [43.948176657889235, 3.8677381495188174, 0.1845336041603497], "k_pid_yaw": [0.5, 1e-06, 0.1], "k_pid_hsp": [0.09847755819799779, 0.011264223901387349, 0.0], "k_pid_vsp": [194.7624155113164, 139.20520652041523, 62.564861685850005]}, "datetime": {"datetime": "2025-08-11 18:57:26", "elapsed": 9125.63967370987, "delta": 17.978631019592285}, "costs": {"total_cost": 194.28777392922584, "time_cost": 73.647, "final_distance_cost": 1.7896990567490672, "oscillation_cost": 28.15751474787593, "completition_cost": 0.0, "overshoot_cost": 52.998246621447855, "power_cost": 19.193628271484375, "noise_cost": 18.501685231668564, "n_waypoints_completed": 9, "tot_waypoints": 9}}
{"target": -202.2821722943033, "params": {"k_pid_pos": [1.4340672435785011, 0.04925411992759399, 0.3247566437552345], "k_pid_alt": [1.2679502233621702, 0.0, 0.06527723447865985], "k_pid_att": [64.85696333643777, 3.7802132718527557, 0.1845336041603497], "k_pid_yaw": [0.5, 1e-06, 0.1], "k_pid_hsp": [0.09847755819799779, 0.011264223901387349, 0.0], "k_pid_vsp": [250.4409247236842, 336.89689932622207, 131.29633191148946]}, "datetime": {"datetime": "2025-08-11 18:57:46", "elapsed": 9145.696531295776, "delta": 20.056857585906982}, "costs": {"total_cost": 202.2821722943033, "time_cost": 76.79, "final_distance_cost": 1.7747163549851852, "oscillation_cost": 30.467689028501574, "completition_cost": 0.0, "overshoot_cost": 54.306236655514304, "power_cost": 20.242886645507813, "noise_cost": 18.700643609794408, "n_waypoints_completed": 9, "tot_waypoints": 9}}
{"target": -187.0827718669522, "params": {"k_pid_pos": [1.3885554450422086, 0.024859491386256316, 0.6521786052913653], "k_pid_alt": [1.2679502233621702, 0.0, 0.06527723447865985], "k_pid_att": [58.989274729095186, 3.8677381495188174, 0.1845336041603497], "k_pid_yaw": [0.5, 1e-06, 0.1], "k_pid_hsp": [0.09847755819799779, 0.011264223901387349, 0.0], "k_pid_vsp": [153.0622015256548, 84.00193632023473, 10.0]}, "datetime": {"datetime": "2025-08-11 18:58:03", "elapsed": 9163.207633256912, "delta": 17.511101961135864}, "costs": {"total_cost": 187.0827718669522, "time_cost": 70.042, "final_distance_cost": 1.827628632482072, "oscillation_cost": 28.209294422069405, "completition_cost": 0.0, "overshoot_cost": 51.06082595630549, "power_cost": 17.360096301269532, "noise_cost": 18.582926554825725, "n_waypoints_completed": 9, "tot_waypoints": 9}}
{"target": -188.21189751093112, "params": {"k_pid_pos": [1.4340672435785011, 0.024859491386256316, 0.7585541942145848], "k_pid_alt": [1.296896341175293, 0.0, 0.4986678334288609], "k_pid_att": [39.447728079683905, 3.8677381495188174, 0.1845336041603497], "k_pid_yaw": [0.5, 1e-06, 0.1], "k_pid_hsp": [0.09847755819799779, 0.011264223901387349, 0.0], "k_pid_vsp": [194.7624155113164, 139.20520652041523, 10.0]}, "datetime": {"datetime": "2025-08-11 18:58:21", "elapsed": 9181.057859182358, "delta": 17.850225925445557}, "costs": {"total_cost": 188.21189751093112, "time_cost": 71.26, "final_distance_cost": 1.832322744805407, "oscillation_cost": 27.943440979176692, "completition_cost": 0.0, "overshoot_cost": 50.966562158139325, "power_cost": 18.053007690429688, "noise_cost": 18.156563938379986, "n_waypoints_completed": 9, "tot_waypoints": 9}}
{"target": -186.8732112468917, "params": {"k_pid_pos": [1.3885554450422086, 0.024859491386256316, 0.44963268842268056], "k_pid_alt": [1.2679502233621702, 0.0, 0.06527723447865985], "k_pid_att": [43.948176657889235, 3.8677381495188174, 0.5354455210588809], "k_pid_yaw": [0.5, 1e-06, 0.1], "k_pid_hsp": [0.09847755819799779, 0.011264223901387349, 0.0], "k_pid_vsp": [194.7624155113164, 307.0029666248519, 10.0]}, "datetime": {"datetime": "2025-08-11 18:58:39", "elapsed": 9198.556780576706, "delta": 17.498921394348145}, "costs": {"total_cost": 186.8732112468917, "time_cost": 69.769, "final_distance_cost": 1.8236100713694405, "oscillation_cost": 28.983770502375677, "completition_cost": 0.0, "overshoot_cost": 50.767277208950894, "power_cost": 17.894079382324218, "noise_cost": 17.635474081871482, "n_waypoints_completed": 9, "tot_waypoints": 9}}
{"target": -202.953786264322, "params": {"k_pid_pos": [1.3885554450422086, 0.024859491386256316, 0.44963268842268056], "k_pid_alt": [1.2679502233621702, 0.27082543444689955, 0.06527723447865985], "k_pid_att": [58.989274729095186, 3.8677381495188174, 0.1845336041603497], "k_pid_yaw": [0.5, 1e-06, 0.1], "k_pid_hsp": [0.09847755819799779, 0.011264223901387349, 0.0], "k_pid_vsp": [194.7624155113164, 307.0029666248519, 10.0]}, "datetime": {"datetime": "2025-08-11 18:58:58", "elapsed": 9217.687511920929, "delta": 19.130731344223022}, "costs": {"total_cost": 202.953786264322, "time_cost": 78.365, "final_distance_cost": 1.7662386209190708, "oscillation_cost": 32.19553107199057, "completition_cost": 0.0, "overshoot_cost": 51.70982768769083, "power_cost": 19.791549267578127, "noise_cost": 19.125639616143374, "n_waypoints_completed": 9, "tot_waypoints": 9}}
{"target": -1455.757051838998, "params": {"k_pid_pos": [1.3885554450422086, 0.024859491386256316, 0.44963268842268056], "k_pid_alt": [1.2679502233621702, 0.0, 0.06527723447865985], "k_pid_att": [58.989274729095186, 3.8677381495188174, 0.1845336041603497], "k_pid_yaw": [0.5, 1e-06, 0.1], "k_pid_hsp": [0.09847755819799779, 0.011264223901387349, 0.0], "k_pid_vsp": [194.7624155113164, 307.0029666248519, 225.93694083432098]}, "datetime": {"datetime": "2025-08-11 18:59:28", "elapsed": 9247.713783979416, "delta": 30.02627205848694}, "costs": {"total_cost": 1455.757051838998, "time_cost": 150, "final_distance_cost": 1.000134213361688, "oscillation_cost": 6.091906847596394, "completition_cost": 1000.0, "overshoot_cost": 161.89085179789828, "power_cost": 29.39327734375, "noise_cost": 107.3808816363916, "n_waypoints_completed": 0, "tot_waypoints": 9}}
{"target": -204.20539139653187, "params": {"k_pid_pos": [1.3885554450422086, 0.024859491386256316, 0.44963268842268056], "k_pid_alt": [1.2679502233621702, 0.8207116841117432, 0.06527723447865985], "k_pid_att": [58.989274729095186, 3.8677381495188174, 0.5354455210588809], "k_pid_yaw": [0.5, 1e-06, 0.1], "k_pid_hsp": [0.09847755819799779, 0.011264223901387349, 0.0], "k_pid_vsp": [250.4409247236842, 336.89689932622207, 62.564861685850005]}, "datetime": {"datetime": "2025-08-11 18:59:47", "elapsed": 9267.367487430573, "delta": 19.653703451156616}, "costs": {"total_cost": 204.20539139653187, "time_cost": 79.345, "final_distance_cost": 1.7548706162342638, "oscillation_cost": 30.443630621534354, "completition_cost": 0.0, "overshoot_cost": 53.199881516955614, "power_cost": 20.45317293701172, "noise_cost": 19.008835704795924, "n_waypoints_completed": 9, "tot_waypoints": 9}}
{"target": -1215.7044821812294, "params": {"k_pid_pos": [0.010462981495731612, 0.1279420475317411, 0.44963268842268056], "k_pid_alt": [1.2679502233621702, 0.0, 0.06527723447865985], "k_pid_att": [43.948176657889235, 3.7802132718527557, 0.1845336041603497], "k_pid_yaw": [0.5, 1e-06, 0.1], "k_pid_hsp": [0.09847755819799779, 0.011264223901387349, 0.0], "k_pid_vsp": [194.7624155113164, 307.0029666248519, 10.0]}, "datetime": {"datetime": "2025-08-11 19:00:17", "elapsed": 9297.196931362152, "delta": 29.82944393157959}, "costs": {"total_cost": 1215.7044821812294, "time_cost": 150, "final_distance_cost": 65.2275348794054, "oscillation_cost": 2.320440699768324, "completition_cost": 888.8888888888888, "overshoot_cost": 53.418432327711514, "power_cost": 29.23991326904297, "noise_cost": 26.609272116412278, "n_waypoints_completed": 1, "tot_waypoints": 9}}
{"target": -236.91183332436242, "params": {"k_pid_pos": [1.0566321499597533, 0.9765430134530636, 0.7181496364986464], "k_pid_alt": [1.2679502233621702, 0.0, 0.06527723447865985], "k_pid_att": [2.693576540878273, 3.8677381495188174, 0.1845336041603497], "k_pid_yaw": [0.5, 1e-06, 0.1], "k_pid_hsp": [0.09847755819799779, 0.011264223901387349, 0.0], "k_pid_vsp": [194.7624155113164, 307.0029666248519, 10.0]}, "datetime": {"datetime": "2025-08-11 19:00:40", "elapsed": 9319.881286144257, "delta": 22.684354782104492}, "costs": {"total_cost": 236.91183332436242, "time_cost": 91.952, "final_distance_cost": 1.7229541704022526, "oscillation_cost": 41.658200868479426, "completition_cost": 0.0, "overshoot_cost": 54.15366169428712, "power_cost": 23.978801965332032, "noise_cost": 23.446214625861614, "n_waypoints_completed": 9, "tot_waypoints": 9}}
{"target": -186.19009909229186, "params": {"k_pid_pos": [1.3885554450422086, 0.024859491386256316, 0.44963268842268056], "k_pid_alt": [1.636508049307729, 0.0, 0.06527723447865985], "k_pid_att": [58.989274729095186, 0.7200504618080176, 0.9166398602394554], "k_pid_yaw": [0.5, 1e-06, 0.1], "k_pid_hsp": [0.09847755819799779, 0.011264223901387349, 0.0], "k_pid_vsp": [194.7624155113164, 307.0029666248519, 10.0]}, "datetime": {"datetime": "2025-08-11 19:00:57", "elapsed": 9336.992305278778, "delta": 17.111019134521484}, "costs": {"total_cost": 186.19009909229186, "time_cost": 69.384, "final_distance_cost": 1.7976164172723093, "oscillation_cost": 28.739410941303934, "completition_cost": 0.0, "overshoot_cost": 50.54003060207813, "power_cost": 18.00883690185547, "noise_cost": 17.720204229782027, "n_waypoints_completed": 9, "tot_waypoints": 9}}
{"target": -186.36817385963496, "params": {"k_pid_pos": [1.3885554450422086, 0.024859491386256316, 0.44963268842268056], "k_pid_alt": [1.2679502233621702, 0.0, 0.06527723447865985], "k_pid_att": [43.948176657889235, 3.8677381495188174, 0.1845336041603497], "k_pid_yaw": [0.5, 1e-06, 0.1], "k_pid_hsp": [0.09847755819799779, 0.011264223901387349, 0.0], "k_pid_vsp": [194.7624155113164, 139.20520652041523, 10.0]}, "datetime": {"datetime": "2025-08-11 19:01:15", "elapsed": 9354.925160884857, "delta": 17.9328556060791}, "costs": {"total_cost": 186.36817385963496, "time_cost": 69.818, "final_distance_cost": 1.7937207483441209, "oscillation_cost": 28.740771047023404, "completition_cost": 0.0, "overshoot_cost": 50.574698131443384, "power_cost": 17.269026684570314, "noise_cost": 18.171957248253726, "n_waypoints_completed": 9, "tot_waypoints": 9}}
{"target": -186.36817385963496, "params": {"k_pid_pos": [1.3885554450422086, 0.024859491386256316, 0.44963268842268056], "k_pid_alt": [1.2679502233621702, 0.0, 0.06527723447865985], "k_pid_att": [43.948176657889235, 3.8677381495188174, 0.1845336041603497], "k_pid_yaw": [0.5, 1e-06, 0.1], "k_pid_hsp": [0.09847755819799779, 0.011264223901387349, 0.0], "k_pid_vsp": [194.7624155113164, 139.20520652041523, 10.0]}, "datetime": {"datetime": "2025-08-11 19:01:32", "elapsed": 9372.188893318176, "delta": 17.263732433319092}, "costs": {"total_cost": 186.36817385963496, "time_cost": 69.818, "final_distance_cost": 1.7937207483441209, "oscillation_cost": 28.740771047023404, "completition_cost": 0.0, "overshoot_cost": 50.574698131443384, "power_cost": 17.269026684570314, "noise_cost": 18.171957248253726, "n_waypoints_completed": 9, "tot_waypoints": 9}}
{"target": -260.5712428898529, "params": {"k_pid_pos": [1.3885554450422086, 0.03988560271314401, 0.44963268842268056], "k_pid_alt": [1.2679502233621702, 0.0, 0.06527723447865985], "k_pid_att": [58.989274729095186, 3.8677381495188174, 0.8739915892735461], "k_pid_yaw": [0.5, 1e-06, 0.1], "k_pid_hsp": [0.09847755819799779, 0.2320249538069996, 0.0], "k_pid_vsp": [194.7624155113164, 139.20520652041523, 10.0]}, "datetime": {"datetime": "2025-08-11 19:01:52", "elapsed": 9392.138125419617, "delta": 19.94923210144043}, "costs": {"total_cost": 260.5712428898529, "time_cost": 79.793, "final_distance_cost": 1.8440928451429128, "oscillation_cost": 82.54202514439248, "completition_cost": 0.0, "overshoot_cost": 51.98345005984529, "power_cost": 21.956618786621096, "noise_cost": 22.452056053851106, "n_waypoints_completed": 9, "tot_waypoints": 9}}
{"target": -1361.1240006775622, "params": {"k_pid_pos": [1.3885554450422086, 0.024859491386256316, 0.44963268842268056], "k_pid_alt": [1.2679502233621702, 0.0, 0.06527723447865985], "k_pid_att": [43.948176657889235, 3.7802132718527557, 0.1845336041603497], "k_pid_yaw": [0.5, 1e-06, 0.1], "k_pid_hsp": [0.09847755819799779, 0.011264223901387349, 0.0], "k_pid_vsp": [194.7624155113164, 109.33732212261678, 150.7073891419256]}, "datetime": {"datetime": "2025-08-11 19:02:22", "elapsed": 9422.185694217682, "delta": 30.047568798065186}, "costs": {"total_cost": 1361.1240006775622, "time_cost": 150, "final_distance_cost": 8.186086257236346, "oscillation_cost": 4.168919184740689, "completition_cost": 1000.0, "overshoot_cost": 141.3055193152418, "power_cost": 29.41115328369141, "noise_cost": 28.0523226366519, "n_waypoints_completed": 0, "tot_waypoints": 9}}
{"target": -186.8732112468917, "params": {"k_pid_pos": [1.3885554450422086, 0.024859491386256316, 0.44963268842268056], "k_pid_alt": [1.2679502233621702, 0.0, 0.06527723447865985], "k_pid_att": [43.948176657889235, 3.8677381495188174, 0.5354455210588809], "k_pid_yaw": [0.5, 1e-06, 0.1], "k_pid_hsp": [0.09847755819799779, 0.011264223901387349, 0.0], "k_pid_vsp": [194.7624155113164, 307.0029666248519, 10.0]}, "datetime": {"datetime": "2025-08-11 19:02:40", "elapsed": 9440.00618672371, "delta": 17.82049250602722}, "costs": {"total_cost": 186.8732112468917, "time_cost": 69.769, "final_distance_cost": 1.8236100713694405, "oscillation_cost": 28.983770502375677, "completition_cost": 0.0, "overshoot_cost": 50.767277208950894, "power_cost": 17.894079382324218, "noise_cost": 17.635474081871482, "n_waypoints_completed": 9, "tot_waypoints": 9}}
{"target": -201.55256422933914, "params": {"k_pid_pos": [1.4340672435785011, 0.024859491386256316, 0.44963268842268056], "k_pid_alt": [1.2679502233621702, 0.798728739228488, 0.18431000208985737], "k_pid_att": [17.813414374173632, 3.8677381495188174, 0.591082821894856], "k_pid_yaw": [0.5, 1e-06, 0.1], "k_pid_hsp": [0.09847755819799779, 0.011264223901387349, 0.0], "k_pid_vsp": [194.7624155113164, 221.6078012742647, 10.0]}, "datetime": {"datetime": "2025-08-11 19:03:00", "elapsed": 9459.416464090347, "delta": 19.410277366638184}, "costs": {"total_cost": 201.55256422933914, "time_cost": 77.028, "final_distance_cost": 1.7886416311027706, "oscillation_cost": 31.640264676143858, "completition_cost": 0.0, "overshoot_cost": 52.4916937862115, "power_cost": 19.63351435546875, "noise_cost": 18.970449780412263, "n_waypoints_completed": 9, "tot_waypoints": 9}}
{"target": -211.12783567083864, "params": {"k_pid_pos": [1.3885554450422086, 0.641417904513436, 0.44963268842268056], "k_pid_alt": [1.2679502233621702, 0.0, 0.06527723447865985], "k_pid_att": [43.948176657889235, 3.8677381495188174, 0.1845336041603497], "k_pid_yaw": [0.5, 1e-06, 0.1], "k_pid_hsp": [0.09847755819799779, 0.011264223901387349, 0.0], "k_pid_vsp": [194.7624155113164, 307.0029666248519, 10.0]}, "datetime": {"datetime": "2025-08-11 19:03:20", "elapsed": 9479.717321157455, "delta": 20.300857067108154}, "costs": {"total_cost": 211.12783567083864, "time_cost": 80.962, "final_distance_cost": 1.7865210005678436, "oscillation_cost": 34.0134054240219, "completition_cost": 0.0, "overshoot_cost": 53.12341304383216, "power_cost": 20.94282052001953, "noise_cost": 20.299675682397194, "n_waypoints_completed": 9, "tot_waypoints": 9}}
