{"target": -183.4494638507864, "params": {"k_pid_pos": [1.0031316701085804, 0.024859491386256316, 0.40092638265648595], "k_pid_alt": [1.9160597436741602, 0.0, 0.06527723447865985], "k_pid_att": [54.227890723214855, 5.859554809351448, 0.666719676683535], "k_pid_yaw": [0.5, 1e-06, 0.1], "k_pid_hsp": [0.09847755819799779, 0.011264223901387349, 0.0], "k_pid_vsp": [264.9966777379314, 304.1795245652576, 2.77343605205192]}, "datetime": {"datetime": "2025-08-12 03:23:01", "elapsed": 39460.66809678078, "delta": 18.267454624176025}, "costs": {"total_cost": 183.4494638507864, "time_cost": 70.042, "final_distance_cost": 1.8336900449982414, "oscillation_cost": 25.874791287082445, "completition_cost": 0.0, "overshoot_cost": 50.63070445360313, "power_cost": 14.23622069091797, "noise_cost": 20.832057374184608, "n_waypoints_completed": 9, "tot_waypoints": 9}}
{"target": -908.1925286245539, "params": {"k_pid_pos": [1.0031316701085804, 0.024859491386256316, 0.40092638265648595], "k_pid_alt": [1.7297729984189598, 0.0, 0.06527723447865985], "k_pid_att": [54.227890723214855, 7.515433173258454, 0.666719676683535], "k_pid_yaw": [0.5, 1e-06, 0.1], "k_pid_hsp": [0.09847755819799779, 0.934385641909028, 0.0], "k_pid_vsp": [264.9966777379314, 304.1795245652576, 2.77343605205192]}, "datetime": {"datetime": "2025-08-12 03:23:33", "elapsed": 39492.508342027664, "delta": 31.840245246887207}, "costs": {"total_cost": 908.1925286245539, "time_cost": 150, "final_distance_cost": 54.14454636067963, "oscillation_cost": 125.62919854145967, "completition_cost": 444.4444444444444, "overshoot_cost": 65.01114224975093, "power_cost": 34.03274262695313, "noise_cost": 34.93045440126618, "n_waypoints_completed": 5, "tot_waypoints": 9}}
{"target": -183.37223372215468, "params": {"k_pid_pos": [1.0031316701085804, 0.024859491386256316, 0.40092638265648595], "k_pid_alt": [1.7297729984189598, 0.0, 0.06527723447865985], "k_pid_att": [37.12179941719916, 1.9360914828558924, 0.666719676683535], "k_pid_yaw": [0.5, 1e-06, 0.1], "k_pid_hsp": [0.09847755819799779, 0.011264223901387349, 0.0], "k_pid_vsp": [264.9966777379314, 140.03862743104432, 2.77343605205192]}, "datetime": {"datetime": "2025-08-12 03:23:50", "elapsed": 39509.789150476456, "delta": 17.280808448791504}, "costs": {"total_cost": 183.37223372215468, "time_cost": 70.133, "final_distance_cost": 1.8156517820988298, "oscillation_cost": 25.573876356731372, "completition_cost": 0.0, "overshoot_cost": 50.74693462552331, "power_cost": 14.186826428222657, "noise_cost": 20.915944529578535, "n_waypoints_completed": 9, "tot_waypoints": 9}}
{"target": -183.43029139569225, "params": {"k_pid_pos": [1.1018186029961792, 0.024859491386256316, 0.40092638265648595], "k_pid_alt": [1.9160597436741602, 0.0, 0.06527723447865985], "k_pid_att": [54.227890723214855, 5.859554809351448, 0.666719676683535], "k_pid_yaw": [0.5, 1e-06, 0.1], "k_pid_hsp": [0.09847755819799779, 0.011264223901387349, 0.0], "k_pid_vsp": [264.9966777379314, 304.1795245652576, 2.77343605205192]}, "datetime": {"datetime": "2025-08-12 03:24:08", "elapsed": 39527.55973529816, "delta": 17.77058482170105}, "costs": {"total_cost": 183.43029139569225, "time_cost": 69.734, "final_distance_cost": 1.8099210709384976, "oscillation_cost": 26.555851347846993, "completition_cost": 0.0, "overshoot_cost": 50.44309865962467, "power_cost": 14.251524755859375, "noise_cost": 20.63589556142274, "n_waypoints_completed": 9, "tot_waypoints": 9}}
{"target": -183.4494638507864, "params": {"k_pid_pos": [1.0031316701085804, 0.024859491386256316, 0.40092638265648595], "k_pid_alt": [1.9160597436741602, 0.0, 0.06527723447865985], "k_pid_att": [54.227890723214855, 5.859554809351448, 0.666719676683535], "k_pid_yaw": [0.5, 1e-06, 0.1], "k_pid_hsp": [0.09847755819799779, 0.011264223901387349, 0.0], "k_pid_vsp": [264.9966777379314, 304.1795245652576, 2.77343605205192]}, "datetime": {"datetime": "2025-08-12 03:24:26", "elapsed": 39545.69672513008, "delta": 18.13698983192444}, "costs": {"total_cost": 183.4494638507864, "time_cost": 70.042, "final_distance_cost": 1.8336900449982414, "oscillation_cost": 25.874791287082445, "completition_cost": 0.0, "overshoot_cost": 50.63070445360313, "power_cost": 14.23622069091797, "noise_cost": 20.832057374184608, "n_waypoints_completed": 9, "tot_waypoints": 9}}
{"target": -186.32146150185983, "params": {"k_pid_pos": [1.1018186029961792, 0.024859491386256316, 0.7556978754244337], "k_pid_alt": [1.9160597436741602, 0.0, 0.09225839282971338], "k_pid_att": [54.227890723214855, 1.1166001057131414, 0.666719676683535], "k_pid_yaw": [0.5, 1e-06, 0.1], "k_pid_hsp": [0.09847755819799779, 0.011264223901387349, 0.0], "k_pid_vsp": [264.9966777379314, 140.03862743104432, 2.77343605205192]}, "datetime": {"datetime": "2025-08-12 03:24:44", "elapsed": 39564.05016040802, "delta": 18.353435277938843}, "costs": {"total_cost": 186.32146150185983, "time_cost": 71.58200000000001, "final_distance_cost": 1.8402000382387047, "oscillation_cost": 25.38701725039726, "completition_cost": 0.0, "overshoot_cost": 51.337058610389505, "power_cost": 14.369898486328125, "noise_cost": 21.805287116506204, "n_waypoints_completed": 9, "tot_waypoints": 9}}
{"target": -191.56843181301645, "params": {"k_pid_pos": [1.0031316701085804, 0.024859491386256316, 0.40092638265648595], "k_pid_alt": [1.7297729984189598, 0.4911757657342978, 0.06527723447865985], "k_pid_att": [54.227890723214855, 5.859554809351448, 0.666719676683535], "k_pid_yaw": [0.5, 1e-06, 0.1], "k_pid_hsp": [0.09847755819799779, 0.011264223901387349, 0.0], "k_pid_vsp": [264.9966777379314, 304.1795245652576, 2.77343605205192]}, "datetime": {"datetime": "2025-08-12 03:25:03", "elapsed": 39582.61347579956, "delta": 18.563315391540527}, "costs": {"total_cost": 191.56843181301645, "time_cost": 75.614, "final_distance_cost": 1.806276572059201, "oscillation_cost": 26.754329875320483, "completition_cost": 0.0, "overshoot_cost": 50.9740629040337, "power_cost": 14.933066040039064, "noise_cost": 21.486696421564, "n_waypoints_completed": 9, "tot_waypoints": 9}}
{"target": -2118.3352881025057, "params": {"k_pid_pos": [1.0031316701085804, 0.024859491386256316, 0.40092638265648595], "k_pid_alt": [1.7297729984189598, 0.0, 0.06527723447865985], "k_pid_att": [54.227890723214855, 1.1166001057131414, 0.666719676683535], "k_pid_yaw": [0.5, 1e-06, 0.1], "k_pid_hsp": [0.09847755819799779, 0.011264223901387349, 0.8785162863972618], "k_pid_vsp": [264.9966777379314, 140.03862743104432, 2.77343605205192]}, "datetime": {"datetime": "2025-08-12 03:25:35", "elapsed": 39614.769466876984, "delta": 32.155991077423096}, "costs": {"total_cost": 2118.3352881025057, "time_cost": 150, "final_distance_cost": 56.95042566211456, "oscillation_cost": 822.8020469878245, "completition_cost": 888.8888888888888, "overshoot_cost": 136.37650460766858, "power_cost": 33.12826043701172, "noise_cost": 30.1891615189977, "n_waypoints_completed": 1, "tot_waypoints": 9}}
{"target": -240.75725586776002, "params": {"k_pid_pos": [1.0031316701085804, 0.7874051644805554, 0.40092638265648595], "k_pid_alt": [1.7297729984189598, 0.0, 0.06527723447865985], "k_pid_att": [54.227890723214855, 1.1166001057131414, 0.666719676683535], "k_pid_yaw": [0.5, 1e-06, 0.1], "k_pid_hsp": [0.09847755819799779, 0.011264223901387349, 0.0], "k_pid_vsp": [63.136911873539916, 140.03862743104432, 2.77343605205192]}, "datetime": {"datetime": "2025-08-12 03:25:59", "elapsed": 39639.262238264084, "delta": 24.49277138710022}, "costs": {"total_cost": 240.75725586776002, "time_cost": 93.891, "final_distance_cost": 1.7556699795941189, "oscillation_cost": 39.719090005747645, "completition_cost": 0.0, "overshoot_cost": 57.29246179061878, "power_cost": 20.08285059814453, "noise_cost": 28.016183493654992, "n_waypoints_completed": 9, "tot_waypoints": 9}}
{"target": -183.5742700760101, "params": {"k_pid_pos": [1.0031316701085804, 0.024859491386256316, 0.40092638265648595], "k_pid_alt": [1.9160597436741602, 0.0, 0.5405957282041112], "k_pid_att": [54.227890723214855, 9.879664871039932, 0.666719676683535], "k_pid_yaw": [0.5, 1e-06, 0.1], "k_pid_hsp": [0.09847755819799779, 0.011264223901387349, 0.0], "k_pid_vsp": [90.20309817429433, 140.03862743104432, 2.77343605205192]}, "datetime": {"datetime": "2025-08-12 03:26:18", "elapsed": 39657.7339925766, "delta": 18.47175431251526}, "costs": {"total_cost": 183.5742700760101, "time_cost": 70.336, "final_distance_cost": 1.8274464758802043, "oscillation_cost": 26.035556027936895, "completition_cost": 0.0, "overshoot_cost": 50.34568367935179, "power_cost": 14.273491394042969, "noise_cost": 20.75609249879825, "n_waypoints_completed": 9, "tot_waypoints": 9}}
{"target": -184.0927785056535, "params": {"k_pid_pos": [1.0031316701085804, 0.024859491386256316, 0.22876272759744842], "k_pid_alt": [1.7297729984189598, 0.0, 0.06527723447865985], "k_pid_att": [54.227890723214855, 5.859554809351448, 0.666719676683535], "k_pid_yaw": [0.5, 1e-06, 0.1], "k_pid_hsp": [0.09847755819799779, 0.011264223901387349, 0.0], "k_pid_vsp": [264.9966777379314, 304.1795245652576, 2.77343605205192]}, "datetime": {"datetime": "2025-08-12 03:26:37", "elapsed": 39677.36667203903, "delta": 19.63267946243286}, "costs": {"total_cost": 184.0927785056535, "time_cost": 69.83200000000001, "final_distance_cost": 1.7985019058221632, "oscillation_cost": 26.87005765619919, "completition_cost": 0.0, "overshoot_cost": 50.528693571838225, "power_cost": 14.373360327148438, "noise_cost": 20.690165044645475, "n_waypoints_completed": 9, "tot_waypoints": 9}}
{"target": -183.43029139569225, "params": {"k_pid_pos": [1.1018186029961792, 0.024859491386256316, 0.40092638265648595], "k_pid_alt": [1.9160597436741602, 0.0, 0.06527723447865985], "k_pid_att": [54.227890723214855, 5.859554809351448, 0.666719676683535], "k_pid_yaw": [0.5, 1e-06, 0.1], "k_pid_hsp": [0.09847755819799779, 0.011264223901387349, 0.0], "k_pid_vsp": [264.9966777379314, 304.1795245652576, 2.77343605205192]}, "datetime": {"datetime": "2025-08-12 03:26:55", "elapsed": 39694.816086530685, "delta": 17.449414491653442}, "costs": {"total_cost": 183.43029139569225, "time_cost": 69.734, "final_distance_cost": 1.8099210709384976, "oscillation_cost": 26.555851347846993, "completition_cost": 0.0, "overshoot_cost": 50.44309865962467, "power_cost": 14.251524755859375, "noise_cost": 20.63589556142274, "n_waypoints_completed": 9, "tot_waypoints": 9}}
{"target": -1459.7310569283065, "params": {"k_pid_pos": [1.1018186029961792, 0.024859491386256316, 0.40092638265648595], "k_pid_alt": [0.7820495451630411, 0.0, 0.06527723447865985], "k_pid_att": [87.04919764154812, 5.859554809351448, 0.666719676683535], "k_pid_yaw": [0.5, 1e-06, 0.1], "k_pid_hsp": [0.09847755819799779, 0.011264223901387349, 0.0], "k_pid_vsp": [199.8732204904465, 304.1795245652576, 288.50949909299254]}, "datetime": {"datetime": "2025-08-12 03:27:26", "elapsed": 39725.58765602112, "delta": 30.77156949043274}, "costs": {"total_cost": 1459.7310569283065, "time_cost": 150, "final_distance_cost": 0.9981534390324501, "oscillation_cost": 3.5779261534381446, "completition_cost": 1000.0, "overshoot_cost": 162.8155056297327, "power_cost": 29.351729199218752, "noise_cost": 112.98774250688444, "n_waypoints_completed": 0, "tot_waypoints": 9}}
{"target": -183.29173873452203, "params": {"k_pid_pos": [1.0031316701085804, 0.024859491386256316, 0.40092638265648595], "k_pid_alt": [1.7297729984189598, 0.0, 0.06527723447865985], "k_pid_att": [25.463483275157817, 5.859554809351448, 0.666719676683535], "k_pid_yaw": [0.5, 1e-06, 0.1], "k_pid_hsp": [0.09847755819799779, 0.011264223901387349, 0.0], "k_pid_vsp": [264.9966777379314, 304.1795245652576, 2.77343605205192]}, "datetime": {"datetime": "2025-08-12 03:27:45", "elapsed": 39744.45322871208, "delta": 18.865572690963745}, "costs": {"total_cost": 183.29173873452203, "time_cost": 69.958, "final_distance_cost": 1.827688998091301, "oscillation_cost": 26.089405561688785, "completition_cost": 0.0, "overshoot_cost": 50.5115138962055, "power_cost": 14.168877612304689, "noise_cost": 20.73625266623174, "n_waypoints_completed": 9, "tot_waypoints": 9}}
{"target": -1692.764635118747, "params": {"k_pid_pos": [1.0031316701085804, 0.024859491386256316, 0.40092638265648595], "k_pid_alt": [1.9160597436741602, 0.0, 0.06527723447865985], "k_pid_att": [54.227890723214855, 5.859554809351448, 0.666719676683535], "k_pid_yaw": [0.5, 1e-06, 0.1], "k_pid_hsp": [0.09847755819799779, 0.011264223901387349, 0.1821154888779204], "k_pid_vsp": [264.9966777379314, 62.95765988793378, 2.77343605205192]}, "datetime": {"datetime": "2025-08-12 03:28:16", "elapsed": 39776.232191085815, "delta": 31.77896237373352}, "costs": {"total_cost": 1692.764635118747, "time_cost": 150, "final_distance_cost": 34.70238316777108, "oscillation_cost": 788.8122133312363, "completition_cost": 555.5555555555555, "overshoot_cost": 100.21580134930717, "power_cost": 33.47703393554688, "noise_cost": 30.001647779329893, "n_waypoints_completed": 4, "tot_waypoints": 9}}
{"target": -1460.3839496348835, "params": {"k_pid_pos": [1.0031316701085804, 0.2554604167081139, 0.5055607170423029], "k_pid_alt": [1.7297729984189598, 0.0, 0.5287082247908043], "k_pid_att": [25.463483275157817, 5.859554809351448, 0.666719676683535], "k_pid_yaw": [0.5, 1e-06, 0.1], "k_pid_hsp": [0.09847755819799779, 0.011264223901387349, 0.0], "k_pid_vsp": [60.562912852454346, 304.1795245652576, 181.38069049668212]}, "datetime": {"datetime": "2025-08-12 03:28:48", "elapsed": 39807.72211766243, "delta": 31.48992657661438}, "costs": {"total_cost": 1460.3839496348835, "time_cost": 150, "final_distance_cost": 0.997660703863812, "oscillation_cost": 3.5401243251217247, "completition_cost": 1000.0, "overshoot_cost": 162.93925972957018, "power_cost": 29.285979736328127, "noise_cost": 113.62092513999958, "n_waypoints_completed": 0, "tot_waypoints": 9}}
{"target": -594.7837804084822, "params": {"k_pid_pos": [1.0031316701085804, 0.8036263173494688, 0.40092638265648595], "k_pid_alt": [1.9160597436741602, 0.47936494373462646, 0.06527723447865985], "k_pid_att": [54.227890723214855, 6.732676819945704, 0.666719676683535], "k_pid_yaw": [0.5, 1e-06, 0.1], "k_pid_hsp": [0.09847755819799779, 0.011264223901387349, 0.0], "k_pid_vsp": [264.9966777379314, 140.03862743104432, 2.77343605205192]}, "datetime": {"datetime": "2025-08-12 03:29:20", "elapsed": 39840.27582406998, "delta": 32.553706407547}, "costs": {"total_cost": 594.7837804084822, "time_cost": 150, "final_distance_cost": 65.22018359325293, "oscillation_cost": 48.8189350391409, "completition_cost": 222.2222222222222, "overshoot_cost": 49.99949372465996, "power_cost": 25.126379211425782, "noise_cost": 33.39656661778059, "n_waypoints_completed": 7, "tot_waypoints": 9}}
{"target": -203.42588419389165, "params": {"k_pid_pos": [0.4726195318321957, 0.024859491386256316, 0.40092638265648595], "k_pid_alt": [1.7297729984189598, 0.0, 0.06527723447865985], "k_pid_att": [25.463483275157817, 5.859554809351448, 0.39143200135910927], "k_pid_yaw": [0.5, 1e-06, 0.1], "k_pid_hsp": [0.09847755819799779, 0.011264223901387349, 0.0], "k_pid_vsp": [264.9966777379314, 140.03862743104432, 2.77343605205192]}, "datetime": {"datetime": "2025-08-12 03:29:43", "elapsed": 39863.148062467575, "delta": 22.872238397598267}, "costs": {"total_cost": 203.42588419389165, "time_cost": 85.057, "final_distance_cost": 1.861142964311502, "oscillation_cost": 19.758944553768632, "completition_cost": 0.0, "overshoot_cost": 52.68355991474562, "power_cost": 16.266204174804688, "noise_cost": 27.79903258626119, "n_waypoints_completed": 9, "tot_waypoints": 9}}
{"target": -183.62931417269007, "params": {"k_pid_pos": [1.0031316701085804, 0.024859491386256316, 0.40092638265648595], "k_pid_alt": [1.7297729984189598, 0.0, 0.06527723447865985], "k_pid_att": [25.463483275157817, 5.859554809351448, 0.666719676683535], "k_pid_yaw": [0.5, 1e-06, 0.1], "k_pid_hsp": [0.09847755819799779, 0.011264223901387349, 0.0], "k_pid_vsp": [264.9966777379314, 140.03862743104432, 2.77343605205192]}, "datetime": {"datetime": "2025-08-12 03:30:00", "elapsed": 39880.21571183205, "delta": 17.067649364471436}, "costs": {"total_cost": 183.62931417269007, "time_cost": 70.105, "final_distance_cost": 1.8312830627766823, "oscillation_cost": 25.833917151563156, "completition_cost": 0.0, "overshoot_cost": 50.80569610788417, "power_cost": 14.162457531738282, "noise_cost": 20.89096031872779, "n_waypoints_completed": 9, "tot_waypoints": 9}}
{"target": -183.6356968305452, "params": {"k_pid_pos": [1.0031316701085804, 0.024859491386256316, 0.40092638265648595], "k_pid_alt": [1.7297729984189598, 0.0, 0.06527723447865985], "k_pid_att": [54.227890723214855, 1.804321969363886, 0.8156350283449295], "k_pid_yaw": [0.5, 1e-06, 0.1], "k_pid_hsp": [0.09847755819799779, 0.011264223901387349, 0.0], "k_pid_vsp": [264.9966777379314, 140.03862743104432, 2.77343605205192]}, "datetime": {"datetime": "2025-08-12 03:30:20", "elapsed": 39899.98813700676, "delta": 19.772425174713135}, "costs": {"total_cost": 183.6356968305452, "time_cost": 70.175, "final_distance_cost": 1.821319145282596, "oscillation_cost": 25.58306689455535, "completition_cost": 0.0, "overshoot_cost": 50.788979817845956, "power_cost": 14.216370520019533, "noise_cost": 21.05096045284178, "n_waypoints_completed": 9, "tot_waypoints": 9}}
{"target": -196.84642341234007, "params": {"k_pid_pos": [0.931865230455928, 0.024859491386256316, 0.40092638265648595], "k_pid_alt": [1.7297729984189598, 0.26745061084868493, 0.06527723447865985], "k_pid_att": [54.227890723214855, 1.1166001057131414, 0.666719676683535], "k_pid_yaw": [0.5, 1e-06, 0.1], "k_pid_hsp": [0.09847755819799779, 0.011264223901387349, 0.0], "k_pid_vsp": [195.1487047182024, 140.03862743104432, 2.77343605205192]}, "datetime": {"datetime": "2025-08-12 03:30:40", "elapsed": 39920.02464079857, "delta": 20.036503791809082}, "costs": {"total_cost": 196.84642341234007, "time_cost": 79.891, "final_distance_cost": 1.782054035332666, "oscillation_cost": 25.655379299426087, "completition_cost": 0.0, "overshoot_cost": 51.318381644307, "power_cost": 15.463427844238282, "noise_cost": 22.73618058903601, "n_waypoints_completed": 9, "tot_waypoints": 9}}
{"target": -201.16030702149914, "params": {"k_pid_pos": [1.0031316701085804, 0.0972045644645837, 0.40092638265648595], "k_pid_alt": [1.7297729984189598, 0.0, 0.06527723447865985], "k_pid_att": [25.463483275157817, 5.859554809351448, 0.666719676683535], "k_pid_yaw": [0.5, 1e-06, 0.1], "k_pid_hsp": [0.09847755819799779, 0.011264223901387349, 0.01066281316812523], "k_pid_vsp": [159.45001298599757, 157.8230240226632, 2.77343605205192]}, "datetime": {"datetime": "2025-08-12 03:31:00", "elapsed": 39940.03858971596, "delta": 20.013948917388916}, "costs": {"total_cost": 201.16030702149914, "time_cost": 73.675, "final_distance_cost": 1.8274909461706774, "oscillation_cost": 37.01386908851714, "completition_cost": 0.0, "overshoot_cost": 51.435101620639344, "power_cost": 15.259434094238282, "noise_cost": 21.949411271933688, "n_waypoints_completed": 9, "tot_waypoints": 9}}
{"target": -183.76650065627467, "params": {"k_pid_pos": [1.0031316701085804, 0.024859491386256316, 0.40092638265648595], "k_pid_alt": [1.7297729984189598, 0.0, 0.053878507660848673], "k_pid_att": [37.12179941719916, 1.9360914828558924, 0.666719676683535], "k_pid_yaw": [0.5, 1e-06, 0.1], "k_pid_hsp": [0.09847755819799779, 0.011264223901387349, 0.0], "k_pid_vsp": [104.30040172718557, 140.03862743104432, 2.77343605205192]}, "datetime": {"datetime": "2025-08-12 03:31:18", "elapsed": 39958.24349927902, "delta": 18.204909563064575}, "costs": {"total_cost": 183.76650065627467, "time_cost": 70.028, "final_distance_cost": 1.83020238831737, "oscillation_cost": 26.024175775162394, "completition_cost": 0.0, "overshoot_cost": 50.79629898204712, "power_cost": 14.210474719238283, "noise_cost": 20.87734879150952, "n_waypoints_completed": 9, "tot_waypoints": 9}}
{"target": -183.49898057088512, "params": {"k_pid_pos": [1.0031316701085804, 0.024859491386256316, 0.40092638265648595], "k_pid_alt": [1.7297729984189598, 0.0, 0.06527723447865985], "k_pid_att": [54.227890723214855, 5.448237108225112, 0.666719676683535], "k_pid_yaw": [0.5, 1e-06, 0.1], "k_pid_hsp": [0.09847755819799779, 0.011264223901387349, 0.0], "k_pid_vsp": [264.9966777379314, 140.03862743104432, 2.77343605205192]}, "datetime": {"datetime": "2025-08-12 03:31:37", "elapsed": 39976.749374866486, "delta": 18.50587558746338}, "costs": {"total_cost": 183.49898057088512, "time_cost": 70.182, "final_distance_cost": 1.8184750929854296, "oscillation_cost": 25.757398861387845, "completition_cost": 0.0, "overshoot_cost": 50.52206870375231, "power_cost": 14.205531799316407, "noise_cost": 21.013506113443125, "n_waypoints_completed": 9, "tot_waypoints": 9}}
{"target": -213.39552604643052, "params": {"k_pid_pos": [1.1018186029961792, 0.024859491386256316, 0.40092638265648595], "k_pid_alt": [1.9160597436741602, 0.0, 0.06527723447865985], "k_pid_att": [54.227890723214855, 2.352529590908416, 0.16608962520040438], "k_pid_yaw": [0.5, 1e-06, 0.1], "k_pid_hsp": [0.09847755819799779, 0.10522572507436234, 0.0], "k_pid_vsp": [264.9966777379314, 304.1795245652576, 2.77343605205192]}, "datetime": {"datetime": "2025-08-12 03:31:56", "elapsed": 39995.48717856407, "delta": 18.73780369758606}, "costs": {"total_cost": 213.39552604643052, "time_cost": 73.339, "final_distance_cost": 1.8564543601261978, "oscillation_cost": 48.51946318465297, "completition_cost": 0.0, "overshoot_cost": 50.63702597279318, "power_cost": 16.059171032714843, "noise_cost": 22.98441149614331, "n_waypoints_completed": 9, "tot_waypoints": 9}}
