{"target": -1340.3522753621176, "params": {"k_pid_pos": [1.0303987325070019, 0.024859491386256316, 0.40092638265648595], "k_pid_alt": [1.7297729984189598, 0.0, 0.06527723447865985], "k_pid_att": [24.0942673894178, 0.18205753750414305, 0.8792759721912583], "k_pid_yaw": [0.5, 1e-06, 0.1], "k_pid_hsp": [0.09847755819799779, 0.011264223901387349, 0.8374187147485667], "k_pid_vsp": [292.94687076665593, 307.0029666248519, 21.011196465382298]}, "datetime": {"datetime": "2025-08-12 00:22:43", "elapsed": 28643.091423034668, "delta": 31.339138984680176}, "costs": {"total_cost": 1340.3522753621176, "time_cost": 150, "final_distance_cost": 36.92530838804142, "oscillation_cost": 439.42342109059445, "completition_cost": 555.5555555555555, "overshoot_cost": 99.62786130690783, "power_cost": 31.212405725097657, "noise_cost": 27.607723295920778, "n_waypoints_completed": 4, "tot_waypoints": 9}}
{"target": -184.7004404193153, "params": {"k_pid_pos": [1.0031316701085804, 0.024859491386256316, 0.40092638265648595], "k_pid_alt": [1.7297729984189598, 0.0, 0.06527723447865985], "k_pid_att": [35.543488255586034, 0.18205753750414305, 0.666719676683535], "k_pid_yaw": [0.5, 1e-06, 0.1], "k_pid_hsp": [0.09847755819799779, 0.011264223901387349, 0.0], "k_pid_vsp": [264.9966777379314, 307.0029666248519, 13.269141705997619]}, "datetime": {"datetime": "2025-08-12 00:23:01", "elapsed": 28660.982075214386, "delta": 17.890652179718018}, "costs": {"total_cost": 184.7004404193153, "time_cost": 70.042, "final_distance_cost": 1.8271143944865091, "oscillation_cost": 26.039034858209725, "completition_cost": 0.0, "overshoot_cost": 50.85847889443865, "power_cost": 18.057129650878906, "noise_cost": 17.876682621301512, "n_waypoints_completed": 9, "tot_waypoints": 9}}
{"target": -210.79591289811165, "params": {"k_pid_pos": [1.0031316701085804, 0.5975766577032856, 0.40092638265648595], "k_pid_alt": [1.7297729984189598, 0.0, 0.06527723447865985], "k_pid_att": [24.0942673894178, 5.859554809351448, 0.666719676683535], "k_pid_yaw": [0.5, 1e-06, 0.1], "k_pid_hsp": [0.09847755819799779, 0.011264223901387349, 0.0], "k_pid_vsp": [292.94687076665593, 307.0029666248519, 21.011196465382298]}, "datetime": {"datetime": "2025-08-12 00:23:22", "elapsed": 28682.279890298843, "delta": 21.297815084457397}, "costs": {"total_cost": 210.79591289811165, "time_cost": 82.348, "final_distance_cost": 1.793732506142627, "oscillation_cost": 33.14893271291848, "completition_cost": 0.0, "overshoot_cost": 51.96186479293104, "power_cost": 21.379905224609377, "noise_cost": 20.16347766151011, "n_waypoints_completed": 9, "tot_waypoints": 9}}
{"target": -235.28741193068572, "params": {"k_pid_pos": [1.0031316701085804, 0.829171023922357, 0.5553847934559067], "k_pid_alt": [1.7297729984189598, 0.0, 0.06527723447865985], "k_pid_att": [24.0942673894178, 0.18205753750414305, 0.8000710073097888], "k_pid_yaw": [0.5, 1e-06, 0.1], "k_pid_hsp": [0.09847755819799779, 0.011264223901387349, 0.0], "k_pid_vsp": [292.94687076665593, 307.0029666248519, 21.011196465382298]}, "datetime": {"datetime": "2025-08-12 00:23:47", "elapsed": 28706.94230365753, "delta": 24.662413358688354}, "costs": {"total_cost": 235.28741193068572, "time_cost": 93.268, "final_distance_cost": 1.7465914889784842, "oscillation_cost": 37.581841606361465, "completition_cost": 0.0, "overshoot_cost": 54.773211406591976, "power_cost": 24.263675805664064, "noise_cost": 23.65409162308975, "n_waypoints_completed": 9, "tot_waypoints": 9}}
{"target": -184.26631777098956, "params": {"k_pid_pos": [1.0031316701085804, 0.024859491386256316, 0.40092638265648595], "k_pid_alt": [1.7297729984189598, 0.0, 0.06527723447865985], "k_pid_att": [24.0942673894178, 5.859554809351448, 0.666719676683535], "k_pid_yaw": [0.5, 1e-06, 0.1], "k_pid_hsp": [0.09847755819799779, 0.011264223901387349, 0.0], "k_pid_vsp": [264.9966777379314, 307.0029666248519, 21.011196465382298]}, "datetime": {"datetime": "2025-08-12 00:24:05", "elapsed": 28724.399290561676, "delta": 17.456986904144287}, "costs": {"total_cost": 184.26631777098956, "time_cost": 70.028, "final_distance_cost": 1.8384083995869989, "oscillation_cost": 26.215678594637055, "completition_cost": 0.0, "overshoot_cost": 50.592499933521665, "power_cost": 17.9928791015625, "noise_cost": 17.598851741681326, "n_waypoints_completed": 9, "tot_waypoints": 9}}
{"target": -183.8110225273971, "params": {"k_pid_pos": [1.0031316701085804, 0.024859491386256316, 0.40092638265648595], "k_pid_alt": [1.7297729984189598, 0.0, 0.06527723447865985], "k_pid_att": [24.0942673894178, 0.18205753750414305, 0.666719676683535], "k_pid_yaw": [0.5, 1e-06, 0.1], "k_pid_hsp": [0.09847755819799779, 0.011264223901387349, 0.0], "k_pid_vsp": [292.94687076665593, 307.0029666248519, 21.011196465382298]}, "datetime": {"datetime": "2025-08-12 00:24:23", "elapsed": 28742.52494764328, "delta": 18.125657081604004}, "costs": {"total_cost": 183.8110225273971, "time_cost": 70.07000000000001, "final_distance_cost": 1.8304748413350997, "oscillation_cost": 25.975194414413714, "completition_cost": 0.0, "overshoot_cost": 50.3368091434941, "power_cost": 17.946738708496095, "noise_cost": 17.651805419658114, "n_waypoints_completed": 9, "tot_waypoints": 9}}
{"target": -195.3817375697966, "params": {"k_pid_pos": [1.0031316701085804, 0.4144180460981123, 0.8805880266982272], "k_pid_alt": [1.7297729984189598, 0.0, 0.06527723447865985], "k_pid_att": [24.0942673894178, 0.18205753750414305, 0.666719676683535], "k_pid_yaw": [0.5, 1e-06, 0.1], "k_pid_hsp": [0.09847755819799779, 0.011264223901387349, 0.0], "k_pid_vsp": [292.94687076665593, 191.6355082529379, 21.011196465382298]}, "datetime": {"datetime": "2025-08-12 00:24:41", "elapsed": 28761.329487800598, "delta": 18.804540157318115}, "costs": {"total_cost": 195.3817375697966, "time_cost": 77.126, "final_distance_cost": 1.8107051833558159, "oscillation_cost": 25.31861577242199, "completition_cost": 0.0, "overshoot_cost": 51.73845774835307, "power_cost": 19.72478955078125, "noise_cost": 19.66316931488448, "n_waypoints_completed": 9, "tot_waypoints": 9}}
{"target": -193.7946507969227, "params": {"k_pid_pos": [1.0031316701085804, 0.024859491386256316, 0.40092638265648595], "k_pid_alt": [1.7297729984189598, 0.0, 0.06527723447865985], "k_pid_att": [24.0942673894178, 1.326856224425946, 0.666719676683535], "k_pid_yaw": [0.5, 1e-06, 0.1], "k_pid_hsp": [2.82373402557605, 0.011264223901387349, 0.0], "k_pid_vsp": [292.94687076665593, 307.0029666248519, 21.011196465382298]}, "datetime": {"datetime": "2025-08-12 00:24:59", "elapsed": 28779.187315940857, "delta": 17.85782814025879}, "costs": {"total_cost": 193.7946507969227, "time_cost": 71.93900000000001, "final_distance_cost": 1.8486479544969738, "oscillation_cost": 31.946809067896204, "completition_cost": 0.0, "overshoot_cost": 50.282828465894525, "power_cost": 18.777219567871093, "noise_cost": 19.000145740763887, "n_waypoints_completed": 9, "tot_waypoints": 9}}
{"target": -1456.8580594881346, "params": {"k_pid_pos": [1.0031316701085804, 0.024859491386256316, 0.40092638265648595], "k_pid_alt": [1.7297729984189598, 0.0, 0.06527723447865985], "k_pid_att": [24.0942673894178, 0.18205753750414305, 0.666719676683535], "k_pid_yaw": [0.5, 1e-06, 0.1], "k_pid_hsp": [0.09847755819799779, 0.011264223901387349, 0.0], "k_pid_vsp": [292.94687076665593, 307.0029666248519, 309.53611816493424]}, "datetime": {"datetime": "2025-08-12 00:25:30", "elapsed": 28810.126668691635, "delta": 30.9393527507782}, "costs": {"total_cost": 1456.8580594881346, "time_cost": 150, "final_distance_cost": 0.9977653405091476, "oscillation_cost": 3.3847591095192273, "completition_cost": 1000.0, "overshoot_cost": 162.49680606007135, "power_cost": 29.37564519042969, "noise_cost": 110.60308378760534, "n_waypoints_completed": 0, "tot_waypoints": 9}}
{"target": -186.67859001193082, "params": {"k_pid_pos": [1.0031316701085804, 0.024859491386256316, 0.40092638265648595], "k_pid_alt": [1.7297729984189598, 0.0, 0.7330244434240826], "k_pid_att": [24.0942673894178, 0.18205753750414305, 0.0607414183622893], "k_pid_yaw": [0.5, 1e-06, 0.1], "k_pid_hsp": [0.09847755819799779, 0.011264223901387349, 0.0], "k_pid_vsp": [292.94687076665593, 307.0029666248519, 21.011196465382298]}, "datetime": {"datetime": "2025-08-12 00:25:48", "elapsed": 28827.454791545868, "delta": 17.328122854232788}, "costs": {"total_cost": 186.67859001193082, "time_cost": 70.917, "final_distance_cost": 1.8232357588151225, "oscillation_cost": 26.965843818423284, "completition_cost": 0.0, "overshoot_cost": 50.79539760118427, "power_cost": 18.318364489746095, "noise_cost": 17.858748343762038, "n_waypoints_completed": 9, "tot_waypoints": 9}}
{"target": -183.8110225273971, "params": {"k_pid_pos": [1.0031316701085804, 0.024859491386256316, 0.40092638265648595], "k_pid_alt": [1.7297729984189598, 0.0, 0.06527723447865985], "k_pid_att": [24.0942673894178, 0.18205753750414305, 0.666719676683535], "k_pid_yaw": [0.5, 1e-06, 0.1], "k_pid_hsp": [0.09847755819799779, 0.011264223901387349, 0.0], "k_pid_vsp": [292.94687076665593, 307.0029666248519, 21.011196465382298]}, "datetime": {"datetime": "2025-08-12 00:26:05", "elapsed": 28845.27085518837, "delta": 17.81606364250183}, "costs": {"total_cost": 183.8110225273971, "time_cost": 70.07000000000001, "final_distance_cost": 1.8304748413350997, "oscillation_cost": 25.975194414413714, "completition_cost": 0.0, "overshoot_cost": 50.3368091434941, "power_cost": 17.946738708496095, "noise_cost": 17.651805419658114, "n_waypoints_completed": 9, "tot_waypoints": 9}}
{"target": -187.87271621527373, "params": {"k_pid_pos": [1.6103210676380844, 0.024859491386256316, 0.40092638265648595], "k_pid_alt": [1.7297729984189598, 0.0, 0.06527723447865985], "k_pid_att": [24.0942673894178, 0.18205753750414305, 0.8792759721912583], "k_pid_yaw": [0.5, 1e-06, 0.1], "k_pid_hsp": [0.09847755819799779, 0.011264223901387349, 0.0], "k_pid_vsp": [292.94687076665593, 349.5841200661196, 21.011196465382298]}, "datetime": {"datetime": "2025-08-12 00:26:23", "elapsed": 28862.445608854294, "delta": 17.174753665924072}, "costs": {"total_cost": 187.87271621527373, "time_cost": 69.293, "final_distance_cost": 1.7827357160413748, "oscillation_cost": 30.305588438517237, "completition_cost": 0.0, "overshoot_cost": 50.83970921907253, "power_cost": 18.12658758544922, "noise_cost": 17.525095256193374, "n_waypoints_completed": 9, "tot_waypoints": 9}}
{"target": -250.14939852458716, "params": {"k_pid_pos": [1.0031316701085804, 0.024859491386256316, 0.40092638265648595], "k_pid_alt": [1.7297729984189598, 0.311886487495064, 0.06527723447865985], "k_pid_att": [24.0942673894178, 0.18205753750414305, 0.666719676683535], "k_pid_yaw": [0.5, 1e-06, 0.1], "k_pid_hsp": [0.09847755819799779, 0.011264223901387349, 0.0], "k_pid_vsp": [292.94687076665593, 307.0029666248519, 171.6297307383213]}, "datetime": {"datetime": "2025-08-12 00:26:50", "elapsed": 28889.463135004044, "delta": 27.017526149749756}, "costs": {"total_cost": 250.14939852458716, "time_cost": 106.302, "final_distance_cost": 1.7850165134259373, "oscillation_cost": 27.506089576673308, "completition_cost": 0.0, "overshoot_cost": 64.37890202336251, "power_cost": 26.08769677734375, "noise_cost": 24.089693633781618, "n_waypoints_completed": 9, "tot_waypoints": 9}}
{"target": -1348.8144034376264, "params": {"k_pid_pos": [1.0031316701085804, 0.024859491386256316, 0.40092638265648595], "k_pid_alt": [1.7297729984189598, 0.0, 0.06527723447865985], "k_pid_att": [24.0942673894178, 8.266025343052613, 0.8702719089110332], "k_pid_yaw": [0.5, 1e-06, 0.1], "k_pid_hsp": [0.09847755819799779, 0.011264223901387349, 0.5262079644990163], "k_pid_vsp": [292.94687076665593, 307.0029666248519, 21.011196465382298]}, "datetime": {"datetime": "2025-08-12 00:27:20", "elapsed": 28919.383228063583, "delta": 29.920093059539795}, "costs": {"total_cost": 1348.8144034376264, "time_cost": 150, "final_distance_cost": 38.715230233095916, "oscillation_cost": 451.3383797669212, "completition_cost": 555.5555555555555, "overshoot_cost": 94.60458519265607, "power_cost": 31.040863610839846, "noise_cost": 27.55978907855798, "n_waypoints_completed": 4, "tot_waypoints": 9}}
{"target": -202.72457710821988, "params": {"k_pid_pos": [1.0031316701085804, 0.49631364484586815, 0.6441154478304989], "k_pid_alt": [1.7297729984189598, 0.0, 0.9221190142294241], "k_pid_att": [24.0942673894178, 0.18205753750414305, 0.8000710073097888], "k_pid_yaw": [0.5, 1e-06, 0.1], "k_pid_hsp": [0.09847755819799779, 0.011264223901387349, 0.0], "k_pid_vsp": [292.94687076665593, 307.0029666248519, 21.011196465382298]}, "datetime": {"datetime": "2025-08-12 00:27:40", "elapsed": 28939.95697760582, "delta": 20.573749542236328}, "costs": {"total_cost": 202.72457710821988, "time_cost": 80.815, "final_distance_cost": 1.7767715169291196, "oscillation_cost": 27.7249077841293, "completition_cost": 0.0, "overshoot_cost": 52.04748146132591, "power_cost": 20.92867380371094, "noise_cost": 19.4317425421246, "n_waypoints_completed": 9, "tot_waypoints": 9}}
{"target": -209.518091093583, "params": {"k_pid_pos": [1.0031316701085804, 0.024859491386256316, 0.40092638265648595], "k_pid_alt": [1.2679502233621702, 0.0, 0.06527723447865985], "k_pid_att": [60.00379468331496, 5.67849514865483, 0.1370435391320406], "k_pid_yaw": [0.5, 1e-06, 0.1], "k_pid_hsp": [2.531864141693585, 0.417369258229189, 0.0], "k_pid_vsp": [292.94687076665593, 59.083466427248936, 21.011196465382298]}, "datetime": {"datetime": "2025-08-12 00:27:59", "elapsed": 28959.29767346382, "delta": 19.34069585800171}, "costs": {"total_cost": 209.518091093583, "time_cost": 73.325, "final_distance_cost": 1.8481884329400853, "oscillation_cost": 44.658115888618795, "completition_cost": 0.0, "overshoot_cost": 51.211847952490956, "power_cost": 19.25290919189453, "noise_cost": 19.222029627638626, "n_waypoints_completed": 9, "tot_waypoints": 9}}
{"target": -192.67954157397924, "params": {"k_pid_pos": [1.0031316701085804, 0.024859491386256316, 0.9451257094832697], "k_pid_alt": [1.7297729984189598, 0.0, 0.06527723447865985], "k_pid_att": [24.0942673894178, 0.18205753750414305, 0.8000710073097888], "k_pid_yaw": [0.5, 1e-06, 0.1], "k_pid_hsp": [0.09847755819799779, 0.011264223901387349, 0.0], "k_pid_vsp": [292.94687076665593, 307.0029666248519, 21.011196465382298]}, "datetime": {"datetime": "2025-08-12 00:28:18", "elapsed": 28978.176228284836, "delta": 18.878554821014404}, "costs": {"total_cost": 192.67954157397924, "time_cost": 75.57900000000001, "final_distance_cost": 1.8536383066153517, "oscillation_cost": 24.69198979036925, "completition_cost": 0.0, "overshoot_cost": 51.683776173814444, "power_cost": 19.334810876464843, "noise_cost": 19.536326426715338, "n_waypoints_completed": 9, "tot_waypoints": 9}}
{"target": -562.1529455806722, "params": {"k_pid_pos": [1.0031316701085804, 0.024859491386256316, 0.40092638265648595], "k_pid_alt": [1.7297729984189598, 0.0, 0.06527723447865985], "k_pid_att": [33.84276094051554, 5.859554809351448, 0.666719676683535], "k_pid_yaw": [0.5, 1e-06, 0.1], "k_pid_hsp": [0.09847755819799779, 0.5531972591780506, 0.0], "k_pid_vsp": [264.9966777379314, 348.21429157554047, 21.011196465382298]}, "datetime": {"datetime": "2025-08-12 00:28:49", "elapsed": 29008.692139863968, "delta": 30.51591157913208}, "costs": {"total_cost": 562.1529455806722, "time_cost": 150, "final_distance_cost": 32.55606611181736, "oscillation_cost": 135.70577019505816, "completition_cost": 111.11111111111116, "overshoot_cost": 64.06251943339187, "power_cost": 35.554807714843754, "noise_cost": 33.162671014449835, "n_waypoints_completed": 8, "tot_waypoints": 9}}
{"target": -187.87910958455538, "params": {"k_pid_pos": [1.8922997940790476, 0.024859491386256316, 0.7774444947807966], "k_pid_alt": [1.2679502233621702, 0.0, 0.06527723447865985], "k_pid_att": [24.0942673894178, 0.18205753750414305, 0.666719676683535], "k_pid_yaw": [0.5, 1e-06, 0.1], "k_pid_hsp": [0.09847755819799779, 0.011264223901387349, 0.0], "k_pid_vsp": [292.94687076665593, 307.0029666248519, 21.011196465382298]}, "datetime": {"datetime": "2025-08-12 00:29:07", "elapsed": 29026.80183529854, "delta": 18.109695434570312}, "costs": {"total_cost": 187.87910958455538, "time_cost": 69.531, "final_distance_cost": 1.812624487415943, "oscillation_cost": 29.49092478296083, "completition_cost": 0.0, "overshoot_cost": 51.167449941668345, "power_cost": 18.148423291015625, "noise_cost": 17.728687081494616, "n_waypoints_completed": 9, "tot_waypoints": 9}}
{"target": -240.632928791981, "params": {"k_pid_pos": [1.0031316701085804, 0.024859491386256316, 0.40092638265648595], "k_pid_alt": [1.7297729984189598, 0.0, 0.06527723447865985], "k_pid_att": [24.0942673894178, 7.421248308295844, 0.6718005340770477], "k_pid_yaw": [0.5, 1e-06, 0.1], "k_pid_hsp": [0.09847755819799779, 0.18838112831262277, 0.0], "k_pid_vsp": [292.94687076665593, 307.0029666248519, 21.011196465382298]}, "datetime": {"datetime": "2025-08-12 00:29:26", "elapsed": 29045.681953907013, "delta": 18.88011860847473}, "costs": {"total_cost": 240.632928791981, "time_cost": 76.979, "final_distance_cost": 1.8528507552972497, "oscillation_cost": 68.67159013622448, "completition_cost": 0.0, "overshoot_cost": 51.30701077264615, "power_cost": 20.994149731445315, "noise_cost": 20.828327396367797, "n_waypoints_completed": 9, "tot_waypoints": 9}}
{"target": -185.5643725702256, "params": {"k_pid_pos": [1.0031316701085804, 0.024859491386256316, 0.40092638265648595], "k_pid_alt": [1.7297729984189598, 0.0, 0.26610943802920406], "k_pid_att": [24.0942673894178, 0.18205753750414305, 0.3883664380867584], "k_pid_yaw": [0.5, 1e-06, 0.1], "k_pid_hsp": [0.09847755819799779, 0.011264223901387349, 0.0], "k_pid_vsp": [292.94687076665593, 94.28610281764664, 21.011196465382298]}, "datetime": {"datetime": "2025-08-12 00:29:44", "elapsed": 29064.024768590927, "delta": 18.342814683914185}, "costs": {"total_cost": 185.5643725702256, "time_cost": 70.525, "final_distance_cost": 1.8317041260131233, "oscillation_cost": 25.760914132926576, "completition_cost": 0.0, "overshoot_cost": 51.08508452952671, "power_cost": 18.211563940429688, "noise_cost": 18.1501058413295, "n_waypoints_completed": 9, "tot_waypoints": 9}}
{"target": -197.2652894312852, "params": {"k_pid_pos": [1.0031316701085804, 0.024859491386256316, 0.40092638265648595], "k_pid_alt": [1.7297729984189598, 0.0, 0.23665804942399393], "k_pid_att": [24.0942673894178, 0.18205753750414305, 0.0607414183622893], "k_pid_yaw": [0.5, 1e-06, 0.1], "k_pid_hsp": [0.09847755819799779, 0.011264223901387349, 0.0], "k_pid_vsp": [2.7156893520380088, 307.0029666248519, 21.011196465382298]}, "datetime": {"datetime": "2025-08-12 00:30:02", "elapsed": 29081.744445562363, "delta": 17.719676971435547}, "costs": {"total_cost": 197.2652894312852, "time_cost": 73.157, "final_distance_cost": 1.8361636377922559, "oscillation_cost": 33.706658175665545, "completition_cost": 0.0, "overshoot_cost": 52.31406412380719, "power_cost": 19.41162840576172, "noise_cost": 16.839775088258502, "n_waypoints_completed": 9, "tot_waypoints": 9}}
{"target": -183.8110225273971, "params": {"k_pid_pos": [1.0031316701085804, 0.024859491386256316, 0.40092638265648595], "k_pid_alt": [1.7297729984189598, 0.0, 0.06527723447865985], "k_pid_att": [24.0942673894178, 0.18205753750414305, 0.666719676683535], "k_pid_yaw": [0.5, 1e-06, 0.1], "k_pid_hsp": [0.09847755819799779, 0.011264223901387349, 0.0], "k_pid_vsp": [292.94687076665593, 307.0029666248519, 21.011196465382298]}, "datetime": {"datetime": "2025-08-12 00:30:20", "elapsed": 29099.474992513657, "delta": 17.730546951293945}, "costs": {"total_cost": 183.8110225273971, "time_cost": 70.07000000000001, "final_distance_cost": 1.8304748413350997, "oscillation_cost": 25.975194414413714, "completition_cost": 0.0, "overshoot_cost": 50.3368091434941, "power_cost": 17.946738708496095, "noise_cost": 17.651805419658114, "n_waypoints_completed": 9, "tot_waypoints": 9}}
{"target": -183.8110225273971, "params": {"k_pid_pos": [1.0031316701085804, 0.024859491386256316, 0.40092638265648595], "k_pid_alt": [1.7297729984189598, 0.0, 0.06527723447865985], "k_pid_att": [24.0942673894178, 0.18205753750414305, 0.666719676683535], "k_pid_yaw": [0.5, 1e-06, 0.1], "k_pid_hsp": [0.09847755819799779, 0.011264223901387349, 0.0], "k_pid_vsp": [292.94687076665593, 307.0029666248519, 21.011196465382298]}, "datetime": {"datetime": "2025-08-12 00:30:37", "elapsed": 29116.787560224533, "delta": 17.312567710876465}, "costs": {"total_cost": 183.8110225273971, "time_cost": 70.07000000000001, "final_distance_cost": 1.8304748413350997, "oscillation_cost": 25.975194414413714, "completition_cost": 0.0, "overshoot_cost": 50.3368091434941, "power_cost": 17.946738708496095, "noise_cost": 17.651805419658114, "n_waypoints_completed": 9, "tot_waypoints": 9}}
{"target": -183.8110225273971, "params": {"k_pid_pos": [1.0031316701085804, 0.024859491386256316, 0.40092638265648595], "k_pid_alt": [1.7297729984189598, 0.0, 0.06527723447865985], "k_pid_att": [24.0942673894178, 0.18205753750414305, 0.666719676683535], "k_pid_yaw": [0.5, 1e-06, 0.1], "k_pid_hsp": [0.09847755819799779, 0.011264223901387349, 0.0], "k_pid_vsp": [292.94687076665593, 307.0029666248519, 21.011196465382298]}, "datetime": {"datetime": "2025-08-12 00:30:55", "elapsed": 29134.454307556152, "delta": 17.666747331619263}, "costs": {"total_cost": 183.8110225273971, "time_cost": 70.07000000000001, "final_distance_cost": 1.8304748413350997, "oscillation_cost": 25.975194414413714, "completition_cost": 0.0, "overshoot_cost": 50.3368091434941, "power_cost": 17.946738708496095, "noise_cost": 17.651805419658114, "n_waypoints_completed": 9, "tot_waypoints": 9}}
