{"target": -871.9839964349602, "params": {"k_pid_pos": [0.14121371977802274, 0.024859491386256316, 0.40092638265648595], "k_pid_alt": [1.7297729984189598, 0.0, 0.06527723447865985], "k_pid_att": [25.463483275157817, 1.4953935029224072, 0.666719676683535], "k_pid_yaw": [0.5, 1e-06, 0.1], "k_pid_hsp": [0.09847755819799779, 0.011264223901387349, 0.0], "k_pid_vsp": [264.9966777379314, 304.1795245652576, 2.77343605205192]}, "datetime": {"datetime": "2025-08-12 04:36:11", "elapsed": 43850.60150766373, "delta": 32.38815712928772}, "costs": {"total_cost": 871.9839964349602, "time_cost": 150, "final_distance_cost": 45.28940813436409, "oscillation_cost": 6.278238642357161, "completition_cost": 555.5555555555555, "overshoot_cost": 60.77483203975169, "power_cost": 21.40524188232422, "noise_cost": 32.68072018060741, "n_waypoints_completed": 4, "tot_waypoints": 9}}
{"target": -183.4711194177595, "params": {"k_pid_pos": [1.0031316701085804, 0.024859491386256316, 0.42495672118777295], "k_pid_alt": [1.85112020821355, 0.0, 0.06527723447865985], "k_pid_att": [25.06356558820614, 1.6793952317322878, 0.666719676683535], "k_pid_yaw": [0.5, 1e-06, 0.1], "k_pid_hsp": [0.09847755819799779, 0.011264223901387349, 0.0], "k_pid_vsp": [264.9966777379314, 304.1795245652576, 2.77343605205192]}, "datetime": {"datetime": "2025-08-12 04:36:28", "elapsed": 43867.70831108093, "delta": 17.10680341720581}, "costs": {"total_cost": 183.4711194177595, "time_cost": 70.063, "final_distance_cost": 1.8208866941616662, "oscillation_cost": 25.764779131473357, "completition_cost": 0.0, "overshoot_cost": 50.71275463520175, "power_cost": 14.227691748046876, "noise_cost": 20.882007208875848, "n_waypoints_completed": 9, "tot_waypoints": 9}}
{"target": -195.0813114861142, "params": {"k_pid_pos": [1.0031316701085804, 0.024859491386256316, 0.40092638265648595], "k_pid_alt": [1.2331807735298297, 0.7293547064325894, 0.06527723447865985], "k_pid_att": [25.463483275157817, 1.5839964871973657, 0.666719676683535], "k_pid_yaw": [0.5, 1e-06, 0.1], "k_pid_hsp": [0.09847755819799779, 0.011264223901387349, 0.0], "k_pid_vsp": [264.9966777379314, 304.1795245652576, 2.77343605205192]}, "datetime": {"datetime": "2025-08-12 04:36:49", "elapsed": 43889.20803523064, "delta": 21.49972414970398}, "costs": {"total_cost": 195.0813114861142, "time_cost": 76.608, "final_distance_cost": 1.7802803155884879, "oscillation_cost": 27.626741696945736, "completition_cost": 0.0, "overshoot_cost": 52.164064131369855, "power_cost": 15.421744543457033, "noise_cost": 21.48048079875309, "n_waypoints_completed": 9, "tot_waypoints": 9}}
{"target": -183.63283282482442, "params": {"k_pid_pos": [1.0031316701085804, 0.024859491386256316, 0.40092638265648595], "k_pid_alt": [1.7297729984189598, 0.0, 0.06527723447865985], "k_pid_att": [25.463483275157817, 5.859554809351448, 0.666719676683535], "k_pid_yaw": [0.5, 1e-06, 0.1], "k_pid_hsp": [0.09847755819799779, 0.011264223901387349, 0.0], "k_pid_vsp": [303.00008221409286, 140.03862743104432, 2.77343605205192]}, "datetime": {"datetime": "2025-08-12 04:37:07", "elapsed": 43906.67772269249, "delta": 17.469687461853027}, "costs": {"total_cost": 183.63283282482442, "time_cost": 70.14, "final_distance_cost": 1.8240404984480676, "oscillation_cost": 25.650869710845942, "completition_cost": 0.0, "overshoot_cost": 50.97996690945465, "power_cost": 14.189443969726563, "noise_cost": 20.848511736349195, "n_waypoints_completed": 9, "tot_waypoints": 9}}
{"target": -473.9453105992724, "params": {"k_pid_pos": [1.0031316701085804, 0.3070634710282163, 0.40092638265648595], "k_pid_alt": [1.7297729984189598, 0.0, 0.06527723447865985], "k_pid_att": [25.463483275157817, 5.859554809351448, 0.666719676683535], "k_pid_yaw": [0.5, 1e-06, 0.1], "k_pid_hsp": [5.102248909689673, 0.011264223901387349, 0.8371457900595851], "k_pid_vsp": [303.00008221409286, 140.03862743104432, 2.77343605205192]}, "datetime": {"datetime": "2025-08-12 04:37:28", "elapsed": 43928.09139037132, "delta": 21.413667678833008}, "costs": {"total_cost": 473.9453105992724, "time_cost": 81.48, "final_distance_cost": 1.7821413469704948, "oscillation_cost": 293.9830764463875, "completition_cost": 0.0, "overshoot_cost": 52.64081426279498, "power_cost": 20.620600036621095, "noise_cost": 23.438678506498242, "n_waypoints_completed": 9, "tot_waypoints": 9}}
{"target": -183.57714967859232, "params": {"k_pid_pos": [1.0031316701085804, 0.024859491386256316, 0.42495672118777295], "k_pid_alt": [1.85112020821355, 0.0, 0.06527723447865985], "k_pid_att": [25.06356558820614, 7.347914484943822, 0.666719676683535], "k_pid_yaw": [0.5, 1e-06, 0.1], "k_pid_hsp": [0.09847755819799779, 0.011264223901387349, 0.0], "k_pid_vsp": [264.9966777379314, 304.1795245652576, 2.77343605205192]}, "datetime": {"datetime": "2025-08-12 04:37:46", "elapsed": 43945.74812889099, "delta": 17.65673851966858}, "costs": {"total_cost": 183.57714967859232, "time_cost": 70.042, "final_distance_cost": 1.8186036247690702, "oscillation_cost": 26.080576506979344, "completition_cost": 0.0, "overshoot_cost": 50.53341980164096, "power_cost": 14.252910876464844, "noise_cost": 20.849638868738104, "n_waypoints_completed": 9, "tot_waypoints": 9}}
{"target": -1349.7807310572935, "params": {"k_pid_pos": [1.0031316701085804, 0.024859491386256316, 0.42495672118777295], "k_pid_alt": [1.85112020821355, 0.0, 0.06527723447865985], "k_pid_att": [25.06356558820614, 7.347914484943822, 0.666719676683535], "k_pid_yaw": [0.5, 1e-06, 0.1], "k_pid_hsp": [0.09847755819799779, 0.6263404903738966, 0.9374799016337715], "k_pid_vsp": [264.9966777379314, 304.1795245652576, 2.77343605205192]}, "datetime": {"datetime": "2025-08-12 04:38:18", "elapsed": 43977.52052474022, "delta": 31.772395849227905}, "costs": {"total_cost": 1349.7807310572935, "time_cost": 150, "final_distance_cost": 46.6880920111935, "oscillation_cost": 549.4585625030031, "completition_cost": 444.4444444444444, "overshoot_cost": 99.26804887090071, "power_cost": 28.632979052734377, "noise_cost": 31.28860417501764, "n_waypoints_completed": 5, "tot_waypoints": 9}}
{"target": -199.20232188551088, "params": {"k_pid_pos": [1.0031316701085804, 0.024859491386256316, 0.40092638265648595], "k_pid_alt": [1.7297729984189598, 0.23511992424077377, 0.06527723447865985], "k_pid_att": [25.463483275157817, 5.859554809351448, 0.666719676683535], "k_pid_yaw": [0.5, 1e-06, 0.1], "k_pid_hsp": [0.09847755819799779, 0.011264223901387349, 0.0], "k_pid_vsp": [396.0685551233308, 304.1795245652576, 2.77343605205192]}, "datetime": {"datetime": "2025-08-12 04:38:39", "elapsed": 43998.61305093765, "delta": 21.09252619743347}, "costs": {"total_cost": 199.20232188551088, "time_cost": 80.584, "final_distance_cost": 1.8118855402111718, "oscillation_cost": 26.408839692321127, "completition_cost": 0.0, "overshoot_cost": 51.682797608525924, "power_cost": 15.734595727539062, "noise_cost": 22.98020331691359, "n_waypoints_completed": 9, "tot_waypoints": 9}}
{"target": -183.29173873452203, "params": {"k_pid_pos": [1.0031316701085804, 0.024859491386256316, 0.40092638265648595], "k_pid_alt": [1.7297729984189598, 0.0, 0.06527723447865985], "k_pid_att": [25.463483275157817, 5.859554809351448, 0.666719676683535], "k_pid_yaw": [0.5, 1e-06, 0.1], "k_pid_hsp": [0.09847755819799779, 0.011264223901387349, 0.0], "k_pid_vsp": [264.9966777379314, 304.1795245652576, 2.77343605205192]}, "datetime": {"datetime": "2025-08-12 04:38:56", "elapsed": 44015.81885123253, "delta": 17.2058002948761}, "costs": {"total_cost": 183.29173873452203, "time_cost": 69.958, "final_distance_cost": 1.827688998091301, "oscillation_cost": 26.089405561688785, "completition_cost": 0.0, "overshoot_cost": 50.5115138962055, "power_cost": 14.168877612304689, "noise_cost": 20.73625266623174, "n_waypoints_completed": 9, "tot_waypoints": 9}}
{"target": -202.09257183478857, "params": {"k_pid_pos": [1.0031316701085804, 0.024859491386256316, 0.40092638265648595], "k_pid_alt": [1.7297729984189598, 0.0, 0.6137735415975708], "k_pid_att": [25.463483275157817, 7.389614396826664, 0.332604625203343], "k_pid_yaw": [0.5, 1e-06, 0.1], "k_pid_hsp": [0.09847755819799779, 0.011264223901387349, 0.0], "k_pid_vsp": [264.9966777379314, 304.1795245652576, 134.18887080171567]}, "datetime": {"datetime": "2025-08-12 04:39:18", "elapsed": 44038.11809706688, "delta": 22.299245834350586}, "costs": {"total_cost": 202.09257183478857, "time_cost": 78.568, "final_distance_cost": 1.8311178785570892, "oscillation_cost": 26.007392821652207, "completition_cost": 0.0, "overshoot_cost": 55.77335215196058, "power_cost": 20.396489782714845, "noise_cost": 19.516219199903848, "n_waypoints_completed": 9, "tot_waypoints": 9}}
{"target": -213.43953947834177, "params": {"k_pid_pos": [1.0031316701085804, 0.024859491386256316, 0.40092638265648595], "k_pid_alt": [1.9160597436741602, 0.9635827266688368, 0.07444874772262577], "k_pid_att": [54.227890723214855, 5.859554809351448, 0.45703935313105737], "k_pid_yaw": [0.5, 1e-06, 0.1], "k_pid_hsp": [1.6091290401443616, 0.17468130283637484, 0.0], "k_pid_vsp": [264.9966777379314, 225.6587008239998, 2.77343605205192]}, "datetime": {"datetime": "2025-08-12 04:39:38", "elapsed": 44058.14080834389, "delta": 20.022711277008057}, "costs": {"total_cost": 213.43953947834177, "time_cost": 80.262, "final_distance_cost": 1.8057667358235676, "oscillation_cost": 40.31703482731741, "completition_cost": 0.0, "overshoot_cost": 51.901411377383575, "power_cost": 16.710559045410157, "noise_cost": 22.4427674924071, "n_waypoints_completed": 9, "tot_waypoints": 9}}
{"target": -238.94168054514418, "params": {"k_pid_pos": [1.0031316701085804, 0.024859491386256316, 0.40092638265648595], "k_pid_alt": [0.3962738159349328, 0.8984722875703363, 0.06527723447865985], "k_pid_att": [25.463483275157817, 5.859554809351448, 0.666719676683535], "k_pid_yaw": [0.5, 1e-06, 0.1], "k_pid_hsp": [2.1598229789125103, 0.011264223901387349, 0.0], "k_pid_vsp": [264.9966777379314, 346.7220933136474, 2.77343605205192]}, "datetime": {"datetime": "2025-08-12 04:40:04", "elapsed": 44083.6101231575, "delta": 25.46931481361389}, "costs": {"total_cost": 238.94168054514418, "time_cost": 94.07300000000001, "final_distance_cost": 1.8122186750860367, "oscillation_cost": 37.97754926868963, "completition_cost": 0.0, "overshoot_cost": 60.14972278881231, "power_cost": 18.814132397460938, "noise_cost": 26.11505741509527, "n_waypoints_completed": 9, "tot_waypoints": 9}}
{"target": -183.08407650406252, "params": {"k_pid_pos": [1.0031316701085804, 0.024859491386256316, 0.40092638265648595], "k_pid_alt": [1.7297729984189598, 0.0, 0.06527723447865985], "k_pid_att": [10.85276784655954, 1.4953935029224072, 0.666719676683535], "k_pid_yaw": [0.5, 1e-06, 0.1], "k_pid_hsp": [0.09847755819799779, 0.011264223901387349, 0.0], "k_pid_vsp": [264.9966777379314, 304.1795245652576, 2.77343605205192]}, "datetime": {"datetime": "2025-08-12 04:40:21", "elapsed": 44100.67968058586, "delta": 17.069557428359985}, "costs": {"total_cost": 183.08407650406252, "time_cost": 69.97200000000001, "final_distance_cost": 1.8232561110929182, "oscillation_cost": 25.830634925397458, "completition_cost": 0.0, "overshoot_cost": 50.605337999513814, "power_cost": 14.15017557373047, "noise_cost": 20.702671894327832, "n_waypoints_completed": 9, "tot_waypoints": 9}}
{"target": -183.29173873452203, "params": {"k_pid_pos": [1.0031316701085804, 0.024859491386256316, 0.40092638265648595], "k_pid_alt": [1.7297729984189598, 0.0, 0.06527723447865985], "k_pid_att": [25.463483275157817, 5.859554809351448, 0.666719676683535], "k_pid_yaw": [0.5, 1e-06, 0.1], "k_pid_hsp": [0.09847755819799779, 0.011264223901387349, 0.0], "k_pid_vsp": [264.9966777379314, 304.1795245652576, 2.77343605205192]}, "datetime": {"datetime": "2025-08-12 04:40:40", "elapsed": 44119.45692229271, "delta": 18.777241706848145}, "costs": {"total_cost": 183.29173873452203, "time_cost": 69.958, "final_distance_cost": 1.827688998091301, "oscillation_cost": 26.089405561688785, "completition_cost": 0.0, "overshoot_cost": 50.5115138962055, "power_cost": 14.168877612304689, "noise_cost": 20.73625266623174, "n_waypoints_completed": 9, "tot_waypoints": 9}}
{"target": -183.29173873452203, "params": {"k_pid_pos": [1.0031316701085804, 0.024859491386256316, 0.40092638265648595], "k_pid_alt": [1.7297729984189598, 0.0, 0.06527723447865985], "k_pid_att": [25.463483275157817, 5.859554809351448, 0.666719676683535], "k_pid_yaw": [0.5, 1e-06, 0.1], "k_pid_hsp": [0.09847755819799779, 0.011264223901387349, 0.0], "k_pid_vsp": [264.9966777379314, 304.1795245652576, 2.77343605205192]}, "datetime": {"datetime": "2025-08-12 04:40:57", "elapsed": 44136.75752949715, "delta": 17.300607204437256}, "costs": {"total_cost": 183.29173873452203, "time_cost": 69.958, "final_distance_cost": 1.827688998091301, "oscillation_cost": 26.089405561688785, "completition_cost": 0.0, "overshoot_cost": 50.5115138962055, "power_cost": 14.168877612304689, "noise_cost": 20.73625266623174, "n_waypoints_completed": 9, "tot_waypoints": 9}}
{"target": -183.29173873452203, "params": {"k_pid_pos": [1.0031316701085804, 0.024859491386256316, 0.40092638265648595], "k_pid_alt": [1.7297729984189598, 0.0, 0.06527723447865985], "k_pid_att": [25.463483275157817, 5.859554809351448, 0.666719676683535], "k_pid_yaw": [0.5, 1e-06, 0.1], "k_pid_hsp": [0.09847755819799779, 0.011264223901387349, 0.0], "k_pid_vsp": [264.9966777379314, 304.1795245652576, 2.77343605205192]}, "datetime": {"datetime": "2025-08-12 04:41:17", "elapsed": 44156.44287323952, "delta": 19.685343742370605}, "costs": {"total_cost": 183.29173873452203, "time_cost": 69.958, "final_distance_cost": 1.827688998091301, "oscillation_cost": 26.089405561688785, "completition_cost": 0.0, "overshoot_cost": 50.5115138962055, "power_cost": 14.168877612304689, "noise_cost": 20.73625266623174, "n_waypoints_completed": 9, "tot_waypoints": 9}}
{"target": -183.43474742314763, "params": {"k_pid_pos": [1.0031316701085804, 0.024859491386256316, 0.42495672118777295], "k_pid_alt": [1.85112020821355, 0.0, 0.06527723447865985], "k_pid_att": [25.463483275157817, 4.819059953965517, 0.666719676683535], "k_pid_yaw": [0.5, 1e-06, 0.1], "k_pid_hsp": [0.09847755819799779, 0.011264223901387349, 0.0], "k_pid_vsp": [264.9966777379314, 304.1795245652576, 2.77343605205192]}, "datetime": {"datetime": "2025-08-12 04:41:34", "elapsed": 44173.63325548172, "delta": 17.19038224220276}, "costs": {"total_cost": 183.43474742314763, "time_cost": 70.049, "final_distance_cost": 1.8285131034201707, "oscillation_cost": 25.865726949138832, "completition_cost": 0.0, "overshoot_cost": 50.599395307690465, "power_cost": 14.245681005859376, "noise_cost": 20.84643105703879, "n_waypoints_completed": 9, "tot_waypoints": 9}}
{"target": -184.23332624697602, "params": {"k_pid_pos": [1.0031316701085804, 0.024859491386256316, 0.4406215183689992], "k_pid_alt": [1.7297729984189598, 0.0, 0.06527723447865985], "k_pid_att": [25.463483275157817, 5.859554809351448, 0.666719676683535], "k_pid_yaw": [0.5, 1e-06, 0.1], "k_pid_hsp": [0.09847755819799779, 0.011264223901387349, 0.0], "k_pid_vsp": [303.00008221409286, 140.03862743104432, 2.77343605205192]}, "datetime": {"datetime": "2025-08-12 04:41:52", "elapsed": 44192.04075741768, "delta": 18.407501935958862}, "costs": {"total_cost": 184.23332624697602, "time_cost": 70.273, "final_distance_cost": 1.83498919626489, "oscillation_cost": 25.782354083542426, "completition_cost": 0.0, "overshoot_cost": 51.233854363559225, "power_cost": 14.15197724609375, "noise_cost": 20.957151357515745, "n_waypoints_completed": 9, "tot_waypoints": 9}}
{"target": -183.78305961236606, "params": {"k_pid_pos": [1.0031316701085804, 0.024859491386256316, 0.24811529247660413], "k_pid_alt": [1.7297729984189598, 0.0, 0.06527723447865985], "k_pid_att": [25.463483275157817, 5.859554809351448, 0.2962482180956587], "k_pid_yaw": [0.5, 1e-06, 0.1], "k_pid_hsp": [0.09847755819799779, 0.011264223901387349, 0.0], "k_pid_vsp": [237.37114527084637, 140.03862743104432, 2.77343605205192]}, "datetime": {"datetime": "2025-08-12 04:42:09", "elapsed": 44208.76935482025, "delta": 16.728597402572632}, "costs": {"total_cost": 183.78305961236606, "time_cost": 69.867, "final_distance_cost": 1.8301900624797087, "oscillation_cost": 26.634919068704576, "completition_cost": 0.0, "overshoot_cost": 50.51719221307285, "power_cost": 14.239701135253908, "noise_cost": 20.694057132855008, "n_waypoints_completed": 9, "tot_waypoints": 9}}
{"target": -224.81219557734184, "params": {"k_pid_pos": [1.0031316701085804, 0.14858559632353818, 0.42495672118777295], "k_pid_alt": [1.85112020821355, 0.0, 0.06527723447865985], "k_pid_att": [50.43782855084127, 7.335409208074745, 0.666719676683535], "k_pid_yaw": [0.5, 1e-06, 0.1], "k_pid_hsp": [0.09847755819799779, 0.011264223901387349, 0.0], "k_pid_vsp": [264.9966777379314, 304.1795245652576, 155.14480512508212]}, "datetime": {"datetime": "2025-08-12 04:42:32", "elapsed": 44231.691465616226, "delta": 22.92211079597473}, "costs": {"total_cost": 224.81219557734184, "time_cost": 89.397, "final_distance_cost": 1.7999306064327243, "oscillation_cost": 26.63483557066819, "completition_cost": 0.0, "overshoot_cost": 60.77081131923961, "power_cost": 23.021909826660156, "noise_cost": 23.187708254341153, "n_waypoints_completed": 9, "tot_waypoints": 9}}
{"target": -1468.468275754083, "params": {"k_pid_pos": [1.0031316701085804, 0.024859491386256316, 0.42495672118777295], "k_pid_alt": [1.85112020821355, 0.0, 0.06527723447865985], "k_pid_att": [25.463483275157817, 5.859554809351448, 0.666719676683535], "k_pid_yaw": [0.5, 1e-06, 0.1], "k_pid_hsp": [0.09847755819799779, 0.051357077341508184, 0.6435390776614515], "k_pid_vsp": [264.9966777379314, 304.1795245652576, 2.77343605205192]}, "datetime": {"datetime": "2025-08-12 04:43:04", "elapsed": 44263.74399161339, "delta": 32.052525997161865}, "costs": {"total_cost": 1468.468275754083, "time_cost": 150, "final_distance_cost": 34.409397163045384, "oscillation_cost": 566.2651828603532, "completition_cost": 555.5555555555555, "overshoot_cost": 101.99779708297847, "power_cost": 29.21392000732422, "noise_cost": 31.026423084826057, "n_waypoints_completed": 4, "tot_waypoints": 9}}
{"target": -507.3166487728868, "params": {"k_pid_pos": [1.0031316701085804, 0.024859491386256316, 0.40092638265648595], "k_pid_alt": [0.3440167387353117, 0.3977849357679477, 0.06527723447865985], "k_pid_att": [25.463483275157817, 5.859554809351448, 0.666719676683535], "k_pid_yaw": [0.5, 1e-06, 0.1], "k_pid_hsp": [0.09847755819799779, 0.2831454347861464, 0.0], "k_pid_vsp": [264.9966777379314, 304.1795245652576, 2.77343605205192]}, "datetime": {"datetime": "2025-08-12 04:43:36", "elapsed": 44295.971182107925, "delta": 32.22719049453735}, "costs": {"total_cost": 507.3166487728868, "time_cost": 150, "final_distance_cost": 20.027427274258446, "oscillation_cost": 100.63088131112272, "completition_cost": 111.11111111111116, "overshoot_cost": 67.8563152207209, "power_cost": 23.549060217285156, "noise_cost": 34.14185363838847, "n_waypoints_completed": 8, "tot_waypoints": 9}}
{"target": -806.5169147262067, "params": {"k_pid_pos": [1.815522159483175, 0.024859491386256316, 0.40092638265648595], "k_pid_alt": [1.7297729984189598, 0.0, 0.06527723447865985], "k_pid_att": [25.463483275157817, 5.859554809351448, 0.666719676683535], "k_pid_yaw": [0.5, 1e-06, 0.1], "k_pid_hsp": [0.09847755819799779, 0.6877375338467407, 0.0], "k_pid_vsp": [264.9966777379314, 5.965530060251143, 2.77343605205192]}, "datetime": {"datetime": "2025-08-12 04:44:08", "elapsed": 44328.18358254433, "delta": 32.21240043640137}, "costs": {"total_cost": 806.5169147262067, "time_cost": 150, "final_distance_cost": 70.58186306415162, "oscillation_cost": 116.69511376502793, "completition_cost": 333.33333333333337, "overshoot_cost": 67.04276547672829, "power_cost": 33.80652205810547, "noise_cost": 35.05731702886012, "n_waypoints_completed": 6, "tot_waypoints": 9}}
{"target": -217.93456775499584, "params": {"k_pid_pos": [1.0031316701085804, 0.024859491386256316, 0.40092638265648595], "k_pid_alt": [1.9160597436741602, 0.9635827266688368, 0.06527723447865985], "k_pid_att": [25.06356558820614, 4.554626564215716, 0.8987695645180177], "k_pid_yaw": [0.5, 1e-06, 0.1], "k_pid_hsp": [3.070088322121188, 0.011264223901387349, 0.0], "k_pid_vsp": [264.9966777379314, 304.1795245652576, 115.279864009269]}, "datetime": {"datetime": "2025-08-12 04:44:32", "elapsed": 44351.40236401558, "delta": 23.21878147125244}, "costs": {"total_cost": 217.93456775499584, "time_cost": 83.958, "final_distance_cost": 1.8294363602418626, "oscillation_cost": 37.57113005671309, "completition_cost": 0.0, "overshoot_cost": 53.53817039145475, "power_cost": 21.362386865234377, "noise_cost": 19.67544408135178, "n_waypoints_completed": 9, "tot_waypoints": 9}}
{"target": -194.7489815938976, "params": {"k_pid_pos": [1.0031316701085804, 0.024859491386256316, 0.42495672118777295], "k_pid_alt": [1.85112020821355, 0.0, 0.07444874772262577], "k_pid_att": [54.227890723214855, 3.907559788299492, 0.45703935313105737], "k_pid_yaw": [0.5, 1e-06, 0.1], "k_pid_hsp": [1.6091290401443616, 0.17468130283637484, 0.0], "k_pid_vsp": [264.9966777379314, 225.6587008239998, 2.77343605205192]}, "datetime": {"datetime": "2025-08-12 04:44:53", "elapsed": 44372.84082508087, "delta": 21.43846106529236}, "costs": {"total_cost": 194.7489815938976, "time_cost": 72.065, "final_distance_cost": 1.8520684851411684, "oscillation_cost": 33.61318183073975, "completition_cost": 0.0, "overshoot_cost": 50.081579654771716, "power_cost": 15.046649475097658, "noise_cost": 22.090502148147294, "n_waypoints_completed": 9, "tot_waypoints": 9}}
