{"target": -189.52936753461822, "params": {"k_pid_pos": [1.0031316701085804, 0.024859491386256316, 0.44963268842268056], "k_pid_alt": [0.8815334174028542, 0.0, 0.5500846473514374], "k_pid_att": [24.0942673894178, 3.7802132718527557, 0.1845336041603497], "k_pid_yaw": [0.5, 1e-06, 0.1], "k_pid_hsp": [0.09847755819799779, 0.011264223901387349, 0.0], "k_pid_vsp": [279.31855783528204, 336.89689932622207, 62.564861685850005]}, "datetime": {"datetime": "2025-08-11 20:31:55", "elapsed": 14795.200067996979, "delta": 18.491084814071655}, "costs": {"total_cost": 189.52936753461822, "time_cost": 74.095, "final_distance_cost": 1.8336343388991554, "oscillation_cost": 26.308047346187685, "completition_cost": 0.0, "overshoot_cost": 50.550521845217695, "power_cost": 19.072106298828125, "noise_cost": 17.67005770548557, "n_waypoints_completed": 9, "tot_waypoints": 9}}
{"target": -184.95755125201964, "params": {"k_pid_pos": [1.0031316701085804, 0.024859491386256316, 0.44963268842268056], "k_pid_alt": [1.2679502233621702, 0.0, 0.06527723447865985], "k_pid_att": [24.0942673894178, 3.7802132718527557, 0.1845336041603497], "k_pid_yaw": [0.5, 1e-06, 0.1], "k_pid_hsp": [0.09847755819799779, 0.011264223901387349, 0.0], "k_pid_vsp": [279.31855783528204, 336.89689932622207, 10.0]}, "datetime": {"datetime": "2025-08-11 20:32:13", "elapsed": 14813.041934490204, "delta": 17.841866493225098}, "costs": {"total_cost": 184.95755125201964, "time_cost": 70.623, "final_distance_cost": 1.8412484386288708, "oscillation_cost": 26.256769382353596, "completition_cost": 0.0, "overshoot_cost": 50.57099661611727, "power_cost": 17.82586279296875, "noise_cost": 17.839674021951176, "n_waypoints_completed": 9, "tot_waypoints": 9}}
{"target": -184.9985303697798, "params": {"k_pid_pos": [1.0031316701085804, 0.024859491386256316, 0.44963268842268056], "k_pid_alt": [1.2679502233621702, 0.0, 0.06527723447865985], "k_pid_att": [24.0942673894178, 3.7802132718527557, 0.1845336041603497], "k_pid_yaw": [0.5, 1e-06, 0.1], "k_pid_hsp": [0.09847755819799779, 0.011264223901387349, 0.0], "k_pid_vsp": [279.31855783528204, 336.89689932622207, 62.564861685850005]}, "datetime": {"datetime": "2025-08-11 20:32:31", "elapsed": 14830.6361618042, "delta": 17.59422731399536}, "costs": {"total_cost": 184.9985303697798, "time_cost": 70.756, "final_distance_cost": 1.8296624898101252, "oscillation_cost": 25.92040249377883, "completition_cost": 0.0, "overshoot_cost": 50.67362444698116, "power_cost": 18.17354315185547, "noise_cost": 17.645297787354224, "n_waypoints_completed": 9, "tot_waypoints": 9}}
{"target": -188.8499638426926, "params": {"k_pid_pos": [1.6392966458666147, 0.024859491386256316, 0.40092638265648595], "k_pid_alt": [1.2679502233621702, 0.0, 0.06527723447865985], "k_pid_att": [24.0942673894178, 3.7802132718527557, 0.1845336041603497], "k_pid_yaw": [0.5, 1e-06, 0.1], "k_pid_hsp": [0.09847755819799779, 0.011264223901387349, 0.0], "k_pid_vsp": [277.1601620463752, 336.89689932622207, 62.564861685850005]}, "datetime": {"datetime": "2025-08-11 20:32:48", "elapsed": 14848.204628705978, "delta": 17.568466901779175}, "costs": {"total_cost": 188.8499638426926, "time_cost": 69.867, "final_distance_cost": 1.7741851403641016, "oscillation_cost": 30.188085834007833, "completition_cost": 0.0, "overshoot_cost": 51.26281333420201, "power_cost": 18.225951281738283, "noise_cost": 17.531928252380407, "n_waypoints_completed": 9, "tot_waypoints": 9}}
{"target": -1462.1295289505233, "params": {"k_pid_pos": [1.7730571360946685, 0.024859491386256316, 0.721054368766489], "k_pid_alt": [1.2679502233621702, 0.0, 0.06527723447865985], "k_pid_att": [24.0942673894178, 3.7802132718527557, 0.8792759721912583], "k_pid_yaw": [0.5, 1e-06, 0.1], "k_pid_hsp": [0.09847755819799779, 0.011264223901387349, 0.0], "k_pid_vsp": [292.94687076665593, 112.4300106550774, 315.3630491989415]}, "datetime": {"datetime": "2025-08-11 20:33:19", "elapsed": 14878.61591386795, "delta": 30.411285161972046}, "costs": {"total_cost": 1462.1295289505233, "time_cost": 150, "final_distance_cost": 0.998402806547767, "oscillation_cost": 4.21429211255804, "completition_cost": 1000.0, "overshoot_cost": 162.99298076050306, "power_cost": 29.399698559570314, "noise_cost": 114.52415471134404, "n_waypoints_completed": 0, "tot_waypoints": 9}}
{"target": -221.90186953945505, "params": {"k_pid_pos": [1.0031316701085804, 0.024859491386256316, 0.7496457643859228], "k_pid_alt": [0.44592666897249256, 0.8981483716198154, 0.4927421650152318], "k_pid_att": [24.0942673894178, 3.7802132718527557, 0.1845336041603497], "k_pid_yaw": [0.5, 1e-06, 0.1], "k_pid_hsp": [0.09847755819799779, 0.011264223901387349, 0.0], "k_pid_vsp": [279.31855783528204, 336.89689932622207, 10.0]}, "datetime": {"datetime": "2025-08-11 20:33:42", "elapsed": 14901.688731193542, "delta": 23.07281732559204}, "costs": {"total_cost": 221.90186953945505, "time_cost": 90.57300000000001, "final_distance_cost": 1.8002118450182454, "oscillation_cost": 26.784772682957914, "completition_cost": 0.0, "overshoot_cost": 58.84656717752487, "power_cost": 22.51378653564453, "noise_cost": 21.383531298309478, "n_waypoints_completed": 9, "tot_waypoints": 9}}
{"target": -241.01842428494746, "params": {"k_pid_pos": [1.0031316701085804, 0.024859491386256316, 0.08170724544014563], "k_pid_alt": [0.04883097269605363, 0.29163435653851655, 0.06527723447865985], "k_pid_att": [24.0942673894178, 3.7802132718527557, 0.1845336041603497], "k_pid_yaw": [0.5, 1e-06, 0.1], "k_pid_hsp": [0.09847755819799779, 0.011264223901387349, 0.0], "k_pid_vsp": [41.64647012461127, 336.89689932622207, 62.564861685850005]}, "datetime": {"datetime": "2025-08-11 20:34:06", "elapsed": 14925.998007774353, "delta": 24.309276580810547}, "costs": {"total_cost": 241.01842428494746, "time_cost": 97.496, "final_distance_cost": 1.7798629042841652, "oscillation_cost": 32.69107780063636, "completition_cost": 0.0, "overshoot_cost": 62.51073971576894, "power_cost": 24.82582536621094, "noise_cost": 21.71491849804704, "n_waypoints_completed": 9, "tot_waypoints": 9}}
{"target": -235.0115412275781, "params": {"k_pid_pos": [0.3405759437876029, 0.024859491386256316, 0.40092638265648595], "k_pid_alt": [1.9760452627536838, 0.0, 0.06527723447865985], "k_pid_att": [24.0942673894178, 3.7802132718527557, 0.8792759721912583], "k_pid_yaw": [0.5, 1e-06, 0.1], "k_pid_hsp": [0.09847755819799779, 0.011264223901387349, 0.0], "k_pid_vsp": [279.31855783528204, 343.92571266746677, 62.564861685850005]}, "datetime": {"datetime": "2025-08-11 20:34:32", "elapsed": 14952.020719766617, "delta": 26.022711992263794}, "costs": {"total_cost": 235.0115412275781, "time_cost": 104.027, "final_distance_cost": 1.8606550058845568, "oscillation_cost": 16.54852050087848, "completition_cost": 0.0, "overshoot_cost": 57.265609690419915, "power_cost": 26.07784224853516, "noise_cost": 29.231913781860012, "n_waypoints_completed": 9, "tot_waypoints": 9}}
{"target": -1631.874684161714, "params": {"k_pid_pos": [1.0031316701085804, 0.024859491386256316, 0.44963268842268056], "k_pid_alt": [1.2679502233621702, 0.0, 0.06527723447865985], "k_pid_att": [24.0942673894178, 3.7802132718527557, 0.1845336041603497], "k_pid_yaw": [0.5, 1e-06, 0.1], "k_pid_hsp": [0.09847755819799779, 0.011264223901387349, 0.8609196124543255], "k_pid_vsp": [359.39345429819065, 307.0029666248519, 289.4444314016105]}, "datetime": {"datetime": "2025-08-11 20:35:02", "elapsed": 14981.961484909058, "delta": 29.940765142440796}, "costs": {"total_cost": 1631.874684161714, "time_cost": 150, "final_distance_cost": 71.13602813609157, "oscillation_cost": 589.1868547492787, "completition_cost": 666.6666666666667, "overshoot_cost": 94.7350358454857, "power_cost": 31.68148591308594, "noise_cost": 28.46861285110515, "n_waypoints_completed": 3, "tot_waypoints": 9}}
{"target": -186.58030155606423, "params": {"k_pid_pos": [1.4546045708064101, 0.024859491386256316, 0.44963268842268056], "k_pid_alt": [1.2679502233621702, 0.0, 0.06527723447865985], "k_pid_att": [24.0942673894178, 3.7802132718527557, 0.4278731612336244], "k_pid_yaw": [0.5, 1e-06, 0.1], "k_pid_hsp": [0.09847755819799779, 0.011264223901387349, 0.0], "k_pid_vsp": [279.31855783528204, 336.89689932622207, 62.564861685850005]}, "datetime": {"datetime": "2025-08-11 20:35:20", "elapsed": 14999.663348197937, "delta": 17.701863288879395}, "costs": {"total_cost": 186.58030155606423, "time_cost": 69.909, "final_distance_cost": 1.8239565916751015, "oscillation_cost": 28.57224288961873, "completition_cost": 0.0, "overshoot_cost": 50.70397419335738, "power_cost": 18.10692517089844, "noise_cost": 17.464202710514574, "n_waypoints_completed": 9, "tot_waypoints": 9}}
{"target": -184.9985303697798, "params": {"k_pid_pos": [1.0031316701085804, 0.024859491386256316, 0.44963268842268056], "k_pid_alt": [1.2679502233621702, 0.0, 0.06527723447865985], "k_pid_att": [24.0942673894178, 3.7802132718527557, 0.1845336041603497], "k_pid_yaw": [0.5, 1e-06, 0.1], "k_pid_hsp": [0.09847755819799779, 0.011264223901387349, 0.0], "k_pid_vsp": [279.31855783528204, 336.89689932622207, 62.564861685850005]}, "datetime": {"datetime": "2025-08-11 20:35:38", "elapsed": 15017.516478300095, "delta": 17.853130102157593}, "costs": {"total_cost": 184.9985303697798, "time_cost": 70.756, "final_distance_cost": 1.8296624898101252, "oscillation_cost": 25.92040249377883, "completition_cost": 0.0, "overshoot_cost": 50.67362444698116, "power_cost": 18.17354315185547, "noise_cost": 17.645297787354224, "n_waypoints_completed": 9, "tot_waypoints": 9}}
{"target": -214.0075705931056, "params": {"k_pid_pos": [1.0031316701085804, 0.024859491386256316, 0.44963268842268056], "k_pid_alt": [1.2679502233621702, 0.0, 0.06527723447865985], "k_pid_att": [33.41589308538913, 3.7802132718527557, 0.1845336041603497], "k_pid_yaw": [0.5, 1e-06, 0.1], "k_pid_hsp": [3.022941925987454, 0.011264223901387349, 0.0], "k_pid_vsp": [279.31855783528204, 336.89689932622207, 62.564861685850005]}, "datetime": {"datetime": "2025-08-11 20:35:56", "elapsed": 15035.440018892288, "delta": 17.923540592193604}, "costs": {"total_cost": 214.0075705931056, "time_cost": 74.438, "final_distance_cost": 1.8541973093277881, "oscillation_cost": 47.925211840283374, "completition_cost": 0.0, "overshoot_cost": 51.121523102224394, "power_cost": 19.45395751953125, "noise_cost": 19.214680821738792, "n_waypoints_completed": 9, "tot_waypoints": 9}}
{"target": -184.50272249521083, "params": {"k_pid_pos": [1.0031316701085804, 0.024859491386256316, 0.40092638265648595], "k_pid_alt": [1.2679502233621702, 0.0, 0.06527723447865985], "k_pid_att": [24.0942673894178, 3.7802132718527557, 0.8792759721912583], "k_pid_yaw": [0.5, 1e-06, 0.1], "k_pid_hsp": [0.09847755819799779, 0.011264223901387349, 0.0], "k_pid_vsp": [292.94687076665593, 307.0029666248519, 62.564861685850005]}, "datetime": {"datetime": "2025-08-11 20:36:14", "elapsed": 15054.330102205276, "delta": 18.89008331298828}, "costs": {"total_cost": 184.50272249521083, "time_cost": 70.644, "final_distance_cost": 1.829104376330729, "oscillation_cost": 25.622620518994342, "completition_cost": 0.0, "overshoot_cost": 50.75529124833991, "power_cost": 18.076365515136718, "noise_cost": 17.575340836409108, "n_waypoints_completed": 9, "tot_waypoints": 9}}
{"target": -184.50272249521083, "params": {"k_pid_pos": [1.0031316701085804, 0.024859491386256316, 0.40092638265648595], "k_pid_alt": [1.2679502233621702, 0.0, 0.06527723447865985], "k_pid_att": [24.0942673894178, 3.7802132718527557, 0.8792759721912583], "k_pid_yaw": [0.5, 1e-06, 0.1], "k_pid_hsp": [0.09847755819799779, 0.011264223901387349, 0.0], "k_pid_vsp": [292.94687076665593, 307.0029666248519, 62.564861685850005]}, "datetime": {"datetime": "2025-08-11 20:36:32", "elapsed": 15071.481422901154, "delta": 17.151320695877075}, "costs": {"total_cost": 184.50272249521083, "time_cost": 70.644, "final_distance_cost": 1.829104376330729, "oscillation_cost": 25.622620518994342, "completition_cost": 0.0, "overshoot_cost": 50.75529124833991, "power_cost": 18.076365515136718, "noise_cost": 17.575340836409108, "n_waypoints_completed": 9, "tot_waypoints": 9}}
{"target": -184.91787874958192, "params": {"k_pid_pos": [1.0031316701085804, 0.024859491386256316, 0.44963268842268056], "k_pid_alt": [1.795722219278775, 0.0, 0.06527723447865985], "k_pid_att": [24.0942673894178, 3.9650988168623, 0.1845336041603497], "k_pid_yaw": [0.5, 1e-06, 0.1], "k_pid_hsp": [0.09847755819799779, 0.011264223901387349, 0.0], "k_pid_vsp": [279.31855783528204, 336.89689932622207, 62.564861685850005]}, "datetime": {"datetime": "2025-08-11 20:36:49", "elapsed": 15088.542246341705, "delta": 17.060823440551758}, "costs": {"total_cost": 184.91787874958192, "time_cost": 70.686, "final_distance_cost": 1.8324993405074053, "oscillation_cost": 25.497850467437022, "completition_cost": 0.0, "overshoot_cost": 51.01650501657784, "power_cost": 18.168100354003908, "noise_cost": 17.71692357105572, "n_waypoints_completed": 9, "tot_waypoints": 9}}
{"target": -1136.0078230746067, "params": {"k_pid_pos": [1.0031316701085804, 0.024859491386256316, 0.44963268842268056], "k_pid_alt": [1.2679502233621702, 0.0, 0.5500846473514374], "k_pid_att": [24.0942673894178, 3.7802132718527557, 0.1845336041603497], "k_pid_yaw": [0.5, 1e-06, 0.1], "k_pid_hsp": [0.09847755819799779, 0.8488329397889457, 0.0], "k_pid_vsp": [279.31855783528204, 336.89689932622207, 62.564861685850005]}, "datetime": {"datetime": "2025-08-11 20:37:18", "elapsed": 15118.30569434166, "delta": 29.763447999954224}, "costs": {"total_cost": 1136.0078230746067, "time_cost": 150, "final_distance_cost": 58.991652605843996, "oscillation_cost": 133.8426964688745, "completition_cost": 666.6666666666667, "overshoot_cost": 57.36148640302007, "power_cost": 38.40515821533203, "noise_cost": 30.740162714869516, "n_waypoints_completed": 3, "tot_waypoints": 9}}
{"target": -265.50607282787746, "params": {"k_pid_pos": [1.0031316701085804, 0.024859491386256316, 0.44963268842268056], "k_pid_alt": [0.00748485669809007, 0.5227355787719067, 0.06527723447865985], "k_pid_att": [33.41589308538913, 3.7802132718527557, 0.1845336041603497], "k_pid_yaw": [0.5, 1e-06, 0.1], "k_pid_hsp": [3.022941925987454, 0.011264223901387349, 0.0], "k_pid_vsp": [279.31855783528204, 336.89689932622207, 62.564861685850005]}, "datetime": {"datetime": "2025-08-11 20:37:42", "elapsed": 15141.449461221695, "delta": 23.1437668800354}, "costs": {"total_cost": 265.50607282787746, "time_cost": 93.016, "final_distance_cost": 1.8078987214705535, "oscillation_cost": 60.48678610341866, "completition_cost": 0.0, "overshoot_cost": 64.69415255788897, "power_cost": 23.62833298339844, "noise_cost": 21.87290246170082, "n_waypoints_completed": 9, "tot_waypoints": 9}}
{"target": -219.33220270914313, "params": {"k_pid_pos": [1.0031316701085804, 0.024859491386256316, 0.44963268842268056], "k_pid_alt": [1.2679502233621702, 0.0, 0.06527723447865985], "k_pid_att": [24.0942673894178, 3.7802132718527557, 0.8792759721912583], "k_pid_yaw": [0.5, 1e-06, 0.1], "k_pid_hsp": [0.09847755819799779, 0.011264223901387349, 0.0], "k_pid_vsp": [292.94687076665593, 307.0029666248519, 162.04732428172272]}, "datetime": {"datetime": "2025-08-11 20:38:03", "elapsed": 15162.662744283676, "delta": 21.2132830619812}, "costs": {"total_cost": 219.33220270914313, "time_cost": 86.583, "final_distance_cost": 1.8349526108908867, "oscillation_cost": 25.713704607910955, "completition_cost": 0.0, "overshoot_cost": 60.27201709619241, "power_cost": 22.331725524902346, "noise_cost": 22.59680286924656, "n_waypoints_completed": 9, "tot_waypoints": 9}}
{"target": -184.82940966497068, "params": {"k_pid_pos": [1.0031316701085804, 0.024859491386256316, 0.40092638265648595], "k_pid_alt": [1.2679502233621702, 0.0, 0.06527723447865985], "k_pid_att": [24.0942673894178, 3.7802132718527557, 0.1845336041603497], "k_pid_yaw": [0.5, 1e-06, 0.1], "k_pid_hsp": [0.09847755819799779, 0.011264223901387349, 0.0], "k_pid_vsp": [279.31855783528204, 336.89689932622207, 10.0]}, "datetime": {"datetime": "2025-08-11 20:38:20", "elapsed": 15179.672556877136, "delta": 17.009812593460083}, "costs": {"total_cost": 184.82940966497068, "time_cost": 70.413, "final_distance_cost": 1.8365195527980618, "oscillation_cost": 26.398045321066295, "completition_cost": 0.0, "overshoot_cost": 50.44707202994684, "power_cost": 17.97903885498047, "noise_cost": 17.75573390617901, "n_waypoints_completed": 9, "tot_waypoints": 9}}
{"target": -185.50849450980823, "params": {"k_pid_pos": [1.0031316701085804, 0.024859491386256316, 0.44963268842268056], "k_pid_alt": [1.2679502233621702, 0.0, 0.06527723447865985], "k_pid_att": [24.0942673894178, 3.7802132718527557, 0.1845336041603497], "k_pid_yaw": [0.5, 1e-06, 0.1], "k_pid_hsp": [0.09847755819799779, 0.011264223901387349, 0.0], "k_pid_vsp": [86.28438231591274, 336.89689932622207, 62.564861685850005]}, "datetime": {"datetime": "2025-08-11 20:38:37", "elapsed": 15197.251924037933, "delta": 17.57936716079712}, "costs": {"total_cost": 185.50849450980823, "time_cost": 70.861, "final_distance_cost": 1.8326703239124462, "oscillation_cost": 26.337970821644365, "completition_cost": 0.0, "overshoot_cost": 50.80542738856959, "power_cost": 18.41626677246094, "noise_cost": 17.255159203220867, "n_waypoints_completed": 9, "tot_waypoints": 9}}
{"target": -194.7509003570466, "params": {"k_pid_pos": [0.961863204572444, 0.24828414068022808, 0.44963268842268056], "k_pid_alt": [1.2679502233621702, 0.0, 0.06527723447865985], "k_pid_att": [99.39142121730468, 8.257495339612396, 0.1845336041603497], "k_pid_yaw": [0.5, 1e-06, 0.1], "k_pid_hsp": [0.09847755819799779, 0.011264223901387349, 0.0], "k_pid_vsp": [279.31855783528204, 336.89689932622207, 10.0]}, "datetime": {"datetime": "2025-08-11 20:38:56", "elapsed": 15215.720113039017, "delta": 18.468189001083374}, "costs": {"total_cost": 194.7509003570466, "time_cost": 74.781, "final_distance_cost": 1.7922537622292722, "oscillation_cost": 28.98102676655118, "completition_cost": 0.0, "overshoot_cost": 51.24184118721896, "power_cost": 18.564778198242188, "noise_cost": 19.390000442805004, "n_waypoints_completed": 9, "tot_waypoints": 9}}
{"target": -209.2390374590362, "params": {"k_pid_pos": [1.0031316701085804, 0.024859491386256316, 0.40092638265648595], "k_pid_alt": [1.2679502233621702, 0.0, 0.06527723447865985], "k_pid_att": [24.0942673894178, 3.7802132718527557, 0.8792759721912583], "k_pid_yaw": [0.5, 1e-06, 0.1], "k_pid_hsp": [4.626181356041326, 0.011264223901387349, 0.0], "k_pid_vsp": [38.13587436328043, 343.92571266746677, 62.564861685850005]}, "datetime": {"datetime": "2025-08-11 20:39:14", "elapsed": 15234.347588777542, "delta": 18.62747573852539}, "costs": {"total_cost": 209.2390374590362, "time_cost": 75.53, "final_distance_cost": 1.8531170481981694, "oscillation_cost": 40.399580014740735, "completition_cost": 0.0, "overshoot_cost": 52.22909905044142, "power_cost": 19.942764514160157, "noise_cost": 19.284476831495702, "n_waypoints_completed": 9, "tot_waypoints": 9}}
{"target": -237.65849285235825, "params": {"k_pid_pos": [0.3405759437876029, 0.024859491386256316, 0.40092638265648595], "k_pid_alt": [1.9760452627536838, 0.0, 0.5478807422402548], "k_pid_att": [24.0942673894178, 3.7802132718527557, 0.052104535687826026], "k_pid_yaw": [0.5, 1e-06, 0.1], "k_pid_hsp": [0.09847755819799779, 0.011264223901387349, 0.0], "k_pid_vsp": [279.31855783528204, 307.0029666248519, 62.564861685850005]}, "datetime": {"datetime": "2025-08-11 20:39:40", "elapsed": 15260.177064418793, "delta": 25.82947564125061}, "costs": {"total_cost": 237.65849285235825, "time_cost": 103.999, "final_distance_cost": 1.8618606929434514, "oscillation_cost": 20.160359064228878, "completition_cost": 0.0, "overshoot_cost": 56.67882993141816, "power_cost": 26.238285351562503, "noise_cost": 28.72015781220526, "n_waypoints_completed": 9, "tot_waypoints": 9}}
{"target": -184.9985303697798, "params": {"k_pid_pos": [1.0031316701085804, 0.024859491386256316, 0.44963268842268056], "k_pid_alt": [1.2679502233621702, 0.0, 0.06527723447865985], "k_pid_att": [24.0942673894178, 3.7802132718527557, 0.1845336041603497], "k_pid_yaw": [0.5, 1e-06, 0.1], "k_pid_hsp": [0.09847755819799779, 0.011264223901387349, 0.0], "k_pid_vsp": [279.31855783528204, 336.89689932622207, 62.564861685850005]}, "datetime": {"datetime": "2025-08-11 20:39:58", "elapsed": 15277.838809490204, "delta": 17.661745071411133}, "costs": {"total_cost": 184.9985303697798, "time_cost": 70.756, "final_distance_cost": 1.8296624898101252, "oscillation_cost": 25.92040249377883, "completition_cost": 0.0, "overshoot_cost": 50.67362444698116, "power_cost": 18.17354315185547, "noise_cost": 17.645297787354224, "n_waypoints_completed": 9, "tot_waypoints": 9}}
{"target": -620.1678276826945, "params": {"k_pid_pos": [1.0031316701085804, 0.024859491386256316, 0.44963268842268056], "k_pid_alt": [1.2679502233621702, 0.0, 0.06527723447865985], "k_pid_att": [24.0942673894178, 5.200466839336723, 0.8792759721912583], "k_pid_yaw": [0.5, 1e-06, 0.1], "k_pid_hsp": [0.09847755819799779, 0.011264223901387349, 0.14824217695359299], "k_pid_vsp": [292.94687076665593, 236.05823748210273, 62.564861685850005]}, "datetime": {"datetime": "2025-08-11 20:40:27", "elapsed": 15307.266996622086, "delta": 29.428187131881714}, "costs": {"total_cost": 620.1678276826945, "time_cost": 119.238, "final_distance_cost": 1.7434640108218296, "oscillation_cost": 374.8239893728017, "completition_cost": 0.0, "overshoot_cost": 64.21076577186089, "power_cost": 31.281683129882815, "noise_cost": 28.86992539732724, "n_waypoints_completed": 9, "tot_waypoints": 9}}
