{"target": -183.98569004040053, "params": {"k_pid_pos": [1.0031316701085804, 0.024859491386256316, 0.40092638265648595], "k_pid_alt": [1.7297729984189598, 0.0, 0.06527723447865985], "k_pid_att": [25.463483275157817, 7.108257667389705, 0.07172816110251268], "k_pid_yaw": [0.5, 1e-06, 0.1], "k_pid_hsp": [0.09847755819799779, 0.011264223901387349, 0.0], "k_pid_vsp": [264.9966777379314, 304.1795245652576, 2.77343605205192]}, "datetime": {"datetime": "2025-08-12 04:53:57", "elapsed": 44917.12452030182, "delta": 18.630533695220947}, "costs": {"total_cost": 183.98569004040053, "time_cost": 69.958, "final_distance_cost": 1.834965030199661, "oscillation_cost": 26.717440771940787, "completition_cost": 0.0, "overshoot_cost": 50.51537762279416, "power_cost": 14.176427001953126, "noise_cost": 20.78347961351277, "n_waypoints_completed": 9, "tot_waypoints": 9}}
{"target": -183.45519597276052, "params": {"k_pid_pos": [1.0031316701085804, 0.024859491386256316, 0.40092638265648595], "k_pid_alt": [1.7297729984189598, 0.0, 0.06527723447865985], "k_pid_att": [25.463483275157817, 1.1105074131954076, 0.666719676683535], "k_pid_yaw": [0.5, 1e-06, 0.1], "k_pid_hsp": [0.09847755819799779, 0.011264223901387349, 0.0], "k_pid_vsp": [264.9966777379314, 304.1795245652576, 2.77343605205192]}, "datetime": {"datetime": "2025-08-12 04:54:16", "elapsed": 44935.799494981766, "delta": 18.6749746799469}, "costs": {"total_cost": 183.45519597276052, "time_cost": 70.0, "final_distance_cost": 1.8355394490002233, "oscillation_cost": 25.834590127920308, "completition_cost": 0.0, "overshoot_cost": 50.750964758425056, "power_cost": 14.182873071289062, "noise_cost": 20.851228566125894, "n_waypoints_completed": 9, "tot_waypoints": 9}}
{"target": -185.3676172294309, "params": {"k_pid_pos": [1.0031316701085804, 0.024859491386256316, 0.42495672118777295], "k_pid_alt": [1.85112020821355, 0.0, 0.06527723447865985], "k_pid_att": [25.463483275157817, 4.819059953965517, 0.666719676683535], "k_pid_yaw": [0.5, 1e-06, 0.1], "k_pid_hsp": [0.09847755819799779, 0.011264223901387349, 0.0], "k_pid_vsp": [30.277211485852273, 140.20834175906987, 2.77343605205192]}, "datetime": {"datetime": "2025-08-12 04:54:34", "elapsed": 44954.044192790985, "delta": 18.24469780921936}, "costs": {"total_cost": 185.3676172294309, "time_cost": 70.553, "final_distance_cost": 1.8387772387885761, "oscillation_cost": 26.71165106761952, "completition_cost": 0.0, "overshoot_cost": 50.806318877054665, "power_cost": 14.644576245117188, "noise_cost": 20.813293800850964, "n_waypoints_completed": 9, "tot_waypoints": 9}}
{"target": -192.65626779282564, "params": {"k_pid_pos": [1.0031316701085804, 0.024859491386256316, 0.40092638265648595], "k_pid_alt": [1.7297729984189598, 0.0, 0.07444874772262577], "k_pid_att": [54.227890723214855, 3.907559788299492, 0.45703935313105737], "k_pid_yaw": [0.5, 1e-06, 0.1], "k_pid_hsp": [1.6091290401443616, 0.17468130283637484, 0.0], "k_pid_vsp": [264.9966777379314, 225.6587008239998, 2.77343605205192]}, "datetime": {"datetime": "2025-08-12 04:54:53", "elapsed": 44973.19393634796, "delta": 19.14974355697632}, "costs": {"total_cost": 192.65626779282564, "time_cost": 71.519, "final_distance_cost": 1.8507948949389312, "oscillation_cost": 32.44285782029571, "completition_cost": 0.0, "overshoot_cost": 50.024079181926574, "power_cost": 14.88711590576172, "noise_cost": 21.932419989902726, "n_waypoints_completed": 9, "tot_waypoints": 9}}
{"target": -184.6346028672384, "params": {"k_pid_pos": [1.0031316701085804, 0.024859491386256316, 0.42495672118777295], "k_pid_alt": [1.85112020821355, 0.0, 0.7248340866032845], "k_pid_att": [25.463483275157817, 5.859554809351448, 0.666719676683535], "k_pid_yaw": [0.5, 1e-06, 0.1], "k_pid_hsp": [0.09847755819799779, 0.011264223901387349, 0.0], "k_pid_vsp": [152.1284020564883, 310.3723599325286, 2.77343605205192]}, "datetime": {"datetime": "2025-08-12 04:55:11", "elapsed": 44990.87588477135, "delta": 17.68194842338562}, "costs": {"total_cost": 184.6346028672384, "time_cost": 70.82600000000001, "final_distance_cost": 1.8223309979052482, "oscillation_cost": 26.343413984169775, "completition_cost": 0.0, "overshoot_cost": 50.47464244446251, "power_cost": 14.373347509765626, "noise_cost": 20.79486793093521, "n_waypoints_completed": 9, "tot_waypoints": 9}}
{"target": -204.0236020810012, "params": {"k_pid_pos": [1.0031316701085804, 0.5335459762000035, 0.40092638265648595], "k_pid_alt": [1.7297729984189598, 0.0, 0.06527723447865985], "k_pid_att": [57.80223709971288, 5.859554809351448, 0.666719676683535], "k_pid_yaw": [0.5, 1e-06, 0.1], "k_pid_hsp": [0.09847755819799779, 0.011264223901387349, 0.0], "k_pid_vsp": [264.9966777379314, 304.1795245652576, 2.77343605205192]}, "datetime": {"datetime": "2025-08-12 04:55:32", "elapsed": 45012.27282977104, "delta": 21.396944999694824}, "costs": {"total_cost": 204.0236020810012, "time_cost": 79.674, "final_distance_cost": 1.760928378834708, "oscillation_cost": 31.08951308706859, "completition_cost": 0.0, "overshoot_cost": 52.15074565573386, "power_cost": 16.33601318359375, "noise_cost": 23.01240177577031, "n_waypoints_completed": 9, "tot_waypoints": 9}}
{"target": -441.44163821766415, "params": {"k_pid_pos": [1.0031316701085804, 0.5910883108728138, 0.40092638265648595], "k_pid_alt": [1.7297729984189598, 0.07571630374287386, 0.06527723447865985], "k_pid_att": [25.463483275157817, 5.859554809351448, 0.666719676683535], "k_pid_yaw": [0.5, 1e-06, 0.1], "k_pid_hsp": [0.09847755819799779, 0.011264223901387349, 0.0], "k_pid_vsp": [291.03214645110495, 304.1795245652576, 2.77343605205192]}, "datetime": {"datetime": "2025-08-12 04:56:04", "elapsed": 45043.91610121727, "delta": 31.643271446228027}, "costs": {"total_cost": 441.44163821766415, "time_cost": 150, "final_distance_cost": 35.38308856903401, "oscillation_cost": 35.47082098406298, "completition_cost": 111.11111111111116, "overshoot_cost": 52.85692610101081, "power_cost": 23.53701861572266, "noise_cost": 33.08267283672254, "n_waypoints_completed": 8, "tot_waypoints": 9}}
{"target": -1454.4201086727294, "params": {"k_pid_pos": [1.0031316701085804, 0.024859491386256316, 0.42495672118777295], "k_pid_alt": [1.85112020821355, 0.0, 0.06527723447865985], "k_pid_att": [25.463483275157817, 5.859554809351448, 0.666719676683535], "k_pid_yaw": [0.5, 1e-06, 0.1], "k_pid_hsp": [0.09847755819799779, 0.011264223901387349, 0.0], "k_pid_vsp": [291.03214645110495, 304.1795245652576, 274.54929475110737]}, "datetime": {"datetime": "2025-08-12 04:56:35", "elapsed": 45075.345021009445, "delta": 31.428919792175293}, "costs": {"total_cost": 1454.4201086727294, "time_cost": 150, "final_distance_cost": 0.9977042204967878, "oscillation_cost": 3.3909654412436803, "completition_cost": 1000.0, "overshoot_cost": 162.13344529446866, "power_cost": 29.36334034423828, "noise_cost": 108.53465337228174, "n_waypoints_completed": 0, "tot_waypoints": 9}}
{"target": -183.37130897540501, "params": {"k_pid_pos": [1.0031316701085804, 0.024859491386256316, 0.40092638265648595], "k_pid_alt": [1.7485197016556397, 0.0, 0.06527723447865985], "k_pid_att": [25.463483275157817, 4.819059953965517, 0.6502564009774173], "k_pid_yaw": [0.5, 1e-06, 0.1], "k_pid_hsp": [0.09847755819799779, 0.011264223901387349, 0.0], "k_pid_vsp": [264.9966777379314, 291.9899918266388, 2.77343605205192]}, "datetime": {"datetime": "2025-08-12 04:56:54", "elapsed": 45093.4656150341, "delta": 18.120594024658203}, "costs": {"total_cost": 183.37130897540501, "time_cost": 69.965, "final_distance_cost": 1.8360650390088629, "oscillation_cost": 26.058687694990287, "completition_cost": 0.0, "overshoot_cost": 50.59866045902837, "power_cost": 14.176873864746094, "noise_cost": 20.736021917631394, "n_waypoints_completed": 9, "tot_waypoints": 9}}
{"target": -1030.4317855584482, "params": {"k_pid_pos": [1.0031316701085804, 0.024859491386256316, 0.42495672118777295], "k_pid_alt": [1.85112020821355, 0.0, 0.7458075116847572], "k_pid_att": [9.14477148846079, 7.347914484943822, 0.666719676683535], "k_pid_yaw": [0.5, 1e-06, 0.1], "k_pid_hsp": [0.09847755819799779, 0.918910454481374, 0.0], "k_pid_vsp": [264.9966777379314, 304.1795245652576, 2.77343605205192]}, "datetime": {"datetime": "2025-08-12 04:57:25", "elapsed": 45125.194251060486, "delta": 31.728636026382446}, "costs": {"total_cost": 1030.4317855584482, "time_cost": 150, "final_distance_cost": 52.586499478595094, "oscillation_cost": 141.87271482293042, "completition_cost": 555.5555555555555, "overshoot_cost": 60.78873314516418, "power_cost": 34.401189257812504, "noise_cost": 35.22709329839032, "n_waypoints_completed": 4, "tot_waypoints": 9}}
{"target": -183.64583455711343, "params": {"k_pid_pos": [1.0031316701085804, 0.024859491386256316, 0.40092638265648595], "k_pid_alt": [1.7297729984189598, 0.0, 0.06527723447865985], "k_pid_att": [10.85276784655954, 1.4953935029224072, 0.666719676683535], "k_pid_yaw": [0.5, 1e-06, 0.1], "k_pid_hsp": [0.09847755819799779, 0.011264223901387349, 0.0], "k_pid_vsp": [303.00008221409286, 140.03862743104432, 2.77343605205192]}, "datetime": {"datetime": "2025-08-12 04:57:44", "elapsed": 45144.13811349869, "delta": 18.943862438201904}, "costs": {"total_cost": 183.64583455711343, "time_cost": 70.112, "final_distance_cost": 1.819665684694993, "oscillation_cost": 25.765756348268404, "completition_cost": 0.0, "overshoot_cost": 50.913300556824765, "power_cost": 14.158169274902344, "noise_cost": 20.876942692422922, "n_waypoints_completed": 9, "tot_waypoints": 9}}
{"target": -187.6872028702482, "params": {"k_pid_pos": [1.0031316701085804, 0.024859491386256316, 0.40092638265648595], "k_pid_alt": [1.7297729984189598, 0.0, 0.3053062226959652], "k_pid_att": [91.00202412209904, 5.859554809351448, 0.0025181163521733607], "k_pid_yaw": [0.5, 1e-06, 0.1], "k_pid_hsp": [0.09847755819799779, 0.011264223901387349, 0.0], "k_pid_vsp": [264.9966777379314, 311.7529422610338, 2.77343605205192]}, "datetime": {"datetime": "2025-08-12 04:58:02", "elapsed": 45162.01581478119, "delta": 17.87770128250122}, "costs": {"total_cost": 187.6872028702482, "time_cost": 70.378, "final_distance_cost": 1.8174705917312055, "oscillation_cost": 29.545632159216737, "completition_cost": 0.0, "overshoot_cost": 50.67417770363906, "power_cost": 14.317449914550782, "noise_cost": 20.954472501110423, "n_waypoints_completed": 9, "tot_waypoints": 9}}
{"target": -183.3613720315298, "params": {"k_pid_pos": [1.0031316701085804, 0.024859491386256316, 0.40092638265648595], "k_pid_alt": [1.7297729984189598, 0.0, 0.06527723447865985], "k_pid_att": [23.08752834258585, 4.077532668255645, 0.666719676683535], "k_pid_yaw": [0.5, 1e-06, 0.1], "k_pid_hsp": [0.09847755819799779, 0.011264223901387349, 0.0], "k_pid_vsp": [264.9966777379314, 304.1795245652576, 2.77343605205192]}, "datetime": {"datetime": "2025-08-12 04:58:22", "elapsed": 45181.60326075554, "delta": 19.587445974349976}, "costs": {"total_cost": 183.3613720315298, "time_cost": 69.97200000000001, "final_distance_cost": 1.816776721091844, "oscillation_cost": 26.12802990250626, "completition_cost": 0.0, "overshoot_cost": 50.551793500965125, "power_cost": 14.166547912597657, "noise_cost": 20.726223994368933, "n_waypoints_completed": 9, "tot_waypoints": 9}}
{"target": -201.68314959345136, "params": {"k_pid_pos": [1.0031316701085804, 0.024859491386256316, 0.5271164669865139], "k_pid_alt": [1.7297729984189598, 0.0, 0.5933646034205271], "k_pid_att": [10.85276784655954, 1.4953935029224072, 0.666719676683535], "k_pid_yaw": [0.5, 1e-06, 0.1], "k_pid_hsp": [2.957956300852597, 0.011264223901387349, 0.0], "k_pid_vsp": [264.9966777379314, 304.1795245652576, 2.77343605205192]}, "datetime": {"datetime": "2025-08-12 04:58:40", "elapsed": 45200.30606150627, "delta": 18.702800750732422}, "costs": {"total_cost": 201.68314959345136, "time_cost": 75.481, "final_distance_cost": 1.8562257942145244, "oscillation_cost": 35.26297589241919, "completition_cost": 0.0, "overshoot_cost": 50.37665551587051, "power_cost": 15.464081750488281, "noise_cost": 23.242210640458858, "n_waypoints_completed": 9, "tot_waypoints": 9}}
{"target": -185.4284899725664, "params": {"k_pid_pos": [1.1837130645794225, 0.024859491386256316, 0.40092638265648595], "k_pid_alt": [1.688733796848813, 0.0, 0.5780287087253008], "k_pid_att": [10.85276784655954, 2.8711836120640575, 0.666719676683535], "k_pid_yaw": [0.5, 1e-06, 0.1], "k_pid_hsp": [0.09847755819799779, 0.011264223901387349, 0.0], "k_pid_vsp": [264.9966777379314, 304.1795245652576, 2.77343605205192]}, "datetime": {"datetime": "2025-08-12 04:59:00", "elapsed": 45219.38315534592, "delta": 19.077093839645386}, "costs": {"total_cost": 185.4284899725664, "time_cost": 70.252, "final_distance_cost": 1.8319942772743536, "oscillation_cost": 27.999242412683202, "completition_cost": 0.0, "overshoot_cost": 50.49275435271215, "power_cost": 14.298132495117189, "noise_cost": 20.55436643477954, "n_waypoints_completed": 9, "tot_waypoints": 9}}
{"target": -1455.8940944738476, "params": {"k_pid_pos": [1.0031316701085804, 0.024859491386256316, 0.40092638265648595], "k_pid_alt": [1.7297729984189598, 0.0, 0.06527723447865985], "k_pid_att": [10.85276784655954, 1.4953935029224072, 0.666719676683535], "k_pid_yaw": [0.5, 1e-06, 0.1], "k_pid_hsp": [0.09847755819799779, 0.011264223901387349, 0.0], "k_pid_vsp": [264.9966777379314, 304.1795245652576, 283.7614298093312]}, "datetime": {"datetime": "2025-08-12 04:59:30", "elapsed": 45250.16420817375, "delta": 30.781052827835083}, "costs": {"total_cost": 1455.8940944738476, "time_cost": 150, "final_distance_cost": 0.9981798592463996, "oscillation_cost": 3.430450606203072, "completition_cost": 1000.0, "overshoot_cost": 162.4043851548527, "power_cost": 29.293795874023438, "noise_cost": 109.76728297952195, "n_waypoints_completed": 0, "tot_waypoints": 9}}
{"target": -183.29173873452203, "params": {"k_pid_pos": [1.0031316701085804, 0.024859491386256316, 0.40092638265648595], "k_pid_alt": [1.7297729984189598, 0.0, 0.06527723447865985], "k_pid_att": [25.463483275157817, 5.859554809351448, 0.666719676683535], "k_pid_yaw": [0.5, 1e-06, 0.1], "k_pid_hsp": [0.09847755819799779, 0.011264223901387349, 0.0], "k_pid_vsp": [264.9966777379314, 304.1795245652576, 2.77343605205192]}, "datetime": {"datetime": "2025-08-12 04:59:49", "elapsed": 45269.175213098526, "delta": 19.01100492477417}, "costs": {"total_cost": 183.29173873452203, "time_cost": 69.958, "final_distance_cost": 1.827688998091301, "oscillation_cost": 26.089405561688785, "completition_cost": 0.0, "overshoot_cost": 50.5115138962055, "power_cost": 14.168877612304689, "noise_cost": 20.73625266623174, "n_waypoints_completed": 9, "tot_waypoints": 9}}
{"target": -183.54322051855326, "params": {"k_pid_pos": [1.0031316701085804, 0.024859491386256316, 0.40092638265648595], "k_pid_alt": [1.7297729984189598, 0.0, 0.06527723447865985], "k_pid_att": [25.463483275157817, 9.874008014726847, 0.666719676683535], "k_pid_yaw": [0.5, 1e-06, 0.1], "k_pid_hsp": [0.09847755819799779, 0.011264223901387349, 0.0], "k_pid_vsp": [264.9966777379314, 304.1795245652576, 2.77343605205192]}, "datetime": {"datetime": "2025-08-12 05:00:07", "elapsed": 45286.46663784981, "delta": 17.29142475128174}, "costs": {"total_cost": 183.54322051855326, "time_cost": 69.95100000000001, "final_distance_cost": 1.8266680772491224, "oscillation_cost": 26.215134460418714, "completition_cost": 0.0, "overshoot_cost": 50.63746228165521, "power_cost": 14.190480786132813, "noise_cost": 20.722474913097393, "n_waypoints_completed": 9, "tot_waypoints": 9}}
{"target": -183.29173873452203, "params": {"k_pid_pos": [1.0031316701085804, 0.024859491386256316, 0.40092638265648595], "k_pid_alt": [1.7297729984189598, 0.0, 0.06527723447865985], "k_pid_att": [25.463483275157817, 5.859554809351448, 0.666719676683535], "k_pid_yaw": [0.5, 1e-06, 0.1], "k_pid_hsp": [0.09847755819799779, 0.011264223901387349, 0.0], "k_pid_vsp": [264.9966777379314, 304.1795245652576, 2.77343605205192]}, "datetime": {"datetime": "2025-08-12 05:00:25", "elapsed": 45305.11816191673, "delta": 18.65152406692505}, "costs": {"total_cost": 183.29173873452203, "time_cost": 69.958, "final_distance_cost": 1.827688998091301, "oscillation_cost": 26.089405561688785, "completition_cost": 0.0, "overshoot_cost": 50.5115138962055, "power_cost": 14.168877612304689, "noise_cost": 20.73625266623174, "n_waypoints_completed": 9, "tot_waypoints": 9}}
{"target": -193.2074332165574, "params": {"k_pid_pos": [1.0031316701085804, 0.024859491386256316, 0.40092638265648595], "k_pid_alt": [1.7297729984189598, 0.4149186621504757, 0.06527723447865985], "k_pid_att": [10.85276784655954, 1.4953935029224072, 0.666719676683535], "k_pid_yaw": [0.5, 1e-06, 0.1], "k_pid_hsp": [0.09847755819799779, 0.011264223901387349, 0.0], "k_pid_vsp": [205.46647479918613, 304.1795245652576, 2.77343605205192]}, "datetime": {"datetime": "2025-08-12 05:00:45", "elapsed": 45324.54330301285, "delta": 19.425141096115112}, "costs": {"total_cost": 193.2074332165574, "time_cost": 76.531, "final_distance_cost": 1.7742895986635956, "oscillation_cost": 26.723515665395983, "completition_cost": 0.0, "overshoot_cost": 51.46362738841015, "power_cost": 15.051702026367188, "noise_cost": 21.663298537720472, "n_waypoints_completed": 9, "tot_waypoints": 9}}
{"target": -200.0967137238507, "params": {"k_pid_pos": [1.0031316701085804, 0.41226481905908063, 0.40092638265648595], "k_pid_alt": [1.7297729984189598, 0.0, 0.06527723447865985], "k_pid_att": [25.463483275157817, 5.859554809351448, 0.666719676683535], "k_pid_yaw": [0.5, 1e-06, 0.1], "k_pid_hsp": [0.09847755819799779, 0.011264223901387349, 0.0], "k_pid_vsp": [339.77333032584096, 304.1795245652576, 2.77343605205192]}, "datetime": {"datetime": "2025-08-12 05:01:06", "elapsed": 45345.68803524971, "delta": 21.144732236862183}, "costs": {"total_cost": 200.0967137238507, "time_cost": 78.491, "final_distance_cost": 1.7470475039095392, "oscillation_cost": 28.839593986328023, "completition_cost": 0.0, "overshoot_cost": 52.0638999693372, "power_cost": 16.037755920410156, "noise_cost": 22.917416343865806, "n_waypoints_completed": 9, "tot_waypoints": 9}}
{"target": -2003.3069594406518, "params": {"k_pid_pos": [1.4200659215445044, 0.024859491386256316, 0.40092638265648595], "k_pid_alt": [1.2072933116153153, 0.0, 0.06527723447865985], "k_pid_att": [72.04073384860645, 7.335409208074745, 0.666719676683535], "k_pid_yaw": [0.5, 1e-06, 0.1], "k_pid_hsp": [0.09847755819799779, 0.011264223901387349, 0.6712446444139886], "k_pid_vsp": [264.9966777379314, 163.66429167332532, 117.19951970595275]}, "datetime": {"datetime": "2025-08-12 05:01:38", "elapsed": 45377.72652864456, "delta": 32.038493394851685}, "costs": {"total_cost": 2003.3069594406518, "time_cost": 150, "final_distance_cost": 63.306702580971994, "oscillation_cost": 756.5269884820157, "completition_cost": 888.8888888888888, "overshoot_cost": 81.80465772675727, "power_cost": 34.86094365234375, "noise_cost": 27.918778109674037, "n_waypoints_completed": 1, "tot_waypoints": 9}}
{"target": -183.08407650406252, "params": {"k_pid_pos": [1.0031316701085804, 0.024859491386256316, 0.40092638265648595], "k_pid_alt": [1.7297729984189598, 0.0, 0.06527723447865985], "k_pid_att": [10.85276784655954, 1.4953935029224072, 0.666719676683535], "k_pid_yaw": [0.5, 1e-06, 0.1], "k_pid_hsp": [0.09847755819799779, 0.011264223901387349, 0.0], "k_pid_vsp": [264.9966777379314, 304.1795245652576, 2.77343605205192]}, "datetime": {"datetime": "2025-08-12 05:01:55", "elapsed": 45395.14293408394, "delta": 17.41640543937683}, "costs": {"total_cost": 183.08407650406252, "time_cost": 69.97200000000001, "final_distance_cost": 1.8232561110929182, "oscillation_cost": 25.830634925397458, "completition_cost": 0.0, "overshoot_cost": 50.605337999513814, "power_cost": 14.15017557373047, "noise_cost": 20.702671894327832, "n_waypoints_completed": 9, "tot_waypoints": 9}}
{"target": -183.08407650406252, "params": {"k_pid_pos": [1.0031316701085804, 0.024859491386256316, 0.40092638265648595], "k_pid_alt": [1.7297729984189598, 0.0, 0.06527723447865985], "k_pid_att": [10.85276784655954, 1.4953935029224072, 0.666719676683535], "k_pid_yaw": [0.5, 1e-06, 0.1], "k_pid_hsp": [0.09847755819799779, 0.011264223901387349, 0.0], "k_pid_vsp": [264.9966777379314, 304.1795245652576, 2.77343605205192]}, "datetime": {"datetime": "2025-08-12 05:02:14", "elapsed": 45414.35658121109, "delta": 19.21364712715149}, "costs": {"total_cost": 183.08407650406252, "time_cost": 69.97200000000001, "final_distance_cost": 1.8232561110929182, "oscillation_cost": 25.830634925397458, "completition_cost": 0.0, "overshoot_cost": 50.605337999513814, "power_cost": 14.15017557373047, "noise_cost": 20.702671894327832, "n_waypoints_completed": 9, "tot_waypoints": 9}}
{"target": -183.08407650406252, "params": {"k_pid_pos": [1.0031316701085804, 0.024859491386256316, 0.40092638265648595], "k_pid_alt": [1.7297729984189598, 0.0, 0.06527723447865985], "k_pid_att": [10.85276784655954, 1.4953935029224072, 0.666719676683535], "k_pid_yaw": [0.5, 1e-06, 0.1], "k_pid_hsp": [0.09847755819799779, 0.011264223901387349, 0.0], "k_pid_vsp": [264.9966777379314, 304.1795245652576, 2.77343605205192]}, "datetime": {"datetime": "2025-08-12 05:02:32", "elapsed": 45431.745114803314, "delta": 17.38853359222412}, "costs": {"total_cost": 183.08407650406252, "time_cost": 69.97200000000001, "final_distance_cost": 1.8232561110929182, "oscillation_cost": 25.830634925397458, "completition_cost": 0.0, "overshoot_cost": 50.605337999513814, "power_cost": 14.15017557373047, "noise_cost": 20.702671894327832, "n_waypoints_completed": 9, "tot_waypoints": 9}}
