{"target": -1002.3259340541563, "params": {"k_pid_pos": [1.0031316701085804, 0.024859491386256316, 0.40092638265648595], "k_pid_alt": [1.2679502233621702, 0.0, 0.06527723447865985], "k_pid_att": [24.0942673894178, 3.7802132718527557, 0.8792759721912583], "k_pid_yaw": [0.5, 1e-06, 0.1], "k_pid_hsp": [0.09847755819799779, 0.011264223901387349, 0.2823155124738027], "k_pid_vsp": [342.13188953727393, 307.0029666248519, 188.11849363377513]}, "datetime": {"datetime": "2025-08-11 22:35:51", "elapsed": 22230.603486776352, "delta": 30.85436224937439}, "costs": {"total_cost": 1002.3259340541563, "time_cost": 150, "final_distance_cost": 68.84179366031123, "oscillation_cost": 433.47126431158495, "completition_cost": 222.2222222222222, "overshoot_cost": 68.77388043272131, "power_cost": 31.408215014648437, "noise_cost": 27.608558412668188, "n_waypoints_completed": 7, "tot_waypoints": 9}}
{"target": -760.2513836524274, "params": {"k_pid_pos": [0.9203224573796739, 0.024859491386256316, 0.40092638265648595], "k_pid_alt": [0.11479011791086302, 0.0, 0.06527723447865985], "k_pid_att": [90.06796863431647, 9.361900037196328, 0.8792759721912583], "k_pid_yaw": [0.5, 1e-06, 0.1], "k_pid_hsp": [0.09847755819799779, 0.011264223901387349, 0.0], "k_pid_vsp": [292.94687076665593, 307.0029666248519, 62.564861685850005]}, "datetime": {"datetime": "2025-08-11 22:36:21", "elapsed": 22261.248997688293, "delta": 30.64551091194153}, "costs": {"total_cost": 760.2513836524274, "time_cost": 150, "final_distance_cost": 46.193373803316376, "oscillation_cost": 17.02980963235674, "completition_cost": 444.4444444444444, "overshoot_cost": 45.580631479033734, "power_cost": 30.096648266601562, "noise_cost": 26.906476026674714, "n_waypoints_completed": 5, "tot_waypoints": 9}}
{"target": -602.6675108539998, "params": {"k_pid_pos": [1.0031316701085804, 0.944284592104748, 0.40092638265648595], "k_pid_alt": [0.628485956049549, 0.0, 0.26456819338015114], "k_pid_att": [24.0942673894178, 0.18205753750414305, 0.8792759721912583], "k_pid_yaw": [0.5, 1e-06, 0.1], "k_pid_hsp": [0.09847755819799779, 0.011264223901387349, 0.0], "k_pid_vsp": [292.94687076665593, 307.0029666248519, 40.70050142659987]}, "datetime": {"datetime": "2025-08-11 22:36:52", "elapsed": 22292.26476073265, "delta": 31.0157630443573}, "costs": {"total_cost": 602.6675108539998, "time_cost": 150, "final_distance_cost": 70.11371436899364, "oscillation_cost": 54.531133811177476, "completition_cost": 222.2222222222222, "overshoot_cost": 44.60163159223736, "power_cost": 32.04195146484375, "noise_cost": 29.156857394525275, "n_waypoints_completed": 7, "tot_waypoints": 9}}
{"target": -187.13132964197754, "params": {"k_pid_pos": [1.0031316701085804, 0.024859491386256316, 0.40092638265648595], "k_pid_alt": [1.2679502233621702, 0.0, 0.06527723447865985], "k_pid_att": [71.45838630927439, 0.18205753750414305, 0.8792759721912583], "k_pid_yaw": [0.5, 1e-06, 0.1], "k_pid_hsp": [0.09847755819799779, 0.011264223901387349, 0.0], "k_pid_vsp": [292.94687076665593, 50.87373020527707, 21.011196465382298]}, "datetime": {"datetime": "2025-08-11 22:37:10", "elapsed": 22310.203099489212, "delta": 17.93833875656128}, "costs": {"total_cost": 187.13132964197754, "time_cost": 71.4, "final_distance_cost": 1.826927105713692, "oscillation_cost": 25.68612230193305, "completition_cost": 0.0, "overshoot_cost": 51.49098430447218, "power_cost": 18.40538408203125, "noise_cost": 18.321911847827383, "n_waypoints_completed": 9, "tot_waypoints": 9}}
{"target": -185.2104228275481, "params": {"k_pid_pos": [0.9203224573796739, 0.024859491386256316, 0.40092638265648595], "k_pid_alt": [1.6586884955541554, 0.0, 0.06527723447865985], "k_pid_att": [24.0942673894178, 0.18205753750414305, 0.8792759721912583], "k_pid_yaw": [0.5, 1e-06, 0.1], "k_pid_hsp": [0.09847755819799779, 0.011264223901387349, 0.0], "k_pid_vsp": [110.56511661686339, 307.0029666248519, 21.011196465382298]}, "datetime": {"datetime": "2025-08-11 22:37:28", "elapsed": 22328.346484661102, "delta": 18.14338517189026}, "costs": {"total_cost": 185.2104228275481, "time_cost": 70.749, "final_distance_cost": 1.8229157514226881, "oscillation_cost": 25.658880528974773, "completition_cost": 0.0, "overshoot_cost": 51.06997111423526, "power_cost": 18.072364453125, "noise_cost": 17.83729097979037, "n_waypoints_completed": 9, "tot_waypoints": 9}}
{"target": -1722.9890953991785, "params": {"k_pid_pos": [0.9203224573796739, 0.024859491386256316, 0.40092638265648595], "k_pid_alt": [0.628485956049549, 0.0, 0.06527723447865985], "k_pid_att": [24.0942673894178, 0.18205753750414305, 0.2049938029151538], "k_pid_yaw": [0.5, 1e-06, 0.1], "k_pid_hsp": [0.09847755819799779, 0.011264223901387349, 0.9026349469911306], "k_pid_vsp": [241.01872517964944, 307.0029666248519, 21.011196465382298]}, "datetime": {"datetime": "2025-08-11 22:37:59", "elapsed": 22359.31457424164, "delta": 30.96808958053589}, "costs": {"total_cost": 1722.9890953991785, "time_cost": 150, "final_distance_cost": 56.827445488201505, "oscillation_cost": 688.4240855112336, "completition_cost": 666.6666666666667, "overshoot_cost": 100.26289131696765, "power_cost": 32.8415332397461, "noise_cost": 27.96647317636306, "n_waypoints_completed": 3, "tot_waypoints": 9}}
{"target": -1456.4269199314767, "params": {"k_pid_pos": [1.0031316701085804, 0.024859491386256316, 0.40092638265648595], "k_pid_alt": [1.2679502233621702, 0.0, 0.06527723447865985], "k_pid_att": [24.0942673894178, 0.18205753750414305, 0.8792759721912583], "k_pid_yaw": [0.5, 1e-06, 0.1], "k_pid_hsp": [0.09847755819799779, 0.011264223901387349, 0.0], "k_pid_vsp": [292.94687076665593, 307.0029666248519, 296.34227500557057]}, "datetime": {"datetime": "2025-08-11 22:38:30", "elapsed": 22390.11049747467, "delta": 30.795923233032227}, "costs": {"total_cost": 1456.4269199314767, "time_cost": 150, "final_distance_cost": 0.9978555553359656, "oscillation_cost": 3.3838344314297757, "completition_cost": 1000.0, "overshoot_cost": 162.43405909452585, "power_cost": 29.372080590820314, "noise_cost": 110.23909025936499, "n_waypoints_completed": 0, "tot_waypoints": 9}}
{"target": -202.2515558406825, "params": {"k_pid_pos": [0.9203224573796739, 0.024859491386256316, 0.5792642345702999], "k_pid_alt": [1.2679502233621702, 0.8453038121781166, 0.06527723447865985], "k_pid_att": [24.0942673894178, 0.18205753750414305, 0.5315175384971502], "k_pid_yaw": [0.5, 1e-06, 0.1], "k_pid_hsp": [0.09847755819799779, 0.011264223901387349, 0.0], "k_pid_vsp": [292.94687076665593, 307.0029666248519, 21.011196465382298]}, "datetime": {"datetime": "2025-08-11 22:38:51", "elapsed": 22410.87055659294, "delta": 20.760059118270874}, "costs": {"total_cost": 202.2515558406825, "time_cost": 81.291, "final_distance_cost": 1.812068512120256, "oscillation_cost": 26.832390984761883, "completition_cost": 0.0, "overshoot_cost": 53.02499147814032, "power_cost": 20.27146221923828, "noise_cost": 19.019642646421747, "n_waypoints_completed": 9, "tot_waypoints": 9}}
{"target": -208.3651905590759, "params": {"k_pid_pos": [1.0031316701085804, 0.024859491386256316, 0.40092638265648595], "k_pid_alt": [1.2679502233621702, 0.2444858433726511, 0.06527723447865985], "k_pid_att": [24.0942673894178, 0.18205753750414305, 0.8792759721912583], "k_pid_yaw": [0.5, 1e-06, 0.1], "k_pid_hsp": [5.438556736783662, 0.011264223901387349, 0.0], "k_pid_vsp": [292.94687076665593, 355.59331454328964, 21.011196465382298]}, "datetime": {"datetime": "2025-08-11 22:39:12", "elapsed": 22431.757439374924, "delta": 20.886882781982422}, "costs": {"total_cost": 208.3651905590759, "time_cost": 78.799, "final_distance_cost": 1.8234106131638332, "oscillation_cost": 37.45417960590394, "completition_cost": 0.0, "overshoot_cost": 50.989511866145996, "power_cost": 20.04859765625, "noise_cost": 19.250490817612132, "n_waypoints_completed": 9, "tot_waypoints": 9}}
{"target": -196.64507203534984, "params": {"k_pid_pos": [1.0031316701085804, 0.024859491386256316, 0.40092638265648595], "k_pid_alt": [1.2679502233621702, 0.0, 0.06527723447865985], "k_pid_att": [24.0942673894178, 0.18205753750414305, 0.8792759721912583], "k_pid_yaw": [0.5, 1e-06, 0.1], "k_pid_hsp": [2.395389635608916, 0.011264223901387349, 0.0], "k_pid_vsp": [292.94687076665593, 307.0029666248519, 21.011196465382298]}, "datetime": {"datetime": "2025-08-11 22:39:32", "elapsed": 22451.851217269897, "delta": 20.093777894973755}, "costs": {"total_cost": 196.64507203534984, "time_cost": 72.793, "final_distance_cost": 1.850850901106687, "oscillation_cost": 33.65939578419802, "completition_cost": 0.0, "overshoot_cost": 50.48690564954093, "power_cost": 18.955864074707033, "noise_cost": 18.899055625797185, "n_waypoints_completed": 9, "tot_waypoints": 9}}
{"target": -1023.1253983740527, "params": {"k_pid_pos": [1.0031316701085804, 0.024859491386256316, 0.40092638265648595], "k_pid_alt": [1.2679502233621702, 0.9483159875416077, 0.2708715183109395], "k_pid_att": [24.0942673894178, 0.18205753750414305, 0.8792759721912583], "k_pid_yaw": [0.5, 1e-06, 0.1], "k_pid_hsp": [0.09847755819799779, 0.8086473436552222, 0.0], "k_pid_vsp": [292.94687076665593, 307.0029666248519, 21.011196465382298]}, "datetime": {"datetime": "2025-08-11 22:40:03", "elapsed": 22483.026492595673, "delta": 31.175275325775146}, "costs": {"total_cost": 1023.1253983740527, "time_cost": 150, "final_distance_cost": 50.05852582578728, "oscillation_cost": 126.47556397755127, "completition_cost": 555.5555555555555, "overshoot_cost": 70.64341021313358, "power_cost": 35.64181752929688, "noise_cost": 34.75052527272806, "n_waypoints_completed": 4, "tot_waypoints": 9}}
{"target": -185.8999276804434, "params": {"k_pid_pos": [0.9203224573796739, 0.024859491386256316, 0.40092638265648595], "k_pid_alt": [1.2679502233621702, 0.0, 0.06527723447865985], "k_pid_att": [24.0942673894178, 0.18205753750414305, 0.8792759721912583], "k_pid_yaw": [0.5, 1e-06, 0.1], "k_pid_hsp": [0.09847755819799779, 0.011264223901387349, 0.0], "k_pid_vsp": [63.87935167311278, 307.0029666248519, 21.011196465382298]}, "datetime": {"datetime": "2025-08-11 22:40:21", "elapsed": 22501.23732161522, "delta": 18.21082901954651}, "costs": {"total_cost": 185.8999276804434, "time_cost": 70.924, "final_distance_cost": 1.8314540343640564, "oscillation_cost": 26.486940325427472, "completition_cost": 0.0, "overshoot_cost": 50.913699116096986, "power_cost": 18.155549926757814, "noise_cost": 17.58828427779707, "n_waypoints_completed": 9, "tot_waypoints": 9}}
{"target": -187.0661852331819, "params": {"k_pid_pos": [1.0881159906046851, 0.024859491386256316, 0.40092638265648595], "k_pid_alt": [1.7187705538853828, 0.0, 0.06527723447865985], "k_pid_att": [24.0942673894178, 5.09582738139613, 0.8792759721912583], "k_pid_yaw": [0.5, 1e-06, 0.1], "k_pid_hsp": [0.09847755819799779, 0.011264223901387349, 0.0], "k_pid_vsp": [40.32923178154295, 307.0029666248519, 21.011196465382298]}, "datetime": {"datetime": "2025-08-11 22:40:39", "elapsed": 22518.78395342827, "delta": 17.546631813049316}, "costs": {"total_cost": 187.0661852331819, "time_cost": 69.993, "final_distance_cost": 1.8296212538480277, "oscillation_cost": 29.212349147611526, "completition_cost": 0.0, "overshoot_cost": 50.72610909487822, "power_cost": 18.212388403320315, "noise_cost": 17.092717333523805, "n_waypoints_completed": 9, "tot_waypoints": 9}}
{"target": -211.01183431026973, "params": {"k_pid_pos": [1.0031316701085804, 0.024859491386256316, 0.818138871087333], "k_pid_alt": [1.2679502233621702, 0.0, 0.1132575830732897], "k_pid_att": [24.0942673894178, 0.18205753750414305, 0.8792759721912583], "k_pid_yaw": [0.5, 1e-06, 0.1], "k_pid_hsp": [3.7446071307262585, 0.011264223901387349, 0.0], "k_pid_vsp": [292.94687076665593, 307.0029666248519, 62.564861685850005]}, "datetime": {"datetime": "2025-08-11 22:40:59", "elapsed": 22539.375316143036, "delta": 20.591362714767456}, "costs": {"total_cost": 211.01183431026973, "time_cost": 79.59, "final_distance_cost": 1.8577647188062054, "oscillation_cost": 37.34255284271673, "completition_cost": 0.0, "overshoot_cost": 51.326284446583244, "power_cost": 20.296054321289063, "noise_cost": 20.599177980874497, "n_waypoints_completed": 9, "tot_waypoints": 9}}
{"target": -185.2054758711448, "params": {"k_pid_pos": [1.097674141165482, 0.024859491386256316, 0.40092638265648595], "k_pid_alt": [1.2679502233621702, 0.0, 0.06527723447865985], "k_pid_att": [24.0942673894178, 0.18205753750414305, 0.8792759721912583], "k_pid_yaw": [0.5, 1e-06, 0.1], "k_pid_hsp": [0.09847755819799779, 0.011264223901387349, 0.0], "k_pid_vsp": [292.94687076665593, 307.0029666248519, 21.011196465382298]}, "datetime": {"datetime": "2025-08-11 22:41:18", "elapsed": 22557.668771743774, "delta": 18.293455600738525}, "costs": {"total_cost": 185.2054758711448, "time_cost": 70.07000000000001, "final_distance_cost": 1.8214828234794833, "oscillation_cost": 26.735975942745515, "completition_cost": 0.0, "overshoot_cost": 50.62995827022314, "power_cost": 18.17707060546875, "noise_cost": 17.77098822922791, "n_waypoints_completed": 9, "tot_waypoints": 9}}
{"target": -1215.1921995869193, "params": {"k_pid_pos": [1.0031316701085804, 0.024859491386256316, 0.40092638265648595], "k_pid_alt": [1.2679502233621702, 0.0, 0.06527723447865985], "k_pid_att": [24.0942673894178, 0.18205753750414305, 0.8792759721912583], "k_pid_yaw": [0.5, 1e-06, 0.1], "k_pid_hsp": [0.09847755819799779, 0.011264223901387349, 0.0], "k_pid_vsp": [352.6407561030123, 307.0029666248519, 256.4816389284505]}, "datetime": {"datetime": "2025-08-11 22:41:49", "elapsed": 22588.57442188263, "delta": 30.90565013885498}, "costs": {"total_cost": 1215.1921995869193, "time_cost": 150, "final_distance_cost": 65.0365925194788, "oscillation_cost": 5.879246783985786, "completition_cost": 888.8888888888888, "overshoot_cost": 48.6909123725801, "power_cost": 29.63703864746094, "noise_cost": 27.05952037452471, "n_waypoints_completed": 1, "tot_waypoints": 9}}
{"target": -188.41908852809442, "params": {"k_pid_pos": [1.6203022768980826, 0.024859491386256316, 0.40092638265648595], "k_pid_alt": [1.2679502233621702, 0.0, 0.06527723447865985], "k_pid_att": [24.0942673894178, 0.18205753750414305, 0.8792759721912583], "k_pid_yaw": [0.5, 1e-06, 0.1], "k_pid_hsp": [0.09847755819799779, 0.011264223901387349, 0.0], "k_pid_vsp": [292.94687076665593, 307.0029666248519, 21.011196465382298]}, "datetime": {"datetime": "2025-08-11 22:42:06", "elapsed": 22606.014958381653, "delta": 17.440536499023438}, "costs": {"total_cost": 188.41908852809442, "time_cost": 69.664, "final_distance_cost": 1.7700358189969094, "oscillation_cost": 30.302787494064724, "completition_cost": 0.0, "overshoot_cost": 50.91634954606905, "power_cost": 18.060525463867187, "noise_cost": 17.705390205096574, "n_waypoints_completed": 9, "tot_waypoints": 9}}
{"target": -1464.0529893220032, "params": {"k_pid_pos": [1.0031316701085804, 0.697934074851641, 0.40092638265648595], "k_pid_alt": [1.2679502233621702, 0.0, 0.06527723447865985], "k_pid_att": [56.57538761271833, 0.18205753750414305, 0.8792759721912583], "k_pid_yaw": [0.5, 1e-06, 0.1], "k_pid_hsp": [0.09847755819799779, 0.011264223901387349, 0.0], "k_pid_vsp": [292.94687076665593, 307.0029666248519, 378.0828445606506]}, "datetime": {"datetime": "2025-08-11 22:42:38", "elapsed": 22637.43150496483, "delta": 31.41654658317566}, "costs": {"total_cost": 1464.0529893220032, "time_cost": 150, "final_distance_cost": 0.9975999807126814, "oscillation_cost": 6.917443679735342, "completition_cost": 1000.0, "overshoot_cost": 162.92561208939978, "power_cost": 29.367612744140626, "noise_cost": 113.844720828015, "n_waypoints_completed": 0, "tot_waypoints": 9}}
{"target": -1090.7557791406007, "params": {"k_pid_pos": [1.0031316701085804, 0.024859491386256316, 0.40092638265648595], "k_pid_alt": [1.7286757789009397, 0.0, 0.5100217929712108], "k_pid_att": [50.812654768034484, 0.18205753750414305, 0.8792759721912583], "k_pid_yaw": [0.5, 1e-06, 0.1], "k_pid_hsp": [0.09847755819799779, 0.011264223901387349, 0.5359723100047215], "k_pid_vsp": [200.4106445826773, 307.0029666248519, 62.564861685850005]}, "datetime": {"datetime": "2025-08-11 22:43:12", "elapsed": 22671.967973709106, "delta": 34.536468744277954}, "costs": {"total_cost": 1090.7557791406007, "time_cost": 150, "final_distance_cost": 67.46954975426978, "oscillation_cost": 370.6703402289801, "completition_cost": 333.33333333333337, "overshoot_cost": 107.92166738398912, "power_cost": 33.58445187988281, "noise_cost": 27.77643656014537, "n_waypoints_completed": 6, "tot_waypoints": 9}}
{"target": -192.47320021797066, "params": {"k_pid_pos": [0.9203224573796739, 0.19270098738807973, 0.40092638265648595], "k_pid_alt": [1.2679502233621702, 0.0, 0.06527723447865985], "k_pid_att": [24.0942673894178, 0.18205753750414305, 0.8792759721912583], "k_pid_yaw": [0.5, 1e-06, 0.1], "k_pid_hsp": [0.09847755819799779, 0.011264223901387349, 0.0], "k_pid_vsp": [40.32923178154295, 307.0029666248519, 21.011196465382298]}, "datetime": {"datetime": "2025-08-11 22:43:33", "elapsed": 22692.75938796997, "delta": 20.791414260864258}, "costs": {"total_cost": 192.47320021797066, "time_cost": 74.193, "final_distance_cost": 1.78881140815373, "oscillation_cost": 28.27118966306161, "completition_cost": 0.0, "overshoot_cost": 51.10578976378636, "power_cost": 19.168486938476562, "noise_cost": 17.9459224444924, "n_waypoints_completed": 9, "tot_waypoints": 9}}
{"target": -184.09452520859787, "params": {"k_pid_pos": [1.0031316701085804, 0.024859491386256316, 0.40092638265648595], "k_pid_alt": [1.2679502233621702, 0.0, 0.06527723447865985], "k_pid_att": [24.0942673894178, 0.18205753750414305, 0.8792759721912583], "k_pid_yaw": [0.5, 1e-06, 0.1], "k_pid_hsp": [0.09847755819799779, 0.011264223901387349, 0.0], "k_pid_vsp": [292.94687076665593, 307.0029666248519, 21.011196465382298]}, "datetime": {"datetime": "2025-08-11 22:43:51", "elapsed": 22710.658480405807, "delta": 17.899092435836792}, "costs": {"total_cost": 184.09452520859787, "time_cost": 70.399, "final_distance_cost": 1.8345096342728806, "oscillation_cost": 26.033560826510698, "completition_cost": 0.0, "overshoot_cost": 50.504236002786485, "power_cost": 17.811746228027346, "noise_cost": 17.511472517000485, "n_waypoints_completed": 9, "tot_waypoints": 9}}
{"target": -185.48841695676265, "params": {"k_pid_pos": [1.0031316701085804, 0.024859491386256316, 0.40092638265648595], "k_pid_alt": [1.2679502233621702, 0.0, 0.3533802069130071], "k_pid_att": [24.0942673894178, 0.18205753750414305, 0.8792759721912583], "k_pid_yaw": [0.5, 1e-06, 0.1], "k_pid_hsp": [0.09847755819799779, 0.011264223901387349, 0.0], "k_pid_vsp": [292.94687076665593, 307.0029666248519, 21.011196465382298]}, "datetime": {"datetime": "2025-08-11 22:44:09", "elapsed": 22728.790229558945, "delta": 18.131749153137207}, "costs": {"total_cost": 185.48841695676265, "time_cost": 71.148, "final_distance_cost": 1.8375780619668693, "oscillation_cost": 25.899003425686267, "completition_cost": 0.0, "overshoot_cost": 50.67928336949382, "power_cost": 18.16446278076172, "noise_cost": 17.76008931885399, "n_waypoints_completed": 9, "tot_waypoints": 9}}
{"target": -184.09452520859787, "params": {"k_pid_pos": [1.0031316701085804, 0.024859491386256316, 0.40092638265648595], "k_pid_alt": [1.2679502233621702, 0.0, 0.06527723447865985], "k_pid_att": [24.0942673894178, 0.18205753750414305, 0.8792759721912583], "k_pid_yaw": [0.5, 1e-06, 0.1], "k_pid_hsp": [0.09847755819799779, 0.011264223901387349, 0.0], "k_pid_vsp": [292.94687076665593, 307.0029666248519, 21.011196465382298]}, "datetime": {"datetime": "2025-08-11 22:44:27", "elapsed": 22746.833962202072, "delta": 18.04373264312744}, "costs": {"total_cost": 184.09452520859787, "time_cost": 70.399, "final_distance_cost": 1.8345096342728806, "oscillation_cost": 26.033560826510698, "completition_cost": 0.0, "overshoot_cost": 50.504236002786485, "power_cost": 17.811746228027346, "noise_cost": 17.511472517000485, "n_waypoints_completed": 9, "tot_waypoints": 9}}
{"target": -184.09452520859787, "params": {"k_pid_pos": [1.0031316701085804, 0.024859491386256316, 0.40092638265648595], "k_pid_alt": [1.2679502233621702, 0.0, 0.06527723447865985], "k_pid_att": [24.0942673894178, 0.18205753750414305, 0.8792759721912583], "k_pid_yaw": [0.5, 1e-06, 0.1], "k_pid_hsp": [0.09847755819799779, 0.011264223901387349, 0.0], "k_pid_vsp": [292.94687076665593, 307.0029666248519, 21.011196465382298]}, "datetime": {"datetime": "2025-08-11 22:44:45", "elapsed": 22764.61911702156, "delta": 17.785154819488525}, "costs": {"total_cost": 184.09452520859787, "time_cost": 70.399, "final_distance_cost": 1.8345096342728806, "oscillation_cost": 26.033560826510698, "completition_cost": 0.0, "overshoot_cost": 50.504236002786485, "power_cost": 17.811746228027346, "noise_cost": 17.511472517000485, "n_waypoints_completed": 9, "tot_waypoints": 9}}
{"target": -184.09452520859787, "params": {"k_pid_pos": [1.0031316701085804, 0.024859491386256316, 0.40092638265648595], "k_pid_alt": [1.2679502233621702, 0.0, 0.06527723447865985], "k_pid_att": [24.0942673894178, 0.18205753750414305, 0.8792759721912583], "k_pid_yaw": [0.5, 1e-06, 0.1], "k_pid_hsp": [0.09847755819799779, 0.011264223901387349, 0.0], "k_pid_vsp": [292.94687076665593, 307.0029666248519, 21.011196465382298]}, "datetime": {"datetime": "2025-08-11 22:45:03", "elapsed": 22782.624392271042, "delta": 18.0052752494812}, "costs": {"total_cost": 184.09452520859787, "time_cost": 70.399, "final_distance_cost": 1.8345096342728806, "oscillation_cost": 26.033560826510698, "completition_cost": 0.0, "overshoot_cost": 50.504236002786485, "power_cost": 17.811746228027346, "noise_cost": 17.511472517000485, "n_waypoints_completed": 9, "tot_waypoints": 9}}
