{"target": -1192.8415290781097, "params": {"k_pid_pos": [1.0031316701085804, 0.024859491386256316, 0.40092638265648595], "k_pid_alt": [1.2679502233621702, 0.0, 0.06527723447865985], "k_pid_att": [24.0942673894178, 3.7802132718527557, 0.8792759721912583], "k_pid_yaw": [0.5, 1e-06, 0.1], "k_pid_hsp": [0.09847755819799779, 0.011264223901387349, 0.5609296292812848], "k_pid_vsp": [292.94687076665593, 307.0029666248519, 62.564861685850005]}, "datetime": {"datetime": "2025-08-11 21:33:17", "elapsed": 18477.36417031288, "delta": 30.33469533920288}, "costs": {"total_cost": 1192.8415290781097, "time_cost": 150, "final_distance_cost": 44.785074120019, "oscillation_cost": 401.49269633910905, "completition_cost": 444.4444444444444, "overshoot_cost": 95.33881360943086, "power_cost": 29.834569836425782, "noise_cost": 26.945930728680707, "n_waypoints_completed": 5, "tot_waypoints": 9}}
{"target": -1259.2838344943125, "params": {"k_pid_pos": [1.0031316701085804, 0.024859491386256316, 0.231276554047951], "k_pid_alt": [0.8545398455997026, 0.0, 0.06527723447865985], "k_pid_att": [24.0942673894178, 1.7830319019495113, 0.8792759721912583], "k_pid_yaw": [0.5, 1e-06, 0.1], "k_pid_hsp": [0.09847755819799779, 0.011264223901387349, 0.6159434423984318], "k_pid_vsp": [292.94687076665593, 307.0029666248519, 62.564861685850005]}, "datetime": {"datetime": "2025-08-11 21:33:48", "elapsed": 18508.041076660156, "delta": 30.67690634727478}, "costs": {"total_cost": 1259.2838344943125, "time_cost": 150, "final_distance_cost": 41.064595363459986, "oscillation_cost": 368.8053649552812, "completition_cost": 555.5555555555555, "overshoot_cost": 86.09286569366238, "power_cost": 30.457217150878908, "noise_cost": 27.30823577547443, "n_waypoints_completed": 4, "tot_waypoints": 9}}
{"target": -207.37281287928755, "params": {"k_pid_pos": [1.0031316701085804, 0.024859491386256316, 0.40092638265648595], "k_pid_alt": [1.2679502233621702, 0.0, 0.06527723447865985], "k_pid_att": [24.0942673894178, 0.18205753750414305, 0.03404765381520658], "k_pid_yaw": [0.5, 1e-06, 0.1], "k_pid_hsp": [1.2327241314931046, 0.011264223901387349, 0.0], "k_pid_vsp": [292.94687076665593, 307.0029666248519, 62.564861685850005]}, "datetime": {"datetime": "2025-08-11 21:34:07", "elapsed": 18526.49379324913, "delta": 18.452716588974}, "costs": {"total_cost": 207.37281287928755, "time_cost": 72.8, "final_distance_cost": 1.850021939601039, "oscillation_cost": 43.63081773319401, "completition_cost": 0.0, "overshoot_cost": 51.075405332128476, "power_cost": 18.99060340576172, "noise_cost": 19.025964468602286, "n_waypoints_completed": 9, "tot_waypoints": 9}}
{"target": -828.8271681207233, "params": {"k_pid_pos": [1.0031316701085804, 0.024859491386256316, 0.40092638265648595], "k_pid_alt": [1.2679502233621702, 0.0, 0.8862606681215847], "k_pid_att": [24.0942673894178, 0.18205753750414305, 0.7508855466946219], "k_pid_yaw": [0.5, 1e-06, 0.1], "k_pid_hsp": [0.09847755819799779, 0.9328591348795976, 0.0], "k_pid_vsp": [292.94687076665593, 307.0029666248519, 21.011196465382298]}, "datetime": {"datetime": "2025-08-11 21:34:37", "elapsed": 18557.091173648834, "delta": 30.59738039970398}, "costs": {"total_cost": 828.8271681207233, "time_cost": 150, "final_distance_cost": 73.57000899239398, "oscillation_cost": 124.78956666732266, "completition_cost": 333.33333333333337, "overshoot_cost": 78.00638085836613, "power_cost": 35.85673937988281, "noise_cost": 33.271138889424364, "n_waypoints_completed": 6, "tot_waypoints": 9}}
{"target": -195.99259779837874, "params": {"k_pid_pos": [0.60393984878084, 0.024859491386256316, 0.44963268842268056], "k_pid_alt": [1.3330929626588723, 0.0, 0.11578642527130634], "k_pid_att": [6.174354700882767, 3.917135097401164, 0.8792759721912583], "k_pid_yaw": [0.5, 1e-06, 0.1], "k_pid_hsp": [0.09847755819799779, 0.011264223901387349, 0.0], "k_pid_vsp": [292.94687076665593, 307.0029666248519, 62.564861685850005]}, "datetime": {"datetime": "2025-08-11 21:34:57", "elapsed": 18576.834649801254, "delta": 19.743476152420044}, "costs": {"total_cost": 195.99259779837874, "time_cost": 78.876, "final_distance_cost": 1.856552421661185, "oscillation_cost": 21.85637870581174, "completition_cost": 0.0, "overshoot_cost": 52.82689022045041, "power_cost": 20.033807922363284, "noise_cost": 20.542968528092125, "n_waypoints_completed": 9, "tot_waypoints": 9}}
{"target": -691.2261580264794, "params": {"k_pid_pos": [1.0031316701085804, 0.024859491386256316, 0.40092638265648595], "k_pid_alt": [1.2679502233621702, 0.0, 0.06527723447865985], "k_pid_att": [64.13384744331628, 0.18205753750414305, 0.8792759721912583], "k_pid_yaw": [0.5, 1e-06, 0.1], "k_pid_hsp": [0.09847755819799779, 0.6805561624139979, 0.0], "k_pid_vsp": [292.94687076665593, 307.0029666248519, 62.564861685850005]}, "datetime": {"datetime": "2025-08-11 21:35:26", "elapsed": 18606.2638964653, "delta": 29.42924666404724}, "costs": {"total_cost": 691.2261580264794, "time_cost": 150, "final_distance_cost": 69.80904879869037, "oscillation_cost": 124.64760025482856, "completition_cost": 222.2222222222222, "overshoot_cost": 56.07551259186346, "power_cost": 35.74335438232422, "noise_cost": 32.72841977655054, "n_waypoints_completed": 7, "tot_waypoints": 9}}
{"target": -310.25059140261004, "params": {"k_pid_pos": [1.0031316701085804, 0.024859491386256316, 0.40092638265648595], "k_pid_alt": [1.2679502233621702, 0.0, 0.06527723447865985], "k_pid_att": [24.0942673894178, 3.7802132718527557, 0.8792759721912583], "k_pid_yaw": [0.5, 1e-06, 0.1], "k_pid_hsp": [0.09847755819799779, 0.011264223901387349, 0.09393821517178547], "k_pid_vsp": [292.94687076665593, 239.76907369667427, 62.564861685850005]}, "datetime": {"datetime": "2025-08-11 21:35:47", "elapsed": 18627.036667585373, "delta": 20.77277112007141}, "costs": {"total_cost": 310.25059140261004, "time_cost": 82.859, "final_distance_cost": 1.8549826009481942, "oscillation_cost": 126.478607052064, "completition_cost": 0.0, "overshoot_cost": 56.07664075909434, "power_cost": 22.098896997070312, "noise_cost": 20.882463993433177, "n_waypoints_completed": 9, "tot_waypoints": 9}}
{"target": -206.71665375762038, "params": {"k_pid_pos": [1.0031316701085804, 0.562437059426841, 0.40092638265648595], "k_pid_alt": [1.2679502233621702, 0.0, 0.06527723447865985], "k_pid_att": [24.0942673894178, 0.18205753750414305, 0.8792759721912583], "k_pid_yaw": [0.5, 1e-06, 0.1], "k_pid_hsp": [0.09847755819799779, 0.011264223901387349, 0.0], "k_pid_vsp": [292.94687076665593, 307.0029666248519, 21.011196465382298]}, "datetime": {"datetime": "2025-08-11 21:36:07", "elapsed": 18647.159053087234, "delta": 20.122385501861572}, "costs": {"total_cost": 206.71665375762038, "time_cost": 80.325, "final_distance_cost": 1.7956189500921582, "oscillation_cost": 31.795068477037027, "completition_cost": 0.0, "overshoot_cost": 52.138509775548584, "power_cost": 20.90385556640625, "noise_cost": 19.758600988536354, "n_waypoints_completed": 9, "tot_waypoints": 9}}
{"target": -184.57075292658828, "params": {"k_pid_pos": [1.0031316701085804, 0.024859491386256316, 0.40092638265648595], "k_pid_alt": [1.2679502233621702, 0.0, 0.06527723447865985], "k_pid_att": [24.0942673894178, 0.18205753750414305, 0.8792759721912583], "k_pid_yaw": [0.5, 1e-06, 0.1], "k_pid_hsp": [0.09847755819799779, 0.011264223901387349, 0.0], "k_pid_vsp": [292.94687076665593, 307.0029666248519, 62.564861685850005]}, "datetime": {"datetime": "2025-08-11 21:36:25", "elapsed": 18665.309365987778, "delta": 18.150312900543213}, "costs": {"total_cost": 184.57075292658828, "time_cost": 70.63, "final_distance_cost": 1.8307316328506358, "oscillation_cost": 25.35640013277763, "completition_cost": 0.0, "overshoot_cost": 51.06020532799305, "power_cost": 18.050848767089846, "noise_cost": 17.642567065877117, "n_waypoints_completed": 9, "tot_waypoints": 9}}
{"target": -206.9410863235763, "params": {"k_pid_pos": [1.0031316701085804, 0.5715490147784498, 0.4388587351883817], "k_pid_alt": [1.115618115767161, 0.0, 0.06527723447865985], "k_pid_att": [24.0942673894178, 3.7802132718527557, 0.6426065009168366], "k_pid_yaw": [0.5, 1e-06, 0.1], "k_pid_hsp": [0.09847755819799779, 0.011264223901387349, 0.0], "k_pid_vsp": [292.94687076665593, 307.0029666248519, 62.564861685850005]}, "datetime": {"datetime": "2025-08-11 21:36:45", "elapsed": 18685.203192472458, "delta": 19.893826484680176}, "costs": {"total_cost": 206.9410863235763, "time_cost": 80.73100000000001, "final_distance_cost": 1.7694424684074064, "oscillation_cost": 31.27611424296795, "completition_cost": 0.0, "overshoot_cost": 52.93028716522102, "power_cost": 20.904529455566408, "noise_cost": 19.329712991413484, "n_waypoints_completed": 9, "tot_waypoints": 9}}
{"target": -202.2667745386521, "params": {"k_pid_pos": [1.0031316701085804, 0.4028392441432166, 0.40092638265648595], "k_pid_alt": [1.2679502233621702, 0.0, 0.46972286414476394], "k_pid_att": [24.0942673894178, 0.18205753750414305, 0.8792759721912583], "k_pid_yaw": [0.5, 1e-06, 0.1], "k_pid_hsp": [0.09847755819799779, 0.011264223901387349, 0.0], "k_pid_vsp": [292.94687076665593, 307.0029666248519, 62.564861685850005]}, "datetime": {"datetime": "2025-08-11 21:37:06", "elapsed": 18705.40988445282, "delta": 20.20669198036194}, "costs": {"total_cost": 202.2667745386521, "time_cost": 79.71600000000001, "final_distance_cost": 1.7823624869967902, "oscillation_cost": 28.2919375798703, "completition_cost": 0.0, "overshoot_cost": 52.532134685397686, "power_cost": 20.914737036132813, "noise_cost": 19.02960275025451, "n_waypoints_completed": 9, "tot_waypoints": 9}}
{"target": -187.87689898631444, "params": {"k_pid_pos": [1.531426011234853, 0.024859491386256316, 0.40092638265648595], "k_pid_alt": [1.2679502233621702, 0.0, 0.06527723447865985], "k_pid_att": [24.0942673894178, 3.7802132718527557, 0.8792759721912583], "k_pid_yaw": [0.5, 1e-06, 0.1], "k_pid_hsp": [0.09847755819799779, 0.011264223901387349, 0.0], "k_pid_vsp": [292.94687076665593, 307.0029666248519, 62.564861685850005]}, "datetime": {"datetime": "2025-08-11 21:37:23", "elapsed": 18723.2618162632, "delta": 17.85193181037903}, "costs": {"total_cost": 187.87689898631444, "time_cost": 69.93, "final_distance_cost": 1.7819698182470232, "oscillation_cost": 29.387427464584015, "completition_cost": 0.0, "overshoot_cost": 51.011217245570386, "power_cost": 18.221187243652345, "noise_cost": 17.54509721426069, "n_waypoints_completed": 9, "tot_waypoints": 9}}
{"target": -186.42678689761777, "params": {"k_pid_pos": [1.0031316701085804, 0.024859491386256316, 0.44963268842268056], "k_pid_alt": [1.3330929626588723, 0.0, 0.11578642527130634], "k_pid_att": [6.174354700882767, 3.917135097401164, 0.08887128593342086], "k_pid_yaw": [0.5, 1e-06, 0.1], "k_pid_hsp": [0.09847755819799779, 0.011264223901387349, 0.0], "k_pid_vsp": [292.94687076665593, 307.0029666248519, 62.564861685850005]}, "datetime": {"datetime": "2025-08-11 21:37:41", "elapsed": 18740.92893385887, "delta": 17.667117595672607}, "costs": {"total_cost": 186.42678689761777, "time_cost": 70.693, "final_distance_cost": 1.8350648190301058, "oscillation_cost": 27.004751262226936, "completition_cost": 0.0, "overshoot_cost": 51.066300557152715, "power_cost": 18.053637805175782, "noise_cost": 17.774032454032238, "n_waypoints_completed": 9, "tot_waypoints": 9}}
{"target": -193.63104347771534, "params": {"k_pid_pos": [0.60393984878084, 0.024859491386256316, 0.40092638265648595], "k_pid_alt": [1.2679502233621702, 0.0, 0.06527723447865985], "k_pid_att": [58.28791669869587, 3.7802132718527557, 0.8792759721912583], "k_pid_yaw": [0.5, 1e-06, 0.1], "k_pid_hsp": [0.09847755819799779, 0.011264223901387349, 0.0], "k_pid_vsp": [292.94687076665593, 307.0029666248519, 62.564861685850005]}, "datetime": {"datetime": "2025-08-11 21:38:01", "elapsed": 18760.72257065773, "delta": 19.793636798858643}, "costs": {"total_cost": 193.63104347771534, "time_cost": 77.546, "final_distance_cost": 1.8538920763243503, "oscillation_cost": 21.897547351466073, "completition_cost": 0.0, "overshoot_cost": 52.63683998826591, "power_cost": 19.71309619140625, "noise_cost": 19.983667870252724, "n_waypoints_completed": 9, "tot_waypoints": 9}}
{"target": -188.60792464654497, "params": {"k_pid_pos": [1.0031316701085804, 0.08695198532413306, 0.29401500448644635], "k_pid_alt": [0.8463193695216031, 0.0, 0.06527723447865985], "k_pid_att": [24.0942673894178, 8.395279649922648, 0.8792759721912583], "k_pid_yaw": [0.5, 1e-06, 0.1], "k_pid_hsp": [0.09847755819799779, 0.011264223901387349, 0.0], "k_pid_vsp": [207.03313760381627, 307.0029666248519, 62.564861685850005]}, "datetime": {"datetime": "2025-08-11 21:38:20", "elapsed": 18779.476455688477, "delta": 18.75388503074646}, "costs": {"total_cost": 188.60792464654497, "time_cost": 72.898, "final_distance_cost": 1.8285323925308934, "oscillation_cost": 26.72930486290726, "completition_cost": 0.0, "overshoot_cost": 50.70054399363884, "power_cost": 18.666501025390627, "noise_cost": 17.785042372077367, "n_waypoints_completed": 9, "tot_waypoints": 9}}
{"target": -186.91723257253335, "params": {"k_pid_pos": [1.0031316701085804, 0.024859491386256316, 0.40092638265648595], "k_pid_alt": [1.2679502233621702, 0.0, 0.06527723447865985], "k_pid_att": [24.0942673894178, 0.18205753750414305, 0.8792759721912583], "k_pid_yaw": [0.5, 1e-06, 0.1], "k_pid_hsp": [0.09847755819799779, 0.011264223901387349, 0.0], "k_pid_vsp": [41.47088896769069, 307.0029666248519, 62.564861685850005]}, "datetime": {"datetime": "2025-08-11 21:38:37", "elapsed": 18797.11381840706, "delta": 17.637362718582153}, "costs": {"total_cost": 186.91723257253335, "time_cost": 71.554, "final_distance_cost": 1.8242102206207855, "oscillation_cost": 25.802921048900487, "completition_cost": 0.0, "overshoot_cost": 51.71658972986499, "power_cost": 18.574387951660157, "noise_cost": 17.445123621486957, "n_waypoints_completed": 9, "tot_waypoints": 9}}
{"target": -184.50272249521083, "params": {"k_pid_pos": [1.0031316701085804, 0.024859491386256316, 0.40092638265648595], "k_pid_alt": [1.2679502233621702, 0.0, 0.06527723447865985], "k_pid_att": [24.0942673894178, 3.7802132718527557, 0.8792759721912583], "k_pid_yaw": [0.5, 1e-06, 0.1], "k_pid_hsp": [0.09847755819799779, 0.011264223901387349, 0.0], "k_pid_vsp": [292.94687076665593, 307.0029666248519, 62.564861685850005]}, "datetime": {"datetime": "2025-08-11 21:38:55", "elapsed": 18814.975107192993, "delta": 17.86128878593445}, "costs": {"total_cost": 184.50272249521083, "time_cost": 70.644, "final_distance_cost": 1.829104376330729, "oscillation_cost": 25.622620518994342, "completition_cost": 0.0, "overshoot_cost": 50.75529124833991, "power_cost": 18.076365515136718, "noise_cost": 17.575340836409108, "n_waypoints_completed": 9, "tot_waypoints": 9}}
{"target": -184.09452520859787, "params": {"k_pid_pos": [1.0031316701085804, 0.024859491386256316, 0.40092638265648595], "k_pid_alt": [1.2679502233621702, 0.0, 0.06527723447865985], "k_pid_att": [24.0942673894178, 0.18205753750414305, 0.8792759721912583], "k_pid_yaw": [0.5, 1e-06, 0.1], "k_pid_hsp": [0.09847755819799779, 0.011264223901387349, 0.0], "k_pid_vsp": [292.94687076665593, 307.0029666248519, 21.011196465382298]}, "datetime": {"datetime": "2025-08-11 21:39:13", "elapsed": 18832.466566085815, "delta": 17.491458892822266}, "costs": {"total_cost": 184.09452520859787, "time_cost": 70.399, "final_distance_cost": 1.8345096342728806, "oscillation_cost": 26.033560826510698, "completition_cost": 0.0, "overshoot_cost": 50.504236002786485, "power_cost": 17.811746228027346, "noise_cost": 17.511472517000485, "n_waypoints_completed": 9, "tot_waypoints": 9}}
{"target": -184.50272249521083, "params": {"k_pid_pos": [1.0031316701085804, 0.024859491386256316, 0.40092638265648595], "k_pid_alt": [1.2679502233621702, 0.0, 0.06527723447865985], "k_pid_att": [24.0942673894178, 3.7802132718527557, 0.8792759721912583], "k_pid_yaw": [0.5, 1e-06, 0.1], "k_pid_hsp": [0.09847755819799779, 0.011264223901387349, 0.0], "k_pid_vsp": [292.94687076665593, 307.0029666248519, 62.564861685850005]}, "datetime": {"datetime": "2025-08-11 21:39:30", "elapsed": 18850.34681081772, "delta": 17.880244731903076}, "costs": {"total_cost": 184.50272249521083, "time_cost": 70.644, "final_distance_cost": 1.829104376330729, "oscillation_cost": 25.622620518994342, "completition_cost": 0.0, "overshoot_cost": 50.75529124833991, "power_cost": 18.076365515136718, "noise_cost": 17.575340836409108, "n_waypoints_completed": 9, "tot_waypoints": 9}}
{"target": -184.50272249521083, "params": {"k_pid_pos": [1.0031316701085804, 0.024859491386256316, 0.40092638265648595], "k_pid_alt": [1.2679502233621702, 0.0, 0.06527723447865985], "k_pid_att": [24.0942673894178, 3.7802132718527557, 0.8792759721912583], "k_pid_yaw": [0.5, 1e-06, 0.1], "k_pid_hsp": [0.09847755819799779, 0.011264223901387349, 0.0], "k_pid_vsp": [292.94687076665593, 307.0029666248519, 62.564861685850005]}, "datetime": {"datetime": "2025-08-11 21:39:48", "elapsed": 18868.064745664597, "delta": 17.71793484687805}, "costs": {"total_cost": 184.50272249521083, "time_cost": 70.644, "final_distance_cost": 1.829104376330729, "oscillation_cost": 25.622620518994342, "completition_cost": 0.0, "overshoot_cost": 50.75529124833991, "power_cost": 18.076365515136718, "noise_cost": 17.575340836409108, "n_waypoints_completed": 9, "tot_waypoints": 9}}
{"target": -298.4087193685014, "params": {"k_pid_pos": [1.0031316701085804, 0.024859491386256316, 0.40092638265648595], "k_pid_alt": [1.2679502233621702, 0.0, 0.06527723447865985], "k_pid_att": [32.711453394509874, 0.18205753750414305, 0.8792759721912583], "k_pid_yaw": [0.5, 1e-06, 0.1], "k_pid_hsp": [0.09847755819799779, 0.35943475000846337, 0.0], "k_pid_vsp": [292.94687076665593, 307.0029666248519, 62.564861685850005]}, "datetime": {"datetime": "2025-08-11 21:40:10", "elapsed": 18890.029476881027, "delta": 21.964731216430664}, "costs": {"total_cost": 298.4087193685014, "time_cost": 88.165, "final_distance_cost": 1.8337544068143705, "oscillation_cost": 97.6026607183828, "completition_cost": 0.0, "overshoot_cost": 59.10009569732876, "power_cost": 25.696526379394534, "noise_cost": 26.010682166581002, "n_waypoints_completed": 9, "tot_waypoints": 9}}
{"target": -1041.393031074929, "params": {"k_pid_pos": [0.60393984878084, 0.024859491386256316, 0.40092638265648595], "k_pid_alt": [1.2679502233621702, 0.0, 0.06527723447865985], "k_pid_att": [58.28791669869587, 3.7802132718527557, 0.8792759721912583], "k_pid_yaw": [0.5, 1e-06, 0.1], "k_pid_hsp": [0.09847755819799779, 0.838288257326695, 0.0], "k_pid_vsp": [292.94687076665593, 307.0029666248519, 62.564861685850005]}, "datetime": {"datetime": "2025-08-11 21:40:40", "elapsed": 18920.14284682274, "delta": 30.113369941711426}, "costs": {"total_cost": 1041.393031074929, "time_cost": 150, "final_distance_cost": 46.48109505730075, "oscillation_cost": 133.7334360270275, "completition_cost": 555.5555555555555, "overshoot_cost": 86.9961495553411, "power_cost": 35.632099426269534, "noise_cost": 32.99469545343445, "n_waypoints_completed": 4, "tot_waypoints": 9}}
{"target": -188.20220031826472, "params": {"k_pid_pos": [1.367080816728244, 0.024859491386256316, 0.40092638265648595], "k_pid_alt": [1.2679502233621702, 0.0, 0.06527723447865985], "k_pid_att": [24.0942673894178, 0.18205753750414305, 0.8792759721912583], "k_pid_yaw": [0.5, 1e-06, 0.1], "k_pid_hsp": [0.09847755819799779, 0.011264223901387349, 0.0], "k_pid_vsp": [44.58480459101759, 307.0029666248519, 62.564861685850005]}, "datetime": {"datetime": "2025-08-11 21:40:58", "elapsed": 18938.214223623276, "delta": 18.07137680053711}, "costs": {"total_cost": 188.20220031826472, "time_cost": 70.595, "final_distance_cost": 1.827762027802115, "oscillation_cost": 28.626649903233357, "completition_cost": 0.0, "overshoot_cost": 51.38946298378967, "power_cost": 18.526992932128906, "noise_cost": 17.23633247131066, "n_waypoints_completed": 9, "tot_waypoints": 9}}
{"target": -184.74281990764783, "params": {"k_pid_pos": [1.0031316701085804, 0.024859491386256316, 0.40092638265648595], "k_pid_alt": [1.2679502233621702, 0.0, 0.06527723447865985], "k_pid_att": [48.26873903267956, 8.267881126176224, 0.8792759721912583], "k_pid_yaw": [0.5, 1e-06, 0.1], "k_pid_hsp": [0.09847755819799779, 0.011264223901387349, 0.0], "k_pid_vsp": [292.94687076665593, 307.0029666248519, 62.564861685850005]}, "datetime": {"datetime": "2025-08-11 21:41:16", "elapsed": 18956.20362329483, "delta": 17.989399671554565}, "costs": {"total_cost": 184.74281990764783, "time_cost": 70.644, "final_distance_cost": 1.835468616510958, "oscillation_cost": 25.711933782502335, "completition_cost": 0.0, "overshoot_cost": 50.8332322631591, "power_cost": 18.156684130859375, "noise_cost": 17.561501114616046, "n_waypoints_completed": 9, "tot_waypoints": 9}}
{"target": -184.66111527411402, "params": {"k_pid_pos": [1.0031316701085804, 0.024859491386256316, 0.40092638265648595], "k_pid_alt": [1.2679502233621702, 0.0, 0.06527723447865985], "k_pid_att": [24.0942673894178, 3.7802132718527557, 0.8792759721912583], "k_pid_yaw": [0.5, 1e-06, 0.1], "k_pid_hsp": [0.09847755819799779, 0.011264223901387349, 0.0], "k_pid_vsp": [290.42366778167803, 307.0029666248519, 62.564861685850005]}, "datetime": {"datetime": "2025-08-11 21:41:34", "elapsed": 18973.77664041519, "delta": 17.573017120361328}, "costs": {"total_cost": 184.66111527411402, "time_cost": 70.644, "final_distance_cost": 1.8241731610683412, "oscillation_cost": 25.697978186720192, "completition_cost": 0.0, "overshoot_cost": 50.818440427109564, "power_cost": 18.06987470703125, "noise_cost": 17.606648792184657, "n_waypoints_completed": 9, "tot_waypoints": 9}}
