{"target": -243.1368572226464, "params": {"k_pid_pos": [1.0031316701085804, 0.024859491386256316, 0.40092638265648595], "k_pid_alt": [0.25317882650443013, 0.0, 0.06527723447865985], "k_pid_att": [24.0942673894178, 0.18205753750414305, 0.8792759721912583], "k_pid_yaw": [0.5, 1e-06, 0.1], "k_pid_hsp": [0.09847755819799779, 0.011264223901387349, 0.0], "k_pid_vsp": [279.31855783528204, 336.89689932622207, 10.0]}, "datetime": {"datetime": "2025-08-11 21:15:14", "elapsed": 17393.99813270569, "delta": 27.147331476211548}, "costs": {"total_cost": 243.1368572226464, "time_cost": 107.107, "final_distance_cost": 1.8607503671588996, "oscillation_cost": 27.86756200142719, "completition_cost": 0.0, "overshoot_cost": 53.84346624420433, "power_cost": 27.183805480957034, "noise_cost": 25.274273128898944, "n_waypoints_completed": 9, "tot_waypoints": 9}}
{"target": -227.280073141551, "params": {"k_pid_pos": [1.0031316701085804, 0.024859491386256316, 0.8100884609760892], "k_pid_alt": [1.795722219278775, 0.0, 0.06527723447865985], "k_pid_att": [24.0942673894178, 3.9650988168623, 0.1845336041603497], "k_pid_yaw": [0.5, 1e-06, 0.1], "k_pid_hsp": [2.575161370303539, 0.011264223901387349, 0.0], "k_pid_vsp": [292.94687076665593, 282.782445757401, 62.564861685850005]}, "datetime": {"datetime": "2025-08-11 21:15:34", "elapsed": 17414.235255241394, "delta": 20.237122535705566}, "costs": {"total_cost": 227.280073141551, "time_cost": 79.415, "final_distance_cost": 1.8536280643731613, "oscillation_cost": 51.87875588486229, "completition_cost": 0.0, "overshoot_cost": 52.52436497363854, "power_cost": 20.605391528320315, "noise_cost": 21.002932690356673, "n_waypoints_completed": 9, "tot_waypoints": 9}}
{"target": -184.57075292658828, "params": {"k_pid_pos": [1.0031316701085804, 0.024859491386256316, 0.40092638265648595], "k_pid_alt": [1.2679502233621702, 0.0, 0.06527723447865985], "k_pid_att": [24.0942673894178, 0.18205753750414305, 0.8792759721912583], "k_pid_yaw": [0.5, 1e-06, 0.1], "k_pid_hsp": [0.09847755819799779, 0.011264223901387349, 0.0], "k_pid_vsp": [292.94687076665593, 307.0029666248519, 62.564861685850005]}, "datetime": {"datetime": "2025-08-11 21:15:52", "elapsed": 17431.915608644485, "delta": 17.68035340309143}, "costs": {"total_cost": 184.57075292658828, "time_cost": 70.63, "final_distance_cost": 1.8307316328506358, "oscillation_cost": 25.35640013277763, "completition_cost": 0.0, "overshoot_cost": 51.06020532799305, "power_cost": 18.050848767089846, "noise_cost": 17.642567065877117, "n_waypoints_completed": 9, "tot_waypoints": 9}}
{"target": -264.13149879772016, "params": {"k_pid_pos": [1.0031316701085804, 0.024859491386256316, 0.15676371154545432], "k_pid_alt": [1.2679502233621702, 0.0, 0.06527723447865985], "k_pid_att": [24.0942673894178, 3.7802132718527557, 0.8792759721912583], "k_pid_yaw": [0.5, 1e-06, 0.1], "k_pid_hsp": [0.09847755819799779, 0.20291134351117135, 0.0], "k_pid_vsp": [292.94687076665593, 307.0029666248519, 62.564861685850005]}, "datetime": {"datetime": "2025-08-11 21:16:13", "elapsed": 17453.231219768524, "delta": 21.315611124038696}, "costs": {"total_cost": 264.13149879772016, "time_cost": 81.94200000000001, "final_distance_cost": 1.8465734098621824, "oscillation_cost": 78.30116447385575, "completition_cost": 0.0, "overshoot_cost": 55.38110364268257, "power_cost": 23.008660876464845, "noise_cost": 23.65199639485481, "n_waypoints_completed": 9, "tot_waypoints": 9}}
{"target": -1039.4218775145357, "params": {"k_pid_pos": [1.0031316701085804, 0.024859491386256316, 0.40092638265648595], "k_pid_alt": [1.6073530137732008, 0.0, 0.06527723447865985], "k_pid_att": [24.0942673894178, 0.18205753750414305, 0.8792759721912583], "k_pid_yaw": [0.5, 1e-06, 0.1], "k_pid_hsp": [0.09847755819799779, 0.9677741304742827, 0.0], "k_pid_vsp": [292.94687076665593, 336.89689932622207, 62.564861685850005]}, "datetime": {"datetime": "2025-08-11 21:16:44", "elapsed": 17483.642448425293, "delta": 30.4112286567688}, "costs": {"total_cost": 1039.4218775145357, "time_cost": 150, "final_distance_cost": 47.289005033180146, "oscillation_cost": 122.68720047753301, "completition_cost": 555.5555555555555, "overshoot_cost": 94.9708012333046, "power_cost": 35.72592253417969, "noise_cost": 33.193392680782644, "n_waypoints_completed": 4, "tot_waypoints": 9}}
{"target": -188.3135644427955, "params": {"k_pid_pos": [1.0031316701085804, 0.024859491386256316, 0.06837744536824142], "k_pid_alt": [1.408510096659571, 0.0, 0.06527723447865985], "k_pid_att": [24.0942673894178, 2.057470297840489, 0.1845336041603497], "k_pid_yaw": [0.5, 1e-06, 0.1], "k_pid_hsp": [0.09847755819799779, 0.011264223901387349, 0.0], "k_pid_vsp": [383.6525668739127, 307.0029666248519, 62.564861685850005]}, "datetime": {"datetime": "2025-08-11 21:17:02", "elapsed": 17501.604835748672, "delta": 17.962387323379517}, "costs": {"total_cost": 188.3135644427955, "time_cost": 71.46300000000001, "final_distance_cost": 1.7927403374630189, "oscillation_cost": 28.158325440046394, "completition_cost": 0.0, "overshoot_cost": 50.567996254959155, "power_cost": 18.518093713378907, "noise_cost": 17.81340869694803, "n_waypoints_completed": 9, "tot_waypoints": 9}}
{"target": -1785.1565380560885, "params": {"k_pid_pos": [1.0031316701085804, 0.024859491386256316, 0.44963268842268056], "k_pid_alt": [1.408510096659571, 0.0, 0.06527723447865985], "k_pid_att": [24.0942673894178, 2.057470297840489, 0.1845336041603497], "k_pid_yaw": [0.5, 1e-06, 0.1], "k_pid_hsp": [0.09847755819799779, 0.011264223901387349, 0.6574950238201316], "k_pid_vsp": [146.93843233531743, 336.89689932622207, 62.564861685850005]}, "datetime": {"datetime": "2025-08-11 21:17:32", "elapsed": 17531.678055286407, "delta": 30.073219537734985}, "costs": {"total_cost": 1785.1565380560885, "time_cost": 150, "final_distance_cost": 73.80847397560602, "oscillation_cost": 673.723902275598, "completition_cost": 777.7777777777778, "overshoot_cost": 48.66610014237338, "power_cost": 32.86176226806641, "noise_cost": 28.318521616666835, "n_waypoints_completed": 2, "tot_waypoints": 9}}
{"target": -184.50272249521083, "params": {"k_pid_pos": [1.0031316701085804, 0.024859491386256316, 0.40092638265648595], "k_pid_alt": [1.2679502233621702, 0.0, 0.06527723447865985], "k_pid_att": [24.0942673894178, 3.7802132718527557, 0.8792759721912583], "k_pid_yaw": [0.5, 1e-06, 0.1], "k_pid_hsp": [0.09847755819799779, 0.011264223901387349, 0.0], "k_pid_vsp": [292.94687076665593, 307.0029666248519, 62.564861685850005]}, "datetime": {"datetime": "2025-08-11 21:17:50", "elapsed": 17550.11613225937, "delta": 18.438076972961426}, "costs": {"total_cost": 184.50272249521083, "time_cost": 70.644, "final_distance_cost": 1.829104376330729, "oscillation_cost": 25.622620518994342, "completition_cost": 0.0, "overshoot_cost": 50.75529124833991, "power_cost": 18.076365515136718, "noise_cost": 17.575340836409108, "n_waypoints_completed": 9, "tot_waypoints": 9}}
{"target": -184.50272249521083, "params": {"k_pid_pos": [1.0031316701085804, 0.024859491386256316, 0.40092638265648595], "k_pid_alt": [1.2679502233621702, 0.0, 0.06527723447865985], "k_pid_att": [24.0942673894178, 3.7802132718527557, 0.8792759721912583], "k_pid_yaw": [0.5, 1e-06, 0.1], "k_pid_hsp": [0.09847755819799779, 0.011264223901387349, 0.0], "k_pid_vsp": [292.94687076665593, 307.0029666248519, 62.564861685850005]}, "datetime": {"datetime": "2025-08-11 21:18:08", "elapsed": 17568.061362028122, "delta": 17.94522976875305}, "costs": {"total_cost": 184.50272249521083, "time_cost": 70.644, "final_distance_cost": 1.829104376330729, "oscillation_cost": 25.622620518994342, "completition_cost": 0.0, "overshoot_cost": 50.75529124833991, "power_cost": 18.076365515136718, "noise_cost": 17.575340836409108, "n_waypoints_completed": 9, "tot_waypoints": 9}}
{"target": -184.50272249521083, "params": {"k_pid_pos": [1.0031316701085804, 0.024859491386256316, 0.40092638265648595], "k_pid_alt": [1.2679502233621702, 0.0, 0.06527723447865985], "k_pid_att": [24.0942673894178, 3.7802132718527557, 0.8792759721912583], "k_pid_yaw": [0.5, 1e-06, 0.1], "k_pid_hsp": [0.09847755819799779, 0.011264223901387349, 0.0], "k_pid_vsp": [292.94687076665593, 307.0029666248519, 62.564861685850005]}, "datetime": {"datetime": "2025-08-11 21:18:26", "elapsed": 17586.04843735695, "delta": 17.987075328826904}, "costs": {"total_cost": 184.50272249521083, "time_cost": 70.644, "final_distance_cost": 1.829104376330729, "oscillation_cost": 25.622620518994342, "completition_cost": 0.0, "overshoot_cost": 50.75529124833991, "power_cost": 18.076365515136718, "noise_cost": 17.575340836409108, "n_waypoints_completed": 9, "tot_waypoints": 9}}
{"target": -1461.7044721339387, "params": {"k_pid_pos": [1.0031316701085804, 0.4228336305747159, 0.4388587351883817], "k_pid_alt": [1.2679502233621702, 0.0, 0.9690789782144964], "k_pid_att": [24.0942673894178, 3.7802132718527557, 0.8792759721912583], "k_pid_yaw": [0.5, 1e-06, 0.1], "k_pid_hsp": [0.09847755819799779, 0.011264223901387349, 0.0], "k_pid_vsp": [292.94687076665593, 307.0029666248519, 397.48431374018486]}, "datetime": {"datetime": "2025-08-11 21:18:56", "elapsed": 17616.057776212692, "delta": 30.009338855743408}, "costs": {"total_cost": 1461.7044721339387, "time_cost": 150, "final_distance_cost": 0.9978480409973527, "oscillation_cost": 4.298616832382972, "completition_cost": 1000.0, "overshoot_cost": 162.96851539365554, "power_cost": 29.34847296142578, "noise_cost": 114.09101890547709, "n_waypoints_completed": 0, "tot_waypoints": 9}}
{"target": -187.54958369686082, "params": {"k_pid_pos": [1.4164186877546903, 0.024859491386256316, 0.40092638265648595], "k_pid_alt": [1.2679502233621702, 0.0, 0.6145304926431803], "k_pid_att": [24.0942673894178, 0.18205753750414305, 0.8792759721912583], "k_pid_yaw": [0.5, 1e-06, 0.1], "k_pid_hsp": [0.09847755819799779, 0.011264223901387349, 0.0], "k_pid_vsp": [279.31855783528204, 300.6723471101404, 62.564861685850005]}, "datetime": {"datetime": "2025-08-11 21:19:15", "elapsed": 17634.425870656967, "delta": 18.368094444274902}, "costs": {"total_cost": 187.54958369686082, "time_cost": 70.82600000000001, "final_distance_cost": 1.8059847237392614, "oscillation_cost": 28.465209857064096, "completition_cost": 0.0, "overshoot_cost": 50.798434850290235, "power_cost": 18.54260614013672, "noise_cost": 17.11134812563051, "n_waypoints_completed": 9, "tot_waypoints": 9}}
{"target": -184.87555482920789, "params": {"k_pid_pos": [1.0031316701085804, 0.024859491386256316, 0.40092638265648595], "k_pid_alt": [1.2679502233621702, 0.0, 0.06527723447865985], "k_pid_att": [24.0942673894178, 3.7802132718527557, 0.4581042828497125], "k_pid_yaw": [0.5, 1e-06, 0.1], "k_pid_hsp": [0.09847755819799779, 0.011264223901387349, 0.0], "k_pid_vsp": [292.94687076665593, 307.0029666248519, 62.564861685850005]}, "datetime": {"datetime": "2025-08-11 21:19:32", "elapsed": 17651.65327525139, "delta": 17.227404594421387}, "costs": {"total_cost": 184.87555482920789, "time_cost": 70.623, "final_distance_cost": 1.8305244688436786, "oscillation_cost": 25.756653439909424, "completition_cost": 0.0, "overshoot_cost": 50.84107428917971, "power_cost": 18.25182720947266, "noise_cost": 17.572475421802405, "n_waypoints_completed": 9, "tot_waypoints": 9}}
{"target": -184.57075292658828, "params": {"k_pid_pos": [1.0031316701085804, 0.024859491386256316, 0.40092638265648595], "k_pid_alt": [1.2679502233621702, 0.0, 0.06527723447865985], "k_pid_att": [24.0942673894178, 0.18205753750414305, 0.8792759721912583], "k_pid_yaw": [0.5, 1e-06, 0.1], "k_pid_hsp": [0.09847755819799779, 0.011264223901387349, 0.0], "k_pid_vsp": [292.94687076665593, 307.0029666248519, 62.564861685850005]}, "datetime": {"datetime": "2025-08-11 21:19:50", "elapsed": 17669.60907459259, "delta": 17.955799341201782}, "costs": {"total_cost": 184.57075292658828, "time_cost": 70.63, "final_distance_cost": 1.8307316328506358, "oscillation_cost": 25.35640013277763, "completition_cost": 0.0, "overshoot_cost": 51.06020532799305, "power_cost": 18.050848767089846, "noise_cost": 17.642567065877117, "n_waypoints_completed": 9, "tot_waypoints": 9}}
{"target": -407.521489624192, "params": {"k_pid_pos": [1.0031316701085804, 0.024859491386256316, 0.40092638265648595], "k_pid_alt": [0.3544135406198281, 0.0, 0.7222123030452839], "k_pid_att": [24.0942673894178, 0.18205753750414305, 0.8792759721912583], "k_pid_yaw": [0.5, 1e-06, 0.1], "k_pid_hsp": [0.09847755819799779, 0.011264223901387349, 0.0], "k_pid_vsp": [275.33154576757, 307.0029666248519, 62.564861685850005]}, "datetime": {"datetime": "2025-08-11 21:20:20", "elapsed": 17699.51376271248, "delta": 29.904688119888306}, "costs": {"total_cost": 407.521489624192, "time_cost": 150, "final_distance_cost": 7.184181356172533, "oscillation_cost": 27.109342624884, "completition_cost": 111.11111111111116, "overshoot_cost": 55.279319465327134, "power_cost": 30.07584626464844, "noise_cost": 26.76168880204873, "n_waypoints_completed": 8, "tot_waypoints": 9}}
{"target": -234.35468689406162, "params": {"k_pid_pos": [1.0031316701085804, 0.024859491386256316, 0.40092638265648595], "k_pid_alt": [1.2679502233621702, 0.0, 0.8705629771698292], "k_pid_att": [24.0942673894178, 5.215311636883334, 0.8792759721912583], "k_pid_yaw": [0.5, 1e-06, 0.1], "k_pid_hsp": [0.22821344198103216, 0.4646359499442313, 0.0], "k_pid_vsp": [292.94687076665593, 307.0029666248519, 62.564861685850005]}, "datetime": {"datetime": "2025-08-11 21:20:38", "elapsed": 17718.268786907196, "delta": 18.755024194717407}, "costs": {"total_cost": 234.35468689406162, "time_cost": 76.041, "final_distance_cost": 1.8558519555786028, "oscillation_cost": 63.96649220120586, "completition_cost": 0.0, "overshoot_cost": 51.528740340183695, "power_cost": 21.156045935058593, "noise_cost": 19.806556462034873, "n_waypoints_completed": 9, "tot_waypoints": 9}}
{"target": -1007.328585073819, "params": {"k_pid_pos": [1.0031316701085804, 0.024859491386256316, 0.40092638265648595], "k_pid_alt": [1.0499380434106582, 0.0, 0.06527723447865985], "k_pid_att": [24.0942673894178, 0.18205753750414305, 0.8792759721912583], "k_pid_yaw": [0.5, 1e-06, 0.1], "k_pid_hsp": [0.09847755819799779, 0.5099699049722157, 0.9050870333062111], "k_pid_vsp": [292.94687076665593, 307.0029666248519, 62.564861685850005]}, "datetime": {"datetime": "2025-08-11 21:21:10", "elapsed": 17749.427493572235, "delta": 31.158706665039062}, "costs": {"total_cost": 1007.328585073819, "time_cost": 150, "final_distance_cost": 60.0766887164814, "oscillation_cost": 451.91493434232825, "completition_cost": 222.2222222222222, "overshoot_cost": 63.670834315089834, "power_cost": 31.69227899169922, "noise_cost": 27.7516264859981, "n_waypoints_completed": 7, "tot_waypoints": 9}}
{"target": -236.83720848176742, "params": {"k_pid_pos": [1.0031316701085804, 0.024859491386256316, 0.40092638265648595], "k_pid_alt": [0.39303563678463904, 0.7782994567117663, 0.07734400225577898], "k_pid_att": [24.0942673894178, 3.7802132718527557, 0.1845336041603497], "k_pid_yaw": [0.5, 1e-06, 0.1], "k_pid_hsp": [0.09847755819799779, 0.011264223901387349, 0.0], "k_pid_vsp": [292.94687076665593, 307.0029666248519, 62.564861685850005]}, "datetime": {"datetime": "2025-08-11 21:21:35", "elapsed": 17774.583350419998, "delta": 25.15585684776306}, "costs": {"total_cost": 236.83720848176742, "time_cost": 97.874, "final_distance_cost": 1.7878798849311395, "oscillation_cost": 28.33136515065994, "completition_cost": 0.0, "overshoot_cost": 61.558147434332184, "power_cost": 24.604517614746094, "noise_cost": 22.681298397098054, "n_waypoints_completed": 9, "tot_waypoints": 9}}
{"target": -195.3224918552449, "params": {"k_pid_pos": [0.5749082678199174, 0.024859491386256316, 0.40092638265648595], "k_pid_alt": [1.2679502233621702, 0.0, 0.06527723447865985], "k_pid_att": [24.0942673894178, 3.7802132718527557, 0.8792759721912583], "k_pid_yaw": [0.5, 1e-06, 0.1], "k_pid_hsp": [0.09847755819799779, 0.011264223901387349, 0.0], "k_pid_vsp": [292.94687076665593, 307.0029666248519, 62.564861685850005]}, "datetime": {"datetime": "2025-08-11 21:21:55", "elapsed": 17794.530471086502, "delta": 19.947120666503906}, "costs": {"total_cost": 195.3224918552449, "time_cost": 78.855, "final_distance_cost": 1.8590945739031184, "oscillation_cost": 21.527246673085905, "completition_cost": 0.0, "overshoot_cost": 52.6701122923221, "power_cost": 19.891212170410157, "noise_cost": 20.51982614552362, "n_waypoints_completed": 9, "tot_waypoints": 9}}
{"target": -1457.2628064730857, "params": {"k_pid_pos": [1.0031316701085804, 0.024859491386256316, 0.40092638265648595], "k_pid_alt": [1.2679502233621702, 0.0, 0.06527723447865985], "k_pid_att": [65.90126278649572, 3.7802132718527557, 0.8792759721912583], "k_pid_yaw": [0.5, 1e-06, 0.1], "k_pid_hsp": [0.09847755819799779, 0.011264223901387349, 0.0], "k_pid_vsp": [292.94687076665593, 336.89689932622207, 335.78956033918365]}, "datetime": {"datetime": "2025-08-11 21:22:25", "elapsed": 17824.71146917343, "delta": 30.18099808692932}, "costs": {"total_cost": 1457.2628064730857, "time_cost": 150, "final_distance_cost": 0.998533647683943, "oscillation_cost": 3.3850835335530003, "completition_cost": 1000.0, "overshoot_cost": 162.54265831759716, "power_cost": 29.36553692626953, "noise_cost": 110.97099404798195, "n_waypoints_completed": 0, "tot_waypoints": 9}}
{"target": -195.99259779837874, "params": {"k_pid_pos": [0.60393984878084, 0.024859491386256316, 0.44963268842268056], "k_pid_alt": [1.3330929626588723, 0.0, 0.11578642527130634], "k_pid_att": [6.174354700882767, 3.917135097401164, 0.8792759721912583], "k_pid_yaw": [0.5, 1e-06, 0.1], "k_pid_hsp": [0.09847755819799779, 0.011264223901387349, 0.0], "k_pid_vsp": [292.94687076665593, 307.0029666248519, 62.564861685850005]}, "datetime": {"datetime": "2025-08-11 21:22:45", "elapsed": 17844.55486226082, "delta": 19.843393087387085}, "costs": {"total_cost": 195.99259779837874, "time_cost": 78.876, "final_distance_cost": 1.856552421661185, "oscillation_cost": 21.85637870581174, "completition_cost": 0.0, "overshoot_cost": 52.82689022045041, "power_cost": 20.033807922363284, "noise_cost": 20.542968528092125, "n_waypoints_completed": 9, "tot_waypoints": 9}}
{"target": -1131.732318306408, "params": {"k_pid_pos": [0.0720678231299122, 0.024859491386256316, 0.40092638265648595], "k_pid_alt": [1.2679502233621702, 0.7031627732108057, 0.06527723447865985], "k_pid_att": [24.0942673894178, 3.7802132718527557, 0.1845336041603497], "k_pid_yaw": [0.5, 1e-06, 0.1], "k_pid_hsp": [0.09847755819799779, 0.011264223901387349, 0.0], "k_pid_vsp": [279.31855783528204, 336.89689932622207, 10.0]}, "datetime": {"datetime": "2025-08-11 21:23:15", "elapsed": 17874.872555971146, "delta": 30.31769371032715}, "costs": {"total_cost": 1131.732318306408, "time_cost": 150, "final_distance_cost": 86.88518634654476, "oscillation_cost": 2.615625422606829, "completition_cost": 777.7777777777778, "overshoot_cost": 58.45299966197857, "power_cost": 29.333730603027345, "noise_cost": 26.666998494472576, "n_waypoints_completed": 2, "tot_waypoints": 9}}
{"target": -185.50698371349287, "params": {"k_pid_pos": [1.0031316701085804, 0.024859491386256316, 0.231276554047951], "k_pid_alt": [0.8545398455997026, 0.0, 0.06527723447865985], "k_pid_att": [24.0942673894178, 3.7802132718527557, 0.8792759721912583], "k_pid_yaw": [0.5, 1e-06, 0.1], "k_pid_hsp": [0.09847755819799779, 0.011264223901387349, 0.0], "k_pid_vsp": [292.94687076665593, 307.0029666248519, 62.564861685850005]}, "datetime": {"datetime": "2025-08-11 21:23:33", "elapsed": 17892.68794107437, "delta": 17.815385103225708}, "costs": {"total_cost": 185.50698371349287, "time_cost": 71.183, "final_distance_cost": 1.8275360883218594, "oscillation_cost": 26.534287861685794, "completition_cost": 0.0, "overshoot_cost": 50.35315859895684, "power_cost": 18.183611364746096, "noise_cost": 17.42538979978227, "n_waypoints_completed": 9, "tot_waypoints": 9}}
{"target": -184.50272249521083, "params": {"k_pid_pos": [1.0031316701085804, 0.024859491386256316, 0.40092638265648595], "k_pid_alt": [1.2679502233621702, 0.0, 0.06527723447865985], "k_pid_att": [24.0942673894178, 3.7802132718527557, 0.8792759721912583], "k_pid_yaw": [0.5, 1e-06, 0.1], "k_pid_hsp": [0.09847755819799779, 0.011264223901387349, 0.0], "k_pid_vsp": [292.94687076665593, 307.0029666248519, 62.564861685850005]}, "datetime": {"datetime": "2025-08-11 21:23:51", "elapsed": 17910.93279361725, "delta": 18.244852542877197}, "costs": {"total_cost": 184.50272249521083, "time_cost": 70.644, "final_distance_cost": 1.829104376330729, "oscillation_cost": 25.622620518994342, "completition_cost": 0.0, "overshoot_cost": 50.75529124833991, "power_cost": 18.076365515136718, "noise_cost": 17.575340836409108, "n_waypoints_completed": 9, "tot_waypoints": 9}}
{"target": -184.09452520859787, "params": {"k_pid_pos": [1.0031316701085804, 0.024859491386256316, 0.40092638265648595], "k_pid_alt": [1.2679502233621702, 0.0, 0.06527723447865985], "k_pid_att": [24.0942673894178, 0.18205753750414305, 0.8792759721912583], "k_pid_yaw": [0.5, 1e-06, 0.1], "k_pid_hsp": [0.09847755819799779, 0.011264223901387349, 0.0], "k_pid_vsp": [292.94687076665593, 307.0029666248519, 21.011196465382298]}, "datetime": {"datetime": "2025-08-11 21:24:09", "elapsed": 17928.671276807785, "delta": 17.7384831905365}, "costs": {"total_cost": 184.09452520859787, "time_cost": 70.399, "final_distance_cost": 1.8345096342728806, "oscillation_cost": 26.033560826510698, "completition_cost": 0.0, "overshoot_cost": 50.504236002786485, "power_cost": 17.811746228027346, "noise_cost": 17.511472517000485, "n_waypoints_completed": 9, "tot_waypoints": 9}}
