{"target": -184.9985303697798, "params": {"k_pid_pos": [1.0031316701085804, 0.024859491386256316, 0.44963268842268056], "k_pid_alt": [1.2679502233621702, 0.0, 0.06527723447865985], "k_pid_att": [24.0942673894178, 3.7802132718527557, 0.1845336041603497], "k_pid_yaw": [0.5, 1e-06, 0.1], "k_pid_hsp": [0.09847755819799779, 0.011264223901387349, 0.0], "k_pid_vsp": [279.31855783528204, 336.89689932622207, 62.564861685850005]}, "datetime": {"datetime": "2025-08-11 19:21:31", "elapsed": 10571.246953248978, "delta": 17.290709257125854}, "costs": {"total_cost": 184.9985303697798, "time_cost": 70.756, "final_distance_cost": 1.8296624898101252, "oscillation_cost": 25.92040249377883, "completition_cost": 0.0, "overshoot_cost": 50.67362444698116, "power_cost": 18.17354315185547, "noise_cost": 17.645297787354224, "n_waypoints_completed": 9, "tot_waypoints": 9}}
{"target": -191.29035565524543, "params": {"k_pid_pos": [1.9188042305344217, 0.024859491386256316, 0.44963268842268056], "k_pid_alt": [1.296896341175293, 0.0, 0.8660961728784851], "k_pid_att": [39.447728079683905, 3.8677381495188174, 0.837110513405392], "k_pid_yaw": [0.5, 1e-06, 0.1], "k_pid_hsp": [0.09847755819799779, 0.011264223901387349, 0.0], "k_pid_vsp": [250.4409247236842, 336.89689932622207, 62.564861685850005]}, "datetime": {"datetime": "2025-08-11 19:21:49", "elapsed": 10588.93809580803, "delta": 17.691142559051514}, "costs": {"total_cost": 191.29035565524543, "time_cost": 71.505, "final_distance_cost": 1.8004010246002633, "oscillation_cost": 31.023415939609777, "completition_cost": 0.0, "overshoot_cost": 50.970410258683955, "power_cost": 18.722778369140627, "noise_cost": 17.26835006321081, "n_waypoints_completed": 9, "tot_waypoints": 9}}
{"target": -184.9985303697798, "params": {"k_pid_pos": [1.0031316701085804, 0.024859491386256316, 0.44963268842268056], "k_pid_alt": [1.2679502233621702, 0.0, 0.06527723447865985], "k_pid_att": [24.0942673894178, 3.7802132718527557, 0.1845336041603497], "k_pid_yaw": [0.5, 1e-06, 0.1], "k_pid_hsp": [0.09847755819799779, 0.011264223901387349, 0.0], "k_pid_vsp": [279.31855783528204, 336.89689932622207, 62.564861685850005]}, "datetime": {"datetime": "2025-08-11 19:22:06", "elapsed": 10606.33773446083, "delta": 17.399638652801514}, "costs": {"total_cost": 184.9985303697798, "time_cost": 70.756, "final_distance_cost": 1.8296624898101252, "oscillation_cost": 25.92040249377883, "completition_cost": 0.0, "overshoot_cost": 50.67362444698116, "power_cost": 18.17354315185547, "noise_cost": 17.645297787354224, "n_waypoints_completed": 9, "tot_waypoints": 9}}
{"target": -185.4759441536794, "params": {"k_pid_pos": [1.0031316701085804, 0.024859491386256316, 0.44963268842268056], "k_pid_alt": [1.2679502233621702, 0.0, 0.06527723447865985], "k_pid_att": [43.948176657889235, 3.7802132718527557, 0.1845336041603497], "k_pid_yaw": [0.5, 1e-06, 0.1], "k_pid_hsp": [0.09847755819799779, 0.011264223901387349, 0.0], "k_pid_vsp": [279.31855783528204, 336.89689932622207, 62.564861685850005]}, "datetime": {"datetime": "2025-08-11 19:22:24", "elapsed": 10623.461386919022, "delta": 17.123652458190918}, "costs": {"total_cost": 185.4759441536794, "time_cost": 70.812, "final_distance_cost": 1.8291113049913463, "oscillation_cost": 25.875958409826, "completition_cost": 0.0, "overshoot_cost": 50.95316665410409, "power_cost": 18.24726290283203, "noise_cost": 17.758444881925925, "n_waypoints_completed": 9, "tot_waypoints": 9}}
{"target": -186.19009909229186, "params": {"k_pid_pos": [1.3885554450422086, 0.024859491386256316, 0.44963268842268056], "k_pid_alt": [1.636508049307729, 0.0, 0.06527723447865985], "k_pid_att": [58.989274729095186, 0.7200504618080176, 0.9166398602394554], "k_pid_yaw": [0.5, 1e-06, 0.1], "k_pid_hsp": [0.09847755819799779, 0.011264223901387349, 0.0], "k_pid_vsp": [194.7624155113164, 307.0029666248519, 10.0]}, "datetime": {"datetime": "2025-08-11 19:22:41", "elapsed": 10640.776502847672, "delta": 17.315115928649902}, "costs": {"total_cost": 186.19009909229186, "time_cost": 69.384, "final_distance_cost": 1.7976164172723093, "oscillation_cost": 28.739410941303934, "completition_cost": 0.0, "overshoot_cost": 50.54003060207813, "power_cost": 18.00883690185547, "noise_cost": 17.720204229782027, "n_waypoints_completed": 9, "tot_waypoints": 9}}
{"target": -185.30778773307898, "params": {"k_pid_pos": [1.0031316701085804, 0.024859491386256316, 0.44963268842268056], "k_pid_alt": [1.2679502233621702, 0.0, 0.06527723447865985], "k_pid_att": [24.0942673894178, 3.7802132718527557, 0.837110513405392], "k_pid_yaw": [0.5, 1e-06, 0.1], "k_pid_hsp": [0.09847755819799779, 0.011264223901387349, 0.0], "k_pid_vsp": [250.4409247236842, 336.89689932622207, 62.564861685850005]}, "datetime": {"datetime": "2025-08-11 19:22:58", "elapsed": 10658.277228355408, "delta": 17.500725507736206}, "costs": {"total_cost": 185.30778773307898, "time_cost": 70.819, "final_distance_cost": 1.8351135474295652, "oscillation_cost": 25.527013680033456, "completition_cost": 0.0, "overshoot_cost": 51.171672496001875, "power_cost": 18.271016625976564, "noise_cost": 17.683971383637516, "n_waypoints_completed": 9, "tot_waypoints": 9}}
{"target": -1018.2417655365819, "params": {"k_pid_pos": [1.9188042305344217, 0.024859491386256316, 0.44963268842268056], "k_pid_alt": [1.296896341175293, 0.0, 0.8660961728784851], "k_pid_att": [39.447728079683905, 3.8677381495188174, 0.1845336041603497], "k_pid_yaw": [0.5, 1e-06, 0.1], "k_pid_hsp": [0.09847755819799779, 0.011264223901387349, 0.24252753025063056], "k_pid_vsp": [279.31855783528204, 336.89689932622207, 62.564861685850005]}, "datetime": {"datetime": "2025-08-11 19:23:28", "elapsed": 10687.819736480713, "delta": 29.542508125305176}, "costs": {"total_cost": 1018.2417655365819, "time_cost": 150, "final_distance_cost": 50.20161003555617, "oscillation_cost": 559.4003751644365, "completition_cost": 111.11111111111116, "overshoot_cost": 86.02702103736638, "power_cost": 33.550970361328126, "noise_cost": 27.95067782678348, "n_waypoints_completed": 8, "tot_waypoints": 9}}
{"target": -187.19402171892185, "params": {"k_pid_pos": [1.3885554450422086, 0.024859491386256316, 0.44963268842268056], "k_pid_alt": [1.2679502233621702, 0.0, 0.26454652801742706], "k_pid_att": [43.948176657889235, 8.589697399353744, 0.5289969311173601], "k_pid_yaw": [0.5, 1e-06, 0.1], "k_pid_hsp": [0.09847755819799779, 0.011264223901387349, 0.0], "k_pid_vsp": [194.7624155113164, 139.20520652041523, 10.0]}, "datetime": {"datetime": "2025-08-11 19:23:46", "elapsed": 10705.961465120316, "delta": 18.14172863960266}, "costs": {"total_cost": 187.19402171892185, "time_cost": 70.315, "final_distance_cost": 1.8072672398183087, "oscillation_cost": 28.626305814151088, "completition_cost": 0.0, "overshoot_cost": 50.78972084079711, "power_cost": 17.463900463867187, "noise_cost": 18.19182736028813, "n_waypoints_completed": 9, "tot_waypoints": 9}}
{"target": -192.5779247788427, "params": {"k_pid_pos": [1.3885554450422086, 0.25995968672490866, 0.44963268842268056], "k_pid_alt": [1.2679502233621702, 0.0, 0.06527723447865985], "k_pid_att": [43.948176657889235, 3.8677381495188174, 0.5354455210588809], "k_pid_yaw": [0.5, 1e-06, 0.1], "k_pid_hsp": [0.09847755819799779, 0.011264223901387349, 0.0], "k_pid_vsp": [277.2708477836043, 307.0029666248519, 10.0]}, "datetime": {"datetime": "2025-08-11 19:24:04", "elapsed": 10724.296725273132, "delta": 18.335260152816772}, "costs": {"total_cost": 192.5779247788427, "time_cost": 73.129, "final_distance_cost": 1.783865751649567, "oscillation_cost": 29.813772525461342, "completition_cost": 0.0, "overshoot_cost": 50.630863187754485, "power_cost": 18.87462479248047, "noise_cost": 18.345798521496835, "n_waypoints_completed": 9, "tot_waypoints": 9}}
{"target": -189.99168481282382, "params": {"k_pid_pos": [1.3885554450422086, 0.024859491386256316, 0.44963268842268056], "k_pid_alt": [1.2679502233621702, 0.0, 0.16072894317769304], "k_pid_att": [94.70626418914286, 3.7802132718527557, 0.1845336041603497], "k_pid_yaw": [0.5, 1e-06, 0.1], "k_pid_hsp": [0.09847755819799779, 0.011264223901387349, 0.0], "k_pid_vsp": [279.31855783528204, 307.91687238113764, 62.564861685850005]}, "datetime": {"datetime": "2025-08-11 19:24:22", "elapsed": 10741.71137881279, "delta": 17.414653539657593}, "costs": {"total_cost": 189.99168481282382, "time_cost": 70.266, "final_distance_cost": 1.8133102413634041, "oscillation_cost": 30.68047589552017, "completition_cost": 0.0, "overshoot_cost": 51.063511173729495, "power_cost": 18.268326806640626, "noise_cost": 17.900060695570083, "n_waypoints_completed": 9, "tot_waypoints": 9}}
{"target": -238.59846937599195, "params": {"k_pid_pos": [1.0031316701085804, 0.024859491386256316, 0.44963268842268056], "k_pid_alt": [1.2679502233621702, 0.0, 0.06527723447865985], "k_pid_att": [24.0942673894178, 3.7802132718527557, 0.1845336041603497], "k_pid_yaw": [0.5, 1e-06, 0.1], "k_pid_hsp": [5.128277129725155, 0.011264223901387349, 0.0], "k_pid_vsp": [250.4409247236842, 336.89689932622207, 62.564861685850005]}, "datetime": {"datetime": "2025-08-11 19:24:40", "elapsed": 10760.1281311512, "delta": 18.416752338409424}, "costs": {"total_cost": 238.59846937599195, "time_cost": 74.424, "final_distance_cost": 1.853700392947423, "oscillation_cost": 73.40604605247886, "completition_cost": 0.0, "overshoot_cost": 50.149007422190316, "power_cost": 19.42295856933594, "noise_cost": 19.342756939039432, "n_waypoints_completed": 9, "tot_waypoints": 9}}
{"target": -187.00148370331777, "params": {"k_pid_pos": [1.3885554450422086, 0.024859491386256316, 0.44963268842268056], "k_pid_alt": [1.2679502233621702, 0.0, 0.06527723447865985], "k_pid_att": [43.948176657889235, 3.8677381495188174, 0.5354455210588809], "k_pid_yaw": [0.5, 1e-06, 0.1], "k_pid_hsp": [0.09847755819799779, 0.011264223901387349, 0.0], "k_pid_vsp": [194.7624155113164, 357.3495236329903, 10.0]}, "datetime": {"datetime": "2025-08-11 19:24:58", "elapsed": 10777.736805438995, "delta": 17.60867428779602}, "costs": {"total_cost": 187.00148370331777, "time_cost": 69.769, "final_distance_cost": 1.8164124358214113, "oscillation_cost": 29.12535704543924, "completition_cost": 0.0, "overshoot_cost": 50.712761553969315, "power_cost": 17.865777954101564, "noise_cost": 17.712174713986226, "n_waypoints_completed": 9, "tot_waypoints": 9}}
{"target": -190.35693804113941, "params": {"k_pid_pos": [1.9168537650125603, 0.024859491386256316, 0.44963268842268056], "k_pid_alt": [1.2679502233621702, 0.0, 0.06527723447865985], "k_pid_att": [39.909449977216326, 3.8677381495188174, 0.1845336041603497], "k_pid_yaw": [0.5, 1e-06, 0.1], "k_pid_hsp": [0.09847755819799779, 0.011264223901387349, 0.0], "k_pid_vsp": [277.2708477836043, 307.0029666248519, 10.0]}, "datetime": {"datetime": "2025-08-11 19:25:15", "elapsed": 10795.075646400452, "delta": 17.3388409614563}, "costs": {"total_cost": 190.35693804113941, "time_cost": 69.72, "final_distance_cost": 1.7828901692486725, "oscillation_cost": 31.81247896025077, "completition_cost": 0.0, "overshoot_cost": 50.979518256926674, "power_cost": 17.746307421875002, "noise_cost": 18.3157432328383, "n_waypoints_completed": 9, "tot_waypoints": 9}}
{"target": -186.66279812954383, "params": {"k_pid_pos": [1.3885554450422086, 0.024859491386256316, 0.44963268842268056], "k_pid_alt": [1.961806136254105, 0.0, 0.06527723447865985], "k_pid_att": [43.948176657889235, 3.8677381495188174, 0.1845336041603497], "k_pid_yaw": [0.5, 1e-06, 0.1], "k_pid_hsp": [0.09847755819799779, 0.011264223901387349, 0.0], "k_pid_vsp": [250.4409247236842, 336.89689932622207, 17.132000594645874]}, "datetime": {"datetime": "2025-08-11 19:25:33", "elapsed": 10812.575141429901, "delta": 17.499495029449463}, "costs": {"total_cost": 186.66279812954383, "time_cost": 69.426, "final_distance_cost": 1.816231133484469, "oscillation_cost": 29.09795321121735, "completition_cost": 0.0, "overshoot_cost": 50.46955113920245, "power_cost": 18.24676885986328, "noise_cost": 17.606293785776312, "n_waypoints_completed": 9, "tot_waypoints": 9}}
{"target": -185.88277446939435, "params": {"k_pid_pos": [1.3885554450422086, 0.024859491386256316, 0.8519347702918288], "k_pid_alt": [1.2679502233621702, 0.0, 0.06527723447865985], "k_pid_att": [43.948176657889235, 3.7802132718527557, 0.5354455210588809], "k_pid_yaw": [0.5, 1e-06, 0.1], "k_pid_hsp": [0.09847755819799779, 0.011264223901387349, 0.0], "k_pid_vsp": [277.2708477836043, 307.0029666248519, 10.0]}, "datetime": {"datetime": "2025-08-11 19:25:50", "elapsed": 10830.127285003662, "delta": 17.552143573760986}, "costs": {"total_cost": 185.88277446939435, "time_cost": 70.504, "final_distance_cost": 1.839368783702135, "oscillation_cost": 27.09574615518181, "completition_cost": 0.0, "overshoot_cost": 50.746940714497036, "power_cost": 17.426694018554688, "noise_cost": 18.270024797458646, "n_waypoints_completed": 9, "tot_waypoints": 9}}
{"target": -1462.084418725731, "params": {"k_pid_pos": [1.3885554450422086, 0.024859491386256316, 0.44963268842268056], "k_pid_alt": [1.296896341175293, 0.0, 0.4986678334288609], "k_pid_att": [39.447728079683905, 9.579728616174156, 0.1845336041603497], "k_pid_yaw": [0.5, 1e-06, 0.1], "k_pid_hsp": [0.09847755819799779, 0.011264223901387349, 0.0], "k_pid_vsp": [14.740616244021254, 156.5077636423909, 157.86287645050152]}, "datetime": {"datetime": "2025-08-11 19:26:20", "elapsed": 10860.308499336243, "delta": 30.181214332580566}, "costs": {"total_cost": 1462.084418725731, "time_cost": 150, "final_distance_cost": 0.9988873667389451, "oscillation_cost": 3.9968808257755626, "completition_cost": 1000.0, "overshoot_cost": 163.06006857063122, "power_cost": 29.28227985839844, "noise_cost": 114.74630210418674, "n_waypoints_completed": 0, "tot_waypoints": 9}}
{"target": -1122.6470591338248, "params": {"k_pid_pos": [1.3885554450422086, 0.024859491386256316, 0.44963268842268056], "k_pid_alt": [1.296896341175293, 0.0, 0.1576465649121419], "k_pid_att": [39.447728079683905, 3.8677381495188174, 0.1845336041603497], "k_pid_yaw": [0.5, 1e-06, 0.1], "k_pid_hsp": [0.09847755819799779, 0.8275095098070258, 0.0], "k_pid_vsp": [250.4409247236842, 336.89689932622207, 62.564861685850005]}, "datetime": {"datetime": "2025-08-11 19:26:50", "elapsed": 10890.124228954315, "delta": 29.81572961807251}, "costs": {"total_cost": 1122.6470591338248, "time_cost": 150, "final_distance_cost": 50.154676887078, "oscillation_cost": 120.85204475745321, "completition_cost": 666.6666666666667, "overshoot_cost": 65.66519758496139, "power_cost": 35.59666208496094, "noise_cost": 33.71181115270475, "n_waypoints_completed": 3, "tot_waypoints": 9}}
{"target": -190.1699890107655, "params": {"k_pid_pos": [1.3885554450422086, 0.024859491386256316, 0.44963268842268056], "k_pid_alt": [1.2679502233621702, 0.0, 0.06527723447865985], "k_pid_att": [94.70626418914286, 3.7802132718527557, 0.1845336041603497], "k_pid_yaw": [0.5, 1e-06, 0.1], "k_pid_hsp": [0.09847755819799779, 0.011264223901387349, 0.0], "k_pid_vsp": [250.4409247236842, 336.89689932622207, 62.564861685850005]}, "datetime": {"datetime": "2025-08-11 19:27:08", "elapsed": 10907.627456903458, "delta": 17.503227949142456}, "costs": {"total_cost": 190.1699890107655, "time_cost": 70.203, "final_distance_cost": 1.8260635466287656, "oscillation_cost": 30.964718633231502, "completition_cost": 0.0, "overshoot_cost": 51.235624836771166, "power_cost": 18.16516083984375, "noise_cost": 17.77542115429032, "n_waypoints_completed": 9, "tot_waypoints": 9}}
{"target": -306.41558985056844, "params": {"k_pid_pos": [1.3885554450422086, 0.024859491386256316, 0.44963268842268056], "k_pid_alt": [1.2679502233621702, 0.0, 0.16072894317769304], "k_pid_att": [68.8149331475618, 4.028010644934719, 0.1845336041603497], "k_pid_yaw": [0.5, 1e-06, 0.1], "k_pid_hsp": [0.09847755819799779, 0.34449621874560377, 0.0], "k_pid_vsp": [250.4409247236842, 336.89689932622207, 62.564861685850005]}, "datetime": {"datetime": "2025-08-11 19:27:31", "elapsed": 10930.630889415741, "delta": 23.003432512283325}, "costs": {"total_cost": 306.41558985056844, "time_cost": 93.03, "final_distance_cost": 1.8407742271246035, "oscillation_cost": 98.0359058237082, "completition_cost": 0.0, "overshoot_cost": 60.34669975566285, "power_cost": 26.77751237792969, "noise_cost": 26.384697666143094, "n_waypoints_completed": 9, "tot_waypoints": 9}}
{"target": -1894.7086770952953, "params": {"k_pid_pos": [1.9168537650125603, 0.024859491386256316, 0.44963268842268056], "k_pid_alt": [1.2679502233621702, 0.30830480674507665, 0.06527723447865985], "k_pid_att": [43.948176657889235, 3.8677381495188174, 0.1845336041603497], "k_pid_yaw": [0.5, 1e-06, 0.1], "k_pid_hsp": [0.09847755819799779, 0.011264223901387349, 0.5441635076491494], "k_pid_vsp": [375.44246649163983, 336.89689932622207, 62.564861685850005]}, "datetime": {"datetime": "2025-08-11 19:28:02", "elapsed": 10961.569801330566, "delta": 30.93891191482544}, "costs": {"total_cost": 1894.7086770952953, "time_cost": 150, "final_distance_cost": 80.4484413656738, "oscillation_cost": 734.0461967970596, "completition_cost": 777.7777777777778, "overshoot_cost": 88.96622732525041, "power_cost": 34.81044715576172, "noise_cost": 28.65958667377202, "n_waypoints_completed": 2, "tot_waypoints": 9}}
{"target": -189.07145096705767, "params": {"k_pid_pos": [1.3885554450422086, 0.024859491386256316, 0.44963268842268056], "k_pid_alt": [1.296896341175293, 0.0, 0.4986678334288609], "k_pid_att": [58.45879911684221, 4.405115701075087, 0.1845336041603497], "k_pid_yaw": [0.5, 1e-06, 0.1], "k_pid_hsp": [0.09847755819799779, 0.011264223901387349, 0.0], "k_pid_vsp": [194.7624155113164, 139.20520652041523, 10.0]}, "datetime": {"datetime": "2025-08-11 19:28:20", "elapsed": 10979.73712182045, "delta": 18.167320489883423}, "costs": {"total_cost": 189.07145096705767, "time_cost": 71.029, "final_distance_cost": 1.8196911712559845, "oscillation_cost": 29.372285301559227, "completition_cost": 0.0, "overshoot_cost": 51.07152205352735, "power_cost": 17.55116533203125, "noise_cost": 18.227787108683852, "n_waypoints_completed": 9, "tot_waypoints": 9}}
{"target": -190.73109756793542, "params": {"k_pid_pos": [1.9188042305344217, 0.050748570824986294, 0.44963268842268056], "k_pid_alt": [1.296896341175293, 0.0, 0.1576465649121419], "k_pid_att": [39.447728079683905, 3.8677381495188174, 0.1845336041603497], "k_pid_yaw": [0.5, 1e-06, 0.1], "k_pid_hsp": [0.09847755819799779, 0.011264223901387349, 0.0], "k_pid_vsp": [250.4409247236842, 336.89689932622207, 62.564861685850005]}, "datetime": {"datetime": "2025-08-11 19:28:37", "elapsed": 10997.301767110825, "delta": 17.564645290374756}, "costs": {"total_cost": 190.73109756793542, "time_cost": 70.007, "final_distance_cost": 1.780094547745462, "oscillation_cost": 31.62915412177279, "completition_cost": 0.0, "overshoot_cost": 51.27240410405398, "power_cost": 18.424635668945314, "noise_cost": 17.617809125417853, "n_waypoints_completed": 9, "tot_waypoints": 9}}
{"target": -695.5794017511806, "params": {"k_pid_pos": [1.3885554450422086, 0.024859491386256316, 0.44963268842268056], "k_pid_alt": [1.296896341175293, 0.0, 0.06527723447865985], "k_pid_att": [59.499437225992025, 0.7200504618080176, 0.9166398602394554], "k_pid_yaw": [0.5, 1e-06, 0.1], "k_pid_hsp": [0.09847755819799779, 0.8344040447135034, 0.0], "k_pid_vsp": [194.7624155113164, 139.20520652041523, 10.0]}, "datetime": {"datetime": "2025-08-11 19:29:08", "elapsed": 11027.440173625946, "delta": 30.13840651512146}, "costs": {"total_cost": 695.5794017511806, "time_cost": 150, "final_distance_cost": 73.95256819040851, "oscillation_cost": 114.44924399359458, "completition_cost": 222.2222222222222, "overshoot_cost": 66.21306055600463, "power_cost": 34.01918937988282, "noise_cost": 34.72311740906786, "n_waypoints_completed": 7, "tot_waypoints": 9}}
{"target": -186.656474339307, "params": {"k_pid_pos": [1.3885554450422086, 0.024859491386256316, 0.44963268842268056], "k_pid_alt": [1.2679502233621702, 0.0, 0.06527723447865985], "k_pid_att": [43.948176657889235, 3.8677381495188174, 0.1845336041603497], "k_pid_yaw": [0.5, 1e-06, 0.1], "k_pid_hsp": [0.09847755819799779, 0.011264223901387349, 0.0], "k_pid_vsp": [216.03222731533768, 139.20520652041523, 10.0]}, "datetime": {"datetime": "2025-08-11 19:29:25", "elapsed": 11044.628844738007, "delta": 17.188671112060547}, "costs": {"total_cost": 186.656474339307, "time_cost": 69.825, "final_distance_cost": 1.817356835855734, "oscillation_cost": 28.723313716710155, "completition_cost": 0.0, "overshoot_cost": 50.64587185206196, "power_cost": 17.341588122558594, "noise_cost": 18.303343812120588, "n_waypoints_completed": 9, "tot_waypoints": 9}}
{"target": -209.19912535088787, "params": {"k_pid_pos": [1.3885554450422086, 0.5998678448275786, 0.44963268842268056], "k_pid_alt": [1.2679502233621702, 0.0, 0.06527723447865985], "k_pid_att": [43.948176657889235, 3.8677381495188174, 0.5354455210588809], "k_pid_yaw": [0.5, 1e-06, 0.1], "k_pid_hsp": [0.09847755819799779, 0.011264223901387349, 0.0], "k_pid_vsp": [277.2708477836043, 307.0029666248519, 10.0]}, "datetime": {"datetime": "2025-08-11 19:29:45", "elapsed": 11065.119492530823, "delta": 20.490647792816162}, "costs": {"total_cost": 209.19912535088787, "time_cost": 80.367, "final_distance_cost": 1.7554013583139396, "oscillation_cost": 33.22712272408967, "completition_cost": 0.0, "overshoot_cost": 52.628625630229955, "power_cost": 21.05673103027344, "noise_cost": 20.164244607980834, "n_waypoints_completed": 9, "tot_waypoints": 9}}
