{"target": -215.88716630871082, "params": {"k_pid_pos": [1.4340672435785011, 0.024859491386256316, 0.44963268842268056], "k_pid_alt": [1.2679502233621702, 0.11236987409269117, 0.8842100415650043], "k_pid_att": [43.948176657889235, 3.7802132718527557, 0.1845336041603497], "k_pid_yaw": [0.5, 1e-06, 0.1], "k_pid_hsp": [0.09847755819799779, 0.011264223901387349, 0.0], "k_pid_vsp": [279.31855783528204, 336.89689932622207, 62.564861685850005]}, "datetime": {"datetime": "2025-08-11 19:12:31", "elapsed": 10030.395999193192, "delta": 21.465349912643433}, "costs": {"total_cost": 215.88716630871082, "time_cost": 86.982, "final_distance_cost": 1.794603130516012, "oscillation_cost": 31.795905038350444, "completition_cost": 0.0, "overshoot_cost": 52.23239688194923, "power_cost": 22.397361755371094, "noise_cost": 20.684899502524043, "n_waypoints_completed": 9, "tot_waypoints": 9}}
{"target": -1862.0976416188214, "params": {"k_pid_pos": [1.0031316701085804, 0.024859491386256316, 0.44963268842268056], "k_pid_alt": [1.2679502233621702, 0.798728739228488, 0.18431000208985737], "k_pid_att": [63.38804696362723, 3.8677381495188174, 0.591082821894856], "k_pid_yaw": [0.5, 1e-06, 0.1], "k_pid_hsp": [0.09847755819799779, 0.011264223901387349, 0.35927834599623976], "k_pid_vsp": [392.47350887632734, 221.6078012742647, 7.25306116577374]}, "datetime": {"datetime": "2025-08-11 19:13:01", "elapsed": 10060.986238241196, "delta": 30.59023904800415}, "costs": {"total_cost": 1862.0976416188214, "time_cost": 150, "final_distance_cost": 87.29534493605983, "oscillation_cost": 792.5904246334065, "completition_cost": 666.6666666666667, "overshoot_cost": 102.48340038050145, "power_cost": 33.344721398925785, "noise_cost": 29.717083603260924, "n_waypoints_completed": 3, "tot_waypoints": 9}}
{"target": -187.15009881573033, "params": {"k_pid_pos": [1.3885554450422086, 0.024859491386256316, 0.44963268842268056], "k_pid_alt": [1.2679502233621702, 0.0, 0.06527723447865985], "k_pid_att": [43.948176657889235, 4.028010644934719, 0.1845336041603497], "k_pid_yaw": [0.5, 1e-06, 0.1], "k_pid_hsp": [0.09847755819799779, 0.011264223901387349, 0.0], "k_pid_vsp": [250.4409247236842, 336.89689932622207, 62.564861685850005]}, "datetime": {"datetime": "2025-08-11 19:13:19", "elapsed": 10078.823762655258, "delta": 17.8375244140625}, "costs": {"total_cost": 187.15009881573033, "time_cost": 70.035, "final_distance_cost": 1.8116789645692504, "oscillation_cost": 28.46828521989644, "completition_cost": 0.0, "overshoot_cost": 50.95246022194952, "power_cost": 18.39396639404297, "noise_cost": 17.488708015272163, "n_waypoints_completed": 9, "tot_waypoints": 9}}
{"target": -203.70128125412626, "params": {"k_pid_pos": [1.4999912498542303, 0.024859491386256316, 0.44963268842268056], "k_pid_alt": [1.296896341175293, 0.0, 0.1576465649121419], "k_pid_att": [39.447728079683905, 3.8677381495188174, 0.1845336041603497], "k_pid_yaw": [0.5, 1e-06, 0.1], "k_pid_hsp": [3.226465079465205, 0.011264223901387349, 0.0], "k_pid_vsp": [250.4409247236842, 336.89689932622207, 62.564861685850005]}, "datetime": {"datetime": "2025-08-11 19:13:36", "elapsed": 10096.362323999405, "delta": 17.53856134414673}, "costs": {"total_cost": 203.70128125412626, "time_cost": 69.482, "final_distance_cost": 1.8506824270752351, "oscillation_cost": 46.26939345211261, "completition_cost": 0.0, "overshoot_cost": 49.726731368655095, "power_cost": 18.551212451171875, "noise_cost": 17.821261555111448, "n_waypoints_completed": 9, "tot_waypoints": 9}}
{"target": -1452.6646359038787, "params": {"k_pid_pos": [1.3885554450422086, 0.024859491386256316, 0.9062157365473852], "k_pid_alt": [1.2679502233621702, 0.0, 0.18431000208985737], "k_pid_att": [94.76983214653384, 9.770065979523123, 0.8383117218922788], "k_pid_yaw": [0.5, 1e-06, 0.1], "k_pid_hsp": [0.09847755819799779, 0.011264223901387349, 0.0], "k_pid_vsp": [194.7624155113164, 201.50022734948823, 198.76861340365707]}, "datetime": {"datetime": "2025-08-11 19:14:06", "elapsed": 10125.799302339554, "delta": 29.436978340148926}, "costs": {"total_cost": 1452.6646359038787, "time_cost": 150, "final_distance_cost": 0.9996067078449777, "oscillation_cost": 3.47827631739078, "completition_cost": 1000.0, "overshoot_cost": 161.82037994467635, "power_cost": 29.360583850097658, "noise_cost": 107.00578908386883, "n_waypoints_completed": 0, "tot_waypoints": 9}}
{"target": -202.93466414962305, "params": {"k_pid_pos": [0.5503339975771474, 0.024859491386256316, 0.44963268842268056], "k_pid_alt": [1.8299588345564006, 0.21279159204151088, 0.06527723447865985], "k_pid_att": [43.948176657889235, 3.8677381495188174, 0.38500037867184356], "k_pid_yaw": [0.5, 1e-06, 0.1], "k_pid_hsp": [0.09847755819799779, 0.011264223901387349, 0.0], "k_pid_vsp": [250.4409247236842, 336.89689932622207, 85.70232995912893]}, "datetime": {"datetime": "2025-08-11 19:14:27", "elapsed": 10147.172736167908, "delta": 21.373433828353882}, "costs": {"total_cost": 202.93466414962305, "time_cost": 85.988, "final_distance_cost": 1.8123247140912746, "oscillation_cost": 20.899891646105996, "completition_cost": 0.0, "overshoot_cost": 53.0185155863487, "power_cost": 21.182645336914064, "noise_cost": 20.033286866163035, "n_waypoints_completed": 9, "tot_waypoints": 9}}
{"target": -193.5484330859994, "params": {"k_pid_pos": [1.4999912498542303, 0.11906128738229915, 0.44963268842268056], "k_pid_alt": [1.2679502233621702, 0.0, 0.2242343482792274], "k_pid_att": [43.948176657889235, 2.1609837743181, 0.1845336041603497], "k_pid_yaw": [0.5, 1e-06, 0.1], "k_pid_hsp": [0.09847755819799779, 0.011264223901387349, 0.0], "k_pid_vsp": [42.24848860435038, 307.0029666248519, 10.0]}, "datetime": {"datetime": "2025-08-11 19:14:45", "elapsed": 10165.123826265335, "delta": 17.951090097427368}, "costs": {"total_cost": 193.5484330859994, "time_cost": 72.016, "final_distance_cost": 1.7779288039110153, "oscillation_cost": 32.470923497522875, "completition_cost": 0.0, "overshoot_cost": 50.82017120819489, "power_cost": 18.02802984619141, "noise_cost": 18.435379730179196, "n_waypoints_completed": 9, "tot_waypoints": 9}}
{"target": -922.0246208812679, "params": {"k_pid_pos": [1.9188042305344217, 0.024859491386256316, 0.44963268842268056], "k_pid_alt": [1.296896341175293, 0.0, 0.06527723447865985], "k_pid_att": [59.499437225992025, 0.7200504618080176, 0.9166398602394554], "k_pid_yaw": [0.5, 1e-06, 0.1], "k_pid_hsp": [0.09847755819799779, 0.8344040447135034, 0.0], "k_pid_vsp": [194.7624155113164, 139.20520652041523, 10.0]}, "datetime": {"datetime": "2025-08-11 19:15:15", "elapsed": 10195.250436544418, "delta": 30.126610279083252}, "costs": {"total_cost": 922.0246208812679, "time_cost": 150, "final_distance_cost": 55.05660330945387, "oscillation_cost": 131.0864207867716, "completition_cost": 444.4444444444444, "overshoot_cost": 72.92376130370096, "power_cost": 34.055927563476565, "noise_cost": 34.457463473420496, "n_waypoints_completed": 5, "tot_waypoints": 9}}
{"target": -384.5592290343676, "params": {"k_pid_pos": [1.3885554450422086, 0.024859491386256316, 0.44963268842268056], "k_pid_alt": [1.636508049307729, 0.0, 0.06527723447865985], "k_pid_att": [43.948176657889235, 3.8677381495188174, 0.1845336041603497], "k_pid_yaw": [0.5, 1e-06, 0.1], "k_pid_hsp": [9.822050525885613, 0.011264223901387349, 0.0], "k_pid_vsp": [194.7624155113164, 69.46038294301658, 10.0]}, "datetime": {"datetime": "2025-08-11 19:15:33", "elapsed": 10212.579092264175, "delta": 17.32865571975708}, "costs": {"total_cost": 384.5592290343676, "time_cost": 70.525, "final_distance_cost": 1.8480301306954596, "oscillation_cost": 221.60120137722475, "completition_cost": 0.0, "overshoot_cost": 51.39704969390872, "power_cost": 19.24248679199219, "noise_cost": 19.945461040546494, "n_waypoints_completed": 9, "tot_waypoints": 9}}
{"target": -1922.355097009031, "params": {"k_pid_pos": [1.4999912498542303, 0.024859491386256316, 0.44963268842268056], "k_pid_alt": [1.2679502233621702, 0.0, 0.5399188106009101], "k_pid_att": [58.989274729095186, 0.7200504618080176, 0.9166398602394554], "k_pid_yaw": [0.5, 1e-06, 0.1], "k_pid_hsp": [0.09847755819799779, 0.011264223901387349, 0.399222725202494], "k_pid_vsp": [194.7624155113164, 307.0029666248519, 10.0]}, "datetime": {"datetime": "2025-08-11 19:16:02", "elapsed": 10242.114669561386, "delta": 29.535577297210693}, "costs": {"total_cost": 1922.355097009031, "time_cost": 150, "final_distance_cost": 75.18933957914577, "oscillation_cost": 735.7767786725767, "completition_cost": 777.7777777777778, "overshoot_cost": 121.24980413030411, "power_cost": 33.3921334350586, "noise_cost": 28.969263414168015, "n_waypoints_completed": 2, "tot_waypoints": 9}}
{"target": -186.24152524030075, "params": {"k_pid_pos": [1.3885554450422086, 0.024859491386256316, 0.44963268842268056], "k_pid_alt": [1.296896341175293, 0.0, 0.4986678334288609], "k_pid_att": [39.447728079683905, 4.405115701075087, 0.1845336041603497], "k_pid_yaw": [0.5, 1e-06, 0.1], "k_pid_hsp": [0.09847755819799779, 0.011264223901387349, 0.0], "k_pid_vsp": [14.740616244021254, 336.89689932622207, 62.564861685850005]}, "datetime": {"datetime": "2025-08-11 19:16:20", "elapsed": 10259.460302591324, "delta": 17.345633029937744}, "costs": {"total_cost": 186.24152524030075, "time_cost": 70.28, "final_distance_cost": 1.8228307577495861, "oscillation_cost": 29.176984664990595, "completition_cost": 0.0, "overshoot_cost": 50.58765560532651, "power_cost": 18.35808302001953, "noise_cost": 16.015971192214536, "n_waypoints_completed": 9, "tot_waypoints": 9}}
{"target": -283.2977834550901, "params": {"k_pid_pos": [1.3885554450422086, 0.024859491386256316, 0.44963268842268056], "k_pid_alt": [1.2679502233621702, 0.0, 0.06527723447865985], "k_pid_att": [43.948176657889235, 4.028010644934719, 0.1845336041603497], "k_pid_yaw": [0.5, 1e-06, 0.1], "k_pid_hsp": [0.09847755819799779, 0.34786682559405435, 0.0], "k_pid_vsp": [250.4409247236842, 336.89689932622207, 62.564861685850005]}, "datetime": {"datetime": "2025-08-11 19:16:42", "elapsed": 10281.53771519661, "delta": 22.077412605285645}, "costs": {"total_cost": 283.2977834550901, "time_cost": 87.528, "final_distance_cost": 1.8383548902596385, "oscillation_cost": 90.37847454845107, "completition_cost": 0.0, "overshoot_cost": 54.612606505937755, "power_cost": 25.201541015625, "noise_cost": 23.738806494816618, "n_waypoints_completed": 9, "tot_waypoints": 9}}
{"target": -191.17223099510798, "params": {"k_pid_pos": [1.4999912498542303, 0.024859491386256316, 0.09262780874197363], "k_pid_alt": [1.9052445197838874, 0.0, 0.06527723447865985], "k_pid_att": [58.989274729095186, 0.7200504618080176, 0.9166398602394554], "k_pid_yaw": [0.5, 1e-06, 0.1], "k_pid_hsp": [0.09847755819799779, 0.011264223901387349, 0.0], "k_pid_vsp": [194.7624155113164, 307.0029666248519, 10.0]}, "datetime": {"datetime": "2025-08-11 19:16:59", "elapsed": 10299.214398145676, "delta": 17.676682949066162}, "costs": {"total_cost": 191.17223099510798, "time_cost": 69.72, "final_distance_cost": 1.7797808202005252, "oscillation_cost": 32.37557656966598, "completition_cost": 0.0, "overshoot_cost": 51.074996251919394, "power_cost": 18.319586950683593, "noise_cost": 17.90229040263847, "n_waypoints_completed": 9, "tot_waypoints": 9}}
{"target": -186.83343940600903, "params": {"k_pid_pos": [1.3885554450422086, 0.024859491386256316, 0.44963268842268056], "k_pid_alt": [1.296896341175293, 0.0, 0.1576465649121419], "k_pid_att": [39.447728079683905, 3.8677381495188174, 0.1845336041603497], "k_pid_yaw": [0.5, 1e-06, 0.1], "k_pid_hsp": [0.09847755819799779, 0.011264223901387349, 0.0], "k_pid_vsp": [250.4409247236842, 336.89689932622207, 62.564861685850005]}, "datetime": {"datetime": "2025-08-11 19:17:17", "elapsed": 10316.425684690475, "delta": 17.211286544799805}, "costs": {"total_cost": 186.83343940600903, "time_cost": 70.042, "final_distance_cost": 1.7985134549492827, "oscillation_cost": 28.44022759613112, "completition_cost": 0.0, "overshoot_cost": 50.852170869713575, "power_cost": 18.24582371826172, "noise_cost": 17.454703766953305, "n_waypoints_completed": 9, "tot_waypoints": 9}}
{"target": -195.93082597506492, "params": {"k_pid_pos": [1.3885554450422086, 0.024859491386256316, 0.44963268842268056], "k_pid_alt": [1.2679502233621702, 0.0, 0.13294310327404035], "k_pid_att": [43.948176657889235, 3.7802132718527557, 0.1845336041603497], "k_pid_yaw": [0.5, 1e-06, 0.1], "k_pid_hsp": [0.09847755819799779, 0.011264223901387349, 0.0], "k_pid_vsp": [250.4409247236842, 336.89689932622207, 125.63076761775174]}, "datetime": {"datetime": "2025-08-11 19:17:35", "elapsed": 10335.156616449356, "delta": 18.730931758880615}, "costs": {"total_cost": 195.93082597506492, "time_cost": 74.501, "final_distance_cost": 1.801563261587267, "oscillation_cost": 28.299588952688794, "completition_cost": 0.0, "overshoot_cost": 53.760984432337374, "power_cost": 19.382296911621093, "noise_cost": 18.185392416830368, "n_waypoints_completed": 9, "tot_waypoints": 9}}
{"target": -186.96328810455964, "params": {"k_pid_pos": [1.3885554450422086, 0.024859491386256316, 0.44963268842268056], "k_pid_alt": [1.2679502233621702, 0.0, 0.06527723447865985], "k_pid_att": [43.948176657889235, 3.8677381495188174, 0.5354455210588809], "k_pid_yaw": [0.5, 1e-06, 0.1], "k_pid_hsp": [0.09847755819799779, 0.011264223901387349, 0.0], "k_pid_vsp": [277.2708477836043, 307.0029666248519, 10.0]}, "datetime": {"datetime": "2025-08-11 19:17:54", "elapsed": 10353.714122533798, "delta": 18.55750608444214}, "costs": {"total_cost": 186.96328810455964, "time_cost": 69.783, "final_distance_cost": 1.816786110677104, "oscillation_cost": 28.698897452837244, "completition_cost": 0.0, "overshoot_cost": 50.89091940234213, "power_cost": 18.059833044433596, "noise_cost": 17.71385209426959, "n_waypoints_completed": 9, "tot_waypoints": 9}}
{"target": -208.84703744317017, "params": {"k_pid_pos": [1.3885554450422086, 0.5998678448275786, 0.44963268842268056], "k_pid_alt": [1.2679502233621702, 0.0, 0.06527723447865985], "k_pid_att": [43.948176657889235, 3.8677381495188174, 0.1845336041603497], "k_pid_yaw": [0.5, 1e-06, 0.1], "k_pid_hsp": [0.09847755819799779, 0.011264223901387349, 0.0], "k_pid_vsp": [194.7624155113164, 139.20520652041523, 10.0]}, "datetime": {"datetime": "2025-08-11 19:18:14", "elapsed": 10373.872242212296, "delta": 20.158119678497314}, "costs": {"total_cost": 208.84703744317017, "time_cost": 80.234, "final_distance_cost": 1.749280279497485, "oscillation_cost": 33.351744515456986, "completition_cost": 0.0, "overshoot_cost": 52.66802118412344, "power_cost": 20.305269689941408, "noise_cost": 20.538721774150833, "n_waypoints_completed": 9, "tot_waypoints": 9}}
{"target": -1053.1199167457569, "params": {"k_pid_pos": [1.4999912498542303, 0.11906128738229915, 0.44963268842268056], "k_pid_alt": [1.2679502233621702, 0.12725761828472648, 0.2242343482792274], "k_pid_att": [43.948176657889235, 2.1609837743181, 0.1842699986668217], "k_pid_yaw": [0.5, 1e-06, 0.1], "k_pid_hsp": [0.09847755819799779, 0.011264223901387349, 0.04333175346050033], "k_pid_vsp": [194.7624155113164, 216.77849333539965, 10.0]}, "datetime": {"datetime": "2025-08-11 19:18:44", "elapsed": 10403.575679779053, "delta": 29.703437566757202}, "costs": {"total_cost": 1053.1199167457569, "time_cost": 150, "final_distance_cost": 62.30047601410106, "oscillation_cost": 501.92580260323683, "completition_cost": 222.2222222222222, "overshoot_cost": 52.718622543665234, "power_cost": 32.916542822265626, "noise_cost": 31.036250540265794, "n_waypoints_completed": 7, "tot_waypoints": 9}}
{"target": -198.31527759711327, "params": {"k_pid_pos": [1.3885554450422086, 0.32941221611176796, 0.44963268842268056], "k_pid_alt": [0.7194253153428574, 0.0, 0.06527723447865985], "k_pid_att": [43.948176657889235, 3.8677381495188174, 0.1845336041603497], "k_pid_yaw": [0.5, 1e-06, 0.1], "k_pid_hsp": [0.09847755819799779, 0.011264223901387349, 0.0], "k_pid_vsp": [194.7624155113164, 139.20520652041523, 10.0]}, "datetime": {"datetime": "2025-08-11 19:19:03", "elapsed": 10422.58271598816, "delta": 19.007036209106445}, "costs": {"total_cost": 198.31527759711327, "time_cost": 76.405, "final_distance_cost": 1.82002721421019, "oscillation_cost": 30.617527238686513, "completition_cost": 0.0, "overshoot_cost": 50.93769659618175, "power_cost": 19.581705493164062, "noise_cost": 18.95332105487075, "n_waypoints_completed": 9, "tot_waypoints": 9}}
{"target": -190.04064276789776, "params": {"k_pid_pos": [1.9168537650125603, 0.024859491386256316, 0.44963268842268056], "k_pid_alt": [1.2679502233621702, 0.0, 0.06527723447865985], "k_pid_att": [43.948176657889235, 3.8677381495188174, 0.1845336041603497], "k_pid_yaw": [0.5, 1e-06, 0.1], "k_pid_hsp": [0.09847755819799779, 0.011264223901387349, 0.0], "k_pid_vsp": [194.7624155113164, 139.20520652041523, 10.0]}, "datetime": {"datetime": "2025-08-11 19:19:20", "elapsed": 10440.014843463898, "delta": 17.432127475738525}, "costs": {"total_cost": 190.04064276789776, "time_cost": 69.741, "final_distance_cost": 1.794951099516554, "oscillation_cost": 31.659939649559785, "completition_cost": 0.0, "overshoot_cost": 50.84261537181473, "power_cost": 18.03512879638672, "noise_cost": 17.96700785061998, "n_waypoints_completed": 9, "tot_waypoints": 9}}
{"target": -921.1972114781385, "params": {"k_pid_pos": [1.8595400226050138, 0.024859491386256316, 0.9062157365473852], "k_pid_alt": [1.2679502233621702, 0.21279159204151088, 0.06527723447865985], "k_pid_att": [43.948176657889235, 3.8677381495188174, 0.5354455210588809], "k_pid_yaw": [0.5, 1e-06, 0.1], "k_pid_hsp": [0.09847755819799779, 0.6928529548962581, 0.0], "k_pid_vsp": [250.4409247236842, 68.25774458243322, 62.564861685850005]}, "datetime": {"datetime": "2025-08-11 19:19:50", "elapsed": 10470.342027187347, "delta": 30.327183723449707}, "costs": {"total_cost": 921.1972114781385, "time_cost": 150, "final_distance_cost": 53.87445746037614, "oscillation_cost": 141.25260664698337, "completition_cost": 444.4444444444444, "overshoot_cost": 63.40425064350495, "power_cost": 35.354534338378905, "noise_cost": 32.86691794445078, "n_waypoints_completed": 5, "tot_waypoints": 9}}
{"target": -189.85891021692422, "params": {"k_pid_pos": [1.3885554450422086, 0.024859491386256316, 0.44963268842268056], "k_pid_alt": [1.2679502233621702, 0.0, 0.16072894317769304], "k_pid_att": [94.70626418914286, 3.7802132718527557, 0.1845336041603497], "k_pid_yaw": [0.5, 1e-06, 0.1], "k_pid_hsp": [0.09847755819799779, 0.011264223901387349, 0.0], "k_pid_vsp": [250.4409247236842, 336.89689932622207, 62.564861685850005]}, "datetime": {"datetime": "2025-08-11 19:20:08", "elapsed": 10488.20184803009, "delta": 17.85982084274292}, "costs": {"total_cost": 189.85891021692422, "time_cost": 70.231, "final_distance_cost": 1.8188877412670712, "oscillation_cost": 30.860086395482583, "completition_cost": 0.0, "overshoot_cost": 50.9621556938118, "power_cost": 18.196492358398437, "noise_cost": 17.790288027964333, "n_waypoints_completed": 9, "tot_waypoints": 9}}
{"target": -187.1821212336075, "params": {"k_pid_pos": [1.3885554450422086, 0.024859491386256316, 0.44963268842268056], "k_pid_alt": [1.2679502233621702, 0.0, 0.06527723447865985], "k_pid_att": [43.948176657889235, 3.7802132718527557, 0.1845336041603497], "k_pid_yaw": [0.5, 1e-06, 0.1], "k_pid_hsp": [0.09847755819799779, 0.011264223901387349, 0.0], "k_pid_vsp": [250.4409247236842, 336.89689932622207, 17.132000594645874]}, "datetime": {"datetime": "2025-08-11 19:20:25", "elapsed": 10505.25912618637, "delta": 17.057278156280518}, "costs": {"total_cost": 187.1821212336075, "time_cost": 69.748, "final_distance_cost": 1.8192729588194139, "oscillation_cost": 29.22262922145093, "completition_cost": 0.0, "overshoot_cost": 50.820193349442306, "power_cost": 17.953700610351564, "noise_cost": 17.618325093543266, "n_waypoints_completed": 9, "tot_waypoints": 9}}
{"target": -195.58438733221436, "params": {"k_pid_pos": [1.4999912498542303, 0.024859491386256316, 0.44963268842268056], "k_pid_alt": [1.5598585210964004, 0.0, 0.1576465649121419], "k_pid_att": [39.447728079683905, 3.8677381495188174, 0.1845336041603497], "k_pid_yaw": [0.5, 1e-06, 0.1], "k_pid_hsp": [0.09847755819799779, 0.011264223901387349, 0.0], "k_pid_vsp": [250.4409247236842, 336.89689932622207, 125.63076761775174]}, "datetime": {"datetime": "2025-08-11 19:20:44", "elapsed": 10523.503835439682, "delta": 18.244709253311157}, "costs": {"total_cost": 195.58438733221436, "time_cost": 74.06, "final_distance_cost": 1.8125294737503495, "oscillation_cost": 29.15301787069996, "completition_cost": 0.0, "overshoot_cost": 53.2624973285332, "power_cost": 19.169353540039065, "noise_cost": 18.12698911919179, "n_waypoints_completed": 9, "tot_waypoints": 9}}
{"target": -2127.0051541418948, "params": {"k_pid_pos": [1.0031316701085804, 0.024859491386256316, 0.8639636964847707], "k_pid_alt": [0.678214104436041, 0.0, 0.06527723447865985], "k_pid_att": [43.948176657889235, 3.7802132718527557, 0.1845336041603497], "k_pid_yaw": [0.5, 1e-06, 0.1], "k_pid_hsp": [0.09847755819799779, 0.011264223901387349, 0.7756550036839217], "k_pid_vsp": [279.31855783528204, 336.89689932622207, 62.564861685850005]}, "datetime": {"datetime": "2025-08-11 19:21:14", "elapsed": 10553.956243991852, "delta": 30.4524085521698}, "costs": {"total_cost": 2127.0051541418948, "time_cost": 150, "final_distance_cost": 46.73343998014164, "oscillation_cost": 779.4143037337988, "completition_cost": 1000.0, "overshoot_cost": 90.474137589219, "power_cost": 32.784866113281254, "noise_cost": 27.598406725454574, "n_waypoints_completed": 0, "tot_waypoints": 9}}
