{"target": -190.8438895055862, "params": {"k_pid_pos": [1.3885554450422086, 0.024859491386256316, 0.855962508813682], "k_pid_alt": [1.2679502233621702, 0.0, 0.949345597264735], "k_pid_att": [39.447728079683905, 3.8677381495188174, 0.1845336041603497], "k_pid_yaw": [0.5, 1e-06, 0.1], "k_pid_hsp": [0.09847755819799779, 0.011264223901387349, 0.0], "k_pid_vsp": [257.9492458711449, 307.0029666248519, 10.0]}, "datetime": {"datetime": "2025-08-11 18:12:27", "elapsed": 6427.26357960701, "delta": 18.372102737426758}, "costs": {"total_cost": 190.8438895055862, "time_cost": 73.82900000000001, "final_distance_cost": 1.836374754271015, "oscillation_cost": 27.48515487290812, "completition_cost": 0.0, "overshoot_cost": 50.78043645238375, "power_cost": 18.27291805419922, "noise_cost": 18.640005371824085, "n_waypoints_completed": 9, "tot_waypoints": 9}}
{"target": -190.8438895055862, "params": {"k_pid_pos": [1.3885554450422086, 0.024859491386256316, 0.855962508813682], "k_pid_alt": [1.2679502233621702, 0.0, 0.949345597264735], "k_pid_att": [39.447728079683905, 3.8677381495188174, 0.1845336041603497], "k_pid_yaw": [0.5, 1e-06, 0.1], "k_pid_hsp": [0.09847755819799779, 0.011264223901387349, 0.0], "k_pid_vsp": [257.9492458711449, 307.0029666248519, 10.0]}, "datetime": {"datetime": "2025-08-11 18:12:47", "elapsed": 6446.694123268127, "delta": 19.430543661117554}, "costs": {"total_cost": 190.8438895055862, "time_cost": 73.82900000000001, "final_distance_cost": 1.836374754271015, "oscillation_cost": 27.48515487290812, "completition_cost": 0.0, "overshoot_cost": 50.78043645238375, "power_cost": 18.27291805419922, "noise_cost": 18.640005371824085, "n_waypoints_completed": 9, "tot_waypoints": 9}}
{"target": -1892.3472170286518, "params": {"k_pid_pos": [1.849624377781123, 0.024859491386256316, 0.44963268842268056], "k_pid_alt": [1.515427128667956, 0.0, 0.5933401254113975], "k_pid_att": [39.447728079683905, 3.8677381495188174, 0.1845336041603497], "k_pid_yaw": [0.5, 1e-06, 0.1], "k_pid_hsp": [0.09847755819799779, 0.011264223901387349, 0.34036377813972996], "k_pid_vsp": [162.63925748078515, 156.73508457218338, 10.0]}, "datetime": {"datetime": "2025-08-11 18:13:17", "elapsed": 6476.828493118286, "delta": 30.13436985015869}, "costs": {"total_cost": 1892.3472170286518, "time_cost": 150, "final_distance_cost": 83.61490666113825, "oscillation_cost": 823.1764466392042, "completition_cost": 666.6666666666667, "overshoot_cost": 105.45869144439219, "power_cost": 33.19637373046875, "noise_cost": 30.234131886781668, "n_waypoints_completed": 3, "tot_waypoints": 9}}
{"target": -211.9594112658382, "params": {"k_pid_pos": [1.4340672435785011, 0.4737677518315727, 0.2729398117749001], "k_pid_alt": [1.515427128667956, 0.0, 0.5115311366376475], "k_pid_att": [39.447728079683905, 3.8677381495188174, 0.1845336041603497], "k_pid_yaw": [0.5, 1e-06, 0.1], "k_pid_hsp": [0.09847755819799779, 0.011264223901387349, 0.0], "k_pid_vsp": [194.7624155113164, 20.0, 10.0]}, "datetime": {"datetime": "2025-08-11 18:13:37", "elapsed": 6496.843695163727, "delta": 20.015202045440674}, "costs": {"total_cost": 211.9594112658382, "time_cost": 81.053, "final_distance_cost": 1.7266699370042504, "oscillation_cost": 34.00129136499328, "completition_cost": 0.0, "overshoot_cost": 53.64078091284972, "power_cost": 20.493790856933593, "noise_cost": 21.043878194057346, "n_waypoints_completed": 9, "tot_waypoints": 9}}
{"target": -1514.0945630198755, "params": {"k_pid_pos": [1.4340672435785011, 0.5792541958945455, 0.3736141384595716], "k_pid_alt": [1.515427128667956, 0.0, 0.5115311366376475], "k_pid_att": [39.447728079683905, 4.5502721036558205, 0.1845336041603497], "k_pid_yaw": [0.5, 1e-06, 0.1], "k_pid_hsp": [2.8125315441457257, 0.011264223901387349, 0.0], "k_pid_vsp": [295.9324376154018, 15.500533572620455, 349.8541648625404]}, "datetime": {"datetime": "2025-08-11 18:14:08", "elapsed": 6527.565222978592, "delta": 30.721527814865112}, "costs": {"total_cost": 1514.0945630198755, "time_cost": 150, "final_distance_cost": 0.9991211316270503, "oscillation_cost": 54.84876190383325, "completition_cost": 1000.0, "overshoot_cost": 162.97467199343714, "power_cost": 29.259347009277345, "noise_cost": 116.01266098170096, "n_waypoints_completed": 0, "tot_waypoints": 9}}
{"target": -220.18445716987307, "params": {"k_pid_pos": [1.8624793477566346, 0.7600717815435403, 0.3736141384595716], "k_pid_alt": [1.2679502233621702, 0.0, 0.18431000208985737], "k_pid_att": [39.447728079683905, 3.6888469195366334, 0.1845336041603497], "k_pid_yaw": [0.5, 1e-06, 0.1], "k_pid_hsp": [0.09847755819799779, 0.011264223901387349, 0.0], "k_pid_vsp": [194.7624155113164, 20.0, 10.0]}, "datetime": {"datetime": "2025-08-11 18:14:28", "elapsed": 6547.763596773148, "delta": 20.198373794555664}, "costs": {"total_cost": 220.18445716987307, "time_cost": 82.53, "final_distance_cost": 1.7676477265728614, "oscillation_cost": 37.55648062053066, "completition_cost": 0.0, "overshoot_cost": 55.327385778855664, "power_cost": 21.548748486328126, "noise_cost": 21.45419455758576, "n_waypoints_completed": 9, "tot_waypoints": 9}}
{"target": -193.8532130610731, "params": {"k_pid_pos": [1.849624377781123, 0.04925411992759399, 0.3736141384595716], "k_pid_alt": [1.515427128667956, 0.0, 0.5115311366376475], "k_pid_att": [42.789426317924715, 3.8677381495188174, 0.1845336041603497], "k_pid_yaw": [0.5, 1e-06, 0.1], "k_pid_hsp": [0.09847755819799779, 0.011264223901387349, 0.0], "k_pid_vsp": [194.7624155113164, 20.0, 10.0]}, "datetime": {"datetime": "2025-08-11 18:14:46", "elapsed": 6565.91589307785, "delta": 18.15229630470276}, "costs": {"total_cost": 193.8532130610731, "time_cost": 71.449, "final_distance_cost": 1.782032607131159, "oscillation_cost": 32.20355508781959, "completition_cost": 0.0, "overshoot_cost": 51.80665700726832, "power_cost": 17.80331572265625, "noise_cost": 18.80865263619776, "n_waypoints_completed": 9, "tot_waypoints": 9}}
{"target": -189.3678304732623, "params": {"k_pid_pos": [1.3885554450422086, 0.024859491386256316, 0.44963268842268056], "k_pid_alt": [1.2679502233621702, 0.0, 0.18431000208985737], "k_pid_att": [17.813414374173632, 3.8677381495188174, 0.3366070335655168], "k_pid_yaw": [0.5, 1e-06, 0.1], "k_pid_hsp": [0.09847755819799779, 0.011264223901387349, 0.0], "k_pid_vsp": [194.7624155113164, 20.0, 10.0]}, "datetime": {"datetime": "2025-08-11 18:15:03", "elapsed": 6583.1912343502045, "delta": 17.275341272354126}, "costs": {"total_cost": 189.3678304732623, "time_cost": 71.08500000000001, "final_distance_cost": 1.8250948196531038, "oscillation_cost": 28.59759412389225, "completition_cost": 0.0, "overshoot_cost": 51.4459430091463, "power_cost": 18.148191516113283, "noise_cost": 18.266007004457336, "n_waypoints_completed": 9, "tot_waypoints": 9}}
{"target": -407.46907092957093, "params": {"k_pid_pos": [0.26249680093548006, 0.024859491386256316, 0.44963268842268056], "k_pid_alt": [1.1302962253917743, 0.0, 0.8361997509577753], "k_pid_att": [3.64319473098611, 7.212729332224264, 0.737857181360408], "k_pid_yaw": [0.5, 1e-06, 0.1], "k_pid_hsp": [0.09847755819799779, 0.011264223901387349, 0.0], "k_pid_vsp": [194.7624155113164, 336.89689932622207, 10.0]}, "datetime": {"datetime": "2025-08-11 18:15:33", "elapsed": 6613.276787996292, "delta": 30.085553646087646}, "costs": {"total_cost": 407.46907092957093, "time_cost": 150, "final_distance_cost": 9.825824292056161, "oscillation_cost": 16.12105237323659, "completition_cost": 111.11111111111116, "overshoot_cost": 61.735827779897285, "power_cost": 29.633233044433595, "noise_cost": 29.04202232883616, "n_waypoints_completed": 8, "tot_waypoints": 9}}
{"target": -213.52853343114964, "params": {"k_pid_pos": [1.4340672435785011, 0.024859491386256316, 0.44963268842268056], "k_pid_alt": [1.296896341175293, 0.9321134483711719, 0.3146878632891922], "k_pid_att": [39.447728079683905, 3.8677381495188174, 0.1845336041603497], "k_pid_yaw": [0.5, 1e-06, 0.1], "k_pid_hsp": [0.09847755819799779, 0.011264223901387349, 0.0], "k_pid_vsp": [194.7624155113164, 139.20520652041523, 10.0]}, "datetime": {"datetime": "2025-08-11 18:15:54", "elapsed": 6633.640222787857, "delta": 20.36343479156494}, "costs": {"total_cost": 213.52853343114964, "time_cost": 83.027, "final_distance_cost": 1.7584362767027908, "oscillation_cost": 32.47798386829979, "completition_cost": 0.0, "overshoot_cost": 54.70373794099182, "power_cost": 21.18841188964844, "noise_cost": 20.372963455506785, "n_waypoints_completed": 9, "tot_waypoints": 9}}
{"target": -765.0766256822155, "params": {"k_pid_pos": [0.1500894787491498, 0.024859491386256316, 0.27566543378716624], "k_pid_alt": [1.2679502233621702, 0.0, 0.18431000208985737], "k_pid_att": [17.813414374173632, 3.8677381495188174, 0.1845336041603497], "k_pid_yaw": [0.5, 1e-06, 0.1], "k_pid_hsp": [0.09847755819799779, 0.011264223901387349, 0.0], "k_pid_vsp": [194.7624155113164, 20.0, 10.0]}, "datetime": {"datetime": "2025-08-11 18:16:24", "elapsed": 6664.130448818207, "delta": 30.49022603034973}, "costs": {"total_cost": 765.0766256822155, "time_cost": 150, "final_distance_cost": 50.93098950023753, "oscillation_cost": 7.472494052673923, "completition_cost": 444.4444444444444, "overshoot_cost": 56.25462209881848, "power_cost": 28.72155894775391, "noise_cost": 27.252516638287357, "n_waypoints_completed": 5, "tot_waypoints": 9}}
{"target": -328.9083789463898, "params": {"k_pid_pos": [0.5485322217985025, 0.024859491386256316, 0.44963268842268056], "k_pid_alt": [1.2679502233621702, 0.0, 0.18431000208985737], "k_pid_att": [39.447728079683905, 3.6888469195366334, 0.1845336041603497], "k_pid_yaw": [0.5, 1e-06, 0.1], "k_pid_hsp": [0.09847755819799779, 0.46263031948273103, 0.0], "k_pid_vsp": [295.9324376154018, 15.500533572620455, 10.0]}, "datetime": {"datetime": "2025-08-11 18:16:48", "elapsed": 6688.077664136887, "delta": 23.94721531867981}, "costs": {"total_cost": 328.9083789463898, "time_cost": 96.306, "final_distance_cost": 1.859122447312631, "oscillation_cost": 114.127558313541, "completition_cost": 0.0, "overshoot_cost": 60.988728767846126, "power_cost": 26.01773581542969, "noise_cost": 29.60923360226038, "n_waypoints_completed": 9, "tot_waypoints": 9}}
{"target": -195.06078297626112, "params": {"k_pid_pos": [1.849624377781123, 0.04925411992759399, 0.23637353540898454], "k_pid_alt": [1.515427128667956, 0.0, 0.5115311366376475], "k_pid_att": [39.447728079683905, 3.8677381495188174, 0.1845336041603497], "k_pid_yaw": [0.5, 1e-06, 0.1], "k_pid_hsp": [0.09847755819799779, 0.011264223901387349, 0.0], "k_pid_vsp": [194.7624155113164, 20.0, 10.0]}, "datetime": {"datetime": "2025-08-11 18:17:06", "elapsed": 6705.850763320923, "delta": 17.773099184036255}, "costs": {"total_cost": 195.06078297626112, "time_cost": 71.624, "final_distance_cost": 1.7613236246718393, "oscillation_cost": 32.811055558367855, "completition_cost": 0.0, "overshoot_cost": 51.95336705861168, "power_cost": 17.96518980712891, "noise_cost": 18.945846927480844, "n_waypoints_completed": 9, "tot_waypoints": 9}}
{"target": -193.53414494258988, "params": {"k_pid_pos": [1.849624377781123, 0.024859491386256316, 0.44963268842268056], "k_pid_alt": [1.4458679973838424, 0.02520494712616217, 0.949345597264735], "k_pid_att": [39.447728079683905, 0.10763610062849525, 0.1845336041603497], "k_pid_yaw": [0.5, 1e-06, 0.1], "k_pid_hsp": [0.09847755819799779, 0.011264223901387349, 0.0], "k_pid_vsp": [194.7624155113164, 20.0, 10.0]}, "datetime": {"datetime": "2025-08-11 18:17:24", "elapsed": 6723.4739191532135, "delta": 17.62315583229065}, "costs": {"total_cost": 193.53414494258988, "time_cost": 71.58200000000001, "final_distance_cost": 1.8030415885025795, "oscillation_cost": 31.65584348739552, "completition_cost": 0.0, "overshoot_cost": 51.83667550446011, "power_cost": 18.220238525390627, "noise_cost": 18.436345836841035, "n_waypoints_completed": 9, "tot_waypoints": 9}}
{"target": -189.68044181915022, "params": {"k_pid_pos": [1.8624793477566346, 0.04925411992759399, 0.964013702359797], "k_pid_alt": [1.515427128667956, 0.0, 0.9495727706536599], "k_pid_att": [39.447728079683905, 3.8677381495188174, 0.2787101805563399], "k_pid_yaw": [0.5, 1e-06, 0.1], "k_pid_hsp": [0.09847755819799779, 0.011264223901387349, 0.0], "k_pid_vsp": [194.7624155113164, 139.20520652041523, 10.0]}, "datetime": {"datetime": "2025-08-11 18:17:41", "elapsed": 6741.091629981995, "delta": 17.617710828781128}, "costs": {"total_cost": 189.68044181915022, "time_cost": 71.533, "final_distance_cost": 1.832262010681376, "oscillation_cost": 28.897377977082826, "completition_cost": 0.0, "overshoot_cost": 51.29596039360622, "power_cost": 17.709213513183595, "noise_cost": 18.41262792459622, "n_waypoints_completed": 9, "tot_waypoints": 9}}
{"target": -192.04022958971314, "params": {"k_pid_pos": [1.3885554450422086, 0.024859491386256316, 0.44963268842268056], "k_pid_alt": [1.1302962253917743, 0.0, 0.8361997509577753], "k_pid_att": [19.462821160492226, 7.212729332224264, 0.737857181360408], "k_pid_yaw": [0.5, 1e-06, 0.1], "k_pid_hsp": [0.09847755819799779, 0.011264223901387349, 0.0], "k_pid_vsp": [194.7624155113164, 156.73508457218338, 10.0]}, "datetime": {"datetime": "2025-08-11 18:17:59", "elapsed": 6759.102223157883, "delta": 18.01059317588806}, "costs": {"total_cost": 192.04022958971314, "time_cost": 73.45100000000001, "final_distance_cost": 1.839718527635445, "oscillation_cost": 29.062462161302506, "completition_cost": 0.0, "overshoot_cost": 50.80393828657726, "power_cost": 18.749420776367188, "noise_cost": 18.133689837830744, "n_waypoints_completed": 9, "tot_waypoints": 9}}
{"target": -191.25969924505821, "params": {"k_pid_pos": [1.4340672435785011, 0.04925411992759399, 0.3736141384595716], "k_pid_alt": [1.515427128667956, 0.0, 0.5115311366376475], "k_pid_att": [39.447728079683905, 3.8677381495188174, 0.1845336041603497], "k_pid_yaw": [0.5, 1e-06, 0.1], "k_pid_hsp": [0.09847755819799779, 0.011264223901387349, 0.0], "k_pid_vsp": [194.7624155113164, 20.0, 10.0]}, "datetime": {"datetime": "2025-08-11 18:18:17", "elapsed": 6776.582940816879, "delta": 17.480717658996582}, "costs": {"total_cost": 191.25969924505821, "time_cost": 71.484, "final_distance_cost": 1.8170723722123798, "oscillation_cost": 29.688233563938144, "completition_cost": 0.0, "overshoot_cost": 51.86567516795613, "power_cost": 17.715942309570313, "noise_cost": 18.68877583138126, "n_waypoints_completed": 9, "tot_waypoints": 9}}
{"target": -187.56093721650421, "params": {"k_pid_pos": [1.3885554450422086, 0.024859491386256316, 0.44963268842268056], "k_pid_alt": [1.2679502233621702, 0.0, 0.06527723447865985], "k_pid_att": [58.989274729095186, 3.8677381495188174, 0.1845336041603497], "k_pid_yaw": [0.5, 1e-06, 0.1], "k_pid_hsp": [0.09847755819799779, 0.011264223901387349, 0.0], "k_pid_vsp": [194.7624155113164, 307.0029666248519, 10.0]}, "datetime": {"datetime": "2025-08-11 18:18:34", "elapsed": 6793.818835258484, "delta": 17.235894441604614}, "costs": {"total_cost": 187.56093721650421, "time_cost": 69.818, "final_distance_cost": 1.802979013493664, "oscillation_cost": 29.684050836556132, "completition_cost": 0.0, "overshoot_cost": 50.96561479487784, "power_cost": 17.304547814941408, "noise_cost": 17.985744756635178, "n_waypoints_completed": 9, "tot_waypoints": 9}}
{"target": -190.2796873589563, "params": {"k_pid_pos": [1.3885554450422086, 0.024859491386256316, 0.44963268842268056], "k_pid_alt": [1.2679502233621702, 0.0, 0.18431000208985737], "k_pid_att": [39.447728079683905, 3.6888469195366334, 0.1845336041603497], "k_pid_yaw": [0.5, 1e-06, 0.1], "k_pid_hsp": [0.09847755819799779, 0.011264223901387349, 0.0], "k_pid_vsp": [295.9324376154018, 15.500533572620455, 10.0]}, "datetime": {"datetime": "2025-08-11 18:18:51", "elapsed": 6811.122194290161, "delta": 17.303359031677246}, "costs": {"total_cost": 190.2796873589563, "time_cost": 71.435, "final_distance_cost": 1.7966258803335717, "oscillation_cost": 28.59268801489705, "completition_cost": 0.0, "overshoot_cost": 51.87573509713805, "power_cost": 18.182209985351562, "noise_cost": 18.39742838123606, "n_waypoints_completed": 9, "tot_waypoints": 9}}
{"target": -191.19811577598063, "params": {"k_pid_pos": [1.4340672435785011, 0.04925411992759399, 0.3736141384595716], "k_pid_alt": [1.515427128667956, 0.0, 0.5115311366376475], "k_pid_att": [39.447728079683905, 5.9521973635976435, 0.1845336041603497], "k_pid_yaw": [0.5, 1e-06, 0.1], "k_pid_hsp": [0.09847755819799779, 0.011264223901387349, 0.0], "k_pid_vsp": [194.7624155113164, 20.0, 10.0]}, "datetime": {"datetime": "2025-08-11 18:19:09", "elapsed": 6828.728787899017, "delta": 17.6065936088562}, "costs": {"total_cost": 191.19811577598063, "time_cost": 71.46300000000001, "final_distance_cost": 1.8115683885519804, "oscillation_cost": 29.67549543524741, "completition_cost": 0.0, "overshoot_cost": 51.7595758911567, "power_cost": 17.74848621826172, "noise_cost": 18.739989842762814, "n_waypoints_completed": 9, "tot_waypoints": 9}}
{"target": -1890.1086788390767, "params": {"k_pid_pos": [1.849624377781123, 0.024859491386256316, 0.44963268842268056], "k_pid_alt": [1.515427128667956, 0.0, 0.5933401254113975], "k_pid_att": [39.447728079683905, 3.8677381495188174, 0.1845336041603497], "k_pid_yaw": [0.5, 1e-06, 0.1], "k_pid_hsp": [0.09847755819799779, 0.011264223901387349, 0.37044959119794796], "k_pid_vsp": [162.63925748078515, 248.49327166423222, 10.0]}, "datetime": {"datetime": "2025-08-11 18:19:39", "elapsed": 6858.5607833862305, "delta": 29.831995487213135}, "costs": {"total_cost": 1890.1086788390767, "time_cost": 150, "final_distance_cost": 91.32857458081007, "oscillation_cost": 806.5030975612696, "completition_cost": 666.6666666666667, "overshoot_cost": 112.23157923504623, "power_cost": 33.14536785888672, "noise_cost": 30.233392936397497, "n_waypoints_completed": 3, "tot_waypoints": 9}}
{"target": -192.87039593073928, "params": {"k_pid_pos": [0.6341514216626152, 0.024859491386256316, 0.44963268842268056], "k_pid_alt": [1.2679502233621702, 0.0, 0.06527723447865985], "k_pid_att": [58.989274729095186, 3.8677381495188174, 0.1845336041603497], "k_pid_yaw": [0.5, 1e-06, 0.1], "k_pid_hsp": [0.09847755819799779, 0.011264223901387349, 0.0], "k_pid_vsp": [194.7624155113164, 307.0029666248519, 10.0]}, "datetime": {"datetime": "2025-08-11 18:19:57", "elapsed": 6877.364530324936, "delta": 18.803746938705444}, "costs": {"total_cost": 192.87039593073928, "time_cost": 77.0, "final_distance_cost": 1.8584523745797694, "oscillation_cost": 23.50878046634893, "completition_cost": 0.0, "overshoot_cost": 51.11414348701804, "power_cost": 18.80697380371094, "noise_cost": 20.582045799081584, "n_waypoints_completed": 9, "tot_waypoints": 9}}
{"target": -191.61522418535108, "params": {"k_pid_pos": [1.849624377781123, 0.024859491386256316, 0.44963268842268056], "k_pid_alt": [1.515427128667956, 0.0, 0.18431000208985737], "k_pid_att": [17.813414374173632, 3.8677381495188174, 0.1845336041603497], "k_pid_yaw": [0.5, 1e-06, 0.1], "k_pid_hsp": [0.09847755819799779, 0.011264223901387349, 0.0], "k_pid_vsp": [175.8349501205355, 20.0, 10.0]}, "datetime": {"datetime": "2025-08-11 18:20:15", "elapsed": 6895.016040802002, "delta": 17.65151047706604}, "costs": {"total_cost": 191.61522418535108, "time_cost": 70.518, "final_distance_cost": 1.8043068173062784, "oscillation_cost": 31.240627000896737, "completition_cost": 0.0, "overshoot_cost": 51.89968802487329, "power_cost": 17.99729725341797, "noise_cost": 18.155305088856817, "n_waypoints_completed": 9, "tot_waypoints": 9}}
{"target": -187.56093721650421, "params": {"k_pid_pos": [1.3885554450422086, 0.024859491386256316, 0.44963268842268056], "k_pid_alt": [1.2679502233621702, 0.0, 0.06527723447865985], "k_pid_att": [58.989274729095186, 3.8677381495188174, 0.1845336041603497], "k_pid_yaw": [0.5, 1e-06, 0.1], "k_pid_hsp": [0.09847755819799779, 0.011264223901387349, 0.0], "k_pid_vsp": [194.7624155113164, 307.0029666248519, 10.0]}, "datetime": {"datetime": "2025-08-11 18:20:32", "elapsed": 6911.702105760574, "delta": 16.686064958572388}, "costs": {"total_cost": 187.56093721650421, "time_cost": 69.818, "final_distance_cost": 1.802979013493664, "oscillation_cost": 29.684050836556132, "completition_cost": 0.0, "overshoot_cost": 50.96561479487784, "power_cost": 17.304547814941408, "noise_cost": 17.985744756635178, "n_waypoints_completed": 9, "tot_waypoints": 9}}
{"target": -187.56093721650421, "params": {"k_pid_pos": [1.3885554450422086, 0.024859491386256316, 0.44963268842268056], "k_pid_alt": [1.2679502233621702, 0.0, 0.06527723447865985], "k_pid_att": [58.989274729095186, 3.8677381495188174, 0.1845336041603497], "k_pid_yaw": [0.5, 1e-06, 0.1], "k_pid_hsp": [0.09847755819799779, 0.011264223901387349, 0.0], "k_pid_vsp": [194.7624155113164, 307.0029666248519, 10.0]}, "datetime": {"datetime": "2025-08-11 18:20:48", "elapsed": 6928.146057367325, "delta": 16.44395160675049}, "costs": {"total_cost": 187.56093721650421, "time_cost": 69.818, "final_distance_cost": 1.802979013493664, "oscillation_cost": 29.684050836556132, "completition_cost": 0.0, "overshoot_cost": 50.96561479487784, "power_cost": 17.304547814941408, "noise_cost": 17.985744756635178, "n_waypoints_completed": 9, "tot_waypoints": 9}}
{"target": -188.51737050414914, "params": {"k_pid_pos": [1.4340672435785011, 0.024859491386256316, 0.44963268842268056], "k_pid_alt": [1.296896341175293, 0.0, 0.3146878632891922], "k_pid_att": [39.447728079683905, 3.8677381495188174, 0.1845336041603497], "k_pid_yaw": [0.5, 1e-06, 0.1], "k_pid_hsp": [0.09847755819799779, 0.011264223901387349, 0.0], "k_pid_vsp": [194.7624155113164, 336.89689932622207, 10.0]}, "datetime": {"datetime": "2025-08-11 18:21:07", "elapsed": 6946.91897559166, "delta": 18.772918224334717}, "costs": {"total_cost": 188.51737050414914, "time_cost": 70.35000000000001, "final_distance_cost": 1.8104856109584004, "oscillation_cost": 29.808525868549097, "completition_cost": 0.0, "overshoot_cost": 50.664091800990285, "power_cost": 17.97976813964844, "noise_cost": 17.904499084002936, "n_waypoints_completed": 9, "tot_waypoints": 9}}
