{"target": -184.9985303697798, "params": {"k_pid_pos": [1.0031316701085804, 0.024859491386256316, 0.44963268842268056], "k_pid_alt": [1.2679502233621702, 0.0, 0.06527723447865985], "k_pid_att": [24.0942673894178, 3.7802132718527557, 0.1845336041603497], "k_pid_yaw": [0.5, 1e-06, 0.1], "k_pid_hsp": [0.09847755819799779, 0.011264223901387349, 0.0], "k_pid_vsp": [279.31855783528204, 336.89689932622207, 62.564861685850005]}, "datetime": {"datetime": "2025-08-11 20:04:45", "elapsed": 13164.575456619263, "delta": 18.065155267715454}, "costs": {"total_cost": 184.9985303697798, "time_cost": 70.756, "final_distance_cost": 1.8296624898101252, "oscillation_cost": 25.92040249377883, "completition_cost": 0.0, "overshoot_cost": 50.67362444698116, "power_cost": 18.17354315185547, "noise_cost": 17.645297787354224, "n_waypoints_completed": 9, "tot_waypoints": 9}}
{"target": -185.39245962673922, "params": {"k_pid_pos": [1.0031316701085804, 0.024859491386256316, 0.44963268842268056], "k_pid_alt": [0.8815334174028542, 0.0, 0.06527723447865985], "k_pid_att": [24.0942673894178, 2.79325987156934, 0.970432917090323], "k_pid_yaw": [0.5, 1e-06, 0.1], "k_pid_hsp": [0.09847755819799779, 0.005322982040420254, 0.0], "k_pid_vsp": [279.31855783528204, 336.89689932622207, 62.564861685850005]}, "datetime": {"datetime": "2025-08-11 20:05:03", "elapsed": 13182.458824634552, "delta": 17.883368015289307}, "costs": {"total_cost": 185.39245962673922, "time_cost": 71.652, "final_distance_cost": 1.8394895971150562, "oscillation_cost": 24.81902242077245, "completition_cost": 0.0, "overshoot_cost": 50.937105228657494, "power_cost": 18.36435096435547, "noise_cost": 17.78049141583876, "n_waypoints_completed": 9, "tot_waypoints": 9}}
{"target": -1236.676121069083, "params": {"k_pid_pos": [1.0031316701085804, 0.024859491386256316, 0.44963268842268056], "k_pid_alt": [1.2679502233621702, 0.0, 0.06527723447865985], "k_pid_att": [43.60526211095247, 3.7802132718527557, 0.8257697299075593], "k_pid_yaw": [0.5, 1e-06, 0.1], "k_pid_hsp": [0.09847755819799779, 0.011264223901387349, 0.22448647802751287], "k_pid_vsp": [50.679771886171295, 317.0669739011019, 62.564861685850005]}, "datetime": {"datetime": "2025-08-11 20:05:34", "elapsed": 13214.116285800934, "delta": 31.657461166381836}, "costs": {"total_cost": 1236.676121069083, "time_cost": 150, "final_distance_cost": 67.84940765520034, "oscillation_cost": 661.7329218379462, "completition_cost": 222.2222222222222, "overshoot_cost": 72.73959370731593, "power_cost": 34.361077404785156, "noise_cost": 27.770898241613136, "n_waypoints_completed": 7, "tot_waypoints": 9}}
{"target": -195.21404083780064, "params": {"k_pid_pos": [1.900292756797936, 0.024859491386256316, 0.44963268842268056], "k_pid_alt": [1.2679502233621702, 0.0, 0.06527723447865985], "k_pid_att": [24.0942673894178, 3.7802132718527557, 0.837110513405392], "k_pid_yaw": [0.5, 1e-06, 0.1], "k_pid_hsp": [0.09847755819799779, 0.011264223901387349, 0.0], "k_pid_vsp": [3.1458759584375606, 383.1463585968337, 62.564861685850005]}, "datetime": {"datetime": "2025-08-11 20:05:55", "elapsed": 13234.516964435577, "delta": 20.400678634643555}, "costs": {"total_cost": 195.21404083780064, "time_cost": 71.253, "final_distance_cost": 1.8172321394066717, "oscillation_cost": 33.84535087785009, "completition_cost": 0.0, "overshoot_cost": 52.10987601312409, "power_cost": 19.077879650878906, "noise_cost": 17.110702156540906, "n_waypoints_completed": 9, "tot_waypoints": 9}}
{"target": -227.29667061643994, "params": {"k_pid_pos": [1.0031316701085804, 0.4270214819009781, 0.44963268842268056], "k_pid_alt": [1.2679502233621702, 0.34014086964374357, 0.06527723447865985], "k_pid_att": [24.0942673894178, 3.7802132718527557, 0.1845336041603497], "k_pid_yaw": [0.5, 1e-06, 0.1], "k_pid_hsp": [0.09847755819799779, 0.011264223901387349, 0.0], "k_pid_vsp": [279.31855783528204, 336.89689932622207, 62.564861685850005]}, "datetime": {"datetime": "2025-08-11 20:06:21", "elapsed": 13260.784896612167, "delta": 26.267932176589966}, "costs": {"total_cost": 227.29667061643994, "time_cost": 94.73100000000001, "final_distance_cost": 1.7898304315747418, "oscillation_cost": 29.821570174750594, "completition_cost": 0.0, "overshoot_cost": 54.57658394135735, "power_cost": 23.789485095214847, "noise_cost": 22.588200973542403, "n_waypoints_completed": 9, "tot_waypoints": 9}}
{"target": -185.20631265292633, "params": {"k_pid_pos": [1.0031316701085804, 0.024859491386256316, 0.40092638265648595], "k_pid_alt": [1.2679502233621702, 0.0, 0.06527723447865985], "k_pid_att": [24.0942673894178, 3.7802132718527557, 0.30379952180706926], "k_pid_yaw": [0.5, 1e-06, 0.1], "k_pid_hsp": [0.09847755819799779, 0.011264223901387349, 0.0], "k_pid_vsp": [292.94687076665593, 307.0029666248519, 10.0]}, "datetime": {"datetime": "2025-08-11 20:06:38", "elapsed": 13278.330531597137, "delta": 17.545634984970093}, "costs": {"total_cost": 185.20631265292633, "time_cost": 70.427, "final_distance_cost": 1.8278514138229967, "oscillation_cost": 26.257157490995915, "completition_cost": 0.0, "overshoot_cost": 50.58526071202228, "power_cost": 18.181188720703126, "noise_cost": 17.927854315382007, "n_waypoints_completed": 9, "tot_waypoints": 9}}
{"target": -797.3791170700919, "params": {"k_pid_pos": [0.17771488283981443, 0.024859491386256316, 0.44963268842268056], "k_pid_alt": [1.2679502233621702, 0.0, 0.06527723447865985], "k_pid_att": [24.0942673894178, 3.7802132718527557, 0.837110513405392], "k_pid_yaw": [0.5, 1e-06, 0.1], "k_pid_hsp": [9.209539779438497, 0.6824706006861725, 0.0], "k_pid_vsp": [250.4409247236842, 383.1463585968337, 62.564861685850005]}, "datetime": {"datetime": "2025-08-11 20:07:09", "elapsed": 13308.430581569672, "delta": 30.10004997253418}, "costs": {"total_cost": 797.3791170700919, "time_cost": 150, "final_distance_cost": 50.17176657074553, "oscillation_cost": 40.453627761374584, "completition_cost": 444.4444444444444, "overshoot_cost": 56.467274572295814, "power_cost": 29.27789549560547, "noise_cost": 26.56410822562607, "n_waypoints_completed": 5, "tot_waypoints": 9}}
{"target": -222.92957516080597, "params": {"k_pid_pos": [1.0031316701085804, 0.024859491386256316, 0.44963268842268056], "k_pid_alt": [1.2679502233621702, 0.0, 0.06527723447865985], "k_pid_att": [24.0942673894178, 3.7802132718527557, 0.41736344958023697], "k_pid_yaw": [0.5, 1e-06, 0.1], "k_pid_hsp": [5.650197857669776, 0.011264223901387349, 0.0], "k_pid_vsp": [279.31855783528204, 23.77679025428185, 62.564861685850005]}, "datetime": {"datetime": "2025-08-11 20:07:28", "elapsed": 13328.096440792084, "delta": 19.66585922241211}, "costs": {"total_cost": 222.92957516080597, "time_cost": 79.47800000000001, "final_distance_cost": 1.8540971895849074, "oscillation_cost": 46.43882158273551, "completition_cost": 0.0, "overshoot_cost": 53.22520775977611, "power_cost": 20.762427111816407, "noise_cost": 21.171021516893024, "n_waypoints_completed": 9, "tot_waypoints": 9}}
{"target": -191.65726311661678, "params": {"k_pid_pos": [1.3885554450422086, 0.024859491386256316, 0.06327155149462471], "k_pid_alt": [1.1424381546674114, 0.0, 0.06527723447865985], "k_pid_att": [24.0942673894178, 0.0889010446451618, 0.1845336041603497], "k_pid_yaw": [0.5, 1e-06, 0.1], "k_pid_hsp": [0.09847755819799779, 0.011264223901387349, 0.0], "k_pid_vsp": [250.4409247236842, 336.89689932622207, 10.0]}, "datetime": {"datetime": "2025-08-11 20:07:46", "elapsed": 13346.088005781174, "delta": 17.991564989089966}, "costs": {"total_cost": 191.65726311661678, "time_cost": 70.525, "final_distance_cost": 1.8054302215171822, "oscillation_cost": 32.28311667239836, "completition_cost": 0.0, "overshoot_cost": 50.76764340836107, "power_cost": 18.332614208984374, "noise_cost": 17.943458605355787, "n_waypoints_completed": 9, "tot_waypoints": 9}}
{"target": -197.81662742966185, "params": {"k_pid_pos": [0.47109496471671364, 0.024859491386256316, 0.44963268842268056], "k_pid_alt": [1.2679502233621702, 0.3889486996552407, 0.9306475661290093], "k_pid_att": [24.0942673894178, 3.7802132718527557, 0.837110513405392], "k_pid_yaw": [0.5, 1e-06, 0.1], "k_pid_hsp": [0.09847755819799779, 0.011264223901387349, 0.0], "k_pid_vsp": [179.49655965827282, 336.89689932622207, 62.564861685850005]}, "datetime": {"datetime": "2025-08-11 20:08:07", "elapsed": 13367.220180511475, "delta": 21.132174730300903}, "costs": {"total_cost": 197.81662742966185, "time_cost": 83.671, "final_distance_cost": 1.8260664329349663, "oscillation_cost": 19.705646763493966, "completition_cost": 0.0, "overshoot_cost": 53.0771637525883, "power_cost": 20.536816455078124, "noise_cost": 18.99993402556649, "n_waypoints_completed": 9, "tot_waypoints": 9}}
{"target": -184.9985303697798, "params": {"k_pid_pos": [1.0031316701085804, 0.024859491386256316, 0.44963268842268056], "k_pid_alt": [1.2679502233621702, 0.0, 0.06527723447865985], "k_pid_att": [24.0942673894178, 3.7802132718527557, 0.1845336041603497], "k_pid_yaw": [0.5, 1e-06, 0.1], "k_pid_hsp": [0.09847755819799779, 0.011264223901387349, 0.0], "k_pid_vsp": [279.31855783528204, 336.89689932622207, 62.564861685850005]}, "datetime": {"datetime": "2025-08-11 20:08:25", "elapsed": 13384.944171190262, "delta": 17.72399067878723}, "costs": {"total_cost": 184.9985303697798, "time_cost": 70.756, "final_distance_cost": 1.8296624898101252, "oscillation_cost": 25.92040249377883, "completition_cost": 0.0, "overshoot_cost": 50.67362444698116, "power_cost": 18.17354315185547, "noise_cost": 17.645297787354224, "n_waypoints_completed": 9, "tot_waypoints": 9}}
{"target": -190.14411762310604, "params": {"k_pid_pos": [1.9676806299345462, 0.024859491386256316, 0.44963268842268056], "k_pid_alt": [1.394383142748206, 0.0, 0.06527723447865985], "k_pid_att": [24.0942673894178, 1.109420231168994, 0.17039554323513206], "k_pid_yaw": [0.5, 1e-06, 0.1], "k_pid_hsp": [0.09847755819799779, 0.011264223901387349, 0.0], "k_pid_vsp": [279.31855783528204, 336.89689932622207, 62.564861685850005]}, "datetime": {"datetime": "2025-08-11 20:08:43", "elapsed": 13403.101653814316, "delta": 18.157482624053955}, "costs": {"total_cost": 190.14411762310604, "time_cost": 69.818, "final_distance_cost": 1.7603194779340936, "oscillation_cost": 31.19612424862305, "completition_cost": 0.0, "overshoot_cost": 51.412454885720464, "power_cost": 18.397485473632813, "noise_cost": 17.559733537195626, "n_waypoints_completed": 9, "tot_waypoints": 9}}
{"target": -1871.871805233971, "params": {"k_pid_pos": [1.0031316701085804, 0.024859491386256316, 0.44963268842268056], "k_pid_alt": [1.2679502233621702, 0.0, 0.06527723447865985], "k_pid_att": [60.39759467582875, 2.79325987156934, 0.1845336041603497], "k_pid_yaw": [0.5, 1e-06, 0.1], "k_pid_hsp": [0.09847755819799779, 0.24468742025477586, 0.4885311630634622], "k_pid_vsp": [294.66786775931484, 336.89689932622207, 62.564861685850005]}, "datetime": {"datetime": "2025-08-11 20:09:15", "elapsed": 13434.516512870789, "delta": 31.41485905647278}, "costs": {"total_cost": 1871.871805233971, "time_cost": 150, "final_distance_cost": 92.24773477416964, "oscillation_cost": 752.0838897374019, "completition_cost": 666.6666666666667, "overshoot_cost": 147.57589372474987, "power_cost": 35.16071291503906, "noise_cost": 28.136907415943593, "n_waypoints_completed": 3, "tot_waypoints": 9}}
{"target": -261.86153480825897, "params": {"k_pid_pos": [1.3885554450422086, 0.024859491386256316, 0.44963268842268056], "k_pid_alt": [1.961806136254105, 0.0, 0.06527723447865985], "k_pid_att": [24.0942673894178, 3.7802132718527557, 0.1845336041603497], "k_pid_yaw": [0.5, 1e-06, 0.1], "k_pid_hsp": [0.09847755819799779, 0.23589601547334327, 0.0], "k_pid_vsp": [279.31855783528204, 336.89689932622207, 62.564861685850005]}, "datetime": {"datetime": "2025-08-11 20:09:34", "elapsed": 13453.708095788956, "delta": 19.191582918167114}, "costs": {"total_cost": 261.86153480825897, "time_cost": 79.625, "final_distance_cost": 1.8416829307166747, "oscillation_cost": 83.3340739283795, "completition_cost": 0.0, "overshoot_cost": 52.0870725124427, "power_cost": 22.857529602050782, "noise_cost": 22.116175834669306, "n_waypoints_completed": 9, "tot_waypoints": 9}}
{"target": -185.65149146304628, "params": {"k_pid_pos": [1.0031316701085804, 0.024859491386256316, 0.44963268842268056], "k_pid_alt": [0.8815334174028542, 0.0, 0.06527723447865985], "k_pid_att": [24.0942673894178, 9.52237692751095, 0.9669350405079173], "k_pid_yaw": [0.5, 1e-06, 0.1], "k_pid_hsp": [0.09847755819799779, 0.005322982040420254, 0.0], "k_pid_vsp": [279.31855783528204, 336.89689932622207, 62.564861685850005]}, "datetime": {"datetime": "2025-08-11 20:09:51", "elapsed": 13471.13026189804, "delta": 17.422166109085083}, "costs": {"total_cost": 185.65149146304628, "time_cost": 71.603, "final_distance_cost": 1.8354511427557536, "oscillation_cost": 25.04783919983122, "completition_cost": 0.0, "overshoot_cost": 51.07894682849016, "power_cost": 18.343617114257814, "noise_cost": 17.74263717771134, "n_waypoints_completed": 9, "tot_waypoints": 9}}
{"target": -194.25241841777262, "params": {"k_pid_pos": [1.0031316701085804, 0.024859491386256316, 0.44963268842268056], "k_pid_alt": [1.2679502233621702, 0.0, 0.06527723447865985], "k_pid_att": [24.0942673894178, 3.7802132718527557, 0.1845336041603497], "k_pid_yaw": [0.5, 1e-06, 0.1], "k_pid_hsp": [0.09847755819799779, 0.011264223901387349, 0.0], "k_pid_vsp": [279.31855783528204, 87.58200976551859, 62.564861685850005]}, "datetime": {"datetime": "2025-08-11 20:10:10", "elapsed": 13490.249788761139, "delta": 19.119526863098145}, "costs": {"total_cost": 194.25241841777262, "time_cost": 74.781, "final_distance_cost": 1.8191450652592496, "oscillation_cost": 25.6513070634066, "completition_cost": 0.0, "overshoot_cost": 53.70959893702098, "power_cost": 19.243811206054687, "noise_cost": 19.047556146031088, "n_waypoints_completed": 9, "tot_waypoints": 9}}
{"target": -283.9495370388733, "params": {"k_pid_pos": [1.0031316701085804, 0.024859491386256316, 0.44963268842268056], "k_pid_alt": [1.2679502233621702, 0.0, 0.06527723447865985], "k_pid_att": [24.0942673894178, 6.818041247323689, 0.1845336041603497], "k_pid_yaw": [0.5, 1e-06, 0.1], "k_pid_hsp": [8.170134635164592, 0.011264223901387349, 0.0], "k_pid_vsp": [279.31855783528204, 336.89689932622207, 62.564861685850005]}, "datetime": {"datetime": "2025-08-11 20:10:28", "elapsed": 13508.111727237701, "delta": 17.8619384765625}, "costs": {"total_cost": 283.9495370388733, "time_cost": 73.171, "final_distance_cost": 1.8492470085953252, "oscillation_cost": 120.44142297980059, "completition_cost": 0.0, "overshoot_cost": 49.76743991160641, "power_cost": 19.19001385498047, "noise_cost": 19.53041328389048, "n_waypoints_completed": 9, "tot_waypoints": 9}}
{"target": -185.31726843484046, "params": {"k_pid_pos": [1.0031316701085804, 0.024859491386256316, 0.44963268842268056], "k_pid_alt": [1.2679502233621702, 0.0, 0.06527723447865985], "k_pid_att": [24.0942673894178, 3.9650988168623, 0.1845336041603497], "k_pid_yaw": [0.5, 1e-06, 0.1], "k_pid_hsp": [0.09847755819799779, 0.011264223901387349, 0.0], "k_pid_vsp": [279.31855783528204, 336.89689932622207, 62.564861685850005]}, "datetime": {"datetime": "2025-08-11 20:10:46", "elapsed": 13525.584228992462, "delta": 17.472501754760742}, "costs": {"total_cost": 185.31726843484046, "time_cost": 70.784, "final_distance_cost": 1.8323901521984611, "oscillation_cost": 25.907969714709658, "completition_cost": 0.0, "overshoot_cost": 50.778744798766105, "power_cost": 18.252753466796875, "noise_cost": 17.761410302369384, "n_waypoints_completed": 9, "tot_waypoints": 9}}
{"target": -186.1018444041613, "params": {"k_pid_pos": [1.0031316701085804, 0.024859491386256316, 0.1299460526004279], "k_pid_alt": [1.2679502233621702, 0.0, 0.06527723447865985], "k_pid_att": [24.0942673894178, 0.17852168831839865, 0.1845336041603497], "k_pid_yaw": [0.5, 1e-06, 0.1], "k_pid_hsp": [0.09847755819799779, 0.011264223901387349, 0.0], "k_pid_vsp": [279.31855783528204, 317.0669739011019, 62.564861685850005]}, "datetime": {"datetime": "2025-08-11 20:11:04", "elapsed": 13544.037220478058, "delta": 18.452991485595703}, "costs": {"total_cost": 186.1018444041613, "time_cost": 70.357, "final_distance_cost": 1.8108738028266025, "oscillation_cost": 27.19269563016091, "completition_cost": 0.0, "overshoot_cost": 50.93274674786545, "power_cost": 18.260092724609375, "noise_cost": 17.54843549869897, "n_waypoints_completed": 9, "tot_waypoints": 9}}
{"target": -193.160676244708, "params": {"k_pid_pos": [1.0031316701085804, 0.024859491386256316, 0.44963268842268056], "k_pid_alt": [1.2679502233621702, 0.626400033436537, 0.06527723447865985], "k_pid_att": [43.948176657889235, 3.7802132718527557, 0.8257697299075593], "k_pid_yaw": [0.5, 1e-06, 0.1], "k_pid_hsp": [0.09847755819799779, 0.011264223901387349, 0.0], "k_pid_vsp": [279.31855783528204, 336.89689932622207, 62.564861685850005]}, "datetime": {"datetime": "2025-08-11 20:11:23", "elapsed": 13562.860719442368, "delta": 18.823498964309692}, "costs": {"total_cost": 193.160676244708, "time_cost": 75.663, "final_distance_cost": 1.7713732051948958, "oscillation_cost": 26.23764476011994, "completition_cost": 0.0, "overshoot_cost": 52.25094079046975, "power_cost": 19.169647680664063, "noise_cost": 18.06806980825935, "n_waypoints_completed": 9, "tot_waypoints": 9}}
{"target": -1458.039608202255, "params": {"k_pid_pos": [0.09404003683205926, 0.024859491386256316, 0.44963268842268056], "k_pid_alt": [1.2679502233621702, 0.0, 0.06527723447865985], "k_pid_att": [24.0942673894178, 3.7802132718527557, 0.1845336041603497], "k_pid_yaw": [0.5, 1e-06, 0.1], "k_pid_hsp": [0.09847755819799779, 0.005322982040420254, 0.0], "k_pid_vsp": [279.31855783528204, 336.89689932622207, 282.003310948003]}, "datetime": {"datetime": "2025-08-11 20:11:53", "elapsed": 13592.692760944366, "delta": 29.8320415019989}, "costs": {"total_cost": 1458.039608202255, "time_cost": 150, "final_distance_cost": 0.998677341482217, "oscillation_cost": 0.48047153166144296, "completition_cost": 1000.0, "overshoot_cost": 163.1850531929436, "power_cost": 29.20488260498047, "noise_cost": 114.17052353118733, "n_waypoints_completed": 0, "tot_waypoints": 9}}
{"target": -989.7512436278705, "params": {"k_pid_pos": [1.0031316701085804, 0.024859491386256316, 0.44963268842268056], "k_pid_alt": [0.8815334174028542, 0.0, 0.06527723447865985], "k_pid_att": [24.0942673894178, 2.79325987156934, 0.9669350405079173], "k_pid_yaw": [0.5, 1e-06, 0.1], "k_pid_hsp": [0.09847755819799779, 0.011264223901387349, 0.48397499846555336], "k_pid_vsp": [279.31855783528204, 336.89689932622207, 62.564861685850005]}, "datetime": {"datetime": "2025-08-11 20:12:22", "elapsed": 13622.164576530457, "delta": 29.471815586090088}, "costs": {"total_cost": 989.7512436278705, "time_cost": 150, "final_distance_cost": 68.28106461729794, "oscillation_cost": 406.14699367005215, "completition_cost": 222.2222222222222, "overshoot_cost": 85.15921334943656, "power_cost": 30.686691845703127, "noise_cost": 27.255057923158734, "n_waypoints_completed": 7, "tot_waypoints": 9}}
{"target": -185.39551797017114, "params": {"k_pid_pos": [1.0031316701085804, 0.024859491386256316, 0.44963268842268056], "k_pid_alt": [1.986978150104521, 0.0, 0.06527723447865985], "k_pid_att": [24.0942673894178, 2.79325987156934, 0.1845336041603497], "k_pid_yaw": [0.5, 1e-06, 0.1], "k_pid_hsp": [0.09847755819799779, 0.011264223901387349, 0.0], "k_pid_vsp": [279.31855783528204, 336.89689932622207, 62.564861685850005]}, "datetime": {"datetime": "2025-08-11 20:12:40", "elapsed": 13639.638834476471, "delta": 17.474257946014404}, "costs": {"total_cost": 185.39551797017114, "time_cost": 70.82600000000001, "final_distance_cost": 1.8215345474353941, "oscillation_cost": 25.322763909520422, "completition_cost": 0.0, "overshoot_cost": 51.507829588175554, "power_cost": 18.110861181640626, "noise_cost": 17.80652874339916, "n_waypoints_completed": 9, "tot_waypoints": 9}}
{"target": -1426.660798498839, "params": {"k_pid_pos": [1.0031316701085804, 0.171039241112511, 0.44963268842268056], "k_pid_alt": [1.2679502233621702, 0.0, 0.06527723447865985], "k_pid_att": [1.7288627185812477, 3.7802132718527557, 0.1845336041603497], "k_pid_yaw": [0.5, 1e-06, 0.1], "k_pid_hsp": [0.09847755819799779, 0.011264223901387349, 0.0], "k_pid_vsp": [279.31855783528204, 336.89689932622207, 261.386953859232]}, "datetime": {"datetime": "2025-08-11 20:13:10", "elapsed": 13670.103778839111, "delta": 30.46494436264038}, "costs": {"total_cost": 1426.660798498839, "time_cost": 150, "final_distance_cost": 0.997449381080289, "oscillation_cost": 4.343155875210688, "completition_cost": 1000.0, "overshoot_cost": 158.40069368166934, "power_cost": 29.434351000976562, "noise_cost": 83.4851485599025, "n_waypoints_completed": 0, "tot_waypoints": 9}}
{"target": -185.0676941926405, "params": {"k_pid_pos": [1.0031316701085804, 0.024859491386256316, 0.44963268842268056], "k_pid_alt": [1.2679502233621702, 0.0, 0.06527723447865985], "k_pid_att": [24.0942673894178, 3.7802132718527557, 0.34464953207076743], "k_pid_yaw": [0.5, 1e-06, 0.1], "k_pid_hsp": [0.09847755819799779, 0.011264223901387349, 0.0], "k_pid_vsp": [279.31855783528204, 336.89689932622207, 62.564861685850005]}, "datetime": {"datetime": "2025-08-11 20:13:28", "elapsed": 13687.609834194183, "delta": 17.50605535507202}, "costs": {"total_cost": 185.0676941926405, "time_cost": 70.784, "final_distance_cost": 1.8399757222932425, "oscillation_cost": 25.622000418870183, "completition_cost": 0.0, "overshoot_cost": 50.77106459873329, "power_cost": 18.256994580078125, "noise_cost": 17.793658872665617, "n_waypoints_completed": 9, "tot_waypoints": 9}}
