{"target": -224.71349285168753, "params": {"k_pid_pos": [1.3885554450422086, 0.9555278684226207, 0.44963268842268056], "k_pid_alt": [1.2679502233621702, 0.0, 0.06527723447865985], "k_pid_att": [43.948176657889235, 3.8677381495188174, 0.5354455210588809], "k_pid_yaw": [0.5, 1e-06, 0.1], "k_pid_hsp": [0.09847755819799779, 0.011264223901387349, 0.0], "k_pid_vsp": [194.7624155113164, 139.20520652041523, 10.0]}, "datetime": {"datetime": "2025-08-11 19:03:41", "elapsed": 9501.013528585434, "delta": 21.296207427978516}, "costs": {"total_cost": 224.71349285168753, "time_cost": 84.462, "final_distance_cost": 1.7310690768396284, "oscillation_cost": 38.49585028941994, "completition_cost": 0.0, "overshoot_cost": 55.453663524050405, "power_cost": 22.165312817382812, "noise_cost": 22.405597143994747, "n_waypoints_completed": 9, "tot_waypoints": 9}}
{"target": -199.7303394755503, "params": {"k_pid_pos": [1.3885554450422086, 0.024859491386256316, 0.44963268842268056], "k_pid_alt": [1.7039912188389563, 0.0, 0.06527723447865985], "k_pid_att": [43.948176657889235, 3.8677381495188174, 0.1845336041603497], "k_pid_yaw": [0.5, 1e-06, 0.1], "k_pid_hsp": [0.09847755819799779, 0.011264223901387349, 0.0], "k_pid_vsp": [194.7624155113164, 3.384608627270843, 39.36383854960912]}, "datetime": {"datetime": "2025-08-11 19:04:00", "elapsed": 9519.739438533783, "delta": 18.725909948349}, "costs": {"total_cost": 199.7303394755503, "time_cost": 75.544, "final_distance_cost": 1.7965013185763161, "oscillation_cost": 28.58685958994161, "completition_cost": 0.0, "overshoot_cost": 54.34216020083756, "power_cost": 19.63922430419922, "noise_cost": 19.821594061995597, "n_waypoints_completed": 9, "tot_waypoints": 9}}
{"target": -198.78645047945935, "params": {"k_pid_pos": [0.5503339975771474, 0.024859491386256316, 0.44963268842268056], "k_pid_alt": [1.2679502233621702, 0.0, 0.18431000208985737], "k_pid_att": [17.813414374173632, 9.770065979523123, 0.5968380379296185], "k_pid_yaw": [0.5, 1e-06, 0.1], "k_pid_hsp": [0.09847755819799779, 0.011264223901387349, 0.0], "k_pid_vsp": [194.7624155113164, 201.50022734948823, 10.0]}, "datetime": {"datetime": "2025-08-11 19:04:20", "elapsed": 9540.139350891113, "delta": 20.399912357330322}, "costs": {"total_cost": 198.78645047945935, "time_cost": 81.557, "final_distance_cost": 1.860242643107486, "oscillation_cost": 21.526194780814308, "completition_cost": 0.0, "overshoot_cost": 51.79078990412124, "power_cost": 20.40490076904297, "noise_cost": 21.647322382373353, "n_waypoints_completed": 9, "tot_waypoints": 9}}
{"target": -187.15009881573033, "params": {"k_pid_pos": [1.3885554450422086, 0.024859491386256316, 0.44963268842268056], "k_pid_alt": [1.2679502233621702, 0.0, 0.06527723447865985], "k_pid_att": [43.948176657889235, 4.028010644934719, 0.1845336041603497], "k_pid_yaw": [0.5, 1e-06, 0.1], "k_pid_hsp": [0.09847755819799779, 0.011264223901387349, 0.0], "k_pid_vsp": [250.4409247236842, 336.89689932622207, 62.564861685850005]}, "datetime": {"datetime": "2025-08-11 19:04:38", "elapsed": 9558.241005420685, "delta": 18.101654529571533}, "costs": {"total_cost": 187.15009881573033, "time_cost": 70.035, "final_distance_cost": 1.8116789645692504, "oscillation_cost": 28.46828521989644, "completition_cost": 0.0, "overshoot_cost": 50.95246022194952, "power_cost": 18.39396639404297, "noise_cost": 17.488708015272163, "n_waypoints_completed": 9, "tot_waypoints": 9}}
{"target": -421.6993758245393, "params": {"k_pid_pos": [1.4999912498542303, 0.024859491386256316, 0.44963268842268056], "k_pid_alt": [1.2679502233621702, 0.0, 0.06527723447865985], "k_pid_att": [43.948176657889235, 3.8677381495188174, 0.1845336041603497], "k_pid_yaw": [0.5, 1e-06, 0.1], "k_pid_hsp": [9.822050525885613, 0.011264223901387349, 0.0], "k_pid_vsp": [194.7624155113164, 69.46038294301658, 10.0]}, "datetime": {"datetime": "2025-08-11 19:04:56", "elapsed": 9575.836389780045, "delta": 17.59538435935974}, "costs": {"total_cost": 421.6993758245393, "time_cost": 69.853, "final_distance_cost": 1.84670203149745, "oscillation_cost": 260.04934808949326, "completition_cost": 0.0, "overshoot_cost": 50.98493844848522, "power_cost": 19.387429260253906, "noise_cost": 19.57795799480951, "n_waypoints_completed": 9, "tot_waypoints": 9}}
{"target": -1901.9511081532144, "params": {"k_pid_pos": [1.3885554450422086, 0.6908867964312853, 0.44963268842268056], "k_pid_alt": [1.2679502233621702, 0.0, 0.06527723447865985], "k_pid_att": [43.948176657889235, 3.8677381495188174, 0.1845336041603497], "k_pid_yaw": [0.5, 1e-06, 0.1], "k_pid_hsp": [0.09847755819799779, 0.011264223901387349, 0.3192902424458711], "k_pid_vsp": [194.7624155113164, 139.20520652041523, 10.0]}, "datetime": {"datetime": "2025-08-11 19:05:26", "elapsed": 9605.864557027817, "delta": 30.028167247772217}, "costs": {"total_cost": 1901.9511081532144, "time_cost": 150, "final_distance_cost": 90.7911425852443, "oscillation_cost": 817.0893995454353, "completition_cost": 666.6666666666667, "overshoot_cost": 113.73391880383996, "power_cost": 33.49047652587891, "noise_cost": 30.17950402614909, "n_waypoints_completed": 3, "tot_waypoints": 9}}
{"target": -186.74979111720708, "params": {"k_pid_pos": [1.4340672435785011, 0.024859491386256316, 0.7585541942145848], "k_pid_alt": [1.296896341175293, 0.0, 0.4986678334288609], "k_pid_att": [39.447728079683905, 3.8677381495188174, 0.1845336041603497], "k_pid_yaw": [0.5, 1e-06, 0.1], "k_pid_hsp": [0.09847755819799779, 0.011264223901387349, 0.0], "k_pid_vsp": [250.4409247236842, 336.89689932622207, 62.564861685850005]}, "datetime": {"datetime": "2025-08-11 19:05:44", "elapsed": 9623.39898633957, "delta": 17.53442931175232}, "costs": {"total_cost": 186.74979111720708, "time_cost": 70.686, "final_distance_cost": 1.829944352690236, "oscillation_cost": 27.598706718983884, "completition_cost": 0.0, "overshoot_cost": 51.02847037713728, "power_cost": 18.376505810546877, "noise_cost": 17.230163857848776, "n_waypoints_completed": 9, "tot_waypoints": 9}}
{"target": -1676.4731022248748, "params": {"k_pid_pos": [1.3885554450422086, 0.024859491386256316, 0.44963268842268056], "k_pid_alt": [1.2679502233621702, 0.4483028697585574, 0.06527723447865985], "k_pid_att": [43.948176657889235, 8.839934422282209, 0.1845336041603497], "k_pid_yaw": [0.5, 1e-06, 0.1], "k_pid_hsp": [0.09847755819799779, 0.5624296180338006, 0.3203789596374804], "k_pid_vsp": [194.7624155113164, 139.20520652041523, 10.0]}, "datetime": {"datetime": "2025-08-11 19:06:14", "elapsed": 9654.135525226593, "delta": 30.736538887023926}, "costs": {"total_cost": 1676.4731022248748, "time_cost": 150, "final_distance_cost": 49.91494521827018, "oscillation_cost": 758.3166418318052, "completition_cost": 555.5555555555555, "overshoot_cost": 98.22079406820568, "power_cost": 34.11158038330078, "noise_cost": 30.35358516773742, "n_waypoints_completed": 4, "tot_waypoints": 9}}
{"target": -235.34390654328354, "params": {"k_pid_pos": [1.3885554450422086, 0.024859491386256316, 0.2394278377525315], "k_pid_alt": [1.2679502233621702, 0.0, 0.06527723447865985], "k_pid_att": [43.948176657889235, 3.8677381495188174, 0.1845336041603497], "k_pid_yaw": [0.5, 1e-06, 0.1], "k_pid_hsp": [0.09847755819799779, 0.15825018094006094, 0.0], "k_pid_vsp": [194.7624155113164, 139.20520652041523, 10.0]}, "datetime": {"datetime": "2025-08-11 19:06:33", "elapsed": 9672.943726301193, "delta": 18.80820107460022}, "costs": {"total_cost": 235.34390654328354, "time_cost": 74.732, "final_distance_cost": 1.82130475354858, "oscillation_cost": 66.76186652420795, "completition_cost": 0.0, "overshoot_cost": 51.12625920308624, "power_cost": 20.36857303466797, "noise_cost": 20.533903027772805, "n_waypoints_completed": 9, "tot_waypoints": 9}}
{"target": -1461.52702453796, "params": {"k_pid_pos": [1.3885554450422086, 0.024859491386256316, 0.44963268842268056], "k_pid_alt": [1.636508049307729, 0.0, 0.06527723447865985], "k_pid_att": [90.7849501962525, 0.7200504618080176, 0.9166398602394554], "k_pid_yaw": [0.5, 1e-06, 0.1], "k_pid_hsp": [0.09847755819799779, 0.011264223901387349, 0.0], "k_pid_vsp": [194.7624155113164, 307.0029666248519, 314.82805098387325]}, "datetime": {"datetime": "2025-08-11 19:07:04", "elapsed": 9703.745688915253, "delta": 30.80196261405945}, "costs": {"total_cost": 1461.52702453796, "time_cost": 150, "final_distance_cost": 1.000058269477811, "oscillation_cost": 4.054462242304744, "completition_cost": 1000.0, "overshoot_cost": 162.98001023728713, "power_cost": 29.315251867675784, "noise_cost": 114.17724192121464, "n_waypoints_completed": 0, "tot_waypoints": 9}}
{"target": -187.27613801239104, "params": {"k_pid_pos": [1.3885554450422086, 0.024859491386256316, 0.44963268842268056], "k_pid_alt": [1.296896341175293, 0.0, 0.4986678334288609], "k_pid_att": [39.447728079683905, 3.8677381495188174, 0.1845336041603497], "k_pid_yaw": [0.5, 1e-06, 0.1], "k_pid_hsp": [0.09847755819799779, 0.011264223901387349, 0.0], "k_pid_vsp": [14.740616244021254, 336.89689932622207, 62.564861685850005]}, "datetime": {"datetime": "2025-08-11 19:07:21", "elapsed": 9721.158646821976, "delta": 17.412957906723022}, "costs": {"total_cost": 187.27613801239104, "time_cost": 70.462, "final_distance_cost": 1.8190411250557825, "oscillation_cost": 29.650215074393103, "completition_cost": 0.0, "overshoot_cost": 50.254098860249044, "power_cost": 18.754223754882812, "noise_cost": 16.336559197810285, "n_waypoints_completed": 9, "tot_waypoints": 9}}
{"target": -197.4635309996593, "params": {"k_pid_pos": [1.3885554450422086, 0.024859491386256316, 0.44963268842268056], "k_pid_alt": [1.2679502233621702, 0.0, 0.06527723447865985], "k_pid_att": [43.948176657889235, 3.7802132718527557, 0.1845336041603497], "k_pid_yaw": [0.5, 1e-06, 0.1], "k_pid_hsp": [0.09847755819799779, 0.011264223901387349, 0.0], "k_pid_vsp": [250.4409247236842, 336.89689932622207, 125.63076761775174]}, "datetime": {"datetime": "2025-08-11 19:07:41", "elapsed": 9740.560027599335, "delta": 19.40138077735901}, "costs": {"total_cost": 197.4635309996593, "time_cost": 75.264, "final_distance_cost": 1.8000834276450857, "oscillation_cost": 28.30469067975357, "completition_cost": 0.0, "overshoot_cost": 53.7982077252856, "power_cost": 19.70740563964844, "noise_cost": 18.589143527326595, "n_waypoints_completed": 9, "tot_waypoints": 9}}
{"target": -186.72849951696688, "params": {"k_pid_pos": [1.4999912498542303, 0.024859491386256316, 0.44963268842268056], "k_pid_alt": [1.296896341175293, 0.0, 0.1576465649121419], "k_pid_att": [39.447728079683905, 3.8677381495188174, 0.1845336041603497], "k_pid_yaw": [0.5, 1e-06, 0.1], "k_pid_hsp": [0.09847755819799779, 0.011264223901387349, 0.0], "k_pid_vsp": [250.4409247236842, 336.89689932622207, 62.564861685850005]}, "datetime": {"datetime": "2025-08-11 19:07:58", "elapsed": 9758.335162878036, "delta": 17.775135278701782}, "costs": {"total_cost": 186.72849951696688, "time_cost": 69.965, "final_distance_cost": 1.8246488656116857, "oscillation_cost": 28.92539613055304, "completition_cost": 0.0, "overshoot_cost": 50.5210662650105, "power_cost": 18.138831469726565, "noise_cost": 17.35355678606508, "n_waypoints_completed": 9, "tot_waypoints": 9}}
{"target": -829.1949352955461, "params": {"k_pid_pos": [0.3389642570300425, 0.024859491386256316, 0.7585541942145848], "k_pid_alt": [1.296896341175293, 0.0, 0.4986678334288609], "k_pid_att": [39.447728079683905, 3.8677381495188174, 0.1845336041603497], "k_pid_yaw": [0.5, 1e-06, 0.1], "k_pid_hsp": [0.09847755819799779, 0.9572191492093396, 0.0], "k_pid_vsp": [250.4409247236842, 336.89689932622207, 62.564861685850005]}, "datetime": {"datetime": "2025-08-11 19:08:29", "elapsed": 9788.562156677246, "delta": 30.226993799209595}, "costs": {"total_cost": 829.1949352955461, "time_cost": 150, "final_distance_cost": 72.99344631867969, "oscillation_cost": 138.1202676106475, "completition_cost": 333.33333333333337, "overshoot_cost": 68.77011710971425, "power_cost": 36.088291967773436, "noise_cost": 29.889478955397898, "n_waypoints_completed": 6, "tot_waypoints": 9}}
{"target": -191.31209992906417, "params": {"k_pid_pos": [1.4999912498542303, 0.11906128738229915, 0.44963268842268056], "k_pid_alt": [1.2679502233621702, 0.0, 0.2242343482792274], "k_pid_att": [43.948176657889235, 2.1609837743181, 0.1845336041603497], "k_pid_yaw": [0.5, 1e-06, 0.1], "k_pid_hsp": [0.09847755819799779, 0.011264223901387349, 0.0], "k_pid_vsp": [194.7624155113164, 139.20520652041523, 10.0]}, "datetime": {"datetime": "2025-08-11 19:08:47", "elapsed": 9806.885164737701, "delta": 18.323008060455322}, "costs": {"total_cost": 191.31209992906417, "time_cost": 72.072, "final_distance_cost": 1.7842071871928442, "oscillation_cost": 29.882848034898, "completition_cost": 0.0, "overshoot_cost": 50.972306844659826, "power_cost": 17.98127498779297, "noise_cost": 18.619462874520547, "n_waypoints_completed": 9, "tot_waypoints": 9}}
{"target": -191.98728602328512, "params": {"k_pid_pos": [1.9188042305344217, 0.024859491386256316, 0.44963268842268056], "k_pid_alt": [1.296896341175293, 0.0, 0.06527723447865985], "k_pid_att": [59.499437225992025, 0.7200504618080176, 0.9166398602394554], "k_pid_yaw": [0.5, 1e-06, 0.1], "k_pid_hsp": [0.09847755819799779, 0.011264223901387349, 0.0], "k_pid_vsp": [42.24848860435038, 307.0029666248519, 10.0]}, "datetime": {"datetime": "2025-08-11 19:09:04", "elapsed": 9823.918256282806, "delta": 17.03309154510498}, "costs": {"total_cost": 191.98728602328512, "time_cost": 69.608, "final_distance_cost": 1.8022419529808145, "oscillation_cost": 33.64522211404436, "completition_cost": 0.0, "overshoot_cost": 51.159374691840526, "power_cost": 18.077739221191408, "noise_cost": 17.694708043228026, "n_waypoints_completed": 9, "tot_waypoints": 9}}
{"target": -1571.204188425039, "params": {"k_pid_pos": [1.3885554450422086, 0.024859491386256316, 0.44963268842268056], "k_pid_alt": [1.636508049307729, 0.0, 0.4986678334288609], "k_pid_att": [39.447728079683905, 3.8677381495188174, 0.1845336041603497], "k_pid_yaw": [0.5, 1e-06, 0.1], "k_pid_hsp": [0.09847755819799779, 0.011264223901387349, 0.43414878436037274], "k_pid_vsp": [143.10102476512975, 336.89689932622207, 62.564861685850005]}, "datetime": {"datetime": "2025-08-11 19:09:34", "elapsed": 9853.995885848999, "delta": 30.077629566192627}, "costs": {"total_cost": 1571.204188425039, "time_cost": 150, "final_distance_cost": 40.402748832946976, "oscillation_cost": 674.2591330913167, "completition_cost": 555.5555555555555, "overshoot_cost": 89.43803770443297, "power_cost": 33.59390534667969, "noise_cost": 27.95480789410728, "n_waypoints_completed": 4, "tot_waypoints": 9}}
{"target": -188.5400106462932, "params": {"k_pid_pos": [1.3078103269235994, 0.024859491386256316, 0.44963268842268056], "k_pid_alt": [1.296896341175293, 0.0, 0.4986678334288609], "k_pid_att": [39.447728079683905, 3.8677381495188174, 0.1845336041603497], "k_pid_yaw": [0.5, 1e-06, 0.1], "k_pid_hsp": [0.09847755819799779, 0.011264223901387349, 0.0], "k_pid_vsp": [194.7624155113164, 307.0029666248519, 10.0]}, "datetime": {"datetime": "2025-08-11 19:09:52", "elapsed": 9871.637468576431, "delta": 17.64158272743225}, "costs": {"total_cost": 188.5400106462932, "time_cost": 71.071, "final_distance_cost": 1.821658368431077, "oscillation_cost": 28.8296441493219, "completition_cost": 0.0, "overshoot_cost": 50.795658459730284, "power_cost": 17.739100329589846, "noise_cost": 18.2829493392201, "n_waypoints_completed": 9, "tot_waypoints": 9}}
{"target": -199.17735827986547, "params": {"k_pid_pos": [1.3885554450422086, 0.024859491386256316, 0.9062157365473852], "k_pid_alt": [1.2679502233621702, 0.21279159204151088, 0.06527723447865985], "k_pid_att": [43.948176657889235, 3.8677381495188174, 0.5354455210588809], "k_pid_yaw": [0.5, 1e-06, 0.1], "k_pid_hsp": [0.09847755819799779, 0.011264223901387349, 0.0], "k_pid_vsp": [250.4409247236842, 336.89689932622207, 62.564861685850005]}, "datetime": {"datetime": "2025-08-11 19:10:12", "elapsed": 9891.554209470749, "delta": 19.916740894317627}, "costs": {"total_cost": 199.17735827986547, "time_cost": 80.052, "final_distance_cost": 1.7879671219512208, "oscillation_cost": 26.589268330855454, "completition_cost": 0.0, "overshoot_cost": 51.245044396296045, "power_cost": 20.328201232910157, "noise_cost": 19.174877197852584, "n_waypoints_completed": 9, "tot_waypoints": 9}}
{"target": -189.85891021692422, "params": {"k_pid_pos": [1.3885554450422086, 0.024859491386256316, 0.44963268842268056], "k_pid_alt": [1.2679502233621702, 0.0, 0.16072894317769304], "k_pid_att": [94.70626418914286, 3.7802132718527557, 0.1845336041603497], "k_pid_yaw": [0.5, 1e-06, 0.1], "k_pid_hsp": [0.09847755819799779, 0.011264223901387349, 0.0], "k_pid_vsp": [250.4409247236842, 336.89689932622207, 62.564861685850005]}, "datetime": {"datetime": "2025-08-11 19:10:29", "elapsed": 9908.745952606201, "delta": 17.19174313545227}, "costs": {"total_cost": 189.85891021692422, "time_cost": 70.231, "final_distance_cost": 1.8188877412670712, "oscillation_cost": 30.860086395482583, "completition_cost": 0.0, "overshoot_cost": 50.9621556938118, "power_cost": 18.196492358398437, "noise_cost": 17.790288027964333, "n_waypoints_completed": 9, "tot_waypoints": 9}}
{"target": -185.4759441536794, "params": {"k_pid_pos": [1.0031316701085804, 0.024859491386256316, 0.44963268842268056], "k_pid_alt": [1.2679502233621702, 0.0, 0.06527723447865985], "k_pid_att": [43.948176657889235, 3.7802132718527557, 0.1845336041603497], "k_pid_yaw": [0.5, 1e-06, 0.1], "k_pid_hsp": [0.09847755819799779, 0.011264223901387349, 0.0], "k_pid_vsp": [279.31855783528204, 336.89689932622207, 62.564861685850005]}, "datetime": {"datetime": "2025-08-11 19:10:47", "elapsed": 9926.44769334793, "delta": 17.701740741729736}, "costs": {"total_cost": 185.4759441536794, "time_cost": 70.812, "final_distance_cost": 1.8291113049913463, "oscillation_cost": 25.875958409826, "completition_cost": 0.0, "overshoot_cost": 50.95316665410409, "power_cost": 18.24726290283203, "noise_cost": 17.758444881925925, "n_waypoints_completed": 9, "tot_waypoints": 9}}
{"target": -690.0145246204495, "params": {"k_pid_pos": [0.7036613434574084, 0.024859491386256316, 0.44963268842268056], "k_pid_alt": [1.2679502233621702, 0.0, 0.06527723447865985], "k_pid_att": [43.948176657889235, 3.8677381495188174, 0.1845336041603497], "k_pid_yaw": [0.5, 1e-06, 0.1], "k_pid_hsp": [0.09847755819799779, 0.3912792508993721, 0.333635037126335], "k_pid_vsp": [194.7624155113164, 139.20520652041523, 62.564861685850005]}, "datetime": {"datetime": "2025-08-11 19:11:17", "elapsed": 9957.058511257172, "delta": 30.610817909240723}, "costs": {"total_cost": 690.0145246204495, "time_cost": 117.915, "final_distance_cost": 1.8226704542172902, "oscillation_cost": 396.6342342586596, "completition_cost": 0.0, "overshoot_cost": 102.76844331052467, "power_cost": 35.7335406616211, "noise_cost": 35.140635935426715, "n_waypoints_completed": 9, "tot_waypoints": 9}}
{"target": -185.4759441536794, "params": {"k_pid_pos": [1.0031316701085804, 0.024859491386256316, 0.44963268842268056], "k_pid_alt": [1.2679502233621702, 0.0, 0.06527723447865985], "k_pid_att": [43.948176657889235, 3.7802132718527557, 0.1845336041603497], "k_pid_yaw": [0.5, 1e-06, 0.1], "k_pid_hsp": [0.09847755819799779, 0.011264223901387349, 0.0], "k_pid_vsp": [279.31855783528204, 336.89689932622207, 62.564861685850005]}, "datetime": {"datetime": "2025-08-11 19:11:34", "elapsed": 9974.363507986069, "delta": 17.304996728897095}, "costs": {"total_cost": 185.4759441536794, "time_cost": 70.812, "final_distance_cost": 1.8291113049913463, "oscillation_cost": 25.875958409826, "completition_cost": 0.0, "overshoot_cost": 50.95316665410409, "power_cost": 18.24726290283203, "noise_cost": 17.758444881925925, "n_waypoints_completed": 9, "tot_waypoints": 9}}
{"target": -186.19009909229186, "params": {"k_pid_pos": [1.3885554450422086, 0.024859491386256316, 0.44963268842268056], "k_pid_alt": [1.636508049307729, 0.0, 0.06527723447865985], "k_pid_att": [58.989274729095186, 0.7200504618080176, 0.9166398602394554], "k_pid_yaw": [0.5, 1e-06, 0.1], "k_pid_hsp": [0.09847755819799779, 0.011264223901387349, 0.0], "k_pid_vsp": [194.7624155113164, 307.0029666248519, 10.0]}, "datetime": {"datetime": "2025-08-11 19:11:52", "elapsed": 9991.776706933975, "delta": 17.413198947906494}, "costs": {"total_cost": 186.19009909229186, "time_cost": 69.384, "final_distance_cost": 1.7976164172723093, "oscillation_cost": 28.739410941303934, "completition_cost": 0.0, "overshoot_cost": 50.54003060207813, "power_cost": 18.00883690185547, "noise_cost": 17.720204229782027, "n_waypoints_completed": 9, "tot_waypoints": 9}}
{"target": -186.36817385963496, "params": {"k_pid_pos": [1.3885554450422086, 0.024859491386256316, 0.44963268842268056], "k_pid_alt": [1.2679502233621702, 0.0, 0.06527723447865985], "k_pid_att": [43.948176657889235, 3.8677381495188174, 0.1845336041603497], "k_pid_yaw": [0.5, 1e-06, 0.1], "k_pid_hsp": [0.09847755819799779, 0.011264223901387349, 0.0], "k_pid_vsp": [194.7624155113164, 139.20520652041523, 10.0]}, "datetime": {"datetime": "2025-08-11 19:12:09", "elapsed": 10008.930649280548, "delta": 17.153942346572876}, "costs": {"total_cost": 186.36817385963496, "time_cost": 69.818, "final_distance_cost": 1.7937207483441209, "oscillation_cost": 28.740771047023404, "completition_cost": 0.0, "overshoot_cost": 50.574698131443384, "power_cost": 17.269026684570314, "noise_cost": 18.171957248253726, "n_waypoints_completed": 9, "tot_waypoints": 9}}
