{"target": -189.48658163903528, "params": {"k_pid_pos": [1.8034346552870686, 0.08087462101852438, 0.40092638265648595], "k_pid_alt": [1.7297729984189598, 0.0, 0.18690953747986971], "k_pid_att": [32.194164172814396, 5.859554809351448, 0.666719676683535], "k_pid_yaw": [0.5, 1e-06, 0.1], "k_pid_hsp": [0.09847755819799779, 0.011264223901387349, 0.0], "k_pid_vsp": [264.9966777379314, 307.0029666248519, 21.011196465382298]}, "datetime": {"datetime": "2025-08-12 01:53:40", "elapsed": 34100.03064966202, "delta": 17.088924884796143}, "costs": {"total_cost": 189.48658163903528, "time_cost": 69.566, "final_distance_cost": 1.7660729800608848, "oscillation_cost": 31.56484041759802, "completition_cost": 0.0, "overshoot_cost": 50.615967617965325, "power_cost": 18.25492353515625, "noise_cost": 17.718777088254797, "n_waypoints_completed": 9, "tot_waypoints": 9}}
{"target": -183.80606818996455, "params": {"k_pid_pos": [1.0031316701085804, 0.024859491386256316, 0.40092638265648595], "k_pid_alt": [1.7297729984189598, 0.0, 0.02282466901291924], "k_pid_att": [32.194164172814396, 5.859554809351448, 0.666719676683535], "k_pid_yaw": [0.5, 1e-06, 0.1], "k_pid_hsp": [0.09847755819799779, 0.011264223901387349, 0.0], "k_pid_vsp": [264.9966777379314, 307.0029666248519, 21.011196465382298]}, "datetime": {"datetime": "2025-08-12 01:53:59", "elapsed": 34118.42944598198, "delta": 18.398796319961548}, "costs": {"total_cost": 183.80606818996455, "time_cost": 70.049, "final_distance_cost": 1.8328616209629816, "oscillation_cost": 26.018850336716934, "completition_cost": 0.0, "overshoot_cost": 50.11739868466329, "power_cost": 18.087833264160157, "noise_cost": 17.700124283461154, "n_waypoints_completed": 9, "tot_waypoints": 9}}
{"target": -1459.8073369171964, "params": {"k_pid_pos": [1.0031316701085804, 0.024859491386256316, 0.40092638265648595], "k_pid_alt": [1.7297729984189598, 0.0, 0.06527723447865985], "k_pid_att": [37.12179941719916, 5.859554809351448, 0.666719676683535], "k_pid_yaw": [0.5, 1e-06, 0.1], "k_pid_hsp": [0.09847755819799779, 0.011264223901387349, 0.0], "k_pid_vsp": [264.9966777379314, 307.0029666248519, 355.3689317787297]}, "datetime": {"datetime": "2025-08-12 01:54:29", "elapsed": 34149.16271853447, "delta": 30.733272552490234}, "costs": {"total_cost": 1459.8073369171964, "time_cost": 150, "final_distance_cost": 0.9992829812808056, "oscillation_cost": 3.387000029772339, "completition_cost": 1000.0, "overshoot_cost": 162.87800467260908, "power_cost": 29.289420654296876, "noise_cost": 113.25362857923743, "n_waypoints_completed": 0, "tot_waypoints": 9}}
{"target": -183.9425733545629, "params": {"k_pid_pos": [1.0031316701085804, 0.024859491386256316, 0.40092638265648595], "k_pid_alt": [1.7297729984189598, 0.0, 0.15791560522360282], "k_pid_att": [37.12179941719916, 5.859554809351448, 0.666719676683535], "k_pid_yaw": [0.5, 1e-06, 0.1], "k_pid_hsp": [0.09847755819799779, 0.011264223901387349, 0.0], "k_pid_vsp": [264.9966777379314, 307.0029666248519, 21.011196465382298]}, "datetime": {"datetime": "2025-08-12 01:54:47", "elapsed": 34167.1149418354, "delta": 17.952223300933838}, "costs": {"total_cost": 183.9425733545629, "time_cost": 70.112, "final_distance_cost": 1.820299189050532, "oscillation_cost": 26.16227171776418, "completition_cost": 0.0, "overshoot_cost": 50.51208116652364, "power_cost": 17.846282556152346, "noise_cost": 17.489638725072197, "n_waypoints_completed": 9, "tot_waypoints": 9}}
{"target": -195.0085969871699, "params": {"k_pid_pos": [1.0031316701085804, 0.024859491386256316, 0.40092638265648595], "k_pid_alt": [1.7297729984189598, 0.8435469027637317, 0.06527723447865985], "k_pid_att": [54.807753786811375, 8.491440198406547, 0.3297423310025197], "k_pid_yaw": [0.5, 1e-06, 0.1], "k_pid_hsp": [0.09847755819799779, 0.011264223901387349, 0.0], "k_pid_vsp": [292.94687076665593, 220.49899307650495, 21.011196465382298]}, "datetime": {"datetime": "2025-08-12 01:55:07", "elapsed": 34187.240367889404, "delta": 20.125426054000854}, "costs": {"total_cost": 195.0085969871699, "time_cost": 76.048, "final_distance_cost": 1.8141981379710774, "oscillation_cost": 27.282469938112218, "completition_cost": 0.0, "overshoot_cost": 52.17037275032378, "power_cost": 19.32341102294922, "noise_cost": 18.370145137813598, "n_waypoints_completed": 9, "tot_waypoints": 9}}
{"target": -183.70064920755323, "params": {"k_pid_pos": [1.0031316701085804, 0.024859491386256316, 0.40092638265648595], "k_pid_alt": [1.7297729984189598, 0.0, 0.06527723447865985], "k_pid_att": [37.12179941719916, 5.859554809351448, 0.666719676683535], "k_pid_yaw": [0.5, 1e-06, 0.1], "k_pid_hsp": [0.09847755819799779, 0.011264223901387349, 0.0], "k_pid_vsp": [264.9966777379314, 307.0029666248519, 21.011196465382298]}, "datetime": {"datetime": "2025-08-12 01:55:25", "elapsed": 34204.78819298744, "delta": 17.54782509803772}, "costs": {"total_cost": 183.70064920755323, "time_cost": 70.063, "final_distance_cost": 1.8269137125583466, "oscillation_cost": 25.990425061704375, "completition_cost": 0.0, "overshoot_cost": 50.38963089585039, "power_cost": 17.882403076171876, "noise_cost": 17.54827646126825, "n_waypoints_completed": 9, "tot_waypoints": 9}}
{"target": -183.70064920755323, "params": {"k_pid_pos": [1.0031316701085804, 0.024859491386256316, 0.40092638265648595], "k_pid_alt": [1.7297729984189598, 0.0, 0.06527723447865985], "k_pid_att": [37.12179941719916, 5.859554809351448, 0.666719676683535], "k_pid_yaw": [0.5, 1e-06, 0.1], "k_pid_hsp": [0.09847755819799779, 0.011264223901387349, 0.0], "k_pid_vsp": [264.9966777379314, 307.0029666248519, 21.011196465382298]}, "datetime": {"datetime": "2025-08-12 01:55:43", "elapsed": 34222.78191590309, "delta": 17.993722915649414}, "costs": {"total_cost": 183.70064920755323, "time_cost": 70.063, "final_distance_cost": 1.8269137125583466, "oscillation_cost": 25.990425061704375, "completition_cost": 0.0, "overshoot_cost": 50.38963089585039, "power_cost": 17.882403076171876, "noise_cost": 17.54827646126825, "n_waypoints_completed": 9, "tot_waypoints": 9}}
{"target": -1459.7772021490023, "params": {"k_pid_pos": [1.0031316701085804, 0.024859491386256316, 0.40092638265648595], "k_pid_alt": [1.7297729984189598, 0.0, 0.06527723447865985], "k_pid_att": [37.12179941719916, 2.8503329366774977, 0.666719676683535], "k_pid_yaw": [0.5, 1e-06, 0.1], "k_pid_hsp": [0.09847755819799779, 0.011264223901387349, 0.0], "k_pid_vsp": [264.9966777379314, 307.0029666248519, 355.21208825604106]}, "datetime": {"datetime": "2025-08-12 01:56:15", "elapsed": 34254.49892449379, "delta": 31.717008590698242}, "costs": {"total_cost": 1459.7772021490023, "time_cost": 150, "final_distance_cost": 0.998089197150637, "oscillation_cost": 3.3831357747691557, "completition_cost": 1000.0, "overshoot_cost": 162.87638749951796, "power_cost": 29.287470996093752, "noise_cost": 113.23211868147072, "n_waypoints_completed": 0, "tot_waypoints": 9}}
{"target": -184.15614528583725, "params": {"k_pid_pos": [1.0031316701085804, 0.024859491386256316, 0.43763450288146144], "k_pid_alt": [1.7297729984189598, 0.0, 0.06527723447865985], "k_pid_att": [24.0942673894178, 0.18205753750414305, 0.666719676683535], "k_pid_yaw": [0.5, 1e-06, 0.1], "k_pid_hsp": [0.09847755819799779, 0.011264223901387349, 0.0], "k_pid_vsp": [398.8090927617697, 273.5353972576295, 21.011196465382298]}, "datetime": {"datetime": "2025-08-12 01:56:32", "elapsed": 34271.57908535004, "delta": 17.08016085624695}, "costs": {"total_cost": 184.15614528583725, "time_cost": 70.266, "final_distance_cost": 1.8269059935556955, "oscillation_cost": 25.451318386589666, "completition_cost": 0.0, "overshoot_cost": 50.52833178689252, "power_cost": 18.16579060058594, "noise_cost": 17.91779851821343, "n_waypoints_completed": 9, "tot_waypoints": 9}}
{"target": -185.5919554139637, "params": {"k_pid_pos": [0.9943435690872942, 0.024859491386256316, 0.5451532445046304], "k_pid_alt": [1.7297729984189598, 0.0, 0.15791560522360282], "k_pid_att": [37.12179941719916, 1.3487538446628486, 0.666719676683535], "k_pid_yaw": [0.5, 1e-06, 0.1], "k_pid_hsp": [0.09847755819799779, 0.011264223901387349, 0.0], "k_pid_vsp": [264.9966777379314, 307.0029666248519, 21.011196465382298]}, "datetime": {"datetime": "2025-08-12 01:56:51", "elapsed": 34290.49589800835, "delta": 18.916812658309937}, "costs": {"total_cost": 185.5919554139637, "time_cost": 71.05, "final_distance_cost": 1.8461615665244653, "oscillation_cost": 25.628148912539405, "completition_cost": 0.0, "overshoot_cost": 50.77246629953419, "power_cost": 18.231231652832033, "noise_cost": 18.063946982533583, "n_waypoints_completed": 9, "tot_waypoints": 9}}
{"target": -186.2962915817669, "params": {"k_pid_pos": [1.0031316701085804, 0.024859491386256316, 0.6354931049670316], "k_pid_alt": [1.7297729984189598, 0.0, 0.15791560522360282], "k_pid_att": [37.12179941719916, 5.859554809351448, 0.666719676683535], "k_pid_yaw": [0.5, 1e-06, 0.1], "k_pid_hsp": [0.09847755819799779, 0.011264223901387349, 0.0], "k_pid_vsp": [264.9966777379314, 307.0029666248519, 21.011196465382298]}, "datetime": {"datetime": "2025-08-12 01:57:08", "elapsed": 34308.22114920616, "delta": 17.72525119781494}, "costs": {"total_cost": 186.2962915817669, "time_cost": 71.729, "final_distance_cost": 1.8365797771290997, "oscillation_cost": 25.561120298509657, "completition_cost": 0.0, "overshoot_cost": 50.57239730406998, "power_cost": 18.440097705078127, "noise_cost": 18.157096496980024, "n_waypoints_completed": 9, "tot_waypoints": 9}}
{"target": -208.62255810541407, "params": {"k_pid_pos": [1.0031316701085804, 0.024859491386256316, 0.40092638265648595], "k_pid_alt": [1.7297729984189598, 0.0, 0.06527723447865985], "k_pid_att": [37.12179941719916, 5.859554809351448, 0.4365886483026923], "k_pid_yaw": [0.5, 1e-06, 0.1], "k_pid_hsp": [4.621073833533259, 0.011264223901387349, 0.0], "k_pid_vsp": [264.9966777379314, 307.0029666248519, 21.011196465382298]}, "datetime": {"datetime": "2025-08-12 01:57:28", "elapsed": 34327.51673913002, "delta": 19.295589923858643}, "costs": {"total_cost": 208.62255810541407, "time_cost": 73.157, "final_distance_cost": 1.8503919505909874, "oscillation_cost": 44.609090554537936, "completition_cost": 0.0, "overshoot_cost": 50.649175727002316, "power_cost": 19.210864782714843, "noise_cost": 19.14603509056801, "n_waypoints_completed": 9, "tot_waypoints": 9}}
{"target": -183.53649260238842, "params": {"k_pid_pos": [1.0031316701085804, 0.024859491386256316, 0.40092638265648595], "k_pid_alt": [1.7297729984189598, 0.0, 0.06527723447865985], "k_pid_att": [54.227890723214855, 5.859554809351448, 0.666719676683535], "k_pid_yaw": [0.5, 1e-06, 0.1], "k_pid_hsp": [0.09847755819799779, 0.011264223901387349, 0.0], "k_pid_vsp": [264.9966777379314, 140.03862743104432, 2.77343605205192]}, "datetime": {"datetime": "2025-08-12 01:57:45", "elapsed": 34344.955719947815, "delta": 17.4389808177948}, "costs": {"total_cost": 183.53649260238842, "time_cost": 70.182, "final_distance_cost": 1.8157228574093423, "oscillation_cost": 25.80330890253672, "completition_cost": 0.0, "overshoot_cost": 50.51887842229217, "power_cost": 14.2017048828125, "noise_cost": 21.01487753733769, "n_waypoints_completed": 9, "tot_waypoints": 9}}
{"target": -183.64001715417484, "params": {"k_pid_pos": [1.0031316701085804, 0.024859491386256316, 0.40092638265648595], "k_pid_alt": [1.7297729984189598, 0.0, 0.06527723447865985], "k_pid_att": [37.12179941719916, 2.8503329366774977, 0.666719676683535], "k_pid_yaw": [0.5, 1e-06, 0.1], "k_pid_hsp": [0.09847755819799779, 0.011264223901387349, 0.0], "k_pid_vsp": [264.9966777379314, 307.0029666248519, 21.011196465382298]}, "datetime": {"datetime": "2025-08-12 01:58:04", "elapsed": 34363.978511571884, "delta": 19.022791624069214}, "costs": {"total_cost": 183.64001715417484, "time_cost": 70.077, "final_distance_cost": 1.8282288821562778, "oscillation_cost": 25.90473801137338, "completition_cost": 0.0, "overshoot_cost": 50.224048772488736, "power_cost": 17.955333911132815, "noise_cost": 17.65066757702363, "n_waypoints_completed": 9, "tot_waypoints": 9}}
{"target": -183.70064920755323, "params": {"k_pid_pos": [1.0031316701085804, 0.024859491386256316, 0.40092638265648595], "k_pid_alt": [1.7297729984189598, 0.0, 0.06527723447865985], "k_pid_att": [37.12179941719916, 5.859554809351448, 0.666719676683535], "k_pid_yaw": [0.5, 1e-06, 0.1], "k_pid_hsp": [0.09847755819799779, 0.011264223901387349, 0.0], "k_pid_vsp": [264.9966777379314, 307.0029666248519, 21.011196465382298]}, "datetime": {"datetime": "2025-08-12 01:58:21", "elapsed": 34381.19648814201, "delta": 17.217976570129395}, "costs": {"total_cost": 183.70064920755323, "time_cost": 70.063, "final_distance_cost": 1.8269137125583466, "oscillation_cost": 25.990425061704375, "completition_cost": 0.0, "overshoot_cost": 50.38963089585039, "power_cost": 17.882403076171876, "noise_cost": 17.54827646126825, "n_waypoints_completed": 9, "tot_waypoints": 9}}
{"target": -210.57128803669966, "params": {"k_pid_pos": [1.0031316701085804, 0.024859491386256316, 0.40092638265648595], "k_pid_alt": [1.5344120537351553, 0.0, 0.45660459018404764], "k_pid_att": [37.12179941719916, 5.859554809351448, 0.666719676683535], "k_pid_yaw": [0.5, 1e-06, 0.1], "k_pid_hsp": [0.09847755819799779, 0.011264223901387349, 0.02241598606202988], "k_pid_vsp": [264.9966777379314, 307.0029666248519, 21.011196465382298]}, "datetime": {"datetime": "2025-08-12 01:58:40", "elapsed": 34399.78142619133, "delta": 18.584938049316406}, "costs": {"total_cost": 210.57128803669966, "time_cost": 73.766, "final_distance_cost": 1.833514830809717, "oscillation_cost": 45.757420930649175, "completition_cost": 0.0, "overshoot_cost": 51.52078429944597, "power_cost": 18.915814501953125, "noise_cost": 18.777753473841678, "n_waypoints_completed": 9, "tot_waypoints": 9}}
{"target": -183.80606818996455, "params": {"k_pid_pos": [1.0031316701085804, 0.024859491386256316, 0.40092638265648595], "k_pid_alt": [1.7297729984189598, 0.0, 0.02282466901291924], "k_pid_att": [32.194164172814396, 5.859554809351448, 0.666719676683535], "k_pid_yaw": [0.5, 1e-06, 0.1], "k_pid_hsp": [0.09847755819799779, 0.011264223901387349, 0.0], "k_pid_vsp": [264.9966777379314, 307.0029666248519, 21.011196465382298]}, "datetime": {"datetime": "2025-08-12 01:58:57", "elapsed": 34417.36619448662, "delta": 17.584768295288086}, "costs": {"total_cost": 183.80606818996455, "time_cost": 70.049, "final_distance_cost": 1.8328616209629816, "oscillation_cost": 26.018850336716934, "completition_cost": 0.0, "overshoot_cost": 50.11739868466329, "power_cost": 18.087833264160157, "noise_cost": 17.700124283461154, "n_waypoints_completed": 9, "tot_waypoints": 9}}
{"target": -246.96393970737915, "params": {"k_pid_pos": [1.0031316701085804, 0.024859491386256316, 0.40092638265648595], "k_pid_alt": [1.7297729984189598, 0.0, 0.06527723447865985], "k_pid_att": [54.227890723214855, 5.859554809351448, 0.666719676683535], "k_pid_yaw": [0.5, 1e-06, 0.1], "k_pid_hsp": [0.09847755819799779, 0.011264223901387349, 0.0], "k_pid_vsp": [264.9966777379314, 140.03862743104432, 131.41505140227758]}, "datetime": {"datetime": "2025-08-12 01:59:23", "elapsed": 34443.08152008057, "delta": 25.715325593948364}, "costs": {"total_cost": 246.96393970737915, "time_cost": 99.883, "final_distance_cost": 1.8302100530279866, "oscillation_cost": 26.732268171868647, "completition_cost": 0.0, "overshoot_cost": 67.16400459799122, "power_cost": 25.68925701904297, "noise_cost": 25.66519986544834, "n_waypoints_completed": 9, "tot_waypoints": 9}}
{"target": -190.59884141178722, "params": {"k_pid_pos": [1.0031316701085804, 0.24048525617886174, 0.40092638265648595], "k_pid_alt": [1.7297729984189598, 0.0, 0.06527723447865985], "k_pid_att": [54.227890723214855, 5.859554809351448, 0.666719676683535], "k_pid_yaw": [0.5, 1e-06, 0.1], "k_pid_hsp": [0.09847755819799779, 0.011264223901387349, 0.0], "k_pid_vsp": [264.9966777379314, 140.03862743104432, 2.77343605205192]}, "datetime": {"datetime": "2025-08-12 01:59:42", "elapsed": 34461.89320397377, "delta": 18.811683893203735}, "costs": {"total_cost": 190.59884141178722, "time_cost": 73.773, "final_distance_cost": 1.792502312010743, "oscillation_cost": 26.676272226391077, "completition_cost": 0.0, "overshoot_cost": 51.475759694258976, "power_cost": 15.026663977050783, "noise_cost": 21.854643202075632, "n_waypoints_completed": 9, "tot_waypoints": 9}}
{"target": -184.56446453393127, "params": {"k_pid_pos": [1.0031316701085804, 0.024859491386256316, 0.40092638265648595], "k_pid_alt": [1.7297729984189598, 0.0, 0.06527723447865985], "k_pid_att": [11.329609997636037, 6.043751783864618, 0.666719676683535], "k_pid_yaw": [0.5, 1e-06, 0.1], "k_pid_hsp": [0.09847755819799779, 0.011264223901387349, 0.0], "k_pid_vsp": [264.9966777379314, 307.0029666248519, 21.011196465382298]}, "datetime": {"datetime": "2025-08-12 01:59:59", "elapsed": 34479.24694728851, "delta": 17.353743314743042}, "costs": {"total_cost": 184.56446453393127, "time_cost": 69.979, "final_distance_cost": 1.819592516370627, "oscillation_cost": 26.765692854397056, "completition_cost": 0.0, "overshoot_cost": 50.53799777264751, "power_cost": 17.93216004638672, "noise_cost": 17.530021344129352, "n_waypoints_completed": 9, "tot_waypoints": 9}}
{"target": -369.3010049520742, "params": {"k_pid_pos": [1.0031316701085804, 0.024859491386256316, 0.2540515360115351], "k_pid_alt": [1.7297729984189598, 0.0, 0.06527723447865985], "k_pid_att": [37.12179941719916, 7.600654384749983, 0.666719676683535], "k_pid_yaw": [0.5, 1e-06, 0.1], "k_pid_hsp": [1.9715787190781768, 0.011264223901387349, 0.1746356563161473], "k_pid_vsp": [292.5473338247507, 273.5353972576295, 21.011196465382298]}, "datetime": {"datetime": "2025-08-12 02:00:19", "elapsed": 34498.9668135643, "delta": 19.719866275787354}, "costs": {"total_cost": 369.3010049520742, "time_cost": 74.956, "final_distance_cost": 1.815557226544963, "oscillation_cost": 199.49162142402471, "completition_cost": 0.0, "overshoot_cost": 51.99078504235923, "power_cost": 21.161337854003907, "noise_cost": 19.885703405141385, "n_waypoints_completed": 9, "tot_waypoints": 9}}
{"target": -183.9425733545629, "params": {"k_pid_pos": [1.0031316701085804, 0.024859491386256316, 0.40092638265648595], "k_pid_alt": [1.7297729984189598, 0.0, 0.15791560522360282], "k_pid_att": [37.12179941719916, 5.859554809351448, 0.666719676683535], "k_pid_yaw": [0.5, 1e-06, 0.1], "k_pid_hsp": [0.09847755819799779, 0.011264223901387349, 0.0], "k_pid_vsp": [264.9966777379314, 307.0029666248519, 21.011196465382298]}, "datetime": {"datetime": "2025-08-12 02:00:36", "elapsed": 34516.07424712181, "delta": 17.107433557510376}, "costs": {"total_cost": 183.9425733545629, "time_cost": 70.112, "final_distance_cost": 1.820299189050532, "oscillation_cost": 26.16227171776418, "completition_cost": 0.0, "overshoot_cost": 50.51208116652364, "power_cost": 17.846282556152346, "noise_cost": 17.489638725072197, "n_waypoints_completed": 9, "tot_waypoints": 9}}
{"target": -190.20929812222022, "params": {"k_pid_pos": [1.8811307174574419, 0.024859491386256316, 0.40092638265648595], "k_pid_alt": [1.7297729984189598, 0.0, 0.06527723447865985], "k_pid_att": [68.93098199109546, 5.859554809351448, 0.666719676683535], "k_pid_yaw": [0.5, 1e-06, 0.1], "k_pid_hsp": [0.09847755819799779, 0.011264223901387349, 0.0], "k_pid_vsp": [264.9966777379314, 307.0029666248519, 21.011196465382298]}, "datetime": {"datetime": "2025-08-12 02:00:54", "elapsed": 34534.15087103844, "delta": 18.076623916625977}, "costs": {"total_cost": 190.20929812222022, "time_cost": 69.47500000000001, "final_distance_cost": 1.7836086493565237, "oscillation_cost": 31.803360565845182, "completition_cost": 0.0, "overshoot_cost": 51.28202537504316, "power_cost": 18.15139324951172, "noise_cost": 17.71391028246363, "n_waypoints_completed": 9, "tot_waypoints": 9}}
{"target": -196.16912793202835, "params": {"k_pid_pos": [1.0031316701085804, 0.024859491386256316, 0.40092638265648595], "k_pid_alt": [1.7297729984189598, 0.34524295845856323, 0.06527723447865985], "k_pid_att": [37.12179941719916, 5.859554809351448, 0.666719676683535], "k_pid_yaw": [0.5, 1e-06, 0.1], "k_pid_hsp": [0.09847755819799779, 0.011264223901387349, 0.0], "k_pid_vsp": [264.9966777379314, 307.0029666248519, 21.011196465382298]}, "datetime": {"datetime": "2025-08-12 02:01:15", "elapsed": 34554.54151010513, "delta": 20.390639066696167}, "costs": {"total_cost": 196.16912793202835, "time_cost": 77.791, "final_distance_cost": 1.767701549563059, "oscillation_cost": 26.790332387341998, "completition_cost": 0.0, "overshoot_cost": 51.60000334975977, "power_cost": 19.63556444091797, "noise_cost": 18.58452620444559, "n_waypoints_completed": 9, "tot_waypoints": 9}}
{"target": -192.12080411692884, "params": {"k_pid_pos": [1.0031316701085804, 0.024859491386256316, 0.40092638265648595], "k_pid_alt": [0.9229830459671018, 0.0, 0.06527723447865985], "k_pid_att": [37.12179941719916, 5.859554809351448, 0.666719676683535], "k_pid_yaw": [0.5, 1e-06, 0.1], "k_pid_hsp": [0.09847755819799779, 0.011264223901387349, 0.0], "k_pid_vsp": [264.9966777379314, 307.0029666248519, 106.04500360064405]}, "datetime": {"datetime": "2025-08-12 02:01:34", "elapsed": 34574.2103369236, "delta": 19.668826818466187}, "costs": {"total_cost": 192.12080411692884, "time_cost": 74.515, "final_distance_cost": 1.8226207171428659, "oscillation_cost": 25.657686650094018, "completition_cost": 0.0, "overshoot_cost": 52.8979726183828, "power_cost": 19.30217883300781, "noise_cost": 17.925345298301323, "n_waypoints_completed": 9, "tot_waypoints": 9}}
