{"target": -238.5616872394947, "params": {"k_pid_pos": [1.3885554450422086, 0.5811166092209024, 0.19977565166005762], "k_pid_alt": [1.6082490523645254, 0.7154071296158017, 0.949345597264735], "k_pid_att": [39.447728079683905, 3.8677381495188174, 0.015805555440133845], "k_pid_yaw": [0.5, 1e-06, 0.1], "k_pid_hsp": [0.09847755819799779, 0.011264223901387349, 0.0], "k_pid_vsp": [194.7624155113164, 20.0, 10.0]}, "datetime": {"datetime": "2025-08-11 17:09:10", "elapsed": 2629.8802568912506, "delta": 22.98369574546814}, "costs": {"total_cost": 238.5616872394947, "time_cost": 92.84100000000001, "final_distance_cost": 1.7837239908041373, "oscillation_cost": 40.62849449422993, "completition_cost": 0.0, "overshoot_cost": 56.019833146012914, "power_cost": 23.403730297851563, "noise_cost": 23.88490531059614, "n_waypoints_completed": 9, "tot_waypoints": 9}}
{"target": -340.97774388162236, "params": {"k_pid_pos": [1.3885554450422086, 0.5811166092209024, 0.19977565166005762], "k_pid_alt": [1.515427128667956, 0.0, 0.949345597264735], "k_pid_att": [11.895331074021131, 3.283679213926388, 0.5354347898300031], "k_pid_yaw": [0.5, 1e-06, 0.1], "k_pid_hsp": [8.485620031687368, 0.652587340560102, 0.8043918279470774], "k_pid_vsp": [213.08891042629608, 379.71740925440946, 115.26224638482907]}, "datetime": {"datetime": "2025-08-11 17:09:30", "elapsed": 2649.93190073967, "delta": 20.05164384841919}, "costs": {"total_cost": 340.97774388162236, "time_cost": 79.989, "final_distance_cost": 1.7836765033415853, "oscillation_cost": 161.03913253600012, "completition_cost": 0.0, "overshoot_cost": 54.90191722664531, "power_cost": 23.136210791015625, "noise_cost": 20.127806824619714, "n_waypoints_completed": 9, "tot_waypoints": 9}}
{"target": -196.38588095542383, "params": {"k_pid_pos": [1.849624377781123, 0.024859491386256316, 0.44963268842268056], "k_pid_alt": [1.2679502233621702, 0.0, 0.949345597264735], "k_pid_att": [39.447728079683905, 3.8677381495188174, 0.1845336041603497], "k_pid_yaw": [0.5, 1e-06, 0.1], "k_pid_hsp": [0.09847755819799779, 0.011264223901387349, 0.0], "k_pid_vsp": [194.7624155113164, 20.0, 10.0]}, "datetime": {"datetime": "2025-08-11 17:09:48", "elapsed": 2668.2087461948395, "delta": 18.276845455169678}, "costs": {"total_cost": 196.38588095542383, "time_cost": 73.752, "final_distance_cost": 1.821389005665794, "oscillation_cost": 31.300504460684525, "completition_cost": 0.0, "overshoot_cost": 52.15303017847123, "power_cost": 18.777154833984376, "noise_cost": 18.581802476617924, "n_waypoints_completed": 9, "tot_waypoints": 9}}
{"target": -245.9394075431735, "params": {"k_pid_pos": [1.3368390832847643, 0.4710962061431325, 0.5652361064811888], "k_pid_alt": [1.142334724111482, 0.6347183200005908, 0.20799807370846057], "k_pid_att": [22.592895791678245, 9.597749245839971, 0.3952346537588943], "k_pid_yaw": [0.5, 1e-06, 0.1], "k_pid_hsp": [3.9758421804300244, 0.8457969578021425, 0.0], "k_pid_vsp": [194.7624155113164, 20.0, 10.0]}, "datetime": {"datetime": "2025-08-11 17:10:11", "elapsed": 2690.9554607868195, "delta": 22.74671459197998}, "costs": {"total_cost": 245.9394075431735, "time_cost": 92.036, "final_distance_cost": 1.7299479135857418, "oscillation_cost": 49.60098641069043, "completition_cost": 0.0, "overshoot_cost": 56.75718976153085, "power_cost": 23.228911071777343, "noise_cost": 22.586372385589165, "n_waypoints_completed": 9, "tot_waypoints": 9}}
{"target": -688.5495897158248, "params": {"k_pid_pos": [1.8624793477566346, 0.04925411992759399, 0.3736141384595716], "k_pid_alt": [1.515427128667956, 0.0, 0.949345597264735], "k_pid_att": [39.447728079683905, 3.8677381495188174, 0.1845336041603497], "k_pid_yaw": [0.5, 1e-06, 0.1], "k_pid_hsp": [0.09847755819799779, 0.468231405693584, 0.4885840453515333], "k_pid_vsp": [265.14568510543296, 382.2493028631647, 114.57849146637578]}, "datetime": {"datetime": "2025-08-11 17:10:41", "elapsed": 2720.4374706745148, "delta": 29.482009887695312}, "costs": {"total_cost": 688.5495897158248, "time_cost": 119.889, "final_distance_cost": 1.7074740151811196, "oscillation_cost": 361.43121933827905, "completition_cost": 0.0, "overshoot_cost": 135.99218331630232, "power_cost": 35.754685852050784, "noise_cost": 33.77502719401164, "n_waypoints_completed": 9, "tot_waypoints": 9}}
{"target": -469.1646099887995, "params": {"k_pid_pos": [1.849624377781123, 0.024859491386256316, 0.44963268842268056], "k_pid_alt": [1.2679502233621702, 0.0, 0.949345597264735], "k_pid_att": [39.447728079683905, 1.619499508339287, 0.1845336041603497], "k_pid_yaw": [0.5, 1e-06, 0.1], "k_pid_hsp": [4.3672302205847, 0.2145846728195292, 0.40852864372463615], "k_pid_vsp": [341.36122930726646, 93.57579511219681, 23.321097617323666]}, "datetime": {"datetime": "2025-08-11 17:11:01", "elapsed": 2740.454648256302, "delta": 20.01717758178711}, "costs": {"total_cost": 469.1646099887995, "time_cost": 78.89, "final_distance_cost": 1.7773671299683556, "oscillation_cost": 293.7900662026204, "completition_cost": 0.0, "overshoot_cost": 51.10203616433595, "power_cost": 23.315413793945314, "noise_cost": 20.28972669792948, "n_waypoints_completed": 9, "tot_waypoints": 9}}
{"target": -239.76730143584655, "params": {"k_pid_pos": [1.734860336611219, 0.5811166092209024, 0.19977565166005762], "k_pid_alt": [1.6082490523645254, 0.7154071296158017, 0.7389840039155418], "k_pid_att": [13.105775155731326, 1.2376256611230811, 0.9275625510065076], "k_pid_yaw": [0.5, 1e-06, 0.1], "k_pid_hsp": [0.09847755819799779, 0.011264223901387349, 0.0], "k_pid_vsp": [194.7624155113164, 20.0, 10.0]}, "datetime": {"datetime": "2025-08-11 17:11:24", "elapsed": 2763.824716091156, "delta": 23.370067834854126}, "costs": {"total_cost": 239.76730143584655, "time_cost": 92.827, "final_distance_cost": 1.7294340644989523, "oscillation_cost": 41.293978568654346, "completition_cost": 0.0, "overshoot_cost": 56.44340914586723, "power_cost": 23.448562268066407, "noise_cost": 24.02491738875959, "n_waypoints_completed": 9, "tot_waypoints": 9}}
{"target": -303.61207041003064, "params": {"k_pid_pos": [1.3885554450422086, 0.5811166092209024, 0.19977565166005762], "k_pid_alt": [1.515427128667956, 0.0, 0.949345597264735], "k_pid_att": [11.895331074021131, 3.283679213926388, 0.9275625510065076], "k_pid_yaw": [0.5, 1e-06, 0.1], "k_pid_hsp": [3.9758421804300244, 0.8457969578021425, 0.4885840453515333], "k_pid_vsp": [265.14568510543296, 382.2493028631647, 114.57849146637578]}, "datetime": {"datetime": "2025-08-11 17:11:44", "elapsed": 2784.056318283081, "delta": 20.23160219192505}, "costs": {"total_cost": 303.61207041003064, "time_cost": 80.724, "final_distance_cost": 1.7951060883732453, "oscillation_cost": 119.61545287641644, "completition_cost": 0.0, "overshoot_cost": 56.07806303924189, "power_cost": 24.954613317871097, "noise_cost": 20.444835088127967, "n_waypoints_completed": 9, "tot_waypoints": 9}}
{"target": -666.3266523930721, "params": {"k_pid_pos": [1.3368390832847643, 0.4710962061431325, 0.5652361064811888], "k_pid_alt": [0.8247498285944492, 0.6347183200005908, 0.5535794006579958], "k_pid_att": [22.592895791678245, 9.597749245839971, 0.5354347898300031], "k_pid_yaw": [0.5, 1e-06, 0.1], "k_pid_hsp": [8.485620031687368, 0.652587340560102, 0.8043918279470774], "k_pid_vsp": [213.08891042629608, 253.16705207413065, 115.26224638482907]}, "datetime": {"datetime": "2025-08-11 17:12:13", "elapsed": 2812.7076544761658, "delta": 28.651336193084717}, "costs": {"total_cost": 666.3266523930721, "time_cost": 115.836, "final_distance_cost": 1.794989199441809, "oscillation_cost": 425.2482840997252, "completition_cost": 0.0, "overshoot_cost": 61.73289409474968, "power_cost": 32.03788947753906, "noise_cost": 29.676595521616324, "n_waypoints_completed": 9, "tot_waypoints": 9}}
{"target": -254.55408426357985, "params": {"k_pid_pos": [1.3885554450422086, 0.3482758834614562, 0.19977565166005762], "k_pid_alt": [0.7928724707296242, 0.7154071296158017, 0.7497057510446368], "k_pid_att": [39.447728079683905, 3.8677381495188174, 0.1845336041603497], "k_pid_yaw": [0.5, 1e-06, 0.1], "k_pid_hsp": [0.09847755819799779, 0.011264223901387349, 0.0], "k_pid_vsp": [194.7624155113164, 20.0, 10.0]}, "datetime": {"datetime": "2025-08-11 17:12:39", "elapsed": 2838.61199426651, "delta": 25.90433979034424}, "costs": {"total_cost": 254.55408426357985, "time_cost": 102.767, "final_distance_cost": 1.7606329275545938, "oscillation_cost": 38.72202850353829, "completition_cost": 0.0, "overshoot_cost": 59.42819738296254, "power_cost": 25.50442517089844, "noise_cost": 26.371800278626015, "n_waypoints_completed": 9, "tot_waypoints": 9}}
{"target": -477.1432174625967, "params": {"k_pid_pos": [1.917034736421507, 0.024859491386256316, 0.44963268842268056], "k_pid_alt": [1.2679502233621702, 0.0, 0.14617324419269828], "k_pid_att": [52.045744376722766, 3.1034157057733522, 0.14387193297114265], "k_pid_yaw": [0.5, 1e-06, 0.1], "k_pid_hsp": [9.209712627827253, 0.16553172273527816, 0.28472008233793555], "k_pid_vsp": [61.44535807682345, 184.69087941207655, 8.459207513427996]}, "datetime": {"datetime": "2025-08-11 17:12:56", "elapsed": 2855.5576524734497, "delta": 16.945658206939697}, "costs": {"total_cost": 477.1432174625967, "time_cost": 68.69800000000001, "final_distance_cost": 1.7922096901464437, "oscillation_cost": 317.05345880183546, "completition_cost": 0.0, "overshoot_cost": 50.88164029104507, "power_cost": 19.77157604980469, "noise_cost": 18.946332629764978, "n_waypoints_completed": 9, "tot_waypoints": 9}}
{"target": -230.63204529669238, "params": {"k_pid_pos": [1.3885554450422086, 0.12011063010138434, 0.9898230692048735], "k_pid_alt": [0.26508416190282724, 0.7154071296158017, 0.949345597264735], "k_pid_att": [39.447728079683905, 3.8677381495188174, 0.1845336041603497], "k_pid_yaw": [0.5, 1e-06, 0.1], "k_pid_hsp": [0.09847755819799779, 0.011264223901387349, 0.0], "k_pid_vsp": [194.7624155113164, 20.0, 10.0]}, "datetime": {"datetime": "2025-08-11 17:13:19", "elapsed": 2879.2389199733734, "delta": 23.681267499923706}, "costs": {"total_cost": 230.63204529669238, "time_cost": 93.85600000000001, "final_distance_cost": 1.7532855208272025, "oscillation_cost": 28.148378143075647, "completition_cost": 0.0, "overshoot_cost": 60.92170679754116, "power_cost": 23.056610119628907, "noise_cost": 22.896064715619442, "n_waypoints_completed": 9, "tot_waypoints": 9}}
{"target": -280.31621584765765, "params": {"k_pid_pos": [1.8624793477566346, 0.04925411992759399, 0.3736141384595716], "k_pid_alt": [1.515427128667956, 0.0, 0.7389840039155418], "k_pid_att": [13.105775155731326, 1.2376256611230811, 0.9275625510065076], "k_pid_yaw": [0.5, 1e-06, 0.1], "k_pid_hsp": [7.650267549339912, 0.2145846728195292, 0.40852864372463615], "k_pid_vsp": [341.36122930726646, 93.57579511219681, 23.321097617323666]}, "datetime": {"datetime": "2025-08-11 17:13:37", "elapsed": 2896.5035088062286, "delta": 17.264588832855225}, "costs": {"total_cost": 280.31621584765765, "time_cost": 69.664, "final_distance_cost": 1.7935007973169659, "oscillation_cost": 120.80534313022864, "completition_cost": 0.0, "overshoot_cost": 50.89990876056991, "power_cost": 19.251343786621096, "noise_cost": 17.902119372921025, "n_waypoints_completed": 9, "tot_waypoints": 9}}
{"target": -389.5425908400785, "params": {"k_pid_pos": [1.3885554450422086, 0.9460270628173303, 0.2533833538391872], "k_pid_alt": [1.515427128667956, 0.0, 0.4468388424141526], "k_pid_att": [39.447728079683905, 2.2237570421753174, 0.9275625510065076], "k_pid_yaw": [0.5, 1e-06, 0.1], "k_pid_hsp": [3.9758421804300244, 0.30094869178093975, 0.4885840453515333], "k_pid_vsp": [265.14568510543296, 382.2493028631647, 160.0245790538407]}, "datetime": {"datetime": "2025-08-11 17:14:02", "elapsed": 2921.702713251114, "delta": 25.199204444885254}, "costs": {"total_cost": 389.5425908400785, "time_cost": 101.136, "final_distance_cost": 1.7147032028111293, "oscillation_cost": 153.55964942317155, "completition_cost": 0.0, "overshoot_cost": 74.78200722750826, "power_cost": 31.102855664062503, "noise_cost": 27.2473753225251, "n_waypoints_completed": 9, "tot_waypoints": 9}}
{"target": -454.0908890994259, "params": {"k_pid_pos": [1.3125724517510475, 0.036162710494696215, 0.0054298341287004614], "k_pid_alt": [0.10331583402879785, 0.7154071296158017, 0.7389840039155418], "k_pid_att": [13.105775155731326, 5.156922816475868, 0.21517827462871852], "k_pid_yaw": [0.5, 1e-06, 0.1], "k_pid_hsp": [0.09847755819799779, 0.011264223901387349, 0.0], "k_pid_vsp": [194.7624155113164, 82.79406464935073, 10.0]}, "datetime": {"datetime": "2025-08-11 17:14:32", "elapsed": 2951.569077730179, "delta": 29.86636447906494}, "costs": {"total_cost": 454.0908890994259, "time_cost": 150, "final_distance_cost": 27.021586106361625, "oscillation_cost": 39.8946240916215, "completition_cost": 111.11111111111116, "overshoot_cost": 67.12757452853211, "power_cost": 28.972157788085937, "noise_cost": 29.9638354737136, "n_waypoints_completed": 8, "tot_waypoints": 9}}
{"target": -221.3206821676345, "params": {"k_pid_pos": [1.849624377781123, 0.9460270628173303, 0.5699829035940329], "k_pid_alt": [1.515427128667956, 0.0, 0.949345597264735], "k_pid_att": [39.447728079683905, 3.8677381495188174, 0.21517827462871852], "k_pid_yaw": [0.5, 1e-06, 0.1], "k_pid_hsp": [0.09847755819799779, 0.011264223901387349, 0.0], "k_pid_vsp": [194.7624155113164, 82.79406464935073, 10.0]}, "datetime": {"datetime": "2025-08-11 17:14:52", "elapsed": 2972.2270843982697, "delta": 20.65800666809082}, "costs": {"total_cost": 221.3206821676345, "time_cost": 83.59400000000001, "final_distance_cost": 1.773014707001196, "oscillation_cost": 37.18225611404201, "completition_cost": 0.0, "overshoot_cost": 55.324475435001716, "power_cost": 21.919859802246094, "noise_cost": 21.52707610934346, "n_waypoints_completed": 9, "tot_waypoints": 9}}
{"target": -193.48531332933896, "params": {"k_pid_pos": [1.3885554450422086, 0.024859491386256316, 0.44963268842268056], "k_pid_alt": [1.2679502233621702, 0.0, 0.949345597264735], "k_pid_att": [39.447728079683905, 3.8677381495188174, 0.1845336041603497], "k_pid_yaw": [0.5, 1e-06, 0.1], "k_pid_hsp": [0.09847755819799779, 0.011264223901387349, 0.0], "k_pid_vsp": [194.7624155113164, 20.0, 10.0]}, "datetime": {"datetime": "2025-08-11 17:15:11", "elapsed": 2990.5213162899017, "delta": 18.29423189163208}, "costs": {"total_cost": 193.48531332933896, "time_cost": 73.906, "final_distance_cost": 1.8077004286755942, "oscillation_cost": 28.841903853028352, "completition_cost": 0.0, "overshoot_cost": 51.66419984358465, "power_cost": 18.334456201171875, "noise_cost": 18.93105300287851, "n_waypoints_completed": 9, "tot_waypoints": 9}}
{"target": -195.43368453605947, "params": {"k_pid_pos": [1.8624793477566346, 0.04925411992759399, 0.3736141384595716], "k_pid_alt": [1.515427128667956, 0.0, 0.949345597264735], "k_pid_att": [39.447728079683905, 3.8677381495188174, 0.1845336041603497], "k_pid_yaw": [0.5, 1e-06, 0.1], "k_pid_hsp": [0.09847755819799779, 0.011264223901387349, 0.0], "k_pid_vsp": [194.7624155113164, 20.0, 10.0]}, "datetime": {"datetime": "2025-08-11 17:15:29", "elapsed": 3008.5479533672333, "delta": 18.026637077331543}, "costs": {"total_cost": 195.43368453605947, "time_cost": 72.66, "final_distance_cost": 1.7836723440834565, "oscillation_cost": 32.06229281725077, "completition_cost": 0.0, "overshoot_cost": 51.735593050261144, "power_cost": 18.611649938964845, "noise_cost": 18.580476385499292, "n_waypoints_completed": 9, "tot_waypoints": 9}}
{"target": -958.8084209757511, "params": {"k_pid_pos": [1.3885554450422086, 0.5811166092209024, 0.19977565166005762], "k_pid_alt": [1.6082490523645254, 0.7154071296158017, 0.31636145733671517], "k_pid_att": [15.35255220546139, 1.378021579924459, 0.05280710140011036], "k_pid_yaw": [0.5, 1e-06, 0.1], "k_pid_hsp": [0.5494443984777728, 0.8457969578021425, 0.8487921131360887], "k_pid_vsp": [265.14568510543296, 382.2493028631647, 114.57849146637578]}, "datetime": {"datetime": "2025-08-11 17:15:58", "elapsed": 3037.8384342193604, "delta": 29.290480852127075}, "costs": {"total_cost": 958.8084209757511, "time_cost": 150, "final_distance_cost": 47.32384155137811, "oscillation_cost": 398.5805260181523, "completition_cost": 222.2222222222222, "overshoot_cost": 78.15416529951897, "power_cost": 32.885517395019534, "noise_cost": 29.642148489460027, "n_waypoints_completed": 7, "tot_waypoints": 9}}
{"target": -1459.7053438736732, "params": {"k_pid_pos": [0.3572904909766657, 0.04925411992759399, 0.3736141384595716], "k_pid_alt": [1.515427128667956, 0.0, 0.949345597264735], "k_pid_att": [39.447728079683905, 3.8677381495188174, 0.1845336041603497], "k_pid_yaw": [0.5, 1e-06, 0.1], "k_pid_hsp": [0.09847755819799779, 0.011264223901387349, 0.0], "k_pid_vsp": [194.7624155113164, 20.0, 140.88499807383718]}, "datetime": {"datetime": "2025-08-11 17:16:28", "elapsed": 3067.584720849991, "delta": 29.746286630630493}, "costs": {"total_cost": 1459.7053438736732, "time_cost": 150, "final_distance_cost": 0.9981894619739379, "oscillation_cost": 1.6160536597663933, "completition_cost": 1000.0, "overshoot_cost": 163.0809687587716, "power_cost": 29.28903740234375, "noise_cost": 114.72109459081744, "n_waypoints_completed": 0, "tot_waypoints": 9}}
{"target": -296.312296604623, "params": {"k_pid_pos": [1.3885554450422086, 0.4391785132059347, 0.19977565166005762], "k_pid_alt": [1.6082490523645254, 0.7154071296158017, 0.7389840039155418], "k_pid_att": [13.105775155731326, 1.2376256611230811, 0.9275625510065076], "k_pid_yaw": [0.5, 1e-06, 0.1], "k_pid_hsp": [3.9758421804300244, 0.30094869178093975, 0.2235903208760469], "k_pid_vsp": [61.44535807682345, 46.19602635065192, 8.459207513427996]}, "datetime": {"datetime": "2025-08-11 17:16:50", "elapsed": 3089.4392013549805, "delta": 21.854480504989624}, "costs": {"total_cost": 296.312296604623, "time_cost": 88.06, "final_distance_cost": 1.760922572105961, "oscillation_cost": 106.06806166933646, "completition_cost": 0.0, "overshoot_cost": 53.87616880237303, "power_cost": 22.52009697265625, "noise_cost": 24.02704658815127, "n_waypoints_completed": 9, "tot_waypoints": 9}}
{"target": -1464.5996129667246, "params": {"k_pid_pos": [1.8499324491666203, 0.9460270628173303, 0.7630192967767481], "k_pid_alt": [1.515427128667956, 0.0, 0.949345597264735], "k_pid_att": [39.447728079683905, 8.497906999130581, 0.21517827462871852], "k_pid_yaw": [0.5, 1e-06, 0.1], "k_pid_hsp": [0.09847755819799779, 0.011264223901387349, 0.0], "k_pid_vsp": [194.7624155113164, 82.79406464935073, 291.91230708773605]}, "datetime": {"datetime": "2025-08-11 17:17:19", "elapsed": 3118.90051817894, "delta": 29.46131682395935}, "costs": {"total_cost": 1464.5996129667246, "time_cost": 150, "final_distance_cost": 0.9979819169234462, "oscillation_cost": 7.054901570123791, "completition_cost": 1000.0, "overshoot_cost": 163.09430526278572, "power_cost": 29.200358544921876, "noise_cost": 114.25206567196975, "n_waypoints_completed": 0, "tot_waypoints": 9}}
{"target": -193.48531332933896, "params": {"k_pid_pos": [1.3885554450422086, 0.024859491386256316, 0.44963268842268056], "k_pid_alt": [1.2679502233621702, 0.0, 0.949345597264735], "k_pid_att": [39.447728079683905, 3.8677381495188174, 0.1845336041603497], "k_pid_yaw": [0.5, 1e-06, 0.1], "k_pid_hsp": [0.09847755819799779, 0.011264223901387349, 0.0], "k_pid_vsp": [194.7624155113164, 20.0, 10.0]}, "datetime": {"datetime": "2025-08-11 17:17:37", "elapsed": 3137.148139476776, "delta": 18.247621297836304}, "costs": {"total_cost": 193.48531332933896, "time_cost": 73.906, "final_distance_cost": 1.8077004286755942, "oscillation_cost": 28.841903853028352, "completition_cost": 0.0, "overshoot_cost": 51.66419984358465, "power_cost": 18.334456201171875, "noise_cost": 18.93105300287851, "n_waypoints_completed": 9, "tot_waypoints": 9}}
{"target": -194.20070629666932, "params": {"k_pid_pos": [1.849624377781123, 0.024859491386256316, 0.44963268842268056], "k_pid_alt": [1.6444270921876138, 0.0, 0.949345597264735], "k_pid_att": [39.447728079683905, 3.8677381495188174, 0.1845336041603497], "k_pid_yaw": [0.5, 1e-06, 0.1], "k_pid_hsp": [0.09847755819799779, 0.011264223901387349, 0.0], "k_pid_vsp": [194.7624155113164, 20.0, 10.0]}, "datetime": {"datetime": "2025-08-11 17:17:55", "elapsed": 3155.2574541568756, "delta": 18.109314680099487}, "costs": {"total_cost": 194.20070629666932, "time_cost": 72.07900000000001, "final_distance_cost": 1.7992656581894846, "oscillation_cost": 31.530464242955567, "completition_cost": 0.0, "overshoot_cost": 52.004463703662175, "power_cost": 18.39171435546875, "noise_cost": 18.395798336393376, "n_waypoints_completed": 9, "tot_waypoints": 9}}
{"target": -195.43368453605947, "params": {"k_pid_pos": [1.8624793477566346, 0.04925411992759399, 0.3736141384595716], "k_pid_alt": [1.515427128667956, 0.0, 0.949345597264735], "k_pid_att": [39.447728079683905, 3.8677381495188174, 0.1845336041603497], "k_pid_yaw": [0.5, 1e-06, 0.1], "k_pid_hsp": [0.09847755819799779, 0.011264223901387349, 0.0], "k_pid_vsp": [194.7624155113164, 20.0, 10.0]}, "datetime": {"datetime": "2025-08-11 17:18:14", "elapsed": 3173.436227798462, "delta": 18.178773641586304}, "costs": {"total_cost": 195.43368453605947, "time_cost": 72.66, "final_distance_cost": 1.7836723440834565, "oscillation_cost": 32.06229281725077, "completition_cost": 0.0, "overshoot_cost": 51.735593050261144, "power_cost": 18.611649938964845, "noise_cost": 18.580476385499292, "n_waypoints_completed": 9, "tot_waypoints": 9}}
