{"target": -183.53649260238842, "params": {"k_pid_pos": [1.0031316701085804, 0.024859491386256316, 0.40092638265648595], "k_pid_alt": [1.7297729984189598, 0.0, 0.06527723447865985], "k_pid_att": [54.227890723214855, 5.859554809351448, 0.666719676683535], "k_pid_yaw": [0.5, 1e-06, 0.1], "k_pid_hsp": [0.09847755819799779, 0.011264223901387349, 0.0], "k_pid_vsp": [264.9966777379314, 140.03862743104432, 2.77343605205192]}, "datetime": {"datetime": "2025-08-12 03:13:30", "elapsed": 38889.50218749046, "delta": 19.57510209083557}, "costs": {"total_cost": 183.53649260238842, "time_cost": 70.182, "final_distance_cost": 1.8157228574093423, "oscillation_cost": 25.80330890253672, "completition_cost": 0.0, "overshoot_cost": 50.51887842229217, "power_cost": 14.2017048828125, "noise_cost": 21.01487753733769, "n_waypoints_completed": 9, "tot_waypoints": 9}}
{"target": -198.2505576179746, "params": {"k_pid_pos": [1.0031316701085804, 0.024859491386256316, 0.40092638265648595], "k_pid_alt": [1.7297729984189598, 0.0, 0.06527723447865985], "k_pid_att": [21.562391753424215, 5.859554809351448, 0.666719676683535], "k_pid_yaw": [0.5, 1e-06, 0.1], "k_pid_hsp": [4.249544071986334, 0.011264223901387349, 0.0], "k_pid_vsp": [264.9966777379314, 140.03862743104432, 2.77343605205192]}, "datetime": {"datetime": "2025-08-12 03:13:50", "elapsed": 38909.460335731506, "delta": 19.95814824104309}, "costs": {"total_cost": 198.2505576179746, "time_cost": 72.69500000000001, "final_distance_cost": 1.8454758130334172, "oscillation_cost": 35.57181114949415, "completition_cost": 0.0, "overshoot_cost": 50.49487213102191, "power_cost": 15.14879334716797, "noise_cost": 22.49460517725715, "n_waypoints_completed": 9, "tot_waypoints": 9}}
{"target": -184.23000164698763, "params": {"k_pid_pos": [1.1018186029961792, 0.024859491386256316, 0.40092638265648595], "k_pid_alt": [1.9160597436741602, 0.0, 0.06527723447865985], "k_pid_att": [87.04919764154812, 5.859554809351448, 0.666719676683535], "k_pid_yaw": [0.5, 1e-06, 0.1], "k_pid_hsp": [0.09847755819799779, 0.011264223901387349, 0.0], "k_pid_vsp": [264.9966777379314, 304.1795245652576, 2.77343605205192]}, "datetime": {"datetime": "2025-08-12 03:14:07", "elapsed": 38926.894874572754, "delta": 17.43453884124756}, "costs": {"total_cost": 184.23000164698763, "time_cost": 69.825, "final_distance_cost": 1.8313988522806506, "oscillation_cost": 26.538353445279707, "completition_cost": 0.0, "overshoot_cost": 50.96029485054922, "power_cost": 14.302757678222656, "noise_cost": 20.772196820655374, "n_waypoints_completed": 9, "tot_waypoints": 9}}
{"target": -184.6659172406678, "params": {"k_pid_pos": [1.1018186029961792, 0.024859491386256316, 0.40092638265648595], "k_pid_alt": [1.9160597436741602, 0.0, 0.06527723447865985], "k_pid_att": [54.227890723214855, 2.352529590908416, 0.16608962520040438], "k_pid_yaw": [0.5, 1e-06, 0.1], "k_pid_hsp": [0.09847755819799779, 0.011264223901387349, 0.0], "k_pid_vsp": [264.9966777379314, 304.1795245652576, 2.77343605205192]}, "datetime": {"datetime": "2025-08-12 03:14:26", "elapsed": 38945.48684716225, "delta": 18.591972589492798}, "costs": {"total_cost": 184.6659172406678, "time_cost": 69.755, "final_distance_cost": 1.828250972522392, "oscillation_cost": 27.579625593189604, "completition_cost": 0.0, "overshoot_cost": 50.60683514941398, "power_cost": 14.262891625976563, "noise_cost": 20.633313899565238, "n_waypoints_completed": 9, "tot_waypoints": 9}}
{"target": -184.36713635417848, "params": {"k_pid_pos": [1.0031316701085804, 0.024859491386256316, 0.22876272759744842], "k_pid_alt": [1.7297729984189598, 0.0, 0.5405957282041112], "k_pid_att": [54.227890723214855, 2.39259846319054, 0.666719676683535], "k_pid_yaw": [0.5, 1e-06, 0.1], "k_pid_hsp": [0.09847755819799779, 0.011264223901387349, 0.0], "k_pid_vsp": [90.20309817429433, 140.03862743104432, 2.77343605205192]}, "datetime": {"datetime": "2025-08-12 03:14:43", "elapsed": 38962.99779629707, "delta": 17.51094913482666}, "costs": {"total_cost": 184.36713635417848, "time_cost": 70.364, "final_distance_cost": 1.8150474592739954, "oscillation_cost": 26.93797616536189, "completition_cost": 0.0, "overshoot_cost": 50.25822213094395, "power_cost": 14.26916600341797, "noise_cost": 20.722724595180676, "n_waypoints_completed": 9, "tot_waypoints": 9}}
{"target": -183.62931417269007, "params": {"k_pid_pos": [1.0031316701085804, 0.024859491386256316, 0.40092638265648595], "k_pid_alt": [1.7297729984189598, 0.0, 0.06527723447865985], "k_pid_att": [25.463483275157817, 5.859554809351448, 0.666719676683535], "k_pid_yaw": [0.5, 1e-06, 0.1], "k_pid_hsp": [0.09847755819799779, 0.011264223901387349, 0.0], "k_pid_vsp": [264.9966777379314, 140.03862743104432, 2.77343605205192]}, "datetime": {"datetime": "2025-08-12 03:15:02", "elapsed": 38982.0839471817, "delta": 19.086150884628296}, "costs": {"total_cost": 183.62931417269007, "time_cost": 70.105, "final_distance_cost": 1.8312830627766823, "oscillation_cost": 25.833917151563156, "completition_cost": 0.0, "overshoot_cost": 50.80569610788417, "power_cost": 14.162457531738282, "noise_cost": 20.89096031872779, "n_waypoints_completed": 9, "tot_waypoints": 9}}
{"target": -183.68229465452515, "params": {"k_pid_pos": [1.0031316701085804, 0.024859491386256316, 0.37255195504867966], "k_pid_alt": [1.9160597436741602, 0.0, 0.06527723447865985], "k_pid_att": [54.227890723214855, 5.859554809351448, 0.666719676683535], "k_pid_yaw": [0.5, 1e-06, 0.1], "k_pid_hsp": [0.09847755819799779, 0.011264223901387349, 0.0], "k_pid_vsp": [264.9966777379314, 130.53254854158118, 2.77343605205192]}, "datetime": {"datetime": "2025-08-12 03:15:21", "elapsed": 39000.58910894394, "delta": 18.50516176223755}, "costs": {"total_cost": 183.68229465452515, "time_cost": 70.196, "final_distance_cost": 1.8156993505400068, "oscillation_cost": 25.509241411126098, "completition_cost": 0.0, "overshoot_cost": 50.95102655900007, "power_cost": 14.221325183105469, "noise_cost": 20.9890021507535, "n_waypoints_completed": 9, "tot_waypoints": 9}}
{"target": -1460.7064601063544, "params": {"k_pid_pos": [0.8201182701569295, 0.024859491386256316, 0.37255195504867966], "k_pid_alt": [1.9160597436741602, 0.0, 0.06527723447865985], "k_pid_att": [54.227890723214855, 5.859554809351448, 0.666719676683535], "k_pid_yaw": [0.5, 1e-06, 0.1], "k_pid_hsp": [0.09847755819799779, 0.011264223901387349, 0.0], "k_pid_vsp": [264.9966777379314, 130.53254854158118, 313.11458436796505]}, "datetime": {"datetime": "2025-08-12 03:15:51", "elapsed": 39030.768887043, "delta": 30.17977809906006}, "costs": {"total_cost": 1460.7064601063544, "time_cost": 150, "final_distance_cost": 0.9988098961098691, "oscillation_cost": 3.0702173910827764, "completition_cost": 1000.0, "overshoot_cost": 163.03267527900715, "power_cost": 29.2841830078125, "noise_cost": 114.32057453234201, "n_waypoints_completed": 0, "tot_waypoints": 9}}
{"target": -200.25023879815046, "params": {"k_pid_pos": [1.0031316701085804, 0.024859491386256316, 0.40092638265648595], "k_pid_alt": [1.7297729984189598, 0.0, 0.06527723447865985], "k_pid_att": [37.12179941719916, 1.9360914828558924, 0.666719676683535], "k_pid_yaw": [0.5, 1e-06, 0.1], "k_pid_hsp": [0.09847755819799779, 0.011264223901387349, 0.0], "k_pid_vsp": [264.9966777379314, 307.0029666248519, 130.14958620146152]}, "datetime": {"datetime": "2025-08-12 03:16:12", "elapsed": 39052.18198156357, "delta": 21.413094520568848}, "costs": {"total_cost": 200.25023879815046, "time_cost": 77.497, "final_distance_cost": 1.8107817524523797, "oscillation_cost": 25.514126799009, "completition_cost": 0.0, "overshoot_cost": 55.55088564517811, "power_cost": 20.065147082519534, "noise_cost": 19.812297518991432, "n_waypoints_completed": 9, "tot_waypoints": 9}}
{"target": -194.8183831127903, "params": {"k_pid_pos": [1.0031316701085804, 0.024859491386256316, 0.40092638265648595], "k_pid_alt": [1.7297729984189598, 0.9122972269856637, 0.06527723447865985], "k_pid_att": [21.98704379498816, 5.859554809351448, 0.666719676683535], "k_pid_yaw": [0.5, 1e-06, 0.1], "k_pid_hsp": [0.09847755819799779, 0.011264223901387349, 0.0], "k_pid_vsp": [264.9966777379314, 140.03862743104432, 2.77343605205192]}, "datetime": {"datetime": "2025-08-12 03:16:32", "elapsed": 39071.44383144379, "delta": 19.261849880218506}, "costs": {"total_cost": 194.8183831127903, "time_cost": 76.181, "final_distance_cost": 1.8114893071224547, "oscillation_cost": 27.87049777362077, "completition_cost": 0.0, "overshoot_cost": 52.34051252523737, "power_cost": 15.278652880859376, "noise_cost": 21.336230625950332, "n_waypoints_completed": 9, "tot_waypoints": 9}}
{"target": -183.92287101676501, "params": {"k_pid_pos": [1.0031316701085804, 0.024859491386256316, 0.40092638265648595], "k_pid_alt": [1.7297729984189598, 0.0, 0.5405957282041112], "k_pid_att": [25.463483275157817, 5.859554809351448, 0.666719676683535], "k_pid_yaw": [0.5, 1e-06, 0.1], "k_pid_hsp": [0.09847755819799779, 0.011264223901387349, 0.0], "k_pid_vsp": [264.9966777379314, 140.03862743104432, 2.77343605205192]}, "datetime": {"datetime": "2025-08-12 03:16:50", "elapsed": 39090.12311339378, "delta": 18.67928194999695}, "costs": {"total_cost": 183.92287101676501, "time_cost": 70.679, "final_distance_cost": 1.8232748965251413, "oscillation_cost": 25.9540937782763, "completition_cost": 0.0, "overshoot_cost": 50.35332641340457, "power_cost": 14.232009375, "noise_cost": 20.881166553559005, "n_waypoints_completed": 9, "tot_waypoints": 9}}
{"target": -191.32803988283774, "params": {"k_pid_pos": [1.0031316701085804, 0.2554604167081139, 0.5055607170423029], "k_pid_alt": [1.7297729984189598, 0.0, 0.5405957282041112], "k_pid_att": [25.463483275157817, 5.859554809351448, 0.666719676683535], "k_pid_yaw": [0.5, 1e-06, 0.1], "k_pid_hsp": [0.09847755819799779, 0.011264223901387349, 0.0], "k_pid_vsp": [264.9966777379314, 140.03862743104432, 2.77343605205192]}, "datetime": {"datetime": "2025-08-12 03:17:10", "elapsed": 39109.620211839676, "delta": 19.497098445892334}, "costs": {"total_cost": 191.32803988283774, "time_cost": 74.83, "final_distance_cost": 1.8139628337118958, "oscillation_cost": 26.268142529412337, "completition_cost": 0.0, "overshoot_cost": 51.35593453625561, "power_cost": 15.038427600097657, "noise_cost": 22.021572383360265, "n_waypoints_completed": 9, "tot_waypoints": 9}}
{"target": -202.12058492195987, "params": {"k_pid_pos": [1.0031316701085804, 0.47620257154743195, 0.40092638265648595], "k_pid_alt": [1.9160597436741602, 0.0, 0.06527723447865985], "k_pid_att": [54.227890723214855, 5.859554809351448, 0.666719676683535], "k_pid_yaw": [0.5, 1e-06, 0.1], "k_pid_hsp": [0.09847755819799779, 0.011264223901387349, 0.0], "k_pid_vsp": [264.9966777379314, 140.03862743104432, 2.77343605205192]}, "datetime": {"datetime": "2025-08-12 03:17:30", "elapsed": 39129.98287129402, "delta": 20.362659454345703}, "costs": {"total_cost": 202.12058492195987, "time_cost": 79.436, "final_distance_cost": 1.7614988828854314, "oscillation_cost": 29.58425816676924, "completition_cost": 0.0, "overshoot_cost": 52.29804470252647, "power_cost": 16.091315405273438, "noise_cost": 22.949467764505297, "n_waypoints_completed": 9, "tot_waypoints": 9}}
{"target": -183.684542932298, "params": {"k_pid_pos": [1.0031316701085804, 0.024859491386256316, 0.40092638265648595], "k_pid_alt": [1.7297729984189598, 0.0, 0.06527723447865985], "k_pid_att": [54.227890723214855, 1.1166001057131414, 0.666719676683535], "k_pid_yaw": [0.5, 1e-06, 0.1], "k_pid_hsp": [0.09847755819799779, 0.011264223901387349, 0.0], "k_pid_vsp": [264.9966777379314, 140.03862743104432, 2.77343605205192]}, "datetime": {"datetime": "2025-08-12 03:17:49", "elapsed": 39149.07660794258, "delta": 19.09373664855957}, "costs": {"total_cost": 183.684542932298, "time_cost": 70.182, "final_distance_cost": 1.8201649118781291, "oscillation_cost": 25.58764043525973, "completition_cost": 0.0, "overshoot_cost": 50.85352472845472, "power_cost": 14.207031005859376, "noise_cost": 21.034181850846057, "n_waypoints_completed": 9, "tot_waypoints": 9}}
{"target": -189.22063650793905, "params": {"k_pid_pos": [1.0031316701085804, 0.024859491386256316, 0.40092638265648595], "k_pid_alt": [1.235506431643923, 0.4962104186333234, 0.39033212468778067], "k_pid_att": [37.12179941719916, 5.859554809351448, 0.7777404808096422], "k_pid_yaw": [0.5, 1e-06, 0.1], "k_pid_hsp": [0.09847755819799779, 0.011264223901387349, 0.0], "k_pid_vsp": [66.77612754735902, 140.03862743104432, 2.77343605205192]}, "datetime": {"datetime": "2025-08-12 03:18:08", "elapsed": 39167.583587646484, "delta": 18.5069797039032}, "costs": {"total_cost": 189.22063650793905, "time_cost": 73.717, "final_distance_cost": 1.8041197839317515, "oscillation_cost": 27.00160239405338, "completition_cost": 0.0, "overshoot_cost": 51.118622802529664, "power_cost": 14.55889482421875, "noise_cost": 21.020396703205503, "n_waypoints_completed": 9, "tot_waypoints": 9}}
{"target": -1881.0219281989268, "params": {"k_pid_pos": [1.0031316701085804, 0.4420512236420855, 0.40092638265648595], "k_pid_alt": [1.7297729984189598, 0.0, 0.06527723447865985], "k_pid_att": [54.227890723214855, 5.859554809351448, 0.666719676683535], "k_pid_yaw": [0.5, 1e-06, 0.1], "k_pid_hsp": [0.09847755819799779, 0.011264223901387349, 0.2242203254248294], "k_pid_vsp": [264.9966777379314, 140.03862743104432, 2.77343605205192]}, "datetime": {"datetime": "2025-08-12 03:18:39", "elapsed": 39199.00263595581, "delta": 31.419048309326172}, "costs": {"total_cost": 1881.0219281989268, "time_cost": 150, "final_distance_cost": 76.38708692476048, "oscillation_cost": 803.3635899713789, "completition_cost": 666.6666666666667, "overshoot_cost": 121.42683634192527, "power_cost": 33.08354896240235, "noise_cost": 30.09419933179307, "n_waypoints_completed": 3, "tot_waypoints": 9}}
{"target": -913.1017015563593, "params": {"k_pid_pos": [1.0031316701085804, 0.024859491386256316, 0.40092638265648595], "k_pid_alt": [1.7297729984189598, 0.0, 0.06527723447865985], "k_pid_att": [54.227890723214855, 2.4733576543945865, 0.666719676683535], "k_pid_yaw": [0.5, 1e-06, 0.1], "k_pid_hsp": [0.09847755819799779, 0.9795808776675899, 0.0], "k_pid_vsp": [365.3854220855408, 140.03862743104432, 2.77343605205192]}, "datetime": {"datetime": "2025-08-12 03:19:11", "elapsed": 39231.368815898895, "delta": 32.36617994308472}, "costs": {"total_cost": 913.1017015563593, "time_cost": 150, "final_distance_cost": 52.0404531748966, "oscillation_cost": 131.86961006832664, "completition_cost": 444.4444444444444, "overshoot_cost": 66.39027650452744, "power_cost": 33.56228836669922, "noise_cost": 34.79462899746504, "n_waypoints_completed": 5, "tot_waypoints": 9}}
{"target": -1400.4840412240312, "params": {"k_pid_pos": [1.0031316701085804, 0.024859491386256316, 0.40092638265648595], "k_pid_alt": [1.7297729984189598, 0.0, 0.06527723447865985], "k_pid_att": [12.665511903358361, 5.859554809351448, 0.20497828334174084], "k_pid_yaw": [0.5, 1e-06, 0.1], "k_pid_hsp": [0.09847755819799779, 0.011264223901387349, 0.632766644436895], "k_pid_vsp": [121.11927891757475, 140.03862743104432, 2.77343605205192]}, "datetime": {"datetime": "2025-08-12 03:19:48", "elapsed": 39267.78939461708, "delta": 36.420578718185425}, "costs": {"total_cost": 1400.4840412240312, "time_cost": 150, "final_distance_cost": 34.111802127438885, "oscillation_cost": 492.89462694546665, "completition_cost": 555.5555555555555, "overshoot_cost": 109.07463570291199, "power_cost": 26.728490466308596, "noise_cost": 32.11893042634934, "n_waypoints_completed": 4, "tot_waypoints": 9}}
{"target": -312.6714570068033, "params": {"k_pid_pos": [1.1656520391797218, 0.024859491386256316, 0.40092638265648595], "k_pid_alt": [1.7297729984189598, 0.35334007319765726, 0.06527723447865985], "k_pid_att": [54.227890723214855, 5.859554809351448, 0.666719676683535], "k_pid_yaw": [0.5, 1e-06, 0.1], "k_pid_hsp": [0.09847755819799779, 0.27564764684121745, 0.0], "k_pid_vsp": [264.9966777379314, 140.03862743104432, 2.77343605205192]}, "datetime": {"datetime": "2025-08-12 03:20:13", "elapsed": 39292.65790557861, "delta": 24.868510961532593}, "costs": {"total_cost": 312.6714570068033, "time_cost": 95.025, "final_distance_cost": 1.7935799109598045, "oscillation_cost": 105.5882710869449, "completition_cost": 0.0, "overshoot_cost": 58.93543227594504, "power_cost": 23.46872861328125, "noise_cost": 27.86044511967225, "n_waypoints_completed": 9, "tot_waypoints": 9}}
{"target": -183.684542932298, "params": {"k_pid_pos": [1.0031316701085804, 0.024859491386256316, 0.40092638265648595], "k_pid_alt": [1.7297729984189598, 0.0, 0.06527723447865985], "k_pid_att": [54.227890723214855, 1.1166001057131414, 0.666719676683535], "k_pid_yaw": [0.5, 1e-06, 0.1], "k_pid_hsp": [0.09847755819799779, 0.011264223901387349, 0.0], "k_pid_vsp": [264.9966777379314, 140.03862743104432, 2.77343605205192]}, "datetime": {"datetime": "2025-08-12 03:20:30", "elapsed": 39310.2792403698, "delta": 17.62133479118347}, "costs": {"total_cost": 183.684542932298, "time_cost": 70.182, "final_distance_cost": 1.8201649118781291, "oscillation_cost": 25.58764043525973, "completition_cost": 0.0, "overshoot_cost": 50.85352472845472, "power_cost": 14.207031005859376, "noise_cost": 21.034181850846057, "n_waypoints_completed": 9, "tot_waypoints": 9}}
{"target": -194.9961132117214, "params": {"k_pid_pos": [1.0031316701085804, 0.024859491386256316, 0.40092638265648595], "k_pid_alt": [1.7297729984189598, 0.33621624490630797, 0.06527723447865985], "k_pid_att": [54.227890723214855, 0.7020553479349817, 0.666719676683535], "k_pid_yaw": [0.5, 1e-06, 0.1], "k_pid_hsp": [0.09847755819799779, 0.011264223901387349, 0.0], "k_pid_vsp": [264.9966777379314, 133.5444163149646, 2.77343605205192]}, "datetime": {"datetime": "2025-08-12 03:20:51", "elapsed": 39331.101689100266, "delta": 20.82244873046875}, "costs": {"total_cost": 194.9961132117214, "time_cost": 78.32300000000001, "final_distance_cost": 1.7700886436097278, "oscillation_cost": 25.92870187884254, "completition_cost": 0.0, "overshoot_cost": 51.249822812894756, "power_cost": 15.261742602539064, "noise_cost": 22.462757273835276, "n_waypoints_completed": 9, "tot_waypoints": 9}}
{"target": -258.8283001392644, "params": {"k_pid_pos": [1.0031316701085804, 0.024859491386256316, 0.40092638265648595], "k_pid_alt": [1.7297729984189598, 0.0, 0.06527723447865985], "k_pid_att": [54.227890723214855, 5.859554809351448, 0.666719676683535], "k_pid_yaw": [0.5, 1e-06, 0.1], "k_pid_hsp": [0.09847755819799779, 0.011264223901387349, 0.0], "k_pid_vsp": [264.9966777379314, 140.03862743104432, 137.96362976556017]}, "datetime": {"datetime": "2025-08-12 03:21:19", "elapsed": 39359.20273256302, "delta": 28.101043462753296}, "costs": {"total_cost": 258.8283001392644, "time_cost": 106.141, "final_distance_cost": 1.8378349206499616, "oscillation_cost": 26.64850981047386, "completition_cost": 0.0, "overshoot_cost": 70.53185515841031, "power_cost": 27.01528192138672, "noise_cost": 26.653818328343558, "n_waypoints_completed": 9, "tot_waypoints": 9}}
{"target": -222.2948200627569, "params": {"k_pid_pos": [1.0031316701085804, 0.024859491386256316, 0.40092638265648595], "k_pid_alt": [1.7297729984189598, 0.0, 0.876085735038417], "k_pid_att": [25.463483275157817, 5.859554809351448, 0.666719676683535], "k_pid_yaw": [0.5, 1e-06, 0.1], "k_pid_hsp": [0.09847755819799779, 0.12837695446753306, 0.0], "k_pid_vsp": [264.9966777379314, 140.03862743104432, 2.77343605205192]}, "datetime": {"datetime": "2025-08-12 03:21:39", "elapsed": 39378.858494997025, "delta": 19.655762434005737}, "costs": {"total_cost": 222.2948200627569, "time_cost": 75.60000000000001, "final_distance_cost": 1.8398647757218405, "oscillation_cost": 54.532829037191156, "completition_cost": 0.0, "overshoot_cost": 50.441043671471654, "power_cost": 16.467007275390625, "noise_cost": 23.414075302981647, "n_waypoints_completed": 9, "tot_waypoints": 9}}
{"target": -2068.7627885381503, "params": {"k_pid_pos": [1.0031316701085804, 0.024859491386256316, 0.40092638265648595], "k_pid_alt": [1.2997166638183162, 0.0, 0.06527723447865985], "k_pid_att": [54.227890723214855, 5.859554809351448, 0.666719676683535], "k_pid_yaw": [0.5, 1e-06, 0.1], "k_pid_hsp": [0.09847755819799779, 0.011264223901387349, 0.7511680373897952], "k_pid_vsp": [264.9966777379314, 140.03862743104432, 2.77343605205192]}, "datetime": {"datetime": "2025-08-12 03:22:10", "elapsed": 39410.13483381271, "delta": 31.276338815689087}, "costs": {"total_cost": 2068.7627885381503, "time_cost": 150, "final_distance_cost": 62.791561266846884, "oscillation_cost": 826.0942278584878, "completition_cost": 888.8888888888888, "overshoot_cost": 77.59078212126923, "power_cost": 33.123116638183596, "noise_cost": 30.274211764473982, "n_waypoints_completed": 1, "tot_waypoints": 9}}
{"target": -1851.0469925237023, "params": {"k_pid_pos": [1.1018186029961792, 0.024859491386256316, 0.40092638265648595], "k_pid_alt": [1.7297729984189598, 0.0, 0.06527723447865985], "k_pid_att": [37.12179941719916, 1.9360914828558924, 0.666719676683535], "k_pid_yaw": [0.5, 1e-06, 0.1], "k_pid_hsp": [0.09847755819799779, 0.011264223901387349, 0.27468045426109544], "k_pid_vsp": [264.9966777379314, 140.03862743104432, 2.77343605205192]}, "datetime": {"datetime": "2025-08-12 03:22:43", "elapsed": 39442.4006421566, "delta": 32.26580834388733}, "costs": {"total_cost": 1851.0469925237023, "time_cost": 150, "final_distance_cost": 93.9980577965422, "oscillation_cost": 763.515999424111, "completition_cost": 666.6666666666667, "overshoot_cost": 112.41585218806502, "power_cost": 34.0518930053711, "noise_cost": 30.398523442946544, "n_waypoints_completed": 3, "tot_waypoints": 9}}
