{"target": -911.76020963886, "params": {"k_pid_pos": [1.3885554450422086, 0.024859491386256316, 0.44963268842268056], "k_pid_alt": [1.961806136254105, 0.0, 0.06527723447865985], "k_pid_att": [43.948176657889235, 5.556263249731063, 0.5680009751981364], "k_pid_yaw": [0.5, 1e-06, 0.1], "k_pid_hsp": [0.09847755819799779, 0.6481168050241883, 0.0], "k_pid_vsp": [250.4409247236842, 336.89689932622207, 17.132000594645874]}, "datetime": {"datetime": "2025-08-11 19:38:42", "elapsed": 11601.495063304901, "delta": 29.913302421569824}, "costs": {"total_cost": 911.76020963886, "time_cost": 150, "final_distance_cost": 54.335921806994804, "oscillation_cost": 130.1000776016482, "completition_cost": 444.4444444444444, "overshoot_cost": 64.11109822406215, "power_cost": 35.41376455078125, "noise_cost": 33.35490301092918, "n_waypoints_completed": 5, "tot_waypoints": 9}}
{"target": -186.4272879589659, "params": {"k_pid_pos": [1.3885554450422086, 0.024859491386256316, 0.44963268842268056], "k_pid_alt": [1.961806136254105, 0.0, 0.06527723447865985], "k_pid_att": [43.948176657889235, 3.8677381495188174, 0.1845336041603497], "k_pid_yaw": [0.5, 1e-06, 0.1], "k_pid_hsp": [0.09847755819799779, 0.011264223901387349, 0.0], "k_pid_vsp": [277.2708477836043, 307.0029666248519, 10.0]}, "datetime": {"datetime": "2025-08-11 19:38:59", "elapsed": 11618.727406740189, "delta": 17.232343435287476}, "costs": {"total_cost": 186.4272879589659, "time_cost": 69.391, "final_distance_cost": 1.8120564103810912, "oscillation_cost": 28.825631245985516, "completition_cost": 0.0, "overshoot_cost": 50.73966563920124, "power_cost": 17.946125415039063, "noise_cost": 17.712809248358987, "n_waypoints_completed": 9, "tot_waypoints": 9}}
{"target": -772.2675062240796, "params": {"k_pid_pos": [1.9168537650125603, 0.024859491386256316, 0.44963268842268056], "k_pid_alt": [1.2679502233621702, 0.4729790851720672, 0.4062141140084401], "k_pid_att": [39.909449977216326, 3.8677381495188174, 0.1845336041603497], "k_pid_yaw": [0.5, 1e-06, 0.1], "k_pid_hsp": [0.09847755819799779, 0.7739988220946491, 0.304289828476366], "k_pid_vsp": [250.4409247236842, 336.89689932622207, 17.132000594645874]}, "datetime": {"datetime": "2025-08-11 19:39:29", "elapsed": 11648.932862520218, "delta": 30.205455780029297}, "costs": {"total_cost": 772.2675062240796, "time_cost": 150, "final_distance_cost": 31.804790686831627, "oscillation_cost": 342.6176357382534, "completition_cost": 111.11111111111116, "overshoot_cost": 70.14030169067107, "power_cost": 35.78687589111328, "noise_cost": 30.806791106099034, "n_waypoints_completed": 8, "tot_waypoints": 9}}
{"target": -206.85978212027345, "params": {"k_pid_pos": [1.9168537650125603, 0.024859491386256316, 0.5985106346815843], "k_pid_alt": [1.2679502233621702, 0.7835892709655194, 0.06527723447865985], "k_pid_att": [43.948176657889235, 3.8677381495188174, 0.1845336041603497], "k_pid_yaw": [0.5, 1e-06, 0.1], "k_pid_hsp": [0.09847755819799779, 0.011264223901387349, 0.0], "k_pid_vsp": [216.03222731533768, 139.20520652041523, 10.0]}, "datetime": {"datetime": "2025-08-11 19:39:49", "elapsed": 11669.032080411911, "delta": 20.099217891693115}, "costs": {"total_cost": 206.85978212027345, "time_cost": 78.75, "final_distance_cost": 1.7641159065312064, "oscillation_cost": 34.351337403854124, "completition_cost": 0.0, "overshoot_cost": 52.52180610277644, "power_cost": 20.141293920898438, "noise_cost": 19.331228786213238, "n_waypoints_completed": 9, "tot_waypoints": 9}}
{"target": -186.8074662436736, "params": {"k_pid_pos": [1.3885554450422086, 0.024859491386256316, 0.44963268842268056], "k_pid_alt": [1.2679502233621702, 0.0, 0.06527723447865985], "k_pid_att": [39.909449977216326, 3.8677381495188174, 0.1845336041603497], "k_pid_yaw": [0.5, 1e-06, 0.1], "k_pid_hsp": [0.09847755819799779, 0.011264223901387349, 0.0], "k_pid_vsp": [277.2708477836043, 307.0029666248519, 10.0]}, "datetime": {"datetime": "2025-08-11 19:40:06", "elapsed": 11686.324056148529, "delta": 17.291975736618042}, "costs": {"total_cost": 186.8074662436736, "time_cost": 69.769, "final_distance_cost": 1.8023666288385107, "oscillation_cost": 29.035813215561582, "completition_cost": 0.0, "overshoot_cost": 50.79571817567569, "power_cost": 17.416191833496093, "noise_cost": 17.98837639010171, "n_waypoints_completed": 9, "tot_waypoints": 9}}
{"target": -185.8386537235233, "params": {"k_pid_pos": [1.0031316701085804, 0.024859491386256316, 0.34448922264239656], "k_pid_alt": [1.2679502233621702, 0.0, 0.06527723447865985], "k_pid_att": [24.0942673894178, 3.7802132718527557, 0.1845336041603497], "k_pid_yaw": [0.5, 1e-06, 0.1], "k_pid_hsp": [0.09847755819799779, 0.011264223901387349, 0.0], "k_pid_vsp": [279.31855783528204, 139.20520652041523, 10.0]}, "datetime": {"datetime": "2025-08-11 19:40:25", "elapsed": 11704.49237203598, "delta": 18.168315887451172}, "costs": {"total_cost": 185.8386537235233, "time_cost": 70.378, "final_distance_cost": 1.8229856831293563, "oscillation_cost": 26.417590582805087, "completition_cost": 0.0, "overshoot_cost": 50.95544318380718, "power_cost": 18.184474865722656, "noise_cost": 18.08015940805903, "n_waypoints_completed": 9, "tot_waypoints": 9}}
{"target": -205.7651233257307, "params": {"k_pid_pos": [1.3885554450422086, 0.4372615757381064, 0.44963268842268056], "k_pid_alt": [1.2679502233621702, 0.0, 0.7650179989319748], "k_pid_att": [43.948176657889235, 8.589697399353744, 0.7232883358152038], "k_pid_yaw": [0.5, 1e-06, 0.1], "k_pid_hsp": [0.09847755819799779, 0.011264223901387349, 0.0], "k_pid_vsp": [194.7624155113164, 336.89689932622207, 62.564861685850005]}, "datetime": {"datetime": "2025-08-11 19:40:44", "elapsed": 11724.290292739868, "delta": 19.79792070388794}, "costs": {"total_cost": 205.7651233257307, "time_cost": 79.982, "final_distance_cost": 1.8121323818960229, "oscillation_cost": 31.22327356691943, "completition_cost": 0.0, "overshoot_cost": 52.45938885407131, "power_cost": 21.260487048339844, "noise_cost": 19.02784147450411, "n_waypoints_completed": 9, "tot_waypoints": 9}}
{"target": -194.59669425979678, "params": {"k_pid_pos": [1.3885554450422086, 0.024859491386256316, 0.44963268842268056], "k_pid_alt": [1.2679502233621702, 0.0, 0.06527723447865985], "k_pid_att": [43.948176657889235, 3.8677381495188174, 0.1845336041603497], "k_pid_yaw": [0.5, 1e-06, 0.1], "k_pid_hsp": [0.09847755819799779, 0.011264223901387349, 0.0], "k_pid_vsp": [250.4409247236842, 336.89689932622207, 119.24761092908695]}, "datetime": {"datetime": "2025-08-11 19:41:04", "elapsed": 11743.475029945374, "delta": 19.18473720550537}, "costs": {"total_cost": 194.59669425979678, "time_cost": 73.787, "final_distance_cost": 1.798942900136056, "oscillation_cost": 28.180050558298685, "completition_cost": 0.0, "overshoot_cost": 53.282407183097234, "power_cost": 19.290881860351565, "noise_cost": 18.257411757913204, "n_waypoints_completed": 9, "tot_waypoints": 9}}
{"target": -1135.4584574728963, "params": {"k_pid_pos": [0.06339719641167633, 0.024859491386256316, 0.44963268842268056], "k_pid_alt": [1.961806136254105, 0.0, 0.06527723447865985], "k_pid_att": [43.948176657889235, 3.8677381495188174, 0.1845336041603497], "k_pid_yaw": [0.5, 1e-06, 0.1], "k_pid_hsp": [0.09847755819799779, 0.011264223901387349, 0.0], "k_pid_vsp": [154.63063811092618, 139.20520652041523, 10.0]}, "datetime": {"datetime": "2025-08-11 19:41:33", "elapsed": 11773.299825668335, "delta": 29.824795722961426}, "costs": {"total_cost": 1135.4584574728963, "time_cost": 150, "final_distance_cost": 84.75180711906519, "oscillation_cost": 2.7512032975614704, "completition_cost": 777.7777777777778, "overshoot_cost": 64.32922441525125, "power_cost": 29.301742529296877, "noise_cost": 26.546702333943564, "n_waypoints_completed": 2, "tot_waypoints": 9}}
{"target": -185.64147114525554, "params": {"k_pid_pos": [1.0031316701085804, 0.024859491386256316, 0.44963268842268056], "k_pid_alt": [1.2679502233621702, 0.0, 0.06527723447865985], "k_pid_att": [24.0942673894178, 0.0889010446451618, 0.1845336041603497], "k_pid_yaw": [0.5, 1e-06, 0.1], "k_pid_hsp": [0.09847755819799779, 0.011264223901387349, 0.0], "k_pid_vsp": [179.49655965827282, 336.89689932622207, 62.564861685850005]}, "datetime": {"datetime": "2025-08-11 19:41:51", "elapsed": 11790.629162549973, "delta": 17.329336881637573}, "costs": {"total_cost": 185.64147114525554, "time_cost": 70.882, "final_distance_cost": 1.8275732563181404, "oscillation_cost": 25.86642729583045, "completition_cost": 0.0, "overshoot_cost": 51.10373185575234, "power_cost": 18.330737243652344, "noise_cost": 17.631001493702254, "n_waypoints_completed": 9, "tot_waypoints": 9}}
{"target": -185.4759441536794, "params": {"k_pid_pos": [1.0031316701085804, 0.024859491386256316, 0.44963268842268056], "k_pid_alt": [1.2679502233621702, 0.0, 0.06527723447865985], "k_pid_att": [43.948176657889235, 3.7802132718527557, 0.1845336041603497], "k_pid_yaw": [0.5, 1e-06, 0.1], "k_pid_hsp": [0.09847755819799779, 0.011264223901387349, 0.0], "k_pid_vsp": [279.31855783528204, 336.89689932622207, 62.564861685850005]}, "datetime": {"datetime": "2025-08-11 19:42:08", "elapsed": 11807.915534734726, "delta": 17.286372184753418}, "costs": {"total_cost": 185.4759441536794, "time_cost": 70.812, "final_distance_cost": 1.8291113049913463, "oscillation_cost": 25.875958409826, "completition_cost": 0.0, "overshoot_cost": 50.95316665410409, "power_cost": 18.24726290283203, "noise_cost": 17.758444881925925, "n_waypoints_completed": 9, "tot_waypoints": 9}}
{"target": -185.33044657481065, "params": {"k_pid_pos": [1.0031316701085804, 0.024859491386256316, 0.44963268842268056], "k_pid_alt": [1.2679502233621702, 0.0, 0.06527723447865985], "k_pid_att": [24.0942673894178, 1.109420231168994, 0.1845336041603497], "k_pid_yaw": [0.5, 1e-06, 0.1], "k_pid_hsp": [0.09847755819799779, 0.011264223901387349, 0.0], "k_pid_vsp": [105.92349492693351, 336.89689932622207, 62.564861685850005]}, "datetime": {"datetime": "2025-08-11 19:42:25", "elapsed": 11825.231804132462, "delta": 17.316269397735596}, "costs": {"total_cost": 185.33044657481065, "time_cost": 70.854, "final_distance_cost": 1.8337788793306524, "oscillation_cost": 25.941144744049392, "completition_cost": 0.0, "overshoot_cost": 50.918218141796665, "power_cost": 18.37493731689453, "noise_cost": 17.4083674927394, "n_waypoints_completed": 9, "tot_waypoints": 9}}
{"target": -184.9985303697798, "params": {"k_pid_pos": [1.0031316701085804, 0.024859491386256316, 0.44963268842268056], "k_pid_alt": [1.2679502233621702, 0.0, 0.06527723447865985], "k_pid_att": [24.0942673894178, 3.7802132718527557, 0.1845336041603497], "k_pid_yaw": [0.5, 1e-06, 0.1], "k_pid_hsp": [0.09847755819799779, 0.011264223901387349, 0.0], "k_pid_vsp": [279.31855783528204, 336.89689932622207, 62.564861685850005]}, "datetime": {"datetime": "2025-08-11 19:42:43", "elapsed": 11842.955909252167, "delta": 17.7241051197052}, "costs": {"total_cost": 184.9985303697798, "time_cost": 70.756, "final_distance_cost": 1.8296624898101252, "oscillation_cost": 25.92040249377883, "completition_cost": 0.0, "overshoot_cost": 50.67362444698116, "power_cost": 18.17354315185547, "noise_cost": 17.645297787354224, "n_waypoints_completed": 9, "tot_waypoints": 9}}
{"target": -185.02127969655518, "params": {"k_pid_pos": [1.0031316701085804, 0.024859491386256316, 0.44963268842268056], "k_pid_alt": [1.2679502233621702, 0.0, 0.06527723447865985], "k_pid_att": [24.0942673894178, 3.7802132718527557, 0.837110513405392], "k_pid_yaw": [0.5, 1e-06, 0.1], "k_pid_hsp": [0.09847755819799779, 0.011264223901387349, 0.0], "k_pid_vsp": [250.4409247236842, 336.89689932622207, 10.0]}, "datetime": {"datetime": "2025-08-11 19:43:01", "elapsed": 11860.995770692825, "delta": 18.03986144065857}, "costs": {"total_cost": 185.02127969655518, "time_cost": 70.609, "final_distance_cost": 1.8329536468214793, "oscillation_cost": 26.086405708455946, "completition_cost": 0.0, "overshoot_cost": 50.52442517341813, "power_cost": 18.042136340332032, "noise_cost": 17.926358827527583, "n_waypoints_completed": 9, "tot_waypoints": 9}}
{"target": -185.30778773307898, "params": {"k_pid_pos": [1.0031316701085804, 0.024859491386256316, 0.44963268842268056], "k_pid_alt": [1.2679502233621702, 0.0, 0.06527723447865985], "k_pid_att": [24.0942673894178, 3.7802132718527557, 0.837110513405392], "k_pid_yaw": [0.5, 1e-06, 0.1], "k_pid_hsp": [0.09847755819799779, 0.011264223901387349, 0.0], "k_pid_vsp": [250.4409247236842, 336.89689932622207, 62.564861685850005]}, "datetime": {"datetime": "2025-08-11 19:43:19", "elapsed": 11878.459021568298, "delta": 17.463250875473022}, "costs": {"total_cost": 185.30778773307898, "time_cost": 70.819, "final_distance_cost": 1.8351135474295652, "oscillation_cost": 25.527013680033456, "completition_cost": 0.0, "overshoot_cost": 51.171672496001875, "power_cost": 18.271016625976564, "noise_cost": 17.683971383637516, "n_waypoints_completed": 9, "tot_waypoints": 9}}
{"target": -186.97844230808698, "params": {"k_pid_pos": [1.3885554450422086, 0.024859491386256316, 0.44963268842268056], "k_pid_alt": [1.961806136254105, 0.0, 0.8348396761435622], "k_pid_att": [43.948176657889235, 3.8677381495188174, 0.1845336041603497], "k_pid_yaw": [0.5, 1e-06, 0.1], "k_pid_hsp": [0.09847755819799779, 0.011264223901387349, 0.0], "k_pid_vsp": [277.2708477836043, 307.0029666248519, 10.0]}, "datetime": {"datetime": "2025-08-11 19:43:36", "elapsed": 11896.205589056015, "delta": 17.746567487716675}, "costs": {"total_cost": 186.97844230808698, "time_cost": 70.14, "final_distance_cost": 1.8279712516635143, "oscillation_cost": 28.991856635851274, "completition_cost": 0.0, "overshoot_cost": 50.36335116992436, "power_cost": 17.949541284179688, "noise_cost": 17.705721966468158, "n_waypoints_completed": 9, "tot_waypoints": 9}}
{"target": -211.41004262568734, "params": {"k_pid_pos": [1.0031316701085804, 0.024859491386256316, 0.44963268842268056], "k_pid_alt": [1.2679502233621702, 0.0, 0.06527723447865985], "k_pid_att": [43.948176657889235, 3.7802132718527557, 0.1845336041603497], "k_pid_yaw": [0.5, 1e-06, 0.1], "k_pid_hsp": [3.3560449345655647, 0.011264223901387349, 0.0], "k_pid_vsp": [279.31855783528204, 336.89689932622207, 37.23086544794797]}, "datetime": {"datetime": "2025-08-11 19:43:55", "elapsed": 11915.058653831482, "delta": 18.85306477546692}, "costs": {"total_cost": 211.41004262568734, "time_cost": 73.388, "final_distance_cost": 1.8514035940553348, "oscillation_cost": 47.500702518862845, "completition_cost": 0.0, "overshoot_cost": 50.50153504437364, "power_cost": 19.23450819091797, "noise_cost": 18.93389327747753, "n_waypoints_completed": 9, "tot_waypoints": 9}}
{"target": -184.9985303697798, "params": {"k_pid_pos": [1.0031316701085804, 0.024859491386256316, 0.44963268842268056], "k_pid_alt": [1.2679502233621702, 0.0, 0.06527723447865985], "k_pid_att": [24.0942673894178, 3.7802132718527557, 0.1845336041603497], "k_pid_yaw": [0.5, 1e-06, 0.1], "k_pid_hsp": [0.09847755819799779, 0.011264223901387349, 0.0], "k_pid_vsp": [279.31855783528204, 336.89689932622207, 62.564861685850005]}, "datetime": {"datetime": "2025-08-11 19:44:13", "elapsed": 11933.137249231339, "delta": 18.078595399856567}, "costs": {"total_cost": 184.9985303697798, "time_cost": 70.756, "final_distance_cost": 1.8296624898101252, "oscillation_cost": 25.92040249377883, "completition_cost": 0.0, "overshoot_cost": 50.67362444698116, "power_cost": 18.17354315185547, "noise_cost": 17.645297787354224, "n_waypoints_completed": 9, "tot_waypoints": 9}}
{"target": -185.02127969655518, "params": {"k_pid_pos": [1.0031316701085804, 0.024859491386256316, 0.44963268842268056], "k_pid_alt": [1.2679502233621702, 0.0, 0.06527723447865985], "k_pid_att": [24.0942673894178, 3.7802132718527557, 0.837110513405392], "k_pid_yaw": [0.5, 1e-06, 0.1], "k_pid_hsp": [0.09847755819799779, 0.011264223901387349, 0.0], "k_pid_vsp": [250.4409247236842, 336.89689932622207, 10.0]}, "datetime": {"datetime": "2025-08-11 19:44:31", "elapsed": 11950.682687997818, "delta": 17.545438766479492}, "costs": {"total_cost": 185.02127969655518, "time_cost": 70.609, "final_distance_cost": 1.8329536468214793, "oscillation_cost": 26.086405708455946, "completition_cost": 0.0, "overshoot_cost": 50.52442517341813, "power_cost": 18.042136340332032, "noise_cost": 17.926358827527583, "n_waypoints_completed": 9, "tot_waypoints": 9}}
{"target": -186.83530603268557, "params": {"k_pid_pos": [1.0031316701085804, 0.024859491386256316, 0.44963268842268056], "k_pid_alt": [1.2679502233621702, 0.0, 0.7341880218690575], "k_pid_att": [43.948176657889235, 3.7802132718527557, 0.6954414552103283], "k_pid_yaw": [0.5, 1e-06, 0.1], "k_pid_hsp": [0.09847755819799779, 0.011264223901387349, 0.0], "k_pid_vsp": [279.31855783528204, 336.89689932622207, 62.564861685850005]}, "datetime": {"datetime": "2025-08-11 19:44:49", "elapsed": 11968.44389295578, "delta": 17.761204957962036}, "costs": {"total_cost": 186.83530603268557, "time_cost": 72.107, "final_distance_cost": 1.8412479371030217, "oscillation_cost": 25.78012828603523, "completition_cost": 0.0, "overshoot_cost": 50.729613037919556, "power_cost": 18.8713388671875, "noise_cost": 17.505977904440265, "n_waypoints_completed": 9, "tot_waypoints": 9}}
{"target": -285.9258738572755, "params": {"k_pid_pos": [1.0031316701085804, 0.024859491386256316, 0.7180997852669284], "k_pid_alt": [0.6046773907049969, 0.0, 0.06527723447865985], "k_pid_att": [24.0942673894178, 3.7802132718527557, 0.1845336041603497], "k_pid_yaw": [0.5, 1e-06, 0.1], "k_pid_hsp": [6.3710770224823925, 0.011264223901387349, 0.0], "k_pid_vsp": [279.31855783528204, 336.89689932622207, 10.0]}, "datetime": {"datetime": "2025-08-11 19:45:10", "elapsed": 11989.623390674591, "delta": 21.179497718811035}, "costs": {"total_cost": 285.9258738572755, "time_cost": 82.97800000000001, "final_distance_cost": 1.8549987954736022, "oscillation_cost": 107.41018973760981, "completition_cost": 0.0, "overshoot_cost": 51.09545184127588, "power_cost": 20.82065115966797, "noise_cost": 21.76658232324828, "n_waypoints_completed": 9, "tot_waypoints": 9}}
{"target": -229.86243942334698, "params": {"k_pid_pos": [0.5692387081849184, 0.024859491386256316, 0.31939348815736834], "k_pid_alt": [1.636508049307729, 0.0, 0.06527723447865985], "k_pid_att": [58.989274729095186, 0.7200504618080176, 0.9166398602394554], "k_pid_yaw": [0.5, 1e-06, 0.1], "k_pid_hsp": [0.09847755819799779, 0.1601774916667501, 0.0], "k_pid_vsp": [194.7624155113164, 307.0029666248519, 62.564861685850005]}, "datetime": {"datetime": "2025-08-11 19:45:30", "elapsed": 12009.636221408844, "delta": 20.01283073425293}, "costs": {"total_cost": 229.86243942334698, "time_cost": 81.84400000000001, "final_distance_cost": 1.8522620179756064, "oscillation_cost": 49.55717300421711, "completition_cost": 0.0, "overshoot_cost": 53.03461000517533, "power_cost": 21.414802478027344, "noise_cost": 22.159591917951573, "n_waypoints_completed": 9, "tot_waypoints": 9}}
{"target": -202.6374592690091, "params": {"k_pid_pos": [1.0031316701085804, 0.4270214819009781, 0.40092638265648595], "k_pid_alt": [1.2679502233621702, 0.0, 0.06527723447865985], "k_pid_att": [24.0942673894178, 3.7802132718527557, 0.837110513405392], "k_pid_yaw": [0.5, 1e-06, 0.1], "k_pid_hsp": [0.09847755819799779, 0.011264223901387349, 0.0], "k_pid_vsp": [250.4409247236842, 336.89689932622207, 62.564861685850005]}, "datetime": {"datetime": "2025-08-11 19:45:49", "elapsed": 12029.115586519241, "delta": 19.47936511039734}, "costs": {"total_cost": 202.6374592690091, "time_cost": 79.345, "final_distance_cost": 1.7680212351306315, "oscillation_cost": 28.771969613531226, "completition_cost": 0.0, "overshoot_cost": 52.76659507877919, "power_cost": 20.54976953125, "noise_cost": 19.436103810318055, "n_waypoints_completed": 9, "tot_waypoints": 9}}
{"target": -1458.838429192645, "params": {"k_pid_pos": [1.3885554450422086, 0.024859491386256316, 0.44963268842268056], "k_pid_alt": [1.3131013039922512, 0.0, 0.8432543631122329], "k_pid_att": [24.0942673894178, 3.7802132718527557, 0.837110513405392], "k_pid_yaw": [0.5, 1e-06, 0.1], "k_pid_hsp": [0.09847755819799779, 0.011264223901387349, 0.0], "k_pid_vsp": [250.4409247236842, 336.89689932622207, 297.58217656473335]}, "datetime": {"datetime": "2025-08-11 19:46:19", "elapsed": 12059.049893140793, "delta": 29.934306621551514}, "costs": {"total_cost": 1458.838429192645, "time_cost": 150, "final_distance_cost": 0.9987585222959526, "oscillation_cost": 4.138791501194773, "completition_cost": 1000.0, "overshoot_cost": 162.62060472360275, "power_cost": 29.37512537841797, "noise_cost": 111.70514906713345, "n_waypoints_completed": 0, "tot_waypoints": 9}}
{"target": -185.0211184874019, "params": {"k_pid_pos": [1.0031316701085804, 0.024859491386256316, 0.44963268842268056], "k_pid_alt": [1.2679502233621702, 0.0, 0.06527723447865985], "k_pid_att": [43.948176657889235, 3.7802132718527557, 0.8257697299075593], "k_pid_yaw": [0.5, 1e-06, 0.1], "k_pid_hsp": [0.09847755819799779, 0.011264223901387349, 0.0], "k_pid_vsp": [279.31855783528204, 317.0669739011019, 62.564861685850005]}, "datetime": {"datetime": "2025-08-11 19:46:37", "elapsed": 12076.714190244675, "delta": 17.664297103881836}, "costs": {"total_cost": 185.0211184874019, "time_cost": 70.82600000000001, "final_distance_cost": 1.8322173405854638, "oscillation_cost": 25.37008744530929, "completition_cost": 0.0, "overshoot_cost": 51.123972308447186, "power_cost": 18.165196044921874, "noise_cost": 17.703645348138078, "n_waypoints_completed": 9, "tot_waypoints": 9}}
