{"target": -185.0676941926405, "params": {"k_pid_pos": [1.0031316701085804, 0.024859491386256316, 0.44963268842268056], "k_pid_alt": [1.2679502233621702, 0.0, 0.06527723447865985], "k_pid_att": [24.0942673894178, 3.7802132718527557, 0.34464953207076743], "k_pid_yaw": [0.5, 1e-06, 0.1], "k_pid_hsp": [0.09847755819799779, 0.011264223901387349, 0.0], "k_pid_vsp": [279.31855783528204, 336.89689932622207, 62.564861685850005]}, "datetime": {"datetime": "2025-08-11 20:22:56", "elapsed": 14255.58192372322, "delta": 17.65679955482483}, "costs": {"total_cost": 185.0676941926405, "time_cost": 70.784, "final_distance_cost": 1.8399757222932425, "oscillation_cost": 25.622000418870183, "completition_cost": 0.0, "overshoot_cost": 50.77106459873329, "power_cost": 18.256994580078125, "noise_cost": 17.793658872665617, "n_waypoints_completed": 9, "tot_waypoints": 9}}
{"target": -184.9985303697798, "params": {"k_pid_pos": [1.0031316701085804, 0.024859491386256316, 0.44963268842268056], "k_pid_alt": [1.2679502233621702, 0.0, 0.06527723447865985], "k_pid_att": [24.0942673894178, 3.7802132718527557, 0.1845336041603497], "k_pid_yaw": [0.5, 1e-06, 0.1], "k_pid_hsp": [0.09847755819799779, 0.011264223901387349, 0.0], "k_pid_vsp": [279.31855783528204, 336.89689932622207, 62.564861685850005]}, "datetime": {"datetime": "2025-08-11 20:23:14", "elapsed": 14273.626716852188, "delta": 18.044793128967285}, "costs": {"total_cost": 184.9985303697798, "time_cost": 70.756, "final_distance_cost": 1.8296624898101252, "oscillation_cost": 25.92040249377883, "completition_cost": 0.0, "overshoot_cost": 50.67362444698116, "power_cost": 18.17354315185547, "noise_cost": 17.645297787354224, "n_waypoints_completed": 9, "tot_waypoints": 9}}
{"target": -184.95755125201964, "params": {"k_pid_pos": [1.0031316701085804, 0.024859491386256316, 0.44963268842268056], "k_pid_alt": [1.2679502233621702, 0.0, 0.06527723447865985], "k_pid_att": [24.0942673894178, 3.7802132718527557, 0.1845336041603497], "k_pid_yaw": [0.5, 1e-06, 0.1], "k_pid_hsp": [0.09847755819799779, 0.011264223901387349, 0.0], "k_pid_vsp": [279.31855783528204, 336.89689932622207, 10.0]}, "datetime": {"datetime": "2025-08-11 20:23:31", "elapsed": 14291.343137979507, "delta": 17.716421127319336}, "costs": {"total_cost": 184.95755125201964, "time_cost": 70.623, "final_distance_cost": 1.8412484386288708, "oscillation_cost": 26.256769382353596, "completition_cost": 0.0, "overshoot_cost": 50.57099661611727, "power_cost": 17.82586279296875, "noise_cost": 17.839674021951176, "n_waypoints_completed": 9, "tot_waypoints": 9}}
{"target": -184.50272249521083, "params": {"k_pid_pos": [1.0031316701085804, 0.024859491386256316, 0.40092638265648595], "k_pid_alt": [1.2679502233621702, 0.0, 0.06527723447865985], "k_pid_att": [24.0942673894178, 3.7802132718527557, 0.8792759721912583], "k_pid_yaw": [0.5, 1e-06, 0.1], "k_pid_hsp": [0.09847755819799779, 0.011264223901387349, 0.0], "k_pid_vsp": [292.94687076665593, 307.0029666248519, 62.564861685850005]}, "datetime": {"datetime": "2025-08-11 20:23:50", "elapsed": 14309.502382516861, "delta": 18.159244537353516}, "costs": {"total_cost": 184.50272249521083, "time_cost": 70.644, "final_distance_cost": 1.829104376330729, "oscillation_cost": 25.622620518994342, "completition_cost": 0.0, "overshoot_cost": 50.75529124833991, "power_cost": 18.076365515136718, "noise_cost": 17.575340836409108, "n_waypoints_completed": 9, "tot_waypoints": 9}}
{"target": -185.18206463007664, "params": {"k_pid_pos": [1.0031316701085804, 0.024859491386256316, 0.44963268842268056], "k_pid_alt": [1.2679502233621702, 0.0, 0.06527723447865985], "k_pid_att": [24.0942673894178, 3.7802132718527557, 0.1845336041603497], "k_pid_yaw": [0.5, 1e-06, 0.1], "k_pid_hsp": [0.09847755819799779, 0.011264223901387349, 0.0], "k_pid_vsp": [279.31855783528204, 330.56020129695656, 62.564861685850005]}, "datetime": {"datetime": "2025-08-11 20:24:07", "elapsed": 14327.375391483307, "delta": 17.873008966445923}, "costs": {"total_cost": 185.18206463007664, "time_cost": 70.791, "final_distance_cost": 1.8380384882407685, "oscillation_cost": 25.775733181975163, "completition_cost": 0.0, "overshoot_cost": 50.866885496417055, "power_cost": 18.20802379150391, "noise_cost": 17.702383671939756, "n_waypoints_completed": 9, "tot_waypoints": 9}}
{"target": -185.65149146304628, "params": {"k_pid_pos": [1.0031316701085804, 0.024859491386256316, 0.44963268842268056], "k_pid_alt": [0.8815334174028542, 0.0, 0.06527723447865985], "k_pid_att": [24.0942673894178, 9.52237692751095, 0.9669350405079173], "k_pid_yaw": [0.5, 1e-06, 0.1], "k_pid_hsp": [0.09847755819799779, 0.005322982040420254, 0.0], "k_pid_vsp": [279.31855783528204, 336.89689932622207, 62.564861685850005]}, "datetime": {"datetime": "2025-08-11 20:24:26", "elapsed": 14345.683787107468, "delta": 18.308395624160767}, "costs": {"total_cost": 185.65149146304628, "time_cost": 71.603, "final_distance_cost": 1.8354511427557536, "oscillation_cost": 25.04783919983122, "completition_cost": 0.0, "overshoot_cost": 51.07894682849016, "power_cost": 18.343617114257814, "noise_cost": 17.74263717771134, "n_waypoints_completed": 9, "tot_waypoints": 9}}
{"target": -627.1477730347615, "params": {"k_pid_pos": [1.0031316701085804, 0.024859491386256316, 0.44963268842268056], "k_pid_alt": [0.8815334174028542, 0.0, 0.06527723447865985], "k_pid_att": [24.0942673894178, 2.79325987156934, 0.9669350405079173], "k_pid_yaw": [0.5, 1e-06, 0.1], "k_pid_hsp": [0.09847755819799779, 0.41463118024342327, 0.48397499846555336], "k_pid_vsp": [279.31855783528204, 336.89689932622207, 62.564861685850005]}, "datetime": {"datetime": "2025-08-11 20:24:55", "elapsed": 14374.529835224152, "delta": 28.84604811668396}, "costs": {"total_cost": 627.1477730347615, "time_cost": 115.535, "final_distance_cost": 1.7662033128386008, "oscillation_cost": 369.7362769833101, "completition_cost": 0.0, "overshoot_cost": 78.99071056092404, "power_cost": 32.27535168457032, "noise_cost": 28.844230493118406, "n_waypoints_completed": 9, "tot_waypoints": 9}}
{"target": -184.50272249521083, "params": {"k_pid_pos": [1.0031316701085804, 0.024859491386256316, 0.40092638265648595], "k_pid_alt": [1.2679502233621702, 0.0, 0.06527723447865985], "k_pid_att": [24.0942673894178, 3.7802132718527557, 0.8792759721912583], "k_pid_yaw": [0.5, 1e-06, 0.1], "k_pid_hsp": [0.09847755819799779, 0.011264223901387349, 0.0], "k_pid_vsp": [292.94687076665593, 307.0029666248519, 62.564861685850005]}, "datetime": {"datetime": "2025-08-11 20:25:13", "elapsed": 14392.934761762619, "delta": 18.404926538467407}, "costs": {"total_cost": 184.50272249521083, "time_cost": 70.644, "final_distance_cost": 1.829104376330729, "oscillation_cost": 25.622620518994342, "completition_cost": 0.0, "overshoot_cost": 50.75529124833991, "power_cost": 18.076365515136718, "noise_cost": 17.575340836409108, "n_waypoints_completed": 9, "tot_waypoints": 9}}
{"target": -184.91787874958192, "params": {"k_pid_pos": [1.0031316701085804, 0.024859491386256316, 0.44963268842268056], "k_pid_alt": [1.795722219278775, 0.0, 0.06527723447865985], "k_pid_att": [24.0942673894178, 3.9650988168623, 0.1845336041603497], "k_pid_yaw": [0.5, 1e-06, 0.1], "k_pid_hsp": [0.09847755819799779, 0.011264223901387349, 0.0], "k_pid_vsp": [279.31855783528204, 336.89689932622207, 62.564861685850005]}, "datetime": {"datetime": "2025-08-11 20:25:31", "elapsed": 14410.584800958633, "delta": 17.650039196014404}, "costs": {"total_cost": 184.91787874958192, "time_cost": 70.686, "final_distance_cost": 1.8324993405074053, "oscillation_cost": 25.497850467437022, "completition_cost": 0.0, "overshoot_cost": 51.01650501657784, "power_cost": 18.168100354003908, "noise_cost": 17.71692357105572, "n_waypoints_completed": 9, "tot_waypoints": 9}}
{"target": -184.95755125201964, "params": {"k_pid_pos": [1.0031316701085804, 0.024859491386256316, 0.44963268842268056], "k_pid_alt": [1.2679502233621702, 0.0, 0.06527723447865985], "k_pid_att": [24.0942673894178, 3.7802132718527557, 0.1845336041603497], "k_pid_yaw": [0.5, 1e-06, 0.1], "k_pid_hsp": [0.09847755819799779, 0.011264223901387349, 0.0], "k_pid_vsp": [279.31855783528204, 336.89689932622207, 10.0]}, "datetime": {"datetime": "2025-08-11 20:25:49", "elapsed": 14428.774384260178, "delta": 18.18958330154419}, "costs": {"total_cost": 184.95755125201964, "time_cost": 70.623, "final_distance_cost": 1.8412484386288708, "oscillation_cost": 26.256769382353596, "completition_cost": 0.0, "overshoot_cost": 50.57099661611727, "power_cost": 17.82586279296875, "noise_cost": 17.839674021951176, "n_waypoints_completed": 9, "tot_waypoints": 9}}
{"target": -185.1351631258779, "params": {"k_pid_pos": [1.0031316701085804, 0.024859491386256316, 0.44963268842268056], "k_pid_alt": [1.2679502233621702, 0.0, 0.06527723447865985], "k_pid_att": [24.0942673894178, 5.200466839336723, 0.8792759721912583], "k_pid_yaw": [0.5, 1e-06, 0.1], "k_pid_hsp": [0.09847755819799779, 0.011264223901387349, 0.0], "k_pid_vsp": [292.94687076665593, 307.0029666248519, 62.564861685850005]}, "datetime": {"datetime": "2025-08-11 20:26:07", "elapsed": 14446.514204025269, "delta": 17.739819765090942}, "costs": {"total_cost": 185.1351631258779, "time_cost": 70.805, "final_distance_cost": 1.8270985225857168, "oscillation_cost": 25.627560166168895, "completition_cost": 0.0, "overshoot_cost": 50.95737300618659, "power_cost": 18.147885681152346, "noise_cost": 17.770245749784362, "n_waypoints_completed": 9, "tot_waypoints": 9}}
{"target": -1054.2520027286764, "params": {"k_pid_pos": [1.0031316701085804, 0.024859491386256316, 0.40092638265648595], "k_pid_alt": [1.2679502233621702, 0.0, 0.06527723447865985], "k_pid_att": [24.0942673894178, 3.7802132718527557, 0.1845336041603497], "k_pid_yaw": [0.5, 1e-06, 0.1], "k_pid_hsp": [8.16063635751994, 0.6723001228405259, 0.0], "k_pid_vsp": [279.31855783528204, 336.89689932622207, 266.8602717538977]}, "datetime": {"datetime": "2025-08-11 20:26:37", "elapsed": 14476.830374479294, "delta": 30.31617045402527}, "costs": {"total_cost": 1054.2520027286764, "time_cost": 150, "final_distance_cost": 45.86275265152764, "oscillation_cost": 202.05731345023045, "completition_cost": 555.5555555555555, "overshoot_cost": 43.148872106073135, "power_cost": 29.928841638183595, "noise_cost": 27.698667327106122, "n_waypoints_completed": 4, "tot_waypoints": 9}}
{"target": -184.50272249521083, "params": {"k_pid_pos": [1.0031316701085804, 0.024859491386256316, 0.40092638265648595], "k_pid_alt": [1.2679502233621702, 0.0, 0.06527723447865985], "k_pid_att": [24.0942673894178, 3.7802132718527557, 0.8792759721912583], "k_pid_yaw": [0.5, 1e-06, 0.1], "k_pid_hsp": [0.09847755819799779, 0.011264223901387349, 0.0], "k_pid_vsp": [292.94687076665593, 307.0029666248519, 62.564861685850005]}, "datetime": {"datetime": "2025-08-11 20:26:54", "elapsed": 14494.34135890007, "delta": 17.510984420776367}, "costs": {"total_cost": 184.50272249521083, "time_cost": 70.644, "final_distance_cost": 1.829104376330729, "oscillation_cost": 25.622620518994342, "completition_cost": 0.0, "overshoot_cost": 50.75529124833991, "power_cost": 18.076365515136718, "noise_cost": 17.575340836409108, "n_waypoints_completed": 9, "tot_waypoints": 9}}
{"target": -217.00949747236936, "params": {"k_pid_pos": [1.9089386119922513, 0.024859491386256316, 0.40092638265648595], "k_pid_alt": [1.2679502233621702, 0.7900467901418512, 0.06527723447865985], "k_pid_att": [24.0942673894178, 3.7802132718527557, 0.8792759721912583], "k_pid_yaw": [0.5, 1e-06, 0.1], "k_pid_hsp": [0.09847755819799779, 0.011264223901387349, 0.0], "k_pid_vsp": [292.94687076665593, 307.0029666248519, 62.564861685850005]}, "datetime": {"datetime": "2025-08-11 20:27:16", "elapsed": 14515.713945388794, "delta": 21.372586488723755}, "costs": {"total_cost": 217.00949747236936, "time_cost": 83.433, "final_distance_cost": 1.7643450640619722, "oscillation_cost": 36.414334802448245, "completition_cost": 0.0, "overshoot_cost": 53.8146425781957, "power_cost": 21.49597008056641, "noise_cost": 20.087204947097035, "n_waypoints_completed": 9, "tot_waypoints": 9}}
{"target": -1039.0651063829541, "params": {"k_pid_pos": [1.0031316701085804, 0.024859491386256316, 0.44963268842268056], "k_pid_alt": [0.2184303292223817, 0.0, 0.06527723447865985], "k_pid_att": [24.0942673894178, 3.7802132718527557, 0.34464953207076743], "k_pid_yaw": [0.5, 1e-06, 0.1], "k_pid_hsp": [0.09847755819799779, 0.9058633555759406, 0.0], "k_pid_vsp": [250.4409247236842, 336.89689932622207, 10.0]}, "datetime": {"datetime": "2025-08-11 20:27:46", "elapsed": 14546.076900720596, "delta": 30.362955331802368}, "costs": {"total_cost": 1039.0651063829541, "time_cost": 150, "final_distance_cost": 48.57232799290873, "oscillation_cost": 130.14451004913468, "completition_cost": 555.5555555555555, "overshoot_cost": 85.74524014007737, "power_cost": 34.24262257080078, "noise_cost": 34.80485007447713, "n_waypoints_completed": 4, "tot_waypoints": 9}}
{"target": -320.2686785176702, "params": {"k_pid_pos": [0.3597277290261015, 0.024859491386256316, 0.44963268842268056], "k_pid_alt": [1.2679502233621702, 0.0, 0.8836694064166667], "k_pid_att": [24.0942673894178, 3.7802132718527557, 0.7085601702185422], "k_pid_yaw": [0.5, 1e-06, 0.1], "k_pid_hsp": [0.09847755819799779, 0.42821208748488515, 0.0], "k_pid_vsp": [279.31855783528204, 336.89689932622207, 62.564861685850005]}, "datetime": {"datetime": "2025-08-11 20:28:14", "elapsed": 14573.694662094116, "delta": 27.617761373519897}, "costs": {"total_cost": 320.2686785176702, "time_cost": 108.528, "final_distance_cost": 1.8614288321816874, "oscillation_cost": 89.45942155866985, "completition_cost": 0.0, "overshoot_cost": 61.330184623596516, "power_cost": 29.14750584716797, "noise_cost": 29.942137656054147, "n_waypoints_completed": 9, "tot_waypoints": 9}}
{"target": -1462.051387843582, "params": {"k_pid_pos": [1.0031316701085804, 0.3975712089613459, 0.44963268842268056], "k_pid_alt": [1.2679502233621702, 0.0, 0.06527723447865985], "k_pid_att": [24.0942673894178, 3.7802132718527557, 0.1845336041603497], "k_pid_yaw": [0.5, 1e-06, 0.1], "k_pid_hsp": [0.09847755819799779, 0.011264223901387349, 0.0], "k_pid_vsp": [69.78513982652785, 336.89689932622207, 294.19030954383476]}, "datetime": {"datetime": "2025-08-11 20:28:44", "elapsed": 14604.1055996418, "delta": 30.410937547683716}, "costs": {"total_cost": 1462.051387843582, "time_cost": 150, "final_distance_cost": 0.998304959643347, "oscillation_cost": 4.177418729731255, "completition_cost": 1000.0, "overshoot_cost": 163.07306758975415, "power_cost": 29.28999938964844, "noise_cost": 114.51259717480478, "n_waypoints_completed": 0, "tot_waypoints": 9}}
{"target": -194.54815068571884, "params": {"k_pid_pos": [1.0031316701085804, 0.3450134284667753, 0.44963268842268056], "k_pid_alt": [1.2679502233621702, 0.0, 0.06527723447865985], "k_pid_att": [24.0942673894178, 3.7802132718527557, 0.1845336041603497], "k_pid_yaw": [0.5, 1e-06, 0.1], "k_pid_hsp": [0.09847755819799779, 0.011264223901387349, 0.0], "k_pid_vsp": [62.378385226605545, 354.88477252185925, 10.0]}, "datetime": {"datetime": "2025-08-11 20:29:03", "elapsed": 14623.056395053864, "delta": 18.9507954120636}, "costs": {"total_cost": 194.54815068571884, "time_cost": 74.424, "final_distance_cost": 1.7995008514319946, "oscillation_cost": 29.793001313824465, "completition_cost": 0.0, "overshoot_cost": 51.03541795210522, "power_cost": 18.590832275390625, "noise_cost": 18.905398292966506, "n_waypoints_completed": 9, "tot_waypoints": 9}}
{"target": -195.26751864712213, "params": {"k_pid_pos": [0.961863204572444, 0.24828414068022808, 0.44963268842268056], "k_pid_alt": [1.2679502233621702, 0.0, 0.06527723447865985], "k_pid_att": [99.39142121730468, 8.257495339612396, 0.1845336041603497], "k_pid_yaw": [0.5, 1e-06, 0.1], "k_pid_hsp": [0.09847755819799779, 0.011264223901387349, 0.0], "k_pid_vsp": [279.31855783528204, 336.89689932622207, 62.564861685850005]}, "datetime": {"datetime": "2025-08-11 20:29:22", "elapsed": 14642.015314817429, "delta": 18.958919763565063}, "costs": {"total_cost": 195.26751864712213, "time_cost": 75.005, "final_distance_cost": 1.8173605316306605, "oscillation_cost": 28.6582650957417, "completition_cost": 0.0, "overshoot_cost": 51.67129422968768, "power_cost": 19.245253308105468, "noise_cost": 18.870345481956633, "n_waypoints_completed": 9, "tot_waypoints": 9}}
{"target": -194.21160798143018, "params": {"k_pid_pos": [1.0011422296428567, 0.024859491386256316, 0.44963268842268056], "k_pid_alt": [1.2679502233621702, 0.0, 0.06527723447865985], "k_pid_att": [24.0942673894178, 3.7802132718527557, 0.1845336041603497], "k_pid_yaw": [0.5, 1e-06, 0.1], "k_pid_hsp": [0.09847755819799779, 0.011264223901387349, 0.0], "k_pid_vsp": [279.31855783528204, 91.73625214486171, 62.564861685850005]}, "datetime": {"datetime": "2025-08-11 20:29:41", "elapsed": 14660.736978292465, "delta": 18.72166347503662}, "costs": {"total_cost": 194.21160798143018, "time_cost": 74.627, "final_distance_cost": 1.8322630106154512, "oscillation_cost": 25.763440651947732, "completition_cost": 0.0, "overshoot_cost": 53.60993350129505, "power_cost": 19.306048266601564, "noise_cost": 19.07292255097037, "n_waypoints_completed": 9, "tot_waypoints": 9}}
{"target": -340.88971663704865, "params": {"k_pid_pos": [1.0031316701085804, 0.024859491386256316, 0.13666630474832364], "k_pid_alt": [1.2679502233621702, 0.0, 0.18554982971348166], "k_pid_att": [24.0942673894178, 3.7802132718527557, 0.1845336041603497], "k_pid_yaw": [0.5, 1e-06, 0.1], "k_pid_hsp": [0.09847755819799779, 0.3530148293123191, 0.0], "k_pid_vsp": [279.31855783528204, 336.89689932622207, 62.564861685850005]}, "datetime": {"datetime": "2025-08-11 20:30:08", "elapsed": 14687.763938426971, "delta": 27.026960134506226}, "costs": {"total_cost": 340.88971663704865, "time_cost": 106.70100000000001, "final_distance_cost": 1.831729850674047, "oscillation_cost": 106.77509645484052, "completition_cost": 0.0, "overshoot_cost": 63.297715295409134, "power_cost": 31.398251416015626, "noise_cost": 30.885923620109278, "n_waypoints_completed": 9, "tot_waypoints": 9}}
{"target": -204.9798983561779, "params": {"k_pid_pos": [1.2086464285119558, 0.7442837605818863, 0.8627444740141443], "k_pid_alt": [1.2679502233621702, 0.0, 0.06527723447865985], "k_pid_att": [24.0942673894178, 3.7802132718527557, 0.1845336041603497], "k_pid_yaw": [0.5, 1e-06, 0.1], "k_pid_hsp": [0.09847755819799779, 0.011264223901387349, 0.0], "k_pid_vsp": [279.31855783528204, 336.89689932622207, 62.564861685850005]}, "datetime": {"datetime": "2025-08-11 20:30:28", "elapsed": 14708.08035492897, "delta": 20.3164165019989}, "costs": {"total_cost": 204.9798983561779, "time_cost": 80.43, "final_distance_cost": 1.7709406574707036, "oscillation_cost": 29.975463915273625, "completition_cost": 0.0, "overshoot_cost": 52.599971850935525, "power_cost": 20.889208508300783, "noise_cost": 19.314313424197266, "n_waypoints_completed": 9, "tot_waypoints": 9}}
{"target": -1453.7350505708494, "params": {"k_pid_pos": [1.0031316701085804, 0.024859491386256316, 0.40092638265648595], "k_pid_alt": [1.2679502233621702, 0.0, 0.06527723447865985], "k_pid_att": [22.74399667939332, 3.7802132718527557, 0.1845336041603497], "k_pid_yaw": [0.5, 1e-06, 0.1], "k_pid_hsp": [0.09847755819799779, 0.011264223901387349, 0.0], "k_pid_vsp": [279.31855783528204, 336.89689932622207, 276.9823285274865]}, "datetime": {"datetime": "2025-08-11 20:30:58", "elapsed": 14738.110448122025, "delta": 30.0300931930542}, "costs": {"total_cost": 1453.7350505708494, "time_cost": 150, "final_distance_cost": 0.9991314544761088, "oscillation_cost": 3.42322664130645, "completition_cost": 1000.0, "overshoot_cost": 162.00055508475182, "power_cost": 29.437712414550784, "noise_cost": 107.87442497576423, "n_waypoints_completed": 0, "tot_waypoints": 9}}
{"target": -185.14761593899067, "params": {"k_pid_pos": [1.0031316701085804, 0.024859491386256316, 0.44963268842268056], "k_pid_alt": [1.2679502233621702, 0.0, 0.06527723447865985], "k_pid_att": [24.0942673894178, 3.7802132718527557, 0.8299786351622237], "k_pid_yaw": [0.5, 1e-06, 0.1], "k_pid_hsp": [0.09847755819799779, 0.011264223901387349, 0.0], "k_pid_vsp": [292.94687076665593, 307.0029666248519, 62.564861685850005]}, "datetime": {"datetime": "2025-08-11 20:31:17", "elapsed": 14756.637205123901, "delta": 18.52675700187683}, "costs": {"total_cost": 185.14761593899067, "time_cost": 70.805, "final_distance_cost": 1.8231347205729418, "oscillation_cost": 25.586662799724387, "completition_cost": 0.0, "overshoot_cost": 50.976659222646845, "power_cost": 18.14506071777344, "noise_cost": 17.811098478273028, "n_waypoints_completed": 9, "tot_waypoints": 9}}
{"target": -302.62158291542653, "params": {"k_pid_pos": [1.0031316701085804, 0.024859491386256316, 0.44963268842268056], "k_pid_alt": [1.2679502233621702, 0.0, 0.06527723447865985], "k_pid_att": [24.0942673894178, 2.79325987156934, 0.42536208023514144], "k_pid_yaw": [0.5, 1e-06, 0.1], "k_pid_hsp": [0.09847755819799779, 0.41837868969596215, 0.14665332097079997], "k_pid_vsp": [279.31855783528204, 336.89689932622207, 62.564861685850005]}, "datetime": {"datetime": "2025-08-11 20:31:37", "elapsed": 14776.708983182907, "delta": 20.071778059005737}, "costs": {"total_cost": 302.62158291542653, "time_cost": 79.429, "final_distance_cost": 1.8003671117314084, "oscillation_cost": 121.19808534008793, "completition_cost": 0.0, "overshoot_cost": 56.1261979942371, "power_cost": 23.337261535644533, "noise_cost": 20.730670933725555, "n_waypoints_completed": 9, "tot_waypoints": 9}}
