{"target": -228.14875798946775, "params": {"k_pid_pos": [1.0031316701085804, 0.024859491386256316, 0.8100884609760892], "k_pid_alt": [1.795722219278775, 0.0, 0.06527723447865985], "k_pid_att": [24.0942673894178, 3.9650988168623, 0.1845336041603497], "k_pid_yaw": [0.5, 1e-06, 0.1], "k_pid_hsp": [2.575161370303539, 0.011264223901387349, 0.0], "k_pid_vsp": [279.31855783528204, 336.89689932622207, 62.564861685850005]}, "datetime": {"datetime": "2025-08-11 20:57:23", "elapsed": 16322.784121990204, "delta": 19.625911712646484}, "costs": {"total_cost": 228.14875798946775, "time_cost": 79.394, "final_distance_cost": 1.8513213347112905, "oscillation_cost": 53.27876917016875, "completition_cost": 0.0, "overshoot_cost": 52.18466785591401, "power_cost": 20.641213024902346, "noise_cost": 20.79878660377136, "n_waypoints_completed": 9, "tot_waypoints": 9}}
{"target": -184.83466884207604, "params": {"k_pid_pos": [1.0031316701085804, 0.024859491386256316, 0.40092638265648595], "k_pid_alt": [1.2679502233621702, 0.0, 0.06527723447865985], "k_pid_att": [24.0942673894178, 3.7802132718527557, 0.6559199499296157], "k_pid_yaw": [0.5, 1e-06, 0.1], "k_pid_hsp": [0.09847755819799779, 0.011264223901387349, 0.0], "k_pid_vsp": [279.31855783528204, 336.89689932622207, 62.564861685850005]}, "datetime": {"datetime": "2025-08-11 20:57:41", "elapsed": 16340.670318841934, "delta": 17.886196851730347}, "costs": {"total_cost": 184.83466884207604, "time_cost": 70.623, "final_distance_cost": 1.8373245469794304, "oscillation_cost": 25.78607130623184, "completition_cost": 0.0, "overshoot_cost": 50.82658919093997, "power_cost": 18.176826208496095, "noise_cost": 17.584857589428687, "n_waypoints_completed": 9, "tot_waypoints": 9}}
{"target": -199.55209729261668, "params": {"k_pid_pos": [0.60393984878084, 0.024859491386256316, 0.44963268842268056], "k_pid_alt": [1.3330929626588723, 0.7870035212722968, 0.06527723447865985], "k_pid_att": [24.0942673894178, 3.7802132718527557, 0.1845336041603497], "k_pid_yaw": [0.5, 1e-06, 0.1], "k_pid_hsp": [0.09847755819799779, 0.011264223901387349, 0.0], "k_pid_vsp": [279.31855783528204, 336.89689932622207, 62.564861685850005]}, "datetime": {"datetime": "2025-08-11 20:58:02", "elapsed": 16361.817564725876, "delta": 21.14724588394165}, "costs": {"total_cost": 199.55209729261668, "time_cost": 82.502, "final_distance_cost": 1.8233607568293644, "oscillation_cost": 22.47934761547776, "completition_cost": 0.0, "overshoot_cost": 52.93612647681133, "power_cost": 20.5353607421875, "noise_cost": 19.275901701310758, "n_waypoints_completed": 9, "tot_waypoints": 9}}
{"target": -228.2869718119002, "params": {"k_pid_pos": [1.0031316701085804, 0.024859491386256316, 0.8100884609760892], "k_pid_alt": [1.795722219278775, 0.0, 0.06527723447865985], "k_pid_att": [24.0942673894178, 3.9650988168623, 0.1845336041603497], "k_pid_yaw": [0.5, 1e-06, 0.1], "k_pid_hsp": [2.575161370303539, 0.011264223901387349, 0.0], "k_pid_vsp": [86.28438231591274, 336.89689932622207, 62.564861685850005]}, "datetime": {"datetime": "2025-08-11 20:58:22", "elapsed": 16381.425234556198, "delta": 19.607669830322266}, "costs": {"total_cost": 228.2869718119002, "time_cost": 79.233, "final_distance_cost": 1.85782579683291, "oscillation_cost": 54.28872049777886, "completition_cost": 0.0, "overshoot_cost": 51.972691339603315, "power_cost": 20.53820078125, "noise_cost": 20.396533396435114, "n_waypoints_completed": 9, "tot_waypoints": 9}}
{"target": -195.92955596065445, "params": {"k_pid_pos": [1.0031316701085804, 0.024859491386256316, 0.40092638265648595], "k_pid_alt": [1.2679502233621702, 0.0, 0.06527723447865985], "k_pid_att": [24.0942673894178, 0.18205753750414305, 0.6556425588286899], "k_pid_yaw": [0.5, 1e-06, 0.1], "k_pid_hsp": [0.09847755819799779, 0.011264223901387349, 0.0], "k_pid_vsp": [292.94687076665593, 57.129046615745594, 62.564861685850005]}, "datetime": {"datetime": "2025-08-11 20:58:41", "elapsed": 16400.60018825531, "delta": 19.17495369911194}, "costs": {"total_cost": 195.92955596065445, "time_cost": 75.558, "final_distance_cost": 1.8290414783150721, "oscillation_cost": 25.506937536078023, "completition_cost": 0.0, "overshoot_cost": 54.220668233207356, "power_cost": 19.49769859619141, "noise_cost": 19.317210116862572, "n_waypoints_completed": 9, "tot_waypoints": 9}}
{"target": -184.57075292658828, "params": {"k_pid_pos": [1.0031316701085804, 0.024859491386256316, 0.40092638265648595], "k_pid_alt": [1.2679502233621702, 0.0, 0.06527723447865985], "k_pid_att": [24.0942673894178, 0.18205753750414305, 0.8792759721912583], "k_pid_yaw": [0.5, 1e-06, 0.1], "k_pid_hsp": [0.09847755819799779, 0.011264223901387349, 0.0], "k_pid_vsp": [292.94687076665593, 307.0029666248519, 62.564861685850005]}, "datetime": {"datetime": "2025-08-11 20:58:58", "elapsed": 16418.13417840004, "delta": 17.533990144729614}, "costs": {"total_cost": 184.57075292658828, "time_cost": 70.63, "final_distance_cost": 1.8307316328506358, "oscillation_cost": 25.35640013277763, "completition_cost": 0.0, "overshoot_cost": 51.06020532799305, "power_cost": 18.050848767089846, "noise_cost": 17.642567065877117, "n_waypoints_completed": 9, "tot_waypoints": 9}}
{"target": -184.50272249521083, "params": {"k_pid_pos": [1.0031316701085804, 0.024859491386256316, 0.40092638265648595], "k_pid_alt": [1.2679502233621702, 0.0, 0.06527723447865985], "k_pid_att": [24.0942673894178, 3.7802132718527557, 0.8792759721912583], "k_pid_yaw": [0.5, 1e-06, 0.1], "k_pid_hsp": [0.09847755819799779, 0.011264223901387349, 0.0], "k_pid_vsp": [292.94687076665593, 307.0029666248519, 62.564861685850005]}, "datetime": {"datetime": "2025-08-11 20:59:16", "elapsed": 16435.414439201355, "delta": 17.280260801315308}, "costs": {"total_cost": 184.50272249521083, "time_cost": 70.644, "final_distance_cost": 1.829104376330729, "oscillation_cost": 25.622620518994342, "completition_cost": 0.0, "overshoot_cost": 50.75529124833991, "power_cost": 18.076365515136718, "noise_cost": 17.575340836409108, "n_waypoints_completed": 9, "tot_waypoints": 9}}
{"target": -554.3492099122335, "params": {"k_pid_pos": [1.0031316701085804, 0.024859491386256316, 0.025149501090233062], "k_pid_alt": [1.2679502233621702, 0.12488734511065003, 0.06527723447865985], "k_pid_att": [24.0942673894178, 0.18205753750414305, 0.8792759721912583], "k_pid_yaw": [0.5, 1e-06, 0.1], "k_pid_hsp": [0.09847755819799779, 0.24371102717533222, 0.0], "k_pid_vsp": [292.94687076665593, 307.0029666248519, 62.564861685850005]}, "datetime": {"datetime": "2025-08-11 20:59:48", "elapsed": 16467.600341558456, "delta": 32.18590235710144}, "costs": {"total_cost": 554.3492099122335, "time_cost": 150, "final_distance_cost": 65.35459970519099, "oscillation_cost": 106.11256734703252, "completition_cost": 111.11111111111116, "overshoot_cost": 56.35273258211807, "power_cost": 34.16100837402344, "noise_cost": 31.257190792757328, "n_waypoints_completed": 8, "tot_waypoints": 9}}
{"target": -201.99050886246476, "params": {"k_pid_pos": [1.0031316701085804, 0.024859491386256316, 0.44963268842268056], "k_pid_alt": [1.2679502233621702, 0.8508808097559035, 0.06527723447865985], "k_pid_att": [24.0942673894178, 3.7802132718527557, 0.1432438844471683], "k_pid_yaw": [0.5, 1e-06, 0.1], "k_pid_hsp": [0.09847755819799779, 0.011264223901387349, 0.0], "k_pid_vsp": [292.94687076665593, 307.0029666248519, 62.564861685850005]}, "datetime": {"datetime": "2025-08-11 21:00:08", "elapsed": 16487.70581126213, "delta": 20.105469703674316}, "costs": {"total_cost": 201.99050886246476, "time_cost": 79.919, "final_distance_cost": 1.7814637991746, "oscillation_cost": 27.393098669790856, "completition_cost": 0.0, "overshoot_cost": 53.53225313835657, "power_cost": 20.37752537841797, "noise_cost": 18.987167876724765, "n_waypoints_completed": 9, "tot_waypoints": 9}}
{"target": -184.57075292658828, "params": {"k_pid_pos": [1.0031316701085804, 0.024859491386256316, 0.40092638265648595], "k_pid_alt": [1.2679502233621702, 0.0, 0.06527723447865985], "k_pid_att": [24.0942673894178, 0.18205753750414305, 0.8792759721912583], "k_pid_yaw": [0.5, 1e-06, 0.1], "k_pid_hsp": [0.09847755819799779, 0.011264223901387349, 0.0], "k_pid_vsp": [292.94687076665593, 307.0029666248519, 62.564861685850005]}, "datetime": {"datetime": "2025-08-11 21:00:26", "elapsed": 16505.504378318787, "delta": 17.798567056655884}, "costs": {"total_cost": 184.57075292658828, "time_cost": 70.63, "final_distance_cost": 1.8307316328506358, "oscillation_cost": 25.35640013277763, "completition_cost": 0.0, "overshoot_cost": 51.06020532799305, "power_cost": 18.050848767089846, "noise_cost": 17.642567065877117, "n_waypoints_completed": 9, "tot_waypoints": 9}}
{"target": -197.52515042233787, "params": {"k_pid_pos": [0.9382506112798048, 0.024859491386256316, 0.40092638265648595], "k_pid_alt": [1.2679502233621702, 0.0, 0.06527723447865985], "k_pid_att": [24.0942673894178, 8.039636722459171, 0.8792759721912583], "k_pid_yaw": [0.5, 1e-06, 0.1], "k_pid_hsp": [1.212585439599864, 0.011264223901387349, 0.0], "k_pid_vsp": [292.94687076665593, 307.0029666248519, 62.564861685850005]}, "datetime": {"datetime": "2025-08-11 21:00:45", "elapsed": 16524.578105211258, "delta": 19.073726892471313}, "costs": {"total_cost": 197.52515042233787, "time_cost": 75.026, "final_distance_cost": 1.8476723488834024, "oscillation_cost": 30.92377734245409, "completition_cost": 0.0, "overshoot_cost": 50.84857322708589, "power_cost": 19.455471728515626, "noise_cost": 19.42365577539885, "n_waypoints_completed": 9, "tot_waypoints": 9}}
{"target": -222.3535714496317, "params": {"k_pid_pos": [0.3872541593407814, 0.024859491386256316, 0.40092638265648595], "k_pid_alt": [1.1171055843486601, 0.0, 0.06527723447865985], "k_pid_att": [24.0942673894178, 3.7802132718527557, 0.8792759721912583], "k_pid_yaw": [0.5, 1e-06, 0.1], "k_pid_hsp": [0.09847755819799779, 0.011264223901387349, 0.0], "k_pid_vsp": [292.94687076665593, 307.0029666248519, 62.564861685850005]}, "datetime": {"datetime": "2025-08-11 21:01:10", "elapsed": 16550.04425740242, "delta": 25.46615219116211}, "costs": {"total_cost": 222.3535714496317, "time_cost": 96.712, "final_distance_cost": 1.8614881477605352, "oscillation_cost": 17.820652150184685, "completition_cost": 0.0, "overshoot_cost": 54.971358744410104, "power_cost": 24.363401269531252, "noise_cost": 26.624671137745082, "n_waypoints_completed": 9, "tot_waypoints": 9}}
{"target": -184.91377165429253, "params": {"k_pid_pos": [1.0031316701085804, 0.024859491386256316, 0.4388587351883817], "k_pid_alt": [1.2679502233621702, 0.0, 0.06527723447865985], "k_pid_att": [24.0942673894178, 3.7802132718527557, 0.6426065009168366], "k_pid_yaw": [0.5, 1e-06, 0.1], "k_pid_hsp": [0.09847755819799779, 0.011264223901387349, 0.0], "k_pid_vsp": [292.94687076665593, 307.0029666248519, 62.564861685850005]}, "datetime": {"datetime": "2025-08-11 21:01:28", "elapsed": 16567.48970222473, "delta": 17.4454448223114}, "costs": {"total_cost": 184.91377165429253, "time_cost": 70.756, "final_distance_cost": 1.818477979334269, "oscillation_cost": 25.519002926386786, "completition_cost": 0.0, "overshoot_cost": 50.7455094794672, "power_cost": 18.325656213378906, "noise_cost": 17.749125055725372, "n_waypoints_completed": 9, "tot_waypoints": 9}}
{"target": -185.40223621434566, "params": {"k_pid_pos": [1.0031316701085804, 0.024859491386256316, 0.15676371154545432], "k_pid_alt": [1.2679502233621702, 0.0, 0.06527723447865985], "k_pid_att": [24.0942673894178, 0.18205753750414305, 0.8792759721912583], "k_pid_yaw": [0.5, 1e-06, 0.1], "k_pid_hsp": [0.09847755819799779, 0.011264223901387349, 0.0], "k_pid_vsp": [292.94687076665593, 307.0029666248519, 62.564861685850005]}, "datetime": {"datetime": "2025-08-11 21:01:45", "elapsed": 16584.931493282318, "delta": 17.44179105758667}, "costs": {"total_cost": 185.40223621434566, "time_cost": 70.357, "final_distance_cost": 1.7999098371809372, "oscillation_cost": 26.774949235144483, "completition_cost": 0.0, "overshoot_cost": 50.952594952356314, "power_cost": 18.05037657470703, "noise_cost": 17.46740561495691, "n_waypoints_completed": 9, "tot_waypoints": 9}}
{"target": -185.24695334544637, "params": {"k_pid_pos": [1.0031316701085804, 0.024859491386256316, 0.40092638265648595], "k_pid_alt": [1.2679502233621702, 0.0, 0.07734400225577898], "k_pid_att": [24.0942673894178, 3.7802132718527557, 0.1845336041603497], "k_pid_yaw": [0.5, 1e-06, 0.1], "k_pid_hsp": [0.09847755819799779, 0.011264223901387349, 0.0], "k_pid_vsp": [292.94687076665593, 307.0029666248519, 62.564861685850005]}, "datetime": {"datetime": "2025-08-11 21:02:03", "elapsed": 16602.814284086227, "delta": 17.8827908039093}, "costs": {"total_cost": 185.24695334544637, "time_cost": 70.63, "final_distance_cost": 1.823194738727032, "oscillation_cost": 25.990468212688764, "completition_cost": 0.0, "overshoot_cost": 50.8436977340155, "power_cost": 18.263732836914063, "noise_cost": 17.695859823101028, "n_waypoints_completed": 9, "tot_waypoints": 9}}
{"target": -186.47554924444898, "params": {"k_pid_pos": [1.0031316701085804, 0.024859491386256316, 0.40092638265648595], "k_pid_alt": [1.2679502233621702, 0.0, 0.7749404481107842], "k_pid_att": [24.0942673894178, 3.7802132718527557, 0.8792759721912583], "k_pid_yaw": [0.5, 1e-06, 0.1], "k_pid_hsp": [0.09847755819799779, 0.011264223901387349, 0.0], "k_pid_vsp": [279.31855783528204, 336.89689932622207, 62.564861685850005]}, "datetime": {"datetime": "2025-08-11 21:02:21", "elapsed": 16620.777668237686, "delta": 17.96338415145874}, "costs": {"total_cost": 186.47554924444898, "time_cost": 72.072, "final_distance_cost": 1.8368037692082033, "oscillation_cost": 25.854425505967328, "completition_cost": 0.0, "overshoot_cost": 50.33749752322969, "power_cost": 19.051018908691407, "noise_cost": 17.323803537352347, "n_waypoints_completed": 9, "tot_waypoints": 9}}
{"target": -184.57075292658828, "params": {"k_pid_pos": [1.0031316701085804, 0.024859491386256316, 0.40092638265648595], "k_pid_alt": [1.2679502233621702, 0.0, 0.06527723447865985], "k_pid_att": [24.0942673894178, 0.18205753750414305, 0.8792759721912583], "k_pid_yaw": [0.5, 1e-06, 0.1], "k_pid_hsp": [0.09847755819799779, 0.011264223901387349, 0.0], "k_pid_vsp": [292.94687076665593, 307.0029666248519, 62.564861685850005]}, "datetime": {"datetime": "2025-08-11 21:02:39", "elapsed": 16639.05265021324, "delta": 18.27498197555542}, "costs": {"total_cost": 184.57075292658828, "time_cost": 70.63, "final_distance_cost": 1.8307316328506358, "oscillation_cost": 25.35640013277763, "completition_cost": 0.0, "overshoot_cost": 51.06020532799305, "power_cost": 18.050848767089846, "noise_cost": 17.642567065877117, "n_waypoints_completed": 9, "tot_waypoints": 9}}
{"target": -184.94938329833673, "params": {"k_pid_pos": [1.0031316701085804, 0.024859491386256316, 0.40092638265648595], "k_pid_alt": [1.2679502233621702, 0.0, 0.06527723447865985], "k_pid_att": [24.0942673894178, 5.075554186145011, 0.8792759721912583], "k_pid_yaw": [0.5, 1e-06, 0.1], "k_pid_hsp": [0.09847755819799779, 0.011264223901387349, 0.0], "k_pid_vsp": [292.94687076665593, 307.0029666248519, 62.564861685850005]}, "datetime": {"datetime": "2025-08-11 21:02:57", "elapsed": 16656.865781068802, "delta": 17.813130855560303}, "costs": {"total_cost": 184.94938329833673, "time_cost": 70.63, "final_distance_cost": 1.8255632730489184, "oscillation_cost": 25.76337307657701, "completition_cost": 0.0, "overshoot_cost": 50.84334406304111, "power_cost": 18.238506396484375, "noise_cost": 17.64859648918532, "n_waypoints_completed": 9, "tot_waypoints": 9}}
{"target": -208.59160386826406, "params": {"k_pid_pos": [1.0031316701085804, 0.024859491386256316, 0.40092638265648595], "k_pid_alt": [1.2693649380879928, 0.07699080812060333, 0.06527723447865985], "k_pid_att": [24.0942673894178, 3.7802132718527557, 0.6559199499296157], "k_pid_yaw": [0.5, 1e-06, 0.1], "k_pid_hsp": [0.09847755819799779, 0.011264223901387349, 0.0], "k_pid_vsp": [279.31855783528204, 336.89689932622207, 62.564861685850005]}, "datetime": {"datetime": "2025-08-11 21:03:19", "elapsed": 16679.102468252182, "delta": 22.236687183380127}, "costs": {"total_cost": 208.59160386826406, "time_cost": 85.904, "final_distance_cost": 1.8036185192812417, "oscillation_cost": 26.620883792096073, "completition_cost": 0.0, "overshoot_cost": 52.29854927853586, "power_cost": 21.590351538085937, "noise_cost": 20.37420074026493, "n_waypoints_completed": 9, "tot_waypoints": 9}}
{"target": -186.2566834350447, "params": {"k_pid_pos": [1.0031316701085804, 0.024859491386256316, 0.4894518338289183], "k_pid_alt": [1.0304713630477362, 0.0, 0.06527723447865985], "k_pid_att": [24.0942673894178, 3.7802132718527557, 0.8792759721912583], "k_pid_yaw": [0.5, 1e-06, 0.1], "k_pid_hsp": [0.09847755819799779, 0.011264223901387349, 0.0], "k_pid_vsp": [292.94687076665593, 307.0029666248519, 62.564861685850005]}, "datetime": {"datetime": "2025-08-11 21:03:37", "elapsed": 16697.105899095535, "delta": 18.00343084335327}, "costs": {"total_cost": 186.2566834350447, "time_cost": 71.267, "final_distance_cost": 1.8265807208484715, "oscillation_cost": 25.64995047766162, "completition_cost": 0.0, "overshoot_cost": 51.20551442758596, "power_cost": 18.41575018310547, "noise_cost": 17.891887625843168, "n_waypoints_completed": 9, "tot_waypoints": 9}}
{"target": -216.75231390602352, "params": {"k_pid_pos": [1.0031316701085804, 0.024859491386256316, 0.4388587351883817], "k_pid_alt": [1.0913728054153844, 0.0, 0.06527723447865985], "k_pid_att": [24.0942673894178, 3.7802132718527557, 0.3905569812448356], "k_pid_yaw": [0.5, 1e-06, 0.1], "k_pid_hsp": [3.695059850535367, 0.3950134039208921, 0.0], "k_pid_vsp": [279.31855783528204, 27.814187934262186, 62.564861685850005]}, "datetime": {"datetime": "2025-08-11 21:03:57", "elapsed": 16716.96629714966, "delta": 19.860398054122925}, "costs": {"total_cost": 216.75231390602352, "time_cost": 80.024, "final_distance_cost": 1.8566685771028562, "oscillation_cost": 38.34487666489128, "completition_cost": 0.0, "overshoot_cost": 54.24146526274288, "power_cost": 21.083576770019533, "noise_cost": 21.20172663126698, "n_waypoints_completed": 9, "tot_waypoints": 9}}
{"target": -309.23544518490013, "params": {"k_pid_pos": [0.961863204572444, 0.24828414068022808, 0.44963268842268056], "k_pid_alt": [1.795722219278775, 0.7495071381000086, 0.06527723447865985], "k_pid_att": [24.0942673894178, 3.9650988168623, 0.1845336041603497], "k_pid_yaw": [0.5, 1e-06, 0.1], "k_pid_hsp": [6.276831608809586, 0.011264223901387349, 0.0], "k_pid_vsp": [292.94687076665593, 307.0029666248519, 62.564861685850005]}, "datetime": {"datetime": "2025-08-11 21:04:21", "elapsed": 16740.74060511589, "delta": 23.7743079662323}, "costs": {"total_cost": 309.23544518490013, "time_cost": 94.682, "final_distance_cost": 1.7903931683132277, "oscillation_cost": 110.34519921189963, "completition_cost": 0.0, "overshoot_cost": 55.4310681722311, "power_cost": 24.18431951904297, "noise_cost": 22.80246511341323, "n_waypoints_completed": 9, "tot_waypoints": 9}}
{"target": -224.3668963438583, "params": {"k_pid_pos": [1.0031316701085804, 0.024859491386256316, 0.8100884609760892], "k_pid_alt": [1.795722219278775, 0.0, 0.06527723447865985], "k_pid_att": [24.0942673894178, 3.9650988168623, 0.1845336041603497], "k_pid_yaw": [0.5, 1e-06, 0.1], "k_pid_hsp": [2.575161370303539, 0.011264223901387349, 0.0], "k_pid_vsp": [279.31855783528204, 336.89689932622207, 10.0]}, "datetime": {"datetime": "2025-08-11 21:04:41", "elapsed": 16760.919357776642, "delta": 20.178752660751343}, "costs": {"total_cost": 224.3668963438583, "time_cost": 78.708, "final_distance_cost": 1.8501558726853031, "oscillation_cost": 51.897707226406276, "completition_cost": 0.0, "overshoot_cost": 50.808605398403806, "power_cost": 19.98292927246094, "noise_cost": 21.119498573901957, "n_waypoints_completed": 9, "tot_waypoints": 9}}
{"target": -185.39806625211105, "params": {"k_pid_pos": [1.0031316701085804, 0.024859491386256316, 0.44963268842268056], "k_pid_alt": [1.408510096659571, 0.0, 0.06527723447865985], "k_pid_att": [24.0942673894178, 2.057470297840489, 0.1845336041603497], "k_pid_yaw": [0.5, 1e-06, 0.1], "k_pid_hsp": [0.09847755819799779, 0.011264223901387349, 0.0], "k_pid_vsp": [146.93843233531743, 336.89689932622207, 62.564861685850005]}, "datetime": {"datetime": "2025-08-11 21:04:59", "elapsed": 16778.642563343048, "delta": 17.72320556640625}, "costs": {"total_cost": 185.39806625211105, "time_cost": 70.82600000000001, "final_distance_cost": 1.820436644765237, "oscillation_cost": 25.853610216663323, "completition_cost": 0.0, "overshoot_cost": 51.435996236386785, "power_cost": 18.01735173339844, "noise_cost": 17.44467142089725, "n_waypoints_completed": 9, "tot_waypoints": 9}}
{"target": -196.85158860928664, "params": {"k_pid_pos": [1.3927914940736073, 0.024859491386256316, 0.40092638265648595], "k_pid_alt": [1.9792988987850082, 0.0, 0.06527723447865985], "k_pid_att": [24.0942673894178, 3.7802132718527557, 0.6559199499296157], "k_pid_yaw": [0.5, 1e-06, 0.1], "k_pid_hsp": [0.09847755819799779, 0.011264223901387349, 0.0], "k_pid_vsp": [279.31855783528204, 59.82240868669444, 62.564861685850005]}, "datetime": {"datetime": "2025-08-11 21:05:17", "elapsed": 16797.363809347153, "delta": 18.721246004104614}, "costs": {"total_cost": 196.85158860928664, "time_cost": 74.284, "final_distance_cost": 1.812836433489587, "oscillation_cost": 28.637773361001123, "completition_cost": 0.0, "overshoot_cost": 53.515070269841154, "power_cost": 19.25889383544922, "noise_cost": 19.343014709505546, "n_waypoints_completed": 9, "tot_waypoints": 9}}
