{"target": -191.8455820148709, "params": {"k_pid_pos": [1.3885554450422086, 0.024859491386256316, 0.44963268842268056], "k_pid_alt": [1.2679502233621702, 0.0, 0.949345597264735], "k_pid_att": [14.415714892135846, 3.8677381495188174, 0.1845336041603497], "k_pid_yaw": [0.5, 1e-06, 0.1], "k_pid_hsp": [0.09847755819799779, 0.011264223901387349, 0.0], "k_pid_vsp": [194.7624155113164, 307.0029666248519, 10.0]}, "datetime": {"datetime": "2025-08-11 17:54:51", "elapsed": 5370.493219614029, "delta": 18.1896231174469}, "costs": {"total_cost": 191.8455820148709, "time_cost": 72.961, "final_distance_cost": 1.8368925103156677, "oscillation_cost": 29.73610173920352, "completition_cost": 0.0, "overshoot_cost": 50.57690820623821, "power_cost": 18.702439416503907, "noise_cost": 18.032240142609623, "n_waypoints_completed": 9, "tot_waypoints": 9}}
{"target": -191.25969924505821, "params": {"k_pid_pos": [1.4340672435785011, 0.04925411992759399, 0.3736141384595716], "k_pid_alt": [1.515427128667956, 0.0, 0.5115311366376475], "k_pid_att": [39.447728079683905, 3.8677381495188174, 0.1845336041603497], "k_pid_yaw": [0.5, 1e-06, 0.1], "k_pid_hsp": [0.09847755819799779, 0.011264223901387349, 0.0], "k_pid_vsp": [194.7624155113164, 20.0, 10.0]}, "datetime": {"datetime": "2025-08-11 17:55:08", "elapsed": 5388.050851583481, "delta": 17.557631969451904}, "costs": {"total_cost": 191.25969924505821, "time_cost": 71.484, "final_distance_cost": 1.8170723722123798, "oscillation_cost": 29.688233563938144, "completition_cost": 0.0, "overshoot_cost": 51.86567516795613, "power_cost": 17.715942309570313, "noise_cost": 18.68877583138126, "n_waypoints_completed": 9, "tot_waypoints": 9}}
{"target": -1983.064172331488, "params": {"k_pid_pos": [1.849624377781123, 0.024859491386256316, 0.44963268842268056], "k_pid_alt": [1.515427128667956, 0.0, 0.949345597264735], "k_pid_att": [39.447728079683905, 3.8677381495188174, 0.1845336041603497], "k_pid_yaw": [0.5, 1e-06, 0.1], "k_pid_hsp": [0.09847755819799779, 0.011264223901387349, 0.7580210831503069], "k_pid_vsp": [194.7624155113164, 334.44631400062605, 10.0]}, "datetime": {"datetime": "2025-08-11 17:55:38", "elapsed": 5417.959390640259, "delta": 29.908539056777954}, "costs": {"total_cost": 1983.064172331488, "time_cost": 150, "final_distance_cost": 83.43946279280593, "oscillation_cost": 824.7966838928274, "completition_cost": 777.7777777777778, "overshoot_cost": 83.41270490923762, "power_cost": 33.315733068847656, "noise_cost": 30.321809889991407, "n_waypoints_completed": 2, "tot_waypoints": 9}}
{"target": -200.3214278087957, "params": {"k_pid_pos": [1.8624793477566346, 0.04925411992759399, 0.964013702359797], "k_pid_alt": [1.515427128667956, 0.0, 0.949345597264735], "k_pid_att": [39.447728079683905, 3.8677381495188174, 0.1845336041603497], "k_pid_yaw": [0.5, 1e-06, 0.1], "k_pid_hsp": [1.5353014571438959, 0.011264223901387349, 0.0], "k_pid_vsp": [194.7624155113164, 20.0, 10.0]}, "datetime": {"datetime": "2025-08-11 17:55:56", "elapsed": 5436.352554559708, "delta": 18.393163919448853}, "costs": {"total_cost": 200.3214278087957, "time_cost": 72.625, "final_distance_cost": 1.8423222945899538, "oscillation_cost": 36.55827677854611, "completition_cost": 0.0, "overshoot_cost": 51.2791959321805, "power_cost": 18.892804675292968, "noise_cost": 19.12382812818619, "n_waypoints_completed": 9, "tot_waypoints": 9}}
{"target": -219.36070029689813, "params": {"k_pid_pos": [1.849624377781123, 0.15744760866519159, 0.44963268842268056], "k_pid_alt": [1.2679502233621702, 0.02520494712616217, 0.949345597264735], "k_pid_att": [39.447728079683905, 3.8677381495188174, 0.1845336041603497], "k_pid_yaw": [0.5, 1e-06, 0.1], "k_pid_hsp": [4.3089058856187865, 0.011264223901387349, 0.0], "k_pid_vsp": [194.7624155113164, 156.73508457218338, 10.0]}, "datetime": {"datetime": "2025-08-11 17:56:16", "elapsed": 5455.650624990463, "delta": 19.298070430755615}, "costs": {"total_cost": 219.36070029689813, "time_cost": 71.70100000000001, "final_distance_cost": 1.7930720503561002, "oscillation_cost": 57.953245548974564, "completition_cost": 0.0, "overshoot_cost": 50.412860747402654, "power_cost": 18.83263017578125, "noise_cost": 18.66789177438356, "n_waypoints_completed": 9, "tot_waypoints": 9}}
{"target": -191.0516774029427, "params": {"k_pid_pos": [1.849624377781123, 0.024859491386256316, 0.44963268842268056], "k_pid_alt": [1.4458679973838424, 0.02520494712616217, 0.949345597264735], "k_pid_att": [39.447728079683905, 3.8677381495188174, 0.1845336041603497], "k_pid_yaw": [0.5, 1e-06, 0.1], "k_pid_hsp": [0.09847755819799779, 0.011264223901387349, 0.0], "k_pid_vsp": [194.7624155113164, 156.73508457218338, 10.0]}, "datetime": {"datetime": "2025-08-11 17:56:33", "elapsed": 5472.9056515693665, "delta": 17.2550265789032}, "costs": {"total_cost": 191.0516774029427, "time_cost": 70.595, "final_distance_cost": 1.760070838250091, "oscillation_cost": 31.83330676438464, "completition_cost": 0.0, "overshoot_cost": 50.9071189628047, "power_cost": 18.051222961425783, "noise_cost": 17.904957876077482, "n_waypoints_completed": 9, "tot_waypoints": 9}}
{"target": -194.45729791253063, "params": {"k_pid_pos": [1.3885554450422086, 0.024859491386256316, 0.855962508813682], "k_pid_alt": [1.2679502233621702, 0.0, 0.949345597264735], "k_pid_att": [94.03514125381805, 3.8677381495188174, 0.1845336041603497], "k_pid_yaw": [0.5, 1e-06, 0.1], "k_pid_hsp": [0.09847755819799779, 0.011264223901387349, 0.0], "k_pid_vsp": [194.7624155113164, 93.09285943774285, 10.0]}, "datetime": {"datetime": "2025-08-11 17:56:52", "elapsed": 5492.268723726273, "delta": 19.363072156906128}, "costs": {"total_cost": 194.45729791253063, "time_cost": 73.927, "final_distance_cost": 1.8349763342246583, "oscillation_cost": 29.958690884776427, "completition_cost": 0.0, "overshoot_cost": 51.19178002288991, "power_cost": 18.384453857421875, "noise_cost": 19.160396813217755, "n_waypoints_completed": 9, "tot_waypoints": 9}}
{"target": -217.19150145328493, "params": {"k_pid_pos": [1.849624377781123, 0.024859491386256316, 0.6830149564489978], "k_pid_alt": [0.9399307882487338, 0.6759099918155648, 0.949345597264735], "k_pid_att": [39.447728079683905, 3.8677381495188174, 0.1845336041603497], "k_pid_yaw": [0.5, 1e-06, 0.1], "k_pid_hsp": [0.09847755819799779, 0.011264223901387349, 0.0], "k_pid_vsp": [257.9492458711449, 307.0029666248519, 10.0]}, "datetime": {"datetime": "2025-08-11 17:57:14", "elapsed": 5513.464669466019, "delta": 21.195945739746094}, "costs": {"total_cost": 217.19150145328493, "time_cost": 85.72200000000001, "final_distance_cost": 1.7844848839977163, "oscillation_cost": 33.77129359198614, "completition_cost": 0.0, "overshoot_cost": 53.37224445878953, "power_cost": 21.212873876953125, "noise_cost": 21.3286046415584, "n_waypoints_completed": 9, "tot_waypoints": 9}}
{"target": -232.28868087240727, "params": {"k_pid_pos": [1.8624793477566346, 0.4185861255545337, 0.7374604451918155], "k_pid_alt": [1.515427128667956, 0.3112231092042238, 0.434035615756316], "k_pid_att": [39.447728079683905, 9.868923336159826, 0.1845336041603497], "k_pid_yaw": [0.5, 1e-06, 0.1], "k_pid_hsp": [0.09847755819799779, 0.011264223901387349, 0.0], "k_pid_vsp": [257.9492458711449, 307.0029666248519, 10.0]}, "datetime": {"datetime": "2025-08-11 17:57:38", "elapsed": 5537.479820966721, "delta": 24.015151500701904}, "costs": {"total_cost": 232.28868087240727, "time_cost": 95.172, "final_distance_cost": 1.7483948666002662, "oscillation_cost": 35.61358085058897, "completition_cost": 0.0, "overshoot_cost": 52.7902205564805, "power_cost": 23.95602145996094, "noise_cost": 23.00846313877658, "n_waypoints_completed": 9, "tot_waypoints": 9}}
{"target": -193.13839102987862, "params": {"k_pid_pos": [1.3885554450422086, 0.024859491386256316, 0.855962508813682], "k_pid_alt": [1.2679502233621702, 0.0, 0.949345597264735], "k_pid_att": [39.447728079683905, 7.284845820832624, 0.1845336041603497], "k_pid_yaw": [0.5, 1e-06, 0.1], "k_pid_hsp": [0.09847755819799779, 0.011264223901387349, 0.0], "k_pid_vsp": [194.7624155113164, 20.0, 10.0]}, "datetime": {"datetime": "2025-08-11 17:57:57", "elapsed": 5556.577889919281, "delta": 19.098068952560425}, "costs": {"total_cost": 193.13839102987862, "time_cost": 74.676, "final_distance_cost": 1.8359265182396696, "oscillation_cost": 27.384274116601105, "completition_cost": 0.0, "overshoot_cost": 51.709697437924135, "power_cost": 18.45833922119141, "noise_cost": 19.074153735922287, "n_waypoints_completed": 9, "tot_waypoints": 9}}
{"target": -194.1216938664505, "params": {"k_pid_pos": [1.849624377781123, 0.024859491386256316, 0.44963268842268056], "k_pid_alt": [1.2679502233621702, 0.02520494712616217, 0.949345597264735], "k_pid_att": [32.6162642003566, 3.8677381495188174, 0.1845336041603497], "k_pid_yaw": [0.5, 1e-06, 0.1], "k_pid_hsp": [0.09847755819799779, 0.011264223901387349, 0.0], "k_pid_vsp": [194.7624155113164, 20.0, 10.0]}, "datetime": {"datetime": "2025-08-11 17:58:15", "elapsed": 5574.657938241959, "delta": 18.080048322677612}, "costs": {"total_cost": 194.1216938664505, "time_cost": 72.051, "final_distance_cost": 1.759886028888369, "oscillation_cost": 31.345906004340385, "completition_cost": 0.0, "overshoot_cost": 52.119254472696504, "power_cost": 18.454149157714845, "noise_cost": 18.391498202810396, "n_waypoints_completed": 9, "tot_waypoints": 9}}
{"target": -204.34201795569464, "params": {"k_pid_pos": [1.849624377781123, 0.024859491386256316, 0.44963268842268056], "k_pid_alt": [1.2679502233621702, 0.02520494712616217, 0.4970906618065981], "k_pid_att": [39.447728079683905, 3.8677381495188174, 0.1845336041603497], "k_pid_yaw": [0.5, 1e-06, 0.1], "k_pid_hsp": [0.09847755819799779, 0.07304127476175892, 0.0], "k_pid_vsp": [194.7624155113164, 156.73508457218338, 10.0]}, "datetime": {"datetime": "2025-08-11 17:58:32", "elapsed": 5592.269488573074, "delta": 17.611550331115723}, "costs": {"total_cost": 204.34201795569464, "time_cost": 70.742, "final_distance_cost": 1.7910092229832821, "oscillation_cost": 43.89760038377944, "completition_cost": 0.0, "overshoot_cost": 50.603622556939925, "power_cost": 18.6583697265625, "noise_cost": 18.649416065429463, "n_waypoints_completed": 9, "tot_waypoints": 9}}
{"target": -193.53367141908518, "params": {"k_pid_pos": [1.849624377781123, 0.024859491386256316, 0.44963268842268056], "k_pid_alt": [1.515427128667956, 0.0, 0.5933401254113975], "k_pid_att": [39.447728079683905, 3.8677381495188174, 0.1845336041603497], "k_pid_yaw": [0.5, 1e-06, 0.1], "k_pid_hsp": [0.09847755819799779, 0.011264223901387349, 0.0], "k_pid_vsp": [194.7624155113164, 20.0, 10.0]}, "datetime": {"datetime": "2025-08-11 17:58:50", "elapsed": 5610.283634901047, "delta": 18.014146327972412}, "costs": {"total_cost": 193.53367141908518, "time_cost": 71.498, "final_distance_cost": 1.8105315769767574, "oscillation_cost": 31.372743855957072, "completition_cost": 0.0, "overshoot_cost": 52.153784877159225, "power_cost": 18.300655322265627, "noise_cost": 18.397955786726477, "n_waypoints_completed": 9, "tot_waypoints": 9}}
{"target": -205.72107454164097, "params": {"k_pid_pos": [0.9959853208014533, 0.024859491386256316, 0.44963268842268056], "k_pid_alt": [1.2679502233621702, 0.0, 0.949345597264735], "k_pid_att": [39.447728079683905, 3.8677381495188174, 0.20230861884209816], "k_pid_yaw": [0.5, 1e-06, 0.1], "k_pid_hsp": [1.394059891471576, 0.011264223901387349, 0.0], "k_pid_vsp": [176.4074495617074, 20.0, 10.0]}, "datetime": {"datetime": "2025-08-11 17:59:10", "elapsed": 5629.97110247612, "delta": 19.687467575073242}, "costs": {"total_cost": 205.72107454164097, "time_cost": 78.519, "final_distance_cost": 1.8523542302937, "oscillation_cost": 33.897945471711495, "completition_cost": 0.0, "overshoot_cost": 51.37782543084942, "power_cost": 18.877381628417968, "noise_cost": 21.196567780368383, "n_waypoints_completed": 9, "tot_waypoints": 9}}
{"target": -197.1510697727828, "params": {"k_pid_pos": [1.849624377781123, 0.024859491386256316, 0.44963268842268056], "k_pid_alt": [0.647146874498667, 0.0, 0.0952336102883754], "k_pid_att": [39.447728079683905, 3.8677381495188174, 0.1845336041603497], "k_pid_yaw": [0.5, 1e-06, 0.1], "k_pid_hsp": [0.09847755819799779, 0.011264223901387349, 0.0], "k_pid_vsp": [194.7624155113164, 20.0, 10.0]}, "datetime": {"datetime": "2025-08-11 17:59:28", "elapsed": 5648.332011222839, "delta": 18.36090874671936}, "costs": {"total_cost": 197.1510697727828, "time_cost": 74.312, "final_distance_cost": 1.804751900538252, "oscillation_cost": 31.307554734293454, "completition_cost": 0.0, "overshoot_cost": 52.28946763531234, "power_cost": 18.86428653564453, "noise_cost": 18.5730089669942, "n_waypoints_completed": 9, "tot_waypoints": 9}}
{"target": -189.88082269594184, "params": {"k_pid_pos": [1.8624793477566346, 0.04925411992759399, 0.964013702359797], "k_pid_alt": [1.515427128667956, 0.0, 0.949345597264735], "k_pid_att": [39.447728079683905, 3.8677381495188174, 0.1845336041603497], "k_pid_yaw": [0.5, 1e-06, 0.1], "k_pid_hsp": [0.09847755819799779, 0.011264223901387349, 0.0], "k_pid_vsp": [194.7624155113164, 156.73508457218338, 10.0]}, "datetime": {"datetime": "2025-08-11 17:59:47", "elapsed": 5666.570209741592, "delta": 18.23819851875305}, "costs": {"total_cost": 189.88082269594184, "time_cost": 71.533, "final_distance_cost": 1.8182047112386968, "oscillation_cost": 29.148999350619924, "completition_cost": 0.0, "overshoot_cost": 51.14739996984623, "power_cost": 18.206735791015625, "noise_cost": 18.02648287322137, "n_waypoints_completed": 9, "tot_waypoints": 9}}
{"target": -190.2796873589563, "params": {"k_pid_pos": [1.3885554450422086, 0.024859491386256316, 0.44963268842268056], "k_pid_alt": [1.2679502233621702, 0.0, 0.18431000208985737], "k_pid_att": [39.447728079683905, 3.6888469195366334, 0.1845336041603497], "k_pid_yaw": [0.5, 1e-06, 0.1], "k_pid_hsp": [0.09847755819799779, 0.011264223901387349, 0.0], "k_pid_vsp": [295.9324376154018, 15.500533572620455, 10.0]}, "datetime": {"datetime": "2025-08-11 18:00:05", "elapsed": 5684.491075992584, "delta": 17.92086625099182}, "costs": {"total_cost": 190.2796873589563, "time_cost": 71.435, "final_distance_cost": 1.7966258803335717, "oscillation_cost": 28.59268801489705, "completition_cost": 0.0, "overshoot_cost": 51.87573509713805, "power_cost": 18.182209985351562, "noise_cost": 18.39742838123606, "n_waypoints_completed": 9, "tot_waypoints": 9}}
{"target": -190.8438895055862, "params": {"k_pid_pos": [1.3885554450422086, 0.024859491386256316, 0.855962508813682], "k_pid_alt": [1.2679502233621702, 0.0, 0.949345597264735], "k_pid_att": [39.447728079683905, 3.8677381495188174, 0.1845336041603497], "k_pid_yaw": [0.5, 1e-06, 0.1], "k_pid_hsp": [0.09847755819799779, 0.011264223901387349, 0.0], "k_pid_vsp": [257.9492458711449, 307.0029666248519, 10.0]}, "datetime": {"datetime": "2025-08-11 18:00:23", "elapsed": 5702.839711666107, "delta": 18.34863567352295}, "costs": {"total_cost": 190.8438895055862, "time_cost": 73.82900000000001, "final_distance_cost": 1.836374754271015, "oscillation_cost": 27.48515487290812, "completition_cost": 0.0, "overshoot_cost": 50.78043645238375, "power_cost": 18.27291805419922, "noise_cost": 18.640005371824085, "n_waypoints_completed": 9, "tot_waypoints": 9}}
{"target": -191.94174124259442, "params": {"k_pid_pos": [1.3885554450422086, 0.024859491386256316, 0.44963268842268056], "k_pid_alt": [1.1302962253917743, 0.0, 0.8361997509577753], "k_pid_att": [19.462821160492226, 7.212729332224264, 0.737857181360408], "k_pid_yaw": [0.5, 1e-06, 0.1], "k_pid_hsp": [0.09847755819799779, 0.011264223901387349, 0.0], "k_pid_vsp": [194.7624155113164, 139.20520652041523, 10.0]}, "datetime": {"datetime": "2025-08-11 18:00:41", "elapsed": 5721.192259550095, "delta": 18.352547883987427}, "costs": {"total_cost": 191.94174124259442, "time_cost": 73.465, "final_distance_cost": 1.8262454496458815, "oscillation_cost": 29.06114416831833, "completition_cost": 0.0, "overshoot_cost": 50.72385263080731, "power_cost": 18.728318872070314, "noise_cost": 18.137180121752618, "n_waypoints_completed": 9, "tot_waypoints": 9}}
{"target": -194.31885388722824, "params": {"k_pid_pos": [1.8624793477566346, 0.04925411992759399, 0.3736141384595716], "k_pid_alt": [1.2679502233621702, 0.0, 0.18431000208985737], "k_pid_att": [39.447728079683905, 3.6888469195366334, 0.1845336041603497], "k_pid_yaw": [0.5, 1e-06, 0.1], "k_pid_hsp": [0.09847755819799779, 0.011264223901387349, 0.0], "k_pid_vsp": [295.9324376154018, 15.500533572620455, 10.0]}, "datetime": {"datetime": "2025-08-11 18:01:00", "elapsed": 5740.094245672226, "delta": 18.901986122131348}, "costs": {"total_cost": 194.31885388722824, "time_cost": 71.46300000000001, "final_distance_cost": 1.7703785204917568, "oscillation_cost": 32.131717026612726, "completition_cost": 0.0, "overshoot_cost": 52.104046716082316, "power_cost": 18.404116149902343, "noise_cost": 18.445595474139118, "n_waypoints_completed": 9, "tot_waypoints": 9}}
{"target": -193.57163965724413, "params": {"k_pid_pos": [1.849624377781123, 0.024859491386256316, 0.44963268842268056], "k_pid_alt": [1.4458679973838424, 0.02520494712616217, 0.949345597264735], "k_pid_att": [39.447728079683905, 3.8677381495188174, 0.1845336041603497], "k_pid_yaw": [0.5, 1e-06, 0.1], "k_pid_hsp": [0.09847755819799779, 0.011264223901387349, 0.0], "k_pid_vsp": [194.7624155113164, 20.0, 10.0]}, "datetime": {"datetime": "2025-08-11 18:01:18", "elapsed": 5757.929840564728, "delta": 17.83559489250183}, "costs": {"total_cost": 193.57163965724413, "time_cost": 71.603, "final_distance_cost": 1.7714329020794475, "oscillation_cost": 31.391347419356755, "completition_cost": 0.0, "overshoot_cost": 51.901282597326, "power_cost": 18.303872216796876, "noise_cost": 18.600704521685035, "n_waypoints_completed": 9, "tot_waypoints": 9}}
{"target": -190.62971046612532, "params": {"k_pid_pos": [1.849624377781123, 0.024859491386256316, 0.44963268842268056], "k_pid_alt": [1.515427128667956, 0.0, 0.5933401254113975], "k_pid_att": [39.447728079683905, 3.8677381495188174, 0.1845336041603497], "k_pid_yaw": [0.5, 1e-06, 0.1], "k_pid_hsp": [0.09847755819799779, 0.011264223901387349, 0.0], "k_pid_vsp": [162.63925748078515, 156.73508457218338, 10.0]}, "datetime": {"datetime": "2025-08-11 18:01:36", "elapsed": 5775.567199707031, "delta": 17.637359142303467}, "costs": {"total_cost": 190.62971046612532, "time_cost": 70.44800000000001, "final_distance_cost": 1.77213799544635, "oscillation_cost": 31.83773356062934, "completition_cost": 0.0, "overshoot_cost": 50.53431320380827, "power_cost": 18.06114754638672, "noise_cost": 17.976378159854637, "n_waypoints_completed": 9, "tot_waypoints": 9}}
{"target": -189.78047933573853, "params": {"k_pid_pos": [1.3885554450422086, 0.024859491386256316, 0.44963268842268056], "k_pid_alt": [1.2679502233621702, 0.0, 0.18431000208985737], "k_pid_att": [17.813414374173632, 3.8677381495188174, 0.1845336041603497], "k_pid_yaw": [0.5, 1e-06, 0.1], "k_pid_hsp": [0.09847755819799779, 0.011264223901387349, 0.0], "k_pid_vsp": [194.7624155113164, 20.0, 10.0]}, "datetime": {"datetime": "2025-08-11 18:01:53", "elapsed": 5793.188081741333, "delta": 17.620882034301758}, "costs": {"total_cost": 189.78047933573853, "time_cost": 71.078, "final_distance_cost": 1.821110020867716, "oscillation_cost": 28.78055545480451, "completition_cost": 0.0, "overshoot_cost": 51.75524691758402, "power_cost": 18.072864685058594, "noise_cost": 18.272702257423713, "n_waypoints_completed": 9, "tot_waypoints": 9}}
{"target": -193.65695992716383, "params": {"k_pid_pos": [1.849624377781123, 0.024859491386256316, 0.44963268842268056], "k_pid_alt": [1.515427128667956, 0.0, 0.5933401254113975], "k_pid_att": [39.447728079683905, 7.120039068217832, 0.1845336041603497], "k_pid_yaw": [0.5, 1e-06, 0.1], "k_pid_hsp": [0.09847755819799779, 0.011264223901387349, 0.0], "k_pid_vsp": [295.9324376154018, 15.500533572620455, 10.0]}, "datetime": {"datetime": "2025-08-11 18:02:11", "elapsed": 5811.358881235123, "delta": 18.170799493789673}, "costs": {"total_cost": 193.65695992716383, "time_cost": 71.757, "final_distance_cost": 1.7825135271518797, "oscillation_cost": 31.507234094225318, "completition_cost": 0.0, "overshoot_cost": 51.52947264175775, "power_cost": 18.568852368164062, "noise_cost": 18.51188729586481, "n_waypoints_completed": 9, "tot_waypoints": 9}}
{"target": -220.28514864368904, "params": {"k_pid_pos": [1.849624377781123, 0.024859491386256316, 0.44963268842268056], "k_pid_alt": [1.2679502233621702, 0.02520494712616217, 0.949345597264735], "k_pid_att": [39.447728079683905, 3.8677381495188174, 0.004857337777279036], "k_pid_yaw": [0.5, 1e-06, 0.1], "k_pid_hsp": [2.882064192075523, 0.011264223901387349, 0.0], "k_pid_vsp": [194.7624155113164, 156.73508457218338, 10.0]}, "datetime": {"datetime": "2025-08-11 18:02:29", "elapsed": 5828.531244516373, "delta": 17.17236328125}, "costs": {"total_cost": 220.28514864368904, "time_cost": 70.09100000000001, "final_distance_cost": 1.828622168254849, "oscillation_cost": 61.23263878504649, "completition_cost": 0.0, "overshoot_cost": 50.58918467235896, "power_cost": 18.13157410888672, "noise_cost": 18.412128909142005, "n_waypoints_completed": 9, "tot_waypoints": 9}}
{"target": -702.8049208036472, "params": {"k_pid_pos": [1.8624793477566346, 0.04925411992759399, 0.5030458048276777], "k_pid_alt": [1.515427128667956, 0.0, 0.949345597264735], "k_pid_att": [39.447728079683905, 3.8677381495188174, 0.3829979421693436], "k_pid_yaw": [0.5, 1e-06, 0.1], "k_pid_hsp": [1.4320530577574415, 0.011264223901387349, 0.6904081087789521], "k_pid_vsp": [194.7624155113164, 20.0, 10.0]}, "datetime": {"datetime": "2025-08-11 18:02:55", "elapsed": 5854.521643400192, "delta": 25.99039888381958}, "costs": {"total_cost": 702.8049208036472, "time_cost": 102.382, "final_distance_cost": 1.7600965696579978, "oscillation_cost": 479.1548880506819, "completition_cost": 0.0, "overshoot_cost": 63.67015452636964, "power_cost": 27.687506774902346, "noise_cost": 28.15027488203535, "n_waypoints_completed": 9, "tot_waypoints": 9}}
