{"target": -828.998808391619, "params": {"k_pid_pos": [1.8624793477566346, 0.11973358850112281, 0.1171035659001105], "k_pid_alt": [0.17541802382153682, 0.6578632850405278, 0.4186083007903795], "k_pid_att": [77.43214161418433, 6.712347009944595, 0.33363775832823817], "k_pid_yaw": [0.5, 1e-06, 0.1], "k_pid_hsp": [8.983675636960621, 0.7625321470706523, 0.2705349409101757], "k_pid_vsp": [145.6768071088216, 125.77599276726518, 63.04466029238821]}, "datetime": {"datetime": "2025-08-11 16:37:59", "elapsed": 758.929212808609, "delta": 30.707162141799927}, "costs": {"total_cost": 828.998808391619, "time_cost": 150, "final_distance_cost": 33.69098388084026, "oscillation_cost": 397.15119582559566, "completition_cost": 111.11111111111116, "overshoot_cost": 68.71935348217394, "power_cost": 37.24930018310547, "noise_cost": 31.0768639087926, "n_waypoints_completed": 8, "tot_waypoints": 9}}
{"target": -1240.5261535087072, "params": {"k_pid_pos": [0.29565196674712907, 0.936127463375744, 0.43790403719875326], "k_pid_alt": [0.7666396455548197, 0.7296857086773779, 0.5529930652528999], "k_pid_att": [93.61399868384622, 7.803036908944531, 0.47936956412454035], "k_pid_yaw": [0.5, 1e-06, 0.1], "k_pid_hsp": [3.7636570988609144, 0.986631544924322, 0.7177602360036435], "k_pid_vsp": [380.47786400153643, 47.391431768337966, 340.2134718257794]}, "datetime": {"datetime": "2025-08-11 16:38:29", "elapsed": 789.3003458976746, "delta": 30.37113308906555}, "costs": {"total_cost": 1240.5261535087072, "time_cost": 150, "final_distance_cost": 68.7465254946226, "oscillation_cost": 211.20145452415883, "completition_cost": 666.6666666666667, "overshoot_cost": 76.42158062470708, "power_cost": 37.79990732421875, "noise_cost": 29.690018874333216, "n_waypoints_completed": 3, "tot_waypoints": 9}}
{"target": -1211.752514075012, "params": {"k_pid_pos": [1.274184060594016, 0.12192167833511258, 0.5882579999692207], "k_pid_alt": [1.3721927302108976, 0.012302685888602838, 0.45431796184174655], "k_pid_att": [82.53995111963212, 2.9536607175383645, 0.4585480817985511], "k_pid_yaw": [0.5, 1e-06, 0.1], "k_pid_hsp": [4.423197039266225, 0.3019273914424916, 0.9184418955155542], "k_pid_vsp": [312.51761417260633, 44.235365287855785, 398.8138631379946]}, "datetime": {"datetime": "2025-08-11 16:38:59", "elapsed": 819.3779437541962, "delta": 30.077597856521606}, "costs": {"total_cost": 1211.752514075012, "time_cost": 150, "final_distance_cost": 52.378173750256195, "oscillation_cost": 450.99663236032416, "completition_cost": 444.4444444444444, "overshoot_cost": 49.127146483742024, "power_cost": 35.89422602539063, "noise_cost": 28.911891010854344, "n_waypoints_completed": 5, "tot_waypoints": 9}}
{"target": -1275.7883687024753, "params": {"k_pid_pos": [1.7584121286130596, 0.28390843786403896, 0.8368965796609382], "k_pid_alt": [0.21283906374276573, 0.9991047304742386, 0.6656847361065369], "k_pid_att": [65.0125015558797, 0.904498225768629, 0.8970333988966253], "k_pid_yaw": [0.5, 1e-06, 0.1], "k_pid_hsp": [0.2900921320943738, 0.24082805804114704, 0.143021875166635], "k_pid_vsp": [310.7071762768874, 79.28169168695491, 364.2552909417159]}, "datetime": {"datetime": "2025-08-11 16:39:30", "elapsed": 849.9276854991913, "delta": 30.549741744995117}, "costs": {"total_cost": 1275.7883687024753, "time_cost": 150, "final_distance_cost": 65.46781457442857, "oscillation_cost": 261.13753036712177, "completition_cost": 666.6666666666667, "overshoot_cost": 67.49995843167538, "power_cost": 35.346875830078126, "noise_cost": 29.669522832504747, "n_waypoints_completed": 3, "tot_waypoints": 9}}
{"target": -606.2422334337574, "params": {"k_pid_pos": [1.3125724517510475, 0.036162710494696215, 0.0054298341287004614], "k_pid_alt": [0.10331583402879785, 0.6059251776477277, 0.8014818108594153], "k_pid_att": [23.855282062738848, 8.494103488346438, 0.057231940153260386], "k_pid_yaw": [0.5, 1e-06, 0.1], "k_pid_hsp": [8.009658440031398, 0.9277954301722804, 0.7721083991043806], "k_pid_vsp": [279.24831359145486, 335.19208762417304, 16.06052077867527]}, "datetime": {"datetime": "2025-08-11 16:39:55", "elapsed": 875.3054504394531, "delta": 25.37776494026184}, "costs": {"total_cost": 606.2422334337574, "time_cost": 100.821, "final_distance_cost": 1.78177079349174, "oscillation_cost": 386.00468382350954, "completition_cost": 0.0, "overshoot_cost": 62.94987461923156, "power_cost": 28.69119404296875, "noise_cost": 25.993710154555867, "n_waypoints_completed": 9, "tot_waypoints": 9}}
{"target": -1609.252020945037, "params": {"k_pid_pos": [0.40364404322703884, 0.12492367930564308, 0.5045309901929865], "k_pid_alt": [1.490376256657689, 0.6300118445763987, 0.851131099761935], "k_pid_att": [15.521299244109088, 7.346237457242422, 0.1930414908689041], "k_pid_yaw": [0.5, 1e-06, 0.1], "k_pid_hsp": [2.707660437302871, 0.7099046972813039, 0.9802047848986818], "k_pid_vsp": [244.61744239082782, 21.800126942017926, 246.52358835470415]}, "datetime": {"datetime": "2025-08-11 16:40:26", "elapsed": 905.7355663776398, "delta": 30.430115938186646}, "costs": {"total_cost": 1609.252020945037, "time_cost": 150, "final_distance_cost": 94.05521900899791, "oscillation_cost": 476.1216454511458, "completition_cost": 777.7777777777778, "overshoot_cost": 51.49107076801868, "power_cost": 29.94112998046875, "noise_cost": 29.86517795862778, "n_waypoints_completed": 2, "tot_waypoints": 9}}
{"target": -199.41407493390528, "params": {"k_pid_pos": [0.49275800590297264, 0.18848155022322047, 0.17888737446852812], "k_pid_alt": [1.515427128667956, 0.0, 0.949345597264735], "k_pid_att": [39.447728079683905, 3.8677381495188174, 0.1845336041603497], "k_pid_yaw": [0.5, 1e-06, 0.1], "k_pid_hsp": [0.09847755819799779, 0.011264223901387349, 0.0], "k_pid_vsp": [194.7624155113164, 20.0, 10.0]}, "datetime": {"datetime": "2025-08-11 16:40:47", "elapsed": 926.6027038097382, "delta": 20.86713743209839}, "costs": {"total_cost": 199.41407493390528, "time_cost": 82.138, "final_distance_cost": 1.8306666515134087, "oscillation_cost": 21.810001562287553, "completition_cost": 0.0, "overshoot_cost": 52.731944673443486, "power_cost": 20.621514489746094, "noise_cost": 20.28194755691474, "n_waypoints_completed": 9, "tot_waypoints": 9}}
{"target": -349.1850475990848, "params": {"k_pid_pos": [1.3885554450422086, 0.5811166092209024, 0.19977565166005762], "k_pid_alt": [1.6082490523645254, 0.7154071296158017, 0.7389840039155418], "k_pid_att": [13.105775155731326, 1.2376256611230811, 0.9275625510065076], "k_pid_yaw": [0.5, 1e-06, 0.1], "k_pid_hsp": [3.9758421804300244, 0.30094869178093975, 0.4885840453515333], "k_pid_vsp": [265.14568510543296, 382.2493028631647, 114.57849146637578]}, "datetime": {"datetime": "2025-08-11 16:41:10", "elapsed": 950.1510729789734, "delta": 23.54836916923523}, "costs": {"total_cost": 349.1850475990848, "time_cost": 89.635, "final_distance_cost": 1.7312422836553756, "oscillation_cost": 152.31204362236465, "completition_cost": 0.0, "overshoot_cost": 55.666917381269116, "power_cost": 26.552987915039065, "noise_cost": 23.286856396756534, "n_waypoints_completed": 9, "tot_waypoints": 9}}
{"target": -434.61716524510945, "params": {"k_pid_pos": [1.849624377781123, 0.024859491386256316, 0.5551980423268247], "k_pid_alt": [1.2679502233621702, 0.1058974037507533, 0.14033959706391264], "k_pid_att": [41.91143193163038, 9.662322498240602, 0.5960425532343728], "k_pid_yaw": [0.5, 1e-06, 0.1], "k_pid_hsp": [9.330238913679953, 0.8043609156129707, 0.4673816015552915], "k_pid_vsp": [313.90537970087496, 7.134714572958311, 43.657599597149975]}, "datetime": {"datetime": "2025-08-11 16:41:33", "elapsed": 973.1115684509277, "delta": 22.960495471954346}, "costs": {"total_cost": 434.61716524510945, "time_cost": 88.669, "final_distance_cost": 1.7724651139447738, "oscillation_cost": 243.52232855157132, "completition_cost": 0.0, "overshoot_cost": 52.76840699541022, "power_cost": 25.775060327148438, "noise_cost": 22.109904257034707, "n_waypoints_completed": 9, "tot_waypoints": 9}}
{"target": -523.1719279432726, "params": {"k_pid_pos": [0.49275800590297264, 0.18848155022322047, 0.17888737446852812], "k_pid_alt": [1.515427128667956, 0.0, 0.949345597264735], "k_pid_att": [48.09104283000786, 3.283679213926388, 0.5354347898300031], "k_pid_yaw": [0.5, 1e-06, 0.1], "k_pid_hsp": [8.485620031687368, 0.652587340560102, 0.8043918279470774], "k_pid_vsp": [213.08891042629608, 253.16705207413065, 115.26224638482907]}, "datetime": {"datetime": "2025-08-11 16:41:55", "elapsed": 995.316287279129, "delta": 22.204718828201294}, "costs": {"total_cost": 523.1719279432726, "time_cost": 88.522, "final_distance_cost": 1.839178931613504, "oscillation_cost": 330.3595702510368, "completition_cost": 0.0, "overshoot_cost": 52.957151793699104, "power_cost": 26.740253186035158, "noise_cost": 22.753773780888032, "n_waypoints_completed": 9, "tot_waypoints": 9}}
{"target": -1460.606436514503, "params": {"k_pid_pos": [0.6550583792686496, 0.37946407972692897, 0.6857433454559454], "k_pid_alt": [0.5937529491425706, 0.9488579267153404, 0.9163480195381779], "k_pid_att": [39.447728079683905, 3.8677381495188174, 0.1845336041603497], "k_pid_yaw": [0.5, 1e-06, 0.1], "k_pid_hsp": [0.09847755819799779, 0.011264223901387349, 0.0], "k_pid_vsp": [194.7624155113164, 20.0, 167.3600182443441]}, "datetime": {"datetime": "2025-08-11 16:42:25", "elapsed": 1025.0510437488556, "delta": 29.734756469726562}, "costs": {"total_cost": 1460.606436514503, "time_cost": 150, "final_distance_cost": 1.0000000000000138, "oscillation_cost": 3.3622896529600266, "completition_cost": 1000.0, "overshoot_cost": 163.04911851657653, "power_cost": 29.32200361328125, "noise_cost": 113.87302473168525, "n_waypoints_completed": 0, "tot_waypoints": 9}}
{"target": -336.2414933420727, "params": {"k_pid_pos": [1.3885554450422086, 0.5811166092209024, 0.19977565166005762], "k_pid_alt": [1.6082490523645254, 0.7154071296158017, 0.7389840039155418], "k_pid_att": [13.105775155731326, 1.2376256611230811, 0.9275625510065076], "k_pid_yaw": [0.5, 1e-06, 0.1], "k_pid_hsp": [4.3672302205847, 0.2145846728195292, 0.40852864372463615], "k_pid_vsp": [341.36122930726646, 93.57579511219681, 23.321097617323666]}, "datetime": {"datetime": "2025-08-11 16:42:48", "elapsed": 1047.6405999660492, "delta": 22.589556217193604}, "costs": {"total_cost": 336.2414933420727, "time_cost": 91.441, "final_distance_cost": 1.7328279701608567, "oscillation_cost": 140.49236230568582, "completition_cost": 0.0, "overshoot_cost": 55.22487717204132, "power_cost": 24.29566083984375, "noise_cost": 23.05476505434098, "n_waypoints_completed": 9, "tot_waypoints": 9}}
{"target": -528.2737708409511, "params": {"k_pid_pos": [1.3368390832847643, 0.4710962061431325, 0.5652361064811888], "k_pid_alt": [1.5299977148320512, 0.6347183200005908, 0.8419932110394631], "k_pid_att": [28.06114361336559, 3.0395705856163158, 0.030817834567939406], "k_pid_yaw": [0.5, 1e-06, 0.1], "k_pid_hsp": [3.9758421804300244, 0.30094869178093975, 0.8271734245206864], "k_pid_vsp": [265.14568510543296, 382.2493028631647, 114.57849146637578]}, "datetime": {"datetime": "2025-08-11 16:43:14", "elapsed": 1073.933700799942, "delta": 26.293100833892822}, "costs": {"total_cost": 528.2737708409511, "time_cost": 104.51, "final_distance_cost": 1.7703729213626291, "oscillation_cost": 301.43958627469317, "completition_cost": 0.0, "overshoot_cost": 63.53456354059561, "power_cost": 30.41715848388672, "noise_cost": 26.602089620412944, "n_waypoints_completed": 9, "tot_waypoints": 9}}
{"target": -1369.2662858014176, "params": {"k_pid_pos": [1.4338086892990753, 0.44936150214378867, 0.272241561845159], "k_pid_alt": [0.1927819243069986, 0.9026023965438417, 0.45577628983361107], "k_pid_att": [20.236336479523032, 2.0906556802565546, 0.579219568941896], "k_pid_yaw": [0.5, 1e-06, 0.1], "k_pid_hsp": [1.7678101521140233, 0.8566142840923755, 0.7585195298352101], "k_pid_vsp": [287.7851823803747, 172.83721647794843, 250.92353665366844]}, "datetime": {"datetime": "2025-08-11 16:43:44", "elapsed": 1103.6728765964508, "delta": 29.73917579650879}, "costs": {"total_cost": 1369.2662858014176, "time_cost": 150, "final_distance_cost": 90.83154988385989, "oscillation_cost": 235.01577541490158, "completition_cost": 777.7777777777778, "overshoot_cost": 49.77966532347755, "power_cost": 36.00828209228516, "noise_cost": 29.853235309115586, "n_waypoints_completed": 2, "tot_waypoints": 9}}
{"target": -456.97503323221866, "params": {"k_pid_pos": [1.849624377781123, 0.024859491386256316, 0.5551980423268247], "k_pid_alt": [1.2679502233621702, 0.7553301727947445, 0.14033959706391264], "k_pid_att": [41.91143193163038, 9.662322498240602, 0.5960425532343728], "k_pid_yaw": [0.5, 1e-06, 0.1], "k_pid_hsp": [9.330238913679953, 0.23285228494370624, 0.4673816015552915], "k_pid_vsp": [313.90537970087496, 7.134714572958311, 43.657599597149975]}, "datetime": {"datetime": "2025-08-11 16:44:06", "elapsed": 1125.6954834461212, "delta": 22.02260684967041}, "costs": {"total_cost": 456.97503323221866, "time_cost": 88.22800000000001, "final_distance_cost": 1.7681829251711305, "oscillation_cost": 260.8893444357328, "completition_cost": 0.0, "overshoot_cost": 57.63524677247126, "power_cost": 26.319353930664064, "noise_cost": 22.13490516817939, "n_waypoints_completed": 9, "tot_waypoints": 9}}
{"target": -1049.9152556402573, "params": {"k_pid_pos": [0.49275800590297264, 0.18848155022322047, 0.3666083849326124], "k_pid_alt": [1.515427128667956, 0.0, 0.949345597264735], "k_pid_att": [39.447728079683905, 3.8677381495188174, 0.47936956412454035], "k_pid_yaw": [0.5, 1e-06, 0.1], "k_pid_hsp": [3.7636570988609144, 0.986631544924322, 0.7177602360036435], "k_pid_vsp": [380.47786400153643, 47.391431768337966, 340.2134718257794]}, "datetime": {"datetime": "2025-08-11 16:44:36", "elapsed": 1155.7658243179321, "delta": 30.070340871810913}, "costs": {"total_cost": 1049.9152556402573, "time_cost": 150, "final_distance_cost": 73.38567336833732, "oscillation_cost": 382.2761414026823, "completition_cost": 333.33333333333337, "overshoot_cost": 48.359635374162735, "power_cost": 33.81535991210938, "noise_cost": 28.74511224963215, "n_waypoints_completed": 6, "tot_waypoints": 9}}
{"target": -1349.2936918214466, "params": {"k_pid_pos": [0.29565196674712907, 0.936127463375744, 0.43790403719875326], "k_pid_alt": [0.7666396455548197, 0.7296857086773779, 0.5529930652528999], "k_pid_att": [93.61399868384622, 7.803036908944531, 0.9274604585040267], "k_pid_yaw": [0.5, 1e-06, 0.1], "k_pid_hsp": [0.09847755819799779, 0.011264223901387349, 0.0], "k_pid_vsp": [111.20884264032553, 20.0, 10.0]}, "datetime": {"datetime": "2025-08-11 16:45:06", "elapsed": 1185.581363916397, "delta": 29.815539598464966}, "costs": {"total_cost": 1349.2936918214466, "time_cost": 150, "final_distance_cost": 46.111366559041535, "oscillation_cost": 59.437880141285305, "completition_cost": 1000.0, "overshoot_cost": 30.069968872795698, "power_cost": 32.06621824951172, "noise_cost": 31.608257998812427, "n_waypoints_completed": 0, "tot_waypoints": 9}}
{"target": -935.7752864831621, "params": {"k_pid_pos": [0.6550583792686496, 0.37946407972692897, 0.6857433454559454], "k_pid_alt": [0.5937529491425706, 0.9488579267153404, 0.9163480195381779], "k_pid_att": [48.09104283000786, 6.712347009944595, 0.33363775832823817], "k_pid_yaw": [0.5, 1e-06, 0.1], "k_pid_hsp": [8.983675636960621, 0.7625321470706523, 0.2705349409101757], "k_pid_vsp": [145.6768071088216, 125.77599276726518, 63.04466029238821]}, "datetime": {"datetime": "2025-08-11 16:45:36", "elapsed": 1215.5764770507812, "delta": 29.995113134384155}, "costs": {"total_cost": 935.7752864831621, "time_cost": 150, "final_distance_cost": 29.594929468127578, "oscillation_cost": 514.7535145839046, "completition_cost": 111.11111111111116, "overshoot_cost": 66.1822501849544, "power_cost": 34.44531954345703, "noise_cost": 29.68816159160732, "n_waypoints_completed": 8, "tot_waypoints": 9}}
{"target": -1259.6815457458586, "params": {"k_pid_pos": [1.8624793477566346, 0.11973358850112281, 0.7773431275291786], "k_pid_alt": [0.17541802382153682, 0.6578632850405278, 0.4186083007903795], "k_pid_att": [77.43214161418433, 3.283679213926388, 0.5354347898300031], "k_pid_yaw": [0.5, 1e-06, 0.1], "k_pid_hsp": [5.554661555206625, 0.652587340560102, 0.8043918279470774], "k_pid_vsp": [213.08891042629608, 149.08093714999134, 43.71291733654091]}, "datetime": {"datetime": "2025-08-11 16:46:05", "elapsed": 1245.0436658859253, "delta": 29.467188835144043}, "costs": {"total_cost": 1259.6815457458586, "time_cost": 150, "final_distance_cost": 56.04661761154109, "oscillation_cost": 489.0232538850416, "completition_cost": 444.4444444444444, "overshoot_cost": 56.19158269942375, "power_cost": 35.78353394775391, "noise_cost": 28.192113157653637, "n_waypoints_completed": 5, "tot_waypoints": 9}}
{"target": -1125.8913459463292, "params": {"k_pid_pos": [1.4698128353043505, 0.20240459312571835, 0.23453515044129858], "k_pid_alt": [1.7214381366517881, 0.13210283730154393, 0.5146293421163498], "k_pid_att": [9.50957482299346, 4.013615439978124, 0.08449321882352023], "k_pid_yaw": [0.5, 1e-06, 0.1], "k_pid_hsp": [9.35940463302399, 0.13740793003780216, 0.9588802459090804], "k_pid_vsp": [320.3536704340387, 237.47280219285963, 313.04964206919465]}, "datetime": {"datetime": "2025-08-11 16:46:35", "elapsed": 1275.1811845302582, "delta": 30.137518644332886}, "costs": {"total_cost": 1125.8913459463292, "time_cost": 150, "final_distance_cost": 67.9052369780987, "oscillation_cost": 453.62910553857114, "completition_cost": 333.33333333333337, "overshoot_cost": 58.159416695557006, "power_cost": 33.78220482177735, "noise_cost": 29.08204857899155, "n_waypoints_completed": 6, "tot_waypoints": 9}}
{"target": -781.1199384693819, "params": {"k_pid_pos": [1.5902501664822735, 0.9460270628173303, 0.2533833538391872], "k_pid_alt": [1.1801517907166184, 0.09504919756440122, 0.34192693854566036], "k_pid_att": [17.12913040927888, 5.649549619663271, 0.5724305140338497], "k_pid_yaw": [0.5, 1e-06, 0.1], "k_pid_hsp": [4.659904931296975, 0.5226317755131228, 0.7639233900065879], "k_pid_vsp": [319.69788660482664, 196.86128673801844, 239.83737700945147]}, "datetime": {"datetime": "2025-08-11 16:47:05", "elapsed": 1304.9501638412476, "delta": 29.76897931098938}, "costs": {"total_cost": 781.1199384693819, "time_cost": 150, "final_distance_cost": 62.72581789598128, "oscillation_cost": 218.77506304507398, "completition_cost": 222.2222222222222, "overshoot_cost": 61.393078105120296, "power_cost": 36.172530517578124, "noise_cost": 29.831226683406047, "n_waypoints_completed": 7, "tot_waypoints": 9}}
{"target": -440.08506029966395, "params": {"k_pid_pos": [1.4920539590588684, 0.20197903768878156, 0.4532799165001634], "k_pid_alt": [0.13311771391035632, 0.5944336637564518, 0.7389840039155418], "k_pid_att": [13.105775155731326, 1.2376256611230811, 0.9275625510065076], "k_pid_yaw": [0.5, 1e-06, 0.1], "k_pid_hsp": [3.9758421804300244, 0.30094869178093975, 0.4885840453515333], "k_pid_vsp": [265.14568510543296, 382.2493028631647, 114.57849146637578]}, "datetime": {"datetime": "2025-08-11 16:47:30", "elapsed": 1330.0824642181396, "delta": 25.13230037689209}, "costs": {"total_cost": 440.08506029966395, "time_cost": 102.333, "final_distance_cost": 1.7932202558415142, "oscillation_cost": 216.98384327862968, "completition_cost": 0.0, "overshoot_cost": 64.70481053170842, "power_cost": 29.27176240234375, "noise_cost": 24.998423831140624, "n_waypoints_completed": 9, "tot_waypoints": 9}}
{"target": -527.2792238122751, "params": {"k_pid_pos": [1.3885554450422086, 0.5811166092209024, 0.19977565166005762], "k_pid_alt": [1.6082490523645254, 0.7154071296158017, 0.14617324419269828], "k_pid_att": [82.46641904563413, 3.1034157057733522, 0.14387193297114265], "k_pid_yaw": [0.5, 1e-06, 0.1], "k_pid_hsp": [9.209712627827253, 0.16553172273527816, 0.28472008233793555], "k_pid_vsp": [61.44535807682345, 46.19602635065192, 8.459207513427996]}, "datetime": {"datetime": "2025-08-11 16:47:53", "elapsed": 1353.2179985046387, "delta": 23.135534286499023}, "costs": {"total_cost": 527.2792238122751, "time_cost": 92.141, "final_distance_cost": 1.756310678955701, "oscillation_cost": 326.8520586096479, "completition_cost": 0.0, "overshoot_cost": 54.43948667374677, "power_cost": 26.59289510498047, "noise_cost": 25.497472744944236, "n_waypoints_completed": 9, "tot_waypoints": 9}}
{"target": -537.9672404304791, "params": {"k_pid_pos": [1.3368390832847643, 0.4710962061431325, 0.5652361064811888], "k_pid_alt": [1.5299977148320512, 0.6347183200005908, 0.5535794006579958], "k_pid_att": [55.92071607454135, 9.597749245839971, 0.030817834567939406], "k_pid_yaw": [0.5, 1e-06, 0.1], "k_pid_hsp": [2.4607415083882347, 0.45511784241176234, 0.40852864372463615], "k_pid_vsp": [341.36122930726646, 44.64014818809031, 63.04466029238821]}, "datetime": {"datetime": "2025-08-11 16:48:16", "elapsed": 1376.3614153862, "delta": 23.14341688156128}, "costs": {"total_cost": 537.9672404304791, "time_cost": 92.526, "final_distance_cost": 1.756132178355482, "oscillation_cost": 337.79553675730807, "completition_cost": 0.0, "overshoot_cost": 55.46068200911282, "power_cost": 27.725016235351564, "noise_cost": 22.703873250351194, "n_waypoints_completed": 9, "tot_waypoints": 9}}
