{"target": -211.05032435211962, "params": {"k_pid_pos": [1.0031316701085804, 0.024859491386256316, 0.40092638265648595], "k_pid_alt": [1.2679502233621702, 0.0, 0.06527723447865985], "k_pid_att": [24.0942673894178, 0.18205753750414305, 0.73590781336997], "k_pid_yaw": [0.5, 1e-06, 0.1], "k_pid_hsp": [9.661409074882902, 0.011264223901387349, 0.0], "k_pid_vsp": [360.3759557007902, 235.29707175635923, 21.011196465382298]}, "datetime": {"datetime": "2025-08-11 23:56:17", "elapsed": 27056.44471168518, "delta": 18.53153419494629}, "costs": {"total_cost": 211.05032435211962, "time_cost": 72.464, "final_distance_cost": 1.8495534473044746, "oscillation_cost": 48.32660829747314, "completition_cost": 0.0, "overshoot_cost": 50.464513167617774, "power_cost": 18.79629189453125, "noise_cost": 19.149357545192977, "n_waypoints_completed": 9, "tot_waypoints": 9}}
{"target": -184.36499308131374, "params": {"k_pid_pos": [1.0031316701085804, 0.024859491386256316, 0.40092638265648595], "k_pid_alt": [1.7297729984189598, 0.0, 0.06527723447865985], "k_pid_att": [24.0942673894178, 2.6889016979653872, 0.666719676683535], "k_pid_yaw": [0.5, 1e-06, 0.1], "k_pid_hsp": [0.09847755819799779, 0.011264223901387349, 0.0], "k_pid_vsp": [292.94687076665593, 307.0029666248519, 21.011196465382298]}, "datetime": {"datetime": "2025-08-11 23:56:35", "elapsed": 27074.666880846024, "delta": 18.222169160842896}, "costs": {"total_cost": 184.36499308131374, "time_cost": 70.056, "final_distance_cost": 1.8310263922543712, "oscillation_cost": 26.05475972021049, "completition_cost": 0.0, "overshoot_cost": 50.80198714820536, "power_cost": 17.97278552246094, "noise_cost": 17.648434298182558, "n_waypoints_completed": 9, "tot_waypoints": 9}}
{"target": -187.55935758940691, "params": {"k_pid_pos": [1.0031316701085804, 0.024859491386256316, 0.40092638265648595], "k_pid_alt": [1.7297729984189598, 0.0, 0.06527723447865985], "k_pid_att": [24.0942673894178, 0.18205753750414305, 0.73590781336997], "k_pid_yaw": [0.5, 1e-06, 0.1], "k_pid_hsp": [0.09847755819799779, 0.011264223901387349, 0.0], "k_pid_vsp": [33.09370770872002, 307.0029666248519, 21.011196465382298]}, "datetime": {"datetime": "2025-08-11 23:56:52", "elapsed": 27092.243000984192, "delta": 17.576120138168335}, "costs": {"total_cost": 187.55935758940691, "time_cost": 70.77, "final_distance_cost": 1.8259274511860906, "oscillation_cost": 28.470172415346344, "completition_cost": 0.0, "overshoot_cost": 50.806061871652545, "power_cost": 18.413579125976565, "noise_cost": 17.2736167252454, "n_waypoints_completed": 9, "tot_waypoints": 9}}
{"target": -193.74744110934083, "params": {"k_pid_pos": [1.0303987325070019, 0.024859491386256316, 0.9451257094832697], "k_pid_alt": [1.2679502233621702, 0.0, 0.06527723447865985], "k_pid_att": [24.0942673894178, 0.18205753750414305, 0.8000710073097888], "k_pid_yaw": [0.5, 1e-06, 0.1], "k_pid_hsp": [0.09847755819799779, 0.011264223901387349, 0.0], "k_pid_vsp": [292.94687076665593, 59.083466427248936, 21.011196465382298]}, "datetime": {"datetime": "2025-08-11 23:57:12", "elapsed": 27111.598845243454, "delta": 19.355844259262085}, "costs": {"total_cost": 193.74744110934083, "time_cost": 76.083, "final_distance_cost": 1.850091890595398, "oscillation_cost": 24.722041637346997, "completition_cost": 0.0, "overshoot_cost": 51.83569336848744, "power_cost": 19.386175146484376, "noise_cost": 19.87043906642661, "n_waypoints_completed": 9, "tot_waypoints": 9}}
{"target": -185.13033333533272, "params": {"k_pid_pos": [1.0031316701085804, 0.024859491386256316, 0.40092638265648595], "k_pid_alt": [1.8467889235776584, 0.0, 0.06527723447865985], "k_pid_att": [81.50781704084231, 0.18205753750414305, 0.7742097595242466], "k_pid_yaw": [0.5, 1e-06, 0.1], "k_pid_hsp": [0.09847755819799779, 0.011264223901387349, 0.0], "k_pid_vsp": [292.94687076665593, 307.0029666248519, 21.011196465382298]}, "datetime": {"datetime": "2025-08-11 23:57:31", "elapsed": 27130.44895553589, "delta": 18.850110292434692}, "costs": {"total_cost": 185.13033333533272, "time_cost": 70.154, "final_distance_cost": 1.8356189453496343, "oscillation_cost": 26.173954158111286, "completition_cost": 0.0, "overshoot_cost": 50.88380132297755, "power_cost": 18.252038122558595, "noise_cost": 17.830920786335657, "n_waypoints_completed": 9, "tot_waypoints": 9}}
{"target": -189.445167983944, "params": {"k_pid_pos": [1.9475525933111357, 0.024859491386256316, 0.40092638265648595], "k_pid_alt": [1.7297729984189598, 0.0, 0.06527723447865985], "k_pid_att": [24.0942673894178, 0.18205753750414305, 0.8792759721912583], "k_pid_yaw": [0.5, 1e-06, 0.1], "k_pid_hsp": [0.09847755819799779, 0.011264223901387349, 0.0], "k_pid_vsp": [315.6746539590211, 307.0029666248519, 21.011196465382298]}, "datetime": {"datetime": "2025-08-11 23:57:49", "elapsed": 27148.90327167511, "delta": 18.45431613922119}, "costs": {"total_cost": 189.445167983944, "time_cost": 69.328, "final_distance_cost": 1.7970488985703992, "oscillation_cost": 31.704455941845907, "completition_cost": 0.0, "overshoot_cost": 50.63582350869328, "power_cost": 18.180153857421875, "noise_cost": 17.79968577741253, "n_waypoints_completed": 9, "tot_waypoints": 9}}
{"target": -191.850125710876, "params": {"k_pid_pos": [1.3873324295523621, 0.024859491386256316, 0.5374545101912236], "k_pid_alt": [1.2547444455457333, 0.0, 0.2915903713486512], "k_pid_att": [24.0942673894178, 1.1889791607388933, 0.8792759721912583], "k_pid_yaw": [0.5, 1e-06, 0.1], "k_pid_hsp": [2.801925256194032, 0.011264223901387349, 0.0], "k_pid_vsp": [316.2191682070645, 205.38401218364257, 21.011196465382298]}, "datetime": {"datetime": "2025-08-11 23:58:07", "elapsed": 27166.56891965866, "delta": 17.665647983551025}, "costs": {"total_cost": 191.850125710876, "time_cost": 70.574, "final_distance_cost": 1.8443234900334715, "oscillation_cost": 33.13509901499444, "completition_cost": 0.0, "overshoot_cost": 49.619906297151545, "power_cost": 18.423497814941406, "noise_cost": 18.253299093755118, "n_waypoints_completed": 9, "tot_waypoints": 9}}
{"target": -183.8110225273971, "params": {"k_pid_pos": [1.0031316701085804, 0.024859491386256316, 0.40092638265648595], "k_pid_alt": [1.7297729984189598, 0.0, 0.06527723447865985], "k_pid_att": [24.0942673894178, 0.18205753750414305, 0.666719676683535], "k_pid_yaw": [0.5, 1e-06, 0.1], "k_pid_hsp": [0.09847755819799779, 0.011264223901387349, 0.0], "k_pid_vsp": [292.94687076665593, 307.0029666248519, 21.011196465382298]}, "datetime": {"datetime": "2025-08-11 23:58:25", "elapsed": 27184.781294584274, "delta": 18.212374925613403}, "costs": {"total_cost": 183.8110225273971, "time_cost": 70.07000000000001, "final_distance_cost": 1.8304748413350997, "oscillation_cost": 25.975194414413714, "completition_cost": 0.0, "overshoot_cost": 50.3368091434941, "power_cost": 17.946738708496095, "noise_cost": 17.651805419658114, "n_waypoints_completed": 9, "tot_waypoints": 9}}
{"target": -183.8110225273971, "params": {"k_pid_pos": [1.0031316701085804, 0.024859491386256316, 0.40092638265648595], "k_pid_alt": [1.7297729984189598, 0.0, 0.06527723447865985], "k_pid_att": [24.0942673894178, 0.18205753750414305, 0.666719676683535], "k_pid_yaw": [0.5, 1e-06, 0.1], "k_pid_hsp": [0.09847755819799779, 0.011264223901387349, 0.0], "k_pid_vsp": [292.94687076665593, 307.0029666248519, 21.011196465382298]}, "datetime": {"datetime": "2025-08-11 23:58:42", "elapsed": 27202.124772310257, "delta": 17.343477725982666}, "costs": {"total_cost": 183.8110225273971, "time_cost": 70.07000000000001, "final_distance_cost": 1.8304748413350997, "oscillation_cost": 25.975194414413714, "completition_cost": 0.0, "overshoot_cost": 50.3368091434941, "power_cost": 17.946738708496095, "noise_cost": 17.651805419658114, "n_waypoints_completed": 9, "tot_waypoints": 9}}
{"target": -183.8110225273971, "params": {"k_pid_pos": [1.0031316701085804, 0.024859491386256316, 0.40092638265648595], "k_pid_alt": [1.7297729984189598, 0.0, 0.06527723447865985], "k_pid_att": [24.0942673894178, 0.18205753750414305, 0.666719676683535], "k_pid_yaw": [0.5, 1e-06, 0.1], "k_pid_hsp": [0.09847755819799779, 0.011264223901387349, 0.0], "k_pid_vsp": [292.94687076665593, 307.0029666248519, 21.011196465382298]}, "datetime": {"datetime": "2025-08-11 23:59:00", "elapsed": 27219.579853773117, "delta": 17.455081462860107}, "costs": {"total_cost": 183.8110225273971, "time_cost": 70.07000000000001, "final_distance_cost": 1.8304748413350997, "oscillation_cost": 25.975194414413714, "completition_cost": 0.0, "overshoot_cost": 50.3368091434941, "power_cost": 17.946738708496095, "noise_cost": 17.651805419658114, "n_waypoints_completed": 9, "tot_waypoints": 9}}
{"target": -184.26631777098956, "params": {"k_pid_pos": [1.0031316701085804, 0.024859491386256316, 0.40092638265648595], "k_pid_alt": [1.7297729984189598, 0.0, 0.06527723447865985], "k_pid_att": [24.0942673894178, 5.859554809351448, 0.666719676683535], "k_pid_yaw": [0.5, 1e-06, 0.1], "k_pid_hsp": [0.09847755819799779, 0.011264223901387349, 0.0], "k_pid_vsp": [264.9966777379314, 307.0029666248519, 21.011196465382298]}, "datetime": {"datetime": "2025-08-11 23:59:18", "elapsed": 27237.420282125473, "delta": 17.840428352355957}, "costs": {"total_cost": 184.26631777098956, "time_cost": 70.028, "final_distance_cost": 1.8384083995869989, "oscillation_cost": 26.215678594637055, "completition_cost": 0.0, "overshoot_cost": 50.592499933521665, "power_cost": 17.9928791015625, "noise_cost": 17.598851741681326, "n_waypoints_completed": 9, "tot_waypoints": 9}}
{"target": -186.30437892527416, "params": {"k_pid_pos": [1.0031316701085804, 0.024859491386256316, 0.40092638265648595], "k_pid_alt": [1.7297729984189598, 0.0, 0.06527723447865985], "k_pid_att": [24.0942673894178, 9.862826079085128, 0.666719676683535], "k_pid_yaw": [0.5, 1e-06, 0.1], "k_pid_hsp": [0.09847755819799779, 0.011264223901387349, 0.0], "k_pid_vsp": [78.76564955932119, 307.0029666248519, 21.011196465382298]}, "datetime": {"datetime": "2025-08-11 23:59:35", "elapsed": 27255.11228275299, "delta": 17.6920006275177}, "costs": {"total_cost": 186.30437892527416, "time_cost": 70.203, "final_distance_cost": 1.8263076910374134, "oscillation_cost": 27.494809177209948, "completition_cost": 0.0, "overshoot_cost": 51.008192920831156, "power_cost": 18.088506457519532, "noise_cost": 17.683562678676118, "n_waypoints_completed": 9, "tot_waypoints": 9}}
{"target": -194.1445222724494, "params": {"k_pid_pos": [1.0303987325070019, 0.024859491386256316, 0.9451257094832697], "k_pid_alt": [1.2679502233621702, 0.0, 0.06527723447865985], "k_pid_att": [29.46763110571006, 0.18205753750414305, 0.8000710073097888], "k_pid_yaw": [0.5, 1e-06, 0.1], "k_pid_hsp": [0.09847755819799779, 0.011264223901387349, 0.0], "k_pid_vsp": [292.94687076665593, 59.083466427248936, 21.011196465382298]}, "datetime": {"datetime": "2025-08-11 23:59:54", "elapsed": 27273.891062498093, "delta": 18.77877974510193}, "costs": {"total_cost": 194.1445222724494, "time_cost": 76.069, "final_distance_cost": 1.8527224029704328, "oscillation_cost": 24.7783283609564, "completition_cost": 0.0, "overshoot_cost": 52.12927196817909, "power_cost": 19.413621850585937, "noise_cost": 19.901577689757527, "n_waypoints_completed": 9, "tot_waypoints": 9}}
{"target": -190.73085267874944, "params": {"k_pid_pos": [1.9475525933111357, 0.024859491386256316, 0.40092638265648595], "k_pid_alt": [1.7297729984189598, 0.0, 0.06527723447865985], "k_pid_att": [5.660560806625048, 0.18205753750414305, 0.8792759721912583], "k_pid_yaw": [0.5, 1e-06, 0.1], "k_pid_hsp": [0.09847755819799779, 0.011264223901387349, 0.0], "k_pid_vsp": [110.56511661686339, 163.84421639189063, 21.011196465382298]}, "datetime": {"datetime": "2025-08-12 00:00:15", "elapsed": 27295.01439142227, "delta": 21.123328924179077}, "costs": {"total_cost": 190.73085267874944, "time_cost": 69.755, "final_distance_cost": 1.7971353934077337, "oscillation_cost": 31.29977055610292, "completition_cost": 0.0, "overshoot_cost": 52.054380857893186, "power_cost": 18.229603198242188, "noise_cost": 17.594962673103417, "n_waypoints_completed": 9, "tot_waypoints": 9}}
{"target": -188.11730301351497, "params": {"k_pid_pos": [1.0031316701085804, 0.024859491386256316, 0.40092638265648595], "k_pid_alt": [1.2679502233621702, 0.0, 0.7411234869318217], "k_pid_att": [84.98699684477904, 0.18205753750414305, 0.73590781336997], "k_pid_yaw": [0.5, 1e-06, 0.1], "k_pid_hsp": [0.09847755819799779, 0.011264223901387349, 0.0], "k_pid_vsp": [110.56511661686339, 307.0029666248519, 21.011196465382298]}, "datetime": {"datetime": "2025-08-12 00:00:35", "elapsed": 27314.38370656967, "delta": 19.369315147399902}, "costs": {"total_cost": 188.11730301351497, "time_cost": 72.66, "final_distance_cost": 1.8404398142462115, "oscillation_cost": 26.756524707634014, "completition_cost": 0.0, "overshoot_cost": 50.67195581038834, "power_cost": 18.394309729003908, "noise_cost": 17.79407295224252, "n_waypoints_completed": 9, "tot_waypoints": 9}}
{"target": -184.35528232002662, "params": {"k_pid_pos": [1.0031316701085804, 0.024859491386256316, 0.40092638265648595], "k_pid_alt": [1.7297729984189598, 0.0, 0.06527723447865985], "k_pid_att": [24.0942673894178, 0.18205753750414305, 0.9786068342296788], "k_pid_yaw": [0.5, 1e-06, 0.1], "k_pid_hsp": [0.09847755819799779, 0.011264223901387349, 0.0], "k_pid_vsp": [292.94687076665593, 307.0029666248519, 21.011196465382298]}, "datetime": {"datetime": "2025-08-12 00:00:52", "elapsed": 27331.714803934097, "delta": 17.33109736442566}, "costs": {"total_cost": 184.35528232002662, "time_cost": 70.077, "final_distance_cost": 1.8363795328712942, "oscillation_cost": 25.913684120457425, "completition_cost": 0.0, "overshoot_cost": 50.66965424533052, "power_cost": 18.14797941894531, "noise_cost": 17.71058500242209, "n_waypoints_completed": 9, "tot_waypoints": 9}}
{"target": -188.74177101421986, "params": {"k_pid_pos": [1.0031316701085804, 0.024859491386256316, 0.5374545101912236], "k_pid_alt": [1.2679502233621702, 0.0, 0.06527723447865985], "k_pid_att": [24.0942673894178, 5.8998316386557885, 0.8792759721912583], "k_pid_yaw": [0.5, 1e-06, 0.1], "k_pid_hsp": [0.09847755819799779, 0.02741548690539819, 0.0], "k_pid_vsp": [292.94687076665593, 307.0029666248519, 64.74280647471554]}, "datetime": {"datetime": "2025-08-12 00:01:11", "elapsed": 27350.80882000923, "delta": 19.094016075134277}, "costs": {"total_cost": 188.74177101421986, "time_cost": 71.596, "final_distance_cost": 1.8497616483453159, "oscillation_cost": 27.8101361558339, "completition_cost": 0.0, "overshoot_cost": 50.4500960095406, "power_cost": 18.6678462890625, "noise_cost": 18.36793091143753, "n_waypoints_completed": 9, "tot_waypoints": 9}}
{"target": -184.68668797621058, "params": {"k_pid_pos": [1.0031316701085804, 0.024859491386256316, 0.40092638265648595], "k_pid_alt": [1.7297729984189598, 0.0, 0.06527723447865985], "k_pid_att": [24.0942673894178, 0.18205753750414305, 0.8792759721912583], "k_pid_yaw": [0.5, 1e-06, 0.1], "k_pid_hsp": [0.09847755819799779, 0.011264223901387349, 0.0], "k_pid_vsp": [292.94687076665593, 307.0029666248519, 21.011196465382298]}, "datetime": {"datetime": "2025-08-12 00:01:29", "elapsed": 27369.33288860321, "delta": 18.524068593978882}, "costs": {"total_cost": 184.68668797621058, "time_cost": 70.063, "final_distance_cost": 1.835421646581954, "oscillation_cost": 25.98481953310545, "completition_cost": 0.0, "overshoot_cost": 50.96121060858782, "power_cost": 18.09006646728516, "noise_cost": 17.7521697206502, "n_waypoints_completed": 9, "tot_waypoints": 9}}
{"target": -183.8110225273971, "params": {"k_pid_pos": [1.0031316701085804, 0.024859491386256316, 0.40092638265648595], "k_pid_alt": [1.7297729984189598, 0.0, 0.06527723447865985], "k_pid_att": [24.0942673894178, 0.18205753750414305, 0.666719676683535], "k_pid_yaw": [0.5, 1e-06, 0.1], "k_pid_hsp": [0.09847755819799779, 0.011264223901387349, 0.0], "k_pid_vsp": [292.94687076665593, 307.0029666248519, 21.011196465382298]}, "datetime": {"datetime": "2025-08-12 00:01:48", "elapsed": 27387.672501564026, "delta": 18.33961296081543}, "costs": {"total_cost": 183.8110225273971, "time_cost": 70.07000000000001, "final_distance_cost": 1.8304748413350997, "oscillation_cost": 25.975194414413714, "completition_cost": 0.0, "overshoot_cost": 50.3368091434941, "power_cost": 17.946738708496095, "noise_cost": 17.651805419658114, "n_waypoints_completed": 9, "tot_waypoints": 9}}
{"target": -194.0017160728546, "params": {"k_pid_pos": [1.3873324295523621, 0.31277452455499244, 0.5374545101912236], "k_pid_alt": [1.1322102414463147, 0.0, 0.2915903713486512], "k_pid_att": [24.0942673894178, 0.4746071483446615, 0.8792759721912583], "k_pid_yaw": [0.5, 1e-06, 0.1], "k_pid_hsp": [2.801925256194032, 0.011264223901387349, 0.0], "k_pid_vsp": [316.2191682070645, 205.38401218364257, 21.011196465382298]}, "datetime": {"datetime": "2025-08-12 00:02:06", "elapsed": 27406.09743785858, "delta": 18.424936294555664}, "costs": {"total_cost": 194.0017160728546, "time_cost": 71.561, "final_distance_cost": 1.8097589682916142, "oscillation_cost": 33.53531049963323, "completition_cost": 0.0, "overshoot_cost": 50.35063325571764, "power_cost": 18.6297470703125, "noise_cost": 18.115266278899597, "n_waypoints_completed": 9, "tot_waypoints": 9}}
{"target": -828.5341901111622, "params": {"k_pid_pos": [1.0031316701085804, 0.024859491386256316, 0.9837022460713571], "k_pid_alt": [1.2679502233621702, 0.0, 0.26930141191004886], "k_pid_att": [24.0942673894178, 0.18205753750414305, 0.8073907050301506], "k_pid_yaw": [0.5, 1e-06, 0.1], "k_pid_hsp": [0.09847755819799779, 0.7315990604468636, 0.0], "k_pid_vsp": [292.94687076665593, 307.0029666248519, 21.011196465382298]}, "datetime": {"datetime": "2025-08-12 00:02:38", "elapsed": 27437.869575977325, "delta": 31.772138118743896}, "costs": {"total_cost": 828.5341901111622, "time_cost": 150, "final_distance_cost": 58.89799388790676, "oscillation_cost": 149.88586403192417, "completition_cost": 333.33333333333337, "overshoot_cost": 67.34527737604404, "power_cost": 35.579982666015624, "noise_cost": 33.491738815938184, "n_waypoints_completed": 6, "tot_waypoints": 9}}
{"target": -1328.795284834056, "params": {"k_pid_pos": [1.0031316701085804, 0.024859491386256316, 0.40092638265648595], "k_pid_alt": [1.7297729984189598, 0.0, 0.6309970689692205], "k_pid_att": [78.08713442726881, 4.514399977632767, 0.2977476601316654], "k_pid_yaw": [0.5, 1e-06, 0.1], "k_pid_hsp": [0.09847755819799779, 0.011264223901387349, 0.0], "k_pid_vsp": [292.94687076665593, 307.0029666248519, 242.3589635706049]}, "datetime": {"datetime": "2025-08-12 00:03:09", "elapsed": 27468.738702774048, "delta": 30.869126796722412}, "costs": {"total_cost": 1328.795284834056, "time_cost": 150, "final_distance_cost": 43.50570003083596, "oscillation_cost": 6.992662543069953, "completition_cost": 1000.0, "overshoot_cost": 71.87858052337056, "power_cost": 29.411918176269534, "noise_cost": 27.00642356050986, "n_waypoints_completed": 0, "tot_waypoints": 9}}
{"target": -977.5108483758029, "params": {"k_pid_pos": [1.9475525933111357, 0.024859491386256316, 0.07756297750739305], "k_pid_alt": [1.7297729984189598, 0.0, 0.06527723447865985], "k_pid_att": [24.0942673894178, 0.18205753750414305, 0.8792759721912583], "k_pid_yaw": [0.5, 1e-06, 0.1], "k_pid_hsp": [0.09847755819799779, 0.011264223901387349, 0.38180230248846925], "k_pid_vsp": [292.94687076665593, 307.0029666248519, 21.011196465382298]}, "datetime": {"datetime": "2025-08-12 00:03:40", "elapsed": 27500.078048944473, "delta": 31.339346170425415}, "costs": {"total_cost": 977.5108483758029, "time_cost": 150, "final_distance_cost": 59.85336376022297, "oscillation_cost": 396.914953751306, "completition_cost": 222.2222222222222, "overshoot_cost": 88.65774726663099, "power_cost": 31.825911267089847, "noise_cost": 28.0366501083309, "n_waypoints_completed": 7, "tot_waypoints": 9}}
{"target": -185.20740252844215, "params": {"k_pid_pos": [1.0031316701085804, 0.024859491386256316, 0.40092638265648595], "k_pid_alt": [1.8467889235776584, 0.0, 0.6853371560380503], "k_pid_att": [81.50781704084231, 0.18205753750414305, 0.7742097595242466], "k_pid_yaw": [0.5, 1e-06, 0.1], "k_pid_hsp": [0.09847755819799779, 0.011264223901387349, 0.0], "k_pid_vsp": [292.94687076665593, 307.0029666248519, 21.011196465382298]}, "datetime": {"datetime": "2025-08-12 00:03:58", "elapsed": 27517.553936481476, "delta": 17.475887537002563}, "costs": {"total_cost": 185.20740252844215, "time_cost": 70.728, "final_distance_cost": 1.8303355054991568, "oscillation_cost": 26.067121083525155, "completition_cost": 0.0, "overshoot_cost": 50.45804329177023, "power_cost": 18.253327880859377, "noise_cost": 17.87057476678823, "n_waypoints_completed": 9, "tot_waypoints": 9}}
{"target": -184.36499308131374, "params": {"k_pid_pos": [1.0031316701085804, 0.024859491386256316, 0.40092638265648595], "k_pid_alt": [1.7297729984189598, 0.0, 0.06527723447865985], "k_pid_att": [24.0942673894178, 2.6889016979653872, 0.666719676683535], "k_pid_yaw": [0.5, 1e-06, 0.1], "k_pid_hsp": [0.09847755819799779, 0.011264223901387349, 0.0], "k_pid_vsp": [292.94687076665593, 307.0029666248519, 21.011196465382298]}, "datetime": {"datetime": "2025-08-12 00:04:16", "elapsed": 27536.117008686066, "delta": 18.563072204589844}, "costs": {"total_cost": 184.36499308131374, "time_cost": 70.056, "final_distance_cost": 1.8310263922543712, "oscillation_cost": 26.05475972021049, "completition_cost": 0.0, "overshoot_cost": 50.80198714820536, "power_cost": 17.97278552246094, "noise_cost": 17.648434298182558, "n_waypoints_completed": 9, "tot_waypoints": 9}}
