{"target": -186.71554823694282, "params": {"k_pid_pos": [1.0031316701085804, 0.024859491386256316, 0.3353774509995945], "k_pid_alt": [1.3959173657108794, 0.0, 0.8285330192795117], "k_pid_att": [24.0942673894178, 0.18205753750414305, 0.8792759721912583], "k_pid_yaw": [0.5, 1e-06, 0.1], "k_pid_hsp": [0.09847755819799779, 0.011264223901387349, 0.0], "k_pid_vsp": [292.94687076665593, 307.0029666248519, 21.011196465382298]}, "datetime": {"datetime": "2025-08-11 23:47:24", "elapsed": 26523.40987110138, "delta": 18.536391258239746}, "costs": {"total_cost": 186.71554823694282, "time_cost": 72.128, "final_distance_cost": 1.8182956077170171, "oscillation_cost": 26.208314671638075, "completition_cost": 0.0, "overshoot_cost": 50.81036823141127, "power_cost": 18.13290360107422, "noise_cost": 17.61766612510222, "n_waypoints_completed": 9, "tot_waypoints": 9}}
{"target": -197.44341224681756, "params": {"k_pid_pos": [1.097674141165482, 0.024859491386256316, 0.8092599635047751], "k_pid_alt": [0.8287604735407312, 0.41495670262089157, 0.2915903713486512], "k_pid_att": [24.0942673894178, 1.7717243195899302, 0.8792759721912583], "k_pid_yaw": [0.5, 1e-06, 0.1], "k_pid_hsp": [0.09847755819799779, 0.011264223901387349, 0.0], "k_pid_vsp": [292.94687076665593, 162.93713400307487, 21.011196465382298]}, "datetime": {"datetime": "2025-08-11 23:47:44", "elapsed": 26543.951297044754, "delta": 20.541425943374634}, "costs": {"total_cost": 197.44341224681756, "time_cost": 78.897, "final_distance_cost": 1.7800922990120367, "oscillation_cost": 25.909491096965997, "completition_cost": 0.0, "overshoot_cost": 52.413835785480934, "power_cost": 19.571992492675783, "noise_cost": 18.871000572682814, "n_waypoints_completed": 9, "tot_waypoints": 9}}
{"target": -183.8110225273971, "params": {"k_pid_pos": [1.0031316701085804, 0.024859491386256316, 0.40092638265648595], "k_pid_alt": [1.7297729984189598, 0.0, 0.06527723447865985], "k_pid_att": [24.0942673894178, 0.18205753750414305, 0.666719676683535], "k_pid_yaw": [0.5, 1e-06, 0.1], "k_pid_hsp": [0.09847755819799779, 0.011264223901387349, 0.0], "k_pid_vsp": [292.94687076665593, 307.0029666248519, 21.011196465382298]}, "datetime": {"datetime": "2025-08-11 23:48:02", "elapsed": 26561.55697274208, "delta": 17.60567569732666}, "costs": {"total_cost": 183.8110225273971, "time_cost": 70.07000000000001, "final_distance_cost": 1.8304748413350997, "oscillation_cost": 25.975194414413714, "completition_cost": 0.0, "overshoot_cost": 50.3368091434941, "power_cost": 17.946738708496095, "noise_cost": 17.651805419658114, "n_waypoints_completed": 9, "tot_waypoints": 9}}
{"target": -183.8110225273971, "params": {"k_pid_pos": [1.0031316701085804, 0.024859491386256316, 0.40092638265648595], "k_pid_alt": [1.7297729984189598, 0.0, 0.06527723447865985], "k_pid_att": [24.0942673894178, 0.18205753750414305, 0.666719676683535], "k_pid_yaw": [0.5, 1e-06, 0.1], "k_pid_hsp": [0.09847755819799779, 0.011264223901387349, 0.0], "k_pid_vsp": [292.94687076665593, 307.0029666248519, 21.011196465382298]}, "datetime": {"datetime": "2025-08-11 23:48:20", "elapsed": 26579.82849264145, "delta": 18.271519899368286}, "costs": {"total_cost": 183.8110225273971, "time_cost": 70.07000000000001, "final_distance_cost": 1.8304748413350997, "oscillation_cost": 25.975194414413714, "completition_cost": 0.0, "overshoot_cost": 50.3368091434941, "power_cost": 17.946738708496095, "noise_cost": 17.651805419658114, "n_waypoints_completed": 9, "tot_waypoints": 9}}
{"target": -183.82532284398832, "params": {"k_pid_pos": [1.0031316701085804, 0.024859491386256316, 0.40092638265648595], "k_pid_alt": [1.7297729984189598, 0.0, 0.06527723447865985], "k_pid_att": [24.0942673894178, 0.18205753750414305, 0.8000710073097888], "k_pid_yaw": [0.5, 1e-06, 0.1], "k_pid_hsp": [0.09847755819799779, 0.011264223901387349, 0.0], "k_pid_vsp": [292.94687076665593, 307.0029666248519, 21.011196465382298]}, "datetime": {"datetime": "2025-08-11 23:48:38", "elapsed": 26597.879764556885, "delta": 18.05127191543579}, "costs": {"total_cost": 183.82532284398832, "time_cost": 70.09100000000001, "final_distance_cost": 1.8231009473933748, "oscillation_cost": 25.965542331507148, "completition_cost": 0.0, "overshoot_cost": 50.43411641111121, "power_cost": 17.877806713867187, "noise_cost": 17.633756440109373, "n_waypoints_completed": 9, "tot_waypoints": 9}}
{"target": -205.309947910842, "params": {"k_pid_pos": [1.0031316701085804, 0.5395430241053415, 0.40092638265648595], "k_pid_alt": [1.7297729984189598, 0.0, 0.06527723447865985], "k_pid_att": [24.0942673894178, 0.18205753750414305, 0.666719676683535], "k_pid_yaw": [0.5, 1e-06, 0.1], "k_pid_hsp": [0.09847755819799779, 0.011264223901387349, 0.0], "k_pid_vsp": [292.94687076665593, 307.0029666248519, 21.011196465382298]}, "datetime": {"datetime": "2025-08-11 23:48:58", "elapsed": 26618.206389665604, "delta": 20.326625108718872}, "costs": {"total_cost": 205.309947910842, "time_cost": 79.821, "final_distance_cost": 1.7655189145767205, "oscillation_cost": 31.285524562750712, "completition_cost": 0.0, "overshoot_cost": 52.03571127113478, "power_cost": 20.730837219238282, "noise_cost": 19.671355943141524, "n_waypoints_completed": 9, "tot_waypoints": 9}}
{"target": -1344.0054965784811, "params": {"k_pid_pos": [1.0031316701085804, 0.024859491386256316, 0.40092638265648595], "k_pid_alt": [1.7297729984189598, 0.0, 0.06527723447865985], "k_pid_att": [99.38888853887859, 5.314906102430602, 0.8000710073097888], "k_pid_yaw": [0.5, 1e-06, 0.1], "k_pid_hsp": [0.09847755819799779, 0.011264223901387349, 0.0], "k_pid_vsp": [292.94687076665593, 307.0029666248519, 248.32834799869224]}, "datetime": {"datetime": "2025-08-11 23:49:29", "elapsed": 26648.849742412567, "delta": 30.6433527469635}, "costs": {"total_cost": 1344.0054965784811, "time_cost": 150, "final_distance_cost": 33.67974954443722, "oscillation_cost": 7.412034245041993, "completition_cost": 1000.0, "overshoot_cost": 96.56466277988928, "power_cost": 29.39948845214844, "noise_cost": 26.949561556964195, "n_waypoints_completed": 0, "tot_waypoints": 9}}
{"target": -574.143722272084, "params": {"k_pid_pos": [0.21432707518699828, 0.024859491386256316, 0.40092638265648595], "k_pid_alt": [1.7297729984189598, 0.0, 0.06527723447865985], "k_pid_att": [24.0942673894178, 0.18205753750414305, 0.8034371824215166], "k_pid_yaw": [0.5, 1e-06, 0.1], "k_pid_hsp": [2.6218836386490305, 0.011264223901387349, 0.0], "k_pid_vsp": [292.94687076665593, 307.0029666248519, 21.011196465382298]}, "datetime": {"datetime": "2025-08-11 23:49:59", "elapsed": 26679.203274011612, "delta": 30.3535315990448}, "costs": {"total_cost": 574.143722272084, "time_cost": 150, "final_distance_cost": 66.36083646965533, "oscillation_cost": 23.821080024346216, "completition_cost": 222.2222222222222, "overshoot_cost": 55.81167959634601, "power_cost": 29.471648303222658, "noise_cost": 26.456255656291567, "n_waypoints_completed": 7, "tot_waypoints": 9}}
{"target": -184.68668797621058, "params": {"k_pid_pos": [1.0031316701085804, 0.024859491386256316, 0.40092638265648595], "k_pid_alt": [1.7297729984189598, 0.0, 0.06527723447865985], "k_pid_att": [24.0942673894178, 0.18205753750414305, 0.8792759721912583], "k_pid_yaw": [0.5, 1e-06, 0.1], "k_pid_hsp": [0.09847755819799779, 0.011264223901387349, 0.0], "k_pid_vsp": [292.94687076665593, 307.0029666248519, 21.011196465382298]}, "datetime": {"datetime": "2025-08-11 23:50:18", "elapsed": 26697.498547315598, "delta": 18.295273303985596}, "costs": {"total_cost": 184.68668797621058, "time_cost": 70.063, "final_distance_cost": 1.835421646581954, "oscillation_cost": 25.98481953310545, "completition_cost": 0.0, "overshoot_cost": 50.96121060858782, "power_cost": 18.09006646728516, "noise_cost": 17.7521697206502, "n_waypoints_completed": 9, "tot_waypoints": 9}}
{"target": -1087.9774970090382, "params": {"k_pid_pos": [1.0031316701085804, 0.06681891267873763, 0.40092638265648595], "k_pid_alt": [1.2679502233621702, 0.997146087838624, 0.06527723447865985], "k_pid_att": [24.0942673894178, 0.18205753750414305, 0.73590781336997], "k_pid_yaw": [0.5, 1e-06, 0.1], "k_pid_hsp": [0.09847755819799779, 0.011264223901387349, 0.17347071733517094], "k_pid_vsp": [360.3759557007902, 307.0029666248519, 21.011196465382298]}, "datetime": {"datetime": "2025-08-11 23:50:48", "elapsed": 26728.03328204155, "delta": 30.53473472595215}, "costs": {"total_cost": 1087.9774970090382, "time_cost": 150, "final_distance_cost": 73.62908146263929, "oscillation_cost": 414.4998101223161, "completition_cost": 333.33333333333337, "overshoot_cost": 56.96519974183843, "power_cost": 30.85869715576172, "noise_cost": 28.69137519314936, "n_waypoints_completed": 6, "tot_waypoints": 9}}
{"target": -185.2974601605496, "params": {"k_pid_pos": [1.0031316701085804, 0.024859491386256316, 0.5374545101912236], "k_pid_alt": [1.2679502233621702, 0.0, 0.06527723447865985], "k_pid_att": [24.0942673894178, 5.824334032821091, 0.8792759721912583], "k_pid_yaw": [0.5, 1e-06, 0.1], "k_pid_hsp": [0.09847755819799779, 0.011264223901387349, 0.0], "k_pid_vsp": [292.94687076665593, 307.0029666248519, 21.011196465382298]}, "datetime": {"datetime": "2025-08-11 23:51:06", "elapsed": 26746.287879228592, "delta": 18.254597187042236}, "costs": {"total_cost": 185.2974601605496, "time_cost": 71.092, "final_distance_cost": 1.839026714349743, "oscillation_cost": 25.774963407771725, "completition_cost": 0.0, "overshoot_cost": 50.67693788227059, "power_cost": 18.065393542480468, "noise_cost": 17.84913861367708, "n_waypoints_completed": 9, "tot_waypoints": 9}}
{"target": -231.18529796094703, "params": {"k_pid_pos": [1.0031316701085804, 0.7184125440133404, 0.40092638265648595], "k_pid_alt": [1.2679502233621702, 0.0, 0.06527723447865985], "k_pid_att": [24.0942673894178, 2.3127179700097718, 0.666719676683535], "k_pid_yaw": [0.5, 1e-06, 0.1], "k_pid_hsp": [0.09847755819799779, 0.011264223901387349, 0.0], "k_pid_vsp": [292.94687076665593, 307.0029666248519, 21.011196465382298]}, "datetime": {"datetime": "2025-08-11 23:51:29", "elapsed": 26768.96719455719, "delta": 22.679315328598022}, "costs": {"total_cost": 231.18529796094703, "time_cost": 90.258, "final_distance_cost": 1.7293219940171372, "oscillation_cost": 36.6186399480692, "completition_cost": 0.0, "overshoot_cost": 56.08005529067729, "power_cost": 23.57978438720703, "noise_cost": 22.919496340976355, "n_waypoints_completed": 9, "tot_waypoints": 9}}
{"target": -184.26808333674816, "params": {"k_pid_pos": [1.0031316701085804, 0.024859491386256316, 0.40092638265648595], "k_pid_alt": [1.7297729984189598, 0.0, 0.06527723447865985], "k_pid_att": [20.112068749896174, 0.18205753750414305, 0.31947664798329845], "k_pid_yaw": [0.5, 1e-06, 0.1], "k_pid_hsp": [0.09847755819799779, 0.011264223901387349, 0.0], "k_pid_vsp": [360.3759557007902, 307.0029666248519, 21.011196465382298]}, "datetime": {"datetime": "2025-08-11 23:51:46", "elapsed": 26786.340287685394, "delta": 17.373093128204346}, "costs": {"total_cost": 184.26808333674816, "time_cost": 70.077, "final_distance_cost": 1.8321783304481503, "oscillation_cost": 26.05458103057947, "completition_cost": 0.0, "overshoot_cost": 50.40942059152494, "power_cost": 18.138467407226564, "noise_cost": 17.756435976969048, "n_waypoints_completed": 9, "tot_waypoints": 9}}
{"target": -184.04232005516278, "params": {"k_pid_pos": [1.0031316701085804, 0.024859491386256316, 0.40092638265648595], "k_pid_alt": [1.7297729984189598, 0.0, 0.06527723447865985], "k_pid_att": [24.0942673894178, 0.18205753750414305, 0.666719676683535], "k_pid_yaw": [0.5, 1e-06, 0.1], "k_pid_hsp": [0.09847755819799779, 0.011264223901387349, 0.0], "k_pid_vsp": [264.9966777379314, 307.0029666248519, 21.011196465382298]}, "datetime": {"datetime": "2025-08-11 23:52:04", "elapsed": 26803.460354566574, "delta": 17.12006688117981}, "costs": {"total_cost": 184.04232005516278, "time_cost": 70.056, "final_distance_cost": 1.8333261826543348, "oscillation_cost": 25.993254196918908, "completition_cost": 0.0, "overshoot_cost": 50.6447539909156, "power_cost": 17.92411530761719, "noise_cost": 17.590870377056714, "n_waypoints_completed": 9, "tot_waypoints": 9}}
{"target": -1130.6719708329013, "params": {"k_pid_pos": [1.0031316701085804, 0.024859491386256316, 0.2662270978845458], "k_pid_alt": [1.2679502233621702, 0.0, 0.8560218098530704], "k_pid_att": [24.0942673894178, 0.18205753750414305, 0.8792759721912583], "k_pid_yaw": [0.5, 1e-06, 0.1], "k_pid_hsp": [0.09847755819799779, 0.011264223901387349, 0.5332591165996085], "k_pid_vsp": [110.56511661686339, 298.3527446526404, 21.011196465382298]}, "datetime": {"datetime": "2025-08-11 23:52:34", "elapsed": 26833.51402592659, "delta": 30.05367136001587}, "costs": {"total_cost": 1130.6719708329013, "time_cost": 150, "final_distance_cost": 73.17991217428435, "oscillation_cost": 441.1824917882487, "completition_cost": 333.33333333333337, "overshoot_cost": 74.52099236352848, "power_cost": 30.74220096435547, "noise_cost": 27.713040209150737, "n_waypoints_completed": 6, "tot_waypoints": 9}}
{"target": -194.58122595467594, "params": {"k_pid_pos": [1.4423278017687713, 0.024859491386256316, 0.40092638265648595], "k_pid_alt": [1.7297729984189598, 0.0, 0.06527723447865985], "k_pid_att": [18.716498687641693, 0.18205753750414305, 0.8000710073097888], "k_pid_yaw": [0.5, 1e-06, 0.1], "k_pid_hsp": [5.751519431904279, 0.011264223901387349, 0.0], "k_pid_vsp": [292.94687076665593, 307.0029666248519, 21.011196465382298]}, "datetime": {"datetime": "2025-08-11 23:52:51", "elapsed": 26850.779404640198, "delta": 17.265378713607788}, "costs": {"total_cost": 194.58122595467594, "time_cost": 69.433, "final_distance_cost": 1.8425277656630832, "oscillation_cost": 36.82442476391718, "completition_cost": 0.0, "overshoot_cost": 50.28489150402568, "power_cost": 18.23156794433594, "noise_cost": 17.964813976734057, "n_waypoints_completed": 9, "tot_waypoints": 9}}
{"target": -189.48620003457665, "params": {"k_pid_pos": [1.9475525933111357, 0.024859491386256316, 0.40092638265648595], "k_pid_alt": [1.7297729984189598, 0.0, 0.06527723447865985], "k_pid_att": [24.0942673894178, 0.18205753750414305, 0.8792759721912583], "k_pid_yaw": [0.5, 1e-06, 0.1], "k_pid_hsp": [0.09847755819799779, 0.011264223901387349, 0.0], "k_pid_vsp": [292.94687076665593, 307.0029666248519, 21.011196465382298]}, "datetime": {"datetime": "2025-08-11 23:53:08", "elapsed": 26868.35031580925, "delta": 17.570911169052124}, "costs": {"total_cost": 189.48620003457665, "time_cost": 69.33500000000001, "final_distance_cost": 1.8020198770468232, "oscillation_cost": 31.78544614804204, "completition_cost": 0.0, "overshoot_cost": 50.69279442653503, "power_cost": 18.143113146972656, "noise_cost": 17.727826435980106, "n_waypoints_completed": 9, "tot_waypoints": 9}}
{"target": -194.5223209770114, "params": {"k_pid_pos": [1.0031316701085804, 0.024859491386256316, 0.9837022460713571], "k_pid_alt": [1.2679502233621702, 0.0, 0.26930141191004886], "k_pid_att": [24.0942673894178, 4.514399977632767, 0.2977476601316654], "k_pid_yaw": [0.5, 1e-06, 0.1], "k_pid_hsp": [0.09847755819799779, 0.011264223901387349, 0.0], "k_pid_vsp": [292.94687076665593, 307.0029666248519, 21.011196465382298]}, "datetime": {"datetime": "2025-08-11 23:53:28", "elapsed": 26887.758705854416, "delta": 19.408390045166016}, "costs": {"total_cost": 194.5223209770114, "time_cost": 77.007, "final_distance_cost": 1.8582786577804231, "oscillation_cost": 24.960830127536443, "completition_cost": 0.0, "overshoot_cost": 51.285259314193404, "power_cost": 19.619120849609377, "noise_cost": 19.791832027891754, "n_waypoints_completed": 9, "tot_waypoints": 9}}
{"target": -900.4847005753275, "params": {"k_pid_pos": [1.0031316701085804, 0.024859491386256316, 0.40092638265648595], "k_pid_alt": [1.7297729984189598, 0.9470325041280537, 0.06527723447865985], "k_pid_att": [24.0942673894178, 0.18205753750414305, 0.73590781336997], "k_pid_yaw": [0.5, 1e-06, 0.1], "k_pid_hsp": [0.09847755819799779, 0.6081750647072628, 0.0], "k_pid_vsp": [360.3759557007902, 307.0029666248519, 21.011196465382298]}, "datetime": {"datetime": "2025-08-11 23:53:58", "elapsed": 26917.8913898468, "delta": 30.132683992385864}, "costs": {"total_cost": 900.4847005753275, "time_cost": 150, "final_distance_cost": 44.30687567130269, "oscillation_cost": 134.80723795265587, "completition_cost": 444.4444444444444, "overshoot_cost": 56.747982155520326, "power_cost": 35.42948251953125, "noise_cost": 34.748677831872875, "n_waypoints_completed": 5, "tot_waypoints": 9}}
{"target": -183.8110225273971, "params": {"k_pid_pos": [1.0031316701085804, 0.024859491386256316, 0.40092638265648595], "k_pid_alt": [1.7297729984189598, 0.0, 0.06527723447865985], "k_pid_att": [24.0942673894178, 0.18205753750414305, 0.666719676683535], "k_pid_yaw": [0.5, 1e-06, 0.1], "k_pid_hsp": [0.09847755819799779, 0.011264223901387349, 0.0], "k_pid_vsp": [292.94687076665593, 307.0029666248519, 21.011196465382298]}, "datetime": {"datetime": "2025-08-11 23:54:16", "elapsed": 26935.39227771759, "delta": 17.500887870788574}, "costs": {"total_cost": 183.8110225273971, "time_cost": 70.07000000000001, "final_distance_cost": 1.8304748413350997, "oscillation_cost": 25.975194414413714, "completition_cost": 0.0, "overshoot_cost": 50.3368091434941, "power_cost": 17.946738708496095, "noise_cost": 17.651805419658114, "n_waypoints_completed": 9, "tot_waypoints": 9}}
{"target": -188.1104789820706, "params": {"k_pid_pos": [1.0031316701085804, 0.024859491386256316, 0.40092638265648595], "k_pid_alt": [1.2679502233621702, 0.0, 0.7411234869318217], "k_pid_att": [24.0942673894178, 0.18205753750414305, 0.73590781336997], "k_pid_yaw": [0.5, 1e-06, 0.1], "k_pid_hsp": [0.09847755819799779, 0.011264223901387349, 0.0], "k_pid_vsp": [110.56511661686339, 307.0029666248519, 21.011196465382298]}, "datetime": {"datetime": "2025-08-11 23:54:34", "elapsed": 26953.933141469955, "delta": 18.540863752365112}, "costs": {"total_cost": 188.1104789820706, "time_cost": 72.59, "final_distance_cost": 1.831399817521253, "oscillation_cost": 26.67446000639467, "completition_cost": 0.0, "overshoot_cost": 50.72182899360057, "power_cost": 18.506613793945313, "noise_cost": 17.78617637060875, "n_waypoints_completed": 9, "tot_waypoints": 9}}
{"target": -1226.367891959275, "params": {"k_pid_pos": [1.0031316701085804, 0.024859491386256316, 0.2662270978845458], "k_pid_alt": [1.2679502233621702, 0.0, 0.06527723447865985], "k_pid_att": [24.0942673894178, 0.18205753750414305, 0.8792759721912583], "k_pid_yaw": [0.5, 1e-06, 0.1], "k_pid_hsp": [0.09847755819799779, 0.011264223901387349, 0.7795792955441254], "k_pid_vsp": [292.94687076665593, 242.19569180174827, 21.011196465382298]}, "datetime": {"datetime": "2025-08-11 23:55:04", "elapsed": 26983.747727155685, "delta": 29.81458568572998}, "costs": {"total_cost": 1226.367891959275, "time_cost": 150, "final_distance_cost": 48.9465475173504, "oscillation_cost": 426.6051783342922, "completition_cost": 444.4444444444444, "overshoot_cost": 95.82813585713868, "power_cost": 32.440795996093755, "noise_cost": 28.102789809955638, "n_waypoints_completed": 5, "tot_waypoints": 9}}
{"target": -190.99463241623644, "params": {"k_pid_pos": [1.9475525933111357, 0.024859491386256316, 0.40092638265648595], "k_pid_alt": [1.7297729984189598, 0.0, 0.06527723447865985], "k_pid_att": [24.0942673894178, 0.18205753750414305, 0.8792759721912583], "k_pid_yaw": [0.5, 1e-06, 0.1], "k_pid_hsp": [0.09847755819799779, 0.011264223901387349, 0.0], "k_pid_vsp": [110.56511661686339, 307.0029666248519, 21.011196465382298]}, "datetime": {"datetime": "2025-08-11 23:55:22", "elapsed": 27001.400259017944, "delta": 17.65253186225891}, "costs": {"total_cost": 190.99463241623644, "time_cost": 69.489, "final_distance_cost": 1.8009312942210176, "oscillation_cost": 32.502753062008786, "completition_cost": 0.0, "overshoot_cost": 51.11610401476885, "power_cost": 18.393988037109377, "noise_cost": 17.691856008128415, "n_waypoints_completed": 9, "tot_waypoints": 9}}
{"target": -193.86888743965721, "params": {"k_pid_pos": [1.0031316701085804, 0.024859491386256316, 0.9305336539493747], "k_pid_alt": [1.7297729984189598, 0.0, 0.06527723447865985], "k_pid_att": [24.0942673894178, 0.18205753750414305, 0.1622042676448776], "k_pid_yaw": [0.5, 1e-06, 0.1], "k_pid_hsp": [0.09847755819799779, 0.011264223901387349, 0.0], "k_pid_vsp": [340.9834399889807, 307.0029666248519, 57.29137036833912]}, "datetime": {"datetime": "2025-08-11 23:55:40", "elapsed": 27019.834829568863, "delta": 18.43457055091858}, "costs": {"total_cost": 193.86888743965721, "time_cost": 75.712, "final_distance_cost": 1.8549611508282018, "oscillation_cost": 25.104709835076168, "completition_cost": 0.0, "overshoot_cost": 52.002422822633015, "power_cost": 19.47766300048828, "noise_cost": 19.717130630631534, "n_waypoints_completed": 9, "tot_waypoints": 9}}
{"target": -183.82532284398832, "params": {"k_pid_pos": [1.0031316701085804, 0.024859491386256316, 0.40092638265648595], "k_pid_alt": [1.7297729984189598, 0.0, 0.06527723447865985], "k_pid_att": [24.0942673894178, 0.18205753750414305, 0.8000710073097888], "k_pid_yaw": [0.5, 1e-06, 0.1], "k_pid_hsp": [0.09847755819799779, 0.011264223901387349, 0.0], "k_pid_vsp": [292.94687076665593, 307.0029666248519, 21.011196465382298]}, "datetime": {"datetime": "2025-08-11 23:55:58", "elapsed": 27037.913177490234, "delta": 18.07834792137146}, "costs": {"total_cost": 183.82532284398832, "time_cost": 70.09100000000001, "final_distance_cost": 1.8231009473933748, "oscillation_cost": 25.965542331507148, "completition_cost": 0.0, "overshoot_cost": 50.43411641111121, "power_cost": 17.877806713867187, "noise_cost": 17.633756440109373, "n_waypoints_completed": 9, "tot_waypoints": 9}}
