{"target": -209.3203235305371, "params": {"k_pid_pos": [1.0031316701085804, 0.024859491386256316, 0.40092638265648595], "k_pid_alt": [1.7297729984189598, 0.0, 0.19998319442575607], "k_pid_att": [54.227890723214855, 2.1368568635634517, 0.666719676683535], "k_pid_yaw": [0.5, 1e-06, 0.1], "k_pid_hsp": [0.09847755819799779, 0.0953687395585695, 0.0], "k_pid_vsp": [264.9966777379314, 210.91861290663223, 2.77343605205192]}, "datetime": {"datetime": "2025-08-12 03:59:03", "elapsed": 41623.30791711807, "delta": 18.32918620109558}, "costs": {"total_cost": 209.3203235305371, "time_cost": 73.843, "final_distance_cost": 1.8557269906319898, "oscillation_cost": 44.132172090368506, "completition_cost": 0.0, "overshoot_cost": 50.536400343463605, "power_cost": 15.863958276367189, "noise_cost": 23.089065829705806, "n_waypoints_completed": 9, "tot_waypoints": 9}}
{"target": -188.03939539328698, "params": {"k_pid_pos": [1.0031316701085804, 0.024859491386256316, 0.7514874916619558], "k_pid_alt": [1.7297729984189598, 0.0, 0.06527723447865985], "k_pid_att": [25.463483275157817, 5.859554809351448, 0.666719676683535], "k_pid_yaw": [0.5, 1e-06, 0.1], "k_pid_hsp": [0.09847755819799779, 0.011264223901387349, 0.0], "k_pid_vsp": [314.35290507228956, 140.03862743104432, 2.77343605205192]}, "datetime": {"datetime": "2025-08-12 03:59:24", "elapsed": 41643.89374637604, "delta": 20.585829257965088}, "costs": {"total_cost": 188.03939539328698, "time_cost": 72.821, "final_distance_cost": 1.854281729919792, "oscillation_cost": 25.29065159846398, "completition_cost": 0.0, "overshoot_cost": 51.349627482609264, "power_cost": 14.468932946777345, "noise_cost": 22.254901635516614, "n_waypoints_completed": 9, "tot_waypoints": 9}}
{"target": -184.3690732191655, "params": {"k_pid_pos": [1.0031316701085804, 0.024859491386256316, 0.40092638265648595], "k_pid_alt": [1.7297729984189598, 0.045049390821834456, 0.921307692212677], "k_pid_att": [37.12179941719916, 1.9360914828558924, 0.666719676683535], "k_pid_yaw": [0.5, 1e-06, 0.1], "k_pid_hsp": [0.09847755819799779, 0.011264223901387349, 0.0], "k_pid_vsp": [264.9966777379314, 304.1795245652576, 2.77343605205192]}, "datetime": {"datetime": "2025-08-12 03:59:42", "elapsed": 41661.65314412117, "delta": 17.759397745132446}, "costs": {"total_cost": 184.3690732191655, "time_cost": 70.84700000000001, "final_distance_cost": 1.8453381168150627, "oscillation_cost": 25.822950946515054, "completition_cost": 0.0, "overshoot_cost": 50.60131062255368, "power_cost": 14.189407763671875, "noise_cost": 21.063065769609835, "n_waypoints_completed": 9, "tot_waypoints": 9}}
{"target": -1695.4620482422363, "params": {"k_pid_pos": [1.0031316701085804, 0.024859491386256316, 0.37255195504867966], "k_pid_alt": [1.9160597436741602, 0.08856016207044592, 0.06527723447865985], "k_pid_att": [54.227890723214855, 5.859554809351448, 0.666719676683535], "k_pid_yaw": [0.5, 1e-06, 0.1], "k_pid_hsp": [0.09847755819799779, 0.16465226679640355, 0.24239819548673525], "k_pid_vsp": [110.77629478874829, 232.67684986572337, 2.77343605205192]}, "datetime": {"datetime": "2025-08-12 04:00:13", "elapsed": 41693.287600278854, "delta": 31.634456157684326}, "costs": {"total_cost": 1695.4620482422363, "time_cost": 150, "final_distance_cost": 39.770602731327344, "oscillation_cost": 774.4018595401782, "completition_cost": 555.5555555555555, "overshoot_cost": 112.46609832175868, "power_cost": 33.310238415527344, "noise_cost": 29.957693677889214, "n_waypoints_completed": 4, "tot_waypoints": 9}}
{"target": -193.28897051067852, "params": {"k_pid_pos": [1.6397186260693044, 0.19767101818116828, 0.6760985883499703], "k_pid_alt": [1.9160597436741602, 0.0, 0.07444874772262577], "k_pid_att": [54.227890723214855, 5.859554809351448, 0.218246450578637], "k_pid_yaw": [0.5, 1e-06, 0.1], "k_pid_hsp": [0.09847755819799779, 0.011264223901387349, 0.0], "k_pid_vsp": [18.79289508575375, 140.03862743104432, 2.77343605205192]}, "datetime": {"datetime": "2025-08-12 04:00:33", "elapsed": 41713.068182468414, "delta": 19.780582189559937}, "costs": {"total_cost": 193.28897051067852, "time_cost": 72.07900000000001, "final_distance_cost": 1.7725194876199415, "oscillation_cost": 31.513457924825314, "completition_cost": 0.0, "overshoot_cost": 51.53660619191754, "power_cost": 15.867507458496094, "noise_cost": 20.519879447819587, "n_waypoints_completed": 9, "tot_waypoints": 9}}
{"target": -1821.0085873496362, "params": {"k_pid_pos": [1.0031316701085804, 0.024859491386256316, 0.40092638265648595], "k_pid_alt": [1.7297729984189598, 0.0, 0.06527723447865985], "k_pid_att": [37.12179941719916, 1.9360914828558924, 0.8721200333468756], "k_pid_yaw": [0.5, 1e-06, 0.1], "k_pid_hsp": [0.09847755819799779, 0.011264223901387349, 0.6508382101917022], "k_pid_vsp": [264.9966777379314, 140.03862743104432, 2.77343605205192]}, "datetime": {"datetime": "2025-08-12 04:01:03", "elapsed": 41743.12843322754, "delta": 30.060250759124756}, "costs": {"total_cost": 1821.0085873496362, "time_cost": 150, "final_distance_cost": 81.64148586379639, "oscillation_cost": 753.7423761240449, "completition_cost": 666.6666666666667, "overshoot_cost": 106.91865168915066, "power_cost": 31.383694653320315, "noise_cost": 30.655712352656924, "n_waypoints_completed": 3, "tot_waypoints": 9}}
{"target": -183.46491489620811, "params": {"k_pid_pos": [1.0031316701085804, 0.024859491386256316, 0.40092638265648595], "k_pid_alt": [1.7297729984189598, 0.0, 0.06527723447865985], "k_pid_att": [25.463483275157817, 1.4953935029224072, 0.666719676683535], "k_pid_yaw": [0.5, 1e-06, 0.1], "k_pid_hsp": [0.09847755819799779, 0.011264223901387349, 0.0], "k_pid_vsp": [264.9966777379314, 304.1795245652576, 2.77343605205192]}, "datetime": {"datetime": "2025-08-12 04:01:22", "elapsed": 41761.8759496212, "delta": 18.7475163936615}, "costs": {"total_cost": 183.46491489620811, "time_cost": 70.0, "final_distance_cost": 1.8268889731565863, "oscillation_cost": 25.85831729008183, "completition_cost": 0.0, "overshoot_cost": 50.74263297838612, "power_cost": 14.182139038085937, "noise_cost": 20.854936616497632, "n_waypoints_completed": 9, "tot_waypoints": 9}}
{"target": -202.42283361430452, "params": {"k_pid_pos": [1.0031316701085804, 0.024859491386256316, 0.40092638265648595], "k_pid_alt": [1.7297729984189598, 0.0, 0.06527723447865985], "k_pid_att": [37.12179941719916, 1.9360914828558924, 0.666719676683535], "k_pid_yaw": [0.5, 1e-06, 0.1], "k_pid_hsp": [0.09847755819799779, 0.011264223901387349, 0.0], "k_pid_vsp": [264.9966777379314, 304.1795245652576, 134.18887080171567]}, "datetime": {"datetime": "2025-08-12 04:01:42", "elapsed": 41781.628606557846, "delta": 19.752656936645508}, "costs": {"total_cost": 202.42283361430452, "time_cost": 78.46300000000001, "final_distance_cost": 1.8141758304072864, "oscillation_cost": 25.442718039269238, "completition_cost": 0.0, "overshoot_cost": 55.98959258588911, "power_cost": 20.394513806152343, "noise_cost": 20.318833352586555, "n_waypoints_completed": 9, "tot_waypoints": 9}}
{"target": -184.29104986048472, "params": {"k_pid_pos": [1.0031316701085804, 0.024859491386256316, 0.40092638265648595], "k_pid_alt": [1.7297729984189598, 0.0, 0.25938735764965193], "k_pid_att": [25.463483275157817, 5.859554809351448, 0.666719676683535], "k_pid_yaw": [0.5, 1e-06, 0.1], "k_pid_hsp": [0.09847755819799779, 0.011264223901387349, 0.0], "k_pid_vsp": [264.9966777379314, 140.03862743104432, 2.77343605205192]}, "datetime": {"datetime": "2025-08-12 04:02:01", "elapsed": 41800.44987201691, "delta": 18.82126545906067}, "costs": {"total_cost": 184.29104986048472, "time_cost": 70.245, "final_distance_cost": 1.8387504090069098, "oscillation_cost": 25.945041344943427, "completition_cost": 0.0, "overshoot_cost": 51.120541011639475, "power_cost": 14.23645428466797, "noise_cost": 20.90526281022697, "n_waypoints_completed": 9, "tot_waypoints": 9}}
{"target": -183.86357409939785, "params": {"k_pid_pos": [1.0031316701085804, 0.024859491386256316, 0.416330797462678], "k_pid_alt": [1.7297729984189598, 0.0, 0.06527723447865985], "k_pid_att": [25.463483275157817, 3.774725226961977, 0.666719676683535], "k_pid_yaw": [0.5, 1e-06, 0.1], "k_pid_hsp": [0.09847755819799779, 0.011264223901387349, 0.0], "k_pid_vsp": [353.17003117669674, 304.1795245652576, 2.77343605205192]}, "datetime": {"datetime": "2025-08-12 04:02:18", "elapsed": 41817.793847322464, "delta": 17.34397530555725}, "costs": {"total_cost": 183.86357409939785, "time_cost": 70.07000000000001, "final_distance_cost": 1.830479845070845, "oscillation_cost": 25.888281840121895, "completition_cost": 0.0, "overshoot_cost": 51.077010215877756, "power_cost": 14.15963046875, "noise_cost": 20.838171729577333, "n_waypoints_completed": 9, "tot_waypoints": 9}}
{"target": -254.5854808648196, "params": {"k_pid_pos": [1.9024756402269658, 0.9737616190427607, 0.37255195504867966], "k_pid_alt": [1.9160597436741602, 0.0, 0.06527723447865985], "k_pid_att": [54.227890723214855, 7.978625951804349, 0.666719676683535], "k_pid_yaw": [0.5, 1e-06, 0.1], "k_pid_hsp": [8.246411399521614, 0.011264223901387349, 0.0], "k_pid_vsp": [264.9966777379314, 261.48215325333564, 2.77343605205192]}, "datetime": {"datetime": "2025-08-12 04:02:39", "elapsed": 41838.6991109848, "delta": 20.905263662338257}, "costs": {"total_cost": 254.5854808648196, "time_cost": 77.147, "final_distance_cost": 1.7516076561153655, "oscillation_cost": 80.99613795787371, "completition_cost": 0.0, "overshoot_cost": 53.38077441573892, "power_cost": 18.250208850097657, "noise_cost": 23.059751984993945, "n_waypoints_completed": 9, "tot_waypoints": 9}}
{"target": -184.37690475714788, "params": {"k_pid_pos": [1.0031316701085804, 0.024859491386256316, 0.31521214959827404], "k_pid_alt": [1.7297729984189598, 0.0, 0.5177588050443718], "k_pid_att": [25.463483275157817, 5.859554809351448, 0.666719676683535], "k_pid_yaw": [0.5, 1e-06, 0.1], "k_pid_hsp": [0.09847755819799779, 0.011264223901387349, 0.0], "k_pid_vsp": [371.8706581382205, 304.1795245652576, 2.77343605205192]}, "datetime": {"datetime": "2025-08-12 04:02:58", "elapsed": 41858.04267859459, "delta": 19.343567609786987}, "costs": {"total_cost": 184.37690475714788, "time_cost": 70.399, "final_distance_cost": 1.8238110055959662, "oscillation_cost": 26.452732335079833, "completition_cost": 0.0, "overshoot_cost": 50.605477037681275, "power_cost": 14.318462316894532, "noise_cost": 20.777422061896264, "n_waypoints_completed": 9, "tot_waypoints": 9}}
{"target": -193.69018222810507, "params": {"k_pid_pos": [0.5544350973877843, 0.024859491386256316, 0.40092638265648595], "k_pid_alt": [1.7297729984189598, 0.0, 0.06527723447865985], "k_pid_att": [37.12179941719916, 8.364114875200539, 0.261380462049589], "k_pid_yaw": [0.5, 1e-06, 0.1], "k_pid_hsp": [0.09847755819799779, 0.011264223901387349, 0.0], "k_pid_vsp": [247.62506162993122, 261.48215325333564, 2.77343605205192]}, "datetime": {"datetime": "2025-08-12 04:03:19", "elapsed": 41878.37974882126, "delta": 20.33707022666931}, "costs": {"total_cost": 193.69018222810507, "time_cost": 78.813, "final_distance_cost": 1.8596968156269689, "oscillation_cost": 21.32919374277499, "completition_cost": 0.0, "overshoot_cost": 51.46110407490522, "power_cost": 15.320560424804688, "noise_cost": 24.90662716999321, "n_waypoints_completed": 9, "tot_waypoints": 9}}
{"target": -183.34071903952326, "params": {"k_pid_pos": [1.0031316701085804, 0.024859491386256316, 0.40092638265648595], "k_pid_alt": [1.7297729984189598, 0.0, 0.06527723447865985], "k_pid_att": [25.463483275157817, 5.859554809351448, 0.666719676683535], "k_pid_yaw": [0.5, 1e-06, 0.1], "k_pid_hsp": [0.09847755819799779, 0.011264223901387349, 0.0], "k_pid_vsp": [264.9966777379314, 261.48215325333564, 2.77343605205192]}, "datetime": {"datetime": "2025-08-12 04:03:38", "elapsed": 41897.91678738594, "delta": 19.537038564682007}, "costs": {"total_cost": 183.34071903952326, "time_cost": 69.97200000000001, "final_distance_cost": 1.8247736955547318, "oscillation_cost": 26.052607156894208, "completition_cost": 0.0, "overshoot_cost": 50.6322190659168, "power_cost": 14.132522106933594, "noise_cost": 20.726597014223902, "n_waypoints_completed": 9, "tot_waypoints": 9}}
{"target": -183.83557690139392, "params": {"k_pid_pos": [1.0031316701085804, 0.024859491386256316, 0.40092638265648595], "k_pid_alt": [1.9160597436741602, 0.0, 0.06527723447865985], "k_pid_att": [12.43088436511497, 5.859554809351448, 0.666719676683535], "k_pid_yaw": [0.5, 1e-06, 0.1], "k_pid_hsp": [0.09847755819799779, 0.011264223901387349, 0.0], "k_pid_vsp": [264.9966777379314, 304.1795245652576, 2.77343605205192]}, "datetime": {"datetime": "2025-08-12 04:03:56", "elapsed": 41915.64362812042, "delta": 17.72684073448181}, "costs": {"total_cost": 183.83557690139392, "time_cost": 69.895, "final_distance_cost": 1.8170253320428846, "oscillation_cost": 26.51485942700068, "completition_cost": 0.0, "overshoot_cost": 50.53401777330561, "power_cost": 14.29137459716797, "noise_cost": 20.783299771876774, "n_waypoints_completed": 9, "tot_waypoints": 9}}
{"target": -193.5936371051106, "params": {"k_pid_pos": [1.0031316701085804, 0.024859491386256316, 0.9029480546018064], "k_pid_alt": [1.7297729984189598, 0.0, 0.07444874772262577], "k_pid_att": [54.227890723214855, 5.859554809351448, 0.666719676683535], "k_pid_yaw": [0.5, 1e-06, 0.1], "k_pid_hsp": [0.09847755819799779, 0.011264223901387349, 0.0], "k_pid_vsp": [18.79289508575375, 140.03862743104432, 2.77343605205192]}, "datetime": {"datetime": "2025-08-12 04:04:16", "elapsed": 41935.4957382679, "delta": 19.852110147476196}, "costs": {"total_cost": 193.5936371051106, "time_cost": 74.599, "final_distance_cost": 1.8516511310242834, "oscillation_cost": 27.833756733092912, "completition_cost": 0.0, "overshoot_cost": 51.32142077546586, "power_cost": 15.589939331054689, "noise_cost": 22.39786913447283, "n_waypoints_completed": 9, "tot_waypoints": 9}}
{"target": -192.43956929701653, "params": {"k_pid_pos": [1.6397186260693044, 0.19767101818116828, 0.37255195504867966], "k_pid_alt": [1.9160597436741602, 0.0, 0.06527723447865985], "k_pid_att": [25.463483275157817, 5.859554809351448, 0.666719676683535], "k_pid_yaw": [0.5, 1e-06, 0.1], "k_pid_hsp": [3.3407491389443256, 0.011264223901387349, 0.0], "k_pid_vsp": [264.9966777379314, 304.1795245652576, 2.77343605205192]}, "datetime": {"datetime": "2025-08-12 04:04:33", "elapsed": 41953.050577402115, "delta": 17.55483913421631}, "costs": {"total_cost": 192.43956929701653, "time_cost": 68.915, "final_distance_cost": 1.7743031084712522, "oscillation_cost": 35.572023188262015, "completition_cost": 0.0, "overshoot_cost": 50.697647776068656, "power_cost": 14.940697961425782, "noise_cost": 20.539897262788834, "n_waypoints_completed": 9, "tot_waypoints": 9}}
{"target": -183.50148183622733, "params": {"k_pid_pos": [1.0031316701085804, 0.024859491386256316, 0.40092638265648595], "k_pid_alt": [1.7297729984189598, 0.0, 0.19998319442575607], "k_pid_att": [54.227890723214855, 7.759679484325445, 0.666719676683535], "k_pid_yaw": [0.5, 1e-06, 0.1], "k_pid_hsp": [0.09847755819799779, 0.011264223901387349, 0.0], "k_pid_vsp": [264.9966777379314, 261.48215325333564, 2.77343605205192]}, "datetime": {"datetime": "2025-08-12 04:04:53", "elapsed": 41973.02966785431, "delta": 19.979090452194214}, "costs": {"total_cost": 183.50148183622733, "time_cost": 70.154, "final_distance_cost": 1.8151005326447023, "oscillation_cost": 25.865279768232487, "completition_cost": 0.0, "overshoot_cost": 50.67404736765236, "power_cost": 14.24811416015625, "noise_cost": 20.744940007541526, "n_waypoints_completed": 9, "tot_waypoints": 9}}
{"target": -206.29651529361314, "params": {"k_pid_pos": [1.0031316701085804, 0.37359188225548623, 0.40092638265648595], "k_pid_alt": [1.7297729984189598, 0.7640032503607427, 0.06527723447865985], "k_pid_att": [25.463483275157817, 2.883280065129859, 0.666719676683535], "k_pid_yaw": [0.5, 1e-06, 0.1], "k_pid_hsp": [0.09847755819799779, 0.011264223901387349, 0.0], "k_pid_vsp": [264.9966777379314, 261.48215325333564, 2.77343605205192]}, "datetime": {"datetime": "2025-08-12 04:05:13", "elapsed": 41993.324156045914, "delta": 20.294488191604614}, "costs": {"total_cost": 206.29651529361314, "time_cost": 82.32000000000001, "final_distance_cost": 1.7855463454187468, "oscillation_cost": 29.80382136573433, "completition_cost": 0.0, "overshoot_cost": 52.47332780904844, "power_cost": 16.696479309082033, "noise_cost": 23.21734046432958, "n_waypoints_completed": 9, "tot_waypoints": 9}}
{"target": -194.42825995007087, "params": {"k_pid_pos": [0.5544350973877843, 0.024859491386256316, 0.40092638265648595], "k_pid_alt": [1.7297729984189598, 0.0, 0.24963731093625008], "k_pid_att": [37.12179941719916, 1.9360914828558924, 0.261380462049589], "k_pid_yaw": [0.5, 1e-06, 0.1], "k_pid_hsp": [0.09847755819799779, 0.011264223901387349, 0.0], "k_pid_vsp": [371.8706581382205, 304.1795245652576, 2.77343605205192]}, "datetime": {"datetime": "2025-08-12 04:05:34", "elapsed": 42014.33861351013, "delta": 21.01445746421814}, "costs": {"total_cost": 194.42825995007087, "time_cost": 79.149, "final_distance_cost": 1.8571426070062456, "oscillation_cost": 21.187252360197498, "completition_cost": 0.0, "overshoot_cost": 51.87470960333738, "power_cost": 15.351924108886719, "noise_cost": 25.00823127064301, "n_waypoints_completed": 9, "tot_waypoints": 9}}
{"target": -183.76902217067354, "params": {"k_pid_pos": [1.0031316701085804, 0.024859491386256316, 0.416330797462678], "k_pid_alt": [1.7297729984189598, 0.0, 0.06527723447865985], "k_pid_att": [25.463483275157817, 5.859554809351448, 0.666719676683535], "k_pid_yaw": [0.5, 1e-06, 0.1], "k_pid_hsp": [0.09847755819799779, 0.011264223901387349, 0.0], "k_pid_vsp": [247.62506162993122, 261.48215325333564, 2.77343605205192]}, "datetime": {"datetime": "2025-08-12 04:05:52", "elapsed": 42031.42331337929, "delta": 17.084699869155884}, "costs": {"total_cost": 183.76902217067354, "time_cost": 70.028, "final_distance_cost": 1.8326058667878795, "oscillation_cost": 26.005291176553666, "completition_cost": 0.0, "overshoot_cost": 50.882623435842916, "power_cost": 14.169514343261719, "noise_cost": 20.850987348227367, "n_waypoints_completed": 9, "tot_waypoints": 9}}
{"target": -2158.5833758223152, "params": {"k_pid_pos": [1.0031316701085804, 0.024859491386256316, 0.37255195504867966], "k_pid_alt": [1.9160597436741602, 0.0, 0.06527723447865985], "k_pid_att": [54.227890723214855, 7.978625951804349, 0.666719676683535], "k_pid_yaw": [0.5, 1e-06, 0.1], "k_pid_hsp": [0.09847755819799779, 0.011264223901387349, 0.9120886956177368], "k_pid_vsp": [264.9966777379314, 210.91861290663223, 2.77343605205192]}, "datetime": {"datetime": "2025-08-12 04:06:25", "elapsed": 42064.48680686951, "delta": 33.063493490219116}, "costs": {"total_cost": 2158.5833758223152, "time_cost": 150, "final_distance_cost": 45.56009653116123, "oscillation_cost": 844.2873091723656, "completition_cost": 1000.0, "overshoot_cost": 54.86027748056948, "power_cost": 33.594780371093755, "noise_cost": 30.28091226712522, "n_waypoints_completed": 0, "tot_waypoints": 9}}
{"target": -183.29173873452203, "params": {"k_pid_pos": [1.0031316701085804, 0.024859491386256316, 0.40092638265648595], "k_pid_alt": [1.7297729984189598, 0.0, 0.06527723447865985], "k_pid_att": [25.463483275157817, 5.859554809351448, 0.666719676683535], "k_pid_yaw": [0.5, 1e-06, 0.1], "k_pid_hsp": [0.09847755819799779, 0.011264223901387349, 0.0], "k_pid_vsp": [264.9966777379314, 304.1795245652576, 2.77343605205192]}, "datetime": {"datetime": "2025-08-12 04:06:44", "elapsed": 42083.4664208889, "delta": 18.97961401939392}, "costs": {"total_cost": 183.29173873452203, "time_cost": 69.958, "final_distance_cost": 1.827688998091301, "oscillation_cost": 26.089405561688785, "completition_cost": 0.0, "overshoot_cost": 50.5115138962055, "power_cost": 14.168877612304689, "noise_cost": 20.73625266623174, "n_waypoints_completed": 9, "tot_waypoints": 9}}
{"target": -183.29173873452203, "params": {"k_pid_pos": [1.0031316701085804, 0.024859491386256316, 0.40092638265648595], "k_pid_alt": [1.7297729984189598, 0.0, 0.06527723447865985], "k_pid_att": [25.463483275157817, 5.859554809351448, 0.666719676683535], "k_pid_yaw": [0.5, 1e-06, 0.1], "k_pid_hsp": [0.09847755819799779, 0.011264223901387349, 0.0], "k_pid_vsp": [264.9966777379314, 304.1795245652576, 2.77343605205192]}, "datetime": {"datetime": "2025-08-12 04:07:03", "elapsed": 42102.7861597538, "delta": 19.31973886489868}, "costs": {"total_cost": 183.29173873452203, "time_cost": 69.958, "final_distance_cost": 1.827688998091301, "oscillation_cost": 26.089405561688785, "completition_cost": 0.0, "overshoot_cost": 50.5115138962055, "power_cost": 14.168877612304689, "noise_cost": 20.73625266623174, "n_waypoints_completed": 9, "tot_waypoints": 9}}
{"target": -183.29173873452203, "params": {"k_pid_pos": [1.0031316701085804, 0.024859491386256316, 0.40092638265648595], "k_pid_alt": [1.7297729984189598, 0.0, 0.06527723447865985], "k_pid_att": [25.463483275157817, 5.859554809351448, 0.666719676683535], "k_pid_yaw": [0.5, 1e-06, 0.1], "k_pid_hsp": [0.09847755819799779, 0.011264223901387349, 0.0], "k_pid_vsp": [264.9966777379314, 304.1795245652576, 2.77343605205192]}, "datetime": {"datetime": "2025-08-12 04:07:21", "elapsed": 42120.798268318176, "delta": 18.01210856437683}, "costs": {"total_cost": 183.29173873452203, "time_cost": 69.958, "final_distance_cost": 1.827688998091301, "oscillation_cost": 26.089405561688785, "completition_cost": 0.0, "overshoot_cost": 50.5115138962055, "power_cost": 14.168877612304689, "noise_cost": 20.73625266623174, "n_waypoints_completed": 9, "tot_waypoints": 9}}
