{"target": -188.7306325614606, "params": {"k_pid_pos": [1.4340672435785011, 0.024859491386256316, 0.44963268842268056], "k_pid_alt": [1.296896341175293, 0.0, 0.3146878632891922], "k_pid_att": [39.447728079683905, 0.0032441649989051976, 0.1845336041603497], "k_pid_yaw": [0.5, 1e-06, 0.1], "k_pid_hsp": [0.09847755819799779, 0.011264223901387349, 0.0], "k_pid_vsp": [194.7624155113164, 307.0029666248519, 10.0]}, "datetime": {"datetime": "2025-08-11 18:30:01", "elapsed": 7480.38158082962, "delta": 17.768614292144775}, "costs": {"total_cost": 188.7306325614606, "time_cost": 70.364, "final_distance_cost": 1.7914684707175894, "oscillation_cost": 29.776645180483147, "completition_cost": 0.0, "overshoot_cost": 50.792239045887584, "power_cost": 18.07365906982422, "noise_cost": 17.93262079454806, "n_waypoints_completed": 9, "tot_waypoints": 9}}
{"target": -204.65740056340752, "params": {"k_pid_pos": [1.3885554450422086, 0.024859491386256316, 0.44963268842268056], "k_pid_alt": [1.1302962253917743, 0.25490090380257047, 0.8361997509577753], "k_pid_att": [19.462821160492226, 7.212729332224264, 0.737857181360408], "k_pid_yaw": [0.5, 1e-06, 0.1], "k_pid_hsp": [0.09847755819799779, 0.011264223901387349, 0.0], "k_pid_vsp": [194.7624155113164, 20.0, 10.0]}, "datetime": {"datetime": "2025-08-11 18:30:20", "elapsed": 7500.267802238464, "delta": 19.886221408843994}, "costs": {"total_cost": 204.65740056340752, "time_cost": 79.87, "final_distance_cost": 1.7824327868212828, "oscillation_cost": 31.301097085607953, "completition_cost": 0.0, "overshoot_cost": 52.23774774012176, "power_cost": 19.421565270996094, "noise_cost": 20.04455767986041, "n_waypoints_completed": 9, "tot_waypoints": 9}}
{"target": -187.20341953608641, "params": {"k_pid_pos": [1.3885554450422086, 0.024859491386256316, 0.44963268842268056], "k_pid_alt": [1.2679502233621702, 0.0, 0.18431000208985737], "k_pid_att": [17.813414374173632, 3.8677381495188174, 0.3366070335655168], "k_pid_yaw": [0.5, 1e-06, 0.1], "k_pid_hsp": [0.09847755819799779, 0.011264223901387349, 0.0], "k_pid_vsp": [194.7624155113164, 221.6078012742647, 10.0]}, "datetime": {"datetime": "2025-08-11 18:30:38", "elapsed": 7517.53270816803, "delta": 17.26490592956543}, "costs": {"total_cost": 187.20341953608641, "time_cost": 70.0, "final_distance_cost": 1.8029743588701572, "oscillation_cost": 29.084117021512032, "completition_cost": 0.0, "overshoot_cost": 50.37260909415488, "power_cost": 18.095234570312503, "noise_cost": 17.84848449123687, "n_waypoints_completed": 9, "tot_waypoints": 9}}
{"target": -187.33969831323913, "params": {"k_pid_pos": [1.3885554450422086, 0.024859491386256316, 0.44963268842268056], "k_pid_alt": [1.2679502233621702, 0.0, 0.06527723447865985], "k_pid_att": [43.948176657889235, 3.8677381495188174, 0.1845336041603497], "k_pid_yaw": [0.5, 1e-06, 0.1], "k_pid_hsp": [0.09847755819799779, 0.011264223901387349, 0.0], "k_pid_vsp": [194.7624155113164, 307.0029666248519, 10.0]}, "datetime": {"datetime": "2025-08-11 18:30:55", "elapsed": 7534.473570108414, "delta": 16.94086194038391}, "costs": {"total_cost": 187.33969831323913, "time_cost": 69.776, "final_distance_cost": 1.8042343509353995, "oscillation_cost": 29.30808602570452, "completition_cost": 0.0, "overshoot_cost": 50.90684428807043, "power_cost": 17.843096728515626, "noise_cost": 17.701436920013155, "n_waypoints_completed": 9, "tot_waypoints": 9}}
{"target": -187.56093721650421, "params": {"k_pid_pos": [1.3885554450422086, 0.024859491386256316, 0.44963268842268056], "k_pid_alt": [1.2679502233621702, 0.0, 0.06527723447865985], "k_pid_att": [58.989274729095186, 3.8677381495188174, 0.1845336041603497], "k_pid_yaw": [0.5, 1e-06, 0.1], "k_pid_hsp": [0.09847755819799779, 0.011264223901387349, 0.0], "k_pid_vsp": [194.7624155113164, 307.0029666248519, 10.0]}, "datetime": {"datetime": "2025-08-11 18:31:13", "elapsed": 7553.244508743286, "delta": 18.770938634872437}, "costs": {"total_cost": 187.56093721650421, "time_cost": 69.818, "final_distance_cost": 1.802979013493664, "oscillation_cost": 29.684050836556132, "completition_cost": 0.0, "overshoot_cost": 50.96561479487784, "power_cost": 17.304547814941408, "noise_cost": 17.985744756635178, "n_waypoints_completed": 9, "tot_waypoints": 9}}
{"target": -187.360191329227, "params": {"k_pid_pos": [1.3885554450422086, 0.024859491386256316, 0.44963268842268056], "k_pid_alt": [1.2679502233621702, 0.0, 0.06527723447865985], "k_pid_att": [43.948176657889235, 3.8677381495188174, 0.1845336041603497], "k_pid_yaw": [0.5, 1e-06, 0.1], "k_pid_hsp": [0.09847755819799779, 0.011264223901387349, 0.0], "k_pid_vsp": [194.7624155113164, 336.89689932622207, 10.0]}, "datetime": {"datetime": "2025-08-11 18:31:31", "elapsed": 7570.51190495491, "delta": 17.267396211624146}, "costs": {"total_cost": 187.360191329227, "time_cost": 69.762, "final_distance_cost": 1.8137775993568654, "oscillation_cost": 29.34465405884508, "completition_cost": 0.0, "overshoot_cost": 50.83607581902089, "power_cost": 17.876469921875, "noise_cost": 17.72721393012915, "n_waypoints_completed": 9, "tot_waypoints": 9}}
{"target": -1145.5108702705425, "params": {"k_pid_pos": [1.4340672435785011, 0.024859491386256316, 0.44963268842268056], "k_pid_alt": [1.296896341175293, 0.0, 0.3146878632891922], "k_pid_att": [39.447728079683905, 3.8677381495188174, 0.1845336041603497], "k_pid_yaw": [0.5, 1e-06, 0.1], "k_pid_hsp": [0.09847755819799779, 0.9618157414002794, 0.0], "k_pid_vsp": [194.7624155113164, 307.0029666248519, 10.0]}, "datetime": {"datetime": "2025-08-11 18:32:01", "elapsed": 7600.434241294861, "delta": 29.92233633995056}, "costs": {"total_cost": 1145.5108702705425, "time_cost": 150, "final_distance_cost": 48.61767711970697, "oscillation_cost": 120.31059343731312, "completition_cost": 666.6666666666667, "overshoot_cost": 90.91418420935788, "power_cost": 34.09687456054688, "noise_cost": 34.904874276950814, "n_waypoints_completed": 3, "tot_waypoints": 9}}
{"target": -195.40237928560157, "params": {"k_pid_pos": [1.3885554450422086, 0.35023019656788623, 0.44963268842268056], "k_pid_alt": [1.2679502233621702, 0.0, 0.18431000208985737], "k_pid_att": [17.813414374173632, 3.8677381495188174, 0.3366070335655168], "k_pid_yaw": [0.5, 1e-06, 0.1], "k_pid_hsp": [0.09847755819799779, 0.011264223901387349, 0.0], "k_pid_vsp": [194.7624155113164, 221.6078012742647, 10.0]}, "datetime": {"datetime": "2025-08-11 18:32:19", "elapsed": 7619.044673442841, "delta": 18.610432147979736}, "costs": {"total_cost": 195.40237928560157, "time_cost": 74.172, "final_distance_cost": 1.7504051841863137, "oscillation_cost": 30.76131694877487, "completition_cost": 0.0, "overshoot_cost": 50.9464173887245, "power_cost": 18.831385693359376, "noise_cost": 18.94085407055649, "n_waypoints_completed": 9, "tot_waypoints": 9}}
{"target": -190.02417631845597, "params": {"k_pid_pos": [1.3885554450422086, 0.024859491386256316, 0.44963268842268056], "k_pid_alt": [1.2679502233621702, 0.0, 0.5012331895262763], "k_pid_att": [58.989274729095186, 3.8677381495188174, 0.1845336041603497], "k_pid_yaw": [0.5, 1e-06, 0.1], "k_pid_hsp": [0.09847755819799779, 0.011264223901387349, 0.0], "k_pid_vsp": [194.7624155113164, 307.0029666248519, 10.0]}, "datetime": {"datetime": "2025-08-11 18:32:38", "elapsed": 7637.420836210251, "delta": 18.37616276741028}, "costs": {"total_cost": 190.02417631845597, "time_cost": 71.176, "final_distance_cost": 1.81464351540678, "oscillation_cost": 29.992636765992124, "completition_cost": 0.0, "overshoot_cost": 50.96630253275504, "power_cost": 17.802388989257814, "noise_cost": 18.272204515044184, "n_waypoints_completed": 9, "tot_waypoints": 9}}
{"target": -1461.8469051393079, "params": {"k_pid_pos": [1.3885554450422086, 0.024859491386256316, 0.44963268842268056], "k_pid_alt": [1.2679502233621702, 0.0, 0.06527723447865985], "k_pid_att": [43.948176657889235, 5.698441898331262, 0.1845336041603497], "k_pid_yaw": [0.5, 1e-06, 0.1], "k_pid_hsp": [0.09847755819799779, 0.011264223901387349, 0.0], "k_pid_vsp": [194.7624155113164, 307.0029666248519, 358.91346711595696]}, "datetime": {"datetime": "2025-08-11 18:33:08", "elapsed": 7668.062792301178, "delta": 30.641956090927124}, "costs": {"total_cost": 1461.8469051393079, "time_cost": 150, "final_distance_cost": 0.9983239950156838, "oscillation_cost": 4.0651003848646505, "completition_cost": 1000.0, "overshoot_cost": 163.05365953625324, "power_cost": 29.23566188964844, "noise_cost": 114.49415933352599, "n_waypoints_completed": 0, "tot_waypoints": 9}}
{"target": -1297.8876831831217, "params": {"k_pid_pos": [1.4340672435785011, 0.024859491386256316, 0.44963268842268056], "k_pid_alt": [1.1959010262395136, 0.0, 0.3146878632891922], "k_pid_att": [71.08876827294898, 0.0032441649989051976, 0.1845336041603497], "k_pid_yaw": [0.5, 1e-06, 0.1], "k_pid_hsp": [0.09847755819799779, 0.011264223901387349, 0.0], "k_pid_vsp": [194.7624155113164, 307.0029666248519, 177.16353308542304]}, "datetime": {"datetime": "2025-08-11 18:33:38", "elapsed": 7698.123019218445, "delta": 30.060226917266846}, "costs": {"total_cost": 1297.8876831831217, "time_cost": 150, "final_distance_cost": 42.96459349155298, "oscillation_cost": 11.554539480749717, "completition_cost": 1000.0, "overshoot_cost": 37.13411128621881, "power_cost": 29.45656885986328, "noise_cost": 26.777870064737115, "n_waypoints_completed": 0, "tot_waypoints": 9}}
{"target": -1833.6969685488755, "params": {"k_pid_pos": [1.3885554450422086, 0.024859491386256316, 0.44963268842268056], "k_pid_alt": [0.6073168342197379, 0.0, 0.06527723447865985], "k_pid_att": [43.948176657889235, 1.1322615083422152, 0.1845336041603497], "k_pid_yaw": [0.5, 1e-06, 0.1], "k_pid_hsp": [0.09847755819799779, 0.011264223901387349, 0.5627030530435029], "k_pid_vsp": [194.7624155113164, 307.0029666248519, 131.1523689840326]}, "datetime": {"datetime": "2025-08-11 18:34:08", "elapsed": 7727.900681734085, "delta": 29.77766251564026}, "costs": {"total_cost": 1833.6969685488755, "time_cost": 150, "final_distance_cost": 64.79580780742666, "oscillation_cost": 790.6513827243449, "completition_cost": 666.6666666666667, "overshoot_cost": 101.14728651689575, "power_cost": 32.781812927246094, "noise_cost": 27.654011906295246, "n_waypoints_completed": 3, "tot_waypoints": 9}}
{"target": -203.70782968067547, "params": {"k_pid_pos": [1.3885554450422086, 0.258121499649558, 0.44963268842268056], "k_pid_alt": [1.2679502233621702, 0.4346042841186101, 0.18431000208985737], "k_pid_att": [58.989274729095186, 3.8677381495188174, 0.1845336041603497], "k_pid_yaw": [0.5, 1e-06, 0.1], "k_pid_hsp": [0.09847755819799779, 0.011264223901387349, 0.0], "k_pid_vsp": [194.7624155113164, 307.0029666248519, 10.0]}, "datetime": {"datetime": "2025-08-11 18:34:28", "elapsed": 7747.687401771545, "delta": 19.786720037460327}, "costs": {"total_cost": 203.70782968067547, "time_cost": 78.449, "final_distance_cost": 1.7468434852148593, "oscillation_cost": 32.82513145286705, "completition_cost": 0.0, "overshoot_cost": 51.86915123709909, "power_cost": 19.68457722167969, "noise_cost": 19.133126283814782, "n_waypoints_completed": 9, "tot_waypoints": 9}}
{"target": -190.6488965702157, "params": {"k_pid_pos": [1.8624793477566346, 0.04925411992759399, 0.44963268842268056], "k_pid_alt": [1.2679502233621702, 0.0, 0.06527723447865985], "k_pid_att": [58.989274729095186, 3.8677381495188174, 0.1845336041603497], "k_pid_yaw": [0.5, 1e-06, 0.1], "k_pid_hsp": [0.09847755819799779, 0.011264223901387349, 0.0], "k_pid_vsp": [194.7624155113164, 307.0029666248519, 10.0]}, "datetime": {"datetime": "2025-08-11 18:34:45", "elapsed": 7765.058005809784, "delta": 17.370604038238525}, "costs": {"total_cost": 190.6488965702157, "time_cost": 69.818, "final_distance_cost": 1.7928852579767167, "oscillation_cost": 32.533350073924076, "completition_cost": 0.0, "overshoot_cost": 50.69661395905696, "power_cost": 18.01380836181641, "noise_cost": 17.794238917441547, "n_waypoints_completed": 9, "tot_waypoints": 9}}
{"target": -203.4636064611519, "params": {"k_pid_pos": [1.3885554450422086, 0.024859491386256316, 0.964013702359797], "k_pid_alt": [1.515427128667956, 0.19076095246666414, 0.9495727706536599], "k_pid_att": [6.9838592493503215, 3.8677381495188174, 0.2787101805563399], "k_pid_yaw": [0.5, 1e-06, 0.1], "k_pid_hsp": [0.09847755819799779, 0.011264223901387349, 0.0], "k_pid_vsp": [194.7624155113164, 307.0029666248519, 10.0]}, "datetime": {"datetime": "2025-08-11 18:35:06", "elapsed": 7785.56570482254, "delta": 20.507699012756348}, "costs": {"total_cost": 203.4636064611519, "time_cost": 81.634, "final_distance_cost": 1.8024466986450163, "oscillation_cost": 28.746677865235558, "completition_cost": 0.0, "overshoot_cost": 51.371186232085904, "power_cost": 20.410022778320315, "noise_cost": 19.499272886865104, "n_waypoints_completed": 9, "tot_waypoints": 9}}
{"target": -189.34198731012313, "params": {"k_pid_pos": [1.647366612200146, 0.06328363340203702, 0.44963268842268056], "k_pid_alt": [1.2679502233621702, 0.0, 0.06527723447865985], "k_pid_att": [58.989274729095186, 6.16091081068753, 0.1845336041603497], "k_pid_yaw": [0.5, 1e-06, 0.1], "k_pid_hsp": [0.09847755819799779, 0.011264223901387349, 0.0], "k_pid_vsp": [194.7624155113164, 307.0029666248519, 10.0]}, "datetime": {"datetime": "2025-08-11 18:35:23", "elapsed": 7802.8243000507355, "delta": 17.25859522819519}, "costs": {"total_cost": 189.34198731012313, "time_cost": 69.83200000000001, "final_distance_cost": 1.791546439763226, "oscillation_cost": 31.718558267749376, "completition_cost": 0.0, "overshoot_cost": 50.32770647950874, "power_cost": 17.425754321289062, "noise_cost": 18.246421801812723, "n_waypoints_completed": 9, "tot_waypoints": 9}}
{"target": -686.0810227900234, "params": {"k_pid_pos": [1.8624793477566346, 0.1003293178450484, 0.964013702359797], "k_pid_alt": [0.13712023212969493, 0.0, 0.06527723447865985], "k_pid_att": [58.989274729095186, 3.8677381495188174, 0.1845336041603497], "k_pid_yaw": [0.5, 1e-06, 0.1], "k_pid_hsp": [0.09847755819799779, 0.011264223901387349, 0.0], "k_pid_vsp": [194.7624155113164, 307.0029666248519, 10.0]}, "datetime": {"datetime": "2025-08-11 18:35:53", "elapsed": 7832.7130398750305, "delta": 29.888739824295044}, "costs": {"total_cost": 686.0810227900234, "time_cost": 150, "final_distance_cost": 70.66633307537595, "oscillation_cost": 27.306998068814988, "completition_cost": 333.33333333333337, "overshoot_cost": 47.50082317375347, "power_cost": 29.066551428222656, "noise_cost": 28.206983710523104, "n_waypoints_completed": 6, "tot_waypoints": 9}}
{"target": -1515.2153421694031, "params": {"k_pid_pos": [1.3885554450422086, 0.024859491386256316, 0.007456431423803034], "k_pid_alt": [1.2679502233621702, 0.5247951503334181, 0.9495727706536599], "k_pid_att": [39.447728079683905, 1.8314851444632174, 0.2787101805563399], "k_pid_yaw": [0.5, 1e-06, 0.1], "k_pid_hsp": [0.09847755819799779, 0.011264223901387349, 0.38244816794941827], "k_pid_vsp": [194.7624155113164, 307.0029666248519, 243.7955552263187]}, "datetime": {"datetime": "2025-08-11 18:36:23", "elapsed": 7862.852813959122, "delta": 30.139774084091187}, "costs": {"total_cost": 1515.2153421694031, "time_cost": 150, "final_distance_cost": 27.76494537383537, "oscillation_cost": 610.8100196614915, "completition_cost": 555.5555555555555, "overshoot_cost": 107.23598098186231, "power_cost": 34.674166650390625, "noise_cost": 29.174673946267855, "n_waypoints_completed": 4, "tot_waypoints": 9}}
{"target": -682.504458301947, "params": {"k_pid_pos": [1.4340672435785011, 0.024859491386256316, 0.44963268842268056], "k_pid_alt": [0.16003885105321913, 0.0, 0.3146878632891922], "k_pid_att": [39.447728079683905, 0.0032441649989051976, 0.1845336041603497], "k_pid_yaw": [0.5, 1e-06, 0.1], "k_pid_hsp": [0.09847755819799779, 0.011264223901387349, 0.0], "k_pid_vsp": [194.7624155113164, 139.20520652041523, 10.0]}, "datetime": {"datetime": "2025-08-11 18:36:53", "elapsed": 7892.379752159119, "delta": 29.52693819999695}, "costs": {"total_cost": 682.504458301947, "time_cost": 150, "final_distance_cost": 69.03409688069634, "oscillation_cost": 24.368013485550147, "completition_cost": 333.33333333333337, "overshoot_cost": 48.324711474209025, "power_cost": 30.162307946777347, "noise_cost": 27.281995181380836, "n_waypoints_completed": 6, "tot_waypoints": 9}}
{"target": -189.68258846312514, "params": {"k_pid_pos": [1.8624793477566346, 0.04925411992759399, 0.995526179061942], "k_pid_alt": [1.515427128667956, 0.0, 0.9324720513360747], "k_pid_att": [39.447728079683905, 3.8677381495188174, 0.2787101805563399], "k_pid_yaw": [0.5, 1e-06, 0.1], "k_pid_hsp": [0.09847755819799779, 0.011264223901387349, 0.0], "k_pid_vsp": [194.7624155113164, 307.0029666248519, 10.0]}, "datetime": {"datetime": "2025-08-11 18:37:10", "elapsed": 7910.13356089592, "delta": 17.753808736801147}, "costs": {"total_cost": 189.68258846312514, "time_cost": 71.519, "final_distance_cost": 1.8179112030422546, "oscillation_cost": 29.330935327633508, "completition_cost": 0.0, "overshoot_cost": 50.78685079097464, "power_cost": 18.238562536621096, "noise_cost": 17.98932860485362, "n_waypoints_completed": 9, "tot_waypoints": 9}}
{"target": -186.36817385963496, "params": {"k_pid_pos": [1.3885554450422086, 0.024859491386256316, 0.44963268842268056], "k_pid_alt": [1.2679502233621702, 0.0, 0.06527723447865985], "k_pid_att": [43.948176657889235, 3.8677381495188174, 0.1845336041603497], "k_pid_yaw": [0.5, 1e-06, 0.1], "k_pid_hsp": [0.09847755819799779, 0.011264223901387349, 0.0], "k_pid_vsp": [194.7624155113164, 139.20520652041523, 10.0]}, "datetime": {"datetime": "2025-08-11 18:37:28", "elapsed": 7927.535359382629, "delta": 17.401798486709595}, "costs": {"total_cost": 186.36817385963496, "time_cost": 69.818, "final_distance_cost": 1.7937207483441209, "oscillation_cost": 28.740771047023404, "completition_cost": 0.0, "overshoot_cost": 50.574698131443384, "power_cost": 17.269026684570314, "noise_cost": 18.171957248253726, "n_waypoints_completed": 9, "tot_waypoints": 9}}
{"target": -187.56093721650421, "params": {"k_pid_pos": [1.3885554450422086, 0.024859491386256316, 0.44963268842268056], "k_pid_alt": [1.2679502233621702, 0.0, 0.06527723447865985], "k_pid_att": [58.989274729095186, 3.8677381495188174, 0.1845336041603497], "k_pid_yaw": [0.5, 1e-06, 0.1], "k_pid_hsp": [0.09847755819799779, 0.011264223901387349, 0.0], "k_pid_vsp": [194.7624155113164, 307.0029666248519, 10.0]}, "datetime": {"datetime": "2025-08-11 18:37:45", "elapsed": 7945.115434408188, "delta": 17.58007502555847}, "costs": {"total_cost": 187.56093721650421, "time_cost": 69.818, "final_distance_cost": 1.802979013493664, "oscillation_cost": 29.684050836556132, "completition_cost": 0.0, "overshoot_cost": 50.96561479487784, "power_cost": 17.304547814941408, "noise_cost": 17.985744756635178, "n_waypoints_completed": 9, "tot_waypoints": 9}}
{"target": -186.78886942391438, "params": {"k_pid_pos": [1.3885554450422086, 0.03988560271314401, 0.44963268842268056], "k_pid_alt": [1.2679502233621702, 0.0, 0.06527723447865985], "k_pid_att": [58.989274729095186, 3.8677381495188174, 0.8739915892735461], "k_pid_yaw": [0.5, 1e-06, 0.1], "k_pid_hsp": [0.09847755819799779, 0.011264223901387349, 0.0], "k_pid_vsp": [194.7624155113164, 307.0029666248519, 10.0]}, "datetime": {"datetime": "2025-08-11 18:38:03", "elapsed": 7962.589727401733, "delta": 17.474292993545532}, "costs": {"total_cost": 186.78886942391438, "time_cost": 69.79, "final_distance_cost": 1.7926552177021724, "oscillation_cost": 28.846282967129333, "completition_cost": 0.0, "overshoot_cost": 50.838630630650535, "power_cost": 17.890349560546877, "noise_cost": 17.630951047885485, "n_waypoints_completed": 9, "tot_waypoints": 9}}
{"target": -192.65242227675023, "params": {"k_pid_pos": [1.4340672435785011, 0.04925411992759399, 0.3736141384595716], "k_pid_alt": [1.515427128667956, 0.0, 0.251263550706466], "k_pid_att": [82.07793770411665, 5.9521973635976435, 0.1845336041603497], "k_pid_yaw": [0.5, 1e-06, 0.1], "k_pid_hsp": [0.09847755819799779, 0.011264223901387349, 0.0], "k_pid_vsp": [258.4046895883358, 20.0, 10.0]}, "datetime": {"datetime": "2025-08-11 18:38:21", "elapsed": 7980.465300559998, "delta": 17.87557315826416}, "costs": {"total_cost": 192.65242227675023, "time_cost": 71.127, "final_distance_cost": 1.7833052225444697, "oscillation_cost": 31.496151523814937, "completition_cost": 0.0, "overshoot_cost": 51.78524971756303, "power_cost": 17.704616516113283, "noise_cost": 18.75609929671453, "n_waypoints_completed": 9, "tot_waypoints": 9}}
{"target": -187.6050637468399, "params": {"k_pid_pos": [1.8624793477566346, 0.04925411992759399, 0.964013702359797], "k_pid_alt": [1.515427128667956, 0.0, 0.06527723447865985], "k_pid_att": [58.989274729095186, 3.8677381495188174, 0.1845336041603497], "k_pid_yaw": [0.5, 1e-06, 0.1], "k_pid_hsp": [0.09847755819799779, 0.011264223901387349, 0.0], "k_pid_vsp": [194.7624155113164, 307.0029666248519, 10.0]}, "datetime": {"datetime": "2025-08-11 18:38:38", "elapsed": 7997.924526691437, "delta": 17.45922613143921}, "costs": {"total_cost": 187.6050637468399, "time_cost": 69.419, "final_distance_cost": 1.8204686779356232, "oscillation_cost": 30.026855684030405, "completition_cost": 0.0, "overshoot_cost": 50.780233547949045, "power_cost": 17.809414880371094, "noise_cost": 17.749090956553747, "n_waypoints_completed": 9, "tot_waypoints": 9}}
