{"target": -187.99189788755862, "params": {"k_pid_pos": [1.6847188596925242, 0.024859491386256316, 0.40092638265648595], "k_pid_alt": [1.7297729984189598, 0.0, 0.06527723447865985], "k_pid_att": [10.85276784655954, 1.4953935029224072, 0.666719676683535], "k_pid_yaw": [0.5, 1e-06, 0.1], "k_pid_hsp": [0.09847755819799779, 0.011264223901387349, 0.0], "k_pid_vsp": [264.9966777379314, 304.1795245652576, 2.77343605205192]}, "datetime": {"datetime": "2025-08-12 05:21:50", "elapsed": 46589.92947793007, "delta": 18.425549507141113}, "costs": {"total_cost": 187.99189788755862, "time_cost": 69.188, "final_distance_cost": 1.7874426781385695, "oscillation_cost": 30.953582271648227, "completition_cost": 0.0, "overshoot_cost": 51.100460347828616, "power_cost": 14.553066052246095, "noise_cost": 20.409346537697097, "n_waypoints_completed": 9, "tot_waypoints": 9}}
{"target": -243.57579617564616, "params": {"k_pid_pos": [1.0031316701085804, 0.7624231229009552, 0.29262041550705187], "k_pid_alt": [1.7297729984189598, 0.6753724924068534, 0.06527723447865985], "k_pid_att": [25.463483275157817, 7.7877181803899305, 0.666719676683535], "k_pid_yaw": [0.5, 1e-06, 0.1], "k_pid_hsp": [8.488930879146414, 0.011264223901387349, 0.0], "k_pid_vsp": [264.9966777379314, 304.1795245652576, 2.77343605205192]}, "datetime": {"datetime": "2025-08-12 05:22:12", "elapsed": 46611.94620871544, "delta": 22.016730785369873}, "costs": {"total_cost": 243.57579617564616, "time_cost": 89.04, "final_distance_cost": 1.740508392505652, "oscillation_cost": 55.30588259389005, "completition_cost": 0.0, "overshoot_cost": 52.88071460271136, "power_cost": 19.221630871582033, "noise_cost": 25.387059714957083, "n_waypoints_completed": 9, "tot_waypoints": 9}}
{"target": -240.85843377696767, "params": {"k_pid_pos": [1.0031316701085804, 0.8007089045041901, 0.40092638265648595], "k_pid_alt": [1.7297729984189598, 0.0, 0.06527723447865985], "k_pid_att": [10.85276784655954, 1.4953935029224072, 0.4236705341890681], "k_pid_yaw": [0.5, 1e-06, 0.1], "k_pid_hsp": [0.09847755819799779, 0.011264223901387349, 0.0], "k_pid_vsp": [264.9966777379314, 304.1795245652576, 2.77343605205192]}, "datetime": {"datetime": "2025-08-12 05:22:38", "elapsed": 46637.52782082558, "delta": 25.58161211013794}, "costs": {"total_cost": 240.85843377696767, "time_cost": 93.765, "final_distance_cost": 1.7192716568108215, "oscillation_cost": 39.81397392063538, "completition_cost": 0.0, "overshoot_cost": 57.68872517233288, "power_cost": 19.971107080078127, "noise_cost": 27.90035594711044, "n_waypoints_completed": 9, "tot_waypoints": 9}}
{"target": -186.15206866154668, "params": {"k_pid_pos": [1.0031316701085804, 0.024859491386256316, 0.40092638265648595], "k_pid_alt": [0.9020104990244227, 0.0, 0.06527723447865985], "k_pid_att": [97.15749504346589, 1.4953935029224072, 0.666719676683535], "k_pid_yaw": [0.5, 1e-06, 0.1], "k_pid_hsp": [0.09847755819799779, 0.011264223901387349, 0.0], "k_pid_vsp": [264.9966777379314, 304.1795245652576, 2.77343605205192]}, "datetime": {"datetime": "2025-08-12 05:22:56", "elapsed": 46656.02159523964, "delta": 18.4937744140625}, "costs": {"total_cost": 186.15206866154668, "time_cost": 71.911, "final_distance_cost": 1.816384526966774, "oscillation_cost": 26.088972778131435, "completition_cost": 0.0, "overshoot_cost": 50.864096453547916, "power_cost": 14.45993280029297, "noise_cost": 21.011682102607576, "n_waypoints_completed": 9, "tot_waypoints": 9}}
{"target": -228.2829149096829, "params": {"k_pid_pos": [0.7505079561141027, 0.024859491386256316, 0.42495672118777295], "k_pid_alt": [1.85112020821355, 0.0, 0.06527723447865985], "k_pid_att": [25.463483275157817, 4.819059953965517, 0.666719676683535], "k_pid_yaw": [0.5, 1e-06, 0.1], "k_pid_hsp": [0.09847755819799779, 0.011264223901387349, 0.0], "k_pid_vsp": [208.80477796310458, 304.1795245652576, 137.90385397100354]}, "datetime": {"datetime": "2025-08-12 05:23:20", "elapsed": 46680.06195116043, "delta": 24.040355920791626}, "costs": {"total_cost": 228.2829149096829, "time_cost": 92.10600000000001, "final_distance_cost": 1.8457308812689854, "oscillation_cost": 23.775517299517624, "completition_cost": 0.0, "overshoot_cost": 62.580642712670674, "power_cost": 23.570404943847656, "noise_cost": 24.404619072377926, "n_waypoints_completed": 9, "tot_waypoints": 9}}
{"target": -190.91957722150002, "params": {"k_pid_pos": [1.0031316701085804, 0.024859491386256316, 0.40092638265648595], "k_pid_alt": [0.9997830193370283, 0.0, 0.7382510742128339], "k_pid_att": [93.20553315477635, 1.4953935029224072, 0.666719676683535], "k_pid_yaw": [0.5, 1e-06, 0.1], "k_pid_hsp": [0.09847755819799779, 0.011264223901387349, 0.0], "k_pid_vsp": [264.9966777379314, 304.1795245652576, 2.77343605205192]}, "datetime": {"datetime": "2025-08-12 05:23:40", "elapsed": 46699.49685573578, "delta": 19.4349045753479}, "costs": {"total_cost": 190.91957722150002, "time_cost": 75.159, "final_distance_cost": 1.8303542471306287, "oscillation_cost": 26.094927896523235, "completition_cost": 0.0, "overshoot_cost": 51.11494858829774, "power_cost": 15.019649084472658, "noise_cost": 21.700697405075754, "n_waypoints_completed": 9, "tot_waypoints": 9}}
{"target": -183.5856901136015, "params": {"k_pid_pos": [1.0031316701085804, 0.024859491386256316, 0.40092638265648595], "k_pid_alt": [1.7297729984189598, 0.0, 0.06527723447865985], "k_pid_att": [10.85276784655954, 1.4953935029224072, 0.666719676683535], "k_pid_yaw": [0.5, 1e-06, 0.1], "k_pid_hsp": [0.09847755819799779, 0.011264223901387349, 0.0], "k_pid_vsp": [205.46647479918613, 127.91747472228406, 2.77343605205192]}, "datetime": {"datetime": "2025-08-12 05:23:57", "elapsed": 46717.366245269775, "delta": 17.869389533996582}, "costs": {"total_cost": 183.5856901136015, "time_cost": 70.056, "final_distance_cost": 1.8228195366819622, "oscillation_cost": 25.807208749675727, "completition_cost": 0.0, "overshoot_cost": 50.81530509765018, "power_cost": 14.192803649902345, "noise_cost": 20.891553079691285, "n_waypoints_completed": 9, "tot_waypoints": 9}}
{"target": -183.08407650406252, "params": {"k_pid_pos": [1.0031316701085804, 0.024859491386256316, 0.40092638265648595], "k_pid_alt": [1.7297729984189598, 0.0, 0.06527723447865985], "k_pid_att": [10.85276784655954, 1.4953935029224072, 0.666719676683535], "k_pid_yaw": [0.5, 1e-06, 0.1], "k_pid_hsp": [0.09847755819799779, 0.011264223901387349, 0.0], "k_pid_vsp": [264.9966777379314, 304.1795245652576, 2.77343605205192]}, "datetime": {"datetime": "2025-08-12 05:24:17", "elapsed": 46736.5083835125, "delta": 19.142138242721558}, "costs": {"total_cost": 183.08407650406252, "time_cost": 69.97200000000001, "final_distance_cost": 1.8232561110929182, "oscillation_cost": 25.830634925397458, "completition_cost": 0.0, "overshoot_cost": 50.605337999513814, "power_cost": 14.15017557373047, "noise_cost": 20.702671894327832, "n_waypoints_completed": 9, "tot_waypoints": 9}}
{"target": -183.08407650406252, "params": {"k_pid_pos": [1.0031316701085804, 0.024859491386256316, 0.40092638265648595], "k_pid_alt": [1.7297729984189598, 0.0, 0.06527723447865985], "k_pid_att": [10.85276784655954, 1.4953935029224072, 0.666719676683535], "k_pid_yaw": [0.5, 1e-06, 0.1], "k_pid_hsp": [0.09847755819799779, 0.011264223901387349, 0.0], "k_pid_vsp": [264.9966777379314, 304.1795245652576, 2.77343605205192]}, "datetime": {"datetime": "2025-08-12 05:24:36", "elapsed": 46755.39673042297, "delta": 18.888346910476685}, "costs": {"total_cost": 183.08407650406252, "time_cost": 69.97200000000001, "final_distance_cost": 1.8232561110929182, "oscillation_cost": 25.830634925397458, "completition_cost": 0.0, "overshoot_cost": 50.605337999513814, "power_cost": 14.15017557373047, "noise_cost": 20.702671894327832, "n_waypoints_completed": 9, "tot_waypoints": 9}}
{"target": -183.08407650406252, "params": {"k_pid_pos": [1.0031316701085804, 0.024859491386256316, 0.40092638265648595], "k_pid_alt": [1.7297729984189598, 0.0, 0.06527723447865985], "k_pid_att": [10.85276784655954, 1.4953935029224072, 0.666719676683535], "k_pid_yaw": [0.5, 1e-06, 0.1], "k_pid_hsp": [0.09847755819799779, 0.011264223901387349, 0.0], "k_pid_vsp": [264.9966777379314, 304.1795245652576, 2.77343605205192]}, "datetime": {"datetime": "2025-08-12 05:24:53", "elapsed": 46773.071201086044, "delta": 17.67447066307068}, "costs": {"total_cost": 183.08407650406252, "time_cost": 69.97200000000001, "final_distance_cost": 1.8232561110929182, "oscillation_cost": 25.830634925397458, "completition_cost": 0.0, "overshoot_cost": 50.605337999513814, "power_cost": 14.15017557373047, "noise_cost": 20.702671894327832, "n_waypoints_completed": 9, "tot_waypoints": 9}}
{"target": -183.79337412673735, "params": {"k_pid_pos": [1.0031316701085804, 0.024859491386256316, 0.40092638265648595], "k_pid_alt": [1.7297729984189598, 0.0, 0.3157032531275451], "k_pid_att": [10.85276784655954, 1.4953935029224072, 0.666719676683535], "k_pid_yaw": [0.5, 1e-06, 0.1], "k_pid_hsp": [0.09847755819799779, 0.011264223901387349, 0.0], "k_pid_vsp": [264.9966777379314, 304.1795245652576, 2.77343605205192]}, "datetime": {"datetime": "2025-08-12 05:25:11", "elapsed": 46790.52766370773, "delta": 17.456462621688843}, "costs": {"total_cost": 183.79337412673735, "time_cost": 70.217, "final_distance_cost": 1.8284646496928745, "oscillation_cost": 25.99484953136596, "completition_cost": 0.0, "overshoot_cost": 50.725895605482656, "power_cost": 14.227981604003906, "noise_cost": 20.799182736191963, "n_waypoints_completed": 9, "tot_waypoints": 9}}
{"target": -274.68388502348347, "params": {"k_pid_pos": [1.0031316701085804, 0.9005427252559962, 0.40092638265648595], "k_pid_alt": [1.7297729984189598, 0.0, 0.06527723447865985], "k_pid_att": [22.971564751474492, 1.4953935029224072, 0.666719676683535], "k_pid_yaw": [0.5, 1e-06, 0.1], "k_pid_hsp": [0.09847755819799779, 0.011264223901387349, 0.0], "k_pid_vsp": [205.46647479918613, 304.1795245652576, 2.77343605205192]}, "datetime": {"datetime": "2025-08-12 05:25:40", "elapsed": 46819.92784333229, "delta": 29.400179624557495}, "costs": {"total_cost": 274.68388502348347, "time_cost": 111.174, "final_distance_cost": 1.7803872957979505, "oscillation_cost": 48.65900986487004, "completition_cost": 0.0, "overshoot_cost": 55.9245129534164, "power_cost": 23.957333703613283, "noise_cost": 33.188641205785764, "n_waypoints_completed": 9, "tot_waypoints": 9}}
{"target": -1459.9160540080268, "params": {"k_pid_pos": [1.6592589945333855, 0.024859491386256316, 0.40092638265648595], "k_pid_alt": [1.8017833982738278, 0.0, 0.06527723447865985], "k_pid_att": [97.15749504346589, 1.4953935029224072, 0.666719676683535], "k_pid_yaw": [0.5, 1e-06, 0.1], "k_pid_hsp": [0.09847755819799779, 0.011264223901387349, 0.0], "k_pid_vsp": [264.9966777379314, 304.1795245652576, 322.9464928403425]}, "datetime": {"datetime": "2025-08-12 05:26:12", "elapsed": 46852.00195288658, "delta": 32.07410955429077}, "costs": {"total_cost": 1459.9160540080268, "time_cost": 150, "final_distance_cost": 1.000394127647069, "oscillation_cost": 4.50114930957819, "completition_cost": 1000.0, "overshoot_cost": 162.70022301096913, "power_cost": 29.39288238525391, "noise_cost": 112.3214051745783, "n_waypoints_completed": 0, "tot_waypoints": 9}}
{"target": -192.9184745633161, "params": {"k_pid_pos": [1.0031316701085804, 0.024859491386256316, 0.40092638265648595], "k_pid_alt": [1.7297729984189598, 0.0, 0.06527723447865985], "k_pid_att": [10.85276784655954, 1.4953935029224072, 0.666719676683535], "k_pid_yaw": [0.5, 1e-06, 0.1], "k_pid_hsp": [3.121458039986117, 0.011264223901387349, 0.0], "k_pid_vsp": [264.9966777379314, 304.1795245652576, 2.77343605205192]}, "datetime": {"datetime": "2025-08-12 05:26:33", "elapsed": 46872.94300413132, "delta": 20.941051244735718}, "costs": {"total_cost": 192.9184745633161, "time_cost": 71.554, "final_distance_cost": 1.8512462695463696, "oscillation_cost": 32.29591817055945, "completition_cost": 0.0, "overshoot_cost": 50.20149289240554, "power_cost": 14.966897949218751, "noise_cost": 22.04891928158599, "n_waypoints_completed": 9, "tot_waypoints": 9}}
{"target": -1201.4280688007636, "params": {"k_pid_pos": [1.0031316701085804, 0.658800079422133, 0.40092638265648595], "k_pid_alt": [1.7297729984189598, 0.0, 0.06527723447865985], "k_pid_att": [10.85276784655954, 1.4953935029224072, 0.666719676683535], "k_pid_yaw": [0.5, 1e-06, 0.1], "k_pid_hsp": [0.09847755819799779, 0.011264223901387349, 0.5411905624282837], "k_pid_vsp": [264.9966777379314, 304.1795245652576, 2.77343605205192]}, "datetime": {"datetime": "2025-08-12 05:27:06", "elapsed": 46905.80373668671, "delta": 32.860732555389404}, "costs": {"total_cost": 1201.4280688007636, "time_cost": 150, "final_distance_cost": 39.588177865660235, "oscillation_cost": 302.6165163018139, "completition_cost": 555.5555555555555, "overshoot_cost": 96.96874297344024, "power_cost": 24.510133020019534, "noise_cost": 32.18894308427434, "n_waypoints_completed": 4, "tot_waypoints": 9}}
{"target": -186.15206866154668, "params": {"k_pid_pos": [1.0031316701085804, 0.024859491386256316, 0.40092638265648595], "k_pid_alt": [0.9020104990244227, 0.0, 0.06527723447865985], "k_pid_att": [97.15749504346589, 1.4953935029224072, 0.666719676683535], "k_pid_yaw": [0.5, 1e-06, 0.1], "k_pid_hsp": [0.09847755819799779, 0.011264223901387349, 0.0], "k_pid_vsp": [264.9966777379314, 304.1795245652576, 2.77343605205192]}, "datetime": {"datetime": "2025-08-12 05:27:24", "elapsed": 46923.69794464111, "delta": 17.89420795440674}, "costs": {"total_cost": 186.15206866154668, "time_cost": 71.911, "final_distance_cost": 1.816384526966774, "oscillation_cost": 26.088972778131435, "completition_cost": 0.0, "overshoot_cost": 50.864096453547916, "power_cost": 14.45993280029297, "noise_cost": 21.011682102607576, "n_waypoints_completed": 9, "tot_waypoints": 9}}
{"target": -205.78846012995436, "params": {"k_pid_pos": [1.0031316701085804, 0.024859491386256316, 0.6493189868694299], "k_pid_alt": [1.7297729984189598, 0.0, 0.06527723447865985], "k_pid_att": [10.85276784655954, 1.4953935029224072, 0.666719676683535], "k_pid_yaw": [0.5, 1e-06, 0.1], "k_pid_hsp": [4.45834881839946, 0.011264223901387349, 0.0], "k_pid_vsp": [264.9966777379314, 304.1795245652576, 2.77343605205192]}, "datetime": {"datetime": "2025-08-12 05:27:44", "elapsed": 46944.33255815506, "delta": 20.634613513946533}, "costs": {"total_cost": 205.78846012995436, "time_cost": 76.412, "final_distance_cost": 1.8537268542079857, "oscillation_cost": 37.30252960353381, "completition_cost": 0.0, "overshoot_cost": 50.959996026842575, "power_cost": 15.589356835937501, "noise_cost": 23.67085080943247, "n_waypoints_completed": 9, "tot_waypoints": 9}}
{"target": -186.1209838058659, "params": {"k_pid_pos": [1.0031316701085804, 0.024859491386256316, 0.4802608558925999], "k_pid_alt": [0.9997830193370283, 0.0, 0.13882932479520194], "k_pid_att": [93.20553315477635, 1.4953935029224072, 0.666719676683535], "k_pid_yaw": [0.5, 1e-06, 0.1], "k_pid_hsp": [0.09847755819799779, 0.011264223901387349, 0.0], "k_pid_vsp": [264.9966777379314, 97.47868520206696, 2.77343605205192]}, "datetime": {"datetime": "2025-08-12 05:28:03", "elapsed": 46963.23833870888, "delta": 18.90578055381775}, "costs": {"total_cost": 186.1209838058659, "time_cost": 72.17, "final_distance_cost": 1.8239081480501451, "oscillation_cost": 25.58702365449035, "completition_cost": 0.0, "overshoot_cost": 50.69538099374696, "power_cost": 14.407214599609375, "noise_cost": 21.437456409969062, "n_waypoints_completed": 9, "tot_waypoints": 9}}
{"target": -819.4743033917867, "params": {"k_pid_pos": [1.0031316701085804, 0.024859491386256316, 0.40092638265648595], "k_pid_alt": [1.7297729984189598, 0.0, 0.7925958880414701], "k_pid_att": [25.463483275157817, 5.859554809351448, 0.666719676683535], "k_pid_yaw": [0.5, 1e-06, 0.1], "k_pid_hsp": [0.09847755819799779, 0.7156656356539504, 0.0], "k_pid_vsp": [264.9966777379314, 291.9899918266388, 2.77343605205192]}, "datetime": {"datetime": "2025-08-12 05:28:34", "elapsed": 46993.75922656059, "delta": 30.520887851715088}, "costs": {"total_cost": 819.4743033917867, "time_cost": 150, "final_distance_cost": 73.6589604883297, "oscillation_cost": 134.75513925251104, "completition_cost": 333.33333333333337, "overshoot_cost": 59.178131605567735, "power_cost": 33.45507547607422, "noise_cost": 35.093663235970816, "n_waypoints_completed": 6, "tot_waypoints": 9}}
{"target": -184.66104465414622, "params": {"k_pid_pos": [1.2291269948485064, 0.024859491386256316, 0.40092638265648595], "k_pid_alt": [1.7988026916343176, 0.0, 0.06527723447865985], "k_pid_att": [10.85276784655954, 1.4953935029224072, 0.666719676683535], "k_pid_yaw": [0.5, 1e-06, 0.1], "k_pid_hsp": [0.09847755819799779, 0.011264223901387349, 0.0], "k_pid_vsp": [264.9966777379314, 304.1795245652576, 2.77343605205192]}, "datetime": {"datetime": "2025-08-12 05:28:53", "elapsed": 47012.40185213089, "delta": 18.64262557029724}, "costs": {"total_cost": 184.66104465414622, "time_cost": 69.398, "final_distance_cost": 1.8211729564068095, "oscillation_cost": 27.939056865708736, "completition_cost": 0.0, "overshoot_cost": 50.879450234801595, "power_cost": 14.200002124023438, "noise_cost": 20.423362473205657, "n_waypoints_completed": 9, "tot_waypoints": 9}}
{"target": -183.07826333271774, "params": {"k_pid_pos": [1.0031316701085804, 0.024859491386256316, 0.40092638265648595], "k_pid_alt": [1.7297729984189598, 0.0, 0.03027788721554503], "k_pid_att": [10.85276784655954, 1.4953935029224072, 0.666719676683535], "k_pid_yaw": [0.5, 1e-06, 0.1], "k_pid_hsp": [0.09847755819799779, 0.011264223901387349, 0.0], "k_pid_vsp": [264.9966777379314, 304.1795245652576, 2.77343605205192]}, "datetime": {"datetime": "2025-08-12 05:29:10", "elapsed": 47029.500426054, "delta": 17.098573923110962}, "costs": {"total_cost": 183.07826333271774, "time_cost": 69.944, "final_distance_cost": 1.8393855252991158, "oscillation_cost": 25.866500413298162, "completition_cost": 0.0, "overshoot_cost": 50.53524934981965, "power_cost": 14.164980163574219, "noise_cost": 20.728147880726574, "n_waypoints_completed": 9, "tot_waypoints": 9}}
{"target": -1460.2365573749826, "params": {"k_pid_pos": [1.0031316701085804, 0.26626295871360073, 0.40092638265648595], "k_pid_alt": [1.7297729984189598, 0.0, 0.06527723447865985], "k_pid_att": [10.85276784655954, 1.4953935029224072, 0.666719676683535], "k_pid_yaw": [0.5, 1e-06, 0.1], "k_pid_hsp": [0.09847755819799779, 0.011264223901387349, 0.0], "k_pid_vsp": [264.9966777379314, 304.1795245652576, 344.2278661105134]}, "datetime": {"datetime": "2025-08-12 05:29:41", "elapsed": 47061.06195259094, "delta": 31.56152653694153}, "costs": {"total_cost": 1460.2365573749826, "time_cost": 150, "final_distance_cost": 0.9974002068963822, "oscillation_cost": 3.785307036506287, "completition_cost": 1000.0, "overshoot_cost": 162.88482161446333, "power_cost": 29.29061610107422, "noise_cost": 113.27841241604243, "n_waypoints_completed": 0, "tot_waypoints": 9}}
{"target": -186.21340658156933, "params": {"k_pid_pos": [1.2291269948485064, 0.024859491386256316, 0.40092638265648595], "k_pid_alt": [1.7988026916343176, 0.0, 0.7925958880414701], "k_pid_att": [25.463483275157817, 5.859554809351448, 0.666719676683535], "k_pid_yaw": [0.5, 1e-06, 0.1], "k_pid_hsp": [0.09847755819799779, 0.011264223901387349, 0.0], "k_pid_vsp": [264.9966777379314, 304.1795245652576, 2.77343605205192]}, "datetime": {"datetime": "2025-08-12 05:29:59", "elapsed": 47079.07049322128, "delta": 18.008540630340576}, "costs": {"total_cost": 186.21340658156933, "time_cost": 70.46900000000001, "final_distance_cost": 1.8281337672740772, "oscillation_cost": 28.02026478908026, "completition_cost": 0.0, "overshoot_cost": 50.859433904079324, "power_cost": 14.404851562500001, "noise_cost": 20.63172255863567, "n_waypoints_completed": 9, "tot_waypoints": 9}}
{"target": -183.11632349958936, "params": {"k_pid_pos": [1.0031316701085804, 0.024859491386256316, 0.40092638265648595], "k_pid_alt": [1.7297729984189598, 0.0, 0.06527723447865985], "k_pid_att": [10.85276784655954, 1.4953935029224072, 0.666719676683535], "k_pid_yaw": [0.5, 1e-06, 0.1], "k_pid_hsp": [0.09847755819799779, 0.011264223901387349, 0.0], "k_pid_vsp": [264.9966777379314, 291.9899918266388, 2.77343605205192]}, "datetime": {"datetime": "2025-08-12 05:30:19", "elapsed": 47098.84816431999, "delta": 19.777671098709106}, "costs": {"total_cost": 183.11632349958936, "time_cost": 69.979, "final_distance_cost": 1.821660856433354, "oscillation_cost": 25.824609299538867, "completition_cost": 0.0, "overshoot_cost": 50.63558626688356, "power_cost": 14.140096667480469, "noise_cost": 20.71537040925312, "n_waypoints_completed": 9, "tot_waypoints": 9}}
{"target": -194.23118630129008, "params": {"k_pid_pos": [1.0031316701085804, 0.024859491386256316, 0.40092638265648595], "k_pid_alt": [1.7297729984189598, 0.0, 0.06527723447865985], "k_pid_att": [97.15749504346589, 1.4953935029224072, 0.666719676683535], "k_pid_yaw": [0.5, 1e-06, 0.1], "k_pid_hsp": [1.380453583829348, 0.011264223901387349, 0.0], "k_pid_vsp": [264.9966777379314, 304.1795245652576, 2.77343605205192]}, "datetime": {"datetime": "2025-08-12 05:30:37", "elapsed": 47117.172988414764, "delta": 18.32482409477234}, "costs": {"total_cost": 194.23118630129008, "time_cost": 72.408, "final_distance_cost": 1.8509228152388868, "oscillation_cost": 32.11681976508522, "completition_cost": 0.0, "overshoot_cost": 50.65320805389098, "power_cost": 14.977909631347657, "noise_cost": 22.224326035727323, "n_waypoints_completed": 9, "tot_waypoints": 9}}
