{"target": -190.56888486981148, "params": {"k_pid_pos": [1.9176378968916694, 0.024859491386256316, 0.40092638265648595], "k_pid_alt": [1.7187705538853828, 0.0, 0.7558934151415505], "k_pid_att": [24.0942673894178, 3.7802132718527557, 0.8792759721912583], "k_pid_yaw": [0.5, 1e-06, 0.1], "k_pid_hsp": [0.09847755819799779, 0.011264223901387349, 0.0], "k_pid_vsp": [292.94687076665593, 307.0029666248519, 21.011196465382298]}, "datetime": {"datetime": "2025-08-11 22:18:04", "elapsed": 21164.051342725754, "delta": 17.470715045928955}, "costs": {"total_cost": 190.56888486981148, "time_cost": 70.245, "final_distance_cost": 1.7954513503071572, "oscillation_cost": 31.841224170662702, "completition_cost": 0.0, "overshoot_cost": 51.002182380353354, "power_cost": 18.140876660156252, "noise_cost": 17.544150308332, "n_waypoints_completed": 9, "tot_waypoints": 9}}
{"target": -913.644082060175, "params": {"k_pid_pos": [0.9203224573796739, 0.024859491386256316, 0.40092638265648595], "k_pid_alt": [1.2679502233621702, 0.0, 0.06527723447865985], "k_pid_att": [24.0942673894178, 0.18205753750414305, 0.8792759721912583], "k_pid_yaw": [0.5, 1e-06, 0.1], "k_pid_hsp": [0.09847755819799779, 0.7159462861832028, 0.0], "k_pid_vsp": [292.94687076665593, 307.0029666248519, 40.70050142659987]}, "datetime": {"datetime": "2025-08-11 22:18:35", "elapsed": 21194.410368919373, "delta": 30.359026193618774}, "costs": {"total_cost": 913.644082060175, "time_cost": 150, "final_distance_cost": 51.55211575997084, "oscillation_cost": 132.58219526320278, "completition_cost": 444.4444444444444, "overshoot_cost": 66.69318230516801, "power_cost": 35.21449344482422, "noise_cost": 33.157650842564756, "n_waypoints_completed": 5, "tot_waypoints": 9}}
{"target": -188.90343081576887, "params": {"k_pid_pos": [0.9203224573796739, 0.024859491386256316, 0.40092638265648595], "k_pid_alt": [0.628485956049549, 0.0, 0.06527723447865985], "k_pid_att": [24.0942673894178, 0.18205753750414305, 0.8792759721912583], "k_pid_yaw": [0.5, 1e-06, 0.1], "k_pid_hsp": [0.09847755819799779, 0.011264223901387349, 0.0], "k_pid_vsp": [292.94687076665593, 307.0029666248519, 40.70050142659987]}, "datetime": {"datetime": "2025-08-11 22:18:53", "elapsed": 21212.875163316727, "delta": 18.464794397354126}, "costs": {"total_cost": 188.90343081576887, "time_cost": 74.08800000000001, "final_distance_cost": 1.8355120185102702, "oscillation_cost": 25.31099409152033, "completition_cost": 0.0, "overshoot_cost": 50.69084307367416, "power_cost": 18.878382165527345, "noise_cost": 18.09969946653676, "n_waypoints_completed": 9, "tot_waypoints": 9}}
{"target": -1539.9947374176763, "params": {"k_pid_pos": [1.9176378968916694, 0.024859491386256316, 0.40092638265648595], "k_pid_alt": [1.1736461563227703, 0.0, 0.06527723447865985], "k_pid_att": [24.0942673894178, 9.994776192526535, 0.8792759721912583], "k_pid_yaw": [0.5, 1e-06, 0.1], "k_pid_hsp": [0.09847755819799779, 0.011264223901387349, 0.5491218481913619], "k_pid_vsp": [292.94687076665593, 307.0029666248519, 21.011196465382298]}, "datetime": {"datetime": "2025-08-11 22:19:23", "elapsed": 21243.3126642704, "delta": 30.437500953674316}, "costs": {"total_cost": 1539.9947374176763, "time_cost": 150, "final_distance_cost": 78.16969008990598, "oscillation_cost": 487.0353358923838, "completition_cost": 666.6666666666667, "overshoot_cost": 99.37382871075853, "power_cost": 31.060994970703128, "noise_cost": 27.688221087258096, "n_waypoints_completed": 3, "tot_waypoints": 9}}
{"target": -184.84825913744496, "params": {"k_pid_pos": [1.0031316701085804, 0.024859491386256316, 0.40092638265648595], "k_pid_alt": [1.2679502233621702, 0.0, 0.06527723447865985], "k_pid_att": [24.0942673894178, 0.18205753750414305, 0.8792759721912583], "k_pid_yaw": [0.5, 1e-06, 0.1], "k_pid_hsp": [0.09847755819799779, 0.011264223901387349, 0.0], "k_pid_vsp": [200.4106445826773, 307.0029666248519, 62.564861685850005]}, "datetime": {"datetime": "2025-08-11 22:19:41", "elapsed": 21260.601224184036, "delta": 17.288559913635254}, "costs": {"total_cost": 184.84825913744496, "time_cost": 70.763, "final_distance_cost": 1.827648218355697, "oscillation_cost": 25.313716011786102, "completition_cost": 0.0, "overshoot_cost": 51.10621875682573, "power_cost": 18.311839782714845, "noise_cost": 17.525836367762558, "n_waypoints_completed": 9, "tot_waypoints": 9}}
{"target": -1363.578482248996, "params": {"k_pid_pos": [0.8211552511424755, 0.024859491386256316, 0.847123259091292], "k_pid_alt": [1.2679502233621702, 0.0, 0.06527723447865985], "k_pid_att": [24.0942673894178, 4.821296285982074, 0.8792759721912583], "k_pid_yaw": [0.5, 1e-06, 0.1], "k_pid_hsp": [0.09847755819799779, 0.07491097546197312, 0.5735930241189825], "k_pid_vsp": [292.94687076665593, 307.0029666248519, 40.70050142659987]}, "datetime": {"datetime": "2025-08-11 22:20:11", "elapsed": 21290.68093585968, "delta": 30.07971167564392}, "costs": {"total_cost": 1363.578482248996, "time_cost": 150, "final_distance_cost": 43.80477820171563, "oscillation_cost": 472.99137200041844, "completition_cost": 555.5555555555555, "overshoot_cost": 80.61129339715342, "power_cost": 32.54797900390625, "noise_cost": 28.067504090246576, "n_waypoints_completed": 4, "tot_waypoints": 9}}
{"target": -185.04364963742327, "params": {"k_pid_pos": [0.9203224573796739, 0.024859491386256316, 0.40092638265648595], "k_pid_alt": [1.2679502233621702, 0.0, 0.06527723447865985], "k_pid_att": [24.0942673894178, 0.18205753750414305, 0.8792759721912583], "k_pid_yaw": [0.5, 1e-06, 0.1], "k_pid_hsp": [0.09847755819799779, 0.011264223901387349, 0.0], "k_pid_vsp": [243.1792825771628, 307.0029666248519, 21.011196465382298]}, "datetime": {"datetime": "2025-08-11 22:20:28", "elapsed": 21307.97413110733, "delta": 17.293195247650146}, "costs": {"total_cost": 185.04364963742327, "time_cost": 70.94500000000001, "final_distance_cost": 1.8391881493166637, "oscillation_cost": 25.3422373969687, "completition_cost": 0.0, "overshoot_cost": 51.08476446303051, "power_cost": 18.02459509277344, "noise_cost": 17.807864535333938, "n_waypoints_completed": 9, "tot_waypoints": 9}}
{"target": -192.30303099439166, "params": {"k_pid_pos": [1.9176378968916694, 0.024859491386256316, 0.21152287994165886], "k_pid_alt": [1.6319753356852484, 0.0, 0.7547909499110205], "k_pid_att": [24.0942673894178, 5.088413281584711, 0.6179952950406163], "k_pid_yaw": [0.5, 1e-06, 0.1], "k_pid_hsp": [0.09847755819799779, 0.011264223901387349, 0.0], "k_pid_vsp": [292.94687076665593, 255.15728066808146, 62.564861685850005]}, "datetime": {"datetime": "2025-08-11 22:20:45", "elapsed": 21325.26171183586, "delta": 17.287580728530884}, "costs": {"total_cost": 192.30303099439166, "time_cost": 70.56, "final_distance_cost": 1.7692521579084057, "oscillation_cost": 32.656472842199925, "completition_cost": 0.0, "overshoot_cost": 50.95901334391693, "power_cost": 18.939472509765626, "noise_cost": 17.418820140600758, "n_waypoints_completed": 9, "tot_waypoints": 9}}
{"target": -1123.3909976310158, "params": {"k_pid_pos": [1.3296566129936354, 0.024859491386256316, 0.40092638265648595], "k_pid_alt": [1.2679502233621702, 0.08322093448254864, 0.06527723447865985], "k_pid_att": [77.95525177682634, 4.273161054152589, 0.8100135033272438], "k_pid_yaw": [0.5, 1e-06, 0.1], "k_pid_hsp": [0.09847755819799779, 0.7249672446196165, 0.0], "k_pid_vsp": [284.5460512203246, 307.0029666248519, 62.564861685850005]}, "datetime": {"datetime": "2025-08-11 22:21:16", "elapsed": 21355.70978498459, "delta": 30.448073148727417}, "costs": {"total_cost": 1123.3909976310158, "time_cost": 150, "final_distance_cost": 53.17514672614927, "oscillation_cost": 121.08020215632388, "completition_cost": 666.6666666666667, "overshoot_cost": 62.9305847120933, "power_cost": 36.10326689453125, "noise_cost": 33.435130475251384, "n_waypoints_completed": 3, "tot_waypoints": 9}}
{"target": -185.27786015343972, "params": {"k_pid_pos": [0.9203224573796739, 0.024859491386256316, 0.40092638265648595], "k_pid_alt": [1.2679502233621702, 0.0, 0.06527723447865985], "k_pid_att": [24.0942673894178, 3.7802132718527557, 0.8792759721912583], "k_pid_yaw": [0.5, 1e-06, 0.1], "k_pid_hsp": [0.09847755819799779, 0.011264223901387349, 0.0], "k_pid_vsp": [342.13188953727393, 307.0029666248519, 62.564861685850005]}, "datetime": {"datetime": "2025-08-11 22:21:33", "elapsed": 21373.000733613968, "delta": 17.290948629379272}, "costs": {"total_cost": 185.27786015343972, "time_cost": 71.06400000000001, "final_distance_cost": 1.8222928531075289, "oscillation_cost": 25.117185697157243, "completition_cost": 0.0, "overshoot_cost": 51.121808262330504, "power_cost": 18.23550584716797, "noise_cost": 17.917067493676452, "n_waypoints_completed": 9, "tot_waypoints": 9}}
{"target": -189.65186860269674, "params": {"k_pid_pos": [1.9176378968916694, 0.024859491386256316, 0.40092638265648595], "k_pid_alt": [1.7187705538853828, 0.0, 0.06527723447865985], "k_pid_att": [24.0942673894178, 0.18205753750414305, 0.8792759721912583], "k_pid_yaw": [0.5, 1e-06, 0.1], "k_pid_hsp": [0.09847755819799779, 0.011264223901387349, 0.0], "k_pid_vsp": [279.45517549114066, 307.0029666248519, 40.70050142659987]}, "datetime": {"datetime": "2025-08-11 22:21:51", "elapsed": 21390.38143825531, "delta": 17.380704641342163}, "costs": {"total_cost": 189.65186860269674, "time_cost": 69.496, "final_distance_cost": 1.774503966900226, "oscillation_cost": 31.281722948659915, "completition_cost": 0.0, "overshoot_cost": 51.25389418640724, "power_cost": 18.21413201904297, "noise_cost": 17.63161548168636, "n_waypoints_completed": 9, "tot_waypoints": 9}}
{"target": -402.3534196387463, "params": {"k_pid_pos": [0.2648816019599518, 0.024859491386256316, 0.40092638265648595], "k_pid_alt": [1.2679502233621702, 0.0, 0.06527723447865985], "k_pid_att": [24.0942673894178, 0.18205753750414305, 0.8792759721912583], "k_pid_yaw": [0.5, 1e-06, 0.1], "k_pid_hsp": [0.09847755819799779, 0.011264223901387349, 0.0], "k_pid_vsp": [292.94687076665593, 307.0029666248519, 21.011196465382298]}, "datetime": {"datetime": "2025-08-11 22:22:20", "elapsed": 21420.280335187912, "delta": 29.89889693260193}, "costs": {"total_cost": 402.3534196387463, "time_cost": 150, "final_distance_cost": 3.270691867075098, "oscillation_cost": 14.240543683650893, "completition_cost": 111.11111111111116, "overshoot_cost": 61.13099001624879, "power_cost": 29.580129699707033, "noise_cost": 33.01995326095332, "n_waypoints_completed": 8, "tot_waypoints": 9}}
{"target": -184.09452520859787, "params": {"k_pid_pos": [1.0031316701085804, 0.024859491386256316, 0.40092638265648595], "k_pid_alt": [1.2679502233621702, 0.0, 0.06527723447865985], "k_pid_att": [24.0942673894178, 0.18205753750414305, 0.8792759721912583], "k_pid_yaw": [0.5, 1e-06, 0.1], "k_pid_hsp": [0.09847755819799779, 0.011264223901387349, 0.0], "k_pid_vsp": [292.94687076665593, 307.0029666248519, 21.011196465382298]}, "datetime": {"datetime": "2025-08-11 22:22:38", "elapsed": 21438.026940345764, "delta": 17.746605157852173}, "costs": {"total_cost": 184.09452520859787, "time_cost": 70.399, "final_distance_cost": 1.8345096342728806, "oscillation_cost": 26.033560826510698, "completition_cost": 0.0, "overshoot_cost": 50.504236002786485, "power_cost": 17.811746228027346, "noise_cost": 17.511472517000485, "n_waypoints_completed": 9, "tot_waypoints": 9}}
{"target": -184.09452520859787, "params": {"k_pid_pos": [1.0031316701085804, 0.024859491386256316, 0.40092638265648595], "k_pid_alt": [1.2679502233621702, 0.0, 0.06527723447865985], "k_pid_att": [24.0942673894178, 0.18205753750414305, 0.8792759721912583], "k_pid_yaw": [0.5, 1e-06, 0.1], "k_pid_hsp": [0.09847755819799779, 0.011264223901387349, 0.0], "k_pid_vsp": [292.94687076665593, 307.0029666248519, 21.011196465382298]}, "datetime": {"datetime": "2025-08-11 22:22:56", "elapsed": 21455.99599647522, "delta": 17.969056129455566}, "costs": {"total_cost": 184.09452520859787, "time_cost": 70.399, "final_distance_cost": 1.8345096342728806, "oscillation_cost": 26.033560826510698, "completition_cost": 0.0, "overshoot_cost": 50.504236002786485, "power_cost": 17.811746228027346, "noise_cost": 17.511472517000485, "n_waypoints_completed": 9, "tot_waypoints": 9}}
{"target": -184.09452520859787, "params": {"k_pid_pos": [1.0031316701085804, 0.024859491386256316, 0.40092638265648595], "k_pid_alt": [1.2679502233621702, 0.0, 0.06527723447865985], "k_pid_att": [24.0942673894178, 0.18205753750414305, 0.8792759721912583], "k_pid_yaw": [0.5, 1e-06, 0.1], "k_pid_hsp": [0.09847755819799779, 0.011264223901387349, 0.0], "k_pid_vsp": [292.94687076665593, 307.0029666248519, 21.011196465382298]}, "datetime": {"datetime": "2025-08-11 22:23:14", "elapsed": 21473.807337999344, "delta": 17.811341524124146}, "costs": {"total_cost": 184.09452520859787, "time_cost": 70.399, "final_distance_cost": 1.8345096342728806, "oscillation_cost": 26.033560826510698, "completition_cost": 0.0, "overshoot_cost": 50.504236002786485, "power_cost": 17.811746228027346, "noise_cost": 17.511472517000485, "n_waypoints_completed": 9, "tot_waypoints": 9}}
{"target": -246.30157456155678, "params": {"k_pid_pos": [0.9203224573796739, 0.7861818900992841, 0.40092638265648595], "k_pid_alt": [1.2679502233621702, 0.0, 0.06527723447865985], "k_pid_att": [98.3674629066707, 0.18205753750414305, 0.8792759721912583], "k_pid_yaw": [0.5, 1e-06, 0.1], "k_pid_hsp": [0.09847755819799779, 0.011264223901387349, 0.0], "k_pid_vsp": [279.45517549114066, 307.0029666248519, 40.70050142659987]}, "datetime": {"datetime": "2025-08-11 22:23:39", "elapsed": 21498.917327165604, "delta": 25.109989166259766}, "costs": {"total_cost": 246.30157456155678, "time_cost": 97.419, "final_distance_cost": 1.7737585620108276, "oscillation_cost": 40.28519275690183, "completition_cost": 0.0, "overshoot_cost": 56.3491601928552, "power_cost": 25.668537622070314, "noise_cost": 24.8059254277186, "n_waypoints_completed": 9, "tot_waypoints": 9}}
{"target": -189.47764510152413, "params": {"k_pid_pos": [1.9176378968916694, 0.024859491386256316, 0.40092638265648595], "k_pid_alt": [1.7187705538853828, 0.0, 0.06527723447865985], "k_pid_att": [24.0942673894178, 0.18205753750414305, 0.8792759721912583], "k_pid_yaw": [0.5, 1e-06, 0.1], "k_pid_hsp": [0.09847755819799779, 0.011264223901387349, 0.0], "k_pid_vsp": [243.1792825771628, 307.0029666248519, 21.011196465382298]}, "datetime": {"datetime": "2025-08-11 22:23:56", "elapsed": 21516.35341644287, "delta": 17.436089277267456}, "costs": {"total_cost": 189.47764510152413, "time_cost": 69.33500000000001, "final_distance_cost": 1.7943047927717624, "oscillation_cost": 31.755028341269735, "completition_cost": 0.0, "overshoot_cost": 50.611750366561374, "power_cost": 18.229454736328126, "noise_cost": 17.752106864593117, "n_waypoints_completed": 9, "tot_waypoints": 9}}
{"target": -186.00758244898265, "params": {"k_pid_pos": [0.9203224573796739, 0.024859491386256316, 0.40092638265648595], "k_pid_alt": [1.2679502233621702, 0.0, 0.06527723447865985], "k_pid_att": [24.0942673894178, 0.18205753750414305, 0.8792759721912583], "k_pid_yaw": [0.5, 1e-06, 0.1], "k_pid_hsp": [0.09847755819799779, 0.011264223901387349, 0.0], "k_pid_vsp": [40.32923178154295, 307.0029666248519, 21.011196465382298]}, "datetime": {"datetime": "2025-08-11 22:24:14", "elapsed": 21533.93630003929, "delta": 17.582883596420288}, "costs": {"total_cost": 186.00758244898265, "time_cost": 70.553, "final_distance_cost": 1.8377781313555275, "oscillation_cost": 27.609833272594916, "completition_cost": 0.0, "overshoot_cost": 50.32034748328997, "power_cost": 18.419729541015627, "noise_cost": 17.26689402072664, "n_waypoints_completed": 9, "tot_waypoints": 9}}
{"target": -184.635771961381, "params": {"k_pid_pos": [1.0031316701085804, 0.024859491386256316, 0.40092638265648595], "k_pid_alt": [1.2679502233621702, 0.0, 0.06527723447865985], "k_pid_att": [24.0942673894178, 0.18205753750414305, 0.8792759721912583], "k_pid_yaw": [0.5, 1e-06, 0.1], "k_pid_hsp": [0.09847755819799779, 0.011264223901387349, 0.0], "k_pid_vsp": [243.1792825771628, 307.0029666248519, 21.011196465382298]}, "datetime": {"datetime": "2025-08-11 22:24:32", "elapsed": 21552.236676216125, "delta": 18.300376176834106}, "costs": {"total_cost": 184.635771961381, "time_cost": 70.399, "final_distance_cost": 1.8175168900949419, "oscillation_cost": 26.039956653068312, "completition_cost": 0.0, "overshoot_cost": 50.56046842055218, "power_cost": 18.11426424560547, "noise_cost": 17.704565752060088, "n_waypoints_completed": 9, "tot_waypoints": 9}}
{"target": -211.56455838704164, "params": {"k_pid_pos": [1.9176378968916694, 0.024859491386256316, 0.40092638265648595], "k_pid_alt": [0.3985646879364917, 0.0, 0.06527723447865985], "k_pid_att": [24.0942673894178, 3.7802132718527557, 0.8792759721912583], "k_pid_yaw": [0.5, 1e-06, 0.1], "k_pid_hsp": [0.09847755819799779, 0.011264223901387349, 0.0], "k_pid_vsp": [200.4106445826773, 307.0029666248519, 62.564861685850005]}, "datetime": {"datetime": "2025-08-11 22:24:53", "elapsed": 21573.067662477493, "delta": 20.830986261367798}, "costs": {"total_cost": 211.56455838704164, "time_cost": 82.558, "final_distance_cost": 1.8486920316561315, "oscillation_cost": 34.587132371260495, "completition_cost": 0.0, "overshoot_cost": 50.95750107066539, "power_cost": 21.395237658691407, "noise_cost": 20.217995254768237, "n_waypoints_completed": 9, "tot_waypoints": 9}}
{"target": -193.31324379690648, "params": {"k_pid_pos": [1.0031316701085804, 0.024859491386256316, 0.40092638265648595], "k_pid_alt": [1.2679502233621702, 0.5825635189933015, 0.06527723447865985], "k_pid_att": [24.0942673894178, 0.18205753750414305, 0.8792759721912583], "k_pid_yaw": [0.5, 1e-06, 0.1], "k_pid_hsp": [0.09847755819799779, 0.011264223901387349, 0.0], "k_pid_vsp": [284.5460512203246, 307.0029666248519, 62.564861685850005]}, "datetime": {"datetime": "2025-08-11 22:25:13", "elapsed": 21592.41527056694, "delta": 19.34760808944702}, "costs": {"total_cost": 193.31324379690648, "time_cost": 75.348, "final_distance_cost": 1.7697817906241244, "oscillation_cost": 26.37060270453369, "completition_cost": 0.0, "overshoot_cost": 52.60966649670291, "power_cost": 19.164963037109377, "noise_cost": 18.050229767936358, "n_waypoints_completed": 9, "tot_waypoints": 9}}
{"target": -184.75768390844567, "params": {"k_pid_pos": [1.0031316701085804, 0.024859491386256316, 0.40092638265648595], "k_pid_alt": [1.8506719184877571, 0.0, 0.06527723447865985], "k_pid_att": [24.0942673894178, 0.18205753750414305, 0.8792759721912583], "k_pid_yaw": [0.5, 1e-06, 0.1], "k_pid_hsp": [0.09847755819799779, 0.011264223901387349, 0.0], "k_pid_vsp": [292.94687076665593, 307.0029666248519, 62.564861685850005]}, "datetime": {"datetime": "2025-08-11 22:25:30", "elapsed": 21610.21052289009, "delta": 17.795252323150635}, "costs": {"total_cost": 184.75768390844567, "time_cost": 70.518, "final_distance_cost": 1.8199985839716697, "oscillation_cost": 25.133230671051017, "completition_cost": 0.0, "overshoot_cost": 51.231323992589395, "power_cost": 18.282730932617188, "noise_cost": 17.772399728216406, "n_waypoints_completed": 9, "tot_waypoints": 9}}
{"target": -209.29670639302748, "params": {"k_pid_pos": [1.9176378968916694, 0.024859491386256316, 0.40092638265648595], "k_pid_alt": [1.2230343536285844, 0.0, 0.15996467764772404], "k_pid_att": [24.0942673894178, 0.18205753750414305, 0.8792759721912583], "k_pid_yaw": [0.5, 1e-06, 0.1], "k_pid_hsp": [7.436026595488833, 0.011264223901387349, 0.0], "k_pid_vsp": [279.45517549114066, 307.0029666248519, 40.70050142659987]}, "datetime": {"datetime": "2025-08-11 22:25:48", "elapsed": 21627.461810588837, "delta": 17.251287698745728}, "costs": {"total_cost": 209.29670639302748, "time_cost": 68.83800000000001, "final_distance_cost": 1.8162957434107345, "oscillation_cost": 52.43167450617642, "completition_cost": 0.0, "overshoot_cost": 50.29270542963507, "power_cost": 18.44034918212891, "noise_cost": 17.477681531676346, "n_waypoints_completed": 9, "tot_waypoints": 9}}
{"target": -207.36027973602887, "params": {"k_pid_pos": [0.9203224573796739, 0.024859491386256316, 0.40092638265648595], "k_pid_alt": [1.2679502233621702, 0.0, 0.06527723447865985], "k_pid_att": [24.0942673894178, 0.18205753750414305, 0.8792759721912583], "k_pid_yaw": [0.5, 1e-06, 0.1], "k_pid_hsp": [6.590021097612566, 0.011264223901387349, 0.0], "k_pid_vsp": [284.5460512203246, 307.0029666248519, 62.564861685850005]}, "datetime": {"datetime": "2025-08-11 22:26:06", "elapsed": 21646.208407878876, "delta": 18.746597290039062}, "costs": {"total_cost": 207.36027973602887, "time_cost": 75.761, "final_distance_cost": 1.8521518728874213, "oscillation_cost": 39.43653607089366, "completition_cost": 0.0, "overshoot_cost": 50.65950861602718, "power_cost": 19.842269726562503, "noise_cost": 19.808813449658132, "n_waypoints_completed": 9, "tot_waypoints": 9}}
{"target": -821.2881846030438, "params": {"k_pid_pos": [1.0031316701085804, 0.024859491386256316, 0.40092638265648595], "k_pid_alt": [1.2679502233621702, 0.0, 0.06527723447865985], "k_pid_att": [24.0942673894178, 0.18205753750414305, 0.8792759721912583], "k_pid_yaw": [0.5, 1e-06, 0.1], "k_pid_hsp": [0.09847755819799779, 0.5523384095491858, 0.0], "k_pid_vsp": [305.0236900491399, 307.0029666248519, 21.011196465382298]}, "datetime": {"datetime": "2025-08-11 22:26:37", "elapsed": 21676.944018363953, "delta": 30.735610485076904}, "costs": {"total_cost": 821.2881846030438, "time_cost": 150, "final_distance_cost": 70.52435435093282, "oscillation_cost": 142.97213013893068, "completition_cost": 333.33333333333337, "overshoot_cost": 55.396575273941, "power_cost": 35.59233074951172, "noise_cost": 33.46946075639413, "n_waypoints_completed": 6, "tot_waypoints": 9}}
