{"target": -213.32097659692585, "params": {"k_pid_pos": [1.0031316701085804, 0.17490998158808135, 0.15676371154545432], "k_pid_alt": [1.2679502233621702, 0.16763628571194666, 0.06527723447865985], "k_pid_att": [24.0942673894178, 0.18205753750414305, 0.8792759721912583], "k_pid_yaw": [0.5, 1e-06, 0.1], "k_pid_hsp": [0.09847755819799779, 0.011264223901387349, 0.0], "k_pid_vsp": [292.94687076665593, 307.0029666248519, 62.564861685850005]}, "datetime": {"datetime": "2025-08-11 21:24:30", "elapsed": 17950.347041130066, "delta": 21.675764322280884}, "costs": {"total_cost": 213.32097659692585, "time_cost": 86.863, "final_distance_cost": 1.7762956148749658, "oscillation_cost": 29.42560107633327, "completition_cost": 0.0, "overshoot_cost": 52.54179164025296, "power_cost": 22.091772021484378, "noise_cost": 20.62251624398028, "n_waypoints_completed": 9, "tot_waypoints": 9}}
{"target": -1951.2693717058855, "params": {"k_pid_pos": [1.0031316701085804, 0.024859491386256316, 0.40092638265648595], "k_pid_alt": [1.2679502233621702, 0.0, 0.06527723447865985], "k_pid_att": [93.65426823711724, 3.7802132718527557, 0.8792759721912583], "k_pid_yaw": [0.5, 1e-06, 0.1], "k_pid_hsp": [0.09847755819799779, 0.011264223901387349, 0.40925506695826264], "k_pid_vsp": [349.40333172427154, 213.45582935365798, 62.564861685850005]}, "datetime": {"datetime": "2025-08-11 21:25:01", "elapsed": 17980.441581249237, "delta": 30.094540119171143}, "costs": {"total_cost": 1951.2693717058855, "time_cost": 150, "final_distance_cost": 75.36085761484156, "oscillation_cost": 766.7916940554268, "completition_cost": 777.7777777777778, "overshoot_cost": 118.43902183884367, "power_cost": 35.144806384277345, "noise_cost": 27.755214034718087, "n_waypoints_completed": 2, "tot_waypoints": 9}}
{"target": -206.5362994808828, "params": {"k_pid_pos": [1.0031316701085804, 0.562437059426841, 0.40092638265648595], "k_pid_alt": [1.2679502233621702, 0.0, 0.06527723447865985], "k_pid_att": [24.0942673894178, 3.7802132718527557, 0.8792759721912583], "k_pid_yaw": [0.5, 1e-06, 0.1], "k_pid_hsp": [0.09847755819799779, 0.011264223901387349, 0.0], "k_pid_vsp": [292.94687076665593, 307.0029666248519, 62.564861685850005]}, "datetime": {"datetime": "2025-08-11 21:25:21", "elapsed": 18001.157071828842, "delta": 20.715490579605103}, "costs": {"total_cost": 206.5362994808828, "time_cost": 80.381, "final_distance_cost": 1.7677168123048275, "oscillation_cost": 31.35678513862648, "completition_cost": 0.0, "overshoot_cost": 52.90260174734534, "power_cost": 20.857299633789065, "noise_cost": 19.270896148817073, "n_waypoints_completed": 9, "tot_waypoints": 9}}
{"target": -360.79670947892095, "params": {"k_pid_pos": [1.0031316701085804, 0.024859491386256316, 0.40092638265648595], "k_pid_alt": [1.2679502233621702, 0.0, 0.06527723447865985], "k_pid_att": [24.0942673894178, 3.7802132718527557, 0.8792759721912583], "k_pid_yaw": [0.5, 1e-06, 0.1], "k_pid_hsp": [7.913838258274543, 0.011264223901387349, 0.9477950138699737], "k_pid_vsp": [292.94687076665593, 307.0029666248519, 62.564861685850005]}, "datetime": {"datetime": "2025-08-11 21:25:39", "elapsed": 18019.22422361374, "delta": 18.06715178489685}, "costs": {"total_cost": 360.79670947892095, "time_cost": 72.625, "final_distance_cost": 1.8441156220310773, "oscillation_cost": 195.50016942808554, "completition_cost": 0.0, "overshoot_cost": 51.331199711314056, "power_cost": 20.158418212890627, "noise_cost": 19.337806504599623, "n_waypoints_completed": 9, "tot_waypoints": 9}}
{"target": -184.57075292658828, "params": {"k_pid_pos": [1.0031316701085804, 0.024859491386256316, 0.40092638265648595], "k_pid_alt": [1.2679502233621702, 0.0, 0.06527723447865985], "k_pid_att": [24.0942673894178, 0.18205753750414305, 0.8792759721912583], "k_pid_yaw": [0.5, 1e-06, 0.1], "k_pid_hsp": [0.09847755819799779, 0.011264223901387349, 0.0], "k_pid_vsp": [292.94687076665593, 307.0029666248519, 62.564861685850005]}, "datetime": {"datetime": "2025-08-11 21:25:57", "elapsed": 18037.04337477684, "delta": 17.819151163101196}, "costs": {"total_cost": 184.57075292658828, "time_cost": 70.63, "final_distance_cost": 1.8307316328506358, "oscillation_cost": 25.35640013277763, "completition_cost": 0.0, "overshoot_cost": 51.06020532799305, "power_cost": 18.050848767089846, "noise_cost": 17.642567065877117, "n_waypoints_completed": 9, "tot_waypoints": 9}}
{"target": -1461.7201337938945, "params": {"k_pid_pos": [1.0031316701085804, 0.4312052517798246, 0.40092638265648595], "k_pid_alt": [1.2679502233621702, 0.0, 0.06527723447865985], "k_pid_att": [24.0942673894178, 3.7802132718527557, 0.8792759721912583], "k_pid_yaw": [0.5, 1e-06, 0.1], "k_pid_hsp": [0.09847755819799779, 0.011264223901387349, 0.0], "k_pid_vsp": [292.94687076665593, 307.0029666248519, 399.3545315371922]}, "datetime": {"datetime": "2025-08-11 21:26:27", "elapsed": 18067.277901887894, "delta": 30.234527111053467}, "costs": {"total_cost": 1461.7201337938945, "time_cost": 150, "final_distance_cost": 0.9974648107449096, "oscillation_cost": 4.492125026107013, "completition_cost": 1000.0, "overshoot_cost": 162.9757628928853, "power_cost": 29.32349324951172, "noise_cost": 113.93128781464561, "n_waypoints_completed": 0, "tot_waypoints": 9}}
{"target": -185.6980282231518, "params": {"k_pid_pos": [1.0031316701085804, 0.024859491386256316, 0.4388587351883817], "k_pid_alt": [1.115618115767161, 0.0, 0.06527723447865985], "k_pid_att": [24.0942673894178, 3.7802132718527557, 0.6426065009168366], "k_pid_yaw": [0.5, 1e-06, 0.1], "k_pid_hsp": [0.09847755819799779, 0.011264223901387349, 0.0], "k_pid_vsp": [292.94687076665593, 307.0029666248519, 62.564861685850005]}, "datetime": {"datetime": "2025-08-11 21:26:45", "elapsed": 18085.018884658813, "delta": 17.7409827709198}, "costs": {"total_cost": 185.6980282231518, "time_cost": 70.889, "final_distance_cost": 1.8377408766557897, "oscillation_cost": 25.68523678194474, "completition_cost": 0.0, "overshoot_cost": 51.10659758579792, "power_cost": 18.34258143310547, "noise_cost": 17.83687154564787, "n_waypoints_completed": 9, "tot_waypoints": 9}}
{"target": -184.50272249521083, "params": {"k_pid_pos": [1.0031316701085804, 0.024859491386256316, 0.40092638265648595], "k_pid_alt": [1.2679502233621702, 0.0, 0.06527723447865985], "k_pid_att": [24.0942673894178, 3.7802132718527557, 0.8792759721912583], "k_pid_yaw": [0.5, 1e-06, 0.1], "k_pid_hsp": [0.09847755819799779, 0.011264223901387349, 0.0], "k_pid_vsp": [292.94687076665593, 307.0029666248519, 62.564861685850005]}, "datetime": {"datetime": "2025-08-11 21:27:03", "elapsed": 18102.45995426178, "delta": 17.44106960296631}, "costs": {"total_cost": 184.50272249521083, "time_cost": 70.644, "final_distance_cost": 1.829104376330729, "oscillation_cost": 25.622620518994342, "completition_cost": 0.0, "overshoot_cost": 50.75529124833991, "power_cost": 18.076365515136718, "noise_cost": 17.575340836409108, "n_waypoints_completed": 9, "tot_waypoints": 9}}
{"target": -184.57075292658828, "params": {"k_pid_pos": [1.0031316701085804, 0.024859491386256316, 0.40092638265648595], "k_pid_alt": [1.2679502233621702, 0.0, 0.06527723447865985], "k_pid_att": [24.0942673894178, 0.18205753750414305, 0.8792759721912583], "k_pid_yaw": [0.5, 1e-06, 0.1], "k_pid_hsp": [0.09847755819799779, 0.011264223901387349, 0.0], "k_pid_vsp": [292.94687076665593, 307.0029666248519, 62.564861685850005]}, "datetime": {"datetime": "2025-08-11 21:27:21", "elapsed": 18120.804992437363, "delta": 18.345038175582886}, "costs": {"total_cost": 184.57075292658828, "time_cost": 70.63, "final_distance_cost": 1.8307316328506358, "oscillation_cost": 25.35640013277763, "completition_cost": 0.0, "overshoot_cost": 51.06020532799305, "power_cost": 18.050848767089846, "noise_cost": 17.642567065877117, "n_waypoints_completed": 9, "tot_waypoints": 9}}
{"target": -184.99516430459792, "params": {"k_pid_pos": [1.0031316701085804, 0.024859491386256316, 0.40092638265648595], "k_pid_alt": [1.2679502233621702, 0.0, 0.06527723447865985], "k_pid_att": [24.0942673894178, 3.0350363822239825, 0.8792759721912583], "k_pid_yaw": [0.5, 1e-06, 0.1], "k_pid_hsp": [0.09847755819799779, 0.011264223901387349, 0.0], "k_pid_vsp": [207.03313760381627, 307.0029666248519, 62.564861685850005]}, "datetime": {"datetime": "2025-08-11 21:27:38", "elapsed": 18138.1367688179, "delta": 17.33177638053894}, "costs": {"total_cost": 184.99516430459792, "time_cost": 70.756, "final_distance_cost": 1.814713107806411, "oscillation_cost": 25.36858703255435, "completition_cost": 0.0, "overshoot_cost": 51.18932624204596, "power_cost": 18.27800294189453, "noise_cost": 17.588534980296675, "n_waypoints_completed": 9, "tot_waypoints": 9}}
{"target": -184.57075292658828, "params": {"k_pid_pos": [1.0031316701085804, 0.024859491386256316, 0.40092638265648595], "k_pid_alt": [1.2679502233621702, 0.0, 0.06527723447865985], "k_pid_att": [24.0942673894178, 0.18205753750414305, 0.8792759721912583], "k_pid_yaw": [0.5, 1e-06, 0.1], "k_pid_hsp": [0.09847755819799779, 0.011264223901387349, 0.0], "k_pid_vsp": [292.94687076665593, 307.0029666248519, 62.564861685850005]}, "datetime": {"datetime": "2025-08-11 21:27:56", "elapsed": 18155.81681704521, "delta": 17.68004822731018}, "costs": {"total_cost": 184.57075292658828, "time_cost": 70.63, "final_distance_cost": 1.8307316328506358, "oscillation_cost": 25.35640013277763, "completition_cost": 0.0, "overshoot_cost": 51.06020532799305, "power_cost": 18.050848767089846, "noise_cost": 17.642567065877117, "n_waypoints_completed": 9, "tot_waypoints": 9}}
{"target": -1022.8543856946712, "params": {"k_pid_pos": [1.0031316701085804, 0.024859491386256316, 0.40092638265648595], "k_pid_alt": [1.2679502233621702, 0.0, 0.06527723447865985], "k_pid_att": [24.0942673894178, 0.8434577996380836, 0.8792759721912583], "k_pid_yaw": [0.5, 1e-06, 0.1], "k_pid_hsp": [0.09847755819799779, 0.011264223901387349, 0.40925506695826264], "k_pid_vsp": [292.94687076665593, 213.45582935365798, 152.2922079332073]}, "datetime": {"datetime": "2025-08-11 21:28:26", "elapsed": 18186.02707028389, "delta": 30.21025323867798}, "costs": {"total_cost": 1022.8543856946712, "time_cost": 150, "final_distance_cost": 71.72228858751643, "oscillation_cost": 441.08114039388647, "completition_cost": 222.2222222222222, "overshoot_cost": 79.92285000225479, "power_cost": 30.588199743652346, "noise_cost": 27.317684745139044, "n_waypoints_completed": 7, "tot_waypoints": 9}}
{"target": -184.09452520859787, "params": {"k_pid_pos": [1.0031316701085804, 0.024859491386256316, 0.40092638265648595], "k_pid_alt": [1.2679502233621702, 0.0, 0.06527723447865985], "k_pid_att": [24.0942673894178, 0.18205753750414305, 0.8792759721912583], "k_pid_yaw": [0.5, 1e-06, 0.1], "k_pid_hsp": [0.09847755819799779, 0.011264223901387349, 0.0], "k_pid_vsp": [292.94687076665593, 307.0029666248519, 21.011196465382298]}, "datetime": {"datetime": "2025-08-11 21:28:44", "elapsed": 18203.51012444496, "delta": 17.483054161071777}, "costs": {"total_cost": 184.09452520859787, "time_cost": 70.399, "final_distance_cost": 1.8345096342728806, "oscillation_cost": 26.033560826510698, "completition_cost": 0.0, "overshoot_cost": 50.504236002786485, "power_cost": 17.811746228027346, "noise_cost": 17.511472517000485, "n_waypoints_completed": 9, "tot_waypoints": 9}}
{"target": -184.50272249521083, "params": {"k_pid_pos": [1.0031316701085804, 0.024859491386256316, 0.40092638265648595], "k_pid_alt": [1.2679502233621702, 0.0, 0.06527723447865985], "k_pid_att": [24.0942673894178, 3.7802132718527557, 0.8792759721912583], "k_pid_yaw": [0.5, 1e-06, 0.1], "k_pid_hsp": [0.09847755819799779, 0.011264223901387349, 0.0], "k_pid_vsp": [292.94687076665593, 307.0029666248519, 62.564861685850005]}, "datetime": {"datetime": "2025-08-11 21:29:01", "elapsed": 18221.229916095734, "delta": 17.719791650772095}, "costs": {"total_cost": 184.50272249521083, "time_cost": 70.644, "final_distance_cost": 1.829104376330729, "oscillation_cost": 25.622620518994342, "completition_cost": 0.0, "overshoot_cost": 50.75529124833991, "power_cost": 18.076365515136718, "noise_cost": 17.575340836409108, "n_waypoints_completed": 9, "tot_waypoints": 9}}
{"target": -184.50272249521083, "params": {"k_pid_pos": [1.0031316701085804, 0.024859491386256316, 0.40092638265648595], "k_pid_alt": [1.2679502233621702, 0.0, 0.06527723447865985], "k_pid_att": [24.0942673894178, 3.7802132718527557, 0.8792759721912583], "k_pid_yaw": [0.5, 1e-06, 0.1], "k_pid_hsp": [0.09847755819799779, 0.011264223901387349, 0.0], "k_pid_vsp": [292.94687076665593, 307.0029666248519, 62.564861685850005]}, "datetime": {"datetime": "2025-08-11 21:29:19", "elapsed": 18239.216253757477, "delta": 17.986337661743164}, "costs": {"total_cost": 184.50272249521083, "time_cost": 70.644, "final_distance_cost": 1.829104376330729, "oscillation_cost": 25.622620518994342, "completition_cost": 0.0, "overshoot_cost": 50.75529124833991, "power_cost": 18.076365515136718, "noise_cost": 17.575340836409108, "n_waypoints_completed": 9, "tot_waypoints": 9}}
{"target": -1444.4998399892627, "params": {"k_pid_pos": [0.48341691330654263, 0.024859491386256316, 0.40092638265648595], "k_pid_alt": [1.2679502233621702, 0.0, 0.8705629771698292], "k_pid_att": [24.0942673894178, 5.215311636883334, 0.8792759721912583], "k_pid_yaw": [0.5, 1e-06, 0.1], "k_pid_hsp": [0.22821344198103216, 0.4646359499442313, 0.0], "k_pid_vsp": [292.94687076665593, 307.0029666248519, 343.4343583921496]}, "datetime": {"datetime": "2025-08-11 21:29:49", "elapsed": 18268.859756231308, "delta": 29.643502473831177}, "costs": {"total_cost": 1444.4998399892627, "time_cost": 150, "final_distance_cost": 0.9979826044306557, "oscillation_cost": 5.421813312139869, "completition_cost": 1000.0, "overshoot_cost": 159.23976665783445, "power_cost": 29.34520557861328, "noise_cost": 99.49507183624436, "n_waypoints_completed": 0, "tot_waypoints": 9}}
{"target": -186.27674050669336, "params": {"k_pid_pos": [1.367080816728244, 0.024859491386256316, 0.40092638265648595], "k_pid_alt": [1.2679502233621702, 0.0, 0.06527723447865985], "k_pid_att": [24.0942673894178, 3.7802132718527557, 0.8792759721912583], "k_pid_yaw": [0.5, 1e-06, 0.1], "k_pid_hsp": [0.09847755819799779, 0.011264223901387349, 0.0], "k_pid_vsp": [292.94687076665593, 307.0029666248519, 62.564861685850005]}, "datetime": {"datetime": "2025-08-11 21:30:07", "elapsed": 18287.16069149971, "delta": 18.3009352684021}, "costs": {"total_cost": 186.27674050669336, "time_cost": 69.993, "final_distance_cost": 1.7999046175896465, "oscillation_cost": 28.22213567636777, "completition_cost": 0.0, "overshoot_cost": 50.679827743101306, "power_cost": 18.126984753417968, "noise_cost": 17.45488771621668, "n_waypoints_completed": 9, "tot_waypoints": 9}}
{"target": -360.79670947892095, "params": {"k_pid_pos": [1.0031316701085804, 0.024859491386256316, 0.40092638265648595], "k_pid_alt": [1.2679502233621702, 0.0, 0.06527723447865985], "k_pid_att": [24.0942673894178, 3.7802132718527557, 0.8792759721912583], "k_pid_yaw": [0.5, 1e-06, 0.1], "k_pid_hsp": [7.913838258274543, 0.011264223901387349, 0.9477950138699737], "k_pid_vsp": [292.94687076665593, 307.0029666248519, 62.564861685850005]}, "datetime": {"datetime": "2025-08-11 21:30:26", "elapsed": 18305.487248897552, "delta": 18.326557397842407}, "costs": {"total_cost": 360.79670947892095, "time_cost": 72.625, "final_distance_cost": 1.8441156220310773, "oscillation_cost": 195.50016942808554, "completition_cost": 0.0, "overshoot_cost": 51.331199711314056, "power_cost": 20.158418212890627, "noise_cost": 19.337806504599623, "n_waypoints_completed": 9, "tot_waypoints": 9}}
{"target": -185.2387928542731, "params": {"k_pid_pos": [0.8080230289550049, 0.024859491386256316, 0.40092638265648595], "k_pid_alt": [1.2679502233621702, 0.0, 0.06527723447865985], "k_pid_att": [24.0942673894178, 0.18205753750414305, 0.8792759721912583], "k_pid_yaw": [0.5, 1e-06, 0.1], "k_pid_hsp": [0.09847755819799779, 0.011264223901387349, 0.0], "k_pid_vsp": [292.94687076665593, 307.0029666248519, 21.011196465382298]}, "datetime": {"datetime": "2025-08-11 21:30:43", "elapsed": 18323.179250240326, "delta": 17.692001342773438}, "costs": {"total_cost": 185.2387928542731, "time_cost": 72.247, "final_distance_cost": 1.8349519698364223, "oscillation_cost": 23.954899668628396, "completition_cost": 0.0, "overshoot_cost": 50.9063866594256, "power_cost": 18.290033935546877, "noise_cost": 18.005520620835807, "n_waypoints_completed": 9, "tot_waypoints": 9}}
{"target": -185.03218047855762, "params": {"k_pid_pos": [1.0031316701085804, 0.024859491386256316, 0.40092638265648595], "k_pid_alt": [1.2679502233621702, 0.0, 0.06527723447865985], "k_pid_att": [48.72959582322072, 3.7802132718527557, 0.8792759721912583], "k_pid_yaw": [0.5, 1e-06, 0.1], "k_pid_hsp": [0.09847755819799779, 0.011264223901387349, 0.0], "k_pid_vsp": [292.94687076665593, 307.0029666248519, 62.564861685850005]}, "datetime": {"datetime": "2025-08-11 21:31:02", "elapsed": 18341.40575003624, "delta": 18.226499795913696}, "costs": {"total_cost": 185.03218047855762, "time_cost": 70.665, "final_distance_cost": 1.8276695413511785, "oscillation_cost": 25.61060137810764, "completition_cost": 0.0, "overshoot_cost": 51.10114148502526, "power_cost": 18.252712731933595, "noise_cost": 17.575055342139947, "n_waypoints_completed": 9, "tot_waypoints": 9}}
{"target": -1158.6702655670438, "params": {"k_pid_pos": [1.0031316701085804, 0.7920358204635946, 0.40092638265648595], "k_pid_alt": [1.2679502233621702, 0.0, 0.06527723447865985], "k_pid_att": [24.0942673894178, 0.8434577996380836, 0.8792759721912583], "k_pid_yaw": [0.5, 1e-06, 0.1], "k_pid_hsp": [0.09847755819799779, 0.011264223901387349, 0.40925506695826264], "k_pid_vsp": [292.94687076665593, 213.45582935365798, 152.2922079332073]}, "datetime": {"datetime": "2025-08-11 21:31:32", "elapsed": 18371.743112802505, "delta": 30.33736276626587}, "costs": {"total_cost": 1158.6702655670438, "time_cost": 150, "final_distance_cost": 44.035340775890845, "oscillation_cost": 394.151895101428, "completition_cost": 444.4444444444444, "overshoot_cost": 68.2255165609807, "power_cost": 30.412707336425783, "noise_cost": 27.400361347874227, "n_waypoints_completed": 5, "tot_waypoints": 9}}
{"target": -199.5707115530823, "params": {"k_pid_pos": [1.0031316701085804, 0.024859491386256316, 0.2679580291560212], "k_pid_alt": [1.2679502233621702, 0.0, 0.06527723447865985], "k_pid_att": [24.0942673894178, 3.7802132718527557, 0.4275120029604318], "k_pid_yaw": [0.5, 1e-06, 0.1], "k_pid_hsp": [0.09847755819799779, 0.011264223901387349, 0.0], "k_pid_vsp": [292.94687076665593, 307.0029666248519, 130.2877623577229]}, "datetime": {"datetime": "2025-08-11 21:31:51", "elapsed": 18390.975776195526, "delta": 19.23266339302063}, "costs": {"total_cost": 199.5707115530823, "time_cost": 77.434, "final_distance_cost": 1.8229576593609618, "oscillation_cost": 26.38254313975766, "completition_cost": 0.0, "overshoot_cost": 54.564662040394715, "power_cost": 20.12017576904297, "noise_cost": 19.246372944526005, "n_waypoints_completed": 9, "tot_waypoints": 9}}
{"target": -227.60190062297372, "params": {"k_pid_pos": [1.0031316701085804, 0.024859491386256316, 0.40092638265648595], "k_pid_alt": [1.2679502233621702, 0.0, 0.06527723447865985], "k_pid_att": [24.0942673894178, 0.18205753750414305, 0.8792759721912583], "k_pid_yaw": [0.5, 1e-06, 0.1], "k_pid_hsp": [0.09847755819799779, 0.011264223901387349, 0.05661520463176517], "k_pid_vsp": [327.85686986449286, 307.0029666248519, 62.564861685850005]}, "datetime": {"datetime": "2025-08-11 21:32:10", "elapsed": 18409.69820380211, "delta": 18.72242760658264}, "costs": {"total_cost": 227.60190062297372, "time_cost": 73.745, "final_distance_cost": 1.8607269519363663, "oscillation_cost": 62.559756110491186, "completition_cost": 0.0, "overshoot_cost": 51.018702901088695, "power_cost": 19.496548547363282, "noise_cost": 18.92116611209416, "n_waypoints_completed": 9, "tot_waypoints": 9}}
{"target": -200.86483551665015, "params": {"k_pid_pos": [1.0031316701085804, 0.024859491386256316, 0.40092638265648595], "k_pid_alt": [1.2679502233621702, 0.9080078043145318, 0.06527723447865985], "k_pid_att": [45.78184138065124, 0.18205753750414305, 0.8792759721912583], "k_pid_yaw": [0.5, 1e-06, 0.1], "k_pid_hsp": [0.09847755819799779, 0.011264223901387349, 0.0], "k_pid_vsp": [276.9324388730501, 307.0029666248519, 21.011196465382298]}, "datetime": {"datetime": "2025-08-11 21:32:30", "elapsed": 18429.42399907112, "delta": 19.72579526901245}, "costs": {"total_cost": 200.86483551665015, "time_cost": 79.037, "final_distance_cost": 1.7879949570951568, "oscillation_cost": 27.786602183312162, "completition_cost": 0.0, "overshoot_cost": 53.420336531882775, "power_cost": 19.98885771484375, "noise_cost": 18.844044129516277, "n_waypoints_completed": 9, "tot_waypoints": 9}}
{"target": -184.57075292658828, "params": {"k_pid_pos": [1.0031316701085804, 0.024859491386256316, 0.40092638265648595], "k_pid_alt": [1.2679502233621702, 0.0, 0.06527723447865985], "k_pid_att": [24.0942673894178, 0.18205753750414305, 0.8792759721912583], "k_pid_yaw": [0.5, 1e-06, 0.1], "k_pid_hsp": [0.09847755819799779, 0.011264223901387349, 0.0], "k_pid_vsp": [292.94687076665593, 307.0029666248519, 62.564861685850005]}, "datetime": {"datetime": "2025-08-11 21:32:47", "elapsed": 18447.02947497368, "delta": 17.605475902557373}, "costs": {"total_cost": 184.57075292658828, "time_cost": 70.63, "final_distance_cost": 1.8307316328506358, "oscillation_cost": 25.35640013277763, "completition_cost": 0.0, "overshoot_cost": 51.06020532799305, "power_cost": 18.050848767089846, "noise_cost": 17.642567065877117, "n_waypoints_completed": 9, "tot_waypoints": 9}}
