{"target": -243.581342609266, "params": {"k_pid_pos": [1.0031316701085804, 0.5434663007892857, 0.6233375984123564], "k_pid_alt": [1.7297729984189598, 0.4198651078026976, 0.06527723447865985], "k_pid_att": [10.85276784655954, 1.4953935029224072, 0.666719676683535], "k_pid_yaw": [0.5, 1e-06, 0.1], "k_pid_hsp": [8.976555834805225, 0.011264223901387349, 0.0], "k_pid_vsp": [264.9966777379314, 389.94840056141436, 2.77343605205192]}, "datetime": {"datetime": "2025-08-12 06:08:46", "elapsed": 49406.11321806908, "delta": 24.00349736213684}, "costs": {"total_cost": 243.581342609266, "time_cost": 94.136, "final_distance_cost": 1.7777552778686174, "oscillation_cost": 49.3031780512441, "completition_cost": 0.0, "overshoot_cost": 53.5257411776118, "power_cost": 18.508697705078127, "noise_cost": 26.329970397463335, "n_waypoints_completed": 9, "tot_waypoints": 9}}
{"target": -190.95907257396593, "params": {"k_pid_pos": [1.0031316701085804, 0.024859491386256316, 0.40092638265648595], "k_pid_alt": [1.104475134326496, 0.0, 0.5449280578686585], "k_pid_att": [97.15749504346589, 1.4953935029224072, 0.016202813979795172], "k_pid_yaw": [0.5, 1e-06, 0.1], "k_pid_hsp": [0.09847755819799779, 0.011264223901387349, 0.0], "k_pid_vsp": [264.9966777379314, 306.5653082406949, 2.77343605205192]}, "datetime": {"datetime": "2025-08-12 06:09:05", "elapsed": 49425.25629520416, "delta": 19.14307713508606}, "costs": {"total_cost": 190.95907257396593, "time_cost": 73.08, "final_distance_cost": 1.8226106816620167, "oscillation_cost": 29.425072246365, "completition_cost": 0.0, "overshoot_cost": 50.686729512719424, "power_cost": 14.65300810546875, "noise_cost": 21.29165202775074, "n_waypoints_completed": 9, "tot_waypoints": 9}}
{"target": -182.9810291818718, "params": {"k_pid_pos": [1.0031316701085804, 0.024859491386256316, 0.40092638265648595], "k_pid_alt": [1.7297729984189598, 0.0, 0.06527723447865985], "k_pid_att": [10.85276784655954, 2.0014291760421457, 0.666719676683535], "k_pid_yaw": [0.5, 1e-06, 0.1], "k_pid_hsp": [0.09847755819799779, 0.011264223901387349, 0.0], "k_pid_vsp": [264.9966777379314, 304.1795245652576, 2.77343605205192]}, "datetime": {"datetime": "2025-08-12 06:09:23", "elapsed": 49442.54535651207, "delta": 17.289061307907104}, "costs": {"total_cost": 182.9810291818718, "time_cost": 69.95100000000001, "final_distance_cost": 1.8306002048505043, "oscillation_cost": 25.864413671957973, "completition_cost": 0.0, "overshoot_cost": 50.472186083987964, "power_cost": 14.145812280273438, "noise_cost": 20.7170169408019, "n_waypoints_completed": 9, "tot_waypoints": 9}}
{"target": -183.02885771051874, "params": {"k_pid_pos": [1.0031316701085804, 0.024859491386256316, 0.40092638265648595], "k_pid_alt": [1.7297729984189598, 0.0, 0.05010974591185968], "k_pid_att": [10.85276784655954, 1.4953935029224072, 0.666719676683535], "k_pid_yaw": [0.5, 1e-06, 0.1], "k_pid_hsp": [0.09847755819799779, 0.011264223901387349, 0.0], "k_pid_vsp": [264.9966777379314, 306.5653082406949, 2.77343605205192]}, "datetime": {"datetime": "2025-08-12 06:09:42", "elapsed": 49461.424941539764, "delta": 18.879585027694702}, "costs": {"total_cost": 183.02885771051874, "time_cost": 69.95100000000001, "final_distance_cost": 1.8278328338506267, "oscillation_cost": 25.811820444584832, "completition_cost": 0.0, "overshoot_cost": 50.54400424261703, "power_cost": 14.171979443359376, "noise_cost": 20.72222074610684, "n_waypoints_completed": 9, "tot_waypoints": 9}}
{"target": -183.02885771051874, "params": {"k_pid_pos": [1.0031316701085804, 0.024859491386256316, 0.40092638265648595], "k_pid_alt": [1.7297729984189598, 0.0, 0.05010974591185968], "k_pid_att": [10.85276784655954, 1.4953935029224072, 0.666719676683535], "k_pid_yaw": [0.5, 1e-06, 0.1], "k_pid_hsp": [0.09847755819799779, 0.011264223901387349, 0.0], "k_pid_vsp": [264.9966777379314, 306.5653082406949, 2.77343605205192]}, "datetime": {"datetime": "2025-08-12 06:09:59", "elapsed": 49478.628609895706, "delta": 17.203668355941772}, "costs": {"total_cost": 183.02885771051874, "time_cost": 69.95100000000001, "final_distance_cost": 1.8278328338506267, "oscillation_cost": 25.811820444584832, "completition_cost": 0.0, "overshoot_cost": 50.54400424261703, "power_cost": 14.171979443359376, "noise_cost": 20.72222074610684, "n_waypoints_completed": 9, "tot_waypoints": 9}}
{"target": -183.84113071298663, "params": {"k_pid_pos": [1.033967693808597, 0.024859491386256316, 0.40092638265648595], "k_pid_alt": [1.7297729984189598, 0.0, 0.06527723447865985], "k_pid_att": [86.70916919633552, 2.0014291760421457, 0.666719676683535], "k_pid_yaw": [0.5, 1e-06, 0.1], "k_pid_hsp": [0.09847755819799779, 0.011264223901387349, 0.0], "k_pid_vsp": [264.9966777379314, 389.94840056141436, 2.77343605205192]}, "datetime": {"datetime": "2025-08-12 06:10:17", "elapsed": 49497.354281425476, "delta": 18.725671529769897}, "costs": {"total_cost": 183.84113071298663, "time_cost": 69.979, "final_distance_cost": 1.8313656987396214, "oscillation_cost": 26.22007279564106, "completition_cost": 0.0, "overshoot_cost": 50.89612244848952, "power_cost": 14.250163354492187, "noise_cost": 20.664406415624224, "n_waypoints_completed": 9, "tot_waypoints": 9}}
{"target": -275.2375005431633, "params": {"k_pid_pos": [1.0031316701085804, 0.5434663007892857, 0.6233375984123564], "k_pid_alt": [1.7297729984189598, 0.4198651078026976, 0.06527723447865985], "k_pid_att": [10.85276784655954, 1.4953935029224072, 0.06319566790747466], "k_pid_yaw": [0.5, 1e-06, 0.1], "k_pid_hsp": [8.976555834805225, 0.949040563752366, 0.0], "k_pid_vsp": [264.9966777379314, 304.1795245652576, 2.77343605205192]}, "datetime": {"datetime": "2025-08-12 06:10:41", "elapsed": 49520.819556474686, "delta": 23.465275049209595}, "costs": {"total_cost": 275.2375005431633, "time_cost": 93.534, "final_distance_cost": 1.7555562430338203, "oscillation_cost": 81.05187831154572, "completition_cost": 0.0, "overshoot_cost": 52.81508866969748, "power_cost": 19.68025028076172, "noise_cost": 26.40072703812456, "n_waypoints_completed": 9, "tot_waypoints": 9}}
{"target": -192.62890837012708, "params": {"k_pid_pos": [1.729996457732455, 0.024859491386256316, 0.027766713950817756], "k_pid_alt": [1.7297729984189598, 0.0, 0.03027788721554503], "k_pid_att": [10.85276784655954, 1.4953935029224072, 0.666719676683535], "k_pid_yaw": [0.5, 1e-06, 0.1], "k_pid_hsp": [0.09847755819799779, 0.011264223901387349, 0.0], "k_pid_vsp": [264.9966777379314, 304.1795245652576, 2.77343605205192]}, "datetime": {"datetime": "2025-08-12 06:11:00", "elapsed": 49539.642085790634, "delta": 18.822529315948486}, "costs": {"total_cost": 192.62890837012708, "time_cost": 69.95100000000001, "final_distance_cost": 1.778621092391663, "oscillation_cost": 34.16647296968764, "completition_cost": 0.0, "overshoot_cost": 51.13025458848298, "power_cost": 14.935969628906252, "noise_cost": 20.66659009065853, "n_waypoints_completed": 9, "tot_waypoints": 9}}
{"target": -184.81653233492872, "params": {"k_pid_pos": [1.0031316701085804, 0.024859491386256316, 0.40092638265648595], "k_pid_alt": [1.7297729984189598, 0.0, 0.9040352588026142], "k_pid_att": [10.85276784655954, 1.4953935029224072, 0.666719676683535], "k_pid_yaw": [0.5, 1e-06, 0.1], "k_pid_hsp": [0.09847755819799779, 0.011264223901387349, 0.0], "k_pid_vsp": [192.0752855763678, 132.26915185465117, 2.77343605205192]}, "datetime": {"datetime": "2025-08-12 06:11:18", "elapsed": 49557.80426836014, "delta": 18.162182569503784}, "costs": {"total_cost": 184.81653233492872, "time_cost": 71.47, "final_distance_cost": 1.8398201491058732, "oscillation_cost": 25.893412213403952, "completition_cost": 0.0, "overshoot_cost": 50.30803494500937, "power_cost": 14.291957238769532, "noise_cost": 21.013307788640024, "n_waypoints_completed": 9, "tot_waypoints": 9}}
{"target": -185.84811737757917, "params": {"k_pid_pos": [1.0031316701085804, 0.024859491386256316, 0.11242249713100771], "k_pid_alt": [1.7297729984189598, 0.0, 0.06527723447865985], "k_pid_att": [10.85276784655954, 1.4953935029224072, 0.666719676683535], "k_pid_yaw": [0.5, 1e-06, 0.1], "k_pid_hsp": [0.09847755819799779, 0.011264223901387349, 0.0], "k_pid_vsp": [264.9966777379314, 304.1795245652576, 2.77343605205192]}, "datetime": {"datetime": "2025-08-12 06:11:37", "elapsed": 49576.68505883217, "delta": 18.88079047203064}, "costs": {"total_cost": 185.84811737757917, "time_cost": 70.525, "final_distance_cost": 1.7917808344048571, "oscillation_cost": 27.902155742910455, "completition_cost": 0.0, "overshoot_cost": 50.32505825521922, "power_cost": 14.550386877441406, "noise_cost": 20.75373566760323, "n_waypoints_completed": 9, "tot_waypoints": 9}}
{"target": -182.9810291818718, "params": {"k_pid_pos": [1.0031316701085804, 0.024859491386256316, 0.40092638265648595], "k_pid_alt": [1.7297729984189598, 0.0, 0.06527723447865985], "k_pid_att": [10.85276784655954, 2.0014291760421457, 0.666719676683535], "k_pid_yaw": [0.5, 1e-06, 0.1], "k_pid_hsp": [0.09847755819799779, 0.011264223901387349, 0.0], "k_pid_vsp": [264.9966777379314, 304.1795245652576, 2.77343605205192]}, "datetime": {"datetime": "2025-08-12 06:11:54", "elapsed": 49593.761727809906, "delta": 17.076668977737427}, "costs": {"total_cost": 182.9810291818718, "time_cost": 69.95100000000001, "final_distance_cost": 1.8306002048505043, "oscillation_cost": 25.864413671957973, "completition_cost": 0.0, "overshoot_cost": 50.472186083987964, "power_cost": 14.145812280273438, "noise_cost": 20.7170169408019, "n_waypoints_completed": 9, "tot_waypoints": 9}}
{"target": -197.26286961461824, "params": {"k_pid_pos": [1.0031316701085804, 0.3476693083007718, 0.40092638265648595], "k_pid_alt": [0.8737548644081292, 0.0, 0.06527723447865985], "k_pid_att": [74.86132892719988, 2.771467938851939, 0.08472123156462463], "k_pid_yaw": [0.5, 1e-06, 0.1], "k_pid_hsp": [0.09847755819799779, 0.011264223901387349, 0.0], "k_pid_vsp": [94.78420374824373, 304.1795245652576, 2.77343605205192]}, "datetime": {"datetime": "2025-08-12 06:12:16", "elapsed": 49615.59965634346, "delta": 21.837928533554077}, "costs": {"total_cost": 197.26286961461824, "time_cost": 76.034, "final_distance_cost": 1.7759483567754628, "oscillation_cost": 31.230185885318743, "completition_cost": 0.0, "overshoot_cost": 50.6681945056705, "power_cost": 15.68344403076172, "noise_cost": 21.8710968360918, "n_waypoints_completed": 9, "tot_waypoints": 9}}
{"target": -537.7904974966673, "params": {"k_pid_pos": [1.0031316701085804, 0.024859491386256316, 0.40092638265648595], "k_pid_alt": [0.8737548644081292, 0.0, 0.6797860385434875], "k_pid_att": [10.85276784655954, 1.4953935029224072, 0.666719676683535], "k_pid_yaw": [0.5, 1e-06, 0.1], "k_pid_hsp": [0.09847755819799779, 0.5024897330046606, 0.0], "k_pid_vsp": [264.9966777379314, 310.89645667885657, 2.77343605205192]}, "datetime": {"datetime": "2025-08-12 06:12:47", "elapsed": 49646.63396573067, "delta": 31.03430938720703}, "costs": {"total_cost": 537.7904974966673, "time_cost": 150, "final_distance_cost": 17.057656238166395, "oscillation_cost": 127.09843635907863, "completition_cost": 111.11111111111116, "overshoot_cost": 65.67130136087272, "power_cost": 31.884402062988283, "noise_cost": 34.96759036445013, "n_waypoints_completed": 8, "tot_waypoints": 9}}
{"target": -183.14155006078443, "params": {"k_pid_pos": [1.0031316701085804, 0.024859491386256316, 0.37258641482387045], "k_pid_alt": [1.7297729984189598, 0.0, 0.03027788721554503], "k_pid_att": [10.85276784655954, 1.4953935029224072, 0.666719676683535], "k_pid_yaw": [0.5, 1e-06, 0.1], "k_pid_hsp": [0.09847755819799779, 0.011264223901387349, 0.0], "k_pid_vsp": [246.19246811454866, 304.1795245652576, 2.77343605205192]}, "datetime": {"datetime": "2025-08-12 06:13:07", "elapsed": 49666.94127821922, "delta": 20.307312488555908}, "costs": {"total_cost": 183.14155006078443, "time_cost": 69.853, "final_distance_cost": 1.8132314572964696, "oscillation_cost": 26.08520102764548, "completition_cost": 0.0, "overshoot_cost": 50.44310279843375, "power_cost": 14.203443347167969, "noise_cost": 20.743571430240774, "n_waypoints_completed": 9, "tot_waypoints": 9}}
{"target": -1439.9472817862666, "params": {"k_pid_pos": [1.1909336948537048, 0.024859491386256316, 0.027766713950817756], "k_pid_alt": [1.7297729984189598, 0.0, 0.03027788721554503], "k_pid_att": [10.85276784655954, 1.5644695049037831, 0.666719676683535], "k_pid_yaw": [0.5, 1e-06, 0.1], "k_pid_hsp": [5.427872288198201, 0.011264223901387349, 0.0], "k_pid_vsp": [192.0752855763678, 127.91747472228406, 198.53847987692703]}, "datetime": {"datetime": "2025-08-12 06:13:38", "elapsed": 49698.25004339218, "delta": 31.308765172958374}, "costs": {"total_cost": 1439.9472817862666, "time_cost": 150, "final_distance_cost": 0.9982514889121809, "oscillation_cost": 8.205863706929552, "completition_cost": 1000.0, "overshoot_cost": 155.91967591596406, "power_cost": 29.293181860351563, "noise_cost": 95.53030881410922, "n_waypoints_completed": 0, "tot_waypoints": 9}}
{"target": -183.8190386014511, "params": {"k_pid_pos": [1.0031316701085804, 0.024859491386256316, 0.40092638265648595], "k_pid_alt": [1.7297729984189598, 0.0, 0.03027788721554503], "k_pid_att": [9.353998950407705, 1.2169696906303682, 0.666719676683535], "k_pid_yaw": [0.5, 1e-06, 0.1], "k_pid_hsp": [0.09847755819799779, 0.011264223901387349, 0.0], "k_pid_vsp": [103.0527854068954, 304.1795245652576, 2.77343605205192]}, "datetime": {"datetime": "2025-08-12 06:13:57", "elapsed": 49716.959517002106, "delta": 18.709473609924316}, "costs": {"total_cost": 183.8190386014511, "time_cost": 69.923, "final_distance_cost": 1.8330491996862979, "oscillation_cost": 26.39874167184214, "completition_cost": 0.0, "overshoot_cost": 50.68568719355048, "power_cost": 14.377133996582032, "noise_cost": 20.601426539790182, "n_waypoints_completed": 9, "tot_waypoints": 9}}
{"target": -203.13091271035083, "params": {"k_pid_pos": [1.0031316701085804, 0.5731276815533257, 0.6428149468543811], "k_pid_alt": [1.7297729984189598, 0.0, 0.03027788721554503], "k_pid_att": [10.85276784655954, 1.4953935029224072, 0.666719676683535], "k_pid_yaw": [0.5, 1e-06, 0.1], "k_pid_hsp": [0.09847755819799779, 0.011264223901387349, 0.0], "k_pid_vsp": [264.9966777379314, 304.1795245652576, 2.77343605205192]}, "datetime": {"datetime": "2025-08-12 06:14:18", "elapsed": 49738.27359366417, "delta": 21.3140766620636}, "costs": {"total_cost": 203.13091271035083, "time_cost": 80.052, "final_distance_cost": 1.7624531330343318, "oscillation_cost": 28.759515714486923, "completition_cost": 0.0, "overshoot_cost": 52.928831637649004, "power_cost": 16.303944970703125, "noise_cost": 23.324167254477423, "n_waypoints_completed": 9, "tot_waypoints": 9}}
{"target": -307.0877910574442, "params": {"k_pid_pos": [1.0031316701085804, 0.024859491386256316, 0.40092638265648595], "k_pid_alt": [1.7297729984189598, 0.0, 0.06527723447865985], "k_pid_att": [10.85276784655954, 1.4171773283956124, 0.666719676683535], "k_pid_yaw": [0.5, 1e-06, 0.1], "k_pid_hsp": [0.09847755819799779, 0.30087628819501033, 0.0], "k_pid_vsp": [264.9966777379314, 304.1795245652576, 2.77343605205192]}, "datetime": {"datetime": "2025-08-12 06:14:42", "elapsed": 49761.58454322815, "delta": 23.310949563980103}, "costs": {"total_cost": 307.0877910574442, "time_cost": 92.44200000000001, "final_distance_cost": 1.8364422295894782, "oscillation_cost": 106.75948556505345, "completition_cost": 0.0, "overshoot_cost": 53.84442064172113, "power_cost": 24.117842419433593, "noise_cost": 28.08760020164651, "n_waypoints_completed": 9, "tot_waypoints": 9}}
{"target": -759.3160589726452, "params": {"k_pid_pos": [0.1503089134600384, 0.024859491386256316, 0.40092638265648595], "k_pid_alt": [1.7297729984189598, 0.0, 0.03027788721554503], "k_pid_att": [10.85276784655954, 1.4953935029224072, 0.666719676683535], "k_pid_yaw": [0.5, 1e-06, 0.1], "k_pid_hsp": [0.09847755819799779, 0.011264223901387349, 0.0], "k_pid_vsp": [264.9966777379314, 304.1795245652576, 2.77343605205192]}, "datetime": {"datetime": "2025-08-12 06:15:15", "elapsed": 49794.386380434036, "delta": 32.80183720588684}, "costs": {"total_cost": 759.3160589726452, "time_cost": 150, "final_distance_cost": 45.28047765071234, "oscillation_cost": 6.6851398396804065, "completition_cost": 444.4444444444444, "overshoot_cost": 58.70365155068705, "power_cost": 21.502919152832032, "noise_cost": 32.69942633428895, "n_waypoints_completed": 5, "tot_waypoints": 9}}
{"target": -808.9706826619788, "params": {"k_pid_pos": [1.0031316701085804, 0.024859491386256316, 0.11242249713100771], "k_pid_alt": [1.7297729984189598, 0.830663062962654, 0.06527723447865985], "k_pid_att": [10.85276784655954, 1.4953935029224072, 0.666719676683535], "k_pid_yaw": [0.5, 1e-06, 0.1], "k_pid_hsp": [0.09847755819799779, 0.3858464249157715, 0.4637715305365492], "k_pid_vsp": [264.9966777379314, 358.6849875786727, 2.77343605205192]}, "datetime": {"datetime": "2025-08-12 06:15:45", "elapsed": 49824.90342235565, "delta": 30.5170419216156}, "costs": {"total_cost": 808.9706826619788, "time_cost": 150, "final_distance_cost": 68.39254322585735, "oscillation_cost": 254.5154224768249, "completition_cost": 222.2222222222222, "overshoot_cost": 55.457174298599824, "power_cost": 26.191300537109377, "noise_cost": 32.19201990136515, "n_waypoints_completed": 7, "tot_waypoints": 9}}
{"target": -209.34911910017988, "params": {"k_pid_pos": [1.0031316701085804, 0.024859491386256316, 0.40092638265648595], "k_pid_alt": [0.8427743855844962, 0.0, 0.06527723447865985], "k_pid_att": [10.85276784655954, 8.164782527102767, 0.666719676683535], "k_pid_yaw": [0.5, 1e-06, 0.1], "k_pid_hsp": [8.33097044068181, 0.011264223901387349, 0.0], "k_pid_vsp": [264.9966777379314, 304.1795245652576, 2.77343605205192]}, "datetime": {"datetime": "2025-08-12 06:16:03", "elapsed": 49842.76247358322, "delta": 17.85905122756958}, "costs": {"total_cost": 209.34911910017988, "time_cost": 75.215, "final_distance_cost": 1.8494217681289113, "oscillation_cost": 44.06542551072591, "completition_cost": 0.0, "overshoot_cost": 49.99758867635691, "power_cost": 15.55997998046875, "noise_cost": 22.661703164499418, "n_waypoints_completed": 9, "tot_waypoints": 9}}
{"target": -1460.3394547711266, "params": {"k_pid_pos": [1.0031316701085804, 0.024859491386256316, 0.40092638265648595], "k_pid_alt": [1.7297729984189598, 0.0, 0.03027788721554503], "k_pid_att": [9.353998950407705, 1.2169696906303682, 0.666719676683535], "k_pid_yaw": [0.5, 1e-06, 0.1], "k_pid_hsp": [0.09847755819799779, 0.011264223901387349, 0.0], "k_pid_vsp": [103.0527854068954, 304.1795245652576, 219.8576176480552]}, "datetime": {"datetime": "2025-08-12 06:16:35", "elapsed": 49875.15539908409, "delta": 32.39292550086975}, "costs": {"total_cost": 1460.3394547711266, "time_cost": 150, "final_distance_cost": 0.9987856883318916, "oscillation_cost": 3.4355312180063806, "completition_cost": 1000.0, "overshoot_cost": 162.94645309564652, "power_cost": 29.295057922363284, "noise_cost": 113.6636268467787, "n_waypoints_completed": 0, "tot_waypoints": 9}}
{"target": -183.02885771051874, "params": {"k_pid_pos": [1.0031316701085804, 0.024859491386256316, 0.40092638265648595], "k_pid_alt": [1.7297729984189598, 0.0, 0.05010974591185968], "k_pid_att": [10.85276784655954, 1.4953935029224072, 0.666719676683535], "k_pid_yaw": [0.5, 1e-06, 0.1], "k_pid_hsp": [0.09847755819799779, 0.011264223901387349, 0.0], "k_pid_vsp": [264.9966777379314, 306.5653082406949, 2.77343605205192]}, "datetime": {"datetime": "2025-08-12 06:16:52", "elapsed": 49892.283957242966, "delta": 17.12855815887451}, "costs": {"total_cost": 183.02885771051874, "time_cost": 69.95100000000001, "final_distance_cost": 1.8278328338506267, "oscillation_cost": 25.811820444584832, "completition_cost": 0.0, "overshoot_cost": 50.54400424261703, "power_cost": 14.171979443359376, "noise_cost": 20.72222074610684, "n_waypoints_completed": 9, "tot_waypoints": 9}}
{"target": -1232.0697791616315, "params": {"k_pid_pos": [1.0031316701085804, 0.024859491386256316, 0.40092638265648595], "k_pid_alt": [1.7297729984189598, 0.0, 0.05010974591185968], "k_pid_att": [10.85276784655954, 1.4953935029224072, 0.666719676683535], "k_pid_yaw": [0.5, 1e-06, 0.1], "k_pid_hsp": [0.09847755819799779, 0.011264223901387349, 0.8787305012148737], "k_pid_vsp": [103.0527854068954, 304.1795245652576, 2.77343605205192]}, "datetime": {"datetime": "2025-08-12 06:17:23", "elapsed": 49922.95640540123, "delta": 30.67244815826416}, "costs": {"total_cost": 1232.0697791616315, "time_cost": 150, "final_distance_cost": 36.531019001454325, "oscillation_cost": 334.57893548567046, "completition_cost": 555.5555555555555, "overshoot_cost": 98.78670972139942, "power_cost": 24.422902392578127, "noise_cost": 32.19465700497352, "n_waypoints_completed": 4, "tot_waypoints": 9}}
{"target": -183.34719931791156, "params": {"k_pid_pos": [1.0031316701085804, 0.024859491386256316, 0.40092638265648595], "k_pid_alt": [1.4696857836520854, 0.0, 0.03027788721554503], "k_pid_att": [9.353998950407705, 1.2169696906303682, 0.666719676683535], "k_pid_yaw": [0.5, 1e-06, 0.1], "k_pid_hsp": [0.09847755819799779, 0.011264223901387349, 0.0], "k_pid_vsp": [264.9966777379314, 306.5653082406949, 2.77343605205192]}, "datetime": {"datetime": "2025-08-12 06:17:43", "elapsed": 49942.41460728645, "delta": 19.45820188522339}, "costs": {"total_cost": 183.34719931791156, "time_cost": 70.105, "final_distance_cost": 1.8210376828961035, "oscillation_cost": 25.876787533296504, "completition_cost": 0.0, "overshoot_cost": 50.656763649183304, "power_cost": 14.16924227294922, "noise_cost": 20.718368179586438, "n_waypoints_completed": 9, "tot_waypoints": 9}}
