{"target": -198.76141904639707, "params": {"k_pid_pos": [1.4340672435785011, 0.024859491386256316, 0.44963268842268056], "k_pid_alt": [1.296896341175293, 0.693097778846711, 0.4986678334288609], "k_pid_att": [39.447728079683905, 3.8677381495188174, 0.1845336041603497], "k_pid_yaw": [0.5, 1e-06, 0.1], "k_pid_hsp": [0.09847755819799779, 0.011264223901387349, 0.0], "k_pid_vsp": [194.7624155113164, 307.0029666248519, 10.0]}, "datetime": {"datetime": "2025-08-11 18:47:02", "elapsed": 8502.06524181366, "delta": 18.54184913635254}, "costs": {"total_cost": 198.76141904639707, "time_cost": 75.943, "final_distance_cost": 1.7800866167024525, "oscillation_cost": 31.266370000509585, "completition_cost": 0.0, "overshoot_cost": 52.03303493148798, "power_cost": 19.188359326171877, "noise_cost": 18.550568171525182, "n_waypoints_completed": 9, "tot_waypoints": 9}}
{"target": -187.30324561702565, "params": {"k_pid_pos": [1.4340672435785011, 0.04925411992759399, 0.3736141384595716], "k_pid_alt": [1.515427128667956, 0.0, 0.06527723447865985], "k_pid_att": [43.948176657889235, 3.8677381495188174, 0.1845336041603497], "k_pid_yaw": [0.5, 1e-06, 0.1], "k_pid_hsp": [0.09847755819799779, 0.011264223901387349, 0.0], "k_pid_vsp": [194.7624155113164, 139.20520652041523, 10.0]}, "datetime": {"datetime": "2025-08-11 18:47:19", "elapsed": 8518.869234800339, "delta": 16.803992986679077}, "costs": {"total_cost": 187.30324561702565, "time_cost": 69.58, "final_distance_cost": 1.8170092235966748, "oscillation_cost": 29.693197734824036, "completition_cost": 0.0, "overshoot_cost": 50.68493807270581, "power_cost": 17.77462431640625, "noise_cost": 17.75347626949288, "n_waypoints_completed": 9, "tot_waypoints": 9}}
{"target": -191.52218084544066, "params": {"k_pid_pos": [1.3885554450422086, 0.024859491386256316, 0.44963268842268056], "k_pid_alt": [1.2679502233621702, 0.0, 0.251263550706466], "k_pid_att": [82.07793770411665, 5.9521973635976435, 0.1845336041603497], "k_pid_yaw": [0.5, 1e-06, 0.1], "k_pid_hsp": [0.09847755819799779, 0.011264223901387349, 0.0], "k_pid_vsp": [258.4046895883358, 20.0, 10.0]}, "datetime": {"datetime": "2025-08-11 18:47:37", "elapsed": 8536.522219896317, "delta": 17.652985095977783}, "costs": {"total_cost": 191.52218084544066, "time_cost": 71.547, "final_distance_cost": 1.7939223260311683, "oscillation_cost": 30.364987920567582, "completition_cost": 0.0, "overshoot_cost": 51.414774098135815, "power_cost": 17.67590358886719, "noise_cost": 18.725592911838906, "n_waypoints_completed": 9, "tot_waypoints": 9}}
{"target": -187.56093721650421, "params": {"k_pid_pos": [1.3885554450422086, 0.024859491386256316, 0.44963268842268056], "k_pid_alt": [1.2679502233621702, 0.0, 0.06527723447865985], "k_pid_att": [58.989274729095186, 3.8677381495188174, 0.1845336041603497], "k_pid_yaw": [0.5, 1e-06, 0.1], "k_pid_hsp": [0.09847755819799779, 0.011264223901387349, 0.0], "k_pid_vsp": [194.7624155113164, 307.0029666248519, 10.0]}, "datetime": {"datetime": "2025-08-11 18:47:54", "elapsed": 8553.889727830887, "delta": 17.367507934570312}, "costs": {"total_cost": 187.56093721650421, "time_cost": 69.818, "final_distance_cost": 1.802979013493664, "oscillation_cost": 29.684050836556132, "completition_cost": 0.0, "overshoot_cost": 50.96561479487784, "power_cost": 17.304547814941408, "noise_cost": 17.985744756635178, "n_waypoints_completed": 9, "tot_waypoints": 9}}
{"target": -190.50592535906162, "params": {"k_pid_pos": [1.9466664862077867, 0.04925411992759399, 0.44963268842268056], "k_pid_alt": [1.2679502233621702, 0.0, 0.06527723447865985], "k_pid_att": [43.948176657889235, 3.8677381495188174, 0.1845336041603497], "k_pid_yaw": [0.5, 1e-06, 0.1], "k_pid_hsp": [0.09847755819799779, 0.011264223901387349, 0.0], "k_pid_vsp": [194.7624155113164, 336.89689932622207, 10.0]}, "datetime": {"datetime": "2025-08-11 18:48:11", "elapsed": 8571.174785375595, "delta": 17.285057544708252}, "costs": {"total_cost": 190.50592535906162, "time_cost": 69.79, "final_distance_cost": 1.80750753612381, "oscillation_cost": 32.3920426131514, "completition_cost": 0.0, "overshoot_cost": 50.82289281248975, "power_cost": 17.454455419921874, "noise_cost": 18.239026977374788, "n_waypoints_completed": 9, "tot_waypoints": 9}}
{"target": -711.4034700624352, "params": {"k_pid_pos": [1.3885554450422086, 0.024859491386256316, 0.44963268842268056], "k_pid_alt": [1.2679502233621702, 0.0, 0.06527723447865985], "k_pid_att": [58.989274729095186, 3.8677381495188174, 0.1845336041603497], "k_pid_yaw": [0.5, 1e-06, 0.1], "k_pid_hsp": [0.09847755819799779, 0.5246341563952881, 0.0], "k_pid_vsp": [250.4409247236842, 336.89689932622207, 62.564861685850005]}, "datetime": {"datetime": "2025-08-11 18:48:41", "elapsed": 8601.294710874557, "delta": 30.119925498962402}, "costs": {"total_cost": 711.4034700624352, "time_cost": 150, "final_distance_cost": 72.4559610595739, "oscillation_cost": 131.49614529501648, "completition_cost": 222.2222222222222, "overshoot_cost": 66.92592787659342, "power_cost": 35.63302882080078, "noise_cost": 32.670184788228525, "n_waypoints_completed": 7, "tot_waypoints": 9}}
{"target": -188.30240471254862, "params": {"k_pid_pos": [1.4340672435785011, 0.024859491386256316, 0.7585541942145848], "k_pid_alt": [1.296896341175293, 0.0, 0.4986678334288609], "k_pid_att": [39.447728079683905, 3.8677381495188174, 0.5354455210588809], "k_pid_yaw": [0.5, 1e-06, 0.1], "k_pid_hsp": [0.09847755819799779, 0.011264223901387349, 0.0], "k_pid_vsp": [194.7624155113164, 307.0029666248519, 10.0]}, "datetime": {"datetime": "2025-08-11 18:48:59", "elapsed": 8619.022584676743, "delta": 17.72787380218506}, "costs": {"total_cost": 188.30240471254862, "time_cost": 71.267, "final_distance_cost": 1.8270131367235878, "oscillation_cost": 27.984671226864013, "completition_cost": 0.0, "overshoot_cost": 51.028738223597884, "power_cost": 17.816810095214844, "noise_cost": 18.3781720301483, "n_waypoints_completed": 9, "tot_waypoints": 9}}
{"target": -187.14825592424532, "params": {"k_pid_pos": [1.3885554450422086, 0.024859491386256316, 0.44963268842268056], "k_pid_alt": [1.2679502233621702, 0.0, 0.06527723447865985], "k_pid_att": [58.989274729095186, 3.8677381495188174, 0.5354455210588809], "k_pid_yaw": [0.5, 1e-06, 0.1], "k_pid_hsp": [0.09847755819799779, 0.011264223901387349, 0.0], "k_pid_vsp": [194.7624155113164, 307.0029666248519, 10.0]}, "datetime": {"datetime": "2025-08-11 18:49:16", "elapsed": 8636.174084663391, "delta": 17.15149998664856}, "costs": {"total_cost": 187.14825592424532, "time_cost": 69.804, "final_distance_cost": 1.8251324626681669, "oscillation_cost": 29.073344325843397, "completition_cost": 0.0, "overshoot_cost": 50.92588169562159, "power_cost": 17.86419597167969, "noise_cost": 17.65570146843249, "n_waypoints_completed": 9, "tot_waypoints": 9}}
{"target": -186.36817385963496, "params": {"k_pid_pos": [1.3885554450422086, 0.024859491386256316, 0.44963268842268056], "k_pid_alt": [1.2679502233621702, 0.0, 0.06527723447865985], "k_pid_att": [43.948176657889235, 3.8677381495188174, 0.1845336041603497], "k_pid_yaw": [0.5, 1e-06, 0.1], "k_pid_hsp": [0.09847755819799779, 0.011264223901387349, 0.0], "k_pid_vsp": [194.7624155113164, 139.20520652041523, 10.0]}, "datetime": {"datetime": "2025-08-11 18:49:34", "elapsed": 8653.528846025467, "delta": 17.354761362075806}, "costs": {"total_cost": 186.36817385963496, "time_cost": 69.818, "final_distance_cost": 1.7937207483441209, "oscillation_cost": 28.740771047023404, "completition_cost": 0.0, "overshoot_cost": 50.574698131443384, "power_cost": 17.269026684570314, "noise_cost": 18.171957248253726, "n_waypoints_completed": 9, "tot_waypoints": 9}}
{"target": -187.1021521458895, "params": {"k_pid_pos": [1.3885554450422086, 0.024859491386256316, 0.44963268842268056], "k_pid_alt": [1.2679502233621702, 0.0, 0.06527723447865985], "k_pid_att": [58.989274729095186, 3.8677381495188174, 0.5354455210588809], "k_pid_yaw": [0.5, 1e-06, 0.1], "k_pid_hsp": [0.09847755819799779, 0.011264223901387349, 0.0], "k_pid_vsp": [316.1258038976114, 307.0029666248519, 10.0]}, "datetime": {"datetime": "2025-08-11 18:49:51", "elapsed": 8671.001118898392, "delta": 17.472272872924805}, "costs": {"total_cost": 187.1021521458895, "time_cost": 69.86, "final_distance_cost": 1.7928591508423957, "oscillation_cost": 28.72236479002178, "completition_cost": 0.0, "overshoot_cost": 50.7297813345997, "power_cost": 18.145232543945312, "noise_cost": 17.851914326480337, "n_waypoints_completed": 9, "tot_waypoints": 9}}
{"target": -398.6513334667818, "params": {"k_pid_pos": [1.3885554450422086, 0.024859491386256316, 0.44963268842268056], "k_pid_alt": [1.2679502233621702, 0.0, 0.06527723447865985], "k_pid_att": [58.989274729095186, 3.8677381495188174, 0.1845336041603497], "k_pid_yaw": [0.5, 1e-06, 0.1], "k_pid_hsp": [9.911068133623539, 0.011264223901387349, 0.0], "k_pid_vsp": [194.7624155113164, 307.0029666248519, 10.0]}, "datetime": {"datetime": "2025-08-11 18:50:08", "elapsed": 8688.164565324783, "delta": 17.1634464263916}, "costs": {"total_cost": 398.6513334667818, "time_cost": 69.944, "final_distance_cost": 1.8423188850526149, "oscillation_cost": 237.55003586654271, "completition_cost": 0.0, "overshoot_cost": 50.440199539104626, "power_cost": 19.4575751953125, "noise_cost": 19.417203980769372, "n_waypoints_completed": 9, "tot_waypoints": 9}}
{"target": -190.02180040696527, "params": {"k_pid_pos": [1.3885554450422086, 0.024859491386256316, 0.44963268842268056], "k_pid_alt": [1.2679502233621702, 0.0, 0.18431000208985737], "k_pid_att": [94.27907641276623, 5.887625867895858, 0.1845336041603497], "k_pid_yaw": [0.5, 1e-06, 0.1], "k_pid_hsp": [0.09847755819799779, 0.011264223901387349, 0.0], "k_pid_vsp": [194.7624155113164, 307.0029666248519, 10.0]}, "datetime": {"datetime": "2025-08-11 18:50:26", "elapsed": 8705.54896068573, "delta": 17.384395360946655}, "costs": {"total_cost": 190.02180040696527, "time_cost": 70.21000000000001, "final_distance_cost": 1.8179606338998175, "oscillation_cost": 31.620728007783846, "completition_cost": 0.0, "overshoot_cost": 50.62806557591797, "power_cost": 17.308313500976563, "noise_cost": 18.43673268838704, "n_waypoints_completed": 9, "tot_waypoints": 9}}
{"target": -186.36817385963496, "params": {"k_pid_pos": [1.3885554450422086, 0.024859491386256316, 0.44963268842268056], "k_pid_alt": [1.2679502233621702, 0.0, 0.06527723447865985], "k_pid_att": [43.948176657889235, 3.8677381495188174, 0.1845336041603497], "k_pid_yaw": [0.5, 1e-06, 0.1], "k_pid_hsp": [0.09847755819799779, 0.011264223901387349, 0.0], "k_pid_vsp": [194.7624155113164, 139.20520652041523, 10.0]}, "datetime": {"datetime": "2025-08-11 18:50:43", "elapsed": 8722.659092187881, "delta": 17.11013150215149}, "costs": {"total_cost": 186.36817385963496, "time_cost": 69.818, "final_distance_cost": 1.7937207483441209, "oscillation_cost": 28.740771047023404, "completition_cost": 0.0, "overshoot_cost": 50.574698131443384, "power_cost": 17.269026684570314, "noise_cost": 18.171957248253726, "n_waypoints_completed": 9, "tot_waypoints": 9}}
{"target": -186.36817385963496, "params": {"k_pid_pos": [1.3885554450422086, 0.024859491386256316, 0.44963268842268056], "k_pid_alt": [1.2679502233621702, 0.0, 0.06527723447865985], "k_pid_att": [43.948176657889235, 3.8677381495188174, 0.1845336041603497], "k_pid_yaw": [0.5, 1e-06, 0.1], "k_pid_hsp": [0.09847755819799779, 0.011264223901387349, 0.0], "k_pid_vsp": [194.7624155113164, 139.20520652041523, 10.0]}, "datetime": {"datetime": "2025-08-11 18:51:01", "elapsed": 8740.630960941315, "delta": 17.971868753433228}, "costs": {"total_cost": 186.36817385963496, "time_cost": 69.818, "final_distance_cost": 1.7937207483441209, "oscillation_cost": 28.740771047023404, "completition_cost": 0.0, "overshoot_cost": 50.574698131443384, "power_cost": 17.269026684570314, "noise_cost": 18.171957248253726, "n_waypoints_completed": 9, "tot_waypoints": 9}}
{"target": -186.78886942391438, "params": {"k_pid_pos": [1.3885554450422086, 0.03988560271314401, 0.44963268842268056], "k_pid_alt": [1.2679502233621702, 0.0, 0.06527723447865985], "k_pid_att": [58.989274729095186, 3.8677381495188174, 0.8739915892735461], "k_pid_yaw": [0.5, 1e-06, 0.1], "k_pid_hsp": [0.09847755819799779, 0.011264223901387349, 0.0], "k_pid_vsp": [194.7624155113164, 307.0029666248519, 10.0]}, "datetime": {"datetime": "2025-08-11 18:51:20", "elapsed": 8759.489479541779, "delta": 18.858518600463867}, "costs": {"total_cost": 186.78886942391438, "time_cost": 69.79, "final_distance_cost": 1.7926552177021724, "oscillation_cost": 28.846282967129333, "completition_cost": 0.0, "overshoot_cost": 50.838630630650535, "power_cost": 17.890349560546877, "noise_cost": 17.630951047885485, "n_waypoints_completed": 9, "tot_waypoints": 9}}
{"target": -212.31247172621204, "params": {"k_pid_pos": [1.3885554450422086, 0.21958489946633264, 0.3736141384595716], "k_pid_alt": [1.515427128667956, 0.0, 0.512921577555336], "k_pid_att": [27.406759869572184, 3.8677381495188174, 0.1845336041603497], "k_pid_yaw": [0.5, 1e-06, 0.1], "k_pid_hsp": [4.4869223172461, 0.011264223901387349, 0.0], "k_pid_vsp": [194.7624155113164, 139.20520652041523, 10.0]}, "datetime": {"datetime": "2025-08-11 18:51:38", "elapsed": 8777.63576555252, "delta": 18.146286010742188}, "costs": {"total_cost": 212.31247172621204, "time_cost": 70.686, "final_distance_cost": 1.8082702322344073, "oscillation_cost": 52.80427912473906, "completition_cost": 0.0, "overshoot_cost": 50.215075566909995, "power_cost": 18.377941723632812, "noise_cost": 18.42090507869576, "n_waypoints_completed": 9, "tot_waypoints": 9}}
{"target": -188.26519213657042, "params": {"k_pid_pos": [1.4340672435785011, 0.024859491386256316, 0.44963268842268056], "k_pid_alt": [1.2679502233621702, 0.0, 0.06527723447865985], "k_pid_att": [55.95093774729606, 3.8677381495188174, 0.5354455210588809], "k_pid_yaw": [0.5, 1e-06, 0.1], "k_pid_hsp": [0.09847755819799779, 0.011264223901387349, 0.0], "k_pid_vsp": [63.97103674737252, 307.0029666248519, 10.0]}, "datetime": {"datetime": "2025-08-11 18:51:56", "elapsed": 8795.628994941711, "delta": 17.993229389190674}, "costs": {"total_cost": 188.26519213657042, "time_cost": 69.622, "final_distance_cost": 1.8185811124660403, "oscillation_cost": 30.879508283393143, "completition_cost": 0.0, "overshoot_cost": 50.75257815747717, "power_cost": 17.28068210449219, "noise_cost": 17.911842478741875, "n_waypoints_completed": 9, "tot_waypoints": 9}}
{"target": -186.36817385963496, "params": {"k_pid_pos": [1.3885554450422086, 0.024859491386256316, 0.44963268842268056], "k_pid_alt": [1.2679502233621702, 0.0, 0.06527723447865985], "k_pid_att": [43.948176657889235, 3.8677381495188174, 0.1845336041603497], "k_pid_yaw": [0.5, 1e-06, 0.1], "k_pid_hsp": [0.09847755819799779, 0.011264223901387349, 0.0], "k_pid_vsp": [194.7624155113164, 139.20520652041523, 10.0]}, "datetime": {"datetime": "2025-08-11 18:52:17", "elapsed": 8817.328079938889, "delta": 21.699084997177124}, "costs": {"total_cost": 186.36817385963496, "time_cost": 69.818, "final_distance_cost": 1.7937207483441209, "oscillation_cost": 28.740771047023404, "completition_cost": 0.0, "overshoot_cost": 50.574698131443384, "power_cost": 17.269026684570314, "noise_cost": 18.171957248253726, "n_waypoints_completed": 9, "tot_waypoints": 9}}
{"target": -1121.7709422314445, "params": {"k_pid_pos": [1.3885554450422086, 0.024859491386256316, 0.44963268842268056], "k_pid_alt": [1.2679502233621702, 0.0, 0.18431000208985737], "k_pid_att": [94.27907641276623, 5.887625867895858, 0.1845336041603497], "k_pid_yaw": [0.5, 1e-06, 0.1], "k_pid_hsp": [0.09847755819799779, 0.966737574672076, 0.0], "k_pid_vsp": [194.7624155113164, 307.0029666248519, 10.0]}, "datetime": {"datetime": "2025-08-11 18:52:47", "elapsed": 8847.323608160019, "delta": 29.99552822113037}, "costs": {"total_cost": 1121.7709422314445, "time_cost": 150, "final_distance_cost": 51.680478535231856, "oscillation_cost": 124.77193866062353, "completition_cost": 666.6666666666667, "overshoot_cost": 59.58039092222286, "power_cost": 34.10360278320313, "noise_cost": 34.96786466349625, "n_waypoints_completed": 3, "tot_waypoints": 9}}
{"target": -1109.5427533911231, "params": {"k_pid_pos": [1.4999912498542303, 0.3940461965001554, 0.1143955574012756], "k_pid_alt": [1.2679502233621702, 0.0, 0.06527723447865985], "k_pid_att": [58.989274729095186, 3.8677381495188174, 0.1845336041603497], "k_pid_yaw": [0.5, 1e-06, 0.1], "k_pid_hsp": [0.09847755819799779, 0.7152050043221464, 0.0], "k_pid_vsp": [194.7624155113164, 307.0029666248519, 10.0]}, "datetime": {"datetime": "2025-08-11 18:53:18", "elapsed": 8877.662163972855, "delta": 30.338555812835693}, "costs": {"total_cost": 1109.5427533911231, "time_cost": 150, "final_distance_cost": 45.802957623707414, "oscillation_cost": 109.48293089509038, "completition_cost": 666.6666666666667, "overshoot_cost": 68.45433714995423, "power_cost": 34.118569848632816, "noise_cost": 35.017291207071686, "n_waypoints_completed": 3, "tot_waypoints": 9}}
{"target": -1461.4934544100286, "params": {"k_pid_pos": [1.4340672435785011, 0.024859491386256316, 0.7585541942145848], "k_pid_alt": [1.296896341175293, 0.0, 0.4986678334288609], "k_pid_att": [39.447728079683905, 4.279194413527449, 0.9097922838293668], "k_pid_yaw": [0.5, 1e-06, 0.1], "k_pid_hsp": [0.09847755819799779, 0.011264223901387349, 0.0], "k_pid_vsp": [194.7624155113164, 307.0029666248519, 352.3386124433825]}, "datetime": {"datetime": "2025-08-11 18:53:48", "elapsed": 8907.436419010162, "delta": 29.77425503730774}, "costs": {"total_cost": 1461.4934544100286, "time_cost": 150, "final_distance_cost": 0.9983055002660074, "oscillation_cost": 3.6332298181611855, "completition_cost": 1000.0, "overshoot_cost": 163.04821622648882, "power_cost": 29.231362353515628, "noise_cost": 114.58234051159688, "n_waypoints_completed": 0, "tot_waypoints": 9}}
{"target": -186.19009909229186, "params": {"k_pid_pos": [1.3885554450422086, 0.024859491386256316, 0.44963268842268056], "k_pid_alt": [1.636508049307729, 0.0, 0.06527723447865985], "k_pid_att": [58.989274729095186, 0.7200504618080176, 0.9166398602394554], "k_pid_yaw": [0.5, 1e-06, 0.1], "k_pid_hsp": [0.09847755819799779, 0.011264223901387349, 0.0], "k_pid_vsp": [194.7624155113164, 307.0029666248519, 10.0]}, "datetime": {"datetime": "2025-08-11 18:54:05", "elapsed": 8924.798545837402, "delta": 17.36212682723999}, "costs": {"total_cost": 186.19009909229186, "time_cost": 69.384, "final_distance_cost": 1.7976164172723093, "oscillation_cost": 28.739410941303934, "completition_cost": 0.0, "overshoot_cost": 50.54003060207813, "power_cost": 18.00883690185547, "noise_cost": 17.720204229782027, "n_waypoints_completed": 9, "tot_waypoints": 9}}
{"target": -187.28522614302892, "params": {"k_pid_pos": [1.4999912498542303, 0.024859491386256316, 0.44963268842268056], "k_pid_alt": [1.2679502233621702, 0.0, 0.06527723447865985], "k_pid_att": [43.948176657889235, 3.7802132718527557, 0.1845336041603497], "k_pid_yaw": [0.5, 1e-06, 0.1], "k_pid_hsp": [0.09847755819799779, 0.011264223901387349, 0.0], "k_pid_vsp": [250.4409247236842, 336.89689932622207, 62.564861685850005]}, "datetime": {"datetime": "2025-08-11 18:54:22", "elapsed": 8942.070353746414, "delta": 17.27180790901184}, "costs": {"total_cost": 187.28522614302892, "time_cost": 69.986, "final_distance_cost": 1.8032009237100215, "oscillation_cost": 29.151186873571895, "completition_cost": 0.0, "overshoot_cost": 50.72650119558207, "power_cost": 18.227300195312502, "noise_cost": 17.391036954852428, "n_waypoints_completed": 9, "tot_waypoints": 9}}
{"target": -188.47396522459508, "params": {"k_pid_pos": [1.3885554450422086, 0.024859491386256316, 0.44963268842268056], "k_pid_alt": [0.9146766663066528, 0.0, 0.06527723447865985], "k_pid_att": [43.948176657889235, 3.8677381495188174, 0.1845336041603497], "k_pid_yaw": [0.5, 1e-06, 0.1], "k_pid_hsp": [0.09847755819799779, 0.011264223901387349, 0.0], "k_pid_vsp": [194.7624155113164, 221.6078012742647, 10.0]}, "datetime": {"datetime": "2025-08-11 18:54:40", "elapsed": 8959.531234264374, "delta": 17.460880517959595}, "costs": {"total_cost": 188.47396522459508, "time_cost": 70.973, "final_distance_cost": 1.8033102752595902, "oscillation_cost": 29.223082880350628, "completition_cost": 0.0, "overshoot_cost": 50.61101853246921, "power_cost": 18.0193453125, "noise_cost": 17.844208224015624, "n_waypoints_completed": 9, "tot_waypoints": 9}}
{"target": -189.70124904559438, "params": {"k_pid_pos": [1.7847649702027382, 0.024859491386256316, 0.44963268842268056], "k_pid_alt": [1.2679502233621702, 0.0, 0.18431000208985737], "k_pid_att": [17.813414374173632, 3.8677381495188174, 0.3366070335655168], "k_pid_yaw": [0.5, 1e-06, 0.1], "k_pid_hsp": [0.09847755819799779, 0.011264223901387349, 0.0], "k_pid_vsp": [194.7624155113164, 139.20520652041523, 10.0]}, "datetime": {"datetime": "2025-08-11 18:54:57", "elapsed": 8976.902623414993, "delta": 17.371389150619507}, "costs": {"total_cost": 189.70124904559438, "time_cost": 69.909, "final_distance_cost": 1.8112714488644701, "oscillation_cost": 31.171029109326458, "completition_cost": 0.0, "overshoot_cost": 51.055948839700086, "power_cost": 17.555538232421878, "noise_cost": 18.198461415281493, "n_waypoints_completed": 9, "tot_waypoints": 9}}
