{"target": -186.05853179668543, "params": {"k_pid_pos": [1.097674141165482, 0.024859491386256316, 0.40092638265648595], "k_pid_alt": [1.2679502233621702, 0.0, 0.06527723447865985], "k_pid_att": [24.0942673894178, 0.18205753750414305, 0.06670604035978966], "k_pid_yaw": [0.5, 1e-06, 0.1], "k_pid_hsp": [0.09847755819799779, 0.011264223901387349, 0.0], "k_pid_vsp": [292.94687076665593, 307.0029666248519, 21.011196465382298]}, "datetime": {"datetime": "2025-08-11 23:03:12", "elapsed": 23871.439725399017, "delta": 18.111515045166016}, "costs": {"total_cost": 186.05853179668543, "time_cost": 70.035, "final_distance_cost": 1.8220536724686285, "oscillation_cost": 27.77658558924189, "completition_cost": 0.0, "overshoot_cost": 50.526467978330786, "power_cost": 18.091066638183595, "noise_cost": 17.807357918460518, "n_waypoints_completed": 9, "tot_waypoints": 9}}
{"target": -1462.534603085465, "params": {"k_pid_pos": [1.0031316701085804, 0.6034900646563243, 0.40092638265648595], "k_pid_alt": [1.2679502233621702, 0.0, 0.06527723447865985], "k_pid_att": [24.0942673894178, 0.18205753750414305, 0.8792759721912583], "k_pid_yaw": [0.5, 1e-06, 0.1], "k_pid_hsp": [0.09847755819799779, 0.011264223901387349, 0.0], "k_pid_vsp": [292.94687076665593, 307.0029666248519, 364.10443583191045]}, "datetime": {"datetime": "2025-08-11 23:03:43", "elapsed": 23903.04197859764, "delta": 31.602253198623657}, "costs": {"total_cost": 1462.534603085465, "time_cost": 150, "final_distance_cost": 0.9996962340700554, "oscillation_cost": 5.68620037190679, "completition_cost": 1000.0, "overshoot_cost": 162.88104809217037, "power_cost": 29.388659802246096, "noise_cost": 113.57899858507177, "n_waypoints_completed": 0, "tot_waypoints": 9}}
{"target": -685.4678305533195, "params": {"k_pid_pos": [1.5233419604839473, 0.024859491386256316, 0.5792642345702999], "k_pid_alt": [0.08360835472764028, 0.005032828812111867, 0.06527723447865985], "k_pid_att": [24.0942673894178, 0.18205753750414305, 0.5315175384971502], "k_pid_yaw": [0.5, 1e-06, 0.1], "k_pid_hsp": [0.7117181632766922, 0.011264223901387349, 0.0], "k_pid_vsp": [251.5004449007475, 307.0029666248519, 21.011196465382298]}, "datetime": {"datetime": "2025-08-11 23:04:14", "elapsed": 23933.47402739525, "delta": 30.432048797607422}, "costs": {"total_cost": 685.4678305533195, "time_cost": 150, "final_distance_cost": 66.33518483109007, "oscillation_cost": 24.933663741421473, "completition_cost": 333.33333333333337, "overshoot_cost": 52.95822077153573, "power_cost": 30.46447518310547, "noise_cost": 27.442952692833337, "n_waypoints_completed": 6, "tot_waypoints": 9}}
{"target": -902.551168924228, "params": {"k_pid_pos": [1.0031316701085804, 0.024859491386256316, 0.40092638265648595], "k_pid_alt": [1.2679502233621702, 0.7878073311663888, 0.06527723447865985], "k_pid_att": [24.0942673894178, 0.18205753750414305, 0.8792759721912583], "k_pid_yaw": [0.5, 1e-06, 0.1], "k_pid_hsp": [0.09847755819799779, 0.011264223901387349, 0.0], "k_pid_vsp": [292.94687076665593, 307.0029666248519, 234.57990640435014]}, "datetime": {"datetime": "2025-08-11 23:04:45", "elapsed": 23964.913583517075, "delta": 31.439556121826172}, "costs": {"total_cost": 902.551168924228, "time_cost": 150, "final_distance_cost": 44.894832079178684, "oscillation_cost": 12.815240196630949, "completition_cost": 555.5555555555555, "overshoot_cost": 81.98646975027293, "power_cost": 30.19888865966797, "noise_cost": 27.10018268292186, "n_waypoints_completed": 4, "tot_waypoints": 9}}
{"target": -1118.3357703179643, "params": {"k_pid_pos": [1.1746680240616947, 0.024859491386256316, 0.40092638265648595], "k_pid_alt": [1.2679502233621702, 0.0, 0.06527723447865985], "k_pid_att": [24.0942673894178, 0.18205753750414305, 0.8792759721912583], "k_pid_yaw": [0.5, 1e-06, 0.1], "k_pid_hsp": [0.09847755819799779, 0.8810724201875452, 0.0], "k_pid_vsp": [292.94687076665593, 307.0029666248519, 21.011196465382298]}, "datetime": {"datetime": "2025-08-11 23:05:16", "elapsed": 23995.68664598465, "delta": 30.773062467575073}, "costs": {"total_cost": 1118.3357703179643, "time_cost": 150, "final_distance_cost": 54.795166786945366, "oscillation_cost": 116.3940713160112, "completition_cost": 666.6666666666667, "overshoot_cost": 61.33569468719025, "power_cost": 35.46178951416016, "noise_cost": 33.682381346990745, "n_waypoints_completed": 3, "tot_waypoints": 9}}
{"target": -190.6337122911052, "params": {"k_pid_pos": [0.9203224573796739, 0.024859491386256316, 0.704167472379422], "k_pid_alt": [1.2679502233621702, 0.0, 0.06527723447865985], "k_pid_att": [24.0942673894178, 0.18205753750414305, 0.8792759721912583], "k_pid_yaw": [0.5, 1e-06, 0.1], "k_pid_hsp": [0.09847755819799779, 0.011264223901387349, 0.0], "k_pid_vsp": [63.87935167311278, 307.0029666248519, 21.011196465382298]}, "datetime": {"datetime": "2025-08-11 23:05:34", "elapsed": 24014.04496908188, "delta": 18.358323097229004}, "costs": {"total_cost": 190.6337122911052, "time_cost": 74.298, "final_distance_cost": 1.853536725741497, "oscillation_cost": 25.568026943597335, "completition_cost": 0.0, "overshoot_cost": 51.23002651481946, "power_cost": 18.91781102294922, "noise_cost": 18.766311083997692, "n_waypoints_completed": 9, "tot_waypoints": 9}}
{"target": -1338.1406481110328, "params": {"k_pid_pos": [1.097674141165482, 0.5386582446021755, 0.40092638265648595], "k_pid_alt": [1.2679502233621702, 0.0, 0.06527723447865985], "k_pid_att": [24.0942673894178, 0.18205753750414305, 0.8792759721912583], "k_pid_yaw": [0.5, 1e-06, 0.1], "k_pid_hsp": [0.09847755819799779, 0.011264223901387349, 0.0], "k_pid_vsp": [292.94687076665593, 307.0029666248519, 250.6364031778067]}, "datetime": {"datetime": "2025-08-11 23:06:04", "elapsed": 24044.215278863907, "delta": 30.1703097820282}, "costs": {"total_cost": 1338.1406481110328, "time_cost": 150, "final_distance_cost": 31.774505147157143, "oscillation_cost": 4.865842515418841, "completition_cost": 1000.0, "overshoot_cost": 94.72991874537051, "power_cost": 29.802062561035157, "noise_cost": 26.968319142050994, "n_waypoints_completed": 0, "tot_waypoints": 9}}
{"target": -184.00642531641506, "params": {"k_pid_pos": [1.0031316701085804, 0.024859491386256316, 0.40092638265648595], "k_pid_alt": [1.7297729984189598, 0.0, 0.06527723447865985], "k_pid_att": [24.0942673894178, 0.18205753750414305, 0.8792759721912583], "k_pid_yaw": [0.5, 1e-06, 0.1], "k_pid_hsp": [0.09847755819799779, 0.011264223901387349, 0.0], "k_pid_vsp": [316.2191682070645, 307.0029666248519, 21.011196465382298]}, "datetime": {"datetime": "2025-08-11 23:06:23", "elapsed": 24062.53290081024, "delta": 18.31762194633484}, "costs": {"total_cost": 184.00642531641506, "time_cost": 70.09100000000001, "final_distance_cost": 1.8159919608781359, "oscillation_cost": 25.94489514214551, "completition_cost": 0.0, "overshoot_cost": 50.49029792783175, "power_cost": 17.95253094482422, "noise_cost": 17.71170934073545, "n_waypoints_completed": 9, "tot_waypoints": 9}}
{"target": -184.09452520859787, "params": {"k_pid_pos": [1.0031316701085804, 0.024859491386256316, 0.40092638265648595], "k_pid_alt": [1.2679502233621702, 0.0, 0.06527723447865985], "k_pid_att": [24.0942673894178, 0.18205753750414305, 0.8792759721912583], "k_pid_yaw": [0.5, 1e-06, 0.1], "k_pid_hsp": [0.09847755819799779, 0.011264223901387349, 0.0], "k_pid_vsp": [292.94687076665593, 307.0029666248519, 21.011196465382298]}, "datetime": {"datetime": "2025-08-11 23:06:40", "elapsed": 24080.153916597366, "delta": 17.621015787124634}, "costs": {"total_cost": 184.09452520859787, "time_cost": 70.399, "final_distance_cost": 1.8345096342728806, "oscillation_cost": 26.033560826510698, "completition_cost": 0.0, "overshoot_cost": 50.504236002786485, "power_cost": 17.811746228027346, "noise_cost": 17.511472517000485, "n_waypoints_completed": 9, "tot_waypoints": 9}}
{"target": -184.09452520859787, "params": {"k_pid_pos": [1.0031316701085804, 0.024859491386256316, 0.40092638265648595], "k_pid_alt": [1.2679502233621702, 0.0, 0.06527723447865985], "k_pid_att": [24.0942673894178, 0.18205753750414305, 0.8792759721912583], "k_pid_yaw": [0.5, 1e-06, 0.1], "k_pid_hsp": [0.09847755819799779, 0.011264223901387349, 0.0], "k_pid_vsp": [292.94687076665593, 307.0029666248519, 21.011196465382298]}, "datetime": {"datetime": "2025-08-11 23:06:58", "elapsed": 24097.992448091507, "delta": 17.838531494140625}, "costs": {"total_cost": 184.09452520859787, "time_cost": 70.399, "final_distance_cost": 1.8345096342728806, "oscillation_cost": 26.033560826510698, "completition_cost": 0.0, "overshoot_cost": 50.504236002786485, "power_cost": 17.811746228027346, "noise_cost": 17.511472517000485, "n_waypoints_completed": 9, "tot_waypoints": 9}}
{"target": -247.9468806419748, "params": {"k_pid_pos": [1.0031316701085804, 0.5103538444008343, 0.40092638265648595], "k_pid_alt": [1.2679502233621702, 0.7198878692218418, 0.06527723447865985], "k_pid_att": [27.991523243942407, 0.18205753750414305, 0.8792759721912583], "k_pid_yaw": [0.5, 1e-06, 0.1], "k_pid_hsp": [0.09847755819799779, 0.011264223901387349, 0.0], "k_pid_vsp": [316.2191682070645, 307.0029666248519, 21.011196465382298]}, "datetime": {"datetime": "2025-08-11 23:07:24", "elapsed": 24124.180854320526, "delta": 26.188406229019165}, "costs": {"total_cost": 247.9468806419748, "time_cost": 101.96900000000001, "final_distance_cost": 1.790827865855053, "oscillation_cost": 36.48065515880544, "completition_cost": 0.0, "overshoot_cost": 55.97671967334457, "power_cost": 26.17752119140625, "noise_cost": 25.55215675256345, "n_waypoints_completed": 9, "tot_waypoints": 9}}
{"target": -685.269620130748, "params": {"k_pid_pos": [1.5233419604839473, 0.024859491386256316, 0.5792642345702999], "k_pid_alt": [0.08360835472764028, 0.005032828812111867, 0.06527723447865985], "k_pid_att": [24.0942673894178, 0.18205753750414305, 0.5315175384971502], "k_pid_yaw": [0.5, 1e-06, 0.1], "k_pid_hsp": [0.7117181632766922, 0.011264223901387349, 0.0], "k_pid_vsp": [251.5004449007475, 214.75589357362082, 21.011196465382298]}, "datetime": {"datetime": "2025-08-11 23:07:55", "elapsed": 24155.22175192833, "delta": 31.040897607803345}, "costs": {"total_cost": 685.269620130748, "time_cost": 150, "final_distance_cost": 66.26308738007744, "oscillation_cost": 24.517560369589354, "completition_cost": 333.33333333333337, "overshoot_cost": 53.24055758290767, "power_cost": 30.455919519042972, "noise_cost": 27.459161945797256, "n_waypoints_completed": 6, "tot_waypoints": 9}}
{"target": -187.76326203115974, "params": {"k_pid_pos": [1.0031316701085804, 0.024859491386256316, 0.40092638265648595], "k_pid_alt": [1.2679502233621702, 0.0, 0.7021768561816121], "k_pid_att": [20.82401769786979, 0.18205753750414305, 0.8792759721912583], "k_pid_yaw": [0.5, 1e-06, 0.1], "k_pid_hsp": [0.09847755819799779, 0.011264223901387349, 0.0], "k_pid_vsp": [316.2191682070645, 307.0029666248519, 21.011196465382298]}, "datetime": {"datetime": "2025-08-11 23:08:14", "elapsed": 24173.437772989273, "delta": 18.216021060943604}, "costs": {"total_cost": 187.76326203115974, "time_cost": 72.45700000000001, "final_distance_cost": 1.832353033077593, "oscillation_cost": 26.014495988917897, "completition_cost": 0.0, "overshoot_cost": 50.918067273102814, "power_cost": 18.611669140625, "noise_cost": 17.92967659543642, "n_waypoints_completed": 9, "tot_waypoints": 9}}
{"target": -217.7726882587948, "params": {"k_pid_pos": [0.4420754456323622, 0.024859491386256316, 0.40092638265648595], "k_pid_alt": [1.5258841610985416, 0.4460213279321439, 0.06527723447865985], "k_pid_att": [24.0942673894178, 0.18205753750414305, 0.8792759721912583], "k_pid_yaw": [0.5, 1e-06, 0.1], "k_pid_hsp": [0.09847755819799779, 0.011264223901387349, 0.0], "k_pid_vsp": [292.94687076665593, 307.0029666248519, 21.011196465382298]}, "datetime": {"datetime": "2025-08-11 23:08:37", "elapsed": 24197.331259012222, "delta": 23.89348602294922}, "costs": {"total_cost": 217.7726882587948, "time_cost": 96.642, "final_distance_cost": 1.827458041304617, "oscillation_cost": 19.55975864860534, "completition_cost": 0.0, "overshoot_cost": 53.99133138486984, "power_cost": 23.618672900390624, "noise_cost": 22.13346728362437, "n_waypoints_completed": 9, "tot_waypoints": 9}}
{"target": -184.33811522972758, "params": {"k_pid_pos": [1.0031316701085804, 0.024859491386256316, 0.40092638265648595], "k_pid_alt": [1.477768752937916, 0.0, 0.06527723447865985], "k_pid_att": [24.0942673894178, 0.18205753750414305, 0.8792759721912583], "k_pid_yaw": [0.5, 1e-06, 0.1], "k_pid_hsp": [0.09847755819799779, 0.011264223901387349, 0.0], "k_pid_vsp": [292.94687076665593, 307.0029666248519, 21.011196465382298]}, "datetime": {"datetime": "2025-08-11 23:08:55", "elapsed": 24215.322333097458, "delta": 17.991074085235596}, "costs": {"total_cost": 184.33811522972758, "time_cost": 70.182, "final_distance_cost": 1.8325539482643247, "oscillation_cost": 25.8159437177959, "completition_cost": 0.0, "overshoot_cost": 50.49846291726462, "power_cost": 18.213867724609376, "noise_cost": 17.79528692179339, "n_waypoints_completed": 9, "tot_waypoints": 9}}
{"target": -1544.6512423734475, "params": {"k_pid_pos": [1.0031316701085804, 0.024859491386256316, 0.40092638265648595], "k_pid_alt": [1.2679502233621702, 0.31913876781791417, 0.06527723447865985], "k_pid_att": [24.0942673894178, 0.18205753750414305, 0.2963112878714621], "k_pid_yaw": [0.5, 1e-06, 0.1], "k_pid_hsp": [0.09847755819799779, 0.011264223901387349, 0.9808670922728795], "k_pid_vsp": [292.94687076665593, 307.0029666248519, 21.011196465382298]}, "datetime": {"datetime": "2025-08-11 23:09:26", "elapsed": 24245.436789035797, "delta": 30.114455938339233}, "costs": {"total_cost": 1544.6512423734475, "time_cost": 150, "final_distance_cost": 43.383938498300864, "oscillation_cost": 642.1360514153924, "completition_cost": 555.5555555555555, "overshoot_cost": 93.00115008081983, "power_cost": 32.518825268554686, "noise_cost": 28.05572155482398, "n_waypoints_completed": 4, "tot_waypoints": 9}}
{"target": -912.7236885184149, "params": {"k_pid_pos": [0.9203224573796739, 0.024859491386256316, 0.40092638265648595], "k_pid_alt": [1.6586884955541554, 0.0, 0.14895820972210694], "k_pid_att": [99.05121608804818, 0.18205753750414305, 0.8792759721912583], "k_pid_yaw": [0.5, 1e-06, 0.1], "k_pid_hsp": [0.09847755819799779, 0.8411161312305768, 0.0], "k_pid_vsp": [110.56511661686339, 307.0029666248519, 21.011196465382298]}, "datetime": {"datetime": "2025-08-11 23:09:56", "elapsed": 24276.106978416443, "delta": 30.670189380645752}, "costs": {"total_cost": 912.7236885184149, "time_cost": 150, "final_distance_cost": 55.808130799079755, "oscillation_cost": 122.77610892431784, "completition_cost": 444.4444444444444, "overshoot_cost": 70.98522195737017, "power_cost": 36.08176419677734, "noise_cost": 32.62801819642534, "n_waypoints_completed": 5, "tot_waypoints": 9}}
{"target": -185.1517556277407, "params": {"k_pid_pos": [1.143073425183974, 0.024859491386256316, 0.40092638265648595], "k_pid_alt": [1.2279286217595138, 0.0, 0.06527723447865985], "k_pid_att": [24.0942673894178, 0.18205753750414305, 0.8792759721912583], "k_pid_yaw": [0.5, 1e-06, 0.1], "k_pid_hsp": [0.09847755819799779, 0.011264223901387349, 0.0], "k_pid_vsp": [316.2191682070645, 307.0029666248519, 21.011196465382298]}, "datetime": {"datetime": "2025-08-11 23:10:14", "elapsed": 24293.40678191185, "delta": 17.299803495407104}, "costs": {"total_cost": 185.1517556277407, "time_cost": 70.035, "final_distance_cost": 1.8084744499339709, "oscillation_cost": 26.97084943544425, "completition_cost": 0.0, "overshoot_cost": 50.46321524746425, "power_cost": 18.09106794433594, "noise_cost": 17.78314855056229, "n_waypoints_completed": 9, "tot_waypoints": 9}}
{"target": -187.4726865002006, "params": {"k_pid_pos": [0.9203224573796739, 0.024859491386256316, 0.5175749361529872], "k_pid_alt": [1.0568373747140234, 0.0, 0.06527723447865985], "k_pid_att": [99.05121608804818, 0.18205753750414305, 0.8792759721912583], "k_pid_yaw": [0.5, 1e-06, 0.1], "k_pid_hsp": [0.09847755819799779, 0.011264223901387349, 0.0], "k_pid_vsp": [292.94687076665593, 307.0029666248519, 21.011196465382298]}, "datetime": {"datetime": "2025-08-11 23:10:32", "elapsed": 24312.138979911804, "delta": 18.732197999954224}, "costs": {"total_cost": 187.4726865002006, "time_cost": 72.52, "final_distance_cost": 1.843228973958315, "oscillation_cost": 25.379602623368747, "completition_cost": 0.0, "overshoot_cost": 50.90909941323367, "power_cost": 18.514886254882814, "noise_cost": 18.305869234757083, "n_waypoints_completed": 9, "tot_waypoints": 9}}
{"target": -186.44266244439703, "params": {"k_pid_pos": [1.097674141165482, 0.024859491386256316, 0.40092638265648595], "k_pid_alt": [1.2679502233621702, 0.0, 0.06527723447865985], "k_pid_att": [24.0942673894178, 0.18205753750414305, 0.06670604035978966], "k_pid_yaw": [0.5, 1e-06, 0.1], "k_pid_hsp": [0.09847755819799779, 0.011264223901387349, 0.0], "k_pid_vsp": [110.56511661686339, 307.0029666248519, 21.011196465382298]}, "datetime": {"datetime": "2025-08-11 23:10:50", "elapsed": 24329.408626556396, "delta": 17.269646644592285}, "costs": {"total_cost": 186.44266244439703, "time_cost": 69.986, "final_distance_cost": 1.8097077110446327, "oscillation_cost": 28.36014730384919, "completition_cost": 0.0, "overshoot_cost": 50.72002765207585, "power_cost": 18.01989989013672, "noise_cost": 17.546879887290636, "n_waypoints_completed": 9, "tot_waypoints": 9}}
{"target": -682.4612505438811, "params": {"k_pid_pos": [1.4429946572917078, 0.024859491386256316, 0.5435827484623426], "k_pid_alt": [0.1413922119964648, 0.0, 0.06527723447865985], "k_pid_att": [24.0942673894178, 0.18205753750414305, 0.8792759721912583], "k_pid_yaw": [0.5, 1e-06, 0.1], "k_pid_hsp": [0.09847755819799779, 0.011264223901387349, 0.0], "k_pid_vsp": [292.94687076665593, 307.0029666248519, 21.011196465382298]}, "datetime": {"datetime": "2025-08-11 23:11:20", "elapsed": 24359.96044421196, "delta": 30.551817655563354}, "costs": {"total_cost": 682.4612505438811, "time_cost": 150, "final_distance_cost": 70.96370210846362, "oscillation_cost": 23.815414305605533, "completition_cost": 333.33333333333337, "overshoot_cost": 46.936651516941396, "power_cost": 30.334123291015626, "noise_cost": 27.07802598852152, "n_waypoints_completed": 6, "tot_waypoints": 9}}
{"target": -225.31908938160268, "params": {"k_pid_pos": [1.0031316701085804, 0.6099605953006095, 0.40092638265648595], "k_pid_alt": [1.2679502233621702, 0.0, 0.06527723447865985], "k_pid_att": [24.0942673894178, 0.18205753750414305, 0.8792759721912583], "k_pid_yaw": [0.5, 1e-06, 0.1], "k_pid_hsp": [0.09847755819799779, 0.011264223901387349, 0.0], "k_pid_vsp": [292.94687076665593, 307.0029666248519, 21.011196465382298]}, "datetime": {"datetime": "2025-08-11 23:11:42", "elapsed": 24382.161218881607, "delta": 22.200774669647217}, "costs": {"total_cost": 225.31908938160268, "time_cost": 89.705, "final_distance_cost": 1.76887279097059, "oscillation_cost": 33.794077703119335, "completition_cost": 0.0, "overshoot_cost": 54.403232984744776, "power_cost": 23.094962658691408, "noise_cost": 22.552943244076616, "n_waypoints_completed": 9, "tot_waypoints": 9}}
{"target": -1029.5118198294479, "params": {"k_pid_pos": [1.0031316701085804, 0.3438704374213081, 0.40092638265648595], "k_pid_alt": [1.2679502233621702, 0.0, 0.06527723447865985], "k_pid_att": [24.0942673894178, 0.18205753750414305, 0.43397649097612745], "k_pid_yaw": [0.5, 1e-06, 0.1], "k_pid_hsp": [0.09847755819799779, 0.9062593387060004, 0.0], "k_pid_vsp": [292.94687076665593, 307.0029666248519, 21.011196465382298]}, "datetime": {"datetime": "2025-08-11 23:12:13", "elapsed": 24412.617091178894, "delta": 30.455872297286987}, "costs": {"total_cost": 1029.5118198294479, "time_cost": 150, "final_distance_cost": 48.094016276314264, "oscillation_cost": 118.93353842477265, "completition_cost": 555.5555555555555, "overshoot_cost": 87.62410389564263, "power_cost": 35.66677694091797, "noise_cost": 33.63782873624472, "n_waypoints_completed": 4, "tot_waypoints": 9}}
{"target": -184.09452520859787, "params": {"k_pid_pos": [1.0031316701085804, 0.024859491386256316, 0.40092638265648595], "k_pid_alt": [1.2679502233621702, 0.0, 0.06527723447865985], "k_pid_att": [24.0942673894178, 0.18205753750414305, 0.8792759721912583], "k_pid_yaw": [0.5, 1e-06, 0.1], "k_pid_hsp": [0.09847755819799779, 0.011264223901387349, 0.0], "k_pid_vsp": [292.94687076665593, 307.0029666248519, 21.011196465382298]}, "datetime": {"datetime": "2025-08-11 23:12:30", "elapsed": 24430.274527311325, "delta": 17.65743613243103}, "costs": {"total_cost": 184.09452520859787, "time_cost": 70.399, "final_distance_cost": 1.8345096342728806, "oscillation_cost": 26.033560826510698, "completition_cost": 0.0, "overshoot_cost": 50.504236002786485, "power_cost": 17.811746228027346, "noise_cost": 17.511472517000485, "n_waypoints_completed": 9, "tot_waypoints": 9}}
{"target": -811.3278163079307, "params": {"k_pid_pos": [1.0031316701085804, 0.024859491386256316, 0.40092638265648595], "k_pid_alt": [1.7297729984189598, 0.0, 0.06527723447865985], "k_pid_att": [24.0942673894178, 6.766944352677465, 0.8792759721912583], "k_pid_yaw": [0.5, 1e-06, 0.1], "k_pid_hsp": [0.09847755819799779, 0.6870351602694771, 0.0], "k_pid_vsp": [316.2191682070645, 307.0029666248519, 21.011196465382298]}, "datetime": {"datetime": "2025-08-11 23:13:02", "elapsed": 24461.520792245865, "delta": 31.246264934539795}, "costs": {"total_cost": 811.3278163079307, "time_cost": 150, "final_distance_cost": 71.2648354326046, "oscillation_cost": 130.4909691514955, "completition_cost": 333.33333333333337, "overshoot_cost": 57.42748198660869, "power_cost": 35.58860762939453, "noise_cost": 33.22258877449394, "n_waypoints_completed": 6, "tot_waypoints": 9}}
