{"target": -510.8532611224736, "params": {"k_pid_pos": [1.3885554450422086, 0.5811166092209024, 0.19977565166005762], "k_pid_alt": [1.6082490523645254, 0.7154071296158017, 0.7389840039155418], "k_pid_att": [15.35255220546139, 1.378021579924459, 0.05280710140011036], "k_pid_yaw": [0.5, 1e-06, 0.1], "k_pid_hsp": [4.363222965276662, 0.8457969578021425, 0.6522576064658554], "k_pid_vsp": [265.14568510543296, 382.2493028631647, 114.57849146637578]}, "datetime": {"datetime": "2025-08-11 16:59:18", "elapsed": 2038.0278270244598, "delta": 28.19982671737671}, "costs": {"total_cost": 510.8532611224736, "time_cost": 114.07900000000001, "final_distance_cost": 1.7327824725370795, "oscillation_cost": 270.70445787587784, "completition_cost": 0.0, "overshoot_cost": 61.88232315863401, "power_cost": 32.54852701416016, "noise_cost": 29.906170601264453, "n_waypoints_completed": 9, "tot_waypoints": 9}}
{"target": -343.5334732920387, "params": {"k_pid_pos": [1.3125724517510475, 0.036162710494696215, 0.0054298341287004614], "k_pid_alt": [0.10331583402879785, 0.3944815179387544, 0.7389840039155418], "k_pid_att": [13.105775155731326, 1.2376256611230811, 0.9275625510065076], "k_pid_yaw": [0.5, 1e-06, 0.1], "k_pid_hsp": [3.9758421804300244, 0.30094869178093975, 0.28472008233793555], "k_pid_vsp": [61.44535807682345, 46.19602635065192, 8.459207513427996]}, "datetime": {"datetime": "2025-08-11 16:59:43", "elapsed": 2062.739364862442, "delta": 24.711537837982178}, "costs": {"total_cost": 343.5334732920387, "time_cost": 98.96600000000001, "final_distance_cost": 1.744266540394547, "oscillation_cost": 129.24153582133863, "completition_cost": 0.0, "overshoot_cost": 62.65420319293235, "power_cost": 24.88464295654297, "noise_cost": 26.04282478083019, "n_waypoints_completed": 9, "tot_waypoints": 9}}
{"target": -333.33156157680463, "params": {"k_pid_pos": [1.8624793477566346, 0.5811166092209024, 0.19977565166005762], "k_pid_alt": [1.6082490523645254, 0.7154071296158017, 0.7389840039155418], "k_pid_att": [13.105775155731326, 1.2376256611230811, 0.9275625510065076], "k_pid_yaw": [0.5, 1e-06, 0.1], "k_pid_hsp": [4.3672302205847, 0.2145846728195292, 0.40852864372463615], "k_pid_vsp": [341.36122930726646, 93.57579511219681, 23.321097617323666]}, "datetime": {"datetime": "2025-08-11 17:00:06", "elapsed": 2085.715943813324, "delta": 22.976578950881958}, "costs": {"total_cost": 333.33156157680463, "time_cost": 92.589, "final_distance_cost": 1.7397917919241985, "oscillation_cost": 128.3066861166443, "completition_cost": 0.0, "overshoot_cost": 59.46376437835023, "power_cost": 26.11180523681641, "noise_cost": 25.120514053069503, "n_waypoints_completed": 9, "tot_waypoints": 9}}
{"target": -841.9488137679849, "params": {"k_pid_pos": [1.3885554450422086, 0.04925411992759399, 0.3736141384595716], "k_pid_alt": [0.09891827429203137, 0.10167190290371597, 0.8334585537885597], "k_pid_att": [5.196186646510426, 5.945716632147755, 0.0991131415798755], "k_pid_yaw": [0.5, 1e-06, 0.1], "k_pid_hsp": [8.435765158482369, 0.9026531439276171, 0.5957137746857274], "k_pid_vsp": [320.8103521094374, 311.79101652905405, 256.99331075573576]}, "datetime": {"datetime": "2025-08-11 17:00:36", "elapsed": 2115.6847450733185, "delta": 29.968801259994507}, "costs": {"total_cost": 841.9488137679849, "time_cost": 150, "final_distance_cost": 65.38119344454438, "oscillation_cost": 392.17089517851815, "completition_cost": 111.11111111111116, "overshoot_cost": 63.82011192319199, "power_cost": 31.930772399902345, "noise_cost": 27.53472971071676, "n_waypoints_completed": 8, "tot_waypoints": 9}}
{"target": -278.795611872254, "params": {"k_pid_pos": [1.3885554450422086, 0.9460270628173303, 0.2533833538391872], "k_pid_alt": [1.515427128667956, 0.0, 0.949345597264735], "k_pid_att": [39.447728079683905, 3.8677381495188174, 0.21517827462871852], "k_pid_yaw": [0.5, 1e-06, 0.1], "k_pid_hsp": [0.09847755819799779, 0.011264223901387349, 0.0], "k_pid_vsp": [194.7624155113164, 82.79406464935073, 10.0]}, "datetime": {"datetime": "2025-08-11 17:01:03", "elapsed": 2143.371522665024, "delta": 27.686777591705322}, "costs": {"total_cost": 278.795611872254, "time_cost": 109.417, "final_distance_cost": 1.7618276351146347, "oscillation_cost": 52.369321960350575, "completition_cost": 0.0, "overshoot_cost": 57.4674181454731, "power_cost": 29.298946313476563, "noise_cost": 28.481097817839164, "n_waypoints_completed": 9, "tot_waypoints": 9}}
{"target": -535.6609662710918, "params": {"k_pid_pos": [1.9584513449511884, 0.5811166092209024, 0.19977565166005762], "k_pid_alt": [1.6082490523645254, 0.7154071296158017, 0.35736962350205415], "k_pid_att": [82.46641904563413, 3.1034157057733522, 0.14387193297114265], "k_pid_yaw": [0.5, 1e-06, 0.1], "k_pid_hsp": [9.209712627827253, 0.16553172273527816, 0.10740295628857721], "k_pid_vsp": [61.44535807682345, 46.19602635065192, 8.459207513427996]}, "datetime": {"datetime": "2025-08-11 17:01:28", "elapsed": 2167.992177963257, "delta": 24.620655298233032}, "costs": {"total_cost": 535.6609662710918, "time_cost": 98.861, "final_distance_cost": 1.7708591210076785, "oscillation_cost": 320.75220494748737, "completition_cost": 0.0, "overshoot_cost": 59.12618064519276, "power_cost": 27.75166044921875, "noise_cost": 27.399061108185126, "n_waypoints_completed": 9, "tot_waypoints": 9}}
{"target": -863.3418488465204, "params": {"k_pid_pos": [0.8025898018758081, 0.9460270628173303, 0.2533833538391872], "k_pid_alt": [1.0475058974352744, 0.10167190290371597, 0.8334585537885597], "k_pid_att": [5.196186646510426, 5.945716632147755, 0.0991131415798755], "k_pid_yaw": [0.5, 1e-06, 0.1], "k_pid_hsp": [8.435765158482369, 0.9026531439276171, 0.5957137746857274], "k_pid_vsp": [320.8103521094374, 311.79101652905405, 256.99331075573576]}, "datetime": {"datetime": "2025-08-11 17:01:58", "elapsed": 2197.498382091522, "delta": 29.50620412826538}, "costs": {"total_cost": 863.3418488465204, "time_cost": 150, "final_distance_cost": 78.65264110912302, "oscillation_cost": 298.74124126826524, "completition_cost": 222.2222222222222, "overshoot_cost": 52.94589260531697, "power_cost": 32.798923168945315, "noise_cost": 27.980928472647665, "n_waypoints_completed": 7, "tot_waypoints": 9}}
{"target": -195.43368453605947, "params": {"k_pid_pos": [1.8624793477566346, 0.04925411992759399, 0.3736141384595716], "k_pid_alt": [1.515427128667956, 0.0, 0.949345597264735], "k_pid_att": [39.447728079683905, 3.8677381495188174, 0.1845336041603497], "k_pid_yaw": [0.5, 1e-06, 0.1], "k_pid_hsp": [0.09847755819799779, 0.011264223901387349, 0.0], "k_pid_vsp": [194.7624155113164, 20.0, 10.0]}, "datetime": {"datetime": "2025-08-11 17:02:16", "elapsed": 2215.4084095954895, "delta": 17.910027503967285}, "costs": {"total_cost": 195.43368453605947, "time_cost": 72.66, "final_distance_cost": 1.7836723440834565, "oscillation_cost": 32.06229281725077, "completition_cost": 0.0, "overshoot_cost": 51.735593050261144, "power_cost": 18.611649938964845, "noise_cost": 18.580476385499292, "n_waypoints_completed": 9, "tot_waypoints": 9}}
{"target": -568.6777203524189, "params": {"k_pid_pos": [1.849624377781123, 0.16606263241397312, 0.5551980423268247], "k_pid_alt": [1.2679502233621702, 0.7553301727947445, 0.14617324419269828], "k_pid_att": [82.46641904563413, 3.1034157057733522, 0.14387193297114265], "k_pid_yaw": [0.5, 1e-06, 0.1], "k_pid_hsp": [9.209712627827253, 0.16553172273527816, 0.28472008233793555], "k_pid_vsp": [378.2079564087626, 46.19602635065192, 8.459207513427996]}, "datetime": {"datetime": "2025-08-11 17:02:37", "elapsed": 2237.1810369491577, "delta": 21.772627353668213}, "costs": {"total_cost": 568.6777203524189, "time_cost": 85.967, "final_distance_cost": 1.763220011722947, "oscillation_cost": 377.8477522724217, "completition_cost": 0.0, "overshoot_cost": 56.17721404278546, "power_cost": 24.302352001953125, "noise_cost": 22.62018202353555, "n_waypoints_completed": 9, "tot_waypoints": 9}}
{"target": -402.7056303805049, "params": {"k_pid_pos": [1.3885554450422086, 0.038541999323435716, 0.19977565166005762], "k_pid_alt": [1.6082490523645254, 0.7434599612223853, 0.14033959706391264], "k_pid_att": [41.91143193163038, 9.662322498240602, 0.7866497124935993], "k_pid_yaw": [0.5, 1e-06, 0.1], "k_pid_hsp": [9.330238913679953, 0.23285228494370624, 0.4673816015552915], "k_pid_vsp": [313.90537970087496, 7.134714572958311, 43.657599597149975]}, "datetime": {"datetime": "2025-08-11 17:02:59", "elapsed": 2258.397768497467, "delta": 21.216731548309326}, "costs": {"total_cost": 402.7056303805049, "time_cost": 83.979, "final_distance_cost": 1.7744236665635433, "oscillation_cost": 216.81550796555544, "completition_cost": 0.0, "overshoot_cost": 55.17261485835358, "power_cost": 24.214934594726564, "noise_cost": 20.749149295305784, "n_waypoints_completed": 9, "tot_waypoints": 9}}
{"target": -1125.8913459463292, "params": {"k_pid_pos": [1.4698128353043505, 0.20240459312571835, 0.23453515044129858], "k_pid_alt": [1.7214381366517881, 0.13210283730154393, 0.5146293421163498], "k_pid_att": [9.50957482299346, 4.013615439978124, 0.08449321882352023], "k_pid_yaw": [0.5, 1e-06, 0.1], "k_pid_hsp": [9.35940463302399, 0.13740793003780216, 0.9588802459090804], "k_pid_vsp": [320.3536704340387, 237.47280219285963, 313.04964206919465]}, "datetime": {"datetime": "2025-08-11 17:03:34", "elapsed": 2294.084927558899, "delta": 35.687159061431885}, "costs": {"total_cost": 1125.8913459463292, "time_cost": 150, "final_distance_cost": 67.9052369780987, "oscillation_cost": 453.62910553857114, "completition_cost": 333.33333333333337, "overshoot_cost": 58.159416695557006, "power_cost": 33.78220482177735, "noise_cost": 29.08204857899155, "n_waypoints_completed": 6, "tot_waypoints": 9}}
{"target": -534.775362108398, "params": {"k_pid_pos": [1.3885554450422086, 0.5811166092209024, 0.19977565166005762], "k_pid_alt": [1.6082490523645254, 0.7154071296158017, 0.14617324419269828], "k_pid_att": [52.045744376722766, 3.1034157057733522, 0.14387193297114265], "k_pid_yaw": [0.5, 1e-06, 0.1], "k_pid_hsp": [9.209712627827253, 0.16553172273527816, 0.28472008233793555], "k_pid_vsp": [61.44535807682345, 184.69087941207655, 8.459207513427996]}, "datetime": {"datetime": "2025-08-11 17:03:59", "elapsed": 2318.553176879883, "delta": 24.468249320983887}, "costs": {"total_cost": 534.775362108398, "time_cost": 92.043, "final_distance_cost": 1.751381499738158, "oscillation_cost": 333.933073162237, "completition_cost": 0.0, "overshoot_cost": 55.38703321963517, "power_cost": 26.291528540039064, "noise_cost": 25.369345686748606, "n_waypoints_completed": 9, "tot_waypoints": 9}}
{"target": -309.8445107848647, "params": {"k_pid_pos": [1.3125724517510475, 0.036162710494696215, 0.0054298341287004614], "k_pid_alt": [1.6082490523645254, 0.651669467934994, 0.7389840039155418], "k_pid_att": [13.105775155731326, 1.2376256611230811, 0.9275625510065076], "k_pid_yaw": [0.5, 1e-06, 0.1], "k_pid_hsp": [5.346054052817624, 0.2145846728195292, 0.40852864372463615], "k_pid_vsp": [282.31880145179525, 93.57579511219681, 23.321097617323666]}, "datetime": {"datetime": "2025-08-11 17:04:19", "elapsed": 2338.724868297577, "delta": 20.171691417694092}, "costs": {"total_cost": 309.8445107848647, "time_cost": 79.387, "final_distance_cost": 1.7925118833718845, "oscillation_cost": 134.79733400213962, "completition_cost": 0.0, "overshoot_cost": 52.34612498518705, "power_cost": 21.655652075195313, "noise_cost": 19.865887838970863, "n_waypoints_completed": 9, "tot_waypoints": 9}}
{"target": -333.6074153810931, "params": {"k_pid_pos": [1.87175461661196, 0.5811166092209024, 0.19977565166005762], "k_pid_alt": [1.6694153286538718, 0.7154071296158017, 0.7389840039155418], "k_pid_att": [13.105775155731326, 1.378021579924459, 0.9275625510065076], "k_pid_yaw": [0.5, 1e-06, 0.1], "k_pid_hsp": [3.9758421804300244, 0.9687523213615988, 0.4885840453515333], "k_pid_vsp": [265.14568510543296, 382.2493028631647, 114.57849146637578]}, "datetime": {"datetime": "2025-08-11 17:04:42", "elapsed": 2361.7656424045563, "delta": 23.04077410697937}, "costs": {"total_cost": 333.6074153810931, "time_cost": 92.372, "final_distance_cost": 1.746537677117306, "oscillation_cost": 129.18335947633472, "completition_cost": 0.0, "overshoot_cost": 59.613110196029304, "power_cost": 27.06813718261719, "noise_cost": 23.624270848994602, "n_waypoints_completed": 9, "tot_waypoints": 9}}
{"target": -336.2414933420727, "params": {"k_pid_pos": [1.3885554450422086, 0.5811166092209024, 0.19977565166005762], "k_pid_alt": [1.6082490523645254, 0.7154071296158017, 0.7389840039155418], "k_pid_att": [13.105775155731326, 1.2376256611230811, 0.9275625510065076], "k_pid_yaw": [0.5, 1e-06, 0.1], "k_pid_hsp": [4.3672302205847, 0.2145846728195292, 0.40852864372463615], "k_pid_vsp": [341.36122930726646, 93.57579511219681, 23.321097617323666]}, "datetime": {"datetime": "2025-08-11 17:05:04", "elapsed": 2384.2385590076447, "delta": 22.47291660308838}, "costs": {"total_cost": 336.2414933420727, "time_cost": 91.441, "final_distance_cost": 1.7328279701608567, "oscillation_cost": 140.49236230568582, "completition_cost": 0.0, "overshoot_cost": 55.22487717204132, "power_cost": 24.29566083984375, "noise_cost": 23.05476505434098, "n_waypoints_completed": 9, "tot_waypoints": 9}}
{"target": -1080.02514808776, "params": {"k_pid_pos": [0.15496442691235038, 0.5811166092209024, 0.19977565166005762], "k_pid_alt": [1.6082490523645254, 0.7154071296158017, 0.15752334131747947], "k_pid_att": [13.105775155731326, 1.2376256611230811, 0.9275625510065076], "k_pid_yaw": [0.5, 1e-06, 0.1], "k_pid_hsp": [3.9758421804300244, 0.30094869178093975, 0.28472008233793555], "k_pid_vsp": [61.44535807682345, 61.44073386150156, 78.0496972418103]}, "datetime": {"datetime": "2025-08-11 17:05:34", "elapsed": 2414.298679828644, "delta": 30.060120820999146}, "costs": {"total_cost": 1080.02514808776, "time_cost": 150, "final_distance_cost": 45.31525797513941, "oscillation_cost": 212.83429890386537, "completition_cost": 555.5555555555555, "overshoot_cost": 57.153392177489614, "power_cost": 31.53861962890625, "noise_cost": 27.6280238468039, "n_waypoints_completed": 4, "tot_waypoints": 9}}
{"target": -391.05487655773425, "params": {"k_pid_pos": [1.3368390832847643, 0.4710962061431325, 0.5652361064811888], "k_pid_alt": [1.5299977148320512, 0.6347183200005908, 0.5535794006579958], "k_pid_att": [22.592895791678245, 9.597749245839971, 0.9275625510065076], "k_pid_yaw": [0.5, 1e-06, 0.1], "k_pid_hsp": [3.9758421804300244, 0.8457969578021425, 0.4885840453515333], "k_pid_vsp": [265.14568510543296, 382.2493028631647, 114.57849146637578]}, "datetime": {"datetime": "2025-08-11 17:05:54", "elapsed": 2433.78849196434, "delta": 19.48981213569641}, "costs": {"total_cost": 391.05487655773425, "time_cost": 79.051, "final_distance_cost": 1.782866139110765, "oscillation_cost": 217.00622804751316, "completition_cost": 0.0, "overshoot_cost": 51.51781039372723, "power_cost": 22.329961547851564, "noise_cost": 19.367010429531543, "n_waypoints_completed": 9, "tot_waypoints": 9}}
{"target": -195.43368453605947, "params": {"k_pid_pos": [1.8624793477566346, 0.04925411992759399, 0.3736141384595716], "k_pid_alt": [1.515427128667956, 0.0, 0.949345597264735], "k_pid_att": [39.447728079683905, 3.8677381495188174, 0.1845336041603497], "k_pid_yaw": [0.5, 1e-06, 0.1], "k_pid_hsp": [0.09847755819799779, 0.011264223901387349, 0.0], "k_pid_vsp": [194.7624155113164, 20.0, 10.0]}, "datetime": {"datetime": "2025-08-11 17:06:12", "elapsed": 2451.968105316162, "delta": 18.1796133518219}, "costs": {"total_cost": 195.43368453605947, "time_cost": 72.66, "final_distance_cost": 1.7836723440834565, "oscillation_cost": 32.06229281725077, "completition_cost": 0.0, "overshoot_cost": 51.735593050261144, "power_cost": 18.611649938964845, "noise_cost": 18.580476385499292, "n_waypoints_completed": 9, "tot_waypoints": 9}}
{"target": -196.38588095542383, "params": {"k_pid_pos": [1.849624377781123, 0.024859491386256316, 0.44963268842268056], "k_pid_alt": [1.2679502233621702, 0.0, 0.949345597264735], "k_pid_att": [39.447728079683905, 3.8677381495188174, 0.1845336041603497], "k_pid_yaw": [0.5, 1e-06, 0.1], "k_pid_hsp": [0.09847755819799779, 0.011264223901387349, 0.0], "k_pid_vsp": [194.7624155113164, 20.0, 10.0]}, "datetime": {"datetime": "2025-08-11 17:06:31", "elapsed": 2470.4064543247223, "delta": 18.43834900856018}, "costs": {"total_cost": 196.38588095542383, "time_cost": 73.752, "final_distance_cost": 1.821389005665794, "oscillation_cost": 31.300504460684525, "completition_cost": 0.0, "overshoot_cost": 52.15303017847123, "power_cost": 18.777154833984376, "noise_cost": 18.581802476617924, "n_waypoints_completed": 9, "tot_waypoints": 9}}
{"target": -199.41407493390528, "params": {"k_pid_pos": [0.49275800590297264, 0.18848155022322047, 0.17888737446852812], "k_pid_alt": [1.515427128667956, 0.0, 0.949345597264735], "k_pid_att": [39.447728079683905, 3.8677381495188174, 0.1845336041603497], "k_pid_yaw": [0.5, 1e-06, 0.1], "k_pid_hsp": [0.09847755819799779, 0.011264223901387349, 0.0], "k_pid_vsp": [194.7624155113164, 20.0, 10.0]}, "datetime": {"datetime": "2025-08-11 17:06:51", "elapsed": 2490.8520572185516, "delta": 20.445602893829346}, "costs": {"total_cost": 199.41407493390528, "time_cost": 82.138, "final_distance_cost": 1.8306666515134087, "oscillation_cost": 21.810001562287553, "completition_cost": 0.0, "overshoot_cost": 52.731944673443486, "power_cost": 20.621514489746094, "noise_cost": 20.28194755691474, "n_waypoints_completed": 9, "tot_waypoints": 9}}
{"target": -2065.5754616828403, "params": {"k_pid_pos": [1.8624793477566346, 0.04925411992759399, 0.3736141384595716], "k_pid_alt": [1.515427128667956, 0.0, 0.949345597264735], "k_pid_att": [39.447728079683905, 3.8677381495188174, 0.1845336041603497], "k_pid_yaw": [0.5, 1e-06, 0.1], "k_pid_hsp": [0.09847755819799779, 0.011264223901387349, 0.592956631149616], "k_pid_vsp": [194.7624155113164, 20.0, 392.5548405198136]}, "datetime": {"datetime": "2025-08-11 17:07:21", "elapsed": 2520.5487570762634, "delta": 29.696699857711792}, "costs": {"total_cost": 2065.5754616828403, "time_cost": 150, "final_distance_cost": 46.58467085793839, "oscillation_cost": 764.8446855147739, "completition_cost": 1000.0, "overshoot_cost": 40.824557667234856, "power_cost": 34.29463494873047, "noise_cost": 29.026912694162885, "n_waypoints_completed": 0, "tot_waypoints": 9}}
{"target": -194.20070629666932, "params": {"k_pid_pos": [1.849624377781123, 0.024859491386256316, 0.44963268842268056], "k_pid_alt": [1.6444270921876138, 0.0, 0.949345597264735], "k_pid_att": [39.447728079683905, 3.8677381495188174, 0.1845336041603497], "k_pid_yaw": [0.5, 1e-06, 0.1], "k_pid_hsp": [0.09847755819799779, 0.011264223901387349, 0.0], "k_pid_vsp": [194.7624155113164, 20.0, 10.0]}, "datetime": {"datetime": "2025-08-11 17:07:39", "elapsed": 2539.250529050827, "delta": 18.7017719745636}, "costs": {"total_cost": 194.20070629666932, "time_cost": 72.07900000000001, "final_distance_cost": 1.7992656581894846, "oscillation_cost": 31.530464242955567, "completition_cost": 0.0, "overshoot_cost": 52.004463703662175, "power_cost": 18.39171435546875, "noise_cost": 18.395798336393376, "n_waypoints_completed": 9, "tot_waypoints": 9}}
{"target": -405.20237204469254, "params": {"k_pid_pos": [1.3885554450422086, 0.9460270628173303, 0.2533833538391872], "k_pid_alt": [1.515427128667956, 0.0, 0.949345597264735], "k_pid_att": [39.447728079683905, 3.8677381495188174, 0.9275625510065076], "k_pid_yaw": [0.5, 1e-06, 0.1], "k_pid_hsp": [3.9758421804300244, 0.30094869178093975, 0.28472008233793555], "k_pid_vsp": [61.44535807682345, 46.19602635065192, 8.459207513427996]}, "datetime": {"datetime": "2025-08-11 17:08:03", "elapsed": 2562.7116990089417, "delta": 23.461169958114624}, "costs": {"total_cost": 405.20237204469254, "time_cost": 92.848, "final_distance_cost": 1.7701701675619013, "oscillation_cost": 194.47457292360568, "completition_cost": 0.0, "overshoot_cost": 62.843743110648106, "power_cost": 26.43857712402344, "noise_cost": 26.827308718853434, "n_waypoints_completed": 9, "tot_waypoints": 9}}
{"target": -256.57401764956165, "params": {"k_pid_pos": [1.3885554450422086, 0.5811166092209024, 0.19977565166005762], "k_pid_alt": [1.6082490523645254, 0.7154071296158017, 0.7389840039155418], "k_pid_att": [13.799751734790533, 1.2376256611230811, 0.21517827462871852], "k_pid_yaw": [0.5, 1e-06, 0.1], "k_pid_hsp": [0.09847755819799779, 0.011264223901387349, 0.0], "k_pid_vsp": [192.4492407052599, 82.79406464935073, 10.0]}, "datetime": {"datetime": "2025-08-11 17:08:29", "elapsed": 2588.5726475715637, "delta": 25.86094856262207}, "costs": {"total_cost": 256.57401764956165, "time_cost": 102.774, "final_distance_cost": 1.7797498405148413, "oscillation_cost": 43.241990184601995, "completition_cost": 0.0, "overshoot_cost": 56.546054657205644, "power_cost": 26.15154578857422, "noise_cost": 26.080677178664942, "n_waypoints_completed": 9, "tot_waypoints": 9}}
{"target": -386.38689040574775, "params": {"k_pid_pos": [1.849624377781123, 0.024859491386256316, 0.44963268842268056], "k_pid_alt": [1.2679502233621702, 0.0, 0.7389840039155418], "k_pid_att": [15.35255220546139, 1.378021579924459, 0.05280710140011036], "k_pid_yaw": [0.5, 1e-06, 0.1], "k_pid_hsp": [4.363222965276662, 0.8457969578021425, 0.6522576064658554], "k_pid_vsp": [265.14568510543296, 382.2493028631647, 114.57849146637578]}, "datetime": {"datetime": "2025-08-11 17:08:47", "elapsed": 2606.8965611457825, "delta": 18.32391357421875}, "costs": {"total_cost": 386.38689040574775, "time_cost": 74.34, "final_distance_cost": 1.768242729440439, "oscillation_cost": 215.78632099200726, "completition_cost": 0.0, "overshoot_cost": 54.6932758508222, "power_cost": 21.041915844726564, "noise_cost": 18.757134988751243, "n_waypoints_completed": 9, "tot_waypoints": 9}}
