{"target": -193.09973147365778, "params": {"k_pid_pos": [1.0031316701085804, 0.024859491386256316, 0.40092638265648595], "k_pid_alt": [1.2679502233621702, 0.6017481209158007, 0.06527723447865985], "k_pid_att": [69.0263735565004, 0.18205753750414305, 0.8792759721912583], "k_pid_yaw": [0.5, 1e-06, 0.1], "k_pid_hsp": [0.09847755819799779, 0.011264223901387349, 0.0], "k_pid_vsp": [292.94687076665593, 307.0029666248519, 62.564861685850005]}, "datetime": {"datetime": "2025-08-11 22:08:40", "elapsed": 20600.24720263481, "delta": 18.556514024734497}, "costs": {"total_cost": 193.09973147365778, "time_cost": 75.551, "final_distance_cost": 1.7708069377432898, "oscillation_cost": 26.404609186832467, "completition_cost": 0.0, "overshoot_cost": 52.00843006039098, "power_cost": 19.259012109375, "noise_cost": 18.10587317931606, "n_waypoints_completed": 9, "tot_waypoints": 9}}
{"target": -275.9337706624377, "params": {"k_pid_pos": [1.0031316701085804, 0.8954681105093145, 0.40092638265648595], "k_pid_alt": [1.2679502233621702, 0.0, 0.06527723447865985], "k_pid_att": [24.0942673894178, 3.7802132718527557, 0.8792759721912583], "k_pid_yaw": [0.5, 1e-06, 0.1], "k_pid_hsp": [0.09847755819799779, 0.011264223901387349, 0.0], "k_pid_vsp": [292.94687076665593, 384.4918570939374, 21.011196465382298]}, "datetime": {"datetime": "2025-08-11 22:09:09", "elapsed": 20628.488701581955, "delta": 28.241498947143555}, "costs": {"total_cost": 275.9337706624377, "time_cost": 111.321, "final_distance_cost": 1.7654483341845237, "oscillation_cost": 48.73058091130774, "completition_cost": 0.0, "overshoot_cost": 56.09153241364516, "power_cost": 29.446549365234375, "noise_cost": 28.578659638065933, "n_waypoints_completed": 9, "tot_waypoints": 9}}
{"target": -184.6096331035718, "params": {"k_pid_pos": [1.0031316701085804, 0.024859491386256316, 0.40092638265648595], "k_pid_alt": [1.2679502233621702, 0.0, 0.06527723447865985], "k_pid_att": [24.0942673894178, 3.7802132718527557, 0.8792759721912583], "k_pid_yaw": [0.5, 1e-06, 0.1], "k_pid_hsp": [0.09847755819799779, 0.011264223901387349, 0.0], "k_pid_vsp": [292.94687076665593, 307.0029666248519, 21.011196465382298]}, "datetime": {"datetime": "2025-08-11 22:09:27", "elapsed": 20646.5718832016, "delta": 18.083181619644165}, "costs": {"total_cost": 184.6096331035718, "time_cost": 70.371, "final_distance_cost": 1.826750514050659, "oscillation_cost": 26.21391115200998, "completition_cost": 0.0, "overshoot_cost": 50.387778368027064, "power_cost": 18.062739123535156, "noise_cost": 17.74745394594897, "n_waypoints_completed": 9, "tot_waypoints": 9}}
{"target": -204.11185874142777, "params": {"k_pid_pos": [1.0031316701085804, 0.024859491386256316, 0.40092638265648595], "k_pid_alt": [1.2679502233621702, 0.0, 0.06527723447865985], "k_pid_att": [24.0942673894178, 0.18205753750414305, 0.040463079828827464], "k_pid_yaw": [0.5, 1e-06, 0.1], "k_pid_hsp": [0.09847755819799779, 0.011264223901387349, 0.0], "k_pid_vsp": [292.94687076665593, 307.0029666248519, 139.228478617239]}, "datetime": {"datetime": "2025-08-11 22:09:47", "elapsed": 20666.400074243546, "delta": 19.82819104194641}, "costs": {"total_cost": 204.11185874142777, "time_cost": 78.428, "final_distance_cost": 1.8333279348754377, "oscillation_cost": 27.495200258041695, "completition_cost": 0.0, "overshoot_cost": 55.94241454953363, "power_cost": 20.271573596191406, "noise_cost": 20.141342402785593, "n_waypoints_completed": 9, "tot_waypoints": 9}}
{"target": -224.19395900212146, "params": {"k_pid_pos": [1.0031316701085804, 0.024859491386256316, 0.40092638265648595], "k_pid_alt": [1.2679502233621702, 0.6471374812877945, 0.06527723447865985], "k_pid_att": [24.0942673894178, 0.18205753750414305, 0.8792759721912583], "k_pid_yaw": [0.5, 1e-06, 0.1], "k_pid_hsp": [9.493909012881645, 0.011264223901387349, 0.0], "k_pid_vsp": [161.6260857813284, 307.0029666248519, 21.011196465382298]}, "datetime": {"datetime": "2025-08-11 22:10:07", "elapsed": 20686.73434972763, "delta": 20.334275484085083}, "costs": {"total_cost": 224.19395900212146, "time_cost": 78.421, "final_distance_cost": 1.8223916054125109, "oscillation_cost": 53.515409370766335, "completition_cost": 0.0, "overshoot_cost": 51.806224566821264, "power_cost": 19.65811630859375, "noise_cost": 18.97081715052758, "n_waypoints_completed": 9, "tot_waypoints": 9}}
{"target": -189.93860213735675, "params": {"k_pid_pos": [1.0031316701085804, 0.024859491386256316, 0.40092638265648595], "k_pid_alt": [1.2679502233621702, 0.0, 0.06527723447865985], "k_pid_att": [24.0942673894178, 3.7802132718527557, 0.8792759721912583], "k_pid_yaw": [0.5, 1e-06, 0.1], "k_pid_hsp": [0.09847755819799779, 0.011264223901387349, 0.0], "k_pid_vsp": [200.4106445826773, 164.83928767117857, 62.564861685850005]}, "datetime": {"datetime": "2025-08-11 22:10:29", "elapsed": 20708.581964492798, "delta": 21.847614765167236}, "costs": {"total_cost": 189.93860213735675, "time_cost": 73.143, "final_distance_cost": 1.8123434436662056, "oscillation_cost": 25.641112932157444, "completition_cost": 0.0, "overshoot_cost": 52.34255358706682, "power_cost": 18.77273681640625, "noise_cost": 18.226855358060043, "n_waypoints_completed": 9, "tot_waypoints": 9}}
{"target": -190.4243514385464, "params": {"k_pid_pos": [1.0031316701085804, 0.18803970651757562, 0.40092638265648595], "k_pid_alt": [1.2679502233621702, 0.0, 0.06527723447865985], "k_pid_att": [24.0942673894178, 0.18205753750414305, 0.8639692530521021], "k_pid_yaw": [0.5, 1e-06, 0.1], "k_pid_hsp": [0.09847755819799779, 0.011264223901387349, 0.0], "k_pid_vsp": [292.94687076665593, 307.0029666248519, 62.564861685850005]}, "datetime": {"datetime": "2025-08-11 22:10:49", "elapsed": 20728.90273499489, "delta": 20.320770502090454}, "costs": {"total_cost": 190.4243514385464, "time_cost": 73.96900000000001, "final_distance_cost": 1.78772310829225, "oscillation_cost": 26.029515293603353, "completition_cost": 0.0, "overshoot_cost": 51.25337430253038, "power_cost": 18.994731970214843, "noise_cost": 18.390006763905586, "n_waypoints_completed": 9, "tot_waypoints": 9}}
{"target": -184.09452520859787, "params": {"k_pid_pos": [1.0031316701085804, 0.024859491386256316, 0.40092638265648595], "k_pid_alt": [1.2679502233621702, 0.0, 0.06527723447865985], "k_pid_att": [24.0942673894178, 0.18205753750414305, 0.8792759721912583], "k_pid_yaw": [0.5, 1e-06, 0.1], "k_pid_hsp": [0.09847755819799779, 0.011264223901387349, 0.0], "k_pid_vsp": [292.94687076665593, 307.0029666248519, 21.011196465382298]}, "datetime": {"datetime": "2025-08-11 22:11:09", "elapsed": 20748.489695310593, "delta": 19.586960315704346}, "costs": {"total_cost": 184.09452520859787, "time_cost": 70.399, "final_distance_cost": 1.8345096342728806, "oscillation_cost": 26.033560826510698, "completition_cost": 0.0, "overshoot_cost": 50.504236002786485, "power_cost": 17.811746228027346, "noise_cost": 17.511472517000485, "n_waypoints_completed": 9, "tot_waypoints": 9}}
{"target": -184.09452520859787, "params": {"k_pid_pos": [1.0031316701085804, 0.024859491386256316, 0.40092638265648595], "k_pid_alt": [1.2679502233621702, 0.0, 0.06527723447865985], "k_pid_att": [24.0942673894178, 0.18205753750414305, 0.8792759721912583], "k_pid_yaw": [0.5, 1e-06, 0.1], "k_pid_hsp": [0.09847755819799779, 0.011264223901387349, 0.0], "k_pid_vsp": [292.94687076665593, 307.0029666248519, 21.011196465382298]}, "datetime": {"datetime": "2025-08-11 22:11:27", "elapsed": 20767.21996665001, "delta": 18.730271339416504}, "costs": {"total_cost": 184.09452520859787, "time_cost": 70.399, "final_distance_cost": 1.8345096342728806, "oscillation_cost": 26.033560826510698, "completition_cost": 0.0, "overshoot_cost": 50.504236002786485, "power_cost": 17.811746228027346, "noise_cost": 17.511472517000485, "n_waypoints_completed": 9, "tot_waypoints": 9}}
{"target": -184.09452520859787, "params": {"k_pid_pos": [1.0031316701085804, 0.024859491386256316, 0.40092638265648595], "k_pid_alt": [1.2679502233621702, 0.0, 0.06527723447865985], "k_pid_att": [24.0942673894178, 0.18205753750414305, 0.8792759721912583], "k_pid_yaw": [0.5, 1e-06, 0.1], "k_pid_hsp": [0.09847755819799779, 0.011264223901387349, 0.0], "k_pid_vsp": [292.94687076665593, 307.0029666248519, 21.011196465382298]}, "datetime": {"datetime": "2025-08-11 22:11:49", "elapsed": 20789.229427814484, "delta": 22.009461164474487}, "costs": {"total_cost": 184.09452520859787, "time_cost": 70.399, "final_distance_cost": 1.8345096342728806, "oscillation_cost": 26.033560826510698, "completition_cost": 0.0, "overshoot_cost": 50.504236002786485, "power_cost": 17.811746228027346, "noise_cost": 17.511472517000485, "n_waypoints_completed": 9, "tot_waypoints": 9}}
{"target": -212.07147267016379, "params": {"k_pid_pos": [1.9176378968916694, 0.024859491386256316, 0.40092638265648595], "k_pid_alt": [0.3985646879364917, 0.0, 0.06527723447865985], "k_pid_att": [24.0942673894178, 3.7802132718527557, 0.8792759721912583], "k_pid_yaw": [0.5, 1e-06, 0.1], "k_pid_hsp": [0.09847755819799779, 0.011264223901387349, 0.0], "k_pid_vsp": [284.5460512203246, 307.0029666248519, 62.564861685850005]}, "datetime": {"datetime": "2025-08-11 22:12:11", "elapsed": 20811.086171865463, "delta": 21.856744050979614}, "costs": {"total_cost": 212.07147267016379, "time_cost": 82.453, "final_distance_cost": 1.8464090069689465, "oscillation_cost": 34.87293336968801, "completition_cost": 0.0, "overshoot_cost": 51.2109707359246, "power_cost": 21.457435656738284, "noise_cost": 20.230723900843937, "n_waypoints_completed": 9, "tot_waypoints": 9}}
{"target": -1108.5577635474824, "params": {"k_pid_pos": [1.3296566129936354, 0.024859491386256316, 0.40092638265648595], "k_pid_alt": [1.2679502233621702, 0.0, 0.07369721203144775], "k_pid_att": [24.0942673894178, 4.273161054152589, 0.8792759721912583], "k_pid_yaw": [0.5, 1e-06, 0.1], "k_pid_hsp": [0.09847755819799779, 0.011264223901387349, 0.40730312852481476], "k_pid_vsp": [366.07766311739795, 381.5365089319878, 62.564861685850005]}, "datetime": {"datetime": "2025-08-11 22:12:42", "elapsed": 20841.637973070145, "delta": 30.551801204681396}, "costs": {"total_cost": 1108.5577635474824, "time_cost": 150, "final_distance_cost": 70.04722198348148, "oscillation_cost": 417.6511732594617, "completition_cost": 333.33333333333337, "overshoot_cost": 77.9197598694473, "power_cost": 31.910030810546875, "noise_cost": 27.696244291211496, "n_waypoints_completed": 6, "tot_waypoints": 9}}
{"target": -200.70824732604987, "params": {"k_pid_pos": [1.0031316701085804, 0.024859491386256316, 0.028311350137035673], "k_pid_alt": [1.2679502233621702, 0.0, 0.06527723447865985], "k_pid_att": [24.0942673894178, 3.7802132718527557, 0.8792759721912583], "k_pid_yaw": [0.5, 1e-06, 0.1], "k_pid_hsp": [9.890472764092106, 0.011264223901387349, 0.0], "k_pid_vsp": [376.5747392387296, 307.0029666248519, 62.564861685850005]}, "datetime": {"datetime": "2025-08-11 22:12:59", "elapsed": 20859.30274581909, "delta": 17.664772748947144}, "costs": {"total_cost": 200.70824732604987, "time_cost": 69.839, "final_distance_cost": 1.8508413526297336, "oscillation_cost": 42.43697289771515, "completition_cost": 0.0, "overshoot_cost": 49.69539357759607, "power_cost": 18.639492932128906, "noise_cost": 18.24654656598, "n_waypoints_completed": 9, "tot_waypoints": 9}}
{"target": -1447.2679971410334, "params": {"k_pid_pos": [1.0031316701085804, 0.024859491386256316, 0.40092638265648595], "k_pid_alt": [1.2679502233621702, 0.0, 0.06527723447865985], "k_pid_att": [24.0942673894178, 0.18205753750414305, 0.8792759721912583], "k_pid_yaw": [0.5, 1e-06, 0.1], "k_pid_hsp": [0.09847755819799779, 0.011264223901387349, 0.7369236472772692], "k_pid_vsp": [292.94687076665593, 307.0029666248519, 282.7775858945575]}, "datetime": {"datetime": "2025-08-11 22:13:29", "elapsed": 20889.287410736084, "delta": 29.984664916992188}, "costs": {"total_cost": 1447.2679971410334, "time_cost": 150, "final_distance_cost": 49.41045407922784, "oscillation_cost": 423.8576263120422, "completition_cost": 666.6666666666667, "overshoot_cost": 97.89948470711217, "power_cost": 30.928492102050782, "noise_cost": 28.50527327393364, "n_waypoints_completed": 3, "tot_waypoints": 9}}
{"target": -184.57075292658828, "params": {"k_pid_pos": [1.0031316701085804, 0.024859491386256316, 0.40092638265648595], "k_pid_alt": [1.2679502233621702, 0.0, 0.06527723447865985], "k_pid_att": [24.0942673894178, 0.18205753750414305, 0.8792759721912583], "k_pid_yaw": [0.5, 1e-06, 0.1], "k_pid_hsp": [0.09847755819799779, 0.011264223901387349, 0.0], "k_pid_vsp": [292.94687076665593, 307.0029666248519, 62.564861685850005]}, "datetime": {"datetime": "2025-08-11 22:13:47", "elapsed": 20906.495101451874, "delta": 17.207690715789795}, "costs": {"total_cost": 184.57075292658828, "time_cost": 70.63, "final_distance_cost": 1.8307316328506358, "oscillation_cost": 25.35640013277763, "completition_cost": 0.0, "overshoot_cost": 51.06020532799305, "power_cost": 18.050848767089846, "noise_cost": 17.642567065877117, "n_waypoints_completed": 9, "tot_waypoints": 9}}
{"target": -2113.266556926055, "params": {"k_pid_pos": [1.0031316701085804, 0.8397878199680053, 0.40092638265648595], "k_pid_alt": [1.2679502233621702, 0.6017481209158007, 0.06527723447865985], "k_pid_att": [69.0263735565004, 3.7802132718527557, 0.2648407035658359], "k_pid_yaw": [0.5, 1e-06, 0.1], "k_pid_hsp": [0.09847755819799779, 0.011264223901387349, 0.3889668983296899], "k_pid_vsp": [200.4106445826773, 164.83928767117857, 62.564861685850005]}, "datetime": {"datetime": "2025-08-11 22:14:17", "elapsed": 20937.160576581955, "delta": 30.665475130081177}, "costs": {"total_cost": 2113.266556926055, "time_cost": 150, "final_distance_cost": 61.346509104000845, "oscillation_cost": 786.881976178125, "completition_cost": 888.8888888888888, "overshoot_cost": 164.47127052366537, "power_cost": 34.201652673339844, "noise_cost": 27.476259558034993, "n_waypoints_completed": 1, "tot_waypoints": 9}}
{"target": -227.5332758194359, "params": {"k_pid_pos": [1.646111256876908, 0.7277996416202209, 0.8881971977301835], "k_pid_alt": [1.2679502233621702, 0.9503295681368317, 0.06527723447865985], "k_pid_att": [24.0942673894178, 0.18205753750414305, 0.8792759721912583], "k_pid_yaw": [0.5, 1e-06, 0.1], "k_pid_hsp": [0.09847755819799779, 0.011264223901387349, 0.0], "k_pid_vsp": [263.1854405112298, 307.0029666248519, 21.011196465382298]}, "datetime": {"datetime": "2025-08-11 22:14:40", "elapsed": 20959.50802230835, "delta": 22.347445726394653}, "costs": {"total_cost": 227.5332758194359, "time_cost": 89.474, "final_distance_cost": 1.7757882339678586, "oscillation_cost": 36.34517721134736, "completition_cost": 0.0, "overshoot_cost": 55.05049683688888, "power_cost": 23.32855720214844, "noise_cost": 21.559256335083347, "n_waypoints_completed": 9, "tot_waypoints": 9}}
{"target": -1146.4342524070737, "params": {"k_pid_pos": [1.0031316701085804, 0.024859491386256316, 0.40092638265648595], "k_pid_alt": [1.9684601562921853, 0.0, 0.06527723447865985], "k_pid_att": [24.0942673894178, 0.18205753750414305, 0.8792759721912583], "k_pid_yaw": [0.5, 1e-06, 0.1], "k_pid_hsp": [0.09847755819799779, 0.011264223901387349, 0.5006332444869486], "k_pid_vsp": [292.94687076665593, 307.0029666248519, 21.011196465382298]}, "datetime": {"datetime": "2025-08-11 22:15:09", "elapsed": 20989.250289201736, "delta": 29.74226689338684}, "costs": {"total_cost": 1146.4342524070737, "time_cost": 150, "final_distance_cost": 77.06036677142451, "oscillation_cost": 441.85886313365035, "completition_cost": 333.33333333333337, "overshoot_cost": 84.18878126007186, "power_cost": 31.976007666015626, "noise_cost": 28.01690024257798, "n_waypoints_completed": 6, "tot_waypoints": 9}}
{"target": -189.87123499708275, "params": {"k_pid_pos": [1.9176378968916694, 0.024859491386256316, 0.40092638265648595], "k_pid_alt": [1.6319753356852484, 0.0, 0.06527723447865985], "k_pid_att": [24.0942673894178, 0.18205753750414305, 0.8792759721912583], "k_pid_yaw": [0.5, 1e-06, 0.1], "k_pid_hsp": [0.09847755819799779, 0.011264223901387349, 0.0], "k_pid_vsp": [292.94687076665593, 307.0029666248519, 40.70050142659987]}, "datetime": {"datetime": "2025-08-11 22:15:27", "elapsed": 21006.86209177971, "delta": 17.611802577972412}, "costs": {"total_cost": 189.87123499708275, "time_cost": 69.517, "final_distance_cost": 1.8035262988550134, "oscillation_cost": 31.34112386876455, "completition_cost": 0.0, "overshoot_cost": 51.30036807840821, "power_cost": 18.30634510498047, "noise_cost": 17.602871646074494, "n_waypoints_completed": 9, "tot_waypoints": 9}}
{"target": -198.53486716754156, "params": {"k_pid_pos": [0.9203224573796739, 0.024859491386256316, 0.9973388324705817], "k_pid_alt": [1.2679502233621702, 0.0, 0.06527723447865985], "k_pid_att": [24.0942673894178, 7.4108832951548855, 0.6179952950406163], "k_pid_yaw": [0.5, 1e-06, 0.1], "k_pid_hsp": [0.09847755819799779, 0.011264223901387349, 0.0], "k_pid_vsp": [284.5460512203246, 307.0029666248519, 62.564861685850005]}, "datetime": {"datetime": "2025-08-11 22:15:46", "elapsed": 21026.33287024498, "delta": 19.470778465270996}, "costs": {"total_cost": 198.53486716754156, "time_cost": 79.205, "final_distance_cost": 1.8561834956787915, "oscillation_cost": 24.38858861973717, "completition_cost": 0.0, "overshoot_cost": 52.181013957887735, "power_cost": 20.26825518798828, "noise_cost": 20.635825906249607, "n_waypoints_completed": 9, "tot_waypoints": 9}}
{"target": -449.5542831305436, "params": {"k_pid_pos": [1.097674141165482, 0.024859491386256316, 0.40092638265648595], "k_pid_alt": [1.2679502233621702, 0.0, 0.06527723447865985], "k_pid_att": [24.0942673894178, 0.18205753750414305, 0.8792759721912583], "k_pid_yaw": [0.5, 1e-06, 0.1], "k_pid_hsp": [0.09847755819799779, 0.6216069621477621, 0.43279329087118723], "k_pid_vsp": [292.94687076665593, 307.0029666248519, 21.011196465382298]}, "datetime": {"datetime": "2025-08-11 22:16:11", "elapsed": 21050.695015192032, "delta": 24.362144947052002}, "costs": {"total_cost": 449.5542831305436, "time_cost": 96.194, "final_distance_cost": 1.7798800499613603, "oscillation_cost": 233.56543578050648, "completition_cost": 0.0, "overshoot_cost": 67.51015609609364, "power_cost": 26.88374627685547, "noise_cost": 23.621064927126692, "n_waypoints_completed": 9, "tot_waypoints": 9}}
{"target": -1201.5855316451275, "params": {"k_pid_pos": [0.9858569135673503, 0.024859491386256316, 0.40092638265648595], "k_pid_alt": [1.2679502233621702, 0.0, 0.06527723447865985], "k_pid_att": [24.0942673894178, 3.7802132718527557, 0.8792759721912583], "k_pid_yaw": [0.5, 1e-06, 0.1], "k_pid_hsp": [0.09847755819799779, 0.011264223901387349, 0.0], "k_pid_vsp": [200.4106445826773, 307.0029666248519, 167.5812156158074]}, "datetime": {"datetime": "2025-08-11 22:16:41", "elapsed": 21081.253458738327, "delta": 30.558443546295166}, "costs": {"total_cost": 1201.5855316451275, "time_cost": 150, "final_distance_cost": 65.18518601230934, "oscillation_cost": 5.8486354980817525, "completition_cost": 888.8888888888888, "overshoot_cost": 34.947187441028234, "power_cost": 29.578587512207033, "noise_cost": 27.137046292612386, "n_waypoints_completed": 1, "tot_waypoints": 9}}
{"target": -1323.6008250379787, "params": {"k_pid_pos": [1.0031316701085804, 0.024859491386256316, 0.40092638265648595], "k_pid_alt": [1.2679502233621702, 0.0, 0.06527723447865985], "k_pid_att": [24.0942673894178, 3.496443004952719, 0.8792759721912583], "k_pid_yaw": [0.5, 1e-06, 0.1], "k_pid_hsp": [0.09847755819799779, 0.011264223901387349, 0.4597123633359994], "k_pid_vsp": [292.94687076665593, 307.0029666248519, 21.011196465382298]}, "datetime": {"datetime": "2025-08-11 22:17:12", "elapsed": 21111.390541791916, "delta": 30.137083053588867}, "costs": {"total_cost": 1323.6008250379787, "time_cost": 150, "final_distance_cost": 43.21466523403807, "oscillation_cost": 430.143918130405, "completition_cost": 555.5555555555555, "overshoot_cost": 85.22302132211476, "power_cost": 31.575488122558596, "noise_cost": 27.88817667330649, "n_waypoints_completed": 4, "tot_waypoints": 9}}
{"target": -185.14380096383982, "params": {"k_pid_pos": [1.0031316701085804, 0.024859491386256316, 0.40092638265648595], "k_pid_alt": [1.2679502233621702, 0.0, 0.06527723447865985], "k_pid_att": [27.63392213362481, 3.7802132718527557, 0.8792759721912583], "k_pid_yaw": [0.5, 1e-06, 0.1], "k_pid_hsp": [0.09847755819799779, 0.011264223901387349, 0.0], "k_pid_vsp": [376.5747392387296, 307.0029666248519, 62.564861685850005]}, "datetime": {"datetime": "2025-08-11 22:17:29", "elapsed": 21128.86307168007, "delta": 17.472529888153076}, "costs": {"total_cost": 185.14380096383982, "time_cost": 70.602, "final_distance_cost": 1.8149031299586902, "oscillation_cost": 25.680424792421523, "completition_cost": 0.0, "overshoot_cost": 51.08749127857601, "power_cost": 18.198094494628908, "noise_cost": 17.76088726825469, "n_waypoints_completed": 9, "tot_waypoints": 9}}
{"target": -184.77952778387274, "params": {"k_pid_pos": [1.0031316701085804, 0.024859491386256316, 0.40092638265648595], "k_pid_alt": [1.2679502233621702, 0.0, 0.06527723447865985], "k_pid_att": [24.0942673894178, 0.18205753750414305, 0.8792759721912583], "k_pid_yaw": [0.5, 1e-06, 0.1], "k_pid_hsp": [0.09847755819799779, 0.011264223901387349, 0.0], "k_pid_vsp": [284.5460512203246, 307.0029666248519, 62.564861685850005]}, "datetime": {"datetime": "2025-08-11 22:17:47", "elapsed": 21146.580627679825, "delta": 17.71755599975586}, "costs": {"total_cost": 184.77952778387274, "time_cost": 70.651, "final_distance_cost": 1.8297623846387363, "oscillation_cost": 25.271445405627187, "completition_cost": 0.0, "overshoot_cost": 51.11315735388786, "power_cost": 18.20686687011719, "noise_cost": 17.707295769601792, "n_waypoints_completed": 9, "tot_waypoints": 9}}
