{"target": -206.29651529361314, "params": {"k_pid_pos": [1.0031316701085804, 0.37359188225548623, 0.40092638265648595], "k_pid_alt": [1.7297729984189598, 0.7640032503607427, 0.06527723447865985], "k_pid_att": [25.463483275157817, 2.883280065129859, 0.666719676683535], "k_pid_yaw": [0.5, 1e-06, 0.1], "k_pid_hsp": [0.09847755819799779, 0.011264223901387349, 0.0], "k_pid_vsp": [264.9966777379314, 261.48215325333564, 2.77343605205192]}, "datetime": {"datetime": "2025-08-12 04:07:43", "elapsed": 42142.850554943085, "delta": 22.052286624908447}, "costs": {"total_cost": 206.29651529361314, "time_cost": 82.32000000000001, "final_distance_cost": 1.7855463454187468, "oscillation_cost": 29.80382136573433, "completition_cost": 0.0, "overshoot_cost": 52.47332780904844, "power_cost": 16.696479309082033, "noise_cost": 23.21734046432958, "n_waypoints_completed": 9, "tot_waypoints": 9}}
{"target": -186.09009272451382, "params": {"k_pid_pos": [1.0031316701085804, 0.024859491386256316, 0.31521214959827404], "k_pid_alt": [1.7297729984189598, 0.0, 0.9944952565853343], "k_pid_att": [91.95156147363284, 8.592990512376142, 0.666719676683535], "k_pid_yaw": [0.5, 1e-06, 0.1], "k_pid_hsp": [0.09847755819799779, 0.011264223901387349, 0.0], "k_pid_vsp": [371.8706581382205, 304.1795245652576, 2.77343605205192]}, "datetime": {"datetime": "2025-08-12 04:08:02", "elapsed": 42161.39683842659, "delta": 18.54628348350525}, "costs": {"total_cost": 186.09009272451382, "time_cost": 71.617, "final_distance_cost": 1.815085638718417, "oscillation_cost": 26.403509495219648, "completition_cost": 0.0, "overshoot_cost": 50.88351132045055, "power_cost": 14.405286828613281, "noise_cost": 20.96569944151192, "n_waypoints_completed": 9, "tot_waypoints": 9}}
{"target": -251.94050267832034, "params": {"k_pid_pos": [1.0031316701085804, 0.024859491386256316, 0.40092638265648595], "k_pid_alt": [1.7297729984189598, 0.0, 0.06527723447865985], "k_pid_att": [54.227890723214855, 7.978625951804349, 0.666719676683535], "k_pid_yaw": [0.5, 1e-06, 0.1], "k_pid_hsp": [8.246411399521614, 0.011264223901387349, 0.0], "k_pid_vsp": [264.9966777379314, 261.48215325333564, 2.77343605205192]}, "datetime": {"datetime": "2025-08-12 04:08:21", "elapsed": 42181.358194589615, "delta": 19.961356163024902}, "costs": {"total_cost": 251.94050267832034, "time_cost": 73.09400000000001, "final_distance_cost": 1.850300978804839, "oscillation_cost": 87.83973296268037, "completition_cost": 0.0, "overshoot_cost": 50.77244156323507, "power_cost": 16.275195849609375, "noise_cost": 22.108831323990657, "n_waypoints_completed": 9, "tot_waypoints": 9}}
{"target": -224.0847830019658, "params": {"k_pid_pos": [1.9024756402269658, 0.9737616190427607, 0.37255195504867966], "k_pid_alt": [1.9160597436741602, 0.0, 0.06527723447865985], "k_pid_att": [25.463483275157817, 5.859554809351448, 0.666719676683535], "k_pid_yaw": [0.5, 1e-06, 0.1], "k_pid_hsp": [0.09847755819799779, 0.011264223901387349, 0.0], "k_pid_vsp": [264.9966777379314, 304.1795245652576, 2.77343605205192]}, "datetime": {"datetime": "2025-08-12 04:08:44", "elapsed": 42204.07306957245, "delta": 22.714874982833862}, "costs": {"total_cost": 224.0847830019658, "time_cost": 84.427, "final_distance_cost": 1.7746840941389947, "oscillation_cost": 36.949579810422826, "completition_cost": 0.0, "overshoot_cost": 56.427679963288845, "power_cost": 18.87445788574219, "noise_cost": 25.63138124837294, "n_waypoints_completed": 9, "tot_waypoints": 9}}
{"target": -183.63283282482442, "params": {"k_pid_pos": [1.0031316701085804, 0.024859491386256316, 0.40092638265648595], "k_pid_alt": [1.7297729984189598, 0.0, 0.06527723447865985], "k_pid_att": [25.463483275157817, 5.859554809351448, 0.666719676683535], "k_pid_yaw": [0.5, 1e-06, 0.1], "k_pid_hsp": [0.09847755819799779, 0.011264223901387349, 0.0], "k_pid_vsp": [303.00008221409286, 140.03862743104432, 2.77343605205192]}, "datetime": {"datetime": "2025-08-12 04:09:02", "elapsed": 42222.10085272789, "delta": 18.027783155441284}, "costs": {"total_cost": 183.63283282482442, "time_cost": 70.14, "final_distance_cost": 1.8240404984480676, "oscillation_cost": 25.650869710845942, "completition_cost": 0.0, "overshoot_cost": 50.97996690945465, "power_cost": 14.189443969726563, "noise_cost": 20.848511736349195, "n_waypoints_completed": 9, "tot_waypoints": 9}}
{"target": -327.9116979050673, "params": {"k_pid_pos": [1.0031316701085804, 0.024859491386256316, 0.40092638265648595], "k_pid_alt": [1.7297729984189598, 0.0, 0.06527723447865985], "k_pid_att": [37.12179941719916, 1.9360914828558924, 0.666719676683535], "k_pid_yaw": [0.5, 1e-06, 0.1], "k_pid_hsp": [0.09847755819799779, 0.4188489342674864, 0.0], "k_pid_vsp": [264.9966777379314, 261.48215325333564, 2.77343605205192]}, "datetime": {"datetime": "2025-08-12 04:09:28", "elapsed": 42247.68501496315, "delta": 25.58416223526001}, "costs": {"total_cost": 327.9116979050673, "time_cost": 96.453, "final_distance_cost": 1.853704593713332, "oscillation_cost": 116.60974288205708, "completition_cost": 0.0, "overshoot_cost": 58.02470087968495, "power_cost": 25.603788879394532, "noise_cost": 29.36676067021737, "n_waypoints_completed": 9, "tot_waypoints": 9}}
{"target": -210.5541805286936, "params": {"k_pid_pos": [1.0031316701085804, 0.024859491386256316, 0.00015202940505454343], "k_pid_alt": [1.9160597436741602, 0.2604200777612833, 0.06527723447865985], "k_pid_att": [12.43088436511497, 3.5099664417117094, 0.666719676683535], "k_pid_yaw": [0.5, 1e-06, 0.1], "k_pid_hsp": [0.09847755819799779, 0.011264223901387349, 0.0], "k_pid_vsp": [74.77564525577915, 304.1795245652576, 2.77343605205192]}, "datetime": {"datetime": "2025-08-12 04:09:50", "elapsed": 42269.58349633217, "delta": 21.898481369018555}, "costs": {"total_cost": 210.5541805286936, "time_cost": 84.203, "final_distance_cost": 1.797414087325177, "oscillation_cost": 31.87858877626719, "completition_cost": 0.0, "overshoot_cost": 51.68039956351089, "power_cost": 17.141650646972657, "noise_cost": 23.85312745461766, "n_waypoints_completed": 9, "tot_waypoints": 9}}
{"target": -595.554131719465, "params": {"k_pid_pos": [1.0031316701085804, 0.024859491386256316, 0.40092638265648595], "k_pid_alt": [0.19101968534793023, 0.0, 0.34896905729571814], "k_pid_att": [25.463483275157817, 5.859554809351448, 0.666719676683535], "k_pid_yaw": [0.5, 1e-06, 0.1], "k_pid_hsp": [8.745602141776535, 0.011264223901387349, 0.0], "k_pid_vsp": [264.9966777379314, 304.1795245652576, 2.77343605205192]}, "datetime": {"datetime": "2025-08-12 04:10:20", "elapsed": 42299.51949882507, "delta": 29.936002492904663}, "costs": {"total_cost": 595.554131719465, "time_cost": 150, "final_distance_cost": 70.98959042285637, "oscillation_cost": 50.089975291508686, "completition_cost": 222.2222222222222, "overshoot_cost": 46.38462964274165, "power_cost": 22.79186813964844, "noise_cost": 33.07584600048763, "n_waypoints_completed": 7, "tot_waypoints": 9}}
{"target": -183.8528976330799, "params": {"k_pid_pos": [1.0031316701085804, 0.024859491386256316, 0.416330797462678], "k_pid_alt": [1.7297729984189598, 0.0, 0.39442133285224246], "k_pid_att": [25.463483275157817, 3.774725226961977, 0.666719676683535], "k_pid_yaw": [0.5, 1e-06, 0.1], "k_pid_hsp": [0.09847755819799779, 0.011264223901387349, 0.0], "k_pid_vsp": [353.17003117669674, 174.98827989243384, 2.77343605205192]}, "datetime": {"datetime": "2025-08-12 04:10:38", "elapsed": 42317.989795446396, "delta": 18.470296621322632}, "costs": {"total_cost": 183.8528976330799, "time_cost": 70.518, "final_distance_cost": 1.8239943734800461, "oscillation_cost": 25.73734374791161, "completition_cost": 0.0, "overshoot_cost": 50.68957982044831, "power_cost": 14.226222863769532, "noise_cost": 20.857756827470414, "n_waypoints_completed": 9, "tot_waypoints": 9}}
{"target": -1445.1669040877234, "params": {"k_pid_pos": [1.0031316701085804, 0.6065905981880756, 0.40092638265648595], "k_pid_alt": [1.7297729984189598, 0.0, 0.06527723447865985], "k_pid_att": [25.463483275157817, 5.859554809351448, 0.7791897743523201], "k_pid_yaw": [0.5, 1e-06, 0.1], "k_pid_hsp": [0.09847755819799779, 0.011264223901387349, 0.7870259810672217], "k_pid_vsp": [264.9966777379314, 304.1795245652576, 2.77343605205192]}, "datetime": {"datetime": "2025-08-12 04:11:11", "elapsed": 42350.67998981476, "delta": 32.69019436836243}, "costs": {"total_cost": 1445.1669040877234, "time_cost": 150, "final_distance_cost": 41.637415923045786, "oscillation_cost": 515.4959480963845, "completition_cost": 555.5555555555555, "overshoot_cost": 122.44714051156495, "power_cost": 28.8077537109375, "noise_cost": 31.223090290234907, "n_waypoints_completed": 4, "tot_waypoints": 9}}
{"target": -193.10196536010065, "params": {"k_pid_pos": [1.0031316701085804, 0.024859491386256316, 0.9449229903817213], "k_pid_alt": [1.7297729984189598, 0.0, 0.06527723447865985], "k_pid_att": [25.463483275157817, 5.859554809351448, 0.680058006373419], "k_pid_yaw": [0.5, 1e-06, 0.1], "k_pid_hsp": [0.09847755819799779, 0.011264223901387349, 0.0], "k_pid_vsp": [62.17525342689419, 304.1795245652576, 2.77343605205192]}, "datetime": {"datetime": "2025-08-12 04:11:30", "elapsed": 42370.119642972946, "delta": 19.439653158187866}, "costs": {"total_cost": 193.10196536010065, "time_cost": 75.166, "final_distance_cost": 1.8537594784501739, "oscillation_cost": 26.670269091998097, "completition_cost": 0.0, "overshoot_cost": 51.190854813064156, "power_cost": 15.341910131835938, "noise_cost": 22.879171844752296, "n_waypoints_completed": 9, "tot_waypoints": 9}}
{"target": -183.29173873452203, "params": {"k_pid_pos": [1.0031316701085804, 0.024859491386256316, 0.40092638265648595], "k_pid_alt": [1.7297729984189598, 0.0, 0.06527723447865985], "k_pid_att": [25.463483275157817, 5.859554809351448, 0.666719676683535], "k_pid_yaw": [0.5, 1e-06, 0.1], "k_pid_hsp": [0.09847755819799779, 0.011264223901387349, 0.0], "k_pid_vsp": [264.9966777379314, 304.1795245652576, 2.77343605205192]}, "datetime": {"datetime": "2025-08-12 04:11:48", "elapsed": 42387.949941158295, "delta": 17.83029818534851}, "costs": {"total_cost": 183.29173873452203, "time_cost": 69.958, "final_distance_cost": 1.827688998091301, "oscillation_cost": 26.089405561688785, "completition_cost": 0.0, "overshoot_cost": 50.5115138962055, "power_cost": 14.168877612304689, "noise_cost": 20.73625266623174, "n_waypoints_completed": 9, "tot_waypoints": 9}}
{"target": -1449.6789812793018, "params": {"k_pid_pos": [1.0031316701085804, 0.29061992749259713, 0.40092638265648595], "k_pid_alt": [1.7297729984189598, 0.0, 0.2175152931931581], "k_pid_att": [25.463483275157817, 5.859554809351448, 0.666719676683535], "k_pid_yaw": [0.5, 1e-06, 0.1], "k_pid_hsp": [0.09847755819799779, 0.011264223901387349, 0.3019130269473044], "k_pid_vsp": [264.9966777379314, 381.5944454308432, 2.77343605205192]}, "datetime": {"datetime": "2025-08-12 04:12:20", "elapsed": 42419.81828522682, "delta": 31.86834406852722}, "costs": {"total_cost": 1449.6789812793018, "time_cost": 150, "final_distance_cost": 35.86694850605757, "oscillation_cost": 552.2174224892512, "completition_cost": 555.5555555555555, "overshoot_cost": 95.95292675843588, "power_cost": 29.076696191406253, "noise_cost": 31.009431778595182, "n_waypoints_completed": 4, "tot_waypoints": 9}}
{"target": -183.46491489620811, "params": {"k_pid_pos": [1.0031316701085804, 0.024859491386256316, 0.40092638265648595], "k_pid_alt": [1.7297729984189598, 0.0, 0.06527723447865985], "k_pid_att": [25.463483275157817, 1.4953935029224072, 0.666719676683535], "k_pid_yaw": [0.5, 1e-06, 0.1], "k_pid_hsp": [0.09847755819799779, 0.011264223901387349, 0.0], "k_pid_vsp": [264.9966777379314, 304.1795245652576, 2.77343605205192]}, "datetime": {"datetime": "2025-08-12 04:12:37", "elapsed": 42436.987315416336, "delta": 17.16903018951416}, "costs": {"total_cost": 183.46491489620811, "time_cost": 70.0, "final_distance_cost": 1.8268889731565863, "oscillation_cost": 25.85831729008183, "completition_cost": 0.0, "overshoot_cost": 50.74263297838612, "power_cost": 14.182139038085937, "noise_cost": 20.854936616497632, "n_waypoints_completed": 9, "tot_waypoints": 9}}
{"target": -184.3690732191655, "params": {"k_pid_pos": [1.0031316701085804, 0.024859491386256316, 0.40092638265648595], "k_pid_alt": [1.7297729984189598, 0.045049390821834456, 0.921307692212677], "k_pid_att": [37.12179941719916, 1.9360914828558924, 0.666719676683535], "k_pid_yaw": [0.5, 1e-06, 0.1], "k_pid_hsp": [0.09847755819799779, 0.011264223901387349, 0.0], "k_pid_vsp": [264.9966777379314, 304.1795245652576, 2.77343605205192]}, "datetime": {"datetime": "2025-08-12 04:12:57", "elapsed": 42456.61788892746, "delta": 19.630573511123657}, "costs": {"total_cost": 184.3690732191655, "time_cost": 70.84700000000001, "final_distance_cost": 1.8453381168150627, "oscillation_cost": 25.822950946515054, "completition_cost": 0.0, "overshoot_cost": 50.60131062255368, "power_cost": 14.189407763671875, "noise_cost": 21.063065769609835, "n_waypoints_completed": 9, "tot_waypoints": 9}}
{"target": -183.4722591673737, "params": {"k_pid_pos": [1.0031316701085804, 0.024859491386256316, 0.40092638265648595], "k_pid_alt": [1.7297729984189598, 0.0, 0.06527723447865985], "k_pid_att": [25.463483275157817, 1.5839964871973657, 0.666719676683535], "k_pid_yaw": [0.5, 1e-06, 0.1], "k_pid_hsp": [0.09847755819799779, 0.011264223901387349, 0.0], "k_pid_vsp": [264.9966777379314, 304.1795245652576, 2.77343605205192]}, "datetime": {"datetime": "2025-08-12 04:13:14", "elapsed": 42474.12656569481, "delta": 17.508676767349243}, "costs": {"total_cost": 183.4722591673737, "time_cost": 70.0, "final_distance_cost": 1.8263273758279217, "oscillation_cost": 25.86819127131241, "completition_cost": 0.0, "overshoot_cost": 50.741023680252695, "power_cost": 14.190653930664062, "noise_cost": 20.846062909316615, "n_waypoints_completed": 9, "tot_waypoints": 9}}
{"target": -515.8620145272922, "params": {"k_pid_pos": [1.0031316701085804, 0.024859491386256316, 0.40092638265648595], "k_pid_alt": [1.7297729984189598, 0.229763914573474, 0.06527723447865985], "k_pid_att": [25.463483275157817, 1.4953935029224072, 0.666719676683535], "k_pid_yaw": [0.5, 1e-06, 0.1], "k_pid_hsp": [0.09847755819799779, 0.2065634654577695, 0.0], "k_pid_vsp": [264.9966777379314, 304.1795245652576, 2.77343605205192]}, "datetime": {"datetime": "2025-08-12 04:13:47", "elapsed": 42506.38281750679, "delta": 32.2562518119812}, "costs": {"total_cost": 515.8620145272922, "time_cost": 150, "final_distance_cost": 46.600011874244615, "oscillation_cost": 74.08965786030552, "completition_cost": 111.11111111111116, "overshoot_cost": 81.0936024510007, "power_cost": 18.992203491210937, "noise_cost": 33.97542773941927, "n_waypoints_completed": 8, "tot_waypoints": 9}}
{"target": -184.24584647637016, "params": {"k_pid_pos": [1.0031316701085804, 0.0822904257601288, 0.40092638265648595], "k_pid_alt": [1.7297729984189598, 0.0, 0.06527723447865985], "k_pid_att": [25.463483275157817, 5.859554809351448, 0.9808211468183533], "k_pid_yaw": [0.5, 1e-06, 0.1], "k_pid_hsp": [0.09847755819799779, 0.011264223901387349, 0.0], "k_pid_vsp": [264.9966777379314, 304.1795245652576, 2.77343605205192]}, "datetime": {"datetime": "2025-08-12 04:14:06", "elapsed": 42526.33414077759, "delta": 19.95132327079773}, "costs": {"total_cost": 184.24584647637016, "time_cost": 70.686, "final_distance_cost": 1.8056565636432018, "oscillation_cost": 26.066943412079482, "completition_cost": 0.0, "overshoot_cost": 50.39771989655985, "power_cost": 14.394046691894532, "noise_cost": 20.89547991219307, "n_waypoints_completed": 9, "tot_waypoints": 9}}
{"target": -494.59928538599354, "params": {"k_pid_pos": [1.0031316701085804, 0.9873955414795771, 0.40092638265648595], "k_pid_alt": [1.2157923894053295, 0.0, 0.06527723447865985], "k_pid_att": [12.43088436511497, 5.859554809351448, 0.666719676683535], "k_pid_yaw": [0.5, 1e-06, 0.1], "k_pid_hsp": [0.09847755819799779, 0.011264223901387349, 0.0], "k_pid_vsp": [264.9966777379314, 304.1795245652576, 2.77343605205192]}, "datetime": {"datetime": "2025-08-12 04:14:38", "elapsed": 42558.078040361404, "delta": 31.74389958381653}, "costs": {"total_cost": 494.59928538599354, "time_cost": 150, "final_distance_cost": 62.54248091298213, "oscillation_cost": 54.69359410817702, "completition_cost": 111.11111111111116, "overshoot_cost": 55.75127173224158, "power_cost": 26.571270947265628, "noise_cost": 33.929556574216065, "n_waypoints_completed": 8, "tot_waypoints": 9}}
{"target": -183.54416379722971, "params": {"k_pid_pos": [1.0031316701085804, 0.024859491386256316, 0.40092638265648595], "k_pid_alt": [1.9160597436741602, 0.0, 0.06527723447865985], "k_pid_att": [17.70068292225333, 5.859554809351448, 0.666719676683535], "k_pid_yaw": [0.5, 1e-06, 0.1], "k_pid_hsp": [0.09847755819799779, 0.011264223901387349, 0.0], "k_pid_vsp": [238.1261879800935, 304.1795245652576, 2.77343605205192]}, "datetime": {"datetime": "2025-08-12 04:14:55", "elapsed": 42575.058888196945, "delta": 16.98084783554077}, "costs": {"total_cost": 183.54416379722971, "time_cost": 69.923, "final_distance_cost": 1.8378696226543432, "oscillation_cost": 26.213261163931065, "completition_cost": 0.0, "overshoot_cost": 50.60418868442654, "power_cost": 14.222684667968752, "noise_cost": 20.743159658248985, "n_waypoints_completed": 9, "tot_waypoints": 9}}
{"target": -183.78819676783647, "params": {"k_pid_pos": [1.0031316701085804, 0.024859491386256316, 0.40092638265648595], "k_pid_alt": [1.9160597436741602, 0.0, 0.07444874772262577], "k_pid_att": [54.227890723214855, 5.859554809351448, 0.2962482180956587], "k_pid_yaw": [0.5, 1e-06, 0.1], "k_pid_hsp": [0.09847755819799779, 0.011264223901387349, 0.0], "k_pid_vsp": [131.157380286128, 140.03862743104432, 2.77343605205192]}, "datetime": {"datetime": "2025-08-12 04:15:14", "elapsed": 42593.69024324417, "delta": 18.631355047225952}, "costs": {"total_cost": 183.78819676783647, "time_cost": 70.175, "final_distance_cost": 1.8169098233316427, "oscillation_cost": 25.69060436885859, "completition_cost": 0.0, "overshoot_cost": 50.8431499195322, "power_cost": 14.263514074707032, "noise_cost": 20.999018581406993, "n_waypoints_completed": 9, "tot_waypoints": 9}}
{"target": -1108.569010681576, "params": {"k_pid_pos": [1.6397186260693044, 0.19767101818116828, 0.13237539511535457], "k_pid_alt": [1.9160597436741602, 0.24975776312021047, 0.06527723447865985], "k_pid_att": [12.43088436511497, 5.859554809351448, 0.666719676683535], "k_pid_yaw": [0.5, 1e-06, 0.1], "k_pid_hsp": [0.09847755819799779, 0.5272074751296921, 0.0], "k_pid_vsp": [264.9966777379314, 304.1795245652576, 2.77343605205192]}, "datetime": {"datetime": "2025-08-12 04:15:46", "elapsed": 42625.419469833374, "delta": 31.72922658920288}, "costs": {"total_cost": 1108.569010681576, "time_cost": 150, "final_distance_cost": 55.93797795811014, "oscillation_cost": 107.28288519435046, "completition_cost": 666.6666666666667, "overshoot_cost": 59.56914358191904, "power_cost": 33.78145079345703, "noise_cost": 35.3308864870725, "n_waypoints_completed": 3, "tot_waypoints": 9}}
{"target": -184.0110718977596, "params": {"k_pid_pos": [1.0031316701085804, 0.024859491386256316, 0.40092638265648595], "k_pid_alt": [1.7297729984189598, 0.0, 0.06527723447865985], "k_pid_att": [37.12179941719916, 1.9360914828558924, 0.666719676683535], "k_pid_yaw": [0.5, 1e-06, 0.1], "k_pid_hsp": [0.09847755819799779, 0.011264223901387349, 0.0], "k_pid_vsp": [93.65012360586942, 304.1795245652576, 2.77343605205192]}, "datetime": {"datetime": "2025-08-12 04:16:03", "elapsed": 42642.58141684532, "delta": 17.161947011947632}, "costs": {"total_cost": 184.0110718977596, "time_cost": 69.958, "final_distance_cost": 1.8175802616111814, "oscillation_cost": 26.507162685346078, "completition_cost": 0.0, "overshoot_cost": 50.67754044876256, "power_cost": 14.425541772460939, "noise_cost": 20.62524672957883, "n_waypoints_completed": 9, "tot_waypoints": 9}}
{"target": -201.51852770873444, "params": {"k_pid_pos": [1.0031316701085804, 0.024859491386256316, 0.40092638265648595], "k_pid_alt": [1.7297729984189598, 0.0, 0.06527723447865985], "k_pid_att": [25.463483275157817, 5.859554809351448, 0.666719676683535], "k_pid_yaw": [0.5, 1e-06, 0.1], "k_pid_hsp": [0.09847755819799779, 0.011264223901387349, 0.0], "k_pid_vsp": [264.9966777379314, 304.1795245652576, 134.18887080171567]}, "datetime": {"datetime": "2025-08-12 04:16:25", "elapsed": 42664.89173388481, "delta": 22.310317039489746}, "costs": {"total_cost": 201.51852770873444, "time_cost": 78.295, "final_distance_cost": 1.8296809753395764, "oscillation_cost": 25.71086046701884, "completition_cost": 0.0, "overshoot_cost": 55.445293516479914, "power_cost": 20.114126098632813, "noise_cost": 20.12356665126329, "n_waypoints_completed": 9, "tot_waypoints": 9}}
{"target": -385.7193257481942, "params": {"k_pid_pos": [1.0031316701085804, 0.7323733489896951, 0.49838956840353354], "k_pid_alt": [1.9160597436741602, 0.0, 0.20116253882959134], "k_pid_att": [13.107192077287921, 0.5364822422922942, 0.666719676683535], "k_pid_yaw": [0.5, 1e-06, 0.1], "k_pid_hsp": [4.250673906138699, 0.011264223901387349, 0.6388775990814546], "k_pid_vsp": [264.9966777379314, 140.03862743104432, 2.77343605205192]}, "datetime": {"datetime": "2025-08-12 04:16:48", "elapsed": 42688.212191820145, "delta": 23.320457935333252}, "costs": {"total_cost": 385.7193257481942, "time_cost": 92.078, "final_distance_cost": 1.7734221636904386, "oscillation_cost": 191.86046467802643, "completition_cost": 0.0, "overshoot_cost": 52.42799221282971, "power_cost": 21.465102294921877, "noise_cost": 26.114344398725777, "n_waypoints_completed": 9, "tot_waypoints": 9}}
