{"target": -187.6050637468399, "params": {"k_pid_pos": [1.8624793477566346, 0.04925411992759399, 0.964013702359797], "k_pid_alt": [1.515427128667956, 0.0, 0.06527723447865985], "k_pid_att": [58.989274729095186, 3.8677381495188174, 0.1845336041603497], "k_pid_yaw": [0.5, 1e-06, 0.1], "k_pid_hsp": [0.09847755819799779, 0.011264223901387349, 0.0], "k_pid_vsp": [194.7624155113164, 307.0029666248519, 10.0]}, "datetime": {"datetime": "2025-08-11 18:21:27", "elapsed": 6966.8698654174805, "delta": 19.950889825820923}, "costs": {"total_cost": 187.6050637468399, "time_cost": 69.419, "final_distance_cost": 1.8204686779356232, "oscillation_cost": 30.026855684030405, "completition_cost": 0.0, "overshoot_cost": 50.780233547949045, "power_cost": 17.809414880371094, "noise_cost": 17.749090956553747, "n_waypoints_completed": 9, "tot_waypoints": 9}}
{"target": -227.071835929075, "params": {"k_pid_pos": [1.3885554450422086, 0.024859491386256316, 0.007456431423803034], "k_pid_alt": [1.2679502233621702, 0.5247951503334181, 0.9495727706536599], "k_pid_att": [39.447728079683905, 3.8677381495188174, 0.2787101805563399], "k_pid_yaw": [0.5, 1e-06, 0.1], "k_pid_hsp": [0.09847755819799779, 0.011264223901387349, 0.0], "k_pid_vsp": [194.7624155113164, 139.20520652041523, 10.0]}, "datetime": {"datetime": "2025-08-11 18:21:51", "elapsed": 6990.984931468964, "delta": 24.115066051483154}, "costs": {"total_cost": 227.071835929075, "time_cost": 89.81, "final_distance_cost": 1.7539814679680303, "oscillation_cost": 36.37809425161331, "completition_cost": 0.0, "overshoot_cost": 54.110561976350944, "power_cost": 22.6711861328125, "noise_cost": 22.348012100330234, "n_waypoints_completed": 9, "tot_waypoints": 9}}
{"target": -1714.7062696224211, "params": {"k_pid_pos": [1.3885554450422086, 0.024859491386256316, 0.855962508813682], "k_pid_alt": [1.2679502233621702, 0.0, 0.949345597264735], "k_pid_att": [39.447728079683905, 3.8677381495188174, 0.1845336041603497], "k_pid_yaw": [0.5, 1e-06, 0.1], "k_pid_hsp": [0.09847755819799779, 0.011264223901387349, 0.16861876183156788], "k_pid_vsp": [257.9492458711449, 307.0029666248519, 10.0]}, "datetime": {"datetime": "2025-08-11 18:22:21", "elapsed": 7021.195560216904, "delta": 30.210628747940063}, "costs": {"total_cost": 1714.7062696224211, "time_cost": 150, "final_distance_cost": 36.02559100275513, "oscillation_cost": 810.8433150674266, "completition_cost": 555.5555555555555, "overshoot_cost": 99.13911281356015, "power_cost": 32.863737182617186, "noise_cost": 30.278958000506435, "n_waypoints_completed": 4, "tot_waypoints": 9}}
{"target": -191.61522418535108, "params": {"k_pid_pos": [1.849624377781123, 0.024859491386256316, 0.44963268842268056], "k_pid_alt": [1.515427128667956, 0.0, 0.18431000208985737], "k_pid_att": [17.813414374173632, 3.8677381495188174, 0.1845336041603497], "k_pid_yaw": [0.5, 1e-06, 0.1], "k_pid_hsp": [0.09847755819799779, 0.011264223901387349, 0.0], "k_pid_vsp": [175.8349501205355, 20.0, 10.0]}, "datetime": {"datetime": "2025-08-11 18:22:39", "elapsed": 7038.8919105529785, "delta": 17.69635033607483}, "costs": {"total_cost": 191.61522418535108, "time_cost": 70.518, "final_distance_cost": 1.8043068173062784, "oscillation_cost": 31.240627000896737, "completition_cost": 0.0, "overshoot_cost": 51.89968802487329, "power_cost": 17.99729725341797, "noise_cost": 18.155305088856817, "n_waypoints_completed": 9, "tot_waypoints": 9}}
{"target": -192.1961682957675, "params": {"k_pid_pos": [1.8624793477566346, 0.04925411992759399, 0.964013702359797], "k_pid_alt": [1.515427128667956, 0.0, 0.9495727706536599], "k_pid_att": [39.447728079683905, 3.6888469195366334, 0.1845336041603497], "k_pid_yaw": [0.5, 1e-06, 0.1], "k_pid_hsp": [0.09847755819799779, 0.011264223901387349, 0.0], "k_pid_vsp": [194.7624155113164, 20.0, 10.0]}, "datetime": {"datetime": "2025-08-11 18:22:57", "elapsed": 7056.827286243439, "delta": 17.935375690460205}, "costs": {"total_cost": 192.1961682957675, "time_cost": 72.527, "final_distance_cost": 1.837994428653313, "oscillation_cost": 29.073063543977522, "completition_cost": 0.0, "overshoot_cost": 51.81788579191255, "power_cost": 18.408894274902345, "noise_cost": 18.531330256321773, "n_waypoints_completed": 9, "tot_waypoints": 9}}
{"target": -218.09205245181647, "params": {"k_pid_pos": [1.8624793477566346, 0.7600717815435403, 0.3736141384595716], "k_pid_alt": [1.2288065021286403, 0.0, 0.18431000208985737], "k_pid_att": [39.447728079683905, 3.8677381495188174, 0.2787101805563399], "k_pid_yaw": [0.5, 1e-06, 0.1], "k_pid_hsp": [0.09847755819799779, 0.011264223901387349, 0.0], "k_pid_vsp": [194.7624155113164, 139.20520652041523, 10.0]}, "datetime": {"datetime": "2025-08-11 18:23:18", "elapsed": 7077.60675907135, "delta": 20.779472827911377}, "costs": {"total_cost": 218.09205245181647, "time_cost": 81.886, "final_distance_cost": 1.7763070401747008, "oscillation_cost": 37.3832420209536, "completition_cost": 0.0, "overshoot_cost": 54.54494394186418, "power_cost": 21.405274096679687, "noise_cost": 21.096285352144317, "n_waypoints_completed": 9, "tot_waypoints": 9}}
{"target": -187.33969831323913, "params": {"k_pid_pos": [1.3885554450422086, 0.024859491386256316, 0.44963268842268056], "k_pid_alt": [1.2679502233621702, 0.0, 0.06527723447865985], "k_pid_att": [43.948176657889235, 3.8677381495188174, 0.1845336041603497], "k_pid_yaw": [0.5, 1e-06, 0.1], "k_pid_hsp": [0.09847755819799779, 0.011264223901387349, 0.0], "k_pid_vsp": [194.7624155113164, 307.0029666248519, 10.0]}, "datetime": {"datetime": "2025-08-11 18:23:36", "elapsed": 7095.392749071121, "delta": 17.785989999771118}, "costs": {"total_cost": 187.33969831323913, "time_cost": 69.776, "final_distance_cost": 1.8042343509353995, "oscillation_cost": 29.30808602570452, "completition_cost": 0.0, "overshoot_cost": 50.90684428807043, "power_cost": 17.843096728515626, "noise_cost": 17.701436920013155, "n_waypoints_completed": 9, "tot_waypoints": 9}}
{"target": -187.85513214867777, "params": {"k_pid_pos": [1.3885554450422086, 0.03988560271314401, 0.44963268842268056], "k_pid_alt": [1.2679502233621702, 0.0, 0.06527723447865985], "k_pid_att": [58.989274729095186, 3.8677381495188174, 0.1845336041603497], "k_pid_yaw": [0.5, 1e-06, 0.1], "k_pid_hsp": [0.09847755819799779, 0.011264223901387349, 0.0], "k_pid_vsp": [194.7624155113164, 307.0029666248519, 10.0]}, "datetime": {"datetime": "2025-08-11 18:23:53", "elapsed": 7112.5985271930695, "delta": 17.205778121948242}, "costs": {"total_cost": 187.85513214867777, "time_cost": 69.818, "final_distance_cost": 1.8145837288335318, "oscillation_cost": 29.694013350046284, "completition_cost": 0.0, "overshoot_cost": 50.95434930598372, "power_cost": 17.48868956298828, "noise_cost": 18.085496200825965, "n_waypoints_completed": 9, "tot_waypoints": 9}}
{"target": -189.3678304732623, "params": {"k_pid_pos": [1.3885554450422086, 0.024859491386256316, 0.44963268842268056], "k_pid_alt": [1.2679502233621702, 0.0, 0.18431000208985737], "k_pid_att": [17.813414374173632, 3.8677381495188174, 0.3366070335655168], "k_pid_yaw": [0.5, 1e-06, 0.1], "k_pid_hsp": [0.09847755819799779, 0.011264223901387349, 0.0], "k_pid_vsp": [194.7624155113164, 20.0, 10.0]}, "datetime": {"datetime": "2025-08-11 18:24:11", "elapsed": 7130.402040243149, "delta": 17.803513050079346}, "costs": {"total_cost": 189.3678304732623, "time_cost": 71.08500000000001, "final_distance_cost": 1.8250948196531038, "oscillation_cost": 28.59759412389225, "completition_cost": 0.0, "overshoot_cost": 51.4459430091463, "power_cost": 18.148191516113283, "noise_cost": 18.266007004457336, "n_waypoints_completed": 9, "tot_waypoints": 9}}
{"target": -250.95756418847535, "params": {"k_pid_pos": [1.3885554450422086, 0.024859491386256316, 0.17439171782304852], "k_pid_alt": [0.38422844849842264, 0.5042103016788663, 0.18431000208985737], "k_pid_att": [17.813414374173632, 3.8677381495188174, 0.6738911544076371], "k_pid_yaw": [0.5, 1e-06, 0.1], "k_pid_hsp": [8.661717691134358, 0.5304751232566325, 0.0], "k_pid_vsp": [194.7624155113164, 20.0, 10.0]}, "datetime": {"datetime": "2025-08-11 18:24:33", "elapsed": 7153.228591918945, "delta": 22.82655167579651}, "costs": {"total_cost": 250.95756418847535, "time_cost": 92.70100000000001, "final_distance_cost": 1.7572933844123773, "oscillation_cost": 51.443815712287154, "completition_cost": 0.0, "overshoot_cost": 58.32664053179327, "power_cost": 23.837959570312503, "noise_cost": 22.890854989670025, "n_waypoints_completed": 9, "tot_waypoints": 9}}
{"target": -551.015944414548, "params": {"k_pid_pos": [1.3885554450422086, 0.024859491386256316, 0.44963268842268056], "k_pid_alt": [1.2679502233621702, 0.0, 0.06527723447865985], "k_pid_att": [58.989274729095186, 3.8677381495188174, 0.1845336041603497], "k_pid_yaw": [0.5, 1e-06, 0.1], "k_pid_hsp": [0.520982540819403, 0.011264223901387349, 0.07318069058095955], "k_pid_vsp": [194.7624155113164, 307.0029666248519, 10.0]}, "datetime": {"datetime": "2025-08-11 18:24:53", "elapsed": 7172.987046003342, "delta": 19.758454084396362}, "costs": {"total_cost": 551.015944414548, "time_cost": 81.837, "final_distance_cost": 1.8006454407994468, "oscillation_cost": 369.50757741494317, "completition_cost": 0.0, "overshoot_cost": 52.382904053668575, "power_cost": 22.882222888183595, "noise_cost": 22.60559461695325, "n_waypoints_completed": 9, "tot_waypoints": 9}}
{"target": -201.1285387025606, "params": {"k_pid_pos": [1.3885554450422086, 0.024859491386256316, 0.44963268842268056], "k_pid_alt": [1.1302962253917743, 0.29284683925470867, 0.8361997509577753], "k_pid_att": [19.462821160492226, 4.138056718860487, 0.1029313237952636], "k_pid_yaw": [0.5, 1e-06, 0.1], "k_pid_hsp": [0.09847755819799779, 0.011264223901387349, 0.0], "k_pid_vsp": [77.18977670713754, 139.20520652041523, 10.0]}, "datetime": {"datetime": "2025-08-11 18:25:13", "elapsed": 7192.47717666626, "delta": 19.49013066291809}, "costs": {"total_cost": 201.1285387025606, "time_cost": 77.686, "final_distance_cost": 1.7813225825623487, "oscillation_cost": 31.762168747762104, "completition_cost": 0.0, "overshoot_cost": 51.17866940030248, "power_cost": 19.39689268798828, "noise_cost": 19.323485283945377, "n_waypoints_completed": 9, "tot_waypoints": 9}}
{"target": -200.60168254494056, "params": {"k_pid_pos": [1.3885554450422086, 0.024859491386256316, 0.44963268842268056], "k_pid_alt": [1.2679502233621702, 0.0, 0.06527723447865985], "k_pid_att": [17.813414374173632, 3.8677381495188174, 0.48922906718999004], "k_pid_yaw": [0.5, 1e-06, 0.1], "k_pid_hsp": [6.779068060256637, 0.011264223901387349, 0.0], "k_pid_vsp": [194.7624155113164, 20.0, 10.0]}, "datetime": {"datetime": "2025-08-11 18:25:30", "elapsed": 7209.878670692444, "delta": 17.401494026184082}, "costs": {"total_cost": 200.60168254494056, "time_cost": 70.96600000000001, "final_distance_cost": 1.8485110188972618, "oscillation_cost": 39.255239598742875, "completition_cost": 0.0, "overshoot_cost": 51.190091542912995, "power_cost": 17.525291040039065, "noise_cost": 19.816549344348335, "n_waypoints_completed": 9, "tot_waypoints": 9}}
{"target": -215.139777226585, "params": {"k_pid_pos": [1.3885554450422086, 0.258121499649558, 0.44963268842268056], "k_pid_alt": [1.2679502233621702, 0.0, 0.18431000208985737], "k_pid_att": [58.989274729095186, 3.8677381495188174, 0.1845336041603497], "k_pid_yaw": [0.5, 1e-06, 0.1], "k_pid_hsp": [0.09847755819799779, 0.011264223901387349, 0.0], "k_pid_vsp": [194.7624155113164, 307.0029666248519, 131.1523689840326]}, "datetime": {"datetime": "2025-08-11 18:25:50", "elapsed": 7230.2160494327545, "delta": 20.33737874031067}, "costs": {"total_cost": 215.139777226585, "time_cost": 83.608, "final_distance_cost": 1.7957022367601456, "oscillation_cost": 30.750070285635378, "completition_cost": 0.0, "overshoot_cost": 57.42535942022093, "power_cost": 21.851809045410157, "noise_cost": 19.708836238558366, "n_waypoints_completed": 9, "tot_waypoints": 9}}
{"target": -191.19811577598063, "params": {"k_pid_pos": [1.4340672435785011, 0.04925411992759399, 0.3736141384595716], "k_pid_alt": [1.515427128667956, 0.0, 0.5115311366376475], "k_pid_att": [39.447728079683905, 5.9521973635976435, 0.1845336041603497], "k_pid_yaw": [0.5, 1e-06, 0.1], "k_pid_hsp": [0.09847755819799779, 0.011264223901387349, 0.0], "k_pid_vsp": [194.7624155113164, 20.0, 10.0]}, "datetime": {"datetime": "2025-08-11 18:26:08", "elapsed": 7248.364421606064, "delta": 18.148372173309326}, "costs": {"total_cost": 191.19811577598063, "time_cost": 71.46300000000001, "final_distance_cost": 1.8115683885519804, "oscillation_cost": 29.67549543524741, "completition_cost": 0.0, "overshoot_cost": 51.7595758911567, "power_cost": 17.74848621826172, "noise_cost": 18.739989842762814, "n_waypoints_completed": 9, "tot_waypoints": 9}}
{"target": -187.20341953608641, "params": {"k_pid_pos": [1.3885554450422086, 0.024859491386256316, 0.44963268842268056], "k_pid_alt": [1.2679502233621702, 0.0, 0.18431000208985737], "k_pid_att": [17.813414374173632, 3.8677381495188174, 0.3366070335655168], "k_pid_yaw": [0.5, 1e-06, 0.1], "k_pid_hsp": [0.09847755819799779, 0.011264223901387349, 0.0], "k_pid_vsp": [194.7624155113164, 221.6078012742647, 10.0]}, "datetime": {"datetime": "2025-08-11 18:26:26", "elapsed": 7266.080314397812, "delta": 17.715892791748047}, "costs": {"total_cost": 187.20341953608641, "time_cost": 70.0, "final_distance_cost": 1.8029743588701572, "oscillation_cost": 29.084117021512032, "completition_cost": 0.0, "overshoot_cost": 50.37260909415488, "power_cost": 18.095234570312503, "noise_cost": 17.84848449123687, "n_waypoints_completed": 9, "tot_waypoints": 9}}
{"target": -341.67102923688924, "params": {"k_pid_pos": [1.8624793477566346, 0.024859491386256316, 0.44963268842268056], "k_pid_alt": [1.2679502233621702, 0.0, 0.06527723447865985], "k_pid_att": [58.989274729095186, 3.8677381495188174, 0.1845336041603497], "k_pid_yaw": [0.5, 1e-06, 0.1], "k_pid_hsp": [9.179433221978535, 0.011264223901387349, 0.0], "k_pid_vsp": [253.67328615807344, 307.0029666248519, 58.10898780114173]}, "datetime": {"datetime": "2025-08-11 18:26:43", "elapsed": 7282.985554456711, "delta": 16.905240058898926}, "costs": {"total_cost": 341.67102923688924, "time_cost": 69.118, "final_distance_cost": 1.815672645932357, "oscillation_cost": 181.23587356869427, "completition_cost": 0.0, "overshoot_cost": 50.683088810220035, "power_cost": 20.494922961425782, "noise_cost": 18.323471250616755, "n_waypoints_completed": 9, "tot_waypoints": 9}}
{"target": -189.29357101324948, "params": {"k_pid_pos": [1.3885554450422086, 0.04925411992759399, 0.964013702359797], "k_pid_alt": [1.515427128667956, 0.0, 0.9495727706536599], "k_pid_att": [39.447728079683905, 3.8677381495188174, 0.2787101805563399], "k_pid_yaw": [0.5, 1e-06, 0.1], "k_pid_hsp": [0.09847755819799779, 0.011264223901387349, 0.0], "k_pid_vsp": [194.7624155113164, 139.20520652041523, 10.0]}, "datetime": {"datetime": "2025-08-11 18:27:01", "elapsed": 7300.95353269577, "delta": 17.96797823905945}, "costs": {"total_cost": 189.29357101324948, "time_cost": 72.807, "final_distance_cost": 1.8342847186645486, "oscillation_cost": 26.845365785936654, "completition_cost": 0.0, "overshoot_cost": 51.06694507211634, "power_cost": 17.985508435058595, "noise_cost": 18.754467001473337, "n_waypoints_completed": 9, "tot_waypoints": 9}}
{"target": -218.55288109333333, "params": {"k_pid_pos": [1.4340672435785011, 0.7234095031624597, 0.3736141384595716], "k_pid_alt": [1.515427128667956, 0.0, 0.5115311366376475], "k_pid_att": [39.447728079683905, 5.9521973635976435, 0.1845336041603497], "k_pid_yaw": [0.5, 1e-06, 0.1], "k_pid_hsp": [0.09847755819799779, 0.011264223901387349, 0.0], "k_pid_vsp": [194.7624155113164, 336.89689932622207, 10.0]}, "datetime": {"datetime": "2025-08-11 18:27:23", "elapsed": 7322.420225858688, "delta": 21.46669316291809}, "costs": {"total_cost": 218.55288109333333, "time_cost": 83.104, "final_distance_cost": 1.7164549598713945, "oscillation_cost": 36.430076096894005, "completition_cost": 0.0, "overshoot_cost": 54.088046134484166, "power_cost": 21.860145935058593, "noise_cost": 21.35415796702518, "n_waypoints_completed": 9, "tot_waypoints": 9}}
{"target": -1972.7453272234216, "params": {"k_pid_pos": [1.4340672435785011, 0.1421860130150272, 0.44963268842268056], "k_pid_alt": [1.296896341175293, 0.0, 0.3146878632891922], "k_pid_att": [39.447728079683905, 3.8677381495188174, 0.1845336041603497], "k_pid_yaw": [0.5, 1e-06, 0.1], "k_pid_hsp": [0.09847755819799779, 0.011264223901387349, 0.597335918711443], "k_pid_vsp": [194.7624155113164, 20.0, 10.0]}, "datetime": {"datetime": "2025-08-11 18:27:53", "elapsed": 7352.5378885269165, "delta": 30.11766266822815}, "costs": {"total_cost": 1972.7453272234216, "time_cost": 150, "final_distance_cost": 74.50300636188211, "oscillation_cost": 829.5784874035513, "completition_cost": 777.7777777777778, "overshoot_cost": 77.31837772817104, "power_cost": 33.17381422119141, "noise_cost": 30.3938637308478, "n_waypoints_completed": 2, "tot_waypoints": 9}}
{"target": -206.77211127593333, "params": {"k_pid_pos": [1.8624793477566346, 0.04925411992759399, 0.964013702359797], "k_pid_alt": [1.515427128667956, 0.19076095246666414, 0.9495727706536599], "k_pid_att": [39.447728079683905, 3.8677381495188174, 0.2787101805563399], "k_pid_yaw": [0.5, 1e-06, 0.1], "k_pid_hsp": [0.09847755819799779, 0.011264223901387349, 0.0], "k_pid_vsp": [194.7624155113164, 307.0029666248519, 10.0]}, "datetime": {"datetime": "2025-08-11 18:28:13", "elapsed": 7373.198616743088, "delta": 20.660728216171265}, "costs": {"total_cost": 206.77211127593333, "time_cost": 81.641, "final_distance_cost": 1.7594429266122773, "oscillation_cost": 31.545090698972754, "completition_cost": 0.0, "overshoot_cost": 51.3887859300475, "power_cost": 20.720592028808596, "noise_cost": 19.717199691492187, "n_waypoints_completed": 9, "tot_waypoints": 9}}
{"target": -211.9046958831652, "params": {"k_pid_pos": [1.3885554450422086, 0.6818167256463189, 0.44963268842268056], "k_pid_alt": [1.2679502233621702, 0.0, 0.06527723447865985], "k_pid_att": [58.989274729095186, 3.8677381495188174, 0.1845336041603497], "k_pid_yaw": [0.5, 1e-06, 0.1], "k_pid_hsp": [0.09847755819799779, 0.011264223901387349, 0.0], "k_pid_vsp": [194.7624155113164, 139.20520652041523, 10.0]}, "datetime": {"datetime": "2025-08-11 18:28:34", "elapsed": 7393.501037597656, "delta": 20.30242085456848}, "costs": {"total_cost": 211.9046958831652, "time_cost": 81.06, "final_distance_cost": 1.757079262133295, "oscillation_cost": 34.70905694635402, "completition_cost": 0.0, "overshoot_cost": 53.14516961796841, "power_cost": 20.38374011230469, "noise_cost": 20.84964994440481, "n_waypoints_completed": 9, "tot_waypoints": 9}}
{"target": -189.40294394710193, "params": {"k_pid_pos": [1.8624793477566346, 0.04925411992759399, 0.964013702359797], "k_pid_alt": [1.515427128667956, 0.0, 0.9324720513360747], "k_pid_att": [39.447728079683905, 3.8677381495188174, 0.2787101805563399], "k_pid_yaw": [0.5, 1e-06, 0.1], "k_pid_hsp": [0.09847755819799779, 0.011264223901387349, 0.0], "k_pid_vsp": [194.7624155113164, 139.20520652041523, 10.0]}, "datetime": {"datetime": "2025-08-11 18:28:51", "elapsed": 7411.027281761169, "delta": 17.526244163513184}, "costs": {"total_cost": 189.40294394710193, "time_cost": 71.477, "final_distance_cost": 1.82008748379893, "oscillation_cost": 28.93943506291575, "completition_cost": 0.0, "overshoot_cost": 51.012582286112846, "power_cost": 18.123512548828124, "noise_cost": 18.03032656544628, "n_waypoints_completed": 9, "tot_waypoints": 9}}
{"target": -227.37949155577166, "params": {"k_pid_pos": [1.3885554450422086, 0.8299866489848887, 0.44963268842268056], "k_pid_alt": [1.2679502233621702, 0.0, 0.18431000208985737], "k_pid_att": [17.813414374173632, 3.8677381495188174, 0.3366070335655168], "k_pid_yaw": [0.5, 1e-06, 0.1], "k_pid_hsp": [0.09847755819799779, 0.011264223901387349, 0.0], "k_pid_vsp": [194.7624155113164, 20.0, 10.0]}, "datetime": {"datetime": "2025-08-11 18:29:13", "elapsed": 7432.955743551254, "delta": 21.92846179008484}, "costs": {"total_cost": 227.37949155577166, "time_cost": 87.031, "final_distance_cost": 1.7564203733996486, "oscillation_cost": 37.579519629175515, "completition_cost": 0.0, "overshoot_cost": 55.799158285839106, "power_cost": 22.245679833984376, "noise_cost": 22.967713433373003, "n_waypoints_completed": 9, "tot_waypoints": 9}}
{"target": -1654.7568983825124, "params": {"k_pid_pos": [1.3885554450422086, 0.024859491386256316, 0.44963268842268056], "k_pid_alt": [1.2679502233621702, 0.0, 0.6853152424192422], "k_pid_att": [58.989274729095186, 3.8677381495188174, 0.1845336041603497], "k_pid_yaw": [0.5, 1e-06, 0.1], "k_pid_hsp": [8.097710813561642, 0.011264223901387349, 0.0], "k_pid_vsp": [194.7624155113164, 253.02848828182366, 377.79234258461804]}, "datetime": {"datetime": "2025-08-11 18:29:43", "elapsed": 7462.612966537476, "delta": 29.657222986221313}, "costs": {"total_cost": 1654.7568983825124, "time_cost": 150, "final_distance_cost": 67.91516884461149, "oscillation_cost": 459.52168347714394, "completition_cost": 888.8888888888888, "overshoot_cost": 25.716458730694107, "power_cost": 32.522512609863284, "noise_cost": 30.19218583131101, "n_waypoints_completed": 1, "tot_waypoints": 9}}
