{"target": -208.02785730857212, "params": {"k_pid_pos": [1.5233419604839473, 0.024859491386256316, 0.5792642345702999], "k_pid_alt": [1.2679502233621702, 0.8453038121781166, 0.06527723447865985], "k_pid_att": [24.0942673894178, 0.18205753750414305, 0.7813719867183654], "k_pid_yaw": [0.5, 1e-06, 0.1], "k_pid_hsp": [1.0914614458687493, 0.011264223901387349, 0.0], "k_pid_vsp": [292.94687076665593, 307.0029666248519, 21.011196465382298]}, "datetime": {"datetime": "2025-08-11 23:13:21", "elapsed": 24481.37320280075, "delta": 19.852410554885864}, "costs": {"total_cost": 208.02785730857212, "time_cost": 78.008, "final_distance_cost": 1.8038360100457533, "oscillation_cost": 36.75958033338197, "completition_cost": 0.0, "overshoot_cost": 52.06996211163979, "power_cost": 20.380978479003907, "noise_cost": 19.005500374500695, "n_waypoints_completed": 9, "tot_waypoints": 9}}
{"target": -184.68407824568453, "params": {"k_pid_pos": [1.097674141165482, 0.024859491386256316, 0.3434561031905483], "k_pid_alt": [1.2679502233621702, 0.0, 0.06527723447865985], "k_pid_att": [24.0942673894178, 0.18205753750414305, 0.8792759721912583], "k_pid_yaw": [0.5, 1e-06, 0.1], "k_pid_hsp": [0.09847755819799779, 0.011264223901387349, 0.0], "k_pid_vsp": [292.94687076665593, 307.0029666248519, 21.011196465382298]}, "datetime": {"datetime": "2025-08-11 23:13:40", "elapsed": 24499.7167801857, "delta": 18.34357738494873}, "costs": {"total_cost": 184.68407824568453, "time_cost": 69.993, "final_distance_cost": 1.8148127962818323, "oscillation_cost": 26.935767391652387, "completition_cost": 0.0, "overshoot_cost": 50.47067249711624, "power_cost": 17.95601846923828, "noise_cost": 17.513807091395833, "n_waypoints_completed": 9, "tot_waypoints": 9}}
{"target": -188.0270387469141, "params": {"k_pid_pos": [1.9648629373893673, 0.024859491386256316, 0.8092599635047751], "k_pid_alt": [1.2679502233621702, 0.0, 0.06527723447865985], "k_pid_att": [24.0942673894178, 6.806811407577699, 0.6711777735375999], "k_pid_yaw": [0.5, 1e-06, 0.1], "k_pid_hsp": [0.09847755819799779, 0.011264223901387349, 0.0], "k_pid_vsp": [292.94687076665593, 369.48810340511164, 21.011196465382298]}, "datetime": {"datetime": "2025-08-11 23:13:57", "elapsed": 24516.909641742706, "delta": 17.192861557006836}, "costs": {"total_cost": 188.0270387469141, "time_cost": 69.45400000000001, "final_distance_cost": 1.805620263113115, "oscillation_cost": 30.095091972477547, "completition_cost": 0.0, "overshoot_cost": 50.965878755153234, "power_cost": 18.097796557617187, "noise_cost": 17.608651198553, "n_waypoints_completed": 9, "tot_waypoints": 9}}
{"target": -202.11092939213455, "params": {"k_pid_pos": [1.0031316701085804, 0.024859491386256316, 0.40092638265648595], "k_pid_alt": [1.2679502233621702, 0.19798469353315307, 0.8315242830597276], "k_pid_att": [24.0942673894178, 0.18205753750414305, 0.8792759721912583], "k_pid_yaw": [0.5, 1e-06, 0.1], "k_pid_hsp": [0.09847755819799779, 0.011264223901387349, 0.0], "k_pid_vsp": [292.94687076665593, 307.0029666248519, 21.011196465382298]}, "datetime": {"datetime": "2025-08-11 23:14:18", "elapsed": 24537.861399888992, "delta": 20.95175814628601}, "costs": {"total_cost": 202.11092939213455, "time_cost": 81.571, "final_distance_cost": 1.788383229742672, "oscillation_cost": 27.30929195095219, "completition_cost": 0.0, "overshoot_cost": 51.39243896073783, "power_cost": 20.706472851562502, "noise_cost": 19.343342399139367, "n_waypoints_completed": 9, "tot_waypoints": 9}}
{"target": -184.09452520859787, "params": {"k_pid_pos": [1.0031316701085804, 0.024859491386256316, 0.40092638265648595], "k_pid_alt": [1.2679502233621702, 0.0, 0.06527723447865985], "k_pid_att": [24.0942673894178, 0.18205753750414305, 0.8792759721912583], "k_pid_yaw": [0.5, 1e-06, 0.1], "k_pid_hsp": [0.09847755819799779, 0.011264223901387349, 0.0], "k_pid_vsp": [292.94687076665593, 307.0029666248519, 21.011196465382298]}, "datetime": {"datetime": "2025-08-11 23:14:36", "elapsed": 24555.91756749153, "delta": 18.056167602539062}, "costs": {"total_cost": 184.09452520859787, "time_cost": 70.399, "final_distance_cost": 1.8345096342728806, "oscillation_cost": 26.033560826510698, "completition_cost": 0.0, "overshoot_cost": 50.504236002786485, "power_cost": 17.811746228027346, "noise_cost": 17.511472517000485, "n_waypoints_completed": 9, "tot_waypoints": 9}}
{"target": -184.40783637663364, "params": {"k_pid_pos": [1.0031316701085804, 0.024859491386256316, 0.40092638265648595], "k_pid_alt": [1.2679502233621702, 0.0, 0.06527723447865985], "k_pid_att": [24.0942673894178, 0.18205753750414305, 0.8792759721912583], "k_pid_yaw": [0.5, 1e-06, 0.1], "k_pid_hsp": [0.09847755819799779, 0.011264223901387349, 0.0], "k_pid_vsp": [110.56511661686339, 307.0029666248519, 21.011196465382298]}, "datetime": {"datetime": "2025-08-11 23:14:53", "elapsed": 24573.22705078125, "delta": 17.309483289718628}, "costs": {"total_cost": 184.40783637663364, "time_cost": 70.336, "final_distance_cost": 1.8368982398807758, "oscillation_cost": 26.46825137378928, "completition_cost": 0.0, "overshoot_cost": 50.36621630162604, "power_cost": 17.89316552734375, "noise_cost": 17.50730493399383, "n_waypoints_completed": 9, "tot_waypoints": 9}}
{"target": -206.75376724883927, "params": {"k_pid_pos": [0.9203224573796739, 0.4373103020731042, 0.40092638265648595], "k_pid_alt": [0.7472032643467716, 0.0, 0.06527723447865985], "k_pid_att": [24.0942673894178, 0.18205753750414305, 0.8792759721912583], "k_pid_yaw": [0.5, 1e-06, 0.1], "k_pid_hsp": [0.09847755819799779, 0.011264223901387349, 0.0], "k_pid_vsp": [292.94687076665593, 307.0029666248519, 21.011196465382298]}, "datetime": {"datetime": "2025-08-11 23:15:15", "elapsed": 24594.67906975746, "delta": 21.452018976211548}, "costs": {"total_cost": 206.75376724883927, "time_cost": 82.726, "final_distance_cost": 1.8090862046353124, "oscillation_cost": 29.088376717379223, "completition_cost": 0.0, "overshoot_cost": 52.02339191336262, "power_cost": 21.215959704589846, "noise_cost": 19.89095270887229, "n_waypoints_completed": 9, "tot_waypoints": 9}}
{"target": -197.3107839736652, "params": {"k_pid_pos": [1.097674141165482, 0.024859491386256316, 0.8092599635047751], "k_pid_alt": [0.5447770384028499, 0.41495670262089157, 0.06527723447865985], "k_pid_att": [24.0942673894178, 1.1889791607388933, 0.8792759721912583], "k_pid_yaw": [0.5, 1e-06, 0.1], "k_pid_hsp": [0.09847755819799779, 0.011264223901387349, 0.0], "k_pid_vsp": [292.94687076665593, 307.0029666248519, 21.011196465382298]}, "datetime": {"datetime": "2025-08-11 23:15:34", "elapsed": 24614.06308412552, "delta": 19.38401436805725}, "costs": {"total_cost": 197.3107839736652, "time_cost": 78.337, "final_distance_cost": 1.8063246317495913, "oscillation_cost": 26.067959358802366, "completition_cost": 0.0, "overshoot_cost": 53.00790939089165, "power_cost": 19.642485290527343, "noise_cost": 18.449105301694264, "n_waypoints_completed": 9, "tot_waypoints": 9}}
{"target": -192.66826983373636, "params": {"k_pid_pos": [1.0031316701085804, 0.07129208892642425, 0.40092638265648595], "k_pid_alt": [1.2679502233621702, 0.0, 0.06527723447865985], "k_pid_att": [24.0942673894178, 0.18205753750414305, 0.8792759721912583], "k_pid_yaw": [0.5, 1e-06, 0.1], "k_pid_hsp": [1.2726116133729626, 0.011264223901387349, 0.0], "k_pid_vsp": [292.94687076665593, 369.48810340511164, 21.011196465382298]}, "datetime": {"datetime": "2025-08-11 23:15:53", "elapsed": 24632.63483929634, "delta": 18.571755170822144}, "costs": {"total_cost": 192.66826983373636, "time_cost": 72.261, "final_distance_cost": 1.844417699806168, "oscillation_cost": 30.988400285232306, "completition_cost": 0.0, "overshoot_cost": 50.342472133987535, "power_cost": 18.58773621826172, "noise_cost": 18.64424349644864, "n_waypoints_completed": 9, "tot_waypoints": 9}}
{"target": -184.10459475359661, "params": {"k_pid_pos": [1.0031316701085804, 0.024859491386256316, 0.40092638265648595], "k_pid_alt": [1.3959173657108794, 0.0, 0.06527723447865985], "k_pid_att": [24.0942673894178, 0.18205753750414305, 0.8792759721912583], "k_pid_yaw": [0.5, 1e-06, 0.1], "k_pid_hsp": [0.09847755819799779, 0.011264223901387349, 0.0], "k_pid_vsp": [292.94687076665593, 307.0029666248519, 21.011196465382298]}, "datetime": {"datetime": "2025-08-11 23:16:11", "elapsed": 24650.501567602158, "delta": 17.86672830581665}, "costs": {"total_cost": 184.10459475359661, "time_cost": 70.245, "final_distance_cost": 1.8377965344799445, "oscillation_cost": 25.76565412652374, "completition_cost": 0.0, "overshoot_cost": 50.58927327415014, "power_cost": 17.982217663574218, "noise_cost": 17.684653154868595, "n_waypoints_completed": 9, "tot_waypoints": 9}}
{"target": -205.56723579728242, "params": {"k_pid_pos": [1.0031316701085804, 0.024859491386256316, 0.40092638265648595], "k_pid_alt": [1.2679502233621702, 0.0, 0.9659895333512928], "k_pid_att": [24.0942673894178, 8.683548648184065, 0.8792759721912583], "k_pid_yaw": [0.5, 1e-06, 0.1], "k_pid_hsp": [3.061197731635527, 0.011264223901387349, 0.0], "k_pid_vsp": [292.94687076665593, 307.0029666248519, 21.011196465382298]}, "datetime": {"datetime": "2025-08-11 23:16:30", "elapsed": 24669.733654022217, "delta": 19.232086420059204}, "costs": {"total_cost": 205.56723579728242, "time_cost": 77.014, "final_distance_cost": 1.8549701758858699, "oscillation_cost": 36.350677478877564, "completition_cost": 0.0, "overshoot_cost": 51.0649030100306, "power_cost": 19.823635864257813, "noise_cost": 19.45904926823056, "n_waypoints_completed": 9, "tot_waypoints": 9}}
{"target": -185.1890170825483, "params": {"k_pid_pos": [1.0031316701085804, 0.024859491386256316, 0.40092638265648595], "k_pid_alt": [1.2679502233621702, 0.0, 0.06527723447865985], "k_pid_att": [24.0942673894178, 0.18205753750414305, 0.8792759721912583], "k_pid_yaw": [0.5, 1e-06, 0.1], "k_pid_hsp": [0.09847755819799779, 0.011264223901387349, 0.0], "k_pid_vsp": [387.2664617915111, 307.0029666248519, 62.564861685850005]}, "datetime": {"datetime": "2025-08-11 23:16:48", "elapsed": 24688.344822883606, "delta": 18.61116886138916}, "costs": {"total_cost": 185.1890170825483, "time_cost": 70.602, "final_distance_cost": 1.8274949902731241, "oscillation_cost": 25.47609005090021, "completition_cost": 0.0, "overshoot_cost": 51.29199082659824, "power_cost": 18.19944031982422, "noise_cost": 17.792000894952498, "n_waypoints_completed": 9, "tot_waypoints": 9}}
{"target": -184.00642531641506, "params": {"k_pid_pos": [1.0031316701085804, 0.024859491386256316, 0.40092638265648595], "k_pid_alt": [1.7297729984189598, 0.0, 0.06527723447865985], "k_pid_att": [24.0942673894178, 0.18205753750414305, 0.8792759721912583], "k_pid_yaw": [0.5, 1e-06, 0.1], "k_pid_hsp": [0.09847755819799779, 0.011264223901387349, 0.0], "k_pid_vsp": [316.2191682070645, 307.0029666248519, 21.011196465382298]}, "datetime": {"datetime": "2025-08-11 23:17:06", "elapsed": 24706.07643508911, "delta": 17.73161220550537}, "costs": {"total_cost": 184.00642531641506, "time_cost": 70.09100000000001, "final_distance_cost": 1.8159919608781359, "oscillation_cost": 25.94489514214551, "completition_cost": 0.0, "overshoot_cost": 50.49029792783175, "power_cost": 17.95253094482422, "noise_cost": 17.71170934073545, "n_waypoints_completed": 9, "tot_waypoints": 9}}
{"target": -184.09452520859787, "params": {"k_pid_pos": [1.0031316701085804, 0.024859491386256316, 0.40092638265648595], "k_pid_alt": [1.2679502233621702, 0.0, 0.06527723447865985], "k_pid_att": [24.0942673894178, 0.18205753750414305, 0.8792759721912583], "k_pid_yaw": [0.5, 1e-06, 0.1], "k_pid_hsp": [0.09847755819799779, 0.011264223901387349, 0.0], "k_pid_vsp": [292.94687076665593, 307.0029666248519, 21.011196465382298]}, "datetime": {"datetime": "2025-08-11 23:17:24", "elapsed": 24724.173180818558, "delta": 18.09674572944641}, "costs": {"total_cost": 184.09452520859787, "time_cost": 70.399, "final_distance_cost": 1.8345096342728806, "oscillation_cost": 26.033560826510698, "completition_cost": 0.0, "overshoot_cost": 50.504236002786485, "power_cost": 17.811746228027346, "noise_cost": 17.511472517000485, "n_waypoints_completed": 9, "tot_waypoints": 9}}
{"target": -184.09452520859787, "params": {"k_pid_pos": [1.0031316701085804, 0.024859491386256316, 0.40092638265648595], "k_pid_alt": [1.2679502233621702, 0.0, 0.06527723447865985], "k_pid_att": [24.0942673894178, 0.18205753750414305, 0.8792759721912583], "k_pid_yaw": [0.5, 1e-06, 0.1], "k_pid_hsp": [0.09847755819799779, 0.011264223901387349, 0.0], "k_pid_vsp": [292.94687076665593, 307.0029666248519, 21.011196465382298]}, "datetime": {"datetime": "2025-08-11 23:17:42", "elapsed": 24741.935250997543, "delta": 17.762070178985596}, "costs": {"total_cost": 184.09452520859787, "time_cost": 70.399, "final_distance_cost": 1.8345096342728806, "oscillation_cost": 26.033560826510698, "completition_cost": 0.0, "overshoot_cost": 50.504236002786485, "power_cost": 17.811746228027346, "noise_cost": 17.511472517000485, "n_waypoints_completed": 9, "tot_waypoints": 9}}
{"target": -184.91486323263172, "params": {"k_pid_pos": [1.143073425183974, 0.024859491386256316, 0.40092638265648595], "k_pid_alt": [1.2279286217595138, 0.0, 0.06527723447865985], "k_pid_att": [24.0942673894178, 0.18205753750414305, 0.8792759721912583], "k_pid_yaw": [0.5, 1e-06, 0.1], "k_pid_hsp": [0.09847755819799779, 0.011264223901387349, 0.0], "k_pid_vsp": [292.94687076665593, 307.0029666248519, 21.011196465382298]}, "datetime": {"datetime": "2025-08-11 23:18:00", "elapsed": 24760.158472061157, "delta": 18.22322106361389}, "costs": {"total_cost": 184.91486323263172, "time_cost": 70.021, "final_distance_cost": 1.8108033966586048, "oscillation_cost": 26.9755595612444, "completition_cost": 0.0, "overshoot_cost": 50.40667672758091, "power_cost": 18.00865164794922, "noise_cost": 17.692171899198595, "n_waypoints_completed": 9, "tot_waypoints": 9}}
{"target": -242.33857581350904, "params": {"k_pid_pos": [1.0031316701085804, 0.8181781159533115, 0.40092638265648595], "k_pid_alt": [1.3959173657108794, 0.0, 0.06527723447865985], "k_pid_att": [24.0942673894178, 0.18205753750414305, 0.8792759721912583], "k_pid_yaw": [0.5, 1e-06, 0.1], "k_pid_hsp": [0.09847755819799779, 0.011264223901387349, 0.0], "k_pid_vsp": [316.2191682070645, 307.0029666248519, 21.011196465382298]}, "datetime": {"datetime": "2025-08-11 23:18:25", "elapsed": 24784.40815591812, "delta": 24.24968385696411}, "costs": {"total_cost": 242.33857581350904, "time_cost": 94.122, "final_distance_cost": 1.7373130895080298, "oscillation_cost": 40.03632547264412, "completition_cost": 0.0, "overshoot_cost": 57.814629368173335, "power_cost": 24.608327294921875, "noise_cost": 24.019980588261667, "n_waypoints_completed": 9, "tot_waypoints": 9}}
{"target": -209.16746713619946, "params": {"k_pid_pos": [1.0031316701085804, 0.3540910646462311, 0.40092638265648595], "k_pid_alt": [1.7297729984189598, 0.0, 0.06527723447865985], "k_pid_att": [24.0942673894178, 0.18205753750414305, 0.8792759721912583], "k_pid_yaw": [0.5, 1e-06, 0.1], "k_pid_hsp": [6.790862332402999, 0.011264223901387349, 0.0], "k_pid_vsp": [316.2191682070645, 307.0029666248519, 21.011196465382298]}, "datetime": {"datetime": "2025-08-11 23:18:44", "elapsed": 24803.815494060516, "delta": 19.40733814239502}, "costs": {"total_cost": 209.16746713619946, "time_cost": 76.328, "final_distance_cost": 1.8318205460135593, "oscillation_cost": 39.562219386798965, "completition_cost": 0.0, "overshoot_cost": 51.39452310553178, "power_cost": 19.98533759765625, "noise_cost": 20.065566500198923, "n_waypoints_completed": 9, "tot_waypoints": 9}}
{"target": -195.20112802028228, "params": {"k_pid_pos": [1.0031316701085804, 0.024859491386256316, 0.40092638265648595], "k_pid_alt": [1.7297729984189598, 0.5297830489215293, 0.06527723447865985], "k_pid_att": [24.0942673894178, 0.18205753750414305, 0.8792759721912583], "k_pid_yaw": [0.5, 1e-06, 0.1], "k_pid_hsp": [0.09847755819799779, 0.011264223901387349, 0.0], "k_pid_vsp": [128.61003815237223, 307.0029666248519, 21.011196465382298]}, "datetime": {"datetime": "2025-08-11 23:19:03", "elapsed": 24823.105388879776, "delta": 19.289894819259644}, "costs": {"total_cost": 195.20112802028228, "time_cost": 76.349, "final_distance_cost": 1.8054886488952453, "oscillation_cost": 27.785359028316012, "completition_cost": 0.0, "overshoot_cost": 51.62460781708211, "power_cost": 19.35627419433594, "noise_cost": 18.280398331652968, "n_waypoints_completed": 9, "tot_waypoints": 9}}
{"target": -211.56265118699295, "params": {"k_pid_pos": [1.842720344740466, 0.024859491386256316, 0.40092638265648595], "k_pid_alt": [1.2679502233621702, 0.047215641115174845, 0.738746314848921], "k_pid_att": [24.0942673894178, 0.18205753750414305, 0.02289754427358881], "k_pid_yaw": [0.5, 1e-06, 0.1], "k_pid_hsp": [0.09847755819799779, 0.011264223901387349, 0.0], "k_pid_vsp": [292.94687076665593, 307.0029666248519, 21.011196465382298]}, "datetime": {"datetime": "2025-08-11 23:19:24", "elapsed": 24843.895195961, "delta": 20.789807081222534}, "costs": {"total_cost": 211.56265118699295, "time_cost": 79.793, "final_distance_cost": 1.7730299303980035, "oscillation_cost": 36.68703724694011, "completition_cost": 0.0, "overshoot_cost": 52.56998925338997, "power_cost": 20.722201330566406, "noise_cost": 20.017393425698447, "n_waypoints_completed": 9, "tot_waypoints": 9}}
{"target": -196.7590073317583, "params": {"k_pid_pos": [1.0031316701085804, 0.024859491386256316, 0.40092638265648595], "k_pid_alt": [1.2679502233621702, 0.0, 0.06527723447865985], "k_pid_att": [24.0942673894178, 8.523668343376618, 0.8792759721912583], "k_pid_yaw": [0.5, 1e-06, 0.1], "k_pid_hsp": [1.5859581202077546, 0.011264223901387349, 0.0], "k_pid_vsp": [292.94687076665593, 307.0029666248519, 21.011196465382298]}, "datetime": {"datetime": "2025-08-11 23:19:42", "elapsed": 24862.08734202385, "delta": 18.192146062850952}, "costs": {"total_cost": 196.7590073317583, "time_cost": 73.122, "final_distance_cost": 1.8482895522297706, "oscillation_cost": 32.851804691189656, "completition_cost": 0.0, "overshoot_cost": 50.91346168029264, "power_cost": 19.06203465576172, "noise_cost": 18.96141675228453, "n_waypoints_completed": 9, "tot_waypoints": 9}}
{"target": -202.98649786224195, "params": {"k_pid_pos": [1.0031316701085804, 0.024859491386256316, 0.40092638265648595], "k_pid_alt": [1.2679502233621702, 0.19798469353315307, 0.8315242830597276], "k_pid_att": [82.10715967326342, 0.18205753750414305, 0.8792759721912583], "k_pid_yaw": [0.5, 1e-06, 0.1], "k_pid_hsp": [0.09847755819799779, 0.011264223901387349, 0.0], "k_pid_vsp": [292.94687076665593, 307.0029666248519, 21.011196465382298]}, "datetime": {"datetime": "2025-08-11 23:20:03", "elapsed": 24883.09772348404, "delta": 21.01038146018982}, "costs": {"total_cost": 202.98649786224195, "time_cost": 81.641, "final_distance_cost": 1.812244790044958, "oscillation_cost": 27.640703984192854, "completition_cost": 0.0, "overshoot_cost": 51.79054113924445, "power_cost": 20.74397196044922, "noise_cost": 19.358035988310476, "n_waypoints_completed": 9, "tot_waypoints": 9}}
{"target": -187.81110352183447, "params": {"k_pid_pos": [1.0031316701085804, 0.024859491386256316, 0.40092638265648595], "k_pid_alt": [1.3959173657108794, 0.0, 0.9128610184476774], "k_pid_att": [21.6711938663424, 0.18205753750414305, 0.8792759721912583], "k_pid_yaw": [0.5, 1e-06, 0.1], "k_pid_hsp": [0.09847755819799779, 0.011264223901387349, 0.0], "k_pid_vsp": [292.94687076665593, 307.0029666248519, 21.011196465382298]}, "datetime": {"datetime": "2025-08-11 23:20:21", "elapsed": 24901.26286458969, "delta": 18.165141105651855}, "costs": {"total_cost": 187.81110352183447, "time_cost": 72.646, "final_distance_cost": 1.834918118840694, "oscillation_cost": 25.966025148729305, "completition_cost": 0.0, "overshoot_cost": 50.7445293897561, "power_cost": 18.70786999511719, "noise_cost": 17.911760869391166, "n_waypoints_completed": 9, "tot_waypoints": 9}}
{"target": -257.55994342329143, "params": {"k_pid_pos": [1.097674141165482, 0.024859491386256316, 0.8092599635047751], "k_pid_alt": [0.5447770384028499, 0.41495670262089157, 0.06527723447865985], "k_pid_att": [81.31192509329654, 1.1889791607388933, 0.8792759721912583], "k_pid_yaw": [0.5, 1e-06, 0.1], "k_pid_hsp": [7.137108184502412, 0.011264223901387349, 0.0], "k_pid_vsp": [91.91679249959628, 313.0622943974321, 21.011196465382298]}, "datetime": {"datetime": "2025-08-11 23:20:43", "elapsed": 24923.010590791702, "delta": 21.74772620201111}, "costs": {"total_cost": 257.55994342329143, "time_cost": 85.89, "final_distance_cost": 1.8097345336569008, "oscillation_cost": 72.33794388697153, "completition_cost": 0.0, "overshoot_cost": 54.82766267821673, "power_cost": 21.735107568359375, "noise_cost": 20.959494756086876, "n_waypoints_completed": 9, "tot_waypoints": 9}}
{"target": -197.59234140278187, "params": {"k_pid_pos": [1.0031316701085804, 0.024859491386256316, 0.40092638265648595], "k_pid_alt": [1.2679502233621702, 0.8662610449795003, 0.06527723447865985], "k_pid_att": [24.0942673894178, 0.18205753750414305, 0.8792759721912583], "k_pid_yaw": [0.5, 1e-06, 0.1], "k_pid_hsp": [0.09847755819799779, 0.011264223901387349, 0.0], "k_pid_vsp": [292.94687076665593, 307.0029666248519, 21.011196465382298]}, "datetime": {"datetime": "2025-08-11 23:21:04", "elapsed": 24943.410199403763, "delta": 20.399608612060547}, "costs": {"total_cost": 197.59234140278187, "time_cost": 77.504, "final_distance_cost": 1.783467442905852, "oscillation_cost": 27.961175155468904, "completition_cost": 0.0, "overshoot_cost": 52.320805865082306, "power_cost": 19.618443908691408, "noise_cost": 18.4044490306334, "n_waypoints_completed": 9, "tot_waypoints": 9}}
