{"target": -261.4263369986518, "params": {"k_pid_pos": [1.0031316701085804, 0.024859491386256316, 0.40092638265648595], "k_pid_alt": [1.7297729984189598, 0.0, 0.02282466901291924], "k_pid_att": [32.194164172814396, 5.859554809351448, 0.666719676683535], "k_pid_yaw": [0.5, 1e-06, 0.1], "k_pid_hsp": [0.09847755819799779, 0.011264223901387349, 0.0], "k_pid_vsp": [264.9966777379314, 204.07655940128305, 155.9321020013186]}, "datetime": {"datetime": "2025-08-12 02:19:44", "elapsed": 35664.14409852028, "delta": 27.13424801826477}, "costs": {"total_cost": 261.4263369986518, "time_cost": 107.436, "final_distance_cost": 1.8253632748356996, "oscillation_cost": 26.66112817897916, "completition_cost": 0.0, "overshoot_cost": 70.92955846366365, "power_cost": 27.39034659423828, "noise_cost": 27.183940486934972, "n_waypoints_completed": 9, "tot_waypoints": 9}}
{"target": -184.13744185164276, "params": {"k_pid_pos": [1.0031316701085804, 0.024859491386256316, 0.40092638265648595], "k_pid_alt": [1.7297729984189598, 0.0, 0.15791560522360282], "k_pid_att": [28.19473841193917, 5.859554809351448, 0.8466505764833102], "k_pid_yaw": [0.5, 1e-06, 0.1], "k_pid_hsp": [0.09847755819799779, 0.011264223901387349, 0.0], "k_pid_vsp": [264.9966777379314, 307.0029666248519, 21.011196465382298]}, "datetime": {"datetime": "2025-08-12 02:20:02", "elapsed": 35682.05506873131, "delta": 17.910970211029053}, "costs": {"total_cost": 184.13744185164276, "time_cost": 70.077, "final_distance_cost": 1.8394100547192989, "oscillation_cost": 26.2467727197832, "completition_cost": 0.0, "overshoot_cost": 50.35697662833485, "power_cost": 17.97290615234375, "noise_cost": 17.644376296461665, "n_waypoints_completed": 9, "tot_waypoints": 9}}
{"target": -183.55365774200436, "params": {"k_pid_pos": [1.0031316701085804, 0.024859491386256316, 0.40092638265648595], "k_pid_alt": [1.7297729984189598, 0.0, 0.06527723447865985], "k_pid_att": [11.329609997636037, 6.043751783864618, 0.666719676683535], "k_pid_yaw": [0.5, 1e-06, 0.1], "k_pid_hsp": [0.09847755819799779, 0.011264223901387349, 0.0], "k_pid_vsp": [264.9966777379314, 269.5271781685674, 2.77343605205192]}, "datetime": {"datetime": "2025-08-12 02:20:20", "elapsed": 35699.395837306976, "delta": 17.340768575668335}, "costs": {"total_cost": 183.55365774200436, "time_cost": 69.895, "final_distance_cost": 1.8391751394566367, "oscillation_cost": 26.48301275884688, "completition_cost": 0.0, "overshoot_cost": 50.39926947400626, "power_cost": 14.176893884277344, "noise_cost": 20.76030648541722, "n_waypoints_completed": 9, "tot_waypoints": 9}}
{"target": -185.08990478898528, "params": {"k_pid_pos": [1.0031316701085804, 0.024859491386256316, 0.1802133514710682], "k_pid_alt": [1.7297729984189598, 0.0, 0.06527723447865985], "k_pid_att": [37.12179941719916, 5.859554809351448, 0.666719676683535], "k_pid_yaw": [0.5, 1e-06, 0.1], "k_pid_hsp": [0.09847755819799779, 0.011264223901387349, 0.0], "k_pid_vsp": [264.9966777379314, 240.3593476710196, 21.011196465382298]}, "datetime": {"datetime": "2025-08-12 02:20:39", "elapsed": 35718.424918174744, "delta": 19.029080867767334}, "costs": {"total_cost": 185.08990478898528, "time_cost": 70.035, "final_distance_cost": 1.8090517592081021, "oscillation_cost": 27.039727933926066, "completition_cost": 0.0, "overshoot_cost": 50.51930224644074, "power_cost": 18.05756220703125, "noise_cost": 17.629260642379137, "n_waypoints_completed": 9, "tot_waypoints": 9}}
{"target": -204.16584517947902, "params": {"k_pid_pos": [1.0031316701085804, 0.024859491386256316, 0.40092638265648595], "k_pid_alt": [1.7297729984189598, 0.155336063473134, 0.06527723447865985], "k_pid_att": [11.329609997636037, 5.859554809351448, 0.1640762053479683], "k_pid_yaw": [0.5, 1e-06, 0.1], "k_pid_hsp": [0.09847755819799779, 0.011264223901387349, 0.0], "k_pid_vsp": [182.43953563434863, 307.0029666248519, 21.011196465382298]}, "datetime": {"datetime": "2025-08-12 02:20:59", "elapsed": 35739.27489566803, "delta": 20.849977493286133}, "costs": {"total_cost": 204.16584517947902, "time_cost": 82.754, "final_distance_cost": 1.7920023633026134, "oscillation_cost": 27.774081260822076, "completition_cost": 0.0, "overshoot_cost": 51.27278397122186, "power_cost": 20.95046279296875, "noise_cost": 19.622514791163717, "n_waypoints_completed": 9, "tot_waypoints": 9}}
{"target": -908.9640046972224, "params": {"k_pid_pos": [1.0031316701085804, 0.024859491386256316, 0.40092638265648595], "k_pid_alt": [1.7297729984189598, 0.0, 0.06527723447865985], "k_pid_att": [54.227890723214855, 6.043751783864618, 0.666719676683535], "k_pid_yaw": [0.5, 1e-06, 0.1], "k_pid_hsp": [0.09847755819799779, 0.8913970061319592, 0.0], "k_pid_vsp": [264.9966777379314, 140.03862743104432, 2.77343605205192]}, "datetime": {"datetime": "2025-08-12 02:21:31", "elapsed": 35770.949716091156, "delta": 31.67482042312622}, "costs": {"total_cost": 908.9640046972224, "time_cost": 150, "final_distance_cost": 50.98782155387808, "oscillation_cost": 130.57174487229977, "completition_cost": 444.4444444444444, "overshoot_cost": 64.38514573409593, "power_cost": 33.70785539550781, "noise_cost": 34.86699269699637, "n_waypoints_completed": 5, "tot_waypoints": 9}}
{"target": -194.31580991868142, "params": {"k_pid_pos": [1.0031316701085804, 0.024859491386256316, 0.5922288399539734], "k_pid_alt": [0.6162310025038176, 0.0, 0.15791560522360282], "k_pid_att": [37.12179941719916, 5.859554809351448, 0.12678522794134206], "k_pid_yaw": [0.5, 1e-06, 0.1], "k_pid_hsp": [0.09847755819799779, 0.011264223901387349, 0.0], "k_pid_vsp": [264.9966777379314, 307.0029666248519, 21.011196465382298]}, "datetime": {"datetime": "2025-08-12 02:21:51", "elapsed": 35791.35865044594, "delta": 20.408934354782104}, "costs": {"total_cost": 194.31580991868142, "time_cost": 76.804, "final_distance_cost": 1.8457940778712405, "oscillation_cost": 26.531318321479958, "completition_cost": 0.0, "overshoot_cost": 51.08828752500065, "power_cost": 19.49054306640625, "noise_cost": 18.55586692792333, "n_waypoints_completed": 9, "tot_waypoints": 9}}
{"target": -1782.690608669954, "params": {"k_pid_pos": [1.0031316701085804, 0.024859491386256316, 0.40092638265648595], "k_pid_alt": [1.7297729984189598, 0.0, 0.06527723447865985], "k_pid_att": [37.12179941719916, 5.859554809351448, 0.666719676683535], "k_pid_yaw": [0.5, 1e-06, 0.1], "k_pid_hsp": [0.09847755819799779, 0.011264223901387349, 0.901129329632614], "k_pid_vsp": [264.9966777379314, 307.0029666248519, 21.011196465382298]}, "datetime": {"datetime": "2025-08-12 02:22:22", "elapsed": 35822.06730771065, "delta": 30.708657264709473}, "costs": {"total_cost": 1782.690608669954, "time_cost": 150, "final_distance_cost": 72.34110651621292, "oscillation_cost": 641.220910044897, "completition_cost": 777.7777777777778, "overshoot_cost": 80.12620220534525, "power_cost": 33.95996307373047, "noise_cost": 27.264649051990485, "n_waypoints_completed": 2, "tot_waypoints": 9}}
{"target": -228.00176634752677, "params": {"k_pid_pos": [1.0031316701085804, 0.024859491386256316, 0.40092638265648595], "k_pid_alt": [0.4051391666732884, 0.0, 0.15791560522360282], "k_pid_att": [37.12179941719916, 5.859554809351448, 0.666719676683535], "k_pid_yaw": [0.5, 1e-06, 0.1], "k_pid_hsp": [0.09847755819799779, 0.06598244628182415, 0.0], "k_pid_vsp": [264.9966777379314, 307.0029666248519, 21.011196465382298]}, "datetime": {"datetime": "2025-08-12 02:22:46", "elapsed": 35845.80078005791, "delta": 23.73347234725952}, "costs": {"total_cost": 228.00176634752677, "time_cost": 90.188, "final_distance_cost": 1.8576997287268702, "oscillation_cost": 39.19402845355697, "completition_cost": 0.0, "overshoot_cost": 51.74132941475256, "power_cost": 23.098582861328126, "noise_cost": 21.922125889162267, "n_waypoints_completed": 9, "tot_waypoints": 9}}
{"target": -184.6047248500483, "params": {"k_pid_pos": [1.0031316701085804, 0.024859491386256316, 0.40092638265648595], "k_pid_alt": [1.411112159818204, 0.0, 0.06527723447865985], "k_pid_att": [37.12179941719916, 5.859554809351448, 0.666719676683535], "k_pid_yaw": [0.5, 1e-06, 0.1], "k_pid_hsp": [0.09847755819799779, 0.011264223901387349, 0.0], "k_pid_vsp": [264.9966777379314, 307.0029666248519, 21.011196465382298]}, "datetime": {"datetime": "2025-08-12 02:23:05", "elapsed": 35864.463222026825, "delta": 18.662441968917847}, "costs": {"total_cost": 184.6047248500483, "time_cost": 70.21000000000001, "final_distance_cost": 1.81577356514549, "oscillation_cost": 26.175902973511175, "completition_cost": 0.0, "overshoot_cost": 50.63496742547497, "power_cost": 18.107363159179688, "noise_cost": 17.660717726736976, "n_waypoints_completed": 9, "tot_waypoints": 9}}
{"target": -717.3013992935306, "params": {"k_pid_pos": [1.0031316701085804, 0.9327672904145493, 0.40092638265648595], "k_pid_alt": [1.7297729984189598, 0.2949238483057658, 0.02282466901291924], "k_pid_att": [32.194164172814396, 5.859554809351448, 0.666719676683535], "k_pid_yaw": [0.5, 1e-06, 0.1], "k_pid_hsp": [0.09847755819799779, 0.011264223901387349, 0.0], "k_pid_vsp": [264.9966777379314, 307.0029666248519, 21.011196465382298]}, "datetime": {"datetime": "2025-08-12 02:23:37", "elapsed": 35896.445873737335, "delta": 31.982651710510254}, "costs": {"total_cost": 717.3013992935306, "time_cost": 150, "final_distance_cost": 74.57974119326224, "oscillation_cost": 51.9781821290306, "completition_cost": 333.33333333333337, "overshoot_cost": 46.53530231757123, "power_cost": 31.80104814453125, "noise_cost": 29.073792175801994, "n_waypoints_completed": 6, "tot_waypoints": 9}}
{"target": -186.30625566140446, "params": {"k_pid_pos": [1.0031316701085804, 0.024859491386256316, 0.40092638265648595], "k_pid_alt": [1.7297729984189598, 0.0, 0.23086984934879706], "k_pid_att": [54.227890723214855, 5.859554809351448, 0.3529475069797985], "k_pid_yaw": [0.5, 1e-06, 0.1], "k_pid_hsp": [0.17225665165883555, 0.011264223901387349, 0.0], "k_pid_vsp": [264.9966777379314, 57.93155354082285, 16.252805564631274]}, "datetime": {"datetime": "2025-08-12 02:23:55", "elapsed": 35914.74224424362, "delta": 18.29637050628662}, "costs": {"total_cost": 186.30625566140446, "time_cost": 70.903, "final_distance_cost": 1.8348021490002, "oscillation_cost": 26.224219602973523, "completition_cost": 0.0, "overshoot_cost": 50.4876916453178, "power_cost": 18.26389501953125, "noise_cost": 18.59264724458167, "n_waypoints_completed": 9, "tot_waypoints": 9}}
{"target": -183.93478789374018, "params": {"k_pid_pos": [1.0031316701085804, 0.024859491386256316, 0.40092638265648595], "k_pid_alt": [1.7297729984189598, 0.0, 0.06527723447865985], "k_pid_att": [11.329609997636037, 6.043751783864618, 0.666719676683535], "k_pid_yaw": [0.5, 1e-06, 0.1], "k_pid_hsp": [0.09847755819799779, 0.011264223901387349, 0.0], "k_pid_vsp": [264.9966777379314, 140.03862743104432, 2.77343605205192]}, "datetime": {"datetime": "2025-08-12 02:24:13", "elapsed": 35933.157989263535, "delta": 18.41574501991272}, "costs": {"total_cost": 183.93478789374018, "time_cost": 70.035, "final_distance_cost": 1.8169231651066686, "oscillation_cost": 26.357318446432025, "completition_cost": 0.0, "overshoot_cost": 50.60132175635442, "power_cost": 14.239214794921876, "noise_cost": 20.885009730925177, "n_waypoints_completed": 9, "tot_waypoints": 9}}
{"target": -188.08340959672216, "params": {"k_pid_pos": [1.0031316701085804, 0.024859491386256316, 0.40092638265648595], "k_pid_alt": [0.7503000084241305, 0.0, 0.06527723447865985], "k_pid_att": [10.144412392664826, 5.859554809351448, 0.666719676683535], "k_pid_yaw": [0.5, 1e-06, 0.1], "k_pid_hsp": [0.09847755819799779, 0.011264223901387349, 0.0], "k_pid_vsp": [264.9966777379314, 307.0029666248519, 21.011196465382298]}, "datetime": {"datetime": "2025-08-12 02:24:33", "elapsed": 35952.5837430954, "delta": 19.425753831863403}, "costs": {"total_cost": 188.08340959672216, "time_cost": 72.52, "final_distance_cost": 1.8286204423099472, "oscillation_cost": 27.056279794353795, "completition_cost": 0.0, "overshoot_cost": 50.380275075525105, "power_cost": 18.4928064453125, "noise_cost": 17.805427839220812, "n_waypoints_completed": 9, "tot_waypoints": 9}}
{"target": -184.8240774896418, "params": {"k_pid_pos": [1.0031316701085804, 0.024859491386256316, 0.40092638265648595], "k_pid_alt": [1.7297729984189598, 0.0, 0.23086984934879706], "k_pid_att": [54.227890723214855, 5.859554809351448, 0.3529475069797985], "k_pid_yaw": [0.5, 1e-06, 0.1], "k_pid_hsp": [0.09847755819799779, 0.011264223901387349, 0.0], "k_pid_vsp": [333.9671041363143, 289.9420907665546, 16.252805564631274]}, "datetime": {"datetime": "2025-08-12 02:24:51", "elapsed": 35970.45788645744, "delta": 17.874143362045288}, "costs": {"total_cost": 184.8240774896418, "time_cost": 70.203, "final_distance_cost": 1.827002078774582, "oscillation_cost": 26.28143319208988, "completition_cost": 0.0, "overshoot_cost": 50.64307313067095, "power_cost": 18.09262985839844, "noise_cost": 17.77693922970797, "n_waypoints_completed": 9, "tot_waypoints": 9}}
{"target": -183.64001715417484, "params": {"k_pid_pos": [1.0031316701085804, 0.024859491386256316, 0.40092638265648595], "k_pid_alt": [1.7297729984189598, 0.0, 0.06527723447865985], "k_pid_att": [37.12179941719916, 2.8503329366774977, 0.666719676683535], "k_pid_yaw": [0.5, 1e-06, 0.1], "k_pid_hsp": [0.09847755819799779, 0.011264223901387349, 0.0], "k_pid_vsp": [264.9966777379314, 307.0029666248519, 21.011196465382298]}, "datetime": {"datetime": "2025-08-12 02:25:09", "elapsed": 35989.12804722786, "delta": 18.67016077041626}, "costs": {"total_cost": 183.64001715417484, "time_cost": 70.077, "final_distance_cost": 1.8282288821562778, "oscillation_cost": 25.90473801137338, "completition_cost": 0.0, "overshoot_cost": 50.224048772488736, "power_cost": 17.955333911132815, "noise_cost": 17.65066757702363, "n_waypoints_completed": 9, "tot_waypoints": 9}}
{"target": -1410.2474608803798, "params": {"k_pid_pos": [1.0031316701085804, 0.024859491386256316, 0.40092638265648595], "k_pid_alt": [1.7297729984189598, 0.0, 0.4421029924697406], "k_pid_att": [11.329609997636037, 6.043751783864618, 0.666719676683535], "k_pid_yaw": [0.5, 1e-06, 0.1], "k_pid_hsp": [0.09847755819799779, 0.011264223901387349, 0.537384756228717], "k_pid_vsp": [264.9966777379314, 307.0029666248519, 285.7795632228898]}, "datetime": {"datetime": "2025-08-12 02:25:40", "elapsed": 36020.2271668911, "delta": 31.099119663238525}, "costs": {"total_cost": 1410.2474608803798, "time_cost": 150, "final_distance_cost": 85.55596879995626, "oscillation_cost": 373.30041540999974, "completition_cost": 666.6666666666667, "overshoot_cost": 76.6924667925153, "power_cost": 30.26224383544922, "noise_cost": 27.76969937579267, "n_waypoints_completed": 3, "tot_waypoints": 9}}
{"target": -184.9419427485979, "params": {"k_pid_pos": [1.0031316701085804, 0.024859491386256316, 0.40092638265648595], "k_pid_alt": [1.7297729984189598, 0.0, 0.06527723447865985], "k_pid_att": [81.71435317647585, 2.8503329366774977, 0.666719676683535], "k_pid_yaw": [0.5, 1e-06, 0.1], "k_pid_hsp": [0.09847755819799779, 0.011264223901387349, 0.0], "k_pid_vsp": [264.9966777379314, 307.0029666248519, 21.011196465382298]}, "datetime": {"datetime": "2025-08-12 02:25:58", "elapsed": 36037.70209932327, "delta": 17.474932432174683}, "costs": {"total_cost": 184.9419427485979, "time_cost": 70.182, "final_distance_cost": 1.8367216657234466, "oscillation_cost": 26.402811924755706, "completition_cost": 0.0, "overshoot_cost": 50.768681596347896, "power_cost": 18.006502880859376, "noise_cost": 17.745224680911463, "n_waypoints_completed": 9, "tot_waypoints": 9}}
{"target": -186.71348178567501, "params": {"k_pid_pos": [1.0031316701085804, 0.024859491386256316, 0.40092638265648595], "k_pid_alt": [1.7297729984189598, 0.055900154593489515, 0.02282466901291924], "k_pid_att": [32.194164172814396, 5.859554809351448, 0.666719676683535], "k_pid_yaw": [0.5, 1e-06, 0.1], "k_pid_hsp": [0.09847755819799779, 0.011264223901387349, 0.0], "k_pid_vsp": [264.9966777379314, 165.97121828777006, 21.011196465382298]}, "datetime": {"datetime": "2025-08-12 02:26:16", "elapsed": 36056.17395615578, "delta": 18.471856832504272}, "costs": {"total_cost": 186.71348178567501, "time_cost": 71.47, "final_distance_cost": 1.803001917525098, "oscillation_cost": 25.812507346254208, "completition_cost": 0.0, "overshoot_cost": 51.629237000011955, "power_cost": 18.206010766601562, "noise_cost": 17.7927247552822, "n_waypoints_completed": 9, "tot_waypoints": 9}}
{"target": -196.31363273778624, "params": {"k_pid_pos": [1.0031316701085804, 0.024859491386256316, 0.40092638265648595], "k_pid_alt": [1.7297729984189598, 0.32706958222753924, 0.06527723447865985], "k_pid_att": [37.12179941719916, 5.859554809351448, 0.666719676683535], "k_pid_yaw": [0.5, 1e-06, 0.1], "k_pid_hsp": [0.09847755819799779, 0.011264223901387349, 0.0], "k_pid_vsp": [152.62952303200586, 307.0029666248519, 21.011196465382298]}, "datetime": {"datetime": "2025-08-12 02:26:36", "elapsed": 36076.34807372093, "delta": 20.17411756515503}, "costs": {"total_cost": 196.31363273778624, "time_cost": 78.057, "final_distance_cost": 1.8060590969944146, "oscillation_cost": 27.149858754729546, "completition_cost": 0.0, "overshoot_cost": 51.07931898621886, "power_cost": 19.614377185058594, "noise_cost": 18.607018714784797, "n_waypoints_completed": 9, "tot_waypoints": 9}}
{"target": -183.53649260238842, "params": {"k_pid_pos": [1.0031316701085804, 0.024859491386256316, 0.40092638265648595], "k_pid_alt": [1.7297729984189598, 0.0, 0.06527723447865985], "k_pid_att": [54.227890723214855, 5.859554809351448, 0.666719676683535], "k_pid_yaw": [0.5, 1e-06, 0.1], "k_pid_hsp": [0.09847755819799779, 0.011264223901387349, 0.0], "k_pid_vsp": [264.9966777379314, 140.03862743104432, 2.77343605205192]}, "datetime": {"datetime": "2025-08-12 02:26:55", "elapsed": 36094.68054294586, "delta": 18.33246922492981}, "costs": {"total_cost": 183.53649260238842, "time_cost": 70.182, "final_distance_cost": 1.8157228574093423, "oscillation_cost": 25.80330890253672, "completition_cost": 0.0, "overshoot_cost": 50.51887842229217, "power_cost": 14.2017048828125, "noise_cost": 21.01487753733769, "n_waypoints_completed": 9, "tot_waypoints": 9}}
{"target": -2239.4227764081024, "params": {"k_pid_pos": [1.0031316701085804, 0.024859491386256316, 0.40092638265648595], "k_pid_alt": [1.7297729984189598, 0.0, 0.06527723447865985], "k_pid_att": [92.532430894659, 3.2931611945007657, 0.10072849482906354], "k_pid_yaw": [0.5, 1e-06, 0.1], "k_pid_hsp": [0.09847755819799779, 0.011264223901387349, 0.31434645924479554], "k_pid_vsp": [264.9966777379314, 307.0029666248519, 21.011196465382298]}, "datetime": {"datetime": "2025-08-12 02:27:25", "elapsed": 36125.07425546646, "delta": 30.393712520599365}, "costs": {"total_cost": 2239.4227764081024, "time_cost": 150, "final_distance_cost": 71.79173012335909, "oscillation_cost": 835.6197556338473, "completition_cost": 888.8888888888888, "overshoot_cost": 229.4138002359993, "power_cost": 35.593463403320314, "noise_cost": 28.115138122688414, "n_waypoints_completed": 1, "tot_waypoints": 9}}
{"target": -183.80606818996455, "params": {"k_pid_pos": [1.0031316701085804, 0.024859491386256316, 0.40092638265648595], "k_pid_alt": [1.7297729984189598, 0.0, 0.02282466901291924], "k_pid_att": [32.194164172814396, 5.859554809351448, 0.666719676683535], "k_pid_yaw": [0.5, 1e-06, 0.1], "k_pid_hsp": [0.09847755819799779, 0.011264223901387349, 0.0], "k_pid_vsp": [264.9966777379314, 307.0029666248519, 21.011196465382298]}, "datetime": {"datetime": "2025-08-12 02:27:43", "elapsed": 36143.13763284683, "delta": 18.063377380371094}, "costs": {"total_cost": 183.80606818996455, "time_cost": 70.049, "final_distance_cost": 1.8328616209629816, "oscillation_cost": 26.018850336716934, "completition_cost": 0.0, "overshoot_cost": 50.11739868466329, "power_cost": 18.087833264160157, "noise_cost": 17.700124283461154, "n_waypoints_completed": 9, "tot_waypoints": 9}}
{"target": -183.80606818996455, "params": {"k_pid_pos": [1.0031316701085804, 0.024859491386256316, 0.40092638265648595], "k_pid_alt": [1.7297729984189598, 0.0, 0.02282466901291924], "k_pid_att": [32.194164172814396, 5.859554809351448, 0.666719676683535], "k_pid_yaw": [0.5, 1e-06, 0.1], "k_pid_hsp": [0.09847755819799779, 0.011264223901387349, 0.0], "k_pid_vsp": [264.9966777379314, 307.0029666248519, 21.011196465382298]}, "datetime": {"datetime": "2025-08-12 02:28:01", "elapsed": 36161.22939944267, "delta": 18.091766595840454}, "costs": {"total_cost": 183.80606818996455, "time_cost": 70.049, "final_distance_cost": 1.8328616209629816, "oscillation_cost": 26.018850336716934, "completition_cost": 0.0, "overshoot_cost": 50.11739868466329, "power_cost": 18.087833264160157, "noise_cost": 17.700124283461154, "n_waypoints_completed": 9, "tot_waypoints": 9}}
{"target": -184.55658708855591, "params": {"k_pid_pos": [1.0031316701085804, 0.024859491386256316, 0.2649281814802127], "k_pid_alt": [1.7297729984189598, 0.0, 0.06527723447865985], "k_pid_att": [37.12179941719916, 5.859554809351448, 0.666719676683535], "k_pid_yaw": [0.5, 1e-06, 0.1], "k_pid_hsp": [0.09847755819799779, 0.011264223901387349, 0.0], "k_pid_vsp": [264.9966777379314, 307.0029666248519, 21.011196465382298]}, "datetime": {"datetime": "2025-08-12 02:28:19", "elapsed": 36179.1654446125, "delta": 17.936045169830322}, "costs": {"total_cost": 184.55658708855591, "time_cost": 69.83200000000001, "final_distance_cost": 1.8127694277818591, "oscillation_cost": 26.55522597304348, "completition_cost": 0.0, "overshoot_cost": 50.8026933121971, "power_cost": 18.022641040039062, "noise_cost": 17.531257335494416, "n_waypoints_completed": 9, "tot_waypoints": 9}}
