{"target": -1460.6535573264848, "params": {"k_pid_pos": [1.0031316701085804, 0.024859491386256316, 0.40092638265648595], "k_pid_alt": [1.7297729984189598, 0.0, 0.06527723447865985], "k_pid_att": [10.85276784655954, 2.0014291760421457, 0.666719676683535], "k_pid_yaw": [0.5, 1e-06, 0.1], "k_pid_hsp": [0.09847755819799779, 0.011264223901387349, 0.0], "k_pid_vsp": [264.9966777379314, 304.1795245652576, 381.46279209960994]}, "datetime": {"datetime": "2025-08-12 06:18:13", "elapsed": 49973.35584425926, "delta": 30.941236972808838}, "costs": {"total_cost": 1460.6535573264848, "time_cost": 150, "final_distance_cost": 0.9989194387387974, "oscillation_cost": 3.4421638723911325, "completition_cost": 1000.0, "overshoot_cost": 162.97306374158978, "power_cost": 29.29848555908203, "noise_cost": 113.94092471468292, "n_waypoints_completed": 0, "tot_waypoints": 9}}
{"target": -186.32453814460237, "params": {"k_pid_pos": [1.0031316701085804, 0.024859491386256316, 0.40092638265648595], "k_pid_alt": [0.8737548644081292, 0.0, 0.06527723447865985], "k_pid_att": [7.172912009148735, 2.771467938851939, 0.666719676683535], "k_pid_yaw": [0.5, 1e-06, 0.1], "k_pid_hsp": [0.09847755819799779, 0.011264223901387349, 0.0], "k_pid_vsp": [264.9966777379314, 304.1795245652576, 2.77343605205192]}, "datetime": {"datetime": "2025-08-12 06:18:33", "elapsed": 49992.61503267288, "delta": 19.259188413619995}, "costs": {"total_cost": 186.32453814460237, "time_cost": 71.89, "final_distance_cost": 1.8304461637912006, "oscillation_cost": 26.55869950519421, "completition_cost": 0.0, "overshoot_cost": 50.77667101453335, "power_cost": 14.395828344726564, "noise_cost": 20.872893116357062, "n_waypoints_completed": 9, "tot_waypoints": 9}}
{"target": -273.21721516070573, "params": {"k_pid_pos": [1.0031316701085804, 0.5483189168798788, 0.923679981832325], "k_pid_alt": [1.7297729984189598, 0.0, 0.03027788721554503], "k_pid_att": [10.85276784655954, 7.029810156317336, 0.666719676683535], "k_pid_yaw": [0.5, 1e-06, 0.1], "k_pid_hsp": [0.09847755819799779, 0.2473685231332753, 0.0], "k_pid_vsp": [264.9966777379314, 374.34401413106906, 2.77343605205192]}, "datetime": {"datetime": "2025-08-12 06:18:56", "elapsed": 50016.1725833416, "delta": 23.55755066871643}, "costs": {"total_cost": 273.21721516070573, "time_cost": 90.139, "final_distance_cost": 1.812575639382583, "oscillation_cost": 79.66163360126345, "completition_cost": 0.0, "overshoot_cost": 54.266610803598454, "power_cost": 20.24338885498047, "noise_cost": 27.09400626148076, "n_waypoints_completed": 9, "tot_waypoints": 9}}
{"target": -209.9002269376213, "params": {"k_pid_pos": [1.0031316701085804, 0.5837705317333322, 0.40092638265648595], "k_pid_alt": [1.7297729984189598, 0.0, 0.03027788721554503], "k_pid_att": [9.353998950407705, 1.2169696906303682, 0.666719676683535], "k_pid_yaw": [0.5, 1e-06, 0.1], "k_pid_hsp": [0.09847755819799779, 0.011264223901387349, 0.0], "k_pid_vsp": [103.0527854068954, 304.1795245652576, 2.77343605205192]}, "datetime": {"datetime": "2025-08-12 06:19:19", "elapsed": 50038.97912764549, "delta": 22.806544303894043}, "costs": {"total_cost": 209.9002269376213, "time_cost": 82.243, "final_distance_cost": 1.7673390045761221, "oscillation_cost": 33.092442986172415, "completition_cost": 0.0, "overshoot_cost": 52.31700822345316, "power_cost": 17.03601580810547, "noise_cost": 23.444420915314172, "n_waypoints_completed": 9, "tot_waypoints": 9}}
{"target": -183.06471503479554, "params": {"k_pid_pos": [1.0031316701085804, 0.024859491386256316, 0.40092638265648595], "k_pid_alt": [1.7297729984189598, 0.0, 0.05010974591185968], "k_pid_att": [10.85276784655954, 1.4953935029224072, 0.666719676683535], "k_pid_yaw": [0.5, 1e-06, 0.1], "k_pid_hsp": [0.09847755819799779, 0.011264223901387349, 0.0], "k_pid_vsp": [264.9966777379314, 304.1795245652576, 2.77343605205192]}, "datetime": {"datetime": "2025-08-12 06:19:38", "elapsed": 50057.97692632675, "delta": 18.997798681259155}, "costs": {"total_cost": 183.06471503479554, "time_cost": 69.95100000000001, "final_distance_cost": 1.8244075481943005, "oscillation_cost": 25.864568537875826, "completition_cost": 0.0, "overshoot_cost": 50.54289419884588, "power_cost": 14.161435058593751, "noise_cost": 20.720409691285756, "n_waypoints_completed": 9, "tot_waypoints": 9}}
{"target": -907.3005206527486, "params": {"k_pid_pos": [1.0031316701085804, 0.024859491386256316, 0.40092638265648595], "k_pid_alt": [1.7297729984189598, 0.5603304823292007, 0.03027788721554503], "k_pid_att": [10.85276784655954, 1.4953935029224072, 0.666719676683535], "k_pid_yaw": [0.5, 1e-06, 0.1], "k_pid_hsp": [0.09847755819799779, 0.6112953616398312, 0.0], "k_pid_vsp": [264.9966777379314, 306.5653082406949, 2.77343605205192]}, "datetime": {"datetime": "2025-08-12 06:20:10", "elapsed": 50089.443304777145, "delta": 31.466378450393677}, "costs": {"total_cost": 907.3005206527486, "time_cost": 150, "final_distance_cost": 52.20164387376154, "oscillation_cost": 134.0749492371648, "completition_cost": 444.4444444444444, "overshoot_cost": 58.41575854774892, "power_cost": 33.07426691894531, "noise_cost": 35.08945763068359, "n_waypoints_completed": 5, "tot_waypoints": 9}}
{"target": -183.8190386014511, "params": {"k_pid_pos": [1.0031316701085804, 0.024859491386256316, 0.40092638265648595], "k_pid_alt": [1.7297729984189598, 0.0, 0.03027788721554503], "k_pid_att": [9.353998950407705, 1.2169696906303682, 0.666719676683535], "k_pid_yaw": [0.5, 1e-06, 0.1], "k_pid_hsp": [0.09847755819799779, 0.011264223901387349, 0.0], "k_pid_vsp": [103.0527854068954, 304.1795245652576, 2.77343605205192]}, "datetime": {"datetime": "2025-08-12 06:20:28", "elapsed": 50107.85176038742, "delta": 18.40845561027527}, "costs": {"total_cost": 183.8190386014511, "time_cost": 69.923, "final_distance_cost": 1.8330491996862979, "oscillation_cost": 26.39874167184214, "completition_cost": 0.0, "overshoot_cost": 50.68568719355048, "power_cost": 14.377133996582032, "noise_cost": 20.601426539790182, "n_waypoints_completed": 9, "tot_waypoints": 9}}
{"target": -182.9810291818718, "params": {"k_pid_pos": [1.0031316701085804, 0.024859491386256316, 0.40092638265648595], "k_pid_alt": [1.7297729984189598, 0.0, 0.06527723447865985], "k_pid_att": [10.85276784655954, 2.0014291760421457, 0.666719676683535], "k_pid_yaw": [0.5, 1e-06, 0.1], "k_pid_hsp": [0.09847755819799779, 0.011264223901387349, 0.0], "k_pid_vsp": [264.9966777379314, 304.1795245652576, 2.77343605205192]}, "datetime": {"datetime": "2025-08-12 06:20:46", "elapsed": 50125.74593758583, "delta": 17.894177198410034}, "costs": {"total_cost": 182.9810291818718, "time_cost": 69.95100000000001, "final_distance_cost": 1.8306002048505043, "oscillation_cost": 25.864413671957973, "completition_cost": 0.0, "overshoot_cost": 50.472186083987964, "power_cost": 14.145812280273438, "noise_cost": 20.7170169408019, "n_waypoints_completed": 9, "tot_waypoints": 9}}
{"target": -182.9810291818718, "params": {"k_pid_pos": [1.0031316701085804, 0.024859491386256316, 0.40092638265648595], "k_pid_alt": [1.7297729984189598, 0.0, 0.06527723447865985], "k_pid_att": [10.85276784655954, 2.0014291760421457, 0.666719676683535], "k_pid_yaw": [0.5, 1e-06, 0.1], "k_pid_hsp": [0.09847755819799779, 0.011264223901387349, 0.0], "k_pid_vsp": [264.9966777379314, 304.1795245652576, 2.77343605205192]}, "datetime": {"datetime": "2025-08-12 06:21:05", "elapsed": 50144.9261405468, "delta": 19.180202960968018}, "costs": {"total_cost": 182.9810291818718, "time_cost": 69.95100000000001, "final_distance_cost": 1.8306002048505043, "oscillation_cost": 25.864413671957973, "completition_cost": 0.0, "overshoot_cost": 50.472186083987964, "power_cost": 14.145812280273438, "noise_cost": 20.7170169408019, "n_waypoints_completed": 9, "tot_waypoints": 9}}
{"target": -183.02885771051874, "params": {"k_pid_pos": [1.0031316701085804, 0.024859491386256316, 0.40092638265648595], "k_pid_alt": [1.7297729984189598, 0.0, 0.05010974591185968], "k_pid_att": [10.85276784655954, 1.4953935029224072, 0.666719676683535], "k_pid_yaw": [0.5, 1e-06, 0.1], "k_pid_hsp": [0.09847755819799779, 0.011264223901387349, 0.0], "k_pid_vsp": [264.9966777379314, 306.5653082406949, 2.77343605205192]}, "datetime": {"datetime": "2025-08-12 06:21:23", "elapsed": 50162.58600759506, "delta": 17.65986704826355}, "costs": {"total_cost": 183.02885771051874, "time_cost": 69.95100000000001, "final_distance_cost": 1.8278328338506267, "oscillation_cost": 25.811820444584832, "completition_cost": 0.0, "overshoot_cost": 50.54400424261703, "power_cost": 14.171979443359376, "noise_cost": 20.72222074610684, "n_waypoints_completed": 9, "tot_waypoints": 9}}
{"target": -183.02885771051874, "params": {"k_pid_pos": [1.0031316701085804, 0.024859491386256316, 0.40092638265648595], "k_pid_alt": [1.7297729984189598, 0.0, 0.05010974591185968], "k_pid_att": [10.85276784655954, 1.4953935029224072, 0.666719676683535], "k_pid_yaw": [0.5, 1e-06, 0.1], "k_pid_hsp": [0.09847755819799779, 0.011264223901387349, 0.0], "k_pid_vsp": [264.9966777379314, 306.5653082406949, 2.77343605205192]}, "datetime": {"datetime": "2025-08-12 06:21:42", "elapsed": 50182.17602300644, "delta": 19.590015411376953}, "costs": {"total_cost": 183.02885771051874, "time_cost": 69.95100000000001, "final_distance_cost": 1.8278328338506267, "oscillation_cost": 25.811820444584832, "completition_cost": 0.0, "overshoot_cost": 50.54400424261703, "power_cost": 14.171979443359376, "noise_cost": 20.72222074610684, "n_waypoints_completed": 9, "tot_waypoints": 9}}
{"target": -183.16145499604812, "params": {"k_pid_pos": [1.0031316701085804, 0.024859491386256316, 0.40092638265648595], "k_pid_alt": [1.7297729984189598, 0.0, 0.06527723447865985], "k_pid_att": [10.85276784655954, 2.0014291760421457, 0.5155183737788994], "k_pid_yaw": [0.5, 1e-06, 0.1], "k_pid_hsp": [0.09847755819799779, 0.011264223901387349, 0.0], "k_pid_vsp": [264.9966777379314, 304.1795245652576, 2.77343605205192]}, "datetime": {"datetime": "2025-08-12 06:22:00", "elapsed": 50199.58788394928, "delta": 17.411860942840576}, "costs": {"total_cost": 183.16145499604812, "time_cost": 69.944, "final_distance_cost": 1.8264785173580294, "oscillation_cost": 26.04462627486483, "completition_cost": 0.0, "overshoot_cost": 50.44304483690355, "power_cost": 14.17526279296875, "noise_cost": 20.72804257395296, "n_waypoints_completed": 9, "tot_waypoints": 9}}
{"target": -231.42453271472513, "params": {"k_pid_pos": [1.033967693808597, 0.024859491386256316, 0.40092638265648595], "k_pid_alt": [1.7297729984189598, 0.0, 0.06527723447865985], "k_pid_att": [86.70916919633552, 2.0014291760421457, 0.666719676683535], "k_pid_yaw": [0.5, 1e-06, 0.1], "k_pid_hsp": [7.8725307703385665, 0.011264223901387349, 0.0], "k_pid_vsp": [103.0527854068954, 304.1795245652576, 2.77343605205192]}, "datetime": {"datetime": "2025-08-12 06:22:20", "elapsed": 50219.574224472046, "delta": 19.986340522766113}, "costs": {"total_cost": 231.42453271472513, "time_cost": 72.352, "final_distance_cost": 1.8488397012870728, "oscillation_cost": 68.40247937735825, "completition_cost": 0.0, "overshoot_cost": 50.59335514355623, "power_cost": 16.42715723876953, "noise_cost": 21.800701253754045, "n_waypoints_completed": 9, "tot_waypoints": 9}}
{"target": -186.48548474271468, "params": {"k_pid_pos": [1.0031316701085804, 0.07739255916577548, 0.4590198317865567], "k_pid_alt": [0.8253384436805415, 0.0, 0.03027788721554503], "k_pid_att": [9.353998950407705, 1.2169696906303682, 0.666719676683535], "k_pid_yaw": [0.5, 1e-06, 0.1], "k_pid_hsp": [0.09847755819799779, 0.011264223901387349, 0.0], "k_pid_vsp": [383.97622601200516, 389.94840056141436, 2.77343605205192]}, "datetime": {"datetime": "2025-08-12 06:22:38", "elapsed": 50237.38349747658, "delta": 17.80927300453186}, "costs": {"total_cost": 186.48548474271468, "time_cost": 72.485, "final_distance_cost": 1.8177720383674392, "oscillation_cost": 25.814784755842936, "completition_cost": 0.0, "overshoot_cost": 50.72694512382611, "power_cost": 14.45003680419922, "noise_cost": 21.19094602047899, "n_waypoints_completed": 9, "tot_waypoints": 9}}
{"target": -192.09676410486722, "params": {"k_pid_pos": [1.2231345170825065, 0.024859491386256316, 0.027766713950817756], "k_pid_alt": [1.7297729984189598, 0.0, 0.5044609676242398], "k_pid_att": [68.49694692215903, 1.4953935029224072, 0.666719676683535], "k_pid_yaw": [0.5, 1e-06, 0.1], "k_pid_hsp": [0.09847755819799779, 0.011264223901387349, 0.0], "k_pid_vsp": [264.9966777379314, 304.1795245652576, 2.77343605205192]}, "datetime": {"datetime": "2025-08-12 06:22:57", "elapsed": 50257.03422379494, "delta": 19.650726318359375}, "costs": {"total_cost": 192.09676410486722, "time_cost": 72.177, "final_distance_cost": 1.754136220928306, "oscillation_cost": 31.135315728168635, "completition_cost": 0.0, "overshoot_cost": 50.79862749249124, "power_cost": 15.030414086914064, "noise_cost": 21.201270576364973, "n_waypoints_completed": 9, "tot_waypoints": 9}}
{"target": -582.4467311583468, "params": {"k_pid_pos": [1.0031316701085804, 0.024859491386256316, 0.40092638265648595], "k_pid_alt": [0.03464297246109593, 0.03158347911188941, 0.05010974591185968], "k_pid_att": [10.85276784655954, 1.4953935029224072, 0.7746232796670197], "k_pid_yaw": [0.5, 1e-06, 0.1], "k_pid_hsp": [2.2182149883720155, 0.011264223901387349, 0.0], "k_pid_vsp": [29.557606549414395, 306.5653082406949, 2.77343605205192]}, "datetime": {"datetime": "2025-08-12 06:23:29", "elapsed": 50288.77668380737, "delta": 31.742460012435913}, "costs": {"total_cost": 582.4467311583468, "time_cost": 150, "final_distance_cost": 71.5511946966478, "oscillation_cost": 24.946096299641894, "completition_cost": 222.2222222222222, "overshoot_cost": 57.91035526507185, "power_cost": 22.524719458007812, "noise_cost": 33.29214321675519, "n_waypoints_completed": 7, "tot_waypoints": 9}}
{"target": -796.15417617055, "params": {"k_pid_pos": [1.033967693808597, 0.024859491386256316, 0.11838016897587333], "k_pid_alt": [0.8737548644081292, 0.0, 0.8325386616406555], "k_pid_att": [10.85276784655954, 1.4953935029224072, 0.666719676683535], "k_pid_yaw": [0.5, 1e-06, 0.1], "k_pid_hsp": [0.09847755819799779, 0.5024897330046606, 0.0], "k_pid_vsp": [349.886712726164, 310.89645667885657, 2.77343605205192]}, "datetime": {"datetime": "2025-08-12 06:24:01", "elapsed": 50320.537850379944, "delta": 31.7611665725708}, "costs": {"total_cost": 796.15417617055, "time_cost": 150, "final_distance_cost": 62.749475842238446, "oscillation_cost": 113.67733237202279, "completition_cost": 333.33333333333337, "overshoot_cost": 67.86206320288032, "power_cost": 33.283773449707034, "noise_cost": 35.24819797036805, "n_waypoints_completed": 6, "tot_waypoints": 9}}
{"target": -183.89568716724546, "params": {"k_pid_pos": [1.0031316701085804, 0.024859491386256316, 0.40092638265648595], "k_pid_alt": [1.7297729984189598, 0.0, 0.06527723447865985], "k_pid_att": [86.70916919633552, 2.0014291760421457, 0.666719676683535], "k_pid_yaw": [0.5, 1e-06, 0.1], "k_pid_hsp": [0.09847755819799779, 0.011264223901387349, 0.0], "k_pid_vsp": [264.9966777379314, 389.94840056141436, 2.77343605205192]}, "datetime": {"datetime": "2025-08-12 06:24:19", "elapsed": 50338.41783094406, "delta": 17.87998056411743}, "costs": {"total_cost": 183.89568716724546, "time_cost": 70.105, "final_distance_cost": 1.8356793372118296, "oscillation_cost": 25.977750746533147, "completition_cost": 0.0, "overshoot_cost": 50.849216302601846, "power_cost": 14.307131787109375, "noise_cost": 20.82090899378927, "n_waypoints_completed": 9, "tot_waypoints": 9}}
