{"target": -217.82858892877508, "params": {"k_pid_pos": [0.5503339975771474, 0.024859491386256316, 0.2801383876314065], "k_pid_alt": [1.8299588345564006, 0.21279159204151088, 0.06527723447865985], "k_pid_att": [43.948176657889235, 3.8677381495188174, 0.38500037867184356], "k_pid_yaw": [0.5, 1e-06, 0.1], "k_pid_hsp": [0.09847755819799779, 0.011264223901387349, 0.0], "k_pid_vsp": [10.061310251204958, 336.89689932622207, 85.70232995912893]}, "datetime": {"datetime": "2025-08-11 19:30:09", "elapsed": 11088.500982522964, "delta": 23.381489992141724}, "costs": {"total_cost": 217.82858892877508, "time_cost": 93.023, "final_distance_cost": 1.8165296530906456, "oscillation_cost": 21.968190591049645, "completition_cost": 0.0, "overshoot_cost": 56.47450991822951, "power_cost": 22.86435185546875, "noise_cost": 21.682006910936547, "n_waypoints_completed": 9, "tot_waypoints": 9}}
{"target": -2022.6864507394425, "params": {"k_pid_pos": [1.3885554450422086, 0.024859491386256316, 0.44963268842268056], "k_pid_alt": [1.2679502233621702, 0.0, 0.06527723447865985], "k_pid_att": [43.948176657889235, 3.8677381495188174, 0.1845336041603497], "k_pid_yaw": [0.5, 1e-06, 0.1], "k_pid_hsp": [0.09847755819799779, 0.011264223901387349, 0.43392620681026395], "k_pid_vsp": [194.7624155113164, 139.20520652041523, 10.0]}, "datetime": {"datetime": "2025-08-11 19:30:38", "elapsed": 11118.298956632614, "delta": 29.797974109649658}, "costs": {"total_cost": 2022.6864507394425, "time_cost": 150, "final_distance_cost": 81.01792121285845, "oscillation_cost": 835.9646212887424, "completition_cost": 777.7777777777778, "overshoot_cost": 114.46557159919256, "power_cost": 33.15458763427735, "noise_cost": 30.305971226594018, "n_waypoints_completed": 2, "tot_waypoints": 9}}
{"target": -275.8882914000613, "params": {"k_pid_pos": [1.0031316701085804, 0.9521925363959002, 0.44963268842268056], "k_pid_alt": [1.2679502233621702, 0.0, 0.06527723447865985], "k_pid_att": [24.0942673894178, 3.7802132718527557, 0.1845336041603497], "k_pid_yaw": [0.5, 1e-06, 0.1], "k_pid_hsp": [0.09847755819799779, 0.011264223901387349, 0.0], "k_pid_vsp": [279.31855783528204, 336.89689932622207, 62.564861685850005]}, "datetime": {"datetime": "2025-08-11 19:31:07", "elapsed": 11146.916311502457, "delta": 28.61735486984253}, "costs": {"total_cost": 275.8882914000613, "time_cost": 111.23, "final_distance_cost": 1.7596839408629823, "oscillation_cost": 49.11661915818627, "completition_cost": 0.0, "overshoot_cost": 56.01823915118907, "power_cost": 29.565360302734376, "noise_cost": 28.198388847088587, "n_waypoints_completed": 9, "tot_waypoints": 9}}
{"target": -203.74652768186309, "params": {"k_pid_pos": [1.3885554450422086, 0.024859491386256316, 0.44963268842268056], "k_pid_alt": [0.5660386435476983, 0.0, 0.06527723447865985], "k_pid_att": [43.948176657889235, 3.8677381495188174, 0.1845336041603497], "k_pid_yaw": [0.5, 1e-06, 0.1], "k_pid_hsp": [1.742591002227903, 0.011264223901387349, 0.0], "k_pid_vsp": [194.7624155113164, 139.20520652041523, 10.0]}, "datetime": {"datetime": "2025-08-11 19:31:26", "elapsed": 11165.807745933533, "delta": 18.89143443107605}, "costs": {"total_cost": 203.74652768186309, "time_cost": 75.425, "final_distance_cost": 1.854567025522525, "oscillation_cost": 37.25443220194478, "completition_cost": 0.0, "overshoot_cost": 50.376272533534966, "power_cost": 19.628063330078128, "noise_cost": 19.208192590782673, "n_waypoints_completed": 9, "tot_waypoints": 9}}
{"target": -186.8616917151283, "params": {"k_pid_pos": [1.3885554450422086, 0.024859491386256316, 0.44963268842268056], "k_pid_alt": [1.636508049307729, 0.0, 0.06527723447865985], "k_pid_att": [58.989274729095186, 0.1829435822487251, 0.1845336041603497], "k_pid_yaw": [0.5, 1e-06, 0.1], "k_pid_hsp": [0.09847755819799779, 0.011264223901387349, 0.0], "k_pid_vsp": [194.7624155113164, 139.20520652041523, 10.0]}, "datetime": {"datetime": "2025-08-11 19:31:43", "elapsed": 11182.906121015549, "delta": 17.09837508201599}, "costs": {"total_cost": 186.8616917151283, "time_cost": 69.517, "final_distance_cost": 1.8060496036290667, "oscillation_cost": 29.062897097702, "completition_cost": 0.0, "overshoot_cost": 50.84156759140818, "power_cost": 17.788698876953127, "noise_cost": 17.845478545435963, "n_waypoints_completed": 9, "tot_waypoints": 9}}
{"target": -198.62283087808862, "params": {"k_pid_pos": [1.3885554450422086, 0.32941221611176796, 0.44963268842268056], "k_pid_alt": [0.7194253153428574, 0.0, 0.06527723447865985], "k_pid_att": [43.948176657889235, 3.8677381495188174, 0.9166398602394554], "k_pid_yaw": [0.5, 1e-06, 0.1], "k_pid_hsp": [0.09847755819799779, 0.011264223901387349, 0.0], "k_pid_vsp": [194.7624155113164, 307.0029666248519, 10.0]}, "datetime": {"datetime": "2025-08-11 19:32:02", "elapsed": 11202.024358510971, "delta": 19.118237495422363}, "costs": {"total_cost": 198.62283087808862, "time_cost": 76.496, "final_distance_cost": 1.778190375123803, "oscillation_cost": 30.68989498388283, "completition_cost": 0.0, "overshoot_cost": 50.890577126754856, "power_cost": 19.83070711669922, "noise_cost": 18.937461275627918, "n_waypoints_completed": 9, "tot_waypoints": 9}}
{"target": -350.52134373133003, "params": {"k_pid_pos": [1.3885554450422086, 0.024859491386256316, 0.44963268842268056], "k_pid_alt": [1.2679502233621702, 0.19689014389003456, 0.06527723447865985], "k_pid_att": [43.948176657889235, 4.028010644934719, 0.1845336041603497], "k_pid_yaw": [0.5, 1e-06, 0.1], "k_pid_hsp": [0.09847755819799779, 0.34786682559405435, 0.0], "k_pid_vsp": [250.4409247236842, 125.65391032508283, 62.564861685850005]}, "datetime": {"datetime": "2025-08-11 19:32:29", "elapsed": 11228.864785432816, "delta": 26.840426921844482}, "costs": {"total_cost": 350.52134373133003, "time_cost": 109.886, "final_distance_cost": 1.7617259717396418, "oscillation_cost": 117.55608221496539, "completition_cost": 0.0, "overshoot_cost": 60.67554061457699, "power_cost": 31.362986279296877, "noise_cost": 29.27900865075111, "n_waypoints_completed": 9, "tot_waypoints": 9}}
{"target": -184.9985303697798, "params": {"k_pid_pos": [1.0031316701085804, 0.024859491386256316, 0.44963268842268056], "k_pid_alt": [1.2679502233621702, 0.0, 0.06527723447865985], "k_pid_att": [24.0942673894178, 3.7802132718527557, 0.1845336041603497], "k_pid_yaw": [0.5, 1e-06, 0.1], "k_pid_hsp": [0.09847755819799779, 0.011264223901387349, 0.0], "k_pid_vsp": [279.31855783528204, 336.89689932622207, 62.564861685850005]}, "datetime": {"datetime": "2025-08-11 19:32:46", "elapsed": 11246.376962423325, "delta": 17.512176990509033}, "costs": {"total_cost": 184.9985303697798, "time_cost": 70.756, "final_distance_cost": 1.8296624898101252, "oscillation_cost": 25.92040249377883, "completition_cost": 0.0, "overshoot_cost": 50.67362444698116, "power_cost": 18.17354315185547, "noise_cost": 17.645297787354224, "n_waypoints_completed": 9, "tot_waypoints": 9}}
{"target": -185.30778773307898, "params": {"k_pid_pos": [1.0031316701085804, 0.024859491386256316, 0.44963268842268056], "k_pid_alt": [1.2679502233621702, 0.0, 0.06527723447865985], "k_pid_att": [24.0942673894178, 3.7802132718527557, 0.837110513405392], "k_pid_yaw": [0.5, 1e-06, 0.1], "k_pid_hsp": [0.09847755819799779, 0.011264223901387349, 0.0], "k_pid_vsp": [250.4409247236842, 336.89689932622207, 62.564861685850005]}, "datetime": {"datetime": "2025-08-11 19:33:04", "elapsed": 11263.962907075882, "delta": 17.585944652557373}, "costs": {"total_cost": 185.30778773307898, "time_cost": 70.819, "final_distance_cost": 1.8351135474295652, "oscillation_cost": 25.527013680033456, "completition_cost": 0.0, "overshoot_cost": 51.171672496001875, "power_cost": 18.271016625976564, "noise_cost": 17.683971383637516, "n_waypoints_completed": 9, "tot_waypoints": 9}}
{"target": -185.4759441536794, "params": {"k_pid_pos": [1.0031316701085804, 0.024859491386256316, 0.44963268842268056], "k_pid_alt": [1.2679502233621702, 0.0, 0.06527723447865985], "k_pid_att": [43.948176657889235, 3.7802132718527557, 0.1845336041603497], "k_pid_yaw": [0.5, 1e-06, 0.1], "k_pid_hsp": [0.09847755819799779, 0.011264223901387349, 0.0], "k_pid_vsp": [279.31855783528204, 336.89689932622207, 62.564861685850005]}, "datetime": {"datetime": "2025-08-11 19:33:22", "elapsed": 11281.504806041718, "delta": 17.54189896583557}, "costs": {"total_cost": 185.4759441536794, "time_cost": 70.812, "final_distance_cost": 1.8291113049913463, "oscillation_cost": 25.875958409826, "completition_cost": 0.0, "overshoot_cost": 50.95316665410409, "power_cost": 18.24726290283203, "noise_cost": 17.758444881925925, "n_waypoints_completed": 9, "tot_waypoints": 9}}
{"target": -189.73763744566872, "params": {"k_pid_pos": [1.9168537650125603, 0.024859491386256316, 0.44963268842268056], "k_pid_alt": [1.2679502233621702, 0.0, 0.06527723447865985], "k_pid_att": [39.909449977216326, 3.8677381495188174, 0.1845336041603497], "k_pid_yaw": [0.5, 1e-06, 0.1], "k_pid_hsp": [0.09847755819799779, 0.011264223901387349, 0.0], "k_pid_vsp": [250.4409247236842, 336.89689932622207, 62.564861685850005]}, "datetime": {"datetime": "2025-08-11 19:33:39", "elapsed": 11298.82672548294, "delta": 17.321919441223145}, "costs": {"total_cost": 189.73763744566872, "time_cost": 69.93, "final_distance_cost": 1.7972176185766655, "oscillation_cost": 31.292710115075877, "completition_cost": 0.0, "overshoot_cost": 51.107344473288485, "power_cost": 18.25391071777344, "noise_cost": 17.356454520954273, "n_waypoints_completed": 9, "tot_waypoints": 9}}
{"target": -189.59833390344798, "params": {"k_pid_pos": [1.3885554450422086, 0.024859491386256316, 0.44963268842268056], "k_pid_alt": [1.2679502233621702, 0.0, 0.06527723447865985], "k_pid_att": [94.70626418914286, 3.7802132718527557, 0.1845336041603497], "k_pid_yaw": [0.5, 1e-06, 0.1], "k_pid_hsp": [0.09847755819799779, 0.011264223901387349, 0.0], "k_pid_vsp": [277.2708477836043, 104.00531260114543, 10.0]}, "datetime": {"datetime": "2025-08-11 19:33:56", "elapsed": 11315.878782272339, "delta": 17.052056789398193}, "costs": {"total_cost": 189.59833390344798, "time_cost": 70.105, "final_distance_cost": 1.825353074229008, "oscillation_cost": 30.897293621791878, "completition_cost": 0.0, "overshoot_cost": 50.953738207719155, "power_cost": 17.407937463378907, "noise_cost": 18.409011536329018, "n_waypoints_completed": 9, "tot_waypoints": 9}}
{"target": -216.86078883443201, "params": {"k_pid_pos": [1.0031316701085804, 0.024859491386256316, 0.44963268842268056], "k_pid_alt": [1.2679502233621702, 0.0, 0.06527723447865985], "k_pid_att": [24.0942673894178, 8.715136069545439, 0.837110513405392], "k_pid_yaw": [0.5, 1e-06, 0.1], "k_pid_hsp": [7.728305082468198, 0.011264223901387349, 0.0], "k_pid_vsp": [250.4409247236842, 336.89689932622207, 62.564861685850005]}, "datetime": {"datetime": "2025-08-11 19:34:14", "elapsed": 11333.812439203262, "delta": 17.933656930923462}, "costs": {"total_cost": 216.86078883443201, "time_cost": 74.84400000000001, "final_distance_cost": 1.8481273242097895, "oscillation_cost": 50.45413888864425, "completition_cost": 0.0, "overshoot_cost": 50.58971572104724, "power_cost": 19.615091247558595, "noise_cost": 19.50971565297215, "n_waypoints_completed": 9, "tot_waypoints": 9}}
{"target": -1007.106656831347, "params": {"k_pid_pos": [0.59798563265942, 0.024859491386256316, 0.44963268842268056], "k_pid_alt": [1.2679502233621702, 0.0, 0.06527723447865985], "k_pid_att": [24.0942673894178, 3.7802132718527557, 0.1845336041603497], "k_pid_yaw": [0.5, 1e-06, 0.1], "k_pid_hsp": [0.09847755819799779, 0.011264223901387349, 0.11504281536220251], "k_pid_vsp": [279.31855783528204, 336.89689932622207, 62.564861685850005]}, "datetime": {"datetime": "2025-08-11 19:34:43", "elapsed": 11363.251182556152, "delta": 29.438743352890015}, "costs": {"total_cost": 1007.106656831347, "time_cost": 150, "final_distance_cost": 65.81125011427527, "oscillation_cost": 563.6218105965993, "completition_cost": 111.11111111111116, "overshoot_cost": 57.490653219882205, "power_cost": 31.28501141357422, "noise_cost": 27.78682037590472, "n_waypoints_completed": 8, "tot_waypoints": 9}}
{"target": -258.47537580317334, "params": {"k_pid_pos": [1.0031316701085804, 0.024859491386256316, 0.44963268842268056], "k_pid_alt": [0.6046773907049969, 0.0, 0.06527723447865985], "k_pid_att": [24.0942673894178, 3.7802132718527557, 0.1845336041603497], "k_pid_yaw": [0.5, 1e-06, 0.1], "k_pid_hsp": [6.3710770224823925, 0.011264223901387349, 0.0], "k_pid_vsp": [279.31855783528204, 336.89689932622207, 10.0]}, "datetime": {"datetime": "2025-08-11 19:35:03", "elapsed": 11382.669307231903, "delta": 19.418124675750732}, "costs": {"total_cost": 258.47537580317334, "time_cost": 79.296, "final_distance_cost": 1.8531861308602475, "oscillation_cost": 85.80594995422277, "completition_cost": 0.0, "overshoot_cost": 50.74052878242748, "power_cost": 20.197667541503908, "noise_cost": 20.582043394158926, "n_waypoints_completed": 9, "tot_waypoints": 9}}
{"target": -191.66769687777207, "params": {"k_pid_pos": [0.5692387081849184, 0.024859491386256316, 0.31939348815736834], "k_pid_alt": [1.636508049307729, 0.0, 0.06527723447865985], "k_pid_att": [58.989274729095186, 0.7200504618080176, 0.9166398602394554], "k_pid_yaw": [0.5, 1e-06, 0.1], "k_pid_hsp": [0.09847755819799779, 0.011264223901387349, 0.0], "k_pid_vsp": [194.7624155113164, 307.0029666248519, 62.564861685850005]}, "datetime": {"datetime": "2025-08-11 19:35:21", "elapsed": 11401.344881534576, "delta": 18.67557430267334}, "costs": {"total_cost": 191.66769687777207, "time_cost": 76.86, "final_distance_cost": 1.8538800707578038, "oscillation_cost": 21.230060754824237, "completition_cost": 0.0, "overshoot_cost": 52.652787390625804, "power_cost": 19.49780495605469, "noise_cost": 19.573163705509533, "n_waypoints_completed": 9, "tot_waypoints": 9}}
{"target": -186.688433523988, "params": {"k_pid_pos": [1.3885554450422086, 0.024859491386256316, 0.44963268842268056], "k_pid_alt": [1.3131013039922512, 0.0, 0.06527723447865985], "k_pid_att": [43.948176657889235, 3.7802132718527557, 0.3495979120577055], "k_pid_yaw": [0.5, 1e-06, 0.1], "k_pid_hsp": [0.09847755819799779, 0.011264223901387349, 0.0], "k_pid_vsp": [279.31855783528204, 336.89689932622207, 62.564861685850005]}, "datetime": {"datetime": "2025-08-11 19:35:38", "elapsed": 11418.30030965805, "delta": 16.95542812347412}, "costs": {"total_cost": 186.688433523988, "time_cost": 70.0, "final_distance_cost": 1.7956563891734925, "oscillation_cost": 28.12636131036414, "completition_cost": 0.0, "overshoot_cost": 50.78970666051026, "power_cost": 18.307317834472656, "noise_cost": 17.669391329467455, "n_waypoints_completed": 9, "tot_waypoints": 9}}
{"target": -829.0432193376354, "params": {"k_pid_pos": [1.0031316701085804, 0.024859491386256316, 0.44963268842268056], "k_pid_alt": [1.2679502233621702, 0.0, 0.26454652801742706], "k_pid_att": [43.948176657889235, 8.589697399353744, 0.5289969311173601], "k_pid_yaw": [0.5, 1e-06, 0.1], "k_pid_hsp": [0.09847755819799779, 0.8252135636493042, 0.0], "k_pid_vsp": [194.7624155113164, 14.13097884785163, 10.0]}, "datetime": {"datetime": "2025-08-11 19:36:08", "elapsed": 11447.583689689636, "delta": 29.283380031585693}, "costs": {"total_cost": 829.0432193376354, "time_cost": 150, "final_distance_cost": 72.6464842981266, "oscillation_cost": 130.15517828646588, "completition_cost": 333.33333333333337, "overshoot_cost": 73.67145234090552, "power_cost": 34.27016920166016, "noise_cost": 34.96660187714395, "n_waypoints_completed": 6, "tot_waypoints": 9}}
{"target": -186.7785029424338, "params": {"k_pid_pos": [1.0031316701085804, 0.024859491386256316, 0.44963268842268056], "k_pid_alt": [1.2679502233621702, 0.0, 0.06527723447865985], "k_pid_att": [43.948176657889235, 3.8677381495188174, 0.03545872694893892], "k_pid_yaw": [0.5, 1e-06, 0.1], "k_pid_hsp": [0.09847755819799779, 0.011264223901387349, 0.0], "k_pid_vsp": [277.2708477836043, 307.0029666248519, 10.69915016599017]}, "datetime": {"datetime": "2025-08-11 19:36:25", "elapsed": 11464.778587341309, "delta": 17.194897651672363}, "costs": {"total_cost": 186.7785029424338, "time_cost": 70.651, "final_distance_cost": 1.840475744514971, "oscillation_cost": 27.726805323706916, "completition_cost": 0.0, "overshoot_cost": 50.73197417266412, "power_cost": 17.916181616210938, "noise_cost": 17.912066085336857, "n_waypoints_completed": 9, "tot_waypoints": 9}}
{"target": -250.88009102634373, "params": {"k_pid_pos": [1.3885554450422086, 0.5313431052703059, 0.8026458379953977], "k_pid_alt": [1.2679502233621702, 0.0, 0.06527723447865985], "k_pid_att": [24.0942673894178, 3.7802132718527557, 0.1845336041603497], "k_pid_yaw": [0.5, 1e-06, 0.1], "k_pid_hsp": [5.128277129725155, 0.011264223901387349, 0.0], "k_pid_vsp": [250.4409247236842, 336.89689932622207, 62.564861685850005]}, "datetime": {"datetime": "2025-08-11 19:36:43", "elapsed": 11483.199052333832, "delta": 18.420464992523193}, "costs": {"total_cost": 250.88009102634373, "time_cost": 75.096, "final_distance_cost": 1.8045368493824605, "oscillation_cost": 84.63484256257681, "completition_cost": 0.0, "overshoot_cost": 50.198188971338325, "power_cost": 19.893809411621096, "noise_cost": 19.252713231425034, "n_waypoints_completed": 9, "tot_waypoints": 9}}
{"target": -196.467325600561, "params": {"k_pid_pos": [1.3885554450422086, 0.32941221611176796, 0.6600513411052183], "k_pid_alt": [0.7194253153428574, 0.0, 0.06527723447865985], "k_pid_att": [43.948176657889235, 3.8677381495188174, 0.9166398602394554], "k_pid_yaw": [0.5, 1e-06, 0.1], "k_pid_hsp": [0.09847755819799779, 0.011264223901387349, 0.0], "k_pid_vsp": [194.7624155113164, 307.0029666248519, 10.0]}, "datetime": {"datetime": "2025-08-11 19:37:02", "elapsed": 11501.827377796173, "delta": 18.62832546234131}, "costs": {"total_cost": 196.467325600561, "time_cost": 76.377, "final_distance_cost": 1.8204722131789879, "oscillation_cost": 28.95982654665078, "completition_cost": 0.0, "overshoot_cost": 50.77255966082605, "power_cost": 19.700325903320312, "noise_cost": 18.83714127658487, "n_waypoints_completed": 9, "tot_waypoints": 9}}
{"target": -186.19009909229186, "params": {"k_pid_pos": [1.3885554450422086, 0.024859491386256316, 0.44963268842268056], "k_pid_alt": [1.636508049307729, 0.0, 0.06527723447865985], "k_pid_att": [58.989274729095186, 0.7200504618080176, 0.9166398602394554], "k_pid_yaw": [0.5, 1e-06, 0.1], "k_pid_hsp": [0.09847755819799779, 0.011264223901387349, 0.0], "k_pid_vsp": [194.7624155113164, 307.0029666248519, 10.0]}, "datetime": {"datetime": "2025-08-11 19:37:19", "elapsed": 11518.536894798279, "delta": 16.709517002105713}, "costs": {"total_cost": 186.19009909229186, "time_cost": 69.384, "final_distance_cost": 1.7976164172723093, "oscillation_cost": 28.739410941303934, "completition_cost": 0.0, "overshoot_cost": 50.54003060207813, "power_cost": 18.00883690185547, "noise_cost": 17.720204229782027, "n_waypoints_completed": 9, "tot_waypoints": 9}}
{"target": -186.49635214117765, "params": {"k_pid_pos": [1.3885554450422086, 0.024859491386256316, 0.44963268842268056], "k_pid_alt": [1.636508049307729, 0.0, 0.06527723447865985], "k_pid_att": [58.989274729095186, 0.7200504618080176, 0.9166398602394554], "k_pid_yaw": [0.5, 1e-06, 0.1], "k_pid_hsp": [0.09847755819799779, 0.011264223901387349, 0.0], "k_pid_vsp": [194.7624155113164, 307.0029666248519, 62.564861685850005]}, "datetime": {"datetime": "2025-08-11 19:37:36", "elapsed": 11535.601202249527, "delta": 17.06430745124817}, "costs": {"total_cost": 186.49635214117765, "time_cost": 70.042, "final_distance_cost": 1.8190176103470355, "oscillation_cost": 27.74065190552984, "completition_cost": 0.0, "overshoot_cost": 51.05273577330207, "power_cost": 18.374652099609374, "noise_cost": 17.467294752389332, "n_waypoints_completed": 9, "tot_waypoints": 9}}
{"target": -185.02127969655518, "params": {"k_pid_pos": [1.0031316701085804, 0.024859491386256316, 0.44963268842268056], "k_pid_alt": [1.2679502233621702, 0.0, 0.06527723447865985], "k_pid_att": [24.0942673894178, 3.7802132718527557, 0.837110513405392], "k_pid_yaw": [0.5, 1e-06, 0.1], "k_pid_hsp": [0.09847755819799779, 0.011264223901387349, 0.0], "k_pid_vsp": [250.4409247236842, 336.89689932622207, 10.0]}, "datetime": {"datetime": "2025-08-11 19:37:53", "elapsed": 11553.312143564224, "delta": 17.710941314697266}, "costs": {"total_cost": 185.02127969655518, "time_cost": 70.609, "final_distance_cost": 1.8329536468214793, "oscillation_cost": 26.086405708455946, "completition_cost": 0.0, "overshoot_cost": 50.52442517341813, "power_cost": 18.042136340332032, "noise_cost": 17.926358827527583, "n_waypoints_completed": 9, "tot_waypoints": 9}}
{"target": -192.5779247788427, "params": {"k_pid_pos": [1.3885554450422086, 0.25995968672490866, 0.44963268842268056], "k_pid_alt": [1.2679502233621702, 0.0, 0.06527723447865985], "k_pid_att": [43.948176657889235, 3.8677381495188174, 0.5354455210588809], "k_pid_yaw": [0.5, 1e-06, 0.1], "k_pid_hsp": [0.09847755819799779, 0.011264223901387349, 0.0], "k_pid_vsp": [277.2708477836043, 307.0029666248519, 10.0]}, "datetime": {"datetime": "2025-08-11 19:38:12", "elapsed": 11571.581760883331, "delta": 18.269617319107056}, "costs": {"total_cost": 192.5779247788427, "time_cost": 73.129, "final_distance_cost": 1.783865751649567, "oscillation_cost": 29.813772525461342, "completition_cost": 0.0, "overshoot_cost": 50.630863187754485, "power_cost": 18.87462479248047, "noise_cost": 18.345798521496835, "n_waypoints_completed": 9, "tot_waypoints": 9}}
