{"target": -183.8110225273971, "params": {"k_pid_pos": [1.0031316701085804, 0.024859491386256316, 0.40092638265648595], "k_pid_alt": [1.7297729984189598, 0.0, 0.06527723447865985], "k_pid_att": [24.0942673894178, 0.18205753750414305, 0.666719676683535], "k_pid_yaw": [0.5, 1e-06, 0.1], "k_pid_hsp": [0.09847755819799779, 0.011264223901387349, 0.0], "k_pid_vsp": [292.94687076665593, 307.0029666248519, 21.011196465382298]}, "datetime": {"datetime": "2025-08-12 00:04:35", "elapsed": 27554.939742803574, "delta": 18.822734117507935}, "costs": {"total_cost": 183.8110225273971, "time_cost": 70.07000000000001, "final_distance_cost": 1.8304748413350997, "oscillation_cost": 25.975194414413714, "completition_cost": 0.0, "overshoot_cost": 50.3368091434941, "power_cost": 17.946738708496095, "noise_cost": 17.651805419658114, "n_waypoints_completed": 9, "tot_waypoints": 9}}
{"target": -203.3172762452283, "params": {"k_pid_pos": [1.0303987325070019, 0.024859491386256316, 0.9451257094832697], "k_pid_alt": [1.2679502233621702, 0.0, 0.06527723447865985], "k_pid_att": [24.0942673894178, 0.18205753750414305, 0.8000710073097888], "k_pid_yaw": [0.5, 1e-06, 0.1], "k_pid_hsp": [0.09847755819799779, 0.03986108334795646, 0.0], "k_pid_vsp": [292.94687076665593, 32.59246354921366, 21.011196465382298]}, "datetime": {"datetime": "2025-08-12 00:04:57", "elapsed": 27577.3306183815, "delta": 22.390875577926636}, "costs": {"total_cost": 203.3172762452283, "time_cost": 79.31700000000001, "final_distance_cost": 1.8556456813005564, "oscillation_cost": 28.19725031492129, "completition_cost": 0.0, "overshoot_cost": 52.028685395688235, "power_cost": 20.321722119140627, "noise_cost": 21.59697273417761, "n_waypoints_completed": 9, "tot_waypoints": 9}}
{"target": -188.17898523819332, "params": {"k_pid_pos": [1.8922997940790476, 0.024859491386256316, 0.9451257094832697], "k_pid_alt": [1.2679502233621702, 0.0, 0.06527723447865985], "k_pid_att": [24.0942673894178, 0.18205753750414305, 0.8000710073097888], "k_pid_yaw": [0.5, 1e-06, 0.1], "k_pid_hsp": [0.09847755819799779, 0.011264223901387349, 0.0], "k_pid_vsp": [292.94687076665593, 59.083466427248936, 21.011196465382298]}, "datetime": {"datetime": "2025-08-12 00:05:18", "elapsed": 27597.6987054348, "delta": 20.36808705329895}, "costs": {"total_cost": 188.17898523819332, "time_cost": 70.462, "final_distance_cost": 1.8194288385877153, "oscillation_cost": 28.09489004583821, "completition_cost": 0.0, "overshoot_cost": 51.68202789344469, "power_cost": 18.11211875, "noise_cost": 18.00851971032269, "n_waypoints_completed": 9, "tot_waypoints": 9}}
{"target": -184.40986651534445, "params": {"k_pid_pos": [1.0031316701085804, 0.024859491386256316, 0.40092638265648595], "k_pid_alt": [1.7297729984189598, 0.0, 0.06527723447865985], "k_pid_att": [24.0942673894178, 2.6889016979653872, 0.666719676683535], "k_pid_yaw": [0.5, 1e-06, 0.1], "k_pid_hsp": [0.09847755819799779, 0.011264223901387349, 0.0], "k_pid_vsp": [292.94687076665593, 178.623871307833, 21.011196465382298]}, "datetime": {"datetime": "2025-08-12 00:05:36", "elapsed": 27616.176639080048, "delta": 18.477933645248413}, "costs": {"total_cost": 184.40986651534445, "time_cost": 70.238, "final_distance_cost": 1.816241273342168, "oscillation_cost": 25.60708362823166, "completition_cost": 0.0, "overshoot_cost": 50.750453600312994, "power_cost": 18.090442309570314, "noise_cost": 17.907645703887315, "n_waypoints_completed": 9, "tot_waypoints": 9}}
{"target": -194.8607500831036, "params": {"k_pid_pos": [1.0031316701085804, 0.024859491386256316, 0.36618571039493764], "k_pid_alt": [1.7297729984189598, 0.8642589832568949, 0.06527723447865985], "k_pid_att": [24.0942673894178, 0.18205753750414305, 0.5188756214002959], "k_pid_yaw": [0.5, 1e-06, 0.1], "k_pid_hsp": [0.09847755819799779, 0.011264223901387349, 0.0], "k_pid_vsp": [292.94687076665593, 307.0029666248519, 21.011196465382298]}, "datetime": {"datetime": "2025-08-12 00:05:56", "elapsed": 27635.535039424896, "delta": 19.358400344848633}, "costs": {"total_cost": 194.8607500831036, "time_cost": 75.922, "final_distance_cost": 1.7815314047119981, "oscillation_cost": 27.57762036529681, "completition_cost": 0.0, "overshoot_cost": 52.059109081502505, "power_cost": 19.306478625488282, "noise_cost": 18.214010606104008, "n_waypoints_completed": 9, "tot_waypoints": 9}}
{"target": -1402.2016635053462, "params": {"k_pid_pos": [1.0031316701085804, 0.024859491386256316, 0.40092638265648595], "k_pid_alt": [1.7297729984189598, 0.0, 0.06527723447865985], "k_pid_att": [19.730316366181665, 0.18205753750414305, 0.31947664798329845], "k_pid_yaw": [0.5, 1e-06, 0.1], "k_pid_hsp": [0.09847755819799779, 0.011264223901387349, 0.47510942753891583], "k_pid_vsp": [360.3759557007902, 307.0029666248519, 21.011196465382298]}, "datetime": {"datetime": "2025-08-12 00:06:27", "elapsed": 27666.99826860428, "delta": 31.463229179382324}, "costs": {"total_cost": 1402.2016635053462, "time_cost": 150, "final_distance_cost": 41.885337687362274, "oscillation_cost": 505.11009070834206, "completition_cost": 555.5555555555555, "overshoot_cost": 91.17401739436828, "power_cost": 30.644302966308594, "noise_cost": 27.832359193409733, "n_waypoints_completed": 4, "tot_waypoints": 9}}
{"target": -289.0948973913372, "params": {"k_pid_pos": [1.0031316701085804, 0.9348414940460628, 0.40092638265648595], "k_pid_alt": [1.7297729984189598, 0.0, 0.06527723447865985], "k_pid_att": [24.0942673894178, 0.18205753750414305, 0.8000710073097888], "k_pid_yaw": [0.5, 1e-06, 0.1], "k_pid_hsp": [0.09847755819799779, 0.011264223901387349, 0.0], "k_pid_vsp": [292.94687076665593, 307.0029666248519, 21.011196465382298]}, "datetime": {"datetime": "2025-08-12 00:06:56", "elapsed": 27696.236225366592, "delta": 29.237956762313843}, "costs": {"total_cost": 289.0948973913372, "time_cost": 116.291, "final_distance_cost": 1.7252320547060982, "oscillation_cost": 52.615565581780295, "completition_cost": 0.0, "overshoot_cost": 57.37771744592981, "power_cost": 30.9242765625, "noise_cost": 30.161105746421022, "n_waypoints_completed": 9, "tot_waypoints": 9}}
{"target": -192.1751286162915, "params": {"k_pid_pos": [1.0031316701085804, 0.024859491386256316, 0.48736677447475796], "k_pid_alt": [1.7297729984189598, 0.47710597697115553, 0.06527723447865985], "k_pid_att": [20.112068749896174, 0.18205753750414305, 0.31947664798329845], "k_pid_yaw": [0.5, 1e-06, 0.1], "k_pid_hsp": [0.09847755819799779, 0.011264223901387349, 0.0], "k_pid_vsp": [360.3759557007902, 307.0029666248519, 21.011196465382298]}, "datetime": {"datetime": "2025-08-12 00:07:16", "elapsed": 27716.350665807724, "delta": 20.114440441131592}, "costs": {"total_cost": 192.1751286162915, "time_cost": 75.628, "final_distance_cost": 1.8033098036703266, "oscillation_cost": 26.48634621658368, "completition_cost": 0.0, "overshoot_cost": 51.023413668340616, "power_cost": 19.049500036621094, "noise_cost": 18.18455889107577, "n_waypoints_completed": 9, "tot_waypoints": 9}}
{"target": -183.82532284398832, "params": {"k_pid_pos": [1.0031316701085804, 0.024859491386256316, 0.40092638265648595], "k_pid_alt": [1.7297729984189598, 0.0, 0.06527723447865985], "k_pid_att": [24.0942673894178, 0.18205753750414305, 0.8000710073097888], "k_pid_yaw": [0.5, 1e-06, 0.1], "k_pid_hsp": [0.09847755819799779, 0.011264223901387349, 0.0], "k_pid_vsp": [292.94687076665593, 307.0029666248519, 21.011196465382298]}, "datetime": {"datetime": "2025-08-12 00:07:34", "elapsed": 27733.755673646927, "delta": 17.40500783920288}, "costs": {"total_cost": 183.82532284398832, "time_cost": 70.09100000000001, "final_distance_cost": 1.8231009473933748, "oscillation_cost": 25.965542331507148, "completition_cost": 0.0, "overshoot_cost": 50.43411641111121, "power_cost": 17.877806713867187, "noise_cost": 17.633756440109373, "n_waypoints_completed": 9, "tot_waypoints": 9}}
{"target": -186.06326521486454, "params": {"k_pid_pos": [0.9859531625152065, 0.024859491386256316, 0.5374545101912236], "k_pid_alt": [1.2679502233621702, 0.0, 0.06527723447865985], "k_pid_att": [24.0942673894178, 5.824334032821091, 0.8792759721912583], "k_pid_yaw": [0.5, 1e-06, 0.1], "k_pid_hsp": [0.09847755819799779, 0.011264223901387349, 0.0], "k_pid_vsp": [292.94687076665593, 307.0029666248519, 21.011196465382298]}, "datetime": {"datetime": "2025-08-12 00:07:53", "elapsed": 27752.565482616425, "delta": 18.80980896949768}, "costs": {"total_cost": 186.06326521486454, "time_cost": 71.274, "final_distance_cost": 1.8420314111056573, "oscillation_cost": 25.803423325372624, "completition_cost": 0.0, "overshoot_cost": 50.86844699113332, "power_cost": 18.255084729003908, "noise_cost": 18.020278758249052, "n_waypoints_completed": 9, "tot_waypoints": 9}}
{"target": -183.8110225273971, "params": {"k_pid_pos": [1.0031316701085804, 0.024859491386256316, 0.40092638265648595], "k_pid_alt": [1.7297729984189598, 0.0, 0.06527723447865985], "k_pid_att": [24.0942673894178, 0.18205753750414305, 0.666719676683535], "k_pid_yaw": [0.5, 1e-06, 0.1], "k_pid_hsp": [0.09847755819799779, 0.011264223901387349, 0.0], "k_pid_vsp": [292.94687076665593, 307.0029666248519, 21.011196465382298]}, "datetime": {"datetime": "2025-08-12 00:08:11", "elapsed": 27770.40620303154, "delta": 17.840720415115356}, "costs": {"total_cost": 183.8110225273971, "time_cost": 70.07000000000001, "final_distance_cost": 1.8304748413350997, "oscillation_cost": 25.975194414413714, "completition_cost": 0.0, "overshoot_cost": 50.3368091434941, "power_cost": 17.946738708496095, "noise_cost": 17.651805419658114, "n_waypoints_completed": 9, "tot_waypoints": 9}}
{"target": -1389.2340911011509, "params": {"k_pid_pos": [1.0031316701085804, 0.024859491386256316, 0.40092638265648595], "k_pid_alt": [1.7297729984189598, 0.0, 0.06527723447865985], "k_pid_att": [24.0942673894178, 0.18205753750414305, 0.666719676683535], "k_pid_yaw": [0.5, 1e-06, 0.1], "k_pid_hsp": [0.09847755819799779, 0.011264223901387349, 0.8498210181212253], "k_pid_vsp": [292.94687076665593, 307.0029666248519, 21.011196465382298]}, "datetime": {"datetime": "2025-08-12 00:08:41", "elapsed": 27801.046225070953, "delta": 30.640022039413452}, "costs": {"total_cost": 1389.2340911011509, "time_cost": 150, "final_distance_cost": 37.370256176161064, "oscillation_cost": 483.4195920241227, "completition_cost": 555.5555555555555, "overshoot_cost": 102.31057876245463, "power_cost": 32.422801074218754, "noise_cost": 28.155307508637893, "n_waypoints_completed": 4, "tot_waypoints": 9}}
{"target": -183.8110225273971, "params": {"k_pid_pos": [1.0031316701085804, 0.024859491386256316, 0.40092638265648595], "k_pid_alt": [1.7297729984189598, 0.0, 0.06527723447865985], "k_pid_att": [24.0942673894178, 0.18205753750414305, 0.666719676683535], "k_pid_yaw": [0.5, 1e-06, 0.1], "k_pid_hsp": [0.09847755819799779, 0.011264223901387349, 0.0], "k_pid_vsp": [292.94687076665593, 307.0029666248519, 21.011196465382298]}, "datetime": {"datetime": "2025-08-12 00:08:59", "elapsed": 27819.338087797165, "delta": 18.291862726211548}, "costs": {"total_cost": 183.8110225273971, "time_cost": 70.07000000000001, "final_distance_cost": 1.8304748413350997, "oscillation_cost": 25.975194414413714, "completition_cost": 0.0, "overshoot_cost": 50.3368091434941, "power_cost": 17.946738708496095, "noise_cost": 17.651805419658114, "n_waypoints_completed": 9, "tot_waypoints": 9}}
{"target": -183.8110225273971, "params": {"k_pid_pos": [1.0031316701085804, 0.024859491386256316, 0.40092638265648595], "k_pid_alt": [1.7297729984189598, 0.0, 0.06527723447865985], "k_pid_att": [24.0942673894178, 0.18205753750414305, 0.666719676683535], "k_pid_yaw": [0.5, 1e-06, 0.1], "k_pid_hsp": [0.09847755819799779, 0.011264223901387349, 0.0], "k_pid_vsp": [292.94687076665593, 307.0029666248519, 21.011196465382298]}, "datetime": {"datetime": "2025-08-12 00:09:17", "elapsed": 27836.93298816681, "delta": 17.594900369644165}, "costs": {"total_cost": 183.8110225273971, "time_cost": 70.07000000000001, "final_distance_cost": 1.8304748413350997, "oscillation_cost": 25.975194414413714, "completition_cost": 0.0, "overshoot_cost": 50.3368091434941, "power_cost": 17.946738708496095, "noise_cost": 17.651805419658114, "n_waypoints_completed": 9, "tot_waypoints": 9}}
{"target": -183.8110225273971, "params": {"k_pid_pos": [1.0031316701085804, 0.024859491386256316, 0.40092638265648595], "k_pid_alt": [1.7297729984189598, 0.0, 0.06527723447865985], "k_pid_att": [24.0942673894178, 0.18205753750414305, 0.666719676683535], "k_pid_yaw": [0.5, 1e-06, 0.1], "k_pid_hsp": [0.09847755819799779, 0.011264223901387349, 0.0], "k_pid_vsp": [292.94687076665593, 307.0029666248519, 21.011196465382298]}, "datetime": {"datetime": "2025-08-12 00:09:36", "elapsed": 27855.586913585663, "delta": 18.65392541885376}, "costs": {"total_cost": 183.8110225273971, "time_cost": 70.07000000000001, "final_distance_cost": 1.8304748413350997, "oscillation_cost": 25.975194414413714, "completition_cost": 0.0, "overshoot_cost": 50.3368091434941, "power_cost": 17.946738708496095, "noise_cost": 17.651805419658114, "n_waypoints_completed": 9, "tot_waypoints": 9}}
{"target": -187.00375671369636, "params": {"k_pid_pos": [1.0031316701085804, 0.024859491386256316, 0.10848570257039691], "k_pid_alt": [1.897117145170884, 0.0, 0.06527723447865985], "k_pid_att": [79.31719665755405, 0.18205753750414305, 0.666719676683535], "k_pid_yaw": [0.5, 1e-06, 0.1], "k_pid_hsp": [0.09847755819799779, 0.011264223901387349, 0.0], "k_pid_vsp": [292.94687076665593, 307.0029666248519, 21.011196465382298]}, "datetime": {"datetime": "2025-08-12 00:09:53", "elapsed": 27872.917544603348, "delta": 17.330631017684937}, "costs": {"total_cost": 187.00375671369636, "time_cost": 70.532, "final_distance_cost": 1.7985368532223431, "oscillation_cost": 28.0794464098115, "completition_cost": 0.0, "overshoot_cost": 50.40691545334906, "power_cost": 18.38537374267578, "noise_cost": 17.801484254637682, "n_waypoints_completed": 9, "tot_waypoints": 9}}
{"target": -1154.984519017231, "params": {"k_pid_pos": [1.0031316701085804, 0.6574188452491182, 0.40092638265648595], "k_pid_alt": [1.7297729984189598, 0.0, 0.06527723447865985], "k_pid_att": [24.0942673894178, 0.18205753750414305, 0.666719676683535], "k_pid_yaw": [0.5, 1e-06, 0.1], "k_pid_hsp": [0.09847755819799779, 0.7719239526128563, 0.0], "k_pid_vsp": [292.94687076665593, 307.0029666248519, 21.011196465382298]}, "datetime": {"datetime": "2025-08-12 00:10:24", "elapsed": 27903.397188186646, "delta": 30.47964358329773}, "costs": {"total_cost": 1154.984519017231, "time_cost": 150, "final_distance_cost": 70.95957329990567, "oscillation_cost": 118.49705272382471, "completition_cost": 666.6666666666667, "overshoot_cost": 79.516889911015, "power_cost": 35.38328510742188, "noise_cost": 33.961051308396854, "n_waypoints_completed": 3, "tot_waypoints": 9}}
{"target": -184.77784289360127, "params": {"k_pid_pos": [1.0031316701085804, 0.0005578519329870746, 0.40092638265648595], "k_pid_alt": [1.7297729984189598, 0.0, 0.06527723447865985], "k_pid_att": [24.0942673894178, 0.18205753750414305, 0.666719676683535], "k_pid_yaw": [0.5, 1e-06, 0.1], "k_pid_hsp": [0.09847755819799779, 0.011264223901387349, 0.0], "k_pid_vsp": [292.94687076665593, 307.0029666248519, 21.011196465382298]}, "datetime": {"datetime": "2025-08-12 00:10:41", "elapsed": 27921.209262132645, "delta": 17.812073945999146}, "costs": {"total_cost": 184.77784289360127, "time_cost": 70.161, "final_distance_cost": 1.8423689031189743, "oscillation_cost": 25.90968395592826, "completition_cost": 0.0, "overshoot_cost": 51.01130605677793, "power_cost": 18.154434814453126, "noise_cost": 17.699049163322993, "n_waypoints_completed": 9, "tot_waypoints": 9}}
{"target": -184.68668797621058, "params": {"k_pid_pos": [1.0031316701085804, 0.024859491386256316, 0.40092638265648595], "k_pid_alt": [1.7297729984189598, 0.0, 0.06527723447865985], "k_pid_att": [24.0942673894178, 0.18205753750414305, 0.8792759721912583], "k_pid_yaw": [0.5, 1e-06, 0.1], "k_pid_hsp": [0.09847755819799779, 0.011264223901387349, 0.0], "k_pid_vsp": [292.94687076665593, 307.0029666248519, 21.011196465382298]}, "datetime": {"datetime": "2025-08-12 00:10:59", "elapsed": 27939.142721414566, "delta": 17.933459281921387}, "costs": {"total_cost": 184.68668797621058, "time_cost": 70.063, "final_distance_cost": 1.835421646581954, "oscillation_cost": 25.98481953310545, "completition_cost": 0.0, "overshoot_cost": 50.96121060858782, "power_cost": 18.09006646728516, "noise_cost": 17.7521697206502, "n_waypoints_completed": 9, "tot_waypoints": 9}}
{"target": -379.6378885931956, "params": {"k_pid_pos": [1.8922997940790476, 0.024859491386256316, 0.7774444947807966], "k_pid_alt": [1.2679502233621702, 0.0, 0.06527723447865985], "k_pid_att": [24.0942673894178, 5.859554809351448, 0.666719676683535], "k_pid_yaw": [0.5, 1e-06, 0.1], "k_pid_hsp": [0.09847755819799779, 0.5531972591780506, 0.0], "k_pid_vsp": [264.9966777379314, 307.0029666248519, 21.011196465382298]}, "datetime": {"datetime": "2025-08-12 00:11:28", "elapsed": 27968.140850305557, "delta": 28.99812889099121}, "costs": {"total_cost": 379.6378885931956, "time_cost": 112.259, "final_distance_cost": 1.834967464293254, "oscillation_cost": 128.6710497393155, "completition_cost": 0.0, "overshoot_cost": 70.21700727762716, "power_cost": 33.47843775634766, "noise_cost": 33.17742635561207, "n_waypoints_completed": 9, "tot_waypoints": 9}}
{"target": -1240.3576290085803, "params": {"k_pid_pos": [0.0161062901931745, 0.024859491386256316, 0.40092638265648595], "k_pid_alt": [1.877939637767743, 0.0, 0.06527723447865985], "k_pid_att": [24.0942673894178, 0.18205753750414305, 0.8000710073097888], "k_pid_yaw": [0.5, 1e-06, 0.1], "k_pid_hsp": [0.09847755819799779, 0.011264223901387349, 0.0], "k_pid_vsp": [292.94687076665593, 59.083466427248936, 21.011196465382298]}, "datetime": {"datetime": "2025-08-12 00:12:00", "elapsed": 28000.25815963745, "delta": 32.11730933189392}, "costs": {"total_cost": 1240.3576290085803, "time_cost": 150, "final_distance_cost": 59.02942635935458, "oscillation_cost": 0.6933272189414348, "completition_cost": 888.8888888888888, "overshoot_cost": 85.75824837332101, "power_cost": 29.29462556152344, "noise_cost": 26.693112606550976, "n_waypoints_completed": 1, "tot_waypoints": 9}}
{"target": -186.59266413695315, "params": {"k_pid_pos": [1.8922997940790476, 0.024859491386256316, 0.9451257094832697], "k_pid_alt": [1.2679502233621702, 0.0, 0.06527723447865985], "k_pid_att": [24.0942673894178, 0.18205753750414305, 0.8000710073097888], "k_pid_yaw": [0.5, 1e-06, 0.1], "k_pid_hsp": [0.09847755819799779, 0.011264223901387349, 0.0], "k_pid_vsp": [110.56511661686339, 163.84421639189063, 21.011196465382298]}, "datetime": {"datetime": "2025-08-12 00:12:21", "elapsed": 28020.521017313004, "delta": 20.262857675552368}, "costs": {"total_cost": 186.59266413695315, "time_cost": 69.622, "final_distance_cost": 1.8085658129507616, "oscillation_cost": 28.649755082411307, "completition_cost": 0.0, "overshoot_cost": 50.86503212405653, "power_cost": 18.03139440917969, "noise_cost": 17.615916708354867, "n_waypoints_completed": 9, "tot_waypoints": 9}}
{"target": -191.769728226792, "params": {"k_pid_pos": [1.9475525933111357, 0.024859491386256316, 0.40092638265648595], "k_pid_alt": [1.7297729984189598, 0.0, 0.06527723447865985], "k_pid_att": [5.660560806625048, 0.18205753750414305, 0.8792759721912583], "k_pid_yaw": [0.5, 1e-06, 0.1], "k_pid_hsp": [0.09847755819799779, 0.011264223901387349, 0.0], "k_pid_vsp": [292.94687076665593, 59.083466427248936, 21.011196465382298]}, "datetime": {"datetime": "2025-08-12 00:12:40", "elapsed": 28039.688317775726, "delta": 19.16730046272278}, "costs": {"total_cost": 191.769728226792, "time_cost": 70.336, "final_distance_cost": 1.7640599007150826, "oscillation_cost": 30.977601696178613, "completition_cost": 0.0, "overshoot_cost": 52.19112042413527, "power_cost": 18.455425427246094, "noise_cost": 18.045520778516963, "n_waypoints_completed": 9, "tot_waypoints": 9}}
{"target": -1455.5528969226987, "params": {"k_pid_pos": [1.0031316701085804, 0.024859491386256316, 0.40092638265648595], "k_pid_alt": [1.7297729984189598, 0.0, 0.06527723447865985], "k_pid_att": [24.0942673894178, 0.18205753750414305, 0.666719676683535], "k_pid_yaw": [0.5, 1e-06, 0.1], "k_pid_hsp": [0.09847755819799779, 0.011264223901387349, 0.9726126856785379], "k_pid_vsp": [292.94687076665593, 178.623871307833, 21.011196465382298]}, "datetime": {"datetime": "2025-08-12 00:13:11", "elapsed": 28070.813449144363, "delta": 31.125131368637085}, "costs": {"total_cost": 1455.5528969226987, "time_cost": 150, "final_distance_cost": 36.67439512839075, "oscillation_cost": 533.7765368224748, "completition_cost": 555.5555555555555, "overshoot_cost": 120.06499386949457, "power_cost": 31.800352941894534, "noise_cost": 27.681062604888385, "n_waypoints_completed": 4, "tot_waypoints": 9}}
{"target": -1298.8652452739482, "params": {"k_pid_pos": [1.0031316701085804, 0.024859491386256316, 0.40092638265648595], "k_pid_alt": [1.7297729984189598, 0.0, 0.06527723447865985], "k_pid_att": [24.0942673894178, 2.6889016979653872, 0.666719676683535], "k_pid_yaw": [0.5, 1e-06, 0.1], "k_pid_hsp": [0.09847755819799779, 0.011264223901387349, 0.6429271916942968], "k_pid_vsp": [292.94687076665593, 307.0029666248519, 21.011196465382298]}, "datetime": {"datetime": "2025-08-12 00:13:45", "elapsed": 28105.361464738846, "delta": 34.54801559448242}, "costs": {"total_cost": 1298.8652452739482, "time_cost": 150, "final_distance_cost": 44.063819016685564, "oscillation_cost": 519.5973062506749, "completition_cost": 444.4444444444444, "overshoot_cost": 82.3057725773833, "power_cost": 30.95357752685547, "noise_cost": 27.500325457904456, "n_waypoints_completed": 5, "tot_waypoints": 9}}
