{"target": -191.74095920247467, "params": {"k_pid_pos": [1.9633392782387096, 0.10920718465865398, 0.3936288181756814], "k_pid_alt": [1.7297729984189598, 0.0, 0.06527723447865985], "k_pid_att": [59.0149162219073, 8.491440198406547, 0.3297423310025197], "k_pid_yaw": [0.5, 1e-06, 0.1], "k_pid_hsp": [0.09847755819799779, 0.011264223901387349, 0.0], "k_pid_vsp": [292.94687076665593, 220.49899307650495, 21.011196465382298]}, "datetime": {"datetime": "2025-08-12 01:36:13", "elapsed": 33052.93061065674, "delta": 18.940051794052124}, "costs": {"total_cost": 191.74095920247467, "time_cost": 69.881, "final_distance_cost": 1.7836482166088494, "oscillation_cost": 32.407770740857444, "completition_cost": 0.0, "overshoot_cost": 51.204607177485734, "power_cost": 18.49238426513672, "noise_cost": 17.9715488023859, "n_waypoints_completed": 9, "tot_waypoints": 9}}
{"target": -2089.9628190122144, "params": {"k_pid_pos": [1.0031316701085804, 0.08721639792057734, 0.40092638265648595], "k_pid_alt": [1.7297729984189598, 0.0, 0.06527723447865985], "k_pid_att": [75.73778624120506, 8.491440198406547, 0.3297423310025197], "k_pid_yaw": [0.5, 1e-06, 0.1], "k_pid_hsp": [0.09847755819799779, 0.011264223901387349, 0.9094015404729765], "k_pid_vsp": [117.53724514392157, 376.6167462867098, 21.011196465382298]}, "datetime": {"datetime": "2025-08-12 01:36:43", "elapsed": 33083.06795716286, "delta": 30.137346506118774}, "costs": {"total_cost": 2089.9628190122144, "time_cost": 150, "final_distance_cost": 57.02483336249849, "oscillation_cost": 831.1029278616061, "completition_cost": 888.8888888888888, "overshoot_cost": 99.94485323471291, "power_cost": 35.26218370361328, "noise_cost": 27.739131960895023, "n_waypoints_completed": 1, "tot_waypoints": 9}}
{"target": -183.53649260238842, "params": {"k_pid_pos": [1.0031316701085804, 0.024859491386256316, 0.40092638265648595], "k_pid_alt": [1.7297729984189598, 0.0, 0.06527723447865985], "k_pid_att": [54.227890723214855, 5.859554809351448, 0.666719676683535], "k_pid_yaw": [0.5, 1e-06, 0.1], "k_pid_hsp": [0.09847755819799779, 0.011264223901387349, 0.0], "k_pid_vsp": [264.9966777379314, 140.03862743104432, 2.77343605205192]}, "datetime": {"datetime": "2025-08-12 01:37:02", "elapsed": 33101.8505551815, "delta": 18.78259801864624}, "costs": {"total_cost": 183.53649260238842, "time_cost": 70.182, "final_distance_cost": 1.8157228574093423, "oscillation_cost": 25.80330890253672, "completition_cost": 0.0, "overshoot_cost": 50.51887842229217, "power_cost": 14.2017048828125, "noise_cost": 21.01487753733769, "n_waypoints_completed": 9, "tot_waypoints": 9}}
{"target": -183.64001715417484, "params": {"k_pid_pos": [1.0031316701085804, 0.024859491386256316, 0.40092638265648595], "k_pid_alt": [1.7297729984189598, 0.0, 0.06527723447865985], "k_pid_att": [37.12179941719916, 2.8503329366774977, 0.666719676683535], "k_pid_yaw": [0.5, 1e-06, 0.1], "k_pid_hsp": [0.09847755819799779, 0.011264223901387349, 0.0], "k_pid_vsp": [264.9966777379314, 307.0029666248519, 21.011196465382298]}, "datetime": {"datetime": "2025-08-12 01:37:20", "elapsed": 33120.307636260986, "delta": 18.457081079483032}, "costs": {"total_cost": 183.64001715417484, "time_cost": 70.077, "final_distance_cost": 1.8282288821562778, "oscillation_cost": 25.90473801137338, "completition_cost": 0.0, "overshoot_cost": 50.224048772488736, "power_cost": 17.955333911132815, "noise_cost": 17.65066757702363, "n_waypoints_completed": 9, "tot_waypoints": 9}}
{"target": -183.70064920755323, "params": {"k_pid_pos": [1.0031316701085804, 0.024859491386256316, 0.40092638265648595], "k_pid_alt": [1.7297729984189598, 0.0, 0.06527723447865985], "k_pid_att": [37.12179941719916, 5.859554809351448, 0.666719676683535], "k_pid_yaw": [0.5, 1e-06, 0.1], "k_pid_hsp": [0.09847755819799779, 0.011264223901387349, 0.0], "k_pid_vsp": [264.9966777379314, 307.0029666248519, 21.011196465382298]}, "datetime": {"datetime": "2025-08-12 01:37:38", "elapsed": 33137.836560964584, "delta": 17.528924703598022}, "costs": {"total_cost": 183.70064920755323, "time_cost": 70.063, "final_distance_cost": 1.8269137125583466, "oscillation_cost": 25.990425061704375, "completition_cost": 0.0, "overshoot_cost": 50.38963089585039, "power_cost": 17.882403076171876, "noise_cost": 17.54827646126825, "n_waypoints_completed": 9, "tot_waypoints": 9}}
{"target": -837.9740202371332, "params": {"k_pid_pos": [0.717243989965503, 0.06327641863522837, 0.613303733901718], "k_pid_alt": [0.410712682686863, 0.0, 0.06527723447865985], "k_pid_att": [4.147090465977355, 0.45878646222833935, 0.666719676683535], "k_pid_yaw": [0.5, 1e-06, 0.1], "k_pid_hsp": [0.09847755819799779, 0.011264223901387349, 0.8981342811795512], "k_pid_vsp": [16.765689104681325, 307.0029666248519, 21.011196465382298]}, "datetime": {"datetime": "2025-08-12 01:38:10", "elapsed": 33169.55385017395, "delta": 31.717289209365845}, "costs": {"total_cost": 837.9740202371332, "time_cost": 150, "final_distance_cost": 65.01010882654408, "oscillation_cost": 156.1224280281061, "completition_cost": 333.33333333333337, "overshoot_cost": 75.8768006323964, "power_cost": 31.051693176269534, "noise_cost": 26.579656240483843, "n_waypoints_completed": 6, "tot_waypoints": 9}}
{"target": -184.25142416603194, "params": {"k_pid_pos": [1.0031316701085804, 0.024859491386256316, 0.40092638265648595], "k_pid_alt": [1.7297729984189598, 0.0, 0.06527723447865985], "k_pid_att": [24.0942673894178, 7.262158112886176, 0.666719676683535], "k_pid_yaw": [0.5, 1e-06, 0.1], "k_pid_hsp": [0.09847755819799779, 0.011264223901387349, 0.0], "k_pid_vsp": [264.9966777379314, 307.0029666248519, 21.011196465382298]}, "datetime": {"datetime": "2025-08-12 01:38:28", "elapsed": 33188.051132678986, "delta": 18.4972825050354}, "costs": {"total_cost": 184.25142416603194, "time_cost": 70.014, "final_distance_cost": 1.8231087817946297, "oscillation_cost": 26.249431892993364, "completition_cost": 0.0, "overshoot_cost": 50.52693119715383, "power_cost": 17.977506994628907, "noise_cost": 17.660445299461237, "n_waypoints_completed": 9, "tot_waypoints": 9}}
{"target": -185.21699850500437, "params": {"k_pid_pos": [1.0031316701085804, 0.024859491386256316, 0.40092638265648595], "k_pid_alt": [1.7297729984189598, 0.0, 0.06527723447865985], "k_pid_att": [37.12179941719916, 2.8503329366774977, 0.08105699149151435], "k_pid_yaw": [0.5, 1e-06, 0.1], "k_pid_hsp": [0.09847755819799779, 0.011264223901387349, 0.0], "k_pid_vsp": [292.94687076665593, 307.0029666248519, 19.905301600864938]}, "datetime": {"datetime": "2025-08-12 01:38:46", "elapsed": 33205.56238102913, "delta": 17.511248350143433}, "costs": {"total_cost": 185.21699850500437, "time_cost": 70.077, "final_distance_cost": 1.8276961358285126, "oscillation_cost": 27.108805165846427, "completition_cost": 0.0, "overshoot_cost": 50.46100311081216, "power_cost": 18.085069580078127, "noise_cost": 17.65742451243915, "n_waypoints_completed": 9, "tot_waypoints": 9}}
{"target": -218.22162163616608, "params": {"k_pid_pos": [1.0031316701085804, 0.5018475733175067, 0.28139544479454803], "k_pid_alt": [1.7297729984189598, 0.0, 0.7538195562388602], "k_pid_att": [24.0942673894178, 0.18205753750414305, 0.666719676683535], "k_pid_yaw": [0.5, 1e-06, 0.1], "k_pid_hsp": [0.09847755819799779, 0.011264223901387349, 0.0], "k_pid_vsp": [264.9966777379314, 273.5353972576295, 21.011196465382298]}, "datetime": {"datetime": "2025-08-12 01:39:08", "elapsed": 33227.61983513832, "delta": 22.057454109191895}, "costs": {"total_cost": 218.22162163616608, "time_cost": 85.988, "final_distance_cost": 1.7875693606094853, "oscillation_cost": 32.51494307263654, "completition_cost": 0.0, "overshoot_cost": 54.08901497636816, "power_cost": 22.281306970214846, "noise_cost": 21.560787256337044, "n_waypoints_completed": 9, "tot_waypoints": 9}}
{"target": -185.37523416163162, "params": {"k_pid_pos": [1.0031316701085804, 0.024859491386256316, 0.40092638265648595], "k_pid_alt": [1.7297729984189598, 0.0, 0.06527723447865985], "k_pid_att": [84.10270905397581, 0.18205753750414305, 0.666719676683535], "k_pid_yaw": [0.5, 1e-06, 0.1], "k_pid_hsp": [0.09847755819799779, 0.011264223901387349, 0.0], "k_pid_vsp": [264.9966777379314, 307.0029666248519, 21.011196465382298]}, "datetime": {"datetime": "2025-08-12 01:39:26", "elapsed": 33246.18548536301, "delta": 18.56565022468567}, "costs": {"total_cost": 185.37523416163162, "time_cost": 70.182, "final_distance_cost": 1.8296292173352071, "oscillation_cost": 26.367035744685754, "completition_cost": 0.0, "overshoot_cost": 50.85711679664102, "power_cost": 18.231648437500002, "noise_cost": 17.90780396546963, "n_waypoints_completed": 9, "tot_waypoints": 9}}
{"target": -217.34725709077952, "params": {"k_pid_pos": [0.717243989965503, 0.06327641863522837, 0.40092638265648595], "k_pid_alt": [1.7297729984189598, 0.0, 0.06527723447865985], "k_pid_att": [47.80141503152684, 1.1659524805595562, 0.666719676683535], "k_pid_yaw": [0.5, 1e-06, 0.1], "k_pid_hsp": [4.854323649447895, 0.011264223901387349, 0.0], "k_pid_vsp": [292.94687076665593, 307.0029666248519, 21.011196465382298]}, "datetime": {"datetime": "2025-08-12 01:39:46", "elapsed": 33266.34092068672, "delta": 20.15543532371521}, "costs": {"total_cost": 217.34725709077952, "time_cost": 78.617, "final_distance_cost": 1.8504098402897422, "oscillation_cost": 44.42395319733387, "completition_cost": 0.0, "overshoot_cost": 51.62773465820889, "power_cost": 20.16450123291016, "noise_cost": 20.66365816203686, "n_waypoints_completed": 9, "tot_waypoints": 9}}
{"target": -184.91599554254884, "params": {"k_pid_pos": [1.0031316701085804, 0.024859491386256316, 0.40092638265648595], "k_pid_alt": [1.1098775236402525, 0.0, 0.06527723447865985], "k_pid_att": [37.12179941719916, 5.859554809351448, 0.666719676683535], "k_pid_yaw": [0.5, 1e-06, 0.1], "k_pid_hsp": [0.09847755819799779, 0.011264223901387349, 0.0], "k_pid_vsp": [264.57255645423925, 307.0029666248519, 21.011196465382298]}, "datetime": {"datetime": "2025-08-12 01:40:04", "elapsed": 33284.21006178856, "delta": 17.869141101837158}, "costs": {"total_cost": 184.91599554254884, "time_cost": 70.672, "final_distance_cost": 1.832848993044151, "oscillation_cost": 26.173393201074454, "completition_cost": 0.0, "overshoot_cost": 50.46538149516033, "power_cost": 18.079845739746094, "noise_cost": 17.692526113523794, "n_waypoints_completed": 9, "tot_waypoints": 9}}
{"target": -183.70064920755323, "params": {"k_pid_pos": [1.0031316701085804, 0.024859491386256316, 0.40092638265648595], "k_pid_alt": [1.7297729984189598, 0.0, 0.06527723447865985], "k_pid_att": [37.12179941719916, 5.859554809351448, 0.666719676683535], "k_pid_yaw": [0.5, 1e-06, 0.1], "k_pid_hsp": [0.09847755819799779, 0.011264223901387349, 0.0], "k_pid_vsp": [264.9966777379314, 307.0029666248519, 21.011196465382298]}, "datetime": {"datetime": "2025-08-12 01:40:23", "elapsed": 33302.86412072182, "delta": 18.654058933258057}, "costs": {"total_cost": 183.70064920755323, "time_cost": 70.063, "final_distance_cost": 1.8269137125583466, "oscillation_cost": 25.990425061704375, "completition_cost": 0.0, "overshoot_cost": 50.38963089585039, "power_cost": 17.882403076171876, "noise_cost": 17.54827646126825, "n_waypoints_completed": 9, "tot_waypoints": 9}}
{"target": -194.27331642137432, "params": {"k_pid_pos": [1.0031316701085804, 0.024859491386256316, 0.40092638265648595], "k_pid_alt": [1.7297729984189598, 0.0, 0.06527723447865985], "k_pid_att": [37.12179941719916, 2.8503329366774977, 0.666719676683535], "k_pid_yaw": [0.5, 1e-06, 0.1], "k_pid_hsp": [1.0498148400696388, 0.011264223901387349, 0.0], "k_pid_vsp": [131.89521188480865, 307.0029666248519, 75.33060670822715]}, "datetime": {"datetime": "2025-08-12 01:40:41", "elapsed": 33321.335283994675, "delta": 18.471163272857666}, "costs": {"total_cost": 194.27331642137432, "time_cost": 72.772, "final_distance_cost": 1.8548760103515722, "oscillation_cost": 29.520440450502864, "completition_cost": 0.0, "overshoot_cost": 51.93495174699108, "power_cost": 19.271493188476562, "noise_cost": 18.91955502505224, "n_waypoints_completed": 9, "tot_waypoints": 9}}
{"target": -184.2113930625398, "params": {"k_pid_pos": [1.0031316701085804, 0.024859491386256316, 0.40092638265648595], "k_pid_alt": [1.7297729984189598, 0.0, 0.06527723447865985], "k_pid_att": [37.12179941719916, 2.8503329366774977, 0.666719676683535], "k_pid_yaw": [0.5, 1e-06, 0.1], "k_pid_hsp": [0.09847755819799779, 0.011264223901387349, 0.0], "k_pid_vsp": [264.9966777379314, 273.5353972576295, 21.011196465382298]}, "datetime": {"datetime": "2025-08-12 01:41:00", "elapsed": 33339.3820040226, "delta": 18.046720027923584}, "costs": {"total_cost": 184.2113930625398, "time_cost": 70.09100000000001, "final_distance_cost": 1.822837911399703, "oscillation_cost": 25.986987962129735, "completition_cost": 0.0, "overshoot_cost": 50.398524045137435, "power_cost": 18.11184296875, "noise_cost": 17.800200175122917, "n_waypoints_completed": 9, "tot_waypoints": 9}}
{"target": -1675.1078602786768, "params": {"k_pid_pos": [1.0031316701085804, 0.024859491386256316, 0.40092638265648595], "k_pid_alt": [1.7297729984189598, 0.028806210149256217, 0.06527723447865985], "k_pid_att": [37.12179941719916, 5.6580295118978245, 0.9623745068707039], "k_pid_yaw": [0.5, 1e-06, 0.1], "k_pid_hsp": [0.09847755819799779, 0.011264223901387349, 0.6932038567302682], "k_pid_vsp": [192.4409163819477, 307.0029666248519, 21.011196465382298]}, "datetime": {"datetime": "2025-08-12 01:41:31", "elapsed": 33371.28626704216, "delta": 31.904263019561768}, "costs": {"total_cost": 1675.1078602786768, "time_cost": 150, "final_distance_cost": 94.01098972937399, "oscillation_cost": 583.5409919908665, "completition_cost": 666.6666666666667, "overshoot_cost": 119.08593734646091, "power_cost": 34.384964367675785, "noise_cost": 27.418310177632677, "n_waypoints_completed": 3, "tot_waypoints": 9}}
{"target": -184.19029373761404, "params": {"k_pid_pos": [1.0031316701085804, 0.024859491386256316, 0.40092638265648595], "k_pid_alt": [1.7297729984189598, 0.0, 0.06527723447865985], "k_pid_att": [32.194164172814396, 5.859554809351448, 0.666719676683535], "k_pid_yaw": [0.5, 1e-06, 0.1], "k_pid_hsp": [0.09847755819799779, 0.011264223901387349, 0.0], "k_pid_vsp": [264.9966777379314, 307.0029666248519, 21.011196465382298]}, "datetime": {"datetime": "2025-08-12 01:41:49", "elapsed": 33388.4027223587, "delta": 17.11645531654358}, "costs": {"total_cost": 184.19029373761404, "time_cost": 70.056, "final_distance_cost": 1.8323144234161957, "oscillation_cost": 26.042678500877987, "completition_cost": 0.0, "overshoot_cost": 50.3864932813518, "power_cost": 18.132564562988282, "noise_cost": 17.740242968979796, "n_waypoints_completed": 9, "tot_waypoints": 9}}
{"target": -1364.043128633383, "params": {"k_pid_pos": [1.0031316701085804, 0.4394761037898839, 0.5624387633355069], "k_pid_alt": [1.7297729984189598, 0.0, 0.06527723447865985], "k_pid_att": [59.39531029652596, 2.8503329366774977, 0.666719676683535], "k_pid_yaw": [0.5, 1e-06, 0.1], "k_pid_hsp": [0.09847755819799779, 0.011264223901387349, 0.3201644383265517], "k_pid_vsp": [131.89521188480865, 307.0029666248519, 75.33060670822715]}, "datetime": {"datetime": "2025-08-12 01:42:20", "elapsed": 33419.857837200165, "delta": 31.45511484146118}, "costs": {"total_cost": 1364.043128633383, "time_cost": 150, "final_distance_cost": 78.47940317138016, "oscillation_cost": 642.625169442317, "completition_cost": 333.33333333333337, "overshoot_cost": 96.52531070147094, "power_cost": 35.17902219238282, "noise_cost": 27.900889792498774, "n_waypoints_completed": 6, "tot_waypoints": 9}}
{"target": -186.2370218402025, "params": {"k_pid_pos": [1.0031316701085804, 0.024859491386256316, 0.40092638265648595], "k_pid_alt": [1.7297729984189598, 0.0, 0.06527723447865985], "k_pid_att": [80.8038429083958, 2.8503329366774977, 0.666719676683535], "k_pid_yaw": [0.5, 1e-06, 0.1], "k_pid_hsp": [0.09847755819799779, 0.011264223901387349, 0.0], "k_pid_vsp": [202.72567798589142, 308.9011782706842, 75.33060670822715]}, "datetime": {"datetime": "2025-08-12 01:42:38", "elapsed": 33438.07069063187, "delta": 18.21285343170166}, "costs": {"total_cost": 186.2370218402025, "time_cost": 70.875, "final_distance_cost": 1.8388416365457154, "oscillation_cost": 25.728584761524456, "completition_cost": 0.0, "overshoot_cost": 51.80523093859849, "power_cost": 18.214815783691407, "noise_cost": 17.774548719842414, "n_waypoints_completed": 9, "tot_waypoints": 9}}
{"target": -572.5342754058954, "params": {"k_pid_pos": [1.0031316701085804, 0.024859491386256316, 0.40092638265648595], "k_pid_alt": [1.7297729984189598, 0.0, 0.06527723447865985], "k_pid_att": [37.12179941719916, 2.8503329366774977, 0.666719676683535], "k_pid_yaw": [0.5, 1e-06, 0.1], "k_pid_hsp": [0.09847755819799779, 0.5610335066040344, 0.0], "k_pid_vsp": [264.9966777379314, 273.5353972576295, 21.011196465382298]}, "datetime": {"datetime": "2025-08-12 01:43:09", "elapsed": 33468.8812558651, "delta": 30.81056523323059}, "costs": {"total_cost": 572.5342754058954, "time_cost": 150, "final_distance_cost": 41.44829132178353, "oscillation_cost": 133.49810224462297, "completition_cost": 111.11111111111116, "overshoot_cost": 68.0805748217113, "power_cost": 35.33919987792969, "noise_cost": 33.05699602873676, "n_waypoints_completed": 8, "tot_waypoints": 9}}
{"target": -1679.5470537400586, "params": {"k_pid_pos": [1.0031316701085804, 0.23768509930407056, 0.40092638265648595], "k_pid_alt": [1.7297729984189598, 0.0, 0.06527723447865985], "k_pid_att": [37.12179941719916, 2.8503329366774977, 0.666719676683535], "k_pid_yaw": [0.5, 1e-06, 0.1], "k_pid_hsp": [0.09847755819799779, 0.011264223901387349, 0.8549420755036845], "k_pid_vsp": [264.9966777379314, 273.5353972576295, 21.011196465382298]}, "datetime": {"datetime": "2025-08-12 01:43:40", "elapsed": 33500.14787721634, "delta": 31.266621351242065}, "costs": {"total_cost": 1679.5470537400586, "time_cost": 150, "final_distance_cost": 83.41878380450947, "oscillation_cost": 636.3139265057622, "completition_cost": 666.6666666666667, "overshoot_cost": 81.36193904763988, "power_cost": 34.24959870605469, "noise_cost": 27.53613900942549, "n_waypoints_completed": 3, "tot_waypoints": 9}}
{"target": -190.20589380143147, "params": {"k_pid_pos": [1.7494083006937238, 0.10920718465865398, 0.3936288181756814], "k_pid_alt": [1.7297729984189598, 0.0, 0.06527723447865985], "k_pid_att": [59.0149162219073, 8.491440198406547, 0.3297423310025197], "k_pid_yaw": [0.5, 1e-06, 0.1], "k_pid_hsp": [0.09847755819799779, 0.011264223901387349, 0.0], "k_pid_vsp": [292.94687076665593, 307.0029666248519, 21.011196465382298]}, "datetime": {"datetime": "2025-08-12 01:43:58", "elapsed": 33517.62299537659, "delta": 17.475118160247803}, "costs": {"total_cost": 190.20589380143147, "time_cost": 69.79, "final_distance_cost": 1.7696601780388923, "oscillation_cost": 31.722338942645163, "completition_cost": 0.0, "overshoot_cost": 51.044679529442995, "power_cost": 18.16965966796875, "noise_cost": 17.709555483335663, "n_waypoints_completed": 9, "tot_waypoints": 9}}
{"target": -189.91886637312592, "params": {"k_pid_pos": [1.8034346552870686, 0.08087462101852438, 0.40092638265648595], "k_pid_alt": [1.7297729984189598, 0.0, 0.06527723447865985], "k_pid_att": [24.0942673894178, 0.18205753750414305, 0.666719676683535], "k_pid_yaw": [0.5, 1e-06, 0.1], "k_pid_hsp": [0.09847755819799779, 0.011264223901387349, 0.0], "k_pid_vsp": [174.90950217371815, 220.49899307650495, 21.011196465382298]}, "datetime": {"datetime": "2025-08-12 01:44:16", "elapsed": 33536.30065989494, "delta": 18.677664518356323}, "costs": {"total_cost": 189.91886637312592, "time_cost": 69.552, "final_distance_cost": 1.776669851986969, "oscillation_cost": 31.427110009384236, "completition_cost": 0.0, "overshoot_cost": 51.07148090948771, "power_cost": 18.355724865722657, "noise_cost": 17.735880736544342, "n_waypoints_completed": 9, "tot_waypoints": 9}}
{"target": -184.30197438221313, "params": {"k_pid_pos": [1.0031316701085804, 0.024859491386256316, 0.40092638265648595], "k_pid_alt": [1.7297729984189598, 0.0, 0.1256065166771715], "k_pid_att": [37.12179941719916, 4.032738448698441, 0.666719676683535], "k_pid_yaw": [0.5, 1e-06, 0.1], "k_pid_hsp": [0.09847755819799779, 0.011264223901387349, 0.0], "k_pid_vsp": [264.9966777379314, 273.5353972576295, 21.011196465382298]}, "datetime": {"datetime": "2025-08-12 01:44:34", "elapsed": 33554.19273066521, "delta": 17.892070770263672}, "costs": {"total_cost": 184.30197438221313, "time_cost": 70.105, "final_distance_cost": 1.8168654073314119, "oscillation_cost": 26.088470887670717, "completition_cost": 0.0, "overshoot_cost": 50.33720601952532, "power_cost": 18.19549718017578, "noise_cost": 17.75893488750991, "n_waypoints_completed": 9, "tot_waypoints": 9}}
{"target": -183.9425733545629, "params": {"k_pid_pos": [1.0031316701085804, 0.024859491386256316, 0.40092638265648595], "k_pid_alt": [1.7297729984189598, 0.0, 0.15791560522360282], "k_pid_att": [37.12179941719916, 5.859554809351448, 0.666719676683535], "k_pid_yaw": [0.5, 1e-06, 0.1], "k_pid_hsp": [0.09847755819799779, 0.011264223901387349, 0.0], "k_pid_vsp": [264.9966777379314, 307.0029666248519, 21.011196465382298]}, "datetime": {"datetime": "2025-08-12 01:44:52", "elapsed": 33571.383980989456, "delta": 17.191250324249268}, "costs": {"total_cost": 183.9425733545629, "time_cost": 70.112, "final_distance_cost": 1.820299189050532, "oscillation_cost": 26.16227171776418, "completition_cost": 0.0, "overshoot_cost": 50.51208116652364, "power_cost": 17.846282556152346, "noise_cost": 17.489638725072197, "n_waypoints_completed": 9, "tot_waypoints": 9}}
