{"target": -187.50423113286632, "params": {"k_pid_pos": [1.0031316701085804, 0.024859491386256316, 0.40092638265648595], "k_pid_alt": [1.7035415647774235, 0.0, 0.3053062226959652], "k_pid_att": [91.00202412209904, 5.859554809351448, 0.0025181163521733607], "k_pid_yaw": [0.5, 1e-06, 0.1], "k_pid_hsp": [0.09847755819799779, 0.011264223901387349, 0.0], "k_pid_vsp": [264.9966777379314, 311.7529422610338, 2.77343605205192]}, "datetime": {"datetime": "2025-08-12 05:12:06", "elapsed": 46006.33716750145, "delta": 17.473968267440796}, "costs": {"total_cost": 187.50423113286632, "time_cost": 70.399, "final_distance_cost": 1.8397771758428916, "oscillation_cost": 29.438165115503356, "completition_cost": 0.0, "overshoot_cost": 50.59192606816141, "power_cost": 14.311013513183594, "noise_cost": 20.924349260175077, "n_waypoints_completed": 9, "tot_waypoints": 9}}
{"target": -1563.0000629197714, "params": {"k_pid_pos": [1.0031316701085804, 0.024859491386256316, 0.40092638265648595], "k_pid_alt": [1.7297729984189598, 0.0, 0.4058833002920509], "k_pid_att": [25.463483275157817, 5.859554809351448, 0.3208883335954925], "k_pid_yaw": [0.5, 1e-06, 0.1], "k_pid_hsp": [0.09847755819799779, 0.34972575943615614, 0.6821943249348869], "k_pid_vsp": [264.9966777379314, 304.1795245652576, 2.77343605205192]}, "datetime": {"datetime": "2025-08-12 05:12:39", "elapsed": 46038.43362116814, "delta": 32.09645366668701}, "costs": {"total_cost": 1563.0000629197714, "time_cost": 150, "final_distance_cost": 32.72531410400526, "oscillation_cost": 661.508692991631, "completition_cost": 555.5555555555555, "overshoot_cost": 102.44003737369634, "power_cost": 30.01644150390625, "noise_cost": 30.75402139097685, "n_waypoints_completed": 4, "tot_waypoints": 9}}
{"target": -183.08407650406252, "params": {"k_pid_pos": [1.0031316701085804, 0.024859491386256316, 0.40092638265648595], "k_pid_alt": [1.7297729984189598, 0.0, 0.06527723447865985], "k_pid_att": [10.85276784655954, 1.4953935029224072, 0.666719676683535], "k_pid_yaw": [0.5, 1e-06, 0.1], "k_pid_hsp": [0.09847755819799779, 0.011264223901387349, 0.0], "k_pid_vsp": [264.9966777379314, 304.1795245652576, 2.77343605205192]}, "datetime": {"datetime": "2025-08-12 05:12:58", "elapsed": 46057.49885892868, "delta": 19.065237760543823}, "costs": {"total_cost": 183.08407650406252, "time_cost": 69.97200000000001, "final_distance_cost": 1.8232561110929182, "oscillation_cost": 25.830634925397458, "completition_cost": 0.0, "overshoot_cost": 50.605337999513814, "power_cost": 14.15017557373047, "noise_cost": 20.702671894327832, "n_waypoints_completed": 9, "tot_waypoints": 9}}
{"target": -183.08407650406252, "params": {"k_pid_pos": [1.0031316701085804, 0.024859491386256316, 0.40092638265648595], "k_pid_alt": [1.7297729984189598, 0.0, 0.06527723447865985], "k_pid_att": [10.85276784655954, 1.4953935029224072, 0.666719676683535], "k_pid_yaw": [0.5, 1e-06, 0.1], "k_pid_hsp": [0.09847755819799779, 0.011264223901387349, 0.0], "k_pid_vsp": [264.9966777379314, 304.1795245652576, 2.77343605205192]}, "datetime": {"datetime": "2025-08-12 05:13:17", "elapsed": 46077.13067960739, "delta": 19.631820678710938}, "costs": {"total_cost": 183.08407650406252, "time_cost": 69.97200000000001, "final_distance_cost": 1.8232561110929182, "oscillation_cost": 25.830634925397458, "completition_cost": 0.0, "overshoot_cost": 50.605337999513814, "power_cost": 14.15017557373047, "noise_cost": 20.702671894327832, "n_waypoints_completed": 9, "tot_waypoints": 9}}
{"target": -183.08407650406252, "params": {"k_pid_pos": [1.0031316701085804, 0.024859491386256316, 0.40092638265648595], "k_pid_alt": [1.7297729984189598, 0.0, 0.06527723447865985], "k_pid_att": [10.85276784655954, 1.4953935029224072, 0.666719676683535], "k_pid_yaw": [0.5, 1e-06, 0.1], "k_pid_hsp": [0.09847755819799779, 0.011264223901387349, 0.0], "k_pid_vsp": [264.9966777379314, 304.1795245652576, 2.77343605205192]}, "datetime": {"datetime": "2025-08-12 05:13:35", "elapsed": 46094.48081588745, "delta": 17.350136280059814}, "costs": {"total_cost": 183.08407650406252, "time_cost": 69.97200000000001, "final_distance_cost": 1.8232561110929182, "oscillation_cost": 25.830634925397458, "completition_cost": 0.0, "overshoot_cost": 50.605337999513814, "power_cost": 14.15017557373047, "noise_cost": 20.702671894327832, "n_waypoints_completed": 9, "tot_waypoints": 9}}
{"target": -298.13424134030805, "params": {"k_pid_pos": [1.0031316701085804, 0.024859491386256316, 0.40092638265648595], "k_pid_alt": [1.7297729984189598, 0.0, 0.06527723447865985], "k_pid_att": [10.85276784655954, 1.4953935029224072, 0.666719676683535], "k_pid_yaw": [0.5, 1e-06, 0.1], "k_pid_hsp": [0.09847755819799779, 0.32994361413805817, 0.0], "k_pid_vsp": [387.81499297641176, 304.1795245652576, 2.77343605205192]}, "datetime": {"datetime": "2025-08-12 05:13:59", "elapsed": 46118.44650363922, "delta": 23.96568775177002}, "costs": {"total_cost": 298.13424134030805, "time_cost": 88.438, "final_distance_cost": 1.8429704586315236, "oscillation_cost": 100.17621319875919, "completition_cost": 0.0, "overshoot_cost": 56.99823435764507, "power_cost": 22.66822811279297, "noise_cost": 28.010595212479295, "n_waypoints_completed": 9, "tot_waypoints": 9}}
{"target": -253.54199096254308, "params": {"k_pid_pos": [0.6766360078800605, 0.024859491386256316, 0.40092638265648595], "k_pid_alt": [1.7297729984189598, 0.9190004771393835, 0.06527723447865985], "k_pid_att": [25.463483275157817, 9.874008014726847, 0.23530941344510892], "k_pid_yaw": [0.5, 1e-06, 0.1], "k_pid_hsp": [7.052390903615432, 0.44917677628681074, 0.0], "k_pid_vsp": [264.9966777379314, 304.1795245652576, 2.77343605205192]}, "datetime": {"datetime": "2025-08-12 05:14:21", "elapsed": 46140.88360667229, "delta": 22.437103033065796}, "costs": {"total_cost": 253.54199096254308, "time_cost": 82.922, "final_distance_cost": 1.8233703039662887, "oscillation_cost": 76.33497870294573, "completition_cost": 0.0, "overshoot_cost": 52.265470846100854, "power_cost": 17.245624279785158, "noise_cost": 22.950546829745072, "n_waypoints_completed": 9, "tot_waypoints": 9}}
{"target": -196.81665109811448, "params": {"k_pid_pos": [0.9774418867578677, 0.024859491386256316, 0.40092638265648595], "k_pid_alt": [0.9020104990244227, 0.0, 0.06527723447865985], "k_pid_att": [97.15749504346589, 1.4953935029224072, 0.666719676683535], "k_pid_yaw": [0.5, 1e-06, 0.1], "k_pid_hsp": [0.09847755819799779, 0.011264223901387349, 0.0], "k_pid_vsp": [147.07576885869452, 304.1795245652576, 102.30476315159223]}, "datetime": {"datetime": "2025-08-12 05:14:40", "elapsed": 46159.886731386185, "delta": 19.003124713897705}, "costs": {"total_cost": 196.81665109811448, "time_cost": 76.524, "final_distance_cost": 1.840176128017509, "oscillation_cost": 25.909614924022236, "completition_cost": 0.0, "overshoot_cost": 54.15100591813455, "power_cost": 19.780796716308593, "noise_cost": 18.61105741163157, "n_waypoints_completed": 9, "tot_waypoints": 9}}
{"target": -371.0752069571283, "params": {"k_pid_pos": [1.0031316701085804, 0.024859491386256316, 0.40092638265648595], "k_pid_alt": [1.7297729984189598, 0.0, 0.960182655307655], "k_pid_att": [10.85276784655954, 1.4953935029224072, 0.666719676683535], "k_pid_yaw": [0.5, 1e-06, 0.1], "k_pid_hsp": [0.09847755819799779, 0.411800739936948, 0.0], "k_pid_vsp": [264.9966777379314, 304.1795245652576, 2.77343605205192]}, "datetime": {"datetime": "2025-08-12 05:15:09", "elapsed": 46188.56763148308, "delta": 28.68090009689331}, "costs": {"total_cost": 371.0752069571283, "time_cost": 110.656, "final_distance_cost": 1.822306697880896, "oscillation_cost": 128.22039101532187, "completition_cost": 0.0, "overshoot_cost": 61.31119707446809, "power_cost": 29.859077880859378, "noise_cost": 39.20623428859803, "n_waypoints_completed": 9, "tot_waypoints": 9}}
{"target": -551.8018726739992, "params": {"k_pid_pos": [1.0031316701085804, 0.024859491386256316, 0.5701838247964224], "k_pid_alt": [1.5873271883648092, 0.4149186621504757, 0.06527723447865985], "k_pid_att": [25.463483275157817, 5.859554809351448, 0.666719676683535], "k_pid_yaw": [0.5, 1e-06, 0.1], "k_pid_hsp": [0.09847755819799779, 0.37916941300484885, 0.0], "k_pid_vsp": [264.9966777379314, 1.6985791875978455, 2.77343605205192]}, "datetime": {"datetime": "2025-08-12 05:15:40", "elapsed": 46220.20879364014, "delta": 31.641162157058716}, "costs": {"total_cost": 551.8018726739992, "time_cost": 150, "final_distance_cost": 46.23607497695191, "oscillation_cost": 104.2223530253652, "completition_cost": 111.11111111111116, "overshoot_cost": 84.67503179412128, "power_cost": 21.123893139648438, "noise_cost": 34.43340862680137, "n_waypoints_completed": 8, "tot_waypoints": 9}}
{"target": -498.64283325073234, "params": {"k_pid_pos": [1.0031316701085804, 0.99390075264368, 0.40092638265648595], "k_pid_alt": [1.7297729984189598, 0.0, 0.06527723447865985], "k_pid_att": [23.08752834258585, 4.077532668255645, 0.666719676683535], "k_pid_yaw": [0.5, 1e-06, 0.1], "k_pid_hsp": [0.09847755819799779, 0.011264223901387349, 0.0], "k_pid_vsp": [264.9966777379314, 304.1795245652576, 2.77343605205192]}, "datetime": {"datetime": "2025-08-12 05:16:12", "elapsed": 46251.58999490738, "delta": 31.38120126724243}, "costs": {"total_cost": 498.64283325073234, "time_cost": 150, "final_distance_cost": 67.71921451473168, "oscillation_cost": 54.60627839648888, "completition_cost": 111.11111111111116, "overshoot_cost": 54.50409420432937, "power_cost": 26.75030203857422, "noise_cost": 33.95183298549705, "n_waypoints_completed": 8, "tot_waypoints": 9}}
{"target": -183.08407650406252, "params": {"k_pid_pos": [1.0031316701085804, 0.024859491386256316, 0.40092638265648595], "k_pid_alt": [1.7297729984189598, 0.0, 0.06527723447865985], "k_pid_att": [10.85276784655954, 1.4953935029224072, 0.666719676683535], "k_pid_yaw": [0.5, 1e-06, 0.1], "k_pid_hsp": [0.09847755819799779, 0.011264223901387349, 0.0], "k_pid_vsp": [264.9966777379314, 304.1795245652576, 2.77343605205192]}, "datetime": {"datetime": "2025-08-12 05:16:29", "elapsed": 46269.166635513306, "delta": 17.576640605926514}, "costs": {"total_cost": 183.08407650406252, "time_cost": 69.97200000000001, "final_distance_cost": 1.8232561110929182, "oscillation_cost": 25.830634925397458, "completition_cost": 0.0, "overshoot_cost": 50.605337999513814, "power_cost": 14.15017557373047, "noise_cost": 20.702671894327832, "n_waypoints_completed": 9, "tot_waypoints": 9}}
{"target": -499.4662726555221, "params": {"k_pid_pos": [1.0031316701085804, 0.9890946934323674, 0.40092638265648595], "k_pid_alt": [1.7297729984189598, 0.0, 0.06527723447865985], "k_pid_att": [10.85276784655954, 1.4953935029224072, 0.666719676683535], "k_pid_yaw": [0.5, 1e-06, 0.1], "k_pid_hsp": [0.09847755819799779, 0.011264223901387349, 0.0], "k_pid_vsp": [264.9966777379314, 304.1795245652576, 2.77343605205192]}, "datetime": {"datetime": "2025-08-12 05:17:01", "elapsed": 46300.7318611145, "delta": 31.56522560119629}, "costs": {"total_cost": 499.4662726555221, "time_cost": 150, "final_distance_cost": 68.87783674471117, "oscillation_cost": 54.57015560694765, "completition_cost": 111.11111111111116, "overshoot_cost": 54.38615900066818, "power_cost": 26.634784667968752, "noise_cost": 33.8862255241152, "n_waypoints_completed": 8, "tot_waypoints": 9}}
{"target": -192.19685892369924, "params": {"k_pid_pos": [1.0031316701085804, 0.024859491386256316, 0.42495672118777295], "k_pid_alt": [1.85112020821355, 0.510422947647645, 0.06527723447865985], "k_pid_att": [25.463483275157817, 4.819059953965517, 0.666719676683535], "k_pid_yaw": [0.5, 1e-06, 0.1], "k_pid_hsp": [0.09847755819799779, 0.011264223901387349, 0.0], "k_pid_vsp": [264.9966777379314, 304.1795245652576, 2.77343605205192]}, "datetime": {"datetime": "2025-08-12 05:17:22", "elapsed": 46321.726037979126, "delta": 20.994176864624023}, "costs": {"total_cost": 192.19685892369924, "time_cost": 75.691, "final_distance_cost": 1.7749547444990683, "oscillation_cost": 26.73311566354423, "completition_cost": 0.0, "overshoot_cost": 51.44538493769966, "power_cost": 14.99410174560547, "noise_cost": 21.55830183235081, "n_waypoints_completed": 9, "tot_waypoints": 9}}
{"target": -222.91853704424463, "params": {"k_pid_pos": [1.0031316701085804, 0.024859491386256316, 0.40092638265648595], "k_pid_alt": [1.7297729984189598, 0.0, 0.06527723447865985], "k_pid_att": [25.463483275157817, 1.1105074131954076, 0.666719676683535], "k_pid_yaw": [0.5, 1e-06, 0.1], "k_pid_hsp": [0.09847755819799779, 0.011264223901387349, 0.0], "k_pid_vsp": [264.9966777379314, 304.1795245652576, 156.11011667766687]}, "datetime": {"datetime": "2025-08-12 05:17:44", "elapsed": 46343.459968566895, "delta": 21.733930587768555}, "costs": {"total_cost": 222.91853704424463, "time_cost": 87.913, "final_distance_cost": 1.8222603548099963, "oscillation_cost": 25.989078965304206, "completition_cost": 0.0, "overshoot_cost": 61.57682584085092, "power_cost": 22.521997631835937, "noise_cost": 23.095374251443562, "n_waypoints_completed": 9, "tot_waypoints": 9}}
{"target": -183.9079859007282, "params": {"k_pid_pos": [1.0031316701085804, 0.024859491386256316, 0.40092638265648595], "k_pid_alt": [1.3888149624867963, 0.0, 0.06527723447865985], "k_pid_att": [97.15749504346589, 1.4953935029224072, 0.666719676683535], "k_pid_yaw": [0.5, 1e-06, 0.1], "k_pid_hsp": [0.09847755819799779, 0.011264223901387349, 0.0], "k_pid_vsp": [264.9966777379314, 304.1795245652576, 2.77343605205192]}, "datetime": {"datetime": "2025-08-12 05:18:03", "elapsed": 46363.16030740738, "delta": 19.70033884048462}, "costs": {"total_cost": 183.9079859007282, "time_cost": 70.385, "final_distance_cost": 1.8294762820668233, "oscillation_cost": 25.909589527528688, "completition_cost": 0.0, "overshoot_cost": 50.55144890685886, "power_cost": 14.290519262695312, "noise_cost": 20.94195192157848, "n_waypoints_completed": 9, "tot_waypoints": 9}}
{"target": -183.08407650406252, "params": {"k_pid_pos": [1.0031316701085804, 0.024859491386256316, 0.40092638265648595], "k_pid_alt": [1.7297729984189598, 0.0, 0.06527723447865985], "k_pid_att": [10.85276784655954, 1.4953935029224072, 0.666719676683535], "k_pid_yaw": [0.5, 1e-06, 0.1], "k_pid_hsp": [0.09847755819799779, 0.011264223901387349, 0.0], "k_pid_vsp": [264.9966777379314, 304.1795245652576, 2.77343605205192]}, "datetime": {"datetime": "2025-08-12 05:18:21", "elapsed": 46380.97558403015, "delta": 17.815276622772217}, "costs": {"total_cost": 183.08407650406252, "time_cost": 69.97200000000001, "final_distance_cost": 1.8232561110929182, "oscillation_cost": 25.830634925397458, "completition_cost": 0.0, "overshoot_cost": 50.605337999513814, "power_cost": 14.15017557373047, "noise_cost": 20.702671894327832, "n_waypoints_completed": 9, "tot_waypoints": 9}}
{"target": -187.37818233241634, "params": {"k_pid_pos": [1.0031316701085804, 0.024859491386256316, 0.40092638265648595], "k_pid_alt": [1.7297729984189598, 0.0, 0.06527723447865985], "k_pid_att": [10.85276784655954, 1.4953935029224072, 0.666719676683535], "k_pid_yaw": [0.5, 1e-06, 0.1], "k_pid_hsp": [0.09847755819799779, 0.032377942493985734, 0.0], "k_pid_vsp": [264.9966777379314, 304.1795245652576, 2.77343605205192]}, "datetime": {"datetime": "2025-08-12 05:18:40", "elapsed": 46399.90233564377, "delta": 18.926751613616943}, "costs": {"total_cost": 187.37818233241634, "time_cost": 70.441, "final_distance_cost": 1.8430620012229506, "oscillation_cost": 29.615416785978013, "completition_cost": 0.0, "overshoot_cost": 49.91648985503733, "power_cost": 14.480928747558595, "noise_cost": 21.08128494261944, "n_waypoints_completed": 9, "tot_waypoints": 9}}
{"target": -197.64658245706693, "params": {"k_pid_pos": [1.0031316701085804, 0.024859491386256316, 0.7313895513723639], "k_pid_alt": [0.5251660625838372, 0.0, 0.06527723447865985], "k_pid_att": [97.15749504346589, 1.4953935029224072, 0.666719676683535], "k_pid_yaw": [0.5, 1e-06, 0.1], "k_pid_hsp": [0.09847755819799779, 0.011264223901387349, 0.0], "k_pid_vsp": [264.9966777379314, 304.1795245652576, 2.77343605205192]}, "datetime": {"datetime": "2025-08-12 05:19:00", "elapsed": 46420.3576335907, "delta": 20.45529794692993}, "costs": {"total_cost": 197.64658245706693, "time_cost": 80.017, "final_distance_cost": 1.8499379256071342, "oscillation_cost": 25.299818525568604, "completition_cost": 0.0, "overshoot_cost": 51.52262973688147, "power_cost": 15.708079858398438, "noise_cost": 23.249116410611293, "n_waypoints_completed": 9, "tot_waypoints": 9}}
{"target": -1461.1406441175288, "params": {"k_pid_pos": [0.6766360078800605, 0.024859491386256316, 0.40092638265648595], "k_pid_alt": [1.7297729984189598, 0.9190004771393835, 0.06527723447865985], "k_pid_att": [60.61652495710502, 9.874008014726847, 0.666719676683535], "k_pid_yaw": [0.5, 1e-06, 0.1], "k_pid_hsp": [0.09847755819799779, 0.011264223901387349, 0.0], "k_pid_vsp": [264.9966777379314, 304.1795245652576, 371.2679100987427]}, "datetime": {"datetime": "2025-08-12 05:19:33", "elapsed": 46452.73856854439, "delta": 32.380934953689575}, "costs": {"total_cost": 1461.1406441175288, "time_cost": 150, "final_distance_cost": 0.9985921745818831, "oscillation_cost": 2.8337673390950817, "completition_cost": 1000.0, "overshoot_cost": 163.0632228153522, "power_cost": 29.308951892089844, "noise_cost": 114.9361098964097, "n_waypoints_completed": 0, "tot_waypoints": 9}}
{"target": -1338.6000896935243, "params": {"k_pid_pos": [1.0031316701085804, 0.024859491386256316, 0.40092638265648595], "k_pid_alt": [1.7297729984189598, 0.0, 0.06527723447865985], "k_pid_att": [10.85276784655954, 1.4953935029224072, 0.666719676683535], "k_pid_yaw": [0.5, 1e-06, 0.1], "k_pid_hsp": [0.09847755819799779, 0.011264223901387349, 0.0], "k_pid_vsp": [387.81499297641176, 304.1795245652576, 300.4825694663082]}, "datetime": {"datetime": "2025-08-12 05:20:06", "elapsed": 46485.739995718, "delta": 33.0014271736145}, "costs": {"total_cost": 1338.6000896935243, "time_cost": 150, "final_distance_cost": 36.10872048002042, "oscillation_cost": 3.4432875647723624, "completition_cost": 1000.0, "overshoot_cost": 92.40594410593931, "power_cost": 29.559410754394534, "noise_cost": 27.082726788397625, "n_waypoints_completed": 0, "tot_waypoints": 9}}
{"target": -813.5436415904745, "params": {"k_pid_pos": [1.0031316701085804, 0.024859491386256316, 0.40092638265648595], "k_pid_alt": [1.7297729984189598, 0.0, 0.06527723447865985], "k_pid_att": [10.85276784655954, 1.4953935029224072, 0.666719676683535], "k_pid_yaw": [0.5, 1e-06, 0.1], "k_pid_hsp": [0.09847755819799779, 0.8669962603308305, 0.0], "k_pid_vsp": [264.9966777379314, 304.1795245652576, 2.77343605205192]}, "datetime": {"datetime": "2025-08-12 05:20:37", "elapsed": 46517.15405726433, "delta": 31.414061546325684}, "costs": {"total_cost": 813.5436415904745, "time_cost": 150, "final_distance_cost": 71.42514801235473, "oscillation_cost": 123.23601842611109, "completition_cost": 333.33333333333337, "overshoot_cost": 67.03466305835038, "power_cost": 33.40808503417969, "noise_cost": 35.106393726145214, "n_waypoints_completed": 6, "tot_waypoints": 9}}
{"target": -186.11361445311206, "params": {"k_pid_pos": [1.2291269948485064, 0.024859491386256316, 0.40092638265648595], "k_pid_alt": [1.7988026916343176, 0.0, 0.7925958880414701], "k_pid_att": [25.463483275157817, 5.859554809351448, 0.666719676683535], "k_pid_yaw": [0.5, 1e-06, 0.1], "k_pid_hsp": [0.09847755819799779, 0.011264223901387349, 0.0], "k_pid_vsp": [264.9966777379314, 291.9899918266388, 2.77343605205192]}, "datetime": {"datetime": "2025-08-12 05:20:54", "elapsed": 46534.129137039185, "delta": 16.975079774856567}, "costs": {"total_cost": 186.11361445311206, "time_cost": 70.462, "final_distance_cost": 1.82457356286256, "oscillation_cost": 27.99972871221707, "completition_cost": 0.0, "overshoot_cost": 50.84971788192255, "power_cost": 14.353297766113283, "noise_cost": 20.62429652999661, "n_waypoints_completed": 9, "tot_waypoints": 9}}
{"target": -187.8378111802864, "params": {"k_pid_pos": [1.402943601129983, 0.024859491386256316, 0.40092638265648595], "k_pid_alt": [1.7297729984189598, 0.0, 0.06527723447865985], "k_pid_att": [25.463483275157817, 1.1105074131954076, 0.666719676683535], "k_pid_yaw": [0.5, 1e-06, 0.1], "k_pid_hsp": [0.09847755819799779, 0.011264223901387349, 0.0], "k_pid_vsp": [264.9966777379314, 20.252314050740118, 2.77343605205192]}, "datetime": {"datetime": "2025-08-12 05:21:14", "elapsed": 46554.07291054726, "delta": 19.9437735080719}, "costs": {"total_cost": 187.8378111802864, "time_cost": 70.49, "final_distance_cost": 1.8123676411011391, "oscillation_cost": 28.36435620775057, "completition_cost": 0.0, "overshoot_cost": 51.73554165922825, "power_cost": 14.448156286621094, "noise_cost": 20.987389385585356, "n_waypoints_completed": 9, "tot_waypoints": 9}}
{"target": -183.8394639806566, "params": {"k_pid_pos": [1.0031316701085804, 0.024859491386256316, 0.40092638265648595], "k_pid_alt": [1.7297729984189598, 0.0, 0.3157032531275451], "k_pid_att": [10.85276784655954, 1.4953935029224072, 0.666719676683535], "k_pid_yaw": [0.5, 1e-06, 0.1], "k_pid_hsp": [0.09847755819799779, 0.011264223901387349, 0.0], "k_pid_vsp": [205.46647479918613, 304.1795245652576, 2.77343605205192]}, "datetime": {"datetime": "2025-08-12 05:21:32", "elapsed": 46571.50392842293, "delta": 17.431017875671387}, "costs": {"total_cost": 183.8394639806566, "time_cost": 70.21000000000001, "final_distance_cost": 1.8302291025093642, "oscillation_cost": 26.10043617933592, "completition_cost": 0.0, "overshoot_cost": 50.628601535278605, "power_cost": 14.27947421875, "noise_cost": 20.790722944782704, "n_waypoints_completed": 9, "tot_waypoints": 9}}
