{"target": -184.58167188772873, "params": {"k_pid_pos": [1.0031316701085804, 0.024859491386256316, 0.40092638265648595], "k_pid_alt": [1.7297729984189598, 0.0, 0.39033212468778067], "k_pid_att": [37.12179941719916, 5.859554809351448, 0.12678522794134206], "k_pid_yaw": [0.5, 1e-06, 0.1], "k_pid_hsp": [0.09847755819799779, 0.011264223901387349, 0.0], "k_pid_vsp": [264.9966777379314, 307.0029666248519, 21.011196465382298]}, "datetime": {"datetime": "2025-08-12 02:46:45", "elapsed": 37285.328256607056, "delta": 17.575448274612427}, "costs": {"total_cost": 184.58167188772873, "time_cost": 70.315, "final_distance_cost": 1.8206250277458855, "oscillation_cost": 26.514307844845444, "completition_cost": 0.0, "overshoot_cost": 50.28284559854549, "power_cost": 18.120953332519534, "noise_cost": 17.527940084072362, "n_waypoints_completed": 9, "tot_waypoints": 9}}
{"target": -199.02482576210616, "params": {"k_pid_pos": [1.0031316701085804, 0.024859491386256316, 0.8800578400597763], "k_pid_alt": [1.7297729984189598, 0.27875359925262033, 0.06527723447865985], "k_pid_att": [10.144412392664826, 5.859554809351448, 0.666719676683535], "k_pid_yaw": [0.5, 1e-06, 0.1], "k_pid_hsp": [0.09847755819799779, 0.011264223901387349, 0.0], "k_pid_vsp": [264.9966777379314, 307.0029666248519, 21.011196465382298]}, "datetime": {"datetime": "2025-08-12 02:47:07", "elapsed": 37306.63204622269, "delta": 21.303789615631104}, "costs": {"total_cost": 199.02482576210616, "time_cost": 80.367, "final_distance_cost": 1.8043483159942737, "oscillation_cost": 26.125118632578832, "completition_cost": 0.0, "overshoot_cost": 51.76460258558087, "power_cost": 20.035765258789063, "noise_cost": 18.927990969163133, "n_waypoints_completed": 9, "tot_waypoints": 9}}
{"target": -183.53649260238842, "params": {"k_pid_pos": [1.0031316701085804, 0.024859491386256316, 0.40092638265648595], "k_pid_alt": [1.7297729984189598, 0.0, 0.06527723447865985], "k_pid_att": [54.227890723214855, 5.859554809351448, 0.666719676683535], "k_pid_yaw": [0.5, 1e-06, 0.1], "k_pid_hsp": [0.09847755819799779, 0.011264223901387349, 0.0], "k_pid_vsp": [264.9966777379314, 140.03862743104432, 2.77343605205192]}, "datetime": {"datetime": "2025-08-12 02:47:24", "elapsed": 37324.26052284241, "delta": 17.62847661972046}, "costs": {"total_cost": 183.53649260238842, "time_cost": 70.182, "final_distance_cost": 1.8157228574093423, "oscillation_cost": 25.80330890253672, "completition_cost": 0.0, "overshoot_cost": 50.51887842229217, "power_cost": 14.2017048828125, "noise_cost": 21.01487753733769, "n_waypoints_completed": 9, "tot_waypoints": 9}}
{"target": -202.36402665870014, "params": {"k_pid_pos": [0.733120299083194, 0.024859491386256316, 0.8672549058211023], "k_pid_alt": [1.7297729984189598, 0.0, 0.06527723447865985], "k_pid_att": [37.12179941719916, 5.3753599788647985, 0.9351000021083623], "k_pid_yaw": [0.5, 1e-06, 0.1], "k_pid_hsp": [0.09847755819799779, 0.011264223901387349, 0.0], "k_pid_vsp": [264.9966777379314, 307.0029666248519, 21.011196465382298]}, "datetime": {"datetime": "2025-08-12 02:47:47", "elapsed": 37346.54816842079, "delta": 22.2876455783844}, "costs": {"total_cost": 202.36402665870014, "time_cost": 82.502, "final_distance_cost": 1.857635854149003, "oscillation_cost": 22.966168882440957, "completition_cost": 0.0, "overshoot_cost": 52.46969944882337, "power_cost": 20.631541857910157, "noise_cost": 21.936980615376665, "n_waypoints_completed": 9, "tot_waypoints": 9}}
{"target": -1459.3541876743225, "params": {"k_pid_pos": [0.3357872054297934, 0.024859491386256316, 0.40092638265648595], "k_pid_alt": [1.7297729984189598, 0.0, 0.02282466901291924], "k_pid_att": [47.77631716562736, 5.859554809351448, 0.666719676683535], "k_pid_yaw": [0.5, 1e-06, 0.1], "k_pid_hsp": [0.09847755819799779, 0.011264223901387349, 0.0], "k_pid_vsp": [264.9966777379314, 307.0029666248519, 297.18221048708995]}, "datetime": {"datetime": "2025-08-12 02:48:18", "elapsed": 37378.029064655304, "delta": 31.48089623451233}, "costs": {"total_cost": 1459.3541876743225, "time_cost": 150, "final_distance_cost": 0.9988452016780219, "oscillation_cost": 1.4989973488799015, "completition_cost": 1000.0, "overshoot_cost": 163.0871228154645, "power_cost": 29.19166716308594, "noise_cost": 114.5775551452143, "n_waypoints_completed": 0, "tot_waypoints": 9}}
{"target": -204.72743090878163, "params": {"k_pid_pos": [1.0031316701085804, 0.2836793541084326, 0.40092638265648595], "k_pid_alt": [1.7297729984189598, 0.6742641001630488, 0.06527723447865985], "k_pid_att": [54.227890723214855, 5.859554809351448, 0.666719676683535], "k_pid_yaw": [0.5, 1e-06, 0.1], "k_pid_hsp": [0.09847755819799779, 0.011264223901387349, 0.0], "k_pid_vsp": [264.9966777379314, 307.0029666248519, 21.011196465382298]}, "datetime": {"datetime": "2025-08-12 02:48:39", "elapsed": 37399.12998390198, "delta": 21.100919246673584}, "costs": {"total_cost": 204.72743090878163, "time_cost": 81.879, "final_distance_cost": 1.792770512366921, "oscillation_cost": 28.396099896830567, "completition_cost": 0.0, "overshoot_cost": 52.156468782101655, "power_cost": 20.769051879882813, "noise_cost": 19.734039837599667, "n_waypoints_completed": 9, "tot_waypoints": 9}}
{"target": -700.9567052042441, "params": {"k_pid_pos": [1.0031316701085804, 0.024859491386256316, 0.40092638265648595], "k_pid_alt": [1.7297729984189598, 0.0, 0.02282466901291924], "k_pid_att": [32.194164172814396, 7.216224919590021, 0.666719676683535], "k_pid_yaw": [0.5, 1e-06, 0.1], "k_pid_hsp": [0.09847755819799779, 0.8100843395034236, 0.0], "k_pid_vsp": [264.9966777379314, 140.03862743104432, 2.77343605205192]}, "datetime": {"datetime": "2025-08-12 02:49:10", "elapsed": 37430.28480005264, "delta": 31.154816150665283}, "costs": {"total_cost": 700.9567052042441, "time_cost": 150, "final_distance_cost": 68.27380345274906, "oscillation_cost": 127.64871844282155, "completition_cost": 222.2222222222222, "overshoot_cost": 64.19975760706137, "power_cost": 33.629715869140625, "noise_cost": 34.98248761024937, "n_waypoints_completed": 7, "tot_waypoints": 9}}
{"target": -192.62818228224955, "params": {"k_pid_pos": [1.0031316701085804, 0.024859491386256316, 0.40092638265648595], "k_pid_alt": [1.7297729984189598, 0.0, 0.06527723447865985], "k_pid_att": [54.227890723214855, 5.859554809351448, 0.666719676683535], "k_pid_yaw": [0.5, 1e-06, 0.1], "k_pid_hsp": [1.1779218432282734, 0.011264223901387349, 0.0], "k_pid_vsp": [264.9966777379314, 140.03862743104432, 2.77343605205192]}, "datetime": {"datetime": "2025-08-12 02:49:28", "elapsed": 37448.15131521225, "delta": 17.866515159606934}, "costs": {"total_cost": 192.62818228224955, "time_cost": 72.548, "final_distance_cost": 1.850275874171477, "oscillation_cost": 29.92431694558726, "completition_cost": 0.0, "overshoot_cost": 50.86830878808379, "power_cost": 15.025540869140626, "noise_cost": 22.411739805266407, "n_waypoints_completed": 9, "tot_waypoints": 9}}
{"target": -188.5849018030482, "params": {"k_pid_pos": [1.7411990865856197, 0.08329610310830193, 0.40092638265648595], "k_pid_alt": [1.7297729984189598, 0.0, 0.06527723447865985], "k_pid_att": [54.227890723214855, 3.4126860594551975, 0.666719676683535], "k_pid_yaw": [0.5, 1e-06, 0.1], "k_pid_hsp": [0.09847755819799779, 0.011264223901387349, 0.0], "k_pid_vsp": [264.9966777379314, 140.03862743104432, 2.77343605205192]}, "datetime": {"datetime": "2025-08-12 02:49:47", "elapsed": 37467.32486414909, "delta": 19.173548936843872}, "costs": {"total_cost": 188.5849018030482, "time_cost": 69.629, "final_distance_cost": 1.7718914385381206, "oscillation_cost": 31.22365993399289, "completition_cost": 0.0, "overshoot_cost": 50.8468289224529, "power_cost": 14.557502099609376, "noise_cost": 20.556019408454915, "n_waypoints_completed": 9, "tot_waypoints": 9}}
{"target": -282.44854030329464, "params": {"k_pid_pos": [1.0031316701085804, 0.024859491386256316, 0.40092638265648595], "k_pid_alt": [1.7297729984189598, 0.0, 0.02282466901291924], "k_pid_att": [54.227890723214855, 5.859554809351448, 0.666719676683535], "k_pid_yaw": [0.5, 1e-06, 0.1], "k_pid_hsp": [9.086286773106698, 0.011264223901387349, 0.0], "k_pid_vsp": [264.9966777379314, 140.03862743104432, 2.77343605205192]}, "datetime": {"datetime": "2025-08-12 02:50:06", "elapsed": 37485.81559276581, "delta": 18.490728616714478}, "costs": {"total_cost": 282.44854030329464, "time_cost": 73.21300000000001, "final_distance_cost": 1.8524810493023318, "oscillation_cost": 117.15657984570221, "completition_cost": 0.0, "overshoot_cost": 50.72246972087436, "power_cost": 17.270724768066408, "noise_cost": 22.233284919349323, "n_waypoints_completed": 9, "tot_waypoints": 9}}
{"target": -1023.9950126049729, "params": {"k_pid_pos": [1.0031316701085804, 0.024859491386256316, 0.40092638265648595], "k_pid_alt": [1.7297729984189598, 0.0, 0.06527723447865985], "k_pid_att": [32.194164172814396, 5.859554809351448, 0.666719676683535], "k_pid_yaw": [0.5, 1e-06, 0.1], "k_pid_hsp": [0.09847755819799779, 0.011264223901387349, 0.0], "k_pid_vsp": [357.7926419362953, 390.57703552990625, 291.87154017034953]}, "datetime": {"datetime": "2025-08-12 02:50:37", "elapsed": 37516.5254843235, "delta": 30.70989155769348}, "costs": {"total_cost": 1023.9950126049729, "time_cost": 150, "final_distance_cost": 56.81594007912793, "oscillation_cost": 10.536147952919706, "completition_cost": 666.6666666666667, "overshoot_cost": 83.24157995794626, "power_cost": 29.816272351074222, "noise_cost": 26.918405597238095, "n_waypoints_completed": 3, "tot_waypoints": 9}}
{"target": -850.0799041458718, "params": {"k_pid_pos": [1.2064217457767001, 0.024859491386256316, 0.9677620586651221], "k_pid_alt": [1.7297729984189598, 0.490519778721512, 0.02282466901291924], "k_pid_att": [32.194164172814396, 3.709223089780779, 0.666719676683535], "k_pid_yaw": [0.5, 1e-06, 0.1], "k_pid_hsp": [0.09847755819799779, 0.7198891318070316, 0.0], "k_pid_vsp": [264.9966777379314, 140.03862743104432, 63.37118315844313]}, "datetime": {"datetime": "2025-08-12 02:51:09", "elapsed": 37548.59762644768, "delta": 32.072142124176025}, "costs": {"total_cost": 850.0799041458718, "time_cost": 150, "final_distance_cost": 77.59869939606976, "oscillation_cost": 151.68362272127982, "completition_cost": 333.33333333333337, "overshoot_cost": 68.07223055219559, "power_cost": 35.969558081054686, "noise_cost": 33.42246006193837, "n_waypoints_completed": 6, "tot_waypoints": 9}}
{"target": -183.53649260238842, "params": {"k_pid_pos": [1.0031316701085804, 0.024859491386256316, 0.40092638265648595], "k_pid_alt": [1.7297729984189598, 0.0, 0.06527723447865985], "k_pid_att": [54.227890723214855, 5.859554809351448, 0.666719676683535], "k_pid_yaw": [0.5, 1e-06, 0.1], "k_pid_hsp": [0.09847755819799779, 0.011264223901387349, 0.0], "k_pid_vsp": [264.9966777379314, 140.03862743104432, 2.77343605205192]}, "datetime": {"datetime": "2025-08-12 02:51:28", "elapsed": 37567.48744177818, "delta": 18.88981533050537}, "costs": {"total_cost": 183.53649260238842, "time_cost": 70.182, "final_distance_cost": 1.8157228574093423, "oscillation_cost": 25.80330890253672, "completition_cost": 0.0, "overshoot_cost": 50.51887842229217, "power_cost": 14.2017048828125, "noise_cost": 21.01487753733769, "n_waypoints_completed": 9, "tot_waypoints": 9}}
{"target": -183.53649260238842, "params": {"k_pid_pos": [1.0031316701085804, 0.024859491386256316, 0.40092638265648595], "k_pid_alt": [1.7297729984189598, 0.0, 0.06527723447865985], "k_pid_att": [54.227890723214855, 5.859554809351448, 0.666719676683535], "k_pid_yaw": [0.5, 1e-06, 0.1], "k_pid_hsp": [0.09847755819799779, 0.011264223901387349, 0.0], "k_pid_vsp": [264.9966777379314, 140.03862743104432, 2.77343605205192]}, "datetime": {"datetime": "2025-08-12 02:51:45", "elapsed": 37584.74675512314, "delta": 17.259313344955444}, "costs": {"total_cost": 183.53649260238842, "time_cost": 70.182, "final_distance_cost": 1.8157228574093423, "oscillation_cost": 25.80330890253672, "completition_cost": 0.0, "overshoot_cost": 50.51887842229217, "power_cost": 14.2017048828125, "noise_cost": 21.01487753733769, "n_waypoints_completed": 9, "tot_waypoints": 9}}
{"target": -183.53649260238842, "params": {"k_pid_pos": [1.0031316701085804, 0.024859491386256316, 0.40092638265648595], "k_pid_alt": [1.7297729984189598, 0.0, 0.06527723447865985], "k_pid_att": [54.227890723214855, 5.859554809351448, 0.666719676683535], "k_pid_yaw": [0.5, 1e-06, 0.1], "k_pid_hsp": [0.09847755819799779, 0.011264223901387349, 0.0], "k_pid_vsp": [264.9966777379314, 140.03862743104432, 2.77343605205192]}, "datetime": {"datetime": "2025-08-12 02:52:04", "elapsed": 37603.46368813515, "delta": 18.716933012008667}, "costs": {"total_cost": 183.53649260238842, "time_cost": 70.182, "final_distance_cost": 1.8157228574093423, "oscillation_cost": 25.80330890253672, "completition_cost": 0.0, "overshoot_cost": 50.51887842229217, "power_cost": 14.2017048828125, "noise_cost": 21.01487753733769, "n_waypoints_completed": 9, "tot_waypoints": 9}}
{"target": -830.7159490789124, "params": {"k_pid_pos": [1.0031316701085804, 0.024859491386256316, 0.40092638265648595], "k_pid_alt": [1.7297729984189598, 0.0, 0.02282466901291924], "k_pid_att": [32.194164172814396, 7.216224919590021, 0.666719676683535], "k_pid_yaw": [0.5, 1e-06, 0.1], "k_pid_hsp": [0.09847755819799779, 0.8100843395034236, 0.0], "k_pid_vsp": [264.9966777379314, 48.32284493102569, 2.77343605205192]}, "datetime": {"datetime": "2025-08-12 02:52:34", "elapsed": 37634.329535484314, "delta": 30.86584734916687}, "costs": {"total_cost": 830.7159490789124, "time_cost": 150, "final_distance_cost": 70.70619263813091, "oscillation_cost": 144.5665733255681, "completition_cost": 333.33333333333337, "overshoot_cost": 63.66047314370152, "power_cost": 33.40131909179688, "noise_cost": 35.048057546381685, "n_waypoints_completed": 6, "tot_waypoints": 9}}
{"target": -184.39009079915994, "params": {"k_pid_pos": [1.0031316701085804, 0.024859491386256316, 0.40092638265648595], "k_pid_alt": [1.7297729984189598, 0.0, 0.06527723447865985], "k_pid_att": [54.227890723214855, 5.859554809351448, 0.20497828334174084], "k_pid_yaw": [0.5, 1e-06, 0.1], "k_pid_hsp": [0.09847755819799779, 0.011264223901387349, 0.0], "k_pid_vsp": [121.11927891757475, 140.03862743104432, 2.77343605205192]}, "datetime": {"datetime": "2025-08-12 02:52:53", "elapsed": 37652.812735557556, "delta": 18.483200073242188}, "costs": {"total_cost": 184.39009079915994, "time_cost": 70.105, "final_distance_cost": 1.8244628719791964, "oscillation_cost": 26.636323527348893, "completition_cost": 0.0, "overshoot_cost": 50.71376684304938, "power_cost": 14.27010615234375, "noise_cost": 20.840431404438743, "n_waypoints_completed": 9, "tot_waypoints": 9}}
{"target": -184.4455450421922, "params": {"k_pid_pos": [1.0031316701085804, 0.024859491386256316, 0.40092638265648595], "k_pid_alt": [1.7297729984189598, 0.0, 0.595216579879133], "k_pid_att": [52.211904611383375, 6.272448114604272, 0.666719676683535], "k_pid_yaw": [0.5, 1e-06, 0.1], "k_pid_hsp": [0.09847755819799779, 0.011264223901387349, 0.0], "k_pid_vsp": [264.9966777379314, 140.03862743104432, 2.77343605205192]}, "datetime": {"datetime": "2025-08-12 02:53:11", "elapsed": 37670.87215471268, "delta": 18.05941915512085}, "costs": {"total_cost": 184.4455450421922, "time_cost": 70.84, "final_distance_cost": 1.8362050348516417, "oscillation_cost": 25.821131128391475, "completition_cost": 0.0, "overshoot_cost": 50.80031525653278, "power_cost": 14.23013172607422, "noise_cost": 20.917761896342107, "n_waypoints_completed": 9, "tot_waypoints": 9}}
{"target": -202.36402665870014, "params": {"k_pid_pos": [0.733120299083194, 0.024859491386256316, 0.8672549058211023], "k_pid_alt": [1.7297729984189598, 0.0, 0.06527723447865985], "k_pid_att": [37.12179941719916, 5.3753599788647985, 0.9351000021083623], "k_pid_yaw": [0.5, 1e-06, 0.1], "k_pid_hsp": [0.09847755819799779, 0.011264223901387349, 0.0], "k_pid_vsp": [264.9966777379314, 307.0029666248519, 21.011196465382298]}, "datetime": {"datetime": "2025-08-12 02:53:32", "elapsed": 37691.49416589737, "delta": 20.622011184692383}, "costs": {"total_cost": 202.36402665870014, "time_cost": 82.502, "final_distance_cost": 1.857635854149003, "oscillation_cost": 22.966168882440957, "completition_cost": 0.0, "overshoot_cost": 52.46969944882337, "power_cost": 20.631541857910157, "noise_cost": 21.936980615376665, "n_waypoints_completed": 9, "tot_waypoints": 9}}
{"target": -190.75025235923192, "params": {"k_pid_pos": [1.0031316701085804, 0.024859491386256316, 0.40092638265648595], "k_pid_alt": [1.7297729984189598, 0.6593059046539728, 0.06527723447865985], "k_pid_att": [54.227890723214855, 5.859554809351448, 0.666719676683535], "k_pid_yaw": [0.5, 1e-06, 0.1], "k_pid_hsp": [0.09847755819799779, 0.011264223901387349, 0.0], "k_pid_vsp": [317.72943350442205, 130.53254854158118, 2.77343605205192]}, "datetime": {"datetime": "2025-08-12 02:53:51", "elapsed": 37711.17472195625, "delta": 19.680556058883667}, "costs": {"total_cost": 190.75025235923192, "time_cost": 74.774, "final_distance_cost": 1.7682678053059628, "oscillation_cost": 26.44530751151626, "completition_cost": 0.0, "overshoot_cost": 51.866149366484315, "power_cost": 14.819646069335938, "noise_cost": 21.076881606589428, "n_waypoints_completed": 9, "tot_waypoints": 9}}
{"target": -1878.7800113724957, "params": {"k_pid_pos": [1.0031316701085804, 0.024859491386256316, 0.40092638265648595], "k_pid_alt": [1.7297729984189598, 0.0, 0.39033212468778067], "k_pid_att": [37.12179941719916, 5.859554809351448, 0.12678522794134206], "k_pid_yaw": [0.5, 1e-06, 0.1], "k_pid_hsp": [0.09847755819799779, 0.011264223901387349, 0.7372445000455273], "k_pid_vsp": [264.9966777379314, 307.0029666248519, 21.011196465382298]}, "datetime": {"datetime": "2025-08-12 02:54:22", "elapsed": 37742.122577667236, "delta": 30.947855710983276}, "costs": {"total_cost": 1878.7800113724957, "time_cost": 150, "final_distance_cost": 77.10144969834816, "oscillation_cost": 744.7886730225817, "completition_cost": 777.7777777777778, "overshoot_cost": 67.03955623449846, "power_cost": 34.07594976806641, "noise_cost": 27.996604871223067, "n_waypoints_completed": 2, "tot_waypoints": 9}}
{"target": -183.98256224508128, "params": {"k_pid_pos": [1.0031316701085804, 0.08329610310830193, 0.40092638265648595], "k_pid_alt": [1.7297729984189598, 0.0, 0.06527723447865985], "k_pid_att": [54.227890723214855, 3.4126860594551975, 0.666719676683535], "k_pid_yaw": [0.5, 1e-06, 0.1], "k_pid_hsp": [0.09847755819799779, 0.011264223901387349, 0.0], "k_pid_vsp": [264.9966777379314, 140.03862743104432, 2.77343605205192]}, "datetime": {"datetime": "2025-08-12 02:54:40", "elapsed": 37759.8933930397, "delta": 17.77081537246704}, "costs": {"total_cost": 183.98256224508128, "time_cost": 70.56, "final_distance_cost": 1.8225194257211228, "oscillation_cost": 25.47805383788599, "completition_cost": 0.0, "overshoot_cost": 50.80968426709904, "power_cost": 14.256673034667969, "noise_cost": 21.055631679707187, "n_waypoints_completed": 9, "tot_waypoints": 9}}
{"target": -189.8911851888687, "params": {"k_pid_pos": [1.7411990865856197, 0.024859491386256316, 0.40092638265648595], "k_pid_alt": [0.8968227290295414, 0.0, 0.06527723447865985], "k_pid_att": [54.227890723214855, 5.859554809351448, 0.666719676683535], "k_pid_yaw": [0.5, 1e-06, 0.1], "k_pid_hsp": [0.09847755819799779, 0.011264223901387349, 0.0], "k_pid_vsp": [264.9966777379314, 140.03862743104432, 2.77343605205192]}, "datetime": {"datetime": "2025-08-12 02:54:59", "elapsed": 37778.76360845566, "delta": 18.87021541595459}, "costs": {"total_cost": 189.8911851888687, "time_cost": 71.148, "final_distance_cost": 1.8133766901910746, "oscillation_cost": 30.85027094646435, "completition_cost": 0.0, "overshoot_cost": 50.53047929773352, "power_cost": 14.685093994140626, "noise_cost": 20.863964260339127, "n_waypoints_completed": 9, "tot_waypoints": 9}}
{"target": -183.37223372215468, "params": {"k_pid_pos": [1.0031316701085804, 0.024859491386256316, 0.40092638265648595], "k_pid_alt": [1.7297729984189598, 0.0, 0.06527723447865985], "k_pid_att": [37.12179941719916, 1.9360914828558924, 0.666719676683535], "k_pid_yaw": [0.5, 1e-06, 0.1], "k_pid_hsp": [0.09847755819799779, 0.011264223901387349, 0.0], "k_pid_vsp": [264.9966777379314, 140.03862743104432, 2.77343605205192]}, "datetime": {"datetime": "2025-08-12 02:55:17", "elapsed": 37796.63640451431, "delta": 17.872796058654785}, "costs": {"total_cost": 183.37223372215468, "time_cost": 70.133, "final_distance_cost": 1.8156517820988298, "oscillation_cost": 25.573876356731372, "completition_cost": 0.0, "overshoot_cost": 50.74693462552331, "power_cost": 14.186826428222657, "noise_cost": 20.915944529578535, "n_waypoints_completed": 9, "tot_waypoints": 9}}
{"target": -183.95340532300594, "params": {"k_pid_pos": [1.0031316701085804, 0.024859491386256316, 0.40092638265648595], "k_pid_alt": [1.1928857943257507, 0.0, 0.06527723447865985], "k_pid_att": [54.227890723214855, 5.859554809351448, 0.666719676683535], "k_pid_yaw": [0.5, 1e-06, 0.1], "k_pid_hsp": [0.09847755819799779, 0.011264223901387349, 0.0], "k_pid_vsp": [264.9966777379314, 140.03862743104432, 2.77343605205192]}, "datetime": {"datetime": "2025-08-12 02:55:36", "elapsed": 37815.447962760925, "delta": 18.81155824661255}, "costs": {"total_cost": 183.95340532300594, "time_cost": 70.721, "final_distance_cost": 1.830047316027483, "oscillation_cost": 25.759828581532126, "completition_cost": 0.0, "overshoot_cost": 50.361463811614584, "power_cost": 14.231779553222657, "noise_cost": 21.049286060609102, "n_waypoints_completed": 9, "tot_waypoints": 9}}
