{"target": -2108.1177078312667, "params": {"k_pid_pos": [1.0031316701085804, 0.024859491386256316, 0.40092638265648595], "k_pid_alt": [0.0031421016365082988, 0.0, 0.06527723447865985], "k_pid_att": [24.0942673894178, 5.300697594845797, 0.1845336041603497], "k_pid_yaw": [0.5, 1e-06, 0.1], "k_pid_hsp": [0.09847755819799779, 0.011264223901387349, 0.6318576734090117], "k_pid_vsp": [279.31855783528204, 336.89689932622207, 62.564861685850005]}, "datetime": {"datetime": "2025-08-11 20:40:57", "elapsed": 15337.080296754837, "delta": 29.813300132751465}, "costs": {"total_cost": 2108.1177078312667, "time_cost": 150, "final_distance_cost": 14.962483683109799, "oscillation_cost": 737.5527705214965, "completition_cost": 1000.0, "overshoot_cost": 135.62122297800698, "power_cost": 33.538796997070314, "noise_cost": 36.44243365158299, "n_waypoints_completed": 0, "tot_waypoints": 9}}
{"target": -188.28379329021467, "params": {"k_pid_pos": [1.0031316701085804, 0.024859491386256316, 0.44963268842268056], "k_pid_alt": [0.8815334174028542, 0.0, 0.5500846473514374], "k_pid_att": [24.0942673894178, 3.7802132718527557, 0.8792759721912583], "k_pid_yaw": [0.5, 1e-06, 0.1], "k_pid_hsp": [0.09847755819799779, 0.011264223901387349, 0.0], "k_pid_vsp": [292.94687076665593, 307.0029666248519, 62.564861685850005]}, "datetime": {"datetime": "2025-08-11 20:41:16", "elapsed": 15356.35981631279, "delta": 19.27951955795288}, "costs": {"total_cost": 188.28379329021467, "time_cost": 74.039, "final_distance_cost": 1.8396676605688163, "oscillation_cost": 25.66983370402649, "completition_cost": 0.0, "overshoot_cost": 50.44293018317722, "power_cost": 18.68738229980469, "noise_cost": 17.604979442637475, "n_waypoints_completed": 9, "tot_waypoints": 9}}
{"target": -185.1722074608403, "params": {"k_pid_pos": [1.0031316701085804, 0.024859491386256316, 0.44963268842268056], "k_pid_alt": [1.2679502233621702, 0.0, 0.06527723447865985], "k_pid_att": [24.0942673894178, 3.7802132718527557, 0.4533553111744568], "k_pid_yaw": [0.5, 1e-06, 0.1], "k_pid_hsp": [0.09847755819799779, 0.011264223901387349, 0.0], "k_pid_vsp": [292.94687076665593, 307.0029666248519, 62.564861685850005]}, "datetime": {"datetime": "2025-08-11 20:41:34", "elapsed": 15374.062190294266, "delta": 17.70237398147583}, "costs": {"total_cost": 185.1722074608403, "time_cost": 70.791, "final_distance_cost": 1.8403180969575605, "oscillation_cost": 25.569868647963638, "completition_cost": 0.0, "overshoot_cost": 50.960166045647284, "power_cost": 18.229469250488282, "noise_cost": 17.78138541978356, "n_waypoints_completed": 9, "tot_waypoints": 9}}
{"target": -244.45139246543116, "params": {"k_pid_pos": [1.0031316701085804, 0.024859491386256316, 0.44963268842268056], "k_pid_alt": [0.25354681259241607, 0.0, 0.06527723447865985], "k_pid_att": [24.0942673894178, 5.200466839336723, 0.8792759721912583], "k_pid_yaw": [0.5, 1e-06, 0.1], "k_pid_hsp": [0.09847755819799779, 0.011264223901387349, 0.0], "k_pid_vsp": [365.3902764062781, 336.89689932622207, 62.564861685850005]}, "datetime": {"datetime": "2025-08-11 20:42:01", "elapsed": 15400.990973472595, "delta": 26.928783178329468}, "costs": {"total_cost": 244.45139246543116, "time_cost": 108.248, "final_distance_cost": 1.860524420341349, "oscillation_cost": 27.87750831542778, "completition_cost": 0.0, "overshoot_cost": 53.787224020748944, "power_cost": 27.442558801269534, "noise_cost": 25.235576907643544, "n_waypoints_completed": 9, "tot_waypoints": 9}}
{"target": -195.42422110454453, "params": {"k_pid_pos": [1.0031316701085804, 0.024859491386256316, 0.12618627628651247], "k_pid_alt": [1.2679502233621702, 0.0, 0.06527723447865985], "k_pid_att": [24.0942673894178, 3.7802132718527557, 0.1845336041603497], "k_pid_yaw": [0.5, 1e-06, 0.1], "k_pid_hsp": [0.09847755819799779, 0.011264223901387349, 0.0], "k_pid_vsp": [279.31855783528204, 91.73625214486171, 62.564861685850005]}, "datetime": {"datetime": "2025-08-11 20:42:20", "elapsed": 15419.763821840286, "delta": 18.77284836769104}, "costs": {"total_cost": 195.42422110454453, "time_cost": 74.396, "final_distance_cost": 1.8158912727679852, "oscillation_cost": 27.69204202259079, "completition_cost": 0.0, "overshoot_cost": 53.31391766017666, "power_cost": 19.363697607421877, "noise_cost": 18.842672541587234, "n_waypoints_completed": 9, "tot_waypoints": 9}}
{"target": -220.96306849144935, "params": {"k_pid_pos": [1.0011422296428567, 0.024859491386256316, 0.44963268842268056], "k_pid_alt": [1.2679502233621702, 0.0, 0.06527723447865985], "k_pid_att": [24.0942673894178, 6.08943583941259, 0.8299786351622237], "k_pid_yaw": [0.5, 1e-06, 0.1], "k_pid_hsp": [5.107906561366106, 0.011264223901387349, 0.0], "k_pid_vsp": [19.426275527231418, 307.0029666248519, 62.564861685850005]}, "datetime": {"datetime": "2025-08-11 20:42:39", "elapsed": 15439.352605819702, "delta": 19.588783979415894}, "costs": {"total_cost": 220.96306849144935, "time_cost": 78.06400000000001, "final_distance_cost": 1.8417366894169775, "oscillation_cost": 47.31227907290755, "completition_cost": 0.0, "overshoot_cost": 53.21508005543194, "power_cost": 20.418563500976564, "noise_cost": 20.111409172716286, "n_waypoints_completed": 9, "tot_waypoints": 9}}
{"target": -203.09735559115194, "params": {"k_pid_pos": [1.0031316701085804, 0.024859491386256316, 0.08170724544014563], "k_pid_alt": [0.9730264988067046, 0.29163435653851655, 0.06527723447865985], "k_pid_att": [24.0942673894178, 1.6378108886447933, 0.1845336041603497], "k_pid_yaw": [0.5, 1e-06, 0.1], "k_pid_hsp": [0.09847755819799779, 0.011264223901387349, 0.0], "k_pid_vsp": [41.64647012461127, 336.89689932622207, 62.564861685850005]}, "datetime": {"datetime": "2025-08-11 20:43:00", "elapsed": 15459.804493188858, "delta": 20.451887369155884}, "costs": {"total_cost": 203.09735559115194, "time_cost": 80.01, "final_distance_cost": 1.7361223825508352, "oscillation_cost": 30.684169550931745, "completition_cost": 0.0, "overshoot_cost": 51.735394770373205, "power_cost": 20.578497216796876, "noise_cost": 18.353171670499275, "n_waypoints_completed": 9, "tot_waypoints": 9}}
{"target": -184.9985303697798, "params": {"k_pid_pos": [1.0031316701085804, 0.024859491386256316, 0.44963268842268056], "k_pid_alt": [1.2679502233621702, 0.0, 0.06527723447865985], "k_pid_att": [24.0942673894178, 3.7802132718527557, 0.1845336041603497], "k_pid_yaw": [0.5, 1e-06, 0.1], "k_pid_hsp": [0.09847755819799779, 0.011264223901387349, 0.0], "k_pid_vsp": [279.31855783528204, 336.89689932622207, 62.564861685850005]}, "datetime": {"datetime": "2025-08-11 20:43:18", "elapsed": 15477.429771184921, "delta": 17.625277996063232}, "costs": {"total_cost": 184.9985303697798, "time_cost": 70.756, "final_distance_cost": 1.8296624898101252, "oscillation_cost": 25.92040249377883, "completition_cost": 0.0, "overshoot_cost": 50.67362444698116, "power_cost": 18.17354315185547, "noise_cost": 17.645297787354224, "n_waypoints_completed": 9, "tot_waypoints": 9}}
{"target": -194.7509003570466, "params": {"k_pid_pos": [0.961863204572444, 0.24828414068022808, 0.44963268842268056], "k_pid_alt": [1.2679502233621702, 0.0, 0.06527723447865985], "k_pid_att": [99.39142121730468, 8.257495339612396, 0.1845336041603497], "k_pid_yaw": [0.5, 1e-06, 0.1], "k_pid_hsp": [0.09847755819799779, 0.011264223901387349, 0.0], "k_pid_vsp": [279.31855783528204, 336.89689932622207, 10.0]}, "datetime": {"datetime": "2025-08-11 20:43:37", "elapsed": 15496.638289928436, "delta": 19.208518743515015}, "costs": {"total_cost": 194.7509003570466, "time_cost": 74.781, "final_distance_cost": 1.7922537622292722, "oscillation_cost": 28.98102676655118, "completition_cost": 0.0, "overshoot_cost": 51.24184118721896, "power_cost": 18.564778198242188, "noise_cost": 19.390000442805004, "n_waypoints_completed": 9, "tot_waypoints": 9}}
{"target": -184.9985303697798, "params": {"k_pid_pos": [1.0031316701085804, 0.024859491386256316, 0.44963268842268056], "k_pid_alt": [1.2679502233621702, 0.0, 0.06527723447865985], "k_pid_att": [24.0942673894178, 3.7802132718527557, 0.1845336041603497], "k_pid_yaw": [0.5, 1e-06, 0.1], "k_pid_hsp": [0.09847755819799779, 0.011264223901387349, 0.0], "k_pid_vsp": [279.31855783528204, 336.89689932622207, 62.564861685850005]}, "datetime": {"datetime": "2025-08-11 20:43:54", "elapsed": 15514.239119291306, "delta": 17.600829362869263}, "costs": {"total_cost": 184.9985303697798, "time_cost": 70.756, "final_distance_cost": 1.8296624898101252, "oscillation_cost": 25.92040249377883, "completition_cost": 0.0, "overshoot_cost": 50.67362444698116, "power_cost": 18.17354315185547, "noise_cost": 17.645297787354224, "n_waypoints_completed": 9, "tot_waypoints": 9}}
{"target": -216.4065812053552, "params": {"k_pid_pos": [1.0031316701085804, 0.024859491386256316, 0.44963268842268056], "k_pid_alt": [1.2679502233621702, 0.0, 0.06527723447865985], "k_pid_att": [24.0942673894178, 3.7802132718527557, 0.1845336041603497], "k_pid_yaw": [0.5, 1e-06, 0.1], "k_pid_hsp": [3.022941925987454, 0.011264223901387349, 0.0], "k_pid_vsp": [279.31855783528204, 336.89689932622207, 62.564861685850005]}, "datetime": {"datetime": "2025-08-11 20:44:14", "elapsed": 15533.61697602272, "delta": 19.377856731414795}, "costs": {"total_cost": 216.4065812053552, "time_cost": 74.396, "final_distance_cost": 1.8509882668505033, "oscillation_cost": 49.744052041676596, "completition_cost": 0.0, "overshoot_cost": 51.34347440955418, "power_cost": 19.667316711425784, "noise_cost": 19.404749775848092, "n_waypoints_completed": 9, "tot_waypoints": 9}}
{"target": -189.3922077004943, "params": {"k_pid_pos": [1.0031316701085804, 0.024859491386256316, 0.44963268842268056], "k_pid_alt": [1.2679502233621702, 0.4687387309924248, 0.06527723447865985], "k_pid_att": [33.41589308538913, 3.7802132718527557, 0.1845336041603497], "k_pid_yaw": [0.5, 1e-06, 0.1], "k_pid_hsp": [0.09847755819799779, 0.011264223901387349, 0.0], "k_pid_vsp": [279.31855783528204, 336.89689932622207, 10.0]}, "datetime": {"datetime": "2025-08-11 20:44:36", "elapsed": 15555.81255865097, "delta": 22.195582628250122}, "costs": {"total_cost": 189.3922077004943, "time_cost": 73.752, "final_distance_cost": 1.8053028126874011, "oscillation_cost": 26.79913159956869, "completition_cost": 0.0, "overshoot_cost": 50.91079505653818, "power_cost": 18.231387280273438, "noise_cost": 17.893590951426596, "n_waypoints_completed": 9, "tot_waypoints": 9}}
{"target": -320.1751967824374, "params": {"k_pid_pos": [1.0031316701085804, 0.024859491386256316, 0.44963268842268056], "k_pid_alt": [1.2679502233621702, 0.40485283893496626, 0.06527723447865985], "k_pid_att": [24.0942673894178, 3.7802132718527557, 0.1845336041603497], "k_pid_yaw": [0.5, 1e-06, 0.1], "k_pid_hsp": [9.909720763160385, 0.011264223901387349, 0.0], "k_pid_vsp": [279.31855783528204, 336.89689932622207, 62.564861685850005]}, "datetime": {"datetime": "2025-08-11 20:45:01", "elapsed": 15581.133033037186, "delta": 25.32047438621521}, "costs": {"total_cost": 320.1751967824374, "time_cost": 77.609, "final_distance_cost": 1.8109025591765455, "oscillation_cost": 151.66214045170886, "completition_cost": 0.0, "overshoot_cost": 50.770998550625045, "power_cost": 19.440843872070314, "noise_cost": 18.881311348856634, "n_waypoints_completed": 9, "tot_waypoints": 9}}
{"target": -1659.4260207596628, "params": {"k_pid_pos": [1.0031316701085804, 0.024859491386256316, 0.8936703812216521], "k_pid_alt": [0.7822613918691275, 0.9989689917576853, 0.06527723447865985], "k_pid_att": [24.0942673894178, 3.7802132718527557, 0.1845336041603497], "k_pid_yaw": [0.5, 1e-06, 0.1], "k_pid_hsp": [0.09847755819799779, 0.011264223901387349, 0.6562560081171346], "k_pid_vsp": [279.31855783528204, 336.89689932622207, 62.564861685850005]}, "datetime": {"datetime": "2025-08-11 20:45:31", "elapsed": 15610.975541830063, "delta": 29.842508792877197}, "costs": {"total_cost": 1659.4260207596628, "time_cost": 150, "final_distance_cost": 76.69084939810877, "oscillation_cost": 604.7034921956072, "completition_cost": 666.6666666666667, "overshoot_cost": 100.25729942182011, "power_cost": 31.966471997070315, "noise_cost": 29.141241080389907, "n_waypoints_completed": 3, "tot_waypoints": 9}}
{"target": -197.33167772112805, "params": {"k_pid_pos": [1.0031316701085804, 0.024859491386256316, 0.44963268842268056], "k_pid_alt": [1.2679502233621702, 0.0, 0.06527723447865985], "k_pid_att": [24.0942673894178, 8.039636722459171, 0.8792759721912583], "k_pid_yaw": [0.5, 1e-06, 0.1], "k_pid_hsp": [1.212585439599864, 0.011264223901387349, 0.0], "k_pid_vsp": [292.94687076665593, 307.0029666248519, 62.564861685850005]}, "datetime": {"datetime": "2025-08-11 20:45:49", "elapsed": 15629.331686019897, "delta": 18.356144189834595}, "costs": {"total_cost": 197.33167772112805, "time_cost": 74.095, "final_distance_cost": 1.8530473384038582, "oscillation_cost": 31.59224461320187, "completition_cost": 0.0, "overshoot_cost": 51.11724631504658, "power_cost": 19.4405134765625, "noise_cost": 19.233625977913245, "n_waypoints_completed": 9, "tot_waypoints": 9}}
{"target": -184.7937603291678, "params": {"k_pid_pos": [1.0031316701085804, 0.024859491386256316, 0.4388587351883817], "k_pid_alt": [1.2679502233621702, 0.0, 0.06527723447865985], "k_pid_att": [24.0942673894178, 3.7802132718527557, 0.8299786351622237], "k_pid_yaw": [0.5, 1e-06, 0.1], "k_pid_hsp": [0.09847755819799779, 0.011264223901387349, 0.0], "k_pid_vsp": [292.94687076665593, 307.0029666248519, 62.564861685850005]}, "datetime": {"datetime": "2025-08-11 20:46:07", "elapsed": 15647.154044389725, "delta": 17.82235836982727}, "costs": {"total_cost": 184.7937603291678, "time_cost": 70.763, "final_distance_cost": 1.8236191687590895, "oscillation_cost": 25.50100604379157, "completition_cost": 0.0, "overshoot_cost": 50.76999650444668, "power_cost": 18.141755773925784, "noise_cost": 17.79438283824466, "n_waypoints_completed": 9, "tot_waypoints": 9}}
{"target": -185.549123577944, "params": {"k_pid_pos": [1.0031316701085804, 0.024859491386256316, 0.44963268842268056], "k_pid_alt": [1.113216515173282, 0.0, 0.06527723447865985], "k_pid_att": [24.0942673894178, 3.9650988168623, 0.1845336041603497], "k_pid_yaw": [0.5, 1e-06, 0.1], "k_pid_hsp": [0.09847755819799779, 0.011264223901387349, 0.0], "k_pid_vsp": [279.31855783528204, 336.89689932622207, 62.564861685850005]}, "datetime": {"datetime": "2025-08-11 20:46:25", "elapsed": 15664.746676683426, "delta": 17.592632293701172}, "costs": {"total_cost": 185.549123577944, "time_cost": 70.896, "final_distance_cost": 1.8297784011065004, "oscillation_cost": 25.87701140529867, "completition_cost": 0.0, "overshoot_cost": 50.97308416710159, "power_cost": 18.21090831298828, "noise_cost": 17.762341291448934, "n_waypoints_completed": 9, "tot_waypoints": 9}}
{"target": -184.50272249521083, "params": {"k_pid_pos": [1.0031316701085804, 0.024859491386256316, 0.40092638265648595], "k_pid_alt": [1.2679502233621702, 0.0, 0.06527723447865985], "k_pid_att": [24.0942673894178, 3.7802132718527557, 0.8792759721912583], "k_pid_yaw": [0.5, 1e-06, 0.1], "k_pid_hsp": [0.09847755819799779, 0.011264223901387349, 0.0], "k_pid_vsp": [292.94687076665593, 307.0029666248519, 62.564861685850005]}, "datetime": {"datetime": "2025-08-11 20:46:43", "elapsed": 15682.540738582611, "delta": 17.79406189918518}, "costs": {"total_cost": 184.50272249521083, "time_cost": 70.644, "final_distance_cost": 1.829104376330729, "oscillation_cost": 25.622620518994342, "completition_cost": 0.0, "overshoot_cost": 50.75529124833991, "power_cost": 18.076365515136718, "noise_cost": 17.575340836409108, "n_waypoints_completed": 9, "tot_waypoints": 9}}
{"target": -184.50272249521083, "params": {"k_pid_pos": [1.0031316701085804, 0.024859491386256316, 0.40092638265648595], "k_pid_alt": [1.2679502233621702, 0.0, 0.06527723447865985], "k_pid_att": [24.0942673894178, 3.7802132718527557, 0.8792759721912583], "k_pid_yaw": [0.5, 1e-06, 0.1], "k_pid_hsp": [0.09847755819799779, 0.011264223901387349, 0.0], "k_pid_vsp": [292.94687076665593, 307.0029666248519, 62.564861685850005]}, "datetime": {"datetime": "2025-08-11 20:47:00", "elapsed": 15700.029449939728, "delta": 17.4887113571167}, "costs": {"total_cost": 184.50272249521083, "time_cost": 70.644, "final_distance_cost": 1.829104376330729, "oscillation_cost": 25.622620518994342, "completition_cost": 0.0, "overshoot_cost": 50.75529124833991, "power_cost": 18.076365515136718, "noise_cost": 17.575340836409108, "n_waypoints_completed": 9, "tot_waypoints": 9}}
{"target": -184.7937603291678, "params": {"k_pid_pos": [1.0031316701085804, 0.024859491386256316, 0.4388587351883817], "k_pid_alt": [1.2679502233621702, 0.0, 0.06527723447865985], "k_pid_att": [24.0942673894178, 3.7802132718527557, 0.8299786351622237], "k_pid_yaw": [0.5, 1e-06, 0.1], "k_pid_hsp": [0.09847755819799779, 0.011264223901387349, 0.0], "k_pid_vsp": [292.94687076665593, 307.0029666248519, 62.564861685850005]}, "datetime": {"datetime": "2025-08-11 20:47:18", "elapsed": 15717.72186589241, "delta": 17.692415952682495}, "costs": {"total_cost": 184.7937603291678, "time_cost": 70.763, "final_distance_cost": 1.8236191687590895, "oscillation_cost": 25.50100604379157, "completition_cost": 0.0, "overshoot_cost": 50.76999650444668, "power_cost": 18.141755773925784, "noise_cost": 17.79438283824466, "n_waypoints_completed": 9, "tot_waypoints": 9}}
{"target": -192.63599904277834, "params": {"k_pid_pos": [0.961863204572444, 0.24828414068022808, 0.44963268842268056], "k_pid_alt": [1.795722219278775, 0.0, 0.06527723447865985], "k_pid_att": [24.0942673894178, 3.9650988168623, 0.1845336041603497], "k_pid_yaw": [0.5, 1e-06, 0.1], "k_pid_hsp": [0.09847755819799779, 0.011264223901387349, 0.0], "k_pid_vsp": [279.31855783528204, 336.89689932622207, 62.564861685850005]}, "datetime": {"datetime": "2025-08-11 20:47:37", "elapsed": 15737.182876110077, "delta": 19.461010217666626}, "costs": {"total_cost": 192.63599904277834, "time_cost": 74.746, "final_distance_cost": 1.7990265950968651, "oscillation_cost": 26.39617767721553, "completition_cost": 0.0, "overshoot_cost": 51.64599220763397, "power_cost": 19.254507434082033, "noise_cost": 18.794295128749948, "n_waypoints_completed": 9, "tot_waypoints": 9}}
{"target": -2159.732347538307, "params": {"k_pid_pos": [1.0031316701085804, 0.024859491386256316, 0.44963268842268056], "k_pid_alt": [0.9092830241607659, 0.0, 0.06527723447865985], "k_pid_att": [99.39142121730468, 8.257495339612396, 0.1845336041603497], "k_pid_yaw": [0.5, 1e-06, 0.1], "k_pid_hsp": [0.09847755819799779, 0.011264223901387349, 0.3427828889311625], "k_pid_vsp": [279.31855783528204, 336.89689932622207, 10.0]}, "datetime": {"datetime": "2025-08-11 20:48:08", "elapsed": 15767.577720403671, "delta": 30.39484429359436}, "costs": {"total_cost": 2159.732347538307, "time_cost": 150, "final_distance_cost": 63.73943868109887, "oscillation_cost": 844.5373560098601, "completition_cost": 888.8888888888888, "overshoot_cost": 148.85923008539933, "power_cost": 34.27113253173828, "noise_cost": 29.436301341321673, "n_waypoints_completed": 1, "tot_waypoints": 9}}
{"target": -246.47446491249752, "params": {"k_pid_pos": [1.0031316701085804, 0.8712793157065106, 0.4388587351883817], "k_pid_alt": [1.2679502233621702, 0.0, 0.06527723447865985], "k_pid_att": [24.0942673894178, 3.7802132718527557, 0.8299786351622237], "k_pid_yaw": [0.5, 1e-06, 0.1], "k_pid_hsp": [0.09847755819799779, 0.011264223901387349, 0.0], "k_pid_vsp": [279.31855783528204, 336.89689932622207, 62.564861685850005]}, "datetime": {"datetime": "2025-08-11 20:48:32", "elapsed": 15791.721020936966, "delta": 24.143300533294678}, "costs": {"total_cost": 246.47446491249752, "time_cost": 96.502, "final_distance_cost": 1.709881770896224, "oscillation_cost": 41.3983972499124, "completition_cost": 0.0, "overshoot_cost": 57.073368247908576, "power_cost": 25.29086070556641, "noise_cost": 24.499956938213938, "n_waypoints_completed": 9, "tot_waypoints": 9}}
{"target": -188.45891561912745, "params": {"k_pid_pos": [1.0031316701085804, 0.024859491386256316, 0.4088772856873999], "k_pid_alt": [1.113216515173282, 0.0, 0.06527723447865985], "k_pid_att": [89.76499907316582, 3.9650988168623, 0.1845336041603497], "k_pid_yaw": [0.5, 1e-06, 0.1], "k_pid_hsp": [0.09847755819799779, 0.011264223901387349, 0.0], "k_pid_vsp": [292.94687076665593, 307.0029666248519, 62.564861685850005]}, "datetime": {"datetime": "2025-08-11 20:48:50", "elapsed": 15809.412041902542, "delta": 17.691020965576172}, "costs": {"total_cost": 188.45891561912745, "time_cost": 70.994, "final_distance_cost": 1.8321310180595876, "oscillation_cost": 28.130144438337823, "completition_cost": 0.0, "overshoot_cost": 51.44279006666183, "power_cost": 18.169579113769533, "noise_cost": 17.8902709822987, "n_waypoints_completed": 9, "tot_waypoints": 9}}
{"target": -199.14538541475076, "params": {"k_pid_pos": [0.9326368519522082, 0.024859491386256316, 0.40092638265648595], "k_pid_alt": [1.2679502233621702, 0.0, 0.06527723447865985], "k_pid_att": [24.0942673894178, 8.039636722459171, 0.8792759721912583], "k_pid_yaw": [0.5, 1e-06, 0.1], "k_pid_hsp": [1.212585439599864, 0.011264223901387349, 0.0], "k_pid_vsp": [292.94687076665593, 307.0029666248519, 62.564861685850005]}, "datetime": {"datetime": "2025-08-11 20:49:08", "elapsed": 15827.814549207687, "delta": 18.402507305145264}, "costs": {"total_cost": 199.14538541475076, "time_cost": 75.159, "final_distance_cost": 1.8524427771855425, "oscillation_cost": 31.862993159490202, "completition_cost": 0.0, "overshoot_cost": 51.20086730412581, "power_cost": 19.556916735839845, "noise_cost": 19.513165438109354, "n_waypoints_completed": 9, "tot_waypoints": 9}}
