{"target": -198.09879496291234, "params": {"k_pid_pos": [1.0031316701085804, 0.024859491386256316, 0.44963268842268056], "k_pid_alt": [1.2679502233621702, 0.2529878781088879, 0.06527723447865985], "k_pid_att": [43.948176657889235, 3.7802132718527557, 0.3495979120577055], "k_pid_yaw": [0.5, 1e-06, 0.1], "k_pid_hsp": [0.09847755819799779, 0.011264223901387349, 0.0], "k_pid_vsp": [279.31855783528204, 336.89689932622207, 62.564861685850005]}, "datetime": {"datetime": "2025-08-11 19:46:56", "elapsed": 12096.260273456573, "delta": 19.546083211898804}, "costs": {"total_cost": 198.09879496291234, "time_cost": 78.869, "final_distance_cost": 1.800255933702116, "oscillation_cost": 26.04070541515219, "completition_cost": 0.0, "overshoot_cost": 52.32552859572028, "power_cost": 20.141946252441407, "noise_cost": 18.921358765896347, "n_waypoints_completed": 9, "tot_waypoints": 9}}
{"target": -186.90671266060016, "params": {"k_pid_pos": [1.3885554450422086, 0.024859491386256316, 0.44963268842268056], "k_pid_alt": [1.3131013039922512, 0.0, 0.06527723447865985], "k_pid_att": [24.0942673894178, 0.0889010446451618, 0.1845336041603497], "k_pid_yaw": [0.5, 1e-06, 0.1], "k_pid_hsp": [0.09847755819799779, 0.011264223901387349, 0.0], "k_pid_vsp": [179.49655965827282, 336.89689932622207, 62.564861685850005]}, "datetime": {"datetime": "2025-08-11 19:47:13", "elapsed": 12113.352634906769, "delta": 17.092361450195312}, "costs": {"total_cost": 186.90671266060016, "time_cost": 70.028, "final_distance_cost": 1.8046960938656385, "oscillation_cost": 28.266174326558886, "completition_cost": 0.0, "overshoot_cost": 51.16760393310226, "power_cost": 18.233104797363282, "noise_cost": 17.407133509710064, "n_waypoints_completed": 9, "tot_waypoints": 9}}
{"target": -1190.5740880617182, "params": {"k_pid_pos": [1.3885554450422086, 0.024859491386256316, 0.8560330222059385], "k_pid_alt": [0.6270192127693479, 0.0, 0.06527723447865985], "k_pid_att": [43.948176657889235, 3.7802132718527557, 0.3495979120577055], "k_pid_yaw": [0.5, 1e-06, 0.1], "k_pid_hsp": [0.09847755819799779, 0.011264223901387349, 0.0], "k_pid_vsp": [279.31855783528204, 336.89689932622207, 162.0962713214115]}, "datetime": {"datetime": "2025-08-11 19:47:43", "elapsed": 12143.228537082672, "delta": 29.87590217590332}, "costs": {"total_cost": 1190.5740880617182, "time_cost": 150, "final_distance_cost": 64.91329460546605, "oscillation_cost": 5.845137917767716, "completition_cost": 888.8888888888888, "overshoot_cost": 24.446338640071577, "power_cost": 29.537129357910157, "noise_cost": 26.94329865161399, "n_waypoints_completed": 1, "tot_waypoints": 9}}
{"target": -1103.45555853269, "params": {"k_pid_pos": [1.0031316701085804, 0.024859491386256316, 0.15990719972617584], "k_pid_alt": [1.2679502233621702, 0.0, 0.06527723447865985], "k_pid_att": [24.0942673894178, 7.880595818058369, 0.837110513405392], "k_pid_yaw": [0.5, 1e-06, 0.1], "k_pid_hsp": [0.09847755819799779, 0.011264223901387349, 0.465397660104255], "k_pid_vsp": [250.4409247236842, 336.89689932622207, 62.564861685850005]}, "datetime": {"datetime": "2025-08-11 19:48:14", "elapsed": 12173.547548770905, "delta": 30.319011688232422}, "costs": {"total_cost": 1103.45555853269, "time_cost": 150, "final_distance_cost": 57.65064290085721, "oscillation_cost": 414.59471808799054, "completition_cost": 333.33333333333337, "overshoot_cost": 91.21914405476579, "power_cost": 29.72628659667969, "noise_cost": 26.931433559063304, "n_waypoints_completed": 6, "tot_waypoints": 9}}
{"target": -189.78904539323742, "params": {"k_pid_pos": [1.0031316701085804, 0.024859491386256316, 0.44963268842268056], "k_pid_alt": [1.2679502233621702, 0.0, 0.06527723447865985], "k_pid_att": [74.0360908705424, 0.0889010446451618, 0.1845336041603497], "k_pid_yaw": [0.5, 1e-06, 0.1], "k_pid_hsp": [0.09847755819799779, 0.011264223901387349, 0.0], "k_pid_vsp": [277.2708477836043, 20.55210058569056, 10.0]}, "datetime": {"datetime": "2025-08-11 19:48:32", "elapsed": 12191.396844625473, "delta": 17.84929585456848}, "costs": {"total_cost": 189.78904539323742, "time_cost": 71.876, "final_distance_cost": 1.8335321001118456, "oscillation_cost": 27.35862097595977, "completition_cost": 0.0, "overshoot_cost": 51.8222905461769, "power_cost": 18.370204614257812, "noise_cost": 18.528397156731117, "n_waypoints_completed": 9, "tot_waypoints": 9}}
{"target": -210.62150302884552, "params": {"k_pid_pos": [1.3885554450422086, 0.37843933188781775, 0.44963268842268056], "k_pid_alt": [1.2679502233621702, 0.0, 0.06527723447865985], "k_pid_att": [39.909449977216326, 3.8677381495188174, 0.1845336041603497], "k_pid_yaw": [0.5, 1e-06, 0.1], "k_pid_hsp": [0.04235883945842596, 0.011264223901387349, 0.0], "k_pid_vsp": [179.49655965827282, 336.89689932622207, 62.564861685850005]}, "datetime": {"datetime": "2025-08-11 19:48:53", "elapsed": 12212.59877538681, "delta": 21.20193076133728}, "costs": {"total_cost": 210.62150302884552, "time_cost": 84.287, "final_distance_cost": 1.7697109482367015, "oscillation_cost": 28.130906645631903, "completition_cost": 0.0, "overshoot_cost": 54.90989787643315, "power_cost": 21.45716070556641, "noise_cost": 20.066826852977346, "n_waypoints_completed": 9, "tot_waypoints": 9}}
{"target": -185.02747392819435, "params": {"k_pid_pos": [1.0031316701085804, 0.024859491386256316, 0.44963268842268056], "k_pid_alt": [1.2679502233621702, 0.0, 0.06527723447865985], "k_pid_att": [24.0942673894178, 2.79325987156934, 0.1845336041603497], "k_pid_yaw": [0.5, 1e-06, 0.1], "k_pid_hsp": [0.09847755819799779, 0.011264223901387349, 0.0], "k_pid_vsp": [279.31855783528204, 336.89689932622207, 62.564861685850005]}, "datetime": {"datetime": "2025-08-11 19:49:10", "elapsed": 12230.210892677307, "delta": 17.612117290496826}, "costs": {"total_cost": 185.02747392819435, "time_cost": 70.777, "final_distance_cost": 1.8381515100500392, "oscillation_cost": 25.866179885452166, "completition_cost": 0.0, "overshoot_cost": 50.75012509184217, "power_cost": 18.106591003417968, "noise_cost": 17.689426437431987, "n_waypoints_completed": 9, "tot_waypoints": 9}}
{"target": -185.77622190933482, "params": {"k_pid_pos": [1.0031316701085804, 0.024859491386256316, 0.44963268842268056], "k_pid_alt": [1.394383142748206, 0.0, 0.06527723447865985], "k_pid_att": [24.0942673894178, 1.109420231168994, 0.1845336041603497], "k_pid_yaw": [0.5, 1e-06, 0.1], "k_pid_hsp": [0.09847755819799779, 0.011264223901387349, 0.0], "k_pid_vsp": [105.92349492693351, 336.89689932622207, 62.564861685850005]}, "datetime": {"datetime": "2025-08-11 19:49:28", "elapsed": 12247.746591567993, "delta": 17.535698890686035}, "costs": {"total_cost": 185.77622190933482, "time_cost": 70.763, "final_distance_cost": 1.8411564411929466, "oscillation_cost": 25.95153525920892, "completition_cost": 0.0, "overshoot_cost": 51.38777498731123, "power_cost": 18.386256481933593, "noise_cost": 17.44649873968811, "n_waypoints_completed": 9, "tot_waypoints": 9}}
{"target": -217.49638784607555, "params": {"k_pid_pos": [1.0031316701085804, 0.6294995922020511, 0.44963268842268056], "k_pid_alt": [1.2679502233621702, 0.0, 0.06527723447865985], "k_pid_att": [24.0942673894178, 3.7802132718527557, 0.837110513405392], "k_pid_yaw": [0.5, 1e-06, 0.1], "k_pid_hsp": [0.09847755819799779, 0.011264223901387349, 0.0], "k_pid_vsp": [250.4409247236842, 336.89689932622207, 62.564861685850005]}, "datetime": {"datetime": "2025-08-11 19:49:50", "elapsed": 12269.632445812225, "delta": 21.885854244232178}, "costs": {"total_cost": 217.49638784607555, "time_cost": 86.639, "final_distance_cost": 1.7623766783875634, "oscillation_cost": 33.01844450889756, "completition_cost": 0.0, "overshoot_cost": 53.13510516232321, "power_cost": 22.413899633789065, "noise_cost": 20.52756186267814, "n_waypoints_completed": 9, "tot_waypoints": 9}}
{"target": -186.49635214117765, "params": {"k_pid_pos": [1.3885554450422086, 0.024859491386256316, 0.44963268842268056], "k_pid_alt": [1.636508049307729, 0.0, 0.06527723447865985], "k_pid_att": [58.989274729095186, 0.7200504618080176, 0.9166398602394554], "k_pid_yaw": [0.5, 1e-06, 0.1], "k_pid_hsp": [0.09847755819799779, 0.011264223901387349, 0.0], "k_pid_vsp": [194.7624155113164, 307.0029666248519, 62.564861685850005]}, "datetime": {"datetime": "2025-08-11 19:50:08", "elapsed": 12287.772641181946, "delta": 18.14019536972046}, "costs": {"total_cost": 186.49635214117765, "time_cost": 70.042, "final_distance_cost": 1.8190176103470355, "oscillation_cost": 27.74065190552984, "completition_cost": 0.0, "overshoot_cost": 51.05273577330207, "power_cost": 18.374652099609374, "noise_cost": 17.467294752389332, "n_waypoints_completed": 9, "tot_waypoints": 9}}
{"target": -185.30778773307898, "params": {"k_pid_pos": [1.0031316701085804, 0.024859491386256316, 0.44963268842268056], "k_pid_alt": [1.2679502233621702, 0.0, 0.06527723447865985], "k_pid_att": [24.0942673894178, 3.7802132718527557, 0.837110513405392], "k_pid_yaw": [0.5, 1e-06, 0.1], "k_pid_hsp": [0.09847755819799779, 0.011264223901387349, 0.0], "k_pid_vsp": [250.4409247236842, 336.89689932622207, 62.564861685850005]}, "datetime": {"datetime": "2025-08-11 19:50:25", "elapsed": 12305.219689130783, "delta": 17.44704794883728}, "costs": {"total_cost": 185.30778773307898, "time_cost": 70.819, "final_distance_cost": 1.8351135474295652, "oscillation_cost": 25.527013680033456, "completition_cost": 0.0, "overshoot_cost": 51.171672496001875, "power_cost": 18.271016625976564, "noise_cost": 17.683971383637516, "n_waypoints_completed": 9, "tot_waypoints": 9}}
{"target": -185.33044657481065, "params": {"k_pid_pos": [1.0031316701085804, 0.024859491386256316, 0.44963268842268056], "k_pid_alt": [1.2679502233621702, 0.0, 0.06527723447865985], "k_pid_att": [24.0942673894178, 1.109420231168994, 0.1845336041603497], "k_pid_yaw": [0.5, 1e-06, 0.1], "k_pid_hsp": [0.09847755819799779, 0.011264223901387349, 0.0], "k_pid_vsp": [105.92349492693351, 336.89689932622207, 62.564861685850005]}, "datetime": {"datetime": "2025-08-11 19:50:43", "elapsed": 12322.748230934143, "delta": 17.528541803359985}, "costs": {"total_cost": 185.33044657481065, "time_cost": 70.854, "final_distance_cost": 1.8337788793306524, "oscillation_cost": 25.941144744049392, "completition_cost": 0.0, "overshoot_cost": 50.918218141796665, "power_cost": 18.37493731689453, "noise_cost": 17.4083674927394, "n_waypoints_completed": 9, "tot_waypoints": 9}}
{"target": -1460.6379934570336, "params": {"k_pid_pos": [1.0031316701085804, 0.024859491386256316, 0.44963268842268056], "k_pid_alt": [0.547453248924693, 0.0, 0.06527723447865985], "k_pid_att": [24.0942673894178, 3.7802132718527557, 0.837110513405392], "k_pid_yaw": [0.5, 1e-06, 0.1], "k_pid_hsp": [0.09847755819799779, 0.011264223901387349, 0.0], "k_pid_vsp": [7.747626412356867, 145.94729102544082, 62.564861685850005]}, "datetime": {"datetime": "2025-08-11 19:51:15", "elapsed": 12354.47717666626, "delta": 31.7289457321167}, "costs": {"total_cost": 1460.6379934570336, "time_cost": 150, "final_distance_cost": 0.9978385062298708, "oscillation_cost": 3.3348547810812397, "completition_cost": 1000.0, "overshoot_cost": 162.9930977969507, "power_cost": 29.275233203125, "noise_cost": 114.03696916964698, "n_waypoints_completed": 0, "tot_waypoints": 9}}
{"target": -185.4759441536794, "params": {"k_pid_pos": [1.0031316701085804, 0.024859491386256316, 0.44963268842268056], "k_pid_alt": [1.2679502233621702, 0.0, 0.06527723447865985], "k_pid_att": [43.948176657889235, 3.7802132718527557, 0.1845336041603497], "k_pid_yaw": [0.5, 1e-06, 0.1], "k_pid_hsp": [0.09847755819799779, 0.011264223901387349, 0.0], "k_pid_vsp": [279.31855783528204, 336.89689932622207, 62.564861685850005]}, "datetime": {"datetime": "2025-08-11 19:51:32", "elapsed": 12372.194943904877, "delta": 17.717767238616943}, "costs": {"total_cost": 185.4759441536794, "time_cost": 70.812, "final_distance_cost": 1.8291113049913463, "oscillation_cost": 25.875958409826, "completition_cost": 0.0, "overshoot_cost": 50.95316665410409, "power_cost": 18.24726290283203, "noise_cost": 17.758444881925925, "n_waypoints_completed": 9, "tot_waypoints": 9}}
{"target": -188.26857199776558, "params": {"k_pid_pos": [1.0031316701085804, 0.10799311464906103, 0.44963268842268056], "k_pid_alt": [1.2679502233621702, 0.0, 0.06527723447865985], "k_pid_att": [43.948176657889235, 3.7802132718527557, 0.1845336041603497], "k_pid_yaw": [0.5, 1e-06, 0.1], "k_pid_hsp": [0.09847755819799779, 0.011264223901387349, 0.0], "k_pid_vsp": [277.2708477836043, 236.48000513664874, 10.0]}, "datetime": {"datetime": "2025-08-11 19:51:50", "elapsed": 12390.01756119728, "delta": 17.822617292404175}, "costs": {"total_cost": 188.26857199776558, "time_cost": 72.534, "final_distance_cost": 1.832884525656862, "oscillation_cost": 26.121916937271664, "completition_cost": 0.0, "overshoot_cost": 50.77796129523599, "power_cost": 18.645498876953127, "noise_cost": 18.35631036264793, "n_waypoints_completed": 9, "tot_waypoints": 9}}
{"target": -2139.4953367999483, "params": {"k_pid_pos": [1.3885554450422086, 0.024859491386256316, 0.44963268842268056], "k_pid_alt": [1.2679502233621702, 0.0, 0.06527723447865985], "k_pid_att": [94.70626418914286, 3.7802132718527557, 0.1845336041603497], "k_pid_yaw": [0.5, 1e-06, 0.1], "k_pid_hsp": [0.09847755819799779, 0.5109994145616105, 0.5737506849528418], "k_pid_vsp": [279.31855783528204, 326.3442374308485, 62.564861685850005]}, "datetime": {"datetime": "2025-08-11 19:52:21", "elapsed": 12420.421998262405, "delta": 30.40443706512451}, "costs": {"total_cost": 2139.4953367999483, "time_cost": 150, "final_distance_cost": 83.5748084520534, "oscillation_cost": 828.2737514645979, "completition_cost": 777.7777777777778, "overshoot_cost": 235.73657662373336, "power_cost": 35.96512700195313, "noise_cost": 28.167295479832855, "n_waypoints_completed": 2, "tot_waypoints": 9}}
{"target": -204.098505763268, "params": {"k_pid_pos": [1.0031316701085804, 0.024859491386256316, 0.44963268842268056], "k_pid_alt": [1.2679502233621702, 0.9860503566836593, 0.06527723447865985], "k_pid_att": [43.948176657889235, 3.7802132718527557, 0.1845336041603497], "k_pid_yaw": [0.5, 1e-06, 0.1], "k_pid_hsp": [0.09847755819799779, 0.011264223901387349, 0.0], "k_pid_vsp": [279.31855783528204, 336.89689932622207, 62.564861685850005]}, "datetime": {"datetime": "2025-08-11 19:52:41", "elapsed": 12440.52245593071, "delta": 20.100457668304443}, "costs": {"total_cost": 204.098505763268, "time_cost": 80.549, "final_distance_cost": 1.7895851004863996, "oscillation_cost": 27.544844889063658, "completition_cost": 0.0, "overshoot_cost": 54.460333800170645, "power_cost": 20.672979248046875, "noise_cost": 19.081762725500425, "n_waypoints_completed": 9, "tot_waypoints": 9}}
{"target": -184.9985303697798, "params": {"k_pid_pos": [1.0031316701085804, 0.024859491386256316, 0.44963268842268056], "k_pid_alt": [1.2679502233621702, 0.0, 0.06527723447865985], "k_pid_att": [24.0942673894178, 3.7802132718527557, 0.1845336041603497], "k_pid_yaw": [0.5, 1e-06, 0.1], "k_pid_hsp": [0.09847755819799779, 0.011264223901387349, 0.0], "k_pid_vsp": [279.31855783528204, 336.89689932622207, 62.564861685850005]}, "datetime": {"datetime": "2025-08-11 19:52:58", "elapsed": 12457.982392787933, "delta": 17.45993685722351}, "costs": {"total_cost": 184.9985303697798, "time_cost": 70.756, "final_distance_cost": 1.8296624898101252, "oscillation_cost": 25.92040249377883, "completition_cost": 0.0, "overshoot_cost": 50.67362444698116, "power_cost": 18.17354315185547, "noise_cost": 17.645297787354224, "n_waypoints_completed": 9, "tot_waypoints": 9}}
{"target": -184.9985303697798, "params": {"k_pid_pos": [1.0031316701085804, 0.024859491386256316, 0.44963268842268056], "k_pid_alt": [1.2679502233621702, 0.0, 0.06527723447865985], "k_pid_att": [24.0942673894178, 3.7802132718527557, 0.1845336041603497], "k_pid_yaw": [0.5, 1e-06, 0.1], "k_pid_hsp": [0.09847755819799779, 0.011264223901387349, 0.0], "k_pid_vsp": [279.31855783528204, 336.89689932622207, 62.564861685850005]}, "datetime": {"datetime": "2025-08-11 19:53:16", "elapsed": 12475.599737405777, "delta": 17.617344617843628}, "costs": {"total_cost": 184.9985303697798, "time_cost": 70.756, "final_distance_cost": 1.8296624898101252, "oscillation_cost": 25.92040249377883, "completition_cost": 0.0, "overshoot_cost": 50.67362444698116, "power_cost": 18.17354315185547, "noise_cost": 17.645297787354224, "n_waypoints_completed": 9, "tot_waypoints": 9}}
{"target": -185.0211184874019, "params": {"k_pid_pos": [1.0031316701085804, 0.024859491386256316, 0.44963268842268056], "k_pid_alt": [1.2679502233621702, 0.0, 0.06527723447865985], "k_pid_att": [43.948176657889235, 3.7802132718527557, 0.8257697299075593], "k_pid_yaw": [0.5, 1e-06, 0.1], "k_pid_hsp": [0.09847755819799779, 0.011264223901387349, 0.0], "k_pid_vsp": [279.31855783528204, 317.0669739011019, 62.564861685850005]}, "datetime": {"datetime": "2025-08-11 19:53:34", "elapsed": 12493.51709651947, "delta": 17.917359113693237}, "costs": {"total_cost": 185.0211184874019, "time_cost": 70.82600000000001, "final_distance_cost": 1.8322173405854638, "oscillation_cost": 25.37008744530929, "completition_cost": 0.0, "overshoot_cost": 51.123972308447186, "power_cost": 18.165196044921874, "noise_cost": 17.703645348138078, "n_waypoints_completed": 9, "tot_waypoints": 9}}
{"target": -2159.4422997887104, "params": {"k_pid_pos": [0.7267918313051335, 0.024859491386256316, 0.44963268842268056], "k_pid_alt": [1.2679502233621702, 0.0, 0.06527723447865985], "k_pid_att": [62.535814043466985, 3.7802132718527557, 0.1845336041603497], "k_pid_yaw": [0.5, 1e-06, 0.1], "k_pid_hsp": [0.09847755819799779, 0.011264223901387349, 0.6323117893213593], "k_pid_vsp": [279.31855783528204, 336.89689932622207, 62.564861685850005]}, "datetime": {"datetime": "2025-08-11 19:54:04", "elapsed": 12523.579178094864, "delta": 30.062081575393677}, "costs": {"total_cost": 2159.4422997887104, "time_cost": 150, "final_distance_cost": 60.43986987342743, "oscillation_cost": 827.2137217731809, "completition_cost": 888.8888888888888, "overshoot_cost": 169.73465946993988, "power_cost": 35.122931933593755, "noise_cost": 28.04222784967967, "n_waypoints_completed": 1, "tot_waypoints": 9}}
{"target": -217.0551673133727, "params": {"k_pid_pos": [1.0031316701085804, 0.555082988480368, 0.44963268842268056], "k_pid_alt": [1.2679502233621702, 0.0, 0.7131227981836126], "k_pid_att": [22.453081793151608, 3.7802132718527557, 0.6954414552103283], "k_pid_yaw": [0.5, 1e-06, 0.1], "k_pid_hsp": [0.09847755819799779, 0.011264223901387349, 0.0], "k_pid_vsp": [279.31855783528204, 336.89689932622207, 62.564861685850005]}, "datetime": {"datetime": "2025-08-11 19:54:26", "elapsed": 12545.680877447128, "delta": 22.101699352264404}, "costs": {"total_cost": 217.0551673133727, "time_cost": 87.297, "final_distance_cost": 1.758912957690937, "oscillation_cost": 31.165433688251273, "completition_cost": 0.0, "overshoot_cost": 53.50079720310363, "power_cost": 22.610862939453128, "noise_cost": 20.722160524873754, "n_waypoints_completed": 9, "tot_waypoints": 9}}
{"target": -185.02747392819435, "params": {"k_pid_pos": [1.0031316701085804, 0.024859491386256316, 0.44963268842268056], "k_pid_alt": [1.2679502233621702, 0.0, 0.06527723447865985], "k_pid_att": [24.0942673894178, 2.79325987156934, 0.1845336041603497], "k_pid_yaw": [0.5, 1e-06, 0.1], "k_pid_hsp": [0.09847755819799779, 0.011264223901387349, 0.0], "k_pid_vsp": [279.31855783528204, 336.89689932622207, 62.564861685850005]}, "datetime": {"datetime": "2025-08-11 19:54:43", "elapsed": 12563.208227157593, "delta": 17.527349710464478}, "costs": {"total_cost": 185.02747392819435, "time_cost": 70.777, "final_distance_cost": 1.8381515100500392, "oscillation_cost": 25.866179885452166, "completition_cost": 0.0, "overshoot_cost": 50.75012509184217, "power_cost": 18.106591003417968, "noise_cost": 17.689426437431987, "n_waypoints_completed": 9, "tot_waypoints": 9}}
{"target": -208.61241361683773, "params": {"k_pid_pos": [1.0031316701085804, 0.024859491386256316, 0.44963268842268056], "k_pid_alt": [0.8755676765702776, 0.07100251077038344, 0.06527723447865985], "k_pid_att": [24.0942673894178, 3.7802132718527557, 0.837110513405392], "k_pid_yaw": [0.5, 1e-06, 0.1], "k_pid_hsp": [0.09847755819799779, 0.011264223901387349, 0.0], "k_pid_vsp": [250.4409247236842, 336.89689932622207, 62.564861685850005]}, "datetime": {"datetime": "2025-08-11 19:55:05", "elapsed": 12584.730595111847, "delta": 21.52236795425415}, "costs": {"total_cost": 208.61241361683773, "time_cost": 86.17, "final_distance_cost": 1.8076346551902474, "oscillation_cost": 26.221696296456273, "completition_cost": 0.0, "overshoot_cost": 52.218234500543986, "power_cost": 21.741991589355468, "noise_cost": 20.452856575291733, "n_waypoints_completed": 9, "tot_waypoints": 9}}
{"target": -186.5306472949172, "params": {"k_pid_pos": [1.3885554450422086, 0.024859491386256316, 0.44963268842268056], "k_pid_alt": [1.1424381546674114, 0.0, 0.06527723447865985], "k_pid_att": [24.0942673894178, 0.0889010446451618, 0.1845336041603497], "k_pid_yaw": [0.5, 1e-06, 0.1], "k_pid_hsp": [0.09847755819799779, 0.011264223901387349, 0.0], "k_pid_vsp": [179.49655965827282, 336.89689932622207, 62.564861685850005]}, "datetime": {"datetime": "2025-08-11 19:55:22", "elapsed": 12602.1559112072, "delta": 17.425316095352173}, "costs": {"total_cost": 186.5306472949172, "time_cost": 70.112, "final_distance_cost": 1.8276540854516572, "oscillation_cost": 28.226194248662114, "completition_cost": 0.0, "overshoot_cost": 50.95131918845065, "power_cost": 18.075450329589845, "noise_cost": 17.33802944276294, "n_waypoints_completed": 9, "tot_waypoints": 9}}
