{"target": -2250.0481769756425, "params": {"k_pid_pos": [2.0, 0.07463434338569641, 0.0], "k_pid_alt": [1.7813382148742676, 0.020633399486541748, 1.0], "k_pid_att": [100.0, 0.21228176355361938, 0.9844076633453369], "k_pid_yaw": [0.5, 1e-06, 0.1], "k_pid_hsp": [9.999999747378752e-05, 0.01075032353401184, 0.9321351051330566], "k_pid_vsp": [4.006624221801758, 370.5163879394531, 400.0]}, "datetime": {"datetime": "2025-08-14 04:40:33", "elapsed": 67961.1803162098, "delta": 27.30001425743103}, "costs": {"total_cost": 2250.0481769756425, "time_cost": 150, "final_distance_cost": 49.48841421971756, "oscillation_cost": 748.800578985477, "completition_cost": 1000.0, "overshoot_cost": 227.45575981367762, "power_cost": 37.97623536376953, "noise_cost": 36.32718859300053, "n_waypoints_completed": 0, "tot_waypoints": 9}}
{"target": -1994.6930682945504, "params": {"k_pid_pos": [2.0, 0.09064018726348877, 0.0], "k_pid_alt": [1.9416906833648682, 0.06441926956176758, 0.9709261059761047], "k_pid_att": [100.0, 9.999999747378752e-05, 1.0], "k_pid_yaw": [0.5, 1e-06, 0.1], "k_pid_hsp": [0.5288326144218445, 0.03853416442871094, 0.9554413557052612], "k_pid_vsp": [0.0, 399.6312561035156, 400.0]}, "datetime": {"datetime": "2025-08-14 04:41:01", "elapsed": 67989.10633993149, "delta": 27.926023721694946}, "costs": {"total_cost": 1994.6930682945504, "time_cost": 150, "final_distance_cost": 19.872895601561567, "oscillation_cost": 435.47723560965596, "completition_cost": 1000.0, "overshoot_cost": 299.09655524335994, "power_cost": 38.45839265136719, "noise_cost": 51.78798918860567, "n_waypoints_completed": 0, "tot_waypoints": 9}}
{"target": -6284.757513097119, "params": {"k_pid_pos": [1.91110098361969, 0.04466128349304199, 0.011384248733520508], "k_pid_alt": [1.9783484935760498, 0.05680009722709656, 0.9935009479522705], "k_pid_att": [95.15558624267578, 0.23990407586097717, 0.9465100765228271], "k_pid_yaw": [0.5, 1e-06, 0.1], "k_pid_hsp": [0.4900556802749634, 0.07052043080329895, 1.0], "k_pid_vsp": [0.29631853103637695, 400.0, 400.0]}, "datetime": {"datetime": "2025-08-14 04:41:29", "elapsed": 68017.44109201431, "delta": 28.334752082824707}, "costs": {"total_cost": 6284.757513097119, "time_cost": 150, "final_distance_cost": 1681.5575609926468, "oscillation_cost": 677.7804473505223, "completition_cost": 1000.0, "overshoot_cost": 2713.228936212374, "power_cost": 33.859443273925784, "noise_cost": 28.331125267649963, "n_waypoints_completed": 0, "tot_waypoints": 9}}
{"target": -2365.255867355388, "params": {"k_pid_pos": [1.9555273056030273, 0.0, 0.0680878758430481], "k_pid_alt": [2.0, 0.0, 0.9458037614822388], "k_pid_att": [100.0, 9.999999747378752e-05, 1.0], "k_pid_yaw": [0.5, 1e-06, 0.1], "k_pid_hsp": [0.21844154596328735, 0.053104668855667114, 1.0], "k_pid_vsp": [0.0, 396.9385986328125, 378.20220947265625]}, "datetime": {"datetime": "2025-08-14 04:41:58", "elapsed": 68047.04824066162, "delta": 29.60714864730835}, "costs": {"total_cost": 2365.255867355388, "time_cost": 150, "final_distance_cost": 48.21782731450439, "oscillation_cost": 725.4362258638263, "completition_cost": 888.8888888888888, "overshoot_cost": 476.6348928464969, "power_cost": 37.70436636962891, "noise_cost": 38.37366607204268, "n_waypoints_completed": 1, "tot_waypoints": 9}}
{"target": -2194.5863075002467, "params": {"k_pid_pos": [1.837691068649292, 0.0, 0.08890083432197571], "k_pid_alt": [1.9918618202209473, 0.0, 1.0], "k_pid_att": [97.26920318603516, 0.36655938625335693, 0.9810894727706909], "k_pid_yaw": [0.5, 1e-06, 0.1], "k_pid_hsp": [9.999999747378752e-05, 0.0, 1.0], "k_pid_vsp": [16.270709991455078, 400.0, 358.7371520996094]}, "datetime": {"datetime": "2025-08-14 04:42:25", "elapsed": 68073.22441720963, "delta": 26.17617654800415}, "costs": {"total_cost": 2194.5863075002467, "time_cost": 150, "final_distance_cost": 70.69895724028731, "oscillation_cost": 701.0683301005474, "completition_cost": 1000.0, "overshoot_cost": 189.6531412151798, "power_cost": 41.5422287109375, "noise_cost": 41.62365023329442, "n_waypoints_completed": 0, "tot_waypoints": 9}}
{"target": -3450.2771891319276, "params": {"k_pid_pos": [1.9819328784942627, 0.0, 0.04427903890609741], "k_pid_alt": [1.9918887615203857, 0.013382971286773682, 0.9985276460647583], "k_pid_att": [100.0, 0.16432346403598785, 1.0], "k_pid_yaw": [0.5, 1e-06, 0.1], "k_pid_hsp": [0.07011926174163818, 0.0, 1.0], "k_pid_vsp": [9.493589401245117, 400.0, 389.46124267578125]}, "datetime": {"datetime": "2025-08-14 04:42:52", "elapsed": 68101.00102162361, "delta": 27.776604413986206}, "costs": {"total_cost": 3450.2771891319276, "time_cost": 150, "final_distance_cost": 684.4073410875575, "oscillation_cost": 822.7652253441137, "completition_cost": 1000.0, "overshoot_cost": 731.5558460581975, "power_cost": 34.17258045654297, "noise_cost": 27.376196185516257, "n_waypoints_completed": 0, "tot_waypoints": 9}}
{"target": -7534.16704998784, "params": {"k_pid_pos": [2.0, 0.0, 0.0648438036441803], "k_pid_alt": [1.938333511352539, 0.05014204978942871, 0.9857320785522461], "k_pid_att": [97.06901550292969, 0.35161128640174866, 0.9600737690925598], "k_pid_yaw": [0.5, 1e-06, 0.1], "k_pid_hsp": [0.31164616346359253, 0.0, 1.0], "k_pid_vsp": [0.0, 400.0, 399.6653137207031]}, "datetime": {"datetime": "2025-08-14 04:43:21", "elapsed": 68129.12496948242, "delta": 28.123947858810425}, "costs": {"total_cost": 7534.16704998784, "time_cost": 150, "final_distance_cost": 1828.9382930531513, "oscillation_cost": 760.8407585765124, "completition_cost": 1000.0, "overshoot_cost": 3731.60392511522, "power_cost": 34.883245275878906, "noise_cost": 27.900827967077426, "n_waypoints_completed": 0, "tot_waypoints": 9}}
{"target": -2798.559779764738, "params": {"k_pid_pos": [2.0, 0.0, 0.06815630197525024], "k_pid_alt": [2.0, 0.033133119344711304, 0.9557774066925049], "k_pid_att": [99.97935485839844, 9.999999747378752e-05, 0.9710450768470764], "k_pid_yaw": [0.5, 1e-06, 0.1], "k_pid_hsp": [9.999999747378752e-05, 0.0, 0.979838490486145], "k_pid_vsp": [0.0, 400.0, 400.0]}, "datetime": {"datetime": "2025-08-14 04:43:49", "elapsed": 68157.77888584137, "delta": 28.653916358947754}, "costs": {"total_cost": 2798.559779764738, "time_cost": 150, "final_distance_cost": 425.12847620074024, "oscillation_cost": 841.5810587878642, "completition_cost": 1000.0, "overshoot_cost": 317.96655918337444, "power_cost": 35.73459906005859, "noise_cost": 28.14908653270046, "n_waypoints_completed": 0, "tot_waypoints": 9}}
{"target": -3323.396385183231, "params": {"k_pid_pos": [2.0, 0.0, 0.0], "k_pid_alt": [2.0, 0.0, 0.9374346733093262], "k_pid_att": [100.0, 0.39718097448349, 0.937790036201477], "k_pid_yaw": [0.5, 1e-06, 0.1], "k_pid_hsp": [0.3294430375099182, 0.0, 0.9196128845214844], "k_pid_vsp": [28.805339813232422, 400.0, 381.8972473144531]}, "datetime": {"datetime": "2025-08-14 04:44:16", "elapsed": 68184.5317761898, "delta": 26.75289034843445}, "costs": {"total_cost": 3323.396385183231, "time_cost": 150, "final_distance_cost": 600.5534282184991, "oscillation_cost": 821.7168316012561, "completition_cost": 1000.0, "overshoot_cost": 686.5218443040349, "power_cost": 36.11779675292969, "noise_cost": 28.48648430651128, "n_waypoints_completed": 0, "tot_waypoints": 9}}
{"target": -2194.2084568827486, "params": {"k_pid_pos": [1.9692305326461792, 0.011934906244277954, 0.003696441650390625], "k_pid_alt": [2.0, 0.0, 0.9932748079299927], "k_pid_att": [96.89765930175781, 0.5946986675262451, 1.0], "k_pid_yaw": [0.5, 1e-06, 0.1], "k_pid_hsp": [0.1298350691795349, 0.014197617769241333, 0.9968644380569458], "k_pid_vsp": [3.671908378601074, 382.0612487792969, 400.0]}, "datetime": {"datetime": "2025-08-14 04:44:44", "elapsed": 68212.85438990593, "delta": 28.32261371612549}, "costs": {"total_cost": 2194.2084568827486, "time_cost": 150, "final_distance_cost": 45.15324967359166, "oscillation_cost": 778.7186599114705, "completition_cost": 1000.0, "overshoot_cost": 120.38599527912461, "power_cost": 39.10433095703125, "noise_cost": 60.846221061530514, "n_waypoints_completed": 0, "tot_waypoints": 9}}
{"target": -3715.1553731018544, "params": {"k_pid_pos": [1.91310715675354, 0.0, 0.04529640078544617], "k_pid_alt": [2.0, 0.07300865650177002, 0.9793933033943176], "k_pid_att": [100.0, 0.4545826315879822, 0.9710736870765686], "k_pid_yaw": [0.5, 1e-06, 0.1], "k_pid_hsp": [0.7928216457366943, 0.0, 0.9934989213943481], "k_pid_vsp": [0.0, 391.6265563964844, 400.0]}, "datetime": {"datetime": "2025-08-14 04:45:13", "elapsed": 68241.89774012566, "delta": 29.043350219726562}, "costs": {"total_cost": 3715.1553731018544, "time_cost": 150, "final_distance_cost": 1023.2320336904412, "oscillation_cost": 565.1656428082365, "completition_cost": 888.8888888888888, "overshoot_cost": 1020.3449945855879, "power_cost": 35.960255859375, "noise_cost": 31.563557269324768, "n_waypoints_completed": 1, "tot_waypoints": 9}}
{"target": -2371.843673075496, "params": {"k_pid_pos": [2.0, 0.0, 0.14920097589492798], "k_pid_alt": [1.844592809677124, 0.08563500642776489, 1.0], "k_pid_att": [96.35940551757812, 0.026832712814211845, 1.0], "k_pid_yaw": [0.5, 1e-06, 0.1], "k_pid_hsp": [9.999999747378752e-05, 0.0, 1.0], "k_pid_vsp": [25.057268142700195, 399.07366943359375, 400.0]}, "datetime": {"datetime": "2025-08-14 04:45:43", "elapsed": 68271.33098649979, "delta": 29.43324637413025}, "costs": {"total_cost": 2371.843673075496, "time_cost": 150, "final_distance_cost": 201.7009965552059, "oscillation_cost": 789.5208365788693, "completition_cost": 1000.0, "overshoot_cost": 163.21067658457892, "power_cost": 38.786292504882816, "noise_cost": 28.624870851958892, "n_waypoints_completed": 0, "tot_waypoints": 9}}
{"target": -3575.1721958587514, "params": {"k_pid_pos": [1.7524075508117676, 0.0, 0.06551942229270935], "k_pid_alt": [1.9283963441848755, 0.0, 1.0], "k_pid_att": [84.02005767822266, 1.1620230674743652, 0.9201093912124634], "k_pid_yaw": [0.5, 1e-06, 0.1], "k_pid_hsp": [0.5614885091781616, 0.05154779553413391, 0.9620676040649414], "k_pid_vsp": [30.764781951904297, 400.0, 400.0]}, "datetime": {"datetime": "2025-08-14 04:46:10", "elapsed": 68298.5531334877, "delta": 27.22214698791504}, "costs": {"total_cost": 3575.1721958587514, "time_cost": 150, "final_distance_cost": 543.8324802385739, "oscillation_cost": 772.4556437864287, "completition_cost": 1000.0, "overshoot_cost": 1045.0582360060685, "power_cost": 34.93365037841797, "noise_cost": 28.89218544926216, "n_waypoints_completed": 0, "tot_waypoints": 9}}
{"target": -2144.4429569050167, "params": {"k_pid_pos": [2.0, 0.0, 0.0], "k_pid_alt": [2.0, 0.0, 1.0], "k_pid_att": [98.63424682617188, 0.7132010459899902, 0.9725884199142456], "k_pid_yaw": [0.5, 1e-06, 0.1], "k_pid_hsp": [0.20648646354675293, 0.0, 0.9742831587791443], "k_pid_vsp": [0.0, 370.6173095703125, 400.0]}, "datetime": {"datetime": "2025-08-14 04:46:40", "elapsed": 68328.08658862114, "delta": 29.53345513343811}, "costs": {"total_cost": 2144.4429569050167, "time_cost": 150, "final_distance_cost": 137.1335054394394, "oscillation_cost": 737.7345646890044, "completition_cost": 888.8888888888888, "overshoot_cost": 131.30479771785213, "power_cost": 40.12326368408203, "noise_cost": 59.257936485750285, "n_waypoints_completed": 1, "tot_waypoints": 9}}
{"target": -2155.142614254521, "params": {"k_pid_pos": [1.874437928199768, 0.005235791206359863, 0.04301875829696655], "k_pid_alt": [1.9950201511383057, 0.0, 1.0], "k_pid_att": [100.0, 9.999999747378752e-05, 1.0], "k_pid_yaw": [0.5, 1e-06, 0.1], "k_pid_hsp": [0.1360669732093811, 0.03324079513549805, 1.0], "k_pid_vsp": [0.0, 377.5078430175781, 391.1643981933594]}, "datetime": {"datetime": "2025-08-14 04:47:08", "elapsed": 68357.00986790657, "delta": 28.923279285430908}, "costs": {"total_cost": 2155.142614254521, "time_cost": 150, "final_distance_cost": 47.74222516896236, "oscillation_cost": 769.1659342669092, "completition_cost": 1000.0, "overshoot_cost": 114.88876868821244, "power_cost": 38.97317891845703, "noise_cost": 34.37250721198026, "n_waypoints_completed": 0, "tot_waypoints": 9}}
{"target": -2286.4384149432253, "params": {"k_pid_pos": [2.0, 0.0, 0.003928542137145996], "k_pid_alt": [2.0, 0.07138055562973022, 0.9496514797210693], "k_pid_att": [100.0, 0.7621487975120544, 0.9854706525802612], "k_pid_yaw": [0.5, 1e-06, 0.1], "k_pid_hsp": [9.999999747378752e-05, 0.0, 1.0], "k_pid_vsp": [0.976264476776123, 389.9243469238281, 367.11383056640625]}, "datetime": {"datetime": "2025-08-14 04:47:36", "elapsed": 68384.78920841217, "delta": 27.779340505599976}, "costs": {"total_cost": 2286.4384149432253, "time_cost": 150, "final_distance_cost": 13.967036066206585, "oscillation_cost": 770.172913523248, "completition_cost": 1000.0, "overshoot_cost": 262.5796906852145, "power_cost": 37.84262686767578, "noise_cost": 51.8761478008805, "n_waypoints_completed": 0, "tot_waypoints": 9}}
{"target": -1848.2902336958468, "params": {"k_pid_pos": [2.0, 0.057807326316833496, 0.0], "k_pid_alt": [2.0, 0.1097988486289978, 1.0], "k_pid_att": [100.0, 9.999999747378752e-05, 0.9010320901870728], "k_pid_yaw": [0.5, 1e-06, 0.1], "k_pid_hsp": [0.6137344241142273, 0.0, 1.0], "k_pid_vsp": [0.0, 400.0, 395.9794616699219]}, "datetime": {"datetime": "2025-08-14 04:48:05", "elapsed": 68413.19496941566, "delta": 28.405761003494263}, "costs": {"total_cost": 1848.2902336958468, "time_cost": 150, "final_distance_cost": 110.19925880729436, "oscillation_cost": 546.2346214157313, "completition_cost": 888.8888888888888, "overshoot_cost": 86.23853642547725, "power_cost": 36.989889111328125, "noise_cost": 29.739039047126923, "n_waypoints_completed": 1, "tot_waypoints": 9}}
{"target": -2723.1456051266164, "params": {"k_pid_pos": [2.0, 0.012349933385848999, 0.0], "k_pid_alt": [1.868280053138733, 0.0, 0.9739279747009277], "k_pid_att": [100.0, 0.3231193423271179, 0.9602459669113159], "k_pid_yaw": [0.5, 1e-06, 0.1], "k_pid_hsp": [9.999999747378752e-05, 0.0, 0.9580528736114502], "k_pid_vsp": [2.4822235107421875, 400.0, 400.0]}, "datetime": {"datetime": "2025-08-14 04:48:34", "elapsed": 68442.15017604828, "delta": 28.955206632614136}, "costs": {"total_cost": 2723.1456051266164, "time_cost": 150, "final_distance_cost": 385.0340536436673, "oscillation_cost": 661.6178631333919, "completition_cost": 1000.0, "overshoot_cost": 463.75330483635486, "power_cost": 34.6583197265625, "noise_cost": 28.082063786639498, "n_waypoints_completed": 0, "tot_waypoints": 9}}
{"target": -2172.1928031782154, "params": {"k_pid_pos": [1.8693398237228394, 0.0, 0.0], "k_pid_alt": [2.0, 0.008076965808868408, 1.0], "k_pid_att": [98.39099884033203, 9.999999747378752e-05, 1.0], "k_pid_yaw": [0.5, 1e-06, 0.1], "k_pid_hsp": [9.999999747378752e-05, 0.09766852855682373, 0.920852541923523], "k_pid_vsp": [44.15572738647461, 400.0, 381.31304931640625]}, "datetime": {"datetime": "2025-08-14 04:49:01", "elapsed": 68470.07192134857, "delta": 27.92174530029297}, "costs": {"total_cost": 2172.1928031782154, "time_cost": 150, "final_distance_cost": 71.879653966669, "oscillation_cost": 708.9622563870124, "completition_cost": 1000.0, "overshoot_cost": 173.45017152261673, "power_cost": 39.142371875, "noise_cost": 28.758349426917075, "n_waypoints_completed": 0, "tot_waypoints": 9}}
{"target": -3910.8242699856837, "params": {"k_pid_pos": [2.0, 0.07221907377243042, 0.0], "k_pid_alt": [2.0, 0.0210036039352417, 0.9753856658935547], "k_pid_att": [97.8620376586914, 9.999999747378752e-05, 0.9626528024673462], "k_pid_yaw": [0.5, 1e-06, 0.1], "k_pid_hsp": [0.1442863643169403, 0.02093413472175598, 1.0], "k_pid_vsp": [38.9531364440918, 393.25042724609375, 400.0]}, "datetime": {"datetime": "2025-08-14 04:49:29", "elapsed": 68497.73406100273, "delta": 27.662139654159546}, "costs": {"total_cost": 3910.8242699856837, "time_cost": 150, "final_distance_cost": 875.3750918041386, "oscillation_cost": 713.6337246877363, "completition_cost": 1000.0, "overshoot_cost": 1112.0716796866102, "power_cost": 32.65240579833984, "noise_cost": 27.09136800885866, "n_waypoints_completed": 0, "tot_waypoints": 9}}
{"target": -7314.35800477337, "params": {"k_pid_pos": [2.0, 0.0, 0.0], "k_pid_alt": [2.0, 0.03956589102745056, 1.0], "k_pid_att": [90.08766174316406, 9.999999747378752e-05, 1.0], "k_pid_yaw": [0.5, 1e-06, 0.1], "k_pid_hsp": [9.999999747378752e-05, 0.008933544158935547, 0.9792754650115967], "k_pid_vsp": [6.736159324645996, 372.7501525878906, 371.8519592285156]}, "datetime": {"datetime": "2025-08-14 04:49:58", "elapsed": 68526.43409347534, "delta": 28.700032472610474}, "costs": {"total_cost": 7314.35800477337, "time_cost": 150, "final_distance_cost": 1733.8518695282862, "oscillation_cost": 797.2015933859204, "completition_cost": 1000.0, "overshoot_cost": 3571.374336153818, "power_cost": 34.11696971435547, "noise_cost": 27.81323599099027, "n_waypoints_completed": 0, "tot_waypoints": 9}}
{"target": -2112.031995471072, "params": {"k_pid_pos": [1.9797673225402832, 0.0014275610446929932, 0.0], "k_pid_alt": [1.960243821144104, 0.11391225457191467, 0.9325196743011475], "k_pid_att": [99.43012237548828, 0.7469548583030701, 0.951392412185669], "k_pid_yaw": [0.5, 1e-06, 0.1], "k_pid_hsp": [9.999999747378752e-05, 0.0, 1.0], "k_pid_vsp": [0.0, 385.98333740234375, 400.0]}, "datetime": {"datetime": "2025-08-14 04:50:26", "elapsed": 68554.84994912148, "delta": 28.415855646133423}, "costs": {"total_cost": 2112.031995471072, "time_cost": 150, "final_distance_cost": 48.079454725841, "oscillation_cost": 718.2865605359111, "completition_cost": 1000.0, "overshoot_cost": 128.03741404068128, "power_cost": 38.79208853759766, "noise_cost": 28.836477631040687, "n_waypoints_completed": 0, "tot_waypoints": 9}}
{"target": -2842.7027384293774, "params": {"k_pid_pos": [1.960652470588684, 0.0411297082901001, 0.0], "k_pid_alt": [2.0, 0.0, 0.8990334868431091], "k_pid_att": [100.0, 0.41502195596694946, 1.0], "k_pid_yaw": [0.5, 1e-06, 0.1], "k_pid_hsp": [0.16201946139335632, 0.045270830392837524, 0.9480578899383545], "k_pid_vsp": [17.860471725463867, 400.0, 378.914794921875]}, "datetime": {"datetime": "2025-08-14 04:50:54", "elapsed": 68583.02359771729, "delta": 28.173648595809937}, "costs": {"total_cost": 2842.7027384293774, "time_cost": 150, "final_distance_cost": 412.68011956296095, "oscillation_cost": 757.1319930132115, "completition_cost": 888.8888888888888, "overshoot_cost": 567.5274146351235, "power_cost": 37.83247839355469, "noise_cost": 28.641843935638096, "n_waypoints_completed": 1, "tot_waypoints": 9}}
{"target": -2509.0444811342577, "params": {"k_pid_pos": [2.0, 0.013432860374450684, 0.06049239635467529], "k_pid_alt": [2.0, 0.0, 0.9569648504257202], "k_pid_att": [100.0, 9.999999747378752e-05, 1.0], "k_pid_yaw": [0.5, 1e-06, 0.1], "k_pid_hsp": [9.999999747378752e-05, 0.0, 1.0], "k_pid_vsp": [17.916370391845703, 400.0, 400.0]}, "datetime": {"datetime": "2025-08-14 04:51:23", "elapsed": 68611.49484920502, "delta": 28.471251487731934}, "costs": {"total_cost": 2509.0444811342577, "time_cost": 150, "final_distance_cost": 92.59340902937892, "oscillation_cost": 821.4994724665339, "completition_cost": 1000.0, "overshoot_cost": 383.9315345676056, "power_cost": 33.69397052001953, "noise_cost": 27.326094550719862, "n_waypoints_completed": 0, "tot_waypoints": 9}}
{"target": -7375.514442776693, "params": {"k_pid_pos": [1.9214222431182861, 0.008643418550491333, 0.0], "k_pid_alt": [2.0, 0.0904923677444458, 0.9769744873046875], "k_pid_att": [100.0, 0.26343098282814026, 1.0], "k_pid_yaw": [0.5, 1e-06, 0.1], "k_pid_hsp": [9.999999747378752e-05, 0.0, 0.9972336292266846], "k_pid_vsp": [7.872879505157471, 367.50946044921875, 394.7857971191406]}, "datetime": {"datetime": "2025-08-14 04:51:52", "elapsed": 68640.80853652954, "delta": 29.313687324523926}, "costs": {"total_cost": 7375.514442776693, "time_cost": 150, "final_distance_cost": 1870.3600942543462, "oscillation_cost": 828.4161147238734, "completition_cost": 1000.0, "overshoot_cost": 3466.3077674397587, "power_cost": 33.13858472900391, "noise_cost": 27.291881629710772, "n_waypoints_completed": 0, "tot_waypoints": 9}}
{"target": -3172.519210855627, "params": {"k_pid_pos": [2.0, 0.03757530450820923, 0.0], "k_pid_alt": [2.0, 0.03981184959411621, 1.0], "k_pid_att": [100.0, 9.999999747378752e-05, 1.0], "k_pid_yaw": [0.5, 1e-06, 0.1], "k_pid_hsp": [0.1711341142654419, 0.0, 1.0], "k_pid_vsp": [0.0, 381.27850341796875, 368.3260803222656]}, "datetime": {"datetime": "2025-08-14 04:52:20", "elapsed": 68668.93857121468, "delta": 28.130034685134888}, "costs": {"total_cost": 3172.519210855627, "time_cost": 150, "final_distance_cost": 314.5426982412634, "oscillation_cost": 753.1366868710949, "completition_cost": 1000.0, "overshoot_cost": 893.1800753760407, "power_cost": 34.072796191406255, "noise_cost": 27.586954175821575, "n_waypoints_completed": 0, "tot_waypoints": 9}}
{"target": -2265.6101303500036, "params": {"k_pid_pos": [2.0, 0.03828990459442139, 0.044981926679611206], "k_pid_alt": [2.0, 0.0, 1.0], "k_pid_att": [100.0, 9.999999747378752e-05, 1.0], "k_pid_yaw": [0.5, 1e-06, 0.1], "k_pid_hsp": [9.999999747378752e-05, 0.0, 1.0], "k_pid_vsp": [0.0, 376.00408935546875, 358.465576171875]}, "datetime": {"datetime": "2025-08-14 04:52:48", "elapsed": 68696.36561536789, "delta": 27.4270441532135}, "costs": {"total_cost": 2265.6101303500036, "time_cost": 150, "final_distance_cost": 81.6320311334306, "oscillation_cost": 776.439035469227, "completition_cost": 1000.0, "overshoot_cost": 196.52813651667682, "power_cost": 33.90713969726563, "noise_cost": 27.103787533403153, "n_waypoints_completed": 0, "tot_waypoints": 9}}
