{"target": -5868.749683882589, "params": {"k_pid_pos": [2.0, 0.0, 0.05110996961593628], "k_pid_alt": [1.835424780845642, 0.013701707124710083, 0.9997321963310242], "k_pid_att": [91.50572204589844, 9.999999747378752e-05, 0.9180442094802856], "k_pid_yaw": [0.5, 1e-06, 0.1], "k_pid_hsp": [9.999999747378752e-05, 0.0, 0.9616031646728516], "k_pid_vsp": [0.9405016899108887, 382.21832275390625, 400.0]}, "datetime": {"datetime": "2025-08-13 21:31:37", "elapsed": 42225.462878227234, "delta": 30.69002342224121}, "costs": {"total_cost": 5868.749683882589, "time_cost": 150, "final_distance_cost": 1399.4209696271344, "oscillation_cost": 664.8940004166251, "completition_cost": 1000.0, "overshoot_cost": 2592.236665007454, "power_cost": 34.236180102539066, "noise_cost": 27.96186872883702, "n_waypoints_completed": 0, "tot_waypoints": 9}}
{"target": -2125.991741944785, "params": {"k_pid_pos": [1.8331750631332397, 0.07568848133087158, 0.0], "k_pid_alt": [2.0, 0.08313685655593872, 0.9941973090171814], "k_pid_att": [90.90453338623047, 0.047743603587150574, 0.944642186164856], "k_pid_yaw": [0.5, 1e-06, 0.1], "k_pid_hsp": [9.999999747378752e-05, 0.0, 0.9533989429473877], "k_pid_vsp": [0.0, 382.13409423828125, 373.35369873046875]}, "datetime": {"datetime": "2025-08-13 21:32:06", "elapsed": 42254.30971741676, "delta": 28.84683918952942}, "costs": {"total_cost": 2125.991741944785, "time_cost": 150, "final_distance_cost": 43.607038136970964, "oscillation_cost": 776.5278923635781, "completition_cost": 1000.0, "overshoot_cost": 88.49781454042451, "power_cost": 38.537563427734376, "noise_cost": 28.82143347607723, "n_waypoints_completed": 0, "tot_waypoints": 9}}
{"target": -2166.5240699765063, "params": {"k_pid_pos": [2.0, 0.009436279535293579, 0.0], "k_pid_alt": [2.0, 0.0, 0.9997360110282898], "k_pid_att": [100.0, 9.999999747378752e-05, 0.9798941612243652], "k_pid_yaw": [0.5, 1e-06, 0.1], "k_pid_hsp": [9.999999747378752e-05, 0.010835975408554077, 1.0], "k_pid_vsp": [0.19670724868774414, 372.5721435546875, 385.87640380859375]}, "datetime": {"datetime": "2025-08-13 21:32:36", "elapsed": 42284.284043073654, "delta": 29.97432565689087}, "costs": {"total_cost": 2166.5240699765063, "time_cost": 150, "final_distance_cost": 60.833758752916374, "oscillation_cost": 785.8587541820087, "completition_cost": 1000.0, "overshoot_cost": 101.97753684830548, "power_cost": 39.05688591308594, "noise_cost": 28.797134280189905, "n_waypoints_completed": 0, "tot_waypoints": 9}}
{"target": -4117.327858982746, "params": {"k_pid_pos": [1.9265398979187012, 0.0, 0.041602492332458496], "k_pid_alt": [1.8580195903778076, 0.024284303188323975, 0.9672549962997437], "k_pid_att": [90.63794708251953, 0.33162546157836914, 0.913280725479126], "k_pid_yaw": [0.5, 1e-06, 0.1], "k_pid_hsp": [0.24647392332553864, 0.010201841592788696, 1.0], "k_pid_vsp": [21.679889678955078, 379.7569885253906, 397.2691650390625]}, "datetime": {"datetime": "2025-08-13 21:33:04", "elapsed": 42312.94295620918, "delta": 28.658913135528564}, "costs": {"total_cost": 4117.327858982746, "time_cost": 150, "final_distance_cost": 830.7572341128149, "oscillation_cost": 746.0027636135586, "completition_cost": 1000.0, "overshoot_cost": 1331.8279690799013, "power_cost": 31.82671229248047, "noise_cost": 26.913179883990555, "n_waypoints_completed": 0, "tot_waypoints": 9}}
{"target": -3026.3084314274047, "params": {"k_pid_pos": [2.0, 0.004291027784347534, 0.022958606481552124], "k_pid_alt": [1.9482955932617188, 0.0, 1.0], "k_pid_att": [98.96045684814453, 0.7657169699668884, 1.0], "k_pid_yaw": [0.5, 1e-06, 0.1], "k_pid_hsp": [0.5187735557556152, 0.0, 1.0], "k_pid_vsp": [0.0, 360.4060363769531, 389.34088134765625]}, "datetime": {"datetime": "2025-08-13 21:33:34", "elapsed": 42342.371906518936, "delta": 29.428950309753418}, "costs": {"total_cost": 3026.3084314274047, "time_cost": 150, "final_distance_cost": 206.1768805329982, "oscillation_cost": 778.5073743549422, "completition_cost": 1000.0, "overshoot_cost": 826.3087663142735, "power_cost": 36.541296838378905, "noise_cost": 28.77411338681231, "n_waypoints_completed": 0, "tot_waypoints": 9}}
{"target": -5789.74389557152, "params": {"k_pid_pos": [1.810275912284851, 0.00757482647895813, 0.0], "k_pid_alt": [2.0, 0.0, 0.9629614949226379], "k_pid_att": [100.0, 0.7021123170852661, 1.0], "k_pid_yaw": [0.5, 1e-06, 0.1], "k_pid_hsp": [0.5408401489257812, 0.0136030912399292, 0.9625548124313354], "k_pid_vsp": [0.0, 399.7254943847656, 400.0]}, "datetime": {"datetime": "2025-08-13 21:34:03", "elapsed": 42372.00502705574, "delta": 29.6331205368042}, "costs": {"total_cost": 5789.74389557152, "time_cost": 150, "final_distance_cost": 1438.1922504301172, "oscillation_cost": 642.1462002410083, "completition_cost": 1000.0, "overshoot_cost": 2496.4488769490017, "power_cost": 34.43948267822266, "noise_cost": 28.517085273170053, "n_waypoints_completed": 0, "tot_waypoints": 9}}
{"target": -2068.3991211151333, "params": {"k_pid_pos": [2.0, 0.02209573984146118, 0.0], "k_pid_alt": [2.0, 0.10042676329612732, 1.0], "k_pid_att": [98.81458282470703, 9.999999747378752e-05, 1.0], "k_pid_yaw": [0.5, 1e-06, 0.1], "k_pid_hsp": [0.6596950888633728, 0.0, 1.0], "k_pid_vsp": [3.297710418701172, 400.0, 392.4925231933594]}, "datetime": {"datetime": "2025-08-13 21:34:32", "elapsed": 42401.06607913971, "delta": 29.061052083969116}, "costs": {"total_cost": 2068.3991211151333, "time_cost": 150, "final_distance_cost": 1.005863371380307, "oscillation_cost": 639.6284737146044, "completition_cost": 1000.0, "overshoot_cost": 158.56647974956434, "power_cost": 42.04124854736328, "noise_cost": 77.15705573222084, "n_waypoints_completed": 0, "tot_waypoints": 9}}
{"target": -2402.126870935534, "params": {"k_pid_pos": [1.8597139120101929, 0.0, 0.02452835440635681], "k_pid_alt": [1.9625799655914307, 0.02096778154373169, 1.0], "k_pid_att": [96.87081146240234, 0.09712675213813782, 0.9771090745925903], "k_pid_yaw": [0.5, 1e-06, 0.1], "k_pid_hsp": [0.2319442480802536, 0.0, 0.980383574962616], "k_pid_vsp": [20.680068969726562, 396.8132019042969, 400.0]}, "datetime": {"datetime": "2025-08-13 21:35:01", "elapsed": 42429.803401470184, "delta": 28.737322330474854}, "costs": {"total_cost": 2402.126870935534, "time_cost": 150, "final_distance_cost": 5.994690125541568, "oscillation_cost": 753.3945596988083, "completition_cost": 1000.0, "overshoot_cost": 410.5691838420379, "power_cost": 37.677168371582034, "noise_cost": 44.49126889756415, "n_waypoints_completed": 0, "tot_waypoints": 9}}
{"target": -1570.5561725395191, "params": {"k_pid_pos": [1.9886656999588013, 0.0, 0.0], "k_pid_alt": [2.0, 0.009555459022521973, 1.0], "k_pid_att": [91.2079086303711, 0.3917200267314911, 0.9623834490776062], "k_pid_yaw": [0.5, 1e-06, 0.1], "k_pid_hsp": [0.3922412693500519, 0.07619506120681763, 0.9768435955047607], "k_pid_vsp": [17.226219177246094, 400.0, 398.30218505859375]}, "datetime": {"datetime": "2025-08-13 21:35:31", "elapsed": 42459.22769117355, "delta": 29.42428970336914}, "costs": {"total_cost": 1570.5561725395191, "time_cost": 150, "final_distance_cost": 58.80956436703908, "oscillation_cost": 521.2850160414687, "completition_cost": 666.6666666666667, "overshoot_cost": 106.879552688392, "power_cost": 37.79272154541016, "noise_cost": 29.122651230542274, "n_waypoints_completed": 3, "tot_waypoints": 9}}
{"target": -3646.4501235242074, "params": {"k_pid_pos": [1.9585086107254028, 0.0, 0.0], "k_pid_alt": [2.0, 0.012722164392471313, 0.9852231740951538], "k_pid_att": [95.22312927246094, 9.999999747378752e-05, 1.0], "k_pid_yaw": [0.5, 1e-06, 0.1], "k_pid_hsp": [9.999999747378752e-05, 0.06736207008361816, 0.9063606262207031], "k_pid_vsp": [17.481708526611328, 396.22491455078125, 400.0]}, "datetime": {"datetime": "2025-08-13 21:36:00", "elapsed": 42488.239891052246, "delta": 29.012199878692627}, "costs": {"total_cost": 3646.4501235242074, "time_cost": 150, "final_distance_cost": 752.7282056974914, "oscillation_cost": 807.7328697411591, "completition_cost": 1000.0, "overshoot_cost": 878.588688137444, "power_cost": 30.77360751953125, "noise_cost": 26.62675242858187, "n_waypoints_completed": 0, "tot_waypoints": 9}}
{"target": -1855.7206775976827, "params": {"k_pid_pos": [2.0, 0.0, 0.0], "k_pid_alt": [1.891183853149414, 0.0, 0.9810211062431335], "k_pid_att": [100.0, 0.08358977735042572, 1.0], "k_pid_yaw": [0.5, 1e-06, 0.1], "k_pid_hsp": [0.34731054306030273, 0.0, 0.9799416065216064], "k_pid_vsp": [22.541749954223633, 391.8251953125, 400.0]}, "datetime": {"datetime": "2025-08-13 21:36:29", "elapsed": 42517.81211924553, "delta": 29.57222819328308}, "costs": {"total_cost": 1855.7206775976827, "time_cost": 150, "final_distance_cost": 105.0500062831574, "oscillation_cost": 632.8899224642066, "completition_cost": 777.7777777777778, "overshoot_cost": 124.97964592693458, "power_cost": 36.63808037109375, "noise_cost": 28.385244774512373, "n_waypoints_completed": 2, "tot_waypoints": 9}}
{"target": -2081.034981947946, "params": {"k_pid_pos": [2.0, 0.02807602286338806, 0.0], "k_pid_alt": [1.9256988763809204, 0.03505510091781616, 1.0], "k_pid_att": [100.0, 9.999999747378752e-05, 1.0], "k_pid_yaw": [0.5, 1e-06, 0.1], "k_pid_hsp": [9.999999747378752e-05, 0.09284722805023193, 0.8836612701416016], "k_pid_vsp": [0.0, 400.0, 384.0893249511719]}, "datetime": {"datetime": "2025-08-13 21:36:58", "elapsed": 42546.65909934044, "delta": 28.846980094909668}, "costs": {"total_cost": 2081.034981947946, "time_cost": 150, "final_distance_cost": 45.65089474150554, "oscillation_cost": 761.2857279040221, "completition_cost": 1000.0, "overshoot_cost": 56.688422741718306, "power_cost": 38.85273209228516, "noise_cost": 28.55720446841497, "n_waypoints_completed": 0, "tot_waypoints": 9}}
{"target": -3236.7883285521307, "params": {"k_pid_pos": [1.8572697639465332, 0.0306207537651062, 0.015590965747833252], "k_pid_alt": [1.9677915573120117, 0.004798144102096558, 1.0], "k_pid_att": [100.0, 9.999999747378752e-05, 0.8342103958129883], "k_pid_yaw": [0.5, 1e-06, 0.1], "k_pid_hsp": [0.462149977684021, 0.0, 0.9915386438369751], "k_pid_vsp": [0.0, 381.2713623046875, 400.0]}, "datetime": {"datetime": "2025-08-13 21:37:28", "elapsed": 42576.58222985268, "delta": 29.92313051223755}, "costs": {"total_cost": 3236.7883285521307, "time_cost": 150, "final_distance_cost": 377.0495929124301, "oscillation_cost": 549.1772557838625, "completition_cost": 1000.0, "overshoot_cost": 1092.0375720311356, "power_cost": 38.590353332519534, "noise_cost": 29.933554492183365, "n_waypoints_completed": 0, "tot_waypoints": 9}}
{"target": -4360.848564282442, "params": {"k_pid_pos": [2.0, 0.0, 0.0], "k_pid_alt": [2.0, 0.031047672033309937, 0.9763702154159546], "k_pid_att": [98.80413055419922, 9.999999747378752e-05, 1.0], "k_pid_yaw": [0.5, 1e-06, 0.1], "k_pid_hsp": [0.08446327596902847, 0.07111138105392456, 1.0], "k_pid_vsp": [0.43195486068725586, 388.555908203125, 400.0]}, "datetime": {"datetime": "2025-08-13 21:37:57", "elapsed": 42605.895481824875, "delta": 29.313251972198486}, "costs": {"total_cost": 4360.848564282442, "time_cost": 150, "final_distance_cost": 875.9424702439179, "oscillation_cost": 709.3080232913745, "completition_cost": 1000.0, "overshoot_cost": 1562.750683913694, "power_cost": 34.61583923339844, "noise_cost": 28.231547600056448, "n_waypoints_completed": 0, "tot_waypoints": 9}}
{"target": -2123.748764675366, "params": {"k_pid_pos": [2.0, 0.0, 0.06089696288108826], "k_pid_alt": [1.8286652565002441, 0.0, 0.9946728944778442], "k_pid_att": [91.56539154052734, 0.09405028820037842, 1.0], "k_pid_yaw": [0.5, 1e-06, 0.1], "k_pid_hsp": [0.094325952231884, 0.0, 1.0], "k_pid_vsp": [8.198415756225586, 394.0297546386719, 400.0]}, "datetime": {"datetime": "2025-08-13 21:38:27", "elapsed": 42635.691093444824, "delta": 29.79561161994934}, "costs": {"total_cost": 2123.748764675366, "time_cost": 150, "final_distance_cost": 54.38918588717886, "oscillation_cost": 762.3158530739144, "completition_cost": 1000.0, "overshoot_cost": 98.15076204818295, "power_cost": 32.348358801269534, "noise_cost": 26.544604864820293, "n_waypoints_completed": 0, "tot_waypoints": 9}}
{"target": -2182.5373543416, "params": {"k_pid_pos": [1.801077961921692, 0.0, 0.030773937702178955], "k_pid_alt": [1.9235742092132568, 0.0268155038356781, 1.0], "k_pid_att": [97.13543701171875, 0.2727208435535431, 0.8785529136657715], "k_pid_yaw": [0.5, 1e-06, 0.1], "k_pid_hsp": [0.01575649343430996, 0.0, 0.9581590294837952], "k_pid_vsp": [0.0, 389.20068359375, 375.21649169921875]}, "datetime": {"datetime": "2025-08-13 21:38:57", "elapsed": 42665.42384648323, "delta": 29.732753038406372}, "costs": {"total_cost": 2182.5373543416, "time_cost": 150, "final_distance_cost": 75.0062636137321, "oscillation_cost": 794.3328043438496, "completition_cost": 1000.0, "overshoot_cost": 101.20933445818548, "power_cost": 34.49346163330078, "noise_cost": 27.495490292531873, "n_waypoints_completed": 0, "tot_waypoints": 9}}
{"target": -2594.2920855200155, "params": {"k_pid_pos": [1.8969799280166626, 0.037261128425598145, 0.0], "k_pid_alt": [2.0, 0.06946837902069092, 0.9689283967018127], "k_pid_att": [93.24237823486328, 9.999999747378752e-05, 0.9967449903488159], "k_pid_yaw": [0.5, 1e-06, 0.1], "k_pid_hsp": [0.6653744578361511, 0.09304296970367432, 1.0], "k_pid_vsp": [9.21364974975586, 397.56011962890625, 400.0]}, "datetime": {"datetime": "2025-08-13 21:39:26", "elapsed": 42695.0324139595, "delta": 29.608567476272583}, "costs": {"total_cost": 2594.2920855200155, "time_cost": 150, "final_distance_cost": 400.37238413385245, "oscillation_cost": 524.3028545028146, "completition_cost": 888.8888888888888, "overshoot_cost": 565.7339182663262, "power_cost": 35.83041224365235, "noise_cost": 29.163627484480806, "n_waypoints_completed": 1, "tot_waypoints": 9}}
{"target": -2489.8699344783786, "params": {"k_pid_pos": [2.0, 0.0, 0.10778731107711792], "k_pid_alt": [1.9472140073776245, 0.0817912220954895, 1.0], "k_pid_att": [94.88575744628906, 0.08112365752458572, 0.9860324263572693], "k_pid_yaw": [0.5, 1e-06, 0.1], "k_pid_hsp": [9.999999747378752e-05, 0.0, 0.8927019834518433], "k_pid_vsp": [0.0, 390.1353759765625, 394.9902038574219]}, "datetime": {"datetime": "2025-08-13 21:39:57", "elapsed": 42725.082908153534, "delta": 30.05049419403076}, "costs": {"total_cost": 2489.8699344783786, "time_cost": 150, "final_distance_cost": 308.27690156722497, "oscillation_cost": 697.1770797000246, "completition_cost": 1000.0, "overshoot_cost": 269.25687886408485, "power_cost": 36.68891345214844, "noise_cost": 28.470160894895685, "n_waypoints_completed": 0, "tot_waypoints": 9}}
{"target": -1978.6975976684728, "params": {"k_pid_pos": [1.907096266746521, 0.0, 0.0], "k_pid_alt": [1.8579636812210083, 0.03120097517967224, 1.0], "k_pid_att": [95.26227569580078, 0.46743834018707275, 1.0], "k_pid_yaw": [0.5, 1e-06, 0.1], "k_pid_hsp": [0.22097353637218475, 0.056215524673461914, 1.0], "k_pid_vsp": [0.0, 400.0, 400.0]}, "datetime": {"datetime": "2025-08-13 21:40:26", "elapsed": 42754.34746360779, "delta": 29.26455545425415}, "costs": {"total_cost": 1978.6975976684728, "time_cost": 150, "final_distance_cost": 62.72752704326038, "oscillation_cost": 680.0881054818684, "completition_cost": 888.8888888888888, "overshoot_cost": 132.68616141105343, "power_cost": 36.02901657714844, "noise_cost": 28.27789826625334, "n_waypoints_completed": 1, "tot_waypoints": 9}}
{"target": -2218.848221226745, "params": {"k_pid_pos": [1.9270412921905518, 0.0, 0.0190030038356781], "k_pid_alt": [2.0, 0.011922299861907959, 0.9632200002670288], "k_pid_att": [100.0, 0.7997914552688599, 0.8981043696403503], "k_pid_yaw": [0.5, 1e-06, 0.1], "k_pid_hsp": [9.999999747378752e-05, 0.0, 1.0], "k_pid_vsp": [0.0, 388.1518859863281, 400.0]}, "datetime": {"datetime": "2025-08-13 21:40:55", "elapsed": 42783.615351200104, "delta": 29.267887592315674}, "costs": {"total_cost": 2218.848221226745, "time_cost": 150, "final_distance_cost": 14.126162216630844, "oscillation_cost": 729.2209075123562, "completition_cost": 1000.0, "overshoot_cost": 164.22750524512463, "power_cost": 42.43277436523438, "noise_cost": 118.84087188739878, "n_waypoints_completed": 0, "tot_waypoints": 9}}
{"target": -5547.184026646317, "params": {"k_pid_pos": [2.0, 0.0, 0.0], "k_pid_alt": [2.0, 0.054414182901382446, 1.0], "k_pid_att": [100.0, 0.6879187822341919, 1.0], "k_pid_yaw": [0.5, 1e-06, 0.1], "k_pid_hsp": [0.08139694482088089, 0.0, 0.9492493867874146], "k_pid_vsp": [19.608413696289062, 400.0, 376.6720886230469]}, "datetime": {"datetime": "2025-08-13 21:41:24", "elapsed": 42812.73374056816, "delta": 29.11838936805725}, "costs": {"total_cost": 5547.184026646317, "time_cost": 150, "final_distance_cost": 1284.904051004182, "oscillation_cost": 829.5649485907597, "completition_cost": 888.8888888888888, "overshoot_cost": 2332.4565475584827, "power_cost": 33.9606173828125, "noise_cost": 27.40897322119089, "n_waypoints_completed": 1, "tot_waypoints": 9}}
{"target": -2253.6829587375755, "params": {"k_pid_pos": [2.0, 0.0, 0.02039170265197754], "k_pid_alt": [1.9658359289169312, 0.06312745809555054, 0.9674884080886841], "k_pid_att": [97.32119750976562, 1.0630238056182861, 1.0], "k_pid_yaw": [0.5, 1e-06, 0.1], "k_pid_hsp": [0.007699814159423113, 0.0, 0.9724429845809937], "k_pid_vsp": [41.01261901855469, 400.0, 372.5367736816406]}, "datetime": {"datetime": "2025-08-13 21:41:54", "elapsed": 42842.35984659195, "delta": 29.626106023788452}, "costs": {"total_cost": 2253.6829587375755, "time_cost": 150, "final_distance_cost": 7.73252032605542, "oscillation_cost": 768.096262866686, "completition_cost": 1000.0, "overshoot_cost": 213.64803630262395, "power_cost": 40.0014896484375, "noise_cost": 74.2046495937726, "n_waypoints_completed": 0, "tot_waypoints": 9}}
{"target": -2687.1213677053106, "params": {"k_pid_pos": [2.0, 0.0, 0.05733075737953186], "k_pid_alt": [2.0, 0.025403320789337158, 0.9635614156723022], "k_pid_att": [99.21450805664062, 0.5917471051216125, 1.0], "k_pid_yaw": [0.5, 1e-06, 0.1], "k_pid_hsp": [9.999999747378752e-05, 0.0005507171154022217, 0.98738694190979], "k_pid_vsp": [0.0, 392.0709228515625, 380.1296691894531]}, "datetime": {"datetime": "2025-08-13 21:42:22", "elapsed": 42871.058470487595, "delta": 28.69862389564514}, "costs": {"total_cost": 2687.1213677053106, "time_cost": 150, "final_distance_cost": 352.515612341823, "oscillation_cost": 876.8371052461141, "completition_cost": 1000.0, "overshoot_cost": 240.12019781516756, "power_cost": 38.51814323730469, "noise_cost": 29.130309064901173, "n_waypoints_completed": 0, "tot_waypoints": 9}}
{"target": -2083.0676214211785, "params": {"k_pid_pos": [2.0, 0.03057345747947693, 0.13016563653945923], "k_pid_alt": [1.9877712726593018, 0.0, 1.0], "k_pid_att": [100.0, 9.999999747378752e-05, 1.0], "k_pid_yaw": [0.5, 1e-06, 0.1], "k_pid_hsp": [9.999999747378752e-05, 0.0, 0.8887922167778015], "k_pid_vsp": [8.486806869506836, 400.0, 360.61602783203125]}, "datetime": {"datetime": "2025-08-13 21:42:52", "elapsed": 42900.785138845444, "delta": 29.72666835784912}, "costs": {"total_cost": 2083.0676214211785, "time_cost": 150, "final_distance_cost": 55.53586444629483, "oscillation_cost": 722.6632995848713, "completition_cost": 1000.0, "overshoot_cost": 89.2950519091836, "power_cost": 37.19208586425781, "noise_cost": 28.381319616570508, "n_waypoints_completed": 0, "tot_waypoints": 9}}
{"target": -5627.864956984937, "params": {"k_pid_pos": [2.0, 0.009378135204315186, 0.005889475345611572], "k_pid_alt": [1.9093397855758667, 0.09689342975616455, 1.0], "k_pid_att": [100.0, 0.3301672339439392, 1.0], "k_pid_yaw": [0.5, 1e-06, 0.1], "k_pid_hsp": [0.21774180233478546, 0.008941590785980225, 1.0], "k_pid_vsp": [14.961457252502441, 400.0, 380.59063720703125]}, "datetime": {"datetime": "2025-08-13 21:43:21", "elapsed": 42929.24743390083, "delta": 28.462295055389404}, "costs": {"total_cost": 5627.864956984937, "time_cost": 150, "final_distance_cost": 1260.9623189280287, "oscillation_cost": 839.8202459307955, "completition_cost": 1000.0, "overshoot_cost": 2318.097208007962, "power_cost": 31.92331159667969, "noise_cost": 27.061872521470747, "n_waypoints_completed": 0, "tot_waypoints": 9}}
{"target": -2508.7914487634926, "params": {"k_pid_pos": [2.0, 0.046413570642471313, 0.0], "k_pid_alt": [2.0, 0.0, 1.0], "k_pid_att": [100.0, 9.999999747378752e-05, 0.9963678121566772], "k_pid_yaw": [0.5, 1e-06, 0.1], "k_pid_hsp": [9.999999747378752e-05, 0.0, 1.0], "k_pid_vsp": [24.050569534301758, 400.0, 400.0]}, "datetime": {"datetime": "2025-08-13 21:43:51", "elapsed": 42959.738983392715, "delta": 30.491549491882324}, "costs": {"total_cost": 2508.7914487634926, "time_cost": 150, "final_distance_cost": 254.0623780836359, "oscillation_cost": 788.2297278820005, "completition_cost": 1000.0, "overshoot_cost": 253.71168156544834, "power_cost": 34.87748182373047, "noise_cost": 27.910179408677408, "n_waypoints_completed": 0, "tot_waypoints": 9}}
{"target": -2228.254700865822, "params": {"k_pid_pos": [1.9989213943481445, 0.09016472101211548, 0.03208953142166138], "k_pid_alt": [1.9670841693878174, 0.07113870978355408, 0.9517166614532471], "k_pid_att": [96.9159927368164, 0.15556614100933075, 0.9276004433631897], "k_pid_yaw": [0.5, 1e-06, 0.1], "k_pid_hsp": [1.1482340097427368, 0.0, 1.0], "k_pid_vsp": [0.5626201629638672, 400.0, 387.0917663574219]}, "datetime": {"datetime": "2025-08-13 21:44:21", "elapsed": 42989.28977394104, "delta": 29.550790548324585}, "costs": {"total_cost": 2228.254700865822, "time_cost": 150, "final_distance_cost": 453.73545603135227, "oscillation_cost": 407.2468399166183, "completition_cost": 777.7777777777778, "overshoot_cost": 371.9709569595787, "power_cost": 36.35731494140625, "noise_cost": 31.16635523908875, "n_waypoints_completed": 2, "tot_waypoints": 9}}
