{"target": -7764.586937126718, "params": {"k_pid_pos": [2.0, 0.044620633125305176, 0.0], "k_pid_alt": [2.0, 0.0007026493549346924, 0.9515781402587891], "k_pid_att": [100.0, 0.04545421153306961, 0.9953495264053345], "k_pid_yaw": [0.5, 1e-06, 0.1], "k_pid_hsp": [0.05318574979901314, 0.0, 1.0], "k_pid_vsp": [0.0, 364.02459716796875, 390.9110107421875]}, "datetime": {"datetime": "2025-08-13 15:41:35", "elapsed": 21223.095474481583, "delta": 30.152241945266724}, "costs": {"total_cost": 7764.586937126718, "time_cost": 150, "final_distance_cost": 2002.2885167154163, "oscillation_cost": 946.4320335968366, "completition_cost": 1000.0, "overshoot_cost": 3600.1152775145615, "power_cost": 36.96361381835938, "noise_cost": 28.787495481543807, "n_waypoints_completed": 0, "tot_waypoints": 9}}
{"target": -2172.280601760223, "params": {"k_pid_pos": [2.0, 0.0, 0.06411850452423096], "k_pid_alt": [1.9322296380996704, 0.057848572731018066, 1.0], "k_pid_att": [100.0, 9.999999747378752e-05, 0.9837318062782288], "k_pid_yaw": [0.5, 1e-06, 0.1], "k_pid_hsp": [0.9503926634788513, 0.0, 0.9826821088790894], "k_pid_vsp": [0.0, 399.7616271972656, 389.9852294921875]}, "datetime": {"datetime": "2025-08-13 15:42:04", "elapsed": 21252.977427959442, "delta": 29.881953477859497}, "costs": {"total_cost": 2172.280601760223, "time_cost": 150, "final_distance_cost": 273.5054652016878, "oscillation_cost": 373.43759559499375, "completition_cost": 1000.0, "overshoot_cost": 309.3064083335278, "power_cost": 36.20454932861328, "noise_cost": 29.826583301400262, "n_waypoints_completed": 0, "tot_waypoints": 9}}
{"target": -2393.2686374799196, "params": {"k_pid_pos": [2.0, 0.026712387800216675, 0.0], "k_pid_alt": [1.9408396482467651, 0.0, 1.0], "k_pid_att": [95.56166076660156, 0.3711774945259094, 1.0], "k_pid_yaw": [0.5, 1e-06, 0.1], "k_pid_hsp": [0.3729626536369324, 0.0053560733795166016, 0.9526477456092834], "k_pid_vsp": [9.094297409057617, 400.0, 366.2621765136719]}, "datetime": {"datetime": "2025-08-13 15:42:34", "elapsed": 21282.72724699974, "delta": 29.749819040298462}, "costs": {"total_cost": 2393.2686374799196, "time_cost": 150, "final_distance_cost": 127.21389549722431, "oscillation_cost": 782.9664159437459, "completition_cost": 1000.0, "overshoot_cost": 270.77806041991875, "power_cost": 34.356700390625, "noise_cost": 27.953565228405445, "n_waypoints_completed": 0, "tot_waypoints": 9}}
{"target": -2764.4213119876445, "params": {"k_pid_pos": [2.0, 0.013055980205535889, 0.0490032434463501], "k_pid_alt": [1.895714282989502, 0.009142249822616577, 0.9951159954071045], "k_pid_att": [97.69774627685547, 9.999999747378752e-05, 1.0], "k_pid_yaw": [0.5, 1e-06, 0.1], "k_pid_hsp": [0.6764098405838013, 0.007587134838104248, 1.0], "k_pid_vsp": [0.0, 400.0, 400.0]}, "datetime": {"datetime": "2025-08-13 15:43:04", "elapsed": 21312.3966960907, "delta": 29.66944909095764}, "costs": {"total_cost": 2764.4213119876445, "time_cost": 150, "final_distance_cost": 51.51341326640342, "oscillation_cost": 527.7057233766186, "completition_cost": 1000.0, "overshoot_cost": 968.0319142406329, "power_cost": 38.104687792968754, "noise_cost": 29.06557331102048, "n_waypoints_completed": 0, "tot_waypoints": 9}}
{"target": -5717.337373852621, "params": {"k_pid_pos": [2.0, 0.001515030860900879, 0.0], "k_pid_alt": [2.0, 0.0377805233001709, 0.9735856056213379], "k_pid_att": [98.42774963378906, 0.17591466009616852, 1.0], "k_pid_yaw": [0.5, 1e-06, 0.1], "k_pid_hsp": [9.999999747378752e-05, 0.0673784613609314, 1.0], "k_pid_vsp": [12.881528854370117, 380.1962890625, 391.1781311035156]}, "datetime": {"datetime": "2025-08-13 15:43:35", "elapsed": 21343.65774345398, "delta": 31.26104736328125}, "costs": {"total_cost": 5717.337373852621, "time_cost": 150, "final_distance_cost": 1372.167539967587, "oscillation_cost": 834.1768084268326, "completition_cost": 1000.0, "overshoot_cost": 2299.0429661254593, "power_cost": 34.040640820312504, "noise_cost": 27.90941851242958, "n_waypoints_completed": 0, "tot_waypoints": 9}}
{"target": -2475.8849494098517, "params": {"k_pid_pos": [2.0, 0.06362560391426086, 0.0], "k_pid_alt": [1.9770336151123047, 0.01359596848487854, 0.9361147880554199], "k_pid_att": [94.80033111572266, 9.999999747378752e-05, 0.9973229169845581], "k_pid_yaw": [0.5, 1e-06, 0.1], "k_pid_hsp": [9.999999747378752e-05, 0.049790531396865845, 0.9566841125488281], "k_pid_vsp": [0.0, 400.0, 384.7510681152344]}, "datetime": {"datetime": "2025-08-13 15:44:06", "elapsed": 21374.225524425507, "delta": 30.5677809715271}, "costs": {"total_cost": 2475.8849494098517, "time_cost": 150, "final_distance_cost": 134.48410322286998, "oscillation_cost": 675.3728572745383, "completition_cost": 1000.0, "overshoot_cost": 386.56822029366225, "power_cost": 41.37475144042969, "noise_cost": 88.08501717835163, "n_waypoints_completed": 0, "tot_waypoints": 9}}
{"target": -2254.834906721601, "params": {"k_pid_pos": [1.9638813734054565, 0.02570366859436035, 0.018828928470611572], "k_pid_alt": [2.0, 0.0, 1.0], "k_pid_att": [100.0, 9.999999747378752e-05, 1.0], "k_pid_yaw": [0.5, 1e-06, 0.1], "k_pid_hsp": [0.0418916791677475, 0.0, 1.0], "k_pid_vsp": [0.0, 369.65631103515625, 359.6368103027344]}, "datetime": {"datetime": "2025-08-13 15:44:36", "elapsed": 21404.808238983154, "delta": 30.582714557647705}, "costs": {"total_cost": 2254.834906721601, "time_cost": 150, "final_distance_cost": 144.2604919991219, "oscillation_cost": 786.8345103566396, "completition_cost": 1000.0, "overshoot_cost": 111.94786100225271, "power_cost": 34.4836486328125, "noise_cost": 27.308394730773653, "n_waypoints_completed": 0, "tot_waypoints": 9}}
{"target": -1849.2826635240008, "params": {"k_pid_pos": [1.8333771228790283, 0.0, 0.033330291509628296], "k_pid_alt": [2.0, 0.05008813738822937, 1.0], "k_pid_att": [100.0, 0.5834957957267761, 1.0], "k_pid_yaw": [0.5, 1e-06, 0.1], "k_pid_hsp": [0.38487303256988525, 0.017100632190704346, 1.0], "k_pid_vsp": [17.1872501373291, 376.7157897949219, 389.0843505859375]}, "datetime": {"datetime": "2025-08-13 15:45:07", "elapsed": 21435.306466579437, "delta": 30.49822759628296}, "costs": {"total_cost": 1849.2826635240008, "time_cost": 150, "final_distance_cost": 66.38551119947525, "oscillation_cost": 592.1732783834307, "completition_cost": 777.7777777777778, "overshoot_cost": 160.35465890374977, "power_cost": 40.458635791015624, "noise_cost": 62.13280146855158, "n_waypoints_completed": 2, "tot_waypoints": 9}}
{"target": -2068.773369746347, "params": {"k_pid_pos": [2.0, 0.015995711088180542, 0.0], "k_pid_alt": [2.0, 0.001357048749923706, 1.0], "k_pid_att": [99.09475708007812, 0.00033573401742614806, 0.9025583267211914], "k_pid_yaw": [0.5, 1e-06, 0.1], "k_pid_hsp": [0.05929993465542793, 0.06691059470176697, 1.0], "k_pid_vsp": [5.003046989440918, 380.4931640625, 400.0]}, "datetime": {"datetime": "2025-08-13 15:45:41", "elapsed": 21469.8429210186, "delta": 34.53645443916321}, "costs": {"total_cost": 2068.773369746347, "time_cost": 150, "final_distance_cost": 1.112387611971228, "oscillation_cost": 750.784576413434, "completition_cost": 1000.0, "overshoot_cost": 75.61788921595613, "power_cost": 40.799811694335936, "noise_cost": 50.45870481064951, "n_waypoints_completed": 0, "tot_waypoints": 9}}
{"target": -4153.4120030516515, "params": {"k_pid_pos": [2.0, 0.018883049488067627, 0.0021743178367614746], "k_pid_alt": [1.9675343036651611, 0.1101132333278656, 1.0], "k_pid_att": [98.98078155517578, 9.999999747378752e-05, 0.9761354923248291], "k_pid_yaw": [0.5, 1e-06, 0.1], "k_pid_hsp": [0.5191630721092224, 0.0, 1.0], "k_pid_vsp": [2.357470989227295, 400.0, 400.0]}, "datetime": {"datetime": "2025-08-13 15:46:13", "elapsed": 21501.215848207474, "delta": 31.37292718887329}, "costs": {"total_cost": 4153.4120030516515, "time_cost": 150, "final_distance_cost": 807.2190682091143, "oscillation_cost": 537.495576171827, "completition_cost": 1000.0, "overshoot_cost": 1591.957369445777, "power_cost": 37.08642789306641, "noise_cost": 29.65356133186685, "n_waypoints_completed": 0, "tot_waypoints": 9}}
{"target": -1860.8465801320394, "params": {"k_pid_pos": [2.0, 0.0, 0.07019352912902832], "k_pid_alt": [2.0, 0.044183701276779175, 0.9140862226486206], "k_pid_att": [100.0, 0.10144446790218353, 0.9911561012268066], "k_pid_yaw": [0.5, 1e-06, 0.1], "k_pid_hsp": [0.27188611030578613, 0.0018852651119232178, 0.9917888045310974], "k_pid_vsp": [0.0, 400.0, 379.9655456542969]}, "datetime": {"datetime": "2025-08-13 15:46:43", "elapsed": 21531.948048114777, "delta": 30.732199907302856}, "costs": {"total_cost": 1860.8465801320394, "time_cost": 150, "final_distance_cost": 66.70583158061113, "oscillation_cost": 673.2368288680786, "completition_cost": 777.7777777777778, "overshoot_cost": 118.01593907866793, "power_cost": 41.11191242675781, "noise_cost": 33.99829040014599, "n_waypoints_completed": 2, "tot_waypoints": 9}}
{"target": -2136.361005576757, "params": {"k_pid_pos": [1.9816770553588867, 0.0, 0.006357431411743164], "k_pid_alt": [1.9382615089416504, 0.0, 0.9684834480285645], "k_pid_att": [100.0, 0.18419305980205536, 1.0], "k_pid_yaw": [0.5, 1e-06, 0.1], "k_pid_hsp": [9.999999747378752e-05, 0.004262149333953857, 1.0], "k_pid_vsp": [21.6005802154541, 400.0, 390.1637268066406]}, "datetime": {"datetime": "2025-08-13 15:47:16", "elapsed": 21564.19806742668, "delta": 32.25001931190491}, "costs": {"total_cost": 2136.361005576757, "time_cost": 150, "final_distance_cost": 8.562473568729795, "oscillation_cost": 725.7288591112878, "completition_cost": 1000.0, "overshoot_cost": 127.59849906598289, "power_cost": 41.83861353759766, "noise_cost": 82.63256029315932, "n_waypoints_completed": 0, "tot_waypoints": 9}}
{"target": -3179.543493859957, "params": {"k_pid_pos": [2.0, 0.07191628217697144, 0.0], "k_pid_alt": [2.0, 0.07646849751472473, 0.9619165658950806], "k_pid_att": [92.03105926513672, 9.999999747378752e-05, 0.9727281332015991], "k_pid_yaw": [0.5, 1e-06, 0.1], "k_pid_hsp": [9.999999747378752e-05, 0.053211510181427, 0.9984763860702515], "k_pid_vsp": [4.094266891479492, 400.0, 359.3081359863281]}, "datetime": {"datetime": "2025-08-13 15:47:52", "elapsed": 21600.148671865463, "delta": 35.95060443878174}, "costs": {"total_cost": 3179.543493859957, "time_cost": 150, "final_distance_cost": 246.2158122145295, "oscillation_cost": 765.8368183416014, "completition_cost": 1000.0, "overshoot_cost": 953.8196693924001, "power_cost": 35.57276607666016, "noise_cost": 28.098427834766028, "n_waypoints_completed": 0, "tot_waypoints": 9}}
{"target": -6367.01614299409, "params": {"k_pid_pos": [2.0, 0.03519001603126526, 0.0], "k_pid_alt": [2.0, 0.1267593502998352, 1.0], "k_pid_att": [97.2269287109375, 9.999999747378752e-05, 1.0], "k_pid_yaw": [0.5, 1e-06, 0.1], "k_pid_hsp": [9.999999747378752e-05, 0.07461407780647278, 1.0], "k_pid_vsp": [12.090563774108887, 390.5280456542969, 400.0]}, "datetime": {"datetime": "2025-08-13 15:48:24", "elapsed": 21632.67207980156, "delta": 32.52340793609619}, "costs": {"total_cost": 6367.01614299409, "time_cost": 150, "final_distance_cost": 1619.8070452543052, "oscillation_cost": 752.1308128306523, "completition_cost": 1000.0, "overshoot_cost": 2783.1008976980083, "power_cost": 34.05709078369141, "noise_cost": 27.92029642743261, "n_waypoints_completed": 0, "tot_waypoints": 9}}
{"target": -2245.9605737307497, "params": {"k_pid_pos": [2.0, 0.0, 0.0], "k_pid_alt": [2.0, 0.09529697895050049, 1.0], "k_pid_att": [100.0, 0.5223637819290161, 0.995862603187561], "k_pid_yaw": [0.5, 1e-06, 0.1], "k_pid_hsp": [0.16625015437602997, 0.0, 1.0], "k_pid_vsp": [0.0, 395.05816650390625, 400.0]}, "datetime": {"datetime": "2025-08-13 15:48:57", "elapsed": 21665.244868516922, "delta": 32.57278871536255}, "costs": {"total_cost": 2245.9605737307497, "time_cost": 150, "final_distance_cost": 50.580869018887924, "oscillation_cost": 823.2169420946702, "completition_cost": 1000.0, "overshoot_cost": 161.47136161015584, "power_cost": 33.68701520996094, "noise_cost": 27.00438579707517, "n_waypoints_completed": 0, "tot_waypoints": 9}}
{"target": -2045.2297380496511, "params": {"k_pid_pos": [2.0, 0.0, 0.009447336196899414], "k_pid_alt": [2.0, 0.025386393070220947, 0.9718281030654907], "k_pid_att": [99.57208251953125, 0.28701719641685486, 0.9983093738555908], "k_pid_yaw": [0.5, 1e-06, 0.1], "k_pid_hsp": [9.999999747378752e-05, 0.0, 1.0], "k_pid_vsp": [4.879879951477051, 400.0, 399.1610107421875]}, "datetime": {"datetime": "2025-08-13 15:49:28", "elapsed": 21696.970092773438, "delta": 31.725224256515503}, "costs": {"total_cost": 2045.2297380496511, "time_cost": 150, "final_distance_cost": 53.80793216324928, "oscillation_cost": 758.4799497713984, "completition_cost": 888.8888888888888, "overshoot_cost": 98.54489747854976, "power_cost": 39.45173969726563, "noise_cost": 56.056330050299344, "n_waypoints_completed": 1, "tot_waypoints": 9}}
{"target": -2222.5830994004305, "params": {"k_pid_pos": [1.9902586936950684, 0.041305094957351685, 0.05833929777145386], "k_pid_alt": [1.8857460021972656, 0.0, 0.9165907502174377], "k_pid_att": [96.65980529785156, 9.999999747378752e-05, 0.9585856199264526], "k_pid_yaw": [0.5, 1e-06, 0.1], "k_pid_hsp": [0.33005815744400024, 0.0, 0.9603450298309326], "k_pid_vsp": [0.0, 387.6275634765625, 400.0]}, "datetime": {"datetime": "2025-08-13 15:50:00", "elapsed": 21729.001888990402, "delta": 32.03179621696472}, "costs": {"total_cost": 2222.5830994004305, "time_cost": 150, "final_distance_cost": 213.35624470110113, "oscillation_cost": 613.6113746454922, "completition_cost": 1000.0, "overshoot_cost": 181.36400733051573, "power_cost": 36.04283825683594, "noise_cost": 28.20863446648519, "n_waypoints_completed": 0, "tot_waypoints": 9}}
{"target": -2159.3867999617496, "params": {"k_pid_pos": [1.9903687238693237, 0.0, 0.0013244152069091797], "k_pid_alt": [1.9580366611480713, 0.07025569677352905, 1.0], "k_pid_att": [100.0, 0.6478952765464783, 0.935693621635437], "k_pid_yaw": [0.5, 1e-06, 0.1], "k_pid_hsp": [0.7137157320976257, 0.026879727840423584, 0.9983813762664795], "k_pid_vsp": [17.3212890625, 363.47235107421875, 400.0]}, "datetime": {"datetime": "2025-08-13 15:50:32", "elapsed": 21760.73765563965, "delta": 31.735766649246216}, "costs": {"total_cost": 2159.3867999617496, "time_cost": 150, "final_distance_cost": 1.300692311531125, "oscillation_cost": 687.5614344946906, "completition_cost": 1000.0, "overshoot_cost": 150.58010400031236, "power_cost": 48.93355349121094, "noise_cost": 121.01101566400472, "n_waypoints_completed": 0, "tot_waypoints": 9}}
{"target": -9770.603543043148, "params": {"k_pid_pos": [1.9374507665634155, 0.12814557552337646, 0.019603848457336426], "k_pid_alt": [1.833038330078125, 0.04891964793205261, 0.9481947422027588], "k_pid_att": [100.0, 0.2782318592071533, 0.9032150506973267], "k_pid_yaw": [0.5, 1e-06, 0.1], "k_pid_hsp": [9.999999747378752e-05, 0.07523450255393982, 1.0], "k_pid_vsp": [0.0, 400.0, 382.0771179199219]}, "datetime": {"datetime": "2025-08-13 15:51:04", "elapsed": 21792.169499397278, "delta": 31.431843757629395}, "costs": {"total_cost": 9770.603543043148, "time_cost": 150, "final_distance_cost": 2764.446256733032, "oscillation_cost": 795.1298661403605, "completition_cost": 1000.0, "overshoot_cost": 4998.804364333869, "power_cost": 34.37614403076172, "noise_cost": 27.846911805124186, "n_waypoints_completed": 0, "tot_waypoints": 9}}
{"target": -2119.765027625067, "params": {"k_pid_pos": [1.9890871047973633, 0.10091140866279602, 0.0], "k_pid_alt": [1.9106097221374512, 0.02092018723487854, 0.9047151207923889], "k_pid_att": [97.96167755126953, 9.999999747378752e-05, 1.0], "k_pid_yaw": [0.5, 1e-06, 0.1], "k_pid_hsp": [0.7678126692771912, 0.046293675899505615, 0.8965362310409546], "k_pid_vsp": [0.0, 400.0, 400.0]}, "datetime": {"datetime": "2025-08-13 15:51:35", "elapsed": 21823.814499378204, "delta": 31.644999980926514}, "costs": {"total_cost": 2119.765027625067, "time_cost": 150, "final_distance_cost": 1.9383971861517562, "oscillation_cost": 642.5273130474397, "completition_cost": 1000.0, "overshoot_cost": 162.2141860009889, "power_cost": 40.70818933105469, "noise_cost": 122.3769420594322, "n_waypoints_completed": 0, "tot_waypoints": 9}}
{"target": -1977.4562866350122, "params": {"k_pid_pos": [2.0, 0.058702826499938965, 0.004668235778808594], "k_pid_alt": [1.8406822681427002, 0.1082337498664856, 0.9043104648590088], "k_pid_att": [100.0, 0.5143637657165527, 0.9589296579360962], "k_pid_yaw": [0.5, 1e-06, 0.1], "k_pid_hsp": [0.21598705649375916, 0.0, 0.9076743721961975], "k_pid_vsp": [0.0, 365.91925048828125, 400.0]}, "datetime": {"datetime": "2025-08-13 15:52:07", "elapsed": 21855.354858636856, "delta": 31.540359258651733}, "costs": {"total_cost": 1977.4562866350122, "time_cost": 150, "final_distance_cost": 81.35362834611112, "oscillation_cost": 695.6949880017776, "completition_cost": 888.8888888888888, "overshoot_cost": 92.79018964078128, "power_cost": 39.48317697753907, "noise_cost": 29.245414779914444, "n_waypoints_completed": 1, "tot_waypoints": 9}}
{"target": -1962.5183912703185, "params": {"k_pid_pos": [1.9530000686645508, 0.021835237741470337, 0.06755000352859497], "k_pid_alt": [2.0, 0.060944169759750366, 0.9983844757080078], "k_pid_att": [100.0, 0.30060720443725586, 0.9870610237121582], "k_pid_yaw": [0.5, 1e-06, 0.1], "k_pid_hsp": [0.9352571368217468, 0.0, 0.9083051681518555], "k_pid_vsp": [2.9926657676696777, 383.7991027832031, 373.72894287109375]}, "datetime": {"datetime": "2025-08-13 15:52:38", "elapsed": 21886.699097394943, "delta": 31.344238758087158}, "costs": {"total_cost": 1962.5183912703185, "time_cost": 150, "final_distance_cost": 53.089293729839845, "oscillation_cost": 597.3358761437821, "completition_cost": 888.8888888888888, "overshoot_cost": 141.51087485001102, "power_cost": 40.38360364990235, "noise_cost": 91.30985400789434, "n_waypoints_completed": 1, "tot_waypoints": 9}}
{"target": -7683.132182767827, "params": {"k_pid_pos": [1.960415244102478, 0.004322856664657593, 0.0372157096862793], "k_pid_alt": [2.0, 0.0, 0.9583457708358765], "k_pid_att": [96.94728088378906, 1.1634219884872437, 1.0], "k_pid_yaw": [0.5, 1e-06, 0.1], "k_pid_hsp": [0.5662857294082642, 0.0, 1.0], "k_pid_vsp": [14.473915100097656, 393.8969421386719, 400.0]}, "datetime": {"datetime": "2025-08-13 15:53:09", "elapsed": 21917.761074543, "delta": 31.06197714805603}, "costs": {"total_cost": 7683.132182767827, "time_cost": 150, "final_distance_cost": 1919.1645094196588, "oscillation_cost": 753.602265613846, "completition_cost": 1000.0, "overshoot_cost": 3797.9379517608672, "power_cost": 33.95058248291016, "noise_cost": 28.47687349054388, "n_waypoints_completed": 0, "tot_waypoints": 9}}
{"target": -2302.7280828851162, "params": {"k_pid_pos": [2.0, 0.0, 0.0], "k_pid_alt": [2.0, 0.05280604958534241, 0.9728200435638428], "k_pid_att": [100.0, 9.999999747378752e-05, 0.9063631296157837], "k_pid_yaw": [0.5, 1e-06, 0.1], "k_pid_hsp": [9.999999747378752e-05, 0.0, 1.0], "k_pid_vsp": [0.0, 383.7266845703125, 389.1094970703125]}, "datetime": {"datetime": "2025-08-13 15:53:42", "elapsed": 21950.858438014984, "delta": 33.09736347198486}, "costs": {"total_cost": 2302.7280828851162, "time_cost": 150, "final_distance_cost": 172.8060029045668, "oscillation_cost": 771.4476887914467, "completition_cost": 1000.0, "overshoot_cost": 146.7683813699397, "power_cost": 34.46975202636719, "noise_cost": 27.23625779279623, "n_waypoints_completed": 0, "tot_waypoints": 9}}
{"target": -2303.3479983502143, "params": {"k_pid_pos": [2.0, 0.0, 0.0], "k_pid_alt": [2.0, 0.06479492783546448, 1.0], "k_pid_att": [100.0, 9.999999747378752e-05, 0.9719151854515076], "k_pid_yaw": [0.5, 1e-06, 0.1], "k_pid_hsp": [9.999999747378752e-05, 0.03376275300979614, 1.0], "k_pid_vsp": [3.8193106651306152, 374.9940490722656, 400.0]}, "datetime": {"datetime": "2025-08-13 15:54:13", "elapsed": 21981.635827302933, "delta": 30.77738928794861}, "costs": {"total_cost": 2303.3479983502143, "time_cost": 150, "final_distance_cost": 70.79799825541603, "oscillation_cost": 800.5370136885575, "completition_cost": 1000.0, "overshoot_cost": 218.13578463572549, "power_cost": 35.71832442626953, "noise_cost": 28.158877344245816, "n_waypoints_completed": 0, "tot_waypoints": 9}}
{"target": -2210.58802965041, "params": {"k_pid_pos": [2.0, 0.04285585880279541, 0.051060885190963745], "k_pid_alt": [1.9312927722930908, 0.050972580909729004, 0.9591525793075562], "k_pid_att": [100.0, 9.999999747378752e-05, 1.0], "k_pid_yaw": [0.5, 1e-06, 0.1], "k_pid_hsp": [9.999999747378752e-05, 0.010980874300003052, 0.938870906829834], "k_pid_vsp": [18.746734619140625, 400.0, 356.96856689453125]}, "datetime": {"datetime": "2025-08-13 15:54:44", "elapsed": 22012.23895597458, "delta": 30.603128671646118}, "costs": {"total_cost": 2210.58802965041, "time_cost": 150, "final_distance_cost": 77.81925076359107, "oscillation_cost": 761.1921627506683, "completition_cost": 1000.0, "overshoot_cost": 136.317110379697, "power_cost": 39.26723626708984, "noise_cost": 45.992269489364034, "n_waypoints_completed": 0, "tot_waypoints": 9}}
{"target": -2174.0616887338556, "params": {"k_pid_pos": [2.0, 0.06279429793357849, 0.0], "k_pid_alt": [1.8514636754989624, 0.0, 1.0], "k_pid_att": [90.49002075195312, 0.003996018320322037, 0.9913030862808228], "k_pid_yaw": [0.5, 1e-06, 0.1], "k_pid_hsp": [9.999999747378752e-05, 0.0, 0.9935375452041626], "k_pid_vsp": [33.56125259399414, 375.2011413574219, 381.7198181152344]}, "datetime": {"datetime": "2025-08-13 15:55:14", "elapsed": 22042.92208147049, "delta": 30.683125495910645}, "costs": {"total_cost": 2174.0616887338556, "time_cost": 150, "final_distance_cost": 137.96084033013545, "oscillation_cost": 783.9139788628697, "completition_cost": 888.8888888888888, "overshoot_cost": 146.3769110942836, "power_cost": 38.536534875488286, "noise_cost": 28.38453468219014, "n_waypoints_completed": 1, "tot_waypoints": 9}}
