{"target": -6388.750225087367, "params": {"k_pid_pos": [2.0, 0.0, 0.0], "k_pid_alt": [1.9604648351669312, 0.0, 0.9857819676399231], "k_pid_att": [95.55683898925781, 9.999999747378752e-05, 0.9936875104904175], "k_pid_yaw": [0.5, 1e-06, 0.1], "k_pid_hsp": [9.999999747378752e-05, 0.06086510419845581, 0.9839287996292114], "k_pid_vsp": [3.7819623947143555, 400.0, 381.5665588378906]}, "datetime": {"datetime": "2025-08-13 23:19:05", "elapsed": 48673.412838220596, "delta": 31.13307285308838}, "costs": {"total_cost": 6388.750225087367, "time_cost": 150, "final_distance_cost": 1228.4568721247085, "oscillation_cost": 631.4790024246437, "completition_cost": 1000.0, "overshoot_cost": 3317.2896942705966, "power_cost": 33.91704553222657, "noise_cost": 27.607610735190555, "n_waypoints_completed": 0, "tot_waypoints": 9}}
{"target": -2212.0826773035487, "params": {"k_pid_pos": [1.8251237869262695, 0.0, 0.06697294116020203], "k_pid_alt": [2.0, 0.0, 0.9916190505027771], "k_pid_att": [98.65947723388672, 9.999999747378752e-05, 0.9728962182998657], "k_pid_yaw": [0.5, 1e-06, 0.1], "k_pid_hsp": [9.999999747378752e-05, 0.0, 1.0], "k_pid_vsp": [31.86980438232422, 398.21136474609375, 400.0]}, "datetime": {"datetime": "2025-08-13 23:19:34", "elapsed": 48702.70617842674, "delta": 29.29334020614624}, "costs": {"total_cost": 2212.0826773035487, "time_cost": 150, "final_distance_cost": 40.48856082705348, "oscillation_cost": 677.3559817973708, "completition_cost": 1000.0, "overshoot_cost": 271.9282847866206, "power_cost": 38.49343161621094, "noise_cost": 33.816418276292914, "n_waypoints_completed": 0, "tot_waypoints": 9}}
{"target": -3392.1031962443767, "params": {"k_pid_pos": [1.9373657703399658, 0.016844958066940308, 0.013166159391403198], "k_pid_alt": [1.916170597076416, 0.0, 0.9181265830993652], "k_pid_att": [99.66107940673828, 9.999999747378752e-05, 0.9562997817993164], "k_pid_yaw": [0.5, 1e-06, 0.1], "k_pid_hsp": [9.999999747378752e-05, 0.0, 0.9876492619514465], "k_pid_vsp": [3.5718917846679688, 400.0, 393.74835205078125]}, "datetime": {"datetime": "2025-08-13 23:20:05", "elapsed": 48733.98204660416, "delta": 31.27586817741394}, "costs": {"total_cost": 3392.1031962443767, "time_cost": 150, "final_distance_cost": 347.403755795664, "oscillation_cost": 787.800710938509, "completition_cost": 1000.0, "overshoot_cost": 1042.6285348946567, "power_cost": 35.70548278808594, "noise_cost": 28.564711827460773, "n_waypoints_completed": 0, "tot_waypoints": 9}}
{"target": -2048.1451841821513, "params": {"k_pid_pos": [1.8119779825210571, 0.034744828939437866, 0.012413084506988525], "k_pid_alt": [1.922224998474121, 0.009915381669998169, 0.985139787197113], "k_pid_att": [100.0, 9.999999747378752e-05, 1.0], "k_pid_yaw": [0.5, 1e-06, 0.1], "k_pid_hsp": [9.999999747378752e-05, 0.0, 1.0], "k_pid_vsp": [23.158836364746094, 389.79296875, 392.30169677734375]}, "datetime": {"datetime": "2025-08-13 23:20:36", "elapsed": 48764.979927778244, "delta": 30.997881174087524}, "costs": {"total_cost": 2048.1451841821513, "time_cost": 150, "final_distance_cost": 30.865238028002665, "oscillation_cost": 751.2695053121613, "completition_cost": 1000.0, "overshoot_cost": 48.791509085061264, "power_cost": 38.63567962646484, "noise_cost": 28.583252130461386, "n_waypoints_completed": 0, "tot_waypoints": 9}}
{"target": -4379.619725334721, "params": {"k_pid_pos": [1.9657841920852661, 0.0, 0.0513555109500885], "k_pid_alt": [2.0, 0.0060453712940216064, 0.9900180101394653], "k_pid_att": [98.2064208984375, 0.9556214213371277, 1.0], "k_pid_yaw": [0.5, 1e-06, 0.1], "k_pid_hsp": [0.5607640147209167, 0.0, 1.0], "k_pid_vsp": [0.0, 365.0326843261719, 389.04815673828125]}, "datetime": {"datetime": "2025-08-13 23:21:08", "elapsed": 48796.19847083092, "delta": 31.21854305267334}, "costs": {"total_cost": 4379.619725334721, "time_cost": 150, "final_distance_cost": 864.0527045234254, "oscillation_cost": 466.9893012355927, "completition_cost": 1000.0, "overshoot_cost": 1833.2677641918308, "power_cost": 36.13974405517578, "noise_cost": 29.170211328696663, "n_waypoints_completed": 0, "tot_waypoints": 9}}
{"target": -4247.697727245682, "params": {"k_pid_pos": [2.0, 0.0, 0.0], "k_pid_alt": [1.9478869438171387, 0.0, 1.0], "k_pid_att": [94.33321380615234, 9.999999747378752e-05, 0.9868967533111572], "k_pid_yaw": [0.5, 1e-06, 0.1], "k_pid_hsp": [9.999999747378752e-05, 0.0855526328086853, 1.0], "k_pid_vsp": [2.1888136863708496, 385.0602722167969, 377.49609375]}, "datetime": {"datetime": "2025-08-13 23:21:38", "elapsed": 48826.11300396919, "delta": 29.914533138275146}, "costs": {"total_cost": 4247.697727245682, "time_cost": 150, "final_distance_cost": 972.3653695894276, "oscillation_cost": 815.1853188113532, "completition_cost": 1000.0, "overshoot_cost": 1249.400092263344, "power_cost": 33.29917713623047, "noise_cost": 27.447769445325914, "n_waypoints_completed": 0, "tot_waypoints": 9}}
{"target": -7594.113812057619, "params": {"k_pid_pos": [1.9719171524047852, 0.045120686292648315, 0.016667425632476807], "k_pid_alt": [2.0, 0.0, 1.0], "k_pid_att": [97.19474029541016, 9.999999747378752e-05, 0.9250448942184448], "k_pid_yaw": [0.5, 1e-06, 0.1], "k_pid_hsp": [0.33073556423187256, 0.0, 0.9853528738021851], "k_pid_vsp": [0.0, 400.0, 399.3307189941406]}, "datetime": {"datetime": "2025-08-13 23:22:06", "elapsed": 48854.38539767265, "delta": 28.272393703460693}, "costs": {"total_cost": 7594.113812057619, "time_cost": 150, "final_distance_cost": 2067.161430059855, "oscillation_cost": 779.1282743005579, "completition_cost": 1000.0, "overshoot_cost": 3537.29652554632, "power_cost": 33.06140916748047, "noise_cost": 27.466172983405855, "n_waypoints_completed": 0, "tot_waypoints": 9}}
{"target": -6924.171919047621, "params": {"k_pid_pos": [2.0, 0.004078119993209839, 0.04202765226364136], "k_pid_alt": [1.9471999406814575, 0.0, 1.0], "k_pid_att": [98.66354370117188, 9.999999747378752e-05, 1.0], "k_pid_yaw": [0.5, 1e-06, 0.1], "k_pid_hsp": [9.999999747378752e-05, 0.07899013161659241, 0.9800465106964111], "k_pid_vsp": [19.97951316833496, 400.0, 400.0]}, "datetime": {"datetime": "2025-08-13 23:22:37", "elapsed": 48885.381558418274, "delta": 30.996160745620728}, "costs": {"total_cost": 6924.171919047621, "time_cost": 150, "final_distance_cost": 1790.7519920988466, "oscillation_cost": 763.6959997167404, "completition_cost": 1000.0, "overshoot_cost": 3158.3177761277934, "power_cost": 33.73804533691406, "noise_cost": 27.6681057673259, "n_waypoints_completed": 0, "tot_waypoints": 9}}
{"target": -1828.959950793489, "params": {"k_pid_pos": [2.0, 0.00985485315322876, 0.0], "k_pid_alt": [2.0, 0.04548260569572449, 0.9395923614501953], "k_pid_att": [100.0, 9.999999747378752e-05, 1.0], "k_pid_yaw": [0.5, 1e-06, 0.1], "k_pid_hsp": [0.6317846179008484, 0.004541665315628052, 1.0], "k_pid_vsp": [20.317195892333984, 400.0, 400.0]}, "datetime": {"datetime": "2025-08-13 23:23:07", "elapsed": 48916.01795768738, "delta": 30.636399269104004}, "costs": {"total_cost": 1828.959950793489, "time_cost": 150, "final_distance_cost": 67.6061231878234, "oscillation_cost": 513.9913110132136, "completition_cost": 888.8888888888888, "overshoot_cost": 127.49213611732154, "power_cost": 37.860459008789064, "noise_cost": 43.121032577452574, "n_waypoints_completed": 1, "tot_waypoints": 9}}
{"target": -2886.8344198585432, "params": {"k_pid_pos": [2.0, 0.011430799961090088, 0.0], "k_pid_alt": [1.9916547536849976, 0.0, 1.0], "k_pid_att": [100.0, 9.999999747378752e-05, 0.9586760997772217], "k_pid_yaw": [0.5, 1e-06, 0.1], "k_pid_hsp": [9.999999747378752e-05, 0.04916122555732727, 1.0], "k_pid_vsp": [4.09623384475708, 400.0, 400.0]}, "datetime": {"datetime": "2025-08-13 23:23:39", "elapsed": 48947.725193977356, "delta": 31.707236289978027}, "costs": {"total_cost": 2886.8344198585432, "time_cost": 150, "final_distance_cost": 252.324738093151, "oscillation_cost": 734.9340553311888, "completition_cost": 1000.0, "overshoot_cost": 686.9237588215505, "power_cost": 34.6012021484375, "noise_cost": 28.050665464215296, "n_waypoints_completed": 0, "tot_waypoints": 9}}
{"target": -3634.380863297557, "params": {"k_pid_pos": [1.9373188018798828, 0.0, 0.007985532283782959], "k_pid_alt": [2.0, 0.0, 0.9725627899169922], "k_pid_att": [100.0, 0.3948015570640564, 1.0], "k_pid_yaw": [0.5, 1e-06, 0.1], "k_pid_hsp": [9.999999747378752e-05, 0.025150984525680542, 0.9410183429718018], "k_pid_vsp": [14.138293266296387, 325.3872375488281, 400.0]}, "datetime": {"datetime": "2025-08-13 23:24:11", "elapsed": 48979.684468984604, "delta": 31.959275007247925}, "costs": {"total_cost": 3634.380863297557, "time_cost": 150, "final_distance_cost": 858.8760725141814, "oscillation_cost": 709.6493266471824, "completition_cost": 1000.0, "overshoot_cost": 853.9563253309839, "power_cost": 34.02394417724609, "noise_cost": 27.875194627963673, "n_waypoints_completed": 0, "tot_waypoints": 9}}
{"target": -2069.825269981967, "params": {"k_pid_pos": [1.9434468746185303, 0.0, 0.0], "k_pid_alt": [1.8734338283538818, 0.023462355136871338, 1.0], "k_pid_att": [100.0, 0.18191559612751007, 1.0], "k_pid_yaw": [0.5, 1e-06, 0.1], "k_pid_hsp": [0.2760932445526123, 0.0, 0.9980612993240356], "k_pid_vsp": [32.17837905883789, 400.0, 395.7746276855469]}, "datetime": {"datetime": "2025-08-13 23:24:41", "elapsed": 49009.90034389496, "delta": 30.215874910354614}, "costs": {"total_cost": 2069.825269981967, "time_cost": 150, "final_distance_cost": 49.44881585591775, "oscillation_cost": 659.074306575894, "completition_cost": 1000.0, "overshoot_cost": 145.60558621152884, "power_cost": 37.098429528808595, "noise_cost": 28.59813180981746, "n_waypoints_completed": 0, "tot_waypoints": 9}}
{"target": -2188.1123310757125, "params": {"k_pid_pos": [1.8705390691757202, 0.0, 0.0], "k_pid_alt": [2.0, 0.0, 1.0], "k_pid_att": [96.5845947265625, 0.6637910604476929, 0.9434766173362732], "k_pid_yaw": [0.5, 1e-06, 0.1], "k_pid_hsp": [0.2297561913728714, 0.05531197786331177, 1.0], "k_pid_vsp": [0.0, 351.5521545410156, 396.7293701171875]}, "datetime": {"datetime": "2025-08-13 23:25:11", "elapsed": 49039.49767899513, "delta": 29.59733510017395}, "costs": {"total_cost": 2188.1123310757125, "time_cost": 150, "final_distance_cost": 79.4250025596433, "oscillation_cost": 829.3068135115745, "completition_cost": 1000.0, "overshoot_cost": 66.41709906093023, "power_cost": 35.11133410644531, "noise_cost": 27.85208183711958, "n_waypoints_completed": 0, "tot_waypoints": 9}}
{"target": -2608.8517729067758, "params": {"k_pid_pos": [2.0, 0.015667051076889038, 0.010770857334136963], "k_pid_alt": [1.8104629516601562, 0.0, 1.0], "k_pid_att": [100.0, 9.999999747378752e-05, 0.958448052406311], "k_pid_yaw": [0.5, 1e-06, 0.1], "k_pid_hsp": [0.16013596951961517, 0.0, 1.0], "k_pid_vsp": [0.0, 400.0, 400.0]}, "datetime": {"datetime": "2025-08-13 23:25:41", "elapsed": 49069.49321293831, "delta": 29.99553394317627}, "costs": {"total_cost": 2608.8517729067758, "time_cost": 150, "final_distance_cost": 465.8314943956708, "oscillation_cost": 727.155158148758, "completition_cost": 888.8888888888888, "overshoot_cost": 304.02495697358114, "power_cost": 39.27005356445313, "noise_cost": 33.681220935423866, "n_waypoints_completed": 1, "tot_waypoints": 9}}
{"target": -4390.490526237471, "params": {"k_pid_pos": [2.0, 0.0, 0.0], "k_pid_alt": [2.0, 0.0, 1.0], "k_pid_att": [100.0, 0.4323914647102356, 0.8911195993423462], "k_pid_yaw": [0.5, 1e-06, 0.1], "k_pid_hsp": [9.999999747378752e-05, 0.01863756775856018, 0.9285552501678467], "k_pid_vsp": [23.48973846435547, 400.0, 400.0]}, "datetime": {"datetime": "2025-08-13 23:26:13", "elapsed": 49101.314621925354, "delta": 31.821408987045288}, "costs": {"total_cost": 4390.490526237471, "time_cost": 150, "final_distance_cost": 998.8604934312898, "oscillation_cost": 831.8049414552314, "completition_cost": 1000.0, "overshoot_cost": 1347.210097740949, "power_cost": 34.35420189208985, "noise_cost": 28.26079171791097, "n_waypoints_completed": 0, "tot_waypoints": 9}}
{"target": -2254.4876993520147, "params": {"k_pid_pos": [2.0, 0.0, 0.045789748430252075], "k_pid_alt": [2.0, 0.04143884778022766, 0.9815415740013123], "k_pid_att": [94.82019805908203, 9.999999747378752e-05, 0.85573810338974], "k_pid_yaw": [0.5, 1e-06, 0.1], "k_pid_hsp": [9.999999747378752e-05, 0.050391316413879395, 1.0], "k_pid_vsp": [0.0, 400.0, 368.7527160644531]}, "datetime": {"datetime": "2025-08-13 23:26:43", "elapsed": 49131.35219144821, "delta": 30.037569522857666}, "costs": {"total_cost": 2254.4876993520147, "time_cost": 150, "final_distance_cost": 47.65741113998635, "oscillation_cost": 705.9753059157562, "completition_cost": 1000.0, "overshoot_cost": 202.79795586499856, "power_cost": 42.674014746093754, "noise_cost": 105.38301168518014, "n_waypoints_completed": 0, "tot_waypoints": 9}}
{"target": -2540.366454565367, "params": {"k_pid_pos": [1.9905705451965332, 0.01751333475112915, 0.005024701356887817], "k_pid_alt": [1.8790457248687744, 0.0, 1.0], "k_pid_att": [99.989990234375, 9.999999747378752e-05, 0.9758800268173218], "k_pid_yaw": [0.5, 1e-06, 0.1], "k_pid_hsp": [9.999999747378752e-05, 0.0, 0.9094003438949585], "k_pid_vsp": [17.967308044433594, 400.0, 396.1076354980469]}, "datetime": {"datetime": "2025-08-13 23:27:13", "elapsed": 49161.620663404465, "delta": 30.26847195625305}, "costs": {"total_cost": 2540.366454565367, "time_cost": 150, "final_distance_cost": 137.12855554094608, "oscillation_cost": 742.3957548681095, "completition_cost": 1000.0, "overshoot_cost": 449.1365523300145, "power_cost": 34.34249284667969, "noise_cost": 27.363098979617213, "n_waypoints_completed": 0, "tot_waypoints": 9}}
{"target": -2208.956793853714, "params": {"k_pid_pos": [1.868334412574768, 0.019894182682037354, 0.012261539697647095], "k_pid_alt": [1.811414122581482, 0.05500301718711853, 0.9573665857315063], "k_pid_att": [90.4520034790039, 9.999999747378752e-05, 1.0], "k_pid_yaw": [0.5, 1e-06, 0.1], "k_pid_hsp": [9.999999747378752e-05, 0.0002624690532684326, 0.969452977180481], "k_pid_vsp": [0.0, 400.0, 400.0]}, "datetime": {"datetime": "2025-08-13 23:27:42", "elapsed": 49190.58842229843, "delta": 28.967758893966675}, "costs": {"total_cost": 2208.956793853714, "time_cost": 150, "final_distance_cost": 73.99998347975271, "oscillation_cost": 735.5001454882612, "completition_cost": 1000.0, "overshoot_cost": 123.23673572617908, "power_cost": 40.19932683105469, "noise_cost": 86.02060232846573, "n_waypoints_completed": 0, "tot_waypoints": 9}}
{"target": -2224.9307698686534, "params": {"k_pid_pos": [1.9452296495437622, 0.0, 0.07077103853225708], "k_pid_alt": [2.0, 0.017118841409683228, 1.0], "k_pid_att": [100.0, 0.42903009057044983, 0.92952960729599], "k_pid_yaw": [0.5, 1e-06, 0.1], "k_pid_hsp": [9.999999747378752e-05, 0.0, 0.9601893424987793], "k_pid_vsp": [0.0, 400.0, 400.0]}, "datetime": {"datetime": "2025-08-13 23:28:13", "elapsed": 49221.73715591431, "delta": 31.148733615875244}, "costs": {"total_cost": 2224.9307698686534, "time_cost": 150, "final_distance_cost": 111.08460596646316, "oscillation_cost": 742.2246424738279, "completition_cost": 1000.0, "overshoot_cost": 156.82319160869793, "power_cost": 36.52753000488281, "noise_cost": 28.270799814781633, "n_waypoints_completed": 0, "tot_waypoints": 9}}
{"target": -2070.3433408963706, "params": {"k_pid_pos": [2.0, 0.0, 0.0], "k_pid_alt": [2.0, 0.0446133017539978, 0.9221640825271606], "k_pid_att": [98.15753936767578, 0.30525779724121094, 0.9031356573104858], "k_pid_yaw": [0.5, 1e-06, 0.1], "k_pid_hsp": [9.999999747378752e-05, 0.0, 1.0], "k_pid_vsp": [15.98161506652832, 400.0, 370.3240966796875]}, "datetime": {"datetime": "2025-08-13 23:28:44", "elapsed": 49252.786192178726, "delta": 31.049036264419556}, "costs": {"total_cost": 2070.3433408963706, "time_cost": 150, "final_distance_cost": 46.56030150609413, "oscillation_cost": 733.510333304419, "completition_cost": 1000.0, "overshoot_cost": 70.18429178201957, "power_cost": 41.006364367675786, "noise_cost": 29.082049936162313, "n_waypoints_completed": 0, "tot_waypoints": 9}}
{"target": -2043.711205236484, "params": {"k_pid_pos": [2.0, 0.02552446722984314, 0.039662301540374756], "k_pid_alt": [1.8924355506896973, 0.0, 0.8819092512130737], "k_pid_att": [93.76946258544922, 9.999999747378752e-05, 0.9823242425918579], "k_pid_yaw": [0.5, 1e-06, 0.1], "k_pid_hsp": [0.017455507069826126, 0.027419686317443848, 0.9719264507293701], "k_pid_vsp": [0.0, 372.7876281738281, 382.4728088378906]}, "datetime": {"datetime": "2025-08-13 23:29:15", "elapsed": 49283.260452747345, "delta": 30.474260568618774}, "costs": {"total_cost": 2043.711205236484, "time_cost": 150, "final_distance_cost": 67.42281996855539, "oscillation_cost": 750.3202196250555, "completition_cost": 888.8888888888888, "overshoot_cost": 100.19454236813901, "power_cost": 38.340232336425785, "noise_cost": 48.5445020494193, "n_waypoints_completed": 1, "tot_waypoints": 9}}
{"target": -5105.725035700856, "params": {"k_pid_pos": [2.0, 0.038292109966278076, 0.04802253842353821], "k_pid_alt": [2.0, 0.0784185528755188, 1.0], "k_pid_att": [100.0, 9.999999747378752e-05, 1.0], "k_pid_yaw": [0.5, 1e-06, 0.1], "k_pid_hsp": [9.999999747378752e-05, 0.0, 0.9581280946731567], "k_pid_vsp": [17.250442504882812, 383.14361572265625, 400.0]}, "datetime": {"datetime": "2025-08-13 23:29:45", "elapsed": 49313.74787688255, "delta": 30.48742413520813}, "costs": {"total_cost": 5105.725035700856, "time_cost": 150, "final_distance_cost": 1420.703280088919, "oscillation_cost": 829.783549070618, "completition_cost": 1000.0, "overshoot_cost": 1645.2343582626945, "power_cost": 32.482547473144535, "noise_cost": 27.52130080547984, "n_waypoints_completed": 0, "tot_waypoints": 9}}
{"target": -6118.931262406723, "params": {"k_pid_pos": [2.0, 0.07715320587158203, 0.0025250017642974854], "k_pid_alt": [2.0, 0.07216402888298035, 0.969988226890564], "k_pid_att": [100.0, 0.5138535499572754, 1.0], "k_pid_yaw": [0.5, 1e-06, 0.1], "k_pid_hsp": [0.5952780246734619, 0.0, 1.0], "k_pid_vsp": [8.29659652709961, 400.0, 400.0]}, "datetime": {"datetime": "2025-08-13 23:30:16", "elapsed": 49344.68014550209, "delta": 30.932268619537354}, "costs": {"total_cost": 6118.931262406723, "time_cost": 150, "final_distance_cost": 1548.0345365816358, "oscillation_cost": 713.9684502876415, "completition_cost": 1000.0, "overshoot_cost": 2645.849098698435, "power_cost": 32.93582928466797, "noise_cost": 28.14334755434288, "n_waypoints_completed": 0, "tot_waypoints": 9}}
{"target": -3292.135516430049, "params": {"k_pid_pos": [2.0, 0.013322263956069946, 0.06272432208061218], "k_pid_alt": [1.8657960891723633, 0.0, 0.896599292755127], "k_pid_att": [100.0, 0.2126036286354065, 1.0], "k_pid_yaw": [0.5, 1e-06, 0.1], "k_pid_hsp": [0.355400025844574, 0.0, 0.977447509765625], "k_pid_vsp": [0.0, 386.56317138671875, 389.77166748046875]}, "datetime": {"datetime": "2025-08-13 23:30:46", "elapsed": 49374.85991859436, "delta": 30.179773092269897}, "costs": {"total_cost": 3292.135516430049, "time_cost": 150, "final_distance_cost": 317.557927367751, "oscillation_cost": 737.5152578532516, "completition_cost": 1000.0, "overshoot_cost": 1022.7600378114481, "power_cost": 35.7559369140625, "noise_cost": 28.546356483535284, "n_waypoints_completed": 0, "tot_waypoints": 9}}
{"target": -1784.5200352871298, "params": {"k_pid_pos": [2.0, 0.0, 0.0], "k_pid_alt": [2.0, 0.0, 0.9561623334884644], "k_pid_att": [98.08500671386719, 1.3319355249404907, 0.9695792198181152], "k_pid_yaw": [0.5, 1e-06, 0.1], "k_pid_hsp": [0.7465823292732239, 0.0, 1.0], "k_pid_vsp": [12.663925170898438, 400.0, 400.0]}, "datetime": {"datetime": "2025-08-13 23:31:15", "elapsed": 49403.60941910744, "delta": 28.749500513076782}, "costs": {"total_cost": 1784.5200352871298, "time_cost": 150, "final_distance_cost": 59.223850468378565, "oscillation_cost": 454.3253071765732, "completition_cost": 888.8888888888888, "overshoot_cost": 121.99453832207614, "power_cost": 39.67313952636719, "noise_cost": 70.41431090484613, "n_waypoints_completed": 1, "tot_waypoints": 9}}
{"target": -8242.61373773905, "params": {"k_pid_pos": [1.9426045417785645, 0.022536784410476685, 0.021996229887008667], "k_pid_alt": [2.0, 0.04339486360549927, 1.0], "k_pid_att": [100.0, 9.999999747378752e-05, 1.0], "k_pid_yaw": [0.5, 1e-06, 0.1], "k_pid_hsp": [9.999999747378752e-05, 0.12105780839920044, 0.9444880485534668], "k_pid_vsp": [16.727006912231445, 385.8565368652344, 395.2561340332031]}, "datetime": {"datetime": "2025-08-13 23:31:47", "elapsed": 49435.12076616287, "delta": 31.51134705543518}, "costs": {"total_cost": 8242.61373773905, "time_cost": 150, "final_distance_cost": 2173.599174290594, "oscillation_cost": 722.5804202456187, "completition_cost": 1000.0, "overshoot_cost": 4134.974157050343, "power_cost": 33.73084656982422, "noise_cost": 27.72913958267139, "n_waypoints_completed": 0, "tot_waypoints": 9}}
{"target": -2951.010560999465, "params": {"k_pid_pos": [2.0, 0.03471839427947998, 0.0], "k_pid_alt": [1.9145405292510986, 0.0, 1.0], "k_pid_att": [90.90084075927734, 0.8856826424598694, 0.9747135639190674], "k_pid_yaw": [0.5, 1e-06, 0.1], "k_pid_hsp": [0.41904371976852417, 0.0, 1.0], "k_pid_vsp": [0.0, 398.3185729980469, 392.67681884765625]}, "datetime": {"datetime": "2025-08-13 23:32:19", "elapsed": 49467.444809913635, "delta": 32.32404375076294}, "costs": {"total_cost": 2951.010560999465, "time_cost": 150, "final_distance_cost": 569.5823969497413, "oscillation_cost": 595.6000959276699, "completition_cost": 888.8888888888888, "overshoot_cost": 679.0383907478669, "power_cost": 36.70573175048828, "noise_cost": 31.195056734809675, "n_waypoints_completed": 1, "tot_waypoints": 9}}
