{"target": -3577.2632561184428, "params": {"k_pid_pos": [1.9981725215911865, 0.0, 0.013518601655960083], "k_pid_alt": [1.9696471691131592, 0.030948787927627563, 1.0], "k_pid_att": [98.84326171875, 0.062331099063158035, 1.0], "k_pid_yaw": [0.5, 1e-06, 0.1], "k_pid_hsp": [0.08482447266578674, 0.04456716775894165, 0.9524670839309692], "k_pid_vsp": [3.2291769981384277, 400.0, 400.0]}, "datetime": {"datetime": "2025-08-14 01:36:20", "elapsed": 56908.88771748543, "delta": 28.768486499786377}, "costs": {"total_cost": 3577.2632561184428, "time_cost": 150, "final_distance_cost": 461.95674693106344, "oscillation_cost": 808.2454693234245, "completition_cost": 1000.0, "overshoot_cost": 1092.8921332818402, "power_cost": 35.67218159179688, "noise_cost": 28.496724990317887, "n_waypoints_completed": 0, "tot_waypoints": 9}}
{"target": -6097.332659080263, "params": {"k_pid_pos": [1.8614901304244995, 0.08065754175186157, 0.11267656087875366], "k_pid_alt": [2.0, 0.0, 1.0], "k_pid_att": [98.6615982055664, 9.999999747378752e-05, 0.9872353076934814], "k_pid_yaw": [0.5, 1e-06, 0.1], "k_pid_hsp": [0.4899725317955017, 0.0, 0.9656795263290405], "k_pid_vsp": [22.662139892578125, 400.0, 400.0]}, "datetime": {"datetime": "2025-08-14 01:36:50", "elapsed": 56938.701078891754, "delta": 29.813361406326294}, "costs": {"total_cost": 6097.332659080263, "time_cost": 150, "final_distance_cost": 1332.5273611009145, "oscillation_cost": 765.8313623101479, "completition_cost": 1000.0, "overshoot_cost": 2787.606455627901, "power_cost": 33.487953247070315, "noise_cost": 27.87952679422882, "n_waypoints_completed": 0, "tot_waypoints": 9}}
{"target": -2117.172617106626, "params": {"k_pid_pos": [2.0, 0.01164904236793518, 0.022456616163253784], "k_pid_alt": [2.0, 0.0, 1.0], "k_pid_att": [100.0, 9.999999747378752e-05, 0.985048234462738], "k_pid_yaw": [0.5, 1e-06, 0.1], "k_pid_hsp": [0.8238929510116577, 0.04629594087600708, 0.9083983898162842], "k_pid_vsp": [0.0, 400.0, 400.0]}, "datetime": {"datetime": "2025-08-14 01:37:19", "elapsed": 56968.01591062546, "delta": 29.314831733703613}, "costs": {"total_cost": 2117.172617106626, "time_cost": 150, "final_distance_cost": 203.53621752549472, "oscillation_cost": 608.4908299647743, "completition_cost": 888.8888888888888, "overshoot_cost": 174.32249298342578, "power_cost": 38.18778803710938, "noise_cost": 53.74639970693351, "n_waypoints_completed": 1, "tot_waypoints": 9}}
{"target": -2185.8657226419814, "params": {"k_pid_pos": [2.0, 0.022943109273910522, 0.0], "k_pid_alt": [1.9311649799346924, 0.015085190534591675, 0.9810363054275513], "k_pid_att": [97.65141296386719, 9.999999747378752e-05, 0.9695015549659729], "k_pid_yaw": [0.5, 1e-06, 0.1], "k_pid_hsp": [0.0403902530670166, 0.0, 0.9337849617004395], "k_pid_vsp": [0.0, 396.9316711425781, 400.0]}, "datetime": {"datetime": "2025-08-14 01:37:49", "elapsed": 56997.800471782684, "delta": 29.784561157226562}, "costs": {"total_cost": 2185.8657226419814, "time_cost": 150, "final_distance_cost": 9.123214621367362, "oscillation_cost": 705.3294887218034, "completition_cost": 1000.0, "overshoot_cost": 153.30660127957574, "power_cost": 51.60360750732422, "noise_cost": 116.50281051191102, "n_waypoints_completed": 0, "tot_waypoints": 9}}
{"target": -5548.252958951178, "params": {"k_pid_pos": [1.9410029649734497, 0.04118654131889343, 0.0], "k_pid_alt": [2.0, 0.0, 1.0], "k_pid_att": [100.0, 0.40902280807495117, 1.0], "k_pid_yaw": [0.5, 1e-06, 0.1], "k_pid_hsp": [0.9647665023803711, 0.0, 1.0], "k_pid_vsp": [23.78426742553711, 400.0, 384.0736999511719]}, "datetime": {"datetime": "2025-08-14 01:38:20", "elapsed": 57028.32397556305, "delta": 30.52350378036499}, "costs": {"total_cost": 5548.252958951178, "time_cost": 150, "final_distance_cost": 1272.5732534218248, "oscillation_cost": 742.9035231362841, "completition_cost": 1000.0, "overshoot_cost": 2317.216246381208, "power_cost": 33.845597326660155, "noise_cost": 31.71433868520152, "n_waypoints_completed": 0, "tot_waypoints": 9}}
{"target": -9277.500150850452, "params": {"k_pid_pos": [2.0, 0.0, 0.04224574565887451], "k_pid_alt": [2.0, 0.05235984921455383, 0.9886436462402344], "k_pid_att": [100.0, 0.6062368154525757, 0.9715908765792847], "k_pid_yaw": [0.5, 1e-06, 0.1], "k_pid_hsp": [9.999999747378752e-05, 0.0, 1.0], "k_pid_vsp": [0.0, 400.0, 388.7313537597656]}, "datetime": {"datetime": "2025-08-14 01:38:49", "elapsed": 57057.43778848648, "delta": 29.113812923431396}, "costs": {"total_cost": 9277.500150850452, "time_cost": 150, "final_distance_cost": 2866.228090681198, "oscillation_cost": 742.0383653793247, "completition_cost": 1000.0, "overshoot_cost": 4456.361234480649, "power_cost": 34.739732763671874, "noise_cost": 28.13272754560807, "n_waypoints_completed": 0, "tot_waypoints": 9}}
{"target": -3896.9897956126465, "params": {"k_pid_pos": [1.9499129056930542, 0.0, 0.0], "k_pid_alt": [2.0, 0.057721883058547974, 0.9548379778862], "k_pid_att": [84.03663635253906, 9.999999747378752e-05, 1.0], "k_pid_yaw": [0.5, 1e-06, 0.1], "k_pid_hsp": [9.999999747378752e-05, 0.0, 1.0], "k_pid_vsp": [0.0, 359.21539306640625, 400.0]}, "datetime": {"datetime": "2025-08-14 01:39:20", "elapsed": 57088.764892578125, "delta": 31.327104091644287}, "costs": {"total_cost": 3896.9897956126465, "time_cost": 150, "final_distance_cost": 468.86297784106745, "oscillation_cost": 717.4649842968824, "completition_cost": 1000.0, "overshoot_cost": 1449.6831294144295, "power_cost": 38.36039908447266, "noise_cost": 72.6183049757947, "n_waypoints_completed": 0, "tot_waypoints": 9}}
{"target": -1837.9713314335415, "params": {"k_pid_pos": [2.0, 0.0, 0.054221272468566895], "k_pid_alt": [1.9834494590759277, 0.0, 1.0], "k_pid_att": [100.0, 9.999999747378752e-05, 0.9599015116691589], "k_pid_yaw": [0.5, 1e-06, 0.1], "k_pid_hsp": [0.24760402739048004, 0.024688035249710083, 0.9367779493331909], "k_pid_vsp": [0.0, 395.3277587890625, 400.0]}, "datetime": {"datetime": "2025-08-14 01:39:52", "elapsed": 57120.651114702225, "delta": 31.88622212409973}, "costs": {"total_cost": 1837.9713314335415, "time_cost": 150, "final_distance_cost": 83.42438855130575, "oscillation_cost": 581.1230891052359, "completition_cost": 777.7777777777778, "overshoot_cost": 161.51952110427993, "power_cost": 39.53137556152344, "noise_cost": 44.595179333418834, "n_waypoints_completed": 2, "tot_waypoints": 9}}
{"target": -2865.231462099133, "params": {"k_pid_pos": [1.7881124019622803, 0.040330708026885986, 0.0], "k_pid_alt": [1.796414852142334, 0.0, 1.0], "k_pid_att": [100.0, 9.999999747378752e-05, 1.0], "k_pid_yaw": [0.5, 1e-06, 0.1], "k_pid_hsp": [0.5366774201393127, 0.0, 0.9395571947097778], "k_pid_vsp": [30.133033752441406, 398.133544921875, 400.0]}, "datetime": {"datetime": "2025-08-14 01:40:21", "elapsed": 57149.56672215462, "delta": 28.915607452392578}, "costs": {"total_cost": 2865.231462099133, "time_cost": 150, "final_distance_cost": 599.4363946628224, "oscillation_cost": 594.3833897425723, "completition_cost": 888.8888888888888, "overshoot_cost": 567.9592935698553, "power_cost": 35.763729296875, "noise_cost": 28.799765938119034, "n_waypoints_completed": 1, "tot_waypoints": 9}}
{"target": -2116.131394650174, "params": {"k_pid_pos": [1.9590424299240112, 0.03064301609992981, 0.0], "k_pid_alt": [1.9656987190246582, 0.0, 0.9692423939704895], "k_pid_att": [100.0, 0.009585089981555939, 0.9535177946090698], "k_pid_yaw": [0.5, 1e-06, 0.1], "k_pid_hsp": [9.999999747378752e-05, 0.0023996829986572266, 0.9281611442565918], "k_pid_vsp": [25.903915405273438, 400.0, 378.5724182128906]}, "datetime": {"datetime": "2025-08-14 01:40:51", "elapsed": 57179.98974084854, "delta": 30.42301869392395}, "costs": {"total_cost": 2116.131394650174, "time_cost": 150, "final_distance_cost": 31.47098869402827, "oscillation_cost": 763.5915889346983, "completition_cost": 1000.0, "overshoot_cost": 77.68303013948797, "power_cost": 41.11149250488281, "noise_cost": 52.27429437707665, "n_waypoints_completed": 0, "tot_waypoints": 9}}
{"target": -2037.025069008589, "params": {"k_pid_pos": [2.0, 0.003755509853363037, 0.0], "k_pid_alt": [1.9720838069915771, 0.026219934225082397, 0.9970095157623291], "k_pid_att": [100.0, 9.999999747378752e-05, 0.9078877568244934], "k_pid_yaw": [0.5, 1e-06, 0.1], "k_pid_hsp": [0.453963965177536, 0.04110416769981384, 1.0], "k_pid_vsp": [29.166269302368164, 400.0, 400.0]}, "datetime": {"datetime": "2025-08-14 01:41:22", "elapsed": 57210.834433078766, "delta": 30.84469223022461}, "costs": {"total_cost": 2037.025069008589, "time_cost": 150, "final_distance_cost": 62.002972904214445, "oscillation_cost": 637.9968403443136, "completition_cost": 888.8888888888888, "overshoot_cost": 154.93044471543476, "power_cost": 44.70297420654297, "noise_cost": 98.50294794919472, "n_waypoints_completed": 1, "tot_waypoints": 9}}
{"target": -3530.446574589386, "params": {"k_pid_pos": [2.0, 0.060574233531951904, 0.0], "k_pid_alt": [1.9950553178787231, 0.0, 1.0], "k_pid_att": [92.5315170288086, 9.999999747378752e-05, 0.9309219121932983], "k_pid_yaw": [0.5, 1e-06, 0.1], "k_pid_hsp": [9.999999747378752e-05, 0.0009150207042694092, 1.0], "k_pid_vsp": [3.286302089691162, 400.0, 400.0]}, "datetime": {"datetime": "2025-08-14 01:41:52", "elapsed": 57240.943295001984, "delta": 30.108861923217773}, "costs": {"total_cost": 3530.446574589386, "time_cost": 150, "final_distance_cost": 553.3187382457609, "oscillation_cost": 806.0291786408645, "completition_cost": 1000.0, "overshoot_cost": 960.572972507106, "power_cost": 33.020057495117186, "noise_cost": 27.505627700537367, "n_waypoints_completed": 0, "tot_waypoints": 9}}
{"target": -1743.6713932534371, "params": {"k_pid_pos": [2.0, 0.040919214487075806, 0.0], "k_pid_alt": [1.9526803493499756, 0.0, 1.0], "k_pid_att": [100.0, 0.4323148727416992, 1.0], "k_pid_yaw": [0.5, 1e-06, 0.1], "k_pid_hsp": [0.762096643447876, 0.0, 1.0], "k_pid_vsp": [11.743391036987305, 396.86102294921875, 400.0]}, "datetime": {"datetime": "2025-08-14 01:42:22", "elapsed": 57270.5556538105, "delta": 29.612358808517456}, "costs": {"total_cost": 1743.6713932534371, "time_cost": 150, "final_distance_cost": 63.868022188967885, "oscillation_cost": 433.93800024169013, "completition_cost": 888.8888888888888, "overshoot_cost": 139.03600172131547, "power_cost": 37.807634375, "noise_cost": 30.13284583757488, "n_waypoints_completed": 1, "tot_waypoints": 9}}
{"target": -2207.034387501557, "params": {"k_pid_pos": [1.9404619932174683, 0.0, 0.01757103204727173], "k_pid_alt": [1.8884607553482056, 0.0, 0.9542399644851685], "k_pid_att": [100.0, 0.559486985206604, 1.0], "k_pid_yaw": [0.5, 1e-06, 0.1], "k_pid_hsp": [0.4630785882472992, 0.0, 1.0], "k_pid_vsp": [0.0, 400.0, 339.2362976074219]}, "datetime": {"datetime": "2025-08-14 01:42:52", "elapsed": 57301.01246094704, "delta": 30.456807136535645}, "costs": {"total_cost": 2207.034387501557, "time_cost": 150, "final_distance_cost": 190.19554050496134, "oscillation_cost": 665.8972218254512, "completition_cost": 888.8888888888888, "overshoot_cost": 249.07322540500792, "power_cost": 34.65122976074219, "noise_cost": 28.328281116504847, "n_waypoints_completed": 1, "tot_waypoints": 9}}
{"target": -4880.995092243914, "params": {"k_pid_pos": [1.967894434928894, 0.0, 0.05888444185256958], "k_pid_alt": [2.0, 0.05789542198181152, 0.9894732236862183], "k_pid_att": [98.52720642089844, 9.999999747378752e-05, 1.0], "k_pid_yaw": [0.5, 1e-06, 0.1], "k_pid_hsp": [9.999999747378752e-05, 0.04251617193222046, 1.0], "k_pid_vsp": [27.8348331451416, 376.3878479003906, 395.8603820800781]}, "datetime": {"datetime": "2025-08-14 01:43:23", "elapsed": 57331.32636809349, "delta": 30.313907146453857}, "costs": {"total_cost": 4880.995092243914, "time_cost": 150, "final_distance_cost": 751.1686555901404, "oscillation_cost": 849.6962122377689, "completition_cost": 1000.0, "overshoot_cost": 2070.5513832769907, "power_cost": 32.40963099365234, "noise_cost": 27.169210145362168, "n_waypoints_completed": 0, "tot_waypoints": 9}}
{"target": -2620.3600449182945, "params": {"k_pid_pos": [2.0, 0.0, 0.0], "k_pid_alt": [1.892198085784912, 0.07961618900299072, 1.0], "k_pid_att": [92.70426177978516, 0.1521022468805313, 1.0], "k_pid_yaw": [0.5, 1e-06, 0.1], "k_pid_hsp": [0.44616714119911194, 0.03649169206619263, 0.9630488157272339], "k_pid_vsp": [14.935111999511719, 376.4798278808594, 360.2608642578125]}, "datetime": {"datetime": "2025-08-14 01:43:55", "elapsed": 57363.211750268936, "delta": 31.885382175445557}, "costs": {"total_cost": 2620.3600449182945, "time_cost": 150, "final_distance_cost": 223.59322545792187, "oscillation_cost": 705.7954002496454, "completition_cost": 1000.0, "overshoot_cost": 473.56378476361294, "power_cost": 37.698606127929686, "noise_cost": 29.709028319183982, "n_waypoints_completed": 0, "tot_waypoints": 9}}
{"target": -6385.054074837218, "params": {"k_pid_pos": [1.9468038082122803, 0.0, 0.04466736316680908], "k_pid_alt": [2.0, 0.0, 0.9259899854660034], "k_pid_att": [95.59813690185547, 9.999999747378752e-05, 0.9561101198196411], "k_pid_yaw": [0.5, 1e-06, 0.1], "k_pid_hsp": [9.999999747378752e-05, 0.06536358594894409, 0.9510763883590698], "k_pid_vsp": [2.742910385131836, 394.681396484375, 400.0]}, "datetime": {"datetime": "2025-08-14 01:44:25", "elapsed": 57393.773302555084, "delta": 30.56155228614807}, "costs": {"total_cost": 6385.054074837218, "time_cost": 150, "final_distance_cost": 1504.4818656074226, "oscillation_cost": 804.6580549809161, "completition_cost": 1000.0, "overshoot_cost": 2863.7513909029058, "power_cost": 34.19124759521485, "noise_cost": 27.971515750758286, "n_waypoints_completed": 0, "tot_waypoints": 9}}
{"target": -3004.115875614613, "params": {"k_pid_pos": [1.8226211071014404, 0.007743746042251587, 0.08459001779556274], "k_pid_alt": [2.0, 0.0, 0.985197126865387], "k_pid_att": [98.45403289794922, 0.22679178416728973, 0.9304182529449463], "k_pid_yaw": [0.5, 1e-06, 0.1], "k_pid_hsp": [0.4642709791660309, 0.0, 0.9660468101501465], "k_pid_vsp": [0.0, 400.0, 391.5199890136719]}, "datetime": {"datetime": "2025-08-14 01:44:54", "elapsed": 57422.52998828888, "delta": 28.756685733795166}, "costs": {"total_cost": 3004.115875614613, "time_cost": 150, "final_distance_cost": 410.38650145647426, "oscillation_cost": 418.8416351147617, "completition_cost": 1000.0, "overshoot_cost": 959.2698438118265, "power_cost": 36.329031347656255, "noise_cost": 29.28886388389414, "n_waypoints_completed": 0, "tot_waypoints": 9}}
{"target": -2159.6833448101734, "params": {"k_pid_pos": [2.0, 0.0, 0.014079391956329346], "k_pid_alt": [1.8774654865264893, 0.0, 0.9967329502105713], "k_pid_att": [91.02679443359375, 9.999999747378752e-05, 0.9742575883865356], "k_pid_yaw": [0.5, 1e-06, 0.1], "k_pid_hsp": [0.4286828935146332, 0.0, 0.9774957895278931], "k_pid_vsp": [0.0, 369.049072265625, 380.77069091796875]}, "datetime": {"datetime": "2025-08-14 01:45:24", "elapsed": 57452.80530142784, "delta": 30.275313138961792}, "costs": {"total_cost": 2159.6833448101734, "time_cost": 150, "final_distance_cost": 6.526553299387915, "oscillation_cost": 702.9268874865019, "completition_cost": 1000.0, "overshoot_cost": 151.1481383064443, "power_cost": 42.99467819824219, "noise_cost": 106.0870875195971, "n_waypoints_completed": 0, "tot_waypoints": 9}}
{"target": -4463.743369358805, "params": {"k_pid_pos": [1.9450408220291138, 0.0, 0.04968184232711792], "k_pid_alt": [2.0, 0.014150679111480713, 0.9615131616592407], "k_pid_att": [100.0, 0.42597121000289917, 0.9299724102020264], "k_pid_yaw": [0.5, 1e-06, 0.1], "k_pid_hsp": [0.4088824391365051, 0.025675535202026367, 1.0], "k_pid_vsp": [13.875150680541992, 364.1748352050781, 400.0]}, "datetime": {"datetime": "2025-08-14 01:45:55", "elapsed": 57483.13279461861, "delta": 30.32749319076538}, "costs": {"total_cost": 4463.743369358805, "time_cost": 150, "final_distance_cost": 888.9555211484366, "oscillation_cost": 757.2133254154214, "completition_cost": 1000.0, "overshoot_cost": 1606.5919910584246, "power_cost": 33.151451171875, "noise_cost": 27.83108056464701, "n_waypoints_completed": 0, "tot_waypoints": 9}}
{"target": -2269.5414797503568, "params": {"k_pid_pos": [2.0, 0.01870676875114441, 0.0066581666469573975], "k_pid_alt": [2.0, 0.0, 1.0], "k_pid_att": [95.4722671508789, 9.999999747378752e-05, 1.0], "k_pid_yaw": [0.5, 1e-06, 0.1], "k_pid_hsp": [9.999999747378752e-05, 0.0, 1.0], "k_pid_vsp": [35.50114440917969, 400.0, 397.5091247558594]}, "datetime": {"datetime": "2025-08-14 01:46:25", "elapsed": 57513.34016728401, "delta": 30.207372665405273}, "costs": {"total_cost": 2269.5414797503568, "time_cost": 150, "final_distance_cost": 75.71598277635542, "oscillation_cost": 746.4204578649837, "completition_cost": 1000.0, "overshoot_cost": 209.72663809008176, "power_cost": 44.29146154785156, "noise_cost": 43.38693947108397, "n_waypoints_completed": 0, "tot_waypoints": 9}}
{"target": -3307.310182123924, "params": {"k_pid_pos": [1.8376823663711548, 0.0, 0.0], "k_pid_alt": [1.97794508934021, 0.09203636646270752, 1.0], "k_pid_att": [100.0, 0.2592509388923645, 0.9681848287582397], "k_pid_yaw": [0.5, 1e-06, 0.1], "k_pid_hsp": [9.999999747378752e-05, 0.0, 1.0], "k_pid_vsp": [13.934385299682617, 370.2484436035156, 400.0]}, "datetime": {"datetime": "2025-08-14 01:46:54", "elapsed": 57542.34490084648, "delta": 29.004733562469482}, "costs": {"total_cost": 3307.310182123924, "time_cost": 150, "final_distance_cost": 521.0742122818483, "oscillation_cost": 747.6814738563755, "completition_cost": 1000.0, "overshoot_cost": 826.8432571410299, "power_cost": 33.98834212646484, "noise_cost": 27.722896718205394, "n_waypoints_completed": 0, "tot_waypoints": 9}}
{"target": -5264.273062320167, "params": {"k_pid_pos": [1.873704195022583, 0.03648152947425842, 0.0], "k_pid_alt": [2.0, 0.0, 1.0], "k_pid_att": [100.0, 9.999999747378752e-05, 1.0], "k_pid_yaw": [0.5, 1e-06, 0.1], "k_pid_hsp": [0.36569154262542725, 0.0, 1.0], "k_pid_vsp": [4.495656490325928, 364.8609619140625, 377.3006286621094]}, "datetime": {"datetime": "2025-08-14 01:47:22", "elapsed": 57570.78607797623, "delta": 28.441177129745483}, "costs": {"total_cost": 5264.273062320167, "time_cost": 150, "final_distance_cost": 739.6210072793195, "oscillation_cost": 721.8727779203705, "completition_cost": 1000.0, "overshoot_cost": 2588.0621524232165, "power_cost": 36.38878442382813, "noise_cost": 28.328340273431895, "n_waypoints_completed": 0, "tot_waypoints": 9}}
{"target": -9057.77503396323, "params": {"k_pid_pos": [1.9336750507354736, 0.0670785903930664, 0.07322794198989868], "k_pid_alt": [1.8498079776763916, 0.0, 1.0], "k_pid_att": [100.0, 0.1556793749332428, 0.9446219205856323], "k_pid_yaw": [0.5, 1e-06, 0.1], "k_pid_hsp": [9.999999747378752e-05, 0.0, 1.0], "k_pid_vsp": [8.846771240234375, 398.3946838378906, 383.67962646484375]}, "datetime": {"datetime": "2025-08-14 01:47:55", "elapsed": 57603.180901288986, "delta": 32.3948233127594}, "costs": {"total_cost": 9057.77503396323, "time_cost": 150, "final_distance_cost": 2498.039703100487, "oscillation_cost": 769.4029530968295, "completition_cost": 1000.0, "overshoot_cost": 4579.080847102079, "power_cost": 33.65909991455078, "noise_cost": 27.592430749284706, "n_waypoints_completed": 0, "tot_waypoints": 9}}
{"target": -2803.6802456843334, "params": {"k_pid_pos": [2.0, 0.01734912395477295, 0.0], "k_pid_alt": [2.0, 0.0, 1.0], "k_pid_att": [92.05583190917969, 0.38127651810646057, 0.9761459827423096], "k_pid_yaw": [0.5, 1e-06, 0.1], "k_pid_hsp": [0.12347561120986938, 0.0, 0.9487131237983704], "k_pid_vsp": [21.362018585205078, 394.63995361328125, 378.1524963378906]}, "datetime": {"datetime": "2025-08-14 01:48:25", "elapsed": 57633.56839418411, "delta": 30.387492895126343}, "costs": {"total_cost": 2803.6802456843334, "time_cost": 150, "final_distance_cost": 499.1381935555864, "oscillation_cost": 753.3412342710965, "completition_cost": 1000.0, "overshoot_cost": 338.036164668232, "power_cost": 35.42334493408203, "noise_cost": 27.741308255336158, "n_waypoints_completed": 0, "tot_waypoints": 9}}
{"target": -4200.968900931544, "params": {"k_pid_pos": [1.8568109273910522, 0.0, 0.011233687400817871], "k_pid_alt": [1.974005937576294, 0.06330230832099915, 1.0], "k_pid_att": [100.0, 0.7775865197181702, 1.0], "k_pid_yaw": [0.5, 1e-06, 0.1], "k_pid_hsp": [0.1134365051984787, 0.016367822885513306, 0.9528687000274658], "k_pid_vsp": [0.0, 392.3512268066406, 400.0]}, "datetime": {"datetime": "2025-08-14 01:48:55", "elapsed": 57663.280271053314, "delta": 29.71187686920166}, "costs": {"total_cost": 4200.968900931544, "time_cost": 150, "final_distance_cost": 825.2325789717408, "oscillation_cost": 910.6449511138807, "completition_cost": 1000.0, "overshoot_cost": 1255.0020390123218, "power_cost": 32.75389993896484, "noise_cost": 27.335431894636624, "n_waypoints_completed": 0, "tot_waypoints": 9}}
{"target": -3115.733099866699, "params": {"k_pid_pos": [2.0, 0.035157203674316406, 0.038292765617370605], "k_pid_alt": [1.9979186058044434, 0.0, 1.0], "k_pid_att": [97.05986022949219, 9.999999747378752e-05, 1.0], "k_pid_yaw": [0.5, 1e-06, 0.1], "k_pid_hsp": [9.999999747378752e-05, 0.0, 1.0], "k_pid_vsp": [1.1243581771850586, 400.0, 384.6394348144531]}, "datetime": {"datetime": "2025-08-14 01:49:25", "elapsed": 57693.2698161602, "delta": 29.989545106887817}, "costs": {"total_cost": 3115.733099866699, "time_cost": 150, "final_distance_cost": 390.49511067164207, "oscillation_cost": 976.0143198195665, "completition_cost": 888.8888888888888, "overshoot_cost": 650.2908773711765, "power_cost": 33.16829194335938, "noise_cost": 26.875611172065796, "n_waypoints_completed": 1, "tot_waypoints": 9}}
