{"target": -567.5158020311292, "params": {"k_pid_pos": [0.8483837842941284, 0.6539994478225708, 0.29252320528030396], "k_pid_alt": [1.406944990158081, 0.46983417868614197, 0.9878647923469543], "k_pid_att": [18.139087677001953, 7.549678802490234, 0.9745232462882996], "k_pid_yaw": [0.5, 1e-06, 0.1], "k_pid_hsp": [0.6904993653297424, 0.7508450150489807, 0.2970029413700104], "k_pid_vsp": [356.6101989746094, 198.33522033691406, 23.88858985900879]}, "datetime": {"datetime": "2025-08-13 09:48:23", "elapsed": 31.521998167037964, "delta": 31.521998167037964}, "costs": {"total_cost": 567.5158020311292, "time_cost": 150, "final_distance_cost": 4.86385076435786, "oscillation_cost": 184.5753625994664, "completition_cost": 111.11111111111116, "overshoot_cost": 61.84792622184791, "power_cost": 27.838866076660157, "noise_cost": 27.278685257685712, "n_waypoints_completed": 8, "tot_waypoints": 9}}
{"target": -617.9814194281412, "params": {"k_pid_pos": [0.834597647190094, 0.3733650743961334, 0.12004280090332031], "k_pid_alt": [1.691122055053711, 0.4229610562324524, 0.031558841466903687], "k_pid_att": [47.53437805175781, 4.646487712860107, 0.7730330228805542], "k_pid_yaw": [0.5, 1e-06, 0.1], "k_pid_hsp": [9.525105476379395, 0.6035334467887878, 0.7034955620765686], "k_pid_vsp": [344.0795593261719, 242.7969970703125, 152.06556701660156]}, "datetime": {"datetime": "2025-08-13 09:48:50", "elapsed": 58.86595129966736, "delta": 27.343953132629395}, "costs": {"total_cost": 617.9814194281412, "time_cost": 109.221, "final_distance_cost": 1.7813821257992528, "oscillation_cost": 392.4094097065081, "completition_cost": 0.0, "overshoot_cost": 55.76853530218541, "power_cost": 32.470100793457036, "noise_cost": 26.33099150019134, "n_waypoints_completed": 9, "tot_waypoints": 9}}
{"target": -1449.186903112485, "params": {"k_pid_pos": [1.4282608032226562, 0.4596332907676697, 0.43541017174720764], "k_pid_alt": [0.2549506425857544, 0.3083180785179138, 0.3688560128211975], "k_pid_att": [12.672323226928711, 6.555160045623779, 0.24312999844551086], "k_pid_yaw": [0.5, 1e-06, 0.1], "k_pid_hsp": [5.521447658538818, 0.2703205347061157, 0.3877561092376709], "k_pid_vsp": [277.2677307128906, 31.567182540893555, 285.04547119140625]}, "datetime": {"datetime": "2025-08-13 09:49:20", "elapsed": 88.26047992706299, "delta": 29.39452862739563}, "costs": {"total_cost": 1449.186903112485, "time_cost": 150, "final_distance_cost": 51.683587017136794, "oscillation_cost": 449.98336964431707, "completition_cost": 666.6666666666667, "overshoot_cost": 67.81423755133278, "power_cost": 31.446330859375003, "noise_cost": 31.592711373656517, "n_waypoints_completed": 3, "tot_waypoints": 9}}
{"target": -532.867496055131, "params": {"k_pid_pos": [1.361457347869873, 0.7622029781341553, 0.08789324760437012], "k_pid_alt": [1.4141876697540283, 0.07894563674926758, 0.970289945602417], "k_pid_att": [20.807424545288086, 4.185256004333496, 0.17916741967201233], "k_pid_yaw": [0.5, 1e-06, 0.1], "k_pid_hsp": [6.646785259246826, 0.43668439984321594, 0.33580684661865234], "k_pid_vsp": [124.5029296875, 399.9922180175781, 160.4186553955078]}, "datetime": {"datetime": "2025-08-13 09:49:48", "elapsed": 116.08222436904907, "delta": 27.821744441986084}, "costs": {"total_cost": 532.867496055131, "time_cost": 107.961, "final_distance_cost": 1.76573171051829, "oscillation_cost": 307.2070813030103, "completition_cost": 0.0, "overshoot_cost": 53.892652326319606, "power_cost": 33.78426975097656, "noise_cost": 28.256760964306306, "n_waypoints_completed": 9, "tot_waypoints": 9}}
{"target": -958.927896718308, "params": {"k_pid_pos": [0.5692150592803955, 0.9005084037780762, 0.35355883836746216], "k_pid_alt": [1.4536383152008057, 0.07394617795944214, 0.11669781804084778], "k_pid_att": [58.99550247192383, 3.159491539001465, 0.10796287655830383], "k_pid_yaw": [0.5, 1e-06, 0.1], "k_pid_hsp": [2.3145439624786377, 0.4528110921382904, 0.5171583890914917], "k_pid_vsp": [187.21649169921875, 243.3575439453125, 45.4315299987793]}, "datetime": {"datetime": "2025-08-13 09:50:29", "elapsed": 157.33416724205017, "delta": 41.2519428730011}, "costs": {"total_cost": 958.927896718308, "time_cost": 150, "final_distance_cost": 77.87236590503748, "oscillation_cost": 268.9797567612542, "completition_cost": 333.33333333333337, "overshoot_cost": 67.39975030874236, "power_cost": 32.84311491699219, "noise_cost": 28.499575492948555, "n_waypoints_completed": 6, "tot_waypoints": 9}}
{"target": -1501.6651555347973, "params": {"k_pid_pos": [0.7872072458267212, 0.5152077078819275, 0.5019086599349976], "k_pid_alt": [0.838057279586792, 0.774483859539032, 0.6129473447799683], "k_pid_att": [7.845774173736572, 10.0, 0.47853073477745056], "k_pid_yaw": [0.5, 1e-06, 0.1], "k_pid_hsp": [5.633607864379883, 0.7136215567588806, 0.04704922437667847], "k_pid_vsp": [84.67103576660156, 40.252315521240234, 297.1327209472656]}, "datetime": {"datetime": "2025-08-13 09:51:00", "elapsed": 188.78340697288513, "delta": 31.44923973083496}, "costs": {"total_cost": 1501.6651555347973, "time_cost": 150, "final_distance_cost": 70.53059705426405, "oscillation_cost": 189.74078791401178, "completition_cost": 777.7777777777778, "overshoot_cost": 186.96169911996134, "power_cost": 32.25900498046875, "noise_cost": 94.39528868831344, "n_waypoints_completed": 2, "tot_waypoints": 9}}
{"target": -1361.504800342822, "params": {"k_pid_pos": [0.0747792199254036, 0.5068534016609192, 0.2689608931541443], "k_pid_alt": [0.8111201524734497, 0.07709109783172607, 0.8511521816253662], "k_pid_att": [78.54061126708984, 1.1864327192306519, 0.030333995819091797], "k_pid_yaw": [0.5, 1e-06, 0.1], "k_pid_hsp": [7.155531406402588, 0.8912190198898315, 0.8718730807304382], "k_pid_vsp": [308.1056213378906, 9.999999974752427e-07, 104.94780731201172]}, "datetime": {"datetime": "2025-08-13 09:51:31", "elapsed": 219.48503136634827, "delta": 30.701624393463135}, "costs": {"total_cost": 1361.504800342822, "time_cost": 150, "final_distance_cost": 44.8518129428738, "oscillation_cost": 490.6252554232836, "completition_cost": 555.5555555555555, "overshoot_cost": 50.8888581019856, "power_cost": 40.097869934082034, "noise_cost": 29.485448385041632, "n_waypoints_completed": 4, "tot_waypoints": 9}}
{"target": -1306.1045722988094, "params": {"k_pid_pos": [0.09935346245765686, 0.8913158774375916, 0.43091651797294617], "k_pid_alt": [0.5371711254119873, 0.470665842294693, 0.23850423097610474], "k_pid_att": [31.138193130493164, 7.263247489929199, 0.414337694644928], "k_pid_yaw": [0.5, 1e-06, 0.1], "k_pid_hsp": [7.420715808868408, 0.7635385394096375, 0.43533122539520264], "k_pid_vsp": [330.4086608886719, 41.6595344543457, 266.7420959472656]}, "datetime": {"datetime": "2025-08-13 09:52:00", "elapsed": 248.87329626083374, "delta": 29.388264894485474}, "costs": {"total_cost": 1306.1045722988094, "time_cost": 150, "final_distance_cost": 58.22022332143939, "oscillation_cost": 282.15728986698934, "completition_cost": 666.6666666666667, "overshoot_cost": 61.358153133218785, "power_cost": 45.6556738647461, "noise_cost": 42.04656544574889, "n_waypoints_completed": 3, "tot_waypoints": 9}}
{"target": -1615.9491354655702, "params": {"k_pid_pos": [0.16999311745166779, 0.7793551683425903, 0.4881300926208496], "k_pid_alt": [1.6020991802215576, 0.23751413822174072, 0.6115613579750061], "k_pid_att": [73.10688781738281, 9.653473854064941, 0.7428930401802063], "k_pid_yaw": [0.5, 1e-06, 0.1], "k_pid_hsp": [7.556920528411865, 0.949393630027771, 0.3850298821926117], "k_pid_vsp": [56.35291290283203, 297.11224365234375, 320.660888671875]}, "datetime": {"datetime": "2025-08-13 09:52:32", "elapsed": 281.0312600135803, "delta": 32.15796375274658}, "costs": {"total_cost": 1615.9491354655702, "time_cost": 150, "final_distance_cost": 63.717874239362885, "oscillation_cost": 488.5084572442677, "completition_cost": 777.7777777777778, "overshoot_cost": 64.91777636617716, "power_cost": 38.83777766113281, "noise_cost": 32.189472176851915, "n_waypoints_completed": 2, "tot_waypoints": 9}}
{"target": -574.5077247930891, "params": {"k_pid_pos": [1.5244935750961304, 0.047813594341278076, 0.8946608901023865], "k_pid_alt": [1.2462650537490845, 0.7556952238082886, 0.0], "k_pid_att": [41.2034912109375, 5.024506092071533, 0.4442560374736786], "k_pid_yaw": [0.5, 1e-06, 0.1], "k_pid_hsp": [8.827337265014648, 0.31086403131484985, 0.26509618759155273], "k_pid_vsp": [374.4011535644531, 400.0, 340.5028381347656]}, "datetime": {"datetime": "2025-08-13 09:53:02", "elapsed": 310.28851556777954, "delta": 29.25725555419922}, "costs": {"total_cost": 574.5077247930891, "time_cost": 93.95400000000001, "final_distance_cost": 1.8356231935544445, "oscillation_cost": 369.6250149628418, "completition_cost": 0.0, "overshoot_cost": 59.607196944405004, "power_cost": 26.91818688964844, "noise_cost": 22.567702802639435, "n_waypoints_completed": 9, "tot_waypoints": 9}}
{"target": -673.0072597589173, "params": {"k_pid_pos": [0.9998130798339844, 0.17189085483551025, 0.8166381120681763], "k_pid_alt": [1.466125249862671, 0.48490142822265625, 0.38780370354652405], "k_pid_att": [9.866982460021973, 4.557497978210449, 1.0], "k_pid_yaw": [0.5, 1e-06, 0.1], "k_pid_hsp": [5.693894386291504, 0.32276037335395813, 0.6449101567268372], "k_pid_vsp": [265.7123107910156, 161.1291961669922, 264.80908203125]}, "datetime": {"datetime": "2025-08-13 09:53:33", "elapsed": 341.55859208106995, "delta": 31.270076513290405}, "costs": {"total_cost": 673.0072597589173, "time_cost": 150, "final_distance_cost": 25.416121091949794, "oscillation_cost": 261.18642473163953, "completition_cost": 111.11111111111116, "overshoot_cost": 73.36067799174995, "power_cost": 27.04747644042969, "noise_cost": 24.88544839203701, "n_waypoints_completed": 8, "tot_waypoints": 9}}
{"target": -1396.1144489251326, "params": {"k_pid_pos": [1.4796406030654907, 0.6075458526611328, 0.27104559540748596], "k_pid_alt": [0.0, 0.9114842414855957, 0.9076042175292969], "k_pid_att": [64.63999938964844, 7.593765735626221, 0.18806949257850647], "k_pid_yaw": [0.5, 1e-06, 0.1], "k_pid_hsp": [5.489243030548096, 0.3067968487739563, 0.7875592112541199], "k_pid_vsp": [10.193920135498047, 156.67677307128906, 274.39599609375]}, "datetime": {"datetime": "2025-08-13 09:54:12", "elapsed": 380.27162075042725, "delta": 38.7130286693573}, "costs": {"total_cost": 1396.1144489251326, "time_cost": 150, "final_distance_cost": 49.873170382108086, "oscillation_cost": 358.7484383299833, "completition_cost": 666.6666666666667, "overshoot_cost": 80.57806638492208, "power_cost": 36.097605944824224, "noise_cost": 54.15050121662829, "n_waypoints_completed": 3, "tot_waypoints": 9}}
{"target": -1058.9870570393728, "params": {"k_pid_pos": [0.5977007150650024, 0.8578150868415833, 0.2076812982559204], "k_pid_alt": [0.11644792556762695, 0.6022859811782837, 0.547709584236145], "k_pid_att": [82.16963958740234, 4.907063961029053, 0.9431144595146179], "k_pid_yaw": [0.5, 1e-06, 0.1], "k_pid_hsp": [8.44621467590332, 0.9217177629470825, 0.12132534384727478], "k_pid_vsp": [81.48114776611328, 229.78948974609375, 110.858154296875]}, "datetime": {"datetime": "2025-08-13 09:54:43", "elapsed": 411.6195890903473, "delta": 31.347968339920044}, "costs": {"total_cost": 1058.9870570393728, "time_cost": 150, "final_distance_cost": 68.08281863250873, "oscillation_cost": 384.9620494269147, "completition_cost": 333.33333333333337, "overshoot_cost": 63.585983665506795, "power_cost": 31.652833264160158, "noise_cost": 27.370038716948986, "n_waypoints_completed": 6, "tot_waypoints": 9}}
{"target": -1253.1795522827933, "params": {"k_pid_pos": [9.999999747378752e-05, 0.3029460310935974, 0.25015199184417725], "k_pid_alt": [1.0326963663101196, 0.007229208946228027, 0.5833287835121155], "k_pid_att": [9.182071685791016, 5.119354724884033, 0.570534348487854], "k_pid_yaw": [0.5, 1e-06, 0.1], "k_pid_hsp": [7.019588947296143, 0.06824380159378052, 0.6924244165420532], "k_pid_vsp": [158.61961364746094, 86.13545989990234, 9.999999974752427e-07]}, "datetime": {"datetime": "2025-08-13 09:55:15", "elapsed": 443.11314868927, "delta": 31.49355959892273}, "costs": {"total_cost": 1253.1795522827933, "time_cost": 150, "final_distance_cost": 50.244610312859095, "oscillation_cost": 257.99862752101893, "completition_cost": 666.6666666666667, "overshoot_cost": 79.67654143935327, "power_cost": 18.773926525878906, "noise_cost": 29.819179817016224, "n_waypoints_completed": 3, "tot_waypoints": 9}}
{"target": -795.5069178385238, "params": {"k_pid_pos": [0.2564193904399872, 0.29169172048568726, 0.9303514957427979], "k_pid_alt": [0.8709381818771362, 0.6445107460021973, 0.5873429775238037], "k_pid_att": [2.8947412967681885, 5.853761196136475, 0.6005678176879883], "k_pid_yaw": [0.5, 1e-06, 0.1], "k_pid_hsp": [7.582122325897217, 0.308422327041626, 0.3040083348751068], "k_pid_vsp": [267.7765808105469, 258.8600158691406, 167.92991638183594]}, "datetime": {"datetime": "2025-08-13 09:55:47", "elapsed": 475.18266916275024, "delta": 32.069520473480225}, "costs": {"total_cost": 795.5069178385238, "time_cost": 150, "final_distance_cost": 74.62382471749766, "oscillation_cost": 126.11288464120221, "completition_cost": 333.33333333333337, "overshoot_cost": 60.15562395114693, "power_cost": 25.872412463378907, "noise_cost": 25.408838731964803, "n_waypoints_completed": 6, "tot_waypoints": 9}}
{"target": -535.9165543670248, "params": {"k_pid_pos": [1.5615732669830322, 0.0023577511310577393, 0.20939043164253235], "k_pid_alt": [0.8974698185920715, 0.859512448310852, 0.5439519286155701], "k_pid_att": [60.64112091064453, 6.3441667556762695, 0.8203056454658508], "k_pid_yaw": [0.5, 1e-06, 0.1], "k_pid_hsp": [3.3926992416381836, 0.24750632047653198, 0.5937544703483582], "k_pid_vsp": [400.0, 154.25131225585938, 22.275663375854492]}, "datetime": {"datetime": "2025-08-13 09:56:10", "elapsed": 498.66668939590454, "delta": 23.484020233154297}, "costs": {"total_cost": 535.9165543670248, "time_cost": 97.916, "final_distance_cost": 1.7415991577515026, "oscillation_cost": 317.0523005414181, "completition_cost": 0.0, "overshoot_cost": 62.19394246568865, "power_cost": 31.620578552246094, "noise_cost": 25.39213364992045, "n_waypoints_completed": 9, "tot_waypoints": 9}}
{"target": -1174.267369405438, "params": {"k_pid_pos": [1.0327279567718506, 0.8681182265281677, 0.2505247890949249], "k_pid_alt": [1.4876019954681396, 0.18454697728157043, 0.10861867666244507], "k_pid_att": [95.86397552490234, 9.115521430969238, 0.8993309736251831], "k_pid_yaw": [0.5, 1e-06, 0.1], "k_pid_hsp": [0.7252607345581055, 0.3404843211174011, 0.8764359951019287], "k_pid_vsp": [123.01972198486328, 97.62503814697266, 58.838008880615234]}, "datetime": {"datetime": "2025-08-13 09:56:39", "elapsed": 527.400520324707, "delta": 28.73383092880249}, "costs": {"total_cost": 1174.267369405438, "time_cost": 150, "final_distance_cost": 62.41552790033224, "oscillation_cost": 497.4052597914452, "completition_cost": 333.33333333333337, "overshoot_cost": 65.93746809436436, "power_cost": 36.664515356445314, "noise_cost": 28.511264929517857, "n_waypoints_completed": 6, "tot_waypoints": 9}}
{"target": -848.5869564814665, "params": {"k_pid_pos": [1.383712649345398, 0.5695933699607849, 0.26983553171157837], "k_pid_alt": [1.4691076278686523, 0.08693426847457886, 0.6255891919136047], "k_pid_att": [35.63950729370117, 1.397376298904419, 1.0], "k_pid_yaw": [0.5, 1e-06, 0.1], "k_pid_hsp": [3.854823589324951, 0.062469810247421265, 0.4016939699649811], "k_pid_vsp": [394.3056945800781, 129.80018615722656, 51.160682678222656]}, "datetime": {"datetime": "2025-08-13 09:57:07", "elapsed": 556.0084266662598, "delta": 28.607906341552734}, "costs": {"total_cost": 848.5869564814665, "time_cost": 150, "final_distance_cost": 60.915307508102345, "oscillation_cost": 381.20457999645527, "completition_cost": 111.11111111111116, "overshoot_cost": 60.687228116866336, "power_cost": 44.33486491699219, "noise_cost": 40.33386483193915, "n_waypoints_completed": 8, "tot_waypoints": 9}}
{"target": -1592.8161824525603, "params": {"k_pid_pos": [0.7785055637359619, 0.6851007342338562, 0.39704981446266174], "k_pid_alt": [0.9262201189994812, 0.86949223279953, 0.2792021632194519], "k_pid_att": [72.9369125366211, 8.99211597442627, 0.8008472919464111], "k_pid_yaw": [0.5, 1e-06, 0.1], "k_pid_hsp": [7.78356409072876, 0.7834084033966064, 0.6049966216087341], "k_pid_vsp": [121.3380126953125, 365.858154296875, 268.3507080078125]}, "datetime": {"datetime": "2025-08-13 09:57:35", "elapsed": 584.0594508647919, "delta": 28.051024198532104}, "costs": {"total_cost": 1592.8161824525603, "time_cost": 150, "final_distance_cost": 55.158762387248466, "oscillation_cost": 591.6256992508987, "completition_cost": 666.6666666666667, "overshoot_cost": 73.39896546373026, "power_cost": 28.646838049316408, "noise_cost": 27.31925063469978, "n_waypoints_completed": 3, "tot_waypoints": 9}}
{"target": -1151.5179915803435, "params": {"k_pid_pos": [1.1456807851791382, 0.011198699474334717, 0.28206342458724976], "k_pid_alt": [1.1454524993896484, 0.358262836933136, 0.004816979169845581], "k_pid_att": [33.32615661621094, 6.8976545333862305, 0.11291363835334778], "k_pid_yaw": [0.5, 1e-06, 0.1], "k_pid_hsp": [0.7391785979270935, 0.17820703983306885, 0.6044025421142578], "k_pid_vsp": [203.2570343017578, 229.37112426757812, 75.91905212402344]}, "datetime": {"datetime": "2025-08-13 09:58:04", "elapsed": 612.7538347244263, "delta": 28.6943838596344}, "costs": {"total_cost": 1151.5179915803435, "time_cost": 150, "final_distance_cost": 68.0215330201574, "oscillation_cost": 596.4338182641209, "completition_cost": 222.2222222222222, "overshoot_cost": 57.885661260120905, "power_cost": 29.767649938964844, "noise_cost": 27.187106874757166, "n_waypoints_completed": 7, "tot_waypoints": 9}}
{"target": -994.6655550253429, "params": {"k_pid_pos": [0.345397412776947, 0.6466976404190063, 0.045951396226882935], "k_pid_alt": [0.06421923637390137, 0.6541842818260193, 0.6146538853645325], "k_pid_att": [35.56877136230469, 3.321956157684326, 0.5161110162734985], "k_pid_yaw": [0.5, 1e-06, 0.1], "k_pid_hsp": [10.0, 0.17739608883857727, 0.16176483035087585], "k_pid_vsp": [249.291259765625, 362.23333740234375, 26.57665252685547]}, "datetime": {"datetime": "2025-08-13 09:58:32", "elapsed": 640.6344664096832, "delta": 27.880631685256958}, "costs": {"total_cost": 994.6655550253429, "time_cost": 150, "final_distance_cost": 55.78099570224147, "oscillation_cost": 336.4528990082785, "completition_cost": 333.33333333333337, "overshoot_cost": 56.16517695126191, "power_cost": 32.77785926513672, "noise_cost": 30.155290765090903, "n_waypoints_completed": 6, "tot_waypoints": 9}}
{"target": -2275.6204386306317, "params": {"k_pid_pos": [0.11401272565126419, 0.057428717613220215, 0.30124008655548096], "k_pid_alt": [1.1837105751037598, 0.36654895544052124, 0.028620243072509766], "k_pid_att": [71.93773651123047, 4.163443565368652, 0.9398758411407471], "k_pid_yaw": [0.5, 1e-06, 0.1], "k_pid_hsp": [1.4946247339248657, 0.4502415060997009, 0.8969007730484009], "k_pid_vsp": [262.1596374511719, 186.55050659179688, 339.15289306640625]}, "datetime": {"datetime": "2025-08-13 09:59:00", "elapsed": 668.8970608711243, "delta": 28.26259446144104}, "costs": {"total_cost": 2275.6204386306317, "time_cost": 150, "final_distance_cost": 161.2007627468935, "oscillation_cost": 731.62898759682, "completition_cost": 1000.0, "overshoot_cost": 179.99333413133695, "power_cost": 27.30752742919922, "noise_cost": 25.489826726382063, "n_waypoints_completed": 0, "tot_waypoints": 9}}
{"target": -1397.3072147708676, "params": {"k_pid_pos": [0.6943736672401428, 0.7583765983581543, 0.49809208512306213], "k_pid_alt": [0.37587952613830566, 0.3956877589225769, 0.050369858741760254], "k_pid_att": [78.89899444580078, 4.734872341156006, 0.293673038482666], "k_pid_yaw": [0.5, 1e-06, 0.1], "k_pid_hsp": [3.411116361618042, 0.28090912103652954, 0.3091750741004944], "k_pid_vsp": [316.10821533203125, 9.999999974752427e-07, 143.7295379638672]}, "datetime": {"datetime": "2025-08-13 09:59:28", "elapsed": 696.5367913246155, "delta": 27.63973045349121}, "costs": {"total_cost": 1397.3072147708676, "time_cost": 150, "final_distance_cost": 46.400350874881156, "oscillation_cost": 529.2141211650048, "completition_cost": 555.5555555555555, "overshoot_cost": 52.261259714221524, "power_cost": 34.71440135498047, "noise_cost": 29.161526106224102, "n_waypoints_completed": 4, "tot_waypoints": 9}}
{"target": -1615.5194078768407, "params": {"k_pid_pos": [0.0730990469455719, 0.5566843748092651, 0.7310155630111694], "k_pid_alt": [0.8661675453186035, 0.28008773922920227, 0.9793055057525635], "k_pid_att": [81.30042266845703, 3.895573139190674, 0.18792566657066345], "k_pid_yaw": [0.5, 1e-06, 0.1], "k_pid_hsp": [7.971169471740723, 0.9052597284317017, 0.39357274770736694], "k_pid_vsp": [286.2557067871094, 24.468828201293945, 157.6079559326172]}, "datetime": {"datetime": "2025-08-13 09:59:57", "elapsed": 725.5499486923218, "delta": 29.0131573677063}, "costs": {"total_cost": 1615.5194078768407, "time_cost": 150, "final_distance_cost": 54.59734811457669, "oscillation_cost": 628.6055542935717, "completition_cost": 666.6666666666667, "overshoot_cost": 58.94877674879178, "power_cost": 29.898525329589845, "noise_cost": 26.80253672364412, "n_waypoints_completed": 3, "tot_waypoints": 9}}
