{"target": -2194.725043724433, "params": {"k_pid_pos": [2.0, 0.0, 0.0], "k_pid_alt": [2.0, 0.0, 1.0], "k_pid_att": [100.0, 9.999999747378752e-05, 1.0], "k_pid_yaw": [0.5, 1e-06, 0.1], "k_pid_hsp": [9.999999747378752e-05, 0.0, 0.9427714347839355], "k_pid_vsp": [10.509002685546875, 390.1008605957031, 400.0]}, "datetime": {"datetime": "2025-08-13 21:44:52", "elapsed": 43020.34340643883, "delta": 31.053632497787476}, "costs": {"total_cost": 2194.725043724433, "time_cost": 150, "final_distance_cost": 60.827291392783536, "oscillation_cost": 717.614816957792, "completition_cost": 1000.0, "overshoot_cost": 145.3723095624917, "power_cost": 42.243748864746095, "noise_cost": 78.66687694661955, "n_waypoints_completed": 0, "tot_waypoints": 9}}
{"target": -2144.980110034227, "params": {"k_pid_pos": [1.9954512119293213, 0.0, 0.011494159698486328], "k_pid_alt": [2.0, 0.0, 1.0], "k_pid_att": [98.55299377441406, 9.999999747378752e-05, 1.0], "k_pid_yaw": [0.5, 1e-06, 0.1], "k_pid_hsp": [9.999999747378752e-05, 0.0, 0.980813205242157], "k_pid_vsp": [0.0, 398.9142761230469, 365.1733703613281]}, "datetime": {"datetime": "2025-08-13 21:45:21", "elapsed": 43049.351764678955, "delta": 29.008358240127563}, "costs": {"total_cost": 2144.980110034227, "time_cost": 150, "final_distance_cost": 50.46240562125285, "oscillation_cost": 714.358405335293, "completition_cost": 1000.0, "overshoot_cost": 141.53574379712575, "power_cost": 41.78983266601563, "noise_cost": 46.83372261454, "n_waypoints_completed": 0, "tot_waypoints": 9}}
{"target": -2522.983622209139, "params": {"k_pid_pos": [1.9340317249298096, 0.024168044328689575, 0.03645932674407959], "k_pid_alt": [1.8193962574005127, 0.0, 1.0], "k_pid_att": [100.0, 0.09928054362535477, 1.0], "k_pid_yaw": [0.5, 1e-06, 0.1], "k_pid_hsp": [9.999999747378752e-05, 0.053355246782302856, 1.0], "k_pid_vsp": [11.467981338500977, 400.0, 393.1622619628906]}, "datetime": {"datetime": "2025-08-13 21:45:50", "elapsed": 43078.97466826439, "delta": 29.62290358543396}, "costs": {"total_cost": 2522.983622209139, "time_cost": 150, "final_distance_cost": 225.18681274957535, "oscillation_cost": 779.8194189311561, "completition_cost": 1000.0, "overshoot_cost": 295.6682809661761, "power_cost": 39.872260009765625, "noise_cost": 32.436849552465404, "n_waypoints_completed": 0, "tot_waypoints": 9}}
{"target": -4246.5282309951635, "params": {"k_pid_pos": [2.0, 0.03587237000465393, 0.09296754002571106], "k_pid_alt": [1.9191725254058838, 0.0, 1.0], "k_pid_att": [100.0, 9.999999747378752e-05, 0.9635767340660095], "k_pid_yaw": [0.5, 1e-06, 0.1], "k_pid_hsp": [0.5076287984848022, 0.0, 1.0], "k_pid_vsp": [16.503704071044922, 388.8880615234375, 400.0]}, "datetime": {"datetime": "2025-08-13 21:46:20", "elapsed": 43108.52366423607, "delta": 29.548995971679688}, "costs": {"total_cost": 4246.5282309951635, "time_cost": 150, "final_distance_cost": 711.8333005724238, "oscillation_cost": 661.7207187289159, "completition_cost": 1000.0, "overshoot_cost": 1659.0551519356763, "power_cost": 35.24752691650391, "noise_cost": 28.67153284164331, "n_waypoints_completed": 0, "tot_waypoints": 9}}
{"target": -3965.7023838282194, "params": {"k_pid_pos": [1.827980399131775, 0.002723127603530884, 0.0], "k_pid_alt": [1.939902663230896, 0.0, 0.9103502631187439], "k_pid_att": [99.92143249511719, 0.4240674674510956, 0.8971785306930542], "k_pid_yaw": [0.5, 1e-06, 0.1], "k_pid_hsp": [9.999999747378752e-05, 0.02438586950302124, 0.962690532207489], "k_pid_vsp": [4.7737956047058105, 373.32391357421875, 371.4549560546875]}, "datetime": {"datetime": "2025-08-13 21:46:51", "elapsed": 43139.60567498207, "delta": 31.082010746002197}, "costs": {"total_cost": 3965.7023838282194, "time_cost": 150, "final_distance_cost": 757.6392273631996, "oscillation_cost": 831.6616080914415, "completition_cost": 1000.0, "overshoot_cost": 1165.141969014867, "power_cost": 33.7190678100586, "noise_cost": 27.540511548653, "n_waypoints_completed": 0, "tot_waypoints": 9}}
{"target": -2142.344497836508, "params": {"k_pid_pos": [2.0, 0.02171701192855835, 0.0], "k_pid_alt": [1.922935128211975, 0.012926876544952393, 1.0], "k_pid_att": [100.0, 0.07313284277915955, 0.949614942073822], "k_pid_yaw": [0.5, 1e-06, 0.1], "k_pid_hsp": [0.033314358443021774, 0.032747358083724976, 0.9957808256149292], "k_pid_vsp": [0.0, 380.8299865722656, 400.0]}, "datetime": {"datetime": "2025-08-13 21:47:20", "elapsed": 43168.1865632534, "delta": 28.580888271331787}, "costs": {"total_cost": 2142.344497836508, "time_cost": 150, "final_distance_cost": 151.30381786823722, "oscillation_cost": 779.015558785464, "completition_cost": 888.8888888888888, "overshoot_cost": 111.32771447920761, "power_cost": 34.43354528808594, "noise_cost": 27.37497252662368, "n_waypoints_completed": 1, "tot_waypoints": 9}}
{"target": -3394.2309589431256, "params": {"k_pid_pos": [2.0, 0.0, 0.0], "k_pid_alt": [2.0, 0.0, 1.0], "k_pid_att": [100.0, 9.999999747378752e-05, 1.0], "k_pid_yaw": [0.5, 1e-06, 0.1], "k_pid_hsp": [0.3860624134540558, 0.10831335186958313, 1.0], "k_pid_vsp": [0.0, 400.0, 380.16741943359375]}, "datetime": {"datetime": "2025-08-13 21:47:48", "elapsed": 43196.78033947945, "delta": 28.5937762260437}, "costs": {"total_cost": 3394.2309589431256, "time_cost": 150, "final_distance_cost": 704.086195828649, "oscillation_cost": 633.4418979606203, "completition_cost": 888.8888888888888, "overshoot_cost": 953.2698132995033, "power_cost": 35.84478826904297, "noise_cost": 28.699374696421117, "n_waypoints_completed": 1, "tot_waypoints": 9}}
{"target": -1613.9924335623832, "params": {"k_pid_pos": [2.0, 0.0, 0.0], "k_pid_alt": [2.0, 0.0, 0.9608150720596313], "k_pid_att": [100.0, 9.999999747378752e-05, 0.9297752380371094], "k_pid_yaw": [0.5, 1e-06, 0.1], "k_pid_hsp": [0.7235795855522156, 0.0, 0.9956860542297363], "k_pid_vsp": [35.89649200439453, 381.1772766113281, 393.9815979003906]}, "datetime": {"datetime": "2025-08-13 21:48:19", "elapsed": 43227.48827958107, "delta": 30.707940101623535}, "costs": {"total_cost": 1613.9924335623832, "time_cost": 150, "final_distance_cost": 110.08430656251899, "oscillation_cost": 392.952133075692, "completition_cost": 777.7777777777778, "overshoot_cost": 108.24930190088244, "power_cost": 40.09930007324219, "noise_cost": 34.82961417226971, "n_waypoints_completed": 2, "tot_waypoints": 9}}
{"target": -1961.9403231425626, "params": {"k_pid_pos": [1.9974019527435303, 0.050341248512268066, 0.052967071533203125], "k_pid_alt": [2.0, 0.023715108633041382, 1.0], "k_pid_att": [100.0, 0.02067442238330841, 0.9804396629333496], "k_pid_yaw": [0.5, 1e-06, 0.1], "k_pid_hsp": [0.6894294619560242, 0.0, 0.8448907732963562], "k_pid_vsp": [0.7695198059082031, 377.9200439453125, 384.90594482421875]}, "datetime": {"datetime": "2025-08-13 21:48:49", "elapsed": 43257.86276054382, "delta": 30.374480962753296}, "costs": {"total_cost": 1961.9403231425626, "time_cost": 150, "final_distance_cost": 48.60893497505259, "oscillation_cost": 487.21582476099024, "completition_cost": 888.8888888888888, "overshoot_cost": 307.2077169193458, "power_cost": 37.25666967773438, "noise_cost": 42.76228792055101, "n_waypoints_completed": 1, "tot_waypoints": 9}}
{"target": -3296.1051250200867, "params": {"k_pid_pos": [2.0, 0.0, 0.06671145558357239], "k_pid_alt": [1.9394994974136353, 0.0, 1.0], "k_pid_att": [94.20800018310547, 0.6931014060974121, 1.0], "k_pid_yaw": [0.5, 1e-06, 0.1], "k_pid_hsp": [0.012388864532113075, 0.009683489799499512, 1.0], "k_pid_vsp": [30.99966049194336, 388.7384338378906, 400.0]}, "datetime": {"datetime": "2025-08-13 21:49:18", "elapsed": 43286.89311385155, "delta": 29.030353307724}, "costs": {"total_cost": 3296.1051250200867, "time_cost": 150, "final_distance_cost": 536.100249993066, "oscillation_cost": 757.0737478232377, "completition_cost": 1000.0, "overshoot_cost": 787.53753639116, "power_cost": 36.44657745361328, "noise_cost": 28.947013359009638, "n_waypoints_completed": 0, "tot_waypoints": 9}}
{"target": -1856.2110582988364, "params": {"k_pid_pos": [2.0, 0.07035911083221436, 0.01386311650276184], "k_pid_alt": [2.0, 0.0, 0.9707808494567871], "k_pid_att": [100.0, 0.06251467764377594, 0.9878586530685425], "k_pid_yaw": [0.5, 1e-06, 0.1], "k_pid_hsp": [9.999999747378752e-05, 0.02840322256088257, 1.0], "k_pid_vsp": [41.70024490356445, 400.0, 372.9769592285156]}, "datetime": {"datetime": "2025-08-13 21:49:49", "elapsed": 43317.289456129074, "delta": 30.396342277526855}, "costs": {"total_cost": 1856.2110582988364, "time_cost": 150, "final_distance_cost": 63.741319641860755, "oscillation_cost": 754.9486060382288, "completition_cost": 777.7777777777778, "overshoot_cost": 42.78652134211057, "power_cost": 38.45903552246094, "noise_cost": 28.49779797639748, "n_waypoints_completed": 2, "tot_waypoints": 9}}
{"target": -1776.0062629616452, "params": {"k_pid_pos": [1.908250331878662, 0.0, 0.026649057865142822], "k_pid_alt": [1.9234274625778198, 0.009490877389907837, 1.0], "k_pid_att": [100.0, 9.999999747378752e-05, 1.0], "k_pid_yaw": [0.5, 1e-06, 0.1], "k_pid_hsp": [0.6388640999794006, 0.07159116864204407, 1.0], "k_pid_vsp": [10.99489974975586, 400.0, 394.344482421875]}, "datetime": {"datetime": "2025-08-13 21:50:18", "elapsed": 43346.22697520256, "delta": 28.937519073486328}, "costs": {"total_cost": 1776.0062629616452, "time_cost": 150, "final_distance_cost": 85.31260339474274, "oscillation_cost": 427.1862262956205, "completition_cost": 888.8888888888888, "overshoot_cost": 114.18612211501562, "power_cost": 41.663845043945315, "noise_cost": 68.76857722343222, "n_waypoints_completed": 1, "tot_waypoints": 9}}
{"target": -6881.172295574212, "params": {"k_pid_pos": [2.0, 0.011789679527282715, 0.0], "k_pid_alt": [1.9032506942749023, 0.0, 0.8362951278686523], "k_pid_att": [97.23727416992188, 0.060099225491285324, 1.0], "k_pid_yaw": [0.5, 1e-06, 0.1], "k_pid_hsp": [0.12763209640979767, 0.016636759042739868, 1.0], "k_pid_vsp": [10.547578811645508, 395.07275390625, 385.9789123535156]}, "datetime": {"datetime": "2025-08-13 21:50:47", "elapsed": 43375.35312819481, "delta": 29.126152992248535}, "costs": {"total_cost": 6881.172295574212, "time_cost": 150, "final_distance_cost": 1596.1392901315853, "oscillation_cost": 903.557304566797, "completition_cost": 1000.0, "overshoot_cost": 3170.66191726644, "power_cost": 33.43400511474609, "noise_cost": 27.379778494642366, "n_waypoints_completed": 0, "tot_waypoints": 9}}
{"target": -2286.0531999080004, "params": {"k_pid_pos": [1.924293875694275, 0.04233792424201965, 0.0], "k_pid_alt": [2.0, 0.0, 0.9381076097488403], "k_pid_att": [98.37362670898438, 9.999999747378752e-05, 0.9803242683410645], "k_pid_yaw": [0.5, 1e-06, 0.1], "k_pid_hsp": [9.999999747378752e-05, 0.015334278345108032, 1.0], "k_pid_vsp": [0.0, 400.0, 399.30853271484375]}, "datetime": {"datetime": "2025-08-13 21:51:16", "elapsed": 43404.69080209732, "delta": 29.337673902511597}, "costs": {"total_cost": 2286.0531999080004, "time_cost": 150, "final_distance_cost": 141.01862035591597, "oscillation_cost": 791.7495416436091, "completition_cost": 1000.0, "overshoot_cost": 141.69770187156715, "power_cost": 34.108528527832036, "noise_cost": 27.47880750907655, "n_waypoints_completed": 0, "tot_waypoints": 9}}
{"target": -2889.453122273351, "params": {"k_pid_pos": [1.81011962890625, 0.11214858293533325, 0.0], "k_pid_alt": [2.0, 0.0, 1.0], "k_pid_att": [97.86660766601562, 9.999999747378752e-05, 0.9171282052993774], "k_pid_yaw": [0.5, 1e-06, 0.1], "k_pid_hsp": [0.1437368094921112, 0.0, 1.0], "k_pid_vsp": [46.94308090209961, 400.0, 369.98040771484375]}, "datetime": {"datetime": "2025-08-13 21:51:46", "elapsed": 43434.436802625656, "delta": 29.74600052833557}, "costs": {"total_cost": 2889.453122273351, "time_cost": 150, "final_distance_cost": 411.4611113888535, "oscillation_cost": 747.4641658574602, "completition_cost": 1000.0, "overshoot_cost": 521.8083523996339, "power_cost": 31.928337158203128, "noise_cost": 26.79115546920019, "n_waypoints_completed": 0, "tot_waypoints": 9}}
{"target": -2170.9196715171993, "params": {"k_pid_pos": [2.0, 0.0, 0.014374971389770508], "k_pid_alt": [1.990593671798706, 0.0, 1.0], "k_pid_att": [100.0, 0.30644989013671875, 0.991447925567627], "k_pid_yaw": [0.5, 1e-06, 0.1], "k_pid_hsp": [9.999999747378752e-05, 0.0, 1.0], "k_pid_vsp": [0.0, 400.0, 390.6863708496094]}, "datetime": {"datetime": "2025-08-13 21:52:16", "elapsed": 43464.90877819061, "delta": 30.471975564956665}, "costs": {"total_cost": 2170.9196715171993, "time_cost": 150, "final_distance_cost": 1.7221115226526247, "oscillation_cost": 810.5064995043208, "completition_cost": 1000.0, "overshoot_cost": 109.51140270089192, "power_cost": 41.54350850830078, "noise_cost": 57.636149281033276, "n_waypoints_completed": 0, "tot_waypoints": 9}}
{"target": -2135.8570609310796, "params": {"k_pid_pos": [1.943108081817627, 0.0, 0.048414528369903564], "k_pid_alt": [1.9731113910675049, 0.019921809434890747, 0.8998098373413086], "k_pid_att": [100.0, 1.1126340627670288, 0.9652071595191956], "k_pid_yaw": [0.5, 1e-06, 0.1], "k_pid_hsp": [0.02183401957154274, 0.010940343141555786, 1.0], "k_pid_vsp": [0.0, 400.0, 400.0]}, "datetime": {"datetime": "2025-08-13 21:52:45", "elapsed": 43493.4497089386, "delta": 28.54093074798584}, "costs": {"total_cost": 2135.8570609310796, "time_cost": 150, "final_distance_cost": 3.274681915708516, "oscillation_cost": 711.2928829759339, "completition_cost": 1000.0, "overshoot_cost": 136.55902071075468, "power_cost": 42.10580548095703, "noise_cost": 92.62466984772568, "n_waypoints_completed": 0, "tot_waypoints": 9}}
{"target": -7957.786340057816, "params": {"k_pid_pos": [1.7928425073623657, 0.07274973392486572, 0.0], "k_pid_alt": [1.8794827461242676, 0.0, 1.0], "k_pid_att": [100.0, 9.999999747378752e-05, 1.0], "k_pid_yaw": [0.5, 1e-06, 0.1], "k_pid_hsp": [9.999999747378752e-05, 0.0, 0.9270403981208801], "k_pid_vsp": [0.0, 400.0, 384.7261047363281]}, "datetime": {"datetime": "2025-08-13 21:53:15", "elapsed": 43523.42839384079, "delta": 29.978684902191162}, "costs": {"total_cost": 7957.786340057816, "time_cost": 150, "final_distance_cost": 2071.495280464887, "oscillation_cost": 766.9024366906785, "completition_cost": 1000.0, "overshoot_cost": 3907.078401337323, "power_cost": 34.49755988769532, "noise_cost": 27.812661677232, "n_waypoints_completed": 0, "tot_waypoints": 9}}
{"target": -2208.374887182385, "params": {"k_pid_pos": [1.9139180183410645, 0.0, 0.0], "k_pid_alt": [2.0, 0.0, 1.0], "k_pid_att": [100.0, 9.999999747378752e-05, 0.9985657334327698], "k_pid_yaw": [0.5, 1e-06, 0.1], "k_pid_hsp": [9.999999747378752e-05, 0.013839155435562134, 0.9474915862083435], "k_pid_vsp": [0.0, 393.4347229003906, 400.0]}, "datetime": {"datetime": "2025-08-13 21:53:46", "elapsed": 43554.73343038559, "delta": 31.305036544799805}, "costs": {"total_cost": 2208.374887182385, "time_cost": 150, "final_distance_cost": 48.91544630122363, "oscillation_cost": 869.2044166531063, "completition_cost": 1000.0, "overshoot_cost": 80.80448956605024, "power_cost": 32.72362926025391, "noise_cost": 26.72690540175148, "n_waypoints_completed": 0, "tot_waypoints": 9}}
{"target": -7713.43051808984, "params": {"k_pid_pos": [1.9958603382110596, 0.0005086660385131836, 0.025937139987945557], "k_pid_alt": [2.0, 0.0, 0.9585309028625488], "k_pid_att": [97.3497543334961, 0.3550918698310852, 1.0], "k_pid_yaw": [0.5, 1e-06, 0.1], "k_pid_hsp": [0.3695482313632965, 0.0083351731300354, 0.9906908273696899], "k_pid_vsp": [18.728172302246094, 386.31170654296875, 400.0]}, "datetime": {"datetime": "2025-08-13 21:54:15", "elapsed": 43583.96433901787, "delta": 29.230908632278442}, "costs": {"total_cost": 7713.43051808984, "time_cost": 150, "final_distance_cost": 1927.7732073763539, "oscillation_cost": 787.9354601110084, "completition_cost": 1000.0, "overshoot_cost": 3789.0794009113415, "power_cost": 31.481046984863283, "noise_cost": 27.161402706271996, "n_waypoints_completed": 0, "tot_waypoints": 9}}
{"target": -2697.383794419769, "params": {"k_pid_pos": [2.0, 0.05373603105545044, 0.0], "k_pid_alt": [1.9808571338653564, 0.03629004955291748, 1.0], "k_pid_att": [100.0, 0.024551667273044586, 1.0], "k_pid_yaw": [0.5, 1e-06, 0.1], "k_pid_hsp": [0.040950529277324677, 0.0, 1.0], "k_pid_vsp": [0.0, 400.0, 400.0]}, "datetime": {"datetime": "2025-08-13 21:54:45", "elapsed": 43613.095666885376, "delta": 29.131327867507935}, "costs": {"total_cost": 2697.383794419769, "time_cost": 150, "final_distance_cost": 286.15003827120864, "oscillation_cost": 759.4207168478557, "completition_cost": 1000.0, "overshoot_cost": 442.38601782444357, "power_cost": 32.51043005371094, "noise_cost": 26.916591422550223, "n_waypoints_completed": 0, "tot_waypoints": 9}}
{"target": -2075.5712385056036, "params": {"k_pid_pos": [2.0, 0.05911180377006531, 0.03929439187049866], "k_pid_alt": [2.0, 0.05319985747337341, 0.9724918007850647], "k_pid_att": [92.89868927001953, 9.999999747378752e-05, 0.8628735542297363], "k_pid_yaw": [0.5, 1e-06, 0.1], "k_pid_hsp": [9.999999747378752e-05, 0.05135154724121094, 1.0], "k_pid_vsp": [3.2540321350097656, 400.0, 391.62286376953125]}, "datetime": {"datetime": "2025-08-13 21:55:14", "elapsed": 43642.793952703476, "delta": 29.698285818099976}, "costs": {"total_cost": 2075.5712385056036, "time_cost": 150, "final_distance_cost": 57.41798509215172, "oscillation_cost": 694.0709636108081, "completition_cost": 1000.0, "overshoot_cost": 108.53536779357728, "power_cost": 37.11873077392578, "noise_cost": 28.428191235140332, "n_waypoints_completed": 0, "tot_waypoints": 9}}
{"target": -3997.334084572774, "params": {"k_pid_pos": [1.9193565845489502, 0.03917387127876282, 0.0], "k_pid_alt": [2.0, 0.032044798135757446, 0.9576675295829773], "k_pid_att": [100.0, 0.2578126788139343, 0.973220944404602], "k_pid_yaw": [0.5, 1e-06, 0.1], "k_pid_hsp": [0.5379729270935059, 0.10886654257774353, 1.0], "k_pid_vsp": [22.731721878051758, 388.471923828125, 381.38006591796875]}, "datetime": {"datetime": "2025-08-13 21:55:44", "elapsed": 43672.15370774269, "delta": 29.359755039215088}, "costs": {"total_cost": 3997.334084572774, "time_cost": 150, "final_distance_cost": 908.9257831966078, "oscillation_cost": 666.8515748665106, "completition_cost": 1000.0, "overshoot_cost": 1207.715557339557, "power_cost": 34.348154370117186, "noise_cost": 29.493014799981072, "n_waypoints_completed": 0, "tot_waypoints": 9}}
{"target": -2937.0091727493746, "params": {"k_pid_pos": [2.0, 0.0, 0.026599138975143433], "k_pid_alt": [2.0, 0.09335002303123474, 1.0], "k_pid_att": [97.16368865966797, 9.999999747378752e-05, 0.9230886697769165], "k_pid_yaw": [0.5, 1e-06, 0.1], "k_pid_hsp": [9.999999747378752e-05, 0.0, 1.0], "k_pid_vsp": [47.12083435058594, 400.0, 386.2546081542969]}, "datetime": {"datetime": "2025-08-13 21:56:13", "elapsed": 43701.30547642708, "delta": 29.151768684387207}, "costs": {"total_cost": 2937.0091727493746, "time_cost": 150, "final_distance_cost": 465.15758985480204, "oscillation_cost": 823.2502481886227, "completition_cost": 1000.0, "overshoot_cost": 436.6423758866483, "power_cost": 34.365018981933595, "noise_cost": 27.59393983736752, "n_waypoints_completed": 0, "tot_waypoints": 9}}
{"target": -2484.9176425566466, "params": {"k_pid_pos": [1.9802322387695312, 0.03278347849845886, 0.06719350814819336], "k_pid_alt": [2.0, 0.0, 0.9911432862281799], "k_pid_att": [100.0, 0.9844549298286438, 1.0], "k_pid_yaw": [0.5, 1e-06, 0.1], "k_pid_hsp": [9.999999747378752e-05, 0.0429307222366333, 0.9293224811553955], "k_pid_vsp": [0.0, 400.0, 400.0]}, "datetime": {"datetime": "2025-08-13 21:56:42", "elapsed": 43730.69168519974, "delta": 29.3862087726593}, "costs": {"total_cost": 2484.9176425566466, "time_cost": 150, "final_distance_cost": 110.69828989731516, "oscillation_cost": 854.6773771758004, "completition_cost": 1000.0, "overshoot_cost": 297.3111815075234, "power_cost": 41.41535051269531, "noise_cost": 30.8154434633126, "n_waypoints_completed": 0, "tot_waypoints": 9}}
{"target": -3377.166953987453, "params": {"k_pid_pos": [1.9396167993545532, 0.0007892251014709473, 0.06686156988143921], "k_pid_alt": [1.894827127456665, 0.08715903759002686, 0.9659462571144104], "k_pid_att": [97.84481811523438, 0.21506379544734955, 1.0], "k_pid_yaw": [0.5, 1e-06, 0.1], "k_pid_hsp": [9.999999747378752e-05, 0.01842951774597168, 0.9596198797225952], "k_pid_vsp": [13.32862377166748, 400.0, 400.0]}, "datetime": {"datetime": "2025-08-13 21:57:12", "elapsed": 43760.55360198021, "delta": 29.8619167804718}, "costs": {"total_cost": 3377.166953987453, "time_cost": 150, "final_distance_cost": 499.4393716405724, "oscillation_cost": 808.2700410432408, "completition_cost": 1000.0, "overshoot_cost": 853.1304756786889, "power_cost": 37.22903244628906, "noise_cost": 29.09803317866133, "n_waypoints_completed": 0, "tot_waypoints": 9}}
{"target": -4804.889545230262, "params": {"k_pid_pos": [2.0, 0.0, 0.0], "k_pid_alt": [1.9624611139297485, 0.010492265224456787, 1.0], "k_pid_att": [94.38301849365234, 0.09035424143075943, 1.0], "k_pid_yaw": [0.5, 1e-06, 0.1], "k_pid_hsp": [0.4971274137496948, 0.023391038179397583, 0.9848816394805908], "k_pid_vsp": [0.0, 385.51220703125, 400.0]}, "datetime": {"datetime": "2025-08-13 21:57:41", "elapsed": 43789.71547627449, "delta": 29.161874294281006}, "costs": {"total_cost": 4804.889545230262, "time_cost": 150, "final_distance_cost": 1145.1357500660868, "oscillation_cost": 606.6361403333595, "completition_cost": 1000.0, "overshoot_cost": 1839.3499985598412, "power_cost": 34.9740375366211, "noise_cost": 28.79361873435413, "n_waypoints_completed": 0, "tot_waypoints": 9}}
