{"target": -2824.443673912953, "params": {"k_pid_pos": [1.8019459247589111, 0.043314218521118164, 0.10560894012451172], "k_pid_alt": [2.0, 0.0, 0.9609887003898621], "k_pid_att": [96.8544921875, 9.999999747378752e-05, 0.9653516411781311], "k_pid_yaw": [0.5, 1e-06, 0.1], "k_pid_hsp": [9.999999747378752e-05, 0.0, 1.0], "k_pid_vsp": [0.28117895126342773, 394.6297302246094, 400.0]}, "datetime": {"datetime": "2025-08-13 14:58:08", "elapsed": 18616.859525442123, "delta": 29.120720624923706}, "costs": {"total_cost": 2824.443673912953, "time_cost": 150, "final_distance_cost": 452.1689292886796, "oscillation_cost": 810.0559826327612, "completition_cost": 1000.0, "overshoot_cost": 345.5196031013984, "power_cost": 37.806688916015624, "noise_cost": 28.892469974098255, "n_waypoints_completed": 0, "tot_waypoints": 9}}
{"target": -6298.220073244022, "params": {"k_pid_pos": [1.8789465427398682, 0.0, 0.0038947761058807373], "k_pid_alt": [2.0, 0.05898970365524292, 0.9024891257286072], "k_pid_att": [100.0, 0.6413665413856506, 1.0], "k_pid_yaw": [0.5, 1e-06, 0.1], "k_pid_hsp": [9.999999747378752e-05, 0.025925099849700928, 1.0], "k_pid_vsp": [0.4546165466308594, 394.21881103515625, 394.67559814453125]}, "datetime": {"datetime": "2025-08-13 14:58:37", "elapsed": 18645.979620695114, "delta": 29.120095252990723}, "costs": {"total_cost": 6298.220073244022, "time_cost": 150, "final_distance_cost": 1664.1000539964416, "oscillation_cost": 710.990646944136, "completition_cost": 1000.0, "overshoot_cost": 2711.0484991867356, "power_cost": 34.15101877441406, "noise_cost": 27.929854342295428, "n_waypoints_completed": 0, "tot_waypoints": 9}}
{"target": -2299.646741178574, "params": {"k_pid_pos": [1.9990994930267334, 0.019336462020874023, 0.0], "k_pid_alt": [1.8595237731933594, 0.05582016706466675, 1.0], "k_pid_att": [100.0, 9.999999747378752e-05, 0.986743688583374], "k_pid_yaw": [0.5, 1e-06, 0.1], "k_pid_hsp": [9.999999747378752e-05, 0.03596499562263489, 1.0], "k_pid_vsp": [31.660961151123047, 400.0, 400.0]}, "datetime": {"datetime": "2025-08-13 14:59:06", "elapsed": 18675.028044223785, "delta": 29.048423528671265}, "costs": {"total_cost": 2299.646741178574, "time_cost": 150, "final_distance_cost": 62.885756565447245, "oscillation_cost": 812.1456611594823, "completition_cost": 1000.0, "overshoot_cost": 214.24461956352738, "power_cost": 33.960466857910156, "noise_cost": 26.410237032207096, "n_waypoints_completed": 0, "tot_waypoints": 9}}
{"target": -2218.5408402024163, "params": {"k_pid_pos": [2.0, 0.0, 0.002824127674102783], "k_pid_alt": [2.0, 0.04035040736198425, 1.0], "k_pid_att": [97.00657653808594, 9.999999747378752e-05, 0.9609580039978027], "k_pid_yaw": [0.5, 1e-06, 0.1], "k_pid_hsp": [0.18985603749752045, 0.056696414947509766, 0.9519200325012207], "k_pid_vsp": [0.0, 393.8623962402344, 400.0]}, "datetime": {"datetime": "2025-08-13 14:59:36", "elapsed": 18704.08373618126, "delta": 29.055691957473755}, "costs": {"total_cost": 2218.5408402024163, "time_cost": 150, "final_distance_cost": 61.46923675249073, "oscillation_cost": 670.5973144509265, "completition_cost": 1000.0, "overshoot_cost": 253.94458165659762, "power_cost": 37.82398739013672, "noise_cost": 44.70571995226449, "n_waypoints_completed": 0, "tot_waypoints": 9}}
{"target": -2075.3197771016803, "params": {"k_pid_pos": [2.0, 0.06081107258796692, 0.05323168635368347], "k_pid_alt": [2.0, 0.0, 0.9804461002349854], "k_pid_att": [100.0, 0.5146889090538025, 0.9290852546691895], "k_pid_yaw": [0.5, 1e-06, 0.1], "k_pid_hsp": [9.999999747378752e-05, 0.14115303754806519, 0.9271597862243652], "k_pid_vsp": [6.2188029289245605, 400.0, 400.0]}, "datetime": {"datetime": "2025-08-13 15:00:20", "elapsed": 18748.512987852097, "delta": 44.4292516708374}, "costs": {"total_cost": 2075.3197771016803, "time_cost": 150, "final_distance_cost": 5.726230975006789, "oscillation_cost": 732.1218471315967, "completition_cost": 1000.0, "overshoot_cost": 86.80761448420304, "power_cost": 40.82388414306641, "noise_cost": 59.840200367807284, "n_waypoints_completed": 0, "tot_waypoints": 9}}
{"target": -5471.4126734367455, "params": {"k_pid_pos": [1.957261562347412, 0.0, 0.0], "k_pid_alt": [1.8346749544143677, 0.0, 1.0], "k_pid_att": [96.38544464111328, 9.999999747378752e-05, 1.0], "k_pid_yaw": [0.5, 1e-06, 0.1], "k_pid_hsp": [0.065310999751091, 0.045743465423583984, 1.0], "k_pid_vsp": [0.0, 400.0, 400.0]}, "datetime": {"datetime": "2025-08-13 15:00:51", "elapsed": 18780.0598051548, "delta": 31.546817302703857}, "costs": {"total_cost": 5471.4126734367455, "time_cost": 150, "final_distance_cost": 1629.7160223454787, "oscillation_cost": 763.625235222186, "completition_cost": 1000.0, "overshoot_cost": 1868.9794455081148, "power_cost": 32.062557238769536, "noise_cost": 27.029413122195887, "n_waypoints_completed": 0, "tot_waypoints": 9}}
{"target": -3162.586415576932, "params": {"k_pid_pos": [2.0, 0.0, 0.029184460639953613], "k_pid_alt": [1.9681308269500732, 0.0076268017292022705, 1.0], "k_pid_att": [100.0, 0.1939714103937149, 1.0], "k_pid_yaw": [0.5, 1e-06, 0.1], "k_pid_hsp": [9.999999747378752e-05, 0.0011954307556152344, 1.0], "k_pid_vsp": [37.963592529296875, 400.0, 384.1730041503906]}, "datetime": {"datetime": "2025-08-13 15:01:25", "elapsed": 18813.714109659195, "delta": 33.65430450439453}, "costs": {"total_cost": 3162.586415576932, "time_cost": 150, "final_distance_cost": 540.5668311288792, "oscillation_cost": 803.2146016587902, "completition_cost": 1000.0, "overshoot_cost": 608.9334067932625, "power_cost": 32.829794250488284, "noise_cost": 27.041781745511756, "n_waypoints_completed": 0, "tot_waypoints": 9}}
{"target": -1887.3024560430706, "params": {"k_pid_pos": [1.9631041288375854, 0.0, 0.0753423273563385], "k_pid_alt": [1.9932750463485718, 0.0, 0.9910167455673218], "k_pid_att": [95.85658264160156, 0.445760041475296, 0.9448027014732361], "k_pid_yaw": [0.5, 1e-06, 0.1], "k_pid_hsp": [9.999999747378752e-05, 0.0, 1.0], "k_pid_vsp": [0.0, 386.2969970703125, 400.0]}, "datetime": {"datetime": "2025-08-13 15:01:57", "elapsed": 18845.863661527634, "delta": 32.14955186843872}, "costs": {"total_cost": 1887.3024560430706, "time_cost": 150, "final_distance_cost": 41.58964388155937, "oscillation_cost": 703.4601976119601, "completition_cost": 777.7777777777778, "overshoot_cost": 123.70912628267122, "power_cost": 39.149896936035155, "noise_cost": 51.61581355306691, "n_waypoints_completed": 2, "tot_waypoints": 9}}
{"target": -2255.3662762803924, "params": {"k_pid_pos": [1.9204245805740356, 0.039263516664505005, 0.044070661067962646], "k_pid_alt": [2.0, 0.06141221523284912, 0.9755660891532898], "k_pid_att": [100.0, 0.13556122779846191, 1.0], "k_pid_yaw": [0.5, 1e-06, 0.1], "k_pid_hsp": [9.999999747378752e-05, 0.10577243566513062, 1.0], "k_pid_vsp": [0.0, 400.0, 396.17425537109375]}, "datetime": {"datetime": "2025-08-13 15:02:28", "elapsed": 18876.37352490425, "delta": 30.50986337661743}, "costs": {"total_cost": 2255.3662762803924, "time_cost": 150, "final_distance_cost": 130.43012600754332, "oscillation_cost": 805.3971910645146, "completition_cost": 1000.0, "overshoot_cost": 104.2993862111562, "power_cost": 37.043042639160156, "noise_cost": 28.196530358018283, "n_waypoints_completed": 0, "tot_waypoints": 9}}
{"target": -3049.789393612074, "params": {"k_pid_pos": [2.0, 0.03218221664428711, 0.05459687113761902], "k_pid_alt": [1.8902685642242432, 0.0, 1.0], "k_pid_att": [100.0, 9.999999747378752e-05, 0.9982575178146362], "k_pid_yaw": [0.5, 1e-06, 0.1], "k_pid_hsp": [9.999999747378752e-05, 0.0, 0.974037766456604], "k_pid_vsp": [0.0, 394.5851745605469, 375.00726318359375]}, "datetime": {"datetime": "2025-08-13 15:02:59", "elapsed": 18907.471806526184, "delta": 31.098281621932983}, "costs": {"total_cost": 3049.789393612074, "time_cost": 150, "final_distance_cost": 268.30873458822083, "oscillation_cost": 800.2250317301826, "completition_cost": 1000.0, "overshoot_cost": 773.2075174713991, "power_cost": 31.783664294433596, "noise_cost": 26.26444552783795, "n_waypoints_completed": 0, "tot_waypoints": 9}}
{"target": -2277.4938765867837, "params": {"k_pid_pos": [2.0, 0.005647569894790649, 0.0], "k_pid_alt": [1.8947111368179321, 0.009820759296417236, 0.9876523017883301], "k_pid_att": [98.8155517578125, 9.999999747378752e-05, 0.9185028672218323], "k_pid_yaw": [0.5, 1e-06, 0.1], "k_pid_hsp": [9.999999747378752e-05, 0.06212162971496582, 0.9950268268585205], "k_pid_vsp": [0.0, 369.89501953125, 400.0]}, "datetime": {"datetime": "2025-08-13 15:03:43", "elapsed": 18951.76679086685, "delta": 44.294984340667725}, "costs": {"total_cost": 2277.4938765867837, "time_cost": 150, "final_distance_cost": 93.93533103444791, "oscillation_cost": 722.6914228142981, "completition_cost": 1000.0, "overshoot_cost": 229.45600941686774, "power_cost": 40.91260411376953, "noise_cost": 40.49850920740032, "n_waypoints_completed": 0, "tot_waypoints": 9}}
{"target": -3159.791540240021, "params": {"k_pid_pos": [2.0, 0.0, 0.06265062093734741], "k_pid_alt": [2.0, 0.03899535536766052, 0.9121401309967041], "k_pid_att": [100.0, 9.999999747378752e-05, 1.0], "k_pid_yaw": [0.5, 1e-06, 0.1], "k_pid_hsp": [0.03608415648341179, 0.00594213604927063, 0.9547991156578064], "k_pid_vsp": [0.0, 400.0, 400.0]}, "datetime": {"datetime": "2025-08-13 15:04:13", "elapsed": 18981.49198293686, "delta": 29.725192070007324}, "costs": {"total_cost": 3159.791540240021, "time_cost": 150, "final_distance_cost": 272.5029706132882, "oscillation_cost": 812.8473668171732, "completition_cost": 1000.0, "overshoot_cost": 861.3696500088356, "power_cost": 35.15509844970703, "noise_cost": 27.916454351016544, "n_waypoints_completed": 0, "tot_waypoints": 9}}
{"target": -2244.950523483254, "params": {"k_pid_pos": [1.9560556411743164, 0.0, 0.07597267627716064], "k_pid_alt": [2.0, 0.06492844223976135, 1.0], "k_pid_att": [100.0, 0.430925190448761, 1.0], "k_pid_yaw": [0.5, 1e-06, 0.1], "k_pid_hsp": [9.999999747378752e-05, 0.0, 0.9871507287025452], "k_pid_vsp": [1.7650365829467773, 394.7340393066406, 399.56732177734375]}, "datetime": {"datetime": "2025-08-13 15:04:44", "elapsed": 19013.027643203735, "delta": 31.53566026687622}, "costs": {"total_cost": 2244.950523483254, "time_cost": 150, "final_distance_cost": 68.28443915375674, "oscillation_cost": 805.6764462468103, "completition_cost": 1000.0, "overshoot_cost": 154.89126060873062, "power_cost": 37.396591235351565, "noise_cost": 28.70178623860448, "n_waypoints_completed": 0, "tot_waypoints": 9}}
{"target": -7204.98206523732, "params": {"k_pid_pos": [2.0, 0.0, 0.051716357469558716], "k_pid_alt": [2.0, 0.11277571320533752, 1.0], "k_pid_att": [87.59660339355469, 0.47197210788726807, 1.0], "k_pid_yaw": [0.5, 1e-06, 0.1], "k_pid_hsp": [0.9294207096099854, 0.0, 0.9673148393630981], "k_pid_vsp": [0.0, 400.0, 400.0]}, "datetime": {"datetime": "2025-08-13 15:05:15", "elapsed": 19044.05720949173, "delta": 31.029566287994385}, "costs": {"total_cost": 7204.98206523732, "time_cost": 150, "final_distance_cost": 1646.661321460419, "oscillation_cost": 772.0192710815854, "completition_cost": 1000.0, "overshoot_cost": 3572.941029707373, "power_cost": 33.892620825195316, "noise_cost": 29.46782216274722, "n_waypoints_completed": 0, "tot_waypoints": 9}}
{"target": -2497.245095351972, "params": {"k_pid_pos": [2.0, 0.02014744281768799, 0.04387623071670532], "k_pid_alt": [1.9444870948791504, 0.14094477891921997, 1.0], "k_pid_att": [100.0, 0.021363744512200356, 0.9158833026885986], "k_pid_yaw": [0.5, 1e-06, 0.1], "k_pid_hsp": [9.999999747378752e-05, 0.0, 1.0], "k_pid_vsp": [0.0, 397.1559753417969, 400.0]}, "datetime": {"datetime": "2025-08-13 15:05:47", "elapsed": 19075.749124526978, "delta": 31.691915035247803}, "costs": {"total_cost": 2497.245095351972, "time_cost": 150, "final_distance_cost": 358.7223944036039, "oscillation_cost": 713.1854815803364, "completition_cost": 1000.0, "overshoot_cost": 209.29034502293675, "power_cost": 37.567627465820316, "noise_cost": 28.47924687927451, "n_waypoints_completed": 0, "tot_waypoints": 9}}
{"target": -1708.0351654531046, "params": {"k_pid_pos": [2.0, 0.0, 0.0], "k_pid_alt": [2.0, 0.01737925410270691, 0.994297981262207], "k_pid_att": [100.0, 0.7654189467430115, 1.0], "k_pid_yaw": [0.5, 1e-06, 0.1], "k_pid_hsp": [0.8411098718643188, 0.0, 1.0], "k_pid_vsp": [0.0, 375.13433837890625, 400.0]}, "datetime": {"datetime": "2025-08-13 15:06:19", "elapsed": 19107.255876779556, "delta": 31.506752252578735}, "costs": {"total_cost": 1708.0351654531046, "time_cost": 150, "final_distance_cost": 64.1610398571967, "oscillation_cost": 326.0700531934682, "completition_cost": 888.8888888888888, "overshoot_cost": 146.93986645517796, "power_cost": 39.47532980957031, "noise_cost": 92.49998724880268, "n_waypoints_completed": 1, "tot_waypoints": 9}}
{"target": -2172.7643165018453, "params": {"k_pid_pos": [1.8927356004714966, 0.0002707242965698242, 0.0035758912563323975], "k_pid_alt": [2.0, 0.0, 1.0], "k_pid_att": [100.0, 0.17580319941043854, 1.0], "k_pid_yaw": [0.5, 1e-06, 0.1], "k_pid_hsp": [0.005604731850326061, 0.0, 1.0], "k_pid_vsp": [0.0, 400.0, 400.0]}, "datetime": {"datetime": "2025-08-13 15:06:50", "elapsed": 19138.568865537643, "delta": 31.312988758087158}, "costs": {"total_cost": 2172.7643165018453, "time_cost": 150, "final_distance_cost": 57.66669133871404, "oscillation_cost": 768.8989912815371, "completition_cost": 1000.0, "overshoot_cost": 129.5127470658359, "power_cost": 37.831648828125005, "noise_cost": 28.854237987633454, "n_waypoints_completed": 0, "tot_waypoints": 9}}
{"target": -2035.1314470248142, "params": {"k_pid_pos": [2.0, 0.0, 0.0], "k_pid_alt": [1.979975700378418, 0.0, 0.9670992493629456], "k_pid_att": [96.09062957763672, 9.999999747378752e-05, 1.0], "k_pid_yaw": [0.5, 1e-06, 0.1], "k_pid_hsp": [0.12712547183036804, 0.02301180362701416, 0.9691938757896423], "k_pid_vsp": [11.71377944946289, 396.67620849609375, 400.0]}, "datetime": {"datetime": "2025-08-13 15:07:20", "elapsed": 19168.228616714478, "delta": 29.659751176834106}, "costs": {"total_cost": 2035.1314470248142, "time_cost": 150, "final_distance_cost": 63.97718558739434, "oscillation_cost": 768.2671129980496, "completition_cost": 888.8888888888888, "overshoot_cost": 95.34278641498958, "power_cost": 39.78547099609375, "noise_cost": 28.870002139398075, "n_waypoints_completed": 1, "tot_waypoints": 9}}
{"target": -2392.1398720528296, "params": {"k_pid_pos": [2.0, 0.012430518865585327, 0.0], "k_pid_alt": [1.9754799604415894, 0.0, 1.0], "k_pid_att": [100.0, 0.25238484144210815, 1.0], "k_pid_yaw": [0.5, 1e-06, 0.1], "k_pid_hsp": [0.9361881613731384, 0.0017727315425872803, 0.9978526830673218], "k_pid_vsp": [40.6961555480957, 342.0631408691406, 373.2752380371094]}, "datetime": {"datetime": "2025-08-13 15:07:57", "elapsed": 19205.8975815773, "delta": 37.668964862823486}, "costs": {"total_cost": 2392.1398720528296, "time_cost": 150, "final_distance_cost": 343.0665892255668, "oscillation_cost": 619.1429280874258, "completition_cost": 777.7777777777778, "overshoot_cost": 437.87922680004255, "power_cost": 34.86258580322266, "noise_cost": 29.410764358793443, "n_waypoints_completed": 2, "tot_waypoints": 9}}
{"target": -4830.133699800127, "params": {"k_pid_pos": [2.0, 0.032787024974823, 0.03908267617225647], "k_pid_alt": [2.0, 0.0, 0.99858558177948], "k_pid_att": [85.21887969970703, 9.999999747378752e-05, 1.0], "k_pid_yaw": [0.5, 1e-06, 0.1], "k_pid_hsp": [9.999999747378752e-05, 0.0, 1.0], "k_pid_vsp": [0.0, 399.35565185546875, 400.0]}, "datetime": {"datetime": "2025-08-13 15:08:30", "elapsed": 19238.968557596207, "delta": 33.07097601890564}, "costs": {"total_cost": 4830.133699800127, "time_cost": 150, "final_distance_cost": 882.6357234560675, "oscillation_cost": 697.7601078858919, "completition_cost": 1000.0, "overshoot_cost": 2035.8975932675344, "power_cost": 35.247665234375, "noise_cost": 28.592609956258148, "n_waypoints_completed": 0, "tot_waypoints": 9}}
{"target": -2362.256620829675, "params": {"k_pid_pos": [2.0, 0.04068663716316223, 0.04253488779067993], "k_pid_alt": [2.0, 0.020283758640289307, 0.9776830077171326], "k_pid_att": [97.29999542236328, 9.999999747378752e-05, 0.9247393608093262], "k_pid_yaw": [0.5, 1e-06, 0.1], "k_pid_hsp": [9.999999747378752e-05, 0.04787379503250122, 0.9562563896179199], "k_pid_vsp": [5.878400802612305, 385.58563232421875, 400.0]}, "datetime": {"datetime": "2025-08-13 15:09:06", "elapsed": 19274.969799757004, "delta": 36.00124216079712}, "costs": {"total_cost": 2362.256620829675, "time_cost": 150, "final_distance_cost": 92.86955416968507, "oscillation_cost": 820.1790440432163, "completition_cost": 1000.0, "overshoot_cost": 236.63284149933506, "power_cost": 34.78602397460938, "noise_cost": 27.789157142829673, "n_waypoints_completed": 0, "tot_waypoints": 9}}
{"target": -7811.318548102971, "params": {"k_pid_pos": [1.9772369861602783, 0.0, 0.08194220066070557], "k_pid_alt": [2.0, 0.0, 0.9694120287895203], "k_pid_att": [99.14955139160156, 9.999999747378752e-05, 0.9780412912368774], "k_pid_yaw": [0.5, 1e-06, 0.1], "k_pid_hsp": [9.999999747378752e-05, 0.0, 0.9698320627212524], "k_pid_vsp": [0.0, 380.88360595703125, 400.0]}, "datetime": {"datetime": "2025-08-13 15:09:42", "elapsed": 19310.290974617004, "delta": 35.32117486000061}, "costs": {"total_cost": 7811.318548102971, "time_cost": 150, "final_distance_cost": 1868.101409355305, "oscillation_cost": 794.5929626552148, "completition_cost": 1000.0, "overshoot_cost": 3937.5448772761374, "power_cost": 33.54752624511719, "noise_cost": 27.53177257119712, "n_waypoints_completed": 0, "tot_waypoints": 9}}
{"target": -4333.470048211498, "params": {"k_pid_pos": [1.9168403148651123, 0.010753989219665527, 0.06390085816383362], "k_pid_alt": [1.8408631086349487, 0.03826802968978882, 0.9907733798027039], "k_pid_att": [100.0, 0.4230324327945709, 0.9879854917526245], "k_pid_yaw": [0.5, 1e-06, 0.1], "k_pid_hsp": [9.999999747378752e-05, 0.0, 0.9759291410446167], "k_pid_vsp": [8.53278636932373, 400.0, 400.0]}, "datetime": {"datetime": "2025-08-13 15:10:17", "elapsed": 19345.287610769272, "delta": 34.996636152267456}, "costs": {"total_cost": 4333.470048211498, "time_cost": 150, "final_distance_cost": 833.4476288879729, "oscillation_cost": 791.6701451093356, "completition_cost": 1000.0, "overshoot_cost": 1494.5885628980366, "power_cost": 35.481324523925785, "noise_cost": 28.282386792227495, "n_waypoints_completed": 0, "tot_waypoints": 9}}
{"target": -2140.5381321357722, "params": {"k_pid_pos": [2.0, 0.004280030727386475, 0.017723888158798218], "k_pid_alt": [1.9459781646728516, 0.0, 0.9380049109458923], "k_pid_att": [100.0, 9.999999747378752e-05, 0.9515173435211182], "k_pid_yaw": [0.5, 1e-06, 0.1], "k_pid_hsp": [9.999999747378752e-05, 0.0, 1.0], "k_pid_vsp": [19.298124313354492, 377.55279541015625, 387.5506286621094]}, "datetime": {"datetime": "2025-08-13 15:10:50", "elapsed": 19378.58806490898, "delta": 33.30045413970947}, "costs": {"total_cost": 2140.5381321357722, "time_cost": 150, "final_distance_cost": 51.496965954218645, "oscillation_cost": 773.2908108672133, "completition_cost": 1000.0, "overshoot_cost": 99.37333088063075, "power_cost": 37.8167123046875, "noise_cost": 28.560312129022513, "n_waypoints_completed": 0, "tot_waypoints": 9}}
{"target": -2254.6501271968536, "params": {"k_pid_pos": [2.0, 0.034417152404785156, 0.11719518899917603], "k_pid_alt": [2.0, 0.009314149618148804, 0.9945216178894043], "k_pid_att": [100.0, 9.999999747378752e-05, 1.0], "k_pid_yaw": [0.5, 1e-06, 0.1], "k_pid_hsp": [9.999999747378752e-05, 0.0, 1.0], "k_pid_vsp": [0.0, 382.8655090332031, 372.5430603027344]}, "datetime": {"datetime": "2025-08-13 15:11:23", "elapsed": 19411.47993850708, "delta": 32.891873598098755}, "costs": {"total_cost": 2254.6501271968536, "time_cost": 150, "final_distance_cost": 150.1171832502371, "oscillation_cost": 779.9140155220324, "completition_cost": 1000.0, "overshoot_cost": 110.79650259206694, "power_cost": 36.03369990234375, "noise_cost": 27.788725930173122, "n_waypoints_completed": 0, "tot_waypoints": 9}}
{"target": -3085.83886454065, "params": {"k_pid_pos": [2.0, 0.0, 0.013397157192230225], "k_pid_alt": [2.0, 0.026448071002960205, 1.0], "k_pid_att": [100.0, 9.999999747378752e-05, 1.0], "k_pid_yaw": [0.5, 1e-06, 0.1], "k_pid_hsp": [0.09970402717590332, 0.010725200176239014, 1.0], "k_pid_vsp": [0.0, 395.1978759765625, 400.0]}, "datetime": {"datetime": "2025-08-13 15:11:55", "elapsed": 19443.911160707474, "delta": 32.43122220039368}, "costs": {"total_cost": 3085.83886454065, "time_cost": 150, "final_distance_cost": 156.26787939595974, "oscillation_cost": 744.2654379655152, "completition_cost": 1000.0, "overshoot_cost": 970.1317293090475, "power_cost": 36.999573791503906, "noise_cost": 28.174244078623953, "n_waypoints_completed": 0, "tot_waypoints": 9}}
{"target": -2208.7690190695116, "params": {"k_pid_pos": [2.0, 0.04102471470832825, 0.000859677791595459], "k_pid_alt": [2.0, 0.0, 0.9900335073471069], "k_pid_att": [95.56452178955078, 0.22745248675346375, 1.0], "k_pid_yaw": [0.5, 1e-06, 0.1], "k_pid_hsp": [0.2492172122001648, 0.04195559024810791, 1.0], "k_pid_vsp": [0.0, 375.619140625, 397.9025573730469]}, "datetime": {"datetime": "2025-08-13 15:12:27", "elapsed": 19476.050253629684, "delta": 32.13909292221069}, "costs": {"total_cost": 2208.7690190695116, "time_cost": 150, "final_distance_cost": 1.0620628719237457, "oscillation_cost": 755.9173167702033, "completition_cost": 1000.0, "overshoot_cost": 158.81035850615916, "power_cost": 45.05403875732422, "noise_cost": 97.92524216390137, "n_waypoints_completed": 0, "tot_waypoints": 9}}
