{"target": -2110.0587983455052, "params": {"k_pid_pos": [2.0, 0.0, 0.009732633829116821], "k_pid_alt": [2.0, 0.0, 0.901221513748169], "k_pid_att": [99.03704071044922, 9.999999747378752e-05, 1.0], "k_pid_yaw": [0.5, 1e-06, 0.1], "k_pid_hsp": [0.06702879071235657, 0.052070170640945435, 1.0], "k_pid_vsp": [12.02338981628418, 399.60565185546875, 400.0]}, "datetime": {"datetime": "2025-08-14 04:15:09", "elapsed": 66437.45710587502, "delta": 28.719993829727173}, "costs": {"total_cost": 2110.0587983455052, "time_cost": 150, "final_distance_cost": 124.6837566569665, "oscillation_cost": 779.1291002334029, "completition_cost": 888.8888888888888, "overshoot_cost": 99.15392774078438, "power_cost": 39.2442432006836, "noise_cost": 28.958881624779146, "n_waypoints_completed": 1, "tot_waypoints": 9}}
{"target": -2088.9491256075016, "params": {"k_pid_pos": [2.0, 0.0735359787940979, 0.0], "k_pid_alt": [2.0, 0.0, 1.0], "k_pid_att": [97.61244201660156, 9.999999747378752e-05, 0.9787924885749817], "k_pid_yaw": [0.5, 1e-06, 0.1], "k_pid_hsp": [0.40127694606781006, 0.05852818489074707, 0.9522545337677002], "k_pid_vsp": [0.0, 390.8113098144531, 400.0]}, "datetime": {"datetime": "2025-08-14 04:15:38", "elapsed": 66466.48460865021, "delta": 29.02750277519226}, "costs": {"total_cost": 2088.9491256075016, "time_cost": 150, "final_distance_cost": 2.123018133556808, "oscillation_cost": 635.8330960152246, "completition_cost": 1000.0, "overshoot_cost": 166.66047379455435, "power_cost": 41.70547708740234, "noise_cost": 92.62706057676341, "n_waypoints_completed": 0, "tot_waypoints": 9}}
{"target": -2196.1795108947363, "params": {"k_pid_pos": [2.0, 0.0, 0.010414838790893555], "k_pid_alt": [1.9109783172607422, 0.07334074378013611, 0.9616409540176392], "k_pid_att": [95.20446014404297, 9.999999747378752e-05, 0.9631309509277344], "k_pid_yaw": [0.5, 1e-06, 0.1], "k_pid_hsp": [0.2662732005119324, 0.04650062322616577, 0.9695295095443726], "k_pid_vsp": [47.86353302001953, 400.0, 400.0]}, "datetime": {"datetime": "2025-08-14 04:16:05", "elapsed": 66493.95381236076, "delta": 27.46920371055603}, "costs": {"total_cost": 2196.1795108947363, "time_cost": 150, "final_distance_cost": 183.22210153339563, "oscillation_cost": 734.280919326684, "completition_cost": 888.8888888888888, "overshoot_cost": 177.87844245954898, "power_cost": 34.59152543945313, "noise_cost": 27.317633246765393, "n_waypoints_completed": 1, "tot_waypoints": 9}}
{"target": -2210.2068431780613, "params": {"k_pid_pos": [2.0, 0.0, 0.0], "k_pid_alt": [1.9957062005996704, 0.005447268486022949, 1.0], "k_pid_att": [90.81649780273438, 9.999999747378752e-05, 0.9635206460952759], "k_pid_yaw": [0.5, 1e-06, 0.1], "k_pid_hsp": [0.15172643959522247, 0.0, 1.0], "k_pid_vsp": [23.36951446533203, 385.87701416015625, 400.0]}, "datetime": {"datetime": "2025-08-14 04:16:34", "elapsed": 66522.29968214035, "delta": 28.345869779586792}, "costs": {"total_cost": 2210.2068431780613, "time_cost": 150, "final_distance_cost": 68.81214749038129, "oscillation_cost": 648.0964608388539, "completition_cost": 1000.0, "overshoot_cost": 267.2872483780747, "power_cost": 39.0481884765625, "noise_cost": 36.96279799418886, "n_waypoints_completed": 0, "tot_waypoints": 9}}
{"target": -1898.4953824781346, "params": {"k_pid_pos": [1.9238498210906982, 0.033856868743896484, 0.0], "k_pid_alt": [2.0, 0.0, 0.9660947322845459], "k_pid_att": [100.0, 9.999999747378752e-05, 1.0], "k_pid_yaw": [0.5, 1e-06, 0.1], "k_pid_hsp": [0.4891988933086395, 0.0, 0.952621579170227], "k_pid_vsp": [0.0, 380.1025085449219, 394.97894287109375]}, "datetime": {"datetime": "2025-08-14 04:17:02", "elapsed": 66550.75763058662, "delta": 28.457948446273804}, "costs": {"total_cost": 1898.4953824781346, "time_cost": 150, "final_distance_cost": 90.12463483622071, "oscillation_cost": 427.85693708204735, "completition_cost": 888.8888888888888, "overshoot_cost": 272.5654990666354, "power_cost": 38.86589833984375, "noise_cost": 30.193524264498453, "n_waypoints_completed": 1, "tot_waypoints": 9}}
{"target": -2240.103172139934, "params": {"k_pid_pos": [1.9909955263137817, 0.0, 0.05049794912338257], "k_pid_alt": [2.0, 0.0, 1.0], "k_pid_att": [100.0, 0.24604687094688416, 1.0], "k_pid_yaw": [0.5, 1e-06, 0.1], "k_pid_hsp": [0.4556349515914917, 0.0, 1.0], "k_pid_vsp": [21.174896240234375, 400.0, 400.0]}, "datetime": {"datetime": "2025-08-14 04:17:30", "elapsed": 66578.75023794174, "delta": 27.992607355117798}, "costs": {"total_cost": 2240.103172139934, "time_cost": 150, "final_distance_cost": 125.49036773646273, "oscillation_cost": 789.4958042371973, "completition_cost": 888.8888888888888, "overshoot_cost": 221.24178163862143, "power_cost": 36.37151297607422, "noise_cost": 28.614816662689496, "n_waypoints_completed": 1, "tot_waypoints": 9}}
{"target": -2907.6838037818175, "params": {"k_pid_pos": [2.0, 0.002606898546218872, 0.0], "k_pid_alt": [2.0, 0.0, 0.9815292954444885], "k_pid_att": [97.94647979736328, 9.999999747378752e-05, 1.0], "k_pid_yaw": [0.5, 1e-06, 0.1], "k_pid_hsp": [9.999999747378752e-05, 0.0, 1.0], "k_pid_vsp": [35.82776641845703, 400.0, 388.2544860839844]}, "datetime": {"datetime": "2025-08-14 04:17:57", "elapsed": 66606.0462899208, "delta": 27.29605197906494}, "costs": {"total_cost": 2907.6838037818175, "time_cost": 150, "final_distance_cost": 450.71388209772385, "oscillation_cost": 837.863467528537, "completition_cost": 1000.0, "overshoot_cost": 407.43825995472895, "power_cost": 34.25273624267578, "noise_cost": 27.415457958151833, "n_waypoints_completed": 0, "tot_waypoints": 9}}
{"target": -7990.101739311067, "params": {"k_pid_pos": [1.963997721672058, 0.013809382915496826, 0.0], "k_pid_alt": [2.0, 0.0, 1.0], "k_pid_att": [100.0, 0.026776984333992004, 0.9772905111312866], "k_pid_yaw": [0.5, 1e-06, 0.1], "k_pid_hsp": [9.999999747378752e-05, 0.0, 1.0], "k_pid_vsp": [0.0, 377.9718933105469, 397.87921142578125]}, "datetime": {"datetime": "2025-08-14 04:18:27", "elapsed": 66635.41513133049, "delta": 29.368841409683228}, "costs": {"total_cost": 7990.101739311067, "time_cost": 150, "final_distance_cost": 2012.890909843246, "oscillation_cost": 821.7266473306813, "completition_cost": 1000.0, "overshoot_cost": 3939.6139815315487, "power_cost": 36.91316480712891, "noise_cost": 28.957035798462076, "n_waypoints_completed": 0, "tot_waypoints": 9}}
{"target": -2967.9195263556558, "params": {"k_pid_pos": [2.0, 0.0, 0.0], "k_pid_alt": [2.0, 0.0, 0.9263653755187988], "k_pid_att": [100.0, 0.7287335991859436, 1.0], "k_pid_yaw": [0.5, 1e-06, 0.1], "k_pid_hsp": [0.09079739451408386, 0.0, 1.0], "k_pid_vsp": [0.0, 399.078125, 380.0607604980469]}, "datetime": {"datetime": "2025-08-14 04:18:56", "elapsed": 66664.49676561356, "delta": 29.081634283065796}, "costs": {"total_cost": 2967.9195263556558, "time_cost": 150, "final_distance_cost": 222.8475604297696, "oscillation_cost": 840.7458611693074, "completition_cost": 1000.0, "overshoot_cost": 691.3954233986921, "power_cost": 34.86040072021485, "noise_cost": 28.070280637672326, "n_waypoints_completed": 0, "tot_waypoints": 9}}
{"target": -2706.2258024631897, "params": {"k_pid_pos": [1.909162998199463, 0.0, 0.0], "k_pid_alt": [1.839582085609436, 0.0, 0.9764905571937561], "k_pid_att": [100.0, 0.47056666016578674, 0.9529154896736145], "k_pid_yaw": [0.5, 1e-06, 0.1], "k_pid_hsp": [0.9039691686630249, 0.08440238237380981, 1.0], "k_pid_vsp": [27.1726131439209, 400.0, 400.0]}, "datetime": {"datetime": "2025-08-14 04:19:24", "elapsed": 66692.27700066566, "delta": 27.780235052108765}, "costs": {"total_cost": 2706.2258024631897, "time_cost": 150, "final_distance_cost": 142.97462111721933, "oscillation_cost": 781.9242413493666, "completition_cost": 1000.0, "overshoot_cost": 566.826706858646, "power_cost": 35.38453334960938, "noise_cost": 29.1156997883483, "n_waypoints_completed": 0, "tot_waypoints": 9}}
{"target": -2116.8927138229337, "params": {"k_pid_pos": [1.9887419939041138, 0.0, 0.05251675844192505], "k_pid_alt": [2.0, 0.04890283942222595, 0.9411054253578186], "k_pid_att": [99.86701965332031, 0.3571246564388275, 1.0], "k_pid_yaw": [0.5, 1e-06, 0.1], "k_pid_hsp": [0.4998924434185028, 0.035644710063934326, 1.0], "k_pid_vsp": [23.139202117919922, 400.0, 400.0]}, "datetime": {"datetime": "2025-08-14 04:19:52", "elapsed": 66720.08967494965, "delta": 27.812674283981323}, "costs": {"total_cost": 2116.8927138229337, "time_cost": 150, "final_distance_cost": 1.1222200721180922, "oscillation_cost": 690.8458881950711, "completition_cost": 1000.0, "overshoot_cost": 135.66832940891962, "power_cost": 41.02466387939453, "noise_cost": 98.23161226743066, "n_waypoints_completed": 0, "tot_waypoints": 9}}
{"target": -2153.0994258776614, "params": {"k_pid_pos": [2.0, 0.0, 0.003944575786590576], "k_pid_alt": [1.8646637201309204, 0.03681722283363342, 0.9614953398704529], "k_pid_att": [100.0, 9.999999747378752e-05, 0.9662519097328186], "k_pid_yaw": [0.5, 1e-06, 0.1], "k_pid_hsp": [0.6130343675613403, 0.0058522820472717285, 1.0], "k_pid_vsp": [0.0, 400.0, 393.4549255371094]}, "datetime": {"datetime": "2025-08-14 04:20:20", "elapsed": 66748.25735163689, "delta": 28.1676766872406}, "costs": {"total_cost": 2153.0994258776614, "time_cost": 150, "final_distance_cost": 167.79918249918623, "oscillation_cost": 468.85571353516445, "completition_cost": 1000.0, "overshoot_cost": 299.9631198121863, "power_cost": 36.54288012695313, "noise_cost": 29.938529904171432, "n_waypoints_completed": 0, "tot_waypoints": 9}}
{"target": -5894.7060611364495, "params": {"k_pid_pos": [1.9618841409683228, 0.0, 0.05461737513542175], "k_pid_alt": [1.8963875770568848, 0.0, 1.0], "k_pid_att": [100.0, 9.999999747378752e-05, 0.9725306034088135], "k_pid_yaw": [0.5, 1e-06, 0.1], "k_pid_hsp": [9.999999747378752e-05, 0.0, 0.940108597278595], "k_pid_vsp": [33.48045349121094, 400.0, 385.64752197265625]}, "datetime": {"datetime": "2025-08-14 04:20:48", "elapsed": 66776.29311132431, "delta": 28.035759687423706}, "costs": {"total_cost": 5894.7060611364495, "time_cost": 150, "final_distance_cost": 1316.2672613922828, "oscillation_cost": 780.8803443581427, "completition_cost": 1000.0, "overshoot_cost": 2588.3338997058095, "power_cost": 32.301662304687504, "noise_cost": 26.92289337552627, "n_waypoints_completed": 0, "tot_waypoints": 9}}
{"target": -2328.082123440482, "params": {"k_pid_pos": [1.9109042882919312, 0.009210467338562012, 0.0], "k_pid_alt": [1.8781503438949585, 0.0, 0.9533281326293945], "k_pid_att": [92.72972106933594, 0.1431497186422348, 1.0], "k_pid_yaw": [0.5, 1e-06, 0.1], "k_pid_hsp": [0.3374219536781311, 0.0, 0.9832248687744141], "k_pid_vsp": [28.849815368652344, 397.13916015625, 399.87188720703125]}, "datetime": {"datetime": "2025-08-14 04:21:16", "elapsed": 66804.81233358383, "delta": 28.519222259521484}, "costs": {"total_cost": 2328.082123440482, "time_cost": 150, "final_distance_cost": 52.755327643901445, "oscillation_cost": 625.1773337088448, "completition_cost": 1000.0, "overshoot_cost": 435.01913172870536, "power_cost": 36.6152923828125, "noise_cost": 28.51503797621784, "n_waypoints_completed": 0, "tot_waypoints": 9}}
{"target": -1906.9397931567303, "params": {"k_pid_pos": [2.0, 0.0, 0.0], "k_pid_alt": [2.0, 0.025585293769836426, 0.9892406463623047], "k_pid_att": [100.0, 9.999999747378752e-05, 1.0], "k_pid_yaw": [0.5, 1e-06, 0.1], "k_pid_hsp": [0.22557584941387177, 0.0, 1.0], "k_pid_vsp": [10.113286972045898, 400.0, 400.0]}, "datetime": {"datetime": "2025-08-14 04:21:44", "elapsed": 66832.98143839836, "delta": 28.16910481452942}, "costs": {"total_cost": 1906.9397931567303, "time_cost": 150, "final_distance_cost": 80.85141935037967, "oscillation_cost": 665.0802218521231, "completition_cost": 777.7777777777778, "overshoot_cost": 167.64524480670488, "power_cost": 37.10860506591797, "noise_cost": 28.47652430382683, "n_waypoints_completed": 2, "tot_waypoints": 9}}
{"target": -8339.177527396878, "params": {"k_pid_pos": [1.9272264242172241, 0.0835418701171875, 0.12589851021766663], "k_pid_alt": [1.9282793998718262, 0.0, 0.9996573328971863], "k_pid_att": [93.27001953125, 0.4303985834121704, 0.9312275052070618], "k_pid_yaw": [0.5, 1e-06, 0.1], "k_pid_hsp": [9.999999747378752e-05, 0.0, 0.9976937174797058], "k_pid_vsp": [12.092399597167969, 366.6711730957031, 400.0]}, "datetime": {"datetime": "2025-08-14 04:22:13", "elapsed": 66861.96142053604, "delta": 28.979982137680054}, "costs": {"total_cost": 8339.177527396878, "time_cost": 150, "final_distance_cost": 2335.6640971693155, "oscillation_cost": 771.7453924811484, "completition_cost": 1000.0, "overshoot_cost": 4021.008435648227, "power_cost": 33.219914477539064, "noise_cost": 27.539687620648607, "n_waypoints_completed": 0, "tot_waypoints": 9}}
{"target": -2229.215597780428, "params": {"k_pid_pos": [2.0, 0.0, 0.0], "k_pid_alt": [1.9370803833007812, 0.0, 0.9618852734565735], "k_pid_att": [100.0, 0.010106625035405159, 0.9825130701065063], "k_pid_yaw": [0.5, 1e-06, 0.1], "k_pid_hsp": [0.5977250933647156, 0.0005045533180236816, 0.8862111568450928], "k_pid_vsp": [0.0, 377.79718017578125, 371.77947998046875]}, "datetime": {"datetime": "2025-08-14 04:22:41", "elapsed": 66889.46597146988, "delta": 27.50455093383789}, "costs": {"total_cost": 2229.215597780428, "time_cost": 150, "final_distance_cost": 283.654391380542, "oscillation_cost": 436.8830287044785, "completition_cost": 1000.0, "overshoot_cost": 243.73324289377928, "power_cost": 39.61070295410156, "noise_cost": 75.33423184752655, "n_waypoints_completed": 0, "tot_waypoints": 9}}
{"target": -2486.029558884553, "params": {"k_pid_pos": [1.9021916389465332, 0.0, 0.0], "k_pid_alt": [1.985121726989746, 0.027154147624969482, 0.9933476448059082], "k_pid_att": [97.83966827392578, 9.999999747378752e-05, 0.9370194673538208], "k_pid_yaw": [0.5, 1e-06, 0.1], "k_pid_hsp": [9.999999747378752e-05, 0.007273316383361816, 0.9527300000190735], "k_pid_vsp": [35.64739227294922, 386.484619140625, 400.0]}, "datetime": {"datetime": "2025-08-14 04:23:09", "elapsed": 66917.24157047272, "delta": 27.775599002838135}, "costs": {"total_cost": 2486.029558884553, "time_cost": 150, "final_distance_cost": 223.92554151979348, "oscillation_cost": 831.0112447746667, "completition_cost": 1000.0, "overshoot_cost": 213.76941367708096, "power_cost": 38.141112365722655, "noise_cost": 29.182246547289314, "n_waypoints_completed": 0, "tot_waypoints": 9}}
{"target": -1792.5347651088607, "params": {"k_pid_pos": [2.0, 0.0, 0.08829662203788757], "k_pid_alt": [2.0, 0.0, 0.9664353132247925], "k_pid_att": [90.85723114013672, 0.2571934163570404, 0.9159663915634155], "k_pid_yaw": [0.5, 1e-06, 0.1], "k_pid_hsp": [1.4192581176757812, 0.025773823261260986, 0.9491738080978394], "k_pid_vsp": [0.0, 400.0, 389.412841796875]}, "datetime": {"datetime": "2025-08-14 04:23:37", "elapsed": 66945.53167390823, "delta": 28.290103435516357}, "costs": {"total_cost": 1792.5347651088607, "time_cost": 150, "final_distance_cost": 53.05167695232737, "oscillation_cost": 355.55841103268216, "completition_cost": 888.8888888888888, "overshoot_cost": 216.82857020015618, "power_cost": 39.801951696777344, "noise_cost": 88.4052663380288, "n_waypoints_completed": 1, "tot_waypoints": 9}}
{"target": -5888.462963706737, "params": {"k_pid_pos": [1.9720851182937622, 0.06353357434272766, 0.0], "k_pid_alt": [1.9584838151931763, 0.06333315372467041, 1.0], "k_pid_att": [97.46261596679688, 9.999999747378752e-05, 1.0], "k_pid_yaw": [0.5, 1e-06, 0.1], "k_pid_hsp": [9.999999747378752e-05, 0.0027655065059661865, 0.9657168388366699], "k_pid_vsp": [0.0, 400.0, 400.0]}, "datetime": {"datetime": "2025-08-14 04:24:04", "elapsed": 66972.86603593826, "delta": 27.334362030029297}, "costs": {"total_cost": 5888.462963706737, "time_cost": 150, "final_distance_cost": 1805.0884801968366, "oscillation_cost": 723.4941452657436, "completition_cost": 888.8888888888888, "overshoot_cost": 2259.032974897278, "power_cost": 34.237677673339846, "noise_cost": 27.720796784650386, "n_waypoints_completed": 1, "tot_waypoints": 9}}
{"target": -6266.457781461709, "params": {"k_pid_pos": [1.7814099788665771, 0.052170366048812866, 0.10376748442649841], "k_pid_alt": [1.8555549383163452, 0.0024244189262390137, 0.9224411249160767], "k_pid_att": [93.9583740234375, 0.6632156372070312, 0.9814728498458862], "k_pid_yaw": [0.5, 1e-06, 0.1], "k_pid_hsp": [9.999999747378752e-05, 0.0, 0.9992965459823608], "k_pid_vsp": [0.0, 400.0, 400.0]}, "datetime": {"datetime": "2025-08-14 04:24:31", "elapsed": 67000.01523900032, "delta": 27.149203062057495}, "costs": {"total_cost": 6266.457781461709, "time_cost": 150, "final_distance_cost": 1773.645503831704, "oscillation_cost": 708.1975448487965, "completition_cost": 1000.0, "overshoot_cost": 2571.641851713324, "power_cost": 34.796350769042974, "noise_cost": 28.176530298841534, "n_waypoints_completed": 0, "tot_waypoints": 9}}
{"target": -2750.5880179473484, "params": {"k_pid_pos": [2.0, 0.0, 0.013960570096969604], "k_pid_alt": [1.9596929550170898, 0.0, 1.0], "k_pid_att": [99.65411376953125, 0.06552974879741669, 1.0], "k_pid_yaw": [0.5, 1e-06, 0.1], "k_pid_hsp": [9.999999747378752e-05, 0.0, 1.0], "k_pid_vsp": [11.499774932861328, 397.261962890625, 400.0]}, "datetime": {"datetime": "2025-08-14 04:24:59", "elapsed": 67027.67360210419, "delta": 27.658363103866577}, "costs": {"total_cost": 2750.5880179473484, "time_cost": 150, "final_distance_cost": 104.64483786755471, "oscillation_cost": 670.4637152462159, "completition_cost": 1000.0, "overshoot_cost": 761.2927919943747, "power_cost": 36.31555577392578, "noise_cost": 27.871117065277247, "n_waypoints_completed": 0, "tot_waypoints": 9}}
{"target": -4996.402517776556, "params": {"k_pid_pos": [1.8030115365982056, 0.0, 0.03441181778907776], "k_pid_alt": [1.9695327281951904, 0.0, 0.9836248755455017], "k_pid_att": [100.0, 0.002194188302382827, 1.0], "k_pid_yaw": [0.5, 1e-06, 0.1], "k_pid_hsp": [0.2778494954109192, 0.03221237659454346, 1.0], "k_pid_vsp": [15.594339370727539, 375.2162170410156, 400.0]}, "datetime": {"datetime": "2025-08-14 04:25:27", "elapsed": 67055.37829065323, "delta": 27.704688549041748}, "costs": {"total_cost": 4996.402517776556, "time_cost": 150, "final_distance_cost": 1214.346564511774, "oscillation_cost": 734.2854689548801, "completition_cost": 1000.0, "overshoot_cost": 1835.3030489236694, "power_cost": 34.48205690917969, "noise_cost": 27.985378477052006, "n_waypoints_completed": 0, "tot_waypoints": 9}}
{"target": -1710.950168887439, "params": {"k_pid_pos": [2.0, 0.05076226592063904, 0.0], "k_pid_alt": [1.8449931144714355, 0.0, 0.9774695634841919], "k_pid_att": [90.23316955566406, 9.999999747378752e-05, 1.0], "k_pid_yaw": [0.5, 1e-06, 0.1], "k_pid_hsp": [0.9150370359420776, 0.026373088359832764, 1.0], "k_pid_vsp": [0.0, 385.0248718261719, 389.0861511230469]}, "datetime": {"datetime": "2025-08-14 04:25:55", "elapsed": 67083.44928359985, "delta": 28.070992946624756}, "costs": {"total_cost": 1710.950168887439, "time_cost": 150, "final_distance_cost": 1.155577924755592, "oscillation_cost": 312.1033878636492, "completition_cost": 1000.0, "overshoot_cost": 128.54435753123482, "power_cost": 39.46118189697266, "noise_cost": 79.68566367082659, "n_waypoints_completed": 0, "tot_waypoints": 9}}
{"target": -2522.07318443695, "params": {"k_pid_pos": [2.0, 0.0, 0.0037573575973510742], "k_pid_alt": [1.8210515975952148, 0.0, 0.9660288095474243], "k_pid_att": [92.53890991210938, 9.999999747378752e-05, 1.0], "k_pid_yaw": [0.5, 1e-06, 0.1], "k_pid_hsp": [0.3031204044818878, 0.0, 1.0], "k_pid_vsp": [3.9693117141723633, 400.0, 400.0]}, "datetime": {"datetime": "2025-08-14 04:26:23", "elapsed": 67111.24308562279, "delta": 27.79380202293396}, "costs": {"total_cost": 2522.07318443695, "time_cost": 150, "final_distance_cost": 179.87523656937563, "oscillation_cost": 471.1626833809367, "completition_cost": 1000.0, "overshoot_cost": 655.9291644380907, "power_cost": 36.34720798339844, "noise_cost": 28.75889206514901, "n_waypoints_completed": 0, "tot_waypoints": 9}}
{"target": -2080.2931611476597, "params": {"k_pid_pos": [2.0, 0.014956921339035034, 0.00995403528213501], "k_pid_alt": [1.82480788230896, 0.006219327449798584, 0.9931460618972778], "k_pid_att": [96.95571899414062, 9.999999747378752e-05, 1.0], "k_pid_yaw": [0.5, 1e-06, 0.1], "k_pid_hsp": [0.16463756561279297, 0.0, 1.0], "k_pid_vsp": [0.0, 400.0, 385.1183776855469]}, "datetime": {"datetime": "2025-08-14 04:26:49", "elapsed": 67137.98006749153, "delta": 26.736981868743896}, "costs": {"total_cost": 2080.2931611476597, "time_cost": 150, "final_distance_cost": 82.1439685881113, "oscillation_cost": 794.2270337480506, "completition_cost": 888.8888888888888, "overshoot_cost": 98.5162050631027, "power_cost": 38.326341601562504, "noise_cost": 28.19072325794372, "n_waypoints_completed": 1, "tot_waypoints": 9}}
{"target": -2234.2253138813458, "params": {"k_pid_pos": [1.9550758600234985, 0.0, 0.10404127836227417], "k_pid_alt": [1.921485185623169, 0.0, 1.0], "k_pid_att": [99.53291320800781, 0.9503393173217773, 0.9714250564575195], "k_pid_yaw": [0.5, 1e-06, 0.1], "k_pid_hsp": [0.871997594833374, 0.11862567067146301, 1.0], "k_pid_vsp": [0.0, 400.0, 388.1161804199219]}, "datetime": {"datetime": "2025-08-14 04:27:17", "elapsed": 67165.51835155487, "delta": 27.538284063339233}, "costs": {"total_cost": 2234.2253138813458, "time_cost": 150, "final_distance_cost": 81.91304861350581, "oscillation_cost": 525.0627509213466, "completition_cost": 888.8888888888888, "overshoot_cost": 522.3503137061961, "power_cost": 36.464776416015624, "noise_cost": 29.545535335393385, "n_waypoints_completed": 1, "tot_waypoints": 9}}
