{"target": -2237.198550391283, "params": {"k_pid_pos": [1.9963250160217285, 0.0, 0.058338314294815063], "k_pid_alt": [2.0, 0.0, 0.9963276386260986], "k_pid_att": [100.0, 0.27036499977111816, 1.0], "k_pid_yaw": [0.5, 1e-06, 0.1], "k_pid_hsp": [0.7012557983398438, 0.05178067088127136, 0.9175111055374146], "k_pid_vsp": [10.621536254882812, 400.0, 400.0]}, "datetime": {"datetime": "2025-08-13 21:58:10", "elapsed": 43819.07531642914, "delta": 29.359840154647827}, "costs": {"total_cost": 2237.198550391283, "time_cost": 150, "final_distance_cost": 1.0683190099515427, "oscillation_cost": 736.5211745753395, "completition_cost": 1000.0, "overshoot_cost": 158.62484401669755, "power_cost": 55.47301021728516, "noise_cost": 135.51120257200918, "n_waypoints_completed": 0, "tot_waypoints": 9}}
{"target": -4548.3610583799855, "params": {"k_pid_pos": [2.0, 0.04523110389709473, 0.0], "k_pid_alt": [2.0, 0.0035254359245300293, 1.0], "k_pid_att": [100.0, 9.999999747378752e-05, 1.0], "k_pid_yaw": [0.5, 1e-06, 0.1], "k_pid_hsp": [9.999999747378752e-05, 0.008178651332855225, 1.0], "k_pid_vsp": [0.0, 391.0625, 381.6900329589844]}, "datetime": {"datetime": "2025-08-13 21:58:40", "elapsed": 43848.701647520065, "delta": 29.626331090927124}, "costs": {"total_cost": 4548.3610583799855, "time_cost": 150, "final_distance_cost": 1281.4335887483992, "oscillation_cost": 723.0647621052498, "completition_cost": 1000.0, "overshoot_cost": 1332.4641239170526, "power_cost": 33.794985412597654, "noise_cost": 27.603598196687447, "n_waypoints_completed": 0, "tot_waypoints": 9}}
{"target": -3677.65582681289, "params": {"k_pid_pos": [1.9718561172485352, 0.01704692840576172, 0.0], "k_pid_alt": [2.0, 0.0, 0.966322660446167], "k_pid_att": [95.15133666992188, 0.14369450509548187, 0.9617462754249573], "k_pid_yaw": [0.5, 1e-06, 0.1], "k_pid_hsp": [9.999999747378752e-05, 0.0, 0.94582200050354], "k_pid_vsp": [0.0, 342.90167236328125, 400.0]}, "datetime": {"datetime": "2025-08-13 21:59:10", "elapsed": 43878.54638338089, "delta": 29.844735860824585}, "costs": {"total_cost": 3677.65582681289, "time_cost": 150, "final_distance_cost": 675.6639868445026, "oscillation_cost": 824.5157260514559, "completition_cost": 1000.0, "overshoot_cost": 966.250307631662, "power_cost": 33.71358978271485, "noise_cost": 27.51221650255507, "n_waypoints_completed": 0, "tot_waypoints": 9}}
{"target": -2502.5862330666882, "params": {"k_pid_pos": [2.0, 0.03232428431510925, 0.0], "k_pid_alt": [2.0, 0.034496426582336426, 0.9724769592285156], "k_pid_att": [100.0, 0.7541701793670654, 1.0], "k_pid_yaw": [0.5, 1e-06, 0.1], "k_pid_hsp": [9.999999747378752e-05, 0.008325666189193726, 1.0], "k_pid_vsp": [23.056400299072266, 400.0, 400.0]}, "datetime": {"datetime": "2025-08-13 21:59:39", "elapsed": 43907.38090801239, "delta": 28.834524631500244}, "costs": {"total_cost": 2502.5862330666882, "time_cost": 150, "final_distance_cost": 42.63469950568469, "oscillation_cost": 672.2195308029198, "completition_cost": 1000.0, "overshoot_cost": 570.6225403983917, "power_cost": 38.6921836303711, "noise_cost": 28.417278729320945, "n_waypoints_completed": 0, "tot_waypoints": 9}}
{"target": -6589.713804038285, "params": {"k_pid_pos": [2.0, 0.0, 0.0], "k_pid_alt": [1.9230678081512451, 0.04536435008049011, 1.0], "k_pid_att": [96.5439224243164, 9.999999747378752e-05, 1.0], "k_pid_yaw": [0.5, 1e-06, 0.1], "k_pid_hsp": [9.999999747378752e-05, 0.0, 1.0], "k_pid_vsp": [18.057655334472656, 400.0, 400.0]}, "datetime": {"datetime": "2025-08-13 22:00:09", "elapsed": 43937.3260884285, "delta": 29.945180416107178}, "costs": {"total_cost": 6589.713804038285, "time_cost": 150, "final_distance_cost": 1633.8941505861064, "oscillation_cost": 732.4321761424975, "completition_cost": 1000.0, "overshoot_cost": 3015.432075775213, "power_cost": 31.275721789550783, "noise_cost": 26.67967974491754, "n_waypoints_completed": 0, "tot_waypoints": 9}}
{"target": -2099.486253011791, "params": {"k_pid_pos": [1.9389839172363281, 0.0, 0.021397948265075684], "k_pid_alt": [1.9869587421417236, 0.0, 1.0], "k_pid_att": [100.0, 9.999999747378752e-05, 1.0], "k_pid_yaw": [0.5, 1e-06, 0.1], "k_pid_hsp": [9.999999747378752e-05, 0.0, 0.9950670599937439], "k_pid_vsp": [38.085533142089844, 377.6150207519531, 400.0]}, "datetime": {"datetime": "2025-08-13 22:00:38", "elapsed": 43966.86641168594, "delta": 29.54032325744629}, "costs": {"total_cost": 2099.486253011791, "time_cost": 150, "final_distance_cost": 51.162524470172386, "oscillation_cost": 743.1239667533268, "completition_cost": 1000.0, "overshoot_cost": 87.7772674592216, "power_cost": 38.82954779052734, "noise_cost": 28.592946538542776, "n_waypoints_completed": 0, "tot_waypoints": 9}}
{"target": -2043.289651250473, "params": {"k_pid_pos": [2.0, 0.0, 0.06970047950744629], "k_pid_alt": [1.9272098541259766, 0.0, 1.0], "k_pid_att": [98.88072204589844, 9.999999747378752e-05, 1.0], "k_pid_yaw": [0.5, 1e-06, 0.1], "k_pid_hsp": [0.20410796999931335, 0.0, 0.9453848600387573], "k_pid_vsp": [23.326623916625977, 400.0, 398.0809326171875]}, "datetime": {"datetime": "2025-08-13 22:01:08", "elapsed": 43996.264867544174, "delta": 29.39845585823059}, "costs": {"total_cost": 2043.289651250473, "time_cost": 150, "final_distance_cost": 71.78702726942221, "oscillation_cost": 777.7550596904756, "completition_cost": 888.8888888888888, "overshoot_cost": 86.1645359030223, "power_cost": 39.288861242675786, "noise_cost": 29.405278255988343, "n_waypoints_completed": 1, "tot_waypoints": 9}}
{"target": -4048.824242473046, "params": {"k_pid_pos": [2.0, 0.026928335428237915, 0.0], "k_pid_alt": [2.0, 0.0, 1.0], "k_pid_att": [93.1124496459961, 9.999999747378752e-05, 1.0], "k_pid_yaw": [0.5, 1e-06, 0.1], "k_pid_hsp": [9.999999747378752e-05, 0.0, 1.0], "k_pid_vsp": [0.0, 372.9754943847656, 400.0]}, "datetime": {"datetime": "2025-08-13 22:01:37", "elapsed": 44025.49426984787, "delta": 29.22940230369568}, "costs": {"total_cost": 4048.824242473046, "time_cost": 150, "final_distance_cost": 775.4985974999036, "oscillation_cost": 914.4666104170249, "completition_cost": 1000.0, "overshoot_cost": 1145.0728081229518, "power_cost": 35.8193322265625, "noise_cost": 27.96689420660364, "n_waypoints_completed": 0, "tot_waypoints": 9}}
{"target": -3757.7856844048297, "params": {"k_pid_pos": [1.9930685758590698, 0.0, 0.03727900981903076], "k_pid_alt": [1.8813061714172363, 0.11243289709091187, 1.0], "k_pid_att": [94.98812866210938, 0.017115764319896698, 0.9585500955581665], "k_pid_yaw": [0.5, 1e-06, 0.1], "k_pid_hsp": [9.999999747378752e-05, 0.0, 0.8908208012580872], "k_pid_vsp": [0.0, 400.0, 379.9245910644531]}, "datetime": {"datetime": "2025-08-13 22:02:07", "elapsed": 44055.42319417, "delta": 29.928924322128296}, "costs": {"total_cost": 3757.7856844048297, "time_cost": 150, "final_distance_cost": 590.4859143379184, "oscillation_cost": 822.9601152982076, "completition_cost": 1000.0, "overshoot_cost": 1132.2945477376584, "power_cost": 34.1746049194336, "noise_cost": 27.87050211161193, "n_waypoints_completed": 0, "tot_waypoints": 9}}
{"target": -2991.0294481134406, "params": {"k_pid_pos": [2.0, 0.0024854540824890137, 0.0], "k_pid_alt": [1.9029555320739746, 0.0, 1.0], "k_pid_att": [99.57854461669922, 0.49867740273475647, 0.9669319987297058], "k_pid_yaw": [0.5, 1e-06, 0.1], "k_pid_hsp": [0.33020031452178955, 0.010640949010848999, 0.9718643426895142], "k_pid_vsp": [24.715757369995117, 363.6197204589844, 400.0]}, "datetime": {"datetime": "2025-08-13 22:02:36", "elapsed": 44084.80204749107, "delta": 29.37885332107544}, "costs": {"total_cost": 2991.0294481134406, "time_cost": 150, "final_distance_cost": 544.3520677083375, "oscillation_cost": 745.3571503701302, "completition_cost": 1000.0, "overshoot_cost": 490.3824959074182, "power_cost": 33.23124665527344, "noise_cost": 27.706487472281523, "n_waypoints_completed": 0, "tot_waypoints": 9}}
{"target": -2109.9894730730502, "params": {"k_pid_pos": [1.9625968933105469, 0.008735448122024536, 0.0], "k_pid_alt": [1.8930230140686035, 0.014654964208602905, 0.9223988056182861], "k_pid_att": [100.0, 9.999999747378752e-05, 0.9744479656219482], "k_pid_yaw": [0.5, 1e-06, 0.1], "k_pid_hsp": [0.7697048187255859, 0.0, 1.0], "k_pid_vsp": [0.4633188247680664, 400.0, 400.0]}, "datetime": {"datetime": "2025-08-13 22:03:06", "elapsed": 44114.142154216766, "delta": 29.34010672569275}, "costs": {"total_cost": 2109.9894730730502, "time_cost": 150, "final_distance_cost": 1.0458278833611954, "oscillation_cost": 684.2405870177158, "completition_cost": 1000.0, "overshoot_cost": 130.4078058420211, "power_cost": 43.51417362060547, "noise_cost": 100.78107870934637, "n_waypoints_completed": 0, "tot_waypoints": 9}}
{"target": -5015.03383481808, "params": {"k_pid_pos": [2.0, 0.0, 0.0], "k_pid_alt": [1.9889791011810303, 0.00993126630783081, 1.0], "k_pid_att": [100.0, 9.999999747378752e-05, 1.0], "k_pid_yaw": [0.5, 1e-06, 0.1], "k_pid_hsp": [0.21688707172870636, 0.04475200176239014, 0.9492925405502319], "k_pid_vsp": [0.0, 372.670166015625, 400.0]}, "datetime": {"datetime": "2025-08-13 22:03:36", "elapsed": 44144.12429976463, "delta": 29.98214554786682}, "costs": {"total_cost": 5015.03383481808, "time_cost": 150, "final_distance_cost": 1194.7951962046468, "oscillation_cost": 697.4297654845261, "completition_cost": 1000.0, "overshoot_cost": 1910.1114933838062, "power_cost": 34.83033123779297, "noise_cost": 27.867048507307818, "n_waypoints_completed": 0, "tot_waypoints": 9}}
{"target": -2236.044911058684, "params": {"k_pid_pos": [1.9204102754592896, 0.017697572708129883, 0.0], "k_pid_alt": [1.8562030792236328, 0.0, 0.9491209983825684], "k_pid_att": [100.0, 9.999999747378752e-05, 1.0], "k_pid_yaw": [0.5, 1e-06, 0.1], "k_pid_hsp": [9.999999747378752e-05, 0.0, 0.9997432827949524], "k_pid_vsp": [63.505409240722656, 400.0, 400.0]}, "datetime": {"datetime": "2025-08-13 22:04:06", "elapsed": 44174.63210582733, "delta": 30.507806062698364}, "costs": {"total_cost": 2236.044911058684, "time_cost": 150, "final_distance_cost": 54.089656383666636, "oscillation_cost": 789.5825644792939, "completition_cost": 1000.0, "overshoot_cost": 163.66585071458803, "power_cost": 48.12644390869141, "noise_cost": 30.580395572444562, "n_waypoints_completed": 0, "tot_waypoints": 9}}
{"target": -1968.472181560802, "params": {"k_pid_pos": [1.9158902168273926, 0.060089439153671265, 0.08014172315597534], "k_pid_alt": [1.9470750093460083, 0.0, 0.9901658892631531], "k_pid_att": [98.52381134033203, 9.999999747378752e-05, 1.0], "k_pid_yaw": [0.5, 1e-06, 0.1], "k_pid_hsp": [0.06290002167224884, 0.057622671127319336, 1.0], "k_pid_vsp": [0.0, 399.6111755371094, 400.0]}, "datetime": {"datetime": "2025-08-13 22:04:36", "elapsed": 44204.64046382904, "delta": 30.008358001708984}, "costs": {"total_cost": 1968.472181560802, "time_cost": 150, "final_distance_cost": 89.6369329584233, "oscillation_cost": 686.1251862801778, "completition_cost": 777.7777777777778, "overshoot_cost": 155.7241129095653, "power_cost": 38.921547814941405, "noise_cost": 70.28662381991627, "n_waypoints_completed": 2, "tot_waypoints": 9}}
{"target": -2916.895145672109, "params": {"k_pid_pos": [1.866178035736084, 0.05657225847244263, 0.06807142496109009], "k_pid_alt": [2.0, 0.0, 0.9587352871894836], "k_pid_att": [100.0, 9.999999747378752e-05, 1.0], "k_pid_yaw": [0.5, 1e-06, 0.1], "k_pid_hsp": [0.6249665021896362, 0.058890968561172485, 0.9009146690368652], "k_pid_vsp": [5.912065505981445, 391.3384094238281, 400.0]}, "datetime": {"datetime": "2025-08-13 22:05:06", "elapsed": 44234.09654259682, "delta": 29.45607876777649}, "costs": {"total_cost": 2916.895145672109, "time_cost": 150, "final_distance_cost": 687.1299752746606, "oscillation_cost": 545.6583147826786, "completition_cost": 666.6666666666667, "overshoot_cost": 801.8179488927443, "power_cost": 35.487800732421874, "noise_cost": 30.1344393229363, "n_waypoints_completed": 3, "tot_waypoints": 9}}
{"target": -3963.9269821826174, "params": {"k_pid_pos": [2.0, 0.04397237300872803, 0.014434725046157837], "k_pid_alt": [2.0, 0.04619652032852173, 1.0], "k_pid_att": [100.0, 0.5002822875976562, 0.9898933172225952], "k_pid_yaw": [0.5, 1e-06, 0.1], "k_pid_hsp": [0.7516120076179504, 0.0, 0.9877346754074097], "k_pid_vsp": [5.3496599197387695, 400.0, 400.0]}, "datetime": {"datetime": "2025-08-13 22:05:37", "elapsed": 44265.99697971344, "delta": 31.900437116622925}, "costs": {"total_cost": 3963.9269821826174, "time_cost": 150, "final_distance_cost": 861.848580262738, "oscillation_cost": 671.3971855130027, "completition_cost": 1000.0, "overshoot_cost": 1216.2236990370934, "power_cost": 34.898043615722656, "noise_cost": 29.55947375406081, "n_waypoints_completed": 0, "tot_waypoints": 9}}
{"target": -4421.643504120674, "params": {"k_pid_pos": [2.0, 0.06936472654342651, 0.0692703127861023], "k_pid_alt": [1.9625530242919922, 0.0, 0.9793550968170166], "k_pid_att": [90.16053771972656, 9.999999747378752e-05, 1.0], "k_pid_yaw": [0.5, 1e-06, 0.1], "k_pid_hsp": [0.36411502957344055, 0.04423251748085022, 1.0], "k_pid_vsp": [0.0, 384.8341369628906, 400.0]}, "datetime": {"datetime": "2025-08-13 22:06:07", "elapsed": 44295.22612404823, "delta": 29.22914433479309}, "costs": {"total_cost": 4421.643504120674, "time_cost": 150, "final_distance_cost": 525.339426478775, "oscillation_cost": 750.432428680102, "completition_cost": 1000.0, "overshoot_cost": 1932.3078556042403, "power_cost": 35.539631591796876, "noise_cost": 28.024161765760503, "n_waypoints_completed": 0, "tot_waypoints": 9}}
{"target": -1885.8230033382083, "params": {"k_pid_pos": [1.9304529428482056, 0.0, 0.0], "k_pid_alt": [2.0, 0.0016123652458190918, 1.0], "k_pid_att": [100.0, 9.999999747378752e-05, 0.9052321314811707], "k_pid_yaw": [0.5, 1e-06, 0.1], "k_pid_hsp": [0.4445253610610962, 0.022430121898651123, 0.992900550365448], "k_pid_vsp": [48.038639068603516, 400.0, 400.0]}, "datetime": {"datetime": "2025-08-13 22:06:36", "elapsed": 44324.26738905907, "delta": 29.04126501083374}, "costs": {"total_cost": 1885.8230033382083, "time_cost": 150, "final_distance_cost": 72.10480577973865, "oscillation_cost": 676.8548157138041, "completition_cost": 777.7777777777778, "overshoot_cost": 142.88975245539666, "power_cost": 37.527485998535155, "noise_cost": 28.66836561295568, "n_waypoints_completed": 2, "tot_waypoints": 9}}
{"target": -2113.1269287100345, "params": {"k_pid_pos": [1.963763952255249, 0.0, 0.0], "k_pid_alt": [2.0, 0.07735824584960938, 0.9507516622543335], "k_pid_att": [94.52812957763672, 9.999999747378752e-05, 0.9377785921096802], "k_pid_yaw": [0.5, 1e-06, 0.1], "k_pid_hsp": [9.999999747378752e-05, 0.0, 1.0], "k_pid_vsp": [0.0, 398.4063720703125, 400.0]}, "datetime": {"datetime": "2025-08-13 22:07:06", "elapsed": 44354.93651032448, "delta": 30.669121265411377}, "costs": {"total_cost": 2113.1269287100345, "time_cost": 150, "final_distance_cost": 1.1724324623387719, "oscillation_cost": 774.3769400094088, "completition_cost": 1000.0, "overshoot_cost": 83.02118033602346, "power_cost": 41.15001662597656, "noise_cost": 63.40635927628704, "n_waypoints_completed": 0, "tot_waypoints": 9}}
{"target": -5553.840720748246, "params": {"k_pid_pos": [2.0, 0.0, 0.0], "k_pid_alt": [1.9515712261199951, 0.023398876190185547, 0.9885908365249634], "k_pid_att": [100.0, 9.999999747378752e-05, 0.929763674736023], "k_pid_yaw": [0.5, 1e-06, 0.1], "k_pid_hsp": [0.1042032390832901, 0.055986642837524414, 1.0], "k_pid_vsp": [27.116382598876953, 396.1051940917969, 391.74090576171875]}, "datetime": {"datetime": "2025-08-13 22:07:35", "elapsed": 44383.15673279762, "delta": 28.22022247314453}, "costs": {"total_cost": 5553.840720748246, "time_cost": 150, "final_distance_cost": 1018.8866133983945, "oscillation_cost": 942.5207259265242, "completition_cost": 1000.0, "overshoot_cost": 2383.3777421796, "power_cost": 32.02750415039063, "noise_cost": 27.028135093336726, "n_waypoints_completed": 0, "tot_waypoints": 9}}
{"target": -2103.7654194673214, "params": {"k_pid_pos": [2.0, 0.0, 0.0], "k_pid_alt": [2.0, 0.08800941705703735, 0.9986266493797302], "k_pid_att": [100.0, 0.4693125784397125, 1.0], "k_pid_yaw": [0.5, 1e-06, 0.1], "k_pid_hsp": [9.999999747378752e-05, 0.0, 1.0], "k_pid_vsp": [4.450929164886475, 398.4731140136719, 400.0]}, "datetime": {"datetime": "2025-08-13 22:08:03", "elapsed": 44411.992769002914, "delta": 28.836036205291748}, "costs": {"total_cost": 2103.7654194673214, "time_cost": 150, "final_distance_cost": 49.65487504274155, "oscillation_cost": 766.1416184758616, "completition_cost": 1000.0, "overshoot_cost": 72.2593947218194, "power_cost": 37.40164122314453, "noise_cost": 28.307890003753894, "n_waypoints_completed": 0, "tot_waypoints": 9}}
{"target": -3763.444983651356, "params": {"k_pid_pos": [1.912053108215332, 0.0081329345703125, 0.03698164224624634], "k_pid_alt": [2.0, 0.030024975538253784, 0.9830924272537231], "k_pid_att": [100.0, 0.47308075428009033, 1.0], "k_pid_yaw": [0.5, 1e-06, 0.1], "k_pid_hsp": [9.999999747378752e-05, 0.030114799737930298, 0.8841748833656311], "k_pid_vsp": [0.0, 400.0, 400.0]}, "datetime": {"datetime": "2025-08-13 22:08:33", "elapsed": 44441.765191078186, "delta": 29.772422075271606}, "costs": {"total_cost": 3763.444983651356, "time_cost": 150, "final_distance_cost": 618.2540747611966, "oscillation_cost": 882.5882557520047, "completition_cost": 1000.0, "overshoot_cost": 1052.7911695036673, "power_cost": 33.04013592529297, "noise_cost": 26.771347709194195, "n_waypoints_completed": 0, "tot_waypoints": 9}}
{"target": -2314.9507770501314, "params": {"k_pid_pos": [2.0, 0.0, 0.02883327007293701], "k_pid_alt": [1.9149391651153564, 0.0, 0.9549771547317505], "k_pid_att": [100.0, 9.999999747378752e-05, 0.9921141862869263], "k_pid_yaw": [0.5, 1e-06, 0.1], "k_pid_hsp": [9.999999747378752e-05, 0.0, 1.0], "k_pid_vsp": [0.0, 400.0, 400.0]}, "datetime": {"datetime": "2025-08-13 22:09:03", "elapsed": 44471.42466163635, "delta": 29.659470558166504}, "costs": {"total_cost": 2314.9507770501314, "time_cost": 150, "final_distance_cost": 37.04389317322132, "oscillation_cost": 736.077527205891, "completition_cost": 1000.0, "overshoot_cost": 215.5032325646247, "power_cost": 48.11142077636719, "noise_cost": 128.21470333002713, "n_waypoints_completed": 0, "tot_waypoints": 9}}
{"target": -2596.4744222926097, "params": {"k_pid_pos": [1.931364893913269, 0.0, 0.0], "k_pid_alt": [1.8807971477508545, 0.0, 0.9911326766014099], "k_pid_att": [95.33513641357422, 9.999999747378752e-05, 1.0], "k_pid_yaw": [0.5, 1e-06, 0.1], "k_pid_hsp": [9.999999747378752e-05, 0.0038900375366210938, 1.0], "k_pid_vsp": [0.0, 400.0, 400.0]}, "datetime": {"datetime": "2025-08-13 22:09:32", "elapsed": 44500.83206987381, "delta": 29.407408237457275}, "costs": {"total_cost": 2596.4744222926097, "time_cost": 150, "final_distance_cost": 372.0953350102275, "oscillation_cost": 738.9458337724107, "completition_cost": 888.8888888888888, "overshoot_cost": 386.7403325271092, "power_cost": 33.30256044921875, "noise_cost": 26.501471644755043, "n_waypoints_completed": 1, "tot_waypoints": 9}}
{"target": -1884.6180238392753, "params": {"k_pid_pos": [1.9237977266311646, 0.0, 0.03884357213973999], "k_pid_alt": [1.9445018768310547, 0.039227455854415894, 1.0], "k_pid_att": [94.96347045898438, 0.46760016679763794, 0.954612135887146], "k_pid_yaw": [0.5, 1e-06, 0.1], "k_pid_hsp": [0.5966286659240723, 0.0, 1.0], "k_pid_vsp": [0.0, 400.0, 388.8865051269531]}, "datetime": {"datetime": "2025-08-13 22:10:02", "elapsed": 44530.88518738747, "delta": 30.053117513656616}, "costs": {"total_cost": 1884.6180238392753, "time_cost": 150, "final_distance_cost": 72.24891040229457, "oscillation_cost": 669.7423170562928, "completition_cost": 777.7777777777778, "overshoot_cost": 149.63674111544802, "power_cost": 36.299963232421874, "noise_cost": 28.912314255040165, "n_waypoints_completed": 2, "tot_waypoints": 9}}
{"target": -3843.9468171278286, "params": {"k_pid_pos": [1.9474303722381592, 0.028723210096359253, 0.0], "k_pid_alt": [2.0, 0.04399767518043518, 0.9969792366027832], "k_pid_att": [95.5862045288086, 0.759384036064148, 0.9801250696182251], "k_pid_yaw": [0.5, 1e-06, 0.1], "k_pid_hsp": [9.999999747378752e-05, 0.0, 1.0], "k_pid_vsp": [0.0, 392.487060546875, 400.0]}, "datetime": {"datetime": "2025-08-13 22:10:32", "elapsed": 44560.38504290581, "delta": 29.499855518341064}, "costs": {"total_cost": 3843.9468171278286, "time_cost": 150, "final_distance_cost": 791.8797975552795, "oscillation_cost": 713.0814360137502, "completition_cost": 1000.0, "overshoot_cost": 1129.5251700739718, "power_cost": 32.26929820556641, "noise_cost": 27.191115279260202, "n_waypoints_completed": 0, "tot_waypoints": 9}}
{"target": -9152.332266488773, "params": {"k_pid_pos": [2.0, 0.0, 0.04441237449645996], "k_pid_alt": [1.9394185543060303, 0.0, 0.9606331586837769], "k_pid_att": [95.15526580810547, 9.999999747378752e-05, 0.982875406742096], "k_pid_yaw": [0.5, 1e-06, 0.1], "k_pid_hsp": [0.6598846316337585, 0.0, 1.0], "k_pid_vsp": [7.273650169372559, 400.0, 400.0]}, "datetime": {"datetime": "2025-08-13 22:11:01", "elapsed": 44589.73716711998, "delta": 29.352124214172363}, "costs": {"total_cost": 9152.332266488773, "time_cost": 150, "final_distance_cost": 2338.335461448024, "oscillation_cost": 775.5329514796317, "completition_cost": 1000.0, "overshoot_cost": 4826.847858017703, "power_cost": 33.42123885498047, "noise_cost": 28.19475668843355, "n_waypoints_completed": 0, "tot_waypoints": 9}}
