{"target": -8752.85250824006, "params": {"k_pid_pos": [1.8968993425369263, 0.0, 0.0], "k_pid_alt": [2.0, 0.0, 0.9536904096603394], "k_pid_att": [100.0, 9.999999747378752e-05, 1.0], "k_pid_yaw": [0.5, 1e-06, 0.1], "k_pid_hsp": [0.1464991718530655, 0.0, 0.9922429323196411], "k_pid_vsp": [0.17154216766357422, 400.0, 400.0]}, "datetime": {"datetime": "2025-08-14 03:22:55", "elapsed": 63303.95740008354, "delta": 27.737008094787598}, "costs": {"total_cost": 8752.85250824006, "time_cost": 150, "final_distance_cost": 1863.399116921365, "oscillation_cost": 806.825611643369, "completition_cost": 1000.0, "overshoot_cost": 4873.154948977012, "power_cost": 32.39600225830078, "noise_cost": 27.076828440010274, "n_waypoints_completed": 0, "tot_waypoints": 9}}
{"target": -2088.5682651714665, "params": {"k_pid_pos": [2.0, 0.0, 0.015466123819351196], "k_pid_alt": [2.0, 0.09270066022872925, 0.9676587581634521], "k_pid_att": [93.40862274169922, 0.08747834712266922, 1.0], "k_pid_yaw": [0.5, 1e-06, 0.1], "k_pid_hsp": [9.999999747378752e-05, 0.01598203182220459, 0.9939265251159668], "k_pid_vsp": [2.939927577972412, 400.0, 376.2239074707031]}, "datetime": {"datetime": "2025-08-14 03:23:24", "elapsed": 63332.60474920273, "delta": 28.6473491191864}, "costs": {"total_cost": 2088.5682651714665, "time_cost": 150, "final_distance_cost": 46.99253806935083, "oscillation_cost": 782.0147171238763, "completition_cost": 1000.0, "overshoot_cost": 40.46038117330348, "power_cost": 39.751733129882815, "noise_cost": 29.34889567505298, "n_waypoints_completed": 0, "tot_waypoints": 9}}
{"target": -7856.129008955688, "params": {"k_pid_pos": [2.0, 0.010276973247528076, 0.07141187787055969], "k_pid_alt": [1.9979732036590576, 0.0, 1.0], "k_pid_att": [99.99571990966797, 0.6420022249221802, 1.0], "k_pid_yaw": [0.5, 1e-06, 0.1], "k_pid_hsp": [9.999999747378752e-05, 0.039262980222702026, 0.9916526079177856], "k_pid_vsp": [0.0, 387.3301086425781, 388.0429382324219]}, "datetime": {"datetime": "2025-08-14 03:23:53", "elapsed": 63361.571397066116, "delta": 28.96664786338806}, "costs": {"total_cost": 7856.129008955688, "time_cost": 150, "final_distance_cost": 2209.6808578746527, "oscillation_cost": 752.8864215156353, "completition_cost": 888.8888888888888, "overshoot_cost": 3792.0456660089635, "power_cost": 34.7299146484375, "noise_cost": 27.897260019109844, "n_waypoints_completed": 1, "tot_waypoints": 9}}
{"target": -3749.3103155893805, "params": {"k_pid_pos": [2.0, 0.01598525047302246, 0.0], "k_pid_alt": [1.9049540758132935, 0.0, 1.0], "k_pid_att": [100.0, 9.999999747378752e-05, 0.9979925155639648], "k_pid_yaw": [0.5, 1e-06, 0.1], "k_pid_hsp": [9.999999747378752e-05, 0.0, 0.9040595889091492], "k_pid_vsp": [0.0, 400.0, 397.58319091796875]}, "datetime": {"datetime": "2025-08-14 03:24:21", "elapsed": 63389.804096221924, "delta": 28.232699155807495}, "costs": {"total_cost": 3749.3103155893805, "time_cost": 150, "final_distance_cost": 802.6473076251494, "oscillation_cost": 835.4124946237737, "completition_cost": 1000.0, "overshoot_cost": 898.5552232222201, "power_cost": 34.7872603515625, "noise_cost": 27.908029766675295, "n_waypoints_completed": 0, "tot_waypoints": 9}}
{"target": -4566.284102269461, "params": {"k_pid_pos": [1.9640865325927734, 0.0, 0.0], "k_pid_alt": [2.0, 0.06658300757408142, 1.0], "k_pid_att": [100.0, 9.999999747378752e-05, 1.0], "k_pid_yaw": [0.5, 1e-06, 0.1], "k_pid_hsp": [9.999999747378752e-05, 0.0, 1.0], "k_pid_vsp": [24.07566261291504, 374.8674011230469, 400.0]}, "datetime": {"datetime": "2025-08-14 03:24:50", "elapsed": 63418.27043175697, "delta": 28.46633553504944}, "costs": {"total_cost": 4566.284102269461, "time_cost": 150, "final_distance_cost": 996.7336836745494, "oscillation_cost": 772.7707777148685, "completition_cost": 1000.0, "overshoot_cost": 1586.3628604146888, "power_cost": 33.01146961669922, "noise_cost": 27.405310848655517, "n_waypoints_completed": 0, "tot_waypoints": 9}}
{"target": -1752.3910209618266, "params": {"k_pid_pos": [2.0, 0.0, 0.0], "k_pid_alt": [2.0, 0.0, 0.9610707759857178], "k_pid_att": [94.94916534423828, 9.999999747378752e-05, 1.0], "k_pid_yaw": [0.5, 1e-06, 0.1], "k_pid_hsp": [0.5741293430328369, 0.01039096713066101, 1.0], "k_pid_vsp": [20.313430786132812, 393.48248291015625, 400.0]}, "datetime": {"datetime": "2025-08-14 03:25:19", "elapsed": 63447.27428030968, "delta": 29.003848552703857}, "costs": {"total_cost": 1752.3910209618266, "time_cost": 150, "final_distance_cost": 51.10738713919048, "oscillation_cost": 532.8948723790959, "completition_cost": 888.8888888888888, "overshoot_cost": 62.444359437409034, "power_cost": 37.43139908447266, "noise_cost": 29.624114032769853, "n_waypoints_completed": 1, "tot_waypoints": 9}}
{"target": -4935.441026871617, "params": {"k_pid_pos": [2.0, 0.0, 0.04396381974220276], "k_pid_alt": [1.8352558612823486, 0.01698082685470581, 1.0], "k_pid_att": [89.63702392578125, 0.5517888069152832, 0.9666222333908081], "k_pid_yaw": [0.5, 1e-06, 0.1], "k_pid_hsp": [0.8501693606376648, 0.06686776876449585, 1.0], "k_pid_vsp": [0.15717744827270508, 382.72283935546875, 398.9357604980469]}, "datetime": {"datetime": "2025-08-14 03:25:46", "elapsed": 63474.901540994644, "delta": 27.62726068496704}, "costs": {"total_cost": 4935.441026871617, "time_cost": 150, "final_distance_cost": 1343.4652448723416, "oscillation_cost": 568.3620966237482, "completition_cost": 1000.0, "overshoot_cost": 1806.681772807036, "power_cost": 35.53538020019531, "noise_cost": 31.396532368296267, "n_waypoints_completed": 0, "tot_waypoints": 9}}
{"target": -8411.928015243822, "params": {"k_pid_pos": [1.8601040840148926, 0.0, 0.0], "k_pid_alt": [1.9949641227722168, 0.03694009780883789, 1.0], "k_pid_att": [100.0, 0.4932364523410797, 1.0], "k_pid_yaw": [0.5, 1e-06, 0.1], "k_pid_hsp": [9.999999747378752e-05, 0.0, 0.9176558256149292], "k_pid_vsp": [0.0, 400.0, 400.0]}, "datetime": {"datetime": "2025-08-14 03:26:15", "elapsed": 63503.99176597595, "delta": 29.090224981307983}, "costs": {"total_cost": 8411.928015243822, "time_cost": 150, "final_distance_cost": 2172.5727625131044, "oscillation_cost": 754.3970727162239, "completition_cost": 1000.0, "overshoot_cost": 4275.69335200368, "power_cost": 32.27891853027344, "noise_cost": 26.985909480542425, "n_waypoints_completed": 0, "tot_waypoints": 9}}
{"target": -5120.41402240536, "params": {"k_pid_pos": [2.0, 0.09966152906417847, 0.0], "k_pid_alt": [1.9903090000152588, 0.0539151132106781, 0.9584588408470154], "k_pid_att": [100.0, 0.25717613101005554, 0.9801112413406372], "k_pid_yaw": [0.5, 1e-06, 0.1], "k_pid_hsp": [0.10348769277334213, 0.0785779356956482, 0.9561452865600586], "k_pid_vsp": [5.520761013031006, 400.0, 397.9365234375]}, "datetime": {"datetime": "2025-08-14 03:26:44", "elapsed": 63532.35241270065, "delta": 28.360646724700928}, "costs": {"total_cost": 5120.41402240536, "time_cost": 150, "final_distance_cost": 935.9746368807191, "oscillation_cost": 739.4071099466821, "completition_cost": 1000.0, "overshoot_cost": 2228.958778038189, "power_cost": 37.06823648681641, "noise_cost": 29.005261052953923, "n_waypoints_completed": 0, "tot_waypoints": 9}}
{"target": -3568.901719418639, "params": {"k_pid_pos": [1.9916435480117798, 0.0, 0.0], "k_pid_alt": [2.0, 0.0, 1.0], "k_pid_att": [100.0, 0.7390733957290649, 1.0], "k_pid_yaw": [0.5, 1e-06, 0.1], "k_pid_hsp": [0.3019000291824341, 0.0, 1.0], "k_pid_vsp": [23.894309997558594, 400.0, 400.0]}, "datetime": {"datetime": "2025-08-14 03:27:12", "elapsed": 63560.71047091484, "delta": 28.358058214187622}, "costs": {"total_cost": 3568.901719418639, "time_cost": 150, "final_distance_cost": 774.6107073684875, "oscillation_cost": 861.363091713678, "completition_cost": 1000.0, "overshoot_cost": 720.4007379959777, "power_cost": 34.47374703369141, "noise_cost": 28.053435306804797, "n_waypoints_completed": 0, "tot_waypoints": 9}}
{"target": -2196.774627009792, "params": {"k_pid_pos": [1.907235026359558, 0.0, 0.0], "k_pid_alt": [2.0, 0.0, 0.9372270703315735], "k_pid_att": [95.73237609863281, 0.3031502068042755, 1.0], "k_pid_yaw": [0.5, 1e-06, 0.1], "k_pid_hsp": [9.999999747378752e-05, 0.0, 1.0], "k_pid_vsp": [0.0, 400.0, 400.0]}, "datetime": {"datetime": "2025-08-14 03:27:41", "elapsed": 63589.34907722473, "delta": 28.638606309890747}, "costs": {"total_cost": 2196.774627009792, "time_cost": 150, "final_distance_cost": 78.4452209494628, "oscillation_cost": 729.9000531274851, "completition_cost": 1000.0, "overshoot_cost": 173.48298744521318, "power_cost": 36.813411474609374, "noise_cost": 28.132954013021372, "n_waypoints_completed": 0, "tot_waypoints": 9}}
{"target": -1929.0070000987023, "params": {"k_pid_pos": [2.0, 0.0, 0.0], "k_pid_alt": [2.0, 0.0, 0.9680869579315186], "k_pid_att": [100.0, 0.6469293832778931, 0.9159908890724182], "k_pid_yaw": [0.5, 1e-06, 0.1], "k_pid_hsp": [0.2937905788421631, 0.06159240007400513, 1.0], "k_pid_vsp": [0.0, 380.1015930175781, 400.0]}, "datetime": {"datetime": "2025-08-14 03:28:08", "elapsed": 63616.57019543648, "delta": 27.221118211746216}, "costs": {"total_cost": 1929.0070000987023, "time_cost": 150, "final_distance_cost": 67.49572168468647, "oscillation_cost": 677.3811090833843, "completition_cost": 888.8888888888888, "overshoot_cost": 75.8046515969251, "power_cost": 40.238299658203125, "noise_cost": 29.198329186614224, "n_waypoints_completed": 1, "tot_waypoints": 9}}
{"target": -5333.092004262955, "params": {"k_pid_pos": [1.9633095264434814, 0.001689136028289795, 0.020257025957107544], "k_pid_alt": [2.0, 0.0, 0.9794838428497314], "k_pid_att": [98.7934799194336, 9.999999747378752e-05, 0.9900646209716797], "k_pid_yaw": [0.5, 1e-06, 0.1], "k_pid_hsp": [9.999999747378752e-05, 0.0, 0.9525144696235657], "k_pid_vsp": [61.84731674194336, 356.1601257324219, 398.6452941894531]}, "datetime": {"datetime": "2025-08-14 03:28:37", "elapsed": 63645.84188365936, "delta": 29.271688222885132}, "costs": {"total_cost": 5333.092004262955, "time_cost": 150, "final_distance_cost": 1008.2849589152293, "oscillation_cost": 794.7715070883734, "completition_cost": 1000.0, "overshoot_cost": 2323.1516655421747, "power_cost": 30.499198168945313, "noise_cost": 26.384674548232482, "n_waypoints_completed": 0, "tot_waypoints": 9}}
{"target": -3530.330228711637, "params": {"k_pid_pos": [2.0, 0.0, 0.009397298097610474], "k_pid_alt": [2.0, 0.0, 0.9797688722610474], "k_pid_att": [95.47919464111328, 9.999999747378752e-05, 1.0], "k_pid_yaw": [0.5, 1e-06, 0.1], "k_pid_hsp": [0.29413121938705444, 0.06563317775726318, 1.0], "k_pid_vsp": [0.0, 400.0, 400.0]}, "datetime": {"datetime": "2025-08-14 03:29:07", "elapsed": 63676.03697395325, "delta": 30.195090293884277}, "costs": {"total_cost": 3530.330228711637, "time_cost": 150, "final_distance_cost": 698.7042718032228, "oscillation_cost": 454.89525742876924, "completition_cost": 1000.0, "overshoot_cost": 1160.889104510014, "power_cost": 36.81467353515625, "noise_cost": 29.026921434475067, "n_waypoints_completed": 0, "tot_waypoints": 9}}
{"target": -2068.5876139149095, "params": {"k_pid_pos": [2.0, 0.00582355260848999, 0.0], "k_pid_alt": [1.8982791900634766, 0.0, 0.9940838813781738], "k_pid_att": [92.60990905761719, 9.999999747378752e-05, 1.0], "k_pid_yaw": [0.5, 1e-06, 0.1], "k_pid_hsp": [9.999999747378752e-05, 0.0, 0.946693480014801], "k_pid_vsp": [3.732621669769287, 400.0, 400.0]}, "datetime": {"datetime": "2025-08-14 03:29:36", "elapsed": 63704.39965057373, "delta": 28.3626766204834}, "costs": {"total_cost": 2068.5876139149095, "time_cost": 150, "final_distance_cost": 107.07199830847598, "oscillation_cost": 704.5647890978573, "completition_cost": 888.8888888888888, "overshoot_cost": 137.15920043592297, "power_cost": 37.59889403076172, "noise_cost": 43.303843153002795, "n_waypoints_completed": 1, "tot_waypoints": 9}}
{"target": -3800.2242669643697, "params": {"k_pid_pos": [2.0, 0.0, 0.003566831350326538], "k_pid_alt": [2.0, 0.0, 0.9921936392784119], "k_pid_att": [93.01290893554688, 9.999999747378752e-05, 0.9737697243690491], "k_pid_yaw": [0.5, 1e-06, 0.1], "k_pid_hsp": [9.999999747378752e-05, 0.0, 1.0], "k_pid_vsp": [13.023841857910156, 400.0, 400.0]}, "datetime": {"datetime": "2025-08-14 03:30:04", "elapsed": 63732.55526280403, "delta": 28.155612230300903}, "costs": {"total_cost": 3800.2242669643697, "time_cost": 150, "final_distance_cost": 578.2513521382706, "oscillation_cost": 814.9107002730206, "completition_cost": 1000.0, "overshoot_cost": 1195.4049971466072, "power_cost": 33.97873951416016, "noise_cost": 27.67847789231053, "n_waypoints_completed": 0, "tot_waypoints": 9}}
{"target": -2298.9627606493063, "params": {"k_pid_pos": [1.9913218021392822, 0.05732765793800354, 0.0], "k_pid_alt": [1.940703272819519, 0.0487704873085022, 0.952851414680481], "k_pid_att": [100.0, 9.999999747378752e-05, 1.0], "k_pid_yaw": [0.5, 1e-06, 0.1], "k_pid_hsp": [0.1870439201593399, 0.0, 0.9888308048248291], "k_pid_vsp": [15.342974662780762, 379.7659912109375, 390.63897705078125]}, "datetime": {"datetime": "2025-08-14 03:30:32", "elapsed": 63760.975184202194, "delta": 28.419921398162842}, "costs": {"total_cost": 2298.9627606493063, "time_cost": 150, "final_distance_cost": 96.05192501262911, "oscillation_cost": 705.0293595333811, "completition_cost": 1000.0, "overshoot_cost": 283.7367441000082, "power_cost": 35.928356762695316, "noise_cost": 28.216375240592694, "n_waypoints_completed": 0, "tot_waypoints": 9}}
{"target": -3794.632538177663, "params": {"k_pid_pos": [2.0, 0.011709272861480713, 0.0023310184478759766], "k_pid_alt": [1.9851685762405396, 0.08103907108306885, 0.9705536365509033], "k_pid_att": [100.0, 9.999999747378752e-05, 0.8788329362869263], "k_pid_yaw": [0.5, 1e-06, 0.1], "k_pid_hsp": [0.30221977829933167, 0.0, 0.9981307983398438], "k_pid_vsp": [0.0, 400.0, 395.6861572265625]}, "datetime": {"datetime": "2025-08-14 03:31:03", "elapsed": 63791.40687584877, "delta": 30.431691646575928}, "costs": {"total_cost": 3794.632538177663, "time_cost": 150, "final_distance_cost": 809.4608283366431, "oscillation_cost": 808.8159731105872, "completition_cost": 888.8888888888888, "overshoot_cost": 1074.3098518677039, "power_cost": 35.02285963134766, "noise_cost": 28.134136342492077, "n_waypoints_completed": 1, "tot_waypoints": 9}}
{"target": -3730.3997784809753, "params": {"k_pid_pos": [1.9637856483459473, 0.0, 0.0], "k_pid_alt": [2.0, 0.0, 0.9591505527496338], "k_pid_att": [92.47161102294922, 0.9713596105575562, 1.0], "k_pid_yaw": [0.5, 1e-06, 0.1], "k_pid_hsp": [0.1184733435511589, 0.04255262017250061, 0.9269765615463257], "k_pid_vsp": [1.8952369689941406, 367.7513427734375, 398.13531494140625]}, "datetime": {"datetime": "2025-08-14 03:31:30", "elapsed": 63819.03233790398, "delta": 27.6254620552063}, "costs": {"total_cost": 3730.3997784809753, "time_cost": 150, "final_distance_cost": 428.6988313873975, "oscillation_cost": 798.1522687941405, "completition_cost": 1000.0, "overshoot_cost": 1288.6588351137457, "power_cost": 36.565687438964844, "noise_cost": 28.324155746727396, "n_waypoints_completed": 0, "tot_waypoints": 9}}
{"target": -4820.060567001892, "params": {"k_pid_pos": [1.9703998565673828, 0.0, 0.007496744394302368], "k_pid_alt": [2.0, 0.0718005895614624, 0.967062771320343], "k_pid_att": [98.80113220214844, 0.09434264153242111, 1.0], "k_pid_yaw": [0.5, 1e-06, 0.1], "k_pid_hsp": [9.999999747378752e-05, 0.0, 0.8815910816192627], "k_pid_vsp": [27.595020294189453, 400.0, 373.2547912597656]}, "datetime": {"datetime": "2025-08-14 03:31:58", "elapsed": 63846.9876101017, "delta": 27.95527219772339}, "costs": {"total_cost": 4820.060567001892, "time_cost": 150, "final_distance_cost": 1212.9464343758823, "oscillation_cost": 687.6947698612772, "completition_cost": 1000.0, "overshoot_cost": 1706.95891460402, "power_cost": 34.317699829101564, "noise_cost": 28.142748331611227, "n_waypoints_completed": 0, "tot_waypoints": 9}}
{"target": -2012.5005438120788, "params": {"k_pid_pos": [1.8731108903884888, 0.0, 0.0], "k_pid_alt": [2.0, 0.0, 1.0], "k_pid_att": [96.4238510131836, 0.38986098766326904, 0.9782091379165649], "k_pid_yaw": [0.5, 1e-06, 0.1], "k_pid_hsp": [9.999999747378752e-05, 0.0, 1.0], "k_pid_vsp": [0.0, 400.0, 400.0]}, "datetime": {"datetime": "2025-08-14 03:32:27", "elapsed": 63875.92604136467, "delta": 28.93843126296997}, "costs": {"total_cost": 2012.5005438120788, "time_cost": 150, "final_distance_cost": 38.76708917256795, "oscillation_cost": 748.018070955706, "completition_cost": 888.8888888888888, "overshoot_cost": 105.49590108654834, "power_cost": 38.50296497802734, "noise_cost": 42.827628730340116, "n_waypoints_completed": 1, "tot_waypoints": 9}}
{"target": -3292.8397684926595, "params": {"k_pid_pos": [2.0, 0.007225900888442993, 0.0], "k_pid_alt": [1.9043046236038208, 0.11358535289764404, 0.8900159597396851], "k_pid_att": [99.65084838867188, 0.12471180409193039, 1.0], "k_pid_yaw": [0.5, 1e-06, 0.1], "k_pid_hsp": [0.3358364701271057, 0.0, 1.0], "k_pid_vsp": [40.099369049072266, 400.0, 400.0]}, "datetime": {"datetime": "2025-08-14 03:32:56", "elapsed": 63904.7371096611, "delta": 28.811068296432495}, "costs": {"total_cost": 3292.8397684926595, "time_cost": 150, "final_distance_cost": 467.8999497749469, "oscillation_cost": 788.5806966586397, "completition_cost": 1000.0, "overshoot_cost": 825.0926368403716, "power_cost": 33.77134013671875, "noise_cost": 27.49514508198278, "n_waypoints_completed": 0, "tot_waypoints": 9}}
{"target": -2872.3483858489844, "params": {"k_pid_pos": [1.988803744316101, 0.0, 0.055814146995544434], "k_pid_alt": [2.0, 0.04748421907424927, 0.9306360483169556], "k_pid_att": [93.88533782958984, 9.999999747378752e-05, 0.9556634426116943], "k_pid_yaw": [0.5, 1e-06, 0.1], "k_pid_hsp": [0.18024489283561707, 0.0674653947353363, 0.9994062781333923], "k_pid_vsp": [0.0, 400.0, 400.0]}, "datetime": {"datetime": "2025-08-14 03:33:25", "elapsed": 63934.00387573242, "delta": 29.26676607131958}, "costs": {"total_cost": 2872.3483858489844, "time_cost": 150, "final_distance_cost": 551.5513304935848, "oscillation_cost": 757.1560879534951, "completition_cost": 1000.0, "overshoot_cost": 350.15670415485795, "power_cost": 35.671096936035156, "noise_cost": 27.81316631101174, "n_waypoints_completed": 0, "tot_waypoints": 9}}
{"target": -2221.836548497758, "params": {"k_pid_pos": [1.872272253036499, 0.010704338550567627, 0.009011924266815186], "k_pid_alt": [2.0, 0.004879802465438843, 0.9407863616943359], "k_pid_att": [100.0, 9.999999747378752e-05, 1.0], "k_pid_yaw": [0.5, 1e-06, 0.1], "k_pid_hsp": [9.999999747378752e-05, 0.0, 1.0], "k_pid_vsp": [0.0, 387.7143249511719, 400.0]}, "datetime": {"datetime": "2025-08-14 03:33:54", "elapsed": 63962.175736904144, "delta": 28.171861171722412}, "costs": {"total_cost": 2221.836548497758, "time_cost": 150, "final_distance_cost": 41.21055408831861, "oscillation_cost": 779.0095992834065, "completition_cost": 1000.0, "overshoot_cost": 149.60043335494004, "power_cost": 40.18679284667969, "noise_cost": 61.82916892441326, "n_waypoints_completed": 0, "tot_waypoints": 9}}
{"target": -4115.52123945502, "params": {"k_pid_pos": [2.0, 0.08479610085487366, 0.10348567366600037], "k_pid_alt": [2.0, 0.0, 0.8917797803878784], "k_pid_att": [94.11309814453125, 9.999999747378752e-05, 1.0], "k_pid_yaw": [0.5, 1e-06, 0.1], "k_pid_hsp": [0.27003657817840576, 0.0, 1.0], "k_pid_vsp": [0.0, 388.80133056640625, 383.6703186035156]}, "datetime": {"datetime": "2025-08-14 03:34:23", "elapsed": 63991.88958072662, "delta": 29.713843822479248}, "costs": {"total_cost": 4115.52123945502, "time_cost": 150, "final_distance_cost": 758.6393176251323, "oscillation_cost": 591.7186844834692, "completition_cost": 1000.0, "overshoot_cost": 1551.651574943884, "power_cost": 35.30302642822266, "noise_cost": 28.20863597431137, "n_waypoints_completed": 0, "tot_waypoints": 9}}
{"target": -1946.7273940023151, "params": {"k_pid_pos": [1.9354861974716187, 0.0, 0.0], "k_pid_alt": [1.8505172729492188, 0.0, 0.961951494216919], "k_pid_att": [95.7491683959961, 0.6551970839500427, 1.0], "k_pid_yaw": [0.5, 1e-06, 0.1], "k_pid_hsp": [0.18125398457050323, 0.06458252668380737, 0.9474942684173584], "k_pid_vsp": [0.0, 400.0, 400.0]}, "datetime": {"datetime": "2025-08-14 03:34:53", "elapsed": 64021.54282426834, "delta": 29.65324354171753}, "costs": {"total_cost": 1946.7273940023151, "time_cost": 150, "final_distance_cost": 88.45728271288803, "oscillation_cost": 628.5280038552914, "completition_cost": 777.7777777777778, "overshoot_cost": 215.94706290967244, "power_cost": 41.44773306884766, "noise_cost": 44.5695336778377, "n_waypoints_completed": 2, "tot_waypoints": 9}}
{"target": -1557.1391007858765, "params": {"k_pid_pos": [1.9765663146972656, 0.0, 0.01051446795463562], "k_pid_alt": [2.0, 0.04253488779067993, 1.0], "k_pid_att": [100.0, 0.18538513779640198, 0.9770848751068115], "k_pid_yaw": [0.5, 1e-06, 0.1], "k_pid_hsp": [1.3824913501739502, 0.06050455570220947, 1.0], "k_pid_vsp": [0.0, 400.0, 400.0]}, "datetime": {"datetime": "2025-08-14 03:35:22", "elapsed": 64050.726492643356, "delta": 29.18366837501526}, "costs": {"total_cost": 1557.1391007858765, "time_cost": 150, "final_distance_cost": 84.86087619282587, "oscillation_cost": 508.1635350943335, "completition_cost": 666.6666666666667, "overshoot_cost": 80.13060557044534, "power_cost": 36.19035306396484, "noise_cost": 31.12706419764002, "n_waypoints_completed": 3, "tot_waypoints": 9}}
