{"target": -4205.872606981395, "params": {"k_pid_pos": [1.9922696352005005, 0.0, 0.07795765995979309], "k_pid_alt": [1.9890235662460327, 0.0, 0.9671326875686646], "k_pid_att": [99.82147216796875, 0.044446010142564774, 1.0], "k_pid_yaw": [0.5, 1e-06, 0.1], "k_pid_hsp": [0.2851533591747284, 0.035328209400177, 1.0], "k_pid_vsp": [0.0, 400.0, 400.0]}, "datetime": {"datetime": "2025-08-14 04:02:00", "elapsed": 65648.98826313019, "delta": 29.101078987121582}, "costs": {"total_cost": 4205.872606981395, "time_cost": 150, "final_distance_cost": 1018.6265532676265, "oscillation_cost": 706.8926624174393, "completition_cost": 888.8888888888888, "overshoot_cost": 1378.1899737878819, "power_cost": 35.08193474121094, "noise_cost": 28.19259387834817, "n_waypoints_completed": 1, "tot_waypoints": 9}}
{"target": -2164.8583563942893, "params": {"k_pid_pos": [1.8399826288223267, 0.0, 0.03905370831489563], "k_pid_alt": [2.0, 0.054241836071014404, 0.9857358932495117], "k_pid_att": [100.0, 0.2292286902666092, 0.9714527130126953], "k_pid_yaw": [0.5, 1e-06, 0.1], "k_pid_hsp": [9.999999747378752e-05, 0.0, 0.8736875653266907], "k_pid_vsp": [4.205381870269775, 381.2796936035156, 400.0]}, "datetime": {"datetime": "2025-08-14 04:02:32", "elapsed": 65680.18255281448, "delta": 31.194289684295654}, "costs": {"total_cost": 2164.8583563942893, "time_cost": 150, "final_distance_cost": 78.20303304864353, "oscillation_cost": 728.034975042764, "completition_cost": 1000.0, "overshoot_cost": 139.56971440082296, "power_cost": 38.56144158935547, "noise_cost": 30.48919231270313, "n_waypoints_completed": 0, "tot_waypoints": 9}}
{"target": -4303.6672200185, "params": {"k_pid_pos": [1.9925298690795898, 0.0, 0.0], "k_pid_alt": [1.9547172784805298, 0.0, 1.0], "k_pid_att": [96.49118041992188, 9.999999747378752e-05, 0.9955476522445679], "k_pid_yaw": [0.5, 1e-06, 0.1], "k_pid_hsp": [0.11460891366004944, 0.0, 1.0], "k_pid_vsp": [8.089912414550781, 400.0, 397.1531982421875]}, "datetime": {"datetime": "2025-08-14 04:02:59", "elapsed": 65708.01919293404, "delta": 27.836640119552612}, "costs": {"total_cost": 4303.6672200185, "time_cost": 150, "final_distance_cost": 722.2962439114915, "oscillation_cost": 794.0043531758171, "completition_cost": 1000.0, "overshoot_cost": 1578.1435992957609, "power_cost": 32.70035496826172, "noise_cost": 26.522668667169516, "n_waypoints_completed": 0, "tot_waypoints": 9}}
{"target": -2105.1573977782496, "params": {"k_pid_pos": [2.0, 0.019389480352401733, 0.027918338775634766], "k_pid_alt": [1.9581079483032227, 0.0, 0.9476178884506226], "k_pid_att": [100.0, 9.999999747378752e-05, 1.0], "k_pid_yaw": [0.5, 1e-06, 0.1], "k_pid_hsp": [9.999999747378752e-05, 0.0, 0.9810662269592285], "k_pid_vsp": [0.0, 388.547119140625, 400.0]}, "datetime": {"datetime": "2025-08-14 04:03:28", "elapsed": 65737.02526473999, "delta": 29.00607180595398}, "costs": {"total_cost": 2105.1573977782496, "time_cost": 150, "final_distance_cost": 81.8413484359023, "oscillation_cost": 713.3983010671952, "completition_cost": 1000.0, "overshoot_cost": 78.93662073977396, "power_cost": 37.483492187500005, "noise_cost": 43.497635347878244, "n_waypoints_completed": 0, "tot_waypoints": 9}}
{"target": -2168.412744870205, "params": {"k_pid_pos": [1.997994303703308, 0.0, 0.0], "k_pid_alt": [2.0, 0.00042113661766052246, 1.0], "k_pid_att": [94.67256927490234, 0.32427477836608887, 1.0], "k_pid_yaw": [0.5, 1e-06, 0.1], "k_pid_hsp": [9.999999747378752e-05, 0.04930615425109863, 0.9867565035820007], "k_pid_vsp": [0.0, 357.0868835449219, 400.0]}, "datetime": {"datetime": "2025-08-14 04:03:59", "elapsed": 65767.26376962662, "delta": 30.238504886627197}, "costs": {"total_cost": 2168.412744870205, "time_cost": 150, "final_distance_cost": 45.01618240046533, "oscillation_cost": 703.1550106311511, "completition_cost": 1000.0, "overshoot_cost": 188.4720734907752, "power_cost": 41.205330285644536, "noise_cost": 40.56414806216918, "n_waypoints_completed": 0, "tot_waypoints": 9}}
{"target": -1989.2557540967225, "params": {"k_pid_pos": [2.0, 0.01388278603553772, 0.0], "k_pid_alt": [2.0, 0.07671460509300232, 1.0], "k_pid_att": [92.85155487060547, 9.999999747378752e-05, 1.0], "k_pid_yaw": [0.5, 1e-06, 0.1], "k_pid_hsp": [0.12175841629505157, 0.0, 0.8719651103019714], "k_pid_vsp": [0.0, 400.0, 393.2991638183594]}, "datetime": {"datetime": "2025-08-14 04:04:28", "elapsed": 65796.27632284164, "delta": 29.012553215026855}, "costs": {"total_cost": 1989.2557540967225, "time_cost": 150, "final_distance_cost": 46.926491417088286, "oscillation_cost": 719.2067038571427, "completition_cost": 888.8888888888888, "overshoot_cost": 118.15223098352955, "power_cost": 37.539054553222655, "noise_cost": 28.542384396850466, "n_waypoints_completed": 1, "tot_waypoints": 9}}
{"target": -2502.3456813019725, "params": {"k_pid_pos": [1.959212064743042, 0.08831992745399475, 0.0], "k_pid_alt": [1.9436583518981934, 0.0, 0.9989173412322998], "k_pid_att": [100.0, 9.999999747378752e-05, 1.0], "k_pid_yaw": [0.5, 1e-06, 0.1], "k_pid_hsp": [9.999999747378752e-05, 0.0, 1.0], "k_pid_vsp": [21.150375366210938, 376.92913818359375, 400.0]}, "datetime": {"datetime": "2025-08-14 04:04:57", "elapsed": 65825.30359554291, "delta": 29.027272701263428}, "costs": {"total_cost": 2502.3456813019725, "time_cost": 150, "final_distance_cost": 144.93408186124466, "oscillation_cost": 790.6789180863188, "completition_cost": 1000.0, "overshoot_cost": 351.50093399878335, "power_cost": 36.79574382324219, "noise_cost": 28.4360035323838, "n_waypoints_completed": 0, "tot_waypoints": 9}}
{"target": -2276.9597186780547, "params": {"k_pid_pos": [2.0, 0.0, 0.0], "k_pid_alt": [2.0, 0.010811835527420044, 1.0], "k_pid_att": [100.0, 9.999999747378752e-05, 0.9664602279663086], "k_pid_yaw": [0.5, 1e-06, 0.1], "k_pid_hsp": [0.1587415337562561, 0.0, 0.9796367883682251], "k_pid_vsp": [0.0, 361.3715515136719, 400.0]}, "datetime": {"datetime": "2025-08-14 04:05:26", "elapsed": 65854.44116020203, "delta": 29.137564659118652}, "costs": {"total_cost": 2276.9597186780547, "time_cost": 150, "final_distance_cost": 163.8030145884626, "oscillation_cost": 616.5889056523417, "completition_cost": 1000.0, "overshoot_cost": 278.63394605310253, "power_cost": 38.83402145996094, "noise_cost": 29.099830924186573, "n_waypoints_completed": 0, "tot_waypoints": 9}}
{"target": -2485.588670578849, "params": {"k_pid_pos": [1.92184579372406, 0.0, 0.03197073936462402], "k_pid_alt": [1.8477418422698975, 0.08273229002952576, 0.9775184392929077], "k_pid_att": [99.87693786621094, 1.1296077966690063, 1.0], "k_pid_yaw": [0.5, 1e-06, 0.1], "k_pid_hsp": [9.999999747378752e-05, 0.007097691297531128, 0.824690043926239], "k_pid_vsp": [0.0, 400.0, 382.2090148925781]}, "datetime": {"datetime": "2025-08-14 04:05:56", "elapsed": 65884.19508814812, "delta": 29.7539279460907}, "costs": {"total_cost": 2485.588670578849, "time_cost": 150, "final_distance_cost": 327.10021923492855, "oscillation_cost": 652.3319953947716, "completition_cost": 1000.0, "overshoot_cost": 293.6224862904422, "power_cost": 34.601546813964845, "noise_cost": 27.932422844741676, "n_waypoints_completed": 0, "tot_waypoints": 9}}
{"target": -2523.4836901935864, "params": {"k_pid_pos": [2.0, 0.0, 0.018085360527038574], "k_pid_alt": [2.0, 0.018495559692382812, 0.9217182397842407], "k_pid_att": [96.36003875732422, 0.13879594206809998, 1.0], "k_pid_yaw": [0.5, 1e-06, 0.1], "k_pid_hsp": [0.031055958941578865, 0.0, 0.9840807914733887], "k_pid_vsp": [25.757957458496094, 396.1213684082031, 400.0]}, "datetime": {"datetime": "2025-08-14 04:06:24", "elapsed": 65912.82633852959, "delta": 28.631250381469727}, "costs": {"total_cost": 2523.4836901935864, "time_cost": 150, "final_distance_cost": 266.13919004245565, "oscillation_cost": 779.490159009951, "completition_cost": 1000.0, "overshoot_cost": 263.4069245752889, "power_cost": 36.1614650390625, "noise_cost": 28.285951526828065, "n_waypoints_completed": 0, "tot_waypoints": 9}}
{"target": -5394.410248378318, "params": {"k_pid_pos": [1.7342621088027954, 0.0, 0.0], "k_pid_alt": [1.96586012840271, 0.0, 1.0], "k_pid_att": [100.0, 9.999999747378752e-05, 0.9937085509300232], "k_pid_yaw": [0.5, 1e-06, 0.1], "k_pid_hsp": [0.09128733724355698, 0.0, 1.0], "k_pid_vsp": [7.898402214050293, 400.0, 391.90869140625]}, "datetime": {"datetime": "2025-08-14 04:06:56", "elapsed": 65944.49437260628, "delta": 31.668034076690674}, "costs": {"total_cost": 5394.410248378318, "time_cost": 150, "final_distance_cost": 1340.057632539821, "oscillation_cost": 769.6882277454, "completition_cost": 1000.0, "overshoot_cost": 2074.5130547379817, "power_cost": 32.99140947265625, "noise_cost": 27.159923882457868, "n_waypoints_completed": 0, "tot_waypoints": 9}}
{"target": -2724.9572457459635, "params": {"k_pid_pos": [2.0, 0.0, 0.0], "k_pid_alt": [1.8597404956817627, 0.0, 1.0], "k_pid_att": [99.47722625732422, 9.999999747378752e-05, 0.9513009786605835], "k_pid_yaw": [0.5, 1e-06, 0.1], "k_pid_hsp": [0.08337073028087616, 0.03368210792541504, 1.0], "k_pid_vsp": [0.0, 387.3429260253906, 400.0]}, "datetime": {"datetime": "2025-08-14 04:07:25", "elapsed": 65973.14014554024, "delta": 28.64577293395996}, "costs": {"total_cost": 2724.9572457459635, "time_cost": 150, "final_distance_cost": 113.66108150403196, "oscillation_cost": 894.5723635487942, "completition_cost": 1000.0, "overshoot_cost": 503.6829505196347, "power_cost": 35.40658217773438, "noise_cost": 27.63426799576819, "n_waypoints_completed": 0, "tot_waypoints": 9}}
{"target": -4596.907707386604, "params": {"k_pid_pos": [1.8673346042633057, 0.03802210092544556, 0.0], "k_pid_alt": [2.0, 0.0, 1.0], "k_pid_att": [97.58910369873047, 9.999999747378752e-05, 0.950403094291687], "k_pid_yaw": [0.5, 1e-06, 0.1], "k_pid_hsp": [9.999999747378752e-05, 0.049259454011917114, 0.9968106150627136], "k_pid_vsp": [0.0, 385.17108154296875, 400.0]}, "datetime": {"datetime": "2025-08-14 04:07:53", "elapsed": 66001.16870427132, "delta": 28.0285587310791}, "costs": {"total_cost": 4596.907707386604, "time_cost": 150, "final_distance_cost": 1038.1952143238568, "oscillation_cost": 770.0241280240775, "completition_cost": 1000.0, "overshoot_cost": 1575.0682660137875, "power_cost": 35.28177752685547, "noise_cost": 28.338321498025795, "n_waypoints_completed": 0, "tot_waypoints": 9}}
{"target": -3119.9173966416515, "params": {"k_pid_pos": [1.9434778690338135, 0.0, 0.0], "k_pid_alt": [2.0, 0.04676240682601929, 1.0], "k_pid_att": [100.0, 9.999999747378752e-05, 0.9989209175109863], "k_pid_yaw": [0.5, 1e-06, 0.1], "k_pid_hsp": [9.999999747378752e-05, 0.019717127084732056, 0.998181939125061], "k_pid_vsp": [12.664270401000977, 398.54931640625, 400.0]}, "datetime": {"datetime": "2025-08-14 04:08:24", "elapsed": 66032.26629853249, "delta": 31.097594261169434}, "costs": {"total_cost": 3119.9173966416515, "time_cost": 150, "final_distance_cost": 314.13977025371804, "oscillation_cost": 797.4844005723761, "completition_cost": 1000.0, "overshoot_cost": 795.0965848988363, "power_cost": 35.17145727539063, "noise_cost": 28.025183641330592, "n_waypoints_completed": 0, "tot_waypoints": 9}}
{"target": -9470.44001055139, "params": {"k_pid_pos": [1.6818917989730835, 0.02705898880958557, 0.0560300350189209], "k_pid_alt": [1.924107313156128, 0.0, 1.0], "k_pid_att": [100.0, 9.999999747378752e-05, 1.0], "k_pid_yaw": [0.5, 1e-06, 0.1], "k_pid_hsp": [9.999999747378752e-05, 0.0684371292591095, 1.0], "k_pid_vsp": [8.510231971740723, 396.0850524902344, 390.91485595703125]}, "datetime": {"datetime": "2025-08-14 04:08:54", "elapsed": 66062.64539289474, "delta": 30.37909436225891}, "costs": {"total_cost": 9470.44001055139, "time_cost": 150, "final_distance_cost": 2403.7470550822754, "oscillation_cost": 793.4922026903533, "completition_cost": 1000.0, "overshoot_cost": 5062.389348785959, "power_cost": 33.3582029296875, "noise_cost": 27.45320106311628, "n_waypoints_completed": 0, "tot_waypoints": 9}}
{"target": -4760.663112407587, "params": {"k_pid_pos": [2.0, 0.0, 0.0], "k_pid_alt": [1.9918859004974365, 0.0, 0.9762929677963257], "k_pid_att": [100.0, 0.5389623045921326, 1.0], "k_pid_yaw": [0.5, 1e-06, 0.1], "k_pid_hsp": [9.999999747378752e-05, 0.011389613151550293, 0.9750717282295227], "k_pid_vsp": [16.780353546142578, 375.07916259765625, 400.0]}, "datetime": {"datetime": "2025-08-14 04:09:21", "elapsed": 66089.35861134529, "delta": 26.713218450546265}, "costs": {"total_cost": 4760.663112407587, "time_cost": 150, "final_distance_cost": 1047.7111248958936, "oscillation_cost": 767.6297392463532, "completition_cost": 1000.0, "overshoot_cost": 1733.0740739233827, "power_cost": 34.537277624511724, "noise_cost": 27.71089671744502, "n_waypoints_completed": 0, "tot_waypoints": 9}}
{"target": -4369.093795964248, "params": {"k_pid_pos": [2.0, 0.00019887089729309082, 0.014569967985153198], "k_pid_alt": [1.9303100109100342, 0.0, 1.0], "k_pid_att": [89.56352233886719, 0.519524872303009, 0.9348536133766174], "k_pid_yaw": [0.5, 1e-06, 0.1], "k_pid_hsp": [9.999999747378752e-05, 0.0, 1.0], "k_pid_vsp": [5.244278907775879, 370.7431640625, 383.7413635253906]}, "datetime": {"datetime": "2025-08-14 04:09:51", "elapsed": 66119.56581258774, "delta": 30.2072012424469}, "costs": {"total_cost": 4369.093795964248, "time_cost": 150, "final_distance_cost": 974.8790033393442, "oscillation_cost": 744.0536617814347, "completition_cost": 1000.0, "overshoot_cost": 1438.9502781667686, "power_cost": 33.48476123046875, "noise_cost": 27.726091446232616, "n_waypoints_completed": 0, "tot_waypoints": 9}}
{"target": -2150.828824966821, "params": {"k_pid_pos": [2.0, 0.0, 0.04276704788208008], "k_pid_alt": [2.0, 0.0, 1.0], "k_pid_att": [92.00166320800781, 9.999999747378752e-05, 0.8955643177032471], "k_pid_yaw": [0.5, 1e-06, 0.1], "k_pid_hsp": [0.27097922563552856, 0.0324590802192688, 1.0], "k_pid_vsp": [15.659332275390625, 400.0, 370.7250671386719]}, "datetime": {"datetime": "2025-08-14 04:10:21", "elapsed": 66149.63654875755, "delta": 30.070736169815063}, "costs": {"total_cost": 2150.828824966821, "time_cost": 150, "final_distance_cost": 15.686443456132114, "oscillation_cost": 727.4616871294463, "completition_cost": 1000.0, "overshoot_cost": 146.02202264549348, "power_cost": 41.89893280029297, "noise_cost": 69.75973893545601, "n_waypoints_completed": 0, "tot_waypoints": 9}}
{"target": -8084.858928994553, "params": {"k_pid_pos": [1.7670869827270508, 0.021827280521392822, 0.09844514727592468], "k_pid_alt": [1.9490315914154053, 0.0, 0.917999804019928], "k_pid_att": [92.23768615722656, 9.999999747378752e-05, 1.0], "k_pid_yaw": [0.5, 1e-06, 0.1], "k_pid_hsp": [9.999999747378752e-05, 0.0, 1.0], "k_pid_vsp": [5.485653877258301, 398.2838439941406, 400.0]}, "datetime": {"datetime": "2025-08-14 04:10:49", "elapsed": 66177.8104801178, "delta": 28.17393136024475}, "costs": {"total_cost": 8084.858928994553, "time_cost": 150, "final_distance_cost": 2044.0619167911786, "oscillation_cost": 770.0635615189763, "completition_cost": 1000.0, "overshoot_cost": 4059.8468270583735, "power_cost": 33.441387145996096, "noise_cost": 27.445236480027862, "n_waypoints_completed": 0, "tot_waypoints": 9}}
{"target": -2323.107430187842, "params": {"k_pid_pos": [2.0, 0.003053903579711914, 0.0], "k_pid_alt": [2.0, 0.09897249937057495, 0.9948450326919556], "k_pid_att": [100.0, 0.5800167322158813, 1.0], "k_pid_yaw": [0.5, 1e-06, 0.1], "k_pid_hsp": [9.999999747378752e-05, 0.0, 0.9922935962677002], "k_pid_vsp": [5.177128314971924, 372.08074951171875, 400.0]}, "datetime": {"datetime": "2025-08-14 04:11:18", "elapsed": 66206.59999394417, "delta": 28.78951382637024}, "costs": {"total_cost": 2323.107430187842, "time_cost": 150, "final_distance_cost": 134.0570018450227, "oscillation_cost": 735.8589926351752, "completition_cost": 1000.0, "overshoot_cost": 239.18588062698947, "power_cost": 35.85396457519531, "noise_cost": 28.15159050545946, "n_waypoints_completed": 0, "tot_waypoints": 9}}
{"target": -2438.3076740786155, "params": {"k_pid_pos": [1.8932918310165405, 0.0, 0.0], "k_pid_alt": [2.0, 0.0, 0.9398421049118042], "k_pid_att": [96.83797454833984, 0.2512723505496979, 0.9497294425964355], "k_pid_yaw": [0.5, 1e-06, 0.1], "k_pid_hsp": [9.999999747378752e-05, 0.0, 0.9461686015129089], "k_pid_vsp": [0.0, 400.0, 398.4246826171875]}, "datetime": {"datetime": "2025-08-14 04:11:48", "elapsed": 66236.43891906738, "delta": 29.83892512321472}, "costs": {"total_cost": 2438.3076740786155, "time_cost": 150, "final_distance_cost": 179.5699674327906, "oscillation_cost": 722.3216609987408, "completition_cost": 1000.0, "overshoot_cost": 325.8579473358333, "power_cost": 33.00210314941406, "noise_cost": 27.555995161837043, "n_waypoints_completed": 0, "tot_waypoints": 9}}
{"target": -2542.6768855494265, "params": {"k_pid_pos": [1.9264920949935913, 0.0, 0.034951865673065186], "k_pid_alt": [1.9671424627304077, 0.0, 0.9958323240280151], "k_pid_att": [98.6366195678711, 0.36821308732032776, 1.0], "k_pid_yaw": [0.5, 1e-06, 0.1], "k_pid_hsp": [9.999999747378752e-05, 0.04399961233139038, 0.9600332975387573], "k_pid_vsp": [29.64463233947754, 377.74237060546875, 400.0]}, "datetime": {"datetime": "2025-08-14 04:12:17", "elapsed": 66266.04753518105, "delta": 29.60861611366272}, "costs": {"total_cost": 2542.6768855494265, "time_cost": 150, "final_distance_cost": 271.23271298605897, "oscillation_cost": 844.2678575048543, "completition_cost": 1000.0, "overshoot_cost": 213.6594074721254, "power_cost": 35.752892724609374, "noise_cost": 27.764014861778293, "n_waypoints_completed": 0, "tot_waypoints": 9}}
{"target": -4828.337373901566, "params": {"k_pid_pos": [1.9747388362884521, 0.0, 0.0], "k_pid_alt": [1.955061912536621, 0.029154926538467407, 0.9163042306900024], "k_pid_att": [94.6610107421875, 9.999999747378752e-05, 1.0], "k_pid_yaw": [0.5, 1e-06, 0.1], "k_pid_hsp": [9.999999747378752e-05, 0.0, 1.0], "k_pid_vsp": [0.0, 369.7130126953125, 400.0]}, "datetime": {"datetime": "2025-08-14 04:12:44", "elapsed": 66292.61299705505, "delta": 26.56546187400818}, "costs": {"total_cost": 4828.337373901566, "time_cost": 150, "final_distance_cost": 933.032807043298, "oscillation_cost": 860.66196952326, "completition_cost": 888.8888888888888, "overshoot_cost": 1932.6771819606308, "power_cost": 34.94514989013672, "noise_cost": 28.131376595351202, "n_waypoints_completed": 1, "tot_waypoints": 9}}
{"target": -8660.476913944625, "params": {"k_pid_pos": [1.8419265747070312, 0.006075650453567505, 0.029460281133651733], "k_pid_alt": [2.0, 0.0, 1.0], "k_pid_att": [100.0, 0.6782602667808533, 0.9503368735313416], "k_pid_yaw": [0.5, 1e-06, 0.1], "k_pid_hsp": [0.7187287211418152, 0.007267743349075317, 1.0], "k_pid_vsp": [0.0, 400.0, 379.3525085449219]}, "datetime": {"datetime": "2025-08-14 04:13:13", "elapsed": 66321.78242945671, "delta": 29.169432401657104}, "costs": {"total_cost": 8660.476913944625, "time_cost": 150, "final_distance_cost": 1922.6601608631092, "oscillation_cost": 769.4894159058467, "completition_cost": 1000.0, "overshoot_cost": 4755.246122106938, "power_cost": 34.461604309082034, "noise_cost": 28.619610759647372, "n_waypoints_completed": 0, "tot_waypoints": 9}}
{"target": -2533.305882168835, "params": {"k_pid_pos": [1.930526614189148, 0.04914310574531555, 0.0], "k_pid_alt": [2.0, 0.0, 1.0], "k_pid_att": [98.14691162109375, 9.999999747378752e-05, 1.0], "k_pid_yaw": [0.5, 1e-06, 0.1], "k_pid_hsp": [9.999999747378752e-05, 0.0, 0.9347394108772278], "k_pid_vsp": [0.0, 400.0, 400.0]}, "datetime": {"datetime": "2025-08-14 04:13:44", "elapsed": 66352.20948886871, "delta": 30.427059412002563}, "costs": {"total_cost": 2533.305882168835, "time_cost": 150, "final_distance_cost": 132.73149913566021, "oscillation_cost": 805.0700478882733, "completition_cost": 1000.0, "overshoot_cost": 382.8327505855369, "power_cost": 34.99595993652344, "noise_cost": 27.675624622841312, "n_waypoints_completed": 0, "tot_waypoints": 9}}
{"target": -2153.108869163546, "params": {"k_pid_pos": [1.8362659215927124, 0.0, 0.14082783460617065], "k_pid_alt": [2.0, 0.00862962007522583, 0.919009804725647], "k_pid_att": [100.0, 9.999999747378752e-05, 0.9970011115074158], "k_pid_yaw": [0.5, 1e-06, 0.1], "k_pid_hsp": [9.999999747378752e-05, 0.011892914772033691, 0.9486839175224304], "k_pid_vsp": [0.0, 400.0, 393.2904968261719]}, "datetime": {"datetime": "2025-08-14 04:14:12", "elapsed": 66381.03404378891, "delta": 28.824554920196533}, "costs": {"total_cost": 2153.108869163546, "time_cost": 150, "final_distance_cost": 54.9085299118349, "oscillation_cost": 762.519463197279, "completition_cost": 1000.0, "overshoot_cost": 100.29836443518678, "power_cost": 38.314242285156254, "noise_cost": 47.06826933408892, "n_waypoints_completed": 0, "tot_waypoints": 9}}
{"target": -2794.0782955188374, "params": {"k_pid_pos": [2.0, 0.0, 0.05365896224975586], "k_pid_alt": [1.8672010898590088, 0.0, 1.0], "k_pid_att": [100.0, 9.999999747378752e-05, 0.9411329030990601], "k_pid_yaw": [0.5, 1e-06, 0.1], "k_pid_hsp": [0.37472185492515564, 0.0, 0.9559367299079895], "k_pid_vsp": [11.85055923461914, 400.0, 382.69415283203125]}, "datetime": {"datetime": "2025-08-14 04:14:40", "elapsed": 66408.73711204529, "delta": 27.703068256378174}, "costs": {"total_cost": 2794.0782955188374, "time_cost": 150, "final_distance_cost": 305.074943054785, "oscillation_cost": 721.5933472050609, "completition_cost": 1000.0, "overshoot_cost": 550.6466103627674, "power_cost": 37.62413604736328, "noise_cost": 29.1392588488612, "n_waypoints_completed": 0, "tot_waypoints": 9}}
