{"target": -7744.471735710526, "params": {"k_pid_pos": [1.9317626953125, 0.017164170742034912, 0.0], "k_pid_alt": [2.0, 0.0, 1.0], "k_pid_att": [61.84075927734375, 9.999999747378752e-05, 1.0], "k_pid_yaw": [0.5, 1e-06, 0.1], "k_pid_hsp": [9.999999747378752e-05, 0.0, 1.0], "k_pid_vsp": [0.0, 400.0, 372.6026306152344]}, "datetime": {"datetime": "2025-08-13 11:01:00", "elapsed": 4388.5642647743225, "delta": 52.65692377090454}, "costs": {"total_cost": 7744.471735710526, "time_cost": 150, "final_distance_cost": 2276.588701497345, "oscillation_cost": 407.47487665231336, "completition_cost": 1000.0, "overshoot_cost": 3848.293837233213, "power_cost": 33.856058813476565, "noise_cost": 28.25826151417864, "n_waypoints_completed": 0, "tot_waypoints": 9}}
{"target": -3831.4392085663417, "params": {"k_pid_pos": [2.0, 0.048791348934173584, 0.04258757829666138], "k_pid_alt": [2.0, 0.06921118497848511, 1.0], "k_pid_att": [63.61296081542969, 9.999999747378752e-05, 1.0], "k_pid_yaw": [0.5, 1e-06, 0.1], "k_pid_hsp": [0.18737144768238068, 0.052857041358947754, 1.0], "k_pid_vsp": [0.0, 400.0, 400.0]}, "datetime": {"datetime": "2025-08-13 11:01:53", "elapsed": 4441.736614227295, "delta": 53.17234945297241}, "costs": {"total_cost": 3831.4392085663417, "time_cost": 150, "final_distance_cost": 450.90278589009716, "oscillation_cost": 532.1132227480398, "completition_cost": 1000.0, "overshoot_cost": 1633.9906421355108, "power_cost": 36.057389746093754, "noise_cost": 28.375168046600386, "n_waypoints_completed": 0, "tot_waypoints": 9}}
{"target": -2297.517679823593, "params": {"k_pid_pos": [1.9902678728103638, 0.09530121088027954, 0.0], "k_pid_alt": [2.0, 0.0, 1.0], "k_pid_att": [99.49974822998047, 0.9853155612945557, 1.0], "k_pid_yaw": [0.5, 1e-06, 0.1], "k_pid_hsp": [9.999999747378752e-05, 0.0, 0.907351016998291], "k_pid_vsp": [0.0, 400.0, 400.0]}, "datetime": {"datetime": "2025-08-13 11:02:45", "elapsed": 4493.1450662612915, "delta": 51.40845203399658}, "costs": {"total_cost": 2297.517679823593, "time_cost": 150, "final_distance_cost": 76.37932393958172, "oscillation_cost": 751.5867969832562, "completition_cost": 1000.0, "overshoot_cost": 226.93442836528408, "power_cost": 40.152581591796874, "noise_cost": 52.464548943674274, "n_waypoints_completed": 0, "tot_waypoints": 9}}
{"target": -1961.9844620054687, "params": {"k_pid_pos": [1.9884268045425415, 0.04803457856178284, 0.05583116412162781], "k_pid_alt": [1.9420799016952515, 0.012844294309616089, 1.0], "k_pid_att": [96.44059753417969, 0.05014117434620857, 0.9491263031959534], "k_pid_yaw": [0.5, 1e-06, 0.1], "k_pid_hsp": [0.23436686396598816, 0.0, 0.8939762115478516], "k_pid_vsp": [15.572857856750488, 400.0, 386.5542907714844]}, "datetime": {"datetime": "2025-08-13 11:03:37", "elapsed": 4545.943885564804, "delta": 52.79881930351257}, "costs": {"total_cost": 1961.9844620054687, "time_cost": 150, "final_distance_cost": 64.22420760954274, "oscillation_cost": 742.0129943672622, "completition_cost": 777.7777777777778, "overshoot_cost": 137.0359182334988, "power_cost": 39.02182056884766, "noise_cost": 51.91174344853943, "n_waypoints_completed": 2, "tot_waypoints": 9}}
{"target": -3022.939403912811, "params": {"k_pid_pos": [2.0, 0.05864652991294861, 0.043372541666030884], "k_pid_alt": [2.0, 0.08848077058792114, 0.9925814270973206], "k_pid_att": [100.0, 0.652115523815155, 1.0], "k_pid_yaw": [0.5, 1e-06, 0.1], "k_pid_hsp": [0.262932687997818, 0.0, 1.0], "k_pid_vsp": [6.999552249908447, 400.0, 400.0]}, "datetime": {"datetime": "2025-08-13 11:04:30", "elapsed": 4599.037357330322, "delta": 53.09347176551819}, "costs": {"total_cost": 3022.939403912811, "time_cost": 150, "final_distance_cost": 422.0599998344549, "oscillation_cost": 829.0521823411786, "completition_cost": 1000.0, "overshoot_cost": 560.9745413885162, "power_cost": 33.60325187988281, "noise_cost": 27.249428468778845, "n_waypoints_completed": 0, "tot_waypoints": 9}}
{"target": -3057.26522058854, "params": {"k_pid_pos": [2.0, 0.06416583061218262, 0.0], "k_pid_alt": [1.9876465797424316, 0.01632419228553772, 1.0], "k_pid_att": [96.39151000976562, 9.999999747378752e-05, 1.0], "k_pid_yaw": [0.5, 1e-06, 0.1], "k_pid_hsp": [9.999999747378752e-05, 0.021706700325012207, 0.9432933926582336], "k_pid_vsp": [18.154441833496094, 372.0599670410156, 400.0]}, "datetime": {"datetime": "2025-08-13 11:05:24", "elapsed": 4652.214693307877, "delta": 53.17733597755432}, "costs": {"total_cost": 3057.26522058854, "time_cost": 150, "final_distance_cost": 348.9571546297217, "oscillation_cost": 844.3439049435949, "completition_cost": 1000.0, "overshoot_cost": 654.2676185644293, "power_cost": 32.38032233886719, "noise_cost": 27.31622011192666, "n_waypoints_completed": 0, "tot_waypoints": 9}}
{"target": -2169.880821544017, "params": {"k_pid_pos": [2.0, 0.05447223782539368, 0.0], "k_pid_alt": [1.924657940864563, 0.04637303948402405, 1.0], "k_pid_att": [97.28929901123047, 0.10313096642494202, 1.0], "k_pid_yaw": [0.5, 1e-06, 0.1], "k_pid_hsp": [9.999999747378752e-05, 0.0, 1.0], "k_pid_vsp": [0.0, 365.56512451171875, 352.98675537109375]}, "datetime": {"datetime": "2025-08-13 11:06:16", "elapsed": 4704.395871162415, "delta": 52.181177854537964}, "costs": {"total_cost": 2169.880821544017, "time_cost": 150, "final_distance_cost": 94.4464799609698, "oscillation_cost": 695.5012688131606, "completition_cost": 1000.0, "overshoot_cost": 158.98558160906336, "power_cost": 39.5370169921875, "noise_cost": 31.410474168636185, "n_waypoints_completed": 0, "tot_waypoints": 9}}
{"target": -4001.076438959389, "params": {"k_pid_pos": [2.0, 0.0, 0.022967994213104248], "k_pid_alt": [2.0, 0.0, 1.0], "k_pid_att": [97.78239440917969, 0.3413739800453186, 0.9477624893188477], "k_pid_yaw": [0.5, 1e-06, 0.1], "k_pid_hsp": [0.33995720744132996, 0.0, 1.0], "k_pid_vsp": [10.46140193939209, 400.0, 383.9949035644531]}, "datetime": {"datetime": "2025-08-13 11:07:07", "elapsed": 4756.050342798233, "delta": 51.65447163581848}, "costs": {"total_cost": 4001.076438959389, "time_cost": 150, "final_distance_cost": 1023.291395121965, "oscillation_cost": 749.5198381801771, "completition_cost": 1000.0, "overshoot_cost": 1017.0918696619337, "power_cost": 33.68380720214844, "noise_cost": 27.48952879316513, "n_waypoints_completed": 0, "tot_waypoints": 9}}
{"target": -2223.5667860758963, "params": {"k_pid_pos": [2.0, 0.0, 0.01376044750213623], "k_pid_alt": [2.0, 0.022567421197891235, 1.0], "k_pid_att": [100.0, 9.999999747378752e-05, 0.9743467569351196], "k_pid_yaw": [0.5, 1e-06, 0.1], "k_pid_hsp": [9.999999747378752e-05, 0.0, 0.9202425479888916], "k_pid_vsp": [3.423166275024414, 395.5338134765625, 392.1463623046875]}, "datetime": {"datetime": "2025-08-13 11:07:58", "elapsed": 4806.963347911835, "delta": 50.913005113601685}, "costs": {"total_cost": 2223.5667860758963, "time_cost": 150, "final_distance_cost": 74.65030903087447, "oscillation_cost": 760.4779560469226, "completition_cost": 1000.0, "overshoot_cost": 171.29873819657368, "power_cost": 38.61414602050782, "noise_cost": 28.525636781017948, "n_waypoints_completed": 0, "tot_waypoints": 9}}
{"target": -3408.5365164318423, "params": {"k_pid_pos": [2.0, 0.10725492238998413, 0.012564420700073242], "k_pid_alt": [1.8149917125701904, 0.08075371384620667, 0.9801496267318726], "k_pid_att": [100.0, 9.999999747378752e-05, 0.9668212532997131], "k_pid_yaw": [0.5, 1e-06, 0.1], "k_pid_hsp": [9.999999747378752e-05, 0.011768043041229248, 1.0], "k_pid_vsp": [0.0, 400.0, 400.0]}, "datetime": {"datetime": "2025-08-13 11:08:53", "elapsed": 4861.370094060898, "delta": 54.40674614906311}, "costs": {"total_cost": 3408.5365164318423, "time_cost": 150, "final_distance_cost": 328.43031280699296, "oscillation_cost": 852.0081853971179, "completition_cost": 1000.0, "overshoot_cost": 1014.964178881589, "power_cost": 35.21406589355469, "noise_cost": 27.919773452587854, "n_waypoints_completed": 0, "tot_waypoints": 9}}
{"target": -6147.709640056741, "params": {"k_pid_pos": [2.0, 0.007441282272338867, 0.07451954483985901], "k_pid_alt": [1.9949920177459717, 0.12953364849090576, 1.0], "k_pid_att": [98.13019561767578, 0.6516175866127014, 0.9584396481513977], "k_pid_yaw": [0.5, 1e-06, 0.1], "k_pid_hsp": [9.999999747378752e-05, 0.012293726205825806, 1.0], "k_pid_vsp": [0.0, 377.9241027832031, 400.0]}, "datetime": {"datetime": "2025-08-13 11:09:45", "elapsed": 4913.336129188538, "delta": 51.96603512763977}, "costs": {"total_cost": 6147.709640056741, "time_cost": 150, "final_distance_cost": 1598.8512108899602, "oscillation_cost": 801.9093967141529, "completition_cost": 1000.0, "overshoot_cost": 2535.1924685835615, "power_cost": 34.075147485351565, "noise_cost": 27.681416383715007, "n_waypoints_completed": 0, "tot_waypoints": 9}}
{"target": -4708.63214681226, "params": {"k_pid_pos": [1.9719784259796143, 0.0, 0.03249847888946533], "k_pid_alt": [1.8043804168701172, 0.023769378662109375, 0.9402809143066406], "k_pid_att": [94.66438293457031, 9.999999747378752e-05, 0.9706147909164429], "k_pid_yaw": [0.5, 1e-06, 0.1], "k_pid_hsp": [0.14345191419124603, 0.0, 1.0], "k_pid_vsp": [13.213384628295898, 400.0, 400.0]}, "datetime": {"datetime": "2025-08-13 11:10:37", "elapsed": 4965.2460501194, "delta": 51.90992093086243}, "costs": {"total_cost": 4708.63214681226, "time_cost": 150, "final_distance_cost": 991.9753040639356, "oscillation_cost": 835.7082349235903, "completition_cost": 1000.0, "overshoot_cost": 1664.6746000113976, "power_cost": 37.305612634277345, "noise_cost": 28.968395179059524, "n_waypoints_completed": 0, "tot_waypoints": 9}}
{"target": -4456.147168323996, "params": {"k_pid_pos": [2.0, 0.0, 0.0], "k_pid_alt": [1.8510311841964722, 0.0365043580532074, 0.9791632890701294], "k_pid_att": [100.0, 9.999999747378752e-05, 0.9809280633926392], "k_pid_yaw": [0.5, 1e-06, 0.1], "k_pid_hsp": [0.4696269929409027, 0.0, 0.9765424132347107], "k_pid_vsp": [0.0, 400.0, 397.8640441894531]}, "datetime": {"datetime": "2025-08-13 11:11:29", "elapsed": 5017.775029659271, "delta": 52.528979539871216}, "costs": {"total_cost": 4456.147168323996, "time_cost": 150, "final_distance_cost": 1018.8257501689791, "oscillation_cost": 637.0374012184466, "completition_cost": 1000.0, "overshoot_cost": 1587.980305731449, "power_cost": 34.17322872314453, "noise_cost": 28.130482481977158, "n_waypoints_completed": 0, "tot_waypoints": 9}}
{"target": -3132.361085922547, "params": {"k_pid_pos": [1.9549890756607056, 0.0, 0.02018776535987854], "k_pid_alt": [1.9906563758850098, 0.0, 0.9728968739509583], "k_pid_att": [97.09114074707031, 1.0254803895950317, 1.0], "k_pid_yaw": [0.5, 1e-06, 0.1], "k_pid_hsp": [0.6389168500900269, 0.0, 0.9751256704330444], "k_pid_vsp": [0.0, 390.38568115234375, 363.69287109375]}, "datetime": {"datetime": "2025-08-13 11:12:21", "elapsed": 5069.7717225551605, "delta": 51.99669289588928}, "costs": {"total_cost": 3132.361085922547, "time_cost": 150, "final_distance_cost": 652.8084406886915, "oscillation_cost": 576.7901719951225, "completition_cost": 1000.0, "overshoot_cost": 672.2438931160458, "power_cost": 36.30019133300782, "noise_cost": 44.218388789679416, "n_waypoints_completed": 0, "tot_waypoints": 9}}
{"target": -2283.5056686448197, "params": {"k_pid_pos": [2.0, 0.06567344069480896, 0.0], "k_pid_alt": [1.8534413576126099, 0.0, 1.0], "k_pid_att": [96.48632049560547, 9.999999747378752e-05, 1.0], "k_pid_yaw": [0.5, 1e-06, 0.1], "k_pid_hsp": [9.999999747378752e-05, 0.03278762102127075, 0.9278485178947449], "k_pid_vsp": [0.0, 393.9074401855469, 400.0]}, "datetime": {"datetime": "2025-08-13 11:13:14", "elapsed": 5122.278647899628, "delta": 52.50692534446716}, "costs": {"total_cost": 2283.5056686448197, "time_cost": 150, "final_distance_cost": 90.89985465281576, "oscillation_cost": 746.989103624482, "completition_cost": 1000.0, "overshoot_cost": 231.74848886619438, "power_cost": 35.82588525390625, "noise_cost": 28.042336247421417, "n_waypoints_completed": 0, "tot_waypoints": 9}}
{"target": -1935.0214985296593, "params": {"k_pid_pos": [2.0, 0.02384626865386963, 0.0], "k_pid_alt": [1.8153266906738281, 0.033714860677719116, 0.9879695177078247], "k_pid_att": [97.64595794677734, 0.27401217818260193, 1.0], "k_pid_yaw": [0.5, 1e-06, 0.1], "k_pid_hsp": [0.2774444818496704, 0.0, 1.0], "k_pid_vsp": [0.0, 393.3011779785156, 395.208740234375]}, "datetime": {"datetime": "2025-08-13 11:14:06", "elapsed": 5174.937954425812, "delta": 52.65930652618408}, "costs": {"total_cost": 1935.0214985296593, "time_cost": 150, "final_distance_cost": 124.87268745383864, "oscillation_cost": 603.364734561726, "completition_cost": 777.7777777777778, "overshoot_cost": 184.8037361265529, "power_cost": 38.3005955444336, "noise_cost": 55.901967065330496, "n_waypoints_completed": 2, "tot_waypoints": 9}}
{"target": -3174.969408551005, "params": {"k_pid_pos": [1.9632760286331177, 0.034782081842422485, 0.0], "k_pid_alt": [2.0, 0.0, 1.0], "k_pid_att": [90.94495391845703, 0.636252224445343, 0.994544506072998], "k_pid_yaw": [0.5, 1e-06, 0.1], "k_pid_hsp": [0.13967062532901764, 0.018558591604232788, 0.9946516752243042], "k_pid_vsp": [17.8250789642334, 359.2105407714844, 400.0]}, "datetime": {"datetime": "2025-08-13 11:14:59", "elapsed": 5227.273582458496, "delta": 52.335628032684326}, "costs": {"total_cost": 3174.969408551005, "time_cost": 150, "final_distance_cost": 621.7974020411467, "oscillation_cost": 759.2261515175229, "completition_cost": 1000.0, "overshoot_cost": 580.3982140778802, "power_cost": 35.36062111816406, "noise_cost": 28.187019796290926, "n_waypoints_completed": 0, "tot_waypoints": 9}}
{"target": -2075.3071233316364, "params": {"k_pid_pos": [1.8999829292297363, 0.0, 0.0], "k_pid_alt": [2.0, 0.016038239002227783, 1.0], "k_pid_att": [87.66905212402344, 9.999999747378752e-05, 0.9998680353164673], "k_pid_yaw": [0.5, 1e-06, 0.1], "k_pid_hsp": [9.999999747378752e-05, 0.03613543510437012, 0.9338985681533813], "k_pid_vsp": [28.551626205444336, 400.0, 383.4250793457031]}, "datetime": {"datetime": "2025-08-13 11:15:51", "elapsed": 5280.047641515732, "delta": 52.77405905723572}, "costs": {"total_cost": 2075.3071233316364, "time_cost": 150, "final_distance_cost": 51.618044717561354, "oscillation_cost": 751.8986588131265, "completition_cost": 1000.0, "overshoot_cost": 53.501586263104045, "power_cost": 39.26495789794922, "noise_cost": 29.023875639895508, "n_waypoints_completed": 0, "tot_waypoints": 9}}
{"target": -11844.13359183536, "params": {"k_pid_pos": [1.7732701301574707, 0.0, 0.08437550067901611], "k_pid_alt": [1.904973030090332, 0.0, 1.0], "k_pid_att": [100.0, 0.026329953223466873, 1.0], "k_pid_yaw": [0.5, 1e-06, 0.1], "k_pid_hsp": [9.999999747378752e-05, 0.013509184122085571, 1.0], "k_pid_vsp": [0.0, 384.5074462890625, 400.0]}, "datetime": {"datetime": "2025-08-13 11:16:46", "elapsed": 5334.117506027222, "delta": 54.06986451148987}, "costs": {"total_cost": 11844.13359183536, "time_cost": 150, "final_distance_cost": 3460.92476293125, "oscillation_cost": 708.4041234138429, "completition_cost": 1000.0, "overshoot_cost": 6465.821969501032, "power_cost": 32.029947192382814, "noise_cost": 26.952788796852367, "n_waypoints_completed": 0, "tot_waypoints": 9}}
{"target": -4144.858618968381, "params": {"k_pid_pos": [1.882804274559021, 0.0, 0.03637018799781799], "k_pid_alt": [2.0, 0.0, 0.9195157885551453], "k_pid_att": [100.0, 9.999999747378752e-05, 1.0], "k_pid_yaw": [0.5, 1e-06, 0.1], "k_pid_hsp": [9.999999747378752e-05, 0.02714058756828308, 0.981701135635376], "k_pid_vsp": [0.0, 391.32684326171875, 376.351318359375]}, "datetime": {"datetime": "2025-08-13 11:17:38", "elapsed": 5386.813184261322, "delta": 52.69567823410034}, "costs": {"total_cost": 4144.858618968381, "time_cost": 150, "final_distance_cost": 517.6679682426962, "oscillation_cost": 698.6047007882222, "completition_cost": 1000.0, "overshoot_cost": 1715.229383394257, "power_cost": 35.196673925781255, "noise_cost": 28.159892617424877, "n_waypoints_completed": 0, "tot_waypoints": 9}}
{"target": -4832.010829234246, "params": {"k_pid_pos": [2.0, 0.019832879304885864, 0.0], "k_pid_alt": [2.0, 0.0, 0.9883829951286316], "k_pid_att": [98.4610824584961, 9.999999747378752e-05, 0.9958579540252686], "k_pid_yaw": [0.5, 1e-06, 0.1], "k_pid_hsp": [9.999999747378752e-05, 0.0391923189163208, 1.0], "k_pid_vsp": [0.0, 400.0, 400.0]}, "datetime": {"datetime": "2025-08-13 11:18:31", "elapsed": 5439.814125061035, "delta": 53.000940799713135}, "costs": {"total_cost": 4832.010829234246, "time_cost": 150, "final_distance_cost": 1004.0298478288425, "oscillation_cost": 801.6452017308575, "completition_cost": 1000.0, "overshoot_cost": 1814.4548715730718, "power_cost": 34.015967968750005, "noise_cost": 27.864940132723735, "n_waypoints_completed": 0, "tot_waypoints": 9}}
{"target": -4136.902491245535, "params": {"k_pid_pos": [2.0, 0.004948556423187256, 0.010719329118728638], "k_pid_alt": [2.0, 0.0, 0.9975635409355164], "k_pid_att": [100.0, 9.999999747378752e-05, 0.9398056864738464], "k_pid_yaw": [0.5, 1e-06, 0.1], "k_pid_hsp": [0.5256381630897522, 0.0, 0.9676856994628906], "k_pid_vsp": [0.0, 400.0, 387.2449645996094]}, "datetime": {"datetime": "2025-08-13 11:19:23", "elapsed": 5491.942596673965, "delta": 52.1284716129303}, "costs": {"total_cost": 4136.902491245535, "time_cost": 150, "final_distance_cost": 859.8928703736958, "oscillation_cost": 598.8324671648378, "completition_cost": 1000.0, "overshoot_cost": 1463.9019954372125, "power_cost": 35.567929321289064, "noise_cost": 28.70722894850051, "n_waypoints_completed": 0, "tot_waypoints": 9}}
{"target": -5390.702351862005, "params": {"k_pid_pos": [1.9646714925765991, 0.0, 0.0417095422744751], "k_pid_alt": [2.0, 0.018449485301971436, 0.9683009386062622], "k_pid_att": [100.0, 9.999999747378752e-05, 1.0], "k_pid_yaw": [0.5, 1e-06, 0.1], "k_pid_hsp": [0.43052345514297485, 0.0, 1.0], "k_pid_vsp": [2.8535842895507812, 400.0, 400.0]}, "datetime": {"datetime": "2025-08-13 11:20:16", "elapsed": 5544.182391881943, "delta": 52.239795207977295}, "costs": {"total_cost": 5390.702351862005, "time_cost": 150, "final_distance_cost": 1204.0710795927669, "oscillation_cost": 645.3317470865917, "completition_cost": 1000.0, "overshoot_cost": 2326.5280801596214, "power_cost": 35.83097581787109, "noise_cost": 28.940469205155065, "n_waypoints_completed": 0, "tot_waypoints": 9}}
{"target": -3294.2719590447587, "params": {"k_pid_pos": [2.0, 0.0, 0.04434362053871155], "k_pid_alt": [2.0, 0.056033968925476074, 1.0], "k_pid_att": [94.92581176757812, 0.805008590221405, 1.0], "k_pid_yaw": [0.5, 1e-06, 0.1], "k_pid_hsp": [9.999999747378752e-05, 0.035608917474746704, 1.0], "k_pid_vsp": [3.2142043113708496, 386.9193420410156, 400.0]}, "datetime": {"datetime": "2025-08-13 11:21:07", "elapsed": 5595.985101222992, "delta": 51.802709341049194}, "costs": {"total_cost": 3294.2719590447587, "time_cost": 150, "final_distance_cost": 411.5298727140288, "oscillation_cost": 785.8641310043456, "completition_cost": 1000.0, "overshoot_cost": 882.7671062379575, "power_cost": 35.65853707275391, "noise_cost": 28.452312015673037, "n_waypoints_completed": 0, "tot_waypoints": 9}}
{"target": -1672.7000755857816, "params": {"k_pid_pos": [2.0, 0.03483054041862488, 0.0], "k_pid_alt": [1.9660592079162598, 0.11975479125976562, 0.9762706756591797], "k_pid_att": [100.0, 0.04473300278186798, 0.9652186632156372], "k_pid_yaw": [0.5, 1e-06, 0.1], "k_pid_hsp": [0.542557954788208, 0.0, 0.9792999625205994], "k_pid_vsp": [0.6988883018493652, 400.0, 400.0]}, "datetime": {"datetime": "2025-08-13 11:21:58", "elapsed": 5646.979198455811, "delta": 50.9940972328186}, "costs": {"total_cost": 1672.7000755857816, "time_cost": 150, "final_distance_cost": 92.33716213814547, "oscillation_cost": 407.5558645378614, "completition_cost": 777.7777777777778, "overshoot_cost": 150.93127327520975, "power_cost": 40.345343872070316, "noise_cost": 53.75265398471676, "n_waypoints_completed": 2, "tot_waypoints": 9}}
{"target": -4589.6473156654365, "params": {"k_pid_pos": [2.0, 0.008289813995361328, 0.03316304087638855], "k_pid_alt": [1.9502520561218262, 0.025894343852996826, 1.0], "k_pid_att": [99.22022247314453, 9.999999747378752e-05, 0.9656364917755127], "k_pid_yaw": [0.5, 1e-06, 0.1], "k_pid_hsp": [0.4230455458164215, 0.0, 1.0], "k_pid_vsp": [11.058664321899414, 355.0357666015625, 391.1741638183594]}, "datetime": {"datetime": "2025-08-13 11:22:49", "elapsed": 5697.636503696442, "delta": 50.6573052406311}, "costs": {"total_cost": 4589.6473156654365, "time_cost": 150, "final_distance_cost": 559.2822909383277, "oscillation_cost": 796.5592719912186, "completition_cost": 1000.0, "overshoot_cost": 2020.9677741233959, "power_cost": 35.09376708984375, "noise_cost": 27.74421152265017, "n_waypoints_completed": 0, "tot_waypoints": 9}}
{"target": -2797.899804577489, "params": {"k_pid_pos": [1.9950859546661377, 0.044559478759765625, 0.019484519958496094], "k_pid_alt": [1.723725438117981, 0.06461063027381897, 1.0], "k_pid_att": [100.0, 9.999999747378752e-05, 0.9946334362030029], "k_pid_yaw": [0.5, 1e-06, 0.1], "k_pid_hsp": [9.999999747378752e-05, 0.0, 1.0], "k_pid_vsp": [14.335691452026367, 400.0, 396.7674255371094]}, "datetime": {"datetime": "2025-08-13 11:23:44", "elapsed": 5752.32846736908, "delta": 54.69196367263794}, "costs": {"total_cost": 2797.899804577489, "time_cost": 150, "final_distance_cost": 363.8403733303831, "oscillation_cost": 772.5674088677823, "completition_cost": 1000.0, "overshoot_cost": 442.6721429405525, "power_cost": 38.75067598876953, "noise_cost": 30.069203450001243, "n_waypoints_completed": 0, "tot_waypoints": 9}}
