{"target": -2155.5423527798207, "params": {"k_pid_pos": [1.998508334159851, 0.006494760513305664, 0.0], "k_pid_alt": [2.0, 0.0, 0.905243992805481], "k_pid_att": [92.10318756103516, 0.09936786442995071, 1.0], "k_pid_yaw": [0.5, 1e-06, 0.1], "k_pid_hsp": [0.7387223243713379, 0.0, 0.978117823600769], "k_pid_vsp": [27.271175384521484, 400.0, 392.3995361328125]}, "datetime": {"datetime": "2025-08-13 16:10:08", "elapsed": 22936.27765727043, "delta": 30.914294242858887}, "costs": {"total_cost": 2155.5423527798207, "time_cost": 150, "final_distance_cost": 170.0309475118258, "oscillation_cost": 440.72588118696143, "completition_cost": 777.7777777777778, "overshoot_cost": 550.5389016010726, "power_cost": 36.01960319824219, "noise_cost": 30.449241503940865, "n_waypoints_completed": 2, "tot_waypoints": 9}}
{"target": -2103.9711915772386, "params": {"k_pid_pos": [1.9909169673919678, 0.0032244324684143066, 0.010844260454177856], "k_pid_alt": [2.0, 0.04206100106239319, 0.9152838587760925], "k_pid_att": [100.0, 9.999999747378752e-05, 1.0], "k_pid_yaw": [0.5, 1e-06, 0.1], "k_pid_hsp": [9.999999747378752e-05, 0.09277427196502686, 0.9790819883346558], "k_pid_vsp": [0.0, 400.0, 400.0]}, "datetime": {"datetime": "2025-08-13 16:10:38", "elapsed": 22966.581218481064, "delta": 30.303561210632324}, "costs": {"total_cost": 2103.9711915772386, "time_cost": 150, "final_distance_cost": 38.408832275182704, "oscillation_cost": 818.3544029012099, "completition_cost": 888.8888888888888, "overshoot_cost": 116.52950862807, "power_cost": 38.076620483398436, "noise_cost": 53.71293840048873, "n_waypoints_completed": 1, "tot_waypoints": 9}}
{"target": -3894.5612651338165, "params": {"k_pid_pos": [2.0, 0.0, 0.12263178825378418], "k_pid_alt": [1.9120506048202515, 0.0, 1.0], "k_pid_att": [100.0, 0.10559141635894775, 1.0], "k_pid_yaw": [0.5, 1e-06, 0.1], "k_pid_hsp": [0.6572221517562866, 0.03534659743309021, 0.9015748500823975], "k_pid_vsp": [0.0, 391.06915283203125, 398.03948974609375]}, "datetime": {"datetime": "2025-08-13 16:11:10", "elapsed": 22998.72860813141, "delta": 32.14738965034485}, "costs": {"total_cost": 3894.5612651338165, "time_cost": 150, "final_distance_cost": 700.7371448992277, "oscillation_cost": 579.2068271757771, "completition_cost": 1000.0, "overshoot_cost": 1398.250823786775, "power_cost": 35.740572094726566, "noise_cost": 30.625897177310204, "n_waypoints_completed": 0, "tot_waypoints": 9}}
{"target": -2123.6713748009697, "params": {"k_pid_pos": [2.0, 0.0, 0.048976123332977295], "k_pid_alt": [2.0, 0.050310999155044556, 1.0], "k_pid_att": [95.73351287841797, 0.34054312109947205, 0.9761569499969482], "k_pid_yaw": [0.5, 1e-06, 0.1], "k_pid_hsp": [9.999999747378752e-05, 0.0, 0.9463956356048584], "k_pid_vsp": [0.0, 389.0418395996094, 400.0]}, "datetime": {"datetime": "2025-08-13 16:11:40", "elapsed": 23028.943497419357, "delta": 30.21488928794861}, "costs": {"total_cost": 2123.6713748009697, "time_cost": 150, "final_distance_cost": 42.829874821915396, "oscillation_cost": 714.1381112214622, "completition_cost": 1000.0, "overshoot_cost": 130.0215800750731, "power_cost": 39.5409154663086, "noise_cost": 47.14089321621017, "n_waypoints_completed": 0, "tot_waypoints": 9}}
{"target": -2017.5968196186548, "params": {"k_pid_pos": [1.99104905128479, 0.02670586109161377, 0.096284419298172], "k_pid_alt": [2.0, 0.0, 0.9529985189437866], "k_pid_att": [100.0, 0.31091663241386414, 0.9756050109863281], "k_pid_yaw": [0.5, 1e-06, 0.1], "k_pid_hsp": [0.24365495145320892, 0.032959163188934326, 1.0], "k_pid_vsp": [20.133209228515625, 348.87921142578125, 400.0]}, "datetime": {"datetime": "2025-08-13 16:12:11", "elapsed": 23059.531815052032, "delta": 30.58831763267517}, "costs": {"total_cost": 2017.5968196186548, "time_cost": 150, "final_distance_cost": 36.10619606650748, "oscillation_cost": 599.6695093185873, "completition_cost": 1000.0, "overshoot_cost": 163.79959871058793, "power_cost": 38.77357552490235, "noise_cost": 29.247939998069675, "n_waypoints_completed": 0, "tot_waypoints": 9}}
{"target": -2705.7207978718725, "params": {"k_pid_pos": [1.9300049543380737, 0.0, 0.034098923206329346], "k_pid_alt": [1.9420324563980103, 0.0, 0.983293354511261], "k_pid_att": [97.91293334960938, 0.13708321750164032, 1.0], "k_pid_yaw": [0.5, 1e-06, 0.1], "k_pid_hsp": [9.999999747378752e-05, 0.0, 0.9808160066604614], "k_pid_vsp": [0.40557384490966797, 395.04833984375, 382.51446533203125]}, "datetime": {"datetime": "2025-08-13 16:12:41", "elapsed": 23089.767534017563, "delta": 30.235718965530396}, "costs": {"total_cost": 2705.7207978718725, "time_cost": 150, "final_distance_cost": 68.80349299255845, "oscillation_cost": 734.3131219037831, "completition_cost": 1000.0, "overshoot_cost": 663.7586774241482, "power_cost": 40.184293652343754, "noise_cost": 48.66121189903885, "n_waypoints_completed": 0, "tot_waypoints": 9}}
{"target": -5111.2415846520125, "params": {"k_pid_pos": [1.9731816053390503, 0.03645476698875427, 0.0262148380279541], "k_pid_alt": [1.9451158046722412, 0.0, 1.0], "k_pid_att": [100.0, 9.999999747378752e-05, 0.9679583311080933], "k_pid_yaw": [0.5, 1e-06, 0.1], "k_pid_hsp": [0.00845678523182869, 0.0, 0.9927452206611633], "k_pid_vsp": [17.53786849975586, 370.73291015625, 354.92352294921875]}, "datetime": {"datetime": "2025-08-13 16:13:11", "elapsed": 23119.886024951935, "delta": 30.11849093437195}, "costs": {"total_cost": 5111.2415846520125, "time_cost": 150, "final_distance_cost": 1115.27862339911, "oscillation_cost": 816.1675038591235, "completition_cost": 1000.0, "overshoot_cost": 1968.346554983477, "power_cost": 33.83950855712891, "noise_cost": 27.609393853173483, "n_waypoints_completed": 0, "tot_waypoints": 9}}
{"target": -3049.9519756874815, "params": {"k_pid_pos": [1.9361757040023804, 0.08961057662963867, 0.030830472707748413], "k_pid_alt": [1.987912654876709, 0.0, 0.9929023385047913], "k_pid_att": [100.0, 9.999999747378752e-05, 1.0], "k_pid_yaw": [0.5, 1e-06, 0.1], "k_pid_hsp": [0.04797695204615593, 0.08654457330703735, 1.0], "k_pid_vsp": [0.0, 400.0, 380.829345703125]}, "datetime": {"datetime": "2025-08-13 16:13:44", "elapsed": 23152.117401599884, "delta": 32.23137664794922}, "costs": {"total_cost": 3049.9519756874815, "time_cost": 150, "final_distance_cost": 224.06203061612666, "oscillation_cost": 795.4942986088971, "completition_cost": 1000.0, "overshoot_cost": 818.2336037691193, "power_cost": 34.86549913330078, "noise_cost": 27.296543560037634, "n_waypoints_completed": 0, "tot_waypoints": 9}}
{"target": -8778.374520066063, "params": {"k_pid_pos": [1.950574517250061, 0.0, 0.0], "k_pid_alt": [1.994490623474121, 0.025573819875717163, 0.9360764026641846], "k_pid_att": [100.0, 0.04155074432492256, 1.0], "k_pid_yaw": [0.5, 1e-06, 0.1], "k_pid_hsp": [1.3603544235229492, 0.07123169302940369, 0.9922173619270325], "k_pid_vsp": [2.211296558380127, 400.0, 389.55145263671875]}, "datetime": {"datetime": "2025-08-13 16:14:16", "elapsed": 23184.524903297424, "delta": 32.40750169754028}, "costs": {"total_cost": 8778.374520066063, "time_cost": 150, "final_distance_cost": 2450.8240561108146, "oscillation_cost": 701.0759378107383, "completition_cost": 888.8888888888888, "overshoot_cost": 4524.743385076149, "power_cost": 33.62866376953125, "noise_cost": 29.21358840993981, "n_waypoints_completed": 1, "tot_waypoints": 9}}
{"target": -2542.6597917046874, "params": {"k_pid_pos": [1.9095063209533691, 0.007771909236907959, 0.06680181622505188], "k_pid_alt": [1.9857640266418457, 0.10505592823028564, 1.0], "k_pid_att": [100.0, 9.999999747378752e-05, 0.9465287327766418], "k_pid_yaw": [0.5, 1e-06, 0.1], "k_pid_hsp": [9.999999747378752e-05, 0.008522987365722656, 1.0], "k_pid_vsp": [0.0, 400.0, 381.40240478515625]}, "datetime": {"datetime": "2025-08-13 16:14:50", "elapsed": 23218.786764144897, "delta": 34.261860847473145}, "costs": {"total_cost": 2542.6597917046874, "time_cost": 150, "final_distance_cost": 289.38969530083307, "oscillation_cost": 779.7886555272372, "completition_cost": 1000.0, "overshoot_cost": 261.29021291309436, "power_cost": 34.551276599121096, "noise_cost": 27.639951364401597, "n_waypoints_completed": 0, "tot_waypoints": 9}}
{"target": -1996.082563961352, "params": {"k_pid_pos": [2.0, 0.0, 0.0], "k_pid_alt": [2.0, 0.0, 0.9307610392570496], "k_pid_att": [97.66738891601562, 9.999999747378752e-05, 1.0], "k_pid_yaw": [0.5, 1e-06, 0.1], "k_pid_hsp": [0.7845226526260376, 0.004803091287612915, 0.8895729780197144], "k_pid_vsp": [0.0, 400.0, 400.0]}, "datetime": {"datetime": "2025-08-13 16:15:26", "elapsed": 23254.269189357758, "delta": 35.48242521286011}, "costs": {"total_cost": 1996.082563961352, "time_cost": 150, "final_distance_cost": 1.7770303703183148, "oscillation_cost": 528.4044862435279, "completition_cost": 1000.0, "overshoot_cost": 157.92215414631445, "power_cost": 41.52979992675782, "noise_cost": 116.44909327443357, "n_waypoints_completed": 0, "tot_waypoints": 9}}
{"target": -3600.882405673313, "params": {"k_pid_pos": [1.8939017057418823, 0.0, 0.07067611813545227], "k_pid_alt": [1.9770276546478271, 0.0, 0.9373512864112854], "k_pid_att": [100.0, 0.1002422496676445, 1.0], "k_pid_yaw": [0.5, 1e-06, 0.1], "k_pid_hsp": [9.999999747378752e-05, 0.025789082050323486, 0.9819921255111694], "k_pid_vsp": [9.045076370239258, 363.70819091796875, 378.0447998046875]}, "datetime": {"datetime": "2025-08-13 16:16:03", "elapsed": 23291.213797807693, "delta": 36.94460844993591}, "costs": {"total_cost": 3600.882405673313, "time_cost": 150, "final_distance_cost": 372.9014608950424, "oscillation_cost": 844.0587631521929, "completition_cost": 1000.0, "overshoot_cost": 1172.0997281419056, "power_cost": 34.167556591796874, "noise_cost": 27.65489689237539, "n_waypoints_completed": 0, "tot_waypoints": 9}}
{"target": -2556.752988401552, "params": {"k_pid_pos": [2.0, 0.0, 0.0], "k_pid_alt": [2.0, 0.012115955352783203, 1.0], "k_pid_att": [100.0, 0.4826764166355133, 0.8883709907531738], "k_pid_yaw": [0.5, 1e-06, 0.1], "k_pid_hsp": [0.20968034863471985, 0.07676863670349121, 1.0], "k_pid_vsp": [0.0, 389.4617004394531, 400.0]}, "datetime": {"datetime": "2025-08-13 16:16:36", "elapsed": 23324.43484354019, "delta": 33.22104573249817}, "costs": {"total_cost": 2556.752988401552, "time_cost": 150, "final_distance_cost": 106.72036075014842, "oscillation_cost": 740.1646636159459, "completition_cost": 1000.0, "overshoot_cost": 497.46312164510425, "power_cost": 34.50043182373047, "noise_cost": 27.904410566622886, "n_waypoints_completed": 0, "tot_waypoints": 9}}
{"target": -6632.251126636163, "params": {"k_pid_pos": [1.863336205482483, 0.0, 0.0], "k_pid_alt": [1.9380748271942139, 0.0, 0.9649755954742432], "k_pid_att": [100.0, 0.0366801992058754, 0.8915138244628906], "k_pid_yaw": [0.5, 1e-06, 0.1], "k_pid_hsp": [0.43818140029907227, 0.004086732864379883, 1.0], "k_pid_vsp": [0.0, 383.45269775390625, 400.0]}, "datetime": {"datetime": "2025-08-13 16:17:10", "elapsed": 23358.272124528885, "delta": 33.83728098869324}, "costs": {"total_cost": 6632.251126636163, "time_cost": 150, "final_distance_cost": 1922.7544211258394, "oscillation_cost": 685.5396885581631, "completition_cost": 888.8888888888888, "overshoot_cost": 2924.035106142838, "power_cost": 33.264299096679686, "noise_cost": 27.768722823754242, "n_waypoints_completed": 1, "tot_waypoints": 9}}
{"target": -7231.679826826733, "params": {"k_pid_pos": [1.9592955112457275, 0.010358661413192749, 0.025304406881332397], "k_pid_alt": [2.0, 0.041948914527893066, 0.9653282165527344], "k_pid_att": [97.46488189697266, 0.4764305055141449, 0.9614650011062622], "k_pid_yaw": [0.5, 1e-06, 0.1], "k_pid_hsp": [0.5917050838470459, 0.0, 1.0], "k_pid_vsp": [0.0, 361.4400329589844, 400.0]}, "datetime": {"datetime": "2025-08-13 16:17:46", "elapsed": 23394.606147766113, "delta": 36.334023237228394}, "costs": {"total_cost": 7231.679826826733, "time_cost": 150, "final_distance_cost": 1900.5859644008162, "oscillation_cost": 762.9971807604909, "completition_cost": 1000.0, "overshoot_cost": 3355.2335624126763, "power_cost": 34.42477445068359, "noise_cost": 28.438344802066563, "n_waypoints_completed": 0, "tot_waypoints": 9}}
{"target": -2585.887093119641, "params": {"k_pid_pos": [2.0, 0.1334364116191864, 0.030133217573165894], "k_pid_alt": [2.0, 0.0, 1.0], "k_pid_att": [100.0, 9.999999747378752e-05, 0.9463077187538147], "k_pid_yaw": [0.5, 1e-06, 0.1], "k_pid_hsp": [9.999999747378752e-05, 0.07109120488166809, 1.0], "k_pid_vsp": [28.460323333740234, 400.0, 386.05767822265625]}, "datetime": {"datetime": "2025-08-13 16:18:16", "elapsed": 23424.96999335289, "delta": 30.363845586776733}, "costs": {"total_cost": 2585.887093119641, "time_cost": 150, "final_distance_cost": 129.48154388082364, "oscillation_cost": 726.6710935250319, "completition_cost": 1000.0, "overshoot_cost": 517.1531697578033, "power_cost": 34.80125283203125, "noise_cost": 27.78003312395114, "n_waypoints_completed": 0, "tot_waypoints": 9}}
{"target": -2404.0770786806424, "params": {"k_pid_pos": [2.0, 0.0, 0.06579867005348206], "k_pid_alt": [2.0, 0.12659072875976562, 0.9982898831367493], "k_pid_att": [94.64286804199219, 0.0753641203045845, 0.992047131061554], "k_pid_yaw": [0.5, 1e-06, 0.1], "k_pid_hsp": [9.999999747378752e-05, 0.023568302392959595, 0.9454725980758667], "k_pid_vsp": [1.1803865432739258, 377.4900207519531, 400.0]}, "datetime": {"datetime": "2025-08-13 16:18:49", "elapsed": 23457.703803777695, "delta": 32.73381042480469}, "costs": {"total_cost": 2404.0770786806424, "time_cost": 150, "final_distance_cost": 91.51735841975376, "oscillation_cost": 754.5136329511253, "completition_cost": 1000.0, "overshoot_cost": 340.30101095879206, "power_cost": 36.56408386230469, "noise_cost": 31.18099248866674, "n_waypoints_completed": 0, "tot_waypoints": 9}}
{"target": -2182.84974517398, "params": {"k_pid_pos": [1.9467487335205078, 0.007040798664093018, 0.0], "k_pid_alt": [2.0, 0.0, 1.0], "k_pid_att": [100.0, 9.999999747378752e-05, 1.0], "k_pid_yaw": [0.5, 1e-06, 0.1], "k_pid_hsp": [0.14416983723640442, 0.0, 0.942301869392395], "k_pid_vsp": [20.7949275970459, 370.9965515136719, 400.0]}, "datetime": {"datetime": "2025-08-13 16:19:22", "elapsed": 23491.02131509781, "delta": 33.317511320114136}, "costs": {"total_cost": 2182.84974517398, "time_cost": 150, "final_distance_cost": 11.970209572383329, "oscillation_cost": 720.4088932173765, "completition_cost": 1000.0, "overshoot_cost": 159.92051942809155, "power_cost": 42.28001826171875, "noise_cost": 98.27010469440997, "n_waypoints_completed": 0, "tot_waypoints": 9}}
{"target": -1925.1496981749285, "params": {"k_pid_pos": [1.856795072555542, 0.06503981351852417, 0.04953029751777649], "k_pid_alt": [2.0, 0.0, 0.98032546043396], "k_pid_att": [100.0, 0.27625179290771484, 1.0], "k_pid_yaw": [0.5, 1e-06, 0.1], "k_pid_hsp": [0.3690594732761383, 0.0, 1.0], "k_pid_vsp": [20.206796646118164, 384.47247314453125, 400.0]}, "datetime": {"datetime": "2025-08-13 16:19:53", "elapsed": 23521.997047424316, "delta": 30.97573232650757}, "costs": {"total_cost": 1925.1496981749285, "time_cost": 150, "final_distance_cost": 73.90667074625946, "oscillation_cost": 610.9770381340851, "completition_cost": 777.7777777777778, "overshoot_cost": 185.48767181698284, "power_cost": 41.06062625732422, "noise_cost": 85.93991344249916, "n_waypoints_completed": 2, "tot_waypoints": 9}}
{"target": -2163.518876247869, "params": {"k_pid_pos": [1.9714152812957764, 0.08986878395080566, 0.12551933526992798], "k_pid_alt": [2.0, 0.0, 0.9784201979637146], "k_pid_att": [98.36152648925781, 9.999999747378752e-05, 1.0], "k_pid_yaw": [0.5, 1e-06, 0.1], "k_pid_hsp": [0.5571668744087219, 0.024197757244110107, 1.0], "k_pid_vsp": [1.9782423973083496, 374.9625549316406, 400.0]}, "datetime": {"datetime": "2025-08-13 16:20:24", "elapsed": 23552.6791536808, "delta": 30.682106256484985}, "costs": {"total_cost": 2163.518876247869, "time_cost": 150, "final_distance_cost": 9.217435681937943, "oscillation_cost": 581.7208175390386, "completition_cost": 1000.0, "overshoot_cost": 305.7226670105603, "power_cost": 43.170755895996095, "noise_cost": 73.6872001203356, "n_waypoints_completed": 0, "tot_waypoints": 9}}
{"target": -11912.201160556362, "params": {"k_pid_pos": [2.0, 0.0, 0.0], "k_pid_alt": [2.0, 0.06878316402435303, 1.0], "k_pid_att": [98.87479400634766, 0.08164966106414795, 1.0], "k_pid_yaw": [0.5, 1e-06, 0.1], "k_pid_hsp": [9.999999747378752e-05, 0.03122982382774353, 1.0], "k_pid_vsp": [0.0, 383.337158203125, 386.5353698730469]}, "datetime": {"datetime": "2025-08-13 16:20:54", "elapsed": 23582.613094568253, "delta": 29.933940887451172}, "costs": {"total_cost": 11912.201160556362, "time_cost": 150, "final_distance_cost": 3046.9464477039737, "oscillation_cost": 768.4608792602411, "completition_cost": 1000.0, "overshoot_cost": 6885.426693973425, "power_cost": 33.804552575683594, "noise_cost": 27.562587043037386, "n_waypoints_completed": 0, "tot_waypoints": 9}}
{"target": -2060.5750319200138, "params": {"k_pid_pos": [1.9245579242706299, 0.0, 0.06157582998275757], "k_pid_alt": [2.0, 0.0010871589183807373, 0.9537782073020935], "k_pid_att": [100.0, 9.999999747378752e-05, 1.0], "k_pid_yaw": [0.5, 1e-06, 0.1], "k_pid_hsp": [9.999999747378752e-05, 0.0, 0.9293167591094971], "k_pid_vsp": [0.0, 400.0, 400.0]}, "datetime": {"datetime": "2025-08-13 16:21:24", "elapsed": 23612.579778671265, "delta": 29.966684103012085}, "costs": {"total_cost": 2060.5750319200138, "time_cost": 150, "final_distance_cost": 46.04487035408574, "oscillation_cost": 715.0069992463534, "completition_cost": 1000.0, "overshoot_cost": 82.55724857247297, "power_cost": 38.1706158203125, "noise_cost": 28.79529792678888, "n_waypoints_completed": 0, "tot_waypoints": 9}}
{"target": -6519.322813367958, "params": {"k_pid_pos": [1.9092671871185303, 0.05777257680892944, 0.1152278482913971], "k_pid_alt": [1.9846405982971191, 0.0, 1.0], "k_pid_att": [100.0, 1.1555461883544922, 1.0], "k_pid_yaw": [0.5, 1e-06, 0.1], "k_pid_hsp": [9.999999747378752e-05, 0.0027973055839538574, 0.9639379978179932], "k_pid_vsp": [0.0, 400.0, 400.0]}, "datetime": {"datetime": "2025-08-13 16:21:56", "elapsed": 23644.07902431488, "delta": 31.499245643615723}, "costs": {"total_cost": 6519.322813367958, "time_cost": 150, "final_distance_cost": 2025.914189137804, "oscillation_cost": 699.9962713574815, "completition_cost": 888.8888888888888, "overshoot_cost": 2692.7612279340788, "power_cost": 34.05390856933594, "noise_cost": 27.70832748036865, "n_waypoints_completed": 1, "tot_waypoints": 9}}
{"target": -2954.3051657058745, "params": {"k_pid_pos": [2.0, 0.0, 0.0], "k_pid_alt": [2.0, 0.02316969633102417, 1.0], "k_pid_att": [98.39874267578125, 9.999999747378752e-05, 1.0], "k_pid_yaw": [0.5, 1e-06, 0.1], "k_pid_hsp": [9.999999747378752e-05, 0.0, 1.0], "k_pid_vsp": [8.604347229003906, 400.0, 362.0645446777344]}, "datetime": {"datetime": "2025-08-13 16:22:27", "elapsed": 23675.789504766464, "delta": 31.710480451583862}, "costs": {"total_cost": 2954.3051657058745, "time_cost": 150, "final_distance_cost": 346.30804386832085, "oscillation_cost": 845.5540354104195, "completition_cost": 1000.0, "overshoot_cost": 549.338924953013, "power_cost": 35.53500422363281, "noise_cost": 27.569157250488253, "n_waypoints_completed": 0, "tot_waypoints": 9}}
{"target": -2221.1696353383, "params": {"k_pid_pos": [2.0, 0.0, 0.002065986394882202], "k_pid_alt": [1.9048237800598145, 0.0070955753326416016, 1.0], "k_pid_att": [95.60955810546875, 9.999999747378752e-05, 0.9767286777496338], "k_pid_yaw": [0.5, 1e-06, 0.1], "k_pid_hsp": [9.999999747378752e-05, 0.0, 0.9693403244018555], "k_pid_vsp": [27.619373321533203, 400.0, 388.18377685546875]}, "datetime": {"datetime": "2025-08-13 16:23:00", "elapsed": 23708.5414853096, "delta": 32.7519805431366}, "costs": {"total_cost": 2221.1696353383, "time_cost": 150, "final_distance_cost": 30.394925462627864, "oscillation_cost": 746.9635295291866, "completition_cost": 1000.0, "overshoot_cost": 225.5253828543405, "power_cost": 36.91647158203125, "noise_cost": 31.369325910113734, "n_waypoints_completed": 0, "tot_waypoints": 9}}
{"target": -2956.791194329477, "params": {"k_pid_pos": [1.9315966367721558, 0.0, 0.05508899688720703], "k_pid_alt": [2.0, 0.022765755653381348, 0.9644099473953247], "k_pid_att": [100.0, 9.999999747378752e-05, 0.9419829845428467], "k_pid_yaw": [0.5, 1e-06, 0.1], "k_pid_hsp": [9.999999747378752e-05, 0.0, 0.9025440812110901], "k_pid_vsp": [0.0, 389.4670104980469, 398.1601867675781]}, "datetime": {"datetime": "2025-08-13 16:23:34", "elapsed": 23743.046048641205, "delta": 34.504563331604004}, "costs": {"total_cost": 2956.791194329477, "time_cost": 150, "final_distance_cost": 361.40792258915235, "oscillation_cost": 827.1092944272572, "completition_cost": 1000.0, "overshoot_cost": 557.3627441800387, "power_cost": 33.54224307861328, "noise_cost": 27.368990054415484, "n_waypoints_completed": 0, "tot_waypoints": 9}}
{"target": -5962.708182312192, "params": {"k_pid_pos": [2.0, 0.0, 0.044871628284454346], "k_pid_alt": [1.9677748680114746, 0.0, 1.0], "k_pid_att": [100.0, 9.999999747378752e-05, 0.9217933416366577], "k_pid_yaw": [0.5, 1e-06, 0.1], "k_pid_hsp": [0.08097464591264725, 0.0, 1.0], "k_pid_vsp": [10.892677307128906, 369.2059326171875, 397.6229553222656]}, "datetime": {"datetime": "2025-08-13 16:24:08", "elapsed": 23776.27129650116, "delta": 33.225247859954834}, "costs": {"total_cost": 5962.708182312192, "time_cost": 150, "final_distance_cost": 1125.0724104880553, "oscillation_cost": 717.7408804080155, "completition_cost": 1000.0, "overshoot_cost": 2905.7589412369025, "power_cost": 35.51326688232422, "noise_cost": 28.622683296894053, "n_waypoints_completed": 0, "tot_waypoints": 9}}
