{"target": -2009.9394138783775, "params": {"k_pid_pos": [2.0, 0.0, 0.03984785079956055], "k_pid_alt": [2.0, 0.0, 1.0], "k_pid_att": [94.43312072753906, 0.1816047579050064, 1.0], "k_pid_yaw": [0.5, 1e-06, 0.1], "k_pid_hsp": [0.9660021066665649, 0.0, 1.0], "k_pid_vsp": [32.440982818603516, 374.3454895019531, 390.6034851074219]}, "datetime": {"datetime": "2025-08-13 20:11:44", "elapsed": 37432.27144885063, "delta": 28.325788736343384}, "costs": {"total_cost": 2009.9394138783775, "time_cost": 150, "final_distance_cost": 80.56360216309818, "oscillation_cost": 659.5057328578928, "completition_cost": 888.8888888888888, "overshoot_cost": 113.26430726094236, "power_cost": 41.14078702392578, "noise_cost": 76.57609568362949, "n_waypoints_completed": 1, "tot_waypoints": 9}}
{"target": -9844.208360949646, "params": {"k_pid_pos": [2.0, 0.0, 0.0], "k_pid_alt": [1.990203857421875, 0.0, 0.9907461404800415], "k_pid_att": [100.0, 9.999999747378752e-05, 1.0], "k_pid_yaw": [0.5, 1e-06, 0.1], "k_pid_hsp": [0.4214746654033661, 0.0, 1.0], "k_pid_vsp": [1.5833377838134766, 382.3936767578125, 400.0]}, "datetime": {"datetime": "2025-08-13 20:12:12", "elapsed": 37460.774487257004, "delta": 28.50303840637207}, "costs": {"total_cost": 9844.208360949646, "time_cost": 150, "final_distance_cost": 2605.1754020780186, "oscillation_cost": 768.2499353975065, "completition_cost": 1000.0, "overshoot_cost": 5259.299171355549, "power_cost": 33.62084422607422, "noise_cost": 27.86300789249765, "n_waypoints_completed": 0, "tot_waypoints": 9}}
{"target": -2094.956785347963, "params": {"k_pid_pos": [2.0, 0.02498072385787964, 0.0], "k_pid_alt": [1.9066040515899658, 0.002484619617462158, 1.0], "k_pid_att": [100.0, 0.7199851870536804, 0.9397722482681274], "k_pid_yaw": [0.5, 1e-06, 0.1], "k_pid_hsp": [9.999999747378752e-05, 0.0, 0.9493368864059448], "k_pid_vsp": [18.642759323120117, 393.38330078125, 400.0]}, "datetime": {"datetime": "2025-08-13 20:12:40", "elapsed": 37489.04557442665, "delta": 28.271087169647217}, "costs": {"total_cost": 2094.956785347963, "time_cost": 150, "final_distance_cost": 25.751912448088255, "oscillation_cost": 763.3687144002384, "completition_cost": 1000.0, "overshoot_cost": 77.05821830841558, "power_cost": 40.00335186767578, "noise_cost": 38.77458832354491, "n_waypoints_completed": 0, "tot_waypoints": 9}}
{"target": -2069.449016074502, "params": {"k_pid_pos": [1.7945054769515991, 0.0, 0.0], "k_pid_alt": [2.0, 0.0, 0.9606290459632874], "k_pid_att": [90.61376190185547, 9.999999747378752e-05, 0.9532665014266968], "k_pid_yaw": [0.5, 1e-06, 0.1], "k_pid_hsp": [0.22132578492164612, 0.022059231996536255, 0.9852237701416016], "k_pid_vsp": [0.0, 366.323974609375, 378.769775390625]}, "datetime": {"datetime": "2025-08-13 20:13:09", "elapsed": 37517.62407398224, "delta": 28.57849955558777}, "costs": {"total_cost": 2069.449016074502, "time_cost": 150, "final_distance_cost": 10.38575072206284, "oscillation_cost": 697.0900112924709, "completition_cost": 1000.0, "overshoot_cost": 129.063037180009, "power_cost": 39.219824084472656, "noise_cost": 43.690392795486645, "n_waypoints_completed": 0, "tot_waypoints": 9}}
{"target": -6914.2665237290885, "params": {"k_pid_pos": [1.910908818244934, 0.04394572973251343, 0.053859710693359375], "k_pid_alt": [2.0, 0.0500466525554657, 1.0], "k_pid_att": [100.0, 9.999999747378752e-05, 1.0], "k_pid_yaw": [0.5, 1e-06, 0.1], "k_pid_hsp": [9.999999747378752e-05, 0.0, 0.9733090400695801], "k_pid_vsp": [0.0, 387.83770751953125, 400.0]}, "datetime": {"datetime": "2025-08-13 20:13:40", "elapsed": 37548.98987698555, "delta": 31.365803003311157}, "costs": {"total_cost": 6914.2665237290885, "time_cost": 150, "final_distance_cost": 1869.203079933108, "oscillation_cost": 806.5106504594988, "completition_cost": 1000.0, "overshoot_cost": 3028.3636913875544, "power_cost": 32.91466197509766, "noise_cost": 27.27443997383061, "n_waypoints_completed": 0, "tot_waypoints": 9}}
{"target": -2514.1288257712913, "params": {"k_pid_pos": [1.8673577308654785, 0.010384351015090942, 0.012046396732330322], "k_pid_alt": [2.0, 0.0, 0.9141689538955688], "k_pid_att": [100.0, 0.5745247602462769, 1.0], "k_pid_yaw": [0.5, 1e-06, 0.1], "k_pid_hsp": [9.999999747378752e-05, 0.0, 1.0], "k_pid_vsp": [0.0, 400.0, 400.0]}, "datetime": {"datetime": "2025-08-13 20:14:11", "elapsed": 37579.740544080734, "delta": 30.750667095184326}, "costs": {"total_cost": 2514.1288257712913, "time_cost": 150, "final_distance_cost": 256.0327799089781, "oscillation_cost": 798.235327682371, "completition_cost": 1000.0, "overshoot_cost": 214.06042030790786, "power_cost": 41.0361178100586, "noise_cost": 54.76418006197588, "n_waypoints_completed": 0, "tot_waypoints": 9}}
{"target": -6913.993798222622, "params": {"k_pid_pos": [1.982442021369934, 0.0, 0.04387754201889038], "k_pid_alt": [2.0, 0.10417559742927551, 0.9752609729766846], "k_pid_att": [97.35874938964844, 0.04472018778324127, 0.9186493158340454], "k_pid_yaw": [0.5, 1e-06, 0.1], "k_pid_hsp": [0.3151598274707794, 0.0007999241352081299, 0.9480717778205872], "k_pid_vsp": [36.74247360229492, 400.0, 400.0]}, "datetime": {"datetime": "2025-08-13 20:14:46", "elapsed": 37614.49857354164, "delta": 34.75802946090698}, "costs": {"total_cost": 6913.993798222622, "time_cost": 150, "final_distance_cost": 1705.8002512214216, "oscillation_cost": 726.3545046610373, "completition_cost": 1000.0, "overshoot_cost": 3276.128049234454, "power_cost": 29.4659318359375, "noise_cost": 26.245061269772425, "n_waypoints_completed": 0, "tot_waypoints": 9}}
{"target": -2160.3362369618326, "params": {"k_pid_pos": [2.0, 0.0, 0.0], "k_pid_alt": [2.0, 0.0, 0.9008707404136658], "k_pid_att": [100.0, 0.8957909345626831, 0.9184324741363525], "k_pid_yaw": [0.5, 1e-06, 0.1], "k_pid_hsp": [9.999999747378752e-05, 0.0, 0.9965668320655823], "k_pid_vsp": [16.121065139770508, 368.1954040527344, 392.76849365234375]}, "datetime": {"datetime": "2025-08-13 20:15:16", "elapsed": 37644.65926647186, "delta": 30.160692930221558}, "costs": {"total_cost": 2160.3362369618326, "time_cost": 150, "final_distance_cost": 56.72360522655519, "oscillation_cost": 782.9717478288692, "completition_cost": 1000.0, "overshoot_cost": 104.77327902186839, "power_cost": 37.44923699951172, "noise_cost": 28.418367885027774, "n_waypoints_completed": 0, "tot_waypoints": 9}}
{"target": -2110.4281154042783, "params": {"k_pid_pos": [1.9677717685699463, 0.0, 0.0], "k_pid_alt": [1.9594495296478271, 0.02353230118751526, 1.0], "k_pid_att": [96.47185516357422, 0.43468204140663147, 0.9848185181617737], "k_pid_yaw": [0.5, 1e-06, 0.1], "k_pid_hsp": [9.999999747378752e-05, 0.0015904903411865234, 0.9344000816345215], "k_pid_vsp": [16.927410125732422, 400.0, 400.0]}, "datetime": {"datetime": "2025-08-13 20:15:46", "elapsed": 37674.10090446472, "delta": 29.441637992858887}, "costs": {"total_cost": 2110.4281154042783, "time_cost": 150, "final_distance_cost": 36.837973629307974, "oscillation_cost": 715.7030166069713, "completition_cost": 1000.0, "overshoot_cost": 113.64796202955047, "power_cost": 42.859690258789065, "noise_cost": 51.3794728796591, "n_waypoints_completed": 0, "tot_waypoints": 9}}
{"target": -2135.526448766219, "params": {"k_pid_pos": [1.99873685836792, 0.041187405586242676, 0.0], "k_pid_alt": [2.0, 0.0, 0.9226986169815063], "k_pid_att": [98.1592025756836, 0.250756174325943, 0.9163866639137268], "k_pid_yaw": [0.5, 1e-06, 0.1], "k_pid_hsp": [9.999999747378752e-05, 0.039696335792541504, 1.0], "k_pid_vsp": [6.098759174346924, 400.0, 400.0]}, "datetime": {"datetime": "2025-08-13 20:16:15", "elapsed": 37703.43200492859, "delta": 29.331100463867188}, "costs": {"total_cost": 2135.526448766219, "time_cost": 150, "final_distance_cost": 51.39321709156449, "oscillation_cost": 742.5996025226873, "completition_cost": 1000.0, "overshoot_cost": 122.68659217318775, "power_cost": 39.85802337646484, "noise_cost": 28.989013602314788, "n_waypoints_completed": 0, "tot_waypoints": 9}}
{"target": -5849.340069063433, "params": {"k_pid_pos": [2.0, 0.05014178156852722, 0.04014730453491211], "k_pid_alt": [2.0, 0.0, 1.0], "k_pid_att": [100.0, 9.999999747378752e-05, 1.0], "k_pid_yaw": [0.5, 1e-06, 0.1], "k_pid_hsp": [0.04177485406398773, 0.01624763011932373, 1.0], "k_pid_vsp": [4.6599507331848145, 400.0, 400.0]}, "datetime": {"datetime": "2025-08-13 20:16:44", "elapsed": 37732.62175941467, "delta": 29.189754486083984}, "costs": {"total_cost": 5849.340069063433, "time_cost": 150, "final_distance_cost": 1568.2810302311752, "oscillation_cost": 817.4392185265085, "completition_cost": 1000.0, "overshoot_cost": 2252.6152547419897, "power_cost": 33.455308532714845, "noise_cost": 27.549257031044306, "n_waypoints_completed": 0, "tot_waypoints": 9}}
{"target": -6116.512646157088, "params": {"k_pid_pos": [2.0, 0.10186612606048584, 0.018787622451782227], "k_pid_alt": [1.9210947751998901, 0.0, 0.9710425138473511], "k_pid_att": [100.0, 9.999999747378752e-05, 1.0], "k_pid_yaw": [0.5, 1e-06, 0.1], "k_pid_hsp": [9.999999747378752e-05, 0.0, 1.0], "k_pid_vsp": [0.5350351333618164, 400.0, 389.64239501953125]}, "datetime": {"datetime": "2025-08-13 20:17:13", "elapsed": 37761.67487120628, "delta": 29.053111791610718}, "costs": {"total_cost": 6116.512646157088, "time_cost": 150, "final_distance_cost": 1427.895512247922, "oscillation_cost": 690.6252403207593, "completition_cost": 1000.0, "overshoot_cost": 2788.2919619009876, "power_cost": 32.47643587646485, "noise_cost": 27.22349581095433, "n_waypoints_completed": 0, "tot_waypoints": 9}}
{"target": -5095.2601117080185, "params": {"k_pid_pos": [2.0, 0.03864765167236328, 0.0], "k_pid_alt": [2.0, 0.016245007514953613, 0.9870246052742004], "k_pid_att": [92.03306579589844, 0.1375955194234848, 1.0], "k_pid_yaw": [0.5, 1e-06, 0.1], "k_pid_hsp": [0.20121479034423828, 0.0, 1.0], "k_pid_vsp": [0.0, 380.7340393066406, 391.9290466308594]}, "datetime": {"datetime": "2025-08-13 20:17:41", "elapsed": 37789.776883125305, "delta": 28.102011919021606}, "costs": {"total_cost": 5095.2601117080185, "time_cost": 150, "final_distance_cost": 1511.5462852879268, "oscillation_cost": 612.4047935833573, "completition_cost": 1000.0, "overshoot_cost": 1759.681376993488, "power_cost": 33.837789318847655, "noise_cost": 27.789866524398427, "n_waypoints_completed": 0, "tot_waypoints": 9}}
{"target": -4528.129122445824, "params": {"k_pid_pos": [1.9243104457855225, 0.01163029670715332, 0.047550350427627563], "k_pid_alt": [1.903148889541626, 0.0025367140769958496, 0.9251116514205933], "k_pid_att": [100.0, 9.999999747378752e-05, 0.8645482063293457], "k_pid_yaw": [0.5, 1e-06, 0.1], "k_pid_hsp": [1.0046788454055786, 0.006312698125839233, 0.9290038347244263], "k_pid_vsp": [23.90185546875, 395.87860107421875, 400.0]}, "datetime": {"datetime": "2025-08-13 20:18:11", "elapsed": 37819.29403567314, "delta": 29.517152547836304}, "costs": {"total_cost": 4528.129122445824, "time_cost": 150, "final_distance_cost": 1006.4720525250164, "oscillation_cost": 789.3981018158911, "completition_cost": 1000.0, "overshoot_cost": 1518.8029815007892, "power_cost": 33.75899641113281, "noise_cost": 29.69699019299425, "n_waypoints_completed": 0, "tot_waypoints": 9}}
{"target": -2134.110808378749, "params": {"k_pid_pos": [1.9666056632995605, 0.012982785701751709, 0.0], "k_pid_alt": [1.9523980617523193, 0.020260721445083618, 0.9855178594589233], "k_pid_att": [100.0, 9.999999747378752e-05, 0.9683775901794434], "k_pid_yaw": [0.5, 1e-06, 0.1], "k_pid_hsp": [0.026753738522529602, 0.0, 0.9015787839889526], "k_pid_vsp": [0.0, 400.0, 400.0]}, "datetime": {"datetime": "2025-08-13 20:18:41", "elapsed": 37849.9264292717, "delta": 30.63239359855652}, "costs": {"total_cost": 2134.110808378749, "time_cost": 150, "final_distance_cost": 9.791730777509986, "oscillation_cost": 726.0224744477191, "completition_cost": 1000.0, "overshoot_cost": 124.37418966143557, "power_cost": 39.97411180419922, "noise_cost": 83.94830168788505, "n_waypoints_completed": 0, "tot_waypoints": 9}}
{"target": -2098.1973167339543, "params": {"k_pid_pos": [1.9367468357086182, 0.05783814191818237, 0.0], "k_pid_alt": [1.9107441902160645, 0.0, 1.0], "k_pid_att": [86.9024429321289, 9.999999747378752e-05, 0.9670236110687256], "k_pid_yaw": [0.5, 1e-06, 0.1], "k_pid_hsp": [9.999999747378752e-05, 0.03280755877494812, 1.0], "k_pid_vsp": [0.0, 400.0, 392.313720703125]}, "datetime": {"datetime": "2025-08-13 20:19:11", "elapsed": 37879.644209861755, "delta": 29.717780590057373}, "costs": {"total_cost": 2098.1973167339543, "time_cost": 150, "final_distance_cost": 8.319654144694782, "oscillation_cost": 719.962129991573, "completition_cost": 1000.0, "overshoot_cost": 108.43029667998466, "power_cost": 41.438662109375, "noise_cost": 70.04657380832701, "n_waypoints_completed": 0, "tot_waypoints": 9}}
{"target": -2163.042369976235, "params": {"k_pid_pos": [1.9816794395446777, 0.0, 0.00016820430755615234], "k_pid_alt": [2.0, 0.029952824115753174, 0.9669733643531799], "k_pid_att": [100.0, 9.999999747378752e-05, 0.9956291317939758], "k_pid_yaw": [0.5, 1e-06, 0.1], "k_pid_hsp": [0.16164276003837585, 0.0, 0.9974591732025146], "k_pid_vsp": [17.837726593017578, 363.6761779785156, 397.07080078125]}, "datetime": {"datetime": "2025-08-13 20:19:41", "elapsed": 37909.28621959686, "delta": 29.642009735107422}, "costs": {"total_cost": 2163.042369976235, "time_cost": 150, "final_distance_cost": 1.0299995520391905, "oscillation_cost": 740.803170458921, "completition_cost": 1000.0, "overshoot_cost": 149.5916892775124, "power_cost": 42.57097111816407, "noise_cost": 79.04653956959841, "n_waypoints_completed": 0, "tot_waypoints": 9}}
{"target": -5132.937119212956, "params": {"k_pid_pos": [2.0, 0.03526049852371216, 0.0], "k_pid_alt": [2.0, 0.0, 0.9585580825805664], "k_pid_att": [93.86304473876953, 0.03961271792650223, 0.9535537958145142], "k_pid_yaw": [0.5, 1e-06, 0.1], "k_pid_hsp": [0.8051957488059998, 0.032422780990600586, 0.9927220344543457], "k_pid_vsp": [0.0, 400.0, 379.5546569824219]}, "datetime": {"datetime": "2025-08-13 20:20:10", "elapsed": 37939.02703666687, "delta": 29.740817070007324}, "costs": {"total_cost": 5132.937119212956, "time_cost": 150, "final_distance_cost": 878.3536324307604, "oscillation_cost": 681.9110172789659, "completition_cost": 1000.0, "overshoot_cost": 2360.983351349389, "power_cost": 33.34411043701172, "noise_cost": 28.34500771682906, "n_waypoints_completed": 0, "tot_waypoints": 9}}
{"target": -1995.7415368905106, "params": {"k_pid_pos": [2.0, 0.0, 0.0], "k_pid_alt": [2.0, 0.0, 0.9813436269760132], "k_pid_att": [100.0, 9.999999747378752e-05, 0.9486762285232544], "k_pid_yaw": [0.5, 1e-06, 0.1], "k_pid_hsp": [9.999999747378752e-05, 0.07487869262695312, 1.0], "k_pid_vsp": [10.729730606079102, 400.0, 399.94189453125]}, "datetime": {"datetime": "2025-08-13 20:20:40", "elapsed": 37968.11958575249, "delta": 29.092549085617065}, "costs": {"total_cost": 1995.7415368905106, "time_cost": 150, "final_distance_cost": 93.30500619717904, "oscillation_cost": 731.3675242009318, "completition_cost": 888.8888888888888, "overshoot_cost": 68.6013067062937, "power_cost": 35.49095499267578, "noise_cost": 28.087855904541414, "n_waypoints_completed": 1, "tot_waypoints": 9}}
{"target": -3580.13404729777, "params": {"k_pid_pos": [2.0, 0.0, 0.014154940843582153], "k_pid_alt": [2.0, 0.0, 0.99833083152771], "k_pid_att": [98.2294692993164, 9.999999747378752e-05, 0.9617019891738892], "k_pid_yaw": [0.5, 1e-06, 0.1], "k_pid_hsp": [9.999999747378752e-05, 0.0, 0.929539680480957], "k_pid_vsp": [0.0, 400.0, 400.0]}, "datetime": {"datetime": "2025-08-13 20:21:09", "elapsed": 37997.678723573685, "delta": 29.55913782119751}, "costs": {"total_cost": 3580.13404729777, "time_cost": 150, "final_distance_cost": 836.8908763308082, "oscillation_cost": 748.0749305733202, "completition_cost": 1000.0, "overshoot_cost": 780.5357292491545, "power_cost": 36.15272379150391, "noise_cost": 28.479787352983067, "n_waypoints_completed": 0, "tot_waypoints": 9}}
{"target": -2163.0816671053803, "params": {"k_pid_pos": [2.0, 0.0, 0.033386170864105225], "k_pid_alt": [2.0, 0.0567513108253479, 0.9415428638458252], "k_pid_att": [96.33609771728516, 9.999999747378752e-05, 1.0], "k_pid_yaw": [0.5, 1e-06, 0.1], "k_pid_hsp": [9.999999747378752e-05, 0.0, 0.9046586751937866], "k_pid_vsp": [0.0, 400.0, 393.46630859375]}, "datetime": {"datetime": "2025-08-13 20:21:39", "elapsed": 38027.24514770508, "delta": 29.566424131393433}, "costs": {"total_cost": 2163.0816671053803, "time_cost": 150, "final_distance_cost": 4.633517754348083, "oscillation_cost": 747.1398911242211, "completition_cost": 1000.0, "overshoot_cost": 125.26408398444234, "power_cost": 40.455062512207036, "noise_cost": 95.58911173016187, "n_waypoints_completed": 0, "tot_waypoints": 9}}
{"target": -2752.106494830556, "params": {"k_pid_pos": [1.952120304107666, 0.0, 0.0022079646587371826], "k_pid_alt": [2.0, 0.07039254903793335, 1.0], "k_pid_att": [98.33998107910156, 9.999999747378752e-05, 1.0], "k_pid_yaw": [0.5, 1e-06, 0.1], "k_pid_hsp": [0.3133693337440491, 0.0, 0.9980548620223999], "k_pid_vsp": [0.0, 374.03143310546875, 384.9375305175781]}, "datetime": {"datetime": "2025-08-13 20:22:07", "elapsed": 38056.01722764969, "delta": 28.772079944610596}, "costs": {"total_cost": 2752.106494830556, "time_cost": 150, "final_distance_cost": 492.585085832136, "oscillation_cost": 643.7487735898943, "completition_cost": 1000.0, "overshoot_cost": 399.59646406689455, "power_cost": 37.22275139160156, "noise_cost": 28.953419950030117, "n_waypoints_completed": 0, "tot_waypoints": 9}}
{"target": -2264.045792507839, "params": {"k_pid_pos": [1.9208638668060303, 0.0, 0.03650209307670593], "k_pid_alt": [1.9184271097183228, 0.0, 1.0], "k_pid_att": [96.35687255859375, 0.6106743216514587, 1.0], "k_pid_yaw": [0.5, 1e-06, 0.1], "k_pid_hsp": [0.10256710648536682, 0.07609331607818604, 0.9296650290489197], "k_pid_vsp": [0.0, 395.0225830078125, 400.0]}, "datetime": {"datetime": "2025-08-13 20:22:37", "elapsed": 38085.49274969101, "delta": 29.4755220413208}, "costs": {"total_cost": 2264.045792507839, "time_cost": 150, "final_distance_cost": 166.74998675999709, "oscillation_cost": 730.5595263215869, "completition_cost": 1000.0, "overshoot_cost": 151.06220802060568, "power_cost": 37.0003638671875, "noise_cost": 28.67370753846167, "n_waypoints_completed": 0, "tot_waypoints": 9}}
{"target": -4879.310866172969, "params": {"k_pid_pos": [2.0, 0.0, 0.0], "k_pid_alt": [1.872098684310913, 0.01105278730392456, 1.0], "k_pid_att": [100.0, 9.999999747378752e-05, 0.9231072068214417], "k_pid_yaw": [0.5, 1e-06, 0.1], "k_pid_hsp": [0.14570732414722443, 0.02390184998512268, 1.0], "k_pid_vsp": [0.0, 400.0, 400.0]}, "datetime": {"datetime": "2025-08-13 20:23:05", "elapsed": 38113.732137680054, "delta": 28.23938798904419}, "costs": {"total_cost": 4879.310866172969, "time_cost": 150, "final_distance_cost": 750.9541905431175, "oscillation_cost": 785.7145458148999, "completition_cost": 1000.0, "overshoot_cost": 2129.102852342269, "power_cost": 35.312391540527344, "noise_cost": 28.226885932154715, "n_waypoints_completed": 0, "tot_waypoints": 9}}
{"target": -2448.021962705196, "params": {"k_pid_pos": [1.8937227725982666, 0.019041389226913452, 0.0], "k_pid_alt": [2.0, 0.0, 0.9958915710449219], "k_pid_att": [100.0, 0.1062607690691948, 1.0], "k_pid_yaw": [0.5, 1e-06, 0.1], "k_pid_hsp": [9.999999747378752e-05, 0.023286670446395874, 1.0], "k_pid_vsp": [0.0, 400.0, 378.296875]}, "datetime": {"datetime": "2025-08-13 20:23:35", "elapsed": 38143.59974336624, "delta": 29.867605686187744}, "costs": {"total_cost": 2448.021962705196, "time_cost": 150, "final_distance_cost": 198.98586873239492, "oscillation_cost": 707.4581003857504, "completition_cost": 1000.0, "overshoot_cost": 329.158061118651, "power_cost": 34.89790362548828, "noise_cost": 27.522028842911723, "n_waypoints_completed": 0, "tot_waypoints": 9}}
{"target": -6974.157944212445, "params": {"k_pid_pos": [1.8648046255111694, 0.013163834810256958, 0.0015819668769836426], "k_pid_alt": [2.0, 0.0, 0.9122896194458008], "k_pid_att": [100.0, 0.31616953015327454, 0.9955474138259888], "k_pid_yaw": [0.5, 1e-06, 0.1], "k_pid_hsp": [9.999999747378752e-05, 0.0, 1.0], "k_pid_vsp": [7.643580436706543, 374.8199157714844, 400.0]}, "datetime": {"datetime": "2025-08-13 20:24:06", "elapsed": 38174.61074542999, "delta": 31.01100206375122}, "costs": {"total_cost": 6974.157944212445, "time_cost": 150, "final_distance_cost": 2017.9405998974778, "oscillation_cost": 746.9890164550302, "completition_cost": 1000.0, "overshoot_cost": 2998.5931393633937, "power_cost": 33.116657421875004, "noise_cost": 27.51853107466855, "n_waypoints_completed": 0, "tot_waypoints": 9}}
{"target": -2176.9018437010973, "params": {"k_pid_pos": [2.0, 0.034817397594451904, 0.0], "k_pid_alt": [1.9871370792388916, 0.03595763444900513, 0.992294192314148], "k_pid_att": [100.0, 0.12008682638406754, 1.0], "k_pid_yaw": [0.5, 1e-06, 0.1], "k_pid_hsp": [9.999999747378752e-05, 0.0, 0.9524117708206177], "k_pid_vsp": [16.363216400146484, 385.5247802734375, 371.09014892578125]}, "datetime": {"datetime": "2025-08-13 20:24:36", "elapsed": 38204.689452171326, "delta": 30.078706741333008}, "costs": {"total_cost": 2176.9018437010973, "time_cost": 150, "final_distance_cost": 79.13030328368146, "oscillation_cost": 735.1778388568634, "completition_cost": 1000.0, "overshoot_cost": 142.80770988569154, "power_cost": 40.652346728515624, "noise_cost": 29.133644946345328, "n_waypoints_completed": 0, "tot_waypoints": 9}}
