{"target": -2214.996383412663, "params": {"k_pid_pos": [2.0, 0.0, 0.02031046152114868], "k_pid_alt": [1.8807275295257568, 0.055062294006347656, 0.9833474159240723], "k_pid_att": [100.0, 9.999999747378752e-05, 1.0], "k_pid_yaw": [0.5, 1e-06, 0.1], "k_pid_hsp": [0.017318714410066605, 0.0, 0.9679595828056335], "k_pid_vsp": [11.36927604675293, 400.0, 400.0]}, "datetime": {"datetime": "2025-08-14 03:09:40", "elapsed": 62508.228571653366, "delta": 30.0114529132843}, "costs": {"total_cost": 2214.996383412663, "time_cost": 150, "final_distance_cost": 44.94202271010675, "oscillation_cost": 758.079967576286, "completition_cost": 1000.0, "overshoot_cost": 194.45332865736796, "power_cost": 38.91392829589844, "noise_cost": 28.607136173003642, "n_waypoints_completed": 0, "tot_waypoints": 9}}
{"target": -5028.41709129718, "params": {"k_pid_pos": [1.9190409183502197, 0.08942589163780212, 0.0], "k_pid_alt": [2.0, 0.0, 1.0], "k_pid_att": [98.46490478515625, 0.34083637595176697, 1.0], "k_pid_yaw": [0.5, 1e-06, 0.1], "k_pid_hsp": [9.999999747378752e-05, 0.029413610696792603, 1.0], "k_pid_vsp": [0.0, 395.07025146484375, 394.0299377441406]}, "datetime": {"datetime": "2025-08-14 03:10:09", "elapsed": 62537.631620168686, "delta": 29.403048515319824}, "costs": {"total_cost": 5028.41709129718, "time_cost": 150, "final_distance_cost": 1322.9025631617399, "oscillation_cost": 697.1022935995144, "completition_cost": 1000.0, "overshoot_cost": 1797.432159139334, "power_cost": 33.519737841796875, "noise_cost": 27.460337554794876, "n_waypoints_completed": 0, "tot_waypoints": 9}}
{"target": -2124.2755500822022, "params": {"k_pid_pos": [2.0, 0.03742581605911255, 0.04554310441017151], "k_pid_alt": [1.9426822662353516, 0.08278551697731018, 0.9960306882858276], "k_pid_att": [100.0, 9.999999747378752e-05, 0.9737377166748047], "k_pid_yaw": [0.5, 1e-06, 0.1], "k_pid_hsp": [9.999999747378752e-05, 0.0, 0.9835811257362366], "k_pid_vsp": [7.859361171722412, 394.21685791015625, 389.1063537597656]}, "datetime": {"datetime": "2025-08-14 03:10:38", "elapsed": 62566.55896830559, "delta": 28.927348136901855}, "costs": {"total_cost": 2124.2755500822022, "time_cost": 150, "final_distance_cost": 63.913673049127986, "oscillation_cost": 702.6311311301383, "completition_cost": 1000.0, "overshoot_cost": 134.48674304303634, "power_cost": 41.06516086425781, "noise_cost": 32.17884199564168, "n_waypoints_completed": 0, "tot_waypoints": 9}}
{"target": -2045.1270162974413, "params": {"k_pid_pos": [2.0, 0.0, 0.0], "k_pid_alt": [2.0, 0.007322877645492554, 0.9641443490982056], "k_pid_att": [99.98628234863281, 0.2793634235858917, 1.0], "k_pid_yaw": [0.5, 1e-06, 0.1], "k_pid_hsp": [9.999999747378752e-05, 0.0, 1.0], "k_pid_vsp": [14.232671737670898, 400.0, 390.3923645019531]}, "datetime": {"datetime": "2025-08-14 03:11:07", "elapsed": 62596.03941869736, "delta": 29.48045039176941}, "costs": {"total_cost": 2045.1270162974413, "time_cost": 150, "final_distance_cost": 51.89267001187319, "oscillation_cost": 690.7613669140185, "completition_cost": 888.8888888888888, "overshoot_cost": 180.77590336340793, "power_cost": 41.480877832031254, "noise_cost": 41.327309287221595, "n_waypoints_completed": 1, "tot_waypoints": 9}}
{"target": -1987.8575496354886, "params": {"k_pid_pos": [2.0, 0.09359365701675415, 0.025760889053344727], "k_pid_alt": [2.0, 0.05840417742729187, 1.0], "k_pid_att": [100.0, 0.7358744144439697, 1.0], "k_pid_yaw": [0.5, 1e-06, 0.1], "k_pid_hsp": [0.2414877563714981, 0.11618471145629883, 1.0], "k_pid_vsp": [0.0, 375.76177978515625, 400.0]}, "datetime": {"datetime": "2025-08-14 03:11:35", "elapsed": 62623.15357923508, "delta": 27.114160537719727}, "costs": {"total_cost": 1987.8575496354886, "time_cost": 150, "final_distance_cost": 47.94086534549503, "oscillation_cost": 594.0085386605298, "completition_cost": 888.8888888888888, "overshoot_cost": 241.03739161916494, "power_cost": 37.334048046875004, "noise_cost": 28.64781707453502, "n_waypoints_completed": 1, "tot_waypoints": 9}}
{"target": -2327.1808257586254, "params": {"k_pid_pos": [1.940492033958435, 0.0, 0.0], "k_pid_alt": [2.0, 0.0, 0.9697636365890503], "k_pid_att": [99.0984115600586, 0.6458303332328796, 1.0], "k_pid_yaw": [0.5, 1e-06, 0.1], "k_pid_hsp": [9.999999747378752e-05, 0.009595304727554321, 0.993660569190979], "k_pid_vsp": [0.0, 396.7264709472656, 400.0]}, "datetime": {"datetime": "2025-08-14 03:12:04", "elapsed": 62652.21967983246, "delta": 29.066100597381592}, "costs": {"total_cost": 2327.1808257586254, "time_cost": 150, "final_distance_cost": 198.39284572234854, "oscillation_cost": 725.4060676977206, "completition_cost": 1000.0, "overshoot_cost": 185.2312985344822, "power_cost": 38.94590277099609, "noise_cost": 29.204711033078528, "n_waypoints_completed": 0, "tot_waypoints": 9}}
{"target": -2261.140362568229, "params": {"k_pid_pos": [2.0, 0.046879470348358154, 0.0], "k_pid_alt": [1.8503050804138184, 0.07399022579193115, 0.9981248378753662], "k_pid_att": [100.0, 0.3798382580280304, 0.9882544279098511], "k_pid_yaw": [0.5, 1e-06, 0.1], "k_pid_hsp": [1.150510549545288, 0.02167952060699463, 0.9779009819030762], "k_pid_vsp": [0.0, 394.9511413574219, 380.4181213378906]}, "datetime": {"datetime": "2025-08-14 03:12:33", "elapsed": 62681.11792755127, "delta": 28.898247718811035}, "costs": {"total_cost": 2261.140362568229, "time_cost": 150, "final_distance_cost": 1.3116989298941717, "oscillation_cost": 626.2600236285856, "completition_cost": 1000.0, "overshoot_cost": 390.702430188863, "power_cost": 40.18252337646484, "noise_cost": 52.68368644442164, "n_waypoints_completed": 0, "tot_waypoints": 9}}
{"target": -6870.765842000534, "params": {"k_pid_pos": [2.0, 0.0, 0.0], "k_pid_alt": [2.0, 0.006560385227203369, 0.9664301872253418], "k_pid_att": [100.0, 9.999999747378752e-05, 0.9805906414985657], "k_pid_yaw": [0.5, 1e-06, 0.1], "k_pid_hsp": [0.19196006655693054, 0.0, 0.9834785461425781], "k_pid_vsp": [0.0, 369.2793273925781, 400.0]}, "datetime": {"datetime": "2025-08-14 03:13:05", "elapsed": 62713.8024058342, "delta": 32.68447828292847}, "costs": {"total_cost": 6870.765842000534, "time_cost": 150, "final_distance_cost": 2097.5472446137705, "oscillation_cost": 753.3922550053994, "completition_cost": 1000.0, "overshoot_cost": 2808.292072567462, "power_cost": 33.87778330078125, "noise_cost": 27.656486513119805, "n_waypoints_completed": 0, "tot_waypoints": 9}}
{"target": -2185.7135086785797, "params": {"k_pid_pos": [2.0, 0.07674378156661987, 0.08600133657455444], "k_pid_alt": [2.0, 0.0, 1.0], "k_pid_att": [100.0, 0.17310522496700287, 0.9832161664962769], "k_pid_yaw": [0.5, 1e-06, 0.1], "k_pid_hsp": [9.999999747378752e-05, 0.0016750097274780273, 1.0], "k_pid_vsp": [0.0, 400.0, 392.4493103027344]}, "datetime": {"datetime": "2025-08-14 03:13:33", "elapsed": 62741.92800092697, "delta": 28.125595092773438}, "costs": {"total_cost": 2185.7135086785797, "time_cost": 150, "final_distance_cost": 55.737040542504644, "oscillation_cost": 723.6571870074175, "completition_cost": 1000.0, "overshoot_cost": 190.06843149627875, "power_cost": 37.57501740722656, "noise_cost": 28.67583222515239, "n_waypoints_completed": 0, "tot_waypoints": 9}}
{"target": -2234.5797250126343, "params": {"k_pid_pos": [1.9545410871505737, 0.0, 0.0], "k_pid_alt": [2.0, 0.0, 1.0], "k_pid_att": [100.0, 9.999999747378752e-05, 0.9606212377548218], "k_pid_yaw": [0.5, 1e-06, 0.1], "k_pid_hsp": [0.6091020107269287, 0.003142029047012329, 1.0], "k_pid_vsp": [18.891990661621094, 400.0, 385.1798400878906]}, "datetime": {"datetime": "2025-08-14 03:14:04", "elapsed": 62772.104254961014, "delta": 30.17625403404236}, "costs": {"total_cost": 2234.5797250126343, "time_cost": 150, "final_distance_cost": 277.5370942371867, "oscillation_cost": 599.2730483205788, "completition_cost": 888.8888888888888, "overshoot_cost": 252.05721696058959, "power_cost": 37.29794891357422, "noise_cost": 29.52552769181613, "n_waypoints_completed": 1, "tot_waypoints": 9}}
{"target": -1995.3531805246123, "params": {"k_pid_pos": [1.8833433389663696, 0.0, 0.0], "k_pid_alt": [1.8905212879180908, 0.03497925400733948, 1.0], "k_pid_att": [99.32195281982422, 9.999999747378752e-05, 0.9110317230224609], "k_pid_yaw": [0.5, 1e-06, 0.1], "k_pid_hsp": [0.3345898687839508, 0.07323306798934937, 0.9993293881416321], "k_pid_vsp": [2.828550338745117, 387.4289855957031, 400.0]}, "datetime": {"datetime": "2025-08-14 03:14:34", "elapsed": 62802.439486026764, "delta": 30.335231065750122}, "costs": {"total_cost": 1995.3531805246123, "time_cost": 150, "final_distance_cost": 65.39745281804832, "oscillation_cost": 707.9876278481593, "completition_cost": 888.8888888888888, "overshoot_cost": 117.1645899877915, "power_cost": 37.09446901855469, "noise_cost": 28.820151963169756, "n_waypoints_completed": 1, "tot_waypoints": 9}}
{"target": -6770.204484693078, "params": {"k_pid_pos": [1.9629130363464355, 0.01348993182182312, 0.0], "k_pid_alt": [2.0, 0.006023794412612915, 0.982061505317688], "k_pid_att": [100.0, 0.3596840500831604, 1.0], "k_pid_yaw": [0.5, 1e-06, 0.1], "k_pid_hsp": [0.021792594343423843, 0.0, 1.0], "k_pid_vsp": [0.0, 400.0, 400.0]}, "datetime": {"datetime": "2025-08-14 03:15:05", "elapsed": 62833.192600250244, "delta": 30.753114223480225}, "costs": {"total_cost": 6770.204484693078, "time_cost": 150, "final_distance_cost": 1912.9790332318003, "oscillation_cost": 791.8908163168475, "completition_cost": 1000.0, "overshoot_cost": 2852.362016018987, "power_cost": 34.869838696289065, "noise_cost": 28.10278042915323, "n_waypoints_completed": 0, "tot_waypoints": 9}}
{"target": -2461.739213335825, "params": {"k_pid_pos": [1.8075436353683472, 0.009510606527328491, 0.02478894591331482], "k_pid_alt": [2.0, 0.03034752607345581, 0.9761196374893188], "k_pid_att": [98.78204345703125, 9.999999747378752e-05, 1.0], "k_pid_yaw": [0.5, 1e-06, 0.1], "k_pid_hsp": [0.03538231924176216, 0.06311890482902527, 1.0], "k_pid_vsp": [6.57503604888916, 384.927734375, 400.0]}, "datetime": {"datetime": "2025-08-14 03:15:34", "elapsed": 62862.269208192825, "delta": 29.076607942581177}, "costs": {"total_cost": 2461.739213335825, "time_cost": 150, "final_distance_cost": 272.09618109910167, "oscillation_cost": 793.016874825211, "completition_cost": 1000.0, "overshoot_cost": 182.34887338519636, "power_cost": 36.00017041015625, "noise_cost": 28.277113616159, "n_waypoints_completed": 0, "tot_waypoints": 9}}
{"target": -1922.4918082688791, "params": {"k_pid_pos": [2.0, 0.01816403865814209, 0.0], "k_pid_alt": [2.0, 0.050192803144454956, 0.9493759274482727], "k_pid_att": [95.70036315917969, 9.999999747378752e-05, 0.9660685062408447], "k_pid_yaw": [0.5, 1e-06, 0.1], "k_pid_hsp": [1.4197570085525513, 0.0, 1.0], "k_pid_vsp": [0.0, 400.0, 400.0]}, "datetime": {"datetime": "2025-08-14 03:16:03", "elapsed": 62891.278322935104, "delta": 29.009114742279053}, "costs": {"total_cost": 1922.4918082688791, "time_cost": 150, "final_distance_cost": 6.836621173530221, "oscillation_cost": 381.17489053171477, "completition_cost": 1000.0, "overshoot_cost": 266.10334283452875, "power_cost": 40.36465760498047, "noise_cost": 78.01229612412476, "n_waypoints_completed": 0, "tot_waypoints": 9}}
{"target": -3079.3234233051767, "params": {"k_pid_pos": [1.9942739009857178, 0.0514584481716156, 0.0], "k_pid_alt": [1.894209861755371, 0.0, 1.0], "k_pid_att": [95.29539489746094, 9.999999747378752e-05, 0.9607703685760498], "k_pid_yaw": [0.5, 1e-06, 0.1], "k_pid_hsp": [0.17370006442070007, 0.0, 1.0], "k_pid_vsp": [1.1854887008666992, 400.0, 400.0]}, "datetime": {"datetime": "2025-08-14 03:16:32", "elapsed": 62920.3599858284, "delta": 29.081662893295288}, "costs": {"total_cost": 3079.3234233051767, "time_cost": 150, "final_distance_cost": 619.8207814120858, "oscillation_cost": 675.5995209314918, "completition_cost": 1000.0, "overshoot_cost": 569.9353315193936, "power_cost": 35.703260217285155, "noise_cost": 28.264529224920146, "n_waypoints_completed": 0, "tot_waypoints": 9}}
{"target": -3451.749100307736, "params": {"k_pid_pos": [2.0, 0.023865491151809692, 0.06024482846260071], "k_pid_alt": [1.9626383781433105, 0.0, 0.9677409529685974], "k_pid_att": [100.0, 0.07478983700275421, 1.0], "k_pid_yaw": [0.5, 1e-06, 0.1], "k_pid_hsp": [9.999999747378752e-05, 0.01864108443260193, 0.9824920296669006], "k_pid_vsp": [22.12834358215332, 398.1913146972656, 394.6749267578125]}, "datetime": {"datetime": "2025-08-14 03:17:02", "elapsed": 62950.16467547417, "delta": 29.804689645767212}, "costs": {"total_cost": 3451.749100307736, "time_cost": 150, "final_distance_cost": 728.1501081939913, "oscillation_cost": 749.4776422913956, "completition_cost": 1000.0, "overshoot_cost": 765.104075301655, "power_cost": 31.989527465820313, "noise_cost": 27.027747054874148, "n_waypoints_completed": 0, "tot_waypoints": 9}}
{"target": -4851.2738206292315, "params": {"k_pid_pos": [2.0, 0.06564062833786011, 0.0], "k_pid_alt": [2.0, 0.0, 0.970109224319458], "k_pid_att": [100.0, 9.999999747378752e-05, 0.9288517236709595], "k_pid_yaw": [0.5, 1e-06, 0.1], "k_pid_hsp": [9.999999747378752e-05, 0.02987685799598694, 0.958105206489563], "k_pid_vsp": [52.06649398803711, 400.0, 400.0]}, "datetime": {"datetime": "2025-08-14 03:17:31", "elapsed": 62979.97093129158, "delta": 29.80625581741333}, "costs": {"total_cost": 4851.2738206292315, "time_cost": 150, "final_distance_cost": 1183.1138577726547, "oscillation_cost": 791.9648734972064, "completition_cost": 888.8888888888888, "overshoot_cost": 1779.7711112360612, "power_cost": 30.870335778808595, "noise_cost": 26.66475345561177, "n_waypoints_completed": 1, "tot_waypoints": 9}}
{"target": -1899.8401743904856, "params": {"k_pid_pos": [1.9057739973068237, 0.03192359209060669, 0.06340041756629944], "k_pid_alt": [2.0, 0.006013065576553345, 1.0], "k_pid_att": [100.0, 0.042387284338474274, 0.8973920345306396], "k_pid_yaw": [0.5, 1e-06, 0.1], "k_pid_hsp": [0.30162882804870605, 0.0, 0.9462146759033203], "k_pid_vsp": [0.0, 377.47021484375, 400.0]}, "datetime": {"datetime": "2025-08-14 03:18:01", "elapsed": 63009.330171108246, "delta": 29.35923981666565}, "costs": {"total_cost": 1899.8401743904856, "time_cost": 150, "final_distance_cost": 98.54931512350628, "oscillation_cost": 630.9859534815967, "completition_cost": 777.7777777777778, "overshoot_cost": 164.91107897439537, "power_cost": 39.694306665039065, "noise_cost": 37.92174236817046, "n_waypoints_completed": 2, "tot_waypoints": 9}}
{"target": -2775.9002411083793, "params": {"k_pid_pos": [2.0, 0.0, 0.04845196008682251], "k_pid_alt": [1.9725521802902222, 0.0, 1.0], "k_pid_att": [98.76691436767578, 9.999999747378752e-05, 0.9971686601638794], "k_pid_yaw": [0.5, 1e-06, 0.1], "k_pid_hsp": [9.999999747378752e-05, 0.0, 0.9304413795471191], "k_pid_vsp": [0.0, 400.0, 384.8309020996094]}, "datetime": {"datetime": "2025-08-14 03:18:30", "elapsed": 63038.805763959885, "delta": 29.475592851638794}, "costs": {"total_cost": 2775.9002411083793, "time_cost": 150, "final_distance_cost": 446.3104902979653, "oscillation_cost": 781.0611092345488, "completition_cost": 1000.0, "overshoot_cost": 336.97187318635855, "power_cost": 34.06740083007813, "noise_cost": 27.48936755942832, "n_waypoints_completed": 0, "tot_waypoints": 9}}
{"target": -2261.8885270074516, "params": {"k_pid_pos": [2.0, 0.0, 0.017256557941436768], "k_pid_alt": [2.0, 0.05910813808441162, 1.0], "k_pid_att": [100.0, 0.05129242688417435, 1.0], "k_pid_yaw": [0.5, 1e-06, 0.1], "k_pid_hsp": [0.2535948157310486, 0.0, 0.9606039524078369], "k_pid_vsp": [5.123233795166016, 393.46099853515625, 400.0]}, "datetime": {"datetime": "2025-08-14 03:18:59", "elapsed": 63067.28367066383, "delta": 28.477906703948975}, "costs": {"total_cost": 2261.8885270074516, "time_cost": 150, "final_distance_cost": 80.07247866723068, "oscillation_cost": 770.1247447047444, "completition_cost": 888.8888888888888, "overshoot_cost": 307.029236530579, "power_cost": 36.02666544189454, "noise_cost": 29.746512774114013, "n_waypoints_completed": 1, "tot_waypoints": 9}}
{"target": -1740.1631172854381, "params": {"k_pid_pos": [1.8693941831588745, 0.0834801197052002, 0.04548364877700806], "k_pid_alt": [2.0, 0.0, 0.9722406268119812], "k_pid_att": [98.05952453613281, 9.999999747378752e-05, 1.0], "k_pid_yaw": [0.5, 1e-06, 0.1], "k_pid_hsp": [0.3521295487880707, 0.08320331573486328, 1.0], "k_pid_vsp": [3.9028048515319824, 400.0, 381.3478088378906]}, "datetime": {"datetime": "2025-08-14 03:19:28", "elapsed": 63096.6109726429, "delta": 29.32730197906494}, "costs": {"total_cost": 1740.1631172854381, "time_cost": 150, "final_distance_cost": 82.0997354147074, "oscillation_cost": 460.58976873471124, "completition_cost": 888.8888888888888, "overshoot_cost": 90.5628860365247, "power_cost": 38.713160156250005, "noise_cost": 29.308678054355898, "n_waypoints_completed": 1, "tot_waypoints": 9}}
{"target": -3340.0952023665254, "params": {"k_pid_pos": [1.9565787315368652, 0.0582202672958374, 0.05872762203216553], "k_pid_alt": [2.0, 0.07642126083374023, 0.9877047538757324], "k_pid_att": [100.0, 0.37463274598121643, 0.9842807054519653], "k_pid_yaw": [0.5, 1e-06, 0.1], "k_pid_hsp": [9.999999747378752e-05, 0.011357307434082031, 1.0], "k_pid_vsp": [0.0, 400.0, 392.02081298828125]}, "datetime": {"datetime": "2025-08-14 03:19:59", "elapsed": 63127.271404743195, "delta": 30.66043210029602}, "costs": {"total_cost": 3340.0952023665254, "time_cost": 150, "final_distance_cost": 355.58761320757486, "oscillation_cost": 845.1297963705101, "completition_cost": 1000.0, "overshoot_cost": 933.8421695029998, "power_cost": 29.69043728027344, "noise_cost": 25.845186005167967, "n_waypoints_completed": 0, "tot_waypoints": 9}}
{"target": -2774.5694889976594, "params": {"k_pid_pos": [2.0, 0.03608474135398865, 0.0], "k_pid_alt": [1.8621299266815186, 0.0, 0.9995886087417603], "k_pid_att": [92.0429458618164, 9.999999747378752e-05, 1.0], "k_pid_yaw": [0.5, 1e-06, 0.1], "k_pid_hsp": [9.999999747378752e-05, 0.0, 0.9589012861251831], "k_pid_vsp": [0.0, 387.47906494140625, 389.9124450683594]}, "datetime": {"datetime": "2025-08-14 03:20:29", "elapsed": 63157.39012789726, "delta": 30.118723154067993}, "costs": {"total_cost": 2774.5694889976594, "time_cost": 150, "final_distance_cost": 369.2125200732254, "oscillation_cost": 808.9759024652475, "completition_cost": 1000.0, "overshoot_cost": 384.64057476032525, "power_cost": 34.035628198242186, "noise_cost": 27.70486350061905, "n_waypoints_completed": 0, "tot_waypoints": 9}}
{"target": -2964.7673942168753, "params": {"k_pid_pos": [1.9990501403808594, 0.0, 0.0051712095737457275], "k_pid_alt": [1.9312942028045654, 0.0, 1.0], "k_pid_att": [97.87931823730469, 0.22686539590358734, 0.9009438753128052], "k_pid_yaw": [0.5, 1e-06, 0.1], "k_pid_hsp": [0.43338534235954285, 0.0, 0.9250969886779785], "k_pid_vsp": [0.0, 400.0, 389.494140625]}, "datetime": {"datetime": "2025-08-14 03:20:58", "elapsed": 63186.97789525986, "delta": 29.587767362594604}, "costs": {"total_cost": 2964.7673942168753, "time_cost": 150, "final_distance_cost": 391.78276586828895, "oscillation_cost": 825.1951760813444, "completition_cost": 1000.0, "overshoot_cost": 537.3084822214266, "power_cost": 32.712256665039064, "noise_cost": 27.76871338077579, "n_waypoints_completed": 0, "tot_waypoints": 9}}
{"target": -3037.1502423491334, "params": {"k_pid_pos": [2.0, 0.0, 0.005001693964004517], "k_pid_alt": [2.0, 0.011071085929870605, 1.0], "k_pid_att": [93.1686782836914, 0.5792177319526672, 0.9843267202377319], "k_pid_yaw": [0.5, 1e-06, 0.1], "k_pid_hsp": [9.999999747378752e-05, 0.0, 1.0], "k_pid_vsp": [0.0, 378.0970153808594, 400.0]}, "datetime": {"datetime": "2025-08-14 03:21:27", "elapsed": 63215.57380270958, "delta": 28.59590744972229}, "costs": {"total_cost": 3037.1502423491334, "time_cost": 150, "final_distance_cost": 618.1402015967487, "oscillation_cost": 733.9031405666357, "completition_cost": 1000.0, "overshoot_cost": 472.03352504422276, "power_cost": 35.021477612304686, "noise_cost": 28.051897529221595, "n_waypoints_completed": 0, "tot_waypoints": 9}}
{"target": -1831.642980057065, "params": {"k_pid_pos": [2.0, 0.007234007120132446, 0.031893908977508545], "k_pid_alt": [2.0, 0.0, 0.8994435667991638], "k_pid_att": [100.0, 0.5818548798561096, 1.0], "k_pid_yaw": [0.5, 1e-06, 0.1], "k_pid_hsp": [1.04851496219635, 0.0, 1.0], "k_pid_vsp": [0.0, 400.0, 400.0]}, "datetime": {"datetime": "2025-08-14 03:21:56", "elapsed": 63244.50210857391, "delta": 28.928305864334106}, "costs": {"total_cost": 1831.642980057065, "time_cost": 150, "final_distance_cost": 52.073785875868445, "oscillation_cost": 507.60252505667256, "completition_cost": 888.8888888888888, "overshoot_cost": 145.88946897916608, "power_cost": 38.24258020019531, "noise_cost": 48.94573105627373, "n_waypoints_completed": 1, "tot_waypoints": 9}}
{"target": -6065.1505273450475, "params": {"k_pid_pos": [2.0, 0.0, 0.005913585424423218], "k_pid_alt": [2.0, 0.0, 0.9886157512664795], "k_pid_att": [94.86224365234375, 0.4761354625225067, 0.9311044216156006], "k_pid_yaw": [0.5, 1e-06, 0.1], "k_pid_hsp": [0.9768625497817993, 0.0, 0.9724505543708801], "k_pid_vsp": [0.0, 400.0, 384.9255065917969]}, "datetime": {"datetime": "2025-08-14 03:22:28", "elapsed": 63276.220391988754, "delta": 31.7182834148407}, "costs": {"total_cost": 6065.1505273450475, "time_cost": 150, "final_distance_cost": 1297.1961677503111, "oscillation_cost": 446.80858156339514, "completition_cost": 1000.0, "overshoot_cost": 3105.5121113978257, "power_cost": 35.309675744628905, "noise_cost": 30.323990888886556, "n_waypoints_completed": 0, "tot_waypoints": 9}}
