{"target": -2059.4716880371034, "params": {"k_pid_pos": [1.8914430141448975, 0.02736443281173706, 0.0], "k_pid_alt": [2.0, 0.013214081525802612, 1.0], "k_pid_att": [98.76647186279297, 9.999999747378752e-05, 1.0], "k_pid_yaw": [0.5, 1e-06, 0.1], "k_pid_hsp": [0.06138845905661583, 0.0178869366645813, 0.9831341505050659], "k_pid_vsp": [0.7936477661132812, 362.0345153808594, 400.0]}, "datetime": {"datetime": "2025-08-13 19:45:28", "elapsed": 35856.94199514389, "delta": 28.17150330543518}, "costs": {"total_cost": 2059.4716880371034, "time_cost": 150, "final_distance_cost": 85.83539491402097, "oscillation_cost": 768.0625613872522, "completition_cost": 888.8888888888888, "overshoot_cost": 100.85651600561899, "power_cost": 37.33718360595703, "noise_cost": 28.491143235365524, "n_waypoints_completed": 1, "tot_waypoints": 9}}
{"target": -2084.4220077884224, "params": {"k_pid_pos": [2.0, 0.0, 0.0], "k_pid_alt": [1.9308815002441406, 0.0019689202308654785, 1.0], "k_pid_att": [95.38582611083984, 9.999999747378752e-05, 0.9699122905731201], "k_pid_yaw": [0.5, 1e-06, 0.1], "k_pid_hsp": [0.01475454866886139, 0.0, 1.0], "k_pid_vsp": [0.0, 400.0, 400.0]}, "datetime": {"datetime": "2025-08-13 19:45:57", "elapsed": 35885.419582128525, "delta": 28.4775869846344}, "costs": {"total_cost": 2084.4220077884224, "time_cost": 150, "final_distance_cost": 43.78470463800646, "oscillation_cost": 733.450802998782, "completition_cost": 1000.0, "overshoot_cost": 74.37788624460259, "power_cost": 39.281019299316405, "noise_cost": 43.52759460771475, "n_waypoints_completed": 0, "tot_waypoints": 9}}
{"target": -2242.0458555251653, "params": {"k_pid_pos": [1.919877529144287, 0.00399094820022583, 0.0783759355545044], "k_pid_alt": [2.0, 0.05487087368965149, 0.8883829116821289], "k_pid_att": [100.0, 0.11514564603567123, 0.9655687808990479], "k_pid_yaw": [0.5, 1e-06, 0.1], "k_pid_hsp": [9.999999747378752e-05, 0.05917394161224365, 0.9690932035446167], "k_pid_vsp": [0.0, 400.0, 391.412109375]}, "datetime": {"datetime": "2025-08-13 19:46:25", "elapsed": 35913.81054019928, "delta": 28.390958070755005}, "costs": {"total_cost": 2242.0458555251653, "time_cost": 150, "final_distance_cost": 39.09041799254196, "oscillation_cost": 836.5375243887445, "completition_cost": 1000.0, "overshoot_cost": 137.83614881425802, "power_cost": 42.334589086914065, "noise_cost": 36.24717524270695, "n_waypoints_completed": 0, "tot_waypoints": 9}}
{"target": -2628.328089119246, "params": {"k_pid_pos": [2.0, 0.03195801377296448, 0.021448403596878052], "k_pid_alt": [1.991781234741211, 0.0, 0.9523468017578125], "k_pid_att": [97.07179260253906, 0.23408254981040955, 1.0], "k_pid_yaw": [0.5, 1e-06, 0.1], "k_pid_hsp": [0.35345572233200073, 0.0, 0.9792649745941162], "k_pid_vsp": [9.28138542175293, 400.0, 400.0]}, "datetime": {"datetime": "2025-08-13 19:46:53", "elapsed": 35941.82547259331, "delta": 28.01493239402771}, "costs": {"total_cost": 2628.328089119246, "time_cost": 150, "final_distance_cost": 489.7084323183643, "oscillation_cost": 640.1811524303293, "completition_cost": 888.8888888888888, "overshoot_cost": 397.32944047905454, "power_cost": 34.34293350830078, "noise_cost": 27.877241494308624, "n_waypoints_completed": 1, "tot_waypoints": 9}}
{"target": -7871.931804326097, "params": {"k_pid_pos": [2.0, 0.027206778526306152, 0.0], "k_pid_alt": [1.9934074878692627, 0.0, 0.9862961173057556], "k_pid_att": [100.0, 9.999999747378752e-05, 0.9182009696960449], "k_pid_yaw": [0.5, 1e-06, 0.1], "k_pid_hsp": [0.002979471581056714, 0.0, 0.988919734954834], "k_pid_vsp": [0.0, 400.0, 400.0]}, "datetime": {"datetime": "2025-08-13 19:47:22", "elapsed": 35970.27216005325, "delta": 28.44668745994568}, "costs": {"total_cost": 7871.931804326097, "time_cost": 150, "final_distance_cost": 2045.9145359237316, "oscillation_cost": 775.2905443779408, "completition_cost": 1000.0, "overshoot_cost": 3840.2954128551223, "power_cost": 32.814450329589846, "noise_cost": 27.616860839712675, "n_waypoints_completed": 0, "tot_waypoints": 9}}
{"target": -4281.355545380334, "params": {"k_pid_pos": [2.0, 0.0, 0.06356102228164673], "k_pid_alt": [2.0, 0.0, 0.9519450664520264], "k_pid_att": [99.9827651977539, 0.14202022552490234, 1.0], "k_pid_yaw": [0.5, 1e-06, 0.1], "k_pid_hsp": [9.999999747378752e-05, 0.0, 1.0], "k_pid_vsp": [2.924966812133789, 377.4705505371094, 400.0]}, "datetime": {"datetime": "2025-08-13 19:47:50", "elapsed": 35998.62319660187, "delta": 28.351036548614502}, "costs": {"total_cost": 4281.355545380334, "time_cost": 150, "final_distance_cost": 880.1559311120277, "oscillation_cost": 699.6881707892842, "completition_cost": 1000.0, "overshoot_cost": 1489.842605366361, "power_cost": 34.03435423583984, "noise_cost": 27.634483876822074, "n_waypoints_completed": 0, "tot_waypoints": 9}}
{"target": -2103.1646973155152, "params": {"k_pid_pos": [2.0, 0.018074125051498413, 0.0], "k_pid_alt": [1.9596936702728271, 0.023963063955307007, 0.9504541158676147], "k_pid_att": [94.13755798339844, 9.999999747378752e-05, 0.9944618940353394], "k_pid_yaw": [0.5, 1e-06, 0.1], "k_pid_hsp": [9.999999747378752e-05, 0.06782165169715881, 0.9116528034210205], "k_pid_vsp": [0.0, 396.3789367675781, 384.4967041015625]}, "datetime": {"datetime": "2025-08-13 19:48:19", "elapsed": 36027.28695011139, "delta": 28.663753509521484}, "costs": {"total_cost": 2103.1646973155152, "time_cost": 150, "final_distance_cost": 52.702056770046255, "oscillation_cost": 712.2035456907813, "completition_cost": 1000.0, "overshoot_cost": 119.75494853700039, "power_cost": 39.13023260498047, "noise_cost": 29.37391371270664, "n_waypoints_completed": 0, "tot_waypoints": 9}}
{"target": -1884.9369791027632, "params": {"k_pid_pos": [1.984096646308899, 0.03310072422027588, 0.0], "k_pid_alt": [2.0, 0.0, 0.9944382309913635], "k_pid_att": [99.16968536376953, 9.999999747378752e-05, 1.0], "k_pid_yaw": [0.5, 1e-06, 0.1], "k_pid_hsp": [0.4174499213695526, 0.01890680193901062, 0.9816188812255859], "k_pid_vsp": [41.833351135253906, 400.0, 400.0]}, "datetime": {"datetime": "2025-08-13 19:48:48", "elapsed": 36056.48337125778, "delta": 29.196421146392822}, "costs": {"total_cost": 1884.9369791027632, "time_cost": 150, "final_distance_cost": 109.95385697986801, "oscillation_cost": 648.3319472481631, "completition_cost": 777.7777777777778, "overshoot_cost": 133.31483648342044, "power_cost": 37.05732863769531, "noise_cost": 28.50123197583859, "n_waypoints_completed": 2, "tot_waypoints": 9}}
{"target": -2574.5159540317227, "params": {"k_pid_pos": [2.0, 0.0, 0.0], "k_pid_alt": [2.0, 0.0, 1.0], "k_pid_att": [88.6611099243164, 0.4209054708480835, 1.0], "k_pid_yaw": [0.5, 1e-06, 0.1], "k_pid_hsp": [9.999999747378752e-05, 0.0, 1.0], "k_pid_vsp": [0.0, 400.0, 383.3315734863281]}, "datetime": {"datetime": "2025-08-13 19:49:18", "elapsed": 36086.19802927971, "delta": 29.71465802192688}, "costs": {"total_cost": 2574.5159540317227, "time_cost": 150, "final_distance_cost": 353.93705063328395, "oscillation_cost": 709.5112078248146, "completition_cost": 1000.0, "overshoot_cost": 296.8776082133816, "power_cost": 35.76979405517578, "noise_cost": 28.42029330506704, "n_waypoints_completed": 0, "tot_waypoints": 9}}
{"target": -7564.368986007672, "params": {"k_pid_pos": [1.9068785905838013, 0.0770917534828186, 0.0], "k_pid_alt": [1.858681321144104, 0.0, 1.0], "k_pid_att": [100.0, 9.999999747378752e-05, 0.9995095729827881], "k_pid_yaw": [0.5, 1e-06, 0.1], "k_pid_hsp": [9.999999747378752e-05, 0.0, 1.0], "k_pid_vsp": [0.0, 382.9927062988281, 400.0]}, "datetime": {"datetime": "2025-08-13 19:49:47", "elapsed": 36115.45552825928, "delta": 29.25749897956848}, "costs": {"total_cost": 7564.368986007672, "time_cost": 150, "final_distance_cost": 1987.6633131954616, "oscillation_cost": 800.1954194963985, "completition_cost": 1000.0, "overshoot_cost": 3565.6768340952367, "power_cost": 33.46792421875, "noise_cost": 27.3654950018256, "n_waypoints_completed": 0, "tot_waypoints": 9}}
{"target": -2746.6200199286086, "params": {"k_pid_pos": [1.977238416671753, 0.01311725378036499, 0.0], "k_pid_alt": [2.0, 0.0, 0.9992543458938599], "k_pid_att": [93.58164978027344, 0.36277779936790466, 1.0], "k_pid_yaw": [0.5, 1e-06, 0.1], "k_pid_hsp": [9.999999747378752e-05, 0.013585835695266724, 0.9994622468948364], "k_pid_vsp": [66.81094360351562, 389.15045166015625, 400.0]}, "datetime": {"datetime": "2025-08-13 19:50:16", "elapsed": 36145.05460500717, "delta": 29.599076747894287}, "costs": {"total_cost": 2746.6200199286086, "time_cost": 150, "final_distance_cost": 367.73482091119746, "oscillation_cost": 758.1772970115712, "completition_cost": 1000.0, "overshoot_cost": 410.22790804936034, "power_cost": 33.37508369140625, "noise_cost": 27.104910265073126, "n_waypoints_completed": 0, "tot_waypoints": 9}}
{"target": -2161.342345580746, "params": {"k_pid_pos": [2.0, 0.03128841519355774, 0.0], "k_pid_alt": [2.0, 0.0, 0.9966424703598022], "k_pid_att": [100.0, 9.999999747378752e-05, 1.0], "k_pid_yaw": [0.5, 1e-06, 0.1], "k_pid_hsp": [0.19245269894599915, 0.048655539751052856, 1.0], "k_pid_vsp": [4.8485636711120605, 400.0, 400.0]}, "datetime": {"datetime": "2025-08-13 19:50:46", "elapsed": 36174.94305515289, "delta": 29.888450145721436}, "costs": {"total_cost": 2161.342345580746, "time_cost": 150, "final_distance_cost": 45.37511557457477, "oscillation_cost": 773.9824055599454, "completition_cost": 1000.0, "overshoot_cost": 128.87516703539475, "power_cost": 35.41479481201172, "noise_cost": 27.694862598819434, "n_waypoints_completed": 0, "tot_waypoints": 9}}
{"target": -2087.253637895305, "params": {"k_pid_pos": [2.0, 0.0, 0.05820220708847046], "k_pid_alt": [1.7655062675476074, 0.07891863584518433, 0.9578065276145935], "k_pid_att": [100.0, 9.999999747378752e-05, 0.9835821986198425], "k_pid_yaw": [0.5, 1e-06, 0.1], "k_pid_hsp": [0.0823240801692009, 0.08599409461021423, 0.962417721748352], "k_pid_vsp": [37.512908935546875, 385.69293212890625, 400.0]}, "datetime": {"datetime": "2025-08-13 19:51:19", "elapsed": 36207.16497373581, "delta": 32.22191858291626}, "costs": {"total_cost": 2087.253637895305, "time_cost": 150, "final_distance_cost": 82.81527647157513, "oscillation_cost": 678.055137694509, "completition_cost": 888.8888888888888, "overshoot_cost": 181.5865622013109, "power_cost": 41.96041146240235, "noise_cost": 63.94736117661898, "n_waypoints_completed": 1, "tot_waypoints": 9}}
{"target": -2559.8398145923516, "params": {"k_pid_pos": [2.0, 0.0, 0.004414498805999756], "k_pid_alt": [1.9451944828033447, 0.01652669906616211, 0.9573227763175964], "k_pid_att": [97.96134185791016, 0.07825104147195816, 1.0], "k_pid_yaw": [0.5, 1e-06, 0.1], "k_pid_hsp": [9.999999747378752e-05, 0.0, 1.0], "k_pid_vsp": [0.0, 386.7079162597656, 400.0]}, "datetime": {"datetime": "2025-08-13 19:51:49", "elapsed": 36237.57042145729, "delta": 30.405447721481323}, "costs": {"total_cost": 2559.8398145923516, "time_cost": 150, "final_distance_cost": 282.08038150738076, "oscillation_cost": 760.405835142868, "completition_cost": 1000.0, "overshoot_cost": 302.81712848721924, "power_cost": 36.30856320800781, "noise_cost": 28.227906246875637, "n_waypoints_completed": 0, "tot_waypoints": 9}}
{"target": -2144.541866015765, "params": {"k_pid_pos": [1.9380919933319092, 0.0820549726486206, 0.0], "k_pid_alt": [1.6815049648284912, 0.0, 1.0], "k_pid_att": [100.0, 9.999999747378752e-05, 1.0], "k_pid_yaw": [0.5, 1e-06, 0.1], "k_pid_hsp": [0.5411736369132996, 0.06539353728294373, 1.0], "k_pid_vsp": [0.0, 400.0, 379.8705139160156]}, "datetime": {"datetime": "2025-08-13 19:52:18", "elapsed": 36266.57335281372, "delta": 29.002931356430054}, "costs": {"total_cost": 2144.541866015765, "time_cost": 150, "final_distance_cost": 62.78930816926691, "oscillation_cost": 470.9156333957366, "completition_cost": 888.8888888888888, "overshoot_cost": 482.03094888410664, "power_cost": 39.04473465576172, "noise_cost": 50.8723520220048, "n_waypoints_completed": 1, "tot_waypoints": 9}}
{"target": -3356.1927427000646, "params": {"k_pid_pos": [1.8372043371200562, 0.0, 0.0], "k_pid_alt": [1.9280283451080322, 0.0, 1.0], "k_pid_att": [98.61034393310547, 0.23826555907726288, 0.9981635808944702], "k_pid_yaw": [0.5, 1e-06, 0.1], "k_pid_hsp": [0.17998531460762024, 0.029932260513305664, 1.0], "k_pid_vsp": [0.0, 369.6290283203125, 400.0]}, "datetime": {"datetime": "2025-08-13 19:52:47", "elapsed": 36295.914788007736, "delta": 29.341435194015503}, "costs": {"total_cost": 3356.1927427000646, "time_cost": 150, "final_distance_cost": 527.9663195427895, "oscillation_cost": 736.8445566139288, "completition_cost": 1000.0, "overshoot_cost": 877.4921524042304, "power_cost": 35.49170552978516, "noise_cost": 28.39800860933117, "n_waypoints_completed": 0, "tot_waypoints": 9}}
{"target": -5246.297127717975, "params": {"k_pid_pos": [2.0, 0.01701939105987549, 0.003840833902359009], "k_pid_alt": [1.8977324962615967, 0.0, 0.9672154784202576], "k_pid_att": [100.0, 9.999999747378752e-05, 0.8753485679626465], "k_pid_yaw": [0.5, 1e-06, 0.1], "k_pid_hsp": [0.06005452200770378, 0.04859590530395508, 0.9973021745681763], "k_pid_vsp": [0.0, 371.3443603515625, 400.0]}, "datetime": {"datetime": "2025-08-13 19:53:17", "elapsed": 36325.29296898842, "delta": 29.378180980682373}, "costs": {"total_cost": 5246.297127717975, "time_cost": 150, "final_distance_cost": 1016.6483692834577, "oscillation_cost": 874.1725174169233, "completition_cost": 1000.0, "overshoot_cost": 2142.894978902655, "power_cost": 34.31975318603516, "noise_cost": 28.261508928904217, "n_waypoints_completed": 0, "tot_waypoints": 9}}
{"target": -1914.5894292985274, "params": {"k_pid_pos": [1.899078607559204, 0.0, 0.0], "k_pid_alt": [1.8644194602966309, 0.0, 1.0], "k_pid_att": [93.69207763671875, 9.999999747378752e-05, 0.9158051609992981], "k_pid_yaw": [0.5, 1e-06, 0.1], "k_pid_hsp": [9.999999747378752e-05, 0.0, 0.8921122550964355], "k_pid_vsp": [18.070077896118164, 400.0, 381.06817626953125]}, "datetime": {"datetime": "2025-08-13 19:53:47", "elapsed": 36355.57380080223, "delta": 30.280831813812256}, "costs": {"total_cost": 1914.5894292985274, "time_cost": 150, "final_distance_cost": 47.524266771439684, "oscillation_cost": 714.548759179016, "completition_cost": 777.7777777777778, "overshoot_cost": 132.53262267873467, "power_cost": 41.94461405029297, "noise_cost": 50.261388841266175, "n_waypoints_completed": 2, "tot_waypoints": 9}}
{"target": -4443.404915778605, "params": {"k_pid_pos": [2.0, 0.0, 0.058088064193725586], "k_pid_alt": [1.9697321653366089, 0.05854088068008423, 0.8264445066452026], "k_pid_att": [89.19459533691406, 9.999999747378752e-05, 0.9839475154876709], "k_pid_yaw": [0.5, 1e-06, 0.1], "k_pid_hsp": [0.017557429149746895, 0.027298688888549805, 1.0], "k_pid_vsp": [0.0, 399.5699768066406, 400.0]}, "datetime": {"datetime": "2025-08-13 19:54:16", "elapsed": 36384.31950759888, "delta": 28.745706796646118}, "costs": {"total_cost": 4443.404915778605, "time_cost": 150, "final_distance_cost": 968.8181283919399, "oscillation_cost": 769.788045298345, "completition_cost": 1000.0, "overshoot_cost": 1491.2168059851067, "power_cost": 35.44080264892578, "noise_cost": 28.141133454288124, "n_waypoints_completed": 0, "tot_waypoints": 9}}
{"target": -1458.2472581285651, "params": {"k_pid_pos": [1.981555461883545, 0.06570526957511902, 0.0], "k_pid_alt": [2.0, 0.0, 0.9784746170043945], "k_pid_att": [100.0, 0.29932093620300293, 0.9286361932754517], "k_pid_yaw": [0.5, 1e-06, 0.1], "k_pid_hsp": [0.6985217928886414, 0.0, 0.9372442960739136], "k_pid_vsp": [18.054115295410156, 397.77947998046875, 358.8011169433594]}, "datetime": {"datetime": "2025-08-13 19:54:46", "elapsed": 36414.526180267334, "delta": 30.20667266845703}, "costs": {"total_cost": 1458.2472581285651, "time_cost": 150, "final_distance_cost": 59.28347591755191, "oscillation_cost": 391.3063983044884, "completition_cost": 666.6666666666667, "overshoot_cost": 122.92098438789445, "power_cost": 36.73084885253906, "noise_cost": 31.338883999424635, "n_waypoints_completed": 3, "tot_waypoints": 9}}
{"target": -2006.723025042565, "params": {"k_pid_pos": [1.987571120262146, 0.0, 0.0], "k_pid_alt": [2.0, 0.02914103865623474, 0.9920543432235718], "k_pid_att": [99.14256286621094, 0.3256784677505493, 1.0], "k_pid_yaw": [0.5, 1e-06, 0.1], "k_pid_hsp": [9.999999747378752e-05, 0.013870328664779663, 1.0], "k_pid_vsp": [0.0, 400.0, 359.1395263671875]}, "datetime": {"datetime": "2025-08-13 19:55:15", "elapsed": 36444.06544685364, "delta": 29.53926658630371}, "costs": {"total_cost": 2006.723025042565, "time_cost": 150, "final_distance_cost": 56.988867445593, "oscillation_cost": 750.1944730271589, "completition_cost": 888.8888888888888, "overshoot_cost": 94.23814720826498, "power_cost": 37.98785299072266, "noise_cost": 28.424795481936734, "n_waypoints_completed": 1, "tot_waypoints": 9}}
{"target": -2192.9996928069017, "params": {"k_pid_pos": [2.0, 0.0, 0.0], "k_pid_alt": [1.8449691534042358, 0.0, 1.0], "k_pid_att": [100.0, 9.999999747378752e-05, 1.0], "k_pid_yaw": [0.5, 1e-06, 0.1], "k_pid_hsp": [0.6726935505867004, 0.004939168691635132, 1.0], "k_pid_vsp": [5.3853631019592285, 400.0, 387.0995178222656]}, "datetime": {"datetime": "2025-08-13 19:55:45", "elapsed": 36473.18513464928, "delta": 29.119687795639038}, "costs": {"total_cost": 2192.9996928069017, "time_cost": 150, "final_distance_cost": 1.6513329227116718, "oscillation_cost": 707.1640415693431, "completition_cost": 1000.0, "overshoot_cost": 162.29645110102257, "power_cost": 47.03340583496094, "noise_cost": 124.85446137886335, "n_waypoints_completed": 0, "tot_waypoints": 9}}
{"target": -7107.655987618472, "params": {"k_pid_pos": [1.9128879308700562, 0.06563293933868408, 0.04030078649520874], "k_pid_alt": [1.9314075708389282, 0.0, 1.0], "k_pid_att": [99.67525482177734, 9.999999747378752e-05, 1.0], "k_pid_yaw": [0.5, 1e-06, 0.1], "k_pid_hsp": [0.6657839417457581, 0.08783644437789917, 1.0], "k_pid_vsp": [0.0, 400.0, 391.17620849609375]}, "datetime": {"datetime": "2025-08-13 19:56:14", "elapsed": 36502.81701397896, "delta": 29.631879329681396}, "costs": {"total_cost": 7107.655987618472, "time_cost": 150, "final_distance_cost": 1928.2927077009572, "oscillation_cost": 670.8105388641072, "completition_cost": 1000.0, "overshoot_cost": 3296.6845730924847, "power_cost": 33.22043258056641, "noise_cost": 28.64773538035641, "n_waypoints_completed": 0, "tot_waypoints": 9}}
{"target": -3475.0179525648055, "params": {"k_pid_pos": [1.977858304977417, 0.0, 0.0], "k_pid_alt": [1.911395788192749, 0.04247209429740906, 0.9590780138969421], "k_pid_att": [100.0, 9.999999747378752e-05, 1.0], "k_pid_yaw": [0.5, 1e-06, 0.1], "k_pid_hsp": [0.17571766674518585, 0.027677416801452637, 0.9589620232582092], "k_pid_vsp": [0.0, 375.70318603515625, 393.5511169433594]}, "datetime": {"datetime": "2025-08-13 19:56:42", "elapsed": 36531.01881361008, "delta": 28.201799631118774}, "costs": {"total_cost": 3475.0179525648055, "time_cost": 150, "final_distance_cost": 713.2265480794439, "oscillation_cost": 783.8039679699003, "completition_cost": 1000.0, "overshoot_cost": 764.9774896908119, "power_cost": 35.25809719238281, "noise_cost": 27.751849632266453, "n_waypoints_completed": 0, "tot_waypoints": 9}}
{"target": -2185.8637398273427, "params": {"k_pid_pos": [1.76549232006073, 0.02197888493537903, 0.07418209314346313], "k_pid_alt": [1.9762563705444336, 0.023312628269195557, 1.0], "k_pid_att": [100.0, 0.2616747319698334, 0.9412117004394531], "k_pid_yaw": [0.5, 1e-06, 0.1], "k_pid_hsp": [9.999999747378752e-05, 0.09501504898071289, 0.9928302764892578], "k_pid_vsp": [0.0, 400.0, 394.5705261230469]}, "datetime": {"datetime": "2025-08-13 19:57:11", "elapsed": 36559.99540066719, "delta": 28.976587057113647}, "costs": {"total_cost": 2185.8637398273427, "time_cost": 150, "final_distance_cost": 2.7666102590134694, "oscillation_cost": 740.7039625378553, "completition_cost": 1000.0, "overshoot_cost": 142.32695053326265, "power_cost": 42.59388955078125, "noise_cost": 107.47232694643041, "n_waypoints_completed": 0, "tot_waypoints": 9}}
{"target": -3408.696053558089, "params": {"k_pid_pos": [1.9355542659759521, 0.013311117887496948, 0.0], "k_pid_alt": [1.942675232887268, 0.0, 1.0], "k_pid_att": [100.0, 9.999999747378752e-05, 0.9653064012527466], "k_pid_yaw": [0.5, 1e-06, 0.1], "k_pid_hsp": [0.2617495357990265, 0.0, 1.0], "k_pid_vsp": [1.2528657913208008, 400.0, 390.0933837890625]}, "datetime": {"datetime": "2025-08-13 19:57:41", "elapsed": 36589.69226050377, "delta": 29.69685983657837}, "costs": {"total_cost": 3408.696053558089, "time_cost": 150, "final_distance_cost": 584.2058198740231, "oscillation_cost": 832.7642434365745, "completition_cost": 1000.0, "overshoot_cost": 781.3603614648084, "power_cost": 32.9581908203125, "noise_cost": 27.407437962370384, "n_waypoints_completed": 0, "tot_waypoints": 9}}
{"target": -7482.208061993915, "params": {"k_pid_pos": [1.9948768615722656, 0.039782583713531494, 0.008257031440734863], "k_pid_alt": [2.0, 0.004731923341751099, 1.0], "k_pid_att": [100.0, 0.2065424919128418, 0.9489374160766602], "k_pid_yaw": [0.5, 1e-06, 0.1], "k_pid_hsp": [0.433234840631485, 0.0, 1.0], "k_pid_vsp": [2.2233009338378906, 365.41448974609375, 391.33099365234375]}, "datetime": {"datetime": "2025-08-13 19:58:09", "elapsed": 36618.05913615227, "delta": 28.366875648498535}, "costs": {"total_cost": 7482.208061993915, "time_cost": 150, "final_distance_cost": 1680.9989708490523, "oscillation_cost": 812.4203945792724, "completition_cost": 1000.0, "overshoot_cost": 3778.081918314741, "power_cost": 33.23677960205078, "noise_cost": 27.469998648798796, "n_waypoints_completed": 0, "tot_waypoints": 9}}
