{"target": -2298.134466694255, "params": {"k_pid_pos": [1.8706178665161133, 0.004098266363143921, 0.01081046462059021], "k_pid_alt": [1.847221851348877, 0.0, 1.0], "k_pid_att": [96.94572448730469, 0.11677760630846024, 0.9678879976272583], "k_pid_yaw": [0.5, 1e-06, 0.1], "k_pid_hsp": [9.999999747378752e-05, 0.03314414620399475, 0.9787137508392334], "k_pid_vsp": [0.0, 392.3343200683594, 400.0]}, "datetime": {"datetime": "2025-08-14 00:28:02", "elapsed": 52810.38963222504, "delta": 29.23081636428833}, "costs": {"total_cost": 2298.134466694255, "time_cost": 150, "final_distance_cost": 108.65166267549932, "oscillation_cost": 821.2967010570401, "completition_cost": 1000.0, "overshoot_cost": 154.47446720004052, "power_cost": 35.295777575683594, "noise_cost": 28.41585818599152, "n_waypoints_completed": 0, "tot_waypoints": 9}}
{"target": -6040.9325951276205, "params": {"k_pid_pos": [1.962886095046997, 0.0019156932830810547, 0.014648854732513428], "k_pid_alt": [1.9629137516021729, 0.0, 1.0], "k_pid_att": [91.4554214477539, 9.999999747378752e-05, 0.9678604602813721], "k_pid_yaw": [0.5, 1e-06, 0.1], "k_pid_hsp": [0.03661314398050308, 0.0, 0.9702543020248413], "k_pid_vsp": [0.0, 400.0, 388.2970886230469]}, "datetime": {"datetime": "2025-08-14 00:28:31", "elapsed": 52839.757779836655, "delta": 29.368147611618042}, "costs": {"total_cost": 6040.9325951276205, "time_cost": 150, "final_distance_cost": 1420.0103955788627, "oscillation_cost": 764.1599695245451, "completition_cost": 1000.0, "overshoot_cost": 2645.5225143914463, "power_cost": 33.67869830322266, "noise_cost": 27.56101732954393, "n_waypoints_completed": 0, "tot_waypoints": 9}}
{"target": -5399.585179937572, "params": {"k_pid_pos": [2.0, 0.02471083402633667, 0.01774612069129944], "k_pid_alt": [1.9446520805358887, 0.04818996787071228, 0.9611958265304565], "k_pid_att": [100.0, 0.1691427379846573, 1.0], "k_pid_yaw": [0.5, 1e-06, 0.1], "k_pid_hsp": [0.7782061100006104, 0.0658332109451294, 0.9655458927154541], "k_pid_vsp": [0.0, 400.0, 400.0]}, "datetime": {"datetime": "2025-08-14 00:29:02", "elapsed": 52870.92194533348, "delta": 31.164165496826172}, "costs": {"total_cost": 5399.585179937572, "time_cost": 150, "final_distance_cost": 1306.3858396959008, "oscillation_cost": 714.6898597471908, "completition_cost": 1000.0, "overshoot_cost": 2162.4907685172043, "power_cost": 35.42405467529297, "noise_cost": 30.59465730198403, "n_waypoints_completed": 0, "tot_waypoints": 9}}
{"target": -2137.4237968622224, "params": {"k_pid_pos": [1.9883631467819214, 0.0, 0.0], "k_pid_alt": [2.0, 0.0, 1.0], "k_pid_att": [99.61445617675781, 9.999999747378752e-05, 1.0], "k_pid_yaw": [0.5, 1e-06, 0.1], "k_pid_hsp": [9.999999747378752e-05, 0.0, 0.9362308382987976], "k_pid_vsp": [41.798709869384766, 393.6326904296875, 399.9024353027344]}, "datetime": {"datetime": "2025-08-14 00:29:33", "elapsed": 52901.66135931015, "delta": 30.73941397666931}, "costs": {"total_cost": 2137.4237968622224, "time_cost": 150, "final_distance_cost": 65.54287898583732, "oscillation_cost": 754.0027546911134, "completition_cost": 1000.0, "overshoot_cost": 102.49837940742225, "power_cost": 37.12093959960938, "noise_cost": 28.258844178239773, "n_waypoints_completed": 0, "tot_waypoints": 9}}
{"target": -1953.6193909325793, "params": {"k_pid_pos": [1.8249257802963257, 0.0, 0.0], "k_pid_alt": [2.0, 0.004748433828353882, 0.9600245952606201], "k_pid_att": [100.0, 0.07791755348443985, 1.0], "k_pid_yaw": [0.5, 1e-06, 0.1], "k_pid_hsp": [0.13294968008995056, 0.0, 0.9290311336517334], "k_pid_vsp": [11.949670791625977, 381.61114501953125, 359.1590270996094]}, "datetime": {"datetime": "2025-08-14 00:30:03", "elapsed": 52931.73551893234, "delta": 30.074159622192383}, "costs": {"total_cost": 1953.6193909325793, "time_cost": 150, "final_distance_cost": 85.86803853449602, "oscillation_cost": 779.0334687089058, "completition_cost": 777.7777777777778, "overshoot_cost": 96.94595943070485, "power_cost": 36.01626481933594, "noise_cost": 27.977881661359174, "n_waypoints_completed": 2, "tot_waypoints": 9}}
{"target": -2073.626207594497, "params": {"k_pid_pos": [2.0, 0.016742408275604248, 0.02805173397064209], "k_pid_alt": [1.9298884868621826, 0.0, 0.9251340627670288], "k_pid_att": [92.8478775024414, 0.15473733842372894, 0.9196032285690308], "k_pid_yaw": [0.5, 1e-06, 0.1], "k_pid_hsp": [0.256562203168869, 0.0, 0.9531161785125732], "k_pid_vsp": [12.575650215148926, 400.0, 396.2522888183594]}, "datetime": {"datetime": "2025-08-14 00:30:32", "elapsed": 52960.33486318588, "delta": 28.59934425354004}, "costs": {"total_cost": 2073.626207594497, "time_cost": 150, "final_distance_cost": 78.95122368440137, "oscillation_cost": 736.2874968328786, "completition_cost": 888.8888888888888, "overshoot_cost": 154.39406928859347, "power_cost": 36.196589379882816, "noise_cost": 28.907939519852082, "n_waypoints_completed": 1, "tot_waypoints": 9}}
{"target": -2417.214069008011, "params": {"k_pid_pos": [2.0, 0.04431632161140442, 0.011804729700088501], "k_pid_alt": [1.9303953647613525, 0.05729377269744873, 1.0], "k_pid_att": [94.97010040283203, 9.999999747378752e-05, 0.9554727673530579], "k_pid_yaw": [0.5, 1e-06, 0.1], "k_pid_hsp": [9.999999747378752e-05, 0.017073869705200195, 1.0], "k_pid_vsp": [6.92133903503418, 400.0, 390.01312255859375]}, "datetime": {"datetime": "2025-08-14 00:31:02", "elapsed": 52990.816009521484, "delta": 30.481146335601807}, "costs": {"total_cost": 2417.214069008011, "time_cost": 150, "final_distance_cost": 119.88851008610614, "oscillation_cost": 766.121753795019, "completition_cost": 1000.0, "overshoot_cost": 302.23934407845525, "power_cost": 38.302575708007815, "noise_cost": 40.66188534042314, "n_waypoints_completed": 0, "tot_waypoints": 9}}
{"target": -7595.995363567565, "params": {"k_pid_pos": [2.0, 0.0, 0.04382243752479553], "k_pid_alt": [2.0, 0.0, 1.0], "k_pid_att": [98.59586334228516, 9.999999747378752e-05, 1.0], "k_pid_yaw": [0.5, 1e-06, 0.1], "k_pid_hsp": [0.39930257201194763, 0.008915096521377563, 1.0], "k_pid_vsp": [0.0, 400.0, 400.0]}, "datetime": {"datetime": "2025-08-14 00:31:34", "elapsed": 53022.649193525314, "delta": 31.833184003829956}, "costs": {"total_cost": 7595.995363567565, "time_cost": 150, "final_distance_cost": 1999.8554329364981, "oscillation_cost": 777.9887118196311, "completition_cost": 1000.0, "overshoot_cost": 3606.814479677851, "power_cost": 33.61886627197266, "noise_cost": 27.71787286161235, "n_waypoints_completed": 0, "tot_waypoints": 9}}
{"target": -2277.454067177907, "params": {"k_pid_pos": [2.0, 0.0, 0.061832040548324585], "k_pid_alt": [1.9527904987335205, 0.07041510939598083, 0.8918575048446655], "k_pid_att": [100.0, 9.999999747378752e-05, 1.0], "k_pid_yaw": [0.5, 1e-06, 0.1], "k_pid_hsp": [9.999999747378752e-05, 0.047669947147369385, 0.9965568780899048], "k_pid_vsp": [1.7128586769104004, 400.0, 392.2283935546875]}, "datetime": {"datetime": "2025-08-14 00:32:05", "elapsed": 53053.80518198013, "delta": 31.155988454818726}, "costs": {"total_cost": 2277.454067177907, "time_cost": 150, "final_distance_cost": 79.82324553261199, "oscillation_cost": 783.5336800091374, "completition_cost": 1000.0, "overshoot_cost": 199.2230253567017, "power_cost": 36.48637001953125, "noise_cost": 28.387746259924654, "n_waypoints_completed": 0, "tot_waypoints": 9}}
{"target": -3387.2302506009955, "params": {"k_pid_pos": [2.0, 0.0, 0.0], "k_pid_alt": [2.0, 0.0, 1.0], "k_pid_att": [90.03779602050781, 0.24647898972034454, 1.0], "k_pid_yaw": [0.5, 1e-06, 0.1], "k_pid_hsp": [9.999999747378752e-05, 0.0, 1.0], "k_pid_vsp": [14.597058296203613, 400.0, 400.0]}, "datetime": {"datetime": "2025-08-14 00:32:34", "elapsed": 53082.680985212326, "delta": 28.875803232192993}, "costs": {"total_cost": 3387.2302506009955, "time_cost": 150, "final_distance_cost": 458.3397089934023, "oscillation_cost": 918.9388170955634, "completition_cost": 1000.0, "overshoot_cost": 794.0321642268877, "power_cost": 36.70554271240235, "noise_cost": 29.214017572739735, "n_waypoints_completed": 0, "tot_waypoints": 9}}
{"target": -7519.530104406119, "params": {"k_pid_pos": [1.860938549041748, 0.0, 0.0], "k_pid_alt": [1.9419821500778198, 0.0, 1.0], "k_pid_att": [98.22122955322266, 0.20399799942970276, 0.9458051919937134], "k_pid_yaw": [0.5, 1e-06, 0.1], "k_pid_hsp": [0.46424922347068787, 0.02895215153694153, 0.9608570337295532], "k_pid_vsp": [0.46483278274536133, 400.0, 400.0]}, "datetime": {"datetime": "2025-08-14 00:33:04", "elapsed": 53112.42111515999, "delta": 29.740129947662354}, "costs": {"total_cost": 7519.530104406119, "time_cost": 150, "final_distance_cost": 1888.1611305746037, "oscillation_cost": 739.9041556435891, "completition_cost": 1000.0, "overshoot_cost": 3679.1398649584635, "power_cost": 34.105540856933594, "noise_cost": 28.219412372528076, "n_waypoints_completed": 0, "tot_waypoints": 9}}
{"target": -2194.2875755467485, "params": {"k_pid_pos": [1.978296160697937, 0.07304346561431885, 0.0], "k_pid_alt": [1.9411813020706177, 0.06787285208702087, 0.9747275114059448], "k_pid_att": [100.0, 0.2232670933008194, 0.9627206921577454], "k_pid_yaw": [0.5, 1e-06, 0.1], "k_pid_hsp": [9.999999747378752e-05, 0.0, 0.9988941550254822], "k_pid_vsp": [0.0, 390.31378173828125, 374.948486328125]}, "datetime": {"datetime": "2025-08-14 00:33:35", "elapsed": 53143.84916496277, "delta": 31.42804980278015}, "costs": {"total_cost": 2194.2875755467485, "time_cost": 150, "final_distance_cost": 77.62996303882197, "oscillation_cost": 716.5653693526883, "completition_cost": 1000.0, "overshoot_cost": 163.09522116543786, "power_cost": 37.58207515869141, "noise_cost": 49.41494683110855, "n_waypoints_completed": 0, "tot_waypoints": 9}}
{"target": -3422.3852053100686, "params": {"k_pid_pos": [1.9978703260421753, 0.0, 0.0], "k_pid_alt": [1.742795705795288, 0.0, 0.9610428810119629], "k_pid_att": [99.50727081298828, 0.3073338270187378, 1.0], "k_pid_yaw": [0.5, 1e-06, 0.1], "k_pid_hsp": [0.39916250109672546, 0.05284908413887024, 1.0], "k_pid_vsp": [0.0, 400.0, 400.0]}, "datetime": {"datetime": "2025-08-14 00:34:06", "elapsed": 53174.666476249695, "delta": 30.81731128692627}, "costs": {"total_cost": 3422.3852053100686, "time_cost": 150, "final_distance_cost": 880.653592715714, "oscillation_cost": 616.5666467769112, "completition_cost": 1000.0, "overshoot_cost": 711.1483396998717, "power_cost": 35.62520147705078, "noise_cost": 28.391424640520693, "n_waypoints_completed": 0, "tot_waypoints": 9}}
{"target": -2129.4928839739737, "params": {"k_pid_pos": [2.0, 0.021682322025299072, 0.06357347965240479], "k_pid_alt": [2.0, 0.024964362382888794, 0.955031156539917], "k_pid_att": [93.34418487548828, 0.6819297671318054, 1.0], "k_pid_yaw": [0.5, 1e-06, 0.1], "k_pid_hsp": [0.21289658546447754, 0.0, 1.0], "k_pid_vsp": [14.481496810913086, 400.0, 376.5179748535156]}, "datetime": {"datetime": "2025-08-14 00:34:36", "elapsed": 53204.89495611191, "delta": 30.228479862213135}, "costs": {"total_cost": 2129.4928839739737, "time_cost": 150, "final_distance_cost": 44.57215127175706, "oscillation_cost": 736.8949866069099, "completition_cost": 1000.0, "overshoot_cost": 133.49132565764484, "power_cost": 36.22719011230469, "noise_cost": 28.307230325357676, "n_waypoints_completed": 0, "tot_waypoints": 9}}
{"target": -1766.6813802560705, "params": {"k_pid_pos": [2.0, 0.0, 0.0], "k_pid_alt": [2.0, 0.0, 1.0], "k_pid_att": [100.0, 1.0319715738296509, 1.0], "k_pid_yaw": [0.5, 1e-06, 0.1], "k_pid_hsp": [1.0995452404022217, 0.0, 1.0], "k_pid_vsp": [0.0, 384.1397705078125, 382.8895568847656]}, "datetime": {"datetime": "2025-08-14 00:35:07", "elapsed": 53235.508482933044, "delta": 30.613526821136475}, "costs": {"total_cost": 1766.6813802560705, "time_cost": 150, "final_distance_cost": 49.88391165505901, "oscillation_cost": 423.0750698143522, "completition_cost": 888.8888888888888, "overshoot_cost": 139.39039355879325, "power_cost": 40.43375495605469, "noise_cost": 75.00936138292252, "n_waypoints_completed": 1, "tot_waypoints": 9}}
{"target": -5077.787477922048, "params": {"k_pid_pos": [1.8412448167800903, 0.145889550447464, 0.0], "k_pid_alt": [2.0, 0.006165504455566406, 0.9808560013771057], "k_pid_att": [100.0, 0.44408607482910156, 0.9417266845703125], "k_pid_yaw": [0.5, 1e-06, 0.1], "k_pid_hsp": [9.999999747378752e-05, 0.0, 0.9477361440658569], "k_pid_vsp": [0.0, 385.99737548828125, 358.8098449707031]}, "datetime": {"datetime": "2025-08-14 00:35:37", "elapsed": 53265.19616317749, "delta": 29.6876802444458}, "costs": {"total_cost": 5077.787477922048, "time_cost": 150, "final_distance_cost": 956.6224716347509, "oscillation_cost": 830.2279462157098, "completition_cost": 1000.0, "overshoot_cost": 2082.598877312333, "power_cost": 31.555774243164063, "noise_cost": 26.78240851609023, "n_waypoints_completed": 0, "tot_waypoints": 9}}
{"target": -1974.9920593447964, "params": {"k_pid_pos": [2.0, 0.0187741219997406, 0.060348719358444214], "k_pid_alt": [2.0, 0.0, 1.0], "k_pid_att": [98.3219223022461, 0.3407386243343353, 0.9765206575393677], "k_pid_yaw": [0.5, 1e-06, 0.1], "k_pid_hsp": [0.7928940653800964, 0.09651783108711243, 0.982310950756073], "k_pid_vsp": [0.32747983932495117, 400.0, 375.9511413574219]}, "datetime": {"datetime": "2025-08-14 00:36:06", "elapsed": 53294.79564213753, "delta": 29.59947896003723}, "costs": {"total_cost": 1974.9920593447964, "time_cost": 150, "final_distance_cost": 50.168787873809684, "oscillation_cost": 612.4585844780711, "completition_cost": 888.8888888888888, "overshoot_cost": 146.89005923932064, "power_cost": 39.24338266601563, "noise_cost": 87.34235619869048, "n_waypoints_completed": 1, "tot_waypoints": 9}}
{"target": -3990.695893687802, "params": {"k_pid_pos": [1.922694444656372, 0.0, 0.0], "k_pid_alt": [2.0, 0.0, 0.9470971822738647], "k_pid_att": [99.27510070800781, 9.999999747378752e-05, 1.0], "k_pid_yaw": [0.5, 1e-06, 0.1], "k_pid_hsp": [9.999999747378752e-05, 0.01376640796661377, 1.0], "k_pid_vsp": [15.770316123962402, 400.0, 400.0]}, "datetime": {"datetime": "2025-08-14 00:36:35", "elapsed": 53323.50624871254, "delta": 28.710606575012207}, "costs": {"total_cost": 3990.695893687802, "time_cost": 150, "final_distance_cost": 508.67040434347376, "oscillation_cost": 797.3944549682368, "completition_cost": 888.8888888888888, "overshoot_cost": 1576.3004953108978, "power_cost": 39.957467395019535, "noise_cost": 29.48418278128485, "n_waypoints_completed": 1, "tot_waypoints": 9}}
{"target": -3227.403641457093, "params": {"k_pid_pos": [2.0, 0.06388413906097412, 0.023654252290725708], "k_pid_alt": [1.971811294555664, 0.0, 1.0], "k_pid_att": [98.50089263916016, 0.19325555860996246, 0.9778661727905273], "k_pid_yaw": [0.5, 1e-06, 0.1], "k_pid_hsp": [9.999999747378752e-05, 0.004665642976760864, 1.0], "k_pid_vsp": [27.48394012451172, 400.0, 400.0]}, "datetime": {"datetime": "2025-08-14 00:37:05", "elapsed": 53354.07086443901, "delta": 30.564615726470947}, "costs": {"total_cost": 3227.403641457093, "time_cost": 150, "final_distance_cost": 284.35043393421506, "oscillation_cost": 766.324425602142, "completition_cost": 888.8888888888888, "overshoot_cost": 1075.1617582804558, "power_cost": 35.121987341308596, "noise_cost": 27.556147410082833, "n_waypoints_completed": 1, "tot_waypoints": 9}}
{"target": -2078.4006153176942, "params": {"k_pid_pos": [1.9095076322555542, 0.0, 0.0], "k_pid_alt": [1.987584114074707, 0.0, 0.9886149168014526], "k_pid_att": [97.02479553222656, 9.999999747378752e-05, 1.0], "k_pid_yaw": [0.5, 1e-06, 0.1], "k_pid_hsp": [9.999999747378752e-05, 0.011925965547561646, 1.0], "k_pid_vsp": [0.0, 397.3274841308594, 400.0]}, "datetime": {"datetime": "2025-08-14 00:37:43", "elapsed": 53391.77337741852, "delta": 37.702512979507446}, "costs": {"total_cost": 2078.4006153176942, "time_cost": 150, "final_distance_cost": 25.144235585850986, "oscillation_cost": 700.7852153584793, "completition_cost": 1000.0, "overshoot_cost": 102.18767815356121, "power_cost": 40.21822266845703, "noise_cost": 60.06526355134599, "n_waypoints_completed": 0, "tot_waypoints": 9}}
{"target": -2365.9634333958884, "params": {"k_pid_pos": [2.0, 0.0, 0.08645814657211304], "k_pid_alt": [1.9975448846817017, 0.0, 1.0], "k_pid_att": [98.61833190917969, 9.999999747378752e-05, 1.0], "k_pid_yaw": [0.5, 1e-06, 0.1], "k_pid_hsp": [0.15215618908405304, 0.008596628904342651, 1.0], "k_pid_vsp": [0.0, 385.34051513671875, 395.2380676269531]}, "datetime": {"datetime": "2025-08-14 00:38:15", "elapsed": 53423.958750486374, "delta": 32.185373067855835}, "costs": {"total_cost": 2365.9634333958884, "time_cost": 150, "final_distance_cost": 247.6732802673848, "oscillation_cost": 755.8151594238612, "completition_cost": 1000.0, "overshoot_cost": 147.33299964771183, "power_cost": 36.78553349609375, "noise_cost": 28.356460560836616, "n_waypoints_completed": 0, "tot_waypoints": 9}}
{"target": -2805.8462876146764, "params": {"k_pid_pos": [2.0, 0.0, 0.0004769861698150635], "k_pid_alt": [2.0, 0.0, 1.0], "k_pid_att": [98.4731216430664, 9.999999747378752e-05, 1.0], "k_pid_yaw": [0.5, 1e-06, 0.1], "k_pid_hsp": [0.7683416604995728, 0.0, 1.0], "k_pid_vsp": [17.7744140625, 400.0, 400.0]}, "datetime": {"datetime": "2025-08-14 00:38:46", "elapsed": 53454.32237100601, "delta": 30.36362051963806}, "costs": {"total_cost": 2805.8462876146764, "time_cost": 150, "final_distance_cost": 509.0211424205021, "oscillation_cost": 572.9928410736544, "completition_cost": 777.7777777777778, "overshoot_cost": 732.3806386825247, "power_cost": 34.81610279541016, "noise_cost": 28.85778486480717, "n_waypoints_completed": 2, "tot_waypoints": 9}}
{"target": -4122.051550069433, "params": {"k_pid_pos": [2.0, 0.0972980260848999, 0.03222385048866272], "k_pid_alt": [1.9420886039733887, 0.012549519538879395, 1.0], "k_pid_att": [100.0, 0.2698515057563782, 0.9434976577758789], "k_pid_yaw": [0.5, 1e-06, 0.1], "k_pid_hsp": [9.999999747378752e-05, 0.0, 0.9013292193412781], "k_pid_vsp": [21.10930633544922, 372.1886291503906, 400.0]}, "datetime": {"datetime": "2025-08-14 00:39:14", "elapsed": 53482.69598722458, "delta": 28.373616218566895}, "costs": {"total_cost": 4122.051550069433, "time_cost": 150, "final_distance_cost": 725.2317899683627, "oscillation_cost": 835.9672691164832, "completition_cost": 1000.0, "overshoot_cost": 1348.645507775218, "power_cost": 34.23547707519531, "noise_cost": 27.97150613417398, "n_waypoints_completed": 0, "tot_waypoints": 9}}
{"target": -2163.077527349183, "params": {"k_pid_pos": [2.0, 0.006453812122344971, 0.058733224868774414], "k_pid_alt": [2.0, 0.02860507369041443, 1.0], "k_pid_att": [95.39039611816406, 0.4581815302371979, 0.9828580617904663], "k_pid_yaw": [0.5, 1e-06, 0.1], "k_pid_hsp": [0.32364505529403687, 0.06008070707321167, 0.9829596877098083], "k_pid_vsp": [23.431087493896484, 391.7666320800781, 400.0]}, "datetime": {"datetime": "2025-08-14 00:39:47", "elapsed": 53515.859384059906, "delta": 33.16339683532715}, "costs": {"total_cost": 2163.077527349183, "time_cost": 150, "final_distance_cost": 241.75288424439515, "oscillation_cost": 606.3798750336364, "completition_cost": 888.8888888888888, "overshoot_cost": 209.7838434335846, "power_cost": 37.49797067871094, "noise_cost": 28.77406506996755, "n_waypoints_completed": 1, "tot_waypoints": 9}}
{"target": -6324.852827068343, "params": {"k_pid_pos": [1.9794329404830933, 0.0, 0.0], "k_pid_alt": [2.0, 0.03537866473197937, 0.9750851392745972], "k_pid_att": [95.20111083984375, 0.2947409749031067, 1.0], "k_pid_yaw": [0.5, 1e-06, 0.1], "k_pid_hsp": [9.999999747378752e-05, 0.0, 0.8805039525032043], "k_pid_vsp": [13.862741470336914, 383.9521179199219, 400.0]}, "datetime": {"datetime": "2025-08-14 00:40:17", "elapsed": 53545.477477788925, "delta": 29.618093729019165}, "costs": {"total_cost": 6324.852827068343, "time_cost": 150, "final_distance_cost": 1454.601200244938, "oscillation_cost": 891.6219951193997, "completition_cost": 1000.0, "overshoot_cost": 2765.586054720468, "power_cost": 35.13485886230469, "noise_cost": 27.908718121232734, "n_waypoints_completed": 0, "tot_waypoints": 9}}
{"target": -2213.4046927453855, "params": {"k_pid_pos": [2.0, 0.0, 0.0], "k_pid_alt": [2.0, 0.0, 0.9856925010681152], "k_pid_att": [100.0, 0.35367685556411743, 0.9725267887115479], "k_pid_yaw": [0.5, 1e-06, 0.1], "k_pid_hsp": [9.999999747378752e-05, 0.06817269325256348, 0.994362473487854], "k_pid_vsp": [0.0, 383.8270568847656, 400.0]}, "datetime": {"datetime": "2025-08-14 00:40:47", "elapsed": 53575.63851118088, "delta": 30.161033391952515}, "costs": {"total_cost": 2213.4046927453855, "time_cost": 150, "final_distance_cost": 71.61951017961935, "oscillation_cost": 719.8642945685632, "completition_cost": 1000.0, "overshoot_cost": 163.2245522598425, "power_cost": 39.77021325683594, "noise_cost": 68.92612248052455, "n_waypoints_completed": 0, "tot_waypoints": 9}}
{"target": -2415.0413916727584, "params": {"k_pid_pos": [1.9113999605178833, 0.0, 0.0], "k_pid_alt": [1.9382734298706055, 0.0, 1.0], "k_pid_att": [92.89747619628906, 9.999999747378752e-05, 1.0], "k_pid_yaw": [0.5, 1e-06, 0.1], "k_pid_hsp": [0.03618369624018669, 0.012206554412841797, 1.0], "k_pid_vsp": [0.0, 399.1688232421875, 395.5310363769531]}, "datetime": {"datetime": "2025-08-14 00:41:17", "elapsed": 53605.98909473419, "delta": 30.35058355331421}, "costs": {"total_cost": 2415.0413916727584, "time_cost": 150, "final_distance_cost": 144.3692148282912, "oscillation_cost": 779.330039723391, "completition_cost": 1000.0, "overshoot_cost": 271.7001099761626, "power_cost": 40.089383215332035, "noise_cost": 29.552643929581215, "n_waypoints_completed": 0, "tot_waypoints": 9}}
