{"target": -2888.581584069313, "params": {"k_pid_pos": [2.0, 0.02076023817062378, 0.0], "k_pid_alt": [1.7965422868728638, 0.0, 0.9838336706161499], "k_pid_att": [99.6863021850586, 9.999999747378752e-05, 1.0], "k_pid_yaw": [0.5, 1e-06, 0.1], "k_pid_hsp": [9.999999747378752e-05, 0.08711615204811096, 0.9423162937164307], "k_pid_vsp": [0.0, 366.9537658691406, 400.0]}, "datetime": {"datetime": "2025-08-13 15:27:31", "elapsed": 20379.50802397728, "delta": 30.700732707977295}, "costs": {"total_cost": 2888.581584069313, "time_cost": 150, "final_distance_cost": 210.81353855584857, "oscillation_cost": 864.7937813278407, "completition_cost": 1000.0, "overshoot_cost": 600.6302254539534, "power_cost": 34.31580075683594, "noise_cost": 28.028237974834493, "n_waypoints_completed": 0, "tot_waypoints": 9}}
{"target": -1875.7530834641682, "params": {"k_pid_pos": [1.9354578256607056, 0.00020259618759155273, 0.06105184555053711], "k_pid_alt": [2.0, 0.04534563422203064, 1.0], "k_pid_att": [100.0, 9.999999747378752e-05, 1.0], "k_pid_yaw": [0.5, 1e-06, 0.1], "k_pid_hsp": [0.295815646648407, 0.04424786567687988, 0.96710604429245], "k_pid_vsp": [7.854354381561279, 400.0, 395.9945373535156]}, "datetime": {"datetime": "2025-08-13 15:28:07", "elapsed": 20415.235634565353, "delta": 35.72761058807373}, "costs": {"total_cost": 1875.7530834641682, "time_cost": 150, "final_distance_cost": 163.0261331264623, "oscillation_cost": 558.2419058493526, "completition_cost": 777.7777777777778, "overshoot_cost": 159.13170575495576, "power_cost": 37.09669873046875, "noise_cost": 30.478862225150994, "n_waypoints_completed": 2, "tot_waypoints": 9}}
{"target": -8372.703017401813, "params": {"k_pid_pos": [1.8138697147369385, 0.0, 0.0], "k_pid_alt": [1.8611960411071777, 0.0, 1.0], "k_pid_att": [91.55082702636719, 0.1083853542804718, 0.9476211071014404], "k_pid_yaw": [0.5, 1e-06, 0.1], "k_pid_hsp": [9.999999747378752e-05, 0.0, 0.9979726076126099], "k_pid_vsp": [6.831645965576172, 400.0, 376.1925354003906]}, "datetime": {"datetime": "2025-08-13 15:28:39", "elapsed": 20447.079630851746, "delta": 31.843996286392212}, "costs": {"total_cost": 8372.703017401813, "time_cost": 150, "final_distance_cost": 1876.8552480806723, "oscillation_cost": 669.1118301687131, "completition_cost": 1000.0, "overshoot_cost": 4615.988284894006, "power_cost": 33.3541, "noise_cost": 27.393554258421165, "n_waypoints_completed": 0, "tot_waypoints": 9}}
{"target": -3428.9524096252785, "params": {"k_pid_pos": [2.0, 0.0, 0.0], "k_pid_alt": [2.0, 0.0, 1.0], "k_pid_att": [99.89282989501953, 9.999999747378752e-05, 0.9380226135253906], "k_pid_yaw": [0.5, 1e-06, 0.1], "k_pid_hsp": [0.47443586587905884, 0.0, 0.9140697121620178], "k_pid_vsp": [23.660457611083984, 393.2239074707031, 400.0]}, "datetime": {"datetime": "2025-08-13 15:29:11", "elapsed": 20479.94323539734, "delta": 32.86360454559326}, "costs": {"total_cost": 3428.9524096252785, "time_cost": 150, "final_distance_cost": 348.6410450225506, "oscillation_cost": 856.6532182214868, "completition_cost": 1000.0, "overshoot_cost": 1009.8910280817182, "power_cost": 35.440297595214844, "noise_cost": 28.326820704308272, "n_waypoints_completed": 0, "tot_waypoints": 9}}
{"target": -2237.998049026414, "params": {"k_pid_pos": [1.956592321395874, 0.0, 0.0], "k_pid_alt": [1.928923487663269, 0.0, 1.0], "k_pid_att": [100.0, 0.15796728432178497, 1.0], "k_pid_yaw": [0.5, 1e-06, 0.1], "k_pid_hsp": [0.02411208674311638, 0.0019643306732177734, 1.0], "k_pid_vsp": [11.157094955444336, 390.78955078125, 400.0]}, "datetime": {"datetime": "2025-08-13 15:29:45", "elapsed": 20513.487600803375, "delta": 33.54436540603638}, "costs": {"total_cost": 2237.998049026414, "time_cost": 150, "final_distance_cost": 96.994581300077, "oscillation_cost": 801.1958744243593, "completition_cost": 1000.0, "overshoot_cost": 125.20794485576026, "power_cost": 36.510554626464845, "noise_cost": 28.089093819752605, "n_waypoints_completed": 0, "tot_waypoints": 9}}
{"target": -2201.9072730061393, "params": {"k_pid_pos": [2.0, 0.046334415674209595, 0.0], "k_pid_alt": [1.9845190048217773, 0.0014597773551940918, 1.0], "k_pid_att": [92.33348083496094, 0.03683457151055336, 1.0], "k_pid_yaw": [0.5, 1e-06, 0.1], "k_pid_hsp": [0.23871289193630219, 0.004729479551315308, 1.0], "k_pid_vsp": [3.029918670654297, 400.0, 389.2967224121094]}, "datetime": {"datetime": "2025-08-13 15:30:17", "elapsed": 20545.163417100906, "delta": 31.675816297531128}, "costs": {"total_cost": 2201.9072730061393, "time_cost": 150, "final_distance_cost": 7.4546988255330096, "oscillation_cost": 755.4901040529447, "completition_cost": 1000.0, "overshoot_cost": 165.7321287973599, "power_cost": 40.49102014160157, "noise_cost": 82.73932118870006, "n_waypoints_completed": 0, "tot_waypoints": 9}}
{"target": -3319.800770396813, "params": {"k_pid_pos": [2.0, 0.0, 0.0], "k_pid_alt": [1.9936318397521973, 0.09068632125854492, 0.9629901647567749], "k_pid_att": [100.0, 0.6456521153450012, 1.0], "k_pid_yaw": [0.5, 1e-06, 0.1], "k_pid_hsp": [9.999999747378752e-05, 0.07329228520393372, 0.987265408039093], "k_pid_vsp": [0.0, 388.58880615234375, 400.0]}, "datetime": {"datetime": "2025-08-13 15:30:48", "elapsed": 20576.56244134903, "delta": 31.39902424812317}, "costs": {"total_cost": 3319.800770396813, "time_cost": 150, "final_distance_cost": 742.9239688364647, "oscillation_cost": 718.8562084120476, "completition_cost": 1000.0, "overshoot_cost": 643.6472059011306, "power_cost": 36.192473779296876, "noise_cost": 28.180913467872955, "n_waypoints_completed": 0, "tot_waypoints": 9}}
{"target": -3460.313804098725, "params": {"k_pid_pos": [1.9061055183410645, 0.0, 0.0], "k_pid_alt": [2.0, 0.020880073308944702, 1.0], "k_pid_att": [98.00377655029297, 0.33763444423675537, 0.9338026642799377], "k_pid_yaw": [0.5, 1e-06, 0.1], "k_pid_hsp": [9.999999747378752e-05, 0.0, 0.9412685632705688], "k_pid_vsp": [0.0, 400.0, 396.9517822265625]}, "datetime": {"datetime": "2025-08-13 15:31:19", "elapsed": 20607.67074918747, "delta": 31.10830783843994}, "costs": {"total_cost": 3460.313804098725, "time_cost": 150, "final_distance_cost": 408.9331625013997, "oscillation_cost": 743.4748661973913, "completition_cost": 1000.0, "overshoot_cost": 1098.0529862721773, "power_cost": 32.386652905273436, "noise_cost": 27.46613622248314, "n_waypoints_completed": 0, "tot_waypoints": 9}}
{"target": -1837.8265706604036, "params": {"k_pid_pos": [2.0, 0.0, 0.06529161334037781], "k_pid_alt": [2.0, 0.0, 0.9530265927314758], "k_pid_att": [88.92137145996094, 9.999999747378752e-05, 0.9530622959136963], "k_pid_yaw": [0.5, 1e-06, 0.1], "k_pid_hsp": [0.6321866512298584, 0.005223572254180908, 0.9673668146133423], "k_pid_vsp": [31.514667510986328, 400.0, 400.0]}, "datetime": {"datetime": "2025-08-13 15:31:53", "elapsed": 20641.2939991951, "delta": 33.623250007629395}, "costs": {"total_cost": 1837.8265706604036, "time_cost": 150, "final_distance_cost": 25.342554849909146, "oscillation_cost": 407.9207640183414, "completition_cost": 1000.0, "overshoot_cost": 132.75590320956024, "power_cost": 39.99230651855469, "noise_cost": 81.81504206403817, "n_waypoints_completed": 0, "tot_waypoints": 9}}
{"target": -2685.8771401055615, "params": {"k_pid_pos": [1.7434916496276855, 0.0, 0.09054514765739441], "k_pid_alt": [1.9895098209381104, 0.0, 1.0], "k_pid_att": [100.0, 0.16494512557983398, 1.0], "k_pid_yaw": [0.5, 1e-06, 0.1], "k_pid_hsp": [9.999999747378752e-05, 0.02332937717437744, 0.9916982650756836], "k_pid_vsp": [0.0, 400.0, 400.0]}, "datetime": {"datetime": "2025-08-13 15:32:25", "elapsed": 20673.96582007408, "delta": 32.671820878982544}, "costs": {"total_cost": 2685.8771401055615, "time_cost": 150, "final_distance_cost": 401.9670428006013, "oscillation_cost": 675.1028534853066, "completition_cost": 1000.0, "overshoot_cost": 396.7682425744751, "power_cost": 34.37723000488281, "noise_cost": 27.661771240295867, "n_waypoints_completed": 0, "tot_waypoints": 9}}
{"target": -2938.5591503651553, "params": {"k_pid_pos": [1.9964218139648438, 0.013476639986038208, 0.08664250373840332], "k_pid_alt": [2.0, 0.0, 0.9810441732406616], "k_pid_att": [92.3418197631836, 0.4231465756893158, 0.9930086135864258], "k_pid_yaw": [0.5, 1e-06, 0.1], "k_pid_hsp": [9.999999747378752e-05, 0.0, 0.8985872268676758], "k_pid_vsp": [0.0, 396.50140380859375, 372.3822021484375]}, "datetime": {"datetime": "2025-08-13 15:32:56", "elapsed": 20704.2088868618, "delta": 30.243066787719727}, "costs": {"total_cost": 2938.5591503651553, "time_cost": 150, "final_distance_cost": 496.42399031893314, "oscillation_cost": 793.5140352382167, "completition_cost": 1000.0, "overshoot_cost": 431.06490479727074, "power_cost": 36.46154031982422, "noise_cost": 31.094679690910827, "n_waypoints_completed": 0, "tot_waypoints": 9}}
{"target": -2056.0735274461413, "params": {"k_pid_pos": [2.0, 0.0, 0.06818625330924988], "k_pid_alt": [2.0, 0.0, 1.0], "k_pid_att": [100.0, 0.40120214223861694, 1.0], "k_pid_yaw": [0.5, 1e-06, 0.1], "k_pid_hsp": [0.15571066737174988, 0.007093697786331177, 0.9081234931945801], "k_pid_vsp": [20.339155197143555, 379.9981994628906, 400.0]}, "datetime": {"datetime": "2025-08-13 15:33:26", "elapsed": 20734.782028198242, "delta": 30.57314133644104}, "costs": {"total_cost": 2056.0735274461413, "time_cost": 150, "final_distance_cost": 58.314169143116104, "oscillation_cost": 739.4952304320972, "completition_cost": 888.8888888888888, "overshoot_cost": 148.71227185459608, "power_cost": 41.48197937011719, "noise_cost": 29.180987757326097, "n_waypoints_completed": 1, "tot_waypoints": 9}}
{"target": -2168.969091706742, "params": {"k_pid_pos": [2.0, 0.016247868537902832, 0.09069037437438965], "k_pid_alt": [2.0, 0.02805459499359131, 1.0], "k_pid_att": [100.0, 0.05095328018069267, 1.0], "k_pid_yaw": [0.5, 1e-06, 0.1], "k_pid_hsp": [9.999999747378752e-05, 0.0, 1.0], "k_pid_vsp": [0.0, 372.7645263671875, 383.7813415527344]}, "datetime": {"datetime": "2025-08-13 15:33:57", "elapsed": 20765.709980726242, "delta": 30.927952527999878}, "costs": {"total_cost": 2168.969091706742, "time_cost": 150, "final_distance_cost": 71.06132584976665, "oscillation_cost": 742.504073484265, "completition_cost": 1000.0, "overshoot_cost": 137.32604632368793, "power_cost": 39.03440516357422, "noise_cost": 29.04324088544822, "n_waypoints_completed": 0, "tot_waypoints": 9}}
{"target": -3298.1725110252605, "params": {"k_pid_pos": [2.0, 0.04089808464050293, 0.07091197371482849], "k_pid_alt": [2.0, 0.0, 1.0], "k_pid_att": [100.0, 0.6444495916366577, 1.0], "k_pid_yaw": [0.5, 1e-06, 0.1], "k_pid_hsp": [9.999999747378752e-05, 0.0, 0.9198394417762756], "k_pid_vsp": [0.0, 354.2034912109375, 400.0]}, "datetime": {"datetime": "2025-08-13 15:34:27", "elapsed": 20795.895406007767, "delta": 30.185425281524658}, "costs": {"total_cost": 3298.1725110252605, "time_cost": 150, "final_distance_cost": 725.9006958716751, "oscillation_cost": 826.3832381701613, "completition_cost": 1000.0, "overshoot_cost": 533.1365647512189, "power_cost": 34.71531721191406, "noise_cost": 28.036695020290843, "n_waypoints_completed": 0, "tot_waypoints": 9}}
{"target": -4889.033485599209, "params": {"k_pid_pos": [1.946946382522583, 0.0, 0.03302338719367981], "k_pid_alt": [2.0, 0.087729811668396, 0.9328645467758179], "k_pid_att": [100.0, 9.999999747378752e-05, 1.0], "k_pid_yaw": [0.5, 1e-06, 0.1], "k_pid_hsp": [0.4876643717288971, 0.016282737255096436, 1.0], "k_pid_vsp": [0.0, 400.0, 400.0]}, "datetime": {"datetime": "2025-08-13 15:34:58", "elapsed": 20826.11732149124, "delta": 30.22191548347473}, "costs": {"total_cost": 4889.033485599209, "time_cost": 150, "final_distance_cost": 994.6849669248622, "oscillation_cost": 599.3549506428341, "completition_cost": 1000.0, "overshoot_cost": 2080.332325049035, "power_cost": 35.69805659179688, "noise_cost": 28.963186390680633, "n_waypoints_completed": 0, "tot_waypoints": 9}}
{"target": -4005.1536673255678, "params": {"k_pid_pos": [2.0, 0.010538756847381592, 0.0], "k_pid_alt": [2.0, 0.0, 0.9518716335296631], "k_pid_att": [99.41917419433594, 9.999999747378752e-05, 0.9626448154449463], "k_pid_yaw": [0.5, 1e-06, 0.1], "k_pid_hsp": [9.999999747378752e-05, 0.06808215379714966, 1.0], "k_pid_vsp": [5.90665340423584, 394.2508544921875, 400.0]}, "datetime": {"datetime": "2025-08-13 15:35:28", "elapsed": 20856.148219823837, "delta": 30.030898332595825}, "costs": {"total_cost": 4005.1536673255678, "time_cost": 150, "final_distance_cost": 1000.7414743076394, "oscillation_cost": 653.9670712316899, "completition_cost": 1000.0, "overshoot_cost": 1136.9171068835797, "power_cost": 35.28880535888672, "noise_cost": 28.23920954377253, "n_waypoints_completed": 0, "tot_waypoints": 9}}
{"target": -3394.761282227351, "params": {"k_pid_pos": [2.0, 0.013497710227966309, 0.0571364164352417], "k_pid_alt": [1.8955962657928467, 0.0, 0.9497149586677551], "k_pid_att": [100.0, 0.5676032900810242, 0.9819192886352539], "k_pid_yaw": [0.5, 1e-06, 0.1], "k_pid_hsp": [0.3777288794517517, 0.0, 1.0], "k_pid_vsp": [0.0, 400.0, 379.2272644042969]}, "datetime": {"datetime": "2025-08-13 15:35:58", "elapsed": 20886.380194425583, "delta": 30.231974601745605}, "costs": {"total_cost": 3394.761282227351, "time_cost": 150, "final_distance_cost": 385.61858888133116, "oscillation_cost": 569.7145021185703, "completition_cost": 1000.0, "overshoot_cost": 1221.8467856759526, "power_cost": 38.081199951171875, "noise_cost": 29.500205600325124, "n_waypoints_completed": 0, "tot_waypoints": 9}}
{"target": -2373.497993019419, "params": {"k_pid_pos": [1.931872844696045, 0.05271315574645996, 0.0], "k_pid_alt": [2.0, 0.012530356645584106, 0.9342754483222961], "k_pid_att": [100.0, 9.999999747378752e-05, 1.0], "k_pid_yaw": [0.5, 1e-06, 0.1], "k_pid_hsp": [0.34097135066986084, 0.0, 0.9345217347145081], "k_pid_vsp": [0.0, 387.8570556640625, 400.0]}, "datetime": {"datetime": "2025-08-13 15:36:29", "elapsed": 20917.157417535782, "delta": 30.777223110198975}, "costs": {"total_cost": 2373.497993019419, "time_cost": 150, "final_distance_cost": 171.6245119121655, "oscillation_cost": 555.3757272395533, "completition_cost": 1000.0, "overshoot_cost": 431.2596793348685, "power_cost": 36.54814079589844, "noise_cost": 28.68993373693384, "n_waypoints_completed": 0, "tot_waypoints": 9}}
{"target": -3850.734231341738, "params": {"k_pid_pos": [2.0, 0.0, 0.0], "k_pid_alt": [2.0, 0.03884309530258179, 1.0], "k_pid_att": [100.0, 1.0383292436599731, 0.9625816345214844], "k_pid_yaw": [0.5, 1e-06, 0.1], "k_pid_hsp": [0.6765037178993225, 0.0, 1.0], "k_pid_vsp": [0.0, 384.8037109375, 400.0]}, "datetime": {"datetime": "2025-08-13 15:36:59", "elapsed": 20947.734552145004, "delta": 30.577134609222412}, "costs": {"total_cost": 3850.734231341738, "time_cost": 150, "final_distance_cost": 927.342336464593, "oscillation_cost": 727.5018716304459, "completition_cost": 1000.0, "overshoot_cost": 982.0178228990284, "power_cost": 33.99282202148438, "noise_cost": 29.879378326186306, "n_waypoints_completed": 0, "tot_waypoints": 9}}
{"target": -5580.851251331504, "params": {"k_pid_pos": [2.0, 0.025751620531082153, 0.0], "k_pid_alt": [2.0, 0.0, 1.0], "k_pid_att": [92.34495544433594, 9.999999747378752e-05, 1.0], "k_pid_yaw": [0.5, 1e-06, 0.1], "k_pid_hsp": [0.30679649114608765, 0.0, 0.9886601567268372], "k_pid_vsp": [20.730173110961914, 383.7418518066406, 390.081787109375]}, "datetime": {"datetime": "2025-08-13 15:37:29", "elapsed": 20977.88429069519, "delta": 30.149738550186157}, "costs": {"total_cost": 5580.851251331504, "time_cost": 150, "final_distance_cost": 1078.0834869055998, "oscillation_cost": 810.7035030353915, "completition_cost": 1000.0, "overshoot_cost": 2482.191025135747, "power_cost": 32.766596520996096, "noise_cost": 27.1066397337689, "n_waypoints_completed": 0, "tot_waypoints": 9}}
{"target": -2355.215111909944, "params": {"k_pid_pos": [1.94295072555542, 0.0, 0.0656423568725586], "k_pid_alt": [1.9354321956634521, 0.03114020824432373, 0.9945497512817383], "k_pid_att": [100.0, 0.5039121508598328, 0.9109097719192505], "k_pid_yaw": [0.5, 1e-06, 0.1], "k_pid_hsp": [9.999999747378752e-05, 0.01505368947982788, 1.0], "k_pid_vsp": [0.0, 395.06182861328125, 396.4485168457031]}, "datetime": {"datetime": "2025-08-13 15:37:59", "elapsed": 21007.65558409691, "delta": 29.77129340171814}, "costs": {"total_cost": 2355.215111909944, "time_cost": 150, "final_distance_cost": 69.75425426790564, "oscillation_cost": 834.7633963321724, "completition_cost": 1000.0, "overshoot_cost": 233.6026320555825, "power_cost": 38.11729498291016, "noise_cost": 28.977534271373447, "n_waypoints_completed": 0, "tot_waypoints": 9}}
{"target": -2102.5685551955753, "params": {"k_pid_pos": [2.0, 0.0, 0.0], "k_pid_alt": [2.0, 0.01638457179069519, 1.0], "k_pid_att": [96.9896469116211, 9.999999747378752e-05, 0.984088659286499], "k_pid_yaw": [0.5, 1e-06, 0.1], "k_pid_hsp": [9.999999747378752e-05, 0.0, 1.0], "k_pid_vsp": [0.0, 400.0, 360.85528564453125]}, "datetime": {"datetime": "2025-08-13 15:38:30", "elapsed": 21038.442083597183, "delta": 30.786499500274658}, "costs": {"total_cost": 2102.5685551955753, "time_cost": 150, "final_distance_cost": 63.265937232929765, "oscillation_cost": 687.5565894787184, "completition_cost": 1000.0, "overshoot_cost": 137.15352427648517, "power_cost": 36.407805334472656, "noise_cost": 28.184698872969623, "n_waypoints_completed": 0, "tot_waypoints": 9}}
{"target": -2150.9590342673932, "params": {"k_pid_pos": [2.0, 0.0, 0.0], "k_pid_alt": [1.9557123184204102, 0.0, 0.9681212902069092], "k_pid_att": [93.9651107788086, 9.999999747378752e-05, 0.9768213629722595], "k_pid_yaw": [0.5, 1e-06, 0.1], "k_pid_hsp": [9.999999747378752e-05, 0.0, 0.9853006601333618], "k_pid_vsp": [0.0, 400.0, 386.6745300292969]}, "datetime": {"datetime": "2025-08-13 15:39:00", "elapsed": 21068.38608622551, "delta": 29.944002628326416}, "costs": {"total_cost": 2150.9590342673932, "time_cost": 150, "final_distance_cost": 48.68604609806148, "oscillation_cost": 733.5988360240439, "completition_cost": 1000.0, "overshoot_cost": 154.90963153624813, "power_cost": 36.13524752197266, "noise_cost": 27.62927308706683, "n_waypoints_completed": 0, "tot_waypoints": 9}}
{"target": -7695.284931093885, "params": {"k_pid_pos": [2.0, 0.0, 0.0], "k_pid_alt": [1.9310956001281738, 0.0050972700119018555, 0.9349385499954224], "k_pid_att": [100.0, 0.7938477396965027, 0.9952184557914734], "k_pid_yaw": [0.5, 1e-06, 0.1], "k_pid_hsp": [9.999999747378752e-05, 0.0, 0.9860410094261169], "k_pid_vsp": [0.0, 367.9327087402344, 400.0]}, "datetime": {"datetime": "2025-08-13 15:39:31", "elapsed": 21099.61087656021, "delta": 31.224790334701538}, "costs": {"total_cost": 7695.284931093885, "time_cost": 150, "final_distance_cost": 2112.61979076106, "oscillation_cost": 744.1098198148474, "completition_cost": 888.8888888888888, "overshoot_cost": 3737.879678042437, "power_cost": 34.024446240234376, "noise_cost": 27.762307346417593, "n_waypoints_completed": 1, "tot_waypoints": 9}}
{"target": -2104.4573049482283, "params": {"k_pid_pos": [2.0, 0.0, 0.009170621633529663], "k_pid_alt": [1.9629288911819458, 0.0596640408039093, 1.0], "k_pid_att": [93.68758392333984, 0.2776408791542053, 1.0], "k_pid_yaw": [0.5, 1e-06, 0.1], "k_pid_hsp": [9.999999747378752e-05, 0.024074941873550415, 1.0], "k_pid_vsp": [25.564788818359375, 400.0, 361.0960388183594]}, "datetime": {"datetime": "2025-08-13 15:40:02", "elapsed": 21130.86583161354, "delta": 31.254955053329468}, "costs": {"total_cost": 2104.4573049482283, "time_cost": 150, "final_distance_cost": 61.273178348474474, "oscillation_cost": 704.4069518176557, "completition_cost": 1000.0, "overshoot_cost": 117.27174227129741, "power_cost": 42.05817419433594, "noise_cost": 29.447258316464833, "n_waypoints_completed": 0, "tot_waypoints": 9}}
{"target": -2275.247176802442, "params": {"k_pid_pos": [1.9337379932403564, 0.015066951513290405, 0.0], "k_pid_alt": [2.0, 0.03182882070541382, 1.0], "k_pid_att": [100.0, 9.999999747378752e-05, 1.0], "k_pid_yaw": [0.5, 1e-06, 0.1], "k_pid_hsp": [9.999999747378752e-05, 0.055573731660842896, 0.9786649942398071], "k_pid_vsp": [0.0, 400.0, 400.0]}, "datetime": {"datetime": "2025-08-13 15:40:33", "elapsed": 21161.945137023926, "delta": 31.079305410385132}, "costs": {"total_cost": 2275.247176802442, "time_cost": 150, "final_distance_cost": 84.37525613217753, "oscillation_cost": 771.5791588809856, "completition_cost": 1000.0, "overshoot_cost": 187.50190718885014, "power_cost": 37.3441420288086, "noise_cost": 44.44671257161994, "n_waypoints_completed": 0, "tot_waypoints": 9}}
{"target": -2669.2750896262883, "params": {"k_pid_pos": [2.0, 0.006886839866638184, 0.0], "k_pid_alt": [2.0, 0.0, 0.9238947629928589], "k_pid_att": [99.80633544921875, 9.999999747378752e-05, 0.9802646636962891], "k_pid_yaw": [0.5, 1e-06, 0.1], "k_pid_hsp": [9.999999747378752e-05, 0.0, 1.0], "k_pid_vsp": [0.0, 376.0320739746094, 400.0]}, "datetime": {"datetime": "2025-08-13 15:41:04", "elapsed": 21192.943232536316, "delta": 30.998095512390137}, "costs": {"total_cost": 2669.2750896262883, "time_cost": 150, "final_distance_cost": 173.86259754245214, "oscillation_cost": 730.8009943489319, "completition_cost": 1000.0, "overshoot_cost": 552.9368603040024, "power_cost": 33.897154907226565, "noise_cost": 27.777482523675225, "n_waypoints_completed": 0, "tot_waypoints": 9}}
