{"target": -3368.4211616613456, "params": {"k_pid_pos": [2.0, 0.00955808162689209, 0.06936115026473999], "k_pid_alt": [1.9287147521972656, 0.01572391390800476, 1.0], "k_pid_att": [100.0, 0.5199325680732727, 0.9659085273742676], "k_pid_yaw": [0.5, 1e-06, 0.1], "k_pid_hsp": [9.999999747378752e-05, 0.0, 0.9590016007423401], "k_pid_vsp": [0.0, 400.0, 395.0015869140625]}, "datetime": {"datetime": "2025-08-13 15:12:59", "elapsed": 19507.992465019226, "delta": 31.942211389541626}, "costs": {"total_cost": 3368.4211616613456, "time_cost": 150, "final_distance_cost": 292.45482684719065, "oscillation_cost": 825.2886319505199, "completition_cost": 1000.0, "overshoot_cost": 1038.848891070207, "power_cost": 34.29402467041016, "noise_cost": 27.534787123017793, "n_waypoints_completed": 0, "tot_waypoints": 9}}
{"target": -2188.1618204173624, "params": {"k_pid_pos": [1.9124525785446167, 0.003700852394104004, 0.007419675588607788], "k_pid_alt": [1.8568456172943115, 0.05889436602592468, 1.0], "k_pid_att": [100.0, 0.3663915991783142, 0.9737268686294556], "k_pid_yaw": [0.5, 1e-06, 0.1], "k_pid_hsp": [0.27494797110557556, 0.0, 1.0], "k_pid_vsp": [13.275527954101562, 400.0, 400.0]}, "datetime": {"datetime": "2025-08-13 15:13:32", "elapsed": 19540.797961950302, "delta": 32.80549693107605}, "costs": {"total_cost": 2188.1618204173624, "time_cost": 150, "final_distance_cost": 111.83842491086412, "oscillation_cost": 676.6149538387016, "completition_cost": 1000.0, "overshoot_cost": 172.99788794031193, "power_cost": 37.39317430419922, "noise_cost": 39.31737942328533, "n_waypoints_completed": 0, "tot_waypoints": 9}}
{"target": -10387.340260212988, "params": {"k_pid_pos": [1.9217374324798584, 0.0, 0.0], "k_pid_alt": [1.9613292217254639, 0.034537822008132935, 1.0], "k_pid_att": [92.68636322021484, 0.015707915648818016, 1.0], "k_pid_yaw": [0.5, 1e-06, 0.1], "k_pid_hsp": [9.999999747378752e-05, 0.0, 0.9998610019683838], "k_pid_vsp": [0.0, 367.5223693847656, 400.0]}, "datetime": {"datetime": "2025-08-13 15:14:05", "elapsed": 19573.769674301147, "delta": 32.97171235084534}, "costs": {"total_cost": 10387.340260212988, "time_cost": 150, "final_distance_cost": 3041.662318716121, "oscillation_cost": 759.714033581522, "completition_cost": 1000.0, "overshoot_cost": 5374.7430649433345, "power_cost": 33.624478662109375, "noise_cost": 27.59636430989991, "n_waypoints_completed": 0, "tot_waypoints": 9}}
{"target": -5870.309312749393, "params": {"k_pid_pos": [2.0, 0.0, 0.04978787899017334], "k_pid_alt": [2.0, 0.0, 0.9651573896408081], "k_pid_att": [100.0, 0.10454536974430084, 1.0], "k_pid_yaw": [0.5, 1e-06, 0.1], "k_pid_hsp": [9.999999747378752e-05, 0.039899349212646484, 1.0], "k_pid_vsp": [0.0, 400.0, 389.3465576171875]}, "datetime": {"datetime": "2025-08-13 15:14:38", "elapsed": 19606.121676445007, "delta": 32.35200214385986}, "costs": {"total_cost": 5870.309312749393, "time_cost": 150, "final_distance_cost": 1565.2585816239318, "oscillation_cost": 794.317880755876, "completition_cost": 1000.0, "overshoot_cost": 2298.280079868953, "power_cost": 34.553840844726565, "noise_cost": 27.8989296559061, "n_waypoints_completed": 0, "tot_waypoints": 9}}
{"target": -1960.9024614241255, "params": {"k_pid_pos": [2.0, 0.0, 0.0], "k_pid_alt": [1.9289374351501465, 0.0, 1.0], "k_pid_att": [100.0, 9.999999747378752e-05, 1.0], "k_pid_yaw": [0.5, 1e-06, 0.1], "k_pid_hsp": [0.34545478224754333, 0.0, 0.9813096523284912], "k_pid_vsp": [0.0, 400.0, 400.0]}, "datetime": {"datetime": "2025-08-13 15:15:10", "elapsed": 19639.045511245728, "delta": 32.923834800720215}, "costs": {"total_cost": 1960.9024614241255, "time_cost": 150, "final_distance_cost": 62.18565722082787, "oscillation_cost": 704.0526477633275, "completition_cost": 888.8888888888888, "overshoot_cost": 91.18456374616657, "power_cost": 36.490819580078124, "noise_cost": 28.099884224836664, "n_waypoints_completed": 1, "tot_waypoints": 9}}
{"target": -2256.0230313155967, "params": {"k_pid_pos": [2.0, 0.0, 0.0], "k_pid_alt": [2.0, 0.0, 1.0], "k_pid_att": [97.0445785522461, 9.999999747378752e-05, 0.9838923811912537], "k_pid_yaw": [0.5, 1e-06, 0.1], "k_pid_hsp": [9.999999747378752e-05, 0.011822402477264404, 0.9488771557807922], "k_pid_vsp": [32.87998580932617, 398.8848571777344, 384.864990234375]}, "datetime": {"datetime": "2025-08-13 15:15:43", "elapsed": 19671.822959423065, "delta": 32.77744817733765}, "costs": {"total_cost": 2256.0230313155967, "time_cost": 150, "final_distance_cost": 119.81211582231293, "oscillation_cost": 805.7823367787394, "completition_cost": 1000.0, "overshoot_cost": 118.92207848721416, "power_cost": 34.08188531494141, "noise_cost": 27.424614912388705, "n_waypoints_completed": 0, "tot_waypoints": 9}}
{"target": -2202.6193945896553, "params": {"k_pid_pos": [2.0, 0.027131348848342896, 0.0], "k_pid_alt": [1.8989228010177612, 0.0, 0.9378927946090698], "k_pid_att": [100.0, 0.13516753911972046, 0.9716999530792236], "k_pid_yaw": [0.5, 1e-06, 0.1], "k_pid_hsp": [9.999999747378752e-05, 0.0, 0.9644337296485901], "k_pid_vsp": [11.661375045776367, 393.11895751953125, 394.124267578125]}, "datetime": {"datetime": "2025-08-13 15:16:16", "elapsed": 19704.933650493622, "delta": 33.11069107055664}, "costs": {"total_cost": 2202.6193945896553, "time_cost": 150, "final_distance_cost": 67.41702821180111, "oscillation_cost": 755.2411802224701, "completition_cost": 1000.0, "overshoot_cost": 162.5067025188099, "power_cost": 38.743894042968755, "noise_cost": 28.710589593604976, "n_waypoints_completed": 0, "tot_waypoints": 9}}
{"target": -2925.7880717203225, "params": {"k_pid_pos": [1.8813412189483643, 0.007732361555099487, 0.0], "k_pid_alt": [2.0, 0.026676476001739502, 1.0], "k_pid_att": [100.0, 9.999999747378752e-05, 1.0], "k_pid_yaw": [0.5, 1e-06, 0.1], "k_pid_hsp": [9.999999747378752e-05, 0.0, 1.0], "k_pid_vsp": [45.14691925048828, 399.9063415527344, 400.0]}, "datetime": {"datetime": "2025-08-13 15:16:49", "elapsed": 19737.583352565765, "delta": 32.649702072143555}, "costs": {"total_cost": 2925.7880717203225, "time_cost": 150, "final_distance_cost": 225.39556619832882, "oscillation_cost": 839.9742515350863, "completition_cost": 1000.0, "overshoot_cost": 646.9285071985541, "power_cost": 35.61269234619141, "noise_cost": 27.87705444216126, "n_waypoints_completed": 0, "tot_waypoints": 9}}
{"target": -5899.40164368752, "params": {"k_pid_pos": [2.0, 0.02136707305908203, 0.03213775157928467], "k_pid_alt": [1.8134818077087402, 0.07331907749176025, 0.9986429810523987], "k_pid_att": [100.0, 9.999999747378752e-05, 1.0], "k_pid_yaw": [0.5, 1e-06, 0.1], "k_pid_hsp": [0.10758607089519501, 0.0, 1.0], "k_pid_vsp": [15.877985954284668, 383.81005859375, 400.0]}, "datetime": {"datetime": "2025-08-13 15:17:22", "elapsed": 19770.245296001434, "delta": 32.661943435668945}, "costs": {"total_cost": 5899.40164368752, "time_cost": 150, "final_distance_cost": 1457.9656058104833, "oscillation_cost": 767.3223775340499, "completition_cost": 1000.0, "overshoot_cost": 2461.3286278611786, "power_cost": 34.84328217773437, "noise_cost": 27.94175030407419, "n_waypoints_completed": 0, "tot_waypoints": 9}}
{"target": -3171.55909556315, "params": {"k_pid_pos": [1.9759382009506226, 0.02512761950492859, 0.12673944234848022], "k_pid_alt": [2.0, 0.0, 0.9590833783149719], "k_pid_att": [99.4707260131836, 0.43280303478240967, 1.0], "k_pid_yaw": [0.5, 1e-06, 0.1], "k_pid_hsp": [0.25690731406211853, 0.01013687252998352, 0.9683833122253418], "k_pid_vsp": [19.804454803466797, 367.8795471191406, 400.0]}, "datetime": {"datetime": "2025-08-13 15:17:55", "elapsed": 19803.37378668785, "delta": 33.128490686416626}, "costs": {"total_cost": 3171.55909556315, "time_cost": 150, "final_distance_cost": 748.3858636088753, "oscillation_cost": 656.9807456609614, "completition_cost": 888.8888888888888, "overshoot_cost": 660.7531286740175, "power_cost": 36.01582204589844, "noise_cost": 30.534646684508306, "n_waypoints_completed": 1, "tot_waypoints": 9}}
{"target": -3528.979034954265, "params": {"k_pid_pos": [2.0, 0.0003313720226287842, 0.05561631917953491], "k_pid_alt": [2.0, 0.028729945421218872, 1.0], "k_pid_att": [100.0, 0.05436352640390396, 0.9680172204971313], "k_pid_yaw": [0.5, 1e-06, 0.1], "k_pid_hsp": [0.36705201864242554, 0.0, 0.9762887358665466], "k_pid_vsp": [2.4709224700927734, 386.0442199707031, 377.3741149902344]}, "datetime": {"datetime": "2025-08-13 15:18:26", "elapsed": 19834.991089582443, "delta": 31.617302894592285}, "costs": {"total_cost": 3528.979034954265, "time_cost": 150, "final_distance_cost": 596.9445772041842, "oscillation_cost": 753.0101074791862, "completition_cost": 1000.0, "overshoot_cost": 967.8440085764014, "power_cost": 33.50629506835938, "noise_cost": 27.67404662613343, "n_waypoints_completed": 0, "tot_waypoints": 9}}
{"target": -2373.127297972277, "params": {"k_pid_pos": [1.8811463117599487, 0.05305883288383484, 0.0], "k_pid_alt": [2.0, 0.016405045986175537, 0.9458327293395996], "k_pid_att": [100.0, 0.09973770380020142, 0.9836217164993286], "k_pid_yaw": [0.5, 1e-06, 0.1], "k_pid_hsp": [9.999999747378752e-05, 0.0, 1.0], "k_pid_vsp": [0.0, 400.0, 400.0]}, "datetime": {"datetime": "2025-08-13 15:18:59", "elapsed": 19867.231014490128, "delta": 32.239924907684326}, "costs": {"total_cost": 2373.127297972277, "time_cost": 150, "final_distance_cost": 103.05080424793394, "oscillation_cost": 770.871133310436, "completition_cost": 1000.0, "overshoot_cost": 285.1234549693068, "power_cost": 35.989761474609374, "noise_cost": 28.092143969991493, "n_waypoints_completed": 0, "tot_waypoints": 9}}
{"target": -2447.1962893353966, "params": {"k_pid_pos": [2.0, 0.0, 0.03432655334472656], "k_pid_alt": [2.0, 0.0, 0.9874697923660278], "k_pid_att": [96.1631088256836, 9.999999747378752e-05, 0.9755885601043701], "k_pid_yaw": [0.5, 1e-06, 0.1], "k_pid_hsp": [9.999999747378752e-05, 0.0657477080821991, 0.982088565826416], "k_pid_vsp": [22.19588851928711, 362.5028381347656, 383.8507385253906]}, "datetime": {"datetime": "2025-08-13 15:19:33", "elapsed": 19901.15594816208, "delta": 33.924933671951294}, "costs": {"total_cost": 2447.1962893353966, "time_cost": 150, "final_distance_cost": 231.40994543697116, "oscillation_cost": 715.2074343895143, "completition_cost": 1000.0, "overshoot_cost": 284.98971301586784, "power_cost": 37.0654791015625, "noise_cost": 28.5237173914808, "n_waypoints_completed": 0, "tot_waypoints": 9}}
{"target": -5564.070088880545, "params": {"k_pid_pos": [1.9651930332183838, 0.0, 0.0], "k_pid_alt": [1.9914612770080566, 0.0, 1.0], "k_pid_att": [100.0, 0.15551428496837616, 1.0], "k_pid_yaw": [0.5, 1e-06, 0.1], "k_pid_hsp": [9.999999747378752e-05, 0.0, 0.9017547369003296], "k_pid_vsp": [6.130862236022949, 392.4796447753906, 397.9785461425781]}, "datetime": {"datetime": "2025-08-13 15:20:06", "elapsed": 19934.60268139839, "delta": 33.446733236312866}, "costs": {"total_cost": 5564.070088880545, "time_cost": 150, "final_distance_cost": 1677.352522567742, "oscillation_cost": 774.8592471107675, "completition_cost": 1000.0, "overshoot_cost": 1903.0995565180503, "power_cost": 31.983436572265628, "noise_cost": 26.775326111719277, "n_waypoints_completed": 0, "tot_waypoints": 9}}
{"target": -6909.605613661502, "params": {"k_pid_pos": [1.9645347595214844, 0.0, 0.0], "k_pid_alt": [1.8345836400985718, 0.018068969249725342, 1.0], "k_pid_att": [100.0, 0.9771987199783325, 0.9219071865081787], "k_pid_yaw": [0.5, 1e-06, 0.1], "k_pid_hsp": [0.8887001276016235, 0.03994360566139221, 1.0], "k_pid_vsp": [13.816285133361816, 400.0, 354.7182922363281]}, "datetime": {"datetime": "2025-08-13 15:20:38", "elapsed": 19966.21975159645, "delta": 31.617070198059082}, "costs": {"total_cost": 6909.605613661502, "time_cost": 150, "final_distance_cost": 1380.0484877803012, "oscillation_cost": 790.8560524139978, "completition_cost": 1000.0, "overshoot_cost": 3524.5800519085255, "power_cost": 34.25111146240234, "noise_cost": 29.86991009627478, "n_waypoints_completed": 0, "tot_waypoints": 9}}
{"target": -2075.7346861057345, "params": {"k_pid_pos": [1.8888556957244873, 0.0, 0.07182872295379639], "k_pid_alt": [2.0, 0.06978440284729004, 0.9591596126556396], "k_pid_att": [93.22227478027344, 9.999999747378752e-05, 1.0], "k_pid_yaw": [0.5, 1e-06, 0.1], "k_pid_hsp": [0.016391275450587273, 0.0, 1.0], "k_pid_vsp": [0.0, 400.0, 400.0]}, "datetime": {"datetime": "2025-08-13 15:21:08", "elapsed": 19996.822610855103, "delta": 30.602859258651733}, "costs": {"total_cost": 2075.7346861057345, "time_cost": 150, "final_distance_cost": 26.250606882758728, "oscillation_cost": 694.7443884607059, "completition_cost": 1000.0, "overshoot_cost": 113.80588875612685, "power_cost": 40.57332779541016, "noise_cost": 50.36047421073268, "n_waypoints_completed": 0, "tot_waypoints": 9}}
{"target": -2637.9418221084993, "params": {"k_pid_pos": [1.8488150835037231, 0.11710962653160095, 0.03382876515388489], "k_pid_alt": [2.0, 0.04945144057273865, 0.9617033004760742], "k_pid_att": [100.0, 0.10578840970993042, 0.9882087707519531], "k_pid_yaw": [0.5, 1e-06, 0.1], "k_pid_hsp": [9.999999747378752e-05, 0.0, 1.0], "k_pid_vsp": [0.0, 400.0, 400.0]}, "datetime": {"datetime": "2025-08-13 15:21:39", "elapsed": 20027.73890900612, "delta": 30.916298151016235}, "costs": {"total_cost": 2637.9418221084993, "time_cost": 150, "final_distance_cost": 60.697055194139686, "oscillation_cost": 724.8496213691406, "completition_cost": 1000.0, "overshoot_cost": 625.8937985866371, "power_cost": 39.087713818359376, "noise_cost": 37.413633140222586, "n_waypoints_completed": 0, "tot_waypoints": 9}}
{"target": -2172.8910863462297, "params": {"k_pid_pos": [1.986767292022705, 0.0, 0.037084490060806274], "k_pid_alt": [2.0, 0.0, 0.9941647052764893], "k_pid_att": [98.24474334716797, 0.697730541229248, 0.991409420967102], "k_pid_yaw": [0.5, 1e-06, 0.1], "k_pid_hsp": [9.999999747378752e-05, 0.04623466730117798, 0.8661417961120605], "k_pid_vsp": [26.197837829589844, 400.0, 362.4073181152344]}, "datetime": {"datetime": "2025-08-13 15:22:12", "elapsed": 20060.28399038315, "delta": 32.54508137702942}, "costs": {"total_cost": 2172.8910863462297, "time_cost": 150, "final_distance_cost": 45.42984334562441, "oscillation_cost": 828.0632372998114, "completition_cost": 1000.0, "overshoot_cost": 87.86090175894694, "power_cost": 34.19207315673828, "noise_cost": 27.34503078510852, "n_waypoints_completed": 0, "tot_waypoints": 9}}
{"target": -3830.0435403833008, "params": {"k_pid_pos": [2.0, 0.010019242763519287, 0.0], "k_pid_alt": [2.0, 0.004076898097991943, 0.9636768102645874], "k_pid_att": [99.94071960449219, 0.5357139110565186, 1.0], "k_pid_yaw": [0.5, 1e-06, 0.1], "k_pid_hsp": [0.24551400542259216, 0.05650585889816284, 0.9866743087768555], "k_pid_vsp": [0.0, 374.3553771972656, 389.7313232421875]}, "datetime": {"datetime": "2025-08-13 15:22:44", "elapsed": 20092.271262168884, "delta": 31.987271785736084}, "costs": {"total_cost": 3830.0435403833008, "time_cost": 150, "final_distance_cost": 579.1311177079263, "oscillation_cost": 752.2964710236971, "completition_cost": 1000.0, "overshoot_cost": 1285.9220932353737, "power_cost": 34.60556239013672, "noise_cost": 28.088296026166926, "n_waypoints_completed": 0, "tot_waypoints": 9}}
{"target": -2297.428044155567, "params": {"k_pid_pos": [1.9595016241073608, 0.0399128794670105, 0.06478136777877808], "k_pid_alt": [1.987312912940979, 0.0, 1.0], "k_pid_att": [89.73130798339844, 0.5056776404380798, 0.9666885137557983], "k_pid_yaw": [0.5, 1e-06, 0.1], "k_pid_hsp": [9.999999747378752e-05, 0.03377315402030945, 1.0], "k_pid_vsp": [0.0, 400.0, 384.05145263671875]}, "datetime": {"datetime": "2025-08-13 15:23:19", "elapsed": 20127.776705026627, "delta": 35.50544285774231}, "costs": {"total_cost": 2297.428044155567, "time_cost": 150, "final_distance_cost": 64.0244381804277, "oscillation_cost": 782.2838241512079, "completition_cost": 1000.0, "overshoot_cost": 219.42352735703633, "power_cost": 40.12177082519531, "noise_cost": 41.574483641699956, "n_waypoints_completed": 0, "tot_waypoints": 9}}
{"target": -2801.913317607866, "params": {"k_pid_pos": [2.0, 0.0, 0.0], "k_pid_alt": [2.0, 0.03092208504676819, 0.9355775713920593], "k_pid_att": [92.34817504882812, 9.999999747378752e-05, 1.0], "k_pid_yaw": [0.5, 1e-06, 0.1], "k_pid_hsp": [0.439665824174881, 0.08001098036766052, 1.0], "k_pid_vsp": [16.4548397064209, 400.0, 400.0]}, "datetime": {"datetime": "2025-08-13 15:23:51", "elapsed": 20159.855823278427, "delta": 32.07911825180054}, "costs": {"total_cost": 2801.913317607866, "time_cost": 150, "final_distance_cost": 389.5563873488916, "oscillation_cost": 731.380926188131, "completition_cost": 1000.0, "overshoot_cost": 468.0431121675695, "power_cost": 34.69536356201172, "noise_cost": 28.23752834126193, "n_waypoints_completed": 0, "tot_waypoints": 9}}
{"target": -5721.762577129031, "params": {"k_pid_pos": [1.835621953010559, 0.000675588846206665, 0.0], "k_pid_alt": [1.9602713584899902, 0.031113386154174805, 0.926824688911438], "k_pid_att": [96.91425323486328, 0.4591110646724701, 0.9870530366897583], "k_pid_yaw": [0.5, 1e-06, 0.1], "k_pid_hsp": [0.1507095992565155, 0.0, 1.0], "k_pid_vsp": [0.0, 400.0, 400.0]}, "datetime": {"datetime": "2025-08-13 15:24:23", "elapsed": 20191.83290910721, "delta": 31.977085828781128}, "costs": {"total_cost": 5721.762577129031, "time_cost": 150, "final_distance_cost": 1036.5920697581428, "oscillation_cost": 760.7582037116528, "completition_cost": 1000.0, "overshoot_cost": 2710.2638172848924, "power_cost": 35.813701953125005, "noise_cost": 28.334784421218647, "n_waypoints_completed": 0, "tot_waypoints": 9}}
{"target": -3825.378004628664, "params": {"k_pid_pos": [1.9911293983459473, 0.0, 0.05158880352973938], "k_pid_alt": [1.9650107622146606, 0.0661906898021698, 0.9854098558425903], "k_pid_att": [100.0, 9.999999747378752e-05, 0.9968433380126953], "k_pid_yaw": [0.5, 1e-06, 0.1], "k_pid_hsp": [0.5655877590179443, 0.05317264795303345, 1.0], "k_pid_vsp": [0.0, 389.9874267578125, 400.0]}, "datetime": {"datetime": "2025-08-13 15:24:54", "elapsed": 20222.574973106384, "delta": 30.742063999176025}, "costs": {"total_cost": 3825.378004628664, "time_cost": 150, "final_distance_cost": 787.4027425913591, "oscillation_cost": 459.3397078699455, "completition_cost": 1000.0, "overshoot_cost": 1362.5785197341856, "power_cost": 36.44635728759766, "noise_cost": 29.61067714557613, "n_waypoints_completed": 0, "tot_waypoints": 9}}
{"target": -8943.11687689998, "params": {"k_pid_pos": [1.8628052473068237, 0.0, 0.0], "k_pid_alt": [2.0, 0.038536906242370605, 0.98609459400177], "k_pid_att": [100.0, 0.4716687500476837, 1.0], "k_pid_yaw": [0.5, 1e-06, 0.1], "k_pid_hsp": [0.2027236670255661, 0.0, 1.0], "k_pid_vsp": [3.432011604309082, 400.0, 400.0]}, "datetime": {"datetime": "2025-08-13 15:25:24", "elapsed": 20252.729698896408, "delta": 30.154725790023804}, "costs": {"total_cost": 8943.11687689998, "time_cost": 150, "final_distance_cost": 1992.340288942829, "oscillation_cost": 791.1288030763985, "completition_cost": 1000.0, "overshoot_cost": 4945.314131903743, "power_cost": 35.80078372802735, "noise_cost": 28.532869248981978, "n_waypoints_completed": 0, "tot_waypoints": 9}}
{"target": -1957.552729082726, "params": {"k_pid_pos": [2.0, 0.0, 0.0], "k_pid_alt": [2.0, 0.0, 1.0], "k_pid_att": [96.98455047607422, 0.12249869853258133, 0.9185235500335693], "k_pid_yaw": [0.5, 1e-06, 0.1], "k_pid_hsp": [0.4002574384212494, 0.0, 0.9465506076812744], "k_pid_vsp": [6.578183174133301, 370.375, 400.0]}, "datetime": {"datetime": "2025-08-13 15:25:56", "elapsed": 20284.887477636337, "delta": 32.1577787399292}, "costs": {"total_cost": 1957.552729082726, "time_cost": 150, "final_distance_cost": 52.285847681665324, "oscillation_cost": 556.6500725937354, "completition_cost": 1000.0, "overshoot_cost": 132.2730604420069, "power_cost": 37.37349696044922, "noise_cost": 28.970251404869032, "n_waypoints_completed": 0, "tot_waypoints": 9}}
{"target": -2157.305292198245, "params": {"k_pid_pos": [1.988446593284607, 0.055459797382354736, 0.0], "k_pid_alt": [1.8750834465026855, 0.013717889785766602, 1.0], "k_pid_att": [97.80586242675781, 9.999999747378752e-05, 1.0], "k_pid_yaw": [0.5, 1e-06, 0.1], "k_pid_hsp": [9.999999747378752e-05, 0.0, 0.9787333011627197], "k_pid_vsp": [13.009702682495117, 400.0, 385.1670837402344]}, "datetime": {"datetime": "2025-08-13 15:26:28", "elapsed": 20316.669697761536, "delta": 31.782220125198364}, "costs": {"total_cost": 2157.305292198245, "time_cost": 150, "final_distance_cost": 53.49671710205845, "oscillation_cost": 737.9094283126321, "completition_cost": 1000.0, "overshoot_cost": 144.24622714048084, "power_cost": 42.25718692626953, "noise_cost": 29.395732716803536, "n_waypoints_completed": 0, "tot_waypoints": 9}}
{"target": -2197.5937585480083, "params": {"k_pid_pos": [2.0, 0.0, 0.0], "k_pid_alt": [1.8902380466461182, 0.05181396007537842, 1.0], "k_pid_att": [97.4615478515625, 0.9784387946128845, 0.9850902557373047], "k_pid_yaw": [0.5, 1e-06, 0.1], "k_pid_hsp": [9.999999747378752e-05, 0.0, 1.0], "k_pid_vsp": [12.866973876953125, 378.5677490234375, 380.618408203125]}, "datetime": {"datetime": "2025-08-13 15:27:00", "elapsed": 20348.807291269302, "delta": 32.137593507766724}, "costs": {"total_cost": 2197.5937585480083, "time_cost": 150, "final_distance_cost": 62.272120591283084, "oscillation_cost": 734.5896741158276, "completition_cost": 1000.0, "overshoot_cost": 148.47022831277278, "power_cost": 39.24133234863282, "noise_cost": 63.02040317949191, "n_waypoints_completed": 0, "tot_waypoints": 9}}
