{"target": -2179.419059710119, "params": {"k_pid_pos": [2.0, 0.0, 0.009093821048736572], "k_pid_alt": [2.0, 0.05368340015411377, 1.0], "k_pid_att": [96.0062255859375, 9.999999747378752e-05, 1.0], "k_pid_yaw": [0.5, 1e-06, 0.1], "k_pid_hsp": [0.008100949227809906, 0.0, 1.0], "k_pid_vsp": [0.0, 392.8984069824219, 400.0]}, "datetime": {"datetime": "2025-08-14 05:57:45", "elapsed": 72593.1281478405, "delta": 26.730485677719116}, "costs": {"total_cost": 2179.419059710119, "time_cost": 150, "final_distance_cost": 5.737695678382222, "oscillation_cost": 753.275499115549, "completition_cost": 1000.0, "overshoot_cost": 126.38353019801318, "power_cost": 45.496815100097656, "noise_cost": 98.52551961807687, "n_waypoints_completed": 0, "tot_waypoints": 9}}
{"target": -2987.9697557199856, "params": {"k_pid_pos": [1.9612101316452026, 0.019828885793685913, 0.0], "k_pid_alt": [1.933977484703064, 0.01518431305885315, 0.8615216016769409], "k_pid_att": [97.0118408203125, 0.11390618234872818, 0.9530866146087646], "k_pid_yaw": [0.5, 1e-06, 0.1], "k_pid_hsp": [1.021948218345642, 0.0, 1.0], "k_pid_vsp": [0.0, 391.94024658203125, 400.0]}, "datetime": {"datetime": "2025-08-14 05:58:13", "elapsed": 72621.45958328247, "delta": 28.331435441970825}, "costs": {"total_cost": 2987.9697557199856, "time_cost": 150, "final_distance_cost": 347.44532668346875, "oscillation_cost": 665.9594058572054, "completition_cost": 1000.0, "overshoot_cost": 761.3112320281266, "power_cost": 34.04868828125, "noise_cost": 29.205102869934805, "n_waypoints_completed": 0, "tot_waypoints": 9}}
{"target": -4221.400506303497, "params": {"k_pid_pos": [1.9707250595092773, 0.0, 0.0], "k_pid_alt": [2.0, 0.0, 0.9612863063812256], "k_pid_att": [100.0, 9.999999747378752e-05, 0.9437589645385742], "k_pid_yaw": [0.5, 1e-06, 0.1], "k_pid_hsp": [0.08210384845733643, 0.0, 1.0], "k_pid_vsp": [0.0, 392.2624206542969, 400.0]}, "datetime": {"datetime": "2025-08-14 05:58:43", "elapsed": 72651.68317556381, "delta": 30.223592281341553}, "costs": {"total_cost": 4221.400506303497, "time_cost": 150, "final_distance_cost": 676.5517913109659, "oscillation_cost": 858.0142249293302, "completition_cost": 1000.0, "overshoot_cost": 1474.7057514329822, "power_cost": 34.301029504394535, "noise_cost": 27.82770912582512, "n_waypoints_completed": 0, "tot_waypoints": 9}}
{"target": -2251.387341337429, "params": {"k_pid_pos": [2.0, 0.0, 0.0], "k_pid_alt": [2.0, 0.1023813784122467, 1.0], "k_pid_att": [100.0, 0.3090966045856476, 0.9890258312225342], "k_pid_yaw": [0.5, 1e-06, 0.1], "k_pid_hsp": [9.999999747378752e-05, 0.0, 1.0], "k_pid_vsp": [0.0, 386.7641296386719, 393.5689697265625]}, "datetime": {"datetime": "2025-08-14 05:59:10", "elapsed": 72678.71406292915, "delta": 27.030887365341187}, "costs": {"total_cost": 2251.387341337429, "time_cost": 150, "final_distance_cost": 114.97342314201151, "oscillation_cost": 752.3599778944371, "completition_cost": 1000.0, "overshoot_cost": 169.65243078360123, "power_cost": 35.96853505859375, "noise_cost": 28.432974458785427, "n_waypoints_completed": 0, "tot_waypoints": 9}}
{"target": -2512.043595722175, "params": {"k_pid_pos": [1.9931029081344604, 0.010882318019866943, 0.0], "k_pid_alt": [2.0, 0.09419119358062744, 0.9919970035552979], "k_pid_att": [99.14134979248047, 9.999999747378752e-05, 1.0], "k_pid_yaw": [0.5, 1e-06, 0.1], "k_pid_hsp": [9.999999747378752e-05, 0.0660669207572937, 0.9639359712600708], "k_pid_vsp": [21.3892822265625, 400.0, 390.7807922363281]}, "datetime": {"datetime": "2025-08-14 05:59:42", "elapsed": 72710.09748077393, "delta": 31.38341784477234}, "costs": {"total_cost": 2512.043595722175, "time_cost": 150, "final_distance_cost": 257.0738365291246, "oscillation_cost": 849.1188554823448, "completition_cost": 1000.0, "overshoot_cost": 195.56161706256492, "power_cost": 33.18538262939453, "noise_cost": 27.103904018746185, "n_waypoints_completed": 0, "tot_waypoints": 9}}
{"target": -4092.501796762493, "params": {"k_pid_pos": [1.7883970737457275, 0.0, 0.023375511169433594], "k_pid_alt": [1.9949404001235962, 0.03723573684692383, 0.9555230140686035], "k_pid_att": [100.0, 9.999999747378752e-05, 0.9874218702316284], "k_pid_yaw": [0.5, 1e-06, 0.1], "k_pid_hsp": [1.1038081645965576, 0.0, 1.0], "k_pid_vsp": [0.0, 389.0478210449219, 400.0]}, "datetime": {"datetime": "2025-08-14 06:00:09", "elapsed": 72737.48118519783, "delta": 27.38370442390442}, "costs": {"total_cost": 4092.501796762493, "time_cost": 150, "final_distance_cost": 510.68785827886023, "oscillation_cost": 798.2454152852072, "completition_cost": 1000.0, "overshoot_cost": 1570.0985713105456, "power_cost": 34.286372973632815, "noise_cost": 29.18357891424717, "n_waypoints_completed": 0, "tot_waypoints": 9}}
{"target": -2207.3359852418052, "params": {"k_pid_pos": [1.9293971061706543, 0.0, 0.0], "k_pid_alt": [1.9606659412384033, 0.0, 0.9691680073738098], "k_pid_att": [96.3043212890625, 0.04377486929297447, 1.0], "k_pid_yaw": [0.5, 1e-06, 0.1], "k_pid_hsp": [9.999999747378752e-05, 0.0214841365814209, 0.9968560934066772], "k_pid_vsp": [0.0, 392.7109375, 389.898681640625]}, "datetime": {"datetime": "2025-08-14 06:00:40", "elapsed": 72768.36364340782, "delta": 30.882458209991455}, "costs": {"total_cost": 2207.3359852418052, "time_cost": 150, "final_distance_cost": 97.58975722510759, "oscillation_cost": 657.8753512084895, "completition_cost": 1000.0, "overshoot_cost": 190.82119903499378, "power_cost": 38.945057165527345, "noise_cost": 72.10462060768661, "n_waypoints_completed": 0, "tot_waypoints": 9}}
{"target": -4564.846826723258, "params": {"k_pid_pos": [1.8991260528564453, 0.08576315641403198, 0.07161930203437805], "k_pid_alt": [2.0, 0.0, 1.0], "k_pid_att": [100.0, 0.20443043112754822, 0.9658248424530029], "k_pid_yaw": [0.5, 1e-06, 0.1], "k_pid_hsp": [9.999999747378752e-05, 0.0, 0.9955990314483643], "k_pid_vsp": [13.590251922607422, 400.0, 377.38031005859375]}, "datetime": {"datetime": "2025-08-14 06:01:08", "elapsed": 72796.50756597519, "delta": 28.143922567367554}, "costs": {"total_cost": 4564.846826723258, "time_cost": 150, "final_distance_cost": 1068.812679901326, "oscillation_cost": 792.7005212614604, "completition_cost": 1000.0, "overshoot_cost": 1490.915847973656, "power_cost": 34.22475067138672, "noise_cost": 28.193026915429023, "n_waypoints_completed": 0, "tot_waypoints": 9}}
{"target": -1422.0765292162616, "params": {"k_pid_pos": [1.9938496351242065, 0.015328198671340942, 0.1049148440361023], "k_pid_alt": [1.9031730890274048, 0.0516129732131958, 0.9919674396514893], "k_pid_att": [96.66484832763672, 0.3548847436904907, 0.9781062602996826], "k_pid_yaw": [0.5, 1e-06, 0.1], "k_pid_hsp": [0.5901342034339905, 0.0, 1.0], "k_pid_vsp": [20.281864166259766, 375.83636474609375, 393.6200866699219]}, "datetime": {"datetime": "2025-08-14 06:01:38", "elapsed": 72826.54279279709, "delta": 30.035226821899414}, "costs": {"total_cost": 1422.0765292162616, "time_cost": 150, "final_distance_cost": 39.2048677822102, "oscillation_cost": 378.89928283363406, "completition_cost": 666.6666666666667, "overshoot_cost": 98.14713679392877, "power_cost": 39.254634619140624, "noise_cost": 49.903940520681424, "n_waypoints_completed": 3, "tot_waypoints": 9}}
{"target": -2049.3458218839987, "params": {"k_pid_pos": [1.848560094833374, 0.07889825105667114, 0.0], "k_pid_alt": [2.0, 0.060921818017959595, 0.988853394985199], "k_pid_att": [100.0, 0.5255126953125, 0.9174043536186218], "k_pid_yaw": [0.5, 1e-06, 0.1], "k_pid_hsp": [9.999999747378752e-05, 0.0, 0.9322167634963989], "k_pid_vsp": [16.660213470458984, 385.024658203125, 400.0]}, "datetime": {"datetime": "2025-08-14 06:02:06", "elapsed": 72854.48100948334, "delta": 27.93821668624878}, "costs": {"total_cost": 2049.3458218839987, "time_cost": 150, "final_distance_cost": 21.183494009327916, "oscillation_cost": 687.9230403398495, "completition_cost": 1000.0, "overshoot_cost": 107.8803634530101, "power_cost": 41.70595015869141, "noise_cost": 40.65297392311976, "n_waypoints_completed": 0, "tot_waypoints": 9}}
{"target": -2254.3293324861097, "params": {"k_pid_pos": [1.94882333278656, 0.0, 0.05170354247093201], "k_pid_alt": [2.0, 0.0, 1.0], "k_pid_att": [100.0, 0.39144647121429443, 0.9589086174964905], "k_pid_yaw": [0.5, 1e-06, 0.1], "k_pid_hsp": [9.999999747378752e-05, 0.0, 0.9627967476844788], "k_pid_vsp": [11.374198913574219, 381.1487731933594, 400.0]}, "datetime": {"datetime": "2025-08-14 06:02:33", "elapsed": 72881.3758263588, "delta": 26.894816875457764}, "costs": {"total_cost": 2254.3293324861097, "time_cost": 150, "final_distance_cost": 167.02359562277857, "oscillation_cost": 838.9686935203542, "completition_cost": 888.8888888888888, "overshoot_cost": 145.32565931485772, "power_cost": 35.62191687011719, "noise_cost": 28.500578269113454, "n_waypoints_completed": 1, "tot_waypoints": 9}}
{"target": -2828.366048647618, "params": {"k_pid_pos": [1.8423311710357666, 0.0, 0.008178174495697021], "k_pid_alt": [1.9425733089447021, 0.0, 0.96094810962677], "k_pid_att": [98.79251861572266, 9.999999747378752e-05, 0.9593086242675781], "k_pid_yaw": [0.5, 1e-06, 0.1], "k_pid_hsp": [0.24299663305282593, 0.0, 0.995704174041748], "k_pid_vsp": [0.0, 400.0, 382.5600891113281]}, "datetime": {"datetime": "2025-08-14 06:03:02", "elapsed": 72910.28680109978, "delta": 28.910974740982056}, "costs": {"total_cost": 2828.366048647618, "time_cost": 150, "final_distance_cost": 120.8698395896857, "oscillation_cost": 778.684856961767, "completition_cost": 1000.0, "overshoot_cost": 714.320858088677, "power_cost": 36.328335009765624, "noise_cost": 28.16215899772262, "n_waypoints_completed": 0, "tot_waypoints": 9}}
{"target": -5183.896535591478, "params": {"k_pid_pos": [1.9443897008895874, 0.010912567377090454, 0.0], "k_pid_alt": [1.7733280658721924, 0.0, 0.9828673601150513], "k_pid_att": [90.84273529052734, 9.999999747378752e-05, 0.9810431003570557], "k_pid_yaw": [0.5, 1e-06, 0.1], "k_pid_hsp": [9.999999747378752e-05, 0.02863168716430664, 1.0], "k_pid_vsp": [10.522150993347168, 400.0, 400.0]}, "datetime": {"datetime": "2025-08-14 06:03:32", "elapsed": 72940.1508359909, "delta": 29.86403489112854}, "costs": {"total_cost": 5183.896535591478, "time_cost": 150, "final_distance_cost": 871.1500639175943, "oscillation_cost": 732.0148497026585, "completition_cost": 1000.0, "overshoot_cost": 2369.8336831689767, "power_cost": 33.38145571289063, "noise_cost": 27.516483089357127, "n_waypoints_completed": 0, "tot_waypoints": 9}}
{"target": -2750.0455300244207, "params": {"k_pid_pos": [2.0, 0.0, 0.023342370986938477], "k_pid_alt": [1.9260610342025757, 0.015361905097961426, 1.0], "k_pid_att": [97.6751937866211, 9.999999747378752e-05, 1.0], "k_pid_yaw": [0.5, 1e-06, 0.1], "k_pid_hsp": [1.2264127731323242, 0.10717007517814636, 1.0], "k_pid_vsp": [0.0, 394.52825927734375, 367.8478698730469]}, "datetime": {"datetime": "2025-08-14 06:04:01", "elapsed": 72969.27041125298, "delta": 29.119575262069702}, "costs": {"total_cost": 2750.0455300244207, "time_cost": 150, "final_distance_cost": 272.950705023972, "oscillation_cost": 677.2394953659094, "completition_cost": 1000.0, "overshoot_cost": 584.9219893997398, "power_cost": 35.202906945800784, "noise_cost": 29.73043328899903, "n_waypoints_completed": 0, "tot_waypoints": 9}}
{"target": -3313.5765104230427, "params": {"k_pid_pos": [1.9817469120025635, 0.0, 0.0], "k_pid_alt": [2.0, 0.025677800178527832, 1.0], "k_pid_att": [94.95738983154297, 9.999999747378752e-05, 1.0], "k_pid_yaw": [0.5, 1e-06, 0.1], "k_pid_hsp": [0.49983641505241394, 0.0, 0.9136838316917419], "k_pid_vsp": [0.0, 385.6357421875, 392.501220703125]}, "datetime": {"datetime": "2025-08-14 06:04:31", "elapsed": 72999.41862010956, "delta": 30.14820885658264}, "costs": {"total_cost": 3313.5765104230427, "time_cost": 150, "final_distance_cost": 661.8995493581937, "oscillation_cost": 775.4910810520108, "completition_cost": 1000.0, "overshoot_cost": 663.1235577837259, "power_cost": 34.50272153320313, "noise_cost": 28.559600695908863, "n_waypoints_completed": 0, "tot_waypoints": 9}}
{"target": -2231.290831221353, "params": {"k_pid_pos": [2.0, 0.04039740562438965, 0.026259243488311768], "k_pid_alt": [1.9126428365707397, 0.10661596059799194, 1.0], "k_pid_att": [96.8799819946289, 0.6301705241203308, 0.9971482157707214], "k_pid_yaw": [0.5, 1e-06, 0.1], "k_pid_hsp": [9.999999747378752e-05, 0.0, 0.985642671585083], "k_pid_vsp": [0.0, 400.0, 400.0]}, "datetime": {"datetime": "2025-08-14 06:04:58", "elapsed": 73026.89000368118, "delta": 27.471383571624756}, "costs": {"total_cost": 2231.290831221353, "time_cost": 150, "final_distance_cost": 69.68034151526035, "oscillation_cost": 755.9617119805256, "completition_cost": 1000.0, "overshoot_cost": 162.92551782321763, "power_cost": 39.34659245605469, "noise_cost": 53.37666744629508, "n_waypoints_completed": 0, "tot_waypoints": 9}}
{"target": -6782.828028712662, "params": {"k_pid_pos": [2.0, 0.06205916404724121, 0.0], "k_pid_alt": [1.9961388111114502, 0.0, 1.0], "k_pid_att": [100.0, 0.03542553260922432, 0.9635680913925171], "k_pid_yaw": [0.5, 1e-06, 0.1], "k_pid_hsp": [9.999999747378752e-05, 0.03548112511634827, 0.972486138343811], "k_pid_vsp": [38.95587921142578, 400.0, 400.0]}, "datetime": {"datetime": "2025-08-14 06:05:27", "elapsed": 73055.30293250084, "delta": 28.412928819656372}, "costs": {"total_cost": 6782.828028712662, "time_cost": 150, "final_distance_cost": 1556.9061189866175, "oscillation_cost": 805.4518865816606, "completition_cost": 1000.0, "overshoot_cost": 3213.481037456157, "power_cost": 30.46562341308594, "noise_cost": 26.52336227514112, "n_waypoints_completed": 0, "tot_waypoints": 9}}
{"target": -8066.766755425063, "params": {"k_pid_pos": [2.0, 0.0600895881652832, 0.0008115172386169434], "k_pid_alt": [1.9405560493469238, 0.09929454326629639, 0.9901080131530762], "k_pid_att": [100.0, 0.11655349284410477, 0.9746840000152588], "k_pid_yaw": [0.5, 1e-06, 0.1], "k_pid_hsp": [0.011877759359776974, 0.0, 0.9907009601593018], "k_pid_vsp": [0.0, 400.0, 396.1197509765625]}, "datetime": {"datetime": "2025-08-14 06:05:56", "elapsed": 73084.65059757233, "delta": 29.347665071487427}, "costs": {"total_cost": 8066.766755425063, "time_cost": 150, "final_distance_cost": 2046.6699324946549, "oscillation_cost": 802.6402334764941, "completition_cost": 1000.0, "overshoot_cost": 4005.0558424563956, "power_cost": 34.582652209472656, "noise_cost": 27.818094788044217, "n_waypoints_completed": 0, "tot_waypoints": 9}}
{"target": -2100.574531719779, "params": {"k_pid_pos": [1.9939862489700317, 0.04147264361381531, 0.06479763984680176], "k_pid_alt": [1.8879942893981934, 0.004500091075897217, 0.9688040018081665], "k_pid_att": [98.19863891601562, 0.18424580991268158, 0.9541714191436768], "k_pid_yaw": [0.5, 1e-06, 0.1], "k_pid_hsp": [9.999999747378752e-05, 0.02644902467727661, 0.9959987998008728], "k_pid_vsp": [6.703281402587891, 376.2794189453125, 396.8140563964844]}, "datetime": {"datetime": "2025-08-14 06:06:24", "elapsed": 73112.25034451485, "delta": 27.59974694252014}, "costs": {"total_cost": 2100.574531719779, "time_cost": 150, "final_distance_cost": 3.9473007066387176, "oscillation_cost": 778.2533430470086, "completition_cost": 1000.0, "overshoot_cost": 70.56248816842628, "power_cost": 42.55073397216797, "noise_cost": 55.26066582553706, "n_waypoints_completed": 0, "tot_waypoints": 9}}
{"target": -2213.936916753435, "params": {"k_pid_pos": [2.0, 0.03461146354675293, 0.0], "k_pid_alt": [2.0, 0.0, 1.0], "k_pid_att": [100.0, 9.999999747378752e-05, 0.9754793643951416], "k_pid_yaw": [0.5, 1e-06, 0.1], "k_pid_hsp": [9.999999747378752e-05, 0.0016111433506011963, 1.0], "k_pid_vsp": [9.163236618041992, 381.2837219238281, 392.22064208984375]}, "datetime": {"datetime": "2025-08-14 06:06:52", "elapsed": 73140.36024570465, "delta": 28.109901189804077}, "costs": {"total_cost": 2213.936916753435, "time_cost": 150, "final_distance_cost": 57.008694757328925, "oscillation_cost": 762.7897843988188, "completition_cost": 888.8888888888888, "overshoot_cost": 291.78807149665226, "power_cost": 35.5206357421875, "noise_cost": 27.940841469558674, "n_waypoints_completed": 1, "tot_waypoints": 9}}
{"target": -2344.2593939752965, "params": {"k_pid_pos": [2.0, 0.0, 0.0], "k_pid_alt": [2.0, 0.0, 1.0], "k_pid_att": [100.0, 0.07652311772108078, 0.9858024716377258], "k_pid_yaw": [0.5, 1e-06, 0.1], "k_pid_hsp": [9.999999747378752e-05, 0.0, 1.0], "k_pid_vsp": [3.9928317070007324, 388.01141357421875, 400.0]}, "datetime": {"datetime": "2025-08-14 06:07:20", "elapsed": 73168.65866017342, "delta": 28.29841446876526}, "costs": {"total_cost": 2344.2593939752965, "time_cost": 150, "final_distance_cost": 58.17562042220964, "oscillation_cost": 776.3009597293279, "completition_cost": 1000.0, "overshoot_cost": 252.77848473699825, "power_cost": 39.517469787597655, "noise_cost": 67.48685929916273, "n_waypoints_completed": 0, "tot_waypoints": 9}}
{"target": -5008.1432337108345, "params": {"k_pid_pos": [2.0, 0.0, 0.027824431657791138], "k_pid_alt": [2.0, 0.07975837588310242, 0.9877012968063354], "k_pid_att": [100.0, 9.999999747378752e-05, 1.0], "k_pid_yaw": [0.5, 1e-06, 0.1], "k_pid_hsp": [1.013964295387268, 0.0, 0.9302899837493896], "k_pid_vsp": [0.0, 390.2498779296875, 379.2034912109375]}, "datetime": {"datetime": "2025-08-14 06:07:48", "elapsed": 73196.50662565231, "delta": 27.847965478897095}, "costs": {"total_cost": 5008.1432337108345, "time_cost": 150, "final_distance_cost": 833.8507301792049, "oscillation_cost": 794.0498590963582, "completition_cost": 1000.0, "overshoot_cost": 2165.9841677916793, "power_cost": 34.219826794433594, "noise_cost": 30.038649849158613, "n_waypoints_completed": 0, "tot_waypoints": 9}}
{"target": -1912.9054430169979, "params": {"k_pid_pos": [2.0, 0.0, 0.0], "k_pid_alt": [1.7831406593322754, 0.06684517860412598, 0.8862887620925903], "k_pid_att": [91.75062561035156, 9.999999747378752e-05, 1.0], "k_pid_yaw": [0.5, 1e-06, 0.1], "k_pid_hsp": [0.460701584815979, 0.0, 1.0], "k_pid_vsp": [15.233206748962402, 400.0, 400.0]}, "datetime": {"datetime": "2025-08-14 06:08:16", "elapsed": 73224.28215909004, "delta": 27.775533437728882}, "costs": {"total_cost": 1912.9054430169979, "time_cost": 150, "final_distance_cost": 35.6605881167214, "oscillation_cost": 494.69349760655274, "completition_cost": 1000.0, "overshoot_cost": 141.1581105208927, "power_cost": 41.21597016601563, "noise_cost": 50.177276606815134, "n_waypoints_completed": 0, "tot_waypoints": 9}}
{"target": -2837.6690230981244, "params": {"k_pid_pos": [1.9571912288665771, 0.017327725887298584, 0.0], "k_pid_alt": [2.0, 0.0, 1.0], "k_pid_att": [100.0, 9.999999747378752e-05, 0.9594387412071228], "k_pid_yaw": [0.5, 1e-06, 0.1], "k_pid_hsp": [9.999999747378752e-05, 0.0, 1.0], "k_pid_vsp": [0.4611849784851074, 393.0394287109375, 386.77069091796875]}, "datetime": {"datetime": "2025-08-14 06:08:46", "elapsed": 73254.87872648239, "delta": 30.596567392349243}, "costs": {"total_cost": 2837.6690230981244, "time_cost": 150, "final_distance_cost": 498.8262138679085, "oscillation_cost": 725.4271776257879, "completition_cost": 1000.0, "overshoot_cost": 403.2403529115069, "power_cost": 32.86103779296875, "noise_cost": 27.314240899952438, "n_waypoints_completed": 0, "tot_waypoints": 9}}
{"target": -2667.2656889261416, "params": {"k_pid_pos": [2.0, 0.0, 0.009150177240371704], "k_pid_alt": [1.9792280197143555, 0.07718950510025024, 0.9981815814971924], "k_pid_att": [95.52227783203125, 9.999999747378752e-05, 1.0], "k_pid_yaw": [0.5, 1e-06, 0.1], "k_pid_hsp": [0.15864020586013794, 0.01960846781730652, 0.997363805770874], "k_pid_vsp": [10.465598106384277, 400.0, 400.0]}, "datetime": {"datetime": "2025-08-14 06:09:15", "elapsed": 73283.5024971962, "delta": 28.623770713806152}, "costs": {"total_cost": 2667.2656889261416, "time_cost": 150, "final_distance_cost": 348.40229669632726, "oscillation_cost": 668.0562104281074, "completition_cost": 1000.0, "overshoot_cost": 437.2030569536492, "power_cost": 35.24906240234375, "noise_cost": 28.355062445713703, "n_waypoints_completed": 0, "tot_waypoints": 9}}
{"target": -2200.2995537224306, "params": {"k_pid_pos": [2.0, 0.022233903408050537, 0.0], "k_pid_alt": [2.0, 0.0, 0.933093786239624], "k_pid_att": [97.73009490966797, 9.999999747378752e-05, 0.9499492645263672], "k_pid_yaw": [0.5, 1e-06, 0.1], "k_pid_hsp": [9.999999747378752e-05, 0.0, 1.0], "k_pid_vsp": [12.443399429321289, 400.0, 400.0]}, "datetime": {"datetime": "2025-08-14 06:09:46", "elapsed": 73314.61763381958, "delta": 31.11513662338257}, "costs": {"total_cost": 2200.2995537224306, "time_cost": 150, "final_distance_cost": 73.89039198131748, "oscillation_cost": 748.5825150014213, "completition_cost": 1000.0, "overshoot_cost": 147.61709526084366, "power_cost": 39.1628023803711, "noise_cost": 41.04674909847706, "n_waypoints_completed": 0, "tot_waypoints": 9}}
{"target": -2943.7788958524707, "params": {"k_pid_pos": [2.0, 0.01294216513633728, 0.023803889751434326], "k_pid_alt": [2.0, 0.0, 1.0], "k_pid_att": [91.22950744628906, 9.999999747378752e-05, 0.991203784942627], "k_pid_yaw": [0.5, 1e-06, 0.1], "k_pid_hsp": [0.939183235168457, 0.0, 1.0], "k_pid_vsp": [0.0, 400.0, 400.0]}, "datetime": {"datetime": "2025-08-14 06:10:13", "elapsed": 73341.78598809242, "delta": 27.168354272842407}, "costs": {"total_cost": 2943.7788958524707, "time_cost": 150, "final_distance_cost": 306.4410032679908, "oscillation_cost": 445.39656630239267, "completition_cost": 1000.0, "overshoot_cost": 976.1965701659975, "power_cost": 35.05441551513672, "noise_cost": 30.69034060095308, "n_waypoints_completed": 0, "tot_waypoints": 9}}
