{"target": -5309.517283877437, "params": {"k_pid_pos": [2.0, 0.0, 0.0], "k_pid_alt": [2.0, 0.0, 1.0], "k_pid_att": [100.0, 9.999999747378752e-05, 0.9546406865119934], "k_pid_yaw": [0.5, 1e-06, 0.1], "k_pid_hsp": [0.2544310688972473, 0.0, 1.0], "k_pid_vsp": [25.991010665893555, 381.66656494140625, 369.21661376953125]}, "datetime": {"datetime": "2025-08-14 05:44:52", "elapsed": 71820.23128128052, "delta": 28.479532957077026}, "costs": {"total_cost": 5309.517283877437, "time_cost": 150, "final_distance_cost": 862.0841809867208, "oscillation_cost": 755.1005897158439, "completition_cost": 1000.0, "overshoot_cost": 2480.564193376681, "power_cost": 34.02897067871094, "noise_cost": 27.739349119481133, "n_waypoints_completed": 0, "tot_waypoints": 9}}
{"target": -1805.5325502984103, "params": {"k_pid_pos": [1.9004324674606323, 0.016498327255249023, 0.0], "k_pid_alt": [1.8653101921081543, 0.014980494976043701, 1.0], "k_pid_att": [88.58326721191406, 9.999999747378752e-05, 1.0], "k_pid_yaw": [0.5, 1e-06, 0.1], "k_pid_hsp": [0.3344927132129669, 0.0055838823318481445, 0.9920992851257324], "k_pid_vsp": [6.782186031341553, 400.0, 400.0]}, "datetime": {"datetime": "2025-08-14 05:45:20", "elapsed": 71848.81017708778, "delta": 28.578895807266235}, "costs": {"total_cost": 1805.5325502984103, "time_cost": 150, "final_distance_cost": 160.9010131671957, "oscillation_cost": 490.31349890338305, "completition_cost": 777.7777777777778, "overshoot_cost": 154.80444600934152, "power_cost": 39.76772833251953, "noise_cost": 31.96808610819263, "n_waypoints_completed": 2, "tot_waypoints": 9}}
{"target": -10380.34888256433, "params": {"k_pid_pos": [1.9212615489959717, 0.0, 0.0], "k_pid_alt": [2.0, 0.0, 1.0], "k_pid_att": [100.0, 0.6084553003311157, 1.0], "k_pid_yaw": [0.5, 1e-06, 0.1], "k_pid_hsp": [9.999999747378752e-05, 0.0, 1.0], "k_pid_vsp": [0.0, 400.0, 400.0]}, "datetime": {"datetime": "2025-08-14 05:45:51", "elapsed": 71879.51483297348, "delta": 30.70465588569641}, "costs": {"total_cost": 10380.34888256433, "time_cost": 150, "final_distance_cost": 2783.5820001543766, "oscillation_cost": 794.7383734616377, "completition_cost": 1000.0, "overshoot_cost": 5590.398285311379, "power_cost": 34.01155390625, "noise_cost": 27.618669730687134, "n_waypoints_completed": 0, "tot_waypoints": 9}}
{"target": -3232.5975141831814, "params": {"k_pid_pos": [2.0, 0.07227721810340881, 0.0], "k_pid_alt": [2.0, 0.0, 1.0], "k_pid_att": [93.50740051269531, 9.999999747378752e-05, 0.9118770956993103], "k_pid_yaw": [0.5, 1e-06, 0.1], "k_pid_hsp": [0.2750612199306488, 0.01598036289215088, 1.0], "k_pid_vsp": [25.734817504882812, 387.20098876953125, 400.0]}, "datetime": {"datetime": "2025-08-14 05:46:18", "elapsed": 71906.47263002396, "delta": 26.957797050476074}, "costs": {"total_cost": 3232.5975141831814, "time_cost": 150, "final_distance_cost": 511.565122798895, "oscillation_cost": 868.2950031743601, "completition_cost": 1000.0, "overshoot_cost": 641.1582901504113, "power_cost": 34.06958344726563, "noise_cost": 27.509514612249596, "n_waypoints_completed": 0, "tot_waypoints": 9}}
{"target": -2063.4789940965547, "params": {"k_pid_pos": [2.0, 0.0, 0.0], "k_pid_alt": [1.9660131931304932, 0.005986899137496948, 1.0], "k_pid_att": [94.59891510009766, 0.5355511903762817, 0.8829565048217773], "k_pid_yaw": [0.5, 1e-06, 0.1], "k_pid_hsp": [0.06459426134824753, 0.029193460941314697, 1.0], "k_pid_vsp": [3.504669666290283, 400.0, 364.6773681640625]}, "datetime": {"datetime": "2025-08-14 05:46:47", "elapsed": 71935.45518994331, "delta": 28.9825599193573}, "costs": {"total_cost": 2063.4789940965547, "time_cost": 150, "final_distance_cost": 72.80036247758466, "oscillation_cost": 786.3800427375029, "completition_cost": 888.8888888888888, "overshoot_cost": 99.82410209769557, "power_cost": 37.54491153564453, "noise_cost": 28.040686359237892, "n_waypoints_completed": 1, "tot_waypoints": 9}}
{"target": -5005.9701857272275, "params": {"k_pid_pos": [1.9106613397598267, 0.0, 0.0], "k_pid_alt": [2.0, 0.03515040874481201, 0.9513332843780518], "k_pid_att": [97.4266586303711, 0.5519303679466248, 1.0], "k_pid_yaw": [0.5, 1e-06, 0.1], "k_pid_hsp": [0.2361120581626892, 0.018496572971343994, 0.9026355743408203], "k_pid_vsp": [30.037296295166016, 400.0, 357.5613708496094]}, "datetime": {"datetime": "2025-08-14 05:47:16", "elapsed": 71964.43358325958, "delta": 28.97839331626892}, "costs": {"total_cost": 5005.9701857272275, "time_cost": 150, "final_distance_cost": 906.5337868224293, "oscillation_cost": 828.839020919379, "completition_cost": 1000.0, "overshoot_cost": 2060.3389035935234, "power_cost": 32.99661416015625, "noise_cost": 27.261860231739764, "n_waypoints_completed": 0, "tot_waypoints": 9}}
{"target": -1857.277759046401, "params": {"k_pid_pos": [1.995018482208252, 0.0, 0.0], "k_pid_alt": [1.8239903450012207, 0.0, 1.0], "k_pid_att": [96.56660461425781, 9.999999747378752e-05, 1.0], "k_pid_yaw": [0.5, 1e-06, 0.1], "k_pid_hsp": [0.871113657951355, 0.06335985660552979, 1.0], "k_pid_vsp": [44.03605651855469, 400.0, 377.9056091308594]}, "datetime": {"datetime": "2025-08-14 05:47:42", "elapsed": 71990.89101266861, "delta": 26.4574294090271}, "costs": {"total_cost": 1857.277759046401, "time_cost": 150, "final_distance_cost": 158.1521310324965, "oscillation_cost": 449.9430653085066, "completition_cost": 888.8888888888888, "overshoot_cost": 140.14949788066403, "power_cost": 36.71183522949219, "noise_cost": 33.43234070635262, "n_waypoints_completed": 1, "tot_waypoints": 9}}
{"target": -2043.1022349125826, "params": {"k_pid_pos": [1.8064879179000854, 0.0, 0.03527507185935974], "k_pid_alt": [1.9562633037567139, 0.0, 0.9307333827018738], "k_pid_att": [95.82052612304688, 9.999999747378752e-05, 0.9914039969444275], "k_pid_yaw": [0.5, 1e-06, 0.1], "k_pid_hsp": [9.999999747378752e-05, 0.04362931847572327, 1.0], "k_pid_vsp": [28.66451644897461, 387.43157958984375, 400.0]}, "datetime": {"datetime": "2025-08-14 05:48:12", "elapsed": 72021.0120241642, "delta": 30.12101149559021}, "costs": {"total_cost": 2043.1022349125826, "time_cost": 150, "final_distance_cost": 48.9437482602154, "oscillation_cost": 686.7285317764599, "completition_cost": 1000.0, "overshoot_cost": 91.11280685744453, "power_cost": 37.92807672119141, "noise_cost": 28.389071297271215, "n_waypoints_completed": 0, "tot_waypoints": 9}}
{"target": -2059.1632361745906, "params": {"k_pid_pos": [1.862281322479248, 0.0, 0.0539364218711853], "k_pid_alt": [1.9107389450073242, 0.0, 0.9895129203796387], "k_pid_att": [96.89183807373047, 0.2938770055770874, 0.9018151760101318], "k_pid_yaw": [0.5, 1e-06, 0.1], "k_pid_hsp": [9.999999747378752e-05, 0.0, 0.8953971862792969], "k_pid_vsp": [0.0, 377.16180419921875, 370.9271545410156]}, "datetime": {"datetime": "2025-08-14 05:48:41", "elapsed": 72049.66951107979, "delta": 28.65748691558838}, "costs": {"total_cost": 2059.1632361745906, "time_cost": 150, "final_distance_cost": 55.733316521054086, "oscillation_cost": 725.5021460863387, "completition_cost": 888.8888888888888, "overshoot_cost": 141.76660984028322, "power_cost": 40.51387351074219, "noise_cost": 56.75840132728333, "n_waypoints_completed": 1, "tot_waypoints": 9}}
{"target": -2226.261499360868, "params": {"k_pid_pos": [1.849680781364441, 0.06117445230484009, 0.062255144119262695], "k_pid_alt": [2.0, 0.007685542106628418, 0.9456852674484253], "k_pid_att": [95.26597595214844, 9.999999747378752e-05, 1.0], "k_pid_yaw": [0.5, 1e-06, 0.1], "k_pid_hsp": [9.999999747378752e-05, 0.0, 1.0], "k_pid_vsp": [3.633761405944824, 370.1434020996094, 391.66864013671875]}, "datetime": {"datetime": "2025-08-14 05:49:10", "elapsed": 72078.15191960335, "delta": 28.48240852355957}, "costs": {"total_cost": 2226.261499360868, "time_cost": 150, "final_distance_cost": 53.14460557203877, "oscillation_cost": 701.1140505568281, "completition_cost": 1000.0, "overshoot_cost": 175.90205628041178, "power_cost": 44.554221484375, "noise_cost": 101.54656546721426, "n_waypoints_completed": 0, "tot_waypoints": 9}}
{"target": -2745.554392134425, "params": {"k_pid_pos": [2.0, 0.0, 0.01703202724456787], "k_pid_alt": [2.0, 0.024146825075149536, 1.0], "k_pid_att": [100.0, 0.00583897577598691, 1.0], "k_pid_yaw": [0.5, 1e-06, 0.1], "k_pid_hsp": [0.9383863210678101, 0.05326351523399353, 1.0], "k_pid_vsp": [2.6175737380981445, 400.0, 400.0]}, "datetime": {"datetime": "2025-08-14 05:49:40", "elapsed": 72108.77891349792, "delta": 30.626993894577026}, "costs": {"total_cost": 2745.554392134425, "time_cost": 150, "final_distance_cost": 241.2695284712168, "oscillation_cost": 640.0070684683508, "completition_cost": 1000.0, "overshoot_cost": 647.402260231493, "power_cost": 35.40291003417969, "noise_cost": 31.4726249291852, "n_waypoints_completed": 0, "tot_waypoints": 9}}
{"target": -4362.257605830128, "params": {"k_pid_pos": [1.8573237657546997, 0.0, 0.05794471502304077], "k_pid_alt": [2.0, 0.03567841649055481, 1.0], "k_pid_att": [97.99240112304688, 0.13445676863193512, 0.9370211362838745], "k_pid_yaw": [0.5, 1e-06, 0.1], "k_pid_hsp": [0.007186027243733406, 0.0, 1.0], "k_pid_vsp": [0.0, 400.0, 400.0]}, "datetime": {"datetime": "2025-08-14 05:50:08", "elapsed": 72136.53277564049, "delta": 27.753862142562866}, "costs": {"total_cost": 4362.257605830128, "time_cost": 150, "final_distance_cost": 1034.915526581907, "oscillation_cost": 695.7354210341986, "completition_cost": 1000.0, "overshoot_cost": 1421.6790755943382, "power_cost": 32.44237819824219, "noise_cost": 27.485204421441928, "n_waypoints_completed": 0, "tot_waypoints": 9}}
{"target": -2542.4941985345067, "params": {"k_pid_pos": [1.9597173929214478, 0.04325282573699951, 0.02952897548675537], "k_pid_alt": [2.0, 0.026214390993118286, 1.0], "k_pid_att": [100.0, 0.39172837138175964, 0.9923746585845947], "k_pid_yaw": [0.5, 1e-06, 0.1], "k_pid_hsp": [9.999999747378752e-05, 0.02108544111251831, 0.9831298589706421], "k_pid_vsp": [0.0, 399.8067932128906, 393.4341735839844]}, "datetime": {"datetime": "2025-08-14 05:50:37", "elapsed": 72165.53709816933, "delta": 29.00432252883911}, "costs": {"total_cost": 2542.4941985345067, "time_cost": 150, "final_distance_cost": 112.20442853364945, "oscillation_cost": 835.856369464555, "completition_cost": 1000.0, "overshoot_cost": 382.761903172819, "power_cost": 34.66377263183594, "noise_cost": 27.00772473164755, "n_waypoints_completed": 0, "tot_waypoints": 9}}
{"target": -4691.856230600657, "params": {"k_pid_pos": [1.95697021484375, 0.03974762558937073, 0.0], "k_pid_alt": [2.0, 0.0028922855854034424, 0.9860308766365051], "k_pid_att": [100.0, 0.7148729562759399, 0.9887112379074097], "k_pid_yaw": [0.5, 1e-06, 0.1], "k_pid_hsp": [0.02798873372375965, 0.0, 1.0], "k_pid_vsp": [0.0, 361.78692626953125, 400.0]}, "datetime": {"datetime": "2025-08-14 05:51:06", "elapsed": 72194.80787849426, "delta": 29.270780324935913}, "costs": {"total_cost": 4691.856230600657, "time_cost": 150, "final_distance_cost": 1267.1969379058726, "oscillation_cost": 737.2171899734325, "completition_cost": 888.8888888888888, "overshoot_cost": 1585.6600261684212, "power_cost": 34.96603088378907, "noise_cost": 27.927156780252442, "n_waypoints_completed": 1, "tot_waypoints": 9}}
{"target": -2713.772912736802, "params": {"k_pid_pos": [2.0, 0.0, 0.04888114333152771], "k_pid_alt": [1.7854266166687012, 0.04401475191116333, 1.0], "k_pid_att": [100.0, 9.999999747378752e-05, 1.0], "k_pid_yaw": [0.5, 1e-06, 0.1], "k_pid_hsp": [0.4784063696861267, 0.0, 0.9204058051109314], "k_pid_vsp": [0.0, 400.0, 400.0]}, "datetime": {"datetime": "2025-08-14 05:51:34", "elapsed": 72222.98902797699, "delta": 28.18114948272705}, "costs": {"total_cost": 2713.772912736802, "time_cost": 150, "final_distance_cost": 286.0328027228033, "oscillation_cost": 445.600964186143, "completition_cost": 1000.0, "overshoot_cost": 763.958566351395, "power_cost": 38.38956716308594, "noise_cost": 29.791012313375095, "n_waypoints_completed": 0, "tot_waypoints": 9}}
{"target": -3264.660816896335, "params": {"k_pid_pos": [1.9551340341567993, 0.00033587217330932617, 0.0], "k_pid_alt": [1.8496174812316895, 0.0, 1.0], "k_pid_att": [100.0, 0.21339040994644165, 1.0], "k_pid_yaw": [0.5, 1e-06, 0.1], "k_pid_hsp": [0.33912304043769836, 0.041780710220336914, 1.0], "k_pid_vsp": [0.0, 400.0, 388.12371826171875]}, "datetime": {"datetime": "2025-08-14 05:52:01", "elapsed": 72250.05905056, "delta": 27.070022583007812}, "costs": {"total_cost": 3264.660816896335, "time_cost": 150, "final_distance_cost": 687.2676451365938, "oscillation_cost": 709.9713259545613, "completition_cost": 1000.0, "overshoot_cost": 653.4660141154277, "power_cost": 35.500610327148436, "noise_cost": 28.455221362603424, "n_waypoints_completed": 0, "tot_waypoints": 9}}
{"target": -1541.2514486253556, "params": {"k_pid_pos": [1.932616114616394, 0.018468141555786133, 0.0], "k_pid_alt": [1.8272674083709717, 0.0, 0.9724801182746887], "k_pid_att": [93.28545379638672, 1.1042826175689697, 1.0], "k_pid_yaw": [0.5, 1e-06, 0.1], "k_pid_hsp": [0.7303091883659363, 0.0, 1.0], "k_pid_vsp": [0.0, 395.5361022949219, 379.9569091796875]}, "datetime": {"datetime": "2025-08-14 05:52:31", "elapsed": 72280.03197979927, "delta": 29.97292923927307}, "costs": {"total_cost": 1541.2514486253556, "time_cost": 150, "final_distance_cost": 78.3951188294585, "oscillation_cost": 382.2662222149341, "completition_cost": 777.7777777777778, "overshoot_cost": 79.76390929869206, "power_cost": 39.5278176147461, "noise_cost": 33.52060288974698, "n_waypoints_completed": 2, "tot_waypoints": 9}}
{"target": -2009.1195477356894, "params": {"k_pid_pos": [1.854683518409729, 0.11584416031837463, 0.07838347554206848], "k_pid_alt": [2.0, 0.05973219871520996, 1.0], "k_pid_att": [100.0, 0.38636162877082825, 1.0], "k_pid_yaw": [0.5, 1e-06, 0.1], "k_pid_hsp": [9.999999747378752e-05, 0.0, 0.9725263118743896], "k_pid_vsp": [0.0, 400.0, 383.6877746582031]}, "datetime": {"datetime": "2025-08-14 05:52:59", "elapsed": 72307.1750497818, "delta": 27.143069982528687}, "costs": {"total_cost": 2009.1195477356894, "time_cost": 150, "final_distance_cost": 46.62048415226578, "oscillation_cost": 680.2245253152147, "completition_cost": 1000.0, "overshoot_cost": 65.41318476504442, "power_cost": 38.068146484375, "noise_cost": 28.793207018789754, "n_waypoints_completed": 0, "tot_waypoints": 9}}
{"target": -4485.680884234974, "params": {"k_pid_pos": [2.0, 0.0012048184871673584, 0.0], "k_pid_alt": [1.8957865238189697, 0.05250054597854614, 0.9594734907150269], "k_pid_att": [100.0, 1.5947329998016357, 0.9886869192123413], "k_pid_yaw": [0.5, 1e-06, 0.1], "k_pid_hsp": [0.040898971259593964, 0.0, 1.0], "k_pid_vsp": [0.0, 400.0, 400.0]}, "datetime": {"datetime": "2025-08-14 05:53:27", "elapsed": 72335.49476885796, "delta": 28.319719076156616}, "costs": {"total_cost": 4485.680884234974, "time_cost": 150, "final_distance_cost": 1253.5294438343833, "oscillation_cost": 786.4950906169884, "completition_cost": 1000.0, "overshoot_cost": 1233.0300905430015, "power_cost": 34.936956030273436, "noise_cost": 27.689303210328447, "n_waypoints_completed": 0, "tot_waypoints": 9}}
{"target": -2829.68869144095, "params": {"k_pid_pos": [1.935909390449524, 0.0, 0.0], "k_pid_alt": [1.9637702703475952, 0.0, 0.97858726978302], "k_pid_att": [100.0, 0.5393008589744568, 0.8877270221710205], "k_pid_yaw": [0.5, 1e-06, 0.1], "k_pid_hsp": [9.999999747378752e-05, 0.019886255264282227, 0.9317160248756409], "k_pid_vsp": [0.0, 400.0, 400.0]}, "datetime": {"datetime": "2025-08-14 05:53:56", "elapsed": 72364.90395021439, "delta": 29.409181356430054}, "costs": {"total_cost": 2829.68869144095, "time_cost": 150, "final_distance_cost": 238.62517573525912, "oscillation_cost": 814.1704053492949, "completition_cost": 1000.0, "overshoot_cost": 560.9986156306664, "power_cost": 36.8530826171875, "noise_cost": 29.041412108542318, "n_waypoints_completed": 0, "tot_waypoints": 9}}
{"target": -3882.284593639048, "params": {"k_pid_pos": [1.9884896278381348, 0.021295666694641113, 0.028942734003067017], "k_pid_alt": [1.978360652923584, 0.0, 0.9914349317550659], "k_pid_att": [96.87787628173828, 0.6843416690826416, 0.95885169506073], "k_pid_yaw": [0.5, 1e-06, 0.1], "k_pid_hsp": [0.09165897220373154, 0.0, 0.9493573904037476], "k_pid_vsp": [0.0, 400.0, 400.0]}, "datetime": {"datetime": "2025-08-14 05:54:26", "elapsed": 72394.3826611042, "delta": 29.478710889816284}, "costs": {"total_cost": 3882.284593639048, "time_cost": 150, "final_distance_cost": 469.68907375867076, "oscillation_cost": 866.3456949827329, "completition_cost": 1000.0, "overshoot_cost": 1335.9085778444055, "power_cost": 33.457344445800786, "noise_cost": 26.883902607438507, "n_waypoints_completed": 0, "tot_waypoints": 9}}
{"target": -3750.8493378010185, "params": {"k_pid_pos": [2.0, 0.001832127571105957, 0.007919251918792725], "k_pid_alt": [2.0, 0.0, 1.0], "k_pid_att": [100.0, 9.999999747378752e-05, 0.9444396495819092], "k_pid_yaw": [0.5, 1e-06, 0.1], "k_pid_hsp": [0.2617146670818329, 0.059655606746673584, 0.9163912534713745], "k_pid_vsp": [0.0, 390.51226806640625, 354.021240234375]}, "datetime": {"datetime": "2025-08-14 05:54:53", "elapsed": 72421.53120827675, "delta": 27.148547172546387}, "costs": {"total_cost": 3750.8493378010185, "time_cost": 150, "final_distance_cost": 863.2773851091752, "oscillation_cost": 793.7089848337131, "completition_cost": 1000.0, "overshoot_cost": 881.7166357280469, "power_cost": 34.091348828125, "noise_cost": 28.05498330195814, "n_waypoints_completed": 0, "tot_waypoints": 9}}
{"target": -2070.9862977528037, "params": {"k_pid_pos": [2.0, 0.0, 0.06963086128234863], "k_pid_alt": [2.0, 0.03196221590042114, 1.0], "k_pid_att": [100.0, 9.999999747378752e-05, 0.9373394846916199], "k_pid_yaw": [0.5, 1e-06, 0.1], "k_pid_hsp": [9.999999747378752e-05, 0.04752755165100098, 0.9976125955581665], "k_pid_vsp": [5.397343635559082, 400.0, 400.0]}, "datetime": {"datetime": "2025-08-14 05:55:22", "elapsed": 72450.27070498466, "delta": 28.73949670791626}, "costs": {"total_cost": 2070.9862977528037, "time_cost": 150, "final_distance_cost": 38.5574330779829, "oscillation_cost": 688.3463653399366, "completition_cost": 1000.0, "overshoot_cost": 128.83715506341167, "power_cost": 37.730939575195315, "noise_cost": 27.51440469627732, "n_waypoints_completed": 0, "tot_waypoints": 9}}
{"target": -3484.5929606081004, "params": {"k_pid_pos": [1.888076663017273, 0.06426239013671875, 0.00016865134239196777], "k_pid_alt": [2.0, 0.015966057777404785, 1.0], "k_pid_att": [100.0, 0.2845716178417206, 1.0], "k_pid_yaw": [0.5, 1e-06, 0.1], "k_pid_hsp": [9.999999747378752e-05, 0.0, 0.9334487318992615], "k_pid_vsp": [0.0, 367.3712158203125, 372.8848876953125]}, "datetime": {"datetime": "2025-08-14 05:55:51", "elapsed": 72479.62693023682, "delta": 29.35622525215149}, "costs": {"total_cost": 3484.5929606081004, "time_cost": 150, "final_distance_cost": 265.1118255886478, "oscillation_cost": 812.6614394541425, "completition_cost": 1000.0, "overshoot_cost": 1190.8038303296855, "power_cost": 37.337643273925785, "noise_cost": 28.67822196169856, "n_waypoints_completed": 0, "tot_waypoints": 9}}
{"target": -2297.2313049462255, "params": {"k_pid_pos": [1.9914026260375977, 0.0, 0.0], "k_pid_alt": [2.0, 0.06337976455688477, 1.0], "k_pid_att": [100.0, 9.999999747378752e-05, 1.0], "k_pid_yaw": [0.5, 1e-06, 0.1], "k_pid_hsp": [9.999999747378752e-05, 0.01740032434463501, 1.0], "k_pid_vsp": [34.43064880371094, 389.82586669921875, 392.8060607910156]}, "datetime": {"datetime": "2025-08-14 05:56:18", "elapsed": 72506.51212859154, "delta": 26.88519835472107}, "costs": {"total_cost": 2297.2313049462255, "time_cost": 150, "final_distance_cost": 116.72165684696651, "oscillation_cost": 786.1916784179401, "completition_cost": 888.8888888888888, "overshoot_cost": 292.83087937850814, "power_cost": 34.677467407226565, "noise_cost": 27.920734006695252, "n_waypoints_completed": 1, "tot_waypoints": 9}}
{"target": -4515.906177820078, "params": {"k_pid_pos": [1.9544310569763184, 0.0, 0.0018309056758880615], "k_pid_alt": [2.0, 0.0, 0.9998718500137329], "k_pid_att": [100.0, 9.999999747378752e-05, 0.9900954961776733], "k_pid_yaw": [0.5, 1e-06, 0.1], "k_pid_hsp": [9.999999747378752e-05, 0.0065582990646362305, 1.0], "k_pid_vsp": [0.0, 400.0, 394.9012145996094]}, "datetime": {"datetime": "2025-08-14 05:56:49", "elapsed": 72537.74805378914, "delta": 31.23592519760132}, "costs": {"total_cost": 4515.906177820078, "time_cost": 150, "final_distance_cost": 1193.3976002670447, "oscillation_cost": 819.9947971416691, "completition_cost": 1000.0, "overshoot_cost": 1291.4021091927093, "power_cost": 33.53487198486328, "noise_cost": 27.576799233790748, "n_waypoints_completed": 0, "tot_waypoints": 9}}
{"target": -2074.7580499364126, "params": {"k_pid_pos": [2.0, 0.0, 0.0], "k_pid_alt": [2.0, 0.0, 1.0], "k_pid_att": [100.0, 9.999999747378752e-05, 1.0], "k_pid_yaw": [0.5, 1e-06, 0.1], "k_pid_hsp": [9.999999747378752e-05, 0.0, 1.0], "k_pid_vsp": [0.0, 400.0, 400.0]}, "datetime": {"datetime": "2025-08-14 05:57:18", "elapsed": 72566.39766216278, "delta": 28.649608373641968}, "costs": {"total_cost": 2074.7580499364126, "time_cost": 150, "final_distance_cost": 40.86775117020037, "oscillation_cost": 707.4596351416993, "completition_cost": 1000.0, "overshoot_cost": 106.03679600983956, "power_cost": 41.129237573242186, "noise_cost": 29.264630041431133, "n_waypoints_completed": 0, "tot_waypoints": 9}}
