{"target": -1988.5996630837906, "params": {"k_pid_pos": [1.1036065816879272, 0.0, 0.3648706078529358], "k_pid_alt": [0.42006295919418335, 0.9402778148651123, 0.7606474161148071], "k_pid_att": [81.60358428955078, 6.668492317199707, 1.0], "k_pid_yaw": [0.5, 1e-06, 0.1], "k_pid_hsp": [7.75536584854126, 0.7017111778259277, 0.15510612726211548], "k_pid_vsp": [0.0, 400.0, 391.01910400390625]}, "datetime": {"datetime": "2025-08-13 10:37:03", "elapsed": 2952.0284147262573, "delta": 52.610093116760254}, "costs": {"total_cost": 1988.5996630837906, "time_cost": 150, "final_distance_cost": 240.22236436342575, "oscillation_cost": 550.7991580568065, "completition_cost": 777.7777777777778, "overshoot_cost": 194.1008245240381, "power_cost": 36.88487556152344, "noise_cost": 38.81466280021919, "n_waypoints_completed": 2, "tot_waypoints": 9}}
{"target": -1394.1116723773418, "params": {"k_pid_pos": [0.6458282470703125, 0.7692509889602661, 0.9347674250602722], "k_pid_alt": [0.1590399146080017, 0.1273525059223175, 0.2148650884628296], "k_pid_att": [27.55343246459961, 7.474306583404541, 0.8302190899848938], "k_pid_yaw": [0.5, 1e-06, 0.1], "k_pid_hsp": [2.0712153911590576, 0.3934170603752136, 0.584592878818512], "k_pid_vsp": [280.50885009765625, 259.5981140136719, 116.67003631591797]}, "datetime": {"datetime": "2025-08-13 10:37:57", "elapsed": 3005.2816166877747, "delta": 53.253201961517334}, "costs": {"total_cost": 1394.1116723773418, "time_cost": 150, "final_distance_cost": 52.91280665891497, "oscillation_cost": 398.90562862403556, "completition_cost": 666.6666666666667, "overshoot_cost": 54.71562989231445, "power_cost": 39.01771538085938, "noise_cost": 31.893225154550915, "n_waypoints_completed": 3, "tot_waypoints": 9}}
{"target": -1446.219306365281, "params": {"k_pid_pos": [1.0140025615692139, 0.1828288435935974, 0.17716985940933228], "k_pid_alt": [0.9583041071891785, 0.4894999861717224, 0.40859881043434143], "k_pid_att": [84.80474090576172, 7.890959739685059, 1.0], "k_pid_yaw": [0.5, 1e-06, 0.1], "k_pid_hsp": [0.3539420962333679, 0.6668444871902466, 0.1314527988433838], "k_pid_vsp": [281.92596435546875, 134.76107788085938, 372.86224365234375]}, "datetime": {"datetime": "2025-08-13 10:38:48", "elapsed": 3056.679619073868, "delta": 51.39800238609314}, "costs": {"total_cost": 1446.219306365281, "time_cost": 150, "final_distance_cost": 63.86613387163513, "oscillation_cost": 151.87097871954424, "completition_cost": 888.8888888888888, "overshoot_cost": 118.24219337084526, "power_cost": 35.91324034423828, "noise_cost": 37.437871170129206, "n_waypoints_completed": 1, "tot_waypoints": 9}}
{"target": -1324.3967081651233, "params": {"k_pid_pos": [9.999999747378752e-05, 0.14919453859329224, 0.02207660675048828], "k_pid_alt": [0.6541677713394165, 0.20529159903526306, 0.9557356834411621], "k_pid_att": [4.190498352050781, 9.516742706298828, 1.0], "k_pid_yaw": [0.5, 1e-06, 0.1], "k_pid_hsp": [8.536839485168457, 0.06088480353355408, 0.0], "k_pid_vsp": [0.0, 400.0, 16.408599853515625]}, "datetime": {"datetime": "2025-08-13 10:39:43", "elapsed": 3112.0227880477905, "delta": 55.34316897392273}, "costs": {"total_cost": 1324.3967081651233, "time_cost": 150, "final_distance_cost": 67.67981199229148, "oscillation_cost": 109.13257658404936, "completition_cost": 888.8888888888888, "overshoot_cost": 48.75452089242799, "power_cost": 33.14463305664063, "noise_cost": 26.796276750824912, "n_waypoints_completed": 1, "tot_waypoints": 9}}
{"target": -4577.213467777406, "params": {"k_pid_pos": [9.999999747378752e-05, 0.087217777967453, 0.02565094828605652], "k_pid_alt": [0.6183884739875793, 0.1393793225288391, 0.9597568511962891], "k_pid_att": [0.0, 10.0, 0.9761865139007568], "k_pid_yaw": [0.5, 1e-06, 0.1], "k_pid_hsp": [9.777789115905762, 0.01445692777633667, 0.07894539833068848], "k_pid_vsp": [0.0, 395.884033203125, 57.09868621826172]}, "datetime": {"datetime": "2025-08-13 10:40:35", "elapsed": 3163.4822900295258, "delta": 51.45950198173523}, "costs": {"total_cost": 4577.213467777406, "time_cost": 150, "final_distance_cost": 461.5945999097016, "oscillation_cost": 1501.2708947848716, "completition_cost": 1000.0, "overshoot_cost": 1257.387608331922, "power_cost": 52.83866455078125, "noise_cost": 154.1217002001283, "n_waypoints_completed": 0, "tot_waypoints": 9}}
{"target": -3449.6934416805707, "params": {"k_pid_pos": [0.12985646724700928, 0.0, 0.010540664196014404], "k_pid_alt": [1.9840713739395142, 0.0, 1.0], "k_pid_att": [0.0, 9.585238456726074, 1.0], "k_pid_yaw": [0.5, 1e-06, 0.1], "k_pid_hsp": [5.027385711669922, 0.0, 0.016981422901153564], "k_pid_vsp": [0.0, 365.3418273925781, 362.993896484375]}, "datetime": {"datetime": "2025-08-13 10:41:27", "elapsed": 3215.1843123435974, "delta": 51.702022314071655}, "costs": {"total_cost": 3449.6934416805707, "time_cost": 150, "final_distance_cost": 179.09777061744524, "oscillation_cost": 1407.1717023248548, "completition_cost": 1000.0, "overshoot_cost": 500.6594886771557, "power_cost": 52.018164587402346, "noise_cost": 160.74631547371237, "n_waypoints_completed": 0, "tot_waypoints": 9}}
{"target": -13164.33051394293, "params": {"k_pid_pos": [0.05510411411523819, 0.017056643962860107, 0.0], "k_pid_alt": [2.0, 0.0, 1.0], "k_pid_att": [0.0, 10.0, 0.9822195768356323], "k_pid_yaw": [0.5, 1e-06, 0.1], "k_pid_hsp": [6.391633987426758, 0.0, 0.0], "k_pid_vsp": [0.0, 397.4936828613281, 372.6961669921875]}, "datetime": {"datetime": "2025-08-13 10:42:19", "elapsed": 3267.9945001602173, "delta": 52.81018781661987}, "costs": {"total_cost": 13164.33051394293, "time_cost": 150, "final_distance_cost": 3625.8356518621154, "oscillation_cost": 1850.2407608001197, "completition_cost": 1000.0, "overshoot_cost": 6339.564294934308, "power_cost": 54.0343908569336, "noise_cost": 144.6554154894537, "n_waypoints_completed": 0, "tot_waypoints": 9}}
{"target": -1709.4242214075168, "params": {"k_pid_pos": [1.9868216514587402, 0.09654638171195984, 0.0], "k_pid_alt": [1.8947980403900146, 0.0, 1.0], "k_pid_att": [4.977712154388428, 9.804397583007812, 1.0], "k_pid_yaw": [0.5, 1e-06, 0.1], "k_pid_hsp": [0.08042927086353302, 0.0, 0.12176614999771118], "k_pid_vsp": [11.98016357421875, 380.7463073730469, 387.4468688964844]}, "datetime": {"datetime": "2025-08-13 10:43:13", "elapsed": 3321.999470472336, "delta": 54.00497031211853}, "costs": {"total_cost": 1709.4242214075168, "time_cost": 150, "final_distance_cost": 55.36951962189284, "oscillation_cost": 332.9509464678103, "completition_cost": 888.8888888888888, "overshoot_cost": 146.94854775695399, "power_cost": 36.81016239013672, "noise_cost": 98.45615628183447, "n_waypoints_completed": 1, "tot_waypoints": 9}}
{"target": -1469.5026527578839, "params": {"k_pid_pos": [1.9047162532806396, 0.0, 0.0018672943115234375], "k_pid_alt": [1.9604535102844238, 0.0, 1.0], "k_pid_att": [0.8119165897369385, 10.0, 1.0], "k_pid_yaw": [0.5, 1e-06, 0.1], "k_pid_hsp": [9.999999747378752e-05, 0.0, 0.0], "k_pid_vsp": [0.0, 386.515625, 355.0003662109375]}, "datetime": {"datetime": "2025-08-13 10:44:06", "elapsed": 3374.2380957603455, "delta": 52.238625288009644}, "costs": {"total_cost": 1469.5026527578839, "time_cost": 150, "final_distance_cost": 6.868157144494326, "oscillation_cost": 6.032027623548462, "completition_cost": 1000.0, "overshoot_cost": 164.03149133604165, "power_cost": 29.15435026855469, "noise_cost": 113.41662638524457, "n_waypoints_completed": 0, "tot_waypoints": 9}}
{"target": -14786.926767420513, "params": {"k_pid_pos": [2.0, 0.06967958807945251, 0.02062743902206421], "k_pid_alt": [2.0, 0.0, 0.9918872117996216], "k_pid_att": [0.2211153507232666, 10.0, 1.0], "k_pid_yaw": [0.5, 1e-06, 0.1], "k_pid_hsp": [0.29386717081069946, 0.0, 0.4057575762271881], "k_pid_vsp": [2.047908306121826, 400.0, 400.0]}, "datetime": {"datetime": "2025-08-13 10:44:58", "elapsed": 3426.3319439888, "delta": 52.09384822845459}, "costs": {"total_cost": 14786.926767420513, "time_cost": 150, "final_distance_cost": 3394.096116468239, "oscillation_cost": 1986.970348180172, "completition_cost": 1000.0, "overshoot_cost": 8060.720111783039, "power_cost": 53.23816286621094, "noise_cost": 141.9020281228507, "n_waypoints_completed": 0, "tot_waypoints": 9}}
{"target": -2335.4387086912398, "params": {"k_pid_pos": [1.9834100008010864, 0.0, 0.0], "k_pid_alt": [2.0, 0.030600160360336304, 1.0], "k_pid_att": [1.5724748373031616, 10.0, 0.9699310064315796], "k_pid_yaw": [0.5, 1e-06, 0.1], "k_pid_hsp": [0.31635311245918274, 0.08719480037689209, 0.38396960496902466], "k_pid_vsp": [19.41573715209961, 400.0, 392.43487548828125]}, "datetime": {"datetime": "2025-08-13 10:45:49", "elapsed": 3477.7714273929596, "delta": 51.439483404159546}, "costs": {"total_cost": 2335.4387086912398, "time_cost": 150, "final_distance_cost": 19.930806313593898, "oscillation_cost": 692.4673392563249, "completition_cost": 1000.0, "overshoot_cost": 261.99994940142676, "power_cost": 49.7319601928711, "noise_cost": 161.30865352702324, "n_waypoints_completed": 0, "tot_waypoints": 9}}
{"target": -31424.310383496297, "params": {"k_pid_pos": [2.0, 0.06275367736816406, 0.0], "k_pid_alt": [2.0, 0.028025567531585693, 1.0], "k_pid_att": [0.0, 10.0, 1.0], "k_pid_yaw": [0.5, 1e-06, 0.1], "k_pid_hsp": [0.2950470447540283, 0.0, 0.988582968711853], "k_pid_vsp": [0.0, 400.0, 400.0]}, "datetime": {"datetime": "2025-08-13 10:46:42", "elapsed": 3530.713893890381, "delta": 52.942466497421265}, "costs": {"total_cost": 31424.310383496297, "time_cost": 150, "final_distance_cost": 8130.355002382762, "oscillation_cost": 2356.7362925747702, "completition_cost": 1000.0, "overshoot_cost": 19583.179634977634, "power_cost": 57.86470150146484, "noise_cost": 146.1747520596667, "n_waypoints_completed": 0, "tot_waypoints": 9}}
{"target": -5528.5173087465655, "params": {"k_pid_pos": [2.0, 0.0, 0.033271342515945435], "k_pid_alt": [2.0, 0.0, 1.0], "k_pid_att": [0.0, 10.0, 1.0], "k_pid_yaw": [0.5, 1e-06, 0.1], "k_pid_hsp": [9.999999747378752e-05, 0.0, 1.0], "k_pid_vsp": [0.0, 394.40704345703125, 375.36163330078125]}, "datetime": {"datetime": "2025-08-13 10:47:37", "elapsed": 3586.0359394550323, "delta": 55.32204556465149}, "costs": {"total_cost": 5528.5173087465655, "time_cost": 150, "final_distance_cost": 1001.9103450199293, "oscillation_cost": 2022.006187528818, "completition_cost": 1000.0, "overshoot_cost": 1156.778911421101, "power_cost": 53.758596887207034, "noise_cost": 144.06326788951034, "n_waypoints_completed": 0, "tot_waypoints": 9}}
{"target": -2646.552721681541, "params": {"k_pid_pos": [1.9959582090377808, 0.0, 0.006050050258636475], "k_pid_alt": [1.958164095878601, 0.04800155758857727, 1.0], "k_pid_att": [8.239519119262695, 10.0, 1.0], "k_pid_yaw": [0.5, 1e-06, 0.1], "k_pid_hsp": [0.015836361795663834, 0.0, 0.9693095684051514], "k_pid_vsp": [0.0, 400.0, 400.0]}, "datetime": {"datetime": "2025-08-13 10:48:31", "elapsed": 3639.847281217575, "delta": 53.811341762542725}, "costs": {"total_cost": 2646.552721681541, "time_cost": 150, "final_distance_cost": 531.1153744268593, "oscillation_cost": 391.65515432060107, "completition_cost": 1000.0, "overshoot_cost": 515.7198306717157, "power_cost": 29.892816442871094, "noise_cost": 28.169545819494168, "n_waypoints_completed": 0, "tot_waypoints": 9}}
{"target": -2177.965871276086, "params": {"k_pid_pos": [2.0, 0.0, 0.1040666401386261], "k_pid_alt": [1.9040367603302002, 0.032504647970199585, 0.9949781894683838], "k_pid_att": [1.5562891960144043, 9.73092269897461, 0.9421267509460449], "k_pid_yaw": [0.5, 1e-06, 0.1], "k_pid_hsp": [9.999999747378752e-05, 0.0, 1.0], "k_pid_vsp": [16.93429946899414, 366.6000061035156, 400.0]}, "datetime": {"datetime": "2025-08-13 10:49:24", "elapsed": 3692.496009349823, "delta": 52.648728132247925}, "costs": {"total_cost": 2177.965871276086, "time_cost": 150, "final_distance_cost": 14.611184676052156, "oscillation_cost": 652.6302545477325, "completition_cost": 1000.0, "overshoot_cost": 161.5943757028461, "power_cost": 50.575995727539066, "noise_cost": 148.55406062191622, "n_waypoints_completed": 0, "tot_waypoints": 9}}
{"target": -5328.094467756158, "params": {"k_pid_pos": [1.8233678340911865, 0.0, 0.0635308027267456], "k_pid_alt": [2.0, 0.0, 1.0], "k_pid_att": [0.0, 5.01873254776001, 1.0], "k_pid_yaw": [0.5, 1e-06, 0.1], "k_pid_hsp": [0.27842584252357483, 0.044661760330200195, 1.0], "k_pid_vsp": [1.7434358596801758, 400.0, 400.0]}, "datetime": {"datetime": "2025-08-13 10:50:17", "elapsed": 3746.069908618927, "delta": 53.573899269104004}, "costs": {"total_cost": 5328.094467756158, "time_cost": 150, "final_distance_cost": 857.5678253729192, "oscillation_cost": 1318.1575201683952, "completition_cost": 1000.0, "overshoot_cost": 1786.8744049076388, "power_cost": 52.55558294677735, "noise_cost": 162.93913436042703, "n_waypoints_completed": 0, "tot_waypoints": 9}}
{"target": -5947.461527143898, "params": {"k_pid_pos": [2.0, 0.0, 0.0], "k_pid_alt": [2.0, 0.02887892723083496, 0.9892244338989258], "k_pid_att": [4.427647590637207, 4.664962291717529, 1.0], "k_pid_yaw": [0.5, 1e-06, 0.1], "k_pid_hsp": [0.7366728186607361, 0.0, 0.9907820224761963], "k_pid_vsp": [8.685612678527832, 389.0052185058594, 400.0]}, "datetime": {"datetime": "2025-08-13 10:51:10", "elapsed": 3798.5683994293213, "delta": 52.49849081039429}, "costs": {"total_cost": 5947.461527143898, "time_cost": 150, "final_distance_cost": 1666.4933005357072, "oscillation_cost": 132.12284650533664, "completition_cost": 888.8888888888888, "overshoot_cost": 3051.042610942007, "power_cost": 30.413477746582032, "noise_cost": 28.500402525376114, "n_waypoints_completed": 1, "tot_waypoints": 9}}
{"target": -3694.167202005055, "params": {"k_pid_pos": [2.0, 0.01662728190422058, 0.0], "k_pid_alt": [2.0, 0.0, 0.9633777141571045], "k_pid_att": [0.0, 9.999999747378752e-05, 0.9795849323272705], "k_pid_yaw": [0.5, 1e-06, 0.1], "k_pid_hsp": [0.20230554044246674, 0.0, 0.9699718952178955], "k_pid_vsp": [0.0, 378.5761413574219, 368.7388000488281]}, "datetime": {"datetime": "2025-08-13 10:52:03", "elapsed": 3851.30459189415, "delta": 52.73619246482849}, "costs": {"total_cost": 3694.167202005055, "time_cost": 150, "final_distance_cost": 701.4634405120431, "oscillation_cost": 1.6060205909932246, "completition_cost": 1000.0, "overshoot_cost": 1698.5077975139623, "power_cost": 29.24412322998047, "noise_cost": 113.34582015807557, "n_waypoints_completed": 0, "tot_waypoints": 9}}
{"target": -5767.481016008961, "params": {"k_pid_pos": [1.9293663501739502, 0.030571848154067993, 0.0], "k_pid_alt": [1.9569073915481567, 0.02529028058052063, 0.9865601658821106], "k_pid_att": [1.5376687049865723, 9.999999747378752e-05, 1.0], "k_pid_yaw": [0.5, 1e-06, 0.1], "k_pid_hsp": [0.17594625055789948, 0.0, 0.9799706935882568], "k_pid_vsp": [7.4082136154174805, 370.6580505371094, 394.8604736328125]}, "datetime": {"datetime": "2025-08-13 10:52:56", "elapsed": 3904.6577484607697, "delta": 53.35315656661987}, "costs": {"total_cost": 5767.481016008961, "time_cost": 150, "final_distance_cost": 1584.3193931620388, "oscillation_cost": 73.72866193890502, "completition_cost": 888.8888888888888, "overshoot_cost": 3009.867984797872, "power_cost": 32.690657434082034, "noise_cost": 27.985429787174905, "n_waypoints_completed": 1, "tot_waypoints": 9}}
{"target": -1648.877038709877, "params": {"k_pid_pos": [1.8907485008239746, 0.0, 0.021596401929855347], "k_pid_alt": [1.9263279438018799, 0.012716323137283325, 0.9836227893829346], "k_pid_att": [7.532155513763428, 9.999999747378752e-05, 0.9914742708206177], "k_pid_yaw": [0.5, 1e-06, 0.1], "k_pid_hsp": [0.19351036846637726, 0.0, 0.9706368446350098], "k_pid_vsp": [0.0, 400.0, 400.0]}, "datetime": {"datetime": "2025-08-13 10:53:52", "elapsed": 3960.282136440277, "delta": 55.624387979507446}, "costs": {"total_cost": 1648.877038709877, "time_cost": 150, "final_distance_cost": 54.747368978253206, "oscillation_cost": 277.20686672671184, "completition_cost": 888.8888888888888, "overshoot_cost": 171.21292607140742, "power_cost": 31.629069018554688, "noise_cost": 75.19191902606096, "n_waypoints_completed": 1, "tot_waypoints": 9}}
{"target": -2934.9940468919613, "params": {"k_pid_pos": [1.9077144861221313, 0.0006002187728881836, 0.0], "k_pid_alt": [2.0, 0.01279228925704956, 0.9300128817558289], "k_pid_att": [7.883426666259766, 9.999999747378752e-05, 0.8778265118598938], "k_pid_yaw": [0.5, 1e-06, 0.1], "k_pid_hsp": [0.7580066323280334, 0.025765299797058105, 0.8897164463996887], "k_pid_vsp": [18.899822235107422, 369.41082763671875, 400.0]}, "datetime": {"datetime": "2025-08-13 10:54:46", "elapsed": 4014.1198093891144, "delta": 53.83767294883728}, "costs": {"total_cost": 2934.9940468919613, "time_cost": 150, "final_distance_cost": 715.9621158081737, "oscillation_cost": 270.3960145992877, "completition_cost": 666.6666666666667, "overshoot_cost": 1077.2903213706124, "power_cost": 26.772191064453125, "noise_cost": 27.906737382767442, "n_waypoints_completed": 3, "tot_waypoints": 9}}
{"target": -4004.5167023275426, "params": {"k_pid_pos": [1.9579424858093262, 0.0, 0.007280915975570679], "k_pid_alt": [2.0, 0.08683586120605469, 1.0], "k_pid_att": [2.4404585361480713, 0.3285406529903412, 1.0], "k_pid_yaw": [0.5, 1e-06, 0.1], "k_pid_hsp": [9.999999747378752e-05, 0.07374027371406555, 1.0], "k_pid_vsp": [16.507184982299805, 372.5257568359375, 375.2691345214844]}, "datetime": {"datetime": "2025-08-13 10:55:42", "elapsed": 4070.1815395355225, "delta": 56.06173014640808}, "costs": {"total_cost": 4004.5167023275426, "time_cost": 150, "final_distance_cost": 944.863572411522, "oscillation_cost": 74.36799796911482, "completition_cost": 888.8888888888888, "overshoot_cost": 1887.1131531685253, "power_cost": 32.139725878906255, "noise_cost": 27.14336401058557, "n_waypoints_completed": 1, "tot_waypoints": 9}}
{"target": -4153.838924251896, "params": {"k_pid_pos": [2.0, 0.03401172161102295, 0.0], "k_pid_alt": [1.9488296508789062, 0.0, 0.9610209465026855], "k_pid_att": [0.0, 9.999999747378752e-05, 1.0], "k_pid_yaw": [0.5, 1e-06, 0.1], "k_pid_hsp": [0.15946811437606812, 0.003700345754623413, 1.0], "k_pid_vsp": [14.769161224365234, 400.0, 376.3962707519531]}, "datetime": {"datetime": "2025-08-13 10:56:36", "elapsed": 4124.5265526771545, "delta": 54.34501314163208}, "costs": {"total_cost": 4153.838924251896, "time_cost": 150, "final_distance_cost": 1007.0592126248653, "oscillation_cost": 0.9646220596824042, "completition_cost": 1000.0, "overshoot_cost": 1939.17144260384, "power_cost": 29.193742724609375, "noise_cost": 27.449904238898693, "n_waypoints_completed": 0, "tot_waypoints": 9}}
{"target": -5112.930913378291, "params": {"k_pid_pos": [2.0, 0.08707430958747864, 0.020084381103515625], "k_pid_alt": [2.0, 0.0, 1.0], "k_pid_att": [1.9680410623550415, 0.16101036965847015, 1.0], "k_pid_yaw": [0.5, 1e-06, 0.1], "k_pid_hsp": [9.999999747378752e-05, 0.05718880891799927, 1.0], "k_pid_vsp": [17.493772506713867, 400.0, 400.0]}, "datetime": {"datetime": "2025-08-13 10:57:28", "elapsed": 4176.170124292374, "delta": 51.643571615219116}, "costs": {"total_cost": 5112.930913378291, "time_cost": 150, "final_distance_cost": 1313.1443400237815, "oscillation_cost": 71.69248970764258, "completition_cost": 888.8888888888888, "overshoot_cost": 2631.6493260107995, "power_cost": 30.78767839355469, "noise_cost": 26.768190353624302, "n_waypoints_completed": 1, "tot_waypoints": 9}}
{"target": -5693.2613404720405, "params": {"k_pid_pos": [1.9036993980407715, 0.0, 0.0], "k_pid_alt": [2.0, 0.032966405153274536, 0.9871665239334106], "k_pid_att": [0.0, 0.13435007631778717, 0.9705505967140198], "k_pid_yaw": [0.5, 1e-06, 0.1], "k_pid_hsp": [0.5186164975166321, 0.0, 0.9590940475463867], "k_pid_vsp": [28.811145782470703, 398.2909240722656, 400.0]}, "datetime": {"datetime": "2025-08-13 10:58:21", "elapsed": 4229.307454824448, "delta": 53.137330532073975}, "costs": {"total_cost": 5693.2613404720405, "time_cost": 150, "final_distance_cost": 1655.7266391547064, "oscillation_cost": 331.1217685260838, "completition_cost": 1000.0, "overshoot_cost": 2338.6761839484398, "power_cost": 53.132646508789065, "noise_cost": 164.6041023340223, "n_waypoints_completed": 0, "tot_waypoints": 9}}
{"target": -3915.017841918979, "params": {"k_pid_pos": [1.8992059230804443, 0.09309494495391846, 0.0], "k_pid_alt": [1.9764411449432373, 0.0, 0.994554877281189], "k_pid_att": [0.0, 0.07412078231573105, 1.0], "k_pid_yaw": [0.5, 1e-06, 0.1], "k_pid_hsp": [9.999999747378752e-05, 0.0, 1.0], "k_pid_vsp": [0.0, 383.3656921386719, 400.0]}, "datetime": {"datetime": "2025-08-13 10:59:14", "elapsed": 4282.75098657608, "delta": 53.44353175163269}, "costs": {"total_cost": 3915.017841918979, "time_cost": 150, "final_distance_cost": 538.1493516119697, "oscillation_cost": 168.74793576806795, "completition_cost": 1000.0, "overshoot_cost": 1862.2641549726734, "power_cost": 45.895478247070315, "noise_cost": 149.96092131919738, "n_waypoints_completed": 0, "tot_waypoints": 9}}
{"target": -6985.6982710299, "params": {"k_pid_pos": [2.0, 0.059652626514434814, 0.03071439266204834], "k_pid_alt": [2.0, 0.0759630799293518, 0.9943441152572632], "k_pid_att": [0.0, 0.03919459506869316, 1.0], "k_pid_yaw": [0.5, 1e-06, 0.1], "k_pid_hsp": [0.5920835733413696, 0.027981728315353394, 0.960033655166626], "k_pid_vsp": [7.9535603523254395, 399.4576721191406, 397.29248046875]}, "datetime": {"datetime": "2025-08-13 11:00:07", "elapsed": 4335.907341003418, "delta": 53.15635442733765}, "costs": {"total_cost": 6985.6982710299, "time_cost": 150, "final_distance_cost": 1839.5418548812322, "oscillation_cost": 54.18690293935262, "completition_cost": 1000.0, "overshoot_cost": 3748.3975700200613, "power_cost": 47.12677946777344, "noise_cost": 146.44516372148092, "n_waypoints_completed": 0, "tot_waypoints": 9}}
