{"target": -4352.36200028455, "params": {"k_pid_pos": [1.9746862649917603, 0.06391820311546326, 0.0], "k_pid_alt": [2.0, 0.05008247494697571, 1.0], "k_pid_att": [91.83849334716797, 0.78779137134552, 1.0], "k_pid_yaw": [0.5, 1e-06, 0.1], "k_pid_hsp": [9.999999747378752e-05, 0.0, 1.0], "k_pid_vsp": [0.0, 400.0, 375.7096862792969]}, "datetime": {"datetime": "2025-08-13 14:17:00", "elapsed": 16148.611442804337, "delta": 29.525318145751953}, "costs": {"total_cost": 4352.36200028455, "time_cost": 150, "final_distance_cost": 1193.9520028967265, "oscillation_cost": 780.0668841908449, "completition_cost": 888.8888888888888, "overshoot_cost": 1276.5580564173138, "power_cost": 34.99102014160157, "noise_cost": 27.905147749175185, "n_waypoints_completed": 1, "tot_waypoints": 9}}
{"target": -2125.859372843795, "params": {"k_pid_pos": [1.9928429126739502, 0.0, 0.02994704246520996], "k_pid_alt": [1.897085189819336, 0.01778736710548401, 1.0], "k_pid_att": [100.0, 9.999999747378752e-05, 1.0], "k_pid_yaw": [0.5, 1e-06, 0.1], "k_pid_hsp": [0.32299569249153137, 0.02209949493408203, 0.9904265403747559], "k_pid_vsp": [7.478988170623779, 397.8232116699219, 400.0]}, "datetime": {"datetime": "2025-08-13 14:17:30", "elapsed": 16178.87104511261, "delta": 30.259602308273315}, "costs": {"total_cost": 2125.859372843795, "time_cost": 150, "final_distance_cost": 197.76984408303036, "oscillation_cost": 714.4058970713901, "completition_cost": 888.8888888888888, "overshoot_cost": 111.57743205993677, "power_cost": 35.27176767578125, "noise_cost": 27.945543064768337, "n_waypoints_completed": 1, "tot_waypoints": 9}}
{"target": -2210.538149638943, "params": {"k_pid_pos": [1.9485290050506592, 0.0, 0.017329007387161255], "k_pid_alt": [2.0, 0.0, 1.0], "k_pid_att": [93.70524597167969, 9.999999747378752e-05, 1.0], "k_pid_yaw": [0.5, 1e-06, 0.1], "k_pid_hsp": [9.999999747378752e-05, 0.04998716711997986, 0.9690549373626709], "k_pid_vsp": [1.1760711669921875, 396.6573486328125, 400.0]}, "datetime": {"datetime": "2025-08-13 14:18:00", "elapsed": 16208.74299287796, "delta": 29.871947765350342}, "costs": {"total_cost": 2210.538149638943, "time_cost": 150, "final_distance_cost": 78.16908746020643, "oscillation_cost": 699.8564077058811, "completition_cost": 1000.0, "overshoot_cost": 215.81220760743966, "power_cost": 37.98126025390625, "noise_cost": 28.719186611509375, "n_waypoints_completed": 0, "tot_waypoints": 9}}
{"target": -6407.990487123364, "params": {"k_pid_pos": [1.9085431098937988, 0.0, 0.0], "k_pid_alt": [2.0, 0.0, 0.9652562141418457], "k_pid_att": [100.0, 0.38022807240486145, 0.9006540775299072], "k_pid_yaw": [0.5, 1e-06, 0.1], "k_pid_hsp": [0.5035792589187622, 0.003853321075439453, 1.0], "k_pid_vsp": [2.205061912536621, 400.0, 400.0]}, "datetime": {"datetime": "2025-08-13 14:18:32", "elapsed": 16240.281804084778, "delta": 31.538811206817627}, "costs": {"total_cost": 6407.990487123364, "time_cost": 150, "final_distance_cost": 1435.6357489528555, "oscillation_cost": 803.9619290239535, "completition_cost": 1000.0, "overshoot_cost": 2955.747312499776, "power_cost": 34.52828896484375, "noise_cost": 28.117207681935685, "n_waypoints_completed": 0, "tot_waypoints": 9}}
{"target": -4164.88557672133, "params": {"k_pid_pos": [2.0, 0.04766020178794861, 0.0], "k_pid_alt": [2.0, 0.0, 0.9259844422340393], "k_pid_att": [94.9244384765625, 9.999999747378752e-05, 0.9561042785644531], "k_pid_yaw": [0.5, 1e-06, 0.1], "k_pid_hsp": [9.999999747378752e-05, 0.0, 0.97948157787323], "k_pid_vsp": [0.0, 400.0, 400.0]}, "datetime": {"datetime": "2025-08-13 14:19:04", "elapsed": 16273.035071134567, "delta": 32.75326704978943}, "costs": {"total_cost": 4164.88557672133, "time_cost": 150, "final_distance_cost": 992.7589245727834, "oscillation_cost": 682.9340630365837, "completition_cost": 1000.0, "overshoot_cost": 1273.4957111242231, "power_cost": 36.71076876220703, "noise_cost": 28.986109225532413, "n_waypoints_completed": 0, "tot_waypoints": 9}}
{"target": -3216.262636189774, "params": {"k_pid_pos": [1.9828170537948608, 0.0, 0.0], "k_pid_alt": [1.9926657676696777, 0.0, 0.9499609470367432], "k_pid_att": [100.0, 9.999999747378752e-05, 1.0], "k_pid_yaw": [0.5, 1e-06, 0.1], "k_pid_hsp": [9.999999747378752e-05, 0.10956248641014099, 1.0], "k_pid_vsp": [0.0, 400.0, 391.1185302734375]}, "datetime": {"datetime": "2025-08-13 14:19:41", "elapsed": 16309.923142910004, "delta": 36.8880717754364}, "costs": {"total_cost": 3216.262636189774, "time_cost": 150, "final_distance_cost": 289.9092656602058, "oscillation_cost": 808.4122863928447, "completition_cost": 1000.0, "overshoot_cost": 904.5450603295722, "power_cost": 35.44434362792969, "noise_cost": 27.951680179221928, "n_waypoints_completed": 0, "tot_waypoints": 9}}
{"target": -2667.657698695174, "params": {"k_pid_pos": [1.9873437881469727, 0.031673431396484375, 0.003987044095993042], "k_pid_alt": [2.0, 0.0, 0.9976639747619629], "k_pid_att": [100.0, 9.999999747378752e-05, 0.9410175085067749], "k_pid_yaw": [0.5, 1e-06, 0.1], "k_pid_hsp": [0.27969780564308167, 0.0, 0.9731746315956116], "k_pid_vsp": [0.0, 371.4178466796875, 394.220458984375]}, "datetime": {"datetime": "2025-08-13 14:20:15", "elapsed": 16343.744160175323, "delta": 33.821017265319824}, "costs": {"total_cost": 2667.657698695174, "time_cost": 150, "final_distance_cost": 415.7864992714554, "oscillation_cost": 752.8011390619099, "completition_cost": 888.8888888888888, "overshoot_cost": 396.24216736984766, "power_cost": 35.641480078125, "noise_cost": 28.297524024947407, "n_waypoints_completed": 1, "tot_waypoints": 9}}
{"target": -2195.9092096052054, "params": {"k_pid_pos": [1.8336795568466187, 0.03612270951271057, 0.0], "k_pid_alt": [2.0, 0.0, 0.9739289283752441], "k_pid_att": [100.0, 0.07918891310691833, 1.0], "k_pid_yaw": [0.5, 1e-06, 0.1], "k_pid_hsp": [0.04770217835903168, 0.0, 0.9448670148849487], "k_pid_vsp": [3.7404775619506836, 400.0, 400.0]}, "datetime": {"datetime": "2025-08-13 14:20:47", "elapsed": 16375.123503684998, "delta": 31.379343509674072}, "costs": {"total_cost": 2195.9092096052054, "time_cost": 150, "final_distance_cost": 38.64044962210939, "oscillation_cost": 714.7252539016248, "completition_cost": 1000.0, "overshoot_cost": 166.6022921973055, "power_cost": 42.241040087890624, "noise_cost": 83.70017379627498, "n_waypoints_completed": 0, "tot_waypoints": 9}}
{"target": -2148.089885867236, "params": {"k_pid_pos": [2.0, 0.023276537656784058, 0.0], "k_pid_alt": [2.0, 0.0, 1.0], "k_pid_att": [98.02787017822266, 0.27116698026657104, 1.0], "k_pid_yaw": [0.5, 1e-06, 0.1], "k_pid_hsp": [0.7613492012023926, 0.0, 1.0], "k_pid_vsp": [28.625356674194336, 379.5332336425781, 377.57940673828125]}, "datetime": {"datetime": "2025-08-13 14:21:19", "elapsed": 16407.285134077072, "delta": 32.161630392074585}, "costs": {"total_cost": 2148.089885867236, "time_cost": 150, "final_distance_cost": 2.721154149387368, "oscillation_cost": 697.635459739032, "completition_cost": 1000.0, "overshoot_cost": 191.20601734536552, "power_cost": 38.54263309326172, "noise_cost": 67.98462154018907, "n_waypoints_completed": 0, "tot_waypoints": 9}}
{"target": -5097.343966139758, "params": {"k_pid_pos": [1.9366453886032104, 0.0, 0.09771576523780823], "k_pid_alt": [1.986552119255066, 0.0, 0.973007082939148], "k_pid_att": [100.0, 9.999999747378752e-05, 1.0], "k_pid_yaw": [0.5, 1e-06, 0.1], "k_pid_hsp": [0.01927909255027771, 0.09798914194107056, 1.0], "k_pid_vsp": [0.0, 391.5137634277344, 397.2384338378906]}, "datetime": {"datetime": "2025-08-13 14:21:52", "elapsed": 16440.236570835114, "delta": 32.95143675804138}, "costs": {"total_cost": 5097.343966139758, "time_cost": 150, "final_distance_cost": 862.2228848390017, "oscillation_cost": 976.3224672895975, "completition_cost": 1000.0, "overshoot_cost": 2045.7610353115033, "power_cost": 34.57943953857422, "noise_cost": 28.458139161081252, "n_waypoints_completed": 0, "tot_waypoints": 9}}
{"target": -8855.698263105225, "params": {"k_pid_pos": [1.8172818422317505, 0.0, 0.0], "k_pid_alt": [2.0, 0.026687026023864746, 1.0], "k_pid_att": [100.0, 9.999999747378752e-05, 0.9084905385971069], "k_pid_yaw": [0.5, 1e-06, 0.1], "k_pid_hsp": [0.2137650102376938, 0.0, 1.0], "k_pid_vsp": [0.0, 400.0, 371.2181091308594]}, "datetime": {"datetime": "2025-08-13 14:22:24", "elapsed": 16472.273973941803, "delta": 32.03740310668945}, "costs": {"total_cost": 8855.698263105225, "time_cost": 150, "final_distance_cost": 2009.532394479219, "oscillation_cost": 767.58446140439, "completition_cost": 1000.0, "overshoot_cost": 4867.667137131304, "power_cost": 33.335795251464845, "noise_cost": 27.578474838847498, "n_waypoints_completed": 0, "tot_waypoints": 9}}
{"target": -3711.0994972043613, "params": {"k_pid_pos": [1.946589469909668, 0.0, 0.03974476456642151], "k_pid_alt": [1.8688790798187256, 0.0, 1.0], "k_pid_att": [100.0, 9.999999747378752e-05, 0.9972899556159973], "k_pid_yaw": [0.5, 1e-06, 0.1], "k_pid_hsp": [9.999999747378752e-05, 0.0, 1.0], "k_pid_vsp": [12.629127502441406, 388.3593444824219, 352.3921813964844]}, "datetime": {"datetime": "2025-08-13 14:22:54", "elapsed": 16502.899716854095, "delta": 30.62574291229248}, "costs": {"total_cost": 3711.0994972043613, "time_cost": 150, "final_distance_cost": 845.6866555426516, "oscillation_cost": 608.0567746741885, "completition_cost": 1000.0, "overshoot_cost": 1044.775188664404, "power_cost": 34.59708106689453, "noise_cost": 27.983797256222676, "n_waypoints_completed": 0, "tot_waypoints": 9}}
{"target": -2220.087502079228, "params": {"k_pid_pos": [1.9798169136047363, 0.0, 0.017176032066345215], "k_pid_alt": [2.0, 0.013322919607162476, 1.0], "k_pid_att": [100.0, 9.999999747378752e-05, 1.0], "k_pid_yaw": [0.5, 1e-06, 0.1], "k_pid_hsp": [9.999999747378752e-05, 0.005742758512496948, 1.0], "k_pid_vsp": [26.727558135986328, 400.0, 400.0]}, "datetime": {"datetime": "2025-08-13 14:23:29", "elapsed": 16537.992460012436, "delta": 35.092743158340454}, "costs": {"total_cost": 2220.087502079228, "time_cost": 150, "final_distance_cost": 74.88321452363371, "oscillation_cost": 789.0773912803131, "completition_cost": 1000.0, "overshoot_cost": 135.64637247627198, "power_cost": 40.90303199462891, "noise_cost": 29.57749180438075, "n_waypoints_completed": 0, "tot_waypoints": 9}}
{"target": -2458.8595176898716, "params": {"k_pid_pos": [2.0, 0.043637603521347046, 0.014509618282318115], "k_pid_alt": [2.0, 0.0, 0.9753978252410889], "k_pid_att": [96.04441833496094, 0.2944346070289612, 1.0], "k_pid_yaw": [0.5, 1e-06, 0.1], "k_pid_hsp": [0.9600417017936707, 0.04678964614868164, 1.0], "k_pid_vsp": [0.0, 399.18560791015625, 380.7604675292969]}, "datetime": {"datetime": "2025-08-13 14:24:10", "elapsed": 16578.962614297867, "delta": 40.97015428543091}, "costs": {"total_cost": 2458.8595176898716, "time_cost": 150, "final_distance_cost": 321.1495350434972, "oscillation_cost": 653.518764627811, "completition_cost": 1000.0, "overshoot_cost": 241.39538620779567, "power_cost": 38.00176116943359, "noise_cost": 54.79407064133449, "n_waypoints_completed": 0, "tot_waypoints": 9}}
{"target": -3994.9088392670496, "params": {"k_pid_pos": [1.8161466121673584, 0.01811090111732483, 0.0], "k_pid_alt": [1.8497885465621948, 0.0, 0.9722040295600891], "k_pid_att": [89.33600616455078, 0.6051159501075745, 0.8727245330810547], "k_pid_yaw": [0.5, 1e-06, 0.1], "k_pid_hsp": [0.26010745763778687, 0.0, 0.9763846397399902], "k_pid_vsp": [2.3563742637634277, 400.0, 400.0]}, "datetime": {"datetime": "2025-08-13 14:24:44", "elapsed": 16612.290006875992, "delta": 33.327392578125}, "costs": {"total_cost": 3994.9088392670496, "time_cost": 150, "final_distance_cost": 786.9185891772648, "oscillation_cost": 685.1866400168046, "completition_cost": 1000.0, "overshoot_cost": 1310.0188059667366, "power_cost": 34.773302294921876, "noise_cost": 28.011501811321647, "n_waypoints_completed": 0, "tot_waypoints": 9}}
{"target": -2111.8907341085524, "params": {"k_pid_pos": [2.0, 0.0, 0.09455129504203796], "k_pid_alt": [2.0, 0.02233058214187622, 0.9788483381271362], "k_pid_att": [100.0, 9.999999747378752e-05, 0.9985719919204712], "k_pid_yaw": [0.5, 1e-06, 0.1], "k_pid_hsp": [9.999999747378752e-05, 0.05023735761642456, 0.9595339894294739], "k_pid_vsp": [11.807656288146973, 378.0394592285156, 385.6954040527344]}, "datetime": {"datetime": "2025-08-13 14:25:16", "elapsed": 16644.981605529785, "delta": 32.691598653793335}, "costs": {"total_cost": 2111.8907341085524, "time_cost": 150, "final_distance_cost": 56.989291870857464, "oscillation_cost": 735.712956080214, "completition_cost": 1000.0, "overshoot_cost": 103.14097782313405, "power_cost": 37.80034567871094, "noise_cost": 28.24716265563564, "n_waypoints_completed": 0, "tot_waypoints": 9}}
{"target": -2154.817481683699, "params": {"k_pid_pos": [2.0, 0.0, 0.0012653768062591553], "k_pid_alt": [1.8897809982299805, 0.005322694778442383, 1.0], "k_pid_att": [100.0, 9.999999747378752e-05, 1.0], "k_pid_yaw": [0.5, 1e-06, 0.1], "k_pid_hsp": [0.10815856605768204, 0.0881112813949585, 1.0], "k_pid_vsp": [16.416799545288086, 384.21331787109375, 400.0]}, "datetime": {"datetime": "2025-08-13 14:25:47", "elapsed": 16675.635377645493, "delta": 30.653772115707397}, "costs": {"total_cost": 2154.817481683699, "time_cost": 150, "final_distance_cost": 101.47760311743716, "oscillation_cost": 854.6172491149412, "completition_cost": 888.8888888888888, "overshoot_cost": 91.98129798008652, "power_cost": 38.72426348876953, "noise_cost": 29.128179093576357, "n_waypoints_completed": 1, "tot_waypoints": 9}}
{"target": -2123.7505551353074, "params": {"k_pid_pos": [1.9419994354248047, 0.009754866361618042, 0.027650445699691772], "k_pid_alt": [1.9825948476791382, 0.01181042194366455, 1.0], "k_pid_att": [99.1451416015625, 9.999999747378752e-05, 1.0], "k_pid_yaw": [0.5, 1e-06, 0.1], "k_pid_hsp": [0.30384430289268494, 0.07698890566825867, 1.0], "k_pid_vsp": [22.85003662109375, 400.0, 400.0]}, "datetime": {"datetime": "2025-08-13 14:26:17", "elapsed": 16705.53853583336, "delta": 29.90315818786621}, "costs": {"total_cost": 2123.7505551353074, "time_cost": 150, "final_distance_cost": 49.2105758160973, "oscillation_cost": 708.7837471121526, "completition_cost": 1000.0, "overshoot_cost": 148.1159096600322, "power_cost": 38.87237828369141, "noise_cost": 28.767944263333696, "n_waypoints_completed": 0, "tot_waypoints": 9}}
{"target": -6777.08204740607, "params": {"k_pid_pos": [1.8221646547317505, 0.06103640794754028, 0.0037843286991119385], "k_pid_alt": [2.0, 0.014779269695281982, 0.99823397397995], "k_pid_att": [98.4830093383789, 9.999999747378752e-05, 1.0], "k_pid_yaw": [0.5, 1e-06, 0.1], "k_pid_hsp": [0.04968312010169029, 0.06358522176742554, 0.9520017504692078], "k_pid_vsp": [0.0, 400.0, 399.0821533203125]}, "datetime": {"datetime": "2025-08-13 14:26:47", "elapsed": 16735.747616529465, "delta": 30.209080696105957}, "costs": {"total_cost": 6777.08204740607, "time_cost": 150, "final_distance_cost": 1764.3959137754398, "oscillation_cost": 729.0639897468918, "completition_cost": 1000.0, "overshoot_cost": 3070.852367229599, "power_cost": 34.85057694091797, "noise_cost": 27.919199713222255, "n_waypoints_completed": 0, "tot_waypoints": 9}}
{"target": -5917.688328250298, "params": {"k_pid_pos": [1.937016248703003, 0.0029683709144592285, 0.0], "k_pid_alt": [2.0, 0.06704413890838623, 0.900944173336029], "k_pid_att": [100.0, 9.999999747378752e-05, 1.0], "k_pid_yaw": [0.5, 1e-06, 0.1], "k_pid_hsp": [0.5906304121017456, 0.02798861265182495, 1.0], "k_pid_vsp": [0.0, 376.27996826171875, 386.9827880859375]}, "datetime": {"datetime": "2025-08-13 14:27:17", "elapsed": 16765.6617269516, "delta": 29.9141104221344}, "costs": {"total_cost": 5917.688328250298, "time_cost": 150, "final_distance_cost": 1619.6865040902435, "oscillation_cost": 795.2978015697812, "completition_cost": 1000.0, "overshoot_cost": 2290.563935849578, "power_cost": 33.712586364746095, "noise_cost": 28.427500375948373, "n_waypoints_completed": 0, "tot_waypoints": 9}}
{"target": -2882.4406147337945, "params": {"k_pid_pos": [1.9887750148773193, 0.0, 0.0], "k_pid_alt": [2.0, 0.0, 0.9661638736724854], "k_pid_att": [100.0, 9.999999747378752e-05, 1.0], "k_pid_yaw": [0.5, 1e-06, 0.1], "k_pid_hsp": [9.999999747378752e-05, 0.015218138694763184, 1.0], "k_pid_vsp": [0.0, 400.0, 383.845458984375]}, "datetime": {"datetime": "2025-08-13 14:27:47", "elapsed": 16795.37604188919, "delta": 29.714314937591553}, "costs": {"total_cost": 2882.4406147337945, "time_cost": 150, "final_distance_cost": 541.191640855057, "oscillation_cost": 776.1912333039102, "completition_cost": 1000.0, "overshoot_cost": 342.475075165259, "power_cost": 39.72392877197266, "noise_cost": 32.8587366375957, "n_waypoints_completed": 0, "tot_waypoints": 9}}
{"target": -2430.12349944495, "params": {"k_pid_pos": [2.0, 0.0, 0.057204604148864746], "k_pid_alt": [1.9104843139648438, 0.020232468843460083, 1.0], "k_pid_att": [96.17121124267578, 0.6389725804328918, 1.0], "k_pid_yaw": [0.5, 1e-06, 0.1], "k_pid_hsp": [9.999999747378752e-05, 0.0, 0.9812154769897461], "k_pid_vsp": [13.2843017578125, 378.5576477050781, 384.39520263671875]}, "datetime": {"datetime": "2025-08-13 14:28:17", "elapsed": 16825.60231757164, "delta": 30.22627568244934}, "costs": {"total_cost": 2430.12349944495, "time_cost": 150, "final_distance_cost": 88.80651570526857, "oscillation_cost": 830.2266293833737, "completition_cost": 1000.0, "overshoot_cost": 296.4147297969633, "power_cost": 35.99657553710938, "noise_cost": 28.679049022234715, "n_waypoints_completed": 0, "tot_waypoints": 9}}
{"target": -2023.495791989341, "params": {"k_pid_pos": [2.0, 0.047878652811050415, 0.05878251791000366], "k_pid_alt": [1.9274330139160156, 0.0, 0.9331478476524353], "k_pid_att": [100.0, 9.999999747378752e-05, 0.9984705448150635], "k_pid_yaw": [0.5, 1e-06, 0.1], "k_pid_hsp": [9.999999747378752e-05, 0.06460598111152649, 1.0], "k_pid_vsp": [0.0, 400.0, 400.0]}, "datetime": {"datetime": "2025-08-13 14:28:48", "elapsed": 16856.09431695938, "delta": 30.49199938774109}, "costs": {"total_cost": 2023.495791989341, "time_cost": 150, "final_distance_cost": 57.576329071038856, "oscillation_cost": 802.5203466997937, "completition_cost": 888.8888888888888, "overshoot_cost": 60.39552726916985, "power_cost": 36.558313671875, "noise_cost": 27.556386388575014, "n_waypoints_completed": 1, "tot_waypoints": 9}}
{"target": -7923.28697869362, "params": {"k_pid_pos": [1.9848110675811768, 0.05309659242630005, 0.02140381932258606], "k_pid_alt": [1.9260203838348389, 0.08738160133361816, 0.9695810079574585], "k_pid_att": [100.0, 0.6410035490989685, 1.0], "k_pid_yaw": [0.5, 1e-06, 0.1], "k_pid_hsp": [9.999999747378752e-05, 0.0, 0.964526891708374], "k_pid_vsp": [0.0, 400.0, 400.0]}, "datetime": {"datetime": "2025-08-13 14:29:18", "elapsed": 16886.204666614532, "delta": 30.110349655151367}, "costs": {"total_cost": 7923.28697869362, "time_cost": 150, "final_distance_cost": 1851.6594519221383, "oscillation_cost": 818.6051273985199, "completition_cost": 1000.0, "overshoot_cost": 4038.935431537079, "power_cost": 35.71846960449219, "noise_cost": 28.36849823138994, "n_waypoints_completed": 0, "tot_waypoints": 9}}
{"target": -1895.211249138801, "params": {"k_pid_pos": [2.0, 0.018940746784210205, 0.0], "k_pid_alt": [2.0, 0.05735096335411072, 1.0], "k_pid_att": [96.65839385986328, 0.174719899892807, 0.9906055927276611], "k_pid_yaw": [0.5, 1e-06, 0.1], "k_pid_hsp": [1.0326590538024902, 0.02374318242073059, 0.9726955890655518], "k_pid_vsp": [22.734058380126953, 368.77020263671875, 400.0]}, "datetime": {"datetime": "2025-08-13 14:29:48", "elapsed": 16916.978397607803, "delta": 30.773730993270874}, "costs": {"total_cost": 1895.211249138801, "time_cost": 150, "final_distance_cost": 254.47082323291983, "oscillation_cost": 458.8555824945121, "completition_cost": 777.7777777777778, "overshoot_cost": 173.78659242309408, "power_cost": 36.77101412353516, "noise_cost": 43.54945908696195, "n_waypoints_completed": 2, "tot_waypoints": 9}}
{"target": -4350.592229118899, "params": {"k_pid_pos": [1.9374628067016602, 0.015353381633758545, 0.0261041522026062], "k_pid_alt": [2.0, 0.030676335096359253, 0.9517480134963989], "k_pid_att": [98.54293823242188, 0.28117868304252625, 1.0], "k_pid_yaw": [0.5, 1e-06, 0.1], "k_pid_hsp": [9.999999747378752e-05, 0.03819149732589722, 1.0], "k_pid_vsp": [0.0, 400.0, 400.0]}, "datetime": {"datetime": "2025-08-13 14:30:18", "elapsed": 16946.95212984085, "delta": 29.973732233047485}, "costs": {"total_cost": 4350.592229118899, "time_cost": 150, "final_distance_cost": 1190.9779516747278, "oscillation_cost": 689.034223862981, "completition_cost": 1000.0, "overshoot_cost": 1261.098251293104, "power_cost": 32.360609509277346, "noise_cost": 27.121192778808993, "n_waypoints_completed": 0, "tot_waypoints": 9}}
{"target": -4782.01346094139, "params": {"k_pid_pos": [2.0, 0.0, 0.07270580530166626], "k_pid_alt": [2.0, 0.05260631442070007, 1.0], "k_pid_att": [100.0, 0.4530514180660248, 0.9427862763404846], "k_pid_yaw": [0.5, 1e-06, 0.1], "k_pid_hsp": [0.06799795478582382, 0.05037820339202881, 1.0], "k_pid_vsp": [0.0, 383.982421875, 400.0]}, "datetime": {"datetime": "2025-08-13 14:30:49", "elapsed": 16977.289062976837, "delta": 30.336933135986328}, "costs": {"total_cost": 4782.01346094139, "time_cost": 150, "final_distance_cost": 1074.8461513832299, "oscillation_cost": 750.240107110577, "completition_cost": 1000.0, "overshoot_cost": 1747.9284325830665, "power_cost": 31.887957641601563, "noise_cost": 27.110812222915012, "n_waypoints_completed": 0, "tot_waypoints": 9}}
