{"target": -2811.913962605092, "params": {"k_pid_pos": [1.962399959564209, 0.0645449161529541, 0.0], "k_pid_alt": [1.977614402770996, 0.0, 0.9801657795906067], "k_pid_att": [100.0, 0.2616249620914459, 0.944987416267395], "k_pid_yaw": [0.5, 1e-06, 0.1], "k_pid_hsp": [9.999999747378752e-05, 0.0, 1.0], "k_pid_vsp": [0.0, 400.0, 400.0]}, "datetime": {"datetime": "2025-08-14 02:30:11", "elapsed": 60139.75396132469, "delta": 28.5131778717041}, "costs": {"total_cost": 2811.913962605092, "time_cost": 150, "final_distance_cost": 141.61919341828124, "oscillation_cost": 828.5542317072603, "completition_cost": 1000.0, "overshoot_cost": 626.0681848528066, "power_cost": 37.15138635253906, "noise_cost": 28.520966274204437, "n_waypoints_completed": 0, "tot_waypoints": 9}}
{"target": -1962.8813492208171, "params": {"k_pid_pos": [2.0, 0.0, 0.0], "k_pid_alt": [1.6329277753829956, 0.0, 1.0], "k_pid_att": [98.65464782714844, 9.999999747378752e-05, 0.8758869171142578], "k_pid_yaw": [0.5, 1e-06, 0.1], "k_pid_hsp": [9.999999747378752e-05, 0.0, 1.0], "k_pid_vsp": [12.220394134521484, 383.8726501464844, 400.0]}, "datetime": {"datetime": "2025-08-14 02:30:40", "elapsed": 60168.546412944794, "delta": 28.79245162010193}, "costs": {"total_cost": 1962.8813492208171, "time_cost": 150, "final_distance_cost": 45.64539229258118, "oscillation_cost": 827.9747398509246, "completition_cost": 777.7777777777778, "overshoot_cost": 96.42723205056136, "power_cost": 36.90475598144531, "noise_cost": 28.151451267526888, "n_waypoints_completed": 2, "tot_waypoints": 9}}
{"target": -2033.208475160291, "params": {"k_pid_pos": [2.0, 0.006623595952987671, 0.0], "k_pid_alt": [2.0, 0.14494645595550537, 0.9532140493392944], "k_pid_att": [95.83295440673828, 0.2336396872997284, 1.0], "k_pid_yaw": [0.5, 1e-06, 0.1], "k_pid_hsp": [9.999999747378752e-05, 0.017008721828460693, 0.9447916746139526], "k_pid_vsp": [0.0, 384.0021667480469, 388.69647216796875]}, "datetime": {"datetime": "2025-08-14 02:31:09", "elapsed": 60197.54123330116, "delta": 28.99482035636902}, "costs": {"total_cost": 2033.208475160291, "time_cost": 150, "final_distance_cost": 41.06868081666785, "oscillation_cost": 788.6369549725562, "completition_cost": 888.8888888888888, "overshoot_cost": 85.80652879806108, "power_cost": 39.379675512695314, "noise_cost": 39.42774617142196, "n_waypoints_completed": 1, "tot_waypoints": 9}}
{"target": -4820.156443441621, "params": {"k_pid_pos": [1.9551118612289429, 0.0, 0.0], "k_pid_alt": [2.0, 0.009687870740890503, 1.0], "k_pid_att": [99.20352935791016, 9.999999747378752e-05, 1.0], "k_pid_yaw": [0.5, 1e-06, 0.1], "k_pid_hsp": [0.07950033992528915, 0.08569270372390747, 0.980171799659729], "k_pid_vsp": [35.79559326171875, 400.0, 366.4213562011719]}, "datetime": {"datetime": "2025-08-14 02:31:37", "elapsed": 60225.21074652672, "delta": 27.66951322555542}, "costs": {"total_cost": 4820.156443441621, "time_cost": 150, "final_distance_cost": 1083.3648657596068, "oscillation_cost": 826.4646210122417, "completition_cost": 1000.0, "overshoot_cost": 1701.9716805363114, "power_cost": 31.560913122558595, "noise_cost": 26.794363010902877, "n_waypoints_completed": 0, "tot_waypoints": 9}}
{"target": -2083.8338928921867, "params": {"k_pid_pos": [1.9930598735809326, 0.0, 0.0], "k_pid_alt": [2.0, 0.0, 1.0], "k_pid_att": [100.0, 0.5104212164878845, 0.9936202764511108], "k_pid_yaw": [0.5, 1e-06, 0.1], "k_pid_hsp": [0.7978650331497192, 0.0986693799495697, 0.9675508737564087], "k_pid_vsp": [24.825048446655273, 400.0, 355.6918640136719]}, "datetime": {"datetime": "2025-08-14 02:32:06", "elapsed": 60254.88754963875, "delta": 29.67680311203003}, "costs": {"total_cost": 2083.8338928921867, "time_cost": 150, "final_distance_cost": 54.78971951537676, "oscillation_cost": 710.861652647257, "completition_cost": 888.8888888888888, "overshoot_cost": 214.67352204139422, "power_cost": 34.64787789306641, "noise_cost": 29.972231906203504, "n_waypoints_completed": 1, "tot_waypoints": 9}}
{"target": -2376.7501507260595, "params": {"k_pid_pos": [2.0, 0.04296964406967163, 0.0017875730991363525], "k_pid_alt": [2.0, 0.0, 1.0], "k_pid_att": [92.90756225585938, 9.999999747378752e-05, 0.94217848777771], "k_pid_yaw": [0.5, 1e-06, 0.1], "k_pid_hsp": [0.3285433351993561, 0.025528162717819214, 1.0], "k_pid_vsp": [25.099075317382812, 400.0, 400.0]}, "datetime": {"datetime": "2025-08-14 02:32:36", "elapsed": 60284.43809390068, "delta": 29.550544261932373}, "costs": {"total_cost": 2376.7501507260595, "time_cost": 150, "final_distance_cost": 1.864385625150743, "oscillation_cost": 762.2127071444472, "completition_cost": 1000.0, "overshoot_cost": 386.56842926340164, "power_cost": 35.79420576171875, "noise_cost": 40.31042293134092, "n_waypoints_completed": 0, "tot_waypoints": 9}}
{"target": -2050.785875062802, "params": {"k_pid_pos": [1.7941845655441284, 0.0, 0.052179813385009766], "k_pid_alt": [1.852492332458496, 0.0, 1.0], "k_pid_att": [100.0, 0.9753235578536987, 1.0], "k_pid_yaw": [0.5, 1e-06, 0.1], "k_pid_hsp": [9.999999747378752e-05, 0.0, 0.9633184671401978], "k_pid_vsp": [10.516511917114258, 400.0, 384.1458740234375]}, "datetime": {"datetime": "2025-08-14 02:33:04", "elapsed": 60312.922887563705, "delta": 28.484793663024902}, "costs": {"total_cost": 2050.785875062802, "time_cost": 150, "final_distance_cost": 14.707306310468308, "oscillation_cost": 749.6148519365931, "completition_cost": 1000.0, "overshoot_cost": 65.52839724532116, "power_cost": 39.14818015136719, "noise_cost": 31.787139419052412, "n_waypoints_completed": 0, "tot_waypoints": 9}}
{"target": -2360.1553719052904, "params": {"k_pid_pos": [1.9488052129745483, 0.0, 0.0], "k_pid_alt": [1.7608144283294678, 0.05641382932662964, 1.0], "k_pid_att": [99.56309509277344, 0.47830086946487427, 0.9396892786026001], "k_pid_yaw": [0.5, 1e-06, 0.1], "k_pid_hsp": [9.999999747378752e-05, 0.0, 1.0], "k_pid_vsp": [4.04428243637085, 400.0, 400.0]}, "datetime": {"datetime": "2025-08-14 02:33:32", "elapsed": 60340.37705397606, "delta": 27.454166412353516}, "costs": {"total_cost": 2360.1553719052904, "time_cost": 150, "final_distance_cost": 261.84854437414805, "oscillation_cost": 712.6486667941044, "completition_cost": 1000.0, "overshoot_cost": 169.0995307071701, "power_cost": 37.82509627685547, "noise_cost": 28.73353375301181, "n_waypoints_completed": 0, "tot_waypoints": 9}}
{"target": -2328.2026124994673, "params": {"k_pid_pos": [2.0, 0.04586666822433472, 0.0006289780139923096], "k_pid_alt": [2.0, 0.0, 1.0], "k_pid_att": [99.6168441772461, 0.49829357862472534, 1.0], "k_pid_yaw": [0.5, 1e-06, 0.1], "k_pid_hsp": [9.999999747378752e-05, 0.009039193391799927, 1.0], "k_pid_vsp": [0.0, 372.5159606933594, 400.0]}, "datetime": {"datetime": "2025-08-14 02:34:02", "elapsed": 60370.62536740303, "delta": 30.248313426971436}, "costs": {"total_cost": 2328.2026124994673, "time_cost": 150, "final_distance_cost": 46.486126115728865, "oscillation_cost": 764.8434042758943, "completition_cost": 1000.0, "overshoot_cost": 194.59325859086488, "power_cost": 43.99871812744141, "noise_cost": 128.2811053895379, "n_waypoints_completed": 0, "tot_waypoints": 9}}
{"target": -1718.8517638680469, "params": {"k_pid_pos": [1.8822077512741089, 0.015357404947280884, 0.0], "k_pid_alt": [2.0, 0.0034085214138031006, 1.0], "k_pid_att": [100.0, 9.999999747378752e-05, 1.0], "k_pid_yaw": [0.5, 1e-06, 0.1], "k_pid_hsp": [0.4511124789714813, 0.0, 1.0], "k_pid_vsp": [0.0, 364.31341552734375, 357.7292785644531]}, "datetime": {"datetime": "2025-08-14 02:34:32", "elapsed": 60400.35534930229, "delta": 29.729981899261475}, "costs": {"total_cost": 1718.8517638680469, "time_cost": 150, "final_distance_cost": 107.01498081345498, "oscillation_cost": 486.31147141370997, "completition_cost": 777.7777777777778, "overshoot_cost": 114.54823004855137, "power_cost": 38.78282315673828, "noise_cost": 44.41648065781449, "n_waypoints_completed": 2, "tot_waypoints": 9}}
{"target": -2906.735390735178, "params": {"k_pid_pos": [1.9779239892959595, 0.06711569428443909, 0.06823867559432983], "k_pid_alt": [1.855851650238037, 0.041600167751312256, 0.9951220750808716], "k_pid_att": [100.0, 0.1696806699037552, 1.0], "k_pid_yaw": [0.5, 1e-06, 0.1], "k_pid_hsp": [9.999999747378752e-05, 0.0, 0.9614554047584534], "k_pid_vsp": [0.0, 400.0, 394.421630859375]}, "datetime": {"datetime": "2025-08-14 02:35:00", "elapsed": 60428.53536248207, "delta": 28.180013179779053}, "costs": {"total_cost": 2906.735390735178, "time_cost": 150, "final_distance_cost": 292.18271987649763, "oscillation_cost": 797.3061428998054, "completition_cost": 1000.0, "overshoot_cost": 609.2268225664174, "power_cost": 31.381443212890627, "noise_cost": 26.638262179566944, "n_waypoints_completed": 0, "tot_waypoints": 9}}
{"target": -2128.2422552453045, "params": {"k_pid_pos": [1.9997471570968628, 0.0, 0.0], "k_pid_alt": [1.949038028717041, 0.016808241605758667, 1.0], "k_pid_att": [95.25714874267578, 0.8846157193183899, 0.8921480774879456], "k_pid_yaw": [0.5, 1e-06, 0.1], "k_pid_hsp": [9.999999747378752e-05, 0.0, 1.0], "k_pid_vsp": [0.0, 400.0, 400.0]}, "datetime": {"datetime": "2025-08-14 02:35:30", "elapsed": 60458.16628885269, "delta": 29.630926370620728}, "costs": {"total_cost": 2128.2422552453045, "time_cost": 150, "final_distance_cost": 57.31119328390312, "oscillation_cost": 734.7637726603381, "completition_cost": 1000.0, "overshoot_cost": 121.14845551000232, "power_cost": 36.673693969726564, "noise_cost": 28.34513982133435, "n_waypoints_completed": 0, "tot_waypoints": 9}}
{"target": -3019.369900309017, "params": {"k_pid_pos": [2.0, 0.0, 0.004357874393463135], "k_pid_alt": [2.0, 0.0, 0.9901957511901855], "k_pid_att": [100.0, 1.0919913053512573, 0.9611716270446777], "k_pid_yaw": [0.5, 1e-06, 0.1], "k_pid_hsp": [0.4977520704269409, 0.0, 0.9618781208992004], "k_pid_vsp": [41.71464538574219, 400.0, 378.7422790527344]}, "datetime": {"datetime": "2025-08-14 02:36:00", "elapsed": 60488.327704668045, "delta": 30.161415815353394}, "costs": {"total_cost": 3019.369900309017, "time_cost": 150, "final_distance_cost": 209.33657519726285, "oscillation_cost": 702.7175903953618, "completition_cost": 1000.0, "overshoot_cost": 894.3609101160702, "power_cost": 34.843585546875005, "noise_cost": 28.1112390534473, "n_waypoints_completed": 0, "tot_waypoints": 9}}
{"target": -1945.0533235753114, "params": {"k_pid_pos": [2.0, 0.0, 0.0], "k_pid_alt": [2.0, 0.0, 1.0], "k_pid_att": [94.90534973144531, 9.999999747378752e-05, 0.9950271248817444], "k_pid_yaw": [0.5, 1e-06, 0.1], "k_pid_hsp": [0.29113611578941345, 0.0, 0.8989174962043762], "k_pid_vsp": [22.550857543945312, 369.4254455566406, 389.8531799316406]}, "datetime": {"datetime": "2025-08-14 02:36:29", "elapsed": 60517.24315953255, "delta": 28.915454864501953}, "costs": {"total_cost": 1945.0533235753114, "time_cost": 150, "final_distance_cost": 71.61620127441451, "oscillation_cost": 675.832740089471, "completition_cost": 888.8888888888888, "overshoot_cost": 92.51137082740219, "power_cost": 37.65148583984375, "noise_cost": 28.552636655291145, "n_waypoints_completed": 1, "tot_waypoints": 9}}
{"target": -4451.771587483836, "params": {"k_pid_pos": [2.0, 0.01866072416305542, 0.0], "k_pid_alt": [2.0, 0.0, 1.0], "k_pid_att": [100.0, 9.999999747378752e-05, 1.0], "k_pid_yaw": [0.5, 1e-06, 0.1], "k_pid_hsp": [0.5463714003562927, 0.0, 1.0], "k_pid_vsp": [22.642921447753906, 400.0, 392.52178955078125]}, "datetime": {"datetime": "2025-08-14 02:36:57", "elapsed": 60545.089639663696, "delta": 27.846480131149292}, "costs": {"total_cost": 4451.771587483836, "time_cost": 150, "final_distance_cost": 885.3427413898867, "oscillation_cost": 771.4925174626449, "completition_cost": 1000.0, "overshoot_cost": 1583.8857785372438, "power_cost": 33.160528454589844, "noise_cost": 27.89002163947114, "n_waypoints_completed": 0, "tot_waypoints": 9}}
{"target": -3425.7228598223046, "params": {"k_pid_pos": [1.9152671098709106, 0.0, 0.0], "k_pid_alt": [1.9064314365386963, 0.10849159955978394, 0.9219213724136353], "k_pid_att": [99.49260711669922, 0.09308827668428421, 1.0], "k_pid_yaw": [0.5, 1e-06, 0.1], "k_pid_hsp": [0.24814075231552124, 0.05354908108711243, 1.0], "k_pid_vsp": [7.025444507598877, 400.0, 373.7964782714844]}, "datetime": {"datetime": "2025-08-14 02:37:25", "elapsed": 60573.85701107979, "delta": 28.76737141609192}, "costs": {"total_cost": 3425.7228598223046, "time_cost": 150, "final_distance_cost": 452.0237472447583, "oscillation_cost": 753.006991928966, "completition_cost": 1000.0, "overshoot_cost": 1005.8572694302446, "power_cost": 36.18720842285156, "noise_cost": 28.647642795483875, "n_waypoints_completed": 0, "tot_waypoints": 9}}
{"target": -1698.2570996315949, "params": {"k_pid_pos": [1.9008046388626099, 0.009756714105606079, 0.0], "k_pid_alt": [2.0, 0.0, 1.0], "k_pid_att": [98.16585540771484, 0.6203022003173828, 1.0], "k_pid_yaw": [0.5, 1e-06, 0.1], "k_pid_hsp": [0.7955955862998962, 0.03941473364830017, 1.0], "k_pid_vsp": [0.0, 400.0, 400.0]}, "datetime": {"datetime": "2025-08-14 02:37:54", "elapsed": 60602.18018126488, "delta": 28.32317018508911}, "costs": {"total_cost": 1698.2570996315949, "time_cost": 150, "final_distance_cost": 41.91758633750404, "oscillation_cost": 367.5853500474397, "completition_cost": 888.8888888888888, "overshoot_cost": 142.35400367001887, "power_cost": 38.956548376464845, "noise_cost": 68.55472231127882, "n_waypoints_completed": 1, "tot_waypoints": 9}}
{"target": -5162.298100101451, "params": {"k_pid_pos": [2.0, 0.01777443289756775, 0.009307384490966797], "k_pid_alt": [2.0, 0.0, 1.0], "k_pid_att": [93.6353530883789, 0.1817665845155716, 0.8936758041381836], "k_pid_yaw": [0.5, 1e-06, 0.1], "k_pid_hsp": [0.7270756959915161, 0.0, 1.0], "k_pid_vsp": [2.7187108993530273, 377.6047668457031, 400.0]}, "datetime": {"datetime": "2025-08-14 02:38:23", "elapsed": 60631.24645471573, "delta": 29.06627345085144}, "costs": {"total_cost": 5162.298100101451, "time_cost": 150, "final_distance_cost": 1005.8875555526176, "oscillation_cost": 596.2284923339973, "completition_cost": 1000.0, "overshoot_cost": 2345.7321001061077, "power_cost": 35.179652307128904, "noise_cost": 29.270299801599148, "n_waypoints_completed": 0, "tot_waypoints": 9}}
{"target": -2207.638403270497, "params": {"k_pid_pos": [1.780149221420288, 0.03573271632194519, 0.005523651838302612], "k_pid_alt": [2.0, 0.033839285373687744, 1.0], "k_pid_att": [100.0, 0.529635488986969, 0.9752676486968994], "k_pid_yaw": [0.5, 1e-06, 0.1], "k_pid_hsp": [0.22852833569049835, 0.0, 1.0], "k_pid_vsp": [0.0, 400.0, 400.0]}, "datetime": {"datetime": "2025-08-14 02:38:52", "elapsed": 60660.59231758118, "delta": 29.345862865447998}, "costs": {"total_cost": 2207.638403270497, "time_cost": 150, "final_distance_cost": 46.24990983534872, "oscillation_cost": 680.8771510830024, "completition_cost": 1000.0, "overshoot_cost": 265.6495221101689, "power_cost": 36.59339135742188, "noise_cost": 28.268428884554645, "n_waypoints_completed": 0, "tot_waypoints": 9}}
{"target": -5107.875918483842, "params": {"k_pid_pos": [1.9910104274749756, 0.037728577852249146, 0.00037932395935058594], "k_pid_alt": [2.0, 0.0, 0.9663825631141663], "k_pid_att": [98.9441909790039, 9.999999747378752e-05, 0.9953843355178833], "k_pid_yaw": [0.5, 1e-06, 0.1], "k_pid_hsp": [9.999999747378752e-05, 0.003452807664871216, 0.9712226986885071], "k_pid_vsp": [0.0, 384.09210205078125, 388.5521545410156]}, "datetime": {"datetime": "2025-08-14 02:39:20", "elapsed": 60688.497638463974, "delta": 27.90532088279724}, "costs": {"total_cost": 5107.875918483842, "time_cost": 150, "final_distance_cost": 1268.4193780574367, "oscillation_cost": 693.925511297297, "completition_cost": 888.8888888888888, "overshoot_cost": 2042.576502455895, "power_cost": 35.79259273681641, "noise_cost": 28.27304504750864, "n_waypoints_completed": 1, "tot_waypoints": 9}}
{"target": -2022.0443393279586, "params": {"k_pid_pos": [1.9649046659469604, 0.0, 0.0], "k_pid_alt": [1.938730001449585, 0.0, 1.0], "k_pid_att": [99.09432220458984, 9.999999747378752e-05, 1.0], "k_pid_yaw": [0.5, 1e-06, 0.1], "k_pid_hsp": [0.12117698043584824, 0.023349106311798096, 0.9846211671829224], "k_pid_vsp": [11.733591079711914, 400.0, 400.0]}, "datetime": {"datetime": "2025-08-14 02:39:49", "elapsed": 60717.67657995224, "delta": 29.17894148826599}, "costs": {"total_cost": 2022.0443393279586, "time_cost": 150, "final_distance_cost": 44.475110618352694, "oscillation_cost": 675.0907003792098, "completition_cost": 888.8888888888888, "overshoot_cost": 194.18655530495647, "power_cost": 40.39151252441406, "noise_cost": 29.01157161213678, "n_waypoints_completed": 1, "tot_waypoints": 9}}
{"target": -4118.490532913108, "params": {"k_pid_pos": [2.0, 0.0, 0.048999518156051636], "k_pid_alt": [1.9570250511169434, 0.0, 1.0], "k_pid_att": [100.0, 1.0121781826019287, 0.8765936493873596], "k_pid_yaw": [0.5, 1e-06, 0.1], "k_pid_hsp": [9.999999747378752e-05, 0.0902891457080841, 0.9863585233688354], "k_pid_vsp": [0.0, 388.9825744628906, 383.62078857421875]}, "datetime": {"datetime": "2025-08-14 02:40:20", "elapsed": 60748.53306412697, "delta": 30.856484174728394}, "costs": {"total_cost": 4118.490532913108, "time_cost": 150, "final_distance_cost": 528.8965654245609, "oscillation_cost": 807.7531344326184, "completition_cost": 1000.0, "overshoot_cost": 1567.9381602425117, "power_cost": 35.85601563720703, "noise_cost": 28.046657176210253, "n_waypoints_completed": 0, "tot_waypoints": 9}}
{"target": -2499.8081727327817, "params": {"k_pid_pos": [1.9358288049697876, 0.05575472116470337, 0.009640544652938843], "k_pid_alt": [2.0, 0.04280462861061096, 0.9530941247940063], "k_pid_att": [94.0143051147461, 0.33784544467926025, 1.0], "k_pid_yaw": [0.5, 1e-06, 0.1], "k_pid_hsp": [0.22014443576335907, 0.0, 1.0], "k_pid_vsp": [22.054994583129883, 382.0406494140625, 389.9474792480469]}, "datetime": {"datetime": "2025-08-14 02:40:49", "elapsed": 60777.70810365677, "delta": 29.175039529800415}, "costs": {"total_cost": 2499.8081727327817, "time_cost": 150, "final_distance_cost": 12.782686296090146, "oscillation_cost": 789.132762775004, "completition_cost": 1000.0, "overshoot_cost": 473.9563007907339, "power_cost": 37.700871691894534, "noise_cost": 36.23555117905915, "n_waypoints_completed": 0, "tot_waypoints": 9}}
{"target": -5403.058852247474, "params": {"k_pid_pos": [2.0, 0.0, 0.0], "k_pid_alt": [1.8724324703216553, 0.0508844256401062, 0.9513064622879028], "k_pid_att": [100.0, 0.23356249928474426, 0.9770774841308594], "k_pid_yaw": [0.5, 1e-06, 0.1], "k_pid_hsp": [0.3403377830982208, 0.019266486167907715, 1.0], "k_pid_vsp": [0.0, 400.0, 400.0]}, "datetime": {"datetime": "2025-08-14 02:41:17", "elapsed": 60805.604814291, "delta": 27.896710634231567}, "costs": {"total_cost": 5403.058852247474, "time_cost": 150, "final_distance_cost": 1296.8032154604325, "oscillation_cost": 718.050655948846, "completition_cost": 1000.0, "overshoot_cost": 2174.8506191548545, "power_cost": 35.07359522705078, "noise_cost": 28.280766456290213, "n_waypoints_completed": 0, "tot_waypoints": 9}}
{"target": -1707.7139577662604, "params": {"k_pid_pos": [2.0, 0.0, 0.03163525462150574], "k_pid_alt": [1.964611530303955, 0.0, 1.0], "k_pid_att": [100.0, 0.35004934668540955, 0.9991344213485718], "k_pid_yaw": [0.5, 1e-06, 0.1], "k_pid_hsp": [0.8817034959793091, 0.07756507396697998, 1.0], "k_pid_vsp": [0.0, 393.302734375, 390.4854736328125]}, "datetime": {"datetime": "2025-08-14 02:41:47", "elapsed": 60835.808116197586, "delta": 30.203301906585693}, "costs": {"total_cost": 1707.7139577662604, "time_cost": 150, "final_distance_cost": 51.3193669249038, "oscillation_cost": 329.3697405293548, "completition_cost": 888.8888888888888, "overshoot_cost": 137.35151008940468, "power_cost": 43.93210845947266, "noise_cost": 106.85234287423572, "n_waypoints_completed": 1, "tot_waypoints": 9}}
{"target": -2028.1570602790214, "params": {"k_pid_pos": [2.0, 0.0, 0.009753763675689697], "k_pid_alt": [2.0, 0.006443113088607788, 0.9939458966255188], "k_pid_att": [93.29573822021484, 0.695480465888977, 0.9401252269744873], "k_pid_yaw": [0.5, 1e-06, 0.1], "k_pid_hsp": [9.999999747378752e-05, 0.04409605264663696, 0.9469139575958252], "k_pid_vsp": [2.7444958686828613, 400.0, 400.0]}, "datetime": {"datetime": "2025-08-14 02:42:16", "elapsed": 60864.57840800285, "delta": 28.770291805267334}, "costs": {"total_cost": 2028.1570602790214, "time_cost": 150, "final_distance_cost": 47.59648273190349, "oscillation_cost": 674.9849773440864, "completition_cost": 1000.0, "overshoot_cost": 90.40896161295666, "power_cost": 36.82016733398438, "noise_cost": 28.346471256090293, "n_waypoints_completed": 0, "tot_waypoints": 9}}
{"target": -3694.7067664600154, "params": {"k_pid_pos": [1.992832064628601, 0.0, 0.0], "k_pid_alt": [1.9707920551300049, 0.0, 1.0], "k_pid_att": [100.0, 0.40042877197265625, 1.0], "k_pid_yaw": [0.5, 1e-06, 0.1], "k_pid_hsp": [9.999999747378752e-05, 0.025497734546661377, 1.0], "k_pid_vsp": [0.0, 400.0, 399.956787109375]}, "datetime": {"datetime": "2025-08-14 02:42:45", "elapsed": 60893.56441259384, "delta": 28.98600459098816}, "costs": {"total_cost": 3694.7067664600154, "time_cost": 150, "final_distance_cost": 783.4843785794291, "oscillation_cost": 780.7464872783405, "completition_cost": 1000.0, "overshoot_cost": 921.3318355765389, "power_cost": 31.85132293701172, "noise_cost": 27.29274208869522, "n_waypoints_completed": 0, "tot_waypoints": 9}}
