{"target": -3722.0971494456035, "params": {"k_pid_pos": [2.0, 0.0, 0.05143466591835022], "k_pid_alt": [1.9054375886917114, 0.09475240111351013, 1.0], "k_pid_att": [94.47654724121094, 9.999999747378752e-05, 1.0], "k_pid_yaw": [0.5, 1e-06, 0.1], "k_pid_hsp": [9.999999747378752e-05, 0.0, 0.9245156049728394], "k_pid_vsp": [35.14604568481445, 400.0, 400.0]}, "datetime": {"datetime": "2025-08-13 23:05:24", "elapsed": 47852.328516960144, "delta": 29.632951021194458}, "costs": {"total_cost": 3722.0971494456035, "time_cost": 150, "final_distance_cost": 625.8366003152281, "oscillation_cost": 756.35773364637, "completition_cost": 1000.0, "overshoot_cost": 1131.898492869238, "power_cost": 31.21357292480469, "noise_cost": 26.790749689962357, "n_waypoints_completed": 0, "tot_waypoints": 9}}
{"target": -3841.199950064672, "params": {"k_pid_pos": [1.9551668167114258, 0.020872682332992554, 0.03569409251213074], "k_pid_alt": [2.0, 0.0, 0.9309698343276978], "k_pid_att": [90.14745330810547, 9.999999747378752e-05, 0.9556299448013306], "k_pid_yaw": [0.5, 1e-06, 0.1], "k_pid_hsp": [9.999999747378752e-05, 0.0, 1.0], "k_pid_vsp": [35.199951171875, 376.91949462890625, 400.0]}, "datetime": {"datetime": "2025-08-13 23:05:52", "elapsed": 47880.685782670975, "delta": 28.35726571083069}, "costs": {"total_cost": 3841.199950064672, "time_cost": 150, "final_distance_cost": 704.0215544275194, "oscillation_cost": 801.4619852077734, "completition_cost": 1000.0, "overshoot_cost": 1127.5176790922108, "power_cost": 31.53973026123047, "noise_cost": 26.659001075938395, "n_waypoints_completed": 0, "tot_waypoints": 9}}
{"target": -2823.8265497751, "params": {"k_pid_pos": [1.9883911609649658, 0.0, 0.0], "k_pid_alt": [2.0, 0.022893518209457397, 1.0], "k_pid_att": [92.38206481933594, 0.37904196977615356, 0.9394618272781372], "k_pid_yaw": [0.5, 1e-06, 0.1], "k_pid_hsp": [9.999999747378752e-05, 0.05597713589668274, 1.0], "k_pid_vsp": [29.283761978149414, 347.1993103027344, 395.7469482421875]}, "datetime": {"datetime": "2025-08-13 23:06:23", "elapsed": 47911.508621931076, "delta": 30.82283926010132}, "costs": {"total_cost": 2823.8265497751, "time_cost": 150, "final_distance_cost": 241.41203645458378, "oscillation_cost": 879.2765492349779, "completition_cost": 1000.0, "overshoot_cost": 484.1456228723108, "power_cost": 38.90690793457031, "noise_cost": 30.085433278656904, "n_waypoints_completed": 0, "tot_waypoints": 9}}
{"target": -5350.956214163176, "params": {"k_pid_pos": [1.8742300271987915, 0.07434463500976562, 0.08161744475364685], "k_pid_alt": [2.0, 0.03931933641433716, 1.0], "k_pid_att": [100.0, 0.15822924673557281, 0.9488375186920166], "k_pid_yaw": [0.5, 1e-06, 0.1], "k_pid_hsp": [9.999999747378752e-05, 0.08686256408691406, 0.9159128665924072], "k_pid_vsp": [4.266464710235596, 385.3472595214844, 387.16851806640625]}, "datetime": {"datetime": "2025-08-13 23:06:53", "elapsed": 47941.408067941666, "delta": 29.8994460105896}, "costs": {"total_cost": 5350.956214163176, "time_cost": 150, "final_distance_cost": 1375.9601953309684, "oscillation_cost": 711.0772912656986, "completition_cost": 1000.0, "overshoot_cost": 2051.2347912110713, "power_cost": 34.70633737792969, "noise_cost": 27.97759897750678, "n_waypoints_completed": 0, "tot_waypoints": 9}}
{"target": -1851.0715431268488, "params": {"k_pid_pos": [2.0, 0.0, 0.03634008765220642], "k_pid_alt": [2.0, 0.0, 0.9633228182792664], "k_pid_att": [100.0, 0.5886494517326355, 0.9480827450752258], "k_pid_yaw": [0.5, 1e-06, 0.1], "k_pid_hsp": [0.5911677479743958, 0.03814417123794556, 0.966952919960022], "k_pid_vsp": [0.0, 400.0, 388.2571105957031]}, "datetime": {"datetime": "2025-08-13 23:07:22", "elapsed": 47971.06536030769, "delta": 29.657292366027832}, "costs": {"total_cost": 1851.0715431268488, "time_cost": 150, "final_distance_cost": 56.829451247239156, "oscillation_cost": 508.9449347372917, "completition_cost": 888.8888888888888, "overshoot_cost": 123.58176622361978, "power_cost": 42.891923742675786, "noise_cost": 79.93457828713369, "n_waypoints_completed": 1, "tot_waypoints": 9}}
{"target": -2239.0297474156746, "params": {"k_pid_pos": [1.9677040576934814, 0.11041054129600525, 0.06278565526008606], "k_pid_alt": [2.0, 0.07798513770103455, 1.0], "k_pid_att": [100.0, 0.20502735674381256, 1.0], "k_pid_yaw": [0.5, 1e-06, 0.1], "k_pid_hsp": [9.999999747378752e-05, 0.0, 1.0], "k_pid_vsp": [0.0, 400.0, 396.51220703125]}, "datetime": {"datetime": "2025-08-13 23:07:53", "elapsed": 48001.19743800163, "delta": 30.13207769393921}, "costs": {"total_cost": 2239.0297474156746, "time_cost": 150, "final_distance_cost": 110.07193440426536, "oscillation_cost": 739.418599982187, "completition_cost": 1000.0, "overshoot_cost": 131.34430800373903, "power_cost": 39.458792260742186, "noise_cost": 68.73611276474142, "n_waypoints_completed": 0, "tot_waypoints": 9}}
{"target": -1683.7672169983891, "params": {"k_pid_pos": [2.0, 0.036751121282577515, 0.0], "k_pid_alt": [2.0, 0.07030335068702698, 1.0], "k_pid_att": [100.0, 9.999999747378752e-05, 1.0], "k_pid_yaw": [0.5, 1e-06, 0.1], "k_pid_hsp": [0.40785157680511475, 0.0, 0.9418931007385254], "k_pid_vsp": [58.5855712890625, 400.0, 339.3485412597656]}, "datetime": {"datetime": "2025-08-13 23:08:23", "elapsed": 48031.15208888054, "delta": 29.95465087890625}, "costs": {"total_cost": 1683.7672169983891, "time_cost": 150, "final_distance_cost": 87.09222787997305, "oscillation_cost": 613.06784930813, "completition_cost": 666.6666666666667, "overshoot_cost": 99.77834920800413, "power_cost": 38.26513857421875, "noise_cost": 28.89698536139651, "n_waypoints_completed": 3, "tot_waypoints": 9}}
{"target": -3523.606162592236, "params": {"k_pid_pos": [2.0, 0.0, 0.014078527688980103], "k_pid_alt": [1.9086382389068604, 0.04388374090194702, 1.0], "k_pid_att": [100.0, 9.999999747378752e-05, 1.0], "k_pid_yaw": [0.5, 1e-06, 0.1], "k_pid_hsp": [0.49408701062202454, 0.0, 0.9701749086380005], "k_pid_vsp": [0.0, 400.0, 400.0]}, "datetime": {"datetime": "2025-08-13 23:08:53", "elapsed": 48061.76066303253, "delta": 30.608574151992798}, "costs": {"total_cost": 3523.606162592236, "time_cost": 150, "final_distance_cost": 841.6252167373488, "oscillation_cost": 578.9762529889705, "completition_cost": 777.7777777777778, "overshoot_cost": 1111.3759678205267, "power_cost": 35.20314926757813, "noise_cost": 28.647798000033816, "n_waypoints_completed": 2, "tot_waypoints": 9}}
{"target": -2417.6431591688433, "params": {"k_pid_pos": [2.0, 0.07013466954231262, 0.0], "k_pid_alt": [2.0, 0.060682445764541626, 1.0], "k_pid_att": [100.0, 0.4313540458679199, 1.0], "k_pid_yaw": [0.5, 1e-06, 0.1], "k_pid_hsp": [9.999999747378752e-05, 0.0, 0.9803792238235474], "k_pid_vsp": [46.898197174072266, 386.02899169921875, 400.0]}, "datetime": {"datetime": "2025-08-13 23:09:24", "elapsed": 48092.210943460464, "delta": 30.45028042793274}, "costs": {"total_cost": 2417.6431591688433, "time_cost": 150, "final_distance_cost": 136.81782351663853, "oscillation_cost": 761.2218848965899, "completition_cost": 1000.0, "overshoot_cost": 305.43889442303873, "power_cost": 35.914691076660155, "noise_cost": 28.2498652559159, "n_waypoints_completed": 0, "tot_waypoints": 9}}
{"target": -2710.218807465496, "params": {"k_pid_pos": [2.0, 0.0, 0.0], "k_pid_alt": [1.9085220098495483, 0.0, 1.0], "k_pid_att": [100.0, 9.999999747378752e-05, 1.0], "k_pid_yaw": [0.5, 1e-06, 0.1], "k_pid_hsp": [0.01812843605875969, 0.008012831211090088, 1.0], "k_pid_vsp": [28.508174896240234, 400.0, 400.0]}, "datetime": {"datetime": "2025-08-13 23:09:54", "elapsed": 48122.47004365921, "delta": 30.259100198745728}, "costs": {"total_cost": 2710.218807465496, "time_cost": 150, "final_distance_cost": 325.5950607271889, "oscillation_cost": 682.9827576378939, "completition_cost": 1000.0, "overshoot_cost": 489.62490609571176, "power_cost": 34.24344075927735, "noise_cost": 27.77264224542435, "n_waypoints_completed": 0, "tot_waypoints": 9}}
{"target": -4406.426092352313, "params": {"k_pid_pos": [1.9777156114578247, 0.08029171824455261, 0.0], "k_pid_alt": [1.8994355201721191, 0.03895959258079529, 0.9946947693824768], "k_pid_att": [91.72251892089844, 0.11277132481336594, 1.0], "k_pid_yaw": [0.5, 1e-06, 0.1], "k_pid_hsp": [9.999999747378752e-05, 0.0, 1.0], "k_pid_vsp": [19.073795318603516, 374.21673583984375, 389.098388671875]}, "datetime": {"datetime": "2025-08-13 23:10:22", "elapsed": 48150.340628385544, "delta": 27.870584726333618}, "costs": {"total_cost": 4406.426092352313, "time_cost": 150, "final_distance_cost": 962.436985477116, "oscillation_cost": 798.0440304749835, "completition_cost": 888.8888888888888, "overshoot_cost": 1545.0038773063116, "power_cost": 34.416402185058594, "noise_cost": 27.63590801995549, "n_waypoints_completed": 1, "tot_waypoints": 9}}
{"target": -2286.63838722988, "params": {"k_pid_pos": [1.8770692348480225, 0.029949039220809937, 0.02702471613883972], "k_pid_alt": [2.0, 0.0004081130027770996, 1.0], "k_pid_att": [100.0, 9.999999747378752e-05, 0.9588234424591064], "k_pid_yaw": [0.5, 1e-06, 0.1], "k_pid_hsp": [0.06935811787843704, 0.0035538077354431152, 1.0], "k_pid_vsp": [0.0, 374.078125, 400.0]}, "datetime": {"datetime": "2025-08-13 23:10:53", "elapsed": 48181.94516468048, "delta": 31.604536294937134}, "costs": {"total_cost": 2286.63838722988, "time_cost": 150, "final_distance_cost": 44.59251532884986, "oscillation_cost": 785.0284290683212, "completition_cost": 1000.0, "overshoot_cost": 228.3295615652269, "power_cost": 36.63066805419922, "noise_cost": 42.05721321328278, "n_waypoints_completed": 0, "tot_waypoints": 9}}
{"target": -2605.3298012518244, "params": {"k_pid_pos": [1.8701844215393066, 0.0, 0.004540562629699707], "k_pid_alt": [1.9730966091156006, 0.017715096473693848, 0.8867323994636536], "k_pid_att": [100.0, 0.0288693830370903, 1.0], "k_pid_yaw": [0.5, 1e-06, 0.1], "k_pid_hsp": [9.999999747378752e-05, 0.0, 1.0], "k_pid_vsp": [0.0, 400.0, 379.9072265625]}, "datetime": {"datetime": "2025-08-13 23:11:23", "elapsed": 48211.656712055206, "delta": 29.711547374725342}, "costs": {"total_cost": 2605.3298012518244, "time_cost": 150, "final_distance_cost": 443.4244849367841, "oscillation_cost": 680.8060514875395, "completition_cost": 1000.0, "overshoot_cost": 268.7907457308116, "power_cost": 34.76442899169922, "noise_cost": 27.54409010498989, "n_waypoints_completed": 0, "tot_waypoints": 9}}
{"target": -2176.540305709109, "params": {"k_pid_pos": [1.8979588747024536, 0.0, 0.0], "k_pid_alt": [1.9912903308868408, 0.0, 1.0], "k_pid_att": [94.40380096435547, 9.999999747378752e-05, 0.9604583978652954], "k_pid_yaw": [0.5, 1e-06, 0.1], "k_pid_hsp": [9.999999747378752e-05, 0.0, 1.0], "k_pid_vsp": [17.597246170043945, 390.2672424316406, 387.2737121582031]}, "datetime": {"datetime": "2025-08-13 23:11:53", "elapsed": 48241.907099962234, "delta": 30.2503879070282}, "costs": {"total_cost": 2176.540305709109, "time_cost": 150, "final_distance_cost": 43.2501532060678, "oscillation_cost": 727.0301726237369, "completition_cost": 1000.0, "overshoot_cost": 190.74632849877358, "power_cost": 35.106174731445314, "noise_cost": 30.40747664908512, "n_waypoints_completed": 0, "tot_waypoints": 9}}
{"target": -10760.03059377301, "params": {"k_pid_pos": [1.906022310256958, 0.0, 0.0], "k_pid_alt": [1.9999663829803467, 0.0, 0.9556760787963867], "k_pid_att": [100.0, 9.999999747378752e-05, 1.0], "k_pid_yaw": [0.5, 1e-06, 0.1], "k_pid_hsp": [0.36369749903678894, 0.0, 0.9628345370292664], "k_pid_vsp": [0.0, 381.4642639160156, 400.0]}, "datetime": {"datetime": "2025-08-13 23:12:21", "elapsed": 48269.116334438324, "delta": 27.209234476089478}, "costs": {"total_cost": 10760.03059377301, "time_cost": 150, "final_distance_cost": 2890.441312265159, "oscillation_cost": 736.8574814247672, "completition_cost": 1000.0, "overshoot_cost": 5920.70118998462, "power_cost": 34.05322326660156, "noise_cost": 27.977386831862848, "n_waypoints_completed": 0, "tot_waypoints": 9}}
{"target": -2251.9703490384695, "params": {"k_pid_pos": [2.0, 0.0, 0.022240638732910156], "k_pid_alt": [2.0, 0.07827544212341309, 0.9872444868087769], "k_pid_att": [98.0595703125, 0.06265027821063995, 1.0], "k_pid_yaw": [0.5, 1e-06, 0.1], "k_pid_hsp": [0.38076063990592957, 0.000549018383026123, 0.9774320721626282], "k_pid_vsp": [14.705252647399902, 373.6607971191406, 400.0]}, "datetime": {"datetime": "2025-08-13 23:12:51", "elapsed": 48299.751962184906, "delta": 30.63562774658203}, "costs": {"total_cost": 2251.9703490384695, "time_cost": 150, "final_distance_cost": 3.7409657081671215, "oscillation_cost": 650.5877612946911, "completition_cost": 1000.0, "overshoot_cost": 354.9823421594617, "power_cost": 37.89661696777344, "noise_cost": 54.762662908376676, "n_waypoints_completed": 0, "tot_waypoints": 9}}
{"target": -3073.2933430312783, "params": {"k_pid_pos": [2.0, 0.0, 0.0], "k_pid_alt": [2.0, 0.0, 0.9594306349754333], "k_pid_att": [100.0, 0.4795510768890381, 1.0], "k_pid_yaw": [0.5, 1e-06, 0.1], "k_pid_hsp": [9.999999747378752e-05, 0.0, 1.0], "k_pid_vsp": [0.0, 400.0, 392.5274353027344]}, "datetime": {"datetime": "2025-08-13 23:13:21", "elapsed": 48329.64557886124, "delta": 29.893616676330566}, "costs": {"total_cost": 3073.2933430312783, "time_cost": 150, "final_distance_cost": 533.9435832248389, "oscillation_cost": 732.0264198548504, "completition_cost": 1000.0, "overshoot_cost": 566.096319074715, "power_cost": 36.752577929687504, "noise_cost": 54.47444294718625, "n_waypoints_completed": 0, "tot_waypoints": 9}}
{"target": -1671.3614564728025, "params": {"k_pid_pos": [2.0, 0.047189801931381226, 0.0], "k_pid_alt": [2.0, 0.0, 1.0], "k_pid_att": [94.30766296386719, 9.999999747378752e-05, 1.0], "k_pid_yaw": [0.5, 1e-06, 0.1], "k_pid_hsp": [0.9319243431091309, 0.0, 1.0], "k_pid_vsp": [0.0, 391.1022644042969, 385.2245788574219]}, "datetime": {"datetime": "2025-08-13 23:13:52", "elapsed": 48360.470314502716, "delta": 30.824735641479492}, "costs": {"total_cost": 1671.3614564728025, "time_cost": 150, "final_distance_cost": 81.03654956251076, "oscillation_cost": 368.85906657445395, "completition_cost": 888.8888888888888, "overshoot_cost": 107.26117772290358, "power_cost": 37.237894689941406, "noise_cost": 38.0778790341042, "n_waypoints_completed": 1, "tot_waypoints": 9}}
{"target": -2383.9954441570367, "params": {"k_pid_pos": [1.9307883977890015, 0.04446503520011902, 0.0], "k_pid_alt": [2.0, 0.10294952988624573, 1.0], "k_pid_att": [100.0, 0.314807265996933, 1.0], "k_pid_yaw": [0.5, 1e-06, 0.1], "k_pid_hsp": [0.8047031164169312, 0.0, 1.0], "k_pid_vsp": [0.0, 392.7886962890625, 400.0]}, "datetime": {"datetime": "2025-08-13 23:14:22", "elapsed": 48390.71961379051, "delta": 30.24929928779602}, "costs": {"total_cost": 2383.9954441570367, "time_cost": 150, "final_distance_cost": 494.9473351304649, "oscillation_cost": 426.919257671534, "completition_cost": 777.7777777777778, "overshoot_cost": 468.0082990517174, "power_cost": 36.13029368896485, "noise_cost": 30.21248083657775, "n_waypoints_completed": 2, "tot_waypoints": 9}}
{"target": -6749.9540925039855, "params": {"k_pid_pos": [2.0, 0.07987245917320251, 0.0], "k_pid_alt": [1.9237271547317505, 0.0, 1.0], "k_pid_att": [100.0, 9.999999747378752e-05, 0.8897366523742676], "k_pid_yaw": [0.5, 1e-06, 0.1], "k_pid_hsp": [0.9054008722305298, 0.0, 0.9900853037834167], "k_pid_vsp": [0.0, 386.2537841796875, 364.5783996582031]}, "datetime": {"datetime": "2025-08-13 23:14:52", "elapsed": 48420.8375184536, "delta": 30.117904663085938}, "costs": {"total_cost": 6749.9540925039855, "time_cost": 150, "final_distance_cost": 1811.6229098363797, "oscillation_cost": 669.7178614425342, "completition_cost": 888.8888888888888, "overshoot_cost": 3165.4612790767837, "power_cost": 33.68514233398437, "noise_cost": 30.578010925414315, "n_waypoints_completed": 1, "tot_waypoints": 9}}
{"target": -2414.4619957156433, "params": {"k_pid_pos": [1.9490485191345215, 0.0035258233547210693, 0.043132632970809937], "k_pid_alt": [2.0, 0.0, 1.0], "k_pid_att": [97.47937774658203, 0.10276439785957336, 1.0], "k_pid_yaw": [0.5, 1e-06, 0.1], "k_pid_hsp": [9.999999747378752e-05, 0.0007651448249816895, 1.0], "k_pid_vsp": [0.0, 400.0, 400.0]}, "datetime": {"datetime": "2025-08-13 23:15:22", "elapsed": 48450.58835840225, "delta": 29.750839948654175}, "costs": {"total_cost": 2414.4619957156433, "time_cost": 150, "final_distance_cost": 106.4080521246924, "oscillation_cost": 801.8962379845178, "completition_cost": 1000.0, "overshoot_cost": 295.5201030050187, "power_cost": 33.35400668945313, "noise_cost": 27.283595911961136, "n_waypoints_completed": 0, "tot_waypoints": 9}}
{"target": -2085.739574962386, "params": {"k_pid_pos": [1.9746149778366089, 0.016304194927215576, 0.0], "k_pid_alt": [1.9582545757293701, 0.0, 1.0], "k_pid_att": [91.49490356445312, 9.999999747378752e-05, 1.0], "k_pid_yaw": [0.5, 1e-06, 0.1], "k_pid_hsp": [9.999999747378752e-05, 0.008912265300750732, 1.0], "k_pid_vsp": [30.109405517578125, 400.0, 400.0]}, "datetime": {"datetime": "2025-08-13 23:15:54", "elapsed": 48482.190313100815, "delta": 31.601954698562622}, "costs": {"total_cost": 2085.739574962386, "time_cost": 150, "final_distance_cost": 44.88969298930643, "oscillation_cost": 751.901906860066, "completition_cost": 1000.0, "overshoot_cost": 61.47747604241282, "power_cost": 39.12741639404297, "noise_cost": 38.34308267655811, "n_waypoints_completed": 0, "tot_waypoints": 9}}
{"target": -2246.783477905097, "params": {"k_pid_pos": [2.0, 0.020777642726898193, 0.010019004344940186], "k_pid_alt": [1.8304502964019775, 0.0, 0.9962932467460632], "k_pid_att": [95.10520935058594, 0.8685658574104309, 0.9719367027282715], "k_pid_yaw": [0.5, 1e-06, 0.1], "k_pid_hsp": [9.999999747378752e-05, 0.10264164209365845, 0.9981634616851807], "k_pid_vsp": [0.0, 400.0, 400.0]}, "datetime": {"datetime": "2025-08-13 23:16:28", "elapsed": 48517.061203956604, "delta": 34.870890855789185}, "costs": {"total_cost": 2246.783477905097, "time_cost": 150, "final_distance_cost": 89.84165283886941, "oscillation_cost": 697.4739030924615, "completition_cost": 1000.0, "overshoot_cost": 181.90360248714026, "power_cost": 41.457999035644534, "noise_cost": 86.10632045098117, "n_waypoints_completed": 0, "tot_waypoints": 9}}
{"target": -3105.712628204457, "params": {"k_pid_pos": [2.0, 0.0, 0.06964120268821716], "k_pid_alt": [2.0, 0.07860499620437622, 0.9639482498168945], "k_pid_att": [100.0, 0.21655955910682678, 1.0], "k_pid_yaw": [0.5, 1e-06, 0.1], "k_pid_hsp": [0.1398068219423294, 0.0, 0.9865416884422302], "k_pid_vsp": [2.0476937294006348, 392.01922607421875, 373.3044738769531]}, "datetime": {"datetime": "2025-08-13 23:17:03", "elapsed": 48551.21712803841, "delta": 34.15592408180237}, "costs": {"total_cost": 3105.712628204457, "time_cost": 150, "final_distance_cost": 458.7231238657298, "oscillation_cost": 781.186499530299, "completition_cost": 1000.0, "overshoot_cost": 655.8656656245201, "power_cost": 32.80313344726563, "noise_cost": 27.134205736641768, "n_waypoints_completed": 0, "tot_waypoints": 9}}
{"target": -5275.982985495786, "params": {"k_pid_pos": [2.0, 0.0, 0.0], "k_pid_alt": [2.0, 0.030546844005584717, 0.9969364404678345], "k_pid_att": [99.28520965576172, 0.07707058638334274, 0.9042038321495056], "k_pid_yaw": [0.5, 1e-06, 0.1], "k_pid_hsp": [0.570902943611145, 0.029765605926513672, 0.8992220163345337], "k_pid_vsp": [13.001453399658203, 400.0, 400.0]}, "datetime": {"datetime": "2025-08-13 23:17:33", "elapsed": 48581.73384428024, "delta": 30.516716241836548}, "costs": {"total_cost": 5275.982985495786, "time_cost": 150, "final_distance_cost": 1268.003873883375, "oscillation_cost": 779.9702009842126, "completition_cost": 888.8888888888888, "overshoot_cost": 2128.3467109846556, "power_cost": 32.611203906250005, "noise_cost": 28.162106848403422, "n_waypoints_completed": 1, "tot_waypoints": 9}}
{"target": -2129.262282811474, "params": {"k_pid_pos": [2.0, 0.005806535482406616, 0.06563878059387207], "k_pid_alt": [2.0, 0.022298187017440796, 1.0], "k_pid_att": [94.998291015625, 0.34099817276000977, 1.0], "k_pid_yaw": [0.5, 1e-06, 0.1], "k_pid_hsp": [0.07725714147090912, 0.026277989149093628, 1.0], "k_pid_vsp": [13.242506980895996, 400.0, 400.0]}, "datetime": {"datetime": "2025-08-13 23:18:03", "elapsed": 48611.900674819946, "delta": 30.16683053970337}, "costs": {"total_cost": 2129.262282811474, "time_cost": 150, "final_distance_cost": 9.910266927871751, "oscillation_cost": 749.5698624104489, "completition_cost": 1000.0, "overshoot_cost": 113.01944396802509, "power_cost": 42.606286535644536, "noise_cost": 64.15642296948347, "n_waypoints_completed": 0, "tot_waypoints": 9}}
{"target": -2576.1634543488462, "params": {"k_pid_pos": [2.0, 0.0, 0.0], "k_pid_alt": [1.930821180343628, 0.0006682276725769043, 0.9429605007171631], "k_pid_att": [99.75818634033203, 9.999999747378752e-05, 1.0], "k_pid_yaw": [0.5, 1e-06, 0.1], "k_pid_hsp": [9.999999747378752e-05, 0.08682999014854431, 0.9125913381576538], "k_pid_vsp": [0.0, 400.0, 396.0185852050781]}, "datetime": {"datetime": "2025-08-13 23:18:34", "elapsed": 48642.27976536751, "delta": 30.379090547561646}, "costs": {"total_cost": 2576.1634543488462, "time_cost": 150, "final_distance_cost": 5.662245413644169, "oscillation_cost": 805.0912866651171, "completition_cost": 1000.0, "overshoot_cost": 544.4875447917317, "power_cost": 38.508294018554686, "noise_cost": 32.41408345979818, "n_waypoints_completed": 0, "tot_waypoints": 9}}
