{"target": -2267.4475120826296, "params": {"k_pid_pos": [2.0, 0.10259723663330078, 0.05157005786895752], "k_pid_alt": [2.0, 0.0, 0.9218457937240601], "k_pid_att": [100.0, 9.999999747378752e-05, 1.0], "k_pid_yaw": [0.5, 1e-06, 0.1], "k_pid_hsp": [9.999999747378752e-05, 0.0, 1.0], "k_pid_vsp": [0.0, 382.552490234375, 400.0]}, "datetime": {"datetime": "2025-08-14 04:53:15", "elapsed": 68723.87722659111, "delta": 27.511611223220825}, "costs": {"total_cost": 2267.4475120826296, "time_cost": 150, "final_distance_cost": 101.38926794228249, "oscillation_cost": 746.0895907023072, "completition_cost": 1000.0, "overshoot_cost": 202.10146210417028, "power_cost": 39.23269468994141, "noise_cost": 28.634496643927772, "n_waypoints_completed": 0, "tot_waypoints": 9}}
{"target": -2233.185637946252, "params": {"k_pid_pos": [2.0, 0.0, 0.10243397951126099], "k_pid_alt": [1.9831303358078003, 0.009946167469024658, 1.0], "k_pid_att": [100.0, 0.27340540289878845, 0.9384698867797852], "k_pid_yaw": [0.5, 1e-06, 0.1], "k_pid_hsp": [9.999999747378752e-05, 0.022329777479171753, 1.0], "k_pid_vsp": [0.0, 400.0, 399.2556457519531]}, "datetime": {"datetime": "2025-08-14 04:53:45", "elapsed": 68753.18385529518, "delta": 29.306628704071045}, "costs": {"total_cost": 2233.185637946252, "time_cost": 150, "final_distance_cost": 115.29167891903393, "oscillation_cost": 771.5981314513666, "completition_cost": 1000.0, "overshoot_cost": 111.47328706057161, "power_cost": 38.37780886230469, "noise_cost": 46.44473165297473, "n_waypoints_completed": 0, "tot_waypoints": 9}}
{"target": -1990.0309615696503, "params": {"k_pid_pos": [2.0, 0.00256231427192688, 0.016989320516586304], "k_pid_alt": [1.8621044158935547, 0.1227654218673706, 1.0], "k_pid_att": [100.0, 0.6861095428466797, 0.9973456263542175], "k_pid_yaw": [0.5, 1e-06, 0.1], "k_pid_hsp": [9.999999747378752e-05, 0.08870437741279602, 0.9551347494125366], "k_pid_vsp": [14.000248908996582, 400.0, 400.0]}, "datetime": {"datetime": "2025-08-14 04:54:13", "elapsed": 68781.56156682968, "delta": 28.377711534500122}, "costs": {"total_cost": 1990.0309615696503, "time_cost": 150, "final_distance_cost": 48.78800878839046, "oscillation_cost": 740.0245083084739, "completition_cost": 888.8888888888888, "overshoot_cost": 86.75650636952706, "power_cost": 41.259460180664064, "noise_cost": 34.31358903370612, "n_waypoints_completed": 1, "tot_waypoints": 9}}
{"target": -8073.101540316138, "params": {"k_pid_pos": [1.8924168348312378, 0.028605014085769653, 0.0], "k_pid_alt": [2.0, 0.05764728784561157, 1.0], "k_pid_att": [100.0, 9.999999747378752e-05, 1.0], "k_pid_yaw": [0.5, 1e-06, 0.1], "k_pid_hsp": [0.5866458415985107, 0.0, 0.9752846956253052], "k_pid_vsp": [0.0, 386.5986328125, 360.8382263183594]}, "datetime": {"datetime": "2025-08-14 04:54:40", "elapsed": 68808.61286902428, "delta": 27.051302194595337}, "costs": {"total_cost": 8073.101540316138, "time_cost": 150, "final_distance_cost": 1981.2601660542907, "oscillation_cost": 746.9227377194549, "completition_cost": 1000.0, "overshoot_cost": 4132.669849111209, "power_cost": 33.88649381103516, "noise_cost": 28.36229362014809, "n_waypoints_completed": 0, "tot_waypoints": 9}}
{"target": -1919.2024831951464, "params": {"k_pid_pos": [1.9560178518295288, 0.0, 0.09077951312065125], "k_pid_alt": [1.9254353046417236, 0.0, 0.934856653213501], "k_pid_att": [97.01862335205078, 0.5382259488105774, 1.0], "k_pid_yaw": [0.5, 1e-06, 0.1], "k_pid_hsp": [1.0391786098480225, 0.08559304475784302, 1.0], "k_pid_vsp": [16.314327239990234, 389.2775573730469, 381.4159240722656]}, "datetime": {"datetime": "2025-08-14 04:55:09", "elapsed": 68837.08425211906, "delta": 28.471383094787598}, "costs": {"total_cost": 1919.2024831951464, "time_cost": 150, "final_distance_cost": 51.89047990704923, "oscillation_cost": 563.1143545575535, "completition_cost": 888.8888888888888, "overshoot_cost": 136.6040933417899, "power_cost": 39.55943571777344, "noise_cost": 89.14523078209156, "n_waypoints_completed": 1, "tot_waypoints": 9}}
{"target": -2077.7043797565193, "params": {"k_pid_pos": [1.659745216369629, 0.0, 0.0], "k_pid_alt": [2.0, 0.019338995218276978, 1.0], "k_pid_att": [100.0, 9.999999747378752e-05, 0.9934319257736206], "k_pid_yaw": [0.5, 1e-06, 0.1], "k_pid_hsp": [9.999999747378752e-05, 0.0004582405090332031, 1.0], "k_pid_vsp": [0.0, 400.0, 373.64801025390625]}, "datetime": {"datetime": "2025-08-14 04:55:37", "elapsed": 68865.64137554169, "delta": 28.55712342262268}, "costs": {"total_cost": 2077.7043797565193, "time_cost": 150, "final_distance_cost": 88.26778768795047, "oscillation_cost": 680.9183986618569, "completition_cost": 1000.0, "overshoot_cost": 95.97247782352385, "power_cost": 34.302014172363286, "noise_cost": 28.24370141082469, "n_waypoints_completed": 0, "tot_waypoints": 9}}
{"target": -1911.976560136834, "params": {"k_pid_pos": [1.9653419256210327, 0.0, 0.0], "k_pid_alt": [1.916451334953308, 0.06837353110313416, 1.0], "k_pid_att": [94.46923828125, 9.999999747378752e-05, 1.0], "k_pid_yaw": [0.5, 1e-06, 0.1], "k_pid_hsp": [9.999999747378752e-05, 0.0, 0.9335002899169922], "k_pid_vsp": [4.242336750030518, 400.0, 400.0]}, "datetime": {"datetime": "2025-08-14 04:56:05", "elapsed": 68893.47922849655, "delta": 27.837852954864502}, "costs": {"total_cost": 1911.976560136834, "time_cost": 150, "final_distance_cost": 80.26867761638843, "oscillation_cost": 751.4826994700602, "completition_cost": 777.7777777777778, "overshoot_cost": 84.25956521944103, "power_cost": 39.18514328613281, "noise_cost": 29.00269676703358, "n_waypoints_completed": 2, "tot_waypoints": 9}}
{"target": -2145.9758791790464, "params": {"k_pid_pos": [1.9188064336776733, 0.0, 0.0], "k_pid_alt": [1.9553710222244263, 0.0, 0.9298833012580872], "k_pid_att": [100.0, 9.999999747378752e-05, 0.9722673892974854], "k_pid_yaw": [0.5, 1e-06, 0.1], "k_pid_hsp": [9.999999747378752e-05, 0.008280664682388306, 0.956657886505127], "k_pid_vsp": [6.325423717498779, 400.0, 400.0]}, "datetime": {"datetime": "2025-08-14 04:56:33", "elapsed": 68921.47788405418, "delta": 27.998655557632446}, "costs": {"total_cost": 2145.9758791790464, "time_cost": 150, "final_distance_cost": 20.257962901729925, "oscillation_cost": 750.2355947590695, "completition_cost": 1000.0, "overshoot_cost": 113.94481221117036, "power_cost": 42.00542523193359, "noise_cost": 69.532084075143, "n_waypoints_completed": 0, "tot_waypoints": 9}}
{"target": -2761.1359620010967, "params": {"k_pid_pos": [1.9516973495483398, 0.0, 0.08064109086990356], "k_pid_alt": [1.9880881309509277, 0.0, 1.0], "k_pid_att": [100.0, 0.7996776103973389, 1.0], "k_pid_yaw": [0.5, 1e-06, 0.1], "k_pid_hsp": [9.999999747378752e-05, 0.05078354477882385, 0.9932997226715088], "k_pid_vsp": [5.445623397827148, 394.2858581542969, 383.3524169921875]}, "datetime": {"datetime": "2025-08-14 04:57:03", "elapsed": 68951.97012424469, "delta": 30.49224019050598}, "costs": {"total_cost": 2761.1359620010967, "time_cost": 150, "final_distance_cost": 498.7470073759879, "oscillation_cost": 752.1297906265378, "completition_cost": 888.8888888888888, "overshoot_cost": 408.3962068857737, "power_cost": 35.1617599609375, "noise_cost": 27.81230826297095, "n_waypoints_completed": 1, "tot_waypoints": 9}}
{"target": -3031.4571084138693, "params": {"k_pid_pos": [1.9644948244094849, 0.009046167135238647, 0.0], "k_pid_alt": [1.927567720413208, 0.0, 1.0], "k_pid_att": [96.88260650634766, 9.999999747378752e-05, 0.9707968235015869], "k_pid_yaw": [0.5, 1e-06, 0.1], "k_pid_hsp": [0.3951013684272766, 0.07477205991744995, 0.946345329284668], "k_pid_vsp": [0.0, 367.81219482421875, 396.97381591796875]}, "datetime": {"datetime": "2025-08-14 04:57:32", "elapsed": 68980.67229223251, "delta": 28.702167987823486}, "costs": {"total_cost": 3031.4571084138693, "time_cost": 150, "final_distance_cost": 590.7173699733604, "oscillation_cost": 547.3201128281402, "completition_cost": 1000.0, "overshoot_cost": 677.914496370428, "power_cost": 36.384773400878906, "noise_cost": 29.120355841061528, "n_waypoints_completed": 0, "tot_waypoints": 9}}
{"target": -1968.7665643602252, "params": {"k_pid_pos": [1.902937412261963, 0.0, 0.0], "k_pid_alt": [1.9835493564605713, 0.04410034418106079, 1.0], "k_pid_att": [96.02398681640625, 1.6481266021728516, 0.993706226348877], "k_pid_yaw": [0.5, 1e-06, 0.1], "k_pid_hsp": [9.999999747378752e-05, 0.0, 0.9715021252632141], "k_pid_vsp": [0.0, 369.9512023925781, 400.0]}, "datetime": {"datetime": "2025-08-14 04:57:59", "elapsed": 69007.80279946327, "delta": 27.130507230758667}, "costs": {"total_cost": 1968.7665643602252, "time_cost": 150, "final_distance_cost": 57.38050427418641, "oscillation_cost": 732.3262012400976, "completition_cost": 888.8888888888888, "overshoot_cost": 72.41105451277492, "power_cost": 38.99306254882813, "noise_cost": 28.766852895449144, "n_waypoints_completed": 1, "tot_waypoints": 9}}
{"target": -2342.8945152428587, "params": {"k_pid_pos": [1.990262508392334, 0.0, 0.0], "k_pid_alt": [1.8046824932098389, 0.020003855228424072, 0.9954094886779785], "k_pid_att": [99.6932601928711, 9.999999747378752e-05, 1.0], "k_pid_yaw": [0.5, 1e-06, 0.1], "k_pid_hsp": [9.999999747378752e-05, 0.0, 1.0], "k_pid_vsp": [0.0, 400.0, 400.0]}, "datetime": {"datetime": "2025-08-14 04:58:28", "elapsed": 69036.45185613632, "delta": 28.649056673049927}, "costs": {"total_cost": 2342.8945152428587, "time_cost": 150, "final_distance_cost": 79.92804347368322, "oscillation_cost": 674.1094321827624, "completition_cost": 1000.0, "overshoot_cost": 376.5296676522186, "power_cost": 34.83529254150391, "noise_cost": 27.49207939269069, "n_waypoints_completed": 0, "tot_waypoints": 9}}
{"target": -2960.5221643018513, "params": {"k_pid_pos": [1.9687938690185547, 0.0, 0.0], "k_pid_alt": [1.8864614963531494, 0.0, 0.8903539180755615], "k_pid_att": [100.0, 0.4710789620876312, 0.9505270719528198], "k_pid_yaw": [0.5, 1e-06, 0.1], "k_pid_hsp": [0.6410700082778931, 0.0, 0.972798228263855], "k_pid_vsp": [22.721290588378906, 378.1199951171875, 378.0306701660156]}, "datetime": {"datetime": "2025-08-14 04:58:58", "elapsed": 69066.32008695602, "delta": 29.86823081970215}, "costs": {"total_cost": 2960.5221643018513, "time_cost": 150, "final_distance_cost": 371.23983987768275, "oscillation_cost": 716.9150847505603, "completition_cost": 888.8888888888888, "overshoot_cost": 767.3224244831617, "power_cost": 34.808879809570314, "noise_cost": 31.347046491987467, "n_waypoints_completed": 1, "tot_waypoints": 9}}
{"target": -2140.540705833119, "params": {"k_pid_pos": [2.0, 0.0, 0.047156840562820435], "k_pid_alt": [1.8895330429077148, 0.0, 1.0], "k_pid_att": [100.0, 9.999999747378752e-05, 0.9735660552978516], "k_pid_yaw": [0.5, 1e-06, 0.1], "k_pid_hsp": [0.1507599651813507, 0.05363863706588745, 0.9174047708511353], "k_pid_vsp": [11.70799732208252, 382.1141357421875, 400.0]}, "datetime": {"datetime": "2025-08-14 04:59:27", "elapsed": 69095.50187706947, "delta": 29.181790113449097}, "costs": {"total_cost": 2140.540705833119, "time_cost": 150, "final_distance_cost": 44.27214059979038, "oscillation_cost": 698.6758182148968, "completition_cost": 1000.0, "overshoot_cost": 184.66295016306708, "power_cost": 35.20288983154297, "noise_cost": 27.726907023821024, "n_waypoints_completed": 0, "tot_waypoints": 9}}
{"target": -5430.650931390417, "params": {"k_pid_pos": [1.9144974946975708, 0.012069106101989746, 0.08175373077392578], "k_pid_alt": [2.0, 0.038072943687438965, 0.9168753027915955], "k_pid_att": [100.0, 9.999999747378752e-05, 0.9579281806945801], "k_pid_yaw": [0.5, 1e-06, 0.1], "k_pid_hsp": [9.999999747378752e-05, 0.0, 1.0], "k_pid_vsp": [10.26914119720459, 400.0, 392.5964050292969]}, "datetime": {"datetime": "2025-08-14 04:59:54", "elapsed": 69122.82850933075, "delta": 27.326632261276245}, "costs": {"total_cost": 5430.650931390417, "time_cost": 150, "final_distance_cost": 1336.6513357214815, "oscillation_cost": 626.0499363584664, "completition_cost": 1000.0, "overshoot_cost": 2257.11189460848, "power_cost": 33.309218969726565, "noise_cost": 27.528545732263822, "n_waypoints_completed": 0, "tot_waypoints": 9}}
{"target": -2291.1523625149002, "params": {"k_pid_pos": [2.0, 0.00012549757957458496, 0.06800651550292969], "k_pid_alt": [1.9403395652770996, 0.0, 1.0], "k_pid_att": [100.0, 0.1523817926645279, 1.0], "k_pid_yaw": [0.5, 1e-06, 0.1], "k_pid_hsp": [1.2005711793899536, 0.08647137880325317, 1.0], "k_pid_vsp": [0.0, 381.9058837890625, 372.1876220703125]}, "datetime": {"datetime": "2025-08-14 05:00:23", "elapsed": 69151.29654932022, "delta": 28.468039989471436}, "costs": {"total_cost": 2291.1523625149002, "time_cost": 150, "final_distance_cost": 273.73586247188604, "oscillation_cost": 646.9829869823753, "completition_cost": 888.8888888888888, "overshoot_cost": 207.55189707614235, "power_cost": 38.27252452392578, "noise_cost": 85.72020257168184, "n_waypoints_completed": 1, "tot_waypoints": 9}}
{"target": -3838.9137219647073, "params": {"k_pid_pos": [1.9104070663452148, 0.031940758228302, 0.0], "k_pid_alt": [1.8816909790039062, 0.0, 1.0], "k_pid_att": [93.52152252197266, 9.999999747378752e-05, 0.9915159940719604], "k_pid_yaw": [0.5, 1e-06, 0.1], "k_pid_hsp": [0.4310610890388489, 0.0, 1.0], "k_pid_vsp": [17.465364456176758, 400.0, 386.22186279296875]}, "datetime": {"datetime": "2025-08-14 05:00:52", "elapsed": 69180.41779398918, "delta": 29.12124466896057}, "costs": {"total_cost": 3838.9137219647073, "time_cost": 150, "final_distance_cost": 569.8158244083738, "oscillation_cost": 803.3314045015882, "completition_cost": 1000.0, "overshoot_cost": 1254.768646513101, "power_cost": 32.99066788330078, "noise_cost": 28.007178658343516, "n_waypoints_completed": 0, "tot_waypoints": 9}}
{"target": -5061.068651483155, "params": {"k_pid_pos": [2.0, 0.06706172227859497, 0.0], "k_pid_alt": [2.0, 0.0, 1.0], "k_pid_att": [94.39169311523438, 0.10155265033245087, 1.0], "k_pid_yaw": [0.5, 1e-06, 0.1], "k_pid_hsp": [9.999999747378752e-05, 0.05378836393356323, 0.9257987141609192], "k_pid_vsp": [0.0, 377.367919921875, 400.0]}, "datetime": {"datetime": "2025-08-14 05:01:20", "elapsed": 69208.39052271843, "delta": 27.972728729248047}, "costs": {"total_cost": 5061.068651483155, "time_cost": 150, "final_distance_cost": 909.1243829144513, "oscillation_cost": 690.2658744287554, "completition_cost": 1000.0, "overshoot_cost": 2250.9227132631745, "power_cost": 33.34570633544922, "noise_cost": 27.409974541325045, "n_waypoints_completed": 0, "tot_waypoints": 9}}
{"target": -2100.1682641208495, "params": {"k_pid_pos": [1.967811107635498, 0.0, 0.00839415192604065], "k_pid_alt": [2.0, 0.0, 1.0], "k_pid_att": [99.0296630859375, 9.999999747378752e-05, 0.9914036393165588], "k_pid_yaw": [0.5, 1e-06, 0.1], "k_pid_hsp": [0.08833097666501999, 0.0, 0.9188714623451233], "k_pid_vsp": [0.0, 395.64617919921875, 371.29986572265625]}, "datetime": {"datetime": "2025-08-14 05:01:48", "elapsed": 69236.80859375, "delta": 28.418071031570435}, "costs": {"total_cost": 2100.1682641208495, "time_cost": 150, "final_distance_cost": 46.39029219565273, "oscillation_cost": 733.2418435396793, "completition_cost": 1000.0, "overshoot_cost": 104.95253168255866, "power_cost": 36.9955648803711, "noise_cost": 28.588031822587794, "n_waypoints_completed": 0, "tot_waypoints": 9}}
{"target": -2305.261376618701, "params": {"k_pid_pos": [2.0, 0.0, 0.0], "k_pid_alt": [2.0, 0.0, 0.910991907119751], "k_pid_att": [100.0, 9.999999747378752e-05, 0.9890749454498291], "k_pid_yaw": [0.5, 1e-06, 0.1], "k_pid_hsp": [9.999999747378752e-05, 0.0678648054599762, 1.0], "k_pid_vsp": [0.0, 373.7239685058594, 394.46014404296875]}, "datetime": {"datetime": "2025-08-14 05:02:18", "elapsed": 69266.1172516346, "delta": 29.30865788459778}, "costs": {"total_cost": 2305.261376618701, "time_cost": 150, "final_distance_cost": 56.03807359526756, "oscillation_cost": 753.0596408088314, "completition_cost": 1000.0, "overshoot_cost": 259.3390686058998, "power_cost": 40.41496950683594, "noise_cost": 46.40962410186664, "n_waypoints_completed": 0, "tot_waypoints": 9}}
{"target": -1973.502030163209, "params": {"k_pid_pos": [2.0, 0.0, 0.0], "k_pid_alt": [2.0, 0.07293462753295898, 0.9694079160690308], "k_pid_att": [93.36719512939453, 9.999999747378752e-05, 0.9634502530097961], "k_pid_yaw": [0.5, 1e-06, 0.1], "k_pid_hsp": [0.5201921463012695, 0.0, 1.0], "k_pid_vsp": [0.0, 400.0, 398.9904479980469]}, "datetime": {"datetime": "2025-08-14 05:02:45", "elapsed": 69293.28162837029, "delta": 27.164376735687256}, "costs": {"total_cost": 1973.502030163209, "time_cost": 150, "final_distance_cost": 26.675173538032528, "oscillation_cost": 502.86608302908115, "completition_cost": 1000.0, "overshoot_cost": 181.81542804223395, "power_cost": 40.76295582275391, "noise_cost": 71.38238973110766, "n_waypoints_completed": 0, "tot_waypoints": 9}}
{"target": -4866.462019790859, "params": {"k_pid_pos": [2.0, 0.02795940637588501, 0.0], "k_pid_alt": [2.0, 0.0, 0.8945726752281189], "k_pid_att": [100.0, 0.6354994177818298, 0.9352260231971741], "k_pid_yaw": [0.5, 1e-06, 0.1], "k_pid_hsp": [0.45892778038978577, 0.0, 0.9352545738220215], "k_pid_vsp": [9.252142906188965, 400.0, 400.0]}, "datetime": {"datetime": "2025-08-14 05:03:13", "elapsed": 69321.18339443207, "delta": 27.901766061782837}, "costs": {"total_cost": 4866.462019790859, "time_cost": 150, "final_distance_cost": 1170.1159801599285, "oscillation_cost": 686.8340655543502, "completition_cost": 1000.0, "overshoot_cost": 1797.5298724970478, "power_cost": 33.81409892578125, "noise_cost": 28.168002653751067, "n_waypoints_completed": 0, "tot_waypoints": 9}}
{"target": -4816.945932543533, "params": {"k_pid_pos": [2.0, 0.06715908646583557, 0.015290558338165283], "k_pid_alt": [2.0, 0.06968426704406738, 0.9504685997962952], "k_pid_att": [100.0, 9.999999747378752e-05, 1.0], "k_pid_yaw": [0.5, 1e-06, 0.1], "k_pid_hsp": [0.5551972985267639, 0.0, 1.0], "k_pid_vsp": [12.49905776977539, 389.4580383300781, 400.0]}, "datetime": {"datetime": "2025-08-14 05:03:42", "elapsed": 69350.27165579796, "delta": 29.088261365890503}, "costs": {"total_cost": 4816.945932543533, "time_cost": 150, "final_distance_cost": 1065.51725975159, "oscillation_cost": 717.7787954388868, "completition_cost": 1000.0, "overshoot_cost": 1820.678430695912, "power_cost": 34.40226931152344, "noise_cost": 28.56917734562127, "n_waypoints_completed": 0, "tot_waypoints": 9}}
{"target": -2208.1852967429572, "params": {"k_pid_pos": [1.7997106313705444, 0.0, 0.023916184902191162], "k_pid_alt": [2.0, 0.07352668046951294, 1.0], "k_pid_att": [100.0, 0.294485867023468, 0.9946236610412598], "k_pid_yaw": [0.5, 1e-06, 0.1], "k_pid_hsp": [9.999999747378752e-05, 0.0, 1.0], "k_pid_vsp": [35.226558685302734, 364.4861755371094, 400.0]}, "datetime": {"datetime": "2025-08-14 05:04:10", "elapsed": 69378.89376664162, "delta": 28.622110843658447}, "costs": {"total_cost": 2208.1852967429572, "time_cost": 150, "final_distance_cost": 50.68563814521873, "oscillation_cost": 686.148485706805, "completition_cost": 1000.0, "overshoot_cost": 257.752555389368, "power_cost": 35.51152596435547, "noise_cost": 28.087091537210338, "n_waypoints_completed": 0, "tot_waypoints": 9}}
{"target": -3096.1126185214407, "params": {"k_pid_pos": [2.0, 0.0, 0.0], "k_pid_alt": [2.0, 0.0, 0.9932637214660645], "k_pid_att": [100.0, 9.999999747378752e-05, 0.9783693552017212], "k_pid_yaw": [0.5, 1e-06, 0.1], "k_pid_hsp": [0.5447120666503906, 0.04062741994857788, 1.0], "k_pid_vsp": [8.353209495544434, 400.0, 387.8074035644531]}, "datetime": {"datetime": "2025-08-14 05:04:39", "elapsed": 69407.46517896652, "delta": 28.571412324905396}, "costs": {"total_cost": 3096.1126185214407, "time_cost": 150, "final_distance_cost": 564.3020743916674, "oscillation_cost": 719.3523013972223, "completition_cost": 888.8888888888888, "overshoot_cost": 712.588304155883, "power_cost": 32.99123475341797, "noise_cost": 27.98981493436118, "n_waypoints_completed": 1, "tot_waypoints": 9}}
{"target": -3424.6303270566796, "params": {"k_pid_pos": [2.0, 0.0, 0.03625258803367615], "k_pid_alt": [2.0, 0.0, 1.0], "k_pid_att": [100.0, 9.999999747378752e-05, 1.0], "k_pid_yaw": [0.5, 1e-06, 0.1], "k_pid_hsp": [0.009856884367763996, 0.05207866430282593, 0.9893423318862915], "k_pid_vsp": [13.899696350097656, 391.6380310058594, 377.8616943359375]}, "datetime": {"datetime": "2025-08-14 05:05:08", "elapsed": 69436.68252587318, "delta": 29.217346906661987}, "costs": {"total_cost": 3424.6303270566796, "time_cost": 150, "final_distance_cost": 794.4525215248551, "oscillation_cost": 702.4249074008774, "completition_cost": 1000.0, "overshoot_cost": 716.1701359056025, "power_cost": 33.967291809082035, "noise_cost": 27.615470416262898, "n_waypoints_completed": 0, "tot_waypoints": 9}}
{"target": -2040.1549030846725, "params": {"k_pid_pos": [1.788234829902649, 0.0310094952583313, 0.008286088705062866], "k_pid_alt": [1.9330551624298096, 0.027370691299438477, 0.9618754386901855], "k_pid_att": [100.0, 9.999999747378752e-05, 0.9960697889328003], "k_pid_yaw": [0.5, 1e-06, 0.1], "k_pid_hsp": [9.999999747378752e-05, 0.0, 0.9521543979644775], "k_pid_vsp": [20.438825607299805, 391.66888427734375, 400.0]}, "datetime": {"datetime": "2025-08-14 05:05:37", "elapsed": 69465.42358469963, "delta": 28.741058826446533}, "costs": {"total_cost": 2040.1549030846725, "time_cost": 150, "final_distance_cost": 89.57225522436948, "oscillation_cost": 766.8571790691279, "completition_cost": 888.8888888888888, "overshoot_cost": 81.51614174924474, "power_cost": 35.50599798583985, "noise_cost": 27.814440167201415, "n_waypoints_completed": 1, "tot_waypoints": 9}}
