{"target": -4879.148408556493, "params": {"k_pid_pos": [2.0, 0.0, 0.0], "k_pid_alt": [2.0, 0.0, 0.9913413524627686], "k_pid_att": [97.22539520263672, 0.2546176016330719, 0.9743125438690186], "k_pid_yaw": [0.5, 1e-06, 0.1], "k_pid_hsp": [0.22383959591388702, 0.0, 1.0], "k_pid_vsp": [0.0, 383.3456115722656, 387.01416015625]}, "datetime": {"datetime": "2025-08-13 18:00:39", "elapsed": 29567.96346616745, "delta": 43.669599533081055}, "costs": {"total_cost": 4879.148408556493, "time_cost": 150, "final_distance_cost": 1099.5072568239423, "oscillation_cost": 763.5030327797971, "completition_cost": 1000.0, "overshoot_cost": 1806.393019493442, "power_cost": 32.6912531616211, "noise_cost": 27.053846297692335, "n_waypoints_completed": 0, "tot_waypoints": 9}}
{"target": -3173.8692225445943, "params": {"k_pid_pos": [1.8519593477249146, 0.04006108641624451, 0.0027795732021331787], "k_pid_alt": [2.0, 0.0024122893810272217, 0.9790409803390503], "k_pid_att": [97.45530700683594, 0.49543496966362, 1.0], "k_pid_yaw": [0.5, 1e-06, 0.1], "k_pid_hsp": [9.999999747378752e-05, 0.0, 0.9822810888290405], "k_pid_vsp": [0.863182544708252, 371.5762939453125, 397.59912109375]}, "datetime": {"datetime": "2025-08-13 18:01:09", "elapsed": 29597.968513727188, "delta": 30.00504755973816}, "costs": {"total_cost": 3173.8692225445943, "time_cost": 150, "final_distance_cost": 603.8194063716987, "oscillation_cost": 743.7627660749221, "completition_cost": 1000.0, "overshoot_cost": 608.6276239240955, "power_cost": 36.274028515625, "noise_cost": 31.385397658252682, "n_waypoints_completed": 0, "tot_waypoints": 9}}
{"target": -4945.666781706007, "params": {"k_pid_pos": [1.8220720291137695, 0.023002028465270996, 0.0], "k_pid_alt": [1.9488625526428223, 0.011109411716461182, 1.0], "k_pid_att": [100.0, 0.03141090273857117, 1.0], "k_pid_yaw": [0.5, 1e-06, 0.1], "k_pid_hsp": [0.3989705741405487, 0.015850931406021118, 1.0], "k_pid_vsp": [12.419748306274414, 378.3002014160156, 400.0]}, "datetime": {"datetime": "2025-08-13 18:01:39", "elapsed": 29627.283096313477, "delta": 29.314582586288452}, "costs": {"total_cost": 4945.666781706007, "time_cost": 150, "final_distance_cost": 1507.3334499124928, "oscillation_cost": 620.2722111465332, "completition_cost": 777.7777777777778, "overshoot_cost": 1826.9952674185806, "power_cost": 33.749935400390626, "noise_cost": 29.538140050232517, "n_waypoints_completed": 2, "tot_waypoints": 9}}
{"target": -4358.673071338206, "params": {"k_pid_pos": [2.0, 0.0, 0.04520696401596069], "k_pid_alt": [2.0, 0.008236050605773926, 0.9001495838165283], "k_pid_att": [100.0, 0.18657782673835754, 1.0], "k_pid_yaw": [0.5, 1e-06, 0.1], "k_pid_hsp": [1.0753880739212036, 0.0, 1.0], "k_pid_vsp": [0.0, 394.5321350097656, 400.0]}, "datetime": {"datetime": "2025-08-13 18:02:07", "elapsed": 29655.778366804123, "delta": 28.495270490646362}, "costs": {"total_cost": 4358.673071338206, "time_cost": 150, "final_distance_cost": 693.9665767742595, "oscillation_cost": 657.9454957722468, "completition_cost": 1000.0, "overshoot_cost": 1792.771280459587, "power_cost": 34.71348165283203, "noise_cost": 29.276236679280224, "n_waypoints_completed": 0, "tot_waypoints": 9}}
{"target": -2069.7885768333713, "params": {"k_pid_pos": [1.9596558809280396, 0.0, 0.01160779595375061], "k_pid_alt": [2.0, 0.0, 1.0], "k_pid_att": [95.49392700195312, 0.12990838289260864, 1.0], "k_pid_yaw": [0.5, 1e-06, 0.1], "k_pid_hsp": [0.34316927194595337, 0.027739256620407104, 1.0], "k_pid_vsp": [0.0, 400.0, 394.54559326171875]}, "datetime": {"datetime": "2025-08-13 18:02:36", "elapsed": 29684.517150878906, "delta": 28.738784074783325}, "costs": {"total_cost": 2069.7885768333713, "time_cost": 150, "final_distance_cost": 48.18276008127317, "oscillation_cost": 597.317604684546, "completition_cost": 888.8888888888888, "overshoot_cost": 307.50728894395127, "power_cost": 38.967470605468755, "noise_cost": 38.924563629243245, "n_waypoints_completed": 1, "tot_waypoints": 9}}
{"target": -2798.640640463318, "params": {"k_pid_pos": [1.9090484380722046, 0.0, 0.0], "k_pid_alt": [2.0, 0.0, 0.9175976514816284], "k_pid_att": [98.5542984008789, 0.112761490046978, 1.0], "k_pid_yaw": [0.5, 1e-06, 0.1], "k_pid_hsp": [9.999999747378752e-05, 0.0, 0.9564427733421326], "k_pid_vsp": [5.006396770477295, 400.0, 380.8897399902344]}, "datetime": {"datetime": "2025-08-13 18:03:05", "elapsed": 29713.3806579113, "delta": 28.86350703239441}, "costs": {"total_cost": 2798.640640463318, "time_cost": 150, "final_distance_cost": 331.44982412646004, "oscillation_cost": 772.9515972652254, "completition_cost": 1000.0, "overshoot_cost": 478.88252385864996, "power_cost": 36.895380395507814, "noise_cost": 28.46131481747484, "n_waypoints_completed": 0, "tot_waypoints": 9}}
{"target": -2158.234263598367, "params": {"k_pid_pos": [2.0, 0.022076547145843506, 0.004926472902297974], "k_pid_alt": [1.9734289646148682, 0.03570359945297241, 1.0], "k_pid_att": [100.0, 9.999999747378752e-05, 1.0], "k_pid_yaw": [0.5, 1e-06, 0.1], "k_pid_hsp": [9.999999747378752e-05, 0.0, 1.0], "k_pid_vsp": [54.12907409667969, 385.84918212890625, 391.322509765625]}, "datetime": {"datetime": "2025-08-13 18:03:34", "elapsed": 29742.883125782013, "delta": 29.50246787071228}, "costs": {"total_cost": 2158.234263598367, "time_cost": 150, "final_distance_cost": 60.02917479424868, "oscillation_cost": 782.3429942493148, "completition_cost": 1000.0, "overshoot_cost": 100.39804808442594, "power_cost": 37.23209168701172, "noise_cost": 28.231954783365968, "n_waypoints_completed": 0, "tot_waypoints": 9}}
{"target": -6297.087922967337, "params": {"k_pid_pos": [2.0, 0.0, 0.024935811758041382], "k_pid_alt": [2.0, 0.014499127864837646, 1.0], "k_pid_att": [89.38319396972656, 0.07734952867031097, 1.0], "k_pid_yaw": [0.5, 1e-06, 0.1], "k_pid_hsp": [9.999999747378752e-05, 0.013212740421295166, 1.0], "k_pid_vsp": [21.589553833007812, 400.0, 388.1621398925781]}, "datetime": {"datetime": "2025-08-13 18:04:04", "elapsed": 29772.788969278336, "delta": 29.905843496322632}, "costs": {"total_cost": 6297.087922967337, "time_cost": 150, "final_distance_cost": 1412.0217244257708, "oscillation_cost": 741.2123331625229, "completition_cost": 1000.0, "overshoot_cost": 2934.2481280768234, "power_cost": 32.57654958496094, "noise_cost": 27.029187717259685, "n_waypoints_completed": 0, "tot_waypoints": 9}}
{"target": -2453.03052791786, "params": {"k_pid_pos": [1.9656130075454712, 0.0, 0.0], "k_pid_alt": [1.7356154918670654, 0.0, 1.0], "k_pid_att": [99.39225769042969, 0.13970281183719635, 1.0], "k_pid_yaw": [0.5, 1e-06, 0.1], "k_pid_hsp": [0.36225923895835876, 0.01740136742591858, 0.9758460521697998], "k_pid_vsp": [0.0, 400.0, 368.944091796875]}, "datetime": {"datetime": "2025-08-13 18:04:33", "elapsed": 29801.618334770203, "delta": 28.829365491867065}, "costs": {"total_cost": 2453.03052791786, "time_cost": 150, "final_distance_cost": 59.65694902010142, "oscillation_cost": 713.7076322736999, "completition_cost": 1000.0, "overshoot_cost": 462.5989966745858, "power_cost": 38.28061311035157, "noise_cost": 28.786336839121294, "n_waypoints_completed": 0, "tot_waypoints": 9}}
{"target": -2230.0737750034073, "params": {"k_pid_pos": [1.8190582990646362, 0.005261272192001343, 0.0], "k_pid_alt": [1.8959920406341553, 0.030722081661224365, 0.9931269884109497], "k_pid_att": [99.89282989501953, 9.999999747378752e-05, 0.953545331954956], "k_pid_yaw": [0.5, 1e-06, 0.1], "k_pid_hsp": [0.10407210886478424, 0.013918489217758179, 1.0], "k_pid_vsp": [7.93156623840332, 400.0, 390.9520263671875]}, "datetime": {"datetime": "2025-08-13 18:05:02", "elapsed": 29831.05525135994, "delta": 29.43691658973694}, "costs": {"total_cost": 2230.0737750034073, "time_cost": 150, "final_distance_cost": 62.59468058943057, "oscillation_cost": 727.1997214629125, "completition_cost": 1000.0, "overshoot_cost": 224.16488506948306, "power_cost": 37.921101904296876, "noise_cost": 28.193385977283995, "n_waypoints_completed": 0, "tot_waypoints": 9}}
{"target": -6094.040927014, "params": {"k_pid_pos": [1.970503330230713, 0.012586802244186401, 0.0], "k_pid_alt": [1.9869260787963867, 0.0, 0.9954978227615356], "k_pid_att": [100.0, 0.9129533171653748, 0.9328866004943848], "k_pid_yaw": [0.5, 1e-06, 0.1], "k_pid_hsp": [0.7951595783233643, 0.010096132755279541, 0.99066162109375], "k_pid_vsp": [0.0, 400.0, 387.66046142578125]}, "datetime": {"datetime": "2025-08-13 18:05:31", "elapsed": 29860.067732334137, "delta": 29.012480974197388}, "costs": {"total_cost": 6094.040927014, "time_cost": 150, "final_distance_cost": 1383.7709623889803, "oscillation_cost": 734.2508045762498, "completition_cost": 1000.0, "overshoot_cost": 2759.5331849815134, "power_cost": 35.29246251220703, "noise_cost": 31.193512555048855, "n_waypoints_completed": 0, "tot_waypoints": 9}}
{"target": -2173.5637644430562, "params": {"k_pid_pos": [2.0, 0.0, 0.03995060920715332], "k_pid_alt": [2.0, 0.0, 1.0], "k_pid_att": [100.0, 0.2151782214641571, 1.0], "k_pid_yaw": [0.5, 1e-06, 0.1], "k_pid_hsp": [0.33174169063568115, 0.07406866550445557, 1.0], "k_pid_vsp": [11.774373054504395, 359.95159912109375, 399.9360656738281]}, "datetime": {"datetime": "2025-08-13 18:06:00", "elapsed": 29889.029007196426, "delta": 28.96127486228943}, "costs": {"total_cost": 2173.5637644430562, "time_cost": 150, "final_distance_cost": 50.1164841632458, "oscillation_cost": 694.5954366333004, "completition_cost": 1000.0, "overshoot_cost": 177.26868093570363, "power_cost": 39.78494436035157, "noise_cost": 61.798218350454846, "n_waypoints_completed": 0, "tot_waypoints": 9}}
{"target": -11563.691304926504, "params": {"k_pid_pos": [2.0, 0.0, 0.036896973848342896], "k_pid_alt": [1.9579944610595703, 0.07994991540908813, 0.9856465458869934], "k_pid_att": [99.50306701660156, 0.9368494749069214, 1.0], "k_pid_yaw": [0.5, 1e-06, 0.1], "k_pid_hsp": [9.999999747378752e-05, 0.0, 0.9434753656387329], "k_pid_vsp": [0.0, 400.0, 400.0]}, "datetime": {"datetime": "2025-08-13 18:06:30", "elapsed": 29918.44742679596, "delta": 29.41841959953308}, "costs": {"total_cost": 11563.691304926504, "time_cost": 150, "final_distance_cost": 3030.803553976461, "oscillation_cost": 780.4496063430677, "completition_cost": 1000.0, "overshoot_cost": 6541.639632355832, "power_cost": 33.44712701416016, "noise_cost": 27.351385236983006, "n_waypoints_completed": 0, "tot_waypoints": 9}}
{"target": -3778.919124204063, "params": {"k_pid_pos": [2.0, 0.0, 0.0], "k_pid_alt": [1.963165044784546, 0.06288409233093262, 1.0], "k_pid_att": [97.92536163330078, 0.5022009611129761, 0.9700456857681274], "k_pid_yaw": [0.5, 1e-06, 0.1], "k_pid_hsp": [9.999999747378752e-05, 0.0, 1.0], "k_pid_vsp": [0.0, 394.0133056640625, 400.0]}, "datetime": {"datetime": "2025-08-13 18:06:59", "elapsed": 29947.198768377304, "delta": 28.751341581344604}, "costs": {"total_cost": 3778.919124204063, "time_cost": 150, "final_distance_cost": 540.8872428238171, "oscillation_cost": 729.67254076367, "completition_cost": 1000.0, "overshoot_cost": 1296.8856846975116, "power_cost": 33.71892493896485, "noise_cost": 27.7547309800997, "n_waypoints_completed": 0, "tot_waypoints": 9}}
{"target": -2191.966952927548, "params": {"k_pid_pos": [1.8174420595169067, 0.0, 0.05962085723876953], "k_pid_alt": [1.9355831146240234, 0.047852128744125366, 0.9399158954620361], "k_pid_att": [99.60775756835938, 0.6612221598625183, 1.0], "k_pid_yaw": [0.5, 1e-06, 0.1], "k_pid_hsp": [9.999999747378752e-05, 0.006590366363525391, 1.0], "k_pid_vsp": [0.0, 400.0, 376.6806945800781]}, "datetime": {"datetime": "2025-08-13 18:07:27", "elapsed": 29975.79840040207, "delta": 28.599632024765015}, "costs": {"total_cost": 2191.966952927548, "time_cost": 150, "final_distance_cost": 44.6463751519023, "oscillation_cost": 816.3909780788791, "completition_cost": 1000.0, "overshoot_cost": 116.0733268543836, "power_cost": 36.395636938476564, "noise_cost": 28.460635903906535, "n_waypoints_completed": 0, "tot_waypoints": 9}}
{"target": -8556.141775218879, "params": {"k_pid_pos": [2.0, 0.0, 0.0], "k_pid_alt": [1.8359720706939697, 0.11240795254707336, 1.0], "k_pid_att": [100.0, 9.999999747378752e-05, 0.9480092525482178], "k_pid_yaw": [0.5, 1e-06, 0.1], "k_pid_hsp": [0.30219176411628723, 0.0, 1.0], "k_pid_vsp": [11.948812484741211, 400.0, 400.0]}, "datetime": {"datetime": "2025-08-13 18:07:57", "elapsed": 30005.082020521164, "delta": 29.28362011909485}, "costs": {"total_cost": 8556.141775218879, "time_cost": 150, "final_distance_cost": 2116.275506142867, "oscillation_cost": 772.0767838317073, "completition_cost": 1000.0, "overshoot_cost": 4456.5755151864805, "power_cost": 33.63121290283203, "noise_cost": 27.582757154992674, "n_waypoints_completed": 0, "tot_waypoints": 9}}
{"target": -2116.104134247405, "params": {"k_pid_pos": [1.983693242073059, 0.009908169507980347, 0.0], "k_pid_alt": [2.0, 0.0, 1.0], "k_pid_att": [97.09613037109375, 9.999999747378752e-05, 1.0], "k_pid_yaw": [0.5, 1e-06, 0.1], "k_pid_hsp": [0.42038094997406006, 0.0, 1.0], "k_pid_vsp": [0.0, 400.0, 388.69183349609375]}, "datetime": {"datetime": "2025-08-13 18:08:25", "elapsed": 30034.020505189896, "delta": 28.93848466873169}, "costs": {"total_cost": 2116.104134247405, "time_cost": 150, "final_distance_cost": 4.153022599345265, "oscillation_cost": 649.0775716772008, "completition_cost": 1000.0, "overshoot_cost": 187.92663229177467, "power_cost": 41.06586125488281, "noise_cost": 83.8810464242013, "n_waypoints_completed": 0, "tot_waypoints": 9}}
{"target": -2374.271169166828, "params": {"k_pid_pos": [2.0, 0.0, 0.0], "k_pid_alt": [1.9663281440734863, 0.0, 0.9934322834014893], "k_pid_att": [99.80093383789062, 9.999999747378752e-05, 0.9647693634033203], "k_pid_yaw": [0.5, 1e-06, 0.1], "k_pid_hsp": [9.999999747378752e-05, 0.0, 1.0], "k_pid_vsp": [0.0, 378.7322998046875, 395.1947021484375]}, "datetime": {"datetime": "2025-08-13 18:08:55", "elapsed": 30063.309153556824, "delta": 29.2886483669281}, "costs": {"total_cost": 2374.271169166828, "time_cost": 150, "final_distance_cost": 186.88685936012874, "oscillation_cost": 850.0965397642015, "completition_cost": 1000.0, "overshoot_cost": 124.05311173283044, "power_cost": 35.40901296386719, "noise_cost": 27.825645345799888, "n_waypoints_completed": 0, "tot_waypoints": 9}}
{"target": -2259.5134099275842, "params": {"k_pid_pos": [1.9504677057266235, 0.0, 0.026301711797714233], "k_pid_alt": [1.9806361198425293, 0.0, 0.9956518411636353], "k_pid_att": [97.87483978271484, 9.999999747378752e-05, 1.0], "k_pid_yaw": [0.5, 1e-06, 0.1], "k_pid_hsp": [0.2973972260951996, 0.04616624116897583, 0.9863224029541016], "k_pid_vsp": [0.0, 385.6398620605469, 397.9314880371094]}, "datetime": {"datetime": "2025-08-13 18:09:24", "elapsed": 30092.68493461609, "delta": 29.375781059265137}, "costs": {"total_cost": 2259.5134099275842, "time_cost": 150, "final_distance_cost": 280.51391244877266, "oscillation_cost": 599.687960259385, "completition_cost": 888.8888888888888, "overshoot_cost": 274.4830581764269, "power_cost": 37.20156999511719, "noise_cost": 28.738020158993923, "n_waypoints_completed": 1, "tot_waypoints": 9}}
{"target": -6313.493315738929, "params": {"k_pid_pos": [1.9379527568817139, 0.0068128108978271484, 0.0], "k_pid_alt": [2.0, 0.08600860834121704, 1.0], "k_pid_att": [100.0, 0.518221914768219, 1.0], "k_pid_yaw": [0.5, 1e-06, 0.1], "k_pid_hsp": [9.999999747378752e-05, 0.025362342596054077, 1.0], "k_pid_vsp": [7.390797138214111, 340.7660827636719, 377.392578125]}, "datetime": {"datetime": "2025-08-13 18:09:53", "elapsed": 30121.671593904495, "delta": 28.986659288406372}, "costs": {"total_cost": 6313.493315738929, "time_cost": 150, "final_distance_cost": 1926.1119058413217, "oscillation_cost": 694.7900301132559, "completition_cost": 1000.0, "overshoot_cost": 2482.6853720361564, "power_cost": 32.527929614257815, "noise_cost": 27.37807813393666, "n_waypoints_completed": 0, "tot_waypoints": 9}}
{"target": -3974.054492220089, "params": {"k_pid_pos": [1.9778114557266235, 0.03464770317077637, 0.0], "k_pid_alt": [1.8033647537231445, 0.08449089527130127, 1.0], "k_pid_att": [100.0, 9.999999747378752e-05, 1.0], "k_pid_yaw": [0.5, 1e-06, 0.1], "k_pid_hsp": [9.999999747378752e-05, 0.010201990604400635, 1.0], "k_pid_vsp": [0.0, 387.56610107421875, 382.637451171875]}, "datetime": {"datetime": "2025-08-13 18:10:22", "elapsed": 30150.770820379257, "delta": 29.099226474761963}, "costs": {"total_cost": 3974.054492220089, "time_cost": 150, "final_distance_cost": 800.4060113440273, "oscillation_cost": 760.0771210143988, "completition_cost": 1000.0, "overshoot_cost": 1199.3985155279177, "power_cost": 35.6217695678711, "noise_cost": 28.55107476587398, "n_waypoints_completed": 0, "tot_waypoints": 9}}
{"target": -3587.2787485245703, "params": {"k_pid_pos": [2.0, 0.0, 0.08806020021438599], "k_pid_alt": [1.9682626724243164, 0.1005266010761261, 0.9343484044075012], "k_pid_att": [100.0, 9.999999747378752e-05, 0.9747729301452637], "k_pid_yaw": [0.5, 1e-06, 0.1], "k_pid_hsp": [0.8281695246696472, 0.0, 1.0], "k_pid_vsp": [0.0, 400.0, 391.7887268066406]}, "datetime": {"datetime": "2025-08-13 18:10:51", "elapsed": 30179.613704681396, "delta": 28.842884302139282}, "costs": {"total_cost": 3587.2787485245703, "time_cost": 150, "final_distance_cost": 508.0055750929117, "oscillation_cost": 581.1044528090937, "completition_cost": 1000.0, "overshoot_cost": 1282.975861126668, "power_cost": 35.11294953613282, "noise_cost": 30.07990995976368, "n_waypoints_completed": 0, "tot_waypoints": 9}}
{"target": -2722.7509787108374, "params": {"k_pid_pos": [2.0, 0.07152923941612244, 0.0], "k_pid_alt": [2.0, 0.0, 0.9783648252487183], "k_pid_att": [100.0, 9.999999747378752e-05, 0.8340248465538025], "k_pid_yaw": [0.5, 1e-06, 0.1], "k_pid_hsp": [0.4364078640937805, 0.05127435922622681, 0.9397493600845337], "k_pid_vsp": [0.0, 392.33221435546875, 400.0]}, "datetime": {"datetime": "2025-08-13 18:11:19", "elapsed": 30207.94851589203, "delta": 28.334811210632324}, "costs": {"total_cost": 2722.7509787108374, "time_cost": 150, "final_distance_cost": 297.05369277840816, "oscillation_cost": 494.20739718410204, "completition_cost": 1000.0, "overshoot_cost": 716.0010517746584, "power_cost": 36.393637500000004, "noise_cost": 29.095199473669247, "n_waypoints_completed": 0, "tot_waypoints": 9}}
{"target": -6229.304592034508, "params": {"k_pid_pos": [2.0, 0.0, 0.0], "k_pid_alt": [1.8780066967010498, 0.0, 0.9111016392707825], "k_pid_att": [89.2988052368164, 9.999999747378752e-05, 1.0], "k_pid_yaw": [0.5, 1e-06, 0.1], "k_pid_hsp": [1.0800899267196655, 0.05989474058151245, 0.9595339298248291], "k_pid_vsp": [5.576586723327637, 400.0, 400.0]}, "datetime": {"datetime": "2025-08-13 18:11:49", "elapsed": 30238.061244249344, "delta": 30.112728357315063}, "costs": {"total_cost": 6229.304592034508, "time_cost": 150, "final_distance_cost": 1575.415823023881, "oscillation_cost": 662.5117626180456, "completition_cost": 1000.0, "overshoot_cost": 2777.829544677669, "power_cost": 34.16405404052735, "noise_cost": 29.383407674384276, "n_waypoints_completed": 0, "tot_waypoints": 9}}
{"target": -5494.01707416782, "params": {"k_pid_pos": [2.0, 0.01157236099243164, 0.0], "k_pid_alt": [1.9850126504898071, 0.0, 0.9193273782730103], "k_pid_att": [98.72669219970703, 0.39531177282333374, 0.9553872346878052], "k_pid_yaw": [0.5, 1e-06, 0.1], "k_pid_hsp": [9.999999747378752e-05, 0.0, 1.0], "k_pid_vsp": [32.300865173339844, 400.0, 384.7630920410156]}, "datetime": {"datetime": "2025-08-13 18:12:18", "elapsed": 30266.341136455536, "delta": 28.279892206192017}, "costs": {"total_cost": 5494.01707416782, "time_cost": 150, "final_distance_cost": 1314.3397196559806, "oscillation_cost": 816.4951497108898, "completition_cost": 1000.0, "overshoot_cost": 2153.198393665599, "power_cost": 32.741175219726564, "noise_cost": 27.242635915624053, "n_waypoints_completed": 0, "tot_waypoints": 9}}
{"target": -1861.9671608901638, "params": {"k_pid_pos": [1.907929539680481, 0.0, 0.050940752029418945], "k_pid_alt": [1.8378005027770996, 0.0, 0.9594036936759949], "k_pid_att": [100.0, 9.999999747378752e-05, 0.9872077703475952], "k_pid_yaw": [0.5, 1e-06, 0.1], "k_pid_hsp": [1.3704777956008911, 0.0, 1.0], "k_pid_vsp": [0.0, 398.380126953125, 400.0]}, "datetime": {"datetime": "2025-08-13 18:12:46", "elapsed": 30294.97236418724, "delta": 28.631227731704712}, "costs": {"total_cost": 1861.9671608901638, "time_cost": 150, "final_distance_cost": 121.24107165268038, "oscillation_cost": 522.9747709575392, "completition_cost": 888.8888888888888, "overshoot_cost": 102.63238366150514, "power_cost": 37.507922900390625, "noise_cost": 38.7221228291596, "n_waypoints_completed": 1, "tot_waypoints": 9}}
{"target": -1359.736603620723, "params": {"k_pid_pos": [2.0, 0.0, 0.0], "k_pid_alt": [1.9554765224456787, 0.02295014262199402, 1.0], "k_pid_att": [98.59608459472656, 9.999999747378752e-05, 1.0], "k_pid_yaw": [0.5, 1e-06, 0.1], "k_pid_hsp": [0.5474845170974731, 0.07850953936576843, 1.0], "k_pid_vsp": [0.0, 394.55804443359375, 400.0]}, "datetime": {"datetime": "2025-08-13 18:13:16", "elapsed": 30324.254228830338, "delta": 29.281864643096924}, "costs": {"total_cost": 1359.736603620723, "time_cost": 150, "final_distance_cost": 48.60302987691945, "oscillation_cost": 358.1828758306121, "completition_cost": 555.5555555555555, "overshoot_cost": 129.13598548111403, "power_cost": 39.771496887207036, "noise_cost": 78.4876599893149, "n_waypoints_completed": 4, "tot_waypoints": 9}}
