{"target": -3497.0992428633685, "params": {"k_pid_pos": [2.0, 0.0, 0.0], "k_pid_alt": [1.9220412969589233, 0.06249278783798218, 1.0], "k_pid_att": [97.1750259399414, 9.999999747378752e-05, 1.0], "k_pid_yaw": [0.5, 1e-06, 0.1], "k_pid_hsp": [9.999999747378752e-05, 0.0, 0.970970094203949], "k_pid_vsp": [0.0, 374.6954345703125, 373.95831298828125]}, "datetime": {"datetime": "2025-08-14 06:23:45", "elapsed": 74153.49491405487, "delta": 28.13414430618286}, "costs": {"total_cost": 3497.0992428633685, "time_cost": 150, "final_distance_cost": 749.205539755559, "oscillation_cost": 707.6112348848105, "completition_cost": 1000.0, "overshoot_cost": 827.3347246212537, "power_cost": 35.00096053466797, "noise_cost": 27.946783067076865, "n_waypoints_completed": 0, "tot_waypoints": 9}}
{"target": -2183.673879375698, "params": {"k_pid_pos": [2.0, 0.0, 0.0], "k_pid_alt": [2.0, 0.00135001540184021, 0.8316217660903931], "k_pid_att": [100.0, 0.1634991317987442, 1.0], "k_pid_yaw": [0.5, 1e-06, 0.1], "k_pid_hsp": [0.018778121098876, 0.05003443360328674, 1.0], "k_pid_vsp": [29.623926162719727, 397.7955322265625, 374.5993957519531]}, "datetime": {"datetime": "2025-08-14 06:24:13", "elapsed": 74182.02722811699, "delta": 28.53231406211853}, "costs": {"total_cost": 2183.673879375698, "time_cost": 150, "final_distance_cost": 31.537805689285776, "oscillation_cost": 681.8686554523547, "completition_cost": 1000.0, "overshoot_cost": 213.29497947087035, "power_cost": 51.13968638916016, "noise_cost": 55.83275237402725, "n_waypoints_completed": 0, "tot_waypoints": 9}}
{"target": -3592.1009781396715, "params": {"k_pid_pos": [1.9894487857818604, 0.0, 0.0], "k_pid_alt": [2.0, 0.03481340408325195, 1.0], "k_pid_att": [99.5290756225586, 9.999999747378752e-05, 1.0], "k_pid_yaw": [0.5, 1e-06, 0.1], "k_pid_hsp": [9.999999747378752e-05, 0.043644487857818604, 0.9747388362884521], "k_pid_vsp": [0.0, 391.3132629394531, 340.5499267578125]}, "datetime": {"datetime": "2025-08-14 06:24:43", "elapsed": 74211.97098994255, "delta": 29.943761825561523}, "costs": {"total_cost": 3592.1009781396715, "time_cost": 150, "final_distance_cost": 447.5676682900872, "oscillation_cost": 698.8926338397774, "completition_cost": 1000.0, "overshoot_cost": 1231.395543534589, "power_cost": 35.842088977050786, "noise_cost": 28.403043498167108, "n_waypoints_completed": 0, "tot_waypoints": 9}}
{"target": -2053.7972974126787, "params": {"k_pid_pos": [1.964857578277588, 0.010993510484695435, 0.0], "k_pid_alt": [2.0, 0.0, 0.9020100831985474], "k_pid_att": [100.0, 0.6655821800231934, 0.9759839177131653], "k_pid_yaw": [0.5, 1e-06, 0.1], "k_pid_hsp": [9.999999747378752e-05, 0.05155134201049805, 0.9921587109565735], "k_pid_vsp": [30.933834075927734, 400.0, 400.0]}, "datetime": {"datetime": "2025-08-14 06:25:11", "elapsed": 74239.91192674637, "delta": 27.94093680381775}, "costs": {"total_cost": 2053.7972974126787, "time_cost": 150, "final_distance_cost": 58.59430439714927, "oscillation_cost": 785.0383713884275, "completition_cost": 888.8888888888888, "overshoot_cost": 100.65216413755154, "power_cost": 41.011047106933596, "noise_cost": 29.612521493728043, "n_waypoints_completed": 1, "tot_waypoints": 9}}
{"target": -5105.68461870052, "params": {"k_pid_pos": [1.9555121660232544, 0.023982524871826172, 0.019726336002349854], "k_pid_alt": [1.883763313293457, 0.0, 0.9234609603881836], "k_pid_att": [100.0, 0.31174957752227783, 1.0], "k_pid_yaw": [0.5, 1e-06, 0.1], "k_pid_hsp": [0.6972864866256714, 0.018871158361434937, 1.0], "k_pid_vsp": [9.529935836791992, 400.0, 400.0]}, "datetime": {"datetime": "2025-08-14 06:25:40", "elapsed": 74268.14789509773, "delta": 28.235968351364136}, "costs": {"total_cost": 5105.68461870052, "time_cost": 150, "final_distance_cost": 1161.2792061615467, "oscillation_cost": 544.8008567097608, "completition_cost": 888.8888888888888, "overshoot_cost": 2297.121950363402, "power_cost": 34.60567117919922, "noise_cost": 28.98804539772324, "n_waypoints_completed": 1, "tot_waypoints": 9}}
{"target": -2417.1497303947317, "params": {"k_pid_pos": [2.0, 0.0016054511070251465, 0.06032183766365051], "k_pid_alt": [2.0, 0.0, 0.9706406593322754], "k_pid_att": [99.43360900878906, 0.520011842250824, 0.9366055130958557], "k_pid_yaw": [0.5, 1e-06, 0.1], "k_pid_hsp": [9.999999747378752e-05, 0.0, 1.0], "k_pid_vsp": [0.0, 392.525634765625, 400.0]}, "datetime": {"datetime": "2025-08-14 06:26:10", "elapsed": 74298.30464673042, "delta": 30.15675163269043}, "costs": {"total_cost": 2417.1497303947317, "time_cost": 150, "final_distance_cost": 52.6693378864493, "oscillation_cost": 652.9735382810545, "completition_cost": 1000.0, "overshoot_cost": 491.92324284850423, "power_cost": 37.43117883300781, "noise_cost": 32.15243254571585, "n_waypoints_completed": 0, "tot_waypoints": 9}}
{"target": -1580.8128571777079, "params": {"k_pid_pos": [2.0, 0.0, 0.0], "k_pid_alt": [1.9271526336669922, 0.0, 1.0], "k_pid_att": [95.58506774902344, 1.3637696504592896, 0.9912676811218262], "k_pid_yaw": [0.5, 1e-06, 0.1], "k_pid_hsp": [0.6732633709907532, 0.0, 0.8848853707313538], "k_pid_vsp": [0.0, 371.77142333984375, 389.1221618652344]}, "datetime": {"datetime": "2025-08-14 06:26:37", "elapsed": 74325.60082745552, "delta": 27.296180725097656}, "costs": {"total_cost": 1580.8128571777079, "time_cost": 150, "final_distance_cost": 119.1758662121453, "oscillation_cost": 363.89341859717535, "completition_cost": 777.7777777777778, "overshoot_cost": 96.8592930194924, "power_cost": 39.12303764648438, "noise_cost": 33.9834639246327, "n_waypoints_completed": 2, "tot_waypoints": 9}}
{"target": -2189.9830448949233, "params": {"k_pid_pos": [2.0, 0.0, 0.043431997299194336], "k_pid_alt": [2.0, 0.0, 0.9917027950286865], "k_pid_att": [99.35264587402344, 9.999999747378752e-05, 1.0], "k_pid_yaw": [0.5, 1e-06, 0.1], "k_pid_hsp": [9.999999747378752e-05, 0.009546846151351929, 0.9778726100921631], "k_pid_vsp": [0.0, 386.5164794921875, 385.15484619140625]}, "datetime": {"datetime": "2025-08-14 06:27:06", "elapsed": 74354.20603132248, "delta": 28.605203866958618}, "costs": {"total_cost": 2189.9830448949233, "time_cost": 150, "final_distance_cost": 117.5584338810481, "oscillation_cost": 722.9743658541549, "completition_cost": 1000.0, "overshoot_cost": 133.85801444259437, "power_cost": 37.177217895507816, "noise_cost": 28.41501282161804, "n_waypoints_completed": 0, "tot_waypoints": 9}}
{"target": -1424.6437661495513, "params": {"k_pid_pos": [1.941426396369934, 0.0, 0.0], "k_pid_alt": [2.0, 0.0, 1.0], "k_pid_att": [100.0, 9.999999747378752e-05, 0.9620903730392456], "k_pid_yaw": [0.5, 1e-06, 0.1], "k_pid_hsp": [0.7267934679985046, 0.0189744234085083, 1.0], "k_pid_vsp": [39.45221710205078, 396.5825500488281, 394.91253662109375]}, "datetime": {"datetime": "2025-08-14 06:27:34", "elapsed": 74382.98576569557, "delta": 28.77973437309265}, "costs": {"total_cost": 1424.6437661495513, "time_cost": 150, "final_distance_cost": 55.793464282272055, "oscillation_cost": 345.8208200123299, "completition_cost": 666.6666666666667, "overshoot_cost": 133.64517775307178, "power_cost": 39.16499876708985, "noise_cost": 33.552638668121105, "n_waypoints_completed": 3, "tot_waypoints": 9}}
{"target": -2028.761123900811, "params": {"k_pid_pos": [2.0, 0.0, 0.061560869216918945], "k_pid_alt": [1.9135034084320068, 0.037849992513656616, 1.0], "k_pid_att": [94.61811065673828, 0.7613378763198853, 0.9652758836746216], "k_pid_yaw": [0.5, 1e-06, 0.1], "k_pid_hsp": [0.29785946011543274, 0.0, 0.9835679531097412], "k_pid_vsp": [17.79470443725586, 400.0, 397.015869140625]}, "datetime": {"datetime": "2025-08-14 06:28:01", "elapsed": 74409.88612961769, "delta": 26.90036392211914}, "costs": {"total_cost": 2028.761123900811, "time_cost": 150, "final_distance_cost": 88.69968198096662, "oscillation_cost": 648.1263554648103, "completition_cost": 888.8888888888888, "overshoot_cost": 187.4174792757416, "power_cost": 37.23771391601563, "noise_cost": 28.39100437438814, "n_waypoints_completed": 1, "tot_waypoints": 9}}
{"target": -1966.6941730871206, "params": {"k_pid_pos": [2.0, 0.01903817057609558, 0.0], "k_pid_alt": [1.9197008609771729, 0.013662904500961304, 0.930580735206604], "k_pid_att": [95.20647430419922, 9.999999747378752e-05, 1.0], "k_pid_yaw": [0.5, 1e-06, 0.1], "k_pid_hsp": [9.999999747378752e-05, 0.08215272426605225, 1.0], "k_pid_vsp": [0.0, 380.7255554199219, 400.0]}, "datetime": {"datetime": "2025-08-14 06:28:34", "elapsed": 74442.34265232086, "delta": 32.456522703170776}, "costs": {"total_cost": 1966.6941730871206, "time_cost": 150, "final_distance_cost": 50.58115751890464, "oscillation_cost": 753.0032146137102, "completition_cost": 888.8888888888888, "overshoot_cost": 55.52408992033133, "power_cost": 39.58876142578125, "noise_cost": 29.108060719504323, "n_waypoints_completed": 1, "tot_waypoints": 9}}
{"target": -2125.564049315391, "params": {"k_pid_pos": [2.0, 0.0, 0.0], "k_pid_alt": [1.928929328918457, 0.0, 1.0], "k_pid_att": [100.0, 0.07272693514823914, 1.0], "k_pid_yaw": [0.5, 1e-06, 0.1], "k_pid_hsp": [9.999999747378752e-05, 0.07323330640792847, 1.0], "k_pid_vsp": [0.0, 389.6927490234375, 400.0]}, "datetime": {"datetime": "2025-08-14 06:29:01", "elapsed": 74469.4242041111, "delta": 27.081551790237427}, "costs": {"total_cost": 2125.564049315391, "time_cost": 150, "final_distance_cost": 52.75868379369265, "oscillation_cost": 710.3884813830072, "completition_cost": 1000.0, "overshoot_cost": 127.38942183731999, "power_cost": 37.293643591308594, "noise_cost": 47.733818710062806, "n_waypoints_completed": 0, "tot_waypoints": 9}}
{"target": -2153.189362329205, "params": {"k_pid_pos": [2.0, 0.012388110160827637, 0.004371851682662964], "k_pid_alt": [2.0, 0.0, 1.0], "k_pid_att": [100.0, 1.2415921688079834, 1.0], "k_pid_yaw": [0.5, 1e-06, 0.1], "k_pid_hsp": [0.6051988005638123, 0.05252772569656372, 1.0], "k_pid_vsp": [0.0, 392.11572265625, 383.391845703125]}, "datetime": {"datetime": "2025-08-14 06:29:32", "elapsed": 74500.32392072678, "delta": 30.89971661567688}, "costs": {"total_cost": 2153.189362329205, "time_cost": 150, "final_distance_cost": 160.11951845820434, "oscillation_cost": 693.7770296119903, "completition_cost": 888.8888888888888, "overshoot_cost": 193.98427261990713, "power_cost": 35.339799523925784, "noise_cost": 31.07985322628864, "n_waypoints_completed": 1, "tot_waypoints": 9}}
{"target": -4720.761256735535, "params": {"k_pid_pos": [2.0, 0.0032255351543426514, 0.0], "k_pid_alt": [1.9254428148269653, 0.0, 1.0], "k_pid_att": [99.68507385253906, 9.999999747378752e-05, 1.0], "k_pid_yaw": [0.5, 1e-06, 0.1], "k_pid_hsp": [0.1995953470468521, 0.00019875168800354004, 1.0], "k_pid_vsp": [0.0, 386.4254150390625, 400.0]}, "datetime": {"datetime": "2025-08-14 06:30:00", "elapsed": 74528.47282910347, "delta": 28.148908376693726}, "costs": {"total_cost": 4720.761256735535, "time_cost": 150, "final_distance_cost": 745.6942038160621, "oscillation_cost": 784.5394483119329, "completition_cost": 1000.0, "overshoot_cost": 1977.2568873549098, "power_cost": 34.88944158935547, "noise_cost": 28.381275663275364, "n_waypoints_completed": 0, "tot_waypoints": 9}}
{"target": -3082.0027000845416, "params": {"k_pid_pos": [1.9665632247924805, 0.0, 0.06123781204223633], "k_pid_alt": [2.0, 0.0, 0.953453779220581], "k_pid_att": [100.0, 0.6030295491218567, 0.9971375465393066], "k_pid_yaw": [0.5, 1e-06, 0.1], "k_pid_hsp": [9.999999747378752e-05, 0.0, 0.9507534503936768], "k_pid_vsp": [7.556891441345215, 357.28228759765625, 400.0]}, "datetime": {"datetime": "2025-08-14 06:30:28", "elapsed": 74556.08242797852, "delta": 27.609598875045776}, "costs": {"total_cost": 3082.0027000845416, "time_cost": 150, "final_distance_cost": 533.1983652531571, "oscillation_cost": 770.9566086872984, "completition_cost": 1000.0, "overshoot_cost": 566.6424505065327, "power_cost": 33.76658448486328, "noise_cost": 27.438691152690556, "n_waypoints_completed": 0, "tot_waypoints": 9}}
{"target": -1592.127395111448, "params": {"k_pid_pos": [1.9776331186294556, 0.02327507734298706, 0.0], "k_pid_alt": [1.951324462890625, 0.019879162311553955, 0.9483599662780762], "k_pid_att": [91.9256591796875, 0.4181934893131256, 1.0], "k_pid_yaw": [0.5, 1e-06, 0.1], "k_pid_hsp": [0.5878388285636902, 0.009468883275985718, 0.9834370613098145], "k_pid_vsp": [0.0, 394.7646179199219, 400.0]}, "datetime": {"datetime": "2025-08-14 06:30:57", "elapsed": 74585.72910094261, "delta": 29.64667296409607}, "costs": {"total_cost": 1592.127395111448, "time_cost": 150, "final_distance_cost": 95.3593373723979, "oscillation_cost": 364.19751064079776, "completition_cost": 777.7777777777778, "overshoot_cost": 122.53911476358768, "power_cost": 39.81519051513672, "noise_cost": 42.43846404175052, "n_waypoints_completed": 2, "tot_waypoints": 9}}
{"target": -2657.816661294801, "params": {"k_pid_pos": [2.0, 0.0, 0.0], "k_pid_alt": [1.927416443824768, 0.011389881372451782, 1.0], "k_pid_att": [100.0, 9.999999747378752e-05, 0.9976584315299988], "k_pid_yaw": [0.5, 1e-06, 0.1], "k_pid_hsp": [0.10593205690383911, 0.0, 0.9918558597564697], "k_pid_vsp": [0.0, 391.6654052734375, 400.0]}, "datetime": {"datetime": "2025-08-14 06:31:26", "elapsed": 74614.35011124611, "delta": 28.621010303497314}, "costs": {"total_cost": 2657.816661294801, "time_cost": 150, "final_distance_cost": 313.19947542034134, "oscillation_cost": 791.7493971752733, "completition_cost": 1000.0, "overshoot_cost": 341.6504288859945, "power_cost": 33.826498242187505, "noise_cost": 27.39086157100464, "n_waypoints_completed": 0, "tot_waypoints": 9}}
{"target": -2171.970658486465, "params": {"k_pid_pos": [1.9735212326049805, 0.0588151216506958, 0.044009655714035034], "k_pid_alt": [2.0, 0.0, 1.0], "k_pid_att": [100.0, 9.999999747378752e-05, 1.0], "k_pid_yaw": [0.5, 1e-06, 0.1], "k_pid_hsp": [0.01832512952387333, 0.11131107807159424, 0.9985693693161011], "k_pid_vsp": [11.711668968200684, 389.4083557128906, 352.6738586425781]}, "datetime": {"datetime": "2025-08-14 06:31:55", "elapsed": 74643.94669675827, "delta": 29.596585512161255}, "costs": {"total_cost": 2171.970658486465, "time_cost": 150, "final_distance_cost": 36.15376413315893, "oscillation_cost": 729.8826737419218, "completition_cost": 1000.0, "overshoot_cost": 188.25201699158671, "power_cost": 38.8350556640625, "noise_cost": 28.84714795573477, "n_waypoints_completed": 0, "tot_waypoints": 9}}
{"target": -2211.934420055352, "params": {"k_pid_pos": [2.0, 0.0786505937576294, 0.0], "k_pid_alt": [1.9959535598754883, 0.11686810851097107, 0.9648602604866028], "k_pid_att": [91.7200927734375, 0.7439978718757629, 1.0], "k_pid_yaw": [0.5, 1e-06, 0.1], "k_pid_hsp": [0.15932625532150269, 0.0, 0.9041569232940674], "k_pid_vsp": [0.0, 400.0, 400.0]}, "datetime": {"datetime": "2025-08-14 06:32:24", "elapsed": 74672.71778392792, "delta": 28.771087169647217}, "costs": {"total_cost": 2211.934420055352, "time_cost": 150, "final_distance_cost": 131.56882778785422, "oscillation_cost": 720.1276335332279, "completition_cost": 1000.0, "overshoot_cost": 115.9226152631903, "power_cost": 38.16948793945313, "noise_cost": 56.14585553162627, "n_waypoints_completed": 0, "tot_waypoints": 9}}
{"target": -9354.020348171156, "params": {"k_pid_pos": [2.0, 0.018375158309936523, 0.0], "k_pid_alt": [1.905501127243042, 0.09208977222442627, 1.0], "k_pid_att": [100.0, 0.5329121947288513, 1.0], "k_pid_yaw": [0.5, 1e-06, 0.1], "k_pid_hsp": [9.999999747378752e-05, 0.0, 1.0], "k_pid_vsp": [0.0, 400.0, 400.0]}, "datetime": {"datetime": "2025-08-14 06:32:52", "elapsed": 74700.89235925674, "delta": 28.174575328826904}, "costs": {"total_cost": 9354.020348171156, "time_cost": 150, "final_distance_cost": 2491.978389573106, "oscillation_cost": 697.286212372782, "completition_cost": 1000.0, "overshoot_cost": 4954.109368461195, "power_cost": 33.2343296875, "noise_cost": 27.41204807657297, "n_waypoints_completed": 0, "tot_waypoints": 9}}
{"target": -4156.596671002805, "params": {"k_pid_pos": [2.0, 0.08065736293792725, 0.0], "k_pid_alt": [2.0, 0.0, 1.0], "k_pid_att": [100.0, 9.999999747378752e-05, 1.0], "k_pid_yaw": [0.5, 1e-06, 0.1], "k_pid_hsp": [0.3426247835159302, 0.0, 1.0], "k_pid_vsp": [26.370121002197266, 390.7261962890625, 377.2724609375]}, "datetime": {"datetime": "2025-08-14 06:33:22", "elapsed": 74730.19847869873, "delta": 29.306119441986084}, "costs": {"total_cost": 4156.596671002805, "time_cost": 150, "final_distance_cost": 966.1321476416149, "oscillation_cost": 824.6103683997943, "completition_cost": 1000.0, "overshoot_cost": 1156.1298039414175, "power_cost": 32.36879403076172, "noise_cost": 27.35555698921708, "n_waypoints_completed": 0, "tot_waypoints": 9}}
{"target": -2492.104150251326, "params": {"k_pid_pos": [1.858901023864746, 0.0, 0.0297335684299469], "k_pid_alt": [2.0, 0.0, 1.0], "k_pid_att": [100.0, 9.999999747378752e-05, 1.0], "k_pid_yaw": [0.5, 1e-06, 0.1], "k_pid_hsp": [9.999999747378752e-05, 0.00806698203086853, 0.9071851968765259], "k_pid_vsp": [16.59418296813965, 400.0, 377.54345703125]}, "datetime": {"datetime": "2025-08-14 06:33:50", "elapsed": 74758.98926949501, "delta": 28.790790796279907}, "costs": {"total_cost": 2492.104150251326, "time_cost": 150, "final_distance_cost": 146.74597603242623, "oscillation_cost": 801.0377883604078, "completition_cost": 1000.0, "overshoot_cost": 329.6630986806698, "power_cost": 36.75012681884766, "noise_cost": 27.907160358973925, "n_waypoints_completed": 0, "tot_waypoints": 9}}
{"target": -4445.861003122429, "params": {"k_pid_pos": [1.8719418048858643, 0.11168798804283142, 0.0], "k_pid_alt": [2.0, 0.0, 1.0], "k_pid_att": [100.0, 9.999999747378752e-05, 1.0], "k_pid_yaw": [0.5, 1e-06, 0.1], "k_pid_hsp": [0.4896077811717987, 0.0, 0.9635399580001831], "k_pid_vsp": [0.0, 400.0, 352.66162109375]}, "datetime": {"datetime": "2025-08-14 06:34:18", "elapsed": 74787.07130599022, "delta": 28.08203649520874}, "costs": {"total_cost": 4445.861003122429, "time_cost": 150, "final_distance_cost": 1214.4309579581766, "oscillation_cost": 612.173022762832, "completition_cost": 1000.0, "overshoot_cost": 1405.898543575782, "power_cost": 34.900764843750004, "noise_cost": 28.45771398188848, "n_waypoints_completed": 0, "tot_waypoints": 9}}
{"target": -3338.3029006126044, "params": {"k_pid_pos": [2.0, 0.0, 0.0], "k_pid_alt": [1.9218120574951172, 0.0, 0.9868959784507751], "k_pid_att": [100.0, 0.996722936630249, 0.9726271629333496], "k_pid_yaw": [0.5, 1e-06, 0.1], "k_pid_hsp": [0.01542032603174448, 0.0, 0.9794007539749146], "k_pid_vsp": [8.799362182617188, 395.2047424316406, 400.0]}, "datetime": {"datetime": "2025-08-14 06:34:48", "elapsed": 74816.67007756233, "delta": 29.598771572113037}, "costs": {"total_cost": 3338.3029006126044, "time_cost": 150, "final_distance_cost": 560.0650939055793, "oscillation_cost": 840.8152915621276, "completition_cost": 1000.0, "overshoot_cost": 725.5152402142355, "power_cost": 34.20352507324219, "noise_cost": 27.703749857418963, "n_waypoints_completed": 0, "tot_waypoints": 9}}
{"target": -2106.6691910840223, "params": {"k_pid_pos": [2.0, 0.0, 0.0], "k_pid_alt": [2.0, 0.0, 0.933305025100708], "k_pid_att": [98.18329620361328, 0.9181343913078308, 0.9620540142059326], "k_pid_yaw": [0.5, 1e-06, 0.1], "k_pid_hsp": [9.999999747378752e-05, 0.0, 0.9978888034820557], "k_pid_vsp": [6.573820114135742, 400.0, 400.0]}, "datetime": {"datetime": "2025-08-14 06:35:16", "elapsed": 74844.2462425232, "delta": 27.576164960861206}, "costs": {"total_cost": 2106.6691910840223, "time_cost": 150, "final_distance_cost": 113.56085104467488, "oscillation_cost": 679.0422047368031, "completition_cost": 1000.0, "overshoot_cost": 99.41430057066445, "power_cost": 36.833829724121095, "noise_cost": 27.81800500775908, "n_waypoints_completed": 0, "tot_waypoints": 9}}
{"target": -2125.0702177880635, "params": {"k_pid_pos": [2.0, 0.0, 0.05146324634552002], "k_pid_alt": [2.0, 0.04405611753463745, 1.0], "k_pid_att": [100.0, 9.999999747378752e-05, 1.0], "k_pid_yaw": [0.5, 1e-06, 0.1], "k_pid_hsp": [0.35075804591178894, 0.0, 1.0], "k_pid_vsp": [5.070459842681885, 400.0, 390.25189208984375]}, "datetime": {"datetime": "2025-08-14 06:35:45", "elapsed": 74873.65815496445, "delta": 29.411912441253662}, "costs": {"total_cost": 2125.0702177880635, "time_cost": 150, "final_distance_cost": 6.382146654961688, "oscillation_cost": 704.320481642969, "completition_cost": 1000.0, "overshoot_cost": 140.69412925531626, "power_cost": 39.28354718017578, "noise_cost": 84.3899130546407, "n_waypoints_completed": 0, "tot_waypoints": 9}}
{"target": -2450.2634353917115, "params": {"k_pid_pos": [2.0, 0.0, 0.0598427951335907], "k_pid_alt": [1.9682087898254395, 0.015112996101379395, 1.0], "k_pid_att": [100.0, 9.999999747378752e-05, 1.0], "k_pid_yaw": [0.5, 1e-06, 0.1], "k_pid_hsp": [0.07565975189208984, 0.04223218560218811, 1.0], "k_pid_vsp": [0.5605816841125488, 400.0, 400.0]}, "datetime": {"datetime": "2025-08-14 06:36:14", "elapsed": 74902.33540797234, "delta": 28.677253007888794}, "costs": {"total_cost": 2450.2634353917115, "time_cost": 150, "final_distance_cost": 252.75846527633925, "oscillation_cost": 782.8372427086706, "completition_cost": 1000.0, "overshoot_cost": 200.67540248250728, "power_cost": 35.7715504272461, "noise_cost": 28.220774496948234, "n_waypoints_completed": 0, "tot_waypoints": 9}}
{"target": -2083.2468998207405, "params": {"k_pid_pos": [1.9267117977142334, 0.033553242683410645, 0.0], "k_pid_alt": [2.0, 0.039847880601882935, 0.9679940342903137], "k_pid_att": [96.2311019897461, 1.072440266609192, 1.0], "k_pid_yaw": [0.5, 1e-06, 0.1], "k_pid_hsp": [9.999999747378752e-05, 0.002625972032546997, 0.8953686356544495], "k_pid_vsp": [0.0, 400.0, 395.30322265625]}, "datetime": {"datetime": "2025-08-14 06:36:41", "elapsed": 74929.11659026146, "delta": 26.781182289123535}, "costs": {"total_cost": 2083.2468998207405, "time_cost": 150, "final_distance_cost": 50.27155096646341, "oscillation_cost": 743.846580292151, "completition_cost": 1000.0, "overshoot_cost": 74.73789505217826, "power_cost": 36.28518900146484, "noise_cost": 28.105684508483204, "n_waypoints_completed": 0, "tot_waypoints": 9}}
