{"target": -4472.29266014242, "params": {"k_pid_pos": [2.0, 0.010592877864837646, 0.0], "k_pid_alt": [1.9101758003234863, 0.0, 0.943621039390564], "k_pid_att": [100.0, 0.08130038529634476, 1.0], "k_pid_yaw": [0.5, 1e-06, 0.1], "k_pid_hsp": [0.4318389296531677, 0.08898264169692993, 0.9442415833473206], "k_pid_vsp": [0.0, 400.0, 400.0]}, "datetime": {"datetime": "2025-08-14 02:43:13", "elapsed": 60922.04962801933, "delta": 28.485215425491333}, "costs": {"total_cost": 4472.29266014242, "time_cost": 150, "final_distance_cost": 1191.1745116370755, "oscillation_cost": 705.9725468583813, "completition_cost": 888.8888888888888, "overshoot_cost": 1470.9853883389214, "power_cost": 35.77633427734375, "noise_cost": 29.494990141808874, "n_waypoints_completed": 1, "tot_waypoints": 9}}
{"target": -5187.240540638538, "params": {"k_pid_pos": [2.0, 0.01238289475440979, 0.01614135503768921], "k_pid_alt": [1.9315176010131836, 0.033649176359176636, 1.0], "k_pid_att": [98.80781555175781, 9.999999747378752e-05, 0.9484972953796387], "k_pid_yaw": [0.5, 1e-06, 0.1], "k_pid_hsp": [9.999999747378752e-05, 0.0, 1.0], "k_pid_vsp": [47.09320068359375, 400.0, 400.0]}, "datetime": {"datetime": "2025-08-14 02:43:43", "elapsed": 60951.52863359451, "delta": 29.479005575180054}, "costs": {"total_cost": 5187.240540638538, "time_cost": 150, "final_distance_cost": 1084.3526154348824, "oscillation_cost": 760.9877522463112, "completition_cost": 1000.0, "overshoot_cost": 2133.0145801467193, "power_cost": 31.91231756591797, "noise_cost": 26.973275244706716, "n_waypoints_completed": 0, "tot_waypoints": 9}}
{"target": -1655.216173867305, "params": {"k_pid_pos": [2.0, 0.03462514281272888, 0.07557642459869385], "k_pid_alt": [1.9209195375442505, 0.0, 1.0], "k_pid_att": [94.47924041748047, 9.999999747378752e-05, 1.0], "k_pid_yaw": [0.5, 1e-06, 0.1], "k_pid_hsp": [0.6392151713371277, 0.02900516986846924, 0.9124403595924377], "k_pid_vsp": [0.0, 400.0, 398.5865783691406]}, "datetime": {"datetime": "2025-08-14 02:44:13", "elapsed": 60981.321676015854, "delta": 29.793042421340942}, "costs": {"total_cost": 1655.216173867305, "time_cost": 150, "final_distance_cost": 85.68457762027877, "oscillation_cost": 432.988439568571, "completition_cost": 777.7777777777778, "overshoot_cost": 126.27101247851641, "power_cost": 37.591132666015625, "noise_cost": 44.90323375614527, "n_waypoints_completed": 2, "tot_waypoints": 9}}
{"target": -2425.6091885884503, "params": {"k_pid_pos": [2.0, 0.03947007656097412, 0.07344895601272583], "k_pid_alt": [2.0, 0.05976793169975281, 1.0], "k_pid_att": [99.04368591308594, 9.999999747378752e-05, 0.9601787328720093], "k_pid_yaw": [0.5, 1e-06, 0.1], "k_pid_hsp": [9.999999747378752e-05, 0.067294180393219, 1.0], "k_pid_vsp": [0.0, 399.28631591796875, 397.9068908691406]}, "datetime": {"datetime": "2025-08-14 02:44:41", "elapsed": 61009.71443629265, "delta": 28.392760276794434}, "costs": {"total_cost": 2425.6091885884503, "time_cost": 150, "final_distance_cost": 63.23256857981472, "oscillation_cost": 719.9032098478831, "completition_cost": 1000.0, "overshoot_cost": 428.94036554346894, "power_cost": 35.38339538574219, "noise_cost": 28.149649231541225, "n_waypoints_completed": 0, "tot_waypoints": 9}}
{"target": -1809.2371692579216, "params": {"k_pid_pos": [1.8696378469467163, 0.03442412614822388, 0.0], "k_pid_alt": [1.918532371520996, 0.0, 0.9752643704414368], "k_pid_att": [94.6037368774414, 0.20610381662845612, 1.0], "k_pid_yaw": [0.5, 1e-06, 0.1], "k_pid_hsp": [1.2034213542938232, 0.07746586203575134, 1.0], "k_pid_vsp": [0.0, 400.0, 400.0]}, "datetime": {"datetime": "2025-08-14 02:45:09", "elapsed": 61037.77940964699, "delta": 28.0649733543396}, "costs": {"total_cost": 1809.2371692579216, "time_cost": 150, "final_distance_cost": 52.522802883864, "oscillation_cost": 485.4328826075574, "completition_cost": 888.8888888888888, "overshoot_cost": 128.3863621112167, "power_cost": 37.79186922607422, "noise_cost": 66.21436354032045, "n_waypoints_completed": 1, "tot_waypoints": 9}}
{"target": -2470.4401936292948, "params": {"k_pid_pos": [1.948021411895752, 0.055505722761154175, 0.0], "k_pid_alt": [1.8655734062194824, 0.0, 0.9503464102745056], "k_pid_att": [100.0, 0.052408214658498764, 1.0], "k_pid_yaw": [0.5, 1e-06, 0.1], "k_pid_hsp": [9.999999747378752e-05, 0.0, 1.0], "k_pid_vsp": [14.108884811401367, 400.0, 400.0]}, "datetime": {"datetime": "2025-08-14 02:45:41", "elapsed": 61069.41619348526, "delta": 31.636783838272095}, "costs": {"total_cost": 2470.4401936292948, "time_cost": 150, "final_distance_cost": 123.4614129781351, "oscillation_cost": 758.9593257956614, "completition_cost": 1000.0, "overshoot_cost": 375.1572435026517, "power_cost": 34.884835974121096, "noise_cost": 27.977375378725867, "n_waypoints_completed": 0, "tot_waypoints": 9}}
{"target": -2193.2616982191416, "params": {"k_pid_pos": [2.0, 0.0, 0.12618029117584229], "k_pid_alt": [2.0, 0.023285657167434692, 1.0], "k_pid_att": [100.0, 9.999999747378752e-05, 0.955735445022583], "k_pid_yaw": [0.5, 1e-06, 0.1], "k_pid_hsp": [9.999999747378752e-05, 0.0, 0.9990143775939941], "k_pid_vsp": [0.0, 359.8447265625, 399.021240234375]}, "datetime": {"datetime": "2025-08-14 02:46:09", "elapsed": 61097.447608709335, "delta": 28.031415224075317}, "costs": {"total_cost": 2193.2616982191416, "time_cost": 150, "final_distance_cost": 35.750320819573986, "oscillation_cost": 757.8284616503715, "completition_cost": 1000.0, "overshoot_cost": 137.14152452312928, "power_cost": 41.93876207275391, "noise_cost": 70.60262915331316, "n_waypoints_completed": 0, "tot_waypoints": 9}}
{"target": -2275.8911272335436, "params": {"k_pid_pos": [2.0, 0.036239176988601685, 0.0], "k_pid_alt": [2.0, 0.0, 1.0], "k_pid_att": [100.0, 0.6291605234146118, 1.0], "k_pid_yaw": [0.5, 1e-06, 0.1], "k_pid_hsp": [9.999999747378752e-05, 0.0, 1.0], "k_pid_vsp": [23.453807830810547, 400.0, 400.0]}, "datetime": {"datetime": "2025-08-14 02:46:39", "elapsed": 61127.46469283104, "delta": 30.0170841217041}, "costs": {"total_cost": 2275.8911272335436, "time_cost": 150, "final_distance_cost": 273.56530479327967, "oscillation_cost": 769.9160115843492, "completition_cost": 888.8888888888888, "overshoot_cost": 131.3684797990605, "power_cost": 34.64314991455078, "noise_cost": 27.50929225341496, "n_waypoints_completed": 1, "tot_waypoints": 9}}
{"target": -2501.6796892714688, "params": {"k_pid_pos": [2.0, 0.0, 0.0], "k_pid_alt": [2.0, 0.005145668983459473, 0.9919039011001587], "k_pid_att": [100.0, 0.10373356193304062, 0.9986705780029297], "k_pid_yaw": [0.5, 1e-06, 0.1], "k_pid_hsp": [0.1396879106760025, 0.13972419500350952, 1.0], "k_pid_vsp": [0.0, 378.8130187988281, 400.0]}, "datetime": {"datetime": "2025-08-14 02:47:08", "elapsed": 61156.337324380875, "delta": 28.872631549835205}, "costs": {"total_cost": 2501.6796892714688, "time_cost": 150, "final_distance_cost": 252.2550705009864, "oscillation_cost": 812.5138771547873, "completition_cost": 1000.0, "overshoot_cost": 223.61702086463026, "power_cost": 35.00929573974609, "noise_cost": 28.284425011319026, "n_waypoints_completed": 0, "tot_waypoints": 9}}
{"target": -2364.3450463976224, "params": {"k_pid_pos": [1.9024947881698608, 0.0, 0.0], "k_pid_alt": [1.7569915056228638, 0.030256301164627075, 0.9844745397567749], "k_pid_att": [95.7208480834961, 0.04213486239314079, 0.9347575902938843], "k_pid_yaw": [0.5, 1e-06, 0.1], "k_pid_hsp": [9.999999747378752e-05, 0.0, 0.9037652611732483], "k_pid_vsp": [0.0, 383.4912414550781, 400.0]}, "datetime": {"datetime": "2025-08-14 02:47:36", "elapsed": 61184.46072077751, "delta": 28.123396396636963}, "costs": {"total_cost": 2364.3450463976224, "time_cost": 150, "final_distance_cost": 60.796486742502154, "oscillation_cost": 823.1182876157691, "completition_cost": 1000.0, "overshoot_cost": 250.64613778000924, "power_cost": 37.05525134277344, "noise_cost": 42.72888291656879, "n_waypoints_completed": 0, "tot_waypoints": 9}}
{"target": -2465.8543443885533, "params": {"k_pid_pos": [2.0, 0.02865871787071228, 0.1275816261768341], "k_pid_alt": [1.9585950374603271, 0.0016516149044036865, 0.9401304721832275], "k_pid_att": [100.0, 0.03702828660607338, 0.917073130607605], "k_pid_yaw": [0.5, 1e-06, 0.1], "k_pid_hsp": [9.999999747378752e-05, 0.0, 1.0], "k_pid_vsp": [17.085039138793945, 400.0, 400.0]}, "datetime": {"datetime": "2025-08-14 02:48:03", "elapsed": 61211.7943778038, "delta": 27.333657026290894}, "costs": {"total_cost": 2465.8543443885533, "time_cost": 150, "final_distance_cost": 277.5129533363431, "oscillation_cost": 694.8120967623686, "completition_cost": 1000.0, "overshoot_cost": 280.35955470646417, "power_cost": 35.08520775146484, "noise_cost": 28.08453183191304, "n_waypoints_completed": 0, "tot_waypoints": 9}}
{"target": -2202.2894703316865, "params": {"k_pid_pos": [2.0, 0.010238021612167358, 0.13438040018081665], "k_pid_alt": [2.0, 0.0, 0.9757013320922852], "k_pid_att": [100.0, 9.999999747378752e-05, 1.0], "k_pid_yaw": [0.5, 1e-06, 0.1], "k_pid_hsp": [0.2264830321073532, 0.033103764057159424, 0.985792875289917], "k_pid_vsp": [21.89142608642578, 373.1128234863281, 400.0]}, "datetime": {"datetime": "2025-08-14 02:48:32", "elapsed": 61240.85546088219, "delta": 29.0610830783844}, "costs": {"total_cost": 2202.2894703316865, "time_cost": 150, "final_distance_cost": 50.42388908090929, "oscillation_cost": 755.6863424093787, "completition_cost": 1000.0, "overshoot_cost": 135.03223169820282, "power_cost": 40.444923449707034, "noise_cost": 70.70208369348889, "n_waypoints_completed": 0, "tot_waypoints": 9}}
{"target": -2005.2610022950146, "params": {"k_pid_pos": [2.0, 0.003426164388656616, 0.0], "k_pid_alt": [1.8649218082427979, 0.04820442199707031, 0.9977441430091858], "k_pid_att": [87.94925689697266, 0.1847822517156601, 1.0], "k_pid_yaw": [0.5, 1e-06, 0.1], "k_pid_hsp": [0.21075351536273956, 0.0, 0.9957820177078247], "k_pid_vsp": [0.0, 376.10174560546875, 370.75885009765625]}, "datetime": {"datetime": "2025-08-14 02:49:02", "elapsed": 61270.28340959549, "delta": 29.427948713302612}, "costs": {"total_cost": 2005.2610022950146, "time_cost": 150, "final_distance_cost": 33.77532513206185, "oscillation_cost": 597.0545234507567, "completition_cost": 1000.0, "overshoot_cost": 153.44079071434564, "power_cost": 36.81782387695313, "noise_cost": 34.1725391208973, "n_waypoints_completed": 0, "tot_waypoints": 9}}
{"target": -2274.5194796325986, "params": {"k_pid_pos": [2.0, 0.0, 0.020328015089035034], "k_pid_alt": [2.0, 0.0, 0.908703088760376], "k_pid_att": [100.0, 0.339792400598526, 0.973605751991272], "k_pid_yaw": [0.5, 1e-06, 0.1], "k_pid_hsp": [9.999999747378752e-05, 0.054597944021224976, 0.9782900810241699], "k_pid_vsp": [0.0, 400.0, 400.0]}, "datetime": {"datetime": "2025-08-14 02:49:31", "elapsed": 61299.85043668747, "delta": 29.56702709197998}, "costs": {"total_cost": 2274.5194796325986, "time_cost": 150, "final_distance_cost": 64.44394839368816, "oscillation_cost": 814.8586619756887, "completition_cost": 1000.0, "overshoot_cost": 182.70398098758514, "power_cost": 34.95599553222657, "noise_cost": 27.556892743410152, "n_waypoints_completed": 0, "tot_waypoints": 9}}
{"target": -6258.630561991932, "params": {"k_pid_pos": [1.9036669731140137, 0.03251495957374573, 0.0], "k_pid_alt": [1.8105372190475464, 0.03694167733192444, 1.0], "k_pid_att": [96.82733917236328, 9.999999747378752e-05, 0.9874746799468994], "k_pid_yaw": [0.5, 1e-06, 0.1], "k_pid_hsp": [0.07783262431621552, 0.07213038206100464, 0.9567456841468811], "k_pid_vsp": [0.0, 395.5029602050781, 400.0]}, "datetime": {"datetime": "2025-08-14 02:49:59", "elapsed": 61327.77453708649, "delta": 27.924100399017334}, "costs": {"total_cost": 6258.630561991932, "time_cost": 150, "final_distance_cost": 1632.0284788667027, "oscillation_cost": 846.311979259935, "completition_cost": 1000.0, "overshoot_cost": 2568.9672055631177, "power_cost": 33.61095122070313, "noise_cost": 27.711947081474523, "n_waypoints_completed": 0, "tot_waypoints": 9}}
{"target": -5915.7363603880285, "params": {"k_pid_pos": [1.963065266609192, 0.0, 0.0], "k_pid_alt": [2.0, 0.0, 0.9535787105560303], "k_pid_att": [92.23487854003906, 0.3484397530555725, 0.9135719537734985], "k_pid_yaw": [0.5, 1e-06, 0.1], "k_pid_hsp": [0.3445809781551361, 0.0, 0.9696915149688721], "k_pid_vsp": [0.0, 400.0, 400.0]}, "datetime": {"datetime": "2025-08-14 02:50:29", "elapsed": 61357.440069913864, "delta": 29.66553282737732}, "costs": {"total_cost": 5915.7363603880285, "time_cost": 150, "final_distance_cost": 1659.1926934168855, "oscillation_cost": 694.6720083561557, "completition_cost": 1000.0, "overshoot_cost": 2349.677916359056, "power_cost": 34.12507598876953, "noise_cost": 28.068666267161184, "n_waypoints_completed": 0, "tot_waypoints": 9}}
{"target": -2309.1651014966624, "params": {"k_pid_pos": [2.0, 0.011255264282226562, 0.0], "k_pid_alt": [2.0, 0.0, 0.9980601072311401], "k_pid_att": [100.0, 9.999999747378752e-05, 1.0], "k_pid_yaw": [0.5, 1e-06, 0.1], "k_pid_hsp": [9.999999747378752e-05, 0.03722843527793884, 1.0], "k_pid_vsp": [0.0, 400.0, 400.0]}, "datetime": {"datetime": "2025-08-14 02:50:58", "elapsed": 61386.877157211304, "delta": 29.437087297439575}, "costs": {"total_cost": 2309.1651014966624, "time_cost": 150, "final_distance_cost": 65.96049012883397, "oscillation_cost": 781.9509557790129, "completition_cost": 1000.0, "overshoot_cost": 194.05510084715385, "power_cost": 43.104644848632816, "noise_cost": 74.09390989302904, "n_waypoints_completed": 0, "tot_waypoints": 9}}
{"target": -5378.63969847549, "params": {"k_pid_pos": [2.0, 0.0, 0.0], "k_pid_alt": [1.8682153224945068, 0.07013395428657532, 0.9996169209480286], "k_pid_att": [100.0, 0.4803745150566101, 0.9777923822402954], "k_pid_yaw": [0.5, 1e-06, 0.1], "k_pid_hsp": [9.999999747378752e-05, 0.0, 0.9855020046234131], "k_pid_vsp": [2.703416347503662, 388.8252258300781, 400.0]}, "datetime": {"datetime": "2025-08-14 02:51:29", "elapsed": 61417.47503256798, "delta": 30.597875356674194}, "costs": {"total_cost": 5378.63969847549, "time_cost": 150, "final_distance_cost": 1035.1365012023036, "oscillation_cost": 821.767374860436, "completition_cost": 1000.0, "overshoot_cost": 2309.953428579279, "power_cost": 34.10900638427734, "noise_cost": 27.673387449193612, "n_waypoints_completed": 0, "tot_waypoints": 9}}
{"target": -2361.154372077576, "params": {"k_pid_pos": [2.0, 0.004406183958053589, 0.017439931631088257], "k_pid_alt": [2.0, 0.0, 0.9885361194610596], "k_pid_att": [99.04230499267578, 0.18401335179805756, 0.9844768047332764], "k_pid_yaw": [0.5, 1e-06, 0.1], "k_pid_hsp": [9.999999747378752e-05, 0.0561162531375885, 0.9372174739837646], "k_pid_vsp": [37.440467834472656, 400.0, 388.92840576171875]}, "datetime": {"datetime": "2025-08-14 02:51:57", "elapsed": 61445.81395840645, "delta": 28.33892583847046}, "costs": {"total_cost": 2361.154372077576, "time_cost": 150, "final_distance_cost": 111.81402314092654, "oscillation_cost": 748.4947190203103, "completition_cost": 1000.0, "overshoot_cost": 283.3193055015251, "power_cost": 38.79794180908203, "noise_cost": 28.72838260573223, "n_waypoints_completed": 0, "tot_waypoints": 9}}
{"target": -2957.0906777862397, "params": {"k_pid_pos": [2.0, 0.0798892080783844, 0.08400541543960571], "k_pid_alt": [2.0, 0.0400659441947937, 0.9897881746292114], "k_pid_att": [100.0, 9.999999747378752e-05, 0.9791936874389648], "k_pid_yaw": [0.5, 1e-06, 0.1], "k_pid_hsp": [9.999999747378752e-05, 0.03786763548851013, 1.0], "k_pid_vsp": [0.0, 394.7308654785156, 400.0]}, "datetime": {"datetime": "2025-08-14 02:52:28", "elapsed": 61476.72337317467, "delta": 30.909414768218994}, "costs": {"total_cost": 2957.0906777862397, "time_cost": 150, "final_distance_cost": 341.1531800704786, "oscillation_cost": 817.4199815097472, "completition_cost": 1000.0, "overshoot_cost": 586.928464946637, "power_cost": 33.70927664794922, "noise_cost": 27.87977461142735, "n_waypoints_completed": 0, "tot_waypoints": 9}}
{"target": -6364.158185276626, "params": {"k_pid_pos": [2.0, 0.08246660232543945, 0.06437802314758301], "k_pid_alt": [2.0, 0.1286662220954895, 0.996871829032898], "k_pid_att": [98.31700134277344, 0.44630929827690125, 1.0], "k_pid_yaw": [0.5, 1e-06, 0.1], "k_pid_hsp": [0.18799252808094025, 0.0, 0.9303830862045288], "k_pid_vsp": [1.004958152770996, 400.0, 400.0]}, "datetime": {"datetime": "2025-08-14 02:52:57", "elapsed": 61505.28069996834, "delta": 28.557326793670654}, "costs": {"total_cost": 6364.158185276626, "time_cost": 150, "final_distance_cost": 1218.6253868215065, "oscillation_cost": 738.1490866237276, "completition_cost": 1000.0, "overshoot_cost": 3194.985669913716, "power_cost": 34.54858264160156, "noise_cost": 27.849459276074004, "n_waypoints_completed": 0, "tot_waypoints": 9}}
{"target": -2186.479091077403, "params": {"k_pid_pos": [1.965645670890808, 0.03496861457824707, 0.0], "k_pid_alt": [1.9640928506851196, 0.060223549604415894, 1.0], "k_pid_att": [96.67610931396484, 0.04903790354728699, 0.9718194007873535], "k_pid_yaw": [0.5, 1e-06, 0.1], "k_pid_hsp": [9.999999747378752e-05, 0.0, 1.0], "k_pid_vsp": [0.0, 400.0, 399.574951171875]}, "datetime": {"datetime": "2025-08-14 02:53:26", "elapsed": 61534.2504427433, "delta": 28.96974277496338}, "costs": {"total_cost": 2186.479091077403, "time_cost": 150, "final_distance_cost": 71.24655869054766, "oscillation_cost": 742.8455848751524, "completition_cost": 1000.0, "overshoot_cost": 158.46669547346693, "power_cost": 35.84260345458985, "noise_cost": 28.07764858364602, "n_waypoints_completed": 0, "tot_waypoints": 9}}
{"target": -1559.0078765472363, "params": {"k_pid_pos": [1.9895248413085938, 0.0, 0.03942131996154785], "k_pid_alt": [2.0, 0.0, 0.9701418280601501], "k_pid_att": [98.4644775390625, 0.7469581365585327, 0.9762335419654846], "k_pid_yaw": [0.5, 1e-06, 0.1], "k_pid_hsp": [0.6965634822845459, 0.0, 0.99696946144104], "k_pid_vsp": [23.55463409423828, 400.0, 396.82818603515625]}, "datetime": {"datetime": "2025-08-14 02:53:55", "elapsed": 61563.2252509594, "delta": 28.97480821609497}, "costs": {"total_cost": 1559.0078765472363, "time_cost": 150, "final_distance_cost": 47.85009070148745, "oscillation_cost": 379.1129381320921, "completition_cost": 777.7777777777778, "overshoot_cost": 123.60025005657077, "power_cost": 39.133076696777344, "noise_cost": 41.533743182530706, "n_waypoints_completed": 2, "tot_waypoints": 9}}
{"target": -2162.266631468209, "params": {"k_pid_pos": [2.0, 0.0, 0.0], "k_pid_alt": [1.936530351638794, 0.023281067609786987, 1.0], "k_pid_att": [100.0, 0.20637857913970947, 0.9286262392997742], "k_pid_yaw": [0.5, 1e-06, 0.1], "k_pid_hsp": [0.2581107020378113, 0.0, 0.962790846824646], "k_pid_vsp": [0.0, 400.0, 400.0]}, "datetime": {"datetime": "2025-08-14 02:54:23", "elapsed": 61591.89937400818, "delta": 28.67412304878235}, "costs": {"total_cost": 2162.266631468209, "time_cost": 150, "final_distance_cost": 114.31737930006129, "oscillation_cost": 685.0487764889637, "completition_cost": 1000.0, "overshoot_cost": 146.18579634985923, "power_cost": 37.73901823730469, "noise_cost": 28.975661092020264, "n_waypoints_completed": 0, "tot_waypoints": 9}}
{"target": -2083.2750547510477, "params": {"k_pid_pos": [1.8963478803634644, 0.0, 0.01044231653213501], "k_pid_alt": [1.8645994663238525, 0.06544139981269836, 1.0], "k_pid_att": [98.69593048095703, 9.999999747378752e-05, 1.0], "k_pid_yaw": [0.5, 1e-06, 0.1], "k_pid_hsp": [0.046879641711711884, 0.0, 1.0], "k_pid_vsp": [0.0, 389.5093688964844, 399.3047790527344]}, "datetime": {"datetime": "2025-08-14 02:54:53", "elapsed": 61621.27972984314, "delta": 29.380355834960938}, "costs": {"total_cost": 2083.2750547510477, "time_cost": 150, "final_distance_cost": 33.35006065886408, "oscillation_cost": 759.2785427645609, "completition_cost": 1000.0, "overshoot_cost": 74.43370120415568, "power_cost": 37.61179636230469, "noise_cost": 28.60095376116257, "n_waypoints_completed": 0, "tot_waypoints": 9}}
{"target": -2367.6141648155253, "params": {"k_pid_pos": [2.0, 0.03781050443649292, 0.004621386528015137], "k_pid_alt": [1.8342033624649048, 0.004727274179458618, 0.9698506593704224], "k_pid_att": [100.0, 9.999999747378752e-05, 1.0], "k_pid_yaw": [0.5, 1e-06, 0.1], "k_pid_hsp": [9.999999747378752e-05, 0.0, 1.0], "k_pid_vsp": [39.54492950439453, 400.0, 400.0]}, "datetime": {"datetime": "2025-08-14 02:55:22", "elapsed": 61650.33470582962, "delta": 29.054975986480713}, "costs": {"total_cost": 2367.6141648155253, "time_cost": 150, "final_distance_cost": 65.19683478936, "oscillation_cost": 739.5712573233516, "completition_cost": 1000.0, "overshoot_cost": 311.1226933604171, "power_cost": 43.671845434570315, "noise_cost": 58.05153390782614, "n_waypoints_completed": 0, "tot_waypoints": 9}}
{"target": -2214.4201282561626, "params": {"k_pid_pos": [1.9056049585342407, 0.0, 0.03275609016418457], "k_pid_alt": [1.6940288543701172, 0.0, 0.9496608376502991], "k_pid_att": [100.0, 9.999999747378752e-05, 0.9735150933265686], "k_pid_yaw": [0.5, 1e-06, 0.1], "k_pid_hsp": [0.5912678837776184, 0.0367465615272522, 0.9925410747528076], "k_pid_vsp": [17.92066192626953, 400.0, 400.0]}, "datetime": {"datetime": "2025-08-14 02:55:51", "elapsed": 61679.635261297226, "delta": 29.30055546760559}, "costs": {"total_cost": 2214.4201282561626, "time_cost": 150, "final_distance_cost": 312.141968112237, "oscillation_cost": 616.2547998558736, "completition_cost": 777.7777777777778, "overshoot_cost": 292.11443592329454, "power_cost": 36.82837340087891, "noise_cost": 29.302773186101106, "n_waypoints_completed": 2, "tot_waypoints": 9}}
