{"target": -6439.676859946029, "params": {"k_pid_pos": [1.8226954936981201, 0.0, 0.018741369247436523], "k_pid_alt": [1.9325687885284424, 0.08950001001358032, 0.9983167052268982], "k_pid_att": [95.0250015258789, 9.999999747378752e-05, 1.0], "k_pid_yaw": [0.5, 1e-06, 0.1], "k_pid_hsp": [0.028166651725769043, 0.0, 1.0], "k_pid_vsp": [8.709430694580078, 391.3038635253906, 400.0]}, "datetime": {"datetime": "2025-08-13 19:19:14", "elapsed": 34282.21430563927, "delta": 29.642322063446045}, "costs": {"total_cost": 6439.676859946029, "time_cost": 150, "final_distance_cost": 1384.0865594268098, "oscillation_cost": 834.7174961621221, "completition_cost": 1000.0, "overshoot_cost": 3008.9591823821306, "power_cost": 34.505452600097655, "noise_cost": 27.408169374868116, "n_waypoints_completed": 0, "tot_waypoints": 9}}
{"target": -3555.1138078926047, "params": {"k_pid_pos": [1.8604992628097534, 0.0, 0.062260955572128296], "k_pid_alt": [1.9891815185546875, 0.00825411081314087, 1.0], "k_pid_att": [100.0, 0.22737082839012146, 1.0], "k_pid_yaw": [0.5, 1e-06, 0.1], "k_pid_hsp": [0.6011168360710144, 0.0, 0.9585130214691162], "k_pid_vsp": [6.237030029296875, 400.0, 381.9693908691406]}, "datetime": {"datetime": "2025-08-13 19:19:43", "elapsed": 34312.02283811569, "delta": 29.80853247642517}, "costs": {"total_cost": 3555.1138078926047, "time_cost": 150, "final_distance_cost": 516.1958248686922, "oscillation_cost": 554.71415863241, "completition_cost": 1000.0, "overshoot_cost": 1269.7868091063806, "power_cost": 35.299463085937504, "noise_cost": 29.11755219918457, "n_waypoints_completed": 0, "tot_waypoints": 9}}
{"target": -2063.145971199791, "params": {"k_pid_pos": [1.965334177017212, 0.0, 0.02535119652748108], "k_pid_alt": [1.8103888034820557, 0.02341639995574951, 1.0], "k_pid_att": [95.68859100341797, 0.6320728063583374, 1.0], "k_pid_yaw": [0.5, 1e-06, 0.1], "k_pid_hsp": [9.999999747378752e-05, 0.0, 1.0], "k_pid_vsp": [13.080167770385742, 372.7773742675781, 391.04315185546875]}, "datetime": {"datetime": "2025-08-13 19:20:12", "elapsed": 34340.63100385666, "delta": 28.608165740966797}, "costs": {"total_cost": 2063.145971199791, "time_cost": 150, "final_distance_cost": 4.382480912837545, "oscillation_cost": 765.7404017344422, "completition_cost": 1000.0, "overshoot_cost": 71.36244442293217, "power_cost": 39.77952227783204, "noise_cost": 31.8811218517469, "n_waypoints_completed": 0, "tot_waypoints": 9}}
{"target": -2592.202070035971, "params": {"k_pid_pos": [2.0, 0.003129929304122925, 0.0], "k_pid_alt": [2.0, 0.03917005658149719, 0.9766441583633423], "k_pid_att": [100.0, 9.999999747378752e-05, 1.0], "k_pid_yaw": [0.5, 1e-06, 0.1], "k_pid_hsp": [9.999999747378752e-05, 0.0, 0.9094163179397583], "k_pid_vsp": [0.0, 379.1552429199219, 400.0]}, "datetime": {"datetime": "2025-08-13 19:20:41", "elapsed": 34370.06873130798, "delta": 29.437727451324463}, "costs": {"total_cost": 2592.202070035971, "time_cost": 150, "final_distance_cost": 353.82840956293063, "oscillation_cost": 763.3431534721514, "completition_cost": 1000.0, "overshoot_cost": 247.5028224331994, "power_cost": 36.03131763916016, "noise_cost": 41.49636692852931, "n_waypoints_completed": 0, "tot_waypoints": 9}}
{"target": -2548.699584204232, "params": {"k_pid_pos": [1.928830623626709, 0.0, 0.0], "k_pid_alt": [2.0, 0.0, 0.9378013610839844], "k_pid_att": [97.21833801269531, 0.29213419556617737, 0.9389445185661316], "k_pid_yaw": [0.5, 1e-06, 0.1], "k_pid_hsp": [9.999999747378752e-05, 0.0, 1.0], "k_pid_vsp": [0.0, 400.0, 380.62744140625]}, "datetime": {"datetime": "2025-08-13 19:21:10", "elapsed": 34399.02507734299, "delta": 28.956346035003662}, "costs": {"total_cost": 2548.699584204232, "time_cost": 150, "final_distance_cost": 313.0496129281806, "oscillation_cost": 752.2193216583868, "completition_cost": 1000.0, "overshoot_cost": 267.0228299544266, "power_cost": 37.80704764404297, "noise_cost": 28.600772019195087, "n_waypoints_completed": 0, "tot_waypoints": 9}}
{"target": -1528.5455394968058, "params": {"k_pid_pos": [1.9823172092437744, 0.0, 0.02834644913673401], "k_pid_alt": [2.0, 0.02320683002471924, 1.0], "k_pid_att": [100.0, 9.999999747378752e-05, 1.0], "k_pid_yaw": [0.5, 1e-06, 0.1], "k_pid_hsp": [0.9683972597122192, 0.0, 0.8782690763473511], "k_pid_vsp": [0.0, 371.2971496582031, 386.794677734375]}, "datetime": {"datetime": "2025-08-13 19:21:40", "elapsed": 34428.48340821266, "delta": 29.458330869674683}, "costs": {"total_cost": 1528.5455394968058, "time_cost": 150, "final_distance_cost": 85.48393022844853, "oscillation_cost": 408.73673517467216, "completition_cost": 666.6666666666667, "overshoot_cost": 124.77907404509033, "power_cost": 39.1004531616211, "noise_cost": 53.778680220307066, "n_waypoints_completed": 3, "tot_waypoints": 9}}
{"target": -2524.7426624113427, "params": {"k_pid_pos": [2.0, 0.06730532646179199, 0.0], "k_pid_alt": [2.0, 0.0, 1.0], "k_pid_att": [100.0, 0.8654691576957703, 0.894481897354126], "k_pid_yaw": [0.5, 1e-06, 0.1], "k_pid_hsp": [0.027192125096917152, 0.0, 0.9651421904563904], "k_pid_vsp": [20.41885757446289, 380.66717529296875, 400.0]}, "datetime": {"datetime": "2025-08-13 19:22:08", "elapsed": 34456.96746182442, "delta": 28.48405361175537}, "costs": {"total_cost": 2524.7426624113427, "time_cost": 150, "final_distance_cost": 40.84719970645494, "oscillation_cost": 724.4457046029929, "completition_cost": 777.7777777777778, "overshoot_cost": 762.6648104329381, "power_cost": 37.883063403320314, "noise_cost": 31.124106487858878, "n_waypoints_completed": 2, "tot_waypoints": 9}}
{"target": -4247.199009447295, "params": {"k_pid_pos": [1.9868085384368896, 0.0, 0.013616442680358887], "k_pid_alt": [2.0, 0.0, 0.9747226238250732], "k_pid_att": [97.67076873779297, 0.3656545877456665, 0.9597525596618652], "k_pid_yaw": [0.5, 1e-06, 0.1], "k_pid_hsp": [9.999999747378752e-05, 0.07903727889060974, 0.971307635307312], "k_pid_vsp": [0.0, 393.12554931640625, 400.0]}, "datetime": {"datetime": "2025-08-13 19:22:37", "elapsed": 34485.1732172966, "delta": 28.205755472183228}, "costs": {"total_cost": 4247.199009447295, "time_cost": 150, "final_distance_cost": 745.2922908486845, "oscillation_cost": 741.8185936301996, "completition_cost": 1000.0, "overshoot_cost": 1548.4057954684215, "power_cost": 33.960732421875, "noise_cost": 27.721597078114865, "n_waypoints_completed": 0, "tot_waypoints": 9}}
{"target": -2656.462551078381, "params": {"k_pid_pos": [2.0, 0.0, 0.0], "k_pid_alt": [1.925525426864624, 0.0, 1.0], "k_pid_att": [96.51777648925781, 9.999999747378752e-05, 0.9918065667152405], "k_pid_yaw": [0.5, 1e-06, 0.1], "k_pid_hsp": [9.999999747378752e-05, 0.0, 1.0], "k_pid_vsp": [0.0, 386.9149475097656, 386.8421630859375]}, "datetime": {"datetime": "2025-08-13 19:23:05", "elapsed": 34513.27503156662, "delta": 28.10181427001953}, "costs": {"total_cost": 2656.462551078381, "time_cost": 150, "final_distance_cost": 4.08094244911419, "oscillation_cost": 815.1643106015334, "completition_cost": 1000.0, "overshoot_cost": 615.788452626308, "power_cost": 37.26177991943359, "noise_cost": 34.16706548199184, "n_waypoints_completed": 0, "tot_waypoints": 9}}
{"target": -2931.640927237321, "params": {"k_pid_pos": [1.8415899276733398, 0.046103328466415405, 0.0], "k_pid_alt": [2.0, 0.0, 0.9556176662445068], "k_pid_att": [97.08871459960938, 9.999999747378752e-05, 0.9875701665878296], "k_pid_yaw": [0.5, 1e-06, 0.1], "k_pid_hsp": [9.999999747378752e-05, 0.11453428864479065, 0.9449983835220337], "k_pid_vsp": [2.4999022483825684, 400.0, 387.4665832519531]}, "datetime": {"datetime": "2025-08-13 19:23:34", "elapsed": 34542.853648900986, "delta": 29.578617334365845}, "costs": {"total_cost": 2931.640927237321, "time_cost": 150, "final_distance_cost": 359.3019852743991, "oscillation_cost": 762.787688103307, "completition_cost": 1000.0, "overshoot_cost": 593.1876048935566, "power_cost": 37.664051367187504, "noise_cost": 28.69959759887127, "n_waypoints_completed": 0, "tot_waypoints": 9}}
{"target": -2342.4794728415577, "params": {"k_pid_pos": [1.996753215789795, 0.013432234525680542, 0.006179332733154297], "k_pid_alt": [1.9584271907806396, 0.0056452155113220215, 0.993602454662323], "k_pid_att": [88.7719955444336, 0.6208699345588684, 0.9469233751296997], "k_pid_yaw": [0.5, 1e-06, 0.1], "k_pid_hsp": [0.14784085750579834, 0.0, 0.9906367063522339], "k_pid_vsp": [0.0, 398.4613342285156, 394.07177734375]}, "datetime": {"datetime": "2025-08-13 19:24:04", "elapsed": 34572.48796081543, "delta": 29.63431191444397}, "costs": {"total_cost": 2342.4794728415577, "time_cost": 150, "final_distance_cost": 60.45401905061741, "oscillation_cost": 720.7527707041671, "completition_cost": 1000.0, "overshoot_cost": 345.08708685697997, "power_cost": 37.49125184326172, "noise_cost": 28.69434438653183, "n_waypoints_completed": 0, "tot_waypoints": 9}}
{"target": -3487.2460485804686, "params": {"k_pid_pos": [2.0, 0.007272511720657349, 0.0], "k_pid_alt": [1.9015178680419922, 0.0, 0.9009817838668823], "k_pid_att": [95.40760040283203, 9.999999747378752e-05, 1.0], "k_pid_yaw": [0.5, 1e-06, 0.1], "k_pid_hsp": [1.1275582313537598, 0.0, 0.9869096279144287], "k_pid_vsp": [24.502777099609375, 400.0, 396.56195068359375]}, "datetime": {"datetime": "2025-08-13 19:24:33", "elapsed": 34601.19599699974, "delta": 28.708036184310913}, "costs": {"total_cost": 3487.2460485804686, "time_cost": 150, "final_distance_cost": 920.4439809904633, "oscillation_cost": 639.7547023165383, "completition_cost": 777.7777777777778, "overshoot_cost": 936.2259143898963, "power_cost": 33.94947517089844, "noise_cost": 29.094197934894193, "n_waypoints_completed": 2, "tot_waypoints": 9}}
{"target": -1766.3846962525874, "params": {"k_pid_pos": [1.8846921920776367, 0.016489088535308838, 0.0], "k_pid_alt": [2.0, 0.0, 1.0], "k_pid_att": [97.09569549560547, 0.7076525092124939, 1.0], "k_pid_yaw": [0.5, 1e-06, 0.1], "k_pid_hsp": [0.8198463916778564, 0.0, 1.0], "k_pid_vsp": [33.77315902709961, 400.0, 400.0]}, "datetime": {"datetime": "2025-08-13 19:25:02", "elapsed": 34630.78438591957, "delta": 29.588388919830322}, "costs": {"total_cost": 1766.3846962525874, "time_cost": 150, "final_distance_cost": 74.12462558688924, "oscillation_cost": 493.04124647855684, "completition_cost": 777.7777777777778, "overshoot_cost": 177.91947578824463, "power_cost": 39.01340447998047, "noise_cost": 54.508166141138446, "n_waypoints_completed": 2, "tot_waypoints": 9}}
{"target": -1876.8932298471627, "params": {"k_pid_pos": [2.0, 0.07440659403800964, 0.03989917039871216], "k_pid_alt": [1.9937374591827393, 0.01722806692123413, 0.9941387176513672], "k_pid_att": [96.95370483398438, 9.999999747378752e-05, 0.9884046316146851], "k_pid_yaw": [0.5, 1e-06, 0.1], "k_pid_hsp": [0.6543694734573364, 0.0, 0.9827057719230652], "k_pid_vsp": [15.114665031433105, 400.0, 393.0937194824219]}, "datetime": {"datetime": "2025-08-13 19:25:31", "elapsed": 34659.7304046154, "delta": 28.9460186958313}, "costs": {"total_cost": 1876.8932298471627, "time_cost": 150, "final_distance_cost": 104.24629260859808, "oscillation_cost": 560.7374133225625, "completition_cost": 888.8888888888888, "overshoot_cost": 105.97998902162594, "power_cost": 36.80330603027344, "noise_cost": 30.237339975213835, "n_waypoints_completed": 1, "tot_waypoints": 9}}
{"target": -3065.4651510161675, "params": {"k_pid_pos": [2.0, 0.027725547552108765, 0.00968053936958313], "k_pid_alt": [1.9441132545471191, 0.014123797416687012, 1.0], "k_pid_att": [100.0, 9.999999747378752e-05, 1.0], "k_pid_yaw": [0.5, 1e-06, 0.1], "k_pid_hsp": [0.6461756825447083, 0.0, 1.0], "k_pid_vsp": [0.0, 400.0, 400.0]}, "datetime": {"datetime": "2025-08-13 19:26:01", "elapsed": 34689.43835401535, "delta": 29.70794939994812}, "costs": {"total_cost": 3065.4651510161675, "time_cost": 150, "final_distance_cost": 739.7161840002681, "oscillation_cost": 521.2714315826888, "completition_cost": 888.8888888888888, "overshoot_cost": 700.0227558008332, "power_cost": 36.177326367187504, "noise_cost": 29.388564376300998, "n_waypoints_completed": 1, "tot_waypoints": 9}}
{"target": -1585.7536324624175, "params": {"k_pid_pos": [2.0, 0.026348888874053955, 0.018891185522079468], "k_pid_alt": [1.988166332244873, 0.0, 0.9878755211830139], "k_pid_att": [100.0, 0.5254775285720825, 1.0], "k_pid_yaw": [0.5, 1e-06, 0.1], "k_pid_hsp": [1.5995240211486816, 0.08082088828086853, 0.9470508098602295], "k_pid_vsp": [10.90543270111084, 399.28564453125, 387.0476379394531]}, "datetime": {"datetime": "2025-08-13 19:26:30", "elapsed": 34718.56794691086, "delta": 29.129592895507812}, "costs": {"total_cost": 1585.7536324624175, "time_cost": 150, "final_distance_cost": 71.7492166959947, "oscillation_cost": 391.0764366652026, "completition_cost": 777.7777777777778, "overshoot_cost": 125.99910502356634, "power_cost": 37.49903131103516, "noise_cost": 31.652064988840916, "n_waypoints_completed": 2, "tot_waypoints": 9}}
{"target": -4008.4849932459606, "params": {"k_pid_pos": [1.9892849922180176, 0.0, 0.05331769585609436], "k_pid_alt": [1.9934070110321045, 0.0, 0.951257586479187], "k_pid_att": [100.0, 9.999999747378752e-05, 1.0], "k_pid_yaw": [0.5, 1e-06, 0.1], "k_pid_hsp": [9.999999747378752e-05, 0.0, 0.9565684199333191], "k_pid_vsp": [3.6730408668518066, 400.0, 400.0]}, "datetime": {"datetime": "2025-08-13 19:26:59", "elapsed": 34747.862941503525, "delta": 29.294994592666626}, "costs": {"total_cost": 4008.4849932459606, "time_cost": 150, "final_distance_cost": 935.9232681562881, "oscillation_cost": 830.9130299760949, "completition_cost": 1000.0, "overshoot_cost": 1030.076233800978, "power_cost": 33.985573278808594, "noise_cost": 27.586888033791034, "n_waypoints_completed": 0, "tot_waypoints": 9}}
{"target": -5487.810981278175, "params": {"k_pid_pos": [2.0, 0.01914849877357483, 0.0], "k_pid_alt": [1.8833365440368652, 0.0, 1.0], "k_pid_att": [99.03182220458984, 9.999999747378752e-05, 0.9448058605194092], "k_pid_yaw": [0.5, 1e-06, 0.1], "k_pid_hsp": [0.6786491870880127, 0.04561373591423035, 1.0], "k_pid_vsp": [0.0, 400.0, 400.0]}, "datetime": {"datetime": "2025-08-13 19:27:28", "elapsed": 34776.29103708267, "delta": 28.42809557914734}, "costs": {"total_cost": 5487.810981278175, "time_cost": 150, "final_distance_cost": 1421.8620832219813, "oscillation_cost": 778.0690433108941, "completition_cost": 1000.0, "overshoot_cost": 2075.482176963167, "power_cost": 33.650443371582035, "noise_cost": 28.747234410550472, "n_waypoints_completed": 0, "tot_waypoints": 9}}
{"target": -1945.6146088495611, "params": {"k_pid_pos": [2.0, 0.049878329038619995, 0.0], "k_pid_alt": [2.0, 0.042796701192855835, 0.9395440816879272], "k_pid_att": [91.80165100097656, 9.999999747378752e-05, 1.0], "k_pid_yaw": [0.5, 1e-06, 0.1], "k_pid_hsp": [0.865908145904541, 0.0765831470489502, 0.9150358438491821], "k_pid_vsp": [29.67963218688965, 400.0, 396.83966064453125]}, "datetime": {"datetime": "2025-08-13 19:27:57", "elapsed": 34805.237580776215, "delta": 28.94654369354248}, "costs": {"total_cost": 1945.6146088495611, "time_cost": 150, "final_distance_cost": 46.56634851808399, "oscillation_cost": 633.6217067188798, "completition_cost": 888.8888888888888, "overshoot_cost": 153.32144157358732, "power_cost": 36.637780676269536, "noise_cost": 36.57844247385143, "n_waypoints_completed": 1, "tot_waypoints": 9}}
{"target": -2089.977994901364, "params": {"k_pid_pos": [2.0, 0.04604059457778931, 0.02464619278907776], "k_pid_alt": [2.0, 0.07150900363922119, 0.984176754951477], "k_pid_att": [100.0, 0.09246601164340973, 0.9939881563186646], "k_pid_yaw": [0.5, 1e-06, 0.1], "k_pid_hsp": [0.34942084550857544, 0.0, 1.0], "k_pid_vsp": [0.0, 399.6922912597656, 384.609619140625]}, "datetime": {"datetime": "2025-08-13 19:28:26", "elapsed": 34834.4142165184, "delta": 29.1766357421875}, "costs": {"total_cost": 2089.977994901364, "time_cost": 150, "final_distance_cost": 261.98802194434177, "oscillation_cost": 666.9638538695076, "completition_cost": 777.7777777777778, "overshoot_cost": 167.94125926685774, "power_cost": 36.825382348632814, "noise_cost": 28.481699694246267, "n_waypoints_completed": 2, "tot_waypoints": 9}}
{"target": -1761.3736229611586, "params": {"k_pid_pos": [2.0, 0.0, 0.0], "k_pid_alt": [2.0, 0.0, 1.0], "k_pid_att": [100.0, 1.2564948797225952, 0.9889212846755981], "k_pid_yaw": [0.5, 1e-06, 0.1], "k_pid_hsp": [0.7537922859191895, 0.0, 0.9639074802398682], "k_pid_vsp": [6.546688079833984, 400.0, 400.0]}, "datetime": {"datetime": "2025-08-13 19:28:55", "elapsed": 34863.482731580734, "delta": 29.068515062332153}, "costs": {"total_cost": 1761.3736229611586, "time_cost": 150, "final_distance_cost": 6.557086473211689, "oscillation_cost": 319.34299384581743, "completition_cost": 1000.0, "overshoot_cost": 145.5564563675445, "power_cost": 39.30524184570313, "noise_cost": 100.6118444288815, "n_waypoints_completed": 0, "tot_waypoints": 9}}
{"target": -2126.332966510817, "params": {"k_pid_pos": [1.9218018054962158, 0.0, 0.03929916024208069], "k_pid_alt": [1.900936245918274, 0.017431914806365967, 1.0], "k_pid_att": [100.0, 0.36435672640800476, 0.9561104774475098], "k_pid_yaw": [0.5, 1e-06, 0.1], "k_pid_hsp": [9.999999747378752e-05, 0.03991210460662842, 0.9796142578125], "k_pid_vsp": [3.069734573364258, 373.4140319824219, 400.0]}, "datetime": {"datetime": "2025-08-13 19:29:24", "elapsed": 34893.07159423828, "delta": 29.588862657546997}, "costs": {"total_cost": 2126.332966510817, "time_cost": 150, "final_distance_cost": 47.47591666913538, "oscillation_cost": 737.5262425456019, "completition_cost": 1000.0, "overshoot_cost": 127.26687065211608, "power_cost": 36.16159910888672, "noise_cost": 27.902337535077148, "n_waypoints_completed": 0, "tot_waypoints": 9}}
{"target": -14458.65468298392, "params": {"k_pid_pos": [1.9876621961593628, 0.0, 0.0], "k_pid_alt": [1.8854081630706787, 0.1110420823097229, 0.9473963975906372], "k_pid_att": [100.0, 0.37676090002059937, 0.9286522269248962], "k_pid_yaw": [0.5, 1e-06, 0.1], "k_pid_hsp": [0.14449527859687805, 0.010807931423187256, 1.0], "k_pid_vsp": [0.0, 384.6940612792969, 400.0]}, "datetime": {"datetime": "2025-08-13 19:29:53", "elapsed": 34921.98009109497, "delta": 28.908496856689453}, "costs": {"total_cost": 14458.65468298392, "time_cost": 150, "final_distance_cost": 4114.481203931932, "oscillation_cost": 756.6475104076026, "completition_cost": 1000.0, "overshoot_cost": 8377.157991675575, "power_cost": 32.921724841308595, "noise_cost": 27.446252127503943, "n_waypoints_completed": 0, "tot_waypoints": 9}}
{"target": -2353.7027316193908, "params": {"k_pid_pos": [2.0, 0.0, 0.0], "k_pid_alt": [1.829509973526001, 0.031065404415130615, 1.0], "k_pid_att": [98.85893249511719, 0.24719037115573883, 1.0], "k_pid_yaw": [0.5, 1e-06, 0.1], "k_pid_hsp": [9.999999747378752e-05, 0.05500391125679016, 1.0], "k_pid_vsp": [0.0, 400.0, 386.0745544433594]}, "datetime": {"datetime": "2025-08-13 19:30:22", "elapsed": 34950.81441807747, "delta": 28.83432698249817}, "costs": {"total_cost": 2353.7027316193908, "time_cost": 150, "final_distance_cost": 56.96164069495786, "oscillation_cost": 783.773584621306, "completition_cost": 1000.0, "overshoot_cost": 287.3219534636077, "power_cost": 39.15199379882813, "noise_cost": 36.49355904069089, "n_waypoints_completed": 0, "tot_waypoints": 9}}
{"target": -2664.7502358328147, "params": {"k_pid_pos": [1.7716829776763916, 0.02192649245262146, 0.0], "k_pid_alt": [2.0, 0.009448796510696411, 1.0], "k_pid_att": [100.0, 9.999999747378752e-05, 1.0], "k_pid_yaw": [0.5, 1e-06, 0.1], "k_pid_hsp": [9.999999747378752e-05, 0.0, 0.9833670854568481], "k_pid_vsp": [0.0, 400.0, 395.8607482910156]}, "datetime": {"datetime": "2025-08-13 19:30:52", "elapsed": 34980.34357333183, "delta": 29.529155254364014}, "costs": {"total_cost": 2664.7502358328147, "time_cost": 150, "final_distance_cost": 293.4146435903694, "oscillation_cost": 783.6191265139759, "completition_cost": 1000.0, "overshoot_cost": 375.46483641507444, "power_cost": 34.57805979003906, "noise_cost": 27.673569523355916, "n_waypoints_completed": 0, "tot_waypoints": 9}}
{"target": -2161.471508112485, "params": {"k_pid_pos": [2.0, 0.0044699907302856445, 0.0], "k_pid_alt": [2.0, 0.06279262900352478, 0.9528616070747375], "k_pid_att": [87.76101684570312, 0.2098877727985382, 0.9897147417068481], "k_pid_yaw": [0.5, 1e-06, 0.1], "k_pid_hsp": [0.08374474942684174, 0.0, 1.0], "k_pid_vsp": [41.34359359741211, 399.2794189453125, 400.0]}, "datetime": {"datetime": "2025-08-13 19:31:20", "elapsed": 35008.85339808464, "delta": 28.509824752807617}, "costs": {"total_cost": 2161.471508112485, "time_cost": 150, "final_distance_cost": 46.16695509125607, "oscillation_cost": 708.8854268588473, "completition_cost": 1000.0, "overshoot_cost": 191.87636975405877, "power_cost": 36.313965405273436, "noise_cost": 28.228791003049643, "n_waypoints_completed": 0, "tot_waypoints": 9}}
{"target": -2268.796883921677, "params": {"k_pid_pos": [1.8920286893844604, 0.0, 0.0719723105430603], "k_pid_alt": [1.841035008430481, 0.0, 0.9836690425872803], "k_pid_att": [100.0, 0.07383736222982407, 1.0], "k_pid_yaw": [0.5, 1e-06, 0.1], "k_pid_hsp": [9.999999747378752e-05, 0.0021544694900512695, 1.0], "k_pid_vsp": [0.0, 400.0, 373.61383056640625]}, "datetime": {"datetime": "2025-08-13 19:31:49", "elapsed": 35037.756960868835, "delta": 28.903562784194946}, "costs": {"total_cost": 2268.796883921677, "time_cost": 150, "final_distance_cost": 77.84868592202898, "oscillation_cost": 782.1694257459025, "completition_cost": 1000.0, "overshoot_cost": 188.80475528442784, "power_cost": 40.47553640136719, "noise_cost": 29.498480567950338, "n_waypoints_completed": 0, "tot_waypoints": 9}}
