{"target": -2501.9833232325145, "params": {"k_pid_pos": [1.7966221570968628, 0.0, 0.0077589452266693115], "k_pid_alt": [2.0, 0.0763256847858429, 0.9763447046279907], "k_pid_att": [92.80410766601562, 9.999999747378752e-05, 1.0], "k_pid_yaw": [0.5, 1e-06, 0.1], "k_pid_hsp": [9.999999747378752e-05, 0.0, 0.9779291152954102], "k_pid_vsp": [16.292022705078125, 400.0, 400.0]}, "datetime": {"datetime": "2025-08-14 02:03:27", "elapsed": 58535.9699280262, "delta": 29.245124101638794}, "costs": {"total_cost": 2501.9833232325145, "time_cost": 150, "final_distance_cost": 225.24320284025416, "oscillation_cost": 755.0866880015212, "completition_cost": 1000.0, "overshoot_cost": 281.385880523587, "power_cost": 39.84166661376953, "noise_cost": 50.425885253382816, "n_waypoints_completed": 0, "tot_waypoints": 9}}
{"target": -2278.103912127834, "params": {"k_pid_pos": [2.0, 0.012297898530960083, 0.017907917499542236], "k_pid_alt": [2.0, 0.0, 1.0], "k_pid_att": [94.00469207763672, 9.999999747378752e-05, 1.0], "k_pid_yaw": [0.5, 1e-06, 0.1], "k_pid_hsp": [0.3952009081840515, 0.0, 1.0], "k_pid_vsp": [1.2786388397216797, 398.5152282714844, 391.21148681640625]}, "datetime": {"datetime": "2025-08-14 02:03:58", "elapsed": 58566.076661109924, "delta": 30.106733083724976}, "costs": {"total_cost": 2278.103912127834, "time_cost": 150, "final_distance_cost": 385.1854224514918, "oscillation_cost": 581.4378412401672, "completition_cost": 777.7777777777778, "overshoot_cost": 315.182074761002, "power_cost": 36.36809111328125, "noise_cost": 32.15270478411417, "n_waypoints_completed": 2, "tot_waypoints": 9}}
{"target": -2493.0537988057545, "params": {"k_pid_pos": [2.0, 0.029596567153930664, 0.0], "k_pid_alt": [1.94028639793396, 0.0, 1.0], "k_pid_att": [100.0, 0.07360102981328964, 0.9777523279190063], "k_pid_yaw": [0.5, 1e-06, 0.1], "k_pid_hsp": [9.999999747378752e-05, 0.006943315267562866, 1.0], "k_pid_vsp": [2.7357935905456543, 396.9220275878906, 400.0]}, "datetime": {"datetime": "2025-08-14 02:04:30", "elapsed": 58598.94372224808, "delta": 32.867061138153076}, "costs": {"total_cost": 2493.0537988057545, "time_cost": 150, "final_distance_cost": 74.72402643142455, "oscillation_cost": 822.6328242617114, "completition_cost": 1000.0, "overshoot_cost": 368.315377508088, "power_cost": 35.85469348144532, "noise_cost": 41.52687712308501, "n_waypoints_completed": 0, "tot_waypoints": 9}}
{"target": -2374.529373069103, "params": {"k_pid_pos": [1.8382076025009155, 0.0, 0.031591325998306274], "k_pid_alt": [2.0, 0.0, 0.8442524671554565], "k_pid_att": [95.70284271240234, 0.7703825235366821, 1.0], "k_pid_yaw": [0.5, 1e-06, 0.1], "k_pid_hsp": [9.999999747378752e-05, 0.014955699443817139, 0.9508160352706909], "k_pid_vsp": [5.029428005218506, 392.21685791015625, 400.0]}, "datetime": {"datetime": "2025-08-14 02:05:00", "elapsed": 58628.424275398254, "delta": 29.480553150177002}, "costs": {"total_cost": 2374.529373069103, "time_cost": 150, "final_distance_cost": 185.44404285996194, "oscillation_cost": 767.7960556156876, "completition_cost": 1000.0, "overshoot_cost": 153.19672886318972, "power_cost": 40.424033715820315, "noise_cost": 77.6685120144435, "n_waypoints_completed": 0, "tot_waypoints": 9}}
{"target": -2112.313352770785, "params": {"k_pid_pos": [1.9640644788742065, 0.00514453649520874, 0.025389105081558228], "k_pid_alt": [2.0, 0.0, 1.0], "k_pid_att": [100.0, 9.999999747378752e-05, 0.9911209344863892], "k_pid_yaw": [0.5, 1e-06, 0.1], "k_pid_hsp": [9.999999747378752e-05, 0.009758293628692627, 1.0], "k_pid_vsp": [0.0, 400.0, 400.0]}, "datetime": {"datetime": "2025-08-14 02:05:29", "elapsed": 58658.01065158844, "delta": 29.586376190185547}, "costs": {"total_cost": 2112.313352770785, "time_cost": 150, "final_distance_cost": 51.72307661967856, "oscillation_cost": 747.8577577716104, "completition_cost": 1000.0, "overshoot_cost": 95.5412306805704, "power_cost": 38.65203327636719, "noise_cost": 28.53925442255827, "n_waypoints_completed": 0, "tot_waypoints": 9}}
{"target": -2689.772088117583, "params": {"k_pid_pos": [1.8355897665023804, 0.0, 0.02282777428627014], "k_pid_alt": [2.0, 0.0266229510307312, 1.0], "k_pid_att": [100.0, 9.999999747378752e-05, 0.9347715377807617], "k_pid_yaw": [0.5, 1e-06, 0.1], "k_pid_hsp": [9.999999747378752e-05, 0.07753613591194153, 1.0], "k_pid_vsp": [6.218254566192627, 375.18572998046875, 400.0]}, "datetime": {"datetime": "2025-08-14 02:06:00", "elapsed": 58688.36702990532, "delta": 30.356378316879272}, "costs": {"total_cost": 2689.772088117583, "time_cost": 150, "final_distance_cost": 111.13616125584302, "oscillation_cost": 810.7929943557674, "completition_cost": 1000.0, "overshoot_cost": 553.1394595057795, "power_cost": 36.53582409667969, "noise_cost": 28.1676489035132, "n_waypoints_completed": 0, "tot_waypoints": 9}}
{"target": -2711.8561895087364, "params": {"k_pid_pos": [2.0, 0.02838161587715149, 0.0], "k_pid_alt": [1.9522093534469604, 0.009819954633712769, 1.0], "k_pid_att": [98.73121643066406, 9.999999747378752e-05, 1.0], "k_pid_yaw": [0.5, 1e-06, 0.1], "k_pid_hsp": [0.14981940388679504, 0.015917181968688965, 0.9897770881652832], "k_pid_vsp": [0.0, 396.58599853515625, 376.99652099609375]}, "datetime": {"datetime": "2025-08-14 02:06:31", "elapsed": 58719.41774773598, "delta": 31.05071783065796}, "costs": {"total_cost": 2711.8561895087364, "time_cost": 150, "final_distance_cost": 371.74649229326417, "oscillation_cost": 686.0764838783643, "completition_cost": 1000.0, "overshoot_cost": 442.5427718258872, "power_cost": 33.64368619384766, "noise_cost": 27.846755317373148, "n_waypoints_completed": 0, "tot_waypoints": 9}}
{"target": -5567.135020149387, "params": {"k_pid_pos": [2.0, 0.0, 0.0], "k_pid_alt": [1.9082002639770508, 0.0, 1.0], "k_pid_att": [97.89502716064453, 9.999999747378752e-05, 1.0], "k_pid_yaw": [0.5, 1e-06, 0.1], "k_pid_hsp": [9.999999747378752e-05, 0.0, 1.0], "k_pid_vsp": [47.37863540649414, 378.488525390625, 400.0]}, "datetime": {"datetime": "2025-08-14 02:07:03", "elapsed": 58751.12839722633, "delta": 31.710649490356445}, "costs": {"total_cost": 5567.135020149387, "time_cost": 150, "final_distance_cost": 1384.0667962239743, "oscillation_cost": 766.8598394118079, "completition_cost": 1000.0, "overshoot_cost": 2207.5888691982896, "power_cost": 31.39423679199219, "noise_cost": 27.225278523323315, "n_waypoints_completed": 0, "tot_waypoints": 9}}
{"target": -2829.485369902643, "params": {"k_pid_pos": [2.0, 0.02868562936782837, 0.03572571277618408], "k_pid_alt": [2.0, 0.0, 1.0], "k_pid_att": [100.0, 0.6745997071266174, 1.0], "k_pid_yaw": [0.5, 1e-06, 0.1], "k_pid_hsp": [9.999999747378752e-05, 0.02726137638092041, 1.0], "k_pid_vsp": [18.83140754699707, 351.6969299316406, 400.0]}, "datetime": {"datetime": "2025-08-14 02:07:33", "elapsed": 58781.24112176895, "delta": 30.112724542617798}, "costs": {"total_cost": 2829.485369902643, "time_cost": 150, "final_distance_cost": 430.7888576130924, "oscillation_cost": 856.2312962650636, "completition_cost": 1000.0, "overshoot_cost": 331.6249134076188, "power_cost": 33.27631159667969, "noise_cost": 27.56399102018828, "n_waypoints_completed": 0, "tot_waypoints": 9}}
{"target": -2002.3432469294319, "params": {"k_pid_pos": [1.8227825164794922, 0.020796477794647217, 0.03260478377342224], "k_pid_alt": [2.0, 0.02554231882095337, 1.0], "k_pid_att": [100.0, 0.07605016231536865, 0.9632803201675415], "k_pid_yaw": [0.5, 1e-06, 0.1], "k_pid_hsp": [0.25111648440361023, 0.0, 0.9066097736358643], "k_pid_vsp": [0.0, 390.7251281738281, 400.0]}, "datetime": {"datetime": "2025-08-14 02:08:01", "elapsed": 58809.56897234917, "delta": 28.327850580215454}, "costs": {"total_cost": 2002.3432469294319, "time_cost": 150, "final_distance_cost": 83.50822373658536, "oscillation_cost": 703.7519696027135, "completition_cost": 888.8888888888888, "overshoot_cost": 105.80961827777764, "power_cost": 37.26811306152344, "noise_cost": 33.11643336194313, "n_waypoints_completed": 1, "tot_waypoints": 9}}
{"target": -1834.6712938589287, "params": {"k_pid_pos": [2.0, 0.0, 0.0], "k_pid_alt": [2.0, 0.06482917070388794, 0.9691445827484131], "k_pid_att": [100.0, 0.12945300340652466, 0.957955539226532], "k_pid_yaw": [0.5, 1e-06, 0.1], "k_pid_hsp": [0.4350542724132538, 0.06424346566200256, 1.0], "k_pid_vsp": [0.0, 388.9250183105469, 345.727294921875]}, "datetime": {"datetime": "2025-08-14 02:08:33", "elapsed": 58841.21732354164, "delta": 31.648351192474365}, "costs": {"total_cost": 1834.6712938589287, "time_cost": 150, "final_distance_cost": 116.17303767125871, "oscillation_cost": 582.3000612437352, "completition_cost": 777.7777777777778, "overshoot_cost": 119.1422201437854, "power_cost": 39.91567501220703, "noise_cost": 49.36252201016461, "n_waypoints_completed": 2, "tot_waypoints": 9}}
{"target": -2132.355259403096, "params": {"k_pid_pos": [1.9580128192901611, 0.0, 0.0], "k_pid_alt": [2.0, 0.0, 1.0], "k_pid_att": [100.0, 0.7152472734451294, 0.9946379661560059], "k_pid_yaw": [0.5, 1e-06, 0.1], "k_pid_hsp": [9.999999747378752e-05, 0.010501742362976074, 1.0], "k_pid_vsp": [8.097219467163086, 349.5704040527344, 400.0]}, "datetime": {"datetime": "2025-08-14 02:09:03", "elapsed": 58871.48382306099, "delta": 30.266499519348145}, "costs": {"total_cost": 2132.355259403096, "time_cost": 150, "final_distance_cost": 56.287983546319886, "oscillation_cost": 771.0885238739446, "completition_cost": 1000.0, "overshoot_cost": 88.37036487495878, "power_cost": 38.092601818847655, "noise_cost": 28.515785289025448, "n_waypoints_completed": 0, "tot_waypoints": 9}}
{"target": -2733.2041066588813, "params": {"k_pid_pos": [1.9770939350128174, 0.0, 0.0], "k_pid_alt": [2.0, 0.040904074907302856, 1.0], "k_pid_att": [100.0, 0.6040779948234558, 0.9896160364151001], "k_pid_yaw": [0.5, 1e-06, 0.1], "k_pid_hsp": [9.999999747378752e-05, 0.0, 1.0], "k_pid_vsp": [0.0, 388.7347106933594, 373.9991149902344]}, "datetime": {"datetime": "2025-08-14 02:09:33", "elapsed": 58901.10455036163, "delta": 29.62072730064392}, "costs": {"total_cost": 2733.2041066588813, "time_cost": 150, "final_distance_cost": 417.97387213131276, "oscillation_cost": 749.8312298803143, "completition_cost": 1000.0, "overshoot_cost": 349.0683317560059, "power_cost": 37.89479783935547, "noise_cost": 28.43587505189293, "n_waypoints_completed": 0, "tot_waypoints": 9}}
{"target": -2024.5701278970637, "params": {"k_pid_pos": [1.9332001209259033, 0.0, 0.0], "k_pid_alt": [1.917114019393921, 0.0, 0.9505780935287476], "k_pid_att": [94.61317443847656, 9.999999747378752e-05, 1.0], "k_pid_yaw": [0.5, 1e-06, 0.1], "k_pid_hsp": [0.29057881236076355, 0.01909017562866211, 0.9887533187866211], "k_pid_vsp": [0.0, 400.0, 400.0]}, "datetime": {"datetime": "2025-08-14 02:10:01", "elapsed": 58929.81959295273, "delta": 28.71504259109497}, "costs": {"total_cost": 2024.5701278970637, "time_cost": 150, "final_distance_cost": 182.40447878286196, "oscillation_cost": 573.1246953747162, "completition_cost": 888.8888888888888, "overshoot_cost": 163.74127798910345, "power_cost": 37.509804125976565, "noise_cost": 28.900982735516322, "n_waypoints_completed": 1, "tot_waypoints": 9}}
{"target": -7528.391106725884, "params": {"k_pid_pos": [2.0, 0.0, 0.0], "k_pid_alt": [2.0, 0.016189634799957275, 0.9564023017883301], "k_pid_att": [100.0, 0.2746112048625946, 0.9808878302574158], "k_pid_yaw": [0.5, 1e-06, 0.1], "k_pid_hsp": [0.7786591053009033, 0.008736014366149902, 0.9413522481918335], "k_pid_vsp": [9.628665924072266, 400.0, 398.9346008300781]}, "datetime": {"datetime": "2025-08-14 02:10:32", "elapsed": 58960.75814604759, "delta": 30.93855309486389}, "costs": {"total_cost": 7528.391106725884, "time_cost": 150, "final_distance_cost": 1867.2858161920255, "oscillation_cost": 776.5102341992803, "completition_cost": 1000.0, "overshoot_cost": 3669.8142626078497, "power_cost": 33.970393188476564, "noise_cost": 30.810400538252107, "n_waypoints_completed": 0, "tot_waypoints": 9}}
{"target": -2152.297781665384, "params": {"k_pid_pos": [1.9701298475265503, 0.0, 0.05807504057884216], "k_pid_alt": [2.0, 0.03108358383178711, 0.9672719240188599], "k_pid_att": [100.0, 9.999999747378752e-05, 0.9268695116043091], "k_pid_yaw": [0.5, 1e-06, 0.1], "k_pid_hsp": [9.999999747378752e-05, 0.0, 1.0], "k_pid_vsp": [0.0, 393.43353271484375, 400.0]}, "datetime": {"datetime": "2025-08-14 02:11:03", "elapsed": 58991.53390169144, "delta": 30.775755643844604}, "costs": {"total_cost": 2152.297781665384, "time_cost": 150, "final_distance_cost": 11.723745463152474, "oscillation_cost": 801.1989711124261, "completition_cost": 1000.0, "overshoot_cost": 107.01990379854848, "power_cost": 37.20110979003906, "noise_cost": 45.15405150121787, "n_waypoints_completed": 0, "tot_waypoints": 9}}
{"target": -4525.003758727047, "params": {"k_pid_pos": [2.0, 0.05787220597267151, 0.035216689109802246], "k_pid_alt": [2.0, 0.0, 1.0], "k_pid_att": [90.83700561523438, 9.999999747378752e-05, 1.0], "k_pid_yaw": [0.5, 1e-06, 0.1], "k_pid_hsp": [9.999999747378752e-05, 0.0, 1.0], "k_pid_vsp": [12.876140594482422, 371.6590270996094, 390.6717224121094]}, "datetime": {"datetime": "2025-08-14 02:11:32", "elapsed": 59021.03319191933, "delta": 29.499290227890015}, "costs": {"total_cost": 4525.003758727047, "time_cost": 150, "final_distance_cost": 909.7114678599833, "oscillation_cost": 855.3753058885552, "completition_cost": 1000.0, "overshoot_cost": 1547.5829826748738, "power_cost": 34.430048840332034, "noise_cost": 27.903953463301853, "n_waypoints_completed": 0, "tot_waypoints": 9}}
{"target": -2478.1003669411216, "params": {"k_pid_pos": [1.844719409942627, 0.0, 0.0], "k_pid_alt": [1.8899095058441162, 0.0, 0.9772670269012451], "k_pid_att": [100.0, 9.999999747378752e-05, 1.0], "k_pid_yaw": [0.5, 1e-06, 0.1], "k_pid_hsp": [0.338167279958725, 0.0, 0.9383334517478943], "k_pid_vsp": [0.0, 400.0, 400.0]}, "datetime": {"datetime": "2025-08-14 02:12:03", "elapsed": 59051.13455224037, "delta": 30.101360321044922}, "costs": {"total_cost": 2478.1003669411216, "time_cost": 150, "final_distance_cost": 237.28390294729638, "oscillation_cost": 522.0102706572311, "completition_cost": 1000.0, "overshoot_cost": 503.7997044135737, "power_cost": 36.286871520996094, "noise_cost": 28.719617402024188, "n_waypoints_completed": 0, "tot_waypoints": 9}}
{"target": -2487.954221926401, "params": {"k_pid_pos": [2.0, 0.0, 0.0], "k_pid_alt": [2.0, 0.0, 0.9822589159011841], "k_pid_att": [97.1941146850586, 9.999999747378752e-05, 1.0], "k_pid_yaw": [0.5, 1e-06, 0.1], "k_pid_hsp": [9.999999747378752e-05, 0.0, 1.0], "k_pid_vsp": [0.0, 400.0, 399.49346923828125]}, "datetime": {"datetime": "2025-08-14 02:12:32", "elapsed": 59080.75463318825, "delta": 29.620080947875977}, "costs": {"total_cost": 2487.954221926401, "time_cost": 150, "final_distance_cost": 86.20279406337234, "oscillation_cost": 814.6955859752267, "completition_cost": 1000.0, "overshoot_cost": 370.29294369194764, "power_cost": 37.66823061523438, "noise_cost": 29.094667580619785, "n_waypoints_completed": 0, "tot_waypoints": 9}}
{"target": -2398.97681825694, "params": {"k_pid_pos": [2.0, 0.010661959648132324, 0.03717729449272156], "k_pid_alt": [2.0, 0.026763319969177246, 0.9105100631713867], "k_pid_att": [100.0, 0.09607533365488052, 0.9347533583641052], "k_pid_yaw": [0.5, 1e-06, 0.1], "k_pid_hsp": [9.999999747378752e-05, 0.0, 1.0], "k_pid_vsp": [0.0, 397.1602478027344, 400.0]}, "datetime": {"datetime": "2025-08-14 02:13:03", "elapsed": 59111.297894477844, "delta": 30.543261289596558}, "costs": {"total_cost": 2398.97681825694, "time_cost": 150, "final_distance_cost": 113.80108599219635, "oscillation_cost": 779.1964772593378, "completition_cost": 1000.0, "overshoot_cost": 291.9242476720505, "power_cost": 35.879946191406255, "noise_cost": 28.175061141948937, "n_waypoints_completed": 0, "tot_waypoints": 9}}
{"target": -2707.8460793006734, "params": {"k_pid_pos": [1.8368786573410034, 0.0, 0.0], "k_pid_alt": [2.0, 0.0, 0.9830938577651978], "k_pid_att": [99.74391174316406, 0.4355325996875763, 1.0], "k_pid_yaw": [0.5, 1e-06, 0.1], "k_pid_hsp": [9.999999747378752e-05, 0.0, 1.0], "k_pid_vsp": [3.6225080490112305, 400.0, 400.0]}, "datetime": {"datetime": "2025-08-14 02:13:34", "elapsed": 59142.24846744537, "delta": 30.950572967529297}, "costs": {"total_cost": 2707.8460793006734, "time_cost": 150, "final_distance_cost": 98.12985832708158, "oscillation_cost": 873.1502470610553, "completition_cost": 1000.0, "overshoot_cost": 520.6145376545501, "power_cost": 37.029375390625, "noise_cost": 28.922060867361814, "n_waypoints_completed": 0, "tot_waypoints": 9}}
{"target": -3599.488227690541, "params": {"k_pid_pos": [2.0, 0.05953207612037659, 0.0593375563621521], "k_pid_alt": [1.9686390161514282, 0.0, 0.9340091943740845], "k_pid_att": [95.8396987915039, 0.20391127467155457, 0.9718588590621948], "k_pid_yaw": [0.5, 1e-06, 0.1], "k_pid_hsp": [9.999999747378752e-05, 0.0, 1.0], "k_pid_vsp": [0.0, 393.7533264160156, 397.8754577636719]}, "datetime": {"datetime": "2025-08-14 02:14:03", "elapsed": 59171.789400577545, "delta": 29.54093313217163}, "costs": {"total_cost": 3599.488227690541, "time_cost": 150, "final_distance_cost": 854.6052921128057, "oscillation_cost": 754.2701842151002, "completition_cost": 888.8888888888888, "overshoot_cost": 890.1535569289464, "power_cost": 33.9473392578125, "noise_cost": 27.62296628698723, "n_waypoints_completed": 1, "tot_waypoints": 9}}
{"target": -2905.167956579039, "params": {"k_pid_pos": [2.0, 0.05246531963348389, 0.0], "k_pid_alt": [1.9695930480957031, 0.0, 0.9525801539421082], "k_pid_att": [100.0, 9.999999747378752e-05, 0.9916987419128418], "k_pid_yaw": [0.5, 1e-06, 0.1], "k_pid_hsp": [9.999999747378752e-05, 0.020847409963607788, 1.0], "k_pid_vsp": [10.769689559936523, 387.99139404296875, 400.0]}, "datetime": {"datetime": "2025-08-14 02:14:34", "elapsed": 59202.516624212265, "delta": 30.72722363471985}, "costs": {"total_cost": 2905.167956579039, "time_cost": 150, "final_distance_cost": 226.15105824445376, "oscillation_cost": 821.4625750758031, "completition_cost": 1000.0, "overshoot_cost": 640.2131199141724, "power_cost": 37.95474517822266, "noise_cost": 29.38645816638733, "n_waypoints_completed": 0, "tot_waypoints": 9}}
{"target": -2217.361116508856, "params": {"k_pid_pos": [2.0, 0.0, 0.04258829355239868], "k_pid_alt": [2.0, 0.0047623515129089355, 1.0], "k_pid_att": [92.7850112915039, 9.999999747378752e-05, 0.9616317749023438], "k_pid_yaw": [0.5, 1e-06, 0.1], "k_pid_hsp": [0.6334899067878723, 0.03786921501159668, 0.9038290977478027], "k_pid_vsp": [12.042247772216797, 400.0, 377.0620422363281]}, "datetime": {"datetime": "2025-08-14 02:15:04", "elapsed": 59232.57226848602, "delta": 30.055644273757935}, "costs": {"total_cost": 2217.361116508856, "time_cost": 150, "final_distance_cost": 27.66843432988702, "oscillation_cost": 776.6432038682618, "completition_cost": 888.8888888888888, "overshoot_cost": 307.0508996968036, "power_cost": 35.29503041992188, "noise_cost": 31.81465930509303, "n_waypoints_completed": 1, "tot_waypoints": 9}}
{"target": -2300.422476756905, "params": {"k_pid_pos": [1.9779409170150757, 0.0, 0.0], "k_pid_alt": [1.7930208444595337, 0.06768101453781128, 0.9593086838722229], "k_pid_att": [100.0, 0.5236631631851196, 1.0], "k_pid_yaw": [0.5, 1e-06, 0.1], "k_pid_hsp": [9.999999747378752e-05, 0.148440420627594, 1.0], "k_pid_vsp": [0.0, 365.6882629394531, 399.6081848144531]}, "datetime": {"datetime": "2025-08-14 02:15:35", "elapsed": 59264.046135902405, "delta": 31.473867416381836}, "costs": {"total_cost": 2300.422476756905, "time_cost": 150, "final_distance_cost": 112.82914625233616, "oscillation_cost": 777.2694106093529, "completition_cost": 1000.0, "overshoot_cost": 184.19958374927333, "power_cost": 37.60223643798828, "noise_cost": 38.522099707954055, "n_waypoints_completed": 0, "tot_waypoints": 9}}
{"target": -2663.8540248613385, "params": {"k_pid_pos": [2.0, 0.019077658653259277, 0.03310072422027588], "k_pid_alt": [2.0, 0.0, 1.0], "k_pid_att": [97.60498046875, 9.999999747378752e-05, 1.0], "k_pid_yaw": [0.5, 1e-06, 0.1], "k_pid_hsp": [9.999999747378752e-05, 0.014816820621490479, 0.9781776666641235], "k_pid_vsp": [0.0, 400.0, 374.95703125]}, "datetime": {"datetime": "2025-08-14 02:16:06", "elapsed": 59294.4273686409, "delta": 30.381232738494873}, "costs": {"total_cost": 2663.8540248613385, "time_cost": 150, "final_distance_cost": 160.53526990821018, "oscillation_cost": 875.0140747387003, "completition_cost": 1000.0, "overshoot_cost": 415.43649061849646, "power_cost": 34.971609997558595, "noise_cost": 27.896579598373215, "n_waypoints_completed": 0, "tot_waypoints": 9}}
{"target": -3070.179056887718, "params": {"k_pid_pos": [2.0, 0.0, 0.0], "k_pid_alt": [2.0, 0.0, 0.9774702191352844], "k_pid_att": [100.0, 9.999999747378752e-05, 0.99491286277771], "k_pid_yaw": [0.5, 1e-06, 0.1], "k_pid_hsp": [9.999999747378752e-05, 0.0, 0.9508443474769592], "k_pid_vsp": [28.26075553894043, 400.0, 398.96978759765625]}, "datetime": {"datetime": "2025-08-14 02:16:36", "elapsed": 59324.446571588516, "delta": 30.019202947616577}, "costs": {"total_cost": 3070.179056887718, "time_cost": 150, "final_distance_cost": 211.82439185235717, "oscillation_cost": 827.9045449849776, "completition_cost": 1000.0, "overshoot_cost": 818.981659973838, "power_cost": 34.01943842773438, "noise_cost": 27.44902164881097, "n_waypoints_completed": 0, "tot_waypoints": 9}}
