{"target": -3280.290609398742, "params": {"k_pid_pos": [2.0, 0.038746267557144165, 0.0], "k_pid_alt": [1.95905601978302, 0.0, 0.9874738454818726], "k_pid_att": [96.97440338134766, 9.999999747378752e-05, 0.9381030797958374], "k_pid_yaw": [0.5, 1e-06, 0.1], "k_pid_hsp": [9.999999747378752e-05, 0.0, 0.9669682383537292], "k_pid_vsp": [21.70625877380371, 400.0, 352.63037109375]}, "datetime": {"datetime": "2025-08-13 17:21:05", "elapsed": 27193.941609621048, "delta": 28.924474716186523}, "costs": {"total_cost": 3280.290609398742, "time_cost": 150, "final_distance_cost": 479.84936367329425, "oscillation_cost": 752.4151161408747, "completition_cost": 1000.0, "overshoot_cost": 840.9491427627611, "power_cost": 30.530588330078128, "noise_cost": 26.546398491734145, "n_waypoints_completed": 0, "tot_waypoints": 9}}
{"target": -2391.301516570589, "params": {"k_pid_pos": [1.9105234146118164, 0.060739994049072266, 0.0014220774173736572], "k_pid_alt": [1.9039411544799805, 0.0, 0.9921485185623169], "k_pid_att": [96.49552917480469, 0.0501227006316185, 0.9820901155471802], "k_pid_yaw": [0.5, 1e-06, 0.1], "k_pid_hsp": [9.999999747378752e-05, 0.027695655822753906, 0.9887936115264893], "k_pid_vsp": [0.0, 400.0, 400.0]}, "datetime": {"datetime": "2025-08-13 17:21:34", "elapsed": 27222.47074508667, "delta": 28.52913546562195}, "costs": {"total_cost": 2391.301516570589, "time_cost": 150, "final_distance_cost": 175.07879628425545, "oscillation_cost": 796.3695474317055, "completition_cost": 1000.0, "overshoot_cost": 213.85168346184943, "power_cost": 29.928593383789064, "noise_cost": 26.07289600898927, "n_waypoints_completed": 0, "tot_waypoints": 9}}
{"target": -2087.8085039709395, "params": {"k_pid_pos": [2.0, 0.0, 0.022659748792648315], "k_pid_alt": [2.0, 0.0, 1.0], "k_pid_att": [100.0, 9.999999747378752e-05, 0.99558424949646], "k_pid_yaw": [0.5, 1e-06, 0.1], "k_pid_hsp": [9.999999747378752e-05, 0.0, 0.980038583278656], "k_pid_vsp": [0.0, 354.9478454589844, 363.2997131347656]}, "datetime": {"datetime": "2025-08-13 17:22:04", "elapsed": 27252.08255505562, "delta": 29.611809968948364}, "costs": {"total_cost": 2087.8085039709395, "time_cost": 150, "final_distance_cost": 57.95883516736197, "oscillation_cost": 781.9394610811779, "completition_cost": 888.8888888888888, "overshoot_cost": 143.42320055452657, "power_cost": 37.33864014892578, "noise_cost": 28.259478130058387, "n_waypoints_completed": 1, "tot_waypoints": 9}}
{"target": -2044.1531226357913, "params": {"k_pid_pos": [2.0, 0.05587628483772278, 0.03403916954994202], "k_pid_alt": [2.0, 0.07744395732879639, 0.9213886857032776], "k_pid_att": [98.23217010498047, 9.999999747378752e-05, 1.0], "k_pid_yaw": [0.5, 1e-06, 0.1], "k_pid_hsp": [9.999999747378752e-05, 0.05350789427757263, 0.9711313247680664], "k_pid_vsp": [26.25625228881836, 381.9923095703125, 400.0]}, "datetime": {"datetime": "2025-08-13 17:22:32", "elapsed": 27280.578943490982, "delta": 28.49638843536377}, "costs": {"total_cost": 2044.1531226357913, "time_cost": 150, "final_distance_cost": 46.85398194816804, "oscillation_cost": 744.6038335304584, "completition_cost": 888.8888888888888, "overshoot_cost": 108.43546398489978, "power_cost": 39.530853808593754, "noise_cost": 65.84010047478266, "n_waypoints_completed": 1, "tot_waypoints": 9}}
{"target": -2294.5763263664453, "params": {"k_pid_pos": [2.0, 0.0, 0.0], "k_pid_alt": [1.850801944732666, 0.043633878231048584, 1.0], "k_pid_att": [100.0, 9.999999747378752e-05, 0.9787389039993286], "k_pid_yaw": [0.5, 1e-06, 0.1], "k_pid_hsp": [9.999999747378752e-05, 0.07573390007019043, 1.0], "k_pid_vsp": [0.0, 385.7290954589844, 388.9488220214844]}, "datetime": {"datetime": "2025-08-13 17:23:00", "elapsed": 27308.76976776123, "delta": 28.190824270248413}, "costs": {"total_cost": 2294.5763263664453, "time_cost": 150, "final_distance_cost": 72.0033880475022, "oscillation_cost": 717.3174563351686, "completition_cost": 1000.0, "overshoot_cost": 250.1147734824108, "power_cost": 40.74380510253906, "noise_cost": 64.39690339882466, "n_waypoints_completed": 0, "tot_waypoints": 9}}
{"target": -2627.3557983575984, "params": {"k_pid_pos": [2.0, 0.0, 0.0], "k_pid_alt": [2.0, 0.0, 1.0], "k_pid_att": [97.89767456054688, 0.3930623233318329, 1.0], "k_pid_yaw": [0.5, 1e-06, 0.1], "k_pid_hsp": [0.09763636440038681, 0.016181528568267822, 1.0], "k_pid_vsp": [2.898120880126953, 392.6330871582031, 400.0]}, "datetime": {"datetime": "2025-08-13 17:23:29", "elapsed": 27337.823810577393, "delta": 29.05404281616211}, "costs": {"total_cost": 2627.3557983575984, "time_cost": 150, "final_distance_cost": 366.9428896986362, "oscillation_cost": 809.4516865609539, "completition_cost": 1000.0, "overshoot_cost": 237.23223618426672, "power_cost": 35.89152707519531, "noise_cost": 27.8374588385459, "n_waypoints_completed": 0, "tot_waypoints": 9}}
{"target": -2147.5494835546674, "params": {"k_pid_pos": [2.0, 0.0, 0.0], "k_pid_alt": [2.0, 0.0068471431732177734, 0.9873441457748413], "k_pid_att": [97.43201446533203, 9.999999747378752e-05, 1.0], "k_pid_yaw": [0.5, 1e-06, 0.1], "k_pid_hsp": [9.999999747378752e-05, 0.0023945271968841553, 1.0], "k_pid_vsp": [0.0, 386.4610290527344, 400.0]}, "datetime": {"datetime": "2025-08-13 17:23:59", "elapsed": 27367.925830841064, "delta": 30.102020263671875}, "costs": {"total_cost": 2147.5494835546674, "time_cost": 150, "final_distance_cost": 63.63439359404638, "oscillation_cost": 768.744698934159, "completition_cost": 1000.0, "overshoot_cost": 98.12176938999475, "power_cost": 38.310661352539064, "noise_cost": 28.737960283927677, "n_waypoints_completed": 0, "tot_waypoints": 9}}
{"target": -2218.1649039497474, "params": {"k_pid_pos": [2.0, 0.0, 0.0], "k_pid_alt": [2.0, 0.0359022319316864, 0.9907407760620117], "k_pid_att": [94.53648376464844, 0.1269812285900116, 1.0], "k_pid_yaw": [0.5, 1e-06, 0.1], "k_pid_hsp": [9.999999747378752e-05, 0.02358156442642212, 0.9840196371078491], "k_pid_vsp": [0.0, 379.6507263183594, 393.1704406738281]}, "datetime": {"datetime": "2025-08-13 17:24:29", "elapsed": 27397.370897054672, "delta": 29.445066213607788}, "costs": {"total_cost": 2218.1649039497474, "time_cost": 150, "final_distance_cost": 158.01527072479635, "oscillation_cost": 712.1602864651093, "completition_cost": 1000.0, "overshoot_cost": 130.9944170905337, "power_cost": 38.39886315917969, "noise_cost": 28.59606651012859, "n_waypoints_completed": 0, "tot_waypoints": 9}}
{"target": -3403.871603716895, "params": {"k_pid_pos": [2.0, 0.021611839532852173, 0.002748161554336548], "k_pid_alt": [2.0, 0.00782400369644165, 0.9745081663131714], "k_pid_att": [100.0, 0.8054890036582947, 0.9421183466911316], "k_pid_yaw": [0.5, 1e-06, 0.1], "k_pid_hsp": [0.6871776580810547, 0.0, 0.9653878211975098], "k_pid_vsp": [0.0, 400.0, 400.0]}, "datetime": {"datetime": "2025-08-13 17:24:57", "elapsed": 27425.696591854095, "delta": 28.325694799423218}, "costs": {"total_cost": 3403.871603716895, "time_cost": 150, "final_distance_cost": 684.6089211485347, "oscillation_cost": 491.0043423740959, "completition_cost": 888.8888888888888, "overshoot_cost": 1123.4051647511067, "power_cost": 36.31468101806641, "noise_cost": 29.649605536202785, "n_waypoints_completed": 1, "tot_waypoints": 9}}
{"target": -2915.4889729628967, "params": {"k_pid_pos": [1.953935980796814, 0.0, 0.0], "k_pid_alt": [2.0, 0.0, 1.0], "k_pid_att": [99.6270980834961, 9.999999747378752e-05, 0.9921764135360718], "k_pid_yaw": [0.5, 1e-06, 0.1], "k_pid_hsp": [9.999999747378752e-05, 0.0, 1.0], "k_pid_vsp": [48.74982833862305, 383.8696594238281, 400.0]}, "datetime": {"datetime": "2025-08-13 17:25:26", "elapsed": 27454.598326206207, "delta": 28.901734352111816}, "costs": {"total_cost": 2915.4889729628967, "time_cost": 150, "final_distance_cost": 167.7416387289567, "oscillation_cost": 789.6757395448426, "completition_cost": 1000.0, "overshoot_cost": 745.8859454524733, "power_cost": 34.81823369140625, "noise_cost": 27.36741554521802, "n_waypoints_completed": 0, "tot_waypoints": 9}}
{"target": -4436.554092054711, "params": {"k_pid_pos": [2.0, 0.04411107301712036, 0.010373353958129883], "k_pid_alt": [2.0, 0.0, 0.9607877731323242], "k_pid_att": [100.0, 0.7846484184265137, 0.9931883215904236], "k_pid_yaw": [0.5, 1e-06, 0.1], "k_pid_hsp": [9.999999747378752e-05, 0.013731956481933594, 1.0], "k_pid_vsp": [0.0, 400.0, 400.0]}, "datetime": {"datetime": "2025-08-13 17:25:54", "elapsed": 27482.949320554733, "delta": 28.350994348526}, "costs": {"total_cost": 4436.554092054711, "time_cost": 150, "final_distance_cost": 801.4782851012114, "oscillation_cost": 821.256148081357, "completition_cost": 1000.0, "overshoot_cost": 1602.6518026819685, "power_cost": 33.67066015625, "noise_cost": 27.497196033923988, "n_waypoints_completed": 0, "tot_waypoints": 9}}
{"target": -2294.3676213156473, "params": {"k_pid_pos": [2.0, 0.010634124279022217, 0.0], "k_pid_alt": [2.0, 0.014294445514678955, 0.9983096122741699], "k_pid_att": [99.78548431396484, 9.999999747378752e-05, 0.9537222981452942], "k_pid_yaw": [0.5, 1e-06, 0.1], "k_pid_hsp": [9.999999747378752e-05, 0.02743542194366455, 0.8743756413459778], "k_pid_vsp": [0.0, 400.0, 400.0]}, "datetime": {"datetime": "2025-08-13 17:26:23", "elapsed": 27511.156831502914, "delta": 28.207510948181152}, "costs": {"total_cost": 2294.3676213156473, "time_cost": 150, "final_distance_cost": 75.88211498775989, "oscillation_cost": 808.845715566444, "completition_cost": 1000.0, "overshoot_cost": 191.64702697503958, "power_cost": 39.08566801757813, "noise_cost": 28.90709576882548, "n_waypoints_completed": 0, "tot_waypoints": 9}}
{"target": -3298.8056765869806, "params": {"k_pid_pos": [1.7929633855819702, 0.0, 0.01934787631034851], "k_pid_alt": [2.0, 0.0, 1.0], "k_pid_att": [100.0, 0.34613338112831116, 0.9612115025520325], "k_pid_yaw": [0.5, 1e-06, 0.1], "k_pid_hsp": [0.3026215136051178, 0.0, 0.9323745965957642], "k_pid_vsp": [11.593294143676758, 392.5492858886719, 372.1451416015625]}, "datetime": {"datetime": "2025-08-13 17:26:51", "elapsed": 27539.28701066971, "delta": 28.130179166793823}, "costs": {"total_cost": 3298.8056765869806, "time_cost": 150, "final_distance_cost": 327.4342596572216, "oscillation_cost": 773.9591486495051, "completition_cost": 1000.0, "overshoot_cost": 984.0800342495105, "power_cost": 35.11364818115234, "noise_cost": 28.21858584959093, "n_waypoints_completed": 0, "tot_waypoints": 9}}
{"target": -2154.9262223041987, "params": {"k_pid_pos": [2.0, 0.07398265600204468, 0.002515643835067749], "k_pid_alt": [2.0, 0.0, 0.9014110565185547], "k_pid_att": [91.13365173339844, 9.999999747378752e-05, 0.9378304481506348], "k_pid_yaw": [0.5, 1e-06, 0.1], "k_pid_hsp": [9.999999747378752e-05, 0.010126739740371704, 0.9688884019851685], "k_pid_vsp": [1.3027429580688477, 400.0, 400.0]}, "datetime": {"datetime": "2025-08-13 17:27:20", "elapsed": 27568.121173620224, "delta": 28.834162950515747}, "costs": {"total_cost": 2154.9262223041987, "time_cost": 150, "final_distance_cost": 64.93141769586445, "oscillation_cost": 712.3458402834975, "completition_cost": 1000.0, "overshoot_cost": 142.46324985797236, "power_cost": 39.62646129150391, "noise_cost": 45.55925317536053, "n_waypoints_completed": 0, "tot_waypoints": 9}}
{"target": -2028.3879727160581, "params": {"k_pid_pos": [1.8212858438491821, 0.025398612022399902, 0.02615875005722046], "k_pid_alt": [1.9187560081481934, 0.0, 0.9386639595031738], "k_pid_att": [100.0, 9.999999747378752e-05, 0.9428365230560303], "k_pid_yaw": [0.5, 1e-06, 0.1], "k_pid_hsp": [0.5873485803604126, 0.08731883764266968, 1.0], "k_pid_vsp": [0.0, 399.6756591796875, 384.6657409667969]}, "datetime": {"datetime": "2025-08-13 17:27:48", "elapsed": 27596.39709830284, "delta": 28.275924682617188}, "costs": {"total_cost": 2028.3879727160581, "time_cost": 150, "final_distance_cost": 19.297022851029933, "oscillation_cost": 423.73444134779163, "completition_cost": 1000.0, "overshoot_cost": 349.66571957992727, "power_cost": 38.74220257568359, "noise_cost": 46.94858636162561, "n_waypoints_completed": 0, "tot_waypoints": 9}}
{"target": -2396.336491593931, "params": {"k_pid_pos": [2.0, 0.08693671226501465, 0.0], "k_pid_alt": [2.0, 0.0, 0.9815286993980408], "k_pid_att": [94.74150085449219, 9.999999747378752e-05, 1.0], "k_pid_yaw": [0.5, 1e-06, 0.1], "k_pid_hsp": [9.999999747378752e-05, 0.06097641587257385, 1.0], "k_pid_vsp": [0.0, 367.1997985839844, 400.0]}, "datetime": {"datetime": "2025-08-13 17:28:17", "elapsed": 27625.170143842697, "delta": 28.773045539855957}, "costs": {"total_cost": 2396.336491593931, "time_cost": 150, "final_distance_cost": 152.78987570742422, "oscillation_cost": 777.7212428848346, "completition_cost": 1000.0, "overshoot_cost": 248.01172212880164, "power_cost": 38.744159680175784, "noise_cost": 29.0694911926947, "n_waypoints_completed": 0, "tot_waypoints": 9}}
{"target": -2309.7081821898305, "params": {"k_pid_pos": [1.940940260887146, 0.07134854793548584, 0.05407637357711792], "k_pid_alt": [1.9351403713226318, 0.004812300205230713, 0.9411358833312988], "k_pid_att": [100.0, 9.999999747378752e-05, 0.9870277643203735], "k_pid_yaw": [0.5, 1e-06, 0.1], "k_pid_hsp": [0.7421146631240845, 0.05612605810165405, 1.0], "k_pid_vsp": [0.0, 386.035400390625, 400.0]}, "datetime": {"datetime": "2025-08-13 17:28:46", "elapsed": 27654.521333932877, "delta": 29.351190090179443}, "costs": {"total_cost": 2309.7081821898305, "time_cost": 150, "final_distance_cost": 3.0554407646300485, "oscillation_cost": 491.67474368121253, "completition_cost": 1000.0, "overshoot_cost": 596.0483775660628, "power_cost": 37.882674267578125, "noise_cost": 31.04694591034688, "n_waypoints_completed": 0, "tot_waypoints": 9}}
{"target": -4448.067364850364, "params": {"k_pid_pos": [2.0, 0.04413655400276184, 0.01008489727973938], "k_pid_alt": [2.0, 0.09581711888313293, 0.9528735280036926], "k_pid_att": [100.0, 9.999999747378752e-05, 0.9902889728546143], "k_pid_yaw": [0.5, 1e-06, 0.1], "k_pid_hsp": [9.999999747378752e-05, 0.0, 1.0], "k_pid_vsp": [0.0, 366.787109375, 395.8028259277344]}, "datetime": {"datetime": "2025-08-13 17:29:14", "elapsed": 27683.069474458694, "delta": 28.54814052581787}, "costs": {"total_cost": 4448.067364850364, "time_cost": 150, "final_distance_cost": 868.9628366528115, "oscillation_cost": 855.1913436381402, "completition_cost": 1000.0, "overshoot_cost": 1511.1627962097843, "power_cost": 34.34430428466797, "noise_cost": 28.406084064959682, "n_waypoints_completed": 0, "tot_waypoints": 9}}
{"target": -2092.600357059895, "params": {"k_pid_pos": [2.0, 0.0, 0.0], "k_pid_alt": [2.0, 0.05167889595031738, 0.978361964225769], "k_pid_att": [100.0, 1.9243946075439453, 0.9630156755447388], "k_pid_yaw": [0.5, 1e-06, 0.1], "k_pid_hsp": [0.11305056512355804, 0.0, 0.9867990612983704], "k_pid_vsp": [0.0, 388.0551452636719, 391.21441650390625]}, "datetime": {"datetime": "2025-08-13 17:29:44", "elapsed": 27712.263799905777, "delta": 29.19432544708252}, "costs": {"total_cost": 2092.600357059895, "time_cost": 150, "final_distance_cost": 130.44837036860625, "oscillation_cost": 728.392771759762, "completition_cost": 888.8888888888888, "overshoot_cost": 127.77528269044628, "power_cost": 38.43606903076172, "noise_cost": 28.658974321430062, "n_waypoints_completed": 1, "tot_waypoints": 9}}
{"target": -4210.428322779837, "params": {"k_pid_pos": [2.0, 0.01992332935333252, 0.0], "k_pid_alt": [1.9413056373596191, 0.02054533362388611, 1.0], "k_pid_att": [96.31536865234375, 9.999999747378752e-05, 0.9769290685653687], "k_pid_yaw": [0.5, 1e-06, 0.1], "k_pid_hsp": [9.999999747378752e-05, 0.027240872383117676, 1.0], "k_pid_vsp": [0.0, 400.0, 400.0]}, "datetime": {"datetime": "2025-08-13 17:30:13", "elapsed": 27741.10760307312, "delta": 28.84380316734314}, "costs": {"total_cost": 4210.428322779837, "time_cost": 150, "final_distance_cost": 768.4295339352557, "oscillation_cost": 799.3527787507196, "completition_cost": 1000.0, "overshoot_cost": 1433.7925557876622, "power_cost": 31.874913293457034, "noise_cost": 26.97854101274244, "n_waypoints_completed": 0, "tot_waypoints": 9}}
{"target": -5036.787573698038, "params": {"k_pid_pos": [1.9748905897140503, 0.0, 0.014564931392669678], "k_pid_alt": [2.0, 0.0, 0.9395309090614319], "k_pid_att": [100.0, 0.9888909459114075, 1.0], "k_pid_yaw": [0.5, 1e-06, 0.1], "k_pid_hsp": [9.999999747378752e-05, 0.0, 1.0], "k_pid_vsp": [0.0, 364.9023132324219, 400.0]}, "datetime": {"datetime": "2025-08-13 17:30:41", "elapsed": 27769.604155540466, "delta": 28.49655246734619}, "costs": {"total_cost": 5036.787573698038, "time_cost": 150, "final_distance_cost": 1141.7229152409693, "oscillation_cost": 737.7781709801757, "completition_cost": 1000.0, "overshoot_cost": 1944.9787308208602, "power_cost": 34.160964978027344, "noise_cost": 28.14679167800505, "n_waypoints_completed": 0, "tot_waypoints": 9}}
{"target": -1927.2730865858668, "params": {"k_pid_pos": [2.0, 0.0, 0.0030903518199920654], "k_pid_alt": [2.0, 0.006793469190597534, 0.846581220626831], "k_pid_att": [100.0, 9.999999747378752e-05, 0.9692540764808655], "k_pid_yaw": [0.5, 1e-06, 0.1], "k_pid_hsp": [0.8830744028091431, 0.0, 0.9827784299850464], "k_pid_vsp": [15.641271591186523, 400.0, 373.8414001464844]}, "datetime": {"datetime": "2025-08-13 17:31:10", "elapsed": 27798.118879556656, "delta": 28.514724016189575}, "costs": {"total_cost": 1927.2730865858668, "time_cost": 150, "final_distance_cost": 210.42874089377207, "oscillation_cost": 425.8104681975683, "completition_cost": 888.8888888888888, "overshoot_cost": 178.21188045423608, "power_cost": 36.433208239746094, "noise_cost": 37.49989991165562, "n_waypoints_completed": 1, "tot_waypoints": 9}}
{"target": -2202.0743481479735, "params": {"k_pid_pos": [2.0, 0.0, 0.0], "k_pid_alt": [2.0, 0.0, 1.0], "k_pid_att": [100.0, 9.999999747378752e-05, 0.9901202917098999], "k_pid_yaw": [0.5, 1e-06, 0.1], "k_pid_hsp": [9.999999747378752e-05, 0.0, 1.0], "k_pid_vsp": [26.025068283081055, 400.0, 390.7149658203125]}, "datetime": {"datetime": "2025-08-13 17:31:38", "elapsed": 27826.86190199852, "delta": 28.743022441864014}, "costs": {"total_cost": 2202.0743481479735, "time_cost": 150, "final_distance_cost": 82.33782342207711, "oscillation_cost": 753.3955523515832, "completition_cost": 1000.0, "overshoot_cost": 149.51364997806465, "power_cost": 38.133997851562505, "noise_cost": 28.693324544686405, "n_waypoints_completed": 0, "tot_waypoints": 9}}
{"target": -2073.738926777644, "params": {"k_pid_pos": [2.0, 0.023849576711654663, 0.09231364727020264], "k_pid_alt": [1.9823412895202637, 0.01502448320388794, 1.0], "k_pid_att": [98.63230895996094, 9.999999747378752e-05, 1.0], "k_pid_yaw": [0.5, 1e-06, 0.1], "k_pid_hsp": [0.013172359205782413, 0.013737916946411133, 1.0], "k_pid_vsp": [18.610620498657227, 391.52508544921875, 400.0]}, "datetime": {"datetime": "2025-08-13 17:32:07", "elapsed": 27855.324662923813, "delta": 28.46276092529297}, "costs": {"total_cost": 2073.738926777644, "time_cost": 150, "final_distance_cost": 57.07944105500239, "oscillation_cost": 730.1984362493704, "completition_cost": 888.8888888888888, "overshoot_cost": 183.25829921178652, "power_cost": 36.204266223144536, "noise_cost": 28.109595149451085, "n_waypoints_completed": 1, "tot_waypoints": 9}}
{"target": -2088.8382101015004, "params": {"k_pid_pos": [2.0, 0.0, 0.002483189105987549], "k_pid_alt": [2.0, 0.04491513967514038, 0.9723517894744873], "k_pid_att": [100.0, 9.999999747378752e-05, 0.980057954788208], "k_pid_yaw": [0.5, 1e-06, 0.1], "k_pid_hsp": [9.999999747378752e-05, 0.05793124437332153, 0.9447230100631714], "k_pid_vsp": [0.0, 383.7502746582031, 400.0]}, "datetime": {"datetime": "2025-08-13 17:32:35", "elapsed": 27883.85722231865, "delta": 28.532559394836426}, "costs": {"total_cost": 2088.8382101015004, "time_cost": 150, "final_distance_cost": 46.085531283276616, "oscillation_cost": 729.6598884497773, "completition_cost": 1000.0, "overshoot_cost": 96.2965709225842, "power_cost": 38.20005104980469, "noise_cost": 28.5961683960577, "n_waypoints_completed": 0, "tot_waypoints": 9}}
{"target": -2107.5904253598596, "params": {"k_pid_pos": [1.9987233877182007, 0.0, 0.05925625562667847], "k_pid_alt": [1.894613265991211, 0.0, 1.0], "k_pid_att": [99.2646484375, 0.9528576135635376, 1.0], "k_pid_yaw": [0.5, 1e-06, 0.1], "k_pid_hsp": [9.999999747378752e-05, 0.0, 0.999305009841919], "k_pid_vsp": [0.0, 398.7618103027344, 400.0]}, "datetime": {"datetime": "2025-08-13 17:33:04", "elapsed": 27912.462938308716, "delta": 28.60571599006653}, "costs": {"total_cost": 2107.5904253598596, "time_cost": 150, "final_distance_cost": 11.284365007543533, "oscillation_cost": 742.2817009901382, "completition_cost": 1000.0, "overshoot_cost": 130.78142268145407, "power_cost": 39.94250701904297, "noise_cost": 33.300429661680845, "n_waypoints_completed": 0, "tot_waypoints": 9}}
{"target": -2103.581478298978, "params": {"k_pid_pos": [1.8399378061294556, 0.013615578413009644, 0.0], "k_pid_alt": [2.0, 0.0, 1.0], "k_pid_att": [100.0, 9.999999747378752e-05, 1.0], "k_pid_yaw": [0.5, 1e-06, 0.1], "k_pid_hsp": [0.14557142555713654, 0.0, 0.9052995443344116], "k_pid_vsp": [15.010393142700195, 399.60662841796875, 400.0]}, "datetime": {"datetime": "2025-08-13 17:33:33", "elapsed": 27941.966444969177, "delta": 29.503506660461426}, "costs": {"total_cost": 2103.581478298978, "time_cost": 150, "final_distance_cost": 270.7978916380179, "oscillation_cost": 670.2672802646089, "completition_cost": 777.7777777777778, "overshoot_cost": 168.18429691651232, "power_cost": 37.887996679687504, "noise_cost": 28.666235022373254, "n_waypoints_completed": 2, "tot_waypoints": 9}}
