{"target": -5413.266033744058, "params": {"k_pid_pos": [1.9006422758102417, 0.016966521739959717, 0.0], "k_pid_alt": [2.0, 0.041952550411224365, 1.0], "k_pid_att": [95.00628662109375, 9.999999747378752e-05, 1.0], "k_pid_yaw": [0.5, 1e-06, 0.1], "k_pid_hsp": [9.999999747378752e-05, 0.07454109191894531, 1.0], "k_pid_vsp": [25.850332260131836, 400.0, 397.93768310546875]}, "datetime": {"datetime": "2025-08-13 14:45:05", "elapsed": 17833.91884660721, "delta": 30.217082738876343}, "costs": {"total_cost": 5413.266033744058, "time_cost": 150, "final_distance_cost": 1204.9297150491334, "oscillation_cost": 804.1520053015436, "completition_cost": 1000.0, "overshoot_cost": 2194.33638242149, "power_cost": 32.562212231445315, "noise_cost": 27.285718740447244, "n_waypoints_completed": 0, "tot_waypoints": 9}}
{"target": -3478.5119536962766, "params": {"k_pid_pos": [1.995682716369629, 0.0478212833404541, 0.0], "k_pid_alt": [2.0, 0.0, 0.9122745394706726], "k_pid_att": [100.0, 0.09756841510534286, 1.0], "k_pid_yaw": [0.5, 1e-06, 0.1], "k_pid_hsp": [9.999999747378752e-05, 0.05550140142440796, 1.0], "k_pid_vsp": [5.189454555511475, 379.3302917480469, 367.91107177734375]}, "datetime": {"datetime": "2025-08-13 14:45:35", "elapsed": 17863.5749168396, "delta": 29.656070232391357}, "costs": {"total_cost": 3478.5119536962766, "time_cost": 150, "final_distance_cost": 890.3546509973868, "oscillation_cost": 707.6774840784713, "completition_cost": 1000.0, "overshoot_cost": 668.4829678437459, "power_cost": 34.26806823730469, "noise_cost": 27.72878253936835, "n_waypoints_completed": 0, "tot_waypoints": 9}}
{"target": -2690.2198088455084, "params": {"k_pid_pos": [2.0, 0.04509878158569336, 0.03594273328781128], "k_pid_alt": [2.0, 0.0, 0.9953812956809998], "k_pid_att": [100.0, 9.999999747378752e-05, 1.0], "k_pid_yaw": [0.5, 1e-06, 0.1], "k_pid_hsp": [0.06358636170625687, 0.021100252866744995, 0.9708123207092285], "k_pid_vsp": [0.0, 400.0, 400.0]}, "datetime": {"datetime": "2025-08-13 14:46:05", "elapsed": 17893.373427391052, "delta": 29.798510551452637}, "costs": {"total_cost": 2690.2198088455084, "time_cost": 150, "final_distance_cost": 327.9021108154448, "oscillation_cost": 810.3292326711875, "completition_cost": 1000.0, "overshoot_cost": 336.2060967554059, "power_cost": 36.98941639404297, "noise_cost": 28.7929522094275, "n_waypoints_completed": 0, "tot_waypoints": 9}}
{"target": -2062.539006155359, "params": {"k_pid_pos": [1.9241138696670532, 0.0008732378482818604, 0.0], "k_pid_alt": [2.0, 0.0, 1.0], "k_pid_att": [100.0, 0.24147017300128937, 1.0], "k_pid_yaw": [0.5, 1e-06, 0.1], "k_pid_hsp": [0.354433536529541, 0.06978386640548706, 0.9158734083175659], "k_pid_vsp": [0.0, 380.74371337890625, 400.0]}, "datetime": {"datetime": "2025-08-13 14:46:34", "elapsed": 17922.70097398758, "delta": 29.3275465965271}, "costs": {"total_cost": 2062.539006155359, "time_cost": 150, "final_distance_cost": 92.50014723618938, "oscillation_cost": 709.9092739053439, "completition_cost": 888.8888888888888, "overshoot_cost": 116.02553402174635, "power_cost": 39.401926513671874, "noise_cost": 65.81323558951873, "n_waypoints_completed": 1, "tot_waypoints": 9}}
{"target": -3795.9958664823967, "params": {"k_pid_pos": [2.0, 0.0, 0.09523200988769531], "k_pid_alt": [2.0, 0.045900315046310425, 0.9815804362297058], "k_pid_att": [100.0, 0.40207773447036743, 1.0], "k_pid_yaw": [0.5, 1e-06, 0.1], "k_pid_hsp": [9.999999747378752e-05, 0.0, 0.9757528305053711], "k_pid_vsp": [10.392581939697266, 400.0, 400.0]}, "datetime": {"datetime": "2025-08-13 14:47:04", "elapsed": 17952.276121854782, "delta": 29.57514786720276}, "costs": {"total_cost": 3795.9958664823967, "time_cost": 150, "final_distance_cost": 855.7272529616976, "oscillation_cost": 883.4478274169894, "completition_cost": 1000.0, "overshoot_cost": 842.1764352131526, "power_cost": 36.312235461425786, "noise_cost": 28.332115429131132, "n_waypoints_completed": 0, "tot_waypoints": 9}}
{"target": -1963.5390852795867, "params": {"k_pid_pos": [1.913041114807129, 0.0, 0.0], "k_pid_alt": [1.950157880783081, 0.0, 0.9964088201522827], "k_pid_att": [93.3388442993164, 0.7809398770332336, 1.0], "k_pid_yaw": [0.5, 1e-06, 0.1], "k_pid_hsp": [9.999999747378752e-05, 0.0, 0.983545184135437], "k_pid_vsp": [0.0, 391.5644226074219, 389.21612548828125]}, "datetime": {"datetime": "2025-08-13 14:47:32", "elapsed": 17981.065826177597, "delta": 28.78970432281494}, "costs": {"total_cost": 1963.5390852795867, "time_cost": 150, "final_distance_cost": 56.99378453161901, "oscillation_cost": 701.4951258758459, "completition_cost": 888.8888888888888, "overshoot_cost": 97.76719175116466, "power_cost": 39.48688654785156, "noise_cost": 28.907207684216672, "n_waypoints_completed": 1, "tot_waypoints": 9}}
{"target": -2571.1431685460225, "params": {"k_pid_pos": [1.9235215187072754, 0.015091031789779663, 0.0621945858001709], "k_pid_alt": [2.0, 0.0, 0.9877135753631592], "k_pid_att": [99.76350402832031, 0.03856249526143074, 1.0], "k_pid_yaw": [0.5, 1e-06, 0.1], "k_pid_hsp": [0.1408194899559021, 0.019809246063232422, 0.9398883581161499], "k_pid_vsp": [0.0, 387.61572265625, 387.04229736328125]}, "datetime": {"datetime": "2025-08-13 14:48:01", "elapsed": 18009.449310541153, "delta": 28.383484363555908}, "costs": {"total_cost": 2571.1431685460225, "time_cost": 150, "final_distance_cost": 247.7633924297213, "oscillation_cost": 767.8663707538867, "completition_cost": 1000.0, "overshoot_cost": 341.81027203588775, "power_cost": 34.395462463378905, "noise_cost": 29.307670863147784, "n_waypoints_completed": 0, "tot_waypoints": 9}}
{"target": -4075.817119099764, "params": {"k_pid_pos": [1.843285083770752, 0.0, 0.0], "k_pid_alt": [2.0, 0.0, 1.0], "k_pid_att": [100.0, 9.999999747378752e-05, 1.0], "k_pid_yaw": [0.5, 1e-06, 0.1], "k_pid_hsp": [9.999999747378752e-05, 0.006524711847305298, 0.9516934156417847], "k_pid_vsp": [0.0, 375.77935791015625, 400.0]}, "datetime": {"datetime": "2025-08-13 14:48:30", "elapsed": 18038.484207630157, "delta": 29.034897089004517}, "costs": {"total_cost": 4075.817119099764, "time_cost": 150, "final_distance_cost": 458.7818080306065, "oscillation_cost": 843.0713954601374, "completition_cost": 1000.0, "overshoot_cost": 1561.4788509417297, "power_cost": 35.10767163085938, "noise_cost": 27.377393036431464, "n_waypoints_completed": 0, "tot_waypoints": 9}}
{"target": -5570.487688968859, "params": {"k_pid_pos": [2.0, 0.03490090370178223, 0.0], "k_pid_alt": [2.0, 0.045376330614089966, 1.0], "k_pid_att": [99.65870666503906, 9.999999747378752e-05, 0.9257137775421143], "k_pid_yaw": [0.5, 1e-06, 0.1], "k_pid_hsp": [9.999999747378752e-05, 0.055706024169921875, 1.0], "k_pid_vsp": [3.906989097595215, 391.6326904296875, 400.0]}, "datetime": {"datetime": "2025-08-13 14:48:59", "elapsed": 18067.223048448563, "delta": 28.73884081840515}, "costs": {"total_cost": 5570.487688968859, "time_cost": 150, "final_distance_cost": 1328.0813484233067, "oscillation_cost": 699.156588902346, "completition_cost": 1000.0, "overshoot_cost": 2331.482825695986, "power_cost": 33.88769763183594, "noise_cost": 27.879228315384925, "n_waypoints_completed": 0, "tot_waypoints": 9}}
{"target": -2211.6464959879218, "params": {"k_pid_pos": [2.0, 0.0, 0.07177552580833435], "k_pid_alt": [1.9181439876556396, 0.0, 0.9433892965316772], "k_pid_att": [94.44757080078125, 9.999999747378752e-05, 1.0], "k_pid_yaw": [0.5, 1e-06, 0.1], "k_pid_hsp": [9.999999747378752e-05, 0.0, 1.0], "k_pid_vsp": [17.45865249633789, 397.1178894042969, 397.9944152832031]}, "datetime": {"datetime": "2025-08-13 14:49:28", "elapsed": 18096.11217188835, "delta": 28.88912343978882}, "costs": {"total_cost": 2211.6464959879218, "time_cost": 150, "final_distance_cost": 128.63368897971372, "oscillation_cost": 717.7527027525886, "completition_cost": 1000.0, "overshoot_cost": 156.55866735918664, "power_cost": 31.729848376464844, "noise_cost": 26.97158851996797, "n_waypoints_completed": 0, "tot_waypoints": 9}}
{"target": -2681.348412783677, "params": {"k_pid_pos": [2.0, 0.023404419422149658, 0.03355693817138672], "k_pid_alt": [1.9484472274780273, 0.0, 1.0], "k_pid_att": [98.33424377441406, 9.999999747378752e-05, 0.9643002152442932], "k_pid_yaw": [0.5, 1e-06, 0.1], "k_pid_hsp": [9.999999747378752e-05, 0.0, 1.0], "k_pid_vsp": [0.0, 390.4880065917969, 400.0]}, "datetime": {"datetime": "2025-08-13 14:49:57", "elapsed": 18125.14685869217, "delta": 29.03468680381775}, "costs": {"total_cost": 2681.348412783677, "time_cost": 150, "final_distance_cost": 337.91154342652464, "oscillation_cost": 762.8110909451772, "completition_cost": 1000.0, "overshoot_cost": 366.706951242126, "power_cost": 35.839929992675785, "noise_cost": 28.07889717717315, "n_waypoints_completed": 0, "tot_waypoints": 9}}
{"target": -2103.602263340128, "params": {"k_pid_pos": [2.0, 0.08881774544715881, 0.0], "k_pid_alt": [2.0, 0.03515267372131348, 0.9440245628356934], "k_pid_att": [100.0, 0.5195043087005615, 0.9733656048774719], "k_pid_yaw": [0.5, 1e-06, 0.1], "k_pid_hsp": [9.999999747378752e-05, 0.0, 0.9669116735458374], "k_pid_vsp": [0.0, 400.0, 400.0]}, "datetime": {"datetime": "2025-08-13 14:50:26", "elapsed": 18154.27286338806, "delta": 29.126004695892334}, "costs": {"total_cost": 2103.602263340128, "time_cost": 150, "final_distance_cost": 151.8150109140043, "oscillation_cost": 732.5024708507351, "completition_cost": 888.8888888888888, "overshoot_cost": 117.20822269461925, "power_cost": 35.35053289794922, "noise_cost": 27.837137093931357, "n_waypoints_completed": 1, "tot_waypoints": 9}}
{"target": -6991.009178456081, "params": {"k_pid_pos": [2.0, 0.008924752473831177, 0.03548496961593628], "k_pid_alt": [1.8826594352722168, 0.023377150297164917, 1.0], "k_pid_att": [99.16667175292969, 9.999999747378752e-05, 0.9489690065383911], "k_pid_yaw": [0.5, 1e-06, 0.1], "k_pid_hsp": [0.7252330183982849, 0.026192426681518555, 1.0], "k_pid_vsp": [0.0, 400.0, 397.4784240722656]}, "datetime": {"datetime": "2025-08-13 14:50:54", "elapsed": 18182.905032157898, "delta": 28.632168769836426}, "costs": {"total_cost": 6991.009178456081, "time_cost": 150, "final_distance_cost": 1506.7860520197498, "oscillation_cost": 615.8050812916231, "completition_cost": 1000.0, "overshoot_cost": 3652.0325569077913, "power_cost": 35.829805603027346, "noise_cost": 30.55568263388971, "n_waypoints_completed": 0, "tot_waypoints": 9}}
{"target": -1700.0282491318037, "params": {"k_pid_pos": [2.0, 0.03277680277824402, 0.13540267944335938], "k_pid_alt": [2.0, 0.0, 0.9769432544708252], "k_pid_att": [92.63224029541016, 0.4679434895515442, 1.0], "k_pid_yaw": [0.5, 1e-06, 0.1], "k_pid_hsp": [0.6143862009048462, 0.0, 0.98799067735672], "k_pid_vsp": [0.0, 400.0, 378.30487060546875]}, "datetime": {"datetime": "2025-08-13 14:51:24", "elapsed": 18212.145617485046, "delta": 29.240585327148438}, "costs": {"total_cost": 1700.0282491318037, "time_cost": 150, "final_distance_cost": 53.286033817236536, "oscillation_cost": 368.64611525426557, "completition_cost": 888.8888888888888, "overshoot_cost": 133.0258166841186, "power_cost": 39.98485162353516, "noise_cost": 66.1965428637591, "n_waypoints_completed": 1, "tot_waypoints": 9}}
{"target": -2315.760791854651, "params": {"k_pid_pos": [2.0, 0.025765150785446167, 0.0], "k_pid_alt": [2.0, 0.039487630128860474, 0.9815233945846558], "k_pid_att": [100.0, 0.43874913454055786, 0.9240627884864807], "k_pid_yaw": [0.5, 1e-06, 0.1], "k_pid_hsp": [9.999999747378752e-05, 0.0, 0.9378580451011658], "k_pid_vsp": [8.794474601745605, 400.0, 400.0]}, "datetime": {"datetime": "2025-08-13 14:51:52", "elapsed": 18240.68291425705, "delta": 28.537296772003174}, "costs": {"total_cost": 2315.760791854651, "time_cost": 150, "final_distance_cost": 70.12980961258968, "oscillation_cost": 836.060720262999, "completition_cost": 1000.0, "overshoot_cost": 187.36884542918676, "power_cost": 39.149989477539066, "noise_cost": 33.051427072335976, "n_waypoints_completed": 0, "tot_waypoints": 9}}
{"target": -2227.5762564443316, "params": {"k_pid_pos": [2.0, 0.00016194581985473633, 0.0], "k_pid_alt": [2.0, 0.06625902652740479, 1.0], "k_pid_att": [91.9030990600586, 0.42489832639694214, 1.0], "k_pid_yaw": [0.5, 1e-06, 0.1], "k_pid_hsp": [0.5677046179771423, 0.0, 0.9907842874526978], "k_pid_vsp": [0.0, 400.0, 400.0]}, "datetime": {"datetime": "2025-08-13 14:52:21", "elapsed": 18269.128014326096, "delta": 28.44510006904602}, "costs": {"total_cost": 2227.5762564443316, "time_cost": 150, "final_distance_cost": 69.44280119567637, "oscillation_cost": 553.7397225111994, "completition_cost": 888.8888888888888, "overshoot_cost": 493.5126860386046, "power_cost": 37.526003625488286, "noise_cost": 34.466154184474156, "n_waypoints_completed": 1, "tot_waypoints": 9}}
{"target": -5407.837248743803, "params": {"k_pid_pos": [2.0, 0.051734596490859985, 0.0], "k_pid_alt": [1.8668243885040283, 0.0, 1.0], "k_pid_att": [100.0, 0.11783558130264282, 1.0], "k_pid_yaw": [0.5, 1e-06, 0.1], "k_pid_hsp": [9.999999747378752e-05, 0.0915730893611908, 1.0], "k_pid_vsp": [0.0, 377.6715393066406, 378.6943054199219]}, "datetime": {"datetime": "2025-08-13 14:52:50", "elapsed": 18298.094683885574, "delta": 28.96666955947876}, "costs": {"total_cost": 5407.837248743803, "time_cost": 150, "final_distance_cost": 1380.0213705027716, "oscillation_cost": 821.9309596371035, "completition_cost": 1000.0, "overshoot_cost": 1993.2292311565345, "power_cost": 34.650218017578126, "noise_cost": 28.00546942981472, "n_waypoints_completed": 0, "tot_waypoints": 9}}
{"target": -2421.3614754052305, "params": {"k_pid_pos": [2.0, 0.0, 0.024166524410247803], "k_pid_alt": [1.8107085227966309, 0.0, 1.0], "k_pid_att": [100.0, 0.27171266078948975, 1.0], "k_pid_yaw": [0.5, 1e-06, 0.1], "k_pid_hsp": [0.19816157221794128, 0.005776882171630859, 1.0], "k_pid_vsp": [10.187398910522461, 378.10150146484375, 400.0]}, "datetime": {"datetime": "2025-08-13 14:53:18", "elapsed": 18326.73849415779, "delta": 28.643810272216797}, "costs": {"total_cost": 2421.3614754052305, "time_cost": 150, "final_distance_cost": 211.44443797505022, "oscillation_cost": 723.648579612587, "completition_cost": 1000.0, "overshoot_cost": 238.53000272565268, "power_cost": 39.98071202392578, "noise_cost": 57.75774306801467, "n_waypoints_completed": 0, "tot_waypoints": 9}}
{"target": -2275.8237813537075, "params": {"k_pid_pos": [2.0, 0.14939841628074646, 0.0], "k_pid_alt": [1.9003880023956299, 0.06460511684417725, 0.98396897315979], "k_pid_att": [98.54522705078125, 9.999999747378752e-05, 1.0], "k_pid_yaw": [0.5, 1e-06, 0.1], "k_pid_hsp": [9.999999747378752e-05, 0.0, 1.0], "k_pid_vsp": [0.0, 400.0, 400.0]}, "datetime": {"datetime": "2025-08-13 14:53:48", "elapsed": 18356.41785120964, "delta": 29.679357051849365}, "costs": {"total_cost": 2275.8237813537075, "time_cost": 150, "final_distance_cost": 78.04606358071064, "oscillation_cost": 765.2365757376112, "completition_cost": 1000.0, "overshoot_cost": 187.87769767946375, "power_cost": 38.508196936035155, "noise_cost": 56.15524741988652, "n_waypoints_completed": 0, "tot_waypoints": 9}}
{"target": -4009.1510509209, "params": {"k_pid_pos": [1.8957464694976807, 0.0, 0.0], "k_pid_alt": [1.7896203994750977, 0.0, 0.9954577088356018], "k_pid_att": [100.0, 0.12143983691930771, 1.0], "k_pid_yaw": [0.5, 1e-06, 0.1], "k_pid_hsp": [9.999999747378752e-05, 0.01992705464363098, 1.0], "k_pid_vsp": [0.0, 400.0, 400.0]}, "datetime": {"datetime": "2025-08-13 14:54:17", "elapsed": 18385.632302999496, "delta": 29.214451789855957}, "costs": {"total_cost": 4009.1510509209, "time_cost": 150, "final_distance_cost": 910.5050183353111, "oscillation_cost": 755.5198303757487, "completition_cost": 1000.0, "overshoot_cost": 1129.5361873753918, "power_cost": 35.96417344970703, "noise_cost": 27.625841384741253, "n_waypoints_completed": 0, "tot_waypoints": 9}}
{"target": -2458.4134818054504, "params": {"k_pid_pos": [2.0, 0.0, 0.0], "k_pid_alt": [1.8725860118865967, 0.08365878462791443, 0.9925581216812134], "k_pid_att": [97.26165771484375, 9.999999747378752e-05, 0.9680717587471008], "k_pid_yaw": [0.5, 1e-06, 0.1], "k_pid_hsp": [9.999999747378752e-05, 0.006308317184448242, 1.0], "k_pid_vsp": [0.0, 400.0, 377.8672790527344]}, "datetime": {"datetime": "2025-08-13 14:54:46", "elapsed": 18414.817149162292, "delta": 29.18484616279602}, "costs": {"total_cost": 2458.4134818054504, "time_cost": 150, "final_distance_cost": 266.1277886946087, "oscillation_cost": 777.7135221308405, "completition_cost": 1000.0, "overshoot_cost": 198.63855752825643, "power_cost": 37.17474948730469, "noise_cost": 28.75886396443982, "n_waypoints_completed": 0, "tot_waypoints": 9}}
{"target": -5544.758100637203, "params": {"k_pid_pos": [2.0, 0.0, 0.0], "k_pid_alt": [2.0, 0.04293942451477051, 0.9824068546295166], "k_pid_att": [100.0, 0.06327403336763382, 0.9885672330856323], "k_pid_yaw": [0.5, 1e-06, 0.1], "k_pid_hsp": [0.2406643182039261, 0.03167685866355896, 0.938040018081665], "k_pid_vsp": [16.90332794189453, 362.236083984375, 391.71759033203125]}, "datetime": {"datetime": "2025-08-13 14:55:15", "elapsed": 18443.779900312424, "delta": 28.962751150131226}, "costs": {"total_cost": 5544.758100637203, "time_cost": 150, "final_distance_cost": 1146.0063073661436, "oscillation_cost": 862.7333575719047, "completition_cost": 1000.0, "overshoot_cost": 2325.3555991058347, "power_cost": 32.999320141601565, "noise_cost": 27.663516451718746, "n_waypoints_completed": 0, "tot_waypoints": 9}}
{"target": -4091.877888761294, "params": {"k_pid_pos": [2.0, 0.0, 0.032424718141555786], "k_pid_alt": [2.0, 0.04100814461708069, 1.0], "k_pid_att": [100.0, 9.999999747378752e-05, 0.9901012182235718], "k_pid_yaw": [0.5, 1e-06, 0.1], "k_pid_hsp": [0.41287052631378174, 0.0, 0.9973713159561157], "k_pid_vsp": [0.0, 358.64459228515625, 400.0]}, "datetime": {"datetime": "2025-08-13 14:55:44", "elapsed": 18472.94357919693, "delta": 29.163678884506226}, "costs": {"total_cost": 4091.877888761294, "time_cost": 150, "final_distance_cost": 547.598790560452, "oscillation_cost": 790.4289952453702, "completition_cost": 1000.0, "overshoot_cost": 1541.338511793446, "power_cost": 34.47422111816407, "noise_cost": 28.037370043861188, "n_waypoints_completed": 0, "tot_waypoints": 9}}
{"target": -1448.708403633467, "params": {"k_pid_pos": [1.9238948822021484, 0.0, 0.0], "k_pid_alt": [2.0, 0.05332866311073303, 1.0], "k_pid_att": [100.0, 0.02474716678261757, 0.9720323085784912], "k_pid_yaw": [0.5, 1e-06, 0.1], "k_pid_hsp": [0.4472924768924713, 0.06459349393844604, 0.9417502284049988], "k_pid_vsp": [10.487234115600586, 372.08697509765625, 393.7932434082031]}, "datetime": {"datetime": "2025-08-13 14:56:13", "elapsed": 18501.63052034378, "delta": 28.686941146850586}, "costs": {"total_cost": 1448.708403633467, "time_cost": 150, "final_distance_cost": 47.29542954439414, "oscillation_cost": 400.7210539084468, "completition_cost": 666.6666666666667, "overshoot_cost": 116.12318995975204, "power_cost": 38.55638591308594, "noise_cost": 29.34567764112121, "n_waypoints_completed": 3, "tot_waypoints": 9}}
{"target": -2113.6006089930534, "params": {"k_pid_pos": [1.991319179534912, 0.03849291801452637, 0.038748472929000854], "k_pid_alt": [1.9852474927902222, 0.0038895905017852783, 1.0], "k_pid_att": [100.0, 9.999999747378752e-05, 1.0], "k_pid_yaw": [0.5, 1e-06, 0.1], "k_pid_hsp": [9.999999747378752e-05, 0.08342942595481873, 0.9907892942428589], "k_pid_vsp": [10.789871215820312, 400.0, 384.4072570800781]}, "datetime": {"datetime": "2025-08-13 14:56:42", "elapsed": 18530.267868757248, "delta": 28.637348413467407}, "costs": {"total_cost": 2113.6006089930534, "time_cost": 150, "final_distance_cost": 84.76091590298687, "oscillation_cost": 856.5860426229991, "completition_cost": 888.8888888888888, "overshoot_cost": 67.82618701213626, "power_cost": 36.92935975341797, "noise_cost": 28.60921481262468, "n_waypoints_completed": 1, "tot_waypoints": 9}}
{"target": -4268.774173484207, "params": {"k_pid_pos": [1.9525786638259888, 0.0, 0.0], "k_pid_alt": [1.7804152965545654, 0.0, 1.0], "k_pid_att": [100.0, 9.999999747378752e-05, 0.9996204376220703], "k_pid_yaw": [0.5, 1e-06, 0.1], "k_pid_hsp": [0.23328325152397156, 0.0, 1.0], "k_pid_vsp": [29.495834350585938, 392.4771728515625, 385.0798034667969]}, "datetime": {"datetime": "2025-08-13 14:57:11", "elapsed": 18559.231359243393, "delta": 28.96349048614502}, "costs": {"total_cost": 4268.774173484207, "time_cost": 150, "final_distance_cost": 961.9292081527886, "oscillation_cost": 775.1111205800327, "completition_cost": 1000.0, "overshoot_cost": 1320.6256909091344, "power_cost": 33.352083422851564, "noise_cost": 27.75607041939938, "n_waypoints_completed": 0, "tot_waypoints": 9}}
{"target": -2497.9741650639394, "params": {"k_pid_pos": [1.840638518333435, 0.01689624786376953, 0.0], "k_pid_alt": [2.0, 0.0, 1.0], "k_pid_att": [100.0, 0.07822809368371964, 0.9971005320549011], "k_pid_yaw": [0.5, 1e-06, 0.1], "k_pid_hsp": [9.999999747378752e-05, 0.0, 0.9688897132873535], "k_pid_vsp": [1.2600421905517578, 382.271728515625, 366.0118713378906]}, "datetime": {"datetime": "2025-08-13 14:57:39", "elapsed": 18587.7388048172, "delta": 28.507445573806763}, "costs": {"total_cost": 2497.9741650639394, "time_cost": 150, "final_distance_cost": 188.00383240051903, "oscillation_cost": 829.8512654227708, "completition_cost": 1000.0, "overshoot_cost": 271.7151866002908, "power_cost": 31.67117401123047, "noise_cost": 26.73270662912827, "n_waypoints_completed": 0, "tot_waypoints": 9}}
