{"target": -3027.8255362678356, "params": {"k_pid_pos": [1.7859139442443848, 0.0003012418746948242, 0.02346828579902649], "k_pid_alt": [1.855080246925354, 0.06730514764785767, 1.0], "k_pid_att": [92.71688079833984, 9.999999747378752e-05, 1.0], "k_pid_yaw": [0.5, 1e-06, 0.1], "k_pid_hsp": [9.999999747378752e-05, 0.0, 1.0], "k_pid_vsp": [0.0, 400.0, 399.3674621582031]}, "datetime": {"datetime": "2025-08-13 16:24:41", "elapsed": 23809.902967214584, "delta": 33.63167071342468}, "costs": {"total_cost": 3027.8255362678356, "time_cost": 150, "final_distance_cost": 556.2470101153995, "oscillation_cost": 759.7321560376413, "completition_cost": 1000.0, "overshoot_cost": 497.65960399855396, "power_cost": 35.668137426757816, "noise_cost": 28.518628689483357, "n_waypoints_completed": 0, "tot_waypoints": 9}}
{"target": -3563.2906409776892, "params": {"k_pid_pos": [1.8891068696975708, 0.023643195629119873, 0.0], "k_pid_alt": [1.8871304988861084, 0.0, 0.9985942840576172], "k_pid_att": [100.0, 9.999999747378752e-05, 0.9653172492980957], "k_pid_yaw": [0.5, 1e-06, 0.1], "k_pid_hsp": [1.1338860988616943, 0.08711940050125122, 0.9255850315093994], "k_pid_vsp": [26.97107696533203, 400.0, 354.7033386230469]}, "datetime": {"datetime": "2025-08-13 16:25:15", "elapsed": 23843.369080543518, "delta": 33.466113328933716}, "costs": {"total_cost": 3563.2906409776892, "time_cost": 150, "final_distance_cost": 864.8861119858677, "oscillation_cost": 599.0486840299843, "completition_cost": 777.7777777777778, "overshoot_cost": 1106.4493742957216, "power_cost": 34.119347106933596, "noise_cost": 31.00934578140413, "n_waypoints_completed": 2, "tot_waypoints": 9}}
{"target": -2069.8201198664133, "params": {"k_pid_pos": [2.0, 0.04680103063583374, 0.009643018245697021], "k_pid_alt": [1.9397085905075073, 0.0, 0.9888194799423218], "k_pid_att": [96.6220703125, 0.3176122307777405, 0.9832033514976501], "k_pid_yaw": [0.5, 1e-06, 0.1], "k_pid_hsp": [0.08068974316120148, 0.0, 1.0], "k_pid_vsp": [0.0, 400.0, 377.308837890625]}, "datetime": {"datetime": "2025-08-13 16:25:48", "elapsed": 23876.753571510315, "delta": 33.384490966796875}, "costs": {"total_cost": 2069.8201198664133, "time_cost": 150, "final_distance_cost": 45.05114720952183, "oscillation_cost": 770.7888153847273, "completition_cost": 888.8888888888888, "overshoot_cost": 149.9555383483938, "power_cost": 36.73385415039063, "noise_cost": 28.401875884490835, "n_waypoints_completed": 1, "tot_waypoints": 9}}
{"target": -4538.8521279038005, "params": {"k_pid_pos": [1.8492571115493774, 0.023744583129882812, 0.025281548500061035], "k_pid_alt": [2.0, 0.0, 1.0], "k_pid_att": [100.0, 0.6305654048919678, 1.0], "k_pid_yaw": [0.5, 1e-06, 0.1], "k_pid_hsp": [9.999999747378752e-05, 0.006197154521942139, 1.0], "k_pid_vsp": [0.0, 400.0, 384.26190185546875]}, "datetime": {"datetime": "2025-08-13 16:26:20", "elapsed": 23908.58680510521, "delta": 31.83323359489441}, "costs": {"total_cost": 4538.8521279038005, "time_cost": 150, "final_distance_cost": 794.1355902297978, "oscillation_cost": 823.0759594696875, "completition_cost": 1000.0, "overshoot_cost": 1708.3500758482758, "power_cost": 35.31831282958984, "noise_cost": 27.97218952645021, "n_waypoints_completed": 0, "tot_waypoints": 9}}
{"target": -3808.6822052834927, "params": {"k_pid_pos": [2.0, 0.0, 0.055043041706085205], "k_pid_alt": [2.0, 0.0, 0.9848310947418213], "k_pid_att": [90.74475860595703, 0.11704195290803909, 0.962104320526123], "k_pid_yaw": [0.5, 1e-06, 0.1], "k_pid_hsp": [0.48301973938941956, 0.023017406463623047, 0.9996991157531738], "k_pid_vsp": [14.033926010131836, 400.0, 385.3659973144531]}, "datetime": {"datetime": "2025-08-13 16:26:56", "elapsed": 23944.597558021545, "delta": 36.01075291633606}, "costs": {"total_cost": 3808.6822052834927, "time_cost": 150, "final_distance_cost": 475.19141177394135, "oscillation_cost": 850.9472434986981, "completition_cost": 1000.0, "overshoot_cost": 1268.9050694260181, "power_cost": 34.8909048828125, "noise_cost": 28.747575702022235, "n_waypoints_completed": 0, "tot_waypoints": 9}}
{"target": -2089.0554958309626, "params": {"k_pid_pos": [1.946717619895935, 0.0, 0.041839540004730225], "k_pid_alt": [1.9920519590377808, 0.0, 0.8490808010101318], "k_pid_att": [88.63862609863281, 9.999999747378752e-05, 0.9446771740913391], "k_pid_yaw": [0.5, 1e-06, 0.1], "k_pid_hsp": [0.035058967769145966, 0.06739911437034607, 0.9842013120651245], "k_pid_vsp": [0.0, 400.0, 400.0]}, "datetime": {"datetime": "2025-08-13 16:27:30", "elapsed": 23978.762702703476, "delta": 34.16514468193054}, "costs": {"total_cost": 2089.0554958309626, "time_cost": 150, "final_distance_cost": 79.41686302339872, "oscillation_cost": 639.4065404030249, "completition_cost": 1000.0, "overshoot_cost": 159.55734592749909, "power_cost": 33.150487109375, "noise_cost": 27.52425936766505, "n_waypoints_completed": 0, "tot_waypoints": 9}}
{"target": -1753.993110175198, "params": {"k_pid_pos": [2.0, 0.05410686135292053, 0.0], "k_pid_alt": [1.7219420671463013, 0.0, 1.0], "k_pid_att": [100.0, 0.24789458513259888, 1.0], "k_pid_yaw": [0.5, 1e-06, 0.1], "k_pid_hsp": [0.33925238251686096, 0.0, 0.9735937118530273], "k_pid_vsp": [0.0, 378.70147705078125, 397.3987121582031]}, "datetime": {"datetime": "2025-08-13 16:28:04", "elapsed": 24012.839084863663, "delta": 34.07638216018677}, "costs": {"total_cost": 1753.993110175198, "time_cost": 150, "final_distance_cost": 45.98170677811801, "oscillation_cost": 481.7495242305793, "completition_cost": 888.8888888888888, "overshoot_cost": 120.30787125407899, "power_cost": 38.09282045898438, "noise_cost": 28.972298564548765, "n_waypoints_completed": 1, "tot_waypoints": 9}}
{"target": -2659.3587880282207, "params": {"k_pid_pos": [1.908797025680542, 0.0707734227180481, 0.05949145555496216], "k_pid_alt": [2.0, 0.0, 0.8657603859901428], "k_pid_att": [100.0, 0.33245155215263367, 1.0], "k_pid_yaw": [0.5, 1e-06, 0.1], "k_pid_hsp": [9.999999747378752e-05, 0.015476912260055542, 1.0], "k_pid_vsp": [0.0, 400.0, 400.0]}, "datetime": {"datetime": "2025-08-13 16:28:37", "elapsed": 24045.183836698532, "delta": 32.344751834869385}, "costs": {"total_cost": 2659.3587880282207, "time_cost": 150, "final_distance_cost": 474.92663038583936, "oscillation_cost": 752.8887885544646, "completition_cost": 888.8888888888888, "overshoot_cost": 327.09738010713085, "power_cost": 37.12157661132812, "noise_cost": 28.43552348056877, "n_waypoints_completed": 1, "tot_waypoints": 9}}
{"target": -4802.010877677908, "params": {"k_pid_pos": [2.0, 0.018067240715026855, 0.06371384859085083], "k_pid_alt": [2.0, 0.08329284191131592, 0.9769574999809265], "k_pid_att": [100.0, 9.999999747378752e-05, 0.9866354465484619], "k_pid_yaw": [0.5, 1e-06, 0.1], "k_pid_hsp": [0.8537140488624573, 0.0, 1.0], "k_pid_vsp": [0.0, 392.59228515625, 388.2988586425781]}, "datetime": {"datetime": "2025-08-13 16:29:08", "elapsed": 24076.14077615738, "delta": 30.956939458847046}, "costs": {"total_cost": 4802.010877677908, "time_cost": 150, "final_distance_cost": 1138.7946347463526, "oscillation_cost": 707.8991151657444, "completition_cost": 888.8888888888888, "overshoot_cost": 1852.3645520034925, "power_cost": 34.49111287841797, "noise_cost": 29.572573995012576, "n_waypoints_completed": 1, "tot_waypoints": 9}}
{"target": -5171.669130150705, "params": {"k_pid_pos": [2.0, 0.05431279540061951, 0.018421322107315063], "k_pid_alt": [1.8587298393249512, 0.0, 1.0], "k_pid_att": [100.0, 0.13716427981853485, 1.0], "k_pid_yaw": [0.5, 1e-06, 0.1], "k_pid_hsp": [9.999999747378752e-05, 0.0, 0.9830129146575928], "k_pid_vsp": [5.4863810539245605, 393.906494140625, 400.0]}, "datetime": {"datetime": "2025-08-13 16:29:44", "elapsed": 24112.243088006973, "delta": 36.102311849594116}, "costs": {"total_cost": 5171.669130150705, "time_cost": 150, "final_distance_cost": 881.7830850465976, "oscillation_cost": 829.9785909542715, "completition_cost": 1000.0, "overshoot_cost": 2249.8297453975233, "power_cost": 32.79128309326172, "noise_cost": 27.28642565905075, "n_waypoints_completed": 0, "tot_waypoints": 9}}
{"target": -2951.0868629511424, "params": {"k_pid_pos": [1.9637082815170288, 0.0, 0.07403263449668884], "k_pid_alt": [1.9591424465179443, 0.025996416807174683, 0.9926373958587646], "k_pid_att": [100.0, 0.8967683911323547, 0.9586599469184875], "k_pid_yaw": [0.5, 1e-06, 0.1], "k_pid_hsp": [9.999999747378752e-05, 0.0, 1.0], "k_pid_vsp": [0.0, 400.0, 400.0]}, "datetime": {"datetime": "2025-08-13 16:30:18", "elapsed": 24146.517099142075, "delta": 34.27401113510132}, "costs": {"total_cost": 2951.0868629511424, "time_cost": 150, "final_distance_cost": 288.39986143660633, "oscillation_cost": 782.0726545840877, "completition_cost": 1000.0, "overshoot_cost": 672.7516522303143, "power_cost": 31.00570699462891, "noise_cost": 26.856987705504938, "n_waypoints_completed": 0, "tot_waypoints": 9}}
{"target": -1999.6729222504387, "params": {"k_pid_pos": [2.0, 0.018819451332092285, 0.0011736154556274414], "k_pid_alt": [1.9321115016937256, 0.014962464570999146, 0.9859696626663208], "k_pid_att": [93.35466766357422, 9.999999747378752e-05, 1.0], "k_pid_yaw": [0.5, 1e-06, 0.1], "k_pid_hsp": [0.1696273237466812, 0.0, 0.9955589771270752], "k_pid_vsp": [8.621740341186523, 400.0, 387.3773498535156]}, "datetime": {"datetime": "2025-08-13 16:30:50", "elapsed": 24178.82607603073, "delta": 32.308976888656616}, "costs": {"total_cost": 1999.6729222504387, "time_cost": 150, "final_distance_cost": 45.166738696195274, "oscillation_cost": 724.6860808810156, "completition_cost": 888.8888888888888, "overshoot_cost": 107.46138364244064, "power_cost": 38.926611560058596, "noise_cost": 44.54321858183998, "n_waypoints_completed": 1, "tot_waypoints": 9}}
{"target": -2091.14544903928, "params": {"k_pid_pos": [1.9020534753799438, 0.004133939743041992, 0.05078801512718201], "k_pid_alt": [1.8961089849472046, 0.0, 0.9554027318954468], "k_pid_att": [92.57980346679688, 9.999999747378752e-05, 1.0], "k_pid_yaw": [0.5, 1e-06, 0.1], "k_pid_hsp": [0.047198522835969925, 0.0, 0.959389865398407], "k_pid_vsp": [0.0, 400.0, 400.0]}, "datetime": {"datetime": "2025-08-13 16:31:21", "elapsed": 24209.098291873932, "delta": 30.272215843200684}, "costs": {"total_cost": 2091.14544903928, "time_cost": 150, "final_distance_cost": 40.562212643698196, "oscillation_cost": 717.9319982776045, "completition_cost": 1000.0, "overshoot_cost": 111.19772417624077, "power_cost": 38.777065441894536, "noise_cost": 32.676448499841555, "n_waypoints_completed": 0, "tot_waypoints": 9}}
{"target": -3948.7307697180945, "params": {"k_pid_pos": [2.0, 0.0, 0.026926010847091675], "k_pid_alt": [2.0, 0.014165103435516357, 1.0], "k_pid_att": [100.0, 1.180165410041809, 0.9581835865974426], "k_pid_yaw": [0.5, 1e-06, 0.1], "k_pid_hsp": [9.999999747378752e-05, 0.10201731324195862, 0.9171981811523438], "k_pid_vsp": [0.0, 386.0777587890625, 388.5766296386719]}, "datetime": {"datetime": "2025-08-13 16:31:55", "elapsed": 24243.10878944397, "delta": 34.01049757003784}, "costs": {"total_cost": 3948.7307697180945, "time_cost": 150, "final_distance_cost": 899.4586728231181, "oscillation_cost": 770.7658686728954, "completition_cost": 1000.0, "overshoot_cost": 1065.9074806930778, "power_cost": 34.710542895507814, "noise_cost": 27.888204633495523, "n_waypoints_completed": 0, "tot_waypoints": 9}}
{"target": -4334.912828265761, "params": {"k_pid_pos": [1.831167221069336, 0.0, 0.0203859806060791], "k_pid_alt": [1.9831688404083252, 0.006180703639984131, 1.0], "k_pid_att": [100.0, 0.21082057058811188, 0.9596073031425476], "k_pid_yaw": [0.5, 1e-06, 0.1], "k_pid_hsp": [0.13915565609931946, 0.0, 0.9567733407020569], "k_pid_vsp": [24.31316375732422, 400.0, 368.2869873046875]}, "datetime": {"datetime": "2025-08-13 16:32:29", "elapsed": 24277.568452596664, "delta": 34.4596631526947}, "costs": {"total_cost": 4334.912828265761, "time_cost": 150, "final_distance_cost": 711.5920010589315, "oscillation_cost": 646.3270870832811, "completition_cost": 1000.0, "overshoot_cost": 1765.9548244298853, "power_cost": 33.37592205810547, "noise_cost": 27.662993635557456, "n_waypoints_completed": 0, "tot_waypoints": 9}}
{"target": -2578.0601045432904, "params": {"k_pid_pos": [1.9817695617675781, 0.0, 0.013079047203063965], "k_pid_alt": [2.0, 0.0037012100219726562, 0.9178816080093384], "k_pid_att": [89.99237823486328, 0.03879822790622711, 1.0], "k_pid_yaw": [0.5, 1e-06, 0.1], "k_pid_hsp": [0.4812268316745758, 0.0, 0.9531848430633545], "k_pid_vsp": [6.8901777267456055, 400.0, 400.0]}, "datetime": {"datetime": "2025-08-13 16:33:05", "elapsed": 24313.876035690308, "delta": 36.30758309364319}, "costs": {"total_cost": 2578.0601045432904, "time_cost": 150, "final_distance_cost": 418.3322606690478, "oscillation_cost": 451.58595354456946, "completition_cost": 1000.0, "overshoot_cost": 485.0844050663534, "power_cost": 38.853650024414065, "noise_cost": 34.20383523890577, "n_waypoints_completed": 0, "tot_waypoints": 9}}
{"target": -3715.7457695638805, "params": {"k_pid_pos": [2.0, 0.0, 0.019483089447021484], "k_pid_alt": [2.0, 0.0, 0.9718176126480103], "k_pid_att": [95.18856811523438, 0.17151916027069092, 1.0], "k_pid_yaw": [0.5, 1e-06, 0.1], "k_pid_hsp": [9.999999747378752e-05, 0.009794443845748901, 1.0], "k_pid_vsp": [0.0, 380.3206481933594, 400.0]}, "datetime": {"datetime": "2025-08-13 16:33:40", "elapsed": 24348.74071955681, "delta": 34.864683866500854}, "costs": {"total_cost": 3715.7457695638805, "time_cost": 150, "final_distance_cost": 957.3503771864343, "oscillation_cost": 696.3300583121651, "completition_cost": 888.8888888888888, "overshoot_cost": 956.8167998200099, "power_cost": 37.571469372558596, "noise_cost": 28.788175983823642, "n_waypoints_completed": 1, "tot_waypoints": 9}}
{"target": -1790.0786762249309, "params": {"k_pid_pos": [1.997360348701477, 0.0, 0.0], "k_pid_alt": [2.0, 0.0, 0.9813284873962402], "k_pid_att": [99.94416046142578, 0.23797111213207245, 0.976873517036438], "k_pid_yaw": [0.5, 1e-06, 0.1], "k_pid_hsp": [1.0431687831878662, 0.002354174852371216, 1.0], "k_pid_vsp": [0.0, 400.0, 372.9382629394531]}, "datetime": {"datetime": "2025-08-13 16:34:15", "elapsed": 24383.392871379852, "delta": 34.65215182304382}, "costs": {"total_cost": 1790.0786762249309, "time_cost": 150, "final_distance_cost": 71.07273499244836, "oscillation_cost": 480.75588846232114, "completition_cost": 777.7777777777778, "overshoot_cost": 186.09472779913958, "power_cost": 39.2478510131836, "noise_cost": 85.12969618006034, "n_waypoints_completed": 2, "tot_waypoints": 9}}
{"target": -2396.0429100307533, "params": {"k_pid_pos": [1.901227593421936, 0.0, 0.0], "k_pid_alt": [2.0, 0.0, 0.999296247959137], "k_pid_att": [90.04576110839844, 9.999999747378752e-05, 0.9461151361465454], "k_pid_yaw": [0.5, 1e-06, 0.1], "k_pid_hsp": [9.999999747378752e-05, 0.014821290969848633, 0.8776531219482422], "k_pid_vsp": [3.3199667930603027, 400.0, 400.0]}, "datetime": {"datetime": "2025-08-13 16:34:46", "elapsed": 24414.369595766068, "delta": 30.97672438621521}, "costs": {"total_cost": 2396.0429100307533, "time_cost": 150, "final_distance_cost": 207.2889422476534, "oscillation_cost": 694.6284412631959, "completition_cost": 1000.0, "overshoot_cost": 249.00908280737758, "power_cost": 39.465216796875005, "noise_cost": 55.65122691565093, "n_waypoints_completed": 0, "tot_waypoints": 9}}
{"target": -2074.6156878318047, "params": {"k_pid_pos": [2.0, 0.011968553066253662, 0.017976850271224976], "k_pid_alt": [1.9923762083053589, 0.032100141048431396, 1.0], "k_pid_att": [100.0, 0.7827244400978088, 0.9686563014984131], "k_pid_yaw": [0.5, 1e-06, 0.1], "k_pid_hsp": [9.999999747378752e-05, 0.0025004148483276367, 0.9755886793136597], "k_pid_vsp": [35.65180206298828, 400.0, 387.9071350097656]}, "datetime": {"datetime": "2025-08-13 16:35:17", "elapsed": 24445.48327589035, "delta": 31.113680124282837}, "costs": {"total_cost": 2074.6156878318047, "time_cost": 150, "final_distance_cost": 93.32283913888644, "oscillation_cost": 788.2019102358391, "completition_cost": 888.8888888888888, "overshoot_cost": 85.3216321390509, "power_cost": 39.86724458007813, "noise_cost": 29.013172849061654, "n_waypoints_completed": 1, "tot_waypoints": 9}}
{"target": -4478.053179690128, "params": {"k_pid_pos": [1.7239959239959717, 0.0, 0.030928343534469604], "k_pid_alt": [1.8809235095977783, 0.0, 1.0], "k_pid_att": [100.0, 0.07796404510736465, 0.9872788190841675], "k_pid_yaw": [0.5, 1e-06, 0.1], "k_pid_hsp": [0.00991768017411232, 0.0, 0.9877040386199951], "k_pid_vsp": [1.7391443252563477, 388.8189697265625, 380.826904296875]}, "datetime": {"datetime": "2025-08-13 16:35:49", "elapsed": 24477.306878089905, "delta": 31.823602199554443}, "costs": {"total_cost": 4478.053179690128, "time_cost": 150, "final_distance_cost": 1000.5668932793437, "oscillation_cost": 802.9674307575967, "completition_cost": 1000.0, "overshoot_cost": 1461.725385927691, "power_cost": 34.84202005615234, "noise_cost": 27.951449669344537, "n_waypoints_completed": 0, "tot_waypoints": 9}}
{"target": -1865.1314198464843, "params": {"k_pid_pos": [2.0, 0.11775586009025574, 0.0], "k_pid_alt": [1.8041106462478638, 0.002704054117202759, 0.8883408904075623], "k_pid_att": [93.4597396850586, 9.999999747378752e-05, 1.0], "k_pid_yaw": [0.5, 1e-06, 0.1], "k_pid_hsp": [0.26049935817718506, 0.03610000014305115, 1.0], "k_pid_vsp": [22.69153594970703, 389.4651794433594, 400.0]}, "datetime": {"datetime": "2025-08-13 16:36:20", "elapsed": 24508.30709886551, "delta": 31.000220775604248}, "costs": {"total_cost": 1865.1314198464843, "time_cost": 150, "final_distance_cost": 86.0316544959866, "oscillation_cost": 721.9325709248455, "completition_cost": 777.7777777777778, "overshoot_cost": 63.27298022511194, "power_cost": 37.834059387207034, "noise_cost": 28.28237703555556, "n_waypoints_completed": 2, "tot_waypoints": 9}}
{"target": -2219.37997357106, "params": {"k_pid_pos": [2.0, 0.05952572822570801, 0.043748944997787476], "k_pid_alt": [1.8603546619415283, 0.0, 1.0], "k_pid_att": [100.0, 9.999999747378752e-05, 1.0], "k_pid_yaw": [0.5, 1e-06, 0.1], "k_pid_hsp": [0.07889476418495178, 0.0, 1.0], "k_pid_vsp": [0.0, 400.0, 400.0]}, "datetime": {"datetime": "2025-08-13 16:36:51", "elapsed": 24539.105978012085, "delta": 30.798879146575928}, "costs": {"total_cost": 2219.37997357106, "time_cost": 150, "final_distance_cost": 51.436127221358255, "oscillation_cost": 745.1943091703064, "completition_cost": 1000.0, "overshoot_cost": 135.91028380468077, "power_cost": 43.84398541259766, "noise_cost": 92.99526796211673, "n_waypoints_completed": 0, "tot_waypoints": 9}}
{"target": -3892.1862913136347, "params": {"k_pid_pos": [2.0, 0.02457183599472046, 0.0], "k_pid_alt": [2.0, 0.0, 1.0], "k_pid_att": [100.0, 0.20017977058887482, 0.9769842028617859], "k_pid_yaw": [0.5, 1e-06, 0.1], "k_pid_hsp": [9.999999747378752e-05, 0.0, 1.0], "k_pid_vsp": [0.0, 364.4421081542969, 364.3779296875]}, "datetime": {"datetime": "2025-08-13 16:37:23", "elapsed": 24571.984380483627, "delta": 32.87840247154236}, "costs": {"total_cost": 3892.1862913136347, "time_cost": 150, "final_distance_cost": 918.2025403589023, "oscillation_cost": 745.2344207272881, "completition_cost": 1000.0, "overshoot_cost": 1015.137805525421, "power_cost": 35.68710600585938, "noise_cost": 27.924418696164224, "n_waypoints_completed": 0, "tot_waypoints": 9}}
{"target": -2472.7538704915924, "params": {"k_pid_pos": [1.873768925666809, 0.0, 0.022099792957305908], "k_pid_alt": [2.0, 0.0, 0.8996930718421936], "k_pid_att": [100.0, 9.999999747378752e-05, 1.0], "k_pid_yaw": [0.5, 1e-06, 0.1], "k_pid_hsp": [0.1383870542049408, 0.0443665087223053, 1.0], "k_pid_vsp": [5.151498317718506, 396.15380859375, 382.1880798339844]}, "datetime": {"datetime": "2025-08-13 16:37:55", "elapsed": 24603.220694065094, "delta": 31.236313581466675}, "costs": {"total_cost": 2472.7538704915924, "time_cost": 150, "final_distance_cost": 156.21252473397408, "oscillation_cost": 722.6577220381655, "completition_cost": 1000.0, "overshoot_cost": 384.59087414937005, "power_cost": 32.086363415527345, "noise_cost": 27.206386154555485, "n_waypoints_completed": 0, "tot_waypoints": 9}}
{"target": -2811.7486140623055, "params": {"k_pid_pos": [1.9521070718765259, 0.03484666347503662, 0.0], "k_pid_alt": [2.0, 0.026139795780181885, 0.9406436085700989], "k_pid_att": [99.17434692382812, 0.49825364351272583, 1.0], "k_pid_yaw": [0.5, 1e-06, 0.1], "k_pid_hsp": [9.999999747378752e-05, 0.12704750895500183, 1.0], "k_pid_vsp": [0.0, 400.0, 400.0]}, "datetime": {"datetime": "2025-08-13 16:38:26", "elapsed": 24634.677332639694, "delta": 31.45663857460022}, "costs": {"total_cost": 2811.7486140623055, "time_cost": 150, "final_distance_cost": 146.49465715283026, "oscillation_cost": 710.9901048527478, "completition_cost": 1000.0, "overshoot_cost": 743.196378865302, "power_cost": 33.443268957519535, "noise_cost": 27.624204233905786, "n_waypoints_completed": 0, "tot_waypoints": 9}}
{"target": -1881.9516968891157, "params": {"k_pid_pos": [1.894316554069519, 0.09062567353248596, 0.0], "k_pid_alt": [1.911708116531372, 0.03324252367019653, 0.9702394008636475], "k_pid_att": [100.0, 0.7994871735572815, 0.9259750247001648], "k_pid_yaw": [0.5, 1e-06, 0.1], "k_pid_hsp": [0.9598807692527771, 0.0, 0.9426696300506592], "k_pid_vsp": [19.530344009399414, 378.64373779296875, 398.1419677734375]}, "datetime": {"datetime": "2025-08-13 16:38:59", "elapsed": 24667.447909832, "delta": 32.77057719230652}, "costs": {"total_cost": 1881.9516968891157, "time_cost": 150, "final_distance_cost": 148.97648544710813, "oscillation_cost": 351.0749595472133, "completition_cost": 1000.0, "overshoot_cost": 141.04704169496864, "power_cost": 37.95762369384766, "noise_cost": 52.89558650597822, "n_waypoints_completed": 0, "tot_waypoints": 9}}
