{"target": -2214.5369345280637, "params": {"k_pid_pos": [2.0, 0.06338006258010864, 0.011876553297042847], "k_pid_alt": [2.0, 0.03433799743652344, 1.0], "k_pid_att": [100.0, 0.5457902550697327, 0.9640350341796875], "k_pid_yaw": [0.5, 1e-06, 0.1], "k_pid_hsp": [9.999999747378752e-05, 0.0, 1.0], "k_pid_vsp": [14.133846282958984, 400.0, 360.5915222167969]}, "datetime": {"datetime": "2025-08-13 20:38:09", "elapsed": 39017.75695681572, "delta": 28.180333137512207}, "costs": {"total_cost": 2214.5369345280637, "time_cost": 150, "final_distance_cost": 4.2214579473483305, "oscillation_cost": 775.5854156482511, "completition_cost": 1000.0, "overshoot_cost": 149.68715094267301, "power_cost": 43.806288391113284, "noise_cost": 91.23662159867801, "n_waypoints_completed": 0, "tot_waypoints": 9}}
{"target": -2014.1587270472364, "params": {"k_pid_pos": [2.0, 0.011807262897491455, 0.0], "k_pid_alt": [2.0, 0.02548670768737793, 1.0], "k_pid_att": [98.46414184570312, 9.999999747378752e-05, 0.9913861751556396], "k_pid_yaw": [0.5, 1e-06, 0.1], "k_pid_hsp": [0.015295158140361309, 0.0, 1.0], "k_pid_vsp": [0.0, 400.0, 400.0]}, "datetime": {"datetime": "2025-08-13 20:38:39", "elapsed": 39047.6966676712, "delta": 29.93971085548401}, "costs": {"total_cost": 2014.1587270472364, "time_cost": 150, "final_distance_cost": 58.844160558956496, "oscillation_cost": 781.8777156972926, "completition_cost": 888.8888888888888, "overshoot_cost": 69.07955103592946, "power_cost": 37.289274938964844, "noise_cost": 28.179135927204175, "n_waypoints_completed": 1, "tot_waypoints": 9}}
{"target": -2588.242083287182, "params": {"k_pid_pos": [1.852982759475708, 0.057390689849853516, 0.06599947810173035], "k_pid_alt": [2.0, 0.024813592433929443, 1.0], "k_pid_att": [100.0, 9.999999747378752e-05, 1.0], "k_pid_yaw": [0.5, 1e-06, 0.1], "k_pid_hsp": [0.20207874476909637, 0.0, 0.9969029426574707], "k_pid_vsp": [0.0, 370.45819091796875, 343.7149963378906]}, "datetime": {"datetime": "2025-08-13 20:39:08", "elapsed": 39076.771178007126, "delta": 29.07451033592224}, "costs": {"total_cost": 2588.242083287182, "time_cost": 150, "final_distance_cost": 267.3186662254786, "oscillation_cost": 708.9101586929162, "completition_cost": 888.8888888888888, "overshoot_cost": 509.0213960813042, "power_cost": 35.992796594238285, "noise_cost": 28.110176804355728, "n_waypoints_completed": 1, "tot_waypoints": 9}}
{"target": -2182.8021020265032, "params": {"k_pid_pos": [1.9142262935638428, 0.049712151288986206, 0.0], "k_pid_alt": [1.9441962242126465, 0.006987899541854858, 1.0], "k_pid_att": [96.69635009765625, 9.999999747378752e-05, 0.9960747957229614], "k_pid_yaw": [0.5, 1e-06, 0.1], "k_pid_hsp": [0.15014275908470154, 0.0005252957344055176, 0.9814823865890503], "k_pid_vsp": [15.723335266113281, 400.0, 379.54302978515625]}, "datetime": {"datetime": "2025-08-13 20:39:38", "elapsed": 39106.75099539757, "delta": 29.979817390441895}, "costs": {"total_cost": 2182.8021020265032, "time_cost": 150, "final_distance_cost": 1.5207584697337926, "oscillation_cost": 755.2831535684736, "completition_cost": 1000.0, "overshoot_cost": 136.3898964277236, "power_cost": 43.25046240234375, "noise_cost": 96.35783115822878, "n_waypoints_completed": 0, "tot_waypoints": 9}}
{"target": -2146.97637586412, "params": {"k_pid_pos": [2.0, 0.0, 0.06709456443786621], "k_pid_alt": [2.0, 0.0, 0.9887095093727112], "k_pid_att": [100.0, 9.999999747378752e-05, 1.0], "k_pid_yaw": [0.5, 1e-06, 0.1], "k_pid_hsp": [0.0966731607913971, 0.0, 1.0], "k_pid_vsp": [53.09214782714844, 400.0, 374.95892333984375]}, "datetime": {"datetime": "2025-08-13 20:40:08", "elapsed": 39136.9565346241, "delta": 30.205539226531982}, "costs": {"total_cost": 2146.97637586412, "time_cost": 150, "final_distance_cost": 48.70132460167857, "oscillation_cost": 764.1985630291891, "completition_cost": 1000.0, "overshoot_cost": 117.16196796493944, "power_cost": 38.10586859130859, "noise_cost": 28.808651677004285, "n_waypoints_completed": 0, "tot_waypoints": 9}}
{"target": -3340.008487767587, "params": {"k_pid_pos": [1.8902902603149414, 0.049201250076293945, 0.023595362901687622], "k_pid_alt": [2.0, 0.06554993987083435, 1.0], "k_pid_att": [100.0, 0.17745691537857056, 1.0], "k_pid_yaw": [0.5, 1e-06, 0.1], "k_pid_hsp": [0.3315235376358032, 0.07517236471176147, 1.0], "k_pid_vsp": [0.0, 400.0, 400.0]}, "datetime": {"datetime": "2025-08-13 20:40:38", "elapsed": 39166.16635608673, "delta": 29.209821462631226}, "costs": {"total_cost": 3340.008487767587, "time_cost": 150, "final_distance_cost": 667.206985235104, "oscillation_cost": 724.40816950807, "completition_cost": 888.8888888888888, "overshoot_cost": 847.4509094993374, "power_cost": 34.21406021728516, "noise_cost": 27.83947441890196, "n_waypoints_completed": 1, "tot_waypoints": 9}}
{"target": -2066.5241799042547, "params": {"k_pid_pos": [2.0, 0.0, 0.0], "k_pid_alt": [1.9868336915969849, 0.0, 1.0], "k_pid_att": [100.0, 0.5569615364074707, 1.0], "k_pid_yaw": [0.5, 1e-06, 0.1], "k_pid_hsp": [0.4476989805698395, 0.01777064800262451, 0.9784579277038574], "k_pid_vsp": [0.0, 400.0, 384.51666259765625]}, "datetime": {"datetime": "2025-08-13 20:41:07", "elapsed": 39195.41036391258, "delta": 29.24400782585144}, "costs": {"total_cost": 2066.5241799042547, "time_cost": 150, "final_distance_cost": 45.26973961067099, "oscillation_cost": 644.8733492147271, "completition_cost": 1000.0, "overshoot_cost": 138.25298821649406, "power_cost": 40.198080798339845, "noise_cost": 47.93002206402272, "n_waypoints_completed": 0, "tot_waypoints": 9}}
{"target": -2207.6857680255744, "params": {"k_pid_pos": [1.7936867475509644, 0.0, 0.035407572984695435], "k_pid_alt": [2.0, 0.0, 1.0], "k_pid_att": [96.05850219726562, 9.999999747378752e-05, 1.0], "k_pid_yaw": [0.5, 1e-06, 0.1], "k_pid_hsp": [0.03363770991563797, 0.0, 0.9265709519386292], "k_pid_vsp": [10.647212982177734, 375.5137023925781, 374.709716796875]}, "datetime": {"datetime": "2025-08-13 20:41:37", "elapsed": 39225.29248905182, "delta": 29.88212513923645}, "costs": {"total_cost": 2207.6857680255744, "time_cost": 150, "final_distance_cost": 19.902633772521405, "oscillation_cost": 789.5053001896995, "completition_cost": 1000.0, "overshoot_cost": 134.85049478279467, "power_cost": 43.53425225830078, "noise_cost": 69.89308702225792, "n_waypoints_completed": 0, "tot_waypoints": 9}}
{"target": -1904.629153673486, "params": {"k_pid_pos": [1.9774404764175415, 0.0, 0.07108327746391296], "k_pid_alt": [1.890979528427124, 0.0, 1.0], "k_pid_att": [98.49771118164062, 9.999999747378752e-05, 0.9703714847564697], "k_pid_yaw": [0.5, 1e-06, 0.1], "k_pid_hsp": [0.24398933351039886, 0.0, 0.9015483856201172], "k_pid_vsp": [0.0, 400.0, 374.1202697753906]}, "datetime": {"datetime": "2025-08-13 20:42:06", "elapsed": 39254.20730113983, "delta": 28.914812088012695}, "costs": {"total_cost": 1904.629153673486, "time_cost": 150, "final_distance_cost": 71.55972784198589, "oscillation_cost": 623.5446651874535, "completition_cost": 777.7777777777778, "overshoot_cost": 183.72969142544736, "power_cost": 41.22333754882813, "noise_cost": 56.793953891993496, "n_waypoints_completed": 2, "tot_waypoints": 9}}
{"target": -6450.533875898219, "params": {"k_pid_pos": [2.0, 0.022831887006759644, 0.0], "k_pid_alt": [1.9848177433013916, 0.0, 0.9879297018051147], "k_pid_att": [100.0, 0.5483890175819397, 0.9232009649276733], "k_pid_yaw": [0.5, 1e-06, 0.1], "k_pid_hsp": [9.999999747378752e-05, 0.007661491632461548, 0.9564796686172485], "k_pid_vsp": [0.0, 385.3632507324219, 400.0]}, "datetime": {"datetime": "2025-08-13 20:42:34", "elapsed": 39282.72208929062, "delta": 28.514788150787354}, "costs": {"total_cost": 6450.533875898219, "time_cost": 150, "final_distance_cost": 1525.514160231589, "oscillation_cost": 769.9429438653648, "completition_cost": 1000.0, "overshoot_cost": 2940.4272544849764, "power_cost": 36.07296940917969, "noise_cost": 28.57654790710879, "n_waypoints_completed": 0, "tot_waypoints": 9}}
{"target": -2441.231121532415, "params": {"k_pid_pos": [1.9269853830337524, 0.006353914737701416, 0.10160017013549805], "k_pid_alt": [1.9316143989562988, 0.0, 1.0], "k_pid_att": [98.63508605957031, 9.999999747378752e-05, 1.0], "k_pid_yaw": [0.5, 1e-06, 0.1], "k_pid_hsp": [0.060867223888635635, 0.0, 0.9365630745887756], "k_pid_vsp": [5.824697017669678, 377.60015869140625, 394.6796875]}, "datetime": {"datetime": "2025-08-13 20:43:04", "elapsed": 39312.139097452164, "delta": 29.4170081615448}, "costs": {"total_cost": 2441.231121532415, "time_cost": 150, "final_distance_cost": 122.89351014035175, "oscillation_cost": 807.0110146758176, "completition_cost": 1000.0, "overshoot_cost": 298.6098579457145, "power_cost": 34.68826945800782, "noise_cost": 28.028469312523413, "n_waypoints_completed": 0, "tot_waypoints": 9}}
{"target": -2112.3938673518414, "params": {"k_pid_pos": [2.0, 0.016683518886566162, 0.0], "k_pid_alt": [1.9904484748840332, 0.0, 0.9672585129737854], "k_pid_att": [100.0, 0.36554044485092163, 0.8969908952713013], "k_pid_yaw": [0.5, 1e-06, 0.1], "k_pid_hsp": [9.999999747378752e-05, 0.0, 0.9454851150512695], "k_pid_vsp": [10.74582290649414, 400.0, 396.80975341796875]}, "datetime": {"datetime": "2025-08-13 20:43:33", "elapsed": 39341.897439956665, "delta": 29.758342504501343}, "costs": {"total_cost": 2112.3938673518414, "time_cost": 150, "final_distance_cost": 101.74895124560537, "oscillation_cost": 694.8450221724175, "completition_cost": 1000.0, "overshoot_cost": 101.0155430034588, "power_cost": 36.61199831542969, "noise_cost": 28.1723526149297, "n_waypoints_completed": 0, "tot_waypoints": 9}}
{"target": -2235.7336672967776, "params": {"k_pid_pos": [1.9164751768112183, 0.0, 0.0], "k_pid_alt": [1.9218889474868774, 0.0, 0.9631514549255371], "k_pid_att": [100.0, 9.999999747378752e-05, 0.8938584327697754], "k_pid_yaw": [0.5, 1e-06, 0.1], "k_pid_hsp": [0.23017430305480957, 0.018493741750717163, 1.0], "k_pid_vsp": [6.178617477416992, 369.4976806640625, 397.47113037109375]}, "datetime": {"datetime": "2025-08-13 20:44:04", "elapsed": 39372.86761569977, "delta": 30.970175743103027}, "costs": {"total_cost": 2235.7336672967776, "time_cost": 150, "final_distance_cost": 23.535136214752644, "oscillation_cost": 736.9380931379357, "completition_cost": 1000.0, "overshoot_cost": 218.48556069957218, "power_cost": 38.91349000244141, "noise_cost": 67.86138724207542, "n_waypoints_completed": 0, "tot_waypoints": 9}}
{"target": -2218.436033072782, "params": {"k_pid_pos": [1.9097504615783691, 0.008195698261260986, 0.02393743395805359], "k_pid_alt": [2.0, 0.0, 1.0], "k_pid_att": [100.0, 0.5538180470466614, 1.0], "k_pid_yaw": [0.5, 1e-06, 0.1], "k_pid_hsp": [0.3554643988609314, 0.05668073892593384, 0.9545104503631592], "k_pid_vsp": [12.823987007141113, 400.0, 364.8319091796875]}, "datetime": {"datetime": "2025-08-13 20:44:34", "elapsed": 39402.17876410484, "delta": 29.311148405075073}, "costs": {"total_cost": 2218.436033072782, "time_cost": 150, "final_distance_cost": 6.899279334997928, "oscillation_cost": 754.9448918552291, "completition_cost": 1000.0, "overshoot_cost": 157.07196743500458, "power_cost": 45.969618530273436, "noise_cost": 103.55027591727686, "n_waypoints_completed": 0, "tot_waypoints": 9}}
{"target": -2998.061940951753, "params": {"k_pid_pos": [2.0, 0.03736284375190735, 0.0], "k_pid_alt": [2.0, 0.0, 0.8429502248764038], "k_pid_att": [95.914306640625, 1.0797895193099976, 0.9627333879470825], "k_pid_yaw": [0.5, 1e-06, 0.1], "k_pid_hsp": [9.999999747378752e-05, 0.038849830627441406, 0.9976164102554321], "k_pid_vsp": [0.0, 400.0, 382.6259765625]}, "datetime": {"datetime": "2025-08-13 20:45:03", "elapsed": 39431.74487090111, "delta": 29.56610679626465}, "costs": {"total_cost": 2998.061940951753, "time_cost": 150, "final_distance_cost": 374.2092823113383, "oscillation_cost": 813.7710679282803, "completition_cost": 1000.0, "overshoot_cost": 600.1707899519274, "power_cost": 32.85913720703125, "noise_cost": 27.05166355317586, "n_waypoints_completed": 0, "tot_waypoints": 9}}
{"target": -3430.4897483164773, "params": {"k_pid_pos": [2.0, 0.0, 0.0], "k_pid_alt": [1.9172468185424805, 0.018717080354690552, 1.0], "k_pid_att": [96.40608978271484, 0.33502197265625, 0.9857810735702515], "k_pid_yaw": [0.5, 1e-06, 0.1], "k_pid_hsp": [9.999999747378752e-05, 0.0, 1.0], "k_pid_vsp": [0.0, 400.0, 398.4834289550781]}, "datetime": {"datetime": "2025-08-13 20:45:33", "elapsed": 39461.40587234497, "delta": 29.661001443862915}, "costs": {"total_cost": 3430.4897483164773, "time_cost": 150, "final_distance_cost": 534.178034705848, "oscillation_cost": 759.7982176125462, "completition_cost": 1000.0, "overshoot_cost": 924.2170111207175, "power_cost": 34.5478256225586, "noise_cost": 27.748659254806928, "n_waypoints_completed": 0, "tot_waypoints": 9}}
{"target": -2054.4037203081775, "params": {"k_pid_pos": [1.9439506530761719, 0.03923565149307251, 0.0], "k_pid_alt": [2.0, 0.0, 0.988481342792511], "k_pid_att": [100.0, 0.44201216101646423, 1.0], "k_pid_yaw": [0.5, 1e-06, 0.1], "k_pid_hsp": [0.9648690223693848, 0.0, 0.9584649801254272], "k_pid_vsp": [28.015195846557617, 400.0, 388.7439270019531]}, "datetime": {"datetime": "2025-08-13 20:46:02", "elapsed": 39490.23688650131, "delta": 28.831014156341553}, "costs": {"total_cost": 2054.4037203081775, "time_cost": 150, "final_distance_cost": 2.0963135827766437, "oscillation_cost": 685.6089137303915, "completition_cost": 1000.0, "overshoot_cost": 125.83828658835102, "power_cost": 37.220504919433594, "noise_cost": 53.639701487225075, "n_waypoints_completed": 0, "tot_waypoints": 9}}
{"target": -2171.543102249466, "params": {"k_pid_pos": [1.9625544548034668, 0.04944831132888794, 0.023920416831970215], "k_pid_alt": [2.0, 0.03802117705345154, 0.9556872844696045], "k_pid_att": [100.0, 1.1328636407852173, 0.9817049503326416], "k_pid_yaw": [0.5, 1e-06, 0.1], "k_pid_hsp": [9.999999747378752e-05, 0.04932963848114014, 0.9736548662185669], "k_pid_vsp": [30.71834945678711, 400.0, 385.0238952636719]}, "datetime": {"datetime": "2025-08-13 20:46:31", "elapsed": 39519.5089070797, "delta": 29.2720205783844}, "costs": {"total_cost": 2171.543102249466, "time_cost": 150, "final_distance_cost": 12.1438030139858, "oscillation_cost": 736.9137310853077, "completition_cost": 1000.0, "overshoot_cost": 196.48579856719127, "power_cost": 43.21339783935547, "noise_cost": 32.786371743625864, "n_waypoints_completed": 0, "tot_waypoints": 9}}
{"target": -2214.0138791450163, "params": {"k_pid_pos": [2.0, 0.0, 0.0], "k_pid_alt": [2.0, 0.08367624878883362, 1.0], "k_pid_att": [100.0, 0.3621021807193756, 1.0], "k_pid_yaw": [0.5, 1e-06, 0.1], "k_pid_hsp": [0.053723081946372986, 0.0, 1.0], "k_pid_vsp": [0.0, 386.8953552246094, 400.0]}, "datetime": {"datetime": "2025-08-13 20:47:02", "elapsed": 39550.40471410751, "delta": 30.895807027816772}, "costs": {"total_cost": 2214.0138791450163, "time_cost": 150, "final_distance_cost": 27.89806789988418, "oscillation_cost": 741.2213160758981, "completition_cost": 1000.0, "overshoot_cost": 184.32776677828525, "power_cost": 39.893448376464846, "noise_cost": 70.6732800144841, "n_waypoints_completed": 0, "tot_waypoints": 9}}
{"target": -2585.2660222966183, "params": {"k_pid_pos": [2.0, 0.0, 0.03614401817321777], "k_pid_alt": [1.949592113494873, 0.021199285984039307, 1.0], "k_pid_att": [100.0, 0.2069665789604187, 0.973541259765625], "k_pid_yaw": [0.5, 1e-06, 0.1], "k_pid_hsp": [9.999999747378752e-05, 0.0077987611293792725, 0.9235545992851257], "k_pid_vsp": [1.4394164085388184, 400.0, 400.0]}, "datetime": {"datetime": "2025-08-13 20:47:32", "elapsed": 39580.775336027145, "delta": 30.370621919631958}, "costs": {"total_cost": 2585.2660222966183, "time_cost": 150, "final_distance_cost": 327.4783508721928, "oscillation_cost": 811.6213479953379, "completition_cost": 1000.0, "overshoot_cost": 230.47507961671448, "power_cost": 37.36827183837891, "noise_cost": 28.32297197399423, "n_waypoints_completed": 0, "tot_waypoints": 9}}
{"target": -3879.506093144114, "params": {"k_pid_pos": [2.0, 0.00932544469833374, 0.0], "k_pid_alt": [2.0, 0.0, 0.9791735410690308], "k_pid_att": [98.0913314819336, 1.0856339931488037, 1.0], "k_pid_yaw": [0.5, 1e-06, 0.1], "k_pid_hsp": [0.30813607573509216, 0.0, 1.0], "k_pid_vsp": [0.0, 395.7049865722656, 398.82342529296875]}, "datetime": {"datetime": "2025-08-13 20:48:12", "elapsed": 39620.649986982346, "delta": 39.874650955200195}, "costs": {"total_cost": 3879.506093144114, "time_cost": 150, "final_distance_cost": 751.6856468517715, "oscillation_cost": 621.9904052945993, "completition_cost": 1000.0, "overshoot_cost": 1290.9196797537206, "power_cost": 36.0784549194336, "noise_cost": 28.83190632458881, "n_waypoints_completed": 0, "tot_waypoints": 9}}
{"target": -10011.306659041233, "params": {"k_pid_pos": [2.0, 0.0, 0.0], "k_pid_alt": [1.9195613861083984, 0.016816645860671997, 0.9999052882194519], "k_pid_att": [100.0, 9.999999747378752e-05, 0.9237508773803711], "k_pid_yaw": [0.5, 1e-06, 0.1], "k_pid_hsp": [0.12098059058189392, 0.0, 1.0], "k_pid_vsp": [0.0, 381.107666015625, 397.43353271484375]}, "datetime": {"datetime": "2025-08-13 20:48:41", "elapsed": 39649.84625530243, "delta": 29.196268320083618}, "costs": {"total_cost": 10011.306659041233, "time_cost": 150, "final_distance_cost": 2882.874086917139, "oscillation_cost": 774.0312945429197, "completition_cost": 1000.0, "overshoot_cost": 5144.569140165092, "power_cost": 32.585123168945316, "noise_cost": 27.24701424713795, "n_waypoints_completed": 0, "tot_waypoints": 9}}
{"target": -2344.444160481604, "params": {"k_pid_pos": [1.9948902130126953, 0.0, 0.0], "k_pid_alt": [2.0, 0.01937204599380493, 0.9886939525604248], "k_pid_att": [100.0, 9.999999747378752e-05, 0.9373677968978882], "k_pid_yaw": [0.5, 1e-06, 0.1], "k_pid_hsp": [9.999999747378752e-05, 0.09747648239135742, 1.0], "k_pid_vsp": [3.09755802154541, 384.8307189941406, 395.87054443359375]}, "datetime": {"datetime": "2025-08-13 20:49:11", "elapsed": 39679.1165664196, "delta": 29.27031111717224}, "costs": {"total_cost": 2344.444160481604, "time_cost": 150, "final_distance_cost": 113.09554296693527, "oscillation_cost": 823.1980979239247, "completition_cost": 1000.0, "overshoot_cost": 195.75167875924123, "power_cost": 34.75722178955078, "noise_cost": 27.64161904195198, "n_waypoints_completed": 0, "tot_waypoints": 9}}
{"target": -3848.194909811951, "params": {"k_pid_pos": [1.8053089380264282, 0.0, 0.0], "k_pid_alt": [2.0, 0.0, 0.9835626482963562], "k_pid_att": [97.3809814453125, 9.999999747378752e-05, 1.0], "k_pid_yaw": [0.5, 1e-06, 0.1], "k_pid_hsp": [0.3758677542209625, 0.055225759744644165, 0.9402334094047546], "k_pid_vsp": [0.0, 356.5858459472656, 400.0]}, "datetime": {"datetime": "2025-08-13 20:49:40", "elapsed": 39708.23852729797, "delta": 29.121960878372192}, "costs": {"total_cost": 3848.194909811951, "time_cost": 150, "final_distance_cost": 452.1499140057792, "oscillation_cost": 783.1088694577358, "completition_cost": 1000.0, "overshoot_cost": 1400.9661553671713, "power_cost": 34.08875225830078, "noise_cost": 27.88121872296431, "n_waypoints_completed": 0, "tot_waypoints": 9}}
{"target": -2364.038918142327, "params": {"k_pid_pos": [2.0, 0.11836174130439758, 0.09563559293746948], "k_pid_alt": [2.0, 0.0, 1.0], "k_pid_att": [95.59861755371094, 9.999999747378752e-05, 0.9386886358261108], "k_pid_yaw": [0.5, 1e-06, 0.1], "k_pid_hsp": [9.999999747378752e-05, 0.0, 0.9848155975341797], "k_pid_vsp": [8.852028846740723, 400.0, 400.0]}, "datetime": {"datetime": "2025-08-13 20:50:09", "elapsed": 39737.901841163635, "delta": 29.66331386566162}, "costs": {"total_cost": 2364.038918142327, "time_cost": 150, "final_distance_cost": 52.24747679378393, "oscillation_cost": 747.6922879897477, "completition_cost": 1000.0, "overshoot_cost": 342.24058957462915, "power_cost": 37.667126464843754, "noise_cost": 34.1914373193222, "n_waypoints_completed": 0, "tot_waypoints": 9}}
{"target": -7800.6393312868595, "params": {"k_pid_pos": [2.0, 0.010891526937484741, 0.0], "k_pid_alt": [2.0, 0.09621310234069824, 0.9578585624694824], "k_pid_att": [94.57295227050781, 9.999999747378752e-05, 1.0], "k_pid_yaw": [0.5, 1e-06, 0.1], "k_pid_hsp": [9.999999747378752e-05, 0.0, 1.0], "k_pid_vsp": [4.689955711364746, 400.0, 400.0]}, "datetime": {"datetime": "2025-08-13 20:50:39", "elapsed": 39767.51136088371, "delta": 29.609519720077515}, "costs": {"total_cost": 7800.6393312868595, "time_cost": 150, "final_distance_cost": 1938.6409944585112, "oscillation_cost": 655.3143648980717, "completition_cost": 1000.0, "overshoot_cost": 3994.1750271625265, "power_cost": 34.60453336181641, "noise_cost": 27.90441140593328, "n_waypoints_completed": 0, "tot_waypoints": 9}}
{"target": -2127.069151262843, "params": {"k_pid_pos": [2.0, 0.016517847776412964, 0.0], "k_pid_alt": [2.0, 0.0, 0.9825311899185181], "k_pid_att": [98.31829071044922, 0.4630186855792999, 0.8869428634643555], "k_pid_yaw": [0.5, 1e-06, 0.1], "k_pid_hsp": [9.999999747378752e-05, 0.017059653997421265, 0.9744855761528015], "k_pid_vsp": [7.901191711425781, 400.0, 400.0]}, "datetime": {"datetime": "2025-08-13 20:51:08", "elapsed": 39797.03593182564, "delta": 29.52457094192505}, "costs": {"total_cost": 2127.069151262843, "time_cost": 150, "final_distance_cost": 61.20332107519358, "oscillation_cost": 743.5792096374753, "completition_cost": 1000.0, "overshoot_cost": 103.64821963131926, "power_cost": 39.55935932617188, "noise_cost": 29.07904159268306, "n_waypoints_completed": 0, "tot_waypoints": 9}}
