{"target": -2118.5516422492506, "params": {"k_pid_pos": [1.7484968900680542, 0.0, 0.03043466806411743], "k_pid_alt": [1.9876673221588135, 0.0, 1.0], "k_pid_att": [98.35838317871094, 0.23285530507564545, 1.0], "k_pid_yaw": [0.5, 1e-06, 0.1], "k_pid_hsp": [9.999999747378752e-05, 0.0, 0.9411507248878479], "k_pid_vsp": [0.0, 398.922607421875, 400.0]}, "datetime": {"datetime": "2025-08-13 19:32:18", "elapsed": 35066.29048085213, "delta": 28.533519983291626}, "costs": {"total_cost": 2118.5516422492506, "time_cost": 150, "final_distance_cost": 45.31379552395448, "oscillation_cost": 777.6383183725778, "completition_cost": 1000.0, "overshoot_cost": 77.23751206665507, "power_cost": 39.271378540039066, "noise_cost": 29.090637746023724, "n_waypoints_completed": 0, "tot_waypoints": 9}}
{"target": -1943.4839532580854, "params": {"k_pid_pos": [2.0, 0.0, 0.055491864681243896], "k_pid_alt": [2.0, 0.017445623874664307, 1.0], "k_pid_att": [96.75302124023438, 0.1708548665046692, 0.9973803758621216], "k_pid_yaw": [0.5, 1e-06, 0.1], "k_pid_hsp": [9.999999747378752e-05, 0.07281434535980225, 1.0], "k_pid_vsp": [0.0, 386.6305236816406, 393.79864501953125]}, "datetime": {"datetime": "2025-08-13 19:32:46", "elapsed": 35094.57327580452, "delta": 28.282794952392578}, "costs": {"total_cost": 1943.4839532580854, "time_cost": 150, "final_distance_cost": 53.20106851626262, "oscillation_cost": 727.4968403654536, "completition_cost": 777.7777777777778, "overshoot_cost": 143.1565709612502, "power_cost": 38.901512512207034, "noise_cost": 52.950183125133954, "n_waypoints_completed": 2, "tot_waypoints": 9}}
{"target": -2174.652932993509, "params": {"k_pid_pos": [2.0, 0.026026934385299683, 0.038472771644592285], "k_pid_alt": [1.953559160232544, 0.0, 1.0], "k_pid_att": [100.0, 9.999999747378752e-05, 1.0], "k_pid_yaw": [0.5, 1e-06, 0.1], "k_pid_hsp": [0.2639527916908264, 0.0, 1.0], "k_pid_vsp": [11.243856430053711, 399.89727783203125, 400.0]}, "datetime": {"datetime": "2025-08-13 19:33:15", "elapsed": 35123.73307800293, "delta": 29.159802198410034}, "costs": {"total_cost": 2174.652932993509, "time_cost": 150, "final_distance_cost": 3.99175869831797, "oscillation_cost": 754.0931314402433, "completition_cost": 1000.0, "overshoot_cost": 158.51589927969198, "power_cost": 40.32230313720704, "noise_cost": 67.72984043804841, "n_waypoints_completed": 0, "tot_waypoints": 9}}
{"target": -2103.8789659232652, "params": {"k_pid_pos": [2.0, 0.053018420934677124, 0.02832898497581482], "k_pid_alt": [1.9555416107177734, 0.0006978809833526611, 1.0], "k_pid_att": [91.58033752441406, 0.1970261186361313, 1.0], "k_pid_yaw": [0.5, 1e-06, 0.1], "k_pid_hsp": [0.052260398864746094, 0.0, 1.0], "k_pid_vsp": [7.904863357543945, 400.0, 395.3837890625]}, "datetime": {"datetime": "2025-08-13 19:33:45", "elapsed": 35153.513538360596, "delta": 29.780460357666016}, "costs": {"total_cost": 2103.8789659232652, "time_cost": 150, "final_distance_cost": 48.16707392419786, "oscillation_cost": 726.9565940465028, "completition_cost": 1000.0, "overshoot_cost": 88.4779415869833, "power_cost": 38.30531320800782, "noise_cost": 51.972043157573225, "n_waypoints_completed": 0, "tot_waypoints": 9}}
{"target": -1886.662187753087, "params": {"k_pid_pos": [1.890378713607788, 0.0, 0.0], "k_pid_alt": [2.0, 0.04149913787841797, 1.0], "k_pid_att": [100.0, 0.11494657397270203, 1.0], "k_pid_yaw": [0.5, 1e-06, 0.1], "k_pid_hsp": [0.2616032063961029, 0.04770851135253906, 1.0], "k_pid_vsp": [0.7937788963317871, 400.0, 398.8722839355469]}, "datetime": {"datetime": "2025-08-13 19:34:14", "elapsed": 35182.51876997948, "delta": 29.005231618881226}, "costs": {"total_cost": 1886.662187753087, "time_cost": 150, "final_distance_cost": 89.92755978585821, "oscillation_cost": 706.4255488109715, "completition_cost": 777.7777777777778, "overshoot_cost": 94.38501427578909, "power_cost": 39.09678562011719, "noise_cost": 29.04950148257336, "n_waypoints_completed": 2, "tot_waypoints": 9}}
{"target": -3345.3052810146733, "params": {"k_pid_pos": [1.952662467956543, 0.0, 0.0], "k_pid_alt": [2.0, 0.03657442331314087, 0.9732586145401001], "k_pid_att": [99.85259246826172, 0.20330151915550232, 1.0], "k_pid_yaw": [0.5, 1e-06, 0.1], "k_pid_hsp": [9.999999747378752e-05, 0.0, 0.9641679525375366], "k_pid_vsp": [0.0, 400.0, 400.0]}, "datetime": {"datetime": "2025-08-13 19:34:43", "elapsed": 35211.64458465576, "delta": 29.12581467628479}, "costs": {"total_cost": 3345.3052810146733, "time_cost": 150, "final_distance_cost": 690.7932608562363, "oscillation_cost": 799.1345358067177, "completition_cost": 1000.0, "overshoot_cost": 639.8688928798534, "power_cost": 36.792723059082036, "noise_cost": 28.71586841278362, "n_waypoints_completed": 0, "tot_waypoints": 9}}
{"target": -2708.2174858533904, "params": {"k_pid_pos": [2.0, 0.0, 0.0], "k_pid_alt": [2.0, 0.0, 0.9907058477401733], "k_pid_att": [98.97032165527344, 9.999999747378752e-05, 1.0], "k_pid_yaw": [0.5, 1e-06, 0.1], "k_pid_hsp": [9.999999747378752e-05, 0.06815758347511292, 1.0], "k_pid_vsp": [38.4603385925293, 359.895751953125, 400.0]}, "datetime": {"datetime": "2025-08-13 19:35:12", "elapsed": 35240.68773031235, "delta": 29.043145656585693}, "costs": {"total_cost": 2708.2174858533904, "time_cost": 150, "final_distance_cost": 294.60283191593226, "oscillation_cost": 742.7578914823057, "completition_cost": 1000.0, "overshoot_cost": 459.77559650630167, "power_cost": 33.56519705810547, "noise_cost": 27.5159688907457, "n_waypoints_completed": 0, "tot_waypoints": 9}}
{"target": -4506.538650006416, "params": {"k_pid_pos": [1.9234509468078613, 0.030207067728042603, 0.0], "k_pid_alt": [1.9249866008758545, 0.0, 1.0], "k_pid_att": [100.0, 9.999999747378752e-05, 0.9996563196182251], "k_pid_yaw": [0.5, 1e-06, 0.1], "k_pid_hsp": [9.999999747378752e-05, 0.0, 1.0], "k_pid_vsp": [0.0, 389.7320861816406, 374.0878601074219]}, "datetime": {"datetime": "2025-08-13 19:35:41", "elapsed": 35269.480904340744, "delta": 28.793174028396606}, "costs": {"total_cost": 4506.538650006416, "time_cost": 150, "final_distance_cost": 1071.7863368662097, "oscillation_cost": 759.7377756700497, "completition_cost": 1000.0, "overshoot_cost": 1464.951574375725, "power_cost": 32.747941027832034, "noise_cost": 27.31502206659964, "n_waypoints_completed": 0, "tot_waypoints": 9}}
{"target": -2178.6716844319803, "params": {"k_pid_pos": [1.927742600440979, 0.04824748635292053, 0.0], "k_pid_alt": [1.8762967586517334, 0.0, 0.9165881872177124], "k_pid_att": [96.1903076171875, 9.999999747378752e-05, 0.9560865163803101], "k_pid_yaw": [0.5, 1e-06, 0.1], "k_pid_hsp": [9.999999747378752e-05, 0.12248572707176208, 1.0], "k_pid_vsp": [0.0, 387.88885498046875, 396.29052734375]}, "datetime": {"datetime": "2025-08-13 19:36:10", "elapsed": 35298.6354701519, "delta": 29.154565811157227}, "costs": {"total_cost": 2178.6716844319803, "time_cost": 150, "final_distance_cost": 49.40297318030207, "oscillation_cost": 808.4871936658453, "completition_cost": 1000.0, "overshoot_cost": 104.1093065513846, "power_cost": 37.614729406738284, "noise_cost": 29.057481627710352, "n_waypoints_completed": 0, "tot_waypoints": 9}}
{"target": -2109.929211558837, "params": {"k_pid_pos": [2.0, 0.022788703441619873, 0.0], "k_pid_alt": [2.0, 0.09194302558898926, 0.9842121601104736], "k_pid_att": [100.0, 9.999999747378752e-05, 0.9662341475486755], "k_pid_yaw": [0.5, 1e-06, 0.1], "k_pid_hsp": [9.999999747378752e-05, 0.0, 0.9445410966873169], "k_pid_vsp": [9.685158729553223, 395.84771728515625, 400.0]}, "datetime": {"datetime": "2025-08-13 19:36:40", "elapsed": 35328.09274363518, "delta": 29.457273483276367}, "costs": {"total_cost": 2109.929211558837, "time_cost": 150, "final_distance_cost": 25.80209008199251, "oscillation_cost": 736.6397971449948, "completition_cost": 1000.0, "overshoot_cost": 88.71687600070773, "power_cost": 47.98486252441406, "noise_cost": 60.78558580672793, "n_waypoints_completed": 0, "tot_waypoints": 9}}
{"target": -3793.1051230424728, "params": {"k_pid_pos": [2.0, 0.0, 0.009237617254257202], "k_pid_alt": [2.0, 0.03171759843826294, 0.9904420375823975], "k_pid_att": [96.73423767089844, 9.999999747378752e-05, 1.0], "k_pid_yaw": [0.5, 1e-06, 0.1], "k_pid_hsp": [9.999999747378752e-05, 0.0, 0.9793630838394165], "k_pid_vsp": [2.933990955352783, 400.0, 374.3948974609375]}, "datetime": {"datetime": "2025-08-13 19:37:08", "elapsed": 35356.62450027466, "delta": 28.53175663948059}, "costs": {"total_cost": 3793.1051230424728, "time_cost": 150, "final_distance_cost": 898.2715403700142, "oscillation_cost": 823.8570407031098, "completition_cost": 1000.0, "overshoot_cost": 858.1517809062689, "power_cost": 35.086048730468754, "noise_cost": 27.738712332610746, "n_waypoints_completed": 0, "tot_waypoints": 9}}
{"target": -5470.974636414695, "params": {"k_pid_pos": [1.8993563652038574, 0.05062878131866455, 0.033493995666503906], "k_pid_alt": [2.0, 0.07528063654899597, 1.0], "k_pid_att": [96.39580535888672, 9.999999747378752e-05, 1.0], "k_pid_yaw": [0.5, 1e-06, 0.1], "k_pid_hsp": [0.04337909817695618, 0.0030786097049713135, 0.9758813977241516], "k_pid_vsp": [0.753939151763916, 400.0, 400.0]}, "datetime": {"datetime": "2025-08-13 19:37:37", "elapsed": 35385.40106368065, "delta": 28.7765634059906}, "costs": {"total_cost": 5470.974636414695, "time_cost": 150, "final_distance_cost": 1595.0847677945644, "oscillation_cost": 777.4146325162341, "completition_cost": 1000.0, "overshoot_cost": 1884.5699745409509, "power_cost": 35.53356403808594, "noise_cost": 28.371697524858693, "n_waypoints_completed": 0, "tot_waypoints": 9}}
{"target": -2310.215847932608, "params": {"k_pid_pos": [2.0, 0.0, 0.0], "k_pid_alt": [2.0, 0.0, 1.0], "k_pid_att": [92.90288543701172, 9.999999747378752e-05, 0.936899721622467], "k_pid_yaw": [0.5, 1e-06, 0.1], "k_pid_hsp": [9.999999747378752e-05, 0.005436897277832031, 1.0], "k_pid_vsp": [0.0, 396.87158203125, 394.2715148925781]}, "datetime": {"datetime": "2025-08-13 19:38:05", "elapsed": 35413.74173617363, "delta": 28.340672492980957}, "costs": {"total_cost": 2310.215847932608, "time_cost": 150, "final_distance_cost": 82.79926047069208, "oscillation_cost": 802.5531366918582, "completition_cost": 1000.0, "overshoot_cost": 214.76834555040853, "power_cost": 33.04317331542969, "noise_cost": 27.051931904219593, "n_waypoints_completed": 0, "tot_waypoints": 9}}
{"target": -2621.232792561631, "params": {"k_pid_pos": [1.9564311504364014, 0.0, 0.010267823934555054], "k_pid_alt": [2.0, 0.004806578159332275, 0.9256033897399902], "k_pid_att": [87.24639892578125, 9.999999747378752e-05, 1.0], "k_pid_yaw": [0.5, 1e-06, 0.1], "k_pid_hsp": [9.999999747378752e-05, 0.011820882558822632, 0.9693071842193604], "k_pid_vsp": [0.0, 397.4947509765625, 383.544921875]}, "datetime": {"datetime": "2025-08-13 19:38:35", "elapsed": 35443.41637468338, "delta": 29.674638509750366}, "costs": {"total_cost": 2621.232792561631, "time_cost": 150, "final_distance_cost": 327.40991529632043, "oscillation_cost": 715.364004402549, "completition_cost": 1000.0, "overshoot_cost": 365.311182304618, "power_cost": 34.94032801513672, "noise_cost": 28.20736254300681, "n_waypoints_completed": 0, "tot_waypoints": 9}}
{"target": -3741.356428478259, "params": {"k_pid_pos": [1.9041829109191895, 0.047335803508758545, 0.0], "k_pid_alt": [2.0, 0.008086830377578735, 1.0], "k_pid_att": [98.15589904785156, 0.004736300557851791, 0.9339991807937622], "k_pid_yaw": [0.5, 1e-06, 0.1], "k_pid_hsp": [0.13897892832756042, 0.03149816393852234, 0.985904335975647], "k_pid_vsp": [0.0, 382.86639404296875, 400.0]}, "datetime": {"datetime": "2025-08-13 19:39:07", "elapsed": 35475.77994132042, "delta": 32.363566637039185}, "costs": {"total_cost": 3741.356428478259, "time_cost": 150, "final_distance_cost": 439.12465961201156, "oscillation_cost": 843.8536556900904, "completition_cost": 1000.0, "overshoot_cost": 1246.551916917757, "power_cost": 34.23058220214844, "noise_cost": 27.59561405625199, "n_waypoints_completed": 0, "tot_waypoints": 9}}
{"target": -2204.0726477005633, "params": {"k_pid_pos": [1.9012728929519653, 0.038023024797439575, 0.03310856223106384], "k_pid_alt": [2.0, 0.0, 0.9920287132263184], "k_pid_att": [96.77122497558594, 9.999999747378752e-05, 0.9968351125717163], "k_pid_yaw": [0.5, 1e-06, 0.1], "k_pid_hsp": [0.6637037992477417, 0.01903855800628662, 1.0], "k_pid_vsp": [0.0, 383.9684143066406, 400.0]}, "datetime": {"datetime": "2025-08-13 19:39:39", "elapsed": 35507.81659221649, "delta": 32.03665089607239}, "costs": {"total_cost": 2204.0726477005633, "time_cost": 150, "final_distance_cost": 88.12372350046444, "oscillation_cost": 757.8117979536444, "completition_cost": 1000.0, "overshoot_cost": 111.07153421493766, "power_cost": 38.01686284179688, "noise_cost": 59.04872918971963, "n_waypoints_completed": 0, "tot_waypoints": 9}}
{"target": -2599.1456110718213, "params": {"k_pid_pos": [2.0, 0.0028429031372070312, 0.052866339683532715], "k_pid_alt": [1.9965546131134033, 0.0, 0.9726067185401917], "k_pid_att": [97.95463562011719, 9.999999747378752e-05, 1.0], "k_pid_yaw": [0.5, 1e-06, 0.1], "k_pid_hsp": [9.999999747378752e-05, 0.048973798751831055, 1.0], "k_pid_vsp": [0.0, 369.8378601074219, 399.175537109375]}, "datetime": {"datetime": "2025-08-13 19:40:09", "elapsed": 35537.424481630325, "delta": 29.607889413833618}, "costs": {"total_cost": 2599.1456110718213, "time_cost": 150, "final_distance_cost": 306.1386964947107, "oscillation_cost": 847.6362253764822, "completition_cost": 1000.0, "overshoot_cost": 228.54889913244995, "power_cost": 37.93354262695313, "noise_cost": 28.88824744122537, "n_waypoints_completed": 0, "tot_waypoints": 9}}
{"target": -2593.358186101264, "params": {"k_pid_pos": [2.0, 0.034618645906448364, 0.0], "k_pid_alt": [2.0, 0.0, 1.0], "k_pid_att": [93.83191680908203, 1.1048959493637085, 0.990117073059082], "k_pid_yaw": [0.5, 1e-06, 0.1], "k_pid_hsp": [9.999999747378752e-05, 0.0, 1.0], "k_pid_vsp": [0.0, 400.0, 400.0]}, "datetime": {"datetime": "2025-08-13 19:40:39", "elapsed": 35567.159296512604, "delta": 29.734814882278442}, "costs": {"total_cost": 2593.358186101264, "time_cost": 150, "final_distance_cost": 303.6143153483971, "oscillation_cost": 761.2566969040008, "completition_cost": 1000.0, "overshoot_cost": 320.4842152225303, "power_cost": 31.29634737548828, "noise_cost": 26.706611250847487, "n_waypoints_completed": 0, "tot_waypoints": 9}}
{"target": -5272.6328176658235, "params": {"k_pid_pos": [2.0, 0.0, 0.03911063075065613], "k_pid_alt": [2.0, 0.0, 0.9478968977928162], "k_pid_att": [99.08273315429688, 9.999999747378752e-05, 1.0], "k_pid_yaw": [0.5, 1e-06, 0.1], "k_pid_hsp": [9.999999747378752e-05, 0.006139606237411499, 0.9728184342384338], "k_pid_vsp": [11.141645431518555, 400.0, 399.38250732421875]}, "datetime": {"datetime": "2025-08-13 19:41:08", "elapsed": 35596.633987903595, "delta": 29.47469139099121}, "costs": {"total_cost": 5272.6328176658235, "time_cost": 150, "final_distance_cost": 1172.0350299686509, "oscillation_cost": 748.3876329523068, "completition_cost": 888.8888888888888, "overshoot_cost": 2250.2593234476626, "power_cost": 35.02347491455078, "noise_cost": 28.03846749376327, "n_waypoints_completed": 1, "tot_waypoints": 9}}
{"target": -5422.999500362923, "params": {"k_pid_pos": [1.9888752698898315, 0.0, 0.017126023769378662], "k_pid_alt": [1.9181088209152222, 0.0, 0.9751348495483398], "k_pid_att": [100.0, 0.6163861751556396, 1.0], "k_pid_yaw": [0.5, 1e-06, 0.1], "k_pid_hsp": [9.999999747378752e-05, 0.05303084850311279, 0.9958209991455078], "k_pid_vsp": [0.0, 400.0, 400.0]}, "datetime": {"datetime": "2025-08-13 19:41:37", "elapsed": 35626.03188276291, "delta": 29.397894859313965}, "costs": {"total_cost": 5422.999500362923, "time_cost": 150, "final_distance_cost": 1028.6923767774592, "oscillation_cost": 851.2056060252634, "completition_cost": 1000.0, "overshoot_cost": 2329.777707952598, "power_cost": 35.16611384277344, "noise_cost": 28.15769576482834, "n_waypoints_completed": 0, "tot_waypoints": 9}}
{"target": -2064.3318602081945, "params": {"k_pid_pos": [2.0, 0.0, 0.06971681118011475], "k_pid_alt": [2.0, 0.009828448295593262, 0.8279008865356445], "k_pid_att": [96.81266784667969, 9.999999747378752e-05, 1.0], "k_pid_yaw": [0.5, 1e-06, 0.1], "k_pid_hsp": [0.24834489822387695, 0.0, 0.925683319568634], "k_pid_vsp": [4.686605930328369, 400.0, 389.39825439453125]}, "datetime": {"datetime": "2025-08-13 19:42:06", "elapsed": 35654.98464560509, "delta": 28.952762842178345}, "costs": {"total_cost": 2064.3318602081945, "time_cost": 150, "final_distance_cost": 83.88955971382833, "oscillation_cost": 785.8760378633572, "completition_cost": 888.8888888888888, "overshoot_cost": 81.31071098446634, "power_cost": 38.27035146484375, "noise_cost": 36.09631129280994, "n_waypoints_completed": 1, "tot_waypoints": 9}}
{"target": -7835.917747110498, "params": {"k_pid_pos": [2.0, 0.05545330047607422, 0.007791042327880859], "k_pid_alt": [2.0, 0.0, 0.9560848474502563], "k_pid_att": [98.01744079589844, 9.999999747378752e-05, 0.9519776105880737], "k_pid_yaw": [0.5, 1e-06, 0.1], "k_pid_hsp": [9.999999747378752e-05, 0.0, 0.9257341027259827], "k_pid_vsp": [1.7130851745605469, 400.0, 384.05267333984375]}, "datetime": {"datetime": "2025-08-13 19:42:35", "elapsed": 35683.76725792885, "delta": 28.782612323760986}, "costs": {"total_cost": 7835.917747110498, "time_cost": 150, "final_distance_cost": 2197.7471365087, "oscillation_cost": 774.8642321963166, "completition_cost": 1000.0, "overshoot_cost": 3650.8253109801954, "power_cost": 34.47722145996094, "noise_cost": 28.00384596532487, "n_waypoints_completed": 0, "tot_waypoints": 9}}
{"target": -2234.000646968847, "params": {"k_pid_pos": [1.902952790260315, 0.07456046342849731, 0.00445866584777832], "k_pid_alt": [2.0, 0.03676232695579529, 1.0], "k_pid_att": [100.0, 0.050344426184892654, 1.0], "k_pid_yaw": [0.5, 1e-06, 0.1], "k_pid_hsp": [9.999999747378752e-05, 0.0, 1.0], "k_pid_vsp": [0.0, 386.84759521484375, 389.69024658203125]}, "datetime": {"datetime": "2025-08-13 19:43:05", "elapsed": 35713.74632024765, "delta": 29.97906231880188}, "costs": {"total_cost": 2234.000646968847, "time_cost": 150, "final_distance_cost": 53.12728370433118, "oscillation_cost": 706.4941011189344, "completition_cost": 1000.0, "overshoot_cost": 179.88732409175122, "power_cost": 41.75316076660157, "noise_cost": 102.73877728722873, "n_waypoints_completed": 0, "tot_waypoints": 9}}
{"target": -4404.737015142024, "params": {"k_pid_pos": [2.0, 0.0, 0.014091968536376953], "k_pid_alt": [1.9715425968170166, 0.0, 1.0], "k_pid_att": [91.42168426513672, 9.999999747378752e-05, 1.0], "k_pid_yaw": [0.5, 1e-06, 0.1], "k_pid_hsp": [0.34438011050224304, 0.0, 1.0], "k_pid_vsp": [11.155414581298828, 386.1867980957031, 383.03460693359375]}, "datetime": {"datetime": "2025-08-13 19:43:34", "elapsed": 35742.11762928963, "delta": 28.37130904197693}, "costs": {"total_cost": 4404.737015142024, "time_cost": 150, "final_distance_cost": 1106.568102096662, "oscillation_cost": 682.4596539891694, "completition_cost": 1000.0, "overshoot_cost": 1403.3011634658153, "power_cost": 34.199162609863286, "noise_cost": 28.2089329805142, "n_waypoints_completed": 0, "tot_waypoints": 9}}
{"target": -2271.535628587332, "params": {"k_pid_pos": [1.835158348083496, 0.013677775859832764, 0.0], "k_pid_alt": [2.0, 0.0, 0.9845181703567505], "k_pid_att": [99.98701477050781, 0.0342903733253479, 1.0], "k_pid_yaw": [0.5, 1e-06, 0.1], "k_pid_hsp": [9.999999747378752e-05, 0.037199944257736206, 1.0], "k_pid_vsp": [0.0, 400.0, 395.4683837890625]}, "datetime": {"datetime": "2025-08-13 19:44:03", "elapsed": 35771.72045993805, "delta": 29.60283064842224}, "costs": {"total_cost": 2271.535628587332, "time_cost": 150, "final_distance_cost": 85.61958765304202, "oscillation_cost": 715.3213289478908, "completition_cost": 1000.0, "overshoot_cost": 242.76585020622443, "power_cost": 38.07233580322266, "noise_cost": 39.75652597695223, "n_waypoints_completed": 0, "tot_waypoints": 9}}
{"target": -4120.775264723896, "params": {"k_pid_pos": [2.0, 0.13044923543930054, 0.06005275249481201], "k_pid_alt": [2.0, 0.022265881299972534, 1.0], "k_pid_att": [100.0, 9.999999747378752e-05, 0.9450444579124451], "k_pid_yaw": [0.5, 1e-06, 0.1], "k_pid_hsp": [0.762920081615448, 0.0, 1.0], "k_pid_vsp": [26.88392448425293, 400.0, 400.0]}, "datetime": {"datetime": "2025-08-13 19:44:32", "elapsed": 35800.47793006897, "delta": 28.75747013092041}, "costs": {"total_cost": 4120.775264723896, "time_cost": 150, "final_distance_cost": 823.8408727171775, "oscillation_cost": 730.8400143220553, "completition_cost": 1000.0, "overshoot_cost": 1353.494966089434, "power_cost": 33.910181579589846, "noise_cost": 28.68923001563887, "n_waypoints_completed": 0, "tot_waypoints": 9}}
{"target": -1896.0102987395032, "params": {"k_pid_pos": [2.0, 0.0, 0.0], "k_pid_alt": [1.9527716636657715, 0.004902780055999756, 1.0], "k_pid_att": [100.0, 0.40664905309677124, 0.9723498821258545], "k_pid_yaw": [0.5, 1e-06, 0.1], "k_pid_hsp": [0.8406896591186523, 0.0, 0.9516679048538208], "k_pid_vsp": [5.790829658508301, 398.781005859375, 399.3191833496094]}, "datetime": {"datetime": "2025-08-13 19:45:00", "elapsed": 35828.770491838455, "delta": 28.292561769485474}, "costs": {"total_cost": 1896.0102987395032, "time_cost": 150, "final_distance_cost": 419.0409006965475, "oscillation_cost": 430.2803538868121, "completition_cost": 555.5555555555555, "overshoot_cost": 273.67133003668556, "power_cost": 37.43356232910156, "noise_cost": 30.02859623480106, "n_waypoints_completed": 4, "tot_waypoints": 9}}
