{"target": -11863.065179402385, "params": {"k_pid_pos": [2.0, 0.046483248472213745, 0.016550719738006592], "k_pid_alt": [1.9010343551635742, 0.0, 1.0], "k_pid_att": [100.0, 0.32049497961997986, 1.0], "k_pid_yaw": [0.5, 1e-06, 0.1], "k_pid_hsp": [9.999999747378752e-05, 0.02067708969116211, 0.9277894496917725], "k_pid_vsp": [0.0, 385.5904235839844, 382.4605712890625]}, "datetime": {"datetime": "2025-08-14 03:48:55", "elapsed": 64863.75418758392, "delta": 31.601512670516968}, "costs": {"total_cost": 11863.065179402385, "time_cost": 150, "final_distance_cost": 3261.817556389004, "oscillation_cost": 744.3260627148122, "completition_cost": 1000.0, "overshoot_cost": 6644.815448824615, "power_cost": 34.3273211303711, "noise_cost": 27.778790343582987, "n_waypoints_completed": 0, "tot_waypoints": 9}}
{"target": -2170.621229982904, "params": {"k_pid_pos": [1.88895845413208, 0.0766105055809021, 0.02119484543800354], "k_pid_alt": [2.0, 0.06555646657943726, 1.0], "k_pid_att": [98.21016693115234, 9.999999747378752e-05, 1.0], "k_pid_yaw": [0.5, 1e-06, 0.1], "k_pid_hsp": [9.999999747378752e-05, 0.0, 1.0], "k_pid_vsp": [0.0, 341.4651184082031, 392.5289306640625]}, "datetime": {"datetime": "2025-08-14 03:49:24", "elapsed": 64892.274255514145, "delta": 28.520067930221558}, "costs": {"total_cost": 2170.621229982904, "time_cost": 150, "final_distance_cost": 77.74882215203108, "oscillation_cost": 763.0901527984357, "completition_cost": 1000.0, "overshoot_cost": 115.71063846434768, "power_cost": 36.3498787475586, "noise_cost": 27.721737820530965, "n_waypoints_completed": 0, "tot_waypoints": 9}}
{"target": -5113.2856340703465, "params": {"k_pid_pos": [1.8813817501068115, 5.59687614440918e-05, 0.0], "k_pid_alt": [2.0, 0.0, 1.0], "k_pid_att": [96.24174499511719, 9.999999747378752e-05, 1.0], "k_pid_yaw": [0.5, 1e-06, 0.1], "k_pid_hsp": [0.02352081425487995, 0.0, 0.9231497645378113], "k_pid_vsp": [5.9267401695251465, 377.70208740234375, 400.0]}, "datetime": {"datetime": "2025-08-14 03:49:53", "elapsed": 64922.059532642365, "delta": 29.785277128219604}, "costs": {"total_cost": 5113.2856340703465, "time_cost": 150, "final_distance_cost": 1190.703026775788, "oscillation_cost": 781.6874732348815, "completition_cost": 888.8888888888888, "overshoot_cost": 2041.3020785242386, "power_cost": 33.36195732421875, "noise_cost": 27.34220932233099, "n_waypoints_completed": 1, "tot_waypoints": 9}}
{"target": -2436.3560843788105, "params": {"k_pid_pos": [1.9998208284378052, 0.04835501313209534, 0.0], "k_pid_alt": [1.9801162481307983, 0.026973485946655273, 0.918207049369812], "k_pid_att": [92.36547088623047, 0.04446418955922127, 1.0], "k_pid_yaw": [0.5, 1e-06, 0.1], "k_pid_hsp": [9.999999747378752e-05, 0.12711608409881592, 1.0], "k_pid_vsp": [11.770021438598633, 400.0, 400.0]}, "datetime": {"datetime": "2025-08-14 03:50:23", "elapsed": 64951.71360898018, "delta": 29.65407633781433}, "costs": {"total_cost": 2436.3560843788105, "time_cost": 150, "final_distance_cost": 161.37514914332203, "oscillation_cost": 735.0017653778046, "completition_cost": 1000.0, "overshoot_cost": 316.76599276894365, "power_cost": 36.189672668457035, "noise_cost": 37.023504420282926, "n_waypoints_completed": 0, "tot_waypoints": 9}}
{"target": -11925.848565764698, "params": {"k_pid_pos": [1.991111159324646, 0.06093096733093262, 0.0], "k_pid_alt": [1.8568148612976074, 0.08902978897094727, 0.9681776762008667], "k_pid_att": [90.55661010742188, 0.40254950523376465, 0.9695093631744385], "k_pid_yaw": [0.5, 1e-06, 0.1], "k_pid_hsp": [9.999999747378752e-05, 0.04598820209503174, 1.0], "k_pid_vsp": [0.0, 391.62591552734375, 354.9931335449219]}, "datetime": {"datetime": "2025-08-14 03:50:50", "elapsed": 64978.338520526886, "delta": 26.624911546707153}, "costs": {"total_cost": 11925.848565764698, "time_cost": 150, "final_distance_cost": 3414.7992345935263, "oscillation_cost": 746.0474826958531, "completition_cost": 888.8888888888888, "overshoot_cost": 6665.558343678346, "power_cost": 33.115086328125, "noise_cost": 27.439529579956144, "n_waypoints_completed": 1, "tot_waypoints": 9}}
{"target": -2258.215040588658, "params": {"k_pid_pos": [2.0, 0.03980568051338196, 0.0], "k_pid_alt": [2.0, 0.0, 0.9571167826652527], "k_pid_att": [96.42240905761719, 0.18883651494979858, 1.0], "k_pid_yaw": [0.5, 1e-06, 0.1], "k_pid_hsp": [9.999999747378752e-05, 0.0, 1.0], "k_pid_vsp": [18.37704086303711, 382.32720947265625, 400.0]}, "datetime": {"datetime": "2025-08-14 03:51:19", "elapsed": 65007.65135073662, "delta": 29.312830209732056}, "costs": {"total_cost": 2258.215040588658, "time_cost": 150, "final_distance_cost": 132.79001899250028, "oscillation_cost": 740.6460355187443, "completition_cost": 1000.0, "overshoot_cost": 169.12080810551456, "power_cost": 36.8667289428711, "noise_cost": 28.791449029027845, "n_waypoints_completed": 0, "tot_waypoints": 9}}
{"target": -6691.21678077731, "params": {"k_pid_pos": [1.9386426210403442, 0.0, 0.0], "k_pid_alt": [2.0, 0.0, 0.9725676774978638], "k_pid_att": [100.0, 1.088341474533081, 0.9408541917800903], "k_pid_yaw": [0.5, 1e-06, 0.1], "k_pid_hsp": [9.999999747378752e-05, 0.0, 0.926284670829773], "k_pid_vsp": [0.0, 400.0, 368.9706115722656]}, "datetime": {"datetime": "2025-08-14 03:51:49", "elapsed": 65037.52061223984, "delta": 29.869261503219604}, "costs": {"total_cost": 6691.21678077731, "time_cost": 150, "final_distance_cost": 1598.171979904026, "oscillation_cost": 796.3261450275783, "completition_cost": 1000.0, "overshoot_cost": 3086.0049853870505, "power_cost": 33.02980372314453, "noise_cost": 27.68386673551129, "n_waypoints_completed": 0, "tot_waypoints": 9}}
{"target": -2404.108227883952, "params": {"k_pid_pos": [2.0, 0.0, 0.007918596267700195], "k_pid_alt": [2.0, 0.0, 0.868527889251709], "k_pid_att": [98.40282440185547, 0.12566189467906952, 0.9754019975662231], "k_pid_yaw": [0.5, 1e-06, 0.1], "k_pid_hsp": [0.5792445540428162, 0.03413739800453186, 1.0], "k_pid_vsp": [0.0, 378.2541198730469, 375.27069091796875]}, "datetime": {"datetime": "2025-08-14 03:52:17", "elapsed": 65065.39625120163, "delta": 27.875638961791992}, "costs": {"total_cost": 2404.108227883952, "time_cost": 150, "final_distance_cost": 201.4487121645785, "oscillation_cost": 756.1198981326405, "completition_cost": 1000.0, "overshoot_cost": 230.02013597998038, "power_cost": 36.849748046875, "noise_cost": 29.669733559877912, "n_waypoints_completed": 0, "tot_waypoints": 9}}
{"target": -2399.8463746369407, "params": {"k_pid_pos": [1.9283180236816406, 0.027829408645629883, 0.0], "k_pid_alt": [1.8433955907821655, 0.0, 0.9798283576965332], "k_pid_att": [99.45564270019531, 0.7419930696487427, 1.0], "k_pid_yaw": [0.5, 1e-06, 0.1], "k_pid_hsp": [9.999999747378752e-05, 0.0, 1.0], "k_pid_vsp": [9.598350524902344, 398.8591613769531, 383.3397521972656]}, "datetime": {"datetime": "2025-08-14 03:52:45", "elapsed": 65093.314445495605, "delta": 27.91819429397583}, "costs": {"total_cost": 2399.8463746369407, "time_cost": 150, "final_distance_cost": 198.88274389968564, "oscillation_cost": 804.8733157107204, "completition_cost": 1000.0, "overshoot_cost": 184.60928774928598, "power_cost": 34.12077923583985, "noise_cost": 27.36024804140891, "n_waypoints_completed": 0, "tot_waypoints": 9}}
{"target": -3834.3737540886777, "params": {"k_pid_pos": [2.0, 0.0, 0.033454567193984985], "k_pid_alt": [2.0, 0.024931252002716064, 0.9796571731567383], "k_pid_att": [89.1671142578125, 9.999999747378752e-05, 1.0], "k_pid_yaw": [0.5, 1e-06, 0.1], "k_pid_hsp": [0.18400083482265472, 0.060673266649246216, 0.9970603585243225], "k_pid_vsp": [51.052974700927734, 392.39349365234375, 400.0]}, "datetime": {"datetime": "2025-08-14 03:53:14", "elapsed": 65122.736067056656, "delta": 29.421621561050415}, "costs": {"total_cost": 3834.3737540886777, "time_cost": 150, "final_distance_cost": 780.4296710315327, "oscillation_cost": 795.9092662736084, "completition_cost": 1000.0, "overshoot_cost": 1049.484288265055, "power_cost": 31.46908953857422, "noise_cost": 27.08143897990718, "n_waypoints_completed": 0, "tot_waypoints": 9}}
{"target": -2152.4583135540247, "params": {"k_pid_pos": [2.0, 0.0, 0.0], "k_pid_alt": [1.948997974395752, 0.01875150203704834, 0.9552817344665527], "k_pid_att": [100.0, 0.22957350313663483, 0.9849895238876343], "k_pid_yaw": [0.5, 1e-06, 0.1], "k_pid_hsp": [0.20600248873233795, 0.00014394521713256836, 0.982032299041748], "k_pid_vsp": [27.64381217956543, 390.97021484375, 375.3205261230469]}, "datetime": {"datetime": "2025-08-14 03:53:43", "elapsed": 65152.05015420914, "delta": 29.31408715248108}, "costs": {"total_cost": 2152.4583135540247, "time_cost": 150, "final_distance_cost": 3.901617997338972, "oscillation_cost": 729.6721033950713, "completition_cost": 1000.0, "overshoot_cost": 167.72518442262515, "power_cost": 41.401588208007816, "noise_cost": 59.75781953098117, "n_waypoints_completed": 0, "tot_waypoints": 9}}
{"target": -2819.8868836869647, "params": {"k_pid_pos": [1.8206875324249268, 0.0, 0.04882454872131348], "k_pid_alt": [1.9418199062347412, 0.0, 0.989358127117157], "k_pid_att": [92.47979736328125, 9.999999747378752e-05, 1.0], "k_pid_yaw": [0.5, 1e-06, 0.1], "k_pid_hsp": [0.5325450897216797, 0.0, 0.9405696392059326], "k_pid_vsp": [0.6500959396362305, 391.9248046875, 393.9818420410156]}, "datetime": {"datetime": "2025-08-14 03:54:11", "elapsed": 65179.4612326622, "delta": 27.411078453063965}, "costs": {"total_cost": 2819.8868836869647, "time_cost": 150, "final_distance_cost": 521.1240288693, "oscillation_cost": 433.6984827028749, "completition_cost": 1000.0, "overshoot_cost": 650.2372950356336, "power_cost": 35.60931520996094, "noise_cost": 29.21776186919512, "n_waypoints_completed": 0, "tot_waypoints": 9}}
{"target": -1600.40419252248, "params": {"k_pid_pos": [2.0, 0.024450629949569702, 0.06383076310157776], "k_pid_alt": [2.0, 0.0, 0.982148289680481], "k_pid_att": [92.38166809082031, 9.999999747378752e-05, 1.0], "k_pid_yaw": [0.5, 1e-06, 0.1], "k_pid_hsp": [0.43168962001800537, 0.0, 0.9859164953231812], "k_pid_vsp": [14.97499942779541, 400.0, 400.0]}, "datetime": {"datetime": "2025-08-14 03:54:41", "elapsed": 65209.54082322121, "delta": 30.079590559005737}, "costs": {"total_cost": 1600.40419252248, "time_cost": 150, "final_distance_cost": 55.32958272787398, "oscillation_cost": 560.9623313343727, "completition_cost": 666.6666666666667, "overshoot_cost": 96.14108897337049, "power_cost": 38.00154992675782, "noise_cost": 33.302972893438216, "n_waypoints_completed": 3, "tot_waypoints": 9}}
{"target": -2621.0770998573203, "params": {"k_pid_pos": [1.9377505779266357, 0.04188579320907593, 0.020854473114013672], "k_pid_alt": [1.7510654926300049, 0.0036683082580566406, 1.0], "k_pid_att": [98.84253692626953, 9.999999747378752e-05, 1.0], "k_pid_yaw": [0.5, 1e-06, 0.1], "k_pid_hsp": [1.2089532613754272, 0.0, 1.0], "k_pid_vsp": [33.525657653808594, 400.0, 400.0]}, "datetime": {"datetime": "2025-08-14 03:55:14", "elapsed": 65242.2073905468, "delta": 32.66656732559204}, "costs": {"total_cost": 2621.0770998573203, "time_cost": 150, "final_distance_cost": 601.5504919634055, "oscillation_cost": 552.0107108369091, "completition_cost": 777.7777777777778, "overshoot_cost": 474.4575881783458, "power_cost": 34.49017653808594, "noise_cost": 30.790354562796182, "n_waypoints_completed": 2, "tot_waypoints": 9}}
{"target": -6175.728600270975, "params": {"k_pid_pos": [1.877700686454773, 0.0, 0.045817673206329346], "k_pid_alt": [1.9382719993591309, 0.0679774284362793, 1.0], "k_pid_att": [92.65365600585938, 9.999999747378752e-05, 1.0], "k_pid_yaw": [0.5, 1e-06, 0.1], "k_pid_hsp": [0.10468990355730057, 0.0, 1.0], "k_pid_vsp": [19.50299835205078, 385.6721496582031, 391.3597106933594]}, "datetime": {"datetime": "2025-08-14 03:55:41", "elapsed": 65269.29238176346, "delta": 27.084991216659546}, "costs": {"total_cost": 6175.728600270975, "time_cost": 150, "final_distance_cost": 1529.505626867729, "oscillation_cost": 780.7900107811118, "completition_cost": 1000.0, "overshoot_cost": 2656.6641176426165, "power_cost": 31.87717106933594, "noise_cost": 26.891673910181584, "n_waypoints_completed": 0, "tot_waypoints": 9}}
{"target": -3118.8511386357677, "params": {"k_pid_pos": [1.857201099395752, 0.05647966265678406, 0.016734212636947632], "k_pid_alt": [2.0, 0.0, 1.0], "k_pid_att": [100.0, 0.06268395483493805, 0.9492283463478088], "k_pid_yaw": [0.5, 1e-06, 0.1], "k_pid_hsp": [9.999999747378752e-05, 0.005458652973175049, 0.911011815071106], "k_pid_vsp": [0.0, 396.7093811035156, 391.7038879394531]}, "datetime": {"datetime": "2025-08-14 03:56:10", "elapsed": 65299.01450061798, "delta": 29.722118854522705}, "costs": {"total_cost": 3118.8511386357677, "time_cost": 150, "final_distance_cost": 473.37015669260023, "oscillation_cost": 730.5734593143596, "completition_cost": 1000.0, "overshoot_cost": 702.6573048703829, "power_cost": 34.32288051757813, "noise_cost": 27.92733724084652, "n_waypoints_completed": 0, "tot_waypoints": 9}}
{"target": -2852.377980598396, "params": {"k_pid_pos": [1.9327244758605957, 0.08011099696159363, 0.0], "k_pid_alt": [1.9194600582122803, 0.025058656930923462, 0.9910110831260681], "k_pid_att": [97.67557525634766, 0.2095957100391388, 0.9893776178359985], "k_pid_yaw": [0.5, 1e-06, 0.1], "k_pid_hsp": [0.36056292057037354, 0.044683098793029785, 0.9641467332839966], "k_pid_vsp": [0.0, 400.0, 400.0]}, "datetime": {"datetime": "2025-08-14 03:56:40", "elapsed": 65328.97432899475, "delta": 29.95982837677002}, "costs": {"total_cost": 2852.377980598396, "time_cost": 150, "final_distance_cost": 361.42670247728114, "oscillation_cost": 461.0967558538962, "completition_cost": 1000.0, "overshoot_cost": 815.0867416964147, "power_cost": 35.68980440673828, "noise_cost": 29.07797616406534, "n_waypoints_completed": 0, "tot_waypoints": 9}}
{"target": -2105.2047699205054, "params": {"k_pid_pos": [1.941360354423523, 0.02211347222328186, 0.0], "k_pid_alt": [2.0, 0.07414227724075317, 1.0], "k_pid_att": [93.91706848144531, 0.2913563549518585, 1.0], "k_pid_yaw": [0.5, 1e-06, 0.1], "k_pid_hsp": [0.14674293994903564, 0.07796627283096313, 0.9782180786132812], "k_pid_vsp": [45.61404037475586, 400.0, 400.0]}, "datetime": {"datetime": "2025-08-14 03:57:07", "elapsed": 65355.48461270332, "delta": 26.510283708572388}, "costs": {"total_cost": 2105.2047699205054, "time_cost": 150, "final_distance_cost": 132.81263121401136, "oscillation_cost": 714.3038500998776, "completition_cost": 888.8888888888888, "overshoot_cost": 150.37706045507915, "power_cost": 39.78887451171875, "noise_cost": 29.033464750930037, "n_waypoints_completed": 1, "tot_waypoints": 9}}
{"target": -1942.5241178662807, "params": {"k_pid_pos": [2.0, 0.0, 0.019387155771255493], "k_pid_alt": [2.0, 0.1269863247871399, 0.9553779363632202], "k_pid_att": [100.0, 0.015702849254012108, 0.9773610830307007], "k_pid_yaw": [0.5, 1e-06, 0.1], "k_pid_hsp": [0.23214124143123627, 0.0, 0.9769009351730347], "k_pid_vsp": [38.767147064208984, 400.0, 400.0]}, "datetime": {"datetime": "2025-08-14 03:57:37", "elapsed": 65385.10156059265, "delta": 29.616947889328003}, "costs": {"total_cost": 1942.5241178662807, "time_cost": 150, "final_distance_cost": 53.99252818710193, "oscillation_cost": 668.4831614487045, "completition_cost": 777.7777777777778, "overshoot_cost": 213.30223825594257, "power_cost": 38.905112048339845, "noise_cost": 40.063300148414086, "n_waypoints_completed": 2, "tot_waypoints": 9}}
{"target": -3235.9274918995766, "params": {"k_pid_pos": [1.8178181648254395, 0.0, 0.01869344711303711], "k_pid_alt": [2.0, 0.024635612964630127, 0.9989136457443237], "k_pid_att": [100.0, 9.999999747378752e-05, 1.0], "k_pid_yaw": [0.5, 1e-06, 0.1], "k_pid_hsp": [0.5810374021530151, 0.035210490226745605, 0.998445987701416], "k_pid_vsp": [18.25547218322754, 400.0, 400.0]}, "datetime": {"datetime": "2025-08-14 03:58:06", "elapsed": 65414.59412789345, "delta": 29.49256730079651}, "costs": {"total_cost": 3235.9274918995766, "time_cost": 150, "final_distance_cost": 392.0006022076292, "oscillation_cost": 810.501554563705, "completition_cost": 1000.0, "overshoot_cost": 820.2554598082506, "power_cost": 34.75234606933594, "noise_cost": 28.417529250655488, "n_waypoints_completed": 0, "tot_waypoints": 9}}
{"target": -4032.3346471147856, "params": {"k_pid_pos": [2.0, 0.04761075973510742, 0.0], "k_pid_alt": [2.0, 0.0, 1.0], "k_pid_att": [100.0, 0.2873271107673645, 1.0], "k_pid_yaw": [0.5, 1e-06, 0.1], "k_pid_hsp": [9.999999747378752e-05, 0.006635874509811401, 0.9861054420471191], "k_pid_vsp": [13.41860294342041, 400.0, 400.0]}, "datetime": {"datetime": "2025-08-14 03:58:35", "elapsed": 65444.00018787384, "delta": 29.406059980392456}, "costs": {"total_cost": 4032.3346471147856, "time_cost": 150, "final_distance_cost": 879.4692408999977, "oscillation_cost": 747.2944538662024, "completition_cost": 1000.0, "overshoot_cost": 1193.9237320831048, "power_cost": 33.887688134765625, "noise_cost": 27.759532130715467, "n_waypoints_completed": 0, "tot_waypoints": 9}}
{"target": -4707.7782014535105, "params": {"k_pid_pos": [1.7752864360809326, 0.0, 0.06358525156974792], "k_pid_alt": [2.0, 0.027348041534423828, 0.9761208891868591], "k_pid_att": [97.57865905761719, 0.03948725014925003, 1.0], "k_pid_yaw": [0.5, 1e-06, 0.1], "k_pid_hsp": [0.05255812034010887, 0.006951689720153809, 1.0], "k_pid_vsp": [25.5591983795166, 382.6981506347656, 398.9997253417969]}, "datetime": {"datetime": "2025-08-14 03:59:04", "elapsed": 65472.33894133568, "delta": 28.33875346183777}, "costs": {"total_cost": 4707.7782014535105, "time_cost": 150, "final_distance_cost": 912.4660390401987, "oscillation_cost": 710.6218707760125, "completition_cost": 1000.0, "overshoot_cost": 1869.9693383153522, "power_cost": 36.02698045654297, "noise_cost": 28.693972865403893, "n_waypoints_completed": 0, "tot_waypoints": 9}}
{"target": -2292.020774338157, "params": {"k_pid_pos": [1.852858304977417, 0.023795634508132935, 0.035708457231521606], "k_pid_alt": [1.8856244087219238, 0.0, 0.9908225536346436], "k_pid_att": [100.0, 0.6950367093086243, 0.8985201120376587], "k_pid_yaw": [0.5, 1e-06, 0.1], "k_pid_hsp": [9.999999747378752e-05, 0.0, 0.9760934114456177], "k_pid_vsp": [0.0, 397.5456237792969, 400.0]}, "datetime": {"datetime": "2025-08-14 03:59:35", "elapsed": 65503.59167742729, "delta": 31.25273609161377}, "costs": {"total_cost": 2292.020774338157, "time_cost": 150, "final_distance_cost": 48.09411950851593, "oscillation_cost": 790.5906773967762, "completition_cost": 1000.0, "overshoot_cost": 237.5088065007573, "power_cost": 37.477363439941406, "noise_cost": 28.349807492166416, "n_waypoints_completed": 0, "tot_waypoints": 9}}
{"target": -2230.022846852438, "params": {"k_pid_pos": [1.8469634056091309, 0.11414629220962524, 0.012005597352981567], "k_pid_alt": [1.9490593671798706, 0.0, 0.9522836208343506], "k_pid_att": [100.0, 0.04249308258295059, 1.0], "k_pid_yaw": [0.5, 1e-06, 0.1], "k_pid_hsp": [0.0713837593793869, 0.0, 1.0], "k_pid_vsp": [8.99909782409668, 395.7645263671875, 392.7173156738281]}, "datetime": {"datetime": "2025-08-14 04:00:03", "elapsed": 65531.62144446373, "delta": 28.02976703643799}, "costs": {"total_cost": 2230.022846852438, "time_cost": 150, "final_distance_cost": 89.64067162491678, "oscillation_cost": 768.1833545250697, "completition_cost": 1000.0, "overshoot_cost": 155.62263879117052, "power_cost": 37.603709753417974, "noise_cost": 28.97247215786266, "n_waypoints_completed": 0, "tot_waypoints": 9}}
{"target": -3693.6189199565156, "params": {"k_pid_pos": [1.8623390197753906, 0.04654785990715027, 0.009534657001495361], "k_pid_alt": [1.8798911571502686, 0.0, 0.9912400245666504], "k_pid_att": [100.0, 0.15189452469348907, 1.0], "k_pid_yaw": [0.5, 1e-06, 0.1], "k_pid_hsp": [9.999999747378752e-05, 0.0, 1.0], "k_pid_vsp": [0.0, 386.87200927734375, 400.0]}, "datetime": {"datetime": "2025-08-14 04:00:32", "elapsed": 65560.27839303017, "delta": 28.656948566436768}, "costs": {"total_cost": 3693.6189199565156, "time_cost": 150, "final_distance_cost": 384.61821013408854, "oscillation_cost": 750.5299543492587, "completition_cost": 1000.0, "overshoot_cost": 1345.9955136678843, "power_cost": 34.48845720214844, "noise_cost": 27.986784603136236, "n_waypoints_completed": 0, "tot_waypoints": 9}}
{"target": -2160.278605117998, "params": {"k_pid_pos": [2.0, 0.07615435123443604, 0.08469507098197937], "k_pid_alt": [2.0, 0.028060585260391235, 0.9879292249679565], "k_pid_att": [95.56659698486328, 0.3073806166648865, 1.0], "k_pid_yaw": [0.5, 1e-06, 0.1], "k_pid_hsp": [0.008798912167549133, 0.0, 0.9294739961624146], "k_pid_vsp": [0.0, 400.0, 393.797119140625]}, "datetime": {"datetime": "2025-08-14 04:01:01", "elapsed": 65589.88460874557, "delta": 29.606215715408325}, "costs": {"total_cost": 2160.278605117998, "time_cost": 150, "final_distance_cost": 56.74863324531372, "oscillation_cost": 748.3301411364276, "completition_cost": 1000.0, "overshoot_cost": 137.60469957624395, "power_cost": 38.73266154785156, "noise_cost": 28.862469612161004, "n_waypoints_completed": 0, "tot_waypoints": 9}}
{"target": -2317.0986175937674, "params": {"k_pid_pos": [1.9553531408309937, 0.0, 0.0], "k_pid_alt": [2.0, 0.0, 1.0], "k_pid_att": [99.335693359375, 0.20361950993537903, 0.9688553810119629], "k_pid_yaw": [0.5, 1e-06, 0.1], "k_pid_hsp": [9.999999747378752e-05, 0.061115652322769165, 1.0], "k_pid_vsp": [0.0, 374.9020690917969, 385.89849853515625]}, "datetime": {"datetime": "2025-08-14 04:01:31", "elapsed": 65619.88718414307, "delta": 30.002575397491455}, "costs": {"total_cost": 2317.0986175937674, "time_cost": 150, "final_distance_cost": 55.262438169045936, "oscillation_cost": 758.3257667699264, "completition_cost": 1000.0, "overshoot_cost": 230.9767393629661, "power_cost": 41.9242662475586, "noise_cost": 80.60940704427058, "n_waypoints_completed": 0, "tot_waypoints": 9}}
