{"target": -2546.2747019990366, "params": {"k_pid_pos": [2.0, 0.0, 0.0], "k_pid_alt": [1.775863766670227, 0.027622610330581665, 0.9838136434555054], "k_pid_att": [92.46629333496094, 9.999999747378752e-05, 1.0], "k_pid_yaw": [0.5, 1e-06, 0.1], "k_pid_hsp": [9.999999747378752e-05, 0.0, 1.0], "k_pid_vsp": [29.517114639282227, 400.0, 397.2869873046875]}, "datetime": {"datetime": "2025-08-13 11:48:08", "elapsed": 7216.689409732819, "delta": 51.93630576133728}, "costs": {"total_cost": 2546.2747019990366, "time_cost": 150, "final_distance_cost": 347.4614392520607, "oscillation_cost": 714.4420466860881, "completition_cost": 1000.0, "overshoot_cost": 273.3113191170586, "power_cost": 33.657917529296874, "noise_cost": 27.40197941453192, "n_waypoints_completed": 0, "tot_waypoints": 9}}
{"target": -4608.672846567093, "params": {"k_pid_pos": [2.0, 0.03715837001800537, 0.011045336723327637], "k_pid_alt": [1.92106294631958, 0.0, 0.9857316017150879], "k_pid_att": [98.59403991699219, 0.5917026996612549, 1.0], "k_pid_yaw": [0.5, 1e-06, 0.1], "k_pid_hsp": [9.999999747378752e-05, 0.0785597562789917, 1.0], "k_pid_vsp": [0.0, 400.0, 361.43756103515625]}, "datetime": {"datetime": "2025-08-13 11:49:01", "elapsed": 7269.894334316254, "delta": 53.20492458343506}, "costs": {"total_cost": 4608.672846567093, "time_cost": 150, "final_distance_cost": 662.8565890203605, "oscillation_cost": 881.0766058921344, "completition_cost": 1000.0, "overshoot_cost": 1853.9410962471516, "power_cost": 33.694475048828124, "noise_cost": 27.1040803586185, "n_waypoints_completed": 0, "tot_waypoints": 9}}
{"target": -2876.8761117144995, "params": {"k_pid_pos": [1.8753688335418701, 0.0, 0.06865566968917847], "k_pid_alt": [2.0, 0.026188820600509644, 0.961206316947937], "k_pid_att": [96.31051635742188, 0.08980647474527359, 0.9585651755332947], "k_pid_yaw": [0.5, 1e-06, 0.1], "k_pid_hsp": [0.3470199704170227, 0.0, 0.9468726515769958], "k_pid_vsp": [32.95631408691406, 400.0, 400.0]}, "datetime": {"datetime": "2025-08-13 11:49:54", "elapsed": 7322.140271425247, "delta": 52.24593710899353}, "costs": {"total_cost": 2876.8761117144995, "time_cost": 150, "final_distance_cost": 278.50753228777086, "oscillation_cost": 851.356769533723, "completition_cost": 1000.0, "overshoot_cost": 536.1318968304015, "power_cost": 33.026835107421874, "noise_cost": 27.85307795518195, "n_waypoints_completed": 0, "tot_waypoints": 9}}
{"target": -2121.029621694579, "params": {"k_pid_pos": [1.9750921726226807, 0.08188492059707642, 0.044884949922561646], "k_pid_alt": [1.9050542116165161, 0.0, 0.9516656398773193], "k_pid_att": [99.97669219970703, 0.014700905419886112, 1.0], "k_pid_yaw": [0.5, 1e-06, 0.1], "k_pid_hsp": [9.999999747378752e-05, 0.007679283618927002, 1.0], "k_pid_vsp": [0.0, 400.0, 393.461669921875]}, "datetime": {"datetime": "2025-08-13 11:50:47", "elapsed": 7375.601838350296, "delta": 53.46156692504883}, "costs": {"total_cost": 2121.029621694579, "time_cost": 150, "final_distance_cost": 16.52614827269364, "oscillation_cost": 794.3760616712033, "completition_cost": 1000.0, "overshoot_cost": 83.5349892973516, "power_cost": 36.74808698730469, "noise_cost": 39.8443354660257, "n_waypoints_completed": 0, "tot_waypoints": 9}}
{"target": -2074.6682112293843, "params": {"k_pid_pos": [2.0, 0.0, 0.0], "k_pid_alt": [1.9583449363708496, 0.035403817892074585, 1.0], "k_pid_att": [100.0, 9.999999747378752e-05, 1.0], "k_pid_yaw": [0.5, 1e-06, 0.1], "k_pid_hsp": [0.24343113601207733, 0.029323697090148926, 0.9664800763130188], "k_pid_vsp": [12.012124061584473, 400.0, 400.0]}, "datetime": {"datetime": "2025-08-13 11:51:39", "elapsed": 7427.575128078461, "delta": 51.97328972816467}, "costs": {"total_cost": 2074.6682112293843, "time_cost": 150, "final_distance_cost": 60.17990856943475, "oscillation_cost": 724.0618318921549, "completition_cost": 888.8888888888888, "overshoot_cost": 165.4623810476604, "power_cost": 38.47952722167969, "noise_cost": 47.59567360956582, "n_waypoints_completed": 1, "tot_waypoints": 9}}
{"target": -4155.098929949587, "params": {"k_pid_pos": [2.0, 0.03316262364387512, 0.03426438570022583], "k_pid_alt": [2.0, 0.0, 0.9616365432739258], "k_pid_att": [91.33230590820312, 9.999999747378752e-05, 1.0], "k_pid_yaw": [0.5, 1e-06, 0.1], "k_pid_hsp": [9.999999747378752e-05, 0.04044070839881897, 1.0], "k_pid_vsp": [0.14744997024536133, 400.0, 399.0218505859375]}, "datetime": {"datetime": "2025-08-13 11:52:31", "elapsed": 7479.143700122833, "delta": 51.56857204437256}, "costs": {"total_cost": 4155.098929949587, "time_cost": 150, "final_distance_cost": 825.6523850256475, "oscillation_cost": 827.0126596587668, "completition_cost": 1000.0, "overshoot_cost": 1290.834733644217, "power_cost": 33.74555949707032, "noise_cost": 27.85359212388526, "n_waypoints_completed": 0, "tot_waypoints": 9}}
{"target": -4857.744405185648, "params": {"k_pid_pos": [2.0, 0.0, 0.0], "k_pid_alt": [2.0, 0.03585648536682129, 0.9820519089698792], "k_pid_att": [98.59099578857422, 9.999999747378752e-05, 1.0], "k_pid_yaw": [0.5, 1e-06, 0.1], "k_pid_hsp": [9.999999747378752e-05, 0.0, 1.0], "k_pid_vsp": [0.0, 387.7352600097656, 359.3400573730469]}, "datetime": {"datetime": "2025-08-13 11:53:24", "elapsed": 7532.481342077255, "delta": 53.337641954422}, "costs": {"total_cost": 4857.744405185648, "time_cost": 150, "final_distance_cost": 1070.271855764582, "oscillation_cost": 673.4265660313503, "completition_cost": 1000.0, "overshoot_cost": 1901.4575605315779, "power_cost": 34.54874783935547, "noise_cost": 28.039675018782976, "n_waypoints_completed": 0, "tot_waypoints": 9}}
{"target": -2117.326228726525, "params": {"k_pid_pos": [2.0, 0.038585931062698364, 0.07073906064033508], "k_pid_alt": [1.9707283973693848, 0.0, 0.9865284562110901], "k_pid_att": [96.09962463378906, 9.999999747378752e-05, 0.9648227691650391], "k_pid_yaw": [0.5, 1e-06, 0.1], "k_pid_hsp": [9.999999747378752e-05, 0.0576651394367218, 0.98537278175354], "k_pid_vsp": [44.036590576171875, 400.0, 365.9523620605469]}, "datetime": {"datetime": "2025-08-13 11:54:18", "elapsed": 7586.103767633438, "delta": 53.62242555618286}, "costs": {"total_cost": 2117.326228726525, "time_cost": 150, "final_distance_cost": 46.92813425720019, "oscillation_cost": 757.8975224825751, "completition_cost": 1000.0, "overshoot_cost": 77.22273384247634, "power_cost": 41.295578833007816, "noise_cost": 43.98225931126578, "n_waypoints_completed": 0, "tot_waypoints": 9}}
{"target": -3192.6322622266343, "params": {"k_pid_pos": [1.9294915199279785, 0.0, 0.025891810655593872], "k_pid_alt": [1.9541237354278564, 0.08704370260238647, 0.9884519577026367], "k_pid_att": [97.65858459472656, 9.999999747378752e-05, 1.0], "k_pid_yaw": [0.5, 1e-06, 0.1], "k_pid_hsp": [9.999999747378752e-05, 0.0, 0.9898464679718018], "k_pid_vsp": [10.169780731201172, 361.6218566894531, 400.0]}, "datetime": {"datetime": "2025-08-13 11:55:13", "elapsed": 7641.84267616272, "delta": 55.738908529281616}, "costs": {"total_cost": 3192.6322622266343, "time_cost": 150, "final_distance_cost": 642.2660654460988, "oscillation_cost": 831.8485550674108, "completition_cost": 1000.0, "overshoot_cost": 510.00858136662816, "power_cost": 31.870128552246094, "noise_cost": 26.63893179425031, "n_waypoints_completed": 0, "tot_waypoints": 9}}
{"target": -1904.8834744643939, "params": {"k_pid_pos": [1.9333510398864746, 0.0, 0.0], "k_pid_alt": [2.0, 0.0, 0.9834274053573608], "k_pid_att": [97.4185562133789, 0.029256213456392288, 0.9890692234039307], "k_pid_yaw": [0.5, 1e-06, 0.1], "k_pid_hsp": [0.19626913964748383, 0.0, 0.9356989860534668], "k_pid_vsp": [0.0, 400.0, 361.1950988769531]}, "datetime": {"datetime": "2025-08-13 11:56:08", "elapsed": 7696.218630552292, "delta": 54.375954389572144}, "costs": {"total_cost": 1904.8834744643939, "time_cost": 150, "final_distance_cost": 86.03871062044428, "oscillation_cost": 713.9762001703988, "completition_cost": 777.7777777777778, "overshoot_cost": 98.60090327122388, "power_cost": 39.4168965209961, "noise_cost": 39.07298610355322, "n_waypoints_completed": 2, "tot_waypoints": 9}}
{"target": -2734.039690849657, "params": {"k_pid_pos": [1.9610316753387451, 0.0, 0.07688158750534058], "k_pid_alt": [2.0, 0.0, 1.0], "k_pid_att": [98.60973358154297, 0.188881516456604, 1.0], "k_pid_yaw": [0.5, 1e-06, 0.1], "k_pid_hsp": [0.20919576287269592, 0.0, 1.0], "k_pid_vsp": [0.0, 400.0, 400.0]}, "datetime": {"datetime": "2025-08-13 11:57:02", "elapsed": 7750.222525835037, "delta": 54.00389528274536}, "costs": {"total_cost": 2734.039690849657, "time_cost": 150, "final_distance_cost": 238.8834367536738, "oscillation_cost": 734.7523501935948, "completition_cost": 1000.0, "overshoot_cost": 546.6107392553591, "power_cost": 35.32352788085937, "noise_cost": 28.469636766170066, "n_waypoints_completed": 0, "tot_waypoints": 9}}
{"target": -2951.804061759199, "params": {"k_pid_pos": [2.0, 0.055181294679641724, 0.0], "k_pid_alt": [2.0, 0.08426696062088013, 1.0], "k_pid_att": [100.0, 0.39388129115104675, 0.9933212995529175], "k_pid_yaw": [0.5, 1e-06, 0.1], "k_pid_hsp": [9.999999747378752e-05, 0.03375101089477539, 1.0], "k_pid_vsp": [16.527462005615234, 400.0, 400.0]}, "datetime": {"datetime": "2025-08-13 11:57:55", "elapsed": 7803.911910295486, "delta": 53.68938446044922}, "costs": {"total_cost": 2951.804061759199, "time_cost": 150, "final_distance_cost": 448.71857515845943, "oscillation_cost": 751.7703082316307, "completition_cost": 1000.0, "overshoot_cost": 538.3141923869833, "power_cost": 34.71940288085938, "noise_cost": 28.28158310126617, "n_waypoints_completed": 0, "tot_waypoints": 9}}
{"target": -3213.593327969881, "params": {"k_pid_pos": [1.9682575464248657, 0.03401225805282593, 0.0], "k_pid_alt": [2.0, 0.0, 1.0], "k_pid_att": [100.0, 9.999999747378752e-05, 1.0], "k_pid_yaw": [0.5, 1e-06, 0.1], "k_pid_hsp": [9.999999747378752e-05, 0.03332257270812988, 1.0], "k_pid_vsp": [0.0, 400.0, 400.0]}, "datetime": {"datetime": "2025-08-13 11:58:49", "elapsed": 7857.468524932861, "delta": 53.55661463737488}, "costs": {"total_cost": 3213.593327969881, "time_cost": 150, "final_distance_cost": 327.5860244597487, "oscillation_cost": 757.6688884854063, "completition_cost": 1000.0, "overshoot_cost": 914.0115672002296, "power_cost": 36.30013544921875, "noise_cost": 28.02671237527744, "n_waypoints_completed": 0, "tot_waypoints": 9}}
{"target": -4352.760867576694, "params": {"k_pid_pos": [1.8911594152450562, 0.0, 0.0], "k_pid_alt": [1.9036555290222168, 0.04475522041320801, 1.0], "k_pid_att": [87.89901733398438, 0.43949058651924133, 1.0], "k_pid_yaw": [0.5, 1e-06, 0.1], "k_pid_hsp": [0.2662454843521118, 0.06143033504486084, 1.0], "k_pid_vsp": [0.0, 400.0, 393.99029541015625]}, "datetime": {"datetime": "2025-08-13 11:59:45", "elapsed": 7914.02708029747, "delta": 56.558555364608765}, "costs": {"total_cost": 4352.760867576694, "time_cost": 150, "final_distance_cost": 961.1441803057359, "oscillation_cost": 693.3174840142701, "completition_cost": 1000.0, "overshoot_cost": 1486.3336672807643, "power_cost": 34.15275900878906, "noise_cost": 27.81277696713425, "n_waypoints_completed": 0, "tot_waypoints": 9}}
{"target": -2329.4189933321063, "params": {"k_pid_pos": [1.880265712738037, 6.556510925292969e-07, 0.024248957633972168], "k_pid_alt": [2.0, 0.01948392391204834, 1.0], "k_pid_att": [99.27044677734375, 9.999999747378752e-05, 0.98089998960495], "k_pid_yaw": [0.5, 1e-06, 0.1], "k_pid_hsp": [0.0039015463553369045, 0.1006433367729187, 1.0], "k_pid_vsp": [0.0, 400.0, 400.0]}, "datetime": {"datetime": "2025-08-13 12:00:46", "elapsed": 7974.476540327072, "delta": 60.44946002960205}, "costs": {"total_cost": 2329.4189933321063, "time_cost": 150, "final_distance_cost": 103.26443757501279, "oscillation_cost": 745.7625741542528, "completition_cost": 1000.0, "overshoot_cost": 262.48637806278583, "power_cost": 39.08305446777344, "noise_cost": 28.82254907228159, "n_waypoints_completed": 0, "tot_waypoints": 9}}
{"target": -2399.06975718394, "params": {"k_pid_pos": [1.9478548765182495, 0.01873716711997986, 0.027853190898895264], "k_pid_alt": [2.0, 0.05177873373031616, 1.0], "k_pid_att": [96.4119644165039, 0.3974458873271942, 0.9399749040603638], "k_pid_yaw": [0.5, 1e-06, 0.1], "k_pid_hsp": [9.999999747378752e-05, 0.049998581409454346, 1.0], "k_pid_vsp": [11.353981018066406, 388.8862609863281, 400.0]}, "datetime": {"datetime": "2025-08-13 12:01:42", "elapsed": 8030.765925645828, "delta": 56.2893853187561}, "costs": {"total_cost": 2399.06975718394, "time_cost": 150, "final_distance_cost": 86.24751259980445, "oscillation_cost": 678.3266674345422, "completition_cost": 1000.0, "overshoot_cost": 418.7034378804325, "power_cost": 37.23769528808594, "noise_cost": 28.554443981075053, "n_waypoints_completed": 0, "tot_waypoints": 9}}
{"target": -3433.5645376097573, "params": {"k_pid_pos": [2.0, 0.0, 0.06593361496925354], "k_pid_alt": [2.0, 0.034148961305618286, 1.0], "k_pid_att": [96.89781951904297, 0.1239953562617302, 0.9919141530990601], "k_pid_yaw": [0.5, 1e-06, 0.1], "k_pid_hsp": [9.999999747378752e-05, 0.06534892320632935, 1.0], "k_pid_vsp": [5.888152122497559, 392.6126403808594, 400.0]}, "datetime": {"datetime": "2025-08-13 12:02:37", "elapsed": 8086.024443149567, "delta": 55.2585175037384}, "costs": {"total_cost": 3433.5645376097573, "time_cost": 150, "final_distance_cost": 430.28488672032915, "oscillation_cost": 863.0706614525943, "completition_cost": 1000.0, "overshoot_cost": 926.3581501472956, "power_cost": 35.52194813232422, "noise_cost": 28.328891157213864, "n_waypoints_completed": 0, "tot_waypoints": 9}}
{"target": -2184.443814168233, "params": {"k_pid_pos": [1.8025609254837036, 0.0, 0.1181802749633789], "k_pid_alt": [2.0, 0.0, 1.0], "k_pid_att": [100.0, 9.999999747378752e-05, 0.9264696836471558], "k_pid_yaw": [0.5, 1e-06, 0.1], "k_pid_hsp": [9.999999747378752e-05, 0.013414710760116577, 1.0], "k_pid_vsp": [0.030720233917236328, 400.0, 400.0]}, "datetime": {"datetime": "2025-08-13 12:03:35", "elapsed": 8143.347697496414, "delta": 57.323254346847534}, "costs": {"total_cost": 2184.443814168233, "time_cost": 150, "final_distance_cost": 109.10240494641832, "oscillation_cost": 695.7728255624634, "completition_cost": 1000.0, "overshoot_cost": 146.97436359710719, "power_cost": 38.27805504150391, "noise_cost": 44.3161650207399, "n_waypoints_completed": 0, "tot_waypoints": 9}}
{"target": -3055.1934766337854, "params": {"k_pid_pos": [1.9050822257995605, 0.0, 0.017747998237609863], "k_pid_alt": [1.935858130455017, 0.010543912649154663, 0.9068636894226074], "k_pid_att": [100.0, 9.999999747378752e-05, 0.9838770627975464], "k_pid_yaw": [0.5, 1e-06, 0.1], "k_pid_hsp": [0.0316368006169796, 0.07830101251602173, 0.9725980758666992], "k_pid_vsp": [0.0, 387.17022705078125, 387.51568603515625]}, "datetime": {"datetime": "2025-08-13 12:04:28", "elapsed": 8197.047246694565, "delta": 53.699549198150635}, "costs": {"total_cost": 3055.1934766337854, "time_cost": 150, "final_distance_cost": 286.10096636741866, "oscillation_cost": 781.1483980307047, "completition_cost": 1000.0, "overshoot_cost": 774.9266400696765, "power_cost": 35.296653161621094, "noise_cost": 27.720819004364483, "n_waypoints_completed": 0, "tot_waypoints": 9}}
{"target": -1798.498984037569, "params": {"k_pid_pos": [2.0, 0.027400463819503784, 0.0], "k_pid_alt": [1.9060394763946533, 0.029266953468322754, 1.0], "k_pid_att": [94.37499237060547, 9.999999747378752e-05, 0.9872722625732422], "k_pid_yaw": [0.5, 1e-06, 0.1], "k_pid_hsp": [0.9237520694732666, 0.0, 1.0], "k_pid_vsp": [4.715287685394287, 391.05279541015625, 400.0]}, "datetime": {"datetime": "2025-08-13 12:05:22", "elapsed": 8250.645428657532, "delta": 53.59818196296692}, "costs": {"total_cost": 1798.498984037569, "time_cost": 150, "final_distance_cost": 53.254002987492534, "oscillation_cost": 458.5088605047944, "completition_cost": 888.8888888888888, "overshoot_cost": 137.54338007540093, "power_cost": 39.56934127197266, "noise_cost": 70.73451030901975, "n_waypoints_completed": 1, "tot_waypoints": 9}}
{"target": -7590.535722825808, "params": {"k_pid_pos": [1.8931993246078491, 0.02782648801803589, 0.1140185296535492], "k_pid_alt": [2.0, 0.0, 0.9912323355674744], "k_pid_att": [94.358154296875, 0.7787917256355286, 1.0], "k_pid_yaw": [0.5, 1e-06, 0.1], "k_pid_hsp": [0.35234591364860535, 0.0, 0.9568885564804077], "k_pid_vsp": [0.0, 370.09954833984375, 399.3370056152344]}, "datetime": {"datetime": "2025-08-13 12:06:17", "elapsed": 8305.492160081863, "delta": 54.846731424331665}, "costs": {"total_cost": 7590.535722825808, "time_cost": 150, "final_distance_cost": 1926.2792651103623, "oscillation_cost": 747.063510127685, "completition_cost": 1000.0, "overshoot_cost": 3706.3705257979846, "power_cost": 33.30563991699219, "noise_cost": 27.51678187278439, "n_waypoints_completed": 0, "tot_waypoints": 9}}
{"target": -6748.853100840666, "params": {"k_pid_pos": [1.8533847332000732, 0.0, 0.0], "k_pid_alt": [2.0, 0.015480250120162964, 1.0], "k_pid_att": [97.97691345214844, 0.6284410953521729, 1.0], "k_pid_yaw": [0.5, 1e-06, 0.1], "k_pid_hsp": [0.6286625266075134, 0.009801536798477173, 0.9975166320800781], "k_pid_vsp": [0.0, 397.91583251953125, 375.2611999511719]}, "datetime": {"datetime": "2025-08-13 12:07:12", "elapsed": 8360.174802780151, "delta": 54.682642698287964}, "costs": {"total_cost": 6748.853100840666, "time_cost": 150, "final_distance_cost": 1635.5027190618127, "oscillation_cost": 747.4408423405735, "completition_cost": 888.8888888888888, "overshoot_cost": 3265.139999863353, "power_cost": 33.67104041748047, "noise_cost": 28.20961026855803, "n_waypoints_completed": 1, "tot_waypoints": 9}}
{"target": -1732.539082517993, "params": {"k_pid_pos": [1.9480535984039307, 0.004945248365402222, 0.05575627088546753], "k_pid_alt": [2.0, 0.0, 0.9630119204521179], "k_pid_att": [100.0, 9.999999747378752e-05, 1.0], "k_pid_yaw": [0.5, 1e-06, 0.1], "k_pid_hsp": [0.6434813141822815, 0.0, 1.0], "k_pid_vsp": [0.0, 400.0, 392.768310546875]}, "datetime": {"datetime": "2025-08-13 12:08:03", "elapsed": 8411.181199550629, "delta": 51.006396770477295}, "costs": {"total_cost": 1732.539082517993, "time_cost": 150, "final_distance_cost": 70.52647807899902, "oscillation_cost": 417.0367734899217, "completition_cost": 888.8888888888888, "overshoot_cost": 118.38812798422695, "power_cost": 40.05808988037109, "noise_cost": 47.64072419558525, "n_waypoints_completed": 1, "tot_waypoints": 9}}
{"target": -2397.0993340125046, "params": {"k_pid_pos": [1.9041424989700317, 0.0, 0.0], "k_pid_alt": [2.0, 0.025141626596450806, 0.8861566185951233], "k_pid_att": [95.18215942382812, 9.999999747378752e-05, 0.9999126195907593], "k_pid_yaw": [0.5, 1e-06, 0.1], "k_pid_hsp": [0.5349122285842896, 0.05449739098548889, 1.0], "k_pid_vsp": [0.0, 380.2301025390625, 393.8534851074219]}, "datetime": {"datetime": "2025-08-13 12:08:56", "elapsed": 8464.361530542374, "delta": 53.180330991744995}, "costs": {"total_cost": 2397.0993340125046, "time_cost": 150, "final_distance_cost": 144.91191130028224, "oscillation_cost": 684.0800390837403, "completition_cost": 1000.0, "overshoot_cost": 355.5505931152105, "power_cost": 34.39984561767578, "noise_cost": 28.15694489559559, "n_waypoints_completed": 0, "tot_waypoints": 9}}
{"target": -2533.360174788082, "params": {"k_pid_pos": [2.0, 0.02948075532913208, 0.0], "k_pid_alt": [1.9853613376617432, 0.06339818239212036, 0.9661559462547302], "k_pid_att": [100.0, 0.07433773577213287, 1.0], "k_pid_yaw": [0.5, 1e-06, 0.1], "k_pid_hsp": [9.999999747378752e-05, 0.026158154010772705, 0.966643214225769], "k_pid_vsp": [2.560436725616455, 375.02838134765625, 350.5478210449219]}, "datetime": {"datetime": "2025-08-13 12:09:49", "elapsed": 8517.507721424103, "delta": 53.146190881729126}, "costs": {"total_cost": 2533.360174788082, "time_cost": 150, "final_distance_cost": 16.574995064616427, "oscillation_cost": 791.4457706204532, "completition_cost": 1000.0, "overshoot_cost": 511.4789534297034, "power_cost": 35.95678363037109, "noise_cost": 27.90367204293781, "n_waypoints_completed": 0, "tot_waypoints": 9}}
{"target": -2163.0019267642933, "params": {"k_pid_pos": [1.9650667905807495, 0.07901132106781006, 0.0], "k_pid_alt": [2.0, 0.0, 1.0], "k_pid_att": [98.52705383300781, 0.22447586059570312, 0.9806709289550781], "k_pid_yaw": [0.5, 1e-06, 0.1], "k_pid_hsp": [9.999999747378752e-05, 0.023017853498458862, 0.9676887392997742], "k_pid_vsp": [24.262344360351562, 400.0, 400.0]}, "datetime": {"datetime": "2025-08-13 12:10:41", "elapsed": 8569.414501905441, "delta": 51.9067804813385}, "costs": {"total_cost": 2163.0019267642933, "time_cost": 150, "final_distance_cost": 17.00047512691843, "oscillation_cost": 747.4484071410677, "completition_cost": 1000.0, "overshoot_cost": 123.28696113664869, "power_cost": 41.537528088378906, "noise_cost": 83.72855527127959, "n_waypoints_completed": 0, "tot_waypoints": 9}}
{"target": -2304.02672690911, "params": {"k_pid_pos": [2.0, 0.0, 0.12086349725723267], "k_pid_alt": [1.8066558837890625, 0.0, 1.0], "k_pid_att": [96.57256317138672, 9.999999747378752e-05, 1.0], "k_pid_yaw": [0.5, 1e-06, 0.1], "k_pid_hsp": [0.20092660188674927, 0.045573890209198, 0.9279112815856934], "k_pid_vsp": [11.862015724182129, 387.3341979980469, 385.7041320800781]}, "datetime": {"datetime": "2025-08-13 12:11:32", "elapsed": 8621.027577877045, "delta": 51.613075971603394}, "costs": {"total_cost": 2304.02672690911, "time_cost": 150, "final_distance_cost": 155.44234214667392, "oscillation_cost": 750.4726794633689, "completition_cost": 1000.0, "overshoot_cost": 165.05061861761476, "power_cost": 37.626522888183594, "noise_cost": 45.43456379326892, "n_waypoints_completed": 0, "tot_waypoints": 9}}
