{"target": -4626.624377161591, "params": {"k_pid_pos": [2.0, 0.04374423623085022, 0.0], "k_pid_alt": [2.0, 0.0, 0.9489580392837524], "k_pid_att": [100.0, 9.999999747378752e-05, 1.0], "k_pid_yaw": [0.5, 1e-06, 0.1], "k_pid_hsp": [0.15985345840454102, 0.0, 1.0], "k_pid_vsp": [3.2112956047058105, 400.0, 400.0]}, "datetime": {"datetime": "2025-08-13 18:26:46", "elapsed": 31134.912855386734, "delta": 29.035967588424683}, "costs": {"total_cost": 4626.624377161591, "time_cost": 150, "final_distance_cost": 817.1444054018475, "oscillation_cost": 843.1213882544213, "completition_cost": 1000.0, "overshoot_cost": 1756.3453224535074, "power_cost": 33.01142917480469, "noise_cost": 27.0018318770098, "n_waypoints_completed": 0, "tot_waypoints": 9}}
{"target": -1428.963240089497, "params": {"k_pid_pos": [1.7237443923950195, 0.0, 0.0], "k_pid_alt": [1.7389551401138306, 0.08993649482727051, 0.9686866998672485], "k_pid_att": [92.30147552490234, 0.4585254490375519, 1.0], "k_pid_yaw": [0.5, 1e-06, 0.1], "k_pid_hsp": [0.6859569549560547, 0.0, 1.0], "k_pid_vsp": [29.641103744506836, 394.09686279296875, 386.6239929199219]}, "datetime": {"datetime": "2025-08-13 18:27:15", "elapsed": 31163.392137289047, "delta": 28.479281902313232}, "costs": {"total_cost": 1428.963240089497, "time_cost": 150, "final_distance_cost": 57.45065250470272, "oscillation_cost": 405.1212602241289, "completition_cost": 666.6666666666667, "overshoot_cost": 84.42376339700675, "power_cost": 36.12110084228516, "noise_cost": 29.17979645470686, "n_waypoints_completed": 3, "tot_waypoints": 9}}
{"target": -2175.6024581813904, "params": {"k_pid_pos": [1.9632854461669922, 0.11673474311828613, 0.024712681770324707], "k_pid_alt": [2.0, 0.0, 0.994091272354126], "k_pid_att": [100.0, 0.29072871804237366, 0.9973428249359131], "k_pid_yaw": [0.5, 1e-06, 0.1], "k_pid_hsp": [9.999999747378752e-05, 0.0, 0.9732880592346191], "k_pid_vsp": [17.995988845825195, 383.4020690917969, 400.0]}, "datetime": {"datetime": "2025-08-13 18:27:43", "elapsed": 31191.74519920349, "delta": 28.35306191444397}, "costs": {"total_cost": 2175.6024581813904, "time_cost": 150, "final_distance_cost": 52.71850011809239, "oscillation_cost": 791.6821783146798, "completition_cost": 1000.0, "overshoot_cost": 116.12375086975837, "power_cost": 36.824782861328124, "noise_cost": 28.253246017532216, "n_waypoints_completed": 0, "tot_waypoints": 9}}
{"target": -1886.942707908007, "params": {"k_pid_pos": [1.984664797782898, 0.0, 0.030033916234970093], "k_pid_alt": [2.0, 0.01729676127433777, 1.0], "k_pid_att": [97.85810852050781, 0.2382601946592331, 1.0], "k_pid_yaw": [0.5, 1e-06, 0.1], "k_pid_hsp": [0.2321665734052658, 0.0, 0.9796770811080933], "k_pid_vsp": [15.352821350097656, 380.9236145019531, 400.0]}, "datetime": {"datetime": "2025-08-13 18:28:12", "elapsed": 31220.7149207592, "delta": 28.96972155570984}, "costs": {"total_cost": 1886.942707908007, "time_cost": 150, "final_distance_cost": 85.75682602635506, "oscillation_cost": 691.6494627273447, "completition_cost": 777.7777777777778, "overshoot_cost": 107.62191779176992, "power_cost": 40.357487890625, "noise_cost": 33.77923569413452, "n_waypoints_completed": 2, "tot_waypoints": 9}}
{"target": -3543.003416910221, "params": {"k_pid_pos": [2.0, 0.028216928243637085, 0.0], "k_pid_alt": [2.0, 0.06962352991104126, 0.9080801010131836], "k_pid_att": [96.09356689453125, 9.999999747378752e-05, 1.0], "k_pid_yaw": [0.5, 1e-06, 0.1], "k_pid_hsp": [0.6968746185302734, 0.0, 0.9835677146911621], "k_pid_vsp": [0.0, 400.0, 393.4798583984375]}, "datetime": {"datetime": "2025-08-13 18:28:42", "elapsed": 31250.476141929626, "delta": 29.761221170425415}, "costs": {"total_cost": 3543.003416910221, "time_cost": 150, "final_distance_cost": 617.4729913972521, "oscillation_cost": 785.121185928621, "completition_cost": 1000.0, "overshoot_cost": 927.0914183803338, "power_cost": 34.79021066894531, "noise_cost": 28.527610535068455, "n_waypoints_completed": 0, "tot_waypoints": 9}}
{"target": -4329.56912463873, "params": {"k_pid_pos": [1.9471666812896729, 0.0, 0.0], "k_pid_alt": [2.0, 0.01326829195022583, 1.0], "k_pid_att": [97.65715789794922, 0.24775899946689606, 1.0], "k_pid_yaw": [0.5, 1e-06, 0.1], "k_pid_hsp": [9.999999747378752e-05, 0.0028617680072784424, 1.0], "k_pid_vsp": [0.0, 368.0253601074219, 396.0159912109375]}, "datetime": {"datetime": "2025-08-13 18:29:11", "elapsed": 31279.590816020966, "delta": 29.11467409133911}, "costs": {"total_cost": 4329.56912463873, "time_cost": 150, "final_distance_cost": 715.4307680512557, "oscillation_cost": 691.928140862763, "completition_cost": 888.8888888888888, "overshoot_cost": 1824.9928963326931, "power_cost": 31.164565368652344, "noise_cost": 27.163865134477646, "n_waypoints_completed": 1, "tot_waypoints": 9}}
{"target": -8601.370458911375, "params": {"k_pid_pos": [2.0, 0.10806494951248169, 0.031247884035110474], "k_pid_alt": [2.0, 0.09474191069602966, 0.9555037021636963], "k_pid_att": [99.0190658569336, 9.999999747378752e-05, 0.9785681962966919], "k_pid_yaw": [0.5, 1e-06, 0.1], "k_pid_hsp": [0.3094286024570465, 0.0, 0.9983718395233154], "k_pid_vsp": [13.673615455627441, 400.0, 372.0966796875]}, "datetime": {"datetime": "2025-08-13 18:29:40", "elapsed": 31308.758553743362, "delta": 29.16773772239685}, "costs": {"total_cost": 8601.370458911375, "time_cost": 150, "final_distance_cost": 1908.5226640433082, "oscillation_cost": 771.4565979353632, "completition_cost": 1000.0, "overshoot_cost": 4711.579792882216, "power_cost": 32.58955578613281, "noise_cost": 27.22184826435487, "n_waypoints_completed": 0, "tot_waypoints": 9}}
{"target": -1988.815603074069, "params": {"k_pid_pos": [1.9963109493255615, 0.011995136737823486, 0.006830483675003052], "k_pid_alt": [2.0, 0.0, 0.9280524253845215], "k_pid_att": [100.0, 0.6308884620666504, 0.9867538213729858], "k_pid_yaw": [0.5, 1e-06, 0.1], "k_pid_hsp": [0.47584399580955505, 0.07410907745361328, 1.0], "k_pid_vsp": [0.0, 387.73297119140625, 400.0]}, "datetime": {"datetime": "2025-08-13 18:30:09", "elapsed": 31337.852203845978, "delta": 29.093650102615356}, "costs": {"total_cost": 1988.815603074069, "time_cost": 150, "final_distance_cost": 68.32049060644437, "oscillation_cost": 637.1790102072835, "completition_cost": 777.7777777777778, "overshoot_cost": 200.93492106358366, "power_cost": 44.112291540527345, "noise_cost": 110.49111187845233, "n_waypoints_completed": 2, "tot_waypoints": 9}}
{"target": -3307.7446389166007, "params": {"k_pid_pos": [2.0, 0.0, 0.006475508213043213], "k_pid_alt": [2.0, 0.03486579656600952, 0.9713442325592041], "k_pid_att": [100.0, 0.8199012279510498, 1.0], "k_pid_yaw": [0.5, 1e-06, 0.1], "k_pid_hsp": [0.16381056606769562, 0.0, 1.0], "k_pid_vsp": [8.189285278320312, 400.0, 379.05035400390625]}, "datetime": {"datetime": "2025-08-13 18:30:38", "elapsed": 31366.657799959183, "delta": 28.805596113204956}, "costs": {"total_cost": 3307.7446389166007, "time_cost": 150, "final_distance_cost": 420.1593491206489, "oscillation_cost": 792.0427840681602, "completition_cost": 1000.0, "overshoot_cost": 879.5780328849927, "power_cost": 36.931551208496096, "noise_cost": 29.032921634302983, "n_waypoints_completed": 0, "tot_waypoints": 9}}
{"target": -2322.6154443973455, "params": {"k_pid_pos": [1.8808540105819702, 0.033345937728881836, 0.0], "k_pid_alt": [1.9178175926208496, 0.012255281209945679, 1.0], "k_pid_att": [100.0, 9.999999747378752e-05, 0.993403971195221], "k_pid_yaw": [0.5, 1e-06, 0.1], "k_pid_hsp": [9.999999747378752e-05, 0.0, 1.0], "k_pid_vsp": [0.0, 400.0, 400.0]}, "datetime": {"datetime": "2025-08-13 18:31:08", "elapsed": 31396.08883166313, "delta": 29.431031703948975}, "costs": {"total_cost": 2322.6154443973455, "time_cost": 150, "final_distance_cost": 85.1067531541381, "oscillation_cost": 888.923517467351, "completition_cost": 888.8888888888888, "overshoot_cost": 250.0702568098116, "power_cost": 32.80068530273438, "noise_cost": 26.82534277442109, "n_waypoints_completed": 1, "tot_waypoints": 9}}
{"target": -7953.383509604936, "params": {"k_pid_pos": [2.0, 0.0, 0.0], "k_pid_alt": [1.9698328971862793, 0.014900058507919312, 1.0], "k_pid_att": [94.51728820800781, 0.3922645151615143, 1.0], "k_pid_yaw": [0.5, 1e-06, 0.1], "k_pid_hsp": [0.8566697835922241, 0.038021087646484375, 0.9773726463317871], "k_pid_vsp": [0.0, 400.0, 400.0]}, "datetime": {"datetime": "2025-08-13 18:31:36", "elapsed": 31424.716448307037, "delta": 28.62761664390564}, "costs": {"total_cost": 7953.383509604936, "time_cost": 150, "final_distance_cost": 2014.350180576277, "oscillation_cost": 738.3554142023155, "completition_cost": 1000.0, "overshoot_cost": 3988.83591079573, "power_cost": 33.15851773681641, "noise_cost": 28.68348629379773, "n_waypoints_completed": 0, "tot_waypoints": 9}}
{"target": -5157.545164490048, "params": {"k_pid_pos": [2.0, 0.0, 0.0], "k_pid_alt": [2.0, 0.009882062673568726, 1.0], "k_pid_att": [100.0, 9.999999747378752e-05, 0.9980303049087524], "k_pid_yaw": [0.5, 1e-06, 0.1], "k_pid_hsp": [9.999999747378752e-05, 0.05835437774658203, 0.9737781882286072], "k_pid_vsp": [15.870904922485352, 389.8745422363281, 384.4803771972656]}, "datetime": {"datetime": "2025-08-13 18:32:05", "elapsed": 31453.266685009003, "delta": 28.550236701965332}, "costs": {"total_cost": 5157.545164490048, "time_cost": 150, "final_distance_cost": 1326.1956881879516, "oscillation_cost": 730.1291444421101, "completition_cost": 1000.0, "overshoot_cost": 1891.1500246566723, "power_cost": 32.668800402832034, "noise_cost": 27.40150680048217, "n_waypoints_completed": 0, "tot_waypoints": 9}}
{"target": -1796.117735704049, "params": {"k_pid_pos": [1.6768083572387695, 0.0, 0.08027589321136475], "k_pid_alt": [2.0, 0.0, 1.0], "k_pid_att": [100.0, 9.999999747378752e-05, 1.0], "k_pid_yaw": [0.5, 1e-06, 0.1], "k_pid_hsp": [0.4294920265674591, 0.030430883169174194, 0.941028892993927], "k_pid_vsp": [34.66817092895508, 400.0, 400.0]}, "datetime": {"datetime": "2025-08-13 18:32:34", "elapsed": 31482.465852737427, "delta": 29.199167728424072}, "costs": {"total_cost": 1796.117735704049, "time_cost": 150, "final_distance_cost": 96.24007660869304, "oscillation_cost": 561.316126848469, "completition_cost": 777.7777777777778, "overshoot_cost": 133.1206671889534, "power_cost": 40.78069675292969, "noise_cost": 36.88239052722588, "n_waypoints_completed": 2, "tot_waypoints": 9}}
{"target": -2189.8844927036052, "params": {"k_pid_pos": [1.9576377868652344, 0.0, 0.11763298511505127], "k_pid_alt": [1.8736933469772339, 0.014374315738677979, 0.9103844165802002], "k_pid_att": [95.04121398925781, 0.38997721672058105, 0.9792064428329468], "k_pid_yaw": [0.5, 1e-06, 0.1], "k_pid_hsp": [0.2834734320640564, 0.0010547637939453125, 0.9436806440353394], "k_pid_vsp": [9.041940689086914, 400.0, 400.0]}, "datetime": {"datetime": "2025-08-13 18:33:03", "elapsed": 31511.07767701149, "delta": 28.61182427406311}, "costs": {"total_cost": 2189.8844927036052, "time_cost": 150, "final_distance_cost": 5.687176133122158, "oscillation_cost": 743.8003162132133, "completition_cost": 1000.0, "overshoot_cost": 144.03189868671728, "power_cost": 43.14482012939453, "noise_cost": 103.22028154115776, "n_waypoints_completed": 0, "tot_waypoints": 9}}
{"target": -6479.299762047299, "params": {"k_pid_pos": [2.0, 0.0, 0.046588242053985596], "k_pid_alt": [2.0, 0.0, 0.9972029328346252], "k_pid_att": [100.0, 9.999999747378752e-05, 0.9336346983909607], "k_pid_yaw": [0.5, 1e-06, 0.1], "k_pid_hsp": [0.48256197571754456, 0.003656148910522461, 1.0], "k_pid_vsp": [0.0, 400.0, 360.23162841796875]}, "datetime": {"datetime": "2025-08-13 18:33:32", "elapsed": 31540.5574593544, "delta": 29.479782342910767}, "costs": {"total_cost": 6479.299762047299, "time_cost": 150, "final_distance_cost": 1481.3717835813682, "oscillation_cost": 667.5548117189159, "completition_cost": 888.8888888888888, "overshoot_cost": 3228.0361880214605, "power_cost": 34.80743160400391, "noise_cost": 28.640658232661725, "n_waypoints_completed": 1, "tot_waypoints": 9}}
{"target": -2154.6237739597377, "params": {"k_pid_pos": [1.9937924146652222, 0.05051198601722717, 0.018411755561828613], "k_pid_alt": [2.0, 0.0, 0.9493805170059204], "k_pid_att": [100.0, 0.4322028160095215, 0.9836037158966064], "k_pid_yaw": [0.5, 1e-06, 0.1], "k_pid_hsp": [0.18482665717601776, 0.014874011278152466, 1.0], "k_pid_vsp": [10.321211814880371, 399.7718200683594, 391.8509826660156]}, "datetime": {"datetime": "2025-08-13 18:34:02", "elapsed": 31570.37984609604, "delta": 29.822386741638184}, "costs": {"total_cost": 2154.6237739597377, "time_cost": 150, "final_distance_cost": 59.06614201116908, "oscillation_cost": 735.2829594023236, "completition_cost": 1000.0, "overshoot_cost": 146.82619819169173, "power_cost": 35.28522674560547, "noise_cost": 28.163247608947668, "n_waypoints_completed": 0, "tot_waypoints": 9}}
{"target": -2200.920907794695, "params": {"k_pid_pos": [2.0, 0.007810056209564209, 0.0], "k_pid_alt": [2.0, 0.0, 1.0], "k_pid_att": [100.0, 0.11934356391429901, 0.9657796025276184], "k_pid_yaw": [0.5, 1e-06, 0.1], "k_pid_hsp": [0.8182761669158936, 0.0, 0.9961014986038208], "k_pid_vsp": [3.08535099029541, 385.40557861328125, 400.0]}, "datetime": {"datetime": "2025-08-13 18:34:31", "elapsed": 31599.22462105751, "delta": 28.844774961471558}, "costs": {"total_cost": 2200.920907794695, "time_cost": 150, "final_distance_cost": 3.8279983796370067, "oscillation_cost": 560.9055697031255, "completition_cost": 1000.0, "overshoot_cost": 410.7849560611576, "power_cost": 37.880924401855474, "noise_cost": 37.521459248918994, "n_waypoints_completed": 0, "tot_waypoints": 9}}
{"target": -3265.2868758004365, "params": {"k_pid_pos": [1.92141592502594, 0.006441622972488403, 0.0], "k_pid_alt": [1.9872779846191406, 0.0, 0.9943622946739197], "k_pid_att": [100.0, 9.999999747378752e-05, 0.9858005046844482], "k_pid_yaw": [0.5, 1e-06, 0.1], "k_pid_hsp": [0.26707395911216736, 0.0, 1.0], "k_pid_vsp": [17.038715362548828, 400.0, 393.1177673339844]}, "datetime": {"datetime": "2025-08-13 18:35:00", "elapsed": 31628.093893527985, "delta": 28.869272470474243}, "costs": {"total_cost": 3265.2868758004365, "time_cost": 150, "final_distance_cost": 254.5165058143763, "oscillation_cost": 793.7701506312629, "completition_cost": 1000.0, "overshoot_cost": 1002.452347078331, "power_cost": 36.32778455810547, "noise_cost": 28.220087718360855, "n_waypoints_completed": 0, "tot_waypoints": 9}}
{"target": -7280.229574582724, "params": {"k_pid_pos": [2.0, 0.0361352264881134, 0.04477095603942871], "k_pid_alt": [1.9646048545837402, 0.0035633742809295654, 1.0], "k_pid_att": [93.6163101196289, 0.6093264222145081, 1.0], "k_pid_yaw": [0.5, 1e-06, 0.1], "k_pid_hsp": [9.999999747378752e-05, 0.0, 1.0], "k_pid_vsp": [0.0, 378.35101318359375, 396.9738464355469]}, "datetime": {"datetime": "2025-08-13 18:35:29", "elapsed": 31657.194415807724, "delta": 29.10052227973938}, "costs": {"total_cost": 7280.229574582724, "time_cost": 150, "final_distance_cost": 1941.7872793267784, "oscillation_cost": 786.3645760628816, "completition_cost": 888.8888888888888, "overshoot_cost": 3449.5577593370876, "power_cost": 35.37063596191406, "noise_cost": 28.260435005174166, "n_waypoints_completed": 1, "tot_waypoints": 9}}
{"target": -3036.997658380398, "params": {"k_pid_pos": [1.9988656044006348, 0.0, 0.09826657176017761], "k_pid_alt": [1.8618202209472656, 0.0, 1.0], "k_pid_att": [98.80131530761719, 0.2187902331352234, 0.9722925424575806], "k_pid_yaw": [0.5, 1e-06, 0.1], "k_pid_hsp": [9.999999747378752e-05, 0.08131757378578186, 1.0], "k_pid_vsp": [39.96491241455078, 399.32965087890625, 400.0]}, "datetime": {"datetime": "2025-08-13 18:35:57", "elapsed": 31685.83443236351, "delta": 28.640016555786133}, "costs": {"total_cost": 3036.997658380398, "time_cost": 150, "final_distance_cost": 638.4347980826325, "oscillation_cost": 699.2483795921711, "completition_cost": 888.8888888888888, "overshoot_cost": 598.0058455556606, "power_cost": 34.460074243164065, "noise_cost": 27.95967201788173, "n_waypoints_completed": 1, "tot_waypoints": 9}}
{"target": -2407.072297170344, "params": {"k_pid_pos": [2.0, 0.0013312995433807373, 0.028931260108947754], "k_pid_alt": [2.0, 0.0, 0.9870800375938416], "k_pid_att": [100.0, 0.6484358906745911, 1.0], "k_pid_yaw": [0.5, 1e-06, 0.1], "k_pid_hsp": [9.999999747378752e-05, 0.0, 0.9413156509399414], "k_pid_vsp": [0.0, 381.6330871582031, 382.4115295410156]}, "datetime": {"datetime": "2025-08-13 18:36:26", "elapsed": 31714.746111631393, "delta": 28.9116792678833}, "costs": {"total_cost": 2407.072297170344, "time_cost": 150, "final_distance_cost": 109.44949558562435, "oscillation_cost": 786.6193687804112, "completition_cost": 1000.0, "overshoot_cost": 294.3437789931002, "power_cost": 38.109657275390624, "noise_cost": 28.549996535817755, "n_waypoints_completed": 0, "tot_waypoints": 9}}
{"target": -3119.6677355290662, "params": {"k_pid_pos": [1.91489839553833, 0.050157755613327026, 0.07998669147491455], "k_pid_alt": [1.9892480373382568, 0.0, 1.0], "k_pid_att": [100.0, 9.999999747378752e-05, 1.0], "k_pid_yaw": [0.5, 1e-06, 0.1], "k_pid_hsp": [0.32298794388771057, 0.018262624740600586, 0.970767617225647], "k_pid_vsp": [0.0, 400.0, 400.0]}, "datetime": {"datetime": "2025-08-13 18:36:55", "elapsed": 31743.376346349716, "delta": 28.630234718322754}, "costs": {"total_cost": 3119.6677355290662, "time_cost": 150, "final_distance_cost": 551.3406907001189, "oscillation_cost": 737.8232666587618, "completition_cost": 1000.0, "overshoot_cost": 615.8523060115189, "power_cost": 35.83566632080078, "noise_cost": 28.815805837865277, "n_waypoints_completed": 0, "tot_waypoints": 9}}
{"target": -3108.682224067593, "params": {"k_pid_pos": [2.0, 0.0, 0.0], "k_pid_alt": [2.0, 0.03802630305290222, 0.978858232498169], "k_pid_att": [96.91291046142578, 0.0275652464479208, 1.0], "k_pid_yaw": [0.5, 1e-06, 0.1], "k_pid_hsp": [0.5227062106132507, 0.004068553447723389, 1.0], "k_pid_vsp": [21.71137237548828, 367.5274353027344, 387.7813720703125]}, "datetime": {"datetime": "2025-08-13 18:37:24", "elapsed": 31772.70045518875, "delta": 29.324108839035034}, "costs": {"total_cost": 3108.682224067593, "time_cost": 150, "final_distance_cost": 349.90054428545847, "oscillation_cost": 581.6205111634328, "completition_cost": 1000.0, "overshoot_cost": 965.2190697865835, "power_cost": 33.61016036376953, "noise_cost": 28.331938468348653, "n_waypoints_completed": 0, "tot_waypoints": 9}}
{"target": -2199.38051664034, "params": {"k_pid_pos": [1.9543853998184204, 0.000554889440536499, 0.02262738347053528], "k_pid_alt": [2.0, 0.05453786253929138, 1.0], "k_pid_att": [100.0, 9.999999747378752e-05, 1.0], "k_pid_yaw": [0.5, 1e-06, 0.1], "k_pid_hsp": [0.3043998181819916, 0.08301764726638794, 1.0], "k_pid_vsp": [10.179829597473145, 400.0, 400.0]}, "datetime": {"datetime": "2025-08-13 18:37:52", "elapsed": 31800.864908218384, "delta": 28.16445302963257}, "costs": {"total_cost": 2199.38051664034, "time_cost": 150, "final_distance_cost": 9.389352862667055, "oscillation_cost": 710.7083890925102, "completition_cost": 1000.0, "overshoot_cost": 184.2439899292462, "power_cost": 41.704763708496095, "noise_cost": 103.3340210474201, "n_waypoints_completed": 0, "tot_waypoints": 9}}
{"target": -3302.8366989750853, "params": {"k_pid_pos": [1.897257924079895, 0.0043420493602752686, 0.0], "k_pid_alt": [2.0, 0.0, 0.9987826347351074], "k_pid_att": [97.32211303710938, 0.5888652205467224, 1.0], "k_pid_yaw": [0.5, 1e-06, 0.1], "k_pid_hsp": [0.11184805631637573, 0.010411977767944336, 0.9244722127914429], "k_pid_vsp": [28.495216369628906, 393.5386047363281, 400.0]}, "datetime": {"datetime": "2025-08-13 18:38:22", "elapsed": 31830.24693775177, "delta": 29.38202953338623}, "costs": {"total_cost": 3302.8366989750853, "time_cost": 150, "final_distance_cost": 562.9800470556457, "oscillation_cost": 841.1140985225458, "completition_cost": 1000.0, "overshoot_cost": 690.5541343947315, "power_cost": 31.989407324218753, "noise_cost": 26.199011677943613, "n_waypoints_completed": 0, "tot_waypoints": 9}}
{"target": -4409.079580349546, "params": {"k_pid_pos": [1.814420223236084, 0.00982809066772461, 0.0], "k_pid_alt": [2.0, 0.03993174433708191, 0.957503080368042], "k_pid_att": [100.0, 9.999999747378752e-05, 0.9968523979187012], "k_pid_yaw": [0.5, 1e-06, 0.1], "k_pid_hsp": [0.3902531862258911, 0.00845840573310852, 0.9579484462738037], "k_pid_vsp": [16.238616943359375, 399.2706604003906, 392.02801513671875]}, "datetime": {"datetime": "2025-08-13 18:38:57", "elapsed": 31865.86342358589, "delta": 35.616485834121704}, "costs": {"total_cost": 4409.079580349546, "time_cost": 150, "final_distance_cost": 1128.5983538400956, "oscillation_cost": 652.1701420099984, "completition_cost": 1000.0, "overshoot_cost": 1416.9288041868012, "power_cost": 33.53593543701172, "noise_cost": 27.84634487563873, "n_waypoints_completed": 0, "tot_waypoints": 9}}
{"target": -2139.4551951449043, "params": {"k_pid_pos": [1.856767177581787, 0.011305779218673706, 0.0], "k_pid_alt": [2.0, 0.06780552864074707, 1.0], "k_pid_att": [100.0, 0.4330912232398987, 0.9705491065979004], "k_pid_yaw": [0.5, 1e-06, 0.1], "k_pid_hsp": [9.999999747378752e-05, 0.0033342838287353516, 1.0], "k_pid_vsp": [0.0, 400.0, 392.0664367675781]}, "datetime": {"datetime": "2025-08-13 18:39:29", "elapsed": 31897.207612991333, "delta": 31.344189405441284}, "costs": {"total_cost": 2139.4551951449043, "time_cost": 150, "final_distance_cost": 57.31594855060686, "oscillation_cost": 728.5324324082284, "completition_cost": 1000.0, "overshoot_cost": 109.06167711457897, "power_cost": 40.654311633300786, "noise_cost": 53.89082543818953, "n_waypoints_completed": 0, "tot_waypoints": 9}}
