{"target": -5464.569872098353, "params": {"k_pid_pos": [1.9493217468261719, 0.029412508010864258, 0.016452938318252563], "k_pid_alt": [1.9249274730682373, 0.06099817156791687, 1.0], "k_pid_att": [100.0, 0.6265764236450195, 1.0], "k_pid_yaw": [0.5, 1e-06, 0.1], "k_pid_hsp": [0.3315661549568176, 0.0, 0.9941657781600952], "k_pid_vsp": [0.0, 399.9002685546875, 384.58709716796875]}, "datetime": {"datetime": "2025-08-13 19:58:38", "elapsed": 36646.448321819305, "delta": 28.389185667037964}, "costs": {"total_cost": 5464.569872098353, "time_cost": 150, "final_distance_cost": 1205.4108057688006, "oscillation_cost": 750.3956360670472, "completition_cost": 1000.0, "overshoot_cost": 2296.2037711675644, "power_cost": 34.411853857421875, "noise_cost": 28.147805237518263, "n_waypoints_completed": 0, "tot_waypoints": 9}}
{"target": -5869.118636550284, "params": {"k_pid_pos": [2.0, 0.0, 0.0], "k_pid_alt": [1.9049267768859863, 0.00419384241104126, 1.0], "k_pid_att": [89.26882934570312, 0.15743620693683624, 0.9225801229476929], "k_pid_yaw": [0.5, 1e-06, 0.1], "k_pid_hsp": [0.4955890476703644, 0.10624516010284424, 1.0], "k_pid_vsp": [0.0, 396.1999816894531, 400.0]}, "datetime": {"datetime": "2025-08-13 19:59:07", "elapsed": 36675.73708868027, "delta": 29.288766860961914}, "costs": {"total_cost": 5869.118636550284, "time_cost": 150, "final_distance_cost": 1262.0497097792077, "oscillation_cost": 601.3980749640714, "completition_cost": 1000.0, "overshoot_cost": 2791.350288423794, "power_cost": 35.40789069824219, "noise_cost": 28.912672684967713, "n_waypoints_completed": 0, "tot_waypoints": 9}}
{"target": -2206.6798750458015, "params": {"k_pid_pos": [1.9881478548049927, 0.0006782114505767822, 0.020341038703918457], "k_pid_alt": [2.0, 0.0, 0.9592571258544922], "k_pid_att": [93.11212158203125, 9.999999747378752e-05, 0.9336118698120117], "k_pid_yaw": [0.5, 1e-06, 0.1], "k_pid_hsp": [0.02568146027624607, 0.0, 1.0], "k_pid_vsp": [1.9722223281860352, 400.0, 385.1631164550781]}, "datetime": {"datetime": "2025-08-13 19:59:36", "elapsed": 36704.80203962326, "delta": 29.064950942993164}, "costs": {"total_cost": 2206.6798750458015, "time_cost": 150, "final_distance_cost": 32.08725390533666, "oscillation_cost": 718.6681387941693, "completition_cost": 1000.0, "overshoot_cost": 174.86931030446212, "power_cost": 41.49436207275391, "noise_cost": 89.56080996907923, "n_waypoints_completed": 0, "tot_waypoints": 9}}
{"target": -2574.487845508336, "params": {"k_pid_pos": [1.8779648542404175, 0.0, 0.06517204642295837], "k_pid_alt": [1.8400499820709229, 0.0, 1.0], "k_pid_att": [97.75856018066406, 0.42152294516563416, 1.0], "k_pid_yaw": [0.5, 1e-06, 0.1], "k_pid_hsp": [0.21721430122852325, 0.0, 0.945122480392456], "k_pid_vsp": [0.0, 400.0, 393.3739013671875]}, "datetime": {"datetime": "2025-08-13 20:00:06", "elapsed": 36734.56561398506, "delta": 29.763574361801147}, "costs": {"total_cost": 2574.487845508336, "time_cost": 150, "final_distance_cost": 307.90054954850183, "oscillation_cost": 747.2903569250772, "completition_cost": 1000.0, "overshoot_cost": 307.3086640135011, "power_cost": 34.251571057128906, "noise_cost": 27.736703964126644, "n_waypoints_completed": 0, "tot_waypoints": 9}}
{"target": -2267.279097367023, "params": {"k_pid_pos": [2.0, 0.10433259606361389, 0.09594660997390747], "k_pid_alt": [1.8970754146575928, 0.03199213743209839, 0.9665193557739258], "k_pid_att": [100.0, 9.999999747378752e-05, 1.0], "k_pid_yaw": [0.5, 1e-06, 0.1], "k_pid_hsp": [0.13941462337970734, 0.0, 1.0], "k_pid_vsp": [0.0, 397.4149169921875, 400.0]}, "datetime": {"datetime": "2025-08-13 20:00:35", "elapsed": 36763.762066841125, "delta": 29.196452856063843}, "costs": {"total_cost": 2267.279097367023, "time_cost": 150, "final_distance_cost": 50.282441537428056, "oscillation_cost": 761.8994015902543, "completition_cost": 1000.0, "overshoot_cost": 237.8350560975831, "power_cost": 38.464244592285155, "noise_cost": 28.797953549472286, "n_waypoints_completed": 0, "tot_waypoints": 9}}
{"target": -2149.1065441402175, "params": {"k_pid_pos": [2.0, 0.03090757131576538, 0.04135143756866455], "k_pid_alt": [1.8810817003250122, 0.0, 1.0], "k_pid_att": [99.0084228515625, 9.999999747378752e-05, 1.0], "k_pid_yaw": [0.5, 1e-06, 0.1], "k_pid_hsp": [0.04064863547682762, 0.0, 0.9897257685661316], "k_pid_vsp": [0.0, 376.9752197265625, 391.2524108886719]}, "datetime": {"datetime": "2025-08-13 20:01:04", "elapsed": 36793.03529214859, "delta": 29.2732253074646}, "costs": {"total_cost": 2149.1065441402175, "time_cost": 150, "final_distance_cost": 61.22038701731906, "oscillation_cost": 757.9667457184646, "completition_cost": 1000.0, "overshoot_cost": 112.24989021403123, "power_cost": 38.9924361328125, "noise_cost": 28.677085057589704, "n_waypoints_completed": 0, "tot_waypoints": 9}}
{"target": -3662.4007569299138, "params": {"k_pid_pos": [2.0, 0.0, 0.0], "k_pid_alt": [1.940923810005188, 0.0, 0.994452178478241], "k_pid_att": [100.0, 0.6751623749732971, 0.9910182952880859], "k_pid_yaw": [0.5, 1e-06, 0.1], "k_pid_hsp": [0.4639318287372589, 0.0, 1.0], "k_pid_vsp": [12.325441360473633, 400.0, 400.0]}, "datetime": {"datetime": "2025-08-13 20:01:33", "elapsed": 36821.75580430031, "delta": 28.72051215171814}, "costs": {"total_cost": 3662.4007569299138, "time_cost": 150, "final_distance_cost": 498.0308113599189, "oscillation_cost": 705.2688706129928, "completition_cost": 1000.0, "overshoot_cost": 1245.1191960336316, "power_cost": 35.63232854003906, "noise_cost": 28.349550383331447, "n_waypoints_completed": 0, "tot_waypoints": 9}}
{"target": -1894.3802523735499, "params": {"k_pid_pos": [2.0, 0.0, 0.0], "k_pid_alt": [2.0, 0.0, 0.9817104339599609], "k_pid_att": [100.0, 9.999999747378752e-05, 0.9723391532897949], "k_pid_yaw": [0.5, 1e-06, 0.1], "k_pid_hsp": [0.7459004521369934, 0.05705684423446655, 1.0], "k_pid_vsp": [0.0, 400.0, 400.0]}, "datetime": {"datetime": "2025-08-13 20:02:02", "elapsed": 36850.88573884964, "delta": 29.129934549331665}, "costs": {"total_cost": 1894.3802523735499, "time_cost": 150, "final_distance_cost": 20.349813766081358, "oscillation_cost": 360.6812788398103, "completition_cost": 1000.0, "overshoot_cost": 257.411298608603, "power_cost": 37.704134985351565, "noise_cost": 68.23372617370376, "n_waypoints_completed": 0, "tot_waypoints": 9}}
{"target": -3516.680778490581, "params": {"k_pid_pos": [1.9987213611602783, 0.013554096221923828, 0.0], "k_pid_alt": [1.8950936794281006, 0.0, 0.9972621202468872], "k_pid_att": [100.0, 9.999999747378752e-05, 0.9954540133476257], "k_pid_yaw": [0.5, 1e-06, 0.1], "k_pid_hsp": [0.6267638802528381, 0.0, 0.9835725426673889], "k_pid_vsp": [0.0, 388.44970703125, 396.3243408203125]}, "datetime": {"datetime": "2025-08-13 20:02:31", "elapsed": 36879.6005358696, "delta": 28.714797019958496}, "costs": {"total_cost": 3516.680778490581, "time_cost": 150, "final_distance_cost": 625.3055941555922, "oscillation_cost": 480.0534161001303, "completition_cost": 1000.0, "overshoot_cost": 1196.5394418228223, "power_cost": 35.57242742919922, "noise_cost": 29.209898982836414, "n_waypoints_completed": 0, "tot_waypoints": 9}}
{"target": -2022.0073428242893, "params": {"k_pid_pos": [1.9307230710983276, 0.013553738594055176, 0.0], "k_pid_alt": [1.9009604454040527, 0.0, 0.9805322885513306], "k_pid_att": [99.76242065429688, 0.2914809286594391, 0.9812442064285278], "k_pid_yaw": [0.5, 1e-06, 0.1], "k_pid_hsp": [0.12062892317771912, 0.06693774461746216, 1.0], "k_pid_vsp": [0.0, 400.0, 397.6673889160156]}, "datetime": {"datetime": "2025-08-13 20:02:59", "elapsed": 36908.06813073158, "delta": 28.467594861984253}, "costs": {"total_cost": 2022.0073428242893, "time_cost": 150, "final_distance_cost": 52.765743176847074, "oscillation_cost": 724.2764537599309, "completition_cost": 888.8888888888888, "overshoot_cost": 136.73252580016535, "power_cost": 40.22922531738281, "noise_cost": 29.114505881074408, "n_waypoints_completed": 1, "tot_waypoints": 9}}
{"target": -2783.5621415751198, "params": {"k_pid_pos": [2.0, 0.007123798131942749, 0.0], "k_pid_alt": [2.0, 0.0, 1.0], "k_pid_att": [100.0, 0.25277137756347656, 0.892755389213562], "k_pid_yaw": [0.5, 1e-06, 0.1], "k_pid_hsp": [0.03275914490222931, 0.06800013780593872, 1.0], "k_pid_vsp": [0.0, 400.0, 396.9717712402344]}, "datetime": {"datetime": "2025-08-13 20:03:29", "elapsed": 36937.47274398804, "delta": 29.404613256454468}, "costs": {"total_cost": 2783.5621415751198, "time_cost": 150, "final_distance_cost": 342.88781553158907, "oscillation_cost": 913.3388098304035, "completition_cost": 1000.0, "overshoot_cost": 322.25179287942717, "power_cost": 29.613395178222657, "noise_cost": 25.470328155477223, "n_waypoints_completed": 0, "tot_waypoints": 9}}
{"target": -2360.02678885182, "params": {"k_pid_pos": [1.8585041761398315, 0.010473877191543579, 0.025359302759170532], "k_pid_alt": [2.0, 0.0, 0.9991025924682617], "k_pid_att": [93.61502838134766, 9.999999747378752e-05, 0.9320601224899292], "k_pid_yaw": [0.5, 1e-06, 0.1], "k_pid_hsp": [9.999999747378752e-05, 0.0, 0.9062432646751404], "k_pid_vsp": [1.9468307495117188, 395.8700866699219, 400.0]}, "datetime": {"datetime": "2025-08-13 20:03:59", "elapsed": 36967.18561911583, "delta": 29.71287512779236}, "costs": {"total_cost": 2360.02678885182, "time_cost": 150, "final_distance_cost": 99.48668809076835, "oscillation_cost": 769.9378208693673, "completition_cost": 1000.0, "overshoot_cost": 274.45640258849403, "power_cost": 37.04944711914062, "noise_cost": 29.096430184049844, "n_waypoints_completed": 0, "tot_waypoints": 9}}
{"target": -2752.173054356259, "params": {"k_pid_pos": [1.8800151348114014, 0.0, 0.04181995987892151], "k_pid_alt": [1.9606773853302002, 0.00853303074836731, 0.9389097094535828], "k_pid_att": [97.37548828125, 9.999999747378752e-05, 0.8703889846801758], "k_pid_yaw": [0.5, 1e-06, 0.1], "k_pid_hsp": [9.999999747378752e-05, 0.0, 0.8871888518333435], "k_pid_vsp": [0.0, 366.2615966796875, 385.2392578125]}, "datetime": {"datetime": "2025-08-13 20:04:28", "elapsed": 36996.601340293884, "delta": 29.41572117805481}, "costs": {"total_cost": 2752.173054356259, "time_cost": 150, "final_distance_cost": 52.36404463087851, "oscillation_cost": 741.7758931511178, "completition_cost": 1000.0, "overshoot_cost": 731.6087261649693, "power_cost": 38.944208154296874, "noise_cost": 37.48018225499672, "n_waypoints_completed": 0, "tot_waypoints": 9}}
{"target": -2208.6563037093783, "params": {"k_pid_pos": [2.0, 0.11844384670257568, 0.0], "k_pid_alt": [2.0, 0.0, 1.0], "k_pid_att": [100.0, 9.999999747378752e-05, 0.9213653206825256], "k_pid_yaw": [0.5, 1e-06, 0.1], "k_pid_hsp": [0.5280669927597046, 0.0, 0.9009377956390381], "k_pid_vsp": [0.0, 377.0402526855469, 400.0]}, "datetime": {"datetime": "2025-08-13 20:04:58", "elapsed": 37026.3878428936, "delta": 29.786502599716187}, "costs": {"total_cost": 2208.6563037093783, "time_cost": 150, "final_distance_cost": 2.0116634161095606, "oscillation_cost": 725.5380002586554, "completition_cost": 1000.0, "overshoot_cost": 148.34102631608008, "power_cost": 54.33794317626953, "noise_cost": 128.42767054226343, "n_waypoints_completed": 0, "tot_waypoints": 9}}
{"target": -8504.289302334928, "params": {"k_pid_pos": [1.9409648180007935, 0.08907073736190796, 0.06768423318862915], "k_pid_alt": [2.0, 0.028280556201934814, 1.0], "k_pid_att": [95.13600158691406, 9.999999747378752e-05, 0.9714428186416626], "k_pid_yaw": [0.5, 1e-06, 0.1], "k_pid_hsp": [0.6960672736167908, 0.0, 1.0], "k_pid_vsp": [0.0, 382.5917663574219, 398.4701843261719]}, "datetime": {"datetime": "2025-08-13 20:05:27", "elapsed": 37055.47666692734, "delta": 29.088824033737183}, "costs": {"total_cost": 8504.289302334928, "time_cost": 150, "final_distance_cost": 2149.6432037852546, "oscillation_cost": 735.8818201695926, "completition_cost": 1000.0, "overshoot_cost": 4405.707276723659, "power_cost": 34.09564898681641, "noise_cost": 28.961352669604604, "n_waypoints_completed": 0, "tot_waypoints": 9}}
{"target": -9159.724439006595, "params": {"k_pid_pos": [1.9736570119857788, 0.0, 0.0], "k_pid_alt": [1.950639247894287, 0.0, 0.9587699770927429], "k_pid_att": [96.79188537597656, 9.999999747378752e-05, 0.8739551305770874], "k_pid_yaw": [0.5, 1e-06, 0.1], "k_pid_hsp": [0.05455068498849869, 0.0, 0.9607024192810059], "k_pid_vsp": [0.0, 364.08734130859375, 360.9465637207031]}, "datetime": {"datetime": "2025-08-13 20:05:56", "elapsed": 37084.59982037544, "delta": 29.12315344810486}, "costs": {"total_cost": 9159.724439006595, "time_cost": 150, "final_distance_cost": 2466.6704497920823, "oscillation_cost": 750.6963403375075, "completition_cost": 1000.0, "overshoot_cost": 4729.340596541128, "power_cost": 34.91474421386719, "noise_cost": 28.10230812200977, "n_waypoints_completed": 0, "tot_waypoints": 9}}
{"target": -1806.9595373600484, "params": {"k_pid_pos": [1.952152967453003, 0.035583287477493286, 0.08698272705078125], "k_pid_alt": [1.9474642276763916, 0.0, 0.925889253616333], "k_pid_att": [84.73735809326172, 0.35775259137153625, 1.0], "k_pid_yaw": [0.5, 1e-06, 0.1], "k_pid_hsp": [0.5419178009033203, 0.0, 1.0], "k_pid_vsp": [43.51359558105469, 400.0, 377.2745361328125]}, "datetime": {"datetime": "2025-08-13 20:06:25", "elapsed": 37113.57499456406, "delta": 28.97517418861389}, "costs": {"total_cost": 1806.9595373600484, "time_cost": 150, "final_distance_cost": 81.67286224955456, "oscillation_cost": 522.8578050628864, "completition_cost": 888.8888888888888, "overshoot_cost": 98.43738239287048, "power_cost": 36.00569091796875, "noise_cost": 29.096907847879756, "n_waypoints_completed": 1, "tot_waypoints": 9}}
{"target": -1961.802900552766, "params": {"k_pid_pos": [2.0, 0.022944241762161255, 0.10292449593544006], "k_pid_alt": [1.629511833190918, 0.0, 1.0], "k_pid_att": [97.3537826538086, 9.999999747378752e-05, 0.9565231204032898], "k_pid_yaw": [0.5, 1e-06, 0.1], "k_pid_hsp": [1.0187921524047852, 0.07005888223648071, 0.9773433804512024], "k_pid_vsp": [0.0, 375.8812561035156, 386.1194152832031]}, "datetime": {"datetime": "2025-08-13 20:06:54", "elapsed": 37142.45262694359, "delta": 28.87763237953186}, "costs": {"total_cost": 1961.802900552766, "time_cost": 150, "final_distance_cost": 93.76115689909327, "oscillation_cost": 506.7991997160895, "completition_cost": 888.8888888888888, "overshoot_cost": 255.30643911330714, "power_cost": 36.24631905517578, "noise_cost": 30.800896880211674, "n_waypoints_completed": 1, "tot_waypoints": 9}}
{"target": -3269.400328558905, "params": {"k_pid_pos": [2.0, 0.03919336199760437, 0.008680552244186401], "k_pid_alt": [2.0, 0.0, 1.0], "k_pid_att": [98.06503295898438, 9.999999747378752e-05, 0.8644768595695496], "k_pid_yaw": [0.5, 1e-06, 0.1], "k_pid_hsp": [9.999999747378752e-05, 0.03041723370552063, 1.0], "k_pid_vsp": [8.442985534667969, 400.0, 396.78338623046875]}, "datetime": {"datetime": "2025-08-13 20:07:22", "elapsed": 37171.07581567764, "delta": 28.623188734054565}, "costs": {"total_cost": 3269.400328558905, "time_cost": 150, "final_distance_cost": 369.84207384745486, "oscillation_cost": 808.1405548152366, "completition_cost": 888.8888888888888, "overshoot_cost": 987.5482046715321, "power_cost": 36.346905249023436, "noise_cost": 28.633701086769104, "n_waypoints_completed": 1, "tot_waypoints": 9}}
{"target": -3351.9166411529645, "params": {"k_pid_pos": [1.9463838338851929, 0.0, 0.0], "k_pid_alt": [1.980497121810913, 0.048881709575653076, 1.0], "k_pid_att": [100.0, 1.0178320407867432, 0.9114446640014648], "k_pid_yaw": [0.5, 1e-06, 0.1], "k_pid_hsp": [9.999999747378752e-05, 0.026326775550842285, 1.0], "k_pid_vsp": [17.975830078125, 395.60595703125, 383.2149658203125]}, "datetime": {"datetime": "2025-08-13 20:07:52", "elapsed": 37200.628109931946, "delta": 29.55229425430298}, "costs": {"total_cost": 3351.9166411529645, "time_cost": 150, "final_distance_cost": 633.0356985298921, "oscillation_cost": 819.9210263411946, "completition_cost": 1000.0, "overshoot_cost": 687.5933313218596, "power_cost": 33.877834899902346, "noise_cost": 27.488750060115724, "n_waypoints_completed": 0, "tot_waypoints": 9}}
{"target": -1654.7996779840162, "params": {"k_pid_pos": [1.9526362419128418, 0.0, 0.07813131809234619], "k_pid_alt": [1.8938639163970947, 0.0, 1.0], "k_pid_att": [99.06342315673828, 0.6750497221946716, 1.0], "k_pid_yaw": [0.5, 1e-06, 0.1], "k_pid_hsp": [0.5900847315788269, 0.0, 0.9680595993995667], "k_pid_vsp": [24.130939483642578, 400.0, 389.30780029296875]}, "datetime": {"datetime": "2025-08-13 20:08:21", "elapsed": 37229.5716688633, "delta": 28.943558931350708}, "costs": {"total_cost": 1654.7996779840162, "time_cost": 150, "final_distance_cost": 86.4263937641643, "oscillation_cost": 428.838945907963, "completition_cost": 777.7777777777778, "overshoot_cost": 132.71774892481085, "power_cost": 40.509219238281254, "noise_cost": 38.52959237101896, "n_waypoints_completed": 2, "tot_waypoints": 9}}
{"target": -4573.811922189627, "params": {"k_pid_pos": [2.0, 0.06819546222686768, 0.0], "k_pid_alt": [1.7750152349472046, 0.0, 1.0], "k_pid_att": [100.0, 9.999999747378752e-05, 0.9970334768295288], "k_pid_yaw": [0.5, 1e-06, 0.1], "k_pid_hsp": [9.999999747378752e-05, 0.0690111517906189, 0.977875292301178], "k_pid_vsp": [0.0, 400.0, 374.1064758300781]}, "datetime": {"datetime": "2025-08-13 20:08:50", "elapsed": 37259.024416685104, "delta": 29.45274782180786}, "costs": {"total_cost": 4573.811922189627, "time_cost": 150, "final_distance_cost": 1049.9953281044939, "oscillation_cost": 756.1665511954957, "completition_cost": 1000.0, "overshoot_cost": 1554.1945479690837, "power_cost": 35.33398660888672, "noise_cost": 28.12150831166692, "n_waypoints_completed": 0, "tot_waypoints": 9}}
{"target": -2439.1965593019713, "params": {"k_pid_pos": [1.9224488735198975, 0.0, 0.025898784399032593], "k_pid_alt": [2.0, 0.02564874291419983, 1.0], "k_pid_att": [98.2618179321289, 0.11307589709758759, 0.9482499957084656], "k_pid_yaw": [0.5, 1e-06, 0.1], "k_pid_hsp": [9.999999747378752e-05, 0.013397127389907837, 1.0], "k_pid_vsp": [0.0, 375.015625, 400.0]}, "datetime": {"datetime": "2025-08-13 20:09:19", "elapsed": 37287.90513420105, "delta": 28.880717515945435}, "costs": {"total_cost": 2439.1965593019713, "time_cost": 150, "final_distance_cost": 188.7841276000335, "oscillation_cost": 851.2427900843264, "completition_cost": 1000.0, "overshoot_cost": 189.60716778225418, "power_cost": 32.5284181640625, "noise_cost": 27.034055671294453, "n_waypoints_completed": 0, "tot_waypoints": 9}}
{"target": -4444.061906137043, "params": {"k_pid_pos": [2.0, 0.0, 0.0], "k_pid_alt": [1.901178240776062, 0.06329238414764404, 1.0], "k_pid_att": [100.0, 0.3099727928638458, 1.0], "k_pid_yaw": [0.5, 1e-06, 0.1], "k_pid_hsp": [9.999999747378752e-05, 0.0, 1.0], "k_pid_vsp": [0.0, 400.0, 400.0]}, "datetime": {"datetime": "2025-08-13 20:09:49", "elapsed": 37317.13386487961, "delta": 29.22873067855835}, "costs": {"total_cost": 4444.061906137043, "time_cost": 150, "final_distance_cost": 617.4823249424383, "oscillation_cost": 882.1717264193804, "completition_cost": 1000.0, "overshoot_cost": 1731.7059987063953, "power_cost": 34.61143656005859, "noise_cost": 28.090419508769948, "n_waypoints_completed": 0, "tot_waypoints": 9}}
{"target": -3168.5088653107236, "params": {"k_pid_pos": [1.8237453699111938, 0.0, 0.0197298526763916], "k_pid_alt": [2.0, 0.019132375717163086, 0.9321856498718262], "k_pid_att": [98.5101547241211, 9.999999747378752e-05, 0.9776450395584106], "k_pid_yaw": [0.5, 1e-06, 0.1], "k_pid_hsp": [9.999999747378752e-05, 0.0, 1.0], "k_pid_vsp": [4.8864006996154785, 388.5367736816406, 366.8548889160156]}, "datetime": {"datetime": "2025-08-13 20:10:19", "elapsed": 37347.16793179512, "delta": 30.034066915512085}, "costs": {"total_cost": 3168.5088653107236, "time_cost": 150, "final_distance_cost": 489.32520929665804, "oscillation_cost": 876.2567903988594, "completition_cost": 1000.0, "overshoot_cost": 588.0630836998384, "power_cost": 36.171096582031254, "noise_cost": 28.69268533333662, "n_waypoints_completed": 0, "tot_waypoints": 9}}
{"target": -1944.7414961370202, "params": {"k_pid_pos": [1.9683722257614136, 0.0, 0.05020347237586975], "k_pid_alt": [1.9765650033950806, 0.016705334186553955, 1.0], "k_pid_att": [100.0, 9.999999747378752e-05, 0.9926939010620117], "k_pid_yaw": [0.5, 1e-06, 0.1], "k_pid_hsp": [0.5658804178237915, 0.0, 0.9767168760299683], "k_pid_vsp": [0.0, 400.0, 400.0]}, "datetime": {"datetime": "2025-08-13 20:10:47", "elapsed": 37375.708741903305, "delta": 28.540810108184814}, "costs": {"total_cost": 1944.7414961370202, "time_cost": 150, "final_distance_cost": 11.565614282384393, "oscillation_cost": 414.5047394031015, "completition_cost": 1000.0, "overshoot_cost": 299.9550582388293, "power_cost": 38.367298779296874, "noise_cost": 30.348785433408487, "n_waypoints_completed": 0, "tot_waypoints": 9}}
{"target": -2159.603852074862, "params": {"k_pid_pos": [2.0, 0.04694369435310364, 0.0866653323173523], "k_pid_alt": [2.0, 0.0, 0.9069879651069641], "k_pid_att": [97.9264907836914, 9.999999747378752e-05, 0.9899377822875977], "k_pid_yaw": [0.5, 1e-06, 0.1], "k_pid_hsp": [0.13011491298675537, 0.06328299641609192, 1.0], "k_pid_vsp": [0.0, 400.0, 392.4202880859375]}, "datetime": {"datetime": "2025-08-13 20:11:15", "elapsed": 37403.94566011429, "delta": 28.236918210983276}, "costs": {"total_cost": 2159.603852074862, "time_cost": 150, "final_distance_cost": 53.4930976028104, "oscillation_cost": 645.0238702769914, "completition_cost": 1000.0, "overshoot_cost": 232.46039958439033, "power_cost": 39.97222467041016, "noise_cost": 38.65425994026024, "n_waypoints_completed": 0, "tot_waypoints": 9}}
