{"target": -1334.8401055642234, "params": {"k_pid_pos": [1.9882762432098389, 0.49119699001312256, 0.9290894269943237], "k_pid_alt": [0.6224712133407593, 0.7229612469673157, 0.8235028982162476], "k_pid_att": [74.99102783203125, 3.897306442260742, 0.47560274600982666], "k_pid_yaw": [0.5, 1e-06, 0.1], "k_pid_hsp": [4.461822986602783, 0.060640186071395874, 0.6375648975372314], "k_pid_vsp": [138.36257934570312, 41.55842208862305, 235.1665802001953]}, "datetime": {"datetime": "2025-08-13 10:11:18", "elapsed": 1406.3133170604706, "delta": 35.37309527397156}, "costs": {"total_cost": 1334.8401055642234, "time_cost": 150, "final_distance_cost": 78.60617631585517, "oscillation_cost": 515.6698735610914, "completition_cost": 444.4444444444444, "overshoot_cost": 81.12327587015957, "power_cost": 34.12880030517578, "noise_cost": 30.86753506749711, "n_waypoints_completed": 5, "tot_waypoints": 9}}
{"target": -1933.8873165403415, "params": {"k_pid_pos": [0.7619973421096802, 0.3875580430030823, 0.26517394185066223], "k_pid_alt": [1.1645070314407349, 0.39397603273391724, 0.7273231148719788], "k_pid_att": [69.33660888671875, 1.5067263841629028, 0.9539691209793091], "k_pid_yaw": [0.5, 1e-06, 0.1], "k_pid_hsp": [1.152193546295166, 0.577208936214447, 0.4359845519065857], "k_pid_vsp": [27.074695587158203, 348.919189453125, 374.92388916015625]}, "datetime": {"datetime": "2025-08-13 10:11:45", "elapsed": 1434.0140459537506, "delta": 27.70072889328003}, "costs": {"total_cost": 1933.8873165403415, "time_cost": 150, "final_distance_cost": 171.48503229001176, "oscillation_cost": 298.2990321878256, "completition_cost": 1000.0, "overshoot_cost": 251.74066534008978, "power_cost": 32.67573878173828, "noise_cost": 29.686847940676195, "n_waypoints_completed": 0, "tot_waypoints": 9}}
{"target": -363.12639000657055, "params": {"k_pid_pos": [1.285814642906189, 0.39296814799308777, 0.1869639754295349], "k_pid_alt": [0.9735462665557861, 0.9732007384300232, 0.8059268593788147], "k_pid_att": [4.210200786590576, 10.0, 0.6932401657104492], "k_pid_yaw": [0.5, 1e-06, 0.1], "k_pid_hsp": [8.85372257232666, 0.3524831235408783, 0.06749558448791504], "k_pid_vsp": [214.58399963378906, 217.9769287109375, 49.54519271850586]}, "datetime": {"datetime": "2025-08-13 10:12:13", "elapsed": 1461.4331829547882, "delta": 27.419137001037598}, "costs": {"total_cost": 363.12639000657055, "time_cost": 100.765, "final_distance_cost": 1.7522769490082304, "oscillation_cost": 155.49881247710837, "completition_cost": 0.0, "overshoot_cost": 56.62035498380416, "power_cost": 24.796008532714843, "noise_cost": 23.693937063934975, "n_waypoints_completed": 9, "tot_waypoints": 9}}
{"target": -717.7547352646255, "params": {"k_pid_pos": [1.9118748903274536, 0.8734514713287354, 0.7890198826789856], "k_pid_alt": [2.0, 0.46561211347579956, 0.42639586329460144], "k_pid_att": [20.20669937133789, 2.8671281337738037, 0.31580621004104614], "k_pid_yaw": [0.5, 1e-06, 0.1], "k_pid_hsp": [2.077436685562134, 0.6316816806793213, 0.38862308859825134], "k_pid_vsp": [290.55902099609375, 136.2283172607422, 87.9802474975586]}, "datetime": {"datetime": "2025-08-13 10:12:42", "elapsed": 1490.5779395103455, "delta": 29.14475655555725}, "costs": {"total_cost": 717.7547352646255, "time_cost": 150, "final_distance_cost": 9.861183090486707, "oscillation_cost": 326.11780412184055, "completition_cost": 111.11111111111116, "overshoot_cost": 63.41659635627046, "power_cost": 29.544302709960938, "noise_cost": 27.70373787495562, "n_waypoints_completed": 8, "tot_waypoints": 9}}
{"target": -589.454088616405, "params": {"k_pid_pos": [1.7258986234664917, 0.7679926156997681, 0.9042949676513672], "k_pid_alt": [0.7415931224822998, 0.9446887969970703, 0.6387064456939697], "k_pid_att": [16.113706588745117, 1.7300992012023926, 0.210452139377594], "k_pid_yaw": [0.5, 1e-06, 0.1], "k_pid_hsp": [7.338104248046875, 0.4028399586677551, 0.9948985576629639], "k_pid_vsp": [274.55950927734375, 119.81130981445312, 73.1068344116211]}, "datetime": {"datetime": "2025-08-13 10:13:08", "elapsed": 1516.1432032585144, "delta": 25.565263748168945}, "costs": {"total_cost": 589.454088616405, "time_cost": 106.32300000000001, "final_distance_cost": 1.782228135892077, "oscillation_cost": 360.72670763305086, "completition_cost": 0.0, "overshoot_cost": 60.4946552640865, "power_cost": 31.060885290527345, "noise_cost": 29.066612292848127, "n_waypoints_completed": 9, "tot_waypoints": 9}}
{"target": -2190.050840487371, "params": {"k_pid_pos": [1.46505606174469, 0.3367612361907959, 0.6400768756866455], "k_pid_alt": [0.7868223190307617, 0.10470664501190186, 0.4029614329338074], "k_pid_att": [64.34815979003906, 9.772547721862793, 0.36964455246925354], "k_pid_yaw": [0.5, 1e-06, 0.1], "k_pid_hsp": [0.20640599727630615, 0.7129693031311035, 0.5888310670852661], "k_pid_vsp": [68.09616088867188, 122.56903839111328, 328.5081787109375]}, "datetime": {"datetime": "2025-08-13 10:13:36", "elapsed": 1544.928367614746, "delta": 28.78516435623169}, "costs": {"total_cost": 2190.050840487371, "time_cost": 150, "final_distance_cost": 258.9686627889718, "oscillation_cost": 551.0213062710081, "completition_cost": 888.8888888888888, "overshoot_cost": 274.00176084360663, "power_cost": 33.382756982421874, "noise_cost": 33.787464712473714, "n_waypoints_completed": 1, "tot_waypoints": 9}}
{"target": -952.1786115480918, "params": {"k_pid_pos": [1.219104290008545, 0.8324511647224426, 0.6314311027526855], "k_pid_alt": [0.0, 0.537751317024231, 0.904224157333374], "k_pid_att": [66.96483612060547, 1.6147414445877075, 0.38721299171447754], "k_pid_yaw": [0.5, 1e-06, 0.1], "k_pid_hsp": [4.523466110229492, 0.17052501440048218, 0.012195855379104614], "k_pid_vsp": [343.08587646484375, 203.58627319335938, 280.4530029296875]}, "datetime": {"datetime": "2025-08-13 10:14:09", "elapsed": 1577.7855088710785, "delta": 32.8571412563324}, "costs": {"total_cost": 952.1786115480918, "time_cost": 150, "final_distance_cost": 81.87644534967812, "oscillation_cost": 375.2311966960228, "completition_cost": 222.2222222222222, "overshoot_cost": 64.36901736425766, "power_cost": 31.286431567382813, "noise_cost": 27.19329834852832, "n_waypoints_completed": 7, "tot_waypoints": 9}}
{"target": -1564.228625620405, "params": {"k_pid_pos": [0.0745747834444046, 0.6419736742973328, 0.1770521104335785], "k_pid_alt": [0.7763066291809082, 0.8940867185592651, 0.548496663570404], "k_pid_att": [63.64817810058594, 1.0247045755386353, 0.8619362115859985], "k_pid_yaw": [0.5, 1e-06, 0.1], "k_pid_hsp": [8.517313957214355, 0.9116113185882568, 0.6322203874588013], "k_pid_vsp": [212.59413146972656, 150.65744018554688, 261.2856750488281]}, "datetime": {"datetime": "2025-08-13 10:14:41", "elapsed": 1609.3846096992493, "delta": 31.599100828170776}, "costs": {"total_cost": 1564.228625620405, "time_cost": 150, "final_distance_cost": 47.80897465750251, "oscillation_cost": 265.6751372522498, "completition_cost": 888.8888888888888, "overshoot_cost": 90.83062579968751, "power_cost": 50.719982617187505, "noise_cost": 70.30501640488879, "n_waypoints_completed": 1, "tot_waypoints": 9}}
{"target": -3154.6365673806904, "params": {"k_pid_pos": [1.3096950054168701, 0.02635332942008972, 0.8955984115600586], "k_pid_alt": [1.0721261501312256, 0.05979752540588379, 0.8485987186431885], "k_pid_att": [77.38524627685547, 1.6110395193099976, 0.6920280456542969], "k_pid_yaw": [0.5, 1e-06, 0.1], "k_pid_hsp": [1.716383934020996, 0.6172958612442017, 0.9627279043197632], "k_pid_vsp": [20.1517333984375, 232.48033142089844, 305.8188781738281]}, "datetime": {"datetime": "2025-08-13 10:15:26", "elapsed": 1654.2474293708801, "delta": 44.86281967163086}, "costs": {"total_cost": 3154.6365673806904, "time_cost": 150, "final_distance_cost": 436.36440767022907, "oscillation_cost": 653.7323575425062, "completition_cost": 1000.0, "overshoot_cost": 850.3422401582602, "power_cost": 35.235725012207034, "noise_cost": 28.961836997487787, "n_waypoints_completed": 0, "tot_waypoints": 9}}
{"target": -1192.153408252886, "params": {"k_pid_pos": [0.23050907254219055, 0.24147182703018188, 0.10423314571380615], "k_pid_alt": [0.9868853092193604, 0.021500319242477417, 0.8245068788528442], "k_pid_att": [66.99958038330078, 7.660064220428467, 0.1957373023033142], "k_pid_yaw": [0.5, 1e-06, 0.1], "k_pid_hsp": [5.524117469787598, 0.25993192195892334, 0.9083315134048462], "k_pid_vsp": [343.0677490234375, 289.6635437011719, 104.04238891601562]}, "datetime": {"datetime": "2025-08-13 10:15:58", "elapsed": 1686.820487499237, "delta": 32.573058128356934}, "costs": {"total_cost": 1192.153408252886, "time_cost": 150, "final_distance_cost": 68.80215976449249, "oscillation_cost": 638.8775502709215, "completition_cost": 222.2222222222222, "overshoot_cost": 46.76591791615785, "power_cost": 36.75352705078125, "noise_cost": 28.732031028310786, "n_waypoints_completed": 7, "tot_waypoints": 9}}
{"target": -874.8991478206615, "params": {"k_pid_pos": [0.26322588324546814, 0.9252132177352905, 0.0], "k_pid_alt": [1.5724577903747559, 0.30972886085510254, 0.2648717164993286], "k_pid_att": [64.07240295410156, 4.540805339813232, 0.6282784938812256], "k_pid_yaw": [0.5, 1e-06, 0.1], "k_pid_hsp": [2.0646584033966064, 0.5768243670463562, 0.3551838994026184], "k_pid_vsp": [389.6744384765625, 15.745712280273438, 228.36720275878906]}, "datetime": {"datetime": "2025-08-13 10:16:30", "elapsed": 1718.3819918632507, "delta": 31.561504364013672}, "costs": {"total_cost": 874.8991478206615, "time_cost": 150, "final_distance_cost": 63.62020076950375, "oscillation_cost": 187.9293208672532, "completition_cost": 333.33333333333337, "overshoot_cost": 75.33403337603193, "power_cost": 35.98010166015625, "noise_cost": 28.70215781438293, "n_waypoints_completed": 6, "tot_waypoints": 9}}
{"target": -2325.426242313948, "params": {"k_pid_pos": [0.9191574454307556, 0.6446996331214905, 0.7700375318527222], "k_pid_alt": [0.562590479850769, 0.5505543947219849, 0.05918663740158081], "k_pid_att": [59.45280838012695, 6.622697353363037, 0.5729582905769348], "k_pid_yaw": [0.5, 1e-06, 0.1], "k_pid_hsp": [5.95319128036499, 0.44890296459198, 0.07454419136047363], "k_pid_vsp": [241.92410278320312, 102.8310317993164, 359.3102111816406]}, "datetime": {"datetime": "2025-08-13 10:17:19", "elapsed": 1767.4482400417328, "delta": 49.066248178482056}, "costs": {"total_cost": 2325.426242313948, "time_cost": 150, "final_distance_cost": 181.72683581515554, "oscillation_cost": 745.8204783005326, "completition_cost": 888.8888888888888, "overshoot_cost": 304.5539290055766, "power_cost": 27.088349072265625, "noise_cost": 27.34776123152868, "n_waypoints_completed": 1, "tot_waypoints": 9}}
{"target": -1526.1793120322764, "params": {"k_pid_pos": [1.8958940505981445, 1.0, 0.6749926805496216], "k_pid_alt": [0.6061484813690186, 0.7080700993537903, 0.2797168493270874], "k_pid_att": [49.38903045654297, 2.5321199893951416, 0.8858200907707214], "k_pid_yaw": [0.5, 1e-06, 0.1], "k_pid_hsp": [6.601067066192627, 0.009636610746383667, 0.08854752779006958], "k_pid_vsp": [97.92764282226562, 130.6253204345703, 125.08421325683594]}, "datetime": {"datetime": "2025-08-13 10:17:51", "elapsed": 1799.486981868744, "delta": 32.03874182701111}, "costs": {"total_cost": 1526.1793120322764, "time_cost": 150, "final_distance_cost": 51.619226036228405, "oscillation_cost": 119.72925350386679, "completition_cost": 888.8888888888888, "overshoot_cost": 136.76708848561574, "power_cost": 54.57665780029297, "noise_cost": 124.59819731738392, "n_waypoints_completed": 1, "tot_waypoints": 9}}
{"target": -573.5543727825178, "params": {"k_pid_pos": [1.9409865140914917, 0.38103049993515015, 0.9012112617492676], "k_pid_alt": [1.0495094060897827, 0.7917066812515259, 0.5250866413116455], "k_pid_att": [41.180992126464844, 6.667452335357666, 0.2261001467704773], "k_pid_yaw": [0.5, 1e-06, 0.1], "k_pid_hsp": [6.387332916259766, 0.16512170433998108, 0.7127807140350342], "k_pid_vsp": [44.507049560546875, 400.0, 48.71887969970703]}, "datetime": {"datetime": "2025-08-13 10:18:16", "elapsed": 1824.5826754570007, "delta": 25.095693588256836}, "costs": {"total_cost": 573.5543727825178, "time_cost": 97.783, "final_distance_cost": 1.7468301623887432, "oscillation_cost": 360.2071909188578, "completition_cost": 0.0, "overshoot_cost": 56.836298629607995, "power_cost": 31.97755936279297, "noise_cost": 25.003493708870383, "n_waypoints_completed": 9, "tot_waypoints": 9}}
{"target": -1398.6558497809178, "params": {"k_pid_pos": [0.27950596809387207, 0.40048331022262573, 0.7463270425796509], "k_pid_alt": [1.703971028327942, 0.46734023094177246, 0.6587570905685425], "k_pid_att": [46.61050033569336, 8.257706642150879, 0.5542303919792175], "k_pid_yaw": [0.5, 1e-06, 0.1], "k_pid_hsp": [0.5431647300720215, 0.7572329044342041, 0.3688754737377167], "k_pid_vsp": [30.18430519104004, 33.39561080932617, 3.5949954986572266]}, "datetime": {"datetime": "2025-08-13 10:18:46", "elapsed": 1854.2544016838074, "delta": 29.67172622680664}, "costs": {"total_cost": 1398.6558497809178, "time_cost": 150, "final_distance_cost": 76.37905570623909, "oscillation_cost": 708.6973717258829, "completition_cost": 333.33333333333337, "overshoot_cost": 68.51907504879505, "power_cost": 31.734161462402344, "noise_cost": 29.992852504265063, "n_waypoints_completed": 6, "tot_waypoints": 9}}
{"target": -476.5927859305429, "params": {"k_pid_pos": [1.743274211883545, 0.5490691661834717, 0.4276353418827057], "k_pid_alt": [0.6390926241874695, 0.07214504480361938, 0.46775415539741516], "k_pid_att": [79.03347778320312, 4.323938846588135, 0.6443363428115845], "k_pid_yaw": [0.5, 1e-06, 0.1], "k_pid_hsp": [9.374993324279785, 0.21968698501586914, 0.04782763123512268], "k_pid_vsp": [52.334739685058594, 303.6785888671875, 36.115966796875]}, "datetime": {"datetime": "2025-08-13 10:19:20", "elapsed": 1888.3764493465424, "delta": 34.122047662734985}, "costs": {"total_cost": 476.5927859305429, "time_cost": 119.462, "final_distance_cost": 1.769985756738681, "oscillation_cost": 225.57749482618738, "completition_cost": 0.0, "overshoot_cost": 55.220031982641544, "power_cost": 42.073954907226565, "noise_cost": 32.4893184577487, "n_waypoints_completed": 9, "tot_waypoints": 9}}
{"target": -1332.3539060402773, "params": {"k_pid_pos": [0.6413886547088623, 0.7975388765335083, 0.18519049882888794], "k_pid_alt": [0.13635516166687012, 0.806444525718689, 0.5736416578292847], "k_pid_att": [28.52924156188965, 6.2083659172058105, 0.29152554273605347], "k_pid_yaw": [0.5, 1e-06, 0.1], "k_pid_hsp": [5.19010066986084, 0.5478296875953674, 0.7546218633651733], "k_pid_vsp": [370.4510803222656, 328.9884033203125, 258.9079895019531]}, "datetime": {"datetime": "2025-08-13 10:19:57", "elapsed": 1925.4176952838898, "delta": 37.04124593734741}, "costs": {"total_cost": 1332.3539060402773, "time_cost": 150, "final_distance_cost": 55.808817285422016, "oscillation_cost": 341.1601748219156, "completition_cost": 666.6666666666667, "overshoot_cost": 59.994400370395205, "power_cost": 28.777327087402345, "noise_cost": 29.946519808475376, "n_waypoints_completed": 3, "tot_waypoints": 9}}
{"target": -436.3466399162303, "params": {"k_pid_pos": [1.3911362886428833, 0.4139840602874756, 0.13685694336891174], "k_pid_alt": [1.334596872329712, 0.4142337739467621, 0.11611270904541016], "k_pid_att": [33.406742095947266, 3.334301233291626, 0.2652422785758972], "k_pid_yaw": [0.5, 1e-06, 0.1], "k_pid_hsp": [3.7554428577423096, 0.24467748403549194, 0.9400680661201477], "k_pid_vsp": [327.83087158203125, 179.5673065185547, 142.0615692138672]}, "datetime": {"datetime": "2025-08-13 10:20:22", "elapsed": 1950.3662414550781, "delta": 24.948546171188354}, "costs": {"total_cost": 436.3466399162303, "time_cost": 96.005, "final_distance_cost": 1.7759826463265986, "oscillation_cost": 229.48940947456774, "completition_cost": 0.0, "overshoot_cost": 59.616887375941, "power_cost": 26.33954158935547, "noise_cost": 23.119818830039517, "n_waypoints_completed": 9, "tot_waypoints": 9}}
{"target": -952.5955099104092, "params": {"k_pid_pos": [2.0, 0.32876119017601013, 0.1526116132736206], "k_pid_alt": [0.7971925735473633, 0.8375996947288513, 0.5382898449897766], "k_pid_att": [87.91094970703125, 7.667629241943359, 0.7958778142929077], "k_pid_yaw": [0.5, 1e-06, 0.1], "k_pid_hsp": [4.730083465576172, 0.9356479048728943, 0.9335719347000122], "k_pid_vsp": [271.8925476074219, 96.75483703613281, 2.0809898376464844]}, "datetime": {"datetime": "2025-08-13 10:20:52", "elapsed": 1980.830979347229, "delta": 30.46473789215088}, "costs": {"total_cost": 952.5955099104092, "time_cost": 150, "final_distance_cost": 69.12848754124242, "oscillation_cost": 385.4905919867233, "completition_cost": 222.2222222222222, "overshoot_cost": 62.5421076614411, "power_cost": 32.34718465576172, "noise_cost": 30.864915843018522, "n_waypoints_completed": 7, "tot_waypoints": 9}}
{"target": -451.46669832215827, "params": {"k_pid_pos": [1.4578312635421753, 0.723238468170166, 0.9878125786781311], "k_pid_alt": [1.6329107284545898, 0.6850922107696533, 0.8153433799743652], "k_pid_att": [22.594287872314453, 4.157145023345947, 0.7919193506240845], "k_pid_yaw": [0.5, 1e-06, 0.1], "k_pid_hsp": [9.291519165039062, 0.9980687499046326, 0.5081140995025635], "k_pid_vsp": [71.61970520019531, 318.98809814453125, 66.51724243164062]}, "datetime": {"datetime": "2025-08-13 10:21:15", "elapsed": 2003.7812230587006, "delta": 22.950243711471558}, "costs": {"total_cost": 451.46669832215827, "time_cost": 92.967, "final_distance_cost": 1.7576405712254204, "oscillation_cost": 259.22035907865916, "completition_cost": 0.0, "overshoot_cost": 54.39244132361582, "power_cost": 21.699666906738283, "noise_cost": 21.429590441919594, "n_waypoints_completed": 9, "tot_waypoints": 9}}
{"target": -2123.6750065615165, "params": {"k_pid_pos": [1.7150378227233887, 0.4579279124736786, 0.4570387601852417], "k_pid_alt": [1.5592374801635742, 0.3341386914253235, 0.6244993805885315], "k_pid_att": [9.48178482055664, 3.1207211017608643, 0.37134888768196106], "k_pid_yaw": [0.5, 1e-06, 0.1], "k_pid_hsp": [2.849733352661133, 0.4304196834564209, 0.5917747020721436], "k_pid_vsp": [42.383338928222656, 296.5478820800781, 349.78448486328125]}, "datetime": {"datetime": "2025-08-13 10:21:45", "elapsed": 2033.4539587497711, "delta": 29.672735691070557}, "costs": {"total_cost": 2123.6750065615165, "time_cost": 150, "final_distance_cost": 172.6129767897489, "oscillation_cost": 392.18050974776185, "completition_cost": 888.8888888888888, "overshoot_cost": 449.1451665166821, "power_cost": 31.667866455078126, "noise_cost": 39.17959816335682, "n_waypoints_completed": 1, "tot_waypoints": 9}}
{"target": -570.8751540863215, "params": {"k_pid_pos": [1.491549015045166, 0.4494354724884033, 0.43522554636001587], "k_pid_alt": [0.18226760625839233, 0.2585885524749756, 0.9995965957641602], "k_pid_att": [33.150779724121094, 10.0, 0.9358936548233032], "k_pid_yaw": [0.5, 1e-06, 0.1], "k_pid_hsp": [3.315873622894287, 0.27401959896087646, 0.18479463458061218], "k_pid_vsp": [294.6221923828125, 250.3795928955078, 225.64341735839844]}, "datetime": {"datetime": "2025-08-13 10:22:13", "elapsed": 2061.514678955078, "delta": 28.060720205307007}, "costs": {"total_cost": 570.8751540863215, "time_cost": 110.005, "final_distance_cost": 1.8622399967618366, "oscillation_cost": 339.9588319087891, "completition_cost": 0.0, "overshoot_cost": 66.27797396435085, "power_cost": 27.808149682617188, "noise_cost": 24.962958533802567, "n_waypoints_completed": 9, "tot_waypoints": 9}}
{"target": -292.764438906185, "params": {"k_pid_pos": [1.0464239120483398, 0.4589499831199646, 0.04568323493003845], "k_pid_alt": [1.9811499118804932, 0.6369524002075195, 0.7238351106643677], "k_pid_att": [25.80721092224121, 7.343071460723877, 0.8240708708763123], "k_pid_yaw": [0.5, 1e-06, 0.1], "k_pid_hsp": [1.876226782798767, 0.8668128252029419, 0.13562050461769104], "k_pid_vsp": [53.496646881103516, 237.71044921875, 11.487282752990723]}, "datetime": {"datetime": "2025-08-13 10:22:35", "elapsed": 2083.288822889328, "delta": 21.774143934249878}, "costs": {"total_cost": 292.764438906185, "time_cost": 90.517, "final_distance_cost": 1.7550649687270248, "oscillation_cost": 88.49798400807164, "completition_cost": 0.0, "overshoot_cost": 56.0723840409951, "power_cost": 29.860570153808595, "noise_cost": 26.061435734582627, "n_waypoints_completed": 9, "tot_waypoints": 9}}
{"target": -1800.609447927407, "params": {"k_pid_pos": [9.999999747378752e-05, 0.9617666602134705, 0.5287562608718872], "k_pid_alt": [1.457338809967041, 0.6397806406021118, 0.8135958909988403], "k_pid_att": [40.893218994140625, 8.133599281311035, 0.0007837116718292236], "k_pid_yaw": [0.5, 1e-06, 0.1], "k_pid_hsp": [0.359735906124115, 0.1830952763557434, 0.4373544752597809], "k_pid_vsp": [159.4205322265625, 337.1717529296875, 313.0154113769531]}, "datetime": {"datetime": "2025-08-13 10:23:05", "elapsed": 2113.139834880829, "delta": 29.851011991500854}, "costs": {"total_cost": 1800.609447927407, "time_cost": 150, "final_distance_cost": 80.2001320295387, "oscillation_cost": 658.3287320582642, "completition_cost": 777.7777777777778, "overshoot_cost": 73.68541376302247, "power_cost": 32.51319439697266, "noise_cost": 28.10419790183104, "n_waypoints_completed": 2, "tot_waypoints": 9}}
