{"target": -6322.910984945553, "params": {"k_pid_pos": [1.9589112997055054, 0.0, 0.021100491285324097], "k_pid_alt": [1.8159570693969727, 0.0, 1.0], "k_pid_att": [100.0, 0.09882069379091263, 0.9535638093948364], "k_pid_yaw": [0.5, 1e-06, 0.1], "k_pid_hsp": [0.29055675864219666, 0.0, 1.0], "k_pid_vsp": [16.608131408691406, 394.500732421875, 366.5133361816406]}, "datetime": {"datetime": "2025-08-13 20:25:06", "elapsed": 38235.04650306702, "delta": 30.357050895690918}, "costs": {"total_cost": 6322.910984945553, "time_cost": 150, "final_distance_cost": 1669.26823165267, "oscillation_cost": 785.6136932930833, "completition_cost": 1000.0, "overshoot_cost": 2658.567313266982, "power_cost": 32.21361065673828, "noise_cost": 27.248136076078147, "n_waypoints_completed": 0, "tot_waypoints": 9}}
{"target": -4936.57889941027, "params": {"k_pid_pos": [1.8626272678375244, 0.08106833696365356, 0.03729015588760376], "k_pid_alt": [1.92758309841156, 0.0, 0.984937310218811], "k_pid_att": [97.31403350830078, 0.21121008694171906, 0.9116946458816528], "k_pid_yaw": [0.5, 1e-06, 0.1], "k_pid_hsp": [9.999999747378752e-05, 0.07427701354026794, 1.0], "k_pid_vsp": [50.14909362792969, 400.0, 387.2456970214844]}, "datetime": {"datetime": "2025-08-13 20:25:39", "elapsed": 38267.239605903625, "delta": 32.19310283660889}, "costs": {"total_cost": 4936.57889941027, "time_cost": 150, "final_distance_cost": 1042.5829326064816, "oscillation_cost": 826.2303234696119, "completition_cost": 1000.0, "overshoot_cost": 1860.6476692201313, "power_cost": 30.599922314453128, "noise_cost": 26.518051799591934, "n_waypoints_completed": 0, "tot_waypoints": 9}}
{"target": -2447.0142074326445, "params": {"k_pid_pos": [1.938018798828125, 0.040211647748947144, 0.04524865746498108], "k_pid_alt": [1.9834115505218506, 0.024416804313659668, 1.0], "k_pid_att": [100.0, 0.6153473258018494, 1.0], "k_pid_yaw": [0.5, 1e-06, 0.1], "k_pid_hsp": [9.999999747378752e-05, 0.003448009490966797, 0.9840487241744995], "k_pid_vsp": [0.0, 399.8385009765625, 400.0]}, "datetime": {"datetime": "2025-08-13 20:26:08", "elapsed": 38296.383039951324, "delta": 29.143434047698975}, "costs": {"total_cost": 2447.0142074326445, "time_cost": 150, "final_distance_cost": 44.49013583788651, "oscillation_cost": 882.0704390407512, "completition_cost": 1000.0, "overshoot_cost": 307.1748701471639, "power_cost": 35.334643872070316, "noise_cost": 27.944118534772837, "n_waypoints_completed": 0, "tot_waypoints": 9}}
{"target": -2028.0414562177468, "params": {"k_pid_pos": [1.9690824747085571, 0.03299984335899353, 0.0], "k_pid_alt": [1.9392025470733643, 0.04735517501831055, 1.0], "k_pid_att": [95.59806823730469, 9.999999747378752e-05, 0.9414910078048706], "k_pid_yaw": [0.5, 1e-06, 0.1], "k_pid_hsp": [1.0554379224777222, 0.0, 0.9244558811187744], "k_pid_vsp": [3.369581699371338, 400.0, 392.9292297363281]}, "datetime": {"datetime": "2025-08-13 20:26:37", "elapsed": 38325.34966516495, "delta": 28.966625213623047}, "costs": {"total_cost": 2028.0414562177468, "time_cost": 150, "final_distance_cost": 2.4567804433262603, "oscillation_cost": 547.8346814223889, "completition_cost": 1000.0, "overshoot_cost": 161.51231175722666, "power_cost": 43.964428247070316, "noise_cost": 122.2732543477347, "n_waypoints_completed": 0, "tot_waypoints": 9}}
{"target": -2336.4542559217143, "params": {"k_pid_pos": [2.0, 0.0, 0.0], "k_pid_alt": [1.946319818496704, 0.0, 0.9869360327720642], "k_pid_att": [96.2712173461914, 9.999999747378752e-05, 1.0], "k_pid_yaw": [0.5, 1e-06, 0.1], "k_pid_hsp": [0.15864139795303345, 0.03475469350814819, 0.983123779296875], "k_pid_vsp": [0.0, 388.09027099609375, 396.78326416015625]}, "datetime": {"datetime": "2025-08-13 20:27:06", "elapsed": 38354.34569692612, "delta": 28.996031761169434}, "costs": {"total_cost": 2336.4542559217143, "time_cost": 150, "final_distance_cost": 255.90661009605182, "oscillation_cost": 611.9255570454933, "completition_cost": 1000.0, "overshoot_cost": 252.80862477628682, "power_cost": 37.12018537597656, "noise_cost": 28.69327862790597, "n_waypoints_completed": 0, "tot_waypoints": 9}}
{"target": -2520.3412258578865, "params": {"k_pid_pos": [1.9827784299850464, 0.0, 0.0189020037651062], "k_pid_alt": [2.0, 0.0, 1.0], "k_pid_att": [91.93658447265625, 0.3673616647720337, 1.0], "k_pid_yaw": [0.5, 1e-06, 0.1], "k_pid_hsp": [0.2508715093135834, 0.0, 1.0], "k_pid_vsp": [0.0, 384.34356689453125, 381.7207946777344]}, "datetime": {"datetime": "2025-08-13 20:27:34", "elapsed": 38382.475036382675, "delta": 28.129339456558228}, "costs": {"total_cost": 2520.3412258578865, "time_cost": 150, "final_distance_cost": 280.2776596806412, "oscillation_cost": 794.2850955822809, "completition_cost": 1000.0, "overshoot_cost": 231.16837273718318, "power_cost": 36.457159509277346, "noise_cost": 28.152938348503376, "n_waypoints_completed": 0, "tot_waypoints": 9}}
{"target": -2164.5866482219585, "params": {"k_pid_pos": [1.903283953666687, 0.052170127630233765, 0.0], "k_pid_alt": [1.9270658493041992, 0.049283355474472046, 1.0], "k_pid_att": [100.0, 9.999999747378752e-05, 1.0], "k_pid_yaw": [0.5, 1e-06, 0.1], "k_pid_hsp": [9.999999747378752e-05, 0.0156097412109375, 1.0], "k_pid_vsp": [23.535037994384766, 398.58062744140625, 400.0]}, "datetime": {"datetime": "2025-08-13 20:28:02", "elapsed": 38410.376153469086, "delta": 27.901117086410522}, "costs": {"total_cost": 2164.5866482219585, "time_cost": 150, "final_distance_cost": 44.393152701401995, "oscillation_cost": 790.6201374420498, "completition_cost": 1000.0, "overshoot_cost": 116.6524769605566, "power_cost": 35.10746160888672, "noise_cost": 27.81341950906353, "n_waypoints_completed": 0, "tot_waypoints": 9}}
{"target": -1471.766911673773, "params": {"k_pid_pos": [2.0, 0.0, 0.0], "k_pid_alt": [1.9575133323669434, 0.002504974603652954, 0.9981610774993896], "k_pid_att": [100.0, 0.16174498200416565, 0.992144763469696], "k_pid_yaw": [0.5, 1e-06, 0.1], "k_pid_hsp": [0.9359211325645447, 0.0, 1.0], "k_pid_vsp": [12.873088836669922, 382.6643371582031, 400.0]}, "datetime": {"datetime": "2025-08-13 20:28:32", "elapsed": 38440.16958069801, "delta": 29.793427228927612}, "costs": {"total_cost": 1471.766911673773, "time_cost": 150, "final_distance_cost": 55.66521768960346, "oscillation_cost": 396.6061326284272, "completition_cost": 666.6666666666667, "overshoot_cost": 113.84751094440604, "power_cost": 39.1605888671875, "noise_cost": 49.820794877482214, "n_waypoints_completed": 3, "tot_waypoints": 9}}
{"target": -7867.232127660519, "params": {"k_pid_pos": [1.9681297540664673, 0.0595737099647522, 0.0], "k_pid_alt": [2.0, 0.0, 1.0], "k_pid_att": [100.0, 0.13118420541286469, 1.0], "k_pid_yaw": [0.5, 1e-06, 0.1], "k_pid_hsp": [9.999999747378752e-05, 0.0, 1.0], "k_pid_vsp": [0.0, 400.0, 400.0]}, "datetime": {"datetime": "2025-08-13 20:29:01", "elapsed": 38469.552485227585, "delta": 29.382904529571533}, "costs": {"total_cost": 7867.232127660519, "time_cost": 150, "final_distance_cost": 1652.1913092125399, "oscillation_cost": 751.7921363029365, "completition_cost": 1000.0, "overshoot_cost": 4249.233368944495, "power_cost": 35.63222403564453, "noise_cost": 28.383089164903446, "n_waypoints_completed": 0, "tot_waypoints": 9}}
{"target": -3535.8327465026964, "params": {"k_pid_pos": [1.8366197347640991, 0.016505151987075806, 0.0], "k_pid_alt": [2.0, 0.0, 1.0], "k_pid_att": [98.6893081665039, 0.1982828676700592, 1.0], "k_pid_yaw": [0.5, 1e-06, 0.1], "k_pid_hsp": [9.999999747378752e-05, 0.00469893217086792, 1.0], "k_pid_vsp": [0.0, 366.84234619140625, 400.0]}, "datetime": {"datetime": "2025-08-13 20:29:30", "elapsed": 38498.484411001205, "delta": 28.931925773620605}, "costs": {"total_cost": 3535.8327465026964, "time_cost": 150, "final_distance_cost": 757.8157596549005, "oscillation_cost": 647.0406405964054, "completition_cost": 1000.0, "overshoot_cost": 918.6773691119986, "power_cost": 34.426783837890625, "noise_cost": 27.872193301501436, "n_waypoints_completed": 0, "tot_waypoints": 9}}
{"target": -2325.6236667028893, "params": {"k_pid_pos": [2.0, 0.0038826465606689453, 0.0219937264919281], "k_pid_alt": [1.7947291135787964, 0.0, 1.0], "k_pid_att": [100.0, 9.999999747378752e-05, 1.0], "k_pid_yaw": [0.5, 1e-06, 0.1], "k_pid_hsp": [0.28856658935546875, 0.0, 0.9648312330245972], "k_pid_vsp": [20.553802490234375, 375.75982666015625, 400.0]}, "datetime": {"datetime": "2025-08-13 20:30:00", "elapsed": 38528.530717134476, "delta": 30.046306133270264}, "costs": {"total_cost": 2325.6236667028893, "time_cost": 150, "final_distance_cost": 166.77411114159395, "oscillation_cost": 812.2238748604061, "completition_cost": 1000.0, "overshoot_cost": 135.27503127517102, "power_cost": 33.7257591796875, "noise_cost": 27.624890246030517, "n_waypoints_completed": 0, "tot_waypoints": 9}}
{"target": -1914.4439678690312, "params": {"k_pid_pos": [2.0, 0.0, 0.017187833786010742], "k_pid_alt": [1.9305188655853271, 0.02971816062927246, 0.969485342502594], "k_pid_att": [100.0, 9.999999747378752e-05, 1.0], "k_pid_yaw": [0.5, 1e-06, 0.1], "k_pid_hsp": [0.6472312808036804, 0.0, 1.0], "k_pid_vsp": [0.0, 400.0, 383.54425048828125]}, "datetime": {"datetime": "2025-08-13 20:30:29", "elapsed": 38558.01905941963, "delta": 29.48834228515625}, "costs": {"total_cost": 1914.4439678690312, "time_cost": 150, "final_distance_cost": 12.711596653572933, "oscillation_cost": 500.69608980200246, "completition_cost": 1000.0, "overshoot_cost": 135.75393282829396, "power_cost": 41.697986376953125, "noise_cost": 73.5843622082086, "n_waypoints_completed": 0, "tot_waypoints": 9}}
{"target": -5517.915541681097, "params": {"k_pid_pos": [1.8565497398376465, 0.011996656656265259, 0.0], "k_pid_alt": [1.9018592834472656, 0.02362009882926941, 1.0], "k_pid_att": [100.0, 0.027169177308678627, 0.9962708950042725], "k_pid_yaw": [0.5, 1e-06, 0.1], "k_pid_hsp": [9.999999747378752e-05, 0.0, 0.9795809984207153], "k_pid_vsp": [0.0, 400.0, 393.7666320800781]}, "datetime": {"datetime": "2025-08-13 20:30:58", "elapsed": 38586.63356542587, "delta": 28.614506006240845}, "costs": {"total_cost": 5517.915541681097, "time_cost": 150, "final_distance_cost": 911.5026821011868, "oscillation_cost": 836.9780025181288, "completition_cost": 888.8888888888888, "overshoot_cost": 2671.446465464953, "power_cost": 32.00089738769531, "noise_cost": 27.09860532024548, "n_waypoints_completed": 1, "tot_waypoints": 9}}
{"target": -4978.79028390994, "params": {"k_pid_pos": [1.9872225522994995, 0.09616193175315857, 0.03821727633476257], "k_pid_alt": [2.0, 0.04721170663833618, 1.0], "k_pid_att": [96.90560913085938, 0.4859278202056885, 0.9437178373336792], "k_pid_yaw": [0.5, 1e-06, 0.1], "k_pid_hsp": [9.999999747378752e-05, 0.001578003168106079, 1.0], "k_pid_vsp": [9.475505828857422, 381.963623046875, 377.1699523925781]}, "datetime": {"datetime": "2025-08-13 20:31:28", "elapsed": 38616.39958357811, "delta": 29.76601815223694}, "costs": {"total_cost": 4978.79028390994, "time_cost": 150, "final_distance_cost": 1083.5354980066081, "oscillation_cost": 798.716636908185, "completition_cost": 1000.0, "overshoot_cost": 1884.9034561039605, "power_cost": 34.18854927978516, "noise_cost": 27.44614361140026, "n_waypoints_completed": 0, "tot_waypoints": 9}}
{"target": -2384.542945415521, "params": {"k_pid_pos": [1.9471805095672607, 0.12951117753982544, 0.011559784412384033], "k_pid_alt": [1.9383654594421387, 0.06949898600578308, 1.0], "k_pid_att": [92.3172836303711, 1.2339985370635986, 1.0], "k_pid_yaw": [0.5, 1e-06, 0.1], "k_pid_hsp": [0.04395695775747299, 0.0, 0.9724863767623901], "k_pid_vsp": [0.0, 400.0, 393.0011291503906]}, "datetime": {"datetime": "2025-08-13 20:31:57", "elapsed": 38645.59668421745, "delta": 29.19710063934326}, "costs": {"total_cost": 2384.542945415521, "time_cost": 150, "final_distance_cost": 61.197482246191456, "oscillation_cost": 790.0040537719271, "completition_cost": 1000.0, "overshoot_cost": 318.8181249376784, "power_cost": 36.354566955566405, "noise_cost": 28.168717504157506, "n_waypoints_completed": 0, "tot_waypoints": 9}}
{"target": -3230.869190826505, "params": {"k_pid_pos": [2.0, 0.0, 0.03057539463043213], "k_pid_alt": [2.0, 0.028678417205810547, 0.9593198299407959], "k_pid_att": [100.0, 0.3618059456348419, 0.986327052116394], "k_pid_yaw": [0.5, 1e-06, 0.1], "k_pid_hsp": [0.34852826595306396, 0.0, 0.9792183637619019], "k_pid_vsp": [0.0, 397.55975341796875, 394.20111083984375]}, "datetime": {"datetime": "2025-08-13 20:32:26", "elapsed": 38674.94520020485, "delta": 29.34851598739624}, "costs": {"total_cost": 3230.869190826505, "time_cost": 150, "final_distance_cost": 571.4979858833806, "oscillation_cost": 805.7792453482325, "completition_cost": 888.8888888888888, "overshoot_cost": 753.4753234663166, "power_cost": 33.372221789550785, "noise_cost": 27.855525450135794, "n_waypoints_completed": 1, "tot_waypoints": 9}}
{"target": -3954.7310810419335, "params": {"k_pid_pos": [1.9928910732269287, 0.0, 0.05317792296409607], "k_pid_alt": [2.0, 0.0, 0.9896602630615234], "k_pid_att": [100.0, 0.24676956236362457, 1.0], "k_pid_yaw": [0.5, 1e-06, 0.1], "k_pid_hsp": [9.999999747378752e-05, 0.0, 1.0], "k_pid_vsp": [5.088019371032715, 381.3784484863281, 400.0]}, "datetime": {"datetime": "2025-08-13 20:32:56", "elapsed": 38704.5221259594, "delta": 29.57692575454712}, "costs": {"total_cost": 3954.7310810419335, "time_cost": 150, "final_distance_cost": 601.0826081465246, "oscillation_cost": 866.4722346915464, "completition_cost": 1000.0, "overshoot_cost": 1283.718756482929, "power_cost": 27.978237426757815, "noise_cost": 25.4792442941755, "n_waypoints_completed": 0, "tot_waypoints": 9}}
{"target": -2488.5623959015697, "params": {"k_pid_pos": [2.0, 0.01721307635307312, 0.0], "k_pid_alt": [1.8783056735992432, 0.0, 1.0], "k_pid_att": [100.0, 9.999999747378752e-05, 0.997207760810852], "k_pid_yaw": [0.5, 1e-06, 0.1], "k_pid_hsp": [0.6990713477134705, 0.019033163785934448, 1.0], "k_pid_vsp": [1.2613892555236816, 400.0, 347.2467041015625]}, "datetime": {"datetime": "2025-08-13 20:33:25", "elapsed": 38733.36759805679, "delta": 28.84547209739685}, "costs": {"total_cost": 2488.5623959015697, "time_cost": 150, "final_distance_cost": 365.4525869604543, "oscillation_cost": 492.8855930871169, "completition_cost": 1000.0, "overshoot_cost": 413.39582791795345, "power_cost": 35.91434097900391, "noise_cost": 30.91404695704133, "n_waypoints_completed": 0, "tot_waypoints": 9}}
{"target": -2942.0070495997447, "params": {"k_pid_pos": [1.8300799131393433, 0.029070228338241577, 0.04728928208351135], "k_pid_alt": [1.9547882080078125, 0.017771899700164795, 0.9686765670776367], "k_pid_att": [100.0, 0.02894686907529831, 0.9923200607299805], "k_pid_yaw": [0.5, 1e-06, 0.1], "k_pid_hsp": [0.13056401908397675, 0.0058300793170928955, 0.9879810810089111], "k_pid_vsp": [13.705194473266602, 354.2974853515625, 400.0]}, "datetime": {"datetime": "2025-08-13 20:33:53", "elapsed": 38761.88032102585, "delta": 28.512722969055176}, "costs": {"total_cost": 2942.0070495997447, "time_cost": 150, "final_distance_cost": 547.0107494292947, "oscillation_cost": 660.5700144386219, "completition_cost": 888.8888888888888, "overshoot_cost": 633.1231626136196, "power_cost": 34.56004853515625, "noise_cost": 27.854185694163572, "n_waypoints_completed": 1, "tot_waypoints": 9}}
{"target": -3871.157010226923, "params": {"k_pid_pos": [2.0, 0.057554274797439575, 0.02790611982345581], "k_pid_alt": [2.0, 0.10253939032554626, 0.9487249255180359], "k_pid_att": [97.4809341430664, 0.40657633543014526, 1.0], "k_pid_yaw": [0.5, 1e-06, 0.1], "k_pid_hsp": [0.46802932024002075, 0.08610117435455322, 0.9286555051803589], "k_pid_vsp": [36.19123840332031, 400.0, 400.0]}, "datetime": {"datetime": "2025-08-13 20:34:22", "elapsed": 38790.49998831749, "delta": 28.619667291641235}, "costs": {"total_cost": 3871.157010226923, "time_cost": 150, "final_distance_cost": 1005.4310845127148, "oscillation_cost": 598.3214381455658, "completition_cost": 777.7777777777778, "overshoot_cost": 1276.2065732730696, "power_cost": 34.86596739501953, "noise_cost": 28.55416912277495, "n_waypoints_completed": 2, "tot_waypoints": 9}}
{"target": -5033.272888999252, "params": {"k_pid_pos": [2.0, 0.0, 0.0197620689868927], "k_pid_alt": [2.0, 0.0729551911354065, 1.0], "k_pid_att": [100.0, 0.7583585977554321, 1.0], "k_pid_yaw": [0.5, 1e-06, 0.1], "k_pid_hsp": [0.5918830037117004, 0.0, 1.0], "k_pid_vsp": [0.0, 374.9095458984375, 397.3517150878906]}, "datetime": {"datetime": "2025-08-13 20:34:50", "elapsed": 38818.665373802185, "delta": 28.165385484695435}, "costs": {"total_cost": 5033.272888999252, "time_cost": 150, "final_distance_cost": 836.8227483292555, "oscillation_cost": 548.8390580987837, "completition_cost": 888.8888888888888, "overshoot_cost": 2542.0448193108246, "power_cost": 37.37044188232422, "noise_cost": 29.306932489175747, "n_waypoints_completed": 1, "tot_waypoints": 9}}
{"target": -2428.1417248635694, "params": {"k_pid_pos": [1.9021114110946655, 0.08008331060409546, 0.0], "k_pid_alt": [2.0, 0.05707317590713501, 0.9974318742752075], "k_pid_att": [100.0, 0.14757323265075684, 0.9347094297409058], "k_pid_yaw": [0.5, 1e-06, 0.1], "k_pid_hsp": [9.999999747378752e-05, 0.06035599112510681, 1.0], "k_pid_vsp": [3.070700168609619, 400.0, 385.8662414550781]}, "datetime": {"datetime": "2025-08-13 20:35:19", "elapsed": 38847.59993124008, "delta": 28.93455743789673}, "costs": {"total_cost": 2428.1417248635694, "time_cost": 150, "final_distance_cost": 220.5730731183731, "oscillation_cost": 721.3609938739453, "completition_cost": 1000.0, "overshoot_cost": 271.9805425981361, "power_cost": 35.85168013916016, "noise_cost": 28.375435133954326, "n_waypoints_completed": 0, "tot_waypoints": 9}}
{"target": -4340.291062986735, "params": {"k_pid_pos": [2.0, 0.0, 0.027892500162124634], "k_pid_alt": [2.0, 0.0, 1.0], "k_pid_att": [97.404052734375, 9.999999747378752e-05, 0.9405777454376221], "k_pid_yaw": [0.5, 1e-06, 0.1], "k_pid_hsp": [0.09658464789390564, 0.0, 1.0], "k_pid_vsp": [21.028114318847656, 400.0, 400.0]}, "datetime": {"datetime": "2025-08-13 20:35:47", "elapsed": 38875.20963907242, "delta": 27.609707832336426}, "costs": {"total_cost": 4340.291062986735, "time_cost": 150, "final_distance_cost": 937.3008714251912, "oscillation_cost": 802.2752182750243, "completition_cost": 1000.0, "overshoot_cost": 1389.1033605987154, "power_cost": 34.10977553710938, "noise_cost": 27.50183715069448, "n_waypoints_completed": 0, "tot_waypoints": 9}}
{"target": -2265.196583681647, "params": {"k_pid_pos": [2.0, 0.021716713905334473, 0.0], "k_pid_alt": [2.0, 0.0, 0.9965236783027649], "k_pid_att": [100.0, 9.999999747378752e-05, 1.0], "k_pid_yaw": [0.5, 1e-06, 0.1], "k_pid_hsp": [9.999999747378752e-05, 0.0, 1.0], "k_pid_vsp": [5.920314788818359, 388.7536926269531, 376.6568298339844]}, "datetime": {"datetime": "2025-08-13 20:36:15", "elapsed": 38903.4498090744, "delta": 28.240170001983643}, "costs": {"total_cost": 2265.196583681647, "time_cost": 150, "final_distance_cost": 88.90984562826432, "oscillation_cost": 707.5749751019677, "completition_cost": 1000.0, "overshoot_cost": 216.82848283669358, "power_cost": 41.03881051025391, "noise_cost": 60.8444696044676, "n_waypoints_completed": 0, "tot_waypoints": 9}}
{"target": -2849.235793861827, "params": {"k_pid_pos": [2.0, 0.03024938702583313, 0.0], "k_pid_alt": [2.0, 0.044070303440093994, 0.9506271481513977], "k_pid_att": [99.72019958496094, 0.17444810271263123, 0.9907221794128418], "k_pid_yaw": [0.5, 1e-06, 0.1], "k_pid_hsp": [0.05023743584752083, 0.08337396383285522, 0.9610111713409424], "k_pid_vsp": [1.0679841041564941, 390.3547668457031, 388.9429931640625]}, "datetime": {"datetime": "2025-08-13 20:36:43", "elapsed": 38931.90800404549, "delta": 28.458194971084595}, "costs": {"total_cost": 2849.235793861827, "time_cost": 150, "final_distance_cost": 427.2317223712653, "oscillation_cost": 814.8029957715075, "completition_cost": 1000.0, "overshoot_cost": 396.7233344790431, "power_cost": 33.16428083496094, "noise_cost": 27.31346040505023, "n_waypoints_completed": 0, "tot_waypoints": 9}}
{"target": -5673.296365919909, "params": {"k_pid_pos": [1.9044053554534912, 0.014998257160186768, 0.0], "k_pid_alt": [1.9548145532608032, 0.017025619745254517, 0.9975637197494507], "k_pid_att": [99.47396087646484, 9.999999747378752e-05, 0.9282766580581665], "k_pid_yaw": [0.5, 1e-06, 0.1], "k_pid_hsp": [0.20972982048988342, 0.13102665543556213, 0.9713202714920044], "k_pid_vsp": [13.463568687438965, 400.0, 400.0]}, "datetime": {"datetime": "2025-08-13 20:37:13", "elapsed": 38961.12232494354, "delta": 29.21432089805603}, "costs": {"total_cost": 5673.296365919909, "time_cost": 150, "final_distance_cost": 1403.6810020276118, "oscillation_cost": 786.2105335079674, "completition_cost": 1000.0, "overshoot_cost": 2272.98750765543, "power_cost": 32.87810571289063, "noise_cost": 27.539217016008244, "n_waypoints_completed": 0, "tot_waypoints": 9}}
{"target": -5320.339002407369, "params": {"k_pid_pos": [1.9177372455596924, 0.019639402627944946, 0.0], "k_pid_alt": [2.0, 0.0, 1.0], "k_pid_att": [98.65143585205078, 9.999999747378752e-05, 0.9827567934989929], "k_pid_yaw": [0.5, 1e-06, 0.1], "k_pid_hsp": [9.999999747378752e-05, 0.0, 1.0], "k_pid_vsp": [0.0, 400.0, 400.0]}, "datetime": {"datetime": "2025-08-13 20:37:41", "elapsed": 38989.57662367821, "delta": 28.454298734664917}, "costs": {"total_cost": 5320.339002407369, "time_cost": 150, "final_distance_cost": 1202.8519586147272, "oscillation_cost": 819.870769827278, "completition_cost": 1000.0, "overshoot_cost": 2087.3935001552422, "power_cost": 33.181394384765625, "noise_cost": 27.041379425355093, "n_waypoints_completed": 0, "tot_waypoints": 9}}
