{"target": -5413.051285654612, "params": {"k_pid_pos": [2.0, 0.08901184797286987, 0.050303131341934204], "k_pid_alt": [1.9632563591003418, 0.003090798854827881, 0.9239365458488464], "k_pid_att": [96.63204956054688, 9.999999747378752e-05, 0.9929518699645996], "k_pid_yaw": [0.5, 1e-06, 0.1], "k_pid_hsp": [0.4035290777683258, 0.034019529819488525, 0.9690994024276733], "k_pid_vsp": [0.0, 387.45025634765625, 400.0]}, "datetime": {"datetime": "2025-08-13 18:53:07", "elapsed": 32716.046798706055, "delta": 28.869598627090454}, "costs": {"total_cost": 5413.051285654612, "time_cost": 150, "final_distance_cost": 998.7242772716088, "oscillation_cost": 515.7474006796305, "completition_cost": 1000.0, "overshoot_cost": 2684.6987716686936, "power_cost": 35.332713244628906, "noise_cost": 28.54812279005033, "n_waypoints_completed": 0, "tot_waypoints": 9}}
{"target": -4576.833880504301, "params": {"k_pid_pos": [2.0, 0.0, 0.017468631267547607], "k_pid_alt": [2.0, 0.036137938499450684, 0.9561116099357605], "k_pid_att": [96.258056640625, 1.1410768032073975, 1.0], "k_pid_yaw": [0.5, 1e-06, 0.1], "k_pid_hsp": [9.999999747378752e-05, 0.0, 0.995024561882019], "k_pid_vsp": [0.0, 400.0, 400.0]}, "datetime": {"datetime": "2025-08-13 18:53:36", "elapsed": 32744.513981580734, "delta": 28.467182874679565}, "costs": {"total_cost": 4576.833880504301, "time_cost": 150, "final_distance_cost": 950.1425550689075, "oscillation_cost": 816.1178538113276, "completition_cost": 1000.0, "overshoot_cost": 1601.0439018559484, "power_cost": 32.218647290039065, "noise_cost": 27.310922478078297, "n_waypoints_completed": 0, "tot_waypoints": 9}}
{"target": -1827.3343935017833, "params": {"k_pid_pos": [1.9873126745224, 0.0, 0.0], "k_pid_alt": [1.7722293138504028, 0.0, 1.0], "k_pid_att": [96.60311889648438, 0.2254772186279297, 1.0], "k_pid_yaw": [0.5, 1e-06, 0.1], "k_pid_hsp": [0.8602582216262817, 0.029012948274612427, 0.9904561638832092], "k_pid_vsp": [12.576770782470703, 400.0, 400.0]}, "datetime": {"datetime": "2025-08-13 18:54:04", "elapsed": 32772.90247154236, "delta": 28.388489961624146}, "costs": {"total_cost": 1827.3343935017833, "time_cost": 150, "final_distance_cost": 225.2101770499001, "oscillation_cost": 423.91666754438177, "completition_cost": 777.7777777777778, "overshoot_cost": 169.55727515802434, "power_cost": 37.64394223632813, "noise_cost": 43.22855373537117, "n_waypoints_completed": 2, "tot_waypoints": 9}}
{"target": -2549.6084791444487, "params": {"k_pid_pos": [1.8473834991455078, 0.0686899721622467, 0.0], "k_pid_alt": [1.899552583694458, 0.0, 1.0], "k_pid_att": [94.97957611083984, 9.999999747378752e-05, 0.9816021919250488], "k_pid_yaw": [0.5, 1e-06, 0.1], "k_pid_hsp": [0.7383840680122375, 0.021123796701431274, 0.9836632013320923], "k_pid_vsp": [0.0, 392.86859130859375, 387.78424072265625]}, "datetime": {"datetime": "2025-08-13 18:54:33", "elapsed": 32801.46058225632, "delta": 28.55811071395874}, "costs": {"total_cost": 2549.6084791444487, "time_cost": 150, "final_distance_cost": 189.01725870350685, "oscillation_cost": 485.4914201054072, "completition_cost": 1000.0, "overshoot_cost": 656.5670497155978, "power_cost": 38.27226193847657, "noise_cost": 30.260488681460018, "n_waypoints_completed": 0, "tot_waypoints": 9}}
{"target": -2739.3795147273827, "params": {"k_pid_pos": [2.0, 0.03383666276931763, 0.010382354259490967], "k_pid_alt": [2.0, 0.05276435613632202, 1.0], "k_pid_att": [95.48536682128906, 9.999999747378752e-05, 0.9146112203598022], "k_pid_yaw": [0.5, 1e-06, 0.1], "k_pid_hsp": [0.03481071814894676, 0.0053917765617370605, 0.9955235123634338], "k_pid_vsp": [0.0, 400.0, 392.4790344238281]}, "datetime": {"datetime": "2025-08-13 18:55:01", "elapsed": 32829.86147117615, "delta": 28.400888919830322}, "costs": {"total_cost": 2739.3795147273827, "time_cost": 150, "final_distance_cost": 314.7208271686466, "oscillation_cost": 822.8716721032314, "completition_cost": 1000.0, "overshoot_cost": 389.0801930398617, "power_cost": 35.03278798828125, "noise_cost": 27.674034427361764, "n_waypoints_completed": 0, "tot_waypoints": 9}}
{"target": -2696.276133418093, "params": {"k_pid_pos": [2.0, 0.03093370795249939, 0.0], "k_pid_alt": [1.8957858085632324, 0.11429792642593384, 1.0], "k_pid_att": [96.7210922241211, 0.5185130834579468, 1.0], "k_pid_yaw": [0.5, 1e-06, 0.1], "k_pid_hsp": [0.06676533818244934, 0.04843828082084656, 0.8886884450912476], "k_pid_vsp": [39.49136734008789, 396.9689025878906, 400.0]}, "datetime": {"datetime": "2025-08-13 18:55:30", "elapsed": 32858.46968078613, "delta": 28.60820960998535}, "costs": {"total_cost": 2696.276133418093, "time_cost": 150, "final_distance_cost": 287.4887799016619, "oscillation_cost": 829.3273035025119, "completition_cost": 1000.0, "overshoot_cost": 365.63822269908263, "power_cost": 36.01122847900391, "noise_cost": 27.81059883583284, "n_waypoints_completed": 0, "tot_waypoints": 9}}
{"target": -2225.2648761504415, "params": {"k_pid_pos": [1.957453727722168, 0.0, 0.04607510566711426], "k_pid_alt": [1.8140859603881836, 0.022259235382080078, 1.0], "k_pid_att": [95.2094497680664, 9.999999747378752e-05, 1.0], "k_pid_yaw": [0.5, 1e-06, 0.1], "k_pid_hsp": [0.42777809500694275, 0.0, 1.0], "k_pid_vsp": [0.0, 380.5902099609375, 358.7265625]}, "datetime": {"datetime": "2025-08-13 18:55:58", "elapsed": 32886.43589305878, "delta": 27.966212272644043}, "costs": {"total_cost": 2225.2648761504415, "time_cost": 150, "final_distance_cost": 92.1240039088617, "oscillation_cost": 475.92959314317983, "completition_cost": 1000.0, "overshoot_cost": 438.98451456051595, "power_cost": 38.52734422607422, "noise_cost": 29.69942031180969, "n_waypoints_completed": 0, "tot_waypoints": 9}}
{"target": -3611.911711468151, "params": {"k_pid_pos": [2.0, 0.0, 0.11707395315170288], "k_pid_alt": [2.0, 0.007772266864776611, 1.0], "k_pid_att": [95.66931915283203, 9.999999747378752e-05, 0.9278817176818848], "k_pid_yaw": [0.5, 1e-06, 0.1], "k_pid_hsp": [9.999999747378752e-05, 0.024489998817443848, 1.0], "k_pid_vsp": [7.076406478881836, 400.0, 389.76568603515625]}, "datetime": {"datetime": "2025-08-13 18:56:27", "elapsed": 32915.24840927124, "delta": 28.81251621246338}, "costs": {"total_cost": 3611.911711468151, "time_cost": 150, "final_distance_cost": 654.0046169439535, "oscillation_cost": 841.8882569595876, "completition_cost": 1000.0, "overshoot_cost": 902.8641828278774, "power_cost": 34.98960681152344, "noise_cost": 28.165047925209144, "n_waypoints_completed": 0, "tot_waypoints": 9}}
{"target": -2119.649602068125, "params": {"k_pid_pos": [1.9521043300628662, 0.11489516496658325, 0.0], "k_pid_alt": [1.9072387218475342, 0.0, 1.0], "k_pid_att": [100.0, 9.999999747378752e-05, 0.957710862159729], "k_pid_yaw": [0.5, 1e-06, 0.1], "k_pid_hsp": [9.999999747378752e-05, 0.1154472827911377, 1.0], "k_pid_vsp": [0.0, 373.4735107421875, 400.0]}, "datetime": {"datetime": "2025-08-13 18:56:55", "elapsed": 32943.24412703514, "delta": 27.995717763900757}, "costs": {"total_cost": 2119.649602068125, "time_cost": 150, "final_distance_cost": 46.608970979203995, "oscillation_cost": 742.300678851073, "completition_cost": 1000.0, "overshoot_cost": 83.41245093179077, "power_cost": 40.198003857421874, "noise_cost": 57.12949744863547, "n_waypoints_completed": 0, "tot_waypoints": 9}}
{"target": -2904.0506143096973, "params": {"k_pid_pos": [1.968181848526001, 0.0, 0.0026133060455322266], "k_pid_alt": [1.9115920066833496, 0.0, 1.0], "k_pid_att": [100.0, 0.7675155401229858, 0.969928503036499], "k_pid_yaw": [0.5, 1e-06, 0.1], "k_pid_hsp": [0.26556241512298584, 0.0, 1.0], "k_pid_vsp": [0.0, 399.5881042480469, 400.0]}, "datetime": {"datetime": "2025-08-13 18:57:23", "elapsed": 32971.19938778877, "delta": 27.955260753631592}, "costs": {"total_cost": 2904.0506143096973, "time_cost": 150, "final_distance_cost": 265.26057993630843, "oscillation_cost": 803.223673114588, "completition_cost": 1000.0, "overshoot_cost": 623.7136434287785, "power_cost": 34.190982519531254, "noise_cost": 27.661735310491157, "n_waypoints_completed": 0, "tot_waypoints": 9}}
{"target": -2637.6431259968635, "params": {"k_pid_pos": [1.9557923078536987, 0.0, 0.036447614431381226], "k_pid_alt": [2.0, 0.00879371166229248, 0.9490473866462708], "k_pid_att": [100.0, 9.999999747378752e-05, 1.0], "k_pid_yaw": [0.5, 1e-06, 0.1], "k_pid_hsp": [9.999999747378752e-05, 0.0, 0.9760420918464661], "k_pid_vsp": [0.0, 400.0, 382.8810119628906]}, "datetime": {"datetime": "2025-08-13 18:57:51", "elapsed": 32999.24531912804, "delta": 28.045931339263916}, "costs": {"total_cost": 2637.6431259968635, "time_cost": 150, "final_distance_cost": 225.1748302686051, "oscillation_cost": 787.196654220463, "completition_cost": 1000.0, "overshoot_cost": 411.9955529472398, "power_cost": 35.25291862792969, "noise_cost": 28.023169932625287, "n_waypoints_completed": 0, "tot_waypoints": 9}}
{"target": -2268.2814619976134, "params": {"k_pid_pos": [1.9877674579620361, 0.0, 0.05433171987533569], "k_pid_alt": [1.9900755882263184, 0.0, 0.9843510389328003], "k_pid_att": [100.0, 9.999999747378752e-05, 0.9879229664802551], "k_pid_yaw": [0.5, 1e-06, 0.1], "k_pid_hsp": [9.999999747378752e-05, 0.053217917680740356, 1.0], "k_pid_vsp": [0.0, 387.94671630859375, 400.0]}, "datetime": {"datetime": "2025-08-13 18:58:20", "elapsed": 33028.6357254982, "delta": 29.390406370162964}, "costs": {"total_cost": 2268.2814619976134, "time_cost": 150, "final_distance_cost": 51.073873384014355, "oscillation_cost": 727.412600855194, "completition_cost": 1000.0, "overshoot_cost": 198.32858472093227, "power_cost": 44.25356676025391, "noise_cost": 97.21283627721913, "n_waypoints_completed": 0, "tot_waypoints": 9}}
{"target": -2160.1644311287837, "params": {"k_pid_pos": [2.0, 0.0, 0.0], "k_pid_alt": [1.936201572418213, 0.06665956974029541, 1.0], "k_pid_att": [100.0, 9.999999747378752e-05, 0.9868640303611755], "k_pid_yaw": [0.5, 1e-06, 0.1], "k_pid_hsp": [9.999999747378752e-05, 0.0, 1.0], "k_pid_vsp": [37.1912841796875, 385.1000671386719, 400.0]}, "datetime": {"datetime": "2025-08-13 18:58:50", "elapsed": 33058.64454483986, "delta": 30.008819341659546}, "costs": {"total_cost": 2160.1644311287837, "time_cost": 150, "final_distance_cost": 64.5986562624138, "oscillation_cost": 719.2165533290203, "completition_cost": 1000.0, "overshoot_cost": 117.52290577297202, "power_cost": 40.195303259277345, "noise_cost": 68.63101250510039, "n_waypoints_completed": 0, "tot_waypoints": 9}}
{"target": -2198.096218033693, "params": {"k_pid_pos": [1.8738548755645752, 0.00931251049041748, 0.0], "k_pid_alt": [1.8930708169937134, 0.07317131757736206, 0.9482237100601196], "k_pid_att": [94.20787048339844, 0.77250736951828, 1.0], "k_pid_yaw": [0.5, 1e-06, 0.1], "k_pid_hsp": [9.999999747378752e-05, 0.054292500019073486, 1.0], "k_pid_vsp": [8.625197410583496, 400.0, 400.0]}, "datetime": {"datetime": "2025-08-13 18:59:20", "elapsed": 33088.8687608242, "delta": 30.224215984344482}, "costs": {"total_cost": 2198.096218033693, "time_cost": 150, "final_distance_cost": 46.1909819341936, "oscillation_cost": 810.5461205635651, "completition_cost": 1000.0, "overshoot_cost": 125.66444274138354, "power_cost": 37.181349487304686, "noise_cost": 28.513323307246154, "n_waypoints_completed": 0, "tot_waypoints": 9}}
{"target": -2158.2813797637677, "params": {"k_pid_pos": [1.9258208274841309, 0.03943881392478943, 0.05166792869567871], "k_pid_alt": [2.0, 0.0, 1.0], "k_pid_att": [92.6437759399414, 0.5548059940338135, 1.0], "k_pid_yaw": [0.5, 1e-06, 0.1], "k_pid_hsp": [0.3351277709007263, 0.0, 0.9420637488365173], "k_pid_vsp": [0.0, 400.0, 382.57659912109375]}, "datetime": {"datetime": "2025-08-13 18:59:50", "elapsed": 33118.282541036606, "delta": 29.413780212402344}, "costs": {"total_cost": 2158.2813797637677, "time_cost": 150, "final_distance_cost": 50.637045894612854, "oscillation_cost": 763.9790081485901, "completition_cost": 888.8888888888888, "overshoot_cost": 241.4853601405812, "power_cost": 35.32072325439453, "noise_cost": 27.97035343670051, "n_waypoints_completed": 1, "tot_waypoints": 9}}
{"target": -1932.7176378691609, "params": {"k_pid_pos": [2.0, 0.0, 0.06464162468910217], "k_pid_alt": [1.9680546522140503, 0.08785247802734375, 1.0], "k_pid_att": [100.0, 9.999999747378752e-05, 1.0], "k_pid_yaw": [0.5, 1e-06, 0.1], "k_pid_hsp": [0.3505232036113739, 0.0, 0.9630687832832336], "k_pid_vsp": [5.75793981552124, 366.4475402832031, 400.0]}, "datetime": {"datetime": "2025-08-13 19:00:19", "elapsed": 33147.205518484116, "delta": 28.922977447509766}, "costs": {"total_cost": 1932.7176378691609, "time_cost": 150, "final_distance_cost": 99.65958364235604, "oscillation_cost": 620.528953551045, "completition_cost": 888.8888888888888, "overshoot_cost": 102.98089727433508, "power_cost": 39.31390666503906, "noise_cost": 31.345407847496816, "n_waypoints_completed": 1, "tot_waypoints": 9}}
{"target": -3152.370595158538, "params": {"k_pid_pos": [2.0, 0.0, 0.06190210580825806], "k_pid_alt": [1.96889328956604, 0.0, 1.0], "k_pid_att": [98.81565856933594, 0.45733872056007385, 1.0], "k_pid_yaw": [0.5, 1e-06, 0.1], "k_pid_hsp": [9.999999747378752e-05, 0.03237602114677429, 0.9711079001426697], "k_pid_vsp": [27.400089263916016, 390.4820556640625, 400.0]}, "datetime": {"datetime": "2025-08-13 19:00:48", "elapsed": 33176.761687994, "delta": 29.556169509887695}, "costs": {"total_cost": 3152.370595158538, "time_cost": 150, "final_distance_cost": 470.109953821965, "oscillation_cost": 734.743746055187, "completition_cost": 1000.0, "overshoot_cost": 739.3609381872903, "power_cost": 31.34807839355469, "noise_cost": 26.807878700541227, "n_waypoints_completed": 0, "tot_waypoints": 9}}
{"target": -2871.856676516141, "params": {"k_pid_pos": [1.9573419094085693, 0.033487170934677124, 0.0650407075881958], "k_pid_alt": [2.0, 0.09893733263015747, 0.9815444946289062], "k_pid_att": [100.0, 0.27220290899276733, 0.987543523311615], "k_pid_yaw": [0.5, 1e-06, 0.1], "k_pid_hsp": [0.32181909680366516, 0.0019345581531524658, 1.0], "k_pid_vsp": [20.27897834777832, 400.0, 400.0]}, "datetime": {"datetime": "2025-08-13 19:01:17", "elapsed": 33205.28509306908, "delta": 28.523405075073242}, "costs": {"total_cost": 2871.856676516141, "time_cost": 150, "final_distance_cost": 399.2512297198924, "oscillation_cost": 828.2773244670149, "completition_cost": 888.8888888888888, "overshoot_cost": 542.115026986049, "power_cost": 35.16133460693359, "noise_cost": 28.16287184736205, "n_waypoints_completed": 1, "tot_waypoints": 9}}
{"target": -4657.472509259365, "params": {"k_pid_pos": [2.0, 0.03286382555961609, 0.02584323287010193], "k_pid_alt": [2.0, 0.0, 1.0], "k_pid_att": [97.46585845947266, 1.3743637800216675, 1.0], "k_pid_yaw": [0.5, 1e-06, 0.1], "k_pid_hsp": [9.999999747378752e-05, 0.005602508783340454, 1.0], "k_pid_vsp": [28.13267707824707, 400.0, 370.7507019042969]}, "datetime": {"datetime": "2025-08-13 19:01:46", "elapsed": 33234.13395738602, "delta": 28.848864316940308}, "costs": {"total_cost": 4657.472509259365, "time_cost": 150, "final_distance_cost": 1015.3117344004946, "oscillation_cost": 825.4980476301237, "completition_cost": 1000.0, "overshoot_cost": 1607.216052076359, "power_cost": 32.36720793457032, "noise_cost": 27.07946721781677, "n_waypoints_completed": 0, "tot_waypoints": 9}}
{"target": -2125.955208993974, "params": {"k_pid_pos": [2.0, 0.0, 0.013627022504806519], "k_pid_alt": [1.981727123260498, 0.0829102098941803, 0.9704703688621521], "k_pid_att": [100.0, 9.999999747378752e-05, 1.0], "k_pid_yaw": [0.5, 1e-06, 0.1], "k_pid_hsp": [0.5978976488113403, 0.0, 1.0], "k_pid_vsp": [22.336196899414062, 399.2984313964844, 396.4531555175781]}, "datetime": {"datetime": "2025-08-13 19:02:15", "elapsed": 33263.652594804764, "delta": 29.51863741874695}, "costs": {"total_cost": 2125.955208993974, "time_cost": 150, "final_distance_cost": 93.9153877011518, "oscillation_cost": 793.9791949226985, "completition_cost": 888.8888888888888, "overshoot_cost": 134.4812711753336, "power_cost": 36.253845483398436, "noise_cost": 28.436620822502924, "n_waypoints_completed": 1, "tot_waypoints": 9}}
{"target": -3257.6611976525614, "params": {"k_pid_pos": [2.0, 0.07236376404762268, 0.022974073886871338], "k_pid_alt": [2.0, 0.0, 1.0], "k_pid_att": [96.7477035522461, 9.999999747378752e-05, 1.0], "k_pid_yaw": [0.5, 1e-06, 0.1], "k_pid_hsp": [0.6195929050445557, 0.022401005029678345, 0.9698694944381714], "k_pid_vsp": [0.0, 400.0, 400.0]}, "datetime": {"datetime": "2025-08-13 19:02:44", "elapsed": 33292.912234306335, "delta": 29.259639501571655}, "costs": {"total_cost": 3257.6611976525614, "time_cost": 150, "final_distance_cost": 626.6361542395437, "oscillation_cost": 481.3440536816459, "completition_cost": 888.8888888888888, "overshoot_cost": 1044.004781893334, "power_cost": 37.365917504882816, "noise_cost": 29.42140144426633, "n_waypoints_completed": 1, "tot_waypoints": 9}}
{"target": -2936.4704503703542, "params": {"k_pid_pos": [1.9356995820999146, 0.0, 0.0], "k_pid_alt": [2.0, 0.0, 1.0], "k_pid_att": [98.76814270019531, 9.999999747378752e-05, 1.0], "k_pid_yaw": [0.5, 1e-06, 0.1], "k_pid_hsp": [9.999999747378752e-05, 0.028752774000167847, 1.0], "k_pid_vsp": [3.205728530883789, 400.0, 373.760498046875]}, "datetime": {"datetime": "2025-08-13 19:03:13", "elapsed": 33321.39963197708, "delta": 28.48739767074585}, "costs": {"total_cost": 2936.4704503703542, "time_cost": 150, "final_distance_cost": 323.7013060361671, "oscillation_cost": 721.3209260479532, "completition_cost": 1000.0, "overshoot_cost": 678.4414005781173, "power_cost": 34.86138237304688, "noise_cost": 28.14543533506963, "n_waypoints_completed": 0, "tot_waypoints": 9}}
{"target": -4989.731297736243, "params": {"k_pid_pos": [1.9373137950897217, 0.02783796191215515, 0.0], "k_pid_alt": [2.0, 0.007217705249786377, 1.0], "k_pid_att": [89.22776794433594, 0.12304974347352982, 1.0], "k_pid_yaw": [0.5, 1e-06, 0.1], "k_pid_hsp": [9.999999747378752e-05, 0.0, 1.0], "k_pid_vsp": [39.98980712890625, 387.8143310546875, 392.6116638183594]}, "datetime": {"datetime": "2025-08-13 19:03:43", "elapsed": 33351.32693362236, "delta": 29.92730164527893}, "costs": {"total_cost": 4989.731297736243, "time_cost": 150, "final_distance_cost": 767.0619745049206, "oscillation_cost": 844.3448462666449, "completition_cost": 1000.0, "overshoot_cost": 2173.0270854959167, "power_cost": 29.52722762451172, "noise_cost": 25.770163844248366, "n_waypoints_completed": 0, "tot_waypoints": 9}}
{"target": -4704.819508127019, "params": {"k_pid_pos": [1.7299602031707764, 0.028733551502227783, 0.0], "k_pid_alt": [2.0, 0.0, 1.0], "k_pid_att": [98.5437240600586, 0.35631880164146423, 1.0], "k_pid_yaw": [0.5, 1e-06, 0.1], "k_pid_hsp": [0.8374987244606018, 0.06002575159072876, 1.0], "k_pid_vsp": [0.0, 400.0, 400.0]}, "datetime": {"datetime": "2025-08-13 19:04:11", "elapsed": 33379.97823095322, "delta": 28.651297330856323}, "costs": {"total_cost": 4704.819508127019, "time_cost": 150, "final_distance_cost": 1134.8503383229167, "oscillation_cost": 422.89262445198045, "completition_cost": 1000.0, "overshoot_cost": 1931.0977630503587, "power_cost": 35.73394462890625, "noise_cost": 30.244837672857003, "n_waypoints_completed": 0, "tot_waypoints": 9}}
{"target": -3372.850788733204, "params": {"k_pid_pos": [1.9329910278320312, 0.0, 0.06997829675674438], "k_pid_alt": [2.0, 0.0, 0.994720995426178], "k_pid_att": [96.87024688720703, 0.6319610476493835, 0.98729407787323], "k_pid_yaw": [0.5, 1e-06, 0.1], "k_pid_hsp": [0.06695786118507385, 0.01950320601463318, 0.9851880669593811], "k_pid_vsp": [33.90811538696289, 388.73834228515625, 394.978271484375]}, "datetime": {"datetime": "2025-08-13 19:04:41", "elapsed": 33409.25260877609, "delta": 29.274377822875977}, "costs": {"total_cost": 3372.850788733204, "time_cost": 150, "final_distance_cost": 270.11754378546624, "oscillation_cost": 786.4157724666843, "completition_cost": 1000.0, "overshoot_cost": 1103.7533190540187, "power_cost": 35.09743337402344, "noise_cost": 27.46672005301178, "n_waypoints_completed": 0, "tot_waypoints": 9}}
{"target": -2365.041296882256, "params": {"k_pid_pos": [1.9483895301818848, 0.02257639169692993, 0.0], "k_pid_alt": [1.9128143787384033, 0.001824110746383667, 1.0], "k_pid_att": [98.37945556640625, 0.22339077293872833, 0.972527265548706], "k_pid_yaw": [0.5, 1e-06, 0.1], "k_pid_hsp": [9.999999747378752e-05, 0.052726536989212036, 0.9642316102981567], "k_pid_vsp": [0.0, 400.0, 382.7226867675781]}, "datetime": {"datetime": "2025-08-13 19:05:10", "elapsed": 33438.3051879406, "delta": 29.052579164505005}, "costs": {"total_cost": 2365.041296882256, "time_cost": 150, "final_distance_cost": 51.73510109911887, "oscillation_cost": 661.4610079164086, "completition_cost": 1000.0, "overshoot_cost": 416.2823924204658, "power_cost": 38.50813569335938, "noise_cost": 47.05465975290365, "n_waypoints_completed": 0, "tot_waypoints": 9}}
{"target": -4326.886922691212, "params": {"k_pid_pos": [1.9501503705978394, 0.06939435005187988, 0.07392492890357971], "k_pid_alt": [1.8529503345489502, 0.01269221305847168, 1.0], "k_pid_att": [100.0, 0.030059676617383957, 1.0], "k_pid_yaw": [0.5, 1e-06, 0.1], "k_pid_hsp": [9.999999747378752e-05, 0.0, 0.8870190382003784], "k_pid_vsp": [0.0, 367.7056884765625, 400.0]}, "datetime": {"datetime": "2025-08-13 19:05:38", "elapsed": 33466.59101200104, "delta": 28.285824060440063}, "costs": {"total_cost": 4326.886922691212, "time_cost": 150, "final_distance_cost": 1130.8538472064845, "oscillation_cost": 799.8412204887459, "completition_cost": 1000.0, "overshoot_cost": 1184.3262564108654, "power_cost": 34.02433092041016, "noise_cost": 27.841267664706386, "n_waypoints_completed": 0, "tot_waypoints": 9}}
