{"target": -1959.167437224133, "params": {"k_pid_pos": [1.9633127450942993, 0.12504586577415466, 0.037467241287231445], "k_pid_alt": [1.967078685760498, 0.0, 0.9789579510688782], "k_pid_att": [100.0, 0.2150322049856186, 0.9752230644226074], "k_pid_yaw": [0.5, 1e-06, 0.1], "k_pid_hsp": [9.999999747378752e-05, 0.09545102715492249, 0.9646573066711426], "k_pid_vsp": [6.127214431762695, 374.0434875488281, 400.0]}, "datetime": {"datetime": "2025-08-14 03:35:51", "elapsed": 64079.53149986267, "delta": 28.805007219314575}, "costs": {"total_cost": 1959.167437224133, "time_cost": 150, "final_distance_cost": 46.648157175896245, "oscillation_cost": 709.7772522756472, "completition_cost": 888.8888888888888, "overshoot_cost": 87.94404594172067, "power_cost": 38.58428518066406, "noise_cost": 37.32480776131619, "n_waypoints_completed": 1, "tot_waypoints": 9}}
{"target": -5553.83566527755, "params": {"k_pid_pos": [1.850260615348816, 0.051291316747665405, 0.07616850733757019], "k_pid_alt": [1.8350311517715454, 0.014386117458343506, 0.9838242530822754], "k_pid_att": [99.98200225830078, 9.999999747378752e-05, 0.9752278327941895], "k_pid_yaw": [0.5, 1e-06, 0.1], "k_pid_hsp": [0.0595201700925827, 0.0, 0.965225875377655], "k_pid_vsp": [20.24448013305664, 387.0907287597656, 400.0]}, "datetime": {"datetime": "2025-08-14 03:36:21", "elapsed": 64109.845782756805, "delta": 30.31428289413452}, "costs": {"total_cost": 5553.83566527755, "time_cost": 150, "final_distance_cost": 1172.7005508714499, "oscillation_cost": 727.5242552427488, "completition_cost": 888.8888888888888, "overshoot_cost": 2553.4793068466306, "power_cost": 33.51269625244141, "noise_cost": 27.729967175390033, "n_waypoints_completed": 1, "tot_waypoints": 9}}
{"target": -1995.1708242084733, "params": {"k_pid_pos": [1.879517674446106, 0.02360507845878601, 0.07198935747146606], "k_pid_alt": [2.0, 0.0, 0.9790776371955872], "k_pid_att": [99.60780334472656, 9.999999747378752e-05, 1.0], "k_pid_yaw": [0.5, 1e-06, 0.1], "k_pid_hsp": [9.999999747378752e-05, 0.0, 1.0], "k_pid_vsp": [14.791655540466309, 392.4161682128906, 354.8389892578125]}, "datetime": {"datetime": "2025-08-14 03:36:50", "elapsed": 64138.44854712486, "delta": 28.60276436805725}, "costs": {"total_cost": 1995.1708242084733, "time_cost": 150, "final_distance_cost": 54.10091084122462, "oscillation_cost": 769.2999694469559, "completition_cost": 888.8888888888888, "overshoot_cost": 66.21508348349707, "power_cost": 38.07227276611329, "noise_cost": 28.593698781793837, "n_waypoints_completed": 1, "tot_waypoints": 9}}
{"target": -2290.92491097604, "params": {"k_pid_pos": [1.9933677911758423, 0.0, 0.0], "k_pid_alt": [2.0, 0.075654536485672, 1.0], "k_pid_att": [97.251220703125, 9.999999747378752e-05, 0.9933449625968933], "k_pid_yaw": [0.5, 1e-06, 0.1], "k_pid_hsp": [9.999999747378752e-05, 0.0, 1.0], "k_pid_vsp": [0.0, 400.0, 390.4355163574219]}, "datetime": {"datetime": "2025-08-14 03:37:17", "elapsed": 64165.18817639351, "delta": 26.73962926864624}, "costs": {"total_cost": 2290.92491097604, "time_cost": 150, "final_distance_cost": 7.313093652668464, "oscillation_cost": 761.1815326777825, "completition_cost": 1000.0, "overshoot_cost": 306.3466747913739, "power_cost": 37.77377197265625, "noise_cost": 28.309837881559126, "n_waypoints_completed": 0, "tot_waypoints": 9}}
{"target": -2169.6435235229155, "params": {"k_pid_pos": [2.0, 0.07019269466400146, 0.0], "k_pid_alt": [1.6733787059783936, 0.057080984115600586, 0.933695912361145], "k_pid_att": [100.0, 9.999999747378752e-05, 0.9663777351379395], "k_pid_yaw": [0.5, 1e-06, 0.1], "k_pid_hsp": [9.999999747378752e-05, 0.0, 0.9596661329269409], "k_pid_vsp": [0.0, 400.0, 358.3815002441406]}, "datetime": {"datetime": "2025-08-14 03:37:47", "elapsed": 64195.32975292206, "delta": 30.141576528549194}, "costs": {"total_cost": 2169.6435235229155, "time_cost": 150, "final_distance_cost": 62.260800000810974, "oscillation_cost": 837.4730241182074, "completition_cost": 1000.0, "overshoot_cost": 53.191235719774554, "power_cost": 38.042611193847655, "noise_cost": 28.67585249027542, "n_waypoints_completed": 0, "tot_waypoints": 9}}
{"target": -2213.9634646476193, "params": {"k_pid_pos": [2.0, 0.001654505729675293, 0.02622467279434204], "k_pid_alt": [2.0, 0.07167741656303406, 1.0], "k_pid_att": [100.0, 9.999999747378752e-05, 0.9038815498352051], "k_pid_yaw": [0.5, 1e-06, 0.1], "k_pid_hsp": [0.19169452786445618, 0.0, 0.98387610912323], "k_pid_vsp": [0.0, 400.0, 400.0]}, "datetime": {"datetime": "2025-08-14 03:38:15", "elapsed": 64223.717906951904, "delta": 28.38815402984619}, "costs": {"total_cost": 2213.9634646476193, "time_cost": 150, "final_distance_cost": 1.8017435470265735, "oscillation_cost": 770.0335666178929, "completition_cost": 1000.0, "overshoot_cost": 171.67582345468895, "power_cost": 41.268620312500005, "noise_cost": 79.18371071551061, "n_waypoints_completed": 0, "tot_waypoints": 9}}
{"target": -7411.342100782879, "params": {"k_pid_pos": [1.9406388998031616, 0.0, 0.0], "k_pid_alt": [2.0, 0.0, 0.9622763991355896], "k_pid_att": [100.0, 0.7036572694778442, 0.9341686964035034], "k_pid_yaw": [0.5, 1e-06, 0.1], "k_pid_hsp": [9.999999747378752e-05, 0.0, 0.912485659122467], "k_pid_vsp": [17.752147674560547, 385.63348388671875, 400.0]}, "datetime": {"datetime": "2025-08-14 03:38:42", "elapsed": 64250.92988777161, "delta": 27.21198081970215}, "costs": {"total_cost": 7411.342100782879, "time_cost": 150, "final_distance_cost": 1778.23493397141, "oscillation_cost": 797.1952946403475, "completition_cost": 1000.0, "overshoot_cost": 3626.7185776632036, "power_cost": 32.173667150878906, "noise_cost": 27.019627357038846, "n_waypoints_completed": 0, "tot_waypoints": 9}}
{"target": -2676.5878115656474, "params": {"k_pid_pos": [1.951242446899414, 0.021855443716049194, 0.0], "k_pid_alt": [1.8516716957092285, 0.028559744358062744, 1.0], "k_pid_att": [100.0, 9.999999747378752e-05, 1.0], "k_pid_yaw": [0.5, 1e-06, 0.1], "k_pid_hsp": [9.999999747378752e-05, 0.004784047603607178, 1.0], "k_pid_vsp": [0.0, 400.0, 396.8146667480469]}, "datetime": {"datetime": "2025-08-14 03:39:12", "elapsed": 64280.51173710823, "delta": 29.581849336624146}, "costs": {"total_cost": 2676.5878115656474, "time_cost": 150, "final_distance_cost": 196.89701318748223, "oscillation_cost": 672.8133655018515, "completition_cost": 888.8888888888888, "overshoot_cost": 704.4765207456137, "power_cost": 35.47726790771485, "noise_cost": 28.034755334095685, "n_waypoints_completed": 1, "tot_waypoints": 9}}
{"target": -1718.349722506177, "params": {"k_pid_pos": [1.9932560920715332, 0.05316352844238281, 0.05748152732849121], "k_pid_alt": [1.8751423358917236, 0.0067559778690338135, 0.9892704486846924], "k_pid_att": [99.60157012939453, 0.2674327790737152, 1.0], "k_pid_yaw": [0.5, 1e-06, 0.1], "k_pid_hsp": [0.8348198533058167, 0.03675210475921631, 1.0], "k_pid_vsp": [0.3241539001464844, 396.4993591308594, 400.0]}, "datetime": {"datetime": "2025-08-14 03:39:42", "elapsed": 64310.50601363182, "delta": 29.994276523590088}, "costs": {"total_cost": 1718.349722506177, "time_cost": 150, "final_distance_cost": 50.92546141122303, "oscillation_cost": 314.1433446483004, "completition_cost": 888.8888888888888, "overshoot_cost": 154.35073520589629, "power_cost": 44.53218756103516, "noise_cost": 115.50910479083309, "n_waypoints_completed": 1, "tot_waypoints": 9}}
{"target": -2154.538534372558, "params": {"k_pid_pos": [1.9051175117492676, 0.0, 0.08482229709625244], "k_pid_alt": [1.969692587852478, 0.0390188992023468, 1.0], "k_pid_att": [95.49219512939453, 9.999999747378752e-05, 1.0], "k_pid_yaw": [0.5, 1e-06, 0.1], "k_pid_hsp": [0.1948031783103943, 0.1455240547657013, 1.0], "k_pid_vsp": [0.0, 355.0258483886719, 380.0640563964844]}, "datetime": {"datetime": "2025-08-14 03:40:11", "elapsed": 64339.29711532593, "delta": 28.791101694107056}, "costs": {"total_cost": 2154.538534372558, "time_cost": 150, "final_distance_cost": 8.14438568120473, "oscillation_cost": 773.7356441913703, "completition_cost": 1000.0, "overshoot_cost": 127.02406212293477, "power_cost": 39.30844650878907, "noise_cost": 56.32599586825946, "n_waypoints_completed": 0, "tot_waypoints": 9}}
{"target": -3150.641724953946, "params": {"k_pid_pos": [2.0, 0.0, 0.0], "k_pid_alt": [1.9278026819229126, 0.04811397194862366, 1.0], "k_pid_att": [100.0, 0.18667379021644592, 0.9496243000030518], "k_pid_yaw": [0.5, 1e-06, 0.1], "k_pid_hsp": [0.2967830002307892, 0.04732617735862732, 1.0], "k_pid_vsp": [8.69036865234375, 400.0, 400.0]}, "datetime": {"datetime": "2025-08-14 03:40:39", "elapsed": 64367.57502770424, "delta": 28.277912378311157}, "costs": {"total_cost": 3150.641724953946, "time_cost": 150, "final_distance_cost": 535.1757467890568, "oscillation_cost": 703.6554954908732, "completition_cost": 1000.0, "overshoot_cost": 699.8405229625423, "power_cost": 34.13581676025391, "noise_cost": 27.834142951219615, "n_waypoints_completed": 0, "tot_waypoints": 9}}
{"target": -4488.219404132502, "params": {"k_pid_pos": [1.8489487171173096, 0.0, 0.0], "k_pid_alt": [1.9548075199127197, 0.054904401302337646, 0.9563876390457153], "k_pid_att": [98.95451354980469, 0.42501217126846313, 1.0], "k_pid_yaw": [0.5, 1e-06, 0.1], "k_pid_hsp": [9.999999747378752e-05, 0.07051867246627808, 1.0], "k_pid_vsp": [15.996444702148438, 400.0, 400.0]}, "datetime": {"datetime": "2025-08-14 03:41:08", "elapsed": 64396.23121547699, "delta": 28.656187772750854}, "costs": {"total_cost": 4488.219404132502, "time_cost": 150, "final_distance_cost": 957.5828954846662, "oscillation_cost": 643.8907163904297, "completition_cost": 1000.0, "overshoot_cost": 1674.1835806807333, "power_cost": 34.59015187988281, "noise_cost": 27.97205969678965, "n_waypoints_completed": 0, "tot_waypoints": 9}}
{"target": -2196.3333375396614, "params": {"k_pid_pos": [1.991011381149292, 0.0, 0.0], "k_pid_alt": [1.9175944328308105, 0.02764144539833069, 0.9105534553527832], "k_pid_att": [100.0, 0.21856343746185303, 0.9894230365753174], "k_pid_yaw": [0.5, 1e-06, 0.1], "k_pid_hsp": [9.999999747378752e-05, 0.0, 1.0], "k_pid_vsp": [18.120121002197266, 383.07989501953125, 394.68060302734375]}, "datetime": {"datetime": "2025-08-14 03:41:37", "elapsed": 64425.57696557045, "delta": 29.345750093460083}, "costs": {"total_cost": 2196.3333375396614, "time_cost": 150, "final_distance_cost": 21.549155711055178, "oscillation_cost": 754.4352814378941, "completition_cost": 1000.0, "overshoot_cost": 138.93614385576532, "power_cost": 44.99102227783203, "noise_cost": 86.4217342571148, "n_waypoints_completed": 0, "tot_waypoints": 9}}
{"target": -1642.1419215250282, "params": {"k_pid_pos": [1.8506072759628296, 0.09145891666412354, 0.0], "k_pid_alt": [1.9794793128967285, 0.0, 1.0], "k_pid_att": [91.22936248779297, 0.3846745491027832, 1.0], "k_pid_yaw": [0.5, 1e-06, 0.1], "k_pid_hsp": [0.7620993256568909, 0.040338367223739624, 0.9798718690872192], "k_pid_vsp": [0.0, 400.0, 400.0]}, "datetime": {"datetime": "2025-08-14 03:42:06", "elapsed": 64454.153351306915, "delta": 28.576385736465454}, "costs": {"total_cost": 1642.1419215250282, "time_cost": 150, "final_distance_cost": 156.914411617943, "oscillation_cost": 347.7069740709789, "completition_cost": 777.7777777777778, "overshoot_cost": 141.15505731779092, "power_cost": 37.52185981445313, "noise_cost": 31.065840926084643, "n_waypoints_completed": 2, "tot_waypoints": 9}}
{"target": -2149.101250894758, "params": {"k_pid_pos": [2.0, 0.09535476565361023, 0.013381361961364746], "k_pid_alt": [2.0, 0.0, 1.0], "k_pid_att": [91.08535766601562, 9.999999747378752e-05, 1.0], "k_pid_yaw": [0.5, 1e-06, 0.1], "k_pid_hsp": [0.4866487383842468, 0.031521767377853394, 1.0], "k_pid_vsp": [18.882179260253906, 400.0, 388.3811950683594]}, "datetime": {"datetime": "2025-08-14 03:42:34", "elapsed": 64482.42252731323, "delta": 28.26917600631714}, "costs": {"total_cost": 2149.101250894758, "time_cost": 150, "final_distance_cost": 1.5362979316810843, "oscillation_cost": 741.0790764161582, "completition_cost": 1000.0, "overshoot_cost": 124.13240309528257, "power_cost": 40.66881540527344, "noise_cost": 91.6846580463624, "n_waypoints_completed": 0, "tot_waypoints": 9}}
{"target": -7461.80295133261, "params": {"k_pid_pos": [2.0, 0.02220669388771057, 0.0], "k_pid_alt": [1.9886469841003418, 0.0, 0.9726466536521912], "k_pid_att": [100.0, 0.23554463684558868, 1.0], "k_pid_yaw": [0.5, 1e-06, 0.1], "k_pid_hsp": [9.999999747378752e-05, 0.0, 1.0], "k_pid_vsp": [0.0, 387.83306884765625, 400.0]}, "datetime": {"datetime": "2025-08-14 03:43:02", "elapsed": 64510.302817583084, "delta": 27.880290269851685}, "costs": {"total_cost": 7461.80295133261, "time_cost": 150, "final_distance_cost": 1624.5497806674578, "oscillation_cost": 835.3818100547181, "completition_cost": 1000.0, "overshoot_cost": 3789.471392528175, "power_cost": 34.49800450439453, "noise_cost": 27.90196357786402, "n_waypoints_completed": 0, "tot_waypoints": 9}}
{"target": -4023.3594695073107, "params": {"k_pid_pos": [1.9658548831939697, 0.0, 0.010677814483642578], "k_pid_alt": [1.8602460622787476, 0.0959157645702362, 0.9995309710502625], "k_pid_att": [93.9256591796875, 9.999999747378752e-05, 0.9644500613212585], "k_pid_yaw": [0.5, 1e-06, 0.1], "k_pid_hsp": [0.17613787949085236, 0.029567807912826538, 0.9814947843551636], "k_pid_vsp": [7.401096820831299, 400.0, 376.4622497558594]}, "datetime": {"datetime": "2025-08-14 03:43:34", "elapsed": 64543.072575092316, "delta": 32.76975750923157}, "costs": {"total_cost": 4023.3594695073107, "time_cost": 150, "final_distance_cost": 991.6082451888575, "oscillation_cost": 699.6711445022455, "completition_cost": 1000.0, "overshoot_cost": 1123.5204875461757, "power_cost": 31.626387133789063, "noise_cost": 26.933205136243103, "n_waypoints_completed": 0, "tot_waypoints": 9}}
{"target": -2143.8962265921546, "params": {"k_pid_pos": [2.0, 0.0, 0.0], "k_pid_alt": [1.8521418571472168, 0.0, 0.9936162233352661], "k_pid_att": [100.0, 9.999999747378752e-05, 0.9855184555053711], "k_pid_yaw": [0.5, 1e-06, 0.1], "k_pid_hsp": [9.999999747378752e-05, 0.0833742618560791, 1.0], "k_pid_vsp": [0.0, 400.0, 365.316162109375]}, "datetime": {"datetime": "2025-08-14 03:44:03", "elapsed": 64571.37744164467, "delta": 28.304866552352905}, "costs": {"total_cost": 2143.8962265921546, "time_cost": 150, "final_distance_cost": 43.52184933020068, "oscillation_cost": 713.9410932742904, "completition_cost": 1000.0, "overshoot_cost": 121.692642008652, "power_cost": 39.77672321777344, "noise_cost": 74.96391876123772, "n_waypoints_completed": 0, "tot_waypoints": 9}}
{"target": -2196.786293499825, "params": {"k_pid_pos": [1.9206546545028687, 0.0, 0.038226544857025146], "k_pid_alt": [2.0, 0.0, 0.9782010316848755], "k_pid_att": [99.44578552246094, 9.999999747378752e-05, 1.0], "k_pid_yaw": [0.5, 1e-06, 0.1], "k_pid_hsp": [9.999999747378752e-05, 0.0, 1.0], "k_pid_vsp": [2.9886960983276367, 400.0, 394.5116882324219]}, "datetime": {"datetime": "2025-08-14 03:44:34", "elapsed": 64602.22477006912, "delta": 30.847328424453735}, "costs": {"total_cost": 2196.786293499825, "time_cost": 150, "final_distance_cost": 43.729519347250985, "oscillation_cost": 765.4193202906914, "completition_cost": 1000.0, "overshoot_cost": 126.06323246849564, "power_cost": 41.529490625, "noise_cost": 70.04473076838717, "n_waypoints_completed": 0, "tot_waypoints": 9}}
{"target": -3906.9473548503415, "params": {"k_pid_pos": [1.9889708757400513, 0.10456985235214233, 0.0], "k_pid_alt": [2.0, 0.0, 1.0], "k_pid_att": [100.0, 0.5508419871330261, 1.0], "k_pid_yaw": [0.5, 1e-06, 0.1], "k_pid_hsp": [9.999999747378752e-05, 0.0, 1.0], "k_pid_vsp": [27.065753936767578, 387.2237243652344, 371.64727783203125]}, "datetime": {"datetime": "2025-08-14 03:45:02", "elapsed": 64630.81916856766, "delta": 28.594398498535156}, "costs": {"total_cost": 3906.9473548503415, "time_cost": 150, "final_distance_cost": 607.0968743142797, "oscillation_cost": 753.8219005721598, "completition_cost": 1000.0, "overshoot_cost": 1333.471810513254, "power_cost": 34.30394202880859, "noise_cost": 28.25282742183879, "n_waypoints_completed": 0, "tot_waypoints": 9}}
{"target": -5418.682711449588, "params": {"k_pid_pos": [2.0, 0.0, 0.0], "k_pid_alt": [2.0, 0.01877683401107788, 0.9785710573196411], "k_pid_att": [100.0, 0.025133103132247925, 1.0], "k_pid_yaw": [0.5, 1e-06, 0.1], "k_pid_hsp": [0.12586632370948792, 0.029826819896697998, 0.9984114170074463], "k_pid_vsp": [0.0, 400.0, 400.0]}, "datetime": {"datetime": "2025-08-14 03:45:30", "elapsed": 64658.61585688591, "delta": 27.796688318252563}, "costs": {"total_cost": 5418.682711449588, "time_cost": 150, "final_distance_cost": 976.9564310443958, "oscillation_cost": 763.3122549684749, "completition_cost": 1000.0, "overshoot_cost": 2467.9809798691135, "power_cost": 33.2653861694336, "noise_cost": 27.16765939817112, "n_waypoints_completed": 0, "tot_waypoints": 9}}
{"target": -2919.426096012905, "params": {"k_pid_pos": [2.0, 0.00775560736656189, 0.054854750633239746], "k_pid_alt": [2.0, 0.0, 0.9217218160629272], "k_pid_att": [93.37620544433594, 0.14670002460479736, 0.9489965438842773], "k_pid_yaw": [0.5, 1e-06, 0.1], "k_pid_hsp": [0.29284945130348206, 0.0, 0.9890105724334717], "k_pid_vsp": [25.501739501953125, 400.0, 400.0]}, "datetime": {"datetime": "2025-08-14 03:46:03", "elapsed": 64691.582426548004, "delta": 32.966569662094116}, "costs": {"total_cost": 2919.426096012905, "time_cost": 150, "final_distance_cost": 492.82586816246504, "oscillation_cost": 687.3431895680183, "completition_cost": 1000.0, "overshoot_cost": 527.1546419650653, "power_cost": 34.17591796875, "noise_cost": 27.92647834860622, "n_waypoints_completed": 0, "tot_waypoints": 9}}
{"target": -2355.25537701693, "params": {"k_pid_pos": [1.9502888917922974, 0.0505862832069397, 0.035057783126831055], "k_pid_alt": [2.0, 0.0, 1.0], "k_pid_att": [100.0, 0.24784304201602936, 0.9389619827270508], "k_pid_yaw": [0.5, 1e-06, 0.1], "k_pid_hsp": [0.892778217792511, 0.0, 0.9233834743499756], "k_pid_vsp": [0.0, 377.93218994140625, 390.2978515625]}, "datetime": {"datetime": "2025-08-14 03:46:30", "elapsed": 64718.08787202835, "delta": 26.50544548034668}, "costs": {"total_cost": 2355.25537701693, "time_cost": 150, "final_distance_cost": 89.78787214625767, "oscillation_cost": 720.9346561529031, "completition_cost": 1000.0, "overshoot_cost": 325.79437838806075, "power_cost": 35.605129736328124, "noise_cost": 33.13334059338044, "n_waypoints_completed": 0, "tot_waypoints": 9}}
{"target": -3883.818899302164, "params": {"k_pid_pos": [2.0, 0.0, 0.04447087645530701], "k_pid_alt": [2.0, 0.06554779410362244, 0.9592465162277222], "k_pid_att": [100.0, 9.999999747378752e-05, 1.0], "k_pid_yaw": [0.5, 1e-06, 0.1], "k_pid_hsp": [9.999999747378752e-05, 0.0, 1.0], "k_pid_vsp": [29.393123626708984, 400.0, 366.6252746582031]}, "datetime": {"datetime": "2025-08-14 03:46:58", "elapsed": 64747.03813743591, "delta": 28.950265407562256}, "costs": {"total_cost": 3883.818899302164, "time_cost": 150, "final_distance_cost": 727.3790612392739, "oscillation_cost": 782.3307259620673, "completition_cost": 1000.0, "overshoot_cost": 1168.1399249237563, "power_cost": 29.60714608154297, "noise_cost": 26.36204109552357, "n_waypoints_completed": 0, "tot_waypoints": 9}}
{"target": -2148.6149840157236, "params": {"k_pid_pos": [2.0, 0.06611520051956177, 0.0], "k_pid_alt": [1.8433473110198975, 0.0, 0.9723934531211853], "k_pid_att": [100.0, 9.999999747378752e-05, 1.0], "k_pid_yaw": [0.5, 1e-06, 0.1], "k_pid_hsp": [9.999999747378752e-05, 0.004119127988815308, 0.9563055038452148], "k_pid_vsp": [0.0, 400.0, 400.0]}, "datetime": {"datetime": "2025-08-14 03:47:28", "elapsed": 64776.13915634155, "delta": 29.10101890563965}, "costs": {"total_cost": 2148.6149840157236, "time_cost": 150, "final_distance_cost": 52.000799707495055, "oscillation_cost": 748.1234367565809, "completition_cost": 1000.0, "overshoot_cost": 104.17040187218733, "power_cost": 42.01496220703125, "noise_cost": 52.30538347242907, "n_waypoints_completed": 0, "tot_waypoints": 9}}
{"target": -2618.861740118014, "params": {"k_pid_pos": [2.0, 0.0, 0.018714070320129395], "k_pid_alt": [1.9104812145233154, 0.051959335803985596, 1.0], "k_pid_att": [100.0, 1.0887298583984375, 0.9310126304626465], "k_pid_yaw": [0.5, 1e-06, 0.1], "k_pid_hsp": [9.999999747378752e-05, 0.06859195232391357, 1.0], "k_pid_vsp": [8.154773712158203, 400.0, 400.0]}, "datetime": {"datetime": "2025-08-14 03:47:55", "elapsed": 64803.29884696007, "delta": 27.159690618515015}, "costs": {"total_cost": 2618.861740118014, "time_cost": 150, "final_distance_cost": 301.4599907433406, "oscillation_cost": 892.2021208496077, "completition_cost": 1000.0, "overshoot_cost": 207.54099933983306, "power_cost": 38.17429111328125, "noise_cost": 29.48433807195113, "n_waypoints_completed": 0, "tot_waypoints": 9}}
{"target": -4480.02094096919, "params": {"k_pid_pos": [1.9768586158752441, 0.0, 0.0], "k_pid_alt": [2.0, 0.03061676025390625, 1.0], "k_pid_att": [100.0, 9.999999747378752e-05, 1.0], "k_pid_yaw": [0.5, 1e-06, 0.1], "k_pid_hsp": [9.999999747378752e-05, 0.05777654051780701, 0.9869082570075989], "k_pid_vsp": [3.374052047729492, 400.0, 382.0066833496094]}, "datetime": {"datetime": "2025-08-14 03:48:24", "elapsed": 64832.15267491341, "delta": 28.853827953338623}, "costs": {"total_cost": 4480.02094096919, "time_cost": 150, "final_distance_cost": 935.9268514200796, "oscillation_cost": 811.0988669202743, "completition_cost": 1000.0, "overshoot_cost": 1524.5115479161323, "power_cost": 31.973842675781253, "noise_cost": 26.509832036922752, "n_waypoints_completed": 0, "tot_waypoints": 9}}
