{"target": -2063.870624598075, "params": {"k_pid_pos": [1.931815505027771, 0.04979446530342102, 0.012681037187576294], "k_pid_alt": [2.0, 0.0, 1.0], "k_pid_att": [100.0, 1.037360668182373, 1.0], "k_pid_yaw": [0.5, 1e-06, 0.1], "k_pid_hsp": [0.3374103307723999, 0.07710200548171997, 1.0], "k_pid_vsp": [0.0, 400.0, 399.5717468261719]}, "datetime": {"datetime": "2025-08-14 01:49:55", "elapsed": 57723.8627974987, "delta": 30.592981338500977}, "costs": {"total_cost": 2063.870624598075, "time_cost": 150, "final_distance_cost": 96.47690584675364, "oscillation_cost": 567.0622476417691, "completition_cost": 1000.0, "overshoot_cost": 153.27716380216913, "power_cost": 39.3870973022461, "noise_cost": 57.66721000513752, "n_waypoints_completed": 0, "tot_waypoints": 9}}
{"target": -7440.2990105046565, "params": {"k_pid_pos": [1.9310044050216675, 0.004177212715148926, 0.02146020531654358], "k_pid_alt": [1.8829998970031738, 0.0, 0.9803720712661743], "k_pid_att": [100.0, 0.36744242906570435, 1.0], "k_pid_yaw": [0.5, 1e-06, 0.1], "k_pid_hsp": [9.999999747378752e-05, 0.0, 1.0], "k_pid_vsp": [0.0, 394.6752624511719, 385.8871154785156]}, "datetime": {"datetime": "2025-08-14 01:50:26", "elapsed": 57754.29954910278, "delta": 30.4367516040802}, "costs": {"total_cost": 7440.2990105046565, "time_cost": 150, "final_distance_cost": 1734.153130917896, "oscillation_cost": 817.0137438956489, "completition_cost": 1000.0, "overshoot_cost": 3678.148967261975, "power_cost": 33.552911071777345, "noise_cost": 27.430257357359462, "n_waypoints_completed": 0, "tot_waypoints": 9}}
{"target": -3349.638306096532, "params": {"k_pid_pos": [2.0, 0.00036454200744628906, 0.13184624910354614], "k_pid_alt": [2.0, 0.0, 1.0], "k_pid_att": [99.55903625488281, 9.999999747378752e-05, 0.9936933517456055], "k_pid_yaw": [0.5, 1e-06, 0.1], "k_pid_hsp": [9.999999747378752e-05, 0.06637424230575562, 0.9587134718894958], "k_pid_vsp": [7.500267028808594, 400.0, 400.0]}, "datetime": {"datetime": "2025-08-14 01:50:56", "elapsed": 57784.6769990921, "delta": 30.377449989318848}, "costs": {"total_cost": 3349.638306096532, "time_cost": 150, "final_distance_cost": 604.1536930698536, "oscillation_cost": 846.7930774887031, "completition_cost": 1000.0, "overshoot_cost": 687.2307751424825, "power_cost": 34.14778511962891, "noise_cost": 27.312975275864233, "n_waypoints_completed": 0, "tot_waypoints": 9}}
{"target": -3307.512135250298, "params": {"k_pid_pos": [2.0, 0.0, 0.040146052837371826], "k_pid_alt": [1.9143145084381104, 0.08256283402442932, 1.0], "k_pid_att": [100.0, 9.999999747378752e-05, 0.9950060844421387], "k_pid_yaw": [0.5, 1e-06, 0.1], "k_pid_hsp": [0.21066708862781525, 0.0, 0.9977167844772339], "k_pid_vsp": [9.17201042175293, 400.0, 400.0]}, "datetime": {"datetime": "2025-08-14 01:51:27", "elapsed": 57815.24598360062, "delta": 30.568984508514404}, "costs": {"total_cost": 3307.512135250298, "time_cost": 150, "final_distance_cost": 336.2386491540945, "oscillation_cost": 709.2659745712497, "completition_cost": 1000.0, "overshoot_cost": 1051.2581424704504, "power_cost": 33.25135969238281, "noise_cost": 27.498009362120786, "n_waypoints_completed": 0, "tot_waypoints": 9}}
{"target": -2138.930451809113, "params": {"k_pid_pos": [1.9394804239273071, 0.0, 0.07684481143951416], "k_pid_alt": [1.8697106838226318, 0.05423128604888916, 1.0], "k_pid_att": [100.0, 0.12293947488069534, 1.0], "k_pid_yaw": [0.5, 1e-06, 0.1], "k_pid_hsp": [9.999999747378752e-05, 0.0, 0.9183279871940613], "k_pid_vsp": [11.037528991699219, 363.6094970703125, 400.0]}, "datetime": {"datetime": "2025-08-14 01:51:55", "elapsed": 57843.82016968727, "delta": 28.574186086654663}, "costs": {"total_cost": 2138.930451809113, "time_cost": 150, "final_distance_cost": 65.53410595819047, "oscillation_cost": 747.0394737479431, "completition_cost": 1000.0, "overshoot_cost": 110.51244100649696, "power_cost": 36.80936218261719, "noise_cost": 29.03506891386496, "n_waypoints_completed": 0, "tot_waypoints": 9}}
{"target": -3158.6307574843213, "params": {"k_pid_pos": [1.8718845844268799, 0.0, 0.0], "k_pid_alt": [1.826848030090332, 0.0, 0.944823145866394], "k_pid_att": [100.0, 9.999999747378752e-05, 1.0], "k_pid_yaw": [0.5, 1e-06, 0.1], "k_pid_hsp": [0.22341491281986237, 0.026200324296951294, 0.9477282762527466], "k_pid_vsp": [0.0, 347.3363952636719, 399.2105407714844]}, "datetime": {"datetime": "2025-08-14 01:52:25", "elapsed": 57873.460829496384, "delta": 29.64065980911255}, "costs": {"total_cost": 3158.6307574843213, "time_cost": 150, "final_distance_cost": 496.55815307422756, "oscillation_cost": 622.3505255113189, "completition_cost": 1000.0, "overshoot_cost": 826.2193544351452, "power_cost": 35.13793845214844, "noise_cost": 28.36478601148103, "n_waypoints_completed": 0, "tot_waypoints": 9}}
{"target": -2975.8595522321693, "params": {"k_pid_pos": [2.0, 0.014045238494873047, 0.014031648635864258], "k_pid_alt": [2.0, 0.015218794345855713, 0.955012857913971], "k_pid_att": [99.22540283203125, 9.999999747378752e-05, 0.9459854960441589], "k_pid_yaw": [0.5, 1e-06, 0.1], "k_pid_hsp": [9.999999747378752e-05, 0.05483081936836243, 0.9030075073242188], "k_pid_vsp": [45.48176574707031, 389.0487060546875, 400.0]}, "datetime": {"datetime": "2025-08-14 01:52:55", "elapsed": 57903.42493581772, "delta": 29.96410632133484}, "costs": {"total_cost": 2975.8595522321693, "time_cost": 150, "final_distance_cost": 459.3791215045451, "oscillation_cost": 810.9150689572999, "completition_cost": 1000.0, "overshoot_cost": 495.5981833006644, "power_cost": 32.83578161621094, "noise_cost": 27.13139685344889, "n_waypoints_completed": 0, "tot_waypoints": 9}}
{"target": -1252.8667721321344, "params": {"k_pid_pos": [2.0, 0.0, 0.0], "k_pid_alt": [1.997166633605957, 0.0, 0.9976544380187988], "k_pid_att": [100.0, 9.999999747378752e-05, 0.9380001425743103], "k_pid_yaw": [0.5, 1e-06, 0.1], "k_pid_hsp": [0.825462281703949, 0.098233163356781, 0.9505356550216675], "k_pid_vsp": [27.301311492919922, 400.0, 400.0]}, "datetime": {"datetime": "2025-08-14 01:53:27", "elapsed": 57935.55294966698, "delta": 32.12801384925842}, "costs": {"total_cost": 1252.8667721321344, "time_cost": 150, "final_distance_cost": 70.78235345840343, "oscillation_cost": 303.85723387650813, "completition_cost": 555.5555555555555, "overshoot_cost": 85.16683237944817, "power_cost": 38.83505772705078, "noise_cost": 48.66973913516847, "n_waypoints_completed": 4, "tot_waypoints": 9}}
{"target": -3350.3558040859093, "params": {"k_pid_pos": [1.7954331636428833, 0.0, 0.0], "k_pid_alt": [2.0, 0.038488805294036865, 0.9893275499343872], "k_pid_att": [99.22608947753906, 9.999999747378752e-05, 1.0], "k_pid_yaw": [0.5, 1e-06, 0.1], "k_pid_hsp": [9.999999747378752e-05, 0.04268068075180054, 0.9092209339141846], "k_pid_vsp": [12.398826599121094, 395.7867126464844, 389.91094970703125]}, "datetime": {"datetime": "2025-08-14 01:53:58", "elapsed": 57966.6767373085, "delta": 31.12378764152527}, "costs": {"total_cost": 3350.3558040859093, "time_cost": 150, "final_distance_cost": 612.4943827032772, "oscillation_cost": 859.3370338941469, "completition_cost": 1000.0, "overshoot_cost": 667.5526123919273, "power_cost": 33.53989312744141, "noise_cost": 27.4318819691168, "n_waypoints_completed": 0, "tot_waypoints": 9}}
{"target": -2182.094343490506, "params": {"k_pid_pos": [2.0, 0.0, 0.0033589601516723633], "k_pid_alt": [2.0, 0.028371334075927734, 0.9790632724761963], "k_pid_att": [96.49626159667969, 9.999999747378752e-05, 1.0], "k_pid_yaw": [0.5, 1e-06, 0.1], "k_pid_hsp": [9.999999747378752e-05, 0.012124508619308472, 1.0], "k_pid_vsp": [0.0, 400.0, 381.3433532714844]}, "datetime": {"datetime": "2025-08-14 01:54:28", "elapsed": 57996.64491868019, "delta": 29.968181371688843}, "costs": {"total_cost": 2182.094343490506, "time_cost": 150, "final_distance_cost": 2.2734424873184658, "oscillation_cost": 778.1991160279996, "completition_cost": 1000.0, "overshoot_cost": 157.4424527238174, "power_cost": 34.86698472900391, "noise_cost": 59.31234752236701, "n_waypoints_completed": 0, "tot_waypoints": 9}}
{"target": -2195.0323504318408, "params": {"k_pid_pos": [2.0, 0.0170879065990448, 0.0], "k_pid_alt": [1.99557626247406, 0.021262675523757935, 0.9907697439193726], "k_pid_att": [100.0, 9.999999747378752e-05, 1.0], "k_pid_yaw": [0.5, 1e-06, 0.1], "k_pid_hsp": [0.19844767451286316, 0.0, 1.0], "k_pid_vsp": [1.5831828117370605, 358.22509765625, 386.786376953125]}, "datetime": {"datetime": "2025-08-14 01:55:00", "elapsed": 58028.98075413704, "delta": 32.335835456848145}, "costs": {"total_cost": 2195.0323504318408, "time_cost": 150, "final_distance_cost": 4.24445242333784, "oscillation_cost": 754.6669712804761, "completition_cost": 1000.0, "overshoot_cost": 160.8896845026329, "power_cost": 44.77238172607422, "noise_cost": 80.45886049931954, "n_waypoints_completed": 0, "tot_waypoints": 9}}
{"target": -3734.9685924392843, "params": {"k_pid_pos": [2.0, 0.009881258010864258, 0.0], "k_pid_alt": [2.0, 0.014589488506317139, 0.922629177570343], "k_pid_att": [100.0, 1.0792793035507202, 1.0], "k_pid_yaw": [0.5, 1e-06, 0.1], "k_pid_hsp": [1.114457607269287, 0.0, 0.9238607287406921], "k_pid_vsp": [34.62135696411133, 371.9395751953125, 396.10723876953125]}, "datetime": {"datetime": "2025-08-14 01:55:29", "elapsed": 58057.87062907219, "delta": 28.889874935150146}, "costs": {"total_cost": 3734.9685924392843, "time_cost": 150, "final_distance_cost": 491.73647320247375, "oscillation_cost": 795.4962618942111, "completition_cost": 1000.0, "overshoot_cost": 1232.4266827872027, "power_cost": 35.41291772460938, "noise_cost": 29.8962568307868, "n_waypoints_completed": 0, "tot_waypoints": 9}}
{"target": -5550.5506467719115, "params": {"k_pid_pos": [2.0, 0.0, 0.07422173023223877], "k_pid_alt": [1.902219533920288, 0.05486482381820679, 1.0], "k_pid_att": [93.97052764892578, 0.1566193401813507, 0.950154185295105], "k_pid_yaw": [0.5, 1e-06, 0.1], "k_pid_hsp": [9.999999747378752e-05, 0.0, 0.9889488220214844], "k_pid_vsp": [4.185676574707031, 400.0, 400.0]}, "datetime": {"datetime": "2025-08-14 01:55:59", "elapsed": 58087.751640081406, "delta": 29.88101100921631}, "costs": {"total_cost": 5550.5506467719115, "time_cost": 150, "final_distance_cost": 1306.3975517077006, "oscillation_cost": 911.5051181182793, "completition_cost": 1000.0, "overshoot_cost": 2121.1086911091093, "power_cost": 33.86737624511719, "noise_cost": 27.671909591704704, "n_waypoints_completed": 0, "tot_waypoints": 9}}
{"target": -2929.073080275019, "params": {"k_pid_pos": [2.0, 0.037001073360443115, 0.0], "k_pid_alt": [1.9826992750167847, 0.0, 1.0], "k_pid_att": [100.0, 9.999999747378752e-05, 1.0], "k_pid_yaw": [0.5, 1e-06, 0.1], "k_pid_hsp": [0.12665340304374695, 0.019666969776153564, 0.9590436220169067], "k_pid_vsp": [0.0, 400.0, 376.0556945800781]}, "datetime": {"datetime": "2025-08-14 01:56:29", "elapsed": 58117.6350004673, "delta": 29.883360385894775}, "costs": {"total_cost": 2929.073080275019, "time_cost": 150, "final_distance_cost": 199.41393305271032, "oscillation_cost": 792.3879051394439, "completition_cost": 1000.0, "overshoot_cost": 726.1985427873344, "power_cost": 33.23942808837891, "noise_cost": 27.8332712071512, "n_waypoints_completed": 0, "tot_waypoints": 9}}
{"target": -2273.4521359826076, "params": {"k_pid_pos": [1.9010322093963623, 0.11971268057823181, 0.029709577560424805], "k_pid_alt": [2.0, 0.0, 0.9809043407440186], "k_pid_att": [100.0, 9.999999747378752e-05, 1.0], "k_pid_yaw": [0.5, 1e-06, 0.1], "k_pid_hsp": [9.999999747378752e-05, 0.0, 0.9965786337852478], "k_pid_vsp": [6.748485565185547, 400.0, 400.0]}, "datetime": {"datetime": "2025-08-14 01:56:59", "elapsed": 58147.3218061924, "delta": 29.686805725097656}, "costs": {"total_cost": 2273.4521359826076, "time_cost": 150, "final_distance_cost": 90.1105756701532, "oscillation_cost": 713.0480487981383, "completition_cost": 1000.0, "overshoot_cost": 249.24784205117666, "power_cost": 41.68662287597657, "noise_cost": 29.359046587162993, "n_waypoints_completed": 0, "tot_waypoints": 9}}
{"target": -2157.446553944526, "params": {"k_pid_pos": [1.8841893672943115, 0.05467158555984497, 0.0], "k_pid_alt": [2.0, 0.08235275745391846, 1.0], "k_pid_att": [96.13912963867188, 9.999999747378752e-05, 1.0], "k_pid_yaw": [0.5, 1e-06, 0.1], "k_pid_hsp": [9.999999747378752e-05, 0.0, 0.9756937026977539], "k_pid_vsp": [3.535938262939453, 400.0, 387.2461853027344]}, "datetime": {"datetime": "2025-08-14 01:57:26", "elapsed": 58174.949028253555, "delta": 27.627222061157227}, "costs": {"total_cost": 2157.446553944526, "time_cost": 150, "final_distance_cost": 61.46213151217731, "oscillation_cost": 752.7027115239738, "completition_cost": 1000.0, "overshoot_cost": 134.123687979624, "power_cost": 32.267818164062504, "noise_cost": 26.890204764688377, "n_waypoints_completed": 0, "tot_waypoints": 9}}
{"target": -5249.740751135562, "params": {"k_pid_pos": [1.9606133699417114, 0.08641046285629272, 0.0], "k_pid_alt": [2.0, 0.024289578199386597, 0.9282033443450928], "k_pid_att": [99.76026916503906, 0.3664664030075073, 0.9978383183479309], "k_pid_yaw": [0.5, 1e-06, 0.1], "k_pid_hsp": [9.999999747378752e-05, 0.0, 1.0], "k_pid_vsp": [0.020766258239746094, 400.0, 379.587646484375]}, "datetime": {"datetime": "2025-08-14 01:57:56", "elapsed": 58204.83447885513, "delta": 29.88545060157776}, "costs": {"total_cost": 5249.740751135562, "time_cost": 150, "final_distance_cost": 1057.0409723375185, "oscillation_cost": 775.4637522276709, "completition_cost": 888.8888888888888, "overshoot_cost": 2317.7715681129184, "power_cost": 33.127909802246094, "noise_cost": 27.447659766319543, "n_waypoints_completed": 1, "tot_waypoints": 9}}
{"target": -2167.4703601840033, "params": {"k_pid_pos": [1.9905309677124023, 0.06137967109680176, 0.0], "k_pid_alt": [1.7968688011169434, 0.0, 0.957836925983429], "k_pid_att": [100.0, 9.999999747378752e-05, 0.945728600025177], "k_pid_yaw": [0.5, 1e-06, 0.1], "k_pid_hsp": [9.999999747378752e-05, 0.0, 1.0], "k_pid_vsp": [0.0, 400.0, 400.0]}, "datetime": {"datetime": "2025-08-14 01:58:26", "elapsed": 58234.69817209244, "delta": 29.863693237304688}, "costs": {"total_cost": 2167.4703601840033, "time_cost": 150, "final_distance_cost": 93.35645506793789, "oscillation_cost": 717.7816172676607, "completition_cost": 1000.0, "overshoot_cost": 141.264270043364, "power_cost": 36.50192589111328, "noise_cost": 28.566091913927128, "n_waypoints_completed": 0, "tot_waypoints": 9}}
{"target": -1692.9555819697437, "params": {"k_pid_pos": [1.860975980758667, 0.01685267686843872, 0.10924047231674194], "k_pid_alt": [1.8726832866668701, 0.0, 0.9711928963661194], "k_pid_att": [93.44975280761719, 9.999999747378752e-05, 1.0], "k_pid_yaw": [0.5, 1e-06, 0.1], "k_pid_hsp": [0.49381163716316223, 0.06115195155143738, 0.9180304408073425], "k_pid_vsp": [0.0, 400.0, 392.1636047363281]}, "datetime": {"datetime": "2025-08-14 01:58:57", "elapsed": 58265.28267168999, "delta": 30.58449959754944}, "costs": {"total_cost": 1692.9555819697437, "time_cost": 150, "final_distance_cost": 94.96189862648912, "oscillation_cost": 453.4331741656248, "completition_cost": 777.7777777777778, "overshoot_cost": 130.16164004714136, "power_cost": 40.616660437011724, "noise_cost": 46.00443091569871, "n_waypoints_completed": 2, "tot_waypoints": 9}}
{"target": -2124.8579068488607, "params": {"k_pid_pos": [1.9937537908554077, 0.0, 0.010112851858139038], "k_pid_alt": [2.0, 0.028788387775421143, 1.0], "k_pid_att": [94.96685028076172, 0.07438899576663971, 0.9538565874099731], "k_pid_yaw": [0.5, 1e-06, 0.1], "k_pid_hsp": [9.999999747378752e-05, 0.0, 0.957770049571991], "k_pid_vsp": [0.0, 400.0, 397.210205078125]}, "datetime": {"datetime": "2025-08-14 01:59:27", "elapsed": 58295.80538582802, "delta": 30.522714138031006}, "costs": {"total_cost": 2124.8579068488607, "time_cost": 150, "final_distance_cost": 79.10483021227907, "oscillation_cost": 676.4754572812088, "completition_cost": 1000.0, "overshoot_cost": 153.7016604927034, "power_cost": 36.789203625488284, "noise_cost": 28.786755237180973, "n_waypoints_completed": 0, "tot_waypoints": 9}}
{"target": -2122.552485373572, "params": {"k_pid_pos": [2.0, 0.013172388076782227, 0.0], "k_pid_alt": [2.0, 0.0, 0.9579685926437378], "k_pid_att": [97.22023010253906, 0.19492626190185547, 1.0], "k_pid_yaw": [0.5, 1e-06, 0.1], "k_pid_hsp": [0.04970398172736168, 0.0, 0.94122314453125], "k_pid_vsp": [22.85933494567871, 395.74078369140625, 393.38134765625]}, "datetime": {"datetime": "2025-08-14 01:59:57", "elapsed": 58325.77153325081, "delta": 29.966147422790527}, "costs": {"total_cost": 2122.552485373572, "time_cost": 150, "final_distance_cost": 50.66898454666163, "oscillation_cost": 718.5203067667454, "completition_cost": 1000.0, "overshoot_cost": 105.49265403518963, "power_cost": 40.653388891601566, "noise_cost": 57.21715113337369, "n_waypoints_completed": 0, "tot_waypoints": 9}}
{"target": -2287.561170362758, "params": {"k_pid_pos": [1.8093111515045166, 0.0008555054664611816, 0.0], "k_pid_alt": [2.0, 0.0, 0.9585781693458557], "k_pid_att": [100.0, 0.23458589613437653, 1.0], "k_pid_yaw": [0.5, 1e-06, 0.1], "k_pid_hsp": [9.999999747378752e-05, 0.0, 1.0], "k_pid_vsp": [0.0, 400.0, 400.0]}, "datetime": {"datetime": "2025-08-14 02:00:28", "elapsed": 58356.23087334633, "delta": 30.45934009552002}, "costs": {"total_cost": 2287.561170362758, "time_cost": 150, "final_distance_cost": 159.41262915570016, "oscillation_cost": 768.2325180711081, "completition_cost": 1000.0, "overshoot_cost": 147.51394649493747, "power_cost": 34.5430314453125, "noise_cost": 27.859045195699895, "n_waypoints_completed": 0, "tot_waypoints": 9}}
{"target": -2604.6678429085705, "params": {"k_pid_pos": [1.9883909225463867, 0.023472309112548828, 0.0], "k_pid_alt": [2.0, 0.0, 0.9864072799682617], "k_pid_att": [95.96299743652344, 9.999999747378752e-05, 0.9363382458686829], "k_pid_yaw": [0.5, 1e-06, 0.1], "k_pid_hsp": [9.999999747378752e-05, 0.006006389856338501, 1.0], "k_pid_vsp": [22.131847381591797, 400.0, 397.22808837890625]}, "datetime": {"datetime": "2025-08-14 02:00:57", "elapsed": 58385.573684453964, "delta": 29.342811107635498}, "costs": {"total_cost": 2604.6678429085705, "time_cost": 150, "final_distance_cost": 408.64947483694795, "oscillation_cost": 793.1879382506239, "completition_cost": 777.7777777777778, "overshoot_cost": 410.8012316182352, "power_cost": 36.04757703857422, "noise_cost": 28.20384338641147, "n_waypoints_completed": 2, "tot_waypoints": 9}}
{"target": -3601.4668361549693, "params": {"k_pid_pos": [1.7954126596450806, 0.0, 0.0], "k_pid_alt": [2.0, 0.0640878975391388, 0.974074125289917], "k_pid_att": [96.30535888671875, 0.3066510558128357, 0.8346461057662964], "k_pid_yaw": [0.5, 1e-06, 0.1], "k_pid_hsp": [0.5754006505012512, 0.0563073456287384, 1.0], "k_pid_vsp": [11.556434631347656, 384.2905578613281, 400.0]}, "datetime": {"datetime": "2025-08-14 02:01:26", "elapsed": 58414.846856594086, "delta": 29.27317214012146}, "costs": {"total_cost": 3601.4668361549693, "time_cost": 150, "final_distance_cost": 559.9543534774432, "oscillation_cost": 807.5417385285922, "completition_cost": 1000.0, "overshoot_cost": 1020.4820673558252, "power_cost": 34.19338427734375, "noise_cost": 29.295292515765237, "n_waypoints_completed": 0, "tot_waypoints": 9}}
{"target": -7937.465406582404, "params": {"k_pid_pos": [1.9969286918640137, 0.1254381537437439, 0.05178758502006531], "k_pid_alt": [1.989248514175415, 0.027244746685028076, 0.9589978456497192], "k_pid_att": [99.29228210449219, 9.999999747378752e-05, 0.9808900356292725], "k_pid_yaw": [0.5, 1e-06, 0.1], "k_pid_hsp": [9.999999747378752e-05, 0.04565536975860596, 0.9896591901779175], "k_pid_vsp": [0.0, 400.0, 400.0]}, "datetime": {"datetime": "2025-08-14 02:01:56", "elapsed": 58444.887553691864, "delta": 30.04069709777832}, "costs": {"total_cost": 7937.465406582404, "time_cost": 150, "final_distance_cost": 2085.371801531817, "oscillation_cost": 722.8887621590973, "completition_cost": 1000.0, "overshoot_cost": 3917.8601997218607, "power_cost": 33.592838818359375, "noise_cost": 27.751804351270177, "n_waypoints_completed": 0, "tot_waypoints": 9}}
{"target": -2778.078453799846, "params": {"k_pid_pos": [1.8711824417114258, 0.09826314449310303, 0.03301471471786499], "k_pid_alt": [2.0, 0.04500570893287659, 1.0], "k_pid_att": [97.629150390625, 0.6629486083984375, 1.0], "k_pid_yaw": [0.5, 1e-06, 0.1], "k_pid_hsp": [9.999999747378752e-05, 0.005997210741043091, 1.0], "k_pid_vsp": [0.0, 400.0, 400.0]}, "datetime": {"datetime": "2025-08-14 02:02:27", "elapsed": 58475.16915369034, "delta": 30.28159999847412}, "costs": {"total_cost": 2778.078453799846, "time_cost": 150, "final_distance_cost": 211.9287441355106, "oscillation_cost": 684.5044397895505, "completition_cost": 888.8888888888888, "overshoot_cost": 781.4363364772262, "power_cost": 33.5633677734375, "noise_cost": 27.75667673523212, "n_waypoints_completed": 1, "tot_waypoints": 9}}
{"target": -1984.6104248771205, "params": {"k_pid_pos": [1.9299143552780151, 0.0, 0.03145352005958557], "k_pid_alt": [2.0, 0.06505933403968811, 1.0], "k_pid_att": [93.27265167236328, 0.6597523093223572, 0.9030535817146301], "k_pid_yaw": [0.5, 1e-06, 0.1], "k_pid_hsp": [9.999999747378752e-05, 0.021209716796875, 1.0], "k_pid_vsp": [0.0, 400.0, 400.0]}, "datetime": {"datetime": "2025-08-14 02:02:58", "elapsed": 58506.72480392456, "delta": 31.555650234222412}, "costs": {"total_cost": 1984.6104248771205, "time_cost": 150, "final_distance_cost": 84.51640018405547, "oscillation_cost": 728.738705270678, "completition_cost": 888.8888888888888, "overshoot_cost": 65.1834378781715, "power_cost": 38.41236936035156, "noise_cost": 28.870623294975537, "n_waypoints_completed": 1, "tot_waypoints": 9}}
