{"target": -2274.176127498542, "params": {"k_pid_pos": [1.9678760766983032, 0.0, 0.0], "k_pid_alt": [2.0, 0.0, 1.0], "k_pid_att": [100.0, 9.999999747378752e-05, 0.9980118274688721], "k_pid_yaw": [0.5, 1e-06, 0.1], "k_pid_hsp": [9.999999747378752e-05, 0.0, 0.9504672288894653], "k_pid_vsp": [4.229724407196045, 394.69140625, 391.86529541015625]}, "datetime": {"datetime": "2025-08-13 23:32:47", "elapsed": 49495.378365039825, "delta": 27.933555126190186}, "costs": {"total_cost": 2274.176127498542, "time_cost": 150, "final_distance_cost": 64.6451903472863, "oscillation_cost": 770.3184383088991, "completition_cost": 1000.0, "overshoot_cost": 223.92321706942968, "power_cost": 36.477815087890626, "noise_cost": 28.81146668503653, "n_waypoints_completed": 0, "tot_waypoints": 9}}
{"target": -2910.884759961464, "params": {"k_pid_pos": [1.9566137790679932, 0.01665550470352173, 0.061394959688186646], "k_pid_alt": [1.9657682180404663, 0.0, 0.9956443309783936], "k_pid_att": [100.0, 0.5648364424705505, 0.963648796081543], "k_pid_yaw": [0.5, 1e-06, 0.1], "k_pid_hsp": [0.9918815493583679, 0.0, 1.0], "k_pid_vsp": [0.0, 392.44427490234375, 400.0]}, "datetime": {"datetime": "2025-08-13 23:33:18", "elapsed": 49526.46618580818, "delta": 31.087820768356323}, "costs": {"total_cost": 2910.884759961464, "time_cost": 150, "final_distance_cost": 152.78136637979932, "oscillation_cost": 456.44136651814426, "completition_cost": 1000.0, "overshoot_cost": 1084.5673264272286, "power_cost": 37.415852880859376, "noise_cost": 29.678847755432255, "n_waypoints_completed": 0, "tot_waypoints": 9}}
{"target": -2051.884745099755, "params": {"k_pid_pos": [2.0, 0.12158310413360596, 0.055180251598358154], "k_pid_alt": [1.868144154548645, 0.0, 0.9963700771331787], "k_pid_att": [99.03753662109375, 0.4306486248970032, 1.0], "k_pid_yaw": [0.5, 1e-06, 0.1], "k_pid_hsp": [9.999999747378752e-05, 0.0, 1.0], "k_pid_vsp": [26.940654754638672, 363.2742614746094, 400.0]}, "datetime": {"datetime": "2025-08-13 23:33:49", "elapsed": 49557.52547001839, "delta": 31.059284210205078}, "costs": {"total_cost": 2051.884745099755, "time_cost": 150, "final_distance_cost": 57.41024432770764, "oscillation_cost": 737.129052479354, "completition_cost": 888.8888888888888, "overshoot_cost": 107.16437825990123, "power_cost": 41.33283426513672, "noise_cost": 69.95934687876651, "n_waypoints_completed": 1, "tot_waypoints": 9}}
{"target": -2122.8933628856325, "params": {"k_pid_pos": [2.0, 0.06265625357627869, 0.0], "k_pid_alt": [1.9353898763656616, 0.06197911500930786, 0.9708633422851562], "k_pid_att": [100.0, 9.999999747378752e-05, 1.0], "k_pid_yaw": [0.5, 1e-06, 0.1], "k_pid_hsp": [9.999999747378752e-05, 0.0, 1.0], "k_pid_vsp": [0.0, 400.0, 400.0]}, "datetime": {"datetime": "2025-08-13 23:34:20", "elapsed": 49588.68198299408, "delta": 31.15651297569275}, "costs": {"total_cost": 2122.8933628856325, "time_cost": 150, "final_distance_cost": 47.05412780097833, "oscillation_cost": 712.6359209187783, "completition_cost": 1000.0, "overshoot_cost": 149.01619815864572, "power_cost": 36.07343374023438, "noise_cost": 28.11368226699541, "n_waypoints_completed": 0, "tot_waypoints": 9}}
{"target": -2239.4088117491538, "params": {"k_pid_pos": [2.0, 0.0, 0.0], "k_pid_alt": [1.9000275135040283, 0.0, 0.9974273443222046], "k_pid_att": [100.0, 9.999999747378752e-05, 0.9563100337982178], "k_pid_yaw": [0.5, 1e-06, 0.1], "k_pid_hsp": [9.999999747378752e-05, 0.0, 0.985458254814148], "k_pid_vsp": [21.199310302734375, 400.0, 373.441162109375]}, "datetime": {"datetime": "2025-08-13 23:34:51", "elapsed": 49619.17234277725, "delta": 30.490359783172607}, "costs": {"total_cost": 2239.4088117491538, "time_cost": 150, "final_distance_cost": 96.0179214589266, "oscillation_cost": 733.8543628174875, "completition_cost": 1000.0, "overshoot_cost": 188.4835096289596, "power_cost": 41.69619294433594, "noise_cost": 29.35682489944438, "n_waypoints_completed": 0, "tot_waypoints": 9}}
{"target": -7562.582977995521, "params": {"k_pid_pos": [1.8877933025360107, 0.07841512560844421, 0.0], "k_pid_alt": [1.9917593002319336, 0.0, 0.996078610420227], "k_pid_att": [87.74791717529297, 9.999999747378752e-05, 0.9845020771026611], "k_pid_yaw": [0.5, 1e-06, 0.1], "k_pid_hsp": [9.999999747378752e-05, 0.054043322801589966, 1.0], "k_pid_vsp": [0.0, 373.5715637207031, 381.8900146484375]}, "datetime": {"datetime": "2025-08-13 23:35:21", "elapsed": 49649.098459243774, "delta": 29.926116466522217}, "costs": {"total_cost": 7562.582977995521, "time_cost": 150, "final_distance_cost": 1896.5361737629373, "oscillation_cost": 778.4857241828878, "completition_cost": 1000.0, "overshoot_cost": 3675.4228481737164, "power_cost": 34.26755985107422, "noise_cost": 27.870672024905392, "n_waypoints_completed": 0, "tot_waypoints": 9}}
{"target": -4758.092906106414, "params": {"k_pid_pos": [2.0, 0.0, 0.0], "k_pid_alt": [1.8898999691009521, 0.029110223054885864, 1.0], "k_pid_att": [100.0, 9.999999747378752e-05, 0.9981029033660889], "k_pid_yaw": [0.5, 1e-06, 0.1], "k_pid_hsp": [0.38351255655288696, 0.019311070442199707, 1.0], "k_pid_vsp": [1.6860604286193848, 389.3007507324219, 382.30181884765625]}, "datetime": {"datetime": "2025-08-13 23:35:51", "elapsed": 49679.14890003204, "delta": 30.050440788269043}, "costs": {"total_cost": 4758.092906106414, "time_cost": 150, "final_distance_cost": 1093.0850348545973, "oscillation_cost": 723.489890989187, "completition_cost": 1000.0, "overshoot_cost": 1729.7868634548522, "power_cost": 33.77508907470703, "noise_cost": 27.956027733070243, "n_waypoints_completed": 0, "tot_waypoints": 9}}
{"target": -3666.4104343376653, "params": {"k_pid_pos": [1.936639428138733, 0.0572778582572937, 0.07155942916870117], "k_pid_alt": [1.942121982574463, 0.0, 0.9992615580558777], "k_pid_att": [92.71723937988281, 0.08510878682136536, 1.0], "k_pid_yaw": [0.5, 1e-06, 0.1], "k_pid_hsp": [0.4613238573074341, 0.0, 1.0], "k_pid_vsp": [0.0, 383.9216613769531, 400.0]}, "datetime": {"datetime": "2025-08-13 23:36:21", "elapsed": 49709.19578742981, "delta": 30.046887397766113}, "costs": {"total_cost": 3666.4104343376653, "time_cost": 150, "final_distance_cost": 842.05633026783, "oscillation_cost": 477.2561877319262, "completition_cost": 1000.0, "overshoot_cost": 1130.608444288625, "power_cost": 37.20999787597656, "noise_cost": 29.27947417330782, "n_waypoints_completed": 0, "tot_waypoints": 9}}
{"target": -2093.443010234504, "params": {"k_pid_pos": [2.0, 0.04985448718070984, 0.1088157594203949], "k_pid_alt": [2.0, 0.05398315191268921, 1.0], "k_pid_att": [100.0, 0.2800801694393158, 0.978035569190979], "k_pid_yaw": [0.5, 1e-06, 0.1], "k_pid_hsp": [0.33226439356803894, 0.018821418285369873, 1.0], "k_pid_vsp": [0.0, 394.6139831542969, 400.0]}, "datetime": {"datetime": "2025-08-13 23:36:51", "elapsed": 49739.36600255966, "delta": 30.170215129852295}, "costs": {"total_cost": 2093.443010234504, "time_cost": 150, "final_distance_cost": 122.95300120118038, "oscillation_cost": 655.2813669557626, "completition_cost": 888.8888888888888, "overshoot_cost": 211.86059673341515, "power_cost": 36.054115881347656, "noise_cost": 28.405040573909275, "n_waypoints_completed": 1, "tot_waypoints": 9}}
{"target": -5359.645101027928, "params": {"k_pid_pos": [2.0, 0.0480668842792511, 0.033589690923690796], "k_pid_alt": [2.0, 0.07500869035720825, 0.9655575752258301], "k_pid_att": [90.05673217773438, 9.999999747378752e-05, 1.0], "k_pid_yaw": [0.5, 1e-06, 0.1], "k_pid_hsp": [9.999999747378752e-05, 0.0, 0.9074575901031494], "k_pid_vsp": [0.0, 387.9934387207031, 400.0]}, "datetime": {"datetime": "2025-08-13 23:37:20", "elapsed": 49768.91737771034, "delta": 29.551375150680542}, "costs": {"total_cost": 5359.645101027928, "time_cost": 150, "final_distance_cost": 1263.096954981596, "oscillation_cost": 731.5447539595875, "completition_cost": 1000.0, "overshoot_cost": 2151.7757862756835, "power_cost": 35.07788201904297, "noise_cost": 28.149723792018793, "n_waypoints_completed": 0, "tot_waypoints": 9}}
{"target": -2290.2764391402566, "params": {"k_pid_pos": [1.9207943677902222, 0.0, 0.046481192111968994], "k_pid_alt": [1.9732580184936523, 0.0, 0.950581431388855], "k_pid_att": [100.0, 0.6129857897758484, 0.9063622355461121], "k_pid_yaw": [0.5, 1e-06, 0.1], "k_pid_hsp": [9.999999747378752e-05, 0.008269429206848145, 0.9763938188552856], "k_pid_vsp": [0.0, 400.0, 400.0]}, "datetime": {"datetime": "2025-08-13 23:37:51", "elapsed": 49799.4601483345, "delta": 30.542770624160767}, "costs": {"total_cost": 2290.2764391402566, "time_cost": 150, "final_distance_cost": 44.50183015380477, "oscillation_cost": 761.9829649790497, "completition_cost": 1000.0, "overshoot_cost": 186.52753993361497, "power_cost": 44.00332473144532, "noise_cost": 103.26077934234158, "n_waypoints_completed": 0, "tot_waypoints": 9}}
{"target": -2019.2674698392448, "params": {"k_pid_pos": [2.0, 0.0, 0.0], "k_pid_alt": [2.0, 0.08010011911392212, 0.9803228974342346], "k_pid_att": [100.0, 0.5434877872467041, 1.0], "k_pid_yaw": [0.5, 1e-06, 0.1], "k_pid_hsp": [0.48163363337516785, 0.04889538884162903, 1.0], "k_pid_vsp": [0.0, 346.150634765625, 400.0]}, "datetime": {"datetime": "2025-08-13 23:38:21", "elapsed": 49829.73730182648, "delta": 30.277153491973877}, "costs": {"total_cost": 2019.2674698392448, "time_cost": 150, "final_distance_cost": 1.0056596716883126, "oscillation_cost": 627.3584440735036, "completition_cost": 1000.0, "overshoot_cost": 139.58580876595866, "power_cost": 40.34355778808594, "noise_cost": 60.97399954000814, "n_waypoints_completed": 0, "tot_waypoints": 9}}
{"target": -2059.017411572489, "params": {"k_pid_pos": [1.9728436470031738, 0.007800668478012085, 0.0], "k_pid_alt": [2.0, 0.013377785682678223, 1.0], "k_pid_att": [95.22525024414062, 0.5710123181343079, 0.9602705240249634], "k_pid_yaw": [0.5, 1e-06, 0.1], "k_pid_hsp": [9.999999747378752e-05, 0.0, 0.9461684823036194], "k_pid_vsp": [0.0, 400.0, 400.0]}, "datetime": {"datetime": "2025-08-13 23:38:51", "elapsed": 49859.77904891968, "delta": 30.041747093200684}, "costs": {"total_cost": 2059.017411572489, "time_cost": 150, "final_distance_cost": 61.86554576669875, "oscillation_cost": 749.694860464732, "completition_cost": 888.8888888888888, "overshoot_cost": 143.19090371988784, "power_cost": 37.10426322021485, "noise_cost": 28.272949512066425, "n_waypoints_completed": 1, "tot_waypoints": 9}}
{"target": -4098.84955234137, "params": {"k_pid_pos": [1.9641374349594116, 0.06836798787117004, 0.0], "k_pid_alt": [2.0, 0.0, 0.9604287147521973], "k_pid_att": [100.0, 9.999999747378752e-05, 1.0], "k_pid_yaw": [0.5, 1e-06, 0.1], "k_pid_hsp": [0.23855404555797577, 0.0, 0.9349140524864197], "k_pid_vsp": [11.71058464050293, 373.6166076660156, 369.0605773925781]}, "datetime": {"datetime": "2025-08-13 23:39:21", "elapsed": 49889.52410507202, "delta": 29.74505615234375}, "costs": {"total_cost": 4098.84955234137, "time_cost": 150, "final_distance_cost": 476.950358200893, "oscillation_cost": 782.7852586514495, "completition_cost": 1000.0, "overshoot_cost": 1623.4173042205325, "power_cost": 37.25534301757813, "noise_cost": 28.44128825091705, "n_waypoints_completed": 0, "tot_waypoints": 9}}
{"target": -4595.711400806201, "params": {"k_pid_pos": [2.0, 0.0, 0.0], "k_pid_alt": [1.9130027294158936, 0.04499581456184387, 0.9907065629959106], "k_pid_att": [96.41238403320312, 0.2282353937625885, 0.9823287725448608], "k_pid_yaw": [0.5, 1e-06, 0.1], "k_pid_hsp": [0.407049298286438, 0.0, 0.8979397416114807], "k_pid_vsp": [0.0, 400.0, 380.6809387207031]}, "datetime": {"datetime": "2025-08-13 23:39:52", "elapsed": 49920.13095283508, "delta": 30.606847763061523}, "costs": {"total_cost": 4595.711400806201, "time_cost": 150, "final_distance_cost": 1361.8591480818686, "oscillation_cost": 703.266145153412, "completition_cost": 1000.0, "overshoot_cost": 1318.4212872082094, "power_cost": 33.62335147705078, "noise_cost": 28.54146888565979, "n_waypoints_completed": 0, "tot_waypoints": 9}}
{"target": -2084.2181091481107, "params": {"k_pid_pos": [2.0, 0.04450693726539612, 0.07138890027999878], "k_pid_alt": [2.0, 0.05132073163986206, 1.0], "k_pid_att": [100.0, 0.1944991946220398, 0.9972531795501709], "k_pid_yaw": [0.5, 1e-06, 0.1], "k_pid_hsp": [0.4399864971637726, 0.014220595359802246, 0.9947441816329956], "k_pid_vsp": [0.0, 399.1163330078125, 391.77490234375]}, "datetime": {"datetime": "2025-08-13 23:40:23", "elapsed": 49951.789856910706, "delta": 31.65890407562256}, "costs": {"total_cost": 2084.2181091481107, "time_cost": 150, "final_distance_cost": 90.44839662051807, "oscillation_cost": 649.2434723033158, "completition_cost": 1000.0, "overshoot_cost": 99.01649464779388, "power_cost": 39.12086049804687, "noise_cost": 56.38888507843583, "n_waypoints_completed": 0, "tot_waypoints": 9}}
{"target": -4026.554168087741, "params": {"k_pid_pos": [1.9562535285949707, 0.04855361580848694, 0.0], "k_pid_alt": [1.8233802318572998, 0.0, 0.9229119420051575], "k_pid_att": [100.0, 9.999999747378752e-05, 1.0], "k_pid_yaw": [0.5, 1e-06, 0.1], "k_pid_hsp": [9.999999747378752e-05, 0.005058884620666504, 0.9658031463623047], "k_pid_vsp": [61.392818450927734, 392.9358825683594, 400.0]}, "datetime": {"datetime": "2025-08-13 23:40:55", "elapsed": 49983.24154686928, "delta": 31.451689958572388}, "costs": {"total_cost": 4026.554168087741, "time_cost": 150, "final_distance_cost": 612.2325340726188, "oscillation_cost": 810.5842685910445, "completition_cost": 1000.0, "overshoot_cost": 1394.7300177209138, "power_cost": 31.984031555175783, "noise_cost": 27.02331614798824, "n_waypoints_completed": 0, "tot_waypoints": 9}}
{"target": -4708.128710471234, "params": {"k_pid_pos": [1.9763755798339844, 0.0, 0.0105133056640625], "k_pid_alt": [2.0, 0.06973707675933838, 1.0], "k_pid_att": [100.0, 9.999999747378752e-05, 0.9494866132736206], "k_pid_yaw": [0.5, 1e-06, 0.1], "k_pid_hsp": [9.999999747378752e-05, 0.0, 0.9569360613822937], "k_pid_vsp": [17.09161949157715, 400.0, 381.8697814941406]}, "datetime": {"datetime": "2025-08-13 23:41:25", "elapsed": 50013.19004750252, "delta": 29.948500633239746}, "costs": {"total_cost": 4708.128710471234, "time_cost": 150, "final_distance_cost": 694.8925367081305, "oscillation_cost": 845.4736959694355, "completition_cost": 1000.0, "overshoot_cost": 1954.903592249165, "power_cost": 35.264883630371095, "noise_cost": 27.594001914130576, "n_waypoints_completed": 0, "tot_waypoints": 9}}
{"target": -1678.9786507951524, "params": {"k_pid_pos": [2.0, 0.023493587970733643, 0.0031588375568389893], "k_pid_alt": [1.8523924350738525, 0.062300533056259155, 1.0], "k_pid_att": [100.0, 0.7211614847183228, 1.0], "k_pid_yaw": [0.5, 1e-06, 0.1], "k_pid_hsp": [0.863488495349884, 0.0, 1.0], "k_pid_vsp": [32.09952163696289, 367.4897766113281, 400.0]}, "datetime": {"datetime": "2025-08-13 23:41:53", "elapsed": 50041.41590833664, "delta": 28.225860834121704}, "costs": {"total_cost": 1678.9786507951524, "time_cost": 150, "final_distance_cost": 74.33559308222497, "oscillation_cost": 467.19732945164924, "completition_cost": 777.7777777777778, "overshoot_cost": 107.08866576348247, "power_cost": 39.494989453125, "noise_cost": 63.08429526689292, "n_waypoints_completed": 2, "tot_waypoints": 9}}
{"target": -2134.4577018607674, "params": {"k_pid_pos": [1.9670155048370361, 0.026645392179489136, 0.0], "k_pid_alt": [2.0, 0.019553422927856445, 1.0], "k_pid_att": [100.0, 0.35162022709846497, 1.0], "k_pid_yaw": [0.5, 1e-06, 0.1], "k_pid_hsp": [9.999999747378752e-05, 0.0, 0.983997106552124], "k_pid_vsp": [0.0, 399.77752685546875, 400.0]}, "datetime": {"datetime": "2025-08-13 23:42:23", "elapsed": 50071.39220786095, "delta": 29.97629952430725}, "costs": {"total_cost": 2134.4577018607674, "time_cost": 150, "final_distance_cost": 29.097048963734867, "oscillation_cost": 739.420086684525, "completition_cost": 1000.0, "overshoot_cost": 104.66875477428152, "power_cost": 40.814561523437504, "noise_cost": 70.45724991478855, "n_waypoints_completed": 0, "tot_waypoints": 9}}
{"target": -1904.379673456986, "params": {"k_pid_pos": [1.9738132953643799, 0.0, 0.0], "k_pid_alt": [2.0, 0.03374028205871582, 0.9067496657371521], "k_pid_att": [94.80128479003906, 0.5612542629241943, 1.0], "k_pid_yaw": [0.5, 1e-06, 0.1], "k_pid_hsp": [0.848497748374939, 0.045408010482788086, 0.9259133338928223], "k_pid_vsp": [37.132728576660156, 400.0, 383.4794006347656]}, "datetime": {"datetime": "2025-08-13 23:42:53", "elapsed": 50101.48493051529, "delta": 30.09272265434265}, "costs": {"total_cost": 1904.379673456986, "time_cost": 150, "final_distance_cost": 84.15096207996926, "oscillation_cost": 614.1602694767311, "completition_cost": 888.8888888888888, "overshoot_cost": 101.91720294411054, "power_cost": 35.389561791992186, "noise_cost": 29.87278827529385, "n_waypoints_completed": 1, "tot_waypoints": 9}}
{"target": -7767.871660135202, "params": {"k_pid_pos": [1.972866415977478, 0.0, 0.0], "k_pid_alt": [2.0, 0.03506278991699219, 0.936897337436676], "k_pid_att": [100.0, 0.5504748821258545, 0.9937814474105835], "k_pid_yaw": [0.5, 1e-06, 0.1], "k_pid_hsp": [9.999999747378752e-05, 0.0, 1.0], "k_pid_vsp": [11.020350456237793, 400.0, 357.370849609375]}, "datetime": {"datetime": "2025-08-13 23:43:25", "elapsed": 50133.18268609047, "delta": 31.697755575180054}, "costs": {"total_cost": 7767.871660135202, "time_cost": 150, "final_distance_cost": 1877.1694594552011, "oscillation_cost": 826.0457583609228, "completition_cost": 1000.0, "overshoot_cost": 3854.549729488442, "power_cost": 32.91482291259766, "noise_cost": 27.191889918038413, "n_waypoints_completed": 0, "tot_waypoints": 9}}
{"target": -2539.256985189227, "params": {"k_pid_pos": [1.9729045629501343, 0.0, 0.02051582932472229], "k_pid_alt": [1.8572092056274414, 0.0, 1.0], "k_pid_att": [89.89106750488281, 0.01032567024230957, 1.0], "k_pid_yaw": [0.5, 1e-06, 0.1], "k_pid_hsp": [9.999999747378752e-05, 0.0, 0.9965820908546448], "k_pid_vsp": [0.0, 400.0, 400.0]}, "datetime": {"datetime": "2025-08-13 23:43:56", "elapsed": 50164.250917196274, "delta": 31.068231105804443}, "costs": {"total_cost": 2539.256985189227, "time_cost": 150, "final_distance_cost": 233.62133060904483, "oscillation_cost": 661.5582350511422, "completition_cost": 1000.0, "overshoot_cost": 407.12587701098005, "power_cost": 38.34095903320313, "noise_cost": 48.61058348485709, "n_waypoints_completed": 0, "tot_waypoints": 9}}
{"target": -2387.5747848623287, "params": {"k_pid_pos": [2.0, 0.0, 0.0], "k_pid_alt": [2.0, 0.0, 0.9928229451179504], "k_pid_att": [100.0, 9.999999747378752e-05, 0.9922112226486206], "k_pid_yaw": [0.5, 1e-06, 0.1], "k_pid_hsp": [9.999999747378752e-05, 0.09680324792861938, 0.9644383192062378], "k_pid_vsp": [20.74413299560547, 400.0, 385.3130187988281]}, "datetime": {"datetime": "2025-08-13 23:44:26", "elapsed": 50194.37750554085, "delta": 30.126588344573975}, "costs": {"total_cost": 2387.5747848623287, "time_cost": 150, "final_distance_cost": 173.1605458601559, "oscillation_cost": 871.3533469911629, "completition_cost": 1000.0, "overshoot_cost": 130.99185928522246, "power_cost": 35.07886990966797, "noise_cost": 26.99016281611987, "n_waypoints_completed": 0, "tot_waypoints": 9}}
{"target": -2465.8947331511526, "params": {"k_pid_pos": [1.9459105730056763, 0.0, 0.016285955905914307], "k_pid_alt": [2.0, 0.0, 0.9751511216163635], "k_pid_att": [100.0, 0.5361910462379456, 0.9764692783355713], "k_pid_yaw": [0.5, 1e-06, 0.1], "k_pid_hsp": [0.8696205615997314, 0.0005970001220703125, 1.0], "k_pid_vsp": [8.475375175476074, 395.6445617675781, 382.4736022949219]}, "datetime": {"datetime": "2025-08-13 23:44:59", "elapsed": 50227.30775928497, "delta": 32.930253744125366}, "costs": {"total_cost": 2465.8947331511526, "time_cost": 150, "final_distance_cost": 508.69359987227784, "oscillation_cost": 377.02071771982025, "completition_cost": 777.7777777777778, "overshoot_cost": 584.9104666593083, "power_cost": 36.75541190185547, "noise_cost": 30.736759220112727, "n_waypoints_completed": 2, "tot_waypoints": 9}}
{"target": -5556.867319421933, "params": {"k_pid_pos": [1.8481059074401855, 0.036166757345199585, 0.0], "k_pid_alt": [2.0, 0.0, 0.930814266204834], "k_pid_att": [100.0, 9.999999747378752e-05, 1.0], "k_pid_yaw": [0.5, 1e-06, 0.1], "k_pid_hsp": [9.999999747378752e-05, 0.0, 0.993358850479126], "k_pid_vsp": [0.0, 400.0, 400.0]}, "datetime": {"datetime": "2025-08-13 23:45:29", "elapsed": 50258.02466273308, "delta": 30.71690344810486}, "costs": {"total_cost": 5556.867319421933, "time_cost": 150, "final_distance_cost": 1616.1061642188167, "oscillation_cost": 747.0329791814364, "completition_cost": 1000.0, "overshoot_cost": 1984.9762079760658, "power_cost": 32.066616638183596, "noise_cost": 26.68535140743102, "n_waypoints_completed": 0, "tot_waypoints": 9}}
{"target": -2158.3544039105295, "params": {"k_pid_pos": [1.866762399673462, 0.06730538606643677, 0.0], "k_pid_alt": [2.0, 0.0, 1.0], "k_pid_att": [100.0, 0.019623305648565292, 0.9303600788116455], "k_pid_yaw": [0.5, 1e-06, 0.1], "k_pid_hsp": [9.999999747378752e-05, 0.0, 0.9890401363372803], "k_pid_vsp": [0.0, 398.3839111328125, 383.4683837890625]}, "datetime": {"datetime": "2025-08-13 23:46:00", "elapsed": 50288.47865128517, "delta": 30.453988552093506}, "costs": {"total_cost": 2158.3544039105295, "time_cost": 150, "final_distance_cost": 47.907836354691845, "oscillation_cost": 839.167711877257, "completition_cost": 1000.0, "overshoot_cost": 55.769285352397056, "power_cost": 37.407651477050784, "noise_cost": 28.10191884913293, "n_waypoints_completed": 0, "tot_waypoints": 9}}
