{"target": -2034.1458480642234, "params": {"k_pid_pos": [1.810158133506775, 0.02915412187576294, 0.0424501895904541], "k_pid_alt": [1.9888269901275635, 0.0, 0.9574830532073975], "k_pid_att": [94.5757064819336, 0.2966149151325226, 0.9999651908874512], "k_pid_yaw": [0.5, 1e-06, 0.1], "k_pid_hsp": [0.04078691825270653, 0.05854767560958862, 1.0], "k_pid_vsp": [0.0, 400.0, 400.0]}, "datetime": {"datetime": "2025-08-13 13:20:34", "elapsed": 12763.002256631851, "delta": 28.414392948150635}, "costs": {"total_cost": 2034.1458480642234, "time_cost": 150, "final_distance_cost": 58.47672250906628, "oscillation_cost": 794.2656317587071, "completition_cost": 888.8888888888888, "overshoot_cost": 76.46851892323254, "power_cost": 35.93080511474609, "noise_cost": 30.115280869582612, "n_waypoints_completed": 1, "tot_waypoints": 9}}
{"target": -2364.4883673406016, "params": {"k_pid_pos": [1.9756503105163574, 0.030055373907089233, 0.0], "k_pid_alt": [1.9889026880264282, 0.0, 1.0], "k_pid_att": [94.64019775390625, 9.999999747378752e-05, 0.9065821170806885], "k_pid_yaw": [0.5, 1e-06, 0.1], "k_pid_hsp": [0.7067983746528625, 0.0, 1.0], "k_pid_vsp": [22.195507049560547, 400.0, 392.1044006347656]}, "datetime": {"datetime": "2025-08-13 13:21:03", "elapsed": 12791.430451154709, "delta": 28.428194522857666}, "costs": {"total_cost": 2364.4883673406016, "time_cost": 150, "final_distance_cost": 474.66974868420914, "oscillation_cost": 537.8018846672132, "completition_cost": 777.7777777777778, "overshoot_cost": 356.8026888734293, "power_cost": 35.66885480957031, "noise_cost": 31.76741252840139, "n_waypoints_completed": 2, "tot_waypoints": 9}}
{"target": -2163.8223628780147, "params": {"k_pid_pos": [2.0, 0.01412951946258545, 0.0046406090259552], "k_pid_alt": [1.9665424823760986, 0.03278043866157532, 0.9764350652694702], "k_pid_att": [93.83888244628906, 0.1736014187335968, 0.8845685720443726], "k_pid_yaw": [0.5, 1e-06, 0.1], "k_pid_hsp": [9.999999747378752e-05, 0.021848320960998535, 1.0], "k_pid_vsp": [0.0, 387.69512939453125, 392.37554931640625]}, "datetime": {"datetime": "2025-08-13 13:21:32", "elapsed": 12820.394777297974, "delta": 28.96432614326477}, "costs": {"total_cost": 2163.8223628780147, "time_cost": 150, "final_distance_cost": 25.010920375924616, "oscillation_cost": 771.1673446710782, "completition_cost": 1000.0, "overshoot_cost": 112.25493646212745, "power_cost": 42.48138708496094, "noise_cost": 62.907774283922954, "n_waypoints_completed": 0, "tot_waypoints": 9}}
{"target": -2618.82201930054, "params": {"k_pid_pos": [2.0, 0.09074738621711731, 0.05425781011581421], "k_pid_alt": [1.8245854377746582, 0.04066872596740723, 1.0], "k_pid_att": [98.57688903808594, 9.999999747378752e-05, 1.0], "k_pid_yaw": [0.5, 1e-06, 0.1], "k_pid_hsp": [0.020092390477657318, 0.030081510543823242, 1.0], "k_pid_vsp": [0.8067846298217773, 391.5075378417969, 400.0]}, "datetime": {"datetime": "2025-08-13 13:22:01", "elapsed": 12849.142961978912, "delta": 28.74818468093872}, "costs": {"total_cost": 2618.82201930054, "time_cost": 150, "final_distance_cost": 2.7580257675810658, "oscillation_cost": 773.7218064084851, "completition_cost": 1000.0, "overshoot_cost": 624.4560092330631, "power_cost": 37.698969384765626, "noise_cost": 30.187208506645078, "n_waypoints_completed": 0, "tot_waypoints": 9}}
{"target": -5241.288687578549, "params": {"k_pid_pos": [2.0, 0.0, 0.05810767412185669], "k_pid_alt": [1.9046210050582886, 0.015345156192779541, 0.9724262952804565], "k_pid_att": [100.0, 9.999999747378752e-05, 0.9752524495124817], "k_pid_yaw": [0.5, 1e-06, 0.1], "k_pid_hsp": [9.999999747378752e-05, 0.0, 0.9552522897720337], "k_pid_vsp": [0.0, 400.0, 374.9148254394531]}, "datetime": {"datetime": "2025-08-13 13:22:30", "elapsed": 12878.155309915543, "delta": 29.01234793663025}, "costs": {"total_cost": 5241.288687578549, "time_cost": 150, "final_distance_cost": 1180.7470700886126, "oscillation_cost": 764.3428252556853, "completition_cost": 1000.0, "overshoot_cost": 2085.5715870479444, "power_cost": 33.210851623535156, "noise_cost": 27.41635356277149, "n_waypoints_completed": 0, "tot_waypoints": 9}}
{"target": -2652.4884063984337, "params": {"k_pid_pos": [2.0, 0.0, 0.023932069540023804], "k_pid_alt": [1.964893102645874, 0.0, 0.9331276416778564], "k_pid_att": [98.47985076904297, 0.1864696443080902, 0.9614529609680176], "k_pid_yaw": [0.5, 1e-06, 0.1], "k_pid_hsp": [9.999999747378752e-05, 0.013445019721984863, 0.9904555082321167], "k_pid_vsp": [5.994999408721924, 396.149169921875, 400.0]}, "datetime": {"datetime": "2025-08-13 13:22:58", "elapsed": 12906.418571949005, "delta": 28.263262033462524}, "costs": {"total_cost": 2652.4884063984337, "time_cost": 150, "final_distance_cost": 318.60079339300034, "oscillation_cost": 834.5822774458209, "completition_cost": 1000.0, "overshoot_cost": 291.44096024747694, "power_cost": 31.582512890625, "noise_cost": 26.281862421510667, "n_waypoints_completed": 0, "tot_waypoints": 9}}
{"target": -7135.060202135211, "params": {"k_pid_pos": [2.0, 0.08315122127532959, 0.07037889957427979], "k_pid_alt": [1.9824402332305908, 0.0, 0.960722804069519], "k_pid_att": [96.83465576171875, 9.999999747378752e-05, 0.9163943529129028], "k_pid_yaw": [0.5, 1e-06, 0.1], "k_pid_hsp": [9.999999747378752e-05, 0.0, 1.0], "k_pid_vsp": [34.78028869628906, 396.6480712890625, 397.6988830566406]}, "datetime": {"datetime": "2025-08-13 13:23:26", "elapsed": 12934.773684740067, "delta": 28.3551127910614}, "costs": {"total_cost": 7135.060202135211, "time_cost": 150, "final_distance_cost": 1666.55345435309, "oscillation_cost": 775.4420762214094, "completition_cost": 1000.0, "overshoot_cost": 3485.861204375672, "power_cost": 30.681666406250002, "noise_cost": 26.52180077878871, "n_waypoints_completed": 0, "tot_waypoints": 9}}
{"target": -6346.997877416291, "params": {"k_pid_pos": [1.9751973152160645, 0.022651761770248413, 0.027803122997283936], "k_pid_alt": [1.9070686101913452, 0.0, 0.9983101487159729], "k_pid_att": [100.0, 9.999999747378752e-05, 0.9887259602546692], "k_pid_yaw": [0.5, 1e-06, 0.1], "k_pid_hsp": [0.15665331482887268, 0.0, 0.8921681642532349], "k_pid_vsp": [0.0, 400.0, 400.0]}, "datetime": {"datetime": "2025-08-13 13:23:55", "elapsed": 12963.361400604248, "delta": 28.58771586418152}, "costs": {"total_cost": 6346.997877416291, "time_cost": 150, "final_distance_cost": 1345.824656622965, "oscillation_cost": 806.6120746877593, "completition_cost": 1000.0, "overshoot_cost": 2982.955527452527, "power_cost": 33.933912255859376, "noise_cost": 27.671706397179992, "n_waypoints_completed": 0, "tot_waypoints": 9}}
{"target": -5794.016143157013, "params": {"k_pid_pos": [2.0, 0.03935924172401428, 0.03654918074607849], "k_pid_alt": [1.976790189743042, 0.0, 0.8609223365783691], "k_pid_att": [100.0, 9.999999747378752e-05, 0.9512609839439392], "k_pid_yaw": [0.5, 1e-06, 0.1], "k_pid_hsp": [0.39041948318481445, 0.0, 1.0], "k_pid_vsp": [19.246601104736328, 389.8294982910156, 396.4587707519531]}, "datetime": {"datetime": "2025-08-13 13:24:24", "elapsed": 12992.076536893845, "delta": 28.715136289596558}, "costs": {"total_cost": 5794.016143157013, "time_cost": 150, "final_distance_cost": 1130.445634546311, "oscillation_cost": 827.389949622059, "completition_cost": 1000.0, "overshoot_cost": 2625.0024588149763, "power_cost": 33.54522681884766, "noise_cost": 27.63287335481904, "n_waypoints_completed": 0, "tot_waypoints": 9}}
{"target": -2036.1483396568894, "params": {"k_pid_pos": [1.8705017566680908, 0.0, 0.0], "k_pid_alt": [1.9345593452453613, 0.046953022480010986, 0.9131430387496948], "k_pid_att": [99.6615982055664, 0.6367931365966797, 0.9882363677024841], "k_pid_yaw": [0.5, 1e-06, 0.1], "k_pid_hsp": [9.999999747378752e-05, 0.06955987215042114, 1.0], "k_pid_vsp": [24.89441680908203, 400.0, 358.5283203125]}, "datetime": {"datetime": "2025-08-13 13:24:52", "elapsed": 13020.59186553955, "delta": 28.515328645706177}, "costs": {"total_cost": 2036.1483396568894, "time_cost": 150, "final_distance_cost": 55.387482907918105, "oscillation_cost": 701.8618323662814, "completition_cost": 888.8888888888888, "overshoot_cost": 122.83612247692541, "power_cost": 43.08869943847657, "noise_cost": 74.08531357839938, "n_waypoints_completed": 1, "tot_waypoints": 9}}
{"target": -3164.285229644817, "params": {"k_pid_pos": [2.0, 0.08611467480659485, 0.0], "k_pid_alt": [2.0, 0.04285836219787598, 1.0], "k_pid_att": [100.0, 9.999999747378752e-05, 0.9544671177864075], "k_pid_yaw": [0.5, 1e-06, 0.1], "k_pid_hsp": [9.999999747378752e-05, 0.048038214445114136, 1.0], "k_pid_vsp": [16.524160385131836, 391.6272277832031, 400.0]}, "datetime": {"datetime": "2025-08-13 13:25:21", "elapsed": 13049.10395359993, "delta": 28.51208806037903}, "costs": {"total_cost": 3164.285229644817, "time_cost": 150, "final_distance_cost": 618.8302081479833, "oscillation_cost": 781.5774844151815, "completition_cost": 1000.0, "overshoot_cost": 550.0730690993439, "power_cost": 36.02998852539063, "noise_cost": 27.77447945691746, "n_waypoints_completed": 0, "tot_waypoints": 9}}
{"target": -1710.234933051531, "params": {"k_pid_pos": [1.935118556022644, 0.0, 0.0], "k_pid_alt": [1.9981918334960938, 0.02397492527961731, 0.9506957530975342], "k_pid_att": [100.0, 0.4620787501335144, 1.0], "k_pid_yaw": [0.5, 1e-06, 0.1], "k_pid_hsp": [0.3823935091495514, 0.030473321676254272, 1.0], "k_pid_vsp": [29.811691284179688, 397.83868408203125, 399.5249328613281]}, "datetime": {"datetime": "2025-08-13 13:25:49", "elapsed": 13077.455700874329, "delta": 28.351747274398804}, "costs": {"total_cost": 1710.234933051531, "time_cost": 150, "final_distance_cost": 65.13898939885799, "oscillation_cost": 615.3000343631718, "completition_cost": 666.6666666666667, "overshoot_cost": 137.41886287060802, "power_cost": 39.33807457275391, "noise_cost": 36.37230517947251, "n_waypoints_completed": 3, "tot_waypoints": 9}}
{"target": -2196.945741450535, "params": {"k_pid_pos": [2.0, 0.019113272428512573, 0.0], "k_pid_alt": [2.0, 0.0, 1.0], "k_pid_att": [100.0, 9.999999747378752e-05, 1.0], "k_pid_yaw": [0.5, 1e-06, 0.1], "k_pid_hsp": [9.999999747378752e-05, 0.0, 0.9901077747344971], "k_pid_vsp": [0.0, 359.0950622558594, 400.0]}, "datetime": {"datetime": "2025-08-13 13:26:18", "elapsed": 13106.423721551895, "delta": 28.96802067756653}, "costs": {"total_cost": 2196.945741450535, "time_cost": 150, "final_distance_cost": 62.365803604334964, "oscillation_cost": 694.0307941682942, "completition_cost": 1000.0, "overshoot_cost": 180.78604038960063, "power_cost": 41.2902703125, "noise_cost": 68.47283297580539, "n_waypoints_completed": 0, "tot_waypoints": 9}}
{"target": -2184.741889892431, "params": {"k_pid_pos": [2.0, 0.0, 0.059570759534835815], "k_pid_alt": [1.9233405590057373, 0.0, 0.970300018787384], "k_pid_att": [100.0, 0.5306729078292847, 1.0], "k_pid_yaw": [0.5, 1e-06, 0.1], "k_pid_hsp": [9.999999747378752e-05, 0.0011410117149353027, 0.9061947464942932], "k_pid_vsp": [6.386315822601318, 400.0, 394.9574890136719]}, "datetime": {"datetime": "2025-08-13 13:26:46", "elapsed": 13134.261537790298, "delta": 27.83781623840332}, "costs": {"total_cost": 2184.741889892431, "time_cost": 150, "final_distance_cost": 53.40668268346538, "oscillation_cost": 860.110875776263, "completition_cost": 1000.0, "overshoot_cost": 56.29369593835638, "power_cost": 36.935723828125, "noise_cost": 27.994911666221533, "n_waypoints_completed": 0, "tot_waypoints": 9}}
{"target": -2465.8295100634477, "params": {"k_pid_pos": [2.0, 0.0, 0.0], "k_pid_alt": [1.929978847503662, 0.0, 1.0], "k_pid_att": [100.0, 9.999999747378752e-05, 0.9931686520576477], "k_pid_yaw": [0.5, 1e-06, 0.1], "k_pid_hsp": [9.999999747378752e-05, 0.0, 0.9628487229347229], "k_pid_vsp": [0.0, 400.0, 400.0]}, "datetime": {"datetime": "2025-08-13 13:27:14", "elapsed": 13162.677684307098, "delta": 28.416146516799927}, "costs": {"total_cost": 2465.8295100634477, "time_cost": 150, "final_distance_cost": 115.3118312738686, "oscillation_cost": 800.9248938644727, "completition_cost": 888.8888888888888, "overshoot_cost": 447.06061474418755, "power_cost": 35.67574588623047, "noise_cost": 27.96753540580012, "n_waypoints_completed": 1, "tot_waypoints": 9}}
{"target": -7507.223789454706, "params": {"k_pid_pos": [1.9869357347488403, 0.0731966495513916, 0.09101647138595581], "k_pid_alt": [2.0, 0.029149621725082397, 1.0], "k_pid_att": [100.0, 0.2602853775024414, 1.0], "k_pid_yaw": [0.5, 1e-06, 0.1], "k_pid_hsp": [9.999999747378752e-05, 0.0, 1.0], "k_pid_vsp": [0.0, 382.6997375488281, 373.9671630859375]}, "datetime": {"datetime": "2025-08-13 13:27:42", "elapsed": 13190.895050764084, "delta": 28.217366456985474}, "costs": {"total_cost": 7507.223789454706, "time_cost": 150, "final_distance_cost": 1737.0393720107759, "oscillation_cost": 863.0023253912555, "completition_cost": 1000.0, "overshoot_cost": 3695.2263962399543, "power_cost": 34.236250451660155, "noise_cost": 27.719445361060085, "n_waypoints_completed": 0, "tot_waypoints": 9}}
{"target": -2173.121522577551, "params": {"k_pid_pos": [2.0, 0.04013568162918091, 0.038945138454437256], "k_pid_alt": [1.9251478910446167, 0.0, 0.9585431814193726], "k_pid_att": [95.04407501220703, 9.999999747378752e-05, 1.0], "k_pid_yaw": [0.5, 1e-06, 0.1], "k_pid_hsp": [0.3923497498035431, 0.0, 0.9696335792541504], "k_pid_vsp": [22.007274627685547, 400.0, 399.208740234375]}, "datetime": {"datetime": "2025-08-13 13:28:11", "elapsed": 13219.207456588745, "delta": 28.312405824661255}, "costs": {"total_cost": 2173.121522577551, "time_cost": 150, "final_distance_cost": 21.615000857319394, "oscillation_cost": 703.0018651849712, "completition_cost": 1000.0, "overshoot_cost": 184.95903891656576, "power_cost": 41.069870227050785, "noise_cost": 72.4757473916444, "n_waypoints_completed": 0, "tot_waypoints": 9}}
{"target": -2465.4515831087256, "params": {"k_pid_pos": [1.929283618927002, 0.005474090576171875, 0.0], "k_pid_alt": [2.0, 0.0829477608203888, 0.9924155473709106], "k_pid_att": [100.0, 9.999999747378752e-05, 1.0], "k_pid_yaw": [0.5, 1e-06, 0.1], "k_pid_hsp": [0.03919697925448418, 0.008160829544067383, 0.9669680595397949], "k_pid_vsp": [0.0, 386.4930114746094, 400.0]}, "datetime": {"datetime": "2025-08-13 13:28:40", "elapsed": 13248.07776594162, "delta": 28.870309352874756}, "costs": {"total_cost": 2465.4515831087256, "time_cost": 150, "final_distance_cost": 206.40191211635522, "oscillation_cost": 760.6724149877448, "completition_cost": 888.8888888888888, "overshoot_cost": 396.75541804822154, "power_cost": 34.885218786621095, "noise_cost": 27.847730280894407, "n_waypoints_completed": 1, "tot_waypoints": 9}}
{"target": -2160.8863563699224, "params": {"k_pid_pos": [2.0, 0.0, 0.0], "k_pid_alt": [2.0, 0.04212081432342529, 1.0], "k_pid_att": [87.78065490722656, 0.17389199137687683, 0.9897952675819397], "k_pid_yaw": [0.5, 1e-06, 0.1], "k_pid_hsp": [0.23689526319503784, 0.03727179765701294, 1.0], "k_pid_vsp": [3.222787380218506, 400.0, 400.0]}, "datetime": {"datetime": "2025-08-13 13:29:09", "elapsed": 13277.285464286804, "delta": 29.207698345184326}, "costs": {"total_cost": 2160.8863563699224, "time_cost": 150, "final_distance_cost": 9.357321216449778, "oscillation_cost": 673.1527169541214, "completition_cost": 1000.0, "overshoot_cost": 190.62980081881616, "power_cost": 41.34435767822266, "noise_cost": 96.40215970231255, "n_waypoints_completed": 0, "tot_waypoints": 9}}
{"target": -2493.978288169429, "params": {"k_pid_pos": [1.8717191219329834, 0.0, 0.0], "k_pid_alt": [1.9876784086227417, 0.0, 1.0], "k_pid_att": [100.0, 0.5135793685913086, 1.0], "k_pid_yaw": [0.5, 1e-06, 0.1], "k_pid_hsp": [1.0828737020492554, 0.03460678458213806, 0.9863053560256958], "k_pid_vsp": [11.302042007446289, 367.7655029296875, 399.65081787109375]}, "datetime": {"datetime": "2025-08-13 13:29:37", "elapsed": 13305.823153972626, "delta": 28.537689685821533}, "costs": {"total_cost": 2493.978288169429, "time_cost": 150, "final_distance_cost": 383.18935610850235, "oscillation_cost": 667.8903981554528, "completition_cost": 888.8888888888888, "overshoot_cost": 301.34654593686645, "power_cost": 38.16229504394531, "noise_cost": 64.50080403577331, "n_waypoints_completed": 1, "tot_waypoints": 9}}
{"target": -2057.9464036958016, "params": {"k_pid_pos": [1.8830599784851074, 0.0, 0.05217033624649048], "k_pid_alt": [2.0, 0.0, 1.0], "k_pid_att": [98.73155212402344, 9.999999747378752e-05, 0.9105538129806519], "k_pid_yaw": [0.5, 1e-06, 0.1], "k_pid_hsp": [0.8639152646064758, 0.015610963106155396, 0.9556282162666321], "k_pid_vsp": [0.0, 386.4861145019531, 400.0]}, "datetime": {"datetime": "2025-08-13 13:30:06", "elapsed": 13334.474772930145, "delta": 28.65161895751953}, "costs": {"total_cost": 2057.9464036958016, "time_cost": 150, "final_distance_cost": 67.13380138889269, "oscillation_cost": 706.80776650152, "completition_cost": 888.8888888888888, "overshoot_cost": 179.6786797508961, "power_cost": 36.04711062011719, "noise_cost": 29.390156545486743, "n_waypoints_completed": 1, "tot_waypoints": 9}}
{"target": -2412.3217210596536, "params": {"k_pid_pos": [1.8483026027679443, 0.0, 0.036049842834472656], "k_pid_alt": [2.0, 0.0784420371055603, 1.0], "k_pid_att": [98.20492553710938, 9.999999747378752e-05, 0.9724630117416382], "k_pid_yaw": [0.5, 1e-06, 0.1], "k_pid_hsp": [0.43946465849876404, 0.07779663801193237, 1.0], "k_pid_vsp": [0.0, 400.0, 380.1209716796875]}, "datetime": {"datetime": "2025-08-13 13:30:35", "elapsed": 13363.246571063995, "delta": 28.771798133850098}, "costs": {"total_cost": 2412.3217210596536, "time_cost": 150, "final_distance_cost": 361.53136051861117, "oscillation_cost": 510.0111706509886, "completition_cost": 1000.0, "overshoot_cost": 326.91581933224217, "power_cost": 35.14607750244141, "noise_cost": 28.717293055369762, "n_waypoints_completed": 0, "tot_waypoints": 9}}
{"target": -2110.0818651677414, "params": {"k_pid_pos": [1.8714650869369507, 0.0, 0.0], "k_pid_alt": [2.0, 0.0, 1.0], "k_pid_att": [97.00233459472656, 9.999999747378752e-05, 1.0], "k_pid_yaw": [0.5, 1e-06, 0.1], "k_pid_hsp": [0.4458253085613251, 0.05356910824775696, 0.9185994863510132], "k_pid_vsp": [0.0, 400.0, 398.5903625488281]}, "datetime": {"datetime": "2025-08-13 13:31:04", "elapsed": 13392.347284793854, "delta": 29.1007137298584}, "costs": {"total_cost": 2110.0818651677414, "time_cost": 150, "final_distance_cost": 59.34601988243473, "oscillation_cost": 626.2355446757459, "completition_cost": 888.8888888888888, "overshoot_cost": 298.37015055683906, "power_cost": 38.60436290283203, "noise_cost": 48.636898261001136, "n_waypoints_completed": 1, "tot_waypoints": 9}}
{"target": -5578.559212949294, "params": {"k_pid_pos": [2.0, 0.051812052726745605, 0.012905895709991455], "k_pid_alt": [2.0, 0.0, 0.9594390988349915], "k_pid_att": [92.87458801269531, 0.5045949220657349, 0.9599261283874512], "k_pid_yaw": [0.5, 1e-06, 0.1], "k_pid_hsp": [9.999999747378752e-05, 0.029390722513198853, 1.0], "k_pid_vsp": [1.6603469848632812, 400.0, 400.0]}, "datetime": {"datetime": "2025-08-13 13:31:38", "elapsed": 13427.00734615326, "delta": 34.66006135940552}, "costs": {"total_cost": 5578.559212949294, "time_cost": 150, "final_distance_cost": 1127.8936920671063, "oscillation_cost": 809.6509686363012, "completition_cost": 1000.0, "overshoot_cost": 2428.9913061836382, "power_cost": 34.162224340820316, "noise_cost": 27.861021721428095, "n_waypoints_completed": 0, "tot_waypoints": 9}}
{"target": -5435.685236878737, "params": {"k_pid_pos": [1.926803469657898, 0.0, 0.020307958126068115], "k_pid_alt": [2.0, 0.0, 1.0], "k_pid_att": [100.0, 9.999999747378752e-05, 1.0], "k_pid_yaw": [0.5, 1e-06, 0.1], "k_pid_hsp": [9.999999747378752e-05, 0.03667867183685303, 1.0], "k_pid_vsp": [0.0, 400.0, 400.0]}, "datetime": {"datetime": "2025-08-13 13:32:09", "elapsed": 13458.06075167656, "delta": 31.05340552330017}, "costs": {"total_cost": 5435.685236878737, "time_cost": 150, "final_distance_cost": 903.5167013169062, "oscillation_cost": 829.0939935593779, "completition_cost": 1000.0, "overshoot_cost": 2490.210825063726, "power_cost": 34.87728092041016, "noise_cost": 27.986436018316034, "n_waypoints_completed": 0, "tot_waypoints": 9}}
{"target": -2103.450613680893, "params": {"k_pid_pos": [2.0, 0.0, 0.005071789026260376], "k_pid_alt": [2.0, 0.0, 1.0], "k_pid_att": [100.0, 9.999999747378752e-05, 1.0], "k_pid_yaw": [0.5, 1e-06, 0.1], "k_pid_hsp": [0.4503781795501709, 0.005929380655288696, 0.9647033214569092], "k_pid_vsp": [0.0, 379.45404052734375, 377.05517578125]}, "datetime": {"datetime": "2025-08-13 13:32:52", "elapsed": 13500.709149599075, "delta": 42.64839792251587}, "costs": {"total_cost": 2103.450613680893, "time_cost": 150, "final_distance_cost": 50.19307298441596, "oscillation_cost": 715.3625828027274, "completition_cost": 888.8888888888888, "overshoot_cost": 146.67820993993703, "power_cost": 45.7938341796875, "noise_cost": 106.53402488523652, "n_waypoints_completed": 1, "tot_waypoints": 9}}
{"target": -4175.077944594841, "params": {"k_pid_pos": [2.0, 0.0, 0.011817127466201782], "k_pid_alt": [2.0, 0.025021880865097046, 0.971177339553833], "k_pid_att": [100.0, 9.999999747378752e-05, 1.0], "k_pid_yaw": [0.5, 1e-06, 0.1], "k_pid_hsp": [9.999999747378752e-05, 0.0, 1.0], "k_pid_vsp": [20.411849975585938, 400.0, 400.0]}, "datetime": {"datetime": "2025-08-13 13:33:27", "elapsed": 13535.200642585754, "delta": 34.49149298667908}, "costs": {"total_cost": 4175.077944594841, "time_cost": 150, "final_distance_cost": 642.4349747768824, "oscillation_cost": 831.0099858297647, "completition_cost": 888.8888888888888, "overshoot_cost": 1603.1663267100032, "power_cost": 32.353707421875, "noise_cost": 27.224060967427242, "n_waypoints_completed": 1, "tot_waypoints": 9}}
