{"target": -9452.276176251891, "params": {"k_pid_pos": [2.0, 0.011823087930679321, 0.0], "k_pid_alt": [2.0, 0.0, 1.0], "k_pid_att": [92.84352111816406, 9.999999747378752e-05, 1.0], "k_pid_yaw": [0.5, 1e-06, 0.1], "k_pid_hsp": [9.999999747378752e-05, 0.020179569721221924, 1.0], "k_pid_vsp": [0.16498565673828125, 393.241943359375, 383.17889404296875]}, "datetime": {"datetime": "2025-08-13 13:48:09", "elapsed": 14417.689173221588, "delta": 36.82122564315796}, "costs": {"total_cost": 9452.276176251891, "time_cost": 150, "final_distance_cost": 2464.867697662966, "oscillation_cost": 754.5943947834244, "completition_cost": 888.8888888888888, "overshoot_cost": 5133.912947594595, "power_cost": 32.85739759521485, "noise_cost": 27.154849726802023, "n_waypoints_completed": 1, "tot_waypoints": 9}}
{"target": -4024.3327606399635, "params": {"k_pid_pos": [1.9202758073806763, 0.04973399639129639, 0.006158351898193359], "k_pid_alt": [1.9493141174316406, 0.0, 1.0], "k_pid_att": [100.0, 9.999999747378752e-05, 1.0], "k_pid_yaw": [0.5, 1e-06, 0.1], "k_pid_hsp": [9.999999747378752e-05, 0.10942083597183228, 0.9603503942489624], "k_pid_vsp": [0.0, 400.0, 381.75457763671875]}, "datetime": {"datetime": "2025-08-13 13:48:41", "elapsed": 14449.124309778214, "delta": 31.435136556625366}, "costs": {"total_cost": 4024.3327606399635, "time_cost": 150, "final_distance_cost": 823.5312850142907, "oscillation_cost": 820.8875270042618, "completition_cost": 1000.0, "overshoot_cost": 1167.2506512105645, "power_cost": 34.73769931640625, "noise_cost": 27.92559809443977, "n_waypoints_completed": 0, "tot_waypoints": 9}}
{"target": -2151.362069735383, "params": {"k_pid_pos": [1.9918516874313354, 0.07027304172515869, 0.0], "k_pid_alt": [1.9469823837280273, 0.03380310535430908, 0.9785292148590088], "k_pid_att": [100.0, 9.999999747378752e-05, 1.0], "k_pid_yaw": [0.5, 1e-06, 0.1], "k_pid_hsp": [9.999999747378752e-05, 0.026376724243164062, 1.0], "k_pid_vsp": [0.0, 379.7625427246094, 399.1752014160156]}, "datetime": {"datetime": "2025-08-13 13:49:12", "elapsed": 14480.342470884323, "delta": 31.21816110610962}, "costs": {"total_cost": 2151.362069735383, "time_cost": 150, "final_distance_cost": 80.43728100172233, "oscillation_cost": 681.9429231545022, "completition_cost": 1000.0, "overshoot_cost": 164.88242302578362, "power_cost": 38.227188903808596, "noise_cost": 35.87225364956641, "n_waypoints_completed": 0, "tot_waypoints": 9}}
{"target": -2229.0655516696975, "params": {"k_pid_pos": [1.8299545049667358, 0.0, 0.06430014967918396], "k_pid_alt": [1.945582628250122, 0.0, 1.0], "k_pid_att": [100.0, 0.9081584215164185, 1.0], "k_pid_yaw": [0.5, 1e-06, 0.1], "k_pid_hsp": [9.999999747378752e-05, 0.008701831102371216, 1.0], "k_pid_vsp": [0.0, 395.7745666503906, 400.0]}, "datetime": {"datetime": "2025-08-13 13:49:43", "elapsed": 14511.55102968216, "delta": 31.208558797836304}, "costs": {"total_cost": 2229.0655516696975, "time_cost": 150, "final_distance_cost": 4.564018909685288, "oscillation_cost": 787.0611804279466, "completition_cost": 1000.0, "overshoot_cost": 169.32774533385023, "power_cost": 39.86241092529297, "noise_cost": 78.25019607292268, "n_waypoints_completed": 0, "tot_waypoints": 9}}
{"target": -2154.717026667385, "params": {"k_pid_pos": [1.8612724542617798, 0.0, 0.04434937238693237], "k_pid_alt": [1.843550443649292, 0.04331129789352417, 0.9589409828186035], "k_pid_att": [95.93936157226562, 9.999999747378752e-05, 0.9859523177146912], "k_pid_yaw": [0.5, 1e-06, 0.1], "k_pid_hsp": [9.999999747378752e-05, 0.06616321206092834, 1.0], "k_pid_vsp": [0.0, 389.2796630859375, 400.0]}, "datetime": {"datetime": "2025-08-13 13:50:14", "elapsed": 14542.450865268707, "delta": 30.89983558654785}, "costs": {"total_cost": 2154.717026667385, "time_cost": 150, "final_distance_cost": 35.61372411415054, "oscillation_cost": 705.195334177726, "completition_cost": 1000.0, "overshoot_cost": 147.2697119413289, "power_cost": 39.92123278808594, "noise_cost": 76.71702364609402, "n_waypoints_completed": 0, "tot_waypoints": 9}}
{"target": -2131.5545877084137, "params": {"k_pid_pos": [1.9642261266708374, 0.018795132637023926, 0.0], "k_pid_alt": [2.0, 0.0, 1.0], "k_pid_att": [90.50811767578125, 1.0992302894592285, 0.9861937761306763], "k_pid_yaw": [0.5, 1e-06, 0.1], "k_pid_hsp": [0.007084700278937817, 0.04457613825798035, 0.9533002376556396], "k_pid_vsp": [9.789681434631348, 392.3371276855469, 400.0]}, "datetime": {"datetime": "2025-08-13 13:50:45", "elapsed": 14573.68254327774, "delta": 31.231678009033203}, "costs": {"total_cost": 2131.5545877084137, "time_cost": 150, "final_distance_cost": 74.35852714557164, "oscillation_cost": 739.2844623383652, "completition_cost": 1000.0, "overshoot_cost": 79.92632616873571, "power_cost": 41.42298509521485, "noise_cost": 46.56228696052624, "n_waypoints_completed": 0, "tot_waypoints": 9}}
{"target": -2478.004539782135, "params": {"k_pid_pos": [1.993727445602417, 0.0, 0.0], "k_pid_alt": [2.0, 0.090035080909729, 1.0], "k_pid_att": [100.0, 9.999999747378752e-05, 0.9890990257263184], "k_pid_yaw": [0.5, 1e-06, 0.1], "k_pid_hsp": [0.21933352947235107, 0.015106558799743652, 1.0], "k_pid_vsp": [0.0, 400.0, 400.0]}, "datetime": {"datetime": "2025-08-13 13:51:17", "elapsed": 14605.886304855347, "delta": 32.2037615776062}, "costs": {"total_cost": 2478.004539782135, "time_cost": 150, "final_distance_cost": 124.81517901715345, "oscillation_cost": 587.7984551359708, "completition_cost": 1000.0, "overshoot_cost": 549.5251047150491, "power_cost": 37.18823416748047, "noise_cost": 28.677566746481148, "n_waypoints_completed": 0, "tot_waypoints": 9}}
{"target": -4529.116780098524, "params": {"k_pid_pos": [1.8463873863220215, 0.011720478534698486, 0.0], "k_pid_alt": [2.0, 0.007698506116867065, 0.9232615828514099], "k_pid_att": [94.4178466796875, 9.999999747378752e-05, 0.9827194809913635], "k_pid_yaw": [0.5, 1e-06, 0.1], "k_pid_hsp": [9.999999747378752e-05, 0.011261016130447388, 0.9713529348373413], "k_pid_vsp": [32.47611618041992, 400.0, 400.0]}, "datetime": {"datetime": "2025-08-13 13:51:48", "elapsed": 14636.720386743546, "delta": 30.834081888198853}, "costs": {"total_cost": 4529.116780098524, "time_cost": 150, "final_distance_cost": 1030.7368507587155, "oscillation_cost": 770.6633823659821, "completition_cost": 1000.0, "overshoot_cost": 1520.7164027230715, "power_cost": 30.813378417968753, "noise_cost": 26.186765832786012, "n_waypoints_completed": 0, "tot_waypoints": 9}}
{"target": -7711.779851968148, "params": {"k_pid_pos": [2.0, 0.0, 0.0], "k_pid_alt": [1.8668999671936035, 0.0, 1.0], "k_pid_att": [100.0, 0.4945453703403473, 1.0], "k_pid_yaw": [0.5, 1e-06, 0.1], "k_pid_hsp": [0.4675712585449219, 0.006125330924987793, 1.0], "k_pid_vsp": [0.0, 356.6253356933594, 400.0]}, "datetime": {"datetime": "2025-08-13 13:52:23", "elapsed": 14671.631410360336, "delta": 34.91102361679077}, "costs": {"total_cost": 7711.779851968148, "time_cost": 150, "final_distance_cost": 1790.327887516273, "oscillation_cost": 665.9544991764255, "completition_cost": 1000.0, "overshoot_cost": 4041.5249815561706, "power_cost": 35.54340001220703, "noise_cost": 28.429083707073328, "n_waypoints_completed": 0, "tot_waypoints": 9}}
{"target": -2104.861858938498, "params": {"k_pid_pos": [2.0, 0.0, 0.07905113697052002], "k_pid_alt": [1.967422366142273, 0.029527932405471802, 1.0], "k_pid_att": [95.78529357910156, 9.999999747378752e-05, 1.0], "k_pid_yaw": [0.5, 1e-06, 0.1], "k_pid_hsp": [0.6723213195800781, 0.0030818581581115723, 0.9329699277877808], "k_pid_vsp": [0.0, 374.15966796875, 384.7280578613281]}, "datetime": {"datetime": "2025-08-13 13:52:56", "elapsed": 14704.11036992073, "delta": 32.47895956039429}, "costs": {"total_cost": 2104.861858938498, "time_cost": 150, "final_distance_cost": 315.38187726364924, "oscillation_cost": 623.7323742756757, "completition_cost": 777.7777777777778, "overshoot_cost": 173.3966313800902, "power_cost": 35.71407492675782, "noise_cost": 28.859123314547197, "n_waypoints_completed": 2, "tot_waypoints": 9}}
{"target": -2252.6270988731208, "params": {"k_pid_pos": [1.9695411920547485, 0.0, 0.0], "k_pid_alt": [1.9935901165008545, 0.0, 0.969282329082489], "k_pid_att": [100.0, 0.5290960669517517, 1.0], "k_pid_yaw": [0.5, 1e-06, 0.1], "k_pid_hsp": [9.999999747378752e-05, 0.0396348237991333, 1.0], "k_pid_vsp": [0.0, 400.0, 379.6863098144531]}, "datetime": {"datetime": "2025-08-13 13:53:31", "elapsed": 14739.4528195858, "delta": 35.34244966506958}, "costs": {"total_cost": 2252.6270988731208, "time_cost": 150, "final_distance_cost": 1.573158861337125, "oscillation_cost": 811.0578271691581, "completition_cost": 1000.0, "overshoot_cost": 146.28954194182415, "power_cost": 44.04865860595703, "noise_cost": 99.65791229484465, "n_waypoints_completed": 0, "tot_waypoints": 9}}
{"target": -2721.379051328562, "params": {"k_pid_pos": [2.0, 0.0026353299617767334, 0.005428314208984375], "k_pid_alt": [2.0, 0.03719300031661987, 1.0], "k_pid_att": [97.55101776123047, 9.999999747378752e-05, 0.9249705076217651], "k_pid_yaw": [0.5, 1e-06, 0.1], "k_pid_hsp": [0.34489986300468445, 0.0, 1.0], "k_pid_vsp": [42.6234130859375, 387.03375244140625, 393.82196044921875]}, "datetime": {"datetime": "2025-08-13 13:54:06", "elapsed": 14774.909675598145, "delta": 35.45685601234436}, "costs": {"total_cost": 2721.379051328562, "time_cost": 150, "final_distance_cost": 331.03125822836176, "oscillation_cost": 735.9198949865755, "completition_cost": 1000.0, "overshoot_cost": 441.34844492247385, "power_cost": 34.8339199584961, "noise_cost": 28.245533232654843, "n_waypoints_completed": 0, "tot_waypoints": 9}}
{"target": -5764.396974692647, "params": {"k_pid_pos": [1.7805730104446411, 0.0, 0.0012998878955841064], "k_pid_alt": [1.9739859104156494, 0.06310361623764038, 0.9967082738876343], "k_pid_att": [100.0, 0.80466228723526, 1.0], "k_pid_yaw": [0.5, 1e-06, 0.1], "k_pid_hsp": [0.07593750953674316, 0.13749128580093384, 0.9503750801086426], "k_pid_vsp": [0.0, 376.7146301269531, 392.9083251953125]}, "datetime": {"datetime": "2025-08-13 13:54:41", "elapsed": 14809.811517953873, "delta": 34.90184235572815}, "costs": {"total_cost": 5764.396974692647, "time_cost": 150, "final_distance_cost": 1226.6299450968525, "oscillation_cost": 748.3739744165601, "completition_cost": 1000.0, "overshoot_cost": 2576.2540948680203, "power_cost": 35.057592932128905, "noise_cost": 28.081367379084924, "n_waypoints_completed": 0, "tot_waypoints": 9}}
{"target": -1785.0498449758404, "params": {"k_pid_pos": [1.9177125692367554, 0.044907599687576294, 0.0], "k_pid_alt": [1.9951997995376587, 0.0, 1.0], "k_pid_att": [97.2612075805664, 0.11966720968484879, 0.9988447427749634], "k_pid_yaw": [0.5, 1e-06, 0.1], "k_pid_hsp": [0.22235992550849915, 0.0, 1.0], "k_pid_vsp": [26.181650161743164, 400.0, 400.0]}, "datetime": {"datetime": "2025-08-13 13:55:16", "elapsed": 14844.310676813126, "delta": 34.49915885925293}, "costs": {"total_cost": 1785.0498449758404, "time_cost": 150, "final_distance_cost": 91.68720768039917, "oscillation_cost": 552.7588059312736, "completition_cost": 777.7777777777778, "overshoot_cost": 143.68066809889933, "power_cost": 35.39664362792969, "noise_cost": 33.74874185956092, "n_waypoints_completed": 2, "tot_waypoints": 9}}
{"target": -3184.984915701654, "params": {"k_pid_pos": [2.0, 0.10599541664123535, 0.06901654601097107], "k_pid_alt": [2.0, 0.0, 0.9802316427230835], "k_pid_att": [100.0, 0.34075620770454407, 0.9949833154678345], "k_pid_yaw": [0.5, 1e-06, 0.1], "k_pid_hsp": [9.999999747378752e-05, 0.1045013964176178, 0.9715765118598938], "k_pid_vsp": [2.215147018432617, 400.0, 400.0]}, "datetime": {"datetime": "2025-08-13 13:55:55", "elapsed": 14883.70924282074, "delta": 39.398566007614136}, "costs": {"total_cost": 3184.984915701654, "time_cost": 150, "final_distance_cost": 557.1395997760997, "oscillation_cost": 825.9755107707772, "completition_cost": 1000.0, "overshoot_cost": 589.4035412981299, "power_cost": 34.750287072753906, "noise_cost": 27.715976783893012, "n_waypoints_completed": 0, "tot_waypoints": 9}}
{"target": -6443.31029102055, "params": {"k_pid_pos": [2.0, 0.05915352702140808, 0.024478763341903687], "k_pid_alt": [2.0, 0.0, 1.0], "k_pid_att": [100.0, 0.40894562005996704, 0.9477523565292358], "k_pid_yaw": [0.5, 1e-06, 0.1], "k_pid_hsp": [0.7054769396781921, 0.07078447937965393, 1.0], "k_pid_vsp": [39.456451416015625, 376.2239990234375, 400.0]}, "datetime": {"datetime": "2025-08-13 13:56:35", "elapsed": 14923.519293546677, "delta": 39.81005072593689}, "costs": {"total_cost": 6443.31029102055, "time_cost": 150, "final_distance_cost": 1489.1203142842567, "oscillation_cost": 792.8565159749961, "completition_cost": 1000.0, "overshoot_cost": 2954.7112959958667, "power_cost": 29.524204614257815, "noise_cost": 27.097960151172217, "n_waypoints_completed": 0, "tot_waypoints": 9}}
{"target": -3815.565666255556, "params": {"k_pid_pos": [2.0, 0.0, 0.036094456911087036], "k_pid_alt": [1.924323320388794, 0.007472425699234009, 1.0], "k_pid_att": [95.14524841308594, 9.999999747378752e-05, 0.9709329009056091], "k_pid_yaw": [0.5, 1e-06, 0.1], "k_pid_hsp": [0.08196824789047241, 0.032664090394973755, 1.0], "k_pid_vsp": [0.0, 400.0, 385.4499206542969]}, "datetime": {"datetime": "2025-08-13 13:57:13", "elapsed": 14961.971510410309, "delta": 38.4522168636322}, "costs": {"total_cost": 3815.565666255556, "time_cost": 150, "final_distance_cost": 487.3703317415519, "oscillation_cost": 782.7617919487045, "completition_cost": 1000.0, "overshoot_cost": 1335.194590110313, "power_cost": 33.236168981933595, "noise_cost": 27.002783473053043, "n_waypoints_completed": 0, "tot_waypoints": 9}}
{"target": -2038.0902903826159, "params": {"k_pid_pos": [1.981447458267212, 0.04625698924064636, 0.021184027194976807], "k_pid_alt": [2.0, 0.04678475856781006, 0.9745644330978394], "k_pid_att": [97.99749755859375, 9.999999747378752e-05, 0.9391323328018188], "k_pid_yaw": [0.5, 1e-06, 0.1], "k_pid_hsp": [9.999999747378752e-05, 0.00609666109085083, 1.0], "k_pid_vsp": [12.538385391235352, 400.0, 378.4487609863281]}, "datetime": {"datetime": "2025-08-13 13:57:45", "elapsed": 14993.826796531677, "delta": 31.855286121368408}, "costs": {"total_cost": 2038.0902903826159, "time_cost": 150, "final_distance_cost": 44.61792367786705, "oscillation_cost": 718.0050724203273, "completition_cost": 888.8888888888888, "overshoot_cost": 146.11218214848324, "power_cost": 43.218092297363285, "noise_cost": 47.24813094968609, "n_waypoints_completed": 1, "tot_waypoints": 9}}
{"target": -4318.23923548597, "params": {"k_pid_pos": [1.9950636625289917, 0.0, 0.00997316837310791], "k_pid_alt": [1.992051362991333, 0.003695845603942871, 0.908184289932251], "k_pid_att": [95.28826141357422, 9.999999747378752e-05, 1.0], "k_pid_yaw": [0.5, 1e-06, 0.1], "k_pid_hsp": [0.023396242409944534, 0.0839090347290039, 1.0], "k_pid_vsp": [3.5137295722961426, 362.4855651855469, 392.75018310546875]}, "datetime": {"datetime": "2025-08-13 13:58:19", "elapsed": 15027.402179479599, "delta": 33.57538294792175}, "costs": {"total_cost": 4318.23923548597, "time_cost": 150, "final_distance_cost": 882.7701956529629, "oscillation_cost": 840.9264070497463, "completition_cost": 1000.0, "overshoot_cost": 1383.910137247158, "power_cost": 33.38607703857422, "noise_cost": 27.24641849752896, "n_waypoints_completed": 0, "tot_waypoints": 9}}
{"target": -3591.1871347566935, "params": {"k_pid_pos": [2.0, 0.003086656332015991, 0.008434444665908813], "k_pid_alt": [2.0, 0.03967192769050598, 1.0], "k_pid_att": [85.41577911376953, 0.5192298293113708, 1.0], "k_pid_yaw": [0.5, 1e-06, 0.1], "k_pid_hsp": [0.7062625288963318, 0.0, 0.9914755821228027], "k_pid_vsp": [0.0, 370.6268310546875, 400.0]}, "datetime": {"datetime": "2025-08-13 13:58:50", "elapsed": 15058.916669130325, "delta": 31.51448965072632}, "costs": {"total_cost": 3591.1871347566935, "time_cost": 150, "final_distance_cost": 844.0798097937723, "oscillation_cost": 470.6142679296836, "completition_cost": 1000.0, "overshoot_cost": 1060.063482142902, "power_cost": 36.525666711425785, "noise_cost": 29.903908178909596, "n_waypoints_completed": 0, "tot_waypoints": 9}}
{"target": -6605.327412612372, "params": {"k_pid_pos": [1.8941913843154907, 0.04999628663063049, 0.08007586002349854], "k_pid_alt": [1.821374535560608, 0.02043047547340393, 0.9510068893432617], "k_pid_att": [99.62504577636719, 9.999999747378752e-05, 0.9508295655250549], "k_pid_yaw": [0.5, 1e-06, 0.1], "k_pid_hsp": [0.7354410886764526, 0.0, 1.0], "k_pid_vsp": [2.168917655944824, 391.828857421875, 400.0]}, "datetime": {"datetime": "2025-08-13 13:59:26", "elapsed": 15094.554357767105, "delta": 35.637688636779785}, "costs": {"total_cost": 6605.327412612372, "time_cost": 150, "final_distance_cost": 1509.1129802300732, "oscillation_cost": 581.1481871569712, "completition_cost": 888.8888888888888, "overshoot_cost": 3411.1321995030594, "power_cost": 35.50471665039063, "noise_cost": 29.54044018298924, "n_waypoints_completed": 1, "tot_waypoints": 9}}
{"target": -6701.063139068949, "params": {"k_pid_pos": [2.0, 0.03704434633255005, 0.0185469388961792], "k_pid_alt": [2.0, 0.0, 1.0], "k_pid_att": [97.50769805908203, 9.999999747378752e-05, 0.976906418800354], "k_pid_yaw": [0.5, 1e-06, 0.1], "k_pid_hsp": [0.052933625876903534, 0.051278114318847656, 1.0], "k_pid_vsp": [0.0, 400.0, 400.0]}, "datetime": {"datetime": "2025-08-13 13:59:57", "elapsed": 15125.78615307808, "delta": 31.23179531097412}, "costs": {"total_cost": 6701.063139068949, "time_cost": 150, "final_distance_cost": 1593.2304798589219, "oscillation_cost": 745.9020409872214, "completition_cost": 1000.0, "overshoot_cost": 3147.5852298568884, "power_cost": 36.10078843994141, "noise_cost": 28.244599925974878, "n_waypoints_completed": 0, "tot_waypoints": 9}}
{"target": -11092.586466206001, "params": {"k_pid_pos": [2.0, 0.0, 0.0], "k_pid_alt": [2.0, 0.029624223709106445, 1.0], "k_pid_att": [97.313720703125, 9.999999747378752e-05, 1.0], "k_pid_yaw": [0.5, 1e-06, 0.1], "k_pid_hsp": [9.999999747378752e-05, 0.062482208013534546, 1.0], "k_pid_vsp": [0.0, 400.0, 395.013671875]}, "datetime": {"datetime": "2025-08-13 14:00:34", "elapsed": 15162.14432811737, "delta": 36.35817503929138}, "costs": {"total_cost": 11092.586466206001, "time_cost": 150, "final_distance_cost": 3220.407669527044, "oscillation_cost": 770.5891153076095, "completition_cost": 1000.0, "overshoot_cost": 5891.549858906127, "power_cost": 32.641054516601564, "noise_cost": 27.398767948618126, "n_waypoints_completed": 0, "tot_waypoints": 9}}
{"target": -4496.096811548689, "params": {"k_pid_pos": [1.9472143650054932, 0.0, 0.0], "k_pid_alt": [2.0, 0.007957279682159424, 0.9058628678321838], "k_pid_att": [100.0, 9.999999747378752e-05, 1.0], "k_pid_yaw": [0.5, 1e-06, 0.1], "k_pid_hsp": [9.999999747378752e-05, 0.0014148950576782227, 0.9959667921066284], "k_pid_vsp": [0.0, 400.0, 400.0]}, "datetime": {"datetime": "2025-08-13 14:01:11", "elapsed": 15199.950161218643, "delta": 37.80583310127258}, "costs": {"total_cost": 4496.096811548689, "time_cost": 150, "final_distance_cost": 1089.9093255645496, "oscillation_cost": 849.1610618206652, "completition_cost": 1000.0, "overshoot_cost": 1343.4850076797977, "power_cost": 35.58352292480469, "noise_cost": 27.957893558871106, "n_waypoints_completed": 0, "tot_waypoints": 9}}
{"target": -1879.740351973819, "params": {"k_pid_pos": [1.9513076543807983, 0.0, 0.0], "k_pid_alt": [2.0, 0.010271131992340088, 1.0], "k_pid_att": [93.94963073730469, 0.6775193810462952, 0.895561158657074], "k_pid_yaw": [0.5, 1e-06, 0.1], "k_pid_hsp": [9.999999747378752e-05, 0.024457842111587524, 0.9856970906257629], "k_pid_vsp": [4.279470443725586, 397.91156005859375, 400.0]}, "datetime": {"datetime": "2025-08-13 14:01:42", "elapsed": 15230.725467920303, "delta": 30.775306701660156}, "costs": {"total_cost": 1879.740351973819, "time_cost": 150, "final_distance_cost": 71.12954155570124, "oscillation_cost": 728.1412124812014, "completition_cost": 777.7777777777778, "overshoot_cost": 87.46908241281072, "power_cost": 37.145255310058594, "noise_cost": 28.077482436269282, "n_waypoints_completed": 2, "tot_waypoints": 9}}
{"target": -5785.042493054679, "params": {"k_pid_pos": [2.0, 0.0, 0.01929590106010437], "k_pid_alt": [2.0, 0.1582861840724945, 0.9794349670410156], "k_pid_att": [97.14014434814453, 1.2083837985992432, 1.0], "k_pid_yaw": [0.5, 1e-06, 0.1], "k_pid_hsp": [1.2832767963409424, 0.0, 1.0], "k_pid_vsp": [0.0, 400.0, 400.0]}, "datetime": {"datetime": "2025-08-13 14:02:12", "elapsed": 15260.624957084656, "delta": 29.899489164352417}, "costs": {"total_cost": 5785.042493054679, "time_cost": 150, "final_distance_cost": 1394.940302732231, "oscillation_cost": 720.2500002872745, "completition_cost": 1000.0, "overshoot_cost": 2451.430385342575, "power_cost": 34.398149194335936, "noise_cost": 34.02365549826266, "n_waypoints_completed": 0, "tot_waypoints": 9}}
{"target": -1922.68255972966, "params": {"k_pid_pos": [1.7845834493637085, 0.0, 0.0], "k_pid_alt": [1.904670000076294, 0.007939010858535767, 1.0], "k_pid_att": [99.4610366821289, 0.1733865588903427, 0.972038745880127], "k_pid_yaw": [0.5, 1e-06, 0.1], "k_pid_hsp": [0.32706037163734436, 0.0, 0.9549683332443237], "k_pid_vsp": [0.0, 397.4230651855469, 393.11175537109375]}, "datetime": {"datetime": "2025-08-13 14:02:44", "elapsed": 15292.1053545475, "delta": 31.48039746284485}, "costs": {"total_cost": 1922.68255972966, "time_cost": 150, "final_distance_cost": 94.96752696871152, "oscillation_cost": 654.0946028928339, "completition_cost": 777.7777777777778, "overshoot_cost": 137.5202048193638, "power_cost": 41.94908524169922, "noise_cost": 66.37336202927345, "n_waypoints_completed": 2, "tot_waypoints": 9}}
