{"target": -2174.2835057337034, "params": {"k_pid_pos": [2.0, 0.0, 0.02381804585456848], "k_pid_alt": [2.0, 0.02666953206062317, 0.9484009742736816], "k_pid_att": [97.4465103149414, 0.7280651330947876, 0.9302213191986084], "k_pid_yaw": [0.5, 1e-06, 0.1], "k_pid_hsp": [9.999999747378752e-05, 0.04910898208618164, 0.9926759004592896], "k_pid_vsp": [20.31923484802246, 399.80078125, 399.3689880371094]}, "datetime": {"datetime": "2025-08-13 21:18:10", "elapsed": 41418.925070762634, "delta": 28.882177352905273}, "costs": {"total_cost": 2174.2835057337034, "time_cost": 150, "final_distance_cost": 3.558136473177715, "oscillation_cost": 754.9065896613722, "completition_cost": 1000.0, "overshoot_cost": 130.56185899157177, "power_cost": 42.50428826904297, "noise_cost": 92.75263233853866, "n_waypoints_completed": 0, "tot_waypoints": 9}}
{"target": -2613.4884264081, "params": {"k_pid_pos": [1.90819251537323, 0.030992209911346436, 0.029930979013442993], "k_pid_alt": [2.0, 0.0, 0.9634222984313965], "k_pid_att": [100.0, 9.999999747378752e-05, 1.0], "k_pid_yaw": [0.5, 1e-06, 0.1], "k_pid_hsp": [0.2705211639404297, 0.022443175315856934, 1.0], "k_pid_vsp": [0.0, 400.0, 396.3468933105469]}, "datetime": {"datetime": "2025-08-13 21:18:41", "elapsed": 41449.40417456627, "delta": 30.479103803634644}, "costs": {"total_cost": 2613.4884264081, "time_cost": 150, "final_distance_cost": 290.8834567401646, "oscillation_cost": 719.9109042062856, "completition_cost": 1000.0, "overshoot_cost": 388.1569275384818, "power_cost": 36.0033482421875, "noise_cost": 28.53378968098039, "n_waypoints_completed": 0, "tot_waypoints": 9}}
{"target": -3850.307951347179, "params": {"k_pid_pos": [2.0, 0.02921164035797119, 0.0], "k_pid_alt": [1.9465116262435913, 0.0, 1.0], "k_pid_att": [96.60791015625, 9.999999747378752e-05, 0.9599553346633911], "k_pid_yaw": [0.5, 1e-06, 0.1], "k_pid_hsp": [0.8553248047828674, 0.07264101505279541, 0.9711276292800903], "k_pid_vsp": [3.16697359085083, 400.0, 374.4836730957031]}, "datetime": {"datetime": "2025-08-13 21:19:11", "elapsed": 41479.82288789749, "delta": 30.418713331222534}, "costs": {"total_cost": 3850.307951347179, "time_cost": 150, "final_distance_cost": 855.1747873545689, "oscillation_cost": 575.252620316055, "completition_cost": 888.8888888888888, "overshoot_cost": 1317.0691123298188, "power_cost": 34.50724848632812, "noise_cost": 29.41529397151938, "n_waypoints_completed": 1, "tot_waypoints": 9}}
{"target": -1604.3264449577525, "params": {"k_pid_pos": [2.0, 0.002294301986694336, 0.024025142192840576], "k_pid_alt": [2.0, 0.03650906682014465, 1.0], "k_pid_att": [100.0, 0.1680111587047577, 1.0], "k_pid_yaw": [0.5, 1e-06, 0.1], "k_pid_hsp": [1.148741602897644, 0.03349488973617554, 1.0], "k_pid_vsp": [2.6854872703552246, 400.0, 400.0]}, "datetime": {"datetime": "2025-08-13 21:19:42", "elapsed": 41510.43081188202, "delta": 30.607923984527588}, "costs": {"total_cost": 1604.3264449577525, "time_cost": 150, "final_distance_cost": 102.68681922399792, "oscillation_cost": 365.796244812104, "completition_cost": 777.7777777777778, "overshoot_cost": 129.60489928730553, "power_cost": 37.371794006347656, "noise_cost": 41.088909850219665, "n_waypoints_completed": 2, "tot_waypoints": 9}}
{"target": -2147.65507772249, "params": {"k_pid_pos": [2.0, 0.023576706647872925, 0.0], "k_pid_alt": [1.9875853061676025, 0.09379541873931885, 0.9872502088546753], "k_pid_att": [100.0, 0.28388142585754395, 1.0], "k_pid_yaw": [0.5, 1e-06, 0.1], "k_pid_hsp": [0.29438692331314087, 0.0, 1.0], "k_pid_vsp": [0.0, 400.0, 389.28436279296875]}, "datetime": {"datetime": "2025-08-13 21:20:11", "elapsed": 41539.46376180649, "delta": 29.032949924468994}, "costs": {"total_cost": 2147.65507772249, "time_cost": 150, "final_distance_cost": 1.4736401843279978, "oscillation_cost": 702.3624212882138, "completition_cost": 1000.0, "overshoot_cost": 161.85778725367248, "power_cost": 41.46751767578125, "noise_cost": 90.49371132049448, "n_waypoints_completed": 0, "tot_waypoints": 9}}
{"target": -1425.4791810711256, "params": {"k_pid_pos": [1.9848073720932007, 0.0, 0.025881469249725342], "k_pid_alt": [1.946038007736206, 0.0, 1.0], "k_pid_att": [97.78692626953125, 0.1463194638490677, 0.9560131430625916], "k_pid_yaw": [0.5, 1e-06, 0.1], "k_pid_hsp": [0.7461859583854675, 0.044624388217926025, 0.969918429851532], "k_pid_vsp": [0.0, 400.0, 400.0]}, "datetime": {"datetime": "2025-08-13 21:20:41", "elapsed": 41569.202543735504, "delta": 29.738781929016113}, "costs": {"total_cost": 1425.4791810711256, "time_cost": 150, "final_distance_cost": 49.081949654200415, "oscillation_cost": 385.98507181506983, "completition_cost": 666.6666666666667, "overshoot_cost": 96.92512360316485, "power_cost": 37.95767946777344, "noise_cost": 38.86268986425028, "n_waypoints_completed": 3, "tot_waypoints": 9}}
{"target": -2095.666608083234, "params": {"k_pid_pos": [2.0, 0.03503265976905823, 0.0545172393321991], "k_pid_alt": [1.7489385604858398, 0.0, 0.9306526780128479], "k_pid_att": [100.0, 0.5420027375221252, 0.9313739538192749], "k_pid_yaw": [0.5, 1e-06, 0.1], "k_pid_hsp": [9.999999747378752e-05, 0.0, 1.0], "k_pid_vsp": [20.21295928955078, 374.54010009765625, 373.1665344238281]}, "datetime": {"datetime": "2025-08-13 21:21:10", "elapsed": 41598.75389146805, "delta": 29.551347732543945}, "costs": {"total_cost": 2095.666608083234, "time_cost": 150, "final_distance_cost": 16.022057524675454, "oscillation_cost": 732.4350188141896, "completition_cost": 1000.0, "overshoot_cost": 100.28357799846472, "power_cost": 42.82616868896485, "noise_cost": 54.099785056939666, "n_waypoints_completed": 0, "tot_waypoints": 9}}
{"target": -1672.316372244129, "params": {"k_pid_pos": [1.898612380027771, 0.0, 0.0], "k_pid_alt": [2.0, 0.0, 1.0], "k_pid_att": [100.0, 1.0315653085708618, 0.9854152202606201], "k_pid_yaw": [0.5, 1e-06, 0.1], "k_pid_hsp": [0.38266974687576294, 0.02870553731918335, 1.0], "k_pid_vsp": [22.50385284423828, 400.0, 395.3540954589844]}, "datetime": {"datetime": "2025-08-13 21:21:39", "elapsed": 41627.94315457344, "delta": 29.189263105392456}, "costs": {"total_cost": 1672.316372244129, "time_cost": 150, "final_distance_cost": 49.60257298404217, "oscillation_cost": 625.0002398918446, "completition_cost": 666.6666666666667, "overshoot_cost": 114.89778261490224, "power_cost": 37.50959072265625, "noise_cost": 28.639519364017037, "n_waypoints_completed": 3, "tot_waypoints": 9}}
{"target": -3049.70945134963, "params": {"k_pid_pos": [1.9887698888778687, 0.028209060430526733, 0.08017188310623169], "k_pid_alt": [2.0, 0.0, 1.0], "k_pid_att": [96.6329345703125, 1.1169111728668213, 0.9253050088882446], "k_pid_yaw": [0.5, 1e-06, 0.1], "k_pid_hsp": [9.999999747378752e-05, 0.0, 1.0], "k_pid_vsp": [4.336392879486084, 400.0, 365.2049560546875]}, "datetime": {"datetime": "2025-08-13 21:22:09", "elapsed": 41657.18836951256, "delta": 29.24521493911743}, "costs": {"total_cost": 3049.70945134963, "time_cost": 150, "final_distance_cost": 254.4292468336949, "oscillation_cost": 738.7412547013271, "completition_cost": 1000.0, "overshoot_cost": 841.2357548649992, "power_cost": 36.81763424072266, "noise_cost": 28.48556070888629, "n_waypoints_completed": 0, "tot_waypoints": 9}}
{"target": -6102.659653185595, "params": {"k_pid_pos": [2.0, 0.0, 0.08409377932548523], "k_pid_alt": [1.9326874017715454, 0.0, 0.9503700733184814], "k_pid_att": [100.0, 9.999999747378752e-05, 0.9547048211097717], "k_pid_yaw": [0.5, 1e-06, 0.1], "k_pid_hsp": [9.999999747378752e-05, 0.01924508810043335, 1.0], "k_pid_vsp": [0.0, 394.2539978027344, 400.0]}, "datetime": {"datetime": "2025-08-13 21:22:38", "elapsed": 41686.76660966873, "delta": 29.578240156173706}, "costs": {"total_cost": 6102.659653185595, "time_cost": 150, "final_distance_cost": 1451.3551771752882, "oscillation_cost": 762.9911017680046, "completition_cost": 1000.0, "overshoot_cost": 2676.950641014648, "power_cost": 33.662018713378906, "noise_cost": 27.700714514275024, "n_waypoints_completed": 0, "tot_waypoints": 9}}
{"target": -2326.0396116735697, "params": {"k_pid_pos": [1.9121065139770508, 0.0, 0.031133413314819336], "k_pid_alt": [1.9774494171142578, 0.04568639397621155, 0.9494595527648926], "k_pid_att": [100.0, 9.999999747378752e-05, 1.0], "k_pid_yaw": [0.5, 1e-06, 0.1], "k_pid_hsp": [9.999999747378752e-05, 0.0, 0.996802806854248], "k_pid_vsp": [0.0, 368.80731201171875, 385.8573303222656]}, "datetime": {"datetime": "2025-08-13 21:23:07", "elapsed": 41715.55262374878, "delta": 28.786014080047607}, "costs": {"total_cost": 2326.0396116735697, "time_cost": 150, "final_distance_cost": 103.0895688043055, "oscillation_cost": 686.7041128834229, "completition_cost": 1000.0, "overshoot_cost": 291.5063363663415, "power_cost": 38.77461495361328, "noise_cost": 55.96497866588661, "n_waypoints_completed": 0, "tot_waypoints": 9}}
{"target": -1871.789629534088, "params": {"k_pid_pos": [1.9535552263259888, 0.049945056438446045, 0.0], "k_pid_alt": [2.0, 0.0, 1.0], "k_pid_att": [95.77262115478516, 0.10251107811927795, 0.968840479850769], "k_pid_yaw": [0.5, 1e-06, 0.1], "k_pid_hsp": [9.999999747378752e-05, 0.0, 1.0], "k_pid_vsp": [7.5495123863220215, 386.4293518066406, 374.7902526855469]}, "datetime": {"datetime": "2025-08-13 21:23:37", "elapsed": 41745.15982580185, "delta": 29.60720205307007}, "costs": {"total_cost": 1871.789629534088, "time_cost": 150, "final_distance_cost": 71.38186724349659, "oscillation_cost": 708.0046698039584, "completition_cost": 777.7777777777778, "overshoot_cost": 97.56694404603618, "power_cost": 38.47149481201172, "noise_cost": 28.5868758508071, "n_waypoints_completed": 2, "tot_waypoints": 9}}
{"target": -1958.3731550037846, "params": {"k_pid_pos": [1.8621416091918945, 0.0, 0.0], "k_pid_alt": [1.9311449527740479, 0.0651715099811554, 1.0], "k_pid_att": [100.0, 0.3787132501602173, 1.0], "k_pid_yaw": [0.5, 1e-06, 0.1], "k_pid_hsp": [0.48967304825782776, 0.0, 0.9891364574432373], "k_pid_vsp": [23.830711364746094, 397.2277526855469, 396.2864990234375]}, "datetime": {"datetime": "2025-08-13 21:24:07", "elapsed": 41775.229575157166, "delta": 30.069749355316162}, "costs": {"total_cost": 1958.3731550037846, "time_cost": 150, "final_distance_cost": 71.85136422404689, "oscillation_cost": 703.310383551243, "completition_cost": 777.7777777777778, "overshoot_cost": 189.66666610185857, "power_cost": 35.690591662597654, "noise_cost": 30.076371686260597, "n_waypoints_completed": 2, "tot_waypoints": 9}}
{"target": -2230.0502607230023, "params": {"k_pid_pos": [1.9738456010818481, 0.06766015291213989, 0.0], "k_pid_alt": [2.0, 0.0, 1.0], "k_pid_att": [100.0, 0.04697858542203903, 0.9250636100769043], "k_pid_yaw": [0.5, 1e-06, 0.1], "k_pid_hsp": [0.4041716158390045, 0.0, 0.9315592646598816], "k_pid_vsp": [27.093982696533203, 392.6621398925781, 400.0]}, "datetime": {"datetime": "2025-08-13 21:24:36", "elapsed": 41804.89078330994, "delta": 29.661208152770996}, "costs": {"total_cost": 2230.0502607230023, "time_cost": 150, "final_distance_cost": 128.85383301975094, "oscillation_cost": 633.5887283875342, "completition_cost": 1000.0, "overshoot_cost": 254.5164376168416, "power_cost": 34.62724694824219, "noise_cost": 28.464014750632888, "n_waypoints_completed": 0, "tot_waypoints": 9}}
{"target": -3241.3471425795733, "params": {"k_pid_pos": [2.0, 0.08606579899787903, 0.02903851866722107], "k_pid_alt": [1.9704257249832153, 0.0, 0.9869352579116821], "k_pid_att": [100.0, 9.999999747378752e-05, 0.9296591281890869], "k_pid_yaw": [0.5, 1e-06, 0.1], "k_pid_hsp": [0.03145977854728699, 0.0053043365478515625, 0.9539937973022461], "k_pid_vsp": [8.526945114135742, 400.0, 376.1738586425781]}, "datetime": {"datetime": "2025-08-13 21:25:07", "elapsed": 41835.319952487946, "delta": 30.429169178009033}, "costs": {"total_cost": 3241.3471425795733, "time_cost": 150, "final_distance_cost": 637.8321870208637, "oscillation_cost": 760.1305865990012, "completition_cost": 1000.0, "overshoot_cost": 629.3292024903716, "power_cost": 35.81274119873047, "noise_cost": 28.24242527060594, "n_waypoints_completed": 0, "tot_waypoints": 9}}
{"target": -2413.1989335118833, "params": {"k_pid_pos": [2.0, 0.06102544069290161, 0.0], "k_pid_alt": [1.9826786518096924, 0.0, 1.0], "k_pid_att": [100.0, 9.999999747378752e-05, 0.9698225855827332], "k_pid_yaw": [0.5, 1e-06, 0.1], "k_pid_hsp": [9.999999747378752e-05, 0.0, 0.9720264673233032], "k_pid_vsp": [0.0, 400.0, 400.0]}, "datetime": {"datetime": "2025-08-13 21:25:43", "elapsed": 41871.45616650581, "delta": 36.13621401786804}, "costs": {"total_cost": 2413.1989335118833, "time_cost": 150, "final_distance_cost": 258.4051587499987, "oscillation_cost": 819.790703224073, "completition_cost": 1000.0, "overshoot_cost": 123.37733150685641, "power_cost": 34.2878189453125, "noise_cost": 27.33792108564252, "n_waypoints_completed": 0, "tot_waypoints": 9}}
{"target": -2229.519364208581, "params": {"k_pid_pos": [1.9582371711730957, 0.0, 0.0], "k_pid_alt": [2.0, 0.034699052572250366, 1.0], "k_pid_att": [95.77301788330078, 9.999999747378752e-05, 1.0], "k_pid_yaw": [0.5, 1e-06, 0.1], "k_pid_hsp": [9.999999747378752e-05, 0.05085250735282898, 0.9511536359786987], "k_pid_vsp": [0.0, 391.9299011230469, 390.47607421875]}, "datetime": {"datetime": "2025-08-13 21:26:14", "elapsed": 41902.21235013008, "delta": 30.756183624267578}, "costs": {"total_cost": 2229.519364208581, "time_cost": 150, "final_distance_cost": 57.22686802275097, "oscillation_cost": 730.4993234261387, "completition_cost": 1000.0, "overshoot_cost": 217.1792708625074, "power_cost": 37.25616188964844, "noise_cost": 37.35774000753533, "n_waypoints_completed": 0, "tot_waypoints": 9}}
{"target": -3521.647104414354, "params": {"k_pid_pos": [2.0, 0.0, 0.0058460533618927], "k_pid_alt": [2.0, 0.031328678131103516, 0.975975513458252], "k_pid_att": [100.0, 9.999999747378752e-05, 1.0], "k_pid_yaw": [0.5, 1e-06, 0.1], "k_pid_hsp": [9.999999747378752e-05, 0.03559142351150513, 1.0], "k_pid_vsp": [6.569039821624756, 379.6351013183594, 400.0]}, "datetime": {"datetime": "2025-08-13 21:26:43", "elapsed": 41932.04273915291, "delta": 29.83038902282715}, "costs": {"total_cost": 3521.647104414354, "time_cost": 150, "final_distance_cost": 734.2462334900102, "oscillation_cost": 788.2571133046976, "completition_cost": 1000.0, "overshoot_cost": 787.0493693007703, "power_cost": 34.25905192871094, "noise_cost": 27.835336390165235, "n_waypoints_completed": 0, "tot_waypoints": 9}}
{"target": -8624.092335650746, "params": {"k_pid_pos": [2.0, 0.0350058376789093, 0.0], "k_pid_alt": [1.982650876045227, 0.0, 0.9423543214797974], "k_pid_att": [91.88003540039062, 0.6158265471458435, 0.996173620223999], "k_pid_yaw": [0.5, 1e-06, 0.1], "k_pid_hsp": [9.999999747378752e-05, 0.0, 0.9440507888793945], "k_pid_vsp": [0.0, 400.0, 389.0309753417969]}, "datetime": {"datetime": "2025-08-13 21:27:13", "elapsed": 41961.29812192917, "delta": 29.255382776260376}, "costs": {"total_cost": 8624.092335650746, "time_cost": 150, "final_distance_cost": 2276.503273697522, "oscillation_cost": 774.3197412374722, "completition_cost": 1000.0, "overshoot_cost": 4362.8498374463015, "power_cost": 32.976351892089845, "noise_cost": 27.443131377359656, "n_waypoints_completed": 0, "tot_waypoints": 9}}
{"target": -2224.0656164228017, "params": {"k_pid_pos": [2.0, 0.06513828039169312, 0.0], "k_pid_alt": [1.871887445449829, 0.053813278675079346, 1.0], "k_pid_att": [100.0, 0.20442655682563782, 0.9853897094726562], "k_pid_yaw": [0.5, 1e-06, 0.1], "k_pid_hsp": [9.999999747378752e-05, 0.0005375146865844727, 1.0], "k_pid_vsp": [13.286506652832031, 400.0, 396.3935241699219]}, "datetime": {"datetime": "2025-08-13 21:27:42", "elapsed": 41990.873666763306, "delta": 29.575544834136963}, "costs": {"total_cost": 2224.0656164228017, "time_cost": 150, "final_distance_cost": 61.17998848722115, "oscillation_cost": 746.5028666722754, "completition_cost": 1000.0, "overshoot_cost": 170.63810452772603, "power_cost": 42.560877551269535, "noise_cost": 53.18377918430926, "n_waypoints_completed": 0, "tot_waypoints": 9}}
{"target": -3763.9360273054044, "params": {"k_pid_pos": [1.9402529001235962, 0.0, 0.0], "k_pid_alt": [1.9145790338516235, 0.0, 0.9528069496154785], "k_pid_att": [93.82447052001953, 0.4465387761592865, 1.0], "k_pid_yaw": [0.5, 1e-06, 0.1], "k_pid_hsp": [0.21645107865333557, 0.0, 0.9713919758796692], "k_pid_vsp": [0.0, 389.7314147949219, 351.6923828125]}, "datetime": {"datetime": "2025-08-13 21:28:11", "elapsed": 42019.71567821503, "delta": 28.84201145172119}, "costs": {"total_cost": 3763.9360273054044, "time_cost": 150, "final_distance_cost": 830.9397526352654, "oscillation_cost": 818.9465342418041, "completition_cost": 1000.0, "overshoot_cost": 901.8219214309922, "power_cost": 34.317889147949224, "noise_cost": 27.90992984939381, "n_waypoints_completed": 0, "tot_waypoints": 9}}
{"target": -6774.826455433347, "params": {"k_pid_pos": [2.0, 0.0, 0.006212413311004639], "k_pid_alt": [2.0, 0.0, 0.9302195310592651], "k_pid_att": [99.9365463256836, 9.999999747378752e-05, 0.9708461761474609], "k_pid_yaw": [0.5, 1e-06, 0.1], "k_pid_hsp": [0.21228265762329102, 0.10294210910797119, 1.0], "k_pid_vsp": [0.0, 360.33148193359375, 400.0]}, "datetime": {"datetime": "2025-08-13 21:28:40", "elapsed": 42048.91749691963, "delta": 29.201818704605103}, "costs": {"total_cost": 6774.826455433347, "time_cost": 150, "final_distance_cost": 1624.4697994224168, "oscillation_cost": 846.940308139047, "completition_cost": 1000.0, "overshoot_cost": 3091.3152974731174, "power_cost": 34.35283692626953, "noise_cost": 27.748213472496193, "n_waypoints_completed": 0, "tot_waypoints": 9}}
{"target": -1921.7217359691913, "params": {"k_pid_pos": [2.0, 0.05835932493209839, 0.006641089916229248], "k_pid_alt": [1.9810419082641602, 0.05159518122673035, 0.972456693649292], "k_pid_att": [100.0, 9.999999747378752e-05, 1.0], "k_pid_yaw": [0.5, 1e-06, 0.1], "k_pid_hsp": [9.999999747378752e-05, 0.008908569812774658, 0.9476332664489746], "k_pid_vsp": [12.42060661315918, 387.6221618652344, 388.44451904296875]}, "datetime": {"datetime": "2025-08-13 21:29:10", "elapsed": 42079.044454813, "delta": 30.126957893371582}, "costs": {"total_cost": 1921.7217359691913, "time_cost": 150, "final_distance_cost": 67.92365011840116, "oscillation_cost": 673.9993742903412, "completition_cost": 888.8888888888888, "overshoot_cost": 75.57623450814098, "power_cost": 36.86582156982422, "noise_cost": 28.467766593594916, "n_waypoints_completed": 1, "tot_waypoints": 9}}
{"target": -1614.2433749356614, "params": {"k_pid_pos": [2.0, 0.0, 0.0], "k_pid_alt": [2.0, 0.14186078310012817, 1.0], "k_pid_att": [100.0, 0.2636464238166809, 0.9921408295631409], "k_pid_yaw": [0.5, 1e-06, 0.1], "k_pid_hsp": [0.6144708395004272, 0.0, 0.981605052947998], "k_pid_vsp": [10.957586288452148, 373.104248046875, 389.1597595214844]}, "datetime": {"datetime": "2025-08-13 21:29:39", "elapsed": 42107.61656546593, "delta": 28.572110652923584}, "costs": {"total_cost": 1614.2433749356614, "time_cost": 150, "final_distance_cost": 114.95521519598981, "oscillation_cost": 373.752463307922, "completition_cost": 777.7777777777778, "overshoot_cost": 127.44923404428333, "power_cost": 38.08634422607422, "noise_cost": 32.22234038361413, "n_waypoints_completed": 2, "tot_waypoints": 9}}
{"target": -2277.451752101993, "params": {"k_pid_pos": [1.950675368309021, 0.0, 0.0], "k_pid_alt": [1.8470748662948608, 0.0, 0.9423096179962158], "k_pid_att": [93.00395965576172, 1.352950930595398, 1.0], "k_pid_yaw": [0.5, 1e-06, 0.1], "k_pid_hsp": [9.999999747378752e-05, 0.06556856632232666, 0.9462575912475586], "k_pid_vsp": [17.55805015563965, 398.4032287597656, 381.84613037109375]}, "datetime": {"datetime": "2025-08-13 21:30:08", "elapsed": 42136.30563831329, "delta": 28.689072847366333}, "costs": {"total_cost": 2277.451752101993, "time_cost": 150, "final_distance_cost": 181.41024596719242, "oscillation_cost": 738.9752083767952, "completition_cost": 888.8888888888888, "overshoot_cost": 255.6052968550137, "power_cost": 34.735513244628905, "noise_cost": 27.83659876947405, "n_waypoints_completed": 1, "tot_waypoints": 9}}
{"target": -2868.3604312813495, "params": {"k_pid_pos": [2.0, 0.0, 0.037288129329681396], "k_pid_alt": [2.0, 0.005312740802764893, 1.0], "k_pid_att": [100.0, 0.5631436705589294, 0.9995168447494507], "k_pid_yaw": [0.5, 1e-06, 0.1], "k_pid_hsp": [0.042839083820581436, 0.005596071481704712, 0.894186794757843], "k_pid_vsp": [32.366180419921875, 391.05224609375, 400.0]}, "datetime": {"datetime": "2025-08-13 21:30:37", "elapsed": 42165.72073674202, "delta": 29.415098428726196}, "costs": {"total_cost": 2868.3604312813495, "time_cost": 150, "final_distance_cost": 217.00906786157992, "oscillation_cost": 825.2231190038916, "completition_cost": 1000.0, "overshoot_cost": 616.2370822247607, "power_cost": 32.9332764038086, "noise_cost": 26.957885787308335, "n_waypoints_completed": 0, "tot_waypoints": 9}}
{"target": -2236.411637454504, "params": {"k_pid_pos": [2.0, 0.0, 0.029943794012069702], "k_pid_alt": [1.912231683731079, 0.0604516863822937, 0.9043170809745789], "k_pid_att": [99.30728912353516, 0.9512995481491089, 1.0], "k_pid_yaw": [0.5, 1e-06, 0.1], "k_pid_hsp": [0.5178034901618958, 0.05379992723464966, 0.9410876631736755], "k_pid_vsp": [0.0, 383.3910827636719, 400.0]}, "datetime": {"datetime": "2025-08-13 21:31:06", "elapsed": 42194.77285480499, "delta": 29.052118062973022}, "costs": {"total_cost": 2236.411637454504, "time_cost": 150, "final_distance_cost": 289.40001091448, "oscillation_cost": 516.7302421839189, "completition_cost": 1000.0, "overshoot_cost": 214.9931001027402, "power_cost": 35.91368801269532, "noise_cost": 29.37459624066973, "n_waypoints_completed": 0, "tot_waypoints": 9}}
