{"target": -2130.0606252695106, "params": {"k_pid_pos": [1.9351919889450073, 0.023450106382369995, 0.03810107707977295], "k_pid_alt": [1.8747732639312744, 0.057247161865234375, 0.9560932517051697], "k_pid_att": [100.0, 9.999999747378752e-05, 0.981476366519928], "k_pid_yaw": [0.5, 1e-06, 0.1], "k_pid_hsp": [9.999999747378752e-05, 0.0, 0.9259237051010132], "k_pid_vsp": [7.049345970153809, 400.0, 400.0]}, "datetime": {"datetime": "2025-08-14 05:31:55", "elapsed": 71044.05551481247, "delta": 28.934746026992798}, "costs": {"total_cost": 2130.0606252695106, "time_cost": 150, "final_distance_cost": 51.00819857340888, "oscillation_cost": 722.4580814992411, "completition_cost": 1000.0, "overshoot_cost": 121.9038006110317, "power_cost": 40.701139697265624, "noise_cost": 43.98940488856285, "n_waypoints_completed": 0, "tot_waypoints": 9}}
{"target": -2005.1286741904473, "params": {"k_pid_pos": [1.9936379194259644, 0.0, 0.06794500350952148], "k_pid_alt": [1.931569218635559, 0.0, 0.9394185543060303], "k_pid_att": [96.21188354492188, 0.9068325757980347, 1.0], "k_pid_yaw": [0.5, 1e-06, 0.1], "k_pid_hsp": [0.47640636563301086, 0.03953135013580322, 0.9742177724838257], "k_pid_vsp": [1.2723565101623535, 387.09161376953125, 400.0]}, "datetime": {"datetime": "2025-08-14 05:32:24", "elapsed": 71072.68519115448, "delta": 28.629676342010498}, "costs": {"total_cost": 2005.1286741904473, "time_cost": 150, "final_distance_cost": 92.77518422391701, "oscillation_cost": 557.9165951136667, "completition_cost": 1000.0, "overshoot_cost": 137.2229135138716, "power_cost": 38.07532683105469, "noise_cost": 29.13865450793723, "n_waypoints_completed": 0, "tot_waypoints": 9}}
{"target": -1682.2427605632, "params": {"k_pid_pos": [1.9730794429779053, 0.0, 0.0], "k_pid_alt": [1.9678878784179688, 0.0, 1.0], "k_pid_att": [96.89520263671875, 0.684536874294281, 0.9887511134147644], "k_pid_yaw": [0.5, 1e-06, 0.1], "k_pid_hsp": [0.5136494040489197, 0.06087547540664673, 1.0], "k_pid_vsp": [12.363934516906738, 400.0, 400.0]}, "datetime": {"datetime": "2025-08-14 05:32:51", "elapsed": 71099.17067980766, "delta": 26.485488653182983}, "costs": {"total_cost": 1682.2427605632, "time_cost": 150, "final_distance_cost": 89.98896272341132, "oscillation_cost": 470.84205586922496, "completition_cost": 777.7777777777778, "overshoot_cost": 117.86616230178413, "power_cost": 39.8003447265625, "noise_cost": 35.96745716443902, "n_waypoints_completed": 2, "tot_waypoints": 9}}
{"target": -2394.096502444345, "params": {"k_pid_pos": [2.0, 0.0, 0.0], "k_pid_alt": [2.0, 0.0, 0.9736496210098267], "k_pid_att": [98.41024780273438, 0.10660826414823532, 0.9529832601547241], "k_pid_yaw": [0.5, 1e-06, 0.1], "k_pid_hsp": [9.999999747378752e-05, 0.004167735576629639, 0.9733023643493652], "k_pid_vsp": [0.0, 400.0, 400.0]}, "datetime": {"datetime": "2025-08-14 05:33:20", "elapsed": 71128.22427129745, "delta": 29.05359148979187}, "costs": {"total_cost": 2394.096502444345, "time_cost": 150, "final_distance_cost": 204.00791211402233, "oscillation_cost": 778.0464910609822, "completition_cost": 1000.0, "overshoot_cost": 197.10084254718487, "power_cost": 36.56875972900391, "noise_cost": 28.372496993151263, "n_waypoints_completed": 0, "tot_waypoints": 9}}
{"target": -4021.9787584217884, "params": {"k_pid_pos": [1.8185553550720215, 0.019313395023345947, 0.025675058364868164], "k_pid_alt": [1.9409962892532349, 0.0, 1.0], "k_pid_att": [97.61367797851562, 0.5619474649429321, 0.9888196587562561], "k_pid_yaw": [0.5, 1e-06, 0.1], "k_pid_hsp": [0.1707177758216858, 0.0, 0.9139743447303772], "k_pid_vsp": [22.31203269958496, 383.46942138671875, 400.0]}, "datetime": {"datetime": "2025-08-14 05:33:49", "elapsed": 71157.98111653328, "delta": 29.756845235824585}, "costs": {"total_cost": 4021.9787584217884, "time_cost": 150, "final_distance_cost": 473.05482766134674, "oscillation_cost": 818.3568319324987, "completition_cost": 1000.0, "overshoot_cost": 1514.9753193046458, "power_cost": 37.11370152587891, "noise_cost": 28.478077997418417, "n_waypoints_completed": 0, "tot_waypoints": 9}}
{"target": -2757.6907864204377, "params": {"k_pid_pos": [1.78480863571167, 0.0, 0.0], "k_pid_alt": [1.9189727306365967, 0.10756173729896545, 1.0], "k_pid_att": [98.04942321777344, 0.9764512777328491, 1.0], "k_pid_yaw": [0.5, 1e-06, 0.1], "k_pid_hsp": [0.4886934459209442, 0.017057150602340698, 1.0], "k_pid_vsp": [0.0, 400.0, 400.0]}, "datetime": {"datetime": "2025-08-14 05:34:17", "elapsed": 71185.11419510841, "delta": 27.133078575134277}, "costs": {"total_cost": 2757.6907864204377, "time_cost": 150, "final_distance_cost": 572.7458896884722, "oscillation_cost": 597.298673876839, "completition_cost": 888.8888888888888, "overshoot_cost": 477.6992313839836, "power_cost": 38.028987133789066, "noise_cost": 33.02911544846495, "n_waypoints_completed": 1, "tot_waypoints": 9}}
{"target": -3213.2750218267265, "params": {"k_pid_pos": [2.0, 0.033767253160476685, 0.05594232678413391], "k_pid_alt": [1.8485753536224365, 0.0, 1.0], "k_pid_att": [99.03694152832031, 0.8023251891136169, 1.0], "k_pid_yaw": [0.5, 1e-06, 0.1], "k_pid_hsp": [9.999999747378752e-05, 0.05660974979400635, 1.0], "k_pid_vsp": [47.210670471191406, 368.5970764160156, 396.79571533203125]}, "datetime": {"datetime": "2025-08-14 05:34:46", "elapsed": 71214.56576514244, "delta": 29.4515700340271}, "costs": {"total_cost": 3213.2750218267265, "time_cost": 150, "final_distance_cost": 411.39166712464663, "oscillation_cost": 825.9974671767181, "completition_cost": 1000.0, "overshoot_cost": 764.1550127648702, "power_cost": 33.99977908935547, "noise_cost": 27.731095671136355, "n_waypoints_completed": 0, "tot_waypoints": 9}}
{"target": -2557.322450405583, "params": {"k_pid_pos": [2.0, 0.0372312068939209, 0.0], "k_pid_alt": [2.0, 0.02815312147140503, 1.0], "k_pid_att": [94.34392547607422, 0.2945117950439453, 0.9252698421478271], "k_pid_yaw": [0.5, 1e-06, 0.1], "k_pid_hsp": [9.999999747378752e-05, 0.03647777438163757, 1.0], "k_pid_vsp": [3.623378276824951, 394.2406311035156, 400.0]}, "datetime": {"datetime": "2025-08-14 05:35:16", "elapsed": 71244.32426214218, "delta": 29.7584969997406}, "costs": {"total_cost": 2557.322450405583, "time_cost": 150, "final_distance_cost": 234.4306636511642, "oscillation_cost": 788.4574957987081, "completition_cost": 1000.0, "overshoot_cost": 319.34985538341135, "power_cost": 36.42590444335938, "noise_cost": 28.65853112893957, "n_waypoints_completed": 0, "tot_waypoints": 9}}
{"target": -1858.2503414376656, "params": {"k_pid_pos": [2.0, 0.05217057466506958, 0.024394720792770386], "k_pid_alt": [1.9324489831924438, 0.0, 1.0], "k_pid_att": [100.0, 9.999999747378752e-05, 1.0], "k_pid_yaw": [0.5, 1e-06, 0.1], "k_pid_hsp": [0.41790828108787537, 0.08696496486663818, 0.9772704839706421], "k_pid_vsp": [34.67657470703125, 395.2750244140625, 400.0]}, "datetime": {"datetime": "2025-08-14 05:35:43", "elapsed": 71271.35344290733, "delta": 27.029180765151978}, "costs": {"total_cost": 1858.2503414376656, "time_cost": 150, "final_distance_cost": 141.3557126112654, "oscillation_cost": 559.2374883590112, "completition_cost": 777.7777777777778, "overshoot_cost": 159.9289101848241, "power_cost": 38.53255515136719, "noise_cost": 31.417897353419836, "n_waypoints_completed": 2, "tot_waypoints": 9}}
{"target": -5793.957847961421, "params": {"k_pid_pos": [1.9670207500457764, 0.0, 0.0], "k_pid_alt": [2.0, 0.0, 0.9862174987792969], "k_pid_att": [95.22407531738281, 0.5127931833267212, 0.9914709329605103], "k_pid_yaw": [0.5, 1e-06, 0.1], "k_pid_hsp": [0.8984298706054688, 0.014709293842315674, 0.9635441303253174], "k_pid_vsp": [0.0, 388.5877990722656, 395.177978515625]}, "datetime": {"datetime": "2025-08-14 05:36:13", "elapsed": 71301.82382440567, "delta": 30.470381498336792}, "costs": {"total_cost": 5793.957847961421, "time_cost": 150, "final_distance_cost": 1191.8818976677892, "oscillation_cost": 545.1757135171656, "completition_cost": 1000.0, "overshoot_cost": 2840.359836612202, "power_cost": 35.87845494384766, "noise_cost": 30.661945220416086, "n_waypoints_completed": 0, "tot_waypoints": 9}}
{"target": -2426.699549126186, "params": {"k_pid_pos": [1.9579188823699951, 0.0, 0.03281527757644653], "k_pid_alt": [1.912328839302063, 0.02778640389442444, 1.0], "k_pid_att": [99.01566314697266, 9.999999747378752e-05, 0.9199903011322021], "k_pid_yaw": [0.5, 1e-06, 0.1], "k_pid_hsp": [9.999999747378752e-05, 0.0, 0.9866560101509094], "k_pid_vsp": [0.0, 387.0916748046875, 400.0]}, "datetime": {"datetime": "2025-08-14 05:36:41", "elapsed": 71329.28936600685, "delta": 27.46554160118103}, "costs": {"total_cost": 2426.699549126186, "time_cost": 150, "final_distance_cost": 235.36297598938532, "oscillation_cost": 735.0429112924442, "completition_cost": 1000.0, "overshoot_cost": 247.81919365450005, "power_cost": 31.789017724609376, "noise_cost": 26.685450465246877, "n_waypoints_completed": 0, "tot_waypoints": 9}}
{"target": -6623.33067138126, "params": {"k_pid_pos": [1.9855945110321045, 0.0, 0.015209376811981201], "k_pid_alt": [1.9890391826629639, 0.0, 0.9833353161811829], "k_pid_att": [100.0, 0.46631866693496704, 1.0], "k_pid_yaw": [0.5, 1e-06, 0.1], "k_pid_hsp": [9.999999747378752e-05, 0.11803501844406128, 0.9543991088867188], "k_pid_vsp": [0.0, 400.0, 400.0]}, "datetime": {"datetime": "2025-08-14 05:37:09", "elapsed": 71357.1939189434, "delta": 27.904552936553955}, "costs": {"total_cost": 6623.33067138126, "time_cost": 150, "final_distance_cost": 1650.799531535187, "oscillation_cost": 828.5368348900357, "completition_cost": 1000.0, "overshoot_cost": 2931.7959734406345, "power_cost": 34.34795552978516, "noise_cost": 27.850375985617966, "n_waypoints_completed": 0, "tot_waypoints": 9}}
{"target": -5611.038904782335, "params": {"k_pid_pos": [2.0, 0.028761327266693115, 0.0], "k_pid_alt": [2.0, 0.0, 1.0], "k_pid_att": [100.0, 0.43465909361839294, 0.9807214736938477], "k_pid_yaw": [0.5, 1e-06, 0.1], "k_pid_hsp": [9.999999747378752e-05, 0.018843084573745728, 0.9803431034088135], "k_pid_vsp": [15.151548385620117, 400.0, 382.5797424316406]}, "datetime": {"datetime": "2025-08-14 05:37:37", "elapsed": 71385.9068915844, "delta": 28.71297264099121}, "costs": {"total_cost": 5611.038904782335, "time_cost": 150, "final_distance_cost": 1103.3765372865007, "oscillation_cost": 794.2582209305325, "completition_cost": 1000.0, "overshoot_cost": 2502.977689274782, "power_cost": 32.86561187744141, "noise_cost": 27.560845413078024, "n_waypoints_completed": 0, "tot_waypoints": 9}}
{"target": -2968.901950464894, "params": {"k_pid_pos": [2.0, 0.06108531355857849, 0.0], "k_pid_alt": [1.998382329940796, 0.019506484270095825, 1.0], "k_pid_att": [100.0, 0.18193168938159943, 0.9819512963294983], "k_pid_yaw": [0.5, 1e-06, 0.1], "k_pid_hsp": [0.2064545750617981, 0.010098934173583984, 0.9083883166313171], "k_pid_vsp": [0.0, 400.0, 390.53826904296875]}, "datetime": {"datetime": "2025-08-14 05:38:05", "elapsed": 71413.20031404495, "delta": 27.29342246055603}, "costs": {"total_cost": 2968.901950464894, "time_cost": 150, "final_distance_cost": 421.7360331458529, "oscillation_cost": 817.0679054975326, "completition_cost": 1000.0, "overshoot_cost": 516.9389780829532, "power_cost": 34.80102691650391, "noise_cost": 28.35800682205104, "n_waypoints_completed": 0, "tot_waypoints": 9}}
{"target": -1764.2132642831539, "params": {"k_pid_pos": [1.9907811880111694, 0.0, 0.050321370363235474], "k_pid_alt": [1.889353632926941, 0.09459900856018066, 1.0], "k_pid_att": [95.86583709716797, 0.5156744122505188, 0.9447237253189087], "k_pid_yaw": [0.5, 1e-06, 0.1], "k_pid_hsp": [0.3507649004459381, 0.0, 0.9486231803894043], "k_pid_vsp": [19.336557388305664, 400.0, 400.0]}, "datetime": {"datetime": "2025-08-14 05:38:33", "elapsed": 71441.99954319, "delta": 28.79922914505005}, "costs": {"total_cost": 1764.2132642831539, "time_cost": 150, "final_distance_cost": 119.94210519933372, "oscillation_cost": 532.4246347377417, "completition_cost": 777.7777777777778, "overshoot_cost": 119.32501057416003, "power_cost": 35.839396142578124, "noise_cost": 28.90433985156262, "n_waypoints_completed": 2, "tot_waypoints": 9}}
{"target": -2312.669656001045, "params": {"k_pid_pos": [2.0, 0.0536479651927948, 0.026706457138061523], "k_pid_alt": [2.0, 0.0, 0.96263587474823], "k_pid_att": [100.0, 0.6066614985466003, 0.9322328567504883], "k_pid_yaw": [0.5, 1e-06, 0.1], "k_pid_hsp": [0.11177206039428711, 0.0, 0.9819239377975464], "k_pid_vsp": [0.0, 380.91424560546875, 399.5314636230469]}, "datetime": {"datetime": "2025-08-14 05:39:03", "elapsed": 71471.11729979515, "delta": 29.117756605148315}, "costs": {"total_cost": 2312.669656001045, "time_cost": 150, "final_distance_cost": 47.28520547508717, "oscillation_cost": 938.7903838932749, "completition_cost": 1000.0, "overshoot_cost": 113.71102314168671, "power_cost": 35.27163511962891, "noise_cost": 27.6114083713675, "n_waypoints_completed": 0, "tot_waypoints": 9}}
{"target": -2593.593193780294, "params": {"k_pid_pos": [2.0, 0.003597557544708252, 0.01995864510536194], "k_pid_alt": [1.9496407508850098, 0.01511240005493164, 1.0], "k_pid_att": [100.0, 0.2240365892648697, 0.9628894329071045], "k_pid_yaw": [0.5, 1e-06, 0.1], "k_pid_hsp": [0.4206393361091614, 0.0, 1.0], "k_pid_vsp": [0.4462599754333496, 400.0, 400.0]}, "datetime": {"datetime": "2025-08-14 05:39:32", "elapsed": 71500.40383720398, "delta": 29.286537408828735}, "costs": {"total_cost": 2593.593193780294, "time_cost": 150, "final_distance_cost": 408.9461539867822, "oscillation_cost": 587.537682415075, "completition_cost": 1000.0, "overshoot_cost": 383.30710103511615, "power_cost": 35.14257175292969, "noise_cost": 28.659684590391564, "n_waypoints_completed": 0, "tot_waypoints": 9}}
{"target": -2249.3880790101325, "params": {"k_pid_pos": [1.936474084854126, 0.0, 0.0], "k_pid_alt": [2.0, 0.0, 1.0], "k_pid_att": [100.0, 9.999999747378752e-05, 0.8875446915626526], "k_pid_yaw": [0.5, 1e-06, 0.1], "k_pid_hsp": [9.999999747378752e-05, 0.04510226845741272, 0.9404318332672119], "k_pid_vsp": [0.0, 400.0, 387.6101379394531]}, "datetime": {"datetime": "2025-08-14 05:40:00", "elapsed": 71529.04556584358, "delta": 28.64172863960266}, "costs": {"total_cost": 2249.3880790101325, "time_cost": 150, "final_distance_cost": 6.7535582808143, "oscillation_cost": 738.4168241534849, "completition_cost": 1000.0, "overshoot_cost": 178.42882441007723, "power_cost": 47.953826953125, "noise_cost": 127.83504521263114, "n_waypoints_completed": 0, "tot_waypoints": 9}}
{"target": -2068.0047727433052, "params": {"k_pid_pos": [1.9704058170318604, 0.06149280071258545, 0.03775861859321594], "k_pid_alt": [1.9748828411102295, 0.0, 1.0], "k_pid_att": [100.0, 0.4820091426372528, 0.9787302017211914], "k_pid_yaw": [0.5, 1e-06, 0.1], "k_pid_hsp": [9.999999747378752e-05, 0.027592897415161133, 0.9876118898391724], "k_pid_vsp": [0.0, 400.0, 400.0]}, "datetime": {"datetime": "2025-08-14 05:40:30", "elapsed": 71558.8776011467, "delta": 29.832035303115845}, "costs": {"total_cost": 2068.0047727433052, "time_cost": 150, "final_distance_cost": 60.4052112878707, "oscillation_cost": 785.0240264560952, "completition_cost": 888.8888888888888, "overshoot_cost": 119.18790288658607, "power_cost": 36.31360732421875, "noise_cost": 28.185135899645566, "n_waypoints_completed": 1, "tot_waypoints": 9}}
{"target": -2122.958376615269, "params": {"k_pid_pos": [1.9305764436721802, 0.0038430392742156982, 0.00901639461517334], "k_pid_alt": [2.0, 0.03925827145576477, 1.0], "k_pid_att": [99.18930053710938, 0.22869642078876495, 1.0], "k_pid_yaw": [0.5, 1e-06, 0.1], "k_pid_hsp": [0.0574614480137825, 0.0, 0.964946985244751], "k_pid_vsp": [5.43743371963501, 390.6225280761719, 399.521240234375]}, "datetime": {"datetime": "2025-08-14 05:40:58", "elapsed": 71586.09611916542, "delta": 27.218518018722534}, "costs": {"total_cost": 2122.958376615269, "time_cost": 150, "final_distance_cost": 20.1687820945907, "oscillation_cost": 755.6329294650067, "completition_cost": 1000.0, "overshoot_cost": 114.77284663475653, "power_cost": 41.785288635253906, "noise_cost": 40.59852978566136, "n_waypoints_completed": 0, "tot_waypoints": 9}}
{"target": -3042.8026726708217, "params": {"k_pid_pos": [1.966264009475708, 0.027241915464401245, 0.0], "k_pid_alt": [2.0, 0.025568097829818726, 0.9997612833976746], "k_pid_att": [100.0, 9.999999747378752e-05, 0.9640944004058838], "k_pid_yaw": [0.5, 1e-06, 0.1], "k_pid_hsp": [0.22640256583690643, 0.08332386612892151, 0.9570847749710083], "k_pid_vsp": [11.208319664001465, 387.52984619140625, 400.0]}, "datetime": {"datetime": "2025-08-14 05:41:27", "elapsed": 71615.32480549812, "delta": 29.228686332702637}, "costs": {"total_cost": 3042.8026726708217, "time_cost": 150, "final_distance_cost": 230.31180703426136, "oscillation_cost": 733.9567750347483, "completition_cost": 1000.0, "overshoot_cost": 865.6123216555098, "power_cost": 34.84574637451172, "noise_cost": 28.076022571791036, "n_waypoints_completed": 0, "tot_waypoints": 9}}
{"target": -6514.388654558128, "params": {"k_pid_pos": [2.0, 0.0, 0.0], "k_pid_alt": [2.0, 0.0, 1.0], "k_pid_att": [100.0, 9.999999747378752e-05, 1.0], "k_pid_yaw": [0.5, 1e-06, 0.1], "k_pid_hsp": [9.999999747378752e-05, 0.0, 1.0], "k_pid_vsp": [0.0, 400.0, 400.0]}, "datetime": {"datetime": "2025-08-14 05:41:55", "elapsed": 71643.80268478394, "delta": 28.477879285812378}, "costs": {"total_cost": 6514.388654558128, "time_cost": 150, "final_distance_cost": 1412.7093754045268, "oscillation_cost": 774.4638366826697, "completition_cost": 1000.0, "overshoot_cost": 3114.89213738473, "power_cost": 34.439076965332035, "noise_cost": 27.884228120869896, "n_waypoints_completed": 0, "tot_waypoints": 9}}
{"target": -4496.514738551395, "params": {"k_pid_pos": [1.9698117971420288, 0.03817567229270935, 0.06015905737876892], "k_pid_alt": [2.0, 0.003952741622924805, 1.0], "k_pid_att": [90.18443298339844, 0.6126236915588379, 1.0], "k_pid_yaw": [0.5, 1e-06, 0.1], "k_pid_hsp": [9.999999747378752e-05, 0.0, 1.0], "k_pid_vsp": [12.572097778320312, 385.9393005371094, 400.0]}, "datetime": {"datetime": "2025-08-14 05:42:21", "elapsed": 71670.05410504341, "delta": 26.251420259475708}, "costs": {"total_cost": 4496.514738551395, "time_cost": 150, "final_distance_cost": 706.3077259618092, "oscillation_cost": 822.6338509733489, "completition_cost": 1000.0, "overshoot_cost": 1757.4946034822565, "power_cost": 32.918890380859374, "noise_cost": 27.15966775312033, "n_waypoints_completed": 0, "tot_waypoints": 9}}
{"target": -2214.1504850227675, "params": {"k_pid_pos": [2.0, 0.0, 0.0051531195640563965], "k_pid_alt": [2.0, 0.06014731526374817, 0.9911402463912964], "k_pid_att": [100.0, 9.999999747378752e-05, 1.0], "k_pid_yaw": [0.5, 1e-06, 0.1], "k_pid_hsp": [9.999999747378752e-05, 0.0, 0.9182282090187073], "k_pid_vsp": [0.0, 400.0, 394.9540100097656]}, "datetime": {"datetime": "2025-08-14 05:42:51", "elapsed": 71699.87468504906, "delta": 29.820580005645752}, "costs": {"total_cost": 2214.1504850227675, "time_cost": 150, "final_distance_cost": 40.12599691352481, "oscillation_cost": 766.597528048393, "completition_cost": 1000.0, "overshoot_cost": 130.195481933248, "power_cost": 44.69263695068359, "noise_cost": 82.53884117691828, "n_waypoints_completed": 0, "tot_waypoints": 9}}
{"target": -2118.2306521431356, "params": {"k_pid_pos": [1.9482488632202148, 0.026866108179092407, 0.0], "k_pid_alt": [2.0, 0.0, 0.9794334173202515], "k_pid_att": [91.25788879394531, 9.999999747378752e-05, 1.0], "k_pid_yaw": [0.5, 1e-06, 0.1], "k_pid_hsp": [0.32701507210731506, 0.03780120611190796, 0.9879578351974487], "k_pid_vsp": [0.0, 387.97515869140625, 400.0]}, "datetime": {"datetime": "2025-08-14 05:43:20", "elapsed": 71728.70653796196, "delta": 28.831852912902832}, "costs": {"total_cost": 2118.2306521431356, "time_cost": 150, "final_distance_cost": 21.209657642104084, "oscillation_cost": 656.7770124172906, "completition_cost": 1000.0, "overshoot_cost": 181.97937024595728, "power_cost": 42.33425428466797, "noise_cost": 65.93035755311539, "n_waypoints_completed": 0, "tot_waypoints": 9}}
{"target": -5679.667948816953, "params": {"k_pid_pos": [1.9903333187103271, 0.0, 0.0], "k_pid_alt": [1.959256649017334, 0.0, 1.0], "k_pid_att": [94.32121276855469, 0.02574017085134983, 0.9592075347900391], "k_pid_yaw": [0.5, 1e-06, 0.1], "k_pid_hsp": [9.999999747378752e-05, 0.0, 1.0], "k_pid_vsp": [0.0, 400.0, 400.0]}, "datetime": {"datetime": "2025-08-14 05:43:49", "elapsed": 71757.75795078278, "delta": 29.05141282081604}, "costs": {"total_cost": 5679.667948816953, "time_cost": 150, "final_distance_cost": 1361.30764461776, "oscillation_cost": 808.4125311396278, "completition_cost": 1000.0, "overshoot_cost": 2299.5501345172806, "power_cost": 33.17691009521484, "noise_cost": 27.220728447069614, "n_waypoints_completed": 0, "tot_waypoints": 9}}
{"target": -2072.7982925465676, "params": {"k_pid_pos": [2.0, 0.0, 0.0327012836933136], "k_pid_alt": [1.9403762817382812, 0.0, 1.0], "k_pid_att": [95.21251678466797, 0.7648155093193054, 1.0], "k_pid_yaw": [0.5, 1e-06, 0.1], "k_pid_hsp": [0.12865670025348663, 0.0, 0.9375199675559998], "k_pid_vsp": [0.4229903221130371, 400.0, 400.0]}, "datetime": {"datetime": "2025-08-14 05:44:23", "elapsed": 71791.75174832344, "delta": 33.99379754066467}, "costs": {"total_cost": 2072.7982925465676, "time_cost": 150, "final_distance_cost": 74.41575023458842, "oscillation_cost": 749.8935203250097, "completition_cost": 888.8888888888888, "overshoot_cost": 142.9859016588541, "power_cost": 38.19109442138672, "noise_cost": 28.423137017839938, "n_waypoints_completed": 1, "tot_waypoints": 9}}
