{"target": -1903.591079312915, "params": {"k_pid_pos": [1.8091962337493896, 0.0, 0.0], "k_pid_alt": [1.9222650527954102, 0.014378011226654053, 0.9976094961166382], "k_pid_att": [92.5404281616211, 0.5764815807342529, 0.963831901550293], "k_pid_yaw": [0.5, 1e-06, 0.1], "k_pid_hsp": [0.41141441464424133, 0.030807524919509888, 1.0], "k_pid_vsp": [0.0, 400.0, 372.2219543457031]}, "datetime": {"datetime": "2025-08-13 21:04:54", "elapsed": 40623.01836562157, "delta": 29.709657192230225}, "costs": {"total_cost": 1903.591079312915, "time_cost": 150, "final_distance_cost": 46.87681603591105, "oscillation_cost": 422.8282259896006, "completition_cost": 1000.0, "overshoot_cost": 218.91418649893274, "power_cost": 35.996762451171875, "noise_cost": 28.97508833729899, "n_waypoints_completed": 0, "tot_waypoints": 9}}
{"target": -6091.880727476908, "params": {"k_pid_pos": [1.984453558921814, 0.0, 0.0892166793346405], "k_pid_alt": [1.987238883972168, 0.04459062218666077, 0.9458326101303101], "k_pid_att": [100.0, 9.999999747378752e-05, 1.0], "k_pid_yaw": [0.5, 1e-06, 0.1], "k_pid_hsp": [0.0020925633143633604, 0.0, 0.9788091778755188], "k_pid_vsp": [0.0, 400.0, 400.0]}, "datetime": {"datetime": "2025-08-13 21:05:24", "elapsed": 40652.605706214905, "delta": 29.587340593338013}, "costs": {"total_cost": 6091.880727476908, "time_cost": 150, "final_distance_cost": 1479.6265641218936, "oscillation_cost": 841.0816216904135, "completition_cost": 1000.0, "overshoot_cost": 2560.192194558139, "power_cost": 33.55056226806641, "noise_cost": 27.42978483839543, "n_waypoints_completed": 0, "tot_waypoints": 9}}
{"target": -4705.135660993645, "params": {"k_pid_pos": [2.0, 0.004999727010726929, 0.07571157813072205], "k_pid_alt": [1.963951587677002, 0.0, 0.9649966359138489], "k_pid_att": [100.0, 0.2398066222667694, 1.0], "k_pid_yaw": [0.5, 1e-06, 0.1], "k_pid_hsp": [9.999999747378752e-05, 0.049060702323913574, 0.9866848587989807], "k_pid_vsp": [3.599119186401367, 374.71807861328125, 394.82757568359375]}, "datetime": {"datetime": "2025-08-13 21:05:53", "elapsed": 40681.234456539154, "delta": 28.628750324249268}, "costs": {"total_cost": 4705.135660993645, "time_cost": 150, "final_distance_cost": 889.6064324484078, "oscillation_cost": 726.5976681546376, "completition_cost": 1000.0, "overshoot_cost": 1879.2060058146815, "power_cost": 32.28650285644532, "noise_cost": 27.439051719472086, "n_waypoints_completed": 0, "tot_waypoints": 9}}
{"target": -2111.237899892872, "params": {"k_pid_pos": [1.9428856372833252, 0.019649028778076172, 0.0], "k_pid_alt": [1.9561238288879395, 0.0, 0.9530845880508423], "k_pid_att": [100.0, 0.23058468103408813, 1.0], "k_pid_yaw": [0.5, 1e-06, 0.1], "k_pid_hsp": [9.999999747378752e-05, 0.019873827695846558, 1.0], "k_pid_vsp": [0.0, 376.6430969238281, 400.0]}, "datetime": {"datetime": "2025-08-13 21:06:22", "elapsed": 40710.22398900986, "delta": 28.989532470703125}, "costs": {"total_cost": 2111.237899892872, "time_cost": 150, "final_distance_cost": 37.36500699404291, "oscillation_cost": 751.6710967696058, "completition_cost": 1000.0, "overshoot_cost": 95.08211517100814, "power_cost": 39.77867559814453, "noise_cost": 37.34100536007049, "n_waypoints_completed": 0, "tot_waypoints": 9}}
{"target": -3078.6708671624233, "params": {"k_pid_pos": [1.9453595876693726, 0.09030449390411377, 0.03256997466087341], "k_pid_alt": [1.9739580154418945, 0.0, 0.9589723348617554], "k_pid_att": [100.0, 0.5945970416069031, 1.0], "k_pid_yaw": [0.5, 1e-06, 0.1], "k_pid_hsp": [9.999999747378752e-05, 0.0, 0.8413562774658203], "k_pid_vsp": [0.0, 400.0, 361.37054443359375]}, "datetime": {"datetime": "2025-08-13 21:06:51", "elapsed": 40739.9756295681, "delta": 29.751640558242798}, "costs": {"total_cost": 3078.6708671624233, "time_cost": 150, "final_distance_cost": 622.8140305896593, "oscillation_cost": 773.881450765358, "completition_cost": 1000.0, "overshoot_cost": 470.4280661878781, "power_cost": 34.06260263671875, "noise_cost": 27.484716982809616, "n_waypoints_completed": 0, "tot_waypoints": 9}}
{"target": -2426.9095722811194, "params": {"k_pid_pos": [1.9573489427566528, 0.0, 0.0], "k_pid_alt": [2.0, 0.0, 0.9307430982589722], "k_pid_att": [100.0, 9.999999747378752e-05, 1.0], "k_pid_yaw": [0.5, 1e-06, 0.1], "k_pid_hsp": [0.2675153315067291, 0.05275160074234009, 1.0], "k_pid_vsp": [24.876462936401367, 367.9337463378906, 367.2463073730469]}, "datetime": {"datetime": "2025-08-13 21:07:21", "elapsed": 40769.117205142975, "delta": 29.141575574874878}, "costs": {"total_cost": 2426.9095722811194, "time_cost": 150, "final_distance_cost": 60.52008308760018, "oscillation_cost": 745.2067720689362, "completition_cost": 1000.0, "overshoot_cost": 407.3293194095233, "power_cost": 35.925558935546874, "noise_cost": 27.927838779512804, "n_waypoints_completed": 0, "tot_waypoints": 9}}
{"target": -4280.98821425386, "params": {"k_pid_pos": [1.9281880855560303, 0.07643136382102966, 0.0], "k_pid_alt": [1.9261391162872314, 0.0, 1.0], "k_pid_att": [100.0, 0.23204229772090912, 1.0], "k_pid_yaw": [0.5, 1e-06, 0.1], "k_pid_hsp": [1.3021492958068848, 0.0, 0.9809668064117432], "k_pid_vsp": [21.200037002563477, 386.2458801269531, 389.36376953125]}, "datetime": {"datetime": "2025-08-13 21:07:50", "elapsed": 40798.37858271599, "delta": 29.261377573013306}, "costs": {"total_cost": 4280.98821425386, "time_cost": 150, "final_distance_cost": 867.2297848356293, "oscillation_cost": 737.9285287595216, "completition_cost": 1000.0, "overshoot_cost": 1461.8712139780266, "power_cost": 33.38277142333985, "noise_cost": 30.57591525734162, "n_waypoints_completed": 0, "tot_waypoints": 9}}
{"target": -4411.546635228145, "params": {"k_pid_pos": [2.0, 0.0, 0.03989672660827637], "k_pid_alt": [1.8815999031066895, 0.0, 1.0], "k_pid_att": [100.0, 9.999999747378752e-05, 1.0], "k_pid_yaw": [0.5, 1e-06, 0.1], "k_pid_hsp": [0.533489465713501, 0.03299665451049805, 0.9765018820762634], "k_pid_vsp": [0.0, 400.0, 397.91998291015625]}, "datetime": {"datetime": "2025-08-13 21:08:19", "elapsed": 40827.93979692459, "delta": 29.561214208602905}, "costs": {"total_cost": 4411.546635228145, "time_cost": 150, "final_distance_cost": 919.2946906511502, "oscillation_cost": 514.3774792195563, "completition_cost": 1000.0, "overshoot_cost": 1763.2581065727904, "power_cost": 35.40913464355469, "noise_cost": 29.20722414109293, "n_waypoints_completed": 0, "tot_waypoints": 9}}
{"target": -5858.024984705831, "params": {"k_pid_pos": [2.0, 0.04299190640449524, 0.0], "k_pid_alt": [2.0, 0.0, 0.9925540685653687], "k_pid_att": [100.0, 0.5858567357063293, 0.8900635242462158], "k_pid_yaw": [0.5, 1e-06, 0.1], "k_pid_hsp": [0.1811833530664444, 0.0, 0.9610030651092529], "k_pid_vsp": [14.833545684814453, 400.0, 387.61614990234375]}, "datetime": {"datetime": "2025-08-13 21:08:49", "elapsed": 40857.30379533768, "delta": 29.363998413085938}, "costs": {"total_cost": 5858.024984705831, "time_cost": 150, "final_distance_cost": 1384.641565802014, "oscillation_cost": 675.4119288155229, "completition_cost": 1000.0, "overshoot_cost": 2585.441906318194, "power_cost": 34.49410407714844, "noise_cost": 28.03547969295189, "n_waypoints_completed": 0, "tot_waypoints": 9}}
{"target": -10284.519893956296, "params": {"k_pid_pos": [2.0, 0.05123704671859741, 0.0660926103591919], "k_pid_alt": [2.0, 0.05620980262756348, 0.9861780405044556], "k_pid_att": [90.69275665283203, 9.999999747378752e-05, 0.9183268547058105], "k_pid_yaw": [0.5, 1e-06, 0.1], "k_pid_hsp": [9.999999747378752e-05, 0.0, 1.0], "k_pid_vsp": [0.0, 384.83929443359375, 397.72235107421875]}, "datetime": {"datetime": "2025-08-13 21:09:19", "elapsed": 40887.194882154465, "delta": 29.89108681678772}, "costs": {"total_cost": 10284.519893956296, "time_cost": 150, "final_distance_cost": 2829.705290334329, "oscillation_cost": 745.8730966926985, "completition_cost": 888.8888888888888, "overshoot_cost": 5608.504853430554, "power_cost": 33.73414704589844, "noise_cost": 27.813617563925707, "n_waypoints_completed": 1, "tot_waypoints": 9}}
{"target": -2430.795733712674, "params": {"k_pid_pos": [1.997219204902649, 0.0, 0.0], "k_pid_alt": [2.0, 0.011863172054290771, 0.9596390724182129], "k_pid_att": [97.31352233886719, 9.999999747378752e-05, 1.0], "k_pid_yaw": [0.5, 1e-06, 0.1], "k_pid_hsp": [0.3232242465019226, 0.0, 0.9854536652565002], "k_pid_vsp": [0.0, 400.0, 365.19110107421875]}, "datetime": {"datetime": "2025-08-13 21:09:49", "elapsed": 40917.08187365532, "delta": 29.886991500854492}, "costs": {"total_cost": 2430.795733712674, "time_cost": 150, "final_distance_cost": 332.8565129712766, "oscillation_cost": 655.3888210466633, "completition_cost": 888.8888888888888, "overshoot_cost": 341.69514423108944, "power_cost": 34.149933703613286, "noise_cost": 27.81643287114289, "n_waypoints_completed": 1, "tot_waypoints": 9}}
{"target": -2787.600801759233, "params": {"k_pid_pos": [2.0, 0.11437639594078064, 0.07704299688339233], "k_pid_alt": [2.0, 0.06918063759803772, 1.0], "k_pid_att": [100.0, 0.53920578956604, 1.0], "k_pid_yaw": [0.5, 1e-06, 0.1], "k_pid_hsp": [9.999999747378752e-05, 0.04567861557006836, 0.9350274801254272], "k_pid_vsp": [1.7171978950500488, 400.0, 384.54132080078125]}, "datetime": {"datetime": "2025-08-13 21:10:18", "elapsed": 40946.904467105865, "delta": 29.822593450546265}, "costs": {"total_cost": 2787.600801759233, "time_cost": 150, "final_distance_cost": 161.6388202458428, "oscillation_cost": 888.1599093845552, "completition_cost": 1000.0, "overshoot_cost": 525.9805792187065, "power_cost": 34.437507592773436, "noise_cost": 27.383985317355492, "n_waypoints_completed": 0, "tot_waypoints": 9}}
{"target": -7504.212670122194, "params": {"k_pid_pos": [1.8554136753082275, 0.0, 0.05123037099838257], "k_pid_alt": [1.7783905267715454, 0.0, 1.0], "k_pid_att": [92.81575775146484, 0.25186657905578613, 0.9755412936210632], "k_pid_yaw": [0.5, 1e-06, 0.1], "k_pid_hsp": [9.999999747378752e-05, 0.011752158403396606, 1.0], "k_pid_vsp": [0.0, 351.6026611328125, 400.0]}, "datetime": {"datetime": "2025-08-13 21:10:48", "elapsed": 40976.212646484375, "delta": 29.30817937850952}, "costs": {"total_cost": 7504.212670122194, "time_cost": 150, "final_distance_cost": 2189.2367436967247, "oscillation_cost": 769.2467693092494, "completition_cost": 1000.0, "overshoot_cost": 3334.117237911975, "power_cost": 33.74701098632813, "noise_cost": 27.86490821791751, "n_waypoints_completed": 0, "tot_waypoints": 9}}
{"target": -4473.696634681681, "params": {"k_pid_pos": [2.0, 0.0, 0.0], "k_pid_alt": [1.9551236629486084, 0.0, 1.0], "k_pid_att": [100.0, 0.04230533167719841, 1.0], "k_pid_yaw": [0.5, 1e-06, 0.1], "k_pid_hsp": [0.2349831610918045, 0.0, 0.9401483535766602], "k_pid_vsp": [0.0, 392.274169921875, 369.3236389160156]}, "datetime": {"datetime": "2025-08-13 21:11:19", "elapsed": 41007.41275501251, "delta": 31.200108528137207}, "costs": {"total_cost": 4473.696634681681, "time_cost": 150, "final_distance_cost": 1152.8862499263353, "oscillation_cost": 837.4574722116129, "completition_cost": 1000.0, "overshoot_cost": 1271.7921034292992, "power_cost": 34.03690388183594, "noise_cost": 27.523905232597, "n_waypoints_completed": 0, "tot_waypoints": 9}}
{"target": -3223.217044215773, "params": {"k_pid_pos": [2.0, 0.0, 0.03563636541366577], "k_pid_alt": [2.0, 0.0, 1.0], "k_pid_att": [98.91255950927734, 9.999999747378752e-05, 0.9729615449905396], "k_pid_yaw": [0.5, 1e-06, 0.1], "k_pid_hsp": [9.999999747378752e-05, 0.05031457543373108, 0.989524781703949], "k_pid_vsp": [16.3698787689209, 383.2109069824219, 400.0]}, "datetime": {"datetime": "2025-08-13 21:11:48", "elapsed": 41036.73113632202, "delta": 29.318381309509277}, "costs": {"total_cost": 3223.217044215773, "time_cost": 150, "final_distance_cost": 549.9066264650263, "oscillation_cost": 843.6969132546975, "completition_cost": 1000.0, "overshoot_cost": 618.4839399787429, "power_cost": 34.03197557373047, "noise_cost": 27.097588943575776, "n_waypoints_completed": 0, "tot_waypoints": 9}}
{"target": -2396.878303541064, "params": {"k_pid_pos": [2.0, 0.004888266324996948, 0.02611878514289856], "k_pid_alt": [2.0, 0.026612460613250732, 1.0], "k_pid_att": [97.55494689941406, 9.999999747378752e-05, 0.9406442046165466], "k_pid_yaw": [0.5, 1e-06, 0.1], "k_pid_hsp": [0.14404705166816711, 0.05926916003227234, 0.9956663250923157], "k_pid_vsp": [0.0, 400.0, 398.9429626464844]}, "datetime": {"datetime": "2025-08-13 21:12:17", "elapsed": 41065.263370752335, "delta": 28.53223443031311}, "costs": {"total_cost": 2396.878303541064, "time_cost": 150, "final_distance_cost": 306.47615344515333, "oscillation_cost": 554.1434187780272, "completition_cost": 888.8888888888888, "overshoot_cost": 432.8131542732159, "power_cost": 36.18940787353516, "noise_cost": 28.367280282243794, "n_waypoints_completed": 1, "tot_waypoints": 9}}
{"target": -2635.5293849433424, "params": {"k_pid_pos": [2.0, 0.0, 0.0], "k_pid_alt": [2.0, 0.0, 0.9669552445411682], "k_pid_att": [100.0, 0.10441185534000397, 1.0], "k_pid_yaw": [0.5, 1e-06, 0.1], "k_pid_hsp": [0.19238057732582092, 0.0, 0.9793895483016968], "k_pid_vsp": [0.0, 400.0, 400.0]}, "datetime": {"datetime": "2025-08-13 21:12:46", "elapsed": 41094.21696639061, "delta": 28.953595638275146}, "costs": {"total_cost": 2635.5293849433424, "time_cost": 150, "final_distance_cost": 245.6878894635477, "oscillation_cost": 825.0067559710811, "completition_cost": 1000.0, "overshoot_cost": 353.1485531729652, "power_cost": 34.30876201171875, "noise_cost": 27.377424324029572, "n_waypoints_completed": 0, "tot_waypoints": 9}}
{"target": -2280.5748472220653, "params": {"k_pid_pos": [2.0, 0.021567046642303467, 0.07547718286514282], "k_pid_alt": [1.9935275316238403, 0.025193780660629272, 0.9184381365776062], "k_pid_att": [98.94392395019531, 0.8440501093864441, 0.9092417359352112], "k_pid_yaw": [0.5, 1e-06, 0.1], "k_pid_hsp": [9.999999747378752e-05, 0.04182901978492737, 1.0], "k_pid_vsp": [0.0, 400.0, 400.0]}, "datetime": {"datetime": "2025-08-13 21:13:15", "elapsed": 41123.48557806015, "delta": 29.268611669540405}, "costs": {"total_cost": 2280.5748472220653, "time_cost": 150, "final_distance_cost": 133.9507019666009, "oscillation_cost": 741.6208907482171, "completition_cost": 1000.0, "overshoot_cost": 191.7024475901511, "power_cost": 35.52862852783203, "noise_cost": 27.772178389263797, "n_waypoints_completed": 0, "tot_waypoints": 9}}
{"target": -1995.4958719853817, "params": {"k_pid_pos": [2.0, 0.0, 0.0], "k_pid_alt": [1.9974324703216553, 0.031010210514068604, 0.8919009566307068], "k_pid_att": [99.08145904541016, 9.999999747378752e-05, 0.987777054309845], "k_pid_yaw": [0.5, 1e-06, 0.1], "k_pid_hsp": [9.999999747378752e-05, 0.1017497181892395, 0.9964163899421692], "k_pid_vsp": [3.210592269897461, 400.0, 394.5439758300781]}, "datetime": {"datetime": "2025-08-13 21:13:45", "elapsed": 41153.838604688644, "delta": 30.353026628494263}, "costs": {"total_cost": 1995.4958719853817, "time_cost": 150, "final_distance_cost": 45.26804227941669, "oscillation_cost": 755.7164869494651, "completition_cost": 888.8888888888888, "overshoot_cost": 70.80395498623028, "power_cost": 38.09652067871094, "noise_cost": 46.72197820266983, "n_waypoints_completed": 1, "tot_waypoints": 9}}
{"target": -1505.6244315145827, "params": {"k_pid_pos": [2.0, 0.04386278986930847, 0.0], "k_pid_alt": [2.0, 0.0, 0.9948313236236572], "k_pid_att": [100.0, 9.999999747378752e-05, 1.0], "k_pid_yaw": [0.5, 1e-06, 0.1], "k_pid_hsp": [0.5299409627914429, 0.005457788705825806, 1.0], "k_pid_vsp": [0.0, 400.0, 395.7469482421875]}, "datetime": {"datetime": "2025-08-13 21:14:15", "elapsed": 41183.37826991081, "delta": 29.53966522216797}, "costs": {"total_cost": 1505.6244315145827, "time_cost": 150, "final_distance_cost": 90.86795198669219, "oscillation_cost": 402.1061979704355, "completition_cost": 666.6666666666667, "overshoot_cost": 128.38733642352548, "power_cost": 38.646238684082036, "noise_cost": 28.95003978318091, "n_waypoints_completed": 3, "tot_waypoints": 9}}
{"target": -8603.572422593787, "params": {"k_pid_pos": [2.0, 0.0, 0.0], "k_pid_alt": [1.8612878322601318, 0.0, 1.0], "k_pid_att": [100.0, 9.999999747378752e-05, 1.0], "k_pid_yaw": [0.5, 1e-06, 0.1], "k_pid_hsp": [0.07895347476005554, 0.0, 1.0], "k_pid_vsp": [0.0, 400.0, 393.4294738769531]}, "datetime": {"datetime": "2025-08-13 21:14:45", "elapsed": 41213.757460832596, "delta": 30.379190921783447}, "costs": {"total_cost": 8603.572422593787, "time_cost": 150, "final_distance_cost": 2222.519060681816, "oscillation_cost": 779.9596097081193, "completition_cost": 1000.0, "overshoot_cost": 4389.846496916413, "power_cost": 33.80328477783203, "noise_cost": 27.44397050960401, "n_waypoints_completed": 0, "tot_waypoints": 9}}
{"target": -2230.8999017875876, "params": {"k_pid_pos": [1.9578207731246948, 0.0, 0.0], "k_pid_alt": [2.0, 0.0, 1.0], "k_pid_att": [100.0, 9.999999747378752e-05, 0.9703453183174133], "k_pid_yaw": [0.5, 1e-06, 0.1], "k_pid_hsp": [9.999999747378752e-05, 0.01783430576324463, 0.983802318572998], "k_pid_vsp": [2.0384788513183594, 400.0, 361.6349792480469]}, "datetime": {"datetime": "2025-08-13 21:15:15", "elapsed": 41243.17618727684, "delta": 29.418726444244385}, "costs": {"total_cost": 2230.8999017875876, "time_cost": 150, "final_distance_cost": 9.223179745334733, "oscillation_cost": 765.9075537609657, "completition_cost": 1000.0, "overshoot_cost": 161.88156230955568, "power_cost": 42.25083170166016, "noise_cost": 101.63677427007124, "n_waypoints_completed": 0, "tot_waypoints": 9}}
{"target": -1875.3964035926288, "params": {"k_pid_pos": [2.0, 0.0027824044227600098, 0.05191457271575928], "k_pid_alt": [2.0, 0.004278808832168579, 1.0], "k_pid_att": [100.0, 9.999999747378752e-05, 1.0], "k_pid_yaw": [0.5, 1e-06, 0.1], "k_pid_hsp": [0.6660995483398438, 0.05396610498428345, 0.995993971824646], "k_pid_vsp": [37.171875, 400.0, 394.84521484375]}, "datetime": {"datetime": "2025-08-13 21:15:44", "elapsed": 41272.67048239708, "delta": 29.494295120239258}, "costs": {"total_cost": 1875.3964035926288, "time_cost": 150, "final_distance_cost": 59.56232542115271, "oscillation_cost": 467.90255655550396, "completition_cost": 888.8888888888888, "overshoot_cost": 225.52906990881743, "power_cost": 38.0700207397461, "noise_cost": 45.44354207851979, "n_waypoints_completed": 1, "tot_waypoints": 9}}
{"target": -2316.073426464181, "params": {"k_pid_pos": [1.8480567932128906, 0.05783525109291077, 0.023039042949676514], "k_pid_alt": [1.768660306930542, 0.0, 0.9864746332168579], "k_pid_att": [90.63993835449219, 9.999999747378752e-05, 0.9864317178726196], "k_pid_yaw": [0.5, 1e-06, 0.1], "k_pid_hsp": [9.999999747378752e-05, 0.06339684128761292, 0.9496174454689026], "k_pid_vsp": [0.21338462829589844, 400.0, 400.0]}, "datetime": {"datetime": "2025-08-13 21:16:14", "elapsed": 41302.74921345711, "delta": 30.078731060028076}, "costs": {"total_cost": 2316.073426464181, "time_cost": 150, "final_distance_cost": 5.0238537062422175, "oscillation_cost": 762.6108611994913, "completition_cost": 1000.0, "overshoot_cost": 303.06843472079566, "power_cost": 39.42108280029297, "noise_cost": 55.949194037359035, "n_waypoints_completed": 0, "tot_waypoints": 9}}
{"target": -2120.116989904239, "params": {"k_pid_pos": [1.8848719596862793, 0.012638449668884277, 0.0], "k_pid_alt": [1.8393679857254028, 0.0, 0.9287886023521423], "k_pid_att": [96.9699478149414, 9.999999747378752e-05, 0.9538978934288025], "k_pid_yaw": [0.5, 1e-06, 0.1], "k_pid_hsp": [0.5871670842170715, 0.007462531328201294, 1.0], "k_pid_vsp": [0.0, 383.9583740234375, 400.0]}, "datetime": {"datetime": "2025-08-13 21:16:45", "elapsed": 41333.19361758232, "delta": 30.444404125213623}, "costs": {"total_cost": 2120.116989904239, "time_cost": 150, "final_distance_cost": 23.568260835661295, "oscillation_cost": 449.7686460630525, "completition_cost": 1000.0, "overshoot_cost": 398.8860059669365, "power_cost": 39.68375446777344, "noise_cost": 58.21032257081513, "n_waypoints_completed": 0, "tot_waypoints": 9}}
{"target": -1999.3727653620542, "params": {"k_pid_pos": [1.9682896137237549, 0.01004442572593689, 0.02844378352165222], "k_pid_alt": [2.0, 0.0, 1.0], "k_pid_att": [93.73099517822266, 0.8059431910514832, 1.0], "k_pid_yaw": [0.5, 1e-06, 0.1], "k_pid_hsp": [0.1707240343093872, 0.0017865002155303955, 0.9116041660308838], "k_pid_vsp": [0.0, 387.89263916015625, 400.0]}, "datetime": {"datetime": "2025-08-13 21:17:13", "elapsed": 41361.0907561779, "delta": 27.897138595581055}, "costs": {"total_cost": 1999.3727653620542, "time_cost": 150, "final_distance_cost": 57.59935372690233, "oscillation_cost": 690.2414984105975, "completition_cost": 888.8888888888888, "overshoot_cost": 120.99082391694895, "power_cost": 37.69197725830078, "noise_cost": 53.96022316041574, "n_waypoints_completed": 1, "tot_waypoints": 9}}
{"target": -4457.97271573435, "params": {"k_pid_pos": [1.8765171766281128, 0.0, 0.0], "k_pid_alt": [1.9121373891830444, 0.008240222930908203, 1.0], "k_pid_att": [100.0, 9.999999747378752e-05, 0.9588025212287903], "k_pid_yaw": [0.5, 1e-06, 0.1], "k_pid_hsp": [9.999999747378752e-05, 0.0, 1.0], "k_pid_vsp": [0.0, 395.1270751953125, 400.0]}, "datetime": {"datetime": "2025-08-13 21:17:41", "elapsed": 41390.04289340973, "delta": 28.952137231826782}, "costs": {"total_cost": 4457.97271573435, "time_cost": 150, "final_distance_cost": 842.337697921408, "oscillation_cost": 794.8248365703529, "completition_cost": 1000.0, "overshoot_cost": 1609.4595314347812, "power_cost": 33.779914697265625, "noise_cost": 27.570735110542394, "n_waypoints_completed": 0, "tot_waypoints": 9}}
