{"target": -804.2680113358902, "params": {"k_pid_pos": [1.0929375886917114, 1.0, 0.3755893409252167], "k_pid_alt": [1.703462839126587, 0.6165298819541931, 0.04826036095619202], "k_pid_att": [49.213653564453125, 3.8231542110443115, 0.7240087389945984], "k_pid_yaw": [0.5, 1e-06, 0.1], "k_pid_hsp": [4.9361724853515625, 0.7602125406265259, 0.802562952041626], "k_pid_vsp": [257.15313720703125, 28.023221969604492, 107.70545196533203]}, "datetime": {"datetime": "2025-08-13 10:23:34", "elapsed": 2142.0830562114716, "delta": 28.9432213306427}, "costs": {"total_cost": 804.2680113358902, "time_cost": 150, "final_distance_cost": 77.9292714834177, "oscillation_cost": 220.34314763601418, "completition_cost": 222.2222222222222, "overshoot_cost": 68.77038784772343, "power_cost": 34.71372694091797, "noise_cost": 30.289255205594728, "n_waypoints_completed": 7, "tot_waypoints": 9}}
{"target": -5211.758990975629, "params": {"k_pid_pos": [0.2080645114183426, 0.34222570061683655, 0.15831801295280457], "k_pid_alt": [0.3679276704788208, 0.8378012180328369, 0.6747242212295532], "k_pid_att": [73.70145416259766, 8.710407257080078, 0.5736734867095947], "k_pid_yaw": [0.5, 1e-06, 0.1], "k_pid_hsp": [6.0290846824646, 0.8661966323852539, 0.5593268871307373], "k_pid_vsp": [0.0, 241.6433868408203, 302.625244140625]}, "datetime": {"datetime": "2025-08-13 10:24:06", "elapsed": 2174.2521538734436, "delta": 32.169097661972046}, "costs": {"total_cost": 5211.758990975629, "time_cost": 150, "final_distance_cost": 1023.2027145768614, "oscillation_cost": 546.6171674595251, "completition_cost": 1000.0, "overshoot_cost": 2426.182787254088, "power_cost": 36.35229881591797, "noise_cost": 29.404022869236957, "n_waypoints_completed": 0, "tot_waypoints": 9}}
{"target": -1435.7000461412447, "params": {"k_pid_pos": [1.0095237493515015, 0.07493427395820618, 0.08413630723953247], "k_pid_alt": [1.863835096359253, 0.35375335812568665, 0.31269535422325134], "k_pid_att": [14.631739616394043, 2.090111255645752, 0.6947224736213684], "k_pid_yaw": [0.5, 1e-06, 0.1], "k_pid_hsp": [2.578463077545166, 0.25498759746551514, 0.4252559542655945], "k_pid_vsp": [334.7216491699219, 48.717437744140625, 390.74798583984375]}, "datetime": {"datetime": "2025-08-13 10:24:36", "elapsed": 2204.915676832199, "delta": 30.663522958755493}, "costs": {"total_cost": 1435.7000461412447, "time_cost": 150, "final_distance_cost": 89.95725490522005, "oscillation_cost": 291.47667003514573, "completition_cost": 666.6666666666667, "overshoot_cost": 181.1269798222552, "power_cost": 28.712824438476563, "noise_cost": 27.759650273480155, "n_waypoints_completed": 3, "tot_waypoints": 9}}
{"target": -1740.5708942978463, "params": {"k_pid_pos": [0.30679452419281006, 0.639819324016571, 0.7215214967727661], "k_pid_alt": [1.2576721906661987, 0.6976760029792786, 0.2807154059410095], "k_pid_att": [90.68002319335938, 5.31224250793457, 0.028760462999343872], "k_pid_yaw": [0.5, 1e-06, 0.1], "k_pid_hsp": [0.6539778709411621, 0.06688988208770752, 0.375114381313324], "k_pid_vsp": [276.1943054199219, 351.2375793457031, 39.536537170410156]}, "datetime": {"datetime": "2025-08-13 10:25:07", "elapsed": 2235.2468609809875, "delta": 30.331184148788452}, "costs": {"total_cost": 1740.5708942978463, "time_cost": 150, "final_distance_cost": 57.69478127581361, "oscillation_cost": 722.134311070508, "completition_cost": 666.6666666666667, "overshoot_cost": 80.80826016531596, "power_cost": 33.820748571777344, "noise_cost": 29.446126547764553, "n_waypoints_completed": 3, "tot_waypoints": 9}}
{"target": -519.3725218653666, "params": {"k_pid_pos": [1.5152984857559204, 0.3778374493122101, 0.5893566608428955], "k_pid_alt": [1.8050824403762817, 0.6459248065948486, 0.9026168584823608], "k_pid_att": [55.243797302246094, 1.3072412014007568, 0.34917938709259033], "k_pid_yaw": [0.5, 1e-06, 0.1], "k_pid_hsp": [4.861032962799072, 0.3794572353363037, 0.8049615621566772], "k_pid_vsp": [360.8443908691406, 213.19720458984375, 200.90138244628906]}, "datetime": {"datetime": "2025-08-13 10:25:31", "elapsed": 2259.162374019623, "delta": 23.915513038635254}, "costs": {"total_cost": 519.3725218653666, "time_cost": 94.626, "final_distance_cost": 1.79970776445313, "oscillation_cost": 315.25848079298675, "completition_cost": 0.0, "overshoot_cost": 59.29731897333859, "power_cost": 25.855419763183594, "noise_cost": 22.535594571404538, "n_waypoints_completed": 9, "tot_waypoints": 9}}
{"target": -1122.269930059525, "params": {"k_pid_pos": [1.275055170059204, 1.0, 0.3550947904586792], "k_pid_alt": [0.6432980298995972, 0.0, 0.921614944934845], "k_pid_att": [98.58335876464844, 1.3645033836364746, 0.43818339705467224], "k_pid_yaw": [0.5, 1e-06, 0.1], "k_pid_hsp": [9.162801742553711, 0.5648091435432434, 0.9689621329307556], "k_pid_vsp": [150.7588348388672, 97.16841125488281, 175.5255889892578]}, "datetime": {"datetime": "2025-08-13 10:26:00", "elapsed": 2288.8215692043304, "delta": 29.65919518470764}, "costs": {"total_cost": 1122.269930059525, "time_cost": 150, "final_distance_cost": 32.3006372040773, "oscillation_cost": 240.49743600481784, "completition_cost": 555.5555555555555, "overshoot_cost": 73.51286281387708, "power_cost": 39.409485607910156, "noise_cost": 30.993952873286744, "n_waypoints_completed": 4, "tot_waypoints": 9}}
{"target": -1001.4149264480088, "params": {"k_pid_pos": [0.7375950813293457, 0.3603109121322632, 0.42449384927749634], "k_pid_alt": [1.7009856700897217, 0.4693545401096344, 0.6640924215316772], "k_pid_att": [15.177708625793457, 2.300231456756592, 0.5891979932785034], "k_pid_yaw": [0.5, 1e-06, 0.1], "k_pid_hsp": [4.928349018096924, 0.6485323905944824, 0.223396897315979], "k_pid_vsp": [400.0, 89.97200775146484, 353.70550537109375]}, "datetime": {"datetime": "2025-08-13 10:26:28", "elapsed": 2316.9947040081024, "delta": 28.173134803771973}, "costs": {"total_cost": 1001.4149264480088, "time_cost": 150, "final_distance_cost": 62.15924330255152, "oscillation_cost": 322.120412272133, "completition_cost": 333.33333333333337, "overshoot_cost": 78.65390892610516, "power_cost": 28.24853610839844, "noise_cost": 26.899492505487395, "n_waypoints_completed": 6, "tot_waypoints": 9}}
{"target": -1108.114882525582, "params": {"k_pid_pos": [0.6160715222358704, 0.597689688205719, 0.6474412679672241], "k_pid_alt": [0.7643520832061768, 0.044336289167404175, 1.0], "k_pid_att": [100.0, 6.666054725646973, 0.6712572574615479], "k_pid_yaw": [0.5, 1e-06, 0.1], "k_pid_hsp": [4.030290603637695, 0.08843427896499634, 0.32396429777145386], "k_pid_vsp": [310.53582763671875, 378.22247314453125, 386.2700500488281]}, "datetime": {"datetime": "2025-08-13 10:26:57", "elapsed": 2345.608562707901, "delta": 28.613858699798584}, "costs": {"total_cost": 1108.114882525582, "time_cost": 150, "final_distance_cost": 65.28405143110027, "oscillation_cost": 551.0780322766518, "completition_cost": 222.2222222222222, "overshoot_cost": 49.70862270225013, "power_cost": 40.600466845703124, "noise_cost": 29.22148704765465, "n_waypoints_completed": 7, "tot_waypoints": 9}}
{"target": -1282.5640577790748, "params": {"k_pid_pos": [2.0, 0.908889651298523, 0.28894224762916565], "k_pid_alt": [0.4451224207878113, 0.23025459051132202, 0.4116227924823761], "k_pid_att": [20.101484298706055, 1.445034146308899, 0.7585784792900085], "k_pid_yaw": [0.5, 1e-06, 0.1], "k_pid_hsp": [2.09863018989563, 0.693926215171814, 0.5537247061729431], "k_pid_vsp": [333.555419921875, 94.59053039550781, 396.54437255859375]}, "datetime": {"datetime": "2025-08-13 10:27:28", "elapsed": 2376.784425973892, "delta": 31.17586326599121}, "costs": {"total_cost": 1282.5640577790748, "time_cost": 150, "final_distance_cost": 67.90228083822493, "oscillation_cost": 233.75750496601117, "completition_cost": 666.6666666666667, "overshoot_cost": 95.38576110572218, "power_cost": 36.691460473632816, "noise_cost": 32.160383728816804, "n_waypoints_completed": 3, "tot_waypoints": 9}}
{"target": -1147.2853749382873, "params": {"k_pid_pos": [0.708854615688324, 0.9232144355773926, 0.6296694278717041], "k_pid_alt": [0.5210999250411987, 0.23715895414352417, 0.8797301054000854], "k_pid_att": [48.24740219116211, 6.930845737457275, 0.9262766242027283], "k_pid_yaw": [0.5, 1e-06, 0.1], "k_pid_hsp": [3.08673357963562, 0.13011249899864197, 0.2155872881412506], "k_pid_vsp": [394.7827453613281, 215.46885681152344, 400.0]}, "datetime": {"datetime": "2025-08-13 10:28:01", "elapsed": 2409.115138530731, "delta": 32.33071255683899}, "costs": {"total_cost": 1147.2853749382873, "time_cost": 150, "final_distance_cost": 77.40627382811942, "oscillation_cost": 479.2959603814872, "completition_cost": 333.33333333333337, "overshoot_cost": 53.66457290358958, "power_cost": 27.365047705078126, "noise_cost": 26.22018678667978, "n_waypoints_completed": 6, "tot_waypoints": 9}}
{"target": -326.3164636182569, "params": {"k_pid_pos": [1.032104253768921, 0.2216499149799347, 0.07052412629127502], "k_pid_alt": [1.533031702041626, 0.1999497413635254, 0.15360459685325623], "k_pid_att": [4.883828639984131, 1.4770233631134033, 0.145147442817688], "k_pid_yaw": [0.5, 1e-06, 0.1], "k_pid_hsp": [3.3301377296447754, 0.24751198291778564, 0.26906973123550415], "k_pid_vsp": [194.5762176513672, 9.999999974752427e-07, 15.953899383544922]}, "datetime": {"datetime": "2025-08-13 10:28:24", "elapsed": 2432.3637800216675, "delta": 23.24864149093628}, "costs": {"total_cost": 326.3164636182569, "time_cost": 87.199, "final_distance_cost": 1.7658644616334058, "oscillation_cost": 141.92350055180168, "completition_cost": 0.0, "overshoot_cost": 53.74079223908989, "power_cost": 20.49378941650391, "noise_cost": 21.193516949228016, "n_waypoints_completed": 9, "tot_waypoints": 9}}
{"target": -1143.524781229729, "params": {"k_pid_pos": [0.18662460148334503, 0.6650981903076172, 0.38582557439804077], "k_pid_alt": [0.8996930122375488, 0.14394059777259827, 0.16454505920410156], "k_pid_att": [76.27890014648438, 5.339850902557373, 0.7902675271034241], "k_pid_yaw": [0.5, 1e-06, 0.1], "k_pid_hsp": [4.395493507385254, 0.35566550493240356, 1.0], "k_pid_vsp": [321.6664733886719, 121.67037963867188, 17.98246192932129]}, "datetime": {"datetime": "2025-08-13 10:28:56", "elapsed": 2464.327601671219, "delta": 31.96382164955139}, "costs": {"total_cost": 1143.524781229729, "time_cost": 150, "final_distance_cost": 43.99465327233222, "oscillation_cost": 373.52818518119335, "completition_cost": 444.4444444444444, "overshoot_cost": 60.245606681793156, "power_cost": 40.51323453369141, "noise_cost": 30.79865711627447, "n_waypoints_completed": 5, "tot_waypoints": 9}}
{"target": -2490.166001230042, "params": {"k_pid_pos": [2.0, 0.6334277391433716, 0.5961319208145142], "k_pid_alt": [1.558525800704956, 0.24700722098350525, 0.8049505949020386], "k_pid_att": [64.7430419921875, 9.241313934326172, 0.9016792178153992], "k_pid_yaw": [0.5, 1e-06, 0.1], "k_pid_hsp": [10.0, 0.13312962651252747, 0.03854629397392273], "k_pid_vsp": [97.61613464355469, 137.90676879882812, 376.3326416015625]}, "datetime": {"datetime": "2025-08-13 10:29:28", "elapsed": 2496.2977628707886, "delta": 31.970161199569702}, "costs": {"total_cost": 2490.166001230042, "time_cost": 150, "final_distance_cost": 337.6209380181913, "oscillation_cost": 593.1064906647398, "completition_cost": 888.8888888888888, "overshoot_cost": 457.4983596477257, "power_cost": 31.30422321777344, "noise_cost": 31.747100792723334, "n_waypoints_completed": 1, "tot_waypoints": 9}}
{"target": -343.21217527466735, "params": {"k_pid_pos": [1.6647461652755737, 0.27812573313713074, 0.4287279546260834], "k_pid_alt": [1.6040823459625244, 0.9441648125648499, 0.6096827387809753], "k_pid_att": [59.60139083862305, 7.604271411895752, 0.735714852809906], "k_pid_yaw": [0.5, 1e-06, 0.1], "k_pid_hsp": [2.3111886978149414, 0.5105081796646118, 0.04748860001564026], "k_pid_vsp": [171.9534454345703, 287.90399169921875, 86.43193054199219]}, "datetime": {"datetime": "2025-08-13 10:29:52", "elapsed": 2520.2316555976868, "delta": 23.933892726898193}, "costs": {"total_cost": 343.21217527466735, "time_cost": 93.044, "final_distance_cost": 1.7516251820990365, "oscillation_cost": 139.97518409606232, "completition_cost": 0.0, "overshoot_cost": 55.642312537298466, "power_cost": 28.49762116699219, "noise_cost": 24.301432292215363, "n_waypoints_completed": 9, "tot_waypoints": 9}}
{"target": -828.4767879741548, "params": {"k_pid_pos": [1.8502813577651978, 0.6326498985290527, 0.45270299911499023], "k_pid_alt": [0.1885804533958435, 0.5882931351661682, 0.20816317200660706], "k_pid_att": [68.51132202148438, 3.8091604709625244, 0.6832339763641357], "k_pid_yaw": [0.5, 1e-06, 0.1], "k_pid_hsp": [6.627281188964844, 0.6944918632507324, 0.735850989818573], "k_pid_vsp": [235.62283325195312, 182.7472686767578, 162.198974609375]}, "datetime": {"datetime": "2025-08-13 10:30:24", "elapsed": 2552.8736872673035, "delta": 32.6420316696167}, "costs": {"total_cost": 828.4767879741548, "time_cost": 150, "final_distance_cost": 45.50385182618223, "oscillation_cost": 379.30996668246314, "completition_cost": 111.11111111111116, "overshoot_cost": 78.06003231940811, "power_cost": 35.73672253417969, "noise_cost": 28.75510350081052, "n_waypoints_completed": 8, "tot_waypoints": 9}}
{"target": -2296.800691222259, "params": {"k_pid_pos": [0.3605387806892395, 1.0, 0.7020244598388672], "k_pid_alt": [1.5629076957702637, 0.19533845782279968, 0.9820951223373413], "k_pid_att": [0.48808157444000244, 4.333171844482422, 0.871550977230072], "k_pid_yaw": [0.5, 1e-06, 0.1], "k_pid_hsp": [8.3810396194458, 0.05902737379074097, 0.7626675963401794], "k_pid_vsp": [237.13604736328125, 35.30470275878906, 181.2329559326172]}, "datetime": {"datetime": "2025-08-13 10:30:54", "elapsed": 2582.6624147892, "delta": 29.788727521896362}, "costs": {"total_cost": 2296.800691222259, "time_cost": 150, "final_distance_cost": 46.70604123485266, "oscillation_cost": 546.8718899493468, "completition_cost": 1000.0, "overshoot_cost": 338.5547609834235, "power_cost": 54.696456359863284, "noise_cost": 159.971542694773, "n_waypoints_completed": 0, "tot_waypoints": 9}}
{"target": -4410.300008551518, "params": {"k_pid_pos": [0.9391786456108093, 0.6475014090538025, 0.9885987043380737], "k_pid_alt": [0.6141899824142456, 0.6584488153457642, 0.7354163527488708], "k_pid_att": [39.656585693359375, 0.8304330110549927, 0.8476445078849792], "k_pid_yaw": [0.5, 1e-06, 0.1], "k_pid_hsp": [0.4134036898612976, 0.37282514572143555, 0.0], "k_pid_vsp": [26.155101776123047, 305.9615173339844, 338.14605712890625]}, "datetime": {"datetime": "2025-08-13 10:31:24", "elapsed": 2612.3865699768066, "delta": 29.72415518760681}, "costs": {"total_cost": 4410.300008551518, "time_cost": 150, "final_distance_cost": 1190.5704387701778, "oscillation_cost": 11.488701245600716, "completition_cost": 888.8888888888888, "overshoot_cost": 2104.0618128836413, "power_cost": 28.56529063720703, "noise_cost": 36.72487612600116, "n_waypoints_completed": 1, "tot_waypoints": 9}}
{"target": -584.566187841986, "params": {"k_pid_pos": [0.976746141910553, 0.6858571767807007, 0.0996483862400055], "k_pid_alt": [0.5012344121932983, 0.021525144577026367, 0.39249005913734436], "k_pid_att": [74.3360366821289, 4.153897762298584, 0.3379504382610321], "k_pid_yaw": [0.5, 1e-06, 0.1], "k_pid_hsp": [2.0172877311706543, 0.6734858155250549, 0.6734046936035156], "k_pid_vsp": [155.75852966308594, 91.64651489257812, 9.999999974752427e-07]}, "datetime": {"datetime": "2025-08-13 10:31:54", "elapsed": 2642.3060054779053, "delta": 29.919435501098633}, "costs": {"total_cost": 584.566187841986, "time_cost": 117.138, "final_distance_cost": 1.7969570497081153, "oscillation_cost": 306.9482445333006, "completition_cost": 0.0, "overshoot_cost": 87.07744633280872, "power_cost": 37.15787153320313, "noise_cost": 34.44766839296556, "n_waypoints_completed": 9, "tot_waypoints": 9}}
{"target": -1912.7027087421504, "params": {"k_pid_pos": [9.999999747378752e-05, 0.0, 0.8165256977081299], "k_pid_alt": [0.8773355484008789, 0.03551545739173889, 0.8218792676925659], "k_pid_att": [50.73088836669922, 9.335326194763184, 0.3427102863788605], "k_pid_yaw": [0.5, 1e-06, 0.1], "k_pid_hsp": [0.06969904899597168, 0.1746307611465454, 0.22560307383537292], "k_pid_vsp": [219.5391845703125, 400.0, 302.6369934082031]}, "datetime": {"datetime": "2025-08-13 10:32:25", "elapsed": 2673.3373012542725, "delta": 31.031295776367188}, "costs": {"total_cost": 1912.7027087421504, "time_cost": 150, "final_distance_cost": 44.48899726475087, "oscillation_cost": 640.2936467217571, "completition_cost": 888.8888888888888, "overshoot_cost": 122.81564981816916, "power_cost": 37.03660194091797, "noise_cost": 29.178924107666436, "n_waypoints_completed": 1, "tot_waypoints": 9}}
{"target": -1737.7772892499534, "params": {"k_pid_pos": [0.07302180677652359, 0.018079638481140137, 0.20852679014205933], "k_pid_alt": [1.4828003644943237, 0.6254494786262512, 0.9889332056045532], "k_pid_att": [35.70539474487305, 4.2046661376953125, 0.6797637343406677], "k_pid_yaw": [0.5, 1e-06, 0.1], "k_pid_hsp": [8.559070587158203, 0.6742637753486633, 0.48933330178260803], "k_pid_vsp": [142.8107452392578, 294.09368896484375, 327.8318786621094]}, "datetime": {"datetime": "2025-08-13 10:32:54", "elapsed": 2702.981365442276, "delta": 29.64406418800354}, "costs": {"total_cost": 1737.7772892499534, "time_cost": 150, "final_distance_cost": 85.56080679885481, "oscillation_cost": 598.3692832039134, "completition_cost": 777.7777777777778, "overshoot_cost": 63.58324386205432, "power_cost": 33.4363794921875, "noise_cost": 29.049798115165345, "n_waypoints_completed": 2, "tot_waypoints": 9}}
{"target": -1780.508506065615, "params": {"k_pid_pos": [0.2959093749523163, 0.746961236000061, 0.8024336099624634], "k_pid_alt": [0.07606446743011475, 0.10830673575401306, 0.8851577043533325], "k_pid_att": [89.46820831298828, 2.73671555519104, 0.6133793592453003], "k_pid_yaw": [0.5, 1e-06, 0.1], "k_pid_hsp": [5.118575572967529, 0.22412648797035217, 0.13880503177642822], "k_pid_vsp": [168.02015686035156, 279.6669616699219, 121.41507720947266]}, "datetime": {"datetime": "2025-08-13 10:33:26", "elapsed": 2734.1793937683105, "delta": 31.198028326034546}, "costs": {"total_cost": 1780.508506065615, "time_cost": 150, "final_distance_cost": 82.73509309653016, "oscillation_cost": 673.6598320889697, "completition_cost": 777.7777777777778, "overshoot_cost": 35.65814152726774, "power_cost": 33.07113208007813, "noise_cost": 27.606529494991577, "n_waypoints_completed": 2, "tot_waypoints": 9}}
{"target": -2087.5460164671686, "params": {"k_pid_pos": [0.7391403913497925, 0.19518759846687317, 0.5043516159057617], "k_pid_alt": [0.972766637802124, 0.010523796081542969, 0.685043454170227], "k_pid_att": [40.09876251220703, 7.864452362060547, 0.3974945843219757], "k_pid_yaw": [0.5, 1e-06, 0.1], "k_pid_hsp": [2.2422289848327637, 0.0, 0.5652734637260437], "k_pid_vsp": [244.70806884765625, 90.00334930419922, 327.6913146972656]}, "datetime": {"datetime": "2025-08-13 10:34:04", "elapsed": 2772.4951145648956, "delta": 38.31572079658508}, "costs": {"total_cost": 2087.5460164671686, "time_cost": 150, "final_distance_cost": 42.705502033394296, "oscillation_cost": 735.2357078867492, "completition_cost": 1000.0, "overshoot_cost": 83.9383561381765, "power_cost": 43.85162584228516, "noise_cost": 31.814824566563548, "n_waypoints_completed": 0, "tot_waypoints": 9}}
{"target": -1551.5244411930407, "params": {"k_pid_pos": [1.1297072172164917, 0.9490703344345093, 0.0], "k_pid_alt": [0.3136448860168457, 0.33088570833206177, 0.5123341083526611], "k_pid_att": [24.845439910888672, 4.610542297363281, 0.6935211420059204], "k_pid_yaw": [0.5, 1e-06, 0.1], "k_pid_hsp": [4.180190086364746, 0.008296281099319458, 0.15206626057624817], "k_pid_vsp": [15.812253952026367, 160.41888427734375, 296.8502502441406]}, "datetime": {"datetime": "2025-08-13 10:34:42", "elapsed": 2810.52352309227, "delta": 38.02840852737427}, "costs": {"total_cost": 1551.5244411930407, "time_cost": 150, "final_distance_cost": 7.86847444313663, "oscillation_cost": 75.60890123202225, "completition_cost": 1000.0, "overshoot_cost": 165.8129261863361, "power_cost": 30.60801121826172, "noise_cost": 121.62612811328405, "n_waypoints_completed": 0, "tot_waypoints": 9}}
{"target": -1343.8832534148387, "params": {"k_pid_pos": [1.175323486328125, 0.5667663216590881, 0.4146232604980469], "k_pid_alt": [2.0, 0.6462029218673706, 0.3111504316329956], "k_pid_att": [62.59894943237305, 2.634845495223999, 0.6953901052474976], "k_pid_yaw": [0.5, 1e-06, 0.1], "k_pid_hsp": [8.162095069885254, 0.737431526184082, 0.7354990243911743], "k_pid_vsp": [182.8534393310547, 287.7259521484375, 335.51202392578125]}, "datetime": {"datetime": "2025-08-13 10:35:19", "elapsed": 2847.418104171753, "delta": 36.89458107948303}, "costs": {"total_cost": 1343.8832534148387, "time_cost": 150, "final_distance_cost": 61.321641830723905, "oscillation_cost": 559.1830867187847, "completition_cost": 444.4444444444444, "overshoot_cost": 68.2158483175841, "power_cost": 31.194886132812503, "noise_cost": 29.52334597048909, "n_waypoints_completed": 5, "tot_waypoints": 9}}
{"target": -907.0424494938753, "params": {"k_pid_pos": [0.30039480328559875, 0.7652096748352051, 0.12916049361228943], "k_pid_alt": [0.744118332862854, 0.41606295108795166, 0.7752126455307007], "k_pid_att": [57.64786148071289, 6.444095134735107, 0.18412548303604126], "k_pid_yaw": [0.5, 1e-06, 0.1], "k_pid_hsp": [6.4427876472473145, 0.7662595510482788, 0.8289065361022949], "k_pid_vsp": [343.7423095703125, 180.06105041503906, 9.999999974752427e-07]}, "datetime": {"datetime": "2025-08-13 10:36:11", "elapsed": 2899.418321609497, "delta": 52.00021743774414}, "costs": {"total_cost": 907.0424494938753, "time_cost": 150, "final_distance_cost": 58.82334217047531, "oscillation_cost": 341.23145569676825, "completition_cost": 222.2222222222222, "overshoot_cost": 72.76457589142771, "power_cost": 30.183042993164065, "noise_cost": 31.817810519817748, "n_waypoints_completed": 7, "tot_waypoints": 9}}
