{"target": -1632.504713883256, "params": {"k_pid_pos": [2.0, 0.04336085915565491, 0.03680872917175293], "k_pid_alt": [2.0, 0.0, 1.0], "k_pid_att": [100.0, 0.848362147808075, 1.0], "k_pid_yaw": [0.5, 1e-06, 0.1], "k_pid_hsp": [0.8115441799163818, 0.05964022874832153, 1.0], "k_pid_vsp": [22.616195678710938, 400.0, 400.0]}, "datetime": {"datetime": "2025-08-14 07:16:27", "elapsed": 77315.45160841942, "delta": 27.927269458770752}, "costs": {"total_cost": 1632.504713883256, "time_cost": 150, "final_distance_cost": 87.59722608175599, "oscillation_cost": 315.7971251916438, "completition_cost": 777.7777777777778, "overshoot_cost": 180.0655981484033, "power_cost": 39.37849249267578, "noise_cost": 81.8884941909994, "n_waypoints_completed": 2, "tot_waypoints": 9}}
{"target": -5307.67077181814, "params": {"k_pid_pos": [2.0, 0.07157081365585327, 0.07710671424865723], "k_pid_alt": [2.0, 0.06198078393936157, 1.0], "k_pid_att": [99.27934265136719, 9.999999747378752e-05, 1.0], "k_pid_yaw": [0.5, 1e-06, 0.1], "k_pid_hsp": [0.19477128982543945, 0.024268925189971924, 0.942116379737854], "k_pid_vsp": [0.0, 373.3944396972656, 396.8870849609375]}, "datetime": {"datetime": "2025-08-14 07:16:58", "elapsed": 77346.55566072464, "delta": 31.104052305221558}, "costs": {"total_cost": 5307.67077181814, "time_cost": 150, "final_distance_cost": 1235.839323906611, "oscillation_cost": 772.0384167984492, "completition_cost": 1000.0, "overshoot_cost": 2085.200103515502, "power_cost": 35.89247102050781, "noise_cost": 28.700456577069485, "n_waypoints_completed": 0, "tot_waypoints": 9}}
{"target": -2103.538796141569, "params": {"k_pid_pos": [2.0, 0.013448446989059448, 0.02280595898628235], "k_pid_alt": [1.814028263092041, 0.012704253196716309, 0.9753497838973999], "k_pid_att": [99.59440612792969, 0.9801949858665466, 0.9488192796707153], "k_pid_yaw": [0.5, 1e-06, 0.1], "k_pid_hsp": [9.999999747378752e-05, 0.09063416719436646, 0.992300808429718], "k_pid_vsp": [0.0, 400.0, 400.0]}, "datetime": {"datetime": "2025-08-14 07:17:27", "elapsed": 77375.75591802597, "delta": 29.200257301330566}, "costs": {"total_cost": 2103.538796141569, "time_cost": 150, "final_distance_cost": 68.20734341988118, "oscillation_cost": 811.5871792356744, "completition_cost": 777.7777777777778, "overshoot_cost": 230.74309541283046, "power_cost": 36.83485545654297, "noise_cost": 28.38854483886237, "n_waypoints_completed": 2, "tot_waypoints": 9}}
