{"target": -2187.1015565323405, "params": {"k_pid_pos": [1.9906737804412842, 0.11445945501327515, 0.0035097599029541016], "k_pid_alt": [1.977219820022583, 0.03138977289199829, 1.0], "k_pid_att": [98.26534271240234, 0.08443496376276016, 0.9826250076293945], "k_pid_yaw": [0.5, 1e-06, 0.1], "k_pid_hsp": [9.999999747378752e-05, 0.024929791688919067, 1.0], "k_pid_vsp": [12.44347095489502, 394.6723327636719, 400.0]}, "datetime": {"datetime": "2025-08-14 00:41:46", "elapsed": 53634.585502147675, "delta": 28.596407413482666}, "costs": {"total_cost": 2187.1015565323405, "time_cost": 150, "final_distance_cost": 56.20568435042202, "oscillation_cost": 754.0656113859266, "completition_cost": 1000.0, "overshoot_cost": 113.61894631115364, "power_cost": 42.25626745605469, "noise_cost": 70.95504702878425, "n_waypoints_completed": 0, "tot_waypoints": 9}}
{"target": -2677.365768915419, "params": {"k_pid_pos": [1.993792176246643, 0.06292858719825745, 0.03326466679573059], "k_pid_alt": [1.899714708328247, 0.0, 0.9369730353355408], "k_pid_att": [94.55988311767578, 9.999999747378752e-05, 0.9429422616958618], "k_pid_yaw": [0.5, 1e-06, 0.1], "k_pid_hsp": [9.999999747378752e-05, 0.04776892066001892, 1.0], "k_pid_vsp": [0.0, 386.39923095703125, 400.0]}, "datetime": {"datetime": "2025-08-14 00:42:15", "elapsed": 53663.95195031166, "delta": 29.366448163986206}, "costs": {"total_cost": 2677.365768915419, "time_cost": 150, "final_distance_cost": 360.2123260834144, "oscillation_cost": 773.5271629030482, "completition_cost": 1000.0, "overshoot_cost": 329.44422519441133, "power_cost": 35.98197911376953, "noise_cost": 28.20007562077476, "n_waypoints_completed": 0, "tot_waypoints": 9}}
{"target": -2128.3723203155123, "params": {"k_pid_pos": [1.849905014038086, 0.056324273347854614, 0.050067782402038574], "k_pid_alt": [1.9752063751220703, 0.0, 1.0], "k_pid_att": [100.0, 9.999999747378752e-05, 1.0], "k_pid_yaw": [0.5, 1e-06, 0.1], "k_pid_hsp": [9.999999747378752e-05, 0.07468923926353455, 1.0], "k_pid_vsp": [0.0, 400.0, 386.8758239746094]}, "datetime": {"datetime": "2025-08-14 00:42:46", "elapsed": 53694.542492866516, "delta": 30.590542554855347}, "costs": {"total_cost": 2128.3723203155123, "time_cost": 150, "final_distance_cost": 58.49996885481102, "oscillation_cost": 739.7519477517931, "completition_cost": 1000.0, "overshoot_cost": 112.29265451399567, "power_cost": 39.38723651123047, "noise_cost": 28.440512683682016, "n_waypoints_completed": 0, "tot_waypoints": 9}}
{"target": -12630.069797746746, "params": {"k_pid_pos": [1.9667339324951172, 0.0, 0.006633281707763672], "k_pid_alt": [2.0, 0.014239996671676636, 0.9649341702461243], "k_pid_att": [100.0, 0.1772158145904541, 0.9805054068565369], "k_pid_yaw": [0.5, 1e-06, 0.1], "k_pid_hsp": [9.999999747378752e-05, 0.0, 0.9860583543777466], "k_pid_vsp": [0.0, 377.53802490234375, 392.42864990234375]}, "datetime": {"datetime": "2025-08-14 00:43:16", "elapsed": 53724.83949184418, "delta": 30.296998977661133}, "costs": {"total_cost": 12630.069797746746, "time_cost": 150, "final_distance_cost": 3805.2028970886063, "oscillation_cost": 727.0092782633944, "completition_cost": 1000.0, "overshoot_cost": 6884.833180064296, "power_cost": 34.789391577148436, "noise_cost": 28.235050753301365, "n_waypoints_completed": 0, "tot_waypoints": 9}}
{"target": -1643.4926662156872, "params": {"k_pid_pos": [2.0, 0.0, 0.0], "k_pid_alt": [2.0, 0.0, 0.9361128807067871], "k_pid_att": [94.18750762939453, 9.999999747378752e-05, 0.954770028591156], "k_pid_yaw": [0.5, 1e-06, 0.1], "k_pid_hsp": [1.0097198486328125, 0.07979732751846313, 0.9991179704666138], "k_pid_vsp": [0.0, 400.0, 400.0]}, "datetime": {"datetime": "2025-08-14 00:43:45", "elapsed": 53753.8138461113, "delta": 28.97435426712036}, "costs": {"total_cost": 1643.4926662156872, "time_cost": 150, "final_distance_cost": 156.14395097754124, "oscillation_cost": 367.42866046638665, "completition_cost": 777.7777777777778, "overshoot_cost": 122.25037428807086, "power_cost": 37.455353198242186, "noise_cost": 32.436549507668474, "n_waypoints_completed": 2, "tot_waypoints": 9}}
{"target": -6736.530143285929, "params": {"k_pid_pos": [1.9498037099838257, 0.00013974308967590332, 0.03384116291999817], "k_pid_alt": [2.0, 0.0, 1.0], "k_pid_att": [100.0, 0.9127363562583923, 1.0], "k_pid_yaw": [0.5, 1e-06, 0.1], "k_pid_hsp": [0.9032285809516907, 0.054396361112594604, 1.0], "k_pid_vsp": [15.7881498336792, 400.0, 381.5031433105469]}, "datetime": {"datetime": "2025-08-14 00:44:16", "elapsed": 53784.08747172356, "delta": 30.27362561225891}, "costs": {"total_cost": 6736.530143285929, "time_cost": 150, "final_distance_cost": 1651.3273525878992, "oscillation_cost": 768.3576151803601, "completition_cost": 1000.0, "overshoot_cost": 3102.926605555651, "power_cost": 32.93553918457032, "noise_cost": 30.98303077744866, "n_waypoints_completed": 0, "tot_waypoints": 9}}
{"target": -4627.588963628012, "params": {"k_pid_pos": [2.0, 0.0, 0.037302762269973755], "k_pid_alt": [2.0, 0.0, 1.0], "k_pid_att": [100.0, 9.999999747378752e-05, 1.0], "k_pid_yaw": [0.5, 1e-06, 0.1], "k_pid_hsp": [9.999999747378752e-05, 0.0, 1.0], "k_pid_vsp": [12.157440185546875, 371.45306396484375, 400.0]}, "datetime": {"datetime": "2025-08-14 00:44:46", "elapsed": 53814.804337739944, "delta": 30.71686601638794}, "costs": {"total_cost": 4627.588963628012, "time_cost": 150, "final_distance_cost": 1062.168029700282, "oscillation_cost": 796.6572377880458, "completition_cost": 1000.0, "overshoot_cost": 1558.6279297134238, "power_cost": 33.389970434570316, "noise_cost": 26.745795991688997, "n_waypoints_completed": 0, "tot_waypoints": 9}}
{"target": -2300.645550539698, "params": {"k_pid_pos": [1.9548287391662598, 0.0, 0.0], "k_pid_alt": [1.9265601634979248, 0.0, 0.9887593388557434], "k_pid_att": [94.82052612304688, 9.999999747378752e-05, 1.0], "k_pid_yaw": [0.5, 1e-06, 0.1], "k_pid_hsp": [9.999999747378752e-05, 0.0, 1.0], "k_pid_vsp": [15.901017189025879, 400.0, 381.8509826660156]}, "datetime": {"datetime": "2025-08-14 00:45:18", "elapsed": 53846.76666998863, "delta": 31.962332248687744}, "costs": {"total_cost": 2300.645550539698, "time_cost": 150, "final_distance_cost": 133.32517646031235, "oscillation_cost": 772.0686649718747, "completition_cost": 1000.0, "overshoot_cost": 181.13660435120735, "power_cost": 35.87518082275391, "noise_cost": 28.23992393354962, "n_waypoints_completed": 0, "tot_waypoints": 9}}
{"target": -2335.13296333557, "params": {"k_pid_pos": [2.0, 0.11250454187393188, 0.0], "k_pid_alt": [2.0, 0.020868301391601562, 0.9901082515716553], "k_pid_att": [100.0, 0.25182634592056274, 0.9642090797424316], "k_pid_yaw": [0.5, 1e-06, 0.1], "k_pid_hsp": [9.999999747378752e-05, 0.0, 0.9651164412498474], "k_pid_vsp": [1.4674186706542969, 397.5810546875, 386.3729553222656]}, "datetime": {"datetime": "2025-08-14 00:45:49", "elapsed": 53877.5811355114, "delta": 30.814465522766113}, "costs": {"total_cost": 2335.13296333557, "time_cost": 150, "final_distance_cost": 97.15280994628488, "oscillation_cost": 808.6275162842924, "completition_cost": 1000.0, "overshoot_cost": 214.17790502772942, "power_cost": 36.77703546142578, "noise_cost": 28.39769661583772, "n_waypoints_completed": 0, "tot_waypoints": 9}}
{"target": -3107.7758045727974, "params": {"k_pid_pos": [1.9769575595855713, 0.05747425556182861, 0.0], "k_pid_alt": [1.9921233654022217, 0.048863887786865234, 0.9304404258728027], "k_pid_att": [99.39874267578125, 9.999999747378752e-05, 1.0], "k_pid_yaw": [0.5, 1e-06, 0.1], "k_pid_hsp": [1.1207332611083984, 0.03423452377319336, 1.0], "k_pid_vsp": [14.994632720947266, 389.7952575683594, 400.0]}, "datetime": {"datetime": "2025-08-14 00:46:19", "elapsed": 53907.10929989815, "delta": 29.528164386749268}, "costs": {"total_cost": 3107.7758045727974, "time_cost": 150, "final_distance_cost": 743.3235638229212, "oscillation_cost": 660.9680157842536, "completition_cost": 888.8888888888888, "overshoot_cost": 568.0735184768849, "power_cost": 36.45681411132813, "noise_cost": 60.06500348852062, "n_waypoints_completed": 1, "tot_waypoints": 9}}
{"target": -2150.466419821932, "params": {"k_pid_pos": [1.9540144205093384, 0.06579473614692688, 0.0], "k_pid_alt": [1.9352681636810303, 0.005423009395599365, 0.925143837928772], "k_pid_att": [100.0, 0.623494565486908, 1.0], "k_pid_yaw": [0.5, 1e-06, 0.1], "k_pid_hsp": [9.999999747378752e-05, 0.037556618452072144, 1.0], "k_pid_vsp": [0.0, 400.0, 400.0]}, "datetime": {"datetime": "2025-08-14 00:46:47", "elapsed": 53936.056898355484, "delta": 28.947598457336426}, "costs": {"total_cost": 2150.466419821932, "time_cost": 150, "final_distance_cost": 27.487987140390295, "oscillation_cost": 704.9172748733089, "completition_cost": 1000.0, "overshoot_cost": 145.5354095666555, "power_cost": 42.77470145263672, "noise_cost": 79.75104678894051, "n_waypoints_completed": 0, "tot_waypoints": 9}}
{"target": -2283.268218455225, "params": {"k_pid_pos": [1.9959185123443604, 0.0, 0.0], "k_pid_alt": [2.0, 0.0, 1.0], "k_pid_att": [99.95651245117188, 9.999999747378752e-05, 1.0], "k_pid_yaw": [0.5, 1e-06, 0.1], "k_pid_hsp": [9.999999747378752e-05, 0.0, 1.0], "k_pid_vsp": [0.0, 400.0, 396.271484375]}, "datetime": {"datetime": "2025-08-14 00:47:18", "elapsed": 53966.450377464294, "delta": 30.393479108810425}, "costs": {"total_cost": 2283.268218455225, "time_cost": 150, "final_distance_cost": 117.97943517427242, "oscillation_cost": 772.4578778744984, "completition_cost": 1000.0, "overshoot_cost": 177.323803164242, "power_cost": 37.14260744628906, "noise_cost": 28.36449479592302, "n_waypoints_completed": 0, "tot_waypoints": 9}}
{"target": -1788.8203809475388, "params": {"k_pid_pos": [2.0, 0.0, 0.0], "k_pid_alt": [2.0, 0.10747557878494263, 0.9829089641571045], "k_pid_att": [93.40230560302734, 9.999999747378752e-05, 0.930567741394043], "k_pid_yaw": [0.5, 1e-06, 0.1], "k_pid_hsp": [0.6707778573036194, 0.022663086652755737, 1.0], "k_pid_vsp": [28.34364128112793, 400.0, 386.42816162109375]}, "datetime": {"datetime": "2025-08-14 00:47:48", "elapsed": 53996.71648597717, "delta": 30.266108512878418}, "costs": {"total_cost": 1788.8203809475388, "time_cost": 150, "final_distance_cost": 4.820236421320199, "oscillation_cost": 416.1134253796232, "completition_cost": 1000.0, "overshoot_cost": 121.37416354746041, "power_cost": 39.904885583496096, "noise_cost": 56.60767001563891, "n_waypoints_completed": 0, "tot_waypoints": 9}}
{"target": -2238.6365004874274, "params": {"k_pid_pos": [1.9040924310684204, 0.006271958351135254, 0.0], "k_pid_alt": [1.9434971809387207, 0.03232187032699585, 0.8546977639198303], "k_pid_att": [99.92020416259766, 9.999999747378752e-05, 1.0], "k_pid_yaw": [0.5, 1e-06, 0.1], "k_pid_hsp": [0.11240892857313156, 0.03334331512451172, 0.9372963309288025], "k_pid_vsp": [0.3777742385864258, 399.468505859375, 400.0]}, "datetime": {"datetime": "2025-08-14 00:48:18", "elapsed": 54026.999297618866, "delta": 30.282811641693115}, "costs": {"total_cost": 2238.6365004874274, "time_cost": 150, "final_distance_cost": 45.634807258128724, "oscillation_cost": 743.6531002702959, "completition_cost": 1000.0, "overshoot_cost": 232.39501251951486, "power_cost": 38.195057226562504, "noise_cost": 28.758523212925912, "n_waypoints_completed": 0, "tot_waypoints": 9}}
{"target": -2640.3589906071193, "params": {"k_pid_pos": [2.0, 0.0014258027076721191, 0.0], "k_pid_alt": [2.0, 0.0, 1.0], "k_pid_att": [100.0, 0.2017601579427719, 1.0], "k_pid_yaw": [0.5, 1e-06, 0.1], "k_pid_hsp": [9.999999747378752e-05, 0.0942792296409607, 0.9481663703918457], "k_pid_vsp": [0.0, 400.0, 380.21331787109375]}, "datetime": {"datetime": "2025-08-14 00:48:50", "elapsed": 54058.91403698921, "delta": 31.91473937034607}, "costs": {"total_cost": 2640.3589906071193, "time_cost": 150, "final_distance_cost": 193.77856612077102, "oscillation_cost": 788.4893312178879, "completition_cost": 1000.0, "overshoot_cost": 445.1527912991519, "power_cost": 35.03145689697266, "noise_cost": 27.906845072335674, "n_waypoints_completed": 0, "tot_waypoints": 9}}
{"target": -2082.0018687945653, "params": {"k_pid_pos": [2.0, 0.06026682257652283, 0.0], "k_pid_alt": [1.881626009941101, 0.021784693002700806, 0.9946258068084717], "k_pid_att": [97.67745208740234, 9.999999747378752e-05, 0.8740736842155457], "k_pid_yaw": [0.5, 1e-06, 0.1], "k_pid_hsp": [0.47968339920043945, 0.0, 1.0], "k_pid_vsp": [0.0, 388.1208801269531, 385.2442626953125]}, "datetime": {"datetime": "2025-08-14 00:49:20", "elapsed": 54088.35260605812, "delta": 29.43856906890869}, "costs": {"total_cost": 2082.0018687945653, "time_cost": 150, "final_distance_cost": 1.8144984009379157, "oscillation_cost": 651.5933047249144, "completition_cost": 1000.0, "overshoot_cost": 135.85981509883635, "power_cost": 43.6789291015625, "noise_cost": 99.05532146831416, "n_waypoints_completed": 0, "tot_waypoints": 9}}
{"target": -2249.855762122953, "params": {"k_pid_pos": [2.0, 0.0, 0.0], "k_pid_alt": [1.9078478813171387, 0.0, 0.9450839757919312], "k_pid_att": [100.0, 0.08436373621225357, 1.0], "k_pid_yaw": [0.5, 1e-06, 0.1], "k_pid_hsp": [9.999999747378752e-05, 0.0, 0.9505829215049744], "k_pid_vsp": [0.0, 393.0480041503906, 396.2656555175781]}, "datetime": {"datetime": "2025-08-14 00:49:48", "elapsed": 54116.8358399868, "delta": 28.48323392868042}, "costs": {"total_cost": 2249.855762122953, "time_cost": 150, "final_distance_cost": 41.036147579655896, "oscillation_cost": 704.0375436689815, "completition_cost": 1000.0, "overshoot_cost": 182.75880862368865, "power_cost": 49.74944388427735, "noise_cost": 122.27381836634952, "n_waypoints_completed": 0, "tot_waypoints": 9}}
{"target": -2188.1096326226007, "params": {"k_pid_pos": [1.991843342781067, 0.0028765201568603516, 0.0], "k_pid_alt": [2.0, 0.0336875319480896, 0.9628838300704956], "k_pid_att": [89.57063293457031, 1.0878173112869263, 1.0], "k_pid_yaw": [0.5, 1e-06, 0.1], "k_pid_hsp": [0.14183098077774048, 0.0, 1.0], "k_pid_vsp": [0.0, 397.84930419921875, 372.2972106933594]}, "datetime": {"datetime": "2025-08-14 00:50:20", "elapsed": 54148.14879965782, "delta": 31.312959671020508}, "costs": {"total_cost": 2188.1096326226007, "time_cost": 150, "final_distance_cost": 3.414957977155674, "oscillation_cost": 715.0357901765202, "completition_cost": 1000.0, "overshoot_cost": 179.72234795218301, "power_cost": 48.088641162109376, "noise_cost": 91.8478953546323, "n_waypoints_completed": 0, "tot_waypoints": 9}}
{"target": -2050.5429517469242, "params": {"k_pid_pos": [2.0, 0.061583101749420166, 0.0], "k_pid_alt": [1.9891735315322876, 0.0, 0.9547735452651978], "k_pid_att": [93.42990112304688, 0.33033204078674316, 1.0], "k_pid_yaw": [0.5, 1e-06, 0.1], "k_pid_hsp": [9.999999747378752e-05, 0.0, 0.9789608716964722], "k_pid_vsp": [8.702421188354492, 390.92059326171875, 393.81048583984375]}, "datetime": {"datetime": "2025-08-14 00:50:50", "elapsed": 54178.895228624344, "delta": 30.746428966522217}, "costs": {"total_cost": 2050.5429517469242, "time_cost": 150, "final_distance_cost": 57.46655054619527, "oscillation_cost": 779.2653108228775, "completition_cost": 888.8888888888888, "overshoot_cost": 107.8803031527238, "power_cost": 38.55733317871094, "noise_cost": 28.484565157528166, "n_waypoints_completed": 1, "tot_waypoints": 9}}
{"target": -2066.5586581194348, "params": {"k_pid_pos": [2.0, 0.0, 0.0], "k_pid_alt": [2.0, 0.0, 0.9809681177139282], "k_pid_att": [98.6694564819336, 0.18306118249893188, 1.0], "k_pid_yaw": [0.5, 1e-06, 0.1], "k_pid_hsp": [9.999999747378752e-05, 0.0, 1.0], "k_pid_vsp": [0.0, 395.1319885253906, 400.0]}, "datetime": {"datetime": "2025-08-14 00:51:20", "elapsed": 54208.156442165375, "delta": 29.261213541030884}, "costs": {"total_cost": 2066.5586581194348, "time_cost": 150, "final_distance_cost": 47.64966822221753, "oscillation_cost": 652.0501844588072, "completition_cost": 1000.0, "overshoot_cost": 146.86127575515317, "power_cost": 37.790179541015625, "noise_cost": 32.207350142241204, "n_waypoints_completed": 0, "tot_waypoints": 9}}
{"target": -6379.415747934749, "params": {"k_pid_pos": [2.0, 0.0, 0.0], "k_pid_alt": [1.7444038391113281, 0.01185879111289978, 1.0], "k_pid_att": [100.0, 0.1410987377166748, 1.0], "k_pid_yaw": [0.5, 1e-06, 0.1], "k_pid_hsp": [9.999999747378752e-05, 0.029593467712402344, 0.9500022530555725], "k_pid_vsp": [0.0, 400.0, 381.4518127441406]}, "datetime": {"datetime": "2025-08-14 00:51:50", "elapsed": 54238.48498749733, "delta": 30.328545331954956}, "costs": {"total_cost": 6379.415747934749, "time_cost": 150, "final_distance_cost": 1537.3077401927237, "oscillation_cost": 782.1638332671397, "completition_cost": 1000.0, "overshoot_cost": 2847.016233254489, "power_cost": 34.728845178222656, "noise_cost": 28.199096042173338, "n_waypoints_completed": 0, "tot_waypoints": 9}}
{"target": -5757.044566306917, "params": {"k_pid_pos": [1.9907517433166504, 0.0, 0.06266963481903076], "k_pid_alt": [2.0, 0.0, 0.9770188927650452], "k_pid_att": [96.32279968261719, 0.2960469126701355, 0.920490026473999], "k_pid_yaw": [0.5, 1e-06, 0.1], "k_pid_hsp": [9.999999747378752e-05, 0.025273174047470093, 1.0], "k_pid_vsp": [14.52023983001709, 400.0, 400.0]}, "datetime": {"datetime": "2025-08-14 00:52:19", "elapsed": 54267.2189950943, "delta": 28.734007596969604}, "costs": {"total_cost": 5757.044566306917, "time_cost": 150, "final_distance_cost": 1252.3229108462165, "oscillation_cost": 786.7250353796704, "completition_cost": 1000.0, "overshoot_cost": 2506.7510656854615, "power_cost": 33.363114257812505, "noise_cost": 27.882440137756397, "n_waypoints_completed": 0, "tot_waypoints": 9}}
{"target": -2072.263716327449, "params": {"k_pid_pos": [1.919811725616455, 0.0, 0.03264451026916504], "k_pid_alt": [2.0, 0.017866820096969604, 0.9612528681755066], "k_pid_att": [100.0, 0.4842183589935303, 1.0], "k_pid_yaw": [0.5, 1e-06, 0.1], "k_pid_hsp": [9.999999747378752e-05, 0.0, 0.9133932590484619], "k_pid_vsp": [0.0, 388.8284606933594, 400.0]}, "datetime": {"datetime": "2025-08-14 00:52:49", "elapsed": 54297.52012300491, "delta": 30.301127910614014}, "costs": {"total_cost": 2072.263716327449, "time_cost": 150, "final_distance_cost": 39.41936550462503, "oscillation_cost": 709.9578806739354, "completition_cost": 888.8888888888888, "overshoot_cost": 153.54745776680215, "power_cost": 40.975169885253905, "noise_cost": 89.47495360794325, "n_waypoints_completed": 1, "tot_waypoints": 9}}
{"target": -3669.2825997888717, "params": {"k_pid_pos": [1.9780046939849854, 0.02418971061706543, 0.0], "k_pid_alt": [1.9372124671936035, 0.0, 1.0], "k_pid_att": [94.26205444335938, 9.999999747378752e-05, 1.0], "k_pid_yaw": [0.5, 1e-06, 0.1], "k_pid_hsp": [0.40769630670547485, 0.0, 0.9908254742622375], "k_pid_vsp": [10.849010467529297, 378.1300048828125, 395.4331359863281]}, "datetime": {"datetime": "2025-08-14 00:53:20", "elapsed": 54328.588940143585, "delta": 31.068817138671875}, "costs": {"total_cost": 3669.2825997888717, "time_cost": 150, "final_distance_cost": 692.7060564747239, "oscillation_cost": 659.0117869916476, "completition_cost": 1000.0, "overshoot_cost": 1104.0438213897048, "power_cost": 35.07342983398438, "noise_cost": 28.447505098811043, "n_waypoints_completed": 0, "tot_waypoints": 9}}
{"target": -2338.760184392776, "params": {"k_pid_pos": [2.0, 0.009761422872543335, 0.0], "k_pid_alt": [2.0, 0.0, 0.9186811447143555], "k_pid_att": [97.36238098144531, 0.5031977891921997, 0.9699752926826477], "k_pid_yaw": [0.5, 1e-06, 0.1], "k_pid_hsp": [0.12865014374256134, 0.0, 1.0], "k_pid_vsp": [0.0, 390.4598388671875, 400.0]}, "datetime": {"datetime": "2025-08-14 00:53:50", "elapsed": 54358.44000291824, "delta": 29.851062774658203}, "costs": {"total_cost": 2338.760184392776, "time_cost": 150, "final_distance_cost": 170.4146670714503, "oscillation_cost": 750.8862659861705, "completition_cost": 1000.0, "overshoot_cost": 204.19933522126544, "power_cost": 35.55054577636719, "noise_cost": 27.70937033752287, "n_waypoints_completed": 0, "tot_waypoints": 9}}
{"target": -1962.7353296787842, "params": {"k_pid_pos": [2.0, 0.01520383358001709, 0.07972609996795654], "k_pid_alt": [2.0, 0.0, 1.0], "k_pid_att": [100.0, 0.7492123246192932, 0.9641401171684265], "k_pid_yaw": [0.5, 1e-06, 0.1], "k_pid_hsp": [0.5180681347846985, 0.0, 1.0], "k_pid_vsp": [28.966140747070312, 400.0, 383.6856384277344]}, "datetime": {"datetime": "2025-08-14 00:54:20", "elapsed": 54388.09131550789, "delta": 29.651312589645386}, "costs": {"total_cost": 1962.7353296787842, "time_cost": 150, "final_distance_cost": 60.81355233647756, "oscillation_cost": 649.0661013776783, "completition_cost": 888.8888888888888, "overshoot_cost": 120.06325658995632, "power_cost": 44.239115270996095, "noise_cost": 49.664415214787155, "n_waypoints_completed": 1, "tot_waypoints": 9}}
{"target": -2238.094501194658, "params": {"k_pid_pos": [2.0, 0.00784158706665039, 0.04934021830558777], "k_pid_alt": [2.0, 0.0, 1.0], "k_pid_att": [100.0, 0.5712850093841553, 0.9970996379852295], "k_pid_yaw": [0.5, 1e-06, 0.1], "k_pid_hsp": [9.999999747378752e-05, 0.012312173843383789, 1.0], "k_pid_vsp": [7.6500773429870605, 400.0, 400.0]}, "datetime": {"datetime": "2025-08-14 00:54:49", "elapsed": 54417.806596279144, "delta": 29.715280771255493}, "costs": {"total_cost": 2238.094501194658, "time_cost": 150, "final_distance_cost": 1.2575218569486026, "oscillation_cost": 848.0894146691626, "completition_cost": 1000.0, "overshoot_cost": 118.42502777509786, "power_cost": 44.165088378906255, "noise_cost": 76.15744851454266, "n_waypoints_completed": 0, "tot_waypoints": 9}}
