{"target": -2333.2675945701903, "params": {"k_pid_pos": [2.0, 0.0, 0.0], "k_pid_alt": [2.0, 0.0, 0.9614652395248413], "k_pid_att": [100.0, 0.21661022305488586, 1.0], "k_pid_yaw": [0.5, 1e-06, 0.1], "k_pid_hsp": [9.999999747378752e-05, 0.0, 1.0], "k_pid_vsp": [0.0, 400.0, 400.0]}, "datetime": {"datetime": "2025-08-13 12:12:26", "elapsed": 8674.103017807007, "delta": 53.07543992996216}, "costs": {"total_cost": 2333.2675945701903, "time_cost": 150, "final_distance_cost": 163.4558823513336, "oscillation_cost": 737.5228527536451, "completition_cost": 1000.0, "overshoot_cost": 220.99717115690328, "power_cost": 33.63030853271484, "noise_cost": 27.661379775593492, "n_waypoints_completed": 0, "tot_waypoints": 9}}
{"target": -2650.2983418533404, "params": {"k_pid_pos": [1.9903103113174438, 0.0, 0.02845826745033264], "k_pid_alt": [2.0, 0.0, 0.962419867515564], "k_pid_att": [100.0, 9.999999747378752e-05, 1.0], "k_pid_yaw": [0.5, 1e-06, 0.1], "k_pid_hsp": [9.999999747378752e-05, 0.05620071291923523, 0.9905221462249756], "k_pid_vsp": [22.675395965576172, 379.91827392578125, 400.0]}, "datetime": {"datetime": "2025-08-13 12:13:18", "elapsed": 8726.410149097443, "delta": 52.30713129043579}, "costs": {"total_cost": 2650.2983418533404, "time_cost": 150, "final_distance_cost": 179.136675245444, "oscillation_cost": 818.2224167504983, "completition_cost": 1000.0, "overshoot_cost": 444.83029178002175, "power_cost": 31.469540661621096, "noise_cost": 26.639417415754796, "n_waypoints_completed": 0, "tot_waypoints": 9}}
{"target": -2462.435028321978, "params": {"k_pid_pos": [1.9939318895339966, 0.0598091185092926, 0.02273353934288025], "k_pid_alt": [1.888530969619751, 0.0, 1.0], "k_pid_att": [100.0, 9.999999747378752e-05, 0.9804291725158691], "k_pid_yaw": [0.5, 1e-06, 0.1], "k_pid_hsp": [9.999999747378752e-05, 0.0, 1.0], "k_pid_vsp": [0.0, 400.0, 377.8568420410156]}, "datetime": {"datetime": "2025-08-13 12:14:11", "elapsed": 8779.29408621788, "delta": 52.88393712043762}, "costs": {"total_cost": 2462.435028321978, "time_cost": 150, "final_distance_cost": 138.22744907963076, "oscillation_cost": 758.9249349538115, "completition_cost": 1000.0, "overshoot_cost": 352.6226535890785, "power_cost": 34.97496599121094, "noise_cost": 27.685024708246328, "n_waypoints_completed": 0, "tot_waypoints": 9}}
{"target": -2793.72991776929, "params": {"k_pid_pos": [2.0, 0.1550496220588684, 0.01326259970664978], "k_pid_alt": [1.8877084255218506, 0.043660521507263184, 0.9398768544197083], "k_pid_att": [100.0, 0.1888013482093811, 1.0], "k_pid_yaw": [0.5, 1e-06, 0.1], "k_pid_hsp": [9.999999747378752e-05, 0.028151392936706543, 0.9955304265022278], "k_pid_vsp": [0.0, 384.7281799316406, 400.0]}, "datetime": {"datetime": "2025-08-13 12:15:03", "elapsed": 8832.05356168747, "delta": 52.75947546958923}, "costs": {"total_cost": 2793.72991776929, "time_cost": 150, "final_distance_cost": 198.97253426820365, "oscillation_cost": 792.7491178944363, "completition_cost": 1000.0, "overshoot_cost": 590.0610756721178, "power_cost": 33.930551232910155, "noise_cost": 28.01663870162212, "n_waypoints_completed": 0, "tot_waypoints": 9}}
{"target": -5463.896426509897, "params": {"k_pid_pos": [2.0, 0.07184532284736633, 0.051371753215789795], "k_pid_alt": [2.0, 0.0, 0.9629386067390442], "k_pid_att": [100.0, 0.22945399582386017, 0.9593825340270996], "k_pid_yaw": [0.5, 1e-06, 0.1], "k_pid_hsp": [9.999999747378752e-05, 0.09524208307266235, 0.9842475056648254], "k_pid_vsp": [0.0, 391.424072265625, 400.0]}, "datetime": {"datetime": "2025-08-13 12:15:56", "elapsed": 8884.617758512497, "delta": 52.564196825027466}, "costs": {"total_cost": 5463.896426509897, "time_cost": 150, "final_distance_cost": 1223.6239391196766, "oscillation_cost": 815.6757820309933, "completition_cost": 888.8888888888888, "overshoot_cost": 2327.114876573685, "power_cost": 31.638066638183595, "noise_cost": 26.95487325846892, "n_waypoints_completed": 1, "tot_waypoints": 9}}
{"target": -2046.1442343086692, "params": {"k_pid_pos": [2.0, 0.0, 0.0], "k_pid_alt": [1.9928333759307861, 0.040283411741256714, 0.9720343351364136], "k_pid_att": [95.74107360839844, 9.999999747378752e-05, 0.9696334600448608], "k_pid_yaw": [0.5, 1e-06, 0.1], "k_pid_hsp": [0.12877799570560455, 0.03453493118286133, 1.0], "k_pid_vsp": [17.52088165283203, 382.34912109375, 400.0]}, "datetime": {"datetime": "2025-08-13 12:16:48", "elapsed": 8936.93834066391, "delta": 52.320582151412964}, "costs": {"total_cost": 2046.1442343086692, "time_cost": 150, "final_distance_cost": 38.79600675719024, "oscillation_cost": 735.4415150992946, "completition_cost": 888.8888888888888, "overshoot_cost": 152.98883182205367, "power_cost": 42.777226196289064, "noise_cost": 37.25176554495279, "n_waypoints_completed": 1, "tot_waypoints": 9}}
{"target": -4068.495077575285, "params": {"k_pid_pos": [1.8246269226074219, 0.0, 0.0], "k_pid_alt": [1.8992679119110107, 0.06860882043838501, 0.9808136224746704], "k_pid_att": [99.63895416259766, 0.3173288106918335, 1.0], "k_pid_yaw": [0.5, 1e-06, 0.1], "k_pid_hsp": [0.439326673746109, 0.0, 1.0], "k_pid_vsp": [29.138601303100586, 400.0, 400.0]}, "datetime": {"datetime": "2025-08-13 12:17:34", "elapsed": 8982.507456064224, "delta": 45.56911540031433}, "costs": {"total_cost": 4068.495077575285, "time_cost": 150, "final_distance_cost": 683.7084096537824, "oscillation_cost": 784.3989148232279, "completition_cost": 1000.0, "overshoot_cost": 1387.811154691917, "power_cost": 34.319007861328124, "noise_cost": 28.257590545029604, "n_waypoints_completed": 0, "tot_waypoints": 9}}
{"target": -2078.490167971012, "params": {"k_pid_pos": [1.8728269338607788, 0.0, 0.006809026002883911], "k_pid_alt": [2.0, 0.0, 1.0], "k_pid_att": [100.0, 9.999999747378752e-05, 1.0], "k_pid_yaw": [0.5, 1e-06, 0.1], "k_pid_hsp": [9.999999747378752e-05, 0.027670592069625854, 1.0], "k_pid_vsp": [20.553600311279297, 400.0, 400.0]}, "datetime": {"datetime": "2025-08-13 12:18:10", "elapsed": 9018.65931892395, "delta": 36.15186285972595}, "costs": {"total_cost": 2078.490167971012, "time_cost": 150, "final_distance_cost": 22.196163226902417, "oscillation_cost": 738.9619660156809, "completition_cost": 1000.0, "overshoot_cost": 88.15778160021203, "power_cost": 41.555499731445316, "noise_cost": 37.61875739677118, "n_waypoints_completed": 0, "tot_waypoints": 9}}
{"target": -3186.861845781065, "params": {"k_pid_pos": [2.0, 0.0, 0.007990062236785889], "k_pid_alt": [2.0, 0.00470346212387085, 1.0], "k_pid_att": [87.04237365722656, 9.999999747378752e-05, 0.9131503105163574], "k_pid_yaw": [0.5, 1e-06, 0.1], "k_pid_hsp": [9.999999747378752e-05, 0.0, 1.0], "k_pid_vsp": [37.53895568847656, 398.72247314453125, 371.8399658203125]}, "datetime": {"datetime": "2025-08-13 12:19:03", "elapsed": 9071.649378299713, "delta": 52.99005937576294}, "costs": {"total_cost": 3186.861845781065, "time_cost": 150, "final_distance_cost": 508.45295546277146, "oscillation_cost": 696.4493387461144, "completition_cost": 1000.0, "overshoot_cost": 770.8613194911795, "power_cost": 33.396141308593755, "noise_cost": 27.702090772406105, "n_waypoints_completed": 0, "tot_waypoints": 9}}
{"target": -2511.343026574415, "params": {"k_pid_pos": [2.0, 0.0, 0.038312315940856934], "k_pid_alt": [1.973797082901001, 0.014039427042007446, 0.9356604218482971], "k_pid_att": [100.0, 0.1743151843547821, 0.9822521209716797], "k_pid_yaw": [0.5, 1e-06, 0.1], "k_pid_hsp": [9.999999747378752e-05, 0.0, 1.0], "k_pid_vsp": [2.1846652030944824, 386.9394226074219, 387.1783142089844]}, "datetime": {"datetime": "2025-08-13 12:19:44", "elapsed": 9112.89469051361, "delta": 41.245312213897705}, "costs": {"total_cost": 2511.343026574415, "time_cost": 150, "final_distance_cost": 296.7554417023033, "oscillation_cost": 742.8727186779633, "completition_cost": 1000.0, "overshoot_cost": 259.0841620504632, "power_cost": 34.88422669677735, "noise_cost": 27.746477446908052, "n_waypoints_completed": 0, "tot_waypoints": 9}}
{"target": -2992.3870248310136, "params": {"k_pid_pos": [2.0, 0.05887696146965027, 0.005095303058624268], "k_pid_alt": [1.9439245462417603, 0.042567670345306396, 0.9627466201782227], "k_pid_att": [100.0, 0.18832869827747345, 0.9564604759216309], "k_pid_yaw": [0.5, 1e-06, 0.1], "k_pid_hsp": [0.3496151566505432, 0.0, 0.9604294300079346], "k_pid_vsp": [0.0, 388.4163513183594, 399.31829833984375]}, "datetime": {"datetime": "2025-08-13 12:20:15", "elapsed": 9143.234800577164, "delta": 30.340110063552856}, "costs": {"total_cost": 2992.3870248310136, "time_cost": 150, "final_distance_cost": 413.66625521231356, "oscillation_cost": 572.8187980560634, "completition_cost": 1000.0, "overshoot_cost": 789.9331013530891, "power_cost": 36.98951939697266, "noise_cost": 28.979350812574825, "n_waypoints_completed": 0, "tot_waypoints": 9}}
{"target": -1740.6253408283897, "params": {"k_pid_pos": [1.908839225769043, 0.0, 0.07541441917419434], "k_pid_alt": [2.0, 0.008210331201553345, 1.0], "k_pid_att": [95.24130249023438, 0.5382319092750549, 0.9847171306610107], "k_pid_yaw": [0.5, 1e-06, 0.1], "k_pid_hsp": [0.5227929353713989, 0.08477294445037842, 1.0], "k_pid_vsp": [21.088171005249023, 386.8603820800781, 375.7591247558594]}, "datetime": {"datetime": "2025-08-13 12:20:45", "elapsed": 9173.391461849213, "delta": 30.15666127204895}, "costs": {"total_cost": 1740.6253408283897, "time_cost": 150, "final_distance_cost": 67.64510863565899, "oscillation_cost": 502.67323638996976, "completition_cost": 777.7777777777778, "overshoot_cost": 137.31041883772122, "power_cost": 40.99460056152344, "noise_cost": 64.2241986257385, "n_waypoints_completed": 2, "tot_waypoints": 9}}
{"target": -2823.548370393374, "params": {"k_pid_pos": [2.0, 0.0, 0.0], "k_pid_alt": [2.0, 0.0, 1.0], "k_pid_att": [100.0, 0.6433352828025818, 1.0], "k_pid_yaw": [0.5, 1e-06, 0.1], "k_pid_hsp": [9.999999747378752e-05, 0.0757983922958374, 0.9156403541564941], "k_pid_vsp": [4.66686487197876, 400.0, 400.0]}, "datetime": {"datetime": "2025-08-13 12:21:15", "elapsed": 9204.013199329376, "delta": 30.621737480163574}, "costs": {"total_cost": 2823.548370393374, "time_cost": 150, "final_distance_cost": 426.1764338233799, "oscillation_cost": 793.8458999196728, "completition_cost": 1000.0, "overshoot_cost": 382.7746493666727, "power_cost": 38.05409489746094, "noise_cost": 32.69729238618809, "n_waypoints_completed": 0, "tot_waypoints": 9}}
{"target": -2299.281756141408, "params": {"k_pid_pos": [1.9258307218551636, 0.10621675848960876, 0.0], "k_pid_alt": [2.0, 0.0, 1.0], "k_pid_att": [95.05137634277344, 1.4975897073745728, 0.9526653289794922], "k_pid_yaw": [0.5, 1e-06, 0.1], "k_pid_hsp": [9.999999747378752e-05, 0.028173774480819702, 1.0], "k_pid_vsp": [0.0, 400.0, 384.1049499511719]}, "datetime": {"datetime": "2025-08-13 12:21:45", "elapsed": 9233.160340547562, "delta": 29.147141218185425}, "costs": {"total_cost": 2299.281756141408, "time_cost": 150, "final_distance_cost": 183.99208750891614, "oscillation_cost": 802.1927771944946, "completition_cost": 1000.0, "overshoot_cost": 97.36859898847729, "power_cost": 37.321464465332035, "noise_cost": 28.40682798418762, "n_waypoints_completed": 0, "tot_waypoints": 9}}
{"target": -2544.7053004922946, "params": {"k_pid_pos": [2.0, 0.0, 0.0022472143173217773], "k_pid_alt": [2.0, 0.056739211082458496, 1.0], "k_pid_att": [98.8788070678711, 9.999999747378752e-05, 0.9462721943855286], "k_pid_yaw": [0.5, 1e-06, 0.1], "k_pid_hsp": [0.5632226467132568, 0.06314760446548462, 1.0], "k_pid_vsp": [0.0, 400.0, 400.0]}, "datetime": {"datetime": "2025-08-13 12:22:14", "elapsed": 9262.371628046036, "delta": 29.21128749847412}, "costs": {"total_cost": 2544.7053004922946, "time_cost": 150, "final_distance_cost": 295.44139200153177, "oscillation_cost": 463.68044606873553, "completition_cost": 888.8888888888888, "overshoot_cost": 680.6235356162413, "power_cost": 36.64676870117188, "noise_cost": 29.424269215725, "n_waypoints_completed": 1, "tot_waypoints": 9}}
{"target": -1960.717941355921, "params": {"k_pid_pos": [1.8627972602844238, 0.0, 0.0], "k_pid_alt": [2.0, 0.0, 0.971649169921875], "k_pid_att": [93.88782501220703, 0.6867395639419556, 0.9832714796066284], "k_pid_yaw": [0.5, 1e-06, 0.1], "k_pid_hsp": [9.999999747378752e-05, 0.036849766969680786, 0.9901217222213745], "k_pid_vsp": [16.364181518554688, 391.020263671875, 390.0091247558594]}, "datetime": {"datetime": "2025-08-13 12:22:43", "elapsed": 9291.245384693146, "delta": 28.873756647109985}, "costs": {"total_cost": 1960.717941355921, "time_cost": 150, "final_distance_cost": 58.89573915032427, "oscillation_cost": 729.272544502885, "completition_cost": 888.8888888888888, "overshoot_cost": 62.38497767599716, "power_cost": 41.708730932617186, "noise_cost": 29.567060205208737, "n_waypoints_completed": 1, "tot_waypoints": 9}}
{"target": -2061.818487347627, "params": {"k_pid_pos": [2.0, 0.0, 0.049810051918029785], "k_pid_alt": [2.0, 0.0, 1.0], "k_pid_att": [90.13619232177734, 9.999999747378752e-05, 0.924587607383728], "k_pid_yaw": [0.5, 1e-06, 0.1], "k_pid_hsp": [9.999999747378752e-05, 0.0, 1.0], "k_pid_vsp": [14.762056350708008, 382.0592956542969, 367.08935546875]}, "datetime": {"datetime": "2025-08-13 12:23:12", "elapsed": 9320.590198993683, "delta": 29.34481430053711}, "costs": {"total_cost": 2061.818487347627, "time_cost": 150, "final_distance_cost": 57.44306789522302, "oscillation_cost": 673.4818772584432, "completition_cost": 1000.0, "overshoot_cost": 114.66635798629835, "power_cost": 37.69521463623047, "noise_cost": 28.531969571431855, "n_waypoints_completed": 0, "tot_waypoints": 9}}
{"target": -2065.827322910677, "params": {"k_pid_pos": [1.9733048677444458, 0.0, 0.0], "k_pid_alt": [1.8284378051757812, 0.0, 1.0], "k_pid_att": [98.3067398071289, 0.24629423022270203, 1.0], "k_pid_yaw": [0.5, 1e-06, 0.1], "k_pid_hsp": [0.30846360325813293, 0.008432567119598389, 1.0], "k_pid_vsp": [0.0, 363.0772705078125, 366.2196044921875]}, "datetime": {"datetime": "2025-08-13 12:23:41", "elapsed": 9349.747207403183, "delta": 29.157008409500122}, "costs": {"total_cost": 2065.827322910677, "time_cost": 150, "final_distance_cost": 168.15400432303383, "oscillation_cost": 652.4549180239619, "completition_cost": 888.8888888888888, "overshoot_cost": 131.2341384527453, "power_cost": 36.920332421875, "noise_cost": 38.175040800172155, "n_waypoints_completed": 1, "tot_waypoints": 9}}
{"target": -1985.8974686381152, "params": {"k_pid_pos": [2.0, 0.0, 0.12568897008895874], "k_pid_alt": [2.0, 0.04541394114494324, 1.0], "k_pid_att": [100.0, 9.999999747378752e-05, 1.0], "k_pid_yaw": [0.5, 1e-06, 0.1], "k_pid_hsp": [0.0770220085978508, 0.0, 0.9752829074859619], "k_pid_vsp": [0.0, 400.0, 359.2296142578125]}, "datetime": {"datetime": "2025-08-13 12:24:11", "elapsed": 9379.238648891449, "delta": 29.49144148826599}, "costs": {"total_cost": 1985.8974686381152, "time_cost": 150, "final_distance_cost": 41.024275158815676, "oscillation_cost": 738.384409287544, "completition_cost": 888.8888888888888, "overshoot_cost": 99.66249746571312, "power_cost": 39.14866726074219, "noise_cost": 28.788730576411186, "n_waypoints_completed": 1, "tot_waypoints": 9}}
{"target": -3249.1140684383463, "params": {"k_pid_pos": [1.9764714241027832, 0.13777992129325867, 0.0], "k_pid_alt": [1.8945156335830688, 0.042726218700408936, 1.0], "k_pid_att": [97.38265991210938, 9.999999747378752e-05, 0.9841287732124329], "k_pid_yaw": [0.5, 1e-06, 0.1], "k_pid_hsp": [9.999999747378752e-05, 0.049603044986724854, 0.9611855149269104], "k_pid_vsp": [0.0, 400.0, 400.0]}, "datetime": {"datetime": "2025-08-13 12:24:40", "elapsed": 9408.707290649414, "delta": 29.468641757965088}, "costs": {"total_cost": 3249.1140684383463, "time_cost": 150, "final_distance_cost": 675.9667616368463, "oscillation_cost": 774.6425409530577, "completition_cost": 1000.0, "overshoot_cost": 586.0578721928132, "power_cost": 34.99473862304688, "noise_cost": 27.452155032582343, "n_waypoints_completed": 0, "tot_waypoints": 9}}
{"target": -2089.3565243015832, "params": {"k_pid_pos": [2.0, 0.0, 0.0], "k_pid_alt": [2.0, 0.0, 1.0], "k_pid_att": [93.23696899414062, 0.3847198486328125, 0.999326229095459], "k_pid_yaw": [0.5, 1e-06, 0.1], "k_pid_hsp": [0.06483595818281174, 0.07292845845222473, 0.9843717813491821], "k_pid_vsp": [11.961782455444336, 400.0, 395.9922790527344]}, "datetime": {"datetime": "2025-08-13 12:25:09", "elapsed": 9437.860938310623, "delta": 29.153647661209106}, "costs": {"total_cost": 2089.3565243015832, "time_cost": 150, "final_distance_cost": 9.600038076897626, "oscillation_cost": 709.8168991774041, "completition_cost": 1000.0, "overshoot_cost": 144.5906773288628, "power_cost": 39.633362805175786, "noise_cost": 35.715546913242925, "n_waypoints_completed": 0, "tot_waypoints": 9}}
{"target": -3053.1695604303877, "params": {"k_pid_pos": [1.9695580005645752, 0.0, 0.0], "k_pid_alt": [1.8330838680267334, 0.0, 1.0], "k_pid_att": [100.0, 9.999999747378752e-05, 1.0], "k_pid_yaw": [0.5, 1e-06, 0.1], "k_pid_hsp": [0.020753100514411926, 0.00979587435722351, 0.9970912933349609], "k_pid_vsp": [0.0, 400.0, 389.6112365722656]}, "datetime": {"datetime": "2025-08-13 12:25:40", "elapsed": 9468.10524225235, "delta": 30.244303941726685}, "costs": {"total_cost": 3053.1695604303877, "time_cost": 150, "final_distance_cost": 633.5012185506488, "oscillation_cost": 603.9074255432902, "completition_cost": 1000.0, "overshoot_cost": 604.3144921847704, "power_cost": 33.83158397216797, "noise_cost": 27.61484017950996, "n_waypoints_completed": 0, "tot_waypoints": 9}}
{"target": -2155.104638079742, "params": {"k_pid_pos": [2.0, 0.0727672278881073, 0.0037277042865753174], "k_pid_alt": [2.0, 0.059371769428253174, 0.9477278590202332], "k_pid_att": [91.86259460449219, 0.02983824722468853, 0.9456954002380371], "k_pid_yaw": [0.5, 1e-06, 0.1], "k_pid_hsp": [9.999999747378752e-05, 0.0, 1.0], "k_pid_vsp": [0.0, 400.0, 400.0]}, "datetime": {"datetime": "2025-08-13 12:26:09", "elapsed": 9497.792744874954, "delta": 29.68750262260437}, "costs": {"total_cost": 2155.104638079742, "time_cost": 150, "final_distance_cost": 51.35278655898482, "oscillation_cost": 770.4045611667572, "completition_cost": 1000.0, "overshoot_cost": 118.09062985257896, "power_cost": 36.96250311279297, "noise_cost": 28.294157388628445, "n_waypoints_completed": 0, "tot_waypoints": 9}}
{"target": -2114.412808486861, "params": {"k_pid_pos": [2.0, 0.03858181834220886, 0.0893658995628357], "k_pid_alt": [2.0, 0.042043596506118774, 1.0], "k_pid_att": [98.69584655761719, 0.329375684261322, 1.0], "k_pid_yaw": [0.5, 1e-06, 0.1], "k_pid_hsp": [9.999999747378752e-05, 0.014764100313186646, 0.929895281791687], "k_pid_vsp": [4.645335674285889, 400.0, 365.3489990234375]}, "datetime": {"datetime": "2025-08-13 12:26:40", "elapsed": 9528.310751199722, "delta": 30.518006324768066}, "costs": {"total_cost": 2114.412808486861, "time_cost": 150, "final_distance_cost": 5.875401882650805, "oscillation_cost": 728.7046569782092, "completition_cost": 1000.0, "overshoot_cost": 118.29756536904966, "power_cost": 45.18052706298828, "noise_cost": 66.35465719396313, "n_waypoints_completed": 0, "tot_waypoints": 9}}
{"target": -2208.25636886424, "params": {"k_pid_pos": [2.0, 0.0, 0.0], "k_pid_alt": [2.0, 0.0, 0.9476614594459534], "k_pid_att": [97.37368774414062, 9.999999747378752e-05, 0.9890531301498413], "k_pid_yaw": [0.5, 1e-06, 0.1], "k_pid_hsp": [9.999999747378752e-05, 0.059947580099105835, 0.9946753978729248], "k_pid_vsp": [0.0, 393.03472900390625, 400.0]}, "datetime": {"datetime": "2025-08-13 12:27:09", "elapsed": 9557.906264781952, "delta": 29.595513582229614}, "costs": {"total_cost": 2208.25636886424, "time_cost": 150, "final_distance_cost": 63.92090832317256, "oscillation_cost": 763.7550843009736, "completition_cost": 1000.0, "overshoot_cost": 166.6105800087273, "power_cost": 35.83558825683594, "noise_cost": 28.134207974530504, "n_waypoints_completed": 0, "tot_waypoints": 9}}
{"target": -5145.346920190912, "params": {"k_pid_pos": [2.0, 0.06931149959564209, 0.0], "k_pid_alt": [1.908332109451294, 0.0, 1.0], "k_pid_att": [100.0, 9.999999747378752e-05, 1.0], "k_pid_yaw": [0.5, 1e-06, 0.1], "k_pid_hsp": [9.999999747378752e-05, 0.07256245613098145, 1.0], "k_pid_vsp": [0.0, 376.70550537109375, 400.0]}, "datetime": {"datetime": "2025-08-13 12:27:39", "elapsed": 9587.727751493454, "delta": 29.821486711502075}, "costs": {"total_cost": 5145.346920190912, "time_cost": 150, "final_distance_cost": 1094.4254635652308, "oscillation_cost": 761.8913727438973, "completition_cost": 1000.0, "overshoot_cost": 2077.8146725195857, "power_cost": 33.83752139892578, "noise_cost": 27.37788996327293, "n_waypoints_completed": 0, "tot_waypoints": 9}}
{"target": -2035.9921941691161, "params": {"k_pid_pos": [2.0, 0.0, 0.02240365743637085], "k_pid_alt": [1.9714350700378418, 0.0549980103969574, 1.0], "k_pid_att": [100.0, 0.024485506117343903, 0.9680983424186707], "k_pid_yaw": [0.5, 1e-06, 0.1], "k_pid_hsp": [0.1379358470439911, 0.0, 1.0], "k_pid_vsp": [5.410218238830566, 387.5950927734375, 377.9773254394531]}, "datetime": {"datetime": "2025-08-13 12:28:12", "elapsed": 9620.320046901703, "delta": 32.5922954082489}, "costs": {"total_cost": 2035.9921941691161, "time_cost": 150, "final_distance_cost": 37.783052430573825, "oscillation_cost": 733.1120426517239, "completition_cost": 888.8888888888888, "overshoot_cost": 148.4527233548449, "power_cost": 41.6626130859375, "noise_cost": 36.09287375714731, "n_waypoints_completed": 1, "tot_waypoints": 9}}
