{"target": -5265.3960736087865, "params": {"k_pid_pos": [1.9002892971038818, 0.0, 0.0], "k_pid_alt": [1.973508596420288, 0.0, 0.9626500606536865], "k_pid_att": [100.0, 0.9345308542251587, 1.0], "k_pid_yaw": [0.5, 1e-06, 0.1], "k_pid_hsp": [9.999999747378752e-05, 0.003481060266494751, 0.9581317901611328], "k_pid_vsp": [37.773109436035156, 400.0, 400.0]}, "datetime": {"datetime": "2025-08-14 02:17:06", "elapsed": 59354.42874312401, "delta": 29.982171535491943}, "costs": {"total_cost": 5265.3960736087865, "time_cost": 150, "final_distance_cost": 945.7479258850982, "oscillation_cost": 908.3885790837277, "completition_cost": 1000.0, "overshoot_cost": 2207.2620344195066, "power_cost": 29.004775610351565, "noise_cost": 24.992758610103138, "n_waypoints_completed": 0, "tot_waypoints": 9}}
{"target": -6978.100086527221, "params": {"k_pid_pos": [1.8618429899215698, 0.005380958318710327, 0.03417158126831055], "k_pid_alt": [1.841205358505249, 0.0, 1.0], "k_pid_att": [95.54595947265625, 9.999999747378752e-05, 0.9522500038146973], "k_pid_yaw": [0.5, 1e-06, 0.1], "k_pid_hsp": [0.4373272657394409, 0.0, 1.0], "k_pid_vsp": [0.0, 393.10601806640625, 395.4388122558594]}, "datetime": {"datetime": "2025-08-14 02:17:36", "elapsed": 59384.303997039795, "delta": 29.875253915786743}, "costs": {"total_cost": 6978.100086527221, "time_cost": 150, "final_distance_cost": 1913.178498771438, "oscillation_cost": 727.6375935677962, "completition_cost": 1000.0, "overshoot_cost": 3124.713520255992, "power_cost": 34.47752670898438, "noise_cost": 28.09294722300965, "n_waypoints_completed": 0, "tot_waypoints": 9}}
{"target": -2163.125366346072, "params": {"k_pid_pos": [1.9030699729919434, 0.004402488470077515, 0.0], "k_pid_alt": [1.977302074432373, 0.0, 1.0], "k_pid_att": [96.59274291992188, 0.37688755989074707, 1.0], "k_pid_yaw": [0.5, 1e-06, 0.1], "k_pid_hsp": [9.999999747378752e-05, 0.053000807762145996, 1.0], "k_pid_vsp": [0.0, 377.6457824707031, 400.0]}, "datetime": {"datetime": "2025-08-14 02:18:05", "elapsed": 59413.348066568375, "delta": 29.044069528579712}, "costs": {"total_cost": 2163.125366346072, "time_cost": 150, "final_distance_cost": 2.504418276678288, "oscillation_cost": 794.4460434109902, "completition_cost": 1000.0, "overshoot_cost": 113.12049969912198, "power_cost": 42.32953685302735, "noise_cost": 60.72486810625444, "n_waypoints_completed": 0, "tot_waypoints": 9}}
{"target": -2530.4713595340495, "params": {"k_pid_pos": [2.0, 0.01585659384727478, 0.07707417011260986], "k_pid_alt": [1.8554209470748901, 0.10230880975723267, 0.9898198843002319], "k_pid_att": [96.05589294433594, 0.16764667630195618, 0.9595945477485657], "k_pid_yaw": [0.5, 1e-06, 0.1], "k_pid_hsp": [9.999999747378752e-05, 0.0, 1.0], "k_pid_vsp": [6.391787528991699, 376.1783752441406, 393.2491455078125]}, "datetime": {"datetime": "2025-08-14 02:18:38", "elapsed": 59446.254482507706, "delta": 32.906415939331055}, "costs": {"total_cost": 2530.4713595340495, "time_cost": 150, "final_distance_cost": 359.19061082866796, "oscillation_cost": 706.2005168500665, "completition_cost": 1000.0, "overshoot_cost": 239.32331300177918, "power_cost": 39.145360070800784, "noise_cost": 36.61155878273471, "n_waypoints_completed": 0, "tot_waypoints": 9}}
{"target": -3174.4722030316966, "params": {"k_pid_pos": [2.0, 0.0, 0.0], "k_pid_alt": [2.0, 0.014357000589370728, 0.9931782484054565], "k_pid_att": [98.93446350097656, 0.2723119854927063, 1.0], "k_pid_yaw": [0.5, 1e-06, 0.1], "k_pid_hsp": [0.20482201874256134, 0.0, 0.9807115793228149], "k_pid_vsp": [0.0, 400.0, 400.0]}, "datetime": {"datetime": "2025-08-14 02:19:07", "elapsed": 59475.1431221962, "delta": 28.88863968849182}, "costs": {"total_cost": 3174.4722030316966, "time_cost": 150, "final_distance_cost": 343.5236647467122, "oscillation_cost": 614.6156603614922, "completition_cost": 1000.0, "overshoot_cost": 1001.40422998372, "power_cost": 36.15106336669922, "noise_cost": 28.77758457307271, "n_waypoints_completed": 0, "tot_waypoints": 9}}
{"target": -2092.908630375803, "params": {"k_pid_pos": [1.9700227975845337, 0.08314889669418335, 0.0], "k_pid_alt": [1.9068129062652588, 0.08048665523529053, 0.9249750971794128], "k_pid_att": [100.0, 0.09459119290113449, 0.9644343852996826], "k_pid_yaw": [0.5, 1e-06, 0.1], "k_pid_hsp": [0.23904547095298767, 0.11553502082824707, 1.0], "k_pid_vsp": [15.373849868774414, 385.33587646484375, 400.0]}, "datetime": {"datetime": "2025-08-14 02:19:35", "elapsed": 59503.412969112396, "delta": 28.26984691619873}, "costs": {"total_cost": 2092.908630375803, "time_cost": 150, "final_distance_cost": 8.63417699404579, "oscillation_cost": 695.7015018965026, "completition_cost": 1000.0, "overshoot_cost": 122.08013684126412, "power_cost": 40.64322712402344, "noise_cost": 75.84958751996689, "n_waypoints_completed": 0, "tot_waypoints": 9}}
{"target": -3185.3135368079984, "params": {"k_pid_pos": [1.9795197248458862, 0.03762155771255493, 0.0], "k_pid_alt": [1.9182775020599365, 0.022955507040023804, 0.9927077293395996], "k_pid_att": [92.47529602050781, 9.999999747378752e-05, 0.9878270626068115], "k_pid_yaw": [0.5, 1e-06, 0.1], "k_pid_hsp": [9.999999747378752e-05, 0.0536121129989624, 1.0], "k_pid_vsp": [20.88730239868164, 380.4906921386719, 375.08941650390625]}, "datetime": {"datetime": "2025-08-14 02:20:04", "elapsed": 59532.768631219864, "delta": 29.35566210746765}, "costs": {"total_cost": 3185.3135368079984, "time_cost": 150, "final_distance_cost": 643.8502503518789, "oscillation_cost": 769.9802433410218, "completition_cost": 888.8888888888888, "overshoot_cost": 672.4301558817009, "power_cost": 32.97779013671875, "noise_cost": 27.186208207789274, "n_waypoints_completed": 1, "tot_waypoints": 9}}
{"target": -2097.3097033468557, "params": {"k_pid_pos": [2.0, 0.0, 0.0], "k_pid_alt": [2.0, 0.07268297672271729, 0.9861572980880737], "k_pid_att": [99.38034057617188, 0.857888400554657, 0.9577221274375916], "k_pid_yaw": [0.5, 1e-06, 0.1], "k_pid_hsp": [9.999999747378752e-05, 0.0, 1.0], "k_pid_vsp": [0.0, 400.0, 400.0]}, "datetime": {"datetime": "2025-08-14 02:20:34", "elapsed": 59562.33694553375, "delta": 29.56831431388855}, "costs": {"total_cost": 2097.3097033468557, "time_cost": 150, "final_distance_cost": 79.51876906174633, "oscillation_cost": 728.6744694690345, "completition_cost": 1000.0, "overshoot_cost": 71.09460721888156, "power_cost": 39.49524309082032, "noise_cost": 28.526614506373047, "n_waypoints_completed": 0, "tot_waypoints": 9}}
{"target": -6584.628108675665, "params": {"k_pid_pos": [1.9930583238601685, 0.012940376996994019, 0.07183226943016052], "k_pid_alt": [1.9396159648895264, 0.0, 1.0], "k_pid_att": [99.16195678710938, 9.999999747378752e-05, 1.0], "k_pid_yaw": [0.5, 1e-06, 0.1], "k_pid_hsp": [9.999999747378752e-05, 0.0, 1.0], "k_pid_vsp": [8.631145477294922, 383.28289794921875, 390.91644287109375]}, "datetime": {"datetime": "2025-08-14 02:21:03", "elapsed": 59591.69535756111, "delta": 29.35841202735901}, "costs": {"total_cost": 6584.628108675665, "time_cost": 150, "final_distance_cost": 1701.1006007209658, "oscillation_cost": 754.4726452886772, "completition_cost": 1000.0, "overshoot_cost": 2917.3757736938664, "power_cost": 33.87769577636719, "noise_cost": 27.801393195788886, "n_waypoints_completed": 0, "tot_waypoints": 9}}
{"target": -1670.1674521720406, "params": {"k_pid_pos": [1.7783517837524414, 0.0, 0.0], "k_pid_alt": [1.9399969577789307, 0.0, 0.9684661626815796], "k_pid_att": [96.46372985839844, 0.6564276218414307, 0.9069541692733765], "k_pid_yaw": [0.5, 1e-06, 0.1], "k_pid_hsp": [0.9420368075370789, 0.04978939890861511, 0.9886119365692139], "k_pid_vsp": [0.0, 400.0, 384.0173034667969]}, "datetime": {"datetime": "2025-08-14 02:21:31", "elapsed": 59619.78513288498, "delta": 28.089775323867798}, "costs": {"total_cost": 1670.1674521720406, "time_cost": 150, "final_distance_cost": 72.57026847300857, "oscillation_cost": 478.7338642709661, "completition_cost": 777.7777777777778, "overshoot_cost": 112.3053828895061, "power_cost": 38.18536596679688, "noise_cost": 40.594792793985434, "n_waypoints_completed": 2, "tot_waypoints": 9}}
{"target": -5205.567377998647, "params": {"k_pid_pos": [1.9635461568832397, 0.04104137420654297, 0.010475069284439087], "k_pid_alt": [2.0, 0.027512788772583008, 0.9864524006843567], "k_pid_att": [100.0, 0.9807773232460022, 0.910163164138794], "k_pid_yaw": [0.5, 1e-06, 0.1], "k_pid_hsp": [9.999999747378752e-05, 0.01815497875213623, 1.0], "k_pid_vsp": [0.0, 400.0, 400.0]}, "datetime": {"datetime": "2025-08-14 02:22:01", "elapsed": 59649.88062977791, "delta": 30.095496892929077}, "costs": {"total_cost": 5205.567377998647, "time_cost": 150, "final_distance_cost": 1381.8980613107694, "oscillation_cost": 747.9261770895894, "completition_cost": 1000.0, "overshoot_cost": 1864.4955700683822, "power_cost": 33.65296651611328, "noise_cost": 27.594603013793062, "n_waypoints_completed": 0, "tot_waypoints": 9}}
{"target": -3632.7120420501237, "params": {"k_pid_pos": [2.0, 0.0, 0.0], "k_pid_alt": [2.0, 0.03563174605369568, 1.0], "k_pid_att": [99.91737365722656, 9.999999747378752e-05, 0.9917325973510742], "k_pid_yaw": [0.5, 1e-06, 0.1], "k_pid_hsp": [9.999999747378752e-05, 0.0, 1.0], "k_pid_vsp": [0.0, 381.65106201171875, 400.0]}, "datetime": {"datetime": "2025-08-14 02:22:30", "elapsed": 59678.613525390625, "delta": 28.732895612716675}, "costs": {"total_cost": 3632.7120420501237, "time_cost": 150, "final_distance_cost": 215.0468865752297, "oscillation_cost": 715.1526233209838, "completition_cost": 1000.0, "overshoot_cost": 1486.545718108052, "power_cost": 37.445673071289065, "noise_cost": 28.521140974569416, "n_waypoints_completed": 0, "tot_waypoints": 9}}
{"target": -2438.428367963167, "params": {"k_pid_pos": [1.9956398010253906, 0.019749313592910767, 0.0], "k_pid_alt": [2.0, 0.0, 0.9451849460601807], "k_pid_att": [97.0072250366211, 9.999999747378752e-05, 0.9993412494659424], "k_pid_yaw": [0.5, 1e-06, 0.1], "k_pid_hsp": [9.999999747378752e-05, 0.02548670768737793, 1.0], "k_pid_vsp": [0.0, 400.0, 400.0]}, "datetime": {"datetime": "2025-08-14 02:22:58", "elapsed": 59707.01361823082, "delta": 28.400092840194702}, "costs": {"total_cost": 2438.428367963167, "time_cost": 150, "final_distance_cost": 64.09764205147764, "oscillation_cost": 711.926987714925, "completition_cost": 888.8888888888888, "overshoot_cost": 557.8617096151396, "power_cost": 36.377163085937504, "noise_cost": 29.27597660679875, "n_waypoints_completed": 1, "tot_waypoints": 9}}
{"target": -2759.943725177476, "params": {"k_pid_pos": [1.91558837890625, 0.0, 0.004100322723388672], "k_pid_alt": [2.0, 0.004283726215362549, 1.0], "k_pid_att": [97.7375717163086, 9.999999747378752e-05, 0.9363390207290649], "k_pid_yaw": [0.5, 1e-06, 0.1], "k_pid_hsp": [0.18101169168949127, 0.08498585224151611, 1.0], "k_pid_vsp": [28.174114227294922, 380.84173583984375, 384.0205078125]}, "datetime": {"datetime": "2025-08-14 02:23:26", "elapsed": 59734.5632083416, "delta": 27.54959011077881}, "costs": {"total_cost": 2759.943725177476, "time_cost": 150, "final_distance_cost": 404.77832927004266, "oscillation_cost": 804.0478065843681, "completition_cost": 888.8888888888888, "overshoot_cost": 450.64452031540407, "power_cost": 33.803496374511724, "noise_cost": 27.780683744260646, "n_waypoints_completed": 1, "tot_waypoints": 9}}
{"target": -2418.510768102509, "params": {"k_pid_pos": [1.9641963243484497, 0.0, 0.06536728143692017], "k_pid_alt": [2.0, 0.0, 0.9406598806381226], "k_pid_att": [100.0, 9.999999747378752e-05, 0.9659236669540405], "k_pid_yaw": [0.5, 1e-06, 0.1], "k_pid_hsp": [0.212319016456604, 0.0, 1.0], "k_pid_vsp": [0.0, 400.0, 400.0]}, "datetime": {"datetime": "2025-08-14 02:23:55", "elapsed": 59764.007653951645, "delta": 29.444445610046387}, "costs": {"total_cost": 2418.510768102509, "time_cost": 150, "final_distance_cost": 188.437530637835, "oscillation_cost": 729.6357483898394, "completition_cost": 1000.0, "overshoot_cost": 286.94595792694537, "power_cost": 35.576929211425785, "noise_cost": 27.91460193646289, "n_waypoints_completed": 0, "tot_waypoints": 9}}
{"target": -2183.4983855539267, "params": {"k_pid_pos": [2.0, 0.05296394228935242, 0.056039661169052124], "k_pid_alt": [1.9449462890625, 0.0, 1.0], "k_pid_att": [92.20672607421875, 9.999999747378752e-05, 0.973304033279419], "k_pid_yaw": [0.5, 1e-06, 0.1], "k_pid_hsp": [9.999999747378752e-05, 0.0, 0.9523165225982666], "k_pid_vsp": [0.0, 400.0, 392.052978515625]}, "datetime": {"datetime": "2025-08-14 02:24:25", "elapsed": 59793.608087062836, "delta": 29.600433111190796}, "costs": {"total_cost": 2183.4983855539267, "time_cost": 150, "final_distance_cost": 241.93588943981482, "oscillation_cost": 727.9913026364343, "completition_cost": 888.8888888888888, "overshoot_cost": 111.04378890484425, "power_cost": 35.757807690429686, "noise_cost": 27.88070799351518, "n_waypoints_completed": 1, "tot_waypoints": 9}}
{"target": -2157.821332849177, "params": {"k_pid_pos": [2.0, 0.0, 0.0], "k_pid_alt": [2.0, 0.0, 0.9819797277450562], "k_pid_att": [100.0, 0.24572262167930603, 0.9621525406837463], "k_pid_yaw": [0.5, 1e-06, 0.1], "k_pid_hsp": [9.999999747378752e-05, 0.09551480412483215, 0.99408358335495], "k_pid_vsp": [9.787714004516602, 382.8017272949219, 389.6121826171875]}, "datetime": {"datetime": "2025-08-14 02:24:55", "elapsed": 59823.83336496353, "delta": 30.2252779006958}, "costs": {"total_cost": 2157.821332849177, "time_cost": 150, "final_distance_cost": 7.95457430252356, "oscillation_cost": 748.8807980284869, "completition_cost": 1000.0, "overshoot_cost": 119.86679127881203, "power_cost": 44.073838867187504, "noise_cost": 87.04533037216714, "n_waypoints_completed": 0, "tot_waypoints": 9}}
{"target": -4002.932251325804, "params": {"k_pid_pos": [2.0, 0.0362185537815094, 0.029379546642303467], "k_pid_alt": [1.9292209148406982, 0.06495699286460876, 1.0], "k_pid_att": [97.4134292602539, 0.6062085032463074, 1.0], "k_pid_yaw": [0.5, 1e-06, 0.1], "k_pid_hsp": [9.999999747378752e-05, 0.016704052686691284, 1.0], "k_pid_vsp": [24.08851432800293, 400.0, 400.0]}, "datetime": {"datetime": "2025-08-14 02:25:23", "elapsed": 59851.711826086044, "delta": 27.878461122512817}, "costs": {"total_cost": 4002.932251325804, "time_cost": 150, "final_distance_cost": 996.0743988804604, "oscillation_cost": 637.4434853448005, "completition_cost": 1000.0, "overshoot_cost": 1159.9791914735358, "power_cost": 32.29444921875, "noise_cost": 27.14072640825743, "n_waypoints_completed": 0, "tot_waypoints": 9}}
{"target": -4541.03946224764, "params": {"k_pid_pos": [1.9706623554229736, 0.043099820613861084, 0.0], "k_pid_alt": [1.9936943054199219, 0.0, 1.0], "k_pid_att": [98.64506530761719, 9.999999747378752e-05, 0.9510563611984253], "k_pid_yaw": [0.5, 1e-06, 0.1], "k_pid_hsp": [9.999999747378752e-05, 0.0, 1.0], "k_pid_vsp": [0.0, 377.8164978027344, 378.14617919921875]}, "datetime": {"datetime": "2025-08-14 02:25:53", "elapsed": 59881.902987241745, "delta": 30.191161155700684}, "costs": {"total_cost": 4541.03946224764, "time_cost": 150, "final_distance_cost": 1139.913130549773, "oscillation_cost": 767.3955600889092, "completition_cost": 1000.0, "overshoot_cost": 1420.9774005039608, "power_cost": 34.734438964843754, "noise_cost": 28.018932140153087, "n_waypoints_completed": 0, "tot_waypoints": 9}}
{"target": -2301.76976131303, "params": {"k_pid_pos": [2.0, 0.03152593970298767, 0.0], "k_pid_alt": [1.973368763923645, 0.0, 0.9875369071960449], "k_pid_att": [98.62712097167969, 0.03548424318432808, 0.9606823921203613], "k_pid_yaw": [0.5, 1e-06, 0.1], "k_pid_hsp": [9.999999747378752e-05, 0.008742839097976685, 1.0], "k_pid_vsp": [0.0, 386.87921142578125, 400.0]}, "datetime": {"datetime": "2025-08-14 02:26:22", "elapsed": 59910.68006825447, "delta": 28.77708101272583}, "costs": {"total_cost": 2301.76976131303, "time_cost": 150, "final_distance_cost": 178.66591466282782, "oscillation_cost": 691.4027063966699, "completition_cost": 1000.0, "overshoot_cost": 215.59077426434354, "power_cost": 34.79074594726563, "noise_cost": 31.319620041922715, "n_waypoints_completed": 0, "tot_waypoints": 9}}
{"target": -1942.0047088059077, "params": {"k_pid_pos": [2.0, 0.0, 0.0], "k_pid_alt": [2.0, 0.023026853799819946, 1.0], "k_pid_att": [100.0, 9.999999747378752e-05, 0.9951021075248718], "k_pid_yaw": [0.5, 1e-06, 0.1], "k_pid_hsp": [0.1452757865190506, 0.07177150249481201, 1.0], "k_pid_vsp": [0.0, 393.3269958496094, 380.79241943359375]}, "datetime": {"datetime": "2025-08-14 02:26:51", "elapsed": 59939.681621313095, "delta": 29.001553058624268}, "costs": {"total_cost": 1942.0047088059077, "time_cost": 150, "final_distance_cost": 82.3753308913332, "oscillation_cost": 761.3315903244307, "completition_cost": 777.7777777777778, "overshoot_cost": 98.69285897793316, "power_cost": 38.67783199462891, "noise_cost": 33.149318839804, "n_waypoints_completed": 2, "tot_waypoints": 9}}
{"target": -3110.522209111698, "params": {"k_pid_pos": [2.0, 0.022179991006851196, 0.02925485372543335], "k_pid_alt": [1.9742108583450317, 0.05293813347816467, 0.9618613123893738], "k_pid_att": [98.29165649414062, 9.999999747378752e-05, 1.0], "k_pid_yaw": [0.5, 1e-06, 0.1], "k_pid_hsp": [9.999999747378752e-05, 0.0, 1.0], "k_pid_vsp": [19.41704750061035, 400.0, 369.3428649902344]}, "datetime": {"datetime": "2025-08-14 02:27:20", "elapsed": 59968.16238451004, "delta": 28.48076319694519}, "costs": {"total_cost": 3110.522209111698, "time_cost": 150, "final_distance_cost": 132.19051685306349, "oscillation_cost": 710.8866104613315, "completition_cost": 1000.0, "overshoot_cost": 1045.816261634691, "power_cost": 41.9450875, "noise_cost": 29.683732662611487, "n_waypoints_completed": 0, "tot_waypoints": 9}}
{"target": -4114.81789503569, "params": {"k_pid_pos": [2.0, 0.0, 0.02180454134941101], "k_pid_alt": [2.0, 0.006649136543273926, 1.0], "k_pid_att": [100.0, 9.999999747378752e-05, 0.99721360206604], "k_pid_yaw": [0.5, 1e-06, 0.1], "k_pid_hsp": [0.512071967124939, 0.0, 1.0], "k_pid_vsp": [1.8605709075927734, 400.0, 400.0]}, "datetime": {"datetime": "2025-08-14 02:27:47", "elapsed": 59996.03616929054, "delta": 27.87378478050232}, "costs": {"total_cost": 4114.81789503569, "time_cost": 150, "final_distance_cost": 969.8566856776758, "oscillation_cost": 665.3144003199099, "completition_cost": 1000.0, "overshoot_cost": 1265.5354420798467, "power_cost": 35.45086345214844, "noise_cost": 28.660503506108512, "n_waypoints_completed": 0, "tot_waypoints": 9}}
{"target": -1920.2848235823758, "params": {"k_pid_pos": [1.7620265483856201, 0.019309639930725098, 0.019701331853866577], "k_pid_alt": [1.983017921447754, 0.04036295413970947, 1.0], "k_pid_att": [96.26289367675781, 0.28748446702957153, 1.0], "k_pid_yaw": [0.5, 1e-06, 0.1], "k_pid_hsp": [9.999999747378752e-05, 0.0, 1.0], "k_pid_vsp": [37.32277297973633, 399.25579833984375, 389.6304016113281]}, "datetime": {"datetime": "2025-08-14 02:28:15", "elapsed": 60023.75038075447, "delta": 27.714211463928223}, "costs": {"total_cost": 1920.2848235823758, "time_cost": 150, "final_distance_cost": 78.23503301007715, "oscillation_cost": 772.9248552879587, "completition_cost": 777.7777777777778, "overshoot_cost": 75.2055946099416, "power_cost": 37.85139248046875, "noise_cost": 28.290170416151724, "n_waypoints_completed": 2, "tot_waypoints": 9}}
{"target": -1812.4723487905678, "params": {"k_pid_pos": [1.9572889804840088, 0.048431605100631714, 0.02177715301513672], "k_pid_alt": [2.0, 0.0016322135925292969, 0.9626723527908325], "k_pid_att": [93.68816375732422, 9.999999747378752e-05, 0.9501721858978271], "k_pid_yaw": [0.5, 1e-06, 0.1], "k_pid_hsp": [0.25666263699531555, 0.0, 0.9975618124008179], "k_pid_vsp": [11.729658126831055, 388.87939453125, 380.9850769042969]}, "datetime": {"datetime": "2025-08-14 02:28:44", "elapsed": 60052.820323228836, "delta": 29.069942474365234}, "costs": {"total_cost": 1812.4723487905678, "time_cost": 150, "final_distance_cost": 108.66174793626101, "oscillation_cost": 571.3824269199807, "completition_cost": 777.7777777777778, "overshoot_cost": 136.21454445161288, "power_cost": 39.220519458007814, "noise_cost": 29.21533224692753, "n_waypoints_completed": 2, "tot_waypoints": 9}}
{"target": -8935.193977887182, "params": {"k_pid_pos": [2.0, 0.0, 0.03141909837722778], "k_pid_alt": [2.0, 0.010219603776931763, 1.0], "k_pid_att": [100.0, 0.3539912700653076, 0.9288471937179565], "k_pid_yaw": [0.5, 1e-06, 0.1], "k_pid_hsp": [0.1132696121931076, 0.06651261448860168, 0.954425573348999], "k_pid_vsp": [5.6723833084106445, 400.0, 381.2237548828125]}, "datetime": {"datetime": "2025-08-14 02:29:13", "elapsed": 60081.92067146301, "delta": 29.100348234176636}, "costs": {"total_cost": 8935.193977887182, "time_cost": 150, "final_distance_cost": 2328.8448384794956, "oscillation_cost": 721.2568172150762, "completition_cost": 1000.0, "overshoot_cost": 4673.809915596127, "power_cost": 33.597794921875, "noise_cost": 27.684611674605943, "n_waypoints_completed": 0, "tot_waypoints": 9}}
{"target": -4574.039059984398, "params": {"k_pid_pos": [1.9334392547607422, 0.0, 0.0], "k_pid_alt": [2.0, 0.0, 1.0], "k_pid_att": [93.7348403930664, 0.3408348858356476, 1.0], "k_pid_yaw": [0.5, 1e-06, 0.1], "k_pid_hsp": [0.19571453332901, 0.0, 0.9996281862258911], "k_pid_vsp": [17.05646514892578, 400.0, 400.0]}, "datetime": {"datetime": "2025-08-14 02:29:43", "elapsed": 60111.24078345299, "delta": 29.320111989974976}, "costs": {"total_cost": 4574.039059984398, "time_cost": 150, "final_distance_cost": 998.1736282750147, "oscillation_cost": 693.5705044921629, "completition_cost": 1000.0, "overshoot_cost": 1671.7966819327296, "power_cost": 32.933850805664065, "noise_cost": 27.564394478825907, "n_waypoints_completed": 0, "tot_waypoints": 9}}
