{"target": -2177.9012467978573, "params": {"k_pid_pos": [1.9668585062026978, 0.016385585069656372, 0.005137413740158081], "k_pid_alt": [1.8335850238800049, 0.0, 1.0], "k_pid_att": [100.0, 9.999999747378752e-05, 0.980492115020752], "k_pid_yaw": [0.5, 1e-06, 0.1], "k_pid_hsp": [0.05803960561752319, 0.0, 1.0], "k_pid_vsp": [0.0, 378.5977478027344, 397.22418212890625]}, "datetime": {"datetime": "2025-08-14 00:14:25", "elapsed": 51993.28574371338, "delta": 34.804818868637085}, "costs": {"total_cost": 2177.9012467978573, "time_cost": 150, "final_distance_cost": 68.93347308975032, "oscillation_cost": 803.9594485463316, "completition_cost": 1000.0, "overshoot_cost": 88.34745558148767, "power_cost": 38.10936076660156, "noise_cost": 28.55150881368582, "n_waypoints_completed": 0, "tot_waypoints": 9}}
{"target": -2416.122422604345, "params": {"k_pid_pos": [2.0, 0.0, 0.04204636812210083], "k_pid_alt": [2.0, 0.05663391947746277, 0.9972020983695984], "k_pid_att": [97.5192642211914, 9.999999747378752e-05, 1.0], "k_pid_yaw": [0.5, 1e-06, 0.1], "k_pid_hsp": [9.999999747378752e-05, 0.0, 1.0], "k_pid_vsp": [0.0, 400.0, 400.0]}, "datetime": {"datetime": "2025-08-14 00:14:54", "elapsed": 52022.71960616112, "delta": 29.433862447738647}, "costs": {"total_cost": 2416.122422604345, "time_cost": 150, "final_distance_cost": 126.18968976333319, "oscillation_cost": 750.9466457115265, "completition_cost": 1000.0, "overshoot_cost": 319.7398126290144, "power_cost": 40.04226899414063, "noise_cost": 29.20400550633017, "n_waypoints_completed": 0, "tot_waypoints": 9}}
{"target": -4219.955505863837, "params": {"k_pid_pos": [1.924116611480713, 0.049856364727020264, 0.0], "k_pid_alt": [1.9544239044189453, 0.0, 1.0], "k_pid_att": [98.42320251464844, 9.999999747378752e-05, 0.9183584451675415], "k_pid_yaw": [0.5, 1e-06, 0.1], "k_pid_hsp": [9.999999747378752e-05, 0.0, 1.0], "k_pid_vsp": [11.743450164794922, 400.0, 400.0]}, "datetime": {"datetime": "2025-08-14 00:15:25", "elapsed": 52053.803475141525, "delta": 31.083868980407715}, "costs": {"total_cost": 4219.955505863837, "time_cost": 150, "final_distance_cost": 686.8988800805181, "oscillation_cost": 780.1741474458832, "completition_cost": 1000.0, "overshoot_cost": 1542.255647694748, "power_cost": 33.218243273925786, "noise_cost": 27.40858736876152, "n_waypoints_completed": 0, "tot_waypoints": 9}}
{"target": -2279.675025578525, "params": {"k_pid_pos": [1.9427000284194946, 0.0, 0.12121886014938354], "k_pid_alt": [2.0, 0.0, 1.0], "k_pid_att": [100.0, 9.999999747378752e-05, 0.9796218872070312], "k_pid_yaw": [0.5, 1e-06, 0.1], "k_pid_hsp": [9.999999747378752e-05, 0.019253462553024292, 0.9370501041412354], "k_pid_vsp": [32.319580078125, 397.8537902832031, 400.0]}, "datetime": {"datetime": "2025-08-14 00:15:56", "elapsed": 52085.001648664474, "delta": 31.19817352294922}, "costs": {"total_cost": 2279.675025578525, "time_cost": 150, "final_distance_cost": 102.12478268162408, "oscillation_cost": 829.8528837288646, "completition_cost": 1000.0, "overshoot_cost": 104.77283073903058, "power_cost": 38.27498651123047, "noise_cost": 54.64954191777487, "n_waypoints_completed": 0, "tot_waypoints": 9}}
{"target": -3155.537363747764, "params": {"k_pid_pos": [2.0, 0.0, 0.0], "k_pid_alt": [1.911381721496582, 0.03599676489830017, 1.0], "k_pid_att": [98.13265991210938, 9.999999747378752e-05, 0.9478486776351929], "k_pid_yaw": [0.5, 1e-06, 0.1], "k_pid_hsp": [0.0445530004799366, 0.0, 1.0], "k_pid_vsp": [30.112194061279297, 400.0, 400.0]}, "datetime": {"datetime": "2025-08-14 00:16:26", "elapsed": 52114.54260802269, "delta": 29.540959358215332}, "costs": {"total_cost": 3155.537363747764, "time_cost": 150, "final_distance_cost": 662.7535737103963, "oscillation_cost": 713.3456795730003, "completition_cost": 1000.0, "overshoot_cost": 567.8296539259865, "power_cost": 34.19324688720703, "noise_cost": 27.415209651174496, "n_waypoints_completed": 0, "tot_waypoints": 9}}
{"target": -3781.4889293862275, "params": {"k_pid_pos": [2.0, 0.1294056475162506, 0.03704345226287842], "k_pid_alt": [1.8125858306884766, 0.02491810917854309, 0.9576027989387512], "k_pid_att": [100.0, 0.4033931791782379, 1.0], "k_pid_yaw": [0.5, 1e-06, 0.1], "k_pid_hsp": [0.03157123550772667, 0.016493260860443115, 1.0], "k_pid_vsp": [9.747112274169922, 390.3663330078125, 400.0]}, "datetime": {"datetime": "2025-08-14 00:16:56", "elapsed": 52144.20128273964, "delta": 29.658674716949463}, "costs": {"total_cost": 3781.4889293862275, "time_cost": 150, "final_distance_cost": 974.5943499416416, "oscillation_cost": 778.1273105720397, "completition_cost": 1000.0, "overshoot_cost": 817.3623590661543, "power_cost": 33.68992459716797, "noise_cost": 27.71498520922403, "n_waypoints_completed": 0, "tot_waypoints": 9}}
{"target": -1770.9982543458602, "params": {"k_pid_pos": [1.7691609859466553, 0.02046296000480652, 0.006310403347015381], "k_pid_alt": [1.9545329809188843, 0.016183823347091675, 1.0], "k_pid_att": [97.44291687011719, 9.999999747378752e-05, 1.0], "k_pid_yaw": [0.5, 1e-06, 0.1], "k_pid_hsp": [0.6138584017753601, 0.0, 0.9540053009986877], "k_pid_vsp": [22.607635498046875, 400.0, 400.0]}, "datetime": {"datetime": "2025-08-14 00:17:26", "elapsed": 52174.82831168175, "delta": 30.627028942108154}, "costs": {"total_cost": 1770.9982543458602, "time_cost": 150, "final_distance_cost": 47.581807880367116, "oscillation_cost": 427.6549770957996, "completition_cost": 888.8888888888888, "overshoot_cost": 143.6456485943705, "power_cost": 40.9054884765625, "noise_cost": 72.32144340987186, "n_waypoints_completed": 1, "tot_waypoints": 9}}
{"target": -2157.7198508191086, "params": {"k_pid_pos": [1.9141664505004883, 0.0, 0.08738619089126587], "k_pid_alt": [2.0, 0.030475735664367676, 1.0], "k_pid_att": [100.0, 0.06475728005170822, 0.9174114465713501], "k_pid_yaw": [0.5, 1e-06, 0.1], "k_pid_hsp": [9.999999747378752e-05, 0.05116942524909973, 0.9856289029121399], "k_pid_vsp": [9.534788131713867, 400.0, 391.3750305175781]}, "datetime": {"datetime": "2025-08-14 00:17:56", "elapsed": 52204.7071249485, "delta": 29.87881326675415}, "costs": {"total_cost": 2157.7198508191086, "time_cost": 150, "final_distance_cost": 50.539821049139235, "oscillation_cost": 792.481121593413, "completition_cost": 1000.0, "overshoot_cost": 97.4584381695628, "power_cost": 38.36124947509766, "noise_cost": 28.879220531896063, "n_waypoints_completed": 0, "tot_waypoints": 9}}
{"target": -2188.5232718885127, "params": {"k_pid_pos": [2.0, 0.0, 0.0], "k_pid_alt": [2.0, 0.07862892746925354, 1.0], "k_pid_att": [93.68902587890625, 9.999999747378752e-05, 0.9205598831176758], "k_pid_yaw": [0.5, 1e-06, 0.1], "k_pid_hsp": [0.9413892030715942, 0.0, 0.9467222690582275], "k_pid_vsp": [36.51980209350586, 360.0470886230469, 388.1202087402344]}, "datetime": {"datetime": "2025-08-14 00:18:27", "elapsed": 52235.25119018555, "delta": 30.544065237045288}, "costs": {"total_cost": 2188.5232718885127, "time_cost": 150, "final_distance_cost": 231.65930380464437, "oscillation_cost": 658.0053188875831, "completition_cost": 888.8888888888888, "overshoot_cost": 171.15723761338452, "power_cost": 38.02849548339844, "noise_cost": 50.78402721061379, "n_waypoints_completed": 1, "tot_waypoints": 9}}
{"target": -2526.1889386230423, "params": {"k_pid_pos": [2.0, 0.01058688759803772, 0.03429338335990906], "k_pid_alt": [1.9884811639785767, 0.0, 1.0], "k_pid_att": [100.0, 0.18633553385734558, 1.0], "k_pid_yaw": [0.5, 1e-06, 0.1], "k_pid_hsp": [9.999999747378752e-05, 0.0, 0.9203104972839355], "k_pid_vsp": [10.315692901611328, 378.1455383300781, 354.1979675292969]}, "datetime": {"datetime": "2025-08-14 00:18:57", "elapsed": 52265.777933359146, "delta": 30.526743173599243}, "costs": {"total_cost": 2526.1889386230423, "time_cost": 150, "final_distance_cost": 251.73376688573936, "oscillation_cost": 797.7357036965374, "completition_cost": 1000.0, "overshoot_cost": 264.01266929635733, "power_cost": 34.759601757812504, "noise_cost": 27.94719698659598, "n_waypoints_completed": 0, "tot_waypoints": 9}}
{"target": -2056.0069807682476, "params": {"k_pid_pos": [1.8835984468460083, 0.04718118906021118, 0.0], "k_pid_alt": [2.0, 0.0, 1.0], "k_pid_att": [94.48480224609375, 9.999999747378752e-05, 0.8855018019676208], "k_pid_yaw": [0.5, 1e-06, 0.1], "k_pid_hsp": [9.999999747378752e-05, 0.0, 1.0], "k_pid_vsp": [0.0, 351.8453674316406, 400.0]}, "datetime": {"datetime": "2025-08-14 00:19:26", "elapsed": 52294.6273560524, "delta": 28.849422693252563}, "costs": {"total_cost": 2056.0069807682476, "time_cost": 150, "final_distance_cost": 51.01981649965148, "oscillation_cost": 737.5812117267271, "completition_cost": 888.8888888888888, "overshoot_cost": 116.68779360032568, "power_cost": 42.23429046630859, "noise_cost": 69.5949795863459, "n_waypoints_completed": 1, "tot_waypoints": 9}}
{"target": -3242.2426531177653, "params": {"k_pid_pos": [2.0, 0.03985607624053955, 0.01956075429916382], "k_pid_alt": [1.9985167980194092, 0.0, 1.0], "k_pid_att": [100.0, 9.999999747378752e-05, 0.9428850412368774], "k_pid_yaw": [0.5, 1e-06, 0.1], "k_pid_hsp": [0.6579051613807678, 0.010384470224380493, 0.9673960208892822], "k_pid_vsp": [1.614844799041748, 394.0343933105469, 394.8938293457031]}, "datetime": {"datetime": "2025-08-14 00:19:57", "elapsed": 52325.80262517929, "delta": 31.17526912689209}, "costs": {"total_cost": 3242.2426531177653, "time_cost": 150, "final_distance_cost": 437.2460490081919, "oscillation_cost": 450.8677358681048, "completition_cost": 1000.0, "overshoot_cost": 1138.753210324375, "power_cost": 35.875384313964844, "noise_cost": 29.500273603128623, "n_waypoints_completed": 0, "tot_waypoints": 9}}
{"target": -2009.8946798835348, "params": {"k_pid_pos": [1.8763980865478516, 0.027119070291519165, 0.0], "k_pid_alt": [2.0, 0.050834715366363525, 1.0], "k_pid_att": [93.32247924804688, 9.999999747378752e-05, 0.9268336296081543], "k_pid_yaw": [0.5, 1e-06, 0.1], "k_pid_hsp": [0.2978073060512543, 0.0, 1.0], "k_pid_vsp": [1.2990951538085938, 400.0, 385.5987854003906]}, "datetime": {"datetime": "2025-08-14 00:20:29", "elapsed": 52357.907722234726, "delta": 32.10509705543518}, "costs": {"total_cost": 2009.8946798835348, "time_cost": 150, "final_distance_cost": 39.808328596137144, "oscillation_cost": 688.2834370307052, "completition_cost": 888.8888888888888, "overshoot_cost": 143.95882958957552, "power_cost": 40.890287011718755, "noise_cost": 58.064908766509184, "n_waypoints_completed": 1, "tot_waypoints": 9}}
{"target": -2027.4944135453682, "params": {"k_pid_pos": [2.0, 0.03293737769126892, 0.005457252264022827], "k_pid_alt": [2.0, 0.0027294158935546875, 0.976320743560791], "k_pid_att": [98.10562133789062, 9.999999747378752e-05, 1.0], "k_pid_yaw": [0.5, 1e-06, 0.1], "k_pid_hsp": [0.027567332610487938, 0.0, 0.9784891605377197], "k_pid_vsp": [12.68160343170166, 391.5392761230469, 400.0]}, "datetime": {"datetime": "2025-08-14 00:21:00", "elapsed": 52388.63897776604, "delta": 30.731255531311035}, "costs": {"total_cost": 2027.4944135453682, "time_cost": 150, "final_distance_cost": 5.167974880481048, "oscillation_cost": 741.2782093351559, "completition_cost": 1000.0, "overshoot_cost": 57.937907447891064, "power_cost": 39.84278999023438, "noise_cost": 33.26753189160559, "n_waypoints_completed": 0, "tot_waypoints": 9}}
{"target": -4128.87801360912, "params": {"k_pid_pos": [1.9762606620788574, 0.0, 0.0], "k_pid_alt": [1.9858202934265137, 0.0, 1.0], "k_pid_att": [96.98272705078125, 0.04968461021780968, 1.0], "k_pid_yaw": [0.5, 1e-06, 0.1], "k_pid_hsp": [9.999999747378752e-05, 0.008646249771118164, 0.9838597178459167], "k_pid_vsp": [0.0, 400.0, 400.0]}, "datetime": {"datetime": "2025-08-14 00:21:29", "elapsed": 52418.014394044876, "delta": 29.37541627883911}, "costs": {"total_cost": 4128.87801360912, "time_cost": 150, "final_distance_cost": 924.3820572978298, "oscillation_cost": 755.0946706954434, "completition_cost": 1000.0, "overshoot_cost": 1238.733441661686, "power_cost": 33.59035135498047, "noise_cost": 27.077492599180534, "n_waypoints_completed": 0, "tot_waypoints": 9}}
{"target": -2083.436586121199, "params": {"k_pid_pos": [2.0, 0.0, 0.0], "k_pid_alt": [2.0, 0.033381640911102295, 0.9605724215507507], "k_pid_att": [98.46776580810547, 0.49233704805374146, 0.9253619313240051], "k_pid_yaw": [0.5, 1e-06, 0.1], "k_pid_hsp": [9.999999747378752e-05, 0.0, 1.0], "k_pid_vsp": [30.338037490844727, 399.8407897949219, 366.003173828125]}, "datetime": {"datetime": "2025-08-14 00:21:58", "elapsed": 52446.73886728287, "delta": 28.724473237991333}, "costs": {"total_cost": 2083.436586121199, "time_cost": 150, "final_distance_cost": 45.89982641972176, "oscillation_cost": 734.7411186204442, "completition_cost": 1000.0, "overshoot_cost": 77.17634706186708, "power_cost": 41.96267213134766, "noise_cost": 33.65662188781848, "n_waypoints_completed": 0, "tot_waypoints": 9}}
{"target": -6681.905001828475, "params": {"k_pid_pos": [2.0, 0.0, 0.026025980710983276], "k_pid_alt": [1.8627243041992188, 0.0, 0.9710965156555176], "k_pid_att": [100.0, 0.07686256617307663, 1.0], "k_pid_yaw": [0.5, 1e-06, 0.1], "k_pid_hsp": [0.6475367546081543, 0.012575238943099976, 1.0], "k_pid_vsp": [0.0, 392.88458251953125, 363.5150451660156]}, "datetime": {"datetime": "2025-08-14 00:22:29", "elapsed": 52477.72149348259, "delta": 30.98262619972229}, "costs": {"total_cost": 6681.905001828475, "time_cost": 150, "final_distance_cost": 1747.3794451547178, "oscillation_cost": 683.3369509105625, "completition_cost": 1000.0, "overshoot_cost": 3038.24278442614, "power_cost": 34.17172298583984, "noise_cost": 28.774098351215763, "n_waypoints_completed": 0, "tot_waypoints": 9}}
{"target": -2399.847472410845, "params": {"k_pid_pos": [1.9358971118927002, 0.08217617869377136, 0.05349716544151306], "k_pid_alt": [1.9337714910507202, 0.06653735041618347, 0.9846289157867432], "k_pid_att": [100.0, 0.7806642055511475, 0.9946404099464417], "k_pid_yaw": [0.5, 1e-06, 0.1], "k_pid_hsp": [9.999999747378752e-05, 0.03495001792907715, 0.9768514633178711], "k_pid_vsp": [2.796030044555664, 361.80072021484375, 400.0]}, "datetime": {"datetime": "2025-08-14 00:22:59", "elapsed": 52507.44548869133, "delta": 29.723995208740234}, "costs": {"total_cost": 2399.847472410845, "time_cost": 150, "final_distance_cost": 135.38592007494276, "oscillation_cost": 801.0310805916007, "completition_cost": 1000.0, "overshoot_cost": 251.1516012389504, "power_cost": 34.3268162475586, "noise_cost": 27.952054257792685, "n_waypoints_completed": 0, "tot_waypoints": 9}}
{"target": -5761.165014950087, "params": {"k_pid_pos": [2.0, 0.0, 0.03655052185058594], "k_pid_alt": [1.8280420303344727, 0.0, 1.0], "k_pid_att": [99.77173614501953, 9.999999747378752e-05, 1.0], "k_pid_yaw": [0.5, 1e-06, 0.1], "k_pid_hsp": [0.38070639967918396, 0.0, 0.9811897277832031], "k_pid_vsp": [0.0, 400.0, 360.85687255859375]}, "datetime": {"datetime": "2025-08-14 00:23:30", "elapsed": 52538.11265397072, "delta": 30.667165279388428}, "costs": {"total_cost": 5761.165014950087, "time_cost": 150, "final_distance_cost": 1184.8918201810463, "oscillation_cost": 769.5211680980849, "completition_cost": 1000.0, "overshoot_cost": 2595.7852783091143, "power_cost": 33.37636071777344, "noise_cost": 27.59038764406827, "n_waypoints_completed": 0, "tot_waypoints": 9}}
{"target": -4297.485451240945, "params": {"k_pid_pos": [2.0, 0.006992608308792114, 0.0], "k_pid_alt": [2.0, 0.0, 0.9667308926582336], "k_pid_att": [100.0, 0.34748250246047974, 0.9917323589324951], "k_pid_yaw": [0.5, 1e-06, 0.1], "k_pid_hsp": [0.1868770271539688, 0.04357370734214783, 1.0], "k_pid_vsp": [0.0, 400.0, 389.2264709472656]}, "datetime": {"datetime": "2025-08-14 00:23:59", "elapsed": 52567.349370241165, "delta": 29.236716270446777}, "costs": {"total_cost": 4297.485451240945, "time_cost": 150, "final_distance_cost": 845.7834527674435, "oscillation_cost": 661.8845997647293, "completition_cost": 1000.0, "overshoot_cost": 1576.4449508631888, "power_cost": 35.25359716796875, "noise_cost": 28.118850677614255, "n_waypoints_completed": 0, "tot_waypoints": 9}}
{"target": -2661.498335087721, "params": {"k_pid_pos": [2.0, 0.021821588277816772, 0.08272480964660645], "k_pid_alt": [2.0, 0.0, 0.9886512756347656], "k_pid_att": [92.37657928466797, 9.999999747378752e-05, 0.9667060971260071], "k_pid_yaw": [0.5, 1e-06, 0.1], "k_pid_hsp": [0.833184003829956, 0.017388135194778442, 0.9802178144454956], "k_pid_vsp": [17.927146911621094, 400.0, 400.0]}, "datetime": {"datetime": "2025-08-14 00:24:29", "elapsed": 52597.600301742554, "delta": 30.25093150138855}, "costs": {"total_cost": 2661.498335087721, "time_cost": 150, "final_distance_cost": 113.10606646610799, "oscillation_cost": 770.4197914787862, "completition_cost": 1000.0, "overshoot_cost": 563.3479559631522, "power_cost": 35.6536738647461, "noise_cost": 28.970847314928598, "n_waypoints_completed": 0, "tot_waypoints": 9}}
{"target": -2318.1818170972947, "params": {"k_pid_pos": [1.9345557689666748, 0.0, 0.0], "k_pid_alt": [2.0, 0.08355081081390381, 1.0], "k_pid_att": [96.27501678466797, 0.12748219072818756, 0.9988235235214233], "k_pid_yaw": [0.5, 1e-06, 0.1], "k_pid_hsp": [9.999999747378752e-05, 0.0, 0.9639948606491089], "k_pid_vsp": [9.220719337463379, 381.6221618652344, 400.0]}, "datetime": {"datetime": "2025-08-14 00:25:00", "elapsed": 52628.34545326233, "delta": 30.74515151977539}, "costs": {"total_cost": 2318.1818170972947, "time_cost": 150, "final_distance_cost": 242.79969238391462, "oscillation_cost": 728.2437880056993, "completition_cost": 1000.0, "overshoot_cost": 131.16306296074345, "power_cost": 37.55386141357422, "noise_cost": 28.42141233336249, "n_waypoints_completed": 0, "tot_waypoints": 9}}
{"target": -2224.093958551569, "params": {"k_pid_pos": [2.0, 0.0026969611644744873, 0.08423766493797302], "k_pid_alt": [1.8931795358657837, 0.025068938732147217, 1.0], "k_pid_att": [99.79515075683594, 0.11568864434957504, 1.0], "k_pid_yaw": [0.5, 1e-06, 0.1], "k_pid_hsp": [9.999999747378752e-05, 0.06849205493927002, 0.9858300685882568], "k_pid_vsp": [0.0, 400.0, 398.595703125]}, "datetime": {"datetime": "2025-08-14 00:25:30", "elapsed": 52659.0289850235, "delta": 30.683531761169434}, "costs": {"total_cost": 2224.093958551569, "time_cost": 150, "final_distance_cost": 35.291827169417886, "oscillation_cost": 729.4278926458541, "completition_cost": 1000.0, "overshoot_cost": 180.83269170377417, "power_cost": 41.78381749267578, "noise_cost": 86.75772953984703, "n_waypoints_completed": 0, "tot_waypoints": 9}}
{"target": -2152.18444204574, "params": {"k_pid_pos": [2.0, 0.021060049533843994, 0.0], "k_pid_alt": [2.0, 0.047333478927612305, 1.0], "k_pid_att": [100.0, 1.1571147441864014, 1.0], "k_pid_yaw": [0.5, 1e-06, 0.1], "k_pid_hsp": [9.999999747378752e-05, 0.0, 1.0], "k_pid_vsp": [1.2446403503417969, 388.3096618652344, 377.0438537597656]}, "datetime": {"datetime": "2025-08-14 00:26:02", "elapsed": 52690.14647459984, "delta": 31.11748957633972}, "costs": {"total_cost": 2152.18444204574, "time_cost": 150, "final_distance_cost": 72.6076498852572, "oscillation_cost": 729.7301377976352, "completition_cost": 1000.0, "overshoot_cost": 119.8102180859282, "power_cost": 40.3111076171875, "noise_cost": 39.725328659731886, "n_waypoints_completed": 0, "tot_waypoints": 9}}
{"target": -6032.915089872622, "params": {"k_pid_pos": [1.8686600923538208, 0.02804979681968689, 0.053820520639419556], "k_pid_alt": [2.0, 0.036093175411224365, 0.9710346460342407], "k_pid_att": [96.04447174072266, 9.999999747378752e-05, 0.9281598329544067], "k_pid_yaw": [0.5, 1e-06, 0.1], "k_pid_hsp": [0.4987885653972626, 0.0, 1.0], "k_pid_vsp": [0.0, 400.0, 388.4698791503906]}, "datetime": {"datetime": "2025-08-14 00:26:32", "elapsed": 52720.36948299408, "delta": 30.223008394241333}, "costs": {"total_cost": 6032.915089872622, "time_cost": 150, "final_distance_cost": 1122.206427908838, "oscillation_cost": 827.5342328877169, "completition_cost": 1000.0, "overshoot_cost": 2870.3413655061863, "power_cost": 34.406357458496096, "noise_cost": 28.426706111384572, "n_waypoints_completed": 0, "tot_waypoints": 9}}
{"target": -2678.1666162823503, "params": {"k_pid_pos": [1.983566164970398, 0.0, 0.0], "k_pid_alt": [1.8680524826049805, 0.01649901270866394, 1.0], "k_pid_att": [97.96582794189453, 0.690483570098877, 0.9497581720352173], "k_pid_yaw": [0.5, 1e-06, 0.1], "k_pid_hsp": [0.10982777923345566, 0.01488611102104187, 1.0], "k_pid_vsp": [0.0, 381.7693786621094, 373.2548522949219]}, "datetime": {"datetime": "2025-08-14 00:27:02", "elapsed": 52750.72164106369, "delta": 30.352158069610596}, "costs": {"total_cost": 2678.1666162823503, "time_cost": 150, "final_distance_cost": 335.6555844391458, "oscillation_cost": 794.3337524056011, "completition_cost": 1000.0, "overshoot_cost": 337.1042999091616, "power_cost": 33.312482849121096, "noise_cost": 27.760496679321157, "n_waypoints_completed": 0, "tot_waypoints": 9}}
{"target": -2225.1943529135074, "params": {"k_pid_pos": [1.9756178855895996, 0.0, 0.04381352663040161], "k_pid_alt": [2.0, 0.05799642205238342, 0.8684473037719727], "k_pid_att": [90.69061279296875, 1.3585007190704346, 0.9475364089012146], "k_pid_yaw": [0.5, 1e-06, 0.1], "k_pid_hsp": [0.24094237387180328, 0.010162591934204102, 1.0], "k_pid_vsp": [8.841287612915039, 400.0, 399.6073303222656]}, "datetime": {"datetime": "2025-08-14 00:27:33", "elapsed": 52781.15881586075, "delta": 30.437174797058105}, "costs": {"total_cost": 2225.1943529135074, "time_cost": 150, "final_distance_cost": 89.48596442454026, "oscillation_cost": 744.009970429914, "completition_cost": 1000.0, "overshoot_cost": 177.53251499250038, "power_cost": 36.145841735839845, "noise_cost": 28.020061330712796, "n_waypoints_completed": 0, "tot_waypoints": 9}}
