{"target": -1777.246470330011, "params": {"k_pid_pos": [1.9754111766815186, 0.0, 0.01384010910987854], "k_pid_alt": [2.0, 0.0, 1.0], "k_pid_att": [100.0, 9.999999747378752e-05, 0.9839483499526978], "k_pid_yaw": [0.5, 1e-06, 0.1], "k_pid_hsp": [0.42509084939956665, 0.0, 1.0], "k_pid_vsp": [0.0, 398.7680969238281, 362.9051208496094]}, "datetime": {"datetime": "2025-08-13 14:31:26", "elapsed": 17014.472824573517, "delta": 37.18376159667969}, "costs": {"total_cost": 1777.246470330011, "time_cost": 150, "final_distance_cost": 98.1401655130927, "oscillation_cost": 569.2742147579918, "completition_cost": 777.7777777777778, "overshoot_cost": 112.13916428408433, "power_cost": 38.185175976562505, "noise_cost": 31.729972020501837, "n_waypoints_completed": 2, "tot_waypoints": 9}}
{"target": -2940.9052351205673, "params": {"k_pid_pos": [1.9521034955978394, 0.035909414291381836, 0.0], "k_pid_alt": [2.0, 0.03958413004875183, 0.979783833026886], "k_pid_att": [100.0, 9.999999747378752e-05, 1.0], "k_pid_yaw": [0.5, 1e-06, 0.1], "k_pid_hsp": [0.5342282652854919, 0.0, 1.0], "k_pid_vsp": [7.89949893951416, 400.0, 400.0]}, "datetime": {"datetime": "2025-08-13 14:31:58", "elapsed": 17046.779388666153, "delta": 32.30656409263611}, "costs": {"total_cost": 2940.9052351205673, "time_cost": 150, "final_distance_cost": 347.6646112255013, "oscillation_cost": 546.9448955499932, "completition_cost": 888.8888888888888, "overshoot_cost": 943.0196122555669, "power_cost": 35.35900294189453, "noise_cost": 29.02822425872289, "n_waypoints_completed": 1, "tot_waypoints": 9}}
{"target": -2775.0500077053966, "params": {"k_pid_pos": [2.0, 0.0, 0.0], "k_pid_alt": [1.986008644104004, 0.0, 0.8471029996871948], "k_pid_att": [95.52149200439453, 0.1325846016407013, 0.9970988035202026], "k_pid_yaw": [0.5, 1e-06, 0.1], "k_pid_hsp": [0.7163863182067871, 0.0, 0.9456493854522705], "k_pid_vsp": [25.92133331298828, 400.0, 396.5736389160156]}, "datetime": {"datetime": "2025-08-13 14:32:29", "elapsed": 17077.63951420784, "delta": 30.86012554168701}, "costs": {"total_cost": 2775.0500077053966, "time_cost": 150, "final_distance_cost": 605.6077612999914, "oscillation_cost": 541.3077687231829, "completition_cost": 888.8888888888888, "overshoot_cost": 524.5006704099894, "power_cost": 35.58079508056641, "noise_cost": 29.164123302777426, "n_waypoints_completed": 1, "tot_waypoints": 9}}
{"target": -5230.196857664146, "params": {"k_pid_pos": [2.0, 0.0, 0.0], "k_pid_alt": [2.0, 0.006343334913253784, 1.0], "k_pid_att": [96.19000244140625, 0.9067533016204834, 1.0], "k_pid_yaw": [0.5, 1e-06, 0.1], "k_pid_hsp": [9.999999747378752e-05, 0.0, 0.9569668769836426], "k_pid_vsp": [0.0, 400.0, 382.42633056640625]}, "datetime": {"datetime": "2025-08-13 14:32:59", "elapsed": 17107.2754073143, "delta": 29.63589310646057}, "costs": {"total_cost": 5230.196857664146, "time_cost": 150, "final_distance_cost": 1031.7786620978018, "oscillation_cost": 823.5074714409556, "completition_cost": 1000.0, "overshoot_cost": 2162.173122442303, "power_cost": 34.87151114501953, "noise_cost": 27.866090538065272, "n_waypoints_completed": 0, "tot_waypoints": 9}}
{"target": -2081.2481905570867, "params": {"k_pid_pos": [2.0, 0.0, 0.014470160007476807], "k_pid_alt": [1.9719626903533936, 0.0, 1.0], "k_pid_att": [95.8914794921875, 0.11325769126415253, 0.9967986345291138], "k_pid_yaw": [0.5, 1e-06, 0.1], "k_pid_hsp": [0.21932458877563477, 0.03217273950576782, 1.0], "k_pid_vsp": [18.26000213623047, 355.25823974609375, 400.0]}, "datetime": {"datetime": "2025-08-13 14:33:29", "elapsed": 17137.581839323044, "delta": 30.306432008743286}, "costs": {"total_cost": 2081.2481905570867, "time_cost": 150, "final_distance_cost": 46.603297812789656, "oscillation_cost": 659.6484522955243, "completition_cost": 888.8888888888888, "overshoot_cost": 218.49295244468243, "power_cost": 42.317491040039066, "noise_cost": 75.29710807516223, "n_waypoints_completed": 1, "tot_waypoints": 9}}
{"target": -2095.791968329675, "params": {"k_pid_pos": [1.9480574131011963, 0.0, 0.015660852193832397], "k_pid_alt": [2.0, 0.018701225519180298, 0.9201370477676392], "k_pid_att": [89.64293670654297, 9.999999747378752e-05, 1.0], "k_pid_yaw": [0.5, 1e-06, 0.1], "k_pid_hsp": [0.35925430059432983, 0.03998953104019165, 1.0], "k_pid_vsp": [46.6075439453125, 370.25848388671875, 400.0]}, "datetime": {"datetime": "2025-08-13 14:34:00", "elapsed": 17168.69717693329, "delta": 31.11533761024475}, "costs": {"total_cost": 2095.791968329675, "time_cost": 150, "final_distance_cost": 137.1422263994128, "oscillation_cost": 560.1506233282693, "completition_cost": 888.8888888888888, "overshoot_cost": 296.52617022803906, "power_cost": 34.694574365234374, "noise_cost": 28.38948511983072, "n_waypoints_completed": 1, "tot_waypoints": 9}}
{"target": -4209.6830326105855, "params": {"k_pid_pos": [1.9830511808395386, 0.0, 0.048738449811935425], "k_pid_alt": [2.0, 0.00867307186126709, 1.0], "k_pid_att": [96.10896301269531, 9.999999747378752e-05, 0.9935795664787292], "k_pid_yaw": [0.5, 1e-06, 0.1], "k_pid_hsp": [0.21364252269268036, 0.03747415542602539, 0.9976305961608887], "k_pid_vsp": [0.0, 400.0, 400.0]}, "datetime": {"datetime": "2025-08-13 14:34:30", "elapsed": 17198.84339618683, "delta": 30.14621925354004}, "costs": {"total_cost": 4209.6830326105855, "time_cost": 150, "final_distance_cost": 1047.0400063129841, "oscillation_cost": 763.4049641172951, "completition_cost": 1000.0, "overshoot_cost": 1186.6385229522884, "power_cost": 34.55385227050781, "noise_cost": 28.04568695751049, "n_waypoints_completed": 0, "tot_waypoints": 9}}
{"target": -2690.3440020125504, "params": {"k_pid_pos": [2.0, 0.0, 0.03193768858909607], "k_pid_alt": [1.973910927772522, 0.010103106498718262, 1.0], "k_pid_att": [97.77215576171875, 9.999999747378752e-05, 1.0], "k_pid_yaw": [0.5, 1e-06, 0.1], "k_pid_hsp": [0.2698100805282593, 0.05491960048675537, 0.9688007831573486], "k_pid_vsp": [6.248307228088379, 381.7369079589844, 400.0]}, "datetime": {"datetime": "2025-08-13 14:35:01", "elapsed": 17229.402417898178, "delta": 30.559021711349487}, "costs": {"total_cost": 2690.3440020125504, "time_cost": 150, "final_distance_cost": 129.2157590599289, "oscillation_cost": 843.0367542656732, "completition_cost": 1000.0, "overshoot_cost": 509.3283246128692, "power_cost": 32.126319921875, "noise_cost": 26.636844152203384, "n_waypoints_completed": 0, "tot_waypoints": 9}}
{"target": -7575.938833720205, "params": {"k_pid_pos": [1.890128493309021, 0.007649421691894531, 0.030682653188705444], "k_pid_alt": [1.9284775257110596, 0.0, 0.9813867211341858], "k_pid_att": [92.96697998046875, 9.999999747378752e-05, 1.0], "k_pid_yaw": [0.5, 1e-06, 0.1], "k_pid_hsp": [9.999999747378752e-05, 0.046416908502578735, 0.9704083800315857], "k_pid_vsp": [0.17868280410766602, 386.5245361328125, 400.0]}, "datetime": {"datetime": "2025-08-13 14:35:31", "elapsed": 17259.33290028572, "delta": 29.930482387542725}, "costs": {"total_cost": 7575.938833720205, "time_cost": 150, "final_distance_cost": 2152.2013450099935, "oscillation_cost": 769.0151059498007, "completition_cost": 1000.0, "overshoot_cost": 3445.184128757196, "power_cost": 32.26744696044922, "noise_cost": 27.270807042766545, "n_waypoints_completed": 0, "tot_waypoints": 9}}
{"target": -4093.6568032572004, "params": {"k_pid_pos": [2.0, 0.03998386859893799, 0.02557501196861267], "k_pid_alt": [1.9898587465286255, 0.006232202053070068, 1.0], "k_pid_att": [97.30958557128906, 0.7351082563400269, 0.9788213968276978], "k_pid_yaw": [0.5, 1e-06, 0.1], "k_pid_hsp": [9.999999747378752e-05, 0.0, 0.9367787837982178], "k_pid_vsp": [0.0, 400.0, 400.0]}, "datetime": {"datetime": "2025-08-13 14:36:01", "elapsed": 17289.56009054184, "delta": 30.227190256118774}, "costs": {"total_cost": 4093.6568032572004, "time_cost": 150, "final_distance_cost": 768.2051578360265, "oscillation_cost": 816.0880642704153, "completition_cost": 1000.0, "overshoot_cost": 1300.720870256282, "power_cost": 31.908833813476566, "noise_cost": 26.73387708099961, "n_waypoints_completed": 0, "tot_waypoints": 9}}
{"target": -1877.36167549347, "params": {"k_pid_pos": [2.0, 0.039365291595458984, 0.0], "k_pid_alt": [2.0, 0.10991105437278748, 1.0], "k_pid_att": [92.9315414428711, 0.24477045238018036, 0.9965589046478271], "k_pid_yaw": [0.5, 1e-06, 0.1], "k_pid_hsp": [9.999999747378752e-05, 0.011386990547180176, 1.0], "k_pid_vsp": [0.0, 396.165283203125, 400.0]}, "datetime": {"datetime": "2025-08-13 14:36:31", "elapsed": 17319.936918735504, "delta": 30.37682819366455}, "costs": {"total_cost": 1877.36167549347, "time_cost": 150, "final_distance_cost": 56.201962615908386, "oscillation_cost": 722.0956926016556, "completition_cost": 777.7777777777778, "overshoot_cost": 101.9254240638714, "power_cost": 36.80996190185547, "noise_cost": 32.55085653240138, "n_waypoints_completed": 2, "tot_waypoints": 9}}
{"target": -4135.446617839718, "params": {"k_pid_pos": [2.0, 0.0, 0.0], "k_pid_alt": [1.960284948348999, 0.0051056742668151855, 1.0], "k_pid_att": [100.0, 9.999999747378752e-05, 1.0], "k_pid_yaw": [0.5, 1e-06, 0.1], "k_pid_hsp": [0.08701939135789871, 0.0, 1.0], "k_pid_vsp": [0.0, 400.0, 389.109619140625]}, "datetime": {"datetime": "2025-08-13 14:37:01", "elapsed": 17349.75948739052, "delta": 29.822568655014038}, "costs": {"total_cost": 4135.446617839718, "time_cost": 150, "final_distance_cost": 510.36736616643185, "oscillation_cost": 739.3619723034138, "completition_cost": 1000.0, "overshoot_cost": 1675.5070403319926, "power_cost": 33.10326043701172, "noise_cost": 27.106978600867365, "n_waypoints_completed": 0, "tot_waypoints": 9}}
{"target": -2045.0965858168074, "params": {"k_pid_pos": [2.0, 0.01313316822052002, 0.0], "k_pid_alt": [1.9928442239761353, 0.0, 0.9829733967781067], "k_pid_att": [94.63510131835938, 9.999999747378752e-05, 1.0], "k_pid_yaw": [0.5, 1e-06, 0.1], "k_pid_hsp": [0.2903311550617218, 0.06517136096954346, 0.9254924654960632], "k_pid_vsp": [0.0, 400.0, 400.0]}, "datetime": {"datetime": "2025-08-13 14:37:31", "elapsed": 17379.323229551315, "delta": 29.56374216079712}, "costs": {"total_cost": 2045.0965858168074, "time_cost": 150, "final_distance_cost": 27.41049046668342, "oscillation_cost": 522.5908485968233, "completition_cost": 1000.0, "overshoot_cost": 224.24832306122744, "power_cost": 44.026856274414065, "noise_cost": 76.82006741765923, "n_waypoints_completed": 0, "tot_waypoints": 9}}
{"target": -4549.098361530973, "params": {"k_pid_pos": [2.0, 0.012463033199310303, 0.0], "k_pid_alt": [1.803325891494751, 0.0, 1.0], "k_pid_att": [100.0, 0.29600220918655396, 1.0], "k_pid_yaw": [0.5, 1e-06, 0.1], "k_pid_hsp": [0.05569031462073326, 0.0, 1.0], "k_pid_vsp": [16.744375228881836, 384.8258361816406, 395.96051025390625]}, "datetime": {"datetime": "2025-08-13 14:38:01", "elapsed": 17409.244615077972, "delta": 29.921385526657104}, "costs": {"total_cost": 4549.098361530973, "time_cost": 150, "final_distance_cost": 526.9635955180199, "oscillation_cost": 891.0462321224791, "completition_cost": 1000.0, "overshoot_cost": 1917.3400737377203, "power_cost": 35.755387915039066, "noise_cost": 27.993072237714458, "n_waypoints_completed": 0, "tot_waypoints": 9}}
{"target": -5267.704820366856, "params": {"k_pid_pos": [2.0, 0.0, 0.0], "k_pid_alt": [2.0, 0.0, 0.9012553691864014], "k_pid_att": [100.0, 0.14397284388542175, 0.9744948148727417], "k_pid_yaw": [0.5, 1e-06, 0.1], "k_pid_hsp": [9.999999747378752e-05, 0.0, 1.0], "k_pid_vsp": [0.0, 400.0, 400.0]}, "datetime": {"datetime": "2025-08-13 14:38:32", "elapsed": 17440.265812397003, "delta": 31.02119731903076}, "costs": {"total_cost": 5267.704820366856, "time_cost": 150, "final_distance_cost": 1648.0086520834984, "oscillation_cost": 667.1574291466833, "completition_cost": 1000.0, "overshoot_cost": 1740.9333739497208, "power_cost": 33.99613787841797, "noise_cost": 27.609227308535807, "n_waypoints_completed": 0, "tot_waypoints": 9}}
{"target": -5889.040250685849, "params": {"k_pid_pos": [2.0, 0.027159839868545532, 0.0], "k_pid_alt": [2.0, 0.0, 0.9471520781517029], "k_pid_att": [100.0, 0.9105423092842102, 0.9717749357223511], "k_pid_yaw": [0.5, 1e-06, 0.1], "k_pid_hsp": [0.2847781479358673, 0.0, 1.0], "k_pid_vsp": [34.44157791137695, 393.25494384765625, 385.35052490234375]}, "datetime": {"datetime": "2025-08-13 14:39:02", "elapsed": 17470.312443733215, "delta": 30.046631336212158}, "costs": {"total_cost": 5889.040250685849, "time_cost": 150, "final_distance_cost": 1218.476811869607, "oscillation_cost": 766.638240484345, "completition_cost": 1000.0, "overshoot_cost": 2694.0131774422143, "power_cost": 32.50470179443359, "noise_cost": 27.407319095249512, "n_waypoints_completed": 0, "tot_waypoints": 9}}
{"target": -2507.4302063834484, "params": {"k_pid_pos": [2.0, 0.0, 0.0], "k_pid_alt": [2.0, 0.1298743486404419, 1.0], "k_pid_att": [100.0, 0.5028992295265198, 0.9751810431480408], "k_pid_yaw": [0.5, 1e-06, 0.1], "k_pid_hsp": [9.999999747378752e-05, 0.0, 1.0], "k_pid_vsp": [0.0, 400.0, 400.0]}, "datetime": {"datetime": "2025-08-13 14:39:35", "elapsed": 17503.982547283173, "delta": 33.670103549957275}, "costs": {"total_cost": 2507.4302063834484, "time_cost": 150, "final_distance_cost": 265.09410155522784, "oscillation_cost": 712.4925415261705, "completition_cost": 1000.0, "overshoot_cost": 314.9154510620609, "power_cost": 36.16950373535156, "noise_cost": 28.758608504637476, "n_waypoints_completed": 0, "tot_waypoints": 9}}
{"target": -6958.896781212945, "params": {"k_pid_pos": [1.8620688915252686, 0.0077943503856658936, 0.0], "k_pid_alt": [2.0, 0.005497992038726807, 1.0], "k_pid_att": [88.93081665039062, 0.3457477390766144, 0.9837477207183838], "k_pid_yaw": [0.5, 1e-06, 0.1], "k_pid_hsp": [0.05528023838996887, 0.0, 0.9714730978012085], "k_pid_vsp": [0.0, 392.63800048828125, 400.0]}, "datetime": {"datetime": "2025-08-13 14:40:06", "elapsed": 17534.611704826355, "delta": 30.629157543182373}, "costs": {"total_cost": 6958.896781212945, "time_cost": 150, "final_distance_cost": 1880.3932436785817, "oscillation_cost": 788.4516571978091, "completition_cost": 1000.0, "overshoot_cost": 3079.37936929867, "power_cost": 33.289906982421876, "noise_cost": 27.38260405546202, "n_waypoints_completed": 0, "tot_waypoints": 9}}
{"target": -3534.4513193708967, "params": {"k_pid_pos": [2.0, 0.06158098578453064, 0.02323824167251587], "k_pid_alt": [1.8444700241088867, 0.03995677828788757, 1.0], "k_pid_att": [91.5326919555664, 0.36989960074424744, 1.0], "k_pid_yaw": [0.5, 1e-06, 0.1], "k_pid_hsp": [9.999999747378752e-05, 0.13562911748886108, 0.9441120624542236], "k_pid_vsp": [16.29575538635254, 375.7634582519531, 399.2303466796875]}, "datetime": {"datetime": "2025-08-13 14:40:36", "elapsed": 17564.16234946251, "delta": 29.550644636154175}, "costs": {"total_cost": 3534.4513193708967, "time_cost": 150, "final_distance_cost": 447.5530073944057, "oscillation_cost": 752.2197589028151, "completition_cost": 1000.0, "overshoot_cost": 1122.8977721113845, "power_cost": 34.07681082763672, "noise_cost": 27.703970134654636, "n_waypoints_completed": 0, "tot_waypoints": 9}}
{"target": -1968.8379662486107, "params": {"k_pid_pos": [2.0, 6.493926048278809e-05, 0.06567665934562683], "k_pid_alt": [2.0, 0.0, 0.9243467450141907], "k_pid_att": [92.9813003540039, 0.4924634099006653, 0.9413915872573853], "k_pid_yaw": [0.5, 1e-06, 0.1], "k_pid_hsp": [0.14999940991401672, 0.08989161252975464, 0.9409389495849609], "k_pid_vsp": [29.936767578125, 400.0, 400.0]}, "datetime": {"datetime": "2025-08-13 14:41:05", "elapsed": 17594.05712723732, "delta": 29.89477777481079}, "costs": {"total_cost": 1968.8379662486107, "time_cost": 150, "final_distance_cost": 95.7825646747796, "oscillation_cost": 758.7017698176054, "completition_cost": 777.7777777777778, "overshoot_cost": 119.46172299384384, "power_cost": 38.64447630615235, "noise_cost": 28.46965467845175, "n_waypoints_completed": 2, "tot_waypoints": 9}}
{"target": -1817.7523728586705, "params": {"k_pid_pos": [1.9855170249938965, 0.0, 0.0], "k_pid_alt": [1.970015048980713, 0.0, 1.0], "k_pid_att": [100.0, 9.999999747378752e-05, 1.0], "k_pid_yaw": [0.5, 1e-06, 0.1], "k_pid_hsp": [0.8490848541259766, 0.0, 1.0], "k_pid_vsp": [0.0, 379.5605163574219, 381.9226989746094]}, "datetime": {"datetime": "2025-08-13 14:41:35", "elapsed": 17623.784836292267, "delta": 29.7277090549469}, "costs": {"total_cost": 1817.7523728586705, "time_cost": 150, "final_distance_cost": 53.92200238526484, "oscillation_cost": 608.8033685791798, "completition_cost": 777.7777777777778, "overshoot_cost": 117.05936017714295, "power_cost": 40.38646417236328, "noise_cost": 69.80339976694178, "n_waypoints_completed": 2, "tot_waypoints": 9}}
{"target": -4773.84549279371, "params": {"k_pid_pos": [2.0, 0.0, 0.015141546726226807], "k_pid_alt": [1.7778453826904297, 0.0, 0.9645745754241943], "k_pid_att": [100.0, 0.24687506258487701, 0.9504212141036987], "k_pid_yaw": [0.5, 1e-06, 0.1], "k_pid_hsp": [9.999999747378752e-05, 0.00047639012336730957, 1.0], "k_pid_vsp": [4.627346992492676, 400.0, 395.249755859375]}, "datetime": {"datetime": "2025-08-13 14:42:07", "elapsed": 17655.740392446518, "delta": 31.9555561542511}, "costs": {"total_cost": 4773.84549279371, "time_cost": 150, "final_distance_cost": 741.7770472752082, "oscillation_cost": 727.5563049517099, "completition_cost": 888.8888888888888, "overshoot_cost": 2204.1435867263, "power_cost": 33.75891243896484, "noise_cost": 27.720752512638313, "n_waypoints_completed": 1, "tot_waypoints": 9}}
{"target": -2198.899170008052, "params": {"k_pid_pos": [1.9522631168365479, 0.016744524240493774, 0.0], "k_pid_alt": [2.0, 0.0035603344440460205, 0.9867074489593506], "k_pid_att": [95.0636978149414, 0.48259446024894714, 0.9375181794166565], "k_pid_yaw": [0.5, 1e-06, 0.1], "k_pid_hsp": [9.999999747378752e-05, 0.0, 1.0], "k_pid_vsp": [9.431278228759766, 369.59283447265625, 399.7577819824219]}, "datetime": {"datetime": "2025-08-13 14:42:35", "elapsed": 17683.866019964218, "delta": 28.125627517700195}, "costs": {"total_cost": 2198.899170008052, "time_cost": 150, "final_distance_cost": 142.98231361552408, "oscillation_cost": 724.7936474435887, "completition_cost": 1000.0, "overshoot_cost": 115.98321027204726, "power_cost": 36.71951618652344, "noise_cost": 28.420482490368382, "n_waypoints_completed": 0, "tot_waypoints": 9}}
{"target": -2138.225559404216, "params": {"k_pid_pos": [2.0, 0.0, 0.0], "k_pid_alt": [1.8838211297988892, 0.04740816354751587, 0.9233109951019287], "k_pid_att": [99.21758270263672, 9.999999747378752e-05, 1.0], "k_pid_yaw": [0.5, 1e-06, 0.1], "k_pid_hsp": [0.38384366035461426, 0.024632811546325684, 1.0], "k_pid_vsp": [17.453824996948242, 384.4306945800781, 400.0]}, "datetime": {"datetime": "2025-08-13 14:43:04", "elapsed": 17712.610640764236, "delta": 28.74462080001831}, "costs": {"total_cost": 2138.225559404216, "time_cost": 150, "final_distance_cost": 45.466154180992696, "oscillation_cost": 795.2861492339881, "completition_cost": 888.8888888888888, "overshoot_cost": 194.7288049631608, "power_cost": 35.78411400146484, "noise_cost": 28.071448135720903, "n_waypoints_completed": 1, "tot_waypoints": 9}}
{"target": -5682.212198064707, "params": {"k_pid_pos": [2.0, 0.015247255563735962, 0.013250470161437988], "k_pid_alt": [2.0, 0.0, 1.0], "k_pid_att": [100.0, 0.5171773433685303, 1.0], "k_pid_yaw": [0.5, 1e-06, 0.1], "k_pid_hsp": [9.999999747378752e-05, 0.006693482398986816, 0.9590259790420532], "k_pid_vsp": [24.738252639770508, 370.9353942871094, 400.0]}, "datetime": {"datetime": "2025-08-13 14:43:33", "elapsed": 17741.8205370903, "delta": 29.209896326065063}, "costs": {"total_cost": 5682.212198064707, "time_cost": 150, "final_distance_cost": 1356.3085918538036, "oscillation_cost": 742.5872931841336, "completition_cost": 1000.0, "overshoot_cost": 2372.151350845041, "power_cost": 33.53243074951172, "noise_cost": 27.632531432216187, "n_waypoints_completed": 0, "tot_waypoints": 9}}
{"target": -2146.194968334845, "params": {"k_pid_pos": [2.0, 0.005754202604293823, 0.0], "k_pid_alt": [1.9966638088226318, 0.0, 0.9110038876533508], "k_pid_att": [87.96720886230469, 9.999999747378752e-05, 0.9159484505653381], "k_pid_yaw": [0.5, 1e-06, 0.1], "k_pid_hsp": [9.999999747378752e-05, 0.0, 1.0], "k_pid_vsp": [0.0, 400.0, 354.71710205078125]}, "datetime": {"datetime": "2025-08-13 14:44:03", "elapsed": 17771.85485601425, "delta": 30.034318923950195}, "costs": {"total_cost": 2146.194968334845, "time_cost": 150, "final_distance_cost": 51.5712134456454, "oscillation_cost": 715.90695070798, "completition_cost": 1000.0, "overshoot_cost": 126.90734343515793, "power_cost": 44.09013935546875, "noise_cost": 57.71932139059285, "n_waypoints_completed": 0, "tot_waypoints": 9}}
{"target": -2988.578146589661, "params": {"k_pid_pos": [1.9246326684951782, 0.057209283113479614, 0.0], "k_pid_alt": [1.9042407274246216, 0.0, 1.0], "k_pid_att": [92.64961242675781, 9.999999747378752e-05, 1.0], "k_pid_yaw": [0.5, 1e-06, 0.1], "k_pid_hsp": [0.14490237832069397, 0.02250996232032776, 0.9917541742324829], "k_pid_vsp": [0.0, 351.080322265625, 400.0]}, "datetime": {"datetime": "2025-08-13 14:44:35", "elapsed": 17803.701763868332, "delta": 31.8469078540802}, "costs": {"total_cost": 2988.578146589661, "time_cost": 150, "final_distance_cost": 365.4818491752415, "oscillation_cost": 722.1903543130572, "completition_cost": 1000.0, "overshoot_cost": 688.2469973995335, "power_cost": 34.812236816406255, "noise_cost": 27.8467088854227, "n_waypoints_completed": 0, "tot_waypoints": 9}}
