{"target": -3412.6752251564853, "params": {"k_pid_pos": [1.9577797651290894, 0.0015102624893188477, 0.07479369640350342], "k_pid_alt": [2.0, 0.0, 0.9668488502502441], "k_pid_att": [96.55030822753906, 0.9780352711677551, 1.0], "k_pid_yaw": [0.5, 1e-06, 0.1], "k_pid_hsp": [9.999999747378752e-05, 0.0, 1.0], "k_pid_vsp": [12.289285659790039, 393.5746765136719, 400.0]}, "datetime": {"datetime": "2025-08-14 06:10:44", "elapsed": 73372.2061753273, "delta": 30.42018723487854}, "costs": {"total_cost": 3412.6752251564853, "time_cost": 150, "final_distance_cost": 613.5067091097593, "oscillation_cost": 848.9106594956968, "completition_cost": 1000.0, "overshoot_cost": 742.1229523182187, "power_cost": 31.80848983154297, "noise_cost": 26.32641440126781, "n_waypoints_completed": 0, "tot_waypoints": 9}}
{"target": -1755.1528772600977, "params": {"k_pid_pos": [1.9579672813415527, 0.0, 0.0], "k_pid_alt": [1.8693296909332275, 0.0723116397857666, 1.0], "k_pid_att": [97.47323608398438, 9.999999747378752e-05, 0.9885979294776917], "k_pid_yaw": [0.5, 1e-06, 0.1], "k_pid_hsp": [0.5151633024215698, 0.012713372707366943, 0.9085261821746826], "k_pid_vsp": [2.625763416290283, 398.20123291015625, 391.7932434082031]}, "datetime": {"datetime": "2025-08-14 06:11:11", "elapsed": 73399.85294771194, "delta": 27.646772384643555}, "costs": {"total_cost": 1755.1528772600977, "time_cost": 150, "final_distance_cost": 159.68853944565686, "oscillation_cost": 482.374938669274, "completition_cost": 777.7777777777778, "overshoot_cost": 118.34257880633554, "power_cost": 37.59277934570313, "noise_cost": 29.376263215350562, "n_waypoints_completed": 2, "tot_waypoints": 9}}
{"target": -4924.24774775145, "params": {"k_pid_pos": [2.0, 0.04936838150024414, 0.07887601852416992], "k_pid_alt": [1.9457768201828003, 0.0, 0.9633915424346924], "k_pid_att": [100.0, 0.6761314868927002, 1.0], "k_pid_yaw": [0.5, 1e-06, 0.1], "k_pid_hsp": [9.999999747378752e-05, 0.04076564311981201, 0.9862329363822937], "k_pid_vsp": [25.83761215209961, 400.0, 396.28485107421875]}, "datetime": {"datetime": "2025-08-14 06:11:40", "elapsed": 73428.30705571175, "delta": 28.454107999801636}, "costs": {"total_cost": 4924.24774775145, "time_cost": 150, "final_distance_cost": 858.5047941601326, "oscillation_cost": 818.0843505941928, "completition_cost": 888.8888888888888, "overshoot_cost": 2147.708087858692, "power_cost": 33.52795126953125, "noise_cost": 27.533674980012798, "n_waypoints_completed": 1, "tot_waypoints": 9}}
{"target": -1842.0729109419322, "params": {"k_pid_pos": [2.0, 0.02816346287727356, 0.0], "k_pid_alt": [1.8855202198028564, 0.0, 0.9620332717895508], "k_pid_att": [95.3806381225586, 0.14817999303340912, 0.9690192937850952], "k_pid_yaw": [0.5, 1e-06, 0.1], "k_pid_hsp": [0.27796900272369385, 0.0, 0.987262487411499], "k_pid_vsp": [18.346750259399414, 371.9165344238281, 392.2399597167969]}, "datetime": {"datetime": "2025-08-14 06:12:09", "elapsed": 73457.23800897598, "delta": 28.93095326423645}, "costs": {"total_cost": 1842.0729109419322, "time_cost": 150, "final_distance_cost": 60.560407197707995, "oscillation_cost": 545.2745378070867, "completition_cost": 888.8888888888888, "overshoot_cost": 130.0042673149058, "power_cost": 38.35517327880859, "noise_cost": 28.98963645453429, "n_waypoints_completed": 1, "tot_waypoints": 9}}
{"target": -3408.8142586300096, "params": {"k_pid_pos": [2.0, 0.0023304224014282227, 0.0], "k_pid_alt": [2.0, 0.04495057463645935, 1.0], "k_pid_att": [100.0, 9.999999747378752e-05, 1.0], "k_pid_yaw": [0.5, 1e-06, 0.1], "k_pid_hsp": [9.999999747378752e-05, 0.10010451078414917, 0.9616235494613647], "k_pid_vsp": [29.685997009277344, 400.0, 400.0]}, "datetime": {"datetime": "2025-08-14 06:12:37", "elapsed": 73485.26407551765, "delta": 28.026066541671753}, "costs": {"total_cost": 3408.8142586300096, "time_cost": 150, "final_distance_cost": 512.611531622333, "oscillation_cost": 722.3768148722253, "completition_cost": 1000.0, "overshoot_cost": 964.4393973819997, "power_cost": 32.07881672363281, "noise_cost": 27.307698029818887, "n_waypoints_completed": 0, "tot_waypoints": 9}}
{"target": -2234.8246252620597, "params": {"k_pid_pos": [1.9816913604736328, 0.001283019781112671, 0.0], "k_pid_alt": [1.7494773864746094, 0.07193771004676819, 1.0], "k_pid_att": [100.0, 0.4513818919658661, 1.0], "k_pid_yaw": [0.5, 1e-06, 0.1], "k_pid_hsp": [0.14980658888816833, 0.04243886470794678, 0.9052108526229858], "k_pid_vsp": [10.883831977844238, 387.74322509765625, 386.1568298339844]}, "datetime": {"datetime": "2025-08-14 06:13:05", "elapsed": 73514.07092237473, "delta": 28.806846857070923}, "costs": {"total_cost": 2234.8246252620597, "time_cost": 150, "final_distance_cost": 9.713870941666164, "oscillation_cost": 739.4979492435617, "completition_cost": 1000.0, "overshoot_cost": 192.77569286674014, "power_cost": 51.783236181640625, "noise_cost": 91.05387602845119, "n_waypoints_completed": 0, "tot_waypoints": 9}}
{"target": -10722.981061240722, "params": {"k_pid_pos": [2.0, 0.05955159664154053, 0.0], "k_pid_alt": [2.0, 0.0, 0.9425249695777893], "k_pid_att": [100.0, 0.20215265452861786, 1.0], "k_pid_yaw": [0.5, 1e-06, 0.1], "k_pid_hsp": [0.07849124819040298, 0.027654409408569336, 1.0], "k_pid_vsp": [0.0, 400.0, 400.0]}, "datetime": {"datetime": "2025-08-14 06:13:35", "elapsed": 73543.82814788818, "delta": 29.757225513458252}, "costs": {"total_cost": 10722.981061240722, "time_cost": 150, "final_distance_cost": 2767.1167525662772, "oscillation_cost": 790.5538465968501, "completition_cost": 1000.0, "overshoot_cost": 5955.003303398913, "power_cost": 33.0992783203125, "noise_cost": 27.207880358368797, "n_waypoints_completed": 0, "tot_waypoints": 9}}
{"target": -2203.963556928483, "params": {"k_pid_pos": [1.8876053094863892, 0.07511800527572632, 0.018511980772018433], "k_pid_alt": [2.0, 0.0, 0.9820575714111328], "k_pid_att": [98.67410278320312, 0.06787218898534775, 0.9920333623886108], "k_pid_yaw": [0.5, 1e-06, 0.1], "k_pid_hsp": [9.999999747378752e-05, 0.0, 1.0], "k_pid_vsp": [26.93914222717285, 400.0, 384.6535339355469]}, "datetime": {"datetime": "2025-08-14 06:14:04", "elapsed": 73572.56523251534, "delta": 28.73708462715149}, "costs": {"total_cost": 2203.963556928483, "time_cost": 150, "final_distance_cost": 57.44314133889638, "oscillation_cost": 846.432228513981, "completition_cost": 1000.0, "overshoot_cost": 84.38619102822551, "power_cost": 37.3092103515625, "noise_cost": 28.3927856958181, "n_waypoints_completed": 0, "tot_waypoints": 9}}
{"target": -2070.302395752522, "params": {"k_pid_pos": [2.0, 0.04632052779197693, 0.0], "k_pid_alt": [2.0, 0.0, 1.0], "k_pid_att": [100.0, 0.23089104890823364, 1.0], "k_pid_yaw": [0.5, 1e-06, 0.1], "k_pid_hsp": [0.331112265586853, 0.0, 1.0], "k_pid_vsp": [0.0, 400.0, 400.0]}, "datetime": {"datetime": "2025-08-14 06:14:33", "elapsed": 73602.02585816383, "delta": 29.460625648498535}, "costs": {"total_cost": 2070.302395752522, "time_cost": 150, "final_distance_cost": 22.248411379638686, "oscillation_cost": 656.9623710574516, "completition_cost": 1000.0, "overshoot_cost": 135.95243164065175, "power_cost": 42.51701279296875, "noise_cost": 62.62216888181144, "n_waypoints_completed": 0, "tot_waypoints": 9}}
{"target": -7214.015094237347, "params": {"k_pid_pos": [1.9753443002700806, 0.0, 0.0017688274383544922], "k_pid_alt": [2.0, 0.0, 1.0], "k_pid_att": [96.7680435180664, 9.999999747378752e-05, 0.9912230372428894], "k_pid_yaw": [0.5, 1e-06, 0.1], "k_pid_hsp": [1.1778801679611206, 0.0, 1.0], "k_pid_vsp": [9.853911399841309, 400.0, 399.69683837890625]}, "datetime": {"datetime": "2025-08-14 06:15:04", "elapsed": 73632.22076106071, "delta": 30.194902896881104}, "costs": {"total_cost": 7214.015094237347, "time_cost": 150, "final_distance_cost": 1966.7125881410182, "oscillation_cost": 682.2234939797257, "completition_cost": 1000.0, "overshoot_cost": 3350.6823001372572, "power_cost": 34.12879686279297, "noise_cost": 30.267915116551695, "n_waypoints_completed": 0, "tot_waypoints": 9}}
{"target": -6446.75409745732, "params": {"k_pid_pos": [1.9738043546676636, 0.0, 0.0003904402256011963], "k_pid_alt": [1.8394761085510254, 0.0, 1.0], "k_pid_att": [99.88675689697266, 9.999999747378752e-05, 0.9410572052001953], "k_pid_yaw": [0.5, 1e-06, 0.1], "k_pid_hsp": [0.17760086059570312, 0.0, 1.0], "k_pid_vsp": [0.0, 400.0, 390.80499267578125]}, "datetime": {"datetime": "2025-08-14 06:15:32", "elapsed": 73660.25641417503, "delta": 28.035653114318848}, "costs": {"total_cost": 6446.75409745732, "time_cost": 150, "final_distance_cost": 1276.809414465131, "oscillation_cost": 752.852934895757, "completition_cost": 1000.0, "overshoot_cost": 3205.061730249206, "power_cost": 34.22422030029297, "noise_cost": 27.805797546932666, "n_waypoints_completed": 0, "tot_waypoints": 9}}
{"target": -4680.576809633924, "params": {"k_pid_pos": [2.0, 0.0, 0.0], "k_pid_alt": [2.0, 0.0, 1.0], "k_pid_att": [95.54600524902344, 0.4393138587474823, 1.0], "k_pid_yaw": [0.5, 1e-06, 0.1], "k_pid_hsp": [0.7758431434631348, 0.0025503933429718018, 1.0], "k_pid_vsp": [0.0, 400.0, 400.0]}, "datetime": {"datetime": "2025-08-14 06:16:03", "elapsed": 73691.51622843742, "delta": 31.259814262390137}, "costs": {"total_cost": 4680.576809633924, "time_cost": 150, "final_distance_cost": 1031.330589805848, "oscillation_cost": 390.86667788800133, "completition_cost": 1000.0, "overshoot_cost": 2043.9626250607575, "power_cost": 35.02448715820313, "noise_cost": 29.392429721112975, "n_waypoints_completed": 0, "tot_waypoints": 9}}
{"target": -2128.6578739152887, "params": {"k_pid_pos": [1.87221360206604, 0.0, 0.0], "k_pid_alt": [2.0, 0.04549369215965271, 1.0], "k_pid_att": [98.48081970214844, 9.999999747378752e-05, 0.9843007922172546], "k_pid_yaw": [0.5, 1e-06, 0.1], "k_pid_hsp": [9.999999747378752e-05, 0.0, 1.0], "k_pid_vsp": [0.11107921600341797, 396.9507751464844, 375.8006591796875]}, "datetime": {"datetime": "2025-08-14 06:16:32", "elapsed": 73720.63565182686, "delta": 29.119423389434814}, "costs": {"total_cost": 2128.6578739152887, "time_cost": 150, "final_distance_cost": 33.74174125679913, "oscillation_cost": 773.0969069518558, "completition_cost": 1000.0, "overshoot_cost": 94.85799461222926, "power_cost": 40.79157801513672, "noise_cost": 36.16965307926818, "n_waypoints_completed": 0, "tot_waypoints": 9}}
{"target": -6020.618205137374, "params": {"k_pid_pos": [1.8594508171081543, 0.0, 0.0], "k_pid_alt": [2.0, 0.0, 1.0], "k_pid_att": [100.0, 0.2848171889781952, 0.9951856136322021], "k_pid_yaw": [0.5, 1e-06, 0.1], "k_pid_hsp": [0.6357828378677368, 0.07800111174583435, 1.0], "k_pid_vsp": [6.873726844787598, 400.0, 400.0]}, "datetime": {"datetime": "2025-08-14 06:17:01", "elapsed": 73749.6145207882, "delta": 28.97886896133423}, "costs": {"total_cost": 6020.618205137374, "time_cost": 150, "final_distance_cost": 1053.0019439431942, "oscillation_cost": 770.1967155337607, "completition_cost": 1000.0, "overshoot_cost": 2984.5258051843557, "power_cost": 34.553204199218754, "noise_cost": 28.340536276844524, "n_waypoints_completed": 0, "tot_waypoints": 9}}
{"target": -3611.9426593460685, "params": {"k_pid_pos": [2.0, 0.024462491273880005, 0.014270633459091187], "k_pid_alt": [1.9870176315307617, 0.0, 1.0], "k_pid_att": [100.0, 0.14651913940906525, 0.9157904982566833], "k_pid_yaw": [0.5, 1e-06, 0.1], "k_pid_hsp": [9.999999747378752e-05, 0.04773035645484924, 0.9577789306640625], "k_pid_vsp": [0.0, 382.39794921875, 389.9486389160156]}, "datetime": {"datetime": "2025-08-14 06:17:28", "elapsed": 73776.58696484566, "delta": 26.9724440574646}, "costs": {"total_cost": 3611.9426593460685, "time_cost": 150, "final_distance_cost": 729.8686723570188, "oscillation_cost": 835.5288505216513, "completition_cost": 1000.0, "overshoot_cost": 833.8922452893567, "power_cost": 34.71339372558594, "noise_cost": 27.939497452455804, "n_waypoints_completed": 0, "tot_waypoints": 9}}
{"target": -2734.634032133501, "params": {"k_pid_pos": [1.9538735151290894, 0.0, 0.0], "k_pid_alt": [1.9824256896972656, 0.007585197687149048, 1.0], "k_pid_att": [100.0, 9.999999747378752e-05, 1.0], "k_pid_yaw": [0.5, 1e-06, 0.1], "k_pid_hsp": [9.999999747378752e-05, 0.015756666660308838, 1.0], "k_pid_vsp": [0.0, 400.0, 386.120849609375]}, "datetime": {"datetime": "2025-08-14 06:18:00", "elapsed": 73808.58366322517, "delta": 31.9966983795166}, "costs": {"total_cost": 2734.634032133501, "time_cost": 150, "final_distance_cost": 428.8010476505777, "oscillation_cost": 672.4104855087247, "completition_cost": 1000.0, "overshoot_cost": 419.25246417926263, "power_cost": 35.76405798339844, "noise_cost": 28.405976811537954, "n_waypoints_completed": 0, "tot_waypoints": 9}}
{"target": -1739.93127099087, "params": {"k_pid_pos": [1.8593429327011108, 0.037935614585876465, 0.0], "k_pid_alt": [1.988315224647522, 0.05426543951034546, 1.0], "k_pid_att": [96.94559478759766, 9.999999747378752e-05, 1.0], "k_pid_yaw": [0.5, 1e-06, 0.1], "k_pid_hsp": [0.9073213338851929, 0.029623448848724365, 1.0], "k_pid_vsp": [0.0, 400.0, 350.1688537597656]}, "datetime": {"datetime": "2025-08-14 06:18:27", "elapsed": 73836.0758304596, "delta": 27.492167234420776}, "costs": {"total_cost": 1739.93127099087, "time_cost": 150, "final_distance_cost": 58.08825693109147, "oscillation_cost": 363.8293439182291, "completition_cost": 888.8888888888888, "overshoot_cost": 139.32235191405286, "power_cost": 40.73965504150391, "noise_cost": 99.06277429710366, "n_waypoints_completed": 1, "tot_waypoints": 9}}
{"target": -2228.339224543672, "params": {"k_pid_pos": [1.9646934270858765, 0.0, 0.0], "k_pid_alt": [1.991539716720581, 0.01095491647720337, 1.0], "k_pid_att": [95.65470886230469, 9.999999747378752e-05, 1.0], "k_pid_yaw": [0.5, 1e-06, 0.1], "k_pid_hsp": [9.999999747378752e-05, 0.03206890821456909, 0.980330228805542], "k_pid_vsp": [12.606501579284668, 400.0, 378.3766174316406]}, "datetime": {"datetime": "2025-08-14 06:18:57", "elapsed": 73865.43749642372, "delta": 29.361665964126587}, "costs": {"total_cost": 2228.339224543672, "time_cost": 150, "final_distance_cost": 88.58475375726492, "oscillation_cost": 704.6700525808541, "completition_cost": 1000.0, "overshoot_cost": 201.79924957689, "power_cost": 40.81047690429688, "noise_cost": 42.474691724366195, "n_waypoints_completed": 0, "tot_waypoints": 9}}
{"target": -2880.3892657585347, "params": {"k_pid_pos": [1.9312671422958374, 0.06449779868125916, 0.0], "k_pid_alt": [1.9218661785125732, 0.01795002818107605, 0.8639875650405884], "k_pid_att": [97.80280303955078, 1.0059434175491333, 1.0], "k_pid_yaw": [0.5, 1e-06, 0.1], "k_pid_hsp": [0.44244277477264404, 0.0, 1.0], "k_pid_vsp": [0.0, 400.0, 380.9281005859375]}, "datetime": {"datetime": "2025-08-14 06:19:26", "elapsed": 73894.98761534691, "delta": 29.550118923187256}, "costs": {"total_cost": 2880.3892657585347, "time_cost": 150, "final_distance_cost": 352.99078438860073, "oscillation_cost": 723.8749166711386, "completition_cost": 1000.0, "overshoot_cost": 590.9736744764048, "power_cost": 34.338727587890624, "noise_cost": 28.211162634500063, "n_waypoints_completed": 0, "tot_waypoints": 9}}
{"target": -4346.250206328895, "params": {"k_pid_pos": [1.9059910774230957, 0.032059431076049805, 0.0], "k_pid_alt": [2.0, 0.0, 1.0], "k_pid_att": [98.53791809082031, 0.10447205603122711, 0.9888718128204346], "k_pid_yaw": [0.5, 1e-06, 0.1], "k_pid_hsp": [0.748733401298523, 0.0023772716522216797, 1.0], "k_pid_vsp": [10.193883895874023, 400.0, 398.22271728515625]}, "datetime": {"datetime": "2025-08-14 06:19:53", "elapsed": 73921.71856927872, "delta": 26.73095393180847}, "costs": {"total_cost": 4346.250206328895, "time_cost": 150, "final_distance_cost": 1124.5094436298498, "oscillation_cost": 733.6421170741106, "completition_cost": 1000.0, "overshoot_cost": 1274.1950588300433, "power_cost": 34.50303863525391, "noise_cost": 29.40054815963688, "n_waypoints_completed": 0, "tot_waypoints": 9}}
{"target": -2196.7503784382166, "params": {"k_pid_pos": [2.0, 0.03312847018241882, 0.0], "k_pid_alt": [2.0, 0.0, 1.0], "k_pid_att": [100.0, 0.39324650168418884, 1.0], "k_pid_yaw": [0.5, 1e-06, 0.1], "k_pid_hsp": [9.999999747378752e-05, 0.06927579641342163, 1.0], "k_pid_vsp": [13.269317626953125, 400.0, 391.05694580078125]}, "datetime": {"datetime": "2025-08-14 06:20:22", "elapsed": 73951.0650818348, "delta": 29.34651255607605}, "costs": {"total_cost": 2196.7503784382166, "time_cost": 150, "final_distance_cost": 6.873698462446905, "oscillation_cost": 706.1221566665425, "completition_cost": 1000.0, "overshoot_cost": 171.66731045969394, "power_cost": 45.067405603027346, "noise_cost": 117.01980724650593, "n_waypoints_completed": 0, "tot_waypoints": 9}}
{"target": -2344.6702044433796, "params": {"k_pid_pos": [1.8940379619598389, 0.00042435526847839355, 0.0], "k_pid_alt": [1.9090819358825684, 0.0, 1.0], "k_pid_att": [97.11461639404297, 0.25193482637405396, 0.9972489476203918], "k_pid_yaw": [0.5, 1e-06, 0.1], "k_pid_hsp": [9.999999747378752e-05, 0.0, 0.9965395927429199], "k_pid_vsp": [33.750282287597656, 391.8655700683594, 400.0]}, "datetime": {"datetime": "2025-08-14 06:20:52", "elapsed": 73980.52425050735, "delta": 29.459168672561646}, "costs": {"total_cost": 2344.6702044433796, "time_cost": 150, "final_distance_cost": 217.76526967474032, "oscillation_cost": 696.4370952869464, "completition_cost": 1000.0, "overshoot_cost": 218.79297679155493, "power_cost": 34.06247362060547, "noise_cost": 27.61238906953251, "n_waypoints_completed": 0, "tot_waypoints": 9}}
{"target": -2151.501701715967, "params": {"k_pid_pos": [1.7662955522537231, 0.07715639472007751, 0.0], "k_pid_alt": [2.0, 0.008631497621536255, 0.9504373073577881], "k_pid_att": [100.0, 9.999999747378752e-05, 0.9807677268981934], "k_pid_yaw": [0.5, 1e-06, 0.1], "k_pid_hsp": [9.999999747378752e-05, 0.081576406955719, 0.905135989189148], "k_pid_vsp": [0.0, 400.0, 400.0]}, "datetime": {"datetime": "2025-08-14 06:21:19", "elapsed": 74007.93300056458, "delta": 27.40875005722046}, "costs": {"total_cost": 2151.501701715967, "time_cost": 150, "final_distance_cost": 10.997699167508346, "oscillation_cost": 750.7893313904591, "completition_cost": 1000.0, "overshoot_cost": 111.92597478507625, "power_cost": 40.88660715332031, "noise_cost": 86.90208921960334, "n_waypoints_completed": 0, "tot_waypoints": 9}}
{"target": -3957.934407320569, "params": {"k_pid_pos": [1.911502480506897, 0.06483238935470581, 0.0], "k_pid_alt": [1.9611730575561523, 0.004377812147140503, 0.9885003566741943], "k_pid_att": [100.0, 0.11700231581926346, 0.9985595941543579], "k_pid_yaw": [0.5, 1e-06, 0.1], "k_pid_hsp": [0.3692445456981659, 0.06303149461746216, 1.0], "k_pid_vsp": [1.4910459518432617, 400.0, 400.0]}, "datetime": {"datetime": "2025-08-14 06:21:49", "elapsed": 74037.33486294746, "delta": 29.401862382888794}, "costs": {"total_cost": 3957.934407320569, "time_cost": 150, "final_distance_cost": 876.7819595173675, "oscillation_cost": 638.4456130595382, "completition_cost": 1000.0, "overshoot_cost": 1229.9015945080876, "power_cost": 34.519383154296875, "noise_cost": 28.285857081278845, "n_waypoints_completed": 0, "tot_waypoints": 9}}
{"target": -8184.775797516256, "params": {"k_pid_pos": [1.9279290437698364, 0.0, 0.0015037357807159424], "k_pid_alt": [1.9185434579849243, 0.10652589797973633, 0.958672821521759], "k_pid_att": [100.0, 9.999999747378752e-05, 0.9442986845970154], "k_pid_yaw": [0.5, 1e-06, 0.1], "k_pid_hsp": [0.6927765607833862, 0.0, 1.0], "k_pid_vsp": [15.713441848754883, 400.0, 373.43206787109375]}, "datetime": {"datetime": "2025-08-14 06:22:18", "elapsed": 74066.61733055115, "delta": 29.28246760368347}, "costs": {"total_cost": 8184.775797516256, "time_cost": 150, "final_distance_cost": 1973.5856264493202, "oscillation_cost": 809.7953730106544, "completition_cost": 1000.0, "overshoot_cost": 4191.277160684064, "power_cost": 32.09856334228516, "noise_cost": 28.01907402993107, "n_waypoints_completed": 0, "tot_waypoints": 9}}
{"target": -1896.2987712805357, "params": {"k_pid_pos": [2.0, 0.03386262059211731, 0.0020235180854797363], "k_pid_alt": [1.9718775749206543, 0.0, 0.9425644874572754], "k_pid_att": [97.2439956665039, 9.999999747378752e-05, 0.9326199293136597], "k_pid_yaw": [0.5, 1e-06, 0.1], "k_pid_hsp": [0.5335812568664551, 0.1347959041595459, 1.0], "k_pid_vsp": [0.0, 398.70672607421875, 400.0]}, "datetime": {"datetime": "2025-08-14 06:22:48", "elapsed": 74096.80954527855, "delta": 30.192214727401733}, "costs": {"total_cost": 1896.2987712805357, "time_cost": 150, "final_distance_cost": 4.928300269618726, "oscillation_cost": 412.59836428135327, "completition_cost": 1000.0, "overshoot_cost": 217.58107857145927, "power_cost": 39.26908531494141, "noise_cost": 71.92194284316308, "n_waypoints_completed": 0, "tot_waypoints": 9}}
{"target": -1902.1232050373178, "params": {"k_pid_pos": [1.8634134531021118, 0.04644376039505005, 0.0], "k_pid_alt": [2.0, 0.01103261113166809, 0.9745956063270569], "k_pid_att": [95.9898681640625, 0.8453712463378906, 1.0], "k_pid_yaw": [0.5, 1e-06, 0.1], "k_pid_hsp": [0.6823657751083374, 0.06911242008209229, 0.9015301465988159], "k_pid_vsp": [12.591862678527832, 400.0, 381.0788269042969]}, "datetime": {"datetime": "2025-08-14 06:23:17", "elapsed": 74125.36076974869, "delta": 28.55122447013855}, "costs": {"total_cost": 1902.1232050373178, "time_cost": 150, "final_distance_cost": 68.23174604827798, "oscillation_cost": 605.6450230277383, "completition_cost": 888.8888888888888, "overshoot_cost": 95.3355112086016, "power_cost": 38.78976633300781, "noise_cost": 55.2322695308033, "n_waypoints_completed": 1, "tot_waypoints": 9}}
