{"target": -5152.783772805566, "params": {"k_pid_pos": [2.0, 0.06314361095428467, 0.027417123317718506], "k_pid_alt": [1.9239985942840576, 0.0, 1.0], "k_pid_att": [100.0, 9.999999747378752e-05, 0.9785201549530029], "k_pid_yaw": [0.5, 1e-06, 0.1], "k_pid_hsp": [9.999999747378752e-05, 0.07394665479660034, 1.0], "k_pid_vsp": [0.0, 387.5027160644531, 364.9528503417969]}, "datetime": {"datetime": "2025-08-13 12:28:44", "elapsed": 9652.29935002327, "delta": 31.979303121566772}, "costs": {"total_cost": 5152.783772805566, "time_cost": 150, "final_distance_cost": 1073.3937116750915, "oscillation_cost": 974.2971454277684, "completition_cost": 1000.0, "overshoot_cost": 1893.5482307710722, "power_cost": 34.06771623535156, "noise_cost": 27.476968696282643, "n_waypoints_completed": 0, "tot_waypoints": 9}}
{"target": -6076.358672156713, "params": {"k_pid_pos": [1.8818631172180176, 0.0, 0.0], "k_pid_alt": [2.0, 0.0, 0.9820711612701416], "k_pid_att": [95.10298919677734, 0.32831326127052307, 0.9978367686271667], "k_pid_yaw": [0.5, 1e-06, 0.1], "k_pid_hsp": [9.999999747378752e-05, 0.0014594495296478271, 0.9942077994346619], "k_pid_vsp": [9.405684471130371, 400.0, 400.0]}, "datetime": {"datetime": "2025-08-13 12:29:16", "elapsed": 9684.74698138237, "delta": 32.44763135910034}, "costs": {"total_cost": 6076.358672156713, "time_cost": 150, "final_distance_cost": 1360.4531368355645, "oscillation_cost": 840.5039681106955, "completition_cost": 1000.0, "overshoot_cost": 2665.6409378020826, "power_cost": 32.487733911132814, "noise_cost": 27.272895497237066, "n_waypoints_completed": 0, "tot_waypoints": 9}}
{"target": -1563.1978895104717, "params": {"k_pid_pos": [2.0, 0.048909395933151245, 0.0], "k_pid_alt": [1.9083092212677002, 0.0, 0.9932137727737427], "k_pid_att": [99.87557220458984, 9.999999747378752e-05, 0.9592211246490479], "k_pid_yaw": [0.5, 1e-06, 0.1], "k_pid_hsp": [0.9612501859664917, 0.009122252464294434, 0.944927453994751], "k_pid_vsp": [11.458694458007812, 400.0, 400.0]}, "datetime": {"datetime": "2025-08-13 12:29:47", "elapsed": 9715.666075706482, "delta": 30.91909432411194}, "costs": {"total_cost": 1563.1978895104717, "time_cost": 150, "final_distance_cost": 80.60688108469257, "oscillation_cost": 362.84558844430785, "completition_cost": 777.7777777777778, "overshoot_cost": 103.60125654916341, "power_cost": 38.3486912475586, "noise_cost": 50.01769440697134, "n_waypoints_completed": 2, "tot_waypoints": 9}}
{"target": -2223.2616758358577, "params": {"k_pid_pos": [2.0, 0.013633191585540771, 0.04088318347930908], "k_pid_alt": [2.0, 0.0, 0.9785391092300415], "k_pid_att": [96.90408325195312, 0.35886508226394653, 1.0], "k_pid_yaw": [0.5, 1e-06, 0.1], "k_pid_hsp": [0.1032656654715538, 0.033424556255340576, 1.0], "k_pid_vsp": [19.87545394897461, 386.7431640625, 400.0]}, "datetime": {"datetime": "2025-08-13 12:30:17", "elapsed": 9745.832530498505, "delta": 30.166454792022705}, "costs": {"total_cost": 2223.2616758358577, "time_cost": 150, "final_distance_cost": 66.25093689548171, "oscillation_cost": 714.1744083480836, "completition_cost": 1000.0, "overshoot_cost": 192.02863089057917, "power_cost": 39.34814182128906, "noise_cost": 61.45955788042404, "n_waypoints_completed": 0, "tot_waypoints": 9}}
{"target": -6313.891682205032, "params": {"k_pid_pos": [1.8906316757202148, 0.0, 0.0], "k_pid_alt": [2.0, 0.0, 1.0], "k_pid_att": [95.38363647460938, 0.9967861175537109, 1.0], "k_pid_yaw": [0.5, 1e-06, 0.1], "k_pid_hsp": [9.999999747378752e-05, 0.09709513187408447, 0.9964673519134521], "k_pid_vsp": [0.0, 400.0, 400.0]}, "datetime": {"datetime": "2025-08-13 12:30:48", "elapsed": 9776.305168151855, "delta": 30.47263765335083}, "costs": {"total_cost": 6313.891682205032, "time_cost": 150, "final_distance_cost": 1227.7383207991554, "oscillation_cost": 805.0085665294752, "completition_cost": 1000.0, "overshoot_cost": 3070.863530515245, "power_cost": 33.02655668945312, "noise_cost": 27.254707671703226, "n_waypoints_completed": 0, "tot_waypoints": 9}}
{"target": -3645.050721373726, "params": {"k_pid_pos": [2.0, 0.036671727895736694, 0.03208369016647339], "k_pid_alt": [2.0, 0.012965381145477295, 1.0], "k_pid_att": [100.0, 0.7161526679992676, 1.0], "k_pid_yaw": [0.5, 1e-06, 0.1], "k_pid_hsp": [9.999999747378752e-05, 0.0, 0.9908339977264404], "k_pid_vsp": [0.0, 400.0, 400.0]}, "datetime": {"datetime": "2025-08-13 12:31:17", "elapsed": 9805.572413682938, "delta": 29.267245531082153}, "costs": {"total_cost": 3645.050721373726, "time_cost": 150, "final_distance_cost": 582.7947531998275, "oscillation_cost": 829.1711248687071, "completition_cost": 1000.0, "overshoot_cost": 1019.046321474208, "power_cost": 35.84342106933594, "noise_cost": 28.195100761647815, "n_waypoints_completed": 0, "tot_waypoints": 9}}
{"target": -2255.353811832054, "params": {"k_pid_pos": [1.9925973415374756, 0.0, 0.0697842538356781], "k_pid_alt": [2.0, 0.0, 0.9239922761917114], "k_pid_att": [98.77017974853516, 9.999999747378752e-05, 1.0], "k_pid_yaw": [0.5, 1e-06, 0.1], "k_pid_hsp": [0.034068647772073746, 0.0, 0.9335814714431763], "k_pid_vsp": [0.0, 400.0, 375.8492431640625]}, "datetime": {"datetime": "2025-08-13 12:31:46", "elapsed": 9834.808199167252, "delta": 29.235785484313965}, "costs": {"total_cost": 2255.353811832054, "time_cost": 150, "final_distance_cost": 83.91433564687564, "oscillation_cost": 718.5802832232567, "completition_cost": 1000.0, "overshoot_cost": 213.49201394478297, "power_cost": 41.088958813476566, "noise_cost": 48.27822020366186, "n_waypoints_completed": 0, "tot_waypoints": 9}}
{"target": -1729.5478585643832, "params": {"k_pid_pos": [2.0, 0.0, 0.03908136487007141], "k_pid_alt": [2.0, 0.08780160546302795, 0.955991268157959], "k_pid_att": [99.01048278808594, 0.1506410539150238, 0.9334951639175415], "k_pid_yaw": [0.5, 1e-06, 0.1], "k_pid_hsp": [0.6351853013038635, 0.0, 1.0], "k_pid_vsp": [16.377174377441406, 396.926513671875, 400.0]}, "datetime": {"datetime": "2025-08-13 12:32:16", "elapsed": 9864.246014118195, "delta": 29.437814950942993}, "costs": {"total_cost": 1729.5478585643832, "time_cost": 150, "final_distance_cost": 71.12968836488687, "oscillation_cost": 442.0249859581043, "completition_cost": 888.8888888888888, "overshoot_cost": 99.73180293665038, "power_cost": 38.53142313232422, "noise_cost": 39.24106928352832, "n_waypoints_completed": 1, "tot_waypoints": 9}}
{"target": -7486.228960296533, "params": {"k_pid_pos": [1.9184212684631348, 0.02530759572982788, 0.02009493112564087], "k_pid_alt": [2.0, 0.0, 1.0], "k_pid_att": [100.0, 9.999999747378752e-05, 0.9951589107513428], "k_pid_yaw": [0.5, 1e-06, 0.1], "k_pid_hsp": [9.999999747378752e-05, 0.010730743408203125, 0.9887186288833618], "k_pid_vsp": [0.0, 400.0, 397.1657409667969]}, "datetime": {"datetime": "2025-08-13 12:32:45", "elapsed": 9893.369457244873, "delta": 29.123443126678467}, "costs": {"total_cost": 7486.228960296533, "time_cost": 150, "final_distance_cost": 1721.4044452853047, "oscillation_cost": 794.265026317738, "completition_cost": 1000.0, "overshoot_cost": 3759.0368885365338, "power_cost": 33.822919616699224, "noise_cost": 27.699680540257084, "n_waypoints_completed": 0, "tot_waypoints": 9}}
{"target": -5442.8588034852355, "params": {"k_pid_pos": [1.9445141553878784, 0.041909605264663696, 0.0], "k_pid_alt": [1.9669570922851562, 0.0, 1.0], "k_pid_att": [91.09986114501953, 0.23027145862579346, 1.0], "k_pid_yaw": [0.5, 1e-06, 0.1], "k_pid_hsp": [9.999999747378752e-05, 0.0, 0.9924218654632568], "k_pid_vsp": [0.0, 400.0, 400.0]}, "datetime": {"datetime": "2025-08-13 12:33:14", "elapsed": 9922.68880391121, "delta": 29.31934666633606}, "costs": {"total_cost": 5442.8588034852355, "time_cost": 150, "final_distance_cost": 1003.7289234329223, "oscillation_cost": 779.6813851062111, "completition_cost": 1000.0, "overshoot_cost": 2445.084697269057, "power_cost": 35.895105859375, "noise_cost": 28.46869181767049, "n_waypoints_completed": 0, "tot_waypoints": 9}}
{"target": -4063.7778385119427, "params": {"k_pid_pos": [2.0, 0.0009418725967407227, 0.0], "k_pid_alt": [2.0, 0.06792068481445312, 0.8996148705482483], "k_pid_att": [100.0, 9.999999747378752e-05, 1.0], "k_pid_yaw": [0.5, 1e-06, 0.1], "k_pid_hsp": [1.0940649509429932, 0.0, 0.9980978965759277], "k_pid_vsp": [7.358372211456299, 400.0, 400.0]}, "datetime": {"datetime": "2025-08-13 12:33:44", "elapsed": 9952.183781147003, "delta": 29.494977235794067}, "costs": {"total_cost": 4063.7778385119427, "time_cost": 150, "final_distance_cost": 515.814660117186, "oscillation_cost": 687.5521534239044, "completition_cost": 1000.0, "overshoot_cost": 1643.9599389788677, "power_cost": 35.845663574218754, "noise_cost": 30.605422417765915, "n_waypoints_completed": 0, "tot_waypoints": 9}}
{"target": -3240.047420601804, "params": {"k_pid_pos": [1.9957945346832275, 0.0, 0.0], "k_pid_alt": [2.0, 0.037142425775527954, 0.9494697451591492], "k_pid_att": [93.95964813232422, 9.999999747378752e-05, 1.0], "k_pid_yaw": [0.5, 1e-06, 0.1], "k_pid_hsp": [0.5935578346252441, 0.05004522204399109, 1.0], "k_pid_vsp": [18.584239959716797, 400.0, 400.0]}, "datetime": {"datetime": "2025-08-13 12:34:13", "elapsed": 9981.200334787369, "delta": 29.0165536403656}, "costs": {"total_cost": 3240.047420601804, "time_cost": 150, "final_distance_cost": 754.9646791379279, "oscillation_cost": 566.1916011407609, "completition_cost": 888.8888888888888, "overshoot_cost": 815.2188009926077, "power_cost": 35.705726391601566, "noise_cost": 29.077724050016794, "n_waypoints_completed": 1, "tot_waypoints": 9}}
{"target": -3931.9226029797956, "params": {"k_pid_pos": [2.0, 0.0, 0.032973259687423706], "k_pid_alt": [2.0, 0.0069075822830200195, 0.9895070791244507], "k_pid_att": [93.57730102539062, 0.317175030708313, 0.9381697177886963], "k_pid_yaw": [0.5, 1e-06, 0.1], "k_pid_hsp": [0.6413212418556213, 0.050255924463272095, 1.0], "k_pid_vsp": [37.01396179199219, 336.1936950683594, 400.0]}, "datetime": {"datetime": "2025-08-13 12:34:42", "elapsed": 10010.71706366539, "delta": 29.51672887802124}, "costs": {"total_cost": 3931.9226029797956, "time_cost": 150, "final_distance_cost": 742.9991967981412, "oscillation_cost": 715.475947132206, "completition_cost": 1000.0, "overshoot_cost": 1262.1906461522306, "power_cost": 32.82386999511719, "noise_cost": 28.432942902100816, "n_waypoints_completed": 0, "tot_waypoints": 9}}
{"target": -2762.9235110131326, "params": {"k_pid_pos": [2.0, 0.0, 0.0], "k_pid_alt": [1.9795525074005127, 0.02144131064414978, 1.0], "k_pid_att": [100.0, 9.999999747378752e-05, 0.924925684928894], "k_pid_yaw": [0.5, 1e-06, 0.1], "k_pid_hsp": [9.999999747378752e-05, 0.01026889681816101, 0.9613015651702881], "k_pid_vsp": [0.0, 396.7294616699219, 400.0]}, "datetime": {"datetime": "2025-08-13 12:35:12", "elapsed": 10040.425144433975, "delta": 29.708080768585205}, "costs": {"total_cost": 2762.9235110131326, "time_cost": 150, "final_distance_cost": 286.34327685285564, "oscillation_cost": 796.9279739921388, "completition_cost": 1000.0, "overshoot_cost": 464.0721240598023, "power_cost": 36.984099230957035, "noise_cost": 28.596036877378896, "n_waypoints_completed": 0, "tot_waypoints": 9}}
{"target": -2453.1924229825686, "params": {"k_pid_pos": [2.0, 0.0, 0.0], "k_pid_alt": [2.0, 0.022193938493728638, 0.9770927429199219], "k_pid_att": [100.0, 0.09198441356420517, 0.9253437519073486], "k_pid_yaw": [0.5, 1e-06, 0.1], "k_pid_hsp": [9.999999747378752e-05, 0.0, 0.981479287147522], "k_pid_vsp": [0.0, 400.0, 383.954345703125]}, "datetime": {"datetime": "2025-08-13 12:35:41", "elapsed": 10069.866018533707, "delta": 29.440874099731445}, "costs": {"total_cost": 2453.1924229825686, "time_cost": 150, "final_distance_cost": 67.90815505961079, "oscillation_cost": 839.0579595102002, "completition_cost": 1000.0, "overshoot_cost": 331.64260346523577, "power_cost": 36.155831408691405, "noise_cost": 28.427873538830422, "n_waypoints_completed": 0, "tot_waypoints": 9}}
{"target": -2126.5695546558277, "params": {"k_pid_pos": [1.9428787231445312, 0.0, 0.0], "k_pid_alt": [2.0, 0.0, 0.9175487160682678], "k_pid_att": [100.0, 9.999999747378752e-05, 0.9880058169364929], "k_pid_yaw": [0.5, 1e-06, 0.1], "k_pid_hsp": [0.16522467136383057, 0.0658358633518219, 1.0], "k_pid_vsp": [0.0, 400.0, 380.075439453125]}, "datetime": {"datetime": "2025-08-13 12:36:11", "elapsed": 10099.343414783478, "delta": 29.477396249771118}, "costs": {"total_cost": 2126.5695546558277, "time_cost": 150, "final_distance_cost": 9.372843145002161, "oscillation_cost": 738.112571012237, "completition_cost": 1000.0, "overshoot_cost": 131.19258470678093, "power_cost": 39.659699792480474, "noise_cost": 58.23185599932753, "n_waypoints_completed": 0, "tot_waypoints": 9}}
{"target": -3128.4339269031707, "params": {"k_pid_pos": [2.0, 0.0, 0.0], "k_pid_alt": [1.8936500549316406, 0.0, 0.9544391632080078], "k_pid_att": [93.13656616210938, 9.999999747378752e-05, 1.0], "k_pid_yaw": [0.5, 1e-06, 0.1], "k_pid_hsp": [0.13968075811862946, 0.028493016958236694, 1.0], "k_pid_vsp": [16.882694244384766, 400.0, 400.0]}, "datetime": {"datetime": "2025-08-13 12:36:44", "elapsed": 10132.194627046585, "delta": 32.8512122631073}, "costs": {"total_cost": 3128.4339269031707, "time_cost": 150, "final_distance_cost": 464.6338841424373, "oscillation_cost": 616.4995847972757, "completition_cost": 1000.0, "overshoot_cost": 838.0468937048634, "power_cost": 32.05578104248047, "noise_cost": 27.19778321611432, "n_waypoints_completed": 0, "tot_waypoints": 9}}
{"target": -5170.72018566346, "params": {"k_pid_pos": [2.0, 0.0, 0.0], "k_pid_alt": [2.0, 0.0, 1.0], "k_pid_att": [100.0, 0.42465871572494507, 1.0], "k_pid_yaw": [0.5, 1e-06, 0.1], "k_pid_hsp": [9.999999747378752e-05, 0.04066786170005798, 0.9807473421096802], "k_pid_vsp": [6.747615337371826, 385.06890869140625, 400.0]}, "datetime": {"datetime": "2025-08-13 12:37:12", "elapsed": 10160.480873346329, "delta": 28.286246299743652}, "costs": {"total_cost": 5170.72018566346, "time_cost": 150, "final_distance_cost": 1213.1515892434663, "oscillation_cost": 768.930967781963, "completition_cost": 1000.0, "overshoot_cost": 1977.3540534334065, "power_cost": 33.536059289550785, "noise_cost": 27.747515915074793, "n_waypoints_completed": 0, "tot_waypoints": 9}}
{"target": -1962.0990600298926, "params": {"k_pid_pos": [1.8823834657669067, 0.0, 0.0], "k_pid_alt": [1.9773184061050415, 0.0, 1.0], "k_pid_att": [97.98783874511719, 0.38201799988746643, 1.0], "k_pid_yaw": [0.5, 1e-06, 0.1], "k_pid_hsp": [0.0586356483399868, 0.0, 0.9792447090148926], "k_pid_vsp": [25.532459259033203, 400.0, 400.0]}, "datetime": {"datetime": "2025-08-13 12:37:40", "elapsed": 10188.927098274231, "delta": 28.44622492790222}, "costs": {"total_cost": 1962.0990600298926, "time_cost": 150, "final_distance_cost": 74.02508737406527, "oscillation_cost": 722.4233059358654, "completition_cost": 888.8888888888888, "overshoot_cost": 58.83342646626183, "power_cost": 39.24126607666016, "noise_cost": 28.68708528815095, "n_waypoints_completed": 1, "tot_waypoints": 9}}
{"target": -2179.082796460968, "params": {"k_pid_pos": [1.9854316711425781, 0.000972449779510498, 0.0], "k_pid_alt": [1.999834418296814, 0.0, 0.956875205039978], "k_pid_att": [96.6723403930664, 9.999999747378752e-05, 0.9654649496078491], "k_pid_yaw": [0.5, 1e-06, 0.1], "k_pid_hsp": [0.42233774065971375, 0.0, 0.9475549459457397], "k_pid_vsp": [0.0, 400.0, 357.9708251953125]}, "datetime": {"datetime": "2025-08-13 12:38:10", "elapsed": 10218.13030052185, "delta": 29.20320224761963}, "costs": {"total_cost": 2179.082796460968, "time_cost": 150, "final_distance_cost": 280.7286072088176, "oscillation_cost": 452.5633220464615, "completition_cost": 888.8888888888888, "overshoot_cost": 341.0329649031495, "power_cost": 36.477004614257815, "noise_cost": 29.392008799392354, "n_waypoints_completed": 1, "tot_waypoints": 9}}
{"target": -4387.083370939661, "params": {"k_pid_pos": [2.0, 0.0, 0.0], "k_pid_alt": [2.0, 0.013655334711074829, 0.9031714200973511], "k_pid_att": [97.50605773925781, 0.3443821966648102, 1.0], "k_pid_yaw": [0.5, 1e-06, 0.1], "k_pid_hsp": [9.999999747378752e-05, 0.0, 1.0], "k_pid_vsp": [5.681014060974121, 400.0, 400.0]}, "datetime": {"datetime": "2025-08-13 12:38:39", "elapsed": 10247.09440112114, "delta": 28.96410059928894}, "costs": {"total_cost": 4387.083370939661, "time_cost": 150, "final_distance_cost": 953.5136849259995, "oscillation_cost": 851.2758402330721, "completition_cost": 1000.0, "overshoot_cost": 1368.788277082649, "power_cost": 35.0872091796875, "noise_cost": 28.418359518252608, "n_waypoints_completed": 0, "tot_waypoints": 9}}
{"target": -1972.259874697292, "params": {"k_pid_pos": [2.0, 0.00134316086769104, 0.0], "k_pid_alt": [2.0, 0.0, 0.9714956283569336], "k_pid_att": [100.0, 0.06742039322853088, 1.0], "k_pid_yaw": [0.5, 1e-06, 0.1], "k_pid_hsp": [0.3876103460788727, 0.08435168862342834, 0.9860340356826782], "k_pid_vsp": [0.0, 400.0, 366.73101806640625]}, "datetime": {"datetime": "2025-08-13 12:39:07", "elapsed": 10275.897476434708, "delta": 28.803075313568115}, "costs": {"total_cost": 1972.259874697292, "time_cost": 150, "final_distance_cost": 58.21065539580574, "oscillation_cost": 599.6585167126453, "completition_cost": 888.8888888888888, "overshoot_cost": 170.2091572038971, "power_cost": 42.819210705566405, "noise_cost": 62.47344579048868, "n_waypoints_completed": 1, "tot_waypoints": 9}}
{"target": -2005.6689863407732, "params": {"k_pid_pos": [1.9691764116287231, 0.0, 0.028086811304092407], "k_pid_alt": [2.0, 0.02072739601135254, 1.0], "k_pid_att": [100.0, 9.999999747378752e-05, 0.9969165325164795], "k_pid_yaw": [0.5, 1e-06, 0.1], "k_pid_hsp": [0.11632134020328522, 0.0, 1.0], "k_pid_vsp": [16.008520126342773, 375.3291015625, 400.0]}, "datetime": {"datetime": "2025-08-13 12:39:37", "elapsed": 10305.277447223663, "delta": 29.37997078895569}, "costs": {"total_cost": 2005.6689863407732, "time_cost": 150, "final_distance_cost": 51.27629432273508, "oscillation_cost": 691.5164475470153, "completition_cost": 888.8888888888888, "overshoot_cost": 137.84664733821623, "power_cost": 39.965199890136724, "noise_cost": 46.175508353781304, "n_waypoints_completed": 1, "tot_waypoints": 9}}
{"target": -2225.1456110910967, "params": {"k_pid_pos": [1.9575444459915161, 0.0, 0.007501542568206787], "k_pid_alt": [2.0, 0.029338598251342773, 1.0], "k_pid_att": [93.96842956542969, 0.5570986270904541, 1.0], "k_pid_yaw": [0.5, 1e-06, 0.1], "k_pid_hsp": [0.0013081739889457822, 0.07175031304359436, 0.8932695388793945], "k_pid_vsp": [12.674844741821289, 383.96368408203125, 378.7858581542969]}, "datetime": {"datetime": "2025-08-13 12:40:06", "elapsed": 10334.432390928268, "delta": 29.154943704605103}, "costs": {"total_cost": 2225.1456110910967, "time_cost": 150, "final_distance_cost": 107.13645575042392, "oscillation_cost": 802.9629906194297, "completition_cost": 1000.0, "overshoot_cost": 86.86420225640249, "power_cost": 37.31635329589844, "noise_cost": 40.86560916894224, "n_waypoints_completed": 0, "tot_waypoints": 9}}
{"target": -6568.722656193274, "params": {"k_pid_pos": [1.9957152605056763, 0.040821582078933716, 0.0], "k_pid_alt": [2.0, 0.0, 0.9984679222106934], "k_pid_att": [100.0, 0.07474721968173981, 0.9789906144142151], "k_pid_yaw": [0.5, 1e-06, 0.1], "k_pid_hsp": [0.7908043265342712, 0.0, 1.0], "k_pid_vsp": [0.0, 400.0, 400.0]}, "datetime": {"datetime": "2025-08-13 12:40:35", "elapsed": 10363.23946928978, "delta": 28.80707836151123}, "costs": {"total_cost": 6568.722656193274, "time_cost": 150, "final_distance_cost": 1518.3018176685337, "oscillation_cost": 720.5036561612117, "completition_cost": 1000.0, "overshoot_cost": 3116.4254268459367, "power_cost": 34.53429219970703, "noise_cost": 28.95746331788494, "n_waypoints_completed": 0, "tot_waypoints": 9}}
{"target": -3163.6916169126016, "params": {"k_pid_pos": [1.9943292140960693, 0.0, 0.0], "k_pid_alt": [1.962845802307129, 0.001622229814529419, 1.0], "k_pid_att": [95.75415802001953, 0.16102974116802216, 0.9957453012466431], "k_pid_yaw": [0.5, 1e-06, 0.1], "k_pid_hsp": [0.584380030632019, 0.0, 0.9418162107467651], "k_pid_vsp": [0.0, 385.6047058105469, 400.0]}, "datetime": {"datetime": "2025-08-13 12:41:04", "elapsed": 10392.295555591583, "delta": 29.05608630180359}, "costs": {"total_cost": 3163.6916169126016, "time_cost": 150, "final_distance_cost": 650.8229400496108, "oscillation_cost": 556.3421566043301, "completition_cost": 1000.0, "overshoot_cost": 741.8872775274466, "power_cost": 35.671269238281255, "noise_cost": 28.96797349293256, "n_waypoints_completed": 0, "tot_waypoints": 9}}
{"target": -1958.4206499875245, "params": {"k_pid_pos": [1.958324670791626, 0.0, 0.0], "k_pid_alt": [1.921934962272644, 0.0, 0.8834890127182007], "k_pid_att": [95.00638580322266, 0.42355069518089294, 1.0], "k_pid_yaw": [0.5, 1e-06, 0.1], "k_pid_hsp": [9.999999747378752e-05, 0.0, 0.9713797569274902], "k_pid_vsp": [11.274158477783203, 400.0, 400.0]}, "datetime": {"datetime": "2025-08-13 12:41:32", "elapsed": 10420.910422801971, "delta": 28.614867210388184}, "costs": {"total_cost": 1958.4206499875245, "time_cost": 150, "final_distance_cost": 42.80278273264573, "oscillation_cost": 710.5764927189547, "completition_cost": 888.8888888888888, "overshoot_cost": 94.06931528899673, "power_cost": 40.14455583496094, "noise_cost": 31.938614523077696, "n_waypoints_completed": 1, "tot_waypoints": 9}}
