{"target": -2163.304346499116, "params": {"k_pid_pos": [2.0, 0.0, 0.0025724172592163086], "k_pid_alt": [1.895148515701294, 0.0, 0.9668309688568115], "k_pid_att": [95.01329803466797, 9.999999747378752e-05, 0.9977372884750366], "k_pid_yaw": [0.5, 1e-06, 0.1], "k_pid_hsp": [9.999999747378752e-05, 0.0, 0.9344327449798584], "k_pid_vsp": [0.0, 378.729248046875, 386.6787414550781]}, "datetime": {"datetime": "2025-08-13 13:07:45", "elapsed": 11993.186284780502, "delta": 28.56693410873413}, "costs": {"total_cost": 2163.304346499116, "time_cost": 150, "final_distance_cost": 8.554483384508215, "oscillation_cost": 784.8997634368654, "completition_cost": 1000.0, "overshoot_cost": 113.67897972570151, "power_cost": 37.662488720703124, "noise_cost": 68.50863123133806, "n_waypoints_completed": 0, "tot_waypoints": 9}}
{"target": -2244.9436529872837, "params": {"k_pid_pos": [1.842818260192871, 0.0, 0.03505861759185791], "k_pid_alt": [2.0, 0.0, 0.9687515497207642], "k_pid_att": [100.0, 9.999999747378752e-05, 1.0], "k_pid_yaw": [0.5, 1e-06, 0.1], "k_pid_hsp": [0.001070055877789855, 0.0, 0.919194221496582], "k_pid_vsp": [0.0, 400.0, 400.0]}, "datetime": {"datetime": "2025-08-13 13:08:13", "elapsed": 12021.604686260223, "delta": 28.41840147972107}, "costs": {"total_cost": 2244.9436529872837, "time_cost": 150, "final_distance_cost": 148.73986125994415, "oscillation_cost": 763.4071250063189, "completition_cost": 1000.0, "overshoot_cost": 117.59433555823955, "power_cost": 37.0138583984375, "noise_cost": 28.18847276434367, "n_waypoints_completed": 0, "tot_waypoints": 9}}
{"target": -5558.131677550054, "params": {"k_pid_pos": [2.0, 0.0, 0.10014867782592773], "k_pid_alt": [1.946751356124878, 0.04251599311828613, 0.9887449741363525], "k_pid_att": [100.0, 9.999999747378752e-05, 0.9521434307098389], "k_pid_yaw": [0.5, 1e-06, 0.1], "k_pid_hsp": [9.999999747378752e-05, 0.0, 0.9257484674453735], "k_pid_vsp": [4.131340980529785, 397.09149169921875, 400.0]}, "datetime": {"datetime": "2025-08-13 13:08:41", "elapsed": 12049.88848400116, "delta": 28.28379774093628}, "costs": {"total_cost": 5558.131677550054, "time_cost": 150, "final_distance_cost": 1438.4572429163584, "oscillation_cost": 803.0111071243796, "completition_cost": 1000.0, "overshoot_cost": 2106.3572114839303, "power_cost": 32.93435554199219, "noise_cost": 27.371760483393203, "n_waypoints_completed": 0, "tot_waypoints": 9}}
{"target": -2214.8972963525616, "params": {"k_pid_pos": [1.9131778478622437, 0.037743330001831055, 0.0], "k_pid_alt": [1.9782847166061401, 0.10543063282966614, 1.0], "k_pid_att": [98.1463623046875, 0.04788963496685028, 0.8767881393432617], "k_pid_yaw": [0.5, 1e-06, 0.1], "k_pid_hsp": [0.2740464508533478, 0.08022445440292358, 1.0], "k_pid_vsp": [28.250349044799805, 390.8913269042969, 400.0]}, "datetime": {"datetime": "2025-08-13 13:09:10", "elapsed": 12078.460941314697, "delta": 28.572457313537598}, "costs": {"total_cost": 2214.8972963525616, "time_cost": 150, "final_distance_cost": 54.34546375923887, "oscillation_cost": 796.6368091867665, "completition_cost": 1000.0, "overshoot_cost": 146.22774504794245, "power_cost": 38.441903259277346, "noise_cost": 29.245375099336155, "n_waypoints_completed": 0, "tot_waypoints": 9}}
{"target": -2146.1030886698986, "params": {"k_pid_pos": [1.9047398567199707, 0.0, 0.0], "k_pid_alt": [2.0, 0.0248834490776062, 1.0], "k_pid_att": [93.65657806396484, 9.999999747378752e-05, 0.9988949298858643], "k_pid_yaw": [0.5, 1e-06, 0.1], "k_pid_hsp": [9.999999747378752e-05, 0.017677873373031616, 1.0], "k_pid_vsp": [0.0, 376.6651611328125, 375.5321960449219]}, "datetime": {"datetime": "2025-08-13 13:09:39", "elapsed": 12107.26998758316, "delta": 28.809046268463135}, "costs": {"total_cost": 2146.1030886698986, "time_cost": 150, "final_distance_cost": 58.48629489890317, "oscillation_cost": 715.9060247151214, "completition_cost": 1000.0, "overshoot_cost": 119.13422746369949, "power_cost": 39.210687109375, "noise_cost": 63.365854482799534, "n_waypoints_completed": 0, "tot_waypoints": 9}}
{"target": -1842.5143007488834, "params": {"k_pid_pos": [2.0, 0.0, 0.0], "k_pid_alt": [2.0, 0.07296937704086304, 1.0], "k_pid_att": [100.0, 0.05352817475795746, 0.9130154848098755], "k_pid_yaw": [0.5, 1e-06, 0.1], "k_pid_hsp": [0.5312492847442627, 0.0, 0.9941885471343994], "k_pid_vsp": [0.0, 360.35955810546875, 400.0]}, "datetime": {"datetime": "2025-08-13 13:10:07", "elapsed": 12135.863401174545, "delta": 28.593413591384888}, "costs": {"total_cost": 1842.5143007488834, "time_cost": 150, "final_distance_cost": 118.19342381920954, "oscillation_cost": 484.8341716902709, "completition_cost": 888.8888888888888, "overshoot_cost": 133.75548078507924, "power_cost": 37.62350244140625, "noise_cost": 29.218833124028382, "n_waypoints_completed": 1, "tot_waypoints": 9}}
{"target": -2011.4406704268463, "params": {"k_pid_pos": [1.8911956548690796, 0.030034184455871582, 0.0], "k_pid_alt": [2.0, 0.015468239784240723, 0.969174861907959], "k_pid_att": [96.00833892822266, 9.999999747378752e-05, 1.0], "k_pid_yaw": [0.5, 1e-06, 0.1], "k_pid_hsp": [0.30871304869651794, 0.0, 1.0], "k_pid_vsp": [0.0, 400.0, 369.1015625]}, "datetime": {"datetime": "2025-08-13 13:10:35", "elapsed": 12163.941573381424, "delta": 28.078172206878662}, "costs": {"total_cost": 2011.4406704268463, "time_cost": 150, "final_distance_cost": 87.6291123515297, "oscillation_cost": 832.9078123974997, "completition_cost": 777.7777777777778, "overshoot_cost": 95.65584415716305, "power_cost": 36.85181684570313, "noise_cost": 30.61830689717304, "n_waypoints_completed": 2, "tot_waypoints": 9}}
{"target": -6638.15575430459, "params": {"k_pid_pos": [1.940282940864563, 0.06247076392173767, 0.04998379945755005], "k_pid_alt": [1.9957382678985596, 0.0, 1.0], "k_pid_att": [100.0, 0.06395858526229858, 0.958988606929779], "k_pid_yaw": [0.5, 1e-06, 0.1], "k_pid_hsp": [0.3428363800048828, 0.0, 0.9630208611488342], "k_pid_vsp": [0.0, 400.0, 400.0]}, "datetime": {"datetime": "2025-08-13 13:11:04", "elapsed": 12192.692576646805, "delta": 28.75100326538086}, "costs": {"total_cost": 6638.15575430459, "time_cost": 150, "final_distance_cost": 1535.6595373846299, "oscillation_cost": 793.4957827836716, "completition_cost": 1000.0, "overshoot_cost": 3097.293066512798, "power_cost": 33.891598986816405, "noise_cost": 27.815768636674786, "n_waypoints_completed": 0, "tot_waypoints": 9}}
{"target": -8225.463628292844, "params": {"k_pid_pos": [2.0, 0.0, 0.0], "k_pid_alt": [2.0, 0.00731736421585083, 1.0], "k_pid_att": [100.0, 9.999999747378752e-05, 1.0], "k_pid_yaw": [0.5, 1e-06, 0.1], "k_pid_hsp": [9.999999747378752e-05, 0.0, 1.0], "k_pid_vsp": [0.0, 386.7150573730469, 398.268798828125]}, "datetime": {"datetime": "2025-08-13 13:11:33", "elapsed": 12221.482831716537, "delta": 28.790255069732666}, "costs": {"total_cost": 8225.463628292844, "time_cost": 150, "final_distance_cost": 1945.8750238423395, "oscillation_cost": 800.7673561369471, "completition_cost": 1000.0, "overshoot_cost": 4265.330589619613, "power_cost": 35.297002783203126, "noise_cost": 28.193655910742486, "n_waypoints_completed": 0, "tot_waypoints": 9}}
{"target": -5818.829503987058, "params": {"k_pid_pos": [2.0, 0.07852119207382202, 0.025181621313095093], "k_pid_alt": [1.9155099391937256, 0.09298986196517944, 0.9388903975486755], "k_pid_att": [92.28364562988281, 9.999999747378752e-05, 0.9313298463821411], "k_pid_yaw": [0.5, 1e-06, 0.1], "k_pid_hsp": [0.28915637731552124, 0.0, 1.0], "k_pid_vsp": [0.0, 399.9048767089844, 400.0]}, "datetime": {"datetime": "2025-08-13 13:12:02", "elapsed": 12250.823085069656, "delta": 29.340253353118896}, "costs": {"total_cost": 5818.829503987058, "time_cost": 150, "final_distance_cost": 1396.4508795672225, "oscillation_cost": 749.3794570253534, "completition_cost": 1000.0, "overshoot_cost": 2460.823554246742, "power_cost": 34.09979985351563, "noise_cost": 28.075813294224638, "n_waypoints_completed": 0, "tot_waypoints": 9}}
{"target": -2298.3369608613566, "params": {"k_pid_pos": [2.0, 0.08142560720443726, 0.0], "k_pid_alt": [1.8996840715408325, 0.0, 0.9756629467010498], "k_pid_att": [93.17320251464844, 9.999999747378752e-05, 1.0], "k_pid_yaw": [0.5, 1e-06, 0.1], "k_pid_hsp": [9.999999747378752e-05, 0.0, 0.9760772585868835], "k_pid_vsp": [22.75238037109375, 373.2691955566406, 400.0]}, "datetime": {"datetime": "2025-08-13 13:12:31", "elapsed": 12279.177510261536, "delta": 28.354425191879272}, "costs": {"total_cost": 2298.3369608613566, "time_cost": 150, "final_distance_cost": 45.28853248050834, "oscillation_cost": 750.9941272440155, "completition_cost": 1000.0, "overshoot_cost": 286.34949760541, "power_cost": 37.13417420654297, "noise_cost": 28.570629324880027, "n_waypoints_completed": 0, "tot_waypoints": 9}}
{"target": -5882.874127658591, "params": {"k_pid_pos": [1.9915556907653809, 0.0, 0.006607025861740112], "k_pid_alt": [1.7596824169158936, 0.06262806057929993, 1.0], "k_pid_att": [100.0, 0.8170176148414612, 0.9803524017333984], "k_pid_yaw": [0.5, 1e-06, 0.1], "k_pid_hsp": [0.1531694531440735, 0.0, 0.9043141007423401], "k_pid_vsp": [20.83642578125, 396.5366516113281, 395.8974609375]}, "datetime": {"datetime": "2025-08-13 13:12:59", "elapsed": 12307.152682065964, "delta": 27.9751718044281}, "costs": {"total_cost": 5882.874127658591, "time_cost": 150, "final_distance_cost": 1170.0430557776488, "oscillation_cost": 775.6308001881398, "completition_cost": 1000.0, "overshoot_cost": 2727.880660010277, "power_cost": 32.67665169677735, "noise_cost": 26.642959985747243, "n_waypoints_completed": 0, "tot_waypoints": 9}}
{"target": -3977.6988703062093, "params": {"k_pid_pos": [2.0, 0.057582080364227295, 0.04121696949005127], "k_pid_alt": [2.0, 0.0, 0.9296702146530151], "k_pid_att": [100.0, 1.0460703372955322, 1.0], "k_pid_yaw": [0.5, 1e-06, 0.1], "k_pid_hsp": [9.999999747378752e-05, 0.0, 0.9631525278091431], "k_pid_vsp": [37.992740631103516, 400.0, 394.75927734375]}, "datetime": {"datetime": "2025-08-13 13:13:27", "elapsed": 12335.808633327484, "delta": 28.655951261520386}, "costs": {"total_cost": 3977.6988703062093, "time_cost": 150, "final_distance_cost": 595.3189552496427, "oscillation_cost": 790.3410557471407, "completition_cost": 1000.0, "overshoot_cost": 1380.9399531236745, "power_cost": 33.55571657714844, "noise_cost": 27.54318960860282, "n_waypoints_completed": 0, "tot_waypoints": 9}}
{"target": -4185.143859868272, "params": {"k_pid_pos": [1.9811363220214844, 0.0013976097106933594, 0.0], "k_pid_alt": [2.0, 0.0, 0.9015465974807739], "k_pid_att": [94.21183776855469, 9.999999747378752e-05, 0.9501402974128723], "k_pid_yaw": [0.5, 1e-06, 0.1], "k_pid_hsp": [0.19078795611858368, 0.0, 1.0], "k_pid_vsp": [10.361981391906738, 357.4923400878906, 392.3456115722656]}, "datetime": {"datetime": "2025-08-13 13:13:56", "elapsed": 12364.422911405563, "delta": 28.614278078079224}, "costs": {"total_cost": 4185.143859868272, "time_cost": 150, "final_distance_cost": 724.5343992201689, "oscillation_cost": 753.6403909302109, "completition_cost": 1000.0, "overshoot_cost": 1496.3497340103902, "power_cost": 33.38536737060547, "noise_cost": 27.233968336896197, "n_waypoints_completed": 0, "tot_waypoints": 9}}
{"target": -1724.2086618780704, "params": {"k_pid_pos": [2.0, 0.07776904106140137, 0.0], "k_pid_alt": [2.0, 0.035756826400756836, 0.9792197346687317], "k_pid_att": [97.11742401123047, 9.999999747378752e-05, 1.0], "k_pid_yaw": [0.5, 1e-06, 0.1], "k_pid_hsp": [0.4311549663543701, 0.0, 0.9923343062400818], "k_pid_vsp": [2.5946497917175293, 400.0, 392.5119934082031]}, "datetime": {"datetime": "2025-08-13 13:14:24", "elapsed": 12393.040654420853, "delta": 28.617743015289307}, "costs": {"total_cost": 1724.2086618780704, "time_cost": 150, "final_distance_cost": 74.04204337147614, "oscillation_cost": 467.8435326789404, "completition_cost": 777.7777777777778, "overshoot_cost": 187.22775653670794, "power_cost": 38.14189616699219, "noise_cost": 29.175655346175834, "n_waypoints_completed": 2, "tot_waypoints": 9}}
{"target": -1784.2092331283134, "params": {"k_pid_pos": [2.0, 0.11597698926925659, 0.0], "k_pid_alt": [2.0, 0.0, 1.0], "k_pid_att": [100.0, 0.6052941679954529, 0.9899252653121948], "k_pid_yaw": [0.5, 1e-06, 0.1], "k_pid_hsp": [0.5354516506195068, 0.0, 0.9491552114486694], "k_pid_vsp": [0.0, 400.0, 400.0]}, "datetime": {"datetime": "2025-08-13 13:14:53", "elapsed": 12421.188155651093, "delta": 28.147501230239868}, "costs": {"total_cost": 1784.2092331283134, "time_cost": 150, "final_distance_cost": 78.45887884724762, "oscillation_cost": 432.34087944313086, "completition_cost": 888.8888888888888, "overshoot_cost": 127.34081674978852, "power_cost": 41.92679610595703, "noise_cost": 65.25297309330055, "n_waypoints_completed": 1, "tot_waypoints": 9}}
{"target": -3018.5269615927464, "params": {"k_pid_pos": [2.0, 0.054052889347076416, 0.0], "k_pid_alt": [1.983901023864746, 0.0, 1.0], "k_pid_att": [94.04499053955078, 0.6148439645767212, 0.9171124696731567], "k_pid_yaw": [0.5, 1e-06, 0.1], "k_pid_hsp": [9.999999747378752e-05, 0.0, 0.998965322971344], "k_pid_vsp": [11.07778549194336, 400.0, 384.91729736328125]}, "datetime": {"datetime": "2025-08-13 13:15:21", "elapsed": 12449.748189210892, "delta": 28.560033559799194}, "costs": {"total_cost": 3018.5269615927464, "time_cost": 150, "final_distance_cost": 577.0346028869388, "oscillation_cost": 748.2080368573248, "completition_cost": 1000.0, "overshoot_cost": 477.8437201408242, "power_cost": 37.08044069824219, "noise_cost": 28.360161009416515, "n_waypoints_completed": 0, "tot_waypoints": 9}}
{"target": -2144.4135696293715, "params": {"k_pid_pos": [2.0, 0.0, 0.0], "k_pid_alt": [1.9681921005249023, 0.0412352979183197, 0.9466317892074585], "k_pid_att": [100.0, 0.4333716332912445, 1.0], "k_pid_yaw": [0.5, 1e-06, 0.1], "k_pid_hsp": [0.18339884281158447, 0.0, 1.0], "k_pid_vsp": [0.0, 400.0, 396.12322998046875]}, "datetime": {"datetime": "2025-08-13 13:15:50", "elapsed": 12478.092171669006, "delta": 28.343982458114624}, "costs": {"total_cost": 2144.4135696293715, "time_cost": 150, "final_distance_cost": 21.69555833528265, "oscillation_cost": 723.4736125392986, "completition_cost": 1000.0, "overshoot_cost": 158.00888611594542, "power_cost": 38.782545056152344, "noise_cost": 52.45296758269237, "n_waypoints_completed": 0, "tot_waypoints": 9}}
{"target": -5838.511281287368, "params": {"k_pid_pos": [1.7152011394500732, 0.03596341609954834, 0.0], "k_pid_alt": [2.0, 0.009218662977218628, 1.0], "k_pid_att": [100.0, 0.8659424185752869, 1.0], "k_pid_yaw": [0.5, 1e-06, 0.1], "k_pid_hsp": [0.026326078921556473, 0.0, 0.940165638923645], "k_pid_vsp": [0.0, 400.0, 365.0708312988281]}, "datetime": {"datetime": "2025-08-13 13:16:18", "elapsed": 12506.38012123108, "delta": 28.287949562072754}, "costs": {"total_cost": 5838.511281287368, "time_cost": 150, "final_distance_cost": 1255.5523054169848, "oscillation_cost": 745.6064778600643, "completition_cost": 888.8888888888888, "overshoot_cost": 2737.910293463407, "power_cost": 33.2811892578125, "noise_cost": 27.27212640021049, "n_waypoints_completed": 1, "tot_waypoints": 9}}
{"target": -1988.6947166699056, "params": {"k_pid_pos": [2.0, 0.0008620321750640869, 0.0], "k_pid_alt": [2.0, 0.0, 0.9258039593696594], "k_pid_att": [100.0, 0.4007303714752197, 0.9909111857414246], "k_pid_yaw": [0.5, 1e-06, 0.1], "k_pid_hsp": [9.999999747378752e-05, 0.06991603970527649, 1.0], "k_pid_vsp": [23.372173309326172, 400.0, 400.0]}, "datetime": {"datetime": "2025-08-13 13:16:46", "elapsed": 12534.53247642517, "delta": 28.152355194091797}, "costs": {"total_cost": 1988.6947166699056, "time_cost": 150, "final_distance_cost": 54.68772782741073, "oscillation_cost": 763.7443772118779, "completition_cost": 888.8888888888888, "overshoot_cost": 65.73619562345915, "power_cost": 37.35059685058594, "noise_cost": 28.286930267682994, "n_waypoints_completed": 1, "tot_waypoints": 9}}
{"target": -2910.214600235345, "params": {"k_pid_pos": [2.0, 0.034622400999069214, 0.0], "k_pid_alt": [1.9516240358352661, 0.0, 1.0], "k_pid_att": [94.43639373779297, 9.999999747378752e-05, 1.0], "k_pid_yaw": [0.5, 1e-06, 0.1], "k_pid_hsp": [9.999999747378752e-05, 0.0, 0.9955970048904419], "k_pid_vsp": [0.0, 400.0, 373.02557373046875]}, "datetime": {"datetime": "2025-08-13 13:17:15", "elapsed": 12563.444729089737, "delta": 28.91225266456604}, "costs": {"total_cost": 2910.214600235345, "time_cost": 150, "final_distance_cost": 477.1277621290054, "oscillation_cost": 784.6310000411356, "completition_cost": 1000.0, "overshoot_cost": 433.1647807468971, "power_cost": 36.82643848876953, "noise_cost": 28.464618829537894, "n_waypoints_completed": 0, "tot_waypoints": 9}}
{"target": -4083.7897603217843, "params": {"k_pid_pos": [1.9551247358322144, 0.00999423861503601, 0.0], "k_pid_alt": [1.9931421279907227, 0.09065574407577515, 0.9832538366317749], "k_pid_att": [100.0, 9.999999747378752e-05, 1.0], "k_pid_yaw": [0.5, 1e-06, 0.1], "k_pid_hsp": [0.20923510193824768, 0.023709625005722046, 0.9343152642250061], "k_pid_vsp": [0.0, 398.6255187988281, 400.0]}, "datetime": {"datetime": "2025-08-13 13:17:43", "elapsed": 12591.589033603668, "delta": 28.144304513931274}, "costs": {"total_cost": 4083.7897603217843, "time_cost": 150, "final_distance_cost": 828.3179139106703, "oscillation_cost": 498.5022430880004, "completition_cost": 1000.0, "overshoot_cost": 1542.331184900807, "power_cost": 36.071545825195315, "noise_cost": 28.566872597111736, "n_waypoints_completed": 0, "tot_waypoints": 9}}
{"target": -7206.281415761367, "params": {"k_pid_pos": [2.0, 0.0, 0.0], "k_pid_alt": [2.0, 0.02344459295272827, 1.0], "k_pid_att": [100.0, 9.999999747378752e-05, 0.9497901201248169], "k_pid_yaw": [0.5, 1e-06, 0.1], "k_pid_hsp": [9.999999747378752e-05, 0.10838234424591064, 1.0], "k_pid_vsp": [21.507787704467773, 400.0, 400.0]}, "datetime": {"datetime": "2025-08-13 13:18:11", "elapsed": 12619.846801996231, "delta": 28.257768392562866}, "costs": {"total_cost": 7206.281415761367, "time_cost": 150, "final_distance_cost": 1925.9239013013353, "oscillation_cost": 785.486106857878, "completition_cost": 1000.0, "overshoot_cost": 3287.291182168339, "power_cost": 31.113118457031252, "noise_cost": 26.467106976782684, "n_waypoints_completed": 0, "tot_waypoints": 9}}
{"target": -2061.5939163295498, "params": {"k_pid_pos": [2.0, 0.0, 0.05574685335159302], "k_pid_alt": [1.9623651504516602, 0.0053498148918151855, 1.0], "k_pid_att": [100.0, 9.999999747378752e-05, 1.0], "k_pid_yaw": [0.5, 1e-06, 0.1], "k_pid_hsp": [9.999999747378752e-05, 0.0, 1.0], "k_pid_vsp": [1.8156051635742188, 371.6902770996094, 400.0]}, "datetime": {"datetime": "2025-08-13 13:18:40", "elapsed": 12648.60979628563, "delta": 28.762994289398193}, "costs": {"total_cost": 2061.5939163295498, "time_cost": 150, "final_distance_cost": 76.71414752339301, "oscillation_cost": 731.2048429719179, "completition_cost": 888.8888888888888, "overshoot_cost": 119.86981835741808, "power_cost": 41.922444482421874, "noise_cost": 52.993774105510056, "n_waypoints_completed": 1, "tot_waypoints": 9}}
{"target": -6614.018306193306, "params": {"k_pid_pos": [1.8619627952575684, 0.0, 0.0038619041442871094], "k_pid_alt": [1.9666626453399658, 0.0, 0.8984108567237854], "k_pid_att": [99.32450866699219, 0.13980235159397125, 1.0], "k_pid_yaw": [0.5, 1e-06, 0.1], "k_pid_hsp": [9.999999747378752e-05, 0.0, 0.9602599143981934], "k_pid_vsp": [6.813144683837891, 400.0, 390.47247314453125]}, "datetime": {"datetime": "2025-08-13 13:19:08", "elapsed": 12676.870395898819, "delta": 28.260599613189697}, "costs": {"total_cost": 6614.018306193306, "time_cost": 150, "final_distance_cost": 1646.2554518335653, "oscillation_cost": 652.190163177879, "completition_cost": 1000.0, "overshoot_cost": 3103.277831313335, "power_cost": 34.38923739013672, "noise_cost": 27.905622478389507, "n_waypoints_completed": 0, "tot_waypoints": 9}}
{"target": -1688.3802070190811, "params": {"k_pid_pos": [1.91641104221344, 0.05197003483772278, 0.0], "k_pid_alt": [2.0, 0.041185200214385986, 0.9847555160522461], "k_pid_att": [100.0, 0.04745810106396675, 1.0], "k_pid_yaw": [0.5, 1e-06, 0.1], "k_pid_hsp": [0.7915535569190979, 0.04308587312698364, 0.9847579002380371], "k_pid_vsp": [30.58437156677246, 400.0, 389.518798828125]}, "datetime": {"datetime": "2025-08-13 13:19:37", "elapsed": 12705.774758815765, "delta": 28.90436291694641}, "costs": {"total_cost": 1688.3802070190811, "time_cost": 150, "final_distance_cost": 62.1377051930964, "oscillation_cost": 505.33175746500837, "completition_cost": 777.7777777777778, "overshoot_cost": 120.36343846181299, "power_cost": 37.79007987060547, "noise_cost": 34.979448250780116, "n_waypoints_completed": 2, "tot_waypoints": 9}}
{"target": -5574.573243035701, "params": {"k_pid_pos": [1.9507174491882324, 0.012088388204574585, 0.0], "k_pid_alt": [2.0, 0.0, 1.0], "k_pid_att": [97.6590576171875, 0.13480186462402344, 0.9153444766998291], "k_pid_yaw": [0.5, 1e-06, 0.1], "k_pid_hsp": [9.999999747378752e-05, 0.0, 0.9555690884590149], "k_pid_vsp": [0.0, 386.65069580078125, 391.99542236328125]}, "datetime": {"datetime": "2025-08-13 13:20:06", "elapsed": 12734.5878636837, "delta": 28.81310486793518}, "costs": {"total_cost": 5574.573243035701, "time_cost": 150, "final_distance_cost": 1132.4740777312347, "oscillation_cost": 802.7572904946331, "completition_cost": 1000.0, "overshoot_cost": 2425.8705731158307, "power_cost": 35.2076808959961, "noise_cost": 28.263620798006396, "n_waypoints_completed": 0, "tot_waypoints": 9}}
