{"target": -3208.99514740173, "params": {"k_pid_pos": [2.0, 0.015722006559371948, 0.0], "k_pid_alt": [1.9242949485778809, 0.0, 0.8770291209220886], "k_pid_att": [100.0, 9.999999747378752e-05, 0.9326164722442627], "k_pid_yaw": [0.5, 1e-06, 0.1], "k_pid_hsp": [9.999999747378752e-05, 0.0, 1.0], "k_pid_vsp": [0.0, 400.0, 400.0]}, "datetime": {"datetime": "2025-08-14 01:09:01", "elapsed": 55269.9750790596, "delta": 29.17471694946289}, "costs": {"total_cost": 3208.99514740173, "time_cost": 150, "final_distance_cost": 244.70392436042957, "oscillation_cost": 884.2703744276441, "completition_cost": 1000.0, "overshoot_cost": 871.0973768988067, "power_cost": 32.352152795410156, "noise_cost": 26.571318919439122, "n_waypoints_completed": 0, "tot_waypoints": 9}}
{"target": -2240.2513884129594, "params": {"k_pid_pos": [1.8872829675674438, 0.0, 0.01605817675590515], "k_pid_alt": [2.0, 0.06770744919776917, 1.0], "k_pid_att": [96.32257080078125, 0.5516800284385681, 0.9953470230102539], "k_pid_yaw": [0.5, 1e-06, 0.1], "k_pid_hsp": [9.999999747378752e-05, 0.002567887306213379, 0.9342195987701416], "k_pid_vsp": [12.014019012451172, 400.0, 372.150146484375]}, "datetime": {"datetime": "2025-08-14 01:09:31", "elapsed": 55300.06290459633, "delta": 30.087825536727905}, "costs": {"total_cost": 2240.2513884129594, "time_cost": 150, "final_distance_cost": 74.8452723474097, "oscillation_cost": 707.7810066126578, "completition_cost": 1000.0, "overshoot_cost": 220.61828282017342, "power_cost": 41.16030720214844, "noise_cost": 45.846519430570176, "n_waypoints_completed": 0, "tot_waypoints": 9}}
{"target": -4164.116689315219, "params": {"k_pid_pos": [1.9790219068527222, 0.008631706237792969, 0.06522715091705322], "k_pid_alt": [1.9647514820098877, 0.0, 1.0], "k_pid_att": [100.0, 0.22077088057994843, 0.9897114038467407], "k_pid_yaw": [0.5, 1e-06, 0.1], "k_pid_hsp": [0.3584788739681244, 0.0373726487159729, 0.9720853567123413], "k_pid_vsp": [0.0, 383.5451965332031, 383.8135681152344]}, "datetime": {"datetime": "2025-08-14 01:10:02", "elapsed": 55330.952627658844, "delta": 30.88972306251526}, "costs": {"total_cost": 4164.116689315219, "time_cost": 150, "final_distance_cost": 835.275266046679, "oscillation_cost": 579.4497266838106, "completition_cost": 1000.0, "overshoot_cost": 1534.7510213015269, "power_cost": 35.81609793701172, "noise_cost": 28.824577346190935, "n_waypoints_completed": 0, "tot_waypoints": 9}}
{"target": -3049.7304155357274, "params": {"k_pid_pos": [1.995861291885376, 0.007253825664520264, 0.0265653133392334], "k_pid_alt": [1.9140996932983398, 0.024086415767669678, 1.0], "k_pid_att": [99.59202575683594, 0.2099989354610443, 0.9407695531845093], "k_pid_yaw": [0.5, 1e-06, 0.1], "k_pid_hsp": [9.999999747378752e-05, 0.0, 1.0], "k_pid_vsp": [36.96513366699219, 400.0, 400.0]}, "datetime": {"datetime": "2025-08-14 01:10:32", "elapsed": 55360.29578828812, "delta": 29.34316062927246}, "costs": {"total_cost": 3049.7304155357274, "time_cost": 150, "final_distance_cost": 314.66056562655166, "oscillation_cost": 806.0475170874486, "completition_cost": 1000.0, "overshoot_cost": 716.7515787352312, "power_cost": 34.41760859375, "noise_cost": 27.853145492745455, "n_waypoints_completed": 0, "tot_waypoints": 9}}
{"target": -3160.4759959746625, "params": {"k_pid_pos": [1.888619065284729, 0.0, 0.0], "k_pid_alt": [2.0, 0.06093645095825195, 0.9853531122207642], "k_pid_att": [100.0, 9.999999747378752e-05, 0.9880226850509644], "k_pid_yaw": [0.5, 1e-06, 0.1], "k_pid_hsp": [0.6884412169456482, 0.0, 1.0], "k_pid_vsp": [8.408856391906738, 400.0, 390.2774658203125]}, "datetime": {"datetime": "2025-08-14 01:11:01", "elapsed": 55389.517862558365, "delta": 29.222074270248413}, "costs": {"total_cost": 3160.4759959746625, "time_cost": 150, "final_distance_cost": 224.32542146584018, "oscillation_cost": 762.3106496269456, "completition_cost": 1000.0, "overshoot_cost": 959.4915225002032, "power_cost": 35.773438537597656, "noise_cost": 28.57496384407629, "n_waypoints_completed": 0, "tot_waypoints": 9}}
{"target": -5475.84980014982, "params": {"k_pid_pos": [1.905834674835205, 0.019820481538772583, 0.0], "k_pid_alt": [2.0, 0.0, 1.0], "k_pid_att": [99.48040771484375, 0.43455567955970764, 1.0], "k_pid_yaw": [0.5, 1e-06, 0.1], "k_pid_hsp": [0.3269810974597931, 0.05831220746040344, 0.9668389558792114], "k_pid_vsp": [0.0, 400.0, 400.0]}, "datetime": {"datetime": "2025-08-14 01:11:31", "elapsed": 55419.493245601654, "delta": 29.975383043289185}, "costs": {"total_cost": 5475.84980014982, "time_cost": 150, "final_distance_cost": 1272.3776585874928, "oscillation_cost": 757.9248582596481, "completition_cost": 1000.0, "overshoot_cost": 2230.861391808421, "power_cost": 35.7920189453125, "noise_cost": 28.89387254894483, "n_waypoints_completed": 0, "tot_waypoints": 9}}
{"target": -2102.9886153112184, "params": {"k_pid_pos": [1.9294203519821167, 0.0, 0.0], "k_pid_alt": [2.0, 0.0765267014503479, 0.9662902355194092], "k_pid_att": [99.73262786865234, 0.5226647853851318, 0.9404070377349854], "k_pid_yaw": [0.5, 1e-06, 0.1], "k_pid_hsp": [0.38564249873161316, 0.025019288063049316, 0.9906980395317078], "k_pid_vsp": [0.0, 378.2276916503906, 384.7533264160156]}, "datetime": {"datetime": "2025-08-14 01:12:01", "elapsed": 55449.264810562134, "delta": 29.771564960479736}, "costs": {"total_cost": 2102.9886153112184, "time_cost": 150, "final_distance_cost": 20.98502101960518, "oscillation_cost": 643.1898454873935, "completition_cost": 1000.0, "overshoot_cost": 177.8289143780694, "power_cost": 40.40248489990235, "noise_cost": 70.58234952624782, "n_waypoints_completed": 0, "tot_waypoints": 9}}
{"target": -4952.1098659907275, "params": {"k_pid_pos": [1.9627939462661743, 0.010879188776016235, 0.10189646482467651], "k_pid_alt": [2.0, 0.012520939111709595, 0.9727703332901001], "k_pid_att": [100.0, 9.999999747378752e-05, 1.0], "k_pid_yaw": [0.5, 1e-06, 0.1], "k_pid_hsp": [9.999999747378752e-05, 0.0, 0.9865001440048218], "k_pid_vsp": [0.0, 400.0, 400.0]}, "datetime": {"datetime": "2025-08-14 01:12:32", "elapsed": 55480.36537384987, "delta": 31.100563287734985}, "costs": {"total_cost": 4952.1098659907275, "time_cost": 150, "final_distance_cost": 1247.4228082812867, "oscillation_cost": 775.4928432767289, "completition_cost": 1000.0, "overshoot_cost": 1712.5319651452705, "power_cost": 37.89290532226563, "noise_cost": 28.7693439651759, "n_waypoints_completed": 0, "tot_waypoints": 9}}
{"target": -4312.1264497191, "params": {"k_pid_pos": [2.0, 0.013949215412139893, 0.0], "k_pid_alt": [2.0, 0.0, 0.9726489782333374], "k_pid_att": [88.87683868408203, 9.999999747378752e-05, 1.0], "k_pid_yaw": [0.5, 1e-06, 0.1], "k_pid_hsp": [9.999999747378752e-05, 0.06543910503387451, 1.0], "k_pid_vsp": [0.0, 396.99462890625, 400.0]}, "datetime": {"datetime": "2025-08-14 01:13:01", "elapsed": 55509.8970849514, "delta": 29.531711101531982}, "costs": {"total_cost": 4312.1264497191, "time_cost": 150, "final_distance_cost": 736.6957844684956, "oscillation_cost": 659.0766846420835, "completition_cost": 1000.0, "overshoot_cost": 1702.8958573802593, "power_cost": 35.1806125, "noise_cost": 28.277510728260694, "n_waypoints_completed": 0, "tot_waypoints": 9}}
{"target": -2169.3608761862674, "params": {"k_pid_pos": [2.0, 0.0, 0.0], "k_pid_alt": [2.0, 0.049621641635894775, 1.0], "k_pid_att": [96.64163970947266, 9.999999747378752e-05, 1.0], "k_pid_yaw": [0.5, 1e-06, 0.1], "k_pid_hsp": [9.999999747378752e-05, 0.0, 1.0], "k_pid_vsp": [18.716394424438477, 396.60888671875, 393.4846496582031]}, "datetime": {"datetime": "2025-08-14 01:13:31", "elapsed": 55539.747487306595, "delta": 29.850402355194092}, "costs": {"total_cost": 2169.3608761862674, "time_cost": 150, "final_distance_cost": 50.74944593405673, "oscillation_cost": 764.7558601634477, "completition_cost": 1000.0, "overshoot_cost": 110.81672034559676, "power_cost": 39.380421289062504, "noise_cost": 53.65842845410345, "n_waypoints_completed": 0, "tot_waypoints": 9}}
{"target": -2588.2600514316664, "params": {"k_pid_pos": [2.0, 0.0, 0.031131625175476074], "k_pid_alt": [2.0, 0.0, 0.9433156251907349], "k_pid_att": [93.17094421386719, 9.999999747378752e-05, 0.9412044286727905], "k_pid_yaw": [0.5, 1e-06, 0.1], "k_pid_hsp": [0.11389008909463882, 0.0, 0.9770473837852478], "k_pid_vsp": [0.0, 394.7161560058594, 381.2784118652344]}, "datetime": {"datetime": "2025-08-14 01:14:02", "elapsed": 55571.051606178284, "delta": 31.304118871688843}, "costs": {"total_cost": 2588.2600514316664, "time_cost": 150, "final_distance_cost": 101.284058695314, "oscillation_cost": 706.4206947536876, "completition_cost": 1000.0, "overshoot_cost": 567.143102457828, "power_cost": 35.33703853759766, "noise_cost": 28.07515698723892, "n_waypoints_completed": 0, "tot_waypoints": 9}}
{"target": -3536.311192989076, "params": {"k_pid_pos": [1.9065955877304077, 0.152321457862854, 0.0], "k_pid_alt": [1.950958013534546, 0.011511683464050293, 0.9348298907279968], "k_pid_att": [99.44434356689453, 0.03641257435083389, 1.0], "k_pid_yaw": [0.5, 1e-06, 0.1], "k_pid_hsp": [0.4808894693851471, 0.0, 0.9955472946166992], "k_pid_vsp": [37.19102096557617, 400.0, 373.0918884277344]}, "datetime": {"datetime": "2025-08-14 01:14:36", "elapsed": 55604.2105717659, "delta": 33.15896558761597}, "costs": {"total_cost": 3536.311192989076, "time_cost": 150, "final_distance_cost": 878.8306321383212, "oscillation_cost": 610.6537775044524, "completition_cost": 777.7777777777778, "overshoot_cost": 1056.7880039046381, "power_cost": 33.167288293457034, "noise_cost": 29.093713370429064, "n_waypoints_completed": 2, "tot_waypoints": 9}}
{"target": -2205.1687519984857, "params": {"k_pid_pos": [2.0, 0.0, 0.0], "k_pid_alt": [1.9920117855072021, 0.03162407875061035, 1.0], "k_pid_att": [100.0, 0.26203593611717224, 1.0], "k_pid_yaw": [0.5, 1e-06, 0.1], "k_pid_hsp": [0.2898215651512146, 0.0112074613571167, 0.9809275269508362], "k_pid_vsp": [7.229721546173096, 386.2112121582031, 355.12811279296875]}, "datetime": {"datetime": "2025-08-14 01:15:05", "elapsed": 55633.81417989731, "delta": 29.60360813140869}, "costs": {"total_cost": 2205.1687519984857, "time_cost": 150, "final_distance_cost": 44.78154161764724, "oscillation_cost": 805.6781088284517, "completition_cost": 1000.0, "overshoot_cost": 139.47245744948785, "power_cost": 36.39830986328125, "noise_cost": 28.838334239617584, "n_waypoints_completed": 0, "tot_waypoints": 9}}
{"target": -1993.193937078763, "params": {"k_pid_pos": [2.0, 0.0, 0.0], "k_pid_alt": [2.0, 0.02639716863632202, 0.9342349767684937], "k_pid_att": [97.50434112548828, 9.999999747378752e-05, 1.0], "k_pid_yaw": [0.5, 1e-06, 0.1], "k_pid_hsp": [9.999999747378752e-05, 0.07007718086242676, 0.981215238571167], "k_pid_vsp": [0.0, 388.5751953125, 383.6568298339844]}, "datetime": {"datetime": "2025-08-14 01:15:34", "elapsed": 55662.21215081215, "delta": 28.3979709148407}, "costs": {"total_cost": 1993.193937078763, "time_cost": 150, "final_distance_cost": 45.720280193689, "oscillation_cost": 741.7205314303785, "completition_cost": 888.8888888888888, "overshoot_cost": 103.66171985162838, "power_cost": 35.44157813720703, "noise_cost": 27.760938576971622, "n_waypoints_completed": 1, "tot_waypoints": 9}}
{"target": -6905.14240956874, "params": {"k_pid_pos": [1.9347633123397827, 0.06887775659561157, 0.018338292837142944], "k_pid_alt": [2.0, 0.0, 1.0], "k_pid_att": [100.0, 0.00986820925027132, 1.0], "k_pid_yaw": [0.5, 1e-06, 0.1], "k_pid_hsp": [0.04889366403222084, 0.03143799304962158, 0.9200670719146729], "k_pid_vsp": [0.0, 400.0, 400.0]}, "datetime": {"datetime": "2025-08-14 01:16:04", "elapsed": 55692.505575180054, "delta": 30.293424367904663}, "costs": {"total_cost": 6905.14240956874, "time_cost": 150, "final_distance_cost": 1827.2510748796608, "oscillation_cost": 821.3171458565072, "completition_cost": 1000.0, "overshoot_cost": 3047.601761618945, "power_cost": 32.256791650390625, "noise_cost": 26.71563556323638, "n_waypoints_completed": 0, "tot_waypoints": 9}}
{"target": -1893.9726963172748, "params": {"k_pid_pos": [2.0, 0.0037481486797332764, 0.04387611150741577], "k_pid_alt": [1.9471793174743652, 0.0, 0.9738115072250366], "k_pid_att": [97.11431884765625, 9.999999747378752e-05, 0.9301478862762451], "k_pid_yaw": [0.5, 1e-06, 0.1], "k_pid_hsp": [0.9049839377403259, 0.0, 0.9613896608352661], "k_pid_vsp": [0.0, 400.0, 400.0]}, "datetime": {"datetime": "2025-08-14 01:16:35", "elapsed": 55723.34404754639, "delta": 30.838472366333008}, "costs": {"total_cost": 1893.9726963172748, "time_cost": 150, "final_distance_cost": 52.32497686461131, "oscillation_cost": 499.43636474457185, "completition_cost": 888.8888888888888, "overshoot_cost": 156.30389794466876, "power_cost": 40.50144627685547, "noise_cost": 106.51712159767884, "n_waypoints_completed": 1, "tot_waypoints": 9}}
{"target": -2313.613770091595, "params": {"k_pid_pos": [1.9437893629074097, 0.015094906091690063, 0.045360267162323], "k_pid_alt": [1.9611821174621582, 0.03592139482498169, 0.9965790510177612], "k_pid_att": [100.0, 1.0114797353744507, 0.9824870824813843], "k_pid_yaw": [0.5, 1e-06, 0.1], "k_pid_hsp": [9.999999747378752e-05, 0.029402315616607666, 0.946826696395874], "k_pid_vsp": [5.501985549926758, 400.0, 368.63763427734375]}, "datetime": {"datetime": "2025-08-14 01:17:05", "elapsed": 55753.63440346718, "delta": 30.290355920791626}, "costs": {"total_cost": 2313.613770091595, "time_cost": 150, "final_distance_cost": 171.3796146680922, "oscillation_cost": 741.2312887678418, "completition_cost": 1000.0, "overshoot_cost": 187.92862739296456, "power_cost": 35.220989428710936, "noise_cost": 27.853249833985693, "n_waypoints_completed": 0, "tot_waypoints": 9}}
{"target": -3379.7098358244616, "params": {"k_pid_pos": [2.0, 0.0, 0.0], "k_pid_alt": [1.9066545963287354, 0.013668566942214966, 0.9834319353103638], "k_pid_att": [94.69363403320312, 1.0283446311950684, 1.0], "k_pid_yaw": [0.5, 1e-06, 0.1], "k_pid_hsp": [9.999999747378752e-05, 0.040855586528778076, 1.0], "k_pid_vsp": [5.705392360687256, 400.0, 400.0]}, "datetime": {"datetime": "2025-08-14 01:17:39", "elapsed": 55787.20269584656, "delta": 33.56829237937927}, "costs": {"total_cost": 3379.7098358244616, "time_cost": 150, "final_distance_cost": 645.5633492198564, "oscillation_cost": 841.0875888024898, "completition_cost": 1000.0, "overshoot_cost": 684.7234175476793, "power_cost": 31.88312919921875, "noise_cost": 26.45235105521738, "n_waypoints_completed": 0, "tot_waypoints": 9}}
{"target": -4371.139435454257, "params": {"k_pid_pos": [2.0, 0.10382077097892761, 0.06463134288787842], "k_pid_alt": [1.9685618877410889, 0.0, 1.0], "k_pid_att": [94.35256958007812, 9.999999747378752e-05, 0.9808660745620728], "k_pid_yaw": [0.5, 1e-06, 0.1], "k_pid_hsp": [1.0577253103256226, 0.02086922526359558, 0.9994202852249146], "k_pid_vsp": [0.0, 373.6309509277344, 400.0]}, "datetime": {"datetime": "2025-08-14 01:18:16", "elapsed": 55824.431111335754, "delta": 37.22841548919678}, "costs": {"total_cost": 4371.139435454257, "time_cost": 150, "final_distance_cost": 1081.9039329930054, "oscillation_cost": 578.5132747949023, "completition_cost": 1000.0, "overshoot_cost": 1496.620977191513, "power_cost": 35.19967508544922, "noise_cost": 28.9015753893869, "n_waypoints_completed": 0, "tot_waypoints": 9}}
{"target": -2229.186384665353, "params": {"k_pid_pos": [2.0, 0.0, 0.06489554047584534], "k_pid_alt": [1.971318244934082, 0.0, 0.9662253856658936], "k_pid_att": [98.30558013916016, 0.1814146190881729, 0.9594578742980957], "k_pid_yaw": [0.5, 1e-06, 0.1], "k_pid_hsp": [0.2646668553352356, 0.03496164083480835, 1.0], "k_pid_vsp": [30.082380294799805, 400.0, 376.65032958984375]}, "datetime": {"datetime": "2025-08-14 01:18:47", "elapsed": 55855.8641872406, "delta": 31.43307590484619}, "costs": {"total_cost": 2229.186384665353, "time_cost": 150, "final_distance_cost": 46.11328013658787, "oscillation_cost": 737.314462015264, "completition_cost": 1000.0, "overshoot_cost": 231.77557552386222, "power_cost": 35.87263220214844, "noise_cost": 28.11043478749051, "n_waypoints_completed": 0, "tot_waypoints": 9}}
{"target": -2191.4373085482985, "params": {"k_pid_pos": [2.0, 0.0, 0.08916792273521423], "k_pid_alt": [2.0, 0.02274659276008606, 0.9701929092407227], "k_pid_att": [100.0, 9.999999747378752e-05, 0.9585080146789551], "k_pid_yaw": [0.5, 1e-06, 0.1], "k_pid_hsp": [9.999999747378752e-05, 0.0, 0.960080623626709], "k_pid_vsp": [0.0, 380.37225341796875, 400.0]}, "datetime": {"datetime": "2025-08-14 01:19:18", "elapsed": 55886.94784498215, "delta": 31.08365774154663}, "costs": {"total_cost": 2191.4373085482985, "time_cost": 150, "final_distance_cost": 67.75068693189044, "oscillation_cost": 729.1400079414188, "completition_cost": 1000.0, "overshoot_cost": 168.3230812698081, "power_cost": 40.94905689697266, "noise_cost": 35.27447550820848, "n_waypoints_completed": 0, "tot_waypoints": 9}}
{"target": -2258.696330321453, "params": {"k_pid_pos": [1.9083585739135742, 0.013256877660751343, 0.0], "k_pid_alt": [2.0, 0.0, 1.0], "k_pid_att": [99.16718292236328, 9.999999747378752e-05, 0.9491393566131592], "k_pid_yaw": [0.5, 1e-06, 0.1], "k_pid_hsp": [9.999999747378752e-05, 0.0, 0.9566260576248169], "k_pid_vsp": [17.48800277709961, 398.6314392089844, 380.9728698730469]}, "datetime": {"datetime": "2025-08-14 01:19:51", "elapsed": 55919.124836444855, "delta": 32.17699146270752}, "costs": {"total_cost": 2258.696330321453, "time_cost": 150, "final_distance_cost": 15.87188431537637, "oscillation_cost": 749.4987666486255, "completition_cost": 1000.0, "overshoot_cost": 272.7175248783727, "power_cost": 36.0744912475586, "noise_cost": 34.53366323151977, "n_waypoints_completed": 0, "tot_waypoints": 9}}
{"target": -6654.3957043259115, "params": {"k_pid_pos": [2.0, 0.0, 0.048142820596694946], "k_pid_alt": [2.0, 0.009727001190185547, 1.0], "k_pid_att": [100.0, 9.999999747378752e-05, 1.0], "k_pid_yaw": [0.5, 1e-06, 0.1], "k_pid_hsp": [9.999999747378752e-05, 0.0, 1.0], "k_pid_vsp": [12.818408012390137, 400.0, 371.5798034667969]}, "datetime": {"datetime": "2025-08-14 01:20:19", "elapsed": 55947.98853969574, "delta": 28.86370325088501}, "costs": {"total_cost": 6654.3957043259115, "time_cost": 150, "final_distance_cost": 1854.5241538098173, "oscillation_cost": 799.2094464476577, "completition_cost": 1000.0, "overshoot_cost": 2791.2408406944514, "power_cost": 32.40259222412109, "noise_cost": 27.018671149864492, "n_waypoints_completed": 0, "tot_waypoints": 9}}
{"target": -2144.457029860323, "params": {"k_pid_pos": [2.0, 0.0, 0.0], "k_pid_alt": [2.0, 0.0, 1.0], "k_pid_att": [94.97354888916016, 9.999999747378752e-05, 1.0], "k_pid_yaw": [0.5, 1e-06, 0.1], "k_pid_hsp": [0.27855756878852844, 0.0, 0.9801391363143921], "k_pid_vsp": [42.22685241699219, 400.0, 378.0066833496094]}, "datetime": {"datetime": "2025-08-14 01:20:49", "elapsed": 55977.509286403656, "delta": 29.52074670791626}, "costs": {"total_cost": 2144.457029860323, "time_cost": 150, "final_distance_cost": 39.178174850980234, "oscillation_cost": 686.2372247386121, "completition_cost": 888.8888888888888, "overshoot_cost": 255.90791435731953, "power_cost": 44.94822902832031, "noise_cost": 79.29659799620214, "n_waypoints_completed": 1, "tot_waypoints": 9}}
{"target": -1998.959552302927, "params": {"k_pid_pos": [1.852426290512085, 0.0, 0.0], "k_pid_alt": [1.9237921237945557, 0.017704635858535767, 1.0], "k_pid_att": [100.0, 0.7523519992828369, 1.0], "k_pid_yaw": [0.5, 1e-06, 0.1], "k_pid_hsp": [9.999999747378752e-05, 0.11094990372657776, 0.9847941994667053], "k_pid_vsp": [21.382104873657227, 400.0, 388.7674255371094]}, "datetime": {"datetime": "2025-08-14 01:21:20", "elapsed": 56008.40649366379, "delta": 30.897207260131836}, "costs": {"total_cost": 1998.959552302927, "time_cost": 150, "final_distance_cost": 48.80517930611018, "oscillation_cost": 756.9260137070889, "completition_cost": 888.8888888888888, "overshoot_cost": 77.55367820009266, "power_cost": 40.65165562744141, "noise_cost": 36.134136573305206, "n_waypoints_completed": 1, "tot_waypoints": 9}}
{"target": -2202.7814709268787, "params": {"k_pid_pos": [1.8603140115737915, 0.03606566786766052, 0.05523380637168884], "k_pid_alt": [1.9153883457183838, 0.004889041185379028, 0.9880381226539612], "k_pid_att": [100.0, 0.15276920795440674, 0.9257404804229736], "k_pid_yaw": [0.5, 1e-06, 0.1], "k_pid_hsp": [9.999999747378752e-05, 0.0, 1.0], "k_pid_vsp": [28.219200134277344, 370.9458923339844, 378.1655578613281]}, "datetime": {"datetime": "2025-08-14 01:21:50", "elapsed": 56038.61516952515, "delta": 30.208675861358643}, "costs": {"total_cost": 2202.7814709268787, "time_cost": 150, "final_distance_cost": 143.77044552298594, "oscillation_cost": 853.3724970081539, "completition_cost": 888.8888888888888, "overshoot_cost": 103.36769185839694, "power_cost": 35.331288708496096, "noise_cost": 28.050658939957167, "n_waypoints_completed": 1, "tot_waypoints": 9}}
{"target": -2781.1076039765503, "params": {"k_pid_pos": [1.9773178100585938, 0.0, 0.08994156122207642], "k_pid_alt": [2.0, 0.0, 0.965438723564148], "k_pid_att": [100.0, 9.999999747378752e-05, 1.0], "k_pid_yaw": [0.5, 1e-06, 0.1], "k_pid_hsp": [0.08517852425575256, 0.0, 1.0], "k_pid_vsp": [0.0, 378.5388488769531, 400.0]}, "datetime": {"datetime": "2025-08-14 01:22:21", "elapsed": 56069.261086940765, "delta": 30.645917415618896}, "costs": {"total_cost": 2781.1076039765503, "time_cost": 150, "final_distance_cost": 284.3687553697672, "oscillation_cost": 757.7865186483989, "completition_cost": 1000.0, "overshoot_cost": 527.9565221100049, "power_cost": 33.589197387695314, "noise_cost": 27.406610460684586, "n_waypoints_completed": 0, "tot_waypoints": 9}}
