{"target": -8456.215017011325, "params": {"k_pid_pos": [2.0, 0.04722127318382263, 0.060745686292648315], "k_pid_alt": [1.9581573009490967, 0.04328346252441406, 1.0], "k_pid_att": [99.78644561767578, 9.999999747378752e-05, 0.9724547266960144], "k_pid_yaw": [0.5, 1e-06, 0.1], "k_pid_hsp": [9.999999747378752e-05, 0.0, 0.9633080363273621], "k_pid_vsp": [0.0, 400.0, 370.9977722167969]}, "datetime": {"datetime": "2025-08-14 04:27:46", "elapsed": 67194.63352489471, "delta": 29.11517333984375}, "costs": {"total_cost": 8456.215017011325, "time_cost": 150, "final_distance_cost": 2027.2631830067692, "oscillation_cost": 753.6260632628135, "completition_cost": 1000.0, "overshoot_cost": 4461.161067562777, "power_cost": 35.697796020507816, "noise_cost": 28.466907158457268, "n_waypoints_completed": 0, "tot_waypoints": 9}}
{"target": -2160.9966789950086, "params": {"k_pid_pos": [1.995649814605713, 0.04779067635536194, 0.0], "k_pid_alt": [2.0, 0.0, 1.0], "k_pid_att": [97.94239044189453, 0.5934341549873352, 1.0], "k_pid_yaw": [0.5, 1e-06, 0.1], "k_pid_hsp": [9.999999747378752e-05, 0.0, 1.0], "k_pid_vsp": [0.0, 394.669189453125, 381.7222900390625]}, "datetime": {"datetime": "2025-08-14 04:28:14", "elapsed": 67222.32377696037, "delta": 27.69025206565857}, "costs": {"total_cost": 2160.9966789950086, "time_cost": 150, "final_distance_cost": 34.925571604099844, "oscillation_cost": 735.3649129868007, "completition_cost": 1000.0, "overshoot_cost": 137.31851014690824, "power_cost": 41.140232641601564, "noise_cost": 62.2474516155985, "n_waypoints_completed": 0, "tot_waypoints": 9}}
{"target": -4076.0155776446495, "params": {"k_pid_pos": [2.0, 0.0718306303024292, 0.04525211453437805], "k_pid_alt": [2.0, 0.001604318618774414, 0.9755060076713562], "k_pid_att": [100.0, 9.999999747378752e-05, 1.0], "k_pid_yaw": [0.5, 1e-06, 0.1], "k_pid_hsp": [9.999999747378752e-05, 0.0, 1.0], "k_pid_vsp": [0.0, 400.0, 378.0640563964844]}, "datetime": {"datetime": "2025-08-14 04:28:42", "elapsed": 67250.56466126442, "delta": 28.24088430404663}, "costs": {"total_cost": 4076.0155776446495, "time_cost": 150, "final_distance_cost": 1046.1446053918705, "oscillation_cost": 805.0367522083768, "completition_cost": 1000.0, "overshoot_cost": 1011.9657941580975, "power_cost": 35.05976623535157, "noise_cost": 27.808659650952727, "n_waypoints_completed": 0, "tot_waypoints": 9}}
{"target": -4836.488015425729, "params": {"k_pid_pos": [2.0, 0.0, 0.0], "k_pid_alt": [2.0, 0.05968579649925232, 0.9441649913787842], "k_pid_att": [99.8768310546875, 9.999999747378752e-05, 0.977205753326416], "k_pid_yaw": [0.5, 1e-06, 0.1], "k_pid_hsp": [9.999999747378752e-05, 0.0, 1.0], "k_pid_vsp": [0.0, 376.8722839355469, 400.0]}, "datetime": {"datetime": "2025-08-14 04:29:11", "elapsed": 67279.14372205734, "delta": 28.579060792922974}, "costs": {"total_cost": 4836.488015425729, "time_cost": 150, "final_distance_cost": 1064.834868569312, "oscillation_cost": 764.8821157806707, "completition_cost": 1000.0, "overshoot_cost": 1793.3128242628038, "power_cost": 35.186344494628905, "noise_cost": 28.27186231831319, "n_waypoints_completed": 0, "tot_waypoints": 9}}
{"target": -8313.887797879022, "params": {"k_pid_pos": [1.9643961191177368, 0.0, 0.0], "k_pid_alt": [1.9280343055725098, 0.0, 1.0], "k_pid_att": [100.0, 0.3055826425552368, 0.9109406471252441], "k_pid_yaw": [0.5, 1e-06, 0.1], "k_pid_hsp": [9.999999747378752e-05, 0.015851914882659912, 1.0], "k_pid_vsp": [0.0, 371.51885986328125, 371.3316345214844]}, "datetime": {"datetime": "2025-08-14 04:29:39", "elapsed": 67307.71885347366, "delta": 28.5751314163208}, "costs": {"total_cost": 8313.887797879022, "time_cost": 150, "final_distance_cost": 2243.9644161150036, "oscillation_cost": 750.8145863135798, "completition_cost": 1000.0, "overshoot_cost": 4105.8253907309945, "power_cost": 35.168085656738285, "noise_cost": 28.11531906270702, "n_waypoints_completed": 0, "tot_waypoints": 9}}
{"target": -2169.033338551166, "params": {"k_pid_pos": [2.0, 0.0, 0.052605003118515015], "k_pid_alt": [2.0, 0.0, 0.9590504169464111], "k_pid_att": [99.68685150146484, 9.999999747378752e-05, 0.962012529373169], "k_pid_yaw": [0.5, 1e-06, 0.1], "k_pid_hsp": [0.6962028741836548, 0.051484912633895874, 1.0], "k_pid_vsp": [0.0, 400.0, 393.5285949707031]}, "datetime": {"datetime": "2025-08-14 04:30:07", "elapsed": 67335.83786201477, "delta": 28.119008541107178}, "costs": {"total_cost": 2169.033338551166, "time_cost": 150, "final_distance_cost": 54.27902651324619, "oscillation_cost": 665.8137516039376, "completition_cost": 1000.0, "overshoot_cost": 150.62626739514198, "power_cost": 42.9018263671875, "noise_cost": 105.41246667165238, "n_waypoints_completed": 0, "tot_waypoints": 9}}
{"target": -5770.72042435245, "params": {"k_pid_pos": [2.0, 0.0, 0.13247326016426086], "k_pid_alt": [2.0, 0.0, 1.0], "k_pid_att": [98.34740447998047, 9.999999747378752e-05, 0.9693044424057007], "k_pid_yaw": [0.5, 1e-06, 0.1], "k_pid_hsp": [0.3279764950275421, 0.02706095576286316, 1.0], "k_pid_vsp": [36.419654846191406, 400.0, 400.0]}, "datetime": {"datetime": "2025-08-14 04:30:37", "elapsed": 67365.65007734299, "delta": 29.812215328216553}, "costs": {"total_cost": 5770.72042435245, "time_cost": 150, "final_distance_cost": 1342.1595374246683, "oscillation_cost": 801.4877305474993, "completition_cost": 1000.0, "overshoot_cost": 2418.3779408263135, "power_cost": 31.725392333984377, "noise_cost": 26.969823219985603, "n_waypoints_completed": 0, "tot_waypoints": 9}}
{"target": -5913.640335580268, "params": {"k_pid_pos": [1.9759893417358398, 0.01882922649383545, 0.050333499908447266], "k_pid_alt": [2.0, 0.07863903045654297, 1.0], "k_pid_att": [100.0, 9.999999747378752e-05, 0.9710258841514587], "k_pid_yaw": [0.5, 1e-06, 0.1], "k_pid_hsp": [9.999999747378752e-05, 0.0, 1.0], "k_pid_vsp": [18.945932388305664, 400.0, 391.220703125]}, "datetime": {"datetime": "2025-08-14 04:31:06", "elapsed": 67394.96979260445, "delta": 29.31971526145935}, "costs": {"total_cost": 5913.640335580268, "time_cost": 150, "final_distance_cost": 1406.1320625139488, "oscillation_cost": 827.3493886552178, "completition_cost": 1000.0, "overshoot_cost": 2469.5858666337676, "power_cost": 33.32856845703125, "noise_cost": 27.244449320302852, "n_waypoints_completed": 0, "tot_waypoints": 9}}
{"target": -2432.1735812516586, "params": {"k_pid_pos": [1.9888867139816284, 0.0, 0.008428901433944702], "k_pid_alt": [2.0, 0.0, 1.0], "k_pid_att": [100.0, 9.999999747378752e-05, 0.9184897541999817], "k_pid_yaw": [0.5, 1e-06, 0.1], "k_pid_hsp": [9.999999747378752e-05, 0.06422281265258789, 0.9116426706314087], "k_pid_vsp": [11.79007339477539, 400.0, 400.0]}, "datetime": {"datetime": "2025-08-14 04:31:35", "elapsed": 67423.22569179535, "delta": 28.25589919090271}, "costs": {"total_cost": 2432.1735812516586, "time_cost": 150, "final_distance_cost": 115.26864124553207, "oscillation_cost": 798.9124616948868, "completition_cost": 1000.0, "overshoot_cost": 303.8035945295303, "power_cost": 36.03322946777344, "noise_cost": 28.155654313935678, "n_waypoints_completed": 0, "tot_waypoints": 9}}
{"target": -2228.6650950219578, "params": {"k_pid_pos": [2.0, 0.0, 0.062162309885025024], "k_pid_alt": [1.9658139944076538, 0.02650943398475647, 0.943756103515625], "k_pid_att": [100.0, 0.17507244646549225, 0.9792402982711792], "k_pid_yaw": [0.5, 1e-06, 0.1], "k_pid_hsp": [9.999999747378752e-05, 0.0, 0.9928629398345947], "k_pid_vsp": [0.0, 385.1697082519531, 367.7694091796875]}, "datetime": {"datetime": "2025-08-14 04:32:03", "elapsed": 67451.62695717812, "delta": 28.401265382766724}, "costs": {"total_cost": 2228.6650950219578, "time_cost": 150, "final_distance_cost": 62.921272841555734, "oscillation_cost": 773.2650211554671, "completition_cost": 1000.0, "overshoot_cost": 175.02147024121533, "power_cost": 38.65833334960938, "noise_cost": 28.798997434110223, "n_waypoints_completed": 0, "tot_waypoints": 9}}
{"target": -1962.3283201267027, "params": {"k_pid_pos": [2.0, 0.0, 0.0], "k_pid_alt": [2.0, 0.06901165843009949, 1.0], "k_pid_att": [100.0, 9.999999747378752e-05, 0.9414461255073547], "k_pid_yaw": [0.5, 1e-06, 0.1], "k_pid_hsp": [0.37282228469848633, 0.07323342561721802, 0.9510512351989746], "k_pid_vsp": [0.0, 393.7523498535156, 384.81427001953125]}, "datetime": {"datetime": "2025-08-14 04:32:30", "elapsed": 67478.55873584747, "delta": 26.9317786693573}, "costs": {"total_cost": 1962.3283201267027, "time_cost": 150, "final_distance_cost": 180.40223284373513, "oscillation_cost": 491.45146675977486, "completition_cost": 888.8888888888888, "overshoot_cost": 160.92544358590564, "power_cost": 39.24543218994141, "noise_cost": 51.414855858457, "n_waypoints_completed": 1, "tot_waypoints": 9}}
{"target": -2255.096977261883, "params": {"k_pid_pos": [1.9182811975479126, 0.0, 0.0], "k_pid_alt": [1.8997958898544312, 0.043020814657211304, 0.9938074350357056], "k_pid_att": [100.0, 0.09627053886651993, 1.0], "k_pid_yaw": [0.5, 1e-06, 0.1], "k_pid_hsp": [9.999999747378752e-05, 0.0, 0.9499800205230713], "k_pid_vsp": [11.676776885986328, 400.0, 400.0]}, "datetime": {"datetime": "2025-08-14 04:32:57", "elapsed": 67505.96984291077, "delta": 27.411107063293457}, "costs": {"total_cost": 2255.096977261883, "time_cost": 150, "final_distance_cost": 45.832445050012176, "oscillation_cost": 803.6619724168622, "completition_cost": 1000.0, "overshoot_cost": 191.4584277185144, "power_cost": 36.10373983154297, "noise_cost": 28.040392244950834, "n_waypoints_completed": 0, "tot_waypoints": 9}}
{"target": -2205.6123561887175, "params": {"k_pid_pos": [1.7939597368240356, 0.0, 0.0], "k_pid_alt": [2.0, 0.0, 0.9680103063583374], "k_pid_att": [100.0, 0.15955156087875366, 0.9931747317314148], "k_pid_yaw": [0.5, 1e-06, 0.1], "k_pid_hsp": [0.2626287043094635, 0.028477102518081665, 0.9743043184280396], "k_pid_vsp": [17.320632934570312, 400.0, 400.0]}, "datetime": {"datetime": "2025-08-14 04:33:26", "elapsed": 67534.46491098404, "delta": 28.495068073272705}, "costs": {"total_cost": 2205.6123561887175, "time_cost": 150, "final_distance_cost": 183.37557989230234, "oscillation_cost": 667.9189286735984, "completition_cost": 888.8888888888888, "overshoot_cost": 252.18645692380008, "power_cost": 35.2005648803711, "noise_cost": 28.041936929756865, "n_waypoints_completed": 1, "tot_waypoints": 9}}
{"target": -2972.6375862271198, "params": {"k_pid_pos": [1.8838773965835571, 0.0, 0.0], "k_pid_alt": [2.0, 0.014288872480392456, 1.0], "k_pid_att": [100.0, 0.45278826355934143, 0.982205867767334], "k_pid_yaw": [0.5, 1e-06, 0.1], "k_pid_hsp": [9.999999747378752e-05, 0.0, 0.9754538536071777], "k_pid_vsp": [0.0, 400.0, 382.1715087890625]}, "datetime": {"datetime": "2025-08-14 04:33:55", "elapsed": 67563.94351863861, "delta": 29.478607654571533}, "costs": {"total_cost": 2972.6375862271198, "time_cost": 150, "final_distance_cost": 406.30939764921624, "oscillation_cost": 806.978703392361, "completition_cost": 1000.0, "overshoot_cost": 544.6784785136425, "power_cost": 35.9079603515625, "noise_cost": 28.763046320337892, "n_waypoints_completed": 0, "tot_waypoints": 9}}
{"target": -2282.780873031869, "params": {"k_pid_pos": [2.0, 0.0, 0.042629897594451904], "k_pid_alt": [1.9570633172988892, 0.02197328209877014, 1.0], "k_pid_att": [96.27034759521484, 0.42909178137779236, 1.0], "k_pid_yaw": [0.5, 1e-06, 0.1], "k_pid_hsp": [9.999999747378752e-05, 0.0035865604877471924, 0.983951210975647], "k_pid_vsp": [18.21908950805664, 400.0, 386.3104248046875]}, "datetime": {"datetime": "2025-08-14 04:34:23", "elapsed": 67591.29269576073, "delta": 27.34917712211609}, "costs": {"total_cost": 2282.780873031869, "time_cost": 150, "final_distance_cost": 54.53302662445066, "oscillation_cost": 736.4587852065426, "completition_cost": 1000.0, "overshoot_cost": 206.6377337523297, "power_cost": 42.60753247070313, "noise_cost": 92.54379497784309, "n_waypoints_completed": 0, "tot_waypoints": 9}}
{"target": -5662.0133068379, "params": {"k_pid_pos": [2.0, 0.0, 0.08491256833076477], "k_pid_alt": [1.874223232269287, 0.044153064489364624, 1.0], "k_pid_att": [100.0, 9.999999747378752e-05, 0.9033647775650024], "k_pid_yaw": [0.5, 1e-06, 0.1], "k_pid_hsp": [0.03231062367558479, 0.0, 1.0], "k_pid_vsp": [9.48324203491211, 400.0, 372.7270202636719]}, "datetime": {"datetime": "2025-08-14 04:34:51", "elapsed": 67619.61523365974, "delta": 28.322537899017334}, "costs": {"total_cost": 5662.0133068379, "time_cost": 150, "final_distance_cost": 1470.4813777272036, "oscillation_cost": 831.0474129499654, "completition_cost": 888.8888888888888, "overshoot_cost": 2259.680944260262, "power_cost": 34.066133715820314, "noise_cost": 27.848549295761053, "n_waypoints_completed": 1, "tot_waypoints": 9}}
{"target": -6842.084151089476, "params": {"k_pid_pos": [2.0, 0.0263669490814209, 0.0], "k_pid_alt": [2.0, 0.0, 1.0], "k_pid_att": [98.45094299316406, 9.999999747378752e-05, 0.967653214931488], "k_pid_yaw": [0.5, 1e-06, 0.1], "k_pid_hsp": [0.45389512181282043, 0.01208794116973877, 1.0], "k_pid_vsp": [0.0, 400.0, 376.3734436035156]}, "datetime": {"datetime": "2025-08-14 04:35:20", "elapsed": 67648.25270485878, "delta": 28.637471199035645}, "costs": {"total_cost": 6842.084151089476, "time_cost": 150, "final_distance_cost": 1762.815447406776, "oscillation_cost": 800.8934553106203, "completition_cost": 1000.0, "overshoot_cost": 3065.791363117131, "power_cost": 34.001473046875, "noise_cost": 28.582412208073766, "n_waypoints_completed": 0, "tot_waypoints": 9}}
{"target": -4726.044127786404, "params": {"k_pid_pos": [1.9992914199829102, 0.0, 0.08291277289390564], "k_pid_alt": [1.8923447132110596, 0.0, 1.0], "k_pid_att": [100.0, 0.07749705016613007, 1.0], "k_pid_yaw": [0.5, 1e-06, 0.1], "k_pid_hsp": [0.043494727462530136, 0.0030480623245239258, 0.9499470591545105], "k_pid_vsp": [0.0, 400.0, 392.9925231933594]}, "datetime": {"datetime": "2025-08-14 04:35:48", "elapsed": 67677.0756123066, "delta": 28.82290744781494}, "costs": {"total_cost": 4726.044127786404, "time_cost": 150, "final_distance_cost": 992.6907043417498, "oscillation_cost": 763.9142275057333, "completition_cost": 1000.0, "overshoot_cost": 1757.1701725726637, "power_cost": 34.53773603515625, "noise_cost": 27.731287331101516, "n_waypoints_completed": 0, "tot_waypoints": 9}}
{"target": -2410.9044386332034, "params": {"k_pid_pos": [2.0, 0.0, 0.0], "k_pid_alt": [1.9617865085601807, 0.08317252993583679, 0.9432680606842041], "k_pid_att": [100.0, 9.999999747378752e-05, 0.9590580463409424], "k_pid_yaw": [0.5, 1e-06, 0.1], "k_pid_hsp": [9.999999747378752e-05, 0.0, 1.0], "k_pid_vsp": [22.150123596191406, 400.0, 400.0]}, "datetime": {"datetime": "2025-08-14 04:36:16", "elapsed": 67704.69021821022, "delta": 27.61460590362549}, "costs": {"total_cost": 2410.9044386332034, "time_cost": 150, "final_distance_cost": 243.57321944794967, "oscillation_cost": 727.7073184973453, "completition_cost": 1000.0, "overshoot_cost": 227.33420789760999, "power_cost": 34.684590258789065, "noise_cost": 27.605102531509303, "n_waypoints_completed": 0, "tot_waypoints": 9}}
{"target": -3079.0422939323566, "params": {"k_pid_pos": [1.894962191581726, 0.0485781729221344, 0.0], "k_pid_alt": [2.0, 0.002871960401535034, 0.9927250146865845], "k_pid_att": [95.64093017578125, 0.042820606380701065, 1.0], "k_pid_yaw": [0.5, 1e-06, 0.1], "k_pid_hsp": [0.5961089134216309, 0.0170954167842865, 0.9312224388122559], "k_pid_vsp": [0.0, 400.0, 400.0]}, "datetime": {"datetime": "2025-08-14 04:36:47", "elapsed": 67735.56899523735, "delta": 30.878777027130127}, "costs": {"total_cost": 3079.0422939323566, "time_cost": 150, "final_distance_cost": 687.131154425588, "oscillation_cost": 572.3488678069765, "completition_cost": 777.7777777777778, "overshoot_cost": 825.831970097207, "power_cost": 36.65156715087891, "noise_cost": 29.300956673928727, "n_waypoints_completed": 2, "tot_waypoints": 9}}
{"target": -10407.210471599414, "params": {"k_pid_pos": [1.9579659700393677, 0.0, 0.06690800189971924], "k_pid_alt": [2.0, 0.02215719223022461, 1.0], "k_pid_att": [100.0, 9.999999747378752e-05, 0.9756808280944824], "k_pid_yaw": [0.5, 1e-06, 0.1], "k_pid_hsp": [9.999999747378752e-05, 0.0, 1.0], "k_pid_vsp": [9.179878234863281, 400.0, 396.037109375]}, "datetime": {"datetime": "2025-08-14 04:37:14", "elapsed": 67763.0658159256, "delta": 27.49682068824768}, "costs": {"total_cost": 10407.210471599414, "time_cost": 150, "final_distance_cost": 2956.4533224708957, "oscillation_cost": 750.1444687950051, "completition_cost": 1000.0, "overshoot_cost": 5488.302577049125, "power_cost": 34.219266967773436, "noise_cost": 28.09083631661521, "n_waypoints_completed": 0, "tot_waypoints": 9}}
{"target": -5466.858777152921, "params": {"k_pid_pos": [2.0, 0.04836958646774292, 0.03719794750213623], "k_pid_alt": [2.0, 0.0, 0.975803554058075], "k_pid_att": [95.23805236816406, 9.999999747378752e-05, 1.0], "k_pid_yaw": [0.5, 1e-06, 0.1], "k_pid_hsp": [0.3871355950832367, 0.043696850538253784, 1.0], "k_pid_vsp": [12.40884017944336, 379.6918029785156, 389.9326171875]}, "datetime": {"datetime": "2025-08-14 04:37:41", "elapsed": 67789.32312679291, "delta": 26.25731086730957}, "costs": {"total_cost": 5466.858777152921, "time_cost": 150, "final_distance_cost": 1444.9027821240893, "oscillation_cost": 722.5852598216472, "completition_cost": 1000.0, "overshoot_cost": 2088.4583023391942, "power_cost": 33.10553527832032, "noise_cost": 27.806897589669234, "n_waypoints_completed": 0, "tot_waypoints": 9}}
{"target": -7445.389143230057, "params": {"k_pid_pos": [1.8092551231384277, 0.04453304409980774, 0.0], "k_pid_alt": [2.0, 0.12539362907409668, 0.9371229410171509], "k_pid_att": [98.57125091552734, 9.999999747378752e-05, 1.0], "k_pid_yaw": [0.5, 1e-06, 0.1], "k_pid_hsp": [0.05047496035695076, 0.08408159017562866, 0.9890785217285156], "k_pid_vsp": [22.630250930786133, 400.0, 400.0]}, "datetime": {"datetime": "2025-08-14 04:38:10", "elapsed": 67818.55874800682, "delta": 29.235621213912964}, "costs": {"total_cost": 7445.389143230057, "time_cost": 150, "final_distance_cost": 1691.406351956936, "oscillation_cost": 775.4628112035786, "completition_cost": 1000.0, "overshoot_cost": 3768.2986712796446, "power_cost": 32.84707325439453, "noise_cost": 27.374235535503377, "n_waypoints_completed": 0, "tot_waypoints": 9}}
{"target": -2032.9913042114035, "params": {"k_pid_pos": [1.8626154661178589, 0.0, 0.011415749788284302], "k_pid_alt": [2.0, 0.01496472954750061, 0.938159704208374], "k_pid_att": [100.0, 0.4320541024208069, 0.9017764329910278], "k_pid_yaw": [0.5, 1e-06, 0.1], "k_pid_hsp": [9.999999747378752e-05, 0.027553647756576538, 0.9772194623947144], "k_pid_vsp": [0.0, 380.5850524902344, 398.6423645019531]}, "datetime": {"datetime": "2025-08-14 04:38:39", "elapsed": 67848.03462171555, "delta": 29.475873708724976}, "costs": {"total_cost": 2032.9913042114035, "time_cost": 150, "final_distance_cost": 54.20325679541036, "oscillation_cost": 701.0690500556628, "completition_cost": 888.8888888888888, "overshoot_cost": 118.23608179830892, "power_cost": 46.30122303466797, "noise_cost": 74.29280363846456, "n_waypoints_completed": 1, "tot_waypoints": 9}}
{"target": -2201.939040463866, "params": {"k_pid_pos": [1.9738681316375732, 0.0, 0.05329453945159912], "k_pid_alt": [2.0, 0.0, 1.0], "k_pid_att": [93.55684661865234, 9.999999747378752e-05, 0.9410989284515381], "k_pid_yaw": [0.5, 1e-06, 0.1], "k_pid_hsp": [0.00656107859686017, 0.034164607524871826, 1.0], "k_pid_vsp": [0.0, 400.0, 400.0]}, "datetime": {"datetime": "2025-08-14 04:39:08", "elapsed": 67876.3223605156, "delta": 28.287738800048828}, "costs": {"total_cost": 2201.939040463866, "time_cost": 150, "final_distance_cost": 80.28286820433719, "oscillation_cost": 693.2765920818272, "completition_cost": 1000.0, "overshoot_cost": 157.64207499191778, "power_cost": 41.90494930419922, "noise_cost": 78.8325558815844, "n_waypoints_completed": 0, "tot_waypoints": 9}}
{"target": -3398.399822125834, "params": {"k_pid_pos": [2.0, 0.043214380741119385, 0.08102536201477051], "k_pid_alt": [2.0, 0.06259328126907349, 0.9986034035682678], "k_pid_att": [97.53555297851562, 9.999999747378752e-05, 1.0], "k_pid_yaw": [0.5, 1e-06, 0.1], "k_pid_hsp": [0.6627063155174255, 0.010057121515274048, 0.95870041847229], "k_pid_vsp": [0.0, 400.0, 388.1453552246094]}, "datetime": {"datetime": "2025-08-14 04:39:35", "elapsed": 67903.29951882362, "delta": 26.977158308029175}, "costs": {"total_cost": 3398.399822125834, "time_cost": 150, "final_distance_cost": 615.1703278927029, "oscillation_cost": 458.36586921279866, "completition_cost": 1000.0, "overshoot_cost": 1107.497212079968, "power_cost": 37.21772788085938, "noise_cost": 30.148685059504892, "n_waypoints_completed": 0, "tot_waypoints": 9}}
{"target": -2423.6303138297044, "params": {"k_pid_pos": [1.9655957221984863, 0.0796765685081482, 0.04421514272689819], "k_pid_alt": [2.0, 0.06615245342254639, 1.0], "k_pid_att": [100.0, 0.001596955582499504, 1.0], "k_pid_yaw": [0.5, 1e-06, 0.1], "k_pid_hsp": [0.10194573551416397, 0.031199663877487183, 1.0], "k_pid_vsp": [28.394174575805664, 400.0, 394.72412109375]}, "datetime": {"datetime": "2025-08-14 04:40:05", "elapsed": 67933.88030195236, "delta": 30.580783128738403}, "costs": {"total_cost": 2423.6303138297044, "time_cost": 150, "final_distance_cost": 141.76537833289566, "oscillation_cost": 777.4953377771856, "completition_cost": 1000.0, "overshoot_cost": 292.9134627204892, "power_cost": 33.68516826171875, "noise_cost": 27.770966737414753, "n_waypoints_completed": 0, "tot_waypoints": 9}}
