{"target": -5720.598067008741, "params": {"k_pid_pos": [1.9004650115966797, 0.0, 0.0], "k_pid_alt": [1.9883458614349365, 0.0, 1.0], "k_pid_att": [100.0, 0.42845818400382996, 1.0], "k_pid_yaw": [0.5, 1e-06, 0.1], "k_pid_hsp": [9.999999747378752e-05, 0.04062163829803467, 1.0], "k_pid_vsp": [0.0, 394.1725158691406, 400.0]}, "datetime": {"datetime": "2025-08-13 22:24:50", "elapsed": 45418.15581083298, "delta": 29.25271201133728}, "costs": {"total_cost": 5720.598067008741, "time_cost": 150, "final_distance_cost": 1280.172472225682, "oscillation_cost": 883.6896754977638, "completition_cost": 1000.0, "overshoot_cost": 2344.266005145254, "power_cost": 34.71376291503906, "noise_cost": 27.75615122500252, "n_waypoints_completed": 0, "tot_waypoints": 9}}
{"target": -2376.371822696748, "params": {"k_pid_pos": [2.0, 0.10440590977668762, 0.0], "k_pid_alt": [2.0, 0.0, 0.938069760799408], "k_pid_att": [100.0, 0.25513795018196106, 1.0], "k_pid_yaw": [0.5, 1e-06, 0.1], "k_pid_hsp": [9.999999747378752e-05, 0.05247858166694641, 1.0], "k_pid_vsp": [0.0, 400.0, 400.0]}, "datetime": {"datetime": "2025-08-13 22:25:21", "elapsed": 45449.54579925537, "delta": 31.3899884223938}, "costs": {"total_cost": 2376.371822696748, "time_cost": 150, "final_distance_cost": 94.37535410599642, "oscillation_cost": 767.6143468088528, "completition_cost": 1000.0, "overshoot_cost": 278.0320037349925, "power_cost": 39.26727242431641, "noise_cost": 47.08284562258943, "n_waypoints_completed": 0, "tot_waypoints": 9}}
{"target": -3271.3594101957246, "params": {"k_pid_pos": [2.0, 0.0, 0.05138537287712097], "k_pid_alt": [1.9114129543304443, 0.07753029465675354, 1.0], "k_pid_att": [100.0, 9.999999747378752e-05, 0.9752415418624878], "k_pid_yaw": [0.5, 1e-06, 0.1], "k_pid_hsp": [0.4350629150867462, 0.0, 1.0], "k_pid_vsp": [0.0, 400.0, 400.0]}, "datetime": {"datetime": "2025-08-13 22:25:51", "elapsed": 45479.17879605293, "delta": 29.632996797561646}, "costs": {"total_cost": 3271.3594101957246, "time_cost": 150, "final_distance_cost": 680.955332007026, "oscillation_cost": 621.6388136135575, "completition_cost": 1000.0, "overshoot_cost": 755.5297675654455, "power_cost": 34.70093607177735, "noise_cost": 28.534560937918048, "n_waypoints_completed": 0, "tot_waypoints": 9}}
{"target": -2433.486198881148, "params": {"k_pid_pos": [1.9969557523727417, 0.0, 0.01411864161491394], "k_pid_alt": [2.0, 0.022690802812576294, 1.0], "k_pid_att": [100.0, 0.6059399843215942, 0.9555851221084595], "k_pid_yaw": [0.5, 1e-06, 0.1], "k_pid_hsp": [0.05104417726397514, 0.0, 0.9766030311584473], "k_pid_vsp": [0.0, 400.0, 400.0]}, "datetime": {"datetime": "2025-08-13 22:26:19", "elapsed": 45507.45892763138, "delta": 28.280131578445435}, "costs": {"total_cost": 2433.486198881148, "time_cost": 150, "final_distance_cost": 178.71439813364805, "oscillation_cost": 727.4332659509516, "completition_cost": 1000.0, "overshoot_cost": 316.15661250472647, "power_cost": 33.633886706542974, "noise_cost": 27.54803558527898, "n_waypoints_completed": 0, "tot_waypoints": 9}}
{"target": -7098.197571487333, "params": {"k_pid_pos": [1.8703596591949463, 0.0, 0.0], "k_pid_alt": [1.8833465576171875, 0.0179634690284729, 0.8648488521575928], "k_pid_att": [98.5691146850586, 0.6876758933067322, 1.0], "k_pid_yaw": [0.5, 1e-06, 0.1], "k_pid_hsp": [9.999999747378752e-05, 0.0, 1.0], "k_pid_vsp": [0.0, 400.0, 400.0]}, "datetime": {"datetime": "2025-08-13 22:26:48", "elapsed": 45536.75589132309, "delta": 29.296963691711426}, "costs": {"total_cost": 7098.197571487333, "time_cost": 150, "final_distance_cost": 1815.3118411830471, "oscillation_cost": 771.6408748540345, "completition_cost": 1000.0, "overshoot_cost": 3300.196971026591, "power_cost": 33.48238129882812, "noise_cost": 27.56550312483292, "n_waypoints_completed": 0, "tot_waypoints": 9}}
{"target": -2147.218966956602, "params": {"k_pid_pos": [2.0, 0.019624769687652588, 0.0], "k_pid_alt": [2.0, 0.0, 0.9470019340515137], "k_pid_att": [100.0, 0.0522952675819397, 1.0], "k_pid_yaw": [0.5, 1e-06, 0.1], "k_pid_hsp": [9.999999747378752e-05, 0.0, 0.986496090888977], "k_pid_vsp": [0.0, 400.0, 400.0]}, "datetime": {"datetime": "2025-08-13 22:27:17", "elapsed": 45565.95236778259, "delta": 29.196476459503174}, "costs": {"total_cost": 2147.218966956602, "time_cost": 150, "final_distance_cost": 53.84371141302304, "oscillation_cost": 781.9742603267457, "completition_cost": 1000.0, "overshoot_cost": 95.12280599497561, "power_cost": 37.63734860839844, "noise_cost": 28.640840613458632, "n_waypoints_completed": 0, "tot_waypoints": 9}}
{"target": -3051.7917825340955, "params": {"k_pid_pos": [2.0, 0.0, 0.08065474033355713], "k_pid_alt": [1.9553024768829346, 0.03484860062599182, 1.0], "k_pid_att": [96.0155029296875, 0.21847611665725708, 1.0], "k_pid_yaw": [0.5, 1e-06, 0.1], "k_pid_hsp": [0.8592885136604309, 0.035259753465652466, 1.0], "k_pid_vsp": [23.84357452392578, 400.0, 400.0]}, "datetime": {"datetime": "2025-08-13 22:27:47", "elapsed": 45595.96662425995, "delta": 30.014256477355957}, "costs": {"total_cost": 3051.7917825340955, "time_cost": 150, "final_distance_cost": 596.5632712863608, "oscillation_cost": 575.4456759251949, "completition_cost": 888.8888888888888, "overshoot_cost": 777.4158388534983, "power_cost": 33.95461027832032, "noise_cost": 29.523497301832876, "n_waypoints_completed": 1, "tot_waypoints": 9}}
{"target": -5692.021744724354, "params": {"k_pid_pos": [2.0, 0.051997244358062744, 0.0007048845291137695], "k_pid_alt": [1.994161605834961, 0.0, 0.9840278625488281], "k_pid_att": [100.0, 9.999999747378752e-05, 1.0], "k_pid_yaw": [0.5, 1e-06, 0.1], "k_pid_hsp": [9.999999747378752e-05, 0.0, 1.0], "k_pid_vsp": [8.795690536499023, 400.0, 400.0]}, "datetime": {"datetime": "2025-08-13 22:28:17", "elapsed": 45625.540778160095, "delta": 29.574153900146484}, "costs": {"total_cost": 5692.021744724354, "time_cost": 150, "final_distance_cost": 1227.4391320821626, "oscillation_cost": 711.6338400010573, "completition_cost": 1000.0, "overshoot_cost": 2542.6415511178816, "power_cost": 32.86602333984375, "noise_cost": 27.44119818340953, "n_waypoints_completed": 0, "tot_waypoints": 9}}
{"target": -5954.166894466015, "params": {"k_pid_pos": [2.0, 0.07538783550262451, 0.021102219820022583], "k_pid_alt": [2.0, 0.004195451736450195, 1.0], "k_pid_att": [99.13130187988281, 9.999999747378752e-05, 0.9653332233428955], "k_pid_yaw": [0.5, 1e-06, 0.1], "k_pid_hsp": [0.18763072788715363, 0.0533025860786438, 1.0], "k_pid_vsp": [20.04561424255371, 391.629638671875, 400.0]}, "datetime": {"datetime": "2025-08-13 22:28:48", "elapsed": 45656.09976673126, "delta": 30.558988571166992}, "costs": {"total_cost": 5954.166894466015, "time_cost": 150, "final_distance_cost": 1486.7018761610577, "oscillation_cost": 711.4894231742253, "completition_cost": 1000.0, "overshoot_cost": 2546.1538254131015, "power_cost": 32.64240482177735, "noise_cost": 27.17936489585245, "n_waypoints_completed": 0, "tot_waypoints": 9}}
{"target": -2691.601275818664, "params": {"k_pid_pos": [2.0, 0.0, 0.03365716338157654], "k_pid_alt": [1.8592259883880615, 0.013710111379623413, 1.0], "k_pid_att": [100.0, 0.32437431812286377, 1.0], "k_pid_yaw": [0.5, 1e-06, 0.1], "k_pid_hsp": [9.999999747378752e-05, 0.08776929974555969, 0.9740021228790283], "k_pid_vsp": [24.728357315063477, 400.0, 400.0]}, "datetime": {"datetime": "2025-08-13 22:29:16", "elapsed": 45684.613973617554, "delta": 28.514206886291504}, "costs": {"total_cost": 2691.601275818664, "time_cost": 150, "final_distance_cost": 312.9352840602781, "oscillation_cost": 810.040091826956, "completition_cost": 1000.0, "overshoot_cost": 350.9653133415161, "power_cost": 38.26638895263672, "noise_cost": 29.39419763727752, "n_waypoints_completed": 0, "tot_waypoints": 9}}
{"target": -2259.1627418540907, "params": {"k_pid_pos": [1.9555400609970093, 0.0, 0.0], "k_pid_alt": [2.0, 0.009514093399047852, 1.0], "k_pid_att": [100.0, 0.2675236761569977, 1.0], "k_pid_yaw": [0.5, 1e-06, 0.1], "k_pid_hsp": [9.999999747378752e-05, 0.060540348291397095, 0.941307783126831], "k_pid_vsp": [0.0, 400.0, 400.0]}, "datetime": {"datetime": "2025-08-13 22:29:46", "elapsed": 45714.85578560829, "delta": 30.241811990737915}, "costs": {"total_cost": 2259.1627418540907, "time_cost": 150, "final_distance_cost": 24.16043810121652, "oscillation_cost": 796.9129034430258, "completition_cost": 1000.0, "overshoot_cost": 165.2664027087471, "power_cost": 44.35385732421875, "noise_cost": 78.46914027688275, "n_waypoints_completed": 0, "tot_waypoints": 9}}
{"target": -4284.7070196408695, "params": {"k_pid_pos": [2.0, 0.0030218660831451416, 0.0], "k_pid_alt": [2.0, 0.0, 0.973667323589325], "k_pid_att": [100.0, 0.09929753094911575, 1.0], "k_pid_yaw": [0.5, 1e-06, 0.1], "k_pid_hsp": [0.5401129722595215, 0.0020602643489837646, 1.0], "k_pid_vsp": [0.0, 380.9789733886719, 394.23040771484375]}, "datetime": {"datetime": "2025-08-13 22:30:17", "elapsed": 45745.40098452568, "delta": 30.545198917388916}, "costs": {"total_cost": 4284.7070196408695, "time_cost": 150, "final_distance_cost": 949.1939422975761, "oscillation_cost": 711.2637010075424, "completition_cost": 888.8888888888888, "overshoot_cost": 1521.6586808366053, "power_cost": 35.00052585449219, "noise_cost": 28.701280755765, "n_waypoints_completed": 1, "tot_waypoints": 9}}
{"target": -6916.137145769953, "params": {"k_pid_pos": [2.0, 0.0, 0.014748692512512207], "k_pid_alt": [2.0, 0.0, 0.9617044925689697], "k_pid_att": [96.49810028076172, 9.999999747378752e-05, 1.0], "k_pid_yaw": [0.5, 1e-06, 0.1], "k_pid_hsp": [9.999999747378752e-05, 0.005556344985961914, 0.966404139995575], "k_pid_vsp": [0.0, 400.0, 385.3165283203125]}, "datetime": {"datetime": "2025-08-13 22:30:46", "elapsed": 45774.5425465107, "delta": 29.14156198501587}, "costs": {"total_cost": 6916.137145769953, "time_cost": 150, "final_distance_cost": 1712.4960609244627, "oscillation_cost": 732.4510938551739, "completition_cost": 888.8888888888888, "overshoot_cost": 3370.4491450238716, "power_cost": 34.21870421142578, "noise_cost": 27.63325286613154, "n_waypoints_completed": 1, "tot_waypoints": 9}}
{"target": -2192.767710801268, "params": {"k_pid_pos": [1.986609697341919, 0.0, 0.0], "k_pid_alt": [1.8715509176254272, 0.0006722807884216309, 0.960848331451416], "k_pid_att": [100.0, 0.16040121018886566, 1.0], "k_pid_yaw": [0.5, 1e-06, 0.1], "k_pid_hsp": [9.999999747378752e-05, 0.039386242628097534, 0.990875244140625], "k_pid_vsp": [0.0, 400.0, 396.623779296875]}, "datetime": {"datetime": "2025-08-13 22:31:16", "elapsed": 45804.49695444107, "delta": 29.954407930374146}, "costs": {"total_cost": 2192.767710801268, "time_cost": 150, "final_distance_cost": 62.52098231924468, "oscillation_cost": 742.8397687963238, "completition_cost": 888.8888888888888, "overshoot_cost": 264.47022442968876, "power_cost": 36.93326806640625, "noise_cost": 47.11457830071584, "n_waypoints_completed": 1, "tot_waypoints": 9}}
{"target": -2255.838386292337, "params": {"k_pid_pos": [2.0, 0.0, 0.06815150380134583], "k_pid_alt": [1.8175268173217773, 0.058927983045578, 1.0], "k_pid_att": [100.0, 9.999999747378752e-05, 0.854372501373291], "k_pid_yaw": [0.5, 1e-06, 0.1], "k_pid_hsp": [9.999999747378752e-05, 0.0, 1.0], "k_pid_vsp": [0.0, 362.20892333984375, 385.31689453125]}, "datetime": {"datetime": "2025-08-13 22:31:45", "elapsed": 45833.9939699173, "delta": 29.497015476226807}, "costs": {"total_cost": 2255.838386292337, "time_cost": 150, "final_distance_cost": 89.11433771869841, "oscillation_cost": 805.7816907609937, "completition_cost": 1000.0, "overshoot_cost": 143.8161298426682, "power_cost": 38.13979248046875, "noise_cost": 28.98643548950826, "n_waypoints_completed": 0, "tot_waypoints": 9}}
{"target": -5393.57944765159, "params": {"k_pid_pos": [1.9516229629516602, 0.040368109941482544, 0.07824951410293579], "k_pid_alt": [1.8978137969970703, 0.04669886827468872, 1.0], "k_pid_att": [100.0, 9.999999747378752e-05, 0.9630212783813477], "k_pid_yaw": [0.5, 1e-06, 0.1], "k_pid_hsp": [9.999999747378752e-05, 0.08200991153717041, 0.9430062770843506], "k_pid_vsp": [0.0, 399.9280090332031, 354.617919921875]}, "datetime": {"datetime": "2025-08-13 22:32:15", "elapsed": 45863.42417860031, "delta": 29.430208683013916}, "costs": {"total_cost": 5393.57944765159, "time_cost": 150, "final_distance_cost": 1165.6560276022144, "oscillation_cost": 765.1584337157686, "completition_cost": 888.8888888888888, "overshoot_cost": 2365.507755887382, "power_cost": 31.530777685546877, "noise_cost": 26.837563871789786, "n_waypoints_completed": 1, "tot_waypoints": 9}}
{"target": -3185.727779944173, "params": {"k_pid_pos": [1.8926416635513306, 0.0, 0.0], "k_pid_alt": [1.9736576080322266, 0.0687997043132782, 1.0], "k_pid_att": [99.3997802734375, 0.3970826268196106, 0.9623938798904419], "k_pid_yaw": [0.5, 1e-06, 0.1], "k_pid_hsp": [9.999999747378752e-05, 0.054020196199417114, 0.9262785911560059], "k_pid_vsp": [0.0, 391.95599365234375, 398.5795593261719]}, "datetime": {"datetime": "2025-08-13 22:32:45", "elapsed": 45893.5242497921, "delta": 30.10007119178772}, "costs": {"total_cost": 3185.727779944173, "time_cost": 150, "final_distance_cost": 550.9449436727951, "oscillation_cost": 719.5800749132608, "completition_cost": 1000.0, "overshoot_cost": 703.0801720023165, "power_cost": 34.661134863281255, "noise_cost": 27.46145449251955, "n_waypoints_completed": 0, "tot_waypoints": 9}}
{"target": -2234.049677517923, "params": {"k_pid_pos": [2.0, 0.0, 0.0], "k_pid_alt": [2.0, 0.11719894409179688, 0.9543818235397339], "k_pid_att": [97.92790222167969, 9.999999747378752e-05, 0.9684468507766724], "k_pid_yaw": [0.5, 1e-06, 0.1], "k_pid_hsp": [0.160206601023674, 0.005571186542510986, 1.0], "k_pid_vsp": [33.632423400878906, 400.0, 395.6600341796875]}, "datetime": {"datetime": "2025-08-13 22:33:15", "elapsed": 45923.11023211479, "delta": 29.58598232269287}, "costs": {"total_cost": 2234.049677517923, "time_cost": 150, "final_distance_cost": 52.73802163902413, "oscillation_cost": 813.1327397455285, "completition_cost": 1000.0, "overshoot_cost": 154.19305058248634, "power_cost": 36.25679285888672, "noise_cost": 27.729072691997192, "n_waypoints_completed": 0, "tot_waypoints": 9}}
{"target": -2289.860558777827, "params": {"k_pid_pos": [2.0, 0.004244029521942139, 0.01710304617881775], "k_pid_alt": [1.9668245315551758, 0.0, 1.0], "k_pid_att": [92.78897094726562, 0.41908395290374756, 1.0], "k_pid_yaw": [0.5, 1e-06, 0.1], "k_pid_hsp": [0.9527747631072998, 0.0, 1.0], "k_pid_vsp": [0.0, 400.0, 385.3941345214844]}, "datetime": {"datetime": "2025-08-13 22:33:45", "elapsed": 45953.08360695839, "delta": 29.973374843597412}, "costs": {"total_cost": 2289.860558777827, "time_cost": 150, "final_distance_cost": 45.22966667406665, "oscillation_cost": 722.7563894533009, "completition_cost": 888.8888888888888, "overshoot_cost": 416.2536988429165, "power_cost": 37.01203249511719, "noise_cost": 29.71988242353699, "n_waypoints_completed": 1, "tot_waypoints": 9}}
{"target": -2138.3083119347248, "params": {"k_pid_pos": [1.9335522651672363, 0.0, 0.04814299941062927], "k_pid_alt": [1.9364306926727295, 0.0916735827922821, 0.9962160587310791], "k_pid_att": [96.33416748046875, 0.5426977276802063, 0.9966782331466675], "k_pid_yaw": [0.5, 1e-06, 0.1], "k_pid_hsp": [9.999999747378752e-05, 0.0, 1.0], "k_pid_vsp": [29.029977798461914, 400.0, 400.0]}, "datetime": {"datetime": "2025-08-13 22:34:14", "elapsed": 45982.74611616135, "delta": 29.662509202957153}, "costs": {"total_cost": 2138.3083119347248, "time_cost": 150, "final_distance_cost": 58.329710469848756, "oscillation_cost": 707.2781337442196, "completition_cost": 1000.0, "overshoot_cost": 142.13966469184246, "power_cost": 40.86559714355469, "noise_cost": 39.69520588525945, "n_waypoints_completed": 0, "tot_waypoints": 9}}
{"target": -1887.506164834395, "params": {"k_pid_pos": [2.0, 0.0018908679485321045, 0.0666879415512085], "k_pid_alt": [1.8735980987548828, 0.0, 1.0], "k_pid_att": [95.27449798583984, 0.4319566488265991, 1.0], "k_pid_yaw": [0.5, 1e-06, 0.1], "k_pid_hsp": [1.090604305267334, 0.02238491177558899, 1.0], "k_pid_vsp": [23.199308395385742, 396.53717041015625, 385.9259033203125]}, "datetime": {"datetime": "2025-08-13 22:34:44", "elapsed": 46012.45278930664, "delta": 29.70667314529419}, "costs": {"total_cost": 1887.506164834395, "time_cost": 150, "final_distance_cost": 70.4143104224238, "oscillation_cost": 558.2420788853839, "completition_cost": 777.7777777777778, "overshoot_cost": 180.61958241884528, "power_cost": 43.91428386230469, "noise_cost": 106.5381314676592, "n_waypoints_completed": 2, "tot_waypoints": 9}}
{"target": -3866.9214732953674, "params": {"k_pid_pos": [1.9241801500320435, 0.0, 0.0], "k_pid_alt": [2.0, 0.08086609840393066, 0.9424780011177063], "k_pid_att": [100.0, 0.4054802358150482, 0.9981046915054321], "k_pid_yaw": [0.5, 1e-06, 0.1], "k_pid_hsp": [9.999999747378752e-05, 0.0, 1.0], "k_pid_vsp": [0.0, 400.0, 390.1201477050781]}, "datetime": {"datetime": "2025-08-13 22:35:14", "elapsed": 46042.165420770645, "delta": 29.712631464004517}, "costs": {"total_cost": 3866.9214732953674, "time_cost": 150, "final_distance_cost": 952.5498590770026, "oscillation_cost": 762.9835283331904, "completition_cost": 1000.0, "overshoot_cost": 938.1654743172825, "power_cost": 35.18614694824219, "noise_cost": 28.03646461964951, "n_waypoints_completed": 0, "tot_waypoints": 9}}
{"target": -2902.8809011709814, "params": {"k_pid_pos": [1.9261664152145386, 0.06628578901290894, 0.0], "k_pid_alt": [1.9672309160232544, 0.0, 1.0], "k_pid_att": [86.12326049804688, 9.999999747378752e-05, 0.9819769263267517], "k_pid_yaw": [0.5, 1e-06, 0.1], "k_pid_hsp": [9.999999747378752e-05, 0.06456947326660156, 0.9842419624328613], "k_pid_vsp": [5.067074298858643, 400.0, 385.4792175292969]}, "datetime": {"datetime": "2025-08-13 22:35:43", "elapsed": 46071.87238025665, "delta": 29.70695948600769}, "costs": {"total_cost": 2902.8809011709814, "time_cost": 150, "final_distance_cost": 241.0171971722561, "oscillation_cost": 838.4679601992065, "completition_cost": 1000.0, "overshoot_cost": 611.1914011394451, "power_cost": 34.339127551269534, "noise_cost": 27.865215108804268, "n_waypoints_completed": 0, "tot_waypoints": 9}}
{"target": -4647.196567824393, "params": {"k_pid_pos": [2.0, 0.06524553894996643, 0.0], "k_pid_alt": [2.0, 0.02655792236328125, 0.97731614112854], "k_pid_att": [92.54925537109375, 0.2979089319705963, 1.0], "k_pid_yaw": [0.5, 1e-06, 0.1], "k_pid_hsp": [0.27929577231407166, 0.0, 0.9981734752655029], "k_pid_vsp": [0.0, 400.0, 400.0]}, "datetime": {"datetime": "2025-08-13 22:36:14", "elapsed": 46102.619290828705, "delta": 30.746910572052002}, "costs": {"total_cost": 4647.196567824393, "time_cost": 150, "final_distance_cost": 913.4615835005883, "oscillation_cost": 604.7798266269846, "completition_cost": 1000.0, "overshoot_cost": 1915.601989746887, "power_cost": 35.22801022949219, "noise_cost": 28.125157720440388, "n_waypoints_completed": 0, "tot_waypoints": 9}}
{"target": -2211.817241102252, "params": {"k_pid_pos": [2.0, 0.0, 0.0], "k_pid_alt": [1.9694621562957764, 0.0, 1.0], "k_pid_att": [96.40000915527344, 0.19236567616462708, 0.9796794652938843], "k_pid_yaw": [0.5, 1e-06, 0.1], "k_pid_hsp": [0.9107404947280884, 0.023689687252044678, 0.9861729145050049], "k_pid_vsp": [0.0, 357.2828674316406, 399.26153564453125]}, "datetime": {"datetime": "2025-08-13 22:36:43", "elapsed": 46131.76385760307, "delta": 29.144566774368286}, "costs": {"total_cost": 2211.817241102252, "time_cost": 150, "final_distance_cost": 1.1748743314609054, "oscillation_cost": 727.2665295957662, "completition_cost": 1000.0, "overshoot_cost": 163.00539322168964, "power_cost": 40.91686462402344, "noise_cost": 129.45357932931157, "n_waypoints_completed": 0, "tot_waypoints": 9}}
{"target": -4197.666806098128, "params": {"k_pid_pos": [1.9530229568481445, 0.0, 0.0030089914798736572], "k_pid_alt": [1.8687052726745605, 0.025099962949752808, 0.9959639310836792], "k_pid_att": [100.0, 9.999999747378752e-05, 1.0], "k_pid_yaw": [0.5, 1e-06, 0.1], "k_pid_hsp": [0.6753250956535339, 0.015041202306747437, 1.0], "k_pid_vsp": [0.0, 385.5309143066406, 385.268798828125]}, "datetime": {"datetime": "2025-08-13 22:37:13", "elapsed": 46161.105540275574, "delta": 29.34168267250061}, "costs": {"total_cost": 4197.666806098128, "time_cost": 150, "final_distance_cost": 991.1659872398643, "oscillation_cost": 573.8150633046704, "completition_cost": 1000.0, "overshoot_cost": 1416.1091666249904, "power_cost": 35.47192736816407, "noise_cost": 31.104661560439204, "n_waypoints_completed": 0, "tot_waypoints": 9}}
{"target": -2101.163136832975, "params": {"k_pid_pos": [1.955260992050171, 0.03546631336212158, 0.0203380286693573], "k_pid_alt": [2.0, 0.04396924376487732, 1.0], "k_pid_att": [100.0, 0.19285918772220612, 1.0], "k_pid_yaw": [0.5, 1e-06, 0.1], "k_pid_hsp": [9.999999747378752e-05, 0.0, 1.0], "k_pid_vsp": [42.40485382080078, 400.0, 400.0]}, "datetime": {"datetime": "2025-08-13 22:37:42", "elapsed": 46190.62777662277, "delta": 29.522236347198486}, "costs": {"total_cost": 2101.163136832975, "time_cost": 150, "final_distance_cost": 45.384026102814104, "oscillation_cost": 778.3617583845532, "completition_cost": 1000.0, "overshoot_cost": 55.13599297944007, "power_cost": 39.104278979492186, "noise_cost": 33.1770803866751, "n_waypoints_completed": 0, "tot_waypoints": 9}}
