{"target": -3804.060204884222, "params": {"k_pid_pos": [1.9074103832244873, 0.0, 0.0], "k_pid_alt": [1.817701816558838, 0.01420813798904419, 0.8991371393203735], "k_pid_att": [99.37478637695312, 0.3192790746688843, 1.0], "k_pid_yaw": [0.5, 1e-06, 0.1], "k_pid_hsp": [0.5082603096961975, 0.08673509955406189, 0.949984610080719], "k_pid_vsp": [17.32122802734375, 389.4570007324219, 400.0]}, "datetime": {"datetime": "2025-08-13 13:33:57", "elapsed": 13565.885393857956, "delta": 30.684751272201538}, "costs": {"total_cost": 3804.060204884222, "time_cost": 150, "final_distance_cost": 637.0948606482738, "oscillation_cost": 653.1585959411601, "completition_cost": 888.8888888888888, "overshoot_cost": 1411.6315506596793, "power_cost": 34.79493448486328, "noise_cost": 28.49137426135687, "n_waypoints_completed": 1, "tot_waypoints": 9}}
{"target": -4926.879823501836, "params": {"k_pid_pos": [1.9451650381088257, 0.007382214069366455, 0.0], "k_pid_alt": [2.0, 0.0, 1.0], "k_pid_att": [92.14017486572266, 0.5576362609863281, 0.9238404035568237], "k_pid_yaw": [0.5, 1e-06, 0.1], "k_pid_hsp": [0.7662620544433594, 0.004751801490783691, 1.0], "k_pid_vsp": [12.107765197753906, 387.416015625, 384.1928405761719]}, "datetime": {"datetime": "2025-08-13 13:34:27", "elapsed": 13595.583662986755, "delta": 29.69826912879944}, "costs": {"total_cost": 4926.879823501836, "time_cost": 150, "final_distance_cost": 1068.5290141853188, "oscillation_cost": 703.0108545058688, "completition_cost": 1000.0, "overshoot_cost": 1940.6425973248229, "power_cost": 34.648756542968755, "noise_cost": 30.048600942856275, "n_waypoints_completed": 0, "tot_waypoints": 9}}
{"target": -2395.0171692664503, "params": {"k_pid_pos": [1.9101576805114746, 0.032380104064941406, 0.02721378207206726], "k_pid_alt": [1.9468538761138916, 0.0, 1.0], "k_pid_att": [90.21674346923828, 9.999999747378752e-05, 0.8918166756629944], "k_pid_yaw": [0.5, 1e-06, 0.1], "k_pid_hsp": [9.999999747378752e-05, 0.0034744739532470703, 0.952867865562439], "k_pid_vsp": [11.576104164123535, 399.72430419921875, 395.7234802246094]}, "datetime": {"datetime": "2025-08-13 13:34:57", "elapsed": 13625.522821187973, "delta": 29.93915820121765}, "costs": {"total_cost": 2395.0171692664503, "time_cost": 150, "final_distance_cost": 101.38313323608412, "oscillation_cost": 722.6622041754118, "completition_cost": 1000.0, "overshoot_cost": 288.76402429668155, "power_cost": 46.58405760498047, "noise_cost": 85.62374995329213, "n_waypoints_completed": 0, "tot_waypoints": 9}}
{"target": -4539.499773084122, "params": {"k_pid_pos": [1.914703130722046, 0.0, 0.0], "k_pid_alt": [1.953432559967041, 0.0, 0.9974961280822754], "k_pid_att": [95.49778747558594, 9.999999747378752e-05, 0.9943673610687256], "k_pid_yaw": [0.5, 1e-06, 0.1], "k_pid_hsp": [9.999999747378752e-05, 0.0, 0.9935340881347656], "k_pid_vsp": [9.857511520385742, 397.44757080078125, 400.0]}, "datetime": {"datetime": "2025-08-13 13:35:27", "elapsed": 13655.681758403778, "delta": 30.158937215805054}, "costs": {"total_cost": 4539.499773084122, "time_cost": 150, "final_distance_cost": 774.3587302439382, "oscillation_cost": 676.931369762961, "completition_cost": 1000.0, "overshoot_cost": 1876.3858319679666, "power_cost": 34.102528515625, "noise_cost": 27.721312593631954, "n_waypoints_completed": 0, "tot_waypoints": 9}}
{"target": -2064.123348076382, "params": {"k_pid_pos": [2.0, 0.003680408000946045, 0.014983445405960083], "k_pid_alt": [2.0, 0.04846915602684021, 0.9488726854324341], "k_pid_att": [100.0, 9.999999747378752e-05, 1.0], "k_pid_yaw": [0.5, 1e-06, 0.1], "k_pid_hsp": [9.999999747378752e-05, 0.02153715491294861, 1.0], "k_pid_vsp": [19.993221282958984, 397.44281005859375, 400.0]}, "datetime": {"datetime": "2025-08-13 13:35:59", "elapsed": 13687.62280035019, "delta": 31.941041946411133}, "costs": {"total_cost": 2064.123348076382, "time_cost": 150, "final_distance_cost": 50.355351626571604, "oscillation_cost": 744.7828973805084, "completition_cost": 1000.0, "overshoot_cost": 49.152533254409065, "power_cost": 40.71017990722657, "noise_cost": 29.122385907666473, "n_waypoints_completed": 0, "tot_waypoints": 9}}
{"target": -1958.0205700567453, "params": {"k_pid_pos": [1.9030967950820923, 0.0, 0.0], "k_pid_alt": [2.0, 0.006813943386077881, 0.9662772417068481], "k_pid_att": [98.97705841064453, 0.661784827709198, 1.0], "k_pid_yaw": [0.5, 1e-06, 0.1], "k_pid_hsp": [0.09488921612501144, 0.04908296465873718, 0.950625479221344], "k_pid_vsp": [0.0, 400.0, 388.4564514160156]}, "datetime": {"datetime": "2025-08-13 13:36:30", "elapsed": 13718.890014410019, "delta": 31.267214059829712}, "costs": {"total_cost": 1958.0205700567453, "time_cost": 150, "final_distance_cost": 60.51152799947319, "oscillation_cost": 678.184721034303, "completition_cost": 888.8888888888888, "overshoot_cost": 110.57836450693834, "power_cost": 40.780402758789066, "noise_cost": 29.0766648683528, "n_waypoints_completed": 1, "tot_waypoints": 9}}
{"target": -2044.8562278048807, "params": {"k_pid_pos": [2.0, 0.0, 0.0], "k_pid_alt": [1.85020112991333, 0.014911502599716187, 0.9732221364974976], "k_pid_att": [100.0, 0.5545470118522644, 0.9404324293136597], "k_pid_yaw": [0.5, 1e-06, 0.1], "k_pid_hsp": [0.2100910246372223, 0.0, 0.962092936038971], "k_pid_vsp": [21.73870849609375, 400.0, 400.0]}, "datetime": {"datetime": "2025-08-13 13:37:01", "elapsed": 13749.521534919739, "delta": 30.63152050971985}, "costs": {"total_cost": 2044.8562278048807, "time_cost": 150, "final_distance_cost": 53.626661031930134, "oscillation_cost": 699.5871123441781, "completition_cost": 888.8888888888888, "overshoot_cost": 168.58622799719896, "power_cost": 40.97689184570313, "noise_cost": 43.190445696981634, "n_waypoints_completed": 1, "tot_waypoints": 9}}
{"target": -1693.6152902035533, "params": {"k_pid_pos": [2.0, 0.007240593433380127, 0.0], "k_pid_alt": [2.0, 0.0, 1.0], "k_pid_att": [99.9550552368164, 0.23421218991279602, 1.0], "k_pid_yaw": [0.5, 1e-06, 0.1], "k_pid_hsp": [0.536395788192749, 0.0, 0.9564220905303955], "k_pid_vsp": [0.0, 400.0, 400.0]}, "datetime": {"datetime": "2025-08-13 13:37:34", "elapsed": 13782.909138679504, "delta": 33.387603759765625}, "costs": {"total_cost": 1693.6152902035533, "time_cost": 150, "final_distance_cost": 61.399895442778586, "oscillation_cost": 433.15447125689786, "completition_cost": 888.8888888888888, "overshoot_cost": 91.15737349974735, "power_cost": 38.633790576171876, "noise_cost": 30.380870539069015, "n_waypoints_completed": 1, "tot_waypoints": 9}}
{"target": -1675.3871819631895, "params": {"k_pid_pos": [2.0, 0.08320599794387817, 0.0], "k_pid_alt": [1.8327248096466064, 0.0, 0.979460597038269], "k_pid_att": [100.0, 9.999999747378752e-05, 1.0], "k_pid_yaw": [0.5, 1e-06, 0.1], "k_pid_hsp": [0.9679201245307922, 0.08529350161552429, 1.0], "k_pid_vsp": [0.0, 400.0, 391.8541564941406]}, "datetime": {"datetime": "2025-08-13 13:38:08", "elapsed": 13816.666940689087, "delta": 33.75780200958252}, "costs": {"total_cost": 1675.3871819631895, "time_cost": 150, "final_distance_cost": 46.63677746649063, "oscillation_cost": 457.6093593153996, "completition_cost": 888.8888888888888, "overshoot_cost": 61.566880369952926, "power_cost": 39.09846263427735, "noise_cost": 31.58681328817979, "n_waypoints_completed": 1, "tot_waypoints": 9}}
{"target": -2238.4809278422204, "params": {"k_pid_pos": [2.0, 0.0, 0.03291669487953186], "k_pid_alt": [1.955491065979004, 0.0, 1.0], "k_pid_att": [96.71542358398438, 0.25948846340179443, 0.9438215494155884], "k_pid_yaw": [0.5, 1e-06, 0.1], "k_pid_hsp": [0.07349225133657455, 0.0, 0.9775338172912598], "k_pid_vsp": [0.0, 400.0, 400.0]}, "datetime": {"datetime": "2025-08-13 13:38:40", "elapsed": 13848.493748188019, "delta": 31.826807498931885}, "costs": {"total_cost": 2238.4809278422204, "time_cost": 150, "final_distance_cost": 75.8638685184381, "oscillation_cost": 760.5005062638713, "completition_cost": 1000.0, "overshoot_cost": 168.46754518919371, "power_cost": 36.89974141845703, "noise_cost": 46.74926645226066, "n_waypoints_completed": 0, "tot_waypoints": 9}}
{"target": -2275.0785354008594, "params": {"k_pid_pos": [1.8263039588928223, 0.0028257369995117188, 0.0], "k_pid_alt": [1.9463927745819092, 0.06102997064590454, 1.0], "k_pid_att": [100.0, 9.999999747378752e-05, 0.9577972888946533], "k_pid_yaw": [0.5, 1e-06, 0.1], "k_pid_hsp": [9.999999747378752e-05, 0.0009823441505432129, 1.0], "k_pid_vsp": [0.0, 400.0, 400.0]}, "datetime": {"datetime": "2025-08-13 13:39:11", "elapsed": 13879.35782790184, "delta": 30.86407971382141}, "costs": {"total_cost": 2275.0785354008594, "time_cost": 150, "final_distance_cost": 64.16801666769382, "oscillation_cost": 785.4818512309556, "completition_cost": 1000.0, "overshoot_cost": 189.5161578686103, "power_cost": 40.13358104248047, "noise_cost": 45.7789285911195, "n_waypoints_completed": 0, "tot_waypoints": 9}}
{"target": -2307.19600246926, "params": {"k_pid_pos": [2.0, 0.0, 0.0], "k_pid_alt": [1.9054925441741943, 0.0, 1.0], "k_pid_att": [96.81466674804688, 9.999999747378752e-05, 0.9210132360458374], "k_pid_yaw": [0.5, 1e-06, 0.1], "k_pid_hsp": [9.999999747378752e-05, 0.0, 1.0], "k_pid_vsp": [35.291744232177734, 399.5519104003906, 400.0]}, "datetime": {"datetime": "2025-08-13 13:39:41", "elapsed": 13909.903990983963, "delta": 30.546163082122803}, "costs": {"total_cost": 2307.19600246926, "time_cost": 150, "final_distance_cost": 179.4217827485086, "oscillation_cost": 857.8271049609905, "completition_cost": 888.8888888888888, "overshoot_cost": 170.70930691473362, "power_cost": 33.36095529785156, "noise_cost": 26.98796365828693, "n_waypoints_completed": 1, "tot_waypoints": 9}}
{"target": -2161.941018946479, "params": {"k_pid_pos": [1.918670654296875, 0.04311606287956238, 0.0], "k_pid_alt": [1.9821641445159912, 0.0, 1.0], "k_pid_att": [100.0, 0.03546546772122383, 1.0], "k_pid_yaw": [0.5, 1e-06, 0.1], "k_pid_hsp": [0.16885188221931458, 0.0, 0.9034257531166077], "k_pid_vsp": [0.26303529739379883, 400.0, 398.2231140136719]}, "datetime": {"datetime": "2025-08-13 13:40:13", "elapsed": 13941.501738548279, "delta": 31.597747564315796}, "costs": {"total_cost": 2161.941018946479, "time_cost": 150, "final_distance_cost": 47.10977360060603, "oscillation_cost": 733.0645389497282, "completition_cost": 1000.0, "overshoot_cost": 130.82991951291075, "power_cost": 39.94497570800782, "noise_cost": 60.99181117522578, "n_waypoints_completed": 0, "tot_waypoints": 9}}
{"target": -3680.3383372220424, "params": {"k_pid_pos": [1.982537031173706, 0.002204418182373047, 0.010844945907592773], "k_pid_alt": [2.0, 0.0, 1.0], "k_pid_att": [98.2624282836914, 0.00940299965441227, 0.9990279674530029], "k_pid_yaw": [0.5, 1e-06, 0.1], "k_pid_hsp": [0.3309680223464966, 0.0, 0.9784723520278931], "k_pid_vsp": [0.16880035400390625, 400.0, 368.8266296386719]}, "datetime": {"datetime": "2025-08-13 13:40:45", "elapsed": 13973.572636604309, "delta": 32.07089805603027}, "costs": {"total_cost": 3680.3383372220424, "time_cost": 150, "final_distance_cost": 819.8540586259769, "oscillation_cost": 790.5392306518352, "completition_cost": 1000.0, "overshoot_cost": 857.5997828950591, "power_cost": 34.387775390625, "noise_cost": 27.957489658546177, "n_waypoints_completed": 0, "tot_waypoints": 9}}
{"target": -2571.0053969522746, "params": {"k_pid_pos": [1.9654550552368164, 0.0, 0.07677268981933594], "k_pid_alt": [2.0, 0.0, 1.0], "k_pid_att": [97.49008178710938, 9.999999747378752e-05, 0.9131379127502441], "k_pid_yaw": [0.5, 1e-06, 0.1], "k_pid_hsp": [9.999999747378752e-05, 0.0, 1.0], "k_pid_vsp": [30.710172653198242, 400.0, 392.3474426269531]}, "datetime": {"datetime": "2025-08-13 13:41:16", "elapsed": 14004.651850938797, "delta": 31.079214334487915}, "costs": {"total_cost": 2571.0053969522746, "time_cost": 150, "final_distance_cost": 83.22481372673667, "oscillation_cost": 791.712009409558, "completition_cost": 1000.0, "overshoot_cost": 479.76244313412417, "power_cost": 37.767408886718755, "noise_cost": 28.5387217951371, "n_waypoints_completed": 0, "tot_waypoints": 9}}
{"target": -2152.4485313047862, "params": {"k_pid_pos": [1.9640206098556519, 0.11668318510055542, 0.008125722408294678], "k_pid_alt": [1.9103953838348389, 0.07078409194946289, 0.9462330937385559], "k_pid_att": [100.0, 9.999999747378752e-05, 1.0], "k_pid_yaw": [0.5, 1e-06, 0.1], "k_pid_hsp": [9.999999747378752e-05, 0.07111462950706482, 0.9855144023895264], "k_pid_vsp": [0.0, 380.7925720214844, 379.7445373535156]}, "datetime": {"datetime": "2025-08-13 13:41:47", "elapsed": 14035.975267410278, "delta": 31.323416471481323}, "costs": {"total_cost": 2152.4485313047862, "time_cost": 150, "final_distance_cost": 50.10219062935295, "oscillation_cost": 825.2143005903346, "completition_cost": 1000.0, "overshoot_cost": 61.9913830044667, "power_cost": 36.81012062988282, "noise_cost": 28.330536450749065, "n_waypoints_completed": 0, "tot_waypoints": 9}}
{"target": -3792.458014706814, "params": {"k_pid_pos": [1.9826180934906006, 0.046452105045318604, 0.0], "k_pid_alt": [2.0, 0.0, 1.0], "k_pid_att": [97.35992431640625, 0.8491495251655579, 0.9367761611938477], "k_pid_yaw": [0.5, 1e-06, 0.1], "k_pid_hsp": [0.4342990815639496, 0.033446431159973145, 0.984849214553833], "k_pid_vsp": [43.17395782470703, 396.0495300292969, 400.0]}, "datetime": {"datetime": "2025-08-13 13:42:19", "elapsed": 14067.71696972847, "delta": 31.74170231819153}, "costs": {"total_cost": 3792.458014706814, "time_cost": 150, "final_distance_cost": 709.8021707218436, "oscillation_cost": 834.076170660658, "completition_cost": 1000.0, "overshoot_cost": 1038.2480266177577, "power_cost": 32.646467333984376, "noise_cost": 27.68517937257063, "n_waypoints_completed": 0, "tot_waypoints": 9}}
{"target": -1773.7164707868776, "params": {"k_pid_pos": [2.0, 0.1677737832069397, 0.0], "k_pid_alt": [2.0, 0.0, 1.0], "k_pid_att": [97.64872741699219, 9.999999747378752e-05, 0.9929091334342957], "k_pid_yaw": [0.5, 1e-06, 0.1], "k_pid_hsp": [0.4412754476070404, 0.0, 0.9768973588943481], "k_pid_vsp": [0.0, 400.0, 376.5023193359375]}, "datetime": {"datetime": "2025-08-13 13:42:53", "elapsed": 14101.14097905159, "delta": 33.42400932312012}, "costs": {"total_cost": 1773.7164707868776, "time_cost": 150, "final_distance_cost": 94.9312723388759, "oscillation_cost": 466.68407065445297, "completition_cost": 777.7777777777778, "overshoot_cost": 169.80288259504192, "power_cost": 41.04090063476563, "noise_cost": 73.47956678596348, "n_waypoints_completed": 2, "tot_waypoints": 9}}
{"target": -2345.481967386709, "params": {"k_pid_pos": [1.9259272813796997, 0.0, 0.01987302303314209], "k_pid_alt": [1.8377764225006104, 0.10164526104927063, 0.9854211807250977], "k_pid_att": [97.87205505371094, 1.0129694938659668, 1.0], "k_pid_yaw": [0.5, 1e-06, 0.1], "k_pid_hsp": [9.999999747378752e-05, 0.05327889323234558, 1.0], "k_pid_vsp": [4.2305588722229, 371.2536926269531, 382.22021484375]}, "datetime": {"datetime": "2025-08-13 13:43:24", "elapsed": 14132.148833274841, "delta": 31.007854223251343}, "costs": {"total_cost": 2345.481967386709, "time_cost": 150, "final_distance_cost": 88.48903162891581, "oscillation_cost": 825.4593266475864, "completition_cost": 1000.0, "overshoot_cost": 220.78599545649536, "power_cost": 33.399717907714845, "noise_cost": 27.347895745996283, "n_waypoints_completed": 0, "tot_waypoints": 9}}
{"target": -2252.9496874791016, "params": {"k_pid_pos": [1.9161278009414673, 0.008170157670974731, 0.0], "k_pid_alt": [1.8104515075683594, 0.0, 1.0], "k_pid_att": [100.0, 0.2752552330493927, 0.997627854347229], "k_pid_yaw": [0.5, 1e-06, 0.1], "k_pid_hsp": [9.999999747378752e-05, 0.0, 0.9915861487388611], "k_pid_vsp": [0.0, 389.2822265625, 389.5144348144531]}, "datetime": {"datetime": "2025-08-13 13:43:55", "elapsed": 14163.807957649231, "delta": 31.65912437438965}, "costs": {"total_cost": 2252.9496874791016, "time_cost": 150, "final_distance_cost": 86.51986885469807, "oscillation_cost": 726.6110005688519, "completition_cost": 1000.0, "overshoot_cost": 220.0047813756381, "power_cost": 40.73941828613282, "noise_cost": 29.07461839378097, "n_waypoints_completed": 0, "tot_waypoints": 9}}
{"target": -4355.109792989832, "params": {"k_pid_pos": [2.0, 0.01926290988922119, 0.018594443798065186], "k_pid_alt": [1.9552316665649414, 0.0, 0.9826878905296326], "k_pid_att": [100.0, 9.999999747378752e-05, 0.9652506113052368], "k_pid_yaw": [0.5, 1e-06, 0.1], "k_pid_hsp": [0.2901964783668518, 0.0, 0.9961944222450256], "k_pid_vsp": [0.0, 400.0, 383.2738037109375]}, "datetime": {"datetime": "2025-08-13 13:44:27", "elapsed": 14195.108740568161, "delta": 31.300782918930054}, "costs": {"total_cost": 4355.109792989832, "time_cost": 150, "final_distance_cost": 877.254889115413, "oscillation_cost": 739.4504376379701, "completition_cost": 1000.0, "overshoot_cost": 1526.9156424665193, "power_cost": 33.80961480712891, "noise_cost": 27.679208962800598, "n_waypoints_completed": 0, "tot_waypoints": 9}}
{"target": -2085.0327362203334, "params": {"k_pid_pos": [1.997911810874939, 0.0, 0.0], "k_pid_alt": [1.8763803243637085, 0.11180096864700317, 1.0], "k_pid_att": [100.0, 0.3954092264175415, 1.0], "k_pid_yaw": [0.5, 1e-06, 0.1], "k_pid_hsp": [9.999999747378752e-05, 0.0, 0.9687312841415405], "k_pid_vsp": [27.714204788208008, 395.225830078125, 400.0]}, "datetime": {"datetime": "2025-08-13 13:44:57", "elapsed": 14225.42893910408, "delta": 30.32019853591919}, "costs": {"total_cost": 2085.0327362203334, "time_cost": 150, "final_distance_cost": 46.04872113827745, "oscillation_cost": 726.6057500908003, "completition_cost": 1000.0, "overshoot_cost": 95.13329612316288, "power_cost": 38.66885771484375, "noise_cost": 28.5761111532491, "n_waypoints_completed": 0, "tot_waypoints": 9}}
{"target": -1979.589703056681, "params": {"k_pid_pos": [2.0, 0.0, 0.026810377836227417], "k_pid_alt": [2.0, 0.013844221830368042, 0.967374324798584], "k_pid_att": [94.00484466552734, 0.05576988309621811, 0.9477535486221313], "k_pid_yaw": [0.5, 1e-06, 0.1], "k_pid_hsp": [0.47223377227783203, 0.0, 0.9734510183334351], "k_pid_vsp": [0.0, 387.77276611328125, 400.0]}, "datetime": {"datetime": "2025-08-13 13:45:29", "elapsed": 14257.226646661758, "delta": 31.797707557678223}, "costs": {"total_cost": 1979.589703056681, "time_cost": 150, "final_distance_cost": 57.82819840545134, "oscillation_cost": 679.9651837629812, "completition_cost": 888.8888888888888, "overshoot_cost": 108.88992405314688, "power_cost": 38.72686743164063, "noise_cost": 55.290640514572274, "n_waypoints_completed": 1, "tot_waypoints": 9}}
{"target": -2690.9690107465212, "params": {"k_pid_pos": [2.0, 0.0, 0.01888573169708252], "k_pid_alt": [2.0, 0.0, 0.9944169521331787], "k_pid_att": [96.3840103149414, 9.999999747378752e-05, 0.9844205975532532], "k_pid_yaw": [0.5, 1e-06, 0.1], "k_pid_hsp": [9.999999747378752e-05, 0.0, 1.0], "k_pid_vsp": [19.449783325195312, 381.33502197265625, 400.0]}, "datetime": {"datetime": "2025-08-13 13:45:59", "elapsed": 14287.126284360886, "delta": 29.899637699127197}, "costs": {"total_cost": 2690.9690107465212, "time_cost": 150, "final_distance_cost": 308.51244021500685, "oscillation_cost": 821.0640682501589, "completition_cost": 1000.0, "overshoot_cost": 350.9416434076643, "power_cost": 33.22480906982422, "noise_cost": 27.226049803867046, "n_waypoints_completed": 0, "tot_waypoints": 9}}
{"target": -1449.198197063888, "params": {"k_pid_pos": [1.9133992195129395, 0.02741292119026184, 0.02345430850982666], "k_pid_alt": [1.8848121166229248, 0.0, 0.9843278527259827], "k_pid_att": [94.6981430053711, 9.999999747378752e-05, 1.0], "k_pid_yaw": [0.5, 1e-06, 0.1], "k_pid_hsp": [0.6076467633247375, 0.0, 1.0], "k_pid_vsp": [16.563331604003906, 400.0, 400.0]}, "datetime": {"datetime": "2025-08-13 13:46:29", "elapsed": 14317.277942180634, "delta": 30.151657819747925}, "costs": {"total_cost": 1449.198197063888, "time_cost": 150, "final_distance_cost": 41.15134653752136, "oscillation_cost": 407.20921605866624, "completition_cost": 666.6666666666667, "overshoot_cost": 116.33676065826808, "power_cost": 38.27866584472656, "noise_cost": 29.555541298039273, "n_waypoints_completed": 3, "tot_waypoints": 9}}
{"target": -3409.5899812784082, "params": {"k_pid_pos": [2.0, 0.0, 0.00491604208946228], "k_pid_alt": [1.9590530395507812, 0.0, 1.0], "k_pid_att": [96.74497985839844, 0.28792494535446167, 0.9945462942123413], "k_pid_yaw": [0.5, 1e-06, 0.1], "k_pid_hsp": [9.999999747378752e-05, 0.0, 1.0], "k_pid_vsp": [38.11502456665039, 400.0, 400.0]}, "datetime": {"datetime": "2025-08-13 13:46:59", "elapsed": 14347.22064948082, "delta": 29.942707300186157}, "costs": {"total_cost": 3409.5899812784082, "time_cost": 150, "final_distance_cost": 687.1241050634477, "oscillation_cost": 823.9140274816697, "completition_cost": 1000.0, "overshoot_cost": 686.810720368141, "power_cost": 34.098420910644535, "noise_cost": 27.64270745450558, "n_waypoints_completed": 0, "tot_waypoints": 9}}
{"target": -6593.371341532669, "params": {"k_pid_pos": [2.0, 0.0, 0.06108924746513367], "k_pid_alt": [2.0, 0.0, 1.0], "k_pid_att": [100.0, 9.999999747378752e-05, 1.0], "k_pid_yaw": [0.5, 1e-06, 0.1], "k_pid_hsp": [0.8129692673683167, 0.0, 1.0], "k_pid_vsp": [2.651548385620117, 384.946044921875, 400.0]}, "datetime": {"datetime": "2025-08-13 13:47:32", "elapsed": 14380.86794757843, "delta": 33.647298097610474}, "costs": {"total_cost": 6593.371341532669, "time_cost": 150, "final_distance_cost": 1784.0341694540343, "oscillation_cost": 698.7888128020546, "completition_cost": 1000.0, "overshoot_cost": 2896.648505525287, "power_cost": 33.90427957763672, "noise_cost": 29.995574173657058, "n_waypoints_completed": 0, "tot_waypoints": 9}}
