{"target": -2015.3171346911308, "params": {"k_pid_pos": [1.9922348260879517, 0.0, 0.11639955639839172], "k_pid_alt": [1.939037799835205, 0.0, 1.0], "k_pid_att": [100.0, 0.46352681517601013, 1.0], "k_pid_yaw": [0.5, 1e-06, 0.1], "k_pid_hsp": [0.253731906414032, 0.05134710669517517, 1.0], "k_pid_vsp": [12.417888641357422, 400.0, 400.0]}, "datetime": {"datetime": "2025-08-14 00:00:10", "elapsed": 51138.46263003349, "delta": 33.97178816795349}, "costs": {"total_cost": 2015.3171346911308, "time_cost": 150, "final_distance_cost": 50.824705159724985, "oscillation_cost": 733.0670363478474, "completition_cost": 888.8888888888888, "overshoot_cost": 113.9874849699817, "power_cost": 39.03945466308594, "noise_cost": 39.50956466160193, "n_waypoints_completed": 1, "tot_waypoints": 9}}
{"target": -2879.5409149506063, "params": {"k_pid_pos": [1.9069432020187378, 0.01281788945198059, 0.0], "k_pid_alt": [1.973081350326538, 0.053621262311935425, 1.0], "k_pid_att": [95.14981842041016, 0.10459096729755402, 0.998680591583252], "k_pid_yaw": [0.5, 1e-06, 0.1], "k_pid_hsp": [9.999999747378752e-05, 0.04303622245788574, 0.9229472279548645], "k_pid_vsp": [4.740738868713379, 379.0129699707031, 394.17791748046875]}, "datetime": {"datetime": "2025-08-14 00:00:44", "elapsed": 51172.13148331642, "delta": 33.66885328292847}, "costs": {"total_cost": 2879.5409149506063, "time_cost": 150, "final_distance_cost": 543.7694314097464, "oscillation_cost": 804.7852558908094, "completition_cost": 777.7777777777778, "overshoot_cost": 540.3778181872864, "power_cost": 34.85831927490234, "noise_cost": 27.97231241008441, "n_waypoints_completed": 2, "tot_waypoints": 9}}
{"target": -2038.2960647761129, "params": {"k_pid_pos": [2.0, 0.0, 0.0], "k_pid_alt": [1.8873863220214844, 0.01888298988342285, 1.0], "k_pid_att": [94.02642822265625, 9.999999747378752e-05, 0.8899096846580505], "k_pid_yaw": [0.5, 1e-06, 0.1], "k_pid_hsp": [9.999999747378752e-05, 0.0, 0.9669959545135498], "k_pid_vsp": [0.0, 400.0, 388.3218688964844]}, "datetime": {"datetime": "2025-08-14 00:01:14", "elapsed": 51202.86717391014, "delta": 30.735690593719482}, "costs": {"total_cost": 2038.2960647761129, "time_cost": 150, "final_distance_cost": 95.12796554882853, "oscillation_cost": 638.8428483143999, "completition_cost": 888.8888888888888, "overshoot_cost": 200.79890827223642, "power_cost": 36.17027005615235, "noise_cost": 28.467183695606693, "n_waypoints_completed": 1, "tot_waypoints": 9}}
{"target": -6753.1806412025535, "params": {"k_pid_pos": [1.890765905380249, 0.0, 0.0], "k_pid_alt": [2.0, 0.0, 1.0], "k_pid_att": [100.0, 9.999999747378752e-05, 0.9978141784667969], "k_pid_yaw": [0.5, 1e-06, 0.1], "k_pid_hsp": [0.9983283281326294, 0.0, 0.9780242443084717], "k_pid_vsp": [0.3185272216796875, 397.5950012207031, 400.0]}, "datetime": {"datetime": "2025-08-14 00:01:46", "elapsed": 51234.41364979744, "delta": 31.546475887298584}, "costs": {"total_cost": 6753.1806412025535, "time_cost": 150, "final_distance_cost": 1685.041945457274, "oscillation_cost": 706.0440595886198, "completition_cost": 1000.0, "overshoot_cost": 3146.749085562599, "power_cost": 34.845534582519534, "noise_cost": 30.500016011541884, "n_waypoints_completed": 0, "tot_waypoints": 9}}
{"target": -8306.768723585066, "params": {"k_pid_pos": [1.9250925779342651, 0.04829397797584534, 0.0], "k_pid_alt": [2.0, 0.012230068445205688, 0.9957771897315979], "k_pid_att": [100.0, 0.4781605005264282, 0.9979033470153809], "k_pid_yaw": [0.5, 1e-06, 0.1], "k_pid_hsp": [9.999999747378752e-05, 0.0, 1.0], "k_pid_vsp": [2.0612239837646484, 400.0, 400.0]}, "datetime": {"datetime": "2025-08-14 00:02:17", "elapsed": 51265.27460312843, "delta": 30.860953330993652}, "costs": {"total_cost": 8306.768723585066, "time_cost": 150, "final_distance_cost": 2292.3753620269144, "oscillation_cost": 733.4517056304387, "completition_cost": 1000.0, "overshoot_cost": 4068.924341661433, "power_cost": 34.20667253417969, "noise_cost": 27.81064173210113, "n_waypoints_completed": 0, "tot_waypoints": 9}}
{"target": -2169.30768511655, "params": {"k_pid_pos": [1.8774006366729736, 0.0, 0.0], "k_pid_alt": [1.9249682426452637, 0.15100672841072083, 0.978155255317688], "k_pid_att": [100.0, 0.4585403501987457, 0.965258777141571], "k_pid_yaw": [0.5, 1e-06, 0.1], "k_pid_hsp": [9.999999747378752e-05, 0.0, 0.9613605737686157], "k_pid_vsp": [17.96300506591797, 374.1127624511719, 393.8357238769531]}, "datetime": {"datetime": "2025-08-14 00:02:48", "elapsed": 51296.90212273598, "delta": 31.627519607543945}, "costs": {"total_cost": 2169.30768511655, "time_cost": 150, "final_distance_cost": 50.7586946893881, "oscillation_cost": 788.2351766227514, "completition_cost": 1000.0, "overshoot_cost": 112.65733806845816, "power_cost": 38.95686439208985, "noise_cost": 28.699611343862557, "n_waypoints_completed": 0, "tot_waypoints": 9}}
{"target": -2003.9843271329469, "params": {"k_pid_pos": [1.83293879032135, 0.0460507869720459, 0.0], "k_pid_alt": [2.0, 0.0, 0.9553587436676025], "k_pid_att": [97.97107696533203, 9.999999747378752e-05, 0.961093544960022], "k_pid_yaw": [0.5, 1e-06, 0.1], "k_pid_hsp": [9.999999747378752e-05, 0.06276291608810425, 1.0], "k_pid_vsp": [0.3827810287475586, 400.0, 394.2359924316406]}, "datetime": {"datetime": "2025-08-14 00:03:18", "elapsed": 51326.17782497406, "delta": 29.275702238082886}, "costs": {"total_cost": 2003.9843271329469, "time_cost": 150, "final_distance_cost": 40.27707477859805, "oscillation_cost": 711.1286763925228, "completition_cost": 888.8888888888888, "overshoot_cost": 148.2315505645835, "power_cost": 36.94616674804688, "noise_cost": 28.511969760306865, "n_waypoints_completed": 1, "tot_waypoints": 9}}
{"target": -4239.948512289744, "params": {"k_pid_pos": [2.0, 0.06758460402488708, 0.0], "k_pid_alt": [1.9629755020141602, 0.0, 0.9297596216201782], "k_pid_att": [100.0, 9.999999747378752e-05, 0.8727758526802063], "k_pid_yaw": [0.5, 1e-06, 0.1], "k_pid_hsp": [0.9729728102684021, 0.0665053129196167, 0.9801755547523499], "k_pid_vsp": [8.202171325683594, 400.0, 387.658447265625]}, "datetime": {"datetime": "2025-08-14 00:03:50", "elapsed": 51358.69606781006, "delta": 32.518242835998535}, "costs": {"total_cost": 4239.948512289744, "time_cost": 150, "final_distance_cost": 579.3992215029483, "oscillation_cost": 751.5125248306621, "completition_cost": 888.8888888888888, "overshoot_cost": 1802.7491052263242, "power_cost": 36.19132354736328, "noise_cost": 31.20744829355796, "n_waypoints_completed": 1, "tot_waypoints": 9}}
{"target": -2254.016615560874, "params": {"k_pid_pos": [1.9502798318862915, 0.0, 0.0], "k_pid_alt": [2.0, 0.014976590871810913, 0.9696691632270813], "k_pid_att": [94.61829376220703, 0.12355011701583862, 1.0], "k_pid_yaw": [0.5, 1e-06, 0.1], "k_pid_hsp": [9.999999747378752e-05, 0.0, 1.0], "k_pid_vsp": [30.750442504882812, 394.5675964355469, 389.4138488769531]}, "datetime": {"datetime": "2025-08-14 00:04:25", "elapsed": 51393.91245794296, "delta": 35.21639013290405}, "costs": {"total_cost": 2254.016615560874, "time_cost": 150, "final_distance_cost": 71.12763363046025, "oscillation_cost": 732.5082700747105, "completition_cost": 1000.0, "overshoot_cost": 193.77432752645962, "power_cost": 41.00101501464844, "noise_cost": 65.60536931459495, "n_waypoints_completed": 0, "tot_waypoints": 9}}
{"target": -2646.3162511569262, "params": {"k_pid_pos": [2.0, 0.022619694471359253, 0.0], "k_pid_alt": [2.0, 0.0, 0.9611530900001526], "k_pid_att": [100.0, 9.999999747378752e-05, 0.9883904457092285], "k_pid_yaw": [0.5, 1e-06, 0.1], "k_pid_hsp": [0.08126849681138992, 0.10985133051872253, 1.0], "k_pid_vsp": [0.0, 400.0, 400.0]}, "datetime": {"datetime": "2025-08-14 00:05:00", "elapsed": 51428.16399526596, "delta": 34.25153732299805}, "costs": {"total_cost": 2646.3162511569262, "time_cost": 150, "final_distance_cost": 161.93219493868537, "oscillation_cost": 799.4917468199163, "completition_cost": 1000.0, "overshoot_cost": 475.9286314445078, "power_cost": 32.24606971435547, "noise_cost": 26.717608239461253, "n_waypoints_completed": 0, "tot_waypoints": 9}}
{"target": -2156.8783741236794, "params": {"k_pid_pos": [2.0, 0.0, 0.0], "k_pid_alt": [1.8116520643234253, 0.008754849433898926, 0.9946136474609375], "k_pid_att": [100.0, 0.9404045343399048, 0.9699991941452026], "k_pid_yaw": [0.5, 1e-06, 0.1], "k_pid_hsp": [9.999999747378752e-05, 0.01093706488609314, 0.9934362173080444], "k_pid_vsp": [8.423829078674316, 400.0, 387.04766845703125]}, "datetime": {"datetime": "2025-08-14 00:05:31", "elapsed": 51459.700932741165, "delta": 31.536937475204468}, "costs": {"total_cost": 2156.8783741236794, "time_cost": 150, "final_distance_cost": 4.762723017570394, "oscillation_cost": 786.0242854468088, "completition_cost": 1000.0, "overshoot_cost": 120.73841546360869, "power_cost": 39.43109588623047, "noise_cost": 55.92185430946088, "n_waypoints_completed": 0, "tot_waypoints": 9}}
{"target": -3272.2661148470684, "params": {"k_pid_pos": [2.0, 0.0, 0.0920795202255249], "k_pid_alt": [1.8515686988830566, 0.0, 0.9693206548690796], "k_pid_att": [100.0, 9.999999747378752e-05, 1.0], "k_pid_yaw": [0.5, 1e-06, 0.1], "k_pid_hsp": [0.21779008209705353, 0.0, 1.0], "k_pid_vsp": [0.0, 400.0, 400.0]}, "datetime": {"datetime": "2025-08-14 00:06:00", "elapsed": 51489.055945158005, "delta": 29.3550124168396}, "costs": {"total_cost": 3272.2661148470684, "time_cost": 150, "final_distance_cost": 464.78809811645954, "oscillation_cost": 556.2065520908255, "completition_cost": 1000.0, "overshoot_cost": 1037.5799070313428, "power_cost": 35.36076895751953, "noise_cost": 28.330788650920525, "n_waypoints_completed": 0, "tot_waypoints": 9}}
{"target": -5337.85162518493, "params": {"k_pid_pos": [1.9971848726272583, 0.07797092199325562, 0.01451188325881958], "k_pid_alt": [2.0, 0.036027222871780396, 0.9631310105323792], "k_pid_att": [100.0, 0.14876143634319305, 0.8793540596961975], "k_pid_yaw": [0.5, 1e-06, 0.1], "k_pid_hsp": [9.999999747378752e-05, 0.008468329906463623, 0.9808323383331299], "k_pid_vsp": [3.878617286682129, 400.0, 400.0]}, "datetime": {"datetime": "2025-08-14 00:06:31", "elapsed": 51519.57831478119, "delta": 30.522369623184204}, "costs": {"total_cost": 5337.85162518493, "time_cost": 150, "final_distance_cost": 1341.483408271637, "oscillation_cost": 827.971035892354, "completition_cost": 1000.0, "overshoot_cost": 1959.567016929362, "power_cost": 31.679513500976565, "noise_cost": 27.150650590599582, "n_waypoints_completed": 0, "tot_waypoints": 9}}
{"target": -8527.82469741011, "params": {"k_pid_pos": [2.0, 0.02355724573135376, 0.0], "k_pid_alt": [2.0, 0.0, 0.9576393961906433], "k_pid_att": [99.6978530883789, 0.6813737154006958, 1.0], "k_pid_yaw": [0.5, 1e-06, 0.1], "k_pid_hsp": [9.999999747378752e-05, 0.06377625465393066, 0.9491955041885376], "k_pid_vsp": [0.0, 400.0, 400.0]}, "datetime": {"datetime": "2025-08-14 00:07:03", "elapsed": 51551.32698106766, "delta": 31.748666286468506}, "costs": {"total_cost": 8527.82469741011, "time_cost": 150, "final_distance_cost": 2217.9223983115216, "oscillation_cost": 729.3685794484919, "completition_cost": 1000.0, "overshoot_cost": 4368.410029608493, "power_cost": 34.3099, "noise_cost": 27.81379004160368, "n_waypoints_completed": 0, "tot_waypoints": 9}}
{"target": -5194.39653396481, "params": {"k_pid_pos": [2.0, 0.027658581733703613, 0.05720090866088867], "k_pid_alt": [1.9839106798171997, 0.0, 1.0], "k_pid_att": [100.0, 9.999999747378752e-05, 1.0], "k_pid_yaw": [0.5, 1e-06, 0.1], "k_pid_hsp": [0.2928321659564972, 0.0066172778606414795, 0.9385121464729309], "k_pid_vsp": [0.0, 383.9986267089844, 380.2361145019531]}, "datetime": {"datetime": "2025-08-14 00:07:33", "elapsed": 51581.49004530907, "delta": 30.1630642414093}, "costs": {"total_cost": 5194.39653396481, "time_cost": 150, "final_distance_cost": 1048.521763161971, "oscillation_cost": 667.2097118734334, "completition_cost": 1000.0, "overshoot_cost": 2266.1009453649635, "power_cost": 34.58566470947266, "noise_cost": 27.978448854970463, "n_waypoints_completed": 0, "tot_waypoints": 9}}
{"target": -3668.3556292026174, "params": {"k_pid_pos": [2.0, 0.025844663381576538, 0.0036249756813049316], "k_pid_alt": [2.0, 0.07139638066291809, 1.0], "k_pid_att": [100.0, 9.999999747378752e-05, 0.9713936448097229], "k_pid_yaw": [0.5, 1e-06, 0.1], "k_pid_hsp": [9.999999747378752e-05, 0.0, 0.9796406030654907], "k_pid_vsp": [0.0, 400.0, 368.5187683105469]}, "datetime": {"datetime": "2025-08-14 00:08:03", "elapsed": 51611.286546230316, "delta": 29.79650092124939}, "costs": {"total_cost": 3668.3556292026174, "time_cost": 150, "final_distance_cost": 760.7095237504576, "oscillation_cost": 664.0954375499026, "completition_cost": 1000.0, "overshoot_cost": 1029.1741791006239, "power_cost": 35.90178074951172, "noise_cost": 28.4747080521215, "n_waypoints_completed": 0, "tot_waypoints": 9}}
{"target": -2197.455843299331, "params": {"k_pid_pos": [2.0, 0.0, 0.0], "k_pid_alt": [2.0, 0.0, 0.9733635187149048], "k_pid_att": [100.0, 9.999999747378752e-05, 0.9787688851356506], "k_pid_yaw": [0.5, 1e-06, 0.1], "k_pid_hsp": [0.21019712090492249, 0.013994216918945312, 1.0], "k_pid_vsp": [0.0, 370.21588134765625, 394.2492370605469]}, "datetime": {"datetime": "2025-08-14 00:08:35", "elapsed": 51643.16983294487, "delta": 31.883286714553833}, "costs": {"total_cost": 2197.455843299331, "time_cost": 150, "final_distance_cost": 68.679075416249, "oscillation_cost": 604.3438618255434, "completition_cost": 1000.0, "overshoot_cost": 301.80978996412335, "power_cost": 38.07649265136719, "noise_cost": 34.546623442047704, "n_waypoints_completed": 0, "tot_waypoints": 9}}
{"target": -2831.2207071556054, "params": {"k_pid_pos": [2.0, 0.02299216389656067, 0.06883367896080017], "k_pid_alt": [2.0, 0.06259137392044067, 0.8717772960662842], "k_pid_att": [96.35358428955078, 0.15032663941383362, 1.0], "k_pid_yaw": [0.5, 1e-06, 0.1], "k_pid_hsp": [0.12391281127929688, 0.048757314682006836, 1.0], "k_pid_vsp": [10.433220863342285, 390.2489318847656, 393.05511474609375]}, "datetime": {"datetime": "2025-08-14 00:09:05", "elapsed": 51673.37999153137, "delta": 30.210158586502075}, "costs": {"total_cost": 2831.2207071556054, "time_cost": 150, "final_distance_cost": 345.0080254061084, "oscillation_cost": 902.1025761278768, "completition_cost": 1000.0, "overshoot_cost": 373.83168491864114, "power_cost": 32.98766851806641, "noise_cost": 27.29075218491227, "n_waypoints_completed": 0, "tot_waypoints": 9}}
{"target": -2535.8307711171215, "params": {"k_pid_pos": [1.9220447540283203, 0.0017966032028198242, 0.0], "k_pid_alt": [1.7160980701446533, 0.0, 1.0], "k_pid_att": [94.40689086914062, 9.999999747378752e-05, 1.0], "k_pid_yaw": [0.5, 1e-06, 0.1], "k_pid_hsp": [0.1432686299085617, 0.0, 1.0], "k_pid_vsp": [20.921384811401367, 400.0, 395.4181213378906]}, "datetime": {"datetime": "2025-08-14 00:09:33", "elapsed": 51702.022935152054, "delta": 28.642943620681763}, "costs": {"total_cost": 2535.8307711171215, "time_cost": 150, "final_distance_cost": 252.9234795535691, "oscillation_cost": 827.3694680296011, "completition_cost": 1000.0, "overshoot_cost": 245.6927080450637, "power_cost": 32.401735864257816, "noise_cost": 27.443379624629756, "n_waypoints_completed": 0, "tot_waypoints": 9}}
{"target": -3013.4101342376966, "params": {"k_pid_pos": [2.0, 0.0, 0.0004589557647705078], "k_pid_alt": [2.0, 0.0, 1.0], "k_pid_att": [100.0, 9.999999747378752e-05, 0.9808952808380127], "k_pid_yaw": [0.5, 1e-06, 0.1], "k_pid_hsp": [0.07585734128952026, 0.01755625009536743, 1.0], "k_pid_vsp": [0.0, 393.8349609375, 400.0]}, "datetime": {"datetime": "2025-08-14 00:10:04", "elapsed": 51732.46567630768, "delta": 30.44274115562439}, "costs": {"total_cost": 3013.4101342376966, "time_cost": 150, "final_distance_cost": 494.3284203190117, "oscillation_cost": 750.734085035553, "completition_cost": 1000.0, "overshoot_cost": 553.660177256862, "power_cost": 36.43647438964844, "noise_cost": 28.250977236621427, "n_waypoints_completed": 0, "tot_waypoints": 9}}
{"target": -2093.093550633328, "params": {"k_pid_pos": [1.9112290143966675, 0.0, 0.004950016736984253], "k_pid_alt": [2.0, 0.0, 0.9455804824829102], "k_pid_att": [98.31172180175781, 9.999999747378752e-05, 1.0], "k_pid_yaw": [0.5, 1e-06, 0.1], "k_pid_hsp": [9.999999747378752e-05, 0.012580245733261108, 0.9878227114677429], "k_pid_vsp": [7.856357097625732, 379.3154602050781, 400.0]}, "datetime": {"datetime": "2025-08-14 00:10:35", "elapsed": 51763.18681406975, "delta": 30.721137762069702}, "costs": {"total_cost": 2093.093550633328, "time_cost": 150, "final_distance_cost": 37.823025261563814, "oscillation_cost": 729.4300723385711, "completition_cost": 888.8888888888888, "overshoot_cost": 156.22869704728961, "power_cost": 42.873109411621094, "noise_cost": 87.84975768539384, "n_waypoints_completed": 1, "tot_waypoints": 9}}
{"target": -2361.7804799300416, "params": {"k_pid_pos": [1.9459022283554077, 0.0, 0.0], "k_pid_alt": [1.8808231353759766, 0.0, 0.9902888536453247], "k_pid_att": [96.15296936035156, 0.10616987198591232, 0.9741477966308594], "k_pid_yaw": [0.5, 1e-06, 0.1], "k_pid_hsp": [9.999999747378752e-05, 0.0, 1.0], "k_pid_vsp": [0.0, 400.0, 392.7819519042969]}, "datetime": {"datetime": "2025-08-14 00:11:06", "elapsed": 51794.3662776947, "delta": 31.179463624954224}, "costs": {"total_cost": 2361.7804799300416, "time_cost": 150, "final_distance_cost": 218.67151342475938, "oscillation_cost": 667.4294899421769, "completition_cost": 1000.0, "overshoot_cost": 261.904067081889, "power_cost": 35.69809233398438, "noise_cost": 28.077317147232005, "n_waypoints_completed": 0, "tot_waypoints": 9}}
{"target": -2304.887517169917, "params": {"k_pid_pos": [2.0, 0.0, 0.0], "k_pid_alt": [2.0, 0.003964900970458984, 1.0], "k_pid_att": [100.0, 9.999999747378752e-05, 0.9314200282096863], "k_pid_yaw": [0.5, 1e-06, 0.1], "k_pid_hsp": [9.999999747378752e-05, 0.0, 1.0], "k_pid_vsp": [0.0, 400.0, 400.0]}, "datetime": {"datetime": "2025-08-14 00:11:38", "elapsed": 51826.46034836769, "delta": 32.09407067298889}, "costs": {"total_cost": 2304.887517169917, "time_cost": 150, "final_distance_cost": 77.40603048599355, "oscillation_cost": 774.5078145800235, "completition_cost": 1000.0, "overshoot_cost": 200.23398955888825, "power_cost": 39.0319455444336, "noise_cost": 63.70773700057789, "n_waypoints_completed": 0, "tot_waypoints": 9}}
{"target": -4847.374766028427, "params": {"k_pid_pos": [1.8293731212615967, 0.0014168620109558105, 0.048080265522003174], "k_pid_alt": [1.910142183303833, 0.0, 1.0], "k_pid_att": [99.41194152832031, 9.999999747378752e-05, 1.0], "k_pid_yaw": [0.5, 1e-06, 0.1], "k_pid_hsp": [9.999999747378752e-05, 0.0, 1.0], "k_pid_vsp": [8.224784851074219, 358.2596130371094, 397.81103515625]}, "datetime": {"datetime": "2025-08-14 00:12:09", "elapsed": 51857.307871580124, "delta": 30.84752321243286}, "costs": {"total_cost": 4847.374766028427, "time_cost": 150, "final_distance_cost": 699.1005045643979, "oscillation_cost": 747.0199582768778, "completition_cost": 1000.0, "overshoot_cost": 2187.8835142093994, "power_cost": 35.41699595947266, "noise_cost": 27.953793018278795, "n_waypoints_completed": 0, "tot_waypoints": 9}}
{"target": -1682.5145644703787, "params": {"k_pid_pos": [1.9511219263076782, 0.0, 0.06841057538986206], "k_pid_alt": [2.0, 0.03625696897506714, 1.0], "k_pid_att": [93.93695831298828, 0.19729074835777283, 1.0], "k_pid_yaw": [0.5, 1e-06, 0.1], "k_pid_hsp": [0.6975114941596985, 0.005381733179092407, 0.9775046110153198], "k_pid_vsp": [22.994613647460938, 400.0, 400.0]}, "datetime": {"datetime": "2025-08-14 00:12:43", "elapsed": 51891.41133594513, "delta": 34.10346436500549}, "costs": {"total_cost": 1682.5145644703787, "time_cost": 150, "final_distance_cost": 59.73045412916077, "oscillation_cost": 378.1248993596179, "completition_cost": 888.8888888888888, "overshoot_cost": 104.91489700703143, "power_cost": 40.170294860839846, "noise_cost": 60.68513022483988, "n_waypoints_completed": 1, "tot_waypoints": 9}}
{"target": -6330.902780867053, "params": {"k_pid_pos": [2.0, 0.06647762656211853, 0.09474322199821472], "k_pid_alt": [2.0, 0.01635420322418213, 1.0], "k_pid_att": [100.0, 0.9282673597335815, 1.0], "k_pid_yaw": [0.5, 1e-06, 0.1], "k_pid_hsp": [0.8100150227546692, 0.0, 1.0], "k_pid_vsp": [0.0, 390.0287170410156, 400.0]}, "datetime": {"datetime": "2025-08-14 00:13:14", "elapsed": 51922.6088449955, "delta": 31.197509050369263}, "costs": {"total_cost": 6330.902780867053, "time_cost": 150, "final_distance_cost": 1205.761813230012, "oscillation_cost": 549.329004875939, "completition_cost": 1000.0, "overshoot_cost": 3360.7840668440144, "power_cost": 35.66406842041016, "noise_cost": 29.363827496677175, "n_waypoints_completed": 0, "tot_waypoints": 9}}
{"target": -2117.85687921658, "params": {"k_pid_pos": [1.9689191579818726, 0.0, 0.06821537017822266], "k_pid_alt": [2.0, 0.011305391788482666, 1.0], "k_pid_att": [100.0, 0.6207078099250793, 1.0], "k_pid_yaw": [0.5, 1e-06, 0.1], "k_pid_hsp": [0.9638977646827698, 0.01785418391227722, 1.0], "k_pid_vsp": [16.35687255859375, 397.99432373046875, 399.23944091796875]}, "datetime": {"datetime": "2025-08-14 00:13:50", "elapsed": 51958.48092484474, "delta": 35.872079849243164}, "costs": {"total_cost": 2117.85687921658, "time_cost": 150, "final_distance_cost": 1.2241531283448488, "oscillation_cost": 669.8423003774697, "completition_cost": 1000.0, "overshoot_cost": 198.8196894945054, "power_cost": 38.99999464111328, "noise_cost": 58.97074157514715, "n_waypoints_completed": 0, "tot_waypoints": 9}}
