{"target": -2644.467616045162, "params": {"k_pid_pos": [1.96967613697052, 0.002515047788619995, 0.054434239864349365], "k_pid_alt": [1.9660289287567139, 0.023393362760543823, 1.0], "k_pid_att": [100.0, 9.999999747378752e-05, 0.914914071559906], "k_pid_yaw": [0.5, 1e-06, 0.1], "k_pid_hsp": [9.999999747378752e-05, 0.05046433210372925, 0.9810834527015686], "k_pid_vsp": [10.319042205810547, 388.9139099121094, 396.547119140625]}, "datetime": {"datetime": "2025-08-13 16:39:37", "elapsed": 24705.72080373764, "delta": 38.27289390563965}, "costs": {"total_cost": 2644.467616045162, "time_cost": 150, "final_distance_cost": 272.6026801329501, "oscillation_cost": 756.2623325565703, "completition_cost": 1000.0, "overshoot_cost": 401.68239276450515, "power_cost": 36.00727009277344, "noise_cost": 27.912940498362993, "n_waypoints_completed": 0, "tot_waypoints": 9}}
{"target": -5256.033358060631, "params": {"k_pid_pos": [2.0, 0.0, 0.044940173625946045], "k_pid_alt": [2.0, 0.0, 1.0], "k_pid_att": [100.0, 0.583558976650238, 1.0], "k_pid_yaw": [0.5, 1e-06, 0.1], "k_pid_hsp": [9.999999747378752e-05, 0.0, 0.964687168598175], "k_pid_vsp": [0.0, 399.8895263671875, 400.0]}, "datetime": {"datetime": "2025-08-13 16:40:17", "elapsed": 24745.334438562393, "delta": 39.61363482475281}, "costs": {"total_cost": 5256.033358060631, "time_cost": 150, "final_distance_cost": 1330.8343949002085, "oscillation_cost": 809.5911719826332, "completition_cost": 1000.0, "overshoot_cost": 1902.7842208948855, "power_cost": 34.864985717773436, "noise_cost": 27.95858456513069, "n_waypoints_completed": 0, "tot_waypoints": 9}}
{"target": -2485.3332809989333, "params": {"k_pid_pos": [2.0, 0.027340799570083618, 0.0], "k_pid_alt": [1.9797961711883545, 0.05093681812286377, 0.966901957988739], "k_pid_att": [100.0, 0.553223192691803, 1.0], "k_pid_yaw": [0.5, 1e-06, 0.1], "k_pid_hsp": [0.4662119746208191, 0.018226534128189087, 1.0], "k_pid_vsp": [0.0, 380.8122253417969, 400.0]}, "datetime": {"datetime": "2025-08-13 16:40:50", "elapsed": 24778.238295316696, "delta": 32.90385675430298}, "costs": {"total_cost": 2485.3332809989333, "time_cost": 150, "final_distance_cost": 335.82716836254815, "oscillation_cost": 518.9866601644139, "completition_cost": 1000.0, "overshoot_cost": 413.3453867144599, "power_cost": 37.72622703857422, "noise_cost": 29.447838718937252, "n_waypoints_completed": 0, "tot_waypoints": 9}}
{"target": -2768.4047887180773, "params": {"k_pid_pos": [1.783876657485962, 0.0, 0.005712568759918213], "k_pid_alt": [2.0, 0.0, 0.9820383787155151], "k_pid_att": [100.0, 0.8412931561470032, 0.9536828994750977], "k_pid_yaw": [0.5, 1e-06, 0.1], "k_pid_hsp": [9.999999747378752e-05, 0.0024386942386627197, 0.9748936891555786], "k_pid_vsp": [0.0, 398.7054443359375, 398.9822692871094]}, "datetime": {"datetime": "2025-08-13 16:41:22", "elapsed": 24810.34370279312, "delta": 32.10540747642517}, "costs": {"total_cost": 2768.4047887180773, "time_cost": 150, "final_distance_cost": 59.95745487131411, "oscillation_cost": 808.7606941264734, "completition_cost": 1000.0, "overshoot_cost": 678.5115770429616, "power_cost": 36.61610372314453, "noise_cost": 34.55895895418384, "n_waypoints_completed": 0, "tot_waypoints": 9}}
{"target": -2167.188834755945, "params": {"k_pid_pos": [2.0, 0.12582218647003174, 0.013318002223968506], "k_pid_alt": [1.9536652565002441, 0.0, 0.9369063377380371], "k_pid_att": [95.7530288696289, 9.999999747378752e-05, 1.0], "k_pid_yaw": [0.5, 1e-06, 0.1], "k_pid_hsp": [0.09154631942510605, 0.024068385362625122, 0.9781261086463928], "k_pid_vsp": [0.0, 397.3433837890625, 394.27996826171875]}, "datetime": {"datetime": "2025-08-13 16:41:53", "elapsed": 24841.55336332321, "delta": 31.209660530090332}, "costs": {"total_cost": 2167.188834755945, "time_cost": 150, "final_distance_cost": 55.3580797409494, "oscillation_cost": 711.9401253977169, "completition_cost": 1000.0, "overshoot_cost": 140.62581005763946, "power_cost": 39.692396972656255, "noise_cost": 69.5724225869831, "n_waypoints_completed": 0, "tot_waypoints": 9}}
{"target": -1513.1097255919408, "params": {"k_pid_pos": [2.0, 0.0, 0.03561404347419739], "k_pid_alt": [2.0, 0.06302398443222046, 0.9373670816421509], "k_pid_att": [100.0, 0.3414875268936157, 0.9714784026145935], "k_pid_yaw": [0.5, 1e-06, 0.1], "k_pid_hsp": [1.3655363321304321, 0.0, 0.9356852769851685], "k_pid_vsp": [14.481342315673828, 400.0, 400.0]}, "datetime": {"datetime": "2025-08-13 16:42:27", "elapsed": 24876.03734087944, "delta": 34.48397755622864}, "costs": {"total_cost": 1513.1097255919408, "time_cost": 150, "final_distance_cost": 110.38951657994672, "oscillation_cost": 406.312471080156, "completition_cost": 666.6666666666667, "overshoot_cost": 110.89902457405697, "power_cost": 35.83322608642578, "noise_cost": 33.008820604688594, "n_waypoints_completed": 3, "tot_waypoints": 9}}
{"target": -3929.9560241561435, "params": {"k_pid_pos": [2.0, 0.0, 0.06975758075714111], "k_pid_alt": [1.9746296405792236, 0.011409878730773926, 1.0], "k_pid_att": [100.0, 0.18141670525074005, 1.0], "k_pid_yaw": [0.5, 1e-06, 0.1], "k_pid_hsp": [9.999999747378752e-05, 0.007397860288619995, 1.0], "k_pid_vsp": [0.0, 400.0, 400.0]}, "datetime": {"datetime": "2025-08-13 16:43:01", "elapsed": 24909.240962028503, "delta": 33.20362114906311}, "costs": {"total_cost": 3929.9560241561435, "time_cost": 150, "final_distance_cost": 515.1450981299281, "oscillation_cost": 835.7726489875186, "completition_cost": 1000.0, "overshoot_cost": 1367.6116277386575, "power_cost": 33.80985340576172, "noise_cost": 27.61679589427741, "n_waypoints_completed": 0, "tot_waypoints": 9}}
{"target": -2240.5166444288925, "params": {"k_pid_pos": [1.9256250858306885, 0.0, 0.07433795928955078], "k_pid_alt": [2.0, 0.0, 0.9804493188858032], "k_pid_att": [94.27055358886719, 9.999999747378752e-05, 0.9675537943840027], "k_pid_yaw": [0.5, 1e-06, 0.1], "k_pid_hsp": [0.02198094315826893, 0.0, 1.0], "k_pid_vsp": [0.0, 385.05487060546875, 375.7210388183594]}, "datetime": {"datetime": "2025-08-13 16:43:34", "elapsed": 24942.190103054047, "delta": 32.94914102554321}, "costs": {"total_cost": 2240.5166444288925, "time_cost": 150, "final_distance_cost": 93.20500536794657, "oscillation_cost": 760.8971127595579, "completition_cost": 1000.0, "overshoot_cost": 167.83836231700047, "power_cost": 39.35401212158203, "noise_cost": 29.222151862805873, "n_waypoints_completed": 0, "tot_waypoints": 9}}
{"target": -2255.635489400828, "params": {"k_pid_pos": [1.9111511707305908, 0.01519232988357544, 0.07115814089775085], "k_pid_alt": [2.0, 0.0, 0.9982873201370239], "k_pid_att": [99.56624603271484, 9.999999747378752e-05, 1.0], "k_pid_yaw": [0.5, 1e-06, 0.1], "k_pid_hsp": [0.31789177656173706, 0.05030670762062073, 1.0], "k_pid_vsp": [0.0, 362.8131408691406, 389.38226318359375]}, "datetime": {"datetime": "2025-08-13 16:44:09", "elapsed": 24977.853276014328, "delta": 35.66317296028137}, "costs": {"total_cost": 2255.635489400828, "time_cost": 150, "final_distance_cost": 1.1272062318585572, "oscillation_cost": 704.2378387751622, "completition_cost": 1000.0, "overshoot_cost": 305.00224907184395, "power_cost": 37.68192819824219, "noise_cost": 57.58626712372164, "n_waypoints_completed": 0, "tot_waypoints": 9}}
{"target": -1955.5814376118915, "params": {"k_pid_pos": [1.8649648427963257, 0.017852842807769775, 0.0], "k_pid_alt": [2.0, 0.06492733955383301, 1.0], "k_pid_att": [100.0, 0.39544886350631714, 1.0], "k_pid_yaw": [0.5, 1e-06, 0.1], "k_pid_hsp": [9.999999747378752e-05, 0.01987561583518982, 1.0], "k_pid_vsp": [35.6475944519043, 400.0, 390.2819519042969]}, "datetime": {"datetime": "2025-08-13 16:44:50", "elapsed": 25018.480736732483, "delta": 40.62746071815491}, "costs": {"total_cost": 1955.5814376118915, "time_cost": 150, "final_distance_cost": 63.41783878221009, "oscillation_cost": 716.9872035621221, "completition_cost": 888.8888888888888, "overshoot_cost": 67.5040161361653, "power_cost": 39.73259453125, "noise_cost": 29.050895711255258, "n_waypoints_completed": 1, "tot_waypoints": 9}}
{"target": -2244.1432658338354, "params": {"k_pid_pos": [2.0, 0.0, 0.0], "k_pid_alt": [1.8956871032714844, 0.0, 0.923515796661377], "k_pid_att": [99.6673583984375, 0.0697905421257019, 0.9930583834648132], "k_pid_yaw": [0.5, 1e-06, 0.1], "k_pid_hsp": [9.999999747378752e-05, 0.0758712887763977, 0.9810789823532104], "k_pid_vsp": [0.0, 400.0, 400.0]}, "datetime": {"datetime": "2025-08-13 16:45:23", "elapsed": 25051.991318702698, "delta": 33.510581970214844}, "costs": {"total_cost": 2244.1432658338354, "time_cost": 150, "final_distance_cost": 48.15823557589288, "oscillation_cost": 788.858605088246, "completition_cost": 1000.0, "overshoot_cost": 174.23469144558655, "power_cost": 39.26512211914063, "noise_cost": 43.626611604969696, "n_waypoints_completed": 0, "tot_waypoints": 9}}
{"target": -3406.4809195221915, "params": {"k_pid_pos": [1.9223493337631226, 0.07645678520202637, 0.0], "k_pid_alt": [1.9130511283874512, 0.08028864860534668, 1.0], "k_pid_att": [97.73375701904297, 0.26829108595848083, 0.9961908459663391], "k_pid_yaw": [0.5, 1e-06, 0.1], "k_pid_hsp": [9.999999747378752e-05, 0.0, 1.0], "k_pid_vsp": [43.550537109375, 400.0, 398.510498046875]}, "datetime": {"datetime": "2025-08-13 16:45:57", "elapsed": 25085.375613212585, "delta": 33.384294509887695}, "costs": {"total_cost": 3406.4809195221915, "time_cost": 150, "final_distance_cost": 452.6832126791597, "oscillation_cost": 723.4370975162292, "completition_cost": 1000.0, "overshoot_cost": 1017.4916708917582, "power_cost": 34.70841879882813, "noise_cost": 28.16051963621657, "n_waypoints_completed": 0, "tot_waypoints": 9}}
{"target": -4313.898841023963, "params": {"k_pid_pos": [2.0, 0.042697250843048096, 0.0], "k_pid_alt": [1.8093760013580322, 0.047307491302490234, 1.0], "k_pid_att": [100.0, 9.999999747378752e-05, 0.9585351943969727], "k_pid_yaw": [0.5, 1e-06, 0.1], "k_pid_hsp": [0.18873608112335205, 0.0010358989238739014, 0.9745168089866638], "k_pid_vsp": [12.91238021850586, 382.79547119140625, 400.0]}, "datetime": {"datetime": "2025-08-13 16:46:29", "elapsed": 25118.047392368317, "delta": 32.6717791557312}, "costs": {"total_cost": 4313.898841023963, "time_cost": 150, "final_distance_cost": 865.9940310849998, "oscillation_cost": 735.9686876546753, "completition_cost": 1000.0, "overshoot_cost": 1502.947967390088, "power_cost": 31.788759313964846, "noise_cost": 27.199395580234633, "n_waypoints_completed": 0, "tot_waypoints": 9}}
{"target": -10589.569804238341, "params": {"k_pid_pos": [2.0, 0.0, 0.024499952793121338], "k_pid_alt": [2.0, 0.06473913788795471, 0.9334049224853516], "k_pid_att": [100.0, 0.6079200506210327, 0.9937783479690552], "k_pid_yaw": [0.5, 1e-06, 0.1], "k_pid_hsp": [9.999999747378752e-05, 0.0, 1.0], "k_pid_vsp": [0.0, 400.0, 397.07275390625]}, "datetime": {"datetime": "2025-08-13 16:47:03", "elapsed": 25151.959659576416, "delta": 33.912267208099365}, "costs": {"total_cost": 10589.569804238341, "time_cost": 150, "final_distance_cost": 2988.4138694851345, "oscillation_cost": 756.567898634991, "completition_cost": 1000.0, "overshoot_cost": 5632.554954395055, "power_cost": 34.274268457031255, "noise_cost": 27.758813266129756, "n_waypoints_completed": 0, "tot_waypoints": 9}}
{"target": -4438.641718290944, "params": {"k_pid_pos": [2.0, 0.0, 0.0], "k_pid_alt": [2.0, 0.0, 1.0], "k_pid_att": [93.18495178222656, 9.999999747378752e-05, 0.9491492509841919], "k_pid_yaw": [0.5, 1e-06, 0.1], "k_pid_hsp": [9.999999747378752e-05, 0.07380637526512146, 1.0], "k_pid_vsp": [0.0, 386.7070617675781, 393.6638488769531]}, "datetime": {"datetime": "2025-08-13 16:47:34", "elapsed": 25182.644159793854, "delta": 30.684500217437744}, "costs": {"total_cost": 4438.641718290944, "time_cost": 150, "final_distance_cost": 501.82092407606905, "oscillation_cost": 759.663926874411, "completition_cost": 888.8888888888888, "overshoot_cost": 2074.067771952705, "power_cost": 36.04046104736328, "noise_cost": 28.15974545150679, "n_waypoints_completed": 1, "tot_waypoints": 9}}
{"target": -2111.5488768803016, "params": {"k_pid_pos": [1.9973374605178833, 0.0, 0.0], "k_pid_alt": [1.9932960271835327, 0.06471055746078491, 0.9934114217758179], "k_pid_att": [97.0401382446289, 0.6682572364807129, 1.0], "k_pid_yaw": [0.5, 1e-06, 0.1], "k_pid_hsp": [0.008245190605521202, 0.08661365509033203, 0.9243346452713013], "k_pid_vsp": [0.0, 384.72296142578125, 361.96710205078125]}, "datetime": {"datetime": "2025-08-13 16:48:05", "elapsed": 25213.64068222046, "delta": 30.996522426605225}, "costs": {"total_cost": 2111.5488768803016, "time_cost": 150, "final_distance_cost": 14.225125716609018, "oscillation_cost": 744.5224070630693, "completition_cost": 1000.0, "overshoot_cost": 94.90453264694355, "power_cost": 40.52749696044922, "noise_cost": 67.36931449323043, "n_waypoints_completed": 0, "tot_waypoints": 9}}
{"target": -2242.633160050694, "params": {"k_pid_pos": [1.9664154052734375, 0.0, 0.040255069732666016], "k_pid_alt": [2.0, 0.0, 1.0], "k_pid_att": [100.0, 0.9459134340286255, 0.9995139837265015], "k_pid_yaw": [0.5, 1e-06, 0.1], "k_pid_hsp": [9.999999747378752e-05, 0.017283469438552856, 1.0], "k_pid_vsp": [22.97166633605957, 400.0, 400.0]}, "datetime": {"datetime": "2025-08-13 16:48:36", "elapsed": 25244.989990472794, "delta": 31.349308252334595}, "costs": {"total_cost": 2242.633160050694, "time_cost": 150, "final_distance_cost": 70.62155599690603, "oscillation_cost": 794.4166962791436, "completition_cost": 1000.0, "overshoot_cost": 167.56971657975618, "power_cost": 33.05953200683594, "noise_cost": 26.965659188052594, "n_waypoints_completed": 0, "tot_waypoints": 9}}
{"target": -3785.969971230292, "params": {"k_pid_pos": [2.0, 0.09328356385231018, 0.007411390542984009], "k_pid_alt": [2.0, 0.0, 0.9982455968856812], "k_pid_att": [100.0, 9.999999747378752e-05, 0.9746183753013611], "k_pid_yaw": [0.5, 1e-06, 0.1], "k_pid_hsp": [9.999999747378752e-05, 0.0, 0.9582958221435547], "k_pid_vsp": [0.0, 388.65972900390625, 400.0]}, "datetime": {"datetime": "2025-08-13 16:49:08", "elapsed": 25276.705246686935, "delta": 31.715256214141846}, "costs": {"total_cost": 3785.969971230292, "time_cost": 150, "final_distance_cost": 836.5640391783159, "oscillation_cost": 879.642078847911, "completition_cost": 1000.0, "overshoot_cost": 858.083740330916, "power_cost": 34.43822067871094, "noise_cost": 27.241892194438314, "n_waypoints_completed": 0, "tot_waypoints": 9}}
{"target": -3697.0921262465063, "params": {"k_pid_pos": [1.8943822383880615, 0.0, 0.021134674549102783], "k_pid_alt": [2.0, 0.0, 0.9442265033721924], "k_pid_att": [98.5592041015625, 9.999999747378752e-05, 1.0], "k_pid_yaw": [0.5, 1e-06, 0.1], "k_pid_hsp": [9.999999747378752e-05, 0.0, 1.0], "k_pid_vsp": [0.0, 384.1835632324219, 399.48223876953125]}, "datetime": {"datetime": "2025-08-13 16:49:42", "elapsed": 25310.224816799164, "delta": 33.519570112228394}, "costs": {"total_cost": 3697.0921262465063, "time_cost": 150, "final_distance_cost": 397.0249628378794, "oscillation_cost": 826.4529188581167, "completition_cost": 1000.0, "overshoot_cost": 1261.3742141145904, "power_cost": 34.427600048828126, "noise_cost": 27.8124303870916, "n_waypoints_completed": 0, "tot_waypoints": 9}}
{"target": -2051.3823012994512, "params": {"k_pid_pos": [2.0, 0.0, 0.0], "k_pid_alt": [2.0, 0.0, 0.9967448115348816], "k_pid_att": [99.63949584960938, 0.41706159710884094, 0.9694027304649353], "k_pid_yaw": [0.5, 1e-06, 0.1], "k_pid_hsp": [9.999999747378752e-05, 0.0, 0.9878494739532471], "k_pid_vsp": [25.914371490478516, 400.0, 397.0921630859375]}, "datetime": {"datetime": "2025-08-13 16:50:18", "elapsed": 25346.572362422943, "delta": 36.3475456237793}, "costs": {"total_cost": 2051.3823012994512, "time_cost": 150, "final_distance_cost": 64.36606054846534, "oscillation_cost": 833.2175822479871, "completition_cost": 888.8888888888888, "overshoot_cost": 50.69075842381133, "power_cost": 36.00713126220703, "noise_cost": 28.211879928091744, "n_waypoints_completed": 1, "tot_waypoints": 9}}
{"target": -8211.918818686972, "params": {"k_pid_pos": [2.0, 0.0, 0.0], "k_pid_alt": [2.0, 0.003375530242919922, 1.0], "k_pid_att": [91.1590347290039, 9.999999747378752e-05, 0.9948475360870361], "k_pid_yaw": [0.5, 1e-06, 0.1], "k_pid_hsp": [0.708989143371582, 0.10199630260467529, 1.0], "k_pid_vsp": [9.301149368286133, 393.5238952636719, 389.7599792480469]}, "datetime": {"datetime": "2025-08-13 16:50:49", "elapsed": 25377.70812678337, "delta": 31.135764360427856}, "costs": {"total_cost": 8211.918818686972, "time_cost": 150, "final_distance_cost": 2219.1534327936374, "oscillation_cost": 697.1933206424711, "completition_cost": 1000.0, "overshoot_cost": 4083.896769668545, "power_cost": 33.238876208496094, "noise_cost": 28.436419373823426, "n_waypoints_completed": 0, "tot_waypoints": 9}}
{"target": -6820.718667533455, "params": {"k_pid_pos": [2.0, 0.044536441564559937, 0.0], "k_pid_alt": [1.9226782321929932, 0.0, 1.0], "k_pid_att": [98.65933990478516, 0.323116660118103, 0.9772535562515259], "k_pid_yaw": [0.5, 1e-06, 0.1], "k_pid_hsp": [9.999999747378752e-05, 0.021462708711624146, 1.0], "k_pid_vsp": [2.8584718704223633, 400.0, 399.1185607910156]}, "datetime": {"datetime": "2025-08-13 16:51:20", "elapsed": 25408.792375802994, "delta": 31.084249019622803}, "costs": {"total_cost": 6820.718667533455, "time_cost": 150, "final_distance_cost": 1456.2626984695453, "oscillation_cost": 781.4505738140925, "completition_cost": 1000.0, "overshoot_cost": 3371.457636319462, "power_cost": 33.84673961181641, "noise_cost": 27.701019318539196, "n_waypoints_completed": 0, "tot_waypoints": 9}}
{"target": -5273.215859762826, "params": {"k_pid_pos": [2.0, 0.0, 0.016414105892181396], "k_pid_alt": [1.9433376789093018, 0.0, 0.9537609815597534], "k_pid_att": [100.0, 9.999999747378752e-05, 1.0], "k_pid_yaw": [0.5, 1e-06, 0.1], "k_pid_hsp": [9.999999747378752e-05, 0.0, 1.0], "k_pid_vsp": [21.587610244750977, 400.0, 400.0]}, "datetime": {"datetime": "2025-08-13 16:51:50", "elapsed": 25438.909265756607, "delta": 30.11688995361328}, "costs": {"total_cost": 5273.215859762826, "time_cost": 150, "final_distance_cost": 1111.205708436886, "oscillation_cost": 829.9454414625255, "completition_cost": 1000.0, "overshoot_cost": 2120.15691126352, "power_cost": 34.31562662353516, "noise_cost": 27.59217197635858, "n_waypoints_completed": 0, "tot_waypoints": 9}}
{"target": -2143.8735742383406, "params": {"k_pid_pos": [1.8962714672088623, 0.0, 0.02501046657562256], "k_pid_alt": [2.0, 0.12541067600250244, 0.9463297128677368], "k_pid_att": [100.0, 0.27196240425109863, 1.0], "k_pid_yaw": [0.5, 1e-06, 0.1], "k_pid_hsp": [9.999999747378752e-05, 0.020883262157440186, 1.0], "k_pid_vsp": [4.136908054351807, 384.9383850097656, 400.0]}, "datetime": {"datetime": "2025-08-13 16:52:22", "elapsed": 25470.101482391357, "delta": 31.192216634750366}, "costs": {"total_cost": 2143.8735742383406, "time_cost": 150, "final_distance_cost": 52.51708321433651, "oscillation_cost": 786.3923486496961, "completition_cost": 1000.0, "overshoot_cost": 92.42173898079699, "power_cost": 35.07648408203125, "noise_cost": 27.46591931147988, "n_waypoints_completed": 0, "tot_waypoints": 9}}
{"target": -2064.5654702599372, "params": {"k_pid_pos": [1.7323908805847168, 0.08349710702896118, 0.0], "k_pid_alt": [2.0, 0.0, 0.9818630218505859], "k_pid_att": [96.64311218261719, 0.2312951683998108, 0.9951593279838562], "k_pid_yaw": [0.5, 1e-06, 0.1], "k_pid_hsp": [1.3188496828079224, 0.0, 0.9779146909713745], "k_pid_vsp": [7.886981964111328, 400.0, 395.5694274902344]}, "datetime": {"datetime": "2025-08-13 16:52:54", "elapsed": 25502.81594967842, "delta": 32.7144672870636}, "costs": {"total_cost": 2064.5654702599372, "time_cost": 150, "final_distance_cost": 217.81402689147828, "oscillation_cost": 342.12245450601336, "completition_cost": 1000.0, "overshoot_cost": 281.5789005664901, "power_cost": 36.86467973632813, "noise_cost": 36.18540855962717, "n_waypoints_completed": 0, "tot_waypoints": 9}}
{"target": -2145.9945489724646, "params": {"k_pid_pos": [1.7810735702514648, 0.0, 0.0], "k_pid_alt": [2.0, 0.0, 0.9139957427978516], "k_pid_att": [100.0, 9.999999747378752e-05, 1.0], "k_pid_yaw": [0.5, 1e-06, 0.1], "k_pid_hsp": [9.999999747378752e-05, 0.0, 0.9845949411392212], "k_pid_vsp": [26.004695892333984, 400.0, 400.0]}, "datetime": {"datetime": "2025-08-13 16:53:26", "elapsed": 25534.34013581276, "delta": 31.52418613433838}, "costs": {"total_cost": 2145.9945489724646, "time_cost": 150, "final_distance_cost": 43.854638162744, "oscillation_cost": 731.5573023972014, "completition_cost": 1000.0, "overshoot_cost": 112.21879817855546, "power_cost": 43.14147729492188, "noise_cost": 65.22233293904193, "n_waypoints_completed": 0, "tot_waypoints": 9}}
{"target": -2213.8597429028678, "params": {"k_pid_pos": [2.0, 0.0, 0.00608333945274353], "k_pid_alt": [1.9388103485107422, 0.0, 0.9536868333816528], "k_pid_att": [100.0, 9.999999747378752e-05, 1.0], "k_pid_yaw": [0.5, 1e-06, 0.1], "k_pid_hsp": [0.00116870051715523, 0.0, 1.0], "k_pid_vsp": [31.55646324157715, 400.0, 364.1264343261719]}, "datetime": {"datetime": "2025-08-13 16:54:00", "elapsed": 25568.49432873726, "delta": 34.15419292449951}, "costs": {"total_cost": 2213.8597429028678, "time_cost": 150, "final_distance_cost": 24.660780981188637, "oscillation_cost": 743.3144302201603, "completition_cost": 1000.0, "overshoot_cost": 151.07896150678766, "power_cost": 44.80643610839844, "noise_cost": 99.99913408633286, "n_waypoints_completed": 0, "tot_waypoints": 9}}
