{"target": -2326.1604811485213, "params": {"k_pid_pos": [2.0, 0.031576335430145264, 0.11589628458023071], "k_pid_alt": [1.968607783317566, 0.06667453050613403, 1.0], "k_pid_att": [94.77684783935547, 0.9387636184692383, 1.0], "k_pid_yaw": [0.5, 1e-06, 0.1], "k_pid_hsp": [0.27935686707496643, 0.0, 0.9306403398513794], "k_pid_vsp": [0.0, 365.11279296875, 400.0]}, "datetime": {"datetime": "2025-08-14 01:22:49", "elapsed": 56097.83440852165, "delta": 28.57332158088684}, "costs": {"total_cost": 2326.1604811485213, "time_cost": 150, "final_distance_cost": 219.17547327584043, "oscillation_cost": 688.6529154590281, "completition_cost": 1000.0, "overshoot_cost": 196.0406480959338, "power_cost": 36.430254516601565, "noise_cost": 35.861189801117796, "n_waypoints_completed": 0, "tot_waypoints": 9}}
{"target": -5452.018543156847, "params": {"k_pid_pos": [2.0, 0.03301021456718445, 0.0], "k_pid_alt": [1.8574717044830322, 0.056492745876312256, 1.0], "k_pid_att": [98.00389862060547, 0.5681385397911072, 0.9235051870346069], "k_pid_yaw": [0.5, 1e-06, 0.1], "k_pid_hsp": [0.7120813727378845, 0.0, 1.0], "k_pid_vsp": [0.0, 382.4466247558594, 400.0]}, "datetime": {"datetime": "2025-08-14 01:23:18", "elapsed": 56126.73231244087, "delta": 28.89790391921997}, "costs": {"total_cost": 5452.018543156847, "time_cost": 150, "final_distance_cost": 1357.338227595761, "oscillation_cost": 783.5011690256714, "completition_cost": 1000.0, "overshoot_cost": 2098.5285094103097, "power_cost": 34.06534177246094, "noise_cost": 28.585295352644014, "n_waypoints_completed": 0, "tot_waypoints": 9}}
{"target": -2126.4141401995835, "params": {"k_pid_pos": [1.9879788160324097, 0.068634033203125, 0.07820051908493042], "k_pid_alt": [1.9167602062225342, 0.024158835411071777, 0.9815601110458374], "k_pid_att": [97.79390716552734, 9.999999747378752e-05, 1.0], "k_pid_yaw": [0.5, 1e-06, 0.1], "k_pid_hsp": [0.32177916169166565, 0.0, 0.9578799605369568], "k_pid_vsp": [20.143138885498047, 389.42626953125, 381.4405517578125]}, "datetime": {"datetime": "2025-08-14 01:23:49", "elapsed": 56157.64717698097, "delta": 30.914864540100098}, "costs": {"total_cost": 2126.4141401995835, "time_cost": 150, "final_distance_cost": 29.222629603746693, "oscillation_cost": 691.7362942036119, "completition_cost": 1000.0, "overshoot_cost": 141.63017426815014, "power_cost": 43.07434862060547, "noise_cost": 70.75069350346921, "n_waypoints_completed": 0, "tot_waypoints": 9}}
{"target": -3173.9322604139056, "params": {"k_pid_pos": [1.8315080404281616, 0.0, 0.001157909631729126], "k_pid_alt": [1.9753389358520508, 0.012041866779327393, 1.0], "k_pid_att": [93.3562240600586, 9.999999747378752e-05, 0.8776221871376038], "k_pid_yaw": [0.5, 1e-06, 0.1], "k_pid_hsp": [0.17924921214580536, 0.0, 0.984199047088623], "k_pid_vsp": [7.28917121887207, 382.1656188964844, 400.0]}, "datetime": {"datetime": "2025-08-14 01:24:21", "elapsed": 56189.89871430397, "delta": 32.25153732299805}, "costs": {"total_cost": 3173.9322604139056, "time_cost": 150, "final_distance_cost": 370.38249545251136, "oscillation_cost": 615.9422077421737, "completition_cost": 1000.0, "overshoot_cost": 970.0438263102344, "power_cost": 38.521898779296876, "noise_cost": 29.0418321296897, "n_waypoints_completed": 0, "tot_waypoints": 9}}
{"target": -2087.197915640116, "params": {"k_pid_pos": [2.0, 0.0, 0.0], "k_pid_alt": [1.907050609588623, 0.0, 0.950181245803833], "k_pid_att": [100.0, 0.09526292979717255, 1.0], "k_pid_yaw": [0.5, 1e-06, 0.1], "k_pid_hsp": [9.999999747378752e-05, 0.010632455348968506, 0.9544632434844971], "k_pid_vsp": [0.0, 400.0, 400.0]}, "datetime": {"datetime": "2025-08-14 01:24:52", "elapsed": 56220.72725105286, "delta": 30.82853674888611}, "costs": {"total_cost": 2087.197915640116, "time_cost": 150, "final_distance_cost": 52.545607489311585, "oscillation_cost": 761.2710482269125, "completition_cost": 1000.0, "overshoot_cost": 56.95894465035752, "power_cost": 37.96897197265625, "noise_cost": 28.453343300878387, "n_waypoints_completed": 0, "tot_waypoints": 9}}
{"target": -2250.33424774136, "params": {"k_pid_pos": [1.9998846054077148, 0.0002810657024383545, 0.01952800154685974], "k_pid_alt": [1.9065545797348022, 0.027253657579421997, 1.0], "k_pid_att": [94.1933364868164, 9.999999747378752e-05, 0.9635622501373291], "k_pid_yaw": [0.5, 1e-06, 0.1], "k_pid_hsp": [9.999999747378752e-05, 0.0, 1.0], "k_pid_vsp": [0.0, 400.0, 356.705322265625]}, "datetime": {"datetime": "2025-08-14 01:25:22", "elapsed": 56250.430273771286, "delta": 29.703022718429565}, "costs": {"total_cost": 2250.33424774136, "time_cost": 150, "final_distance_cost": 82.24547438721883, "oscillation_cost": 753.8852155327405, "completition_cost": 1000.0, "overshoot_cost": 176.81418103811842, "power_cost": 39.02657746582032, "noise_cost": 48.362799317461466, "n_waypoints_completed": 0, "tot_waypoints": 9}}
{"target": -2160.745962894368, "params": {"k_pid_pos": [1.9964748620986938, 0.0, 0.01987910270690918], "k_pid_alt": [1.968865156173706, 0.030934423208236694, 0.9950233697891235], "k_pid_att": [92.87884521484375, 9.999999747378752e-05, 0.9852186441421509], "k_pid_yaw": [0.5, 1e-06, 0.1], "k_pid_hsp": [0.1821182519197464, 0.013378530740737915, 0.9626986980438232], "k_pid_vsp": [0.0, 397.50933837890625, 394.702392578125]}, "datetime": {"datetime": "2025-08-14 01:25:52", "elapsed": 56280.70877242088, "delta": 30.278498649597168}, "costs": {"total_cost": 2160.745962894368, "time_cost": 150, "final_distance_cost": 51.93739390129591, "oscillation_cost": 657.658812978831, "completition_cost": 1000.0, "overshoot_cost": 192.00855133840767, "power_cost": 42.18872937011719, "noise_cost": 66.95247530571602, "n_waypoints_completed": 0, "tot_waypoints": 9}}
{"target": -2856.480816585718, "params": {"k_pid_pos": [2.0, 0.06630164384841919, 0.0], "k_pid_alt": [1.9946260452270508, 0.033847302198410034, 0.9857876300811768], "k_pid_att": [91.69290924072266, 9.999999747378752e-05, 1.0], "k_pid_yaw": [0.5, 1e-06, 0.1], "k_pid_hsp": [9.999999747378752e-05, 0.0, 0.9941244721412659], "k_pid_vsp": [0.0, 366.2482604980469, 400.0]}, "datetime": {"datetime": "2025-08-14 01:26:22", "elapsed": 56310.75459623337, "delta": 30.04582381248474}, "costs": {"total_cost": 2856.480816585718, "time_cost": 150, "final_distance_cost": 470.8850864799706, "oscillation_cost": 746.0871063679423, "completition_cost": 1000.0, "overshoot_cost": 426.73167982605736, "power_cost": 34.64238237304688, "noise_cost": 28.134561538700808, "n_waypoints_completed": 0, "tot_waypoints": 9}}
{"target": -4515.776230304631, "params": {"k_pid_pos": [1.9739758968353271, 0.0, 0.0], "k_pid_alt": [1.9855823516845703, 0.009844779968261719, 1.0], "k_pid_att": [100.0, 9.999999747378752e-05, 0.9537203907966614], "k_pid_yaw": [0.5, 1e-06, 0.1], "k_pid_hsp": [9.999999747378752e-05, 0.0206146240234375, 0.9246822595596313], "k_pid_vsp": [0.0, 393.9186706542969, 390.4470520019531]}, "datetime": {"datetime": "2025-08-14 01:26:52", "elapsed": 56341.07217621803, "delta": 30.317579984664917}, "costs": {"total_cost": 4515.776230304631, "time_cost": 150, "final_distance_cost": 751.82742634686, "oscillation_cost": 854.701114503655, "completition_cost": 1000.0, "overshoot_cost": 1701.504515982207, "power_cost": 31.209618054199222, "noise_cost": 26.533555417709113, "n_waypoints_completed": 0, "tot_waypoints": 9}}
{"target": -2170.1084902764605, "params": {"k_pid_pos": [2.0, 0.022672981023788452, 0.02140149474143982], "k_pid_alt": [2.0, 0.0010367035865783691, 1.0], "k_pid_att": [94.77437591552734, 9.999999747378752e-05, 1.0], "k_pid_yaw": [0.5, 1e-06, 0.1], "k_pid_hsp": [0.3549991846084595, 0.06513619422912598, 0.9374487996101379], "k_pid_vsp": [0.0, 400.0, 400.0]}, "datetime": {"datetime": "2025-08-14 01:27:21", "elapsed": 56369.62591409683, "delta": 28.55373787879944}, "costs": {"total_cost": 2170.1084902764605, "time_cost": 150, "final_distance_cost": 104.96622103917822, "oscillation_cost": 783.4025816244941, "completition_cost": 888.8888888888888, "overshoot_cost": 179.42798719190537, "power_cost": 35.024096447753905, "noise_cost": 28.3987150842403, "n_waypoints_completed": 1, "tot_waypoints": 9}}
{"target": -2219.884582910009, "params": {"k_pid_pos": [1.8958107233047485, 0.0, 0.0], "k_pid_alt": [2.0, 0.05608868598937988, 1.0], "k_pid_att": [96.08636474609375, 9.999999747378752e-05, 1.0], "k_pid_yaw": [0.5, 1e-06, 0.1], "k_pid_hsp": [0.02629508450627327, 0.010939359664916992, 0.9957441091537476], "k_pid_vsp": [32.75649642944336, 377.26934814453125, 400.0]}, "datetime": {"datetime": "2025-08-14 01:27:50", "elapsed": 56398.51064658165, "delta": 28.884732484817505}, "costs": {"total_cost": 2219.884582910009, "time_cost": 150, "final_distance_cost": 16.627537966838702, "oscillation_cost": 723.5819337218151, "completition_cost": 1000.0, "overshoot_cost": 175.62239990859194, "power_cost": 43.77960085449219, "noise_cost": 110.27311045827102, "n_waypoints_completed": 0, "tot_waypoints": 9}}
{"target": -4629.447633198238, "params": {"k_pid_pos": [1.9440741539001465, 0.006268411874771118, 0.0], "k_pid_alt": [2.0, 0.0, 0.9910480976104736], "k_pid_att": [95.76924133300781, 0.5657674670219421, 0.9369863271713257], "k_pid_yaw": [0.5, 1e-06, 0.1], "k_pid_hsp": [1.0977511405944824, 0.0575423538684845, 1.0], "k_pid_vsp": [26.53539276123047, 400.0, 369.0245056152344]}, "datetime": {"datetime": "2025-08-14 01:28:20", "elapsed": 56428.396901130676, "delta": 29.88625454902649}, "costs": {"total_cost": 4629.447633198238, "time_cost": 150, "final_distance_cost": 1237.5429248253681, "oscillation_cost": 667.7320607069989, "completition_cost": 888.8888888888888, "overshoot_cost": 1625.385082746197, "power_cost": 30.737796203613282, "noise_cost": 29.16087982717093, "n_waypoints_completed": 1, "tot_waypoints": 9}}
{"target": -2118.801145074738, "params": {"k_pid_pos": [2.0, 0.0741625428199768, 0.0], "k_pid_alt": [2.0, 0.013050705194473267, 0.9392815828323364], "k_pid_att": [100.0, 0.012651420198380947, 0.98633873462677], "k_pid_yaw": [0.5, 1e-06, 0.1], "k_pid_hsp": [0.3482937216758728, 0.09695729613304138, 1.0], "k_pid_vsp": [42.28590774536133, 398.36334228515625, 400.0]}, "datetime": {"datetime": "2025-08-14 01:28:51", "elapsed": 56459.56928181648, "delta": 31.172380685806274}, "costs": {"total_cost": 2118.801145074738, "time_cost": 150, "final_distance_cost": 72.09570436706078, "oscillation_cost": 674.6269960537406, "completition_cost": 1000.0, "overshoot_cost": 139.5355404919019, "power_cost": 40.09315603027344, "noise_cost": 42.44974813176101, "n_waypoints_completed": 0, "tot_waypoints": 9}}
{"target": -2138.479737824778, "params": {"k_pid_pos": [2.0, 0.0, 0.0014089643955230713], "k_pid_alt": [1.9917628765106201, 0.0, 1.0], "k_pid_att": [100.0, 9.999999747378752e-05, 1.0], "k_pid_yaw": [0.5, 1e-06, 0.1], "k_pid_hsp": [9.999999747378752e-05, 0.0, 0.9966037273406982], "k_pid_vsp": [12.768006324768066, 400.0, 400.0]}, "datetime": {"datetime": "2025-08-14 01:29:21", "elapsed": 56489.5208632946, "delta": 29.951581478118896}, "costs": {"total_cost": 2138.479737824778, "time_cost": 150, "final_distance_cost": 63.53047101028608, "oscillation_cost": 711.2219526880326, "completition_cost": 1000.0, "overshoot_cost": 147.00282041596492, "power_cost": 37.888026989746095, "noise_cost": 28.836466720748373, "n_waypoints_completed": 0, "tot_waypoints": 9}}
{"target": -2546.374239734804, "params": {"k_pid_pos": [1.9563055038452148, 0.06828546524047852, 0.0], "k_pid_alt": [2.0, 0.0, 0.9623508453369141], "k_pid_att": [100.0, 9.999999747378752e-05, 1.0], "k_pid_yaw": [0.5, 1e-06, 0.1], "k_pid_hsp": [0.3478052616119385, 0.0, 0.9132521152496338], "k_pid_vsp": [0.0, 392.73577880859375, 400.0]}, "datetime": {"datetime": "2025-08-14 01:29:51", "elapsed": 56519.79971218109, "delta": 30.278848886489868}, "costs": {"total_cost": 2546.374239734804, "time_cost": 150, "final_distance_cost": 500.1177432075501, "oscillation_cost": 543.154556935135, "completition_cost": 777.7777777777778, "overshoot_cost": 496.29532695830466, "power_cost": 36.84278447265625, "noise_cost": 42.186050383380355, "n_waypoints_completed": 2, "tot_waypoints": 9}}
{"target": -5994.244700864593, "params": {"k_pid_pos": [1.8957183361053467, 0.0, 0.0], "k_pid_alt": [1.9957659244537354, 0.029066383838653564, 1.0], "k_pid_att": [96.09696960449219, 9.999999747378752e-05, 1.0], "k_pid_yaw": [0.5, 1e-06, 0.1], "k_pid_hsp": [0.10149572789669037, 0.0, 0.9429291486740112], "k_pid_vsp": [0.0, 384.819580078125, 400.0]}, "datetime": {"datetime": "2025-08-14 01:30:21", "elapsed": 56550.05597949028, "delta": 30.256267309188843}, "costs": {"total_cost": 5994.244700864593, "time_cost": 150, "final_distance_cost": 1648.8837292312921, "oscillation_cost": 672.0005084982563, "completition_cost": 1000.0, "overshoot_cost": 2462.4065491000993, "power_cost": 33.48562266845703, "noise_cost": 27.468291366488195, "n_waypoints_completed": 0, "tot_waypoints": 9}}
{"target": -8040.134569605489, "params": {"k_pid_pos": [1.982850193977356, 0.0, 0.1021818220615387], "k_pid_alt": [2.0, 0.02320176362991333, 0.9805338382720947], "k_pid_att": [100.0, 9.999999747378752e-05, 1.0], "k_pid_yaw": [0.5, 1e-06, 0.1], "k_pid_hsp": [9.999999747378752e-05, 0.08048659563064575, 1.0], "k_pid_vsp": [0.0, 400.0, 378.74993896484375]}, "datetime": {"datetime": "2025-08-14 01:30:50", "elapsed": 56578.10140109062, "delta": 28.045421600341797}, "costs": {"total_cost": 8040.134569605489, "time_cost": 150, "final_distance_cost": 1889.4907026340081, "oscillation_cost": 804.4058514353535, "completition_cost": 1000.0, "overshoot_cost": 4135.364288539443, "power_cost": 33.30185212402344, "noise_cost": 27.571874872660167, "n_waypoints_completed": 0, "tot_waypoints": 9}}
{"target": -1980.2904604566347, "params": {"k_pid_pos": [2.0, 0.0, 0.0], "k_pid_alt": [2.0, 0.008494317531585693, 0.998525857925415], "k_pid_att": [97.23748779296875, 0.5541849136352539, 0.993924617767334], "k_pid_yaw": [0.5, 1e-06, 0.1], "k_pid_hsp": [0.26591020822525024, 0.04845482110977173, 1.0], "k_pid_vsp": [12.491035461425781, 400.0, 400.0]}, "datetime": {"datetime": "2025-08-14 01:31:21", "elapsed": 56609.126626968384, "delta": 31.02522587776184}, "costs": {"total_cost": 1980.2904604566347, "time_cost": 150, "final_distance_cost": 62.25446896288598, "oscillation_cost": 660.5241244697207, "completition_cost": 888.8888888888888, "overshoot_cost": 137.69981621064235, "power_cost": 38.78237580566407, "noise_cost": 42.14078611883281, "n_waypoints_completed": 1, "tot_waypoints": 9}}
{"target": -6326.347834830904, "params": {"k_pid_pos": [1.9157766103744507, 0.0, 0.0], "k_pid_alt": [2.0, 0.08952492475509644, 1.0], "k_pid_att": [100.0, 9.999999747378752e-05, 1.0], "k_pid_yaw": [0.5, 1e-06, 0.1], "k_pid_hsp": [0.18195970356464386, 0.0, 1.0], "k_pid_vsp": [0.0, 400.0, 386.683837890625]}, "datetime": {"datetime": "2025-08-14 01:31:51", "elapsed": 56639.626786231995, "delta": 30.50015926361084}, "costs": {"total_cost": 6326.347834830904, "time_cost": 150, "final_distance_cost": 1512.6730760186076, "oscillation_cost": 732.4886876791707, "completition_cost": 1000.0, "overshoot_cost": 2868.3904536780133, "power_cost": 34.70342003173828, "noise_cost": 28.092197423374348, "n_waypoints_completed": 0, "tot_waypoints": 9}}
{"target": -3833.002616651472, "params": {"k_pid_pos": [1.943507432937622, 0.0, 0.0], "k_pid_alt": [2.0, 0.0, 0.9597592353820801], "k_pid_att": [100.0, 0.32084813714027405, 0.9764062166213989], "k_pid_yaw": [0.5, 1e-06, 0.1], "k_pid_hsp": [0.02719629742205143, 0.0, 1.0], "k_pid_vsp": [15.892863273620605, 399.7022399902344, 400.0]}, "datetime": {"datetime": "2025-08-14 01:32:21", "elapsed": 56669.95009589195, "delta": 30.323309659957886}, "costs": {"total_cost": 3833.002616651472, "time_cost": 150, "final_distance_cost": 769.4836005414218, "oscillation_cost": 815.232889058268, "completition_cost": 1000.0, "overshoot_cost": 1037.0305020925236, "power_cost": 33.706077099609374, "noise_cost": 27.549547859648847, "n_waypoints_completed": 0, "tot_waypoints": 9}}
{"target": -1987.8041945525058, "params": {"k_pid_pos": [1.9224133491516113, 0.0, 0.0], "k_pid_alt": [2.0, 0.03684121370315552, 0.9928981065750122], "k_pid_att": [100.0, 9.999999747378752e-05, 1.0], "k_pid_yaw": [0.5, 1e-06, 0.1], "k_pid_hsp": [9.999999747378752e-05, 0.0, 0.9968781471252441], "k_pid_vsp": [37.31874084472656, 394.46405029296875, 397.9615478515625]}, "datetime": {"datetime": "2025-08-14 01:32:50", "elapsed": 56698.74643421173, "delta": 28.796338319778442}, "costs": {"total_cost": 1987.8041945525058, "time_cost": 150, "final_distance_cost": 100.28766375649268, "oscillation_cost": 700.2241703848897, "completition_cost": 777.7777777777778, "overshoot_cost": 162.9748076974974, "power_cost": 40.619151232910156, "noise_cost": 55.92062370293799, "n_waypoints_completed": 2, "tot_waypoints": 9}}
{"target": -2116.785866457683, "params": {"k_pid_pos": [2.0, 0.0, 0.04461401700973511], "k_pid_alt": [2.0, 0.0, 0.9675263166427612], "k_pid_att": [87.15778350830078, 0.7528359889984131, 1.0], "k_pid_yaw": [0.5, 1e-06, 0.1], "k_pid_hsp": [9.999999747378752e-05, 0.0, 0.9973835349082947], "k_pid_vsp": [0.0, 394.89019775390625, 400.0]}, "datetime": {"datetime": "2025-08-14 01:33:20", "elapsed": 56728.28653216362, "delta": 29.540097951889038}, "costs": {"total_cost": 2116.785866457683, "time_cost": 150, "final_distance_cost": 15.774711244991652, "oscillation_cost": 697.0514002912029, "completition_cost": 1000.0, "overshoot_cost": 140.79347645652368, "power_cost": 41.188561633300786, "noise_cost": 71.97771683166394, "n_waypoints_completed": 0, "tot_waypoints": 9}}
{"target": -2251.232415525574, "params": {"k_pid_pos": [1.7804183959960938, 0.0, 0.0], "k_pid_alt": [1.9551588296890259, 0.017614424228668213, 0.9495157599449158], "k_pid_att": [100.0, 0.2335788905620575, 1.0], "k_pid_yaw": [0.5, 1e-06, 0.1], "k_pid_hsp": [9.999999747378752e-05, 0.0, 0.9586843252182007], "k_pid_vsp": [35.22870635986328, 375.5729675292969, 394.69952392578125]}, "datetime": {"datetime": "2025-08-14 01:33:51", "elapsed": 56759.432868242264, "delta": 31.1463360786438}, "costs": {"total_cost": 2251.232415525574, "time_cost": 150, "final_distance_cost": 118.9020832758701, "oscillation_cost": 720.6549573068451, "completition_cost": 1000.0, "overshoot_cost": 193.6600652880517, "power_cost": 39.232952148437505, "noise_cost": 28.78235750636988, "n_waypoints_completed": 0, "tot_waypoints": 9}}
{"target": -1775.0240696831938, "params": {"k_pid_pos": [2.0, 0.00044786930084228516, 0.05517640709877014], "k_pid_alt": [1.8058490753173828, 0.0, 1.0], "k_pid_att": [100.0, 9.999999747378752e-05, 0.9075824022293091], "k_pid_yaw": [0.5, 1e-06, 0.1], "k_pid_hsp": [0.9604613184928894, 0.07261541485786438, 0.9719061851501465], "k_pid_vsp": [26.464223861694336, 375.535400390625, 375.3479309082031]}, "datetime": {"datetime": "2025-08-14 01:34:21", "elapsed": 56789.89534282684, "delta": 30.462474584579468}, "costs": {"total_cost": 1775.0240696831938, "time_cost": 150, "final_distance_cost": 89.82559959342578, "oscillation_cost": 572.5975346759501, "completition_cost": 777.7777777777778, "overshoot_cost": 120.46049385814631, "power_cost": 34.69433204345703, "noise_cost": 29.668331734436816, "n_waypoints_completed": 2, "tot_waypoints": 9}}
{"target": -4617.418720260466, "params": {"k_pid_pos": [2.0, 0.0, 0.0], "k_pid_alt": [1.9948431253433228, 0.0851496160030365, 0.9920848608016968], "k_pid_att": [95.20066833496094, 9.999999747378752e-05, 0.9600844979286194], "k_pid_yaw": [0.5, 1e-06, 0.1], "k_pid_hsp": [0.3204416334629059, 0.05233749747276306, 1.0], "k_pid_vsp": [12.540542602539062, 400.0, 385.86480712890625]}, "datetime": {"datetime": "2025-08-14 01:34:52", "elapsed": 56821.06838083267, "delta": 31.173038005828857}, "costs": {"total_cost": 4617.418720260466, "time_cost": 150, "final_distance_cost": 855.4235835088804, "oscillation_cost": 814.6843036123635, "completition_cost": 1000.0, "overshoot_cost": 1735.7741061397896, "power_cost": 33.759642590332035, "noise_cost": 27.777084409100553, "n_waypoints_completed": 0, "tot_waypoints": 9}}
{"target": -2179.654601740373, "params": {"k_pid_pos": [2.0, 0.0, 0.06042221188545227], "k_pid_alt": [1.933401346206665, 0.025509804487228394, 1.0], "k_pid_att": [98.63985443115234, 0.20143026113510132, 0.9985662698745728], "k_pid_yaw": [0.5, 1e-06, 0.1], "k_pid_hsp": [0.14379671216011047, 0.04749372601509094, 0.987144947052002], "k_pid_vsp": [7.814919948577881, 372.0059509277344, 394.47747802734375]}, "datetime": {"datetime": "2025-08-14 01:35:21", "elapsed": 56850.049667835236, "delta": 28.981287002563477}, "costs": {"total_cost": 2179.654601740373, "time_cost": 150, "final_distance_cost": 27.437746386815242, "oscillation_cost": 772.2454987664547, "completition_cost": 1000.0, "overshoot_cost": 163.16419256039737, "power_cost": 35.90940690917969, "noise_cost": 30.897757117526112, "n_waypoints_completed": 0, "tot_waypoints": 9}}
{"target": -2427.920138172855, "params": {"k_pid_pos": [1.8850843906402588, 0.03460848331451416, 0.0], "k_pid_alt": [1.745747447013855, 0.0, 0.9414017200469971], "k_pid_att": [99.05457305908203, 0.3575526177883148, 1.0], "k_pid_yaw": [0.5, 1e-06, 0.1], "k_pid_hsp": [0.06665358692407608, 0.04229298233985901, 0.9231621623039246], "k_pid_vsp": [33.84375762939453, 380.6535339355469, 400.0]}, "datetime": {"datetime": "2025-08-14 01:35:52", "elapsed": 56880.11923098564, "delta": 30.069563150405884}, "costs": {"total_cost": 2427.920138172855, "time_cost": 150, "final_distance_cost": 252.5655959687949, "oscillation_cost": 756.2183354873168, "completition_cost": 1000.0, "overshoot_cost": 188.27562818317242, "power_cost": 37.170893676757814, "noise_cost": 43.68968485681311, "n_waypoints_completed": 0, "tot_waypoints": 9}}
