{"target": -2147.674685193713, "params": {"k_pid_pos": [2.0, 0.0, 0.07011783123016357], "k_pid_alt": [2.0, 0.0, 1.0], "k_pid_att": [100.0, 0.06697753071784973, 1.0], "k_pid_yaw": [0.5, 1e-06, 0.1], "k_pid_hsp": [9.999999747378752e-05, 0.0, 1.0], "k_pid_vsp": [0.0, 400.0, 400.0]}, "datetime": {"datetime": "2025-08-13 16:54:38", "elapsed": 25606.550684928894, "delta": 38.05635619163513}, "costs": {"total_cost": 2147.674685193713, "time_cost": 150, "final_distance_cost": 63.23362337638169, "oscillation_cost": 716.2129132705747, "completition_cost": 1000.0, "overshoot_cost": 130.2342003594789, "power_cost": 37.514473828125, "noise_cost": 50.47947435915231, "n_waypoints_completed": 0, "tot_waypoints": 9}}
{"target": -2169.0531142360637, "params": {"k_pid_pos": [2.0, 0.03517085313796997, 0.0], "k_pid_alt": [2.0, 0.0, 0.9889365434646606], "k_pid_att": [100.0, 9.999999747378752e-05, 1.0], "k_pid_yaw": [0.5, 1e-06, 0.1], "k_pid_hsp": [9.999999747378752e-05, 0.04648500680923462, 0.9935325980186462], "k_pid_vsp": [11.635398864746094, 400.0, 400.0]}, "datetime": {"datetime": "2025-08-13 16:55:09", "elapsed": 25638.075793504715, "delta": 31.525108575820923}, "costs": {"total_cost": 2169.0531142360637, "time_cost": 150, "final_distance_cost": 13.266198548543704, "oscillation_cost": 715.3581739631657, "completition_cost": 1000.0, "overshoot_cost": 160.91923625211146, "power_cost": 42.390342236328124, "noise_cost": 87.11916323591514, "n_waypoints_completed": 0, "tot_waypoints": 9}}
{"target": -3128.6252868449633, "params": {"k_pid_pos": [2.0, 0.0300653874874115, 0.058076053857803345], "k_pid_alt": [1.902804970741272, 0.02052435278892517, 1.0], "k_pid_att": [97.33192443847656, 9.999999747378752e-05, 1.0], "k_pid_yaw": [0.5, 1e-06, 0.1], "k_pid_hsp": [9.999999747378752e-05, 0.015411406755447388, 0.8910235166549683], "k_pid_vsp": [0.0, 400.0, 397.15570068359375]}, "datetime": {"datetime": "2025-08-13 16:55:42", "elapsed": 25670.911675214767, "delta": 32.83588171005249}, "costs": {"total_cost": 3128.6252868449633, "time_cost": 150, "final_distance_cost": 453.1483452591488, "oscillation_cost": 849.877446564151, "completition_cost": 888.8888888888888, "overshoot_cost": 723.0444544098807, "power_cost": 35.12807691650391, "noise_cost": 28.538074806390686, "n_waypoints_completed": 1, "tot_waypoints": 9}}
{"target": -3813.239565673089, "params": {"k_pid_pos": [1.9691849946975708, 0.017220914363861084, 0.0], "k_pid_alt": [2.0, 0.06969964504241943, 1.0], "k_pid_att": [100.0, 9.999999747378752e-05, 1.0], "k_pid_yaw": [0.5, 1e-06, 0.1], "k_pid_hsp": [9.999999747378752e-05, 0.003707677125930786, 1.0], "k_pid_vsp": [19.93633460998535, 400.0, 382.3796691894531]}, "datetime": {"datetime": "2025-08-13 16:56:14", "elapsed": 25702.44823241234, "delta": 31.5365571975708}, "costs": {"total_cost": 3813.239565673089, "time_cost": 150, "final_distance_cost": 638.5435416498674, "oscillation_cost": 804.0347897650942, "completition_cost": 1000.0, "overshoot_cost": 1164.4015755193157, "power_cost": 30.16506541748047, "noise_cost": 26.094593321331338, "n_waypoints_completed": 0, "tot_waypoints": 9}}
{"target": -4811.155314425887, "params": {"k_pid_pos": [1.8552510738372803, 0.0, 0.09437006711959839], "k_pid_alt": [2.0, 0.04597613215446472, 1.0], "k_pid_att": [97.88169860839844, 0.30773496627807617, 1.0], "k_pid_yaw": [0.5, 1e-06, 0.1], "k_pid_hsp": [9.999999747378752e-05, 0.0, 0.9849928617477417], "k_pid_vsp": [35.22429656982422, 400.0, 375.8265075683594]}, "datetime": {"datetime": "2025-08-13 16:56:43", "elapsed": 25731.871727705002, "delta": 29.423495292663574}, "costs": {"total_cost": 4811.155314425887, "time_cost": 150, "final_distance_cost": 962.0449565920798, "oscillation_cost": 818.619990747449, "completition_cost": 1000.0, "overshoot_cost": 1821.1342644413323, "power_cost": 32.37231320800782, "noise_cost": 26.98378943701738, "n_waypoints_completed": 0, "tot_waypoints": 9}}
{"target": -7148.739944912293, "params": {"k_pid_pos": [1.9836301803588867, 0.0, 0.0], "k_pid_alt": [1.9406039714813232, 0.07395750284194946, 0.9900346398353577], "k_pid_att": [89.10748291015625, 0.372045636177063, 0.8703795075416565], "k_pid_yaw": [0.5, 1e-06, 0.1], "k_pid_hsp": [9.999999747378752e-05, 0.025315284729003906, 0.9962689876556396], "k_pid_vsp": [12.952494621276855, 388.9837341308594, 400.0]}, "datetime": {"datetime": "2025-08-13 16:57:13", "elapsed": 25761.84123802185, "delta": 29.969510316848755}, "costs": {"total_cost": 7148.739944912293, "time_cost": 150, "final_distance_cost": 1917.8608434687794, "oscillation_cost": 763.9290811518252, "completition_cost": 1000.0, "overshoot_cost": 3254.779224912384, "power_cost": 34.20979499511719, "noise_cost": 27.96100038418739, "n_waypoints_completed": 0, "tot_waypoints": 9}}
{"target": -4765.927421042944, "params": {"k_pid_pos": [2.0, 0.008532971143722534, 0.0], "k_pid_alt": [2.0, 0.04719787836074829, 0.9558252096176147], "k_pid_att": [97.83904266357422, 9.999999747378752e-05, 1.0], "k_pid_yaw": [0.5, 1e-06, 0.1], "k_pid_hsp": [0.4376536011695862, 0.025977283716201782, 0.990780770778656], "k_pid_vsp": [0.0, 394.9284973144531, 400.0]}, "datetime": {"datetime": "2025-08-13 16:57:43", "elapsed": 25791.691972732544, "delta": 29.85073471069336}, "costs": {"total_cost": 4765.927421042944, "time_cost": 150, "final_distance_cost": 764.4332456499789, "oscillation_cost": 775.0730457747966, "completition_cost": 1000.0, "overshoot_cost": 2013.9622245250387, "power_cost": 34.430171386718754, "noise_cost": 28.02873370641079, "n_waypoints_completed": 0, "tot_waypoints": 9}}
{"target": -2081.6313471461726, "params": {"k_pid_pos": [2.0, 0.01851743459701538, 0.0], "k_pid_alt": [1.9509984254837036, 0.0, 0.9658116102218628], "k_pid_att": [100.0, 0.48723968863487244, 1.0], "k_pid_yaw": [0.5, 1e-06, 0.1], "k_pid_hsp": [9.999999747378752e-05, 0.01762259006500244, 1.0], "k_pid_vsp": [13.19589614868164, 400.0, 400.0]}, "datetime": {"datetime": "2025-08-13 16:58:14", "elapsed": 25822.316660165787, "delta": 30.624687433242798}, "costs": {"total_cost": 2081.6313471461726, "time_cost": 150, "final_distance_cost": 42.37245157020948, "oscillation_cost": 789.9244078877545, "completition_cost": 1000.0, "overshoot_cost": 35.730069449119775, "power_cost": 35.62343757324219, "noise_cost": 27.98098066584673, "n_waypoints_completed": 0, "tot_waypoints": 9}}
{"target": -2506.9614759120295, "params": {"k_pid_pos": [2.0, 0.0, 0.0], "k_pid_alt": [2.0, 0.0, 0.9421325922012329], "k_pid_att": [100.0, 0.43032824993133545, 1.0], "k_pid_yaw": [0.5, 1e-06, 0.1], "k_pid_hsp": [0.0901283398270607, 0.0, 1.0], "k_pid_vsp": [0.0, 368.9680480957031, 400.0]}, "datetime": {"datetime": "2025-08-13 16:58:46", "elapsed": 25855.017199516296, "delta": 32.700539350509644}, "costs": {"total_cost": 2506.9614759120295, "time_cost": 150, "final_distance_cost": 235.85843273340237, "oscillation_cost": 746.8591144220877, "completition_cost": 1000.0, "overshoot_cost": 311.5903948521086, "power_cost": 34.89034854736328, "noise_cost": 27.76318535706756, "n_waypoints_completed": 0, "tot_waypoints": 9}}
{"target": -2250.3018033786498, "params": {"k_pid_pos": [1.9088916778564453, 0.03698015213012695, 0.0], "k_pid_alt": [1.9539036750793457, 0.0, 0.9326176643371582], "k_pid_att": [100.0, 0.3607828617095947, 0.9701170921325684], "k_pid_yaw": [0.5, 1e-06, 0.1], "k_pid_hsp": [9.999999747378752e-05, 0.0, 1.0], "k_pid_vsp": [0.0, 400.0, 384.666015625]}, "datetime": {"datetime": "2025-08-13 16:59:16", "elapsed": 25884.419020175934, "delta": 29.40182065963745}, "costs": {"total_cost": 2250.3018033786498, "time_cost": 150, "final_distance_cost": 101.82483503262085, "oscillation_cost": 806.2554177514401, "completition_cost": 1000.0, "overshoot_cost": 130.9041059780125, "power_cost": 33.820514489746095, "noise_cost": 27.496930126830044, "n_waypoints_completed": 0, "tot_waypoints": 9}}
{"target": -1786.2899023147875, "params": {"k_pid_pos": [1.8574306964874268, 0.0, 0.05897065997123718], "k_pid_alt": [2.0, 0.0, 0.9696969985961914], "k_pid_att": [100.0, 9.999999747378752e-05, 1.0], "k_pid_yaw": [0.5, 1e-06, 0.1], "k_pid_hsp": [0.8008681535720825, 0.0, 0.9500378370285034], "k_pid_vsp": [0.0, 399.1778259277344, 400.0]}, "datetime": {"datetime": "2025-08-13 16:59:46", "elapsed": 25914.766879320145, "delta": 30.347859144210815}, "costs": {"total_cost": 1786.2899023147875, "time_cost": 150, "final_distance_cost": 50.90511964778084, "oscillation_cost": 497.7732856055235, "completition_cost": 888.8888888888888, "overshoot_cost": 94.37143762438015, "power_cost": 40.22930797119141, "noise_cost": 64.12186257702272, "n_waypoints_completed": 1, "tot_waypoints": 9}}
{"target": -1972.131009696674, "params": {"k_pid_pos": [2.0, 0.009106248617172241, 0.023076385259628296], "k_pid_alt": [1.8918321132659912, 0.0, 0.964431881904602], "k_pid_att": [99.4939193725586, 0.435128778219223, 1.0], "k_pid_yaw": [0.5, 1e-06, 0.1], "k_pid_hsp": [0.5210188031196594, 0.0, 0.9474604725837708], "k_pid_vsp": [28.240467071533203, 368.067626953125, 400.0]}, "datetime": {"datetime": "2025-08-13 17:00:16", "elapsed": 25944.55678653717, "delta": 29.789907217025757}, "costs": {"total_cost": 1972.131009696674, "time_cost": 150, "final_distance_cost": 70.35401227491352, "oscillation_cost": 632.5478147788002, "completition_cost": 777.7777777777778, "overshoot_cost": 189.59874029352562, "power_cost": 42.34301071777344, "noise_cost": 109.5096538538833, "n_waypoints_completed": 2, "tot_waypoints": 9}}
{"target": -2912.4575131535107, "params": {"k_pid_pos": [1.907434105873108, 0.010327786207199097, 0.05295974016189575], "k_pid_alt": [1.9900493621826172, 0.0011245310306549072, 0.9896081686019897], "k_pid_att": [100.0, 0.08511295914649963, 0.9895688891410828], "k_pid_yaw": [0.5, 1e-06, 0.1], "k_pid_hsp": [9.999999747378752e-05, 0.0, 0.9924111366271973], "k_pid_vsp": [0.0, 400.0, 400.0]}, "datetime": {"datetime": "2025-08-13 17:00:45", "elapsed": 25973.879180192947, "delta": 29.322393655776978}, "costs": {"total_cost": 2912.4575131535107, "time_cost": 150, "final_distance_cost": 394.33319550234694, "oscillation_cost": 761.3966109387917, "completition_cost": 888.8888888888888, "overshoot_cost": 657.3671433162202, "power_cost": 33.00684162597656, "noise_cost": 27.46483288128658, "n_waypoints_completed": 1, "tot_waypoints": 9}}
{"target": -2321.9379273519903, "params": {"k_pid_pos": [2.0, 0.0, 0.08596223592758179], "k_pid_alt": [1.9169925451278687, 0.0, 1.0], "k_pid_att": [100.0, 9.999999747378752e-05, 1.0], "k_pid_yaw": [0.5, 1e-06, 0.1], "k_pid_hsp": [9.999999747378752e-05, 0.0, 1.0], "k_pid_vsp": [0.0, 400.0, 382.46063232421875]}, "datetime": {"datetime": "2025-08-13 17:01:15", "elapsed": 26003.771642446518, "delta": 29.892462253570557}, "costs": {"total_cost": 2321.9379273519903, "time_cost": 150, "final_distance_cost": 79.98563571540254, "oscillation_cost": 804.1965859796073, "completition_cost": 1000.0, "overshoot_cost": 221.71795349941888, "power_cost": 37.27811712646484, "noise_cost": 28.75963503109697, "n_waypoints_completed": 0, "tot_waypoints": 9}}
{"target": -4042.802016457046, "params": {"k_pid_pos": [2.0, 0.0, 0.01552090048789978], "k_pid_alt": [2.0, 0.0, 1.0], "k_pid_att": [99.88737487792969, 9.999999747378752e-05, 1.0], "k_pid_yaw": [0.5, 1e-06, 0.1], "k_pid_hsp": [0.136519655585289, 0.0, 0.861153244972229], "k_pid_vsp": [2.3741960525512695, 393.91522216796875, 384.9056701660156]}, "datetime": {"datetime": "2025-08-13 17:01:45", "elapsed": 26033.647785186768, "delta": 29.876142740249634}, "costs": {"total_cost": 4042.802016457046, "time_cost": 150, "final_distance_cost": 776.5172897489665, "oscillation_cost": 801.180436015578, "completition_cost": 1000.0, "overshoot_cost": 1251.4421352026734, "power_cost": 35.31008845214844, "noise_cost": 28.35206703767957, "n_waypoints_completed": 0, "tot_waypoints": 9}}
{"target": -2182.957395437841, "params": {"k_pid_pos": [1.843580722808838, 0.0, 0.03607136011123657], "k_pid_alt": [2.0, 0.0632944107055664, 1.0], "k_pid_att": [97.36652374267578, 9.999999747378752e-05, 1.0], "k_pid_yaw": [0.5, 1e-06, 0.1], "k_pid_hsp": [9.999999747378752e-05, 0.0, 0.9802433848381042], "k_pid_vsp": [32.7071418762207, 385.3907775878906, 398.1614074707031]}, "datetime": {"datetime": "2025-08-13 17:02:14", "elapsed": 26062.904371261597, "delta": 29.2565860748291}, "costs": {"total_cost": 2182.957395437841, "time_cost": 150, "final_distance_cost": 71.89071278197123, "oscillation_cost": 750.1617471950892, "completition_cost": 1000.0, "overshoot_cost": 146.81759994920654, "power_cost": 35.944535083007814, "noise_cost": 28.142800428566037, "n_waypoints_completed": 0, "tot_waypoints": 9}}
{"target": -6231.65266317177, "params": {"k_pid_pos": [2.0, 0.0, 0.10821175575256348], "k_pid_alt": [1.9804883003234863, 0.050340622663497925, 1.0], "k_pid_att": [97.32484436035156, 0.9052491784095764, 1.0], "k_pid_yaw": [0.5, 1e-06, 0.1], "k_pid_hsp": [0.06350142508745193, 8.33272933959961e-05, 0.9912363290786743], "k_pid_vsp": [20.609272003173828, 381.2837829589844, 400.0]}, "datetime": {"datetime": "2025-08-13 17:02:43", "elapsed": 26091.82245206833, "delta": 28.918080806732178}, "costs": {"total_cost": 6231.65266317177, "time_cost": 150, "final_distance_cost": 1375.5176326109922, "oscillation_cost": 760.3743724719673, "completition_cost": 1000.0, "overshoot_cost": 2884.2021208323404, "power_cost": 34.16040040283203, "noise_cost": 27.398136853637986, "n_waypoints_completed": 0, "tot_waypoints": 9}}
{"target": -1950.700087913724, "params": {"k_pid_pos": [1.9623034000396729, 0.08867818117141724, 0.0038214027881622314], "k_pid_alt": [2.0, 0.0, 0.9757257103919983], "k_pid_att": [93.6235580444336, 0.10209087282419205, 1.0], "k_pid_yaw": [0.5, 1e-06, 0.1], "k_pid_hsp": [0.24407188594341278, 0.0, 0.9488065838813782], "k_pid_vsp": [25.67321014404297, 394.914306640625, 388.7001647949219]}, "datetime": {"datetime": "2025-08-13 17:03:13", "elapsed": 26121.339558124542, "delta": 29.51710605621338}, "costs": {"total_cost": 1950.700087913724, "time_cost": 150, "final_distance_cost": 80.61808486997583, "oscillation_cost": 723.5689080386672, "completition_cost": 777.7777777777778, "overshoot_cost": 131.53663783849694, "power_cost": 39.23660653076172, "noise_cost": 47.96207285804446, "n_waypoints_completed": 2, "tot_waypoints": 9}}
{"target": -2147.366220948324, "params": {"k_pid_pos": [2.0, 0.0, 0.08286648988723755], "k_pid_alt": [2.0, 0.04838952422142029, 0.9913324117660522], "k_pid_att": [96.96043395996094, 0.07653414458036423, 1.0], "k_pid_yaw": [0.5, 1e-06, 0.1], "k_pid_hsp": [9.999999747378752e-05, 0.0, 0.9847172498703003], "k_pid_vsp": [14.318346977233887, 400.0, 382.9630432128906]}, "datetime": {"datetime": "2025-08-13 17:03:43", "elapsed": 26152.00503230095, "delta": 30.66547417640686}, "costs": {"total_cost": 2147.366220948324, "time_cost": 150, "final_distance_cost": 45.85261097409822, "oscillation_cost": 800.1260162642654, "completition_cost": 1000.0, "overshoot_cost": 85.91567405477545, "power_cost": 37.22074219970703, "noise_cost": 28.251177455478306, "n_waypoints_completed": 0, "tot_waypoints": 9}}
{"target": -2694.6453958795532, "params": {"k_pid_pos": [2.0, 0.0, 0.06094777584075928], "k_pid_alt": [2.0, 0.0, 1.0], "k_pid_att": [100.0, 9.999999747378752e-05, 0.9625194072723389], "k_pid_yaw": [0.5, 1e-06, 0.1], "k_pid_hsp": [9.999999747378752e-05, 0.05950284004211426, 1.0], "k_pid_vsp": [10.010433197021484, 382.9144592285156, 376.26995849609375]}, "datetime": {"datetime": "2025-08-13 17:04:13", "elapsed": 26181.704079151154, "delta": 29.699046850204468}, "costs": {"total_cost": 2694.6453958795532, "time_cost": 150, "final_distance_cost": 277.8540887678375, "oscillation_cost": 707.2343757224005, "completition_cost": 888.8888888888888, "overshoot_cost": 566.5955655825558, "power_cost": 44.45575548095703, "noise_cost": 59.61672143691378, "n_waypoints_completed": 1, "tot_waypoints": 9}}
{"target": -2159.09036473708, "params": {"k_pid_pos": [1.9755184650421143, 0.0, 0.0], "k_pid_alt": [2.0, 0.0, 0.9755810499191284], "k_pid_att": [97.8040771484375, 0.3140479326248169, 1.0], "k_pid_yaw": [0.5, 1e-06, 0.1], "k_pid_hsp": [9.999999747378752e-05, 0.12390518188476562, 1.0], "k_pid_vsp": [0.0, 400.0, 400.0]}, "datetime": {"datetime": "2025-08-13 17:04:43", "elapsed": 26211.24199986458, "delta": 29.537920713424683}, "costs": {"total_cost": 2159.09036473708, "time_cost": 150, "final_distance_cost": 62.70343205258231, "oscillation_cost": 726.7161922888405, "completition_cost": 1000.0, "overshoot_cost": 155.02806858464658, "power_cost": 36.67147900390625, "noise_cost": 27.971192807104437, "n_waypoints_completed": 0, "tot_waypoints": 9}}
{"target": -3259.0479654822198, "params": {"k_pid_pos": [1.9827278852462769, 0.0, 0.0], "k_pid_alt": [2.0, 0.010184258222579956, 1.0], "k_pid_att": [100.0, 9.999999747378752e-05, 1.0], "k_pid_yaw": [0.5, 1e-06, 0.1], "k_pid_hsp": [9.999999747378752e-05, 0.0322074294090271, 1.0], "k_pid_vsp": [0.0, 382.5537109375, 366.43365478515625]}, "datetime": {"datetime": "2025-08-13 17:05:12", "elapsed": 26240.454704284668, "delta": 29.21270442008972}, "costs": {"total_cost": 3259.0479654822198, "time_cost": 150, "final_distance_cost": 384.3732452679141, "oscillation_cost": 841.2528185366183, "completition_cost": 1000.0, "overshoot_cost": 821.9329417754093, "power_cost": 33.76134342041016, "noise_cost": 27.727616481868218, "n_waypoints_completed": 0, "tot_waypoints": 9}}
{"target": -1999.2580076609079, "params": {"k_pid_pos": [1.9517916440963745, 0.0, 0.0034500062465667725], "k_pid_alt": [2.0, 0.0, 1.0], "k_pid_att": [100.0, 0.13368190824985504, 1.0], "k_pid_yaw": [0.5, 1e-06, 0.1], "k_pid_hsp": [9.999999747378752e-05, 0.0, 0.9443717002868652], "k_pid_vsp": [0.0, 400.0, 400.0]}, "datetime": {"datetime": "2025-08-13 17:05:41", "elapsed": 26269.18700695038, "delta": 28.73230266571045}, "costs": {"total_cost": 1999.2580076609079, "time_cost": 150, "final_distance_cost": 53.18658271543565, "oscillation_cost": 721.6534055947634, "completition_cost": 888.8888888888888, "overshoot_cost": 118.6431998142525, "power_cost": 37.92666197509766, "noise_cost": 28.959268672469676, "n_waypoints_completed": 1, "tot_waypoints": 9}}
{"target": -2139.0454505212188, "params": {"k_pid_pos": [2.0, 0.07144248485565186, 0.0], "k_pid_alt": [1.9765121936798096, 0.0, 0.9437686204910278], "k_pid_att": [100.0, 0.29535698890686035, 1.0], "k_pid_yaw": [0.5, 1e-06, 0.1], "k_pid_hsp": [0.4787607192993164, 0.02563101053237915, 0.9866774082183838], "k_pid_vsp": [0.0, 400.0, 400.0]}, "datetime": {"datetime": "2025-08-13 17:06:09", "elapsed": 26298.031747341156, "delta": 28.844740390777588}, "costs": {"total_cost": 2139.0454505212188, "time_cost": 150, "final_distance_cost": 186.7135083863303, "oscillation_cost": 375.18342212218334, "completition_cost": 1000.0, "overshoot_cost": 361.2151533365164, "power_cost": 36.67122003173828, "noise_cost": 29.26214664445005, "n_waypoints_completed": 0, "tot_waypoints": 9}}
{"target": -3630.4581533473342, "params": {"k_pid_pos": [2.0, 0.09847784042358398, 0.010553121566772461], "k_pid_alt": [1.9876749515533447, 0.0, 1.0], "k_pid_att": [93.0231704711914, 0.4703473150730133, 1.0], "k_pid_yaw": [0.5, 1e-06, 0.1], "k_pid_hsp": [9.999999747378752e-05, 0.0, 0.9380748271942139], "k_pid_vsp": [5.768072605133057, 396.1492614746094, 394.342041015625]}, "datetime": {"datetime": "2025-08-13 17:06:38", "elapsed": 26326.853789806366, "delta": 28.82204246520996}, "costs": {"total_cost": 3630.4581533473342, "time_cost": 150, "final_distance_cost": 451.7953206075662, "oscillation_cost": 747.4413413162986, "completition_cost": 1000.0, "overshoot_cost": 1221.9749448062928, "power_cost": 31.990413305664063, "noise_cost": 27.256133311512755, "n_waypoints_completed": 0, "tot_waypoints": 9}}
{"target": -3888.658459965187, "params": {"k_pid_pos": [1.8927384614944458, 0.02890917658805847, 0.0], "k_pid_alt": [2.0, 0.0, 1.0], "k_pid_att": [100.0, 0.2849539816379547, 0.9434577226638794], "k_pid_yaw": [0.5, 1e-06, 0.1], "k_pid_hsp": [0.4752914607524872, 0.028894126415252686, 1.0], "k_pid_vsp": [22.17397689819336, 385.9348449707031, 367.0714416503906]}, "datetime": {"datetime": "2025-08-13 17:07:07", "elapsed": 26355.72109937668, "delta": 28.8673095703125}, "costs": {"total_cost": 3888.658459965187, "time_cost": 150, "final_distance_cost": 743.154539161709, "oscillation_cost": 736.8940452291768, "completition_cost": 1000.0, "overshoot_cost": 1197.4107032590703, "power_cost": 33.15536687011719, "noise_cost": 28.04380544511409, "n_waypoints_completed": 0, "tot_waypoints": 9}}
{"target": -1885.1332051808026, "params": {"k_pid_pos": [1.8886343240737915, 0.019223839044570923, 0.0], "k_pid_alt": [2.0, 0.0, 1.0], "k_pid_att": [97.26250457763672, 9.999999747378752e-05, 0.9627522826194763], "k_pid_yaw": [0.5, 1e-06, 0.1], "k_pid_hsp": [0.8999775052070618, 0.003666430711746216, 0.9859565496444702], "k_pid_vsp": [0.0, 364.272705078125, 400.0]}, "datetime": {"datetime": "2025-08-13 17:07:35", "elapsed": 26384.02885365486, "delta": 28.307754278182983}, "costs": {"total_cost": 1885.1332051808026, "time_cost": 150, "final_distance_cost": 71.84137710356782, "oscillation_cost": 488.22149481472536, "completition_cost": 888.8888888888888, "overshoot_cost": 219.68183086104565, "power_cost": 36.94681142578125, "noise_cost": 29.55280208679361, "n_waypoints_completed": 1, "tot_waypoints": 9}}
