{"target": -2097.387512376393, "params": {"k_pid_pos": [1.9434256553649902, 0.018038570880889893, 0.0], "k_pid_alt": [2.0, 0.07571819424629211, 1.0], "k_pid_att": [100.0, 0.6852038502693176, 0.908291220664978], "k_pid_yaw": [0.5, 1e-06, 0.1], "k_pid_hsp": [0.04465372860431671, 0.032680392265319824, 1.0], "k_pid_vsp": [0.0, 400.0, 363.5903015136719]}, "datetime": {"datetime": "2025-08-13 12:54:50", "elapsed": 11218.811965703964, "delta": 28.154250860214233}, "costs": {"total_cost": 2097.387512376393, "time_cost": 150, "final_distance_cost": 7.992010428943768, "oscillation_cost": 745.3290875152231, "completition_cost": 1000.0, "overshoot_cost": 91.6904135492169, "power_cost": 39.812586718750005, "noise_cost": 62.56341416425892, "n_waypoints_completed": 0, "tot_waypoints": 9}}
{"target": -1972.8749761640222, "params": {"k_pid_pos": [1.9373339414596558, 0.0, 0.02144715189933777], "k_pid_alt": [2.0, 0.0, 0.9997655153274536], "k_pid_att": [100.0, 0.7296931743621826, 0.9912295341491699], "k_pid_yaw": [0.5, 1e-06, 0.1], "k_pid_hsp": [9.999999747378752e-05, 0.03817737102508545, 1.0], "k_pid_vsp": [23.288869857788086, 377.5589904785156, 400.0]}, "datetime": {"datetime": "2025-08-13 12:55:19", "elapsed": 11247.157046079636, "delta": 28.345080375671387}, "costs": {"total_cost": 1972.8749761640222, "time_cost": 150, "final_distance_cost": 37.97823635925245, "oscillation_cost": 685.1043993026948, "completition_cost": 888.8888888888888, "overshoot_cost": 135.4790242404916, "power_cost": 42.77335649414063, "noise_cost": 32.65107087855399, "n_waypoints_completed": 1, "tot_waypoints": 9}}
{"target": -2594.491712709947, "params": {"k_pid_pos": [1.7991681098937988, 0.0, 0.0], "k_pid_alt": [2.0, 0.029629409313201904, 1.0], "k_pid_att": [100.0, 0.6887672543525696, 0.9881078600883484], "k_pid_yaw": [0.5, 1e-06, 0.1], "k_pid_hsp": [9.999999747378752e-05, 0.0, 0.8971781730651855], "k_pid_vsp": [1.0166406631469727, 372.8846130371094, 395.2232971191406]}, "datetime": {"datetime": "2025-08-13 12:55:47", "elapsed": 11275.624523639679, "delta": 28.467477560043335}, "costs": {"total_cost": 2594.491712709947, "time_cost": 150, "final_distance_cost": 254.1395974659213, "oscillation_cost": 820.9517006261289, "completition_cost": 1000.0, "overshoot_cost": 307.49900845539406, "power_cost": 34.36001960449219, "noise_cost": 27.54138655801017, "n_waypoints_completed": 0, "tot_waypoints": 9}}
{"target": -9328.344253501986, "params": {"k_pid_pos": [2.0, 0.00945425033569336, 0.0], "k_pid_alt": [1.9273979663848877, 0.0, 1.0], "k_pid_att": [100.0, 0.1206757128238678, 1.0], "k_pid_yaw": [0.5, 1e-06, 0.1], "k_pid_hsp": [9.999999747378752e-05, 0.0, 1.0], "k_pid_vsp": [0.0, 372.4311218261719, 397.16790771484375]}, "datetime": {"datetime": "2025-08-13 12:56:15", "elapsed": 11303.836932182312, "delta": 28.212408542633057}, "costs": {"total_cost": 9328.344253501986, "time_cost": 150, "final_distance_cost": 2314.664055101892, "oscillation_cost": 821.130991126493, "completition_cost": 1000.0, "overshoot_cost": 4981.375825541013, "power_cost": 33.50091146240234, "noise_cost": 27.672470270185787, "n_waypoints_completed": 0, "tot_waypoints": 9}}
{"target": -1848.2300926527264, "params": {"k_pid_pos": [2.0, 0.0, 0.0], "k_pid_alt": [1.9943279027938843, 0.0023054778575897217, 1.0], "k_pid_att": [99.04547119140625, 0.026201507076621056, 1.0], "k_pid_yaw": [0.5, 1e-06, 0.1], "k_pid_hsp": [0.6752327084541321, 0.0, 1.0], "k_pid_vsp": [0.14095306396484375, 400.0, 400.0]}, "datetime": {"datetime": "2025-08-13 12:56:43", "elapsed": 11331.966206550598, "delta": 28.129274368286133}, "costs": {"total_cost": 1848.2300926527264, "time_cost": 150, "final_distance_cost": 43.11580017420016, "oscillation_cost": 411.35463577205957, "completition_cost": 1000.0, "overshoot_cost": 143.98881622229896, "power_cost": 39.80706923828125, "noise_cost": 59.96377124588642, "n_waypoints_completed": 0, "tot_waypoints": 9}}
{"target": -2047.9773892385929, "params": {"k_pid_pos": [2.0, 0.0, 0.08903235197067261], "k_pid_alt": [2.0, 0.0, 0.9611809253692627], "k_pid_att": [92.80713653564453, 0.4300302565097809, 1.0], "k_pid_yaw": [0.5, 1e-06, 0.1], "k_pid_hsp": [0.3648761510848999, 0.0, 0.9977046251296997], "k_pid_vsp": [0.0, 399.8342590332031, 400.0]}, "datetime": {"datetime": "2025-08-13 12:57:11", "elapsed": 11359.73950600624, "delta": 27.7732994556427}, "costs": {"total_cost": 2047.9773892385929, "time_cost": 150, "final_distance_cost": 2.3069394542460735, "oscillation_cost": 612.5738704212986, "completition_cost": 1000.0, "overshoot_cost": 155.0233032725751, "power_cost": 42.84969256591797, "noise_cost": 85.22358352455521, "n_waypoints_completed": 0, "tot_waypoints": 9}}
{"target": -2073.719230919532, "params": {"k_pid_pos": [2.0, 0.0, 0.15331962704658508], "k_pid_alt": [1.9358842372894287, 0.0, 1.0], "k_pid_att": [94.68368530273438, 0.2992905378341675, 1.0], "k_pid_yaw": [0.5, 1e-06, 0.1], "k_pid_hsp": [0.19053642451763153, 0.0, 0.9986996650695801], "k_pid_vsp": [0.0, 400.0, 400.0]}, "datetime": {"datetime": "2025-08-13 12:57:40", "elapsed": 11388.20072388649, "delta": 28.461217880249023}, "costs": {"total_cost": 2073.719230919532, "time_cost": 150, "final_distance_cost": 62.25299217895351, "oscillation_cost": 800.0995882391372, "completition_cost": 888.8888888888888, "overshoot_cost": 106.15614022531341, "power_cost": 37.90672684326172, "noise_cost": 28.41489454397732, "n_waypoints_completed": 1, "tot_waypoints": 9}}
{"target": -4365.2583295456525, "params": {"k_pid_pos": [1.9251006841659546, 0.0, 0.05021071434020996], "k_pid_alt": [2.0, 0.0, 0.980659544467926], "k_pid_att": [93.50856018066406, 9.999999747378752e-05, 1.0], "k_pid_yaw": [0.5, 1e-06, 0.1], "k_pid_hsp": [0.15907979011535645, 0.028875261545181274, 0.9741921424865723], "k_pid_vsp": [0.0, 374.6986999511719, 387.4150695800781]}, "datetime": {"datetime": "2025-08-13 12:58:08", "elapsed": 11416.31646323204, "delta": 28.115739345550537}, "costs": {"total_cost": 4365.2583295456525, "time_cost": 150, "final_distance_cost": 1128.5650734739133, "oscillation_cost": 743.3245468854134, "completition_cost": 1000.0, "overshoot_cost": 1284.6080156191058, "power_cost": 31.878505175781253, "noise_cost": 26.882188391438522, "n_waypoints_completed": 0, "tot_waypoints": 9}}
{"target": -3130.516572252423, "params": {"k_pid_pos": [1.8650625944137573, 0.0, 0.0], "k_pid_alt": [1.9782452583312988, 0.0, 1.0], "k_pid_att": [100.0, 0.9104469418525696, 0.982406497001648], "k_pid_yaw": [0.5, 1e-06, 0.1], "k_pid_hsp": [0.45380958914756775, 0.0, 1.0], "k_pid_vsp": [26.091527938842773, 387.6747131347656, 400.0]}, "datetime": {"datetime": "2025-08-13 12:58:36", "elapsed": 11444.88388133049, "delta": 28.567418098449707}, "costs": {"total_cost": 3130.516572252423, "time_cost": 150, "final_distance_cost": 418.85615488453647, "oscillation_cost": 856.1696198185471, "completition_cost": 1000.0, "overshoot_cost": 644.3003679114498, "power_cost": 33.471448693847655, "noise_cost": 27.718980944041288, "n_waypoints_completed": 0, "tot_waypoints": 9}}
{"target": -6238.7693958780565, "params": {"k_pid_pos": [2.0, 0.0, 0.0], "k_pid_alt": [2.0, 0.10098335146903992, 0.8974561095237732], "k_pid_att": [98.98338317871094, 0.46552446484565735, 1.0], "k_pid_yaw": [0.5, 1e-06, 0.1], "k_pid_hsp": [9.999999747378752e-05, 0.02151694893836975, 1.0], "k_pid_vsp": [0.0, 374.8885192871094, 400.0]}, "datetime": {"datetime": "2025-08-13 12:59:05", "elapsed": 11473.228146791458, "delta": 28.344265460968018}, "costs": {"total_cost": 6238.7693958780565, "time_cost": 150, "final_distance_cost": 1765.342303477062, "oscillation_cost": 781.4218084734191, "completition_cost": 1000.0, "overshoot_cost": 2482.9630684050626, "power_cost": 32.20715321044922, "noise_cost": 26.835062312063723, "n_waypoints_completed": 0, "tot_waypoints": 9}}
{"target": -4185.738498026144, "params": {"k_pid_pos": [1.9269062280654907, 0.0, 0.019850581884384155], "k_pid_alt": [1.9418096542358398, 0.0, 0.9865403175354004], "k_pid_att": [95.08370971679688, 9.999999747378752e-05, 0.9611344933509827], "k_pid_yaw": [0.5, 1e-06, 0.1], "k_pid_hsp": [9.999999747378752e-05, 0.0, 0.9618521928787231], "k_pid_vsp": [0.0, 400.0, 380.28985595703125]}, "datetime": {"datetime": "2025-08-13 12:59:33", "elapsed": 11501.721857786179, "delta": 28.49371099472046}, "costs": {"total_cost": 4185.738498026144, "time_cost": 150, "final_distance_cost": 745.3048267255718, "oscillation_cost": 710.063122787901, "completition_cost": 1000.0, "overshoot_cost": 1521.640573693772, "power_cost": 31.73052615966797, "noise_cost": 26.999448659231245, "n_waypoints_completed": 0, "tot_waypoints": 9}}
{"target": -2355.3649605642954, "params": {"k_pid_pos": [2.0, 0.0, 0.027620017528533936], "k_pid_alt": [2.0, 0.0028614699840545654, 1.0], "k_pid_att": [100.0, 9.999999747378752e-05, 0.9750988483428955], "k_pid_yaw": [0.5, 1e-06, 0.1], "k_pid_hsp": [0.15270334482192993, 0.0, 0.9471866488456726], "k_pid_vsp": [0.0, 400.0, 398.4140319824219]}, "datetime": {"datetime": "2025-08-13 13:00:02", "elapsed": 11530.188000440598, "delta": 28.466142654418945}, "costs": {"total_cost": 2355.3649605642954, "time_cost": 150, "final_distance_cost": 55.32478831807488, "oscillation_cost": 724.4913403112258, "completition_cost": 1000.0, "overshoot_cost": 358.4871331522234, "power_cost": 38.13356687011719, "noise_cost": 28.92813191265388, "n_waypoints_completed": 0, "tot_waypoints": 9}}
{"target": -2742.1419726320437, "params": {"k_pid_pos": [2.0, 0.0, 0.0], "k_pid_alt": [2.0, 0.0, 0.9843844175338745], "k_pid_att": [89.63606262207031, 0.04391225427389145, 1.0], "k_pid_yaw": [0.5, 1e-06, 0.1], "k_pid_hsp": [1.056586503982544, 0.04648864269256592, 1.0], "k_pid_vsp": [2.7422308921813965, 400.0, 400.0]}, "datetime": {"datetime": "2025-08-13 13:00:30", "elapsed": 11558.884897947311, "delta": 28.696897506713867}, "costs": {"total_cost": 2742.1419726320437, "time_cost": 150, "final_distance_cost": 741.6633242850569, "oscillation_cost": 518.0992736125696, "completition_cost": 777.7777777777778, "overshoot_cost": 475.95668399648815, "power_cost": 35.882045727539065, "noise_cost": 42.76286723261178, "n_waypoints_completed": 2, "tot_waypoints": 9}}
{"target": -2152.9437603375595, "params": {"k_pid_pos": [1.936306118965149, 0.022425562143325806, 0.0], "k_pid_alt": [1.9828962087631226, 0.0, 0.9467345476150513], "k_pid_att": [99.1843490600586, 9.999999747378752e-05, 0.9244978427886963], "k_pid_yaw": [0.5, 1e-06, 0.1], "k_pid_hsp": [9.999999747378752e-05, 0.04752829670906067, 1.0], "k_pid_vsp": [0.0, 389.47821044921875, 400.0]}, "datetime": {"datetime": "2025-08-13 13:00:59", "elapsed": 11587.080141067505, "delta": 28.19524312019348}, "costs": {"total_cost": 2152.9437603375595, "time_cost": 150, "final_distance_cost": 45.96687159695372, "oscillation_cost": 787.1604504579711, "completition_cost": 1000.0, "overshoot_cost": 102.70480732275308, "power_cost": 38.26883444824219, "noise_cost": 28.842796511639364, "n_waypoints_completed": 0, "tot_waypoints": 9}}
{"target": -4306.531337787192, "params": {"k_pid_pos": [1.925362229347229, 0.00973924994468689, 0.0], "k_pid_alt": [2.0, 0.02890944480895996, 0.9558908939361572], "k_pid_att": [92.90120697021484, 9.999999747378752e-05, 1.0], "k_pid_yaw": [0.5, 1e-06, 0.1], "k_pid_hsp": [9.999999747378752e-05, 0.01305052638053894, 1.0], "k_pid_vsp": [10.200738906860352, 400.0, 384.2222595214844]}, "datetime": {"datetime": "2025-08-13 13:01:27", "elapsed": 11615.515696048737, "delta": 28.43555498123169}, "costs": {"total_cost": 4306.531337787192, "time_cost": 150, "final_distance_cost": 771.4265658334798, "oscillation_cost": 706.8893399845256, "completition_cost": 888.8888888888888, "overshoot_cost": 1726.577460973146, "power_cost": 34.64682807617188, "noise_cost": 28.102254030979775, "n_waypoints_completed": 1, "tot_waypoints": 9}}
{"target": -2153.4510293403805, "params": {"k_pid_pos": [2.0, 0.0, 0.0], "k_pid_alt": [2.0, 0.0, 0.9178269505500793], "k_pid_att": [99.01611328125, 9.999999747378752e-05, 0.9885870218276978], "k_pid_yaw": [0.5, 1e-06, 0.1], "k_pid_hsp": [9.999999747378752e-05, 0.0922892689704895, 1.0], "k_pid_vsp": [0.0, 358.12744140625, 398.48980712890625]}, "datetime": {"datetime": "2025-08-13 13:01:56", "elapsed": 11644.708637237549, "delta": 29.192941188812256}, "costs": {"total_cost": 2153.4510293403805, "time_cost": 150, "final_distance_cost": 43.63382155138757, "oscillation_cost": 756.5272223579914, "completition_cost": 1000.0, "overshoot_cost": 134.207148482995, "power_cost": 40.159218786621096, "noise_cost": 28.92361816138543, "n_waypoints_completed": 0, "tot_waypoints": 9}}
{"target": -2188.50616068509, "params": {"k_pid_pos": [1.8602296113967896, 0.016063153743743896, 0.06194990873336792], "k_pid_alt": [1.8963234424591064, 0.0, 1.0], "k_pid_att": [100.0, 0.3378022313117981, 1.0], "k_pid_yaw": [0.5, 1e-06, 0.1], "k_pid_hsp": [0.20879821479320526, 0.05088251829147339, 0.9189992547035217], "k_pid_vsp": [0.5421996116638184, 400.0, 400.0]}, "datetime": {"datetime": "2025-08-13 13:02:24", "elapsed": 11672.77385544777, "delta": 28.065218210220337}, "costs": {"total_cost": 2188.50616068509, "time_cost": 150, "final_distance_cost": 87.66682126544863, "oscillation_cost": 659.7367314636542, "completition_cost": 1000.0, "overshoot_cost": 222.55591139178014, "power_cost": 39.21378720703125, "noise_cost": 29.33290935717586, "n_waypoints_completed": 0, "tot_waypoints": 9}}
{"target": -2164.383565006833, "params": {"k_pid_pos": [2.0, 0.0, 0.0], "k_pid_alt": [1.8697102069854736, 0.12686866521835327, 1.0], "k_pid_att": [98.22281646728516, 0.3808414041996002, 0.9597729444503784], "k_pid_yaw": [0.5, 1e-06, 0.1], "k_pid_hsp": [9.999999747378752e-05, 0.0, 1.0], "k_pid_vsp": [18.16341781616211, 400.0, 400.0]}, "datetime": {"datetime": "2025-08-13 13:02:52", "elapsed": 11700.760542869568, "delta": 27.986687421798706}, "costs": {"total_cost": 2164.383565006833, "time_cost": 150, "final_distance_cost": 50.80811997017934, "oscillation_cost": 799.5519162007499, "completition_cost": 1000.0, "overshoot_cost": 87.89500098475055, "power_cost": 39.72952009277344, "noise_cost": 36.39900775837982, "n_waypoints_completed": 0, "tot_waypoints": 9}}
{"target": -2200.4126180460903, "params": {"k_pid_pos": [1.8174575567245483, 0.0, 0.0], "k_pid_alt": [1.914772391319275, 0.03869926929473877, 0.9738345742225647], "k_pid_att": [97.48651885986328, 0.41788116097450256, 1.0], "k_pid_yaw": [0.5, 1e-06, 0.1], "k_pid_hsp": [1.8049957752227783, 0.07698273658752441, 0.8995727300643921], "k_pid_vsp": [22.969985961914062, 372.5323181152344, 398.33935546875]}, "datetime": {"datetime": "2025-08-13 13:03:21", "elapsed": 11729.829966068268, "delta": 29.06942319869995}, "costs": {"total_cost": 2200.4126180460903, "time_cost": 150, "final_distance_cost": 1.0000085669014134, "oscillation_cost": 748.4798168553967, "completition_cost": 1000.0, "overshoot_cost": 144.17377166689897, "power_cost": 47.64157606201172, "noise_cost": 109.11744489488142, "n_waypoints_completed": 0, "tot_waypoints": 9}}
{"target": -2110.5296974995667, "params": {"k_pid_pos": [2.0, 0.06980055570602417, 0.0], "k_pid_alt": [2.0, 0.0, 0.9470891952514648], "k_pid_att": [96.39250183105469, 0.007546035572886467, 1.0], "k_pid_yaw": [0.5, 1e-06, 0.1], "k_pid_hsp": [9.999999747378752e-05, 0.09424814581871033, 1.0], "k_pid_vsp": [5.2043914794921875, 400.0, 400.0]}, "datetime": {"datetime": "2025-08-13 13:03:50", "elapsed": 11758.438219547272, "delta": 28.608253479003906}, "costs": {"total_cost": 2110.5296974995667, "time_cost": 150, "final_distance_cost": 64.49208747651784, "oscillation_cost": 749.8508713437471, "completition_cost": 1000.0, "overshoot_cost": 68.43744139637316, "power_cost": 39.241026269531254, "noise_cost": 38.508271013397504, "n_waypoints_completed": 0, "tot_waypoints": 9}}
{"target": -2243.0543009575463, "params": {"k_pid_pos": [1.9088160991668701, 0.0, 0.07662850618362427], "k_pid_alt": [2.0, 0.0, 0.9821394681930542], "k_pid_att": [97.64321899414062, 0.3780689239501953, 0.994621753692627], "k_pid_yaw": [0.5, 1e-06, 0.1], "k_pid_hsp": [9.999999747378752e-05, 0.0, 1.0], "k_pid_vsp": [0.0, 400.0, 400.0]}, "datetime": {"datetime": "2025-08-13 13:04:18", "elapsed": 11786.672898769379, "delta": 28.234679222106934}, "costs": {"total_cost": 2243.0543009575463, "time_cost": 150, "final_distance_cost": 62.018351799536084, "oscillation_cost": 803.9064767919984, "completition_cost": 1000.0, "overshoot_cost": 162.6469274748532, "power_cost": 36.098923193359376, "noise_cost": 28.383621697798876, "n_waypoints_completed": 0, "tot_waypoints": 9}}
{"target": -7097.016752471357, "params": {"k_pid_pos": [2.0, 0.0, 0.0], "k_pid_alt": [2.0, 0.0, 0.9821103811264038], "k_pid_att": [96.62387084960938, 0.8391748070716858, 1.0], "k_pid_yaw": [0.5, 1e-06, 0.1], "k_pid_hsp": [0.3056175112724304, 0.00732836127281189, 1.0], "k_pid_vsp": [22.630823135375977, 361.1089172363281, 400.0]}, "datetime": {"datetime": "2025-08-13 13:04:47", "elapsed": 11815.215746164322, "delta": 28.542847394943237}, "costs": {"total_cost": 7097.016752471357, "time_cost": 150, "final_distance_cost": 1913.6225730617589, "oscillation_cost": 778.2083674849841, "completition_cost": 1000.0, "overshoot_cost": 3196.029395894829, "power_cost": 31.93472995605469, "noise_cost": 27.22168607373015, "n_waypoints_completed": 0, "tot_waypoints": 9}}
{"target": -3717.530448175147, "params": {"k_pid_pos": [2.0, 0.10459041595458984, 0.0], "k_pid_alt": [1.983766794204712, 0.0, 0.9748753309249878], "k_pid_att": [96.38079071044922, 9.999999747378752e-05, 0.9729067087173462], "k_pid_yaw": [0.5, 1e-06, 0.1], "k_pid_hsp": [9.999999747378752e-05, 0.0030312538146972656, 0.9868600964546204], "k_pid_vsp": [0.0, 393.698486328125, 391.2829895019531]}, "datetime": {"datetime": "2025-08-13 13:05:15", "elapsed": 11843.946139335632, "delta": 28.730393171310425}, "costs": {"total_cost": 3717.530448175147, "time_cost": 150, "final_distance_cost": 686.6232188158576, "oscillation_cost": 817.0388009380199, "completition_cost": 888.8888888888888, "overshoot_cost": 1111.720396359192, "power_cost": 35.08601452636719, "noise_cost": 28.17312864682119, "n_waypoints_completed": 1, "tot_waypoints": 9}}
{"target": -3216.6868344427585, "params": {"k_pid_pos": [1.9128015041351318, 0.0, 0.0], "k_pid_alt": [1.9067740440368652, 0.019131124019622803, 0.9596510529518127], "k_pid_att": [99.86174011230469, 0.024235466495156288, 1.0], "k_pid_yaw": [0.5, 1e-06, 0.1], "k_pid_hsp": [9.999999747378752e-05, 0.0, 0.9485580921173096], "k_pid_vsp": [0.0, 378.90252685546875, 400.0]}, "datetime": {"datetime": "2025-08-13 13:05:44", "elapsed": 11872.451283693314, "delta": 28.505144357681274}, "costs": {"total_cost": 3216.6868344427585, "time_cost": 150, "final_distance_cost": 500.537637406029, "oscillation_cost": 738.8474922223058, "completition_cost": 1000.0, "overshoot_cost": 765.6881281491171, "power_cost": 34.0226232421875, "noise_cost": 27.59095342311953, "n_waypoints_completed": 0, "tot_waypoints": 9}}
{"target": -4027.099454050104, "params": {"k_pid_pos": [1.9279429912567139, 0.0, 0.0], "k_pid_alt": [1.862776517868042, 0.0, 0.9926462769508362], "k_pid_att": [100.0, 0.14244042336940765, 1.0], "k_pid_yaw": [0.5, 1e-06, 0.1], "k_pid_hsp": [9.999999747378752e-05, 0.008628755807876587, 1.0], "k_pid_vsp": [0.0, 375.9720764160156, 396.5751037597656]}, "datetime": {"datetime": "2025-08-13 13:06:14", "elapsed": 11902.322302818298, "delta": 29.87101912498474}, "costs": {"total_cost": 4027.099454050104, "time_cost": 150, "final_distance_cost": 539.9834232636107, "oscillation_cost": 798.0112593046094, "completition_cost": 1000.0, "overshoot_cost": 1474.0927109472568, "power_cost": 36.59292941894532, "noise_cost": 28.419131115681722, "n_waypoints_completed": 0, "tot_waypoints": 9}}
{"target": -2783.99064479253, "params": {"k_pid_pos": [2.0, 0.0, 0.031891971826553345], "k_pid_alt": [2.0, 0.1339828372001648, 0.9919017553329468], "k_pid_att": [100.0, 0.7121537923812866, 0.9688676595687866], "k_pid_yaw": [0.5, 1e-06, 0.1], "k_pid_hsp": [9.999999747378752e-05, 0.06455901265144348, 1.0], "k_pid_vsp": [0.0, 400.0, 400.0]}, "datetime": {"datetime": "2025-08-13 13:06:47", "elapsed": 11935.679128408432, "delta": 33.35682559013367}, "costs": {"total_cost": 2783.99064479253, "time_cost": 150, "final_distance_cost": 504.57693166828784, "oscillation_cost": 774.9309385130553, "completition_cost": 1000.0, "overshoot_cost": 289.39636745269644, "power_cost": 36.951757556152344, "noise_cost": 28.134649602338254, "n_waypoints_completed": 0, "tot_waypoints": 9}}
{"target": -2227.492827242183, "params": {"k_pid_pos": [1.9589096307754517, 0.0861884355545044, 0.041321009397506714], "k_pid_alt": [1.969770073890686, 0.043084144592285156, 1.0], "k_pid_att": [99.6296615600586, 0.6130939722061157, 0.8997997641563416], "k_pid_yaw": [0.5, 1e-06, 0.1], "k_pid_hsp": [9.999999747378752e-05, 0.0437278151512146, 1.0], "k_pid_vsp": [22.034013748168945, 400.0, 400.0]}, "datetime": {"datetime": "2025-08-13 13:07:16", "elapsed": 11964.619350671768, "delta": 28.94022226333618}, "costs": {"total_cost": 2227.492827242183, "time_cost": 150, "final_distance_cost": 122.80843626477535, "oscillation_cost": 821.8382551482428, "completition_cost": 1000.0, "overshoot_cost": 65.37584015167418, "power_cost": 38.75016081542969, "noise_cost": 28.720134862060966, "n_waypoints_completed": 0, "tot_waypoints": 9}}
