{"target": -3260.1168082667054, "params": {"k_pid_pos": [1.9453781843185425, 0.0, 0.0760846734046936], "k_pid_alt": [1.9149534702301025, 0.04735904932022095, 1.0], "k_pid_att": [99.31586456298828, 0.02121950127184391, 0.9998342990875244], "k_pid_yaw": [0.5, 1e-06, 0.1], "k_pid_hsp": [0.549500048160553, 0.02478080987930298, 0.9978494048118591], "k_pid_vsp": [0.0, 400.0, 400.0]}, "datetime": {"datetime": "2025-08-13 18:39:57", "elapsed": 31925.959337472916, "delta": 28.75172448158264}, "costs": {"total_cost": 3260.1168082667054, "time_cost": 150, "final_distance_cost": 452.9726795011482, "oscillation_cost": 544.3127946475264, "completition_cost": 1000.0, "overshoot_cost": 1047.1133983053603, "power_cost": 36.35868677978516, "noise_cost": 29.359249032885025, "n_waypoints_completed": 0, "tot_waypoints": 9}}
{"target": -6452.517145311233, "params": {"k_pid_pos": [2.0, 0.0, 0.0], "k_pid_alt": [2.0, 0.06297630071640015, 1.0], "k_pid_att": [100.0, 0.30141663551330566, 1.0], "k_pid_yaw": [0.5, 1e-06, 0.1], "k_pid_hsp": [0.6831698417663574, 0.0, 0.9518468976020813], "k_pid_vsp": [0.0, 400.0, 400.0]}, "datetime": {"datetime": "2025-08-13 18:40:27", "elapsed": 31955.118980884552, "delta": 29.159643411636353}, "costs": {"total_cost": 6452.517145311233, "time_cost": 150, "final_distance_cost": 1386.0646573557765, "oscillation_cost": 748.1117816220491, "completition_cost": 1000.0, "overshoot_cost": 3107.15167320745, "power_cost": 33.153407910156254, "noise_cost": 28.03562521580115, "n_waypoints_completed": 0, "tot_waypoints": 9}}
{"target": -3386.4321114823856, "params": {"k_pid_pos": [1.968725323677063, 0.0, 0.012576878070831299], "k_pid_alt": [1.9771380424499512, 0.0, 1.0], "k_pid_att": [96.67057800292969, 9.999999747378752e-05, 0.968505859375], "k_pid_yaw": [0.5, 1e-06, 0.1], "k_pid_hsp": [0.452261358499527, 0.0, 0.9452799558639526], "k_pid_vsp": [0.0, 360.2151794433594, 400.0]}, "datetime": {"datetime": "2025-08-13 18:40:55", "elapsed": 31983.94571685791, "delta": 28.826735973358154}, "costs": {"total_cost": 3386.4321114823856, "time_cost": 150, "final_distance_cost": 592.7976973638131, "oscillation_cost": 491.47941525755573, "completition_cost": 1000.0, "overshoot_cost": 1087.295614758868, "power_cost": 36.1157310913086, "noise_cost": 28.74365301084044, "n_waypoints_completed": 0, "tot_waypoints": 9}}
{"target": -2564.58567025842, "params": {"k_pid_pos": [1.9139862060546875, 0.00807654857635498, 0.0], "k_pid_alt": [1.959787130355835, 0.06330332159996033, 1.0], "k_pid_att": [99.07648468017578, 0.023131301626563072, 1.0], "k_pid_yaw": [0.5, 1e-06, 0.1], "k_pid_hsp": [9.999999747378752e-05, 0.0, 1.0], "k_pid_vsp": [10.177743911743164, 400.0, 397.80010986328125]}, "datetime": {"datetime": "2025-08-13 18:41:25", "elapsed": 32013.301554441452, "delta": 29.35583758354187}, "costs": {"total_cost": 2564.58567025842, "time_cost": 150, "final_distance_cost": 251.04428088911686, "oscillation_cost": 854.9576874001469, "completition_cost": 1000.0, "overshoot_cost": 247.21207821821437, "power_cost": 33.762288830566405, "noise_cost": 27.609334920375762, "n_waypoints_completed": 0, "tot_waypoints": 9}}
{"target": -2100.28391062902, "params": {"k_pid_pos": [2.0, 0.0, 0.0], "k_pid_alt": [2.0, 0.010150879621505737, 1.0], "k_pid_att": [100.0, 0.009710258804261684, 0.975679874420166], "k_pid_yaw": [0.5, 1e-06, 0.1], "k_pid_hsp": [0.3879310190677643, 0.03251984715461731, 0.9357966184616089], "k_pid_vsp": [25.522254943847656, 400.0, 389.8526611328125]}, "datetime": {"datetime": "2025-08-13 18:41:54", "elapsed": 32042.96182322502, "delta": 29.660268783569336}, "costs": {"total_cost": 2100.28391062902, "time_cost": 150, "final_distance_cost": 45.11332542263225, "oscillation_cost": 645.8636118556961, "completition_cost": 1000.0, "overshoot_cost": 192.31987755131638, "power_cost": 37.98013972167969, "noise_cost": 29.006956077694966, "n_waypoints_completed": 0, "tot_waypoints": 9}}
{"target": -6233.703674639903, "params": {"k_pid_pos": [2.0, 0.0, 0.02315056324005127], "k_pid_alt": [1.9762344360351562, 0.0, 0.9573075175285339], "k_pid_att": [100.0, 0.6166582703590393, 1.0], "k_pid_yaw": [0.5, 1e-06, 0.1], "k_pid_hsp": [9.999999747378752e-05, 0.0, 1.0], "k_pid_vsp": [0.0, 381.70037841796875, 370.2824401855469]}, "datetime": {"datetime": "2025-08-13 18:42:23", "elapsed": 32071.770631551743, "delta": 28.80880832672119}, "costs": {"total_cost": 6233.703674639903, "time_cost": 150, "final_distance_cost": 1774.650113825434, "oscillation_cost": 687.842368968126, "completition_cost": 1000.0, "overshoot_cost": 2558.3386670323216, "power_cost": 34.813134423828124, "noise_cost": 28.059390390192416, "n_waypoints_completed": 0, "tot_waypoints": 9}}
{"target": -2760.746609016962, "params": {"k_pid_pos": [1.9982987642288208, 0.0, 0.03309890627861023], "k_pid_alt": [2.0, 0.0, 1.0], "k_pid_att": [97.31092834472656, 9.999999747378752e-05, 1.0], "k_pid_yaw": [0.5, 1e-06, 0.1], "k_pid_hsp": [0.16788211464881897, 0.0, 1.0], "k_pid_vsp": [0.0, 378.4552001953125, 392.1004638671875]}, "datetime": {"datetime": "2025-08-13 18:42:52", "elapsed": 32100.636026620865, "delta": 28.865395069122314}, "costs": {"total_cost": 2760.746609016962, "time_cost": 150, "final_distance_cost": 334.2180372852656, "oscillation_cost": 873.8335351165408, "completition_cost": 1000.0, "overshoot_cost": 344.7825630483133, "power_cost": 31.317989611816408, "noise_cost": 26.594483955025616, "n_waypoints_completed": 0, "tot_waypoints": 9}}
{"target": -2183.793834627646, "params": {"k_pid_pos": [1.846806287765503, 0.0, 0.0], "k_pid_alt": [1.950738787651062, 0.010208487510681152, 0.9805629253387451], "k_pid_att": [96.83965301513672, 9.999999747378752e-05, 1.0], "k_pid_yaw": [0.5, 1e-06, 0.1], "k_pid_hsp": [9.999999747378752e-05, 0.013093441724777222, 0.9681304097175598], "k_pid_vsp": [0.0, 354.5487365722656, 397.65191650390625]}, "datetime": {"datetime": "2025-08-13 18:43:21", "elapsed": 32129.889201164246, "delta": 29.253174543380737}, "costs": {"total_cost": 2183.793834627646, "time_cost": 150, "final_distance_cost": 56.57641290672902, "oscillation_cost": 802.6280351074499, "completition_cost": 1000.0, "overshoot_cost": 110.6629506304246, "power_cost": 35.86743784179688, "noise_cost": 28.058998141245272, "n_waypoints_completed": 0, "tot_waypoints": 9}}
{"target": -1733.6447190937636, "params": {"k_pid_pos": [2.0, 0.0, 0.049494147300720215], "k_pid_alt": [2.0, 0.029782414436340332, 0.9538414478302002], "k_pid_att": [100.0, 0.09654560685157776, 1.0], "k_pid_yaw": [0.5, 1e-06, 0.1], "k_pid_hsp": [0.8955808281898499, 0.0, 0.9603896737098694], "k_pid_vsp": [10.292852401733398, 400.0, 400.0]}, "datetime": {"datetime": "2025-08-13 18:43:51", "elapsed": 32159.246083021164, "delta": 29.356881856918335}, "costs": {"total_cost": 1733.6447190937636, "time_cost": 150, "final_distance_cost": 51.346391236099976, "oscillation_cost": 396.3792291568331, "completition_cost": 888.8888888888888, "overshoot_cost": 180.59267664392792, "power_cost": 36.840694482421874, "noise_cost": 29.596838685591823, "n_waypoints_completed": 1, "tot_waypoints": 9}}
{"target": -9795.774280774589, "params": {"k_pid_pos": [2.0, 0.08044406771659851, 0.0], "k_pid_alt": [1.892276406288147, 0.0, 1.0], "k_pid_att": [99.99414825439453, 0.2863245904445648, 1.0], "k_pid_yaw": [0.5, 1e-06, 0.1], "k_pid_hsp": [9.999999747378752e-05, 0.0035777688026428223, 0.9426922798156738], "k_pid_vsp": [16.14280891418457, 380.50579833984375, 398.7856750488281]}, "datetime": {"datetime": "2025-08-13 18:44:20", "elapsed": 32188.70293521881, "delta": 29.456852197647095}, "costs": {"total_cost": 9795.774280774589, "time_cost": 150, "final_distance_cost": 2741.626199780057, "oscillation_cost": 743.356866906519, "completition_cost": 1000.0, "overshoot_cost": 5102.274789323365, "power_cost": 31.464665087890626, "noise_cost": 27.051759676754386, "n_waypoints_completed": 0, "tot_waypoints": 9}}
{"target": -2199.21217813265, "params": {"k_pid_pos": [1.9648619890213013, 0.02391722798347473, 0.006380796432495117], "k_pid_alt": [2.0, 0.0, 1.0], "k_pid_att": [93.9213638305664, 9.999999747378752e-05, 0.9274626970291138], "k_pid_yaw": [0.5, 1e-06, 0.1], "k_pid_hsp": [9.999999747378752e-05, 0.0, 1.0], "k_pid_vsp": [0.5441784858703613, 397.326171875, 400.0]}, "datetime": {"datetime": "2025-08-13 18:44:50", "elapsed": 32218.277725934982, "delta": 29.574790716171265}, "costs": {"total_cost": 2199.21217813265, "time_cost": 150, "final_distance_cost": 44.791091568584456, "oscillation_cost": 752.8259027860264, "completition_cost": 1000.0, "overshoot_cost": 141.92096155495238, "power_cost": 41.00304013671875, "noise_cost": 68.67118208636815, "n_waypoints_completed": 0, "tot_waypoints": 9}}
{"target": -2269.737286369254, "params": {"k_pid_pos": [2.0, 0.0, 0.0], "k_pid_alt": [1.9243135452270508, 0.0, 0.9378881454467773], "k_pid_att": [98.47465515136719, 9.999999747378752e-05, 0.9335039258003235], "k_pid_yaw": [0.5, 1e-06, 0.1], "k_pid_hsp": [9.999999747378752e-05, 0.05915409326553345, 1.0], "k_pid_vsp": [20.709646224975586, 400.0, 400.0]}, "datetime": {"datetime": "2025-08-13 18:45:18", "elapsed": 32246.717064619064, "delta": 28.43933868408203}, "costs": {"total_cost": 2269.737286369254, "time_cost": 150, "final_distance_cost": 56.828769091630974, "oscillation_cost": 864.8407981030649, "completition_cost": 1000.0, "overshoot_cost": 132.30320534397293, "power_cost": 37.17657309570313, "noise_cost": 28.587940734881986, "n_waypoints_completed": 0, "tot_waypoints": 9}}
{"target": -2694.4880624050443, "params": {"k_pid_pos": [2.0, 0.01838669180870056, 0.0], "k_pid_alt": [1.7313883304595947, 0.0920255184173584, 1.0], "k_pid_att": [100.0, 0.08835839480161667, 0.9495700001716614], "k_pid_yaw": [0.5, 1e-06, 0.1], "k_pid_hsp": [9.999999747378752e-05, 0.0, 1.0], "k_pid_vsp": [47.410247802734375, 373.0425109863281, 380.5107116699219]}, "datetime": {"datetime": "2025-08-13 18:45:47", "elapsed": 32275.825567483902, "delta": 29.108502864837646}, "costs": {"total_cost": 2694.4880624050443, "time_cost": 150, "final_distance_cost": 118.87433629104865, "oscillation_cost": 751.9404385896759, "completition_cost": 1000.0, "overshoot_cost": 609.7062780561627, "power_cost": 35.95851569824219, "noise_cost": 28.00849376991488, "n_waypoints_completed": 0, "tot_waypoints": 9}}
{"target": -5108.210698079237, "params": {"k_pid_pos": [1.9516396522521973, 0.031188368797302246, 0.06833750009536743], "k_pid_alt": [1.9703744649887085, 0.028317302465438843, 1.0], "k_pid_att": [100.0, 9.999999747378752e-05, 0.9963093996047974], "k_pid_yaw": [0.5, 1e-06, 0.1], "k_pid_hsp": [9.999999747378752e-05, 0.07108399271965027, 1.0], "k_pid_vsp": [29.44474220275879, 400.0, 400.0]}, "datetime": {"datetime": "2025-08-13 18:46:16", "elapsed": 32304.817941904068, "delta": 28.992374420166016}, "costs": {"total_cost": 5108.210698079237, "time_cost": 150, "final_distance_cost": 842.7361929387155, "oscillation_cost": 835.4064914962478, "completition_cost": 1000.0, "overshoot_cost": 2218.549962601038, "power_cost": 33.964859204101565, "noise_cost": 27.553191839134527, "n_waypoints_completed": 0, "tot_waypoints": 9}}
{"target": -5599.2306217807145, "params": {"k_pid_pos": [2.0, 0.0, 0.07778757810592651], "k_pid_alt": [1.9109251499176025, 0.0, 0.9449036121368408], "k_pid_att": [100.0, 0.4287949502468109, 0.9435766339302063], "k_pid_yaw": [0.5, 1e-06, 0.1], "k_pid_hsp": [9.999999747378752e-05, 0.0060392022132873535, 0.983396053314209], "k_pid_vsp": [0.0, 400.0, 400.0]}, "datetime": {"datetime": "2025-08-13 18:46:45", "elapsed": 32333.981066703796, "delta": 29.163124799728394}, "costs": {"total_cost": 5599.2306217807145, "time_cost": 150, "final_distance_cost": 1052.9976358847334, "oscillation_cost": 823.886418053371, "completition_cost": 888.8888888888888, "overshoot_cost": 2623.392650446931, "power_cost": 32.91279233398438, "noise_cost": 27.1522361728053, "n_waypoints_completed": 1, "tot_waypoints": 9}}
{"target": -5401.802827965361, "params": {"k_pid_pos": [2.0, 0.0, 0.03550019860267639], "k_pid_alt": [1.8161485195159912, 0.029125124216079712, 1.0], "k_pid_att": [97.79307556152344, 9.999999747378752e-05, 0.9294360876083374], "k_pid_yaw": [0.5, 1e-06, 0.1], "k_pid_hsp": [0.11995688825845718, 0.0, 0.9803519248962402], "k_pid_vsp": [3.7446975708007812, 388.4361877441406, 400.0]}, "datetime": {"datetime": "2025-08-13 18:47:14", "elapsed": 32362.376570224762, "delta": 28.395503520965576}, "costs": {"total_cost": 5401.802827965361, "time_cost": 150, "final_distance_cost": 967.662971011868, "oscillation_cost": 751.4843614061481, "completition_cost": 1000.0, "overshoot_cost": 2470.0149685265906, "power_cost": 34.66480485839844, "noise_cost": 27.975722162355776, "n_waypoints_completed": 0, "tot_waypoints": 9}}
{"target": -1559.512609289372, "params": {"k_pid_pos": [1.9639813899993896, 0.08209910988807678, 0.0], "k_pid_alt": [2.0, 0.029844582080841064, 0.9790697693824768], "k_pid_att": [99.98194122314453, 9.999999747378752e-05, 1.0], "k_pid_yaw": [0.5, 1e-06, 0.1], "k_pid_hsp": [0.8038790822029114, 0.05351167917251587, 1.0], "k_pid_vsp": [0.0, 386.7808837890625, 389.8372802734375]}, "datetime": {"datetime": "2025-08-13 18:47:43", "elapsed": 32391.13359928131, "delta": 28.757029056549072}, "costs": {"total_cost": 1559.512609289372, "time_cost": 150, "final_distance_cost": 101.31863222922523, "oscillation_cost": 307.09876427213493, "completition_cost": 777.7777777777778, "overshoot_cost": 118.62442326631796, "power_cost": 38.61408269042969, "noise_cost": 66.07892905348633, "n_waypoints_completed": 2, "tot_waypoints": 9}}
{"target": -2066.693634978154, "params": {"k_pid_pos": [2.0, 0.0, 0.0], "k_pid_alt": [2.0, 0.0, 1.0], "k_pid_att": [99.30729675292969, 9.999999747378752e-05, 1.0], "k_pid_yaw": [0.5, 1e-06, 0.1], "k_pid_hsp": [9.999999747378752e-05, 0.011459648609161377, 1.0], "k_pid_vsp": [0.0, 385.8298034667969, 400.0]}, "datetime": {"datetime": "2025-08-13 18:48:13", "elapsed": 32421.40284204483, "delta": 30.269242763519287}, "costs": {"total_cost": 2066.693634978154, "time_cost": 150, "final_distance_cost": 10.500051122434122, "oscillation_cost": 712.9520927051675, "completition_cost": 1000.0, "overshoot_cost": 98.82642322575931, "power_cost": 40.73629287109375, "noise_cost": 53.678775053699574, "n_waypoints_completed": 0, "tot_waypoints": 9}}
{"target": -8715.677924692798, "params": {"k_pid_pos": [2.0, 0.0, 0.0], "k_pid_alt": [2.0, 0.0, 0.9416078329086304], "k_pid_att": [98.56922149658203, 9.999999747378752e-05, 1.0], "k_pid_yaw": [0.5, 1e-06, 0.1], "k_pid_hsp": [9.999999747378752e-05, 0.0, 0.9797645211219788], "k_pid_vsp": [0.0, 400.0, 382.5521240234375]}, "datetime": {"datetime": "2025-08-13 18:48:43", "elapsed": 32451.07782149315, "delta": 29.67497944831848}, "costs": {"total_cost": 8715.677924692798, "time_cost": 150, "final_distance_cost": 2204.429508613172, "oscillation_cost": 782.7194416303388, "completition_cost": 1000.0, "overshoot_cost": 4516.687206795907, "power_cost": 34.22648601074219, "noise_cost": 27.615281642637793, "n_waypoints_completed": 0, "tot_waypoints": 9}}
{"target": -2041.573012540346, "params": {"k_pid_pos": [1.9150456190109253, 0.0, 0.009626984596252441], "k_pid_alt": [1.7910590171813965, 0.0, 0.9992477893829346], "k_pid_att": [100.0, 0.6322736740112305, 1.0], "k_pid_yaw": [0.5, 1e-06, 0.1], "k_pid_hsp": [0.12628355622291565, 0.008775055408477783, 1.0], "k_pid_vsp": [0.0, 398.7958068847656, 400.0]}, "datetime": {"datetime": "2025-08-13 18:49:11", "elapsed": 32479.5856051445, "delta": 28.50778365135193}, "costs": {"total_cost": 2041.573012540346, "time_cost": 150, "final_distance_cost": 108.07296215886547, "oscillation_cost": 740.0171208752139, "completition_cost": 888.8888888888888, "overshoot_cost": 86.8842663375341, "power_cost": 38.86713272705078, "noise_cost": 28.842641552792823, "n_waypoints_completed": 1, "tot_waypoints": 9}}
{"target": -2573.599930964116, "params": {"k_pid_pos": [2.0, 0.060036301612854004, 0.0], "k_pid_alt": [1.9602317810058594, 0.0, 0.9738158583641052], "k_pid_att": [100.0, 9.999999747378752e-05, 1.0], "k_pid_yaw": [0.5, 1e-06, 0.1], "k_pid_hsp": [9.999999747378752e-05, 0.0, 0.9517306089401245], "k_pid_vsp": [12.535799026489258, 400.0, 400.0]}, "datetime": {"datetime": "2025-08-13 18:49:41", "elapsed": 32509.275947332382, "delta": 29.69034218788147}, "costs": {"total_cost": 2573.599930964116, "time_cost": 150, "final_distance_cost": 54.572564878547965, "oscillation_cost": 691.2488060604327, "completition_cost": 1000.0, "overshoot_cost": 580.8321405221126, "power_cost": 41.19985329589844, "noise_cost": 55.746566207124424, "n_waypoints_completed": 0, "tot_waypoints": 9}}
{"target": -4720.055093845351, "params": {"k_pid_pos": [2.0, 0.0, 0.07419928908348083], "k_pid_alt": [2.0, 0.0, 1.0], "k_pid_att": [100.0, 0.11140161752700806, 0.9666569232940674], "k_pid_yaw": [0.5, 1e-06, 0.1], "k_pid_hsp": [0.24211984872817993, 0.0, 0.8936523199081421], "k_pid_vsp": [3.8338422775268555, 400.0, 367.6547546386719]}, "datetime": {"datetime": "2025-08-13 18:50:13", "elapsed": 32541.620923042297, "delta": 32.34497570991516}, "costs": {"total_cost": 4720.055093845351, "time_cost": 150, "final_distance_cost": 1122.156971373799, "oscillation_cost": 692.5925273686299, "completition_cost": 1000.0, "overshoot_cost": 1692.8718676349326, "power_cost": 34.69116885986328, "noise_cost": 27.74255860812655, "n_waypoints_completed": 0, "tot_waypoints": 9}}
{"target": -2180.494130320497, "params": {"k_pid_pos": [2.0, 0.0, 0.0], "k_pid_alt": [1.9180628061294556, 0.0, 1.0], "k_pid_att": [100.0, 0.5260196328163147, 1.0], "k_pid_yaw": [0.5, 1e-06, 0.1], "k_pid_hsp": [0.16474038362503052, 0.023666024208068848, 1.0], "k_pid_vsp": [26.71109390258789, 368.7593078613281, 400.0]}, "datetime": {"datetime": "2025-08-13 18:50:43", "elapsed": 32571.616164684296, "delta": 29.99524164199829}, "costs": {"total_cost": 2180.494130320497, "time_cost": 150, "final_distance_cost": 64.06233254282047, "oscillation_cost": 694.8443604071059, "completition_cost": 1000.0, "overshoot_cost": 185.40874235470912, "power_cost": 38.556457556152345, "noise_cost": 47.62223745970934, "n_waypoints_completed": 0, "tot_waypoints": 9}}
{"target": -2032.4103468206092, "params": {"k_pid_pos": [2.0, 0.0, 0.0], "k_pid_alt": [1.8910448551177979, 0.0, 0.9273337125778198], "k_pid_att": [99.3243637084961, 9.999999747378752e-05, 1.0], "k_pid_yaw": [0.5, 1e-06, 0.1], "k_pid_hsp": [0.369607537984848, 0.018143683671951294, 0.9248435497283936], "k_pid_vsp": [0.0, 400.0, 392.0897521972656]}, "datetime": {"datetime": "2025-08-13 18:51:12", "elapsed": 32600.85254764557, "delta": 29.236382961273193}, "costs": {"total_cost": 2032.4103468206092, "time_cost": 150, "final_distance_cost": 3.1623409190488103, "oscillation_cost": 616.73176291512, "completition_cost": 1000.0, "overshoot_cost": 135.56296211199418, "power_cost": 41.96115157470703, "noise_cost": 84.99212929973916, "n_waypoints_completed": 0, "tot_waypoints": 9}}
{"target": -2182.70521284349, "params": {"k_pid_pos": [2.0, 0.0, 0.0], "k_pid_alt": [1.9192267656326294, 0.0, 0.9129165410995483], "k_pid_att": [95.60049438476562, 9.999999747378752e-05, 0.9586575031280518], "k_pid_yaw": [0.5, 1e-06, 0.1], "k_pid_hsp": [0.046333372592926025, 0.05305677652359009, 0.9500471353530884], "k_pid_vsp": [0.0, 400.0, 400.0]}, "datetime": {"datetime": "2025-08-13 18:51:41", "elapsed": 32629.895446538925, "delta": 29.042898893356323}, "costs": {"total_cost": 2182.70521284349, "time_cost": 150, "final_distance_cost": 3.769284656971593, "oscillation_cost": 761.6004217860631, "completition_cost": 1000.0, "overshoot_cost": 138.51735131312304, "power_cost": 39.95318121337891, "noise_cost": 88.86497387395309, "n_waypoints_completed": 0, "tot_waypoints": 9}}
{"target": -4934.615266669799, "params": {"k_pid_pos": [1.9910764694213867, 0.0382552444934845, 0.05080312490463257], "k_pid_alt": [1.5910202264785767, 0.0, 0.934715986251831], "k_pid_att": [100.0, 9.999999747378752e-05, 0.9682337045669556], "k_pid_yaw": [0.5, 1e-06, 0.1], "k_pid_hsp": [9.999999747378752e-05, 0.0, 1.0], "k_pid_vsp": [7.06634521484375, 400.0, 400.0]}, "datetime": {"datetime": "2025-08-13 18:52:10", "elapsed": 32658.500754117966, "delta": 28.605307579040527}, "costs": {"total_cost": 4934.615266669799, "time_cost": 150, "final_distance_cost": 1078.4705692447633, "oscillation_cost": 676.844505021174, "completition_cost": 1000.0, "overshoot_cost": 1965.9594466963777, "power_cost": 34.990843579101565, "noise_cost": 28.3499021283821, "n_waypoints_completed": 0, "tot_waypoints": 9}}
{"target": -2023.3262878191194, "params": {"k_pid_pos": [1.9316082000732422, 0.0, 0.0], "k_pid_alt": [1.9630833864212036, 0.0, 0.9500836133956909], "k_pid_att": [100.0, 9.999999747378752e-05, 0.9874220490455627], "k_pid_yaw": [0.5, 1e-06, 0.1], "k_pid_hsp": [0.10881659388542175, 0.0, 0.9931432008743286], "k_pid_vsp": [12.919271469116211, 393.904052734375, 400.0]}, "datetime": {"datetime": "2025-08-13 18:52:39", "elapsed": 32687.177200078964, "delta": 28.676445960998535}, "costs": {"total_cost": 2023.3262878191194, "time_cost": 150, "final_distance_cost": 5.666274131115595, "oscillation_cost": 677.9108625972646, "completition_cost": 1000.0, "overshoot_cost": 117.96441527555355, "power_cost": 39.314704296875, "noise_cost": 32.47003151831071, "n_waypoints_completed": 0, "tot_waypoints": 9}}
