{"target": -2187.228285746679, "params": {"k_pid_pos": [2.0, 0.0013305842876434326, 0.008385986089706421], "k_pid_alt": [2.0, 0.0, 0.9470195770263672], "k_pid_att": [100.0, 9.999999747378752e-05, 1.0], "k_pid_yaw": [0.5, 1e-06, 0.1], "k_pid_hsp": [0.20589549839496613, 0.028622925281524658, 0.998295247554779], "k_pid_vsp": [22.161293029785156, 389.35247802734375, 386.6820983886719]}, "datetime": {"datetime": "2025-08-13 22:38:12", "elapsed": 46220.33043241501, "delta": 29.702655792236328}, "costs": {"total_cost": 2187.228285746679, "time_cost": 150, "final_distance_cost": 20.022606449375, "oscillation_cost": 724.2303722422814, "completition_cost": 1000.0, "overshoot_cost": 166.67380973402982, "power_cost": 43.97638046875, "noise_cost": 82.32511685224293, "n_waypoints_completed": 0, "tot_waypoints": 9}}
{"target": -6427.629977974932, "params": {"k_pid_pos": [1.8813157081604004, 0.007581591606140137, 0.06940197944641113], "k_pid_alt": [1.9710218906402588, 0.015642285346984863, 1.0], "k_pid_att": [99.18595886230469, 9.999999747378752e-05, 0.970142126083374], "k_pid_yaw": [0.5, 1e-06, 0.1], "k_pid_hsp": [0.04228447005152702, 0.0, 0.9679418206214905], "k_pid_vsp": [0.0, 400.0, 370.4197998046875]}, "datetime": {"datetime": "2025-08-13 22:38:42", "elapsed": 46250.35727453232, "delta": 30.02684211730957}, "costs": {"total_cost": 6427.629977974932, "time_cost": 150, "final_distance_cost": 1590.3357972593371, "oscillation_cost": 788.4265511076127, "completition_cost": 1000.0, "overshoot_cost": 2838.4909906814632, "power_cost": 33.00012977294922, "noise_cost": 27.37650915356939, "n_waypoints_completed": 0, "tot_waypoints": 9}}
{"target": -3449.683496418115, "params": {"k_pid_pos": [1.9405120611190796, 0.0, 0.02886858582496643], "k_pid_alt": [1.952003836631775, 0.0, 1.0], "k_pid_att": [90.32775115966797, 9.999999747378752e-05, 1.0], "k_pid_yaw": [0.5, 1e-06, 0.1], "k_pid_hsp": [9.999999747378752e-05, 0.052643030881881714, 1.0], "k_pid_vsp": [8.98120403289795, 400.0, 396.3677673339844]}, "datetime": {"datetime": "2025-08-13 22:39:14", "elapsed": 46282.38404130936, "delta": 32.026766777038574}, "costs": {"total_cost": 3449.683496418115, "time_cost": 150, "final_distance_cost": 356.99883492495906, "oscillation_cost": 768.3981613876107, "completition_cost": 1000.0, "overshoot_cost": 1112.3930760694827, "power_cost": 34.03725012207031, "noise_cost": 27.85617391399206, "n_waypoints_completed": 0, "tot_waypoints": 9}}
{"target": -2002.9283340526397, "params": {"k_pid_pos": [1.8956164121627808, 0.0, 0.010230571031570435], "k_pid_alt": [2.0, 0.003952145576477051, 1.0], "k_pid_att": [100.0, 9.999999747378752e-05, 1.0], "k_pid_yaw": [0.5, 1e-06, 0.1], "k_pid_hsp": [0.4903993010520935, 0.01518404483795166, 0.9755613803863525], "k_pid_vsp": [32.37453842163086, 390.1964111328125, 400.0]}, "datetime": {"datetime": "2025-08-13 22:39:47", "elapsed": 46315.79329204559, "delta": 33.40925073623657}, "costs": {"total_cost": 2002.9283340526397, "time_cost": 150, "final_distance_cost": 39.83704019814279, "oscillation_cost": 614.9012265696662, "completition_cost": 1000.0, "overshoot_cost": 133.7474173858377, "power_cost": 36.07144647216797, "noise_cost": 28.371203426825165, "n_waypoints_completed": 0, "tot_waypoints": 9}}
{"target": -2854.37102560023, "params": {"k_pid_pos": [2.0, 0.0, 0.0], "k_pid_alt": [1.9028148651123047, 0.02825191617012024, 0.9742238521575928], "k_pid_att": [100.0, 0.006955061573535204, 0.9574344754219055], "k_pid_yaw": [0.5, 1e-06, 0.1], "k_pid_hsp": [0.394950270652771, 0.0025388598442077637, 0.9915562272071838], "k_pid_vsp": [0.0, 400.0, 400.0]}, "datetime": {"datetime": "2025-08-13 22:40:17", "elapsed": 46345.74776387215, "delta": 29.954471826553345}, "costs": {"total_cost": 2854.37102560023, "time_cost": 150, "final_distance_cost": 94.29467103840348, "oscillation_cost": 715.6941234238906, "completition_cost": 1000.0, "overshoot_cost": 828.1751517357495, "power_cost": 37.42824215087891, "noise_cost": 28.77883725130793, "n_waypoints_completed": 0, "tot_waypoints": 9}}
{"target": -2866.630075748219, "params": {"k_pid_pos": [1.9501322507858276, 0.0, 0.0], "k_pid_alt": [2.0, 0.032681822776794434, 1.0], "k_pid_att": [100.0, 9.999999747378752e-05, 1.0], "k_pid_yaw": [0.5, 1e-06, 0.1], "k_pid_hsp": [0.39762023091316223, 0.0, 1.0], "k_pid_vsp": [0.0, 400.0, 384.98944091796875]}, "datetime": {"datetime": "2025-08-13 22:40:47", "elapsed": 46375.16866898537, "delta": 29.420905113220215}, "costs": {"total_cost": 2866.630075748219, "time_cost": 150, "final_distance_cost": 248.30609197334988, "oscillation_cost": 864.3765036998064, "completition_cost": 1000.0, "overshoot_cost": 542.4458013094724, "power_cost": 33.98381907958984, "noise_cost": 27.517859686000584, "n_waypoints_completed": 0, "tot_waypoints": 9}}
{"target": -5807.502147420563, "params": {"k_pid_pos": [1.9959721565246582, 0.0014702081680297852, 0.0], "k_pid_alt": [2.0, 0.0, 0.9718574285507202], "k_pid_att": [97.98340606689453, 0.332600861787796, 0.9434834718704224], "k_pid_yaw": [0.5, 1e-06, 0.1], "k_pid_hsp": [9.999999747378752e-05, 0.0, 0.9878482222557068], "k_pid_vsp": [0.0, 400.0, 400.0]}, "datetime": {"datetime": "2025-08-13 22:41:17", "elapsed": 46405.75720214844, "delta": 30.58853316307068}, "costs": {"total_cost": 5807.502147420563, "time_cost": 150, "final_distance_cost": 1426.821776669008, "oscillation_cost": 615.2460114921184, "completition_cost": 1000.0, "overshoot_cost": 2553.355573082497, "power_cost": 34.340056481933594, "noise_cost": 27.738729695005315, "n_waypoints_completed": 0, "tot_waypoints": 9}}
{"target": -2174.886307215929, "params": {"k_pid_pos": [1.9587527513504028, 0.0, 0.05831414461135864], "k_pid_alt": [2.0, 0.0, 1.0], "k_pid_att": [100.0, 0.26849910616874695, 1.0], "k_pid_yaw": [0.5, 1e-06, 0.1], "k_pid_hsp": [9.999999747378752e-05, 0.0, 1.0], "k_pid_vsp": [0.0, 400.0, 400.0]}, "datetime": {"datetime": "2025-08-13 22:41:47", "elapsed": 46435.484909534454, "delta": 29.727707386016846}, "costs": {"total_cost": 2174.886307215929, "time_cost": 150, "final_distance_cost": 76.48135176121629, "oscillation_cost": 769.6999968330632, "completition_cost": 1000.0, "overshoot_cost": 113.19403863796431, "power_cost": 37.25687623291016, "noise_cost": 28.25404375077527, "n_waypoints_completed": 0, "tot_waypoints": 9}}
{"target": -2171.1274919341204, "params": {"k_pid_pos": [2.0, 0.03837001323699951, 0.00985032320022583], "k_pid_alt": [1.9930191040039062, 0.04571262001991272, 0.9447746276855469], "k_pid_att": [95.97145080566406, 0.45421576499938965, 1.0], "k_pid_yaw": [0.5, 1e-06, 0.1], "k_pid_hsp": [9.999999747378752e-05, 0.0, 1.0], "k_pid_vsp": [0.0, 400.0, 400.0]}, "datetime": {"datetime": "2025-08-13 22:42:17", "elapsed": 46465.220912218094, "delta": 29.736002683639526}, "costs": {"total_cost": 2171.1274919341204, "time_cost": 150, "final_distance_cost": 36.71759430283368, "oscillation_cost": 767.2960498961799, "completition_cost": 1000.0, "overshoot_cost": 143.50171856514285, "power_cost": 39.56446831054688, "noise_cost": 34.04766085941708, "n_waypoints_completed": 0, "tot_waypoints": 9}}
{"target": -9327.314591370143, "params": {"k_pid_pos": [1.976480484008789, 0.027929455041885376, 0.0], "k_pid_alt": [1.8097217082977295, 0.03933432698249817, 0.9733784198760986], "k_pid_att": [100.0, 9.999999747378752e-05, 1.0], "k_pid_yaw": [0.5, 1e-06, 0.1], "k_pid_hsp": [9.999999747378752e-05, 0.06093767285346985, 1.0], "k_pid_vsp": [0.0, 400.0, 366.793701171875]}, "datetime": {"datetime": "2025-08-13 22:42:47", "elapsed": 46495.209562540054, "delta": 29.98865032196045}, "costs": {"total_cost": 9327.314591370143, "time_cost": 150, "final_distance_cost": 2815.1023963942735, "oscillation_cost": 777.587051269351, "completition_cost": 1000.0, "overshoot_cost": 4524.000785756468, "power_cost": 33.22089580078125, "noise_cost": 27.40346214926839, "n_waypoints_completed": 0, "tot_waypoints": 9}}
{"target": -9305.892058680674, "params": {"k_pid_pos": [1.9711713790893555, 0.0, 0.0], "k_pid_alt": [1.9720821380615234, 0.0, 0.8996137976646423], "k_pid_att": [99.65376281738281, 9.999999747378752e-05, 0.9601413011550903], "k_pid_yaw": [0.5, 1e-06, 0.1], "k_pid_hsp": [9.999999747378752e-05, 0.0, 1.0], "k_pid_vsp": [0.22418498992919922, 390.8711242675781, 396.12982177734375]}, "datetime": {"datetime": "2025-08-13 22:43:17", "elapsed": 46525.51645255089, "delta": 30.30689001083374}, "costs": {"total_cost": 9305.892058680674, "time_cost": 150, "final_distance_cost": 2713.142602047243, "oscillation_cost": 722.9890422879507, "completition_cost": 1000.0, "overshoot_cost": 4659.075007147904, "power_cost": 33.255051892089845, "noise_cost": 27.43035530548543, "n_waypoints_completed": 0, "tot_waypoints": 9}}
{"target": -1997.7229478084016, "params": {"k_pid_pos": [1.9291937351226807, 0.03579777479171753, 0.0], "k_pid_alt": [2.0, 0.009233862161636353, 1.0], "k_pid_att": [100.0, 0.05302571505308151, 1.0], "k_pid_yaw": [0.5, 1e-06, 0.1], "k_pid_hsp": [9.999999747378752e-05, 0.0, 1.0], "k_pid_vsp": [3.5455703735351562, 365.2414855957031, 400.0]}, "datetime": {"datetime": "2025-08-13 22:43:49", "elapsed": 46557.16580796242, "delta": 31.64935541152954}, "costs": {"total_cost": 1997.7229478084016, "time_cost": 150, "final_distance_cost": 70.43530272243409, "oscillation_cost": 712.853384080614, "completition_cost": 888.8888888888888, "overshoot_cost": 107.92314253139914, "power_cost": 38.93033648681641, "noise_cost": 28.691893098248936, "n_waypoints_completed": 1, "tot_waypoints": 9}}
{"target": -2051.4762186660023, "params": {"k_pid_pos": [2.0, 0.008013427257537842, 0.08158993721008301], "k_pid_alt": [2.0, 0.019955217838287354, 1.0], "k_pid_att": [100.0, 9.999999747378752e-05, 0.9772124290466309], "k_pid_yaw": [0.5, 1e-06, 0.1], "k_pid_hsp": [9.999999747378752e-05, 0.0, 0.9909796714782715], "k_pid_vsp": [24.40406036376953, 400.0, 364.6766052246094]}, "datetime": {"datetime": "2025-08-13 22:44:18", "elapsed": 46586.9939391613, "delta": 29.828131198883057}, "costs": {"total_cost": 2051.4762186660023, "time_cost": 150, "final_distance_cost": 70.60158917884696, "oscillation_cost": 767.3965839838677, "completition_cost": 888.8888888888888, "overshoot_cost": 91.223805961951, "power_cost": 39.02948005371094, "noise_cost": 44.33587059873679, "n_waypoints_completed": 1, "tot_waypoints": 9}}
{"target": -4431.279250732585, "params": {"k_pid_pos": [2.0, 0.014364778995513916, 0.061624377965927124], "k_pid_alt": [2.0, 0.0026058852672576904, 1.0], "k_pid_att": [100.0, 9.999999747378752e-05, 0.9204347729682922], "k_pid_yaw": [0.5, 1e-06, 0.1], "k_pid_hsp": [0.5471099019050598, 0.003687351942062378, 1.0], "k_pid_vsp": [9.565818786621094, 388.281494140625, 400.0]}, "datetime": {"datetime": "2025-08-13 22:44:48", "elapsed": 46616.825858831406, "delta": 29.83191967010498}, "costs": {"total_cost": 4431.279250732585, "time_cost": 150, "final_distance_cost": 972.7958618769333, "oscillation_cost": 774.7935005637416, "completition_cost": 1000.0, "overshoot_cost": 1470.9861741554216, "power_cost": 34.132794873046876, "noise_cost": 28.570919263441336, "n_waypoints_completed": 0, "tot_waypoints": 9}}
{"target": -2174.3367790694733, "params": {"k_pid_pos": [2.0, 0.0076180100440979, 0.0], "k_pid_alt": [2.0, 0.0, 0.9915008544921875], "k_pid_att": [100.0, 9.999999747378752e-05, 1.0], "k_pid_yaw": [0.5, 1e-06, 0.1], "k_pid_hsp": [9.999999747378752e-05, 0.10269221663475037, 1.0], "k_pid_vsp": [0.0, 379.36962890625, 400.0]}, "datetime": {"datetime": "2025-08-13 22:45:16", "elapsed": 46645.02574944496, "delta": 28.199890613555908}, "costs": {"total_cost": 2174.3367790694733, "time_cost": 150, "final_distance_cost": 49.5228592194147, "oscillation_cost": 766.5109744421019, "completition_cost": 1000.0, "overshoot_cost": 144.58176332703627, "power_cost": 35.65024725341797, "noise_cost": 28.070934827502345, "n_waypoints_completed": 0, "tot_waypoints": 9}}
{"target": -6015.835973378951, "params": {"k_pid_pos": [2.0, 0.027757972478866577, 0.0], "k_pid_alt": [1.9614007472991943, 0.0, 1.0], "k_pid_att": [99.60684204101562, 9.999999747378752e-05, 1.0], "k_pid_yaw": [0.5, 1e-06, 0.1], "k_pid_hsp": [9.999999747378752e-05, 0.0, 0.9863796234130859], "k_pid_vsp": [0.0, 400.0, 400.0]}, "datetime": {"datetime": "2025-08-13 22:45:47", "elapsed": 46675.64235186577, "delta": 30.616602420806885}, "costs": {"total_cost": 6015.835973378951, "time_cost": 150, "final_distance_cost": 1586.2333750530713, "oscillation_cost": 781.9385164354658, "completition_cost": 1000.0, "overshoot_cost": 2439.733553739105, "power_cost": 31.14888903808594, "noise_cost": 26.781639113224, "n_waypoints_completed": 0, "tot_waypoints": 9}}
{"target": -3005.2100029860335, "params": {"k_pid_pos": [1.908229112625122, 0.02333158254623413, 0.001330256462097168], "k_pid_alt": [2.0, 0.015567213296890259, 1.0], "k_pid_att": [100.0, 0.5410633683204651, 1.0], "k_pid_yaw": [0.5, 1e-06, 0.1], "k_pid_hsp": [9.999999747378752e-05, 0.0, 1.0], "k_pid_vsp": [0.0, 393.43804931640625, 400.0]}, "datetime": {"datetime": "2025-08-13 22:46:17", "elapsed": 46705.790291547775, "delta": 30.147939682006836}, "costs": {"total_cost": 3005.2100029860335, "time_cost": 150, "final_distance_cost": 219.750877943796, "oscillation_cost": 808.1888993251897, "completition_cost": 1000.0, "overshoot_cost": 766.2167966498782, "power_cost": 33.436690747070315, "noise_cost": 27.616738320099145, "n_waypoints_completed": 0, "tot_waypoints": 9}}
{"target": -3333.3688638377807, "params": {"k_pid_pos": [1.7282025814056396, 0.0, 0.0], "k_pid_alt": [2.0, 0.0, 0.9493178129196167], "k_pid_att": [100.0, 0.23039782047271729, 0.8818251490592957], "k_pid_yaw": [0.5, 1e-06, 0.1], "k_pid_hsp": [9.999999747378752e-05, 0.05152547359466553, 0.958777904510498], "k_pid_vsp": [0.0, 366.00933837890625, 400.0]}, "datetime": {"datetime": "2025-08-13 22:46:47", "elapsed": 46735.74904370308, "delta": 29.958752155303955}, "costs": {"total_cost": 3333.3688638377807, "time_cost": 150, "final_distance_cost": 398.870492077347, "oscillation_cost": 778.6824104050764, "completition_cost": 1000.0, "overshoot_cost": 944.5542425122236, "power_cost": 33.49838803710938, "noise_cost": 27.76333080602424, "n_waypoints_completed": 0, "tot_waypoints": 9}}
{"target": -3565.3002981109007, "params": {"k_pid_pos": [2.0, 0.0, 0.0], "k_pid_alt": [2.0, 0.0, 1.0], "k_pid_att": [99.46391296386719, 9.999999747378752e-05, 1.0], "k_pid_yaw": [0.5, 1e-06, 0.1], "k_pid_hsp": [0.523383617401123, 0.0, 1.0], "k_pid_vsp": [17.059505462646484, 387.8684387207031, 376.3932800292969]}, "datetime": {"datetime": "2025-08-13 22:47:16", "elapsed": 46764.75717449188, "delta": 29.0081307888031}, "costs": {"total_cost": 3565.3002981109007, "time_cost": 150, "final_distance_cost": 582.6145801128099, "oscillation_cost": 717.9856007575579, "completition_cost": 1000.0, "overshoot_cost": 1053.4415202830935, "power_cost": 33.24533504638672, "noise_cost": 28.01326191105297, "n_waypoints_completed": 0, "tot_waypoints": 9}}
{"target": -1908.2536560886178, "params": {"k_pid_pos": [1.919115424156189, 0.0, 0.048024147748947144], "k_pid_alt": [1.7849211692810059, 0.0, 1.0], "k_pid_att": [100.0, 0.02105320617556572, 0.9872973561286926], "k_pid_yaw": [0.5, 1e-06, 0.1], "k_pid_hsp": [0.21150989830493927, 0.040528833866119385, 1.0], "k_pid_vsp": [0.0, 400.0, 384.8401184082031]}, "datetime": {"datetime": "2025-08-13 22:47:47", "elapsed": 46795.75231432915, "delta": 30.995139837265015}, "costs": {"total_cost": 1908.2536560886178, "time_cost": 150, "final_distance_cost": 40.2936232721378, "oscillation_cost": 705.1696498964626, "completition_cost": 777.7777777777778, "overshoot_cost": 152.65743048471919, "power_cost": 38.511948278808596, "noise_cost": 43.843226378711734, "n_waypoints_completed": 2, "tot_waypoints": 9}}
{"target": -3369.9859115878244, "params": {"k_pid_pos": [1.9817264080047607, 0.038069069385528564, 0.02374139428138733], "k_pid_alt": [1.9862539768218994, 0.0, 1.0], "k_pid_att": [91.9126968383789, 9.999999747378752e-05, 0.9432744383811951], "k_pid_yaw": [0.5, 1e-06, 0.1], "k_pid_hsp": [0.5113349556922913, 0.0, 0.9953248500823975], "k_pid_vsp": [4.324615001678467, 400.0, 361.2389831542969]}, "datetime": {"datetime": "2025-08-13 22:48:17", "elapsed": 46825.508504629135, "delta": 29.756190299987793}, "costs": {"total_cost": 3369.9859115878244, "time_cost": 150, "final_distance_cost": 514.2562188162902, "oscillation_cost": 612.0069888601263, "completition_cost": 1000.0, "overshoot_cost": 1030.2895418334676, "power_cost": 34.550651184082035, "noise_cost": 28.882510893858303, "n_waypoints_completed": 0, "tot_waypoints": 9}}
{"target": -2042.4120567218424, "params": {"k_pid_pos": [2.0, 0.04378664493560791, 0.031461358070373535], "k_pid_alt": [2.0, 0.0, 1.0], "k_pid_att": [98.4002456665039, 9.999999747378752e-05, 0.9803959727287292], "k_pid_yaw": [0.5, 1e-06, 0.1], "k_pid_hsp": [9.999999747378752e-05, 0.008699744939804077, 1.0], "k_pid_vsp": [22.64664077758789, 400.0, 378.22174072265625]}, "datetime": {"datetime": "2025-08-13 22:48:47", "elapsed": 46855.850704431534, "delta": 30.34219980239868}, "costs": {"total_cost": 2042.4120567218424, "time_cost": 150, "final_distance_cost": 45.565629797329606, "oscillation_cost": 721.1018764960261, "completition_cost": 1000.0, "overshoot_cost": 53.91916613288153, "power_cost": 42.24402541503906, "noise_cost": 29.581358880566114, "n_waypoints_completed": 0, "tot_waypoints": 9}}
{"target": -2201.1171870623707, "params": {"k_pid_pos": [1.9027212858200073, 0.0, 0.0], "k_pid_alt": [1.9297157526016235, 0.02903410792350769, 0.9729821681976318], "k_pid_att": [96.73229217529297, 9.999999747378752e-05, 1.0], "k_pid_yaw": [0.5, 1e-06, 0.1], "k_pid_hsp": [9.999999747378752e-05, 0.0, 1.0], "k_pid_vsp": [0.0, 400.0, 400.0]}, "datetime": {"datetime": "2025-08-13 22:49:16", "elapsed": 46884.29992842674, "delta": 28.44922399520874}, "costs": {"total_cost": 2201.1171870623707, "time_cost": 150, "final_distance_cost": 73.61081727335223, "oscillation_cost": 782.0367239553723, "completition_cost": 1000.0, "overshoot_cost": 129.7815741868054, "power_cost": 37.416157763671876, "noise_cost": 28.271913883169148, "n_waypoints_completed": 0, "tot_waypoints": 9}}
{"target": -3947.2265306917297, "params": {"k_pid_pos": [1.8587210178375244, 0.030842483043670654, 0.0], "k_pid_alt": [2.0, 0.0, 0.936355710029602], "k_pid_att": [100.0, 9.999999747378752e-05, 0.9197872877120972], "k_pid_yaw": [0.5, 1e-06, 0.1], "k_pid_hsp": [9.999999747378752e-05, 0.029176175594329834, 1.0], "k_pid_vsp": [2.5337934494018555, 394.23638916015625, 339.3011474609375]}, "datetime": {"datetime": "2025-08-13 22:49:46", "elapsed": 46914.16637015343, "delta": 29.86644172668457}, "costs": {"total_cost": 3947.2265306917297, "time_cost": 150, "final_distance_cost": 907.3942804209236, "oscillation_cost": 724.3503232739141, "completition_cost": 1000.0, "overshoot_cost": 1105.5819758045302, "power_cost": 32.5065279296875, "noise_cost": 27.393423262674798, "n_waypoints_completed": 0, "tot_waypoints": 9}}
{"target": -3099.8697065026213, "params": {"k_pid_pos": [2.0, 0.10051366686820984, 0.05414658784866333], "k_pid_alt": [2.0, 0.0, 0.9846979379653931], "k_pid_att": [95.94361877441406, 9.999999747378752e-05, 0.9673370718955994], "k_pid_yaw": [0.5, 1e-06, 0.1], "k_pid_hsp": [0.6955469250679016, 0.0, 0.9769324064254761], "k_pid_vsp": [0.0, 400.0, 364.575927734375]}, "datetime": {"datetime": "2025-08-13 22:50:15", "elapsed": 46944.041056632996, "delta": 29.87468647956848}, "costs": {"total_cost": 3099.8697065026213, "time_cost": 150, "final_distance_cost": 783.6300755944638, "oscillation_cost": 459.62275278841213, "completition_cost": 777.7777777777778, "overshoot_cost": 863.3655220566008, "power_cost": 36.06785649414063, "noise_cost": 29.405721791226217, "n_waypoints_completed": 2, "tot_waypoints": 9}}
{"target": -3041.691921984538, "params": {"k_pid_pos": [1.9726229906082153, 0.05680528283119202, 0.010761737823486328], "k_pid_alt": [1.945528268814087, 0.011481255292892456, 1.0], "k_pid_att": [100.0, 9.999999747378752e-05, 0.995078444480896], "k_pid_yaw": [0.5, 1e-06, 0.1], "k_pid_hsp": [0.5498514175415039, 0.0, 1.0], "k_pid_vsp": [0.0, 391.3009338378906, 399.4322204589844]}, "datetime": {"datetime": "2025-08-13 22:50:46", "elapsed": 46974.30038571358, "delta": 30.259329080581665}, "costs": {"total_cost": 3041.691921984538, "time_cost": 150, "final_distance_cost": 491.8442214270361, "oscillation_cost": 396.81473510793853, "completition_cost": 1000.0, "overshoot_cost": 937.0569158498938, "power_cost": 36.75069851074219, "noise_cost": 29.225351088927756, "n_waypoints_completed": 0, "tot_waypoints": 9}}
{"target": -1860.879059494398, "params": {"k_pid_pos": [1.9373886585235596, 0.0, 0.007519155740737915], "k_pid_alt": [1.8292639255523682, 0.02019709348678589, 0.9970006942749023], "k_pid_att": [90.92501068115234, 0.5225861072540283, 0.9187875986099243], "k_pid_yaw": [0.5, 1e-06, 0.1], "k_pid_hsp": [0.5772671699523926, 0.0, 0.9768600463867188], "k_pid_vsp": [4.6279072761535645, 380.7618408203125, 400.0]}, "datetime": {"datetime": "2025-08-13 22:51:15", "elapsed": 47003.67111992836, "delta": 29.370734214782715}, "costs": {"total_cost": 1860.879059494398, "time_cost": 150, "final_distance_cost": 7.504100981934833, "oscillation_cost": 444.50508195612997, "completition_cost": 1000.0, "overshoot_cost": 187.56763835628095, "power_cost": 38.52839588623047, "noise_cost": 32.77384231382156, "n_waypoints_completed": 0, "tot_waypoints": 9}}
