{"target": -2348.6057104922907, "params": {"k_pid_pos": [2.0, 0.0073583126068115234, 0.0], "k_pid_alt": [1.939682960510254, 0.0, 0.9908314347267151], "k_pid_att": [99.8130111694336, 9.999999747378752e-05, 1.0], "k_pid_yaw": [0.5, 1e-06, 0.1], "k_pid_hsp": [0.7721363306045532, 0.0, 0.9198462963104248], "k_pid_vsp": [0.0, 400.0, 400.0]}, "datetime": {"datetime": "2025-08-14 02:56:21", "elapsed": 61709.39658689499, "delta": 29.76132559776306}, "costs": {"total_cost": 2348.6057104922907, "time_cost": 150, "final_distance_cost": 173.08453647143023, "oscillation_cost": 433.8775279937585, "completition_cost": 1000.0, "overshoot_cost": 524.7001142555042, "power_cost": 37.269598754882814, "noise_cost": 29.673933016715157, "n_waypoints_completed": 0, "tot_waypoints": 9}}
{"target": -2453.2439720154744, "params": {"k_pid_pos": [1.991422176361084, 0.038793981075286865, 0.09015896916389465], "k_pid_alt": [2.0, 0.043272554874420166, 1.0], "k_pid_att": [94.48896789550781, 9.999999747378752e-05, 1.0], "k_pid_yaw": [0.5, 1e-06, 0.1], "k_pid_hsp": [0.16269060969352722, 0.0, 1.0], "k_pid_vsp": [28.655052185058594, 400.0, 398.3366394042969]}, "datetime": {"datetime": "2025-08-14 02:56:50", "elapsed": 61738.306552648544, "delta": 28.909965753555298}, "costs": {"total_cost": 2453.2439720154744, "time_cost": 150, "final_distance_cost": 30.15489361883074, "oscillation_cost": 770.48959604122, "completition_cost": 1000.0, "overshoot_cost": 424.18527376581807, "power_cost": 41.08891329345703, "noise_cost": 37.32529529614853, "n_waypoints_completed": 0, "tot_waypoints": 9}}
{"target": -2170.8072792402713, "params": {"k_pid_pos": [2.0, 0.0, 0.07220804691314697], "k_pid_alt": [1.91892671585083, 0.0, 0.9970015287399292], "k_pid_att": [97.83617401123047, 0.31496909260749817, 1.0], "k_pid_yaw": [0.5, 1e-06, 0.1], "k_pid_hsp": [1.0488797426223755, 0.0, 1.0], "k_pid_vsp": [7.666182518005371, 385.8349304199219, 400.0]}, "datetime": {"datetime": "2025-08-14 02:57:19", "elapsed": 61767.293961048126, "delta": 28.98740839958191}, "costs": {"total_cost": 2170.8072792402713, "time_cost": 150, "final_distance_cost": 1.0504128063085982, "oscillation_cost": 715.7108741625294, "completition_cost": 1000.0, "overshoot_cost": 157.372891684648, "power_cost": 40.906242480468755, "noise_cost": 105.76685810631692, "n_waypoints_completed": 0, "tot_waypoints": 9}}
{"target": -2517.3808812537764, "params": {"k_pid_pos": [2.0, 0.0, 0.006191939115524292], "k_pid_alt": [1.9989230632781982, 0.09847283363342285, 0.9936126470565796], "k_pid_att": [98.1552963256836, 9.999999747378752e-05, 1.0], "k_pid_yaw": [0.5, 1e-06, 0.1], "k_pid_hsp": [9.999999747378752e-05, 0.0, 1.0], "k_pid_vsp": [0.0, 384.7506103515625, 400.0]}, "datetime": {"datetime": "2025-08-14 02:57:47", "elapsed": 61795.607875823975, "delta": 28.31391477584839}, "costs": {"total_cost": 2517.3808812537764, "time_cost": 150, "final_distance_cost": 150.1753658571254, "oscillation_cost": 739.9474261648294, "completition_cost": 1000.0, "overshoot_cost": 416.3924788956865, "power_cost": 33.37358151855469, "noise_cost": 27.49202881758024, "n_waypoints_completed": 0, "tot_waypoints": 9}}
{"target": -5828.592820843868, "params": {"k_pid_pos": [1.9001526832580566, 0.0, 0.0], "k_pid_alt": [1.9917104244232178, 0.0, 0.950751543045044], "k_pid_att": [100.0, 9.999999747378752e-05, 1.0], "k_pid_yaw": [0.5, 1e-06, 0.1], "k_pid_hsp": [0.7501633167266846, 0.0, 0.9297069311141968], "k_pid_vsp": [0.0, 393.6380310058594, 400.0]}, "datetime": {"datetime": "2025-08-14 02:58:15", "elapsed": 61823.17381286621, "delta": 27.565937042236328}, "costs": {"total_cost": 5828.592820843868, "time_cost": 150, "final_distance_cost": 1071.4318675271086, "oscillation_cost": 766.4923086952821, "completition_cost": 1000.0, "overshoot_cost": 2778.161889408212, "power_cost": 33.99656881103516, "noise_cost": 28.510186402230083, "n_waypoints_completed": 0, "tot_waypoints": 9}}
{"target": -1657.0446170879216, "params": {"k_pid_pos": [1.8310147523880005, 0.0, 0.038715243339538574], "k_pid_alt": [1.9074606895446777, 0.0424230694770813, 0.9416910409927368], "k_pid_att": [88.5595703125, 9.999999747378752e-05, 0.9850242137908936], "k_pid_yaw": [0.5, 1e-06, 0.1], "k_pid_hsp": [1.0020025968551636, 0.0, 1.0], "k_pid_vsp": [0.0, 393.271484375, 400.0]}, "datetime": {"datetime": "2025-08-14 02:58:44", "elapsed": 61852.82353281975, "delta": 29.649719953536987}, "costs": {"total_cost": 1657.0446170879216, "time_cost": 150, "final_distance_cost": 75.72490168083151, "oscillation_cost": 475.880993308093, "completition_cost": 777.7777777777778, "overshoot_cost": 107.32931215893318, "power_cost": 37.069415270996096, "noise_cost": 33.262216891289796, "n_waypoints_completed": 2, "tot_waypoints": 9}}
{"target": -2046.270609408013, "params": {"k_pid_pos": [1.8581048250198364, 0.04688546061515808, 0.019155234098434448], "k_pid_alt": [1.856850028038025, 0.0164203941822052, 0.9876078367233276], "k_pid_att": [97.08815002441406, 9.999999747378752e-05, 0.9848869442939758], "k_pid_yaw": [0.5, 1e-06, 0.1], "k_pid_hsp": [1.0205802917480469, 0.041993021965026855, 1.0], "k_pid_vsp": [22.050857543945312, 400.0, 387.3729248046875]}, "datetime": {"datetime": "2025-08-14 02:59:18", "elapsed": 61886.75447392464, "delta": 33.930941104888916}, "costs": {"total_cost": 2046.270609408013, "time_cost": 150, "final_distance_cost": 1.184229107724912, "oscillation_cost": 567.1751839456679, "completition_cost": 1000.0, "overshoot_cost": 161.46398917982862, "power_cost": 44.32032109375, "noise_cost": 122.12688608104136, "n_waypoints_completed": 0, "tot_waypoints": 9}}
{"target": -3460.470865923446, "params": {"k_pid_pos": [1.9507488012313843, 0.015360891819000244, 0.0], "k_pid_alt": [1.9807872772216797, 0.0, 0.9801308512687683], "k_pid_att": [97.00792694091797, 0.18992458283901215, 1.0], "k_pid_yaw": [0.5, 1e-06, 0.1], "k_pid_hsp": [0.14797437191009521, 0.034088462591171265, 0.9568966031074524], "k_pid_vsp": [0.0, 386.5108337402344, 400.0]}, "datetime": {"datetime": "2025-08-14 02:59:48", "elapsed": 61916.08254623413, "delta": 29.32807230949402}, "costs": {"total_cost": 3460.470865923446, "time_cost": 150, "final_distance_cost": 344.1112902303281, "oscillation_cost": 790.5324485310335, "completition_cost": 1000.0, "overshoot_cost": 1113.5037442221044, "power_cost": 34.566408459472655, "noise_cost": 27.75697448050715, "n_waypoints_completed": 0, "tot_waypoints": 9}}
{"target": -8564.366813677507, "params": {"k_pid_pos": [2.0, 0.0, 0.0], "k_pid_alt": [2.0, 0.0, 1.0], "k_pid_att": [100.0, 9.999999747378752e-05, 1.0], "k_pid_yaw": [0.5, 1e-06, 0.1], "k_pid_hsp": [0.6728833913803101, 0.0736967921257019, 1.0], "k_pid_vsp": [0.0, 365.7202453613281, 390.40643310546875]}, "datetime": {"datetime": "2025-08-14 03:00:16", "elapsed": 61944.90492725372, "delta": 28.822381019592285}, "costs": {"total_cost": 8564.366813677507, "time_cost": 150, "final_distance_cost": 2331.1614121056423, "oscillation_cost": 723.5889486474131, "completition_cost": 1000.0, "overshoot_cost": 4296.580732407251, "power_cost": 34.034128918457036, "noise_cost": 29.00159159874421, "n_waypoints_completed": 0, "tot_waypoints": 9}}
{"target": -4711.988458633808, "params": {"k_pid_pos": [1.9909100532531738, 0.0, 0.0], "k_pid_alt": [2.0, 0.0, 0.9757304787635803], "k_pid_att": [100.0, 9.999999747378752e-05, 1.0], "k_pid_yaw": [0.5, 1e-06, 0.1], "k_pid_hsp": [0.3237985372543335, 0.08265364170074463, 0.9215290546417236], "k_pid_vsp": [0.0, 400.0, 400.0]}, "datetime": {"datetime": "2025-08-14 03:00:46", "elapsed": 61974.612329244614, "delta": 29.707401990890503}, "costs": {"total_cost": 4711.988458633808, "time_cost": 150, "final_distance_cost": 722.1835625323516, "oscillation_cost": 697.6803241323727, "completition_cost": 1000.0, "overshoot_cost": 2080.9237611065246, "power_cost": 33.66284924316406, "noise_cost": 27.5379616193946, "n_waypoints_completed": 0, "tot_waypoints": 9}}
{"target": -2091.1524881960063, "params": {"k_pid_pos": [1.9752159118652344, 0.0, 0.06569415330886841], "k_pid_alt": [1.856292486190796, 0.0, 0.9844561219215393], "k_pid_att": [98.0815658569336, 0.2613162100315094, 1.0], "k_pid_yaw": [0.5, 1e-06, 0.1], "k_pid_hsp": [0.00036464197910390794, 0.08567601442337036, 1.0], "k_pid_vsp": [14.868736267089844, 392.4021301269531, 400.0]}, "datetime": {"datetime": "2025-08-14 03:01:16", "elapsed": 62004.34236550331, "delta": 29.73003625869751}, "costs": {"total_cost": 2091.1524881960063, "time_cost": 150, "final_distance_cost": 40.71580434995395, "oscillation_cost": 690.1082316254609, "completition_cost": 888.8888888888888, "overshoot_cost": 182.42206384085884, "power_cost": 41.699591149902346, "noise_cost": 97.31790834094147, "n_waypoints_completed": 1, "tot_waypoints": 9}}
{"target": -3688.331210270264, "params": {"k_pid_pos": [2.0, 0.0, 0.0], "k_pid_alt": [1.902516484260559, 0.11052903532981873, 0.9403480291366577], "k_pid_att": [100.0, 0.4756633937358856, 1.0], "k_pid_yaw": [0.5, 1e-06, 0.1], "k_pid_hsp": [1.052121877670288, 0.004809141159057617, 0.9752464294433594], "k_pid_vsp": [28.634475708007812, 400.0, 390.2640686035156]}, "datetime": {"datetime": "2025-08-14 03:01:45", "elapsed": 62034.03454899788, "delta": 29.69218349456787}, "costs": {"total_cost": 3688.331210270264, "time_cost": 150, "final_distance_cost": 627.4822016359025, "oscillation_cost": 728.720184863458, "completition_cost": 888.8888888888888, "overshoot_cost": 1230.0725829493724, "power_cost": 33.39810057373047, "noise_cost": 29.76925135891184, "n_waypoints_completed": 1, "tot_waypoints": 9}}
{"target": -2157.1483679041494, "params": {"k_pid_pos": [1.8658080101013184, 0.0, 0.0], "k_pid_alt": [1.9457589387893677, 0.0, 0.9911399483680725], "k_pid_att": [97.41394805908203, 9.999999747378752e-05, 0.950598955154419], "k_pid_yaw": [0.5, 1e-06, 0.1], "k_pid_hsp": [9.999999747378752e-05, 0.0, 0.9233722686767578], "k_pid_vsp": [20.07534408569336, 359.7409973144531, 397.0668640136719]}, "datetime": {"datetime": "2025-08-14 03:02:14", "elapsed": 62062.13538479805, "delta": 28.1008358001709}, "costs": {"total_cost": 2157.1483679041494, "time_cost": 150, "final_distance_cost": 46.29677858539008, "oscillation_cost": 760.0610818997175, "completition_cost": 1000.0, "overshoot_cost": 97.59647737205034, "power_cost": 40.81591904296875, "noise_cost": 62.37811100402259, "n_waypoints_completed": 0, "tot_waypoints": 9}}
{"target": -3387.477450224593, "params": {"k_pid_pos": [2.0, 0.07991689443588257, 0.03562334179878235], "k_pid_alt": [2.0, 0.0, 1.0], "k_pid_att": [94.6008071899414, 9.999999747378752e-05, 0.9497185945510864], "k_pid_yaw": [0.5, 1e-06, 0.1], "k_pid_hsp": [9.999999747378752e-05, 0.0, 0.9866350293159485], "k_pid_vsp": [0.0, 388.8468933105469, 400.0]}, "datetime": {"datetime": "2025-08-14 03:02:43", "elapsed": 62091.17017555237, "delta": 29.034790754318237}, "costs": {"total_cost": 3387.477450224593, "time_cost": 150, "final_distance_cost": 690.6958336974997, "oscillation_cost": 718.8559426139087, "completition_cost": 1000.0, "overshoot_cost": 765.7696010694465, "power_cost": 34.21965732421875, "noise_cost": 27.936415519519855, "n_waypoints_completed": 0, "tot_waypoints": 9}}
{"target": -3060.833843525057, "params": {"k_pid_pos": [2.0, 0.0, 0.0], "k_pid_alt": [2.0, 0.0, 0.9354238510131836], "k_pid_att": [99.9517593383789, 9.999999747378752e-05, 1.0], "k_pid_yaw": [0.5, 1e-06, 0.1], "k_pid_hsp": [0.21503816545009613, 0.038484811782836914, 0.9016213417053223], "k_pid_vsp": [0.0, 380.41888427734375, 390.73468017578125]}, "datetime": {"datetime": "2025-08-14 03:03:12", "elapsed": 62120.61404109001, "delta": 29.443865537643433}, "costs": {"total_cost": 3060.833843525057, "time_cost": 150, "final_distance_cost": 206.54290267441485, "oscillation_cost": 840.4940115321518, "completition_cost": 1000.0, "overshoot_cost": 802.2257076906856, "power_cost": 34.12946821289063, "noise_cost": 27.441753414914942, "n_waypoints_completed": 0, "tot_waypoints": 9}}
{"target": -4560.442559286723, "params": {"k_pid_pos": [1.9846264123916626, 0.0073007941246032715, 0.003866225481033325], "k_pid_alt": [2.0, 0.0, 1.0], "k_pid_att": [100.0, 9.999999747378752e-05, 1.0], "k_pid_yaw": [0.5, 1e-06, 0.1], "k_pid_hsp": [0.9908576011657715, 0.01859983801841736, 0.9832109808921814], "k_pid_vsp": [0.0, 389.1473083496094, 400.0]}, "datetime": {"datetime": "2025-08-14 03:03:43", "elapsed": 62151.34266829491, "delta": 30.72862720489502}, "costs": {"total_cost": 4560.442559286723, "time_cost": 150, "final_distance_cost": 888.2049249311274, "oscillation_cost": 721.3144830533611, "completition_cost": 1000.0, "overshoot_cost": 1738.0248087032928, "power_cost": 33.007821984863284, "noise_cost": 29.890520614078206, "n_waypoints_completed": 0, "tot_waypoints": 9}}
{"target": -2875.123761023018, "params": {"k_pid_pos": [2.0, 0.0, 0.03956031799316406], "k_pid_alt": [1.9993596076965332, 0.02659851312637329, 1.0], "k_pid_att": [99.22416687011719, 9.999999747378752e-05, 0.9920532703399658], "k_pid_yaw": [0.5, 1e-06, 0.1], "k_pid_hsp": [0.012703275308012962, 0.04275396466255188, 0.9121007919311523], "k_pid_vsp": [0.0, 394.6408386230469, 400.0]}, "datetime": {"datetime": "2025-08-14 03:04:12", "elapsed": 62180.858474731445, "delta": 29.515806436538696}, "costs": {"total_cost": 2875.123761023018, "time_cost": 150, "final_distance_cost": 398.9221195461037, "oscillation_cost": 799.6521139730969, "completition_cost": 1000.0, "overshoot_cost": 461.7676573883202, "power_cost": 36.15719621582031, "noise_cost": 28.62467389967637, "n_waypoints_completed": 0, "tot_waypoints": 9}}
{"target": -3326.2689538607715, "params": {"k_pid_pos": [2.0, 0.011452138423919678, 0.07848060131072998], "k_pid_alt": [1.9077708721160889, 0.009785205125808716, 0.9486982822418213], "k_pid_att": [98.8238296508789, 0.03335190936923027, 0.9727621674537659], "k_pid_yaw": [0.5, 1e-06, 0.1], "k_pid_hsp": [0.25393813848495483, 0.0, 1.0], "k_pid_vsp": [30.088722229003906, 394.13043212890625, 400.0]}, "datetime": {"datetime": "2025-08-14 03:04:43", "elapsed": 62211.19209980965, "delta": 30.333625078201294}, "costs": {"total_cost": 3326.2689538607715, "time_cost": 150, "final_distance_cost": 636.6800739418388, "oscillation_cost": 825.8752156581627, "completition_cost": 1000.0, "overshoot_cost": 649.7273387121023, "power_cost": 35.80965856933594, "noise_cost": 28.176666979331426, "n_waypoints_completed": 0, "tot_waypoints": 9}}
{"target": -1922.994935113736, "params": {"k_pid_pos": [1.8308196067810059, 0.015764206647872925, 0.02807113528251648], "k_pid_alt": [2.0, 0.10754048824310303, 1.0], "k_pid_att": [100.0, 9.999999747378752e-05, 0.9723527431488037], "k_pid_yaw": [0.5, 1e-06, 0.1], "k_pid_hsp": [9.999999747378752e-05, 0.0, 0.956462025642395], "k_pid_vsp": [0.0, 385.59783935546875, 400.0]}, "datetime": {"datetime": "2025-08-14 03:05:12", "elapsed": 62240.613074064255, "delta": 29.420974254608154}, "costs": {"total_cost": 1922.994935113736, "time_cost": 150, "final_distance_cost": 77.57852118922929, "oscillation_cost": 696.6467102317569, "completition_cost": 777.7777777777778, "overshoot_cost": 127.71760772869841, "power_cost": 38.50601668701172, "noise_cost": 54.76830149926198, "n_waypoints_completed": 2, "tot_waypoints": 9}}
{"target": -3209.2245839172792, "params": {"k_pid_pos": [2.0, 0.05446454882621765, 0.0], "k_pid_alt": [1.9166566133499146, 0.03158557415008545, 0.9883253574371338], "k_pid_att": [100.0, 9.999999747378752e-05, 1.0], "k_pid_yaw": [0.5, 1e-06, 0.1], "k_pid_hsp": [9.999999747378752e-05, 0.0, 1.0], "k_pid_vsp": [0.0, 393.30206298828125, 400.0]}, "datetime": {"datetime": "2025-08-14 03:05:41", "elapsed": 62269.690054655075, "delta": 29.076980590820312}, "costs": {"total_cost": 3209.2245839172792, "time_cost": 150, "final_distance_cost": 477.58972429556536, "oscillation_cost": 762.4233094025279, "completition_cost": 1000.0, "overshoot_cost": 753.7402398002395, "power_cost": 36.68816101074219, "noise_cost": 28.783149408204128, "n_waypoints_completed": 0, "tot_waypoints": 9}}
{"target": -2317.181404144784, "params": {"k_pid_pos": [2.0, 0.0602928102016449, 0.0], "k_pid_alt": [2.0, 0.018705278635025024, 1.0], "k_pid_att": [96.99667358398438, 0.6857656240463257, 0.9905149340629578], "k_pid_yaw": [0.5, 1e-06, 0.1], "k_pid_hsp": [9.999999747378752e-05, 0.0, 1.0], "k_pid_vsp": [20.351076126098633, 380.6886291503906, 388.93792724609375]}, "datetime": {"datetime": "2025-08-14 03:06:09", "elapsed": 62297.65165185928, "delta": 27.961597204208374}, "costs": {"total_cost": 2317.181404144784, "time_cost": 150, "final_distance_cost": 119.01414476692277, "oscillation_cost": 816.4160373563715, "completition_cost": 1000.0, "overshoot_cost": 170.90047863812433, "power_cost": 33.978030078125, "noise_cost": 26.872713305240865, "n_waypoints_completed": 0, "tot_waypoints": 9}}
{"target": -2078.829355834477, "params": {"k_pid_pos": [1.8949341773986816, 0.0, 0.0], "k_pid_alt": [1.912882924079895, 0.0, 0.9796766042709351], "k_pid_att": [97.75390625, 9.999999747378752e-05, 1.0], "k_pid_yaw": [0.5, 1e-06, 0.1], "k_pid_hsp": [9.999999747378752e-05, 0.0, 0.938907265663147], "k_pid_vsp": [1.191878318786621, 385.92926025390625, 400.0]}, "datetime": {"datetime": "2025-08-14 03:06:39", "elapsed": 62327.33720397949, "delta": 29.68555212020874}, "costs": {"total_cost": 2078.829355834477, "time_cost": 150, "final_distance_cost": 52.70706681966812, "oscillation_cost": 727.7548534889354, "completition_cost": 1000.0, "overshoot_cost": 77.75041942120232, "power_cost": 41.22157202148438, "noise_cost": 29.395444083186593, "n_waypoints_completed": 0, "tot_waypoints": 9}}
{"target": -6522.237748888849, "params": {"k_pid_pos": [2.0, 0.0, 0.06820923089981079], "k_pid_alt": [2.0, 0.06832849979400635, 0.9144232273101807], "k_pid_att": [97.05084228515625, 9.999999747378752e-05, 1.0], "k_pid_yaw": [0.5, 1e-06, 0.1], "k_pid_hsp": [0.04910615086555481, 0.0, 0.9406691789627075], "k_pid_vsp": [0.0, 394.07952880859375, 400.0]}, "datetime": {"datetime": "2025-08-14 03:07:08", "elapsed": 62356.76604223251, "delta": 29.42883825302124}, "costs": {"total_cost": 6522.237748888849, "time_cost": 150, "final_distance_cost": 1272.8850026314622, "oscillation_cost": 810.8754689622381, "completition_cost": 1000.0, "overshoot_cost": 3228.7486174819205, "power_cost": 32.73731591796875, "noise_cost": 26.991343895258712, "n_waypoints_completed": 0, "tot_waypoints": 9}}
{"target": -2949.189051947658, "params": {"k_pid_pos": [1.8868385553359985, 0.0, 0.12094596028327942], "k_pid_alt": [1.915299654006958, 0.023858726024627686, 1.0], "k_pid_att": [98.322021484375, 0.8237883448600769, 0.9198541641235352], "k_pid_yaw": [0.5, 1e-06, 0.1], "k_pid_hsp": [1.3765982389450073, 0.034349262714385986, 1.0], "k_pid_vsp": [7.871401309967041, 365.9734191894531, 400.0]}, "datetime": {"datetime": "2025-08-14 03:07:36", "elapsed": 62384.7904958725, "delta": 28.02445363998413}, "costs": {"total_cost": 2949.189051947658, "time_cost": 150, "final_distance_cost": 352.02349994427055, "oscillation_cost": 514.8326635213327, "completition_cost": 1000.0, "overshoot_cost": 866.1102387221698, "power_cost": 35.24349328613281, "noise_cost": 30.979156473751907, "n_waypoints_completed": 0, "tot_waypoints": 9}}
{"target": -2145.0237935771584, "params": {"k_pid_pos": [2.0, 0.0, 0.002508819103240967], "k_pid_alt": [1.9290616512298584, 0.0, 0.9373159408569336], "k_pid_att": [92.11518859863281, 9.999999747378752e-05, 1.0], "k_pid_yaw": [0.5, 1e-06, 0.1], "k_pid_hsp": [0.241718128323555, 0.0, 0.9558374881744385], "k_pid_vsp": [24.057876586914062, 379.5301513671875, 398.451171875]}, "datetime": {"datetime": "2025-08-14 03:08:05", "elapsed": 62414.04582166672, "delta": 29.25532579421997}, "costs": {"total_cost": 2145.0237935771584, "time_cost": 150, "final_distance_cost": 64.27451488428714, "oscillation_cost": 731.6909077726515, "completition_cost": 1000.0, "overshoot_cost": 117.46958353365015, "power_cost": 37.80654332275391, "noise_cost": 43.78224406381551, "n_waypoints_completed": 0, "tot_waypoints": 9}}
{"target": -6391.289624848814, "params": {"k_pid_pos": [1.7925833463668823, 0.0, 0.04741230607032776], "k_pid_alt": [2.0, 0.06087195873260498, 0.986087441444397], "k_pid_att": [89.72866821289062, 9.999999747378752e-05, 1.0], "k_pid_yaw": [0.5, 1e-06, 0.1], "k_pid_hsp": [9.999999747378752e-05, 0.05578058958053589, 1.0], "k_pid_vsp": [35.093544006347656, 400.0, 400.0]}, "datetime": {"datetime": "2025-08-14 03:08:39", "elapsed": 62447.18499851227, "delta": 33.13917684555054}, "costs": {"total_cost": 6391.289624848814, "time_cost": 150, "final_distance_cost": 1415.661265963433, "oscillation_cost": 803.758037264225, "completition_cost": 1000.0, "overshoot_cost": 2964.199744780739, "power_cost": 31.134538000488284, "noise_cost": 26.53603883992819, "n_waypoints_completed": 0, "tot_waypoints": 9}}
{"target": -1870.3281291858111, "params": {"k_pid_pos": [2.0, 0.0, 0.004044651985168457], "k_pid_alt": [1.9461766481399536, 0.0, 1.0], "k_pid_att": [98.42724609375, 9.999999747378752e-05, 1.0], "k_pid_yaw": [0.5, 1e-06, 0.1], "k_pid_hsp": [0.6572602987289429, 0.0, 0.9839118719100952], "k_pid_vsp": [0.0, 400.0, 378.4302673339844]}, "datetime": {"datetime": "2025-08-14 03:09:10", "elapsed": 62478.21711874008, "delta": 31.03212022781372}, "costs": {"total_cost": 1870.3281291858111, "time_cost": 150, "final_distance_cost": 27.367743724645795, "oscillation_cost": 405.8304431259009, "completition_cost": 1000.0, "overshoot_cost": 145.02292723309404, "power_cost": 41.233914697265625, "noise_cost": 100.87310040490487, "n_waypoints_completed": 0, "tot_waypoints": 9}}
