{"target": -3113.6505398745276, "params": {"k_pid_pos": [2.0, 0.0, 0.0], "k_pid_alt": [1.9281293153762817, 0.09448361396789551, 0.979686975479126], "k_pid_att": [99.34613800048828, 9.999999747378752e-05, 1.0], "k_pid_yaw": [0.5, 1e-06, 0.1], "k_pid_hsp": [9.999999747378752e-05, 0.0, 1.0], "k_pid_vsp": [0.0, 382.4692077636719, 394.2566833496094]}, "datetime": {"datetime": "2025-08-13 17:08:04", "elapsed": 26412.584493160248, "delta": 28.555639505386353}, "costs": {"total_cost": 3113.6505398745276, "time_cost": 150, "final_distance_cost": 679.0030141858954, "oscillation_cost": 738.997905639949, "completition_cost": 1000.0, "overshoot_cost": 484.6313474195582, "power_cost": 33.59444674072266, "noise_cost": 27.4238258884025, "n_waypoints_completed": 0, "tot_waypoints": 9}}
{"target": -2176.8869525241735, "params": {"k_pid_pos": [2.0, 0.0, 0.05692616105079651], "k_pid_alt": [2.0, 0.05253094434738159, 0.9606495499610901], "k_pid_att": [100.0, 0.5243578553199768, 0.9645568132400513], "k_pid_yaw": [0.5, 1e-06, 0.1], "k_pid_hsp": [9.999999747378752e-05, 0.008853405714035034, 0.9607515335083008], "k_pid_vsp": [0.0, 400.0, 391.53179931640625]}, "datetime": {"datetime": "2025-08-13 17:08:34", "elapsed": 26442.59450650215, "delta": 30.010013341903687}, "costs": {"total_cost": 2176.8869525241735, "time_cost": 150, "final_distance_cost": 55.37418883837253, "oscillation_cost": 724.3015715925633, "completition_cost": 1000.0, "overshoot_cost": 169.40383985608875, "power_cost": 40.31497927246094, "noise_cost": 37.492372964687966, "n_waypoints_completed": 0, "tot_waypoints": 9}}
{"target": -7531.498754429644, "params": {"k_pid_pos": [2.0, 0.0, 0.0], "k_pid_alt": [1.9965907335281372, 1.8835067749023438e-05, 0.9357442855834961], "k_pid_att": [100.0, 0.16980107128620148, 1.0], "k_pid_yaw": [0.5, 1e-06, 0.1], "k_pid_hsp": [9.999999747378752e-05, 0.0990479588508606, 0.9736773371696472], "k_pid_vsp": [16.21767234802246, 400.0, 391.67291259765625]}, "datetime": {"datetime": "2025-08-13 17:09:03", "elapsed": 26471.387377738953, "delta": 28.792871236801147}, "costs": {"total_cost": 7531.498754429644, "time_cost": 150, "final_distance_cost": 1939.4805968118935, "oscillation_cost": 792.8801551908546, "completition_cost": 1000.0, "overshoot_cost": 3589.043465339292, "power_cost": 32.74225642089844, "noise_cost": 27.35228066670474, "n_waypoints_completed": 0, "tot_waypoints": 9}}
{"target": -7437.853037870201, "params": {"k_pid_pos": [1.9894359111785889, 0.0, 0.009113550186157227], "k_pid_alt": [1.8691121339797974, 0.0, 0.9849383234977722], "k_pid_att": [88.98124694824219, 0.3821530044078827, 0.9660634994506836], "k_pid_yaw": [0.5, 1e-06, 0.1], "k_pid_hsp": [9.999999747378752e-05, 0.0, 1.0], "k_pid_vsp": [5.702054500579834, 377.0815734863281, 400.0]}, "datetime": {"datetime": "2025-08-13 17:09:32", "elapsed": 26500.473713874817, "delta": 29.086336135864258}, "costs": {"total_cost": 7437.853037870201, "time_cost": 150, "final_distance_cost": 1926.8510136353989, "oscillation_cost": 724.084238597687, "completition_cost": 1000.0, "overshoot_cost": 3575.0048719811625, "power_cost": 34.02612067871094, "noise_cost": 27.88679297724103, "n_waypoints_completed": 0, "tot_waypoints": 9}}
{"target": -5710.430803859119, "params": {"k_pid_pos": [1.9429163932800293, 0.04059708118438721, 0.016516655683517456], "k_pid_alt": [1.869550108909607, 0.15355601906776428, 0.905645489692688], "k_pid_att": [100.0, 0.5225861072540283, 1.0], "k_pid_yaw": [0.5, 1e-06, 0.1], "k_pid_hsp": [9.999999747378752e-05, 0.0, 1.0], "k_pid_vsp": [0.0, 400.0, 400.0]}, "datetime": {"datetime": "2025-08-13 17:10:01", "elapsed": 26530.029151439667, "delta": 29.555437564849854}, "costs": {"total_cost": 5710.430803859119, "time_cost": 150, "final_distance_cost": 1452.949184954159, "oscillation_cost": 690.3652394560237, "completition_cost": 1000.0, "overshoot_cost": 2356.062181107617, "power_cost": 33.413938574218754, "noise_cost": 27.640259767099078, "n_waypoints_completed": 0, "tot_waypoints": 9}}
{"target": -3682.7646268952963, "params": {"k_pid_pos": [1.9209250211715698, 0.0, 0.0576416552066803], "k_pid_alt": [2.0, 0.0, 0.9893289804458618], "k_pid_att": [96.89322662353516, 9.999999747378752e-05, 1.0], "k_pid_yaw": [0.5, 1e-06, 0.1], "k_pid_hsp": [9.999999747378752e-05, 0.025896668434143066, 1.0], "k_pid_vsp": [0.0, 388.9681396484375, 400.0]}, "datetime": {"datetime": "2025-08-13 17:10:32", "elapsed": 26560.09476828575, "delta": 30.065616846084595}, "costs": {"total_cost": 3682.7646268952963, "time_cost": 150, "final_distance_cost": 534.6499540600759, "oscillation_cost": 791.7190573402861, "completition_cost": 1000.0, "overshoot_cost": 1143.641492038149, "power_cost": 34.58873459472657, "noise_cost": 28.165388862058524, "n_waypoints_completed": 0, "tot_waypoints": 9}}
{"target": -2193.56032217394, "params": {"k_pid_pos": [1.858814001083374, 0.04550588130950928, 0.0], "k_pid_alt": [2.0, 0.0, 1.0], "k_pid_att": [100.0, 9.999999747378752e-05, 1.0], "k_pid_yaw": [0.5, 1e-06, 0.1], "k_pid_hsp": [9.999999747378752e-05, 0.0, 0.9958654642105103], "k_pid_vsp": [28.769254684448242, 400.0, 400.0]}, "datetime": {"datetime": "2025-08-13 17:11:01", "elapsed": 26589.171956062317, "delta": 29.07718777656555}, "costs": {"total_cost": 2193.56032217394, "time_cost": 150, "final_distance_cost": 63.290085377506166, "oscillation_cost": 716.667918801245, "completition_cost": 1000.0, "overshoot_cost": 162.61505143792496, "power_cost": 43.012951074218755, "noise_cost": 57.974315483045416, "n_waypoints_completed": 0, "tot_waypoints": 9}}
{"target": -7099.02956886848, "params": {"k_pid_pos": [1.8849132061004639, 0.0, 0.0], "k_pid_alt": [1.9907552003860474, 0.0, 1.0], "k_pid_att": [95.2734603881836, 9.999999747378752e-05, 0.9283236265182495], "k_pid_yaw": [0.5, 1e-06, 0.1], "k_pid_hsp": [9.999999747378752e-05, 0.09179258346557617, 0.9952619075775146], "k_pid_vsp": [0.0, 400.0, 385.2210388183594]}, "datetime": {"datetime": "2025-08-13 17:11:30", "elapsed": 26618.502817869186, "delta": 29.330861806869507}, "costs": {"total_cost": 7099.02956886848, "time_cost": 150, "final_distance_cost": 1905.8035351910328, "oscillation_cost": 775.92214200878, "completition_cost": 1000.0, "overshoot_cost": 3206.8498386338715, "power_cost": 33.15087518310547, "noise_cost": 27.30317785168984, "n_waypoints_completed": 0, "tot_waypoints": 9}}
{"target": -6250.469679873925, "params": {"k_pid_pos": [1.9859228134155273, 0.050456613302230835, 0.09180456399917603], "k_pid_alt": [2.0, 0.053727537393569946, 1.0], "k_pid_att": [97.08891296386719, 0.7069151997566223, 1.0], "k_pid_yaw": [0.5, 1e-06, 0.1], "k_pid_hsp": [0.23774699866771698, 0.0, 0.9104480743408203], "k_pid_vsp": [0.0, 394.7395324707031, 391.857421875]}, "datetime": {"datetime": "2025-08-13 17:11:58", "elapsed": 26647.039402246475, "delta": 28.53658437728882}, "costs": {"total_cost": 6250.469679873925, "time_cost": 150, "final_distance_cost": 1569.21824765726, "oscillation_cost": 764.5845195762922, "completition_cost": 1000.0, "overshoot_cost": 2704.1221199792844, "power_cost": 34.606026123046874, "noise_cost": 27.938766538042092, "n_waypoints_completed": 0, "tot_waypoints": 9}}
{"target": -2212.42757245697, "params": {"k_pid_pos": [2.0, 0.04065796732902527, 0.0], "k_pid_alt": [2.0, 0.0, 0.9762722253799438], "k_pid_att": [97.06452178955078, 9.999999747378752e-05, 0.9633183479309082], "k_pid_yaw": [0.5, 1e-06, 0.1], "k_pid_hsp": [9.999999747378752e-05, 0.05264335870742798, 1.0], "k_pid_vsp": [38.591705322265625, 392.27056884765625, 395.3009033203125]}, "datetime": {"datetime": "2025-08-13 17:12:27", "elapsed": 26675.796989679337, "delta": 28.757587432861328}, "costs": {"total_cost": 2212.42757245697, "time_cost": 150, "final_distance_cost": 67.12734813277567, "oscillation_cost": 766.7092600038727, "completition_cost": 1000.0, "overshoot_cost": 164.4825671783687, "power_cost": 35.7191209350586, "noise_cost": 28.389276206894397, "n_waypoints_completed": 0, "tot_waypoints": 9}}
{"target": -3660.7446706531796, "params": {"k_pid_pos": [1.8750944137573242, 0.06781473755836487, 0.05102431774139404], "k_pid_alt": [1.8878642320632935, 0.0, 1.0], "k_pid_att": [99.16670227050781, 0.6189634799957275, 1.0], "k_pid_yaw": [0.5, 1e-06, 0.1], "k_pid_hsp": [9.999999747378752e-05, 0.0, 1.0], "k_pid_vsp": [35.04907989501953, 400.0, 355.9554443359375]}, "datetime": {"datetime": "2025-08-13 17:12:56", "elapsed": 26704.37327170372, "delta": 28.576282024383545}, "costs": {"total_cost": 3660.7446706531796, "time_cost": 150, "final_distance_cost": 598.0498736708521, "oscillation_cost": 820.6419873012893, "completition_cost": 1000.0, "overshoot_cost": 1029.7063454958834, "power_cost": 34.42668485107422, "noise_cost": 27.919779334080282, "n_waypoints_completed": 0, "tot_waypoints": 9}}
{"target": -2189.8226712833134, "params": {"k_pid_pos": [1.9526214599609375, 0.0, 0.0], "k_pid_alt": [1.9559478759765625, 0.0, 0.989956259727478], "k_pid_att": [100.0, 9.999999747378752e-05, 1.0], "k_pid_yaw": [0.5, 1e-06, 0.1], "k_pid_hsp": [9.999999747378752e-05, 0.0, 1.0], "k_pid_vsp": [12.668741226196289, 398.7768249511719, 399.21124267578125]}, "datetime": {"datetime": "2025-08-13 17:13:25", "elapsed": 26733.430832386017, "delta": 29.057560682296753}, "costs": {"total_cost": 2189.8226712833134, "time_cost": 150, "final_distance_cost": 16.85200477206588, "oscillation_cost": 793.6398748737315, "completition_cost": 1000.0, "overshoot_cost": 140.48886863978777, "power_cost": 38.09336480712891, "noise_cost": 50.74855819059939, "n_waypoints_completed": 0, "tot_waypoints": 9}}
{"target": -2447.4976887566454, "params": {"k_pid_pos": [2.0, 0.05175068974494934, 0.0], "k_pid_alt": [2.0, 0.0, 1.0], "k_pid_att": [100.0, 9.999999747378752e-05, 0.9349873065948486], "k_pid_yaw": [0.5, 1e-06, 0.1], "k_pid_hsp": [0.36749935150146484, 0.018786728382110596, 0.9109518527984619], "k_pid_vsp": [0.0, 370.0936279296875, 394.6161804199219]}, "datetime": {"datetime": "2025-08-13 17:13:55", "elapsed": 26763.126945495605, "delta": 29.696113109588623}, "costs": {"total_cost": 2447.4976887566454, "time_cost": 150, "final_distance_cost": 246.61206546990024, "oscillation_cost": 524.2106035139955, "completition_cost": 1000.0, "overshoot_cost": 461.30195853409026, "power_cost": 36.39415688476563, "noise_cost": 28.97890435389347, "n_waypoints_completed": 0, "tot_waypoints": 9}}
{"target": -2899.5834841516435, "params": {"k_pid_pos": [1.974692463874817, 0.0, 0.012223005294799805], "k_pid_alt": [1.9654829502105713, 0.0, 1.0], "k_pid_att": [98.59571838378906, 0.06782331317663193, 1.0], "k_pid_yaw": [0.5, 1e-06, 0.1], "k_pid_hsp": [9.999999747378752e-05, 0.10629194974899292, 0.9663496017456055], "k_pid_vsp": [0.0, 372.0660095214844, 397.4902038574219]}, "datetime": {"datetime": "2025-08-13 17:14:23", "elapsed": 26791.791374206543, "delta": 28.6644287109375}, "costs": {"total_cost": 2899.5834841516435, "time_cost": 150, "final_distance_cost": 225.20661267452562, "oscillation_cost": 843.591052185359, "completition_cost": 1000.0, "overshoot_cost": 617.1102245715892, "power_cost": 35.666424414062504, "noise_cost": 28.009170306107087, "n_waypoints_completed": 0, "tot_waypoints": 9}}
{"target": -2384.303338658147, "params": {"k_pid_pos": [1.9303703308105469, 0.028179168701171875, 0.0491178035736084], "k_pid_alt": [1.936519980430603, 0.07836642861366272, 0.9968521595001221], "k_pid_att": [91.8649673461914, 0.5936368107795715, 0.9201869964599609], "k_pid_yaw": [0.5, 1e-06, 0.1], "k_pid_hsp": [9.999999747378752e-05, 0.0050363242626190186, 0.9578973650932312], "k_pid_vsp": [0.0, 390.9379577636719, 372.4037780761719]}, "datetime": {"datetime": "2025-08-13 17:14:52", "elapsed": 26820.9483230114, "delta": 29.156948804855347}, "costs": {"total_cost": 2384.303338658147, "time_cost": 150, "final_distance_cost": 126.02349107842734, "oscillation_cost": 692.8659692644828, "completition_cost": 1000.0, "overshoot_cost": 348.9416618615633, "power_cost": 37.6847359741211, "noise_cost": 28.78748047955221, "n_waypoints_completed": 0, "tot_waypoints": 9}}
{"target": -3941.7421375441263, "params": {"k_pid_pos": [1.953016757965088, 0.06223464012145996, 0.0], "k_pid_alt": [1.8589414358139038, 0.0, 0.9608901739120483], "k_pid_att": [92.92940521240234, 9.999999747378752e-05, 0.9644182920455933], "k_pid_yaw": [0.5, 1e-06, 0.1], "k_pid_hsp": [0.5502161979675293, 0.0, 0.9797996282577515], "k_pid_vsp": [0.0, 396.6836242675781, 392.5401916503906]}, "datetime": {"datetime": "2025-08-13 17:15:22", "elapsed": 26850.405074357986, "delta": 29.456751346588135}, "costs": {"total_cost": 3941.7421375441263, "time_cost": 150, "final_distance_cost": 911.370536586196, "oscillation_cost": 558.4376442701885, "completition_cost": 1000.0, "overshoot_cost": 1258.0286789418012, "power_cost": 34.92105059814453, "noise_cost": 28.984227147795707, "n_waypoints_completed": 0, "tot_waypoints": 9}}
{"target": -5705.305472732747, "params": {"k_pid_pos": [1.9317941665649414, 0.0, 0.062091559171676636], "k_pid_alt": [1.939653992652893, 0.04882368445396423, 0.963616132736206], "k_pid_att": [100.0, 9.999999747378752e-05, 0.9639396667480469], "k_pid_yaw": [0.5, 1e-06, 0.1], "k_pid_hsp": [0.5326240658760071, 0.0023149847984313965, 0.9654788374900818], "k_pid_vsp": [0.0, 400.0, 400.0]}, "datetime": {"datetime": "2025-08-13 17:15:50", "elapsed": 26879.035862207413, "delta": 28.63078784942627}, "costs": {"total_cost": 5705.305472732747, "time_cost": 150, "final_distance_cost": 1252.6278912596822, "oscillation_cost": 762.4134771012431, "completition_cost": 1000.0, "overshoot_cost": 2477.435673988249, "power_cost": 34.54886300048828, "noise_cost": 28.279567383084302, "n_waypoints_completed": 0, "tot_waypoints": 9}}
{"target": -3450.494153456488, "params": {"k_pid_pos": [2.0, 0.0, 0.0331321656703949], "k_pid_alt": [2.0, 0.05942648649215698, 0.9848385453224182], "k_pid_att": [96.2396469116211, 9.999999747378752e-05, 1.0], "k_pid_yaw": [0.5, 1e-06, 0.1], "k_pid_hsp": [9.999999747378752e-05, 0.12905699014663696, 0.9814631938934326], "k_pid_vsp": [0.0, 399.5561828613281, 379.4427490234375]}, "datetime": {"datetime": "2025-08-13 17:16:19", "elapsed": 26907.57455921173, "delta": 28.538697004318237}, "costs": {"total_cost": 3450.494153456488, "time_cost": 150, "final_distance_cost": 766.6881590144194, "oscillation_cost": 781.1116545161158, "completition_cost": 1000.0, "overshoot_cost": 694.5085293554957, "power_cost": 31.591263586425782, "noise_cost": 26.59454698403153, "n_waypoints_completed": 0, "tot_waypoints": 9}}
{"target": -3054.858828633595, "params": {"k_pid_pos": [2.0, 0.0, 0.02271255850791931], "k_pid_alt": [1.9316346645355225, 0.03413867950439453, 0.9393823146820068], "k_pid_att": [100.0, 9.999999747378752e-05, 1.0], "k_pid_yaw": [0.5, 1e-06, 0.1], "k_pid_hsp": [9.999999747378752e-05, 0.040772467851638794, 0.9577127695083618], "k_pid_vsp": [0.0, 400.0, 400.0]}, "datetime": {"datetime": "2025-08-13 17:16:47", "elapsed": 26935.722616434097, "delta": 28.148057222366333}, "costs": {"total_cost": 3054.858828633595, "time_cost": 150, "final_distance_cost": 232.94954260917217, "oscillation_cost": 698.8092459671306, "completition_cost": 1000.0, "overshoot_cost": 908.5805852713046, "power_cost": 36.365985546875, "noise_cost": 28.15346923911242, "n_waypoints_completed": 0, "tot_waypoints": 9}}
{"target": -2095.6663718140703, "params": {"k_pid_pos": [1.879486083984375, 0.0, 0.0], "k_pid_alt": [2.0, 0.0, 0.9480583667755127], "k_pid_att": [98.8790512084961, 9.999999747378752e-05, 1.0], "k_pid_yaw": [0.5, 1e-06, 0.1], "k_pid_hsp": [9.999999747378752e-05, 0.0, 0.9888139367103577], "k_pid_vsp": [7.278287410736084, 400.0, 371.2249755859375]}, "datetime": {"datetime": "2025-08-13 17:17:15", "elapsed": 26963.791548252106, "delta": 28.068931818008423}, "costs": {"total_cost": 2095.6663718140703, "time_cost": 150, "final_distance_cost": 45.140052444449424, "oscillation_cost": 736.5209345239741, "completition_cost": 1000.0, "overshoot_cost": 90.16828373586733, "power_cost": 41.03867634277344, "noise_cost": 32.798424767006125, "n_waypoints_completed": 0, "tot_waypoints": 9}}
{"target": -3742.0207916366508, "params": {"k_pid_pos": [2.0, 0.09610915184020996, 0.0], "k_pid_alt": [2.0, 0.0, 1.0], "k_pid_att": [100.0, 9.999999747378752e-05, 0.9468367099761963], "k_pid_yaw": [0.5, 1e-06, 0.1], "k_pid_hsp": [9.999999747378752e-05, 0.0, 1.0], "k_pid_vsp": [0.0, 400.0, 388.130126953125]}, "datetime": {"datetime": "2025-08-13 17:17:43", "elapsed": 26991.618143558502, "delta": 27.826595306396484}, "costs": {"total_cost": 3742.0207916366508, "time_cost": 150, "final_distance_cost": 796.4637735837804, "oscillation_cost": 800.0223350454525, "completition_cost": 1000.0, "overshoot_cost": 928.3336249397548, "power_cost": 38.542502770996094, "noise_cost": 28.658555296666663, "n_waypoints_completed": 0, "tot_waypoints": 9}}
{"target": -2432.9556616621994, "params": {"k_pid_pos": [2.0, 0.10681456327438354, 0.05398806929588318], "k_pid_alt": [1.8835399150848389, 0.0, 1.0], "k_pid_att": [100.0, 9.999999747378752e-05, 1.0], "k_pid_yaw": [0.5, 1e-06, 0.1], "k_pid_hsp": [9.999999747378752e-05, 0.09963014721870422, 0.9323431849479675], "k_pid_vsp": [16.76984977722168, 400.0, 400.0]}, "datetime": {"datetime": "2025-08-13 17:18:12", "elapsed": 27020.375521421432, "delta": 28.757377862930298}, "costs": {"total_cost": 2432.9556616621994, "time_cost": 150, "final_distance_cost": 100.56346376626736, "oscillation_cost": 786.9643912006361, "completition_cost": 1000.0, "overshoot_cost": 325.97789448992927, "power_cost": 40.023589318847655, "noise_cost": 29.426322886518662, "n_waypoints_completed": 0, "tot_waypoints": 9}}
{"target": -2154.064049613965, "params": {"k_pid_pos": [1.9605563879013062, 0.0, 0.07962343096733093], "k_pid_alt": [1.9242243766784668, 0.0, 1.0], "k_pid_att": [95.2734146118164, 0.7108443379402161, 1.0], "k_pid_yaw": [0.5, 1e-06, 0.1], "k_pid_hsp": [9.999999747378752e-05, 0.024694114923477173, 0.9899497032165527], "k_pid_vsp": [36.45722961425781, 400.0, 388.94635009765625]}, "datetime": {"datetime": "2025-08-13 17:18:40", "elapsed": 27048.98322200775, "delta": 28.60770058631897}, "costs": {"total_cost": 2154.064049613965, "time_cost": 150, "final_distance_cost": 10.328332247540317, "oscillation_cost": 771.2476905936817, "completition_cost": 1000.0, "overshoot_cost": 109.62423839293497, "power_cost": 43.70989425048828, "noise_cost": 69.15389412931951, "n_waypoints_completed": 0, "tot_waypoints": 9}}
{"target": -2515.379397263353, "params": {"k_pid_pos": [1.987108588218689, 0.0, 0.0], "k_pid_alt": [1.9214694499969482, 0.05750492215156555, 1.0], "k_pid_att": [100.0, 0.13428957760334015, 0.9764259457588196], "k_pid_yaw": [0.5, 1e-06, 0.1], "k_pid_hsp": [9.999999747378752e-05, 0.0, 0.9013382196426392], "k_pid_vsp": [22.763729095458984, 383.45025634765625, 395.4673156738281]}, "datetime": {"datetime": "2025-08-13 17:19:09", "elapsed": 27077.548951625824, "delta": 28.56572961807251}, "costs": {"total_cost": 2515.379397263353, "time_cost": 150, "final_distance_cost": 387.045382487756, "oscillation_cost": 657.5505757675832, "completition_cost": 1000.0, "overshoot_cost": 257.42035647760235, "power_cost": 35.23607017822266, "noise_cost": 28.12701235218879, "n_waypoints_completed": 0, "tot_waypoints": 9}}
{"target": -2153.7363218442442, "params": {"k_pid_pos": [1.905411720275879, 0.0, 0.0], "k_pid_alt": [1.8057914972305298, 0.07399734854698181, 0.9613874554634094], "k_pid_att": [91.17557525634766, 0.6937525272369385, 0.8249464631080627], "k_pid_yaw": [0.5, 1e-06, 0.1], "k_pid_hsp": [0.1040467768907547, 0.0, 1.0], "k_pid_vsp": [0.0, 400.0, 379.07080078125]}, "datetime": {"datetime": "2025-08-13 17:19:39", "elapsed": 27107.113620996475, "delta": 29.564669370651245}, "costs": {"total_cost": 2153.7363218442442, "time_cost": 150, "final_distance_cost": 32.40485601423593, "oscillation_cost": 732.0663997220631, "completition_cost": 1000.0, "overshoot_cost": 129.7868153504449, "power_cost": 41.02596882324219, "noise_cost": 68.45228193425844, "n_waypoints_completed": 0, "tot_waypoints": 9}}
{"target": -1956.8118020314823, "params": {"k_pid_pos": [1.9123008251190186, 0.0, 0.06150412559509277], "k_pid_alt": [1.8730318546295166, 0.04545110464096069, 1.0], "k_pid_att": [100.0, 0.5901985764503479, 1.0], "k_pid_yaw": [0.5, 1e-06, 0.1], "k_pid_hsp": [0.08217626810073853, 0.0, 1.0], "k_pid_vsp": [0.0, 400.0, 400.0]}, "datetime": {"datetime": "2025-08-13 17:20:08", "elapsed": 27136.191751480103, "delta": 29.07813048362732}, "costs": {"total_cost": 1956.8118020314823, "time_cost": 150, "final_distance_cost": 59.852731274951736, "oscillation_cost": 694.263474850144, "completition_cost": 888.8888888888888, "overshoot_cost": 97.13474573202775, "power_cost": 37.90442911376953, "noise_cost": 28.767532171700704, "n_waypoints_completed": 1, "tot_waypoints": 9}}
{"target": -3405.7252340935493, "params": {"k_pid_pos": [2.0, 0.0, 0.0], "k_pid_alt": [2.0, 0.0, 0.9587514400482178], "k_pid_att": [97.56208038330078, 9.999999747378752e-05, 0.9658703207969666], "k_pid_yaw": [0.5, 1e-06, 0.1], "k_pid_hsp": [9.999999747378752e-05, 0.0026504099369049072, 1.0], "k_pid_vsp": [0.0, 386.4682312011719, 392.3731994628906]}, "datetime": {"datetime": "2025-08-13 17:20:36", "elapsed": 27165.01713490486, "delta": 28.82538342475891}, "costs": {"total_cost": 3405.7252340935493, "time_cost": 150, "final_distance_cost": 477.2759616995543, "oscillation_cost": 844.77443418633, "completition_cost": 1000.0, "overshoot_cost": 874.9861430872206, "power_cost": 31.958461437988284, "noise_cost": 26.730233682455985, "n_waypoints_completed": 0, "tot_waypoints": 9}}
