{"target": -2085.73253673203, "params": {"k_pid_pos": [2.0, 0.0, 0.0], "k_pid_alt": [1.907712697982788, 0.022321045398712158, 0.973495602607727], "k_pid_att": [100.0, 0.2583199143409729, 0.9922215938568115], "k_pid_yaw": [0.5, 1e-06, 0.1], "k_pid_hsp": [9.999999747378752e-05, 0.0, 0.965279221534729], "k_pid_vsp": [40.07191467285156, 395.7037353515625, 400.0]}, "datetime": {"datetime": "2025-08-14 06:50:13", "elapsed": 75741.91713905334, "delta": 30.877395391464233}, "costs": {"total_cost": 2085.73253673203, "time_cost": 150, "final_distance_cost": 69.51934988699635, "oscillation_cost": 750.3222301107982, "completition_cost": 888.8888888888888, "overshoot_cost": 122.84170451099966, "power_cost": 40.131327880859374, "noise_cost": 64.02903545348771, "n_waypoints_completed": 1, "tot_waypoints": 9}}
{"target": -3123.4175571634064, "params": {"k_pid_pos": [1.9700630903244019, 0.0, 0.0], "k_pid_alt": [2.0, 0.055886030197143555, 0.8976637125015259], "k_pid_att": [100.0, 0.08936809003353119, 0.9470386505126953], "k_pid_yaw": [0.5, 1e-06, 0.1], "k_pid_hsp": [1.018630027770996, 0.0, 1.0], "k_pid_vsp": [4.72182035446167, 397.880126953125, 376.37322998046875]}, "datetime": {"datetime": "2025-08-14 06:50:41", "elapsed": 75769.37455558777, "delta": 27.457416534423828}, "costs": {"total_cost": 3123.4175571634064, "time_cost": 150, "final_distance_cost": 465.6208467324268, "oscillation_cost": 769.468902647151, "completition_cost": 1000.0, "overshoot_cost": 671.5090446058482, "power_cost": 35.457178356933596, "noise_cost": 31.361584821047238, "n_waypoints_completed": 0, "tot_waypoints": 9}}
{"target": -4116.45962546368, "params": {"k_pid_pos": [2.0, 0.042968541383743286, 0.004213452339172363], "k_pid_alt": [1.9343078136444092, 0.03978508710861206, 0.9466558694839478], "k_pid_att": [100.0, 9.999999747378752e-05, 1.0], "k_pid_yaw": [0.5, 1e-06, 0.1], "k_pid_hsp": [9.999999747378752e-05, 0.07267385721206665, 1.0], "k_pid_vsp": [0.0, 400.0, 400.0]}, "datetime": {"datetime": "2025-08-14 06:51:10", "elapsed": 75798.55225968361, "delta": 29.177704095840454}, "costs": {"total_cost": 4116.45962546368, "time_cost": 150, "final_distance_cost": 767.6063606396365, "oscillation_cost": 758.7885423826725, "completition_cost": 1000.0, "overshoot_cost": 1376.9477856246356, "power_cost": 34.91806654052735, "noise_cost": 28.198870276208158, "n_waypoints_completed": 0, "tot_waypoints": 9}}
{"target": -3033.374166345981, "params": {"k_pid_pos": [1.690566062927246, 0.047389864921569824, 0.004644542932510376], "k_pid_alt": [1.9931721687316895, 0.0, 0.971067488193512], "k_pid_att": [100.0, 9.999999747378752e-05, 1.0], "k_pid_yaw": [0.5, 1e-06, 0.1], "k_pid_hsp": [0.15123112499713898, 0.06261458992958069, 1.0], "k_pid_vsp": [7.3763251304626465, 391.0768127441406, 400.0]}, "datetime": {"datetime": "2025-08-14 06:51:40", "elapsed": 75828.24274635315, "delta": 29.690486669540405}, "costs": {"total_cost": 3033.374166345981, "time_cost": 150, "final_distance_cost": 422.9739938260248, "oscillation_cost": 837.182559695786, "completition_cost": 1000.0, "overshoot_cost": 565.1271107928791, "power_cost": 31.429737353515627, "noise_cost": 26.660764677775486, "n_waypoints_completed": 0, "tot_waypoints": 9}}
{"target": -7237.227025039073, "params": {"k_pid_pos": [2.0, 0.0, 0.015988647937774658], "k_pid_alt": [1.998687744140625, 0.02992349863052368, 0.923678994178772], "k_pid_att": [95.26142883300781, 0.18670210242271423, 0.9627974033355713], "k_pid_yaw": [0.5, 1e-06, 0.1], "k_pid_hsp": [0.11572530120611191, 0.0, 0.9912667274475098], "k_pid_vsp": [17.29470443725586, 400.0, 389.9648742675781]}, "datetime": {"datetime": "2025-08-14 06:52:06", "elapsed": 75854.5300462246, "delta": 26.287299871444702}, "costs": {"total_cost": 7237.227025039073, "time_cost": 150, "final_distance_cost": 1787.0468537753693, "oscillation_cost": 840.5057648146799, "completition_cost": 1000.0, "overshoot_cost": 3399.4167729917694, "power_cost": 33.06324595947266, "noise_cost": 27.19438749778125, "n_waypoints_completed": 0, "tot_waypoints": 9}}
{"target": -4879.993571980437, "params": {"k_pid_pos": [2.0, 0.0, 0.1303604245185852], "k_pid_alt": [1.927018165588379, 0.020139425992965698, 1.0], "k_pid_att": [93.08831024169922, 0.37317395210266113, 1.0], "k_pid_yaw": [0.5, 1e-06, 0.1], "k_pid_hsp": [0.05501022934913635, 0.0, 1.0], "k_pid_vsp": [11.121606826782227, 397.8197937011719, 388.119140625]}, "datetime": {"datetime": "2025-08-14 06:52:36", "elapsed": 75884.126755476, "delta": 29.59670925140381}, "costs": {"total_cost": 4879.993571980437, "time_cost": 150, "final_distance_cost": 1170.716135482897, "oscillation_cost": 732.8647678928806, "completition_cost": 1000.0, "overshoot_cost": 1767.1456531741837, "power_cost": 31.92964870605469, "noise_cost": 27.337366724420644, "n_waypoints_completed": 0, "tot_waypoints": 9}}
{"target": -2140.247333032084, "params": {"k_pid_pos": [1.9594767093658447, 0.014161825180053711, 0.05247873067855835], "k_pid_alt": [2.0, 0.10344931483268738, 0.9673467874526978], "k_pid_att": [100.0, 0.1341027170419693, 0.9452515840530396], "k_pid_yaw": [0.5, 1e-06, 0.1], "k_pid_hsp": [9.999999747378752e-05, 0.0, 1.0], "k_pid_vsp": [0.0, 395.059814453125, 370.6393127441406]}, "datetime": {"datetime": "2025-08-14 06:53:06", "elapsed": 75914.42287802696, "delta": 30.296122550964355}, "costs": {"total_cost": 2140.247333032084, "time_cost": 150, "final_distance_cost": 76.8912116250507, "oscillation_cost": 670.1861027745251, "completition_cost": 1000.0, "overshoot_cost": 174.7946554525128, "power_cost": 39.667743566894536, "noise_cost": 28.707619613100995, "n_waypoints_completed": 0, "tot_waypoints": 9}}
{"target": -2736.2754520816993, "params": {"k_pid_pos": [2.0, 0.060225993394851685, 0.0], "k_pid_alt": [1.9161940813064575, 0.0, 1.0], "k_pid_att": [97.05839538574219, 9.999999747378752e-05, 1.0], "k_pid_yaw": [0.5, 1e-06, 0.1], "k_pid_hsp": [0.04320833086967468, 0.0, 1.0], "k_pid_vsp": [0.0, 400.0, 382.28363037109375]}, "datetime": {"datetime": "2025-08-14 06:53:33", "elapsed": 75941.96450567245, "delta": 27.541627645492554}, "costs": {"total_cost": 2736.2754520816993, "time_cost": 150, "final_distance_cost": 378.5091514443615, "oscillation_cost": 780.3829018578385, "completition_cost": 1000.0, "overshoot_cost": 364.8286941913936, "power_cost": 34.796327197265626, "noise_cost": 27.75837739083979, "n_waypoints_completed": 0, "tot_waypoints": 9}}
{"target": -5276.750512302541, "params": {"k_pid_pos": [1.8502188920974731, 0.0, 0.0], "k_pid_alt": [1.9267654418945312, 0.0, 0.9375465512275696], "k_pid_att": [100.0, 0.808014988899231, 1.0], "k_pid_yaw": [0.5, 1e-06, 0.1], "k_pid_hsp": [0.21879887580871582, 0.031689226627349854, 0.9812848567962646], "k_pid_vsp": [0.0, 397.77032470703125, 396.1805725097656]}, "datetime": {"datetime": "2025-08-14 06:54:04", "elapsed": 75972.71058034897, "delta": 30.746074676513672}, "costs": {"total_cost": 5276.750512302541, "time_cost": 150, "final_distance_cost": 992.1060149734427, "oscillation_cost": 784.5542383243757, "completition_cost": 1000.0, "overshoot_cost": 2286.172502827385, "power_cost": 35.549242346191406, "noise_cost": 28.368513831147496, "n_waypoints_completed": 0, "tot_waypoints": 9}}
{"target": -5183.366216079599, "params": {"k_pid_pos": [2.0, 0.02464386820793152, 0.06245306134223938], "k_pid_alt": [2.0, 0.01841244101524353, 1.0], "k_pid_att": [97.46826934814453, 9.999999747378752e-05, 1.0], "k_pid_yaw": [0.5, 1e-06, 0.1], "k_pid_hsp": [0.8314918279647827, 0.0, 0.9718868732452393], "k_pid_vsp": [18.638206481933594, 400.0, 395.8859558105469]}, "datetime": {"datetime": "2025-08-14 06:54:33", "elapsed": 76001.81717395782, "delta": 29.1065936088562}, "costs": {"total_cost": 5183.366216079599, "time_cost": 150, "final_distance_cost": 1190.6938119896815, "oscillation_cost": 766.77269793772, "completition_cost": 1000.0, "overshoot_cost": 2013.3674288067125, "power_cost": 33.012305383300784, "noise_cost": 29.519971962184844, "n_waypoints_completed": 0, "tot_waypoints": 9}}
{"target": -2192.3753176405994, "params": {"k_pid_pos": [1.9621524810791016, 0.0, 0.0], "k_pid_alt": [1.9611101150512695, 0.0005439221858978271, 0.9853585362434387], "k_pid_att": [100.0, 0.6726622581481934, 0.9620615243911743], "k_pid_yaw": [0.5, 1e-06, 0.1], "k_pid_hsp": [0.19089345633983612, 0.0, 1.0], "k_pid_vsp": [9.967004776000977, 393.1361083984375, 398.89007568359375]}, "datetime": {"datetime": "2025-08-14 06:55:03", "elapsed": 76031.36002135277, "delta": 29.542847394943237}, "costs": {"total_cost": 2192.3753176405994, "time_cost": 150, "final_distance_cost": 29.584747083625917, "oscillation_cost": 698.2258380866649, "completition_cost": 1000.0, "overshoot_cost": 210.56860613512313, "power_cost": 41.670539709472656, "noise_cost": 62.32558662571318, "n_waypoints_completed": 0, "tot_waypoints": 9}}
{"target": -3748.62674212466, "params": {"k_pid_pos": [1.794274091720581, 0.0, 0.0], "k_pid_alt": [2.0, 0.0, 1.0], "k_pid_att": [99.45123291015625, 0.08320353925228119, 0.9879661202430725], "k_pid_yaw": [0.5, 1e-06, 0.1], "k_pid_hsp": [9.999999747378752e-05, 0.05199506878852844, 1.0], "k_pid_vsp": [5.549776554107666, 384.85479736328125, 391.0149230957031]}, "datetime": {"datetime": "2025-08-14 06:55:32", "elapsed": 76061.04151701927, "delta": 29.681495666503906}, "costs": {"total_cost": 3748.62674212466, "time_cost": 150, "final_distance_cost": 672.0082964155562, "oscillation_cost": 791.4837014382844, "completition_cost": 1000.0, "overshoot_cost": 1073.9119919823374, "power_cost": 33.56875035400391, "noise_cost": 27.654001934477726, "n_waypoints_completed": 0, "tot_waypoints": 9}}
{"target": -2062.643313166048, "params": {"k_pid_pos": [1.9919229745864868, 0.04924258589744568, 0.09011375904083252], "k_pid_alt": [2.0, 0.08241915702819824, 1.0], "k_pid_att": [100.0, 0.38046351075172424, 0.983863353729248], "k_pid_yaw": [0.5, 1e-06, 0.1], "k_pid_hsp": [0.24883514642715454, 0.014695227146148682, 1.0], "k_pid_vsp": [0.0, 382.77386474609375, 400.0]}, "datetime": {"datetime": "2025-08-14 06:56:01", "elapsed": 76089.92671966553, "delta": 28.885202646255493}, "costs": {"total_cost": 2062.643313166048, "time_cost": 150, "final_distance_cost": 50.99429166249426, "oscillation_cost": 625.124543142856, "completition_cost": 888.8888888888888, "overshoot_cost": 227.53505762687325, "power_cost": 41.46294099121094, "noise_cost": 78.6375908537244, "n_waypoints_completed": 1, "tot_waypoints": 9}}
{"target": -2467.239370494751, "params": {"k_pid_pos": [1.9360066652297974, 0.047135382890701294, 0.0], "k_pid_alt": [1.9889483451843262, 0.04525163769721985, 1.0], "k_pid_att": [100.0, 9.999999747378752e-05, 1.0], "k_pid_yaw": [0.5, 1e-06, 0.1], "k_pid_hsp": [9.999999747378752e-05, 0.020413517951965332, 0.9488233327865601], "k_pid_vsp": [10.249984741210938, 400.0, 400.0]}, "datetime": {"datetime": "2025-08-14 06:56:31", "elapsed": 76119.70346975327, "delta": 29.776750087738037}, "costs": {"total_cost": 2467.239370494751, "time_cost": 150, "final_distance_cost": 240.6365430329153, "oscillation_cost": 813.5925841194884, "completition_cost": 1000.0, "overshoot_cost": 201.54784076532692, "power_cost": 34.15872197265625, "noise_cost": 27.30368060436436, "n_waypoints_completed": 0, "tot_waypoints": 9}}
{"target": -2094.363769940389, "params": {"k_pid_pos": [1.9115233421325684, 0.022247731685638428, 0.0], "k_pid_alt": [2.0, 0.0, 1.0], "k_pid_att": [95.38321685791016, 0.49117207527160645, 1.0], "k_pid_yaw": [0.5, 1e-06, 0.1], "k_pid_hsp": [9.999999747378752e-05, 0.005233824253082275, 1.0], "k_pid_vsp": [0.0, 400.0, 387.69537353515625]}, "datetime": {"datetime": "2025-08-14 06:56:58", "elapsed": 76146.65335655212, "delta": 26.949886798858643}, "costs": {"total_cost": 2094.363769940389, "time_cost": 150, "final_distance_cost": 1.675569914266094, "oscillation_cost": 734.6402264887671, "completition_cost": 1000.0, "overshoot_cost": 101.8919292627985, "power_cost": 41.70862020263672, "noise_cost": 64.4474240719206, "n_waypoints_completed": 0, "tot_waypoints": 9}}
{"target": -1994.5890143214785, "params": {"k_pid_pos": [1.8093206882476807, 0.05679073929786682, 0.016077756881713867], "k_pid_alt": [1.9900977611541748, 0.0, 1.0], "k_pid_att": [93.67366790771484, 9.999999747378752e-05, 1.0], "k_pid_yaw": [0.5, 1e-06, 0.1], "k_pid_hsp": [0.21532514691352844, 0.03198212385177612, 0.9831455945968628], "k_pid_vsp": [0.0, 392.00421142578125, 400.0]}, "datetime": {"datetime": "2025-08-14 06:57:30", "elapsed": 76178.21768975258, "delta": 31.564333200454712}, "costs": {"total_cost": 1994.5890143214785, "time_cost": 150, "final_distance_cost": 67.69924383506644, "oscillation_cost": 668.5431545289081, "completition_cost": 888.8888888888888, "overshoot_cost": 133.23922353070952, "power_cost": 41.03185478515625, "noise_cost": 45.18664875274943, "n_waypoints_completed": 1, "tot_waypoints": 9}}
{"target": -1661.085006428171, "params": {"k_pid_pos": [2.0, 0.0, 0.06516861915588379], "k_pid_alt": [1.887312412261963, 0.09000706672668457, 0.9754716753959656], "k_pid_att": [94.51111602783203, 0.13679145276546478, 1.0], "k_pid_yaw": [0.5, 1e-06, 0.1], "k_pid_hsp": [1.0616236925125122, 0.0, 1.0], "k_pid_vsp": [0.0, 366.9598388671875, 400.0]}, "datetime": {"datetime": "2025-08-14 06:57:56", "elapsed": 76204.94234919548, "delta": 26.72465944290161}, "costs": {"total_cost": 1661.085006428171, "time_cost": 150, "final_distance_cost": 123.31192536966572, "oscillation_cost": 444.0239095043321, "completition_cost": 777.7777777777778, "overshoot_cost": 98.00383448873615, "power_cost": 37.192552062988284, "noise_cost": 30.775007224670993, "n_waypoints_completed": 2, "tot_waypoints": 9}}
{"target": -6854.825013344062, "params": {"k_pid_pos": [2.0, 0.0470433235168457, 0.01200684905052185], "k_pid_alt": [2.0, 0.0, 1.0], "k_pid_att": [100.0, 9.999999747378752e-05, 0.976960301399231], "k_pid_yaw": [0.5, 1e-06, 0.1], "k_pid_hsp": [0.3441971242427826, 0.0, 1.0], "k_pid_vsp": [0.0, 400.0, 400.0]}, "datetime": {"datetime": "2025-08-14 06:58:26", "elapsed": 76234.5513882637, "delta": 29.609039068222046}, "costs": {"total_cost": 6854.825013344062, "time_cost": 150, "final_distance_cost": 1505.0378241818194, "oscillation_cost": 744.8644548261267, "completition_cost": 1000.0, "overshoot_cost": 3392.6266423838206, "power_cost": 34.50110147705078, "noise_cost": 27.7949904752454, "n_waypoints_completed": 0, "tot_waypoints": 9}}
{"target": -1526.8368835862009, "params": {"k_pid_pos": [2.0, 0.0, 0.0], "k_pid_alt": [1.9506373405456543, 0.0, 0.9968810081481934], "k_pid_att": [96.8067855834961, 0.07210109382867813, 0.976828932762146], "k_pid_yaw": [0.5, 1e-06, 0.1], "k_pid_hsp": [0.7609742879867554, 0.0, 1.0], "k_pid_vsp": [0.0, 381.2749328613281, 392.5967712402344]}, "datetime": {"datetime": "2025-08-14 06:58:56", "elapsed": 76264.64569330215, "delta": 30.09430503845215}, "costs": {"total_cost": 1526.8368835862009, "time_cost": 150, "final_distance_cost": 91.95541028179085, "oscillation_cost": 386.87015269491565, "completition_cost": 666.6666666666667, "overshoot_cost": 162.92556008721817, "power_cost": 38.13465748291016, "noise_cost": 30.284436372699215, "n_waypoints_completed": 3, "tot_waypoints": 9}}
{"target": -1976.633483111397, "params": {"k_pid_pos": [1.9345091581344604, 0.07703709602355957, 0.0], "k_pid_alt": [1.7763646841049194, 0.10258284211158752, 1.0], "k_pid_att": [100.0, 9.999999747378752e-05, 0.9450156092643738], "k_pid_yaw": [0.5, 1e-06, 0.1], "k_pid_hsp": [9.999999747378752e-05, 0.0, 1.0], "k_pid_vsp": [24.539506912231445, 400.0, 392.1189880371094]}, "datetime": {"datetime": "2025-08-14 06:59:25", "elapsed": 76293.16255450249, "delta": 28.51686120033264}, "costs": {"total_cost": 1976.633483111397, "time_cost": 150, "final_distance_cost": 46.294819472100286, "oscillation_cost": 689.0821068385213, "completition_cost": 888.8888888888888, "overshoot_cost": 111.58826079025167, "power_cost": 40.16960264892578, "noise_cost": 50.609804472708916, "n_waypoints_completed": 1, "tot_waypoints": 9}}
{"target": -8041.603536961626, "params": {"k_pid_pos": [2.0, 0.0, 0.0], "k_pid_alt": [1.9126672744750977, 0.0, 1.0], "k_pid_att": [93.64291381835938, 9.999999747378752e-05, 1.0], "k_pid_yaw": [0.5, 1e-06, 0.1], "k_pid_hsp": [9.999999747378752e-05, 0.036120057106018066, 0.9851690530776978], "k_pid_vsp": [0.0, 400.0, 400.0]}, "datetime": {"datetime": "2025-08-14 06:59:55", "elapsed": 76323.28150320053, "delta": 30.118948698043823}, "costs": {"total_cost": 8041.603536961626, "time_cost": 150, "final_distance_cost": 1850.586417582872, "oscillation_cost": 714.4893825414811, "completition_cost": 1000.0, "overshoot_cost": 4263.88257388807, "power_cost": 34.590508801269536, "noise_cost": 28.05465414793389, "n_waypoints_completed": 0, "tot_waypoints": 9}}
{"target": -3506.9882177103927, "params": {"k_pid_pos": [2.0, 0.0, 0.0], "k_pid_alt": [2.0, 0.06325429677963257, 1.0], "k_pid_att": [100.0, 0.5163634419441223, 1.0], "k_pid_yaw": [0.5, 1e-06, 0.1], "k_pid_hsp": [0.06346268206834793, 0.0, 0.9711487293243408], "k_pid_vsp": [0.0, 400.0, 397.51690673828125]}, "datetime": {"datetime": "2025-08-14 07:00:22", "elapsed": 76350.85144114494, "delta": 27.56993794441223}, "costs": {"total_cost": 3506.9882177103927, "time_cost": 150, "final_distance_cost": 864.7882767392531, "oscillation_cost": 801.2220970278406, "completition_cost": 777.7777777777778, "overshoot_cost": 850.4269369592669, "power_cost": 35.060124816894536, "noise_cost": 27.71300438935983, "n_waypoints_completed": 2, "tot_waypoints": 9}}
{"target": -2873.44825633828, "params": {"k_pid_pos": [2.0, 0.06360530853271484, 0.0], "k_pid_alt": [1.9863628149032593, 0.0, 1.0], "k_pid_att": [96.65438079833984, 0.4864147901535034, 0.9965173006057739], "k_pid_yaw": [0.5, 1e-06, 0.1], "k_pid_hsp": [9.999999747378752e-05, 0.0, 0.9275742769241333], "k_pid_vsp": [44.025875091552734, 400.0, 400.0]}, "datetime": {"datetime": "2025-08-14 07:00:52", "elapsed": 76380.11056232452, "delta": 29.25912117958069}, "costs": {"total_cost": 2873.44825633828, "time_cost": 150, "final_distance_cost": 324.2004759471068, "oscillation_cost": 790.7575855661358, "completition_cost": 1000.0, "overshoot_cost": 545.631886961717, "power_cost": 35.03616525878906, "noise_cost": 27.822142604531145, "n_waypoints_completed": 0, "tot_waypoints": 9}}
{"target": -2179.6665825234472, "params": {"k_pid_pos": [2.0, 0.0, 0.02413332462310791], "k_pid_alt": [2.0, 0.0, 0.9155681133270264], "k_pid_att": [100.0, 0.7697575688362122, 0.9582442045211792], "k_pid_yaw": [0.5, 1e-06, 0.1], "k_pid_hsp": [0.08606423437595367, 0.013161331415176392, 1.0], "k_pid_vsp": [23.018657684326172, 400.0, 395.0834045410156]}, "datetime": {"datetime": "2025-08-14 07:01:22", "elapsed": 76410.33897686005, "delta": 30.22841453552246}, "costs": {"total_cost": 2179.6665825234472, "time_cost": 150, "final_distance_cost": 157.87428336316984, "oscillation_cost": 803.1589020590675, "completition_cost": 888.8888888888888, "overshoot_cost": 115.73143268313568, "power_cost": 36.21043397216797, "noise_cost": 27.802641557017434, "n_waypoints_completed": 1, "tot_waypoints": 9}}
{"target": -2838.6682149751314, "params": {"k_pid_pos": [1.960903525352478, 0.0, 0.0], "k_pid_alt": [2.0, 0.019477009773254395, 0.9824286103248596], "k_pid_att": [100.0, 0.3733232617378235, 1.0], "k_pid_yaw": [0.5, 1e-06, 0.1], "k_pid_hsp": [0.43846362829208374, 0.009568572044372559, 1.0], "k_pid_vsp": [0.0, 376.0078430175781, 400.0]}, "datetime": {"datetime": "2025-08-14 07:01:48", "elapsed": 76436.79577231407, "delta": 26.45679545402527}, "costs": {"total_cost": 2838.6682149751314, "time_cost": 150, "final_distance_cost": 180.37643553441643, "oscillation_cost": 512.1939438327356, "completition_cost": 1000.0, "overshoot_cost": 928.2935126080108, "power_cost": 38.664230334472656, "noise_cost": 29.14009266549616, "n_waypoints_completed": 0, "tot_waypoints": 9}}
{"target": -1959.1803171134377, "params": {"k_pid_pos": [1.8959665298461914, 0.0, 0.032470703125], "k_pid_alt": [1.9874815940856934, 0.0, 0.9734898209571838], "k_pid_att": [100.0, 0.20565588772296906, 0.9305984973907471], "k_pid_yaw": [0.5, 1e-06, 0.1], "k_pid_hsp": [0.3377286195755005, 0.0, 1.0], "k_pid_vsp": [0.0, 380.5763244628906, 390.2026062011719]}, "datetime": {"datetime": "2025-08-14 07:02:18", "elapsed": 76466.38074564934, "delta": 29.584973335266113}, "costs": {"total_cost": 1959.1803171134377, "time_cost": 150, "final_distance_cost": 39.925317287561334, "oscillation_cost": 598.1962777853385, "completition_cost": 888.8888888888888, "overshoot_cost": 177.53673789401427, "power_cost": 41.11265961914063, "noise_cost": 63.520435638494064, "n_waypoints_completed": 1, "tot_waypoints": 9}}
{"target": -4114.738937339754, "params": {"k_pid_pos": [1.7328840494155884, 0.045068562030792236, 0.02661791443824768], "k_pid_alt": [2.0, 0.06783473491668701, 0.9894869327545166], "k_pid_att": [96.67716217041016, 1.103274941444397, 1.0], "k_pid_yaw": [0.5, 1e-06, 0.1], "k_pid_hsp": [0.14551092684268951, 0.0, 1.0], "k_pid_vsp": [33.398460388183594, 400.0, 400.0]}, "datetime": {"datetime": "2025-08-14 07:02:47", "elapsed": 76495.10290813446, "delta": 28.72216248512268}, "costs": {"total_cost": 4114.738937339754, "time_cost": 150, "final_distance_cost": 844.1452974730641, "oscillation_cost": 763.5558720606219, "completition_cost": 1000.0, "overshoot_cost": 1296.2172657687424, "power_cost": 33.45161153564453, "noise_cost": 27.368890501680436, "n_waypoints_completed": 0, "tot_waypoints": 9}}
