{"target": -5118.015582675381, "params": {"k_pid_pos": [2.0, 0.0, 0.004164010286331177], "k_pid_alt": [2.0, 0.0, 0.9728165864944458], "k_pid_att": [99.47886657714844, 9.999999747378752e-05, 0.999092698097229], "k_pid_yaw": [0.5, 1e-06, 0.1], "k_pid_hsp": [0.3719598054885864, 0.012028366327285767, 0.9755486249923706], "k_pid_vsp": [38.20466995239258, 370.88250732421875, 400.0]}, "datetime": {"datetime": "2025-08-14 07:03:14", "elapsed": 76522.18667817116, "delta": 27.083770036697388}, "costs": {"total_cost": 5118.015582675381, "time_cost": 150, "final_distance_cost": 834.7072663931237, "oscillation_cost": 798.8412422546552, "completition_cost": 1000.0, "overshoot_cost": 2274.95600588796, "power_cost": 32.49383315429688, "noise_cost": 27.017234985344842, "n_waypoints_completed": 0, "tot_waypoints": 9}}
{"target": -2170.004673364545, "params": {"k_pid_pos": [2.0, 0.0, 0.0], "k_pid_alt": [1.9725420475006104, 0.0, 0.9283038377761841], "k_pid_att": [99.24125671386719, 9.999999747378752e-05, 0.9870896339416504], "k_pid_yaw": [0.5, 1e-06, 0.1], "k_pid_hsp": [9.999999747378752e-05, 0.0, 0.9838359355926514], "k_pid_vsp": [0.0, 400.0, 400.0]}, "datetime": {"datetime": "2025-08-14 07:03:47", "elapsed": 76555.2655119896, "delta": 33.07883381843567}, "costs": {"total_cost": 2170.004673364545, "time_cost": 150, "final_distance_cost": 60.556582309075544, "oscillation_cost": 770.889133848079, "completition_cost": 1000.0, "overshoot_cost": 123.94493028889454, "power_cost": 36.19437122802734, "noise_cost": 28.4196556904684, "n_waypoints_completed": 0, "tot_waypoints": 9}}
{"target": -3915.212952097451, "params": {"k_pid_pos": [2.0, 0.05100855231285095, 0.03679981827735901], "k_pid_alt": [1.9575636386871338, 0.06041020154953003, 0.9821550846099854], "k_pid_att": [87.3874282836914, 9.999999747378752e-05, 0.9972624182701111], "k_pid_yaw": [0.5, 1e-06, 0.1], "k_pid_hsp": [0.30057770013809204, 0.04837346076965332, 1.0], "k_pid_vsp": [6.984233856201172, 399.1535339355469, 388.21795654296875]}, "datetime": {"datetime": "2025-08-14 07:04:15", "elapsed": 76583.1463792324, "delta": 27.88086724281311}, "costs": {"total_cost": 3915.212952097451, "time_cost": 150, "final_distance_cost": 340.0664273862317, "oscillation_cost": 749.7222655810746, "completition_cost": 1000.0, "overshoot_cost": 1610.0627639057172, "power_cost": 37.010863635253905, "noise_cost": 28.35063158917356, "n_waypoints_completed": 0, "tot_waypoints": 9}}
{"target": -2405.4877045098906, "params": {"k_pid_pos": [2.0, 0.022240430116653442, 0.0], "k_pid_alt": [2.0, 0.01093357801437378, 1.0], "k_pid_att": [100.0, 1.2775137424468994, 0.981499195098877], "k_pid_yaw": [0.5, 1e-06, 0.1], "k_pid_hsp": [9.999999747378752e-05, 0.0, 0.9911918640136719], "k_pid_vsp": [0.0, 400.0, 387.437255859375]}, "datetime": {"datetime": "2025-08-14 07:04:46", "elapsed": 76614.82111763954, "delta": 31.67473840713501}, "costs": {"total_cost": 2405.4877045098906, "time_cost": 150, "final_distance_cost": 189.6907965964895, "oscillation_cost": 827.9753456291754, "completition_cost": 1000.0, "overshoot_cost": 172.21823844326482, "power_cost": 36.84157943115235, "noise_cost": 28.761744409808824, "n_waypoints_completed": 0, "tot_waypoints": 9}}
{"target": -1987.098277156422, "params": {"k_pid_pos": [1.9448001384735107, 0.0, 0.012567490339279175], "k_pid_alt": [1.9723074436187744, 0.0077162086963653564, 1.0], "k_pid_att": [97.16156768798828, 9.999999747378752e-05, 1.0], "k_pid_yaw": [0.5, 1e-06, 0.1], "k_pid_hsp": [0.0997314453125, 0.0, 1.0], "k_pid_vsp": [0.0, 400.0, 400.0]}, "datetime": {"datetime": "2025-08-14 07:05:13", "elapsed": 76641.82435321808, "delta": 27.003235578536987}, "costs": {"total_cost": 1987.098277156422, "time_cost": 150, "final_distance_cost": 40.87154435561155, "oscillation_cost": 711.0449246101185, "completition_cost": 888.8888888888888, "overshoot_cost": 111.22180892575045, "power_cost": 41.159184106445316, "noise_cost": 43.91192626960755, "n_waypoints_completed": 1, "tot_waypoints": 9}}
{"target": -2429.9859643539444, "params": {"k_pid_pos": [2.0, 0.04741072654724121, 0.024334609508514404], "k_pid_alt": [1.8990792036056519, 0.0, 1.0], "k_pid_att": [100.0, 0.16434909403324127, 1.0], "k_pid_yaw": [0.5, 1e-06, 0.1], "k_pid_hsp": [9.999999747378752e-05, 0.036309242248535156, 1.0], "k_pid_vsp": [0.0, 400.0, 364.790283203125]}, "datetime": {"datetime": "2025-08-14 07:05:43", "elapsed": 76671.44063782692, "delta": 29.616284608840942}, "costs": {"total_cost": 2429.9859643539444, "time_cost": 150, "final_distance_cost": 94.63974650580928, "oscillation_cost": 870.915806810428, "completition_cost": 1000.0, "overshoot_cost": 245.47674547063298, "power_cost": 39.08115119628906, "noise_cost": 29.87251437078478, "n_waypoints_completed": 0, "tot_waypoints": 9}}
{"target": -7801.626430851851, "params": {"k_pid_pos": [2.0, 0.0, 0.012481629848480225], "k_pid_alt": [1.9990599155426025, 0.0, 1.0], "k_pid_att": [96.09815979003906, 0.8175358772277832, 0.9057047367095947], "k_pid_yaw": [0.5, 1e-06, 0.1], "k_pid_hsp": [9.999999747378752e-05, 0.0, 1.0], "k_pid_vsp": [22.891712188720703, 400.0, 400.0]}, "datetime": {"datetime": "2025-08-14 07:06:12", "elapsed": 76700.2091588974, "delta": 28.768521070480347}, "costs": {"total_cost": 7801.626430851851, "time_cost": 150, "final_distance_cost": 1950.0325970625768, "oscillation_cost": 800.9449468569767, "completition_cost": 1000.0, "overshoot_cost": 3841.2984231220653, "power_cost": 32.19247338867188, "noise_cost": 27.157990421560932, "n_waypoints_completed": 0, "tot_waypoints": 9}}
{"target": -1912.5241784515117, "params": {"k_pid_pos": [2.0, 0.0027196407318115234, 0.0], "k_pid_alt": [2.0, 0.024080336093902588, 1.0], "k_pid_att": [99.17992401123047, 0.596055269241333, 0.9720736742019653], "k_pid_yaw": [0.5, 1e-06, 0.1], "k_pid_hsp": [9.999999747378752e-05, 0.0, 1.0], "k_pid_vsp": [0.0, 382.22650146484375, 400.0]}, "datetime": {"datetime": "2025-08-14 07:06:39", "elapsed": 76727.8091878891, "delta": 27.60002899169922}, "costs": {"total_cost": 1912.5241784515117, "time_cost": 150, "final_distance_cost": 52.65818477596467, "oscillation_cost": 693.4848239064113, "completition_cost": 777.7777777777778, "overshoot_cost": 141.28964836725146, "power_cost": 40.98430993652344, "noise_cost": 56.32943368758316, "n_waypoints_completed": 2, "tot_waypoints": 9}}
{"target": -2086.054485404675, "params": {"k_pid_pos": [1.901565432548523, 0.08155593276023865, 0.0], "k_pid_alt": [1.85652494430542, 0.032493025064468384, 0.9935238361358643], "k_pid_att": [100.0, 0.5875428915023804, 1.0], "k_pid_yaw": [0.5, 1e-06, 0.1], "k_pid_hsp": [0.6960216760635376, 0.084260493516922, 1.0], "k_pid_vsp": [45.31242752075195, 376.5977783203125, 400.0]}, "datetime": {"datetime": "2025-08-14 07:07:10", "elapsed": 76758.4592499733, "delta": 30.650062084197998}, "costs": {"total_cost": 2086.054485404675, "time_cost": 150, "final_distance_cost": 17.793054194553854, "oscillation_cost": 600.4700413391262, "completition_cost": 1000.0, "overshoot_cost": 161.17650842877393, "power_cost": 43.39570446777344, "noise_cost": 113.21917697444741, "n_waypoints_completed": 0, "tot_waypoints": 9}}
{"target": -2094.1044163559095, "params": {"k_pid_pos": [2.0, 0.0, 0.0], "k_pid_alt": [2.0, 0.013042598962783813, 0.8794890642166138], "k_pid_att": [100.0, 0.041734322905540466, 1.0], "k_pid_yaw": [0.5, 1e-06, 0.1], "k_pid_hsp": [9.999999747378752e-05, 0.0, 0.9715145826339722], "k_pid_vsp": [9.598422050476074, 400.0, 397.6016540527344]}, "datetime": {"datetime": "2025-08-14 07:07:37", "elapsed": 76785.53383708, "delta": 27.074587106704712}, "costs": {"total_cost": 2094.1044163559095, "time_cost": 150, "final_distance_cost": 46.48268078907321, "oscillation_cost": 693.7159544758008, "completition_cost": 1000.0, "overshoot_cost": 121.42874132028989, "power_cost": 42.1363795288086, "noise_cost": 40.34066024193672, "n_waypoints_completed": 0, "tot_waypoints": 9}}
{"target": -7993.578965851858, "params": {"k_pid_pos": [1.7958229780197144, 0.0, 0.04280391335487366], "k_pid_alt": [2.0, 0.052063554525375366, 1.0], "k_pid_att": [99.76213836669922, 9.999999747378752e-05, 1.0], "k_pid_yaw": [0.5, 1e-06, 0.1], "k_pid_hsp": [9.999999747378752e-05, 0.0, 1.0], "k_pid_vsp": [0.0, 382.64288330078125, 400.0]}, "datetime": {"datetime": "2025-08-14 07:08:06", "elapsed": 76814.81838464737, "delta": 29.284547567367554}, "costs": {"total_cost": 7993.578965851858, "time_cost": 150, "final_distance_cost": 2167.3365801787527, "oscillation_cost": 806.467532098604, "completition_cost": 1000.0, "overshoot_cost": 3807.769483777309, "power_cost": 34.21943232421875, "noise_cost": 27.785937472974535, "n_waypoints_completed": 0, "tot_waypoints": 9}}
{"target": -2126.3116835624264, "params": {"k_pid_pos": [2.0, 0.0, 0.0], "k_pid_alt": [2.0, 0.007427632808685303, 1.0], "k_pid_att": [100.0, 9.999999747378752e-05, 1.0], "k_pid_yaw": [0.5, 1e-06, 0.1], "k_pid_hsp": [0.07676094025373459, 0.0, 0.9682403802871704], "k_pid_vsp": [3.5271644592285156, 398.2305908203125, 387.2229919433594]}, "datetime": {"datetime": "2025-08-14 07:08:35", "elapsed": 76843.8079354763, "delta": 28.989550828933716}, "costs": {"total_cost": 2126.3116835624264, "time_cost": 150, "final_distance_cost": 27.58672043700706, "oscillation_cost": 751.4658763150942, "completition_cost": 1000.0, "overshoot_cost": 94.90534661578764, "power_cost": 41.90870300292969, "noise_cost": 60.44503719160788, "n_waypoints_completed": 0, "tot_waypoints": 9}}
{"target": -3304.9117932113845, "params": {"k_pid_pos": [1.9557119607925415, 0.09524491429328918, 0.0], "k_pid_alt": [2.0, 0.03022053837776184, 0.9924381971359253], "k_pid_att": [100.0, 9.999999747378752e-05, 0.9938051700592041], "k_pid_yaw": [0.5, 1e-06, 0.1], "k_pid_hsp": [0.6701511144638062, 0.022594302892684937, 0.9796124696731567], "k_pid_vsp": [6.0826897621154785, 400.0, 400.0]}, "datetime": {"datetime": "2025-08-14 07:09:04", "elapsed": 76872.98646354675, "delta": 29.17852807044983}, "costs": {"total_cost": 3304.9117932113845, "time_cost": 150, "final_distance_cost": 645.0119559096446, "oscillation_cost": 638.3615985336593, "completition_cost": 1000.0, "overshoot_cost": 808.1182549726083, "power_cost": 34.59231676025391, "noise_cost": 28.82766703521841, "n_waypoints_completed": 0, "tot_waypoints": 9}}
{"target": -4237.305323495117, "params": {"k_pid_pos": [1.9578659534454346, 0.0, 0.03600308299064636], "k_pid_alt": [1.892775058746338, 0.02866649627685547, 0.9600593447685242], "k_pid_att": [100.0, 0.44051966071128845, 1.0], "k_pid_yaw": [0.5, 1e-06, 0.1], "k_pid_hsp": [0.08764821290969849, 0.06344771385192871, 0.9491536617279053], "k_pid_vsp": [0.0, 356.0518798828125, 400.0]}, "datetime": {"datetime": "2025-08-14 07:09:34", "elapsed": 76902.92334008217, "delta": 29.93687653541565}, "costs": {"total_cost": 4237.305323495117, "time_cost": 150, "final_distance_cost": 849.6867909733332, "oscillation_cost": 749.6124752584504, "completition_cost": 1000.0, "overshoot_cost": 1425.136473954647, "power_cost": 34.94997966308594, "noise_cost": 27.919603645599583, "n_waypoints_completed": 0, "tot_waypoints": 9}}
{"target": -2134.76972131887, "params": {"k_pid_pos": [2.0, 0.0, 0.0], "k_pid_alt": [1.9951353073120117, 0.05190911889076233, 0.9980292320251465], "k_pid_att": [98.58277893066406, 0.10047947615385056, 0.9992083311080933], "k_pid_yaw": [0.5, 1e-06, 0.1], "k_pid_hsp": [0.1511077582836151, 0.03721749782562256, 0.9911801815032959], "k_pid_vsp": [24.867618560791016, 372.2640686035156, 400.0]}, "datetime": {"datetime": "2025-08-14 07:10:01", "elapsed": 76929.94943451881, "delta": 27.026094436645508}, "costs": {"total_cost": 2134.76972131887, "time_cost": 150, "final_distance_cost": 65.15710007469042, "oscillation_cost": 732.2486632099631, "completition_cost": 888.8888888888888, "overshoot_cost": 176.9399807189127, "power_cost": 44.01947619628906, "noise_cost": 77.51561223012617, "n_waypoints_completed": 1, "tot_waypoints": 9}}
{"target": -2142.4356008794466, "params": {"k_pid_pos": [2.0, 0.024535298347473145, 0.0], "k_pid_alt": [2.0, 0.0, 0.9834935665130615], "k_pid_att": [100.0, 0.27817702293395996, 1.0], "k_pid_yaw": [0.5, 1e-06, 0.1], "k_pid_hsp": [9.999999747378752e-05, 0.02777731418609619, 1.0], "k_pid_vsp": [0.0, 400.0, 398.032470703125]}, "datetime": {"datetime": "2025-08-14 07:10:33", "elapsed": 76961.32516741753, "delta": 31.375732898712158}, "costs": {"total_cost": 2142.4356008794466, "time_cost": 150, "final_distance_cost": 46.97134573102531, "oscillation_cost": 799.0613863512729, "completition_cost": 1000.0, "overshoot_cost": 83.93396073690467, "power_cost": 34.52951010742188, "noise_cost": 27.939397952821718, "n_waypoints_completed": 0, "tot_waypoints": 9}}
{"target": -2164.8268041501283, "params": {"k_pid_pos": [1.9644116163253784, 0.028791606426239014, 0.04119765758514404], "k_pid_alt": [2.0, 0.0, 0.9666776061058044], "k_pid_att": [100.0, 0.8466974496841431, 1.0], "k_pid_yaw": [0.5, 1e-06, 0.1], "k_pid_hsp": [9.999999747378752e-05, 0.041196972131729126, 0.9437539577484131], "k_pid_vsp": [0.0, 400.0, 395.32171630859375]}, "datetime": {"datetime": "2025-08-14 07:10:59", "elapsed": 76987.87142467499, "delta": 26.546257257461548}, "costs": {"total_cost": 2164.8268041501283, "time_cost": 150, "final_distance_cost": 57.24377439103987, "oscillation_cost": 742.2909145889207, "completition_cost": 1000.0, "overshoot_cost": 127.07173019269696, "power_cost": 38.73222496337891, "noise_cost": 49.4881600140915, "n_waypoints_completed": 0, "tot_waypoints": 9}}
{"target": -3303.517117393297, "params": {"k_pid_pos": [1.8860394954681396, 0.0179862380027771, 0.0], "k_pid_alt": [1.9906872510910034, 0.039722740650177, 1.0], "k_pid_att": [100.0, 0.21195663511753082, 1.0], "k_pid_yaw": [0.5, 1e-06, 0.1], "k_pid_hsp": [9.999999747378752e-05, 0.0, 1.0], "k_pid_vsp": [0.0, 397.8712463378906, 381.55609130859375]}, "datetime": {"datetime": "2025-08-14 07:11:30", "elapsed": 77018.72983980179, "delta": 30.858415126800537}, "costs": {"total_cost": 3303.517117393297, "time_cost": 150, "final_distance_cost": 453.2999005371193, "oscillation_cost": 789.8017748845141, "completition_cost": 1000.0, "overshoot_cost": 848.7680630254764, "power_cost": 33.933483886718754, "noise_cost": 27.713895059468495, "n_waypoints_completed": 0, "tot_waypoints": 9}}
{"target": -2171.0705979259574, "params": {"k_pid_pos": [1.993221402168274, 0.0, 0.08191877603530884], "k_pid_alt": [2.0, 0.0, 1.0], "k_pid_att": [96.22405242919922, 0.422189325094223, 0.9692860841751099], "k_pid_yaw": [0.5, 1e-06, 0.1], "k_pid_hsp": [9.999999747378752e-05, 0.04798349738121033, 0.9593710899353027], "k_pid_vsp": [0.0, 394.8048095703125, 400.0]}, "datetime": {"datetime": "2025-08-14 07:12:03", "elapsed": 77051.70062828064, "delta": 32.97078847885132}, "costs": {"total_cost": 2171.0705979259574, "time_cost": 150, "final_distance_cost": 85.66397390697931, "oscillation_cost": 727.8154246467703, "completition_cost": 1000.0, "overshoot_cost": 118.24139467923335, "power_cost": 38.09481760253907, "noise_cost": 51.25498709043547, "n_waypoints_completed": 0, "tot_waypoints": 9}}
{"target": -1567.6005541886552, "params": {"k_pid_pos": [2.0, 0.0, 0.008797049522399902], "k_pid_alt": [2.0, 0.03690037131309509, 1.0], "k_pid_att": [100.0, 0.3046322762966156, 0.9548177719116211], "k_pid_yaw": [0.5, 1e-06, 0.1], "k_pid_hsp": [0.8293514847755432, 0.0, 0.9647674560546875], "k_pid_vsp": [0.0, 390.0016784667969, 395.97662353515625]}, "datetime": {"datetime": "2025-08-14 07:12:32", "elapsed": 77080.17536711693, "delta": 28.474738836288452}, "costs": {"total_cost": 1567.6005541886552, "time_cost": 150, "final_distance_cost": 84.77006739603334, "oscillation_cost": 299.68424308798336, "completition_cost": 777.7777777777778, "overshoot_cost": 148.45104759328888, "power_cost": 39.477601086425786, "noise_cost": 67.43981724714615, "n_waypoints_completed": 2, "tot_waypoints": 9}}
{"target": -2153.295438139052, "params": {"k_pid_pos": [2.0, 0.008348047733306885, 0.0], "k_pid_alt": [2.0, 0.061367034912109375, 1.0], "k_pid_att": [97.21454620361328, 0.457384318113327, 1.0], "k_pid_yaw": [0.5, 1e-06, 0.1], "k_pid_hsp": [9.999999747378752e-05, 0.0, 0.9425349831581116], "k_pid_vsp": [20.827411651611328, 394.2437744140625, 400.0]}, "datetime": {"datetime": "2025-08-14 07:13:01", "elapsed": 77109.22063326836, "delta": 29.045266151428223}, "costs": {"total_cost": 2153.295438139052, "time_cost": 150, "final_distance_cost": 95.33489731454931, "oscillation_cost": 685.3960462799405, "completition_cost": 1000.0, "overshoot_cost": 156.68689372534797, "power_cost": 37.19149552001954, "noise_cost": 28.68610529919437, "n_waypoints_completed": 0, "tot_waypoints": 9}}
{"target": -4107.108867450746, "params": {"k_pid_pos": [2.0, 0.0, 0.0], "k_pid_alt": [1.9440462589263916, 0.0, 1.0], "k_pid_att": [100.0, 0.3865016996860504, 0.9459125995635986], "k_pid_yaw": [0.5, 1e-06, 0.1], "k_pid_hsp": [0.14999404549598694, 0.08104842901229858, 1.0], "k_pid_vsp": [11.099206924438477, 400.0, 385.5364685058594]}, "datetime": {"datetime": "2025-08-14 07:13:29", "elapsed": 77137.26160097122, "delta": 28.0409677028656}, "costs": {"total_cost": 4107.108867450746, "time_cost": 150, "final_distance_cost": 966.2294340815108, "oscillation_cost": 837.3063548703605, "completition_cost": 1000.0, "overshoot_cost": 1090.0021967409107, "power_cost": 35.390817004394535, "noise_cost": 28.18006475357002, "n_waypoints_completed": 0, "tot_waypoints": 9}}
{"target": -1575.9901258561115, "params": {"k_pid_pos": [2.0, 0.0, 0.028014063835144043], "k_pid_alt": [1.9708343744277954, 0.042437344789505005, 1.0], "k_pid_att": [97.18885803222656, 9.999999747378752e-05, 0.9909358620643616], "k_pid_yaw": [0.5, 1e-06, 0.1], "k_pid_hsp": [1.0192373991012573, 0.0, 1.0], "k_pid_vsp": [45.80424880981445, 373.2705078125, 395.71014404296875]}, "datetime": {"datetime": "2025-08-14 07:13:59", "elapsed": 77167.303003788, "delta": 30.04140281677246}, "costs": {"total_cost": 1575.9901258561115, "time_cost": 150, "final_distance_cost": 76.44789360831997, "oscillation_cost": 361.24127479678776, "completition_cost": 777.7777777777778, "overshoot_cost": 128.87813562358426, "power_cost": 39.01341486816406, "noise_cost": 42.6316291814775, "n_waypoints_completed": 2, "tot_waypoints": 9}}
{"target": -7071.108769655969, "params": {"k_pid_pos": [1.9534581899642944, 0.0, 0.08862781524658203], "k_pid_alt": [1.9536433219909668, 0.0, 1.0], "k_pid_att": [100.0, 0.12122257798910141, 0.9520699977874756], "k_pid_yaw": [0.5, 1e-06, 0.1], "k_pid_hsp": [9.999999747378752e-05, 0.01442098617553711, 1.0], "k_pid_vsp": [0.0, 394.0665588378906, 395.58148193359375]}, "datetime": {"datetime": "2025-08-14 07:14:29", "elapsed": 77197.90506768227, "delta": 30.60206389427185}, "costs": {"total_cost": 7071.108769655969, "time_cost": 150, "final_distance_cost": 1553.8528174614237, "oscillation_cost": 780.7247335633014, "completition_cost": 1000.0, "overshoot_cost": 3525.633208196589, "power_cost": 33.35949620361328, "noise_cost": 27.538514231041784, "n_waypoints_completed": 0, "tot_waypoints": 9}}
{"target": -6053.744043852056, "params": {"k_pid_pos": [2.0, 0.0, 0.0], "k_pid_alt": [2.0, 0.10623592138290405, 0.9447307586669922], "k_pid_att": [100.0, 9.999999747378752e-05, 0.9931789636611938], "k_pid_yaw": [0.5, 1e-06, 0.1], "k_pid_hsp": [9.999999747378752e-05, 0.0, 1.0], "k_pid_vsp": [10.197687149047852, 400.0, 400.0]}, "datetime": {"datetime": "2025-08-14 07:14:58", "elapsed": 77226.34736609459, "delta": 28.442298412322998}, "costs": {"total_cost": 6053.744043852056, "time_cost": 150, "final_distance_cost": 1334.6237089016668, "oscillation_cost": 823.3386410461255, "completition_cost": 1000.0, "overshoot_cost": 2683.1411682810703, "power_cost": 34.61496767578125, "noise_cost": 28.025557947412405, "n_waypoints_completed": 0, "tot_waypoints": 9}}
{"target": -2279.2633598489588, "params": {"k_pid_pos": [2.0, 0.021698474884033203, 0.0], "k_pid_alt": [1.7763583660125732, 0.005864530801773071, 1.0], "k_pid_att": [94.65444946289062, 0.3828655481338501, 0.9287964105606079], "k_pid_yaw": [0.5, 1e-06, 0.1], "k_pid_hsp": [9.999999747378752e-05, 0.05714482069015503, 0.969757080078125], "k_pid_vsp": [0.0, 385.26507568359375, 389.21246337890625]}, "datetime": {"datetime": "2025-08-14 07:15:26", "elapsed": 77255.04096531868, "delta": 28.693599224090576}, "costs": {"total_cost": 2279.2633598489588, "time_cost": 150, "final_distance_cost": 46.4081943076852, "oscillation_cost": 742.85427744937, "completition_cost": 1000.0, "overshoot_cost": 218.7833926927954, "power_cost": 44.92278065185547, "noise_cost": 76.29471474725239, "n_waypoints_completed": 0, "tot_waypoints": 9}}
{"target": -4327.011461120044, "params": {"k_pid_pos": [1.8730019330978394, 0.07384943962097168, 0.04389601945877075], "k_pid_alt": [1.7628203630447388, 0.0906769335269928, 1.0], "k_pid_att": [98.71797180175781, 9.999999747378752e-05, 1.0], "k_pid_yaw": [0.5, 1e-06, 0.1], "k_pid_hsp": [9.999999747378752e-05, 0.05316701531410217, 0.9432099461555481], "k_pid_vsp": [8.899211883544922, 379.6858215332031, 400.0]}, "datetime": {"datetime": "2025-08-14 07:15:59", "elapsed": 77287.52433896065, "delta": 32.48337364196777}, "costs": {"total_cost": 4327.011461120044, "time_cost": 150, "final_distance_cost": 1105.3848107818167, "oscillation_cost": 826.786697665495, "completition_cost": 888.8888888888888, "overshoot_cost": 1294.3834203959298, "power_cost": 34.0050029296875, "noise_cost": 27.56264045822721, "n_waypoints_completed": 1, "tot_waypoints": 9}}
