{"target": -2003.514981683098, "params": {"k_pid_pos": [2.0, 0.08870422840118408, 0.0], "k_pid_alt": [2.0, 0.016861528158187866, 1.0], "k_pid_att": [100.0, 9.999999747378752e-05, 0.9515408277511597], "k_pid_yaw": [0.5, 1e-06, 0.1], "k_pid_hsp": [0.2663313150405884, 0.0, 1.0], "k_pid_vsp": [6.505882740020752, 400.0, 381.6733703613281]}, "datetime": {"datetime": "2025-08-14 06:37:11", "elapsed": 74959.1837592125, "delta": 30.067168951034546}, "costs": {"total_cost": 2003.514981683098, "time_cost": 150, "final_distance_cost": 89.24772460103424, "oscillation_cost": 686.6647819316189, "completition_cost": 888.8888888888888, "overshoot_cost": 126.58267449090948, "power_cost": 34.4419603515625, "noise_cost": 27.688951419083857, "n_waypoints_completed": 1, "tot_waypoints": 9}}
{"target": -2121.3424621921245, "params": {"k_pid_pos": [2.0, 0.0, 0.07055819034576416], "k_pid_alt": [2.0, 0.030217677354812622, 1.0], "k_pid_att": [90.22019958496094, 0.45511043071746826, 1.0], "k_pid_yaw": [0.5, 1e-06, 0.1], "k_pid_hsp": [9.999999747378752e-05, 0.01599213480949402, 1.0], "k_pid_vsp": [0.0, 400.0, 400.0]}, "datetime": {"datetime": "2025-08-14 06:37:38", "elapsed": 74986.65576934814, "delta": 27.472010135650635}, "costs": {"total_cost": 2121.3424621921245, "time_cost": 150, "final_distance_cost": 52.26844524161342, "oscillation_cost": 728.9256453130618, "completition_cost": 1000.0, "overshoot_cost": 123.12565713143312, "power_cost": 38.035247680664064, "noise_cost": 28.98746682535201, "n_waypoints_completed": 0, "tot_waypoints": 9}}
{"target": -2867.1901813076615, "params": {"k_pid_pos": [2.0, 0.0, 0.0], "k_pid_alt": [2.0, 0.0, 0.9372192621231079], "k_pid_att": [100.0, 9.999999747378752e-05, 0.9693213701248169], "k_pid_yaw": [0.5, 1e-06, 0.1], "k_pid_hsp": [0.4231501519680023, 0.04498380422592163, 0.9818426370620728], "k_pid_vsp": [23.382139205932617, 389.2084655761719, 366.0574035644531]}, "datetime": {"datetime": "2025-08-14 06:38:06", "elapsed": 75014.4018881321, "delta": 27.746118783950806}, "costs": {"total_cost": 2867.1901813076615, "time_cost": 150, "final_distance_cost": 285.95386103934527, "oscillation_cost": 819.2525808606604, "completition_cost": 1000.0, "overshoot_cost": 549.7578874352438, "power_cost": 34.18103016357422, "noise_cost": 28.044821808837774, "n_waypoints_completed": 0, "tot_waypoints": 9}}
{"target": -2484.1480232354706, "params": {"k_pid_pos": [2.0, 0.0026532411575317383, 0.024875670671463013], "k_pid_alt": [2.0, 0.0, 0.9991292953491211], "k_pid_att": [100.0, 0.17420610785484314, 1.0], "k_pid_yaw": [0.5, 1e-06, 0.1], "k_pid_hsp": [9.999999747378752e-05, 0.01189306378364563, 1.0], "k_pid_vsp": [0.0, 400.0, 400.0]}, "datetime": {"datetime": "2025-08-14 06:38:35", "elapsed": 75043.97032022476, "delta": 29.568432092666626}, "costs": {"total_cost": 2484.1480232354706, "time_cost": 150, "final_distance_cost": 120.72393813789087, "oscillation_cost": 666.843278861321, "completition_cost": 1000.0, "overshoot_cost": 482.0980320734584, "power_cost": 36.13489846191406, "noise_cost": 28.347875700886757, "n_waypoints_completed": 0, "tot_waypoints": 9}}
{"target": -6291.51309349245, "params": {"k_pid_pos": [1.9771987199783325, 0.06756007671356201, 0.050658464431762695], "k_pid_alt": [2.0, 0.0, 1.0], "k_pid_att": [100.0, 0.25110188126564026, 0.953532338142395], "k_pid_yaw": [0.5, 1e-06, 0.1], "k_pid_hsp": [9.999999747378752e-05, 0.018604964017868042, 0.9462103843688965], "k_pid_vsp": [0.0, 400.0, 400.0]}, "datetime": {"datetime": "2025-08-14 06:39:02", "elapsed": 75070.24280261993, "delta": 26.27248239517212}, "costs": {"total_cost": 6291.51309349245, "time_cost": 150, "final_distance_cost": 1551.7241726250577, "oscillation_cost": 802.1258179202442, "completition_cost": 1000.0, "overshoot_cost": 2725.2592150882497, "power_cost": 34.55138498535156, "noise_cost": 27.852502873547763, "n_waypoints_completed": 0, "tot_waypoints": 9}}
{"target": -4545.031952338949, "params": {"k_pid_pos": [1.9102216958999634, 0.02330559492111206, 0.04308232665061951], "k_pid_alt": [2.0, 0.0, 0.9397794008255005], "k_pid_att": [95.09156036376953, 9.999999747378752e-05, 1.0], "k_pid_yaw": [0.5, 1e-06, 0.1], "k_pid_hsp": [9.999999747378752e-05, 0.08613881468772888, 0.9630140066146851], "k_pid_vsp": [11.361980438232422, 400.0, 400.0]}, "datetime": {"datetime": "2025-08-14 06:39:34", "elapsed": 75102.61996388435, "delta": 32.377161264419556}, "costs": {"total_cost": 4545.031952338949, "time_cost": 150, "final_distance_cost": 757.239906736976, "oscillation_cost": 788.4668964868468, "completition_cost": 1000.0, "overshoot_cost": 1787.1210904023815, "power_cost": 34.286955615234376, "noise_cost": 27.917103097509777, "n_waypoints_completed": 0, "tot_waypoints": 9}}
{"target": -7159.858735077568, "params": {"k_pid_pos": [2.0, 0.04282417893409729, 0.0], "k_pid_alt": [2.0, 0.0, 1.0], "k_pid_att": [100.0, 0.11675048619508743, 1.0], "k_pid_yaw": [0.5, 1e-06, 0.1], "k_pid_hsp": [0.18434058129787445, 0.037762731313705444, 1.0], "k_pid_vsp": [18.65410804748535, 400.0, 400.0]}, "datetime": {"datetime": "2025-08-14 06:40:03", "elapsed": 75131.84088587761, "delta": 29.220921993255615}, "costs": {"total_cost": 7159.858735077568, "time_cost": 150, "final_distance_cost": 1662.0682516741663, "oscillation_cost": 878.8599702830468, "completition_cost": 1000.0, "overshoot_cost": 3408.005306989959, "power_cost": 33.45668656005859, "noise_cost": 27.46851957033676, "n_waypoints_completed": 0, "tot_waypoints": 9}}
{"target": -3248.1103229438963, "params": {"k_pid_pos": [1.975903034210205, 0.0, 0.017041832208633423], "k_pid_alt": [2.0, 0.0, 1.0], "k_pid_att": [96.01416015625, 9.999999747378752e-05, 1.0], "k_pid_yaw": [0.5, 1e-06, 0.1], "k_pid_hsp": [0.38731977343559265, 0.026723861694335938, 1.0], "k_pid_vsp": [18.900226593017578, 361.73577880859375, 400.0]}, "datetime": {"datetime": "2025-08-14 06:40:35", "elapsed": 75163.85835289955, "delta": 32.01746702194214}, "costs": {"total_cost": 3248.1103229438963, "time_cost": 150, "final_distance_cost": 602.0487940920534, "oscillation_cost": 634.8540886294775, "completition_cost": 888.8888888888888, "overshoot_cost": 911.5460174116969, "power_cost": 33.19934208984375, "noise_cost": 27.573191831935745, "n_waypoints_completed": 1, "tot_waypoints": 9}}
{"target": -2156.1871529537484, "params": {"k_pid_pos": [2.0, 0.04316893219947815, 0.04647672176361084], "k_pid_alt": [1.970407485961914, 0.0, 0.9787282943725586], "k_pid_att": [96.20034790039062, 9.999999747378752e-05, 1.0], "k_pid_yaw": [0.5, 1e-06, 0.1], "k_pid_hsp": [9.999999747378752e-05, 0.037091970443725586, 0.9627456665039062], "k_pid_vsp": [31.50436782836914, 400.0, 388.7077331542969]}, "datetime": {"datetime": "2025-08-14 06:41:07", "elapsed": 75196.04086303711, "delta": 32.18251013755798}, "costs": {"total_cost": 2156.1871529537484, "time_cost": 150, "final_distance_cost": 27.720497072257377, "oscillation_cost": 796.016256715934, "completition_cost": 1000.0, "overshoot_cost": 92.5094278220724, "power_cost": 41.54435048828125, "noise_cost": 48.39662085520344, "n_waypoints_completed": 0, "tot_waypoints": 9}}
{"target": -6858.192509543579, "params": {"k_pid_pos": [2.0, 0.028917789459228516, 0.0], "k_pid_alt": [1.8118033409118652, 0.09250044822692871, 0.9867048263549805], "k_pid_att": [97.41004943847656, 0.21104438602924347, 1.0], "k_pid_yaw": [0.5, 1e-06, 0.1], "k_pid_hsp": [0.3762805163860321, 0.0, 1.0], "k_pid_vsp": [33.023406982421875, 400.0, 400.0]}, "datetime": {"datetime": "2025-08-14 06:41:36", "elapsed": 75224.739538908, "delta": 28.698675870895386}, "costs": {"total_cost": 6858.192509543579, "time_cost": 150, "final_distance_cost": 1601.0693036540538, "oscillation_cost": 816.6113713172906, "completition_cost": 1000.0, "overshoot_cost": 3231.839298921074, "power_cost": 31.279387145996097, "noise_cost": 27.393148505164305, "n_waypoints_completed": 0, "tot_waypoints": 9}}
{"target": -2420.4668586667535, "params": {"k_pid_pos": [1.9604586362838745, 0.02130749821662903, 0.041446536779403687], "k_pid_alt": [1.75992751121521, 0.0, 1.0], "k_pid_att": [99.39026641845703, 9.999999747378752e-05, 0.9624840617179871], "k_pid_yaw": [0.5, 1e-06, 0.1], "k_pid_hsp": [0.28599974513053894, 0.07717126607894897, 1.0], "k_pid_vsp": [5.98299503326416, 400.0, 400.0]}, "datetime": {"datetime": "2025-08-14 06:42:03", "elapsed": 75251.16931557655, "delta": 26.429776668548584}, "costs": {"total_cost": 2420.4668586667535, "time_cost": 150, "final_distance_cost": 160.1018941637261, "oscillation_cost": 763.5624650064402, "completition_cost": 1000.0, "overshoot_cost": 281.3679428813244, "power_cost": 36.498039355468755, "noise_cost": 28.93651725979399, "n_waypoints_completed": 0, "tot_waypoints": 9}}
{"target": -5005.477959505212, "params": {"k_pid_pos": [2.0, 0.0, 0.0], "k_pid_alt": [2.0, 0.03370821475982666, 0.9601889848709106], "k_pid_att": [99.22808074951172, 0.4490451216697693, 1.0], "k_pid_yaw": [0.5, 1e-06, 0.1], "k_pid_hsp": [0.11808561533689499, 0.0, 1.0], "k_pid_vsp": [43.42217254638672, 400.0, 400.0]}, "datetime": {"datetime": "2025-08-14 06:42:32", "elapsed": 75280.58395767212, "delta": 29.414642095565796}, "costs": {"total_cost": 5005.477959505212, "time_cost": 150, "final_distance_cost": 859.764203040497, "oscillation_cost": 814.6177465673751, "completition_cost": 1000.0, "overshoot_cost": 2120.2439862105425, "power_cost": 33.55506967773437, "noise_cost": 27.296954009063736, "n_waypoints_completed": 0, "tot_waypoints": 9}}
{"target": -1990.8021932456406, "params": {"k_pid_pos": [1.6637729406356812, 0.030677586793899536, 0.0], "k_pid_alt": [1.9957997798919678, 0.0059397220611572266, 0.9245761632919312], "k_pid_att": [100.0, 0.5967428088188171, 1.0], "k_pid_yaw": [0.5, 1e-06, 0.1], "k_pid_hsp": [0.5036850571632385, 0.04062977433204651, 1.0], "k_pid_vsp": [39.15619659423828, 400.0, 400.0]}, "datetime": {"datetime": "2025-08-14 06:43:00", "elapsed": 75308.28956127167, "delta": 27.70560359954834}, "costs": {"total_cost": 1990.8021932456406, "time_cost": 150, "final_distance_cost": 50.02147240843735, "oscillation_cost": 624.7103445082215, "completition_cost": 888.8888888888888, "overshoot_cost": 137.8950755691389, "power_cost": 43.194387023925785, "noise_cost": 96.09202484702804, "n_waypoints_completed": 1, "tot_waypoints": 9}}
{"target": -2436.6448876782792, "params": {"k_pid_pos": [1.906029224395752, 0.0, 0.0], "k_pid_alt": [2.0, 0.0017783939838409424, 1.0], "k_pid_att": [100.0, 9.999999747378752e-05, 1.0], "k_pid_yaw": [0.5, 1e-06, 0.1], "k_pid_hsp": [0.09737470000982285, 0.02728360891342163, 1.0], "k_pid_vsp": [2.010977268218994, 400.0, 387.4353942871094]}, "datetime": {"datetime": "2025-08-14 06:43:28", "elapsed": 75336.22247672081, "delta": 27.932915449142456}, "costs": {"total_cost": 2436.6448876782792, "time_cost": 150, "final_distance_cost": 169.46842873213168, "oscillation_cost": 803.6966841265527, "completition_cost": 1000.0, "overshoot_cost": 251.04435107893974, "power_cost": 34.51753890380859, "noise_cost": 27.917884836846493, "n_waypoints_completed": 0, "tot_waypoints": 9}}
{"target": -6499.1883967561125, "params": {"k_pid_pos": [1.9506279230117798, 0.056124866008758545, 0.0], "k_pid_alt": [2.0, 0.0, 1.0], "k_pid_att": [100.0, 0.09216232597827911, 1.0], "k_pid_yaw": [0.5, 1e-06, 0.1], "k_pid_hsp": [0.23148322105407715, 0.0, 0.87531578540802], "k_pid_vsp": [4.783725738525391, 387.98321533203125, 393.81011962890625]}, "datetime": {"datetime": "2025-08-14 06:43:59", "elapsed": 75367.15950012207, "delta": 30.937023401260376}, "costs": {"total_cost": 6499.1883967561125, "time_cost": 150, "final_distance_cost": 1808.5238592950307, "oscillation_cost": 823.5678892203651, "completition_cost": 1000.0, "overshoot_cost": 2653.7792005464808, "power_cost": 34.963907641601566, "noise_cost": 28.35354005263424, "n_waypoints_completed": 0, "tot_waypoints": 9}}
{"target": -2064.3919211894536, "params": {"k_pid_pos": [2.0, 0.015143662691116333, 0.025208383798599243], "k_pid_alt": [1.9606549739837646, 0.05356842279434204, 0.8866221904754639], "k_pid_att": [96.48259735107422, 9.999999747378752e-05, 1.0], "k_pid_yaw": [0.5, 1e-06, 0.1], "k_pid_hsp": [9.999999747378752e-05, 0.04088568687438965, 1.0], "k_pid_vsp": [22.250568389892578, 397.7770690917969, 400.0]}, "datetime": {"datetime": "2025-08-14 06:44:26", "elapsed": 75394.95334672928, "delta": 27.793846607208252}, "costs": {"total_cost": 2064.3919211894536, "time_cost": 150, "final_distance_cost": 5.077186782225711, "oscillation_cost": 774.722875991474, "completition_cost": 1000.0, "overshoot_cost": 62.20757266932637, "power_cost": 40.150018774414065, "noise_cost": 32.23426697201354, "n_waypoints_completed": 0, "tot_waypoints": 9}}
{"target": -2316.2801907164803, "params": {"k_pid_pos": [2.0, 0.0, 0.006238996982574463], "k_pid_alt": [1.9776294231414795, 0.0, 1.0], "k_pid_att": [97.3267822265625, 0.3042871654033661, 1.0], "k_pid_yaw": [0.5, 1e-06, 0.1], "k_pid_hsp": [0.0006876959232613444, 0.03708672523498535, 1.0], "k_pid_vsp": [0.0, 400.0, 385.28594970703125]}, "datetime": {"datetime": "2025-08-14 06:44:56", "elapsed": 75424.28839707375, "delta": 29.335050344467163}, "costs": {"total_cost": 2316.2801907164803, "time_cost": 150, "final_distance_cost": 58.272288482111875, "oscillation_cost": 813.2632078283547, "completition_cost": 1000.0, "overshoot_cost": 203.3526471226231, "power_cost": 38.45162449951172, "noise_cost": 52.940422783878965, "n_waypoints_completed": 0, "tot_waypoints": 9}}
{"target": -2263.2478804170128, "params": {"k_pid_pos": [1.94037926197052, 0.011871516704559326, 0.017349541187286377], "k_pid_alt": [1.9820177555084229, 0.0, 0.919764518737793], "k_pid_att": [100.0, 0.5170003175735474, 1.0], "k_pid_yaw": [0.5, 1e-06, 0.1], "k_pid_hsp": [9.999999747378752e-05, 0.0, 0.9981727600097656], "k_pid_vsp": [24.114513397216797, 369.2322998046875, 400.0]}, "datetime": {"datetime": "2025-08-14 06:45:25", "elapsed": 75453.87608838081, "delta": 29.58769130706787}, "costs": {"total_cost": 2263.2478804170128, "time_cost": 150, "final_distance_cost": 28.486740299688645, "oscillation_cost": 687.4082301329107, "completition_cost": 1000.0, "overshoot_cost": 314.2432874933868, "power_cost": 36.50219207763672, "noise_cost": 46.60743041338976, "n_waypoints_completed": 0, "tot_waypoints": 9}}
{"target": -1733.9270764720088, "params": {"k_pid_pos": [2.0, 0.06806379556655884, 0.020660758018493652], "k_pid_alt": [2.0, 0.19073033332824707, 1.0], "k_pid_att": [100.0, 0.18023207783699036, 1.0], "k_pid_yaw": [0.5, 1e-06, 0.1], "k_pid_hsp": [0.8111093640327454, 0.002187371253967285, 1.0], "k_pid_vsp": [0.0, 395.9036560058594, 379.5174560546875]}, "datetime": {"datetime": "2025-08-14 06:45:53", "elapsed": 75481.24675273895, "delta": 27.370664358139038}, "costs": {"total_cost": 1733.9270764720088, "time_cost": 150, "final_distance_cost": 108.43036602791977, "oscillation_cost": 372.5079102162814, "completition_cost": 888.8888888888888, "overshoot_cost": 120.8485459127476, "power_cost": 38.36276474609375, "noise_cost": 54.8886006800773, "n_waypoints_completed": 1, "tot_waypoints": 9}}
{"target": -2642.124019025319, "params": {"k_pid_pos": [2.0, 0.0043502748012542725, 0.0], "k_pid_alt": [2.0, 0.0, 1.0], "k_pid_att": [88.47373962402344, 0.07382633537054062, 0.9882638454437256], "k_pid_yaw": [0.5, 1e-06, 0.1], "k_pid_hsp": [9.999999747378752e-05, 0.044084757566452026, 1.0], "k_pid_vsp": [5.928778648376465, 400.0, 400.0]}, "datetime": {"datetime": "2025-08-14 06:46:22", "elapsed": 75510.59439277649, "delta": 29.34764003753662}, "costs": {"total_cost": 2642.124019025319, "time_cost": 150, "final_distance_cost": 329.12459522240636, "oscillation_cost": 749.9202899777356, "completition_cost": 1000.0, "overshoot_cost": 348.608717679828, "power_cost": 36.304045446777344, "noise_cost": 28.16637069857204, "n_waypoints_completed": 0, "tot_waypoints": 9}}
{"target": -1660.2655651859423, "params": {"k_pid_pos": [1.962390422821045, 0.01986372470855713, 0.0], "k_pid_alt": [2.0, 0.035754501819610596, 0.9187886714935303], "k_pid_att": [100.0, 0.17403742671012878, 1.0], "k_pid_yaw": [0.5, 1e-06, 0.1], "k_pid_hsp": [0.9282700419425964, 0.03555372357368469, 1.0], "k_pid_vsp": [0.0, 400.0, 387.27484130859375]}, "datetime": {"datetime": "2025-08-14 06:46:51", "elapsed": 75539.77176761627, "delta": 29.177374839782715}, "costs": {"total_cost": 1660.2655651859423, "time_cost": 150, "final_distance_cost": 45.639740976027205, "oscillation_cost": 340.89501799385135, "completition_cost": 888.8888888888888, "overshoot_cost": 121.17555528341191, "power_cost": 38.671097949218755, "noise_cost": 74.99526409454418, "n_waypoints_completed": 1, "tot_waypoints": 9}}
{"target": -1770.7429458180036, "params": {"k_pid_pos": [2.0, 0.006021678447723389, 0.0025815069675445557], "k_pid_alt": [1.878136157989502, 0.01136237382888794, 0.9680064916610718], "k_pid_att": [96.4404296875, 9.999999747378752e-05, 0.9341239929199219], "k_pid_yaw": [0.5, 1e-06, 0.1], "k_pid_hsp": [0.9326267838478088, 0.030526280403137207, 0.9896805882453918], "k_pid_vsp": [28.4757137298584, 400.0, 375.67852783203125]}, "datetime": {"datetime": "2025-08-14 06:47:18", "elapsed": 75566.35448622704, "delta": 26.58271861076355}, "costs": {"total_cost": 1770.7429458180036, "time_cost": 150, "final_distance_cost": 108.3657628564692, "oscillation_cost": 531.3338221306645, "completition_cost": 777.7777777777778, "overshoot_cost": 136.25169650570976, "power_cost": 37.291031005859374, "noise_cost": 29.72285554152296, "n_waypoints_completed": 2, "tot_waypoints": 9}}
{"target": -5638.343892556744, "params": {"k_pid_pos": [1.765564203262329, 0.10802799463272095, 0.06876406073570251], "k_pid_alt": [2.0, 0.009255796670913696, 1.0], "k_pid_att": [100.0, 9.999999747378752e-05, 0.9465324878692627], "k_pid_yaw": [0.5, 1e-06, 0.1], "k_pid_hsp": [9.999999747378752e-05, 0.05701977014541626, 0.9775136709213257], "k_pid_vsp": [9.916412353515625, 377.86090087890625, 381.6445617675781]}, "datetime": {"datetime": "2025-08-14 06:47:48", "elapsed": 75596.9377424717, "delta": 30.583256244659424}, "costs": {"total_cost": 5638.343892556744, "time_cost": 150, "final_distance_cost": 1215.426749471585, "oscillation_cost": 838.5788224369824, "completition_cost": 1000.0, "overshoot_cost": 2376.829398965954, "power_cost": 31.60707733154297, "noise_cost": 25.901844350679383, "n_waypoints_completed": 0, "tot_waypoints": 9}}
{"target": -4212.2893119533255, "params": {"k_pid_pos": [2.0, 0.0, 0.026978731155395508], "k_pid_alt": [2.0, 0.0716710090637207, 0.9976482391357422], "k_pid_att": [95.14453125, 0.006567337084561586, 1.0], "k_pid_yaw": [0.5, 1e-06, 0.1], "k_pid_hsp": [9.999999747378752e-05, 0.0, 0.9657615423202515], "k_pid_vsp": [0.0, 387.2027893066406, 400.0]}, "datetime": {"datetime": "2025-08-14 06:48:16", "elapsed": 75624.39207553864, "delta": 27.454333066940308}, "costs": {"total_cost": 4212.2893119533255, "time_cost": 150, "final_distance_cost": 935.1101077867318, "oscillation_cost": 810.2318989324485, "completition_cost": 1000.0, "overshoot_cost": 1255.7815825000307, "power_cost": 33.72181444091797, "noise_cost": 27.44390829319629, "n_waypoints_completed": 0, "tot_waypoints": 9}}
{"target": -2431.123040779843, "params": {"k_pid_pos": [1.923457384109497, 0.0062982141971588135, 0.0], "k_pid_alt": [2.0, 0.0, 0.9223363399505615], "k_pid_att": [97.43531036376953, 0.07917699217796326, 0.9135223031044006], "k_pid_yaw": [0.5, 1e-06, 0.1], "k_pid_hsp": [0.10468960553407669, 0.015311121940612793, 0.9990997314453125], "k_pid_vsp": [1.095116138458252, 389.6115417480469, 400.0]}, "datetime": {"datetime": "2025-08-14 06:48:45", "elapsed": 75653.18346071243, "delta": 28.791385173797607}, "costs": {"total_cost": 2431.123040779843, "time_cost": 150, "final_distance_cost": 90.1479449110147, "oscillation_cost": 819.3989577238465, "completition_cost": 1000.0, "overshoot_cost": 304.8614917863444, "power_cost": 37.37198161621094, "noise_cost": 29.3426647424265, "n_waypoints_completed": 0, "tot_waypoints": 9}}
{"target": -4717.284371578743, "params": {"k_pid_pos": [1.905195951461792, 0.01652655005455017, 0.04687175154685974], "k_pid_alt": [2.0, 0.07489475607872009, 0.9722064733505249], "k_pid_att": [100.0, 0.3674430251121521, 1.0], "k_pid_yaw": [0.5, 1e-06, 0.1], "k_pid_hsp": [0.4615005850791931, 0.01999470591545105, 0.975641131401062], "k_pid_vsp": [0.0, 400.0, 397.5965881347656]}, "datetime": {"datetime": "2025-08-14 06:49:15", "elapsed": 75683.4494729042, "delta": 30.26601219177246}, "costs": {"total_cost": 4717.284371578743, "time_cost": 150, "final_distance_cost": 1025.4536680443418, "oscillation_cost": 695.4477191651876, "completition_cost": 1000.0, "overshoot_cost": 1782.7630319696204, "power_cost": 34.54732316894531, "noise_cost": 29.07262923064841, "n_waypoints_completed": 0, "tot_waypoints": 9}}
{"target": -1902.1304334403376, "params": {"k_pid_pos": [1.9482581615447998, 0.0, 0.0], "k_pid_alt": [2.0, 0.0, 1.0], "k_pid_att": [100.0, 9.999999747378752e-05, 1.0], "k_pid_yaw": [0.5, 1e-06, 0.1], "k_pid_hsp": [0.6610594391822815, 0.008345961570739746, 1.0], "k_pid_vsp": [2.2274374961853027, 400.0, 383.481689453125]}, "datetime": {"datetime": "2025-08-14 06:49:42", "elapsed": 75711.03974366188, "delta": 27.59027075767517}, "costs": {"total_cost": 1902.1304334403376, "time_cost": 150, "final_distance_cost": 1.747844372703693, "oscillation_cost": 482.809159117661, "completition_cost": 1000.0, "overshoot_cost": 144.93789755011412, "power_cost": 42.68382810058594, "noise_cost": 79.95170429927283, "n_waypoints_completed": 0, "tot_waypoints": 9}}
