{"target": -2268.5753032795715, "params": {"k_pid_pos": [1.9209463596343994, 0.0, 0.026575028896331787], "k_pid_alt": [1.9627771377563477, 0.023677468299865723, 0.9958623647689819], "k_pid_att": [94.6271743774414, 0.3604171872138977, 0.9889257550239563], "k_pid_yaw": [0.5, 1e-06, 0.1], "k_pid_hsp": [9.999999747378752e-05, 0.009724915027618408, 1.0], "k_pid_vsp": [0.0, 400.0, 377.8263244628906]}, "datetime": {"datetime": "2025-08-13 23:46:30", "elapsed": 50318.614844083786, "delta": 30.136192798614502}, "costs": {"total_cost": 2268.5753032795715, "time_cost": 150, "final_distance_cost": 62.57966760666676, "oscillation_cost": 841.621971930791, "completition_cost": 1000.0, "overshoot_cost": 150.17216052439676, "power_cost": 36.11830701904297, "noise_cost": 28.083196198674074, "n_waypoints_completed": 0, "tot_waypoints": 9}}
{"target": -4763.3311513444005, "params": {"k_pid_pos": [1.996659517288208, 0.0360998809337616, 0.0], "k_pid_alt": [1.9504868984222412, 0.06494683027267456, 0.9539198875427246], "k_pid_att": [98.3578109741211, 0.27606284618377686, 0.9583770036697388], "k_pid_yaw": [0.5, 1e-06, 0.1], "k_pid_hsp": [0.722931444644928, 0.0, 1.0], "k_pid_vsp": [12.466060638427734, 400.0, 372.03973388671875]}, "datetime": {"datetime": "2025-08-13 23:47:01", "elapsed": 50349.71559357643, "delta": 31.100749492645264}, "costs": {"total_cost": 4763.3311513444005, "time_cost": 150, "final_distance_cost": 1111.5814327032626, "oscillation_cost": 668.1642347519672, "completition_cost": 1000.0, "overshoot_cost": 1770.7138664156332, "power_cost": 34.13615775146484, "noise_cost": 28.735459722072537, "n_waypoints_completed": 0, "tot_waypoints": 9}}
{"target": -1850.3207095121954, "params": {"k_pid_pos": [1.8580280542373657, 0.0, 0.0072519779205322266], "k_pid_alt": [2.0, 0.0, 0.9643067121505737], "k_pid_att": [98.82447814941406, 0.14650960266590118, 0.9811567068099976], "k_pid_yaw": [0.5, 1e-06, 0.1], "k_pid_hsp": [1.132062554359436, 0.022241860628128052, 1.0], "k_pid_vsp": [21.946739196777344, 400.0, 388.33917236328125]}, "datetime": {"datetime": "2025-08-13 23:47:31", "elapsed": 50379.20254945755, "delta": 29.486955881118774}, "costs": {"total_cost": 1850.3207095121954, "time_cost": 150, "final_distance_cost": 81.86840382382663, "oscillation_cost": 566.1513816801174, "completition_cost": 777.7777777777778, "overshoot_cost": 207.38103885244482, "power_cost": 36.933730871582036, "noise_cost": 30.208376506446715, "n_waypoints_completed": 2, "tot_waypoints": 9}}
{"target": -2558.3269703410024, "params": {"k_pid_pos": [2.0, 0.016301989555358887, 0.04307428002357483], "k_pid_alt": [1.9675946235656738, 0.019769787788391113, 0.9914859533309937], "k_pid_att": [100.0, 0.41370439529418945, 1.0], "k_pid_yaw": [0.5, 1e-06, 0.1], "k_pid_hsp": [9.999999747378752e-05, 0.0308893620967865, 1.0], "k_pid_vsp": [25.423358917236328, 386.52734375, 399.717041015625]}, "datetime": {"datetime": "2025-08-13 23:48:02", "elapsed": 50410.43133497238, "delta": 31.228785514831543}, "costs": {"total_cost": 2558.3269703410024, "time_cost": 150, "final_distance_cost": 292.0869870206736, "oscillation_cost": 783.1744187933552, "completition_cost": 1000.0, "overshoot_cost": 270.7593610671692, "power_cost": 34.80676553955078, "noise_cost": 27.499437920253413, "n_waypoints_completed": 0, "tot_waypoints": 9}}
{"target": -6040.534008233023, "params": {"k_pid_pos": [2.0, 0.07013183832168579, 0.006499886512756348], "k_pid_alt": [1.88511323928833, 0.01907786726951599, 0.9582051038742065], "k_pid_att": [100.0, 0.021161388605833054, 0.9998417496681213], "k_pid_yaw": [0.5, 1e-06, 0.1], "k_pid_hsp": [0.9273691177368164, 0.09245309233665466, 0.9738311171531677], "k_pid_vsp": [0.0, 400.0, 392.7989807128906]}, "datetime": {"datetime": "2025-08-13 23:48:34", "elapsed": 50442.583276987076, "delta": 32.151942014694214}, "costs": {"total_cost": 6040.534008233023, "time_cost": 150, "final_distance_cost": 1579.1068736338718, "oscillation_cost": 649.2200638467674, "completition_cost": 1000.0, "overshoot_cost": 2596.321922669505, "power_cost": 34.83868854980469, "noise_cost": 31.04645953307373, "n_waypoints_completed": 0, "tot_waypoints": 9}}
{"target": -4111.268397088058, "params": {"k_pid_pos": [2.0, 0.0, 0.0], "k_pid_alt": [2.0, 0.0, 1.0], "k_pid_att": [100.0, 0.8693240284919739, 1.0], "k_pid_yaw": [0.5, 1e-06, 0.1], "k_pid_hsp": [9.999999747378752e-05, 0.0617903470993042, 0.8911369442939758], "k_pid_vsp": [6.8305134773254395, 400.0, 392.6779479980469]}, "datetime": {"datetime": "2025-08-13 23:49:04", "elapsed": 50472.437589883804, "delta": 29.854312896728516}, "costs": {"total_cost": 4111.268397088058, "time_cost": 150, "final_distance_cost": 603.8615291179094, "oscillation_cost": 857.4947810000779, "completition_cost": 1000.0, "overshoot_cost": 1436.2058802455692, "power_cost": 35.72489991455078, "noise_cost": 27.981306809950784, "n_waypoints_completed": 0, "tot_waypoints": 9}}
{"target": -3284.7082190106244, "params": {"k_pid_pos": [1.900981068611145, 0.0, 0.0], "k_pid_alt": [2.0, 0.0, 0.9855070114135742], "k_pid_att": [100.0, 0.20568479597568512, 0.9450880289077759], "k_pid_yaw": [0.5, 1e-06, 0.1], "k_pid_hsp": [9.999999747378752e-05, 0.0, 0.9763163924217224], "k_pid_vsp": [4.10006046295166, 374.8359680175781, 400.0]}, "datetime": {"datetime": "2025-08-13 23:49:34", "elapsed": 50502.4824693203, "delta": 30.04487943649292}, "costs": {"total_cost": 3284.7082190106244, "time_cost": 150, "final_distance_cost": 726.7345029110329, "oscillation_cost": 757.5368815699875, "completition_cost": 1000.0, "overshoot_cost": 577.7438216419514, "power_cost": 36.88486536865234, "noise_cost": 35.808147519000286, "n_waypoints_completed": 0, "tot_waypoints": 9}}
{"target": -5048.148657100608, "params": {"k_pid_pos": [1.9130783081054688, 0.0, 0.0], "k_pid_alt": [1.9220200777053833, 0.0, 0.9653248190879822], "k_pid_att": [100.0, 9.999999747378752e-05, 1.0], "k_pid_yaw": [0.5, 1e-06, 0.1], "k_pid_hsp": [0.3697461187839508, 0.05501681566238403, 1.0], "k_pid_vsp": [0.0, 372.20025634765625, 400.0]}, "datetime": {"datetime": "2025-08-13 23:50:03", "elapsed": 50531.79737329483, "delta": 29.31490397453308}, "costs": {"total_cost": 5048.148657100608, "time_cost": 150, "final_distance_cost": 1284.4277536992206, "oscillation_cost": 658.0909526230452, "completition_cost": 1000.0, "overshoot_cost": 1894.0014343261103, "power_cost": 33.78836232910157, "noise_cost": 27.84015412313029, "n_waypoints_completed": 0, "tot_waypoints": 9}}
{"target": -1794.9178411607804, "params": {"k_pid_pos": [2.0, 0.0, 0.04058718681335449], "k_pid_alt": [2.0, 0.015171021223068237, 0.9915835857391357], "k_pid_att": [99.63624572753906, 9.999999747378752e-05, 1.0], "k_pid_yaw": [0.5, 1e-06, 0.1], "k_pid_hsp": [0.6449770927429199, 0.006980299949645996, 1.0], "k_pid_vsp": [2.2170305252075195, 400.0, 400.0]}, "datetime": {"datetime": "2025-08-13 23:50:33", "elapsed": 50561.92595410347, "delta": 30.128580808639526}, "costs": {"total_cost": 1794.9178411607804, "time_cost": 150, "final_distance_cost": 73.10973594361162, "oscillation_cost": 395.3102741149766, "completition_cost": 888.8888888888888, "overshoot_cost": 151.28875398003422, "power_cost": 40.6620514038086, "noise_cost": 95.65813682946047, "n_waypoints_completed": 1, "tot_waypoints": 9}}
{"target": -2120.23387059531, "params": {"k_pid_pos": [1.8991670608520508, 0.0, 0.02706781029701233], "k_pid_alt": [2.0, 0.0, 1.0], "k_pid_att": [100.0, 9.999999747378752e-05, 1.0], "k_pid_yaw": [0.5, 1e-06, 0.1], "k_pid_hsp": [9.999999747378752e-05, 0.014406293630599976, 0.9514486789703369], "k_pid_vsp": [5.1017045974731445, 357.39227294921875, 394.4958190917969]}, "datetime": {"datetime": "2025-08-13 23:51:04", "elapsed": 50592.49145793915, "delta": 30.5655038356781}, "costs": {"total_cost": 2120.23387059531, "time_cost": 150, "final_distance_cost": 182.5012018430595, "oscillation_cost": 723.3854655408327, "completition_cost": 888.8888888888888, "overshoot_cost": 111.28118580925363, "power_cost": 36.00640231933594, "noise_cost": 28.170726193939302, "n_waypoints_completed": 1, "tot_waypoints": 9}}
{"target": -4702.281629125161, "params": {"k_pid_pos": [2.0, 0.0, 0.0], "k_pid_alt": [2.0, 0.01160404086112976, 0.9984593987464905], "k_pid_att": [98.2658462524414, 9.999999747378752e-05, 1.0], "k_pid_yaw": [0.5, 1e-06, 0.1], "k_pid_hsp": [0.6377846598625183, 0.054597675800323486, 1.0], "k_pid_vsp": [20.241594314575195, 400.0, 389.6737060546875]}, "datetime": {"datetime": "2025-08-13 23:51:33", "elapsed": 50621.893859148026, "delta": 29.402401208877563}, "costs": {"total_cost": 4702.281629125161, "time_cost": 150, "final_distance_cost": 1140.4914900351446, "oscillation_cost": 696.7062195734252, "completition_cost": 777.7777777777778, "overshoot_cost": 1874.8617548012926, "power_cost": 33.96661021728516, "noise_cost": 28.477776720235685, "n_waypoints_completed": 2, "tot_waypoints": 9}}
{"target": -2364.9032974161773, "params": {"k_pid_pos": [2.0, 0.0, 0.0], "k_pid_alt": [2.0, 0.03872978687286377, 1.0], "k_pid_att": [94.42605590820312, 9.999999747378752e-05, 0.9993867874145508], "k_pid_yaw": [0.5, 1e-06, 0.1], "k_pid_hsp": [9.999999747378752e-05, 0.05518653988838196, 0.9443967342376709], "k_pid_vsp": [0.0, 390.9991455078125, 400.0]}, "datetime": {"datetime": "2025-08-13 23:52:03", "elapsed": 50651.30828118324, "delta": 29.414422035217285}, "costs": {"total_cost": 2364.9032974161773, "time_cost": 150, "final_distance_cost": 100.35305533860036, "oscillation_cost": 728.3960539076807, "completition_cost": 1000.0, "overshoot_cost": 319.07585630612647, "power_cost": 38.22401405029297, "noise_cost": 28.85431781347669, "n_waypoints_completed": 0, "tot_waypoints": 9}}
{"target": -2130.3290327532904, "params": {"k_pid_pos": [2.0, 0.0, 0.04444366693496704], "k_pid_alt": [1.9870846271514893, 0.0, 1.0], "k_pid_att": [100.0, 0.5106605291366577, 0.9764704704284668], "k_pid_yaw": [0.5, 1e-06, 0.1], "k_pid_hsp": [9.999999747378752e-05, 0.0, 0.9143936634063721], "k_pid_vsp": [5.907201766967773, 400.0, 400.0]}, "datetime": {"datetime": "2025-08-13 23:52:33", "elapsed": 50681.704810619354, "delta": 30.39652943611145}, "costs": {"total_cost": 2130.3290327532904, "time_cost": 150, "final_distance_cost": 8.497508496350648, "oscillation_cost": 780.6415261170386, "completition_cost": 1000.0, "overshoot_cost": 102.12848494808829, "power_cost": 37.364423828125, "noise_cost": 51.697089363688036, "n_waypoints_completed": 0, "tot_waypoints": 9}}
{"target": -2677.866721826296, "params": {"k_pid_pos": [1.9354808330535889, 0.0, 0.0], "k_pid_alt": [1.9552806615829468, 0.0, 1.0], "k_pid_att": [95.60591888427734, 9.999999747378752e-05, 0.904762327671051], "k_pid_yaw": [0.5, 1e-06, 0.1], "k_pid_hsp": [9.999999747378752e-05, 0.022655904293060303, 1.0], "k_pid_vsp": [0.0, 381.6030578613281, 372.5819091796875]}, "datetime": {"datetime": "2025-08-13 23:53:00", "elapsed": 50709.010043382645, "delta": 27.305232763290405}, "costs": {"total_cost": 2677.866721826296, "time_cost": 150, "final_distance_cost": 105.58737792684153, "oscillation_cost": 740.08202251826, "completition_cost": 1000.0, "overshoot_cost": 616.4436719695493, "power_cost": 37.312357861328124, "noise_cost": 28.44129155031735, "n_waypoints_completed": 0, "tot_waypoints": 9}}
{"target": -3062.995480371382, "params": {"k_pid_pos": [2.0, 0.03237929940223694, 0.0], "k_pid_alt": [2.0, 0.0, 0.9535431861877441], "k_pid_att": [98.48786926269531, 9.999999747378752e-05, 0.9170557260513306], "k_pid_yaw": [0.5, 1e-06, 0.1], "k_pid_hsp": [9.999999747378752e-05, 0.0, 0.9887645840644836], "k_pid_vsp": [0.0, 400.0, 383.2978210449219]}, "datetime": {"datetime": "2025-08-13 23:53:32", "elapsed": 50740.14029288292, "delta": 31.130249500274658}, "costs": {"total_cost": 3062.995480371382, "time_cost": 150, "final_distance_cost": 407.54029382957043, "oscillation_cost": 804.3188555227479, "completition_cost": 1000.0, "overshoot_cost": 639.0299139600248, "power_cost": 34.319196887207035, "noise_cost": 27.787220171832434, "n_waypoints_completed": 0, "tot_waypoints": 9}}
{"target": -3134.9295246973647, "params": {"k_pid_pos": [2.0, 0.037870973348617554, 0.0667763352394104], "k_pid_alt": [2.0, 0.0, 1.0], "k_pid_att": [100.0, 9.999999747378752e-05, 0.9756391048431396], "k_pid_yaw": [0.5, 1e-06, 0.1], "k_pid_hsp": [0.6362254023551941, 0.04065513610839844, 1.0], "k_pid_vsp": [12.332141876220703, 385.672607421875, 371.03802490234375]}, "datetime": {"datetime": "2025-08-13 23:54:03", "elapsed": 50772.029977083206, "delta": 31.889684200286865}, "costs": {"total_cost": 3134.9295246973647, "time_cost": 150, "final_distance_cost": 694.8016489137794, "oscillation_cost": 637.0085328024293, "completition_cost": 777.7777777777778, "overshoot_cost": 810.1268469477504, "power_cost": 36.17223371582031, "noise_cost": 29.042484539807226, "n_waypoints_completed": 2, "tot_waypoints": 9}}
{"target": -2931.45514915571, "params": {"k_pid_pos": [2.0, 0.0, 0.017721712589263916], "k_pid_alt": [2.0, 0.0, 1.0], "k_pid_att": [95.3022232055664, 9.999999747378752e-05, 1.0], "k_pid_yaw": [0.5, 1e-06, 0.1], "k_pid_hsp": [9.999999747378752e-05, 0.0, 1.0], "k_pid_vsp": [0.0, 385.4643249511719, 400.0]}, "datetime": {"datetime": "2025-08-13 23:54:34", "elapsed": 50802.753942251205, "delta": 30.723965167999268}, "costs": {"total_cost": 2931.45514915571, "time_cost": 150, "final_distance_cost": 456.79005409873383, "oscillation_cost": 788.2031812356464, "completition_cost": 1000.0, "overshoot_cost": 477.43879073148537, "power_cost": 32.005371191406255, "noise_cost": 27.017751898438323, "n_waypoints_completed": 0, "tot_waypoints": 9}}
{"target": -2234.8522337302297, "params": {"k_pid_pos": [2.0, 0.0, 0.0], "k_pid_alt": [1.954461932182312, 0.020254671573638916, 1.0], "k_pid_att": [96.97947692871094, 0.24320852756500244, 0.9741168022155762], "k_pid_yaw": [0.5, 1e-06, 0.1], "k_pid_hsp": [0.0241803340613842, 0.0, 0.8980265855789185], "k_pid_vsp": [2.863609790802002, 400.0, 400.0]}, "datetime": {"datetime": "2025-08-13 23:55:04", "elapsed": 50832.261404037476, "delta": 29.50746178627014}, "costs": {"total_cost": 2234.8522337302297, "time_cost": 150, "final_distance_cost": 64.28627724066298, "oscillation_cost": 709.20324926396, "completition_cost": 1000.0, "overshoot_cost": 201.46458587736424, "power_cost": 42.301071569824224, "noise_cost": 67.59704977841828, "n_waypoints_completed": 0, "tot_waypoints": 9}}
{"target": -2579.1754622007156, "params": {"k_pid_pos": [1.9464656114578247, 0.0, 0.060656607151031494], "k_pid_alt": [1.9869098663330078, 0.005705147981643677, 1.0], "k_pid_att": [91.04302215576172, 0.468911737203598, 0.9167187213897705], "k_pid_yaw": [0.5, 1e-06, 0.1], "k_pid_hsp": [0.07149313390254974, 0.012493252754211426, 1.0], "k_pid_vsp": [0.0, 399.4107360839844, 400.0]}, "datetime": {"datetime": "2025-08-13 23:55:33", "elapsed": 50861.47976732254, "delta": 29.218363285064697}, "costs": {"total_cost": 2579.1754622007156, "time_cost": 150, "final_distance_cost": 379.91907321996865, "oscillation_cost": 702.6349360470533, "completition_cost": 1000.0, "overshoot_cost": 284.3017639655367, "power_cost": 34.45953618164063, "noise_cost": 27.860152786516508, "n_waypoints_completed": 0, "tot_waypoints": 9}}
{"target": -5102.387858547507, "params": {"k_pid_pos": [2.0, 0.02722308039665222, 0.04382649064064026], "k_pid_alt": [2.0, 0.0, 0.9639902114868164], "k_pid_att": [99.04064178466797, 9.999999747378752e-05, 0.9317412972450256], "k_pid_yaw": [0.5, 1e-06, 0.1], "k_pid_hsp": [9.999999747378752e-05, 0.023613810539245605, 1.0], "k_pid_vsp": [0.0, 400.0, 400.0]}, "datetime": {"datetime": "2025-08-13 23:56:04", "elapsed": 50892.47748231888, "delta": 30.99771499633789}, "costs": {"total_cost": 5102.387858547507, "time_cost": 150, "final_distance_cost": 1349.3652714537154, "oscillation_cost": 712.2669161677493, "completition_cost": 1000.0, "overshoot_cost": 1828.5907679396933, "power_cost": 34.27649114990235, "noise_cost": 27.888411836446842, "n_waypoints_completed": 0, "tot_waypoints": 9}}
{"target": -4346.65430316772, "params": {"k_pid_pos": [1.896146297454834, 0.04584401845932007, 0.013081908226013184], "k_pid_alt": [2.0, 0.0, 1.0], "k_pid_att": [98.95265197753906, 9.999999747378752e-05, 1.0], "k_pid_yaw": [0.5, 1e-06, 0.1], "k_pid_hsp": [9.999999747378752e-05, 0.0, 1.0], "k_pid_vsp": [0.0, 392.15460205078125, 400.0]}, "datetime": {"datetime": "2025-08-13 23:56:34", "elapsed": 50922.48413395882, "delta": 30.006651639938354}, "costs": {"total_cost": 4346.65430316772, "time_cost": 150, "final_distance_cost": 732.9418188695571, "oscillation_cost": 725.4706592955539, "completition_cost": 1000.0, "overshoot_cost": 1674.8723914865661, "power_cost": 35.236815197753906, "noise_cost": 28.13261831829043, "n_waypoints_completed": 0, "tot_waypoints": 9}}
{"target": -2313.26194589418, "params": {"k_pid_pos": [1.6841843128204346, 0.0, 0.00031122565269470215], "k_pid_alt": [2.0, 0.0, 0.9626781940460205], "k_pid_att": [100.0, 0.42833539843559265, 0.9630584120750427], "k_pid_yaw": [0.5, 1e-06, 0.1], "k_pid_hsp": [0.32010695338249207, 0.03111433982849121, 1.0], "k_pid_vsp": [0.0, 368.0550231933594, 377.6462097167969]}, "datetime": {"datetime": "2025-08-13 23:57:04", "elapsed": 50952.41771578789, "delta": 29.933581829071045}, "costs": {"total_cost": 2313.26194589418, "time_cost": 150, "final_distance_cost": 289.8721802142671, "oscillation_cost": 585.5377882381823, "completition_cost": 888.8888888888888, "overshoot_cost": 335.032515948242, "power_cost": 35.6813875, "noise_cost": 28.249185104599643, "n_waypoints_completed": 1, "tot_waypoints": 9}}
{"target": -3878.478692853811, "params": {"k_pid_pos": [1.9784835577011108, 0.0, 0.009682059288024902], "k_pid_alt": [2.0, 0.0, 1.0], "k_pid_att": [100.0, 9.999999747378752e-05, 1.0], "k_pid_yaw": [0.5, 1e-06, 0.1], "k_pid_hsp": [9.999999747378752e-05, 0.08841544389724731, 0.9765744209289551], "k_pid_vsp": [0.0, 400.0, 400.0]}, "datetime": {"datetime": "2025-08-13 23:57:34", "elapsed": 50982.75534248352, "delta": 30.337626695632935}, "costs": {"total_cost": 3878.478692853811, "time_cost": 150, "final_distance_cost": 578.5918607234985, "oscillation_cost": 793.5077274910075, "completition_cost": 1000.0, "overshoot_cost": 1295.9683076856131, "power_cost": 33.208713391113285, "noise_cost": 27.20208356257874, "n_waypoints_completed": 0, "tot_waypoints": 9}}
{"target": -2300.373967569336, "params": {"k_pid_pos": [1.9962151050567627, 0.09647580981254578, 0.028718143701553345], "k_pid_alt": [1.8716591596603394, 0.0, 1.0], "k_pid_att": [96.72846221923828, 9.999999747378752e-05, 1.0], "k_pid_yaw": [0.5, 1e-06, 0.1], "k_pid_hsp": [9.999999747378752e-05, 0.0, 0.9957393407821655], "k_pid_vsp": [15.685737609863281, 390.7767639160156, 397.4494323730469]}, "datetime": {"datetime": "2025-08-13 23:58:04", "elapsed": 51012.12585711479, "delta": 29.370514631271362}, "costs": {"total_cost": 2300.373967569336, "time_cost": 150, "final_distance_cost": 74.33320634080464, "oscillation_cost": 712.9957665790175, "completition_cost": 1000.0, "overshoot_cost": 294.59391640584136, "power_cost": 39.330523474121094, "noise_cost": 29.120554769551305, "n_waypoints_completed": 0, "tot_waypoints": 9}}
{"target": -3979.1159314679617, "params": {"k_pid_pos": [2.0, 0.0, 0.05426722764968872], "k_pid_alt": [2.0, 0.0, 1.0], "k_pid_att": [90.68878173828125, 9.999999747378752e-05, 0.9928677082061768], "k_pid_yaw": [0.5, 1e-06, 0.1], "k_pid_hsp": [9.999999747378752e-05, 0.0, 1.0], "k_pid_vsp": [0.0, 400.0, 400.0]}, "datetime": {"datetime": "2025-08-13 23:58:35", "elapsed": 51043.57068037987, "delta": 31.444823265075684}, "costs": {"total_cost": 3979.1159314679617, "time_cost": 150, "final_distance_cost": 779.7588469442418, "oscillation_cost": 760.6328712597963, "completition_cost": 1000.0, "overshoot_cost": 1224.1424064563232, "power_cost": 35.995428308105474, "noise_cost": 28.586378499494693, "n_waypoints_completed": 0, "tot_waypoints": 9}}
{"target": -2077.784837165184, "params": {"k_pid_pos": [2.0, 0.043234050273895264, 0.0], "k_pid_alt": [1.9793775081634521, 0.060084015130996704, 1.0], "k_pid_att": [100.0, 9.999999747378752e-05, 0.9848760962486267], "k_pid_yaw": [0.5, 1e-06, 0.1], "k_pid_hsp": [9.999999747378752e-05, 0.011912614107131958, 1.0], "k_pid_vsp": [7.550048828125, 380.9313049316406, 400.0]}, "datetime": {"datetime": "2025-08-13 23:59:05", "elapsed": 51074.062512636185, "delta": 30.49183225631714}, "costs": {"total_cost": 2077.784837165184, "time_cost": 150, "final_distance_cost": 47.83837150158116, "oscillation_cost": 700.9311894594057, "completition_cost": 1000.0, "overshoot_cost": 111.32140502691021, "power_cost": 38.8624353881836, "noise_cost": 28.831435789103075, "n_waypoints_completed": 0, "tot_waypoints": 9}}
{"target": -2647.2235072931053, "params": {"k_pid_pos": [1.9912270307540894, 0.0, 0.0], "k_pid_alt": [1.9920637607574463, 0.0, 1.0], "k_pid_att": [100.0, 9.999999747378752e-05, 0.9933145642280579], "k_pid_yaw": [0.5, 1e-06, 0.1], "k_pid_hsp": [0.9661260843276978, 0.051877498626708984, 0.9887974858283997], "k_pid_vsp": [23.228622436523438, 387.7802734375, 395.1043701171875]}, "datetime": {"datetime": "2025-08-13 23:59:36", "elapsed": 51104.49084186554, "delta": 30.42832922935486}, "costs": {"total_cost": 2647.2235072931053, "time_cost": 150, "final_distance_cost": 394.8512914519526, "oscillation_cost": 604.3984005376111, "completition_cost": 888.8888888888888, "overshoot_cost": 543.537508945396, "power_cost": 34.799227929687504, "noise_cost": 30.748189539569463, "n_waypoints_completed": 1, "tot_waypoints": 9}}
