{"target": -2674.6656516572057, "params": {"k_pid_pos": [2.0, 0.024476826190948486, 0.0], "k_pid_alt": [1.934420108795166, 0.06566652655601501, 1.0], "k_pid_att": [100.0, 0.06695249676704407, 1.0], "k_pid_yaw": [0.5, 1e-06, 0.1], "k_pid_hsp": [0.21673806011676788, 0.0, 0.9627076387405396], "k_pid_vsp": [0.0, 400.0, 369.0315856933594]}, "datetime": {"datetime": "2025-08-13 14:03:15", "elapsed": 15323.360721349716, "delta": 31.255366802215576}, "costs": {"total_cost": 2674.6656516572057, "time_cost": 150, "final_distance_cost": 436.45623960430885, "oscillation_cost": 730.417901511124, "completition_cost": 888.8888888888888, "overshoot_cost": 403.90375175621006, "power_cost": 36.64816904296875, "noise_cost": 28.350700853705135, "n_waypoints_completed": 1, "tot_waypoints": 9}}
{"target": -2558.297453349668, "params": {"k_pid_pos": [1.9236702919006348, 0.016886889934539795, 0.010893911123275757], "k_pid_alt": [1.9933034181594849, 0.0, 0.9802072048187256], "k_pid_att": [95.55804443359375, 9.999999747378752e-05, 1.0], "k_pid_yaw": [0.5, 1e-06, 0.1], "k_pid_hsp": [9.999999747378752e-05, 0.022078633308410645, 1.0], "k_pid_vsp": [3.573465347290039, 400.0, 400.0]}, "datetime": {"datetime": "2025-08-13 14:03:45", "elapsed": 15354.04408788681, "delta": 30.683366537094116}, "costs": {"total_cost": 2558.297453349668, "time_cost": 150, "final_distance_cost": 264.4726074102001, "oscillation_cost": 816.2721773406353, "completition_cost": 1000.0, "overshoot_cost": 267.62680302398314, "power_cost": 32.70008961181641, "noise_cost": 27.225775963032984, "n_waypoints_completed": 0, "tot_waypoints": 9}}
{"target": -5855.564744648321, "params": {"k_pid_pos": [2.0, 0.0, 0.03384581208229065], "k_pid_alt": [2.0, 0.0, 1.0], "k_pid_att": [100.0, 0.14690357446670532, 0.9486768245697021], "k_pid_yaw": [0.5, 1e-06, 0.1], "k_pid_hsp": [9.999999747378752e-05, 0.0, 0.9984829425811768], "k_pid_vsp": [0.0, 375.0333251953125, 396.058837890625]}, "datetime": {"datetime": "2025-08-13 14:04:17", "elapsed": 15385.801386356354, "delta": 31.757298469543457}, "costs": {"total_cost": 5855.564744648321, "time_cost": 150, "final_distance_cost": 1327.332215068379, "oscillation_cost": 803.0104880537668, "completition_cost": 1000.0, "overshoot_cost": 2513.4012013807164, "power_cost": 34.0525652709961, "noise_cost": 27.768274874463113, "n_waypoints_completed": 0, "tot_waypoints": 9}}
{"target": -2231.7659225221564, "params": {"k_pid_pos": [1.9521870613098145, 0.028411656618118286, 0.045857250690460205], "k_pid_alt": [1.9813575744628906, 0.047175973653793335, 1.0], "k_pid_att": [100.0, 0.8674059510231018, 0.9824098348617554], "k_pid_yaw": [0.5, 1e-06, 0.1], "k_pid_hsp": [0.24649716913700104, 0.0, 1.0], "k_pid_vsp": [0.0, 400.0, 400.0]}, "datetime": {"datetime": "2025-08-13 14:04:47", "elapsed": 15415.749504089355, "delta": 29.94811773300171}, "costs": {"total_cost": 2231.7659225221564, "time_cost": 150, "final_distance_cost": 54.46057135148216, "oscillation_cost": 766.2059070957364, "completition_cost": 1000.0, "overshoot_cost": 196.66558951442065, "power_cost": 35.90368220214844, "noise_cost": 28.530172358368556, "n_waypoints_completed": 0, "tot_waypoints": 9}}
{"target": -2007.2435070791053, "params": {"k_pid_pos": [1.9813003540039062, 0.0, 0.0024636685848236084], "k_pid_alt": [2.0, 0.004003584384918213, 1.0], "k_pid_att": [92.4277572631836, 0.17951622605323792, 0.9961321353912354], "k_pid_yaw": [0.5, 1e-06, 0.1], "k_pid_hsp": [0.9245278239250183, 0.0, 0.913995623588562], "k_pid_vsp": [27.025413513183594, 400.0, 400.0]}, "datetime": {"datetime": "2025-08-13 14:05:18", "elapsed": 15446.207873106003, "delta": 30.45836901664734}, "costs": {"total_cost": 2007.2435070791053, "time_cost": 150, "final_distance_cost": 1.6116714134936447, "oscillation_cost": 519.6052691841751, "completition_cost": 1000.0, "overshoot_cost": 163.7863328355538, "power_cost": 43.95071649169922, "noise_cost": 128.2895171541835, "n_waypoints_completed": 0, "tot_waypoints": 9}}
{"target": -5129.085793729662, "params": {"k_pid_pos": [2.0, 0.0750037133693695, 0.010402083396911621], "k_pid_alt": [1.9732011556625366, 0.05926227569580078, 1.0], "k_pid_att": [100.0, 0.5143819451332092, 0.9259995222091675], "k_pid_yaw": [0.5, 1e-06, 0.1], "k_pid_hsp": [9.999999747378752e-05, 0.008569449186325073, 0.9536933898925781], "k_pid_vsp": [18.732595443725586, 370.6371765136719, 400.0]}, "datetime": {"datetime": "2025-08-13 14:05:48", "elapsed": 15476.748618364334, "delta": 30.5407452583313}, "costs": {"total_cost": 5129.085793729662, "time_cost": 150, "final_distance_cost": 1003.6637130361472, "oscillation_cost": 762.885608336542, "completition_cost": 1000.0, "overshoot_cost": 2152.7522930107566, "power_cost": 32.66983048095703, "noise_cost": 27.114348865258936, "n_waypoints_completed": 0, "tot_waypoints": 9}}
{"target": -2543.456518830197, "params": {"k_pid_pos": [2.0, 0.014764249324798584, 0.14859801530838013], "k_pid_alt": [1.9863462448120117, 0.004598051309585571, 1.0], "k_pid_att": [100.0, 0.495454341173172, 1.0], "k_pid_yaw": [0.5, 1e-06, 0.1], "k_pid_hsp": [0.569595217704773, 0.0, 0.954861044883728], "k_pid_vsp": [0.0, 400.0, 400.0]}, "datetime": {"datetime": "2025-08-13 14:06:20", "elapsed": 15508.885791301727, "delta": 32.13717293739319}, "costs": {"total_cost": 2543.456518830197, "time_cost": 150, "final_distance_cost": 441.0586849264484, "oscillation_cost": 462.1828688570748, "completition_cost": 1000.0, "overshoot_cost": 406.76144161386344, "power_cost": 38.57661578369141, "noise_cost": 44.87690764911914, "n_waypoints_completed": 0, "tot_waypoints": 9}}
{"target": -2129.8416878178605, "params": {"k_pid_pos": [1.9821035861968994, 0.0, 0.029892683029174805], "k_pid_alt": [1.960435390472412, 0.0, 1.0], "k_pid_att": [93.17363739013672, 9.999999747378752e-05, 0.9985288381576538], "k_pid_yaw": [0.5, 1e-06, 0.1], "k_pid_hsp": [0.11809813231229782, 0.005573570728302002, 1.0], "k_pid_vsp": [7.699823379516602, 400.0, 400.0]}, "datetime": {"datetime": "2025-08-13 14:06:50", "elapsed": 15538.91576910019, "delta": 30.029977798461914}, "costs": {"total_cost": 2129.8416878178605, "time_cost": 150, "final_distance_cost": 8.80957858957041, "oscillation_cost": 720.8034753624607, "completition_cost": 1000.0, "overshoot_cost": 167.24705112810057, "power_cost": 39.31849138183594, "noise_cost": 43.66309135589295, "n_waypoints_completed": 0, "tot_waypoints": 9}}
{"target": -2240.291035907346, "params": {"k_pid_pos": [1.9872270822525024, 0.0, 0.002941429615020752], "k_pid_alt": [2.0, 0.020587623119354248, 0.9407589435577393], "k_pid_att": [100.0, 9.999999747378752e-05, 0.9729350805282593], "k_pid_yaw": [0.5, 1e-06, 0.1], "k_pid_hsp": [9.999999747378752e-05, 0.05794340372085571, 0.9833266139030457], "k_pid_vsp": [46.453678131103516, 360.82171630859375, 389.8209228515625]}, "datetime": {"datetime": "2025-08-13 14:07:20", "elapsed": 15568.16510105133, "delta": 29.249331951141357}, "costs": {"total_cost": 2240.291035907346, "time_cost": 150, "final_distance_cost": 67.27419329129687, "oscillation_cost": 743.7033086423119, "completition_cost": 1000.0, "overshoot_cost": 216.0512015605213, "power_cost": 35.29681873779297, "noise_cost": 27.965513675423665, "n_waypoints_completed": 0, "tot_waypoints": 9}}
{"target": -2971.826843294386, "params": {"k_pid_pos": [2.0, 0.07190096378326416, 0.0], "k_pid_alt": [1.8899643421173096, 0.0, 0.9876052141189575], "k_pid_att": [100.0, 9.999999747378752e-05, 1.0], "k_pid_yaw": [0.5, 1e-06, 0.1], "k_pid_hsp": [9.999999747378752e-05, 0.005767822265625, 0.952856719493866], "k_pid_vsp": [0.0, 390.1760559082031, 400.0]}, "datetime": {"datetime": "2025-08-13 14:07:52", "elapsed": 15600.423939466476, "delta": 32.258838415145874}, "costs": {"total_cost": 2971.826843294386, "time_cost": 150, "final_distance_cost": 449.2635778901816, "oscillation_cost": 685.8067444941788, "completition_cost": 1000.0, "overshoot_cost": 623.6954002406086, "power_cost": 35.11166794433594, "noise_cost": 27.94945272508131, "n_waypoints_completed": 0, "tot_waypoints": 9}}
{"target": -3202.3408020964775, "params": {"k_pid_pos": [2.0, 0.08371031284332275, 0.024291127920150757], "k_pid_alt": [1.9327943325042725, 0.0440669059753418, 0.9460716843605042], "k_pid_att": [99.9562759399414, 9.999999747378752e-05, 1.0], "k_pid_yaw": [0.5, 1e-06, 0.1], "k_pid_hsp": [9.999999747378752e-05, 0.046658098697662354, 1.0], "k_pid_vsp": [0.0, 379.0643310546875, 382.7470397949219]}, "datetime": {"datetime": "2025-08-13 14:08:22", "elapsed": 15630.78454875946, "delta": 30.36060929298401}, "costs": {"total_cost": 3202.3408020964775, "time_cost": 150, "final_distance_cost": 261.16952520045004, "oscillation_cost": 828.5501485415808, "completition_cost": 1000.0, "overshoot_cost": 899.2761749490262, "power_cost": 35.288077575683594, "noise_cost": 28.056875829736907, "n_waypoints_completed": 0, "tot_waypoints": 9}}
{"target": -4882.154628765933, "params": {"k_pid_pos": [1.996625542640686, 0.0, 0.002085775136947632], "k_pid_alt": [2.0, 0.023917019367218018, 0.9185742139816284], "k_pid_att": [94.81915283203125, 0.15715457499027252, 1.0], "k_pid_yaw": [0.5, 1e-06, 0.1], "k_pid_hsp": [9.999999747378752e-05, 0.0, 0.9891196489334106], "k_pid_vsp": [0.0, 389.4840087890625, 400.0]}, "datetime": {"datetime": "2025-08-13 14:08:52", "elapsed": 15660.453984975815, "delta": 29.66943621635437}, "costs": {"total_cost": 4882.154628765933, "time_cost": 150, "final_distance_cost": 1190.5472647853449, "oscillation_cost": 799.5495710815223, "completition_cost": 1000.0, "overshoot_cost": 1677.2117732739355, "power_cost": 36.159783154296875, "noise_cost": 28.686236470833705, "n_waypoints_completed": 0, "tot_waypoints": 9}}
{"target": -3265.595303856479, "params": {"k_pid_pos": [1.9687567949295044, 0.0, 0.0], "k_pid_alt": [1.9532229900360107, 0.0015724897384643555, 0.9363911747932434], "k_pid_att": [100.0, 9.999999747378752e-05, 1.0], "k_pid_yaw": [0.5, 1e-06, 0.1], "k_pid_hsp": [9.999999747378752e-05, 0.068208247423172, 1.0], "k_pid_vsp": [0.0, 372.32421875, 398.4339599609375]}, "datetime": {"datetime": "2025-08-13 14:09:24", "elapsed": 15692.78271484375, "delta": 32.32872986793518}, "costs": {"total_cost": 3265.595303856479, "time_cost": 150, "final_distance_cost": 609.6959382113783, "oscillation_cost": 790.6740678049829, "completition_cost": 1000.0, "overshoot_cost": 651.0652480061912, "power_cost": 36.01767333984375, "noise_cost": 28.142376494082658, "n_waypoints_completed": 0, "tot_waypoints": 9}}
{"target": -2301.233619828912, "params": {"k_pid_pos": [1.9894013404846191, 0.043536871671676636, 0.0], "k_pid_alt": [1.9278051853179932, 0.03577989339828491, 0.9489381909370422], "k_pid_att": [97.41036987304688, 0.29969853162765503, 1.0], "k_pid_yaw": [0.5, 1e-06, 0.1], "k_pid_hsp": [9.999999747378752e-05, 0.0, 1.0], "k_pid_vsp": [6.586503982543945, 398.85650634765625, 400.0]}, "datetime": {"datetime": "2025-08-13 14:09:54", "elapsed": 15722.836161613464, "delta": 30.053446769714355}, "costs": {"total_cost": 2301.233619828912, "time_cost": 150, "final_distance_cost": 70.41276496628404, "oscillation_cost": 741.0236385929239, "completition_cost": 1000.0, "overshoot_cost": 189.27337495692294, "power_cost": 48.4704802734375, "noise_cost": 102.05336103934346, "n_waypoints_completed": 0, "tot_waypoints": 9}}
{"target": -2003.7540066494494, "params": {"k_pid_pos": [1.8504854440689087, 0.05437400937080383, 0.0], "k_pid_alt": [1.7976799011230469, 0.0, 1.0], "k_pid_att": [99.9156265258789, 0.14271311461925507, 0.9799790978431702], "k_pid_yaw": [0.5, 1e-06, 0.1], "k_pid_hsp": [9.999999747378752e-05, 0.0, 1.0], "k_pid_vsp": [34.523929595947266, 380.54901123046875, 400.0]}, "datetime": {"datetime": "2025-08-13 14:10:25", "elapsed": 15753.958104372025, "delta": 31.12194275856018}, "costs": {"total_cost": 2003.7540066494494, "time_cost": 150, "final_distance_cost": 61.97260290526799, "oscillation_cost": 758.8842948679946, "completition_cost": 888.8888888888888, "overshoot_cost": 79.76640538237166, "power_cost": 36.229268408203126, "noise_cost": 28.012546196723168, "n_waypoints_completed": 1, "tot_waypoints": 9}}
{"target": -1464.8122970000895, "params": {"k_pid_pos": [1.9296480417251587, 0.0, 0.0], "k_pid_alt": [1.903281569480896, 0.06268563866615295, 0.9683395624160767], "k_pid_att": [90.70552825927734, 9.999999747378752e-05, 1.0], "k_pid_yaw": [0.5, 1e-06, 0.1], "k_pid_hsp": [1.2039128541946411, 0.008091568946838379, 0.9485231637954712], "k_pid_vsp": [0.0, 400.0, 386.29974365234375]}, "datetime": {"datetime": "2025-08-13 14:10:55", "elapsed": 15783.5689868927, "delta": 29.61088252067566}, "costs": {"total_cost": 1464.8122970000895, "time_cost": 150, "final_distance_cost": 81.8101456728808, "oscillation_cost": 357.43477570277247, "completition_cost": 666.6666666666667, "overshoot_cost": 113.93670653227672, "power_cost": 38.73271314697266, "noise_cost": 56.23128927852008, "n_waypoints_completed": 3, "tot_waypoints": 9}}
{"target": -2454.0156410393647, "params": {"k_pid_pos": [2.0, 0.05036205053329468, 0.03788936138153076], "k_pid_alt": [1.8870627880096436, 0.002552330493927002, 1.0], "k_pid_att": [96.65448760986328, 0.06334049254655838, 0.9608474373817444], "k_pid_yaw": [0.5, 1e-06, 0.1], "k_pid_hsp": [9.999999747378752e-05, 0.03365662693977356, 0.9420084357261658], "k_pid_vsp": [14.575672149658203, 384.6673583984375, 400.0]}, "datetime": {"datetime": "2025-08-13 14:11:25", "elapsed": 15813.733631849289, "delta": 30.164644956588745}, "costs": {"total_cost": 2454.0156410393647, "time_cost": 150, "final_distance_cost": 194.5742832680037, "oscillation_cost": 747.1343898279531, "completition_cost": 1000.0, "overshoot_cost": 302.08495570396343, "power_cost": 33.04143660888672, "noise_cost": 27.18057563055795, "n_waypoints_completed": 0, "tot_waypoints": 9}}
{"target": -2105.6707468094146, "params": {"k_pid_pos": [2.0, 0.0007769763469696045, 0.0], "k_pid_alt": [2.0, 0.0, 1.0], "k_pid_att": [100.0, 0.666312038898468, 1.0], "k_pid_yaw": [0.5, 1e-06, 0.1], "k_pid_hsp": [0.03472280129790306, 0.0, 0.9508923292160034], "k_pid_vsp": [0.0, 400.0, 400.0]}, "datetime": {"datetime": "2025-08-13 14:11:56", "elapsed": 15845.02835559845, "delta": 31.294723749160767}, "costs": {"total_cost": 2105.6707468094146, "time_cost": 150, "final_distance_cost": 2.4552023411450965, "oscillation_cost": 742.7732826860375, "completition_cost": 1000.0, "overshoot_cost": 111.49193290238168, "power_cost": 41.142333532714844, "noise_cost": 57.80799534713558, "n_waypoints_completed": 0, "tot_waypoints": 9}}
{"target": -2222.535308906776, "params": {"k_pid_pos": [2.0, 0.0, 0.0], "k_pid_alt": [2.0, 0.04921990633010864, 0.9997849464416504], "k_pid_att": [100.0, 9.999999747378752e-05, 0.9758703708648682], "k_pid_yaw": [0.5, 1e-06, 0.1], "k_pid_hsp": [0.1372101753950119, 0.0, 0.9688010811805725], "k_pid_vsp": [11.547004699707031, 399.0804748535156, 386.9166259765625]}, "datetime": {"datetime": "2025-08-13 14:12:26", "elapsed": 15874.53318285942, "delta": 29.50482726097107}, "costs": {"total_cost": 2222.535308906776, "time_cost": 150, "final_distance_cost": 103.97850289937506, "oscillation_cost": 760.5057278919448, "completition_cost": 888.8888888888888, "overshoot_cost": 255.73773606630064, "power_cost": 35.39455111083984, "noise_cost": 28.02990204942667, "n_waypoints_completed": 1, "tot_waypoints": 9}}
{"target": -5270.887258109689, "params": {"k_pid_pos": [2.0, 0.008992195129394531, 0.0507204532623291], "k_pid_alt": [2.0, 0.0, 1.0], "k_pid_att": [97.92277526855469, 0.3737070858478546, 0.9773972034454346], "k_pid_yaw": [0.5, 1e-06, 0.1], "k_pid_hsp": [0.049380332231521606, 0.05056917667388916, 0.9772307872772217], "k_pid_vsp": [0.0, 387.7071533203125, 400.0]}, "datetime": {"datetime": "2025-08-13 14:12:56", "elapsed": 15904.963415622711, "delta": 30.430232763290405}, "costs": {"total_cost": 5270.887258109689, "time_cost": 150, "final_distance_cost": 1331.425750005033, "oscillation_cost": 783.1971223861967, "completition_cost": 1000.0, "overshoot_cost": 1944.3962002449482, "power_cost": 34.044668090820316, "noise_cost": 27.823517382691367, "n_waypoints_completed": 0, "tot_waypoints": 9}}
{"target": -1916.508103785023, "params": {"k_pid_pos": [1.912077784538269, 0.0, 0.10626453161239624], "k_pid_alt": [1.9838805198669434, 0.0, 1.0], "k_pid_att": [88.96875, 0.882938802242279, 0.9396361112594604], "k_pid_yaw": [0.5, 1e-06, 0.1], "k_pid_hsp": [0.7463483810424805, 0.0, 0.9301913976669312], "k_pid_vsp": [0.0, 400.0, 385.4767761230469]}, "datetime": {"datetime": "2025-08-13 14:13:27", "elapsed": 15935.84830904007, "delta": 30.8848934173584}, "costs": {"total_cost": 1916.508103785023, "time_cost": 150, "final_distance_cost": 157.24631392234213, "oscillation_cost": 350.6811762408911, "completition_cost": 1000.0, "overshoot_cost": 156.12664329531933, "power_cost": 39.04931175537109, "noise_cost": 63.40465857109936, "n_waypoints_completed": 0, "tot_waypoints": 9}}
{"target": -2342.3742164614196, "params": {"k_pid_pos": [2.0, 0.040049195289611816, 0.0], "k_pid_alt": [1.9575448036193848, 0.0409848690032959, 0.9566207528114319], "k_pid_att": [100.0, 9.999999747378752e-05, 1.0], "k_pid_yaw": [0.5, 1e-06, 0.1], "k_pid_hsp": [0.04107629507780075, 0.0, 0.9705442190170288], "k_pid_vsp": [0.0, 400.0, 400.0]}, "datetime": {"datetime": "2025-08-13 14:13:57", "elapsed": 15965.65548324585, "delta": 29.80717420578003}, "costs": {"total_cost": 2342.3742164614196, "time_cost": 150, "final_distance_cost": 147.2509802548111, "oscillation_cost": 765.2771026409482, "completition_cost": 1000.0, "overshoot_cost": 192.49594031138713, "power_cost": 40.27314752197266, "noise_cost": 47.077045732300654, "n_waypoints_completed": 0, "tot_waypoints": 9}}
{"target": -2086.982994282219, "params": {"k_pid_pos": [1.9214156866073608, 0.07388630509376526, 0.0], "k_pid_alt": [1.9571653604507446, 0.06178039312362671, 1.0], "k_pid_att": [95.54785919189453, 0.03636757656931877, 1.0], "k_pid_yaw": [0.5, 1e-06, 0.1], "k_pid_hsp": [9.999999747378752e-05, 0.0, 1.0], "k_pid_vsp": [20.840978622436523, 379.2315979003906, 382.26007080078125]}, "datetime": {"datetime": "2025-08-13 14:14:30", "elapsed": 15998.456670284271, "delta": 32.80118703842163}, "costs": {"total_cost": 2086.982994282219, "time_cost": 150, "final_distance_cost": 113.34132583634383, "oscillation_cost": 783.115405069157, "completition_cost": 888.8888888888888, "overshoot_cost": 85.00377692653046, "power_cost": 35.056906665039065, "noise_cost": 31.576690896259805, "n_waypoints_completed": 1, "tot_waypoints": 9}}
{"target": -1627.175850497395, "params": {"k_pid_pos": [1.9917449951171875, 0.0, 0.0], "k_pid_alt": [2.0, 0.0, 1.0], "k_pid_att": [98.14698791503906, 0.1446925699710846, 1.0], "k_pid_yaw": [0.5, 1e-06, 0.1], "k_pid_hsp": [0.9731251001358032, 0.049118638038635254, 0.9761118292808533], "k_pid_vsp": [27.217578887939453, 400.0, 378.4462890625]}, "datetime": {"datetime": "2025-08-13 14:14:59", "elapsed": 16027.391782045364, "delta": 28.93511176109314}, "costs": {"total_cost": 1627.175850497395, "time_cost": 150, "final_distance_cost": 78.45051789371327, "oscillation_cost": 380.8632435189868, "completition_cost": 777.7777777777778, "overshoot_cost": 157.401223205705, "power_cost": 38.07097418212891, "noise_cost": 44.612113919083264, "n_waypoints_completed": 2, "tot_waypoints": 9}}
{"target": -6960.515920314463, "params": {"k_pid_pos": [1.9106180667877197, 0.013643860816955566, 0.0], "k_pid_alt": [1.9596238136291504, 0.0, 0.9051991701126099], "k_pid_att": [97.61127471923828, 9.999999747378752e-05, 1.0], "k_pid_yaw": [0.5, 1e-06, 0.1], "k_pid_hsp": [9.999999747378752e-05, 0.004306495189666748, 0.9781375527381897], "k_pid_vsp": [15.805888175964355, 400.0, 400.0]}, "datetime": {"datetime": "2025-08-13 14:15:31", "elapsed": 16059.2265458107, "delta": 31.834763765335083}, "costs": {"total_cost": 6960.515920314463, "time_cost": 150, "final_distance_cost": 1526.5360409441769, "oscillation_cost": 761.8522006869304, "completition_cost": 1000.0, "overshoot_cost": 3465.1573220835567, "power_cost": 30.401119018554688, "noise_cost": 26.569237581243822, "n_waypoints_completed": 0, "tot_waypoints": 9}}
{"target": -2111.4621155011405, "params": {"k_pid_pos": [1.8019999265670776, 0.029664307832717896, 0.0], "k_pid_alt": [2.0, 0.01604732871055603, 1.0], "k_pid_att": [100.0, 0.5423177480697632, 1.0], "k_pid_yaw": [0.5, 1e-06, 0.1], "k_pid_hsp": [9.999999747378752e-05, 0.022941112518310547, 1.0], "k_pid_vsp": [8.24439525604248, 390.35015869140625, 400.0]}, "datetime": {"datetime": "2025-08-13 14:16:01", "elapsed": 16089.09467291832, "delta": 29.86812710762024}, "costs": {"total_cost": 2111.4621155011405, "time_cost": 150, "final_distance_cost": 51.89512726566228, "oscillation_cost": 750.997593131662, "completition_cost": 1000.0, "overshoot_cost": 91.36559803454831, "power_cost": 38.783999450683595, "noise_cost": 28.419797618584077, "n_waypoints_completed": 0, "tot_waypoints": 9}}
{"target": -2096.6429943282155, "params": {"k_pid_pos": [1.9863674640655518, 0.0, 0.01657608151435852], "k_pid_alt": [2.0, 0.022797971963882446, 1.0], "k_pid_att": [99.90570831298828, 9.999999747378752e-05, 0.9827200770378113], "k_pid_yaw": [0.5, 1e-06, 0.1], "k_pid_hsp": [0.09892649203538895, 0.0, 0.9376802444458008], "k_pid_vsp": [24.893749237060547, 400.0, 400.0]}, "datetime": {"datetime": "2025-08-13 14:16:31", "elapsed": 16119.086124658585, "delta": 29.991451740264893}, "costs": {"total_cost": 2096.6429943282155, "time_cost": 150, "final_distance_cost": 74.11841457494916, "oscillation_cost": 669.1343577410992, "completition_cost": 1000.0, "overshoot_cost": 108.15001525808249, "power_cost": 40.40036248779297, "noise_cost": 54.839844266291536, "n_waypoints_completed": 0, "tot_waypoints": 9}}
