{"target": -8443.722833971147, "params": {"k_pid_pos": [1.8963221311569214, 0.0, 0.0], "k_pid_alt": [1.9981870651245117, 0.03079286217689514, 0.9506183862686157], "k_pid_att": [100.0, 9.999999747378752e-05, 0.9171438813209534], "k_pid_yaw": [0.5, 1e-06, 0.1], "k_pid_hsp": [1.058754324913025, 0.0, 0.9504541158676147], "k_pid_vsp": [0.0, 400.0, 400.0]}, "datetime": {"datetime": "2025-08-13 19:06:07", "elapsed": 33495.129284620285, "delta": 28.538272619247437}, "costs": {"total_cost": 8443.722833971147, "time_cost": 150, "final_distance_cost": 2144.8851016698272, "oscillation_cost": 782.7623465884473, "completition_cost": 1000.0, "overshoot_cost": 4302.622546873425, "power_cost": 33.67480758056641, "noise_cost": 29.778031258881587, "n_waypoints_completed": 0, "tot_waypoints": 9}}
{"target": -4107.978712691369, "params": {"k_pid_pos": [1.9141581058502197, 0.00522303581237793, 0.0], "k_pid_alt": [1.8575807809829712, 0.0, 1.0], "k_pid_att": [98.991455078125, 0.4614156484603882, 0.9236369132995605], "k_pid_yaw": [0.5, 1e-06, 0.1], "k_pid_hsp": [9.999999747378752e-05, 0.0, 0.9497593641281128], "k_pid_vsp": [0.0, 396.7793884277344, 400.0]}, "datetime": {"datetime": "2025-08-13 19:06:35", "elapsed": 33523.76176524162, "delta": 28.63248062133789}, "costs": {"total_cost": 4107.978712691369, "time_cost": 150, "final_distance_cost": 666.9992925350757, "oscillation_cost": 766.3354130789393, "completition_cost": 1000.0, "overshoot_cost": 1463.3848364695662, "power_cost": 33.69803037109375, "noise_cost": 27.56114023669393, "n_waypoints_completed": 0, "tot_waypoints": 9}}
{"target": -1999.4700434928084, "params": {"k_pid_pos": [1.9974974393844604, 0.0, 0.0], "k_pid_alt": [1.9696375131607056, 0.0, 1.0], "k_pid_att": [100.0, 0.09584406763315201, 1.0], "k_pid_yaw": [0.5, 1e-06, 0.1], "k_pid_hsp": [0.5911093354225159, 0.0, 0.9972783327102661], "k_pid_vsp": [9.380531311035156, 400.0, 400.0]}, "datetime": {"datetime": "2025-08-13 19:07:04", "elapsed": 33552.143867492676, "delta": 28.382102251052856}, "costs": {"total_cost": 1999.4700434928084, "time_cost": 150, "final_distance_cost": 50.93546571752662, "oscillation_cost": 591.8414860452391, "completition_cost": 888.8888888888888, "overshoot_cost": 153.23258921061915, "power_cost": 47.20273332519532, "noise_cost": 117.36888030533933, "n_waypoints_completed": 1, "tot_waypoints": 9}}
{"target": -2004.5513119061234, "params": {"k_pid_pos": [1.8108222484588623, 0.0, 0.007115364074707031], "k_pid_alt": [2.0, 0.06319165229797363, 0.9793938398361206], "k_pid_att": [94.4385986328125, 0.9253196716308594, 0.9558738470077515], "k_pid_yaw": [0.5, 1e-06, 0.1], "k_pid_hsp": [9.999999747378752e-05, 0.05673360824584961, 0.9333807229995728], "k_pid_vsp": [0.0, 400.0, 400.0]}, "datetime": {"datetime": "2025-08-13 19:07:32", "elapsed": 33580.30434823036, "delta": 28.160480737686157}, "costs": {"total_cost": 2004.5513119061234, "time_cost": 150, "final_distance_cost": 83.33366150953658, "oscillation_cost": 731.6406762218976, "completition_cost": 888.8888888888888, "overshoot_cost": 87.40009386155425, "power_cost": 35.48901646728516, "noise_cost": 27.798974956960826, "n_waypoints_completed": 1, "tot_waypoints": 9}}
{"target": -5555.391654405279, "params": {"k_pid_pos": [1.9470624923706055, 0.007340073585510254, 6.318092346191406e-06], "k_pid_alt": [1.9225578308105469, 0.05337977409362793, 0.9798056483268738], "k_pid_att": [100.0, 0.6727811694145203, 0.946948766708374], "k_pid_yaw": [0.5, 1e-06, 0.1], "k_pid_hsp": [9.999999747378752e-05, 0.0, 0.9755592346191406], "k_pid_vsp": [0.0, 383.52264404296875, 372.5182189941406]}, "datetime": {"datetime": "2025-08-13 19:08:00", "elapsed": 33608.90659451485, "delta": 28.602246284484863}, "costs": {"total_cost": 5555.391654405279, "time_cost": 150, "final_distance_cost": 877.0255467994137, "oscillation_cost": 770.2544803089215, "completition_cost": 1000.0, "overshoot_cost": 2694.53525898629, "power_cost": 35.26347583007813, "noise_cost": 28.312892480576167, "n_waypoints_completed": 0, "tot_waypoints": 9}}
{"target": -2001.9945398386603, "params": {"k_pid_pos": [2.0, 0.029573112726211548, 0.04606318473815918], "k_pid_alt": [2.0, 0.029830962419509888, 1.0], "k_pid_att": [92.98402404785156, 0.5726636648178101, 1.0], "k_pid_yaw": [0.5, 1e-06, 0.1], "k_pid_hsp": [9.999999747378752e-05, 0.05981159210205078, 1.0], "k_pid_vsp": [0.0, 400.0, 382.0279235839844]}, "datetime": {"datetime": "2025-08-13 19:08:30", "elapsed": 33638.69513320923, "delta": 29.788538694381714}, "costs": {"total_cost": 2001.9945398386603, "time_cost": 150, "final_distance_cost": 37.84479786002055, "oscillation_cost": 747.304385732168, "completition_cost": 888.8888888888888, "overshoot_cost": 89.39586071503548, "power_cost": 40.79034705810547, "noise_cost": 47.77025958444182, "n_waypoints_completed": 1, "tot_waypoints": 9}}
{"target": -2632.668741170841, "params": {"k_pid_pos": [2.0, 0.0, 0.08995664119720459], "k_pid_alt": [2.0, 0.0, 0.9603006839752197], "k_pid_att": [98.85737609863281, 0.13252946734428406, 1.0], "k_pid_yaw": [0.5, 1e-06, 0.1], "k_pid_hsp": [9.999999747378752e-05, 0.0, 1.0], "k_pid_vsp": [11.787772178649902, 400.0, 400.0]}, "datetime": {"datetime": "2025-08-13 19:08:59", "elapsed": 33667.4105284214, "delta": 28.715395212173462}, "costs": {"total_cost": 2632.668741170841, "time_cost": 150, "final_distance_cost": 343.3601786033226, "oscillation_cost": 808.6778545690767, "completition_cost": 888.8888888888888, "overshoot_cost": 381.7191995481649, "power_cost": 32.55750876464844, "noise_cost": 27.465110796739346, "n_waypoints_completed": 1, "tot_waypoints": 9}}
{"target": -8479.657122664412, "params": {"k_pid_pos": [2.0, 0.04634362459182739, 0.03537216782569885], "k_pid_alt": [2.0, 0.0, 1.0], "k_pid_att": [90.86959838867188, 0.9946734309196472, 0.9887803792953491], "k_pid_yaw": [0.5, 1e-06, 0.1], "k_pid_hsp": [9.999999747378752e-05, 0.0, 1.0], "k_pid_vsp": [0.0, 400.0, 400.0]}, "datetime": {"datetime": "2025-08-13 19:09:31", "elapsed": 33699.14753985405, "delta": 31.737011432647705}, "costs": {"total_cost": 8479.657122664412, "time_cost": 150, "final_distance_cost": 2123.2072069682717, "oscillation_cost": 781.4811889658005, "completition_cost": 1000.0, "overshoot_cost": 4363.303310420681, "power_cost": 33.865655285644536, "noise_cost": 27.79976102401409, "n_waypoints_completed": 0, "tot_waypoints": 9}}
{"target": -1686.400888293843, "params": {"k_pid_pos": [1.965573787689209, 0.0, 0.0], "k_pid_alt": [2.0, 0.0, 0.958776593208313], "k_pid_att": [96.353759765625, 0.04670053347945213, 1.0], "k_pid_yaw": [0.5, 1e-06, 0.1], "k_pid_hsp": [0.7611268758773804, 0.0, 0.9764916896820068], "k_pid_vsp": [0.0, 400.0, 374.9020690917969]}, "datetime": {"datetime": "2025-08-13 19:10:00", "elapsed": 33728.63627696037, "delta": 29.488737106323242}, "costs": {"total_cost": 1686.400888293843, "time_cost": 150, "final_distance_cost": 85.23010909764237, "oscillation_cost": 517.7872407772564, "completition_cost": 777.7777777777778, "overshoot_cost": 82.5767351843839, "power_cost": 40.21849013671875, "noise_cost": 32.81053532006345, "n_waypoints_completed": 2, "tot_waypoints": 9}}
{"target": -2131.327825910197, "params": {"k_pid_pos": [1.8353826999664307, 0.010514020919799805, 0.0], "k_pid_alt": [2.0, 0.0, 0.9736353158950806], "k_pid_att": [100.0, 0.3828655481338501, 1.0], "k_pid_yaw": [0.5, 1e-06, 0.1], "k_pid_hsp": [0.6233038306236267, 0.005218058824539185, 0.9079180955886841], "k_pid_vsp": [0.0, 399.47271728515625, 400.0]}, "datetime": {"datetime": "2025-08-13 19:10:29", "elapsed": 33757.85559844971, "delta": 29.219321489334106}, "costs": {"total_cost": 2131.327825910197, "time_cost": 150, "final_distance_cost": 61.97499643262915, "oscillation_cost": 676.0203729323161, "completition_cost": 1000.0, "overshoot_cost": 131.7633941409752, "power_cost": 39.768438684082035, "noise_cost": 71.80062372019435, "n_waypoints_completed": 0, "tot_waypoints": 9}}
{"target": -3546.7082836824693, "params": {"k_pid_pos": [1.9007463455200195, 0.0, 0.003921926021575928], "k_pid_alt": [1.8659477233886719, 0.08880603313446045, 0.968319296836853], "k_pid_att": [100.0, 0.045038770884275436, 1.0], "k_pid_yaw": [0.5, 1e-06, 0.1], "k_pid_hsp": [9.999999747378752e-05, 0.0, 0.9616678953170776], "k_pid_vsp": [13.099408149719238, 400.0, 379.26837158203125]}, "datetime": {"datetime": "2025-08-13 19:10:58", "elapsed": 33786.450585365295, "delta": 28.59498691558838}, "costs": {"total_cost": 3546.7082836824693, "time_cost": 150, "final_distance_cost": 827.822375753135, "oscillation_cost": 716.5227327743511, "completition_cost": 1000.0, "overshoot_cost": 784.157589770488, "power_cost": 35.649942309570314, "noise_cost": 32.55564307492526, "n_waypoints_completed": 0, "tot_waypoints": 9}}
{"target": -8892.385601828042, "params": {"k_pid_pos": [2.0, 0.032184332609176636, 0.09527504444122314], "k_pid_alt": [2.0, 0.0621790885925293, 1.0], "k_pid_att": [100.0, 9.999999747378752e-05, 0.901767373085022], "k_pid_yaw": [0.5, 1e-06, 0.1], "k_pid_hsp": [0.39540356397628784, 0.0, 1.0], "k_pid_vsp": [0.0, 400.0, 400.0]}, "datetime": {"datetime": "2025-08-13 19:11:27", "elapsed": 33815.59542346001, "delta": 29.144838094711304}, "costs": {"total_cost": 8892.385601828042, "time_cost": 150, "final_distance_cost": 2219.314250226979, "oscillation_cost": 770.0981335297031, "completition_cost": 1000.0, "overshoot_cost": 4691.6984429727045, "power_cost": 33.627182641601564, "noise_cost": 27.64759245705443, "n_waypoints_completed": 0, "tot_waypoints": 9}}
{"target": -1863.373438982276, "params": {"k_pid_pos": [2.0, 0.0, 0.023740828037261963], "k_pid_alt": [1.9308459758758545, 0.0, 1.0], "k_pid_att": [99.20613861083984, 0.03835894539952278, 1.0], "k_pid_yaw": [0.5, 1e-06, 0.1], "k_pid_hsp": [0.8408684730529785, 0.0435427725315094, 1.0], "k_pid_vsp": [28.70345115661621, 400.0, 396.01165771484375]}, "datetime": {"datetime": "2025-08-13 19:11:56", "elapsed": 33844.75518703461, "delta": 29.15976357460022}, "costs": {"total_cost": 1863.373438982276, "time_cost": 150, "final_distance_cost": 38.36802299374643, "oscillation_cost": 417.41733431566365, "completition_cost": 1000.0, "overshoot_cost": 127.64190974357105, "power_cost": 40.943128515625, "noise_cost": 89.00304341367, "n_waypoints_completed": 0, "tot_waypoints": 9}}
{"target": -2162.7665342850974, "params": {"k_pid_pos": [2.0, 0.07413846254348755, 0.08804181218147278], "k_pid_alt": [2.0, 0.0, 0.9506335258483887], "k_pid_att": [91.73966979980469, 9.999999747378752e-05, 1.0], "k_pid_yaw": [0.5, 1e-06, 0.1], "k_pid_hsp": [9.999999747378752e-05, 0.020229190587997437, 0.9760847687721252], "k_pid_vsp": [23.244571685791016, 372.5799255371094, 388.46575927734375]}, "datetime": {"datetime": "2025-08-13 19:12:25", "elapsed": 33874.046677351, "delta": 29.29149031639099}, "costs": {"total_cost": 2162.7665342850974, "time_cost": 150, "final_distance_cost": 87.55337514830485, "oscillation_cost": 732.5380482717836, "completition_cost": 888.8888888888888, "overshoot_cost": 195.0710853125186, "power_cost": 39.9570646484375, "noise_cost": 68.75807201516353, "n_waypoints_completed": 1, "tot_waypoints": 9}}
{"target": -3006.10001590224, "params": {"k_pid_pos": [1.9337291717529297, 0.004330426454544067, 0.05312281847000122], "k_pid_alt": [1.8262112140655518, 0.0, 1.0], "k_pid_att": [95.17572784423828, 9.999999747378752e-05, 0.9832977056503296], "k_pid_yaw": [0.5, 1e-06, 0.1], "k_pid_hsp": [9.999999747378752e-05, 0.0, 1.0], "k_pid_vsp": [0.0, 390.0210876464844, 385.70294189453125]}, "datetime": {"datetime": "2025-08-13 19:12:54", "elapsed": 33902.69615483284, "delta": 28.64947748184204}, "costs": {"total_cost": 3006.10001590224, "time_cost": 150, "final_distance_cost": 203.27553176960816, "oscillation_cost": 766.1089872785061, "completition_cost": 1000.0, "overshoot_cost": 820.470149843728, "power_cost": 37.24307734375, "noise_cost": 29.002269666647845, "n_waypoints_completed": 0, "tot_waypoints": 9}}
{"target": -3378.836147457191, "params": {"k_pid_pos": [2.0, 0.0, 0.0], "k_pid_alt": [2.0, 0.004126459360122681, 0.9987912178039551], "k_pid_att": [100.0, 0.5459821820259094, 1.0], "k_pid_yaw": [0.5, 1e-06, 0.1], "k_pid_hsp": [0.023758336901664734, 0.06997770071029663, 1.0], "k_pid_vsp": [16.861736297607422, 382.33465576171875, 400.0]}, "datetime": {"datetime": "2025-08-13 19:13:24", "elapsed": 33932.21586441994, "delta": 29.519709587097168}, "costs": {"total_cost": 3378.836147457191, "time_cost": 150, "final_distance_cost": 589.1325211894763, "oscillation_cost": 810.501187967933, "completition_cost": 1000.0, "overshoot_cost": 767.0594888235631, "power_cost": 34.25580354003906, "noise_cost": 27.88714593618005, "n_waypoints_completed": 0, "tot_waypoints": 9}}
{"target": -2646.7045037062317, "params": {"k_pid_pos": [1.9562370777130127, 0.04597017168998718, 0.008482486009597778], "k_pid_alt": [2.0, 0.0, 0.9082798361778259], "k_pid_att": [96.042724609375, 9.999999747378752e-05, 1.0], "k_pid_yaw": [0.5, 1e-06, 0.1], "k_pid_hsp": [0.4120939075946808, 0.0, 0.9598244428634644], "k_pid_vsp": [0.0, 386.1316833496094, 400.0]}, "datetime": {"datetime": "2025-08-13 19:13:53", "elapsed": 33961.79328584671, "delta": 29.57742142677307}, "costs": {"total_cost": 2646.7045037062317, "time_cost": 150, "final_distance_cost": 110.08169791591834, "oscillation_cost": 761.8773061393557, "completition_cost": 1000.0, "overshoot_cost": 561.3250515914498, "power_cost": 35.359309204101564, "noise_cost": 28.061138855406398, "n_waypoints_completed": 0, "tot_waypoints": 9}}
{"target": -2788.8570140655233, "params": {"k_pid_pos": [1.9224339723587036, 0.028947055339813232, 0.08613276481628418], "k_pid_alt": [2.0, 0.0, 0.9579342603683472], "k_pid_att": [100.0, 9.999999747378752e-05, 0.9964055418968201], "k_pid_yaw": [0.5, 1e-06, 0.1], "k_pid_hsp": [0.5095840692520142, 0.0, 1.0], "k_pid_vsp": [0.568854808807373, 398.7729187011719, 391.61553955078125]}, "datetime": {"datetime": "2025-08-13 19:14:22", "elapsed": 33990.88661503792, "delta": 29.093329191207886}, "costs": {"total_cost": 2788.8570140655233, "time_cost": 150, "final_distance_cost": 406.08588819049464, "oscillation_cost": 774.0263282454835, "completition_cost": 1000.0, "overshoot_cost": 388.2066953764235, "power_cost": 36.77177501220703, "noise_cost": 33.76632724091506, "n_waypoints_completed": 0, "tot_waypoints": 9}}
{"target": -5396.425976423001, "params": {"k_pid_pos": [2.0, 0.0670047402381897, 0.00018522143363952637], "k_pid_alt": [2.0, 0.012220561504364014, 0.9612236022949219], "k_pid_att": [100.0, 9.999999747378752e-05, 1.0], "k_pid_yaw": [0.5, 1e-06, 0.1], "k_pid_hsp": [0.46846652030944824, 0.0, 0.9051541090011597], "k_pid_vsp": [0.0, 381.64776611328125, 383.52911376953125]}, "datetime": {"datetime": "2025-08-13 19:14:51", "elapsed": 34019.491184711456, "delta": 28.604569673538208}, "costs": {"total_cost": 5396.425976423001, "time_cost": 150, "final_distance_cost": 1221.0909376663053, "oscillation_cost": 689.6316523657873, "completition_cost": 1000.0, "overshoot_cost": 2271.706393532596, "power_cost": 35.27735030517578, "noise_cost": 28.719642553136175, "n_waypoints_completed": 0, "tot_waypoints": 9}}
{"target": -2297.251498786744, "params": {"k_pid_pos": [2.0, 0.0, 0.04562234878540039], "k_pid_alt": [1.944761872291565, 0.0, 0.9270954728126526], "k_pid_att": [95.74042510986328, 9.999999747378752e-05, 1.0], "k_pid_yaw": [0.5, 1e-06, 0.1], "k_pid_hsp": [9.999999747378752e-05, 0.0, 1.0], "k_pid_vsp": [7.407248020172119, 354.4490966796875, 400.0]}, "datetime": {"datetime": "2025-08-13 19:15:21", "elapsed": 34049.25649571419, "delta": 29.765311002731323}, "costs": {"total_cost": 2297.251498786744, "time_cost": 150, "final_distance_cost": 84.21580568943145, "oscillation_cost": 709.4528486121732, "completition_cost": 1000.0, "overshoot_cost": 242.77069988357746, "power_cost": 43.28896198730469, "noise_cost": 67.52318261425651, "n_waypoints_completed": 0, "tot_waypoints": 9}}
{"target": -2342.1819307005635, "params": {"k_pid_pos": [1.950111746788025, 0.0, 0.0], "k_pid_alt": [2.0, 0.11496660113334656, 1.0], "k_pid_att": [99.84027099609375, 9.999999747378752e-05, 1.0], "k_pid_yaw": [0.5, 1e-06, 0.1], "k_pid_hsp": [9.999999747378752e-05, 0.03155320882797241, 1.0], "k_pid_vsp": [0.0, 372.9730224609375, 400.0]}, "datetime": {"datetime": "2025-08-13 19:15:50", "elapsed": 34078.186851501465, "delta": 28.93035578727722}, "costs": {"total_cost": 2342.1819307005635, "time_cost": 150, "final_distance_cost": 110.04816240412227, "oscillation_cost": 792.8135418328654, "completition_cost": 1000.0, "overshoot_cost": 225.95354114383133, "power_cost": 35.55866778564453, "noise_cost": 27.808017534099868, "n_waypoints_completed": 0, "tot_waypoints": 9}}
{"target": -1623.366614428662, "params": {"k_pid_pos": [2.0, 0.08548980951309204, 0.07319054007530212], "k_pid_alt": [1.8815579414367676, 0.015402466058731079, 0.9448959827423096], "k_pid_att": [85.21028137207031, 9.999999747378752e-05, 0.9959826469421387], "k_pid_yaw": [0.5, 1e-06, 0.1], "k_pid_hsp": [0.5347080826759338, 0.0, 0.998558759689331], "k_pid_vsp": [0.0, 399.9160461425781, 397.8845520019531]}, "datetime": {"datetime": "2025-08-13 19:16:18", "elapsed": 34107.02208995819, "delta": 28.835238456726074}, "costs": {"total_cost": 1623.366614428662, "time_cost": 150, "final_distance_cost": 103.09512469927404, "oscillation_cost": 398.7881589760219, "completition_cost": 777.7777777777778, "overshoot_cost": 115.70374452058878, "power_cost": 39.438677551269535, "noise_cost": 38.56313090372982, "n_waypoints_completed": 2, "tot_waypoints": 9}}
{"target": -2825.8807167499067, "params": {"k_pid_pos": [1.8832899332046509, 0.03532153367996216, 0.08679836988449097], "k_pid_alt": [2.0, 0.0, 0.9927571415901184], "k_pid_att": [100.0, 0.028319237753748894, 1.0], "k_pid_yaw": [0.5, 1e-06, 0.1], "k_pid_hsp": [9.999999747378752e-05, 0.0, 1.0], "k_pid_vsp": [0.0, 400.0, 394.0975341796875]}, "datetime": {"datetime": "2025-08-13 19:16:48", "elapsed": 34136.13007593155, "delta": 29.107985973358154}, "costs": {"total_cost": 2825.8807167499067, "time_cost": 150, "final_distance_cost": 246.13731872450128, "oscillation_cost": 847.6781660293134, "completition_cost": 1000.0, "overshoot_cost": 522.0577200823412, "power_cost": 33.270486157226564, "noise_cost": 26.737025756524552, "n_waypoints_completed": 0, "tot_waypoints": 9}}
{"target": -2074.8498794941042, "params": {"k_pid_pos": [1.9908208847045898, 0.0, 0.002281010150909424], "k_pid_alt": [2.0, 0.0, 0.9098448157310486], "k_pid_att": [100.0, 9.999999747378752e-05, 1.0], "k_pid_yaw": [0.5, 1e-06, 0.1], "k_pid_hsp": [0.1526663899421692, 0.03428906202316284, 1.0], "k_pid_vsp": [0.0, 394.9034118652344, 380.0821228027344]}, "datetime": {"datetime": "2025-08-13 19:17:16", "elapsed": 34164.469596624374, "delta": 28.339520692825317}, "costs": {"total_cost": 2074.8498794941042, "time_cost": 150, "final_distance_cost": 37.786036241156616, "oscillation_cost": 742.2153574635834, "completition_cost": 888.8888888888888, "overshoot_cost": 169.04510666665385, "power_cost": 39.12811154785157, "noise_cost": 47.786378685970085, "n_waypoints_completed": 1, "tot_waypoints": 9}}
{"target": -2467.0419739898766, "params": {"k_pid_pos": [1.879670262336731, 0.04590970277786255, 0.046052515506744385], "k_pid_alt": [2.0, 0.0, 0.9837053418159485], "k_pid_att": [94.40846252441406, 9.999999747378752e-05, 0.9933596849441528], "k_pid_yaw": [0.5, 1e-06, 0.1], "k_pid_hsp": [9.999999747378752e-05, 0.05064240097999573, 0.9831292629241943], "k_pid_vsp": [1.936650276184082, 393.7193298339844, 398.5211486816406]}, "datetime": {"datetime": "2025-08-13 19:17:45", "elapsed": 34193.48475313187, "delta": 29.015156507492065}, "costs": {"total_cost": 2467.0419739898766, "time_cost": 150, "final_distance_cost": 136.69313262594778, "oscillation_cost": 781.9071985642732, "completition_cost": 1000.0, "overshoot_cost": 335.0748781606562, "power_cost": 35.444890136718755, "noise_cost": 27.92187450228098, "n_waypoints_completed": 0, "tot_waypoints": 9}}
{"target": -6782.215537613047, "params": {"k_pid_pos": [1.9742802381515503, 0.0, 0.12683749198913574], "k_pid_alt": [1.9341373443603516, 0.0, 0.9547208547592163], "k_pid_att": [100.0, 0.18535445630550385, 0.9511062502861023], "k_pid_yaw": [0.5, 1e-06, 0.1], "k_pid_hsp": [0.5935116410255432, 0.0, 0.9620966911315918], "k_pid_vsp": [28.75657081604004, 365.5072326660156, 399.2105407714844]}, "datetime": {"datetime": "2025-08-13 19:18:15", "elapsed": 34223.78214764595, "delta": 30.297394514083862}, "costs": {"total_cost": 6782.215537613047, "time_cost": 150, "final_distance_cost": 1507.8104117392475, "oscillation_cost": 783.4272058719708, "completition_cost": 1000.0, "overshoot_cost": 3279.4853702551463, "power_cost": 32.89704461669922, "noise_cost": 28.595505129982588, "n_waypoints_completed": 0, "tot_waypoints": 9}}
{"target": -2373.4188062731882, "params": {"k_pid_pos": [1.9162946939468384, 0.0, 0.0], "k_pid_alt": [1.9372992515563965, 0.0, 1.0], "k_pid_att": [90.57923889160156, 9.999999747378752e-05, 1.0], "k_pid_yaw": [0.5, 1e-06, 0.1], "k_pid_hsp": [9.999999747378752e-05, 0.0, 0.9901164174079895], "k_pid_vsp": [14.319944381713867, 358.5014343261719, 400.0]}, "datetime": {"datetime": "2025-08-13 19:18:44", "elapsed": 34252.57198357582, "delta": 28.789835929870605}, "costs": {"total_cost": 2373.4188062731882, "time_cost": 150, "final_distance_cost": 214.77634575768013, "oscillation_cost": 812.2691380118945, "completition_cost": 1000.0, "overshoot_cost": 135.26250146370592, "power_cost": 33.69573572998047, "noise_cost": 27.415085309927402, "n_waypoints_completed": 0, "tot_waypoints": 9}}
