{"target": -5821.455398126883, "params": {"k_pid_pos": [2.0, 0.0, 0.0], "k_pid_alt": [1.8580683469772339, 0.0, 0.9761084318161011], "k_pid_att": [93.206298828125, 0.0004135172930546105, 0.9486641883850098], "k_pid_yaw": [0.5, 1e-06, 0.1], "k_pid_hsp": [0.2332439124584198, 0.0, 1.0], "k_pid_vsp": [0.1499772071838379, 400.0, 385.4372253417969]}, "datetime": {"datetime": "2025-08-13 22:51:45", "elapsed": 47033.74850344658, "delta": 30.077383518218994}, "costs": {"total_cost": 5821.455398126883, "time_cost": 150, "final_distance_cost": 1298.3715428976636, "oscillation_cost": 671.1716133093017, "completition_cost": 1000.0, "overshoot_cost": 2639.5431296036513, "power_cost": 34.30188413085938, "noise_cost": 28.067228185407128, "n_waypoints_completed": 0, "tot_waypoints": 9}}
{"target": -2209.5681484585866, "params": {"k_pid_pos": [2.0, 0.09777867794036865, 0.08311378955841064], "k_pid_alt": [2.0, 0.0, 0.9732986092567444], "k_pid_att": [100.0, 0.20329228043556213, 0.9245744943618774], "k_pid_yaw": [0.5, 1e-06, 0.1], "k_pid_hsp": [9.999999747378752e-05, 0.0, 0.9505934715270996], "k_pid_vsp": [10.924064636230469, 400.0, 396.5216064453125]}, "datetime": {"datetime": "2025-08-13 22:52:14", "elapsed": 47063.008882045746, "delta": 29.26037859916687}, "costs": {"total_cost": 2209.5681484585866, "time_cost": 150, "final_distance_cost": 59.65702085175002, "oscillation_cost": 726.5979402577694, "completition_cost": 1000.0, "overshoot_cost": 155.1872383121467, "power_cost": 44.779111743164066, "noise_cost": 73.34683729375695, "n_waypoints_completed": 0, "tot_waypoints": 9}}
{"target": -2172.315387341038, "params": {"k_pid_pos": [2.0, 0.0, 0.08795428276062012], "k_pid_alt": [1.9395344257354736, 0.021302402019500732, 1.0], "k_pid_att": [100.0, 9.999999747378752e-05, 0.9394664168357849], "k_pid_yaw": [0.5, 1e-06, 0.1], "k_pid_hsp": [9.999999747378752e-05, 0.0, 0.9848450422286987], "k_pid_vsp": [0.0, 400.0, 400.0]}, "datetime": {"datetime": "2025-08-13 22:52:45", "elapsed": 47093.38781142235, "delta": 30.378929376602173}, "costs": {"total_cost": 2172.315387341038, "time_cost": 150, "final_distance_cost": 58.04805487836006, "oscillation_cost": 765.4255215844627, "completition_cost": 1000.0, "overshoot_cost": 125.41942964923773, "power_cost": 39.86868117675782, "noise_cost": 33.55370005221952, "n_waypoints_completed": 0, "tot_waypoints": 9}}
{"target": -2905.149225606239, "params": {"k_pid_pos": [2.0, 0.06518271565437317, 0.09137910604476929], "k_pid_alt": [2.0, 0.0, 0.9422309398651123], "k_pid_att": [100.0, 0.09958869218826294, 0.9792758226394653], "k_pid_yaw": [0.5, 1e-06, 0.1], "k_pid_hsp": [0.5652980804443359, 0.07548972964286804, 0.9973244667053223], "k_pid_vsp": [0.0, 387.99639892578125, 355.6666259765625]}, "datetime": {"datetime": "2025-08-13 22:53:15", "elapsed": 47123.35879063606, "delta": 29.9709792137146}, "costs": {"total_cost": 2905.149225606239, "time_cost": 150, "final_distance_cost": 368.12373267614987, "oscillation_cost": 585.3663949971381, "completition_cost": 1000.0, "overshoot_cost": 737.6238074018195, "power_cost": 34.92806724853516, "noise_cost": 29.107223282596223, "n_waypoints_completed": 0, "tot_waypoints": 9}}
{"target": -2246.22772279313, "params": {"k_pid_pos": [2.0, 0.0, 0.03333190083503723], "k_pid_alt": [2.0, 0.01599067449569702, 1.0], "k_pid_att": [99.13967895507812, 0.2876981496810913, 1.0], "k_pid_yaw": [0.5, 1e-06, 0.1], "k_pid_hsp": [0.09616593271493912, 0.00010290741920471191, 0.9710617065429688], "k_pid_vsp": [0.0, 364.5162658691406, 399.2626953125]}, "datetime": {"datetime": "2025-08-13 22:53:46", "elapsed": 47154.43756604195, "delta": 31.07877540588379}, "costs": {"total_cost": 2246.22772279313, "time_cost": 150, "final_distance_cost": 3.754599258729227, "oscillation_cost": 771.5428422928392, "completition_cost": 1000.0, "overshoot_cost": 226.2766689776248, "power_cost": 39.32154086914063, "noise_cost": 55.33207139479583, "n_waypoints_completed": 0, "tot_waypoints": 9}}
{"target": -3206.3353823691796, "params": {"k_pid_pos": [2.0, 0.0, 0.0], "k_pid_alt": [1.962263584136963, 0.11955514550209045, 0.9828161001205444], "k_pid_att": [100.0, 0.418271541595459, 0.9594154953956604], "k_pid_yaw": [0.5, 1e-06, 0.1], "k_pid_hsp": [0.28096380829811096, 0.0, 1.0], "k_pid_vsp": [17.413795471191406, 392.5179138183594, 373.0698547363281]}, "datetime": {"datetime": "2025-08-13 22:54:16", "elapsed": 47184.57403612137, "delta": 30.136470079421997}, "costs": {"total_cost": 3206.3353823691796, "time_cost": 150, "final_distance_cost": 537.9554743545398, "oscillation_cost": 748.8178966567231, "completition_cost": 1000.0, "overshoot_cost": 707.8788020364871, "power_cost": 34.06534489746094, "noise_cost": 27.617864423968808, "n_waypoints_completed": 0, "tot_waypoints": 9}}
{"target": -2724.642443146153, "params": {"k_pid_pos": [2.0, 0.04198005795478821, 0.0], "k_pid_alt": [2.0, 0.0012735724449157715, 0.8944018483161926], "k_pid_att": [92.41754150390625, 9.999999747378752e-05, 1.0], "k_pid_yaw": [0.5, 1e-06, 0.1], "k_pid_hsp": [0.5611350536346436, 0.004537045955657959, 1.0], "k_pid_vsp": [11.27922534942627, 378.5889587402344, 350.1893615722656]}, "datetime": {"datetime": "2025-08-13 22:54:46", "elapsed": 47215.04665875435, "delta": 30.472622632980347}, "costs": {"total_cost": 2724.642443146153, "time_cost": 150, "final_distance_cost": 484.82155881886206, "oscillation_cost": 598.5017429651235, "completition_cost": 1000.0, "overshoot_cost": 426.1397987446331, "power_cost": 35.40576343994141, "noise_cost": 29.77357917759276, "n_waypoints_completed": 0, "tot_waypoints": 9}}
{"target": -2450.7210056624585, "params": {"k_pid_pos": [1.9952399730682373, 0.03385204076766968, 0.0035906732082366943], "k_pid_alt": [1.980051875114441, 0.054039448499679565, 1.0], "k_pid_att": [96.6364517211914, 9.999999747378752e-05, 1.0], "k_pid_yaw": [0.5, 1e-06, 0.1], "k_pid_hsp": [0.6817816495895386, 0.06271162629127502, 1.0], "k_pid_vsp": [2.7923583984375, 400.0, 393.76409912109375]}, "datetime": {"datetime": "2025-08-13 22:55:17", "elapsed": 47245.19158697128, "delta": 30.144928216934204}, "costs": {"total_cost": 2450.7210056624585, "time_cost": 150, "final_distance_cost": 449.3176040068736, "oscillation_cost": 526.1708470999803, "completition_cost": 888.8888888888888, "overshoot_cost": 369.6445022440182, "power_cost": 36.85621854248047, "noise_cost": 29.842944880217193, "n_waypoints_completed": 1, "tot_waypoints": 9}}
{"target": -2281.6436905898395, "params": {"k_pid_pos": [1.838457703590393, 0.023482441902160645, 0.032733649015426636], "k_pid_alt": [1.9899203777313232, 0.0, 1.0], "k_pid_att": [100.0, 0.06289197504520416, 1.0], "k_pid_yaw": [0.5, 1e-06, 0.1], "k_pid_hsp": [9.999999747378752e-05, 0.0, 1.0], "k_pid_vsp": [10.454320907592773, 396.8735046386719, 399.31622314453125]}, "datetime": {"datetime": "2025-08-13 22:55:45", "elapsed": 47274.056057453156, "delta": 28.86447048187256}, "costs": {"total_cost": 2281.6436905898395, "time_cost": 150, "final_distance_cost": 91.05766556719016, "oscillation_cost": 756.2251665146498, "completition_cost": 1000.0, "overshoot_cost": 190.37276467118593, "power_cost": 34.707237072753905, "noise_cost": 59.28085676405995, "n_waypoints_completed": 0, "tot_waypoints": 9}}
{"target": -2199.980798081108, "params": {"k_pid_pos": [1.9790650606155396, 0.00897178053855896, 0.020912081003189087], "k_pid_alt": [1.9090602397918701, 0.03930330276489258, 0.9607888460159302], "k_pid_att": [100.0, 9.999999747378752e-05, 1.0], "k_pid_yaw": [0.5, 1e-06, 0.1], "k_pid_hsp": [9.999999747378752e-05, 0.0, 0.9387638568878174], "k_pid_vsp": [0.0, 400.0, 380.307373046875]}, "datetime": {"datetime": "2025-08-13 22:56:17", "elapsed": 47305.3780272007, "delta": 31.321969747543335}, "costs": {"total_cost": 2199.980798081108, "time_cost": 150, "final_distance_cost": 38.993481398178965, "oscillation_cost": 725.1849389841823, "completition_cost": 1000.0, "overshoot_cost": 145.24887180662475, "power_cost": 41.98840233154297, "noise_cost": 98.56510356057899, "n_waypoints_completed": 0, "tot_waypoints": 9}}
{"target": -2158.603533698083, "params": {"k_pid_pos": [2.0, 0.06019720435142517, 0.0], "k_pid_alt": [1.9924564361572266, 0.0, 1.0], "k_pid_att": [100.0, 0.4496939182281494, 1.0], "k_pid_yaw": [0.5, 1e-06, 0.1], "k_pid_hsp": [0.223817840218544, 0.0, 1.0], "k_pid_vsp": [3.7261962890625, 400.0, 400.0]}, "datetime": {"datetime": "2025-08-13 22:56:47", "elapsed": 47335.22112250328, "delta": 29.843095302581787}, "costs": {"total_cost": 2158.603533698083, "time_cost": 150, "final_distance_cost": 207.18680535058087, "oscillation_cost": 675.5113396281264, "completition_cost": 888.8888888888888, "overshoot_cost": 171.26348595657552, "power_cost": 37.047511450195316, "noise_cost": 28.705502423716062, "n_waypoints_completed": 1, "tot_waypoints": 9}}
{"target": -2434.7855042957676, "params": {"k_pid_pos": [2.0, 0.0, 0.0], "k_pid_alt": [2.0, 0.0, 0.9438474178314209], "k_pid_att": [94.89369201660156, 9.999999747378752e-05, 0.8842868804931641], "k_pid_yaw": [0.5, 1e-06, 0.1], "k_pid_hsp": [9.999999747378752e-05, 0.04060328006744385, 0.9533476233482361], "k_pid_vsp": [0.0, 392.9049987792969, 385.8432922363281]}, "datetime": {"datetime": "2025-08-13 22:57:18", "elapsed": 47366.91452050209, "delta": 31.693397998809814}, "costs": {"total_cost": 2434.7855042957676, "time_cost": 150, "final_distance_cost": 173.24928772869754, "oscillation_cost": 915.2189392788853, "completition_cost": 1000.0, "overshoot_cost": 133.1306320703622, "power_cost": 33.52836900634766, "noise_cost": 29.658276211475524, "n_waypoints_completed": 0, "tot_waypoints": 9}}
{"target": -7496.808782313941, "params": {"k_pid_pos": [2.0, 0.0, 0.048072487115859985], "k_pid_alt": [2.0, 0.0, 1.0], "k_pid_att": [92.32374572753906, 0.2372603416442871, 0.9215471744537354], "k_pid_yaw": [0.5, 1e-06, 0.1], "k_pid_hsp": [0.003568657673895359, 0.0, 0.9920933246612549], "k_pid_vsp": [0.0, 400.0, 400.0]}, "datetime": {"datetime": "2025-08-13 22:57:49", "elapsed": 47397.414466142654, "delta": 30.499945640563965}, "costs": {"total_cost": 7496.808782313941, "time_cost": 150, "final_distance_cost": 1613.6043158986313, "oscillation_cost": 809.0577937259434, "completition_cost": 1000.0, "overshoot_cost": 3863.6986186822633, "power_cost": 33.158737536621096, "noise_cost": 27.289316470482966, "n_waypoints_completed": 0, "tot_waypoints": 9}}
{"target": -1398.117419399274, "params": {"k_pid_pos": [2.0, 0.016603082418441772, 0.06936591863632202], "k_pid_alt": [1.9733701944351196, 0.027596384286880493, 1.0], "k_pid_att": [92.64707946777344, 9.999999747378752e-05, 0.9672976136207581], "k_pid_yaw": [0.5, 1e-06, 0.1], "k_pid_hsp": [0.7269368171691895, 0.024053305387496948, 1.0], "k_pid_vsp": [0.0, 380.40130615234375, 386.9195861816406]}, "datetime": {"datetime": "2025-08-13 22:58:18", "elapsed": 47427.06025600433, "delta": 29.645789861679077}, "costs": {"total_cost": 1398.117419399274, "time_cost": 150, "final_distance_cost": 60.50171188910262, "oscillation_cost": 357.59343318193436, "completition_cost": 666.6666666666667, "overshoot_cost": 87.23156386703337, "power_cost": 38.60929400634766, "noise_cost": 37.5147497881891, "n_waypoints_completed": 3, "tot_waypoints": 9}}
{"target": -2231.914349670894, "params": {"k_pid_pos": [1.975345492362976, 0.0, 0.0], "k_pid_alt": [1.8452283143997192, 0.0, 0.9873843789100647], "k_pid_att": [97.66097259521484, 9.999999747378752e-05, 0.958275556564331], "k_pid_yaw": [0.5, 1e-06, 0.1], "k_pid_hsp": [9.999999747378752e-05, 0.08376047015190125, 0.9679456949234009], "k_pid_vsp": [25.240266799926758, 384.57843017578125, 400.0]}, "datetime": {"datetime": "2025-08-13 22:58:48", "elapsed": 47456.5251994133, "delta": 29.464943408966064}, "costs": {"total_cost": 2231.914349670894, "time_cost": 150, "final_distance_cost": 137.8288992024456, "oscillation_cost": 828.739629180853, "completition_cost": 1000.0, "overshoot_cost": 51.21628298003552, "power_cost": 36.10037747802735, "noise_cost": 28.029160829532504, "n_waypoints_completed": 0, "tot_waypoints": 9}}
{"target": -2219.0797230593485, "params": {"k_pid_pos": [2.0, 0.0, 0.0], "k_pid_alt": [2.0, 0.05234050750732422, 0.9811689853668213], "k_pid_att": [100.0, 0.44105640053749084, 1.0], "k_pid_yaw": [0.5, 1e-06, 0.1], "k_pid_hsp": [9.999999747378752e-05, 0.0, 1.0], "k_pid_vsp": [0.08416175842285156, 388.8499755859375, 400.0]}, "datetime": {"datetime": "2025-08-13 22:59:19", "elapsed": 47487.93876743317, "delta": 31.413568019866943}, "costs": {"total_cost": 2219.0797230593485, "time_cost": 150, "final_distance_cost": 67.67417227351598, "oscillation_cost": 792.5741306997694, "completition_cost": 1000.0, "overshoot_cost": 141.2502951004878, "power_cost": 38.68907593994141, "noise_cost": 28.892049045634067, "n_waypoints_completed": 0, "tot_waypoints": 9}}
{"target": -5714.4358632840485, "params": {"k_pid_pos": [1.9147979021072388, 0.04743903875350952, 0.08785554766654968], "k_pid_alt": [2.0, 0.0, 0.8948625922203064], "k_pid_att": [100.0, 9.999999747378752e-05, 0.9307949542999268], "k_pid_yaw": [0.5, 1e-06, 0.1], "k_pid_hsp": [9.999999747378752e-05, 0.0, 0.9828683137893677], "k_pid_vsp": [9.8485107421875, 400.0, 400.0]}, "datetime": {"datetime": "2025-08-13 22:59:52", "elapsed": 47520.73483991623, "delta": 32.796072483062744}, "costs": {"total_cost": 5714.4358632840485, "time_cost": 150, "final_distance_cost": 1577.1727998641932, "oscillation_cost": 621.8360933765715, "completition_cost": 1000.0, "overshoot_cost": 2304.4247258750192, "power_cost": 33.38563607177735, "noise_cost": 27.616608096487408, "n_waypoints_completed": 0, "tot_waypoints": 9}}
{"target": -7179.464954566583, "params": {"k_pid_pos": [2.0, 0.043982863426208496, 0.0], "k_pid_alt": [2.0, 0.0, 0.9887192249298096], "k_pid_att": [100.0, 0.4873153865337372, 1.0], "k_pid_yaw": [0.5, 1e-06, 0.1], "k_pid_hsp": [0.32642319798469543, 0.0, 1.0], "k_pid_vsp": [9.777486801147461, 400.0, 380.1062927246094]}, "datetime": {"datetime": "2025-08-13 23:00:23", "elapsed": 47551.966821193695, "delta": 31.23198127746582}, "costs": {"total_cost": 7179.464954566583, "time_cost": 150, "final_distance_cost": 1874.9522261287245, "oscillation_cost": 750.4532403902053, "completition_cost": 1000.0, "overshoot_cost": 3342.1633733822587, "power_cost": 33.84083865966797, "noise_cost": 28.055276005726345, "n_waypoints_completed": 0, "tot_waypoints": 9}}
{"target": -5454.364654829005, "params": {"k_pid_pos": [2.0, 0.0, 0.027600407600402832], "k_pid_alt": [1.8883509635925293, 0.0, 0.9542450904846191], "k_pid_att": [100.0, 9.999999747378752e-05, 1.0], "k_pid_yaw": [0.5, 1e-06, 0.1], "k_pid_hsp": [0.7114880084991455, 0.04802396893501282, 1.0], "k_pid_vsp": [0.0, 400.0, 400.0]}, "datetime": {"datetime": "2025-08-13 23:00:54", "elapsed": 47582.47528266907, "delta": 30.508461475372314}, "costs": {"total_cost": 5454.364654829005, "time_cost": 150, "final_distance_cost": 1062.6037600767706, "oscillation_cost": 456.31594943551875, "completition_cost": 1000.0, "overshoot_cost": 2719.6485447979903, "power_cost": 36.26224772949219, "noise_cost": 29.53415278923331, "n_waypoints_completed": 0, "tot_waypoints": 9}}
{"target": -2066.5736946751927, "params": {"k_pid_pos": [1.9354369640350342, 0.0, 0.017430394887924194], "k_pid_alt": [2.0, 0.02069762349128723, 0.9484946727752686], "k_pid_att": [100.0, 0.619705855846405, 1.0], "k_pid_yaw": [0.5, 1e-06, 0.1], "k_pid_hsp": [0.2966184914112091, 0.014699816703796387, 1.0], "k_pid_vsp": [9.012389183044434, 400.0, 400.0]}, "datetime": {"datetime": "2025-08-13 23:01:23", "elapsed": 47612.05167746544, "delta": 29.57639479637146}, "costs": {"total_cost": 2066.5736946751927, "time_cost": 150, "final_distance_cost": 121.57613725362863, "oscillation_cost": 732.9438635438946, "completition_cost": 888.8888888888888, "overshoot_cost": 112.49067952822809, "power_cost": 33.395055969238285, "noise_cost": 27.27906949131401, "n_waypoints_completed": 1, "tot_waypoints": 9}}
{"target": -5313.355480271592, "params": {"k_pid_pos": [2.0, 0.0, 0.0], "k_pid_alt": [2.0, 0.0, 0.9755638241767883], "k_pid_att": [93.37960815429688, 9.999999747378752e-05, 1.0], "k_pid_yaw": [0.5, 1e-06, 0.1], "k_pid_hsp": [0.20904676616191864, 0.0, 0.9868295192718506], "k_pid_vsp": [46.71075439453125, 386.8867492675781, 381.61187744140625]}, "datetime": {"datetime": "2025-08-13 23:01:52", "elapsed": 47640.57821559906, "delta": 28.526538133621216}, "costs": {"total_cost": 5313.355480271592, "time_cost": 150, "final_distance_cost": 1046.6539459772357, "oscillation_cost": 730.4045599024456, "completition_cost": 1000.0, "overshoot_cost": 2328.3934938592447, "power_cost": 31.104390185546876, "noise_cost": 26.799090347119378, "n_waypoints_completed": 0, "tot_waypoints": 9}}
{"target": -7598.3265859224675, "params": {"k_pid_pos": [2.0, 0.0, 0.0], "k_pid_alt": [1.9940097332000732, 0.038670480251312256, 1.0], "k_pid_att": [100.0, 0.1106613352894783, 0.9851729273796082], "k_pid_yaw": [0.5, 1e-06, 0.1], "k_pid_hsp": [9.999999747378752e-05, 0.049544960260391235, 1.0], "k_pid_vsp": [17.73346710205078, 400.0, 366.4889221191406]}, "datetime": {"datetime": "2025-08-13 23:02:22", "elapsed": 47670.49469900131, "delta": 29.916483402252197}, "costs": {"total_cost": 7598.3265859224675, "time_cost": 150, "final_distance_cost": 1680.1392077795629, "oscillation_cost": 802.0679747735503, "completition_cost": 1000.0, "overshoot_cost": 3905.7762930559365, "power_cost": 32.926851782226564, "noise_cost": 27.416258531191907, "n_waypoints_completed": 0, "tot_waypoints": 9}}
{"target": -2500.636492846465, "params": {"k_pid_pos": [1.9625104665756226, 0.05468928813934326, 0.05618134140968323], "k_pid_alt": [2.0, 0.0, 0.9184080958366394], "k_pid_att": [92.20574188232422, 9.999999747378752e-05, 0.9679715037345886], "k_pid_yaw": [0.5, 1e-06, 0.1], "k_pid_hsp": [0.857166588306427, 0.0, 1.0], "k_pid_vsp": [6.551361083984375, 394.1551818847656, 400.0]}, "datetime": {"datetime": "2025-08-13 23:02:52", "elapsed": 47700.87973356247, "delta": 30.385034561157227}, "costs": {"total_cost": 2500.636492846465, "time_cost": 150, "final_distance_cost": 500.4919852909603, "oscillation_cost": 354.62961774519925, "completition_cost": 888.8888888888888, "overshoot_cost": 538.993223508427, "power_cost": 37.30873432617188, "noise_cost": 30.324043086817486, "n_waypoints_completed": 1, "tot_waypoints": 9}}
{"target": -2074.133524463563, "params": {"k_pid_pos": [2.0, 0.08157163858413696, 0.025622785091400146], "k_pid_alt": [1.916610598564148, 0.0, 0.93631511926651], "k_pid_att": [94.7821044921875, 0.15109524130821228, 0.9787804484367371], "k_pid_yaw": [0.5, 1e-06, 0.1], "k_pid_hsp": [0.014408845454454422, 0.013055503368377686, 1.0], "k_pid_vsp": [0.0, 389.74896240234375, 400.0]}, "datetime": {"datetime": "2025-08-13 23:03:22", "elapsed": 47730.79571175575, "delta": 29.91597819328308}, "costs": {"total_cost": 2074.133524463563, "time_cost": 150, "final_distance_cost": 45.432724981283506, "oscillation_cost": 761.1681009008887, "completition_cost": 1000.0, "overshoot_cost": 46.31844581557185, "power_cost": 38.741960363769536, "noise_cost": 32.472292402049646, "n_waypoints_completed": 0, "tot_waypoints": 9}}
{"target": -3054.9958457039174, "params": {"k_pid_pos": [1.8398226499557495, 0.045731425285339355, 0.0], "k_pid_alt": [1.9996912479400635, 0.0, 0.9448742270469666], "k_pid_att": [97.0078353881836, 0.11222027987241745, 1.0], "k_pid_yaw": [0.5, 1e-06, 0.1], "k_pid_hsp": [9.999999747378752e-05, 0.03394153714179993, 1.0], "k_pid_vsp": [0.0, 400.0, 349.7804260253906]}, "datetime": {"datetime": "2025-08-13 23:03:53", "elapsed": 47761.60671687126, "delta": 30.811005115509033}, "costs": {"total_cost": 3054.9958457039174, "time_cost": 150, "final_distance_cost": 195.53943110211256, "oscillation_cost": 755.9355736777391, "completition_cost": 1000.0, "overshoot_cost": 892.041637749808, "power_cost": 34.409475390625005, "noise_cost": 27.069727783632526, "n_waypoints_completed": 0, "tot_waypoints": 9}}
{"target": -2238.5478905311857, "params": {"k_pid_pos": [1.9166884422302246, 0.136408269405365, 0.0], "k_pid_alt": [2.0, 0.011093556880950928, 1.0], "k_pid_att": [96.13417053222656, 9.999999747378752e-05, 1.0], "k_pid_yaw": [0.5, 1e-06, 0.1], "k_pid_hsp": [9.999999747378752e-05, 0.0, 0.9877825975418091], "k_pid_vsp": [0.0, 400.0, 400.0]}, "datetime": {"datetime": "2025-08-13 23:04:23", "elapsed": 47791.9030752182, "delta": 30.296358346939087}, "costs": {"total_cost": 2238.5478905311857, "time_cost": 150, "final_distance_cost": 45.954630421492524, "oscillation_cost": 741.1790602518398, "completition_cost": 1000.0, "overshoot_cost": 160.8546998288298, "power_cost": 43.44014403076172, "noise_cost": 97.11935599826232, "n_waypoints_completed": 0, "tot_waypoints": 9}}
{"target": -10396.418545451326, "params": {"k_pid_pos": [2.0, 0.06848275661468506, 0.0], "k_pid_alt": [1.9764609336853027, 0.0, 1.0], "k_pid_att": [100.0, 9.999999747378752e-05, 0.9986428022384644], "k_pid_yaw": [0.5, 1e-06, 0.1], "k_pid_hsp": [0.37187665700912476, 0.0, 0.9628106355667114], "k_pid_vsp": [5.709826946258545, 387.3050537109375, 397.877197265625]}, "datetime": {"datetime": "2025-08-13 23:04:54", "elapsed": 47822.69556593895, "delta": 30.7924907207489}, "costs": {"total_cost": 10396.418545451326, "time_cost": 150, "final_distance_cost": 2702.1483872671784, "oscillation_cost": 741.9051743704902, "completition_cost": 1000.0, "overshoot_cost": 5741.2123800712125, "power_cost": 33.56754075927734, "noise_cost": 27.585062983168626, "n_waypoints_completed": 0, "tot_waypoints": 9}}
