{"target": -2177.354338322969, "params": {"k_pid_pos": [1.933091640472412, 0.0, 0.04586780071258545], "k_pid_alt": [2.0, 0.0, 0.8878505229949951], "k_pid_att": [94.52935791015625, 9.999999747378752e-05, 1.0], "k_pid_yaw": [0.5, 1e-06, 0.1], "k_pid_hsp": [9.999999747378752e-05, 0.009243518114089966, 0.9359294176101685], "k_pid_vsp": [0.0, 395.5318603515625, 400.0]}, "datetime": {"datetime": "2025-08-13 18:13:46", "elapsed": 30354.20446252823, "delta": 29.950233697891235}, "costs": {"total_cost": 2177.354338322969, "time_cost": 150, "final_distance_cost": 52.6971075925933, "oscillation_cost": 701.9207424517159, "completition_cost": 1000.0, "overshoot_cost": 166.6474383849831, "power_cost": 41.964778845214845, "noise_cost": 64.1242710484615, "n_waypoints_completed": 0, "tot_waypoints": 9}}
{"target": -4230.099467487187, "params": {"k_pid_pos": [1.9634290933609009, 0.0, 0.0006541609764099121], "k_pid_alt": [2.0, 0.043974995613098145, 0.9825726747512817], "k_pid_att": [100.0, 0.06169392913579941, 0.9028638005256653], "k_pid_yaw": [0.5, 1e-06, 0.1], "k_pid_hsp": [0.045645542442798615, 0.0, 1.0], "k_pid_vsp": [2.612638473510742, 400.0, 400.0]}, "datetime": {"datetime": "2025-08-13 18:14:14", "elapsed": 30382.761359214783, "delta": 28.556896686553955}, "costs": {"total_cost": 4230.099467487187, "time_cost": 150, "final_distance_cost": 802.6091282806674, "oscillation_cost": 802.6512077976699, "completition_cost": 1000.0, "overshoot_cost": 1413.752226831666, "power_cost": 33.555019592285156, "noise_cost": 27.53188498489903, "n_waypoints_completed": 0, "tot_waypoints": 9}}
{"target": -2880.238278216323, "params": {"k_pid_pos": [1.969478964805603, 0.0, 0.0], "k_pid_alt": [1.9655017852783203, 0.018630653619766235, 0.9581946134567261], "k_pid_att": [100.0, 9.999999747378752e-05, 1.0], "k_pid_yaw": [0.5, 1e-06, 0.1], "k_pid_hsp": [1.134804606437683, 0.04653435945510864, 1.0], "k_pid_vsp": [0.0, 400.0, 386.4048156738281]}, "datetime": {"datetime": "2025-08-13 18:14:43", "elapsed": 30411.240611553192, "delta": 28.479252338409424}, "costs": {"total_cost": 2880.238278216323, "time_cost": 150, "final_distance_cost": 627.6809376734768, "oscillation_cost": 544.3703329315272, "completition_cost": 888.8888888888888, "overshoot_cost": 581.1996918652183, "power_cost": 35.819621643066405, "noise_cost": 52.27880521414528, "n_waypoints_completed": 1, "tot_waypoints": 9}}
{"target": -2016.5100360088204, "params": {"k_pid_pos": [1.8425703048706055, 0.0, 0.027540504932403564], "k_pid_alt": [1.97690749168396, 0.00972244143486023, 0.969962477684021], "k_pid_att": [99.88738250732422, 9.999999747378752e-05, 0.8841035962104797], "k_pid_yaw": [0.5, 1e-06, 0.1], "k_pid_hsp": [0.4399280846118927, 0.07997173070907593, 1.0], "k_pid_vsp": [0.0, 400.0, 400.0]}, "datetime": {"datetime": "2025-08-13 18:15:12", "elapsed": 30440.581218481064, "delta": 29.340606927871704}, "costs": {"total_cost": 2016.5100360088204, "time_cost": 150, "final_distance_cost": 49.76993130779387, "oscillation_cost": 668.5129266493861, "completition_cost": 888.8888888888888, "overshoot_cost": 141.8229650280262, "power_cost": 42.71912083740234, "noise_cost": 74.7962032973229, "n_waypoints_completed": 1, "tot_waypoints": 9}}
{"target": -2862.3492787925015, "params": {"k_pid_pos": [1.9597409963607788, 0.08227789402008057, 0.035766005516052246], "k_pid_alt": [2.0, 0.0, 0.9621634483337402], "k_pid_att": [100.0, 0.13722537457942963, 1.0], "k_pid_yaw": [0.5, 1e-06, 0.1], "k_pid_hsp": [9.999999747378752e-05, 0.0, 0.9978539943695068], "k_pid_vsp": [0.0, 400.0, 393.30572509765625]}, "datetime": {"datetime": "2025-08-13 18:15:40", "elapsed": 30468.56188607216, "delta": 27.98066759109497}, "costs": {"total_cost": 2862.3492787925015, "time_cost": 150, "final_distance_cost": 263.41586463567813, "oscillation_cost": 788.1451096619, "completition_cost": 1000.0, "overshoot_cost": 596.1760094987311, "power_cost": 36.160894921875, "noise_cost": 28.451400074317043, "n_waypoints_completed": 0, "tot_waypoints": 9}}
{"target": -3906.300975087681, "params": {"k_pid_pos": [2.0, 0.156386137008667, 0.08178716897964478], "k_pid_alt": [1.988229513168335, 0.0, 0.9946808815002441], "k_pid_att": [92.66964721679688, 9.999999747378752e-05, 1.0], "k_pid_yaw": [0.5, 1e-06, 0.1], "k_pid_hsp": [9.999999747378752e-05, 0.0, 1.0], "k_pid_vsp": [3.0583620071411133, 400.0, 400.0]}, "datetime": {"datetime": "2025-08-13 18:16:08", "elapsed": 30496.993661403656, "delta": 28.431775331497192}, "costs": {"total_cost": 3906.300975087681, "time_cost": 150, "final_distance_cost": 778.5732857039116, "oscillation_cost": 765.3645528324912, "completition_cost": 888.8888888888888, "overshoot_cost": 1263.2057845466818, "power_cost": 32.90266763916016, "noise_cost": 27.36579547654705, "n_waypoints_completed": 1, "tot_waypoints": 9}}
{"target": -2227.150957248694, "params": {"k_pid_pos": [2.0, 0.025063782930374146, 0.0], "k_pid_alt": [1.9389687776565552, 0.0, 1.0], "k_pid_att": [96.7400894165039, 9.999999747378752e-05, 0.9506649971008301], "k_pid_yaw": [0.5, 1e-06, 0.1], "k_pid_hsp": [9.999999747378752e-05, 0.023716628551483154, 0.9997421503067017], "k_pid_vsp": [28.946245193481445, 396.7530517578125, 400.0]}, "datetime": {"datetime": "2025-08-13 18:16:38", "elapsed": 30526.269302606583, "delta": 29.275641202926636}, "costs": {"total_cost": 2227.150957248694, "time_cost": 150, "final_distance_cost": 72.63802709664354, "oscillation_cost": 848.4284694946226, "completition_cost": 1000.0, "overshoot_cost": 92.76182131531252, "power_cost": 35.5385806640625, "noise_cost": 27.78405867805305, "n_waypoints_completed": 0, "tot_waypoints": 9}}
{"target": -2165.6313142790423, "params": {"k_pid_pos": [2.0, 0.0, 0.0], "k_pid_alt": [1.8903203010559082, 0.07617956399917603, 0.9855623841285706], "k_pid_att": [100.0, 0.30513057112693787, 1.0], "k_pid_yaw": [0.5, 1e-06, 0.1], "k_pid_hsp": [0.8252962827682495, 0.0, 1.0], "k_pid_vsp": [28.43593406677246, 400.0, 400.0]}, "datetime": {"datetime": "2025-08-13 18:17:06", "elapsed": 30554.357164621353, "delta": 28.087862014770508}, "costs": {"total_cost": 2165.6313142790423, "time_cost": 150, "final_distance_cost": 49.00693616764778, "oscillation_cost": 651.1996899275226, "completition_cost": 1000.0, "overshoot_cost": 244.1661476957881, "power_cost": 37.89535107421875, "noise_cost": 33.36318941386514, "n_waypoints_completed": 0, "tot_waypoints": 9}}
{"target": -4993.405054931452, "params": {"k_pid_pos": [2.0, 0.0, 0.0], "k_pid_alt": [2.0, 0.0, 0.9368727207183838], "k_pid_att": [92.17304229736328, 9.999999747378752e-05, 0.9080129265785217], "k_pid_yaw": [0.5, 1e-06, 0.1], "k_pid_hsp": [9.999999747378752e-05, 0.0, 0.9703658819198608], "k_pid_vsp": [0.0, 400.0, 400.0]}, "datetime": {"datetime": "2025-08-13 18:17:34", "elapsed": 30582.87028360367, "delta": 28.513118982315063}, "costs": {"total_cost": 4993.405054931452, "time_cost": 150, "final_distance_cost": 1246.8724532788658, "oscillation_cost": 789.840779090305, "completition_cost": 1000.0, "overshoot_cost": 1741.3294185817927, "power_cost": 36.566719848632815, "noise_cost": 28.795684131855655, "n_waypoints_completed": 0, "tot_waypoints": 9}}
{"target": -3895.111222605565, "params": {"k_pid_pos": [1.8707807064056396, 0.0, 0.011499017477035522], "k_pid_alt": [1.9999969005584717, 0.045942723751068115, 0.986319899559021], "k_pid_att": [100.0, 9.999999747378752e-05, 1.0], "k_pid_yaw": [0.5, 1e-06, 0.1], "k_pid_hsp": [9.999999747378752e-05, 0.0, 1.0], "k_pid_vsp": [15.559995651245117, 400.0, 400.0]}, "datetime": {"datetime": "2025-08-13 18:18:03", "elapsed": 30611.250120162964, "delta": 28.379836559295654}, "costs": {"total_cost": 3895.111222605565, "time_cost": 150, "final_distance_cost": 824.3905740792667, "oscillation_cost": 876.91144536034, "completition_cost": 1000.0, "overshoot_cost": 979.6741950236533, "power_cost": 35.82570356445313, "noise_cost": 28.30930457785208, "n_waypoints_completed": 0, "tot_waypoints": 9}}
{"target": -2315.0850237964187, "params": {"k_pid_pos": [2.0, 0.0060783326625823975, 0.0], "k_pid_alt": [2.0, 0.0, 1.0], "k_pid_att": [100.0, 9.999999747378752e-05, 0.9702277183532715], "k_pid_yaw": [0.5, 1e-06, 0.1], "k_pid_hsp": [9.999999747378752e-05, 0.0, 0.9666579961776733], "k_pid_vsp": [17.590463638305664, 400.0, 400.0]}, "datetime": {"datetime": "2025-08-13 18:18:32", "elapsed": 30640.71958065033, "delta": 29.469460487365723}, "costs": {"total_cost": 2315.0850237964187, "time_cost": 150, "final_distance_cost": 69.17010658168425, "oscillation_cost": 765.2537250743727, "completition_cost": 1000.0, "overshoot_cost": 251.60508251060176, "power_cost": 37.93060947265625, "noise_cost": 41.125500157103296, "n_waypoints_completed": 0, "tot_waypoints": 9}}
{"target": -3228.5076613216665, "params": {"k_pid_pos": [1.9072617292404175, 0.009675979614257812, 0.0], "k_pid_alt": [1.9852787256240845, 0.0, 1.0], "k_pid_att": [100.0, 0.4050159156322479, 1.0], "k_pid_yaw": [0.5, 1e-06, 0.1], "k_pid_hsp": [0.3848983645439148, 0.0, 1.0], "k_pid_vsp": [0.0, 400.0, 400.0]}, "datetime": {"datetime": "2025-08-13 18:19:01", "elapsed": 30669.898253440857, "delta": 29.178672790527344}, "costs": {"total_cost": 3228.5076613216665, "time_cost": 150, "final_distance_cost": 604.407080230161, "oscillation_cost": 492.42702091052837, "completition_cost": 1000.0, "overshoot_cost": 915.6761543185395, "power_cost": 37.01146450195313, "noise_cost": 28.985941360484752, "n_waypoints_completed": 0, "tot_waypoints": 9}}
{"target": -1849.6949853703131, "params": {"k_pid_pos": [1.9212793111801147, 0.0, 0.0], "k_pid_alt": [1.9022290706634521, 0.02868175506591797, 0.9857925176620483], "k_pid_att": [92.02423095703125, 9.999999747378752e-05, 0.9683830738067627], "k_pid_yaw": [0.5, 1e-06, 0.1], "k_pid_hsp": [0.4252282381057739, 0.0, 0.9047330021858215], "k_pid_vsp": [0.0, 395.76995849609375, 398.98565673828125]}, "datetime": {"datetime": "2025-08-13 18:19:31", "elapsed": 30699.316059827805, "delta": 29.417806386947632}, "costs": {"total_cost": 1849.6949853703131, "time_cost": 150, "final_distance_cost": 62.12047832601578, "oscillation_cost": 470.338373993827, "completition_cost": 888.8888888888888, "overshoot_cost": 209.93906126115874, "power_cost": 38.81960949707032, "noise_cost": 29.58857340335258, "n_waypoints_completed": 1, "tot_waypoints": 9}}
{"target": -7363.4756455502275, "params": {"k_pid_pos": [2.0, 0.0027395784854888916, 0.0], "k_pid_alt": [1.9860795736312866, 0.0, 0.9973243474960327], "k_pid_att": [94.19783020019531, 9.999999747378752e-05, 0.9236199855804443], "k_pid_yaw": [0.5, 1e-06, 0.1], "k_pid_hsp": [0.05127961188554764, 0.023270338773727417, 1.0], "k_pid_vsp": [28.076839447021484, 400.0, 400.0]}, "datetime": {"datetime": "2025-08-13 18:20:00", "elapsed": 30728.538091659546, "delta": 29.222031831741333}, "costs": {"total_cost": 7363.4756455502275, "time_cost": 150, "final_distance_cost": 1972.7334884661607, "oscillation_cost": 773.7010218216293, "completition_cost": 1000.0, "overshoot_cost": 3412.255931006329, "power_cost": 28.726003515625003, "noise_cost": 26.059200740483742, "n_waypoints_completed": 0, "tot_waypoints": 9}}
{"target": -1755.3487029468508, "params": {"k_pid_pos": [2.0, 0.028563082218170166, 0.04120278358459473], "k_pid_alt": [2.0, 0.0, 1.0], "k_pid_att": [100.0, 9.999999747378752e-05, 0.9655770063400269], "k_pid_yaw": [0.5, 1e-06, 0.1], "k_pid_hsp": [0.37604835629463196, 0.0, 1.0], "k_pid_vsp": [0.0, 400.0, 400.0]}, "datetime": {"datetime": "2025-08-13 18:20:29", "elapsed": 30757.474311590195, "delta": 28.936219930648804}, "costs": {"total_cost": 1755.3487029468508, "time_cost": 150, "final_distance_cost": 68.04934173355153, "oscillation_cost": 577.3109051029028, "completition_cost": 777.7777777777778, "overshoot_cost": 114.23235192091312, "power_cost": 38.887648852539066, "noise_cost": 29.09067755916666, "n_waypoints_completed": 2, "tot_waypoints": 9}}
{"target": -1578.9042343444712, "params": {"k_pid_pos": [1.9791592359542847, 0.0, 0.0], "k_pid_alt": [1.8421013355255127, 0.004147320985794067, 1.0], "k_pid_att": [100.0, 9.999999747378752e-05, 1.0], "k_pid_yaw": [0.5, 1e-06, 0.1], "k_pid_hsp": [0.7577708959579468, 0.0, 0.9886026978492737], "k_pid_vsp": [7.1015238761901855, 400.0, 399.34149169921875]}, "datetime": {"datetime": "2025-08-13 18:20:58", "elapsed": 30786.11700773239, "delta": 28.642696142196655}, "costs": {"total_cost": 1578.9042343444712, "time_cost": 150, "final_distance_cost": 63.770490513346715, "oscillation_cost": 486.78122495976174, "completition_cost": 666.6666666666667, "overshoot_cost": 142.76456970373025, "power_cost": 37.488853161621094, "noise_cost": 31.43242933934438, "n_waypoints_completed": 3, "tot_waypoints": 9}}
{"target": -2052.0662810312638, "params": {"k_pid_pos": [2.0, 0.0, 0.027978897094726562], "k_pid_alt": [1.9227207899093628, 0.025529593229293823, 1.0], "k_pid_att": [98.74373626708984, 0.5890365839004517, 1.0], "k_pid_yaw": [0.5, 1e-06, 0.1], "k_pid_hsp": [0.6799354553222656, 0.0, 1.0], "k_pid_vsp": [0.0, 400.0, 400.0]}, "datetime": {"datetime": "2025-08-13 18:21:26", "elapsed": 30814.574291944504, "delta": 28.457284212112427}, "costs": {"total_cost": 2052.0662810312638, "time_cost": 150, "final_distance_cost": 51.87571759245701, "oscillation_cost": 665.3478911415808, "completition_cost": 888.8888888888888, "overshoot_cost": 141.76719007126272, "power_cost": 47.957752587890624, "noise_cost": 106.22884074918393, "n_waypoints_completed": 1, "tot_waypoints": 9}}
{"target": -4238.293016006025, "params": {"k_pid_pos": [1.9749306440353394, 0.0, 0.009889453649520874], "k_pid_alt": [2.0, 0.08108645677566528, 1.0], "k_pid_att": [97.86177825927734, 9.999999747378752e-05, 1.0], "k_pid_yaw": [0.5, 1e-06, 0.1], "k_pid_hsp": [9.999999747378752e-05, 0.02359217405319214, 1.0], "k_pid_vsp": [0.0, 385.9561767578125, 400.0]}, "datetime": {"datetime": "2025-08-13 18:21:54", "elapsed": 30842.98442053795, "delta": 28.410128593444824}, "costs": {"total_cost": 4238.293016006025, "time_cost": 150, "final_distance_cost": 1057.4170888270921, "oscillation_cost": 711.8471003769622, "completition_cost": 1000.0, "overshoot_cost": 1256.2779506915215, "power_cost": 34.71281031494141, "noise_cost": 28.038065795507357, "n_waypoints_completed": 0, "tot_waypoints": 9}}
{"target": -5579.22735037408, "params": {"k_pid_pos": [1.9534673690795898, 0.11845839023590088, 0.0], "k_pid_alt": [1.9946484565734863, 0.029613107442855835, 0.9514103531837463], "k_pid_att": [91.88878631591797, 9.999999747378752e-05, 1.0], "k_pid_yaw": [0.5, 1e-06, 0.1], "k_pid_hsp": [0.5792746543884277, 0.0, 0.9539499282836914], "k_pid_vsp": [0.0, 400.0, 400.0]}, "datetime": {"datetime": "2025-08-13 18:22:24", "elapsed": 30872.553848981857, "delta": 29.56942844390869}, "costs": {"total_cost": 5579.22735037408, "time_cost": 150, "final_distance_cost": 1354.3653950167193, "oscillation_cost": 548.6449140445048, "completition_cost": 888.8888888888888, "overshoot_cost": 2572.366327693997, "power_cost": 35.610084887695315, "noise_cost": 29.35173984227428, "n_waypoints_completed": 1, "tot_waypoints": 9}}
{"target": -3102.9606642666095, "params": {"k_pid_pos": [2.0, 0.12767592072486877, 0.04889121651649475], "k_pid_alt": [2.0, 0.08566233515739441, 0.9776527285575867], "k_pid_att": [97.51516723632812, 0.023136069998145103, 1.0], "k_pid_yaw": [0.5, 1e-06, 0.1], "k_pid_hsp": [0.11683005839586258, 0.0, 1.0], "k_pid_vsp": [30.626380920410156, 400.0, 400.0]}, "datetime": {"datetime": "2025-08-13 18:22:54", "elapsed": 30902.35104894638, "delta": 29.797199964523315}, "costs": {"total_cost": 3102.9606642666095, "time_cost": 150, "final_distance_cost": 422.1211381332469, "oscillation_cost": 712.0102335199455, "completition_cost": 1000.0, "overshoot_cost": 759.1031233269013, "power_cost": 32.714656188964845, "noise_cost": 27.01151309755086, "n_waypoints_completed": 0, "tot_waypoints": 9}}
{"target": -2207.6759769913797, "params": {"k_pid_pos": [1.9794892072677612, 0.0, 0.0], "k_pid_alt": [1.9294958114624023, 0.0, 0.9682327508926392], "k_pid_att": [100.0, 0.629719614982605, 0.9198720455169678], "k_pid_yaw": [0.5, 1e-06, 0.1], "k_pid_hsp": [9.999999747378752e-05, 0.060309529304504395, 0.9995739459991455], "k_pid_vsp": [26.9564266204834, 400.0, 400.0]}, "datetime": {"datetime": "2025-08-13 18:23:23", "elapsed": 30931.60320162773, "delta": 29.252152681350708}, "costs": {"total_cost": 2207.6759769913797, "time_cost": 150, "final_distance_cost": 80.21803249927332, "oscillation_cost": 696.248016679639, "completition_cost": 888.8888888888888, "overshoot_cost": 331.0162152365096, "power_cost": 33.74978624267578, "noise_cost": 27.555037444393122, "n_waypoints_completed": 1, "tot_waypoints": 9}}
{"target": -2091.2132526493624, "params": {"k_pid_pos": [2.0, 0.020672619342803955, 0.003964513540267944], "k_pid_alt": [1.960982084274292, 0.0, 0.947116494178772], "k_pid_att": [93.08058166503906, 9.999999747378752e-05, 0.9424739480018616], "k_pid_yaw": [0.5, 1e-06, 0.1], "k_pid_hsp": [9.999999747378752e-05, 0.017611414194107056, 0.9438143968582153], "k_pid_vsp": [0.0, 390.1064147949219, 378.2055969238281]}, "datetime": {"datetime": "2025-08-13 18:23:53", "elapsed": 30961.472378730774, "delta": 29.869177103042603}, "costs": {"total_cost": 2091.2132526493624, "time_cost": 150, "final_distance_cost": 37.95393465651439, "oscillation_cost": 749.5033978973669, "completition_cost": 888.8888888888888, "overshoot_cost": 155.68945026495672, "power_cost": 42.01174937744141, "noise_cost": 67.16583156419412, "n_waypoints_completed": 1, "tot_waypoints": 9}}
{"target": -5796.985079190068, "params": {"k_pid_pos": [2.0, 0.0, 0.0], "k_pid_alt": [1.9437839984893799, 0.0, 1.0], "k_pid_att": [94.09732055664062, 0.36022645235061646, 1.0], "k_pid_yaw": [0.5, 1e-06, 0.1], "k_pid_hsp": [0.04876163974404335, 0.019146323204040527, 1.0], "k_pid_vsp": [0.0, 400.0, 400.0]}, "datetime": {"datetime": "2025-08-13 18:24:21", "elapsed": 30990.046048164368, "delta": 28.57366943359375}, "costs": {"total_cost": 5796.985079190068, "time_cost": 150, "final_distance_cost": 1203.321335233565, "oscillation_cost": 809.9357149547108, "completition_cost": 1000.0, "overshoot_cost": 2572.7432181584536, "power_cost": 33.570653869628906, "noise_cost": 27.41415697371073, "n_waypoints_completed": 0, "tot_waypoints": 9}}
{"target": -3079.458822074063, "params": {"k_pid_pos": [1.8459217548370361, 0.0627027153968811, 0.03442153334617615], "k_pid_alt": [1.960320234298706, 0.047530800104141235, 1.0], "k_pid_att": [100.0, 0.22499769926071167, 0.9193697571754456], "k_pid_yaw": [0.5, 1e-06, 0.1], "k_pid_hsp": [0.8798408508300781, 0.0, 1.0], "k_pid_vsp": [0.0, 365.4844970703125, 390.4584045410156]}, "datetime": {"datetime": "2025-08-13 18:24:50", "elapsed": 31018.7533993721, "delta": 28.707351207733154}, "costs": {"total_cost": 3079.458822074063, "time_cost": 150, "final_distance_cost": 295.7338714314227, "oscillation_cost": 565.6568634079892, "completition_cost": 1000.0, "overshoot_cost": 998.03751227861, "power_cost": 37.92877996826172, "noise_cost": 32.10179498777978, "n_waypoints_completed": 0, "tot_waypoints": 9}}
{"target": -2014.8268363651985, "params": {"k_pid_pos": [2.0, 0.0, 0.0], "k_pid_alt": [2.0, 0.0, 0.9885807037353516], "k_pid_att": [92.623779296875, 0.45567309856414795, 0.9971421957015991], "k_pid_yaw": [0.5, 1e-06, 0.1], "k_pid_hsp": [0.35066893696784973, 0.0, 0.9520243406295776], "k_pid_vsp": [29.834247589111328, 390.95294189453125, 400.0]}, "datetime": {"datetime": "2025-08-13 18:25:20", "elapsed": 31048.09309196472, "delta": 29.33969259262085}, "costs": {"total_cost": 2014.8268363651985, "time_cost": 150, "final_distance_cost": 69.01101878852842, "oscillation_cost": 647.8265079022236, "completition_cost": 888.8888888888888, "overshoot_cost": 185.49026589451603, "power_cost": 37.02525885009766, "noise_cost": 36.584896040944244, "n_waypoints_completed": 1, "tot_waypoints": 9}}
{"target": -5910.308477788914, "params": {"k_pid_pos": [2.0, 0.017266511917114258, 0.03509822487831116], "k_pid_alt": [1.8500200510025024, 0.0, 1.0], "k_pid_att": [100.0, 9.999999747378752e-05, 0.9252068400382996], "k_pid_yaw": [0.5, 1e-06, 0.1], "k_pid_hsp": [9.999999747378752e-05, 0.010155946016311646, 0.9627799987792969], "k_pid_vsp": [0.0, 380.0069274902344, 400.0]}, "datetime": {"datetime": "2025-08-13 18:25:48", "elapsed": 31076.98195552826, "delta": 28.888863563537598}, "costs": {"total_cost": 5910.308477788914, "time_cost": 150, "final_distance_cost": 1755.2748398880672, "oscillation_cost": 594.534033882072, "completition_cost": 888.8888888888888, "overshoot_cost": 2460.590688864233, "power_cost": 33.54402749023438, "noise_cost": 27.47599877541943, "n_waypoints_completed": 1, "tot_waypoints": 9}}
{"target": -2215.0640614096783, "params": {"k_pid_pos": [1.982413411140442, 0.011359959840774536, 0.01207992434501648], "k_pid_alt": [2.0, 0.009903281927108765, 0.9624727964401245], "k_pid_att": [100.0, 0.681559681892395, 0.9437150359153748], "k_pid_yaw": [0.5, 1e-06, 0.1], "k_pid_hsp": [9.999999747378752e-05, 0.041301608085632324, 1.0], "k_pid_vsp": [0.0, 385.9977722167969, 396.8534240722656]}, "datetime": {"datetime": "2025-08-13 18:26:17", "elapsed": 31105.87688779831, "delta": 28.89493227005005}, "costs": {"total_cost": 2215.0640614096783, "time_cost": 150, "final_distance_cost": 22.069526310531586, "oscillation_cost": 811.5481178593382, "completition_cost": 1000.0, "overshoot_cost": 149.26984072396243, "power_cost": 38.279221032714844, "noise_cost": 43.89735548313117, "n_waypoints_completed": 0, "tot_waypoints": 9}}
