{"target": -3469.8243694943862, "params": {"k_pid_pos": [2.0, 0.0, 0.03333479166030884], "k_pid_alt": [1.9121640920639038, 0.043355464935302734, 1.0], "k_pid_att": [95.81996154785156, 9.999999747378752e-05, 1.0], "k_pid_yaw": [0.5, 1e-06, 0.1], "k_pid_hsp": [9.999999747378752e-05, 0.0, 0.9941648244857788], "k_pid_vsp": [6.011617183685303, 400.0, 400.0]}, "datetime": {"datetime": "2025-08-13 12:42:01", "elapsed": 10449.74961566925, "delta": 28.839192867279053}, "costs": {"total_cost": 3469.8243694943862, "time_cost": 150, "final_distance_cost": 546.9989570766381, "oscillation_cost": 769.8928535647831, "completition_cost": 1000.0, "overshoot_cost": 938.543349749406, "power_cost": 35.60678308105469, "noise_cost": 28.782426022504108, "n_waypoints_completed": 0, "tot_waypoints": 9}}
{"target": -3586.4390014434734, "params": {"k_pid_pos": [1.8725796937942505, 0.07094871997833252, 0.025764822959899902], "k_pid_alt": [2.0, 0.0, 0.9346551895141602], "k_pid_att": [100.0, 9.999999747378752e-05, 0.9866070747375488], "k_pid_yaw": [0.5, 1e-06, 0.1], "k_pid_hsp": [9.999999747378752e-05, 0.0, 1.0], "k_pid_vsp": [12.770748138427734, 392.3327941894531, 358.27117919921875]}, "datetime": {"datetime": "2025-08-13 12:42:30", "elapsed": 10478.108553409576, "delta": 28.358937740325928}, "costs": {"total_cost": 3586.4390014434734, "time_cost": 150, "final_distance_cost": 276.82450365217767, "oscillation_cost": 829.1988043001895, "completition_cost": 888.8888888888888, "overshoot_cost": 1376.7270139310256, "power_cost": 36.88663858642578, "noise_cost": 27.913152084766327, "n_waypoints_completed": 1, "tot_waypoints": 9}}
{"target": -2934.3001063131974, "params": {"k_pid_pos": [2.0, 0.12645351886749268, 0.012093901634216309], "k_pid_alt": [1.8874963521957397, 0.0, 1.0], "k_pid_att": [100.0, 9.999999747378752e-05, 0.9630537033081055], "k_pid_yaw": [0.5, 1e-06, 0.1], "k_pid_hsp": [0.3032199442386627, 0.004669159650802612, 1.0], "k_pid_vsp": [0.0, 370.00018310546875, 381.8785095214844]}, "datetime": {"datetime": "2025-08-13 12:42:57", "elapsed": 10505.964466810226, "delta": 27.855913400650024}, "costs": {"total_cost": 2934.3001063131974, "time_cost": 150, "final_distance_cost": 482.74369347823523, "oscillation_cost": 680.1627834873466, "completition_cost": 1000.0, "overshoot_cost": 559.2891030278854, "power_cost": 34.22732097167969, "noise_cost": 27.877205348051103, "n_waypoints_completed": 0, "tot_waypoints": 9}}
{"target": -2097.57201174221, "params": {"k_pid_pos": [2.0, 0.008278965950012207, 0.0642780065536499], "k_pid_alt": [2.0, 0.04399403929710388, 1.0], "k_pid_att": [94.99755096435547, 0.36643481254577637, 1.0], "k_pid_yaw": [0.5, 1e-06, 0.1], "k_pid_hsp": [9.999999747378752e-05, 0.0, 1.0], "k_pid_vsp": [0.0, 400.0, 400.0]}, "datetime": {"datetime": "2025-08-13 12:43:26", "elapsed": 10534.677157878876, "delta": 28.712691068649292}, "costs": {"total_cost": 2097.57201174221, "time_cost": 150, "final_distance_cost": 49.97315977809484, "oscillation_cost": 744.6868431925379, "completition_cost": 1000.0, "overshoot_cost": 87.38888652883796, "power_cost": 37.23332811279297, "noise_cost": 28.289794129946586, "n_waypoints_completed": 0, "tot_waypoints": 9}}
{"target": -2186.164896251569, "params": {"k_pid_pos": [2.0, 0.04095292091369629, 0.011090070009231567], "k_pid_alt": [2.0, 0.03815269470214844, 1.0], "k_pid_att": [100.0, 0.1822514683008194, 1.0], "k_pid_yaw": [0.5, 1e-06, 0.1], "k_pid_hsp": [9.999999747378752e-05, 0.024839013814926147, 1.0], "k_pid_vsp": [0.0, 393.8840637207031, 400.0]}, "datetime": {"datetime": "2025-08-13 12:43:55", "elapsed": 10563.959839105606, "delta": 29.282681226730347}, "costs": {"total_cost": 2186.164896251569, "time_cost": 150, "final_distance_cost": 52.78913285702888, "oscillation_cost": 755.5766270702626, "completition_cost": 1000.0, "overshoot_cost": 142.11167903704794, "power_cost": 39.64027626953125, "noise_cost": 46.04718101769863, "n_waypoints_completed": 0, "tot_waypoints": 9}}
{"target": -2113.032132288965, "params": {"k_pid_pos": [2.0, 0.0, 0.06729036569595337], "k_pid_alt": [2.0, 0.0, 1.0], "k_pid_att": [96.83663177490234, 9.999999747378752e-05, 1.0], "k_pid_yaw": [0.5, 1e-06, 0.1], "k_pid_hsp": [9.999999747378752e-05, 0.0, 1.0], "k_pid_vsp": [9.815335273742676, 396.75372314453125, 398.6844177246094]}, "datetime": {"datetime": "2025-08-13 12:44:24", "elapsed": 10592.347956418991, "delta": 28.38811731338501}, "costs": {"total_cost": 2113.032132288965, "time_cost": 150, "final_distance_cost": 28.459930369397593, "oscillation_cost": 706.2405063579384, "completition_cost": 1000.0, "overshoot_cost": 125.36631500640027, "power_cost": 41.45670859375, "noise_cost": 61.508671961478306, "n_waypoints_completed": 0, "tot_waypoints": 9}}
{"target": -2935.5751274746594, "params": {"k_pid_pos": [2.0, 0.01717430353164673, 0.03083735704421997], "k_pid_alt": [2.0, 0.0, 1.0], "k_pid_att": [100.0, 9.999999747378752e-05, 0.9416205883026123], "k_pid_yaw": [0.5, 1e-06, 0.1], "k_pid_hsp": [9.999999747378752e-05, 0.008524537086486816, 0.9511767625808716], "k_pid_vsp": [10.407173156738281, 400.0, 385.82049560546875]}, "datetime": {"datetime": "2025-08-13 12:44:52", "elapsed": 10620.827870607376, "delta": 28.47991418838501}, "costs": {"total_cost": 2935.5751274746594, "time_cost": 150, "final_distance_cost": 507.7387973342426, "oscillation_cost": 762.1863352681264, "completition_cost": 1000.0, "overshoot_cost": 449.3024574254327, "power_cost": 37.55258768310547, "noise_cost": 28.794949763751955, "n_waypoints_completed": 0, "tot_waypoints": 9}}
{"target": -4788.943386750324, "params": {"k_pid_pos": [2.0, 0.0, 0.09797635674476624], "k_pid_alt": [1.968270182609558, 0.06267189979553223, 1.0], "k_pid_att": [96.16106414794922, 9.999999747378752e-05, 1.0], "k_pid_yaw": [0.5, 1e-06, 0.1], "k_pid_hsp": [9.999999747378752e-05, 0.04295843839645386, 1.0], "k_pid_vsp": [27.180147171020508, 400.0, 398.1305236816406]}, "datetime": {"datetime": "2025-08-13 12:45:21", "elapsed": 10649.371339797974, "delta": 28.543469190597534}, "costs": {"total_cost": 4788.943386750324, "time_cost": 150, "final_distance_cost": 1142.804445729564, "oscillation_cost": 803.1601757125824, "completition_cost": 1000.0, "overshoot_cost": 1632.7162772576255, "power_cost": 32.81879077148437, "noise_cost": 27.443697279066974, "n_waypoints_completed": 0, "tot_waypoints": 9}}
{"target": -7197.326705198681, "params": {"k_pid_pos": [2.0, 0.0, 0.0], "k_pid_alt": [2.0, 0.0, 1.0], "k_pid_att": [96.79304504394531, 9.999999747378752e-05, 1.0], "k_pid_yaw": [0.5, 1e-06, 0.1], "k_pid_hsp": [9.999999747378752e-05, 0.0, 1.0], "k_pid_vsp": [0.0, 395.66082763671875, 400.0]}, "datetime": {"datetime": "2025-08-13 12:45:49", "elapsed": 10677.793060302734, "delta": 28.421720504760742}, "costs": {"total_cost": 7197.326705198681, "time_cost": 150, "final_distance_cost": 1736.2807476714052, "oscillation_cost": 774.9370097918803, "completition_cost": 888.8888888888888, "overshoot_cost": 3584.596955007935, "power_cost": 34.664529064941405, "noise_cost": 27.958574773630794, "n_waypoints_completed": 1, "tot_waypoints": 9}}
{"target": -2323.2752497842216, "params": {"k_pid_pos": [1.9080675840377808, 0.0, 0.0], "k_pid_alt": [1.8494222164154053, 0.0, 1.0], "k_pid_att": [100.0, 9.999999747378752e-05, 0.9953709840774536], "k_pid_yaw": [0.5, 1e-06, 0.1], "k_pid_hsp": [9.999999747378752e-05, 0.040630072355270386, 1.0], "k_pid_vsp": [6.729435920715332, 392.7144775390625, 396.0753479003906]}, "datetime": {"datetime": "2025-08-13 12:46:17", "elapsed": 10705.600474357605, "delta": 27.807414054870605}, "costs": {"total_cost": 2323.2752497842216, "time_cost": 150, "final_distance_cost": 125.12824389694636, "oscillation_cost": 736.7537933742798, "completition_cost": 1000.0, "overshoot_cost": 237.6886587683193, "power_cost": 41.36475856933594, "noise_cost": 32.339795175340086, "n_waypoints_completed": 0, "tot_waypoints": 9}}
{"target": -7002.444075392579, "params": {"k_pid_pos": [2.0, 0.0061788856983184814, 0.010456889867782593], "k_pid_alt": [1.9545483589172363, 0.04205918312072754, 1.0], "k_pid_att": [97.0821304321289, 9.999999747378752e-05, 1.0], "k_pid_yaw": [0.5, 1e-06, 0.1], "k_pid_hsp": [9.999999747378752e-05, 0.1328994631767273, 1.0], "k_pid_vsp": [9.05348014831543, 400.0, 389.2618408203125]}, "datetime": {"datetime": "2025-08-13 12:46:46", "elapsed": 10734.314503192902, "delta": 28.71402883529663}, "costs": {"total_cost": 7002.444075392579, "time_cost": 150, "final_distance_cost": 2020.3546697575737, "oscillation_cost": 736.5338134747691, "completition_cost": 1000.0, "overshoot_cost": 3035.2215456315876, "power_cost": 32.955192895507814, "noise_cost": 27.37885363314124, "n_waypoints_completed": 0, "tot_waypoints": 9}}
{"target": -5604.865890858016, "params": {"k_pid_pos": [2.0, 0.0, 0.09679564833641052], "k_pid_alt": [1.939702033996582, 0.0, 0.9806960821151733], "k_pid_att": [100.0, 9.999999747378752e-05, 0.9998672604560852], "k_pid_yaw": [0.5, 1e-06, 0.1], "k_pid_hsp": [0.6841273903846741, 0.0, 0.993330717086792], "k_pid_vsp": [14.083170890808105, 394.3471374511719, 400.0]}, "datetime": {"datetime": "2025-08-13 12:47:14", "elapsed": 10762.236661434174, "delta": 27.922158241271973}, "costs": {"total_cost": 5604.865890858016, "time_cost": 150, "final_distance_cost": 1146.4955595604767, "oscillation_cost": 810.868661915036, "completition_cost": 1000.0, "overshoot_cost": 2435.61739078398, "power_cost": 33.791040173339844, "noise_cost": 28.093238425183856, "n_waypoints_completed": 0, "tot_waypoints": 9}}
{"target": -2117.478223781895, "params": {"k_pid_pos": [1.9929499626159668, 0.0, 0.009079724550247192], "k_pid_alt": [2.0, 0.0, 1.0], "k_pid_att": [100.0, 0.37013325095176697, 0.9547799825668335], "k_pid_yaw": [0.5, 1e-06, 0.1], "k_pid_hsp": [9.999999747378752e-05, 0.0480823814868927, 1.0], "k_pid_vsp": [2.0972132682800293, 400.0, 365.77557373046875]}, "datetime": {"datetime": "2025-08-13 12:47:42", "elapsed": 10790.278047323227, "delta": 28.041385889053345}, "costs": {"total_cost": 2117.478223781895, "time_cost": 150, "final_distance_cost": 14.648435238584357, "oscillation_cost": 705.1881565612797, "completition_cost": 1000.0, "overshoot_cost": 150.93884343587195, "power_cost": 43.01100295410156, "noise_cost": 53.69178559205752, "n_waypoints_completed": 0, "tot_waypoints": 9}}
{"target": -2235.7343202667857, "params": {"k_pid_pos": [2.0, 0.0743049681186676, 0.0], "k_pid_alt": [1.9517467021942139, 0.05787855386734009, 1.0], "k_pid_att": [94.34519958496094, 0.4535902440547943, 1.0], "k_pid_yaw": [0.5, 1e-06, 0.1], "k_pid_hsp": [9.999999747378752e-05, 0.0, 1.0], "k_pid_vsp": [0.0, 400.0, 385.1407470703125]}, "datetime": {"datetime": "2025-08-13 12:48:10", "elapsed": 10818.552321910858, "delta": 28.274274587631226}, "costs": {"total_cost": 2235.7343202667857, "time_cost": 150, "final_distance_cost": 38.21864847937726, "oscillation_cost": 714.5986179932701, "completition_cost": 1000.0, "overshoot_cost": 178.0582800618843, "power_cost": 44.05984711914063, "noise_cost": 110.79892661311358, "n_waypoints_completed": 0, "tot_waypoints": 9}}
{"target": -5434.440118895873, "params": {"k_pid_pos": [2.0, 0.04382792115211487, 0.0211297869682312], "k_pid_alt": [2.0, 0.036036789417266846, 0.9814848899841309], "k_pid_att": [93.27224731445312, 0.5186787843704224, 1.0], "k_pid_yaw": [0.5, 1e-06, 0.1], "k_pid_hsp": [9.999999747378752e-05, 0.0019837617874145508, 1.0], "k_pid_vsp": [0.0, 390.3592224121094, 400.0]}, "datetime": {"datetime": "2025-08-13 12:48:39", "elapsed": 10847.357699632645, "delta": 28.8053777217865}, "costs": {"total_cost": 5434.440118895873, "time_cost": 150, "final_distance_cost": 1593.8642676609873, "oscillation_cost": 767.3372041262083, "completition_cost": 1000.0, "overshoot_cost": 1861.8652662191116, "power_cost": 33.86915085449219, "noise_cost": 27.504230035072403, "n_waypoints_completed": 0, "tot_waypoints": 9}}
{"target": -1890.4811840672191, "params": {"k_pid_pos": [2.0, 0.07436633110046387, 0.0], "k_pid_alt": [2.0, 0.0, 1.0], "k_pid_att": [100.0, 9.999999747378752e-05, 1.0], "k_pid_yaw": [0.5, 1e-06, 0.1], "k_pid_hsp": [1.1071158647537231, 0.01805850863456726, 1.0], "k_pid_vsp": [0.0, 385.6378173828125, 374.39520263671875]}, "datetime": {"datetime": "2025-08-13 12:49:07", "elapsed": 10875.6321246624, "delta": 28.27442502975464}, "costs": {"total_cost": 1890.4811840672191, "time_cost": 150, "final_distance_cost": 51.84652588372624, "oscillation_cost": 494.21875319391717, "completition_cost": 888.8888888888888, "overshoot_cost": 153.36984242066362, "power_cost": 41.11927061767578, "noise_cost": 111.0379030623476, "n_waypoints_completed": 1, "tot_waypoints": 9}}
{"target": -7714.1652850490855, "params": {"k_pid_pos": [1.8253756761550903, 0.0317627489566803, 0.034887850284576416], "k_pid_alt": [1.9847171306610107, 0.04927071928977966, 1.0], "k_pid_att": [100.0, 0.08894341439008713, 0.9755624532699585], "k_pid_yaw": [0.5, 1e-06, 0.1], "k_pid_hsp": [0.07811693102121353, 0.0, 0.9986350536346436], "k_pid_vsp": [0.0, 400.0, 391.4710388183594]}, "datetime": {"datetime": "2025-08-13 12:49:35", "elapsed": 10904.070273160934, "delta": 28.438148498535156}, "costs": {"total_cost": 7714.1652850490855, "time_cost": 150, "final_distance_cost": 1805.5795773313346, "oscillation_cost": 743.5885383144407, "completition_cost": 1000.0, "overshoot_cost": 3952.070362275763, "power_cost": 34.770020861816405, "noise_cost": 28.15678626573162, "n_waypoints_completed": 0, "tot_waypoints": 9}}
{"target": -5663.731486650178, "params": {"k_pid_pos": [1.8691331148147583, 0.04393932223320007, 0.011728912591934204], "k_pid_alt": [1.985445261001587, 0.0, 0.9971691966056824], "k_pid_att": [94.41597747802734, 0.40822112560272217, 1.0], "k_pid_yaw": [0.5, 1e-06, 0.1], "k_pid_hsp": [9.999999747378752e-05, 0.0, 0.9131819009780884], "k_pid_vsp": [10.354244232177734, 390.3585205078125, 396.88519287109375]}, "datetime": {"datetime": "2025-08-13 12:50:04", "elapsed": 10932.669465780258, "delta": 28.59919261932373}, "costs": {"total_cost": 5663.731486650178, "time_cost": 150, "final_distance_cost": 1268.9929947353116, "oscillation_cost": 842.8557696656712, "completition_cost": 1000.0, "overshoot_cost": 2345.6841808202657, "power_cost": 30.095944091796877, "noise_cost": 26.102597337133382, "n_waypoints_completed": 0, "tot_waypoints": 9}}
{"target": -2206.393590966102, "params": {"k_pid_pos": [2.0, 0.019839227199554443, 0.017168134450912476], "k_pid_alt": [2.0, 0.09344032406806946, 1.0], "k_pid_att": [91.12095642089844, 0.2943118214607239, 1.0], "k_pid_yaw": [0.5, 1e-06, 0.1], "k_pid_hsp": [0.6768157482147217, 0.0, 0.9374693632125854], "k_pid_vsp": [5.110073089599609, 400.0, 400.0]}, "datetime": {"datetime": "2025-08-13 12:50:32", "elapsed": 10960.938238859177, "delta": 28.268773078918457}, "costs": {"total_cost": 2206.393590966102, "time_cost": 150, "final_distance_cost": 314.77062702367647, "oscillation_cost": 473.0693406977378, "completition_cost": 777.7777777777778, "overshoot_cost": 424.90349840575664, "power_cost": 36.3573971069336, "noise_cost": 29.51494995421936, "n_waypoints_completed": 2, "tot_waypoints": 9}}
{"target": -2170.302046544022, "params": {"k_pid_pos": [1.9319599866867065, 0.0, 0.0], "k_pid_alt": [1.9425582885742188, 0.08652585744857788, 1.0], "k_pid_att": [95.20516204833984, 9.999999747378752e-05, 0.9881645441055298], "k_pid_yaw": [0.5, 1e-06, 0.1], "k_pid_hsp": [9.999999747378752e-05, 0.0, 1.0], "k_pid_vsp": [0.0, 400.0, 376.0882568359375]}, "datetime": {"datetime": "2025-08-13 12:51:01", "elapsed": 10989.149729013443, "delta": 28.211490154266357}, "costs": {"total_cost": 2170.302046544022, "time_cost": 150, "final_distance_cost": 58.39283101093445, "oscillation_cost": 746.9486423361159, "completition_cost": 1000.0, "overshoot_cost": 143.02288293116064, "power_cost": 38.45823032226563, "noise_cost": 33.4794599435455, "n_waypoints_completed": 0, "tot_waypoints": 9}}
{"target": -6654.768880260042, "params": {"k_pid_pos": [2.0, 0.07226347923278809, 0.0], "k_pid_alt": [2.0, 0.0, 1.0], "k_pid_att": [100.0, 0.8741599917411804, 0.9122512340545654], "k_pid_yaw": [0.5, 1e-06, 0.1], "k_pid_hsp": [9.999999747378752e-05, 0.06474965810775757, 1.0], "k_pid_vsp": [0.0, 400.0, 400.0]}, "datetime": {"datetime": "2025-08-13 12:51:32", "elapsed": 11020.654558420181, "delta": 31.50482940673828}, "costs": {"total_cost": 6654.768880260042, "time_cost": 150, "final_distance_cost": 1843.85596350733, "oscillation_cost": 760.3365425041313, "completition_cost": 1000.0, "overshoot_cost": 2837.6782907101365, "power_cost": 34.891733886718754, "noise_cost": 28.00634965172558, "n_waypoints_completed": 0, "tot_waypoints": 9}}
{"target": -4464.057545725719, "params": {"k_pid_pos": [1.9926503896713257, 0.0, 0.0], "k_pid_alt": [1.9973554611206055, 0.01460757851600647, 0.931357741355896], "k_pid_att": [100.0, 9.999999747378752e-05, 0.9712182283401489], "k_pid_yaw": [0.5, 1e-06, 0.1], "k_pid_hsp": [9.999999747378752e-05, 0.06307771801948547, 0.9931871891021729], "k_pid_vsp": [0.0, 400.0, 400.0]}, "datetime": {"datetime": "2025-08-13 12:52:00", "elapsed": 11048.859660863876, "delta": 28.20510244369507}, "costs": {"total_cost": 4464.057545725719, "time_cost": 150, "final_distance_cost": 549.044283037097, "oscillation_cost": 783.6279092599565, "completition_cost": 1000.0, "overshoot_cost": 1915.638279621227, "power_cost": 37.12661219482422, "noise_cost": 28.620461612614665, "n_waypoints_completed": 0, "tot_waypoints": 9}}
{"target": -3770.2668662152755, "params": {"k_pid_pos": [1.938694953918457, 0.03175976872444153, 0.0], "k_pid_alt": [2.0, 0.0005369484424591064, 1.0], "k_pid_att": [95.327392578125, 0.03388804569840431, 0.9816994667053223], "k_pid_yaw": [0.5, 1e-06, 0.1], "k_pid_hsp": [9.999999747378752e-05, 0.017552733421325684, 0.9667922258377075], "k_pid_vsp": [13.029837608337402, 400.0, 391.90960693359375]}, "datetime": {"datetime": "2025-08-13 12:52:28", "elapsed": 11076.405937433243, "delta": 27.546276569366455}, "costs": {"total_cost": 3770.2668662152755, "time_cost": 150, "final_distance_cost": 758.80077266002, "oscillation_cost": 769.9367777989556, "completition_cost": 1000.0, "overshoot_cost": 1029.7613999512473, "power_cost": 34.2185814819336, "noise_cost": 27.549334323119012, "n_waypoints_completed": 0, "tot_waypoints": 9}}
{"target": -3596.1478854732154, "params": {"k_pid_pos": [2.0, 0.022649139165878296, 0.007020294666290283], "k_pid_alt": [2.0, 0.0496295690536499, 0.9943591952323914], "k_pid_att": [99.5017318725586, 0.1633685976266861, 0.990816593170166], "k_pid_yaw": [0.5, 1e-06, 0.1], "k_pid_hsp": [9.999999747378752e-05, 0.025773942470550537, 1.0], "k_pid_vsp": [4.330635070800781, 388.84576416015625, 382.5028991699219]}, "datetime": {"datetime": "2025-08-13 12:52:56", "elapsed": 11104.553393363953, "delta": 28.14745593070984}, "costs": {"total_cost": 3596.1478854732154, "time_cost": 150, "final_distance_cost": 844.6125797169399, "oscillation_cost": 750.279594532444, "completition_cost": 1000.0, "overshoot_cost": 786.2747346536947, "power_cost": 36.61938743896484, "noise_cost": 28.361589131172003, "n_waypoints_completed": 0, "tot_waypoints": 9}}
{"target": -1920.1615793196809, "params": {"k_pid_pos": [2.0, 0.0, 0.0], "k_pid_alt": [1.9791462421417236, 0.02693048119544983, 0.878596305847168], "k_pid_att": [100.0, 9.999999747378752e-05, 0.984189510345459], "k_pid_yaw": [0.5, 1e-06, 0.1], "k_pid_hsp": [0.5111469030380249, 0.0, 1.0], "k_pid_vsp": [32.20169448852539, 400.0, 393.17156982421875]}, "datetime": {"datetime": "2025-08-13 12:53:25", "elapsed": 11133.32937836647, "delta": 28.7759850025177}, "costs": {"total_cost": 1920.1615793196809, "time_cost": 150, "final_distance_cost": 144.72299534133725, "oscillation_cost": 538.5345498308806, "completition_cost": 888.8888888888888, "overshoot_cost": 129.2466713946962, "power_cost": 39.508851965332035, "noise_cost": 29.259621898546087, "n_waypoints_completed": 1, "tot_waypoints": 9}}
{"target": -2850.2330657506695, "params": {"k_pid_pos": [1.7901445627212524, 0.013903528451919556, 0.0], "k_pid_alt": [2.0, 0.024951457977294922, 0.925311803817749], "k_pid_att": [100.0, 0.07934447377920151, 0.9787620306015015], "k_pid_yaw": [0.5, 1e-06, 0.1], "k_pid_hsp": [0.6634072661399841, 0.0, 1.0], "k_pid_vsp": [16.003524780273438, 400.0, 394.6449890136719]}, "datetime": {"datetime": "2025-08-13 12:53:53", "elapsed": 11161.62732577324, "delta": 28.2979474067688}, "costs": {"total_cost": 2850.2330657506695, "time_cost": 150, "final_distance_cost": 634.3055212526251, "oscillation_cost": 594.8775994843111, "completition_cost": 888.8888888888888, "overshoot_cost": 517.811827986696, "power_cost": 35.35439991455078, "noise_cost": 28.994828223597363, "n_waypoints_completed": 1, "tot_waypoints": 9}}
{"target": -2123.438413912203, "params": {"k_pid_pos": [1.8051857948303223, 0.037140846252441406, 0.0], "k_pid_alt": [1.9216744899749756, 0.0065292418003082275, 0.9937642812728882], "k_pid_att": [100.0, 9.999999747378752e-05, 1.0], "k_pid_yaw": [0.5, 1e-06, 0.1], "k_pid_hsp": [0.15816278755664825, 0.027323871850967407, 1.0], "k_pid_vsp": [0.0, 400.0, 376.3169250488281]}, "datetime": {"datetime": "2025-08-13 12:54:22", "elapsed": 11190.65771484375, "delta": 29.030389070510864}, "costs": {"total_cost": 2123.438413912203, "time_cost": 150, "final_distance_cost": 143.30881851224865, "oscillation_cost": 623.0479204922464, "completition_cost": 888.8888888888888, "overshoot_cost": 214.00487649521554, "power_cost": 39.78493757324219, "noise_cost": 64.40297195036148, "n_waypoints_completed": 1, "tot_waypoints": 9}}
