{"target": -3748.1070119612627, "params": {"k_pid_pos": [0.9524497985839844, 0.29008346796035767, 0.8399336338043213], "k_pid_alt": [0.9244722723960876, 0.9221962690353394, 0.4630192518234253], "k_pid_att": [89.08137512207031, 7.4575724601745605, 0.817188560962677], "k_pid_yaw": [0.5, 1e-06, 0.1], "k_pid_hsp": [4.805627822875977, 0.646714448928833, 0.4440585970878601], "k_pid_vsp": [43.03407669067383, 114.23548126220703, 367.3539123535156]}, "datetime": {"datetime": "2025-08-13 10:00:25", "elapsed": 753.7115597724915, "delta": 28.161611080169678}, "costs": {"total_cost": 3748.1070119612627, "time_cost": 150, "final_distance_cost": 997.5065947275428, "oscillation_cost": 687.9140598402431, "completition_cost": 777.7777777777778, "overshoot_cost": 1073.7000904717436, "power_cost": 33.111009912109374, "noise_cost": 28.09747923184556, "n_waypoints_completed": 2, "tot_waypoints": 9}}
{"target": -815.7220726048793, "params": {"k_pid_pos": [0.7032833099365234, 0.9213331937789917, 0.12757936120033264], "k_pid_alt": [1.960031509399414, 0.2770996689796448, 0.32302677631378174], "k_pid_att": [62.145442962646484, 7.094488620758057, 0.28017860651016235], "k_pid_yaw": [0.5, 1e-06, 0.1], "k_pid_hsp": [7.253577709197998, 0.48982685804367065, 0.9100770950317383], "k_pid_vsp": [239.47923278808594, 193.24253845214844, 194.2284698486328]}, "datetime": {"datetime": "2025-08-13 10:00:53", "elapsed": 781.7481882572174, "delta": 28.036628484725952}, "costs": {"total_cost": 815.7220726048793, "time_cost": 150, "final_distance_cost": 79.78716611150664, "oscillation_cost": 218.5274658310825, "completition_cost": 222.2222222222222, "overshoot_cost": 74.43407996854114, "power_cost": 40.218433508300784, "noise_cost": 30.53270496322605, "n_waypoints_completed": 7, "tot_waypoints": 9}}
{"target": -594.9899642837338, "params": {"k_pid_pos": [0.7799288630485535, 0.5347360968589783, 0.3769112229347229], "k_pid_alt": [0.37451112270355225, 0.6625388860702515, 0.05060452222824097], "k_pid_att": [30.739652633666992, 5.922171115875244, 0.5612079501152039], "k_pid_yaw": [0.5, 1e-06, 0.1], "k_pid_hsp": [1.9561856985092163, 0.5504626035690308, 0.36791524291038513], "k_pid_vsp": [368.1554870605469, 262.8563537597656, 113.67630004882812]}, "datetime": {"datetime": "2025-08-13 10:01:20", "elapsed": 808.227382183075, "delta": 26.479193925857544}, "costs": {"total_cost": 594.9899642837338, "time_cost": 113.68, "final_distance_cost": 1.7669607239276244, "oscillation_cost": 355.02046741007825, "completition_cost": 0.0, "overshoot_cost": 66.92609280571303, "power_cost": 30.761300354003907, "noise_cost": 26.83514299001098, "n_waypoints_completed": 9, "tot_waypoints": 9}}
{"target": -590.0758109109307, "params": {"k_pid_pos": [1.7278766632080078, 0.6867258548736572, 0.6911718249320984], "k_pid_alt": [1.0782628059387207, 0.6646780371665955, 0.3243178725242615], "k_pid_att": [66.88002014160156, 8.585667610168457, 0.44003522396087646], "k_pid_yaw": [0.5, 1e-06, 0.1], "k_pid_hsp": [5.998367786407471, 0.7280281782150269, 0.1582316756248474], "k_pid_vsp": [246.1265869140625, 13.44617748260498, 94.28125762939453]}, "datetime": {"datetime": "2025-08-13 10:01:45", "elapsed": 833.2758944034576, "delta": 25.04851222038269}, "costs": {"total_cost": 590.0758109109307, "time_cost": 107.548, "final_distance_cost": 1.7670164796421808, "oscillation_cost": 356.6453893081148, "completition_cost": 0.0, "overshoot_cost": 59.89738629741376, "power_cost": 35.05505260009766, "noise_cost": 29.162966225662423, "n_waypoints_completed": 9, "tot_waypoints": 9}}
{"target": -1171.38668092566, "params": {"k_pid_pos": [0.6452001929283142, 0.05609375238418579, 0.7711294293403625], "k_pid_alt": [1.482189416885376, 0.5952837467193604, 0.09087631106376648], "k_pid_att": [82.3270034790039, 4.934702396392822, 0.0], "k_pid_yaw": [0.5, 1e-06, 0.1], "k_pid_hsp": [1.6409130096435547, 0.7909446954727173, 0.38640815019607544], "k_pid_vsp": [155.89645385742188, 170.18536376953125, 192.92095947265625]}, "datetime": {"datetime": "2025-08-13 10:02:13", "elapsed": 861.6090114116669, "delta": 28.33311700820923}, "costs": {"total_cost": 1171.38668092566, "time_cost": 150, "final_distance_cost": 73.03497324541023, "oscillation_cost": 600.6669909598731, "completition_cost": 222.2222222222222, "overshoot_cost": 51.929598340603654, "power_cost": 41.83226870117188, "noise_cost": 31.700627456378594, "n_waypoints_completed": 7, "tot_waypoints": 9}}
{"target": -1035.3020578871115, "params": {"k_pid_pos": [0.6818998456001282, 0.4004437029361725, 0.6593079566955566], "k_pid_alt": [0.3263480067253113, 0.30760693550109863, 0.9280232191085815], "k_pid_att": [4.882472991943359, 7.490228652954102, 0.8874049186706543], "k_pid_yaw": [0.5, 1e-06, 0.1], "k_pid_hsp": [0.29581594467163086, 0.8750845193862915, 1.0], "k_pid_vsp": [327.718505859375, 89.99883270263672, 89.95819091796875]}, "datetime": {"datetime": "2025-08-13 10:02:40", "elapsed": 889.0695605278015, "delta": 27.460549116134644}, "costs": {"total_cost": 1035.3020578871115, "time_cost": 150, "final_distance_cost": 49.27621188515805, "oscillation_cost": 164.30680908143552, "completition_cost": 555.5555555555555, "overshoot_cost": 61.13949602091683, "power_cost": 28.704599023437503, "noise_cost": 26.319386320608075, "n_waypoints_completed": 4, "tot_waypoints": 9}}
{"target": -1480.3989355873355, "params": {"k_pid_pos": [0.3599924147129059, 0.28805655241012573, 0.5526237487792969], "k_pid_alt": [0.2318798303604126, 0.47364377975463867, 0.054108381271362305], "k_pid_att": [13.360506057739258, 4.609511375427246, 0.3326437473297119], "k_pid_yaw": [0.5, 1e-06, 0.1], "k_pid_hsp": [0.15802331268787384, 0.4161031246185303, 0.39901137351989746], "k_pid_vsp": [186.04940795898438, 68.28108215332031, 171.7240753173828]}, "datetime": {"datetime": "2025-08-13 10:03:09", "elapsed": 917.713464975357, "delta": 28.643904447555542}, "costs": {"total_cost": 1480.3989355873355, "time_cost": 150, "final_distance_cost": 71.72626200247117, "oscillation_cost": 381.10174858398835, "completition_cost": 777.7777777777778, "overshoot_cost": 49.19332406183258, "power_cost": 24.524109289550783, "noise_cost": 26.075713871714598, "n_waypoints_completed": 2, "tot_waypoints": 9}}
{"target": -1354.9762867991035, "params": {"k_pid_pos": [0.8410527110099792, 0.30592259764671326, 0.9068362712860107], "k_pid_alt": [0.5374257564544678, 0.4477088451385498, 0.623883843421936], "k_pid_att": [90.20447540283203, 3.1903131008148193, 0.26376786828041077], "k_pid_yaw": [0.5, 1e-06, 0.1], "k_pid_hsp": [7.010451793670654, 0.13702255487442017, 0.5478389263153076], "k_pid_vsp": [355.5128479003906, 162.36326599121094, 170.25384521484375]}, "datetime": {"datetime": "2025-08-13 10:03:38", "elapsed": 946.8928792476654, "delta": 29.17941427230835}, "costs": {"total_cost": 1354.9762867991035, "time_cost": 150, "final_distance_cost": 79.35251974879631, "oscillation_cost": 663.8895766253, "completition_cost": 333.33333333333337, "overshoot_cost": 53.42659401048922, "power_cost": 43.1861664428711, "noise_cost": 31.788096638313373, "n_waypoints_completed": 6, "tot_waypoints": 9}}
{"target": -321.28928359050514, "params": {"k_pid_pos": [1.9457557201385498, 0.34938669204711914, 0.2686103582382202], "k_pid_alt": [1.7639236450195312, 0.8751498460769653, 0.0], "k_pid_att": [9.01542854309082, 4.991003036499023, 0.8994620442390442], "k_pid_yaw": [0.5, 1e-06, 0.1], "k_pid_hsp": [2.0704407691955566, 0.309903621673584, 0.09598758816719055], "k_pid_vsp": [332.300048828125, 169.58348083496094, 157.2089385986328]}, "datetime": {"datetime": "2025-08-13 10:04:02", "elapsed": 970.2951719760895, "delta": 23.402292728424072}, "costs": {"total_cost": 321.28928359050514, "time_cost": 95.753, "final_distance_cost": 1.7236499912260426, "oscillation_cost": 115.03621678431146, "completition_cost": 0.0, "overshoot_cost": 57.81158923743269, "power_cost": 26.320246289062503, "noise_cost": 24.644581288472448, "n_waypoints_completed": 9, "tot_waypoints": 9}}
{"target": -5191.711977741587, "params": {"k_pid_pos": [1.6934481859207153, 0.6048312187194824, 0.4666038155555725], "k_pid_alt": [0.8196539878845215, 0.6777803301811218, 0.10453653335571289], "k_pid_att": [0.0, 8.670377731323242, 0.5971484780311584], "k_pid_yaw": [0.5, 1e-06, 0.1], "k_pid_hsp": [0.7736786007881165, 0.3596051335334778, 0.41624632477760315], "k_pid_vsp": [206.33438110351562, 226.29293823242188, 378.21002197265625]}, "datetime": {"datetime": "2025-08-13 10:04:30", "elapsed": 998.9000730514526, "delta": 28.60490107536316}, "costs": {"total_cost": 5191.711977741587, "time_cost": 150, "final_distance_cost": 449.9992678990622, "oscillation_cost": 1996.3829443149398, "completition_cost": 1000.0, "overshoot_cost": 1384.5707854684465, "power_cost": 56.24672175292969, "noise_cost": 154.51225830620925, "n_waypoints_completed": 0, "tot_waypoints": 9}}
{"target": -1977.2248207977646, "params": {"k_pid_pos": [9.999999747378752e-05, 0.08599567413330078, 0.07266238331794739], "k_pid_alt": [0.9453694224357605, 0.9495471715927124, 0.5271040797233582], "k_pid_att": [81.10192108154297, 2.2892019748687744, 0.8124399185180664], "k_pid_yaw": [0.5, 1e-06, 0.1], "k_pid_hsp": [1.972408413887024, 0.6626740097999573, 0.3408825993537903], "k_pid_vsp": [62.124969482421875, 52.07341766357422, 103.10049438476562]}, "datetime": {"datetime": "2025-08-13 10:04:59", "elapsed": 1027.8701329231262, "delta": 28.970059871673584}, "costs": {"total_cost": 1977.2248207977646, "time_cost": 150, "final_distance_cost": 74.18909284703521, "oscillation_cost": 708.3127189644022, "completition_cost": 888.8888888888888, "overshoot_cost": 91.19138140449242, "power_cost": 36.411562268066405, "noise_cost": 28.231176424879397, "n_waypoints_completed": 1, "tot_waypoints": 9}}
{"target": -688.7578578608257, "params": {"k_pid_pos": [1.513340950012207, 0.4028957486152649, 0.1493830382823944], "k_pid_alt": [0.33033978939056396, 0.9805154800415039, 0.6780638694763184], "k_pid_att": [100.0, 5.342434883117676, 0.3415106236934662], "k_pid_yaw": [0.5, 1e-06, 0.1], "k_pid_hsp": [7.456261157989502, 0.827114462852478, 0.46821367740631104], "k_pid_vsp": [267.9945373535156, 211.51724243164062, 110.01893615722656]}, "datetime": {"datetime": "2025-08-13 10:05:28", "elapsed": 1056.3166880607605, "delta": 28.446555137634277}, "costs": {"total_cost": 688.7578578608257, "time_cost": 119.35000000000001, "final_distance_cost": 1.7678644559476187, "oscillation_cost": 434.31430090045797, "completition_cost": 0.0, "overshoot_cost": 72.58935959028757, "power_cost": 31.95982155761719, "noise_cost": 28.776511356515375, "n_waypoints_completed": 9, "tot_waypoints": 9}}
{"target": -267.10093977444075, "params": {"k_pid_pos": [0.5977843403816223, 0.3359980285167694, 0.0037977993488311768], "k_pid_alt": [1.91404128074646, 0.0, 0.638140082359314], "k_pid_att": [16.56472396850586, 5.601627349853516, 0.9487264752388], "k_pid_yaw": [0.5, 1e-06, 0.1], "k_pid_hsp": [7.498647212982178, 0.10769784450531006, 0.09833559393882751], "k_pid_vsp": [194.2993927001953, 400.0, 77.95640563964844]}, "datetime": {"datetime": "2025-08-13 10:05:49", "elapsed": 1077.326485157013, "delta": 21.00979709625244}, "costs": {"total_cost": 267.10093977444075, "time_cost": 86.422, "final_distance_cost": 1.8278061835744812, "oscillation_cost": 77.67673243860658, "completition_cost": 0.0, "overshoot_cost": 52.395423138761736, "power_cost": 25.783696337890625, "noise_cost": 22.995281675607334, "n_waypoints_completed": 9, "tot_waypoints": 9}}
{"target": -1231.6917258314313, "params": {"k_pid_pos": [1.5878914594650269, 0.31527960300445557, 0.4374251961708069], "k_pid_alt": [0.0, 0.6524016261100769, 0.14080065488815308], "k_pid_att": [69.74724578857422, 3.558868646621704, 0.4011322259902954], "k_pid_yaw": [0.5, 1e-06, 0.1], "k_pid_hsp": [4.702331066131592, 0.7702591419219971, 0.859878420829773], "k_pid_vsp": [335.69903564453125, 240.51800537109375, 256.6719055175781]}, "datetime": {"datetime": "2025-08-13 10:06:17", "elapsed": 1105.3649547100067, "delta": 28.038469552993774}, "costs": {"total_cost": 1231.6917258314313, "time_cost": 150, "final_distance_cost": 42.87230439840727, "oscillation_cost": 358.95372224161656, "completition_cost": 555.5555555555555, "overshoot_cost": 60.360977281961084, "power_cost": 34.27813494873047, "noise_cost": 29.671031405160115, "n_waypoints_completed": 4, "tot_waypoints": 9}}
{"target": -1349.7495152794995, "params": {"k_pid_pos": [0.38637712597846985, 0.1498795449733734, 0.7554991245269775], "k_pid_alt": [0.8963987231254578, 0.6784824728965759, 0.374544620513916], "k_pid_att": [57.56859588623047, 2.842297077178955, 0.09105944633483887], "k_pid_yaw": [0.5, 1e-06, 0.1], "k_pid_hsp": [7.9702630043029785, 0.8886606693267822, 0.6495859622955322], "k_pid_vsp": [269.6942138671875, 258.41424560546875, 136.0048828125]}, "datetime": {"datetime": "2025-08-13 10:06:45", "elapsed": 1133.2330958843231, "delta": 27.868141174316406}, "costs": {"total_cost": 1349.7495152794995, "time_cost": 150, "final_distance_cost": 72.56525710729242, "oscillation_cost": 660.3592962756991, "completition_cost": 333.33333333333337, "overshoot_cost": 52.90534455303229, "power_cost": 46.68095407714844, "noise_cost": 33.90532993299383, "n_waypoints_completed": 6, "tot_waypoints": 9}}
{"target": -29729.210676619772, "params": {"k_pid_pos": [0.49384593963623047, 0.37211525440216064, 0.524064838886261], "k_pid_alt": [1.2625787258148193, 0.9160057902336121, 0.46031850576400757], "k_pid_att": [0.0, 3.481604814529419, 0.05694994330406189], "k_pid_yaw": [0.5, 1e-06, 0.1], "k_pid_hsp": [3.38474702835083, 0.6353697180747986, 0.09031176567077637], "k_pid_vsp": [21.531736373901367, 113.93701934814453, 31.46727180480957]}, "datetime": {"datetime": "2025-08-13 10:07:13", "elapsed": 1161.7010505199432, "delta": 28.467954635620117}, "costs": {"total_cost": 29729.210676619772, "time_cost": 150, "final_distance_cost": 7229.025774635999, "oscillation_cost": 2232.9291251132463, "completition_cost": 1000.0, "overshoot_cost": 18915.002461825832, "power_cost": 58.432021630859374, "noise_cost": 143.82129341383606, "n_waypoints_completed": 0, "tot_waypoints": 9}}
{"target": -1290.324757882581, "params": {"k_pid_pos": [0.01102569978684187, 0.4132445454597473, 0.9838052988052368], "k_pid_alt": [1.723390817642212, 0.1930600106716156, 0.5220943093299866], "k_pid_att": [5.28937292098999, 0.11053378880023956, 0.9511367082595825], "k_pid_yaw": [0.5, 1e-06, 0.1], "k_pid_hsp": [5.8414530754089355, 0.08211874961853027, 0.4475419521331787], "k_pid_vsp": [333.8761901855469, 211.84840393066406, 356.8609619140625]}, "datetime": {"datetime": "2025-08-13 10:07:41", "elapsed": 1189.7970669269562, "delta": 28.09601640701294}, "costs": {"total_cost": 1290.324757882581, "time_cost": 150, "final_distance_cost": 62.79239999073935, "oscillation_cost": 91.8515129689253, "completition_cost": 888.8888888888888, "overshoot_cost": 39.744411443945765, "power_cost": 30.125003845214845, "noise_cost": 26.92254074486694, "n_waypoints_completed": 1, "tot_waypoints": 9}}
{"target": -528.5500502018891, "params": {"k_pid_pos": [0.768670380115509, 0.04172492027282715, 0.10024654865264893], "k_pid_alt": [1.476114273071289, 0.3355201482772827, 0.3135148286819458], "k_pid_att": [66.6990737915039, 5.832734107971191, 0.14168056845664978], "k_pid_yaw": [0.5, 1e-06, 0.1], "k_pid_hsp": [6.140953063964844, 0.634313702583313, 0.3068305552005768], "k_pid_vsp": [400.0, 51.83287811279297, 150.3603515625]}, "datetime": {"datetime": "2025-08-13 10:08:01", "elapsed": 1209.877420425415, "delta": 20.080353498458862}, "costs": {"total_cost": 528.5500502018891, "time_cost": 85.32300000000001, "final_distance_cost": 1.7960714418449923, "oscillation_cost": 338.51636779002894, "completition_cost": 0.0, "overshoot_cost": 52.84001707009082, "power_cost": 27.35020524902344, "noise_cost": 22.724388650900973, "n_waypoints_completed": 9, "tot_waypoints": 9}}
{"target": -3003.8655267583727, "params": {"k_pid_pos": [0.6465831995010376, 0.09836658835411072, 0.18270963430404663], "k_pid_alt": [1.9242498874664307, 0.7760763764381409, 0.8302309513092041], "k_pid_att": [40.015380859375, 9.641322135925293, 0.95819091796875], "k_pid_yaw": [0.5, 1e-06, 0.1], "k_pid_hsp": [7.21107816696167, 0.08672645688056946, 0.7532998919487], "k_pid_vsp": [69.07666015625, 15.94896411895752, 353.4904479980469]}, "datetime": {"datetime": "2025-08-13 10:08:30", "elapsed": 1238.726154088974, "delta": 28.84873366355896}, "costs": {"total_cost": 3003.8655267583727, "time_cost": 150, "final_distance_cost": 565.6314406023183, "oscillation_cost": 287.784274515566, "completition_cost": 888.8888888888888, "overshoot_cost": 1052.2860076368004, "power_cost": 30.677872998046876, "noise_cost": 28.59704211675201, "n_waypoints_completed": 1, "tot_waypoints": 9}}
{"target": -450.9433358869507, "params": {"k_pid_pos": [1.5505214929580688, 0.31929701566696167, 0.04090207815170288], "k_pid_alt": [1.84929358959198, 0.12279078364372253, 0.5046188831329346], "k_pid_att": [9.294673919677734, 5.398577690124512, 0.40065711736679077], "k_pid_yaw": [0.5, 1e-06, 0.1], "k_pid_hsp": [4.849305629730225, 0.7283220291137695, 0.9486438035964966], "k_pid_vsp": [222.6929931640625, 308.4139709472656, 82.67508697509766]}, "datetime": {"datetime": "2025-08-13 10:08:55", "elapsed": 1263.9570379257202, "delta": 25.230883836746216}, "costs": {"total_cost": 450.9433358869507, "time_cost": 101.619, "final_distance_cost": 1.7830978927664598, "oscillation_cost": 235.57880182300858, "completition_cost": 0.0, "overshoot_cost": 54.98312261781863, "power_cost": 30.645840368652344, "noise_cost": 26.33347318470469, "n_waypoints_completed": 9, "tot_waypoints": 9}}
{"target": -747.1635734823692, "params": {"k_pid_pos": [1.2960160970687866, 0.13673651218414307, 0.2761799097061157], "k_pid_alt": [1.7670245170593262, 0.5655338764190674, 0.9432153701782227], "k_pid_att": [84.97850799560547, 7.050706386566162, 0.7714771032333374], "k_pid_yaw": [0.5, 1e-06, 0.1], "k_pid_hsp": [1.869000792503357, 0.9572563171386719, 0.9991130828857422], "k_pid_vsp": [273.267822265625, 9.999999974752427e-07, 118.392822265625]}, "datetime": {"datetime": "2025-08-13 10:09:24", "elapsed": 1292.4074532985687, "delta": 28.45041537284851}, "costs": {"total_cost": 747.1635734823692, "time_cost": 150, "final_distance_cost": 39.43496712809541, "oscillation_cost": 306.61973720770095, "completition_cost": 111.11111111111116, "overshoot_cost": 70.543920963528, "power_cost": 37.64095469970703, "noise_cost": 31.812882372226696, "n_waypoints_completed": 8, "tot_waypoints": 9}}
{"target": -642.193123670026, "params": {"k_pid_pos": [0.6952407956123352, 0.5160112977027893, 1.0], "k_pid_alt": [1.8969357013702393, 0.6113841533660889, 0.28007519245147705], "k_pid_att": [35.13668441772461, 4.161794662475586, 0.7988508939743042], "k_pid_yaw": [0.5, 1e-06, 0.1], "k_pid_hsp": [8.732033729553223, 0.7699009776115417, 0.34626519680023193], "k_pid_vsp": [343.1505432128906, 214.50462341308594, 174.91226196289062]}, "datetime": {"datetime": "2025-08-13 10:09:50", "elapsed": 1318.4122111797333, "delta": 26.00475788116455}, "costs": {"total_cost": 642.193123670026, "time_cost": 107.226, "final_distance_cost": 1.8204068056341296, "oscillation_cost": 419.1481275969304, "completition_cost": 0.0, "overshoot_cost": 56.361806488354645, "power_cost": 31.35957722167969, "noise_cost": 26.277205557427134, "n_waypoints_completed": 9, "tot_waypoints": 9}}
{"target": -1013.5916227013339, "params": {"k_pid_pos": [1.565387487411499, 0.40925782918930054, 0.2721894681453705], "k_pid_alt": [1.1720776557922363, 0.7705048322677612, 0.5354938507080078], "k_pid_att": [15.216806411743164, 4.130549430847168, 0.10374531149864197], "k_pid_yaw": [0.5, 1e-06, 0.1], "k_pid_hsp": [7.137688636779785, 0.18785643577575684, 0.8136560916900635], "k_pid_vsp": [237.2938690185547, 47.03905487060547, 226.55397033691406]}, "datetime": {"datetime": "2025-08-13 10:10:18", "elapsed": 1346.9669947624207, "delta": 28.554783582687378}, "costs": {"total_cost": 1013.5916227013339, "time_cost": 150, "final_distance_cost": 69.16155102420468, "oscillation_cost": 437.733970782628, "completition_cost": 222.2222222222222, "overshoot_cost": 69.51081108770802, "power_cost": 33.840639196777346, "noise_cost": 31.122428387793665, "n_waypoints_completed": 7, "tot_waypoints": 9}}
{"target": -416.65799062808605, "params": {"k_pid_pos": [1.0030232667922974, 0.9328066110610962, 0.15137651562690735], "k_pid_alt": [0.6853639483451843, 0.008069157600402832, 0.6838210225105286], "k_pid_att": [65.3896255493164, 4.31852388381958, 0.7806217074394226], "k_pid_yaw": [0.5, 1e-06, 0.1], "k_pid_hsp": [4.207443714141846, 0.12914639711380005, 0.06993988156318665], "k_pid_vsp": [90.92779541015625, 236.00460815429688, 58.85983657836914]}, "datetime": {"datetime": "2025-08-13 10:10:42", "elapsed": 1370.940221786499, "delta": 23.97322702407837}, "costs": {"total_cost": 416.65799062808605, "time_cost": 101.458, "final_distance_cost": 1.7544451942824038, "oscillation_cost": 202.15404275974046, "completition_cost": 0.0, "overshoot_cost": 60.11651958452503, "power_cost": 26.604510754394532, "noise_cost": 24.570472335143617, "n_waypoints_completed": 9, "tot_waypoints": 9}}
