{"target": -6214.090431908743, "params": {"k_pid_pos": [1.9695769548416138, 0.0, 0.0], "k_pid_alt": [1.9225130081176758, 0.0, 1.0], "k_pid_att": [100.0, 9.999999747378752e-05, 0.9330927133560181], "k_pid_yaw": [0.5, 1e-06, 0.1], "k_pid_hsp": [9.999999747378752e-05, 0.10162439942359924, 0.9346005916595459], "k_pid_vsp": [0.0, 376.2178039550781, 381.8843078613281]}, "datetime": {"datetime": "2025-08-13 15:55:45", "elapsed": 22073.68538236618, "delta": 30.763300895690918}, "costs": {"total_cost": 6214.090431908743, "time_cost": 150, "final_distance_cost": 1206.55269466283, "oscillation_cost": 842.4428406818495, "completition_cost": 1000.0, "overshoot_cost": 2953.0182644187685, "power_cost": 34.15967729492188, "noise_cost": 27.916954850373163, "n_waypoints_completed": 0, "tot_waypoints": 9}}
{"target": -3223.191888985744, "params": {"k_pid_pos": [2.0, 0.044046252965927124, 0.0], "k_pid_alt": [2.0, 0.008084237575531006, 1.0], "k_pid_att": [91.33125305175781, 0.24587073922157288, 1.0], "k_pid_yaw": [0.5, 1e-06, 0.1], "k_pid_hsp": [9.999999747378752e-05, 0.0, 1.0], "k_pid_vsp": [26.850723266601562, 400.0, 393.3798522949219]}, "datetime": {"datetime": "2025-08-13 15:56:16", "elapsed": 22105.03198003769, "delta": 31.34659767150879}, "costs": {"total_cost": 3223.191888985744, "time_cost": 150, "final_distance_cost": 244.98710942103682, "oscillation_cost": 715.7204595008991, "completition_cost": 1000.0, "overshoot_cost": 1045.948512169913, "power_cost": 37.84446414794922, "noise_cost": 28.691343745945602, "n_waypoints_completed": 0, "tot_waypoints": 9}}
{"target": -3841.470548329633, "params": {"k_pid_pos": [2.0, 0.016533702611923218, 0.04327207803726196], "k_pid_alt": [1.9514110088348389, 0.0, 1.0], "k_pid_att": [100.0, 9.999999747378752e-05, 0.9862617254257202], "k_pid_yaw": [0.5, 1e-06, 0.1], "k_pid_hsp": [0.14369599521160126, 0.047479063272476196, 0.9624264240264893], "k_pid_vsp": [0.0, 400.0, 380.82000732421875]}, "datetime": {"datetime": "2025-08-13 15:56:48", "elapsed": 22136.979323387146, "delta": 31.947343349456787}, "costs": {"total_cost": 3841.470548329633, "time_cost": 150, "final_distance_cost": 461.2472088102972, "oscillation_cost": 786.6046532390744, "completition_cost": 1000.0, "overshoot_cost": 1382.8576248277368, "power_cost": 33.22943936767578, "noise_cost": 27.531622084848845, "n_waypoints_completed": 0, "tot_waypoints": 9}}
{"target": -2449.7468332232975, "params": {"k_pid_pos": [2.0, 0.03667348623275757, 0.0], "k_pid_alt": [2.0, 0.052074134349823, 0.962886393070221], "k_pid_att": [93.16461181640625, 9.999999747378752e-05, 0.9368916749954224], "k_pid_yaw": [0.5, 1e-06, 0.1], "k_pid_hsp": [9.999999747378752e-05, 0.044711947441101074, 0.9221944212913513], "k_pid_vsp": [0.0, 400.0, 393.2677307128906]}, "datetime": {"datetime": "2025-08-13 15:57:20", "elapsed": 22168.577847480774, "delta": 31.59852409362793}, "costs": {"total_cost": 2449.7468332232975, "time_cost": 150, "final_distance_cost": 141.16463051255383, "oscillation_cost": 764.6211168069565, "completition_cost": 1000.0, "overshoot_cost": 322.1265980328511, "power_cost": 36.1778842163086, "noise_cost": 35.656603654627446, "n_waypoints_completed": 0, "tot_waypoints": 9}}
{"target": -10598.956390457795, "params": {"k_pid_pos": [1.874995470046997, 0.0, 0.07655146718025208], "k_pid_alt": [2.0, 0.0007855594158172607, 1.0], "k_pid_att": [97.77877044677734, 9.999999747378752e-05, 1.0], "k_pid_yaw": [0.5, 1e-06, 0.1], "k_pid_hsp": [9.999999747378752e-05, 0.0, 1.0], "k_pid_vsp": [0.0, 400.0, 379.38690185546875]}, "datetime": {"datetime": "2025-08-13 15:57:53", "elapsed": 22201.320151090622, "delta": 32.74230360984802}, "costs": {"total_cost": 10598.956390457795, "time_cost": 150, "final_distance_cost": 2728.771609720483, "oscillation_cost": 758.518027913271, "completition_cost": 1000.0, "overshoot_cost": 5900.666448576927, "power_cost": 33.51524069824219, "noise_cost": 27.48506354887207, "n_waypoints_completed": 0, "tot_waypoints": 9}}
{"target": -6242.524252636791, "params": {"k_pid_pos": [2.0, 0.020853042602539062, 0.0], "k_pid_alt": [1.9341810941696167, 0.0, 1.0], "k_pid_att": [95.96784973144531, 0.5888294577598572, 0.938805341720581], "k_pid_yaw": [0.5, 1e-06, 0.1], "k_pid_hsp": [9.999999747378752e-05, 0.03950458765029907, 1.0], "k_pid_vsp": [0.0, 399.21026611328125, 400.0]}, "datetime": {"datetime": "2025-08-13 15:58:26", "elapsed": 22234.597227573395, "delta": 33.27707648277283}, "costs": {"total_cost": 6242.524252636791, "time_cost": 150, "final_distance_cost": 1574.5076521850192, "oscillation_cost": 897.7295682315189, "completition_cost": 1000.0, "overshoot_cost": 2558.234306506143, "power_cost": 34.33107049560547, "noise_cost": 27.721655218504093, "n_waypoints_completed": 0, "tot_waypoints": 9}}
{"target": -5660.37175175348, "params": {"k_pid_pos": [1.926007628440857, 0.022542476654052734, 0.06187203526496887], "k_pid_alt": [1.916967511177063, 0.03292509913444519, 0.9398321509361267], "k_pid_att": [100.0, 9.999999747378752e-05, 1.0], "k_pid_yaw": [0.5, 1e-06, 0.1], "k_pid_hsp": [9.999999747378752e-05, 0.08456280827522278, 1.0], "k_pid_vsp": [0.0, 384.41534423828125, 384.07598876953125]}, "datetime": {"datetime": "2025-08-13 15:58:59", "elapsed": 22268.021896839142, "delta": 33.42466926574707}, "costs": {"total_cost": 5660.37175175348, "time_cost": 150, "final_distance_cost": 1437.415873599149, "oscillation_cost": 815.4881038648128, "completition_cost": 1000.0, "overshoot_cost": 2194.719841934851, "power_cost": 34.80526590576172, "noise_cost": 27.94266644890507, "n_waypoints_completed": 0, "tot_waypoints": 9}}
{"target": -5628.302011510283, "params": {"k_pid_pos": [1.833817481994629, 0.0, 0.0], "k_pid_alt": [1.938261866569519, 0.012054651975631714, 0.9513697624206543], "k_pid_att": [97.30815124511719, 0.0861673504114151, 0.9496152400970459], "k_pid_yaw": [0.5, 1e-06, 0.1], "k_pid_hsp": [9.999999747378752e-05, 0.0, 1.0], "k_pid_vsp": [0.0, 400.0, 397.7725830078125]}, "datetime": {"datetime": "2025-08-13 15:59:33", "elapsed": 22301.936237573624, "delta": 33.91434073448181}, "costs": {"total_cost": 5628.302011510283, "time_cost": 150, "final_distance_cost": 1408.914878497007, "oscillation_cost": 831.0546041331797, "completition_cost": 1000.0, "overshoot_cost": 2177.677803412656, "power_cost": 33.13715007324219, "noise_cost": 27.51757539419854, "n_waypoints_completed": 0, "tot_waypoints": 9}}
{"target": -2295.88496899484, "params": {"k_pid_pos": [2.0, 0.0, 0.0], "k_pid_alt": [1.802675485610962, 0.0, 0.9466444253921509], "k_pid_att": [93.5269775390625, 0.520781934261322, 1.0], "k_pid_yaw": [0.5, 1e-06, 0.1], "k_pid_hsp": [9.999999747378752e-05, 0.0, 0.9909721612930298], "k_pid_vsp": [0.0, 400.0, 400.0]}, "datetime": {"datetime": "2025-08-13 16:00:07", "elapsed": 22335.63720202446, "delta": 33.70096445083618}, "costs": {"total_cost": 2295.88496899484, "time_cost": 150, "final_distance_cost": 48.92362620211759, "oscillation_cost": 747.2816791524948, "completition_cost": 1000.0, "overshoot_cost": 242.91586340459355, "power_cost": 38.08362048339844, "noise_cost": 68.68017975223592, "n_waypoints_completed": 0, "tot_waypoints": 9}}
{"target": -2272.579770196819, "params": {"k_pid_pos": [2.0, 0.0, 0.0], "k_pid_alt": [2.0, 0.015780866146087646, 0.9711828231811523], "k_pid_att": [100.0, 0.6082499623298645, 0.9719922542572021], "k_pid_yaw": [0.5, 1e-06, 0.1], "k_pid_hsp": [0.24959300458431244, 0.0, 1.0], "k_pid_vsp": [7.99250602722168, 387.2343444824219, 400.0]}, "datetime": {"datetime": "2025-08-13 16:00:41", "elapsed": 22369.417891025543, "delta": 33.780689001083374}, "costs": {"total_cost": 2272.579770196819, "time_cost": 150, "final_distance_cost": 3.4535025461777655, "oscillation_cost": 799.1415507374211, "completition_cost": 1000.0, "overshoot_cost": 189.32855289353247, "power_cost": 43.13398977050782, "noise_cost": 87.52217424918004, "n_waypoints_completed": 0, "tot_waypoints": 9}}
{"target": -2134.0606805290336, "params": {"k_pid_pos": [2.0, 0.0, 0.05744880437850952], "k_pid_alt": [1.9809589385986328, 0.03922688961029053, 0.9773739576339722], "k_pid_att": [100.0, 0.5029442310333252, 1.0], "k_pid_yaw": [0.5, 1e-06, 0.1], "k_pid_hsp": [9.999999747378752e-05, 0.0, 0.9738959670066833], "k_pid_vsp": [0.0, 400.0, 369.7629089355469]}, "datetime": {"datetime": "2025-08-13 16:01:15", "elapsed": 22403.324267864227, "delta": 33.90637683868408}, "costs": {"total_cost": 2134.0606805290336, "time_cost": 150, "final_distance_cost": 52.52457344636496, "oscillation_cost": 779.9694592542273, "completition_cost": 1000.0, "overshoot_cost": 75.55861969117143, "power_cost": 39.23358414306641, "noise_cost": 36.77444399420337, "n_waypoints_completed": 0, "tot_waypoints": 9}}
{"target": -2282.001432456455, "params": {"k_pid_pos": [1.9633564949035645, 0.0025750398635864258, 0.0], "k_pid_alt": [1.9203689098358154, 0.024658203125, 0.9897725582122803], "k_pid_att": [93.88302612304688, 9.999999747378752e-05, 0.8651171922683716], "k_pid_yaw": [0.5, 1e-06, 0.1], "k_pid_hsp": [9.999999747378752e-05, 0.035174936056137085, 0.9590764045715332], "k_pid_vsp": [1.401972770690918, 400.0, 400.0]}, "datetime": {"datetime": "2025-08-13 16:01:48", "elapsed": 22436.93739080429, "delta": 33.61312294006348}, "costs": {"total_cost": 2282.001432456455, "time_cost": 150, "final_distance_cost": 105.0524600168812, "oscillation_cost": 769.1881929558974, "completition_cost": 1000.0, "overshoot_cost": 191.22106806242687, "power_cost": 38.037877929687504, "noise_cost": 28.50183349156225, "n_waypoints_completed": 0, "tot_waypoints": 9}}
{"target": -3518.6770974086326, "params": {"k_pid_pos": [1.9281221628189087, 0.0, 0.0800328254699707], "k_pid_alt": [2.0, 0.0, 0.9416913986206055], "k_pid_att": [100.0, 9.999999747378752e-05, 1.0], "k_pid_yaw": [0.5, 1e-06, 0.1], "k_pid_hsp": [9.999999747378752e-05, 0.0, 0.942946195602417], "k_pid_vsp": [22.594011306762695, 360.1846923828125, 400.0]}, "datetime": {"datetime": "2025-08-13 16:02:23", "elapsed": 22471.09232401848, "delta": 34.15493321418762}, "costs": {"total_cost": 3518.6770974086326, "time_cost": 150, "final_distance_cost": 526.440828019492, "oscillation_cost": 703.0185497055948, "completition_cost": 888.8888888888888, "overshoot_cost": 1189.1831108067959, "power_cost": 33.79404577636719, "noise_cost": 27.35167421149419, "n_waypoints_completed": 1, "tot_waypoints": 9}}
{"target": -3763.269645691622, "params": {"k_pid_pos": [2.0, 0.0, 0.04503735899925232], "k_pid_alt": [2.0, 0.0, 1.0], "k_pid_att": [94.8139419555664, 9.999999747378752e-05, 1.0], "k_pid_yaw": [0.5, 1e-06, 0.1], "k_pid_hsp": [0.3972530961036682, 0.0, 1.0], "k_pid_vsp": [0.0, 386.96771240234375, 400.0]}, "datetime": {"datetime": "2025-08-13 16:02:57", "elapsed": 22505.092074632645, "delta": 33.99975061416626}, "costs": {"total_cost": 3763.269645691622, "time_cost": 150, "final_distance_cost": 745.4071213895368, "oscillation_cost": 455.6389938637918, "completition_cost": 1000.0, "overshoot_cost": 1348.1434072084758, "power_cost": 35.284997705078126, "noise_cost": 28.795125524739507, "n_waypoints_completed": 0, "tot_waypoints": 9}}
{"target": -1554.7082115449036, "params": {"k_pid_pos": [1.8712997436523438, 1.6450881958007812e-05, 0.0], "k_pid_alt": [2.0, 0.0, 0.9829755425453186], "k_pid_att": [82.3456039428711, 9.999999747378752e-05, 1.0], "k_pid_yaw": [0.5, 1e-06, 0.1], "k_pid_hsp": [1.164702296257019, 0.009912341833114624, 0.9753859043121338], "k_pid_vsp": [0.0, 385.8309631347656, 400.0]}, "datetime": {"datetime": "2025-08-13 16:03:28", "elapsed": 22536.422991752625, "delta": 31.33091711997986}, "costs": {"total_cost": 1554.7082115449036, "time_cost": 150, "final_distance_cost": 105.64830246783123, "oscillation_cost": 458.71550856503546, "completition_cost": 666.6666666666667, "overshoot_cost": 108.3867349738847, "power_cost": 35.24350787353516, "noise_cost": 30.0474909979501, "n_waypoints_completed": 3, "tot_waypoints": 9}}
{"target": -2231.7317958512635, "params": {"k_pid_pos": [2.0, 0.0, 0.0], "k_pid_alt": [2.0, 0.0, 0.9428955912590027], "k_pid_att": [100.0, 0.10601550340652466, 0.9771420955657959], "k_pid_yaw": [0.5, 1e-06, 0.1], "k_pid_hsp": [9.999999747378752e-05, 0.04556933045387268, 1.0], "k_pid_vsp": [61.63573455810547, 400.0, 389.0328063964844]}, "datetime": {"datetime": "2025-08-13 16:03:59", "elapsed": 22567.521248102188, "delta": 31.0982563495636}, "costs": {"total_cost": 2231.7317958512635, "time_cost": 150, "final_distance_cost": 45.4939393160891, "oscillation_cost": 759.4802779462684, "completition_cost": 1000.0, "overshoot_cost": 184.5486146741919, "power_cost": 41.63795415039063, "noise_cost": 50.57100976432324, "n_waypoints_completed": 0, "tot_waypoints": 9}}
{"target": -2554.250151918428, "params": {"k_pid_pos": [1.886420726776123, 0.0218430757522583, 0.043516844511032104], "k_pid_alt": [2.0, 0.08845001459121704, 0.9938585758209229], "k_pid_att": [99.7022705078125, 0.8603604435920715, 0.905633807182312], "k_pid_yaw": [0.5, 1e-06, 0.1], "k_pid_hsp": [9.999999747378752e-05, 0.044759154319763184, 0.9794450998306274], "k_pid_vsp": [0.0, 400.0, 361.9071960449219]}, "datetime": {"datetime": "2025-08-13 16:04:30", "elapsed": 22598.673958063126, "delta": 31.1527099609375}, "costs": {"total_cost": 2554.250151918428, "time_cost": 150, "final_distance_cost": 36.802050422183974, "oscillation_cost": 726.803406681434, "completition_cost": 1000.0, "overshoot_cost": 559.341962911862, "power_cost": 40.296201464843755, "noise_cost": 41.0065304381041, "n_waypoints_completed": 0, "tot_waypoints": 9}}
{"target": -1700.8946108712785, "params": {"k_pid_pos": [1.9134278297424316, 0.008651971817016602, 0.0], "k_pid_alt": [2.0, 0.0, 1.0], "k_pid_att": [100.0, 9.999999747378752e-05, 0.9852294921875], "k_pid_yaw": [0.5, 1e-06, 0.1], "k_pid_hsp": [0.5571478009223938, 0.006730407476425171, 0.9319377541542053], "k_pid_vsp": [11.308658599853516, 391.41839599609375, 391.8783264160156]}, "datetime": {"datetime": "2025-08-13 16:05:03", "elapsed": 22631.27321100235, "delta": 32.59925293922424}, "costs": {"total_cost": 1700.8946108712785, "time_cost": 150, "final_distance_cost": 48.23888293229246, "oscillation_cost": 417.25782461930027, "completition_cost": 888.8888888888888, "overshoot_cost": 111.39019294257925, "power_cost": 37.76764010009766, "noise_cost": 47.3511813881201, "n_waypoints_completed": 1, "tot_waypoints": 9}}
{"target": -1884.0219972887533, "params": {"k_pid_pos": [1.9307595491409302, 0.0, 0.0], "k_pid_alt": [2.0, 0.0, 1.0], "k_pid_att": [98.40869140625, 9.999999747378752e-05, 0.9443795084953308], "k_pid_yaw": [0.5, 1e-06, 0.1], "k_pid_hsp": [0.780759871006012, 0.06967434287071228, 1.0], "k_pid_vsp": [0.0, 393.753662109375, 379.26287841796875]}, "datetime": {"datetime": "2025-08-13 16:05:34", "elapsed": 22662.202906370163, "delta": 30.92969536781311}, "costs": {"total_cost": 1884.0219972887533, "time_cost": 150, "final_distance_cost": 16.164332771725604, "oscillation_cost": 351.3707983107346, "completition_cost": 1000.0, "overshoot_cost": 278.43260543283253, "power_cost": 38.28156477050781, "noise_cost": 49.77269600295253, "n_waypoints_completed": 0, "tot_waypoints": 9}}
{"target": -2286.048328113201, "params": {"k_pid_pos": [2.0, 0.11501267552375793, 0.01492813229560852], "k_pid_alt": [1.9718918800354004, 0.039949625730514526, 0.9891356229782104], "k_pid_att": [89.16596984863281, 9.999999747378752e-05, 1.0], "k_pid_yaw": [0.5, 1e-06, 0.1], "k_pid_hsp": [9.999999747378752e-05, 0.019855111837387085, 0.9542423486709595], "k_pid_vsp": [0.0, 389.9702453613281, 400.0]}, "datetime": {"datetime": "2025-08-13 16:06:04", "elapsed": 22692.20789027214, "delta": 30.00498390197754}, "costs": {"total_cost": 2286.048328113201, "time_cost": 150, "final_distance_cost": 95.95437664216304, "oscillation_cost": 712.119164710987, "completition_cost": 1000.0, "overshoot_cost": 252.4739892443279, "power_cost": 39.38139486083985, "noise_cost": 36.11940265488335, "n_waypoints_completed": 0, "tot_waypoints": 9}}
{"target": -3136.0187786508855, "params": {"k_pid_pos": [1.924251914024353, 0.05738133192062378, 0.05079779028892517], "k_pid_alt": [2.0, 0.0, 0.9573382139205933], "k_pid_att": [99.98344421386719, 9.999999747378752e-05, 0.9796880483627319], "k_pid_yaw": [0.5, 1e-06, 0.1], "k_pid_hsp": [0.6538196206092834, 0.0, 1.0], "k_pid_vsp": [0.0, 353.1449279785156, 400.0]}, "datetime": {"datetime": "2025-08-13 16:06:33", "elapsed": 22721.988566875458, "delta": 29.78067660331726}, "costs": {"total_cost": 3136.0187786508855, "time_cost": 150, "final_distance_cost": 366.496884918546, "oscillation_cost": 800.5577251625574, "completition_cost": 1000.0, "overshoot_cost": 755.7695118255557, "power_cost": 34.58117015380859, "noise_cost": 28.61348659041775, "n_waypoints_completed": 0, "tot_waypoints": 9}}
{"target": -1609.5286473528226, "params": {"k_pid_pos": [1.8904980421066284, 0.0, 0.0], "k_pid_alt": [1.9690368175506592, 0.0024366378784179688, 0.9666366577148438], "k_pid_att": [100.0, 0.23268096148967743, 0.9415479898452759], "k_pid_yaw": [0.5, 1e-06, 0.1], "k_pid_hsp": [0.3601251244544983, 0.006181120872497559, 1.0], "k_pid_vsp": [3.7323355674743652, 400.0, 391.72900390625]}, "datetime": {"datetime": "2025-08-13 16:07:04", "elapsed": 22752.465250253677, "delta": 30.476683378219604}, "costs": {"total_cost": 1609.5286473528226, "time_cost": 150, "final_distance_cost": 58.326141069372696, "oscillation_cost": 545.1384391803349, "completition_cost": 666.6666666666667, "overshoot_cost": 107.90785445289912, "power_cost": 40.592010156250005, "noise_cost": 40.89753582729945, "n_waypoints_completed": 3, "tot_waypoints": 9}}
{"target": -2334.9031372661307, "params": {"k_pid_pos": [1.9847203493118286, 0.0, 0.0], "k_pid_alt": [2.0, 0.0, 1.0], "k_pid_att": [100.0, 0.6527905464172363, 0.9714032411575317], "k_pid_yaw": [0.5, 1e-06, 0.1], "k_pid_hsp": [0.37017735838890076, 0.0, 0.9462268352508545], "k_pid_vsp": [8.254730224609375, 400.0, 370.1541748046875]}, "datetime": {"datetime": "2025-08-13 16:07:34", "elapsed": 22782.47676706314, "delta": 30.0115168094635}, "costs": {"total_cost": 2334.9031372661307, "time_cost": 150, "final_distance_cost": 119.73781884532664, "oscillation_cost": 744.8774953949154, "completition_cost": 1000.0, "overshoot_cost": 257.2361576858191, "power_cost": 34.64360395507813, "noise_cost": 28.408061384991388, "n_waypoints_completed": 0, "tot_waypoints": 9}}
{"target": -3034.690784062738, "params": {"k_pid_pos": [2.0, 0.0, 0.0035642385482788086], "k_pid_alt": [2.0, 0.028239667415618896, 0.9167250990867615], "k_pid_att": [88.40951538085938, 9.999999747378752e-05, 0.9439953565597534], "k_pid_yaw": [0.5, 1e-06, 0.1], "k_pid_hsp": [9.999999747378752e-05, 0.0633077323436737, 1.0], "k_pid_vsp": [0.0, 387.5846252441406, 400.0]}, "datetime": {"datetime": "2025-08-13 16:08:04", "elapsed": 22812.58346772194, "delta": 30.106700658798218}, "costs": {"total_cost": 3034.690784062738, "time_cost": 150, "final_distance_cost": 254.6647375110324, "oscillation_cost": 806.165136092382, "completition_cost": 1000.0, "overshoot_cost": 762.5015288927052, "power_cost": 33.84845905761719, "noise_cost": 27.51092250900149, "n_waypoints_completed": 0, "tot_waypoints": 9}}
{"target": -6243.94362994866, "params": {"k_pid_pos": [2.0, 0.04596403241157532, 0.0], "k_pid_alt": [1.9896585941314697, 0.006618708372116089, 0.9753603339195251], "k_pid_att": [98.85195922851562, 1.2071830034255981, 0.9583597183227539], "k_pid_yaw": [0.5, 1e-06, 0.1], "k_pid_hsp": [9.999999747378752e-05, 0.040683358907699585, 0.9996591210365295], "k_pid_vsp": [0.0, 377.2041320800781, 400.0]}, "datetime": {"datetime": "2025-08-13 16:08:34", "elapsed": 22842.920486211777, "delta": 30.337018489837646}, "costs": {"total_cost": 6243.94362994866, "time_cost": 150, "final_distance_cost": 1365.4355491473893, "oscillation_cost": 784.3410172633733, "completition_cost": 1000.0, "overshoot_cost": 2881.449288742766, "power_cost": 34.73362697753907, "noise_cost": 27.98414781759245, "n_waypoints_completed": 0, "tot_waypoints": 9}}
{"target": -3644.131039862814, "params": {"k_pid_pos": [1.8467291593551636, 0.03352108597755432, 0.023075729608535767], "k_pid_alt": [2.0, 0.0, 1.0], "k_pid_att": [100.0, 9.999999747378752e-05, 0.958116888999939], "k_pid_yaw": [0.5, 1e-06, 0.1], "k_pid_hsp": [0.23693877458572388, 0.0, 1.0], "k_pid_vsp": [0.1624464988708496, 400.0, 400.0]}, "datetime": {"datetime": "2025-08-13 16:09:05", "elapsed": 22873.49307513237, "delta": 30.57258892059326}, "costs": {"total_cost": 3644.131039862814, "time_cost": 150, "final_distance_cost": 569.0346564748916, "oscillation_cost": 640.4340044192381, "completition_cost": 1000.0, "overshoot_cost": 1228.7840882568034, "power_cost": 30.165871643066406, "noise_cost": 25.712419068814107, "n_waypoints_completed": 0, "tot_waypoints": 9}}
{"target": -7907.4952757375195, "params": {"k_pid_pos": [1.9446793794631958, 0.0321250855922699, 0.015786826610565186], "k_pid_alt": [1.900686502456665, 0.0, 0.9938396215438843], "k_pid_att": [100.0, 0.49412575364112854, 1.0], "k_pid_yaw": [0.5, 1e-06, 0.1], "k_pid_hsp": [0.3996751010417938, 0.03813973069190979, 0.952358603477478], "k_pid_vsp": [0.0, 389.85614013671875, 386.142333984375]}, "datetime": {"datetime": "2025-08-13 16:09:37", "elapsed": 22905.363363027573, "delta": 31.870287895202637}, "costs": {"total_cost": 7907.4952757375195, "time_cost": 150, "final_distance_cost": 2303.3266951309934, "oscillation_cost": 749.177838741214, "completition_cost": 1000.0, "overshoot_cost": 3645.010583722681, "power_cost": 32.432900244140626, "noise_cost": 27.547257898489953, "n_waypoints_completed": 0, "tot_waypoints": 9}}
