{"target": -2235.9245678830007, "params": {"k_pid_pos": [1.8486723899841309, 0.0, 0.05711868405342102], "k_pid_alt": [2.0, 0.0, 0.9014542698860168], "k_pid_att": [100.0, 9.999999747378752e-05, 1.0], "k_pid_yaw": [0.5, 1e-06, 0.1], "k_pid_hsp": [9.999999747378752e-05, 0.0, 1.0], "k_pid_vsp": [14.696168899536133, 400.0, 400.0]}, "datetime": {"datetime": "2025-08-14 05:06:05", "elapsed": 69493.8102273941, "delta": 28.386642694473267}, "costs": {"total_cost": 2235.9245678830007, "time_cost": 150, "final_distance_cost": 54.28011489486429, "oscillation_cost": 721.8016817586256, "completition_cost": 1000.0, "overshoot_cost": 162.66546980566804, "power_cost": 46.37553614501953, "noise_cost": 100.80176527882331, "n_waypoints_completed": 0, "tot_waypoints": 9}}
{"target": -2247.9547408431135, "params": {"k_pid_pos": [2.0, 0.0189664363861084, 0.0016804933547973633], "k_pid_alt": [1.7836246490478516, 0.0, 0.9906789660453796], "k_pid_att": [97.69307708740234, 0.4262877106666565, 0.9913207292556763], "k_pid_yaw": [0.5, 1e-06, 0.1], "k_pid_hsp": [9.999999747378752e-05, 0.030331283807754517, 0.9564010500907898], "k_pid_vsp": [16.920507431030273, 391.44158935546875, 386.3897705078125]}, "datetime": {"datetime": "2025-08-14 05:06:33", "elapsed": 69521.49425601959, "delta": 27.68402862548828}, "costs": {"total_cost": 2247.9547408431135, "time_cost": 150, "final_distance_cost": 86.67501083091607, "oscillation_cost": 772.8923688706067, "completition_cost": 1000.0, "overshoot_cost": 173.1461304589593, "power_cost": 37.007213940429686, "noise_cost": 28.2340167422022, "n_waypoints_completed": 0, "tot_waypoints": 9}}
{"target": -2169.351779385105, "params": {"k_pid_pos": [1.909641981124878, 0.0, 0.0], "k_pid_alt": [1.9673552513122559, 0.0011547207832336426, 0.9819311499595642], "k_pid_att": [100.0, 1.0106055736541748, 1.0], "k_pid_yaw": [0.5, 1e-06, 0.1], "k_pid_hsp": [9.999999747378752e-05, 0.06658211350440979, 1.0], "k_pid_vsp": [2.6877641677856445, 387.9501037597656, 399.1229248046875]}, "datetime": {"datetime": "2025-08-14 05:07:02", "elapsed": 69550.75092506409, "delta": 29.25666904449463}, "costs": {"total_cost": 2169.351779385105, "time_cost": 150, "final_distance_cost": 21.28401470345015, "oscillation_cost": 707.0985690006314, "completition_cost": 1000.0, "overshoot_cost": 189.80369234916174, "power_cost": 38.3165033203125, "noise_cost": 62.84900001154931, "n_waypoints_completed": 0, "tot_waypoints": 9}}
{"target": -2134.635361154947, "params": {"k_pid_pos": [1.9579286575317383, 0.013978421688079834, 0.048349976539611816], "k_pid_alt": [2.0, 0.0, 0.9478705525398254], "k_pid_att": [100.0, 0.14904753863811493, 1.0], "k_pid_yaw": [0.5, 1e-06, 0.1], "k_pid_hsp": [0.41369903087615967, 0.0, 0.9804911613464355], "k_pid_vsp": [40.51662826538086, 388.43475341796875, 397.635498046875]}, "datetime": {"datetime": "2025-08-14 05:07:30", "elapsed": 69578.28231215477, "delta": 27.531387090682983}, "costs": {"total_cost": 2134.635361154947, "time_cost": 150, "final_distance_cost": 53.66096704710572, "oscillation_cost": 740.296997875097, "completition_cost": 1000.0, "overshoot_cost": 128.91342243013435, "power_cost": 33.92996656494141, "noise_cost": 27.83400723766842, "n_waypoints_completed": 0, "tot_waypoints": 9}}
{"target": -2175.130575447942, "params": {"k_pid_pos": [1.935734748840332, 0.0, 0.0], "k_pid_alt": [1.8889102935791016, 0.042630016803741455, 0.9495531320571899], "k_pid_att": [93.00096893310547, 0.9659949541091919, 0.9994135499000549], "k_pid_yaw": [0.5, 1e-06, 0.1], "k_pid_hsp": [0.5598535537719727, 0.0, 0.9840354323387146], "k_pid_vsp": [0.0, 391.8053283691406, 379.2088928222656]}, "datetime": {"datetime": "2025-08-14 05:07:57", "elapsed": 69605.39604067802, "delta": 27.113728523254395}, "costs": {"total_cost": 2175.130575447942, "time_cost": 150, "final_distance_cost": 1.363658027763938, "oscillation_cost": 706.5047510690092, "completition_cost": 1000.0, "overshoot_cost": 151.36098909355206, "power_cost": 48.53109333496094, "noise_cost": 117.3700839226562, "n_waypoints_completed": 0, "tot_waypoints": 9}}
{"target": -5155.468882478133, "params": {"k_pid_pos": [2.0, 0.08053439855575562, 0.0], "k_pid_alt": [2.0, 0.0, 0.9857381582260132], "k_pid_att": [100.0, 0.44960033893585205, 0.8965590596199036], "k_pid_yaw": [0.5, 1e-06, 0.1], "k_pid_hsp": [0.14351598918437958, 0.0, 1.0], "k_pid_vsp": [0.0, 394.0976867675781, 400.0]}, "datetime": {"datetime": "2025-08-14 05:08:27", "elapsed": 69635.70421862602, "delta": 30.308177947998047}, "costs": {"total_cost": 5155.468882478133, "time_cost": 150, "final_distance_cost": 1104.7902439643062, "oscillation_cost": 829.2650064707893, "completition_cost": 1000.0, "overshoot_cost": 2010.12504061214, "power_cost": 33.64633247070313, "noise_cost": 27.642258960194845, "n_waypoints_completed": 0, "tot_waypoints": 9}}
{"target": -2420.9597964438162, "params": {"k_pid_pos": [2.0, 0.0, 0.0], "k_pid_alt": [2.0, 0.02055796980857849, 0.9745821952819824], "k_pid_att": [100.0, 9.999999747378752e-05, 1.0], "k_pid_yaw": [0.5, 1e-06, 0.1], "k_pid_hsp": [0.07628023624420166, 0.10001868009567261, 0.963581919670105], "k_pid_vsp": [6.405925750732422, 381.7681884765625, 399.6565856933594]}, "datetime": {"datetime": "2025-08-14 05:08:55", "elapsed": 69663.26871705055, "delta": 27.56449842453003}, "costs": {"total_cost": 2420.9597964438162, "time_cost": 150, "final_distance_cost": 132.5447710852805, "oscillation_cost": 845.0192846956221, "completition_cost": 1000.0, "overshoot_cost": 228.44176111792248, "power_cost": 36.078025341796874, "noise_cost": 28.875954203193732, "n_waypoints_completed": 0, "tot_waypoints": 9}}
{"target": -2188.359784373565, "params": {"k_pid_pos": [2.0, 0.005100876092910767, 0.0], "k_pid_alt": [1.9927523136138916, 0.011004894971847534, 0.9392300844192505], "k_pid_att": [98.7320327758789, 0.6649718284606934, 1.0], "k_pid_yaw": [0.5, 1e-06, 0.1], "k_pid_hsp": [0.3032861053943634, 0.008686602115631104, 0.9829896688461304], "k_pid_vsp": [0.0, 376.7649841308594, 400.0]}, "datetime": {"datetime": "2025-08-14 05:09:25", "elapsed": 69693.55660581589, "delta": 30.287888765335083}, "costs": {"total_cost": 2188.359784373565, "time_cost": 150, "final_distance_cost": 141.53699195536183, "oscillation_cost": 564.1474094228786, "completition_cost": 1000.0, "overshoot_cost": 268.37774798324364, "power_cost": 35.87591806640625, "noise_cost": 28.421716945675215, "n_waypoints_completed": 0, "tot_waypoints": 9}}
{"target": -1697.777008599326, "params": {"k_pid_pos": [1.9344696998596191, 0.017166703939437866, 0.0], "k_pid_alt": [1.9598634243011475, 0.0, 0.9952657222747803], "k_pid_att": [100.0, 9.999999747378752e-05, 0.9530658721923828], "k_pid_yaw": [0.5, 1e-06, 0.1], "k_pid_hsp": [0.9835817217826843, 0.0, 1.0], "k_pid_vsp": [8.244073867797852, 388.86248779296875, 400.0]}, "datetime": {"datetime": "2025-08-14 05:09:53", "elapsed": 69721.73202252388, "delta": 28.175416707992554}, "costs": {"total_cost": 1697.777008599326, "time_cost": 150, "final_distance_cost": 65.33778557138457, "oscillation_cost": 331.1443978087723, "completition_cost": 777.7777777777778, "overshoot_cost": 302.4812365943686, "power_cost": 37.854377416992186, "noise_cost": 33.181433430030424, "n_waypoints_completed": 2, "tot_waypoints": 9}}
{"target": -5354.061581313367, "params": {"k_pid_pos": [2.0, 0.05873990058898926, 0.0], "k_pid_alt": [2.0, 0.07469514012336731, 1.0], "k_pid_att": [100.0, 0.4426388740539551, 0.9760252833366394], "k_pid_yaw": [0.5, 1e-06, 0.1], "k_pid_hsp": [0.2365066409111023, 0.0, 0.9353333711624146], "k_pid_vsp": [0.0, 378.9530944824219, 400.0]}, "datetime": {"datetime": "2025-08-14 05:10:21", "elapsed": 69749.20625090599, "delta": 27.474228382110596}, "costs": {"total_cost": 5354.061581313367, "time_cost": 150, "final_distance_cost": 1307.6821423446988, "oscillation_cost": 638.0652380670972, "completition_cost": 1000.0, "overshoot_cost": 2193.9542445545612, "power_cost": 35.87117901611328, "noise_cost": 28.488777330896603, "n_waypoints_completed": 0, "tot_waypoints": 9}}
{"target": -1937.4655912165256, "params": {"k_pid_pos": [2.0, 0.03252589702606201, 0.013503074645996094], "k_pid_alt": [2.0, 0.10360074043273926, 0.978014349937439], "k_pid_att": [100.0, 9.999999747378752e-05, 1.0], "k_pid_yaw": [0.5, 1e-06, 0.1], "k_pid_hsp": [0.6054562926292419, 0.0, 1.0], "k_pid_vsp": [0.0, 372.6337585449219, 374.36376953125]}, "datetime": {"datetime": "2025-08-14 05:10:52", "elapsed": 69780.71187400818, "delta": 31.50562310218811}, "costs": {"total_cost": 1937.4655912165256, "time_cost": 150, "final_distance_cost": 186.93986426863452, "oscillation_cost": 360.7762437992178, "completition_cost": 888.8888888888888, "overshoot_cost": 271.47324750559403, "power_cost": 39.62120653076172, "noise_cost": 39.76614022342871, "n_waypoints_completed": 1, "tot_waypoints": 9}}
{"target": -4053.1211457451714, "params": {"k_pid_pos": [2.0, 0.002553105354309082, 0.0], "k_pid_alt": [2.0, 0.0707244873046875, 0.9544389247894287], "k_pid_att": [92.83018493652344, 0.03478151187300682, 0.9781200885772705], "k_pid_yaw": [0.5, 1e-06, 0.1], "k_pid_hsp": [9.999999747378752e-05, 0.0, 1.0], "k_pid_vsp": [0.0, 400.0, 394.06414794921875]}, "datetime": {"datetime": "2025-08-14 05:11:20", "elapsed": 69808.24612259865, "delta": 27.53424859046936}, "costs": {"total_cost": 4053.1211457451714, "time_cost": 150, "final_distance_cost": 731.1428105999858, "oscillation_cost": 694.6327142093327, "completition_cost": 1000.0, "overshoot_cost": 1415.1844571677025, "power_cost": 34.22890205078125, "noise_cost": 27.93226171736883, "n_waypoints_completed": 0, "tot_waypoints": 9}}
{"target": -8539.210387592695, "params": {"k_pid_pos": [1.913691520690918, 0.002937614917755127, 0.0], "k_pid_alt": [2.0, 0.01962149143218994, 0.9798132181167603], "k_pid_att": [100.0, 0.40507403016090393, 1.0], "k_pid_yaw": [0.5, 1e-06, 0.1], "k_pid_hsp": [0.28717276453971863, 0.027974694967269897, 1.0], "k_pid_vsp": [2.475619316101074, 400.0, 386.3741455078125]}, "datetime": {"datetime": "2025-08-14 05:11:51", "elapsed": 69839.15209770203, "delta": 30.905975103378296}, "costs": {"total_cost": 8539.210387592695, "time_cost": 150, "final_distance_cost": 2159.3762651889083, "oscillation_cost": 767.9492949963907, "completition_cost": 1000.0, "overshoot_cost": 4400.075529439111, "power_cost": 34.155691320800784, "noise_cost": 27.653606647482817, "n_waypoints_completed": 0, "tot_waypoints": 9}}
{"target": -2200.655176638989, "params": {"k_pid_pos": [1.9818203449249268, 0.09971848130226135, 0.0], "k_pid_alt": [1.9278764724731445, 0.0, 0.9900449514389038], "k_pid_att": [100.0, 9.999999747378752e-05, 0.9576658010482788], "k_pid_yaw": [0.5, 1e-06, 0.1], "k_pid_hsp": [9.999999747378752e-05, 0.05449095368385315, 1.0], "k_pid_vsp": [14.647698402404785, 400.0, 400.0]}, "datetime": {"datetime": "2025-08-14 05:12:18", "elapsed": 69866.33587908745, "delta": 27.183781385421753}, "costs": {"total_cost": 2200.655176638989, "time_cost": 150, "final_distance_cost": 60.49233006665815, "oscillation_cost": 741.3035782241457, "completition_cost": 1000.0, "overshoot_cost": 181.58420940195782, "power_cost": 38.27964215087891, "noise_cost": 28.99541679534869, "n_waypoints_completed": 0, "tot_waypoints": 9}}
{"target": -2376.172890495318, "params": {"k_pid_pos": [1.915723204612732, 0.04891499876976013, 0.0], "k_pid_alt": [2.0, 0.0, 0.879210889339447], "k_pid_att": [100.0, 9.999999747378752e-05, 1.0], "k_pid_yaw": [0.5, 1e-06, 0.1], "k_pid_hsp": [9.999999747378752e-05, 0.01422351598739624, 1.0], "k_pid_vsp": [15.319049835205078, 400.0, 400.0]}, "datetime": {"datetime": "2025-08-14 05:12:46", "elapsed": 69894.4711997509, "delta": 28.13532066345215}, "costs": {"total_cost": 2376.172890495318, "time_cost": 150, "final_distance_cost": 94.2752559858409, "oscillation_cost": 825.7049831892218, "completition_cost": 1000.0, "overshoot_cost": 241.93301104594255, "power_cost": 36.03728358154297, "noise_cost": 28.222356692769765, "n_waypoints_completed": 0, "tot_waypoints": 9}}
{"target": -2167.9795563147763, "params": {"k_pid_pos": [2.0, 0.0, 0.010680466890335083], "k_pid_alt": [2.0, 0.06834602355957031, 0.9303339719772339], "k_pid_att": [92.41144561767578, 0.7851800918579102, 1.0], "k_pid_yaw": [0.5, 1e-06, 0.1], "k_pid_hsp": [9.999999747378752e-05, 0.0, 0.9765878915786743], "k_pid_vsp": [0.0, 395.8127136230469, 386.98419189453125]}, "datetime": {"datetime": "2025-08-14 05:13:15", "elapsed": 69923.22606945038, "delta": 28.75486969947815}, "costs": {"total_cost": 2167.9795563147763, "time_cost": 150, "final_distance_cost": 57.624782492091136, "oscillation_cost": 805.0992772945859, "completition_cost": 1000.0, "overshoot_cost": 89.39504237636797, "power_cost": 37.40327694091797, "noise_cost": 28.457177210813295, "n_waypoints_completed": 0, "tot_waypoints": 9}}
{"target": -2109.3035608313617, "params": {"k_pid_pos": [2.0, 0.0, 0.0], "k_pid_alt": [2.0, 0.0, 0.9405016899108887], "k_pid_att": [100.0, 0.23848460614681244, 0.9577062129974365], "k_pid_yaw": [0.5, 1e-06, 0.1], "k_pid_hsp": [0.31891876459121704, 0.0, 1.0], "k_pid_vsp": [0.0, 376.6083068847656, 366.7629699707031]}, "datetime": {"datetime": "2025-08-14 05:13:43", "elapsed": 69951.37952637672, "delta": 28.153456926345825}, "costs": {"total_cost": 2109.3035608313617, "time_cost": 150, "final_distance_cost": 239.8614556897467, "oscillation_cost": 510.8834242825411, "completition_cost": 888.8888888888888, "overshoot_cost": 251.11485474093024, "power_cost": 37.66276953125, "noise_cost": 30.892167698004847, "n_waypoints_completed": 1, "tot_waypoints": 9}}
{"target": -2221.3088839484294, "params": {"k_pid_pos": [2.0, 0.008361995220184326, 0.0], "k_pid_alt": [1.979430913925171, 0.0, 0.9428646564483643], "k_pid_att": [96.64495086669922, 9.999999747378752e-05, 0.9549865126609802], "k_pid_yaw": [0.5, 1e-06, 0.1], "k_pid_hsp": [9.999999747378752e-05, 0.0, 1.0], "k_pid_vsp": [8.490812301635742, 378.648681640625, 400.0]}, "datetime": {"datetime": "2025-08-14 05:14:11", "elapsed": 69979.62984395027, "delta": 28.250317573547363}, "costs": {"total_cost": 2221.3088839484294, "time_cost": 150, "final_distance_cost": 81.37961924322977, "oscillation_cost": 763.6539456247527, "completition_cost": 1000.0, "overshoot_cost": 158.37828178033598, "power_cost": 36.85306280517578, "noise_cost": 31.043974494935423, "n_waypoints_completed": 0, "tot_waypoints": 9}}
{"target": -1825.0274742854533, "params": {"k_pid_pos": [2.0, 0.011018425226211548, 0.0], "k_pid_alt": [1.9750429391860962, 0.0, 1.0], "k_pid_att": [100.0, 0.21891242265701294, 1.0], "k_pid_yaw": [0.5, 1e-06, 0.1], "k_pid_hsp": [0.6677893400192261, 0.04654139280319214, 1.0], "k_pid_vsp": [4.473304748535156, 400.0, 371.443115234375]}, "datetime": {"datetime": "2025-08-14 05:14:41", "elapsed": 70010.00809884071, "delta": 30.378254890441895}, "costs": {"total_cost": 1825.0274742854533, "time_cost": 150, "final_distance_cost": 8.511450167625897, "oscillation_cost": 375.4234405288313, "completition_cost": 1000.0, "overshoot_cost": 156.08594255245148, "power_cost": 41.72113079833984, "noise_cost": 93.28551023820485, "n_waypoints_completed": 0, "tot_waypoints": 9}}
{"target": -3789.54810119082, "params": {"k_pid_pos": [2.0, 0.0, 0.0], "k_pid_alt": [1.9432883262634277, 0.002825409173965454, 1.0], "k_pid_att": [97.73963928222656, 0.3521149456501007, 1.0], "k_pid_yaw": [0.5, 1e-06, 0.1], "k_pid_hsp": [0.21981661021709442, 0.052568674087524414, 0.9678530097007751], "k_pid_vsp": [0.0, 400.0, 400.0]}, "datetime": {"datetime": "2025-08-14 05:15:10", "elapsed": 70038.84380865097, "delta": 28.835709810256958}, "costs": {"total_cost": 3789.54810119082, "time_cost": 150, "final_distance_cost": 747.7984662194979, "oscillation_cost": 726.0627410692526, "completition_cost": 1000.0, "overshoot_cost": 1104.3593524590217, "power_cost": 33.85301558837891, "noise_cost": 27.47452585466867, "n_waypoints_completed": 0, "tot_waypoints": 9}}
{"target": -2978.8539359185343, "params": {"k_pid_pos": [2.0, 0.031312793493270874, 0.007209599018096924], "k_pid_alt": [1.8909080028533936, 0.03324505686759949, 1.0], "k_pid_att": [96.10945892333984, 9.999999747378752e-05, 1.0], "k_pid_yaw": [0.5, 1e-06, 0.1], "k_pid_hsp": [9.999999747378752e-05, 0.0, 1.0], "k_pid_vsp": [28.108299255371094, 392.352783203125, 400.0]}, "datetime": {"datetime": "2025-08-14 05:15:38", "elapsed": 70066.14388895035, "delta": 27.30008029937744}, "costs": {"total_cost": 2978.8539359185343, "time_cost": 150, "final_distance_cost": 286.3934244742307, "oscillation_cost": 845.3490573609946, "completition_cost": 1000.0, "overshoot_cost": 632.565738323443, "power_cost": 36.295488183593754, "noise_cost": 28.250227576272213, "n_waypoints_completed": 0, "tot_waypoints": 9}}
{"target": -3070.797000858283, "params": {"k_pid_pos": [1.7778416872024536, 0.005235612392425537, 0.030620932579040527], "k_pid_alt": [1.8287022113800049, 0.0, 0.9749456644058228], "k_pid_att": [100.0, 0.06546537578105927, 0.9283803701400757], "k_pid_yaw": [0.5, 1e-06, 0.1], "k_pid_hsp": [9.999999747378752e-05, 0.0592481791973114, 1.0], "k_pid_vsp": [0.0, 400.0, 391.58746337890625]}, "datetime": {"datetime": "2025-08-14 05:16:09", "elapsed": 70097.51295781136, "delta": 31.36906886100769}, "costs": {"total_cost": 3070.797000858283, "time_cost": 150, "final_distance_cost": 300.5485735329707, "oscillation_cost": 835.3386915996664, "completition_cost": 1000.0, "overshoot_cost": 723.6967471626957, "power_cost": 33.67232734375, "noise_cost": 27.54066121919969, "n_waypoints_completed": 0, "tot_waypoints": 9}}
{"target": -2131.129697411907, "params": {"k_pid_pos": [1.9315104484558105, 0.07108256220817566, 0.0], "k_pid_alt": [2.0, 0.01665407419204712, 1.0], "k_pid_att": [100.0, 9.999999747378752e-05, 0.9720904231071472], "k_pid_yaw": [0.5, 1e-06, 0.1], "k_pid_hsp": [9.999999747378752e-05, 0.014739781618118286, 0.8936535716056824], "k_pid_vsp": [31.40671157836914, 378.38348388671875, 374.0364685058594]}, "datetime": {"datetime": "2025-08-14 05:16:36", "elapsed": 70124.15017914772, "delta": 26.637221336364746}, "costs": {"total_cost": 2131.129697411907, "time_cost": 150, "final_distance_cost": 58.26182325658604, "oscillation_cost": 762.8063565714424, "completition_cost": 1000.0, "overshoot_cost": 94.05733411036461, "power_cost": 37.367555285644535, "noise_cost": 28.636628187869466, "n_waypoints_completed": 0, "tot_waypoints": 9}}
{"target": -3788.354629161005, "params": {"k_pid_pos": [2.0, 0.056977689266204834, 0.0], "k_pid_alt": [2.0, 0.08680415153503418, 1.0], "k_pid_att": [94.94571685791016, 9.999999747378752e-05, 0.9187580347061157], "k_pid_yaw": [0.5, 1e-06, 0.1], "k_pid_hsp": [0.5301349759101868, 0.0, 0.9643996953964233], "k_pid_vsp": [15.373706817626953, 400.0, 400.0]}, "datetime": {"datetime": "2025-08-14 05:17:05", "elapsed": 70153.53775382042, "delta": 29.387574672698975}, "costs": {"total_cost": 3788.354629161005, "time_cost": 150, "final_distance_cost": 652.9544330274695, "oscillation_cost": 722.3945253566152, "completition_cost": 1000.0, "overshoot_cost": 1200.838287804304, "power_cost": 33.94008969726563, "noise_cost": 28.227293275350718, "n_waypoints_completed": 0, "tot_waypoints": 9}}
{"target": -2184.784185907214, "params": {"k_pid_pos": [1.8180794715881348, 0.04345506429672241, 0.06397715210914612], "k_pid_alt": [1.9930226802825928, 0.0, 1.0], "k_pid_att": [92.27409362792969, 1.2239294052124023, 1.0], "k_pid_yaw": [0.5, 1e-06, 0.1], "k_pid_hsp": [9.999999747378752e-05, 0.016571462154388428, 1.0], "k_pid_vsp": [0.0, 396.389404296875, 400.0]}, "datetime": {"datetime": "2025-08-14 05:17:34", "elapsed": 70182.7759552002, "delta": 29.238201379776}, "costs": {"total_cost": 2184.784185907214, "time_cost": 150, "final_distance_cost": 9.051392976598196, "oscillation_cost": 774.9903061643619, "completition_cost": 1000.0, "overshoot_cost": 134.30122473463229, "power_cost": 41.71012789306641, "noise_cost": 74.73113413855548, "n_waypoints_completed": 0, "tot_waypoints": 9}}
{"target": -3366.6306236145947, "params": {"k_pid_pos": [2.0, 0.0, 0.03151702880859375], "k_pid_alt": [1.981496810913086, 0.0, 1.0], "k_pid_att": [100.0, 9.999999747378752e-05, 1.0], "k_pid_yaw": [0.5, 1e-06, 0.1], "k_pid_hsp": [0.6008873581886292, 0.10523974895477295, 1.0], "k_pid_vsp": [17.53466033935547, 400.0, 384.79205322265625]}, "datetime": {"datetime": "2025-08-14 05:18:02", "elapsed": 70210.09930944443, "delta": 27.323354244232178}, "costs": {"total_cost": 3366.6306236145947, "time_cost": 150, "final_distance_cost": 578.7706010720226, "oscillation_cost": 643.6282160126156, "completition_cost": 888.8888888888888, "overshoot_cost": 1041.5880481385548, "power_cost": 34.8140845703125, "noise_cost": 28.940784932200636, "n_waypoints_completed": 1, "tot_waypoints": 9}}
{"target": -2290.876080889714, "params": {"k_pid_pos": [2.0, 0.0, 0.05830535292625427], "k_pid_alt": [1.9599875211715698, 0.0, 0.9286227226257324], "k_pid_att": [94.94764709472656, 0.7648071646690369, 1.0], "k_pid_yaw": [0.5, 1e-06, 0.1], "k_pid_hsp": [0.271121084690094, 0.0, 1.0], "k_pid_vsp": [37.54279708862305, 400.0, 400.0]}, "datetime": {"datetime": "2025-08-14 05:18:30", "elapsed": 70238.58763313293, "delta": 28.48832368850708}, "costs": {"total_cost": 2290.876080889714, "time_cost": 150, "final_distance_cost": 112.73931881004091, "oscillation_cost": 762.0405837433967, "completition_cost": 1000.0, "overshoot_cost": 204.43717320591188, "power_cost": 33.69917742919922, "noise_cost": 27.959827701165732, "n_waypoints_completed": 0, "tot_waypoints": 9}}
