{"target": -2151.8308313225616, "params": {"k_pid_pos": [1.9893275499343872, 0.06596779823303223, 0.0], "k_pid_alt": [2.0, 0.0, 1.0], "k_pid_att": [100.0, 0.023544954136013985, 1.0], "k_pid_yaw": [0.5, 1e-06, 0.1], "k_pid_hsp": [9.999999747378752e-05, 0.08758801221847534, 0.986031174659729], "k_pid_vsp": [20.692920684814453, 400.0, 397.1956787109375]}, "datetime": {"datetime": "2025-08-14 05:18:59", "elapsed": 70267.62731099129, "delta": 29.03967785835266}, "costs": {"total_cost": 2151.8308313225616, "time_cost": 150, "final_distance_cost": 24.8356785974207, "oscillation_cost": 688.9298099999031, "completition_cost": 1000.0, "overshoot_cost": 165.84907348469534, "power_cost": 44.06226110839844, "noise_cost": 78.15400813214391, "n_waypoints_completed": 0, "tot_waypoints": 9}}
{"target": -4508.910302943123, "params": {"k_pid_pos": [2.0, 0.0, 0.0], "k_pid_alt": [2.0, 0.05702507495880127, 0.9890048503875732], "k_pid_att": [100.0, 0.22731629014015198, 0.9687327146530151], "k_pid_yaw": [0.5, 1e-06, 0.1], "k_pid_hsp": [9.999999747378752e-05, 0.0731799304485321, 0.9221173524856567], "k_pid_vsp": [0.0, 400.0, 400.0]}, "datetime": {"datetime": "2025-08-14 05:19:28", "elapsed": 70296.08841180801, "delta": 28.461100816726685}, "costs": {"total_cost": 4508.910302943123, "time_cost": 150, "final_distance_cost": 1200.4889871485932, "oscillation_cost": 650.1424764275824, "completition_cost": 1000.0, "overshoot_cost": 1446.6775028214445, "power_cost": 34.002338879394536, "noise_cost": 27.5989976661082, "n_waypoints_completed": 0, "tot_waypoints": 9}}
{"target": -1687.2186492905678, "params": {"k_pid_pos": [2.0, 0.0, 0.0], "k_pid_alt": [1.98347806930542, 0.005950897932052612, 0.9768832921981812], "k_pid_att": [99.72415924072266, 1.0633140802383423, 1.0], "k_pid_yaw": [0.5, 1e-06, 0.1], "k_pid_hsp": [0.8164746165275574, 0.0, 1.0], "k_pid_vsp": [27.76188850402832, 400.0, 361.8731384277344]}, "datetime": {"datetime": "2025-08-14 05:19:55", "elapsed": 70323.79663062096, "delta": 27.708218812942505}, "costs": {"total_cost": 1687.2186492905678, "time_cost": 150, "final_distance_cost": 45.30879135474727, "oscillation_cost": 626.6321339537418, "completition_cost": 666.6666666666667, "overshoot_cost": 120.42172263067161, "power_cost": 37.495744409179686, "noise_cost": 40.69359027556058, "n_waypoints_completed": 3, "tot_waypoints": 9}}
{"target": -2537.0627598041374, "params": {"k_pid_pos": [2.0, 0.012814044952392578, 0.0], "k_pid_alt": [2.0, 0.026929110288619995, 1.0], "k_pid_att": [100.0, 0.24242711067199707, 0.9896935820579529], "k_pid_yaw": [0.5, 1e-06, 0.1], "k_pid_hsp": [0.005182735156267881, 0.0, 0.9871617555618286], "k_pid_vsp": [0.0, 400.0, 378.15960693359375]}, "datetime": {"datetime": "2025-08-14 05:20:25", "elapsed": 70353.14859747887, "delta": 29.351966857910156}, "costs": {"total_cost": 2537.0627598041374, "time_cost": 150, "final_distance_cost": 242.12822822177168, "oscillation_cost": 784.7047488963931, "completition_cost": 1000.0, "overshoot_cost": 297.3417116812613, "power_cost": 34.90327097167969, "noise_cost": 27.984800033031668, "n_waypoints_completed": 0, "tot_waypoints": 9}}
{"target": -2529.5126209030723, "params": {"k_pid_pos": [1.846030592918396, 0.0, 0.029776722192764282], "k_pid_alt": [1.8819262981414795, 0.0, 0.9563600420951843], "k_pid_att": [99.22032928466797, 0.0867195874452591, 0.843979001045227], "k_pid_yaw": [0.5, 1e-06, 0.1], "k_pid_hsp": [9.999999747378752e-05, 0.0, 0.947049617767334], "k_pid_vsp": [26.139663696289062, 400.0, 400.0]}, "datetime": {"datetime": "2025-08-14 05:20:54", "elapsed": 70382.29584169388, "delta": 29.147244215011597}, "costs": {"total_cost": 2529.5126209030723, "time_cost": 150, "final_distance_cost": 123.50987300348065, "oscillation_cost": 705.4906788992732, "completition_cost": 1000.0, "overshoot_cost": 486.7698621072577, "power_cost": 35.618560095214846, "noise_cost": 28.123646797846238, "n_waypoints_completed": 0, "tot_waypoints": 9}}
{"target": -4288.905510137821, "params": {"k_pid_pos": [1.9742580652236938, 0.045147836208343506, 0.004782587289810181], "k_pid_alt": [2.0, 0.04355788230895996, 0.9158861637115479], "k_pid_att": [90.75442504882812, 0.7135688066482544, 1.0], "k_pid_yaw": [0.5, 1e-06, 0.1], "k_pid_hsp": [9.999999747378752e-05, 0.0029356181621551514, 1.0], "k_pid_vsp": [0.0, 400.0, 398.53076171875]}, "datetime": {"datetime": "2025-08-14 05:21:21", "elapsed": 70409.85264587402, "delta": 27.556804180145264}, "costs": {"total_cost": 4288.905510137821, "time_cost": 150, "final_distance_cost": 479.8653976839916, "oscillation_cost": 718.0047902936861, "completition_cost": 888.8888888888888, "overshoot_cost": 1989.0491948471376, "power_cost": 35.23519393310547, "noise_cost": 27.86204449101111, "n_waypoints_completed": 1, "tot_waypoints": 9}}
{"target": -2253.517281206814, "params": {"k_pid_pos": [1.9636871814727783, 0.0, 0.0], "k_pid_alt": [1.9100196361541748, 0.0, 1.0], "k_pid_att": [92.99919891357422, 9.999999747378752e-05, 1.0], "k_pid_yaw": [0.5, 1e-06, 0.1], "k_pid_hsp": [9.999999747378752e-05, 0.0, 0.974746584892273], "k_pid_vsp": [16.68311309814453, 387.5998840332031, 400.0]}, "datetime": {"datetime": "2025-08-14 05:21:52", "elapsed": 70441.06893634796, "delta": 31.21629047393799}, "costs": {"total_cost": 2253.517281206814, "time_cost": 150, "final_distance_cost": 46.827092015108754, "oscillation_cost": 772.2415833499075, "completition_cost": 1000.0, "overshoot_cost": 142.50947153432068, "power_cost": 41.4583047241211, "noise_cost": 100.48082958335584, "n_waypoints_completed": 0, "tot_waypoints": 9}}
{"target": -8978.168832752854, "params": {"k_pid_pos": [1.8879066705703735, 0.0, 0.0], "k_pid_alt": [1.9272229671478271, 0.05546793341636658, 0.8967511653900146], "k_pid_att": [99.77294921875, 9.999999747378752e-05, 0.984431266784668], "k_pid_yaw": [0.5, 1e-06, 0.1], "k_pid_hsp": [0.23730206489562988, 0.0, 0.9154037237167358], "k_pid_vsp": [0.0, 389.0589294433594, 400.0]}, "datetime": {"datetime": "2025-08-14 05:22:20", "elapsed": 70468.2234210968, "delta": 27.154484748840332}, "costs": {"total_cost": 8978.168832752854, "time_cost": 150, "final_distance_cost": 2265.6724347005897, "oscillation_cost": 763.5808512011799, "completition_cost": 1000.0, "overshoot_cost": 4736.632184366728, "power_cost": 34.5293744140625, "noise_cost": 27.753988070292905, "n_waypoints_completed": 0, "tot_waypoints": 9}}
{"target": -2894.341594061352, "params": {"k_pid_pos": [2.0, 0.0, 0.0], "k_pid_alt": [1.7884738445281982, 0.0, 1.0], "k_pid_att": [100.0, 0.3696191608905792, 1.0], "k_pid_yaw": [0.5, 1e-06, 0.1], "k_pid_hsp": [0.18266868591308594, 0.0, 0.9952833652496338], "k_pid_vsp": [45.51838684082031, 393.5703125, 396.2149658203125]}, "datetime": {"datetime": "2025-08-14 05:22:47", "elapsed": 70495.81391572952, "delta": 27.590494632720947}, "costs": {"total_cost": 2894.341594061352, "time_cost": 150, "final_distance_cost": 305.0978324376248, "oscillation_cost": 693.6147074339858, "completition_cost": 1000.0, "overshoot_cost": 682.356007925998, "power_cost": 35.145513671875, "noise_cost": 28.12753259186882, "n_waypoints_completed": 0, "tot_waypoints": 9}}
{"target": -2191.9286324553104, "params": {"k_pid_pos": [1.8193397521972656, 0.0, 0.0], "k_pid_alt": [2.0, 0.0, 0.9659637808799744], "k_pid_att": [100.0, 9.999999747378752e-05, 0.9160507321357727], "k_pid_yaw": [0.5, 1e-06, 0.1], "k_pid_hsp": [9.999999747378752e-05, 0.04958057403564453, 0.9717062711715698], "k_pid_vsp": [0.0, 397.5961608886719, 400.0]}, "datetime": {"datetime": "2025-08-14 05:23:16", "elapsed": 70524.55323934555, "delta": 28.739323616027832}, "costs": {"total_cost": 2191.9286324553104, "time_cost": 150, "final_distance_cost": 19.996937026406354, "oscillation_cost": 692.6178976199722, "completition_cost": 1000.0, "overshoot_cost": 254.16794348427547, "power_cost": 39.068689343261724, "noise_cost": 36.07716498139452, "n_waypoints_completed": 0, "tot_waypoints": 9}}
{"target": -2001.3883103930957, "params": {"k_pid_pos": [1.9310141801834106, 0.04025626182556152, 0.08103138208389282], "k_pid_alt": [1.9885191917419434, 0.0, 0.9535393714904785], "k_pid_att": [98.7863998413086, 0.2506578266620636, 1.0], "k_pid_yaw": [0.5, 1e-06, 0.1], "k_pid_hsp": [9.999999747378752e-05, 0.0, 0.9313151836395264], "k_pid_vsp": [0.0, 386.14697265625, 400.0]}, "datetime": {"datetime": "2025-08-14 05:23:46", "elapsed": 70554.23129677773, "delta": 29.678057432174683}, "costs": {"total_cost": 2001.3883103930957, "time_cost": 150, "final_distance_cost": 47.93926255051049, "oscillation_cost": 659.6916344562321, "completition_cost": 1000.0, "overshoot_cost": 77.29298072047787, "power_cost": 37.79052702636719, "noise_cost": 28.673905639508078, "n_waypoints_completed": 0, "tot_waypoints": 9}}
{"target": -4630.636861529865, "params": {"k_pid_pos": [1.85502028465271, 0.0, 0.0], "k_pid_alt": [2.0, 0.062147289514541626, 1.0], "k_pid_att": [100.0, 0.23407509922981262, 0.9889780282974243], "k_pid_yaw": [0.5, 1e-06, 0.1], "k_pid_hsp": [0.06857521831989288, 0.04012197256088257, 1.0], "k_pid_vsp": [38.111900329589844, 393.0733642578125, 400.0]}, "datetime": {"datetime": "2025-08-14 05:24:12", "elapsed": 70580.94076681137, "delta": 26.70947003364563}, "costs": {"total_cost": 4630.636861529865, "time_cost": 150, "final_distance_cost": 1064.23872955503, "oscillation_cost": 854.8967399587663, "completition_cost": 1000.0, "overshoot_cost": 1503.1658287427365, "power_cost": 31.659698742675783, "noise_cost": 26.67586453065691, "n_waypoints_completed": 0, "tot_waypoints": 9}}
{"target": -2060.951306361154, "params": {"k_pid_pos": [2.0, 0.0, 0.0], "k_pid_alt": [1.8546249866485596, 0.0554104745388031, 1.0], "k_pid_att": [100.0, 0.7576400637626648, 0.9481902718544006], "k_pid_yaw": [0.5, 1e-06, 0.1], "k_pid_hsp": [9.999999747378752e-05, 0.0, 0.9965713024139404], "k_pid_vsp": [30.440580368041992, 400.0, 400.0]}, "datetime": {"datetime": "2025-08-14 05:24:42", "elapsed": 70610.22633814812, "delta": 29.285571336746216}, "costs": {"total_cost": 2060.951306361154, "time_cost": 150, "final_distance_cost": 20.26496533228851, "oscillation_cost": 698.1321722009804, "completition_cost": 1000.0, "overshoot_cost": 104.87585599276964, "power_cost": 40.806712927246096, "noise_cost": 46.871599907869445, "n_waypoints_completed": 0, "tot_waypoints": 9}}
{"target": -6534.58464018562, "params": {"k_pid_pos": [2.0, 0.0, 0.023299485445022583], "k_pid_alt": [2.0, 0.0, 0.9306061267852783], "k_pid_att": [100.0, 9.999999747378752e-05, 0.9652128219604492], "k_pid_yaw": [0.5, 1e-06, 0.1], "k_pid_hsp": [0.38546788692474365, 0.0, 0.9612863063812256], "k_pid_vsp": [0.0, 400.0, 382.0468444824219]}, "datetime": {"datetime": "2025-08-14 05:25:11", "elapsed": 70639.42302799225, "delta": 29.19668984413147}, "costs": {"total_cost": 6534.58464018562, "time_cost": 150, "final_distance_cost": 1634.1630221885073, "oscillation_cost": 763.413276475661, "completition_cost": 1000.0, "overshoot_cost": 2924.9899080940813, "power_cost": 34.210844067382816, "noise_cost": 27.80758935998667, "n_waypoints_completed": 0, "tot_waypoints": 9}}
{"target": -2731.8560898902547, "params": {"k_pid_pos": [1.9110358953475952, 0.0, 0.0], "k_pid_alt": [1.9254213571548462, 0.02885010838508606, 1.0], "k_pid_att": [100.0, 0.07539720088243484, 1.0], "k_pid_yaw": [0.5, 1e-06, 0.1], "k_pid_hsp": [9.999999747378752e-05, 0.0, 0.9965946674346924], "k_pid_vsp": [5.067038536071777, 386.52789306640625, 400.0]}, "datetime": {"datetime": "2025-08-14 05:25:38", "elapsed": 70666.30834674835, "delta": 26.885318756103516}, "costs": {"total_cost": 2731.8560898902547, "time_cost": 150, "final_distance_cost": 120.3112868292627, "oscillation_cost": 725.8680029199718, "completition_cost": 1000.0, "overshoot_cost": 672.740074247865, "power_cost": 35.170857458496094, "noise_cost": 27.76586843465909, "n_waypoints_completed": 0, "tot_waypoints": 9}}
{"target": -2206.2018130565802, "params": {"k_pid_pos": [1.9492231607437134, 0.0, 0.0], "k_pid_alt": [2.0, 0.0, 1.0], "k_pid_att": [100.0, 0.9789421558380127, 1.0], "k_pid_yaw": [0.5, 1e-06, 0.1], "k_pid_hsp": [0.5149967074394226, 0.10032868385314941, 1.0], "k_pid_vsp": [0.0, 400.0, 400.0]}, "datetime": {"datetime": "2025-08-14 05:26:07", "elapsed": 70695.98984646797, "delta": 29.68149971961975}, "costs": {"total_cost": 2206.2018130565802, "time_cost": 150, "final_distance_cost": 346.7607892808303, "oscillation_cost": 440.8890269129396, "completition_cost": 888.8888888888888, "overshoot_cost": 314.49143868206806, "power_cost": 35.99388845214844, "noise_cost": 29.177780839705107, "n_waypoints_completed": 1, "tot_waypoints": 9}}
{"target": -2165.5120201492387, "params": {"k_pid_pos": [2.0, 0.0729396641254425, 0.02222248911857605], "k_pid_alt": [2.0, 0.09731212258338928, 1.0], "k_pid_att": [98.80583190917969, 9.999999747378752e-05, 0.956555187702179], "k_pid_yaw": [0.5, 1e-06, 0.1], "k_pid_hsp": [0.10815111547708511, 0.0, 1.0], "k_pid_vsp": [18.264793395996094, 384.5555725097656, 400.0]}, "datetime": {"datetime": "2025-08-14 05:26:36", "elapsed": 70724.97743225098, "delta": 28.98758578300476}, "costs": {"total_cost": 2165.5120201492387, "time_cost": 150, "final_distance_cost": 24.36148802770225, "oscillation_cost": 744.3547663027883, "completition_cost": 1000.0, "overshoot_cost": 167.88062445387988, "power_cost": 41.57250981445313, "noise_cost": 37.342631550415135, "n_waypoints_completed": 0, "tot_waypoints": 9}}
{"target": -2058.590526293001, "params": {"k_pid_pos": [2.0, 0.0, 0.0], "k_pid_alt": [1.8997632265090942, 0.05057135224342346, 1.0], "k_pid_att": [96.61882019042969, 9.999999747378752e-05, 1.0], "k_pid_yaw": [0.5, 1e-06, 0.1], "k_pid_hsp": [9.999999747378752e-05, 0.016063302755355835, 1.0], "k_pid_vsp": [32.0652961730957, 397.0111999511719, 396.2897033691406]}, "datetime": {"datetime": "2025-08-14 05:27:05", "elapsed": 70753.27762413025, "delta": 28.30019187927246}, "costs": {"total_cost": 2058.590526293001, "time_cost": 150, "final_distance_cost": 73.0300757703513, "oscillation_cost": 669.1730481619546, "completition_cost": 888.8888888888888, "overshoot_cost": 206.1921081758221, "power_cost": 41.705313732910156, "noise_cost": 29.601091563073908, "n_waypoints_completed": 1, "tot_waypoints": 9}}
{"target": -2020.6968423083879, "params": {"k_pid_pos": [1.91864812374115, 0.0, 0.0], "k_pid_alt": [1.9326024055480957, 0.0, 0.9638780951499939], "k_pid_att": [100.0, 0.2559315860271454, 0.9965322017669678], "k_pid_yaw": [0.5, 1e-06, 0.1], "k_pid_hsp": [9.999999747378752e-05, 0.0, 1.0], "k_pid_vsp": [15.242158889770508, 400.0, 388.6708679199219]}, "datetime": {"datetime": "2025-08-14 05:27:34", "elapsed": 70782.42209935188, "delta": 29.14447522163391}, "costs": {"total_cost": 2020.6968423083879, "time_cost": 150, "final_distance_cost": 49.7644240213731, "oscillation_cost": 728.5238262190682, "completition_cost": 888.8888888888888, "overshoot_cost": 99.38541806548851, "power_cost": 42.93531302490235, "noise_cost": 61.198972088667055, "n_waypoints_completed": 1, "tot_waypoints": 9}}
{"target": -1864.2937803700156, "params": {"k_pid_pos": [1.9878931045532227, 0.0, 0.05790311098098755], "k_pid_alt": [2.0, 0.05454421043395996, 0.9645628929138184], "k_pid_att": [100.0, 9.999999747378752e-05, 1.0], "k_pid_yaw": [0.5, 1e-06, 0.1], "k_pid_hsp": [0.5034785270690918, 0.02643868327140808, 1.0], "k_pid_vsp": [14.722132682800293, 400.0, 400.0]}, "datetime": {"datetime": "2025-08-14 05:28:04", "elapsed": 70812.49701356888, "delta": 30.07491421699524}, "costs": {"total_cost": 1864.2937803700156, "time_cost": 150, "final_distance_cost": 101.4660124624055, "oscillation_cost": 500.78831353808295, "completition_cost": 888.8888888888888, "overshoot_cost": 141.05050010345454, "power_cost": 37.9536396484375, "noise_cost": 44.146425728746294, "n_waypoints_completed": 1, "tot_waypoints": 9}}
{"target": -2548.0783277300657, "params": {"k_pid_pos": [2.0, 0.049397170543670654, 0.11044013500213623], "k_pid_alt": [1.9749011993408203, 0.01997894048690796, 1.0], "k_pid_att": [92.27937316894531, 9.999999747378752e-05, 1.0], "k_pid_yaw": [0.5, 1e-06, 0.1], "k_pid_hsp": [0.14865534007549286, 0.0, 1.0], "k_pid_vsp": [17.033935546875, 381.64031982421875, 385.65582275390625]}, "datetime": {"datetime": "2025-08-14 05:28:33", "elapsed": 70841.44722867012, "delta": 28.950215101242065}, "costs": {"total_cost": 2548.0783277300657, "time_cost": 150, "final_distance_cost": 319.33387513328364, "oscillation_cost": 698.2108390628872, "completition_cost": 888.8888888888888, "overshoot_cost": 431.01014499655065, "power_cost": 33.268556311035155, "noise_cost": 27.36602333742027, "n_waypoints_completed": 1, "tot_waypoints": 9}}
{"target": -2029.2293963507614, "params": {"k_pid_pos": [2.0, 0.0, 0.04713067412376404], "k_pid_alt": [1.971474528312683, 0.0, 0.9481801986694336], "k_pid_att": [100.0, 0.0017233161488547921, 0.9897856712341309], "k_pid_yaw": [0.5, 1e-06, 0.1], "k_pid_hsp": [9.999999747378752e-05, 0.016259610652923584, 1.0], "k_pid_vsp": [0.0, 380.0196533203125, 376.02423095703125]}, "datetime": {"datetime": "2025-08-14 05:29:04", "elapsed": 70872.50759339333, "delta": 31.060364723205566}, "costs": {"total_cost": 2029.2293963507614, "time_cost": 150, "final_distance_cost": 38.503051586166364, "oscillation_cost": 715.4102808732971, "completition_cost": 888.8888888888888, "overshoot_cost": 125.35096741311122, "power_cost": 45.18480607910156, "noise_cost": 65.8914015101964, "n_waypoints_completed": 1, "tot_waypoints": 9}}
{"target": -3147.751763298368, "params": {"k_pid_pos": [2.0, 0.016914546489715576, 0.0], "k_pid_alt": [2.0, 0.0, 1.0], "k_pid_att": [96.4095687866211, 0.30334869027137756, 1.0], "k_pid_yaw": [0.5, 1e-06, 0.1], "k_pid_hsp": [0.8857234716415405, 0.0, 1.0], "k_pid_vsp": [2.630794048309326, 395.9694519042969, 400.0]}, "datetime": {"datetime": "2025-08-14 05:29:33", "elapsed": 70901.17032694817, "delta": 28.662733554840088}, "costs": {"total_cost": 3147.751763298368, "time_cost": 150, "final_distance_cost": 754.3991452797572, "oscillation_cost": 412.20971038229004, "completition_cost": 888.8888888888888, "overshoot_cost": 873.9533945511861, "power_cost": 37.18506085205078, "noise_cost": 31.115563344194943, "n_waypoints_completed": 1, "tot_waypoints": 9}}
{"target": -4810.228126431135, "params": {"k_pid_pos": [1.9951130151748657, 0.0, 0.005030035972595215], "k_pid_alt": [2.0, 0.0, 1.0], "k_pid_att": [100.0, 9.999999747378752e-05, 0.9783672094345093], "k_pid_yaw": [0.5, 1e-06, 0.1], "k_pid_hsp": [9.999999747378752e-05, 0.0, 1.0], "k_pid_vsp": [0.0, 400.0, 400.0]}, "datetime": {"datetime": "2025-08-14 05:30:02", "elapsed": 70930.31159090996, "delta": 29.141263961791992}, "costs": {"total_cost": 4810.228126431135, "time_cost": 150, "final_distance_cost": 1037.695317865614, "oscillation_cost": 852.7631191793428, "completition_cost": 1000.0, "overshoot_cost": 1707.3389428954933, "power_cost": 34.79861900634766, "noise_cost": 27.63212748433791, "n_waypoints_completed": 0, "tot_waypoints": 9}}
{"target": -2957.625358946284, "params": {"k_pid_pos": [1.8560945987701416, 0.0, 0.0], "k_pid_alt": [2.0, 0.10616686940193176, 0.9636134505271912], "k_pid_att": [98.21409606933594, 9.999999747378752e-05, 1.0], "k_pid_yaw": [0.5, 1e-06, 0.1], "k_pid_hsp": [9.999999747378752e-05, 0.05541446805000305, 0.9024229049682617], "k_pid_vsp": [6.694900989532471, 379.7512512207031, 400.0]}, "datetime": {"datetime": "2025-08-14 05:30:31", "elapsed": 70959.26465249062, "delta": 28.95306158065796}, "costs": {"total_cost": 2957.625358946284, "time_cost": 150, "final_distance_cost": 317.5763867276919, "oscillation_cost": 768.8611313611601, "completition_cost": 1000.0, "overshoot_cost": 662.0720056677033, "power_cost": 32.17714874267578, "noise_cost": 26.93868644705276, "n_waypoints_completed": 0, "tot_waypoints": 9}}
{"target": -1843.4355649496467, "params": {"k_pid_pos": [2.0, 0.023943990468978882, 0.0], "k_pid_alt": [2.0, 0.0, 0.9960865378379822], "k_pid_att": [99.6017074584961, 0.0378853902220726, 1.0], "k_pid_yaw": [0.5, 1e-06, 0.1], "k_pid_hsp": [0.5121646523475647, 0.01849636435508728, 0.953150749206543], "k_pid_vsp": [0.0, 387.84326171875, 400.0]}, "datetime": {"datetime": "2025-08-14 05:30:58", "elapsed": 70987.02339816093, "delta": 27.758745670318604}, "costs": {"total_cost": 1843.4355649496467, "time_cost": 150, "final_distance_cost": 42.85276376094627, "oscillation_cost": 476.26076575469745, "completition_cost": 888.8888888888888, "overshoot_cost": 156.77733157002461, "power_cost": 42.01859736328125, "noise_cost": 86.63721761180832, "n_waypoints_completed": 1, "tot_waypoints": 9}}
{"target": -3760.3887652003345, "params": {"k_pid_pos": [1.9248656034469604, 0.029965877532958984, 0.0], "k_pid_alt": [1.9051778316497803, 0.02075296640396118, 0.9833486080169678], "k_pid_att": [89.82093811035156, 0.5422208905220032, 0.9502477645874023], "k_pid_yaw": [0.5, 1e-06, 0.1], "k_pid_hsp": [0.33388563990592957, 0.032334864139556885, 0.9791178703308105], "k_pid_vsp": [0.0, 388.1858825683594, 400.0]}, "datetime": {"datetime": "2025-08-14 05:31:27", "elapsed": 71015.12076878548, "delta": 28.097370624542236}, "costs": {"total_cost": 3760.3887652003345, "time_cost": 150, "final_distance_cost": 811.4585496777114, "oscillation_cost": 715.3156109417916, "completition_cost": 1000.0, "overshoot_cost": 1020.5979979560105, "power_cost": 34.7275083984375, "noise_cost": 28.289098226383377, "n_waypoints_completed": 0, "tot_waypoints": 9}}
