{"target": -2315.3516848829768, "params": {"k_pid_pos": [1.961836576461792, 0.0, 0.06594234704971313], "k_pid_alt": [1.9110679626464844, 0.0, 0.9411061406135559], "k_pid_att": [98.8167953491211, 0.5045216083526611, 1.0], "k_pid_yaw": [0.5, 1e-06, 0.1], "k_pid_hsp": [9.999999747378752e-05, 0.0, 0.9705077409744263], "k_pid_vsp": [10.714662551879883, 375.72125244140625, 400.0]}, "datetime": {"datetime": "2025-08-13 20:51:37", "elapsed": 39826.05320310593, "delta": 29.017271280288696}, "costs": {"total_cost": 2315.3516848829768, "time_cost": 150, "final_distance_cost": 108.13521956862331, "oscillation_cost": 825.6392036596968, "completition_cost": 1000.0, "overshoot_cost": 164.1360948200373, "power_cost": 37.81822902832032, "noise_cost": 29.622937806298854, "n_waypoints_completed": 0, "tot_waypoints": 9}}
{"target": -3123.8039712198893, "params": {"k_pid_pos": [1.9258278608322144, 0.028834909200668335, 0.03137475252151489], "k_pid_alt": [2.0, 0.04600250720977783, 0.9737308621406555], "k_pid_att": [99.15870666503906, 9.999999747378752e-05, 1.0], "k_pid_yaw": [0.5, 1e-06, 0.1], "k_pid_hsp": [9.999999747378752e-05, 0.01379472017288208, 0.9206341505050659], "k_pid_vsp": [0.0, 400.0, 400.0]}, "datetime": {"datetime": "2025-08-13 20:52:07", "elapsed": 39855.08036875725, "delta": 29.02716565132141}, "costs": {"total_cost": 3123.8039712198893, "time_cost": 150, "final_distance_cost": 598.5277108564476, "oscillation_cost": 803.5293003072941, "completition_cost": 1000.0, "overshoot_cost": 509.77515449455547, "power_cost": 34.11185463867188, "noise_cost": 27.859950922920095, "n_waypoints_completed": 0, "tot_waypoints": 9}}
{"target": -1941.2065178834475, "params": {"k_pid_pos": [2.0, 0.15486425161361694, 0.0017462670803070068], "k_pid_alt": [1.767890453338623, 0.0013396143913269043, 0.957456111907959], "k_pid_att": [100.0, 0.10601222515106201, 0.9514411687850952], "k_pid_yaw": [0.5, 1e-06, 0.1], "k_pid_hsp": [0.4068940281867981, 0.025723814964294434, 0.981063723564148], "k_pid_vsp": [15.299236297607422, 400.0, 373.1036376953125]}, "datetime": {"datetime": "2025-08-13 20:52:35", "elapsed": 39883.44506764412, "delta": 28.364698886871338}, "costs": {"total_cost": 1941.2065178834475, "time_cost": 150, "final_distance_cost": 158.62094978518846, "oscillation_cost": 618.8274463820356, "completition_cost": 777.7777777777778, "overshoot_cost": 162.37115776397278, "power_cost": 39.54193280029297, "noise_cost": 34.06725337417987, "n_waypoints_completed": 2, "tot_waypoints": 9}}
{"target": -3561.2894658415466, "params": {"k_pid_pos": [1.8309487104415894, 0.0, 0.010893702507019043], "k_pid_alt": [2.0, 0.042548537254333496, 1.0], "k_pid_att": [100.0, 9.999999747378752e-05, 0.9778039455413818], "k_pid_yaw": [0.5, 1e-06, 0.1], "k_pid_hsp": [0.502377986907959, 0.0, 0.9768931865692139], "k_pid_vsp": [28.82119369506836, 388.602294921875, 382.4488525390625]}, "datetime": {"datetime": "2025-08-13 20:53:04", "elapsed": 39912.135036468506, "delta": 28.689968824386597}, "costs": {"total_cost": 3561.2894658415466, "time_cost": 150, "final_distance_cost": 549.6341495103819, "oscillation_cost": 824.1355378178733, "completition_cost": 1000.0, "overshoot_cost": 976.9853123191235, "power_cost": 32.8419171875, "noise_cost": 27.692549006667868, "n_waypoints_completed": 0, "tot_waypoints": 9}}
{"target": -2029.7469671783065, "params": {"k_pid_pos": [1.8717864751815796, 0.07743752002716064, 0.06260079145431519], "k_pid_alt": [2.0, 0.05095967650413513, 1.0], "k_pid_att": [91.77034759521484, 9.999999747378752e-05, 0.9600322246551514], "k_pid_yaw": [0.5, 1e-06, 0.1], "k_pid_hsp": [0.39648866653442383, 0.03156980872154236, 0.9629393219947815], "k_pid_vsp": [0.0, 400.0, 400.0]}, "datetime": {"datetime": "2025-08-13 20:53:34", "elapsed": 39942.08247041702, "delta": 29.947433948516846}, "costs": {"total_cost": 2029.7469671783065, "time_cost": 150, "final_distance_cost": 154.8730791361047, "oscillation_cost": 528.9313391482644, "completition_cost": 1000.0, "overshoot_cost": 116.08964958081488, "power_cost": 39.27905764160156, "noise_cost": 40.57384167152069, "n_waypoints_completed": 0, "tot_waypoints": 9}}
{"target": -2220.0866182785007, "params": {"k_pid_pos": [1.9556002616882324, 0.05033135414123535, 0.04158708453178406], "k_pid_alt": [2.0, 0.0, 0.9273914694786072], "k_pid_att": [100.0, 0.651369035243988, 0.9679678678512573], "k_pid_yaw": [0.5, 1e-06, 0.1], "k_pid_hsp": [0.16509532928466797, 0.05930298566818237, 0.9670459032058716], "k_pid_vsp": [9.780799865722656, 400.0, 385.291015625]}, "datetime": {"datetime": "2025-08-13 20:54:03", "elapsed": 39971.99941492081, "delta": 29.91694450378418}, "costs": {"total_cost": 2220.0866182785007, "time_cost": 150, "final_distance_cost": 57.39615848291597, "oscillation_cost": 735.8142820433073, "completition_cost": 1000.0, "overshoot_cost": 156.42977146625688, "power_cost": 42.804266735839846, "noise_cost": 77.64213955018029, "n_waypoints_completed": 0, "tot_waypoints": 9}}
{"target": -2143.852419515848, "params": {"k_pid_pos": [1.9728442430496216, 0.0, 0.06766939163208008], "k_pid_alt": [2.0, 0.0, 0.9919278621673584], "k_pid_att": [97.59037017822266, 0.42591041326522827, 1.0], "k_pid_yaw": [0.5, 1e-06, 0.1], "k_pid_hsp": [0.011480499058961868, 0.0, 1.0], "k_pid_vsp": [0.0, 385.20318603515625, 387.37994384765625]}, "datetime": {"datetime": "2025-08-13 20:54:33", "elapsed": 40001.427233695984, "delta": 29.427818775177002}, "costs": {"total_cost": 2143.852419515848, "time_cost": 150, "final_distance_cost": 67.61988220641744, "oscillation_cost": 767.3618528771775, "completition_cost": 888.8888888888888, "overshoot_cost": 149.8796581576707, "power_cost": 39.99640561523438, "noise_cost": 80.10573177045882, "n_waypoints_completed": 1, "tot_waypoints": 9}}
{"target": -1604.8051010950903, "params": {"k_pid_pos": [2.0, 0.0, 0.008735835552215576], "k_pid_alt": [2.0, 0.0, 1.0], "k_pid_att": [100.0, 0.6683800220489502, 0.9605817794799805], "k_pid_yaw": [0.5, 1e-06, 0.1], "k_pid_hsp": [0.43306052684783936, 0.0, 0.9593925476074219], "k_pid_vsp": [8.228981018066406, 400.0, 390.9674072265625]}, "datetime": {"datetime": "2025-08-13 20:55:02", "elapsed": 40030.53675818443, "delta": 29.109524488449097}, "costs": {"total_cost": 1604.8051010950903, "time_cost": 150, "final_distance_cost": 60.545484577532314, "oscillation_cost": 445.7854437257505, "completition_cost": 777.7777777777778, "overshoot_cost": 100.7946064345481, "power_cost": 38.33067653808594, "noise_cost": 31.57111204139572, "n_waypoints_completed": 2, "tot_waypoints": 9}}
{"target": -2170.4257761887534, "params": {"k_pid_pos": [2.0, 0.0, 0.0010882318019866943], "k_pid_alt": [2.0, 0.03684943914413452, 0.911095380783081], "k_pid_att": [100.0, 1.1424229145050049, 1.0], "k_pid_yaw": [0.5, 1e-06, 0.1], "k_pid_hsp": [0.10845300555229187, 0.0, 0.9782528281211853], "k_pid_vsp": [0.0, 400.0, 400.0]}, "datetime": {"datetime": "2025-08-13 20:55:31", "elapsed": 40059.886195898056, "delta": 29.349437713623047}, "costs": {"total_cost": 2170.4257761887534, "time_cost": 150, "final_distance_cost": 18.285106648158493, "oscillation_cost": 728.1552473006673, "completition_cost": 1000.0, "overshoot_cost": 170.75534133037343, "power_cost": 41.393195654296875, "noise_cost": 61.83688525525709, "n_waypoints_completed": 0, "tot_waypoints": 9}}
{"target": -1778.6971145730283, "params": {"k_pid_pos": [1.9707064628601074, 0.03159373998641968, 0.054818689823150635], "k_pid_alt": [1.9211926460266113, 0.0, 1.0], "k_pid_att": [93.9398422241211, 0.7400839924812317, 0.9457387924194336], "k_pid_yaw": [0.5, 1e-06, 0.1], "k_pid_hsp": [1.3761941194534302, 0.0, 0.9546009302139282], "k_pid_vsp": [16.236007690429688, 400.0, 400.0]}, "datetime": {"datetime": "2025-08-13 20:56:01", "elapsed": 40089.14503312111, "delta": 29.25883722305298}, "costs": {"total_cost": 1778.6971145730283, "time_cost": 150, "final_distance_cost": 52.585089409349465, "oscillation_cost": 425.2701279358788, "completition_cost": 888.8888888888888, "overshoot_cost": 131.39281703737726, "power_cost": 39.771791064453126, "noise_cost": 90.78840023708077, "n_waypoints_completed": 1, "tot_waypoints": 9}}
{"target": -5399.716911442591, "params": {"k_pid_pos": [2.0, 0.0006889402866363525, 0.0], "k_pid_alt": [2.0, 0.0, 0.9926960468292236], "k_pid_att": [100.0, 0.7669415473937988, 1.0], "k_pid_yaw": [0.5, 1e-06, 0.1], "k_pid_hsp": [0.12352985143661499, 0.04745945334434509, 0.9344808459281921], "k_pid_vsp": [0.0, 400.0, 400.0]}, "datetime": {"datetime": "2025-08-13 20:56:31", "elapsed": 40119.085282325745, "delta": 29.94024920463562}, "costs": {"total_cost": 5399.716911442591, "time_cost": 150, "final_distance_cost": 1282.5684657124707, "oscillation_cost": 783.4539661212846, "completition_cost": 1000.0, "overshoot_cost": 2120.243370043756, "power_cost": 35.196601074218755, "noise_cost": 28.254508490860378, "n_waypoints_completed": 0, "tot_waypoints": 9}}
{"target": -4167.754068799568, "params": {"k_pid_pos": [2.0, 0.0, 0.0668540894985199], "k_pid_alt": [2.0, 0.0, 1.0], "k_pid_att": [100.0, 1.3580429553985596, 0.9001140594482422], "k_pid_yaw": [0.5, 1e-06, 0.1], "k_pid_hsp": [0.3852825164794922, 0.0, 0.9954631328582764], "k_pid_vsp": [0.0, 400.0, 400.0]}, "datetime": {"datetime": "2025-08-13 20:56:59", "elapsed": 40147.97678041458, "delta": 28.89149808883667}, "costs": {"total_cost": 4167.754068799568, "time_cost": 150, "final_distance_cost": 959.8570099506492, "oscillation_cost": 780.5423140053409, "completition_cost": 1000.0, "overshoot_cost": 1214.4889574081517, "power_cost": 34.57703856201172, "noise_cost": 28.28874887341504, "n_waypoints_completed": 0, "tot_waypoints": 9}}
{"target": -2070.2358632816863, "params": {"k_pid_pos": [2.0, 0.0, 0.020025163888931274], "k_pid_alt": [1.9313602447509766, 0.03987622261047363, 1.0], "k_pid_att": [99.73579406738281, 0.21743036806583405, 1.0], "k_pid_yaw": [0.5, 1e-06, 0.1], "k_pid_hsp": [9.999999747378752e-05, 0.0, 0.9715157747268677], "k_pid_vsp": [6.633031368255615, 400.0, 400.0]}, "datetime": {"datetime": "2025-08-13 20:57:29", "elapsed": 40177.27300596237, "delta": 29.296225547790527}, "costs": {"total_cost": 2070.2358632816863, "time_cost": 150, "final_distance_cost": 43.07688156682626, "oscillation_cost": 782.9644672825768, "completition_cost": 1000.0, "overshoot_cost": 27.81929919631831, "power_cost": 37.972520446777345, "noise_cost": 28.4026947891876, "n_waypoints_completed": 0, "tot_waypoints": 9}}
{"target": -2079.7147863445075, "params": {"k_pid_pos": [2.0, 0.026224285364151, 0.0], "k_pid_alt": [2.0, 0.0, 1.0], "k_pid_att": [96.31067657470703, 0.7146348357200623, 0.9612538814544678], "k_pid_yaw": [0.5, 1e-06, 0.1], "k_pid_hsp": [9.999999747378752e-05, 0.0, 0.9896199703216553], "k_pid_vsp": [0.0, 400.0, 383.7567138671875]}, "datetime": {"datetime": "2025-08-13 20:57:59", "elapsed": 40207.670706510544, "delta": 30.397700548171997}, "costs": {"total_cost": 2079.7147863445075, "time_cost": 150, "final_distance_cost": 46.91615740033956, "oscillation_cost": 758.3718037691332, "completition_cost": 1000.0, "overshoot_cost": 48.907148818917285, "power_cost": 39.74175953369141, "noise_cost": 35.77791682242598, "n_waypoints_completed": 0, "tot_waypoints": 9}}
{"target": -2184.7390524209686, "params": {"k_pid_pos": [2.0, 0.0, 0.05269479751586914], "k_pid_alt": [2.0, 0.03257542848587036, 0.9993106722831726], "k_pid_att": [96.89911651611328, 9.999999747378752e-05, 0.9375509023666382], "k_pid_yaw": [0.5, 1e-06, 0.1], "k_pid_hsp": [9.999999747378752e-05, 0.0, 1.0], "k_pid_vsp": [37.568782806396484, 400.0, 348.15814208984375]}, "datetime": {"datetime": "2025-08-13 20:58:28", "elapsed": 40236.748242139816, "delta": 29.07753562927246}, "costs": {"total_cost": 2184.7390524209686, "time_cost": 150, "final_distance_cost": 62.237313727752216, "oscillation_cost": 754.1216476015418, "completition_cost": 1000.0, "overshoot_cost": 151.958601684044, "power_cost": 37.743129357910156, "noise_cost": 28.67836004972007, "n_waypoints_completed": 0, "tot_waypoints": 9}}
{"target": -3648.1826558148787, "params": {"k_pid_pos": [2.0, 0.0, 0.060235559940338135], "k_pid_alt": [2.0, 0.013573944568634033, 1.0], "k_pid_att": [100.0, 0.3708818554878235, 1.0], "k_pid_yaw": [0.5, 1e-06, 0.1], "k_pid_hsp": [9.999999747378752e-05, 0.0, 0.881694495677948], "k_pid_vsp": [8.053350448608398, 400.0, 400.0]}, "datetime": {"datetime": "2025-08-13 20:58:58", "elapsed": 40266.1555147171, "delta": 29.407272577285767}, "costs": {"total_cost": 3648.1826558148787, "time_cost": 150, "final_distance_cost": 821.0219266020973, "oscillation_cost": 861.5872432343111, "completition_cost": 1000.0, "overshoot_cost": 748.9997079592831, "power_cost": 37.698697949218754, "noise_cost": 28.875080069968057, "n_waypoints_completed": 0, "tot_waypoints": 9}}
{"target": -2110.1388348561773, "params": {"k_pid_pos": [1.858803391456604, 0.011918723583221436, 0.005241304636001587], "k_pid_alt": [1.975750207901001, 0.0, 0.9741079807281494], "k_pid_att": [100.0, 9.999999747378752e-05, 1.0], "k_pid_yaw": [0.5, 1e-06, 0.1], "k_pid_hsp": [0.01321467850357294, 0.015561997890472412, 1.0], "k_pid_vsp": [11.018049240112305, 400.0, 384.9058532714844]}, "datetime": {"datetime": "2025-08-13 20:59:28", "elapsed": 40296.25640654564, "delta": 30.100891828536987}, "costs": {"total_cost": 2110.1388348561773, "time_cost": 150, "final_distance_cost": 62.28895956843363, "oscillation_cost": 755.8409513900125, "completition_cost": 1000.0, "overshoot_cost": 68.52233055080018, "power_cost": 38.50964036865235, "noise_cost": 34.97695297827843, "n_waypoints_completed": 0, "tot_waypoints": 9}}
{"target": -2411.696306120876, "params": {"k_pid_pos": [2.0, 0.0, 0.0], "k_pid_alt": [2.0, 0.0, 0.9642194509506226], "k_pid_att": [98.3956069946289, 9.999999747378752e-05, 0.9833295941352844], "k_pid_yaw": [0.5, 1e-06, 0.1], "k_pid_hsp": [0.4651826322078705, 0.0, 0.9769222736358643], "k_pid_vsp": [0.0, 381.8386535644531, 400.0]}, "datetime": {"datetime": "2025-08-13 20:59:57", "elapsed": 40325.793862342834, "delta": 29.537455797195435}, "costs": {"total_cost": 2411.696306120876, "time_cost": 150, "final_distance_cost": 438.6915652265373, "oscillation_cost": 583.2796319960777, "completition_cost": 888.8888888888888, "overshoot_cost": 285.7891260334275, "power_cost": 36.31256365966797, "noise_cost": 28.734530316276988, "n_waypoints_completed": 1, "tot_waypoints": 9}}
{"target": -6690.636413074148, "params": {"k_pid_pos": [2.0, 0.0, 0.08332210779190063], "k_pid_alt": [1.9690029621124268, 0.0033749043941497803, 1.0], "k_pid_att": [100.0, 0.46527084708213806, 0.9511520862579346], "k_pid_yaw": [0.5, 1e-06, 0.1], "k_pid_hsp": [0.487914115190506, 0.0, 0.9781652688980103], "k_pid_vsp": [0.0, 390.31781005859375, 400.0]}, "datetime": {"datetime": "2025-08-13 21:00:26", "elapsed": 40354.93490934372, "delta": 29.14104700088501}, "costs": {"total_cost": 6690.636413074148, "time_cost": 150, "final_distance_cost": 1774.1178274670024, "oscillation_cost": 665.9846243989723, "completition_cost": 1000.0, "overshoot_cost": 3037.749511764998, "power_cost": 34.49544659423828, "noise_cost": 28.289002848937788, "n_waypoints_completed": 0, "tot_waypoints": 9}}
{"target": -3254.053627901181, "params": {"k_pid_pos": [1.9921094179153442, 0.0, 0.006911605596542358], "k_pid_alt": [1.9184770584106445, 0.0, 0.9722390174865723], "k_pid_att": [98.7793197631836, 9.999999747378752e-05, 0.9652997255325317], "k_pid_yaw": [0.5, 1e-06, 0.1], "k_pid_hsp": [0.06487172096967697, 0.07771122455596924, 1.0], "k_pid_vsp": [1.6921758651733398, 400.0, 400.0]}, "datetime": {"datetime": "2025-08-13 21:00:56", "elapsed": 40384.73253655434, "delta": 29.797627210617065}, "costs": {"total_cost": 3254.053627901181, "time_cost": 150, "final_distance_cost": 591.892455619613, "oscillation_cost": 834.9045148825196, "completition_cost": 1000.0, "overshoot_cost": 613.9476592807363, "power_cost": 35.1032927734375, "noise_cost": 28.205705344874314, "n_waypoints_completed": 0, "tot_waypoints": 9}}
{"target": -2131.509967790433, "params": {"k_pid_pos": [2.0, 0.03749510645866394, 0.0], "k_pid_alt": [2.0, 0.0, 1.0], "k_pid_att": [100.0, 9.999999747378752e-05, 1.0], "k_pid_yaw": [0.5, 1e-06, 0.1], "k_pid_hsp": [0.055536236613988876, 0.0, 1.0], "k_pid_vsp": [0.0, 369.18798828125, 397.0915832519531]}, "datetime": {"datetime": "2025-08-13 21:01:26", "elapsed": 40415.00950860977, "delta": 30.27697205543518}, "costs": {"total_cost": 2131.509967790433, "time_cost": 150, "final_distance_cost": 51.5854840909499, "oscillation_cost": 714.3369574623467, "completition_cost": 1000.0, "overshoot_cost": 138.9264719595193, "power_cost": 40.06052556152344, "noise_cost": 36.60052871609384, "n_waypoints_completed": 0, "tot_waypoints": 9}}
{"target": -6738.546501753438, "params": {"k_pid_pos": [2.0, 0.022571086883544922, 0.058165520429611206], "k_pid_alt": [1.8700473308563232, 0.036993175745010376, 0.9858242273330688], "k_pid_att": [100.0, 9.999999747378752e-05, 0.995862603187561], "k_pid_yaw": [0.5, 1e-06, 0.1], "k_pid_hsp": [9.999999747378752e-05, 0.0008271634578704834, 1.0], "k_pid_vsp": [0.0, 392.77374267578125, 400.0]}, "datetime": {"datetime": "2025-08-13 21:01:56", "elapsed": 40444.718781232834, "delta": 29.709272623062134}, "costs": {"total_cost": 6738.546501753438, "time_cost": 150, "final_distance_cost": 1628.171042401335, "oscillation_cost": 716.1270629016998, "completition_cost": 1000.0, "overshoot_cost": 3182.0988814128755, "power_cost": 34.30767491455078, "noise_cost": 27.841840122976645, "n_waypoints_completed": 0, "tot_waypoints": 9}}
{"target": -2648.0607946981313, "params": {"k_pid_pos": [2.0, 0.0, 0.08456045389175415], "k_pid_alt": [1.8786647319793701, 0.08635187149047852, 0.8770793080329895], "k_pid_att": [98.21025085449219, 0.005383302457630634, 1.0], "k_pid_yaw": [0.5, 1e-06, 0.1], "k_pid_hsp": [9.999999747378752e-05, 0.042704105377197266, 0.9773204326629639], "k_pid_vsp": [19.804264068603516, 390.73272705078125, 384.37860107421875]}, "datetime": {"datetime": "2025-08-13 21:02:25", "elapsed": 40473.49551153183, "delta": 28.77673029899597}, "costs": {"total_cost": 2648.0607946981313, "time_cost": 150, "final_distance_cost": 338.3138294084636, "oscillation_cost": 777.9072676723823, "completition_cost": 1000.0, "overshoot_cost": 322.1329694571844, "power_cost": 32.84909468994141, "noise_cost": 26.857633470159257, "n_waypoints_completed": 0, "tot_waypoints": 9}}
{"target": -3228.033482189576, "params": {"k_pid_pos": [2.0, 0.08589974045753479, 0.0], "k_pid_alt": [1.8628168106079102, 0.0003928840160369873, 0.9404211640357971], "k_pid_att": [100.0, 0.2047153264284134, 1.0], "k_pid_yaw": [0.5, 1e-06, 0.1], "k_pid_hsp": [0.854468584060669, 0.029023855924606323, 1.0], "k_pid_vsp": [0.0, 400.0, 400.0]}, "datetime": {"datetime": "2025-08-13 21:02:55", "elapsed": 40503.61157464981, "delta": 30.116063117980957}, "costs": {"total_cost": 3228.033482189576, "time_cost": 150, "final_distance_cost": 740.4671454419159, "oscillation_cost": 510.3928962829129, "completition_cost": 888.8888888888888, "overshoot_cost": 872.6753490519502, "power_cost": 36.15906838378906, "noise_cost": 29.450134140118585, "n_waypoints_completed": 1, "tot_waypoints": 9}}
{"target": -2665.5196932949993, "params": {"k_pid_pos": [2.0, 0.018684864044189453, 0.0], "k_pid_alt": [2.0, 0.08135703206062317, 1.0], "k_pid_att": [100.0, 9.999999747378752e-05, 1.0], "k_pid_yaw": [0.5, 1e-06, 0.1], "k_pid_hsp": [9.999999747378752e-05, 0.0, 0.9932817220687866], "k_pid_vsp": [5.31390905380249, 386.73968505859375, 395.4286193847656]}, "datetime": {"datetime": "2025-08-13 21:03:25", "elapsed": 40533.372940301895, "delta": 29.76136565208435}, "costs": {"total_cost": 2665.5196932949993, "time_cost": 150, "final_distance_cost": 239.87289189621248, "oscillation_cost": 721.1044796552558, "completition_cost": 888.8888888888888, "overshoot_cost": 602.57770773694, "power_cost": 35.03598688964844, "noise_cost": 28.039738228053274, "n_waypoints_completed": 1, "tot_waypoints": 9}}
{"target": -1995.4434289389692, "params": {"k_pid_pos": [2.0, 0.05984485149383545, 0.08090800046920776], "k_pid_alt": [1.9303252696990967, 0.059469074010849, 0.9045031666755676], "k_pid_att": [93.8050765991211, 0.3339553773403168, 0.9251659512519836], "k_pid_yaw": [0.5, 1e-06, 0.1], "k_pid_hsp": [0.6432151794433594, 0.0, 0.9429369568824768], "k_pid_vsp": [2.1076440811157227, 398.88958740234375, 382.0231018066406]}, "datetime": {"datetime": "2025-08-13 21:03:55", "elapsed": 40563.31659603119, "delta": 29.943655729293823}, "costs": {"total_cost": 1995.4434289389692, "time_cost": 150, "final_distance_cost": 52.92355961626894, "oscillation_cost": 597.7489050917219, "completition_cost": 888.8888888888888, "overshoot_cost": 153.16668274361896, "power_cost": 43.80034743652344, "noise_cost": 108.91504516194718, "n_waypoints_completed": 1, "tot_waypoints": 9}}
{"target": -3037.289566451763, "params": {"k_pid_pos": [1.9333348274230957, 0.0, 0.0], "k_pid_alt": [1.9668049812316895, 0.01171034574508667, 0.9897710084915161], "k_pid_att": [100.0, 9.999999747378752e-05, 1.0], "k_pid_yaw": [0.5, 1e-06, 0.1], "k_pid_hsp": [9.999999747378752e-05, 0.0, 1.0], "k_pid_vsp": [0.0, 400.0, 400.0]}, "datetime": {"datetime": "2025-08-13 21:04:25", "elapsed": 40593.30870842934, "delta": 29.992112398147583}, "costs": {"total_cost": 3037.289566451763, "time_cost": 150, "final_distance_cost": 551.0655558786335, "oscillation_cost": 786.4569694949039, "completition_cost": 888.8888888888888, "overshoot_cost": 598.0718803437336, "power_cost": 34.82122938232422, "noise_cost": 27.985042463279093, "n_waypoints_completed": 1, "tot_waypoints": 9}}
