{"target": -2210.3826468674333, "params": {"k_pid_pos": [1.9436748027801514, 0.13167181611061096, 0.0001838207244873047], "k_pid_alt": [1.9997490644454956, 0.015155673027038574, 1.0], "k_pid_att": [95.29586029052734, 9.999999747378752e-05, 1.0], "k_pid_yaw": [0.5, 1e-06, 0.1], "k_pid_hsp": [9.999999747378752e-05, 0.02005419135093689, 0.9104347229003906], "k_pid_vsp": [10.391485214233398, 369.67889404296875, 400.0]}, "datetime": {"datetime": "2025-08-14 00:55:20", "elapsed": 54448.171620607376, "delta": 30.36502432823181}, "costs": {"total_cost": 2210.3826468674333, "time_cost": 150, "final_distance_cost": 82.45050068975254, "oscillation_cost": 716.8210252758337, "completition_cost": 1000.0, "overshoot_cost": 190.9658225529233, "power_cost": 40.838318908691406, "noise_cost": 29.30697944023256, "n_waypoints_completed": 0, "tot_waypoints": 9}}
{"target": -2183.365463438282, "params": {"k_pid_pos": [1.8070205450057983, 0.0, 0.0], "k_pid_alt": [2.0, 0.0, 0.943134069442749], "k_pid_att": [100.0, 0.5411390662193298, 1.0], "k_pid_yaw": [0.5, 1e-06, 0.1], "k_pid_hsp": [9.999999747378752e-05, 0.030755162239074707, 0.9947012066841125], "k_pid_vsp": [0.0, 400.0, 400.0]}, "datetime": {"datetime": "2025-08-14 00:55:51", "elapsed": 54479.090039014816, "delta": 30.918418407440186}, "costs": {"total_cost": 2183.365463438282, "time_cost": 150, "final_distance_cost": 70.24201396041359, "oscillation_cost": 737.6517780178092, "completition_cost": 1000.0, "overshoot_cost": 158.70774294671284, "power_cost": 38.422572949218754, "noise_cost": 28.34135556412788, "n_waypoints_completed": 0, "tot_waypoints": 9}}
{"target": -2324.8502794240862, "params": {"k_pid_pos": [1.9930205345153809, 0.0, 0.0], "k_pid_alt": [2.0, 0.0, 1.0], "k_pid_att": [98.61885070800781, 9.999999747378752e-05, 0.9763450622558594], "k_pid_yaw": [0.5, 1e-06, 0.1], "k_pid_hsp": [9.999999747378752e-05, 0.09049338102340698, 1.0], "k_pid_vsp": [10.438430786132812, 400.0, 400.0]}, "datetime": {"datetime": "2025-08-14 00:56:21", "elapsed": 54509.20520782471, "delta": 30.115168809890747}, "costs": {"total_cost": 2324.8502794240862, "time_cost": 150, "final_distance_cost": 76.4256055005284, "oscillation_cost": 802.7112941369162, "completition_cost": 1000.0, "overshoot_cost": 235.25087944841147, "power_cost": 33.99100749511719, "noise_cost": 26.47149284311306, "n_waypoints_completed": 0, "tot_waypoints": 9}}
{"target": -8015.305495140466, "params": {"k_pid_pos": [1.8779244422912598, 0.0, 0.02761748433113098], "k_pid_alt": [1.9796035289764404, 0.0, 1.0], "k_pid_att": [95.35382080078125, 9.999999747378752e-05, 0.9046837687492371], "k_pid_yaw": [0.5, 1e-06, 0.1], "k_pid_hsp": [0.23355504870414734, 0.012660473585128784, 1.0], "k_pid_vsp": [5.654191970825195, 381.27587890625, 400.0]}, "datetime": {"datetime": "2025-08-14 00:56:50", "elapsed": 54538.788532972336, "delta": 29.583325147628784}, "costs": {"total_cost": 8015.305495140466, "time_cost": 150, "final_distance_cost": 2124.563468796431, "oscillation_cost": 804.7696004582715, "completition_cost": 1000.0, "overshoot_cost": 3875.6669360096125, "power_cost": 32.8377921875, "noise_cost": 27.467697688650244, "n_waypoints_completed": 0, "tot_waypoints": 9}}
{"target": -3083.668547674036, "params": {"k_pid_pos": [1.8370333909988403, 0.06942296028137207, 0.0], "k_pid_alt": [1.8100930452346802, 0.006010949611663818, 1.0], "k_pid_att": [100.0, 0.8526888489723206, 0.9509797096252441], "k_pid_yaw": [0.5, 1e-06, 0.1], "k_pid_hsp": [9.999999747378752e-05, 0.021962851285934448, 1.0], "k_pid_vsp": [0.0, 400.0, 376.6127014160156]}, "datetime": {"datetime": "2025-08-14 00:57:20", "elapsed": 54568.60171866417, "delta": 29.813185691833496}, "costs": {"total_cost": 3083.668547674036, "time_cost": 150, "final_distance_cost": 618.5860373828436, "oscillation_cost": 765.9643597540683, "completition_cost": 1000.0, "overshoot_cost": 484.58521015594334, "power_cost": 36.20582058105469, "noise_cost": 28.327119800126397, "n_waypoints_completed": 0, "tot_waypoints": 9}}
{"target": -2017.7903656690166, "params": {"k_pid_pos": [1.753015398979187, 0.005587100982666016, 0.06957495212554932], "k_pid_alt": [1.8648017644882202, 0.032348811626434326, 1.0], "k_pid_att": [92.77674865722656, 9.999999747378752e-05, 0.9826653003692627], "k_pid_yaw": [0.5, 1e-06, 0.1], "k_pid_hsp": [0.5433411598205566, 0.0, 1.0], "k_pid_vsp": [0.0, 387.5809326171875, 400.0]}, "datetime": {"datetime": "2025-08-14 00:57:50", "elapsed": 54598.8263361454, "delta": 30.22461748123169}, "costs": {"total_cost": 2017.7903656690166, "time_cost": 150, "final_distance_cost": 56.32942586841634, "oscillation_cost": 627.7022733933894, "completition_cost": 888.8888888888888, "overshoot_cost": 153.62514272406284, "power_cost": 43.81353937988281, "noise_cost": 97.43109541437649, "n_waypoints_completed": 1, "tot_waypoints": 9}}
{"target": -2653.750013082852, "params": {"k_pid_pos": [2.0, 0.0, 0.06411093473434448], "k_pid_alt": [2.0, 0.05107581615447998, 1.0], "k_pid_att": [87.77366638183594, 0.3148740231990814, 0.96233069896698], "k_pid_yaw": [0.5, 1e-06, 0.1], "k_pid_hsp": [0.30617958307266235, 0.0, 0.9718515872955322], "k_pid_vsp": [4.80494499206543, 396.4200134277344, 400.0]}, "datetime": {"datetime": "2025-08-14 00:58:21", "elapsed": 54629.36714267731, "delta": 30.540806531906128}, "costs": {"total_cost": 2653.750013082852, "time_cost": 150, "final_distance_cost": 305.9468944338295, "oscillation_cost": 680.8590470762268, "completition_cost": 1000.0, "overshoot_cost": 453.6570571220253, "power_cost": 34.87225069580078, "noise_cost": 28.414763754969968, "n_waypoints_completed": 0, "tot_waypoints": 9}}
{"target": -2170.858674288163, "params": {"k_pid_pos": [1.9428993463516235, 0.017651647329330444, 0.0], "k_pid_alt": [1.9766623973846436, 0.0573502779006958, 0.9550466537475586], "k_pid_att": [100.0, 0.5500731468200684, 0.9435341954231262], "k_pid_yaw": [0.5, 1e-06, 0.1], "k_pid_hsp": [9.999999747378752e-05, 0.0, 1.0], "k_pid_vsp": [22.180641174316406, 391.38720703125, 400.0]}, "datetime": {"datetime": "2025-08-14 00:58:51", "elapsed": 54659.75649499893, "delta": 30.389352321624756}, "costs": {"total_cost": 2170.858674288163, "time_cost": 150, "final_distance_cost": 51.30305212153488, "oscillation_cost": 720.2227093457999, "completition_cost": 1000.0, "overshoot_cost": 136.12648994532003, "power_cost": 47.37835065917969, "noise_cost": 65.82807221632854, "n_waypoints_completed": 0, "tot_waypoints": 9}}
{"target": -5698.616838294627, "params": {"k_pid_pos": [2.0, 0.0, 0.0], "k_pid_alt": [1.9838323593139648, 0.10628959536552429, 0.8873846530914307], "k_pid_att": [87.2568588256836, 0.36240318417549133, 1.0], "k_pid_yaw": [0.5, 1e-06, 0.1], "k_pid_hsp": [0.015053761191666126, 0.0, 0.9888604879379272], "k_pid_vsp": [0.0, 389.5039978027344, 399.24322509765625]}, "datetime": {"datetime": "2025-08-14 00:59:20", "elapsed": 54688.63405966759, "delta": 28.877564668655396}, "costs": {"total_cost": 5698.616838294627, "time_cost": 150, "final_distance_cost": 1380.6428174665014, "oscillation_cost": 721.0173584077756, "completition_cost": 1000.0, "overshoot_cost": 2383.8803030503614, "power_cost": 34.876104931640626, "noise_cost": 28.200254438347677, "n_waypoints_completed": 0, "tot_waypoints": 9}}
{"target": -2124.064042018569, "params": {"k_pid_pos": [2.0, 0.012672215700149536, 0.06309324502944946], "k_pid_alt": [1.948495864868164, 0.1137799322605133, 1.0], "k_pid_att": [94.2265396118164, 0.3196277618408203, 0.9680495858192444], "k_pid_yaw": [0.5, 1e-06, 0.1], "k_pid_hsp": [9.999999747378752e-05, 0.04191851615905762, 0.9939849972724915], "k_pid_vsp": [5.064117908477783, 379.0471496582031, 375.1676025390625]}, "datetime": {"datetime": "2025-08-14 00:59:52", "elapsed": 54720.314323186874, "delta": 31.68026351928711}, "costs": {"total_cost": 2124.064042018569, "time_cost": 150, "final_distance_cost": 46.12018455258668, "oscillation_cost": 755.83011014039, "completition_cost": 1000.0, "overshoot_cost": 95.21928053977848, "power_cost": 38.707083105468755, "noise_cost": 38.187383680344965, "n_waypoints_completed": 0, "tot_waypoints": 9}}
{"target": -1377.4869472681166, "params": {"k_pid_pos": [1.9797494411468506, 0.0, 0.0], "k_pid_alt": [2.0, 0.05670589208602905, 0.9381970167160034], "k_pid_att": [91.32258605957031, 9.999999747378752e-05, 0.9910678863525391], "k_pid_yaw": [0.5, 1e-06, 0.1], "k_pid_hsp": [0.8195018768310547, 0.0, 1.0], "k_pid_vsp": [24.83106803894043, 400.0, 392.8341369628906]}, "datetime": {"datetime": "2025-08-14 01:00:25", "elapsed": 54753.72422862053, "delta": 33.409905433654785}, "costs": {"total_cost": 1377.4869472681166, "time_cost": 150, "final_distance_cost": 60.74113406335065, "oscillation_cost": 340.57454697319463, "completition_cost": 666.6666666666667, "overshoot_cost": 92.65528218441762, "power_cost": 37.286413208007815, "noise_cost": 29.56290417247936, "n_waypoints_completed": 3, "tot_waypoints": 9}}
{"target": -3447.5963564350436, "params": {"k_pid_pos": [1.9951121807098389, 0.06718707084655762, 0.0], "k_pid_alt": [1.9065568447113037, 0.017818212509155273, 1.0], "k_pid_att": [97.69261169433594, 0.5642779469490051, 0.971385657787323], "k_pid_yaw": [0.5, 1e-06, 0.1], "k_pid_hsp": [0.4306846857070923, 0.0, 0.9841197729110718], "k_pid_vsp": [0.0, 400.0, 400.0]}, "datetime": {"datetime": "2025-08-14 01:00:56", "elapsed": 54784.69828724861, "delta": 30.974058628082275}, "costs": {"total_cost": 3447.5963564350436, "time_cost": 150, "final_distance_cost": 860.732245717493, "oscillation_cost": 730.406054224068, "completition_cost": 888.8888888888888, "overshoot_cost": 754.6582223403473, "power_cost": 34.575086560058594, "noise_cost": 28.335858704187878, "n_waypoints_completed": 1, "tot_waypoints": 9}}
{"target": -1791.001685861606, "params": {"k_pid_pos": [1.7971352338790894, 0.0, 0.0], "k_pid_alt": [1.9835740327835083, 0.025822818279266357, 1.0], "k_pid_att": [100.0, 9.999999747378752e-05, 1.0], "k_pid_yaw": [0.5, 1e-06, 0.1], "k_pid_hsp": [0.24064673483371735, 0.0, 0.9500089883804321], "k_pid_vsp": [24.06493377685547, 400.0, 365.38555908203125]}, "datetime": {"datetime": "2025-08-14 01:01:25", "elapsed": 54813.62850737572, "delta": 28.930220127105713}, "costs": {"total_cost": 1791.001685861606, "time_cost": 150, "final_distance_cost": 63.115536090924046, "oscillation_cost": 528.687320079794, "completition_cost": 777.7777777777778, "overshoot_cost": 198.71747805129078, "power_cost": 37.9595457397461, "noise_cost": 34.744028122073466, "n_waypoints_completed": 2, "tot_waypoints": 9}}
{"target": -2105.151433958749, "params": {"k_pid_pos": [2.0, 0.0, 0.05036187171936035], "k_pid_alt": [1.8160699605941772, 8.985400199890137e-05, 0.9809987545013428], "k_pid_att": [96.70928955078125, 0.4549304246902466, 0.9713325500488281], "k_pid_yaw": [0.5, 1e-06, 0.1], "k_pid_hsp": [0.11073494702577591, 0.0, 0.9924030900001526], "k_pid_vsp": [4.802310466766357, 352.26611328125, 400.0]}, "datetime": {"datetime": "2025-08-14 01:01:58", "elapsed": 54846.180834531784, "delta": 32.552327156066895}, "costs": {"total_cost": 2105.151433958749, "time_cost": 150, "final_distance_cost": 8.794527331604744, "oscillation_cost": 702.2045100344907, "completition_cost": 1000.0, "overshoot_cost": 132.7743609098287, "power_cost": 41.22289580078125, "noise_cost": 70.15513988204351, "n_waypoints_completed": 0, "tot_waypoints": 9}}
{"target": -5839.914048651021, "params": {"k_pid_pos": [2.0, 0.04235917329788208, 0.050137341022491455], "k_pid_alt": [1.9120122194290161, 0.0, 0.9651163816452026], "k_pid_att": [95.05464172363281, 9.999999747378752e-05, 0.9928008913993835], "k_pid_yaw": [0.5, 1e-06, 0.1], "k_pid_hsp": [9.999999747378752e-05, 0.02838096022605896, 0.9249605536460876], "k_pid_vsp": [4.111731052398682, 395.072998046875, 400.0]}, "datetime": {"datetime": "2025-08-14 01:02:28", "elapsed": 54876.38458228111, "delta": 30.203747749328613}, "costs": {"total_cost": 5839.914048651021, "time_cost": 150, "final_distance_cost": 1014.8939508955489, "oscillation_cost": 799.40039379076, "completition_cost": 1000.0, "overshoot_cost": 2812.4311056213933, "power_cost": 35.30131258544922, "noise_cost": 27.887285757869723, "n_waypoints_completed": 0, "tot_waypoints": 9}}
{"target": -2029.9623681493563, "params": {"k_pid_pos": [2.0, 0.0, 0.0], "k_pid_alt": [2.0, 0.0032996833324432373, 0.946445643901825], "k_pid_att": [89.18502044677734, 0.4723425507545471, 0.9572421312332153], "k_pid_yaw": [0.5, 1e-06, 0.1], "k_pid_hsp": [1.4057708978652954, 0.0, 0.9959784746170044], "k_pid_vsp": [9.682512283325195, 383.61376953125, 400.0]}, "datetime": {"datetime": "2025-08-14 01:02:56", "elapsed": 54904.825187921524, "delta": 28.440605640411377}, "costs": {"total_cost": 2029.9623681493563, "time_cost": 150, "final_distance_cost": 51.64073460813898, "oscillation_cost": 632.1476713054489, "completition_cost": 888.8888888888888, "overshoot_cost": 143.9121948455176, "power_cost": 47.87521890869141, "noise_cost": 115.49765959267047, "n_waypoints_completed": 1, "tot_waypoints": 9}}
{"target": -2751.5946060394385, "params": {"k_pid_pos": [1.9032267332077026, 0.02032068371772766, 0.0], "k_pid_alt": [1.8847819566726685, 0.0, 1.0], "k_pid_att": [100.0, 0.2894901633262634, 1.0], "k_pid_yaw": [0.5, 1e-06, 0.1], "k_pid_hsp": [0.15859639644622803, 0.06218478083610535, 0.9872385263442993], "k_pid_vsp": [14.963364601135254, 395.78173828125, 394.66766357421875]}, "datetime": {"datetime": "2025-08-14 01:03:28", "elapsed": 54936.91092991829, "delta": 32.08574199676514}, "costs": {"total_cost": 2751.5946060394385, "time_cost": 150, "final_distance_cost": 78.42654102029543, "oscillation_cost": 691.9176062445122, "completition_cost": 1000.0, "overshoot_cost": 765.550002733601, "power_cost": 37.12627196044922, "noise_cost": 28.574184080580853, "n_waypoints_completed": 0, "tot_waypoints": 9}}
{"target": -1937.5036192996872, "params": {"k_pid_pos": [1.908285140991211, 0.0, 0.0], "k_pid_alt": [2.0, 0.005848914384841919, 1.0], "k_pid_att": [100.0, 9.999999747378752e-05, 1.0], "k_pid_yaw": [0.5, 1e-06, 0.1], "k_pid_hsp": [0.41583970189094543, 0.03455516695976257, 1.0], "k_pid_vsp": [0.0, 381.93963623046875, 400.0]}, "datetime": {"datetime": "2025-08-14 01:04:01", "elapsed": 54969.2268743515, "delta": 32.31594443321228}, "costs": {"total_cost": 1937.5036192996872, "time_cost": 150, "final_distance_cost": 113.08086642477295, "oscillation_cost": 634.5558856398958, "completition_cost": 888.8888888888888, "overshoot_cost": 82.17738754528798, "power_cost": 37.5988400390625, "noise_cost": 31.20175076177923, "n_waypoints_completed": 1, "tot_waypoints": 9}}
{"target": -7887.366784245296, "params": {"k_pid_pos": [1.8325964212417603, 0.030902564525604248, 0.0], "k_pid_alt": [2.0, 0.023813962936401367, 0.9581922292709351], "k_pid_att": [93.18766021728516, 0.051672402769327164, 0.964371383190155], "k_pid_yaw": [0.5, 1e-06, 0.1], "k_pid_hsp": [0.9049130082130432, 0.0, 1.0], "k_pid_vsp": [0.0, 400.0, 400.0]}, "datetime": {"datetime": "2025-08-14 01:04:30", "elapsed": 54998.35453414917, "delta": 29.127659797668457}, "costs": {"total_cost": 7887.366784245296, "time_cost": 150, "final_distance_cost": 1850.727934716445, "oscillation_cost": 771.9229093080907, "completition_cost": 1000.0, "overshoot_cost": 4053.084808369054, "power_cost": 32.84659949951172, "noise_cost": 28.784532352195473, "n_waypoints_completed": 0, "tot_waypoints": 9}}
{"target": -2570.8487069031385, "params": {"k_pid_pos": [2.0, 0.0, 0.03179040551185608], "k_pid_alt": [1.8099400997161865, 0.0, 0.989449143409729], "k_pid_att": [97.85673522949219, 0.10834214836359024, 1.0], "k_pid_yaw": [0.5, 1e-06, 0.1], "k_pid_hsp": [9.999999747378752e-05, 0.033336639404296875, 1.0], "k_pid_vsp": [24.60869598388672, 400.0, 377.6937255859375]}, "datetime": {"datetime": "2025-08-14 01:05:00", "elapsed": 55028.92025613785, "delta": 30.56572198867798}, "costs": {"total_cost": 2570.8487069031385, "time_cost": 150, "final_distance_cost": 239.61747398923137, "oscillation_cost": 819.5358334555899, "completition_cost": 1000.0, "overshoot_cost": 299.978578091356, "power_cost": 34.756171618652346, "noise_cost": 26.96064974830922, "n_waypoints_completed": 0, "tot_waypoints": 9}}
{"target": -2111.878350598469, "params": {"k_pid_pos": [2.0, 0.0, 0.026504158973693848], "k_pid_alt": [2.0, 0.0, 1.0], "k_pid_att": [99.50279235839844, 9.999999747378752e-05, 1.0], "k_pid_yaw": [0.5, 1e-06, 0.1], "k_pid_hsp": [9.999999747378752e-05, 0.0, 1.0], "k_pid_vsp": [0.0, 363.9714660644531, 400.0]}, "datetime": {"datetime": "2025-08-14 01:05:31", "elapsed": 55059.76226115227, "delta": 30.842005014419556}, "costs": {"total_cost": 2111.878350598469, "time_cost": 150, "final_distance_cost": 65.85874184728671, "oscillation_cost": 784.7977233585933, "completition_cost": 1000.0, "overshoot_cost": 44.01095610345277, "power_cost": 38.39703796386719, "noise_cost": 28.813891325268646, "n_waypoints_completed": 0, "tot_waypoints": 9}}
{"target": -4237.476542542031, "params": {"k_pid_pos": [1.9378995895385742, 0.03154262900352478, 0.0], "k_pid_alt": [2.0, 0.03177270293235779, 0.9928319454193115], "k_pid_att": [100.0, 9.999999747378752e-05, 1.0], "k_pid_yaw": [0.5, 1e-06, 0.1], "k_pid_hsp": [0.23834989964962006, 0.0, 0.966478705406189], "k_pid_vsp": [0.0, 400.0, 384.5533752441406]}, "datetime": {"datetime": "2025-08-14 01:06:02", "elapsed": 55090.633729696274, "delta": 30.871468544006348}, "costs": {"total_cost": 4237.476542542031, "time_cost": 150, "final_distance_cost": 1101.8145926683824, "oscillation_cost": 708.8796911076582, "completition_cost": 888.8888888888888, "overshoot_cost": 1322.6910556354135, "power_cost": 36.5142369140625, "noise_cost": 28.688077327626612, "n_waypoints_completed": 1, "tot_waypoints": 9}}
{"target": -4186.275075971583, "params": {"k_pid_pos": [2.0, 0.0, 0.0], "k_pid_alt": [2.0, 0.0, 1.0], "k_pid_att": [93.09919738769531, 0.06908095628023148, 1.0], "k_pid_yaw": [0.5, 1e-06, 0.1], "k_pid_hsp": [9.999999747378752e-05, 0.0175626277923584, 1.0], "k_pid_vsp": [0.0, 400.0, 396.74810791015625]}, "datetime": {"datetime": "2025-08-14 01:06:31", "elapsed": 55119.59231424332, "delta": 28.958584547042847}, "costs": {"total_cost": 4186.275075971583, "time_cost": 150, "final_distance_cost": 1074.7857908042438, "oscillation_cost": 813.5187787987159, "completition_cost": 1000.0, "overshoot_cost": 1083.8110358865708, "power_cost": 35.73550230712891, "noise_cost": 28.42396817492407, "n_waypoints_completed": 0, "tot_waypoints": 9}}
{"target": -2370.83484439585, "params": {"k_pid_pos": [2.0, 0.0, 0.0], "k_pid_alt": [2.0, 0.0, 1.0], "k_pid_att": [100.0, 9.999999747378752e-05, 1.0], "k_pid_yaw": [0.5, 1e-06, 0.1], "k_pid_hsp": [0.12253475934267044, 0.0, 1.0], "k_pid_vsp": [0.0, 389.0412902832031, 360.3926696777344]}, "datetime": {"datetime": "2025-08-14 01:07:01", "elapsed": 55149.945229530334, "delta": 30.352915287017822}, "costs": {"total_cost": 2370.83484439585, "time_cost": 150, "final_distance_cost": 143.49838820614957, "oscillation_cost": 783.9242483893039, "completition_cost": 1000.0, "overshoot_cost": 229.4139779280567, "power_cost": 35.73601130371094, "noise_cost": 28.262218568628402, "n_waypoints_completed": 0, "tot_waypoints": 9}}
{"target": -2616.9047510482915, "params": {"k_pid_pos": [2.0, 0.10119512677192688, 0.10753685235977173], "k_pid_alt": [2.0, 0.0, 1.0], "k_pid_att": [100.0, 0.17679917812347412, 0.9461888670921326], "k_pid_yaw": [0.5, 1e-06, 0.1], "k_pid_hsp": [9.999999747378752e-05, 0.0, 1.0], "k_pid_vsp": [0.0, 400.0, 400.0]}, "datetime": {"datetime": "2025-08-14 01:07:32", "elapsed": 55180.274396419525, "delta": 30.329166889190674}, "costs": {"total_cost": 2616.9047510482915, "time_cost": 150, "final_distance_cost": 125.4218194956915, "oscillation_cost": 870.0940883938775, "completition_cost": 1000.0, "overshoot_cost": 404.7420447358698, "power_cost": 37.55176673583985, "noise_cost": 29.09503168701236, "n_waypoints_completed": 0, "tot_waypoints": 9}}
{"target": -3348.4733338089964, "params": {"k_pid_pos": [1.8614863157272339, 0.0, 0.05290791392326355], "k_pid_alt": [1.953965187072754, 0.026557564735412598, 1.0], "k_pid_att": [99.222412109375, 9.999999747378752e-05, 1.0], "k_pid_yaw": [0.5, 1e-06, 0.1], "k_pid_hsp": [0.32215914130210876, 0.07684627175331116, 0.9686304330825806], "k_pid_vsp": [0.0, 399.8712158203125, 400.0]}, "datetime": {"datetime": "2025-08-14 01:08:02", "elapsed": 55210.384029865265, "delta": 30.109633445739746}, "costs": {"total_cost": 3348.4733338089964, "time_cost": 150, "final_distance_cost": 711.706755691803, "oscillation_cost": 615.9695454881803, "completition_cost": 1000.0, "overshoot_cost": 808.7903160881982, "power_cost": 34.121845117187505, "noise_cost": 27.884871423627537, "n_waypoints_completed": 0, "tot_waypoints": 9}}
{"target": -3410.413620819963, "params": {"k_pid_pos": [1.8912466764450073, 0.0, 0.0], "k_pid_alt": [1.8861844539642334, 0.0, 1.0], "k_pid_att": [96.94966125488281, 0.3807019293308258, 1.0], "k_pid_yaw": [0.5, 1e-06, 0.1], "k_pid_hsp": [0.1053580716252327, 0.010814547538757324, 0.9882850646972656], "k_pid_vsp": [3.6179065704345703, 400.0, 398.1461486816406]}, "datetime": {"datetime": "2025-08-14 01:08:32", "elapsed": 55240.80036211014, "delta": 30.416332244873047}, "costs": {"total_cost": 3410.413620819963, "time_cost": 150, "final_distance_cost": 460.1750752337481, "oscillation_cost": 817.7482328332851, "completition_cost": 1000.0, "overshoot_cost": 918.1449405333728, "power_cost": 35.79102401123047, "noise_cost": 28.554348208326356, "n_waypoints_completed": 0, "tot_waypoints": 9}}
