{"target": -2157.980536882731, "params": {"k_pid_pos": [2.0, 0.017286717891693115, 0.0], "k_pid_alt": [2.0, 0.0, 1.0], "k_pid_att": [100.0, 0.7043123245239258, 0.9815241098403931], "k_pid_yaw": [0.5, 1e-06, 0.1], "k_pid_hsp": [0.7446678280830383, 0.04082489013671875, 0.9480410218238831], "k_pid_vsp": [0.0, 400.0, 377.877197265625]}, "datetime": {"datetime": "2025-08-13 22:11:31", "elapsed": 44619.61013841629, "delta": 29.872971296310425}, "costs": {"total_cost": 2157.980536882731, "time_cost": 150, "final_distance_cost": 44.06732633364127, "oscillation_cost": 556.1416095205723, "completition_cost": 1000.0, "overshoot_cost": 340.25008924122085, "power_cost": 37.71606754150391, "noise_cost": 29.805444245792863, "n_waypoints_completed": 0, "tot_waypoints": 9}}
{"target": -2164.576755971993, "params": {"k_pid_pos": [1.9370741844177246, 0.05675807595252991, 0.0], "k_pid_alt": [2.0, 0.0, 0.9397778511047363], "k_pid_att": [100.0, 9.999999747378752e-05, 0.9991132020950317], "k_pid_yaw": [0.5, 1e-06, 0.1], "k_pid_hsp": [0.04373225197196007, 0.0842847228050232, 0.9920985698699951], "k_pid_vsp": [13.354694366455078, 390.4007568359375, 400.0]}, "datetime": {"datetime": "2025-08-13 22:12:00", "elapsed": 44648.36345267296, "delta": 28.75331425666809}, "costs": {"total_cost": 2164.576755971993, "time_cost": 150, "final_distance_cost": 64.90472975242615, "oscillation_cost": 718.5434071309464, "completition_cost": 1000.0, "overshoot_cost": 161.23887124265076, "power_cost": 40.747982629394535, "noise_cost": 29.141765216574488, "n_waypoints_completed": 0, "tot_waypoints": 9}}
{"target": -2079.297139030955, "params": {"k_pid_pos": [1.8635289669036865, 0.06587150692939758, 0.0], "k_pid_alt": [1.893834114074707, 0.0, 1.0], "k_pid_att": [100.0, 0.9919137358665466, 1.0], "k_pid_yaw": [0.5, 1e-06, 0.1], "k_pid_hsp": [9.999999747378752e-05, 0.00934627652168274, 0.9550513029098511], "k_pid_vsp": [0.0, 368.7939758300781, 383.15869140625]}, "datetime": {"datetime": "2025-08-13 22:12:29", "elapsed": 44677.771141290665, "delta": 29.4076886177063}, "costs": {"total_cost": 2079.297139030955, "time_cost": 150, "final_distance_cost": 39.44486017187586, "oscillation_cost": 703.404209624086, "completition_cost": 888.8888888888888, "overshoot_cost": 166.69689688306792, "power_cost": 44.1017748413086, "noise_cost": 86.760508621728, "n_waypoints_completed": 1, "tot_waypoints": 9}}
{"target": -3482.59626657644, "params": {"k_pid_pos": [2.0, 0.0, 0.0], "k_pid_alt": [2.0, 0.012700557708740234, 1.0], "k_pid_att": [98.4778823852539, 0.3788840174674988, 0.9779601097106934], "k_pid_yaw": [0.5, 1e-06, 0.1], "k_pid_hsp": [0.0024841618724167347, 0.039076536893844604, 1.0], "k_pid_vsp": [22.997177124023438, 400.0, 379.45428466796875]}, "datetime": {"datetime": "2025-08-13 22:12:58", "elapsed": 44706.83144712448, "delta": 29.06030583381653}, "costs": {"total_cost": 3482.59626657644, "time_cost": 150, "final_distance_cost": 484.82220404582, "oscillation_cost": 818.666887320186, "completition_cost": 1000.0, "overshoot_cost": 968.7304073295884, "power_cost": 33.36828046875, "noise_cost": 27.008487412095334, "n_waypoints_completed": 0, "tot_waypoints": 9}}
{"target": -5255.071933800673, "params": {"k_pid_pos": [1.8403366804122925, 0.030601680278778076, 0.04429781436920166], "k_pid_alt": [1.8087923526763916, 0.03654560446739197, 1.0], "k_pid_att": [96.84403228759766, 0.23059600591659546, 1.0], "k_pid_yaw": [0.5, 1e-06, 0.1], "k_pid_hsp": [0.04179064929485321, 0.02290305495262146, 0.9590660333633423], "k_pid_vsp": [6.825661659240723, 396.2477722167969, 382.7518310546875]}, "datetime": {"datetime": "2025-08-13 22:13:29", "elapsed": 44737.3003590107, "delta": 30.46891188621521}, "costs": {"total_cost": 5255.071933800673, "time_cost": 150, "final_distance_cost": 937.0636717767926, "oscillation_cost": 856.772758839484, "completition_cost": 1000.0, "overshoot_cost": 2250.659897578949, "power_cost": 33.24950823974609, "noise_cost": 27.326097365701003, "n_waypoints_completed": 0, "tot_waypoints": 9}}
{"target": -2211.1660225401956, "params": {"k_pid_pos": [1.955217719078064, 0.055001258850097656, 0.032687991857528687], "k_pid_alt": [2.0, 0.0, 1.0], "k_pid_att": [90.3753662109375, 0.3342668116092682, 1.0], "k_pid_yaw": [0.5, 1e-06, 0.1], "k_pid_hsp": [0.05789298191666603, 0.0, 0.9858614206314087], "k_pid_vsp": [0.0, 395.4344787597656, 400.0]}, "datetime": {"datetime": "2025-08-13 22:13:59", "elapsed": 44767.44109749794, "delta": 30.140738487243652}, "costs": {"total_cost": 2211.1660225401956, "time_cost": 150, "final_distance_cost": 268.1840232385259, "oscillation_cost": 648.7491122977275, "completition_cost": 888.8888888888888, "overshoot_cost": 189.57952866295273, "power_cost": 37.07711842041016, "noise_cost": 28.68735103169075, "n_waypoints_completed": 1, "tot_waypoints": 9}}
{"target": -3199.9588266525843, "params": {"k_pid_pos": [1.8730381727218628, 0.0, 0.03412514925003052], "k_pid_alt": [1.9637787342071533, 0.009965747594833374, 0.89924156665802], "k_pid_att": [100.0, 0.0702444314956665, 0.9540653824806213], "k_pid_yaw": [0.5, 1e-06, 0.1], "k_pid_hsp": [9.999999747378752e-05, 0.0796387791633606, 0.9359464049339294], "k_pid_vsp": [0.0, 400.0, 400.0]}, "datetime": {"datetime": "2025-08-13 22:14:29", "elapsed": 44797.26213622093, "delta": 29.821038722991943}, "costs": {"total_cost": 3199.9588266525843, "time_cost": 150, "final_distance_cost": 347.3761157214087, "oscillation_cost": 804.3916087833616, "completition_cost": 1000.0, "overshoot_cost": 836.3694357461272, "power_cost": 34.0352197265625, "noise_cost": 27.78644667512452, "n_waypoints_completed": 0, "tot_waypoints": 9}}
{"target": -3158.467018692607, "params": {"k_pid_pos": [2.0, 0.0, 0.03870105743408203], "k_pid_alt": [1.9457550048828125, 0.0, 1.0], "k_pid_att": [98.52595520019531, 0.1508559286594391, 1.0], "k_pid_yaw": [0.5, 1e-06, 0.1], "k_pid_hsp": [0.5259042978286743, 0.0, 0.9956839680671692], "k_pid_vsp": [0.0, 393.04833984375, 400.0]}, "datetime": {"datetime": "2025-08-13 22:14:58", "elapsed": 44826.72194123268, "delta": 29.459805011749268}, "costs": {"total_cost": 3158.467018692607, "time_cost": 150, "final_distance_cost": 324.9985887963264, "oscillation_cost": 498.49831654189575, "completition_cost": 1000.0, "overshoot_cost": 1117.5070158363926, "power_cost": 37.925252185058596, "noise_cost": 29.537845332933642, "n_waypoints_completed": 0, "tot_waypoints": 9}}
{"target": -2829.3417872281684, "params": {"k_pid_pos": [2.0, 0.0, 0.020717769861221313], "k_pid_alt": [2.0, 0.1054915189743042, 1.0], "k_pid_att": [90.49110412597656, 1.1334292888641357, 1.0], "k_pid_yaw": [0.5, 1e-06, 0.1], "k_pid_hsp": [9.999999747378752e-05, 0.0, 1.0], "k_pid_vsp": [0.0, 362.7455749511719, 376.27764892578125]}, "datetime": {"datetime": "2025-08-13 22:15:28", "elapsed": 44856.509380340576, "delta": 29.787439107894897}, "costs": {"total_cost": 2829.3417872281684, "time_cost": 150, "final_distance_cost": 182.49000947935582, "oscillation_cost": 737.0842708071984, "completition_cost": 1000.0, "overshoot_cost": 696.6456845143537, "power_cost": 34.731286230468754, "noise_cost": 28.39053619679122, "n_waypoints_completed": 0, "tot_waypoints": 9}}
{"target": -3288.0449617004033, "params": {"k_pid_pos": [1.984024167060852, 0.0010011792182922363, 0.0], "k_pid_alt": [1.7782423496246338, 0.0, 1.0], "k_pid_att": [100.0, 0.7645615935325623, 0.9879097938537598], "k_pid_yaw": [0.5, 1e-06, 0.1], "k_pid_hsp": [0.4600861668586731, 0.022962182760238647, 0.9754800796508789], "k_pid_vsp": [30.279874801635742, 382.9364318847656, 390.26776123046875]}, "datetime": {"datetime": "2025-08-13 22:15:59", "elapsed": 44887.12376880646, "delta": 30.614388465881348}, "costs": {"total_cost": 3288.0449617004033, "time_cost": 150, "final_distance_cost": 665.0331248738706, "oscillation_cost": 674.04532919464, "completition_cost": 888.8888888888888, "overshoot_cost": 848.4070890205204, "power_cost": 33.619280920410155, "noise_cost": 28.05124880207335, "n_waypoints_completed": 1, "tot_waypoints": 9}}
{"target": -4007.8834748113445, "params": {"k_pid_pos": [1.8403345346450806, 0.0, 0.0755918025970459], "k_pid_alt": [1.9894261360168457, 0.016265004873275757, 1.0], "k_pid_att": [97.38785552978516, 0.4613909125328064, 0.9814156293869019], "k_pid_yaw": [0.5, 1e-06, 0.1], "k_pid_hsp": [9.999999747378752e-05, 0.051562875509262085, 1.0], "k_pid_vsp": [8.20927619934082, 362.3270568847656, 396.51226806640625]}, "datetime": {"datetime": "2025-08-13 22:16:28", "elapsed": 44916.773700237274, "delta": 29.64993143081665}, "costs": {"total_cost": 4007.8834748113445, "time_cost": 150, "final_distance_cost": 1091.2389292353528, "oscillation_cost": 778.4251724898154, "completition_cost": 1000.0, "overshoot_cost": 926.5621856063481, "power_cost": 33.80680240478516, "noise_cost": 27.85038507504289, "n_waypoints_completed": 0, "tot_waypoints": 9}}
{"target": -3141.6078862438258, "params": {"k_pid_pos": [1.9805688858032227, 0.03492474555969238, 0.0032803118228912354], "k_pid_alt": [2.0, 0.02736625075340271, 1.0], "k_pid_att": [95.55818176269531, 0.6123188138008118, 0.9924590587615967], "k_pid_yaw": [0.5, 1e-06, 0.1], "k_pid_hsp": [9.999999747378752e-05, 0.0, 1.0], "k_pid_vsp": [0.0, 400.0, 393.0726013183594]}, "datetime": {"datetime": "2025-08-13 22:16:57", "elapsed": 44945.86049699783, "delta": 29.086796760559082}, "costs": {"total_cost": 3141.6078862438258, "time_cost": 150, "final_distance_cost": 514.0121659984004, "oscillation_cost": 824.6478289683142, "completition_cost": 1000.0, "overshoot_cost": 588.6626945232441, "power_cost": 35.812015649414064, "noise_cost": 28.473181104452603, "n_waypoints_completed": 0, "tot_waypoints": 9}}
{"target": -2408.4157350589776, "params": {"k_pid_pos": [1.8991782665252686, 0.0, 0.01121404767036438], "k_pid_alt": [1.8552221059799194, 0.0, 1.0], "k_pid_att": [95.55536651611328, 1.1662076711654663, 0.9261755347251892], "k_pid_yaw": [0.5, 1e-06, 0.1], "k_pid_hsp": [0.4202873706817627, 0.0, 1.0], "k_pid_vsp": [0.0, 400.0, 379.66632080078125]}, "datetime": {"datetime": "2025-08-13 22:17:27", "elapsed": 44975.12075138092, "delta": 29.260254383087158}, "costs": {"total_cost": 2408.4157350589776, "time_cost": 150, "final_distance_cost": 307.56233714844905, "oscillation_cost": 721.7637962839862, "completition_cost": 888.8888888888888, "overshoot_cost": 276.3757056387233, "power_cost": 35.43187171630859, "noise_cost": 28.39313538262199, "n_waypoints_completed": 1, "tot_waypoints": 9}}
{"target": -4168.018048079825, "params": {"k_pid_pos": [1.8265399932861328, 0.10329532623291016, 0.009978711605072021], "k_pid_alt": [1.9096240997314453, 0.008874356746673584, 1.0], "k_pid_att": [100.0, 9.999999747378752e-05, 1.0], "k_pid_yaw": [0.5, 1e-06, 0.1], "k_pid_hsp": [9.999999747378752e-05, 0.0, 1.0], "k_pid_vsp": [0.0, 400.0, 353.7411804199219]}, "datetime": {"datetime": "2025-08-13 22:17:56", "elapsed": 45004.33529019356, "delta": 29.21453881263733}, "costs": {"total_cost": 4168.018048079825, "time_cost": 150, "final_distance_cost": 716.5033191505664, "oscillation_cost": 832.2888784567638, "completition_cost": 1000.0, "overshoot_cost": 1403.9858494561067, "power_cost": 36.31940026855469, "noise_cost": 28.92060074783356, "n_waypoints_completed": 0, "tot_waypoints": 9}}
{"target": -2187.7554751116068, "params": {"k_pid_pos": [2.0, 0.06338849663734436, 0.06884914636611938], "k_pid_alt": [1.8170908689498901, 0.0, 0.9775118827819824], "k_pid_att": [100.0, 9.999999747378752e-05, 1.0], "k_pid_yaw": [0.5, 1e-06, 0.1], "k_pid_hsp": [9.999999747378752e-05, 0.0, 0.9625726938247681], "k_pid_vsp": [34.28355407714844, 400.0, 397.9505920410156]}, "datetime": {"datetime": "2025-08-13 22:18:26", "elapsed": 45034.19469881058, "delta": 29.859408617019653}, "costs": {"total_cost": 2187.7554751116068, "time_cost": 150, "final_distance_cost": 76.68467262324684, "oscillation_cost": 763.669760104986, "completition_cost": 1000.0, "overshoot_cost": 129.30202072797178, "power_cost": 39.487766894531255, "noise_cost": 28.61125476087031, "n_waypoints_completed": 0, "tot_waypoints": 9}}
{"target": -2731.463131776313, "params": {"k_pid_pos": [2.0, 0.03106662631034851, 0.0], "k_pid_alt": [2.0, 0.0, 1.0], "k_pid_att": [100.0, 0.08098984509706497, 0.9504189491271973], "k_pid_yaw": [0.5, 1e-06, 0.1], "k_pid_hsp": [9.999999747378752e-05, 0.0, 1.0], "k_pid_vsp": [0.0, 400.0, 383.97100830078125]}, "datetime": {"datetime": "2025-08-13 22:18:55", "elapsed": 45063.870200157166, "delta": 29.675501346588135}, "costs": {"total_cost": 2731.463131776313, "time_cost": 150, "final_distance_cost": 101.48733040217992, "oscillation_cost": 897.0521908205187, "completition_cost": 1000.0, "overshoot_cost": 518.0152808323418, "power_cost": 36.40314035644531, "noise_cost": 28.50518936482709, "n_waypoints_completed": 0, "tot_waypoints": 9}}
{"target": -5309.45145090451, "params": {"k_pid_pos": [2.0, 0.0, 0.02846643328666687], "k_pid_alt": [2.0, 0.0, 0.9990878105163574], "k_pid_att": [100.0, 1.0677443742752075, 1.0], "k_pid_yaw": [0.5, 1e-06, 0.1], "k_pid_hsp": [0.40199577808380127, 0.0, 1.0], "k_pid_vsp": [0.0, 400.0, 388.6731262207031]}, "datetime": {"datetime": "2025-08-13 22:19:25", "elapsed": 45093.5792119503, "delta": 29.709011793136597}, "costs": {"total_cost": 5309.45145090451, "time_cost": 150, "final_distance_cost": 1355.5452255810956, "oscillation_cost": 788.7152924248518, "completition_cost": 1000.0, "overshoot_cost": 1952.4173696395546, "power_cost": 34.57575408935547, "noise_cost": 28.19780916965253, "n_waypoints_completed": 0, "tot_waypoints": 9}}
{"target": -2361.803802250774, "params": {"k_pid_pos": [2.0, 0.03485029935836792, 0.0], "k_pid_alt": [2.0, 0.0, 1.0], "k_pid_att": [100.0, 9.999999747378752e-05, 1.0], "k_pid_yaw": [0.5, 1e-06, 0.1], "k_pid_hsp": [9.999999747378752e-05, 0.0, 0.9501266479492188], "k_pid_vsp": [0.0, 393.1112365722656, 390.9817199707031]}, "datetime": {"datetime": "2025-08-13 22:19:54", "elapsed": 45122.58068442345, "delta": 29.00147247314453}, "costs": {"total_cost": 2361.803802250774, "time_cost": 150, "final_distance_cost": 218.5828756213325, "oscillation_cost": 694.5601628629622, "completition_cost": 1000.0, "overshoot_cost": 236.13786245910765, "power_cost": 34.73741440429688, "noise_cost": 27.785486903074712, "n_waypoints_completed": 0, "tot_waypoints": 9}}
{"target": -2577.0342373584863, "params": {"k_pid_pos": [2.0, 0.0, 0.05052635073661804], "k_pid_alt": [2.0, 0.004016757011413574, 0.937694787979126], "k_pid_att": [100.0, 9.999999747378752e-05, 1.0], "k_pid_yaw": [0.5, 1e-06, 0.1], "k_pid_hsp": [9.999999747378752e-05, 0.02076953649520874, 1.0], "k_pid_vsp": [0.0, 400.0, 400.0]}, "datetime": {"datetime": "2025-08-13 22:20:24", "elapsed": 45152.85411429405, "delta": 30.27342987060547}, "costs": {"total_cost": 2577.0342373584863, "time_cost": 150, "final_distance_cost": 110.01496184068765, "oscillation_cost": 777.4020014749168, "completition_cost": 1000.0, "overshoot_cost": 477.68017716353876, "power_cost": 34.22084038085938, "noise_cost": 27.71625649848384, "n_waypoints_completed": 0, "tot_waypoints": 9}}
{"target": -2315.5637395854774, "params": {"k_pid_pos": [2.0, 0.0027457773685455322, 0.0], "k_pid_alt": [1.9803199768066406, 0.0, 0.9679213762283325], "k_pid_att": [96.97283172607422, 9.999999747378752e-05, 1.0], "k_pid_yaw": [0.5, 1e-06, 0.1], "k_pid_hsp": [0.6690493822097778, 0.04964548349380493, 0.9474993944168091], "k_pid_vsp": [12.361359596252441, 400.0, 390.77099609375]}, "datetime": {"datetime": "2025-08-13 22:20:54", "elapsed": 45182.72734117508, "delta": 29.87322688102722}, "costs": {"total_cost": 2315.5637395854774, "time_cost": 150, "final_distance_cost": 100.72602252109289, "oscillation_cost": 503.6191349234245, "completition_cost": 1000.0, "overshoot_cost": 494.1789610330033, "power_cost": 37.156630725097656, "noise_cost": 29.882990382859237, "n_waypoints_completed": 0, "tot_waypoints": 9}}
{"target": -4796.457845841345, "params": {"k_pid_pos": [2.0, 0.0, 0.0], "k_pid_alt": [1.880410075187683, 0.0, 0.9813308715820312], "k_pid_att": [97.123291015625, 0.040787216275930405, 0.9596686363220215], "k_pid_yaw": [0.5, 1e-06, 0.1], "k_pid_hsp": [9.999999747378752e-05, 0.0, 1.0], "k_pid_vsp": [0.0, 400.0, 397.9202880859375]}, "datetime": {"datetime": "2025-08-13 22:21:23", "elapsed": 45211.89276051521, "delta": 29.165419340133667}, "costs": {"total_cost": 4796.457845841345, "time_cost": 150, "final_distance_cost": 997.7434864556649, "oscillation_cost": 753.6424547381472, "completition_cost": 1000.0, "overshoot_cost": 1833.4344628254114, "power_cost": 33.85729432373047, "noise_cost": 27.780147498391962, "n_waypoints_completed": 0, "tot_waypoints": 9}}
{"target": -2049.757146192613, "params": {"k_pid_pos": [1.9253114461898804, 0.0, 0.0], "k_pid_alt": [2.0, 0.00038051605224609375, 0.9367324113845825], "k_pid_att": [98.6379165649414, 9.999999747378752e-05, 0.996756374835968], "k_pid_yaw": [0.5, 1e-06, 0.1], "k_pid_hsp": [9.999999747378752e-05, 0.018559187650680542, 0.9804387092590332], "k_pid_vsp": [0.0, 362.91461181640625, 400.0]}, "datetime": {"datetime": "2025-08-13 22:21:52", "elapsed": 45240.458404779434, "delta": 28.56564426422119}, "costs": {"total_cost": 2049.757146192613, "time_cost": 150, "final_distance_cost": 68.94303288486353, "oscillation_cost": 752.771036948954, "completition_cost": 888.8888888888888, "overshoot_cost": 123.18507809083692, "power_cost": 37.90807591552735, "noise_cost": 28.061033463542753, "n_waypoints_completed": 1, "tot_waypoints": 9}}
{"target": -3946.2444116532874, "params": {"k_pid_pos": [2.0, 0.051189422607421875, 0.0], "k_pid_alt": [1.94472074508667, 0.0, 0.9463933706283569], "k_pid_att": [100.0, 9.999999747378752e-05, 0.9957813024520874], "k_pid_yaw": [0.5, 1e-06, 0.1], "k_pid_hsp": [0.34843528270721436, 0.0, 1.0], "k_pid_vsp": [43.60377883911133, 388.1072082519531, 385.3104248046875]}, "datetime": {"datetime": "2025-08-13 22:22:21", "elapsed": 45269.9359896183, "delta": 29.477584838867188}, "costs": {"total_cost": 3946.2444116532874, "time_cost": 150, "final_distance_cost": 688.1651520126576, "oscillation_cost": 859.6644075443451, "completition_cost": 1000.0, "overshoot_cost": 1189.4306707986243, "power_cost": 31.943347766113284, "noise_cost": 27.040833531547463, "n_waypoints_completed": 0, "tot_waypoints": 9}}
{"target": -5554.140963016972, "params": {"k_pid_pos": [1.817823886871338, 0.0, 0.0], "k_pid_alt": [2.0, 0.09147626161575317, 1.0], "k_pid_att": [100.0, 0.2521318197250366, 1.0], "k_pid_yaw": [0.5, 1e-06, 0.1], "k_pid_hsp": [0.18581578135490417, 0.025780588388442993, 1.0], "k_pid_vsp": [17.614055633544922, 373.8526306152344, 400.0]}, "datetime": {"datetime": "2025-08-13 22:22:51", "elapsed": 45299.97701382637, "delta": 30.041024208068848}, "costs": {"total_cost": 5554.140963016972, "time_cost": 150, "final_distance_cost": 1205.636788878012, "oscillation_cost": 771.164949079063, "completition_cost": 1000.0, "overshoot_cost": 2369.038568177162, "power_cost": 31.43949147949219, "noise_cost": 26.861165403243145, "n_waypoints_completed": 0, "tot_waypoints": 9}}
{"target": -2467.741137147217, "params": {"k_pid_pos": [1.9460736513137817, 0.0, 0.052555620670318604], "k_pid_alt": [1.99618399143219, 0.0, 1.0], "k_pid_att": [100.0, 9.999999747378752e-05, 0.9833627939224243], "k_pid_yaw": [0.5, 1e-06, 0.1], "k_pid_hsp": [9.999999747378752e-05, 0.049333393573760986, 0.9811619520187378], "k_pid_vsp": [0.0, 385.28900146484375, 389.39013671875]}, "datetime": {"datetime": "2025-08-13 22:23:21", "elapsed": 45329.15347528458, "delta": 29.176461458206177}, "costs": {"total_cost": 2467.741137147217, "time_cost": 150, "final_distance_cost": 301.3003984030758, "oscillation_cost": 762.2087000963411, "completition_cost": 1000.0, "overshoot_cost": 189.94519390260155, "power_cost": 36.02525131835937, "noise_cost": 28.261593426839436, "n_waypoints_completed": 0, "tot_waypoints": 9}}
{"target": -4872.9513786447, "params": {"k_pid_pos": [1.9670007228851318, 0.0, 0.0], "k_pid_alt": [1.9609684944152832, 0.013842463493347168, 1.0], "k_pid_att": [100.0, 0.05442342907190323, 1.0], "k_pid_yaw": [0.5, 1e-06, 0.1], "k_pid_hsp": [0.46337899565696716, 0.11052268743515015, 1.0], "k_pid_vsp": [16.24993133544922, 400.0, 400.0]}, "datetime": {"datetime": "2025-08-13 22:23:51", "elapsed": 45359.40604639053, "delta": 30.25257110595703}, "costs": {"total_cost": 4872.9513786447, "time_cost": 150, "final_distance_cost": 1039.9247062764878, "oscillation_cost": 739.03472790155, "completition_cost": 1000.0, "overshoot_cost": 1880.2849316535378, "power_cost": 34.95259588623047, "noise_cost": 28.75441692689386, "n_waypoints_completed": 0, "tot_waypoints": 9}}
{"target": -5515.434660867071, "params": {"k_pid_pos": [2.0, 0.0, 0.0], "k_pid_alt": [1.9987313747406006, 0.0, 1.0], "k_pid_att": [95.52692413330078, 9.999999747378752e-05, 1.0], "k_pid_yaw": [0.5, 1e-06, 0.1], "k_pid_hsp": [0.5927725434303284, 0.0, 0.9662230014801025], "k_pid_vsp": [0.0, 400.0, 400.0]}, "datetime": {"datetime": "2025-08-13 22:24:20", "elapsed": 45388.90309882164, "delta": 29.497052431106567}, "costs": {"total_cost": 5515.434660867071, "time_cost": 150, "final_distance_cost": 1346.3920962669065, "oscillation_cost": 535.9462006405671, "completition_cost": 888.8888888888888, "overshoot_cost": 2530.4459480264427, "power_cost": 34.95467728271485, "noise_cost": 28.806849761550655, "n_waypoints_completed": 1, "tot_waypoints": 9}}
