{"target": -2954.014294980812, "params": {"k_pid_pos": [1.916831135749817, 0.01716354489326477, 0.0], "k_pid_alt": [2.0, 0.05381450057029724, 1.0], "k_pid_att": [99.8139877319336, 9.999999747378752e-05, 1.0], "k_pid_yaw": [0.5, 1e-06, 0.1], "k_pid_hsp": [0.3485372066497803, 0.0, 0.9640917778015137], "k_pid_vsp": [0.0, 400.0, 385.2413635253906]}, "datetime": {"datetime": "2025-08-13 11:24:40", "elapsed": 5808.0879945755005, "delta": 55.7595272064209}, "costs": {"total_cost": 2954.014294980812, "time_cost": 150, "final_distance_cost": 459.46302032110793, "oscillation_cost": 567.0285590274035, "completition_cost": 1000.0, "overshoot_cost": 713.9017555824108, "power_cost": 35.12741484375, "noise_cost": 28.493545206139334, "n_waypoints_completed": 0, "tot_waypoints": 9}}
{"target": -1861.1261957015554, "params": {"k_pid_pos": [1.9386639595031738, 0.0, 0.0], "k_pid_alt": [1.8748668432235718, 0.007388949394226074, 1.0], "k_pid_att": [100.0, 9.999999747378752e-05, 1.0], "k_pid_yaw": [0.5, 1e-06, 0.1], "k_pid_hsp": [0.30339786410331726, 0.07668083906173706, 0.9698565602302551], "k_pid_vsp": [10.21980094909668, 387.05511474609375, 400.0]}, "datetime": {"datetime": "2025-08-13 11:25:31", "elapsed": 5859.563940286636, "delta": 51.475945711135864}, "costs": {"total_cost": 1861.1261957015554, "time_cost": 150, "final_distance_cost": 179.20710892393998, "oscillation_cost": 540.6587871047892, "completition_cost": 777.7777777777778, "overshoot_cost": 147.08248678424442, "power_cost": 37.57187768554688, "noise_cost": 28.82815742525706, "n_waypoints_completed": 2, "tot_waypoints": 9}}
{"target": -2258.5337479805785, "params": {"k_pid_pos": [2.0, 0.0, 0.0], "k_pid_alt": [1.8408985137939453, 0.0, 1.0], "k_pid_att": [100.0, 9.999999747378752e-05, 0.9992572069168091], "k_pid_yaw": [0.5, 1e-06, 0.1], "k_pid_hsp": [9.999999747378752e-05, 0.0, 0.9434963464736938], "k_pid_vsp": [23.403430938720703, 392.20111083984375, 400.0]}, "datetime": {"datetime": "2025-08-13 11:26:22", "elapsed": 5910.48215842247, "delta": 50.91821813583374}, "costs": {"total_cost": 2258.5337479805785, "time_cost": 150, "final_distance_cost": 44.264204871481276, "oscillation_cost": 862.7132086852188, "completition_cost": 1000.0, "overshoot_cost": 126.6918620560085, "power_cost": 38.989617687988286, "noise_cost": 35.87485467988163, "n_waypoints_completed": 0, "tot_waypoints": 9}}
{"target": -2011.1696406299814, "params": {"k_pid_pos": [1.995078682899475, 0.0529579222202301, 0.060727864503860474], "k_pid_alt": [1.9570666551589966, 0.033977121114730835, 0.9585311412811279], "k_pid_att": [97.36378479003906, 9.999999747378752e-05, 0.9532623291015625], "k_pid_yaw": [0.5, 1e-06, 0.1], "k_pid_hsp": [0.26370930671691895, 0.0, 0.91239994764328], "k_pid_vsp": [0.0, 388.5093994140625, 400.0]}, "datetime": {"datetime": "2025-08-13 11:27:14", "elapsed": 5962.119288682938, "delta": 51.63713026046753}, "costs": {"total_cost": 2011.1696406299814, "time_cost": 150, "final_distance_cost": 84.72641900365629, "oscillation_cost": 836.4263161445067, "completition_cost": 777.7777777777778, "overshoot_cost": 95.8772404662803, "power_cost": 37.71379073486328, "noise_cost": 28.6480965028971, "n_waypoints_completed": 2, "tot_waypoints": 9}}
{"target": -2227.06874848624, "params": {"k_pid_pos": [2.0, 0.03450906276702881, 0.0], "k_pid_alt": [1.9855446815490723, 0.0, 1.0], "k_pid_att": [94.25872802734375, 0.5124969482421875, 0.9422643184661865], "k_pid_yaw": [0.5, 1e-06, 0.1], "k_pid_hsp": [9.999999747378752e-05, 0.05051982402801514, 1.0], "k_pid_vsp": [17.31729507446289, 400.0, 384.9595031738281]}, "datetime": {"datetime": "2025-08-13 11:28:05", "elapsed": 6013.2385585308075, "delta": 51.11926984786987}, "costs": {"total_cost": 2227.06874848624, "time_cost": 150, "final_distance_cost": 54.69870376904587, "oscillation_cost": 695.2022979680976, "completition_cost": 1000.0, "overshoot_cost": 223.61071358515665, "power_cost": 42.531953442382815, "noise_cost": 61.02507972155718, "n_waypoints_completed": 0, "tot_waypoints": 9}}
{"target": -4078.635711860627, "params": {"k_pid_pos": [1.9092512130737305, 0.0, 0.0256425142288208], "k_pid_alt": [1.9206619262695312, 0.0, 0.9401944875717163], "k_pid_att": [97.39678955078125, 9.999999747378752e-05, 0.9090949892997742], "k_pid_yaw": [0.5, 1e-06, 0.1], "k_pid_hsp": [0.08502832055091858, 0.0047518908977508545, 0.9169488549232483], "k_pid_vsp": [11.06114387512207, 400.0, 400.0]}, "datetime": {"datetime": "2025-08-13 11:28:57", "elapsed": 6065.768174171448, "delta": 52.52961564064026}, "costs": {"total_cost": 4078.635711860627, "time_cost": 150, "final_distance_cost": 702.6513314365645, "oscillation_cost": 869.5994107024333, "completition_cost": 1000.0, "overshoot_cost": 1290.583470319848, "power_cost": 37.09243845214844, "noise_cost": 28.709060949632878, "n_waypoints_completed": 0, "tot_waypoints": 9}}
{"target": -2794.87218344422, "params": {"k_pid_pos": [2.0, 0.0, 0.0], "k_pid_alt": [1.9230461120605469, 0.0, 0.9733288884162903], "k_pid_att": [100.0, 0.8161992430686951, 1.0], "k_pid_yaw": [0.5, 1e-06, 0.1], "k_pid_hsp": [9.999999747378752e-05, 0.019902676343917847, 1.0], "k_pid_vsp": [0.0, 390.93817138671875, 399.5863342285156]}, "datetime": {"datetime": "2025-08-13 11:29:53", "elapsed": 6121.950938463211, "delta": 56.182764291763306}, "costs": {"total_cost": 2794.87218344422, "time_cost": 150, "final_distance_cost": 415.50445874820593, "oscillation_cost": 816.0458316601721, "completition_cost": 1000.0, "overshoot_cost": 349.50963264102, "power_cost": 35.72802883300781, "noise_cost": 28.084231561814025, "n_waypoints_completed": 0, "tot_waypoints": 9}}
{"target": -4694.8587314729975, "params": {"k_pid_pos": [2.0, 0.002842128276824951, 0.0], "k_pid_alt": [1.912095308303833, 0.0, 0.9510624408721924], "k_pid_att": [96.9352035522461, 0.2868139445781708, 0.9724504947662354], "k_pid_yaw": [0.5, 1e-06, 0.1], "k_pid_hsp": [9.999999747378752e-05, 0.0, 1.0], "k_pid_vsp": [0.0, 400.0, 400.0]}, "datetime": {"datetime": "2025-08-13 11:30:46", "elapsed": 6174.988656044006, "delta": 53.03771758079529}, "costs": {"total_cost": 4694.8587314729975, "time_cost": 150, "final_distance_cost": 1021.0797041345338, "oscillation_cost": 692.4604124753091, "completition_cost": 1000.0, "overshoot_cost": 1769.680069763687, "power_cost": 34.01774578857422, "noise_cost": 27.620799310893872, "n_waypoints_completed": 0, "tot_waypoints": 9}}
{"target": -2273.1974218184732, "params": {"k_pid_pos": [2.0, 0.0, 0.0], "k_pid_alt": [1.8527514934539795, 0.02725568413734436, 1.0], "k_pid_att": [100.0, 9.999999747378752e-05, 0.995221734046936], "k_pid_yaw": [0.5, 1e-06, 0.1], "k_pid_hsp": [9.999999747378752e-05, 0.02750152349472046, 0.9928220510482788], "k_pid_vsp": [0.0, 399.4970397949219, 396.653076171875]}, "datetime": {"datetime": "2025-08-13 11:31:37", "elapsed": 6225.635160923004, "delta": 50.6465048789978}, "costs": {"total_cost": 2273.1974218184732, "time_cost": 150, "final_distance_cost": 88.8751968104534, "oscillation_cost": 739.3874791029692, "completition_cost": 1000.0, "overshoot_cost": 217.89272024857402, "power_cost": 38.79251771240234, "noise_cost": 38.24950794407398, "n_waypoints_completed": 0, "tot_waypoints": 9}}
{"target": -3537.718883400507, "params": {"k_pid_pos": [2.0, 0.0011202991008758545, 0.020520418882369995], "k_pid_alt": [1.9300916194915771, 0.0, 0.9706933498382568], "k_pid_att": [100.0, 0.4799274802207947, 0.9594519138336182], "k_pid_yaw": [0.5, 1e-06, 0.1], "k_pid_hsp": [9.999999747378752e-05, 0.0, 1.0], "k_pid_vsp": [0.0, 363.8303527832031, 400.0]}, "datetime": {"datetime": "2025-08-13 11:32:28", "elapsed": 6276.891897439957, "delta": 51.256736516952515}, "costs": {"total_cost": 3537.718883400507, "time_cost": 150, "final_distance_cost": 649.3910156089961, "oscillation_cost": 717.2565984649455, "completition_cost": 1000.0, "overshoot_cost": 958.9123193063806, "power_cost": 34.173753002929686, "noise_cost": 27.985197017255196, "n_waypoints_completed": 0, "tot_waypoints": 9}}
{"target": -3267.554345209554, "params": {"k_pid_pos": [2.0, 0.0, 0.0], "k_pid_alt": [2.0, 0.0, 1.0], "k_pid_att": [98.51860046386719, 0.455963671207428, 0.9525876641273499], "k_pid_yaw": [0.5, 1e-06, 0.1], "k_pid_hsp": [1.1810966730117798, 0.028125494718551636, 0.9349881410598755], "k_pid_vsp": [35.280643463134766, 375.34112548828125, 373.5642395019531]}, "datetime": {"datetime": "2025-08-13 11:33:20", "elapsed": 6328.263319730759, "delta": 51.371422290802}, "costs": {"total_cost": 3267.554345209554, "time_cost": 150, "final_distance_cost": 321.7268501793767, "oscillation_cost": 802.8159833303224, "completition_cost": 1000.0, "overshoot_cost": 926.9944577884978, "power_cost": 35.25033645019531, "noise_cost": 30.76671746116202, "n_waypoints_completed": 0, "tot_waypoints": 9}}
{"target": -2427.2031560934474, "params": {"k_pid_pos": [2.0, 0.08829039335250854, 0.0], "k_pid_alt": [1.8520870208740234, 0.0, 0.9960596561431885], "k_pid_att": [88.78929901123047, 9.999999747378752e-05, 1.0], "k_pid_yaw": [0.5, 1e-06, 0.1], "k_pid_hsp": [9.999999747378752e-05, 0.00918152928352356, 0.9967125058174133], "k_pid_vsp": [28.823698043823242, 398.35003662109375, 394.36383056640625]}, "datetime": {"datetime": "2025-08-13 11:34:11", "elapsed": 6380.004735946655, "delta": 51.741416215896606}, "costs": {"total_cost": 2427.2031560934474, "time_cost": 150, "final_distance_cost": 172.92626556833466, "oscillation_cost": 742.7768751856318, "completition_cost": 1000.0, "overshoot_cost": 299.4860271944761, "power_cost": 34.064249328613286, "noise_cost": 27.94973881639164, "n_waypoints_completed": 0, "tot_waypoints": 9}}
{"target": -2141.858800945199, "params": {"k_pid_pos": [2.0, 0.04790559411048889, 0.0], "k_pid_alt": [2.0, 0.0, 1.0], "k_pid_att": [100.0, 9.999999747378752e-05, 0.9523956775665283], "k_pid_yaw": [0.5, 1e-06, 0.1], "k_pid_hsp": [0.3298739790916443, 0.0, 0.94244384765625], "k_pid_vsp": [13.942670822143555, 388.054931640625, 395.64459228515625]}, "datetime": {"datetime": "2025-08-13 11:35:03", "elapsed": 6431.657289028168, "delta": 51.65255308151245}, "costs": {"total_cost": 2141.858800945199, "time_cost": 150, "final_distance_cost": 5.179542200590826, "oscillation_cost": 673.1389762993849, "completition_cost": 1000.0, "overshoot_cost": 223.52375276918815, "power_cost": 38.00310545654297, "noise_cost": 52.013424219492535, "n_waypoints_completed": 0, "tot_waypoints": 9}}
{"target": -2271.0665575594667, "params": {"k_pid_pos": [1.9700437784194946, 0.0, 0.0], "k_pid_alt": [2.0, 0.022550314664840698, 0.9876635670661926], "k_pid_att": [98.66838836669922, 0.14014358818531036, 1.0], "k_pid_yaw": [0.5, 1e-06, 0.1], "k_pid_hsp": [9.999999747378752e-05, 0.04985743761062622, 0.9762961864471436], "k_pid_vsp": [0.0, 378.3288879394531, 400.0]}, "datetime": {"datetime": "2025-08-13 11:35:55", "elapsed": 6483.140120983124, "delta": 51.482831954956055}, "costs": {"total_cost": 2271.0665575594667, "time_cost": 150, "final_distance_cost": 75.8297893309786, "oscillation_cost": 731.874431270546, "completition_cost": 1000.0, "overshoot_cost": 193.56113896335503, "power_cost": 39.28613312988281, "noise_cost": 80.51506486470402, "n_waypoints_completed": 0, "tot_waypoints": 9}}
{"target": -2097.990150871693, "params": {"k_pid_pos": [1.6907217502593994, 0.0048045814037323, 0.0], "k_pid_alt": [2.0, 0.0, 1.0], "k_pid_att": [100.0, 9.999999747378752e-05, 0.9632039070129395], "k_pid_yaw": [0.5, 1e-06, 0.1], "k_pid_hsp": [0.1635727435350418, 0.023192286491394043, 0.9945080876350403], "k_pid_vsp": [0.0, 376.859375, 400.0]}, "datetime": {"datetime": "2025-08-13 11:36:46", "elapsed": 6534.129665136337, "delta": 50.9895441532135}, "costs": {"total_cost": 2097.990150871693, "time_cost": 150, "final_distance_cost": 57.16969478940279, "oscillation_cost": 790.3673747730417, "completition_cost": 888.8888888888888, "overshoot_cost": 143.69121267407104, "power_cost": 39.116336291503906, "noise_cost": 28.75664345478501, "n_waypoints_completed": 1, "tot_waypoints": 9}}
{"target": -2939.92865627255, "params": {"k_pid_pos": [1.8705512285232544, 0.0, 0.0], "k_pid_alt": [2.0, 0.0642160177230835, 0.9637046456336975], "k_pid_att": [99.53044891357422, 9.999999747378752e-05, 1.0], "k_pid_yaw": [0.5, 1e-06, 0.1], "k_pid_hsp": [0.07869896292686462, 0.042750656604766846, 1.0], "k_pid_vsp": [0.0, 400.0, 400.0]}, "datetime": {"datetime": "2025-08-13 11:37:36", "elapsed": 6584.313175201416, "delta": 50.183510065078735}, "costs": {"total_cost": 2939.92865627255, "time_cost": 150, "final_distance_cost": 571.400009620646, "oscillation_cost": 732.8091993185717, "completition_cost": 1000.0, "overshoot_cost": 426.7516356258963, "power_cost": 32.43878304443359, "noise_cost": 26.529028663002705, "n_waypoints_completed": 0, "tot_waypoints": 9}}
{"target": -2017.6761945042779, "params": {"k_pid_pos": [1.853541374206543, 0.03148564696311951, 0.03933149576187134], "k_pid_alt": [2.0, 0.0854460597038269, 0.8912877440452576], "k_pid_att": [100.0, 0.37047895789146423, 0.9608837366104126], "k_pid_yaw": [0.5, 1e-06, 0.1], "k_pid_hsp": [0.6282473802566528, 0.0, 0.9971176385879517], "k_pid_vsp": [0.0, 377.1343078613281, 400.0]}, "datetime": {"datetime": "2025-08-13 11:38:27", "elapsed": 6635.799644470215, "delta": 51.48646926879883}, "costs": {"total_cost": 2017.6761945042779, "time_cost": 150, "final_distance_cost": 148.81318518273287, "oscillation_cost": 454.67455816742296, "completition_cost": 1000.0, "overshoot_cost": 169.75861283711842, "power_cost": 38.74763450927735, "noise_cost": 55.68220380772631, "n_waypoints_completed": 0, "tot_waypoints": 9}}
{"target": -7071.35042274432, "params": {"k_pid_pos": [2.0, 0.08670952916145325, 0.00640636682510376], "k_pid_alt": [2.0, 0.04007601737976074, 1.0], "k_pid_att": [100.0, 9.999999747378752e-05, 1.0], "k_pid_yaw": [0.5, 1e-06, 0.1], "k_pid_hsp": [0.8592074513435364, 0.0, 1.0], "k_pid_vsp": [0.0, 400.0, 382.6891784667969]}, "datetime": {"datetime": "2025-08-13 11:39:20", "elapsed": 6688.838932752609, "delta": 53.03928828239441}, "costs": {"total_cost": 7071.35042274432, "time_cost": 150, "final_distance_cost": 1839.605667755034, "oscillation_cost": 608.8304392210307, "completition_cost": 888.8888888888888, "overshoot_cost": 3519.1158709456313, "power_cost": 34.827152075195315, "noise_cost": 30.082403858540918, "n_waypoints_completed": 1, "tot_waypoints": 9}}
{"target": -5861.307736057209, "params": {"k_pid_pos": [1.9442185163497925, 0.005066573619842529, 0.025963187217712402], "k_pid_alt": [2.0, 0.0, 1.0], "k_pid_att": [100.0, 0.40303677320480347, 1.0], "k_pid_yaw": [0.5, 1e-06, 0.1], "k_pid_hsp": [9.999999747378752e-05, 0.0, 1.0], "k_pid_vsp": [0.0, 400.0, 400.0]}, "datetime": {"datetime": "2025-08-13 11:40:13", "elapsed": 6741.725082874298, "delta": 52.88615012168884}, "costs": {"total_cost": 5861.307736057209, "time_cost": 150, "final_distance_cost": 1286.8427573217296, "oscillation_cost": 844.2713249342627, "completition_cost": 1000.0, "overshoot_cost": 2518.9370059930575, "power_cost": 33.56722864990235, "noise_cost": 27.689419158256797, "n_waypoints_completed": 0, "tot_waypoints": 9}}
{"target": -2220.4527347517055, "params": {"k_pid_pos": [2.0, 0.0, 0.0017222166061401367], "k_pid_alt": [2.0, 0.011133909225463867, 1.0], "k_pid_att": [98.40978240966797, 9.999999747378752e-05, 0.9979917407035828], "k_pid_yaw": [0.5, 1e-06, 0.1], "k_pid_hsp": [9.999999747378752e-05, 0.0, 0.9847627878189087], "k_pid_vsp": [0.0, 387.2034912109375, 400.0]}, "datetime": {"datetime": "2025-08-13 11:41:08", "elapsed": 6796.448137521744, "delta": 54.72305464744568}, "costs": {"total_cost": 2220.4527347517055, "time_cost": 150, "final_distance_cost": 63.90955391513202, "oscillation_cost": 771.0431755648345, "completition_cost": 1000.0, "overshoot_cost": 152.8149966895531, "power_cost": 40.58579295654297, "noise_cost": 42.099215625642394, "n_waypoints_completed": 0, "tot_waypoints": 9}}
{"target": -2236.162078060143, "params": {"k_pid_pos": [2.0, 0.0, 0.0], "k_pid_alt": [1.817895770072937, 0.018479079008102417, 1.0], "k_pid_att": [100.0, 0.07554055005311966, 0.9548170566558838], "k_pid_yaw": [0.5, 1e-06, 0.1], "k_pid_hsp": [0.22350968420505524, 0.007608532905578613, 0.9431737661361694], "k_pid_vsp": [0.0, 400.0, 400.0]}, "datetime": {"datetime": "2025-08-13 11:42:01", "elapsed": 6849.504954099655, "delta": 53.05681657791138}, "costs": {"total_cost": 2236.162078060143, "time_cost": 150, "final_distance_cost": 121.46986767125826, "oscillation_cost": 735.2594400315015, "completition_cost": 1000.0, "overshoot_cost": 164.98134436536216, "power_cost": 36.178814562988286, "noise_cost": 28.2726114290324, "n_waypoints_completed": 0, "tot_waypoints": 9}}
{"target": -2238.4323518088277, "params": {"k_pid_pos": [2.0, 0.016850054264068604, 0.008861631155014038], "k_pid_alt": [1.902613639831543, 0.0, 1.0], "k_pid_att": [93.01454162597656, 9.999999747378752e-05, 0.9249228239059448], "k_pid_yaw": [0.5, 1e-06, 0.1], "k_pid_hsp": [0.13294461369514465, 0.0, 0.9175342917442322], "k_pid_vsp": [0.0, 400.0, 384.33343505859375]}, "datetime": {"datetime": "2025-08-13 11:42:54", "elapsed": 6902.294994592667, "delta": 52.790040493011475}, "costs": {"total_cost": 2238.4323518088277, "time_cost": 150, "final_distance_cost": 59.34501343042424, "oscillation_cost": 710.2785529583163, "completition_cost": 1000.0, "overshoot_cost": 187.09198838963613, "power_cost": 46.35679807128906, "noise_cost": 85.35999895916164, "n_waypoints_completed": 0, "tot_waypoints": 9}}
{"target": -3920.9552823436034, "params": {"k_pid_pos": [2.0, 0.0, 0.014272451400756836], "k_pid_alt": [1.9824022054672241, 0.0, 1.0], "k_pid_att": [100.0, 9.999999747378752e-05, 0.9129866361618042], "k_pid_yaw": [0.5, 1e-06, 0.1], "k_pid_hsp": [9.999999747378752e-05, 0.0, 1.0], "k_pid_vsp": [48.68813705444336, 391.47515869140625, 393.0070495605469]}, "datetime": {"datetime": "2025-08-13 11:43:47", "elapsed": 6955.605078935623, "delta": 53.31008434295654}, "costs": {"total_cost": 3920.9552823436034, "time_cost": 150, "final_distance_cost": 620.8520314668549, "oscillation_cost": 798.4369791438374, "completition_cost": 1000.0, "overshoot_cost": 1292.9331778993453, "power_cost": 31.646814892578128, "noise_cost": 27.086278940986915, "n_waypoints_completed": 0, "tot_waypoints": 9}}
{"target": -4339.465952872826, "params": {"k_pid_pos": [2.0, 0.03735196590423584, 0.0], "k_pid_alt": [1.8441309928894043, 0.0, 0.9668031930923462], "k_pid_att": [100.0, 9.999999747378752e-05, 0.9863032102584839], "k_pid_yaw": [0.5, 1e-06, 0.1], "k_pid_hsp": [0.043524231761693954, 0.0, 1.0], "k_pid_vsp": [0.7787704467773438, 377.18304443359375, 400.0]}, "datetime": {"datetime": "2025-08-13 11:44:39", "elapsed": 7007.959772348404, "delta": 52.35469341278076}, "costs": {"total_cost": 4339.465952872826, "time_cost": 150, "final_distance_cost": 694.989480659451, "oscillation_cost": 759.6875777068037, "completition_cost": 1000.0, "overshoot_cost": 1670.1503565455391, "power_cost": 36.148324853515625, "noise_cost": 28.49021310751647, "n_waypoints_completed": 0, "tot_waypoints": 9}}
{"target": -5028.214655857995, "params": {"k_pid_pos": [2.0, 0.0, 0.014964550733566284], "k_pid_alt": [1.919142723083496, 0.07739880681037903, 0.9544997215270996], "k_pid_att": [91.0789794921875, 0.22309990227222443, 0.9513909816741943], "k_pid_yaw": [0.5, 1e-06, 0.1], "k_pid_hsp": [9.999999747378752e-05, 0.027349799871444702, 1.0], "k_pid_vsp": [0.0, 400.0, 400.0]}, "datetime": {"datetime": "2025-08-13 11:45:32", "elapsed": 7060.739444971085, "delta": 52.779672622680664}, "costs": {"total_cost": 5028.214655857995, "time_cost": 150, "final_distance_cost": 1299.5151426739053, "oscillation_cost": 785.6210026846751, "completition_cost": 1000.0, "overshoot_cost": 1734.643886828234, "power_cost": 31.666236755371095, "noise_cost": 26.768386915810293, "n_waypoints_completed": 0, "tot_waypoints": 9}}
{"target": -4570.3847177668495, "params": {"k_pid_pos": [1.982013463973999, 0.0, 0.0], "k_pid_alt": [2.0, 0.0, 0.9810741543769836], "k_pid_att": [99.07965850830078, 0.24093253910541534, 0.9689631462097168], "k_pid_yaw": [0.5, 1e-06, 0.1], "k_pid_hsp": [0.6746655702590942, 0.03792300820350647, 0.9553641080856323], "k_pid_vsp": [0.0, 396.5699768066406, 363.8038330078125]}, "datetime": {"datetime": "2025-08-13 11:46:24", "elapsed": 7112.668130159378, "delta": 51.92868518829346}, "costs": {"total_cost": 4570.3847177668495, "time_cost": 150, "final_distance_cost": 854.9138231628747, "oscillation_cost": 581.1954532606563, "completition_cost": 888.8888888888888, "overshoot_cost": 2030.7652879609846, "power_cost": 35.02033564453125, "noise_cost": 29.600928848914002, "n_waypoints_completed": 1, "tot_waypoints": 9}}
{"target": -2261.42720048407, "params": {"k_pid_pos": [1.9649473428726196, 0.05514004826545715, 0.02446046471595764], "k_pid_alt": [1.9279288053512573, 0.0, 1.0], "k_pid_att": [100.0, 9.999999747378752e-05, 0.9356627464294434], "k_pid_yaw": [0.5, 1e-06, 0.1], "k_pid_hsp": [9.999999747378752e-05, 0.0, 1.0], "k_pid_vsp": [0.0, 400.0, 400.0]}, "datetime": {"datetime": "2025-08-13 11:47:16", "elapsed": 7164.753103971481, "delta": 52.08497381210327}, "costs": {"total_cost": 2261.42720048407, "time_cost": 150, "final_distance_cost": 47.15208656516199, "oscillation_cost": 750.8084598273233, "completition_cost": 1000.0, "overshoot_cost": 187.1308472049821, "power_cost": 42.52843239746094, "noise_cost": 83.80737448914135, "n_waypoints_completed": 0, "tot_waypoints": 9}}
