{"target": -6853.70462025628, "params": {"k_pid_pos": [2.0, 0.023833870887756348, 0.0], "k_pid_alt": [1.8204829692840576, 0.0, 0.9463369846343994], "k_pid_att": [95.71568298339844, 1.2606546878814697, 1.0], "k_pid_yaw": [0.5, 1e-06, 0.1], "k_pid_hsp": [9.999999747378752e-05, 0.017523854970932007, 0.9681096076965332], "k_pid_vsp": [0.0, 400.0, 373.91552734375]}, "datetime": {"datetime": "2025-08-13 17:34:02", "elapsed": 27970.907226085663, "delta": 28.940781116485596}, "costs": {"total_cost": 6853.70462025628, "time_cost": 150, "final_distance_cost": 2008.7808156387068, "oscillation_cost": 739.1457110024878, "completition_cost": 1000.0, "overshoot_cost": 2893.728534214939, "power_cost": 34.391550305175784, "noise_cost": 27.658009094970236, "n_waypoints_completed": 0, "tot_waypoints": 9}}
{"target": -7365.608294954563, "params": {"k_pid_pos": [1.9806621074676514, 0.03341245651245117, 0.0909828245639801], "k_pid_alt": [1.9958254098892212, 0.0, 1.0], "k_pid_att": [100.0, 0.07274898886680603, 0.9022658467292786], "k_pid_yaw": [0.5, 1e-06, 0.1], "k_pid_hsp": [0.23759858310222626, 0.00040096044540405273, 0.9664888381958008], "k_pid_vsp": [0.0, 400.0, 376.31494140625]}, "datetime": {"datetime": "2025-08-13 17:34:31", "elapsed": 27999.973658323288, "delta": 29.066432237625122}, "costs": {"total_cost": 7365.608294954563, "time_cost": 150, "final_distance_cost": 1718.7070804361663, "oscillation_cost": 833.966380435871, "completition_cost": 1000.0, "overshoot_cost": 3601.123894660636, "power_cost": 34.09411676025391, "noise_cost": 27.716822661635078, "n_waypoints_completed": 0, "tot_waypoints": 9}}
{"target": -2063.282158773689, "params": {"k_pid_pos": [1.9426724910736084, 0.015034973621368408, 0.0], "k_pid_alt": [1.944652795791626, 0.10684293508529663, 0.9992303848266602], "k_pid_att": [100.0, 0.2596127390861511, 1.0], "k_pid_yaw": [0.5, 1e-06, 0.1], "k_pid_hsp": [9.999999747378752e-05, 0.0, 0.9810649156570435], "k_pid_vsp": [8.69591236114502, 400.0, 376.5192565917969]}, "datetime": {"datetime": "2025-08-13 17:35:00", "elapsed": 28028.51326417923, "delta": 28.539605855941772}, "costs": {"total_cost": 2063.282158773689, "time_cost": 150, "final_distance_cost": 3.011163407778539, "oscillation_cost": 742.9054228676719, "completition_cost": 1000.0, "overshoot_cost": 79.33062074571643, "power_cost": 41.13624431152344, "noise_cost": 46.89870744099886, "n_waypoints_completed": 0, "tot_waypoints": 9}}
{"target": -2357.7837244867546, "params": {"k_pid_pos": [2.0, 0.0891123116016388, 0.0], "k_pid_alt": [2.0, 0.006093412637710571, 1.0], "k_pid_att": [97.23636627197266, 9.999999747378752e-05, 0.9587024450302124], "k_pid_yaw": [0.5, 1e-06, 0.1], "k_pid_hsp": [0.507321834564209, 0.06286847591400146, 1.0], "k_pid_vsp": [0.0, 400.0, 400.0]}, "datetime": {"datetime": "2025-08-13 17:35:30", "elapsed": 28058.461198091507, "delta": 29.94793391227722}, "costs": {"total_cost": 2357.7837244867546, "time_cost": 150, "final_distance_cost": 153.7092160284489, "oscillation_cost": 402.0457530670095, "completition_cost": 1000.0, "overshoot_cost": 583.8905206199338, "power_cost": 38.30214354248047, "noise_cost": 29.836091228882154, "n_waypoints_completed": 0, "tot_waypoints": 9}}
{"target": -2182.1081533072756, "params": {"k_pid_pos": [2.0, 0.13901406526565552, 0.0], "k_pid_alt": [2.0, 0.05877774953842163, 1.0], "k_pid_att": [97.2051773071289, 0.7477827072143555, 0.9973654747009277], "k_pid_yaw": [0.5, 1e-06, 0.1], "k_pid_hsp": [9.999999747378752e-05, 0.05924642086029053, 1.0], "k_pid_vsp": [0.0, 400.0, 361.4139709472656]}, "datetime": {"datetime": "2025-08-13 17:35:59", "elapsed": 28087.20671606064, "delta": 28.74551796913147}, "costs": {"total_cost": 2182.1081533072756, "time_cost": 150, "final_distance_cost": 64.91317781728213, "oscillation_cost": 729.3217422995853, "completition_cost": 1000.0, "overshoot_cost": 171.88305409505588, "power_cost": 37.558056518554686, "noise_cost": 28.432122576797468, "n_waypoints_completed": 0, "tot_waypoints": 9}}
{"target": -2545.013378028982, "params": {"k_pid_pos": [2.0, 0.040728628635406494, 0.0], "k_pid_alt": [1.8473862409591675, 0.0, 1.0], "k_pid_att": [100.0, 0.3667742609977722, 1.0], "k_pid_yaw": [0.5, 1e-06, 0.1], "k_pid_hsp": [9.999999747378752e-05, 0.0, 1.0], "k_pid_vsp": [27.549434661865234, 397.59912109375, 379.98193359375]}, "datetime": {"datetime": "2025-08-13 17:36:27", "elapsed": 28115.62841939926, "delta": 28.421703338623047}, "costs": {"total_cost": 2545.013378028982, "time_cost": 150, "final_distance_cost": 101.92576861658858, "oscillation_cost": 750.9040957174383, "completition_cost": 1000.0, "overshoot_cost": 476.4641549330829, "power_cost": 36.925315637207035, "noise_cost": 28.794043124665585, "n_waypoints_completed": 0, "tot_waypoints": 9}}
{"target": -5387.38147889141, "params": {"k_pid_pos": [2.0, 0.0, 0.10484087467193604], "k_pid_alt": [1.976438045501709, 0.0, 0.9475924372673035], "k_pid_att": [98.02320861816406, 0.04952188953757286, 0.9841563701629639], "k_pid_yaw": [0.5, 1e-06, 0.1], "k_pid_hsp": [9.999999747378752e-05, 0.0, 1.0], "k_pid_vsp": [0.0, 390.41339111328125, 370.14251708984375]}, "datetime": {"datetime": "2025-08-13 17:36:55", "elapsed": 28143.432202339172, "delta": 27.80378293991089}, "costs": {"total_cost": 5387.38147889141, "time_cost": 150, "final_distance_cost": 1160.6481021946424, "oscillation_cost": 816.72319063833, "completition_cost": 1000.0, "overshoot_cost": 2198.6939043783673, "power_cost": 33.813873291015625, "noise_cost": 27.502408389054466, "n_waypoints_completed": 0, "tot_waypoints": 9}}
{"target": -1732.812473662668, "params": {"k_pid_pos": [1.9869037866592407, 0.0, 0.0], "k_pid_alt": [2.0, 0.017917513847351074, 0.9496220946311951], "k_pid_att": [100.0, 9.999999747378752e-05, 1.0], "k_pid_yaw": [0.5, 1e-06, 0.1], "k_pid_hsp": [1.504499077796936, 0.0, 0.9725967645645142], "k_pid_vsp": [0.0, 392.5876770019531, 400.0]}, "datetime": {"datetime": "2025-08-13 17:37:24", "elapsed": 28172.551882505417, "delta": 29.119680166244507}, "costs": {"total_cost": 1732.812473662668, "time_cost": 150, "final_distance_cost": 124.95980435710902, "oscillation_cost": 458.47539999203747, "completition_cost": 777.7777777777778, "overshoot_cost": 127.47534988602922, "power_cost": 37.192566137695316, "noise_cost": 56.93157551201896, "n_waypoints_completed": 2, "tot_waypoints": 9}}
{"target": -6208.824872265285, "params": {"k_pid_pos": [2.0, 0.0, 0.040142446756362915], "k_pid_alt": [1.9294275045394897, 0.0, 0.9417895674705505], "k_pid_att": [100.0, 9.999999747378752e-05, 0.9627922177314758], "k_pid_yaw": [0.5, 1e-06, 0.1], "k_pid_hsp": [0.3024251163005829, 0.07054606080055237, 0.9966152906417847], "k_pid_vsp": [0.0, 378.6993103027344, 400.0]}, "datetime": {"datetime": "2025-08-13 17:37:52", "elapsed": 28200.60360121727, "delta": 28.051718711853027}, "costs": {"total_cost": 6208.824872265285, "time_cost": 150, "final_distance_cost": 1454.1228692965133, "oscillation_cost": 699.0196480354821, "completition_cost": 1000.0, "overshoot_cost": 2842.7420168533554, "power_cost": 34.87859097900391, "noise_cost": 28.061747100931367, "n_waypoints_completed": 0, "tot_waypoints": 9}}
{"target": -1569.1822991762847, "params": {"k_pid_pos": [2.0, 0.07998150587081909, 0.0], "k_pid_alt": [1.9538040161132812, 0.04680249094963074, 0.968474268913269], "k_pid_att": [100.0, 9.999999747378752e-05, 1.0], "k_pid_yaw": [0.5, 1e-06, 0.1], "k_pid_hsp": [0.7335087656974792, 0.05039036273956299, 0.9718238711357117], "k_pid_vsp": [45.911991119384766, 400.0, 388.8940734863281]}, "datetime": {"datetime": "2025-08-13 17:38:20", "elapsed": 28228.939207792282, "delta": 28.335606575012207}, "costs": {"total_cost": 1569.1822991762847, "time_cost": 150, "final_distance_cost": 68.43228584127232, "oscillation_cost": 343.8635621001766, "completition_cost": 777.7777777777778, "overshoot_cost": 130.46679979154422, "power_cost": 41.31029074707031, "noise_cost": 57.33158291844374, "n_waypoints_completed": 2, "tot_waypoints": 9}}
{"target": -2156.1415906421926, "params": {"k_pid_pos": [1.8597089052200317, 0.0, 0.07165247201919556], "k_pid_alt": [1.9042683839797974, 0.027434825897216797, 1.0], "k_pid_att": [91.08656311035156, 0.6022961139678955, 0.992224931716919], "k_pid_yaw": [0.5, 1e-06, 0.1], "k_pid_hsp": [9.999999747378752e-05, 0.0, 1.0], "k_pid_vsp": [0.0, 400.0, 400.0]}, "datetime": {"datetime": "2025-08-13 17:38:50", "elapsed": 28258.44694018364, "delta": 29.507732391357422}, "costs": {"total_cost": 2156.1415906421926, "time_cost": 150, "final_distance_cost": 53.47564592168333, "oscillation_cost": 758.7886696585227, "completition_cost": 1000.0, "overshoot_cost": 128.9082965137642, "power_cost": 36.46062833251953, "noise_cost": 28.50835021570287, "n_waypoints_completed": 0, "tot_waypoints": 9}}
{"target": -5017.685001925081, "params": {"k_pid_pos": [2.0, 0.0, 0.12160366773605347], "k_pid_alt": [1.9785280227661133, 0.0, 1.0], "k_pid_att": [89.94164276123047, 0.7075443267822266, 0.9711077213287354], "k_pid_yaw": [0.5, 1e-06, 0.1], "k_pid_hsp": [0.11426112800836563, 0.0, 0.9669645428657532], "k_pid_vsp": [0.0, 400.0, 389.17840576171875]}, "datetime": {"datetime": "2025-08-13 17:39:19", "elapsed": 28287.189621925354, "delta": 28.742681741714478}, "costs": {"total_cost": 5017.685001925081, "time_cost": 150, "final_distance_cost": 1093.5536357117887, "oscillation_cost": 752.4537029726922, "completition_cost": 1000.0, "overshoot_cost": 1961.079355224923, "power_cost": 33.137058935546875, "noise_cost": 27.461249080131104, "n_waypoints_completed": 0, "tot_waypoints": 9}}
{"target": -2237.32815057144, "params": {"k_pid_pos": [2.0, 0.008732616901397705, 0.0], "k_pid_alt": [2.0, 0.0, 0.9488958120346069], "k_pid_att": [97.3387680053711, 0.925778865814209, 1.0], "k_pid_yaw": [0.5, 1e-06, 0.1], "k_pid_hsp": [9.999999747378752e-05, 0.0, 1.0], "k_pid_vsp": [13.127851486206055, 399.2674865722656, 400.0]}, "datetime": {"datetime": "2025-08-13 17:39:48", "elapsed": 28316.31705212593, "delta": 29.127430200576782}, "costs": {"total_cost": 2237.32815057144, "time_cost": 150, "final_distance_cost": 70.01772942400568, "oscillation_cost": 733.0070766920069, "completition_cost": 1000.0, "overshoot_cost": 162.84907710688427, "power_cost": 41.73876362304688, "noise_cost": 79.71550372549609, "n_waypoints_completed": 0, "tot_waypoints": 9}}
{"target": -2513.4968709621357, "params": {"k_pid_pos": [2.0, 0.011797577142715454, 0.0], "k_pid_alt": [1.8996987342834473, 0.0, 1.0], "k_pid_att": [100.0, 9.999999747378752e-05, 0.9707823991775513], "k_pid_yaw": [0.5, 1e-06, 0.1], "k_pid_hsp": [9.999999747378752e-05, 0.0, 0.999146044254303], "k_pid_vsp": [0.3305792808532715, 400.0, 383.7361145019531]}, "datetime": {"datetime": "2025-08-13 17:40:17", "elapsed": 28345.396837472916, "delta": 29.079785346984863}, "costs": {"total_cost": 2513.4968709621357, "time_cost": 150, "final_distance_cost": 122.98586969935597, "oscillation_cost": 903.7711683431442, "completition_cost": 1000.0, "overshoot_cost": 271.1055854445313, "power_cost": 37.0644092163086, "noise_cost": 28.569838258795798, "n_waypoints_completed": 0, "tot_waypoints": 9}}
{"target": -2347.838729337743, "params": {"k_pid_pos": [1.8406716585159302, 0.0, 0.012789547443389893], "k_pid_alt": [2.0, 0.02148306369781494, 0.9515920877456665], "k_pid_att": [99.29082489013672, 9.999999747378752e-05, 1.0], "k_pid_yaw": [0.5, 1e-06, 0.1], "k_pid_hsp": [0.2973313629627228, 0.06486761569976807, 1.0], "k_pid_vsp": [0.0, 400.0, 400.0]}, "datetime": {"datetime": "2025-08-13 17:40:46", "elapsed": 28374.820775032043, "delta": 29.423937559127808}, "costs": {"total_cost": 2347.838729337743, "time_cost": 150, "final_distance_cost": 71.30583207423547, "oscillation_cost": 642.8560108417814, "completition_cost": 1000.0, "overshoot_cost": 420.16431933787544, "power_cost": 35.24078604736328, "noise_cost": 28.271781036487848, "n_waypoints_completed": 0, "tot_waypoints": 9}}
{"target": -6086.97238520849, "params": {"k_pid_pos": [2.0, 0.0, 0.0], "k_pid_alt": [1.9106676578521729, 0.0, 1.0], "k_pid_att": [100.0, 9.999999747378752e-05, 1.0], "k_pid_yaw": [0.5, 1e-06, 0.1], "k_pid_hsp": [9.999999747378752e-05, 0.026320844888687134, 0.9939613938331604], "k_pid_vsp": [0.0, 384.0634765625, 396.9146728515625]}, "datetime": {"datetime": "2025-08-13 17:41:16", "elapsed": 28404.334228038788, "delta": 29.513453006744385}, "costs": {"total_cost": 6086.97238520849, "time_cost": 150, "final_distance_cost": 1111.6036997710828, "oscillation_cost": 736.6295033084696, "completition_cost": 1000.0, "overshoot_cost": 3025.035074884166, "power_cost": 35.54163319091797, "noise_cost": 28.162474053853536, "n_waypoints_completed": 0, "tot_waypoints": 9}}
{"target": -5132.384033511722, "params": {"k_pid_pos": [2.0, 0.05491232872009277, 0.05846479535102844], "k_pid_alt": [2.0, 0.008908718824386597, 1.0], "k_pid_att": [93.83261108398438, 0.8294531106948853, 1.0], "k_pid_yaw": [0.5, 1e-06, 0.1], "k_pid_hsp": [9.999999747378752e-05, 0.0, 0.9365949630737305], "k_pid_vsp": [37.089656829833984, 383.2315979003906, 400.0]}, "datetime": {"datetime": "2025-08-13 17:41:45", "elapsed": 28433.480273008347, "delta": 29.146044969558716}, "costs": {"total_cost": 5132.384033511722, "time_cost": 150, "final_distance_cost": 1152.3294657703439, "oscillation_cost": 874.8817788445917, "completition_cost": 1000.0, "overshoot_cost": 1895.4668145505448, "power_cost": 32.79246597900391, "noise_cost": 26.91350836723756, "n_waypoints_completed": 0, "tot_waypoints": 9}}
{"target": -9188.791413743054, "params": {"k_pid_pos": [1.919521450996399, 0.029891610145568848, 0.026146799325942993], "k_pid_alt": [1.8905041217803955, 0.0, 0.9708393216133118], "k_pid_att": [100.0, 0.2500161826610565, 0.918723464012146], "k_pid_yaw": [0.5, 1e-06, 0.1], "k_pid_hsp": [0.275529682636261, 0.0, 0.9256342649459839], "k_pid_vsp": [0.0, 375.2291564941406, 396.0150146484375]}, "datetime": {"datetime": "2025-08-13 17:42:14", "elapsed": 28462.20632624626, "delta": 28.72605323791504}, "costs": {"total_cost": 9188.791413743054, "time_cost": 150, "final_distance_cost": 2263.25612160627, "oscillation_cost": 746.8997196799727, "completition_cost": 1000.0, "overshoot_cost": 4965.899503363608, "power_cost": 34.478007946777346, "noise_cost": 28.258061146423863, "n_waypoints_completed": 0, "tot_waypoints": 9}}
{"target": -2142.2803698248267, "params": {"k_pid_pos": [2.0, 0.03795972466468811, 0.0], "k_pid_alt": [1.9660265445709229, 0.0, 0.9836313724517822], "k_pid_att": [100.0, 0.0643966794013977, 0.9710726737976074], "k_pid_yaw": [0.5, 1e-06, 0.1], "k_pid_hsp": [0.40378090739250183, 0.0629098117351532, 1.0], "k_pid_vsp": [0.0, 400.0, 379.45648193359375]}, "datetime": {"datetime": "2025-08-13 17:42:42", "elapsed": 28490.603395462036, "delta": 28.397069215774536}, "costs": {"total_cost": 2142.2803698248267, "time_cost": 150, "final_distance_cost": 77.83431944804352, "oscillation_cost": 678.441898962238, "completition_cost": 1000.0, "overshoot_cost": 164.12941202244863, "power_cost": 37.576470288085936, "noise_cost": 34.298269104010366, "n_waypoints_completed": 0, "tot_waypoints": 9}}
{"target": -2104.997609574428, "params": {"k_pid_pos": [1.9707119464874268, 0.0, 0.0], "k_pid_alt": [2.0, 0.01742655038833618, 1.0], "k_pid_att": [97.16767883300781, 9.999999747378752e-05, 1.0], "k_pid_yaw": [0.5, 1e-06, 0.1], "k_pid_hsp": [0.0033472285140305758, 0.0, 0.8826001882553101], "k_pid_vsp": [19.657623291015625, 385.9353942871094, 400.0]}, "datetime": {"datetime": "2025-08-13 17:43:11", "elapsed": 28519.74144053459, "delta": 29.138045072555542}, "costs": {"total_cost": 2104.997609574428, "time_cost": 150, "final_distance_cost": 8.395064872482642, "oscillation_cost": 783.4293521425983, "completition_cost": 1000.0, "overshoot_cost": 68.98227712552705, "power_cost": 38.16255192871094, "noise_cost": 56.02836350510895, "n_waypoints_completed": 0, "tot_waypoints": 9}}
{"target": -2142.670137034168, "params": {"k_pid_pos": [2.0, 0.0, 0.0], "k_pid_alt": [2.0, 0.0, 1.0], "k_pid_att": [97.7305679321289, 0.7723264694213867, 0.968704879283905], "k_pid_yaw": [0.5, 1e-06, 0.1], "k_pid_hsp": [9.999999747378752e-05, 0.0, 1.0], "k_pid_vsp": [0.0, 400.0, 382.4327392578125]}, "datetime": {"datetime": "2025-08-13 17:43:41", "elapsed": 28549.32540822029, "delta": 29.583967685699463}, "costs": {"total_cost": 2142.670137034168, "time_cost": 150, "final_distance_cost": 107.08077237694762, "oscillation_cost": 773.5695849868716, "completition_cost": 1000.0, "overshoot_cost": 45.183788066773886, "power_cost": 38.23364949951172, "noise_cost": 28.6023421040631, "n_waypoints_completed": 0, "tot_waypoints": 9}}
{"target": -2083.7151238087235, "params": {"k_pid_pos": [1.9500333070755005, 0.056281208992004395, 0.07912653684616089], "k_pid_alt": [1.9257683753967285, 0.0, 1.0], "k_pid_att": [97.02259063720703, 0.7650777101516724, 0.9779036045074463], "k_pid_yaw": [0.5, 1e-06, 0.1], "k_pid_hsp": [9.999999747378752e-05, 0.02023690938949585, 0.9075392484664917], "k_pid_vsp": [0.0, 383.4808349609375, 386.97760009765625]}, "datetime": {"datetime": "2025-08-13 17:44:10", "elapsed": 28578.36417913437, "delta": 29.03877091407776}, "costs": {"total_cost": 2083.7151238087235, "time_cost": 150, "final_distance_cost": 28.61032371861769, "oscillation_cost": 780.8858231596855, "completition_cost": 1000.0, "overshoot_cost": 58.87939510225552, "power_cost": 37.170059692382814, "noise_cost": 28.169522135782238, "n_waypoints_completed": 0, "tot_waypoints": 9}}
{"target": -2389.0390123045613, "params": {"k_pid_pos": [2.0, 0.043041765689849854, 0.003361940383911133], "k_pid_alt": [1.7535557746887207, 0.0, 1.0], "k_pid_att": [100.0, 9.999999747378752e-05, 0.907593309879303], "k_pid_yaw": [0.5, 1e-06, 0.1], "k_pid_hsp": [9.999999747378752e-05, 0.04923665523529053, 0.9972875714302063], "k_pid_vsp": [24.932933807373047, 383.65069580078125, 400.0]}, "datetime": {"datetime": "2025-08-13 17:44:39", "elapsed": 28607.540179014206, "delta": 29.175999879837036}, "costs": {"total_cost": 2389.0390123045613, "time_cost": 150, "final_distance_cost": 156.99519464288463, "oscillation_cost": 738.7603530358348, "completition_cost": 1000.0, "overshoot_cost": 277.03266032527193, "power_cost": 37.56640827636719, "noise_cost": 28.68439602420262, "n_waypoints_completed": 0, "tot_waypoints": 9}}
{"target": -8627.329585256522, "params": {"k_pid_pos": [2.0, 0.018386095762252808, 0.02447885274887085], "k_pid_alt": [2.0, 0.0, 0.9485374689102173], "k_pid_att": [100.0, 0.7376184463500977, 0.9446661472320557], "k_pid_yaw": [0.5, 1e-06, 0.1], "k_pid_hsp": [0.39673304557800293, 0.05077242851257324, 0.96971195936203], "k_pid_vsp": [0.0, 388.136474609375, 389.5628967285156]}, "datetime": {"datetime": "2025-08-13 17:45:08", "elapsed": 28636.095323324203, "delta": 28.55514430999756}, "costs": {"total_cost": 8627.329585256522, "time_cost": 150, "final_distance_cost": 2290.6914681660987, "oscillation_cost": 767.7001543823714, "completition_cost": 1000.0, "overshoot_cost": 4355.61525275448, "power_cost": 34.95455604248047, "noise_cost": 28.36815391109084, "n_waypoints_completed": 0, "tot_waypoints": 9}}
{"target": -4284.8458658371355, "params": {"k_pid_pos": [1.906558632850647, 0.04558438062667847, 0.0], "k_pid_alt": [2.0, 0.024628669023513794, 0.9893838167190552], "k_pid_att": [90.75515747070312, 0.23163191974163055, 0.945379376411438], "k_pid_yaw": [0.5, 1e-06, 0.1], "k_pid_hsp": [9.999999747378752e-05, 0.0, 0.9920864701271057], "k_pid_vsp": [0.0, 400.0, 397.0834655761719]}, "datetime": {"datetime": "2025-08-13 17:45:37", "elapsed": 28665.41800904274, "delta": 29.322685718536377}, "costs": {"total_cost": 4284.8458658371355, "time_cost": 150, "final_distance_cost": 1063.5567431748232, "oscillation_cost": 755.0313395614373, "completition_cost": 1000.0, "overshoot_cost": 1257.276396298067, "power_cost": 32.11446608886719, "noise_cost": 26.86692071393977, "n_waypoints_completed": 0, "tot_waypoints": 9}}
{"target": -3771.591357877704, "params": {"k_pid_pos": [1.8357161283493042, 0.04717129468917847, 0.028942763805389404], "k_pid_alt": [2.0, 0.0, 1.0], "k_pid_att": [97.80126953125, 0.0725540891289711, 0.9442615509033203], "k_pid_yaw": [0.5, 1e-06, 0.1], "k_pid_hsp": [9.999999747378752e-05, 0.006043761968612671, 0.9713345766067505], "k_pid_vsp": [0.0, 400.0, 391.3300476074219]}, "datetime": {"datetime": "2025-08-13 17:46:07", "elapsed": 28695.129467010498, "delta": 29.71145796775818}, "costs": {"total_cost": 3771.591357877704, "time_cost": 150, "final_distance_cost": 327.92508225642166, "oscillation_cost": 699.6332378752496, "completition_cost": 888.8888888888888, "overshoot_cost": 1641.2638432801168, "power_cost": 35.97391345214844, "noise_cost": 27.906392124878924, "n_waypoints_completed": 1, "tot_waypoints": 9}}
{"target": -1888.0264842888168, "params": {"k_pid_pos": [2.0, 0.0, 0.0], "k_pid_alt": [2.0, 0.0, 1.0], "k_pid_att": [92.80909729003906, 0.40223121643066406, 0.962090015411377], "k_pid_yaw": [0.5, 1e-06, 0.1], "k_pid_hsp": [0.14609773457050323, 0.07594501972198486, 1.0], "k_pid_vsp": [0.0, 387.9002990722656, 400.0]}, "datetime": {"datetime": "2025-08-13 17:46:42", "elapsed": 28730.32733273506, "delta": 35.1978657245636}, "costs": {"total_cost": 1888.0264842888168, "time_cost": 150, "final_distance_cost": 61.87582404237864, "oscillation_cost": 754.6516026725872, "completition_cost": 777.7777777777778, "overshoot_cost": 77.75899267414385, "power_cost": 37.717763427734376, "noise_cost": 28.244523694195014, "n_waypoints_completed": 2, "tot_waypoints": 9}}
