{"target": -10611.427446505788, "params": {"k_pid_pos": [2.0, 0.0, 0.060288697481155396], "k_pid_alt": [2.0, 0.0, 0.9502109289169312], "k_pid_att": [91.35464477539062, 0.13797876238822937, 0.9117869138717651], "k_pid_yaw": [0.5, 1e-06, 0.1], "k_pid_hsp": [9.999999747378752e-05, 0.0, 0.9239836931228638], "k_pid_vsp": [0.0, 393.842041015625, 378.3387145996094]}, "datetime": {"datetime": "2025-08-13 17:47:12", "elapsed": 28760.468301296234, "delta": 30.140968561172485}, "costs": {"total_cost": 10611.427446505788, "time_cost": 150, "final_distance_cost": 2891.9690391621352, "oscillation_cost": 800.5267635478733, "completition_cost": 1000.0, "overshoot_cost": 5704.633906166992, "power_cost": 35.703142883300785, "noise_cost": 28.59459474548648, "n_waypoints_completed": 0, "tot_waypoints": 9}}
{"target": -2465.759667597547, "params": {"k_pid_pos": [2.0, 0.054516494274139404, 0.0], "k_pid_alt": [2.0, 0.0, 0.9871550798416138], "k_pid_att": [100.0, 0.3058854341506958, 0.9700599312782288], "k_pid_yaw": [0.5, 1e-06, 0.1], "k_pid_hsp": [0.3532584309577942, 0.0, 0.9233054518699646], "k_pid_vsp": [0.0, 400.0, 400.0]}, "datetime": {"datetime": "2025-08-13 17:47:40", "elapsed": 28788.874148607254, "delta": 28.405847311019897}, "costs": {"total_cost": 2465.759667597547, "time_cost": 150, "final_distance_cost": 104.95781655407882, "oscillation_cost": 552.7700419866353, "completition_cost": 1000.0, "overshoot_cost": 592.3661110172006, "power_cost": 36.930928332519535, "noise_cost": 28.73476970711259, "n_waypoints_completed": 0, "tot_waypoints": 9}}
{"target": -7500.210972124593, "params": {"k_pid_pos": [2.0, 0.04775777459144592, 0.0], "k_pid_alt": [2.0, 0.029287666082382202, 0.8822499513626099], "k_pid_att": [95.35719299316406, 9.999999747378752e-05, 1.0], "k_pid_yaw": [0.5, 1e-06, 0.1], "k_pid_hsp": [9.999999747378752e-05, 0.013500690460205078, 1.0], "k_pid_vsp": [12.241565704345703, 388.907958984375, 400.0]}, "datetime": {"datetime": "2025-08-13 17:48:09", "elapsed": 28817.549254655838, "delta": 28.675106048583984}, "costs": {"total_cost": 7500.210972124593, "time_cost": 150, "final_distance_cost": 2022.6487482366224, "oscillation_cost": 659.2090758712877, "completition_cost": 1000.0, "overshoot_cost": 3608.5554234959454, "power_cost": 32.64393856201172, "noise_cost": 27.153785958726218, "n_waypoints_completed": 0, "tot_waypoints": 9}}
{"target": -2115.602421935872, "params": {"k_pid_pos": [1.874432921409607, 0.11911499500274658, 0.07414895296096802], "k_pid_alt": [1.8915671110153198, 0.0, 1.0], "k_pid_att": [94.97393035888672, 0.1736258566379547, 1.0], "k_pid_yaw": [0.5, 1e-06, 0.1], "k_pid_hsp": [9.999999747378752e-05, 0.0, 0.950019359588623], "k_pid_vsp": [10.720861434936523, 388.3369445800781, 371.8482360839844]}, "datetime": {"datetime": "2025-08-13 17:48:39", "elapsed": 28847.50016927719, "delta": 29.95091462135315}, "costs": {"total_cost": 2115.602421935872, "time_cost": 150, "final_distance_cost": 46.52911953922903, "oscillation_cost": 717.2856539781286, "completition_cost": 1000.0, "overshoot_cost": 120.79269955773022, "power_cost": 42.07174810791016, "noise_cost": 38.92320075287396, "n_waypoints_completed": 0, "tot_waypoints": 9}}
{"target": -4709.832248523255, "params": {"k_pid_pos": [2.0, 0.10782700777053833, 0.024698197841644287], "k_pid_alt": [2.0, 0.0, 1.0], "k_pid_att": [100.0, 9.999999747378752e-05, 0.9757524728775024], "k_pid_yaw": [0.5, 1e-06, 0.1], "k_pid_hsp": [9.999999747378752e-05, 0.0, 1.0], "k_pid_vsp": [4.259335994720459, 399.4739990234375, 400.0]}, "datetime": {"datetime": "2025-08-13 17:49:08", "elapsed": 28876.098484277725, "delta": 28.598315000534058}, "costs": {"total_cost": 4709.832248523255, "time_cost": 150, "final_distance_cost": 846.5978409933193, "oscillation_cost": 724.3473898478472, "completition_cost": 1000.0, "overshoot_cost": 1928.0787006702149, "power_cost": 33.13177692871094, "noise_cost": 27.676540083162717, "n_waypoints_completed": 0, "tot_waypoints": 9}}
{"target": -3513.596457528708, "params": {"k_pid_pos": [1.8953883647918701, 0.052877187728881836, 0.01566028594970703], "k_pid_alt": [1.9971911907196045, 0.0, 1.0], "k_pid_att": [96.10858917236328, 0.15077903866767883, 0.9857820868492126], "k_pid_yaw": [0.5, 1e-06, 0.1], "k_pid_hsp": [9.999999747378752e-05, 0.04220449924468994, 0.9576741456985474], "k_pid_vsp": [0.0, 400.0, 400.0]}, "datetime": {"datetime": "2025-08-13 17:49:37", "elapsed": 28905.387677192688, "delta": 29.28919291496277}, "costs": {"total_cost": 3513.596457528708, "time_cost": 150, "final_distance_cost": 409.3171964940187, "oscillation_cost": 639.1139016777686, "completition_cost": 1000.0, "overshoot_cost": 1251.800531942493, "power_cost": 35.26570953369141, "noise_cost": 28.09911788073652, "n_waypoints_completed": 0, "tot_waypoints": 9}}
{"target": -2861.534746516584, "params": {"k_pid_pos": [2.0, 0.03794953227043152, 0.0], "k_pid_alt": [1.8606313467025757, 0.040824055671691895, 1.0], "k_pid_att": [91.1741714477539, 0.022106708958745003, 0.9431922435760498], "k_pid_yaw": [0.5, 1e-06, 0.1], "k_pid_hsp": [0.3036869466304779, 0.05678609013557434, 1.0], "k_pid_vsp": [0.0, 378.067626953125, 389.7927551269531]}, "datetime": {"datetime": "2025-08-13 17:50:06", "elapsed": 28934.839510202408, "delta": 29.45183300971985}, "costs": {"total_cost": 2861.534746516584, "time_cost": 150, "final_distance_cost": 383.2536970371388, "oscillation_cost": 463.44172619891367, "completition_cost": 1000.0, "overshoot_cost": 797.4661491446782, "power_cost": 37.98078397216797, "noise_cost": 29.392390163685246, "n_waypoints_completed": 0, "tot_waypoints": 9}}
{"target": -3966.3752696642273, "params": {"k_pid_pos": [2.0, 0.05725640058517456, 0.0], "k_pid_alt": [1.9528441429138184, 0.0, 0.979057252407074], "k_pid_att": [98.75848388671875, 9.999999747378752e-05, 0.9964273571968079], "k_pid_yaw": [0.5, 1e-06, 0.1], "k_pid_hsp": [0.1971411556005478, 0.0, 0.9530589580535889], "k_pid_vsp": [35.54399108886719, 400.0, 400.0]}, "datetime": {"datetime": "2025-08-13 17:50:35", "elapsed": 28964.061089992523, "delta": 29.221579790115356}, "costs": {"total_cost": 3966.3752696642273, "time_cost": 150, "final_distance_cost": 531.7744347762763, "oscillation_cost": 819.4363670881035, "completition_cost": 1000.0, "overshoot_cost": 1401.8202732476304, "power_cost": 35.02967352294922, "noise_cost": 28.314521029267812, "n_waypoints_completed": 0, "tot_waypoints": 9}}
{"target": -7150.3819441197975, "params": {"k_pid_pos": [1.9827003479003906, 0.0, 0.0], "k_pid_alt": [2.0, 0.06505468487739563, 1.0], "k_pid_att": [100.0, 0.48438435792922974, 0.9422144293785095], "k_pid_yaw": [0.5, 1e-06, 0.1], "k_pid_hsp": [0.6549294590950012, 0.007578939199447632, 0.9926090240478516], "k_pid_vsp": [1.7096638679504395, 394.13299560546875, 400.0]}, "datetime": {"datetime": "2025-08-13 17:51:04", "elapsed": 28992.77321743965, "delta": 28.712127447128296}, "costs": {"total_cost": 7150.3819441197975, "time_cost": 150, "final_distance_cost": 1965.783015985348, "oscillation_cost": 707.6569725685912, "completition_cost": 1000.0, "overshoot_cost": 3262.568904773653, "power_cost": 34.89504931640625, "noise_cost": 29.478001475798475, "n_waypoints_completed": 0, "tot_waypoints": 9}}
{"target": -2906.734668558653, "params": {"k_pid_pos": [2.0, 0.016699612140655518, 0.0], "k_pid_alt": [2.0, 0.12147003412246704, 0.9763895273208618], "k_pid_att": [100.0, 9.999999747378752e-05, 1.0], "k_pid_yaw": [0.5, 1e-06, 0.1], "k_pid_hsp": [9.999999747378752e-05, 0.12035095691680908, 1.0], "k_pid_vsp": [0.0, 400.0, 400.0]}, "datetime": {"datetime": "2025-08-13 17:51:33", "elapsed": 29021.560802936554, "delta": 28.787585496902466}, "costs": {"total_cost": 2906.734668558653, "time_cost": 150, "final_distance_cost": 459.24917783156184, "oscillation_cost": 800.1279692649236, "completition_cost": 1000.0, "overshoot_cost": 436.98068361323413, "power_cost": 33.12178197021485, "noise_cost": 27.255055878718256, "n_waypoints_completed": 0, "tot_waypoints": 9}}
{"target": -6643.150095380176, "params": {"k_pid_pos": [1.7804131507873535, 0.022116273641586304, 0.0], "k_pid_alt": [2.0, 0.0705280601978302, 1.0], "k_pid_att": [100.0, 9.999999747378752e-05, 1.0], "k_pid_yaw": [0.5, 1e-06, 0.1], "k_pid_hsp": [0.4682707190513611, 0.05578494071960449, 1.0], "k_pid_vsp": [4.626166820526123, 397.35919189453125, 384.4225769042969]}, "datetime": {"datetime": "2025-08-13 17:52:01", "elapsed": 29049.74005460739, "delta": 28.179251670837402}, "costs": {"total_cost": 6643.150095380176, "time_cost": 150, "final_distance_cost": 1630.5093111387948, "oscillation_cost": 768.5316464586436, "completition_cost": 1000.0, "overshoot_cost": 3032.483385868106, "power_cost": 33.52268835449219, "noise_cost": 28.103063560139802, "n_waypoints_completed": 0, "tot_waypoints": 9}}
{"target": -4473.460776921054, "params": {"k_pid_pos": [1.831464409828186, 0.09669217467308044, 0.0], "k_pid_alt": [2.0, 0.0, 1.0], "k_pid_att": [100.0, 9.999999747378752e-05, 1.0], "k_pid_yaw": [0.5, 1e-06, 0.1], "k_pid_hsp": [0.21438400447368622, 0.0, 0.9109386205673218], "k_pid_vsp": [16.28363037109375, 400.0, 392.1517028808594]}, "datetime": {"datetime": "2025-08-13 17:52:29", "elapsed": 29077.911025762558, "delta": 28.170971155166626}, "costs": {"total_cost": 4473.460776921054, "time_cost": 150, "final_distance_cost": 1136.832365032944, "oscillation_cost": 760.9146994406345, "completition_cost": 1000.0, "overshoot_cost": 1362.432841889635, "power_cost": 35.12712021484375, "noise_cost": 28.153750342997625, "n_waypoints_completed": 0, "tot_waypoints": 9}}
{"target": -4131.991100134766, "params": {"k_pid_pos": [2.0, 0.0, 0.08623683452606201], "k_pid_alt": [2.0, 0.0, 1.0], "k_pid_att": [100.0, 9.999999747378752e-05, 0.8849709033966064], "k_pid_yaw": [0.5, 1e-06, 0.1], "k_pid_hsp": [9.999999747378752e-05, 0.03425326943397522, 0.9326243996620178], "k_pid_vsp": [3.5801291465759277, 400.0, 397.011962890625]}, "datetime": {"datetime": "2025-08-13 17:52:58", "elapsed": 29106.278826236725, "delta": 28.36780047416687}, "costs": {"total_cost": 4131.991100134766, "time_cost": 150, "final_distance_cost": 773.718611897744, "oscillation_cost": 787.7974649493185, "completition_cost": 1000.0, "overshoot_cost": 1359.3040416122903, "power_cost": 33.50905458984375, "noise_cost": 27.66192708556973, "n_waypoints_completed": 0, "tot_waypoints": 9}}
{"target": -8580.478448332078, "params": {"k_pid_pos": [2.0, 0.0, 0.04144445061683655], "k_pid_alt": [2.0, 0.049285054206848145, 0.9006586670875549], "k_pid_att": [96.29158020019531, 9.999999747378752e-05, 1.0], "k_pid_yaw": [0.5, 1e-06, 0.1], "k_pid_hsp": [0.13093982636928558, 0.02886754274368286, 1.0], "k_pid_vsp": [0.0, 400.0, 400.0]}, "datetime": {"datetime": "2025-08-13 17:53:27", "elapsed": 29135.604657649994, "delta": 29.325831413269043}, "costs": {"total_cost": 8580.478448332078, "time_cost": 150, "final_distance_cost": 2147.1706606359235, "oscillation_cost": 840.2070923218436, "completition_cost": 1000.0, "overshoot_cost": 4381.508101231844, "power_cost": 33.954846203613286, "noise_cost": 27.63774793885475, "n_waypoints_completed": 0, "tot_waypoints": 9}}
{"target": -3937.8945279634995, "params": {"k_pid_pos": [1.9904905557632446, 0.0008301734924316406, 0.033123910427093506], "k_pid_alt": [2.0, 0.03651905059814453, 0.9999986886978149], "k_pid_att": [95.80217742919922, 0.18880164623260498, 1.0], "k_pid_yaw": [0.5, 1e-06, 0.1], "k_pid_hsp": [9.999999747378752e-05, 0.007986843585968018, 1.0], "k_pid_vsp": [0.0, 400.0, 353.79266357421875]}, "datetime": {"datetime": "2025-08-13 17:53:56", "elapsed": 29164.86155438423, "delta": 29.25689673423767}, "costs": {"total_cost": 3937.8945279634995, "time_cost": 150, "final_distance_cost": 989.6852373219441, "oscillation_cost": 830.7321363550747, "completition_cost": 888.8888888888888, "overshoot_cost": 1016.5741180031721, "power_cost": 34.53093118896484, "noise_cost": 27.483216205454745, "n_waypoints_completed": 1, "tot_waypoints": 9}}
{"target": -2288.426095700607, "params": {"k_pid_pos": [1.9345461130142212, 0.008346796035766602, 0.0011518299579620361], "k_pid_alt": [1.8586617708206177, 0.022993773221969604, 1.0], "k_pid_att": [97.44296264648438, 0.055241793394088745, 0.9704347848892212], "k_pid_yaw": [0.5, 1e-06, 0.1], "k_pid_hsp": [0.07625877857208252, 0.0, 1.0], "k_pid_vsp": [0.0, 392.6739196777344, 400.0]}, "datetime": {"datetime": "2025-08-13 17:54:25", "elapsed": 29193.966262578964, "delta": 29.104708194732666}, "costs": {"total_cost": 2288.426095700607, "time_cost": 150, "final_distance_cost": 46.93459498585332, "oscillation_cost": 726.3584224103895, "completition_cost": 1000.0, "overshoot_cost": 301.14558778500543, "power_cost": 35.843888476562505, "noise_cost": 28.143602042797028, "n_waypoints_completed": 0, "tot_waypoints": 9}}
{"target": -5684.372065032186, "params": {"k_pid_pos": [2.0, 0.0, 0.0], "k_pid_alt": [2.0, 0.0, 1.0], "k_pid_att": [97.04759979248047, 0.347179114818573, 1.0], "k_pid_yaw": [0.5, 1e-06, 0.1], "k_pid_hsp": [0.23384621739387512, 0.11530759930610657, 1.0], "k_pid_vsp": [2.991950511932373, 398.11517333984375, 386.01971435546875]}, "datetime": {"datetime": "2025-08-13 17:54:54", "elapsed": 29222.92162847519, "delta": 28.955365896224976}, "costs": {"total_cost": 5684.372065032186, "time_cost": 150, "final_distance_cost": 1335.3862015704449, "oscillation_cost": 778.3019864367652, "completition_cost": 1000.0, "overshoot_cost": 2359.8322487198975, "power_cost": 33.279528344726565, "noise_cost": 27.572099960352023, "n_waypoints_completed": 0, "tot_waypoints": 9}}
{"target": -1894.3592061561433, "params": {"k_pid_pos": [1.836348533630371, 0.08980980515480042, 0.0], "k_pid_alt": [2.0, 0.012224525213241577, 1.0], "k_pid_att": [100.0, 0.9011594653129578, 0.864352285861969], "k_pid_yaw": [0.5, 1e-06, 0.1], "k_pid_hsp": [9.999999747378752e-05, 0.1011706292629242, 1.0], "k_pid_vsp": [32.972206115722656, 400.0, 400.0]}, "datetime": {"datetime": "2025-08-13 17:55:23", "elapsed": 29251.565785884857, "delta": 28.64415740966797}, "costs": {"total_cost": 1894.3592061561433, "time_cost": 150, "final_distance_cost": 38.02113486694958, "oscillation_cost": 668.5522141205655, "completition_cost": 888.8888888888888, "overshoot_cost": 74.85449762923484, "power_cost": 41.76557293701172, "noise_cost": 32.27689771349296, "n_waypoints_completed": 1, "tot_waypoints": 9}}
{"target": -2168.3764619467156, "params": {"k_pid_pos": [2.0, 0.0032261908054351807, 0.0], "k_pid_alt": [1.987163782119751, 0.0, 0.9818528890609741], "k_pid_att": [94.96492767333984, 9.999999747378752e-05, 0.9327775239944458], "k_pid_yaw": [0.5, 1e-06, 0.1], "k_pid_hsp": [9.999999747378752e-05, 0.0, 0.9652748107910156], "k_pid_vsp": [0.0, 400.0, 400.0]}, "datetime": {"datetime": "2025-08-13 17:55:53", "elapsed": 29281.542189121246, "delta": 29.97640323638916}, "costs": {"total_cost": 2168.3764619467156, "time_cost": 150, "final_distance_cost": 56.81747304085664, "oscillation_cost": 779.0652753737718, "completition_cost": 1000.0, "overshoot_cost": 115.9358877009862, "power_cost": 37.815860754394535, "noise_cost": 28.74196507670639, "n_waypoints_completed": 0, "tot_waypoints": 9}}
{"target": -2194.365839464826, "params": {"k_pid_pos": [1.9222517013549805, 0.020812928676605225, 0.0], "k_pid_alt": [2.0, 0.009730517864227295, 1.0], "k_pid_att": [93.61450958251953, 1.15256929397583, 0.9645729660987854], "k_pid_yaw": [0.5, 1e-06, 0.1], "k_pid_hsp": [9.999999747378752e-05, 0.0, 0.9483098387718201], "k_pid_vsp": [17.160940170288086, 399.94879150390625, 358.08514404296875]}, "datetime": {"datetime": "2025-08-13 17:56:22", "elapsed": 29310.652079820633, "delta": 29.109890699386597}, "costs": {"total_cost": 2194.365839464826, "time_cost": 150, "final_distance_cost": 64.15253546598058, "oscillation_cost": 773.4997156241718, "completition_cost": 1000.0, "overshoot_cost": 143.48732937823058, "power_cost": 35.01413598632813, "noise_cost": 28.212123010114684, "n_waypoints_completed": 0, "tot_waypoints": 9}}
{"target": -2263.8525437195576, "params": {"k_pid_pos": [1.8722362518310547, 0.0, 0.030704915523529053], "k_pid_alt": [2.0, 0.0010344982147216797, 0.9851102828979492], "k_pid_att": [95.7166519165039, 0.5357016921043396, 1.0], "k_pid_yaw": [0.5, 1e-06, 0.1], "k_pid_hsp": [0.16919668018817902, 0.0, 1.0], "k_pid_vsp": [0.0, 400.0, 400.0]}, "datetime": {"datetime": "2025-08-13 17:56:51", "elapsed": 29339.703139066696, "delta": 29.051059246063232}, "costs": {"total_cost": 2263.8525437195576, "time_cost": 150, "final_distance_cost": 2.519964185146613, "oscillation_cost": 770.2945191657578, "completition_cost": 1000.0, "overshoot_cost": 217.11586293830982, "power_cost": 42.403359338378905, "noise_cost": 81.5188380919646, "n_waypoints_completed": 0, "tot_waypoints": 9}}
{"target": -4209.113872809239, "params": {"k_pid_pos": [2.0, 0.029445558786392212, 0.02090546488761902], "k_pid_alt": [2.0, 0.05085569620132446, 1.0], "k_pid_att": [100.0, 9.999999747378752e-05, 0.9603348970413208], "k_pid_yaw": [0.5, 1e-06, 0.1], "k_pid_hsp": [9.999999747378752e-05, 0.0620611310005188, 1.0], "k_pid_vsp": [30.743576049804688, 400.0, 400.0]}, "datetime": {"datetime": "2025-08-13 17:57:20", "elapsed": 29368.288636684418, "delta": 28.585497617721558}, "costs": {"total_cost": 4209.113872809239, "time_cost": 150, "final_distance_cost": 695.6102240091014, "oscillation_cost": 850.0329309815303, "completition_cost": 1000.0, "overshoot_cost": 1449.0473537824944, "power_cost": 36.0456107421875, "noise_cost": 28.377753293924428, "n_waypoints_completed": 0, "tot_waypoints": 9}}
{"target": -2207.521775645157, "params": {"k_pid_pos": [1.8698821067810059, 0.024621158838272095, 0.0013516545295715332], "k_pid_alt": [2.0, 0.0, 1.0], "k_pid_att": [95.07476043701172, 9.999999747378752e-05, 1.0], "k_pid_yaw": [0.5, 1e-06, 0.1], "k_pid_hsp": [9.999999747378752e-05, 0.0, 0.9723867177963257], "k_pid_vsp": [0.0, 378.51129150390625, 370.7362060546875]}, "datetime": {"datetime": "2025-08-13 17:57:48", "elapsed": 29396.87116408348, "delta": 28.58252739906311}, "costs": {"total_cost": 2207.521775645157, "time_cost": 150, "final_distance_cost": 79.56204993810316, "oscillation_cost": 710.4904839764542, "completition_cost": 1000.0, "overshoot_cost": 180.39810252357555, "power_cost": 39.984581005859376, "noise_cost": 47.08655820116442, "n_waypoints_completed": 0, "tot_waypoints": 9}}
{"target": -4997.349208769057, "params": {"k_pid_pos": [2.0, 0.0, 0.0], "k_pid_alt": [1.8287951946258545, 0.05048692226409912, 1.0], "k_pid_att": [99.89816284179688, 0.2508387267589569, 1.0], "k_pid_yaw": [0.5, 1e-06, 0.1], "k_pid_hsp": [0.5113272070884705, 0.11143365502357483, 0.9221706986427307], "k_pid_vsp": [0.0, 400.0, 400.0]}, "datetime": {"datetime": "2025-08-13 17:58:17", "elapsed": 29425.871761083603, "delta": 29.00059700012207}, "costs": {"total_cost": 4997.349208769057, "time_cost": 150, "final_distance_cost": 1310.0820683532895, "oscillation_cost": 736.5290537911959, "completition_cost": 1000.0, "overshoot_cost": 1737.0455474884654, "power_cost": 34.619063085937505, "noise_cost": 29.073476050169077, "n_waypoints_completed": 0, "tot_waypoints": 9}}
{"target": -1990.2604999891546, "params": {"k_pid_pos": [1.9058443307876587, 0.0, 0.0], "k_pid_alt": [2.0, 0.11799445748329163, 1.0], "k_pid_att": [98.14775848388672, 9.999999747378752e-05, 1.0], "k_pid_yaw": [0.5, 1e-06, 0.1], "k_pid_hsp": [9.999999747378752e-05, 0.06358462572097778, 1.0], "k_pid_vsp": [10.570610046386719, 400.0, 397.8236999511719]}, "datetime": {"datetime": "2025-08-13 17:58:48", "elapsed": 29456.10526752472, "delta": 30.233506441116333}, "costs": {"total_cost": 1990.2604999891546, "time_cost": 150, "final_distance_cost": 63.440006356988626, "oscillation_cost": 744.3861247578208, "completition_cost": 888.8888888888888, "overshoot_cost": 77.82704333066053, "power_cost": 37.55375106201172, "noise_cost": 28.16468559278417, "n_waypoints_completed": 1, "tot_waypoints": 9}}
{"target": -5176.94701714762, "params": {"k_pid_pos": [2.0, 0.004650771617889404, 0.0], "k_pid_alt": [1.8456168174743652, 0.035714149475097656, 1.0], "k_pid_att": [100.0, 9.999999747378752e-05, 1.0], "k_pid_yaw": [0.5, 1e-06, 0.1], "k_pid_hsp": [9.999999747378752e-05, 0.05038008093833923, 1.0], "k_pid_vsp": [0.0, 400.0, 371.4266052246094]}, "datetime": {"datetime": "2025-08-13 17:59:21", "elapsed": 29489.96252155304, "delta": 33.85725402832031}, "costs": {"total_cost": 5176.94701714762, "time_cost": 150, "final_distance_cost": 1296.6175318509945, "oscillation_cost": 855.0271190846977, "completition_cost": 1000.0, "overshoot_cost": 1811.7906985406316, "power_cost": 35.21870579833985, "noise_cost": 28.292961872955466, "n_waypoints_completed": 0, "tot_waypoints": 9}}
{"target": -2185.67387939681, "params": {"k_pid_pos": [2.0, 0.0, 0.039290785789489746], "k_pid_alt": [2.0, 0.0044896602630615234, 1.0], "k_pid_att": [100.0, 9.999999747378752e-05, 0.9936782121658325], "k_pid_yaw": [0.5, 1e-06, 0.1], "k_pid_hsp": [0.09609738737344742, 0.07454246282577515, 1.0], "k_pid_vsp": [34.0088005065918, 386.41766357421875, 398.2091064453125]}, "datetime": {"datetime": "2025-08-13 17:59:56", "elapsed": 29524.29386663437, "delta": 34.331345081329346}, "costs": {"total_cost": 2185.67387939681, "time_cost": 150, "final_distance_cost": 34.83868995077652, "oscillation_cost": 746.4481581439528, "completition_cost": 1000.0, "overshoot_cost": 184.22093986577457, "power_cost": 41.06003874511719, "noise_cost": 29.10605269118907, "n_waypoints_completed": 0, "tot_waypoints": 9}}
