{"target": -183.63974376019317, "params": {"k_pid_pos": [1.0483933499995508, 0.055510648577281996, 0.34264382851304687], "k_pid_alt": [1.5573177107521896, 0.0, 0.027718133430980337], "k_pid_att": [10.186719073683676, 4.2999721156969075, 0.5575611407230204], "k_pid_yaw": [0.5, 1e-06, 0.1], "k_pid_hsp": [0.2875290555396563, 0.015654430553631183, 0.0], "k_pid_vsp": [265.1251505079282, 107.05320497529932, 0.17978921970666417]}, "datetime": {"datetime": "2025-08-13 22:24:08", "elapsed": 45376.94522976875, "delta": 17.54386615753174}, "costs": {"total_cost": 183.63974376019317, "time_cost": 69.671, "final_distance_cost": 1.8469390092409563, "oscillation_cost": 28.43503392290132, "completition_cost": 0.0, "overshoot_cost": 50.14446200043091, "power_cost": 12.903771813964845, "noise_cost": 20.638537013655128, "n_waypoints_completed": 9, "tot_waypoints": 9}}
{"target": -191.66250422683285, "params": {"k_pid_pos": [0.8184191073126831, 0.044214455529651954, 0.24297185854657913], "k_pid_alt": [1.588396836931335, 0.0, 0.028595378440929645], "k_pid_att": [7.471396298616675, 4.883302900415475, 0.6070768887592374], "k_pid_yaw": [0.5, 1e-06, 0.1], "k_pid_hsp": [0.23618755656236687, 0.015368511065662277, 0.0], "k_pid_vsp": [306.4259178756683, 92.9888269421228, 0.17113332616753427]}, "datetime": {"datetime": "2025-08-13 22:24:25", "elapsed": 45393.65250611305, "delta": 16.707276344299316}, "costs": {"total_cost": 191.66250422683285, "time_cost": 71.169, "final_distance_cost": 1.850612412829403, "oscillation_cost": 28.09000434494219, "completition_cost": 0.0, "overshoot_cost": 50.544208747499795, "power_cost": 17.583443591308594, "noise_cost": 22.42523513025288, "n_waypoints_completed": 9, "tot_waypoints": 9}}
{"target": -188.77464931623092, "params": {"k_pid_pos": [0.9414603948316557, 0.050241260354571195, 0.2849440689170023], "k_pid_alt": [1.3170719572133731, 0.0, 0.023706439629296944], "k_pid_att": [10.542741383239687, 4.163586924558088, 0.5222085083311073], "k_pid_yaw": [0.5, 1e-06, 0.1], "k_pid_hsp": [0.23362871456501996, 0.01753491575879396, 0.0], "k_pid_vsp": [238.75449538427037, 113.94555475291092, 0.15979658647885217]}, "datetime": {"datetime": "2025-08-13 22:24:43", "elapsed": 45411.59989333153, "delta": 17.947387218475342}, "costs": {"total_cost": 188.77464931623092, "time_cost": 70.336, "final_distance_cost": 1.8382330392750752, "oscillation_cost": 27.636489533054956, "completition_cost": 0.0, "overshoot_cost": 50.00228923531723, "power_cost": 17.31529012451172, "noise_cost": 21.646347384071927, "n_waypoints_completed": 9, "tot_waypoints": 9}}
{"target": -186.89162269185255, "params": {"k_pid_pos": [1.1064282973924646, 0.05446097762618409, 0.3176006947671845], "k_pid_alt": [1.356388796492703, 0.0, 0.03034963265844648], "k_pid_att": [10.54157003308236, 3.1853001078852237, 0.6154428641426927], "k_pid_yaw": [0.5, 1e-06, 0.1], "k_pid_hsp": [0.21668121863493894, 0.015541603588087738, 0.0], "k_pid_vsp": [294.3645908390144, 112.67511590043682, 0.13949926910213795]}, "datetime": {"datetime": "2025-08-13 22:24:59", "elapsed": 45427.79045319557, "delta": 16.19055986404419}, "costs": {"total_cost": 186.89162269185255, "time_cost": 69.482, "final_distance_cost": 1.8344749735986807, "oscillation_cost": 28.753291531172884, "completition_cost": 0.0, "overshoot_cost": 50.24704220628618, "power_cost": 15.454990832519533, "noise_cost": 21.119823148275266, "n_waypoints_completed": 9, "tot_waypoints": 9}}
{"target": -190.2569186399393, "params": {"k_pid_pos": [0.7826806770083085, 0.0670900143038292, 0.2909208355644359], "k_pid_alt": [1.5034194528904683, 0.0, 0.024469786787462342], "k_pid_att": [9.366053639117604, 4.5380203254866105, 0.6371592394254205], "k_pid_yaw": [0.5, 1e-06, 0.1], "k_pid_hsp": [0.1988872519468986, 0.016285962222970653, 0.0], "k_pid_vsp": [361.35401257709395, 123.48152131665547, 0.12231655525462763]}, "datetime": {"datetime": "2025-08-13 22:25:19", "elapsed": 45447.82812023163, "delta": 20.03766703605652}, "costs": {"total_cost": 190.2569186399393, "time_cost": 72.359, "final_distance_cost": 1.8414836841337263, "oscillation_cost": 27.262782957107742, "completition_cost": 0.0, "overshoot_cost": 51.11835282182714, "power_cost": 15.475294079589844, "noise_cost": 22.200005097280854, "n_waypoints_completed": 9, "tot_waypoints": 9}}
{"target": -187.40790290985504, "params": {"k_pid_pos": [0.8088887982106069, 0.04652177430593859, 0.33030105093860723], "k_pid_alt": [1.3484436781026872, 0.0, 0.026300141309358826], "k_pid_att": [9.654026082406714, 4.306552420774895, 0.5529339127456954], "k_pid_yaw": [0.5, 1e-06, 0.1], "k_pid_hsp": [0.19100965861349928, 0.016132884621446887, 0.0], "k_pid_vsp": [327.0045849444195, 117.4626670430316, 0.15579226426296733]}, "datetime": {"datetime": "2025-08-13 22:25:37", "elapsed": 45464.99940276146, "delta": 17.171282529830933}, "costs": {"total_cost": 187.40790290985504, "time_cost": 72.59700000000001, "final_distance_cost": 1.845345096673413, "oscillation_cost": 27.052613312274595, "completition_cost": 0.0, "overshoot_cost": 50.588961562686144, "power_cost": 13.589363159179689, "noise_cost": 21.734619779041207, "n_waypoints_completed": 9, "tot_waypoints": 9}}
{"target": -185.9842705942998, "params": {"k_pid_pos": [0.8297447454552275, 0.06022466716129726, 0.2980078049473983], "k_pid_alt": [1.36197127126776, 0.0, 0.02830737227534766], "k_pid_att": [9.03399166892241, 3.775644105045556, 0.4935594332229634], "k_pid_yaw": [0.5, 1e-06, 0.1], "k_pid_hsp": [0.221190272040273, 0.018548193045827225, 0.0], "k_pid_vsp": [312.34566100479356, 131.11337022691893, 0.17102669518867106]}, "datetime": {"datetime": "2025-08-13 22:25:55", "elapsed": 45483.09095287323, "delta": 18.09155011177063}, "costs": {"total_cost": 185.9842705942998, "time_cost": 71.84100000000001, "final_distance_cost": 1.8398039381261153, "oscillation_cost": 27.435835656058778, "completition_cost": 0.0, "overshoot_cost": 50.64005481465838, "power_cost": 12.942307202148438, "noise_cost": 21.28526898330806, "n_waypoints_completed": 9, "tot_waypoints": 9}}
{"target": -188.42924648735155, "params": {"k_pid_pos": [1.088244702446608, 0.050195803331783966, 0.3135469811909955], "k_pid_alt": [1.3671254146417426, 0.0, 0.025198282749241904], "k_pid_att": [10.938245429603157, 4.76478040136881, 0.6279247342158969], "k_pid_yaw": [0.5, 1e-06, 0.1], "k_pid_hsp": [0.22236914442662392, 0.016281265730745998, 0.0], "k_pid_vsp": [264.9964754280323, 131.37329930594893, 0.13930923231976283]}, "datetime": {"datetime": "2025-08-13 22:26:11", "elapsed": 45499.719546318054, "delta": 16.62859344482422}, "costs": {"total_cost": 188.42924648735155, "time_cost": 69.59400000000001, "final_distance_cost": 1.833827287669734, "oscillation_cost": 28.62188831387546, "completition_cost": 0.0, "overshoot_cost": 50.406249326595024, "power_cost": 16.58412048339844, "noise_cost": 21.38916107581289, "n_waypoints_completed": 9, "tot_waypoints": 9}}
{"target": -191.751525233548, "params": {"k_pid_pos": [1.0195955631711622, 0.05723291361181285, 0.3042343462051322], "k_pid_alt": [1.1462538296286995, 0.0, 0.028232495090542303], "k_pid_att": [10.926634687768336, 3.426961865847133, 0.5592778289768808], "k_pid_yaw": [0.5, 1e-06, 0.1], "k_pid_hsp": [0.2155689754823429, 0.015180333430039425, 0.0], "k_pid_vsp": [321.1961773189143, 117.58279467517441, 0.1522027608098563]}, "datetime": {"datetime": "2025-08-13 22:26:29", "elapsed": 45517.54237341881, "delta": 17.822827100753784}, "costs": {"total_cost": 191.751525233548, "time_cost": 70.532, "final_distance_cost": 1.8294492951352126, "oscillation_cost": 27.978774915573155, "completition_cost": 0.0, "overshoot_cost": 50.671151197964974, "power_cost": 18.62231832275391, "noise_cost": 22.11783150212076, "n_waypoints_completed": 9, "tot_waypoints": 9}}
{"target": -183.98156795375905, "params": {"k_pid_pos": [0.9297588157679048, 0.06309318521908394, 0.30273466758384243], "k_pid_alt": [1.5014230000699824, 0.0, 0.020516577596568376], "k_pid_att": [10.430906893496724, 3.66213141425072, 0.6852564848136632], "k_pid_yaw": [0.5, 1e-06, 0.1], "k_pid_hsp": [0.22397395141038742, 0.011739328711008449, 0.0], "k_pid_vsp": [299.5201453569953, 116.7150890054483, 0.17009941390852892]}, "datetime": {"datetime": "2025-08-13 22:26:45", "elapsed": 45533.874248981476, "delta": 16.331875562667847}, "costs": {"total_cost": 183.98156795375905, "time_cost": 70.231, "final_distance_cost": 1.8356062764145555, "oscillation_cost": 26.864077430995426, "completition_cost": 0.0, "overshoot_cost": 50.627171681425715, "power_cost": 13.482136169433595, "noise_cost": 20.941576395489772, "n_waypoints_completed": 9, "tot_waypoints": 9}}
{"target": -242.97501778358182, "params": {"k_pid_pos": [1.0290297629167764, 0.04247735985118666, 0.3148130001019838], "k_pid_alt": [1.6261643017114664, 0.0, 0.029985862592790544], "k_pid_att": [9.939565981419541, 3.175269689609056, 0.4125327761933324], "k_pid_yaw": [0.5, 1e-06, 0.1], "k_pid_hsp": [0.21239678741879786, 0.014954518567560826, 0.0], "k_pid_vsp": [304.9720124775325, 127.31926108184639, 0.1589320369133327]}, "datetime": {"datetime": "2025-08-13 22:27:06", "elapsed": 45554.754905462265, "delta": 20.880656480789185}, "costs": {"total_cost": 242.97501778358182, "time_cost": 84.672, "final_distance_cost": 1.8454886453222408, "oscillation_cost": 30.14172984952044, "completition_cost": 0.0, "overshoot_cost": 61.08082267421727, "power_cost": 31.114248681640625, "noise_cost": 34.120727932881245, "n_waypoints_completed": 9, "tot_waypoints": 9}}
{"target": -186.44380010743703, "params": {"k_pid_pos": [0.9764652827542841, 0.05576284448040567, 0.2633886224909277], "k_pid_alt": [1.487896037786588, 0.0, 0.02462759483535165], "k_pid_att": [10.134900615041163, 3.7774704498503398, 0.6629172973414802], "k_pid_yaw": [0.5, 1e-06, 0.1], "k_pid_hsp": [0.2299174242897665, 0.009461960291951116, 0.0], "k_pid_vsp": [277.03016212477905, 111.61301897260567, 0.20498268831667973]}, "datetime": {"datetime": "2025-08-13 22:27:22", "elapsed": 45570.71726489067, "delta": 15.962359428405762}, "costs": {"total_cost": 186.44380010743703, "time_cost": 70.028, "final_distance_cost": 1.835416888403059, "oscillation_cost": 27.55927182282573, "completition_cost": 0.0, "overshoot_cost": 50.338557553741964, "power_cost": 15.228228845214845, "noise_cost": 21.4543249972514, "n_waypoints_completed": 9, "tot_waypoints": 9}}
{"target": -184.51829431727123, "params": {"k_pid_pos": [0.8509851535844263, 0.05381126186713622, 0.2822195853483844], "k_pid_alt": [1.5974705964654585, 0.0, 0.023960642282600888], "k_pid_att": [10.2910988505958, 3.477231467346392, 0.5779087089214643], "k_pid_yaw": [0.5, 1e-06, 0.1], "k_pid_hsp": [0.20565062123130873, 0.009608214635032253, 0.0], "k_pid_vsp": [289.9579116567645, 127.75771182765477, 0.19756354962727443]}, "datetime": {"datetime": "2025-08-13 22:27:41", "elapsed": 45589.630937337875, "delta": 18.91367244720459}, "costs": {"total_cost": 184.51829431727123, "time_cost": 70.896, "final_distance_cost": 1.8401121999764176, "oscillation_cost": 26.12683170481955, "completition_cost": 0.0, "overshoot_cost": 50.297220793272686, "power_cost": 14.00253055419922, "noise_cost": 21.35559906500335, "n_waypoints_completed": 9, "tot_waypoints": 9}}
{"target": -184.42974569965006, "params": {"k_pid_pos": [1.1220951257532814, 0.05861722668151092, 0.28010496232308174], "k_pid_alt": [1.5462150681550977, 0.0, 0.0269446692529844], "k_pid_att": [11.372756919218565, 4.655611193834333, 0.5873754340845088], "k_pid_yaw": [0.5, 1e-06, 0.1], "k_pid_hsp": [0.17122910313330753, 0.008770759790577063, 0.0], "k_pid_vsp": [276.35334089279263, 101.58767560858406, 0.16124661266433257]}, "datetime": {"datetime": "2025-08-13 22:27:57", "elapsed": 45605.59938621521, "delta": 15.968448877334595}, "costs": {"total_cost": 184.42974569965006, "time_cost": 69.139, "final_distance_cost": 1.8157403788750515, "oscillation_cost": 28.54837386152574, "completition_cost": 0.0, "overshoot_cost": 50.295078981970576, "power_cost": 14.013531750488282, "noise_cost": 20.618020726790416, "n_waypoints_completed": 9, "tot_waypoints": 9}}
{"target": -186.16664372873734, "params": {"k_pid_pos": [0.8870786816864715, 0.04109263466427028, 0.2918935823708091], "k_pid_alt": [1.3537226275671441, 0.0, 0.02664538428822459], "k_pid_att": [8.274878529832074, 4.313699458196367, 0.4450165724335388], "k_pid_yaw": [0.5, 1e-06, 0.1], "k_pid_hsp": [0.23072960419972247, 0.01243394816991294, 0.0], "k_pid_vsp": [274.607494255268, 132.59654028603654, 0.13619044234783595]}, "datetime": {"datetime": "2025-08-13 22:28:15", "elapsed": 45623.94710969925, "delta": 18.347723484039307}, "costs": {"total_cost": 186.16664372873734, "time_cost": 70.931, "final_distance_cost": 1.849946508190838, "oscillation_cost": 26.886778156023734, "completition_cost": 0.0, "overshoot_cost": 50.46317410858799, "power_cost": 14.58399022216797, "noise_cost": 21.451754733766816, "n_waypoints_completed": 9, "tot_waypoints": 9}}
{"target": -189.34799078198978, "params": {"k_pid_pos": [1.059091623183462, 0.04913627957959583, 0.2622165811305171], "k_pid_alt": [1.3967317649941007, 0.0, 0.028006683766111623], "k_pid_att": [11.636277970245951, 4.218670295473596, 0.4762542410305406], "k_pid_yaw": [0.5, 1e-06, 0.1], "k_pid_hsp": [0.16193525071947307, 0.009639805206557458, 0.0], "k_pid_vsp": [271.9357201553325, 103.34636966457761, 0.1561456775837419]}, "datetime": {"datetime": "2025-08-13 22:28:32", "elapsed": 45640.630870342255, "delta": 16.68376064300537}, "costs": {"total_cost": 189.34799078198978, "time_cost": 70.217, "final_distance_cost": 1.8133122840034912, "oscillation_cost": 27.637903876995935, "completition_cost": 0.0, "overshoot_cost": 50.724941021167005, "power_cost": 17.29234246826172, "noise_cost": 21.662491131561637, "n_waypoints_completed": 9, "tot_waypoints": 9}}
{"target": -189.7166105620784, "params": {"k_pid_pos": [0.8478674183201451, 0.050182920813425326, 0.3210878895942588], "k_pid_alt": [1.3235366461618507, 0.0, 0.0222681004383757], "k_pid_att": [8.400526197055116, 3.950567704166463, 0.5296140506689495], "k_pid_yaw": [0.5, 1e-06, 0.1], "k_pid_hsp": [0.2348725848629075, 0.009573568341476985, 0.0], "k_pid_vsp": [283.70851185627777, 118.60694210996104, 0.15703689917601207]}, "datetime": {"datetime": "2025-08-13 22:28:51", "elapsed": 45659.81539916992, "delta": 19.184528827667236}, "costs": {"total_cost": 189.7166105620784, "time_cost": 72.303, "final_distance_cost": 1.8390499627847503, "oscillation_cost": 27.47334811640135, "completition_cost": 0.0, "overshoot_cost": 50.93767045893877, "power_cost": 15.054548669433595, "noise_cost": 22.108993354519917, "n_waypoints_completed": 9, "tot_waypoints": 9}}
{"target": -184.62321499721926, "params": {"k_pid_pos": [1.04948751923436, 0.04888139985530262, 0.3229210004993659], "k_pid_alt": [1.332872033577591, 0.0, 0.029893302268842792], "k_pid_att": [10.080659642241427, 3.7051200450823445, 0.6916211581060306], "k_pid_yaw": [0.5, 1e-06, 0.1], "k_pid_hsp": [0.1743354908345529, 0.011065749597248464, 0.0], "k_pid_vsp": [273.49045937704136, 100.00094414835307, 0.1648766670710157]}, "datetime": {"datetime": "2025-08-13 22:29:08", "elapsed": 45676.334325790405, "delta": 16.5189266204834}, "costs": {"total_cost": 184.62321499721926, "time_cost": 69.587, "final_distance_cost": 1.824307845410492, "oscillation_cost": 27.675531197043245, "completition_cost": 0.0, "overshoot_cost": 50.60575077272162, "power_cost": 14.19866385498047, "noise_cost": 20.73196132706342, "n_waypoints_completed": 9, "tot_waypoints": 9}}
{"target": -201.31489130341473, "params": {"k_pid_pos": [0.9988192304207063, 0.05338093048836553, 0.28493424199671646], "k_pid_alt": [1.5567407651267942, 0.0, 0.023749191347373397], "k_pid_att": [10.954362118819896, 4.793442996466761, 0.607809847438113], "k_pid_yaw": [0.5, 1e-06, 0.1], "k_pid_hsp": [0.19636969432725646, 0.008597093116989899, 0.0], "k_pid_vsp": [250.60780329076889, 123.051465228123, 0.17575204638697253]}, "datetime": {"datetime": "2025-08-13 22:29:27", "elapsed": 45695.472638607025, "delta": 19.138312816619873}, "costs": {"total_cost": 201.31489130341473, "time_cost": 71.673, "final_distance_cost": 1.8418150813567924, "oscillation_cost": 28.578964583988444, "completition_cost": 0.0, "overshoot_cost": 51.6357479910216, "power_cost": 23.562393420410157, "noise_cost": 24.02297022663775, "n_waypoints_completed": 9, "tot_waypoints": 9}}
{"target": -179.5231665610482, "params": {"k_pid_pos": [0.8578768821704257, 0.05620767085639302, 0.30711293082858077], "k_pid_alt": [1.418985543667744, 0.0, 0.027200719733262543], "k_pid_att": [8.75160439500122, 4.254343790118106, 0.5167976309892142], "k_pid_yaw": [0.5, 1e-06, 0.1], "k_pid_hsp": [0.19027183192639718, 0.013546363131670546, 0.0], "k_pid_vsp": [281.5758957967589, 115.24236469244498, 0.17794178525775306]}, "datetime": {"datetime": "2025-08-13 22:29:44", "elapsed": 45712.38012647629, "delta": 16.907487869262695}, "costs": {"total_cost": 179.5231665610482, "time_cost": 71.127, "final_distance_cost": 1.8454218432850722, "oscillation_cost": 26.853797185932002, "completition_cost": 0.0, "overshoot_cost": 50.45469653289223, "power_cost": 9.473462963867188, "noise_cost": 19.768788035071736, "n_waypoints_completed": 9, "tot_waypoints": 9}}
{"target": -180.3062010086542, "params": {"k_pid_pos": [1.093794995756035, 0.04961089257261733, 0.28600062901421636], "k_pid_alt": [1.423338291269226, 0.0, 0.023388908969759047], "k_pid_att": [11.24427256073951, 4.255631449724073, 0.6724986074968307], "k_pid_yaw": [0.5, 1e-06, 0.1], "k_pid_hsp": [0.22316866162781343, 0.010682021525957762, 0.0], "k_pid_vsp": [262.30053055220174, 117.32403836282754, 0.17061961019782643]}, "datetime": {"datetime": "2025-08-13 22:30:01", "elapsed": 45729.92295408249, "delta": 17.542827606201172}, "costs": {"total_cost": 180.3062010086542, "time_cost": 69.006, "final_distance_cost": 1.8412721780543129, "oscillation_cost": 28.68021404661864, "completition_cost": 0.0, "overshoot_cost": 50.38808904426053, "power_cost": 10.746097814941407, "noise_cost": 19.644527924779304, "n_waypoints_completed": 9, "tot_waypoints": 9}}
{"target": -193.20018416647088, "params": {"k_pid_pos": [0.8452764031212974, 0.050652766020299146, 0.26266693780273537], "k_pid_alt": [1.1215682818010044, 0.0, 0.02483978182811784], "k_pid_att": [9.907931508635015, 3.9381373009015674, 0.5984166252585227], "k_pid_yaw": [0.5, 1e-06, 0.1], "k_pid_hsp": [0.22480975128019678, 0.012727629862884185, 0.0], "k_pid_vsp": [327.4834286201341, 107.32010661969632, 0.14712829874092806]}, "datetime": {"datetime": "2025-08-13 22:30:20", "elapsed": 45748.16593790054, "delta": 18.2429838180542}, "costs": {"total_cost": 193.20018416647088, "time_cost": 72.065, "final_distance_cost": 1.841601614557808, "oscillation_cost": 26.975958395999335, "completition_cost": 0.0, "overshoot_cost": 50.88569381988803, "power_cost": 18.86472098388672, "noise_cost": 22.56720935213897, "n_waypoints_completed": 9, "tot_waypoints": 9}}
{"target": -186.13777262935852, "params": {"k_pid_pos": [0.9396731261033513, 0.05778643066968522, 0.332311452440018], "k_pid_alt": [1.6339647420309322, 0.0, 0.0237708648476809], "k_pid_att": [8.985184213654172, 3.8894005904774285, 0.6897739841884225], "k_pid_yaw": [0.5, 1e-06, 0.1], "k_pid_hsp": [0.2449305862518417, 0.011985951092998355, 0.0], "k_pid_vsp": [307.38227393294375, 111.87767812847851, 0.16741506789033891]}, "datetime": {"datetime": "2025-08-13 22:30:36", "elapsed": 45764.719299316406, "delta": 16.553361415863037}, "costs": {"total_cost": 186.13777262935852, "time_cost": 70.399, "final_distance_cost": 1.84757544785581, "oscillation_cost": 27.085423030344664, "completition_cost": 0.0, "overshoot_cost": 50.71816167684245, "power_cost": 14.671123901367189, "noise_cost": 21.416488572948424, "n_waypoints_completed": 9, "tot_waypoints": 9}}
{"target": -185.220036205197, "params": {"k_pid_pos": [1.0208573255253046, 0.042580889343906636, 0.22444944937901545], "k_pid_alt": [1.3171347966929214, 0.0, 0.023959546420598537], "k_pid_att": [10.508132544804484, 3.5459191257708524, 0.630664658168686], "k_pid_yaw": [0.5, 1e-06, 0.1], "k_pid_hsp": [0.2040011091467466, 0.010724057245517997, 0.0], "k_pid_vsp": [289.48262379182137, 96.97867733720709, 0.17083583250071413]}, "datetime": {"datetime": "2025-08-13 22:30:55", "elapsed": 45783.146451473236, "delta": 18.427152156829834}, "costs": {"total_cost": 185.220036205197, "time_cost": 69.57300000000001, "final_distance_cost": 1.8390256113188552, "oscillation_cost": 28.002459468003376, "completition_cost": 0.0, "overshoot_cost": 50.24736125270263, "power_cost": 14.691223974609375, "noise_cost": 20.866965898562746, "n_waypoints_completed": 9, "tot_waypoints": 9}}
{"target": -183.07502692378142, "params": {"k_pid_pos": [1.0344911107675197, 0.059248292861616036, 0.25780555562209756], "k_pid_alt": [1.7363266023005623, 0.0, 0.02479884649018496], "k_pid_att": [9.496501625724058, 3.884458504228458, 0.6893181228332894], "k_pid_yaw": [0.5, 1e-06, 0.1], "k_pid_hsp": [0.2109693104107728, 0.009393640818683172, 0.0], "k_pid_vsp": [357.7528185009897, 134.97092818704508, 0.1649816090243099]}, "datetime": {"datetime": "2025-08-13 22:31:11", "elapsed": 45799.74372792244, "delta": 16.59727644920349}, "costs": {"total_cost": 183.07502692378142, "time_cost": 69.45400000000001, "final_distance_cost": 1.8226422370332847, "oscillation_cost": 28.070499805403088, "completition_cost": 0.0, "overshoot_cost": 50.411740925299966, "power_cost": 12.929925817871094, "noise_cost": 20.38621813817401, "n_waypoints_completed": 9, "tot_waypoints": 9}}
