{"target": -181.58907333429156, "params": {"k_pid_pos": [1.0273068536658017, 0.062313367614124184, 0.3223796215276442], "k_pid_alt": [1.4514282884631575, 0.0, 0.02330765773855024], "k_pid_att": [10.503854790456101, 4.275580849352163, 0.6418443506278078], "k_pid_yaw": [0.5, 1e-06, 0.1], "k_pid_hsp": [0.1910872495897871, 0.010982575556204762, 0.0], "k_pid_vsp": [256.6210649090615, 112.69941926176519, 0.19111303335879318]}, "datetime": {"datetime": "2025-08-13 22:46:14", "elapsed": 46702.66472554207, "delta": 15.97471308708191}, "costs": {"total_cost": 181.58907333429156, "time_cost": 69.489, "final_distance_cost": 1.8252424122278006, "oscillation_cost": 27.640927841323627, "completition_cost": 0.0, "overshoot_cost": 50.021795817754665, "power_cost": 12.336089868164063, "noise_cost": 20.276017394821388, "n_waypoints_completed": 9, "tot_waypoints": 9}}
{"target": -186.43910060285793, "params": {"k_pid_pos": [0.9316251112195649, 0.05819680598476703, 0.29923154608708047], "k_pid_alt": [1.5127421006328285, 0.0, 0.027454510560260627], "k_pid_att": [10.666049813847488, 3.8473958958978627, 0.5518102261902971], "k_pid_yaw": [0.5, 1e-06, 0.1], "k_pid_hsp": [0.21711247733240346, 0.010291699696659239, 0.0], "k_pid_vsp": [305.76022141293197, 109.55275592816413, 0.16919433416503124]}, "datetime": {"datetime": "2025-08-13 22:46:33", "elapsed": 46721.48210191727, "delta": 18.817376375198364}, "costs": {"total_cost": 186.43910060285793, "time_cost": 70.294, "final_distance_cost": 1.842260500687889, "oscillation_cost": 26.82256444290423, "completition_cost": 0.0, "overshoot_cost": 50.70845875116492, "power_cost": 15.378778063964845, "noise_cost": 21.393038844136058, "n_waypoints_completed": 9, "tot_waypoints": 9}}
{"target": -190.58091775260502, "params": {"k_pid_pos": [0.8795997140194944, 0.0593807635825912, 0.28663925442837657], "k_pid_alt": [1.673737093093303, 0.0, 0.024437877935885127], "k_pid_att": [10.378412960892009, 3.997773868313718, 0.626617394195716], "k_pid_yaw": [0.5, 1e-06, 0.1], "k_pid_hsp": [0.18717665560520738, 0.010715576679812058, 0.0], "k_pid_vsp": [314.2364126639051, 119.43376616615564, 0.1901721768455206]}, "datetime": {"datetime": "2025-08-13 22:46:49", "elapsed": 46737.96668481827, "delta": 16.484582901000977}, "costs": {"total_cost": 190.58091775260502, "time_cost": 70.994, "final_distance_cost": 1.834968024561838, "oscillation_cost": 26.24642466420881, "completition_cost": 0.0, "overshoot_cost": 50.93175709140105, "power_cost": 18.233830126953126, "noise_cost": 22.339937845480186, "n_waypoints_completed": 9, "tot_waypoints": 9}}
{"target": -176.1332238466876, "params": {"k_pid_pos": [0.9358288477589669, 0.05569818901572826, 0.30941054018708475], "k_pid_alt": [1.5117078272808697, 0.0, 0.017602548076684557], "k_pid_att": [9.672981861230221, 4.2987997703370935, 0.6049508168576955], "k_pid_yaw": [0.5, 1e-06, 0.1], "k_pid_hsp": [0.18423412441806372, 0.010983551126516897, 0.0], "k_pid_vsp": [263.2563007127293, 136.29624519084553, 0.18177908377626517]}, "datetime": {"datetime": "2025-08-13 22:47:07", "elapsed": 46755.547273635864, "delta": 17.580588817596436}, "costs": {"total_cost": 176.1332238466876, "time_cost": 69.979, "final_distance_cost": 1.8460708739617255, "oscillation_cost": 27.08373982570947, "completition_cost": 0.0, "overshoot_cost": 49.76599944371315, "power_cost": 8.466461242675782, "noise_cost": 18.99195246062745, "n_waypoints_completed": 9, "tot_waypoints": 9}}
{"target": -187.15036471304145, "params": {"k_pid_pos": [0.903513943423541, 0.05713806180029305, 0.28731015928684206], "k_pid_alt": [1.3984300211334533, 0.0, 0.026712751768964333], "k_pid_att": [8.593837135683849, 3.812395098228625, 0.5924392133679561], "k_pid_yaw": [0.5, 1e-06, 0.1], "k_pid_hsp": [0.19638203629885023, 0.010505353768112699, 0.0], "k_pid_vsp": [236.37470073499728, 127.4073954285941, 0.17431226931217436]}, "datetime": {"datetime": "2025-08-13 22:47:23", "elapsed": 46771.90392327309, "delta": 16.35664963722229}, "costs": {"total_cost": 187.15036471304145, "time_cost": 70.434, "final_distance_cost": 1.8427296051564974, "oscillation_cost": 27.091752878954225, "completition_cost": 0.0, "overshoot_cost": 50.44346353669479, "power_cost": 15.793371496582033, "noise_cost": 21.545047195653893, "n_waypoints_completed": 9, "tot_waypoints": 9}}
{"target": -180.16152029738453, "params": {"k_pid_pos": [0.9304963728118295, 0.04684016496009639, 0.2683999326891067], "k_pid_alt": [1.512529384914272, 0.0, 0.02349772827234978], "k_pid_att": [7.706687260817198, 4.825121952512807, 0.5336906639615225], "k_pid_yaw": [0.5, 1e-06, 0.1], "k_pid_hsp": [0.20354875709368558, 0.009619159556908024, 0.0], "k_pid_vsp": [250.83622106042026, 114.83589854601905, 0.17885104075006253]}, "datetime": {"datetime": "2025-08-13 22:47:42", "elapsed": 46790.82139515877, "delta": 18.917471885681152}, "costs": {"total_cost": 180.16152029738453, "time_cost": 69.923, "final_distance_cost": 1.845249193105912, "oscillation_cost": 27.765780042391828, "completition_cost": 0.0, "overshoot_cost": 50.18380715742987, "power_cost": 10.707883520507814, "noise_cost": 19.735800383949115, "n_waypoints_completed": 9, "tot_waypoints": 9}}
{"target": -182.91062671279306, "params": {"k_pid_pos": [0.9048682755770132, 0.04914932787203341, 0.24482399150599946], "k_pid_alt": [1.3317415250171858, 0.0, 0.022426105573447555], "k_pid_att": [8.322701203979074, 4.393274630989835, 0.6369110881438739], "k_pid_yaw": [0.5, 1e-06, 0.1], "k_pid_hsp": [0.18729834342675736, 0.011297526787551805, 0.0], "k_pid_vsp": [274.78160330064173, 119.64966781289739, 0.19402718264469968]}, "datetime": {"datetime": "2025-08-13 22:47:59", "elapsed": 46807.03901004791, "delta": 16.217614889144897}, "costs": {"total_cost": 182.91062671279306, "time_cost": 69.93, "final_distance_cost": 1.84463360781508, "oscillation_cost": 27.675683008208974, "completition_cost": 0.0, "overshoot_cost": 49.84677443498162, "power_cost": 13.078285510253908, "noise_cost": 20.535250151533454, "n_waypoints_completed": 9, "tot_waypoints": 9}}
{"target": -187.030221271574, "params": {"k_pid_pos": [0.9682161357175908, 0.057556182473352424, 0.35543255711129745], "k_pid_alt": [1.3087220924558565, 0.0, 0.03067195241471173], "k_pid_att": [11.192710434263816, 3.6227916506692206, 0.5873518986943781], "k_pid_yaw": [0.5, 1e-06, 0.1], "k_pid_hsp": [0.2009047082347231, 0.010117418736434675, 0.0], "k_pid_vsp": [307.0105017536012, 131.1580457908348, 0.16774656900961274]}, "datetime": {"datetime": "2025-08-13 22:48:17", "elapsed": 46825.860683918, "delta": 18.82167387008667}, "costs": {"total_cost": 187.030221271574, "time_cost": 70.616, "final_distance_cost": 1.837376315386519, "oscillation_cost": 26.89360188888992, "completition_cost": 0.0, "overshoot_cost": 50.39552289535156, "power_cost": 15.647698889160157, "noise_cost": 21.640021282785863, "n_waypoints_completed": 9, "tot_waypoints": 9}}
{"target": -182.00984942538022, "params": {"k_pid_pos": [0.8687579770016871, 0.04923390931840215, 0.2341754534624667], "k_pid_alt": [1.4718230115406572, 0.0, 0.024579802903036258], "k_pid_att": [12.142442499304089, 4.075726403377956, 0.5759279470800432], "k_pid_yaw": [0.5, 1e-06, 0.1], "k_pid_hsp": [0.20959483711032245, 0.011327330191981422, 0.0], "k_pid_vsp": [294.79184956213993, 123.45860021498312, 0.1750767501769159]}, "datetime": {"datetime": "2025-08-13 22:48:34", "elapsed": 46842.890974760056, "delta": 17.030290842056274}, "costs": {"total_cost": 182.00984942538022, "time_cost": 70.266, "final_distance_cost": 1.8349988930152417, "oscillation_cost": 26.477518545790637, "completition_cost": 0.0, "overshoot_cost": 50.01846921141986, "power_cost": 12.729064807128907, "noise_cost": 20.683797968025566, "n_waypoints_completed": 9, "tot_waypoints": 9}}
{"target": -182.52604031911636, "params": {"k_pid_pos": [0.8077850785802919, 0.04954900918735202, 0.31263056223350777], "k_pid_alt": [1.2968608594501447, 0.0, 0.02546922510582923], "k_pid_att": [11.268645142507454, 4.2599112106977275, 0.5390315671154183], "k_pid_yaw": [0.5, 1e-06, 0.1], "k_pid_hsp": [0.21937693297316552, 0.009655099734749395, 0.0], "k_pid_vsp": [232.22696807943478, 138.4193937380841, 0.15646207876973117]}, "datetime": {"datetime": "2025-08-13 22:48:53", "elapsed": 46861.968940496445, "delta": 19.07796573638916}, "costs": {"total_cost": 182.52604031911636, "time_cost": 72.81400000000001, "final_distance_cost": 1.8452715391735326, "oscillation_cost": 26.907688494233444, "completition_cost": 0.0, "overshoot_cost": 50.260247613188966, "power_cost": 10.042429663085938, "noise_cost": 20.656403009434488, "n_waypoints_completed": 9, "tot_waypoints": 9}}
{"target": -181.2867904008271, "params": {"k_pid_pos": [1.1052282012970094, 0.05132817353364586, 0.22837367110443652], "k_pid_alt": [1.65209711629062, 0.0, 0.023983965265378934], "k_pid_att": [8.254380240803071, 4.493107281769632, 0.5672582251354579], "k_pid_yaw": [0.5, 1e-06, 0.1], "k_pid_hsp": [0.25315435283945215, 0.013375757410225618, 0.0], "k_pid_vsp": [284.950079055293, 98.44599126069765, 0.1652753952315862]}, "datetime": {"datetime": "2025-08-13 22:49:09", "elapsed": 46877.81082844734, "delta": 15.841887950897217}, "costs": {"total_cost": 181.2867904008271, "time_cost": 68.691, "final_distance_cost": 1.8247058450543716, "oscillation_cost": 30.14170627738588, "completition_cost": 0.0, "overshoot_cost": 49.71121578283276, "power_cost": 11.266534082031251, "noise_cost": 19.65162841352285, "n_waypoints_completed": 9, "tot_waypoints": 9}}
{"target": -192.62656344980888, "params": {"k_pid_pos": [0.9280004488869462, 0.05656464395454477, 0.26487698626715905], "k_pid_alt": [1.338463319515127, 0.0, 0.023341940228496297], "k_pid_att": [9.412545344784633, 4.396656432014499, 0.6129309951231691], "k_pid_yaw": [0.5, 1e-06, 0.1], "k_pid_hsp": [0.18392165417541326, 0.010626114851549804, 0.0], "k_pid_vsp": [320.0370777716952, 106.07838094043503, 0.16888195792068128]}, "datetime": {"datetime": "2025-08-13 22:49:27", "elapsed": 46895.91579914093, "delta": 18.104970693588257}, "costs": {"total_cost": 192.62656344980888, "time_cost": 70.504, "final_distance_cost": 1.833575567677292, "oscillation_cost": 27.583877857591006, "completition_cost": 0.0, "overshoot_cost": 50.558994613044874, "power_cost": 19.557603283691407, "noise_cost": 22.588512127804314, "n_waypoints_completed": 9, "tot_waypoints": 9}}
{"target": -181.75068840475424, "params": {"k_pid_pos": [0.9142024758357077, 0.05108891474484262, 0.2899395987464419], "k_pid_alt": [1.4361875935481387, 0.0, 0.023883089592457888], "k_pid_att": [9.21460823407231, 4.480760201421588, 0.49322979758376134], "k_pid_yaw": [0.5, 1e-06, 0.1], "k_pid_hsp": [0.1832394756063821, 0.010252738229442717, 0.0], "k_pid_vsp": [344.56155088693885, 121.20927846781588, 0.16489888957558133]}, "datetime": {"datetime": "2025-08-13 22:49:44", "elapsed": 46912.43544960022, "delta": 16.51965045928955}, "costs": {"total_cost": 181.75068840475424, "time_cost": 70.168, "final_distance_cost": 1.8426232896480843, "oscillation_cost": 27.074462642640754, "completition_cost": 0.0, "overshoot_cost": 50.38300061284067, "power_cost": 11.924708923339844, "noise_cost": 20.35789293628489, "n_waypoints_completed": 9, "tot_waypoints": 9}}
{"target": -178.29690639205717, "params": {"k_pid_pos": [0.9343989659169192, 0.06169956265586779, 0.30477029164983716], "k_pid_alt": [1.3712254532703938, 0.0, 0.020733567185789822], "k_pid_att": [10.49317549700254, 3.820350185499793, 0.6006548221505964], "k_pid_yaw": [0.5, 1e-06, 0.1], "k_pid_hsp": [0.19550022157624003, 0.01184111603817375, 0.0], "k_pid_vsp": [274.4171546836842, 134.31127885004017, 0.16792731522415386]}, "datetime": {"datetime": "2025-08-13 22:50:02", "elapsed": 46930.712364435196, "delta": 18.276914834976196}, "costs": {"total_cost": 178.29690639205717, "time_cost": 70.14, "final_distance_cost": 1.8327976615196955, "oscillation_cost": 27.164074003927638, "completition_cost": 0.0, "overshoot_cost": 50.299947693225874, "power_cost": 9.46448533935547, "noise_cost": 19.395601694028485, "n_waypoints_completed": 9, "tot_waypoints": 9}}
{"target": -181.68860160200532, "params": {"k_pid_pos": [0.8985945760042172, 0.043501593919831306, 0.21548695716633717], "k_pid_alt": [1.3658036473660227, 0.0, 0.021964272437521068], "k_pid_att": [9.584256078352064, 4.011447138824565, 0.5577656918103587], "k_pid_yaw": [0.5, 1e-06, 0.1], "k_pid_hsp": [0.24130307701136014, 0.009642700932185236, 0.0], "k_pid_vsp": [227.25555884348833, 119.45417315246232, 0.18882760666532614]}, "datetime": {"datetime": "2025-08-13 22:50:19", "elapsed": 46947.45576500893, "delta": 16.74340057373047}, "costs": {"total_cost": 181.68860160200532, "time_cost": 70.098, "final_distance_cost": 1.8406114986118356, "oscillation_cost": 27.713597949819306, "completition_cost": 0.0, "overshoot_cost": 49.95752486754012, "power_cost": 11.857643969726563, "noise_cost": 20.221223316307512, "n_waypoints_completed": 9, "tot_waypoints": 9}}
{"target": -186.8227469164586, "params": {"k_pid_pos": [1.0372499775911317, 0.0570106465144636, 0.27195778036739987], "k_pid_alt": [1.4923206080315676, 0.0, 0.02442320392687504], "k_pid_att": [10.875645690688087, 3.5807947225229952, 0.5206682329056997], "k_pid_yaw": [0.5, 1e-06, 0.1], "k_pid_hsp": [0.204547528556438, 0.010429140124269695, 0.0], "k_pid_vsp": [314.8047899936527, 133.82542581795732, 0.17684683859413866]}, "datetime": {"datetime": "2025-08-13 22:50:37", "elapsed": 46965.699763059616, "delta": 18.243998050689697}, "costs": {"total_cost": 186.8227469164586, "time_cost": 70.161, "final_distance_cost": 1.825640642318551, "oscillation_cost": 27.577500914448176, "completition_cost": 0.0, "overshoot_cost": 50.504523572854055, "power_cost": 15.59339364013672, "noise_cost": 21.160688146701098, "n_waypoints_completed": 9, "tot_waypoints": 9}}
{"target": -179.7244921020736, "params": {"k_pid_pos": [0.8696270766958197, 0.058066476945649675, 0.2560760772486254], "k_pid_alt": [1.4448153608513687, 0.0, 0.023171138589168725], "k_pid_att": [10.332732939435312, 4.050754924015595, 0.5714584324161651], "k_pid_yaw": [0.5, 1e-06, 0.1], "k_pid_hsp": [0.2141451551962875, 0.011453604159152987, 0.0], "k_pid_vsp": [259.82228661860637, 117.14491695338604, 0.1686711747930354]}, "datetime": {"datetime": "2025-08-13 22:50:54", "elapsed": 46982.152507543564, "delta": 16.452744483947754}, "costs": {"total_cost": 179.7244921020736, "time_cost": 70.504, "final_distance_cost": 1.8333049579243375, "oscillation_cost": 26.865814467772864, "completition_cost": 0.0, "overshoot_cost": 50.27949817988546, "power_cost": 10.339245043945313, "noise_cost": 19.902629452545632, "n_waypoints_completed": 9, "tot_waypoints": 9}}
{"target": -184.51372888372146, "params": {"k_pid_pos": [0.8986452388068177, 0.05475218704310581, 0.2784440493080597], "k_pid_alt": [1.4064686304941707, 0.0, 0.023984929117414466], "k_pid_att": [10.365462037160073, 4.293514828043201, 0.6161370374178166], "k_pid_yaw": [0.5, 1e-06, 0.1], "k_pid_hsp": [0.24205747047064594, 0.009983674371327233, 0.0], "k_pid_vsp": [286.150476123586, 100.08664310073827, 0.17979647308143235]}, "datetime": {"datetime": "2025-08-13 22:51:12", "elapsed": 47000.327961444855, "delta": 18.175453901290894}, "costs": {"total_cost": 184.51372888372146, "time_cost": 70.735, "final_distance_cost": 1.834253516938813, "oscillation_cost": 27.14938894138201, "completition_cost": 0.0, "overshoot_cost": 50.50115178204701, "power_cost": 13.195495654296876, "noise_cost": 21.098438989056753, "n_waypoints_completed": 9, "tot_waypoints": 9}}
{"target": -189.46063920726488, "params": {"k_pid_pos": [1.0063106330954692, 0.06263331640075644, 0.2590598373398541], "k_pid_alt": [1.755878789072001, 0.0, 0.02265592010067176], "k_pid_att": [9.493257259062277, 4.04986799740935, 0.5711016869938943], "k_pid_yaw": [0.5, 1e-06, 0.1], "k_pid_hsp": [0.24947488651842828, 0.010336852307222179, 0.0], "k_pid_vsp": [376.6499435277912, 87.1626545028937, 0.15925467721796163]}, "datetime": {"datetime": "2025-08-13 22:51:30", "elapsed": 47018.13554406166, "delta": 17.80758261680603}, "costs": {"total_cost": 189.46063920726488, "time_cost": 70.217, "final_distance_cost": 1.8330922316794964, "oscillation_cost": 28.34313943827296, "completition_cost": 0.0, "overshoot_cost": 50.66651926057246, "power_cost": 16.69503182373047, "noise_cost": 21.705856453009527, "n_waypoints_completed": 9, "tot_waypoints": 9}}
{"target": -185.51105993372636, "params": {"k_pid_pos": [0.8685646653727126, 0.05444766650809837, 0.2969394968755406], "k_pid_alt": [1.4980240466236578, 0.0, 0.026587256934278537], "k_pid_att": [10.3998316139165, 3.9581682218592458, 0.6372530618890329], "k_pid_yaw": [0.5, 1e-06, 0.1], "k_pid_hsp": [0.21619351081108099, 0.011158977704591927, 0.0], "k_pid_vsp": [291.10150897776026, 115.67571045165396, 0.1517626417747526]}, "datetime": {"datetime": "2025-08-13 22:51:47", "elapsed": 47035.28544855118, "delta": 17.149904489517212}, "costs": {"total_cost": 185.51105993372636, "time_cost": 70.952, "final_distance_cost": 1.8346202108096072, "oscillation_cost": 26.906837742504173, "completition_cost": 0.0, "overshoot_cost": 50.28719556835082, "power_cost": 14.081472119140626, "noise_cost": 21.44893429292113, "n_waypoints_completed": 9, "tot_waypoints": 9}}
{"target": -183.1385387683858, "params": {"k_pid_pos": [0.8628579532573127, 0.04663222818250556, 0.2842556253105382], "k_pid_alt": [1.3779083685466678, 0.0, 0.022373058462125794], "k_pid_att": [10.557934335927705, 3.9424081278412437, 0.6012966712876434], "k_pid_yaw": [0.5, 1e-06, 0.1], "k_pid_hsp": [0.2362722076021566, 0.013577186398299591, 0.0], "k_pid_vsp": [272.0923084429929, 100.53557818902543, 0.16114144445526027]}, "datetime": {"datetime": "2025-08-13 22:52:04", "elapsed": 47052.323147535324, "delta": 17.037698984146118}, "costs": {"total_cost": 183.1385387683858, "time_cost": 71.274, "final_distance_cost": 1.8494851082042503, "oscillation_cost": 27.03285517026597, "completition_cost": 0.0, "overshoot_cost": 50.326255602374935, "power_cost": 11.827607177734375, "noise_cost": 20.828335709806286, "n_waypoints_completed": 9, "tot_waypoints": 9}}
{"target": -188.7995380236109, "params": {"k_pid_pos": [1.0938357134387617, 0.05749653997712103, 0.32800292081865173], "k_pid_alt": [1.6700949832986758, 0.0, 0.02355279386294294], "k_pid_att": [9.377644111385889, 5.264577723181405, 0.5688545094738527], "k_pid_yaw": [0.5, 1e-06, 0.1], "k_pid_hsp": [0.19901766188782935, 0.011944520625111097, 0.0], "k_pid_vsp": [340.20038021881913, 106.32603791082006, 0.1712578592516116]}, "datetime": {"datetime": "2025-08-13 22:52:21", "elapsed": 47069.33707642555, "delta": 17.01392889022827}, "costs": {"total_cost": 188.7995380236109, "time_cost": 70.105, "final_distance_cost": 1.8341467599460923, "oscillation_cost": 28.320910531637317, "completition_cost": 0.0, "overshoot_cost": 50.73640816876132, "power_cost": 16.378700463867187, "noise_cost": 21.424372099398976, "n_waypoints_completed": 9, "tot_waypoints": 9}}
{"target": -186.16175344382378, "params": {"k_pid_pos": [0.9669638065288632, 0.0539907867176562, 0.2733397231281273], "k_pid_alt": [1.6666900549517516, 0.0, 0.02694673541358318], "k_pid_att": [9.15390959711446, 3.69942739742399, 0.6559000109048013], "k_pid_yaw": [0.5, 1e-06, 0.1], "k_pid_hsp": [0.20522078993721646, 0.010975936091178426, 0.0], "k_pid_vsp": [248.27758542638048, 115.48922014847544, 0.1973284485154755]}, "datetime": {"datetime": "2025-08-13 22:52:39", "elapsed": 47087.73052453995, "delta": 18.39344811439514}, "costs": {"total_cost": 186.16175344382378, "time_cost": 70.14, "final_distance_cost": 1.8368089923928776, "oscillation_cost": 26.96188536826751, "completition_cost": 0.0, "overshoot_cost": 50.57071901360217, "power_cost": 15.367186560058595, "noise_cost": 21.285153509502646, "n_waypoints_completed": 9, "tot_waypoints": 9}}
{"target": -186.8733693206232, "params": {"k_pid_pos": [0.8513697740099867, 0.045853860500882006, 0.25435704499198686], "k_pid_alt": [1.4926105573597812, 0.0, 0.027126644495211873], "k_pid_att": [9.580540910790306, 4.9775873579956285, 0.512325872237574], "k_pid_yaw": [0.5, 1e-06, 0.1], "k_pid_hsp": [0.20802935415873883, 0.010930594629929409, 0.0], "k_pid_vsp": [313.5813464163736, 128.4151262652729, 0.19152515606843012]}, "datetime": {"datetime": "2025-08-13 22:52:56", "elapsed": 47104.603323698044, "delta": 16.872799158096313}, "costs": {"total_cost": 186.8733693206232, "time_cost": 70.7, "final_distance_cost": 1.8412551804149409, "oscillation_cost": 26.748294252030355, "completition_cost": 0.0, "overshoot_cost": 50.433200757267926, "power_cost": 15.41492536621094, "noise_cost": 21.735693764699025, "n_waypoints_completed": 9, "tot_waypoints": 9}}
{"target": -180.32640310101152, "params": {"k_pid_pos": [1.0050048379223475, 0.048001833896497016, 0.21924010257355966], "k_pid_alt": [1.7557385746104766, 0.0, 0.018416983657951747], "k_pid_att": [9.138243732296324, 3.3391108238121707, 0.5727024957593628], "k_pid_yaw": [0.5, 1e-06, 0.1], "k_pid_hsp": [0.24096848126363732, 0.0095468356114075, 0.0], "k_pid_vsp": [252.61186552429726, 112.43935832805714, 0.1772275397695523]}, "datetime": {"datetime": "2025-08-13 22:53:14", "elapsed": 47122.70573282242, "delta": 18.10240912437439}, "costs": {"total_cost": 180.32640310101152, "time_cost": 69.258, "final_distance_cost": 1.8322237080238633, "oscillation_cost": 28.080382614275702, "completition_cost": 0.0, "overshoot_cost": 49.909106330546805, "power_cost": 11.419333178710938, "noise_cost": 19.82735726945424, "n_waypoints_completed": 9, "tot_waypoints": 9}}
