{"target": -185.44205648957654, "params": {"k_pid_pos": [0.8771427546296896, 0.07048715427430334, 0.0806379157731544], "k_pid_alt": [1.2747660641738814, 0.0, 0.02070173690881052], "k_pid_att": [12.66124379830884, 6.00471241515999, 0.7903762177539432], "k_pid_yaw": [0.5, 1e-06, 0.1], "k_pid_hsp": [0.24015344966298402, 0.01875101013493287, 0.0], "k_pid_vsp": [327.23635459096124, 165.8050669847064, 0.1811836986095788]}, "datetime": {"datetime": "2025-08-13 17:09:01", "elapsed": 26469.902896404266, "delta": 16.6432888507843}, "costs": {"total_cost": 185.44205648957654, "time_cost": 69.517, "final_distance_cost": 1.8226100140056007, "oscillation_cost": 28.64202316201622, "completition_cost": 0.0, "overshoot_cost": 50.34436549232555, "power_cost": 14.369762329101563, "noise_cost": 20.746295492127597, "n_waypoints_completed": 9, "tot_waypoints": 9}}
{"target": -185.84660862197464, "params": {"k_pid_pos": [1.1508444348168032, 0.06737720636512336, 0.16535367457247527], "k_pid_alt": [1.629002473384494, 0.0, 0.012597771696202598], "k_pid_att": [17.967285620382366, 5.632164066149901, 0.6460005690534195], "k_pid_yaw": [0.5, 1e-06, 0.1], "k_pid_hsp": [0.19099981837565072, 0.011221078245582668, 0.0], "k_pid_vsp": [199.71662890517302, 145.36287235657807, 0.13421291330601967]}, "datetime": {"datetime": "2025-08-13 17:09:18", "elapsed": 26486.600088119507, "delta": 16.69719171524048}, "costs": {"total_cost": 185.84660862197464, "time_cost": 68.887, "final_distance_cost": 1.8115907316478261, "oscillation_cost": 29.577115191068188, "completition_cost": 0.0, "overshoot_cost": 50.1054827847894, "power_cost": 14.922442358398438, "noise_cost": 20.542977556070788, "n_waypoints_completed": 9, "tot_waypoints": 9}}
{"target": -181.67188734026288, "params": {"k_pid_pos": [1.0091406368356708, 0.056199646046926566, 0.1028324854270523], "k_pid_alt": [1.6648606603124414, 0.0, 0.02550543080426669], "k_pid_att": [9.091809784069145, 3.7205840815153715, 0.5981453482377704], "k_pid_yaw": [0.5, 1e-06, 0.1], "k_pid_hsp": [0.21041064644943056, 0.012844869294900687, 0.0], "k_pid_vsp": [236.6431555468591, 75.54425330499078, 0.16355260462280566]}, "datetime": {"datetime": "2025-08-13 17:09:35", "elapsed": 26503.472692012787, "delta": 16.87260389328003}, "costs": {"total_cost": 181.67188734026288, "time_cost": 68.775, "final_distance_cost": 1.8370611892299316, "oscillation_cost": 29.573377607986814, "completition_cost": 0.0, "overshoot_cost": 49.68524304762173, "power_cost": 11.895894396972658, "noise_cost": 19.90531109845174, "n_waypoints_completed": 9, "tot_waypoints": 9}}
{"target": -182.7206564620393, "params": {"k_pid_pos": [1.1717905357126828, 0.058827929081897906, 0.06250180655243297], "k_pid_alt": [0.8861278392832395, 0.0, 0.03153659098877771], "k_pid_att": [14.327139749975087, 4.557289395538417, 0.6997030832706347], "k_pid_yaw": [0.5, 1e-06, 0.1], "k_pid_hsp": [0.18950259105491987, 0.013597996555280337, 0.0], "k_pid_vsp": [269.7740116705292, 87.7131204040174, 0.28833194622323904]}, "datetime": {"datetime": "2025-08-13 17:09:52", "elapsed": 26520.406484127045, "delta": 16.933792114257812}, "costs": {"total_cost": 182.7206564620393, "time_cost": 70.252, "final_distance_cost": 1.7990844862164628, "oscillation_cost": 31.107005448128852, "completition_cost": 0.0, "overshoot_cost": 50.154527936223104, "power_cost": 10.267575463867187, "noise_cost": 19.140463127603706, "n_waypoints_completed": 9, "tot_waypoints": 9}}
{"target": -187.3717044700392, "params": {"k_pid_pos": [1.2471165654090566, 0.0625394576178361, 0.1463306873856075], "k_pid_alt": [0.7432362462402778, 0.0, 0.017310002447383423], "k_pid_att": [16.17700057162419, 3.8591455246883477, 0.5932985335882734], "k_pid_yaw": [0.5, 1e-06, 0.1], "k_pid_hsp": [0.18432086015571, 0.013286065050810309, 0.0], "k_pid_vsp": [285.41708454263784, 107.24509351438745, 0.11118271079809995]}, "datetime": {"datetime": "2025-08-13 17:10:09", "elapsed": 26537.59003829956, "delta": 17.18355417251587}, "costs": {"total_cost": 187.3717044700392, "time_cost": 71.274, "final_distance_cost": 1.8134869493496732, "oscillation_cost": 30.83615888577597, "completition_cost": 0.0, "overshoot_cost": 50.31278128787097, "power_cost": 12.85486668701172, "noise_cost": 20.28041066003086, "n_waypoints_completed": 9, "tot_waypoints": 9}}
{"target": -1463.144273498117, "params": {"k_pid_pos": [1.0493618169905845, 0.03019892035988923, 0.25410164103633154], "k_pid_alt": [0.0, 0.0, 0.030566604476403098], "k_pid_att": [14.942063789719406, 7.717056231103939, 0.10467191912005379], "k_pid_yaw": [0.5, 1e-06, 0.1], "k_pid_hsp": [0.2250768603743856, 0.020703959549896952, 0.0], "k_pid_vsp": [252.82447112521263, 83.85926964638476, 0.23625524143469243]}, "datetime": {"datetime": "2025-08-13 17:10:39", "elapsed": 26567.469921827316, "delta": 29.879883527755737}, "costs": {"total_cost": 1463.144273498117, "time_cost": 150, "final_distance_cost": 1.0001195821698659, "oscillation_cost": 3.9286262750019048, "completition_cost": 1000.0, "overshoot_cost": 163.06697052368713, "power_cost": 10.008973303222657, "noise_cost": 135.13958381403535, "n_waypoints_completed": 0, "tot_waypoints": 9}}
{"target": -183.53590498066353, "params": {"k_pid_pos": [0.9518749561747532, 0.02575658093091011, 0.25137343989302136], "k_pid_alt": [0.7136143580589929, 0.0, 0.02660148892241236], "k_pid_att": [14.250046940083676, 6.822260971560188, 0.7170362071053513], "k_pid_yaw": [0.5, 1e-06, 0.1], "k_pid_hsp": [0.12176104521615573, 0.021594337625749305, 0.0], "k_pid_vsp": [242.42469817051935, 105.84974766986488, 0.018577920434215734]}, "datetime": {"datetime": "2025-08-13 17:10:57", "elapsed": 26585.178002119064, "delta": 17.708080291748047}, "costs": {"total_cost": 183.53590498066353, "time_cost": 72.408, "final_distance_cost": 1.8398295629204005, "oscillation_cost": 28.197059720198077, "completition_cost": 0.0, "overshoot_cost": 50.368226567742845, "power_cost": 10.8883697265625, "noise_cost": 19.8344194032397, "n_waypoints_completed": 9, "tot_waypoints": 9}}
{"target": -182.82879764430592, "params": {"k_pid_pos": [1.2722807998743542, 0.03656783422081781, 0.3290938349086241], "k_pid_alt": [1.6828535049803295, 0.0, 0.02258258620590711], "k_pid_att": [11.07613635012303, 4.400081399897041, 0.9989069158267002], "k_pid_yaw": [0.5, 1e-06, 0.1], "k_pid_hsp": [0.12632422522884787, 0.020662630831544994, 0.0], "k_pid_vsp": [310.69513899675184, 28.842668965165952, 0.15732140126562746]}, "datetime": {"datetime": "2025-08-13 17:11:13", "elapsed": 26601.685096502304, "delta": 16.507094383239746}, "costs": {"total_cost": 182.82879764430592, "time_cost": 69.496, "final_distance_cost": 1.8099501897388304, "oscillation_cost": 30.12608706538735, "completition_cost": 0.0, "overshoot_cost": 50.623185862222634, "power_cost": 11.098363818359376, "noise_cost": 19.675210708597717, "n_waypoints_completed": 9, "tot_waypoints": 9}}
{"target": -191.7848289486322, "params": {"k_pid_pos": [0.7212236008947776, 0.05733949894858718, 0.21935862324594368], "k_pid_alt": [1.5901869667438582, 0.0, 0.028058138632020873], "k_pid_att": [15.289354743752815, 3.698660434979528, 0.7241135994850311], "k_pid_yaw": [0.5, 1e-06, 0.1], "k_pid_hsp": [0.14889260028402754, 0.017167652050610747, 0.0], "k_pid_vsp": [234.26900273329628, 127.4196882910308, 0.181366711347544]}, "datetime": {"datetime": "2025-08-13 17:11:31", "elapsed": 26619.439056396484, "delta": 17.753959894180298}, "costs": {"total_cost": 191.7848289486322, "time_cost": 72.107, "final_distance_cost": 1.8373465597647383, "oscillation_cost": 25.616813938022272, "completition_cost": 0.0, "overshoot_cost": 50.95170931187154, "power_cost": 18.37804664306641, "noise_cost": 22.893912495907237, "n_waypoints_completed": 9, "tot_waypoints": 9}}
{"target": -181.4127164125837, "params": {"k_pid_pos": [1.016196365725104, 0.021315398232537947, 0.2819640951570293], "k_pid_alt": [1.1073032695346712, 0.0, 0.020076155789273156], "k_pid_att": [11.044488759689495, 6.662321321131337, 0.7975761930374766], "k_pid_yaw": [0.5, 1e-06, 0.1], "k_pid_hsp": [0.2104528058853091, 0.012369131014195065, 0.0], "k_pid_vsp": [293.8733880532756, 71.33669955011017, 0.11966705521436692]}, "datetime": {"datetime": "2025-08-13 17:11:48", "elapsed": 26635.993378162384, "delta": 16.554321765899658}, "costs": {"total_cost": 181.4127164125837, "time_cost": 70.175, "final_distance_cost": 1.846905367282892, "oscillation_cost": 28.728961022659995, "completition_cost": 0.0, "overshoot_cost": 50.160685630669676, "power_cost": 10.577066723632813, "noise_cost": 19.92409766833836, "n_waypoints_completed": 9, "tot_waypoints": 9}}
{"target": -188.48412921160724, "params": {"k_pid_pos": [1.4401722351163284, 0.06036937883064452, 0.23837806263632264], "k_pid_alt": [1.0962041611398632, 0.0, 0.01860077016749937], "k_pid_att": [6.6054253854615625, 7.5899891844571075, 0.3859308494368558], "k_pid_yaw": [0.5, 1e-06, 0.1], "k_pid_hsp": [0.23210832522866917, 0.013964804309122891, 0.0], "k_pid_vsp": [235.76297270004792, 138.65869263713606, 0.15272833023128862]}, "datetime": {"datetime": "2025-08-13 17:12:04", "elapsed": 26652.62932395935, "delta": 16.635945796966553}, "costs": {"total_cost": 188.48412921160724, "time_cost": 69.027, "final_distance_cost": 1.8108018056336006, "oscillation_cost": 33.43042520685208, "completition_cost": 0.0, "overshoot_cost": 49.627983271048414, "power_cost": 14.333238220214845, "noise_cost": 20.254680707858302, "n_waypoints_completed": 9, "tot_waypoints": 9}}
{"target": -187.90491568015264, "params": {"k_pid_pos": [0.8112927374819563, 0.0, 0.23286187957605956], "k_pid_alt": [1.1867284407558778, 0.0, 0.017295061951048542], "k_pid_att": [15.200213644213632, 5.088401406073708, 0.6449824160062474], "k_pid_yaw": [0.5, 1e-06, 0.1], "k_pid_hsp": [0.21682090541819132, 0.021876681334757928, 0.0], "k_pid_vsp": [167.67124568076142, 146.1799579519728, 0.12973239242559992]}, "datetime": {"datetime": "2025-08-13 17:12:21", "elapsed": 26669.735157251358, "delta": 17.105833292007446}, "costs": {"total_cost": 187.90491568015264, "time_cost": 72.17, "final_distance_cost": 1.8555482269900057, "oscillation_cost": 27.498783735292836, "completition_cost": 0.0, "overshoot_cost": 50.28456026336468, "power_cost": 14.423955187988282, "noise_cost": 21.672068266516845, "n_waypoints_completed": 9, "tot_waypoints": 9}}
{"target": -184.08113582479524, "params": {"k_pid_pos": [0.7888340315436895, 0.04545705493271948, 0.1427053017609633], "k_pid_alt": [0.92947576147498, 0.0, 0.023509496718042155], "k_pid_att": [14.026281901949067, 4.744867497348014, 0.6390458035602723], "k_pid_yaw": [0.5, 1e-06, 0.1], "k_pid_hsp": [0.2174332155761396, 0.015038659070006849, 0.0], "k_pid_vsp": [257.2685765011805, 111.32051106862025, 0.02894746305977185]}, "datetime": {"datetime": "2025-08-13 17:12:38", "elapsed": 26686.59854888916, "delta": 16.863391637802124}, "costs": {"total_cost": 184.08113582479524, "time_cost": 71.799, "final_distance_cost": 1.8407433052399016, "oscillation_cost": 26.873543629408715, "completition_cost": 0.0, "overshoot_cost": 50.29546034485236, "power_cost": 12.50281600341797, "noise_cost": 20.769572541876286, "n_waypoints_completed": 9, "tot_waypoints": 9}}
{"target": -196.34704756429815, "params": {"k_pid_pos": [1.2067878742356788, 0.043948443729109166, 0.09255611507244417], "k_pid_alt": [1.1397408332637713, 0.0, 0.021466631979448564], "k_pid_att": [12.33572412804665, 6.265606771163803, 0.8725396007141125], "k_pid_yaw": [0.5, 1e-06, 0.1], "k_pid_hsp": [0.263348993610036, 0.024357670591706872, 0.0], "k_pid_vsp": [268.29714779642273, 109.15462667183397, 0.1814692430666315]}, "datetime": {"datetime": "2025-08-13 17:12:55", "elapsed": 26703.88979077339, "delta": 17.291241884231567}, "costs": {"total_cost": 196.34704756429815, "time_cost": 70.343, "final_distance_cost": 1.8184980458040056, "oscillation_cost": 32.01175385600002, "completition_cost": 0.0, "overshoot_cost": 51.019454182139214, "power_cost": 19.462740649414062, "noise_cost": 21.691600830940835, "n_waypoints_completed": 9, "tot_waypoints": 9}}
{"target": -196.32285840846848, "params": {"k_pid_pos": [0.8739162069589651, 0.02895284288366522, 0.16864332591770537], "k_pid_alt": [0.6545046832017213, 0.0, 0.008688649353245051], "k_pid_att": [16.30332346220136, 3.1713753312815616, 0.41859625667062766], "k_pid_yaw": [0.5, 1e-06, 0.1], "k_pid_hsp": [0.2994710052577226, 0.023234559716165032, 0.0], "k_pid_vsp": [102.61951551908619, 71.71316210121962, 0.13774157570058396]}, "datetime": {"datetime": "2025-08-13 17:13:13", "elapsed": 26721.86026573181, "delta": 17.9704749584198}, "costs": {"total_cost": 196.32285840846848, "time_cost": 74.256, "final_distance_cost": 1.8464823404357007, "oscillation_cost": 28.160007188788203, "completition_cost": 0.0, "overshoot_cost": 50.13573824672016, "power_cost": 19.126921447753908, "noise_cost": 22.79770918477049, "n_waypoints_completed": 9, "tot_waypoints": 9}}
{"target": -192.86419353526338, "params": {"k_pid_pos": [1.2101985662940045, 0.08287671802027531, 0.18699430427851282], "k_pid_alt": [1.7827657183848933, 0.0, 0.011194831658691484], "k_pid_att": [13.028401199094086, 4.878194844758872, 0.5246073932543057], "k_pid_yaw": [0.5, 1e-06, 0.1], "k_pid_hsp": [0.2717144585144469, 0.020090480276984363, 0.0], "k_pid_vsp": [350.54036996456125, 110.94008840652747, 0.14768887456164195]}, "datetime": {"datetime": "2025-08-13 17:13:30", "elapsed": 26738.811541557312, "delta": 16.95127582550049}, "costs": {"total_cost": 192.86419353526338, "time_cost": 69.51, "final_distance_cost": 1.8195644556602026, "oscillation_cost": 30.884726615503702, "completition_cost": 0.0, "overshoot_cost": 50.986017198001655, "power_cost": 18.138825903320313, "noise_cost": 21.525059362777515, "n_waypoints_completed": 9, "tot_waypoints": 9}}
{"target": -184.70754085572807, "params": {"k_pid_pos": [1.041827693725442, 0.035693478645685055, 0.06871318680176042], "k_pid_alt": [2.0, 0.0, 0.020060687978254613], "k_pid_att": [13.973502864112286, 3.683628746776842, 0.779594303467293], "k_pid_yaw": [0.5, 1e-06, 0.1], "k_pid_hsp": [0.22093639271518328, 0.023839980977907304, 0.0], "k_pid_vsp": [304.9363965823128, 120.28857438546436, 0.10872604407356579]}, "datetime": {"datetime": "2025-08-13 17:13:47", "elapsed": 26755.611873865128, "delta": 16.80033230781555}, "costs": {"total_cost": 184.70754085572807, "time_cost": 69.139, "final_distance_cost": 1.8390556588682596, "oscillation_cost": 30.28706393776329, "completition_cost": 0.0, "overshoot_cost": 50.76022446248695, "power_cost": 12.782325427246095, "noise_cost": 19.899871369363467, "n_waypoints_completed": 9, "tot_waypoints": 9}}
{"target": -181.19596598275186, "params": {"k_pid_pos": [0.975058413399894, 0.04966812717427, 0.2538318586094661], "k_pid_alt": [1.2881061639835216, 0.0, 0.008488672343065837], "k_pid_att": [16.25022387759735, 6.021012030322159, 0.6617613084987184], "k_pid_yaw": [0.5, 1e-06, 0.1], "k_pid_hsp": [0.13961838940672402, 0.018779816320842357, 0.0], "k_pid_vsp": [362.7276092000582, 129.38403667170564, 0.09761594999855827]}, "datetime": {"datetime": "2025-08-13 17:14:04", "elapsed": 26772.485962867737, "delta": 16.874089002609253}, "costs": {"total_cost": 181.19596598275186, "time_cost": 69.482, "final_distance_cost": 1.8247602551829498, "oscillation_cost": 27.9650768622589, "completition_cost": 0.0, "overshoot_cost": 50.276177701472406, "power_cost": 11.679617626953126, "noise_cost": 19.968333536884465, "n_waypoints_completed": 9, "tot_waypoints": 9}}
{"target": -185.62950320833653, "params": {"k_pid_pos": [0.9443884693504486, 0.04088270888734686, 0.23529578807535886], "k_pid_alt": [1.272381988930971, 0.0, 0.01749450728793504], "k_pid_att": [5.285167338294282, 8.598741618060302, 1.0], "k_pid_yaw": [0.5, 1e-06, 0.1], "k_pid_hsp": [0.154822439866007, 0.02201296941465221, 0.0], "k_pid_vsp": [28.661205325539196, 84.32385460323901, 0.09419409928754767]}, "datetime": {"datetime": "2025-08-13 17:14:21", "elapsed": 26789.379450798035, "delta": 16.89348793029785}, "costs": {"total_cost": 185.62950320833653, "time_cost": 68.971, "final_distance_cost": 1.8352438628340886, "oscillation_cost": 32.15346433947733, "completition_cost": 0.0, "overshoot_cost": 49.46668597036127, "power_cost": 13.156835314941407, "noise_cost": 20.046273720722407, "n_waypoints_completed": 9, "tot_waypoints": 9}}
{"target": -181.75046073424951, "params": {"k_pid_pos": [1.1443370363165866, 0.06610857108294395, 0.23551435620291228], "k_pid_alt": [1.4110813915921723, 0.0, 0.01479689457002882], "k_pid_att": [7.65546862843086, 6.252722389029348, 0.5953112438067479], "k_pid_yaw": [0.5, 1e-06, 0.1], "k_pid_hsp": [0.3465143757899795, 0.017546034868067894, 0.0], "k_pid_vsp": [295.9501452044915, 111.06881236618658, 0.10441281200853374]}, "datetime": {"datetime": "2025-08-13 17:14:37", "elapsed": 26805.640642404556, "delta": 16.261191606521606}, "costs": {"total_cost": 181.75046073424951, "time_cost": 68.726, "final_distance_cost": 1.8283037463379788, "oscillation_cost": 31.6347644643954, "completition_cost": 0.0, "overshoot_cost": 49.93205499507347, "power_cost": 10.338950231933595, "noise_cost": 19.290387296509067, "n_waypoints_completed": 9, "tot_waypoints": 9}}
{"target": -180.79684019877152, "params": {"k_pid_pos": [0.9330848212613013, 0.04573716123532465, 0.16025087824222992], "k_pid_alt": [1.878710559314614, 0.0, 0.020747824783863514], "k_pid_att": [12.6447878225784, 8.916432313916543, 0.47874372533660575], "k_pid_yaw": [0.5, 1e-06, 0.1], "k_pid_hsp": [0.2573005586105212, 0.01901443473107507, 0.0], "k_pid_vsp": [181.8413750000177, 52.778365131415576, 0.17783133133469542]}, "datetime": {"datetime": "2025-08-13 17:14:54", "elapsed": 26822.537856817245, "delta": 16.89721441268921}, "costs": {"total_cost": 180.79684019877152, "time_cost": 69.608, "final_distance_cost": 1.8303233162965475, "oscillation_cost": 28.480734229812242, "completition_cost": 0.0, "overshoot_cost": 50.236450890609696, "power_cost": 10.810514147949219, "noise_cost": 19.830817614103804, "n_waypoints_completed": 9, "tot_waypoints": 9}}
{"target": -189.91952105195404, "params": {"k_pid_pos": [0.9699415093998724, 0.04255695087715158, 0.22473637373257635], "k_pid_alt": [0.9258875949462523, 0.0, 0.019432430083210623], "k_pid_att": [9.910449669351685, 5.810248413863582, 0.405988447071673], "k_pid_yaw": [0.5, 1e-06, 0.1], "k_pid_hsp": [0.14158585094567225, 0.02269409497211428, 0.0], "k_pid_vsp": [247.250114275148, 67.15367916587861, 0.11562002420624261]}, "datetime": {"datetime": "2025-08-13 17:15:11", "elapsed": 26839.77514743805, "delta": 17.237290620803833}, "costs": {"total_cost": 189.91952105195404, "time_cost": 70.679, "final_distance_cost": 1.824331309602543, "oscillation_cost": 29.18593417953475, "completition_cost": 0.0, "overshoot_cost": 49.90094064684705, "power_cost": 16.915869274902345, "noise_cost": 21.413445641067348, "n_waypoints_completed": 9, "tot_waypoints": 9}}
{"target": -188.26945389864989, "params": {"k_pid_pos": [1.13198426271486, 0.029666623922992363, 0.2490383274650534], "k_pid_alt": [1.0335384576184476, 0.0, 0.026741712064851732], "k_pid_att": [14.32710146089466, 4.412265985825143, 0.6994277273137094], "k_pid_yaw": [0.5, 1e-06, 0.1], "k_pid_hsp": [0.2146040859450066, 0.021399579251688523, 0.0], "k_pid_vsp": [196.64153444211115, 198.81886176553425, 0.16818734426074647]}, "datetime": {"datetime": "2025-08-13 17:15:28", "elapsed": 26856.469147205353, "delta": 16.693999767303467}, "costs": {"total_cost": 188.26945389864989, "time_cost": 69.95100000000001, "final_distance_cost": 1.8358195172459666, "oscillation_cost": 29.74084106582326, "completition_cost": 0.0, "overshoot_cost": 50.03872794943578, "power_cost": 15.77997021484375, "noise_cost": 20.923095151301123, "n_waypoints_completed": 9, "tot_waypoints": 9}}
{"target": -179.78836909142188, "params": {"k_pid_pos": [1.1185072497590756, 0.0, 0.22603966718264593], "k_pid_alt": [1.3264680688822086, 0.0, 0.02297482731982431], "k_pid_att": [17.812451743150884, 4.581461448882314, 0.5211953164109672], "k_pid_yaw": [0.5, 1e-06, 0.1], "k_pid_hsp": [0.1932130848084932, 0.015127698824692316, 0.0], "k_pid_vsp": [257.52895812193975, 134.44650269652988, 0.0735247157824609]}, "datetime": {"datetime": "2025-08-13 17:15:45", "elapsed": 26873.13430070877, "delta": 16.66515350341797}, "costs": {"total_cost": 179.78836909142188, "time_cost": 68.74, "final_distance_cost": 1.8318419745267684, "oscillation_cost": 29.01979082127452, "completition_cost": 0.0, "overshoot_cost": 49.71345887961813, "power_cost": 10.9886775390625, "noise_cost": 19.494599876939972, "n_waypoints_completed": 9, "tot_waypoints": 9}}
{"target": -185.90404202640477, "params": {"k_pid_pos": [0.9098567245057659, 0.047824224106569176, 0.23662568080228116], "k_pid_alt": [1.253593573838992, 0.0, 0.01826061208156893], "k_pid_att": [13.424643207905298, 4.969085762697175, 0.6746079857289794], "k_pid_yaw": [0.5, 1e-06, 0.1], "k_pid_hsp": [0.14667117624599746, 0.020685720376264986, 0.0], "k_pid_vsp": [336.4911237929257, 141.25574103800963, 0.14426395344552523]}, "datetime": {"datetime": "2025-08-13 17:16:01", "elapsed": 26889.968094587326, "delta": 16.833793878555298}, "costs": {"total_cost": 185.90404202640477, "time_cost": 70.252, "final_distance_cost": 1.8326185834186715, "oscillation_cost": 27.27709637340485, "completition_cost": 0.0, "overshoot_cost": 50.24997044337004, "power_cost": 15.23537713623047, "noise_cost": 21.056979489980723, "n_waypoints_completed": 9, "tot_waypoints": 9}}
