{"target": -185.83887300738323, "params": {"k_pid_pos": [0.8087251378753374, 0.053218247645155765, 0.23956458691297297], "k_pid_alt": [1.4997734728216037, 0.0, 0.022775248353740687], "k_pid_att": [8.73978482187725, 3.783350438739589, 0.6372698214679621], "k_pid_yaw": [0.5, 1e-06, 0.1], "k_pid_hsp": [0.23781265085875072, 0.01171872198342819, 0.0], "k_pid_vsp": [295.52713200994384, 106.21387625405323, 0.1707211773187708]}, "datetime": {"datetime": "2025-08-13 21:33:07", "elapsed": 42314.980194330215, "delta": 17.543456077575684}, "costs": {"total_cost": 185.83887300738323, "time_cost": 71.44200000000001, "final_distance_cost": 1.8482507979699785, "oscillation_cost": 27.26850791993059, "completition_cost": 0.0, "overshoot_cost": 50.697956439369335, "power_cost": 13.228617260742189, "noise_cost": 21.353540589371114, "n_waypoints_completed": 9, "tot_waypoints": 9}}
{"target": -181.2642561420794, "params": {"k_pid_pos": [1.1183505606592705, 0.05291657255446628, 0.33022835401415923], "k_pid_alt": [1.3699285230425502, 0.0, 0.030689861815284502], "k_pid_att": [10.17533778416081, 4.7125128787259385, 0.7570239933549331], "k_pid_yaw": [0.5, 1e-06, 0.1], "k_pid_hsp": [0.20044644992476282, 0.017671543418418523, 0.0], "k_pid_vsp": [300.488250875878, 141.76173649934563, 0.17239053400706275]}, "datetime": {"datetime": "2025-08-13 21:33:23", "elapsed": 42331.55422401428, "delta": 16.574029684066772}, "costs": {"total_cost": 181.2642561420794, "time_cost": 68.971, "final_distance_cost": 1.8339683972406882, "oscillation_cost": 29.188610590187924, "completition_cost": 0.0, "overshoot_cost": 49.75748746721147, "power_cost": 11.621697473144533, "noise_cost": 19.891492214294797, "n_waypoints_completed": 9, "tot_waypoints": 9}}
{"target": -192.00236885379894, "params": {"k_pid_pos": [0.8039703872574496, 0.037676703257876094, 0.317701793466282], "k_pid_alt": [1.3595954328454356, 0.0, 0.028079340818787508], "k_pid_att": [10.524558521148053, 3.790801452846383, 0.35289734357395625], "k_pid_yaw": [0.5, 1e-06, 0.1], "k_pid_hsp": [0.20274023234391036, 0.016103917697284812, 0.0], "k_pid_vsp": [226.64559395769098, 127.02213703537308, 0.16864364433029996]}, "datetime": {"datetime": "2025-08-13 21:33:41", "elapsed": 42349.907138347626, "delta": 18.352914333343506}, "costs": {"total_cost": 192.00236885379894, "time_cost": 72.632, "final_distance_cost": 1.8454170483940053, "oscillation_cost": 27.0355445724086, "completition_cost": 0.0, "overshoot_cost": 50.57658335889089, "power_cost": 17.12510544433594, "noise_cost": 22.78771842976951, "n_waypoints_completed": 9, "tot_waypoints": 9}}
{"target": -182.56881371988743, "params": {"k_pid_pos": [0.937479565428549, 0.039334441981622274, 0.30632134757324736], "k_pid_alt": [1.583701989527994, 0.0, 0.028012129589421595], "k_pid_att": [9.051250861442474, 4.393038562970114, 0.6232708147266833], "k_pid_yaw": [0.5, 1e-06, 0.1], "k_pid_hsp": [0.2117414062839137, 0.014948494277697606, 0.0], "k_pid_vsp": [214.19576153339958, 132.87793359685472, 0.18420647603802234]}, "datetime": {"datetime": "2025-08-13 21:33:58", "elapsed": 42366.97271776199, "delta": 17.065579414367676}, "costs": {"total_cost": 182.56881371988743, "time_cost": 69.881, "final_distance_cost": 1.8475333465127024, "oscillation_cost": 27.777876580496095, "completition_cost": 0.0, "overshoot_cost": 49.78846438052255, "power_cost": 12.64166123046875, "noise_cost": 20.63227818188733, "n_waypoints_completed": 9, "tot_waypoints": 9}}
{"target": -183.25804966004415, "params": {"k_pid_pos": [1.2299083241053583, 0.05402649534992316, 0.2882640009523863], "k_pid_alt": [1.6434063849133704, 0.0, 0.026887450705257637], "k_pid_att": [10.139433797999331, 3.4269890182943286, 0.6636414545195661], "k_pid_yaw": [0.5, 1e-06, 0.1], "k_pid_hsp": [0.21681359541617473, 0.013408117563533531, 0.0], "k_pid_vsp": [221.63628776760592, 96.24716930340223, 0.19473241673806374]}, "datetime": {"datetime": "2025-08-13 21:34:15", "elapsed": 42383.259900808334, "delta": 16.287183046340942}, "costs": {"total_cost": 183.25804966004415, "time_cost": 68.649, "final_distance_cost": 1.8293280160885363, "oscillation_cost": 30.073790485540815, "completition_cost": 0.0, "overshoot_cost": 49.77293688162331, "power_cost": 12.828309497070313, "noise_cost": 20.10468477972117, "n_waypoints_completed": 9, "tot_waypoints": 9}}
{"target": -183.8193521723746, "params": {"k_pid_pos": [0.9997439713440232, 0.039219358945349336, 0.2884268147633197], "k_pid_alt": [1.4898622288290866, 0.0, 0.020446882096897077], "k_pid_att": [11.2898350153542, 3.656940169064388, 0.5262299898103397], "k_pid_yaw": [0.5, 1e-06, 0.1], "k_pid_hsp": [0.18210863656393517, 0.015029592498682203, 0.0], "k_pid_vsp": [233.03424221669195, 127.36067754277121, 0.15443687291558228]}, "datetime": {"datetime": "2025-08-13 21:34:32", "elapsed": 42400.644464969635, "delta": 17.38456416130066}, "costs": {"total_cost": 183.8193521723746, "time_cost": 69.622, "final_distance_cost": 1.836505476971067, "oscillation_cost": 27.275679336349732, "completition_cost": 0.0, "overshoot_cost": 49.986463730666664, "power_cost": 14.317901696777344, "noise_cost": 20.780801931609805, "n_waypoints_completed": 9, "tot_waypoints": 9}}
{"target": -192.849173360742, "params": {"k_pid_pos": [0.8806532363306795, 0.054407218723487645, 0.2699881932147922], "k_pid_alt": [1.4270684910896432, 0.0, 0.02670840680262419], "k_pid_att": [9.786737658329006, 3.893783761170603, 0.6023481123032535], "k_pid_yaw": [0.5, 1e-06, 0.1], "k_pid_hsp": [0.17446626097854503, 0.018537563086525696, 0.0], "k_pid_vsp": [287.5697028849837, 130.2971317794297, 0.11838490852115964]}, "datetime": {"datetime": "2025-08-13 21:34:49", "elapsed": 42417.23832130432, "delta": 16.59385633468628}, "costs": {"total_cost": 192.849173360742, "time_cost": 71.092, "final_distance_cost": 1.8416215177701678, "oscillation_cost": 26.94413115797959, "completition_cost": 0.0, "overshoot_cost": 51.07103744138473, "power_cost": 19.494589697265624, "noise_cost": 22.405793546341908, "n_waypoints_completed": 9, "tot_waypoints": 9}}
{"target": -188.80300447945044, "params": {"k_pid_pos": [0.7827269888823855, 0.0508246659576126, 0.26244737525681633], "k_pid_alt": [1.5592669518893854, 0.0, 0.01833751403027901], "k_pid_att": [10.303525353744954, 3.722662004143974, 0.6489606819254671], "k_pid_yaw": [0.5, 1e-06, 0.1], "k_pid_hsp": [0.25509802394844394, 0.015876465051521665, 0.0], "k_pid_vsp": [319.94729227795085, 106.33329990938239, 0.13702550717206377]}, "datetime": {"datetime": "2025-08-13 21:35:08", "elapsed": 42435.992548942566, "delta": 18.75422763824463}, "costs": {"total_cost": 188.80300447945044, "time_cost": 72.45, "final_distance_cost": 1.8455006660224582, "oscillation_cost": 27.463911449021513, "completition_cost": 0.0, "overshoot_cost": 50.54862247670697, "power_cost": 14.352831091308595, "noise_cost": 22.14213879639092, "n_waypoints_completed": 9, "tot_waypoints": 9}}
{"target": -186.6007069168607, "params": {"k_pid_pos": [0.8119134209225076, 0.06447218573232956, 0.3144568660086394], "k_pid_alt": [1.4596178500949233, 0.0, 0.025978684224483493], "k_pid_att": [10.888843854839697, 4.570216696231242, 0.617542548421223], "k_pid_yaw": [0.5, 1e-06, 0.1], "k_pid_hsp": [0.19210882535912063, 0.014045580216761458, 0.0], "k_pid_vsp": [329.2562860954788, 109.5122863313406, 0.14818318470727562]}, "datetime": {"datetime": "2025-08-13 21:35:25", "elapsed": 42453.11558508873, "delta": 17.12303614616394}, "costs": {"total_cost": 186.6007069168607, "time_cost": 72.037, "final_distance_cost": 1.842321097784357, "oscillation_cost": 26.983541423836087, "completition_cost": 0.0, "overshoot_cost": 50.40123508349746, "power_cost": 13.749224279785157, "noise_cost": 21.58738503195763, "n_waypoints_completed": 9, "tot_waypoints": 9}}
{"target": -180.532786474857, "params": {"k_pid_pos": [1.136808243232172, 0.04925657847500703, 0.37981338836311856], "k_pid_alt": [1.7574751693532542, 0.0, 0.024177231642793336], "k_pid_att": [9.058861343904564, 3.580143405540616, 0.6322609262978641], "k_pid_yaw": [0.5, 1e-06, 0.1], "k_pid_hsp": [0.20249847906729168, 0.010428287745034662, 0.0], "k_pid_vsp": [244.41930448707413, 118.52661874592154, 0.16268621141246617]}, "datetime": {"datetime": "2025-08-13 21:35:42", "elapsed": 42470.341888427734, "delta": 17.226303339004517}, "costs": {"total_cost": 180.532786474857, "time_cost": 69.048, "final_distance_cost": 1.8268992628938172, "oscillation_cost": 28.237818752450384, "completition_cost": 0.0, "overshoot_cost": 50.32930644011669, "power_cost": 11.323658850097656, "noise_cost": 19.767103169298473, "n_waypoints_completed": 9, "tot_waypoints": 9}}
{"target": -186.2864617025783, "params": {"k_pid_pos": [0.8502084328181386, 0.05823140734721552, 0.2795834829990857], "k_pid_alt": [1.3660360893960746, 0.0, 0.018742032997499953], "k_pid_att": [11.099031746815653, 4.581029716495316, 0.6111968587519121], "k_pid_yaw": [0.5, 1e-06, 0.1], "k_pid_hsp": [0.16294623316467377, 0.01899216832014823, 0.0], "k_pid_vsp": [227.95765410553477, 134.03433799725667, 0.16000418028132768]}, "datetime": {"datetime": "2025-08-13 21:35:59", "elapsed": 42486.98477482796, "delta": 16.64288640022278}, "costs": {"total_cost": 186.2864617025783, "time_cost": 70.679, "final_distance_cost": 1.8438682421707768, "oscillation_cost": 26.847196020548026, "completition_cost": 0.0, "overshoot_cost": 50.557129367355785, "power_cost": 14.996015209960937, "noise_cost": 21.363252862542772, "n_waypoints_completed": 9, "tot_waypoints": 9}}
{"target": -187.95468465720455, "params": {"k_pid_pos": [0.9098864703976113, 0.054769833594759953, 0.26699356112650346], "k_pid_alt": [1.1580467299734483, 0.0, 0.023070928459085146], "k_pid_att": [9.736312154548203, 3.715676481089264, 0.6016813102099047], "k_pid_yaw": [0.5, 1e-06, 0.1], "k_pid_hsp": [0.19422548150331145, 0.012836999930974142, 0.0], "k_pid_vsp": [285.0566398571398, 102.08154878204067, 0.14794644901907225]}, "datetime": {"datetime": "2025-08-13 21:36:16", "elapsed": 42504.728209257126, "delta": 17.7434344291687}, "costs": {"total_cost": 187.95468465720455, "time_cost": 70.84700000000001, "final_distance_cost": 1.8448072687067063, "oscillation_cost": 27.27496238238139, "completition_cost": 0.0, "overshoot_cost": 50.696699439240284, "power_cost": 15.772934960937501, "noise_cost": 21.51828060593866, "n_waypoints_completed": 9, "tot_waypoints": 9}}
{"target": -181.64608805131672, "params": {"k_pid_pos": [0.9093086301411043, 0.05475953112149315, 0.2734909228348122], "k_pid_alt": [1.5139484494993518, 0.0, 0.025610255857170774], "k_pid_att": [11.572176530564102, 3.804914351764257, 0.530941368902918], "k_pid_yaw": [0.5, 1e-06, 0.1], "k_pid_hsp": [0.19855333121381671, 0.0064555663550530384, 0.0], "k_pid_vsp": [400.0, 112.49688296011239, 0.20581531785119153]}, "datetime": {"datetime": "2025-08-13 21:36:33", "elapsed": 42521.39430761337, "delta": 16.66609835624695}, "costs": {"total_cost": 181.64608805131672, "time_cost": 70.315, "final_distance_cost": 1.8284972504339894, "oscillation_cost": 26.677776254853487, "completition_cost": 0.0, "overshoot_cost": 50.23277713269541, "power_cost": 12.034327246093751, "noise_cost": 20.557710167240113, "n_waypoints_completed": 9, "tot_waypoints": 9}}
{"target": -190.35146947054733, "params": {"k_pid_pos": [1.0547909490275649, 0.04674170936380381, 0.38815972278750577], "k_pid_alt": [1.5441116356195181, 0.0, 0.025551378480379153], "k_pid_att": [7.627033231938056, 4.708368794879054, 0.582133038108379], "k_pid_yaw": [0.5, 1e-06, 0.1], "k_pid_hsp": [0.1769007032399812, 0.01454890576287416, 0.0], "k_pid_vsp": [290.9451539480283, 143.35326175038912, 0.23337600218402302]}, "datetime": {"datetime": "2025-08-13 21:36:50", "elapsed": 42538.94629406929, "delta": 17.55198645591736}, "costs": {"total_cost": 190.35146947054733, "time_cost": 70.21000000000001, "final_distance_cost": 1.832047728470518, "oscillation_cost": 28.559505186884465, "completition_cost": 0.0, "overshoot_cost": 50.17770030486232, "power_cost": 17.700560205078126, "noise_cost": 21.871656045251903, "n_waypoints_completed": 9, "tot_waypoints": 9}}
{"target": -190.07615475790328, "params": {"k_pid_pos": [0.6993745370835924, 0.04533810936760193, 0.2604967657780302], "k_pid_alt": [1.7786676478815957, 0.0, 0.019100418602720295], "k_pid_att": [11.29204116021698, 3.459852468101438, 0.7462485312367838], "k_pid_yaw": [0.5, 1e-06, 0.1], "k_pid_hsp": [0.14223332923146673, 0.01189356793482164, 0.0], "k_pid_vsp": [298.86089782187133, 123.46804411853111, 0.13676207478808902]}, "datetime": {"datetime": "2025-08-13 21:37:08", "elapsed": 42556.04591917992, "delta": 17.09962511062622}, "costs": {"total_cost": 190.07615475790328, "time_cost": 72.57600000000001, "final_distance_cost": 1.8410273330239117, "oscillation_cost": 25.222116787437656, "completition_cost": 0.0, "overshoot_cost": 51.116387781398636, "power_cost": 16.714957055664062, "noise_cost": 22.60566580037899, "n_waypoints_completed": 9, "tot_waypoints": 9}}
{"target": -188.8411970122927, "params": {"k_pid_pos": [1.0580349939668823, 0.06944128127780455, 0.3953475866075344], "k_pid_alt": [1.1999681038612346, 0.0, 0.027162291135419906], "k_pid_att": [9.080941323665234, 3.1801671728324323, 0.562215014538212], "k_pid_yaw": [0.5, 1e-06, 0.1], "k_pid_hsp": [0.20462546994513708, 0.01539628876674507, 0.0], "k_pid_vsp": [275.2975434954656, 92.6344384454588, 0.16742501661754386]}, "datetime": {"datetime": "2025-08-13 21:37:26", "elapsed": 42574.31138896942, "delta": 18.265469789505005}, "costs": {"total_cost": 188.8411970122927, "time_cost": 70.357, "final_distance_cost": 1.8377793575644694, "oscillation_cost": 28.138517902508553, "completition_cost": 0.0, "overshoot_cost": 50.66843161680308, "power_cost": 16.163829321289064, "noise_cost": 21.675638814127524, "n_waypoints_completed": 9, "tot_waypoints": 9}}
{"target": -187.6934756695683, "params": {"k_pid_pos": [0.950405272942772, 0.05542734700345753, 0.330803078402595], "k_pid_alt": [1.6736077622296144, 0.0, 0.03006670983822471], "k_pid_att": [10.791934755043485, 3.695678143965983, 0.5899920281219245], "k_pid_yaw": [0.5, 1e-06, 0.1], "k_pid_hsp": [0.21314278401436149, 0.014134365505813769, 0.0], "k_pid_vsp": [193.70822569552104, 147.54794317494483, 0.17371582168726782]}, "datetime": {"datetime": "2025-08-13 21:37:42", "elapsed": 42590.584564208984, "delta": 16.27317523956299}, "costs": {"total_cost": 187.6934756695683, "time_cost": 70.399, "final_distance_cost": 1.841044132908652, "oscillation_cost": 26.88231631479971, "completition_cost": 0.0, "overshoot_cost": 50.22607586722772, "power_cost": 16.722841662597656, "noise_cost": 21.622197692034586, "n_waypoints_completed": 9, "tot_waypoints": 9}}
{"target": -186.90460859282553, "params": {"k_pid_pos": [0.9059704941782686, 0.03875973716431844, 0.28042546060071555], "k_pid_alt": [1.1972767315274029, 0.0, 0.028817072944354597], "k_pid_att": [11.433622207600349, 4.073410069238329, 0.5348281205578784], "k_pid_yaw": [0.5, 1e-06, 0.1], "k_pid_hsp": [0.1844737323230652, 0.011252226795215495, 0.0], "k_pid_vsp": [280.12924997207296, 118.56657478293165, 0.15550970760199623]}, "datetime": {"datetime": "2025-08-13 21:38:01", "elapsed": 42609.09809541702, "delta": 18.51353120803833}, "costs": {"total_cost": 186.90460859282553, "time_cost": 70.749, "final_distance_cost": 1.844143226528361, "oscillation_cost": 26.968187083363425, "completition_cost": 0.0, "overshoot_cost": 50.04021188102823, "power_cost": 15.711586108398437, "noise_cost": 21.591480293507068, "n_waypoints_completed": 9, "tot_waypoints": 9}}
{"target": -187.49826712364427, "params": {"k_pid_pos": [0.8918650695997723, 0.06151424982723206, 0.3740801114800223], "k_pid_alt": [1.3395165100070716, 0.0, 0.0213213535191645], "k_pid_att": [8.903405553630584, 4.158638385878079, 0.4321003609255089], "k_pid_yaw": [0.5, 1e-06, 0.1], "k_pid_hsp": [0.1989525623545323, 0.0074083123879981625, 0.0], "k_pid_vsp": [326.9451343908354, 120.2567613065587, 0.1804374339181647]}, "datetime": {"datetime": "2025-08-13 21:38:18", "elapsed": 42626.49792933464, "delta": 17.399833917617798}, "costs": {"total_cost": 187.49826712364427, "time_cost": 71.834, "final_distance_cost": 1.8399316873563285, "oscillation_cost": 27.06581301842671, "completition_cost": 0.0, "overshoot_cost": 50.72038170512648, "power_cost": 14.340489904785157, "noise_cost": 21.697650807949607, "n_waypoints_completed": 9, "tot_waypoints": 9}}
{"target": -181.9439837217049, "params": {"k_pid_pos": [1.0205810928469272, 0.06973222838373806, 0.31308679588050664], "k_pid_alt": [1.479999664412248, 0.0, 0.022869579465359613], "k_pid_att": [8.965453998590993, 4.1850344856584645, 0.5567284766144026], "k_pid_yaw": [0.5, 1e-06, 0.1], "k_pid_hsp": [0.14870524111921435, 0.015719247162955443, 0.0], "k_pid_vsp": [259.85414290167313, 143.13683569257367, 0.15923502764690564]}, "datetime": {"datetime": "2025-08-13 21:38:36", "elapsed": 42644.2409965992, "delta": 17.743067264556885}, "costs": {"total_cost": 181.9439837217049, "time_cost": 69.167, "final_distance_cost": 1.8363156979153354, "oscillation_cost": 28.07362140186818, "completition_cost": 0.0, "overshoot_cost": 50.00848453909878, "power_cost": 12.713212500000001, "noise_cost": 20.14534958282261, "n_waypoints_completed": 9, "tot_waypoints": 9}}
{"target": -184.0685862560136, "params": {"k_pid_pos": [1.0221227215759716, 0.05446167533500717, 0.28685371015473704], "k_pid_alt": [1.6761510470078962, 0.0, 0.029350444918847224], "k_pid_att": [9.153221256609248, 3.762566759957643, 0.5724127337513201], "k_pid_yaw": [0.5, 1e-06, 0.1], "k_pid_hsp": [0.28456373376457955, 0.014806266614038097, 0.0], "k_pid_vsp": [264.6255737337967, 114.46119210480812, 0.14963123397103553]}, "datetime": {"datetime": "2025-08-13 21:38:53", "elapsed": 42661.30247735977, "delta": 17.06148076057434}, "costs": {"total_cost": 184.0685862560136, "time_cost": 69.65, "final_distance_cost": 1.836720549716347, "oscillation_cost": 28.252669497094157, "completition_cost": 0.0, "overshoot_cost": 50.43055405852082, "power_cost": 13.241653784179688, "noise_cost": 20.656988366502578, "n_waypoints_completed": 9, "tot_waypoints": 9}}
{"target": -178.2549835750829, "params": {"k_pid_pos": [1.10781382026036, 0.060882615763504476, 0.32899836975480795], "k_pid_alt": [1.2309322368395141, 0.0, 0.024031000351643114], "k_pid_att": [10.465772030921464, 3.129775397704755, 0.5459626940498153], "k_pid_yaw": [0.5, 1e-06, 0.1], "k_pid_hsp": [0.21927737804702904, 0.009616769793990712, 0.0], "k_pid_vsp": [365.75370382013233, 115.55650083478781, 0.1364719576519444]}, "datetime": {"datetime": "2025-08-13 21:39:10", "elapsed": 42678.59155988693, "delta": 17.289082527160645}, "costs": {"total_cost": 178.2549835750829, "time_cost": 69.559, "final_distance_cost": 1.8291945292688707, "oscillation_cost": 28.550766616297636, "completition_cost": 0.0, "overshoot_cost": 49.683304194311425, "power_cost": 9.406517749023438, "noise_cost": 19.226200486181515, "n_waypoints_completed": 9, "tot_waypoints": 9}}
{"target": -184.73753009608458, "params": {"k_pid_pos": [0.9922131822379617, 0.06282431146123911, 0.3038185604981441], "k_pid_alt": [1.3992665032432816, 0.0, 0.026855773240025537], "k_pid_att": [9.725356293320997, 3.356368420174429, 0.6475969637259601], "k_pid_yaw": [0.5, 1e-06, 0.1], "k_pid_hsp": [0.18177080106113638, 0.015052668953569605, 0.0], "k_pid_vsp": [278.35903834798256, 129.22243666258365, 0.17076962012924313]}, "datetime": {"datetime": "2025-08-13 21:39:27", "elapsed": 42695.28846335411, "delta": 16.696903467178345}, "costs": {"total_cost": 184.73753009608458, "time_cost": 69.552, "final_distance_cost": 1.8403644256017118, "oscillation_cost": 27.836602482509743, "completition_cost": 0.0, "overshoot_cost": 50.13474954201602, "power_cost": 14.46275194091797, "noise_cost": 20.91106170503913, "n_waypoints_completed": 9, "tot_waypoints": 9}}
{"target": -192.0360953940182, "params": {"k_pid_pos": [0.8709849066322142, 0.06159508347181578, 0.3162581450636835], "k_pid_alt": [1.4701009725300411, 0.0, 0.02253553447874711], "k_pid_att": [7.277572960696645, 3.8426100042984466, 0.6262092950798906], "k_pid_yaw": [0.5, 1e-06, 0.1], "k_pid_hsp": [0.2330351634607113, 0.016242261054814734, 0.0], "k_pid_vsp": [329.20835794157944, 116.58021306747072, 0.1379146954228443]}, "datetime": {"datetime": "2025-08-13 21:39:45", "elapsed": 42713.97552084923, "delta": 18.687057495117188}, "costs": {"total_cost": 192.0360953940182, "time_cost": 71.82000000000001, "final_distance_cost": 1.8374960931218804, "oscillation_cost": 27.733269985396834, "completition_cost": 0.0, "overshoot_cost": 50.7858807396737, "power_cost": 17.468684082031253, "noise_cost": 22.390764493794524, "n_waypoints_completed": 9, "tot_waypoints": 9}}
{"target": -194.0150220267365, "params": {"k_pid_pos": [0.8219406627580952, 0.05522821212456372, 0.2922551900862797], "k_pid_alt": [1.069301106818673, 0.0, 0.02873317894303418], "k_pid_att": [9.678430392883001, 3.4312559264444236, 0.6086825496882998], "k_pid_yaw": [0.5, 1e-06, 0.1], "k_pid_hsp": [0.19624240130546092, 0.014056867178020451, 0.0], "k_pid_vsp": [276.83090940004905, 169.3871886811722, 0.1703848658806939]}, "datetime": {"datetime": "2025-08-13 21:40:03", "elapsed": 42731.14024353027, "delta": 17.164722681045532}, "costs": {"total_cost": 194.0150220267365, "time_cost": 72.863, "final_distance_cost": 1.8472767084526793, "oscillation_cost": 27.16893078710026, "completition_cost": 0.0, "overshoot_cost": 50.87168095272145, "power_cost": 18.600600927734376, "noise_cost": 22.663532650727706, "n_waypoints_completed": 9, "tot_waypoints": 9}}
