{"target": -183.925715074873, "params": {"k_pid_pos": [0.9649163619135502, 0.07409224597498687, 0.2263364880682915], "k_pid_alt": [1.3629261807080641, 0.0, 0.024014165277688588], "k_pid_att": [9.96783259367247, 2.9464028795047548, 0.4328099010999977], "k_pid_yaw": [0.5, 1e-06, 0.1], "k_pid_hsp": [0.1702325953093651, 0.022415563635952818, 0.0], "k_pid_vsp": [345.78199605960435, 123.18990885152944, 0.15191094752807285]}, "datetime": {"datetime": "2025-08-13 20:26:59", "elapsed": 38347.81778526306, "delta": 16.014999628067017}, "costs": {"total_cost": 183.925715074873, "time_cost": 69.538, "final_distance_cost": 1.8356832156280716, "oscillation_cost": 28.223429732559243, "completition_cost": 0.0, "overshoot_cost": 50.649417464421475, "power_cost": 13.242712622070313, "noise_cost": 20.436472040193927, "n_waypoints_completed": 9, "tot_waypoints": 9}}
{"target": -194.51738006882888, "params": {"k_pid_pos": [1.056188926560064, 0.0632531489732903, 0.3755612141324305], "k_pid_alt": [1.411954143038243, 0.0, 0.032436478821535664], "k_pid_att": [11.68897291988007, 3.3422773622547424, 0.6470533642105241], "k_pid_yaw": [0.5, 1e-06, 0.1], "k_pid_hsp": [0.16740052964870386, 0.016590671221333564, 0.0], "k_pid_vsp": [369.1754935872773, 135.43783607963942, 0.19096823885577963]}, "datetime": {"datetime": "2025-08-13 20:27:17", "elapsed": 38365.18929171562, "delta": 17.371506452560425}, "costs": {"total_cost": 194.51738006882888, "time_cost": 70.96600000000001, "final_distance_cost": 1.8434144332470104, "oscillation_cost": 28.003450898616805, "completition_cost": 0.0, "overshoot_cost": 51.55290609185537, "power_cost": 19.85333563232422, "noise_cost": 22.298273012785465, "n_waypoints_completed": 9, "tot_waypoints": 9}}
{"target": -185.5314335632965, "params": {"k_pid_pos": [0.7540736679006091, 0.05708222166836415, 0.2636766163120792], "k_pid_alt": [1.3559589727536991, 0.0, 0.028466970065112476], "k_pid_att": [9.293347815422882, 4.908602618918937, 0.5523677923905345], "k_pid_yaw": [0.5, 1e-06, 0.1], "k_pid_hsp": [0.21225172538987672, 0.01819215379764402, 0.0], "k_pid_vsp": [243.2049866675286, 109.27270970937548, 0.14899106819573493]}, "datetime": {"datetime": "2025-08-13 20:27:34", "elapsed": 38382.707565546036, "delta": 17.51827383041382}, "costs": {"total_cost": 185.5314335632965, "time_cost": 72.744, "final_distance_cost": 1.8423095717586166, "oscillation_cost": 27.333089932015373, "completition_cost": 0.0, "overshoot_cost": 50.54012040008131, "power_cost": 12.04562177734375, "noise_cost": 21.026291882097475, "n_waypoints_completed": 9, "tot_waypoints": 9}}
{"target": -191.3280463984932, "params": {"k_pid_pos": [1.021670029539526, 0.05980592365436715, 0.33457198423956763], "k_pid_alt": [1.6101022797440976, 0.0, 0.024966305991866878], "k_pid_att": [10.585536216801705, 3.854897687710243, 0.6561658714132719], "k_pid_yaw": [0.5, 1e-06, 0.1], "k_pid_hsp": [0.27930193975913853, 0.014758040718043453, 0.0], "k_pid_vsp": [277.77220053526383, 99.78433039693032, 0.12719499995655215]}, "datetime": {"datetime": "2025-08-13 20:27:51", "elapsed": 38399.289945840836, "delta": 16.582380294799805}, "costs": {"total_cost": 191.3280463984932, "time_cost": 70.357, "final_distance_cost": 1.8470876640274625, "oscillation_cost": 28.01064586555221, "completition_cost": 0.0, "overshoot_cost": 50.65920782417095, "power_cost": 18.230495764160157, "noise_cost": 22.2236092805824, "n_waypoints_completed": 9, "tot_waypoints": 9}}
{"target": -190.23082169108744, "params": {"k_pid_pos": [0.8017184335856363, 0.07326841050664194, 0.24200627545821762], "k_pid_alt": [1.1958878867687224, 0.0, 0.027368784469701188], "k_pid_att": [9.804917660471046, 4.364687500538068, 0.5494959826162704], "k_pid_yaw": [0.5, 1e-06, 0.1], "k_pid_hsp": [0.22698235095395738, 0.016096242139948296, 0.0], "k_pid_vsp": [337.12387370611026, 108.79590053588224, 0.19028533317940244]}, "datetime": {"datetime": "2025-08-13 20:28:09", "elapsed": 38417.42473649979, "delta": 18.134790658950806}, "costs": {"total_cost": 190.23082169108744, "time_cost": 72.443, "final_distance_cost": 1.8416827136750564, "oscillation_cost": 26.924480523829708, "completition_cost": 0.0, "overshoot_cost": 51.49131900179461, "power_cost": 15.660091064453125, "noise_cost": 21.870248387334943, "n_waypoints_completed": 9, "tot_waypoints": 9}}
{"target": -184.19337501445312, "params": {"k_pid_pos": [0.9418329635807968, 0.046236132117617464, 0.39667000814843406], "k_pid_alt": [1.2195645662359544, 0.0, 0.01848513564673677], "k_pid_att": [11.009029954079367, 4.123106652040843, 0.6185619544182889], "k_pid_yaw": [0.5, 1e-06, 0.1], "k_pid_hsp": [0.2044719153603345, 0.01613051483953836, 0.0], "k_pid_vsp": [284.16186140800454, 117.99914508613791, 0.09762426350426194]}, "datetime": {"datetime": "2025-08-13 20:28:26", "elapsed": 38434.15017390251, "delta": 16.72543740272522}, "costs": {"total_cost": 184.19337501445312, "time_cost": 71.358, "final_distance_cost": 1.8497724744158408, "oscillation_cost": 27.169930217083078, "completition_cost": 0.0, "overshoot_cost": 50.06153051663093, "power_cost": 12.748341149902345, "noise_cost": 21.005800656420945, "n_waypoints_completed": 9, "tot_waypoints": 9}}
{"target": -184.34174056473825, "params": {"k_pid_pos": [0.9940815377448923, 0.04680835237746672, 0.24026682149495623], "k_pid_alt": [1.6842869166721444, 0.0, 0.02024418274330385], "k_pid_att": [9.111243098910855, 4.650628837624055, 0.6470549789620377], "k_pid_yaw": [0.5, 1e-06, 0.1], "k_pid_hsp": [0.17733499908239783, 0.014529593907708277, 0.0], "k_pid_vsp": [275.9394067199214, 104.7197938680705, 0.155331185774932]}, "datetime": {"datetime": "2025-08-13 20:28:43", "elapsed": 38451.81933093071, "delta": 17.669157028198242}, "costs": {"total_cost": 184.34174056473825, "time_cost": 69.468, "final_distance_cost": 1.822122655385325, "oscillation_cost": 27.877081579588516, "completition_cost": 0.0, "overshoot_cost": 49.924114722418224, "power_cost": 14.516071313476564, "noise_cost": 20.734350293869603, "n_waypoints_completed": 9, "tot_waypoints": 9}}
{"target": -190.75803878143347, "params": {"k_pid_pos": [0.9736977593406367, 0.054661038466427496, 0.32146294701415734], "k_pid_alt": [1.4818175778221052, 0.0, 0.024590041675453728], "k_pid_att": [10.60805990688029, 3.0298043574508102, 0.610841663714892], "k_pid_yaw": [0.5, 1e-06, 0.1], "k_pid_hsp": [0.1887408160244317, 0.015456125844094717, 0.0], "k_pid_vsp": [282.7228679294199, 133.83124412367712, 0.1778381935595049]}, "datetime": {"datetime": "2025-08-13 20:29:00", "elapsed": 38468.412254571915, "delta": 16.592923641204834}, "costs": {"total_cost": 190.75803878143347, "time_cost": 70.392, "final_distance_cost": 1.8285883116194885, "oscillation_cost": 27.23635929468657, "completition_cost": 0.0, "overshoot_cost": 50.554595140574804, "power_cost": 18.55336290283203, "noise_cost": 22.193133131720597, "n_waypoints_completed": 9, "tot_waypoints": 9}}
{"target": -184.17007697509575, "params": {"k_pid_pos": [1.2581573278750833, 0.05095155794813754, 0.3425924642662732], "k_pid_alt": [1.3285238947426177, 0.0, 0.02303694496464376], "k_pid_att": [11.452744877487762, 4.556282372485281, 0.5499356540181327], "k_pid_yaw": [0.5, 1e-06, 0.1], "k_pid_hsp": [0.21647644616347228, 0.012167141955927137, 0.0], "k_pid_vsp": [288.6843623776099, 117.70550929628008, 0.17169981999948436]}, "datetime": {"datetime": "2025-08-13 20:29:17", "elapsed": 38485.70535445213, "delta": 17.293099880218506}, "costs": {"total_cost": 184.17007697509575, "time_cost": 69.139, "final_distance_cost": 1.8320678159587742, "oscillation_cost": 29.73272631804966, "completition_cost": 0.0, "overshoot_cost": 49.75241310401761, "power_cost": 13.271477929687501, "noise_cost": 20.442391807382183, "n_waypoints_completed": 9, "tot_waypoints": 9}}
{"target": -183.88088784175963, "params": {"k_pid_pos": [0.7797851218114262, 0.04817433809056868, 0.37366033639495794], "k_pid_alt": [1.1715559100138853, 0.0, 0.027786951185874972], "k_pid_att": [12.071971986553558, 2.932284243915138, 0.690443936087032], "k_pid_yaw": [0.5, 1e-06, 0.1], "k_pid_hsp": [0.2507416207720395, 0.015240487044984064, 0.0], "k_pid_vsp": [223.84987021959037, 133.69332821162462, 0.16445111146739988]}, "datetime": {"datetime": "2025-08-13 20:29:35", "elapsed": 38503.37225532532, "delta": 17.666900873184204}, "costs": {"total_cost": 183.88088784175963, "time_cost": 74.858, "final_distance_cost": 1.8504384043746056, "oscillation_cost": 26.5621924152263, "completition_cost": 0.0, "overshoot_cost": 50.53277324206026, "power_cost": 9.327311743164064, "noise_cost": 20.750172036934384, "n_waypoints_completed": 9, "tot_waypoints": 9}}
{"target": -181.44887932525788, "params": {"k_pid_pos": [0.7785971449033325, 0.06504349653223898, 0.2656642821656012], "k_pid_alt": [1.7723344948477784, 0.0, 0.025299231657367836], "k_pid_att": [7.590579154525305, 4.135166336367698, 0.5349483534081545], "k_pid_yaw": [0.5, 1e-06, 0.1], "k_pid_hsp": [0.26366382506189834, 0.008190205313776207, 0.0], "k_pid_vsp": [289.9635057042393, 122.27739795157639, 0.21235501803409265]}, "datetime": {"datetime": "2025-08-13 20:29:53", "elapsed": 38521.694754362106, "delta": 18.32249903678894}, "costs": {"total_cost": 181.44887932525788, "time_cost": 72.548, "final_distance_cost": 1.842359944897877, "oscillation_cost": 27.330048022544254, "completition_cost": 0.0, "overshoot_cost": 50.36692022846357, "power_cost": 9.353539001464844, "noise_cost": 20.008012127887348, "n_waypoints_completed": 9, "tot_waypoints": 9}}
{"target": -192.64045121389, "params": {"k_pid_pos": [0.8882365010325399, 0.053990294345024614, 0.2914985533432412], "k_pid_alt": [1.1101691953868873, 0.0, 0.028578370111059848], "k_pid_att": [9.768848074042156, 3.67495214889858, 0.5732816924837137], "k_pid_yaw": [0.5, 1e-06, 0.1], "k_pid_hsp": [0.21345328105409223, 0.016123300944805543, 0.0], "k_pid_vsp": [276.627856675787, 121.11895514234533, 0.16728971522668537]}, "datetime": {"datetime": "2025-08-13 20:30:10", "elapsed": 38538.78097701073, "delta": 17.086222648620605}, "costs": {"total_cost": 192.64045121389, "time_cost": 71.379, "final_distance_cost": 1.8411724634760456, "oscillation_cost": 27.41829212742584, "completition_cost": 0.0, "overshoot_cost": 50.56504543246052, "power_cost": 19.088939758300782, "noise_cost": 22.34800143222681, "n_waypoints_completed": 9, "tot_waypoints": 9}}
{"target": -196.11715489055388, "params": {"k_pid_pos": [0.6968411717058282, 0.07860222716346552, 0.40182340357100105], "k_pid_alt": [1.3039757514425807, 0.0, 0.017364093131966896], "k_pid_att": [11.579014669840843, 4.39619430956036, 0.5806782846569105], "k_pid_yaw": [0.5, 1e-06, 0.1], "k_pid_hsp": [0.2409528904319328, 0.01291710240396327, 0.0], "k_pid_vsp": [223.58171731076322, 102.12910740494026, 0.16220535178648268]}, "datetime": {"datetime": "2025-08-13 20:30:29", "elapsed": 38557.90631246567, "delta": 19.125335454940796}, "costs": {"total_cost": 196.11715489055388, "time_cost": 76.545, "final_distance_cost": 1.8430084164217149, "oscillation_cost": 26.044245802054196, "completition_cost": 0.0, "overshoot_cost": 51.219737715486275, "power_cost": 16.480047790527344, "noise_cost": 23.985115166064347, "n_waypoints_completed": 9, "tot_waypoints": 9}}
{"target": -199.14111701583252, "params": {"k_pid_pos": [0.7034865666962332, 0.0333835412961719, 0.31268228532959025], "k_pid_alt": [1.1267361980603543, 0.0, 0.024647257161209645], "k_pid_att": [7.337905604199911, 3.906933211915233, 0.572973359171214], "k_pid_yaw": [0.5, 1e-06, 0.1], "k_pid_hsp": [0.18656783590342038, 0.012494324644459842, 0.0], "k_pid_vsp": [283.30414430248874, 130.24480516897842, 0.16270489832071725]}, "datetime": {"datetime": "2025-08-13 20:30:47", "elapsed": 38575.79343533516, "delta": 17.887122869491577}, "costs": {"total_cost": 199.14111701583252, "time_cost": 75.446, "final_distance_cost": 1.8543904508800881, "oscillation_cost": 26.83349173643777, "completition_cost": 0.0, "overshoot_cost": 51.34578660354633, "power_cost": 19.5707048828125, "noise_cost": 24.09074334215583, "n_waypoints_completed": 9, "tot_waypoints": 9}}
{"target": -181.71971495790413, "params": {"k_pid_pos": [0.9690820828134682, 0.055054433234604495, 0.23858773158600668], "k_pid_alt": [1.4217967487689585, 0.0, 0.025276205972205302], "k_pid_att": [12.447048659749868, 4.812963956555685, 0.5244941721395824], "k_pid_yaw": [0.5, 1e-06, 0.1], "k_pid_hsp": [0.1879494718367798, 0.016772872069336097, 0.0], "k_pid_vsp": [299.58775367180016, 99.88754929537424, 0.13067506488657063]}, "datetime": {"datetime": "2025-08-13 20:31:06", "elapsed": 38594.155977249146, "delta": 18.362541913986206}, "costs": {"total_cost": 181.71971495790413, "time_cost": 69.447, "final_distance_cost": 1.8324244156585405, "oscillation_cost": 27.718497375738046, "completition_cost": 0.0, "overshoot_cost": 50.394215444599695, "power_cost": 12.291213818359376, "noise_cost": 20.036363903548466, "n_waypoints_completed": 9, "tot_waypoints": 9}}
{"target": -189.04520001536466, "params": {"k_pid_pos": [0.6907137826668642, 0.06457773880585321, 0.3535650557465508], "k_pid_alt": [1.7443788719945157, 0.0, 0.02283153448032102], "k_pid_att": [10.367814750305337, 3.918886226834149, 0.6283554126259479], "k_pid_yaw": [0.5, 1e-06, 0.1], "k_pid_hsp": [0.2467441769087495, 0.01391693623870085, 0.0], "k_pid_vsp": [208.64339444872027, 121.79223366711607, 0.19150788083412829]}, "datetime": {"datetime": "2025-08-13 20:31:23", "elapsed": 38611.83123588562, "delta": 17.67525863647461}, "costs": {"total_cost": 189.04520001536466, "time_cost": 75.22200000000001, "final_distance_cost": 1.851336935932163, "oscillation_cost": 26.36087335778218, "completition_cost": 0.0, "overshoot_cost": 50.47827065831195, "power_cost": 12.709232128906251, "noise_cost": 22.423486934432105, "n_waypoints_completed": 9, "tot_waypoints": 9}}
{"target": -194.56585539121926, "params": {"k_pid_pos": [1.202859819376987, 0.061671048372167546, 0.2321359649105692], "k_pid_alt": [1.175419855109288, 0.0, 0.0322019059144537], "k_pid_att": [9.671468976060316, 4.0569967542599, 0.6204451032324783], "k_pid_yaw": [0.5, 1e-06, 0.1], "k_pid_hsp": [0.2137494680091839, 0.013511023697866373, 0.0], "k_pid_vsp": [317.1898164105908, 151.8039317321492, 0.17404299917217092]}, "datetime": {"datetime": "2025-08-13 20:31:41", "elapsed": 38629.4438431263, "delta": 17.61260724067688}, "costs": {"total_cost": 194.56585539121926, "time_cost": 70.399, "final_distance_cost": 1.8261800839997029, "oscillation_cost": 30.149861160675897, "completition_cost": 0.0, "overshoot_cost": 50.45695844645605, "power_cost": 19.77031796875, "noise_cost": 21.96353773133763, "n_waypoints_completed": 9, "tot_waypoints": 9}}
{"target": -189.45145569835927, "params": {"k_pid_pos": [0.880359536963134, 0.04005112610818403, 0.2800483859213811], "k_pid_alt": [1.9996029195034932, 0.0, 0.02983827029295284], "k_pid_att": [8.85118994387255, 3.883027381815777, 0.6384050922882208], "k_pid_yaw": [0.5, 1e-06, 0.1], "k_pid_hsp": [0.19701159815468372, 0.01473183681484016, 0.0], "k_pid_vsp": [400.0, 124.595317220294, 0.18610389430571572]}, "datetime": {"datetime": "2025-08-13 20:31:57", "elapsed": 38645.912623643875, "delta": 16.468780517578125}, "costs": {"total_cost": 189.45145569835927, "time_cost": 70.693, "final_distance_cost": 1.841292526209445, "oscillation_cost": 27.167010278894054, "completition_cost": 0.0, "overshoot_cost": 50.75684310573406, "power_cost": 16.907159790039064, "noise_cost": 22.086149997482647, "n_waypoints_completed": 9, "tot_waypoints": 9}}
{"target": -182.88679672396404, "params": {"k_pid_pos": [1.1023979836511106, 0.06193367944209124, 0.31008777671465926], "k_pid_alt": [1.107116683473128, 0.0, 0.020367283505025553], "k_pid_att": [11.464058985946032, 4.254676283123434, 0.6552465552547083], "k_pid_yaw": [0.5, 1e-06, 0.1], "k_pid_hsp": [0.20281173373848485, 0.015071171164820115, 0.0], "k_pid_vsp": [273.82155850429933, 46.18749533700767, 0.11844972224962258]}, "datetime": {"datetime": "2025-08-13 20:32:15", "elapsed": 38663.53169512749, "delta": 17.61907148361206}, "costs": {"total_cost": 182.88679672396404, "time_cost": 69.846, "final_distance_cost": 1.8254814550313798, "oscillation_cost": 28.951135025098885, "completition_cost": 0.0, "overshoot_cost": 50.47088139381829, "power_cost": 11.749973034667969, "noise_cost": 20.043325815347544, "n_waypoints_completed": 9, "tot_waypoints": 9}}
{"target": -184.573046801828, "params": {"k_pid_pos": [1.2520190469447845, 0.05701362198752532, 0.31312975156361506], "k_pid_alt": [0.9315087756889738, 0.0, 0.025969810377533386], "k_pid_att": [12.540744661396038, 3.7667394957360223, 0.5715272114316574], "k_pid_yaw": [0.5, 1e-06, 0.1], "k_pid_hsp": [0.1761831406591697, 0.013932199320599437, 0.0], "k_pid_vsp": [185.19003338493238, 122.38474529795405, 0.175281367464438]}, "datetime": {"datetime": "2025-08-13 20:32:31", "elapsed": 38679.910806655884, "delta": 16.379111528396606}, "costs": {"total_cost": 184.573046801828, "time_cost": 69.867, "final_distance_cost": 1.8150373227755578, "oscillation_cost": 29.71469009751867, "completition_cost": 0.0, "overshoot_cost": 49.85834897641773, "power_cost": 13.083173156738281, "noise_cost": 20.234797248377774, "n_waypoints_completed": 9, "tot_waypoints": 9}}
{"target": -184.13454839278765, "params": {"k_pid_pos": [1.0203042724227263, 0.05960817460934431, 0.34247491161462335], "k_pid_alt": [1.1585143925781514, 0.0, 0.02364682638498206], "k_pid_att": [9.32489548962934, 2.8486867262850244, 0.4962933344640772], "k_pid_yaw": [0.5, 1e-06, 0.1], "k_pid_hsp": [0.2568428865267927, 0.013475583967413085, 0.0], "k_pid_vsp": [276.4963384748609, 102.00907854479628, 0.11515877932103542]}, "datetime": {"datetime": "2025-08-13 20:32:49", "elapsed": 38697.5012588501, "delta": 17.590452194213867}, "costs": {"total_cost": 184.13454839278765, "time_cost": 70.46900000000001, "final_distance_cost": 1.8453432965064676, "oscillation_cost": 28.316271776253377, "completition_cost": 0.0, "overshoot_cost": 50.27513984106527, "power_cost": 12.653200341796875, "noise_cost": 20.575593137165665, "n_waypoints_completed": 9, "tot_waypoints": 9}}
{"target": -186.0055389791365, "params": {"k_pid_pos": [0.9529054258999207, 0.05203089463730919, 0.2732259559743962], "k_pid_alt": [1.3497953653869825, 0.0, 0.02578919264641733], "k_pid_att": [12.829012684539208, 3.9577689770296716, 0.842257620843613], "k_pid_yaw": [0.5, 1e-06, 0.1], "k_pid_hsp": [0.29985883889283554, 0.012491236192914942, 0.0], "k_pid_vsp": [286.89781907916995, 90.7577817380802, 0.1659194934231707]}, "datetime": {"datetime": "2025-08-13 20:33:05", "elapsed": 38713.915455818176, "delta": 16.414196968078613}, "costs": {"total_cost": 186.0055389791365, "time_cost": 70.287, "final_distance_cost": 1.846485374327513, "oscillation_cost": 27.65347343306928, "completition_cost": 0.0, "overshoot_cost": 50.099439187667066, "power_cost": 14.761406689453125, "noise_cost": 21.357734294619508, "n_waypoints_completed": 9, "tot_waypoints": 9}}
{"target": -189.049398944689, "params": {"k_pid_pos": [1.2449342041394158, 0.05673557159619646, 0.19422442660889971], "k_pid_alt": [1.275798374287228, 0.0, 0.03806804275125537], "k_pid_att": [10.545152618736353, 3.6326685425122736, 0.6972661000774177], "k_pid_yaw": [0.5, 1e-06, 0.1], "k_pid_hsp": [0.20843250730802798, 0.014515949266673678, 0.0], "k_pid_vsp": [255.26273602372694, 92.29521115392788, 0.19320390842131083]}, "datetime": {"datetime": "2025-08-13 20:33:22", "elapsed": 38730.88336110115, "delta": 16.967905282974243}, "costs": {"total_cost": 189.049398944689, "time_cost": 69.23, "final_distance_cost": 1.8168562477077608, "oscillation_cost": 30.943501010122244, "completition_cost": 0.0, "overshoot_cost": 50.54561279827517, "power_cost": 15.718875927734375, "noise_cost": 20.794552960849416, "n_waypoints_completed": 9, "tot_waypoints": 9}}
{"target": -203.78218600027648, "params": {"k_pid_pos": [0.7423839180377049, 0.0689238243908184, 0.34015418110360063], "k_pid_alt": [1.8550191990857643, 0.0, 0.028371508020816675], "k_pid_att": [7.045654066854394, 3.575504857827216, 0.6071917878286027], "k_pid_yaw": [0.5, 1e-06, 0.1], "k_pid_hsp": [0.2420887889756671, 0.012044491595067078, 0.0], "k_pid_vsp": [259.2474404340433, 105.61088492420622, 0.18024400902765644]}, "datetime": {"datetime": "2025-08-13 20:33:41", "elapsed": 38748.9973154068, "delta": 18.113954305648804}, "costs": {"total_cost": 203.78218600027648, "time_cost": 75.761, "final_distance_cost": 1.8409159117380667, "oscillation_cost": 27.21822695633996, "completition_cost": 0.0, "overshoot_cost": 52.03457073406619, "power_cost": 22.207266564941406, "noise_cost": 24.720205833190885, "n_waypoints_completed": 9, "tot_waypoints": 9}}
{"target": -181.99842341728458, "params": {"k_pid_pos": [1.017402635305766, 0.05637650318395882, 0.37378232074528794], "k_pid_alt": [1.7691200170337062, 0.0, 0.025083631414852713], "k_pid_att": [8.629662933544562, 2.3575638500760845, 0.7031454253878064], "k_pid_yaw": [0.5, 1e-06, 0.1], "k_pid_hsp": [0.2132130492861981, 0.017276770224694187, 0.0], "k_pid_vsp": [286.6791090984365, 102.63172862296786, 0.16276961097216827]}, "datetime": {"datetime": "2025-08-13 20:33:57", "elapsed": 38765.7597424984, "delta": 16.76242709159851}, "costs": {"total_cost": 181.99842341728458, "time_cost": 69.937, "final_distance_cost": 1.8368971282920397, "oscillation_cost": 27.18631276479209, "completition_cost": 0.0, "overshoot_cost": 50.33116853176736, "power_cost": 12.310715893554688, "noise_cost": 20.39632909887844, "n_waypoints_completed": 9, "tot_waypoints": 9}}
