{"target": -217.81268314336754, "params": {"k_pid_pos": [0.5729951790107558, 0.39914917511638964, 1.0], "k_pid_alt": [0.6489770156124085, 0.0, 0.4851732721047246], "k_pid_att": [20.280693013714373, 4.474398115151762, 0.4661040813837773], "k_pid_yaw": [0.5, 1e-06, 0.1], "k_pid_hsp": [0.565417182687748, 0.023183835112477857, 0.0], "k_pid_vsp": [71.07438626335586, 239.39286109728218, 0.7979887426019349]}, "datetime": {"datetime": "2025-08-13 11:15:50", "elapsed": 5278.603142976761, "delta": 42.166102170944214}, "costs": {"total_cost": 217.81268314336754, "time_cost": 95.97, "final_distance_cost": 1.8454946967437145, "oscillation_cost": 25.78523165051274, "completition_cost": 0.0, "overshoot_cost": 52.3339471123119, "power_cost": 15.813343676757814, "noise_cost": 26.064666007041353, "n_waypoints_completed": 9, "tot_waypoints": 9}}
{"target": -200.38563624172946, "params": {"k_pid_pos": [1.3641118273855433, 0.3294128143879476, 0.5271012817090804], "k_pid_alt": [2.0, 0.0, 0.27723912354226465], "k_pid_att": [29.113043832188016, 5.1677874713697, 1.0], "k_pid_yaw": [0.5, 1e-06, 0.1], "k_pid_hsp": [0.8748485424376392, 0.177620867529981, 0.0], "k_pid_vsp": [52.504500701735566, 390.2607572294435, 1e-06]}, "datetime": {"datetime": "2025-08-13 11:16:22", "elapsed": 5310.91783118248, "delta": 32.314688205718994}, "costs": {"total_cost": 200.38563624172946, "time_cost": 73.22, "final_distance_cost": 1.8169210515813927, "oscillation_cost": 39.0366847376926, "completition_cost": 0.0, "overshoot_cost": 49.68555095924933, "power_cost": 15.764805957031252, "noise_cost": 20.861673536174894, "n_waypoints_completed": 9, "tot_waypoints": 9}}
{"target": -186.1751287602983, "params": {"k_pid_pos": [1.7232930538287647, 0.21320623566849536, 0.2975734058951371], "k_pid_alt": [1.6841622576147444, 0.0, 0.0], "k_pid_att": [23.32731723257928, 3.631705519107609, 1.0], "k_pid_yaw": [0.5, 1e-06, 0.1], "k_pid_hsp": [0.997182722000599, 0.1478780108765039, 0.0], "k_pid_vsp": [109.45806624159964, 300.0692316069125, 1e-06]}, "datetime": {"datetime": "2025-08-13 11:16:53", "elapsed": 5341.285276174545, "delta": 30.36744499206543}, "costs": {"total_cost": 186.1751287602983, "time_cost": 67.94200000000001, "final_distance_cost": 1.7675860691451004, "oscillation_cost": 37.53407305888061, "completition_cost": 0.0, "overshoot_cost": 49.59946644950917, "power_cost": 10.690014318847657, "noise_cost": 18.641988863915742, "n_waypoints_completed": 9, "tot_waypoints": 9}}
{"target": -215.78160187235798, "params": {"k_pid_pos": [1.0195998855183028, 0.2907894216081253, 0.29154053217640125], "k_pid_alt": [1.0596578216416912, 0.0, 0.3711180104025824], "k_pid_att": [48.15289790206035, 5.068573715018169, 0.24979618239566115], "k_pid_yaw": [0.5, 1e-06, 0.1], "k_pid_hsp": [2.813869968054705, 0.19411469441679782, 0.0], "k_pid_vsp": [81.44740711173627, 356.3904819881133, 2.4847326404626657]}, "datetime": {"datetime": "2025-08-13 11:17:27", "elapsed": 5375.074455022812, "delta": 33.7891788482666}, "costs": {"total_cost": 215.78160187235798, "time_cost": 76.937, "final_distance_cost": 1.8332146254730288, "oscillation_cost": 46.943466063351245, "completition_cost": 0.0, "overshoot_cost": 50.378701194186434, "power_cost": 17.350514172363283, "noise_cost": 22.338705816983968, "n_waypoints_completed": 9, "tot_waypoints": 9}}
{"target": -1967.7632120123565, "params": {"k_pid_pos": [0.9300647187616935, 0.16470003067492847, 0.6956024094932395], "k_pid_alt": [2.0, 0.0, 0.0], "k_pid_att": [0.408497712206632, 3.4619009693257823, 0.38994543848820196], "k_pid_yaw": [0.5, 1e-06, 0.1], "k_pid_hsp": [0.43193113957756163, 0.21311171656416616, 0.0], "k_pid_vsp": [88.63840007291765, 204.98483416549416, 0.7546634845238294]}, "datetime": {"datetime": "2025-08-13 11:18:20", "elapsed": 5428.4039714336395, "delta": 53.32951641082764}, "costs": {"total_cost": 1967.7632120123565, "time_cost": 150, "final_distance_cost": 7.736675091472635, "oscillation_cost": 426.31293995287416, "completition_cost": 1000.0, "overshoot_cost": 161.66730307829238, "power_cost": 59.27874119873047, "noise_cost": 162.76755269098683, "n_waypoints_completed": 0, "tot_waypoints": 9}}
{"target": -292.0486914648307, "params": {"k_pid_pos": [1.2881653682418233, 0.6069243135176737, 0.6032619047190518], "k_pid_alt": [0.48205714574230224, 0.2512235898490583, 0.6583186153330599], "k_pid_att": [10.853262867775555, 0.5197152399942171, 1.0], "k_pid_yaw": [0.5, 1e-06, 0.1], "k_pid_hsp": [1.6959401853433633, 0.27196657951412817, 0.049633830119791285], "k_pid_vsp": [97.80156335034415, 287.22708919438463, 1.1322109163592953]}, "datetime": {"datetime": "2025-08-13 11:19:07", "elapsed": 5475.606451749802, "delta": 47.20248031616211}, "costs": {"total_cost": 292.0486914648307, "time_cost": 110.005, "final_distance_cost": 1.7558131174573846, "oscillation_cost": 80.23660240030507, "completition_cost": 0.0, "overshoot_cost": 55.008610077567376, "power_cost": 17.278549572753906, "noise_cost": 27.764116296747, "n_waypoints_completed": 9, "tot_waypoints": 9}}
{"target": -192.60222904020134, "params": {"k_pid_pos": [1.2015655163254737, 0.5505820382512283, 0.4848496260046041], "k_pid_alt": [1.9450730120799662, 0.0, 0.6211859485633745], "k_pid_att": [16.7888878501581, 2.8308729473625234, 0.8684471124514372], "k_pid_yaw": [0.5, 1e-06, 0.1], "k_pid_hsp": [2.458497266256733, 0.10399015630656538, 0.0], "k_pid_vsp": [78.09852816003006, 256.057475237038, 1.7832322617737661]}, "datetime": {"datetime": "2025-08-13 11:19:39", "elapsed": 5507.4886128902435, "delta": 31.882161140441895}, "costs": {"total_cost": 192.60222904020134, "time_cost": 73.255, "final_distance_cost": 1.7943263402008616, "oscillation_cost": 34.72959757171036, "completition_cost": 0.0, "overshoot_cost": 50.11659119935435, "power_cost": 12.444306005859376, "noise_cost": 20.262407923076395, "n_waypoints_completed": 9, "tot_waypoints": 9}}
{"target": -206.17983801559532, "params": {"k_pid_pos": [1.5328343139310723, 0.522742738542453, 0.8712575188766217], "k_pid_alt": [1.9735698970472162, 0.0, 0.49125260704302587], "k_pid_att": [29.898174839294814, 7.985422370703837, 0.2639841831977939], "k_pid_yaw": [0.5, 1e-06, 0.1], "k_pid_hsp": [2.0225701042722637, 0.08034938638383989, 0.0], "k_pid_vsp": [134.87216981283137, 311.2266975101434, 1e-06]}, "datetime": {"datetime": "2025-08-13 11:20:11", "elapsed": 5539.641246557236, "delta": 32.15263366699219}, "costs": {"total_cost": 206.17983801559532, "time_cost": 75.047, "final_distance_cost": 1.805876048492281, "oscillation_cost": 37.26846792134223, "completition_cost": 0.0, "overshoot_cost": 51.02072876407301, "power_cost": 18.31122607421875, "noise_cost": 22.726539207469052, "n_waypoints_completed": 9, "tot_waypoints": 9}}
{"target": -213.4137895730986, "params": {"k_pid_pos": [0.5620213865222214, 0.27381243963063523, 0.11217650173110101], "k_pid_alt": [2.0, 0.026411730500288073, 0.35345676397141607], "k_pid_att": [14.821179656996023, 1.8545218000783403, 0.40435749354800504], "k_pid_yaw": [0.5, 1e-06, 0.1], "k_pid_hsp": [1.201121275708, 0.11684484401561279, 0.0], "k_pid_vsp": [77.42645477700529, 293.3833635378803, 1.7278609287433202]}, "datetime": {"datetime": "2025-08-13 11:20:46", "elapsed": 5574.157712697983, "delta": 34.51646614074707}, "costs": {"total_cost": 213.4137895730986, "time_cost": 80.143, "final_distance_cost": 1.8130474508797243, "oscillation_cost": 33.20026972942728, "completition_cost": 0.0, "overshoot_cost": 52.22762366489252, "power_cost": 20.947185864257815, "noise_cost": 25.08266286364125, "n_waypoints_completed": 9, "tot_waypoints": 9}}
{"target": -210.39556588205187, "params": {"k_pid_pos": [1.6327048492866245, 0.33629487485704473, 0.7389235221848631], "k_pid_alt": [1.0800733410354637, 0.0, 0.6381197227448837], "k_pid_att": [15.872205067213372, 6.838939327517907, 0.6866002350283097], "k_pid_yaw": [0.5, 1e-06, 0.1], "k_pid_hsp": [1.0914808818545285, 0.1590393068625393, 0.0], "k_pid_vsp": [32.24347059732015, 1e-06, 1e-06]}, "datetime": {"datetime": "2025-08-13 11:21:20", "elapsed": 5608.105990409851, "delta": 33.948277711868286}, "costs": {"total_cost": 210.39556588205187, "time_cost": 80.843, "final_distance_cost": 1.821338035878553, "oscillation_cost": 34.40116137919463, "completition_cost": 0.0, "overshoot_cost": 52.66636410265308, "power_cost": 16.294837915039064, "noise_cost": 24.36886444928654, "n_waypoints_completed": 9, "tot_waypoints": 9}}
{"target": -191.71331388583087, "params": {"k_pid_pos": [1.490230263248673, 0.13817707091174383, 1.0], "k_pid_alt": [1.7897781338529384, 0.0, 0.4436374967501802], "k_pid_att": [23.17934282310154, 5.6139894514754785, 1.0], "k_pid_yaw": [0.5, 1e-06, 0.1], "k_pid_hsp": [1.1872001990915384, 0.1455607739382889, 0.0016874125712069519], "k_pid_vsp": [71.07539252049337, 352.8258088987716, 1e-06]}, "datetime": {"datetime": "2025-08-13 11:21:50", "elapsed": 5637.994578838348, "delta": 29.888588428497314}, "costs": {"total_cost": 191.71331388583087, "time_cost": 71.036, "final_distance_cost": 1.8341533311707772, "oscillation_cost": 37.56763001722356, "completition_cost": 0.0, "overshoot_cost": 49.62228657211201, "power_cost": 11.702409619140626, "noise_cost": 19.950834346183886, "n_waypoints_completed": 9, "tot_waypoints": 9}}
{"target": -1302.2241728523654, "params": {"k_pid_pos": [2.0, 0.6464323715478583, 0.0], "k_pid_alt": [1.8142931877233572, 0.0, 1.0], "k_pid_att": [16.28723357911541, 5.408719394405004, 0.8596025157259941], "k_pid_yaw": [0.5, 1e-06, 0.1], "k_pid_hsp": [0.0001, 0.10732864940136083, 0.0], "k_pid_vsp": [103.68639539990484, 176.8721069201904, 0.4360389675628569]}, "datetime": {"datetime": "2025-08-13 11:22:40", "elapsed": 5688.54777431488, "delta": 50.55319547653198}, "costs": {"total_cost": 1302.2241728523654, "time_cost": 150, "final_distance_cost": 94.84937211548498, "oscillation_cost": 103.05401834297909, "completition_cost": 777.7777777777778, "overshoot_cost": 105.82681128158788, "power_cost": 34.850895703125005, "noise_cost": 35.86529763141081, "n_waypoints_completed": 2, "tot_waypoints": 9}}
{"target": -222.35036115580294, "params": {"k_pid_pos": [0.7165468157199433, 0.17104632346972135, 0.7783968078638424], "k_pid_alt": [2.0, 0.0, 0.507486255272901], "k_pid_att": [33.900649644025485, 5.822211517549975, 1.0], "k_pid_yaw": [0.5, 1e-06, 0.1], "k_pid_hsp": [1.9563811824383162, 0.11771207382149419, 0.0], "k_pid_vsp": [128.71299457547545, 302.80486591427143, 2.163374318017421]}, "datetime": {"datetime": "2025-08-13 11:23:18", "elapsed": 5726.239129543304, "delta": 37.69135522842407}, "costs": {"total_cost": 222.35036115580294, "time_cost": 86.366, "final_distance_cost": 1.8408319167816167, "oscillation_cost": 32.694540471850395, "completition_cost": 0.0, "overshoot_cost": 52.65268105118022, "power_cost": 20.775687451171876, "noise_cost": 28.020620264818824, "n_waypoints_completed": 9, "tot_waypoints": 9}}
{"target": -205.39895627578423, "params": {"k_pid_pos": [1.050591238931852, 0.2132300939392878, 0.513379633167469], "k_pid_alt": [1.6929220172551818, 0.0, 1.0], "k_pid_att": [17.41569831397169, 3.4986316018083614, 0.8819505451780684], "k_pid_yaw": [0.5, 1e-06, 0.1], "k_pid_hsp": [1.1037164524936405, 0.00964804336784795, 0.0], "k_pid_vsp": [100.70223681813252, 180.53185636030972, 2.6796488773818283]}, "datetime": {"datetime": "2025-08-13 11:23:53", "elapsed": 5761.497542142868, "delta": 35.2584125995636}, "costs": {"total_cost": 205.39895627578423, "time_cost": 75.495, "final_distance_cost": 1.832326910658805, "oscillation_cost": 31.358302263073842, "completition_cost": 0.0, "overshoot_cost": 51.29460713468384, "power_cost": 21.502930078125, "noise_cost": 23.91578988924274, "n_waypoints_completed": 9, "tot_waypoints": 9}}
{"target": -214.21903891755005, "params": {"k_pid_pos": [1.234997881352178, 0.12980271819374936, 0.09594526778649674], "k_pid_alt": [0.9002912405015652, 0.0, 1.0], "k_pid_att": [33.946274781119364, 2.2688843674451653, 1.0], "k_pid_yaw": [0.5, 1e-06, 0.1], "k_pid_hsp": [1.1605126540417448, 0.14480949307940585, 0.0], "k_pid_vsp": [143.4326041739264, 276.8072600304943, 1.1507253663898276]}, "datetime": {"datetime": "2025-08-13 11:24:30", "elapsed": 5798.427226066589, "delta": 36.92968392372131}, "costs": {"total_cost": 214.21903891755005, "time_cost": 80.794, "final_distance_cost": 1.8580898984593792, "oscillation_cost": 35.166060520333176, "completition_cost": 0.0, "overshoot_cost": 51.025909447217835, "power_cost": 21.14541475830078, "noise_cost": 24.229564293238905, "n_waypoints_completed": 9, "tot_waypoints": 9}}
{"target": -193.9067175704835, "params": {"k_pid_pos": [1.9526639769816525, 0.1508020074331616, 0.7730120020685156], "k_pid_alt": [1.9562199164561926, 0.0, 0.9864870244219749], "k_pid_att": [31.196719715441375, 8.124856255087687, 1.0], "k_pid_yaw": [0.5, 1e-06, 0.1], "k_pid_hsp": [1.6765779739321358, 0.1430784542992866, 0.0], "k_pid_vsp": [70.21703816665134, 380.3481807993973, 1e-06]}, "datetime": {"datetime": "2025-08-13 11:25:00", "elapsed": 5828.497757911682, "delta": 30.070531845092773}, "costs": {"total_cost": 193.9067175704835, "time_cost": 69.37, "final_distance_cost": 1.817790254934731, "oscillation_cost": 39.72040528048814, "completition_cost": 0.0, "overshoot_cost": 49.44474748947247, "power_cost": 13.992652648925782, "noise_cost": 19.561121896662375, "n_waypoints_completed": 9, "tot_waypoints": 9}}
{"target": -206.09731639601446, "params": {"k_pid_pos": [0.8862497018211228, 0.33493670495610384, 0.5969000762030395], "k_pid_alt": [2.0, 0.0, 0.5804080815418633], "k_pid_att": [15.518333764426052, 3.9195665891016342, 0.6532827092708787], "k_pid_yaw": [0.5, 1e-06, 0.1], "k_pid_hsp": [1.655797172344392, 0.19068972884292854, 0.0], "k_pid_vsp": [116.37182063674031, 341.755681469446, 1e-06]}, "datetime": {"datetime": "2025-08-13 11:25:34", "elapsed": 5862.837715625763, "delta": 34.33995771408081}, "costs": {"total_cost": 206.09731639601446, "time_cost": 80.129, "final_distance_cost": 1.8179596408429481, "oscillation_cost": 35.1305411020146, "completition_cost": 0.0, "overshoot_cost": 50.38764268323626, "power_cost": 15.280196118164064, "noise_cost": 23.351976851756568, "n_waypoints_completed": 9, "tot_waypoints": 9}}
{"target": -217.27410417089794, "params": {"k_pid_pos": [1.7944539937883242, 0.4534005608122283, 0.5489290262726133], "k_pid_alt": [1.6778609162116886, 0.0, 0.6453255211202636], "k_pid_att": [16.903619606553935, 6.3922481884504245, 0.8796662039323143], "k_pid_yaw": [0.5, 1e-06, 0.1], "k_pid_hsp": [0.8150442597785892, 0.33149018222682886, 0.0], "k_pid_vsp": [32.54891165860421, 211.40509789270314, 1.8002105189780762]}, "datetime": {"datetime": "2025-08-13 11:26:06", "elapsed": 5894.96005821228, "delta": 32.122342586517334}, "costs": {"total_cost": 217.27410417089794, "time_cost": 75.992, "final_distance_cost": 1.7930009995085703, "oscillation_cost": 46.78565206888766, "completition_cost": 0.0, "overshoot_cost": 49.39478298545253, "power_cost": 20.72883347167969, "noise_cost": 22.579834645369502, "n_waypoints_completed": 9, "tot_waypoints": 9}}
{"target": -188.0450258167513, "params": {"k_pid_pos": [2.0, 0.07376498986766243, 0.3412485420769542], "k_pid_alt": [1.1638962347744002, 0.0, 0.08866094167154966], "k_pid_att": [45.15270494871712, 8.170519106717759, 1.0], "k_pid_yaw": [0.5, 1e-06, 0.1], "k_pid_hsp": [0.30813398302828837, 0.08092624856763166, 0.0], "k_pid_vsp": [24.523000710996175, 235.21064307941717, 2.21436533354319]}, "datetime": {"datetime": "2025-08-13 11:26:35", "elapsed": 5923.88077878952, "delta": 28.92072057723999}, "costs": {"total_cost": 188.0450258167513, "time_cost": 68.46000000000001, "final_distance_cost": 1.7742681382300889, "oscillation_cost": 40.66889512856411, "completition_cost": 0.0, "overshoot_cost": 49.21579107499491, "power_cost": 10.227845642089845, "noise_cost": 17.69822583287233, "n_waypoints_completed": 9, "tot_waypoints": 9}}
{"target": -250.6111280350621, "params": {"k_pid_pos": [0.8272810143580639, 0.4099065836028734, 0.0], "k_pid_alt": [1.6619962519567182, 0.0, 0.8891115751127886], "k_pid_att": [25.831369295001323, 1.7290662631409923, 0.8537296659657218], "k_pid_yaw": [0.5, 1e-06, 0.1], "k_pid_hsp": [0.18071723487555966, 0.12459896125318926, 0.0], "k_pid_vsp": [33.8042065988887, 400.0, 0.803453686815928]}, "datetime": {"datetime": "2025-08-13 11:27:16", "elapsed": 5964.499266624451, "delta": 40.61848783493042}, "costs": {"total_cost": 250.6111280350621, "time_cost": 92.309, "final_distance_cost": 1.7730324491588583, "oscillation_cost": 55.427802725846874, "completition_cost": 0.0, "overshoot_cost": 54.707551670645316, "power_cost": 20.713981176757812, "noise_cost": 25.679760012653244, "n_waypoints_completed": 9, "tot_waypoints": 9}}
{"target": -273.73973471448426, "params": {"k_pid_pos": [0.2928674611996637, 0.27308770695508594, 0.9753011245012914], "k_pid_alt": [2.0, 0.0, 0.1921618378864339], "k_pid_att": [52.069064938563066, 5.624105485773302, 0.9399469841979302], "k_pid_yaw": [0.5, 1e-06, 0.1], "k_pid_hsp": [1.7074508168312823, 0.1838998987799508, 0.0], "k_pid_vsp": [63.52322442217024, 400.0, 1.2481868608079858]}, "datetime": {"datetime": "2025-08-13 11:28:02", "elapsed": 6010.320106744766, "delta": 45.82084012031555}, "costs": {"total_cost": 273.73973471448426, "time_cost": 108.01, "final_distance_cost": 1.8364697939063859, "oscillation_cost": 40.885978610058395, "completition_cost": 0.0, "overshoot_cost": 61.23730556959512, "power_cost": 25.89761550292969, "noise_cost": 35.87236523799469, "n_waypoints_completed": 9, "tot_waypoints": 9}}
{"target": -2094.6262662839436, "params": {"k_pid_pos": [1.1371336311076414, 0.11786170684596754, 0.17539849275410443], "k_pid_alt": [2.0, 0.003602834352587292, 0.36416486152841343], "k_pid_att": [0.9321631310785262, 8.084883264753973, 1.0], "k_pid_yaw": [0.5, 1e-06, 0.1], "k_pid_hsp": [2.74888118880362, 0.24533334973101883, 0.0], "k_pid_vsp": [86.27681347852672, 385.9619971203104, 12.04279798034328]}, "datetime": {"datetime": "2025-08-13 11:28:55", "elapsed": 6063.045737504959, "delta": 52.72563076019287}, "costs": {"total_cost": 2094.6262662839436, "time_cost": 150, "final_distance_cost": 67.2030162314345, "oscillation_cost": 439.553787911345, "completition_cost": 1000.0, "overshoot_cost": 216.00542378511463, "power_cost": 59.159608618164064, "noise_cost": 162.70442973788525, "n_waypoints_completed": 0, "tot_waypoints": 9}}
{"target": -221.81556954558036, "params": {"k_pid_pos": [1.1620742276543055, 0.5687671068372583, 0.35427519817755515], "k_pid_alt": [1.7367459501983606, 0.0, 0.4361182138223519], "k_pid_att": [35.60866447036178, 5.580607271732197, 1.0], "k_pid_yaw": [0.5, 1e-06, 0.1], "k_pid_hsp": [1.0618013594213866, 0.23920521801147335, 0.0], "k_pid_vsp": [54.62426832232851, 172.38822292529028, 0.2924916387792396]}, "datetime": {"datetime": "2025-08-13 11:29:32", "elapsed": 6100.110139846802, "delta": 37.06440234184265}, "costs": {"total_cost": 221.81556954558036, "time_cost": 80.059, "final_distance_cost": 1.7649226566744272, "oscillation_cost": 39.67721647485476, "completition_cost": 0.0, "overshoot_cost": 51.04116660086365, "power_cost": 24.578494201660156, "noise_cost": 24.694769611527352, "n_waypoints_completed": 9, "tot_waypoints": 9}}
{"target": -210.53383664269404, "params": {"k_pid_pos": [1.6388693349466787, 0.39606938601753644, 0.8160931148374845], "k_pid_alt": [1.1559619015757423, 0.0, 0.6269027146320152], "k_pid_att": [24.426740490717776, 3.477231741415164, 0.9315583090943323], "k_pid_yaw": [0.5, 1e-06, 0.1], "k_pid_hsp": [1.9997144966218094, 0.17647008892947322, 0.0], "k_pid_vsp": [33.24300930574959, 3.4341244007514433, 0.774201249823833]}, "datetime": {"datetime": "2025-08-13 11:30:09", "elapsed": 6137.714966535568, "delta": 37.60482668876648}, "costs": {"total_cost": 210.53383664269404, "time_cost": 79.95400000000001, "final_distance_cost": 1.8029657664451526, "oscillation_cost": 33.55347827192761, "completition_cost": 0.0, "overshoot_cost": 52.37219357037966, "power_cost": 18.192063476562502, "noise_cost": 24.65913555737911, "n_waypoints_completed": 9, "tot_waypoints": 9}}
{"target": -203.60973284731935, "params": {"k_pid_pos": [2.0, 0.5783720368543054, 0.8133538265043124], "k_pid_alt": [2.0, 0.0, 0.27098463930674294], "k_pid_att": [14.697396025719916, 1.984550872778217, 1.0], "k_pid_yaw": [0.5, 1e-06, 0.1], "k_pid_hsp": [1.1695374183330116, 0.09265999857126922, 0.0], "k_pid_vsp": [26.958605155511773, 310.7888266533867, 1.1369912346435957]}, "datetime": {"datetime": "2025-08-13 11:30:42", "elapsed": 6170.061964273453, "delta": 32.34699773788452}, "costs": {"total_cost": 203.60973284731935, "time_cost": 72.604, "final_distance_cost": 1.7895248258368637, "oscillation_cost": 44.001348845085474, "completition_cost": 0.0, "overshoot_cost": 49.54631887285404, "power_cost": 16.317006286621094, "noise_cost": 19.351534016921885, "n_waypoints_completed": 9, "tot_waypoints": 9}}
{"target": -268.774824067282, "params": {"k_pid_pos": [0.5948213191764998, 0.32847070821447427, 0.15384091784074103], "k_pid_alt": [2.0, 0.0, 0.6597366839702091], "k_pid_att": [31.91887198707835, 3.8728532183315614, 0.46185108865750885], "k_pid_yaw": [0.5, 1e-06, 0.1], "k_pid_hsp": [3.121014480723906, 0.09768211291690053, 0.0], "k_pid_vsp": [0.0, 172.0939569704044, 0.7466423629210263]}, "datetime": {"datetime": "2025-08-13 11:31:19", "elapsed": 6207.55995631218, "delta": 37.49799203872681}, "costs": {"total_cost": 268.774824067282, "time_cost": 88.9, "final_distance_cost": 1.7947757268440916, "oscillation_cost": 77.25211358431433, "completition_cost": 0.0, "overshoot_cost": 57.48133784125453, "power_cost": 23.066682446289065, "noise_cost": 20.27991446857996, "n_waypoints_completed": 9, "tot_waypoints": 9}}
