{"target": -13356.521582002037, "params": {"k_pid_pos": [0.6371427979992423, 0.08720787704795185, 0.07017545578451899], "k_pid_alt": [1.2452389342732297, 0.0, 0.013732936242242718], "k_pid_att": [0.0, 2.37218689904191, 0.3255709161720988], "k_pid_yaw": [0.5, 1e-06, 0.1], "k_pid_hsp": [0.1945841363029597, 0.02228891539652469, 0.0], "k_pid_vsp": [237.1135157852873, 72.95421542313244, 0.23293128021871093]}, "datetime": {"datetime": "2025-08-13 15:54:58", "elapsed": 22026.62301015854, "delta": 30.4175705909729}, "costs": {"total_cost": 13356.521582002037, "time_cost": 150, "final_distance_cost": 2949.044688561781, "oscillation_cost": 2204.220471645151, "completition_cost": 1000.0, "overshoot_cost": 6842.195612870758, "power_cost": 57.478763183593756, "noise_cost": 153.5820457407525, "n_waypoints_completed": 0, "tot_waypoints": 9}}
{"target": -192.25647550966994, "params": {"k_pid_pos": [1.285944384236941, 0.04736876337409601, 0.1963373769289105], "k_pid_alt": [1.5804669756624599, 0.0, 0.02378357686564148], "k_pid_att": [21.070089444175167, 0.2790102378273637, 0.6914618738377368], "k_pid_yaw": [0.5, 1e-06, 0.1], "k_pid_hsp": [0.3790790893748688, 0.03177296965410089, 0.0], "k_pid_vsp": [216.53443178326197, 99.58876383774499, 0.16616022900633634]}, "datetime": {"datetime": "2025-08-13 15:55:16", "elapsed": 22044.131679058075, "delta": 17.508668899536133}, "costs": {"total_cost": 192.25647550966994, "time_cost": 69.47500000000001, "final_distance_cost": 1.8280999319123465, "oscillation_cost": 31.04839194727176, "completition_cost": 0.0, "overshoot_cost": 50.340205057860665, "power_cost": 17.981248388671876, "noise_cost": 21.583530183953293, "n_waypoints_completed": 9, "tot_waypoints": 9}}
{"target": -187.49814890218093, "params": {"k_pid_pos": [1.1193649267862489, 0.09869928597753148, 0.21478318386669426], "k_pid_alt": [1.6341140728197745, 0.0, 0.02309867469922613], "k_pid_att": [12.305287251124506, 7.273612055345119, 0.7161207072324928], "k_pid_yaw": [0.5, 1e-06, 0.1], "k_pid_hsp": [0.23141991283716254, 0.00931681940759335, 0.0], "k_pid_vsp": [240.55304747931925, 97.69402407640547, 0.19404073746720532]}, "datetime": {"datetime": "2025-08-13 15:55:34", "elapsed": 22062.19255208969, "delta": 18.06087303161621}, "costs": {"total_cost": 187.49814890218093, "time_cost": 69.825, "final_distance_cost": 1.8337341709376507, "oscillation_cost": 29.519611934517545, "completition_cost": 0.0, "overshoot_cost": 50.49404187034767, "power_cost": 14.821692797851563, "noise_cost": 21.00406812852651, "n_waypoints_completed": 9, "tot_waypoints": 9}}
{"target": -186.53128047647036, "params": {"k_pid_pos": [0.8925519646393907, 0.054293738053230255, 0.41028323958343726], "k_pid_alt": [1.1252632570451049, 0.0, 0.024849909774841816], "k_pid_att": [18.358387835411364, 4.5666193875395695, 0.32280372438216504], "k_pid_yaw": [0.5, 1e-06, 0.1], "k_pid_hsp": [0.086375541494284, 0.023492288853438622, 0.0], "k_pid_vsp": [167.58604530395158, 151.9470511504384, 1e-06]}, "datetime": {"datetime": "2025-08-13 15:55:52", "elapsed": 22080.360690832138, "delta": 18.1681387424469}, "costs": {"total_cost": 186.53128047647036, "time_cost": 71.995, "final_distance_cost": 1.8286352301154911, "oscillation_cost": 26.916248157544594, "completition_cost": 0.0, "overshoot_cost": 50.69218262112099, "power_cost": 14.045206127929688, "noise_cost": 21.05400833975958, "n_waypoints_completed": 9, "tot_waypoints": 9}}
{"target": -187.22992778611038, "params": {"k_pid_pos": [0.7528369481529992, 0.08439698480843442, 0.16813924996821425], "k_pid_alt": [1.496866604067976, 0.0, 0.025644917946810064], "k_pid_att": [19.653030006000122, 3.7383249596289603, 0.34130872392278944], "k_pid_yaw": [0.5, 1e-06, 0.1], "k_pid_hsp": [0.2932709980437131, 0.02309642238282053, 0.0], "k_pid_vsp": [328.85064922164867, 94.4069049258925, 0.196320129603605]}, "datetime": {"datetime": "2025-08-13 15:56:11", "elapsed": 22099.480759620667, "delta": 19.120068788528442}, "costs": {"total_cost": 187.22992778611038, "time_cost": 71.869, "final_distance_cost": 1.838477097513187, "oscillation_cost": 27.111016963689323, "completition_cost": 0.0, "overshoot_cost": 50.51201544927386, "power_cost": 14.228112451171876, "noise_cost": 21.671305824462138, "n_waypoints_completed": 9, "tot_waypoints": 9}}
{"target": -183.55949518730682, "params": {"k_pid_pos": [0.9445403045528519, 0.0720447309771425, 0.19521536111019308], "k_pid_alt": [1.9088823042334246, 0.0, 0.02328043617476817], "k_pid_att": [34.117212878909854, 0.8881553235154896, 0.4246743663880994], "k_pid_yaw": [0.5, 1e-06, 0.1], "k_pid_hsp": [0.3102237048777178, 0.015442703363002115, 0.0], "k_pid_vsp": [320.8984922560439, 95.68374830890998, 0.0325244429822368]}, "datetime": {"datetime": "2025-08-13 15:56:30", "elapsed": 22118.383526802063, "delta": 18.902767181396484}, "costs": {"total_cost": 183.55949518730682, "time_cost": 70.077, "final_distance_cost": 1.8357217490402447, "oscillation_cost": 27.46331920260247, "completition_cost": 0.0, "overshoot_cost": 50.34798030578807, "power_cost": 13.051808203125, "noise_cost": 20.78366572675104, "n_waypoints_completed": 9, "tot_waypoints": 9}}
{"target": -244.97774769893337, "params": {"k_pid_pos": [0.21722840484892883, 0.06744616599167537, 0.25428582382924697], "k_pid_alt": [1.418085683202535, 0.0, 0.02891000972440207], "k_pid_att": [11.100924598407298, 3.2054756733756324, 0.6111370505692549], "k_pid_yaw": [0.5, 1e-06, 0.1], "k_pid_hsp": [0.2547329153356109, 0.014114169506531828, 0.0], "k_pid_vsp": [262.2758892777408, 180.57749214740662, 0.10875711206691807]}, "datetime": {"datetime": "2025-08-13 15:56:59", "elapsed": 22147.298374652863, "delta": 28.91484785079956}, "costs": {"total_cost": 244.97774769893337, "time_cost": 112.18900000000001, "final_distance_cost": 1.8547085140978357, "oscillation_cost": 16.846193480179725, "completition_cost": 0.0, "overshoot_cost": 60.39116014227011, "power_cost": 17.424952734375, "noise_cost": 36.27173282801067, "n_waypoints_completed": 9, "tot_waypoints": 9}}
{"target": -195.95926084649062, "params": {"k_pid_pos": [0.6377557941715023, 0.0913939305451756, 0.1851350418103405], "k_pid_alt": [1.2661881881713806, 0.0, 0.024950346954051517], "k_pid_att": [26.747770266996355, 5.165825974678481, 0.3191598600462631], "k_pid_yaw": [0.5, 1e-06, 0.1], "k_pid_hsp": [0.31116929625878986, 0.011409031359349545, 0.0], "k_pid_vsp": [390.8598484407774, 110.14998415145165, 0.22162237423639394]}, "datetime": {"datetime": "2025-08-13 15:57:19", "elapsed": 22167.510327100754, "delta": 20.211952447891235}, "costs": {"total_cost": 195.95926084649062, "time_cost": 76.342, "final_distance_cost": 1.8425846335780667, "oscillation_cost": 26.358513551352758, "completition_cost": 0.0, "overshoot_cost": 51.43547263183825, "power_cost": 16.200095751953125, "noise_cost": 23.780594277768415, "n_waypoints_completed": 9, "tot_waypoints": 9}}
{"target": -199.70754331062955, "params": {"k_pid_pos": [1.2346820842019637, 0.07471698828318572, 0.06821143831161179], "k_pid_alt": [1.218773247882995, 0.0, 0.01142637137086403], "k_pid_att": [13.049612794815987, 3.4649814382351685, 0.25346267899281477], "k_pid_yaw": [0.5, 1e-06, 0.1], "k_pid_hsp": [0.15665231113254274, 0.019757559529098814, 0.0], "k_pid_vsp": [259.8456833170089, 135.47010174814164, 0.09055377120386482]}, "datetime": {"datetime": "2025-08-13 15:57:38", "elapsed": 22186.786640644073, "delta": 19.276313543319702}, "costs": {"total_cost": 199.70754331062955, "time_cost": 70.833, "final_distance_cost": 1.7956105021481585, "oscillation_cost": 31.479534878958646, "completition_cost": 0.0, "overshoot_cost": 51.41713846898274, "power_cost": 22.039714318847658, "noise_cost": 22.142545141692324, "n_waypoints_completed": 9, "tot_waypoints": 9}}
{"target": -188.63922145343085, "params": {"k_pid_pos": [0.7523339405612536, 0.06992020413667266, 0.24867439129167854], "k_pid_alt": [0.8629687274414576, 0.0, 0.027274252147972727], "k_pid_att": [7.021885434418647, 1.9801025364899345, 0.47175636849996844], "k_pid_yaw": [0.5, 1e-06, 0.1], "k_pid_hsp": [0.2840545440962484, 0.013762277537907259, 0.0], "k_pid_vsp": [323.50291234501464, 216.51075723727013, 0.18268761186472793]}, "datetime": {"datetime": "2025-08-13 15:58:00", "elapsed": 22208.853889226913, "delta": 22.067248582839966}, "costs": {"total_cost": 188.63922145343085, "time_cost": 75.362, "final_distance_cost": 1.8362595475680399, "oscillation_cost": 27.383120314264875, "completition_cost": 0.0, "overshoot_cost": 50.5024341849764, "power_cost": 11.985772607421875, "noise_cost": 21.569634799199683, "n_waypoints_completed": 9, "tot_waypoints": 9}}
{"target": -206.51450547448258, "params": {"k_pid_pos": [0.6288546698834009, 0.09884110326658173, 0.3068150485124775], "k_pid_alt": [1.9665449768234333, 0.0, 0.022578766552716664], "k_pid_att": [17.33078429885347, 2.464783456886735, 0.7185867487549645], "k_pid_yaw": [0.5, 1e-06, 0.1], "k_pid_hsp": [0.344794436719986, 0.010382433948747759, 0.0], "k_pid_vsp": [226.77465679838284, 160.60230443491704, 0.16739618830878666]}, "datetime": {"datetime": "2025-08-13 15:58:22", "elapsed": 22230.153777837753, "delta": 21.299888610839844}, "costs": {"total_cost": 206.51450547448258, "time_cost": 79.394, "final_distance_cost": 1.8430081750606195, "oscillation_cost": 26.544764243575322, "completition_cost": 0.0, "overshoot_cost": 52.665696848647244, "power_cost": 20.24480308837891, "noise_cost": 25.8222331188205, "n_waypoints_completed": 9, "tot_waypoints": 9}}
{"target": -190.28400383630233, "params": {"k_pid_pos": [1.3732325967833319, 0.05388491125077893, 0.29044616813539326], "k_pid_alt": [0.9092172321936274, 0.0, 0.016070558472425393], "k_pid_att": [25.53904011514349, 5.034775521878665, 0.5726680982248816], "k_pid_yaw": [0.5, 1e-06, 0.1], "k_pid_hsp": [0.25057599608544684, 0.017111915242401885, 0.0], "k_pid_vsp": [208.4371058873205, 113.49850801427486, 0.22291262181756819]}, "datetime": {"datetime": "2025-08-13 15:58:41", "elapsed": 22249.338713407516, "delta": 19.184935569763184}, "costs": {"total_cost": 190.28400383630233, "time_cost": 70.028, "final_distance_cost": 1.8296382431550862, "oscillation_cost": 30.401898158211196, "completition_cost": 0.0, "overshoot_cost": 50.54143095777522, "power_cost": 16.368378125, "noise_cost": 21.11465835216084, "n_waypoints_completed": 9, "tot_waypoints": 9}}
{"target": -189.31309792606416, "params": {"k_pid_pos": [1.605116206913558, 0.05727543040611721, 0.08038378229171733], "k_pid_alt": [1.4775097979185678, 0.0, 0.017710314060395624], "k_pid_att": [28.779079870516142, 3.183880601920803, 0.19384285888728517], "k_pid_yaw": [0.5, 1e-06, 0.1], "k_pid_hsp": [0.5288316677912442, 0.012186778565725353, 0.0], "k_pid_vsp": [270.302119887597, 131.15303846111865, 0.1601326788544132]}, "datetime": {"datetime": "2025-08-13 15:59:00", "elapsed": 22268.709085941315, "delta": 19.370372533798218}, "costs": {"total_cost": 189.31309792606416, "time_cost": 68.83800000000001, "final_distance_cost": 1.7928010000755632, "oscillation_cost": 32.50149693889322, "completition_cost": 0.0, "overshoot_cost": 50.546584416233834, "power_cost": 15.140674426269532, "noise_cost": 20.49354114459202, "n_waypoints_completed": 9, "tot_waypoints": 9}}
{"target": -181.45323516778814, "params": {"k_pid_pos": [0.8871217691055326, 0.09206030935810922, 0.2866112276633766], "k_pid_alt": [1.6596419413257364, 0.0, 0.0], "k_pid_att": [22.18855921589493, 5.410952255355666, 0.5384455781809728], "k_pid_yaw": [0.5, 1e-06, 0.1], "k_pid_hsp": [0.2925705212895237, 0.017254901223634433, 0.0], "k_pid_vsp": [300.0628706278231, 111.9013753298647, 0.09799389446485614]}, "datetime": {"datetime": "2025-08-13 15:59:20", "elapsed": 22288.426369428635, "delta": 19.717283487319946}, "costs": {"total_cost": 181.45323516778814, "time_cost": 70.721, "final_distance_cost": 1.8331491330557121, "oscillation_cost": 26.52381866571625, "completition_cost": 0.0, "overshoot_cost": 50.4274741944312, "power_cost": 11.2905654296875, "noise_cost": 20.65722774489748, "n_waypoints_completed": 9, "tot_waypoints": 9}}
{"target": -193.4434898062118, "params": {"k_pid_pos": [0.5871054227264683, 0.07230641575889199, 0.3066106932169585], "k_pid_alt": [1.5031385231777428, 0.0, 0.029576138413834763], "k_pid_att": [31.183489342065027, 3.115901554742773, 0.340897926338161], "k_pid_yaw": [0.5, 1e-06, 0.1], "k_pid_hsp": [0.2121569229728324, 0.01633697763452306, 0.0], "k_pid_vsp": [274.8069937270099, 133.78171506712036, 0.14035821944242138]}, "datetime": {"datetime": "2025-08-13 15:59:42", "elapsed": 22310.877368927002, "delta": 22.45099949836731}, "costs": {"total_cost": 193.4434898062118, "time_cost": 77.203, "final_distance_cost": 1.8460154210267623, "oscillation_cost": 24.73929337856643, "completition_cost": 0.0, "overshoot_cost": 51.45630163858472, "power_cost": 14.458365979003906, "noise_cost": 23.74051338903, "n_waypoints_completed": 9, "tot_waypoints": 9}}
{"target": -180.9572065640195, "params": {"k_pid_pos": [1.2086285582622687, 0.09536184496182228, 0.2164010516989193], "k_pid_alt": [1.868721786032835, 0.0, 0.027482449305787245], "k_pid_att": [14.285066245994848, 4.692940254769222, 0.5856431315008681], "k_pid_yaw": [0.5, 1e-06, 0.1], "k_pid_hsp": [0.13429078092667598, 0.014964164757093648, 0.0], "k_pid_vsp": [197.58275120700105, 170.04199011319292, 0.06529867060118494]}, "datetime": {"datetime": "2025-08-13 16:00:02", "elapsed": 22330.16787290573, "delta": 19.290503978729248}, "costs": {"total_cost": 180.9572065640195, "time_cost": 69.86, "final_distance_cost": 1.7859320081108676, "oscillation_cost": 30.248900247917774, "completition_cost": 0.0, "overshoot_cost": 50.27091029760658, "power_cost": 9.777206188964843, "noise_cost": 19.014257821419445, "n_waypoints_completed": 9, "tot_waypoints": 9}}
{"target": -181.2660280683564, "params": {"k_pid_pos": [1.370363331239868, 0.006114635160890609, 0.24886798359554366], "k_pid_alt": [1.8358922443881032, 0.0, 0.021872276686377517], "k_pid_att": [33.53041611461501, 4.569924858565498, 0.26195823293476433], "k_pid_yaw": [0.5, 1e-06, 0.1], "k_pid_hsp": [0.2571313576618341, 0.011490358020649932, 0.0], "k_pid_vsp": [261.43112899782346, 103.06635845360904, 0.09380533948128818]}, "datetime": {"datetime": "2025-08-13 16:00:21", "elapsed": 22349.714249372482, "delta": 19.5463764667511}, "costs": {"total_cost": 181.2660280683564, "time_cost": 68.558, "final_distance_cost": 1.8281923238248865, "oscillation_cost": 30.57759042951275, "completition_cost": 0.0, "overshoot_cost": 49.944048625425374, "power_cost": 10.964525634765625, "noise_cost": 19.393671054827724, "n_waypoints_completed": 9, "tot_waypoints": 9}}
{"target": -189.65259504044636, "params": {"k_pid_pos": [1.0095004224308466, 0.032921240857786756, 0.12080515795827203], "k_pid_alt": [1.7785369580055193, 0.0, 0.02550512653478985], "k_pid_att": [14.499573474845084, 3.3358094574526276, 0.7067131650621161], "k_pid_yaw": [0.5, 1e-06, 0.1], "k_pid_hsp": [0.34785250945485807, 0.024168714889133133, 0.0], "k_pid_vsp": [265.69431748279953, 142.39010526091695, 0.16875222920951374]}, "datetime": {"datetime": "2025-08-13 16:00:40", "elapsed": 22368.783336877823, "delta": 19.069087505340576}, "costs": {"total_cost": 189.65259504044636, "time_cost": 69.489, "final_distance_cost": 1.8470750356162657, "oscillation_cost": 29.78328643041343, "completition_cost": 0.0, "overshoot_cost": 50.58945658225833, "power_cost": 16.555706201171876, "noise_cost": 21.388070790986422, "n_waypoints_completed": 9, "tot_waypoints": 9}}
{"target": -187.15403150416208, "params": {"k_pid_pos": [1.244640809146001, 0.08155537764778324, 0.17312004793118707], "k_pid_alt": [1.7497177229192522, 0.0, 0.02702666340728122], "k_pid_att": [18.131630560823428, 2.654553130643862, 0.3562243097935407], "k_pid_yaw": [0.5, 1e-06, 0.1], "k_pid_hsp": [0.37909449884079, 0.02168869254341281, 0.0], "k_pid_vsp": [378.7936153486644, 148.47744688004877, 0.15839801077689478]}, "datetime": {"datetime": "2025-08-13 16:01:00", "elapsed": 22388.19021964073, "delta": 19.406882762908936}, "costs": {"total_cost": 187.15403150416208, "time_cost": 69.258, "final_distance_cost": 1.8258452233615639, "oscillation_cost": 30.701886146548304, "completition_cost": 0.0, "overshoot_cost": 50.77585356067416, "power_cost": 14.100866955566406, "noise_cost": 20.491579618011656, "n_waypoints_completed": 9, "tot_waypoints": 9}}
{"target": -184.45369690680252, "params": {"k_pid_pos": [0.5214550709307683, 0.06361425498143781, 0.09402190315066401], "k_pid_alt": [1.2155419192120034, 0.0, 0.044543737077555594], "k_pid_att": [6.909553164618454, 4.238566206255649, 0.5584690617656182], "k_pid_yaw": [0.5, 1e-06, 0.1], "k_pid_hsp": [0.16306796494312015, 0.011581461252833854, 0.0], "k_pid_vsp": [155.72906024404537, 100.48963587862242, 0.13687777085220024]}, "datetime": {"datetime": "2025-08-13 16:01:21", "elapsed": 22408.987191438675, "delta": 20.796971797943115}, "costs": {"total_cost": 184.45369690680252, "time_cost": 75.117, "final_distance_cost": 1.850002169943043, "oscillation_cost": 23.831636458310513, "completition_cost": 0.0, "overshoot_cost": 51.46278593445296, "power_cost": 10.673202856445313, "noise_cost": 21.519069487650725, "n_waypoints_completed": 9, "tot_waypoints": 9}}
{"target": -188.4378666326002, "params": {"k_pid_pos": [1.0010992583927185, 0.10673731668271715, 0.35896662621195413], "k_pid_alt": [0.5525637799321327, 0.0, 0.013276812932679828], "k_pid_att": [8.202253074292939, 4.3058167268242125, 0.6588304063574782], "k_pid_yaw": [0.5, 1e-06, 0.1], "k_pid_hsp": [0.3392530793328838, 0.02688138172168993, 0.0], "k_pid_vsp": [303.464476479024, 155.47981187202984, 0.21008000052170664]}, "datetime": {"datetime": "2025-08-13 16:01:42", "elapsed": 22430.59264397621, "delta": 21.60545253753662}, "costs": {"total_cost": 188.4378666326002, "time_cost": 76.391, "final_distance_cost": 1.8421940207908498, "oscillation_cost": 29.642244955884337, "completition_cost": 0.0, "overshoot_cost": 50.536526636816774, "power_cost": 9.763568286132813, "noise_cost": 20.262332732975374, "n_waypoints_completed": 9, "tot_waypoints": 9}}
{"target": -198.64145522653354, "params": {"k_pid_pos": [0.8142120687792468, 0.046286005452639285, 0.15257689844806852], "k_pid_alt": [0.8810941615393358, 0.0, 0.012843107800910395], "k_pid_att": [7.584904526370766, 4.983039761857454, 0.8843860640652621], "k_pid_yaw": [0.5, 1e-06, 0.1], "k_pid_hsp": [0.15208840559861111, 0.03158885354333226, 0.0], "k_pid_vsp": [77.36370637635287, 149.65506028479035, 0.18559241776260174]}, "datetime": {"datetime": "2025-08-13 16:02:02", "elapsed": 22450.89844751358, "delta": 20.305803537368774}, "costs": {"total_cost": 198.64145522653354, "time_cost": 71.393, "final_distance_cost": 1.8489185990719095, "oscillation_cost": 30.969102322168126, "completition_cost": 0.0, "overshoot_cost": 49.90852961387567, "power_cost": 22.02962196044922, "noise_cost": 22.49228273096861, "n_waypoints_completed": 9, "tot_waypoints": 9}}
{"target": -187.82255197866016, "params": {"k_pid_pos": [0.9030005871015883, 0.05543801807644735, 0.2115985623509612], "k_pid_alt": [1.2812510346249644, 0.0, 0.023513862775914735], "k_pid_att": [12.432770680183937, 4.804562689595592, 0.5926132155385657], "k_pid_yaw": [0.5, 1e-06, 0.1], "k_pid_hsp": [0.11986341468515638, 0.015993983771693924, 0.0], "k_pid_vsp": [274.07816392650784, 97.29775069282545, 0.2523882075205491]}, "datetime": {"datetime": "2025-08-13 16:02:22", "elapsed": 22470.434344768524, "delta": 19.535897254943848}, "costs": {"total_cost": 187.82255197866016, "time_cost": 70.357, "final_distance_cost": 1.808737125565728, "oscillation_cost": 27.041295136289744, "completition_cost": 0.0, "overshoot_cost": 50.686398422478796, "power_cost": 16.467598754882815, "noise_cost": 21.46152253944307, "n_waypoints_completed": 9, "tot_waypoints": 9}}
{"target": -182.7472054639855, "params": {"k_pid_pos": [1.1857761109462024, 0.1221703943214112, 0.33263158807297166], "k_pid_alt": [1.3573272687080582, 0.0, 0.03581484238353164], "k_pid_att": [19.593536056138085, 3.9462870354509434, 0.576039212515504], "k_pid_yaw": [0.5, 1e-06, 0.1], "k_pid_hsp": [0.17750712488021936, 0.019251291234685244, 0.0], "k_pid_vsp": [249.78849594295494, 82.51509789107354, 0.14860541118294954]}, "datetime": {"datetime": "2025-08-13 16:02:42", "elapsed": 22490.32539486885, "delta": 19.891050100326538}, "costs": {"total_cost": 182.7472054639855, "time_cost": 69.45400000000001, "final_distance_cost": 1.8251510584942048, "oscillation_cost": 29.046756947217762, "completition_cost": 0.0, "overshoot_cost": 50.44979653235912, "power_cost": 12.057475732421876, "noise_cost": 19.914025193492538, "n_waypoints_completed": 9, "tot_waypoints": 9}}
{"target": -192.7139058510376, "params": {"k_pid_pos": [0.9371654955032319, 0.08744385036823166, 0.15406059305118694], "k_pid_alt": [1.9479089472186235, 0.0, 0.021203728436540576], "k_pid_att": [12.300794965993552, 5.094536056738183, 0.8432154661284814], "k_pid_yaw": [0.5, 1e-06, 0.1], "k_pid_hsp": [0.3170468949476291, 0.010797701115371624, 0.0], "k_pid_vsp": [244.7633812290029, 279.20138945939203, 0.2220864777847995]}, "datetime": {"datetime": "2025-08-13 16:03:02", "elapsed": 22510.691203832626, "delta": 20.365808963775635}, "costs": {"total_cost": 192.7139058510376, "time_cost": 69.97200000000001, "final_distance_cost": 1.842307058979831, "oscillation_cost": 29.009722970443065, "completition_cost": 0.0, "overshoot_cost": 50.35069097330185, "power_cost": 19.373277148437502, "noise_cost": 22.165907699875326, "n_waypoints_completed": 9, "tot_waypoints": 9}}
