{"target": -195.6289964897964, "params": {"k_pid_pos": [0.5698759203972537, 0.03827880225409292, 0.28634166601957595], "k_pid_alt": [1.311184443148737, 0.0, 0.028540797213543346], "k_pid_att": [15.595121573170454, 1.5969500832805925, 0.66118574546373], "k_pid_yaw": [0.5, 1e-06, 0.1], "k_pid_hsp": [0.25472390418140783, 0.022588039127287445, 0.0], "k_pid_vsp": [190.88681144131064, 119.39806271179991, 0.3014245570490091]}, "datetime": {"datetime": "2025-08-13 15:12:47", "elapsed": 19495.841883659363, "delta": 20.964648246765137}, "costs": {"total_cost": 195.6289964897964, "time_cost": 78.995, "final_distance_cost": 1.8565501541468874, "oscillation_cost": 25.183537863011168, "completition_cost": 0.0, "overshoot_cost": 51.24183081286842, "power_cost": 14.06482166748047, "noise_cost": 24.28725599228947, "n_waypoints_completed": 9, "tot_waypoints": 9}}
{"target": -219.28208634389566, "params": {"k_pid_pos": [0.9391438885480153, 0.044952951919237656, 0.21121264119982164], "k_pid_alt": [1.592111143816392, 0.0, 0.024121754721628547], "k_pid_att": [20.934193689600352, 5.202734934489215, 0.6820511221629317], "k_pid_yaw": [0.5, 1e-06, 0.1], "k_pid_hsp": [0.026610061005354697, 0.032064216075279275, 0.0], "k_pid_vsp": [125.74904508011082, 173.24363961306577, 0.24693947743674594]}, "datetime": {"datetime": "2025-08-13 15:13:11", "elapsed": 19519.550365686417, "delta": 23.708482027053833}, "costs": {"total_cost": 219.28208634389566, "time_cost": 89.292, "final_distance_cost": 1.7962008737016983, "oscillation_cost": 29.82477253303663, "completition_cost": 0.0, "overshoot_cost": 54.91435594705092, "power_cost": 17.168612829589843, "noise_cost": 26.286144160516553, "n_waypoints_completed": 9, "tot_waypoints": 9}}
{"target": -199.50388581905287, "params": {"k_pid_pos": [0.5798476240144609, 0.07616808142696027, 0.33013105068720905], "k_pid_alt": [1.9268415958627922, 0.0, 0.011440196816973223], "k_pid_att": [40.20844676909771, 5.651458356015978, 1.0], "k_pid_yaw": [0.5, 1e-06, 0.1], "k_pid_hsp": [0.3282876482457733, 0.03942058410647759, 0.0], "k_pid_vsp": [331.6773220329189, 101.68422645011897, 0.2518620296340038]}, "datetime": {"datetime": "2025-08-13 15:13:32", "elapsed": 19540.877616882324, "delta": 21.327251195907593}, "costs": {"total_cost": 199.50388581905287, "time_cost": 78.533, "final_distance_cost": 1.8509349517793043, "oscillation_cost": 26.395876450106723, "completition_cost": 0.0, "overshoot_cost": 51.559219306109654, "power_cost": 16.246461193847658, "noise_cost": 24.91839391720954, "n_waypoints_completed": 9, "tot_waypoints": 9}}
{"target": -186.89125914101544, "params": {"k_pid_pos": [1.1712268888773238, 0.07553588482903904, 0.051811398158452406], "k_pid_alt": [1.3959944935688053, 0.0, 0.013013899590932096], "k_pid_att": [52.8010640404141, 5.927665689094542, 0.27868387398331157], "k_pid_yaw": [0.5, 1e-06, 0.1], "k_pid_hsp": [0.34676096200317713, 0.0328081123026061, 0.0], "k_pid_vsp": [237.60534399967807, 174.23098306728977, 0.2063148042425252]}, "datetime": {"datetime": "2025-08-13 15:13:52", "elapsed": 19560.178330659866, "delta": 19.300713777542114}, "costs": {"total_cost": 186.89125914101544, "time_cost": 68.922, "final_distance_cost": 1.8064033024144857, "oscillation_cost": 31.441687759472956, "completition_cost": 0.0, "overshoot_cost": 49.891394713179835, "power_cost": 14.467825122070312, "noise_cost": 20.361948243877876, "n_waypoints_completed": 9, "tot_waypoints": 9}}
{"target": -184.79779258366713, "params": {"k_pid_pos": [1.2741241514675208, 0.07715370723173569, 0.3264887985349269], "k_pid_alt": [1.8814346504411947, 0.0, 0.031846460218300385], "k_pid_att": [7.993845086082996, 2.7717168824728726, 0.8966834725421337], "k_pid_yaw": [0.5, 1e-06, 0.1], "k_pid_hsp": [0.20957523981207538, 0.015117975341688406, 0.0], "k_pid_vsp": [175.86778157920313, 51.66355451808378, 0.1622316406725837]}, "datetime": {"datetime": "2025-08-13 15:14:10", "elapsed": 19578.511599063873, "delta": 18.333268404006958}, "costs": {"total_cost": 184.79779258366713, "time_cost": 69.21600000000001, "final_distance_cost": 1.8333073145951002, "oscillation_cost": 29.82335778824094, "completition_cost": 0.0, "overshoot_cost": 50.89008197234075, "power_cost": 12.888958862304689, "noise_cost": 20.14608664618564, "n_waypoints_completed": 9, "tot_waypoints": 9}}
{"target": -184.8018003860343, "params": {"k_pid_pos": [0.8240506704699921, 0.07847608960714232, 0.06574679877137173], "k_pid_alt": [1.5750086162847368, 0.0, 0.02027143536549223], "k_pid_att": [18.2568156158904, 6.4963037697645944, 0.719337110581222], "k_pid_yaw": [0.5, 1e-06, 0.1], "k_pid_hsp": [0.45753886039054437, 0.023513661147048587, 0.0], "k_pid_vsp": [223.1647577572618, 118.40603359204556, 0.46606643345243914]}, "datetime": {"datetime": "2025-08-13 15:14:28", "elapsed": 19596.963537216187, "delta": 18.451938152313232}, "costs": {"total_cost": 184.8018003860343, "time_cost": 69.937, "final_distance_cost": 1.8264587563393784, "oscillation_cost": 28.009710101730082, "completition_cost": 0.0, "overshoot_cost": 50.43106919857382, "power_cost": 13.664773364257814, "noise_cost": 20.932788965133195, "n_waypoints_completed": 9, "tot_waypoints": 9}}
{"target": -185.09324661306212, "params": {"k_pid_pos": [1.017602600737945, 0.05799955911767319, 0.29403775141874183], "k_pid_alt": [1.4880904025036266, 0.0, 0.03220167566553033], "k_pid_att": [33.72191608407463, 4.669983730617274, 0.8028696233691218], "k_pid_yaw": [0.5, 1e-06, 0.1], "k_pid_hsp": [0.4855683616598155, 0.030042121580928064, 0.0], "k_pid_vsp": [254.02980626175167, 125.72132042993269, 0.30730580040153915]}, "datetime": {"datetime": "2025-08-13 15:14:48", "elapsed": 19616.531087875366, "delta": 19.567550659179688}, "costs": {"total_cost": 185.09324661306212, "time_cost": 70.238, "final_distance_cost": 1.8356643727981181, "oscillation_cost": 27.79777912072688, "completition_cost": 0.0, "overshoot_cost": 50.08388484844953, "power_cost": 13.9715701171875, "noise_cost": 21.166348153900117, "n_waypoints_completed": 9, "tot_waypoints": 9}}
{"target": -189.9121638825316, "params": {"k_pid_pos": [1.2009542589074076, 0.07481905632219818, 0.2634038143944761], "k_pid_alt": [1.771279684573688, 0.0, 0.027142391914425263], "k_pid_att": [10.974330970068683, 0.0001, 0.8211317756720824], "k_pid_yaw": [0.5, 1e-06, 0.1], "k_pid_hsp": [0.233590346649144, 0.026900616456177303, 0.0], "k_pid_vsp": [168.43349534126398, 91.49684508800753, 0.1068031218745918]}, "datetime": {"datetime": "2025-08-13 15:15:07", "elapsed": 19635.83262872696, "delta": 19.301540851593018}, "costs": {"total_cost": 189.9121638825316, "time_cost": 69.629, "final_distance_cost": 1.8327004048433775, "oscillation_cost": 29.5716499835529, "completition_cost": 0.0, "overshoot_cost": 50.736079100263176, "power_cost": 16.83069404296875, "noise_cost": 21.312040350903363, "n_waypoints_completed": 9, "tot_waypoints": 9}}
{"target": -186.0869509028025, "params": {"k_pid_pos": [1.116141429108756, 0.04993940997419874, 0.27396393013945247], "k_pid_alt": [1.809129869568989, 0.0, 0.020466947824723414], "k_pid_att": [15.164736737928218, 0.0001, 1.0], "k_pid_yaw": [0.5, 1e-06, 0.1], "k_pid_hsp": [0.22211316625506525, 0.031171524776082763, 0.0], "k_pid_vsp": [93.30542753983336, 140.61092205158255, 0.2166605089617997]}, "datetime": {"datetime": "2025-08-13 15:15:26", "elapsed": 19654.907083511353, "delta": 19.07445478439331}, "costs": {"total_cost": 186.0869509028025, "time_cost": 69.153, "final_distance_cost": 1.8334533014457133, "oscillation_cost": 29.641208785891838, "completition_cost": 0.0, "overshoot_cost": 49.97749485783704, "power_cost": 14.769677416992188, "noise_cost": 20.71211654063572, "n_waypoints_completed": 9, "tot_waypoints": 9}}
{"target": -181.26161248913354, "params": {"k_pid_pos": [1.2822242337214493, 0.04435268325647862, 0.1919975194257545], "k_pid_alt": [1.6942032046814657, 3.9043886163246276e-07, 0.025325095805585982], "k_pid_att": [25.57660604692009, 3.156020989560453, 0.6924315939348368], "k_pid_yaw": [0.5, 1e-06, 0.1], "k_pid_hsp": [0.24994745908601315, 0.035504424030486946, 0.0], "k_pid_vsp": [159.5563199340902, 59.42119664035829, 0.2533076900763516]}, "datetime": {"datetime": "2025-08-13 15:15:45", "elapsed": 19673.079420804977, "delta": 18.172337293624878}, "costs": {"total_cost": 181.26161248913354, "time_cost": 68.558, "final_distance_cost": 1.8349413320915007, "oscillation_cost": 31.245903475526553, "completition_cost": 0.0, "overshoot_cost": 50.094620445078455, "power_cost": 10.473935339355469, "noise_cost": 19.05421189708157, "n_waypoints_completed": 9, "tot_waypoints": 9}}
{"target": -185.94201124315327, "params": {"k_pid_pos": [0.9614850395607496, 0.09813518802757604, 0.30602676576835625], "k_pid_alt": [1.558205543411379, 0.0, 0.025796698621808566], "k_pid_att": [29.48302956720458, 4.9011599495973615, 0.9991559627347942], "k_pid_yaw": [0.5, 1e-06, 0.1], "k_pid_hsp": [0.32200725111717426, 0.03398526394030601, 0.0], "k_pid_vsp": [102.21643319608596, 104.19891612147019, 0.35946705856841965]}, "datetime": {"datetime": "2025-08-13 15:16:04", "elapsed": 19692.62057876587, "delta": 19.541157960891724}, "costs": {"total_cost": 185.94201124315327, "time_cost": 70.021, "final_distance_cost": 1.8315181839412398, "oscillation_cost": 28.060402267327543, "completition_cost": 0.0, "overshoot_cost": 50.11234314529661, "power_cost": 14.68077508544922, "noise_cost": 21.235972561138638, "n_waypoints_completed": 9, "tot_waypoints": 9}}
{"target": -187.2924087983419, "params": {"k_pid_pos": [0.6045835798665297, 0.03973206252266493, 0.447998653732913], "k_pid_alt": [1.3060870063862202, 0.0, 0.0243570578805688], "k_pid_att": [25.70190793031379, 5.441069664270002, 0.6590127530709198], "k_pid_yaw": [0.5, 1e-06, 0.1], "k_pid_hsp": [0.12202793059267407, 0.005151594516373726, 0.0], "k_pid_vsp": [256.19703750853586, 115.52736330667021, 0.12272967573590161]}, "datetime": {"datetime": "2025-08-13 15:16:26", "elapsed": 19713.985843896866, "delta": 21.365265130996704}, "costs": {"total_cost": 187.2924087983419, "time_cost": 78.106, "final_distance_cost": 1.8515585238872498, "oscillation_cost": 22.05919454052669, "completition_cost": 0.0, "overshoot_cost": 51.729479480180636, "power_cost": 11.011956396484376, "noise_cost": 22.534219857262972, "n_waypoints_completed": 9, "tot_waypoints": 9}}
{"target": -188.7509510075826, "params": {"k_pid_pos": [1.1444370080738084, 0.049731910383825816, 0.03078135292510008], "k_pid_alt": [1.2364954109661666, 0.0, 0.03262471412904495], "k_pid_att": [21.5597258117094, 3.463222675451261, 0.7741697786124372], "k_pid_yaw": [0.5, 1e-06, 0.1], "k_pid_hsp": [0.279743686649606, 0.02690678319234749, 0.0], "k_pid_vsp": [65.9985656271868, 137.27205803386423, 0.1886543120673353]}, "datetime": {"datetime": "2025-08-13 15:16:44", "elapsed": 19732.291147708893, "delta": 18.305303812026978}, "costs": {"total_cost": 188.7509510075826, "time_cost": 68.747, "final_distance_cost": 1.8252232581246666, "oscillation_cost": 31.184765011318998, "completition_cost": 0.0, "overshoot_cost": 50.226405203077505, "power_cost": 16.18638680419922, "noise_cost": 20.58117073086216, "n_waypoints_completed": 9, "tot_waypoints": 9}}
{"target": -217.3399719898854, "params": {"k_pid_pos": [0.2933010196954399, 0.04887170274142377, 0.0], "k_pid_alt": [1.207897312735632, 0.0, 0.018203990926448865], "k_pid_att": [44.69571258384311, 0.9594579610046257, 0.764429071586063], "k_pid_yaw": [0.5, 1e-06, 0.1], "k_pid_hsp": [0.569062148153446, 0.026614690295632293, 0.0], "k_pid_vsp": [128.03930705867302, 136.6219967169225, 0.23900760229193385]}, "datetime": {"datetime": "2025-08-13 15:17:08", "elapsed": 19756.91241002083, "delta": 24.621262311935425}, "costs": {"total_cost": 217.3399719898854, "time_cost": 89.18, "final_distance_cost": 1.8560159799907223, "oscillation_cost": 22.814368138734796, "completition_cost": 0.0, "overshoot_cost": 53.72549118259276, "power_cost": 20.604059228515627, "noise_cost": 29.160037460051523, "n_waypoints_completed": 9, "tot_waypoints": 9}}
{"target": -182.98231376145196, "params": {"k_pid_pos": [0.7880126175312375, 0.03253699540784845, 0.23867556067769904], "k_pid_alt": [1.5656452275619805, 0.0, 0.026457813063795955], "k_pid_att": [19.894455280067444, 3.838326412570552, 0.5020088829773628], "k_pid_yaw": [0.5, 1e-06, 0.1], "k_pid_hsp": [0.2057597550771424, 0.028523504949423083, 0.0], "k_pid_vsp": [223.60166494040035, 169.29350084967254, 0.22711138589004473]}, "datetime": {"datetime": "2025-08-13 15:17:28", "elapsed": 19776.511261463165, "delta": 19.598851442337036}, "costs": {"total_cost": 182.98231376145196, "time_cost": 71.414, "final_distance_cost": 1.8530999496315457, "oscillation_cost": 27.28753847575723, "completition_cost": 0.0, "overshoot_cost": 50.151583220316645, "power_cost": 11.480294812011719, "noise_cost": 20.79579730373482, "n_waypoints_completed": 9, "tot_waypoints": 9}}
{"target": -189.81292923432048, "params": {"k_pid_pos": [0.851924724352687, 0.020239637038825305, 0.4160179577261278], "k_pid_alt": [2.0, 0.0, 0.04265059176988752], "k_pid_att": [18.222932364095865, 3.186359407973462, 0.9027107009639934], "k_pid_yaw": [0.5, 1e-06, 0.1], "k_pid_hsp": [0.166058494491858, 0.018657903434984763, 0.0], "k_pid_vsp": [13.571392172505435, 128.78304350012874, 0.23853342639964895]}, "datetime": {"datetime": "2025-08-13 15:17:48", "elapsed": 19796.12927532196, "delta": 19.618013858795166}, "costs": {"total_cost": 189.81292923432048, "time_cost": 72.394, "final_distance_cost": 1.8579676058219334, "oscillation_cost": 30.36743401413073, "completition_cost": 0.0, "overshoot_cost": 50.809216342437665, "power_cost": 14.661479809570313, "noise_cost": 19.72283146235983, "n_waypoints_completed": 9, "tot_waypoints": 9}}
{"target": -191.73226682371734, "params": {"k_pid_pos": [1.8590635496765235, 0.06892908835640367, 0.2486086468875152], "k_pid_alt": [1.4657392467648636, 0.0, 0.03532822524776096], "k_pid_att": [30.206269015217476, 2.9977702348491384, 0.6413703044562644], "k_pid_yaw": [0.5, 1e-06, 0.1], "k_pid_hsp": [0.3299362965111596, 0.022477262654413823, 0.0], "k_pid_vsp": [213.85116954422412, 22.437279230622774, 0.27896489715716]}, "datetime": {"datetime": "2025-08-13 15:18:07", "elapsed": 19815.15091276169, "delta": 19.021637439727783}, "costs": {"total_cost": 191.73226682371734, "time_cost": 69.559, "final_distance_cost": 1.7819744536234638, "oscillation_cost": 32.55600009491565, "completition_cost": 0.0, "overshoot_cost": 51.01829571783466, "power_cost": 15.861255346679688, "noise_cost": 20.955741210663874, "n_waypoints_completed": 9, "tot_waypoints": 9}}
{"target": -203.0935656086166, "params": {"k_pid_pos": [0.7328561932976809, 0.11791360760467856, 0.04948210207088968], "k_pid_alt": [1.3353113012018312, 0.0, 0.014105277241086624], "k_pid_att": [17.539397705514585, 0.0001, 0.9341993514504302], "k_pid_yaw": [0.5, 1e-06, 0.1], "k_pid_hsp": [0.5027355947086343, 0.02412634867694669, 0.0], "k_pid_vsp": [225.4690263100963, 122.30026528074569, 0.2801080370529542]}, "datetime": {"datetime": "2025-08-13 15:18:26", "elapsed": 19834.739677906036, "delta": 19.588765144348145}, "costs": {"total_cost": 203.0935656086166, "time_cost": 74.83, "final_distance_cost": 1.8276278834061683, "oscillation_cost": 27.386449760247046, "completition_cost": 0.0, "overshoot_cost": 52.90679840069073, "power_cost": 22.06572462158203, "noise_cost": 24.0769649426906, "n_waypoints_completed": 9, "tot_waypoints": 9}}
{"target": -187.49315577864058, "params": {"k_pid_pos": [1.1554218629947635, 0.04987909252024442, 0.20664876106922167], "k_pid_alt": [0.8939867550627625, 0.0, 0.0279637068047987], "k_pid_att": [20.19584585728179, 6.359784398124307, 0.6387615582262907], "k_pid_yaw": [0.5, 1e-06, 0.1], "k_pid_hsp": [0.11464565679924064, 0.024577801416556064, 0.0], "k_pid_vsp": [223.80195542339564, 108.1632227117534, 0.3702582260614366]}, "datetime": {"datetime": "2025-08-13 15:18:45", "elapsed": 19853.869648456573, "delta": 19.12997055053711}, "costs": {"total_cost": 187.49315577864058, "time_cost": 71.288, "final_distance_cost": 1.8285764482208617, "oscillation_cost": 30.851854814590506, "completition_cost": 0.0, "overshoot_cost": 50.419462334421844, "power_cost": 12.781851989746094, "noise_cost": 20.32341019166129, "n_waypoints_completed": 9, "tot_waypoints": 9}}
{"target": -188.9341403214736, "params": {"k_pid_pos": [1.0202159800823458, 0.005247357821589148, 0.3191818409595213], "k_pid_alt": [1.4784564691581288, 0.0, 0.014352406436996534], "k_pid_att": [5.617058310881336, 5.044222233515504, 0.3803745944582229], "k_pid_yaw": [0.5, 1e-06, 0.1], "k_pid_hsp": [0.2589130932002457, 0.022031738377077153, 0.0], "k_pid_vsp": [263.7371047878588, 113.17987550414561, 0.25203492722345433]}, "datetime": {"datetime": "2025-08-13 15:19:04", "elapsed": 19872.71369767189, "delta": 18.844049215316772}, "costs": {"total_cost": 188.9341403214736, "time_cost": 70.028, "final_distance_cost": 1.84259712214423, "oscillation_cost": 30.006316834167084, "completition_cost": 0.0, "overshoot_cost": 49.73727743856973, "power_cost": 15.693521154785158, "noise_cost": 21.62642777180742, "n_waypoints_completed": 9, "tot_waypoints": 9}}
{"target": -196.5674870552217, "params": {"k_pid_pos": [0.550462045293857, 0.06780649214125761, 0.2710858492369666], "k_pid_alt": [1.7995666923740543, 0.0, 0.009840899792836756], "k_pid_att": [18.544683382181812, 5.469207973982258, 0.8833208717224045], "k_pid_yaw": [0.5, 1e-06, 0.1], "k_pid_hsp": [0.4943681755349045, 0.018331051108971125, 0.0], "k_pid_vsp": [269.2808649480499, 206.26044800714934, 0.27883475460074675]}, "datetime": {"datetime": "2025-08-13 15:19:27", "elapsed": 19895.482583284378, "delta": 22.768885612487793}, "costs": {"total_cost": 196.5674870552217, "time_cost": 79.051, "final_distance_cost": 1.8444557596883624, "oscillation_cost": 26.358348001784247, "completition_cost": 0.0, "overshoot_cost": 51.43151518020685, "power_cost": 13.73176912841797, "noise_cost": 24.150398985124255, "n_waypoints_completed": 9, "tot_waypoints": 9}}
{"target": -196.44877164751608, "params": {"k_pid_pos": [0.6464409431783767, 0.020796600235457534, 0.3412250343081304], "k_pid_alt": [1.536320874343409, 0.0, 0.02614902441301463], "k_pid_att": [18.396638330886816, 3.2794529753792414, 0.8419132523442862], "k_pid_yaw": [0.5, 1e-06, 0.1], "k_pid_hsp": [0.23071272980891835, 0.022925539472881704, 0.0], "k_pid_vsp": [257.6942510123059, 81.47289693985603, 0.23678544031373558]}, "datetime": {"datetime": "2025-08-13 15:19:49", "elapsed": 19917.23396420479, "delta": 21.751380920410156}, "costs": {"total_cost": 196.44877164751608, "time_cost": 78.071, "final_distance_cost": 1.855471526990126, "oscillation_cost": 25.977355805133673, "completition_cost": 0.0, "overshoot_cost": 51.02697987342811, "power_cost": 14.999742407226563, "noise_cost": 24.51822203473761, "n_waypoints_completed": 9, "tot_waypoints": 9}}
{"target": -183.33183625755169, "params": {"k_pid_pos": [1.3296319526681615, 0.08891616022653061, 0.09453750892849917], "k_pid_alt": [1.598889063632767, 0.0, 0.035644465269613596], "k_pid_att": [24.497092841979384, 8.628015589501631, 0.7848757866481771], "k_pid_yaw": [0.5, 1e-06, 0.1], "k_pid_hsp": [0.5058918917020352, 0.017062165148430012, 0.0], "k_pid_vsp": [400.0, 133.75404828167873, 0.3873821289535128]}, "datetime": {"datetime": "2025-08-13 15:20:08", "elapsed": 19936.024780988693, "delta": 18.79081678390503}, "costs": {"total_cost": 183.33183625755169, "time_cost": 68.502, "final_distance_cost": 1.8148483816314307, "oscillation_cost": 31.701924222061766, "completition_cost": 0.0, "overshoot_cost": 50.08863357581946, "power_cost": 11.637250048828125, "noise_cost": 19.5871800292109, "n_waypoints_completed": 9, "tot_waypoints": 9}}
{"target": -189.34002832173223, "params": {"k_pid_pos": [1.1152598117661732, 0.08631712473562485, 0.05989931335423143], "k_pid_alt": [1.7394225746008256, 0.0, 0.0344779012268381], "k_pid_att": [29.802712456887843, 2.73877908396314, 0.9413809117494432], "k_pid_yaw": [0.5, 1e-06, 0.1], "k_pid_hsp": [0.4422847343892988, 0.014709786569827818, 0.0], "k_pid_vsp": [156.6543320337596, 128.74844337691653, 0.23975125212161816]}, "datetime": {"datetime": "2025-08-13 15:20:26", "elapsed": 19954.91991996765, "delta": 18.89513897895813}, "costs": {"total_cost": 189.34002832173223, "time_cost": 69.125, "final_distance_cost": 1.8179605506159973, "oscillation_cost": 30.63134129012741, "completition_cost": 0.0, "overshoot_cost": 50.80816518173626, "power_cost": 15.944315686035157, "noise_cost": 21.013245613217407, "n_waypoints_completed": 9, "tot_waypoints": 9}}
{"target": -185.97508997617354, "params": {"k_pid_pos": [1.202145488688416, 0.032890321543593753, 0.34135577537463674], "k_pid_alt": [1.6401969626330501, 0.0, 0.03986191440966778], "k_pid_att": [23.420426310091177, 4.474045985487233, 0.671567929567944], "k_pid_yaw": [0.5, 1e-06, 0.1], "k_pid_hsp": [0.2953571276229802, 0.0408724624724082, 0.0], "k_pid_vsp": [282.07085665952445, 84.36080773159598, 0.28411939004581205]}, "datetime": {"datetime": "2025-08-13 15:20:44", "elapsed": 19972.227942705154, "delta": 17.30802273750305}, "costs": {"total_cost": 185.97508997617354, "time_cost": 69.272, "final_distance_cost": 1.8475884009988224, "oscillation_cost": 29.681220347721293, "completition_cost": 0.0, "overshoot_cost": 49.84910649012035, "power_cost": 14.585810375976564, "noise_cost": 20.739364361356504, "n_waypoints_completed": 9, "tot_waypoints": 9}}
