{"target": -188.89647921980207, "params": {"k_pid_pos": [0.859477265578643, 0.05925591326455359, 0.36070308134586315], "k_pid_alt": [1.530017705454471, 0.0, 0.033465766793222405], "k_pid_att": [10.559897610298554, 4.1189260971325075, 0.5442045356586548], "k_pid_yaw": [0.5, 1e-06, 0.1], "k_pid_hsp": [0.22712412244444943, 0.016430176652459667, 0.0], "k_pid_vsp": [259.7579049866534, 128.99897881299208, 0.13131308930203464]}, "datetime": {"datetime": "2025-08-13 21:40:21", "elapsed": 42749.52091097832, "delta": 18.380667448043823}, "costs": {"total_cost": 188.89647921980207, "time_cost": 71.813, "final_distance_cost": 1.8375386681686154, "oscillation_cost": 27.49507402044002, "completition_cost": 0.0, "overshoot_cost": 50.5157600873016, "power_cost": 15.215278088378907, "noise_cost": 22.0198283555129, "n_waypoints_completed": 9, "tot_waypoints": 9}}
{"target": -187.82060435599413, "params": {"k_pid_pos": [0.7649197970735355, 0.05168259070977327, 0.34690963735114294], "k_pid_alt": [1.3538601974702642, 0.0, 0.024377835371985457], "k_pid_att": [9.407145721745367, 3.525554231289513, 0.5463432391760338], "k_pid_yaw": [0.5, 1e-06, 0.1], "k_pid_hsp": [0.21497671987660905, 0.015049166761373162, 0.0], "k_pid_vsp": [317.1197078270365, 125.14686752625425, 0.1532442075362329]}, "datetime": {"datetime": "2025-08-13 21:40:38", "elapsed": 42766.57773351669, "delta": 17.056822538375854}, "costs": {"total_cost": 187.82060435599413, "time_cost": 73.976, "final_distance_cost": 1.8438630238221234, "oscillation_cost": 26.65324315566025, "completition_cost": 0.0, "overshoot_cost": 51.011464036148425, "power_cost": 12.532445666503907, "noise_cost": 21.803588473859403, "n_waypoints_completed": 9, "tot_waypoints": 9}}
{"target": -188.75013826308822, "params": {"k_pid_pos": [0.9480683153265616, 0.04322831078366068, 0.30315210072775495], "k_pid_alt": [1.324506715116725, 0.0, 0.02545864387295928], "k_pid_att": [9.348133251112374, 4.152791776841345, 0.6743039238216131], "k_pid_yaw": [0.5, 1e-06, 0.1], "k_pid_hsp": [0.2060345947169894, 0.013175358832858022, 0.0], "k_pid_vsp": [233.85570204083078, 96.28902185670836, 0.17581606256649765]}, "datetime": {"datetime": "2025-08-13 21:40:56", "elapsed": 42784.56326532364, "delta": 17.9855318069458}, "costs": {"total_cost": 188.75013826308822, "time_cost": 70.32900000000001, "final_distance_cost": 1.8472985122392245, "oscillation_cost": 27.38733003666515, "completition_cost": 0.0, "overshoot_cost": 50.7978750855984, "power_cost": 16.6680716796875, "noise_cost": 21.72056294889795, "n_waypoints_completed": 9, "tot_waypoints": 9}}
{"target": -183.49025827348805, "params": {"k_pid_pos": [1.0049818115557818, 0.06114271503312126, 0.2917687714640252], "k_pid_alt": [1.360070173009043, 0.0, 0.022835952778430053], "k_pid_att": [9.828712332798709, 4.48936596060212, 0.46338460408726884], "k_pid_yaw": [0.5, 1e-06, 0.1], "k_pid_hsp": [0.2570656439237928, 0.007886351199411041, 0.0], "k_pid_vsp": [244.16248471023974, 131.28189110406055, 0.18648294772557003]}, "datetime": {"datetime": "2025-08-13 21:41:12", "elapsed": 42800.93589401245, "delta": 16.372628688812256}, "costs": {"total_cost": 183.49025827348805, "time_cost": 69.839, "final_distance_cost": 1.8422451392668158, "oscillation_cost": 27.967044161387324, "completition_cost": 0.0, "overshoot_cost": 50.075896073703284, "power_cost": 13.017604711914062, "noise_cost": 20.74846818721655, "n_waypoints_completed": 9, "tot_waypoints": 9}}
{"target": -186.7860042313768, "params": {"k_pid_pos": [0.9550821539944513, 0.04490134679921304, 0.2604867551980173], "k_pid_alt": [1.691151158125561, 0.0, 0.030434367387006236], "k_pid_att": [12.451740075663745, 4.520876928879836, 0.6605872726530465], "k_pid_yaw": [0.5, 1e-06, 0.1], "k_pid_hsp": [0.210511272689881, 0.016189015945792393, 0.0], "k_pid_vsp": [287.8864767462218, 114.7736861282187, 0.20297293521087992]}, "datetime": {"datetime": "2025-08-13 21:41:30", "elapsed": 42818.09072804451, "delta": 17.154834032058716}, "costs": {"total_cost": 186.7860042313768, "time_cost": 69.874, "final_distance_cost": 1.844723927971043, "oscillation_cost": 27.123930295703115, "completition_cost": 0.0, "overshoot_cost": 50.25128777168492, "power_cost": 16.166358203125, "noise_cost": 21.525704032892733, "n_waypoints_completed": 9, "tot_waypoints": 9}}
{"target": -192.2044677540279, "params": {"k_pid_pos": [0.9062826205462624, 0.05264835211646964, 0.31366217732896046], "k_pid_alt": [1.3752290371690592, 0.0, 0.024355670299781685], "k_pid_att": [12.223347364842068, 3.9659428122488727, 0.6367292009973412], "k_pid_yaw": [0.5, 1e-06, 0.1], "k_pid_hsp": [0.2197993624389126, 0.013714358749571836, 0.0], "k_pid_vsp": [331.8096769920772, 134.95356778827355, 0.15505880321687435]}, "datetime": {"datetime": "2025-08-13 21:41:47", "elapsed": 42835.48327255249, "delta": 17.392544507980347}, "costs": {"total_cost": 192.2044677540279, "time_cost": 71.652, "final_distance_cost": 1.8386724252964566, "oscillation_cost": 26.44474475647164, "completition_cost": 0.0, "overshoot_cost": 51.145887562124855, "power_cost": 18.614039794921876, "noise_cost": 22.509123215213084, "n_waypoints_completed": 9, "tot_waypoints": 9}}
{"target": -187.59246398441047, "params": {"k_pid_pos": [1.1428194553640363, 0.04810899928197748, 0.3209806376770867], "k_pid_alt": [1.651015497028796, 0.0, 0.0251377463146913], "k_pid_att": [8.919389821595216, 3.777928452585306, 0.6828411924683718], "k_pid_yaw": [0.5, 1e-06, 0.1], "k_pid_hsp": [0.19214682941593186, 0.011889487450582645, 0.0], "k_pid_vsp": [337.36460683457483, 100.43706758040226, 0.14906537521246477]}, "datetime": {"datetime": "2025-08-13 21:42:04", "elapsed": 42852.97031760216, "delta": 17.48704504966736}, "costs": {"total_cost": 187.59246398441047, "time_cost": 69.783, "final_distance_cost": 1.8292103907137478, "oscillation_cost": 28.466644984115383, "completition_cost": 0.0, "overshoot_cost": 50.61912659279717, "power_cost": 15.692239624023438, "noise_cost": 21.20224239276071, "n_waypoints_completed": 9, "tot_waypoints": 9}}
{"target": -186.5261456354189, "params": {"k_pid_pos": [0.9757373327187339, 0.06519797284733311, 0.3448060863926303], "k_pid_alt": [1.3048950317571952, 0.0, 0.026491862392211695], "k_pid_att": [8.57620768311115, 4.184882191745592, 0.3876264446162147], "k_pid_yaw": [0.5, 1e-06, 0.1], "k_pid_hsp": [0.23002477459456194, 0.014472270419331558, 0.0], "k_pid_vsp": [286.9083480581196, 94.21176312566875, 0.14042872994601927]}, "datetime": {"datetime": "2025-08-13 21:42:22", "elapsed": 42870.13759493828, "delta": 17.167277336120605}, "costs": {"total_cost": 186.5261456354189, "time_cost": 70.476, "final_distance_cost": 1.845811719746101, "oscillation_cost": 27.93142373790427, "completition_cost": 0.0, "overshoot_cost": 50.47451786900376, "power_cost": 14.521033569335938, "noise_cost": 21.277358739428838, "n_waypoints_completed": 9, "tot_waypoints": 9}}
{"target": -189.0806582456057, "params": {"k_pid_pos": [0.7305812474330903, 0.0786598181562369, 0.3114523524030661], "k_pid_alt": [1.577109612528033, 0.0, 0.027332952900897763], "k_pid_att": [9.871338862099517, 3.6487309926276112, 0.5303346952435151], "k_pid_yaw": [0.5, 1e-06, 0.1], "k_pid_hsp": [0.2539721249996791, 0.01342040800227621, 0.0], "k_pid_vsp": [346.46655306152417, 137.6551703566071, 0.125623414310526]}, "datetime": {"datetime": "2025-08-13 21:42:39", "elapsed": 42887.33856344223, "delta": 17.200968503952026}, "costs": {"total_cost": 189.0806582456057, "time_cost": 74.102, "final_distance_cost": 1.8500886838555533, "oscillation_cost": 26.737551129895678, "completition_cost": 0.0, "overshoot_cost": 51.26447916682127, "power_cost": 13.107686840820314, "noise_cost": 22.018852424212874, "n_waypoints_completed": 9, "tot_waypoints": 9}}
{"target": -180.3116735204094, "params": {"k_pid_pos": [1.0625790444169456, 0.04515271922861223, 0.3016941952239062], "k_pid_alt": [1.3340960923797966, 0.0, 0.021760176809131327], "k_pid_att": [10.867671429696081, 3.4045336938730046, 0.6501711634537425], "k_pid_yaw": [0.5, 1e-06, 0.1], "k_pid_hsp": [0.17470959840479325, 0.012936518377183326, 0.0], "k_pid_vsp": [250.20792208126383, 107.24130532135526, 0.12874364541560068]}, "datetime": {"datetime": "2025-08-13 21:42:57", "elapsed": 42905.55174612999, "delta": 18.2131826877594}, "costs": {"total_cost": 180.3116735204094, "time_cost": 69.188, "final_distance_cost": 1.8296936745373455, "oscillation_cost": 28.194945047926577, "completition_cost": 0.0, "overshoot_cost": 50.09532160362549, "power_cost": 11.214920141601564, "noise_cost": 19.788793052718436, "n_waypoints_completed": 9, "tot_waypoints": 9}}
{"target": -189.07083874532228, "params": {"k_pid_pos": [1.1208282660267115, 0.05876603061575134, 0.27308145603674056], "k_pid_alt": [1.7158888775315753, 0.0, 0.026199460625910585], "k_pid_att": [10.459298454701312, 4.246500405159413, 0.6232428552635944], "k_pid_yaw": [0.5, 1e-06, 0.1], "k_pid_hsp": [0.26619111974189963, 0.01609365027745425, 0.0], "k_pid_vsp": [322.66031675861854, 98.39404753095191, 0.1599364543073957]}, "datetime": {"datetime": "2025-08-13 21:43:14", "elapsed": 42922.215832948685, "delta": 16.66408681869507}, "costs": {"total_cost": 189.07083874532228, "time_cost": 69.797, "final_distance_cost": 1.831870066143671, "oscillation_cost": 29.518490920549493, "completition_cost": 0.0, "overshoot_cost": 50.367583524312934, "power_cost": 16.223760864257812, "noise_cost": 21.33213337005836, "n_waypoints_completed": 9, "tot_waypoints": 9}}
{"target": -186.8412665080837, "params": {"k_pid_pos": [0.9868676971897345, 0.04654677340243233, 0.32931029717919863], "k_pid_alt": [1.2492840368921196, 0.0, 0.02973626524073345], "k_pid_att": [8.727374052419869, 3.860157135550596, 0.7216350994944909], "k_pid_yaw": [0.5, 1e-06, 0.1], "k_pid_hsp": [0.2320263651651637, 0.013618406331909918, 0.0], "k_pid_vsp": [296.0480605776239, 115.60079370983398, 0.21843831020593463]}, "datetime": {"datetime": "2025-08-13 21:43:32", "elapsed": 42940.07242298126, "delta": 17.856590032577515}, "costs": {"total_cost": 186.8412665080837, "time_cost": 70.357, "final_distance_cost": 1.8441232512160908, "oscillation_cost": 28.44647412771273, "completition_cost": 0.0, "overshoot_cost": 50.36858496565313, "power_cost": 14.523491076660157, "noise_cost": 21.301593086841585, "n_waypoints_completed": 9, "tot_waypoints": 9}}
{"target": -186.72752479626317, "params": {"k_pid_pos": [0.8720688323322694, 0.05190021557450338, 0.3360320345099956], "k_pid_alt": [1.4026083263843783, 0.0, 0.026748023866637282], "k_pid_att": [8.563041086545695, 2.9461095373901887, 0.5554699207080321], "k_pid_yaw": [0.5, 1e-06, 0.1], "k_pid_hsp": [0.21002968182456874, 0.01679178903964036, 0.0], "k_pid_vsp": [348.58490435904173, 103.73676468897963, 0.11856464339768079]}, "datetime": {"datetime": "2025-08-13 21:43:49", "elapsed": 42957.758680820465, "delta": 17.68625783920288}, "costs": {"total_cost": 186.72752479626317, "time_cost": 71.68, "final_distance_cost": 1.8474952069104704, "oscillation_cost": 27.042466299277375, "completition_cost": 0.0, "overshoot_cost": 50.43625365063144, "power_cost": 14.136287622070313, "noise_cost": 21.585022017373582, "n_waypoints_completed": 9, "tot_waypoints": 9}}
{"target": -184.67939838310986, "params": {"k_pid_pos": [0.832323740151836, 0.040833056428944144, 0.31740307628415115], "k_pid_alt": [1.4129698936113932, 0.0, 0.01756806795546967], "k_pid_att": [10.084694803548052, 4.212574219524591, 0.6072435759256273], "k_pid_yaw": [0.5, 1e-06, 0.1], "k_pid_hsp": [0.2326875335857259, 0.011193668914150509, 0.0], "k_pid_vsp": [296.23008312600405, 110.48757505404514, 0.2153845685946052]}, "datetime": {"datetime": "2025-08-13 21:44:07", "elapsed": 42975.830971717834, "delta": 18.072290897369385}, "costs": {"total_cost": 184.67939838310986, "time_cost": 72.38, "final_distance_cost": 1.8433986353284109, "oscillation_cost": 27.244602104487488, "completition_cost": 0.0, "overshoot_cost": 50.00853217698993, "power_cost": 11.982339660644532, "noise_cost": 21.220525805659506, "n_waypoints_completed": 9, "tot_waypoints": 9}}
{"target": -191.14125357323445, "params": {"k_pid_pos": [1.1618800997989946, 0.04009374962908752, 0.29117929823800853], "k_pid_alt": [1.4743469289820565, 0.0, 0.025344229661496756], "k_pid_att": [8.406480048115716, 3.509800009161419, 0.5093562485033337], "k_pid_yaw": [0.5, 1e-06, 0.1], "k_pid_hsp": [0.27014698558909445, 0.013162079247643843, 0.0], "k_pid_vsp": [301.82763249960715, 107.95409421099352, 0.15162279789949212]}, "datetime": {"datetime": "2025-08-13 21:44:25", "elapsed": 42993.22951054573, "delta": 17.398538827896118}, "costs": {"total_cost": 191.14125357323445, "time_cost": 69.846, "final_distance_cost": 1.8378561192405456, "oscillation_cost": 30.098411229287223, "completition_cost": 0.0, "overshoot_cost": 50.35682769552112, "power_cost": 17.23410389404297, "noise_cost": 21.76805463514262, "n_waypoints_completed": 9, "tot_waypoints": 9}}
{"target": -194.70584134743206, "params": {"k_pid_pos": [0.8143654762498294, 0.0684397389189017, 0.34888603445491734], "k_pid_alt": [1.3198790506191818, 0.0, 0.028517123583657617], "k_pid_att": [11.795561806919169, 4.255397246202026, 0.6137929826778515], "k_pid_yaw": [0.5, 1e-06, 0.1], "k_pid_hsp": [0.22694019060103696, 0.01118481661670208, 0.0], "k_pid_vsp": [259.2400334060165, 89.82373145945822, 0.16805309819163386]}, "datetime": {"datetime": "2025-08-13 21:44:44", "elapsed": 43012.41966795921, "delta": 19.190157413482666}, "costs": {"total_cost": 194.70584134743206, "time_cost": 73.29, "final_distance_cost": 1.849716334221279, "oscillation_cost": 26.980143636327668, "completition_cost": 0.0, "overshoot_cost": 50.61786987900642, "power_cost": 18.773089294433596, "noise_cost": 23.195022203443113, "n_waypoints_completed": 9, "tot_waypoints": 9}}
{"target": -197.19842278524172, "params": {"k_pid_pos": [0.8908479295376348, 0.05209707731112467, 0.33115781841368025], "k_pid_alt": [1.4592300873048067, 0.0, 0.028242711163386697], "k_pid_att": [10.906061610998643, 4.630772079925241, 0.5478542556914888], "k_pid_yaw": [0.5, 1e-06, 0.1], "k_pid_hsp": [0.20496904303627028, 0.018761477617153834, 0.0], "k_pid_vsp": [323.3237452129049, 109.30213467157292, 0.20579363374733783]}, "datetime": {"datetime": "2025-08-13 21:45:02", "elapsed": 43030.49932169914, "delta": 18.0796537399292}, "costs": {"total_cost": 197.19842278524172, "time_cost": 72.177, "final_distance_cost": 1.8476973261568326, "oscillation_cost": 27.220076024291476, "completition_cost": 0.0, "overshoot_cost": 51.89549538650472, "power_cost": 20.976084411621095, "noise_cost": 23.082069636667587, "n_waypoints_completed": 9, "tot_waypoints": 9}}
{"target": -194.72752966673772, "params": {"k_pid_pos": [1.0542244821693456, 0.048280015216870524, 0.3203530753789723], "k_pid_alt": [1.3833504232695464, 0.0, 0.025089927922433836], "k_pid_att": [8.858260205041699, 3.9213735196679558, 0.5954212375050537], "k_pid_yaw": [0.5, 1e-06, 0.1], "k_pid_hsp": [0.2074587253542567, 0.022437565964858856, 0.0], "k_pid_vsp": [299.5041032218708, 122.59901066663222, 0.15432398196399613]}, "datetime": {"datetime": "2025-08-13 21:45:18", "elapsed": 43046.59230399132, "delta": 16.092982292175293}, "costs": {"total_cost": 194.72752966673772, "time_cost": 69.993, "final_distance_cost": 1.8422887327157391, "oscillation_cost": 29.558549855943237, "completition_cost": 0.0, "overshoot_cost": 50.29120464114975, "power_cost": 20.62129274902344, "noise_cost": 22.42119368790554, "n_waypoints_completed": 9, "tot_waypoints": 9}}
{"target": -183.02802546536668, "params": {"k_pid_pos": [1.1498766086382295, 0.027443070291050888, 0.26461516840482413], "k_pid_alt": [1.5478156871637054, 0.0, 0.024795868622331473], "k_pid_att": [10.320178144280623, 4.438908815564186, 0.5493730362946313], "k_pid_yaw": [0.5, 1e-06, 0.1], "k_pid_hsp": [0.18009557069218485, 0.015587871808025474, 0.0], "k_pid_vsp": [260.64213248797364, 106.75873358419722, 0.14100140280830548]}, "datetime": {"datetime": "2025-08-13 21:45:35", "elapsed": 43063.80921125412, "delta": 17.216907262802124}, "costs": {"total_cost": 183.02802546536668, "time_cost": 68.74, "final_distance_cost": 1.8194652154673945, "oscillation_cost": 29.45426968000594, "completition_cost": 0.0, "overshoot_cost": 49.64405110982562, "power_cost": 13.184394458007812, "noise_cost": 20.185845002059963, "n_waypoints_completed": 9, "tot_waypoints": 9}}
{"target": -184.7227852703372, "params": {"k_pid_pos": [0.8666978136764305, 0.054039405803486734, 0.2814925303957507], "k_pid_alt": [1.4251688508399976, 0.0, 0.02261148710089266], "k_pid_att": [11.665440660955928, 4.292012942954307, 0.6528002943406718], "k_pid_yaw": [0.5, 1e-06, 0.1], "k_pid_hsp": [0.2830786853433644, 0.01606310344932196, 0.0], "k_pid_vsp": [242.98697588686503, 130.33185188166613, 0.1884104347431638]}, "datetime": {"datetime": "2025-08-13 21:45:52", "elapsed": 43080.67873954773, "delta": 16.86952829360962}, "costs": {"total_cost": 184.7227852703372, "time_cost": 71.127, "final_distance_cost": 1.8387535358784324, "oscillation_cost": 27.17022234015859, "completition_cost": 0.0, "overshoot_cost": 50.16258296603512, "power_cost": 13.205426501464844, "noise_cost": 21.218799926800223, "n_waypoints_completed": 9, "tot_waypoints": 9}}
{"target": -184.5401889493569, "params": {"k_pid_pos": [0.8611991161081507, 0.060230345979443795, 0.3144068500680356], "k_pid_alt": [1.2282859141666695, 0.0, 0.02192802308650067], "k_pid_att": [11.700775929766033, 3.6076850517464862, 0.502827459169095], "k_pid_yaw": [0.5, 1e-06, 0.1], "k_pid_hsp": [0.22833013267942484, 0.015615723248567462, 0.0], "k_pid_vsp": [238.37927081416453, 110.58725580521467, 0.17204587010896977]}, "datetime": {"datetime": "2025-08-13 21:46:10", "elapsed": 43098.85520720482, "delta": 18.176467657089233}, "costs": {"total_cost": 184.5401889493569, "time_cost": 71.785, "final_distance_cost": 1.8452456395739225, "oscillation_cost": 27.09572277542616, "completition_cost": 0.0, "overshoot_cost": 50.26620274429206, "power_cost": 12.468478112792969, "noise_cost": 21.079539677271796, "n_waypoints_completed": 9, "tot_waypoints": 9}}
{"target": -190.06499846775887, "params": {"k_pid_pos": [0.7522831340504376, 0.04384685904086225, 0.33434765400821237], "k_pid_alt": [1.4107790747810702, 0.0, 0.02845787568361738], "k_pid_att": [8.850181668097429, 3.5906688174680035, 0.5487386560666218], "k_pid_yaw": [0.5, 1e-06, 0.1], "k_pid_hsp": [0.2309934568738942, 0.016683728014135837, 0.0], "k_pid_vsp": [265.71382840735924, 117.03475748633434, 0.17297705619008993]}, "datetime": {"datetime": "2025-08-13 21:46:29", "elapsed": 43117.24256873131, "delta": 18.387361526489258}, "costs": {"total_cost": 190.06499846775887, "time_cost": 74.27, "final_distance_cost": 1.85410522242502, "oscillation_cost": 26.772832470655555, "completition_cost": 0.0, "overshoot_cost": 50.89204647528371, "power_cost": 13.847664270019532, "noise_cost": 22.42835002937505, "n_waypoints_completed": 9, "tot_waypoints": 9}}
{"target": -182.859344742776, "params": {"k_pid_pos": [0.9592741984782615, 0.040111723898207115, 0.2849405408086518], "k_pid_alt": [1.2351436669244837, 0.0, 0.022050445391434203], "k_pid_att": [11.440733387537207, 4.383695358168349, 0.4935532415615631], "k_pid_yaw": [0.5, 1e-06, 0.1], "k_pid_hsp": [0.22082461911191423, 0.013968180921766419, 0.0], "k_pid_vsp": [276.27615377973007, 115.49550178449977, 0.11677536158694496]}, "datetime": {"datetime": "2025-08-13 21:46:47", "elapsed": 43135.561373472214, "delta": 18.31880474090576}, "costs": {"total_cost": 182.859344742776, "time_cost": 70.224, "final_distance_cost": 1.8384314961381485, "oscillation_cost": 27.90195448491875, "completition_cost": 0.0, "overshoot_cost": 49.834721280217785, "power_cost": 12.511028894042969, "noise_cost": 20.549208587458327, "n_waypoints_completed": 9, "tot_waypoints": 9}}
{"target": -182.30308932597535, "params": {"k_pid_pos": [0.9478990613128366, 0.053014479952070426, 0.2172374346118983], "k_pid_alt": [1.4403375811850596, 0.0, 0.023133342375572543], "k_pid_att": [11.38098904935985, 4.386341755912951, 0.4549027219477147], "k_pid_yaw": [0.5, 1e-06, 0.1], "k_pid_hsp": [0.21382925760472649, 0.014862842684215324, 0.0], "k_pid_vsp": [266.47140655508775, 127.18913896819497, 0.1555431756096872]}, "datetime": {"datetime": "2025-08-13 21:47:04", "elapsed": 43152.093338251114, "delta": 16.531964778900146}, "costs": {"total_cost": 182.30308932597535, "time_cost": 69.433, "final_distance_cost": 1.83821843988416, "oscillation_cost": 27.57577038977093, "completition_cost": 0.0, "overshoot_cost": 50.249587654536356, "power_cost": 12.839110461425783, "noise_cost": 20.367402380358122, "n_waypoints_completed": 9, "tot_waypoints": 9}}
{"target": -183.78349979910598, "params": {"k_pid_pos": [1.0323062362055764, 0.04271113126208415, 0.2631743234639467], "k_pid_alt": [1.529025779297703, 0.0, 0.021602364570466038], "k_pid_att": [10.2426371953746, 3.9083896387349646, 0.5111630304785505], "k_pid_yaw": [0.5, 1e-06, 0.1], "k_pid_hsp": [0.22464836283079834, 0.011726149822478105, 0.0], "k_pid_vsp": [261.9179808015913, 135.16483162844958, 0.15940132713218716]}, "datetime": {"datetime": "2025-08-13 21:47:21", "elapsed": 43168.99565529823, "delta": 16.90231704711914}, "costs": {"total_cost": 183.78349979910598, "time_cost": 69.47500000000001, "final_distance_cost": 1.828030164291736, "oscillation_cost": 27.902843909834456, "completition_cost": 0.0, "overshoot_cost": 49.974176996576546, "power_cost": 13.869968408203126, "noise_cost": 20.73348032020011, "n_waypoints_completed": 9, "tot_waypoints": 9}}
