{"target": -2474.4778730775365, "params": {"k_pid_pos": [1.244060872062169, 0.663723603607691, 0.38274110190493665], "k_pid_alt": [0.6903217768748237, 0.6013500543480225, 0.6528722107743928], "k_pid_att": [87.16369865914844, 0.0001, 0.0], "k_pid_yaw": [0.5, 1e-06, 0.1], "k_pid_hsp": [0.0001, 0.44943813674532346, 0.32710579666934114], "k_pid_vsp": [288.8800536063696, 392.67118387728306, 168.44047158794183]}, "datetime": {"datetime": "2025-08-13 10:11:36", "elapsed": 1424.0035166740417, "delta": 28.29603099822998}, "costs": {"total_cost": 2474.4778730775365, "time_cost": 150, "final_distance_cost": 56.59659568888309, "oscillation_cost": 858.7173662720213, "completition_cost": 888.8888888888888, "overshoot_cost": 463.17155383401297, "power_cost": 30.33414996337891, "noise_cost": 26.769318430351305, "n_waypoints_completed": 1, "tot_waypoints": 9}}
{"target": -754.9234395595184, "params": {"k_pid_pos": [1.009147719141007, 0.24801546437427494, 0.28384199337908433], "k_pid_alt": [0.5991192345229097, 0.0, 1.0], "k_pid_att": [21.976977636616283, 1.1881262272200963, 0.0], "k_pid_yaw": [0.5, 1e-06, 0.1], "k_pid_hsp": [1.853650914037506, 0.17083682713538495, 0.6661689638616647], "k_pid_vsp": [342.1741733777153, 193.39335815990708, 31.791801699774613]}, "datetime": {"datetime": "2025-08-13 10:12:06", "elapsed": 1454.649753332138, "delta": 30.646236658096313}, "costs": {"total_cost": 754.9234395595184, "time_cost": 116.809, "final_distance_cost": 1.8507227817297836, "oscillation_cost": 489.18371636626136, "completition_cost": 0.0, "overshoot_cost": 66.49256098319738, "power_cost": 45.96469927978516, "noise_cost": 34.62274014854479, "n_waypoints_completed": 9, "tot_waypoints": 9}}
{"target": -523.8157282864086, "params": {"k_pid_pos": [1.3100936116049224, 1.0, 0.5109928774152411], "k_pid_alt": [0.988646625502184, 0.4227944467659785, 1.0], "k_pid_att": [30.219604700873344, 2.280745537349043, 0.44222222159653796], "k_pid_yaw": [0.5, 1e-06, 0.1], "k_pid_hsp": [6.229611749469481, 0.21861217717886341, 0.1262011394047332], "k_pid_vsp": [229.38518686211407, 353.7435167092285, 29.15777678569155]}, "datetime": {"datetime": "2025-08-13 10:12:33", "elapsed": 1481.217095375061, "delta": 26.567342042922974}, "costs": {"total_cost": 523.8157282864086, "time_cost": 109.312, "final_distance_cost": 1.7552599859162217, "oscillation_cost": 292.78232170116434, "completition_cost": 0.0, "overshoot_cost": 59.44799369654431, "power_cost": 31.98701357421875, "noise_cost": 28.53113932856491, "n_waypoints_completed": 9, "tot_waypoints": 9}}
{"target": -1678.1183214765151, "params": {"k_pid_pos": [0.31129426655167763, 0.549576805560304, 0.6753716182418582], "k_pid_alt": [0.9848109125128056, 0.6783767643283488, 0.7226441643622067], "k_pid_att": [17.552512902677616, 5.586812746388105, 0.8829744957964172], "k_pid_yaw": [0.5, 1e-06, 0.1], "k_pid_hsp": [0.4419203406680978, 0.1580835872809866, 0.3668416122894869], "k_pid_vsp": [120.80328333955788, 327.75862215950184, 272.2747985822414]}, "datetime": {"datetime": "2025-08-13 10:13:01", "elapsed": 1509.9302480220795, "delta": 28.713152647018433}, "costs": {"total_cost": 1678.1183214765151, "time_cost": 150, "final_distance_cost": 54.71491969496014, "oscillation_cost": 374.0123108279605, "completition_cost": 888.8888888888888, "overshoot_cost": 103.16102049835312, "power_cost": 41.73069592285157, "noise_cost": 65.61048564350112, "n_waypoints_completed": 1, "tot_waypoints": 9}}
{"target": -439.9283288732977, "params": {"k_pid_pos": [1.1336180519521883, 0.09580042764562276, 0.17262369470510563], "k_pid_alt": [1.6715809700989528, 0.48311948130014426, 0.6992459587923378], "k_pid_att": [27.758906834049924, 4.1656961239794175, 0.6538007832670062], "k_pid_yaw": [0.5, 1e-06, 0.1], "k_pid_hsp": [1.4919238197179474, 1.0, 0.31706241007084457], "k_pid_vsp": [312.80451608011106, 205.82412650257604, 137.98629285580378]}, "datetime": {"datetime": "2025-08-13 10:13:22", "elapsed": 1530.7314858436584, "delta": 20.80123782157898}, "costs": {"total_cost": 439.9283288732977, "time_cost": 86.226, "final_distance_cost": 1.7712981796604592, "oscillation_cost": 242.66694130855666, "completition_cost": 0.0, "overshoot_cost": 55.343796841411404, "power_cost": 29.988488598632813, "noise_cost": 23.93180394503635, "n_waypoints_completed": 9, "tot_waypoints": 9}}
{"target": -6883.4246893352065, "params": {"k_pid_pos": [0.7106783732780202, 0.0, 0.3534123129182603], "k_pid_alt": [1.8791614981524598, 0.34304725784624157, 0.6103421895130137], "k_pid_att": [0.0, 2.690049354487925, 0.5732907171573098], "k_pid_yaw": [0.5, 1e-06, 0.1], "k_pid_hsp": [0.0001, 0.34709578713417594, 0.17612400426838729], "k_pid_vsp": [305.50450159456295, 1e-06, 14.603338264777543]}, "datetime": {"datetime": "2025-08-13 10:13:53", "elapsed": 1561.1115472316742, "delta": 30.380061388015747}, "costs": {"total_cost": 6883.4246893352065, "time_cost": 150, "final_distance_cost": 729.1851863825785, "oscillation_cost": 1463.6008158439508, "completition_cost": 1000.0, "overshoot_cost": 3326.244476565956, "power_cost": 56.093153222656255, "noise_cost": 158.30105732006524, "n_waypoints_completed": 0, "tot_waypoints": 9}}
{"target": -857.2747234479165, "params": {"k_pid_pos": [1.0725864993291465, 0.0, 0.25913861125014004], "k_pid_alt": [1.8681540591225838, 0.7082988398186146, 0.8053938764263595], "k_pid_att": [46.89014965261052, 6.842694244163255, 0.7764884037705823], "k_pid_yaw": [0.5, 1e-06, 0.1], "k_pid_hsp": [0.0001, 1.0, 0.3314978569883324], "k_pid_vsp": [0.0, 240.2662651333875, 1e-06]}, "datetime": {"datetime": "2025-08-13 10:14:27", "elapsed": 1595.1436109542847, "delta": 34.032063722610474}, "costs": {"total_cost": 857.2747234479165, "time_cost": 150, "final_distance_cost": 66.2156675833059, "oscillation_cost": 145.57561858932254, "completition_cost": 333.33333333333337, "overshoot_cost": 83.41600511098697, "power_cost": 44.510917224121094, "noise_cost": 34.223181606846616, "n_waypoints_completed": 6, "tot_waypoints": 9}}
{"target": -1455.1761209407175, "params": {"k_pid_pos": [0.0001, 0.0, 0.806592881482539], "k_pid_alt": [2.0, 0.8707743521375914, 1.0], "k_pid_att": [24.744487173484533, 1.365550078375234, 0.5708798386777527], "k_pid_yaw": [0.5, 1e-06, 0.1], "k_pid_hsp": [4.424274754817115, 0.0, 0.0], "k_pid_vsp": [294.56510920879083, 248.65693845165936, 339.42392228356056]}, "datetime": {"datetime": "2025-08-13 10:15:00", "elapsed": 1628.161941766739, "delta": 33.018330812454224}, "costs": {"total_cost": 1455.1761209407175, "time_cost": 150, "final_distance_cost": 43.28621486075962, "oscillation_cost": 13.675952810507527, "completition_cost": 1000.0, "overshoot_cost": 136.53471153255575, "power_cost": 27.64829167480469, "noise_cost": 84.0309500620897, "n_waypoints_completed": 0, "tot_waypoints": 9}}
{"target": -521.9237223287352, "params": {"k_pid_pos": [1.8537605036734537, 1.0, 0.0], "k_pid_alt": [1.9981408828789995, 0.015923568376150683, 0.6912971059094666], "k_pid_att": [16.694507273674798, 4.239804935478546, 0.6348937472129214], "k_pid_yaw": [0.5, 1e-06, 0.1], "k_pid_hsp": [2.3613742934222044, 0.36147918316959654, 0.0], "k_pid_vsp": [329.2313769358857, 164.2112010156591, 214.3920691876059]}, "datetime": {"datetime": "2025-08-13 10:15:43", "elapsed": 1671.008097410202, "delta": 42.846155643463135}, "costs": {"total_cost": 521.9237223287352, "time_cost": 150, "final_distance_cost": 50.50826273722332, "oscillation_cost": 67.09263268737828, "completition_cost": 111.11111111111116, "overshoot_cost": 80.69121257914459, "power_cost": 33.81782353515625, "noise_cost": 28.702679678721598, "n_waypoints_completed": 8, "tot_waypoints": 9}}
{"target": -1433.058589187161, "params": {"k_pid_pos": [1.8668219341024213, 0.1543473004267951, 0.7951425552216809], "k_pid_alt": [1.2076769168302393, 0.09133890466413197, 0.8659886383919394], "k_pid_att": [42.26210250276561, 0.0001, 0.8416114256790204], "k_pid_yaw": [0.5, 1e-06, 0.1], "k_pid_hsp": [3.7527821729209063, 0.06154109202821619, 0.23790628559848093], "k_pid_vsp": [64.681454333048, 1e-06, 64.56029449330852]}, "datetime": {"datetime": "2025-08-13 10:16:15", "elapsed": 1703.0186409950256, "delta": 32.01054358482361}, "costs": {"total_cost": 1433.058589187161, "time_cost": 150, "final_distance_cost": 51.65239818151621, "oscillation_cost": 547.5868180194661, "completition_cost": 555.5555555555555, "overshoot_cost": 67.70351842013085, "power_cost": 31.79011064453125, "noise_cost": 28.77018836596091, "n_waypoints_completed": 4, "tot_waypoints": 9}}
{"target": -856.303541751423, "params": {"k_pid_pos": [2.0, 1.0, 0.1538132444531616], "k_pid_alt": [1.4629011949583746, 0.23482593293483875, 0.1074156309530419], "k_pid_att": [41.47285229827475, 1.4321177583698443, 0.5359531368923117], "k_pid_yaw": [0.5, 1e-06, 0.1], "k_pid_hsp": [3.9923361944458016, 0.9747104161782186, 0.22736042433063375], "k_pid_vsp": [135.46765507299855, 257.80186381551454, 1e-06]}, "datetime": {"datetime": "2025-08-13 10:16:53", "elapsed": 1741.9029037952423, "delta": 38.884262800216675}, "costs": {"total_cost": 856.303541751423, "time_cost": 150, "final_distance_cost": 76.71618538615222, "oscillation_cost": 157.24244946013778, "completition_cost": 333.33333333333337, "overshoot_cost": 57.6644274758117, "power_cost": 45.24260681152344, "noise_cost": 36.10453928446453, "n_waypoints_completed": 6, "tot_waypoints": 9}}
{"target": -467.8744753945972, "params": {"k_pid_pos": [2.0, 0.1281045624141797, 0.3699428208955462], "k_pid_alt": [1.1524161354908398, 0.015326839863312625, 0.9838407519061088], "k_pid_att": [30.814345314281507, 3.889894447433417, 0.0], "k_pid_yaw": [0.5, 1e-06, 0.1], "k_pid_hsp": [5.55560318885302, 0.13258798390069668, 0.5236772230545785], "k_pid_vsp": [112.93686604075663, 1e-06, 36.81603105992275]}, "datetime": {"datetime": "2025-08-13 10:17:23", "elapsed": 1771.3496997356415, "delta": 29.44679594039917}, "costs": {"total_cost": 467.8744753945972, "time_cost": 77.168, "final_distance_cost": 1.7984226199957942, "oscillation_cost": 290.0960496397464, "completition_cost": 0.0, "overshoot_cost": 53.32362850036007, "power_cost": 23.829727368164065, "noise_cost": 21.65864726633084, "n_waypoints_completed": 9, "tot_waypoints": 9}}
{"target": -432.14716744307725, "params": {"k_pid_pos": [1.6281699205112303, 0.4940157410222592, 0.8546798016092615], "k_pid_alt": [1.5983706084518985, 0.18872706864959668, 0.37856146541568814], "k_pid_att": [25.07616704908934, 6.478669059039852, 1.0], "k_pid_yaw": [0.5, 1e-06, 0.1], "k_pid_hsp": [4.54092004445807, 0.025316404902680115, 0.0], "k_pid_vsp": [140.45468350217186, 9.290693245737316, 49.52716074433374]}, "datetime": {"datetime": "2025-08-13 10:17:55", "elapsed": 1803.5199463367462, "delta": 32.170246601104736}, "costs": {"total_cost": 432.14716744307725, "time_cost": 150, "final_distance_cost": 10.4528647220843, "oscillation_cost": 43.766783538358595, "completition_cost": 111.11111111111116, "overshoot_cost": 60.75603301505527, "power_cost": 28.793256762695314, "noise_cost": 27.267118293772636, "n_waypoints_completed": 8, "tot_waypoints": 9}}
{"target": -1317.497716683681, "params": {"k_pid_pos": [1.142931692865807, 0.7093045479097736, 0.5346648788599749], "k_pid_alt": [2.0, 0.1320772047951357, 0.9847354363319715], "k_pid_att": [11.264427386002675, 10.0, 0.8670049871189769], "k_pid_yaw": [0.5, 1e-06, 0.1], "k_pid_hsp": [4.41498435493054, 0.0, 0.05675180486102931], "k_pid_vsp": [106.18700414139688, 19.73256994515923, 199.98909487601074]}, "datetime": {"datetime": "2025-08-13 10:18:25", "elapsed": 1833.5553500652313, "delta": 30.035403728485107}, "costs": {"total_cost": 1317.497716683681, "time_cost": 150, "final_distance_cost": 71.31904601304555, "oscillation_cost": 65.52987268519568, "completition_cost": 777.7777777777778, "overshoot_cost": 152.33716440520428, "power_cost": 32.7757078125, "noise_cost": 67.7581479899574, "n_waypoints_completed": 2, "tot_waypoints": 9}}
{"target": -1021.9181144618626, "params": {"k_pid_pos": [0.0001, 0.5321421295879066, 0.3292315846393385], "k_pid_alt": [2.0, 0.12895604894226156, 0.9188355792986028], "k_pid_att": [33.45689167924928, 5.361684465468716, 0.8475736381999969], "k_pid_yaw": [0.5, 1e-06, 0.1], "k_pid_hsp": [0.053853795144543026, 0.0, 0.018905257040878504], "k_pid_vsp": [206.10252721700473, 57.55548302818561, 32.51024712580868]}, "datetime": {"datetime": "2025-08-13 10:18:56", "elapsed": 1864.7739658355713, "delta": 31.218615770339966}, "costs": {"total_cost": 1021.9181144618626, "time_cost": 150, "final_distance_cost": 54.56629016541562, "oscillation_cost": 30.836691339092265, "completition_cost": 666.6666666666667, "overshoot_cost": 60.4531078561989, "power_cost": 30.814367639160157, "noise_cost": 28.580990795328834, "n_waypoints_completed": 3, "tot_waypoints": 9}}
{"target": -1219.1049860054711, "params": {"k_pid_pos": [0.0001, 0.33828423104038546, 0.37946166957847166], "k_pid_alt": [1.7128734340096157, 0.2881594764835251, 0.5697175332629515], "k_pid_att": [28.462902167090352, 7.54038027289788, 0.21694133894652604], "k_pid_yaw": [0.5, 1e-06, 0.1], "k_pid_hsp": [0.17125076060090313, 0.04600884792922979, 0.0], "k_pid_vsp": [93.23338357575096, 1e-06, 23.030445366748214]}, "datetime": {"datetime": "2025-08-13 10:19:32", "elapsed": 1900.952873468399, "delta": 36.17890763282776}, "costs": {"total_cost": 1219.1049860054711, "time_cost": 150, "final_distance_cost": 69.11219698252704, "oscillation_cost": 13.546484714494802, "completition_cost": 888.8888888888888, "overshoot_cost": 41.72342975074349, "power_cost": 29.38891060791016, "noise_cost": 26.445075060906678, "n_waypoints_completed": 1, "tot_waypoints": 9}}
{"target": -1180.857584114948, "params": {"k_pid_pos": [0.8395452034833358, 0.48263867143544764, 0.30209480651368525], "k_pid_alt": [1.4454589299713991, 0.0, 1.0], "k_pid_att": [12.60125632969868, 7.13519203932281, 0.9181021993965514], "k_pid_yaw": [0.5, 1e-06, 0.1], "k_pid_hsp": [5.463117429666711, 0.06379627702305751, 0.026537120473295983], "k_pid_vsp": [117.10094471365505, 24.22380389950968, 165.36189947264106]}, "datetime": {"datetime": "2025-08-13 10:20:08", "elapsed": 1936.0438933372498, "delta": 35.09101986885071}, "costs": {"total_cost": 1180.857584114948, "time_cost": 150, "final_distance_cost": 94.59531848825681, "oscillation_cost": 55.01515678921357, "completition_cost": 666.6666666666667, "overshoot_cost": 159.6066761342659, "power_cost": 26.34041142578125, "noise_cost": 28.6333546107637, "n_waypoints_completed": 3, "tot_waypoints": 9}}
{"target": -877.6625760480711, "params": {"k_pid_pos": [0.9721135010812585, 0.6867052724009804, 0.4845236237360475], "k_pid_alt": [0.12541738742681666, 0.0, 0.22230113375580243], "k_pid_att": [7.738548028509005, 9.69160843900456, 0.6185274800898334], "k_pid_yaw": [0.5, 1e-06, 0.1], "k_pid_hsp": [8.140623251844104, 0.39467398302535733, 0.0], "k_pid_vsp": [400.0, 1e-06, 1e-06]}, "datetime": {"datetime": "2025-08-13 10:20:38", "elapsed": 1966.7559547424316, "delta": 30.712061405181885}, "costs": {"total_cost": 877.6625760480711, "time_cost": 150, "final_distance_cost": 43.93721596012727, "oscillation_cost": 33.62382050936623, "completition_cost": 555.5555555555555, "overshoot_cost": 46.13789687816517, "power_cost": 16.89201785888672, "noise_cost": 31.516069285970136, "n_waypoints_completed": 4, "tot_waypoints": 9}}
{"target": -263.1453153522958, "params": {"k_pid_pos": [1.214229883432546, 0.19961371573556982, 0.6540472750316243], "k_pid_alt": [2.0, 0.3996143810785271, 0.6796530067063111], "k_pid_att": [12.590083796593388, 4.196291903502873, 0.5569048125411785], "k_pid_yaw": [0.5, 1e-06, 0.1], "k_pid_hsp": [3.330125661194909, 0.0, 0.03435901425759924], "k_pid_vsp": [42.09907780665836, 1e-06, 26.59457390221387]}, "datetime": {"datetime": "2025-08-13 10:21:01", "elapsed": 1989.3600928783417, "delta": 22.604138135910034}, "costs": {"total_cost": 263.1453153522958, "time_cost": 90.867, "final_distance_cost": 1.741837026739391, "oscillation_cost": 70.67622690568908, "completition_cost": 0.0, "overshoot_cost": 59.044247523086305, "power_cost": 19.36284852294922, "noise_cost": 21.453155373831827, "n_waypoints_completed": 9, "tot_waypoints": 9}}
{"target": -404.7025676636737, "params": {"k_pid_pos": [1.9637797294701864, 0.5202326207154019, 0.0], "k_pid_alt": [0.9750241002353075, 0.24633072361956418, 1.0], "k_pid_att": [6.131967767547766, 4.312383997199679, 1.0], "k_pid_yaw": [0.5, 1e-06, 0.1], "k_pid_hsp": [10.0, 0.002644801423458798, 0.4525186700081918], "k_pid_vsp": [274.4492923175279, 1e-06, 52.47171079166293]}, "datetime": {"datetime": "2025-08-13 10:21:29", "elapsed": 2017.6207706928253, "delta": 28.260677814483643}, "costs": {"total_cost": 404.7025676636737, "time_cost": 112.973, "final_distance_cost": 1.7376146893198203, "oscillation_cost": 155.21017647090122, "completition_cost": 0.0, "overshoot_cost": 66.6036605802341, "power_cost": 37.68919298095703, "noise_cost": 30.488922942261524, "n_waypoints_completed": 9, "tot_waypoints": 9}}
{"target": -244.26069808471914, "params": {"k_pid_pos": [1.3743439459497768, 0.20997991451009482, 0.9230014686721688], "k_pid_alt": [1.3993575061310313, 0.364991882479663, 1.0], "k_pid_att": [27.70400391326166, 3.796104239795398, 0.7206769635759297], "k_pid_yaw": [0.5, 1e-06, 0.1], "k_pid_hsp": [9.353463258377873, 0.283267828922072, 0.0], "k_pid_vsp": [200.95037466999574, 266.3806756278481, 102.44588214033904]}, "datetime": {"datetime": "2025-08-13 10:21:48", "elapsed": 2036.889922618866, "delta": 19.26915192604065}, "costs": {"total_cost": 244.26069808471914, "time_cost": 78.057, "final_distance_cost": 1.7602791953115327, "oscillation_cost": 76.42647947513456, "completition_cost": 0.0, "overshoot_cost": 51.07127830189362, "power_cost": 18.550782836914063, "noise_cost": 18.39487827546537, "n_waypoints_completed": 9, "tot_waypoints": 9}}
{"target": -1473.2805117972125, "params": {"k_pid_pos": [0.0001, 0.2755167249209881, 0.7418934664781606], "k_pid_alt": [0.8245327741287612, 0.2857273756103969, 0.679186286155332], "k_pid_att": [42.28931786396089, 4.239159855481109, 0.8867877159823955], "k_pid_yaw": [0.5, 1e-06, 0.1], "k_pid_hsp": [0.0001, 0.0, 0.0], "k_pid_vsp": [0.0, 6.781889326904577, 19.112500796697955]}, "datetime": {"datetime": "2025-08-13 10:22:19", "elapsed": 2067.14342045784, "delta": 30.253497838974}, "costs": {"total_cost": 1473.2805117972125, "time_cost": 150, "final_distance_cost": 3.5233922818006365, "oscillation_cost": 0.0019097063572117796, "completition_cost": 1000.0, "overshoot_cost": 164.81228734156056, "power_cost": 12.948667553710939, "noise_cost": 141.99425491378304, "n_waypoints_completed": 0, "tot_waypoints": 9}}
{"target": -677.88172267291, "params": {"k_pid_pos": [2.0, 0.8556579155576353, 0.16987908827293804], "k_pid_alt": [1.1923206890277962, 0.15324876855465056, 0.0], "k_pid_att": [5.583002779199684, 0.2951403232402609, 1.0], "k_pid_yaw": [0.5, 1e-06, 0.1], "k_pid_hsp": [7.731840633345183, 0.07210548802634092, 0.1061306007398316], "k_pid_vsp": [102.48851644491947, 37.97290899646839, 74.19831081888941]}, "datetime": {"datetime": "2025-08-13 10:22:47", "elapsed": 2095.602583169937, "delta": 28.459162712097168}, "costs": {"total_cost": 677.88172267291, "time_cost": 150, "final_distance_cost": 74.8408751581738, "oscillation_cost": 99.32447595484864, "completition_cost": 222.2222222222222, "overshoot_cost": 70.00937537501521, "power_cost": 32.334073205566405, "noise_cost": 29.15070075708377, "n_waypoints_completed": 7, "tot_waypoints": 9}}
{"target": -5467.449782375711, "params": {"k_pid_pos": [0.3885034975645129, 0.12355791709898711, 0.0877735740857717], "k_pid_alt": [2.0, 0.0, 0.10424382416964921], "k_pid_att": [0.0, 4.10712953153959, 0.9595571772380193], "k_pid_yaw": [0.5, 1e-06, 0.1], "k_pid_hsp": [0.0001, 0.21947744601149907, 0.028843486531985724], "k_pid_vsp": [210.6475746795492, 1e-06, 14.517018693188618]}, "datetime": {"datetime": "2025-08-13 10:23:17", "elapsed": 2125.562549829483, "delta": 29.9599666595459}, "costs": {"total_cost": 5467.449782375711, "time_cost": 150, "final_distance_cost": 954.0304046946699, "oscillation_cost": 1863.596697306968, "completition_cost": 1000.0, "overshoot_cost": 1291.535928297994, "power_cost": 55.69063299560547, "noise_cost": 152.59611908047358, "n_waypoints_completed": 0, "tot_waypoints": 9}}
{"target": -232.45294154501107, "params": {"k_pid_pos": [0.6359701081608843, 0.6849710398024675, 0.43088952403425534], "k_pid_alt": [2.0, 0.05425785585252065, 0.5804452543792183], "k_pid_att": [12.475458228019923, 2.98729525636373, 1.0], "k_pid_yaw": [0.5, 1e-06, 0.1], "k_pid_hsp": [3.7174734191180767, 0.04995631586914673, 0.022864008683507787], "k_pid_vsp": [201.09517653386771, 47.60472983496061, 27.385837400922508]}, "datetime": {"datetime": "2025-08-13 10:23:38", "elapsed": 2146.3451688289642, "delta": 20.7826189994812}, "costs": {"total_cost": 232.45294154501107, "time_cost": 84.238, "final_distance_cost": 1.7657083537159355, "oscillation_cost": 48.24516510116173, "completition_cost": 0.0, "overshoot_cost": 52.11064573658119, "power_cost": 23.65659168701172, "noise_cost": 22.43683066654053, "n_waypoints_completed": 9, "tot_waypoints": 9}}
{"target": -1476.8378004455012, "params": {"k_pid_pos": [1.854953117478285, 0.5661298206002386, 0.4443862941263071], "k_pid_alt": [1.6515282530265587, 0.17903016299734328, 1.0], "k_pid_att": [15.430836675253952, 6.557882521383642, 1.0], "k_pid_yaw": [0.5, 1e-06, 0.1], "k_pid_hsp": [5.033519541021619, 0.0, 0.0], "k_pid_vsp": [0.0, 2.497531535094249, 1e-06]}, "datetime": {"datetime": "2025-08-13 10:24:10", "elapsed": 2178.5135719776154, "delta": 32.16840314865112}, "costs": {"total_cost": 1476.8378004455012, "time_cost": 150, "final_distance_cost": 0.1366125701030583, "oscillation_cost": 18.06080842353262, "completition_cost": 1000.0, "overshoot_cost": 162.91044782585647, "power_cost": 10.786425402832032, "noise_cost": 134.94350622317705, "n_waypoints_completed": 0, "tot_waypoints": 9}}
