{"target": -210.80712505432564, "params": {"k_pid_pos": [0.5487504451982701, 0.1550575534224267, 0.2763045637844684], "k_pid_alt": [2.0, 0.0, 0.04428525626520028], "k_pid_att": [38.10157477754086, 5.126802284880583, 0.6887398802588468], "k_pid_yaw": [0.5, 1e-06, 0.1], "k_pid_hsp": [0.5577776331085382, 0.03717406028102763, 0.0], "k_pid_vsp": [357.1288831495593, 1e-06, 0.2642111905980673]}, "datetime": {"datetime": "2025-08-13 14:24:16", "elapsed": 16584.751123905182, "delta": 27.83404779434204}, "costs": {"total_cost": 210.80712505432564, "time_cost": 83.937, "final_distance_cost": 1.8389240959779394, "oscillation_cost": 26.681794579404972, "completition_cost": 0.0, "overshoot_cost": 53.04156890710529, "power_cost": 18.931682373046876, "noise_cost": 26.376155098790573, "n_waypoints_completed": 9, "tot_waypoints": 9}}
{"target": -188.37888687756302, "params": {"k_pid_pos": [1.576108473842875, 0.11123833906488534, 0.3148723791438524], "k_pid_alt": [1.1294514672582114, 0.0, 0.03439221369711601], "k_pid_att": [70.38391421779777, 4.916093776897642, 1.0], "k_pid_yaw": [0.5, 1e-06, 0.1], "k_pid_hsp": [0.4140565087387626, 0.052140406522572603, 0.0], "k_pid_vsp": [163.04266368271712, 326.6452446379598, 0.0018415941521816026]}, "datetime": {"datetime": "2025-08-13 14:24:35", "elapsed": 16603.904259204865, "delta": 19.153135299682617}, "costs": {"total_cost": 188.37888687756302, "time_cost": 69.062, "final_distance_cost": 1.7934555470400777, "oscillation_cost": 32.40584926013807, "completition_cost": 0.0, "overshoot_cost": 49.7810560141522, "power_cost": 15.002941809082031, "noise_cost": 20.33358424715065, "n_waypoints_completed": 9, "tot_waypoints": 9}}
{"target": -190.4130426152133, "params": {"k_pid_pos": [2.0, 0.12219346036067129, 0.16569283939282733], "k_pid_alt": [1.4305062148551773, 0.0, 0.042262371945625044], "k_pid_att": [38.86428614013389, 2.8531925989723335, 0.7821276585931273], "k_pid_yaw": [0.5, 1e-06, 0.1], "k_pid_hsp": [0.32029571819944325, 0.031227245857805747, 0.0], "k_pid_vsp": [332.4904064119263, 268.6673851896808, 0.5976000974639308]}, "datetime": {"datetime": "2025-08-13 14:24:54", "elapsed": 16622.674854278564, "delta": 18.77059507369995}, "costs": {"total_cost": 190.4130426152133, "time_cost": 68.614, "final_distance_cost": 1.7451592782258252, "oscillation_cost": 35.9452601575659, "completition_cost": 0.0, "overshoot_cost": 50.413898003365205, "power_cost": 13.74225780029297, "noise_cost": 19.952467375763405, "n_waypoints_completed": 9, "tot_waypoints": 9}}
{"target": -186.4499929403383, "params": {"k_pid_pos": [2.0, 0.15313167999916047, 0.2680902976098522], "k_pid_alt": [1.3489563124246047, 0.0, 0.05873253615044353], "k_pid_att": [51.8921061581136, 4.374318614812521, 0.8019294073283949], "k_pid_yaw": [0.5, 1e-06, 0.1], "k_pid_hsp": [0.6437262895237922, 0.02224059227686595, 0.0], "k_pid_vsp": [245.0998746331403, 358.67076734842755, 0.15792093330190943]}, "datetime": {"datetime": "2025-08-13 14:25:13", "elapsed": 16640.98792409897, "delta": 18.313069820404053}, "costs": {"total_cost": 186.4499929403383, "time_cost": 68.586, "final_distance_cost": 1.7914287438249015, "oscillation_cost": 35.12393948083526, "completition_cost": 0.0, "overshoot_cost": 50.04725206582185, "power_cost": 11.715562927246093, "noise_cost": 19.18580972261019, "n_waypoints_completed": 9, "tot_waypoints": 9}}
{"target": -195.57770493081176, "params": {"k_pid_pos": [1.587677203862815, 0.22206653544348906, 0.17884681553562856], "k_pid_alt": [1.5439329152815189, 0.0, 0.06529501197916587], "k_pid_att": [32.53318027005265, 5.038077593279456, 0.6956097178084765], "k_pid_yaw": [0.5, 1e-06, 0.1], "k_pid_hsp": [0.8499362357849822, 0.059993609791953846, 0.0], "k_pid_vsp": [323.6411413659171, 241.75997857883183, 0.34633198470075716]}, "datetime": {"datetime": "2025-08-13 14:25:32", "elapsed": 16659.997477054596, "delta": 19.00955295562744}, "costs": {"total_cost": 195.57770493081176, "time_cost": 69.97200000000001, "final_distance_cost": 1.7984345858846589, "oscillation_cost": 32.97883891828795, "completition_cost": 0.0, "overshoot_cost": 50.79137286624149, "power_cost": 18.62100489501953, "noise_cost": 21.41605366537813, "n_waypoints_completed": 9, "tot_waypoints": 9}}
{"target": -189.15369032507098, "params": {"k_pid_pos": [1.3085651244425398, 0.21903419976675467, 0.20781858677136267], "k_pid_alt": [1.897916772625975, 0.0, 0.04991133787853095], "k_pid_att": [59.71406475450947, 4.110008556886985, 0.594172695535713], "k_pid_yaw": [0.5, 1e-06, 0.1], "k_pid_hsp": [0.6238258726026998, 0.026572067005777703, 0.0], "k_pid_vsp": [306.40145217215473, 203.30243746134929, 0.35169672651906514]}, "datetime": {"datetime": "2025-08-13 14:25:49", "elapsed": 16677.299265623093, "delta": 17.301788568496704}, "costs": {"total_cost": 189.15369032507098, "time_cost": 69.95100000000001, "final_distance_cost": 1.8196485920000012, "oscillation_cost": 31.495689838708785, "completition_cost": 0.0, "overshoot_cost": 50.83440482532913, "power_cost": 14.320697973632813, "noise_cost": 20.73224909540024, "n_waypoints_completed": 9, "tot_waypoints": 9}}
{"target": -194.7828511166078, "params": {"k_pid_pos": [2.0, 0.1753942280844399, 0.1984935204268159], "k_pid_alt": [1.8438042440236655, 0.0001678202089929453, 0.025863859916328197], "k_pid_att": [41.47547159790486, 4.5867268628201705, 0.8378851654892768], "k_pid_yaw": [0.5, 1e-06, 0.1], "k_pid_hsp": [0.3467555461246678, 0.04913451124513868, 0.0], "k_pid_vsp": [203.6845020524331, 145.9480370529918, 0.4737521902793289]}, "datetime": {"datetime": "2025-08-13 14:26:06", "elapsed": 16694.618528842926, "delta": 17.319263219833374}, "costs": {"total_cost": 194.7828511166078, "time_cost": 69.062, "final_distance_cost": 1.7446579275581564, "oscillation_cost": 35.59802101304292, "completition_cost": 0.0, "overshoot_cost": 50.25918787885299, "power_cost": 17.33505352783203, "noise_cost": 20.783930769321696, "n_waypoints_completed": 9, "tot_waypoints": 9}}
{"target": -185.21102034527163, "params": {"k_pid_pos": [1.7666715729223401, 0.1312884898036886, 0.22514006016178945], "k_pid_alt": [0.8594215269441733, 0.0, 0.007780295938046603], "k_pid_att": [22.181727092166884, 2.1560945684209583, 0.8920707757638972], "k_pid_yaw": [0.5, 1e-06, 0.1], "k_pid_hsp": [0.5891289364382067, 0.026879001132113542, 0.0], "k_pid_vsp": [311.9349101735676, 253.72230694654976, 0.4033381273773011]}, "datetime": {"datetime": "2025-08-13 14:26:24", "elapsed": 16712.19402551651, "delta": 17.575496673583984}, "costs": {"total_cost": 185.21102034527163, "time_cost": 69.986, "final_distance_cost": 1.811464555963172, "oscillation_cost": 33.3532666561868, "completition_cost": 0.0, "overshoot_cost": 49.61051694390706, "power_cost": 11.122523583984375, "noise_cost": 19.3272486052302, "n_waypoints_completed": 9, "tot_waypoints": 9}}
{"target": -188.56851763959241, "params": {"k_pid_pos": [0.8095823514871631, 0.10450428265193512, 0.12980508141331992], "k_pid_alt": [1.9999296219566354, 0.0, 0.04343445011882895], "k_pid_att": [18.526116673903214, 7.06548243912545, 0.46239512875812777], "k_pid_yaw": [0.5, 1e-06, 0.1], "k_pid_hsp": [0.8246944664536638, 0.04954698160567713, 0.0], "k_pid_vsp": [240.69397801570608, 207.10910463377675, 1e-06]}, "datetime": {"datetime": "2025-08-13 14:26:42", "elapsed": 16730.24366378784, "delta": 18.049638271331787}, "costs": {"total_cost": 188.56851763959241, "time_cost": 71.169, "final_distance_cost": 1.8430911819467883, "oscillation_cost": 29.133697281525166, "completition_cost": 0.0, "overshoot_cost": 50.648111969722784, "power_cost": 14.173816467285157, "noise_cost": 21.600800739112533, "n_waypoints_completed": 9, "tot_waypoints": 9}}
{"target": -188.71291995480854, "params": {"k_pid_pos": [1.3319832181262408, 0.048432049799190746, 0.4258838194468306], "k_pid_alt": [1.4034122884715874, 0.0006909202773169892, 0.025117062446647128], "k_pid_att": [14.272285379284996, 7.000194076930339, 0.9984043857731425], "k_pid_yaw": [0.5, 1e-06, 0.1], "k_pid_hsp": [0.9429614307821671, 0.04624519814702157, 0.0], "k_pid_vsp": [400.0, 119.60796848082111, 0.4050280291474861]}, "datetime": {"datetime": "2025-08-13 14:26:59", "elapsed": 16747.96208882332, "delta": 17.718425035476685}, "costs": {"total_cost": 188.71291995480854, "time_cost": 69.433, "final_distance_cost": 1.844608827733325, "oscillation_cost": 32.64549864955399, "completition_cost": 0.0, "overshoot_cost": 50.031529217657464, "power_cost": 14.025766674804688, "noise_cost": 20.73251658505908, "n_waypoints_completed": 9, "tot_waypoints": 9}}
{"target": -187.85462120947184, "params": {"k_pid_pos": [2.0, 0.10972760470021652, 0.24183538998873486], "k_pid_alt": [1.265185373843665, 0.0, 0.032843630094915595], "k_pid_att": [44.854493515567576, 4.214557911076106, 0.6849216086280402], "k_pid_yaw": [0.5, 1e-06, 0.1], "k_pid_hsp": [0.6341874510722286, 0.05719953227424681, 0.0], "k_pid_vsp": [105.338218697466, 202.11514765050265, 0.45748267357269595]}, "datetime": {"datetime": "2025-08-13 14:27:16", "elapsed": 16764.587795495987, "delta": 16.625706672668457}, "costs": {"total_cost": 187.85462120947184, "time_cost": 68.411, "final_distance_cost": 1.7657940579814773, "oscillation_cost": 36.30165954392687, "completition_cost": 0.0, "overshoot_cost": 49.75518271342929, "power_cost": 12.348330541992189, "noise_cost": 19.27265435214201, "n_waypoints_completed": 9, "tot_waypoints": 9}}
{"target": -192.10473038996236, "params": {"k_pid_pos": [2.0, 0.06670439227365298, 0.43873248585273467], "k_pid_alt": [2.0, 0.0, 0.057106301356961875], "k_pid_att": [39.988164524828555, 4.182753176466842, 0.700600642524241], "k_pid_yaw": [0.5, 1e-06, 0.1], "k_pid_hsp": [0.8712099713431086, 0.03808430751084997, 0.0], "k_pid_vsp": [37.70789099694958, 266.80785598868994, 0.2288581747176154]}, "datetime": {"datetime": "2025-08-13 14:27:34", "elapsed": 16781.992760658264, "delta": 17.40496516227722}, "costs": {"total_cost": 192.10473038996236, "time_cost": 68.95, "final_distance_cost": 1.7865270736143013, "oscillation_cost": 35.59239923604603, "completition_cost": 0.0, "overshoot_cost": 50.58633938847973, "power_cost": 15.535168505859376, "noise_cost": 19.654296185962917, "n_waypoints_completed": 9, "tot_waypoints": 9}}
{"target": -184.8537440358399, "params": {"k_pid_pos": [1.826196368866037, 0.0976318881475113, 0.34283658833727015], "k_pid_alt": [2.0, 0.0, 0.03516409245900407], "k_pid_att": [73.45756021872967, 7.709283356326137, 0.44033884890848657], "k_pid_yaw": [0.5, 1e-06, 0.1], "k_pid_hsp": [0.7602748059522693, 0.05302330984379453, 0.0], "k_pid_vsp": [287.72037138405955, 174.12887672443375, 0.3508721296945107]}, "datetime": {"datetime": "2025-08-13 14:27:51", "elapsed": 16799.242575883865, "delta": 17.249815225601196}, "costs": {"total_cost": 184.8537440358399, "time_cost": 67.998, "final_distance_cost": 1.7939494445285034, "oscillation_cost": 36.547238451145866, "completition_cost": 0.0, "overshoot_cost": 49.88003940904683, "power_cost": 9.97295067138672, "noise_cost": 18.661566059731985, "n_waypoints_completed": 9, "tot_waypoints": 9}}
{"target": -191.47079093499545, "params": {"k_pid_pos": [1.8545327982870952, 0.08747828335279144, 0.22156505202836496], "k_pid_alt": [2.0, 0.0, 0.04768474280930307], "k_pid_att": [16.069186408433236, 5.245363403759829, 0.9683853756834703], "k_pid_yaw": [0.5, 1e-06, 0.1], "k_pid_hsp": [0.8279830641295692, 0.029622275200554018, 0.0], "k_pid_vsp": [218.56506599175967, 243.9207159918101, 0.3793576731808601]}, "datetime": {"datetime": "2025-08-13 14:28:08", "elapsed": 16816.755351305008, "delta": 17.512775421142578}, "costs": {"total_cost": 191.47079093499545, "time_cost": 68.845, "final_distance_cost": 1.8029231952556692, "oscillation_cost": 34.75790822637509, "completition_cost": 0.0, "overshoot_cost": 50.71508290348641, "power_cost": 15.116050500488281, "noise_cost": 20.233826109389984, "n_waypoints_completed": 9, "tot_waypoints": 9}}
{"target": -188.94508941616746, "params": {"k_pid_pos": [1.116702512624277, 0.1732899921068489, 0.20771663538447246], "k_pid_alt": [2.0, 0.0, 0.03616030711431758], "k_pid_att": [73.91923757532724, 5.744675472620265, 0.2834048838694891], "k_pid_yaw": [0.5, 1e-06, 0.1], "k_pid_hsp": [0.47957710117646535, 0.04630807077398619, 0.0], "k_pid_vsp": [348.30237133456166, 166.139305206792, 0.2247946796406298]}, "datetime": {"datetime": "2025-08-13 14:28:26", "elapsed": 16834.58292531967, "delta": 17.827574014663696}, "costs": {"total_cost": 188.94508941616746, "time_cost": 70.252, "final_distance_cost": 1.829507809445945, "oscillation_cost": 31.730932268641354, "completition_cost": 0.0, "overshoot_cost": 50.956310061092665, "power_cost": 13.43451199951172, "noise_cost": 20.741827277475778, "n_waypoints_completed": 9, "tot_waypoints": 9}}
{"target": -188.73192600143022, "params": {"k_pid_pos": [1.6288270604939397, 0.18542348986650348, 0.3986586451884746], "k_pid_alt": [1.9405406281416857, 0.0, 0.04418133470731536], "k_pid_att": [40.12223472128509, 1.7878561925123808, 0.5291833538176302], "k_pid_yaw": [0.5, 1e-06, 0.1], "k_pid_hsp": [0.7244802471222452, 0.043877675859303154, 0.0], "k_pid_vsp": [79.08703135058337, 293.35609997905095, 0.4999024149231348]}, "datetime": {"datetime": "2025-08-13 14:28:43", "elapsed": 16851.529589653015, "delta": 16.946664333343506}, "costs": {"total_cost": 188.73192600143022, "time_cost": 68.747, "final_distance_cost": 1.7817299305304344, "oscillation_cost": 34.23214187588694, "completition_cost": 0.0, "overshoot_cost": 50.129359519112725, "power_cost": 13.97001160888672, "noise_cost": 19.871683067013414, "n_waypoints_completed": 9, "tot_waypoints": 9}}
{"target": -190.93166986439402, "params": {"k_pid_pos": [2.0, 0.15098517940423237, 0.20399733726966754], "k_pid_alt": [1.6717940151705368, 0.0, 0.03943515678909406], "k_pid_att": [40.68067574775441, 4.912535991957501, 0.7343145532384648], "k_pid_yaw": [0.5, 1e-06, 0.1], "k_pid_hsp": [0.31295502202325914, 0.06873487622138875, 0.0], "k_pid_vsp": [353.14680922062325, 247.90674085678518, 0.26858410188475584]}, "datetime": {"datetime": "2025-08-13 14:29:01", "elapsed": 16869.18867135048, "delta": 17.65908169746399}, "costs": {"total_cost": 190.93166986439402, "time_cost": 68.642, "final_distance_cost": 1.778721812534475, "oscillation_cost": 37.8260054740939, "completition_cost": 0.0, "overshoot_cost": 49.978102121521786, "power_cost": 12.974161328125001, "noise_cost": 19.732679128118892, "n_waypoints_completed": 9, "tot_waypoints": 9}}
{"target": -189.39747045687412, "params": {"k_pid_pos": [1.757396863381171, 0.17562328896002732, 0.18627264910188598], "k_pid_alt": [1.1706549884314414, 0.0, 0.039324761538441395], "k_pid_att": [19.36580818556008, 3.1746412659769643, 0.5676810917036087], "k_pid_yaw": [0.5, 1e-06, 0.1], "k_pid_hsp": [0.4928506185106276, 0.04812311431154512, 0.0], "k_pid_vsp": [261.5335816582966, 124.63927796040436, 0.24759349447770293]}, "datetime": {"datetime": "2025-08-13 14:29:18", "elapsed": 16886.47342324257, "delta": 17.284751892089844}, "costs": {"total_cost": 189.39747045687412, "time_cost": 69.21600000000001, "final_distance_cost": 1.7938414609082247, "oscillation_cost": 34.67306079675561, "completition_cost": 0.0, "overshoot_cost": 50.321756588743455, "power_cost": 13.388754931640626, "noise_cost": 20.00405667882621, "n_waypoints_completed": 9, "tot_waypoints": 9}}
{"target": -188.93673819591785, "params": {"k_pid_pos": [2.0, 0.12107811148561609, 0.25346704149040594], "k_pid_alt": [2.0, 0.0, 0.01762306430067537], "k_pid_att": [75.70421328257109, 5.699857921213034, 0.77497154118321], "k_pid_yaw": [0.5, 1e-06, 0.1], "k_pid_hsp": [0.9506492864534742, 0.050098332843072836, 0.0], "k_pid_vsp": [335.31407763724286, 121.09063023026151, 0.46118123774966957]}, "datetime": {"datetime": "2025-08-13 14:29:36", "elapsed": 16904.048176527023, "delta": 17.574753284454346}, "costs": {"total_cost": 188.93673819591785, "time_cost": 68.586, "final_distance_cost": 1.7860959590343441, "oscillation_cost": 37.72042498758407, "completition_cost": 0.0, "overshoot_cost": 50.3170537923162, "power_cost": 11.452842980957032, "noise_cost": 19.07432047602621, "n_waypoints_completed": 9, "tot_waypoints": 9}}
{"target": -182.66384607221255, "params": {"k_pid_pos": [1.410389111828814, 0.09172001872048234, 0.26514685659296044], "k_pid_alt": [1.4713950741351045, 0.0, 0.07029173936574468], "k_pid_att": [40.603915733864895, 6.377845952851651, 0.6867910692013388], "k_pid_yaw": [0.5, 1e-06, 0.1], "k_pid_hsp": [0.6985531266263929, 0.0481440420353893, 0.0], "k_pid_vsp": [201.7116645103654, 244.802414377021, 0.3553085293997789]}, "datetime": {"datetime": "2025-08-13 14:29:53", "elapsed": 16921.50370335579, "delta": 17.45552682876587}, "costs": {"total_cost": 182.66384607221255, "time_cost": 68.334, "final_distance_cost": 1.810202138669122, "oscillation_cost": 32.05808118422457, "completition_cost": 0.0, "overshoot_cost": 49.45656209134319, "power_cost": 11.564568835449219, "noise_cost": 19.440431822526445, "n_waypoints_completed": 9, "tot_waypoints": 9}}
{"target": -184.6540865717058, "params": {"k_pid_pos": [1.5883259011102087, 0.197985004812961, 0.3701876512062577], "k_pid_alt": [1.5913426980508423, 0.0, 0.043526717708958995], "k_pid_att": [43.960453123274704, 2.4601964577988875, 0.7377014559184839], "k_pid_yaw": [0.5, 1e-06, 0.1], "k_pid_hsp": [0.6156989247832003, 0.05087841842186273, 0.0], "k_pid_vsp": [56.54396568282947, 281.399168915864, 0.24331422128902447]}, "datetime": {"datetime": "2025-08-13 14:30:10", "elapsed": 16938.296379566193, "delta": 16.792676210403442}, "costs": {"total_cost": 184.6540865717058, "time_cost": 68.04, "final_distance_cost": 1.788552451280836, "oscillation_cost": 34.09019204728354, "completition_cost": 0.0, "overshoot_cost": 49.60914287646441, "power_cost": 12.219389221191406, "noise_cost": 18.906809975485565, "n_waypoints_completed": 9, "tot_waypoints": 9}}
{"target": -213.48251614835704, "params": {"k_pid_pos": [2.0, 0.011360660270031686, 0.17740907161822053], "k_pid_alt": [1.8841932432630504, 0.0, 0.055091426088468703], "k_pid_att": [36.97892828700322, 4.32105488028115, 0.5467367536993842], "k_pid_yaw": [0.5, 1e-06, 0.1], "k_pid_hsp": [0.7259880034616586, 0.03394998867532916, 0.0], "k_pid_vsp": [326.02071214870784, 180.92319916669226, 0.3715140962992483]}, "datetime": {"datetime": "2025-08-13 14:30:28", "elapsed": 16956.86343550682, "delta": 18.56705594062805}, "costs": {"total_cost": 213.48251614835704, "time_cost": 72.212, "final_distance_cost": 1.8008430796208217, "oscillation_cost": 38.398033665074585, "completition_cost": 0.0, "overshoot_cost": 53.23147289428431, "power_cost": 24.89574520263672, "noise_cost": 22.944421306740594, "n_waypoints_completed": 9, "tot_waypoints": 9}}
{"target": -185.18428647759077, "params": {"k_pid_pos": [0.8171850416694199, 0.03962914303309642, 0.2100162407987353], "k_pid_alt": [2.0, 0.0, 0.02094651860786036], "k_pid_att": [58.552812993328835, 5.244237552311737, 0.4614493492768383], "k_pid_yaw": [0.5, 1e-06, 0.1], "k_pid_hsp": [0.37592202395867735, 0.05005057266300258, 0.0], "k_pid_vsp": [210.59415136871652, 152.69934428325274, 0.05567731402447035]}, "datetime": {"datetime": "2025-08-13 14:30:46", "elapsed": 16974.831121444702, "delta": 17.96768593788147}, "costs": {"total_cost": 185.18428647759077, "time_cost": 70.994, "final_distance_cost": 1.8516256778258091, "oscillation_cost": 27.80325213651499, "completition_cost": 0.0, "overshoot_cost": 50.40149689546849, "power_cost": 12.964166162109375, "noise_cost": 21.169745605672123, "n_waypoints_completed": 9, "tot_waypoints": 9}}
{"target": -1039.0474971818712, "params": {"k_pid_pos": [0.0001, 0.2667477490628511, 0.26070023410786125], "k_pid_alt": [1.6403853281253324, 0.0, 0.0646092599268219], "k_pid_att": [55.02416453352862, 4.06968428751357, 0.7746585176334718], "k_pid_yaw": [0.5, 1e-06, 0.1], "k_pid_hsp": [0.011827315375568933, 0.0440434684612977, 0.0], "k_pid_vsp": [237.42004166022153, 119.1814575381727, 0.014856121539939026]}, "datetime": {"datetime": "2025-08-13 14:31:23", "elapsed": 17011.033977508545, "delta": 36.20285606384277}, "costs": {"total_cost": 1039.0474971818712, "time_cost": 150, "final_distance_cost": 51.06557142924404, "oscillation_cost": 12.974497315231112, "completition_cost": 666.6666666666667, "overshoot_cost": 106.11451961244828, "power_cost": 20.068680383300784, "noise_cost": 32.1575617749803, "n_waypoints_completed": 3, "tot_waypoints": 9}}
{"target": -189.8165389853316, "params": {"k_pid_pos": [1.5941107935471515, 0.1393242742374172, 0.2562202278655145], "k_pid_alt": [0.9761327675026307, 0.0, 0.034157351186630484], "k_pid_att": [48.87290006107499, 2.790947220577685, 0.5904791671943613], "k_pid_yaw": [0.5, 1e-06, 0.1], "k_pid_hsp": [0.83968202084022, 0.03794377510189779, 0.0], "k_pid_vsp": [131.57230255020016, 269.764735202989, 0.10536626230301953]}, "datetime": {"datetime": "2025-08-13 14:31:43", "elapsed": 17031.521749973297, "delta": 20.487772464752197}, "costs": {"total_cost": 189.8165389853316, "time_cost": 69.797, "final_distance_cost": 1.8104462383013624, "oscillation_cost": 32.39594269103235, "completition_cost": 0.0, "overshoot_cost": 49.963372022152264, "power_cost": 15.32882646484375, "noise_cost": 20.520951569001866, "n_waypoints_completed": 9, "tot_waypoints": 9}}
