{"target": -209.95814687648485, "params": {"k_pid_pos": [0.5869812658154155, 0.04964331671283195, 0.4089353820809811], "k_pid_alt": [1.5513213112065742, 0.0, 0.027911690117918563], "k_pid_att": [10.834515151233013, 3.7882601886386023, 0.679715892585896], "k_pid_yaw": [0.5, 1e-06, 0.1], "k_pid_hsp": [0.19277029509940755, 0.013576801822105217, 0.0], "k_pid_vsp": [278.1843544431213, 111.80080562639144, 0.13266242253665997]}, "datetime": {"datetime": "2025-08-13 19:50:09", "elapsed": 36137.88312578201, "delta": 19.558769702911377}, "costs": {"total_cost": 209.95814687648485, "time_cost": 79.8, "final_distance_cost": 1.849817902134377, "oscillation_cost": 24.654256703364965, "completition_cost": 0.0, "overshoot_cost": 52.43973222851523, "power_cost": 24.235037048339844, "noise_cost": 26.979302994130418, "n_waypoints_completed": 9, "tot_waypoints": 9}}
{"target": -188.2447744098256, "params": {"k_pid_pos": [1.150465953394584, 0.05044077865925487, 0.3086426980425289], "k_pid_alt": [0.5866028596995266, 0.0, 0.02170217272646967], "k_pid_att": [6.197402364827179, 2.6304927394797946, 0.44219123836690594], "k_pid_yaw": [0.5, 1e-06, 0.1], "k_pid_hsp": [0.1961647468088967, 0.014877468959175548, 0.0], "k_pid_vsp": [246.55399655784217, 144.84384208955973, 0.18715758834342508]}, "datetime": {"datetime": "2025-08-13 19:50:27", "elapsed": 36155.81353139877, "delta": 17.930405616760254}, "costs": {"total_cost": 188.2447744098256, "time_cost": 73.675, "final_distance_cost": 1.8452983634863598, "oscillation_cost": 30.21034351610662, "completition_cost": 0.0, "overshoot_cost": 49.97474354735205, "power_cost": 12.057605822753906, "noise_cost": 20.481783160126632, "n_waypoints_completed": 9, "tot_waypoints": 9}}
{"target": -191.34745519356505, "params": {"k_pid_pos": [0.8383181736684118, 0.05632016908530633, 0.15009110237101572], "k_pid_alt": [1.4932370364701786, 0.0, 0.030276926076522288], "k_pid_att": [8.123534358330792, 3.5775003848999156, 0.8174949153713621], "k_pid_yaw": [0.5, 1e-06, 0.1], "k_pid_hsp": [0.23424191769232663, 0.01725108469869282, 0.0], "k_pid_vsp": [390.665866266175, 112.31073057054317, 0.16941745741660083]}, "datetime": {"datetime": "2025-08-13 19:50:46", "elapsed": 36174.0702316761, "delta": 18.25670027732849}, "costs": {"total_cost": 191.34745519356505, "time_cost": 70.721, "final_distance_cost": 1.838347586348659, "oscillation_cost": 27.604938468012396, "completition_cost": 0.0, "overshoot_cost": 50.886238304080635, "power_cost": 18.114977270507815, "noise_cost": 22.181953564615554, "n_waypoints_completed": 9, "tot_waypoints": 9}}
{"target": -185.97534904790183, "params": {"k_pid_pos": [0.9529692995634651, 0.04760421275579341, 0.23993976783248772], "k_pid_alt": [1.1075830984659245, 0.0, 0.02804513541252664], "k_pid_att": [7.441511159576187, 3.1474383593326842, 0.581245041549462], "k_pid_yaw": [0.5, 1e-06, 0.1], "k_pid_hsp": [0.24294949629826346, 0.01631523427604303, 0.0], "k_pid_vsp": [247.3199069741651, 84.0995951422036, 0.18697599186680156]}, "datetime": {"datetime": "2025-08-13 19:51:03", "elapsed": 36191.270958185196, "delta": 17.20072650909424}, "costs": {"total_cost": 185.97534904790183, "time_cost": 70.385, "final_distance_cost": 1.8377479749120536, "oscillation_cost": 28.844161245239743, "completition_cost": 0.0, "overshoot_cost": 50.39426151944404, "power_cost": 13.685913244628907, "noise_cost": 20.828265063677055, "n_waypoints_completed": 9, "tot_waypoints": 9}}
{"target": -201.31288612651966, "params": {"k_pid_pos": [0.9851205004645269, 0.07539752256741655, 0.3540271837328169], "k_pid_alt": [0.6231672983904196, 0.0, 0.019309027435699025], "k_pid_att": [8.732154447623845, 3.1445524712435997, 0.3529291110348183], "k_pid_yaw": [0.5, 1e-06, 0.1], "k_pid_hsp": [0.2416097447435531, 0.009316469847902058, 0.0], "k_pid_vsp": [277.5131711699557, 122.36540102442792, 0.21245955581881892]}, "datetime": {"datetime": "2025-08-13 19:51:24", "elapsed": 36212.82555294037, "delta": 21.55459475517273}, "costs": {"total_cost": 201.31288612651966, "time_cost": 75.929, "final_distance_cost": 1.847872604622281, "oscillation_cost": 28.18592451527638, "completition_cost": 0.0, "overshoot_cost": 51.123156156481855, "power_cost": 20.92651495361328, "noise_cost": 23.300417896525865, "n_waypoints_completed": 9, "tot_waypoints": 9}}
{"target": -184.25702336227351, "params": {"k_pid_pos": [1.156813052134592, 0.048185303700155536, 0.2818553005063225], "k_pid_alt": [1.1660121477475454, 0.0, 0.030781439806976455], "k_pid_att": [11.024394239388412, 4.871752993295152, 0.5260214823718082], "k_pid_yaw": [0.5, 1e-06, 0.1], "k_pid_hsp": [0.17600185601723736, 0.020745053786839395, 0.0], "k_pid_vsp": [381.2426104754174, 189.09592506666127, 0.15304640931111588]}, "datetime": {"datetime": "2025-08-13 19:51:41", "elapsed": 36229.969086408615, "delta": 17.14353346824646}, "costs": {"total_cost": 184.25702336227351, "time_cost": 69.132, "final_distance_cost": 1.8230974400699576, "oscillation_cost": 29.831808459117553, "completition_cost": 0.0, "overshoot_cost": 49.72748664452013, "power_cost": 13.452686499023438, "noise_cost": 20.289944319542457, "n_waypoints_completed": 9, "tot_waypoints": 9}}
{"target": -179.06719868972726, "params": {"k_pid_pos": [0.969990124078065, 0.054938310951668935, 0.3670433385884296], "k_pid_alt": [1.447484674353604, 0.0, 0.021018642346559858], "k_pid_att": [11.853675228654602, 4.75740764158103, 0.5183593839547228], "k_pid_yaw": [0.5, 1e-06, 0.1], "k_pid_hsp": [0.22559801889830053, 0.01930403476548741, 0.0], "k_pid_vsp": [239.23736507684816, 118.9704201345628, 0.18748648009150745]}, "datetime": {"datetime": "2025-08-13 19:51:59", "elapsed": 36247.0529191494, "delta": 17.08383274078369}, "costs": {"total_cost": 179.06719868972726, "time_cost": 70.322, "final_distance_cost": 1.8467420153777514, "oscillation_cost": 27.623939417013553, "completition_cost": 0.0, "overshoot_cost": 50.051263527708954, "power_cost": 9.623761181640626, "noise_cost": 19.5994925479864, "n_waypoints_completed": 9, "tot_waypoints": 9}}
{"target": -199.06694487571042, "params": {"k_pid_pos": [0.7000781664049444, 0.06217493958206396, 0.260519977768392], "k_pid_alt": [1.9465137475400003, 0.0, 0.02310061446840317], "k_pid_att": [8.731539991048065, 3.8886737074839495, 0.4446526593163504], "k_pid_yaw": [0.5, 1e-06, 0.1], "k_pid_hsp": [0.22570349242777157, 0.013303103072831654, 0.0], "k_pid_vsp": [314.26859271396575, 154.43539638529134, 0.18451711979170002]}, "datetime": {"datetime": "2025-08-13 19:52:17", "elapsed": 36265.384559869766, "delta": 18.33164072036743}, "costs": {"total_cost": 199.06694487571042, "time_cost": 74.403, "final_distance_cost": 1.8449579601430088, "oscillation_cost": 26.50813954527734, "completition_cost": 0.0, "overshoot_cost": 51.676086720784696, "power_cost": 20.656830920410158, "noise_cost": 23.977929729095216, "n_waypoints_completed": 9, "tot_waypoints": 9}}
{"target": -191.86857211176655, "params": {"k_pid_pos": [1.2156843289864148, 0.033697613215679365, 0.3787138582526602], "k_pid_alt": [1.14357804839615, 0.0, 0.03144732254944911], "k_pid_att": [11.726171432684575, 3.905527440779197, 0.5339873805563009], "k_pid_yaw": [0.5, 1e-06, 0.1], "k_pid_hsp": [0.18927700413853463, 0.005834473689548332, 0.0], "k_pid_vsp": [294.3491661695532, 133.5201011846384, 0.1812192462966491]}, "datetime": {"datetime": "2025-08-13 19:52:34", "elapsed": 36282.634263038635, "delta": 17.24970316886902}, "costs": {"total_cost": 191.86857211176655, "time_cost": 70.644, "final_distance_cost": 1.8406303375740898, "oscillation_cost": 28.149040773312386, "completition_cost": 0.0, "overshoot_cost": 50.66180704866005, "power_cost": 18.600615441894533, "noise_cost": 21.972478510325487, "n_waypoints_completed": 9, "tot_waypoints": 9}}
{"target": -197.84736053957997, "params": {"k_pid_pos": [0.8157924331994336, 0.03976652888880127, 0.2523453219191816], "k_pid_alt": [1.045688578835617, 0.0, 0.02731887274268398], "k_pid_att": [12.89116372021933, 4.271567792127666, 0.5653203807752246], "k_pid_yaw": [0.5, 1e-06, 0.1], "k_pid_hsp": [0.2143886883593998, 0.015556931675613712, 0.0], "k_pid_vsp": [329.783281246024, 123.63899075739953, 0.1612760391767748]}, "datetime": {"datetime": "2025-08-13 19:52:52", "elapsed": 36300.37168645859, "delta": 17.737423419952393}, "costs": {"total_cost": 197.84736053957997, "time_cost": 73.045, "final_distance_cost": 1.8466448350509685, "oscillation_cost": 27.022495917068284, "completition_cost": 0.0, "overshoot_cost": 51.23979331640796, "power_cost": 21.35285438232422, "noise_cost": 23.340572088728553, "n_waypoints_completed": 9, "tot_waypoints": 9}}
{"target": -183.79632250340953, "params": {"k_pid_pos": [0.8052174759152276, 0.05639969481039429, 0.25332886659315496], "k_pid_alt": [0.8868219787940369, 0.0, 0.021362374159685237], "k_pid_att": [11.491454998124112, 4.689913365997842, 0.6352488558056529], "k_pid_yaw": [0.5, 1e-06, 0.1], "k_pid_hsp": [0.15619704093930772, 0.015463211741446688, 0.0], "k_pid_vsp": [218.42622805489802, 105.69164959746108, 0.12503871488651658]}, "datetime": {"datetime": "2025-08-13 19:53:10", "elapsed": 36318.17979836464, "delta": 17.808111906051636}, "costs": {"total_cost": 183.79632250340953, "time_cost": 72.478, "final_distance_cost": 1.8422572212090529, "oscillation_cost": 26.2555622949902, "completition_cost": 0.0, "overshoot_cost": 50.664419895258135, "power_cost": 11.974287915039064, "noise_cost": 20.5817951769131, "n_waypoints_completed": 9, "tot_waypoints": 9}}
{"target": -197.10872510700867, "params": {"k_pid_pos": [0.6903657181007562, 0.05529561042016328, 0.2006607203706944], "k_pid_alt": [1.6094791005947962, 0.0, 0.025874709792699912], "k_pid_att": [10.305901832586143, 3.262237005518259, 0.4156209172386715], "k_pid_yaw": [0.5, 1e-06, 0.1], "k_pid_hsp": [0.1805619261678458, 0.017425284417783255, 0.0], "k_pid_vsp": [251.8118940500561, 149.6290201892468, 0.1415054246647448]}, "datetime": {"datetime": "2025-08-13 19:53:28", "elapsed": 36336.05884933472, "delta": 17.879050970077515}, "costs": {"total_cost": 197.10872510700867, "time_cost": 73.09400000000001, "final_distance_cost": 1.8437417271735408, "oscillation_cost": 26.305508385358994, "completition_cost": 0.0, "overshoot_cost": 51.00915065130041, "power_cost": 21.30062606201172, "noise_cost": 23.555698281163977, "n_waypoints_completed": 9, "tot_waypoints": 9}}
{"target": -187.39535732988622, "params": {"k_pid_pos": [0.9233250343169931, 0.03698816838623911, 0.3572382829297079], "k_pid_alt": [1.6428669293721783, 0.0, 0.02313015300029793], "k_pid_att": [7.709438280980458, 3.5791686574489856, 0.5727712514030655], "k_pid_yaw": [0.5, 1e-06, 0.1], "k_pid_hsp": [0.24636548934410754, 0.011579155686716608, 0.0], "k_pid_vsp": [182.14768825643833, 98.17498995915214, 0.18804260185272562]}, "datetime": {"datetime": "2025-08-13 19:53:46", "elapsed": 36354.18791270256, "delta": 18.129063367843628}, "costs": {"total_cost": 187.39535732988622, "time_cost": 70.84700000000001, "final_distance_cost": 1.8392097873217932, "oscillation_cost": 27.713734647246632, "completition_cost": 0.0, "overshoot_cost": 50.28090676700229, "power_cost": 14.920086376953126, "noise_cost": 21.794419751362394, "n_waypoints_completed": 9, "tot_waypoints": 9}}
{"target": -181.93481419457308, "params": {"k_pid_pos": [0.936465675460504, 0.05227223735515273, 0.33730667139589227], "k_pid_alt": [1.7225826634979444, 0.0, 0.026986922679197455], "k_pid_att": [11.928972306181146, 4.041252873930994, 0.4775731602497515], "k_pid_yaw": [0.5, 1e-06, 0.1], "k_pid_hsp": [0.2715237166331906, 0.015990176567548763, 0.0], "k_pid_vsp": [364.3352755870633, 137.844820178944, 0.20589460174686902]}, "datetime": {"datetime": "2025-08-13 19:54:03", "elapsed": 36371.36754322052, "delta": 17.179630517959595}, "costs": {"total_cost": 181.93481419457308, "time_cost": 70.378, "final_distance_cost": 1.8499561786196115, "oscillation_cost": 26.813112557190202, "completition_cost": 0.0, "overshoot_cost": 50.133611420562715, "power_cost": 12.027301806640626, "noise_cost": 20.732832231559932, "n_waypoints_completed": 9, "tot_waypoints": 9}}
{"target": -186.84872794495868, "params": {"k_pid_pos": [0.8570966370456322, 0.0631444511206624, 0.30333351857817126], "k_pid_alt": [1.1693994226095719, 0.0, 0.01996442383672408], "k_pid_att": [9.06456649839698, 2.9886726714559075, 0.3443560021844574], "k_pid_yaw": [0.5, 1e-06, 0.1], "k_pid_hsp": [0.20301660547604708, 0.010164828508718221, 0.0], "k_pid_vsp": [330.0237098994332, 125.0853563124101, 0.17022628961393407]}, "datetime": {"datetime": "2025-08-13 19:54:20", "elapsed": 36388.79910111427, "delta": 17.43155789375305}, "costs": {"total_cost": 186.84872794495868, "time_cost": 71.855, "final_distance_cost": 1.8342737746376399, "oscillation_cost": 26.64506240882985, "completition_cost": 0.0, "overshoot_cost": 50.5177110475272, "power_cost": 14.32425496826172, "noise_cost": 21.67242574570228, "n_waypoints_completed": 9, "tot_waypoints": 9}}
{"target": -180.4014056230273, "params": {"k_pid_pos": [1.0226264878108857, 0.05596789063603288, 0.23490422208608172], "k_pid_alt": [1.2436648332961118, 0.0, 0.02305684544265406], "k_pid_att": [8.781279274118317, 2.649120739706844, 0.5243959282672795], "k_pid_yaw": [0.5, 1e-06, 0.1], "k_pid_hsp": [0.2296180737797764, 0.016935230692963488, 0.0], "k_pid_vsp": [367.8342827937783, 105.71207573543222, 0.1612299784744824]}, "datetime": {"datetime": "2025-08-13 19:54:37", "elapsed": 36405.66661429405, "delta": 16.867513179779053}, "costs": {"total_cost": 180.4014056230273, "time_cost": 69.433, "final_distance_cost": 1.8382216471988295, "oscillation_cost": 28.96334504204003, "completition_cost": 0.0, "overshoot_cost": 49.79353352642125, "power_cost": 10.730535278320312, "noise_cost": 19.642770129046895, "n_waypoints_completed": 9, "tot_waypoints": 9}}
{"target": -193.9548322349113, "params": {"k_pid_pos": [0.7552664309564854, 0.0443189146471256, 0.3003387274651017], "k_pid_alt": [1.4955395748826827, 0.0, 0.028713338786650878], "k_pid_att": [10.556516064131195, 4.052098211640193, 0.6284223626327677], "k_pid_yaw": [0.5, 1e-06, 0.1], "k_pid_hsp": [0.1788806518588478, 0.014873459646259482, 0.0], "k_pid_vsp": [261.6271016786506, 91.31473598765224, 0.2054016946440179]}, "datetime": {"datetime": "2025-08-13 19:54:55", "elapsed": 36423.569601774216, "delta": 17.902987480163574}, "costs": {"total_cost": 193.9548322349113, "time_cost": 72.73, "final_distance_cost": 1.8478297123190612, "oscillation_cost": 27.116915679697634, "completition_cost": 0.0, "overshoot_cost": 50.5285339611098, "power_cost": 18.431071435546876, "noise_cost": 23.300481446237953, "n_waypoints_completed": 9, "tot_waypoints": 9}}
{"target": -190.48964416331262, "params": {"k_pid_pos": [0.8234832954179107, 0.05578021363669478, 0.23157425152195787], "k_pid_alt": [1.301417014472082, 0.0, 0.028032973025256074], "k_pid_att": [10.651215494428252, 4.489876762826998, 0.4231418926732702], "k_pid_yaw": [0.5, 1e-06, 0.1], "k_pid_hsp": [0.22232545932605027, 0.014329666155950679, 0.0], "k_pid_vsp": [350.2314794199586, 104.84763100832112, 0.16697897119600227]}, "datetime": {"datetime": "2025-08-13 19:55:13", "elapsed": 36441.41709256172, "delta": 17.847490787506104}, "costs": {"total_cost": 190.48964416331262, "time_cost": 71.70100000000001, "final_distance_cost": 1.8355582762551566, "oscillation_cost": 26.69868837239405, "completition_cost": 0.0, "overshoot_cost": 51.61379349736395, "power_cost": 16.63667342529297, "noise_cost": 22.0039305920065, "n_waypoints_completed": 9, "tot_waypoints": 9}}
{"target": -183.8736163906485, "params": {"k_pid_pos": [0.97789437360638, 0.08317531928639234, 0.29898138404696284], "k_pid_alt": [1.473168082421288, 0.0, 0.02641617258968915], "k_pid_att": [9.97055913193095, 3.6914272118433753, 0.5453197889177775], "k_pid_yaw": [0.5, 1e-06, 0.1], "k_pid_hsp": [0.20376118456534711, 0.016315265722134254, 0.0], "k_pid_vsp": [377.90651422607397, 168.1247267345085, 0.19467446363385021]}, "datetime": {"datetime": "2025-08-13 19:55:30", "elapsed": 36458.22938632965, "delta": 16.812293767929077}, "costs": {"total_cost": 183.8736163906485, "time_cost": 69.706, "final_distance_cost": 1.8302139654400005, "oscillation_cost": 27.78611671952791, "completition_cost": 0.0, "overshoot_cost": 49.97173649082361, "power_cost": 13.722964831542969, "noise_cost": 20.856584383313987, "n_waypoints_completed": 9, "tot_waypoints": 9}}
{"target": -193.86412817807837, "params": {"k_pid_pos": [0.8838632325389139, 0.05507665823435381, 0.32493552747141335], "k_pid_alt": [1.5378319656776853, 0.0, 0.026903804905390977], "k_pid_att": [11.327702829258316, 4.160554590390762, 0.4487282000489674], "k_pid_yaw": [0.5, 1e-06, 0.1], "k_pid_hsp": [0.21777308621578886, 0.016765221674246347, 0.0], "k_pid_vsp": [218.31737624394728, 59.4709223453861, 0.15388510002402364]}, "datetime": {"datetime": "2025-08-13 19:55:47", "elapsed": 36475.91847014427, "delta": 17.68908381462097}, "costs": {"total_cost": 193.86412817807837, "time_cost": 71.75, "final_distance_cost": 1.8452838418354047, "oscillation_cost": 26.93123677743975, "completition_cost": 0.0, "overshoot_cost": 51.13619656620748, "power_cost": 19.21742137451172, "noise_cost": 22.983989618083992, "n_waypoints_completed": 9, "tot_waypoints": 9}}
{"target": -192.9131932559916, "params": {"k_pid_pos": [0.7839749949863292, 0.05549238653299293, 0.3195293320155335], "k_pid_alt": [1.094091151561515, 0.0, 0.029207552546715903], "k_pid_att": [8.993327903865993, 4.115515753112081, 0.4863721631931687], "k_pid_yaw": [0.5, 1e-06, 0.1], "k_pid_hsp": [0.22462081879708862, 0.01620797232409626, 0.0], "k_pid_vsp": [341.6047986197296, 123.11681631789439, 0.11085659112252881]}, "datetime": {"datetime": "2025-08-13 19:56:05", "elapsed": 36493.71235227585, "delta": 17.793882131576538}, "costs": {"total_cost": 192.9131932559916, "time_cost": 74.151, "final_distance_cost": 1.844624026768547, "oscillation_cost": 27.653159890460913, "completition_cost": 0.0, "overshoot_cost": 50.77458266009922, "power_cost": 15.895693347167969, "noise_cost": 22.594133331494948, "n_waypoints_completed": 9, "tot_waypoints": 9}}
{"target": -184.32126644286225, "params": {"k_pid_pos": [0.9421245852135626, 0.06095813520787883, 0.30523501583294227], "k_pid_alt": [1.5452501055809513, 0.0, 0.02514369976514035], "k_pid_att": [10.469259309916934, 5.343463925332213, 0.4412553377266423], "k_pid_yaw": [0.5, 1e-06, 0.1], "k_pid_hsp": [0.22174299042716292, 0.012496842577096117, 0.0], "k_pid_vsp": [201.19828819959454, 88.7128206246096, 0.16134530400249206]}, "datetime": {"datetime": "2025-08-13 19:56:23", "elapsed": 36511.439396858215, "delta": 17.727044582366943}, "costs": {"total_cost": 184.32126644286225, "time_cost": 70.042, "final_distance_cost": 1.8431067332646764, "oscillation_cost": 27.218871255955353, "completition_cost": 0.0, "overshoot_cost": 50.05880347297028, "power_cost": 14.0442439453125, "noise_cost": 21.114241035359445, "n_waypoints_completed": 9, "tot_waypoints": 9}}
{"target": -185.51087135117274, "params": {"k_pid_pos": [0.8377686866853803, 0.04322395724559051, 0.3371653838612188], "k_pid_alt": [2.0, 0.0, 0.022401324673897414], "k_pid_att": [10.721806358144926, 3.27312211395382, 0.6510386986459614], "k_pid_yaw": [0.5, 1e-06, 0.1], "k_pid_hsp": [0.2643878437369599, 0.014064977410233081, 0.0], "k_pid_vsp": [293.9625322813931, 112.69222770648952, 0.15753556762408844]}, "datetime": {"datetime": "2025-08-13 19:56:40", "elapsed": 36528.37167072296, "delta": 16.932273864746094}, "costs": {"total_cost": 185.51087135117274, "time_cost": 72.114, "final_distance_cost": 1.8442903466880136, "oscillation_cost": 26.790623209166316, "completition_cost": 0.0, "overshoot_cost": 50.950976374724824, "power_cost": 12.449469177246094, "noise_cost": 21.361512243347477, "n_waypoints_completed": 9, "tot_waypoints": 9}}
{"target": -188.4245752073496, "params": {"k_pid_pos": [0.8999991659301947, 0.03962547064164891, 0.36281246551049245], "k_pid_alt": [1.3608147087982385, 0.0, 0.03271046814130655], "k_pid_att": [13.740316971337478, 4.41252376535892, 0.4984746654930395], "k_pid_yaw": [0.5, 1e-06, 0.1], "k_pid_hsp": [0.24823228376815235, 0.012231383824703956, 0.0], "k_pid_vsp": [397.1023795532586, 125.32217481203982, 0.15385291352019345]}, "datetime": {"datetime": "2025-08-13 19:56:57", "elapsed": 36545.92138791084, "delta": 17.54971718788147}, "costs": {"total_cost": 188.4245752073496, "time_cost": 72.135, "final_distance_cost": 1.849717786725484, "oscillation_cost": 26.816137837244455, "completition_cost": 0.0, "overshoot_cost": 51.13667669073671, "power_cost": 14.622074780273438, "noise_cost": 21.864968112369528, "n_waypoints_completed": 9, "tot_waypoints": 9}}
{"target": -188.16286975668578, "params": {"k_pid_pos": [1.075932398832779, 0.059105242837455274, 0.26531447477615466], "k_pid_alt": [0.9271345852839205, 0.0, 0.024896384498632546], "k_pid_att": [8.613427411389788, 4.60773008842311, 0.5577016093543855], "k_pid_yaw": [0.5, 1e-06, 0.1], "k_pid_hsp": [0.17481939225030374, 0.017161623053570895, 0.0], "k_pid_vsp": [395.7654945433392, 139.27643867099184, 0.1342410445525795]}, "datetime": {"datetime": "2025-08-13 19:57:15", "elapsed": 36563.255034446716, "delta": 17.333646535873413}, "costs": {"total_cost": 188.16286975668578, "time_cost": 70.595, "final_distance_cost": 1.8384005898329545, "oscillation_cost": 29.322098597280167, "completition_cost": 0.0, "overshoot_cost": 50.068721578492124, "power_cost": 15.399994299316408, "noise_cost": 20.938654691764114, "n_waypoints_completed": 9, "tot_waypoints": 9}}
