{"target": -178.50455420591794, "params": {"k_pid_pos": [0.9003042160480642, 0.05545493985768039, 0.30999203788365975], "k_pid_alt": [1.6894984827768933, 0.0, 0.03154453205342097], "k_pid_att": [9.509537936551416, 3.826504718100461, 0.5412110283984527], "k_pid_yaw": [0.5, 1e-06, 0.1], "k_pid_hsp": [0.2404775649479988, 0.01414994413348177, 0.0], "k_pid_vsp": [276.58136701855705, 129.46917905254918, 0.17230558710751234]}, "datetime": {"datetime": "2025-08-13 22:02:14", "elapsed": 44062.69693660736, "delta": 17.08994436264038}, "costs": {"total_cost": 178.50455420591794, "time_cost": 70.63, "final_distance_cost": 1.8340817732758092, "oscillation_cost": 27.203160263616265, "completition_cost": 0.0, "overshoot_cost": 50.548767673304, "power_cost": 8.94114248046875, "noise_cost": 19.347402015253092, "n_waypoints_completed": 9, "tot_waypoints": 9}}
{"target": -181.8420715227135, "params": {"k_pid_pos": [0.922449514991828, 0.05321174738018051, 0.27257354477008616], "k_pid_alt": [1.5726316903803814, 0.0, 0.0248244510799228], "k_pid_att": [9.329068478505917, 3.9154850275340927, 0.5371450970462851], "k_pid_yaw": [0.5, 1e-06, 0.1], "k_pid_hsp": [0.18319436730449842, 0.013396471429560962, 0.0], "k_pid_vsp": [304.1066537719459, 119.44171342355465, 0.14903751345106558]}, "datetime": {"datetime": "2025-08-13 22:02:31", "elapsed": 44079.96718001366, "delta": 17.270243406295776}, "costs": {"total_cost": 181.8420715227135, "time_cost": 69.699, "final_distance_cost": 1.8268115859787202, "oscillation_cost": 27.408163861041952, "completition_cost": 0.0, "overshoot_cost": 49.98869385278245, "power_cost": 12.466440368652345, "noise_cost": 20.45296185425804, "n_waypoints_completed": 9, "tot_waypoints": 9}}
{"target": -183.80298603900243, "params": {"k_pid_pos": [0.905113308605145, 0.05501779465843185, 0.3073932997021813], "k_pid_alt": [1.58926066009186, 0.0, 0.029746404357558053], "k_pid_att": [10.805361106859806, 4.191530987975486, 0.49040680143875326], "k_pid_yaw": [0.5, 1e-06, 0.1], "k_pid_hsp": [0.2692099380498914, 0.01465713334712839, 0.0], "k_pid_vsp": [344.5052574774066, 117.22147329783222, 0.17076079056776303]}, "datetime": {"datetime": "2025-08-13 22:02:48", "elapsed": 44096.684571027756, "delta": 16.71739101409912}, "costs": {"total_cost": 183.80298603900243, "time_cost": 70.63, "final_distance_cost": 1.8411172599997256, "oscillation_cost": 27.230733571513216, "completition_cost": 0.0, "overshoot_cost": 50.30540668742306, "power_cost": 12.85148690185547, "noise_cost": 20.94424161821096, "n_waypoints_completed": 9, "tot_waypoints": 9}}
{"target": -177.6774905652631, "params": {"k_pid_pos": [0.8786948893840462, 0.06004686906552334, 0.2683269863055499], "k_pid_alt": [1.4141707847545721, 0.0, 0.0212778986712724], "k_pid_att": [10.145766613988807, 4.162537251926603, 0.5870466601446666], "k_pid_yaw": [0.5, 1e-06, 0.1], "k_pid_hsp": [0.21145936384936737, 0.014557936502741967, 0.0], "k_pid_vsp": [272.3495792618857, 116.43348197351271, 0.16703838501597157]}, "datetime": {"datetime": "2025-08-13 22:03:06", "elapsed": 44114.185690402985, "delta": 17.501119375228882}, "costs": {"total_cost": 177.6774905652631, "time_cost": 70.497, "final_distance_cost": 1.8352676285604643, "oscillation_cost": 27.135766568296663, "completition_cost": 0.0, "overshoot_cost": 50.11006877316686, "power_cost": 8.856566333007812, "noise_cost": 19.242821262231345, "n_waypoints_completed": 9, "tot_waypoints": 9}}
{"target": -183.19730484485186, "params": {"k_pid_pos": [1.0081198595609406, 0.06179921302574461, 0.30115605931100015], "k_pid_alt": [1.222687180242595, 0.0, 0.024530060476554635], "k_pid_att": [10.41432764893514, 4.82831534716968, 0.6293608088631882], "k_pid_yaw": [0.5, 1e-06, 0.1], "k_pid_hsp": [0.2381314723759819, 0.015625208369122384, 0.0], "k_pid_vsp": [348.54563630094293, 103.09152507103961, 0.17063488375257227]}, "datetime": {"datetime": "2025-08-13 22:03:24", "elapsed": 44132.39598917961, "delta": 18.210298776626587}, "costs": {"total_cost": 183.19730484485186, "time_cost": 69.958, "final_distance_cost": 1.84202022443498, "oscillation_cost": 28.5287076633661, "completition_cost": 0.0, "overshoot_cost": 49.97801905650591, "power_cost": 12.509937609863282, "noise_cost": 20.380620290681595, "n_waypoints_completed": 9, "tot_waypoints": 9}}
{"target": -187.2423637348164, "params": {"k_pid_pos": [0.9014926048746466, 0.0496524701031284, 0.3127563806237322], "k_pid_alt": [1.4067521510964947, 0.0, 0.01882250299199218], "k_pid_att": [10.069813500092616, 4.051222513205256, 0.5876212212316518], "k_pid_yaw": [0.5, 1e-06, 0.1], "k_pid_hsp": [0.2340743874105963, 0.01305821881998724, 0.0], "k_pid_vsp": [281.45387778972173, 113.84012031681993, 0.1525921215868651]}, "datetime": {"datetime": "2025-08-13 22:03:41", "elapsed": 44149.78003978729, "delta": 17.384050607681274}, "costs": {"total_cost": 187.2423637348164, "time_cost": 70.896, "final_distance_cost": 1.8479561203143426, "oscillation_cost": 27.113920114447243, "completition_cost": 0.0, "overshoot_cost": 50.95913873040185, "power_cost": 14.9156142578125, "noise_cost": 21.50973451184047, "n_waypoints_completed": 9, "tot_waypoints": 9}}
{"target": -192.51208018869764, "params": {"k_pid_pos": [0.9827492801694738, 0.05397461550555722, 0.3779041881262959], "k_pid_alt": [1.5912205702519608, 0.0, 0.020715664700263068], "k_pid_att": [9.743967050679066, 3.9163089478364412, 0.5426666707582777], "k_pid_yaw": [0.5, 1e-06, 0.1], "k_pid_hsp": [0.2247910016353126, 0.014941292353052762, 0.0], "k_pid_vsp": [262.4138944413165, 126.00640203490718, 0.17796399117001008]}, "datetime": {"datetime": "2025-08-13 22:04:00", "elapsed": 44168.65453720093, "delta": 18.874497413635254}, "costs": {"total_cost": 192.51208018869764, "time_cost": 70.959, "final_distance_cost": 1.8461790098225164, "oscillation_cost": 27.057235330491178, "completition_cost": 0.0, "overshoot_cost": 50.64720786720646, "power_cost": 19.48623659667969, "noise_cost": 22.516221384497758, "n_waypoints_completed": 9, "tot_waypoints": 9}}
{"target": -183.8724325216571, "params": {"k_pid_pos": [1.027135589500651, 0.055083792423118616, 0.33105840055406516], "k_pid_alt": [1.659024879689884, 0.0, 0.028133638201650393], "k_pid_att": [7.9958772487122225, 3.3665107788672675, 0.5067216323195369], "k_pid_yaw": [0.5, 1e-06, 0.1], "k_pid_hsp": [0.25068589395022806, 0.01389732849340914, 0.0], "k_pid_vsp": [288.5781924401986, 121.92075493949761, 0.16976321233541292]}, "datetime": {"datetime": "2025-08-13 22:04:17", "elapsed": 44184.99399280548, "delta": 16.339455604553223}, "costs": {"total_cost": 183.8724325216571, "time_cost": 69.447, "final_distance_cost": 1.8366481672583543, "oscillation_cost": 28.295835693591336, "completition_cost": 0.0, "overshoot_cost": 49.938101486395134, "power_cost": 13.600040625, "noise_cost": 20.75480654941225, "n_waypoints_completed": 9, "tot_waypoints": 9}}
{"target": -179.3354672824933, "params": {"k_pid_pos": [0.8504649760716956, 0.057416703818448676, 0.26878481837996926], "k_pid_alt": [1.3263685048448828, 0.0, 0.026139163650021013], "k_pid_att": [10.695992452739524, 3.943797012233432, 0.4014555168252712], "k_pid_yaw": [0.5, 1e-06, 0.1], "k_pid_hsp": [0.2209445361854588, 0.01498909014704225, 0.0], "k_pid_vsp": [267.05915390286924, 124.63603233525221, 0.1596868032852307]}, "datetime": {"datetime": "2025-08-13 22:04:34", "elapsed": 44202.922887802124, "delta": 17.928894996643066}, "costs": {"total_cost": 179.3354672824933, "time_cost": 71.092, "final_distance_cost": 1.8473683334905011, "oscillation_cost": 26.92342626553512, "completition_cost": 0.0, "overshoot_cost": 50.16949281536637, "power_cost": 9.439943432617188, "noise_cost": 19.86323643548413, "n_waypoints_completed": 9, "tot_waypoints": 9}}
{"target": -180.44226346823945, "params": {"k_pid_pos": [0.921230457035063, 0.04889330000521685, 0.3722535561862581], "k_pid_alt": [1.1968074033780078, 0.0, 0.029251484410729434], "k_pid_att": [9.422279361787043, 3.7128405602288184, 0.5453462623808981], "k_pid_yaw": [0.5, 1e-06, 0.1], "k_pid_hsp": [0.2017430147026279, 0.011422416217586918, 0.0], "k_pid_vsp": [329.96028221974024, 101.9063147362504, 0.19986876046251892]}, "datetime": {"datetime": "2025-08-13 22:04:52", "elapsed": 44220.54298496246, "delta": 17.620097160339355}, "costs": {"total_cost": 180.44226346823945, "time_cost": 71.715, "final_distance_cost": 1.8435789006780234, "oscillation_cost": 26.80617734975417, "completition_cost": 0.0, "overshoot_cost": 50.544152582609534, "power_cost": 9.739775427246094, "noise_cost": 19.793579207951634, "n_waypoints_completed": 9, "tot_waypoints": 9}}
{"target": -192.54740296361078, "params": {"k_pid_pos": [0.8468193926192402, 0.06729338571630543, 0.2935643615368465], "k_pid_alt": [1.7132484514044828, 0.0, 0.02446049782381338], "k_pid_att": [9.168508606466183, 4.097656343122708, 0.4677437934062368], "k_pid_yaw": [0.5, 1e-06, 0.1], "k_pid_hsp": [0.20819026496132906, 0.017522929224675104, 0.0], "k_pid_vsp": [268.16781891694865, 117.35283962398455, 0.16146904665237538]}, "datetime": {"datetime": "2025-08-13 22:05:09", "elapsed": 44237.9504301548, "delta": 17.407445192337036}, "costs": {"total_cost": 192.54740296361078, "time_cost": 71.834, "final_distance_cost": 1.8453965736101459, "oscillation_cost": 27.39977906367492, "completition_cost": 0.0, "overshoot_cost": 51.12875118504793, "power_cost": 18.097579248046877, "noise_cost": 22.24189689323092, "n_waypoints_completed": 9, "tot_waypoints": 9}}
{"target": -186.25115502374746, "params": {"k_pid_pos": [0.8869318925144928, 0.05622129254031528, 0.23262861460939424], "k_pid_alt": [1.300877415434182, 0.0, 0.02680155494826732], "k_pid_att": [8.97813600169682, 4.234277616627057, 0.5835582453641796], "k_pid_yaw": [0.5, 1e-06, 0.1], "k_pid_hsp": [0.21084840078748504, 0.01523101499648639, 0.0], "k_pid_vsp": [287.2844916446157, 114.55931825796084, 0.13855945655126414]}, "datetime": {"datetime": "2025-08-13 22:05:29", "elapsed": 44257.47642326355, "delta": 19.52599310874939}, "costs": {"total_cost": 186.25115502374746, "time_cost": 70.44800000000001, "final_distance_cost": 1.8379536538267642, "oscillation_cost": 27.363388194987923, "completition_cost": 0.0, "overshoot_cost": 50.66621025743474, "power_cost": 14.787085900878907, "noise_cost": 21.14851701661914, "n_waypoints_completed": 9, "tot_waypoints": 9}}
{"target": -181.3498081992874, "params": {"k_pid_pos": [1.1374499156305902, 0.04572615881971778, 0.314909791462969], "k_pid_alt": [1.2778355341117325, 0.0, 0.025431575795857975], "k_pid_att": [10.41951781457412, 4.016754771258831, 0.598247316992096], "k_pid_yaw": [0.5, 1e-06, 0.1], "k_pid_hsp": [0.18655714415819835, 0.011671463879092068, 0.0], "k_pid_vsp": [260.36066572192715, 119.74091038371876, 0.1988105997579217]}, "datetime": {"datetime": "2025-08-13 22:05:46", "elapsed": 44274.64712524414, "delta": 17.17070198059082}, "costs": {"total_cost": 181.3498081992874, "time_cost": 69.09700000000001, "final_distance_cost": 1.823378138389257, "oscillation_cost": 28.893693352825665, "completition_cost": 0.0, "overshoot_cost": 50.054361912633794, "power_cost": 11.66360106201172, "noise_cost": 19.817773733426982, "n_waypoints_completed": 9, "tot_waypoints": 9}}
{"target": -185.58464128738837, "params": {"k_pid_pos": [0.8940079187842169, 0.043813094568427656, 0.34972635981522465], "k_pid_alt": [1.6179694672407476, 0.0, 0.027163073399811822], "k_pid_att": [9.281931608754748, 4.3903290074665735, 0.5426460537881422], "k_pid_yaw": [0.5, 1e-06, 0.1], "k_pid_hsp": [0.20846094907592827, 0.014252385494344, 0.0], "k_pid_vsp": [288.57953772315176, 105.3110818788828, 0.18349711055995852]}, "datetime": {"datetime": "2025-08-13 22:06:04", "elapsed": 44292.378269433975, "delta": 17.731144189834595}, "costs": {"total_cost": 185.58464128738837, "time_cost": 71.162, "final_distance_cost": 1.8437895654272973, "oscillation_cost": 26.72775329074748, "completition_cost": 0.0, "overshoot_cost": 50.37479539128457, "power_cost": 14.040248339843751, "noise_cost": 21.43605470008527, "n_waypoints_completed": 9, "tot_waypoints": 9}}
{"target": -185.87965859166596, "params": {"k_pid_pos": [1.0176302543043034, 0.05044699294610986, 0.21700508523726206], "k_pid_alt": [1.6205656919311364, 0.0, 0.026753886224107248], "k_pid_att": [11.027510607695211, 3.424587808759549, 0.7846045533574627], "k_pid_yaw": [0.5, 1e-06, 0.1], "k_pid_hsp": [0.17561053993055864, 0.014573032394299523, 0.0], "k_pid_vsp": [254.83810259687434, 140.9269218337635, 0.18833500391432087]}, "datetime": {"datetime": "2025-08-13 22:06:20", "elapsed": 44308.4418463707, "delta": 16.0635769367218}, "costs": {"total_cost": 185.87965859166596, "time_cost": 69.496, "final_distance_cost": 1.821323488541881, "oscillation_cost": 28.01436235678304, "completition_cost": 0.0, "overshoot_cost": 50.092186707091955, "power_cost": 15.40717830810547, "noise_cost": 21.04860773114362, "n_waypoints_completed": 9, "tot_waypoints": 9}}
{"target": -181.222876377411, "params": {"k_pid_pos": [0.9742250972073023, 0.05616225637441603, 0.3354752590148677], "k_pid_alt": [1.6889976959790527, 0.0, 0.025857971757893766], "k_pid_att": [8.84046822641165, 3.8601404610670698, 0.6060670684993722], "k_pid_yaw": [0.5, 1e-06, 0.1], "k_pid_hsp": [0.1754329621829206, 0.015300538543632938, 0.0], "k_pid_vsp": [298.0113063138341, 140.61033248211209, 0.15036954174049263]}, "datetime": {"datetime": "2025-08-13 22:06:37", "elapsed": 44325.85983800888, "delta": 17.417991638183594}, "costs": {"total_cost": 181.222876377411, "time_cost": 69.552, "final_distance_cost": 1.8276996493267867, "oscillation_cost": 26.968008170637525, "completition_cost": 0.0, "overshoot_cost": 50.094153313305526, "power_cost": 12.438321984863283, "noise_cost": 20.342693259277894, "n_waypoints_completed": 9, "tot_waypoints": 9}}
{"target": -198.57514189301787, "params": {"k_pid_pos": [0.8180058235856258, 0.05319884101148254, 0.27835727340065813], "k_pid_alt": [1.3131899930843438, 0.0, 0.023730785554420528], "k_pid_att": [9.703850606948626, 3.7602852395660165, 0.5448225436785039], "k_pid_yaw": [0.5, 1e-06, 0.1], "k_pid_hsp": [0.19791404978469318, 0.016866565583258195, 0.0], "k_pid_vsp": [323.8310571259249, 129.3307513462081, 0.17911213444591753]}, "datetime": {"datetime": "2025-08-13 22:06:55", "elapsed": 44343.28442120552, "delta": 17.424583196640015}, "costs": {"total_cost": 198.57514189301787, "time_cost": 72.793, "final_distance_cost": 1.8402499201245723, "oscillation_cost": 27.082190481750263, "completition_cost": 0.0, "overshoot_cost": 51.728644451771544, "power_cost": 21.770812170410156, "noise_cost": 23.360244868961324, "n_waypoints_completed": 9, "tot_waypoints": 9}}
{"target": -203.43063880495248, "params": {"k_pid_pos": [0.7216822045556212, 0.05432273127707651, 0.2853012079790753], "k_pid_alt": [1.2580421710936396, 0.0, 0.02174155270511481], "k_pid_att": [10.029109809521493, 3.8828655759562736, 0.6052719759611532], "k_pid_yaw": [0.5, 1e-06, 0.1], "k_pid_hsp": [0.2064503101036086, 0.014139047083354811, 0.0], "k_pid_vsp": [311.50291494501715, 117.44465267429625, 0.1653025169359292]}, "datetime": {"datetime": "2025-08-13 22:07:15", "elapsed": 44363.13902592659, "delta": 19.854604721069336}, "costs": {"total_cost": 203.43063880495248, "time_cost": 74.879, "final_distance_cost": 1.8437695133264669, "oscillation_cost": 26.789097575967645, "completition_cost": 0.0, "overshoot_cost": 51.653145256306935, "power_cost": 23.44144071044922, "noise_cost": 24.8241857489022, "n_waypoints_completed": 9, "tot_waypoints": 9}}
{"target": -180.68788883264864, "params": {"k_pid_pos": [0.9052494167061079, 0.06250864320618671, 0.2632858416103966], "k_pid_alt": [1.6906751445318955, 0.0, 0.02944396181479206], "k_pid_att": [8.82869695852373, 4.3471395091585405, 0.5176386841266016], "k_pid_yaw": [0.5, 1e-06, 0.1], "k_pid_hsp": [0.16444965948041101, 0.014901288211510053, 0.0], "k_pid_vsp": [305.5382396998246, 135.3961105397719, 0.1668461851128301]}, "datetime": {"datetime": "2025-08-13 22:07:31", "elapsed": 44379.381466150284, "delta": 16.242440223693848}, "costs": {"total_cost": 180.68788883264864, "time_cost": 69.566, "final_distance_cost": 1.8314235101895426, "oscillation_cost": 27.182702543868807, "completition_cost": 0.0, "overshoot_cost": 50.452147776299114, "power_cost": 11.628195349121095, "noise_cost": 20.02741965317007, "n_waypoints_completed": 9, "tot_waypoints": 9}}
{"target": -181.69274779986432, "params": {"k_pid_pos": [0.9046591902547986, 0.050998798632237274, 0.2673949474128619], "k_pid_alt": [1.49392022744067, 0.0, 0.019588775262334077], "k_pid_att": [9.796190868270216, 3.6665094844012516, 0.5948701680228007], "k_pid_yaw": [0.5, 1e-06, 0.1], "k_pid_hsp": [0.255650832841992, 0.015945398886656723, 0.0], "k_pid_vsp": [354.9190789581323, 109.993038471362, 0.15283092508803528]}, "datetime": {"datetime": "2025-08-13 22:07:48", "elapsed": 44396.70296502113, "delta": 17.32149887084961}, "costs": {"total_cost": 181.69274779986432, "time_cost": 70.44800000000001, "final_distance_cost": 1.846363400681854, "oscillation_cost": 27.60429115644534, "completition_cost": 0.0, "overshoot_cost": 50.082350882366946, "power_cost": 11.355102197265625, "noise_cost": 20.356640163104537, "n_waypoints_completed": 9, "tot_waypoints": 9}}
{"target": -186.92121650435246, "params": {"k_pid_pos": [0.9029219520329539, 0.05382269304472153, 0.2723221301186456], "k_pid_alt": [1.5042826469450172, 0.0, 0.024246174613614082], "k_pid_att": [10.0115769932935, 4.597687379773574, 0.6192417127494653], "k_pid_yaw": [0.5, 1e-06, 0.1], "k_pid_hsp": [0.22213696217530532, 0.014936829452304711, 0.0], "k_pid_vsp": [290.0238285060843, 114.56773204610306, 0.1796933143611232]}, "datetime": {"datetime": "2025-08-13 22:08:05", "elapsed": 44413.25506734848, "delta": 16.5521023273468}, "costs": {"total_cost": 186.92121650435246, "time_cost": 70.441, "final_distance_cost": 1.837408830129874, "oscillation_cost": 26.995974609473826, "completition_cost": 0.0, "overshoot_cost": 50.36441380595897, "power_cost": 15.729268908691408, "noise_cost": 21.553150350098374, "n_waypoints_completed": 9, "tot_waypoints": 9}}
{"target": -189.91401224987615, "params": {"k_pid_pos": [0.8098531653129851, 0.050438245308773326, 0.2843406907803101], "k_pid_alt": [1.5529849739504984, 0.0, 0.026259145786452758], "k_pid_att": [9.182515663044807, 4.4012955135016005, 0.6415388262188019], "k_pid_yaw": [0.5, 1e-06, 0.1], "k_pid_hsp": [0.18430380581383654, 0.018638616862590673, 0.0], "k_pid_vsp": [265.2787549985603, 117.43608286187111, 0.18366687066624707]}, "datetime": {"datetime": "2025-08-13 22:08:23", "elapsed": 44431.47105360031, "delta": 18.215986251831055}, "costs": {"total_cost": 189.91401224987615, "time_cost": 71.547, "final_distance_cost": 1.8413256573392642, "oscillation_cost": 26.956138369857282, "completition_cost": 0.0, "overshoot_cost": 50.85809990577096, "power_cost": 16.62864600830078, "noise_cost": 22.08280230860786, "n_waypoints_completed": 9, "tot_waypoints": 9}}
{"target": -193.99126281150993, "params": {"k_pid_pos": [0.8226070963740689, 0.05775020341472794, 0.30390215416574534], "k_pid_alt": [1.4763387005427344, 0.0, 0.026874462104301573], "k_pid_att": [8.616202247812996, 4.459647283418234, 0.6023758234686555], "k_pid_yaw": [0.5, 1e-06, 0.1], "k_pid_hsp": [0.25361054245394027, 0.014804849125251129, 0.0], "k_pid_vsp": [317.8219276354361, 106.82684013859155, 0.16018219265398695]}, "datetime": {"datetime": "2025-08-13 22:08:40", "elapsed": 44448.684346437454, "delta": 17.213292837142944}, "costs": {"total_cost": 193.99126281150993, "time_cost": 72.296, "final_distance_cost": 1.8369839878632934, "oscillation_cost": 28.52449678949876, "completition_cost": 0.0, "overshoot_cost": 50.43855541339527, "power_cost": 18.093671484375, "noise_cost": 22.80155513637759, "n_waypoints_completed": 9, "tot_waypoints": 9}}
{"target": -186.31980956500885, "params": {"k_pid_pos": [1.0377750727533692, 0.054007689789388774, 0.31623078347613176], "k_pid_alt": [1.679395269284294, 0.0, 0.02900211787449139], "k_pid_att": [11.489301697059112, 2.9582172032217025, 0.6898681576494288], "k_pid_yaw": [0.5, 1e-06, 0.1], "k_pid_hsp": [0.1707678990554323, 0.014567270065590221, 0.0], "k_pid_vsp": [286.4636440519658, 123.1021618783263, 0.21492653310095503]}, "datetime": {"datetime": "2025-08-13 22:08:58", "elapsed": 44466.44520306587, "delta": 17.76085662841797}, "costs": {"total_cost": 186.31980956500885, "time_cost": 69.664, "final_distance_cost": 1.8336274739385792, "oscillation_cost": 27.30279588419128, "completition_cost": 0.0, "overshoot_cost": 50.406569251642985, "power_cost": 15.83541082763672, "noise_cost": 21.277406127599296, "n_waypoints_completed": 9, "tot_waypoints": 9}}
{"target": -183.89533125522598, "params": {"k_pid_pos": [0.8219574656226777, 0.05679963883773042, 0.27931608363928395], "k_pid_alt": [1.4061286739402252, 0.0, 0.03041504400657463], "k_pid_att": [9.18844063887374, 3.640801290375803, 0.6136784790116782], "k_pid_yaw": [0.5, 1e-06, 0.1], "k_pid_hsp": [0.1871761421860004, 0.013485033940889056, 0.0], "k_pid_vsp": [277.61882039355027, 101.57829312439866, 0.16982588223709205]}, "datetime": {"datetime": "2025-08-13 22:09:15", "elapsed": 44483.10444688797, "delta": 16.65924382209778}, "costs": {"total_cost": 183.89533125522598, "time_cost": 71.449, "final_distance_cost": 1.8335034978317657, "oscillation_cost": 26.507966938894075, "completition_cost": 0.0, "overshoot_cost": 50.40288505026614, "power_cost": 12.747905432128906, "noise_cost": 20.95407033610509, "n_waypoints_completed": 9, "tot_waypoints": 9}}
