{"target": -192.46136644639176, "params": {"k_pid_pos": [0.8561392994874825, 0.05557581558124916, 0.3215914696183752], "k_pid_alt": [1.8371999031402886, 0.0, 0.023685811617961083], "k_pid_att": [9.17034274170114, 4.167804907822872, 0.6909923308457199], "k_pid_yaw": [0.5, 1e-06, 0.1], "k_pid_hsp": [0.22737895147002596, 0.010651344913833473, 0.0], "k_pid_vsp": [271.402588950793, 144.24842146437948, 0.17473605456344296]}, "datetime": {"datetime": "2025-08-13 23:01:01", "elapsed": 47589.50483369827, "delta": 19.04207730293274}, "costs": {"total_cost": 192.46136644639176, "time_cost": 71.47, "final_distance_cost": 1.8381297107818286, "oscillation_cost": 27.178562106665673, "completition_cost": 0.0, "overshoot_cost": 50.914411079051845, "power_cost": 18.27693375244141, "noise_cost": 22.783329797450975, "n_waypoints_completed": 9, "tot_waypoints": 9}}
{"target": -181.71288273188563, "params": {"k_pid_pos": [0.9374747403780065, 0.04718672501086338, 0.275814550835953], "k_pid_alt": [1.627440399261922, 0.0, 0.023562331496088097], "k_pid_att": [9.36733703012154, 3.8621137825973264, 0.5647147779800138], "k_pid_yaw": [0.5, 1e-06, 0.1], "k_pid_hsp": [0.21801940609378137, 0.01089257649597665, 0.0], "k_pid_vsp": [246.38539296605245, 138.12817953689105, 0.17284307433444365]}, "datetime": {"datetime": "2025-08-13 23:01:17", "elapsed": 47605.9242079258, "delta": 16.419374227523804}, "costs": {"total_cost": 181.71288273188563, "time_cost": 69.825, "final_distance_cost": 1.832531496200357, "oscillation_cost": 27.01648455531393, "completition_cost": 0.0, "overshoot_cost": 50.05970673957466, "power_cost": 12.437020544433594, "noise_cost": 20.542139396363062, "n_waypoints_completed": 9, "tot_waypoints": 9}}
{"target": -187.9099225578719, "params": {"k_pid_pos": [0.7961006150478772, 0.04580181219314298, 0.29868715744026125], "k_pid_alt": [1.7263069306146068, 0.0, 0.02438205444523669], "k_pid_att": [9.602980445031735, 4.346900158963355, 0.6782594656084276], "k_pid_yaw": [0.5, 1e-06, 0.1], "k_pid_hsp": [0.18970949504862747, 0.008777694496106742, 0.0], "k_pid_vsp": [226.14726214570086, 120.11297468726967, 0.16144854778641035]}, "datetime": {"datetime": "2025-08-13 23:01:36", "elapsed": 47624.64330124855, "delta": 18.719093322753906}, "costs": {"total_cost": 187.9099225578719, "time_cost": 71.988, "final_distance_cost": 1.8356058417981727, "oscillation_cost": 26.238274496646905, "completition_cost": 0.0, "overshoot_cost": 51.02680553223806, "power_cost": 14.899498693847656, "noise_cost": 21.92173799334112, "n_waypoints_completed": 9, "tot_waypoints": 9}}
{"target": -184.0966038462945, "params": {"k_pid_pos": [0.9536151207041992, 0.048109889245322966, 0.3174385759427765], "k_pid_alt": [1.6109889128286998, 0.0, 0.023659214801374662], "k_pid_att": [10.712978406279463, 4.338427216186813, 0.5930511783265738], "k_pid_yaw": [0.5, 1e-06, 0.1], "k_pid_hsp": [0.18135559329008497, 0.011165849404272718, 0.0], "k_pid_vsp": [270.24030364049344, 118.67445454020363, 0.1796578115072994]}, "datetime": {"datetime": "2025-08-13 23:01:52", "elapsed": 47640.78317451477, "delta": 16.139873266220093}, "costs": {"total_cost": 184.0966038462945, "time_cost": 69.839, "final_distance_cost": 1.8415517449877716, "oscillation_cost": 27.01446544609269, "completition_cost": 0.0, "overshoot_cost": 50.23991556612591, "power_cost": 14.082038903808595, "noise_cost": 21.07963218527955, "n_waypoints_completed": 9, "tot_waypoints": 9}}
