{"target": -189.23679337327076, "params": {"k_pid_pos": [0.798708611415427, 0.024157467746561693, 0.29743230446238905], "k_pid_alt": [1.5519305857963355, 0.0, 0.0268814856621515], "k_pid_att": [9.740022679457242, 3.484848017948891, 0.6682981978176409], "k_pid_yaw": [0.5, 1e-06, 0.1], "k_pid_hsp": [0.2031922901719887, 0.016116199224447663, 0.0], "k_pid_vsp": [299.34350934974844, 155.46994196151334, 0.14261427206826413]}, "datetime": {"datetime": "2025-08-13 20:48:57", "elapsed": 39665.01469540596, "delta": 17.772042989730835}, "costs": {"total_cost": 189.23679337327076, "time_cost": 72.254, "final_distance_cost": 1.845851401052651, "oscillation_cost": 26.938045301759395, "completition_cost": 0.0, "overshoot_cost": 50.28618752795653, "power_cost": 15.667161608886719, "noise_cost": 22.24554753361549, "n_waypoints_completed": 9, "tot_waypoints": 9}}
{"target": -201.02392907058427, "params": {"k_pid_pos": [0.4785082890735282, 0.05839753224667129, 0.2450454372548004], "k_pid_alt": [1.624473005199489, 0.0, 0.0237232164231005], "k_pid_att": [8.669767326486344, 4.31819235756385, 0.697011966122456], "k_pid_yaw": [0.5, 1e-06, 0.1], "k_pid_hsp": [0.2120254345473778, 0.018737676871263584, 0.0], "k_pid_vsp": [293.2708155809396, 102.43918682842813, 0.17178288455336266]}, "datetime": {"datetime": "2025-08-13 20:49:15", "elapsed": 39683.91624712944, "delta": 18.901551723480225}, "costs": {"total_cost": 201.02392907058427, "time_cost": 80.318, "final_distance_cost": 1.8488836333207754, "oscillation_cost": 24.36685629835259, "completition_cost": 0.0, "overshoot_cost": 51.534279001715625, "power_cost": 17.2163099609375, "noise_cost": 25.73960017625776, "n_waypoints_completed": 9, "tot_waypoints": 9}}
{"target": -193.1303775134168, "params": {"k_pid_pos": [0.9614523576283408, 0.04713771336315439, 0.2134481073485306], "k_pid_alt": [1.6299581600110902, 0.0, 0.02137273133500957], "k_pid_att": [9.53991381787067, 4.584926094848723, 0.38035628195682025], "k_pid_yaw": [0.5, 1e-06, 0.1], "k_pid_hsp": [0.20160865393422953, 0.011963493712601435, 0.0], "k_pid_vsp": [299.97586984060916, 90.05118216631388, 0.16991306019874122]}, "datetime": {"datetime": "2025-08-13 20:49:33", "elapsed": 39701.27106356621, "delta": 17.354816436767578}, "costs": {"total_cost": 193.1303775134168, "time_cost": 70.308, "final_distance_cost": 1.831909562662713, "oscillation_cost": 28.69903879389249, "completition_cost": 0.0, "overshoot_cost": 50.876233662438594, "power_cost": 19.375357922363282, "noise_cost": 22.039837572059692, "n_waypoints_completed": 9, "tot_waypoints": 9}}
{"target": -184.19514333767935, "params": {"k_pid_pos": [0.9020735695201904, 0.058518657015508825, 0.32396851646810204], "k_pid_alt": [1.0810996423407224, 0.0, 0.030430034486402597], "k_pid_att": [11.914052526234336, 3.6057016678688547, 0.5812428528463808], "k_pid_yaw": [0.5, 1e-06, 0.1], "k_pid_hsp": [0.2087683845263152, 0.014938904470722048, 0.0], "k_pid_vsp": [274.7749660471237, 120.86678389993067, 0.18196474107647367]}, "datetime": {"datetime": "2025-08-13 20:49:50", "elapsed": 39718.67046332359, "delta": 17.399399757385254}, "costs": {"total_cost": 184.19514333767935, "time_cost": 71.47, "final_distance_cost": 1.842021973429508, "oscillation_cost": 27.060699096662294, "completition_cost": 0.0, "overshoot_cost": 50.23875059689597, "power_cost": 12.665706311035157, "noise_cost": 20.917965359656417, "n_waypoints_completed": 9, "tot_waypoints": 9}}
{"target": -191.60928897898592, "params": {"k_pid_pos": [0.8946024692847105, 0.0546124312862467, 0.40304467690164847], "k_pid_alt": [1.3236676932653166, 0.0, 0.021622092740587424], "k_pid_att": [10.694160787502744, 4.278756661720242, 0.5382783522575397], "k_pid_yaw": [0.5, 1e-06, 0.1], "k_pid_hsp": [0.21834211179968313, 0.0063855353328621245, 0.0], "k_pid_vsp": [304.6874279184553, 124.95251594801097, 0.15937312373185403]}, "datetime": {"datetime": "2025-08-13 20:50:08", "elapsed": 39736.81332612038, "delta": 18.142862796783447}, "costs": {"total_cost": 191.60928897898592, "time_cost": 72.45700000000001, "final_distance_cost": 1.8508802980179926, "oscillation_cost": 27.252409368927164, "completition_cost": 0.0, "overshoot_cost": 50.80068191705878, "power_cost": 16.65256295166016, "noise_cost": 22.595754443321784, "n_waypoints_completed": 9, "tot_waypoints": 9}}
{"target": -192.90061153849518, "params": {"k_pid_pos": [0.8067337577534076, 0.039426110843047056, 0.31633288567528134], "k_pid_alt": [1.298655509292906, 0.0, 0.017014494092094837], "k_pid_att": [9.116592697097197, 3.9190947439598216, 0.5567325319999238], "k_pid_yaw": [0.5, 1e-06, 0.1], "k_pid_hsp": [0.24774062286204201, 0.013341790836480608, 0.0], "k_pid_vsp": [290.1806250171131, 107.5734721563059, 0.18041639149034647]}, "datetime": {"datetime": "2025-08-13 20:50:27", "elapsed": 39755.091457128525, "delta": 18.278131008148193}, "costs": {"total_cost": 192.90061153849518, "time_cost": 73.458, "final_distance_cost": 1.8508922108174326, "oscillation_cost": 27.46495647332667, "completition_cost": 0.0, "overshoot_cost": 50.61750379201861, "power_cost": 16.648475415039062, "noise_cost": 22.86078364729343, "n_waypoints_completed": 9, "tot_waypoints": 9}}
{"target": -194.08559946547243, "params": {"k_pid_pos": [1.1422426792538707, 0.05843447639898017, 0.3125254145905188], "k_pid_alt": [1.3122313433146855, 0.0, 0.027947964588349083], "k_pid_att": [7.452735318714571, 5.201182238432247, 0.5781904034069579], "k_pid_yaw": [0.5, 1e-06, 0.1], "k_pid_hsp": [0.32135297213118813, 0.01663309574818439, 0.0], "k_pid_vsp": [298.16847116090486, 111.17537154330931, 0.11484825334951665]}, "datetime": {"datetime": "2025-08-13 20:50:43", "elapsed": 39771.87183213234, "delta": 16.780375003814697}, "costs": {"total_cost": 194.08559946547243, "time_cost": 70.238, "final_distance_cost": 1.8441667314590964, "oscillation_cost": 31.225349946514932, "completition_cost": 0.0, "overshoot_cost": 50.801962589969264, "power_cost": 18.043724645996093, "noise_cost": 21.93239555153304, "n_waypoints_completed": 9, "tot_waypoints": 9}}
{"target": -187.97923776042285, "params": {"k_pid_pos": [0.9220738913220292, 0.022499285820681128, 0.3082019556535663], "k_pid_alt": [1.4257756736571519, 0.0, 0.029234305504552163], "k_pid_att": [13.048773600041963, 4.228986579116902, 0.6560502185211161], "k_pid_yaw": [0.5, 1e-06, 0.1], "k_pid_hsp": [0.1985219266711602, 0.015228711568179515, 0.0], "k_pid_vsp": [366.7558820727847, 99.46379829714573, 0.17155162193899834]}, "datetime": {"datetime": "2025-08-13 20:51:01", "elapsed": 39789.71636343002, "delta": 17.844531297683716}, "costs": {"total_cost": 187.97923776042285, "time_cost": 70.84, "final_distance_cost": 1.842240714932436, "oscillation_cost": 26.565700726061518, "completition_cost": 0.0, "overshoot_cost": 51.01854225523535, "power_cost": 15.935695910644531, "noise_cost": 21.777058153548996, "n_waypoints_completed": 9, "tot_waypoints": 9}}
{"target": -192.10485883848827, "params": {"k_pid_pos": [0.9219037586270463, 0.08452610547164795, 0.2443796596155701], "k_pid_alt": [1.5496027564991193, 0.0, 0.027740026548078722], "k_pid_att": [9.782357119369655, 4.797911318255946, 0.6824855919966817], "k_pid_yaw": [0.5, 1e-06, 0.1], "k_pid_hsp": [0.2326722693299322, 0.00845990319111769, 0.0], "k_pid_vsp": [286.73340154325246, 98.85999029789993, 0.17182082441679827]}, "datetime": {"datetime": "2025-08-13 20:51:18", "elapsed": 39806.785053253174, "delta": 17.068689823150635}, "costs": {"total_cost": 192.10485883848827, "time_cost": 70.784, "final_distance_cost": 1.83166841129646, "oscillation_cost": 27.27116139856421, "completition_cost": 0.0, "overshoot_cost": 50.85979860319295, "power_cost": 18.910562145996096, "noise_cost": 22.44766827943855, "n_waypoints_completed": 9, "tot_waypoints": 9}}
{"target": -188.95707194614272, "params": {"k_pid_pos": [0.8669608839458549, 0.0496383302294387, 0.3656631330142946], "k_pid_alt": [1.4737133243602727, 0.0, 0.025814313230726166], "k_pid_att": [9.615337617076134, 4.193602464921011, 0.5473191940298393], "k_pid_yaw": [0.5, 1e-06, 0.1], "k_pid_hsp": [0.25645584790501846, 0.015199096191535302, 0.0], "k_pid_vsp": [304.3815982665324, 70.27586911247528, 0.1365068378271976]}, "datetime": {"datetime": "2025-08-13 20:51:36", "elapsed": 39824.55816602707, "delta": 17.773112773895264}, "costs": {"total_cost": 188.95707194614272, "time_cost": 72.83500000000001, "final_distance_cost": 1.852204030504864, "oscillation_cost": 27.487116528233397, "completition_cost": 0.0, "overshoot_cost": 51.35157231137333, "power_cost": 13.616102514648437, "noise_cost": 21.815076561382675, "n_waypoints_completed": 9, "tot_waypoints": 9}}
{"target": -188.00184562240293, "params": {"k_pid_pos": [0.8570872957971086, 0.04531863902819894, 0.23695865214726852], "k_pid_alt": [1.4847327005379158, 0.0, 0.02726109937090743], "k_pid_att": [11.679567988506937, 2.370081303367734, 0.6175340189099744], "k_pid_yaw": [0.5, 1e-06, 0.1], "k_pid_hsp": [0.20441629533513442, 0.011853648958166013, 0.0], "k_pid_vsp": [348.87956454672917, 118.5105108749734, 0.1843865335847923]}, "datetime": {"datetime": "2025-08-13 20:51:53", "elapsed": 39841.10137677193, "delta": 16.543210744857788}, "costs": {"total_cost": 188.00184562240293, "time_cost": 70.819, "final_distance_cost": 1.836504446490456, "oscillation_cost": 26.152010268554857, "completition_cost": 0.0, "overshoot_cost": 50.57459030895335, "power_cost": 16.735406774902344, "noise_cost": 21.884333823501933, "n_waypoints_completed": 9, "tot_waypoints": 9}}
{"target": -187.38266348700438, "params": {"k_pid_pos": [0.9579644783897221, 0.04453618739762896, 0.30027836462572854], "k_pid_alt": [1.1364258843064219, 0.0, 0.02659272623544301], "k_pid_att": [9.077269184439883, 3.239066016566344, 0.5386372295330332], "k_pid_yaw": [0.5, 1e-06, 0.1], "k_pid_hsp": [0.24396296240487272, 0.016537440149933774, 0.0], "k_pid_vsp": [253.43730795080833, 124.78795001741413, 0.14604301494494146]}, "datetime": {"datetime": "2025-08-13 20:52:11", "elapsed": 39859.0819940567, "delta": 17.98061728477478}, "costs": {"total_cost": 187.38266348700438, "time_cost": 70.651, "final_distance_cost": 1.8378240624812643, "oscillation_cost": 27.89285658636596, "completition_cost": 0.0, "overshoot_cost": 49.89555730595764, "power_cost": 15.615800329589845, "noise_cost": 21.489625202609723, "n_waypoints_completed": 9, "tot_waypoints": 9}}
{"target": -185.22984990690838, "params": {"k_pid_pos": [0.9154176606661771, 0.06865381786809267, 0.3202563430225814], "k_pid_alt": [1.1533961559030874, 0.0, 0.02540147154499132], "k_pid_att": [10.088337436463833, 3.824840369942509, 0.5681552635424181], "k_pid_yaw": [0.5, 1e-06, 0.1], "k_pid_hsp": [0.18559984644176794, 0.015000534873423654, 0.0], "k_pid_vsp": [263.789136070594, 105.28460718840995, 0.18160779686532677]}, "datetime": {"datetime": "2025-08-13 20:52:27", "elapsed": 39875.86948823929, "delta": 16.78749418258667}, "costs": {"total_cost": 185.22984990690838, "time_cost": 70.952, "final_distance_cost": 1.8386476052620275, "oscillation_cost": 27.213355090828358, "completition_cost": 0.0, "overshoot_cost": 50.28090199513543, "power_cost": 13.83675556640625, "noise_cost": 21.10818964927631, "n_waypoints_completed": 9, "tot_waypoints": 9}}
{"target": -202.80855397285941, "params": {"k_pid_pos": [0.9111033608353124, 0.0491261595823799, 0.3440046573726618], "k_pid_alt": [1.2798061795677822, 0.0, 0.03119927171354833], "k_pid_att": [11.406430954984826, 1.8239506718445935, 0.7468970020434718], "k_pid_yaw": [0.5, 1e-06, 0.1], "k_pid_hsp": [0.2213475881517306, 0.01873431424501973, 0.0], "k_pid_vsp": [248.5145636322088, 114.14155800413307, 0.15339113856880313]}, "datetime": {"datetime": "2025-08-13 20:52:45", "elapsed": 39893.448971271515, "delta": 17.579483032226562}, "costs": {"total_cost": 202.80855397285941, "time_cost": 72.947, "final_distance_cost": 1.8525185049137176, "oscillation_cost": 27.268214749839547, "completition_cost": 0.0, "overshoot_cost": 51.87224297719921, "power_cost": 23.556194958496096, "noise_cost": 25.31238278241084, "n_waypoints_completed": 9, "tot_waypoints": 9}}
{"target": -185.87437043368124, "params": {"k_pid_pos": [1.1358492390520236, 0.06287476736785454, 0.29011492774480563], "k_pid_alt": [1.7679977826471098, 0.0, 0.011411419888873925], "k_pid_att": [10.793942954080109, 4.033294902105406, 0.5584642070672214], "k_pid_yaw": [0.5, 1e-06, 0.1], "k_pid_hsp": [0.22421166777671628, 0.013404416237155959, 0.0], "k_pid_vsp": [300.7189201592026, 130.94334041618205, 0.1678360486736916]}, "datetime": {"datetime": "2025-08-13 20:53:01", "elapsed": 39909.70723819733, "delta": 16.258266925811768}, "costs": {"total_cost": 185.87437043368124, "time_cost": 69.251, "final_distance_cost": 1.8233940944467906, "oscillation_cost": 28.88050685642794, "completition_cost": 0.0, "overshoot_cost": 50.043005018647094, "power_cost": 15.011155773925783, "noise_cost": 20.865308690233604, "n_waypoints_completed": 9, "tot_waypoints": 9}}
{"target": -191.97356785445953, "params": {"k_pid_pos": [1.0956027778573352, 0.048406483161958225, 0.35426612254302675], "k_pid_alt": [1.5149667157173485, 0.0, 0.026780125507147593], "k_pid_att": [8.630479212336715, 3.872102674858848, 0.7004824429147339], "k_pid_yaw": [0.5, 1e-06, 0.1], "k_pid_hsp": [0.22095745631675853, 0.017417304520641032, 0.0], "k_pid_vsp": [276.8291908843808, 140.09115715031615, 0.19363731680681706]}, "datetime": {"datetime": "2025-08-13 20:53:19", "elapsed": 39927.774065971375, "delta": 18.06682777404785}, "costs": {"total_cost": 191.97356785445953, "time_cost": 69.825, "final_distance_cost": 1.846784209523694, "oscillation_cost": 29.26786119617016, "completition_cost": 0.0, "overshoot_cost": 50.10078876763659, "power_cost": 18.717609729003907, "noise_cost": 22.215523952125217, "n_waypoints_completed": 9, "tot_waypoints": 9}}
{"target": -187.44382314118462, "params": {"k_pid_pos": [0.8660444488566318, 0.052467769506316764, 0.31081801564616124], "k_pid_alt": [1.7335827066714973, 0.0, 0.020599515826399347], "k_pid_att": [9.293052768436459, 4.114775396437616, 0.5146607665488002], "k_pid_yaw": [0.5, 1e-06, 0.1], "k_pid_hsp": [0.1936297981821652, 0.013678671429278201, 0.0], "k_pid_vsp": [307.5123282871412, 113.37230667817578, 0.17046749945160058]}, "datetime": {"datetime": "2025-08-13 20:53:37", "elapsed": 39945.339002370834, "delta": 17.56493639945984}, "costs": {"total_cost": 187.44382314118462, "time_cost": 70.882, "final_distance_cost": 1.8380986559472496, "oscillation_cost": 26.39145936713322, "completition_cost": 0.0, "overshoot_cost": 50.67013977178628, "power_cost": 15.741670385742188, "noise_cost": 21.92045496057566, "n_waypoints_completed": 9, "tot_waypoints": 9}}
{"target": -193.46587342397214, "params": {"k_pid_pos": [1.1143618115685108, 0.06745786658349041, 0.255129335583722], "k_pid_alt": [1.609706661177774, 0.0, 0.028967368245892595], "k_pid_att": [9.954993605911133, 4.318942688054813, 0.563016029421441], "k_pid_yaw": [0.5, 1e-06, 0.1], "k_pid_hsp": [0.17289728330468782, 0.016778925789374174, 0.0], "k_pid_vsp": [235.03902600736444, 142.4322982226133, 0.1863339596710051]}, "datetime": {"datetime": "2025-08-13 20:53:54", "elapsed": 39962.919583559036, "delta": 17.580581188201904}, "costs": {"total_cost": 193.46587342397214, "time_cost": 69.853, "final_distance_cost": 1.836641872395722, "oscillation_cost": 29.575210647380654, "completition_cost": 0.0, "overshoot_cost": 50.58270588848154, "power_cost": 19.712025549316408, "noise_cost": 21.906289466397837, "n_waypoints_completed": 9, "tot_waypoints": 9}}
{"target": -198.7452101346653, "params": {"k_pid_pos": [0.8494168232786447, 0.042503905698846454, 0.23070521707632127], "k_pid_alt": [1.3606222164894308, 0.0, 0.02439773635238428], "k_pid_att": [10.705279772259395, 3.35765337337468, 0.775601735549739], "k_pid_yaw": [0.5, 1e-06, 0.1], "k_pid_hsp": [0.19828287916923845, 0.010665970131442201, 0.0], "k_pid_vsp": [275.3071473533962, 103.82320348475345, 0.15534945279150333]}, "datetime": {"datetime": "2025-08-13 20:54:12", "elapsed": 39980.11002397537, "delta": 17.19044041633606}, "costs": {"total_cost": 198.7452101346653, "time_cost": 71.799, "final_distance_cost": 1.8347750419626123, "oscillation_cost": 26.987483303284417, "completition_cost": 0.0, "overshoot_cost": 51.488152410214944, "power_cost": 22.879254699707033, "noise_cost": 23.756544679496265, "n_waypoints_completed": 9, "tot_waypoints": 9}}
{"target": -188.78879805401678, "params": {"k_pid_pos": [0.7397084854223127, 0.049229256818704686, 0.2857368158753183], "k_pid_alt": [1.1505770243066271, 0.0, 0.02761461585397339], "k_pid_att": [8.51520079955579, 4.827763186552786, 0.7025273931249201], "k_pid_yaw": [0.5, 1e-06, 0.1], "k_pid_hsp": [0.2124017390291165, 0.01765968975954676, 0.0], "k_pid_vsp": [184.87420349408322, 121.8427028726287, 0.1605131856724219]}, "datetime": {"datetime": "2025-08-13 20:54:30", "elapsed": 39998.27188825607, "delta": 18.161864280700684}, "costs": {"total_cost": 188.78879805401678, "time_cost": 73.885, "final_distance_cost": 1.8450644261803757, "oscillation_cost": 27.174030680910764, "completition_cost": 0.0, "overshoot_cost": 50.22571441365922, "power_cost": 13.544640551757814, "noise_cost": 22.114347981508597, "n_waypoints_completed": 9, "tot_waypoints": 9}}
{"target": -182.62861359344973, "params": {"k_pid_pos": [0.9402050952848566, 0.05111242171598298, 0.37933501768927363], "k_pid_alt": [1.441758034926182, 0.0, 0.02455426719372579], "k_pid_att": [7.15903955853157, 3.859951701984219, 0.718741215537468], "k_pid_yaw": [0.5, 1e-06, 0.1], "k_pid_hsp": [0.22433499670100385, 0.014892222030818187, 0.0], "k_pid_vsp": [322.76915936630365, 136.84570241444587, 0.17858583807694883]}, "datetime": {"datetime": "2025-08-13 20:54:48", "elapsed": 40016.23937058449, "delta": 17.967482328414917}, "costs": {"total_cost": 182.62861359344973, "time_cost": 71.05, "final_distance_cost": 1.8410098398751902, "oscillation_cost": 27.824808033866066, "completition_cost": 0.0, "overshoot_cost": 50.70433048664569, "power_cost": 10.8726177734375, "noise_cost": 20.335847459625302, "n_waypoints_completed": 9, "tot_waypoints": 9}}
{"target": -191.4606853459787, "params": {"k_pid_pos": [0.9411479225902682, 0.05252084767546514, 0.32360888604740157], "k_pid_alt": [1.4361480727987022, 0.0, 0.027539854834459324], "k_pid_att": [10.27823049303524, 4.436387828549553, 0.41094234036887306], "k_pid_yaw": [0.5, 1e-06, 0.1], "k_pid_hsp": [0.1700561997945392, 0.012771793720723365, 0.0], "k_pid_vsp": [260.6107874060395, 117.91391416491763, 0.1625811368709329]}, "datetime": {"datetime": "2025-08-13 20:55:04", "elapsed": 40032.96144390106, "delta": 16.722073316574097}, "costs": {"total_cost": 191.4606853459787, "time_cost": 70.749, "final_distance_cost": 1.8374722311540095, "oscillation_cost": 26.800122670703054, "completition_cost": 0.0, "overshoot_cost": 51.01342199291774, "power_cost": 18.840804040527345, "noise_cost": 22.219864410676525, "n_waypoints_completed": 9, "tot_waypoints": 9}}
{"target": -186.93109016941693, "params": {"k_pid_pos": [1.0018171436248038, 0.05417935184161741, 0.3002176977974729], "k_pid_alt": [1.4559584457198798, 0.0, 0.032226452991547], "k_pid_att": [11.85950297441019, 4.754123431526204, 0.47388990704103695], "k_pid_yaw": [0.5, 1e-06, 0.1], "k_pid_hsp": [0.26879634656572454, 0.016986977741468862, 0.0], "k_pid_vsp": [260.487936651799, 104.22144735940356, 0.14715131273587334]}, "datetime": {"datetime": "2025-08-13 20:55:22", "elapsed": 40050.36318039894, "delta": 17.40173649787903}, "costs": {"total_cost": 186.93109016941693, "time_cost": 70.119, "final_distance_cost": 1.8379817876267057, "oscillation_cost": 27.91536868085908, "completition_cost": 0.0, "overshoot_cost": 50.18205846812371, "power_cost": 15.426610595703126, "noise_cost": 21.450070637104318, "n_waypoints_completed": 9, "tot_waypoints": 9}}
{"target": -194.01962599175334, "params": {"k_pid_pos": [0.8514941566455528, 0.039018223015361654, 0.3118966035877715], "k_pid_alt": [1.3898175542617761, 0.0, 0.018879018750730916], "k_pid_att": [8.218120102590342, 4.7082024669767035, 0.523945388392467], "k_pid_yaw": [0.5, 1e-06, 0.1], "k_pid_hsp": [0.24186560774315832, 0.01691863748875623, 0.0], "k_pid_vsp": [226.45307113174263, 130.70801257021438, 0.12618406051583728]}, "datetime": {"datetime": "2025-08-13 20:55:39", "elapsed": 40067.16395711899, "delta": 16.800776720046997}, "costs": {"total_cost": 194.01962599175334, "time_cost": 72.31, "final_distance_cost": 1.8472952412922448, "oscillation_cost": 28.107058567289027, "completition_cost": 0.0, "overshoot_cost": 50.69079497889771, "power_cost": 18.30167880859375, "noise_cost": 22.762798395680576, "n_waypoints_completed": 9, "tot_waypoints": 9}}
{"target": -179.9785917499297, "params": {"k_pid_pos": [0.8999653420607642, 0.052637183443126255, 0.31374276503013915], "k_pid_alt": [1.7159909451280566, 0.0, 0.021490600672802434], "k_pid_att": [8.897529437378465, 3.3148484009502304, 0.5968231098557946], "k_pid_yaw": [0.5, 1e-06, 0.1], "k_pid_hsp": [0.2072234502949307, 0.015966921817870613, 0.0], "k_pid_vsp": [230.25624452664422, 124.59305231407173, 0.19144935530713433]}, "datetime": {"datetime": "2025-08-13 20:55:56", "elapsed": 40084.805591106415, "delta": 17.641633987426758}, "costs": {"total_cost": 179.9785917499297, "time_cost": 70.343, "final_distance_cost": 1.8474647727110625, "oscillation_cost": 27.083198050131983, "completition_cost": 0.0, "overshoot_cost": 50.07935735011367, "power_cost": 10.638829284667969, "noise_cost": 19.986742292305035, "n_waypoints_completed": 9, "tot_waypoints": 9}}
