{"target": -195.10920308599955, "params": {"k_pid_pos": [0.5877411347986679, 0.049869296221155046, 0.12522202678560804], "k_pid_alt": [1.2996140162564174, 0.0, 0.021514085064979215], "k_pid_att": [13.131639424164886, 3.2783962113568648, 0.6878580676489161], "k_pid_yaw": [0.5, 1e-06, 0.1], "k_pid_hsp": [0.2271987705162275, 0.026864207882720908, 0.0], "k_pid_vsp": [330.0585134065969, 93.54360726759681, 0.11548766527484759]}, "datetime": {"datetime": "2025-08-13 17:16:19", "elapsed": 26907.693767547607, "delta": 17.725672960281372}, "costs": {"total_cost": 195.10920308599955, "time_cost": 75.04, "final_distance_cost": 1.8446344174209233, "oscillation_cost": 26.436205317590996, "completition_cost": 0.0, "overshoot_cost": 50.94420755908868, "power_cost": 17.237218493652346, "noise_cost": 23.606937298246603, "n_waypoints_completed": 9, "tot_waypoints": 9}}
{"target": -199.5801483043496, "params": {"k_pid_pos": [0.5099713121948272, 0.02990779816066, 0.2867703732766915], "k_pid_alt": [1.3310689155972837, 0.0, 0.021830084191895614], "k_pid_att": [11.426012388369722, 6.344383084468024, 0.5425379880317389], "k_pid_yaw": [0.5, 1e-06, 0.1], "k_pid_hsp": [0.32670483044414983, 0.0024346283430727402, 0.0], "k_pid_vsp": [203.04588071552303, 60.811981749631194, 0.16278782403378625]}, "datetime": {"datetime": "2025-08-13 17:16:39", "elapsed": 26927.130292892456, "delta": 19.436525344848633}, "costs": {"total_cost": 199.5801483043496, "time_cost": 83.188, "final_distance_cost": 1.853902600119852, "oscillation_cost": 24.182382108022562, "completition_cost": 0.0, "overshoot_cost": 52.02431204977329, "power_cost": 13.118374768066406, "noise_cost": 25.213176778367448, "n_waypoints_completed": 9, "tot_waypoints": 9}}
{"target": -194.95728198672734, "params": {"k_pid_pos": [0.9992073737520855, 0.026531804849395445, 0.2803724309154007], "k_pid_alt": [1.8747139064380256, 0.0, 0.01922330432972046], "k_pid_att": [14.147621101487935, 6.434513701084865, 0.5453419036636492], "k_pid_yaw": [0.5, 1e-06, 0.1], "k_pid_hsp": [0.22574841928186384, 0.009656540659133765, 0.0], "k_pid_vsp": [172.14116369273242, 113.80023115721043, 0.13293664014324058]}, "datetime": {"datetime": "2025-08-13 17:16:55", "elapsed": 26943.648280143738, "delta": 16.51798725128174}, "costs": {"total_cost": 194.95728198672734, "time_cost": 71.61, "final_distance_cost": 1.843353349427822, "oscillation_cost": 27.93866025874712, "completition_cost": 0.0, "overshoot_cost": 51.7695826683015, "power_cost": 19.30750406494141, "noise_cost": 22.48818164530949, "n_waypoints_completed": 9, "tot_waypoints": 9}}
{"target": -186.56366523620238, "params": {"k_pid_pos": [0.979607810986692, 0.024263875035883186, 0.3998521215289599], "k_pid_alt": [1.5570891117423378, 0.0, 0.025828477898699426], "k_pid_att": [7.636969370710862, 5.69212128120613, 0.5612941679782111], "k_pid_yaw": [0.5, 1e-06, 0.1], "k_pid_hsp": [0.22889153705762846, 0.015758918349251385, 0.0], "k_pid_vsp": [351.29559637861666, 61.508017340648614, 0.08982296581121567]}, "datetime": {"datetime": "2025-08-13 17:17:12", "elapsed": 26960.603906154633, "delta": 16.955626010894775}, "costs": {"total_cost": 186.56366523620238, "time_cost": 71.001, "final_distance_cost": 1.8462629610886767, "oscillation_cost": 27.84092642974913, "completition_cost": 0.0, "overshoot_cost": 50.55766899986117, "power_cost": 13.8768740234375, "noise_cost": 21.440932822065893, "n_waypoints_completed": 9, "tot_waypoints": 9}}
{"target": -200.86716154706488, "params": {"k_pid_pos": [0.758194612370039, 0.04032686611054032, 0.3253766255773936], "k_pid_alt": [1.437050676349853, 0.0, 0.028667115166532225], "k_pid_att": [8.168265837007171, 5.531867454072967, 0.7719647003508198], "k_pid_yaw": [0.5, 1e-06, 0.1], "k_pid_hsp": [0.3731651774543104, 0.020027584928014392, 0.0], "k_pid_vsp": [263.3342182370753, 1e-06, 0.16647875062734255]}, "datetime": {"datetime": "2025-08-13 17:17:30", "elapsed": 26978.80921125412, "delta": 18.205305099487305}, "costs": {"total_cost": 200.86716154706488, "time_cost": 76.769, "final_distance_cost": 1.8528463412110387, "oscillation_cost": 28.801285446221126, "completition_cost": 0.0, "overshoot_cost": 51.93838817141747, "power_cost": 17.316855322265624, "noise_cost": 24.18878626594961, "n_waypoints_completed": 9, "tot_waypoints": 9}}
{"target": -193.74636060654188, "params": {"k_pid_pos": [0.6829904078155177, 0.03956695768900765, 0.3012293702803123], "k_pid_alt": [0.90683256317701, 0.0, 0.029489435899614613], "k_pid_att": [16.223147420556145, 4.530215507889323, 0.7374509133716676], "k_pid_yaw": [0.5, 1e-06, 0.1], "k_pid_hsp": [0.4214907509105968, 0.012252408610567297, 0.0], "k_pid_vsp": [347.37643791934147, 96.16705617165975, 0.1120317474087116]}, "datetime": {"datetime": "2025-08-13 17:17:48", "elapsed": 26996.72223186493, "delta": 17.913020610809326}, "costs": {"total_cost": 193.74636060654188, "time_cost": 78.68, "final_distance_cost": 1.8480494897515212, "oscillation_cost": 26.58910734366321, "completition_cost": 0.0, "overshoot_cost": 51.259566087482284, "power_cost": 12.325769909667969, "noise_cost": 23.04386777597692, "n_waypoints_completed": 9, "tot_waypoints": 9}}
{"target": -189.0895054647892, "params": {"k_pid_pos": [0.8243800405659757, 0.04549051355050825, 0.0434019735007302], "k_pid_alt": [1.3778962092766631, 0.0, 0.017161359299935133], "k_pid_att": [7.746421163350248, 2.6634530286207645, 0.5741747121970767], "k_pid_yaw": [0.5, 1e-06, 0.1], "k_pid_hsp": [0.2524982176613592, 0.020024190728056432, 0.0], "k_pid_vsp": [243.65912898551687, 127.04951718953816, 0.12861235987391365]}, "datetime": {"datetime": "2025-08-13 17:18:05", "elapsed": 27013.014889717102, "delta": 16.29265785217285}, "costs": {"total_cost": 189.0895054647892, "time_cost": 69.846, "final_distance_cost": 1.834871868670129, "oscillation_cost": 28.2617230641105, "completition_cost": 0.0, "overshoot_cost": 50.337946191902674, "power_cost": 17.150942431640626, "noise_cost": 21.65802190846525, "n_waypoints_completed": 9, "tot_waypoints": 9}}
{"target": -181.4014811381042, "params": {"k_pid_pos": [1.1069843159278578, 0.03772870257323776, 0.18839561840053642], "k_pid_alt": [1.4667612907759586, 0.0, 0.022313243614628792], "k_pid_att": [5.150632937245607, 2.9922725506886163, 0.6550720609073569], "k_pid_yaw": [0.5, 1e-06, 0.1], "k_pid_hsp": [0.20777300532686302, 0.02101244493899555, 0.0], "k_pid_vsp": [237.5556266433729, 69.81760825460614, 0.1524251115385671]}, "datetime": {"datetime": "2025-08-13 17:18:21", "elapsed": 27029.87160539627, "delta": 16.8567156791687}, "costs": {"total_cost": 181.4014811381042, "time_cost": 68.649, "final_distance_cost": 1.8269528109609383, "oscillation_cost": 31.02188733796829, "completition_cost": 0.0, "overshoot_cost": 50.04092044549864, "power_cost": 10.569288781738281, "noise_cost": 19.29343176193804, "n_waypoints_completed": 9, "tot_waypoints": 9}}
{"target": -182.82532111961814, "params": {"k_pid_pos": [0.805126955780803, 0.03529477886082539, 0.1310546198586876], "k_pid_alt": [1.3544442798431244, 0.0, 0.01920465491888626], "k_pid_att": [10.439930304534641, 4.889034523908267, 0.7032866063932638], "k_pid_yaw": [0.5, 1e-06, 0.1], "k_pid_hsp": [0.25750312804493347, 0.023168930998936032, 0.0], "k_pid_vsp": [321.5373284192204, 134.57643862523298, 0.050307636178655135]}, "datetime": {"datetime": "2025-08-13 17:18:39", "elapsed": 27047.00150156021, "delta": 17.12989616394043}, "costs": {"total_cost": 182.82532111961814, "time_cost": 70.357, "final_distance_cost": 1.8463354866114625, "oscillation_cost": 28.072785221749616, "completition_cost": 0.0, "overshoot_cost": 50.39478665711903, "power_cost": 11.817049035644532, "noise_cost": 20.3373647184935, "n_waypoints_completed": 9, "tot_waypoints": 9}}
{"target": -198.54698222115522, "params": {"k_pid_pos": [0.6818414763505697, 0.03741256954931179, 0.004417629810101094], "k_pid_alt": [1.7829646848674485, 0.0, 0.01411822061590023], "k_pid_att": [6.930496115729252, 3.8729460003784175, 0.6056828604862068], "k_pid_yaw": [0.5, 1e-06, 0.1], "k_pid_hsp": [0.3082775556839372, 0.028265039070026907, 0.0], "k_pid_vsp": [169.2900067877038, 75.8457065644181, 0.17280346003684058]}, "datetime": {"datetime": "2025-08-13 17:18:56", "elapsed": 27064.0404484272, "delta": 17.038946866989136}, "costs": {"total_cost": 198.54698222115522, "time_cost": 71.792, "final_distance_cost": 1.8470963216333602, "oscillation_cost": 29.00422004640926, "completition_cost": 0.0, "overshoot_cost": 51.110626313299456, "power_cost": 21.48334118652344, "noise_cost": 23.30969835328972, "n_waypoints_completed": 9, "tot_waypoints": 9}}
{"target": -181.81044656390634, "params": {"k_pid_pos": [0.9134910384349423, 0.057647943880800634, 0.1850965427628841], "k_pid_alt": [1.8015354434583652, 0.0, 0.02128426379373419], "k_pid_att": [10.026407734447313, 4.9368551984007985, 0.3687089416655], "k_pid_yaw": [0.5, 1e-06, 0.1], "k_pid_hsp": [0.3102563446954405, 0.012831010795913917, 0.0], "k_pid_vsp": [296.39763141815195, 117.72378665483508, 0.10453728315880707]}, "datetime": {"datetime": "2025-08-13 17:19:12", "elapsed": 27080.74004292488, "delta": 16.699594497680664}, "costs": {"total_cost": 181.81044656390634, "time_cost": 69.95100000000001, "final_distance_cost": 1.8406923518724765, "oscillation_cost": 27.666634634262266, "completition_cost": 0.0, "overshoot_cost": 49.95220765627476, "power_cost": 11.993426184082033, "noise_cost": 20.40648573741479, "n_waypoints_completed": 9, "tot_waypoints": 9}}
{"target": -193.65758986097282, "params": {"k_pid_pos": [1.162938083837571, 0.056840154923490725, 0.2642388653029366], "k_pid_alt": [1.4811538969986071, 0.0, 0.018351625562561213], "k_pid_att": [13.290052491385632, 5.432784343944547, 0.5881528800494391], "k_pid_yaw": [0.5, 1e-06, 0.1], "k_pid_hsp": [0.30948880577028687, 0.015333607340895228, 0.0], "k_pid_vsp": [255.41970524385, 69.14364172047601, 0.24987052317465544]}, "datetime": {"datetime": "2025-08-13 17:19:30", "elapsed": 27098.33452320099, "delta": 17.594480276107788}, "costs": {"total_cost": 193.65758986097282, "time_cost": 69.95100000000001, "final_distance_cost": 1.8303786292172735, "oscillation_cost": 30.069387109917923, "completition_cost": 0.0, "overshoot_cost": 50.92637761616331, "power_cost": 18.98137781982422, "noise_cost": 21.899068685850107, "n_waypoints_completed": 9, "tot_waypoints": 9}}
{"target": -190.2567114955112, "params": {"k_pid_pos": [1.0080990383584998, 0.0589593019515772, 0.1473989814085348], "k_pid_alt": [1.940411765865881, 0.0, 0.018130667649805986], "k_pid_att": [12.557132861696909, 5.15611083397407, 0.9517339242107986], "k_pid_yaw": [0.5, 1e-06, 0.1], "k_pid_hsp": [0.308219035243813, 0.019726478312867047, 0.0], "k_pid_vsp": [277.4972225717066, 126.23540579964374, 0.14816395433006513]}, "datetime": {"datetime": "2025-08-13 17:19:47", "elapsed": 27115.034959554672, "delta": 16.70043635368347}, "costs": {"total_cost": 190.2567114955112, "time_cost": 69.496, "final_distance_cost": 1.8423945839349936, "oscillation_cost": 30.048468629864978, "completition_cost": 0.0, "overshoot_cost": 50.3404428991647, "power_cost": 16.92315352783203, "noise_cost": 21.606251854714536, "n_waypoints_completed": 9, "tot_waypoints": 9}}
{"target": -185.82581189547685, "params": {"k_pid_pos": [1.4469825783414114, 0.05301226422553262, 0.25962298419246893], "k_pid_alt": [1.2678564536198955, 0.0, 0.02737409470931569], "k_pid_att": [8.246435762073213, 4.235373062233087, 0.5981062101398517], "k_pid_yaw": [0.5, 1e-06, 0.1], "k_pid_hsp": [0.23951890249607158, 0.019163154017455504, 0.0], "k_pid_vsp": [251.54517323969185, 30.699976982851368, 0.11335423535628493]}, "datetime": {"datetime": "2025-08-13 17:20:04", "elapsed": 27132.321974039078, "delta": 17.287014484405518}, "costs": {"total_cost": 185.82581189547685, "time_cost": 69.223, "final_distance_cost": 1.8099484633892036, "oscillation_cost": 31.94192817233762, "completition_cost": 0.0, "overshoot_cost": 50.48395154053846, "power_cost": 12.487347180175782, "noise_cost": 19.879636539035765, "n_waypoints_completed": 9, "tot_waypoints": 9}}
{"target": -192.31436535441827, "params": {"k_pid_pos": [1.1127705458408574, 0.08132023209663587, 0.29089487561051397], "k_pid_alt": [1.4879059775981123, 0.0, 0.0336801939609136], "k_pid_att": [10.21747148211564, 6.429917362195475, 0.8005390316966451], "k_pid_yaw": [0.5, 1e-06, 0.1], "k_pid_hsp": [0.2109689638266626, 0.013159720696716856, 0.0], "k_pid_vsp": [309.72788644870127, 129.6701596074476, 0.16500506183573063]}, "datetime": {"datetime": "2025-08-13 17:20:20", "elapsed": 27148.714925527573, "delta": 16.392951488494873}, "costs": {"total_cost": 192.31436535441827, "time_cost": 69.811, "final_distance_cost": 1.8163781909633379, "oscillation_cost": 29.846955157080895, "completition_cost": 0.0, "overshoot_cost": 50.51015400714551, "power_cost": 18.73169010009766, "noise_cost": 21.598187899130874, "n_waypoints_completed": 9, "tot_waypoints": 9}}
{"target": -191.41664251673814, "params": {"k_pid_pos": [0.8798006189584621, 0.04319305303622969, 0.1027793063898228], "k_pid_alt": [1.7539973337767327, 0.0, 0.021200241693975663], "k_pid_att": [9.6112169019758, 7.635862486455079, 0.5365354473854351], "k_pid_yaw": [0.5, 1e-06, 0.1], "k_pid_hsp": [0.20777338963848982, 0.015750057054869333, 0.0], "k_pid_vsp": [317.45576032360486, 84.15468158699615, 0.13683294309887875]}, "datetime": {"datetime": "2025-08-13 17:20:37", "elapsed": 27165.68006825447, "delta": 16.965142726898193}, "costs": {"total_cost": 191.41664251673814, "time_cost": 70.056, "final_distance_cost": 1.8310271352124845, "oscillation_cost": 28.9400436311628, "completition_cost": 0.0, "overshoot_cost": 50.8771767788613, "power_cost": 17.83526530761719, "noise_cost": 21.877129663884382, "n_waypoints_completed": 9, "tot_waypoints": 9}}
{"target": -184.50513141813593, "params": {"k_pid_pos": [1.1121212292710307, 0.07405713920954282, 0.18614228043252756], "k_pid_alt": [1.3592431826874456, 0.0, 0.016987433766017752], "k_pid_att": [11.039874443199315, 4.513984578620675, 0.45774968420405404], "k_pid_yaw": [0.5, 1e-06, 0.1], "k_pid_hsp": [0.2248910347718618, 0.019497219761539935, 0.0], "k_pid_vsp": [306.02374465443927, 120.59552456976269, 0.18914804762363016]}, "datetime": {"datetime": "2025-08-13 17:20:53", "elapsed": 27181.97772169113, "delta": 16.297653436660767}, "costs": {"total_cost": 184.50513141813593, "time_cost": 69.013, "final_distance_cost": 1.8323080967974072, "oscillation_cost": 30.160863000944662, "completition_cost": 0.0, "overshoot_cost": 50.303678193398184, "power_cost": 13.038596960449219, "noise_cost": 20.156685166546453, "n_waypoints_completed": 9, "tot_waypoints": 9}}
{"target": -192.5670886572814, "params": {"k_pid_pos": [0.8239727746728435, 0.03980809683976305, 0.3379322310515389], "k_pid_alt": [1.2591329845319088, 0.0, 0.026609835128943733], "k_pid_att": [12.093008973302084, 5.850324730902185, 0.6870241572407348], "k_pid_yaw": [0.5, 1e-06, 0.1], "k_pid_hsp": [0.28830727552746066, 0.011752732119214423, 0.0], "k_pid_vsp": [203.49332823288435, 96.84599448793233, 0.0705853226218822]}, "datetime": {"datetime": "2025-08-13 17:21:12", "elapsed": 27200.052109241486, "delta": 18.074387550354004}, "costs": {"total_cost": 192.5670886572814, "time_cost": 73.843, "final_distance_cost": 1.848722311257505, "oscillation_cost": 27.622073137138386, "completition_cost": 0.0, "overshoot_cost": 50.25985148303276, "power_cost": 16.231577661132814, "noise_cost": 22.76186406471995, "n_waypoints_completed": 9, "tot_waypoints": 9}}
{"target": -187.43188659935998, "params": {"k_pid_pos": [1.0711568566147467, 0.06317143362497848, 0.0], "k_pid_alt": [1.44630750795303, 0.0, 0.023131704595922366], "k_pid_att": [16.594923675272746, 6.490481333790712, 0.3371864019252799], "k_pid_yaw": [0.5, 1e-06, 0.1], "k_pid_hsp": [0.2693175053416626, 0.011136304915813215, 0.0], "k_pid_vsp": [166.34465518027136, 36.1800462664561, 0.15113968986782358]}, "datetime": {"datetime": "2025-08-13 17:21:28", "elapsed": 27216.47310066223, "delta": 16.42099142074585}, "costs": {"total_cost": 187.43188659935998, "time_cost": 69.47500000000001, "final_distance_cost": 1.8149919611567142, "oscillation_cost": 30.702470360982584, "completition_cost": 0.0, "overshoot_cost": 50.95507098109345, "power_cost": 13.878131384277344, "noise_cost": 20.606221911849904, "n_waypoints_completed": 9, "tot_waypoints": 9}}
{"target": -184.40637241721396, "params": {"k_pid_pos": [0.6032102393268518, 0.05500250293211198, 0.0939157314804876], "k_pid_alt": [1.3520581401701037, 0.0, 0.025324249216462928], "k_pid_att": [14.2492269523624, 6.666906528747478, 0.6632232080222437], "k_pid_yaw": [0.5, 1e-06, 0.1], "k_pid_hsp": [0.2320087798103312, 0.011666791360270226, 0.0], "k_pid_vsp": [302.2648731704364, 120.54148850114251, 0.15709864749327576]}, "datetime": {"datetime": "2025-08-13 17:21:45", "elapsed": 27233.967921972275, "delta": 17.494821310043335}, "costs": {"total_cost": 184.40637241721396, "time_cost": 73.801, "final_distance_cost": 1.8416281081784054, "oscillation_cost": 26.295685147359997, "completition_cost": 0.0, "overshoot_cost": 50.58267137736746, "power_cost": 10.773709545898438, "noise_cost": 21.11167823840963, "n_waypoints_completed": 9, "tot_waypoints": 9}}
{"target": -184.99731153535515, "params": {"k_pid_pos": [1.1584945027679687, 0.04266873158125584, 0.22443149239435667], "k_pid_alt": [1.3286818046768583, 0.0, 0.03706408217663767], "k_pid_att": [16.0105534938423, 4.48641617978928, 0.6690214548923391], "k_pid_yaw": [0.5, 1e-06, 0.1], "k_pid_hsp": [0.3131616082761999, 0.008204341791952787, 0.0], "k_pid_vsp": [197.11804193966472, 96.69395018993238, 0.08896145376800912]}, "datetime": {"datetime": "2025-08-13 17:22:03", "elapsed": 27251.916375637054, "delta": 17.948453664779663}, "costs": {"total_cost": 184.99731153535515, "time_cost": 69.237, "final_distance_cost": 1.8384952142835196, "oscillation_cost": 29.940089391516125, "completition_cost": 0.0, "overshoot_cost": 50.412071247460915, "power_cost": 13.19042938232422, "noise_cost": 20.379226299770373, "n_waypoints_completed": 9, "tot_waypoints": 9}}
{"target": -184.07349758640623, "params": {"k_pid_pos": [1.025148825973828, 0.04143002813721206, 0.2741198751898703], "k_pid_alt": [0.9988681688469588, 0.0, 0.023104140032816814], "k_pid_att": [10.396561584890225, 6.132222215851878, 0.6732586505537527], "k_pid_yaw": [0.5, 1e-06, 0.1], "k_pid_hsp": [0.173410662858677, 0.0218827805552677, 0.0], "k_pid_vsp": [187.5970119479955, 85.65032461840794, 0.10649111103595965]}, "datetime": {"datetime": "2025-08-13 17:22:20", "elapsed": 27268.752943992615, "delta": 16.836568355560303}, "costs": {"total_cost": 184.07349758640623, "time_cost": 69.881, "final_distance_cost": 1.837627002921156, "oscillation_cost": 29.49454027936539, "completition_cost": 0.0, "overshoot_cost": 49.64694311208762, "power_cost": 12.896089929199219, "noise_cost": 20.317297262832856, "n_waypoints_completed": 9, "tot_waypoints": 9}}
{"target": -194.97935229903896, "params": {"k_pid_pos": [0.845654736439884, 0.06675681218811573, 0.1823744123480938], "k_pid_alt": [1.6156827894065708, 0.0, 0.016555730705061545], "k_pid_att": [17.952061623718595, 7.187665772504051, 0.6677123793590809], "k_pid_yaw": [0.5, 1e-06, 0.1], "k_pid_hsp": [0.2881781462810962, 0.025599066359946687, 0.0], "k_pid_vsp": [324.0804188474419, 75.66406701033758, 0.16341797644351866]}, "datetime": {"datetime": "2025-08-13 17:22:37", "elapsed": 27285.29725599289, "delta": 16.544312000274658}, "costs": {"total_cost": 194.97935229903896, "time_cost": 71.316, "final_distance_cost": 1.8330200481274546, "oscillation_cost": 27.946940073674853, "completition_cost": 0.0, "overshoot_cost": 51.44993457535184, "power_cost": 19.577271118164063, "noise_cost": 22.856186483720755, "n_waypoints_completed": 9, "tot_waypoints": 9}}
{"target": -198.5733712282881, "params": {"k_pid_pos": [1.6452640077530418, 0.07064114798192637, 0.1219672654775213], "k_pid_alt": [1.6933422803878901, 0.0, 0.026326752360779766], "k_pid_att": [12.674053985900732, 3.347147576436919, 0.6732684742728935], "k_pid_yaw": [0.5, 1e-06, 0.1], "k_pid_hsp": [0.26018342785251963, 0.015401785958212136, 0.0], "k_pid_vsp": [342.60923777211536, 87.0586193460087, 0.19967915090752278]}, "datetime": {"datetime": "2025-08-13 17:22:54", "elapsed": 27302.1833319664, "delta": 16.886075973510742}, "costs": {"total_cost": 198.5733712282881, "time_cost": 70.735, "final_distance_cost": 1.803507118416576, "oscillation_cost": 34.95124499194408, "completition_cost": 0.0, "overshoot_cost": 50.94105025972028, "power_cost": 18.544217993164064, "noise_cost": 21.598350865043095, "n_waypoints_completed": 9, "tot_waypoints": 9}}
{"target": -190.16781371245602, "params": {"k_pid_pos": [1.0188318046243545, 0.04509942318283636, 0.1531204665760502], "k_pid_alt": [1.2581007111317362, 0.0, 0.022084836830772517], "k_pid_att": [16.501379536920226, 2.790240936024938, 0.49580281729581427], "k_pid_yaw": [0.5, 1e-06, 0.1], "k_pid_hsp": [0.2979155366620373, 0.015036783886215377, 0.0], "k_pid_vsp": [258.3498312778952, 85.91528519794456, 0.16166193590526154]}, "datetime": {"datetime": "2025-08-13 17:23:10", "elapsed": 27318.936779260635, "delta": 16.75344729423523}, "costs": {"total_cost": 190.16781371245602, "time_cost": 69.902, "final_distance_cost": 1.830074478963855, "oscillation_cost": 28.781409902635808, "completition_cost": 0.0, "overshoot_cost": 50.71093776779107, "power_cost": 17.30650106201172, "noise_cost": 21.63689050105356, "n_waypoints_completed": 9, "tot_waypoints": 9}}
