{"target": -192.81591809166557, "params": {"k_pid_pos": [1.9563852802885755, 0.10378444131971576, 0.20605963311872896], "k_pid_alt": [2.0, 0.007976804691817755, 0.03463325370066206], "k_pid_att": [18.761703350915976, 6.99594441991177, 1.0], "k_pid_yaw": [0.5, 1e-06, 0.1], "k_pid_hsp": [0.9628989826158899, 0.028843015290559017, 0.0], "k_pid_vsp": [293.7526010034846, 112.2401092238524, 0.2144885598854351]}, "datetime": {"datetime": "2025-08-13 13:32:58", "elapsed": 13506.21279668808, "delta": 20.937599897384644}, "costs": {"total_cost": 192.81591809166557, "time_cost": 69.188, "final_distance_cost": 1.7574223750605678, "oscillation_cost": 34.920623607651486, "completition_cost": 0.0, "overshoot_cost": 51.1819214407209, "power_cost": 15.33128446044922, "noise_cost": 20.436666207783393, "n_waypoints_completed": 9, "tot_waypoints": 9}}
{"target": -185.46190909980263, "params": {"k_pid_pos": [0.972837824044591, 0.08194308399040569, 0.3322164446960121], "k_pid_alt": [1.0393033932184896, 0.004754021182561105, 0.08181088719407138], "k_pid_att": [41.67889749946327, 3.7049265954430446, 0.7032531299654284], "k_pid_yaw": [0.5, 1e-06, 0.1], "k_pid_hsp": [0.199514986163194, 0.04193487534843856, 0.0], "k_pid_vsp": [46.39450882271069, 218.66835282500827, 0.5173455494884516]}, "datetime": {"datetime": "2025-08-13 13:33:18", "elapsed": 13526.667463302612, "delta": 20.45466661453247}, "costs": {"total_cost": 185.46190909980263, "time_cost": 70.637, "final_distance_cost": 1.83566239213929, "oscillation_cost": 30.801896431856328, "completition_cost": 0.0, "overshoot_cost": 49.6999402432782, "power_cost": 12.46011473388672, "noise_cost": 20.027295298642088, "n_waypoints_completed": 9, "tot_waypoints": 9}}
{"target": -243.3445991029605, "params": {"k_pid_pos": [1.082736010852176, 0.09694555843089368, 0.23255194991544978], "k_pid_alt": [0.22720502335371373, 0.0018896174075162062, 0.031979352397430404], "k_pid_att": [44.66177100197873, 4.079357713976423, 0.6118505963031219], "k_pid_yaw": [0.5, 1e-06, 0.1], "k_pid_hsp": [0.5119230789445957, 0.031840110705527815, 0.0], "k_pid_vsp": [398.4110310476827, 107.56878803216654, 0.34656904701873353]}, "datetime": {"datetime": "2025-08-13 13:33:47", "elapsed": 13555.63696718216, "delta": 28.96950387954712}, "costs": {"total_cost": 243.3445991029605, "time_cost": 106.883, "final_distance_cost": 1.8616308799038617, "oscillation_cost": 31.479491002918984, "completition_cost": 0.0, "overshoot_cost": 53.25590213751761, "power_cost": 19.50082917480469, "noise_cost": 30.36374590781538, "n_waypoints_completed": 9, "tot_waypoints": 9}}
{"target": -194.52222946012145, "params": {"k_pid_pos": [1.687775944578353, 0.10371947609508096, 0.17004315904676745], "k_pid_alt": [1.2825552784355116, 0.007359510228263192, 0.05893691688887579], "k_pid_att": [16.921509183437223, 5.353428396722864, 0.7825290338091279], "k_pid_yaw": [0.5, 1e-06, 0.1], "k_pid_hsp": [1.6995248747697147, 0.043792271406406375, 0.0], "k_pid_vsp": [209.48234527120084, 91.96529854986655, 0.270001774279642]}, "datetime": {"datetime": "2025-08-13 13:34:04", "elapsed": 13572.486859798431, "delta": 16.849892616271973}, "costs": {"total_cost": 194.52222946012145, "time_cost": 68.971, "final_distance_cost": 1.7967725500790288, "oscillation_cost": 36.40544686079849, "completition_cost": 0.0, "overshoot_cost": 50.54707075850605, "power_cost": 16.127711914062502, "noise_cost": 20.674227376675358, "n_waypoints_completed": 9, "tot_waypoints": 9}}
{"target": -191.27507774854564, "params": {"k_pid_pos": [1.2502732330169621, 0.05117896062429453, 0.20816131885236377], "k_pid_alt": [2.0, 0.014751347068536034, 0.04704504646021507], "k_pid_att": [34.32023642961381, 6.867385118270601, 0.47173928817155336], "k_pid_yaw": [0.5, 1e-06, 0.1], "k_pid_hsp": [1.5376856066458802, 0.031227802042028116, 0.0], "k_pid_vsp": [68.20977257592138, 161.46640393380673, 0.11720184419357156]}, "datetime": {"datetime": "2025-08-13 13:34:21", "elapsed": 13589.355673074722, "delta": 16.868813276290894}, "costs": {"total_cost": 191.27507774854564, "time_cost": 69.517, "final_distance_cost": 1.8350311549738376, "oscillation_cost": 35.061244603829245, "completition_cost": 0.0, "overshoot_cost": 50.441696620521945, "power_cost": 13.842318493652344, "noise_cost": 20.57778687556824, "n_waypoints_completed": 9, "tot_waypoints": 9}}
{"target": -203.52920563464875, "params": {"k_pid_pos": [1.078921710170842, 0.045853176941670536, 0.1467317921754564], "k_pid_alt": [2.0, 0.0, 0.05074089889657971], "k_pid_att": [50.97988350877977, 6.206509797735844, 1.0], "k_pid_yaw": [0.5, 1e-06, 0.1], "k_pid_hsp": [0.582434934651939, 0.06523124418828191, 0.0], "k_pid_vsp": [182.85870643319004, 1e-06, 1e-06]}, "datetime": {"datetime": "2025-08-13 13:34:39", "elapsed": 13607.39400601387, "delta": 18.03833293914795}, "costs": {"total_cost": 203.52920563464875, "time_cost": 73.129, "final_distance_cost": 1.8485854581802315, "oscillation_cost": 31.875466644004064, "completition_cost": 0.0, "overshoot_cost": 52.244691567825434, "power_cost": 21.153247497558596, "noise_cost": 23.278214467080407, "n_waypoints_completed": 9, "tot_waypoints": 9}}
{"target": -185.56566496215763, "params": {"k_pid_pos": [1.4425682775242452, 0.047852599582251826, 0.2319186649462667], "k_pid_alt": [2.0, 0.003090762880582383, 0.032540311754625455], "k_pid_att": [43.4638336643651, 8.691945860952629, 1.0], "k_pid_yaw": [0.5, 1e-06, 0.1], "k_pid_hsp": [0.7202991678281635, 0.05716574791073382, 0.0], "k_pid_vsp": [238.22793973203838, 112.44062041716127, 0.33030461813488704]}, "datetime": {"datetime": "2025-08-13 13:34:56", "elapsed": 13624.63028383255, "delta": 17.23627781867981}, "costs": {"total_cost": 185.56566496215763, "time_cost": 68.69800000000001, "final_distance_cost": 1.8204242936792154, "oscillation_cost": 32.037619781886825, "completition_cost": 0.0, "overshoot_cost": 50.13792114505452, "power_cost": 12.922552185058594, "noise_cost": 19.949147556478454, "n_waypoints_completed": 9, "tot_waypoints": 9}}
{"target": -189.87576796263764, "params": {"k_pid_pos": [1.7871843869812534, 0.12325036525370671, 0.19820143606144414], "k_pid_alt": [1.8266391883587092, 0.01853994085216463, 0.04411175647835088], "k_pid_att": [39.00784873478208, 9.544909043373748, 0.6096436781180467], "k_pid_yaw": [0.5, 1e-06, 0.1], "k_pid_hsp": [0.748810591044012, 0.05164757661818248, 0.0], "k_pid_vsp": [152.6615525281376, 181.60303377056889, 1e-06]}, "datetime": {"datetime": "2025-08-13 13:35:13", "elapsed": 13641.809009313583, "delta": 17.178725481033325}, "costs": {"total_cost": 189.87576796263764, "time_cost": 68.677, "final_distance_cost": 1.7946418998703761, "oscillation_cost": 34.81074420597616, "completition_cost": 0.0, "overshoot_cost": 50.51583215594099, "power_cost": 14.052214965820314, "noise_cost": 20.025334735029787, "n_waypoints_completed": 9, "tot_waypoints": 9}}
{"target": -214.67059568029666, "params": {"k_pid_pos": [0.5151529300153846, 0.17308586354325958, 0.27919649514439526], "k_pid_alt": [1.220976741493342, 0.0, 0.07376136319193045], "k_pid_att": [39.08012205114792, 6.18202741848901, 1.0], "k_pid_yaw": [0.5, 1e-06, 0.1], "k_pid_hsp": [0.4169606786120366, 0.048807200318411854, 0.0], "k_pid_vsp": [105.72258825364594, 129.85123767032542, 0.5549874458422928]}, "datetime": {"datetime": "2025-08-13 13:35:35", "elapsed": 13663.305574417114, "delta": 21.496565103530884}, "costs": {"total_cost": 214.67059568029666, "time_cost": 83.33500000000001, "final_distance_cost": 1.84015904176635, "oscillation_cost": 25.809477371748823, "completition_cost": 0.0, "overshoot_cost": 52.27579786811998, "power_cost": 24.358100732421875, "noise_cost": 27.05206066623961, "n_waypoints_completed": 9, "tot_waypoints": 9}}
{"target": -206.69746835742575, "params": {"k_pid_pos": [1.5233555835748718, 0.11907471298634531, 0.2187009176685594], "k_pid_alt": [0.44488516142269047, 0.0, 0.04486321042071353], "k_pid_att": [34.0002639416281, 2.989383085078392, 0.6013983649570113], "k_pid_yaw": [0.5, 1e-06, 0.1], "k_pid_hsp": [0.5568653845874297, 0.0953474615899705, 0.0], "k_pid_vsp": [95.7199354899282, 183.97517490701466, 0.32780821401453203]}, "datetime": {"datetime": "2025-08-13 13:35:56", "elapsed": 13684.321638822556, "delta": 21.016064405441284}, "costs": {"total_cost": 206.69746835742575, "time_cost": 80.339, "final_distance_cost": 1.8546194201134893, "oscillation_cost": 34.87015575249518, "completition_cost": 0.0, "overshoot_cost": 50.05876121617618, "power_cost": 16.477734777832033, "noise_cost": 23.09719719080887, "n_waypoints_completed": 9, "tot_waypoints": 9}}
{"target": -190.89156350096619, "params": {"k_pid_pos": [1.0807904260153693, 0.15337956677582312, 0.2566807552455545], "k_pid_alt": [2.0, 0.0, 0.04475370202860617], "k_pid_att": [16.62939672229092, 8.811239189039847, 0.8609658820464668], "k_pid_yaw": [0.5, 1e-06, 0.1], "k_pid_hsp": [0.6234892598052331, 0.057601682103705885, 0.0], "k_pid_vsp": [223.9577194772645, 400.0, 0.08308892194853845]}, "datetime": {"datetime": "2025-08-13 13:36:15", "elapsed": 13703.446226119995, "delta": 19.124587297439575}, "costs": {"total_cost": 190.89156350096619, "time_cost": 70.147, "final_distance_cost": 1.8232894931420305, "oscillation_cost": 32.50789463066005, "completition_cost": 0.0, "overshoot_cost": 50.52497250796636, "power_cost": 14.8449076171875, "noise_cost": 21.043499252010267, "n_waypoints_completed": 9, "tot_waypoints": 9}}
{"target": -189.9324230699814, "params": {"k_pid_pos": [1.521201623335162, 0.1107005490467744, 0.2085418062839207], "k_pid_alt": [2.0, 0.008616439860333393, 0.03713901410897796], "k_pid_att": [39.474143169389244, 6.245075596754191, 1.0], "k_pid_yaw": [0.5, 1e-06, 0.1], "k_pid_hsp": [0.7882111151332195, 0.03209774516782534, 0.0], "k_pid_vsp": [238.17923790634688, 19.361710109681344, 0.40638859576333414]}, "datetime": {"datetime": "2025-08-13 13:36:32", "elapsed": 13720.519340991974, "delta": 17.07311487197876}, "costs": {"total_cost": 189.9324230699814, "time_cost": 69.706, "final_distance_cost": 1.7928405364209452, "oscillation_cost": 31.957951085294464, "completition_cost": 0.0, "overshoot_cost": 51.02140982727911, "power_cost": 14.647887817382813, "noise_cost": 20.806333803604087, "n_waypoints_completed": 9, "tot_waypoints": 9}}
{"target": -195.2930516152995, "params": {"k_pid_pos": [1.9555242840739302, 0.17143710594001027, 0.15560793004241102], "k_pid_alt": [1.0901489306187904, 0.002702976802914887, 0.07454274105961702], "k_pid_att": [25.950276181962277, 8.930951088331797, 0.9939135856310694], "k_pid_yaw": [0.5, 1e-06, 0.1], "k_pid_hsp": [0.861086466157121, 0.06345486681936885, 0.0], "k_pid_vsp": [171.468450484713, 342.01469461669734, 0.3067691270323503]}, "datetime": {"datetime": "2025-08-13 13:36:49", "elapsed": 13737.570145845413, "delta": 17.05080485343933}, "costs": {"total_cost": 195.2930516152995, "time_cost": 69.426, "final_distance_cost": 1.7478752665568973, "oscillation_cost": 38.25650466416142, "completition_cost": 0.0, "overshoot_cost": 49.90091070281622, "power_cost": 15.599826208496095, "noise_cost": 20.361934773268874, "n_waypoints_completed": 9, "tot_waypoints": 9}}
{"target": -187.83823549233944, "params": {"k_pid_pos": [1.618310402761262, 0.15728703083834164, 0.14793491216274487], "k_pid_alt": [0.9656622702554012, 0.0, 0.04274699595324042], "k_pid_att": [48.82179447700082, 5.456399175654611, 0.4374298055544433], "k_pid_yaw": [0.5, 1e-06, 0.1], "k_pid_hsp": [1.2477839002699425, 0.05422764408503411, 0.0], "k_pid_vsp": [70.3320820637807, 378.3562171720298, 0.07806150970257338]}, "datetime": {"datetime": "2025-08-13 13:37:08", "elapsed": 13756.630423545837, "delta": 19.060277700424194}, "costs": {"total_cost": 187.83823549233944, "time_cost": 69.47500000000001, "final_distance_cost": 1.783538788939539, "oscillation_cost": 37.78870430280055, "completition_cost": 0.0, "overshoot_cost": 49.65644738674164, "power_cost": 10.65913504638672, "noise_cost": 18.47540996747098, "n_waypoints_completed": 9, "tot_waypoints": 9}}
{"target": -190.41597688823998, "params": {"k_pid_pos": [1.2858207608422851, 0.044071874437553914, 0.2965597157883476], "k_pid_alt": [2.0, 0.012640151894025292, 0.031159610408685937], "k_pid_att": [55.08234787929174, 4.936263408011424, 0.42566167889342266], "k_pid_yaw": [0.5, 1e-06, 0.1], "k_pid_hsp": [0.5452346219114611, 0.036499780122072153, 0.0], "k_pid_vsp": [48.7595285481774, 1e-06, 0.20673824598785942]}, "datetime": {"datetime": "2025-08-13 13:37:28", "elapsed": 13776.67950963974, "delta": 20.049086093902588}, "costs": {"total_cost": 190.41597688823998, "time_cost": 71.575, "final_distance_cost": 1.8392933830759983, "oscillation_cost": 31.156725039394715, "completition_cost": 0.0, "overshoot_cost": 52.19603241966684, "power_cost": 11.974975244140625, "noise_cost": 21.67395080196179, "n_waypoints_completed": 9, "tot_waypoints": 9}}
{"target": -190.70736123240204, "params": {"k_pid_pos": [1.480138463135188, 0.14176105690795537, 0.28792311662267994], "k_pid_alt": [2.0, 0.0023586531062856964, 0.05382873699513154], "k_pid_att": [41.433132177230966, 10.0, 1.0], "k_pid_yaw": [0.5, 1e-06, 0.1], "k_pid_hsp": [0.5025860787455211, 0.0870510861248211, 0.0], "k_pid_vsp": [336.9130640521337, 190.3266205365763, 0.28010247770063496]}, "datetime": {"datetime": "2025-08-13 13:37:48", "elapsed": 13796.12484574318, "delta": 19.44533610343933}, "costs": {"total_cost": 190.70736123240204, "time_cost": 69.398, "final_distance_cost": 1.8129882753824573, "oscillation_cost": 32.10222526125429, "completition_cost": 0.0, "overshoot_cost": 50.35328770464648, "power_cost": 16.079182055664063, "noise_cost": 20.961677935454745, "n_waypoints_completed": 9, "tot_waypoints": 9}}
{"target": -184.46753189533777, "params": {"k_pid_pos": [1.2788922586497316, 0.09475455741317589, 0.2348968892841146], "k_pid_alt": [2.0, 0.004788357675926463, 0.04810707260053446], "k_pid_att": [36.62084550314653, 4.242960024489126, 0.8883334936497832], "k_pid_yaw": [0.5, 1e-06, 0.1], "k_pid_hsp": [0.3145708694008648, 0.053965558636554695, 0.0], "k_pid_vsp": [228.76528699080987, 159.600247232354, 0.22575856073190584]}, "datetime": {"datetime": "2025-08-13 13:38:07", "elapsed": 13815.53718662262, "delta": 19.412340879440308}, "costs": {"total_cost": 184.46753189533777, "time_cost": 69.041, "final_distance_cost": 1.8197210909965729, "oscillation_cost": 31.14927089980901, "completition_cost": 0.0, "overshoot_cost": 49.93802976250662, "power_cost": 12.538995141601562, "noise_cost": 19.980515000424017, "n_waypoints_completed": 9, "tot_waypoints": 9}}
{"target": -194.98370851947587, "params": {"k_pid_pos": [1.4042765048582713, 0.06077533046351316, 0.21137432925647182], "k_pid_alt": [2.0, 0.022325085187365836, 0.035536641456859364], "k_pid_att": [42.993860629818926, 6.515977205852262, 0.6778806377139528], "k_pid_yaw": [0.5, 1e-06, 0.1], "k_pid_hsp": [1.0144430348270042, 0.05925831892105069, 0.0], "k_pid_vsp": [248.59069208228834, 273.79631342076954, 0.4786052506845255]}, "datetime": {"datetime": "2025-08-13 13:38:26", "elapsed": 13834.83928990364, "delta": 19.302103281021118}, "costs": {"total_cost": 194.98370851947587, "time_cost": 69.503, "final_distance_cost": 1.8435890109917372, "oscillation_cost": 33.41485059231933, "completition_cost": 0.0, "overshoot_cost": 50.717092683528264, "power_cost": 17.814241577148437, "noise_cost": 21.690934655488117, "n_waypoints_completed": 9, "tot_waypoints": 9}}
{"target": -194.39532417449462, "params": {"k_pid_pos": [0.9056672114337706, 0.04468419893238872, 0.3860568725693301], "k_pid_alt": [2.0, 0.005134787390225745, 0.04201018280582106], "k_pid_att": [28.035824763646428, 3.082325670887325, 0.7516695089724292], "k_pid_yaw": [0.5, 1e-06, 0.1], "k_pid_hsp": [0.11443290584919914, 0.06028482278007121, 0.0], "k_pid_vsp": [301.33966618617364, 143.9196956254859, 0.1688559402526936]}, "datetime": {"datetime": "2025-08-13 13:38:45", "elapsed": 13853.375617742538, "delta": 18.536327838897705}, "costs": {"total_cost": 194.39532417449462, "time_cost": 74.767, "final_distance_cost": 1.8551530613103224, "oscillation_cost": 33.087487285672495, "completition_cost": 0.0, "overshoot_cost": 50.406704092258636, "power_cost": 12.15994578857422, "noise_cost": 22.11903394667895, "n_waypoints_completed": 9, "tot_waypoints": 9}}
{"target": -187.26160009059723, "params": {"k_pid_pos": [1.9307131486255764, 0.1370411211194017, 0.4203341935572815], "k_pid_alt": [2.0, 0.01985534079806184, 0.05265439455560935], "k_pid_att": [39.788461284832245, 5.568982459778138, 0.7426638591921946], "k_pid_yaw": [0.5, 1e-06, 0.1], "k_pid_hsp": [0.6265644354400518, 0.03522244575603318, 0.0], "k_pid_vsp": [393.11547757955395, 166.46150700339106, 0.23632573538026447]}, "datetime": {"datetime": "2025-08-13 13:39:03", "elapsed": 13871.045069694519, "delta": 17.66945195198059}, "costs": {"total_cost": 187.26160009059723, "time_cost": 69.21600000000001, "final_distance_cost": 1.80009447238339, "oscillation_cost": 31.989239069272834, "completition_cost": 0.0, "overshoot_cost": 51.205197458630195, "power_cost": 13.074056127929689, "noise_cost": 19.977012962381117, "n_waypoints_completed": 9, "tot_waypoints": 9}}
{"target": -204.44796387544517, "params": {"k_pid_pos": [2.0, 0.20354504566591755, 0.0], "k_pid_alt": [1.1733760367057293, 0.011285580669467082, 0.05841472616457607], "k_pid_att": [29.681636762205414, 10.0, 1.0], "k_pid_yaw": [0.5, 1e-06, 0.1], "k_pid_hsp": [1.4083719364769054, 0.061612446977618536, 0.0], "k_pid_vsp": [177.68343728171865, 102.56715578278481, 0.31446024356080743]}, "datetime": {"datetime": "2025-08-13 13:39:21", "elapsed": 13889.137836933136, "delta": 18.092767238616943}, "costs": {"total_cost": 204.44796387544517, "time_cost": 70.525, "final_distance_cost": 1.7476810648813916, "oscillation_cost": 38.79660318420381, "completition_cost": 0.0, "overshoot_cost": 51.772675930981904, "power_cost": 19.792100915527346, "noise_cost": 21.81390277985072, "n_waypoints_completed": 9, "tot_waypoints": 9}}
{"target": -196.72863492095757, "params": {"k_pid_pos": [1.8850288630193675, 0.13822701754722305, 0.25420366490829205], "k_pid_alt": [1.6841650465929818, 0.0, 0.04727446839074275], "k_pid_att": [18.140491246160774, 6.003688549205779, 0.8594090191788709], "k_pid_yaw": [0.5, 1e-06, 0.1], "k_pid_hsp": [1.285465031989114, 0.07582266381867848, 0.0], "k_pid_vsp": [400.0, 154.54953823994182, 0.24207349179101145]}, "datetime": {"datetime": "2025-08-13 13:39:39", "elapsed": 13907.016845464706, "delta": 17.879008531570435}, "costs": {"total_cost": 196.72863492095757, "time_cost": 69.027, "final_distance_cost": 1.7920533281978772, "oscillation_cost": 36.550883723695904, "completition_cost": 0.0, "overshoot_cost": 50.761568645288136, "power_cost": 17.615893212890626, "noise_cost": 20.98123601088502, "n_waypoints_completed": 9, "tot_waypoints": 9}}
{"target": -190.47131805786222, "params": {"k_pid_pos": [0.9966097243189918, 0.131841015585087, 0.14424146982907282], "k_pid_alt": [2.0, 0.009183554986719581, 0.05015316362951472], "k_pid_att": [5.94016720477041, 5.259973899198903, 0.7769720665325148], "k_pid_yaw": [0.5, 1e-06, 0.1], "k_pid_hsp": [1.0017855546075694, 0.03236106173160903, 0.0], "k_pid_vsp": [209.59701665663928, 108.19681101285825, 0.7332589606316233]}, "datetime": {"datetime": "2025-08-13 13:39:56", "elapsed": 13924.817368507385, "delta": 17.800523042678833}, "costs": {"total_cost": 190.47131805786222, "time_cost": 69.496, "final_distance_cost": 1.8287361669611633, "oscillation_cost": 34.31647346117493, "completition_cost": 0.0, "overshoot_cost": 50.589758695824365, "power_cost": 13.490153784179688, "noise_cost": 20.750195949722055, "n_waypoints_completed": 9, "tot_waypoints": 9}}
{"target": -3864.882221262251, "params": {"k_pid_pos": [1.8830339214728162, 0.17141755257924207, 0.2144545612771885], "k_pid_alt": [1.3520046525963652, 0.003063800090929937, 0.04673254935512072], "k_pid_att": [0.0, 3.3877110508158363, 0.6719430286323277], "k_pid_yaw": [0.5, 1e-06, 0.1], "k_pid_hsp": [0.584195189771846, 0.05511495634656516, 0.0], "k_pid_vsp": [241.39599722898046, 400.0, 0.14766685701078094]}, "datetime": {"datetime": "2025-08-13 13:40:28", "elapsed": 13956.972769021988, "delta": 32.15540051460266}, "costs": {"total_cost": 3864.882221262251, "time_cost": 150, "final_distance_cost": 381.4628914321975, "oscillation_cost": 1262.9592861887254, "completition_cost": 1000.0, "overshoot_cost": 857.8431001163693, "power_cost": 53.86928327636719, "noise_cost": 158.7476602485914, "n_waypoints_completed": 0, "tot_waypoints": 9}}
{"target": -198.2327442971192, "params": {"k_pid_pos": [1.856230680437557, 0.12729178070050265, 0.18902191403012372], "k_pid_alt": [0.7200514207182221, 0.0, 0.04008591593740671], "k_pid_att": [53.74128339446864, 5.102185915221271, 1.0], "k_pid_yaw": [0.5, 1e-06, 0.1], "k_pid_hsp": [0.9114158758567839, 0.12014889365262109, 0.0], "k_pid_vsp": [290.34279068298355, 208.0354595278491, 0.0736531605695301]}, "datetime": {"datetime": "2025-08-13 13:40:47", "elapsed": 13975.947738409042, "delta": 18.974969387054443}, "costs": {"total_cost": 198.2327442971192, "time_cost": 71.638, "final_distance_cost": 1.8201644835405462, "oscillation_cost": 36.507869496112114, "completition_cost": 0.0, "overshoot_cost": 50.01264754061991, "power_cost": 17.09291600341797, "noise_cost": 21.161146773428683, "n_waypoints_completed": 9, "tot_waypoints": 9}}
