{"target": -190.9772866675925, "params": {"k_pid_pos": [0.8941761387216851, 0.025653557447949265, 0.3871112813169511], "k_pid_alt": [1.0898037103865257, 0.0, 0.019613396545300078], "k_pid_att": [14.412195073881064, 4.192219063424216, 0.5027442192733081], "k_pid_yaw": [0.5, 1e-06, 0.1], "k_pid_hsp": [0.24236048514708397, 0.020521830776306853, 0.0], "k_pid_vsp": [233.19273690805957, 141.97670943353634, 0.1013429998663324]}, "datetime": {"datetime": "2025-08-13 17:45:23", "elapsed": 28651.71513390541, "delta": 18.15498948097229}, "costs": {"total_cost": 190.9772866675925, "time_cost": 73.115, "final_distance_cost": 1.8504138175030778, "oscillation_cost": 27.51691451587106, "completition_cost": 0.0, "overshoot_cost": 50.41763013686247, "power_cost": 15.686194055175783, "noise_cost": 22.39113414218011, "n_waypoints_completed": 9, "tot_waypoints": 9}}
{"target": -179.96507157190683, "params": {"k_pid_pos": [1.0469547762473332, 0.056358884764177775, 0.2828549742787845], "k_pid_alt": [1.47319661975755, 0.0, 0.0217141324101128], "k_pid_att": [13.02518579895564, 3.0286152068556995, 0.569822926785124], "k_pid_yaw": [0.5, 1e-06, 0.1], "k_pid_hsp": [0.1430937272375075, 0.01905422803819194, 0.0], "k_pid_vsp": [82.41574207278957, 101.29237493947578, 0.15765725492365115]}, "datetime": {"datetime": "2025-08-13 17:45:39", "elapsed": 28667.866190433502, "delta": 16.15105652809143}, "costs": {"total_cost": 179.96507157190683, "time_cost": 68.782, "final_distance_cost": 1.8333889512626167, "oscillation_cost": 28.60773152478807, "completition_cost": 0.0, "overshoot_cost": 49.79786703502742, "power_cost": 11.344935119628907, "noise_cost": 19.59914894119984, "n_waypoints_completed": 9, "tot_waypoints": 9}}
{"target": -201.57570337735265, "params": {"k_pid_pos": [1.3698773659060872, 0.04827158453356658, 0.43432224715608864], "k_pid_alt": [1.390741990381094, 0.0, 0.01994569731439469], "k_pid_att": [14.974198500106226, 3.022677546891178, 0.4807396249751548], "k_pid_yaw": [0.5, 1e-06, 0.1], "k_pid_hsp": [0.06558987498194381, 0.035620999858243865, 0.0], "k_pid_vsp": [400.0, 79.78445060392856, 0.1141621385907734]}, "datetime": {"datetime": "2025-08-13 17:45:57", "elapsed": 28685.461743354797, "delta": 17.595552921295166}, "costs": {"total_cost": 201.57570337735265, "time_cost": 72.919, "final_distance_cost": 1.8008728002926984, "oscillation_cost": 35.47821470200537, "completition_cost": 0.0, "overshoot_cost": 52.228332728668306, "power_cost": 17.082977844238282, "noise_cost": 22.066305302148006, "n_waypoints_completed": 9, "tot_waypoints": 9}}
{"target": -197.93739002275495, "params": {"k_pid_pos": [1.3956124937510959, 0.04833951811243003, 0.34097681201788027], "k_pid_alt": [0.932144895036803, 0.0, 0.042832737003939435], "k_pid_att": [10.093507225712774, 2.118661801077161, 0.5501559956976966], "k_pid_yaw": [0.5, 1e-06, 0.1], "k_pid_hsp": [0.33375856641895324, 0.012141221339741678, 0.0], "k_pid_vsp": [400.0, 40.57305867983802, 0.23726547567306447]}, "datetime": {"datetime": "2025-08-13 17:46:16", "elapsed": 28704.193207025528, "delta": 18.73146367073059}, "costs": {"total_cost": 197.93739002275495, "time_cost": 71.309, "final_distance_cost": 1.8250527748439005, "oscillation_cost": 30.903760742769666, "completition_cost": 0.0, "overshoot_cost": 51.37796861405467, "power_cost": 20.28856080322266, "noise_cost": 22.233047087864076, "n_waypoints_completed": 9, "tot_waypoints": 9}}
{"target": -194.40209010315255, "params": {"k_pid_pos": [0.9136960398043444, 0.060544119851645796, 0.29055517712861717], "k_pid_alt": [2.0, 0.0, 0.021724193816755635], "k_pid_att": [10.150326713937634, 3.8539867650000232, 0.5349769676350832], "k_pid_yaw": [0.5, 1e-06, 0.1], "k_pid_hsp": [0.20320907605052999, 0.019636887925577624, 0.0], "k_pid_vsp": [293.23555452214174, 61.21188974808542, 0.11891044310361616]}, "datetime": {"datetime": "2025-08-13 17:46:39", "elapsed": 28727.074694156647, "delta": 22.881487131118774}, "costs": {"total_cost": 194.40209010315255, "time_cost": 71.414, "final_distance_cost": 1.845106598617394, "oscillation_cost": 28.000791984515455, "completition_cost": 0.0, "overshoot_cost": 50.966154372053374, "power_cost": 19.325490759277343, "noise_cost": 22.850546388688993, "n_waypoints_completed": 9, "tot_waypoints": 9}}
{"target": -187.70846456010375, "params": {"k_pid_pos": [1.286984157561471, 0.07231508351652262, 0.25693363364318617], "k_pid_alt": [0.9907128117048849, 0.0, 0.01645248119682986], "k_pid_att": [10.981113670923742, 4.4826584389144815, 0.290831436416016], "k_pid_yaw": [0.5, 1e-06, 0.1], "k_pid_hsp": [0.14676913040525508, 0.021979691985354186, 0.0], "k_pid_vsp": [400.0, 66.38484175904009, 0.21156633885809759]}, "datetime": {"datetime": "2025-08-13 17:46:57", "elapsed": 28745.36061644554, "delta": 18.285922288894653}, "costs": {"total_cost": 187.70846456010375, "time_cost": 70.504, "final_distance_cost": 1.7942529351865775, "oscillation_cost": 31.0097945337627, "completition_cost": 0.0, "overshoot_cost": 50.547496682370614, "power_cost": 13.490197192382814, "noise_cost": 20.36272321640104, "n_waypoints_completed": 9, "tot_waypoints": 9}}
{"target": -189.84511030364004, "params": {"k_pid_pos": [0.9482827082713711, 0.0422530603826021, 0.2485431669385425], "k_pid_alt": [0.8746538278387835, 0.0, 0.03918175280949082], "k_pid_att": [16.38822692635807, 4.544781147481403, 0.6227124333854094], "k_pid_yaw": [0.5, 1e-06, 0.1], "k_pid_hsp": [0.10543825806960112, 0.021442221416046525, 0.0], "k_pid_vsp": [268.451823422522, 108.80471471791618, 0.21922404169088086]}, "datetime": {"datetime": "2025-08-13 17:47:14", "elapsed": 28762.641287326813, "delta": 17.280670881271362}, "costs": {"total_cost": 189.84511030364004, "time_cost": 72.107, "final_distance_cost": 1.81796943936048, "oscillation_cost": 28.010907745170986, "completition_cost": 0.0, "overshoot_cost": 50.28454375915108, "power_cost": 16.14961336669922, "noise_cost": 21.47507599325828, "n_waypoints_completed": 9, "tot_waypoints": 9}}
{"target": -181.63469821538618, "params": {"k_pid_pos": [1.0823956747510197, 0.050000731603986714, 0.3643880776723017], "k_pid_alt": [1.259217284515419, 0.0, 0.01978005568368088], "k_pid_att": [10.708685474977669, 7.05059572679792, 0.5141484304200896], "k_pid_yaw": [0.5, 1e-06, 0.1], "k_pid_hsp": [0.1796582746176938, 0.01591665004787544, 0.0], "k_pid_vsp": [326.5307417636982, 74.65474523027324, 0.19090261590768623]}, "datetime": {"datetime": "2025-08-13 17:47:31", "elapsed": 28779.585857391357, "delta": 16.944570064544678}, "costs": {"total_cost": 181.63469821538618, "time_cost": 69.608, "final_distance_cost": 1.832972704853236, "oscillation_cost": 28.79406648349639, "completition_cost": 0.0, "overshoot_cost": 49.80534538991288, "power_cost": 11.588743298339844, "noise_cost": 20.005570338783834, "n_waypoints_completed": 9, "tot_waypoints": 9}}
{"target": -197.1525429996671, "params": {"k_pid_pos": [0.8241007338207506, 0.022061269864918936, 0.42576384618568214], "k_pid_alt": [1.369080888915734, 0.0, 0.029162586378949168], "k_pid_att": [13.940878963989528, 3.730688535939912, 0.6988830172267613], "k_pid_yaw": [0.5, 1e-06, 0.1], "k_pid_hsp": [0.22558038174551323, 0.024228662746832597, 0.0], "k_pid_vsp": [213.48368865230464, 116.8747062050722, 0.16408725068759802]}, "datetime": {"datetime": "2025-08-13 17:47:49", "elapsed": 28797.458193540573, "delta": 17.8723361492157}, "costs": {"total_cost": 197.1525429996671, "time_cost": 74.858, "final_distance_cost": 1.850760772842739, "oscillation_cost": 27.23119461035686, "completition_cost": 0.0, "overshoot_cost": 50.76495238690804, "power_cost": 18.65417896728516, "noise_cost": 23.793456262274308, "n_waypoints_completed": 9, "tot_waypoints": 9}}
{"target": -195.19701074192017, "params": {"k_pid_pos": [1.1230326936887625, 0.03370852952522019, 0.2533577061486418], "k_pid_alt": [1.636432990030281, 0.0, 0.028189264643460842], "k_pid_att": [16.932588079450298, 2.7741684611403734, 0.9604212746111956], "k_pid_yaw": [0.5, 1e-06, 0.1], "k_pid_hsp": [0.2061066364436266, 0.029151970535293874, 0.0], "k_pid_vsp": [371.5496475125342, 94.34027228954318, 0.12688634311481087]}, "datetime": {"datetime": "2025-08-13 17:48:05", "elapsed": 28813.697436332703, "delta": 16.239242792129517}, "costs": {"total_cost": 195.19701074192017, "time_cost": 70.301, "final_distance_cost": 1.8373232597346818, "oscillation_cost": 29.87816054620488, "completition_cost": 0.0, "overshoot_cost": 51.1134096669507, "power_cost": 20.034671936035156, "noise_cost": 22.03244533299473, "n_waypoints_completed": 9, "tot_waypoints": 9}}
{"target": -189.9151077164345, "params": {"k_pid_pos": [0.6981536927364559, 0.04158069694883127, 0.34152649328824736], "k_pid_alt": [1.1851969541455927, 0.0, 0.0285281287890073], "k_pid_att": [13.76850059186154, 4.743675609981313, 0.5482008259578598], "k_pid_yaw": [0.5, 1e-06, 0.1], "k_pid_hsp": [0.1909292692953308, 0.020590402759517304, 0.0], "k_pid_vsp": [393.49007003042215, 144.3561260046063, 0.17562298198196283]}, "datetime": {"datetime": "2025-08-13 17:48:25", "elapsed": 28833.162479400635, "delta": 19.46504306793213}, "costs": {"total_cost": 189.9151077164345, "time_cost": 75.572, "final_distance_cost": 1.8533031357719705, "oscillation_cost": 26.17236711247439, "completition_cost": 0.0, "overshoot_cost": 50.86925610002212, "power_cost": 12.96968709716797, "noise_cost": 22.47849427099806, "n_waypoints_completed": 9, "tot_waypoints": 9}}
{"target": -183.87635565969964, "params": {"k_pid_pos": [1.3194674481297246, 0.06786595411863951, 0.23015000928140858], "k_pid_alt": [1.3533920047616113, 0.0, 0.01846856565095717], "k_pid_att": [9.312101070363376, 1.7356854069377337, 0.4646310655286809], "k_pid_yaw": [0.5, 1e-06, 0.1], "k_pid_hsp": [0.2453551177110552, 0.02127979056873522, 0.0], "k_pid_vsp": [265.00495504492477, 83.1133643097982, 0.17139633394668954]}, "datetime": {"datetime": "2025-08-13 17:48:41", "elapsed": 28849.74435067177, "delta": 16.581871271133423}, "costs": {"total_cost": 183.87635565969964, "time_cost": 68.705, "final_distance_cost": 1.8051659826248325, "oscillation_cost": 31.07254103672593, "completition_cost": 0.0, "overshoot_cost": 50.11887827430137, "power_cost": 12.35791815185547, "noise_cost": 19.81685221419205, "n_waypoints_completed": 9, "tot_waypoints": 9}}
{"target": -180.46820070045814, "params": {"k_pid_pos": [1.340469237448314, 0.08244954002432124, 0.3460089197409077], "k_pid_alt": [1.5305256579765907, 0.0, 0.03183396720414808], "k_pid_att": [7.219808918645312, 3.2890407884197486, 0.8414143889061013], "k_pid_yaw": [0.5, 1e-06, 0.1], "k_pid_hsp": [0.17673326430769676, 0.013642742476746135, 0.0], "k_pid_vsp": [309.8301795089994, 128.69837177164425, 0.15614202079758402]}, "datetime": {"datetime": "2025-08-13 17:48:58", "elapsed": 28866.545617580414, "delta": 16.80126690864563}, "costs": {"total_cost": 180.46820070045814, "time_cost": 68.663, "final_distance_cost": 1.8080197779249425, "oscillation_cost": 30.534719075320684, "completition_cost": 0.0, "overshoot_cost": 49.92362752125541, "power_cost": 10.348004296875, "noise_cost": 19.190830029082118, "n_waypoints_completed": 9, "tot_waypoints": 9}}
{"target": -189.54356245130998, "params": {"k_pid_pos": [1.1804285754227335, 0.06819871292095912, 0.13960366535990618], "k_pid_alt": [0.7041849760442332, 0.0, 0.026638490333405086], "k_pid_att": [10.038347938877088, 5.417839092114832, 0.5359716873640007], "k_pid_yaw": [0.5, 1e-06, 0.1], "k_pid_hsp": [0.1948471063141873, 0.02636892760733318, 0.0], "k_pid_vsp": [181.23826418693656, 111.28494547573727, 0.11981056270839104]}, "datetime": {"datetime": "2025-08-13 17:49:16", "elapsed": 28884.066079378128, "delta": 17.520461797714233}, "costs": {"total_cost": 189.54356245130998, "time_cost": 71.61, "final_distance_cost": 1.815869446896418, "oscillation_cost": 31.907517947299624, "completition_cost": 0.0, "overshoot_cost": 49.57711420898203, "power_cost": 14.03097371826172, "noise_cost": 20.602087129870203, "n_waypoints_completed": 9, "tot_waypoints": 9}}
{"target": -182.60991105406094, "params": {"k_pid_pos": [1.0093092638435852, 0.057213744755474534, 0.21953004781557764], "k_pid_alt": [1.2826973070773553, 0.0, 0.0323975764296639], "k_pid_att": [11.637571406219338, 3.5182601740968997, 0.2717840875204845], "k_pid_yaw": [0.5, 1e-06, 0.1], "k_pid_hsp": [0.18538963490519644, 0.02150451651130685, 0.0], "k_pid_vsp": [247.9901232035968, 103.6241219781683, 0.09878797657618792]}, "datetime": {"datetime": "2025-08-13 17:49:32", "elapsed": 28900.579022169113, "delta": 16.512942790985107}, "costs": {"total_cost": 182.60991105406094, "time_cost": 69.258, "final_distance_cost": 1.8211895742233972, "oscillation_cost": 28.429107291312576, "completition_cost": 0.0, "overshoot_cost": 50.394878768418494, "power_cost": 12.632177392578125, "noise_cost": 20.07455802752839, "n_waypoints_completed": 9, "tot_waypoints": 9}}
{"target": -186.70486488991895, "params": {"k_pid_pos": [0.9286271970809258, 0.05473951478363978, 0.3272255436872685], "k_pid_alt": [1.312436149607325, 0.0, 0.022686451278455578], "k_pid_att": [9.312473390034766, 4.205271780235615, 0.41457150972051965], "k_pid_yaw": [0.5, 1e-06, 0.1], "k_pid_hsp": [0.17921806350499284, 0.018724352352973966, 0.0], "k_pid_vsp": [298.6495283203357, 105.71631653469957, 0.17473550238436467]}, "datetime": {"datetime": "2025-08-13 17:49:50", "elapsed": 28918.51709461212, "delta": 17.938072443008423}, "costs": {"total_cost": 186.70486488991895, "time_cost": 70.35000000000001, "final_distance_cost": 1.8379403864041817, "oscillation_cost": 27.58432347619477, "completition_cost": 0.0, "overshoot_cost": 50.413367718971735, "power_cost": 15.081433801269531, "noise_cost": 21.437799507078715, "n_waypoints_completed": 9, "tot_waypoints": 9}}
{"target": -182.7254133785652, "params": {"k_pid_pos": [1.6008446520316044, 0.02894438334777338, 0.3148173676008202], "k_pid_alt": [1.354855105025971, 0.0, 0.023530815081868935], "k_pid_att": [13.816294334835087, 4.668262075022672, 0.6624206575683184], "k_pid_yaw": [0.5, 1e-06, 0.1], "k_pid_hsp": [0.19797828191996159, 0.020268067326583594, 0.0], "k_pid_vsp": [328.0321089898398, 83.1824688957355, 0.21099552306952352]}, "datetime": {"datetime": "2025-08-13 17:50:06", "elapsed": 28934.847425937653, "delta": 16.330331325531006}, "costs": {"total_cost": 182.7254133785652, "time_cost": 68.726, "final_distance_cost": 1.805602168952598, "oscillation_cost": 31.566158367455404, "completition_cost": 0.0, "overshoot_cost": 50.25693006579991, "power_cost": 11.1288736328125, "noise_cost": 19.241849143544787, "n_waypoints_completed": 9, "tot_waypoints": 9}}
{"target": -186.5373383555075, "params": {"k_pid_pos": [0.5780448931148131, 0.053853322741536876, 0.3146165925698485], "k_pid_alt": [1.2135238907796049, 0.0, 0.025304091905658552], "k_pid_att": [15.433151330355054, 3.199451019826989, 0.46214214750792176], "k_pid_yaw": [0.5, 1e-06, 0.1], "k_pid_hsp": [0.17026539405498753, 0.012806084882957041, 0.0], "k_pid_vsp": [311.8718690322125, 127.3988037109059, 0.11098482985405667]}, "datetime": {"datetime": "2025-08-13 17:50:26", "elapsed": 28954.120594501495, "delta": 19.273168563842773}, "costs": {"total_cost": 186.5373383555075, "time_cost": 77.686, "final_distance_cost": 1.852717162869509, "oscillation_cost": 23.716066298154594, "completition_cost": 0.0, "overshoot_cost": 51.09557502373775, "power_cost": 10.19881240234375, "noise_cost": 21.988167468401894, "n_waypoints_completed": 9, "tot_waypoints": 9}}
{"target": -188.01799756119416, "params": {"k_pid_pos": [1.1176289333033145, 0.04684196537590508, 0.2869973424938271], "k_pid_alt": [1.8622299814968313, 0.0, 0.03138786377425509], "k_pid_att": [5.289503133041086, 7.696350081201739, 0.39857343326351696], "k_pid_yaw": [0.5, 1e-06, 0.1], "k_pid_hsp": [0.16223707183563713, 0.02463460573117553, 0.0], "k_pid_vsp": [283.6597115815654, 134.97955976240303, 0.14238395586381078]}, "datetime": {"datetime": "2025-08-13 17:50:42", "elapsed": 28970.348138809204, "delta": 16.22754430770874}, "costs": {"total_cost": 188.01799756119416, "time_cost": 69.286, "final_distance_cost": 1.8324032471003224, "oscillation_cost": 31.409196680342482, "completition_cost": 0.0, "overshoot_cost": 49.91624061432136, "power_cost": 14.97614305419922, "noise_cost": 20.598013965230784, "n_waypoints_completed": 9, "tot_waypoints": 9}}
{"target": -198.45456439318892, "params": {"k_pid_pos": [0.5781377033430579, 0.04271962919444803, 0.2784037966586781], "k_pid_alt": [1.408629153450639, 0.0, 0.029757905322959532], "k_pid_att": [10.924038423682068, 3.7289453684824365, 0.5115174092420199], "k_pid_yaw": [0.5, 1e-06, 0.1], "k_pid_hsp": [0.22078926016095957, 0.017435346059450622, 0.0], "k_pid_vsp": [353.70894968759734, 93.2193485929442, 0.1658025950042281]}, "datetime": {"datetime": "2025-08-13 17:51:01", "elapsed": 28989.114500761032, "delta": 18.766361951828003}, "costs": {"total_cost": 198.45456439318892, "time_cost": 78.267, "final_distance_cost": 1.8514459855397412, "oscillation_cost": 25.218738132439114, "completition_cost": 0.0, "overshoot_cost": 51.497367728465896, "power_cost": 16.899218566894533, "noise_cost": 24.720793979849606, "n_waypoints_completed": 9, "tot_waypoints": 9}}
{"target": -182.30588832804165, "params": {"k_pid_pos": [1.250682716347692, 0.012431825281961552, 0.4302131186087415], "k_pid_alt": [0.908596499523858, 0.0, 0.019154736881104393], "k_pid_att": [12.291676873017737, 4.972534725120724, 0.37504457337543445], "k_pid_yaw": [0.5, 1e-06, 0.1], "k_pid_hsp": [0.2084986076469748, 0.023399836832074677, 0.0], "k_pid_vsp": [400.0, 143.0986326213082, 0.08587942225298784]}, "datetime": {"datetime": "2025-08-13 17:51:18", "elapsed": 29006.06111884117, "delta": 16.94661808013916}, "costs": {"total_cost": 182.30588832804165, "time_cost": 70.266, "final_distance_cost": 1.8421895660480805, "oscillation_cost": 29.90870779415973, "completition_cost": 0.0, "overshoot_cost": 49.71744004420504, "power_cost": 10.840418554687501, "noise_cost": 19.73113236894131, "n_waypoints_completed": 9, "tot_waypoints": 9}}
{"target": -190.2618263911719, "params": {"k_pid_pos": [1.1541620871803255, 0.07249689146586533, 0.25850710428400686], "k_pid_alt": [1.1089326919669638, 0.0, 0.032675446468441234], "k_pid_att": [12.562259379847559, 4.909795862653579, 0.5653510293919553], "k_pid_yaw": [0.5, 1e-06, 0.1], "k_pid_hsp": [0.17456811378954437, 0.015783817096824925, 0.0], "k_pid_vsp": [287.7003039561295, 89.26408309322733, 0.14376551588146813]}, "datetime": {"datetime": "2025-08-13 17:51:34", "elapsed": 29022.86594414711, "delta": 16.80482530593872}, "costs": {"total_cost": 190.2618263911719, "time_cost": 70.294, "final_distance_cost": 1.8343099720283687, "oscillation_cost": 29.363163386227107, "completition_cost": 0.0, "overshoot_cost": 50.49097034901404, "power_cost": 16.86313515625, "noise_cost": 21.416247527652384, "n_waypoints_completed": 9, "tot_waypoints": 9}}
{"target": -198.9892332269215, "params": {"k_pid_pos": [0.7350187922538881, 0.05075279719876689, 0.339782894799991], "k_pid_alt": [1.3512995789200837, 0.0, 0.028881077517101658], "k_pid_att": [6.895434654755881, 4.124154989506999, 0.44891730805541435], "k_pid_yaw": [0.5, 1e-06, 0.1], "k_pid_hsp": [0.27515919965208424, 0.018494907638477793, 0.0], "k_pid_vsp": [287.2491070123902, 104.85179549431659, 0.11983868064141624]}, "datetime": {"datetime": "2025-08-13 17:51:52", "elapsed": 29040.9261302948, "delta": 18.06018614768982}, "costs": {"total_cost": 198.9892332269215, "time_cost": 75.481, "final_distance_cost": 1.8520545499278975, "oscillation_cost": 28.183564478707222, "completition_cost": 0.0, "overshoot_cost": 51.21704427258532, "power_cost": 18.36176612548828, "noise_cost": 23.89380380021276, "n_waypoints_completed": 9, "tot_waypoints": 9}}
{"target": -187.76429475801876, "params": {"k_pid_pos": [0.8248532232913197, 0.056725629768903885, 0.29919755627474115], "k_pid_alt": [1.3667397469400127, 0.0, 0.03294367695124716], "k_pid_att": [6.799040963784158, 6.8383669130768014, 0.2740274526267987], "k_pid_yaw": [0.5, 1e-06, 0.1], "k_pid_hsp": [0.23530101855869087, 0.01922426403232304, 0.0], "k_pid_vsp": [294.7311549090229, 117.44806390550866, 0.15524665358619938]}, "datetime": {"datetime": "2025-08-13 17:52:09", "elapsed": 29057.363566160202, "delta": 16.43743586540222}, "costs": {"total_cost": 187.76429475801876, "time_cost": 71.89, "final_distance_cost": 1.8460309459655762, "oscillation_cost": 28.95182314463364, "completition_cost": 0.0, "overshoot_cost": 50.18168616566071, "power_cost": 13.483180029296875, "noise_cost": 21.411574472461947, "n_waypoints_completed": 9, "tot_waypoints": 9}}
{"target": -200.05071347612886, "params": {"k_pid_pos": [0.9664131114597625, 0.06115021665980456, 0.2371871086237295], "k_pid_alt": [1.766397338057989, 0.0, 0.022565284558541707], "k_pid_att": [12.468354765403276, 8.240204584405046, 0.5996196785909859], "k_pid_yaw": [0.5, 1e-06, 0.1], "k_pid_hsp": [0.14587542447804144, 0.01760535972038746, 0.0], "k_pid_vsp": [161.76035552137543, 86.44433523405553, 0.11485729316956968]}, "datetime": {"datetime": "2025-08-13 17:52:26", "elapsed": 29074.52898001671, "delta": 17.165413856506348}, "costs": {"total_cost": 200.05071347612886, "time_cost": 71.68, "final_distance_cost": 1.8330971636841427, "oscillation_cost": 29.24304371357536, "completition_cost": 0.0, "overshoot_cost": 52.04041330479304, "power_cost": 22.37648936767578, "noise_cost": 22.877669926400525, "n_waypoints_completed": 9, "tot_waypoints": 9}}
