{"target": -193.42073228335542, "params": {"k_pid_pos": [1.2056338556022683, 0.05413477860872314, 0.12039943910424535], "k_pid_alt": [1.0532119394888484, 0.0, 0.024247545430955576], "k_pid_att": [12.091893683814163, 5.551516865270507, 0.5326873752031905], "k_pid_yaw": [0.5, 1e-06, 0.1], "k_pid_hsp": [0.26993455294086793, 0.017565903441527298, 0.0], "k_pid_vsp": [155.6388072435021, 120.10658401236559, 0.14492556279593843]}, "datetime": {"datetime": "2025-08-13 17:31:03", "elapsed": 27791.298369407654, "delta": 16.830961227416992}, "costs": {"total_cost": 193.42073228335542, "time_cost": 69.72, "final_distance_cost": 1.825975266821526, "oscillation_cost": 31.456710708107618, "completition_cost": 0.0, "overshoot_cost": 50.349670662879355, "power_cost": 18.621144299316406, "noise_cost": 21.44723134623052, "n_waypoints_completed": 9, "tot_waypoints": 9}}
{"target": -189.06291268811805, "params": {"k_pid_pos": [1.2200075404638557, 0.012257060512613493, 0.26307435330032525], "k_pid_alt": [1.4439916003856872, 0.0, 0.02736389858803261], "k_pid_att": [12.181471499148925, 5.004642408489715, 0.715122593799817], "k_pid_yaw": [0.5, 1e-06, 0.1], "k_pid_hsp": [0.18465195107628343, 0.027395683745217253, 0.0], "k_pid_vsp": [282.5503858128821, 106.37006586104191, 0.20697102538005255]}, "datetime": {"datetime": "2025-08-13 17:31:19", "elapsed": 27807.696559906006, "delta": 16.39819049835205}, "costs": {"total_cost": 189.06291268811805, "time_cost": 69.19500000000001, "final_distance_cost": 1.8453800038881567, "oscillation_cost": 30.780109831541058, "completition_cost": 0.0, "overshoot_cost": 49.85985923255226, "power_cost": 16.304163537597656, "noise_cost": 21.078400082538938, "n_waypoints_completed": 9, "tot_waypoints": 9}}
{"target": -187.05413617803723, "params": {"k_pid_pos": [1.1427153616218886, 0.03588011407995086, 0.2534348087032945], "k_pid_alt": [1.4369300235169629, 0.0, 0.01176406907614333], "k_pid_att": [7.332686937196686, 5.563297178500431, 0.6367127183586804], "k_pid_yaw": [0.5, 1e-06, 0.1], "k_pid_hsp": [0.21781513250967044, 0.019409156200729832, 0.0], "k_pid_vsp": [204.51683713155148, 116.1118820136633, 0.11596993657031222]}, "datetime": {"datetime": "2025-08-13 17:31:36", "elapsed": 27824.481500148773, "delta": 16.784940242767334}, "costs": {"total_cost": 187.05413617803723, "time_cost": 69.447, "final_distance_cost": 1.8254115384871352, "oscillation_cost": 30.610885888292174, "completition_cost": 0.0, "overshoot_cost": 50.18352984532114, "power_cost": 14.485011755371094, "noise_cost": 20.502297150565678, "n_waypoints_completed": 9, "tot_waypoints": 9}}
{"target": -183.3256314013829, "params": {"k_pid_pos": [0.8925496977995703, 0.03639332826570609, 0.32991555161374747], "k_pid_alt": [1.6563742847688923, 0.0, 0.020617375417114333], "k_pid_att": [11.379955724315124, 4.049191341525401, 0.5591982700949628], "k_pid_yaw": [0.5, 1e-06, 0.1], "k_pid_hsp": [0.28382699535867256, 0.016416233818243028, 0.0], "k_pid_vsp": [352.14563100525555, 120.39477033354102, 0.10058916052132888]}, "datetime": {"datetime": "2025-08-13 17:31:52", "elapsed": 27840.853908777237, "delta": 16.372408628463745}, "costs": {"total_cost": 183.3256314013829, "time_cost": 71.169, "final_distance_cost": 1.844665581571008, "oscillation_cost": 26.93144883630275, "completition_cost": 0.0, "overshoot_cost": 50.48501524352656, "power_cost": 12.013205566406251, "noise_cost": 20.882296173576353, "n_waypoints_completed": 9, "tot_waypoints": 9}}
{"target": -178.6448553066609, "params": {"k_pid_pos": [1.1786274176932647, 0.060155863739019766, 0.22669737315384544], "k_pid_alt": [1.485949928823105, 0.0, 0.017875419115619507], "k_pid_att": [10.311312298819148, 1.6523506214769268, 0.5072633644001678], "k_pid_yaw": [0.5, 1e-06, 0.1], "k_pid_hsp": [0.1811181747486764, 0.014884112404253127, 0.0], "k_pid_vsp": [250.7039540874564, 107.87420985302809, 0.17528603990371616]}, "datetime": {"datetime": "2025-08-13 17:32:09", "elapsed": 27857.35368013382, "delta": 16.49977135658264}, "costs": {"total_cost": 178.6448553066609, "time_cost": 68.572, "final_distance_cost": 1.8071235962224017, "oscillation_cost": 29.56666093168908, "completition_cost": 0.0, "overshoot_cost": 50.047969096463994, "power_cost": 9.731106396484375, "noise_cost": 18.919995285801054, "n_waypoints_completed": 9, "tot_waypoints": 9}}
{"target": -184.98594484444624, "params": {"k_pid_pos": [1.4503465068369268, 0.043391400523470895, 0.28038627560822027], "k_pid_alt": [1.1979906193346082, 0.0, 0.02284302181834583], "k_pid_att": [13.780628793793548, 7.879061898058968, 0.6832777350050646], "k_pid_yaw": [0.5, 1e-06, 0.1], "k_pid_hsp": [0.24173395493373964, 0.018675736867698176, 0.0], "k_pid_vsp": [205.46048447202494, 136.09344092763044, 0.14120034631280684]}, "datetime": {"datetime": "2025-08-13 17:32:25", "elapsed": 27873.888382673264, "delta": 16.53470253944397}, "costs": {"total_cost": 184.98594484444624, "time_cost": 68.565, "final_distance_cost": 1.8257896707907557, "oscillation_cost": 31.79563926342576, "completition_cost": 0.0, "overshoot_cost": 49.47546404375287, "power_cost": 13.396342602539063, "noise_cost": 19.92770926393779, "n_waypoints_completed": 9, "tot_waypoints": 9}}
{"target": -195.63399705869142, "params": {"k_pid_pos": [0.783521300193957, 0.06445007472144744, 0.3225778633649336], "k_pid_alt": [1.5603577611531356, 0.0, 0.020612265850988725], "k_pid_att": [12.306143903874615, 3.4393748133928312, 0.4785282441670051], "k_pid_yaw": [0.5, 1e-06, 0.1], "k_pid_hsp": [0.19155806164140124, 0.01479934928962851, 0.0], "k_pid_vsp": [281.65489845130537, 84.16757444121572, 0.1380486835956158]}, "datetime": {"datetime": "2025-08-13 17:32:43", "elapsed": 27891.169389009476, "delta": 17.281006336212158}, "costs": {"total_cost": 195.63399705869142, "time_cost": 72.919, "final_distance_cost": 1.8483711505434208, "oscillation_cost": 26.575292682071538, "completition_cost": 0.0, "overshoot_cost": 51.34030737976074, "power_cost": 19.697540979003907, "noise_cost": 23.25348486731181, "n_waypoints_completed": 9, "tot_waypoints": 9}}
{"target": -191.85289898395592, "params": {"k_pid_pos": [1.1485444599383388, 0.023919073251440093, 0.19813412872503652], "k_pid_alt": [0.8500209599895365, 0.0, 0.02095434196988863], "k_pid_att": [9.734051442113289, 5.202105437594748, 0.6874610598117995], "k_pid_yaw": [0.5, 1e-06, 0.1], "k_pid_hsp": [0.26201502453188935, 0.01427170586514546, 0.0], "k_pid_vsp": [247.56301733402756, 130.84240825083222, 0.20148712019935575]}, "datetime": {"datetime": "2025-08-13 17:32:59", "elapsed": 27907.897451400757, "delta": 16.728062391281128}, "costs": {"total_cost": 191.85289898395592, "time_cost": 70.525, "final_distance_cost": 1.830307561566931, "oscillation_cost": 30.801386393893264, "completition_cost": 0.0, "overshoot_cost": 50.43436573466076, "power_cost": 16.941112341308596, "noise_cost": 21.320726952526332, "n_waypoints_completed": 9, "tot_waypoints": 9}}
{"target": -186.42688190759492, "params": {"k_pid_pos": [1.347731113983725, 0.0309460428144481, 0.25669913795992577], "k_pid_alt": [1.2958453315096599, 0.0, 0.03231396209157185], "k_pid_att": [7.940350133568337, 1.8396343978688916, 0.6962452885739333], "k_pid_yaw": [0.5, 1e-06, 0.1], "k_pid_hsp": [0.11305324757159128, 0.0200172151522702, 0.0], "k_pid_vsp": [274.9438494740253, 145.3088272875403, 0.14621921143087033]}, "datetime": {"datetime": "2025-08-13 17:33:16", "elapsed": 27924.54223227501, "delta": 16.64478087425232}, "costs": {"total_cost": 186.42688190759492, "time_cost": 69.405, "final_distance_cost": 1.8139275115178097, "oscillation_cost": 31.39449876423812, "completition_cost": 0.0, "overshoot_cost": 50.49777353887701, "power_cost": 13.307923303222656, "noise_cost": 20.00775878973935, "n_waypoints_completed": 9, "tot_waypoints": 9}}
{"target": -188.61087176813382, "params": {"k_pid_pos": [1.019530692416475, 0.0554893498370967, 0.1032518721593137], "k_pid_alt": [1.5376230826264852, 0.0, 0.026170860425256483], "k_pid_att": [12.281152944099828, 4.5320342537140075, 0.4245675430493187], "k_pid_yaw": [0.5, 1e-06, 0.1], "k_pid_hsp": [0.19692727201561733, 0.015562752651218372, 0.0], "k_pid_vsp": [231.3613005829383, 99.70413920465917, 0.12562355009379692]}, "datetime": {"datetime": "2025-08-13 17:33:34", "elapsed": 27941.985696554184, "delta": 17.443464279174805}, "costs": {"total_cost": 188.61087176813382, "time_cost": 69.636, "final_distance_cost": 1.8234760730461306, "oscillation_cost": 29.264027692383323, "completition_cost": 0.0, "overshoot_cost": 50.54038209114223, "power_cost": 16.323375000000002, "noise_cost": 21.023610911562155, "n_waypoints_completed": 9, "tot_waypoints": 9}}
{"target": -193.71187538780143, "params": {"k_pid_pos": [1.1555101979996227, 0.05214651537615914, 0.31455989591670325], "k_pid_alt": [1.0679725337317796, 0.0, 0.02612163699174748], "k_pid_att": [5.587755418372723, 3.0953848020039643, 0.4763395760363185], "k_pid_yaw": [0.5, 1e-06, 0.1], "k_pid_hsp": [0.27527094819406, 0.025153359024894652, 0.0], "k_pid_vsp": [283.3149698304782, 113.14069651149264, 0.09905220410039746]}, "datetime": {"datetime": "2025-08-13 17:33:50", "elapsed": 27958.847638368607, "delta": 16.861941814422607}, "costs": {"total_cost": 193.71187538780143, "time_cost": 70.14, "final_distance_cost": 1.843699418692551, "oscillation_cost": 32.460639588171105, "completition_cost": 0.0, "overshoot_cost": 50.56291872427463, "power_cost": 17.302008801269533, "noise_cost": 21.402608855393623, "n_waypoints_completed": 9, "tot_waypoints": 9}}
{"target": -184.6912807239162, "params": {"k_pid_pos": [1.0221378314144614, 0.05696535559325294, 0.17439324703841805], "k_pid_alt": [0.8370418146656604, 0.0, 0.019695581826274334], "k_pid_att": [8.398673240611258, 4.443616969794999, 0.6964613639694167], "k_pid_yaw": [0.5, 1e-06, 0.1], "k_pid_hsp": [0.2471105677829132, 0.024484046869945514, 0.0], "k_pid_vsp": [236.69989048735178, 53.310967185723946, 0.12860362750695317]}, "datetime": {"datetime": "2025-08-13 17:34:07", "elapsed": 27975.928743600845, "delta": 17.08110523223877}, "costs": {"total_cost": 184.6912807239162, "time_cost": 70.791, "final_distance_cost": 1.826876770831009, "oscillation_cost": 30.481949929705216, "completition_cost": 0.0, "overshoot_cost": 50.54638702345696, "power_cost": 11.265569750976564, "noise_cost": 19.77949724894646, "n_waypoints_completed": 9, "tot_waypoints": 9}}
{"target": -196.11409008555708, "params": {"k_pid_pos": [0.8913164204555007, 0.06457029277428022, 0.36191312636676515], "k_pid_alt": [1.3889558902009338, 0.0, 0.018952538667877588], "k_pid_att": [14.73444679099149, 8.366126645267016, 0.6579663083780776], "k_pid_yaw": [0.5, 1e-06, 0.1], "k_pid_hsp": [0.23146851774113963, 0.02848744263149718, 0.0], "k_pid_vsp": [264.2487798736926, 66.44565138319192, 0.09178963630329924]}, "datetime": {"datetime": "2025-08-13 17:34:24", "elapsed": 27992.922325849533, "delta": 16.993582248687744}, "costs": {"total_cost": 196.11409008555708, "time_cost": 71.981, "final_distance_cost": 1.8457506197952138, "oscillation_cost": 27.984321321709597, "completition_cost": 0.0, "overshoot_cost": 50.79092405792097, "power_cost": 20.19459630126953, "noise_cost": 23.31749778486176, "n_waypoints_completed": 9, "tot_waypoints": 9}}
{"target": -191.92554394418366, "params": {"k_pid_pos": [1.3481295076618125, 0.050522918073293475, 0.2736723971804987], "k_pid_alt": [2.0, 0.0, 0.034108336083384046], "k_pid_att": [11.757314884329725, 3.378469362148657, 0.7937448893474399], "k_pid_yaw": [0.5, 1e-06, 0.1], "k_pid_hsp": [0.31861580477646173, 0.018126412049582825, 0.0], "k_pid_vsp": [257.46123067580874, 123.74391526345391, 0.15322333346782277]}, "datetime": {"datetime": "2025-08-13 17:34:41", "elapsed": 28009.35479235649, "delta": 16.432466506958008}, "costs": {"total_cost": 191.92554394418366, "time_cost": 69.244, "final_distance_cost": 1.8338861830160447, "oscillation_cost": 31.322207410263225, "completition_cost": 0.0, "overshoot_cost": 50.949447673382274, "power_cost": 17.330228356933596, "noise_cost": 21.245774320588513, "n_waypoints_completed": 9, "tot_waypoints": 9}}
{"target": -187.48279509938203, "params": {"k_pid_pos": [1.2014594038478126, 0.06895332276927311, 0.17486582206881654], "k_pid_alt": [1.3385016558003002, 0.0, 0.02968646336692976], "k_pid_att": [17.720612807269696, 3.3538669405772232, 1.0], "k_pid_yaw": [0.5, 1e-06, 0.1], "k_pid_hsp": [0.24112768634942952, 0.02036324838822148, 0.0], "k_pid_vsp": [329.9613770188649, 123.69579109018245, 0.10084663339594128]}, "datetime": {"datetime": "2025-08-13 17:34:58", "elapsed": 28026.213597536087, "delta": 16.858805179595947}, "costs": {"total_cost": 187.48279509938203, "time_cost": 69.167, "final_distance_cost": 1.8050796260525006, "oscillation_cost": 30.60583876692155, "completition_cost": 0.0, "overshoot_cost": 50.55688521198748, "power_cost": 14.735225659179688, "noise_cost": 20.612765835240822, "n_waypoints_completed": 9, "tot_waypoints": 9}}
{"target": -188.74602598752926, "params": {"k_pid_pos": [0.6973011507261401, 0.08090477313499929, 0.18952455279944702], "k_pid_alt": [1.6763793459502268, 0.0, 0.019789482674892302], "k_pid_att": [16.386392380326164, 2.5329979622941354, 0.6041009370113635], "k_pid_yaw": [0.5, 1e-06, 0.1], "k_pid_hsp": [0.31758735657601056, 0.01994377295935144, 0.0], "k_pid_vsp": [336.86509618370974, 56.19256987186154, 0.15745945598687597]}, "datetime": {"datetime": "2025-08-13 17:35:16", "elapsed": 28044.112592220306, "delta": 17.89899468421936}, "costs": {"total_cost": 188.74602598752926, "time_cost": 73.752, "final_distance_cost": 1.8373190174691854, "oscillation_cost": 27.030440858981095, "completition_cost": 0.0, "overshoot_cost": 51.52520632438955, "power_cost": 12.59578582763672, "noise_cost": 22.005273959052705, "n_waypoints_completed": 9, "tot_waypoints": 9}}
{"target": -187.47038982145693, "params": {"k_pid_pos": [0.6608420466485423, 0.053664174974779655, 0.18370885792757843], "k_pid_alt": [1.6834582042129662, 0.0, 0.018327549023728313], "k_pid_att": [9.5985476306054, 5.190808134203151, 0.5802128011312792], "k_pid_yaw": [0.5, 1e-06, 0.1], "k_pid_hsp": [0.277022552643305, 0.023029550857869827, 0.0], "k_pid_vsp": [315.96467677901524, 146.0236680569076, 0.1824088839737985]}, "datetime": {"datetime": "2025-08-13 17:35:34", "elapsed": 28062.39986014366, "delta": 18.287267923355103}, "costs": {"total_cost": 187.47038982145693, "time_cost": 73.703, "final_distance_cost": 1.848765190606086, "oscillation_cost": 27.240412477996088, "completition_cost": 0.0, "overshoot_cost": 50.348324185024865, "power_cost": 12.415542944335938, "noise_cost": 21.914345023493986, "n_waypoints_completed": 9, "tot_waypoints": 9}}
{"target": -191.80041984464478, "params": {"k_pid_pos": [0.8336847550331621, 0.033791644299652555, 0.26455535291806015], "k_pid_alt": [1.4476278971220478, 0.0, 0.018734346851827312], "k_pid_att": [18.44706061164778, 5.706766314372806, 0.828361763095185], "k_pid_yaw": [0.5, 1e-06, 0.1], "k_pid_hsp": [0.2088331758437217, 0.02682669998588047, 0.0], "k_pid_vsp": [281.3938885694763, 111.16496227620546, 0.1542279855050915]}, "datetime": {"datetime": "2025-08-13 17:35:50", "elapsed": 28078.817591428757, "delta": 16.417731285095215}, "costs": {"total_cost": 191.80041984464478, "time_cost": 71.715, "final_distance_cost": 1.8480979511334539, "oscillation_cost": 27.032970808722325, "completition_cost": 0.0, "overshoot_cost": 50.4218545627756, "power_cost": 18.2519982421875, "noise_cost": 22.530498279825867, "n_waypoints_completed": 9, "tot_waypoints": 9}}
{"target": -179.79237544982064, "params": {"k_pid_pos": [1.2213371110036308, 0.06506234156259434, 0.26501494538952786], "k_pid_alt": [1.1403634519576231, 0.0, 0.024331811149423902], "k_pid_att": [16.559441031517125, 7.1366537749481695, 0.5782830639128772], "k_pid_yaw": [0.5, 1e-06, 0.1], "k_pid_hsp": [0.1512476187107004, 0.015792413492949565, 0.0], "k_pid_vsp": [330.54974410983317, 104.22295761668289, 0.12467315851409537]}, "datetime": {"datetime": "2025-08-13 17:36:07", "elapsed": 28095.461106300354, "delta": 16.64351487159729}, "costs": {"total_cost": 179.79237544982064, "time_cost": 69.31400000000001, "final_distance_cost": 1.8210946697812822, "oscillation_cost": 29.881774423138943, "completition_cost": 0.0, "overshoot_cost": 49.9510016271866, "power_cost": 9.724571398925782, "noise_cost": 19.099933330788023, "n_waypoints_completed": 9, "tot_waypoints": 9}}
{"target": -189.87141297287943, "params": {"k_pid_pos": [0.9807662692026895, 0.06143478921868826, 0.4165967778027788], "k_pid_alt": [1.5701425992656395, 0.0, 0.03161740088687855], "k_pid_att": [7.839390683334723, 5.90485670099282, 0.5905671783076917], "k_pid_yaw": [0.5, 1e-06, 0.1], "k_pid_hsp": [0.2632886909452363, 0.023339889575780096, 0.0], "k_pid_vsp": [186.6390551398822, 91.12682921488265, 0.05766607657338915]}, "datetime": {"datetime": "2025-08-13 17:36:24", "elapsed": 28112.238550662994, "delta": 16.77744436264038}, "costs": {"total_cost": 189.87141297287943, "time_cost": 70.749, "final_distance_cost": 1.8450066840972952, "oscillation_cost": 28.30809394225653, "completition_cost": 0.0, "overshoot_cost": 50.136211198287675, "power_cost": 16.65120759277344, "noise_cost": 22.18189355546449, "n_waypoints_completed": 9, "tot_waypoints": 9}}
{"target": -188.69872258415097, "params": {"k_pid_pos": [1.2670351885321323, 0.05312217039150579, 0.10825433810542535], "k_pid_alt": [1.0186094700316852, 0.0, 0.02344193030970339], "k_pid_att": [11.878670965663645, 5.927251839186919, 0.41615616587379717], "k_pid_yaw": [0.5, 1e-06, 0.1], "k_pid_hsp": [0.2761250506903861, 0.018154012374501042, 0.0], "k_pid_vsp": [291.6280689911995, 122.53695314389863, 0.1569400053650094]}, "datetime": {"datetime": "2025-08-13 17:36:40", "elapsed": 28128.777257204056, "delta": 16.5387065410614}, "costs": {"total_cost": 188.69872258415097, "time_cost": 69.384, "final_distance_cost": 1.7976826195648077, "oscillation_cost": 32.18034688674965, "completition_cost": 0.0, "overshoot_cost": 50.11259804721169, "power_cost": 14.758217993164063, "noise_cost": 20.46587703746077, "n_waypoints_completed": 9, "tot_waypoints": 9}}
{"target": -205.81507387966184, "params": {"k_pid_pos": [1.1070669305916683, 0.031997443396954144, 0.3099109415638072], "k_pid_alt": [1.1646885284265274, 0.0, 0.030709120879287677], "k_pid_att": [12.275472623204031, 5.068282722203017, 0.48195735644580456], "k_pid_yaw": [0.5, 1e-06, 0.1], "k_pid_hsp": [0.19738938675309106, 0.01736255874248141, 0.0], "k_pid_vsp": [169.74957932243774, 102.66230707168809, 0.11551788273536084]}, "datetime": {"datetime": "2025-08-13 17:36:57", "elapsed": 28145.640549898148, "delta": 16.863292694091797}, "costs": {"total_cost": 205.81507387966184, "time_cost": 72.275, "final_distance_cost": 1.8343911222675529, "oscillation_cost": 29.679815215555024, "completition_cost": 0.0, "overshoot_cost": 51.838342748790964, "power_cost": 26.215023071289064, "noise_cost": 23.97250172175921, "n_waypoints_completed": 9, "tot_waypoints": 9}}
{"target": -196.03217211580642, "params": {"k_pid_pos": [1.1018366913979383, 0.05233991352450327, 0.24016508295968056], "k_pid_alt": [1.4570992934997313, 0.0, 0.026053358312436593], "k_pid_att": [14.439379740254404, 5.457567028813223, 0.5534329256795869], "k_pid_yaw": [0.5, 1e-06, 0.1], "k_pid_hsp": [0.36957059875312065, 0.012461529382806383, 0.0], "k_pid_vsp": [268.8432606819653, 83.88745686393003, 0.19348496228213277]}, "datetime": {"datetime": "2025-08-13 17:37:13", "elapsed": 28161.872342586517, "delta": 16.23179268836975}, "costs": {"total_cost": 196.03217211580642, "time_cost": 70.28, "final_distance_cost": 1.843307117732479, "oscillation_cost": 30.03740227431259, "completition_cost": 0.0, "overshoot_cost": 51.18381237428137, "power_cost": 20.191355700683594, "noise_cost": 22.49629464879636, "n_waypoints_completed": 9, "tot_waypoints": 9}}
{"target": -185.24699498806697, "params": {"k_pid_pos": [1.3433721737097797, 0.04007185294003684, 0.11656625628814547], "k_pid_alt": [1.3216468665137515, 0.0, 0.028592460958674817], "k_pid_att": [12.787902828995266, 6.185841708438318, 0.709760780030972], "k_pid_yaw": [0.5, 1e-06, 0.1], "k_pid_hsp": [0.3139290525073765, 0.023297308349667117, 0.0], "k_pid_vsp": [222.71737276757904, 139.43633286546878, 0.052398122478400665]}, "datetime": {"datetime": "2025-08-13 17:37:30", "elapsed": 28178.77791452408, "delta": 16.905571937561035}, "costs": {"total_cost": 185.24699498806697, "time_cost": 68.243, "final_distance_cost": 1.8279254236085622, "oscillation_cost": 32.41760691619053, "completition_cost": 0.0, "overshoot_cost": 49.477568286648186, "power_cost": 13.474475329589845, "noise_cost": 19.80641903202984, "n_waypoints_completed": 9, "tot_waypoints": 9}}
{"target": -214.76811802130788, "params": {"k_pid_pos": [0.7611038135294393, 0.039043960573754415, 0.11747386572269818], "k_pid_alt": [1.1895723099432063, 0.0, 0.026133921173276845], "k_pid_att": [10.908117112435365, 3.2113619866469048, 0.6708151297229618], "k_pid_yaw": [0.5, 1e-06, 0.1], "k_pid_hsp": [0.22131428987630083, 0.02168918951068391, 0.0], "k_pid_vsp": [348.89611757744393, 104.58028136509476, 0.17151150378734062]}, "datetime": {"datetime": "2025-08-13 17:37:48", "elapsed": 28196.959578990936, "delta": 18.18166446685791}, "costs": {"total_cost": 214.76811802130788, "time_cost": 77.98, "final_distance_cost": 1.8443609052493835, "oscillation_cost": 27.791320723821947, "completition_cost": 0.0, "overshoot_cost": 54.39452854674898, "power_cost": 26.971885180664064, "noise_cost": 25.786022664823513, "n_waypoints_completed": 9, "tot_waypoints": 9}}
