{"target": -190.27377031868053, "params": {"k_pid_pos": [1.042407799676517, 0.0, 0.17242644635405635], "k_pid_alt": [1.3088055601152844, 0.0, 0.027306564582324777], "k_pid_att": [13.625873759631878, 4.162789717732849, 0.1882997894142687], "k_pid_yaw": [0.5, 1e-06, 0.1], "k_pid_hsp": [0.2692907196747994, 0.013523223980093932, 0.0], "k_pid_vsp": [149.67672817554964, 131.7643865427958, 0.1532391353152888]}, "datetime": {"datetime": "2025-08-13 16:20:26", "elapsed": 23554.810971736908, "delta": 17.465905904769897}, "costs": {"total_cost": 190.27377031868053, "time_cost": 69.958, "final_distance_cost": 1.840247712158624, "oscillation_cost": 28.9124309022594, "completition_cost": 0.0, "overshoot_cost": 50.36739215418173, "power_cost": 17.636230993652344, "noise_cost": 21.559468556428453, "n_waypoints_completed": 9, "tot_waypoints": 9}}
{"target": -194.7222566457296, "params": {"k_pid_pos": [1.2499280357408695, 0.08143908226039626, 0.16968985148659999], "k_pid_alt": [1.556813297531037, 0.0, 0.026464318570234412], "k_pid_att": [15.732909563503634, 5.583277128047563, 0.26139631703442023], "k_pid_yaw": [0.5, 1e-06, 0.1], "k_pid_hsp": [0.23032783687017702, 0.0046782257501902106, 0.0], "k_pid_vsp": [190.78145149201427, 92.45597688791611, 0.1770643187345181]}, "datetime": {"datetime": "2025-08-13 16:20:44", "elapsed": 23572.578087091446, "delta": 17.767115354537964}, "costs": {"total_cost": 194.7222566457296, "time_cost": 69.97200000000001, "final_distance_cost": 1.81571145071533, "oscillation_cost": 30.198868408266463, "completition_cost": 0.0, "overshoot_cost": 50.89979191040932, "power_cost": 19.951541052246096, "noise_cost": 21.884343824092383, "n_waypoints_completed": 9, "tot_waypoints": 9}}
{"target": -183.3558688082867, "params": {"k_pid_pos": [0.8962033820074812, 0.08051019667486403, 0.33273763844323456], "k_pid_alt": [2.0, 0.0, 0.029667838347426062], "k_pid_att": [24.199834062283784, 2.5443102715113763, 0.6295462333413824], "k_pid_yaw": [0.5, 1e-06, 0.1], "k_pid_hsp": [0.16171528088342693, 0.02475371563280068, 0.0], "k_pid_vsp": [160.28904659070056, 102.68388740617581, 0.17932917178002813]}, "datetime": {"datetime": "2025-08-13 16:21:01", "elapsed": 23589.653915405273, "delta": 17.075828313827515}, "costs": {"total_cost": 183.3558688082867, "time_cost": 70.511, "final_distance_cost": 1.833522013367243, "oscillation_cost": 26.169047135053255, "completition_cost": 0.0, "overshoot_cost": 50.73725923858177, "power_cost": 13.32269969482422, "noise_cost": 20.78234072646022, "n_waypoints_completed": 9, "tot_waypoints": 9}}
{"target": -196.35502487118382, "params": {"k_pid_pos": [1.1102975101777508, 0.049613473388932676, 0.4592319744465631], "k_pid_alt": [1.5831900030311903, 0.0, 0.023098821162042527], "k_pid_att": [14.207160706276083, 3.5779184279651823, 0.5817842847155966], "k_pid_yaw": [0.5, 1e-06, 0.1], "k_pid_hsp": [0.31984894361543603, 0.014912958772992644, 0.0], "k_pid_vsp": [325.41838150651034, 131.82388164510866, 0.09675480375491058]}, "datetime": {"datetime": "2025-08-13 16:21:19", "elapsed": 23607.6851272583, "delta": 18.031211853027344}, "costs": {"total_cost": 196.35502487118382, "time_cost": 71.253, "final_distance_cost": 1.8464702629410064, "oscillation_cost": 28.636755843497035, "completition_cost": 0.0, "overshoot_cost": 51.2794885985313, "power_cost": 20.395391015625002, "noise_cost": 22.943919150589462, "n_waypoints_completed": 9, "tot_waypoints": 9}}
{"target": -191.7316218271883, "params": {"k_pid_pos": [0.9321109327501578, 0.14844390934958315, 0.11716171995998693], "k_pid_alt": [0.7707552791611013, 0.0, 0.02766280789322861], "k_pid_att": [17.84156392364162, 3.9134332086883483, 0.9306008065622362], "k_pid_yaw": [0.5, 1e-06, 0.1], "k_pid_hsp": [0.2606074814124486, 0.01774475786189058, 0.0], "k_pid_vsp": [310.0463694953802, 98.66679914770009, 0.23331695284623455]}, "datetime": {"datetime": "2025-08-13 16:21:37", "elapsed": 23625.90044760704, "delta": 18.215320348739624}, "costs": {"total_cost": 191.7316218271883, "time_cost": 72.667, "final_distance_cost": 1.8073500462927987, "oscillation_cost": 28.645918546545044, "completition_cost": 0.0, "overshoot_cost": 50.18557008121491, "power_cost": 16.70781826171875, "noise_cost": 21.7179648914168, "n_waypoints_completed": 9, "tot_waypoints": 9}}
{"target": -1463.6425622954218, "params": {"k_pid_pos": [0.9892735413615853, 0.04119723770030689, 0.2897674946482702], "k_pid_alt": [0.0, 0.0, 0.03214900036519425], "k_pid_att": [6.3813760715079155, 4.382144713047962, 0.41156467995463], "k_pid_yaw": [0.5, 1e-06, 0.1], "k_pid_hsp": [0.27995684195938475, 0.014889494494534307, 0.0], "k_pid_vsp": [264.27156163837213, 113.29802017744619, 0.23665303202322327]}, "datetime": {"datetime": "2025-08-13 16:22:10", "elapsed": 23658.23921084404, "delta": 32.33876323699951}, "costs": {"total_cost": 1463.6425622954218, "time_cost": 150, "final_distance_cost": 0.9970393282641056, "oscillation_cost": 3.8694132766561595, "completition_cost": 1000.0, "overshoot_cost": 163.06240293652243, "power_cost": 10.15745703125, "noise_cost": 135.55624972272918, "n_waypoints_completed": 0, "tot_waypoints": 9}}
{"target": -193.98724248538053, "params": {"k_pid_pos": [0.654901812427854, 0.04692855282922901, 0.0], "k_pid_alt": [0.9215211257517925, 0.0, 0.005287480710971858], "k_pid_att": [14.076984999227053, 5.514654672459245, 0.8132107594211929], "k_pid_yaw": [0.5, 1e-06, 0.1], "k_pid_hsp": [0.3047562138332815, 0.021213848157905252, 0.0], "k_pid_vsp": [96.69152082163504, 117.07994236136496, 0.24304265432458516]}, "datetime": {"datetime": "2025-08-13 16:22:29", "elapsed": 23677.69701385498, "delta": 19.45780301094055}, "costs": {"total_cost": 193.98724248538053, "time_cost": 72.912, "final_distance_cost": 1.8362158664607187, "oscillation_cost": 27.60193747107097, "completition_cost": 0.0, "overshoot_cost": 50.613939734132884, "power_cost": 18.393268115234378, "noise_cost": 22.62988129848157, "n_waypoints_completed": 9, "tot_waypoints": 9}}
{"target": -188.7840203763288, "params": {"k_pid_pos": [0.8713067618340443, 0.0918515108824857, 0.0730262003692635], "k_pid_alt": [1.4253551918539662, 0.0, 0.025955493196903347], "k_pid_att": [8.90819604863786, 6.981607974568486, 0.6731476553074301], "k_pid_yaw": [0.5, 1e-06, 0.1], "k_pid_hsp": [0.10826953453502514, 0.011656736615465011, 0.0], "k_pid_vsp": [183.2962124381369, 106.18963832694313, 0.20413683156272658]}, "datetime": {"datetime": "2025-08-13 16:22:49", "elapsed": 23697.187972307205, "delta": 19.49095845222473}, "costs": {"total_cost": 188.7840203763288, "time_cost": 72.051, "final_distance_cost": 1.811529491151082, "oscillation_cost": 28.097523239041873, "completition_cost": 0.0, "overshoot_cost": 50.37760079824258, "power_cost": 15.2774037109375, "noise_cost": 21.168963136955774, "n_waypoints_completed": 9, "tot_waypoints": 9}}
{"target": -195.51401699269695, "params": {"k_pid_pos": [0.6599485106563995, 0.01346001927640753, 0.13712578960161417], "k_pid_alt": [1.5058427997231811, 0.0, 0.012829379392681708], "k_pid_att": [17.421369679340646, 4.4805667174166315, 0.612592420490036], "k_pid_yaw": [0.5, 1e-06, 0.1], "k_pid_hsp": [0.21226608413885406, 0.025999328783887225, 0.0], "k_pid_vsp": [186.53387165188016, 115.72259646600936, 0.12006960665365451]}, "datetime": {"datetime": "2025-08-13 16:23:09", "elapsed": 23717.054930448532, "delta": 19.866958141326904}, "costs": {"total_cost": 195.51401699269695, "time_cost": 73.962, "final_distance_cost": 1.8508108472965226, "oscillation_cost": 26.526908769417627, "completition_cost": 0.0, "overshoot_cost": 50.99484076509282, "power_cost": 18.677428833007813, "noise_cost": 23.502027777882176, "n_waypoints_completed": 9, "tot_waypoints": 9}}
{"target": -197.49710819180942, "params": {"k_pid_pos": [0.6643803942595171, 0.06210740589165762, 0.17737365575174602], "k_pid_alt": [1.0790629791161972, 0.0, 0.020505728259257294], "k_pid_att": [17.274550313078944, 3.449345192933688, 0.6593371867079184], "k_pid_yaw": [0.5, 1e-06, 0.1], "k_pid_hsp": [0.1917648077417875, 0.02165828715352459, 0.0], "k_pid_vsp": [172.09851803577564, 152.0723266164059, 0.13166286905189348]}, "datetime": {"datetime": "2025-08-13 16:23:30", "elapsed": 23738.41543531418, "delta": 21.360504865646362}, "costs": {"total_cost": 197.49710819180942, "time_cost": 74.074, "final_distance_cost": 1.8382221063610926, "oscillation_cost": 26.635756878005058, "completition_cost": 0.0, "overshoot_cost": 51.04616317603463, "power_cost": 20.321962036132813, "noise_cost": 23.581003995275843, "n_waypoints_completed": 9, "tot_waypoints": 9}}
{"target": -185.04288990921907, "params": {"k_pid_pos": [1.1088263298642662, 0.0726374890515717, 0.19011945319326592], "k_pid_alt": [1.7220743778805685, 0.0, 0.022683113165899927], "k_pid_att": [29.728295464662875, 4.578408881101844, 0.5537977831319828], "k_pid_yaw": [0.5, 1e-06, 0.1], "k_pid_hsp": [0.3427829879891042, 0.022574672783152377, 0.0], "k_pid_vsp": [239.889424143081, 93.37511939012865, 0.207169375909409]}, "datetime": {"datetime": "2025-08-13 16:23:50", "elapsed": 23758.807131290436, "delta": 20.391695976257324}, "costs": {"total_cost": 185.04288990921907, "time_cost": 69.57300000000001, "final_distance_cost": 1.8404461574371695, "oscillation_cost": 29.771748934756523, "completition_cost": 0.0, "overshoot_cost": 50.49030806968354, "power_cost": 13.050873352050782, "noise_cost": 20.316513395291015, "n_waypoints_completed": 9, "tot_waypoints": 9}}
{"target": -193.67794393464595, "params": {"k_pid_pos": [0.8478924338468676, 0.09364642823155366, 0.18958639864978352], "k_pid_alt": [1.5692848447890675, 0.0, 0.028894716118078215], "k_pid_att": [16.24581326888966, 7.254588914543967, 0.7821624424573302], "k_pid_yaw": [0.5, 1e-06, 0.1], "k_pid_hsp": [0.3575443235459031, 0.017236924886610053, 0.0], "k_pid_vsp": [327.5212313571232, 99.9514342270433, 0.18872931157666564]}, "datetime": {"datetime": "2025-08-13 16:24:10", "elapsed": 23778.20896434784, "delta": 19.401833057403564}, "costs": {"total_cost": 193.67794393464595, "time_cost": 71.659, "final_distance_cost": 1.827090860667462, "oscillation_cost": 27.26022680511942, "completition_cost": 0.0, "overshoot_cost": 51.05993115467075, "power_cost": 19.082625146484375, "noise_cost": 22.78906996770393, "n_waypoints_completed": 9, "tot_waypoints": 9}}
{"target": -194.85229887967097, "params": {"k_pid_pos": [0.5263880853009991, 0.06957146479749184, 0.07323188885663227], "k_pid_alt": [1.051199833331272, 0.0, 0.012839066294783258], "k_pid_att": [21.420417977027597, 1.3834199832649332, 0.961283451555357], "k_pid_yaw": [0.5, 1e-06, 0.1], "k_pid_hsp": [0.20373411414161172, 0.0036620368332696183, 0.0], "k_pid_vsp": [170.65982883141626, 109.13774922455366, 0.19607807249764697]}, "datetime": {"datetime": "2025-08-13 16:24:31", "elapsed": 23799.957821130753, "delta": 21.748856782913208}, "costs": {"total_cost": 194.85229887967097, "time_cost": 77.126, "final_distance_cost": 1.8476683594828875, "oscillation_cost": 24.152909254129536, "completition_cost": 0.0, "overshoot_cost": 51.90308419981812, "power_cost": 16.061059106445313, "noise_cost": 23.7615779597951, "n_waypoints_completed": 9, "tot_waypoints": 9}}
{"target": -183.61648780820136, "params": {"k_pid_pos": [0.730199654078482, 0.03707019153211969, 0.13282329201480397], "k_pid_alt": [2.0, 0.0, 0.013270973050336745], "k_pid_att": [21.271193375342765, 4.7163586426685, 0.6316682955679039], "k_pid_yaw": [0.5, 1e-06, 0.1], "k_pid_hsp": [0.27753924356710213, 0.02772002490637124, 0.0], "k_pid_vsp": [245.31903538865967, 159.00188104668885, 0.2184127121735477]}, "datetime": {"datetime": "2025-08-13 16:24:51", "elapsed": 23819.65260529518, "delta": 19.69478416442871}, "costs": {"total_cost": 183.61648780820136, "time_cost": 71.08500000000001, "final_distance_cost": 1.8525595576235403, "oscillation_cost": 26.87856927757197, "completition_cost": 0.0, "overshoot_cost": 50.36737241573212, "power_cost": 12.367300158691407, "noise_cost": 21.065686398582297, "n_waypoints_completed": 9, "tot_waypoints": 9}}
{"target": -183.5162627189557, "params": {"k_pid_pos": [1.3688953950267946, 0.09130844761062488, 0.0], "k_pid_alt": [1.8964916047773155, 0.0, 0.029821785485279823], "k_pid_att": [23.20712621066011, 4.615140570628849, 0.881086255394874], "k_pid_yaw": [0.5, 1e-06, 0.1], "k_pid_hsp": [0.24054417162360006, 0.01570542238814362, 0.0], "k_pid_vsp": [168.38363709935632, 72.8423245709673, 0.20307289232388218]}, "datetime": {"datetime": "2025-08-13 16:25:10", "elapsed": 23838.310440540314, "delta": 18.657835245132446}, "costs": {"total_cost": 183.5162627189557, "time_cost": 68.39, "final_distance_cost": 1.7600485519757005, "oscillation_cost": 32.82563654636679, "completition_cost": 0.0, "overshoot_cost": 50.20850807754722, "power_cost": 11.135320703125, "noise_cost": 19.196748839940977, "n_waypoints_completed": 9, "tot_waypoints": 9}}
{"target": -181.88975472092747, "params": {"k_pid_pos": [0.8492898461500888, 0.07840049821441894, 0.0], "k_pid_alt": [1.3622580125873702, 0.0, 0.021525024868449715], "k_pid_att": [16.482340024023017, 6.151285847757698, 0.5795247830566034], "k_pid_yaw": [0.5, 1e-06, 0.1], "k_pid_hsp": [0.23732370567908023, 0.019136059407589723, 0.0], "k_pid_vsp": [287.813450001125, 135.0602087960978, 0.17396461325906762]}, "datetime": {"datetime": "2025-08-13 16:25:30", "elapsed": 23858.827597141266, "delta": 20.51715660095215}, "costs": {"total_cost": 181.88975472092747, "time_cost": 69.223, "final_distance_cost": 1.8360309643642012, "oscillation_cost": 28.529464598744816, "completition_cost": 0.0, "overshoot_cost": 50.05208106463093, "power_cost": 12.233993481445314, "noise_cost": 20.015184611742225, "n_waypoints_completed": 9, "tot_waypoints": 9}}
{"target": -182.8086811168451, "params": {"k_pid_pos": [0.9071454981395203, 0.07583749999902804, 0.0], "k_pid_alt": [1.9930028934284778, 0.0, 0.014701307191296462], "k_pid_att": [31.762855041718268, 4.084293004302617, 0.5276107282475958], "k_pid_yaw": [0.5, 1e-06, 0.1], "k_pid_hsp": [0.18074897596098274, 0.0141948772538699, 0.0], "k_pid_vsp": [263.2730173610369, 143.73921404817517, 0.1942222379304126]}, "datetime": {"datetime": "2025-08-13 16:25:48", "elapsed": 23876.85764479637, "delta": 18.03004765510559}, "costs": {"total_cost": 182.8086811168451, "time_cost": 69.19500000000001, "final_distance_cost": 1.8052862358922146, "oscillation_cost": 28.28920985694263, "completition_cost": 0.0, "overshoot_cost": 50.24706109533654, "power_cost": 13.093699780273438, "noise_cost": 20.178424148400257, "n_waypoints_completed": 9, "tot_waypoints": 9}}
{"target": -182.89470497754766, "params": {"k_pid_pos": [1.1329953033618791, 0.08014316411452448, 0.19426056603063477], "k_pid_alt": [1.01017028035057, 0.0, 0.021409360589153412], "k_pid_att": [18.732603824355056, 3.7829375455380414, 0.5002282576291716], "k_pid_yaw": [0.5, 1e-06, 0.1], "k_pid_hsp": [0.29524337641910464, 0.015133097645056262, 0.0], "k_pid_vsp": [315.0882120121399, 166.15083406497249, 0.19560454309754816]}, "datetime": {"datetime": "2025-08-13 16:26:06", "elapsed": 23894.608439683914, "delta": 17.750794887542725}, "costs": {"total_cost": 182.89470497754766, "time_cost": 69.57300000000001, "final_distance_cost": 1.8378802793847957, "oscillation_cost": 29.718413331471783, "completition_cost": 0.0, "overshoot_cost": 49.62279595602506, "power_cost": 12.16704598388672, "noise_cost": 19.975569426779305, "n_waypoints_completed": 9, "tot_waypoints": 9}}
{"target": -193.3646354778145, "params": {"k_pid_pos": [0.8723754754818493, 0.06813861521623343, 0.07283709654004725], "k_pid_alt": [1.7577657104182822, 0.0, 0.024756402339717026], "k_pid_att": [22.655105880062546, 4.165981498855535, 0.8366751826646422], "k_pid_yaw": [0.5, 1e-06, 0.1], "k_pid_hsp": [0.13796233729018967, 0.020871948786159028, 0.0], "k_pid_vsp": [274.99868022868617, 111.31233281956024, 0.14188257861008532]}, "datetime": {"datetime": "2025-08-13 16:26:28", "elapsed": 23916.142196655273, "delta": 21.533756971359253}, "costs": {"total_cost": 193.3646354778145, "time_cost": 71.281, "final_distance_cost": 1.816763118134272, "oscillation_cost": 27.92383833815962, "completition_cost": 0.0, "overshoot_cost": 50.201130758221126, "power_cost": 19.819296105957033, "noise_cost": 22.322607157342457, "n_waypoints_completed": 9, "tot_waypoints": 9}}
{"target": -195.0055484964579, "params": {"k_pid_pos": [0.8951788962304309, 0.09063373509503965, 0.32572915790930984], "k_pid_alt": [1.2294513933136182, 0.0, 0.029118703102103308], "k_pid_att": [8.628221373866936, 8.281866414376527, 0.4635405218185015], "k_pid_yaw": [0.5, 1e-06, 0.1], "k_pid_hsp": [0.4583215607167899, 0.02412068050998903, 0.0], "k_pid_vsp": [308.46390911103504, 190.52824448457477, 0.09869867816036564]}, "datetime": {"datetime": "2025-08-13 16:26:48", "elapsed": 23936.626201868057, "delta": 20.484005212783813}, "costs": {"total_cost": 195.0055484964579, "time_cost": 72.534, "final_distance_cost": 1.8332355923811552, "oscillation_cost": 30.563027716326157, "completition_cost": 0.0, "overshoot_cost": 50.47957064801507, "power_cost": 17.04597420654297, "noise_cost": 22.549740333192506, "n_waypoints_completed": 9, "tot_waypoints": 9}}
{"target": -195.30595502222346, "params": {"k_pid_pos": [0.6460167325658431, 0.08152896595772645, 0.290672536160883], "k_pid_alt": [1.7466434516611276, 0.0, 0.025600593625068835], "k_pid_att": [18.539565162217453, 4.513967295429645, 0.7099812111177632], "k_pid_yaw": [0.5, 1e-06, 0.1], "k_pid_hsp": [0.25802099216721164, 0.025446799460601282, 0.0], "k_pid_vsp": [155.94275736856397, 129.68517721269833, 0.24221529036660963]}, "datetime": {"datetime": "2025-08-13 16:27:11", "elapsed": 23959.48240327835, "delta": 22.85620141029358}, "costs": {"total_cost": 195.30595502222346, "time_cost": 75.684, "final_distance_cost": 1.8445505488052765, "oscillation_cost": 26.308242492938454, "completition_cost": 0.0, "overshoot_cost": 51.40710568751738, "power_cost": 16.429531262207032, "noise_cost": 23.632525030755318, "n_waypoints_completed": 9, "tot_waypoints": 9}}
{"target": -192.24640365665718, "params": {"k_pid_pos": [0.6951569264871527, 0.020661296856369787, 0.28141944559039606], "k_pid_alt": [1.614382827086774, 0.0, 0.026313079111596888], "k_pid_att": [23.15005249943522, 5.266009898433503, 0.746006928517871], "k_pid_yaw": [0.5, 1e-06, 0.1], "k_pid_hsp": [0.28421845936130363, 0.04399129702599567, 0.0], "k_pid_vsp": [363.72702201099423, 142.12408757590936, 0.17252620435862695]}, "datetime": {"datetime": "2025-08-13 16:27:32", "elapsed": 23980.53593301773, "delta": 21.053529739379883}, "costs": {"total_cost": 192.24640365665718, "time_cost": 75.971, "final_distance_cost": 1.85577349617356, "oscillation_cost": 28.000515951634114, "completition_cost": 0.0, "overshoot_cost": 50.37963504481518, "power_cost": 13.057002929687501, "noise_cost": 22.98247623434682, "n_waypoints_completed": 9, "tot_waypoints": 9}}
{"target": -193.47100154745573, "params": {"k_pid_pos": [0.6137482492195622, 0.0651833645628296, 0.24712490892679573], "k_pid_alt": [2.0, 0.0, 0.025482281275837085], "k_pid_att": [10.323509329465757, 2.065048123228113, 0.6852899039123507], "k_pid_yaw": [0.5, 1e-06, 0.1], "k_pid_hsp": [0.16960866703895605, 0.019923446159839975, 0.0], "k_pid_vsp": [248.6892442154748, 145.6293328148956, 0.2590840222028314]}, "datetime": {"datetime": "2025-08-13 16:27:53", "elapsed": 24001.262694835663, "delta": 20.72676181793213}, "costs": {"total_cost": 193.47100154745573, "time_cost": 74.494, "final_distance_cost": 1.8530662476984285, "oscillation_cost": 25.305935642123504, "completition_cost": 0.0, "overshoot_cost": 51.51712819042265, "power_cost": 16.981872595214845, "noise_cost": 23.318998871996307, "n_waypoints_completed": 9, "tot_waypoints": 9}}
{"target": -206.93206325059353, "params": {"k_pid_pos": [0.371583350929785, 0.021796687880027144, 0.19175600958509656], "k_pid_alt": [1.407769290771882, 0.0, 0.03702719985657018], "k_pid_att": [17.232068489145146, 2.3782777582143138, 0.6020623466849488], "k_pid_yaw": [0.5, 1e-06, 0.1], "k_pid_hsp": [0.22144914548476283, 0.01896705436029915, 0.0], "k_pid_vsp": [135.67176773377471, 133.54077900471057, 0.23851695206634982]}, "datetime": {"datetime": "2025-08-13 16:28:19", "elapsed": 24027.56429362297, "delta": 26.30159878730774}, "costs": {"total_cost": 206.93206325059353, "time_cost": 90.174, "final_distance_cost": 1.8582333653326504, "oscillation_cost": 21.883755323707152, "completition_cost": 0.0, "overshoot_cost": 52.66463205320346, "power_cost": 12.515413415527345, "noise_cost": 27.836029092822912, "n_waypoints_completed": 9, "tot_waypoints": 9}}
{"target": -199.9362708997829, "params": {"k_pid_pos": [1.0151430586290753, 0.059854999509717864, 0.07911712026622668], "k_pid_alt": [1.0549941972602894, 0.0, 0.02426632791330044], "k_pid_att": [15.47388186674947, 3.8474611626216095, 0.9226064537932599], "k_pid_yaw": [0.5, 1e-06, 0.1], "k_pid_hsp": [0.2973525840618857, 0.017122061931564413, 0.0], "k_pid_vsp": [344.0147477633905, 67.53519912106616, 0.13786919913678464]}, "datetime": {"datetime": "2025-08-13 16:28:38", "elapsed": 24046.010187149048, "delta": 18.44589352607727}, "costs": {"total_cost": 199.9362708997829, "time_cost": 71.575, "final_distance_cost": 1.8265119458097316, "oscillation_cost": 29.874856768125618, "completition_cost": 0.0, "overshoot_cost": 51.81161450959362, "power_cost": 22.048781091308594, "noise_cost": 22.799506584945327, "n_waypoints_completed": 9, "tot_waypoints": 9}}
