{"target": -184.09287159118162, "params": {"k_pid_pos": [0.9703461403867708, 0.058387097619635515, 0.2760279341174677], "k_pid_alt": [1.496792679341543, 0.0, 0.026454087497726406], "k_pid_att": [9.40920210919922, 4.173492556515376, 0.6253552317709957], "k_pid_yaw": [0.5, 1e-06, 0.1], "k_pid_hsp": [0.21028180084474735, 0.012014015541761847, 0.0], "k_pid_vsp": [295.88492931271725, 174.2849386694047, 0.11624990670997887]}, "datetime": {"datetime": "2025-08-13 20:12:06", "elapsed": 37454.20577907562, "delta": 16.7682626247406}, "costs": {"total_cost": 184.09287159118162, "time_cost": 69.685, "final_distance_cost": 1.8438323931310907, "oscillation_cost": 27.466057879906025, "completition_cost": 0.0, "overshoot_cost": 50.02142701806689, "power_cost": 14.14555233154297, "noise_cost": 20.93100196853462, "n_waypoints_completed": 9, "tot_waypoints": 9}}
{"target": -184.10976060310483, "params": {"k_pid_pos": [0.7260447925636914, 0.04901676267911115, 0.32496667930746254], "k_pid_alt": [1.0076388375394982, 0.0, 0.026035273407263346], "k_pid_att": [9.754835850566701, 2.7177969242739466, 0.6783377412790447], "k_pid_yaw": [0.5, 1e-06, 0.1], "k_pid_hsp": [0.21651353275672217, 0.01789779240349725, 0.0], "k_pid_vsp": [257.872888040856, 82.66462298346768, 0.15438169901453094]}, "datetime": {"datetime": "2025-08-13 20:12:24", "elapsed": 37472.39614892006, "delta": 18.190369844436646}, "costs": {"total_cost": 184.10976060310483, "time_cost": 75.537, "final_distance_cost": 1.8462956389101781, "oscillation_cost": 26.10348115828691, "completition_cost": 0.0, "overshoot_cost": 50.93601764742783, "power_cost": 8.983837255859376, "noise_cost": 20.703128902620524, "n_waypoints_completed": 9, "tot_waypoints": 9}}
{"target": -197.66078393053928, "params": {"k_pid_pos": [0.6036968862282759, 0.05737236623810315, 0.304117347899447], "k_pid_alt": [1.5831997937837563, 0.0, 0.03237193305867953], "k_pid_att": [10.004310409429415, 4.11308995064775, 0.6617515832735513], "k_pid_yaw": [0.5, 1e-06, 0.1], "k_pid_hsp": [0.2781884198505287, 0.009240276382593645, 0.0], "k_pid_vsp": [279.4184860494882, 148.15318026114988, 0.10836787666439235]}, "datetime": {"datetime": "2025-08-13 20:12:42", "elapsed": 37490.249645233154, "delta": 17.853496313095093}, "costs": {"total_cost": 197.66078393053928, "time_cost": 77.70700000000001, "final_distance_cost": 1.8467680089016794, "oscillation_cost": 25.677847002418087, "completition_cost": 0.0, "overshoot_cost": 51.481226702780916, "power_cost": 16.497064123535157, "noise_cost": 24.45087809290343, "n_waypoints_completed": 9, "tot_waypoints": 9}}
{"target": -187.82722769909319, "params": {"k_pid_pos": [0.8378611537313264, 0.07546991254936666, 0.3527574719313565], "k_pid_alt": [1.1499538238634373, 0.0, 0.027885153576528935], "k_pid_att": [11.200840419961764, 4.285665441037058, 0.4200421696299741], "k_pid_yaw": [0.5, 1e-06, 0.1], "k_pid_hsp": [0.21607017618718824, 0.01582053058995438, 0.0], "k_pid_vsp": [309.9025421342125, 85.47902637084421, 0.16570068471505786]}, "datetime": {"datetime": "2025-08-13 20:12:59", "elapsed": 37507.83667206764, "delta": 17.587026834487915}, "costs": {"total_cost": 187.82722769909319, "time_cost": 73.038, "final_distance_cost": 1.8388308674239473, "oscillation_cost": 27.23555695463919, "completition_cost": 0.0, "overshoot_cost": 50.56630061442116, "power_cost": 13.379726342773438, "noise_cost": 21.76881291983546, "n_waypoints_completed": 9, "tot_waypoints": 9}}
{"target": -196.44458760176423, "params": {"k_pid_pos": [0.6744305214795672, 0.05305447733961566, 0.30158979747341286], "k_pid_alt": [1.4444357559086531, 0.0, 0.02422604631352555], "k_pid_att": [8.54780779252262, 2.566616128265094, 0.5443356744174849], "k_pid_yaw": [0.5, 1e-06, 0.1], "k_pid_hsp": [0.2196577104522016, 0.014567635415026628, 0.0], "k_pid_vsp": [355.67969342222705, 110.04470895564333, 0.1743935195700517]}, "datetime": {"datetime": "2025-08-13 20:13:18", "elapsed": 37526.401566028595, "delta": 18.56489396095276}, "costs": {"total_cost": 196.44458760176423, "time_cost": 75.488, "final_distance_cost": 1.8531053151695758, "oscillation_cost": 25.96347811924089, "completition_cost": 0.0, "overshoot_cost": 51.319364238390946, "power_cost": 17.82860721435547, "noise_cost": 23.992032714607344, "n_waypoints_completed": 9, "tot_waypoints": 9}}
{"target": -187.63174991922642, "params": {"k_pid_pos": [1.1096312911468005, 0.04291501081107041, 0.3500904325330126], "k_pid_alt": [1.74822401019121, 0.0, 0.028859283943832026], "k_pid_att": [10.021988024399, 3.5613054096076913, 0.6804696094732], "k_pid_yaw": [0.5, 1e-06, 0.1], "k_pid_hsp": [0.22449166141375018, 0.009690512811797404, 0.0], "k_pid_vsp": [327.4693727371566, 109.6801758952217, 0.19610766438882266]}, "datetime": {"datetime": "2025-08-13 20:13:36", "elapsed": 37544.7204720974, "delta": 18.31890606880188}, "costs": {"total_cost": 187.63174991922642, "time_cost": 70.035, "final_distance_cost": 1.829565068756282, "oscillation_cost": 28.12364224344199, "completition_cost": 0.0, "overshoot_cost": 50.75184022418197, "power_cost": 15.520731311035156, "noise_cost": 21.370971071811017, "n_waypoints_completed": 9, "tot_waypoints": 9}}
{"target": -186.1451743316781, "params": {"k_pid_pos": [0.9584337474596417, 0.049177844313736174, 0.4716569602641725], "k_pid_alt": [1.4993306161893702, 0.0, 0.029139119452325824], "k_pid_att": [7.190486002638967, 4.296281916903222, 0.8115592334658679], "k_pid_yaw": [0.5, 1e-06, 0.1], "k_pid_hsp": [0.20976392549662345, 0.014253714774772707, 0.0], "k_pid_vsp": [313.1848470953954, 117.23378301345889, 0.17033987352486232]}, "datetime": {"datetime": "2025-08-13 20:13:54", "elapsed": 37562.43274092674, "delta": 17.712268829345703}, "costs": {"total_cost": 186.1451743316781, "time_cost": 71.862, "final_distance_cost": 1.8491324916081333, "oscillation_cost": 28.04969333902035, "completition_cost": 0.0, "overshoot_cost": 50.39870820602653, "power_cost": 12.74975478515625, "noise_cost": 21.23588550986685, "n_waypoints_completed": 9, "tot_waypoints": 9}}
{"target": -202.66676584758684, "params": {"k_pid_pos": [0.5624134643882887, 0.04207533173578795, 0.2979834754952295], "k_pid_alt": [1.048977466884183, 0.0, 0.02953878140164118], "k_pid_att": [9.213020196166136, 4.473121940560301, 0.7495461809373122], "k_pid_yaw": [0.5, 1e-06, 0.1], "k_pid_hsp": [0.256621091495413, 0.018696344638601235, 0.0], "k_pid_vsp": [331.27517174630935, 137.74800949444898, 0.20492047126953747]}, "datetime": {"datetime": "2025-08-13 20:14:15", "elapsed": 37583.420785188675, "delta": 20.988044261932373}, "costs": {"total_cost": 202.66676584758684, "time_cost": 80.388, "final_distance_cost": 1.853090618147177, "oscillation_cost": 25.2802044535624, "completition_cost": 0.0, "overshoot_cost": 51.457337018320054, "power_cost": 18.076643896484377, "noise_cost": 25.61148986107284, "n_waypoints_completed": 9, "tot_waypoints": 9}}
{"target": -194.79503948728058, "params": {"k_pid_pos": [1.0403175665428592, 0.05635625106515213, 0.2566314857917065], "k_pid_alt": [1.8293490434538002, 0.0, 0.020005782805307407], "k_pid_att": [10.204215078642775, 4.033467742907658, 0.6576836933998171], "k_pid_yaw": [0.5, 1e-06, 0.1], "k_pid_hsp": [0.1573175930001419, 0.016122892239658498, 0.0], "k_pid_vsp": [263.9745132256683, 93.14110576825851, 0.23444269434436182]}, "datetime": {"datetime": "2025-08-13 20:14:37", "elapsed": 37605.41945934296, "delta": 21.998674154281616}, "costs": {"total_cost": 194.79503948728058, "time_cost": 70.133, "final_distance_cost": 1.8348272768366172, "oscillation_cost": 28.87810098968911, "completition_cost": 0.0, "overshoot_cost": 50.70734567057608, "power_cost": 21.089080737304688, "noise_cost": 22.15268481287407, "n_waypoints_completed": 9, "tot_waypoints": 9}}
{"target": -185.82529804033052, "params": {"k_pid_pos": [0.8693040681217061, 0.05135109564985484, 0.3642717339066644], "k_pid_alt": [1.6308736767785879, 0.0, 0.02599134390286172], "k_pid_att": [8.589148157556911, 3.1586626314440696, 0.37153712781098686], "k_pid_yaw": [0.5, 1e-06, 0.1], "k_pid_hsp": [0.1821655244788012, 0.013043058718613077, 0.0], "k_pid_vsp": [207.80600224607812, 90.84122586534716, 0.18774817300817093]}, "datetime": {"datetime": "2025-08-13 20:14:55", "elapsed": 37623.62121152878, "delta": 18.201752185821533}, "costs": {"total_cost": 185.82529804033052, "time_cost": 71.288, "final_distance_cost": 1.8472889185726944, "oscillation_cost": 26.594403330474005, "completition_cost": 0.0, "overshoot_cost": 50.42368338318937, "power_cost": 14.139311560058594, "noise_cost": 21.532610848035866, "n_waypoints_completed": 9, "tot_waypoints": 9}}
{"target": -189.55802033525188, "params": {"k_pid_pos": [1.017106423338299, 0.057676312795919595, 0.3422781780111321], "k_pid_alt": [1.3792816004630628, 0.0, 0.028113857455233076], "k_pid_att": [8.531118256802321, 4.224766996004488, 0.6092137194665367], "k_pid_yaw": [0.5, 1e-06, 0.1], "k_pid_hsp": [0.20652631881070402, 0.013236060757202968, 0.0], "k_pid_vsp": [286.81407508440674, 129.47260507954687, 0.11092288372580461]}, "datetime": {"datetime": "2025-08-13 20:15:13", "elapsed": 37641.8341896534, "delta": 18.21297812461853}, "costs": {"total_cost": 189.55802033525188, "time_cost": 70.46900000000001, "final_distance_cost": 1.8333851391328908, "oscillation_cost": 27.893385520666744, "completition_cost": 0.0, "overshoot_cost": 50.42982330504183, "power_cost": 17.219405212402343, "noise_cost": 21.713021158008075, "n_waypoints_completed": 9, "tot_waypoints": 9}}
{"target": -191.1628583046745, "params": {"k_pid_pos": [1.045234191662396, 0.03762096212849484, 0.19950912077397379], "k_pid_alt": [1.4919868356369062, 0.0, 0.027125398838396708], "k_pid_att": [9.813767967887438, 4.329863597648371, 0.7302608353577767], "k_pid_yaw": [0.5, 1e-06, 0.1], "k_pid_hsp": [0.17175837814073205, 0.020924432023307293, 0.0], "k_pid_vsp": [340.39822884532623, 116.51187917190958, 0.17192457755807947]}, "datetime": {"datetime": "2025-08-13 20:15:30", "elapsed": 37658.5566277504, "delta": 16.722438097000122}, "costs": {"total_cost": 191.1628583046745, "time_cost": 69.937, "final_distance_cost": 1.8370267584703484, "oscillation_cost": 29.412496024360983, "completition_cost": 0.0, "overshoot_cost": 50.57897569062209, "power_cost": 17.90516209716797, "noise_cost": 21.492197734053132, "n_waypoints_completed": 9, "tot_waypoints": 9}}
{"target": -186.94321912612884, "params": {"k_pid_pos": [0.9751037719914782, 0.051195427505568714, 0.3268590219767542], "k_pid_alt": [1.5379951853869542, 0.0, 0.018584410320982406], "k_pid_att": [6.522166324439085, 2.4313440127003596, 0.4995499999075965], "k_pid_yaw": [0.5, 1e-06, 0.1], "k_pid_hsp": [0.2771046332095316, 0.015494064050120613, 0.0], "k_pid_vsp": [337.3163858343568, 119.75531680159467, 0.15471034053529042]}, "datetime": {"datetime": "2025-08-13 20:15:48", "elapsed": 37676.066752910614, "delta": 17.510125160217285}, "costs": {"total_cost": 186.94321912612884, "time_cost": 70.371, "final_distance_cost": 1.8492308079309356, "oscillation_cost": 28.005564845495737, "completition_cost": 0.0, "overshoot_cost": 50.426557691876816, "power_cost": 14.83553231201172, "noise_cost": 21.45533346881366, "n_waypoints_completed": 9, "tot_waypoints": 9}}
{"target": -186.66845607823808, "params": {"k_pid_pos": [1.025154336501125, 0.04537329344843261, 0.2797862100034166], "k_pid_alt": [1.4136704519041343, 0.0, 0.02415666256818767], "k_pid_att": [9.80999333562928, 3.9149829986123503, 0.8505413461791752], "k_pid_yaw": [0.5, 1e-06, 0.1], "k_pid_hsp": [0.20768505620851793, 0.016134872853532736, 0.0], "k_pid_vsp": [361.3023992451672, 149.7597208926737, 0.13320254155867964]}, "datetime": {"datetime": "2025-08-13 20:16:05", "elapsed": 37692.98341393471, "delta": 16.916661024093628}, "costs": {"total_cost": 186.66845607823808, "time_cost": 69.727, "final_distance_cost": 1.8327403959353465, "oscillation_cost": 28.07693001520137, "completition_cost": 0.0, "overshoot_cost": 50.35202714100033, "power_cost": 15.514853735351563, "noise_cost": 21.164904790749475, "n_waypoints_completed": 9, "tot_waypoints": 9}}
{"target": -190.8282158757849, "params": {"k_pid_pos": [1.1042315853423517, 0.05603688002972784, 0.29156826309104417], "k_pid_alt": [1.1567953731215443, 0.0, 0.026496972095518875], "k_pid_att": [8.496800803342587, 4.94996207835222, 0.4576627193079787], "k_pid_yaw": [0.5, 1e-06, 0.1], "k_pid_hsp": [0.22574544243673503, 0.012726335603198838, 0.0], "k_pid_vsp": [312.0911835034212, 95.74685990882419, 0.13144281551129122]}, "datetime": {"datetime": "2025-08-13 20:16:21", "elapsed": 37709.71866393089, "delta": 16.735249996185303}, "costs": {"total_cost": 190.8282158757849, "time_cost": 70.42, "final_distance_cost": 1.8278421603687327, "oscillation_cost": 29.331224799640516, "completition_cost": 0.0, "overshoot_cost": 50.65981235394105, "power_cost": 17.012669787597655, "noise_cost": 21.576666774236983, "n_waypoints_completed": 9, "tot_waypoints": 9}}
{"target": -193.96094123940713, "params": {"k_pid_pos": [0.8343665386957285, 0.028531523716249504, 0.32847691758471537], "k_pid_alt": [1.44184700614107, 0.0, 0.02379278859365795], "k_pid_att": [9.676106741769935, 3.5499164051920413, 0.5194663170216564], "k_pid_yaw": [0.5, 1e-06, 0.1], "k_pid_hsp": [0.18088216687408162, 0.01901862152109729, 0.0], "k_pid_vsp": [345.7264949375124, 138.18001482186997, 0.13595348229686985]}, "datetime": {"datetime": "2025-08-13 20:16:39", "elapsed": 37727.719646930695, "delta": 18.000982999801636}, "costs": {"total_cost": 193.96094123940713, "time_cost": 72.513, "final_distance_cost": 1.8544298780489377, "oscillation_cost": 26.80372942205207, "completition_cost": 0.0, "overshoot_cost": 50.56010985312549, "power_cost": 19.224868884277345, "noise_cost": 23.0048032019033, "n_waypoints_completed": 9, "tot_waypoints": 9}}
{"target": -194.61948131848084, "params": {"k_pid_pos": [0.9689602211864163, 0.05830880352218171, 0.31856429403842634], "k_pid_alt": [1.2364024192177168, 0.0, 0.02766835802859594], "k_pid_att": [10.433144196693464, 2.7752168251239113, 0.3905301675514658], "k_pid_yaw": [0.5, 1e-06, 0.1], "k_pid_hsp": [0.1553636205799668, 0.01442071542669668, 0.0], "k_pid_vsp": [222.8697217023106, 135.63558288294564, 0.1627000269672609]}, "datetime": {"datetime": "2025-08-13 20:16:56", "elapsed": 37744.78128170967, "delta": 17.06163477897644}, "costs": {"total_cost": 194.61948131848084, "time_cost": 71.169, "final_distance_cost": 1.8437139763721955, "oscillation_cost": 26.917348924405086, "completition_cost": 0.0, "overshoot_cost": 51.30645124205537, "power_cost": 20.951953918457033, "noise_cost": 22.43101325719116, "n_waypoints_completed": 9, "tot_waypoints": 9}}
{"target": -182.87717292742025, "params": {"k_pid_pos": [0.873817970235708, 0.044196722066762, 0.24685310004828476], "k_pid_alt": [1.4299432028199106, 0.0, 0.015307849064569647], "k_pid_att": [9.201479813813547, 2.6426609741688734, 0.41671985499286296], "k_pid_yaw": [0.5, 1e-06, 0.1], "k_pid_hsp": [0.2637721754512408, 0.00855360315916501, 0.0], "k_pid_vsp": [287.73176747932933, 152.27047307002684, 0.1234688368817558]}, "datetime": {"datetime": "2025-08-13 20:17:13", "elapsed": 37761.930710077286, "delta": 17.149428367614746}, "costs": {"total_cost": 182.87717292742025, "time_cost": 70.749, "final_distance_cost": 1.8444153778460803, "oscillation_cost": 27.055184434704, "completition_cost": 0.0, "overshoot_cost": 50.58085115023794, "power_cost": 11.946354211425781, "noise_cost": 20.701367753206448, "n_waypoints_completed": 9, "tot_waypoints": 9}}
{"target": -178.8882169908082, "params": {"k_pid_pos": [0.9426633229522885, 0.05388615204614422, 0.2671087310241738], "k_pid_alt": [1.3047687062928315, 0.0, 0.02760623824346957], "k_pid_att": [10.799235550212424, 4.955035960521791, 0.6390335772394451], "k_pid_yaw": [0.5, 1e-06, 0.1], "k_pid_hsp": [0.21537643403590037, 0.0075507257707037355, 0.0], "k_pid_vsp": [282.0607251909715, 113.08931342957209, 0.12385794698064935]}, "datetime": {"datetime": "2025-08-13 20:17:30", "elapsed": 37778.23504829407, "delta": 16.304338216781616}, "costs": {"total_cost": 178.8882169908082, "time_cost": 70.147, "final_distance_cost": 1.8434087480107637, "oscillation_cost": 27.44052697846865, "completition_cost": 0.0, "overshoot_cost": 50.31061554555146, "power_cost": 9.572311743164063, "noise_cost": 19.574353975613253, "n_waypoints_completed": 9, "tot_waypoints": 9}}
{"target": -181.85579992396742, "params": {"k_pid_pos": [1.0649489642096082, 0.06686572064042172, 0.3718848935945444], "k_pid_alt": [1.719731800178879, 0.0, 0.03134147053797868], "k_pid_att": [10.813140546976745, 3.1520221204726107, 0.7019791932154004], "k_pid_yaw": [0.5, 1e-06, 0.1], "k_pid_hsp": [0.14880737380947642, 0.01967227348817013, 0.0], "k_pid_vsp": [367.78758100293703, 113.62271342865172, 0.11911411600131366]}, "datetime": {"datetime": "2025-08-13 20:17:47", "elapsed": 37795.297592401505, "delta": 17.062544107437134}, "costs": {"total_cost": 181.85579992396742, "time_cost": 69.65, "final_distance_cost": 1.8292180361034396, "oscillation_cost": 27.49784100809514, "completition_cost": 0.0, "overshoot_cost": 50.0637627071049, "power_cost": 12.533797998046875, "noise_cost": 20.281180174617035, "n_waypoints_completed": 9, "tot_waypoints": 9}}
{"target": -189.19687067690947, "params": {"k_pid_pos": [0.803717199858396, 0.06446072020219683, 0.24646729961816075], "k_pid_alt": [0.9412546294191824, 0.0, 0.028484791374767938], "k_pid_att": [10.891867452498692, 3.4149415842745037, 0.6608813074261378], "k_pid_yaw": [0.5, 1e-06, 0.1], "k_pid_hsp": [0.20291217770466904, 0.014785846452583956, 0.0], "k_pid_vsp": [300.1917531190339, 79.23314343245765, 0.16207803126637488]}, "datetime": {"datetime": "2025-08-13 20:18:04", "elapsed": 37812.85845160484, "delta": 17.560859203338623}, "costs": {"total_cost": 189.19687067690947, "time_cost": 72.961, "final_distance_cost": 1.8404510400177199, "oscillation_cost": 26.596141215127826, "completition_cost": 0.0, "overshoot_cost": 50.92059435984349, "power_cost": 14.984378356933595, "noise_cost": 21.89430570498684, "n_waypoints_completed": 9, "tot_waypoints": 9}}
{"target": -188.8364167789464, "params": {"k_pid_pos": [0.9031755758497626, 0.05357164751088244, 0.3295059074996097], "k_pid_alt": [1.292494967808332, 0.0, 0.018084726297944977], "k_pid_att": [9.101725251521817, 4.694413674612043, 0.48058346891070053], "k_pid_yaw": [0.5, 1e-06, 0.1], "k_pid_hsp": [0.16818787996283938, 0.009930383770044696, 0.0], "k_pid_vsp": [271.0956530024325, 125.29386336184253, 0.14054260287552053]}, "datetime": {"datetime": "2025-08-13 20:18:24", "elapsed": 37832.092577934265, "delta": 19.234126329421997}, "costs": {"total_cost": 188.8364167789464, "time_cost": 71.071, "final_distance_cost": 1.8370544841886727, "oscillation_cost": 26.455101711354796, "completition_cost": 0.0, "overshoot_cost": 50.99690820331697, "power_cost": 16.538993359375002, "noise_cost": 21.93735902071094, "n_waypoints_completed": 9, "tot_waypoints": 9}}
{"target": -198.81965769708063, "params": {"k_pid_pos": [1.1044294493125133, 0.04903603918162917, 0.3857971510073692], "k_pid_alt": [1.711437242891761, 0.0, 0.031866302690640225], "k_pid_att": [12.010653715763157, 3.933093393315479, 0.5083560313509068], "k_pid_yaw": [0.5, 1e-06, 0.1], "k_pid_hsp": [0.17357527668862213, 0.011877591202445146, 0.0], "k_pid_vsp": [349.2411402994203, 110.56242683441265, 0.17240634925663537]}, "datetime": {"datetime": "2025-08-13 20:18:40", "elapsed": 37848.91798186302, "delta": 16.825403928756714}, "costs": {"total_cost": 198.81965769708063, "time_cost": 71.414, "final_distance_cost": 1.841512609429705, "oscillation_cost": 28.507691259320175, "completition_cost": 0.0, "overshoot_cost": 51.67289521324629, "power_cost": 22.122694335937503, "noise_cost": 23.260864279146947, "n_waypoints_completed": 9, "tot_waypoints": 9}}
{"target": -191.08436808856152, "params": {"k_pid_pos": [0.8498450553990985, 0.0720253049007783, 0.26349027677746834], "k_pid_alt": [1.0888792715358255, 0.0, 0.02103560460635202], "k_pid_att": [12.261535439540168, 4.087770736839948, 0.5652676704267564], "k_pid_yaw": [0.5, 1e-06, 0.1], "k_pid_hsp": [0.15989793029884516, 0.013267416611050261, 0.0], "k_pid_vsp": [196.5218597164936, 128.24072981185716, 0.21114266207930224]}, "datetime": {"datetime": "2025-08-13 20:18:59", "elapsed": 37867.34383392334, "delta": 18.425852060317993}, "costs": {"total_cost": 191.08436808856152, "time_cost": 71.449, "final_distance_cost": 1.8348123466444184, "oscillation_cost": 26.40011915365781, "completition_cost": 0.0, "overshoot_cost": 50.75313335502684, "power_cost": 18.408535546875, "noise_cost": 22.23876768635744, "n_waypoints_completed": 9, "tot_waypoints": 9}}
{"target": -187.68655839420362, "params": {"k_pid_pos": [0.8030110908179475, 0.05219907877795276, 0.27393153448040025], "k_pid_alt": [1.457238689894141, 0.0, 0.02132396653090844], "k_pid_att": [9.912000219861353, 4.786052147898606, 0.6225433887148185], "k_pid_yaw": [0.5, 1e-06, 0.1], "k_pid_hsp": [0.23214861248820937, 0.015212599713123318, 0.0], "k_pid_vsp": [289.5315428553547, 78.62191685243529, 0.18559501755678767]}, "datetime": {"datetime": "2025-08-13 20:19:16", "elapsed": 37884.88102555275, "delta": 17.53719162940979}, "costs": {"total_cost": 187.68655839420362, "time_cost": 72.205, "final_distance_cost": 1.8386514787165114, "oscillation_cost": 27.30758666389345, "completition_cost": 0.0, "overshoot_cost": 50.90000686932357, "power_cost": 13.76060379638672, "noise_cost": 21.67470958588337, "n_waypoints_completed": 9, "tot_waypoints": 9}}
