{"target": -181.05684421283968, "params": {"k_pid_pos": [0.9155124651004171, 0.027021370351174398, 0.04721753687655563], "k_pid_alt": [2.0, 0.0, 0.0229712999908528], "k_pid_att": [17.37192496713828, 4.553738915725382, 0.3812540162228633], "k_pid_yaw": [0.5, 1e-06, 0.1], "k_pid_hsp": [0.3104077226570057, 0.032037490950466534, 0.0], "k_pid_vsp": [198.18845699004973, 131.56469101337524, 0.1789325084044473]}, "datetime": {"datetime": "2025-08-13 16:28:56", "elapsed": 24064.700345993042, "delta": 18.69015884399414}, "costs": {"total_cost": 181.05684421283968, "time_cost": 68.936, "final_distance_cost": 1.8454999307329385, "oscillation_cost": 29.330854300673405, "completition_cost": 0.0, "overshoot_cost": 49.43543431047832, "power_cost": 11.719669421386719, "noise_cost": 19.789386249568285, "n_waypoints_completed": 9, "tot_waypoints": 9}}
{"target": -188.38000204174065, "params": {"k_pid_pos": [1.4017283730223478, 0.05797343513884129, 0.05786860878441824], "k_pid_alt": [1.7121563324401603, 0.0, 0.02983085156410691], "k_pid_att": [23.516559097384626, 2.2928227375129295, 0.33652013821629656], "k_pid_yaw": [0.5, 1e-06, 0.1], "k_pid_hsp": [0.1646250271168394, 0.015558172780792199, 0.0], "k_pid_vsp": [69.67865434383629, 105.1000889374805, 0.24205031656829493]}, "datetime": {"datetime": "2025-08-13 16:29:14", "elapsed": 24082.738699674606, "delta": 18.03835368156433}, "costs": {"total_cost": 188.38000204174065, "time_cost": 68.663, "final_distance_cost": 1.8112400457919675, "oscillation_cost": 32.72535264363542, "completition_cost": 0.0, "overshoot_cost": 50.09155495674911, "power_cost": 14.78675867919922, "noise_cost": 20.30209571636496, "n_waypoints_completed": 9, "tot_waypoints": 9}}
{"target": -210.53496370050937, "params": {"k_pid_pos": [0.488331906577395, 0.07158756037183896, 0.20930608395867023], "k_pid_alt": [0.8575179831945272, 0.0, 0.024347734871137977], "k_pid_att": [28.626595219971648, 7.131541511278111, 0.49832207675372236], "k_pid_yaw": [0.5, 1e-06, 0.1], "k_pid_hsp": [0.29928814229220363, 0.01754894443097689, 0.0], "k_pid_vsp": [191.04785348297128, 149.99507468811726, 0.16051504069166392]}, "datetime": {"datetime": "2025-08-13 16:29:39", "elapsed": 24107.922726154327, "delta": 25.18402647972107}, "costs": {"total_cost": 210.53496370050937, "time_cost": 84.392, "final_distance_cost": 1.8496322185458767, "oscillation_cost": 24.604876893246015, "completition_cost": 0.0, "overshoot_cost": 52.04420228372674, "power_cost": 20.550615112304687, "noise_cost": 27.093637192686074, "n_waypoints_completed": 9, "tot_waypoints": 9}}
{"target": -183.75310064026618, "params": {"k_pid_pos": [0.9252840485947855, 0.09460589451988428, 0.09809313689333865], "k_pid_alt": [1.5612993741097043, 0.0, 0.02191984999799335], "k_pid_att": [9.570041136023503, 3.313858833421333, 0.5168925472664941], "k_pid_yaw": [0.5, 1e-06, 0.1], "k_pid_hsp": [0.18456217873113076, 0.02679691689614981, 0.0], "k_pid_vsp": [213.76410418717106, 102.25655892593754, 0.24194968402032568]}, "datetime": {"datetime": "2025-08-13 16:29:59", "elapsed": 24127.0869307518, "delta": 19.164204597473145}, "costs": {"total_cost": 183.75310064026618, "time_cost": 69.916, "final_distance_cost": 1.8199213728050205, "oscillation_cost": 29.223614323333965, "completition_cost": 0.0, "overshoot_cost": 50.089057660046045, "power_cost": 12.538984228515625, "noise_cost": 20.16552305556554, "n_waypoints_completed": 9, "tot_waypoints": 9}}
{"target": -223.04085080524976, "params": {"k_pid_pos": [0.4773408075233661, 0.06454047068058517, 0.27430846692234145], "k_pid_alt": [1.7082265672399972, 0.0, 0.031489606393296156], "k_pid_att": [10.80590271122127, 9.08379876288288, 0.31109437189295686], "k_pid_yaw": [0.5, 1e-06, 0.1], "k_pid_hsp": [0.287606451778825, 0.01585533206795967, 0.0], "k_pid_vsp": [225.16945748696912, 115.42046956251578, 0.23858866099047846]}, "datetime": {"datetime": "2025-08-13 16:30:24", "elapsed": 24152.511870384216, "delta": 25.42493963241577}, "costs": {"total_cost": 223.04085080524976, "time_cost": 83.825, "final_distance_cost": 1.8486256598136548, "oscillation_cost": 25.57298612221198, "completition_cost": 0.0, "overshoot_cost": 54.670326621965664, "power_cost": 28.38964324951172, "noise_cost": 28.734269151746723, "n_waypoints_completed": 9, "tot_waypoints": 9}}
{"target": -193.9583450631397, "params": {"k_pid_pos": [0.5817294201420417, 0.05039755498484432, 0.06056552316711938], "k_pid_alt": [1.6056427053426414, 0.0, 0.031008974042873106], "k_pid_att": [20.07433135044173, 4.453437639643449, 0.5254909047973548], "k_pid_yaw": [0.5, 1e-06, 0.1], "k_pid_hsp": [0.3447755648896053, 0.027815520452898018, 0.0], "k_pid_vsp": [219.53551569528042, 85.22881924285987, 0.21843845442742169]}, "datetime": {"datetime": "2025-08-13 16:30:43", "elapsed": 24171.904833078384, "delta": 19.39296269416809}, "costs": {"total_cost": 193.9583450631397, "time_cost": 74.627, "final_distance_cost": 1.8490138252973007, "oscillation_cost": 26.780119363810034, "completition_cost": 0.0, "overshoot_cost": 51.02503321167006, "power_cost": 16.489230798339843, "noise_cost": 23.187947864022448, "n_waypoints_completed": 9, "tot_waypoints": 9}}
{"target": -188.69055285286052, "params": {"k_pid_pos": [1.1158064367337097, 0.058462336662406494, 0.15280615162231428], "k_pid_alt": [1.5916619641156367, 0.0, 0.017159210209257276], "k_pid_att": [14.403220509737281, 6.052135498894735, 0.6588608133524884], "k_pid_yaw": [0.5, 1e-06, 0.1], "k_pid_hsp": [0.18829378346715964, 0.014186861725658912, 0.0], "k_pid_vsp": [191.65673758029223, 112.94431769960028, 0.17613418725910165]}, "datetime": {"datetime": "2025-08-13 16:31:02", "elapsed": 24190.69887471199, "delta": 18.794041633605957}, "costs": {"total_cost": 188.69055285286052, "time_cost": 69.699, "final_distance_cost": 1.827230830367908, "oscillation_cost": 29.204917595883586, "completition_cost": 0.0, "overshoot_cost": 50.92186906295138, "power_cost": 16.013235595703126, "noise_cost": 21.024299767954517, "n_waypoints_completed": 9, "tot_waypoints": 9}}
{"target": -199.49733615906496, "params": {"k_pid_pos": [0.9080396597210969, 0.08158932026419369, 0.31740233262151535], "k_pid_alt": [1.3462038290670797, 0.0, 0.02270726367957566], "k_pid_att": [28.586694155211195, 4.4344941920312175, 0.7414331171314187], "k_pid_yaw": [0.5, 1e-06, 0.1], "k_pid_hsp": [0.2146725148521871, 0.02042836593648806, 0.0], "k_pid_vsp": [210.12848774208342, 115.04829410892292, 0.18269506921875367]}, "datetime": {"datetime": "2025-08-13 16:31:20", "elapsed": 24208.729971647263, "delta": 18.031096935272217}, "costs": {"total_cost": 199.49733615906496, "time_cost": 72.121, "final_distance_cost": 1.8427624366203585, "oscillation_cost": 26.684686037562802, "completition_cost": 0.0, "overshoot_cost": 51.624138094829554, "power_cost": 23.43869560546875, "noise_cost": 23.786053984583493, "n_waypoints_completed": 9, "tot_waypoints": 9}}
{"target": -191.31517221226795, "params": {"k_pid_pos": [1.0428158571933401, 0.07074058959765572, 0.16549409924569533], "k_pid_alt": [1.848525308996462, 0.0, 0.015225600433046084], "k_pid_att": [15.77435124984729, 3.154055574285754, 0.6077755380107454], "k_pid_yaw": [0.5, 1e-06, 0.1], "k_pid_hsp": [0.21862935116669782, 0.0253440026144789, 0.0], "k_pid_vsp": [248.87265452974376, 54.79337047236479, 0.12376597447469939]}, "datetime": {"datetime": "2025-08-13 16:31:40", "elapsed": 24228.20937514305, "delta": 19.479403495788574}, "costs": {"total_cost": 191.31517221226795, "time_cost": 69.93, "final_distance_cost": 1.8390905705468685, "oscillation_cost": 29.31415982389966, "completition_cost": 0.0, "overshoot_cost": 50.72304959165229, "power_cost": 17.736725244140626, "noise_cost": 21.77214698202852, "n_waypoints_completed": 9, "tot_waypoints": 9}}
{"target": -195.98691364232658, "params": {"k_pid_pos": [1.3326562548717356, 0.16594316042625323, 0.029780891573222678], "k_pid_alt": [2.0, 0.0, 0.018627361413533418], "k_pid_att": [17.805034803281497, 6.075966936060744, 0.5065864042532328], "k_pid_yaw": [0.5, 1e-06, 0.1], "k_pid_hsp": [0.30607964990938274, 0.01674937429455786, 0.0], "k_pid_vsp": [246.23980807586705, 127.88760123382792, 0.17416143495169237]}, "datetime": {"datetime": "2025-08-13 16:32:01", "elapsed": 24249.446819067, "delta": 21.237443923950195}, "costs": {"total_cost": 195.98691364232658, "time_cost": 70.133, "final_distance_cost": 1.7695853088808446, "oscillation_cost": 32.559110555591865, "completition_cost": 0.0, "overshoot_cost": 51.329122750982314, "power_cost": 18.667078527832032, "noise_cost": 21.529016499039503, "n_waypoints_completed": 9, "tot_waypoints": 9}}
{"target": -195.07312214965853, "params": {"k_pid_pos": [1.0807361917800489, 0.059007361666959295, 0.19122676390715007], "k_pid_alt": [1.4548562804123202, 0.0, 0.02345380747100201], "k_pid_att": [13.560272446980129, 4.4957044519925615, 0.25824739713691197], "k_pid_yaw": [0.5, 1e-06, 0.1], "k_pid_hsp": [0.22528380202064624, 0.023199521615454733, 0.0], "k_pid_vsp": [182.50078205781713, 173.80681562371674, 0.1851247471681816]}, "datetime": {"datetime": "2025-08-13 16:32:19", "elapsed": 24267.780680656433, "delta": 18.333861589431763}, "costs": {"total_cost": 195.07312214965853, "time_cost": 69.979, "final_distance_cost": 1.835041007257488, "oscillation_cost": 29.715902500040514, "completition_cost": 0.0, "overshoot_cost": 50.48112587680323, "power_cost": 20.898413391113284, "noise_cost": 22.163639374444006, "n_waypoints_completed": 9, "tot_waypoints": 9}}
{"target": -190.67094864303272, "params": {"k_pid_pos": [0.9585616222269348, 0.0891393133968536, 0.049003706885643705], "k_pid_alt": [1.1104938975976244, 0.0, 0.012107723610527865], "k_pid_att": [12.20007501111798, 1.8051927431069617, 0.7045554117567674], "k_pid_yaw": [0.5, 1e-06, 0.1], "k_pid_hsp": [0.1690308812681449, 0.024019498333520396, 0.0], "k_pid_vsp": [329.5546536215415, 140.31681116352152, 0.18804280105072638]}, "datetime": {"datetime": "2025-08-13 16:32:41", "elapsed": 24289.367270708084, "delta": 21.586590051651}, "costs": {"total_cost": 190.67094864303272, "time_cost": 71.799, "final_distance_cost": 1.8225402006828213, "oscillation_cost": 29.49227785800306, "completition_cost": 0.0, "overshoot_cost": 50.528602484357116, "power_cost": 15.799319873046876, "noise_cost": 21.229208226942824, "n_waypoints_completed": 9, "tot_waypoints": 9}}
{"target": -182.7942857912529, "params": {"k_pid_pos": [1.0454239805165457, 0.012767293260513549, 0.24504723811059956], "k_pid_alt": [1.7508306102216942, 0.0, 0.03152958239250871], "k_pid_att": [19.086749940280598, 0.9706465496141532, 0.40392152230068273], "k_pid_yaw": [0.5, 1e-06, 0.1], "k_pid_hsp": [0.2036699027383543, 0.03134921962047709, 0.0], "k_pid_vsp": [269.4036036864368, 189.6533816083057, 0.23421765615624082]}, "datetime": {"datetime": "2025-08-13 16:33:02", "elapsed": 24310.56036043167, "delta": 21.193089723587036}, "costs": {"total_cost": 182.7942857912529, "time_cost": 69.118, "final_distance_cost": 1.8436021085203669, "oscillation_cost": 28.732378395050088, "completition_cost": 0.0, "overshoot_cost": 49.98901137788978, "power_cost": 12.960306555175782, "noise_cost": 20.150987354616888, "n_waypoints_completed": 9, "tot_waypoints": 9}}
{"target": -187.35546214178257, "params": {"k_pid_pos": [0.7339473347842386, 0.08599022088955612, 0.29125972743910566], "k_pid_alt": [1.9369109532295699, 0.0, 0.021395173048949872], "k_pid_att": [22.11180548326873, 5.222250477859763, 0.5125602060892663], "k_pid_yaw": [0.5, 1e-06, 0.1], "k_pid_hsp": [0.2726594271348508, 0.010164484822599748, 0.0], "k_pid_vsp": [220.85895275595817, 129.4573742825336, 0.16234684664502896]}, "datetime": {"datetime": "2025-08-13 16:33:24", "elapsed": 24332.4558634758, "delta": 21.895503044128418}, "costs": {"total_cost": 187.35546214178257, "time_cost": 73.36, "final_distance_cost": 1.8493394138693977, "oscillation_cost": 26.508328189562082, "completition_cost": 0.0, "overshoot_cost": 51.089118780259724, "power_cost": 12.620712109375, "noise_cost": 21.92796364871638, "n_waypoints_completed": 9, "tot_waypoints": 9}}
{"target": -200.60575797097187, "params": {"k_pid_pos": [0.5039056124690817, 0.10449997082736819, 0.14138274998557013], "k_pid_alt": [1.5211855011042115, 0.0, 0.02084417641345347], "k_pid_att": [20.535780084724532, 4.2318485332075015, 0.5990382334078668], "k_pid_yaw": [0.5, 1e-06, 0.1], "k_pid_hsp": [0.31880255436232857, 0.012778622259673933, 0.0], "k_pid_vsp": [255.91627574417453, 81.52621781167782, 0.11010525235053299]}, "datetime": {"datetime": "2025-08-13 16:33:48", "elapsed": 24356.590994358063, "delta": 24.135130882263184}, "costs": {"total_cost": 200.60575797097187, "time_cost": 81.56400000000001, "final_distance_cost": 1.835209423044879, "oscillation_cost": 25.034591585728283, "completition_cost": 0.0, "overshoot_cost": 52.161451326849985, "power_cost": 15.344309301757812, "noise_cost": 24.6661963335909, "n_waypoints_completed": 9, "tot_waypoints": 9}}
{"target": -183.34794012034226, "params": {"k_pid_pos": [1.2086665552970706, 0.09247803649700127, 0.0], "k_pid_alt": [0.8979153534520125, 0.0, 0.028962863236875528], "k_pid_att": [17.44371967947448, 5.325189574941629, 0.6690378967046863], "k_pid_yaw": [0.5, 1e-06, 0.1], "k_pid_hsp": [0.25941373360265957, 0.021784325119917968, 0.0], "k_pid_vsp": [295.05876007918886, 94.03590562257563, 0.13662959620198248]}, "datetime": {"datetime": "2025-08-13 16:34:08", "elapsed": 24376.61540198326, "delta": 20.024407625198364}, "costs": {"total_cost": 183.34794012034226, "time_cost": 69.97200000000001, "final_distance_cost": 1.7799165446728873, "oscillation_cost": 32.03073696772086, "completition_cost": 0.0, "overshoot_cost": 49.84155965939046, "power_cost": 10.470351281738282, "noise_cost": 19.253375666819757, "n_waypoints_completed": 9, "tot_waypoints": 9}}
{"target": -215.35474688553984, "params": {"k_pid_pos": [0.42529202092665735, 0.08160911503367169, 0.03223423120843642], "k_pid_alt": [2.0, 0.0, 0.03786003315865327], "k_pid_att": [20.59525901084598, 6.103755282368787, 0.6391334243734889], "k_pid_yaw": [0.5, 1e-06, 0.1], "k_pid_hsp": [0.3008905006755655, 0.019827686125097457, 0.0], "k_pid_vsp": [283.9939847863488, 125.11123362128576, 0.21333692955193273]}, "datetime": {"datetime": "2025-08-13 16:34:29", "elapsed": 24397.410981178284, "delta": 20.795579195022583}, "costs": {"total_cost": 215.35474688553984, "time_cost": 82.376, "final_distance_cost": 1.8488462189441288, "oscillation_cost": 25.18877041612933, "completition_cost": 0.0, "overshoot_cost": 52.49051593435144, "power_cost": 25.810108557128906, "noise_cost": 27.640505758986023, "n_waypoints_completed": 9, "tot_waypoints": 9}}
{"target": -184.87902444199278, "params": {"k_pid_pos": [1.2909518347496964, 0.02120577267259392, 0.0], "k_pid_alt": [1.8428218086306678, 0.0, 0.017990111652968686], "k_pid_att": [18.465258778500658, 4.291006354622444, 0.6476556718578353], "k_pid_yaw": [0.5, 1e-06, 0.1], "k_pid_hsp": [0.30418928941467155, 0.027452043895339052, 0.0], "k_pid_vsp": [156.61431798798662, 96.57073385706185, 0.07640610550408931]}, "datetime": {"datetime": "2025-08-13 16:34:46", "elapsed": 24414.9217376709, "delta": 17.510756492614746}, "costs": {"total_cost": 184.87902444199278, "time_cost": 68.32000000000001, "final_distance_cost": 1.7999423242759087, "oscillation_cost": 32.44056494609884, "completition_cost": 0.0, "overshoot_cost": 50.081801939466615, "power_cost": 12.655408020019532, "noise_cost": 19.581307212131875, "n_waypoints_completed": 9, "tot_waypoints": 9}}
{"target": -184.68032938487224, "params": {"k_pid_pos": [1.252914751458556, 0.087952473572274, 0.17796210959418116], "k_pid_alt": [1.1239607045787714, 0.0, 0.023522948366505588], "k_pid_att": [27.753414320876512, 5.306204910170372, 0.5695280456363622], "k_pid_yaw": [0.5, 1e-06, 0.1], "k_pid_hsp": [0.16820198505072279, 0.02223633202865251, 0.0], "k_pid_vsp": [316.53818774217535, 133.66896115936245, 0.2481227714873333]}, "datetime": {"datetime": "2025-08-13 16:35:04", "elapsed": 24432.39004135132, "delta": 17.468303680419922}, "costs": {"total_cost": 184.68032938487224, "time_cost": 69.433, "final_distance_cost": 1.7913652717348192, "oscillation_cost": 31.122277631809478, "completition_cost": 0.0, "overshoot_cost": 49.67985795289051, "power_cost": 12.729033813476564, "noise_cost": 19.924794714960864, "n_waypoints_completed": 9, "tot_waypoints": 9}}
{"target": -185.88571481730125, "params": {"k_pid_pos": [0.9916171861144036, 0.09695169959476063, 0.0], "k_pid_alt": [1.9750299777489009, 0.0, 0.03382940453458321], "k_pid_att": [19.60200501936096, 5.1752197759818985, 0.6609809271792708], "k_pid_yaw": [0.5, 1e-06, 0.1], "k_pid_hsp": [0.299876526510461, 0.013817939764203062, 0.0], "k_pid_vsp": [261.3722457550891, 139.22071150135545, 0.1611306571285025]}, "datetime": {"datetime": "2025-08-13 16:35:22", "elapsed": 24450.474415063858, "delta": 18.084373712539673}, "costs": {"total_cost": 185.88571481730125, "time_cost": 69.321, "final_distance_cost": 1.8032633437115835, "oscillation_cost": 30.158948230493674, "completition_cost": 0.0, "overshoot_cost": 50.335678299469755, "power_cost": 13.731165112304689, "noise_cost": 20.535659831321542, "n_waypoints_completed": 9, "tot_waypoints": 9}}
{"target": -183.32965691228426, "params": {"k_pid_pos": [0.8217118127548005, 0.07128240094735233, 0.05326463359233544], "k_pid_alt": [1.182995908030495, 0.0, 0.013819220915957995], "k_pid_att": [21.457170151332054, 2.8872138137227537, 0.40022507298907045], "k_pid_yaw": [0.5, 1e-06, 0.1], "k_pid_hsp": [0.20378364295575724, 0.010191857207580401, 0.0], "k_pid_vsp": [136.54095804918225, 88.08710882839388, 0.19068039967530429]}, "datetime": {"datetime": "2025-08-13 16:35:40", "elapsed": 24468.641523599625, "delta": 18.1671085357666}, "costs": {"total_cost": 183.32965691228426, "time_cost": 69.83200000000001, "final_distance_cost": 1.8220951622168682, "oscillation_cost": 27.19990994746097, "completition_cost": 0.0, "overshoot_cost": 49.92360461295626, "power_cost": 13.770259191894532, "noise_cost": 20.781787997755625, "n_waypoints_completed": 9, "tot_waypoints": 9}}
{"target": -186.1985627355725, "params": {"k_pid_pos": [1.0483569289483878, 0.0890158037650271, 0.0], "k_pid_alt": [1.5131480080542101, 0.0, 0.015181249245214393], "k_pid_att": [16.167777680843397, 5.994753370399412, 0.5195006542805574], "k_pid_yaw": [0.5, 1e-06, 0.1], "k_pid_hsp": [0.2522946831796553, 0.020784031674449782, 0.0], "k_pid_vsp": [305.00438096989996, 105.07823007552106, 0.11748504831923227]}, "datetime": {"datetime": "2025-08-13 16:35:59", "elapsed": 24487.10091662407, "delta": 18.45939302444458}, "costs": {"total_cost": 186.1985627355725, "time_cost": 68.831, "final_distance_cost": 1.796316899428476, "oscillation_cost": 31.19827454890655, "completition_cost": 0.0, "overshoot_cost": 50.058901615237254, "power_cost": 13.97023045654297, "noise_cost": 20.343839215457255, "n_waypoints_completed": 9, "tot_waypoints": 9}}
{"target": -183.12580918980524, "params": {"k_pid_pos": [0.7696287822737089, 0.045820482206073876, 0.04560090384589085], "k_pid_alt": [1.6524021024619433, 0.0, 0.02298971340602324], "k_pid_att": [7.113580177871765, 3.38636807096195, 0.5712403018180027], "k_pid_yaw": [0.5, 1e-06, 0.1], "k_pid_hsp": [0.33683667247203375, 0.022799404122970154, 0.0], "k_pid_vsp": [297.7538676125885, 193.20078617526642, 0.1964756678369087]}, "datetime": {"datetime": "2025-08-13 16:36:16", "elapsed": 24504.399156332016, "delta": 17.298239707946777}, "costs": {"total_cost": 183.12580918980524, "time_cost": 69.601, "final_distance_cost": 1.8344784104808454, "oscillation_cost": 28.77757797700958, "completition_cost": 0.0, "overshoot_cost": 50.1576554710811, "power_cost": 12.412654797363281, "noise_cost": 20.34244253387043, "n_waypoints_completed": 9, "tot_waypoints": 9}}
{"target": -182.6693813064951, "params": {"k_pid_pos": [0.8309937607351688, 0.03510060792537265, 0.10781077209443642], "k_pid_alt": [1.4988813843514148, 0.0, 0.023585848952235932], "k_pid_att": [30.047240055125034, 3.803957267510921, 0.18181455845080263], "k_pid_yaw": [0.5, 1e-06, 0.1], "k_pid_hsp": [0.35885292284821463, 0.013037375878229396, 0.0], "k_pid_vsp": [351.2264312084447, 104.00664370249451, 0.14654818913554848]}, "datetime": {"datetime": "2025-08-13 16:36:34", "elapsed": 24522.416932106018, "delta": 18.017775774002075}, "costs": {"total_cost": 182.6693813064951, "time_cost": 70.32900000000001, "final_distance_cost": 1.8349495980037156, "oscillation_cost": 26.84308396722075, "completition_cost": 0.0, "overshoot_cost": 50.38163237127561, "power_cost": 12.519911621093751, "noise_cost": 20.760803748901285, "n_waypoints_completed": 9, "tot_waypoints": 9}}
{"target": -195.38625872783552, "params": {"k_pid_pos": [0.7682484405268782, 0.04942844059583026, 0.09476650687955991], "k_pid_alt": [1.396248124396495, 0.0, 0.022958645093442087], "k_pid_att": [17.519490200303128, 6.509463212661795, 0.7067787363389145], "k_pid_yaw": [0.5, 1e-06, 0.1], "k_pid_hsp": [0.43805586646351924, 0.03083499740683222, 0.0], "k_pid_vsp": [269.9042370747259, 114.04392696678997, 0.21301955043864626]}, "datetime": {"datetime": "2025-08-13 16:36:53", "elapsed": 24541.14469242096, "delta": 18.727760314941406}, "costs": {"total_cost": 195.38625872783552, "time_cost": 71.12, "final_distance_cost": 1.8372646876237233, "oscillation_cost": 27.6876945306372, "completition_cost": 0.0, "overshoot_cost": 50.83771538563987, "power_cost": 20.642240356445313, "noise_cost": 23.261343767489382, "n_waypoints_completed": 9, "tot_waypoints": 9}}
