{"target": -187.2444304215408, "params": {"k_pid_pos": [1.0566433515348692, 0.07601161919808991, 0.2518579111424564], "k_pid_alt": [1.4360177648310193, 0.0, 0.02681545844622518], "k_pid_att": [13.353564913110716, 3.774616932582965, 0.8118281260326151], "k_pid_yaw": [0.5, 1e-06, 0.1], "k_pid_hsp": [0.11949904556132375, 0.017971194723336446, 0.0], "k_pid_vsp": [214.4875957238623, 109.37195757565001, 0.12594767851979108]}, "datetime": {"datetime": "2025-08-13 18:44:59", "elapsed": 32227.771021842957, "delta": 17.0991153717041}, "costs": {"total_cost": 187.2444304215408, "time_cost": 70.371, "final_distance_cost": 1.8223590598497588, "oscillation_cost": 28.53000372554309, "completition_cost": 0.0, "overshoot_cost": 50.38410881893499, "power_cost": 15.143818518066407, "noise_cost": 20.99314029914658, "n_waypoints_completed": 9, "tot_waypoints": 9}}
{"target": -204.86356966744563, "params": {"k_pid_pos": [0.9814801828962726, 0.05489675678833028, 0.24841886702228955], "k_pid_alt": [0.8890929534932593, 0.0, 0.02330700013912961], "k_pid_att": [6.342868337171524, 4.69776643018572, 0.729146570774089], "k_pid_yaw": [0.5, 1e-06, 0.1], "k_pid_hsp": [0.237521990277616, 0.019483353219899215, 0.0], "k_pid_vsp": [238.18751386772405, 112.91875693450959, 0.1664662866657784]}, "datetime": {"datetime": "2025-08-13 18:45:17", "elapsed": 32245.03566455841, "delta": 17.2646427154541}, "costs": {"total_cost": 204.86356966744563, "time_cost": 72.149, "final_distance_cost": 1.8360976970115401, "oscillation_cost": 32.75094867598127, "completition_cost": 0.0, "overshoot_cost": 51.015635251314144, "power_cost": 23.572133032226564, "noise_cost": 23.53975501091213, "n_waypoints_completed": 9, "tot_waypoints": 9}}
{"target": -192.92714875977265, "params": {"k_pid_pos": [0.8314852930666318, 0.06260879719780903, 0.34145811280221133], "k_pid_alt": [1.3268073649878447, 0.0, 0.02432564834323687], "k_pid_att": [9.406151282515259, 4.671447181388625, 0.7778517998197119], "k_pid_yaw": [0.5, 1e-06, 0.1], "k_pid_hsp": [0.17471138960364538, 0.02415918903657339, 0.0], "k_pid_vsp": [273.9787091704621, 95.49520290105153, 0.1263528242396931]}, "datetime": {"datetime": "2025-08-13 18:45:34", "elapsed": 32262.90676164627, "delta": 17.871097087860107}, "costs": {"total_cost": 192.92714875977265, "time_cost": 72.107, "final_distance_cost": 1.846651258374191, "oscillation_cost": 27.96281646354337, "completition_cost": 0.0, "overshoot_cost": 50.4327129599985, "power_cost": 17.92118311767578, "noise_cost": 22.6567849601808, "n_waypoints_completed": 9, "tot_waypoints": 9}}
{"target": -190.70683305310695, "params": {"k_pid_pos": [0.7325341232563689, 0.06035862038013992, 0.27247221062351473], "k_pid_alt": [1.5536763476269846, 0.0, 0.024243279825989745], "k_pid_att": [11.507797895270286, 2.874516297863981, 0.6301217541441612], "k_pid_yaw": [0.5, 1e-06, 0.1], "k_pid_hsp": [0.21165890506549812, 0.020853814429838306, 0.0], "k_pid_vsp": [319.18413820578763, 75.00566122689024, 0.2449783681316732]}, "datetime": {"datetime": "2025-08-13 18:45:51", "elapsed": 32279.788574934006, "delta": 16.881813287734985}, "costs": {"total_cost": 190.70683305310695, "time_cost": 73.171, "final_distance_cost": 1.8423799174370934, "oscillation_cost": 26.78665533697226, "completition_cost": 0.0, "overshoot_cost": 50.811001746038514, "power_cost": 15.440595373535157, "noise_cost": 22.65520067912391, "n_waypoints_completed": 9, "tot_waypoints": 9}}
{"target": -200.52713469366282, "params": {"k_pid_pos": [0.5528778038323967, 0.04980916930983873, 0.22040689286342796], "k_pid_alt": [1.5979145846272569, 0.0, 0.024901550976992343], "k_pid_att": [6.609625977316521, 4.328847721024925, 0.5740122261592345], "k_pid_yaw": [0.5, 1e-06, 0.1], "k_pid_hsp": [0.18571723795347353, 0.026621546978429427, 0.0], "k_pid_vsp": [243.6014640826709, 72.09150306872, 0.12801801886350406]}, "datetime": {"datetime": "2025-08-13 18:46:10", "elapsed": 32298.757298469543, "delta": 18.96872353553772}, "costs": {"total_cost": 200.52713469366282, "time_cost": 77.161, "final_distance_cost": 1.8522864228442417, "oscillation_cost": 26.592106348979836, "completition_cost": 0.0, "overshoot_cost": 51.502962369923154, "power_cost": 18.61827927246094, "noise_cost": 24.800500279454646, "n_waypoints_completed": 9, "tot_waypoints": 9}}
{"target": -191.0180339964714, "params": {"k_pid_pos": [0.9314389032460122, 0.0853825812524122, 0.32394607905644063], "k_pid_alt": [1.5856976476803377, 0.0, 0.028631012247669892], "k_pid_att": [11.035336909466148, 3.702917239932719, 0.3885717660657842], "k_pid_yaw": [0.5, 1e-06, 0.1], "k_pid_hsp": [0.18034283980144175, 0.014463507530773188, 0.0], "k_pid_vsp": [321.11358496742764, 66.16024621198953, 0.1664591190640026]}, "datetime": {"datetime": "2025-08-13 18:46:28", "elapsed": 32316.465948581696, "delta": 17.7086501121521}, "costs": {"total_cost": 191.0180339964714, "time_cost": 71.631, "final_distance_cost": 1.8397942786233605, "oscillation_cost": 26.382971491710933, "completition_cost": 0.0, "overshoot_cost": 51.75767476078245, "power_cost": 17.208031372070312, "noise_cost": 22.198562093284337, "n_waypoints_completed": 9, "tot_waypoints": 9}}
{"target": -194.26839042495246, "params": {"k_pid_pos": [0.7003434375786416, 0.033682581319096745, 0.2893265961618608], "k_pid_alt": [1.079404533378608, 0.0, 0.021078667628772207], "k_pid_att": [11.356140940526002, 3.4070919675936175, 0.47652297494061163], "k_pid_yaw": [0.5, 1e-06, 0.1], "k_pid_hsp": [0.23596912608512033, 0.023438648899270036, 0.0], "k_pid_vsp": [254.63773695660277, 103.2082550942062, 0.1303784318689684]}, "datetime": {"datetime": "2025-08-13 18:46:46", "elapsed": 32334.39216208458, "delta": 17.92621350288391}, "costs": {"total_cost": 194.26839042495246, "time_cost": 75.95, "final_distance_cost": 1.8517524097272302, "oscillation_cost": 26.787175703166653, "completition_cost": 0.0, "overshoot_cost": 50.7235797604903, "power_cost": 15.489666821289063, "noise_cost": 23.466215730279206, "n_waypoints_completed": 9, "tot_waypoints": 9}}
{"target": -192.47751491610632, "params": {"k_pid_pos": [0.9588097913593785, 0.0784338392331701, 0.27227172542877054], "k_pid_alt": [1.1610985671796108, 0.0, 0.03516954694037089], "k_pid_att": [11.096264872122058, 5.228198164426021, 0.5550022639206348], "k_pid_yaw": [0.5, 1e-06, 0.1], "k_pid_hsp": [0.12772909351565978, 0.0158472991203754, 0.0], "k_pid_vsp": [353.77299758051214, 97.64876956192417, 0.14979134110585482]}, "datetime": {"datetime": "2025-08-13 18:47:03", "elapsed": 32351.475317001343, "delta": 17.083154916763306}, "costs": {"total_cost": 192.47751491610632, "time_cost": 71.001, "final_distance_cost": 1.8126732569105046, "oscillation_cost": 27.627610204477293, "completition_cost": 0.0, "overshoot_cost": 50.47143089697864, "power_cost": 19.48988829345703, "noise_cost": 22.074912264282855, "n_waypoints_completed": 9, "tot_waypoints": 9}}
{"target": -182.50437106303417, "params": {"k_pid_pos": [0.960556482964654, 0.049574375529758685, 0.19495386665740888], "k_pid_alt": [1.6721337980880058, 0.0, 0.01592639364610859], "k_pid_att": [11.198123303203511, 3.317196024736262, 0.7218875895083018], "k_pid_yaw": [0.5, 1e-06, 0.1], "k_pid_hsp": [0.22238361804512716, 0.014004122746010811, 0.0], "k_pid_vsp": [320.4694827926175, 131.82494410362077, 0.1595179940668255]}, "datetime": {"datetime": "2025-08-13 18:47:19", "elapsed": 32367.5548081398, "delta": 16.079491138458252}, "costs": {"total_cost": 182.50437106303417, "time_cost": 69.503, "final_distance_cost": 1.8258955647896096, "oscillation_cost": 27.55208598142011, "completition_cost": 0.0, "overshoot_cost": 50.386193168935414, "power_cost": 12.780221826171875, "noise_cost": 20.456974521717175, "n_waypoints_completed": 9, "tot_waypoints": 9}}
{"target": -190.7590454576815, "params": {"k_pid_pos": [0.9770502693372655, 0.06484150733369903, 0.43666674695747654], "k_pid_alt": [2.0, 0.0, 0.026225734801135284], "k_pid_att": [16.186159450539677, 3.9646531811457506, 0.6533214264082289], "k_pid_yaw": [0.5, 1e-06, 0.1], "k_pid_hsp": [0.20657099429228332, 0.018512078069482303, 0.0], "k_pid_vsp": [321.0439382901036, 93.06229302402619, 0.16312666565209924]}, "datetime": {"datetime": "2025-08-13 18:47:36", "elapsed": 32384.77332353592, "delta": 17.218515396118164}, "costs": {"total_cost": 190.7590454576815, "time_cost": 71.239, "final_distance_cost": 1.8374254179179514, "oscillation_cost": 26.909909900726994, "completition_cost": 0.0, "overshoot_cost": 50.6189372224556, "power_cost": 17.457715930175784, "noise_cost": 22.696056986405164, "n_waypoints_completed": 9, "tot_waypoints": 9}}
{"target": -188.62628665327986, "params": {"k_pid_pos": [0.8735044078022723, 0.08881966284129549, 0.3077091925424113], "k_pid_alt": [1.0012687532422504, 0.0, 0.03288817080350434], "k_pid_att": [14.087148017165338, 4.0985473365991405, 0.686910436425603], "k_pid_yaw": [0.5, 1e-06, 0.1], "k_pid_hsp": [0.19552646817977662, 0.017722760395883486, 0.0], "k_pid_vsp": [389.7429233782048, 93.8666460286449, 0.13443325112557672]}, "datetime": {"datetime": "2025-08-13 18:47:55", "elapsed": 32403.43970155716, "delta": 18.666378021240234}, "costs": {"total_cost": 188.62628665327986, "time_cost": 72.324, "final_distance_cost": 1.8374123348877294, "oscillation_cost": 26.730017698129966, "completition_cost": 0.0, "overshoot_cost": 51.06373644344876, "power_cost": 14.96323671875, "noise_cost": 21.707883458063403, "n_waypoints_completed": 9, "tot_waypoints": 9}}
{"target": -189.6014265340019, "params": {"k_pid_pos": [1.0088191455447628, 0.05573271993254748, 0.3289333197303001], "k_pid_alt": [1.463308338751828, 0.0, 0.0258832760262593], "k_pid_att": [13.584960878006257, 4.209908485468861, 0.3427424236718024], "k_pid_yaw": [0.5, 1e-06, 0.1], "k_pid_hsp": [0.1951766970400316, 0.0188821467125254, 0.0], "k_pid_vsp": [343.92794804947283, 89.9269175140016, 0.14370953179014145]}, "datetime": {"datetime": "2025-08-13 18:48:12", "elapsed": 32420.281811475754, "delta": 16.84210991859436}, "costs": {"total_cost": 189.6014265340019, "time_cost": 70.46900000000001, "final_distance_cost": 1.8416119382652674, "oscillation_cost": 27.376874105570835, "completition_cost": 0.0, "overshoot_cost": 50.65214019096407, "power_cost": 17.49471265869141, "noise_cost": 21.767087640510294, "n_waypoints_completed": 9, "tot_waypoints": 9}}
{"target": -187.140311618903, "params": {"k_pid_pos": [0.8650791748162366, 0.0719352827072821, 0.29910128132814745], "k_pid_alt": [1.3061232651070622, 0.0, 0.019060516854365366], "k_pid_att": [6.329277700045914, 4.08031238240392, 0.6236546523260104], "k_pid_yaw": [0.5, 1e-06, 0.1], "k_pid_hsp": [0.0746400501706284, 0.02293257974353465, 0.0], "k_pid_vsp": [284.75262394438363, 102.3843662909186, 0.15271386656898825]}, "datetime": {"datetime": "2025-08-13 18:48:30", "elapsed": 32438.08412837982, "delta": 17.802316904067993}, "costs": {"total_cost": 187.140311618903, "time_cost": 72.261, "final_distance_cost": 1.8172830024149662, "oscillation_cost": 27.530079518413242, "completition_cost": 0.0, "overshoot_cost": 50.79219726345068, "power_cost": 13.886092626953126, "noise_cost": 20.853659207670997, "n_waypoints_completed": 9, "tot_waypoints": 9}}
{"target": -185.19765317909614, "params": {"k_pid_pos": [0.8991125255463991, 0.052148928068004585, 0.3279452026457238], "k_pid_alt": [0.5620072322107393, 0.0, 0.017320327742901254], "k_pid_att": [11.276349069386285, 4.099736721893337, 0.6805255219754708], "k_pid_yaw": [0.5, 1e-06, 0.1], "k_pid_hsp": [0.15006126497991598, 0.008460199005747964, 0.0], "k_pid_vsp": [335.9177818678918, 98.45024606384008, 0.15446514557603683]}, "datetime": {"datetime": "2025-08-13 18:48:48", "elapsed": 32456.37063384056, "delta": 18.286505460739136}, "costs": {"total_cost": 185.19765317909614, "time_cost": 75.866, "final_distance_cost": 1.8376240782834492, "oscillation_cost": 26.133101352931035, "completition_cost": 0.0, "overshoot_cost": 50.803537204227425, "power_cost": 10.143037341308593, "noise_cost": 20.414353202345627, "n_waypoints_completed": 9, "tot_waypoints": 9}}
{"target": -193.5521269789822, "params": {"k_pid_pos": [1.1046765011572466, 0.0662843983604221, 0.26616403059147514], "k_pid_alt": [1.2303133128721457, 0.0, 0.03275008484971347], "k_pid_att": [1.8883180737477312, 5.741963275417079, 0.4685007575012326], "k_pid_yaw": [0.5, 1e-06, 0.1], "k_pid_hsp": [0.17992699072761517, 0.02163712327802599, 0.0], "k_pid_vsp": [343.0242714885565, 140.63135176138772, 0.13586996012587313]}, "datetime": {"datetime": "2025-08-13 18:49:04", "elapsed": 32472.67689538002, "delta": 16.30626153945923}, "costs": {"total_cost": 193.5521269789822, "time_cost": 69.167, "final_distance_cost": 1.8298408020938417, "oscillation_cost": 38.81882222364379, "completition_cost": 0.0, "overshoot_cost": 49.39042145873773, "power_cost": 14.021339501953126, "noise_cost": 20.32470299255371, "n_waypoints_completed": 9, "tot_waypoints": 9}}
{"target": -203.74111707378748, "params": {"k_pid_pos": [0.9561819380571016, 0.04999324055379565, 0.20963146901436144], "k_pid_alt": [0.946508373973367, 0.0, 0.02424261573046327], "k_pid_att": [12.716215092550007, 6.18968266584649, 0.7288871539486014], "k_pid_yaw": [0.5, 1e-06, 0.1], "k_pid_hsp": [0.19279317509600244, 0.01992535885304372, 0.0], "k_pid_vsp": [342.3290894159989, 138.20188795784668, 0.0946763516796549]}, "datetime": {"datetime": "2025-08-13 18:49:22", "elapsed": 32490.959649801254, "delta": 18.28275442123413}, "costs": {"total_cost": 203.74111707378748, "time_cost": 74.081, "final_distance_cost": 1.8428171882805364, "oscillation_cost": 29.539763505243588, "completition_cost": 0.0, "overshoot_cost": 52.474495055990815, "power_cost": 22.541081433105468, "noise_cost": 23.261959891167063, "n_waypoints_completed": 9, "tot_waypoints": 9}}
{"target": -205.6135929712936, "params": {"k_pid_pos": [0.6502453497611368, 0.06273815423176222, 0.36564510899379643], "k_pid_alt": [1.3466229348485956, 0.0, 0.024930861204370255], "k_pid_att": [11.104434538284684, 6.161257144324338, 0.7425019207670034], "k_pid_yaw": [0.5, 1e-06, 0.1], "k_pid_hsp": [0.2743579405694659, 0.026751117443937433, 0.0], "k_pid_vsp": [196.93584551375466, 69.39629263799094, 0.15246987496831788]}, "datetime": {"datetime": "2025-08-13 18:49:42", "elapsed": 32510.301696777344, "delta": 19.342046976089478}, "costs": {"total_cost": 205.6135929712936, "time_cost": 77.658, "final_distance_cost": 1.8476429725280858, "oscillation_cost": 27.46327422110704, "completition_cost": 0.0, "overshoot_cost": 51.24669286060117, "power_cost": 22.0533984375, "noise_cost": 25.34458447955728, "n_waypoints_completed": 9, "tot_waypoints": 9}}
{"target": -181.6298844855877, "params": {"k_pid_pos": [0.990545923955536, 0.07760269285922727, 0.19179153486400966], "k_pid_alt": [1.7703311158973343, 0.0, 0.02483892094517974], "k_pid_att": [8.644953755642925, 4.5641687502271635, 0.5910873642910928], "k_pid_yaw": [0.5, 1e-06, 0.1], "k_pid_hsp": [0.16625555129243963, 0.0265974326164784, 0.0], "k_pid_vsp": [259.77353539497057, 121.62050473613344, 0.1558800690345489]}, "datetime": {"datetime": "2025-08-13 18:50:02", "elapsed": 32530.859916210175, "delta": 20.55821943283081}, "costs": {"total_cost": 181.6298844855877, "time_cost": 68.95, "final_distance_cost": 1.8179202339991818, "oscillation_cost": 29.504063273209525, "completition_cost": 0.0, "overshoot_cost": 49.87220678868575, "power_cost": 11.731935180664063, "noise_cost": 19.753759009029192, "n_waypoints_completed": 9, "tot_waypoints": 9}}
{"target": -182.92233637045575, "params": {"k_pid_pos": [0.9985520119320644, 0.041083992245716135, 0.33051054955213655], "k_pid_alt": [0.8254721470675509, 0.0, 0.025347370354446622], "k_pid_att": [13.560877248306383, 3.8378154928524553, 0.551865025951224], "k_pid_yaw": [0.5, 1e-06, 0.1], "k_pid_hsp": [0.17755137661691447, 0.019361918082196228, 0.0], "k_pid_vsp": [234.3365261312862, 104.6546107520324, 0.13967790164803773]}, "datetime": {"datetime": "2025-08-13 18:50:20", "elapsed": 32548.549993515015, "delta": 17.690077304840088}, "costs": {"total_cost": 182.92233637045575, "time_cost": 71.547, "final_distance_cost": 1.8482684805112102, "oscillation_cost": 27.826404010073865, "completition_cost": 0.0, "overshoot_cost": 50.09803529203851, "power_cost": 11.497098608398439, "noise_cost": 20.105529979433765, "n_waypoints_completed": 9, "tot_waypoints": 9}}
{"target": -187.03790446011536, "params": {"k_pid_pos": [0.7867578985394893, 0.04604357573666684, 0.2549440057297548], "k_pid_alt": [1.4339089364953648, 0.0, 0.03378103771633425], "k_pid_att": [10.19283338308703, 3.5821104544263958, 0.5360021732989074], "k_pid_yaw": [0.5, 1e-06, 0.1], "k_pid_hsp": [0.16712251550019197, 0.02929624009117146, 0.0], "k_pid_vsp": [255.1311784063456, 144.90268614289872, 0.1379163993729533]}, "datetime": {"datetime": "2025-08-13 18:50:38", "elapsed": 32566.05494737625, "delta": 17.504953861236572}, "costs": {"total_cost": 187.03790446011536, "time_cost": 71.253, "final_distance_cost": 1.8440879454490384, "oscillation_cost": 27.63809731175266, "completition_cost": 0.0, "overshoot_cost": 50.186799038692406, "power_cost": 14.514830651855469, "noise_cost": 21.601089512365785, "n_waypoints_completed": 9, "tot_waypoints": 9}}
{"target": -212.7004735414255, "params": {"k_pid_pos": [1.4355759903921748, 0.05253316708075786, 0.24071023331321575], "k_pid_alt": [0.7045192667466363, 0.0, 0.02854404660188001], "k_pid_att": [5.847750554011669, 3.1538125180968906, 0.45997227789015255], "k_pid_yaw": [0.5, 1e-06, 0.1], "k_pid_hsp": [0.19789301281068591, 0.020014882567117382, 0.0], "k_pid_vsp": [365.2261173340455, 103.88095723361586, 0.14312464198163957]}, "datetime": {"datetime": "2025-08-13 18:50:55", "elapsed": 32583.852918624878, "delta": 17.79797124862671}, "costs": {"total_cost": 212.7004735414255, "time_cost": 74.487, "final_distance_cost": 1.8003295210532593, "oscillation_cost": 37.13775897472802, "completition_cost": 0.0, "overshoot_cost": 51.03838993947254, "power_cost": 24.88963248291016, "noise_cost": 23.347362623261557, "n_waypoints_completed": 9, "tot_waypoints": 9}}
{"target": -189.94670136702118, "params": {"k_pid_pos": [0.8924216147966062, 0.04440711331409613, 0.3500236069927893], "k_pid_alt": [1.0958533536155046, 0.0, 0.023146258131719517], "k_pid_att": [9.993626134223353, 4.468834371370341, 0.44266794832724626], "k_pid_yaw": [0.5, 1e-06, 0.1], "k_pid_hsp": [0.18312700907780613, 0.016069020018788197, 0.0], "k_pid_vsp": [219.69218952007273, 88.09532130724601, 0.1206563833296505]}, "datetime": {"datetime": "2025-08-13 18:51:13", "elapsed": 32601.379426002502, "delta": 17.52650737762451}, "costs": {"total_cost": 189.94670136702118, "time_cost": 71.589, "final_distance_cost": 1.8441658634409492, "oscillation_cost": 27.39953575845575, "completition_cost": 0.0, "overshoot_cost": 51.01528475461584, "power_cost": 16.115666662597658, "noise_cost": 21.983048327910968, "n_waypoints_completed": 9, "tot_waypoints": 9}}
{"target": -185.6036070686161, "params": {"k_pid_pos": [0.8754444177425865, 0.06855565937493485, 0.2527592714316726], "k_pid_alt": [1.5141670652505852, 0.0, 0.03413689923577742], "k_pid_att": [10.579563761720948, 4.138400978357264, 0.7795805773353696], "k_pid_yaw": [0.5, 1e-06, 0.1], "k_pid_hsp": [0.1825644211574848, 0.01994403510228929, 0.0], "k_pid_vsp": [329.3536831987666, 62.360712996056996, 0.1647143260887315]}, "datetime": {"datetime": "2025-08-13 18:51:30", "elapsed": 32618.807920217514, "delta": 17.428494215011597}, "costs": {"total_cost": 185.6036070686161, "time_cost": 70.553, "final_distance_cost": 1.8344828165978433, "oscillation_cost": 26.9472216005932, "completition_cost": 0.0, "overshoot_cost": 50.42928208788733, "power_cost": 14.532513818359377, "noise_cost": 21.30710674517835, "n_waypoints_completed": 9, "tot_waypoints": 9}}
{"target": -186.05403065824066, "params": {"k_pid_pos": [0.5545000164756511, 0.055859839309123104, 0.15386349479004433], "k_pid_alt": [1.320651844688825, 0.0, 0.029417519185550915], "k_pid_att": [11.159783296635572, 3.9202649153748017, 0.49801177413513464], "k_pid_yaw": [0.5, 1e-06, 0.1], "k_pid_hsp": [0.16062545497004824, 0.016541899123614107, 0.0], "k_pid_vsp": [323.74841790193955, 105.50139491593625, 0.1302729316482575]}, "datetime": {"datetime": "2025-08-13 18:51:48", "elapsed": 32636.706351995468, "delta": 17.8984317779541}, "costs": {"total_cost": 186.05403065824066, "time_cost": 74.788, "final_distance_cost": 1.8431437381933076, "oscillation_cost": 24.54970550201812, "completition_cost": 0.0, "overshoot_cost": 51.15797346616601, "power_cost": 11.776985778808594, "noise_cost": 21.938222173054676, "n_waypoints_completed": 9, "tot_waypoints": 9}}
{"target": -182.28485431597528, "params": {"k_pid_pos": [0.8524330426093809, 0.056075692266853196, 0.37487736159465784], "k_pid_alt": [1.1040148226088506, 0.0, 0.02571149782263149], "k_pid_att": [10.25426337829471, 4.627923306229423, 0.5469752426566076], "k_pid_yaw": [0.5, 1e-06, 0.1], "k_pid_hsp": [0.12766846849279997, 0.02774700503290452, 0.0], "k_pid_vsp": [262.02292660502576, 97.49129067657384, 0.06994808557122574]}, "datetime": {"datetime": "2025-08-13 18:52:05", "elapsed": 32653.721565008163, "delta": 17.015213012695312}, "costs": {"total_cost": 182.28485431597528, "time_cost": 71.869, "final_distance_cost": 1.8503970410373947, "oscillation_cost": 27.61150156258572, "completition_cost": 0.0, "overshoot_cost": 50.04043257164218, "power_cost": 10.557085107421875, "noise_cost": 20.356438033288143, "n_waypoints_completed": 9, "tot_waypoints": 9}}
