{"target": -224.88343954764503, "params": {"k_pid_pos": [0.794838784249864, 0.10379474112959296, 0.2862005166674539], "k_pid_alt": [0.31581345674147643, 0.016099581155700832, 0.042042344928049556], "k_pid_att": [58.32179714233005, 9.637542569136322, 0.6602921374628584], "k_pid_yaw": [0.5, 1e-06, 0.1], "k_pid_hsp": [0.7491496517662348, 0.11411739027197691, 0.0], "k_pid_vsp": [46.29612113289588, 133.11488085185746, 0.3099142166689524]}, "datetime": {"datetime": "2025-08-13 13:17:45", "elapsed": 12593.67464017868, "delta": 22.244054317474365}, "costs": {"total_cost": 224.88343954764503, "time_cost": 95.361, "final_distance_cost": 1.842786435641143, "oscillation_cost": 31.469702110060023, "completition_cost": 0.0, "overshoot_cost": 51.493031681080666, "power_cost": 17.901193359375, "noise_cost": 26.81572596148823, "n_waypoints_completed": 9, "tot_waypoints": 9}}
{"target": -1382.4107471093569, "params": {"k_pid_pos": [1.303173608925514, 0.05237496874224832, 0.2651128470671317], "k_pid_alt": [0.0, 0.002676922999352104, 0.046986047534472865], "k_pid_att": [26.620708395608403, 5.27447458141128, 0.9076619690750082], "k_pid_yaw": [0.5, 1e-06, 0.1], "k_pid_hsp": [0.5086390392309159, 0.09986615138894957, 0.0], "k_pid_vsp": [80.50593559484109, 82.1181416191214, 0.2330662518000087]}, "datetime": {"datetime": "2025-08-13 13:18:13", "elapsed": 12621.962195396423, "delta": 28.28755521774292}, "costs": {"total_cost": 1382.4107471093569, "time_cost": 150, "final_distance_cost": 13.966775631079972, "oscillation_cost": 4.114970580267878, "completition_cost": 1000.0, "overshoot_cost": 139.94529764903717, "power_cost": 22.632841467285157, "noise_cost": 51.7508617816867, "n_waypoints_completed": 0, "tot_waypoints": 9}}
{"target": -190.43139166091527, "params": {"k_pid_pos": [0.9406162666332373, 0.12914765725880137, 0.20991395031075713], "k_pid_alt": [2.0, 0.016168320656489422, 0.02193404676854284], "k_pid_att": [47.69157921577417, 6.571807389315964, 1.0], "k_pid_yaw": [0.5, 1e-06, 0.1], "k_pid_hsp": [1.186899125147442, 0.04979444995145238, 0.0], "k_pid_vsp": [264.81652482156557, 253.38771565705272, 0.19049968031497624]}, "datetime": {"datetime": "2025-08-13 13:18:30", "elapsed": 12638.575696229935, "delta": 16.613500833511353}, "costs": {"total_cost": 190.43139166091527, "time_cost": 70.70700000000001, "final_distance_cost": 1.8327754596028392, "oscillation_cost": 30.821724785601955, "completition_cost": 0.0, "overshoot_cost": 51.26700566988057, "power_cost": 14.291721228027344, "noise_cost": 21.511164517802538, "n_waypoints_completed": 9, "tot_waypoints": 9}}
{"target": -194.81491755587183, "params": {"k_pid_pos": [1.6524661389451358, 0.1921504803799322, 0.23607170377994327], "k_pid_alt": [1.3828798271551033, 0.02006249261020647, 0.06779890647899788], "k_pid_att": [31.489303727064595, 8.156122140194315, 1.0], "k_pid_yaw": [0.5, 1e-06, 0.1], "k_pid_hsp": [1.3962293555370293, 0.05844866900092647, 0.0], "k_pid_vsp": [119.00784716650458, 4.443495587471337, 1e-06]}, "datetime": {"datetime": "2025-08-13 13:18:47", "elapsed": 12655.554264307022, "delta": 16.978568077087402}, "costs": {"total_cost": 194.81491755587183, "time_cost": 70.525, "final_distance_cost": 1.7742613156483427, "oscillation_cost": 33.83993582981079, "completition_cost": 0.0, "overshoot_cost": 52.011865257128115, "power_cost": 15.270904211425782, "noise_cost": 21.392950941858807, "n_waypoints_completed": 9, "tot_waypoints": 9}}
{"target": -188.1312872845112, "params": {"k_pid_pos": [1.358110127805121, 0.1367266407508506, 0.29783694036817226], "k_pid_alt": [0.8855543781873085, 0.009811282380107372, 0.02666497798778401], "k_pid_att": [41.02929841182097, 8.391090459253649, 0.7783380767845777], "k_pid_yaw": [0.5, 1e-06, 0.1], "k_pid_hsp": [1.6520080211950645, 0.08488816713170615, 0.0], "k_pid_vsp": [79.6277630716463, 299.06192792247117, 0.41008039324684464]}, "datetime": {"datetime": "2025-08-13 13:19:04", "elapsed": 12672.287665605545, "delta": 16.73340129852295}, "costs": {"total_cost": 188.1312872845112, "time_cost": 69.251, "final_distance_cost": 1.8337233974494647, "oscillation_cost": 34.12601918041545, "completition_cost": 0.0, "overshoot_cost": 49.68412828093022, "power_cost": 13.42580203857422, "noise_cost": 19.81061438714182, "n_waypoints_completed": 9, "tot_waypoints": 9}}
{"target": -206.26489816102477, "params": {"k_pid_pos": [0.896779279762247, 0.188989667383626, 0.2521696437648066], "k_pid_alt": [0.37468572729909405, 0.010106423063607262, 0.06093038589640958], "k_pid_att": [21.04825013129628, 3.293677797219759, 1.0], "k_pid_yaw": [0.5, 1e-06, 0.1], "k_pid_hsp": [0.5961924904879606, 0.07026869258185024, 0.0], "k_pid_vsp": [348.8314383049458, 280.8878484365483, 0.280811719280847]}, "datetime": {"datetime": "2025-08-13 13:19:24", "elapsed": 12692.428764343262, "delta": 20.141098737716675}, "costs": {"total_cost": 206.26489816102477, "time_cost": 82.908, "final_distance_cost": 1.834602180556202, "oscillation_cost": 29.899115749630667, "completition_cost": 0.0, "overshoot_cost": 50.704618801889254, "power_cost": 17.219389685058594, "noise_cost": 23.699171743890073, "n_waypoints_completed": 9, "tot_waypoints": 9}}
{"target": -194.18021864789264, "params": {"k_pid_pos": [2.0, 0.11630760952519369, 0.3847706547550391], "k_pid_alt": [1.1314260688462643, 0.01136071630761277, 0.026699157611326896], "k_pid_att": [13.40171898320993, 2.905836592415948, 0.6466992860027058], "k_pid_yaw": [0.5, 1e-06, 0.1], "k_pid_hsp": [0.933197023714026, 0.011327984999137175, 0.0], "k_pid_vsp": [400.0, 95.27667431865018, 0.48349564059970634]}, "datetime": {"datetime": "2025-08-13 13:19:40", "elapsed": 12708.976831436157, "delta": 16.548067092895508}, "costs": {"total_cost": 194.18021864789264, "time_cost": 69.47500000000001, "final_distance_cost": 1.8056778740518518, "oscillation_cost": 34.40309986335921, "completition_cost": 0.0, "overshoot_cost": 50.87757366598723, "power_cost": 16.56684620361328, "noise_cost": 21.052021040881055, "n_waypoints_completed": 9, "tot_waypoints": 9}}
{"target": -190.69397580162115, "params": {"k_pid_pos": [1.7590156734554026, 0.15274129811619896, 0.15822698317522757], "k_pid_alt": [1.6582736544395953, 0.0, 0.049800247674915206], "k_pid_att": [39.87845701799059, 9.342996239326693, 1.0], "k_pid_yaw": [0.5, 1e-06, 0.1], "k_pid_hsp": [0.961289154684661, 0.012714713034859222, 0.0], "k_pid_vsp": [382.0825981625491, 78.314452001235, 0.4989916576349885]}, "datetime": {"datetime": "2025-08-13 13:19:57", "elapsed": 12725.3573076725, "delta": 16.380476236343384}, "costs": {"total_cost": 190.69397580162115, "time_cost": 69.202, "final_distance_cost": 1.7704388712621641, "oscillation_cost": 34.66790693846683, "completition_cost": 0.0, "overshoot_cost": 51.036499815832734, "power_cost": 13.779389880371095, "noise_cost": 20.237740295688315, "n_waypoints_completed": 9, "tot_waypoints": 9}}
{"target": -195.34443767475224, "params": {"k_pid_pos": [1.952483903429562, 0.09349172764318348, 0.13874049872786887], "k_pid_alt": [1.5769023843270926, 0.016952706762317752, 0.04392521175245074], "k_pid_att": [30.707429186659216, 4.47254916989998, 0.9116164313294973], "k_pid_yaw": [0.5, 1e-06, 0.1], "k_pid_hsp": [1.4122896079476863, 0.06771436683923802, 0.0], "k_pid_vsp": [29.07382884745947, 212.658769124022, 0.3196986570756726]}, "datetime": {"datetime": "2025-08-13 13:20:13", "elapsed": 12741.923652648926, "delta": 16.56634497642517}, "costs": {"total_cost": 195.34443767475224, "time_cost": 68.705, "final_distance_cost": 1.7816696155392402, "oscillation_cost": 40.59250738883085, "completition_cost": 0.0, "overshoot_cost": 50.48100130933469, "power_cost": 14.447897265625, "noise_cost": 19.336362095422455, "n_waypoints_completed": 9, "tot_waypoints": 9}}
{"target": -200.21911388827274, "params": {"k_pid_pos": [2.0, 0.21090500399517106, 0.24629608366955572], "k_pid_alt": [1.965568241736767, 0.015433720417957783, 0.0563160678050181], "k_pid_att": [25.56919817034239, 5.919696098624793, 0.6478704449003456], "k_pid_yaw": [0.5, 1e-06, 0.1], "k_pid_hsp": [0.7310022320002122, 0.06382994029227175, 0.0], "k_pid_vsp": [365.89367739875985, 336.34405277738114, 0.4190155222397789]}, "datetime": {"datetime": "2025-08-13 13:20:30", "elapsed": 12758.546102046967, "delta": 16.62244939804077}, "costs": {"total_cost": 200.21911388827274, "time_cost": 69.853, "final_distance_cost": 1.761236987349731, "oscillation_cost": 36.11385889570168, "completition_cost": 0.0, "overshoot_cost": 50.937441790334034, "power_cost": 19.952443017578126, "noise_cost": 21.601133197309164, "n_waypoints_completed": 9, "tot_waypoints": 9}}
{"target": -186.32822568603797, "params": {"k_pid_pos": [1.4524954854715304, 0.04281127684469024, 0.0922001853253414], "k_pid_alt": [0.7356923652632519, 0.002226889696797402, 0.051484432186935714], "k_pid_att": [39.069654127779856, 10.0, 1.0], "k_pid_yaw": [0.5, 1e-06, 0.1], "k_pid_hsp": [1.1253488396792377, 0.062376885335932684, 0.0], "k_pid_vsp": [231.51032156166852, 60.51462866531469, 0.051236547384575816]}, "datetime": {"datetime": "2025-08-13 13:20:47", "elapsed": 12775.884066104889, "delta": 17.337964057922363}, "costs": {"total_cost": 186.32822568603797, "time_cost": 70.518, "final_distance_cost": 1.8195964618755156, "oscillation_cost": 32.92230944360847, "completition_cost": 0.0, "overshoot_cost": 50.00552857999079, "power_cost": 11.463856396484376, "noise_cost": 19.59893480407881, "n_waypoints_completed": 9, "tot_waypoints": 9}}
{"target": -192.54937398196031, "params": {"k_pid_pos": [1.5613245203795783, 0.18207798532521483, 0.2571327292327827], "k_pid_alt": [1.0190837692956578, 0.003927254374454473, 0.048043379070349744], "k_pid_att": [19.385931230953087, 8.271551173070602, 0.8792475745383109], "k_pid_yaw": [0.5, 1e-06, 0.1], "k_pid_hsp": [1.1792604247698926, 0.04085961923309849, 0.0], "k_pid_vsp": [74.71993605961516, 140.98768803672715, 0.10507736237815184]}, "datetime": {"datetime": "2025-08-13 13:21:04", "elapsed": 12792.196776151657, "delta": 16.31271004676819}, "costs": {"total_cost": 192.54937398196031, "time_cost": 69.79, "final_distance_cost": 1.7999204820871344, "oscillation_cost": 33.61932683554288, "completition_cost": 0.0, "overshoot_cost": 50.26040468695895, "power_cost": 16.332694140625, "noise_cost": 20.74702783674635, "n_waypoints_completed": 9, "tot_waypoints": 9}}
{"target": -184.18771961122417, "params": {"k_pid_pos": [1.2866178526422614, 0.12892731273561378, 0.20412770799573288], "k_pid_alt": [1.2946448995410968, 0.0, 0.06401608985374581], "k_pid_att": [30.697446631938615, 5.1722151783657635, 0.7044332306583634], "k_pid_yaw": [0.5, 1e-06, 0.1], "k_pid_hsp": [0.4407278843920331, 0.062296915153708665, 0.0], "k_pid_vsp": [152.72769611765446, 152.4512878793787, 0.08902325997409927]}, "datetime": {"datetime": "2025-08-13 13:21:21", "elapsed": 12809.096565246582, "delta": 16.899789094924927}, "costs": {"total_cost": 184.18771961122417, "time_cost": 68.796, "final_distance_cost": 1.8186816147083367, "oscillation_cost": 31.531513758385447, "completition_cost": 0.0, "overshoot_cost": 49.480863437723826, "power_cost": 12.624883569335939, "noise_cost": 19.935777231070603, "n_waypoints_completed": 9, "tot_waypoints": 9}}
{"target": -193.3686361734189, "params": {"k_pid_pos": [1.5486072861373918, 0.15400249186338497, 0.27367002017374165], "k_pid_alt": [1.1757350145960876, 0.0, 0.05833652778413743], "k_pid_att": [42.85488412308192, 9.309560468876887, 0.9865133829588704], "k_pid_yaw": [0.5, 1e-06, 0.1], "k_pid_hsp": [1.277437362581027, 0.004546124621791679, 0.0], "k_pid_vsp": [147.03004027519256, 237.7551375841213, 0.47626514132188885]}, "datetime": {"datetime": "2025-08-13 13:21:37", "elapsed": 12825.507856845856, "delta": 16.41129159927368}, "costs": {"total_cost": 193.3686361734189, "time_cost": 69.706, "final_distance_cost": 1.7932844915592743, "oscillation_cost": 32.511293118925636, "completition_cost": 0.0, "overshoot_cost": 50.6849028751455, "power_cost": 17.440035363769532, "noise_cost": 21.23312032401897, "n_waypoints_completed": 9, "tot_waypoints": 9}}
{"target": -201.84577223249332, "params": {"k_pid_pos": [1.5061307066295564, 0.04797631329625148, 0.12636489390808892], "k_pid_alt": [1.2992655588780162, 0.011124068143902911, 0.010839217689462223], "k_pid_att": [41.620621316982486, 1.6430201530028485, 0.5282353752429451], "k_pid_yaw": [0.5, 1e-06, 0.1], "k_pid_hsp": [0.76177805700665, 0.13411742271654095, 0.0], "k_pid_vsp": [140.90648411434373, 132.02182060103326, 0.47043598164580497]}, "datetime": {"datetime": "2025-08-13 13:21:54", "elapsed": 12842.802958488464, "delta": 17.295101642608643}, "costs": {"total_cost": 201.84577223249332, "time_cost": 71.267, "final_distance_cost": 1.8170568048831301, "oscillation_cost": 35.38425243796217, "completition_cost": 0.0, "overshoot_cost": 51.22697018485798, "power_cost": 20.28514108886719, "noise_cost": 21.865351715922866, "n_waypoints_completed": 9, "tot_waypoints": 9}}
{"target": -201.56761623034473, "params": {"k_pid_pos": [1.4178837313797745, 0.10595266218436968, 0.04836192717715371], "k_pid_alt": [1.5936070964637186, 0.00828137595917114, 0.013776461932692897], "k_pid_att": [47.03881904949713, 8.22854182359678, 0.6300067043122336], "k_pid_yaw": [0.5, 1e-06, 0.1], "k_pid_hsp": [1.1071481809727144, 0.06546561428153908, 0.0], "k_pid_vsp": [296.69881018873326, 243.07005030855143, 0.13816904499822483]}, "datetime": {"datetime": "2025-08-13 13:22:11", "elapsed": 12859.310853004456, "delta": 16.50789451599121}, "costs": {"total_cost": 201.56761623034473, "time_cost": 71.008, "final_distance_cost": 1.777322180082845, "oscillation_cost": 35.205583188053424, "completition_cost": 0.0, "overshoot_cost": 50.9021035062482, "power_cost": 20.689043676757812, "noise_cost": 21.985563679202453, "n_waypoints_completed": 9, "tot_waypoints": 9}}
{"target": -198.91406076667064, "params": {"k_pid_pos": [1.3590881101788488, 0.13808230306893035, 0.11375465355425007], "k_pid_alt": [2.0, 0.017104841686320513, 0.07923054212370523], "k_pid_att": [15.918745393295696, 10.0, 1.0], "k_pid_yaw": [0.5, 1e-06, 0.1], "k_pid_hsp": [1.0683479590799578, 0.03766025442758281, 0.0], "k_pid_vsp": [194.7385228692344, 118.98152877556932, 0.4915510033963521]}, "datetime": {"datetime": "2025-08-13 13:22:28", "elapsed": 12876.6933863163, "delta": 17.382533311843872}, "costs": {"total_cost": 198.91406076667064, "time_cost": 69.95100000000001, "final_distance_cost": 1.7842956125522829, "oscillation_cost": 34.33470543620485, "completition_cost": 0.0, "overshoot_cost": 51.46394838200333, "power_cost": 19.621585400390625, "noise_cost": 21.758525935519554, "n_waypoints_completed": 9, "tot_waypoints": 9}}
{"target": -196.0295946607596, "params": {"k_pid_pos": [1.0710060828472423, 0.24060556019751508, 0.12678985520846078], "k_pid_alt": [1.0675353334095274, 0.0033689379222860117, 0.0060165959639093105], "k_pid_att": [37.30024963526804, 9.100088870906989, 0.9588067462524824], "k_pid_yaw": [0.5, 1e-06, 0.1], "k_pid_hsp": [1.065414197409631, 0.04513411948539523, 0.0], "k_pid_vsp": [343.8876862088714, 377.5838512031633, 1e-06]}, "datetime": {"datetime": "2025-08-13 13:22:46", "elapsed": 12894.068158864975, "delta": 17.374772548675537}, "costs": {"total_cost": 196.0295946607596, "time_cost": 74.592, "final_distance_cost": 1.8187449543876069, "oscillation_cost": 32.37080038679324, "completition_cost": 0.0, "overshoot_cost": 49.961565255619135, "power_cost": 15.256558825683594, "noise_cost": 22.029925238276064, "n_waypoints_completed": 9, "tot_waypoints": 9}}
{"target": -199.71586968073387, "params": {"k_pid_pos": [0.6047195016559658, 0.09825166080519061, 0.15509756897577312], "k_pid_alt": [1.6976139478729724, 0.016361444999558782, 0.060581662704846495], "k_pid_att": [29.918772723020464, 7.356000272605628, 1.0], "k_pid_yaw": [0.5, 1e-06, 0.1], "k_pid_hsp": [0.7361359487860701, 0.04044462166250018, 0.0], "k_pid_vsp": [323.15097981841103, 151.28287240784496, 0.4020049461227137]}, "datetime": {"datetime": "2025-08-13 13:23:05", "elapsed": 12913.017644643784, "delta": 18.949485778808594}, "costs": {"total_cost": 199.71586968073387, "time_cost": 79.114, "final_distance_cost": 1.842878835946491, "oscillation_cost": 27.42797139969678, "completition_cost": 0.0, "overshoot_cost": 51.95729531332521, "power_cost": 14.721449938964845, "noise_cost": 24.652274192800544, "n_waypoints_completed": 9, "tot_waypoints": 9}}
{"target": -191.27371771741574, "params": {"k_pid_pos": [2.0, 0.2225077450092546, 0.16998860178289651], "k_pid_alt": [2.0, 0.017931567701742403, 0.035946612282310324], "k_pid_att": [41.0039531624757, 9.323230490463965, 0.4349470403435786], "k_pid_yaw": [0.5, 1e-06, 0.1], "k_pid_hsp": [0.8943091467100736, 0.058051479392756296, 0.0], "k_pid_vsp": [312.23281166245323, 380.50152240472244, 0.39757500382899363]}, "datetime": {"datetime": "2025-08-13 13:23:21", "elapsed": 12929.635124206543, "delta": 16.6174795627594}, "costs": {"total_cost": 191.27371771741574, "time_cost": 69.181, "final_distance_cost": 1.8005724307649655, "oscillation_cost": 37.58918251300709, "completition_cost": 0.0, "overshoot_cost": 50.44616975484216, "power_cost": 12.658764587402345, "noise_cost": 19.59802843139917, "n_waypoints_completed": 9, "tot_waypoints": 9}}
{"target": -1145.8410636052881, "params": {"k_pid_pos": [0.4048349771909549, 0.171293722366656, 0.18827828756456066], "k_pid_alt": [0.0, 0.012666646810820074, 0.044981041297141], "k_pid_att": [42.6260012141784, 8.053050192398723, 0.8883847632917283], "k_pid_yaw": [0.5, 1e-06, 0.1], "k_pid_hsp": [1.067579611082407, 0.0457382776254426, 0.0], "k_pid_vsp": [301.50174093702844, 352.7304698193768, 0.18616443576149486]}, "datetime": {"datetime": "2025-08-13 13:23:49", "elapsed": 12957.654393672943, "delta": 28.019269466400146}, "costs": {"total_cost": 1145.8410636052881, "time_cost": 150, "final_distance_cost": 77.048914555038, "oscillation_cost": 6.36419104272368, "completition_cost": 777.7777777777778, "overshoot_cost": 73.11500053047632, "power_cost": 24.81313073730469, "noise_cost": 36.722048961967545, "n_waypoints_completed": 2, "tot_waypoints": 9}}
{"target": -190.96502710069515, "params": {"k_pid_pos": [0.842728883666045, 0.10383936415226232, 0.3354758916277756], "k_pid_alt": [1.9881732737348419, 0.0024288977629710697, 0.05660812457675646], "k_pid_att": [31.66177691555097, 6.964319267640385, 0.8843405412564097], "k_pid_yaw": [0.5, 1e-06, 0.1], "k_pid_hsp": [0.6131636762834128, 0.03404550427081621, 0.0], "k_pid_vsp": [230.8297404992413, 277.7237843200384, 0.44071746747416407]}, "datetime": {"datetime": "2025-08-13 13:24:07", "elapsed": 12975.097283124924, "delta": 17.44288945198059}, "costs": {"total_cost": 190.96502710069515, "time_cost": 73.045, "final_distance_cost": 1.8424075829525932, "oscillation_cost": 28.943297763734982, "completition_cost": 0.0, "overshoot_cost": 50.782722135473705, "power_cost": 14.200014343261719, "noise_cost": 22.15158527527215, "n_waypoints_completed": 9, "tot_waypoints": 9}}
{"target": -190.16144671989076, "params": {"k_pid_pos": [0.724012190984757, 0.14693421102730214, 0.19508701082137334], "k_pid_alt": [1.2268883555729981, 0.014227999399611413, 0.07050115902008965], "k_pid_att": [53.951424683552055, 4.115043114744573, 1.0], "k_pid_yaw": [0.5, 1e-06, 0.1], "k_pid_hsp": [0.5020467543276178, 0.06885367203506954, 0.0], "k_pid_vsp": [400.0, 1e-06, 0.2622974266517439]}, "datetime": {"datetime": "2025-08-13 13:24:25", "elapsed": 12993.4088742733, "delta": 18.311591148376465}, "costs": {"total_cost": 190.16144671989076, "time_cost": 75.278, "final_distance_cost": 1.845509545659565, "oscillation_cost": 28.530320111648066, "completition_cost": 0.0, "overshoot_cost": 52.28037994721758, "power_cost": 10.697958471679687, "noise_cost": 21.52927864368585, "n_waypoints_completed": 9, "tot_waypoints": 9}}
{"target": -182.98134930086655, "params": {"k_pid_pos": [1.3150027692059074, 0.06144998137579091, 0.19537493723420943], "k_pid_alt": [1.9262754357219716, 0.0, 0.04900403854635769], "k_pid_att": [14.64263880629508, 5.746733678477106, 1.0], "k_pid_yaw": [0.5, 1e-06, 0.1], "k_pid_hsp": [0.2675502788534659, 0.04921279241486854, 0.0], "k_pid_vsp": [274.08024287373377, 99.03837239655466, 0.11875973741016665]}, "datetime": {"datetime": "2025-08-13 13:24:41", "elapsed": 13009.288004159927, "delta": 15.879129886627197}, "costs": {"total_cost": 182.98134930086655, "time_cost": 68.264, "final_distance_cost": 1.81427651191453, "oscillation_cost": 32.514668143043245, "completition_cost": 0.0, "overshoot_cost": 49.554508130099876, "power_cost": 11.391250500488281, "noise_cost": 19.442646015320662, "n_waypoints_completed": 9, "tot_waypoints": 9}}
{"target": -191.2131547832586, "params": {"k_pid_pos": [2.0, 0.12724396227286056, 0.12864114203118787], "k_pid_alt": [1.64694792803423, 0.009671128061446752, 0.04629072052776021], "k_pid_att": [41.39373494338355, 2.8061980659073487, 0.983477632687488], "k_pid_yaw": [0.5, 1e-06, 0.1], "k_pid_hsp": [1.4586242871156159, 0.03839049485720517, 0.0], "k_pid_vsp": [230.1038501489114, 146.47806316170053, 0.4260390797837615]}, "datetime": {"datetime": "2025-08-13 13:24:57", "elapsed": 13025.719322443008, "delta": 16.431318283081055}, "costs": {"total_cost": 191.2131547832586, "time_cost": 68.747, "final_distance_cost": 1.7659830114864572, "oscillation_cost": 38.59125203226258, "completition_cost": 0.0, "overshoot_cost": 50.39902354176951, "power_cost": 12.254903186035158, "noise_cost": 19.454993011704882, "n_waypoints_completed": 9, "tot_waypoints": 9}}
