{"target": -195.09163083601135, "params": {"k_pid_pos": [2.0, 0.38070889208951714, 0.2995967590033454], "k_pid_alt": [0.789925977214819, 0.0019283923268559571, 0.025072669315533886], "k_pid_att": [42.373873640037125, 5.322050020142019, 1.0], "k_pid_yaw": [0.5, 1e-06, 0.1], "k_pid_hsp": [1.5631136059030224, 0.021333157434509743, 0.0], "k_pid_vsp": [331.4105902834495, 400.0, 0.0234550489903896]}, "datetime": {"datetime": "2025-08-13 12:54:31", "elapsed": 11199.64239692688, "delta": 17.161039352416992}, "costs": {"total_cost": 195.09163083601135, "time_cost": 71.645, "final_distance_cost": 1.7974366353495257, "oscillation_cost": 37.68453978093296, "completition_cost": 0.0, "overshoot_cost": 50.00936467840744, "power_cost": 13.610049133300782, "noise_cost": 20.345240608020678, "n_waypoints_completed": 9, "tot_waypoints": 9}}
{"target": -199.17428495448027, "params": {"k_pid_pos": [1.1555192969531796, 0.29305035671098373, 0.44336971441771905], "k_pid_alt": [0.9882793045703702, 0.02924493947156383, 0.051184392723898985], "k_pid_att": [51.36658450683419, 5.057912693042943, 0.9497454696338048], "k_pid_yaw": [0.5, 1e-06, 0.1], "k_pid_hsp": [1.9235328238543634, 0.0, 0.0], "k_pid_vsp": [149.87774073787622, 208.93052674690068, 0.23748068773758876]}, "datetime": {"datetime": "2025-08-13 12:54:50", "elapsed": 11218.24650812149, "delta": 18.604111194610596}, "costs": {"total_cost": 199.17428495448027, "time_cost": 78.092, "final_distance_cost": 1.7650197013234545, "oscillation_cost": 33.81715493219017, "completition_cost": 0.0, "overshoot_cost": 51.38796671609227, "power_cost": 12.114322985839845, "noise_cost": 21.997820619034552, "n_waypoints_completed": 9, "tot_waypoints": 9}}
{"target": -189.9904505922266, "params": {"k_pid_pos": [2.0, 0.2013508414125628, 0.5693899835528183], "k_pid_alt": [1.7367883406122706, 0.019816630504499014, 0.0455008205237343], "k_pid_att": [35.444741575534174, 4.238248833878058, 0.13533870920304497], "k_pid_yaw": [0.5, 1e-06, 0.1], "k_pid_hsp": [0.8709996458688612, 0.005603650100350109, 0.0], "k_pid_vsp": [96.28140196495417, 166.28688821579888, 0.10962872147223161]}, "datetime": {"datetime": "2025-08-13 12:55:06", "elapsed": 11234.575968503952, "delta": 16.329460382461548}, "costs": {"total_cost": 189.9904505922266, "time_cost": 69.377, "final_distance_cost": 1.783555266106129, "oscillation_cost": 34.27710524406888, "completition_cost": 0.0, "overshoot_cost": 50.76417369138941, "power_cost": 13.558905065917969, "noise_cost": 20.22971132474421, "n_waypoints_completed": 9, "tot_waypoints": 9}}
{"target": -183.57951408829214, "params": {"k_pid_pos": [1.8139649207637076, 0.09970393937014958, 0.202322939783149], "k_pid_alt": [0.9418489173627083, 0.013718445081851665, 0.057675716224040545], "k_pid_att": [30.172148780202473, 7.663728389075968, 1.0], "k_pid_yaw": [0.5, 1e-06, 0.1], "k_pid_hsp": [0.7395701431057926, 0.07197302498103346, 0.0], "k_pid_vsp": [272.9432394322984, 103.50894892419836, 0.45365548231864256]}, "datetime": {"datetime": "2025-08-13 12:55:22", "elapsed": 11250.562628984451, "delta": 15.986660480499268}, "costs": {"total_cost": 183.57951408829214, "time_cost": 68.684, "final_distance_cost": 1.7758453311236873, "oscillation_cost": 35.814202468893555, "completition_cost": 0.0, "overshoot_cost": 49.905827065089916, "power_cost": 9.035262170410157, "noise_cost": 18.364377052774813, "n_waypoints_completed": 9, "tot_waypoints": 9}}
{"target": -197.35480458127677, "params": {"k_pid_pos": [1.879327135819637, 0.07762405808195583, 0.12828888835133914], "k_pid_alt": [1.5416765373225596, 0.02258110431036063, 0.05289146477002101], "k_pid_att": [23.06909479758674, 5.00073208159244, 0.548222326340772], "k_pid_yaw": [0.5, 1e-06, 0.1], "k_pid_hsp": [0.3676358624689193, 0.13016463101670409, 0.0], "k_pid_vsp": [143.9122032129035, 206.02307371273898, 0.48708291554342065]}, "datetime": {"datetime": "2025-08-13 12:55:38", "elapsed": 11266.784038543701, "delta": 16.221409559249878}, "costs": {"total_cost": 197.35480458127677, "time_cost": 68.684, "final_distance_cost": 1.801214254163046, "oscillation_cost": 41.69445540803989, "completition_cost": 0.0, "overshoot_cost": 49.918092192479406, "power_cost": 15.092572082519531, "noise_cost": 20.164470644074886, "n_waypoints_completed": 9, "tot_waypoints": 9}}
{"target": -188.11525956505525, "params": {"k_pid_pos": [1.6014757389827723, 0.021228989748077704, 0.19633511596377662], "k_pid_alt": [1.5250225469978904, 0.012585848167952505, 0.038857108395568725], "k_pid_att": [33.192429465034934, 5.170852636881048, 1.0], "k_pid_yaw": [0.5, 1e-06, 0.1], "k_pid_hsp": [0.7446745102655883, 0.13167775484143032, 0.0], "k_pid_vsp": [100.24734671403824, 113.10713705961916, 0.39317575902390584]}, "datetime": {"datetime": "2025-08-13 12:55:54", "elapsed": 11282.96713399887, "delta": 16.183095455169678}, "costs": {"total_cost": 188.11525956505525, "time_cost": 68.243, "final_distance_cost": 1.8208337987055105, "oscillation_cost": 34.34001524203294, "completition_cost": 0.0, "overshoot_cost": 50.09534418719058, "power_cost": 13.848384423828126, "noise_cost": 19.767681913298098, "n_waypoints_completed": 9, "tot_waypoints": 9}}
{"target": -1157.7763457821645, "params": {"k_pid_pos": [1.0744718079960982, 0.16751915256931374, 0.11890075882327995], "k_pid_alt": [0.0, 0.013326363013279621, 0.035168816841808954], "k_pid_att": [32.56940508972724, 5.075271694947823, 0.8446359191272864], "k_pid_yaw": [0.5, 1e-06, 0.1], "k_pid_hsp": [0.7491834166227077, 0.08490190535015758, 0.0], "k_pid_vsp": [64.87870663337871, 251.96936102696483, 0.23358526307336314]}, "datetime": {"datetime": "2025-08-13 12:56:23", "elapsed": 11311.06307387352, "delta": 28.095939874649048}, "costs": {"total_cost": 1157.7763457821645, "time_cost": 150, "final_distance_cost": 83.10132625962375, "oscillation_cost": 10.478461327876452, "completition_cost": 777.7777777777778, "overshoot_cost": 71.23090202357031, "power_cost": 27.722775048828126, "noise_cost": 37.46510334448801, "n_waypoints_completed": 2, "tot_waypoints": 9}}
{"target": -192.5427419460833, "params": {"k_pid_pos": [1.5453269982958078, 0.16975572069799683, 0.14453439858302533], "k_pid_alt": [1.3457150135214737, 0.011538600185939057, 0.030602879829539426], "k_pid_att": [16.20151978547091, 6.948652908266677, 0.5488493915172804], "k_pid_yaw": [0.5, 1e-06, 0.1], "k_pid_hsp": [0.32798182620274113, 0.0680816356744009, 0.0], "k_pid_vsp": [89.8984235415676, 204.38862869001161, 0.47584568302722835]}, "datetime": {"datetime": "2025-08-13 12:56:39", "elapsed": 11327.270491838455, "delta": 16.207417964935303}, "costs": {"total_cost": 192.5427419460833, "time_cost": 68.726, "final_distance_cost": 1.7652179461916233, "oscillation_cost": 35.36225928355072, "completition_cost": 0.0, "overshoot_cost": 49.960798194784815, "power_cost": 16.280495227050782, "noise_cost": 20.447971294505383, "n_waypoints_completed": 9, "tot_waypoints": 9}}
{"target": -189.11428742041153, "params": {"k_pid_pos": [2.0, 0.1163837557533993, 0.49550491454865586], "k_pid_alt": [1.2051366041559877, 0.022584947813757267, 0.05326871796090298], "k_pid_att": [41.43725211221496, 8.562595498032943, 1.0], "k_pid_yaw": [0.5, 1e-06, 0.1], "k_pid_hsp": [1.0126456992691193, 0.1505618955287976, 0.0], "k_pid_vsp": [138.66513359056853, 270.8561549819068, 0.5416950644883523]}, "datetime": {"datetime": "2025-08-13 12:56:55", "elapsed": 11343.223450422287, "delta": 15.952958583831787}, "costs": {"total_cost": 189.11428742041153, "time_cost": 68.327, "final_distance_cost": 1.8090836501716219, "oscillation_cost": 35.886036356910054, "completition_cost": 0.0, "overshoot_cost": 49.96476643451659, "power_cost": 13.478373327636719, "noise_cost": 19.649027651176553, "n_waypoints_completed": 9, "tot_waypoints": 9}}
{"target": -200.46523772016982, "params": {"k_pid_pos": [1.7651941634506383, 0.17974972491365393, 0.11650564267439857], "k_pid_alt": [0.4926443321355727, 0.005396966440547155, 0.027989017367954463], "k_pid_att": [2.8238609644086075, 7.927328641929655, 0.7190805578912784], "k_pid_yaw": [0.5, 1e-06, 0.1], "k_pid_hsp": [0.19874717263801664, 0.0, 0.0], "k_pid_vsp": [149.55256249924193, 319.5708960305504, 0.5709602347193573]}, "datetime": {"datetime": "2025-08-13 12:57:12", "elapsed": 11360.484419107437, "delta": 17.260968685150146}, "costs": {"total_cost": 200.46523772016982, "time_cost": 75.502, "final_distance_cost": 1.829119280213219, "oscillation_cost": 42.6659139133173, "completition_cost": 0.0, "overshoot_cost": 50.34483412694097, "power_cost": 10.47037860107422, "noise_cost": 19.65299179862412, "n_waypoints_completed": 9, "tot_waypoints": 9}}
{"target": -195.6274977274793, "params": {"k_pid_pos": [1.457450015256257, 0.1580618529569031, 0.1588767625224817], "k_pid_alt": [0.871564266869993, 0.01099460236829451, 0.022252991025991473], "k_pid_att": [41.686233774648194, 3.5595333507449944, 0.26328469913177105], "k_pid_yaw": [0.5, 1e-06, 0.1], "k_pid_hsp": [0.8845752252613986, 0.0, 0.0], "k_pid_vsp": [143.40285686228268, 32.986937942178386, 0.34203752301393076]}, "datetime": {"datetime": "2025-08-13 12:57:29", "elapsed": 11377.132471084595, "delta": 16.648051977157593}, "costs": {"total_cost": 195.6274977274793, "time_cost": 70.756, "final_distance_cost": 1.793015791597932, "oscillation_cost": 31.927009566142946, "completition_cost": 0.0, "overshoot_cost": 51.27078595689674, "power_cost": 18.105228845214846, "noise_cost": 21.775457567626827, "n_waypoints_completed": 9, "tot_waypoints": 9}}
{"target": -195.05063733395673, "params": {"k_pid_pos": [2.0, 0.22727519176812114, 0.2848257135339217], "k_pid_alt": [2.0, 0.009450888155404659, 0.05106070001154927], "k_pid_att": [24.282354516461698, 2.633911906456243, 0.27694430036560297], "k_pid_yaw": [0.5, 1e-06, 0.1], "k_pid_hsp": [0.9758805072930361, 0.11796534533483231, 0.0], "k_pid_vsp": [95.24171573519857, 275.75279965699264, 0.31324653223586024]}, "datetime": {"datetime": "2025-08-13 12:57:45", "elapsed": 11393.64562344551, "delta": 16.513152360916138}, "costs": {"total_cost": 195.05063733395673, "time_cost": 68.901, "final_distance_cost": 1.7681940334702209, "oscillation_cost": 39.75790165525338, "completition_cost": 0.0, "overshoot_cost": 50.00542232918057, "power_cost": 14.777391052246095, "noise_cost": 19.84072826380648, "n_waypoints_completed": 9, "tot_waypoints": 9}}
{"target": -189.67724056204298, "params": {"k_pid_pos": [1.3025111666079654, 0.16492265011457555, 0.08452703986060517], "k_pid_alt": [1.0179206742965035, 0.013052205211538248, 0.03345411597581994], "k_pid_att": [32.97140494667576, 6.1238411353274245, 0.3593486445885887], "k_pid_yaw": [0.5, 1e-06, 0.1], "k_pid_hsp": [0.5292608036869948, 0.027245592884278354, 0.0], "k_pid_vsp": [195.00136982147592, 330.7314751532827, 0.7816193922898528]}, "datetime": {"datetime": "2025-08-13 12:58:01", "elapsed": 11409.755449295044, "delta": 16.10982584953308}, "costs": {"total_cost": 189.67724056204298, "time_cost": 69.419, "final_distance_cost": 1.8016142077619457, "oscillation_cost": 32.54648281926533, "completition_cost": 0.0, "overshoot_cost": 50.19634422334988, "power_cost": 15.114631372070313, "noise_cost": 20.599167939595535, "n_waypoints_completed": 9, "tot_waypoints": 9}}
{"target": -202.7215568897832, "params": {"k_pid_pos": [2.0, 0.14703739272914704, 0.46833881335120947], "k_pid_alt": [0.8698277577443916, 0.02053007573668394, 0.03732999425118901], "k_pid_att": [15.830276409781002, 4.43461937788172, 0.515481071984837], "k_pid_yaw": [0.5, 1e-06, 0.1], "k_pid_hsp": [0.9694749553585721, 0.03546102591506512, 0.0], "k_pid_vsp": [99.49088148829054, 1e-06, 0.7000082129350235]}, "datetime": {"datetime": "2025-08-13 12:58:18", "elapsed": 11426.730412960052, "delta": 16.974963665008545}, "costs": {"total_cost": 202.7215568897832, "time_cost": 72.009, "final_distance_cost": 1.7751842809034264, "oscillation_cost": 36.84272573300568, "completition_cost": 0.0, "overshoot_cost": 51.01045110959242, "power_cost": 18.492971606445312, "noise_cost": 22.591224159836347, "n_waypoints_completed": 9, "tot_waypoints": 9}}
{"target": -228.45911560085307, "params": {"k_pid_pos": [0.4718977963644288, 0.0, 0.4152848297703853], "k_pid_alt": [1.6384633296311353, 0.008017289199310948, 0.04342495863361834], "k_pid_att": [45.33955056147072, 3.4076594659953283, 0.14373745551395264], "k_pid_yaw": [0.5, 1e-06, 0.1], "k_pid_hsp": [0.4546827690830317, 0.07954843940546165, 0.0], "k_pid_vsp": [81.40003815304432, 263.7097381351427, 0.372285430212902]}, "datetime": {"datetime": "2025-08-13 12:58:41", "elapsed": 11449.367748737335, "delta": 22.637335777282715}, "costs": {"total_cost": 228.45911560085307, "time_cost": 95.179, "final_distance_cost": 1.8604672761331766, "oscillation_cost": 31.380654864901537, "completition_cost": 0.0, "overshoot_cost": 53.12396251078701, "power_cost": 16.29302332763672, "noise_cost": 30.622007621394644, "n_waypoints_completed": 9, "tot_waypoints": 9}}
{"target": -190.8810511716652, "params": {"k_pid_pos": [1.6784571875600724, 0.08842812416726485, 0.20108820926120916], "k_pid_alt": [1.0458533076013865, 0.013083988795966872, 0.04342510786843601], "k_pid_att": [63.67993816948597, 6.867032580570009, 0.6696229464055315], "k_pid_yaw": [0.5, 1e-06, 0.1], "k_pid_hsp": [1.2106670485326623, 0.13869668042858121, 0.0], "k_pid_vsp": [79.45147336333227, 1e-06, 0.12364746528338248]}, "datetime": {"datetime": "2025-08-13 12:58:57", "elapsed": 11465.82050538063, "delta": 16.452756643295288}, "costs": {"total_cost": 190.8810511716652, "time_cost": 70.315, "final_distance_cost": 1.8146432353667934, "oscillation_cost": 35.76602617248323, "completition_cost": 0.0, "overshoot_cost": 51.182397613511256, "power_cost": 12.00050135498047, "noise_cost": 19.802482795323474, "n_waypoints_completed": 9, "tot_waypoints": 9}}
{"target": -236.32996496562305, "params": {"k_pid_pos": [1.501614649406685, 0.10383804597208947, 0.0], "k_pid_alt": [0.3148522518402121, 0.004318596853055819, 0.04759679964638336], "k_pid_att": [27.04981741032945, 0.0001, 0.6969496774837842], "k_pid_yaw": [0.5, 1e-06, 0.1], "k_pid_hsp": [0.8923304352058595, 0.16898935409964988, 0.0], "k_pid_vsp": [68.8679352960505, 1e-06, 0.48112644719791015]}, "datetime": {"datetime": "2025-08-13 12:59:20", "elapsed": 11488.151947021484, "delta": 22.331441640853882}, "costs": {"total_cost": 236.32996496562305, "time_cost": 93.8, "final_distance_cost": 1.8360861745896517, "oscillation_cost": 43.450119257772045, "completition_cost": 0.0, "overshoot_cost": 53.672195827378566, "power_cost": 16.75437624511719, "noise_cost": 26.81718746076562, "n_waypoints_completed": 9, "tot_waypoints": 9}}
{"target": -205.42375185431933, "params": {"k_pid_pos": [1.4876569080974882, 0.13370895506604263, 0.28117605462601786], "k_pid_alt": [0.8666263069902742, 0.02935011528464934, 0.04907530889308275], "k_pid_att": [37.368209449791976, 10.0, 0.09601507276144987], "k_pid_yaw": [0.5, 1e-06, 0.1], "k_pid_hsp": [0.7334771611042749, 0.03547045884036581, 0.0], "k_pid_vsp": [179.8989787227265, 187.39457125692044, 0.295778133329148]}, "datetime": {"datetime": "2025-08-13 12:59:37", "elapsed": 11505.218014001846, "delta": 17.06606698036194}, "costs": {"total_cost": 205.42375185431933, "time_cost": 72.191, "final_distance_cost": 1.8361654215136733, "oscillation_cost": 34.76123562840506, "completition_cost": 0.0, "overshoot_cost": 51.598255490869846, "power_cost": 22.135231665039065, "noise_cost": 22.901863648491677, "n_waypoints_completed": 9, "tot_waypoints": 9}}
{"target": -191.42097900426748, "params": {"k_pid_pos": [1.5187136011813518, 0.20314161457011437, 0.2812689880312294], "k_pid_alt": [1.6641171161754913, 0.026026462086589975, 0.06246414377990187], "k_pid_att": [14.840084779417374, 8.697198001723642, 0.49604107076846904], "k_pid_yaw": [0.5, 1e-06, 0.1], "k_pid_hsp": [0.8033911347527974, 0.04567398970863549, 0.0], "k_pid_vsp": [187.64299469435187, 1e-06, 0.5887867768945205]}, "datetime": {"datetime": "2025-08-13 12:59:54", "elapsed": 11522.112931728363, "delta": 16.894917726516724}, "costs": {"total_cost": 191.42097900426748, "time_cost": 70.742, "final_distance_cost": 1.7982182220946572, "oscillation_cost": 32.664748584295, "completition_cost": 0.0, "overshoot_cost": 51.561581614628125, "power_cost": 13.603145166015626, "noise_cost": 21.051285417234077, "n_waypoints_completed": 9, "tot_waypoints": 9}}
{"target": -183.09722558690837, "params": {"k_pid_pos": [1.4931602204078855, 0.10353029230833927, 0.15906297315831133], "k_pid_alt": [2.0, 0.017128912979367514, 0.05083222096070705], "k_pid_att": [38.080349971294, 6.471956265199677, 1.0], "k_pid_yaw": [0.5, 1e-06, 0.1], "k_pid_hsp": [0.8697012879988183, 0.06269120564785348, 0.0], "k_pid_vsp": [278.3189895333846, 44.8538405437533, 0.1764409408035942]}, "datetime": {"datetime": "2025-08-13 13:00:10", "elapsed": 11538.628915786743, "delta": 16.515984058380127}, "costs": {"total_cost": 183.09722558690837, "time_cost": 69.02, "final_distance_cost": 1.7958692629090736, "oscillation_cost": 32.952729526518006, "completition_cost": 0.0, "overshoot_cost": 50.55985463861991, "power_cost": 9.766603979492189, "noise_cost": 19.00216817936919, "n_waypoints_completed": 9, "tot_waypoints": 9}}
{"target": -218.14741463423107, "params": {"k_pid_pos": [2.0, 0.12520411334171935, 0.05030273818924008], "k_pid_alt": [1.5436999538613163, 0.011933911774274662, 0.04444889199663133], "k_pid_att": [38.35838330001751, 3.429764335496884, 0.3705773191221879], "k_pid_yaw": [0.5, 1e-06, 0.1], "k_pid_hsp": [1.0250751124717785, 0.06955963589739761, 0.0], "k_pid_vsp": [145.31902864666074, 88.9511227527159, 0.745993712966421]}, "datetime": {"datetime": "2025-08-13 13:00:27", "elapsed": 11555.950896501541, "delta": 17.321980714797974}, "costs": {"total_cost": 218.14741463423107, "time_cost": 75.271, "final_distance_cost": 1.7515350519272457, "oscillation_cost": 39.53308703273102, "completition_cost": 0.0, "overshoot_cost": 51.86137648791146, "power_cost": 25.871896203613282, "noise_cost": 23.858519858048044, "n_waypoints_completed": 9, "tot_waypoints": 9}}
{"target": -187.72632236750516, "params": {"k_pid_pos": [2.0, 0.15238476969196438, 0.2144932448471156], "k_pid_alt": [1.1176304459216313, 0.0, 0.05609803096142291], "k_pid_att": [31.267961538996122, 10.0, 1.0], "k_pid_yaw": [0.5, 1e-06, 0.1], "k_pid_hsp": [0.9766127846605622, 0.0, 0.0], "k_pid_vsp": [160.4237395366493, 201.73042590264356, 0.2635103857203002]}, "datetime": {"datetime": "2025-08-13 13:00:44", "elapsed": 11572.703788757324, "delta": 16.75289225578308}, "costs": {"total_cost": 187.72632236750516, "time_cost": 69.202, "final_distance_cost": 1.7718077328954522, "oscillation_cost": 36.21960991731832, "completition_cost": 0.0, "overshoot_cost": 49.90843065530828, "power_cost": 11.3323791015625, "noise_cost": 19.292094960420595, "n_waypoints_completed": 9, "tot_waypoints": 9}}
{"target": -212.5537039688939, "params": {"k_pid_pos": [1.30569973102447, 0.18274001186017055, 0.18174171277852827], "k_pid_alt": [0.3666112145962955, 0.014964183923143784, 0.046964553458034075], "k_pid_att": [29.65644722510395, 0.0001, 1.0], "k_pid_yaw": [0.5, 1e-06, 0.1], "k_pid_hsp": [1.2428023393521588, 0.16164601857334468, 0.0], "k_pid_vsp": [80.95452909863727, 362.3051032406167, 0.3092411649406705]}, "datetime": {"datetime": "2025-08-13 13:01:04", "elapsed": 11592.7016685009, "delta": 19.99787974357605}, "costs": {"total_cost": 212.5537039688939, "time_cost": 85.351, "final_distance_cost": 1.8400474717338042, "oscillation_cost": 38.46005432802749, "completition_cost": 0.0, "overshoot_cost": 50.27537485203739, "power_cost": 14.000637963867188, "noise_cost": 22.626589353228027, "n_waypoints_completed": 9, "tot_waypoints": 9}}
{"target": -183.85525579016675, "params": {"k_pid_pos": [1.425438866347329, 0.19969043294287714, 0.2646533362212829], "k_pid_alt": [1.216138826529062, 0.012631857015835427, 0.030324651877791303], "k_pid_att": [33.340585707693116, 5.706201131416916, 0.4259115072118555], "k_pid_yaw": [0.5, 1e-06, 0.1], "k_pid_hsp": [1.7120118402996776, 0.0268979562762262, 0.0], "k_pid_vsp": [220.0140598437014, 173.65349647449128, 1e-06]}, "datetime": {"datetime": "2025-08-13 13:01:21", "elapsed": 11609.197073698044, "delta": 16.495405197143555}, "costs": {"total_cost": 183.85525579016675, "time_cost": 68.887, "final_distance_cost": 1.817019186688515, "oscillation_cost": 32.314557821460156, "completition_cost": 0.0, "overshoot_cost": 50.386006661659685, "power_cost": 10.926888037109375, "noise_cost": 19.523784083249033, "n_waypoints_completed": 9, "tot_waypoints": 9}}
{"target": -216.7641828229833, "params": {"k_pid_pos": [2.0, 0.11355902695291537, 0.1285469747388535], "k_pid_alt": [0.9285393895703082, 0.009279608022146732, 0.04053733572747395], "k_pid_att": [34.56548944864604, 3.0520737282924295, 0.7336399847371428], "k_pid_yaw": [0.5, 1e-06, 0.1], "k_pid_hsp": [1.1586856587979613, 0.0362625000492581, 0.0], "k_pid_vsp": [215.4432275704256, 42.84569884315241, 0.08528717401278801]}, "datetime": {"datetime": "2025-08-13 13:01:38", "elapsed": 11626.840919017792, "delta": 17.643845319747925}, "costs": {"total_cost": 216.7641828229833, "time_cost": 75.362, "final_distance_cost": 1.7830752044751317, "oscillation_cost": 39.118337863233734, "completition_cost": 0.0, "overshoot_cost": 53.09206748875266, "power_cost": 23.82885517578125, "noise_cost": 23.5798470907405, "n_waypoints_completed": 9, "tot_waypoints": 9}}
