{"target": -199.9674331656579, "params": {"k_pid_pos": [2.0, 0.42901989890561126, 0.4584963490013576], "k_pid_alt": [1.1932688382450654, 0.0, 0.4567000777040866], "k_pid_att": [41.11550775374672, 6.720643513973797, 0.5014464216916973], "k_pid_yaw": [0.5, 1e-06, 0.1], "k_pid_hsp": [2.3745834719009795, 0.15341851741412668, 0.0], "k_pid_vsp": [57.39285326142096, 120.42180030847976, 1e-06]}, "datetime": {"datetime": "2025-08-13 11:31:51", "elapsed": 6239.144968986511, "delta": 31.585012674331665}, "costs": {"total_cost": 199.9674331656579, "time_cost": 74.158, "final_distance_cost": 1.7817131476578036, "oscillation_cost": 40.622893870783955, "completition_cost": 0.0, "overshoot_cost": 49.942282470389245, "power_cost": 12.964354663085938, "noise_cost": 20.498189013740955, "n_waypoints_completed": 9, "tot_waypoints": 9}}
{"target": -1110.5109516762645, "params": {"k_pid_pos": [0.07207662577501273, 0.0, 0.10140414582088582], "k_pid_alt": [2.0, 0.0, 0.0], "k_pid_att": [35.34155074107628, 6.39036629855994, 0.9281500841437854], "k_pid_yaw": [0.5, 1e-06, 0.1], "k_pid_hsp": [0.08406549485380754, 0.0020304484751142346, 0.0], "k_pid_vsp": [57.09819754441016, 166.70499688819322, 1e-06]}, "datetime": {"datetime": "2025-08-13 11:32:41", "elapsed": 6289.646708011627, "delta": 50.50173902511597}, "costs": {"total_cost": 1110.5109516762645, "time_cost": 150, "final_distance_cost": 85.38473487760666, "oscillation_cost": 1.9678161768125988, "completition_cost": 777.7777777777778, "overshoot_cost": 52.250005129105055, "power_cost": 13.023301293945313, "noise_cost": 30.10731642101727, "n_waypoints_completed": 2, "tot_waypoints": 9}}
{"target": -195.2922880416144, "params": {"k_pid_pos": [1.2629389490203118, 0.16844214639074728, 0.19772829301415937], "k_pid_alt": [2.0, 0.0, 0.0], "k_pid_att": [29.91301962523457, 7.377661850303595, 0.7923043795900231], "k_pid_yaw": [0.5, 1e-06, 0.1], "k_pid_hsp": [0.7236817839255186, 0.05338546147072174, 0.0], "k_pid_vsp": [62.99437002400649, 238.61082185420685, 1e-06]}, "datetime": {"datetime": "2025-08-13 11:33:11", "elapsed": 6319.937136888504, "delta": 30.29042887687683}, "costs": {"total_cost": 195.2922880416144, "time_cost": 69.45400000000001, "final_distance_cost": 1.8196193210625782, "oscillation_cost": 36.0901094160142, "completition_cost": 0.0, "overshoot_cost": 50.63660424828612, "power_cost": 16.55955137939453, "noise_cost": 20.73240367685699, "n_waypoints_completed": 9, "tot_waypoints": 9}}
{"target": -230.99463737091827, "params": {"k_pid_pos": [0.5085316293439924, 0.18574840451474717, 0.18280406417409178], "k_pid_alt": [1.2633675952324677, 0.0, 0.0], "k_pid_att": [25.822780283848996, 5.835355762534211, 1.0], "k_pid_yaw": [0.5, 1e-06, 0.1], "k_pid_hsp": [1.0493991599860852, 0.06996795354134311, 0.0], "k_pid_vsp": [0.0, 400.0, 1e-06]}, "datetime": {"datetime": "2025-08-13 11:33:47", "elapsed": 6355.872500181198, "delta": 35.93536329269409}, "costs": {"total_cost": 230.99463737091827, "time_cost": 83.811, "final_distance_cost": 1.7910863692640089, "oscillation_cost": 55.77605739631971, "completition_cost": 0.0, "overshoot_cost": 52.15330746151386, "power_cost": 19.558047998046877, "noise_cost": 17.905138145773808, "n_waypoints_completed": 9, "tot_waypoints": 9}}
{"target": -196.91462261442777, "params": {"k_pid_pos": [1.28988006820833, 0.011334228692291245, 0.0], "k_pid_alt": [1.6852071788915401, 0.0, 0.0], "k_pid_att": [29.140900727446336, 2.6984956333439976, 0.0], "k_pid_yaw": [0.5, 1e-06, 0.1], "k_pid_hsp": [1.019929676637343, 0.06960061450462167, 0.0], "k_pid_vsp": [74.08323393419134, 246.64879346354496, 0.6203818676908447]}, "datetime": {"datetime": "2025-08-13 11:34:17", "elapsed": 6385.590057373047, "delta": 29.717557191848755}, "costs": {"total_cost": 196.91462261442777, "time_cost": 68.019, "final_distance_cost": 1.813918563660327, "oscillation_cost": 43.77159610556079, "completition_cost": 0.0, "overshoot_cost": 49.309560905925586, "power_cost": 14.166039477539064, "noise_cost": 19.834507561741976, "n_waypoints_completed": 9, "tot_waypoints": 9}}
{"target": -552.6410809472529, "params": {"k_pid_pos": [1.3495074626440864, 0.09583815467352687, 0.2208897461826386], "k_pid_alt": [2.0, 0.0, 0.20518623101080333], "k_pid_att": [58.98949572153024, 8.9960894603787, 1.0], "k_pid_yaw": [0.5, 1e-06, 0.1], "k_pid_hsp": [0.02040601107693139, 0.08541045092844146, 0.0], "k_pid_vsp": [62.07974066151261, 250.5723172759891, 1.963757327296893]}, "datetime": {"datetime": "2025-08-13 11:35:10", "elapsed": 6438.028784275055, "delta": 52.43872690200806}, "costs": {"total_cost": 552.6410809472529, "time_cost": 150, "final_distance_cost": 67.72312820047712, "oscillation_cost": 97.4603677190862, "completition_cost": 111.11111111111116, "overshoot_cost": 55.958271162727335, "power_cost": 35.347097399902346, "noise_cost": 35.04110535394876, "n_waypoints_completed": 8, "tot_waypoints": 9}}
{"target": -186.71521833155072, "params": {"k_pid_pos": [0.9524067864596938, 0.2017665429789056, 0.31817741065986654], "k_pid_alt": [1.4733931501169595, 0.0, 0.0], "k_pid_att": [46.34080645321804, 4.350835537575237, 0.6986354561086857], "k_pid_yaw": [0.5, 1e-06, 0.1], "k_pid_hsp": [0.7626226129277947, 0.09458040067301439, 0.0], "k_pid_vsp": [116.22261610305468, 134.4336022701426, 0.8368043932794462]}, "datetime": {"datetime": "2025-08-13 11:35:40", "elapsed": 6468.67382144928, "delta": 30.645037174224854}, "costs": {"total_cost": 186.71521833155072, "time_cost": 71.575, "final_distance_cost": 1.82899940371, "oscillation_cost": 29.43972326268915, "completition_cost": 0.0, "overshoot_cost": 50.63414962111434, "power_cost": 12.215668249511719, "noise_cost": 21.021677794525505, "n_waypoints_completed": 9, "tot_waypoints": 9}}
{"target": -1523.2976308513257, "params": {"k_pid_pos": [1.1001248395616614, 0.10670789388265038, 0.15940291747172303], "k_pid_alt": [0.0, 0.0, 0.28124079838024474], "k_pid_att": [54.71990275053262, 6.903388394202389, 0.0], "k_pid_yaw": [0.5, 1e-06, 0.1], "k_pid_hsp": [3.366929088636217, 0.16900869228204987, 0.0], "k_pid_vsp": [0.0, 227.55260623535412, 0.9500519330986799]}, "datetime": {"datetime": "2025-08-13 11:36:31", "elapsed": 6519.8249933719635, "delta": 51.151171922683716}, "costs": {"total_cost": 1523.2976308513257, "time_cost": 150, "final_distance_cost": 0.9846267064382069, "oscillation_cost": 59.30057122463431, "completition_cost": 1000.0, "overshoot_cost": 163.06286468176796, "power_cost": 11.686197460937501, "noise_cost": 138.26337077754772, "n_waypoints_completed": 0, "tot_waypoints": 9}}
{"target": -200.5541603547784, "params": {"k_pid_pos": [1.4590044843085803, 0.11929349851478292, 0.6381612450536366], "k_pid_alt": [1.1752277887186866, 0.0, 0.24289461027618556], "k_pid_att": [28.903443225238636, 1.0528387822080265, 0.43079286384069304], "k_pid_yaw": [0.5, 1e-06, 0.1], "k_pid_hsp": [0.9522432618296287, 0.15470726549498767, 0.0], "k_pid_vsp": [61.52175689060976, 218.47641655245476, 1.727429245078431]}, "datetime": {"datetime": "2025-08-13 11:37:02", "elapsed": 6550.335693359375, "delta": 30.5106999874115}, "costs": {"total_cost": 200.5541603547784, "time_cost": 71.358, "final_distance_cost": 1.8408995043551661, "oscillation_cost": 36.10158355320506, "completition_cost": 0.0, "overshoot_cost": 50.57722031840986, "power_cost": 18.73468524169922, "noise_cost": 21.94177173710906, "n_waypoints_completed": 9, "tot_waypoints": 9}}
{"target": -186.27927224273893, "params": {"k_pid_pos": [1.0955357148742795, 0.08512948227113278, 0.28068090081606817], "k_pid_alt": [0.7125600120257257, 0.024737962138392994, 0.0], "k_pid_att": [47.23657518682853, 4.371128059105135, 0.8701238380657331], "k_pid_yaw": [0.5, 1e-06, 0.1], "k_pid_hsp": [0.213596808375666, 0.031914500198889854, 0.0], "k_pid_vsp": [62.61924875876488, 186.6113431206803, 0.8848202146727112]}, "datetime": {"datetime": "2025-08-13 11:37:31", "elapsed": 6579.95700097084, "delta": 29.621307611465454}, "costs": {"total_cost": 186.27927224273893, "time_cost": 70.175, "final_distance_cost": 1.832525941452371, "oscillation_cost": 30.573255713249527, "completition_cost": 0.0, "overshoot_cost": 50.24124155850928, "power_cost": 13.032534484863282, "noise_cost": 20.424714544664486, "n_waypoints_completed": 9, "tot_waypoints": 9}}
{"target": -261.96340352991217, "params": {"k_pid_pos": [2.0, 0.6321079876533456, 0.0], "k_pid_alt": [0.5523027980201, 0.0, 0.0], "k_pid_att": [51.79832012582594, 5.449036928123917, 0.3396645174253397], "k_pid_yaw": [0.5, 1e-06, 0.1], "k_pid_hsp": [1.5209462858209355, 0.19653780235166082, 0.0], "k_pid_vsp": [24.4136876919453, 299.02324482181643, 2.8141677259007944]}, "datetime": {"datetime": "2025-08-13 11:38:11", "elapsed": 6619.91065788269, "delta": 39.953656911849976}, "costs": {"total_cost": 261.96340352991217, "time_cost": 93.723, "final_distance_cost": 1.7722415961104188, "oscillation_cost": 54.046359345052736, "completition_cost": 0.0, "overshoot_cost": 55.96027904262957, "power_cost": 27.551006591796877, "noise_cost": 28.91051695432257, "n_waypoints_completed": 9, "tot_waypoints": 9}}
{"target": -212.27813232883992, "params": {"k_pid_pos": [0.8599274328130081, 0.34709137276542296, 0.8828533550431379], "k_pid_alt": [1.1511666092797908, 0.0, 0.5675806397231778], "k_pid_att": [21.177529668988786, 9.58072285796411, 1.0], "k_pid_yaw": [0.5, 1e-06, 0.1], "k_pid_hsp": [0.9488799000624359, 0.16061478137824767, 0.0], "k_pid_vsp": [109.90332623268644, 186.44798408720752, 0.4063859327680103]}, "datetime": {"datetime": "2025-08-13 11:38:46", "elapsed": 6654.514151334763, "delta": 34.603493452072144}, "costs": {"total_cost": 212.27813232883992, "time_cost": 80.381, "final_distance_cost": 1.821484155296119, "oscillation_cost": 31.805152760881224, "completition_cost": 0.0, "overshoot_cost": 51.038022994524425, "power_cost": 22.053249755859376, "noise_cost": 25.179222662278757, "n_waypoints_completed": 9, "tot_waypoints": 9}}
{"target": -193.68206029430758, "params": {"k_pid_pos": [0.9127364407162535, 0.0766371988921203, 0.30312379659499106], "k_pid_alt": [1.7633836287265077, 0.0, 0.23647355672030887], "k_pid_att": [57.517171651314186, 0.0001, 1.0], "k_pid_yaw": [0.5, 1e-06, 0.1], "k_pid_hsp": [0.8642199907014212, 0.18055284275291747, 0.0], "k_pid_vsp": [31.469376580550705, 272.06235985711015, 0.4073312133939027]}, "datetime": {"datetime": "2025-08-13 11:39:17", "elapsed": 6685.561786413193, "delta": 31.047635078430176}, "costs": {"total_cost": 193.68206029430758, "time_cost": 70.77, "final_distance_cost": 1.8479673512903647, "oscillation_cost": 35.24471688179562, "completition_cost": 0.0, "overshoot_cost": 49.75322658733817, "power_cost": 15.397116528320312, "noise_cost": 20.669032945563117, "n_waypoints_completed": 9, "tot_waypoints": 9}}
{"target": -669.3452967636651, "params": {"k_pid_pos": [1.3830472460956387, 0.038372182671968146, 0.6870375212050687], "k_pid_alt": [0.14547463657462326, 0.0, 0.3295278070300494], "k_pid_att": [59.56204283055316, 5.6986207505923145, 1.0], "k_pid_yaw": [0.5, 1e-06, 0.1], "k_pid_hsp": [2.0182070214086125, 0.1683106208067647, 0.0], "k_pid_vsp": [58.57108013131762, 31.272978837033822, 0.8753354777371584]}, "datetime": {"datetime": "2025-08-13 11:40:10", "elapsed": 6738.183139324188, "delta": 52.62135291099548}, "costs": {"total_cost": 669.3452967636651, "time_cost": 150, "final_distance_cost": 61.58063080225494, "oscillation_cost": 30.80499312587598, "completition_cost": 333.33333333333337, "overshoot_cost": 46.523871467819454, "power_cost": 16.1180814453125, "noise_cost": 30.98438658906873, "n_waypoints_completed": 6, "tot_waypoints": 9}}
{"target": -200.71608073924872, "params": {"k_pid_pos": [1.8884381460300201, 0.07799379924612448, 0.3953515924523428], "k_pid_alt": [1.7608127309198636, 0.0, 0.3128743562455285], "k_pid_att": [27.984929794217788, 6.297557612631084, 1.0], "k_pid_yaw": [0.5, 1e-06, 0.1], "k_pid_hsp": [1.5280806806153373, 0.07475522781049743, 0.002499265967349822], "k_pid_vsp": [25.566033598038942, 349.24606532109493, 1.521837247118559]}, "datetime": {"datetime": "2025-08-13 11:40:41", "elapsed": 6769.482738733292, "delta": 31.299599409103394}, "costs": {"total_cost": 200.71608073924872, "time_cost": 68.712, "final_distance_cost": 1.7931444828436027, "oscillation_cost": 46.44324556158735, "completition_cost": 0.0, "overshoot_cost": 49.51510130854788, "power_cost": 15.639462658691407, "noise_cost": 18.613126727578507, "n_waypoints_completed": 9, "tot_waypoints": 9}}
{"target": -484.16058016147167, "params": {"k_pid_pos": [1.2171111126953325, 0.7041578047622822, 0.305398076186217], "k_pid_alt": [1.8367137260045407, 0.0, 0.0], "k_pid_att": [26.05239521024193, 5.036752218049025, 1.0], "k_pid_yaw": [0.5, 1e-06, 0.1], "k_pid_hsp": [1.0822614082760769, 0.2080408644732209, 0.0], "k_pid_vsp": [0.0, 148.15591674358393, 2.8171372365087097]}, "datetime": {"datetime": "2025-08-13 11:41:34", "elapsed": 6822.715724229813, "delta": 53.232985496520996}, "costs": {"total_cost": 484.16058016147167, "time_cost": 150, "final_distance_cost": 8.846369784556131, "oscillation_cost": 82.17315297914912, "completition_cost": 111.11111111111116, "overshoot_cost": 69.40277975627757, "power_cost": 34.096785119628905, "noise_cost": 28.530381410748838, "n_waypoints_completed": 8, "tot_waypoints": 9}}
{"target": -239.99318593114216, "params": {"k_pid_pos": [2.0, 0.15117308812303765, 0.16539017032253103], "k_pid_alt": [1.9884623009383435, 0.0, 0.1658540313704906], "k_pid_att": [39.1214815154983, 5.0864971380602055, 0.853872337022568], "k_pid_yaw": [0.5, 1e-06, 0.1], "k_pid_hsp": [1.787296778703211, 0.07783514917555201, 0.0], "k_pid_vsp": [0.0, 289.10910307039313, 2.3403402206156563]}, "datetime": {"datetime": "2025-08-13 11:42:10", "elapsed": 6858.22830581665, "delta": 35.51258158683777}, "costs": {"total_cost": 239.99318593114216, "time_cost": 79.97500000000001, "final_distance_cost": 1.7542050467871442, "oscillation_cost": 62.66288311266864, "completition_cost": 0.0, "overshoot_cost": 55.22189356485264, "power_cost": 22.20546864013672, "noise_cost": 18.173735566697, "n_waypoints_completed": 9, "tot_waypoints": 9}}
{"target": -761.1113441712947, "params": {"k_pid_pos": [2.0, 0.07103130504932688, 0.412744992891198], "k_pid_alt": [1.147829817353002, 0.0, 0.0], "k_pid_att": [12.618059929701845, 5.064419199211083, 0.9477541507805163], "k_pid_yaw": [0.5, 1e-06, 0.1], "k_pid_hsp": [0.24033289131981048, 0.20778341013689514, 0.0], "k_pid_vsp": [0.0, 236.9392369344573, 1.9324387862937442]}, "datetime": {"datetime": "2025-08-13 11:43:02", "elapsed": 6910.205939769745, "delta": 51.97763395309448}, "costs": {"total_cost": 761.1113441712947, "time_cost": 150, "final_distance_cost": 53.778984168577644, "oscillation_cost": 70.24326839821956, "completition_cost": 333.33333333333337, "overshoot_cost": 68.1619776674099, "power_cost": 44.27262922363281, "noise_cost": 41.32115138012136, "n_waypoints_completed": 6, "tot_waypoints": 9}}
{"target": -252.5687686590313, "params": {"k_pid_pos": [2.0, 0.20550559514124597, 0.1735813290895928], "k_pid_alt": [1.4895803805530576, 0.0, 0.7192263508313089], "k_pid_att": [42.05867633411081, 5.690243970845553, 0.9416592261473099], "k_pid_yaw": [0.5, 1e-06, 0.1], "k_pid_hsp": [0.5460970739186758, 0.09633505083321038, 0.0], "k_pid_vsp": [0.0, 384.6925445387689, 0.5179229863207893]}, "datetime": {"datetime": "2025-08-13 11:43:40", "elapsed": 6948.109797000885, "delta": 37.90385723114014}, "costs": {"total_cost": 252.5687686590313, "time_cost": 85.792, "final_distance_cost": 1.7527748421890834, "oscillation_cost": 61.22048607009768, "completition_cost": 0.0, "overshoot_cost": 54.74939916241331, "power_cost": 26.856876440429687, "noise_cost": 22.197232143901555, "n_waypoints_completed": 9, "tot_waypoints": 9}}
{"target": -196.6362362353489, "params": {"k_pid_pos": [2.0, 0.1288925339775319, 0.1447326055813909], "k_pid_alt": [1.8252432413913995, 0.0, 0.1792501387809533], "k_pid_att": [37.38437839476895, 2.132320186448773, 1.0], "k_pid_yaw": [0.5, 1e-06, 0.1], "k_pid_hsp": [0.8972291624018732, 0.18707797042170812, 0.0], "k_pid_vsp": [51.838361005404714, 70.25736117776196, 1e-06]}, "datetime": {"datetime": "2025-08-13 11:44:09", "elapsed": 6977.960520982742, "delta": 29.8507239818573}, "costs": {"total_cost": 196.6362362353489, "time_cost": 68.866, "final_distance_cost": 1.7793259350873745, "oscillation_cost": 40.662584986098594, "completition_cost": 0.0, "overshoot_cost": 49.889246290248074, "power_cost": 15.214810949707031, "noise_cost": 20.224268074207796, "n_waypoints_completed": 9, "tot_waypoints": 9}}
{"target": -3522.475294816908, "params": {"k_pid_pos": [1.5966775805424305, 0.06979931299299745, 0.21222294736582373], "k_pid_alt": [1.4809543216229955, 0.0, 0.2916247357924609], "k_pid_att": [0.0, 3.738269575314044, 1.0], "k_pid_yaw": [0.5, 1e-06, 0.1], "k_pid_hsp": [1.3576475380979982, 0.0, 0.0], "k_pid_vsp": [77.44003519724815, 223.52596700069026, 0.7098545046162573]}, "datetime": {"datetime": "2025-08-13 11:45:02", "elapsed": 7030.313842058182, "delta": 52.35332107543945}, "costs": {"total_cost": 3522.475294816908, "time_cost": 150, "final_distance_cost": 274.038731971638, "oscillation_cost": 1117.1492835577483, "completition_cost": 1000.0, "overshoot_cost": 770.1133569549435, "power_cost": 53.61598250732422, "noise_cost": 157.5579398252537, "n_waypoints_completed": 0, "tot_waypoints": 9}}
{"target": -266.5976441676238, "params": {"k_pid_pos": [2.0, 0.24905663136726353, 0.3825539576998391], "k_pid_alt": [0.36244290618963904, 0.0, 0.5938465275448924], "k_pid_att": [11.394874441512352, 5.6659555245735875, 1.0], "k_pid_yaw": [0.5, 1e-06, 0.1], "k_pid_hsp": [0.8139392524566236, 0.2114753920681263, 0.0], "k_pid_vsp": [66.71057995389283, 111.96532691411278, 1.9311303296257514]}, "datetime": {"datetime": "2025-08-13 11:45:50", "elapsed": 7078.349842309952, "delta": 48.03600025177002}, "costs": {"total_cost": 266.5976441676238, "time_cost": 111.741, "final_distance_cost": 1.8634307605574438, "oscillation_cost": 49.49406822587637, "completition_cost": 0.0, "overshoot_cost": 53.690218313569744, "power_cost": 18.813993395996096, "noise_cost": 30.994933471624144, "n_waypoints_completed": 9, "tot_waypoints": 9}}
{"target": -192.89874145634502, "params": {"k_pid_pos": [1.402155296796125, 0.020139546633802925, 0.07265661311041238], "k_pid_alt": [1.5694243406621713, 0.0, 0.48478868769950645], "k_pid_att": [29.523537903558708, 1.4966331084020634, 0.6647804042785835], "k_pid_yaw": [0.5, 1e-06, 0.1], "k_pid_hsp": [0.6141248027103746, 0.007977341657901649, 0.0], "k_pid_vsp": [80.65055335406957, 394.75390080070025, 1e-06]}, "datetime": {"datetime": "2025-08-13 11:46:20", "elapsed": 7108.242936849594, "delta": 29.893094539642334}, "costs": {"total_cost": 192.89874145634502, "time_cost": 69.447, "final_distance_cost": 1.8005583108209828, "oscillation_cost": 34.91441845934001, "completition_cost": 0.0, "overshoot_cost": 50.21526309036207, "power_cost": 16.20702448730469, "noise_cost": 20.314477108517252, "n_waypoints_completed": 9, "tot_waypoints": 9}}
{"target": -193.06507220473299, "params": {"k_pid_pos": [2.0, 0.0, 0.5275149887195115], "k_pid_alt": [1.7267018843091446, 0.0, 0.04099794843023552], "k_pid_att": [39.02498920372221, 5.237689832717922, 1.0], "k_pid_yaw": [0.5, 1e-06, 0.1], "k_pid_hsp": [0.5897861955266718, 0.22075878425262227, 0.0], "k_pid_vsp": [94.39820327892652, 197.94533276014988, 0.2702419772891705]}, "datetime": {"datetime": "2025-08-13 11:46:50", "elapsed": 7137.9826493263245, "delta": 29.739712476730347}, "costs": {"total_cost": 193.06507220473299, "time_cost": 68.453, "final_distance_cost": 1.8293242113507282, "oscillation_cost": 37.51412321080504, "completition_cost": 0.0, "overshoot_cost": 49.883680694289254, "power_cost": 15.056833044433594, "noise_cost": 20.328111043854367, "n_waypoints_completed": 9, "tot_waypoints": 9}}
{"target": -1285.293282266319, "params": {"k_pid_pos": [0.0001, 0.0, 1.0], "k_pid_alt": [2.0, 0.0, 0.0], "k_pid_att": [7.665417671279834, 8.717613236310756, 1.0], "k_pid_yaw": [0.5, 1e-06, 0.1], "k_pid_hsp": [1.9718973758416487, 0.0840963549866706, 0.0], "k_pid_vsp": [76.17625558892516, 248.15383731770692, 1e-06]}, "datetime": {"datetime": "2025-08-13 11:47:41", "elapsed": 7189.015911817551, "delta": 51.033262491226196}, "costs": {"total_cost": 1285.293282266319, "time_cost": 150, "final_distance_cost": 46.008934247919264, "oscillation_cost": 0.14598023058072962, "completition_cost": 1000.0, "overshoot_cost": 35.20541397738695, "power_cost": 21.118891552734375, "noise_cost": 32.81406225769783, "n_waypoints_completed": 0, "tot_waypoints": 9}}
{"target": -198.9935631038618, "params": {"k_pid_pos": [1.2823422263499353, 0.19739602924325816, 0.2755942469679335], "k_pid_alt": [2.0, 0.0002157409441155612, 0.30391489004369504], "k_pid_att": [37.69682487434368, 8.07147205248302, 0.6174304040684541], "k_pid_yaw": [0.5, 1e-06, 0.1], "k_pid_hsp": [2.974504361839559, 0.0069886671890282736, 0.0], "k_pid_vsp": [102.45390734988185, 165.368153745943, 4.358884198606572]}, "datetime": {"datetime": "2025-08-13 11:48:11", "elapsed": 7219.869997501373, "delta": 30.854085683822632}, "costs": {"total_cost": 198.9935631038618, "time_cost": 70.546, "final_distance_cost": 1.8013953820075912, "oscillation_cost": 34.10582600448114, "completition_cost": 0.0, "overshoot_cost": 51.68181393597544, "power_cost": 18.764069384765627, "noise_cost": 22.094458396631985, "n_waypoints_completed": 9, "tot_waypoints": 9}}
