{"target": -189.4936241583892, "params": {"k_pid_pos": [1.6797214579340032, 0.1797850309993582, 0.11081324361006328], "k_pid_alt": [2.0, 0.0, 0.05506923383646448], "k_pid_att": [16.931108936483, 9.672413496847456, 0.9664826179349472], "k_pid_yaw": [0.5, 1e-06, 0.1], "k_pid_hsp": [1.4556054109068448, 0.043458466451509616, 0.0], "k_pid_vsp": [233.65875891189344, 111.30275231914396, 0.3263642908466411]}, "datetime": {"datetime": "2025-08-13 13:49:34", "elapsed": 14502.177981376648, "delta": 17.553305864334106}, "costs": {"total_cost": 189.4936241583892, "time_cost": 68.397, "final_distance_cost": 1.7762227492243772, "oscillation_cost": 37.81654103248954, "completition_cost": 0.0, "overshoot_cost": 50.140840457742314, "power_cost": 12.016513708496094, "noise_cost": 19.346506210436864, "n_waypoints_completed": 9, "tot_waypoints": 9}}
{"target": -198.82184263202177, "params": {"k_pid_pos": [1.9467951312085792, 0.09659757428743919, 0.0], "k_pid_alt": [1.4080123060815692, 0.013504621404751052, 0.04787755618326236], "k_pid_att": [28.64246533406536, 5.907064937138969, 0.4932183137405817], "k_pid_yaw": [0.5, 1e-06, 0.1], "k_pid_hsp": [0.7297339901075416, 0.08001048101668719, 0.0], "k_pid_vsp": [348.0815950580762, 119.14354196672413, 0.15357225592838453]}, "datetime": {"datetime": "2025-08-13 13:49:51", "elapsed": 14519.976397037506, "delta": 17.798415660858154}, "costs": {"total_cost": 198.82184263202177, "time_cost": 69.405, "final_distance_cost": 1.788997082333435, "oscillation_cost": 38.88974720241018, "completition_cost": 0.0, "overshoot_cost": 50.84020412699103, "power_cost": 17.03661727294922, "noise_cost": 20.861276947337906, "n_waypoints_completed": 9, "tot_waypoints": 9}}
{"target": -197.69301596005022, "params": {"k_pid_pos": [1.960741181256432, 0.12166943680525873, 0.1071214361458737], "k_pid_alt": [2.0, 0.0025814327120091108, 0.047232666493112085], "k_pid_att": [48.89269797646778, 3.4590753412952497, 1.0], "k_pid_yaw": [0.5, 1e-06, 0.1], "k_pid_hsp": [0.7231133695888229, 0.0644674488476467, 0.0], "k_pid_vsp": [243.52874506942763, 39.619048158966116, 1e-06]}, "datetime": {"datetime": "2025-08-13 13:50:09", "elapsed": 14537.84500336647, "delta": 17.868606328964233}, "costs": {"total_cost": 197.69301596005022, "time_cost": 69.916, "final_distance_cost": 1.7595085192891056, "oscillation_cost": 36.36760620175842, "completition_cost": 0.0, "overshoot_cost": 50.88983382018614, "power_cost": 17.65302408447266, "noise_cost": 21.107043334343903, "n_waypoints_completed": 9, "tot_waypoints": 9}}
{"target": -237.6987145789383, "params": {"k_pid_pos": [0.13287349871171103, 0.2002964153193425, 0.15472165800521515], "k_pid_alt": [2.0, 0.003879777408497558, 0.021927669667369133], "k_pid_att": [34.456946753000324, 3.9677030855278304, 0.5705489802778722], "k_pid_yaw": [0.5, 1e-06, 0.1], "k_pid_hsp": [0.8851386336821824, 0.06096546896369076, 0.0], "k_pid_vsp": [205.27637557143126, 201.25388861501358, 0.18768186032611966]}, "datetime": {"datetime": "2025-08-13 13:50:37", "elapsed": 14565.120960712433, "delta": 27.275957345962524}, "costs": {"total_cost": 237.6987145789383, "time_cost": 107.114, "final_distance_cost": 1.8284258177110029, "oscillation_cost": 19.776164348007022, "completition_cost": 0.0, "overshoot_cost": 64.50756836619752, "power_cost": 12.688904345703126, "noise_cost": 31.783651701319616, "n_waypoints_completed": 9, "tot_waypoints": 9}}
{"target": -192.0539427079911, "params": {"k_pid_pos": [1.4299692051658486, 0.08693459957258988, 0.22216069461646681], "k_pid_alt": [1.803088352539211, 0.0059571033544978, 0.06251320449771325], "k_pid_att": [23.963982833253755, 5.802597677179626, 0.6737371032935963], "k_pid_yaw": [0.5, 1e-06, 0.1], "k_pid_hsp": [1.0944252246928172, 0.035792607615146195, 0.0], "k_pid_vsp": [77.42329497938981, 313.74397250802434, 0.36001618855837375]}, "datetime": {"datetime": "2025-08-13 13:50:55", "elapsed": 14583.750282287598, "delta": 18.629321575164795}, "costs": {"total_cost": 192.0539427079911, "time_cost": 68.831, "final_distance_cost": 1.8025813089306446, "oscillation_cost": 34.25215877611396, "completition_cost": 0.0, "overshoot_cost": 50.4518901836746, "power_cost": 16.156615087890625, "noise_cost": 20.559697351381264, "n_waypoints_completed": 9, "tot_waypoints": 9}}
{"target": -1295.8054871069837, "params": {"k_pid_pos": [1.7313566065457688, 0.10778199657470929, 0.24690626295308415], "k_pid_alt": [0.9147340800784138, 0.0003416218146920839, 0.06454874513409149], "k_pid_att": [31.078843935491495, 8.23687225225297, 0.7190620384264282], "k_pid_yaw": [0.5, 1e-06, 0.1], "k_pid_hsp": [0.7920615036992228, 0.04392928907647329, 0.0], "k_pid_vsp": [12.727274744644603, 1e-06, 1e-06]}, "datetime": {"datetime": "2025-08-13 13:51:28", "elapsed": 14616.30027461052, "delta": 32.54999232292175}, "costs": {"total_cost": 1295.8054871069837, "time_cost": 150, "final_distance_cost": 42.52804587304017, "oscillation_cost": 4.424316740436251, "completition_cost": 1000.0, "overshoot_cost": 33.05881572774128, "power_cost": 29.60676168212891, "noise_cost": 36.187547083636865, "n_waypoints_completed": 0, "tot_waypoints": 9}}
{"target": -254.94474780395814, "params": {"k_pid_pos": [1.926154658147345, 0.10319366539738462, 0.1770786217219815], "k_pid_alt": [1.4360392028717825, 0.007851426991127921, 0.014647622619787545], "k_pid_att": [33.61973690429738, 7.789975563570397, 0.5101919277670386], "k_pid_yaw": [0.5, 1e-06, 0.1], "k_pid_hsp": [0.23351281226153023, 0.03745752681676687, 0.0], "k_pid_vsp": [174.89459564864796, 258.1066842486885, 0.3745377812208493]}, "datetime": {"datetime": "2025-08-13 13:51:50", "elapsed": 14638.050082206726, "delta": 21.749807596206665}, "costs": {"total_cost": 254.94474780395814, "time_cost": 86.226, "final_distance_cost": 1.7461139018450087, "oscillation_cost": 36.36525268332086, "completition_cost": 0.0, "overshoot_cost": 62.08381857692628, "power_cost": 28.56079970703125, "noise_cost": 39.96276293483476, "n_waypoints_completed": 9, "tot_waypoints": 9}}
{"target": -182.65405422920105, "params": {"k_pid_pos": [1.3776007657490605, 0.14641587016718607, 0.14285673009331598], "k_pid_alt": [1.7200253712787787, 0.0017553806966566794, 0.03447869693083492], "k_pid_att": [41.85408728899903, 5.900274230768659, 0.562780702877114], "k_pid_yaw": [0.5, 1e-06, 0.1], "k_pid_hsp": [0.7757903223924635, 0.016208719166152755, 0.0], "k_pid_vsp": [264.678530891745, 244.44285520457763, 0.23427185231128286]}, "datetime": {"datetime": "2025-08-13 13:52:09", "elapsed": 14657.471462965012, "delta": 19.421380758285522}, "costs": {"total_cost": 182.65405422920105, "time_cost": 68.467, "final_distance_cost": 1.8117490283196758, "oscillation_cost": 31.70073052769301, "completition_cost": 0.0, "overshoot_cost": 49.96907809194547, "power_cost": 11.222728588867188, "noise_cost": 19.482767992375695, "n_waypoints_completed": 9, "tot_waypoints": 9}}
{"target": -186.62225474766294, "params": {"k_pid_pos": [1.8990676576207906, 0.08220028187373497, 0.28151031061752346], "k_pid_alt": [2.0, 0.0, 0.0478186622830337], "k_pid_att": [21.10869649154092, 5.369301691925441, 0.2650713770864036], "k_pid_yaw": [0.5, 1e-06, 0.1], "k_pid_hsp": [0.6188515017242222, 0.026099738642616097, 0.0], "k_pid_vsp": [400.0, 191.02275044977637, 0.611783021643349]}, "datetime": {"datetime": "2025-08-13 13:52:30", "elapsed": 14678.691230773926, "delta": 21.219767808914185}, "costs": {"total_cost": 186.62225474766294, "time_cost": 68.173, "final_distance_cost": 1.7691054425107615, "oscillation_cost": 33.91183585190757, "completition_cost": 0.0, "overshoot_cost": 49.93950806285682, "power_cost": 13.055055541992187, "noise_cost": 19.773749848395607, "n_waypoints_completed": 9, "tot_waypoints": 9}}
{"target": -187.70352121630026, "params": {"k_pid_pos": [0.8993984467143262, 0.1555309308472751, 0.12011407405180476], "k_pid_alt": [1.4908826821764247, 0.0009439406695950907, 0.06034139730671989], "k_pid_att": [14.046173714626145, 4.865485058000885, 0.4569968334640842], "k_pid_yaw": [0.5, 1e-06, 0.1], "k_pid_hsp": [1.3060130833765615, 0.03573947166210629, 0.0], "k_pid_vsp": [152.07034362338237, 72.72060219292779, 0.2766231046818129]}, "datetime": {"datetime": "2025-08-13 13:52:49", "elapsed": 14697.672986745834, "delta": 18.98175597190857}, "costs": {"total_cost": 187.70352121630026, "time_cost": 71.022, "final_distance_cost": 1.8342839473492065, "oscillation_cost": 31.015266303293906, "completition_cost": 0.0, "overshoot_cost": 50.77871536690912, "power_cost": 12.400699584960938, "noise_cost": 20.65255601378709, "n_waypoints_completed": 9, "tot_waypoints": 9}}
{"target": -196.10097274657346, "params": {"k_pid_pos": [1.3732191401628002, 0.039875133819452686, 0.11311816820741238], "k_pid_alt": [1.6202495011157956, 0.0, 0.032945823155120534], "k_pid_att": [20.64108463426277, 6.629039221615365, 0.30637219005125665], "k_pid_yaw": [0.5, 1e-06, 0.1], "k_pid_hsp": [0.32216321791653274, 0.06765335451180106, 0.0], "k_pid_vsp": [118.91708698488678, 236.7987591735091, 0.03903970957348124]}, "datetime": {"datetime": "2025-08-13 13:53:08", "elapsed": 14716.97390627861, "delta": 19.30091953277588}, "costs": {"total_cost": 196.10097274657346, "time_cost": 69.405, "final_distance_cost": 1.823264382471988, "oscillation_cost": 33.11652963682468, "completition_cost": 0.0, "overshoot_cost": 50.49561110316972, "power_cost": 19.744896618652344, "noise_cost": 21.515671005454713, "n_waypoints_completed": 9, "tot_waypoints": 9}}
{"target": -182.5898959208079, "params": {"k_pid_pos": [1.2897188576485539, 0.1128316806397097, 0.4244068140250525], "k_pid_alt": [2.0, 0.0, 0.0405796254071421], "k_pid_att": [42.97397699115347, 6.551585256858517, 1.0], "k_pid_yaw": [0.5, 1e-06, 0.1], "k_pid_hsp": [0.5933488201977118, 0.027943421784757633, 0.0], "k_pid_vsp": [347.2160684721195, 44.78692499098639, 1e-06]}, "datetime": {"datetime": "2025-08-13 13:53:29", "elapsed": 14737.400913000107, "delta": 20.427006721496582}, "costs": {"total_cost": 182.5898959208079, "time_cost": 70.168, "final_distance_cost": 1.827285073951887, "oscillation_cost": 30.717286437009506, "completition_cost": 0.0, "overshoot_cost": 50.63901003399094, "power_cost": 9.761694555664063, "noise_cost": 19.47661982019147, "n_waypoints_completed": 9, "tot_waypoints": 9}}
{"target": -211.7787470263312, "params": {"k_pid_pos": [0.616390133659564, 0.08238166323065298, 0.23764367721286894], "k_pid_alt": [2.0, 0.0, 0.05440208277008299], "k_pid_att": [17.75452343536175, 7.684441857272096, 0.8493411007741519], "k_pid_yaw": [0.5, 1e-06, 0.1], "k_pid_hsp": [1.1597904890145407, 0.02521423937281043, 0.0], "k_pid_vsp": [333.64179799438915, 74.08475671399384, 0.20946931859771148]}, "datetime": {"datetime": "2025-08-13 13:53:53", "elapsed": 14761.220686912537, "delta": 23.81977391242981}, "costs": {"total_cost": 211.7787470263312, "time_cost": 78.232, "final_distance_cost": 1.842902151675215, "oscillation_cost": 30.051881456270205, "completition_cost": 0.0, "overshoot_cost": 52.1134819305377, "power_cost": 23.248091748046875, "noise_cost": 26.290389739801185, "n_waypoints_completed": 9, "tot_waypoints": 9}}
{"target": -236.00420622417292, "params": {"k_pid_pos": [0.3370392548700602, 0.10162788474650375, 0.3031430335877176], "k_pid_alt": [2.0, 0.0, 0.04888193469801255], "k_pid_att": [29.618696900647237, 6.051456779856601, 1.0], "k_pid_yaw": [0.5, 1e-06, 0.1], "k_pid_hsp": [1.2259319377078668, 0.036264232618221794, 0.0], "k_pid_vsp": [52.81441123793001, 213.21219593683657, 0.2089435501606076]}, "datetime": {"datetime": "2025-08-13 13:54:22", "elapsed": 14790.388026475906, "delta": 29.16733956336975}, "costs": {"total_cost": 236.00420622417292, "time_cost": 101.21300000000001, "final_distance_cost": 1.852075666616614, "oscillation_cost": 28.192196162169488, "completition_cost": 0.0, "overshoot_cost": 54.32374369336685, "power_cost": 18.692226965332033, "noise_cost": 31.730963736687936, "n_waypoints_completed": 9, "tot_waypoints": 9}}
{"target": -200.05824328034893, "params": {"k_pid_pos": [0.7184111048527034, 0.21560002596089342, 0.3142163385850467], "k_pid_alt": [2.0, 0.0, 0.04035217907798472], "k_pid_att": [36.37230859384379, 5.329077277011055, 0.899753888497096], "k_pid_yaw": [0.5, 1e-06, 0.1], "k_pid_hsp": [0.2570526931047949, 0.025497279339609186, 0.0], "k_pid_vsp": [241.09323595184915, 1e-06, 0.5377314095004976]}, "datetime": {"datetime": "2025-08-13 13:54:44", "elapsed": 14812.729544639587, "delta": 22.34151816368103}, "costs": {"total_cost": 200.05824328034893, "time_cost": 79.94, "final_distance_cost": 1.8303525005078696, "oscillation_cost": 26.35071649809299, "completition_cost": 0.0, "overshoot_cost": 52.5690469419995, "power_cost": 15.48945985107422, "noise_cost": 23.878667488674328, "n_waypoints_completed": 9, "tot_waypoints": 9}}
{"target": -197.0168927381284, "params": {"k_pid_pos": [1.9323176500768617, 0.11362561376334823, 0.2632525982947352], "k_pid_alt": [2.0, 0.0, 0.043908188813459925], "k_pid_att": [50.73759120520803, 5.664564346196658, 0.0], "k_pid_yaw": [0.5, 1e-06, 0.1], "k_pid_hsp": [0.5509574074353034, 0.025684133922837502, 0.0], "k_pid_vsp": [322.6697994057207, 400.0, 0.30967766912606054]}, "datetime": {"datetime": "2025-08-13 13:55:04", "elapsed": 14832.091136932373, "delta": 19.361592292785645}, "costs": {"total_cost": 197.0168927381284, "time_cost": 68.95700000000001, "final_distance_cost": 1.7785619795508874, "oscillation_cost": 38.85209838523147, "completition_cost": 0.0, "overshoot_cost": 50.79554265081126, "power_cost": 15.990230139160158, "noise_cost": 20.64345958337463, "n_waypoints_completed": 9, "tot_waypoints": 9}}
{"target": -187.90654012190313, "params": {"k_pid_pos": [1.534698970305471, 0.06294796821161411, 0.20894157184085868], "k_pid_alt": [1.2768747857412175, 0.0, 0.049303991071264465], "k_pid_att": [34.39651293145077, 4.661421984136318, 0.8588399130155965], "k_pid_yaw": [0.5, 1e-06, 0.1], "k_pid_hsp": [0.9227178679931528, 0.05081413040884911, 0.0], "k_pid_vsp": [400.0, 182.821317616751, 0.06703243668356944]}, "datetime": {"datetime": "2025-08-13 13:55:25", "elapsed": 14853.038383483887, "delta": 20.947246551513672}, "costs": {"total_cost": 187.90654012190313, "time_cost": 68.922, "final_distance_cost": 1.8179209358862052, "oscillation_cost": 32.04022133751989, "completition_cost": 0.0, "overshoot_cost": 50.159268528613815, "power_cost": 14.647898779296876, "noise_cost": 20.31923054058637, "n_waypoints_completed": 9, "tot_waypoints": 9}}
{"target": -195.38862532875817, "params": {"k_pid_pos": [0.5251390038581917, 0.2497968803761443, 0.3490849212715326], "k_pid_alt": [2.0, 0.007215388946293617, 0.03368452282567378], "k_pid_att": [33.08998010187366, 4.900409932371112, 0.3478596957272276], "k_pid_yaw": [0.5, 1e-06, 0.1], "k_pid_hsp": [0.5158820405571063, 0.029372010335287902, 0.0], "k_pid_vsp": [227.2649608710036, 178.83985283397328, 0.29567056742779624]}, "datetime": {"datetime": "2025-08-13 13:55:51", "elapsed": 14879.480827331543, "delta": 26.44244384765625}, "costs": {"total_cost": 195.38862532875817, "time_cost": 80.78, "final_distance_cost": 1.8403803760495552, "oscillation_cost": 25.975396633335308, "completition_cost": 0.0, "overshoot_cost": 51.99430060700273, "power_cost": 11.656417089843751, "noise_cost": 23.142130622526814, "n_waypoints_completed": 9, "tot_waypoints": 9}}
{"target": -191.85015250060633, "params": {"k_pid_pos": [1.0606219387415476, 0.1275668228778384, 0.33295380515377765], "k_pid_alt": [2.0, 0.0015712227910885243, 0.05045281183698245], "k_pid_att": [22.069856876375155, 8.78718223085281, 0.9761862585799306], "k_pid_yaw": [0.5, 1e-06, 0.1], "k_pid_hsp": [0.4243721419619062, 0.03977476624739226, 0.0], "k_pid_vsp": [378.34948968961703, 189.05138882244364, 0.10536827892567473]}, "datetime": {"datetime": "2025-08-13 13:56:15", "elapsed": 14903.050642728806, "delta": 23.569815397262573}, "costs": {"total_cost": 191.85015250060633, "time_cost": 70.245, "final_distance_cost": 1.8256487384636608, "oscillation_cost": 29.487686380119797, "completition_cost": 0.0, "overshoot_cost": 50.58388219043561, "power_cost": 17.62471042480469, "noise_cost": 22.083224766782568, "n_waypoints_completed": 9, "tot_waypoints": 9}}
{"target": -184.80951714128653, "params": {"k_pid_pos": [1.7084960063027326, 0.1895762982867131, 0.24576589530843918], "k_pid_alt": [1.5082313019457947, 0.006658936798515591, 0.039612490930965354], "k_pid_att": [36.260289415695176, 7.312675250823386, 0.34219099628925825], "k_pid_yaw": [0.5, 1e-06, 0.1], "k_pid_hsp": [0.551816528463638, 0.054379786658863505, 0.0], "k_pid_vsp": [271.00274703848885, 400.0, 0.24566991551548215]}, "datetime": {"datetime": "2025-08-13 13:56:36", "elapsed": 14924.809083223343, "delta": 21.758440494537354}, "costs": {"total_cost": 184.80951714128653, "time_cost": 68.376, "final_distance_cost": 1.76616869470481, "oscillation_cost": 33.52562641268797, "completition_cost": 0.0, "overshoot_cost": 49.72819144320426, "power_cost": 12.069463940429689, "noise_cost": 19.34406665025978, "n_waypoints_completed": 9, "tot_waypoints": 9}}
{"target": -187.2927458000134, "params": {"k_pid_pos": [0.9098283553525802, 0.053853183826128644, 0.26846003934201573], "k_pid_alt": [2.0, 0.006394447218544653, 0.04583691640527751], "k_pid_att": [22.51140112092479, 1.563966159300308, 0.8726167478416528], "k_pid_yaw": [0.5, 1e-06, 0.1], "k_pid_hsp": [1.137102084184962, 0.06228958823092301, 0.0], "k_pid_vsp": [105.77505642367436, 146.34853151028904, 0.206187857831708]}, "datetime": {"datetime": "2025-08-13 13:56:59", "elapsed": 14947.123525619507, "delta": 22.31444239616394}, "costs": {"total_cost": 187.2927458000134, "time_cost": 70.679, "final_distance_cost": 1.844427759721962, "oscillation_cost": 30.53111380194107, "completition_cost": 0.0, "overshoot_cost": 50.48538655909873, "power_cost": 12.792173388671875, "noise_cost": 20.96064429057976, "n_waypoints_completed": 9, "tot_waypoints": 9}}
{"target": -197.53753957300074, "params": {"k_pid_pos": [1.716678874338658, 0.1492517902375331, 0.3260894267681324], "k_pid_alt": [1.490398711838284, 0.0, 0.04866535155704612], "k_pid_att": [9.13011158505999, 6.602330848917006, 0.17605956127486186], "k_pid_yaw": [0.5, 1e-06, 0.1], "k_pid_hsp": [0.15360142526455364, 0.05612105183140203, 0.0], "k_pid_vsp": [280.1821493851492, 219.04493381625835, 0.401647199680464]}, "datetime": {"datetime": "2025-08-13 13:57:20", "elapsed": 14968.49687552452, "delta": 21.373349905014038}, "costs": {"total_cost": 197.53753957300074, "time_cost": 70.98, "final_distance_cost": 1.7957650996194805, "oscillation_cost": 38.48903161388423, "completition_cost": 0.0, "overshoot_cost": 50.08929392703631, "power_cost": 15.295916442871095, "noise_cost": 20.887532489589617, "n_waypoints_completed": 9, "tot_waypoints": 9}}
{"target": -204.7355779395009, "params": {"k_pid_pos": [1.8999447172675037, 0.19614555997894953, 0.3491961881722843], "k_pid_alt": [1.521625930831896, 0.0016772635353535872, 0.10425719886191676], "k_pid_att": [26.77318044889758, 5.570633220766999, 1.0], "k_pid_yaw": [0.5, 1e-06, 0.1], "k_pid_hsp": [0.09363505926793152, 0.04399837350031235, 0.0], "k_pid_vsp": [150.29701134978976, 260.9247095980041, 0.2619490268037837]}, "datetime": {"datetime": "2025-08-13 13:57:39", "elapsed": 14987.787652492523, "delta": 19.29077696800232}, "costs": {"total_cost": 204.7355779395009, "time_cost": 74.648, "final_distance_cost": 1.7562088399177889, "oscillation_cost": 42.194685775978776, "completition_cost": 0.0, "overshoot_cost": 51.27889082193568, "power_cost": 13.552667260742188, "noise_cost": 21.305125240926454, "n_waypoints_completed": 9, "tot_waypoints": 9}}
{"target": -191.43003536255773, "params": {"k_pid_pos": [1.436310473475139, 0.16955188540030738, 0.09928317942435555], "k_pid_alt": [1.3690519199786408, 0.0, 0.04598671086592754], "k_pid_att": [9.154720836985403, 8.19259640969098, 1.0], "k_pid_yaw": [0.5, 1e-06, 0.1], "k_pid_hsp": [0.388840014706796, 0.05957393971160241, 0.0], "k_pid_vsp": [258.9407329327588, 217.37109805981686, 0.14676922313974636]}, "datetime": {"datetime": "2025-08-13 13:57:59", "elapsed": 15007.09522652626, "delta": 19.307574033737183}, "costs": {"total_cost": 191.43003536255773, "time_cost": 69.07600000000001, "final_distance_cost": 1.8067636825777647, "oscillation_cost": 35.680047802273485, "completition_cost": 0.0, "overshoot_cost": 49.801825050677266, "power_cost": 14.901412841796876, "noise_cost": 20.163985985232323, "n_waypoints_completed": 9, "tot_waypoints": 9}}
{"target": -190.95903722219109, "params": {"k_pid_pos": [1.2542647212060538, 0.17742343350803905, 0.1520878877955263], "k_pid_alt": [1.8461569664282964, 0.0013018244847546893, 0.01660081280972735], "k_pid_att": [28.35673098635931, 5.0767979436336, 0.5478647461593201], "k_pid_yaw": [0.5, 1e-06, 0.1], "k_pid_hsp": [1.42657109881237, 0.05624478453886625, 0.0], "k_pid_vsp": [351.11403630948865, 278.2118906859755, 0.20333203756090315]}, "datetime": {"datetime": "2025-08-13 13:58:19", "elapsed": 15027.032074451447, "delta": 19.936847925186157}, "costs": {"total_cost": 190.95903722219109, "time_cost": 69.552, "final_distance_cost": 1.8054892130027504, "oscillation_cost": 32.83621206258425, "completition_cost": 0.0, "overshoot_cost": 50.61232514107628, "power_cost": 15.406492932128907, "noise_cost": 20.746517873398876, "n_waypoints_completed": 9, "tot_waypoints": 9}}
