{"target": -188.25985845825383, "params": {"k_pid_pos": [0.851777085403513, 0.056971470258483085, 0.31534101505916984], "k_pid_alt": [1.3855789684622766, 0.0, 0.025169560315892597], "k_pid_att": [9.326249025000749, 3.5087943654979714, 0.6634389239929313], "k_pid_yaw": [0.5, 1e-06, 0.1], "k_pid_hsp": [0.27893638946215477, 0.02127999049087261, 0.0], "k_pid_vsp": [304.30008931776274, 88.40815646374809, 0.16102601111441833]}, "datetime": {"datetime": "2025-08-13 19:42:56", "elapsed": 35704.460020542145, "delta": 17.78676176071167}, "costs": {"total_cost": 188.25985845825383, "time_cost": 72.107, "final_distance_cost": 1.8500126059905113, "oscillation_cost": 27.94596194781315, "completition_cost": 0.0, "overshoot_cost": 50.24368954271191, "power_cost": 14.183475720214844, "noise_cost": 21.929718641523404, "n_waypoints_completed": 9, "tot_waypoints": 9}}
{"target": -194.21457181292539, "params": {"k_pid_pos": [0.9822419471136475, 0.051889480390744404, 0.29687196531874105], "k_pid_alt": [1.3030121815253757, 0.0, 0.02508916078375467], "k_pid_att": [6.474857855156159, 4.023282161621083, 0.69593901896106], "k_pid_yaw": [0.5, 1e-06, 0.1], "k_pid_hsp": [0.21072745447078378, 0.013223874103547329, 0.0], "k_pid_vsp": [342.1866603344312, 73.03701669752878, 0.13503939203643403]}, "datetime": {"datetime": "2025-08-13 19:43:14", "elapsed": 35722.24282002449, "delta": 17.78279948234558}, "costs": {"total_cost": 194.21457181292539, "time_cost": 71.12, "final_distance_cost": 1.8379200619557847, "oscillation_cost": 29.24966887510031, "completition_cost": 0.0, "overshoot_cost": 50.811679741526724, "power_cost": 18.934768395996095, "noise_cost": 22.260534738346493, "n_waypoints_completed": 9, "tot_waypoints": 9}}
{"target": -205.27265104410495, "params": {"k_pid_pos": [1.012742940386442, 0.0383110581738996, 0.2349272267183118], "k_pid_alt": [1.298284463988631, 0.0, 0.02853987740587491], "k_pid_att": [7.830856054367338, 3.7765391155872963, 0.9559650560496321], "k_pid_yaw": [0.5, 1e-06, 0.1], "k_pid_hsp": [0.17784352558281913, 0.010496407990042369, 0.0], "k_pid_vsp": [254.9827331099381, 101.12250065686366, 0.16965958684842766]}, "datetime": {"datetime": "2025-08-13 19:43:30", "elapsed": 35738.792526483536, "delta": 16.54970645904541}, "costs": {"total_cost": 205.27265104410495, "time_cost": 72.97500000000001, "final_distance_cost": 1.8287135968881867, "oscillation_cost": 30.602134193160985, "completition_cost": 0.0, "overshoot_cost": 52.63033439162442, "power_cost": 23.838064062500003, "noise_cost": 23.398404799931342, "n_waypoints_completed": 9, "tot_waypoints": 9}}
{"target": -185.8466808939997, "params": {"k_pid_pos": [0.6957539995058809, 0.053837620489875594, 0.3136270128414399], "k_pid_alt": [1.4326011461036086, 0.0, 0.031187285993221476], "k_pid_att": [10.108014390001534, 3.8176755164758176, 0.5277158819220914], "k_pid_yaw": [0.5, 1e-06, 0.1], "k_pid_hsp": [0.2057865888501296, 0.010736645454813598, 0.0], "k_pid_vsp": [293.67614054803613, 144.57041969306945, 0.12822183353322814]}, "datetime": {"datetime": "2025-08-13 19:43:49", "elapsed": 35757.19485831261, "delta": 18.402331829071045}, "costs": {"total_cost": 185.8466808939997, "time_cost": 74.592, "final_distance_cost": 1.8510781285188775, "oscillation_cost": 25.858561785193647, "completition_cost": 0.0, "overshoot_cost": 50.76308522380489, "power_cost": 11.129480505371093, "noise_cost": 21.652475251111145, "n_waypoints_completed": 9, "tot_waypoints": 9}}
{"target": -193.84865560676033, "params": {"k_pid_pos": [0.7013489162479741, 0.056147614629995624, 0.3062217832126312], "k_pid_alt": [1.704055570462751, 0.0, 0.029394960267964527], "k_pid_att": [10.571494429885771, 5.126804161279505, 0.5817117818991643], "k_pid_yaw": [0.5, 1e-06, 0.1], "k_pid_hsp": [0.2801185075746066, 0.015597009548725954, 0.0], "k_pid_vsp": [357.31430019656386, 97.84539592872888, 0.15777804518745356]}, "datetime": {"datetime": "2025-08-13 19:44:08", "elapsed": 35776.02677702904, "delta": 18.831918716430664}, "costs": {"total_cost": 193.84865560676033, "time_cost": 75.257, "final_distance_cost": 1.842272214361892, "oscillation_cost": 26.630690482134497, "completition_cost": 0.0, "overshoot_cost": 51.192397517099174, "power_cost": 15.732244689941407, "noise_cost": 23.194050703223365, "n_waypoints_completed": 9, "tot_waypoints": 9}}
{"target": -198.8025999555306, "params": {"k_pid_pos": [0.641106963918784, 0.06300983417502602, 0.17569127581547148], "k_pid_alt": [0.826750017840053, 0.0, 0.03294864466609564], "k_pid_att": [8.826621329226008, 4.786438517096575, 0.5672974632855495], "k_pid_yaw": [0.5, 1e-06, 0.1], "k_pid_hsp": [0.23696610177676633, 0.009845813098343354, 0.0], "k_pid_vsp": [285.0238351432519, 144.05902395597062, 0.13985778035176413]}, "datetime": {"datetime": "2025-08-13 19:44:26", "elapsed": 35794.299845695496, "delta": 18.27306866645813}, "costs": {"total_cost": 198.8025999555306, "time_cost": 76.839, "final_distance_cost": 1.840615762049848, "oscillation_cost": 26.75024569930924, "completition_cost": 0.0, "overshoot_cost": 51.19549873990465, "power_cost": 18.30313203125, "noise_cost": 23.874107723016866, "n_waypoints_completed": 9, "tot_waypoints": 9}}
{"target": -185.01524004681306, "params": {"k_pid_pos": [0.9556644333919371, 0.05384777030231965, 0.23638508916235187], "k_pid_alt": [1.350578109069797, 0.0, 0.025689234686155648], "k_pid_att": [8.093581220276429, 4.564111744964231, 0.8437444443799267], "k_pid_yaw": [0.5, 1e-06, 0.1], "k_pid_hsp": [0.16270115855913292, 0.013582332989743937, 0.0], "k_pid_vsp": [287.2977574547668, 63.01175345639066, 0.20540852903166043]}, "datetime": {"datetime": "2025-08-13 19:44:42", "elapsed": 35810.53554534912, "delta": 16.23569965362549}, "costs": {"total_cost": 185.01524004681306, "time_cost": 69.734, "final_distance_cost": 1.829061323264874, "oscillation_cost": 28.072644513985864, "completition_cost": 0.0, "overshoot_cost": 50.32349728792508, "power_cost": 14.274776501464844, "noise_cost": 20.781260420172398, "n_waypoints_completed": 9, "tot_waypoints": 9}}
{"target": -190.6258426638525, "params": {"k_pid_pos": [0.6549602905159071, 0.04530556682630712, 0.3168464579639598], "k_pid_alt": [1.3803216815585027, 0.0, 0.029459301398197846], "k_pid_att": [11.160347131435708, 4.350923484695146, 0.6961958573255406], "k_pid_yaw": [0.5, 1e-06, 0.1], "k_pid_hsp": [0.18909827586175296, 0.013503665544107294, 0.0], "k_pid_vsp": [254.84460157151565, 94.28266287096467, 0.17028685825330483]}, "datetime": {"datetime": "2025-08-13 19:45:00", "elapsed": 35828.386327028275, "delta": 17.850781679153442}, "costs": {"total_cost": 190.6258426638525, "time_cost": 75.628, "final_distance_cost": 1.8455438540820561, "oscillation_cost": 25.31083222840374, "completition_cost": 0.0, "overshoot_cost": 51.18668255983885, "power_cost": 13.720220043945313, "noise_cost": 22.93456397758255, "n_waypoints_completed": 9, "tot_waypoints": 9}}
{"target": -181.34846118288638, "params": {"k_pid_pos": [1.1665736901029813, 0.04913679548031293, 0.21373606810115334], "k_pid_alt": [1.3853993402911915, 0.0, 0.03277191027771336], "k_pid_att": [9.436895539474593, 4.631437895570191, 0.664899379862833], "k_pid_yaw": [0.5, 1e-06, 0.1], "k_pid_hsp": [0.17688043073329884, 0.01597983263488198, 0.0], "k_pid_vsp": [251.95402202970914, 138.01180201611365, 0.20480801209679914]}, "datetime": {"datetime": "2025-08-13 19:45:16", "elapsed": 35844.51520371437, "delta": 16.12887668609619}, "costs": {"total_cost": 181.34846118288638, "time_cost": 68.60000000000001, "final_distance_cost": 1.8113198248415676, "oscillation_cost": 30.337092870318052, "completition_cost": 0.0, "overshoot_cost": 49.88509744026651, "power_cost": 11.28488515625, "noise_cost": 19.430065891210223, "n_waypoints_completed": 9, "tot_waypoints": 9}}
{"target": -202.25884962467623, "params": {"k_pid_pos": [0.7627458338675459, 0.04891727778092534, 0.3176680816170973], "k_pid_alt": [1.4116357841916223, 0.0, 0.027432090365944864], "k_pid_att": [9.611145904028481, 3.2681598327110613, 0.484139291569967], "k_pid_yaw": [0.5, 1e-06, 0.1], "k_pid_hsp": [0.20346720240509766, 0.015950573511879885, 0.0], "k_pid_vsp": [213.21592616441043, 119.30841993995143, 0.2061110675771319]}, "datetime": {"datetime": "2025-08-13 19:45:34", "elapsed": 35862.092822790146, "delta": 17.577619075775146}, "costs": {"total_cost": 202.25884962467623, "time_cost": 74.56400000000001, "final_distance_cost": 1.8434077204341515, "oscillation_cost": 26.865620579038346, "completition_cost": 0.0, "overshoot_cost": 51.59418345927387, "power_cost": 22.90525096435547, "noise_cost": 24.48638690157437, "n_waypoints_completed": 9, "tot_waypoints": 9}}
{"target": -184.53779704099622, "params": {"k_pid_pos": [1.0788447466849045, 0.05190322556166321, 0.20857898938065264], "k_pid_alt": [1.360896990988086, 0.0, 0.02371517911610439], "k_pid_att": [8.836235907184326, 3.6242122883323495, 0.5106121085469544], "k_pid_yaw": [0.5, 1e-06, 0.1], "k_pid_hsp": [0.2222899389684445, 0.015319666394683929, 0.0], "k_pid_vsp": [255.5838986965125, 129.73627854725066, 0.20982862659699034]}, "datetime": {"datetime": "2025-08-13 19:45:51", "elapsed": 35879.04962158203, "delta": 16.956798791885376}, "costs": {"total_cost": 184.53779704099622, "time_cost": 69.23, "final_distance_cost": 1.8315715185470762, "oscillation_cost": 29.346788379424446, "completition_cost": 0.0, "overshoot_cost": 50.46589971664893, "power_cost": 13.42884852294922, "noise_cost": 20.23468890342655, "n_waypoints_completed": 9, "tot_waypoints": 9}}
{"target": -182.86547776520666, "params": {"k_pid_pos": [0.878394232471632, 0.057296410177930586, 0.26929742051428374], "k_pid_alt": [1.2929975266530835, 0.0, 0.0287733005617606], "k_pid_att": [9.904506993186738, 4.198660207617572, 0.3754397106156111], "k_pid_yaw": [0.5, 1e-06, 0.1], "k_pid_hsp": [0.21985475177472624, 0.012033008782008142, 0.0], "k_pid_vsp": [243.54289025108923, 114.40426271311951, 0.15512293094554785]}, "datetime": {"datetime": "2025-08-13 19:46:07", "elapsed": 35895.2174551487, "delta": 16.16783356666565}, "costs": {"total_cost": 182.86547776520666, "time_cost": 70.861, "final_distance_cost": 1.8341194532573832, "oscillation_cost": 27.088421353722413, "completition_cost": 0.0, "overshoot_cost": 50.140285955843666, "power_cost": 12.324984802246094, "noise_cost": 20.616666200137104, "n_waypoints_completed": 9, "tot_waypoints": 9}}
{"target": -178.1809413836698, "params": {"k_pid_pos": [1.0830217209222806, 0.05116536065113761, 0.2965763882806846], "k_pid_alt": [1.5149277852071783, 0.0, 0.03328059766896302], "k_pid_att": [9.191890238426716, 3.9685848689628536, 0.7563672301872791], "k_pid_yaw": [0.5, 1e-06, 0.1], "k_pid_hsp": [0.2019165793175098, 0.01954359573199087, 0.0], "k_pid_vsp": [296.45537129140774, 109.82225250742535, 0.13056659469559737]}, "datetime": {"datetime": "2025-08-13 19:46:23", "elapsed": 35911.381910800934, "delta": 16.16445565223694}, "costs": {"total_cost": 178.1809413836698, "time_cost": 68.803, "final_distance_cost": 1.8284366566411066, "oscillation_cost": 29.263401462511535, "completition_cost": 0.0, "overshoot_cost": 49.31995541460686, "power_cost": 9.724746228027344, "noise_cost": 19.24140162188294, "n_waypoints_completed": 9, "tot_waypoints": 9}}
{"target": -192.82768955681436, "params": {"k_pid_pos": [1.2109889358508792, 0.04230333136844591, 0.3369322696969214], "k_pid_alt": [1.5352610297097538, 0.0, 0.026349175363904617], "k_pid_att": [7.519743817024499, 4.957582250636168, 0.7112979457530767], "k_pid_yaw": [0.5, 1e-06, 0.1], "k_pid_hsp": [0.21138303520645538, 0.01699253293147475, 0.0], "k_pid_vsp": [243.438902438549, 95.7103158769138, 0.1429566812097103]}, "datetime": {"datetime": "2025-08-13 19:46:39", "elapsed": 35927.63276267052, "delta": 16.25085186958313}, "costs": {"total_cost": 192.82768955681436, "time_cost": 69.601, "final_distance_cost": 1.8362149241190406, "oscillation_cost": 30.73389592716367, "completition_cost": 0.0, "overshoot_cost": 50.10212541931971, "power_cost": 18.553870471191406, "noise_cost": 22.000582815020554, "n_waypoints_completed": 9, "tot_waypoints": 9}}
{"target": -205.67375089011966, "params": {"k_pid_pos": [0.9280092260830349, 0.052137438155619976, 0.32905542187484543], "k_pid_alt": [1.3274873658703927, 0.0, 0.02698535300617601], "k_pid_att": [8.246388302301161, 3.955327266649098, 0.5411101736640492], "k_pid_yaw": [0.5, 1e-06, 0.1], "k_pid_hsp": [0.2227602720252735, 0.01688720776353199, 0.0], "k_pid_vsp": [265.8610485234476, 108.16778788262593, 0.20314528989175673]}, "datetime": {"datetime": "2025-08-13 19:46:57", "elapsed": 35945.31877422333, "delta": 17.68601155281067}, "costs": {"total_cost": 205.67375089011966, "time_cost": 75.138, "final_distance_cost": 1.8453542964403713, "oscillation_cost": 28.55836993140163, "completition_cost": 0.0, "overshoot_cost": 53.018073369400916, "power_cost": 23.097453649902345, "noise_cost": 24.016499642974406, "n_waypoints_completed": 9, "tot_waypoints": 9}}
{"target": -181.54195754607858, "params": {"k_pid_pos": [0.9552748337538932, 0.05260035513050355, 0.2810662631737648], "k_pid_alt": [1.6785443134640348, 0.0, 0.02409426955637914], "k_pid_att": [11.033648313150143, 4.404905512132392, 0.41490764449940687], "k_pid_yaw": [0.5, 1e-06, 0.1], "k_pid_hsp": [0.17893216384218655, 0.00806222464983645, 0.0], "k_pid_vsp": [242.72424887859052, 95.2334080659868, 0.16432366408763824]}, "datetime": {"datetime": "2025-08-13 19:47:14", "elapsed": 35962.23001408577, "delta": 16.911239862442017}, "costs": {"total_cost": 181.54195754607858, "time_cost": 69.566, "final_distance_cost": 1.8346028113165096, "oscillation_cost": 26.814899499704158, "completition_cost": 0.0, "overshoot_cost": 50.261866585057945, "power_cost": 12.626095825195312, "noise_cost": 20.438492824804644, "n_waypoints_completed": 9, "tot_waypoints": 9}}
{"target": -184.71743144472305, "params": {"k_pid_pos": [0.9554213498260854, 0.055859015808459915, 0.3497313457536045], "k_pid_alt": [1.619851772111269, 0.0, 0.027884407013316046], "k_pid_att": [9.162874708563297, 4.751227702393324, 0.6566232665680344], "k_pid_yaw": [0.5, 1e-06, 0.1], "k_pid_hsp": [0.1849187665048961, 0.015707112885529496, 0.0], "k_pid_vsp": [352.5647783096562, 129.7462571610692, 0.16123236664995966]}, "datetime": {"datetime": "2025-08-13 19:47:30", "elapsed": 35978.49609351158, "delta": 16.266079425811768}, "costs": {"total_cost": 184.71743144472305, "time_cost": 70.273, "final_distance_cost": 1.8466740125531413, "oscillation_cost": 26.837099373725923, "completition_cost": 0.0, "overshoot_cost": 50.6773725295582, "power_cost": 14.048906958007812, "noise_cost": 21.034378570877973, "n_waypoints_completed": 9, "tot_waypoints": 9}}
{"target": -188.87354534427064, "params": {"k_pid_pos": [0.6497767025100372, 0.057482246959155485, 0.2983857326057681], "k_pid_alt": [1.7530906054040407, 0.0, 0.01639840152437692], "k_pid_att": [8.686169559535342, 4.23948811469022, 0.6409914672613911], "k_pid_yaw": [0.5, 1e-06, 0.1], "k_pid_hsp": [0.16764586601485956, 0.013638485627512645, 0.0], "k_pid_vsp": [267.38077431351263, 109.09011612297273, 0.20909476641912983]}, "datetime": {"datetime": "2025-08-13 19:47:48", "elapsed": 35996.08442091942, "delta": 17.588327407836914}, "costs": {"total_cost": 188.87354534427064, "time_cost": 74.34, "final_distance_cost": 1.850959322921894, "oscillation_cost": 25.490502465302367, "completition_cost": 0.0, "overshoot_cost": 51.1301510576354, "power_cost": 13.607087414550781, "noise_cost": 22.454845083860203, "n_waypoints_completed": 9, "tot_waypoints": 9}}
{"target": -183.56941787031266, "params": {"k_pid_pos": [0.7442139976722197, 0.04586535615369989, 0.4223279842383107], "k_pid_alt": [1.1054847610640466, 0.0, 0.030354227501116243], "k_pid_att": [6.779130760910941, 4.371330372679658, 0.6368736356235422], "k_pid_yaw": [0.5, 1e-06, 0.1], "k_pid_hsp": [0.14789134336099435, 0.01440734369398042, 0.0], "k_pid_vsp": [208.76127798694438, 95.60658066758816, 0.14727237639177632]}, "datetime": {"datetime": "2025-08-13 19:48:05", "elapsed": 36013.255784511566, "delta": 17.171363592147827}, "costs": {"total_cost": 183.56941787031266, "time_cost": 74.872, "final_distance_cost": 1.8495839083775139, "oscillation_cost": 25.439710726510377, "completition_cost": 0.0, "overshoot_cost": 50.81466419266054, "power_cost": 9.725360424804688, "noise_cost": 20.86809861795955, "n_waypoints_completed": 9, "tot_waypoints": 9}}
{"target": -182.78920887385118, "params": {"k_pid_pos": [0.9336324842151312, 0.04026208107168588, 0.3402320390193065], "k_pid_alt": [1.7326072675553952, 0.0, 0.028526716306667154], "k_pid_att": [10.286557024034607, 3.3645937777984742, 0.4577747337167475], "k_pid_yaw": [0.5, 1e-06, 0.1], "k_pid_hsp": [0.18340878276108571, 0.013464477465865156, 0.0], "k_pid_vsp": [258.4290934432879, 119.43604068998047, 0.2530196744463114]}, "datetime": {"datetime": "2025-08-13 19:48:22", "elapsed": 36030.868114709854, "delta": 17.612330198287964}, "costs": {"total_cost": 182.78920887385118, "time_cost": 70.07000000000001, "final_distance_cost": 1.836900007984044, "oscillation_cost": 26.510741886289676, "completition_cost": 0.0, "overshoot_cost": 50.434220602487876, "power_cost": 13.08689599609375, "noise_cost": 20.85045038099581, "n_waypoints_completed": 9, "tot_waypoints": 9}}
{"target": -188.91826092808495, "params": {"k_pid_pos": [1.0153280532285995, 0.050345200574536064, 0.31487222745102583], "k_pid_alt": [1.6246878676781507, 0.0, 0.032171617188858484], "k_pid_att": [9.86020339885509, 3.7634224515318078, 0.5623862561351659], "k_pid_yaw": [0.5, 1e-06, 0.1], "k_pid_hsp": [0.22345731387147105, 0.01388584152572081, 0.0], "k_pid_vsp": [362.59166214635115, 113.14108070229236, 0.15229677916170534]}, "datetime": {"datetime": "2025-08-13 19:48:40", "elapsed": 36048.49896812439, "delta": 17.630853414535522}, "costs": {"total_cost": 188.91826092808495, "time_cost": 70.308, "final_distance_cost": 1.838772860969296, "oscillation_cost": 27.505579707007527, "completition_cost": 0.0, "overshoot_cost": 50.40119700551867, "power_cost": 17.062334667968752, "noise_cost": 21.802376686620697, "n_waypoints_completed": 9, "tot_waypoints": 9}}
{"target": -187.11473790181614, "params": {"k_pid_pos": [0.8532971733195437, 0.06003937688099641, 0.29377819277648276], "k_pid_alt": [2.0, 0.0, 0.016083536405628023], "k_pid_att": [6.088800798521588, 4.365353324801899, 0.5646278018242507], "k_pid_yaw": [0.5, 1e-06, 0.1], "k_pid_hsp": [0.21237996250386537, 0.02286191797277291, 0.0], "k_pid_vsp": [316.6374298654515, 114.97487415088578, 0.14185731313089447]}, "datetime": {"datetime": "2025-08-13 19:48:57", "elapsed": 36065.82438969612, "delta": 17.325421571731567}, "costs": {"total_cost": 187.11473790181614, "time_cost": 70.875, "final_distance_cost": 1.8430263616080353, "oscillation_cost": 27.688505180147068, "completition_cost": 0.0, "overshoot_cost": 50.61256326230816, "power_cost": 14.554451013183595, "noise_cost": 21.541192084569314, "n_waypoints_completed": 9, "tot_waypoints": 9}}
{"target": -190.9807399624089, "params": {"k_pid_pos": [0.9681043513378061, 0.04113829646207527, 0.35887097655944067], "k_pid_alt": [1.261511545471458, 0.0, 0.0310006989908833], "k_pid_att": [11.729950036396104, 3.8591625302055093, 0.5144683363307131], "k_pid_yaw": [0.5, 1e-06, 0.1], "k_pid_hsp": [0.21628747482563027, 0.01469910928277044, 0.0], "k_pid_vsp": [360.1551115693481, 132.24361750346486, 0.16027020490289437]}, "datetime": {"datetime": "2025-08-13 19:49:14", "elapsed": 36082.957610845566, "delta": 17.13322114944458}, "costs": {"total_cost": 190.9807399624089, "time_cost": 70.952, "final_distance_cost": 1.8476573833907242, "oscillation_cost": 27.043791129772703, "completition_cost": 0.0, "overshoot_cost": 50.50369637197624, "power_cost": 18.301271704101563, "noise_cost": 22.332323373167668, "n_waypoints_completed": 9, "tot_waypoints": 9}}
{"target": -187.10040061877038, "params": {"k_pid_pos": [0.803516578702994, 0.04259803308288652, 0.2893138247926978], "k_pid_alt": [1.5453787418753875, 0.0, 0.025579541764143548], "k_pid_att": [11.094443183146192, 4.68057886340258, 0.7985896057209964], "k_pid_yaw": [0.5, 1e-06, 0.1], "k_pid_hsp": [0.2483465412114844, 0.017574410076024633, 0.0], "k_pid_vsp": [353.91905701494915, 122.38679322274301, 0.15729701909400617]}, "datetime": {"datetime": "2025-08-13 19:49:32", "elapsed": 36100.9431450367, "delta": 17.985534191131592}, "costs": {"total_cost": 187.10040061877038, "time_cost": 72.394, "final_distance_cost": 1.8442615275378633, "oscillation_cost": 27.380392179190963, "completition_cost": 0.0, "overshoot_cost": 50.11194903937868, "power_cost": 13.569750683593751, "noise_cost": 21.800047189069133, "n_waypoints_completed": 9, "tot_waypoints": 9}}
{"target": -199.163494996767, "params": {"k_pid_pos": [0.886591046957404, 0.06393318484704132, 0.2982213941217923], "k_pid_alt": [1.0481640323933918, 0.0, 0.026126473059484383], "k_pid_att": [9.128876261866099, 4.212051247129057, 0.7193095094077216], "k_pid_yaw": [0.5, 1e-06, 0.1], "k_pid_hsp": [0.19779409553644203, 0.016678357399444954, 0.0], "k_pid_vsp": [323.17444218318633, 120.9012095443341, 0.17803840116449096]}, "datetime": {"datetime": "2025-08-13 19:49:50", "elapsed": 36118.3243560791, "delta": 17.381211042404175}, "costs": {"total_cost": 199.163494996767, "time_cost": 72.436, "final_distance_cost": 1.8412078642397833, "oscillation_cost": 28.196717416146058, "completition_cost": 0.0, "overshoot_cost": 51.33323593793729, "power_cost": 22.27532322998047, "noise_cost": 23.081010548463407, "n_waypoints_completed": 9, "tot_waypoints": 9}}
