{"target": -647.605968781295, "params": {"k_pid_pos": [1.5492238298590675, 0.18794613253002548, 0.14815370100568384], "k_pid_alt": [2.0, 0.00400828310523205, 0.07857262462867703], "k_pid_att": [33.30943294831076, 6.833739078403355, 0.3071538578108297], "k_pid_yaw": [0.5, 1e-06, 0.1], "k_pid_hsp": [0.02447416498478498, 0.07862277163879872, 0.0], "k_pid_vsp": [138.17550637914326, 400.0, 0.12396618867940794]}, "datetime": {"datetime": "2025-08-13 13:02:07", "elapsed": 11655.47353887558, "delta": 28.632619857788086}, "costs": {"total_cost": 647.605968781295, "time_cost": 150, "final_distance_cost": 65.24140009051592, "oscillation_cost": 83.65503090340212, "completition_cost": 222.2222222222222, "overshoot_cost": 52.70821699529238, "power_cost": 37.96107775878907, "noise_cost": 35.818020811073325, "n_waypoints_completed": 7, "tot_waypoints": 9}}
{"target": -189.96543938306175, "params": {"k_pid_pos": [1.1633805242634327, 0.19575989139147396, 0.3614940710922849], "k_pid_alt": [1.6203331970125399, 0.0020277066335715565, 0.06534351697076886], "k_pid_att": [20.486382966044285, 4.891119657260897, 0.39826740622901297], "k_pid_yaw": [0.5, 1e-06, 0.1], "k_pid_hsp": [0.5149206964508481, 0.08709117849967639, 0.0], "k_pid_vsp": [86.78261292462462, 165.5252360394315, 0.10663564128257742]}, "datetime": {"datetime": "2025-08-13 13:02:24", "elapsed": 11671.98994731903, "delta": 16.516408443450928}, "costs": {"total_cost": 189.96543938306175, "time_cost": 69.916, "final_distance_cost": 1.8275567637403463, "oscillation_cost": 32.19416978178432, "completition_cost": 0.0, "overshoot_cost": 50.181836258275894, "power_cost": 14.785079553222657, "noise_cost": 21.06079702603852, "n_waypoints_completed": 9, "tot_waypoints": 9}}
{"target": -211.65461526742462, "params": {"k_pid_pos": [1.6664117482481398, 0.05501088740738017, 0.22123894292584065], "k_pid_alt": [0.7915662247434826, 0.03348387573307845, 0.023965984573609437], "k_pid_att": [39.45520096728294, 7.672122969089204, 1.0], "k_pid_yaw": [0.5, 1e-06, 0.1], "k_pid_hsp": [0.848563749045355, 0.04900268059176702, 0.0], "k_pid_vsp": [114.18681669242629, 277.9496152278694, 0.35214612880325014]}, "datetime": {"datetime": "2025-08-13 13:02:43", "elapsed": 11691.150845050812, "delta": 19.160897731781006}, "costs": {"total_cost": 211.65461526742462, "time_cost": 81.655, "final_distance_cost": 1.7956759011701517, "oscillation_cost": 37.02147402419853, "completition_cost": 0.0, "overshoot_cost": 50.434584047012, "power_cost": 17.170204821777343, "noise_cost": 23.57767647326658, "n_waypoints_completed": 9, "tot_waypoints": 9}}
{"target": -209.27862939641275, "params": {"k_pid_pos": [0.551196506793613, 0.06268238218820422, 0.16304476179041238], "k_pid_alt": [0.716156357516058, 0.009487933724729043, 0.03291792321190371], "k_pid_att": [74.94192848105888, 5.332276329547027, 0.6151733345288575], "k_pid_yaw": [0.5, 1e-06, 0.1], "k_pid_hsp": [1.0519479636368685, 0.11218466951967149, 0.0], "k_pid_vsp": [57.8977732823503, 290.2810488052457, 0.763370516008877]}, "datetime": {"datetime": "2025-08-13 13:03:01", "elapsed": 11709.723793506622, "delta": 18.572948455810547}, "costs": {"total_cost": 209.27862939641275, "time_cost": 81.249, "final_distance_cost": 1.8488330177006724, "oscillation_cost": 32.53811800257566, "completition_cost": 0.0, "overshoot_cost": 51.729305922799675, "power_cost": 17.08425075683594, "noise_cost": 24.829121696500827, "n_waypoints_completed": 9, "tot_waypoints": 9}}
{"target": -203.14919041462392, "params": {"k_pid_pos": [1.7673262514324175, 0.2536431492347226, 0.13548796941933852], "k_pid_alt": [1.9793998549875356, 0.008700549434127167, 0.054076985146151814], "k_pid_att": [34.162610839868286, 1.5762215655778518, 0.5644694822031754], "k_pid_yaw": [0.5, 1e-06, 0.1], "k_pid_hsp": [1.352270502337369, 0.14956665820477938, 0.0], "k_pid_vsp": [154.1195503901671, 1e-06, 0.26261493896795346]}, "datetime": {"datetime": "2025-08-13 13:03:19", "elapsed": 11727.705720424652, "delta": 17.981926918029785}, "costs": {"total_cost": 203.14919041462392, "time_cost": 71.687, "final_distance_cost": 1.757562500901297, "oscillation_cost": 38.45579937420715, "completition_cost": 0.0, "overshoot_cost": 51.31436760462678, "power_cost": 18.008424609375002, "noise_cost": 21.926036325513685, "n_waypoints_completed": 9, "tot_waypoints": 9}}
{"target": -195.9059987754077, "params": {"k_pid_pos": [2.0, 0.28069111172319616, 0.34037828920430063], "k_pid_alt": [2.0, 0.0, 0.03700399009024627], "k_pid_att": [35.16961898140676, 1.0084529007592709, 0.7935422492017451], "k_pid_yaw": [0.5, 1e-06, 0.1], "k_pid_hsp": [1.6841541972383653, 0.07410936712034143, 0.0], "k_pid_vsp": [154.55682873085172, 130.37485255885588, 0.460197811670277]}, "datetime": {"datetime": "2025-08-13 13:03:36", "elapsed": 11744.025505781174, "delta": 16.319785356521606}, "costs": {"total_cost": 195.9059987754077, "time_cost": 69.146, "final_distance_cost": 1.7461978846104094, "oscillation_cost": 38.31122094410694, "completition_cost": 0.0, "overshoot_cost": 50.08592816478152, "power_cost": 16.019673889160156, "noise_cost": 20.596977892748672, "n_waypoints_completed": 9, "tot_waypoints": 9}}
{"target": -222.70576992399089, "params": {"k_pid_pos": [1.851807449745932, 0.045743242061186316, 0.1276227038032315], "k_pid_alt": [0.2665238158261915, 0.010791529835185271, 0.05046677008532707], "k_pid_att": [18.227771611479938, 2.9751388571611037, 1.0], "k_pid_yaw": [0.5, 1e-06, 0.1], "k_pid_hsp": [1.8967260783776572, 0.11897927616791204, 0.0], "k_pid_vsp": [163.45583658199433, 108.96545666188774, 0.7874583220234307]}, "datetime": {"datetime": "2025-08-13 13:03:55", "elapsed": 11763.977833509445, "delta": 19.952327728271484}, "costs": {"total_cost": 222.70576992399089, "time_cost": 84.854, "final_distance_cost": 1.844692132606482, "oscillation_cost": 45.71419365682331, "completition_cost": 0.0, "overshoot_cost": 51.277992703605655, "power_cost": 15.214496020507813, "noise_cost": 23.800395410447603, "n_waypoints_completed": 9, "tot_waypoints": 9}}
{"target": -201.3582684434938, "params": {"k_pid_pos": [1.78428369964868, 0.05634105633207628, 0.09138481109381195], "k_pid_alt": [0.6685002024624341, 0.014596544276162029, 0.048345227473198145], "k_pid_att": [64.72754691648383, 9.282344099627524, 1.0], "k_pid_yaw": [0.5, 1e-06, 0.1], "k_pid_hsp": [1.2565724345033218, 0.0, 0.0], "k_pid_vsp": [65.22072646938389, 153.33774724569096, 0.0458371601979205]}, "datetime": {"datetime": "2025-08-13 13:04:13", "elapsed": 11781.205760717392, "delta": 17.227927207946777}, "costs": {"total_cost": 201.3582684434938, "time_cost": 71.666, "final_distance_cost": 1.809483797985086, "oscillation_cost": 38.75373380215923, "completition_cost": 0.0, "overshoot_cost": 50.64087511457961, "power_cost": 17.194203735351564, "noise_cost": 21.293971993418364, "n_waypoints_completed": 9, "tot_waypoints": 9}}
{"target": -197.62074138565367, "params": {"k_pid_pos": [0.8928856125000451, 0.016743551795392914, 0.10884326589261639], "k_pid_alt": [2.0, 0.019861852785159256, 0.04481908549106864], "k_pid_att": [45.237357889930585, 7.7353554880757365, 0.7558697598107239], "k_pid_yaw": [0.5, 1e-06, 0.1], "k_pid_hsp": [1.2842684139035885, 0.03982661896264591, 0.0], "k_pid_vsp": [313.0637378701601, 188.9348916431567, 0.04257902607926606]}, "datetime": {"datetime": "2025-08-13 13:04:30", "elapsed": 11798.153897047043, "delta": 16.94813632965088}, "costs": {"total_cost": 197.62074138565367, "time_cost": 71.372, "final_distance_cost": 1.8522850804764586, "oscillation_cost": 32.50928924451257, "completition_cost": 0.0, "overshoot_cost": 51.109060273721205, "power_cost": 18.052699243164064, "noise_cost": 22.72540754377938, "n_waypoints_completed": 9, "tot_waypoints": 9}}
{"target": -189.09500399556947, "params": {"k_pid_pos": [1.8466802721047315, 0.12500245136895696, 0.5647316135246463], "k_pid_alt": [2.0, 0.00423283229129679, 0.03343765624760369], "k_pid_att": [36.029425279523196, 0.0001, 0.6873556698510518], "k_pid_yaw": [0.5, 1e-06, 0.1], "k_pid_hsp": [1.595016361087156, 0.0768591210519259, 0.0], "k_pid_vsp": [372.9110268325672, 73.29177575157459, 0.5494061905814492]}, "datetime": {"datetime": "2025-08-13 13:04:46", "elapsed": 11814.380491256714, "delta": 16.22659420967102}, "costs": {"total_cost": 189.09500399556947, "time_cost": 69.69200000000001, "final_distance_cost": 1.812423524180901, "oscillation_cost": 31.65698073351924, "completition_cost": 0.0, "overshoot_cost": 50.98099726199464, "power_cost": 14.315274816894531, "noise_cost": 20.63732765898014, "n_waypoints_completed": 9, "tot_waypoints": 9}}
{"target": -188.81612438459413, "params": {"k_pid_pos": [2.0, 0.14518273714252647, 0.3055636345217431], "k_pid_alt": [1.3797523177320121, 0.007350139185819074, 0.07079175672467054], "k_pid_att": [42.83894558036485, 7.9652669861632575, 0.7153648091302157], "k_pid_yaw": [0.5, 1e-06, 0.1], "k_pid_hsp": [1.1564403504693967, 0.14834906645480772, 0.0], "k_pid_vsp": [108.23785631655475, 168.07757492402138, 0.5060629476611839]}, "datetime": {"datetime": "2025-08-13 13:05:03", "elapsed": 11830.992200136185, "delta": 16.611708879470825}, "costs": {"total_cost": 188.81612438459413, "time_cost": 68.187, "final_distance_cost": 1.7579687546242346, "oscillation_cost": 38.87499290806089, "completition_cost": 0.0, "overshoot_cost": 49.78433070196864, "power_cost": 11.309425646972656, "noise_cost": 18.90240637296771, "n_waypoints_completed": 9, "tot_waypoints": 9}}
{"target": -201.39371596639572, "params": {"k_pid_pos": [2.0, 0.12074671821592986, 0.2728635745298705], "k_pid_alt": [2.0, 0.014429965879422081, 0.045945234306526465], "k_pid_att": [50.094373762147406, 6.704614644367453, 0.8701066559792823], "k_pid_yaw": [0.5, 1e-06, 0.1], "k_pid_hsp": [1.1121219996887344, 0.06058298084753858, 0.0], "k_pid_vsp": [283.81934564866145, 159.1655107394935, 0.3560304212169549]}, "datetime": {"datetime": "2025-08-13 13:05:19", "elapsed": 11847.816876649857, "delta": 16.824676513671875}, "costs": {"total_cost": 201.39371596639572, "time_cost": 71.428, "final_distance_cost": 1.7593052891135295, "oscillation_cost": 37.729961997852506, "completition_cost": 0.0, "overshoot_cost": 50.50737213702856, "power_cost": 18.374018310546877, "noise_cost": 21.59505823185423, "n_waypoints_completed": 9, "tot_waypoints": 9}}
{"target": -1308.2625136595007, "params": {"k_pid_pos": [0.8450938512466329, 0.11919092389228954, 0.050452402787804544], "k_pid_alt": [0.9662186426950425, 0.01420662932602422, 0.046566895812495755], "k_pid_att": [9.503474949999047, 5.661747799443078, 1.0], "k_pid_yaw": [0.5, 1e-06, 0.1], "k_pid_hsp": [0.0001, 0.10249464443986706, 0.0], "k_pid_vsp": [283.8754276330285, 321.8062144947675, 0.33663355864726485]}, "datetime": {"datetime": "2025-08-13 13:05:47", "elapsed": 11875.977231740952, "delta": 28.16035509109497}, "costs": {"total_cost": 1308.2625136595007, "time_cost": 150, "final_distance_cost": 94.66117505869147, "oscillation_cost": 108.83433520774035, "completition_cost": 777.7777777777778, "overshoot_cost": 104.4140586203898, "power_cost": 36.474657275390626, "noise_cost": 36.10050971951057, "n_waypoints_completed": 2, "tot_waypoints": 9}}
{"target": -191.2971212353486, "params": {"k_pid_pos": [2.0, 0.11005987204744982, 0.17043003491003195], "k_pid_alt": [0.7079210937631183, 0.0004110710679380627, 0.0536820821998405], "k_pid_att": [45.8138250573169, 2.3782827451217154, 0.7652975796706768], "k_pid_yaw": [0.5, 1e-06, 0.1], "k_pid_hsp": [0.8306538306735444, 0.052287694964914644, 0.0], "k_pid_vsp": [400.0, 73.85877106081438, 0.6275927646591949]}, "datetime": {"datetime": "2025-08-13 13:06:05", "elapsed": 11893.737046480179, "delta": 17.759814739227295}, "costs": {"total_cost": 191.2971212353486, "time_cost": 71.631, "final_distance_cost": 1.8087585637946373, "oscillation_cost": 36.346322897504706, "completition_cost": 0.0, "overshoot_cost": 50.62511904430341, "power_cost": 11.235236828613282, "noise_cost": 19.65068390113256, "n_waypoints_completed": 9, "tot_waypoints": 9}}
{"target": -207.9636695549364, "params": {"k_pid_pos": [2.0, 0.23969775030143067, 0.39964931465536563], "k_pid_alt": [1.2807564855645137, 0.0023914092417221555, 0.04515166421567187], "k_pid_att": [25.597533594598815, 8.798308961721217, 1.0], "k_pid_yaw": [0.5, 1e-06, 0.1], "k_pid_hsp": [0.8560321818109786, 0.08321805266687492, 0.0], "k_pid_vsp": [44.002589964299794, 47.08588624542935, 0.5364074010609649]}, "datetime": {"datetime": "2025-08-13 13:06:25", "elapsed": 11913.09986114502, "delta": 19.3628146648407}, "costs": {"total_cost": 207.9636695549364, "time_cost": 71.757, "final_distance_cost": 1.797913109161572, "oscillation_cost": 36.87453987653105, "completition_cost": 0.0, "overshoot_cost": 51.35183042314354, "power_cost": 23.355213818359378, "noise_cost": 22.82717232774086, "n_waypoints_completed": 9, "tot_waypoints": 9}}
{"target": -207.07990298281263, "params": {"k_pid_pos": [1.1297778038601536, 0.15382529174795948, 0.21276041393371528], "k_pid_alt": [2.0, 0.0074503848283364775, 0.020216412146907083], "k_pid_att": [5.612628689353308, 4.482815184321763, 1.0], "k_pid_yaw": [0.5, 1e-06, 0.1], "k_pid_hsp": [0.8875689650603521, 0.0, 0.0], "k_pid_vsp": [217.96561958429098, 23.78961911386514, 0.47854802871247365]}, "datetime": {"datetime": "2025-08-13 13:06:45", "elapsed": 11933.010267734528, "delta": 19.910406589508057}, "costs": {"total_cost": 207.07990298281263, "time_cost": 71.218, "final_distance_cost": 1.811919114692459, "oscillation_cost": 36.194092395002414, "completition_cost": 0.0, "overshoot_cost": 51.85669531522717, "power_cost": 22.68269207763672, "noise_cost": 23.31650408025385, "n_waypoints_completed": 9, "tot_waypoints": 9}}
{"target": -197.72947416136856, "params": {"k_pid_pos": [1.3234032681665808, 0.09732713313273118, 0.3388444003473389], "k_pid_alt": [0.6194527175466974, 0.007677527394218259, 0.04402159863527145], "k_pid_att": [41.26376008006341, 7.000193814440905, 1.0], "k_pid_yaw": [0.5, 1e-06, 0.1], "k_pid_hsp": [0.285338185323656, 0.0, 0.0], "k_pid_vsp": [350.40833424928474, 344.0760138771646, 0.2971470019898184]}, "datetime": {"datetime": "2025-08-13 13:07:03", "elapsed": 11951.934111833572, "delta": 18.9238440990448}, "costs": {"total_cost": 197.72947416136856, "time_cost": 73.486, "final_distance_cost": 1.8164640034744275, "oscillation_cost": 30.06767649256084, "completition_cost": 0.0, "overshoot_cost": 50.9540179567805, "power_cost": 19.182061267089846, "noise_cost": 22.22325444146296, "n_waypoints_completed": 9, "tot_waypoints": 9}}
{"target": -203.48660085368095, "params": {"k_pid_pos": [0.6648621393921751, 0.11869835593048546, 0.2791635199283005], "k_pid_alt": [1.659040277948914, 0.007270674334196696, 0.08020311138328229], "k_pid_att": [35.0322511591599, 3.5243856292997555, 1.0], "k_pid_yaw": [0.5, 1e-06, 0.1], "k_pid_hsp": [1.2139736605431166, 0.006885922188073004, 0.0], "k_pid_vsp": [154.65765566602093, 40.45952221915388, 1.292724847927697]}, "datetime": {"datetime": "2025-08-13 13:07:22", "elapsed": 11970.160202264786, "delta": 18.22609043121338}, "costs": {"total_cost": 203.48660085368095, "time_cost": 79.73, "final_distance_cost": 1.8442768301842942, "oscillation_cost": 27.89796906853291, "completition_cost": 0.0, "overshoot_cost": 52.22632827688653, "power_cost": 16.596026000976565, "noise_cost": 25.192000677100662, "n_waypoints_completed": 9, "tot_waypoints": 9}}
{"target": -187.35872939622698, "params": {"k_pid_pos": [1.7672521700462331, 0.13994702205932527, 0.30476834197678526], "k_pid_alt": [2.0, 0.0066028419114892946, 0.0646374181795558], "k_pid_att": [48.65314137117011, 6.0617086971671865, 0.435240792063637], "k_pid_yaw": [0.5, 1e-06, 0.1], "k_pid_hsp": [1.341088644182883, 0.10244474749721556, 0.0], "k_pid_vsp": [232.99939214811175, 65.66735718043222, 0.45512975297718655]}, "datetime": {"datetime": "2025-08-13 13:07:38", "elapsed": 11986.395301818848, "delta": 16.23509955406189}, "costs": {"total_cost": 187.35872939622698, "time_cost": 68.705, "final_distance_cost": 1.8131466799284084, "oscillation_cost": 34.921773603430104, "completition_cost": 0.0, "overshoot_cost": 50.98696299820793, "power_cost": 11.545941528320313, "noise_cost": 19.38590458634026, "n_waypoints_completed": 9, "tot_waypoints": 9}}
{"target": -196.12733353885997, "params": {"k_pid_pos": [1.2591995698785237, 0.09887379764591038, 0.09389379880997654], "k_pid_alt": [2.0, 0.016459637365323767, 0.0646264041608487], "k_pid_att": [46.258441376554465, 3.760795638323412, 0.27899850199471965], "k_pid_yaw": [0.5, 1e-06, 0.1], "k_pid_hsp": [0.9296844947327817, 0.06508163531787482, 0.0], "k_pid_vsp": [325.67184746379024, 266.3216144625061, 0.23954559415881613]}, "datetime": {"datetime": "2025-08-13 13:07:54", "elapsed": 12002.885839939117, "delta": 16.490538120269775}, "costs": {"total_cost": 196.12733353885997, "time_cost": 70.119, "final_distance_cost": 1.832701044364922, "oscillation_cost": 33.704212364913964, "completition_cost": 0.0, "overshoot_cost": 51.102969721616226, "power_cost": 17.939066906738283, "noise_cost": 21.429383501226567, "n_waypoints_completed": 9, "tot_waypoints": 9}}
{"target": -3311.1905192730146, "params": {"k_pid_pos": [2.0, 0.14821922929691853, 0.2537053846654443], "k_pid_alt": [2.0, 0.016534268236966753, 0.08811321620358124], "k_pid_att": [0.0, 6.0917112219326865, 0.9331668357166807], "k_pid_yaw": [0.5, 1e-06, 0.1], "k_pid_hsp": [0.8860950850459529, 0.18579408313872672, 0.0], "k_pid_vsp": [340.8484044046542, 276.1621308223016, 0.4361217100649142]}, "datetime": {"datetime": "2025-08-13 13:08:23", "elapsed": 12031.41114974022, "delta": 28.525309801101685}, "costs": {"total_cost": 3311.1905192730146, "time_cost": 150, "final_distance_cost": 136.2080794305256, "oscillation_cost": 1370.6692704746329, "completition_cost": 1000.0, "overshoot_cost": 445.11171057718997, "power_cost": 53.65126420898438, "noise_cost": 155.55019458168167, "n_waypoints_completed": 0, "tot_waypoints": 9}}
{"target": -192.05716133587043, "params": {"k_pid_pos": [1.7147385215814204, 0.16887845468002305, 0.15150830488794206], "k_pid_alt": [2.0, 0.010064771054629669, 0.05220291087248763], "k_pid_att": [38.65521081037974, 0.0001, 0.9837769053524624], "k_pid_yaw": [0.5, 1e-06, 0.1], "k_pid_hsp": [0.6527407523841745, 0.11038355413797275, 0.0], "k_pid_vsp": [131.9941884889365, 72.8377629255093, 0.6321480935004649]}, "datetime": {"datetime": "2025-08-13 13:08:39", "elapsed": 12047.59726858139, "delta": 16.186118841171265}, "costs": {"total_cost": 192.05716133587043, "time_cost": 68.943, "final_distance_cost": 1.7572712515121338, "oscillation_cost": 36.648495396486815, "completition_cost": 0.0, "overshoot_cost": 50.378392327012044, "power_cost": 14.32795799560547, "noise_cost": 20.002044365253962, "n_waypoints_completed": 9, "tot_waypoints": 9}}
{"target": -195.3544682668333, "params": {"k_pid_pos": [2.0, 0.15675181737867738, 0.1676646545598257], "k_pid_alt": [0.981068783822499, 0.0, 0.04873362529239583], "k_pid_att": [24.125933807032578, 4.187582266978899, 1.0], "k_pid_yaw": [0.5, 1e-06, 0.1], "k_pid_hsp": [1.253770476883158, 0.05987569431840187, 0.0], "k_pid_vsp": [191.04864456553045, 142.6706841534249, 0.19170835983032117]}, "datetime": {"datetime": "2025-08-13 13:08:56", "elapsed": 12064.295980215073, "delta": 16.69871163368225}, "costs": {"total_cost": 195.3544682668333, "time_cost": 69.958, "final_distance_cost": 1.7679686770889613, "oscillation_cost": 38.91263833183072, "completition_cost": 0.0, "overshoot_cost": 50.2181986061304, "power_cost": 14.252117272949219, "noise_cost": 20.245545378834006, "n_waypoints_completed": 9, "tot_waypoints": 9}}
{"target": -3622.291068336041, "params": {"k_pid_pos": [1.2633561027194666, 0.23989900174943388, 0.2691242795232179], "k_pid_alt": [0.9036386489160515, 0.007664969017366131, 0.047733557435357545], "k_pid_att": [0.0, 2.549249080748688, 1.0], "k_pid_yaw": [0.5, 1e-06, 0.1], "k_pid_hsp": [1.2193654360489317, 0.05561775434557226, 0.0], "k_pid_vsp": [180.5963172430942, 94.03864223978515, 0.5183197261837246]}, "datetime": {"datetime": "2025-08-13 13:09:24", "elapsed": 12092.600166082382, "delta": 28.30418586730957}, "costs": {"total_cost": 3622.291068336041, "time_cost": 150, "final_distance_cost": 229.6912546208801, "oscillation_cost": 1304.492233628974, "completition_cost": 1000.0, "overshoot_cost": 718.5661317520982, "power_cost": 56.992165917968755, "noise_cost": 162.5492824161203, "n_waypoints_completed": 0, "tot_waypoints": 9}}
{"target": -203.43277239482424, "params": {"k_pid_pos": [2.0, 0.12741073945096174, 0.04110360797612352], "k_pid_alt": [2.0, 0.0, 0.0174271596144534], "k_pid_att": [41.202407262655754, 7.65323662751361, 0.7483690810294682], "k_pid_yaw": [0.5, 1e-06, 0.1], "k_pid_hsp": [0.9591784214217048, 0.0640521276648608, 0.0], "k_pid_vsp": [400.0, 271.29277157474513, 0.26406623987153066]}, "datetime": {"datetime": "2025-08-13 13:09:41", "elapsed": 12109.424747467041, "delta": 16.824581384658813}, "costs": {"total_cost": 203.43277239482424, "time_cost": 70.364, "final_distance_cost": 1.7981619505975102, "oscillation_cost": 37.248660680417366, "completition_cost": 0.0, "overshoot_cost": 51.21089807859395, "power_cost": 20.976947326660156, "noise_cost": 21.834104358555273, "n_waypoints_completed": 9, "tot_waypoints": 9}}
