{"target": -181.08041973794224, "params": {"k_pid_pos": [0.9174562871508285, 0.03696665786169768, 0.2191792853896982], "k_pid_alt": [1.4279037697609482, 0.0, 0.0257461162583803], "k_pid_att": [11.843048164385209, 3.3137602442280563, 0.41039158336543097], "k_pid_yaw": [0.5, 1e-06, 0.1], "k_pid_hsp": [0.19898345521750174, 0.016232492783190066, 0.0], "k_pid_vsp": [320.04642863225064, 114.9734271330229, 0.18001932769477572]}, "datetime": {"datetime": "2025-08-13 18:59:32", "elapsed": 33100.111562013626, "delta": 18.303316593170166}, "costs": {"total_cost": 181.08041973794224, "time_cost": 69.552, "final_distance_cost": 1.8422273559156503, "oscillation_cost": 27.55993576370655, "completition_cost": 0.0, "overshoot_cost": 49.70201101909956, "power_cost": 12.129060168457032, "noise_cost": 20.29518543076341, "n_waypoints_completed": 9, "tot_waypoints": 9}}
{"target": -183.09031711334006, "params": {"k_pid_pos": [0.866795099137187, 0.0353154115655114, 0.2194507867775659], "k_pid_alt": [1.5018897513305198, 0.0, 0.017826093404406666], "k_pid_att": [11.741794552864933, 3.673461061710627, 0.6622514681375226], "k_pid_yaw": [0.5, 1e-06, 0.1], "k_pid_hsp": [0.157606279522665, 0.022446800009772307, 0.0], "k_pid_vsp": [378.98736088297284, 111.28893955267358, 0.14256032424946516]}, "datetime": {"datetime": "2025-08-13 18:59:48", "elapsed": 33116.766807317734, "delta": 16.655245304107666}, "costs": {"total_cost": 183.09031711334006, "time_cost": 69.867, "final_distance_cost": 1.845409072915514, "oscillation_cost": 27.547634759322037, "completition_cost": 0.0, "overshoot_cost": 50.040303168040055, "power_cost": 13.118485473632813, "noise_cost": 20.671484639429654, "n_waypoints_completed": 9, "tot_waypoints": 9}}
{"target": -179.37913706680715, "params": {"k_pid_pos": [1.2023613443241272, 0.04100804939565549, 0.27639842592625363], "k_pid_alt": [1.3282940014682516, 0.0, 0.024442323448253336], "k_pid_att": [11.507306505624056, 4.332486286239379, 0.7362779400259178], "k_pid_yaw": [0.5, 1e-06, 0.1], "k_pid_hsp": [0.1507479254311901, 0.01635068285001103, 0.0], "k_pid_vsp": [400.0, 92.90416795194112, 0.1629432247372293]}, "datetime": {"datetime": "2025-08-13 19:00:05", "elapsed": 33133.75209736824, "delta": 16.985290050506592}, "costs": {"total_cost": 179.37913706680715, "time_cost": 69.006, "final_distance_cost": 1.8140222169667166, "oscillation_cost": 29.629211854576855, "completition_cost": 0.0, "overshoot_cost": 50.109296280029305, "power_cost": 9.738955444335938, "noise_cost": 19.081651270898337, "n_waypoints_completed": 9, "tot_waypoints": 9}}
{"target": -187.91389960812245, "params": {"k_pid_pos": [1.0115156764191402, 0.05427110814980663, 0.29852130174316494], "k_pid_alt": [1.5250091087335111, 0.0, 0.028031305016679758], "k_pid_att": [13.15383080895119, 2.922479324615008, 0.3476087649577353], "k_pid_yaw": [0.5, 1e-06, 0.1], "k_pid_hsp": [0.1385757448027025, 0.01897714777444234, 0.0], "k_pid_vsp": [400.0, 103.85084879997322, 0.11989885105896785]}, "datetime": {"datetime": "2025-08-13 19:00:22", "elapsed": 33150.73002529144, "delta": 16.977927923202515}, "costs": {"total_cost": 187.91389960812245, "time_cost": 70.273, "final_distance_cost": 1.820642766829952, "oscillation_cost": 27.290009851145918, "completition_cost": 0.0, "overshoot_cost": 50.79910517881499, "power_cost": 16.30682266845703, "noise_cost": 21.42431914287461, "n_waypoints_completed": 9, "tot_waypoints": 9}}
{"target": -328.6405481092882, "params": {"k_pid_pos": [0.8228969285192508, 0.06137208576217052, 0.2295061761559353], "k_pid_alt": [1.0670496281460056, 0.0, 0.02767688221637285], "k_pid_att": [11.227917617713246, 3.6865228913787527, 0.7267404681631177], "k_pid_yaw": [0.5, 1e-06, 0.1], "k_pid_hsp": [0.18332723834336095, 0.02000965740320648, 0.0], "k_pid_vsp": [320.2249052430511, 71.00914581077915, 0.15714861378403486]}, "datetime": {"datetime": "2025-08-13 19:00:51", "elapsed": 33179.12769675255, "delta": 28.397671461105347}, "costs": {"total_cost": 328.6405481092882, "time_cost": 116.977, "final_distance_cost": 1.8378456123245122, "oscillation_cost": 27.971646502435636, "completition_cost": 0.0, "overshoot_cost": 63.32569367249017, "power_cost": 48.34873444824219, "noise_cost": 70.1796278737957, "n_waypoints_completed": 9, "tot_waypoints": 9}}
{"target": -196.74527490877497, "params": {"k_pid_pos": [0.8118153463167411, 0.06154852811468781, 0.28955292378416275], "k_pid_alt": [1.315540166467316, 0.0, 0.0337220013025528], "k_pid_att": [11.609640240981799, 2.8869202522042556, 0.6936906773222803], "k_pid_yaw": [0.5, 1e-06, 0.1], "k_pid_hsp": [0.17634338645368267, 0.02605040364692164, 0.0], "k_pid_vsp": [282.6988496533294, 72.8972902627447, 0.12420574449198385]}, "datetime": {"datetime": "2025-08-13 19:01:08", "elapsed": 33196.31628513336, "delta": 17.1885883808136}, "costs": {"total_cost": 196.74527490877497, "time_cost": 72.415, "final_distance_cost": 1.8465939619210348, "oscillation_cost": 27.012194772643895, "completition_cost": 0.0, "overshoot_cost": 51.52182992847217, "power_cost": 20.79065836181641, "noise_cost": 23.15899788392146, "n_waypoints_completed": 9, "tot_waypoints": 9}}
{"target": -190.0620577795073, "params": {"k_pid_pos": [0.9094905580102942, 0.061811898553549016, 0.39090005006159556], "k_pid_alt": [1.401971904583731, 0.0, 0.017178112720119112], "k_pid_att": [6.215067586035101, 5.315544758203074, 0.5887282038792876], "k_pid_yaw": [0.5, 1e-06, 0.1], "k_pid_hsp": [0.18169235026206598, 0.010172839949623173, 0.0], "k_pid_vsp": [319.4360560042805, 110.62809042516204, 0.12797763043384489]}, "datetime": {"datetime": "2025-08-13 19:01:25", "elapsed": 33213.76125192642, "delta": 17.444966793060303}, "costs": {"total_cost": 190.0620577795073, "time_cost": 71.414, "final_distance_cost": 1.8320982037828495, "oscillation_cost": 28.787246941101092, "completition_cost": 0.0, "overshoot_cost": 50.6394883202802, "power_cost": 15.498704956054688, "noise_cost": 21.890519358288472, "n_waypoints_completed": 9, "tot_waypoints": 9}}
{"target": -194.27092984012162, "params": {"k_pid_pos": [1.4228499591105503, 0.05456710906698666, 0.3172431313904107], "k_pid_alt": [1.2200055728321666, 0.0, 0.02860806547839968], "k_pid_att": [10.973499510534007, 4.930562859399795, 0.34175131468385506], "k_pid_yaw": [0.5, 1e-06, 0.1], "k_pid_hsp": [0.10179022812474292, 0.02167440761085822, 0.0], "k_pid_vsp": [371.51739761100515, 127.55653210107772, 0.126168452960262]}, "datetime": {"datetime": "2025-08-13 19:01:42", "elapsed": 33230.256187200546, "delta": 16.494935274124146}, "costs": {"total_cost": 194.27092984012162, "time_cost": 70.511, "final_distance_cost": 1.7788334399427261, "oscillation_cost": 32.61745132732556, "completition_cost": 0.0, "overshoot_cost": 50.58295472500273, "power_cost": 17.50943074951172, "noise_cost": 21.271259598338872, "n_waypoints_completed": 9, "tot_waypoints": 9}}
{"target": -190.87160149253702, "params": {"k_pid_pos": [1.0920176910052837, 0.01981619114752776, 0.28207762473570175], "k_pid_alt": [0.8617080196295545, 0.0, 0.028105707874779198], "k_pid_att": [10.908103552341371, 4.4851543076037235, 0.6140061679151262], "k_pid_yaw": [0.5, 1e-06, 0.1], "k_pid_hsp": [0.15434213237471037, 0.018879996011935313, 0.0], "k_pid_vsp": [252.39803669005855, 111.9049850192697, 0.16422729007127282]}, "datetime": {"datetime": "2025-08-13 19:02:00", "elapsed": 33247.99754405022, "delta": 17.74135684967041}, "costs": {"total_cost": 190.87160149253702, "time_cost": 71.155, "final_distance_cost": 1.8302310922122156, "oscillation_cost": 29.086721221882843, "completition_cost": 0.0, "overshoot_cost": 49.96277822066635, "power_cost": 17.27575965576172, "noise_cost": 21.56111130201386, "n_waypoints_completed": 9, "tot_waypoints": 9}}
{"target": -189.76580630062927, "params": {"k_pid_pos": [0.8659147053808196, 0.04641178787077571, 0.2900672494136414], "k_pid_alt": [1.5067326429686736, 0.0, 0.020092808572627897], "k_pid_att": [6.194168025262521, 3.637467873959739, 0.8007901662185946], "k_pid_yaw": [0.5, 1e-06, 0.1], "k_pid_hsp": [0.17906877256134957, 0.028152174010927584, 0.0], "k_pid_vsp": [358.06756294449025, 123.75354544381133, 0.13205520684425417]}, "datetime": {"datetime": "2025-08-13 19:02:17", "elapsed": 33265.51813840866, "delta": 17.520594358444214}, "costs": {"total_cost": 189.76580630062927, "time_cost": 70.868, "final_distance_cost": 1.839928690205793, "oscillation_cost": 28.114589401524142, "completition_cost": 0.0, "overshoot_cost": 50.5187457403826, "power_cost": 16.560350366210937, "noise_cost": 21.86419210230579, "n_waypoints_completed": 9, "tot_waypoints": 9}}
{"target": -186.40540238869832, "params": {"k_pid_pos": [0.6962640071196334, 0.037755049115944996, 0.2932412418841756], "k_pid_alt": [1.5474520005970274, 0.0, 0.02760807855426702], "k_pid_att": [12.525467505001851, 5.716851189692016, 0.5035980465002329], "k_pid_yaw": [0.5, 1e-06, 0.1], "k_pid_hsp": [0.19738703324692164, 0.020380725867415336, 0.0], "k_pid_vsp": [264.0289949907629, 107.63686193330146, 0.13088863865415576]}, "datetime": {"datetime": "2025-08-13 19:02:34", "elapsed": 33282.781384944916, "delta": 17.263246536254883}, "costs": {"total_cost": 186.40540238869832, "time_cost": 74.22800000000001, "final_distance_cost": 1.8510939787138607, "oscillation_cost": 26.408972932853352, "completition_cost": 0.0, "overshoot_cost": 50.279401276781236, "power_cost": 11.828880285644532, "noise_cost": 21.809053914705327, "n_waypoints_completed": 9, "tot_waypoints": 9}}
{"target": -187.8917336593165, "params": {"k_pid_pos": [0.8425917729828586, 0.04646481365069749, 0.31523757292039], "k_pid_alt": [1.4299325987508216, 0.0, 0.03251174587346804], "k_pid_att": [10.84358439977769, 4.374476126418003, 0.7844785017850467], "k_pid_yaw": [0.5, 1e-06, 0.1], "k_pid_hsp": [0.22115325712357928, 0.015527052750772574, 0.0], "k_pid_vsp": [236.2496255377657, 137.75655942328936, 0.1349401637936691]}, "datetime": {"datetime": "2025-08-13 19:02:52", "elapsed": 33300.516650915146, "delta": 17.735265970230103}, "costs": {"total_cost": 187.8917336593165, "time_cost": 71.785, "final_distance_cost": 1.8380685379659636, "oscillation_cost": 27.24765428728153, "completition_cost": 0.0, "overshoot_cost": 50.40038010790759, "power_cost": 14.78530244140625, "noise_cost": 21.83532828475514, "n_waypoints_completed": 9, "tot_waypoints": 9}}
{"target": -184.49139226982373, "params": {"k_pid_pos": [1.1158917061586628, 0.04505577876929659, 0.28584229664079414], "k_pid_alt": [1.207161730923728, 0.0, 0.02509055116935817], "k_pid_att": [15.093503420373162, 3.52140099656121, 0.690275317613505], "k_pid_yaw": [0.5, 1e-06, 0.1], "k_pid_hsp": [0.18394057095747943, 0.020984971857511026, 0.0], "k_pid_vsp": [326.87693456244557, 102.70388893721008, 0.08778413942128166]}, "datetime": {"datetime": "2025-08-13 19:03:08", "elapsed": 33316.975086927414, "delta": 16.458436012268066}, "costs": {"total_cost": 184.49139226982373, "time_cost": 69.272, "final_distance_cost": 1.8316845485660644, "oscillation_cost": 28.851251989606958, "completition_cost": 0.0, "overshoot_cost": 50.28236048148199, "power_cost": 13.81141689453125, "noise_cost": 20.442678355637472, "n_waypoints_completed": 9, "tot_waypoints": 9}}
{"target": -184.22239546589432, "params": {"k_pid_pos": [0.7636250130002558, 0.0464654022711841, 0.2192398802011463], "k_pid_alt": [1.235520655459897, 0.0, 0.021690357737371015], "k_pid_att": [10.473543286730676, 4.505256264918249, 0.6546861038780732], "k_pid_yaw": [0.5, 1e-06, 0.1], "k_pid_hsp": [0.16707417257030177, 0.01801992891892548, 0.0], "k_pid_vsp": [303.02763518364924, 146.17574424805528, 0.13303073554019995]}, "datetime": {"datetime": "2025-08-13 19:03:26", "elapsed": 33334.531672000885, "delta": 17.55658507347107}, "costs": {"total_cost": 184.22239546589432, "time_cost": 71.484, "final_distance_cost": 1.8388020618313747, "oscillation_cost": 26.737199752690948, "completition_cost": 0.0, "overshoot_cost": 50.16655962470798, "power_cost": 12.94200478515625, "noise_cost": 21.05382924150776, "n_waypoints_completed": 9, "tot_waypoints": 9}}
{"target": -193.56922302901478, "params": {"k_pid_pos": [0.5303240839662774, 0.07703376885402932, 0.22375026875448079], "k_pid_alt": [1.3981993716840193, 0.0, 0.03027633779281766], "k_pid_att": [8.730702348536509, 5.057515267096156, 0.5047302382705717], "k_pid_yaw": [0.5, 1e-06, 0.1], "k_pid_hsp": [0.14557309421549205, 0.019862496629247852, 0.0], "k_pid_vsp": [349.3619314423989, 134.10983269116403, 0.12576216064510878]}, "datetime": {"datetime": "2025-08-13 19:03:45", "elapsed": 33353.61463069916, "delta": 19.082958698272705}, "costs": {"total_cost": 193.56922302901478, "time_cost": 76.804, "final_distance_cost": 1.8506416473548875, "oscillation_cost": 24.026064470872733, "completition_cost": 0.0, "overshoot_cost": 51.4633893065967, "power_cost": 15.6012318359375, "noise_cost": 23.823895768252967, "n_waypoints_completed": 9, "tot_waypoints": 9}}
{"target": -188.99789286319307, "params": {"k_pid_pos": [0.9591227914965744, 0.05788945174495313, 0.259631367230543], "k_pid_alt": [1.1473598327375687, 0.0, 0.02934738174409941], "k_pid_att": [10.11544977100943, 1.967729739813067, 0.6744900422302132], "k_pid_yaw": [0.5, 1e-06, 0.1], "k_pid_hsp": [0.2125136432531479, 0.021167970930247883, 0.0], "k_pid_vsp": [277.2423758944867, 87.19614206369674, 0.07737550699631146]}, "datetime": {"datetime": "2025-08-13 19:04:02", "elapsed": 33370.24824666977, "delta": 16.633615970611572}, "costs": {"total_cost": 188.99789286319307, "time_cost": 70.658, "final_distance_cost": 1.8408984290474502, "oscillation_cost": 27.503042107855233, "completition_cost": 0.0, "overshoot_cost": 50.580253285951386, "power_cost": 16.802266613769532, "noise_cost": 21.613432426569467, "n_waypoints_completed": 9, "tot_waypoints": 9}}
{"target": -193.11375239370017, "params": {"k_pid_pos": [0.6629170061170347, 0.06801255683102474, 0.2729656726242446], "k_pid_alt": [1.1666271098967884, 0.0, 0.0329378162686075], "k_pid_att": [10.74929720323614, 4.603952438390437, 0.5616135559013441], "k_pid_yaw": [0.5, 1e-06, 0.1], "k_pid_hsp": [0.2505049789194545, 0.018448649162377727, 0.0], "k_pid_vsp": [271.37707841877756, 63.90025677586735, 0.12172501441224824]}, "datetime": {"datetime": "2025-08-13 19:04:20", "elapsed": 33388.78781700134, "delta": 18.539570331573486}, "costs": {"total_cost": 193.11375239370017, "time_cost": 76.153, "final_distance_cost": 1.8472830477356625, "oscillation_cost": 26.70234972933405, "completition_cost": 0.0, "overshoot_cost": 51.24736696021233, "power_cost": 14.186542211914063, "noise_cost": 22.977210444504074, "n_waypoints_completed": 9, "tot_waypoints": 9}}
{"target": -189.49802175199963, "params": {"k_pid_pos": [0.7095072774290844, 0.05211201072120083, 0.3341313582954714], "k_pid_alt": [0.8635225899438472, 0.0, 0.03603668566898812], "k_pid_att": [11.141168536709374, 4.537831310392996, 0.6336464475531519], "k_pid_yaw": [0.5, 1e-06, 0.1], "k_pid_hsp": [0.1918120748819004, 0.017969576754296696, 0.0], "k_pid_vsp": [379.12152070066116, 128.4304388529917, 0.17673713375318664]}, "datetime": {"datetime": "2025-08-13 19:04:39", "elapsed": 33407.68108677864, "delta": 18.893269777297974}, "costs": {"total_cost": 189.49802175199963, "time_cost": 76.45400000000001, "final_distance_cost": 1.853550994148899, "oscillation_cost": 26.158446686852077, "completition_cost": 0.0, "overshoot_cost": 50.68191418279892, "power_cost": 12.279343481445313, "noise_cost": 22.070766406754426, "n_waypoints_completed": 9, "tot_waypoints": 9}}
{"target": -185.37661615250735, "params": {"k_pid_pos": [0.8078702187263637, 0.05857841306286543, 0.30943854136337895], "k_pid_alt": [0.9861415443624928, 0.0, 0.02894838881401034], "k_pid_att": [7.783410686336118, 3.9088154770417725, 0.5938593320265126], "k_pid_yaw": [0.5, 1e-06, 0.1], "k_pid_hsp": [0.16067833753843874, 0.017688094135303156, 0.0], "k_pid_vsp": [255.85045091339347, 109.97419174449222, 0.1178623988497653]}, "datetime": {"datetime": "2025-08-13 19:04:57", "elapsed": 33425.02964091301, "delta": 17.348554134368896}, "costs": {"total_cost": 185.37661615250735, "time_cost": 72.66, "final_distance_cost": 1.8426705206056904, "oscillation_cost": 26.826499645019915, "completition_cost": 0.0, "overshoot_cost": 50.362628696677476, "power_cost": 12.52834912109375, "noise_cost": 21.15646816911052, "n_waypoints_completed": 9, "tot_waypoints": 9}}
{"target": -183.49826729524818, "params": {"k_pid_pos": [1.017615658809799, 0.06402666454882835, 0.27382798956938276], "k_pid_alt": [1.3681518170142617, 0.0, 0.027708525539056103], "k_pid_att": [13.757172062498347, 4.452463345950257, 0.7928107604553419], "k_pid_yaw": [0.5, 1e-06, 0.1], "k_pid_hsp": [0.21139937374339393, 0.017987434172394234, 0.0], "k_pid_vsp": [239.0451049757578, 146.76570602665436, 0.15922108126023884]}, "datetime": {"datetime": "2025-08-13 19:05:14", "elapsed": 33442.22782373428, "delta": 17.198182821273804}, "costs": {"total_cost": 183.49826729524818, "time_cost": 69.489, "final_distance_cost": 1.842372306395766, "oscillation_cost": 28.07989165295522, "completition_cost": 0.0, "overshoot_cost": 50.30121817308976, "power_cost": 13.302995458984375, "noise_cost": 20.482789703823077, "n_waypoints_completed": 9, "tot_waypoints": 9}}
{"target": -188.1309745902945, "params": {"k_pid_pos": [0.7775964608631153, 0.045040338235646016, 0.32618458637474973], "k_pid_alt": [1.9602561127949931, 0.0, 0.022022561920597084], "k_pid_att": [10.489641866866052, 4.209111623647238, 0.4416331530909046], "k_pid_yaw": [0.5, 1e-06, 0.1], "k_pid_hsp": [0.22766704420516407, 0.017167859485915125, 0.0], "k_pid_vsp": [400.0, 95.94227121489934, 0.14723789018305433]}, "datetime": {"datetime": "2025-08-13 19:05:31", "elapsed": 33459.28411889076, "delta": 17.056295156478882}, "costs": {"total_cost": 188.1309745902945, "time_cost": 73.15, "final_distance_cost": 1.8422002030085425, "oscillation_cost": 26.978767753273356, "completition_cost": 0.0, "overshoot_cost": 51.348144251762676, "power_cost": 13.006666210937501, "noise_cost": 21.805196171312375, "n_waypoints_completed": 9, "tot_waypoints": 9}}
{"target": -190.83064396099493, "params": {"k_pid_pos": [1.0860376847514912, 0.0612599376220763, 0.3233226575956689], "k_pid_alt": [1.061513299364177, 0.0, 0.03191203483815357], "k_pid_att": [10.049708512961187, 4.780624900136344, 0.6387990717064073], "k_pid_yaw": [0.5, 1e-06, 0.1], "k_pid_hsp": [0.1834798341776579, 0.026082989782904648, 0.0], "k_pid_vsp": [294.8383883772839, 110.14556637433805, 0.14223602593742768]}, "datetime": {"datetime": "2025-08-13 19:05:48", "elapsed": 33476.37644147873, "delta": 17.09232258796692}, "costs": {"total_cost": 190.83064396099493, "time_cost": 70.007, "final_distance_cost": 1.8274711406226418, "oscillation_cost": 29.918885899633054, "completition_cost": 0.0, "overshoot_cost": 49.84742044520751, "power_cost": 17.612998510742187, "noise_cost": 21.616867964789517, "n_waypoints_completed": 9, "tot_waypoints": 9}}
{"target": -178.4198044165537, "params": {"k_pid_pos": [1.0226969028041994, 0.05470635862538418, 0.3467940838184236], "k_pid_alt": [1.7429940683125393, 0.0, 0.020985935078590687], "k_pid_att": [15.857042267921464, 4.980689540740522, 0.6513819472016958], "k_pid_yaw": [0.5, 1e-06, 0.1], "k_pid_hsp": [0.21683059467355295, 0.01886955315256287, 0.0], "k_pid_vsp": [190.41912431702812, 135.5065498629497, 0.17268538321596427]}, "datetime": {"datetime": "2025-08-13 19:06:04", "elapsed": 33492.46529722214, "delta": 16.088855743408203}, "costs": {"total_cost": 178.4198044165537, "time_cost": 69.209, "final_distance_cost": 1.8449906676566339, "oscillation_cost": 27.436320916559726, "completition_cost": 0.0, "overshoot_cost": 50.17892946167899, "power_cost": 10.2263490234375, "noise_cost": 19.52421434722083, "n_waypoints_completed": 9, "tot_waypoints": 9}}
{"target": -184.09426854574292, "params": {"k_pid_pos": [1.0592698737439579, 0.031412456258889804, 0.3186100769417864], "k_pid_alt": [1.4181687846968662, 0.0, 0.023882167638009433], "k_pid_att": [10.521404885464674, 3.409960663094504, 0.5939926178455291], "k_pid_yaw": [0.5, 1e-06, 0.1], "k_pid_hsp": [0.22385818618378817, 0.02454124486466225, 0.0], "k_pid_vsp": [304.19082660143084, 94.2531649714539, 0.15821534111230673]}, "datetime": {"datetime": "2025-08-13 19:06:21", "elapsed": 33509.30232524872, "delta": 16.83702802658081}, "costs": {"total_cost": 184.09426854574292, "time_cost": 69.47500000000001, "final_distance_cost": 1.8396852132006716, "oscillation_cost": 28.650595681604788, "completition_cost": 0.0, "overshoot_cost": 50.183148591024775, "power_cost": 13.269745178222657, "noise_cost": 20.676093881690043, "n_waypoints_completed": 9, "tot_waypoints": 9}}
{"target": -180.91997335719037, "params": {"k_pid_pos": [0.9504096519106892, 0.04499967546340494, 0.2221973061135911], "k_pid_alt": [1.2382099819447285, 0.0, 0.026441971981446488], "k_pid_att": [14.926504167515011, 4.313958738861689, 0.5839398789937355], "k_pid_yaw": [0.5, 1e-06, 0.1], "k_pid_hsp": [0.21732107160592395, 0.028399657923233134, 0.0], "k_pid_vsp": [345.96598416377884, 113.56575431586953, 0.1281592948071207]}, "datetime": {"datetime": "2025-08-13 19:06:37", "elapsed": 33525.58256697655, "delta": 16.28024172782898}, "costs": {"total_cost": 180.91997335719037, "time_cost": 69.65, "final_distance_cost": 1.83951252019185, "oscillation_cost": 28.62025911605821, "completition_cost": 0.0, "overshoot_cost": 49.94726172800066, "power_cost": 10.9828171875, "noise_cost": 19.880122805439665, "n_waypoints_completed": 9, "tot_waypoints": 9}}
