{"target": -185.8973397568001, "params": {"k_pid_pos": [1.0782351815555564, 0.04480486482954816, 0.36855932566244015], "k_pid_alt": [1.4098969828230967, 0.0, 0.023435933006808077], "k_pid_att": [13.748344679603155, 4.116065064613762, 0.6798656268470644], "k_pid_yaw": [0.5, 1e-06, 0.1], "k_pid_hsp": [0.18981665563285985, 0.014150366975419762, 0.0], "k_pid_vsp": [287.5851633231451, 139.27140425175918, 0.16266445481205347]}, "datetime": {"datetime": "2025-08-13 21:03:35", "elapsed": 40543.367309331894, "delta": 16.385640621185303}, "costs": {"total_cost": 185.8973397568001, "time_cost": 69.482, "final_distance_cost": 1.844027532466523, "oscillation_cost": 27.826554030114778, "completition_cost": 0.0, "overshoot_cost": 50.58510214707769, "power_cost": 15.008248510742188, "noise_cost": 21.151407536398928, "n_waypoints_completed": 9, "tot_waypoints": 9}}
{"target": -183.46608418134332, "params": {"k_pid_pos": [0.8714704708410471, 0.0711544082520957, 0.3238225646878324], "k_pid_alt": [1.120462530936743, 0.0, 0.026407604214704682], "k_pid_att": [12.318399957418498, 4.574061327799996, 0.5123131638728008], "k_pid_yaw": [0.5, 1e-06, 0.1], "k_pid_hsp": [0.21222543343299494, 0.01669172442200578, 0.0], "k_pid_vsp": [293.56103317791184, 101.17626646396157, 0.19170846828104812]}, "datetime": {"datetime": "2025-08-13 21:03:54", "elapsed": 40562.167469739914, "delta": 18.80016040802002}, "costs": {"total_cost": 183.46608418134332, "time_cost": 71.883, "final_distance_cost": 1.8428352669994852, "oscillation_cost": 26.90458991764427, "completition_cost": 0.0, "overshoot_cost": 50.530775022293405, "power_cost": 11.580484484863282, "noise_cost": 20.72439948954286, "n_waypoints_completed": 9, "tot_waypoints": 9}}
{"target": -181.51817218610228, "params": {"k_pid_pos": [0.9245892828848117, 0.0637536609928961, 0.2584410283937803], "k_pid_alt": [1.6745080870307074, 0.0, 0.02452904923302959], "k_pid_att": [10.709893209878116, 5.423193045359336, 0.6978329833121738], "k_pid_yaw": [0.5, 1e-06, 0.1], "k_pid_hsp": [0.22906895450058176, 0.012488716836322085, 0.0], "k_pid_vsp": [272.3919501738506, 127.87455696569663, 0.18166492536808135]}, "datetime": {"datetime": "2025-08-13 21:04:10", "elapsed": 40578.839292526245, "delta": 16.671822786331177}, "costs": {"total_cost": 181.51817218610228, "time_cost": 69.699, "final_distance_cost": 1.8280835593770197, "oscillation_cost": 27.65276133171908, "completition_cost": 0.0, "overshoot_cost": 50.43094496108281, "power_cost": 11.637680529785158, "noise_cost": 20.269701804138215, "n_waypoints_completed": 9, "tot_waypoints": 9}}
{"target": -185.70968556169757, "params": {"k_pid_pos": [0.9744061198790587, 0.04178873764067797, 0.2906795241691848], "k_pid_alt": [1.1253163362533485, 0.0, 0.02637763584005076], "k_pid_att": [9.949709442114417, 4.35921843893614, 0.5690288624426683], "k_pid_yaw": [0.5, 1e-06, 0.1], "k_pid_hsp": [0.19826518663959444, 0.021595714846574122, 0.0], "k_pid_vsp": [361.3395687606233, 81.47233281111046, 0.13374061876527543]}, "datetime": {"datetime": "2025-08-13 21:04:29", "elapsed": 40597.083042383194, "delta": 18.243749856948853}, "costs": {"total_cost": 185.70968556169757, "time_cost": 70.427, "final_distance_cost": 1.8472020107546165, "oscillation_cost": 28.422938524352517, "completition_cost": 0.0, "overshoot_cost": 50.584255429900395, "power_cost": 13.642648815917969, "noise_cost": 20.78564078077207, "n_waypoints_completed": 9, "tot_waypoints": 9}}
{"target": -194.11634425778595, "params": {"k_pid_pos": [0.9326429400263394, 0.048009555157251284, 0.2812248089374932], "k_pid_alt": [1.7223518430147784, 0.0, 0.02798484901155372], "k_pid_att": [8.331277415782077, 4.0044239137619195, 0.4568837059880282], "k_pid_yaw": [0.5, 1e-06, 0.1], "k_pid_hsp": [0.26507314799022447, 0.016434429570235748, 0.0], "k_pid_vsp": [231.81971189004003, 147.65428506280622, 0.24249351084379833]}, "datetime": {"datetime": "2025-08-13 21:04:45", "elapsed": 40613.91633152962, "delta": 16.83328914642334}, "costs": {"total_cost": 194.11634425778595, "time_cost": 71.078, "final_distance_cost": 1.8370961724095578, "oscillation_cost": 28.65237089372157, "completition_cost": 0.0, "overshoot_cost": 50.88384022076217, "power_cost": 19.128274621582033, "noise_cost": 22.536762349310646, "n_waypoints_completed": 9, "tot_waypoints": 9}}
{"target": -191.0176712405356, "params": {"k_pid_pos": [1.093454697255879, 0.05143419582503741, 0.3067221095111356], "k_pid_alt": [1.1491598977901811, 0.0, 0.021962558630829687], "k_pid_att": [10.151823396249073, 4.692788759061267, 0.49926351609113473], "k_pid_yaw": [0.5, 1e-06, 0.1], "k_pid_hsp": [0.219912971189879, 0.013162158388866146, 0.0], "k_pid_vsp": [222.4035113649211, 140.30343457593747, 0.16731342335491717]}, "datetime": {"datetime": "2025-08-13 21:05:03", "elapsed": 40631.54230070114, "delta": 17.625969171524048}, "costs": {"total_cost": 191.0176712405356, "time_cost": 70.455, "final_distance_cost": 1.8279579869689895, "oscillation_cost": 28.50423500157833, "completition_cost": 0.0, "overshoot_cost": 50.55631131786998, "power_cost": 17.858476782226564, "noise_cost": 21.81569015189175, "n_waypoints_completed": 9, "tot_waypoints": 9}}
{"target": -195.74626777889276, "params": {"k_pid_pos": [0.8234115181837168, 0.043318408072115004, 0.3542519085427651], "k_pid_alt": [1.4460316826263189, 0.0, 0.026589893824771657], "k_pid_att": [8.862636719927139, 3.330564381695261, 0.6271487681726838], "k_pid_yaw": [0.5, 1e-06, 0.1], "k_pid_hsp": [0.23020455216821648, 0.008840746476940687, 0.0], "k_pid_vsp": [329.9139326016311, 94.34399713058701, 0.1335540239988294]}, "datetime": {"datetime": "2025-08-13 21:05:21", "elapsed": 40649.66871929169, "delta": 18.126418590545654}, "costs": {"total_cost": 195.74626777889276, "time_cost": 73.507, "final_distance_cost": 1.839235133392918, "oscillation_cost": 27.379199955978873, "completition_cost": 0.0, "overshoot_cost": 51.13064597963054, "power_cost": 18.165311938476563, "noise_cost": 23.724874771413813, "n_waypoints_completed": 9, "tot_waypoints": 9}}
{"target": -186.34291682645915, "params": {"k_pid_pos": [0.6764086482729553, 0.049613903186056796, 0.29574569574065973], "k_pid_alt": [0.992116684801538, 0.0, 0.025269937462793032], "k_pid_att": [10.674013600784738, 3.256965921158607, 0.5357154062682001], "k_pid_yaw": [0.5, 1e-06, 0.1], "k_pid_hsp": [0.13018463808460334, 0.018475172472242535, 0.0], "k_pid_vsp": [319.7022693807891, 159.51767020902818, 0.19677639565518448]}, "datetime": {"datetime": "2025-08-13 21:05:40", "elapsed": 40668.1147043705, "delta": 18.445985078811646}, "costs": {"total_cost": 186.34291682645915, "time_cost": 74.452, "final_distance_cost": 1.8462622719919146, "oscillation_cost": 24.96116720287128, "completition_cost": 0.0, "overshoot_cost": 50.346579780739795, "power_cost": 12.813516918945313, "noise_cost": 21.923390651910843, "n_waypoints_completed": 9, "tot_waypoints": 9}}
{"target": -192.53691562528073, "params": {"k_pid_pos": [0.5186286634702202, 0.05082541438817695, 0.2996681407840069], "k_pid_alt": [1.4396299162544037, 0.0, 0.02440923402544479], "k_pid_att": [9.598457504691751, 4.788632663519673, 0.549706756786697], "k_pid_yaw": [0.5, 1e-06, 0.1], "k_pid_hsp": [0.1898257314686901, 0.018815411563300508, 0.0], "k_pid_vsp": [223.2877037913954, 132.72956083023848, 0.14551369848874116]}, "datetime": {"datetime": "2025-08-13 21:05:59", "elapsed": 40687.81811594963, "delta": 19.70341157913208}, "costs": {"total_cost": 192.53691562528073, "time_cost": 79.674, "final_distance_cost": 1.8563761341893077, "oscillation_cost": 24.359201190365, "completition_cost": 0.0, "overshoot_cost": 51.428471714335565, "power_cost": 11.53559862060547, "noise_cost": 23.683267965785365, "n_waypoints_completed": 9, "tot_waypoints": 9}}
{"target": -187.52588960024, "params": {"k_pid_pos": [1.065846686182021, 0.049815838238967125, 0.3425820054934809], "k_pid_alt": [1.0951225157302082, 0.0, 0.034466693102793274], "k_pid_att": [9.01430298015078, 2.8259654397312866, 0.6616150756721172], "k_pid_yaw": [0.5, 1e-06, 0.1], "k_pid_hsp": [0.18372919737878282, 0.009295189892612426, 0.0], "k_pid_vsp": [253.88022388286538, 82.96885293247709, 0.15932360760242364]}, "datetime": {"datetime": "2025-08-13 21:06:16", "elapsed": 40704.28687000275, "delta": 16.468754053115845}, "costs": {"total_cost": 187.52588960024, "time_cost": 70.364, "final_distance_cost": 1.8431936382104719, "oscillation_cost": 27.881347091731374, "completition_cost": 0.0, "overshoot_cost": 50.939661882820914, "power_cost": 15.246372619628907, "noise_cost": 21.251314367848334, "n_waypoints_completed": 9, "tot_waypoints": 9}}
{"target": -192.49786797907944, "params": {"k_pid_pos": [0.8032009839555551, 0.05229423564628869, 0.29267938400002674], "k_pid_alt": [1.435372861949789, 0.0, 0.02919249569740053], "k_pid_att": [12.154220810528827, 3.017301981882141, 0.6265224211625778], "k_pid_yaw": [0.5, 1e-06, 0.1], "k_pid_hsp": [0.24791602155797823, 0.018108486590069754, 0.0], "k_pid_vsp": [293.07878109931954, 101.32567873967811, 0.15001904458047896]}, "datetime": {"datetime": "2025-08-13 21:06:35", "elapsed": 40723.458669900894, "delta": 19.171799898147583}, "costs": {"total_cost": 192.49786797907944, "time_cost": 72.905, "final_distance_cost": 1.8462955059685207, "oscillation_cost": 26.937162019979123, "completition_cost": 0.0, "overshoot_cost": 50.916581749717636, "power_cost": 17.187731750488283, "noise_cost": 22.705096952925896, "n_waypoints_completed": 9, "tot_waypoints": 9}}
{"target": -186.46261563236084, "params": {"k_pid_pos": [0.8000559010659108, 0.05770170682323935, 0.3347750327407782], "k_pid_alt": [1.2742258578826038, 0.0, 0.03278061476488917], "k_pid_att": [9.693854558329335, 3.7168917993240687, 0.6225516697320564], "k_pid_yaw": [0.5, 1e-06, 0.1], "k_pid_hsp": [0.20009211373539867, 0.014895292057762547, 0.0], "k_pid_vsp": [212.17909228544025, 131.12324558133994, 0.16372002353500967]}, "datetime": {"datetime": "2025-08-13 21:06:52", "elapsed": 40740.26552557945, "delta": 16.80685567855835}, "costs": {"total_cost": 186.46261563236084, "time_cost": 72.97500000000001, "final_distance_cost": 1.8412460914221414, "oscillation_cost": 26.916939863595097, "completition_cost": 0.0, "overshoot_cost": 50.40462578898508, "power_cost": 12.731080920410157, "noise_cost": 21.59372296794837, "n_waypoints_completed": 9, "tot_waypoints": 9}}
{"target": -194.3415696881104, "params": {"k_pid_pos": [0.9041120949990088, 0.06479773377797246, 0.36336855186640693], "k_pid_alt": [1.3452990876810194, 0.0, 0.026533982332095], "k_pid_att": [9.397529703654621, 2.9584253209669904, 0.5404515962230523], "k_pid_yaw": [0.5, 1e-06, 0.1], "k_pid_hsp": [0.22144069433998825, 0.01466713225341893, 0.0], "k_pid_vsp": [335.87777767098964, 87.05147930957071, 0.1700453586448258]}, "datetime": {"datetime": "2025-08-13 21:07:10", "elapsed": 40758.15366411209, "delta": 17.88813853263855}, "costs": {"total_cost": 194.3415696881104, "time_cost": 72.065, "final_distance_cost": 1.846734635659421, "oscillation_cost": 26.883596019472744, "completition_cost": 0.0, "overshoot_cost": 51.24589803246917, "power_cost": 19.4606060546875, "noise_cost": 22.839734945821565, "n_waypoints_completed": 9, "tot_waypoints": 9}}
{"target": -208.7294880263865, "params": {"k_pid_pos": [1.045742164056565, 0.05251922719852962, 0.3238094849937327], "k_pid_alt": [1.5128032721665907, 0.0, 0.015840495871146814], "k_pid_att": [9.195915220106125, 4.183861568265229, 0.6758645758683812], "k_pid_yaw": [0.5, 1e-06, 0.1], "k_pid_hsp": [0.2046168922507916, 0.014885354272725826, 0.0], "k_pid_vsp": [270.08100919190287, 119.91970056290207, 0.16887150547054255]}, "datetime": {"datetime": "2025-08-13 21:07:27", "elapsed": 40775.47879528999, "delta": 17.32513117790222}, "costs": {"total_cost": 208.7294880263865, "time_cost": 73.15, "final_distance_cost": 1.8341116420424617, "oscillation_cost": 30.71838304237718, "completition_cost": 0.0, "overshoot_cost": 53.2003270557586, "power_cost": 25.56590311279297, "noise_cost": 24.26076317341527, "n_waypoints_completed": 9, "tot_waypoints": 9}}
{"target": -180.66749975494628, "params": {"k_pid_pos": [0.7045221380938894, 0.04790218864313339, 0.2889326664418151], "k_pid_alt": [1.5775238951950545, 0.0, 0.021011400450232576], "k_pid_att": [8.76264223800522, 3.793061721606787, 0.5243309011436551], "k_pid_yaw": [0.5, 1e-06, 0.1], "k_pid_hsp": [0.20282230841008117, 0.013411529341798381, 0.0], "k_pid_vsp": [233.40170980239384, 162.87196569003984, 0.15852325387372931]}, "datetime": {"datetime": "2025-08-13 21:07:46", "elapsed": 40794.01927161217, "delta": 18.540476322174072}, "costs": {"total_cost": 180.66749975494628, "time_cost": 73.85000000000001, "final_distance_cost": 1.8497048053252831, "oscillation_cost": 25.981514403471305, "completition_cost": 0.0, "overshoot_cost": 50.90642219122362, "power_cost": 8.0727001953125, "noise_cost": 20.007158159613546, "n_waypoints_completed": 9, "tot_waypoints": 9}}
{"target": -187.98740209865878, "params": {"k_pid_pos": [0.9124475464533512, 0.04390784095219463, 0.2738232163712151], "k_pid_alt": [1.2429392497367777, 0.0, 0.02026280220564688], "k_pid_att": [7.713846786895917, 3.9411652771513634, 0.5263543865381003], "k_pid_yaw": [0.5, 1e-06, 0.1], "k_pid_hsp": [0.1723757846674648, 0.01301780115840262, 0.0], "k_pid_vsp": [325.11617510375726, 119.3536226028067, 0.14929996882113158]}, "datetime": {"datetime": "2025-08-13 21:08:02", "elapsed": 40810.39135456085, "delta": 16.372082948684692}, "costs": {"total_cost": 187.98740209865878, "time_cost": 70.42, "final_distance_cost": 1.8384844190438616, "oscillation_cost": 27.861654661818637, "completition_cost": 0.0, "overshoot_cost": 50.850418244902514, "power_cost": 15.591540075683595, "noise_cost": 21.425304697210187, "n_waypoints_completed": 9, "tot_waypoints": 9}}
{"target": -187.16076325009493, "params": {"k_pid_pos": [0.9140216818841483, 0.041379193028495916, 0.27137934947515124], "k_pid_alt": [1.41232576991729, 0.0, 0.021944059449375275], "k_pid_att": [12.241492741699792, 3.4584234134793572, 0.6349875001473397], "k_pid_yaw": [0.5, 1e-06, 0.1], "k_pid_hsp": [0.2523248052854736, 0.00710433422030517, 0.0], "k_pid_vsp": [266.73035303547414, 109.21873672299235, 0.14830092441743004]}, "datetime": {"datetime": "2025-08-13 21:08:20", "elapsed": 40828.42966270447, "delta": 18.038308143615723}, "costs": {"total_cost": 187.16076325009493, "time_cost": 70.70700000000001, "final_distance_cost": 1.8478370904365287, "oscillation_cost": 26.4603820958439, "completition_cost": 0.0, "overshoot_cost": 50.988378002255125, "power_cost": 15.470123986816407, "noise_cost": 21.687042074742962, "n_waypoints_completed": 9, "tot_waypoints": 9}}
{"target": -189.22654917254977, "params": {"k_pid_pos": [0.8010793692127628, 0.06122957653640545, 0.3095620509781074], "k_pid_alt": [1.1419162067221682, 0.0, 0.02638777844673457], "k_pid_att": [9.21217977200917, 4.391475143077193, 0.5903034483452104], "k_pid_yaw": [0.5, 1e-06, 0.1], "k_pid_hsp": [0.21757539631529066, 0.015228412084031875, 0.0], "k_pid_vsp": [326.0016808902146, 135.06885346956372, 0.16998208962197756]}, "datetime": {"datetime": "2025-08-13 21:08:38", "elapsed": 40846.23192644119, "delta": 17.802263736724854}, "costs": {"total_cost": 189.22654917254977, "time_cost": 73.108, "final_distance_cost": 1.840789542725731, "oscillation_cost": 27.5215144310252, "completition_cost": 0.0, "overshoot_cost": 50.43242732333594, "power_cost": 14.34953955078125, "noise_cost": 21.974278324681638, "n_waypoints_completed": 9, "tot_waypoints": 9}}
{"target": -182.94293877857916, "params": {"k_pid_pos": [1.0665200277900617, 0.04978294968666247, 0.28097983178199853], "k_pid_alt": [1.368659863316904, 0.0, 0.029145183945797095], "k_pid_att": [9.912368245781963, 4.5900897358577355, 0.6178637152190021], "k_pid_yaw": [0.5, 1e-06, 0.1], "k_pid_hsp": [0.2718108666077949, 0.01838220083666615, 0.0], "k_pid_vsp": [262.2429389713707, 112.21832458057075, 0.14231355183099775]}, "datetime": {"datetime": "2025-08-13 21:08:55", "elapsed": 40863.770045518875, "delta": 17.538119077682495}, "costs": {"total_cost": 182.94293877857916, "time_cost": 69.23, "final_distance_cost": 1.8454349360959432, "oscillation_cost": 29.49871148289333, "completition_cost": 0.0, "overshoot_cost": 49.881000688165386, "power_cost": 12.445671801757813, "noise_cost": 20.042119869666696, "n_waypoints_completed": 9, "tot_waypoints": 9}}
{"target": -187.1307442658305, "params": {"k_pid_pos": [1.1450748182735004, 0.049978140105787355, 0.3039014857888401], "k_pid_alt": [1.717528489576287, 0.0, 0.02946625172303532], "k_pid_att": [10.392796406709705, 3.43673851670508, 0.5728152698393579], "k_pid_yaw": [0.5, 1e-06, 0.1], "k_pid_hsp": [0.18526078194053275, 0.015499958068668822, 0.0], "k_pid_vsp": [322.59861906516477, 113.36272647366145, 0.16002023281914146]}, "datetime": {"datetime": "2025-08-13 21:09:12", "elapsed": 40880.53441429138, "delta": 16.764368772506714}, "costs": {"total_cost": 187.1307442658305, "time_cost": 69.048, "final_distance_cost": 1.826889886927659, "oscillation_cost": 28.923822867661464, "completition_cost": 0.0, "overshoot_cost": 50.14104277394979, "power_cost": 16.1279099609375, "noise_cost": 21.06307877635408, "n_waypoints_completed": 9, "tot_waypoints": 9}}
{"target": -182.16422260473286, "params": {"k_pid_pos": [0.9689048217165878, 0.05819348160741888, 0.3015322248133722], "k_pid_alt": [1.4476918796763698, 0.0, 0.025046095194110416], "k_pid_att": [9.73939292483232, 3.6462553871857337, 0.5595491004668963], "k_pid_yaw": [0.5, 1e-06, 0.1], "k_pid_hsp": [0.17476720118247577, 0.015077601799794305, 0.0], "k_pid_vsp": [290.4681023340548, 152.67411221726772, 0.0964972252949653]}, "datetime": {"datetime": "2025-08-13 21:09:31", "elapsed": 40899.18818688393, "delta": 18.653772592544556}, "costs": {"total_cost": 182.16422260473286, "time_cost": 69.57300000000001, "final_distance_cost": 1.8282898679336534, "oscillation_cost": 27.46525735049285, "completition_cost": 0.0, "overshoot_cost": 50.31043827732576, "power_cost": 12.652275634765626, "noise_cost": 20.334961474214975, "n_waypoints_completed": 9, "tot_waypoints": 9}}
{"target": -194.8475299874341, "params": {"k_pid_pos": [0.983995640301917, 0.04632707702118032, 0.3567761473607171], "k_pid_alt": [1.3919702402856622, 0.0, 0.019721589846376425], "k_pid_att": [11.03390983582401, 3.742695439934708, 0.47920963267008965], "k_pid_yaw": [0.5, 1e-06, 0.1], "k_pid_hsp": [0.2141593098760576, 0.018974651485527613, 0.0], "k_pid_vsp": [336.23396513032327, 130.5098775345577, 0.1531022067783389]}, "datetime": {"datetime": "2025-08-13 21:09:48", "elapsed": 40915.99841403961, "delta": 16.810227155685425}, "costs": {"total_cost": 194.8475299874341, "time_cost": 71.743, "final_distance_cost": 1.8398321484252813, "oscillation_cost": 27.669215037915116, "completition_cost": 0.0, "overshoot_cost": 51.35137308030447, "power_cost": 19.73303634033203, "noise_cost": 22.51107338045716, "n_waypoints_completed": 9, "tot_waypoints": 9}}
{"target": -187.72226264665315, "params": {"k_pid_pos": [0.9544795533909834, 0.0650467322518043, 0.27956441354794737], "k_pid_alt": [1.5208173506847906, 0.0, 0.027391838103843897], "k_pid_att": [9.629356502921231, 4.611674214267006, 0.7358874047388492], "k_pid_yaw": [0.5, 1e-06, 0.1], "k_pid_hsp": [0.1703617098369622, 0.01734865119699443, 0.0], "k_pid_vsp": [336.3465682153835, 127.3528665154538, 0.2001525697479587]}, "datetime": {"datetime": "2025-08-13 21:10:05", "elapsed": 40933.58291006088, "delta": 17.584496021270752}, "costs": {"total_cost": 187.72226264665315, "time_cost": 70.168, "final_distance_cost": 1.8283139606754553, "oscillation_cost": 27.536017310359473, "completition_cost": 0.0, "overshoot_cost": 50.26878905432471, "power_cost": 16.570181262207033, "noise_cost": 21.350961059086465, "n_waypoints_completed": 9, "tot_waypoints": 9}}
{"target": -185.3531343416005, "params": {"k_pid_pos": [0.9364662279416595, 0.04976205404568689, 0.2911804066139434], "k_pid_alt": [1.404148353001493, 0.0, 0.023205764614694712], "k_pid_att": [11.666060034285834, 3.732152833100559, 0.6050593336449334], "k_pid_yaw": [0.5, 1e-06, 0.1], "k_pid_hsp": [0.2508891080840964, 0.01029400407445299, 0.0], "k_pid_vsp": [224.71222581098155, 122.43070940787364, 0.15873576168295156]}, "datetime": {"datetime": "2025-08-13 21:10:22", "elapsed": 40950.363137722015, "delta": 16.780227661132812}, "costs": {"total_cost": 185.3531343416005, "time_cost": 70.623, "final_distance_cost": 1.8421630201478276, "oscillation_cost": 26.575160151806823, "completition_cost": 0.0, "overshoot_cost": 50.71153298196161, "power_cost": 14.419793188476563, "noise_cost": 21.18148499920766, "n_waypoints_completed": 9, "tot_waypoints": 9}}
{"target": -186.09536389735587, "params": {"k_pid_pos": [0.8192677329650717, 0.06069039804458043, 0.3066669664857684], "k_pid_alt": [1.5945092583042395, 0.0, 0.025871756943807802], "k_pid_att": [9.433632721988525, 3.867286804568769, 0.5975939590618561], "k_pid_yaw": [0.5, 1e-06, 0.1], "k_pid_hsp": [0.13404195610969072, 0.012929978826809595, 0.0], "k_pid_vsp": [278.99451087794887, 118.4649435714992, 0.14946976351225655]}, "datetime": {"datetime": "2025-08-13 21:10:40", "elapsed": 40968.15536689758, "delta": 17.792229175567627}, "costs": {"total_cost": 186.09536389735587, "time_cost": 70.994, "final_distance_cost": 1.8389267301022791, "oscillation_cost": 25.834078372616972, "completition_cost": 0.0, "overshoot_cost": 50.83390599873703, "power_cost": 15.062218103027345, "noise_cost": 21.532234692872255, "n_waypoints_completed": 9, "tot_waypoints": 9}}
