{"target": -187.19780899152397, "params": {"k_pid_pos": [0.811442142856888, 0.039885818120837115, 0.27798565369519124], "k_pid_alt": [1.1243783699808956, 0.0, 0.031513068616826664], "k_pid_att": [10.363000827142683, 1.925970926903479, 0.43087702705552733], "k_pid_yaw": [0.5, 1e-06, 0.1], "k_pid_hsp": [0.2301132083209445, 0.01855190722522402, 0.0], "k_pid_vsp": [319.7646463072162, 102.73254242249955, 0.1499720244524356]}, "datetime": {"datetime": "2025-08-13 18:30:15", "elapsed": 31343.867431163788, "delta": 17.914087772369385}, "costs": {"total_cost": 187.19780899152397, "time_cost": 72.828, "final_distance_cost": 1.8436935608463731, "oscillation_cost": 27.085630013691524, "completition_cost": 0.0, "overshoot_cost": 50.41945969069109, "power_cost": 13.30981590576172, "noise_cost": 21.711209820533234, "n_waypoints_completed": 9, "tot_waypoints": 9}}
{"target": -197.0359778837602, "params": {"k_pid_pos": [0.5742125550522204, 0.051719265137865116, 0.3035888077492425], "k_pid_alt": [0.7595126190320712, 0.0, 0.023244559405958824], "k_pid_att": [12.044719785773955, 3.1656176773833202, 0.7116763049239371], "k_pid_yaw": [0.5, 1e-06, 0.1], "k_pid_hsp": [0.13367551499611893, 0.026121305377664588, 0.0], "k_pid_vsp": [338.9320941776119, 123.24852732112909, 0.1663305966993983]}, "datetime": {"datetime": "2025-08-13 18:30:34", "elapsed": 31362.66360282898, "delta": 18.79617166519165}, "costs": {"total_cost": 197.0359778837602, "time_cost": 80.339, "final_distance_cost": 1.859177191118933, "oscillation_cost": 24.386133818761415, "completition_cost": 0.0, "overshoot_cost": 51.01641571324219, "power_cost": 14.882442724609376, "noise_cost": 24.552808436028286, "n_waypoints_completed": 9, "tot_waypoints": 9}}
{"target": -205.18454744662165, "params": {"k_pid_pos": [0.34086696801024746, 0.06731986648415754, 0.11038007757513468], "k_pid_alt": [1.037312161950113, 0.0, 0.033222745890780024], "k_pid_att": [8.374260374437972, 3.4651429732481684, 0.4057884354145181], "k_pid_yaw": [0.5, 1e-06, 0.1], "k_pid_hsp": [0.20317293893677177, 0.018119409755270027, 0.0], "k_pid_vsp": [378.62468520009253, 112.55825906566105, 0.14963508508568965]}, "datetime": {"datetime": "2025-08-13 18:30:57", "elapsed": 31385.077241420746, "delta": 22.413638591766357}, "costs": {"total_cost": 205.18454744662165, "time_cost": 91.182, "final_distance_cost": 1.8524909688864908, "oscillation_cost": 21.24477232967684, "completition_cost": 0.0, "overshoot_cost": 53.03736827336577, "power_cost": 11.429131591796876, "noise_cost": 26.438784282895657, "n_waypoints_completed": 9, "tot_waypoints": 9}}
{"target": -202.58894170869138, "params": {"k_pid_pos": [1.102703250114686, 0.05007652518752187, 0.2108062155004208], "k_pid_alt": [1.1630094905712047, 0.0, 0.021662313174734434], "k_pid_att": [13.435355055764072, 3.238890128608914, 0.6473701160476851], "k_pid_yaw": [0.5, 1e-06, 0.1], "k_pid_hsp": [0.12755676002664212, 0.03116758532679409, 0.0], "k_pid_vsp": [237.9274847031592, 89.84929596579089, 0.1659904611575287]}, "datetime": {"datetime": "2025-08-13 18:31:15", "elapsed": 31403.216871023178, "delta": 18.13962960243225}, "costs": {"total_cost": 202.58894170869138, "time_cost": 72.87, "final_distance_cost": 1.8200039630719178, "oscillation_cost": 30.58299887605501, "completition_cost": 0.0, "overshoot_cost": 52.32425034093022, "power_cost": 22.278859741210937, "noise_cost": 22.71282878742329, "n_waypoints_completed": 9, "tot_waypoints": 9}}
{"target": -185.06513214092925, "params": {"k_pid_pos": [0.9470714785686596, 0.054997272204498494, 0.1928036400047756], "k_pid_alt": [1.415609871897903, 0.0, 0.03367501068984203], "k_pid_att": [5.837372126324456, 4.937254615988754, 0.5865165996161535], "k_pid_yaw": [0.5, 1e-06, 0.1], "k_pid_hsp": [0.16750112278829468, 0.018890649465692997, 0.0], "k_pid_vsp": [400.0, 124.5287893941573, 0.12550512700089553]}, "datetime": {"datetime": "2025-08-13 18:31:31", "elapsed": 31419.53977751732, "delta": 16.322906494140625}, "costs": {"total_cost": 185.06513214092925, "time_cost": 69.356, "final_distance_cost": 1.8309008559964186, "oscillation_cost": 29.37319264400433, "completition_cost": 0.0, "overshoot_cost": 49.823280878161576, "power_cost": 14.086247961425782, "noise_cost": 20.595509801341144, "n_waypoints_completed": 9, "tot_waypoints": 9}}
{"target": -182.2515040828232, "params": {"k_pid_pos": [0.945368361653763, 0.048665065138581674, 0.282461454994616], "k_pid_alt": [1.5821568542986146, 0.0, 0.023235952540748606], "k_pid_att": [11.191057641706806, 4.036087667587664, 0.3538052603449804], "k_pid_yaw": [0.5, 1e-06, 0.1], "k_pid_hsp": [0.20819306959974324, 0.019279451693377345, 0.0], "k_pid_vsp": [282.0575717220419, 87.2260371527034, 0.10770164705555063]}, "datetime": {"datetime": "2025-08-13 18:31:48", "elapsed": 31436.298164129257, "delta": 16.758386611938477}, "costs": {"total_cost": 182.2515040828232, "time_cost": 69.643, "final_distance_cost": 1.8449201632048244, "oscillation_cost": 27.488675668453006, "completition_cost": 0.0, "overshoot_cost": 50.187721361818134, "power_cost": 12.674840576171876, "noise_cost": 20.412346313175377, "n_waypoints_completed": 9, "tot_waypoints": 9}}
{"target": -183.6530358462764, "params": {"k_pid_pos": [0.9316683229373649, 0.06408547167583666, 0.24772391620654013], "k_pid_alt": [1.7089026124958995, 0.0, 0.021416727048937285], "k_pid_att": [11.265680426880225, 3.8588923899229606, 0.6440617537914882], "k_pid_yaw": [0.5, 1e-06, 0.1], "k_pid_hsp": [0.1739752376709447, 0.021799669268398436, 0.0], "k_pid_vsp": [102.80992621892749, 138.2056117397335, 0.10679903235222166]}, "datetime": {"datetime": "2025-08-13 18:32:04", "elapsed": 31452.354118347168, "delta": 16.055954217910767}, "costs": {"total_cost": 183.6530358462764, "time_cost": 69.678, "final_distance_cost": 1.8361285377282888, "oscillation_cost": 27.636939931255043, "completition_cost": 0.0, "overshoot_cost": 49.701513466455324, "power_cost": 14.12216943359375, "noise_cost": 20.67828447724401, "n_waypoints_completed": 9, "tot_waypoints": 9}}
{"target": -202.17247358414863, "params": {"k_pid_pos": [0.5923851078414173, 0.028615080229101714, 0.37644860350665565], "k_pid_alt": [1.471939815258087, 0.0, 0.0206709893850318], "k_pid_att": [11.895780794161055, 5.554022602094459, 0.39634849334844063], "k_pid_yaw": [0.5, 1e-06, 0.1], "k_pid_hsp": [0.17434479863904975, 0.01654395706684278, 0.0], "k_pid_vsp": [310.56190136005654, 116.64462027491412, 0.1546591056526709]}, "datetime": {"datetime": "2025-08-13 18:32:23", "elapsed": 31471.8236618042, "delta": 19.46954345703125}, "costs": {"total_cost": 202.17247358414863, "time_cost": 79.513, "final_distance_cost": 1.8582702311521764, "oscillation_cost": 25.240341705456192, "completition_cost": 0.0, "overshoot_cost": 51.42293718373431, "power_cost": 18.37592917480469, "noise_cost": 25.76199528900126, "n_waypoints_completed": 9, "tot_waypoints": 9}}
{"target": -184.9356383386603, "params": {"k_pid_pos": [0.8264465927781627, 0.0683091480796842, 0.2670938331413139], "k_pid_alt": [1.3261180590963075, 0.0, 0.025652599645542774], "k_pid_att": [5.80452532086354, 3.6767531651727245, 0.6290483423376836], "k_pid_yaw": [0.5, 1e-06, 0.1], "k_pid_hsp": [0.17864219165628878, 0.02591660986368031, 0.0], "k_pid_vsp": [322.4027682750554, 98.13989740844029, 0.130941201313725]}, "datetime": {"datetime": "2025-08-13 18:32:40", "elapsed": 31488.411565065384, "delta": 16.587903261184692}, "costs": {"total_cost": 184.9356383386603, "time_cost": 71.05, "final_distance_cost": 1.838789056662368, "oscillation_cost": 28.06065533478526, "completition_cost": 0.0, "overshoot_cost": 50.51683837450637, "power_cost": 12.649780773925782, "noise_cost": 20.81957479878054, "n_waypoints_completed": 9, "tot_waypoints": 9}}
{"target": -186.39933989610896, "params": {"k_pid_pos": [1.0773818775396882, 0.06691454816122658, 0.36310171508643646], "k_pid_alt": [1.4901582363778452, 0.0, 0.021553836229196672], "k_pid_att": [14.668336354771597, 5.732977097867192, 0.49264471088399747], "k_pid_yaw": [0.5, 1e-06, 0.1], "k_pid_hsp": [0.16582971953120604, 0.026707707397025913, 0.0], "k_pid_vsp": [225.45905711422907, 108.24578881694542, 0.15073041286273528]}, "datetime": {"datetime": "2025-08-13 18:32:57", "elapsed": 31505.49819803238, "delta": 17.08663296699524}, "costs": {"total_cost": 186.39933989610896, "time_cost": 69.699, "final_distance_cost": 1.832679075717882, "oscillation_cost": 28.413936059397972, "completition_cost": 0.0, "overshoot_cost": 50.00771650572886, "power_cost": 15.402754748535157, "noise_cost": 21.04325350672909, "n_waypoints_completed": 9, "tot_waypoints": 9}}
{"target": -189.60414883383058, "params": {"k_pid_pos": [0.6953046043223216, 0.0319036584887591, 0.3645479170800638], "k_pid_alt": [1.198553379811328, 0.0, 0.030401696272714777], "k_pid_att": [8.741675441535099, 2.553667130768522, 0.5292222427732491], "k_pid_yaw": [0.5, 1e-06, 0.1], "k_pid_hsp": [0.16740299233681122, 0.02174555235585623, 0.0], "k_pid_vsp": [261.6651235823535, 101.3536469900019, 0.10875789719849961]}, "datetime": {"datetime": "2025-08-13 18:33:15", "elapsed": 31523.42781162262, "delta": 17.92961359024048}, "costs": {"total_cost": 189.60414883383058, "time_cost": 75.901, "final_distance_cost": 1.8586471424695725, "oscillation_cost": 25.988519151859165, "completition_cost": 0.0, "overshoot_cost": 50.66117232746417, "power_cost": 12.612793566894531, "noise_cost": 22.582016645143106, "n_waypoints_completed": 9, "tot_waypoints": 9}}
{"target": -187.7094801099222, "params": {"k_pid_pos": [0.8952838868735317, 0.0631118888416378, 0.23072511936946152], "k_pid_alt": [1.5483338313929045, 0.0, 0.023169597816564715], "k_pid_att": [10.539189863458951, 2.8796392909923516, 0.4249546926593925], "k_pid_yaw": [0.5, 1e-06, 0.1], "k_pid_hsp": [0.1783872202521171, 0.02385019279818576, 0.0], "k_pid_vsp": [323.4286129151605, 91.32586024406505, 0.12550246747119168]}, "datetime": {"datetime": "2025-08-13 18:33:32", "elapsed": 31540.79340648651, "delta": 17.3655948638916}, "costs": {"total_cost": 187.7094801099222, "time_cost": 69.923, "final_distance_cost": 1.8389403574084493, "oscillation_cost": 27.500224895327733, "completition_cost": 0.0, "overshoot_cost": 50.02093857185273, "power_cost": 16.787985473632812, "noise_cost": 21.638390811700486, "n_waypoints_completed": 9, "tot_waypoints": 9}}
{"target": -190.7527893744829, "params": {"k_pid_pos": [0.7897482240496801, 0.05985919150248148, 0.2531306386895222], "k_pid_alt": [1.1311567085612484, 0.0, 0.03414971712283133], "k_pid_att": [7.887467622836599, 3.605161260821004, 0.8128188786641669], "k_pid_yaw": [0.5, 1e-06, 0.1], "k_pid_hsp": [0.21984168094271314, 0.022964691362119486, 0.0], "k_pid_vsp": [243.72438755276656, 83.00712329730065, 0.15044959162739457]}, "datetime": {"datetime": "2025-08-13 18:33:50", "elapsed": 31558.725437641144, "delta": 17.93203115463257}, "costs": {"total_cost": 190.7527893744829, "time_cost": 72.57600000000001, "final_distance_cost": 1.8442415574930973, "oscillation_cost": 27.86879106366835, "completition_cost": 0.0, "overshoot_cost": 50.60880884781558, "power_cost": 15.730814038085938, "noise_cost": 22.124133867419882, "n_waypoints_completed": 9, "tot_waypoints": 9}}
{"target": -199.88624930132025, "params": {"k_pid_pos": [0.9651037096818017, 0.05650705196882503, 0.2842667994233192], "k_pid_alt": [1.1746703798256197, 0.0, 0.029313355360534643], "k_pid_att": [12.287848391727751, 4.036694202062702, 0.8690838254651746], "k_pid_yaw": [0.5, 1e-06, 0.1], "k_pid_hsp": [0.1796339966329689, 0.018930013926862204, 0.0], "k_pid_vsp": [304.2156889998833, 110.55427561972397, 0.0979725809908651]}, "datetime": {"datetime": "2025-08-13 18:34:08", "elapsed": 31576.478880882263, "delta": 17.753443241119385}, "costs": {"total_cost": 199.88624930132025, "time_cost": 72.142, "final_distance_cost": 1.8352156529460373, "oscillation_cost": 27.873166953776234, "completition_cost": 0.0, "overshoot_cost": 52.07767302710148, "power_cost": 22.851778942871096, "noise_cost": 23.10641472462537, "n_waypoints_completed": 9, "tot_waypoints": 9}}
{"target": -183.71455864157934, "params": {"k_pid_pos": [0.9142250693376811, 0.05698161807534218, 0.19150417252068785], "k_pid_alt": [0.9491932086488379, 0.0, 0.03315517839235571], "k_pid_att": [12.933605216633595, 5.626409516309097, 0.34702750654698167], "k_pid_yaw": [0.5, 1e-06, 0.1], "k_pid_hsp": [0.15487921899094428, 0.023183702389254268, 0.0], "k_pid_vsp": [295.8126678539739, 130.8271809909121, 0.15238929085651695]}, "datetime": {"datetime": "2025-08-13 18:34:26", "elapsed": 31594.15412259102, "delta": 17.675241708755493}, "costs": {"total_cost": 183.71455864157934, "time_cost": 70.539, "final_distance_cost": 1.8224688804144007, "oscillation_cost": 28.481931344406032, "completition_cost": 0.0, "overshoot_cost": 49.936995707114455, "power_cost": 12.609712109375, "noise_cost": 20.324450600269444, "n_waypoints_completed": 9, "tot_waypoints": 9}}
{"target": -190.6338345427218, "params": {"k_pid_pos": [0.779323574443803, 0.08229504942924026, 0.24824662181252824], "k_pid_alt": [1.3676051012995678, 0.0, 0.025732521248822676], "k_pid_att": [7.866868466125234, 4.476020886037623, 0.4284341660578734], "k_pid_yaw": [0.5, 1e-06, 0.1], "k_pid_hsp": [0.18694348477908865, 0.019460492980199032, 0.0], "k_pid_vsp": [245.07988315817298, 114.40301008618685, 0.13246913173968908]}, "datetime": {"datetime": "2025-08-13 18:34:43", "elapsed": 31611.04065299034, "delta": 16.88653039932251}, "costs": {"total_cost": 190.6338345427218, "time_cost": 71.547, "final_distance_cost": 1.8328652455380008, "oscillation_cost": 28.076907837716305, "completition_cost": 0.0, "overshoot_cost": 50.36135465043308, "power_cost": 16.61960467529297, "noise_cost": 22.19610213374143, "n_waypoints_completed": 9, "tot_waypoints": 9}}
{"target": -184.95070614455898, "params": {"k_pid_pos": [1.1472602192287977, 0.0447494233678021, 0.1660977919781448], "k_pid_alt": [0.637779320893144, 0.0, 0.023947125868486213], "k_pid_att": [12.013014108227113, 3.126106595025968, 0.5643026663730574], "k_pid_yaw": [0.5, 1e-06, 0.1], "k_pid_hsp": [0.20398871256701465, 0.023515305638777902, 0.0], "k_pid_vsp": [315.23921849534946, 44.44639362826831, 0.16374032964079924]}, "datetime": {"datetime": "2025-08-13 18:35:00", "elapsed": 31628.587797641754, "delta": 17.547144651412964}, "costs": {"total_cost": 184.95070614455898, "time_cost": 72.604, "final_distance_cost": 1.8355341982192794, "oscillation_cost": 30.282067647105155, "completition_cost": 0.0, "overshoot_cost": 50.51068845243494, "power_cost": 10.15178515625, "noise_cost": 19.566630690549626, "n_waypoints_completed": 9, "tot_waypoints": 9}}
{"target": -184.8245444029845, "params": {"k_pid_pos": [0.9590136973373832, 0.06842054420217426, 0.1264734045154479], "k_pid_alt": [1.0036440276461178, 0.0, 0.03284465965267545], "k_pid_att": [13.592075246045539, 3.8801902836316966, 0.4586894387233338], "k_pid_yaw": [0.5, 1e-06, 0.1], "k_pid_hsp": [0.079896934001851, 0.026448518089003947, 0.0], "k_pid_vsp": [305.38900716589757, 106.7135128738958, 0.12749034334984424]}, "datetime": {"datetime": "2025-08-13 18:35:18", "elapsed": 31646.171219348907, "delta": 17.58342170715332}, "costs": {"total_cost": 184.8245444029845, "time_cost": 72.639, "final_distance_cost": 1.8011056152510216, "oscillation_cost": 30.53498218964159, "completition_cost": 0.0, "overshoot_cost": 50.78384001104808, "power_cost": 9.617876135253907, "noise_cost": 19.447740451789894, "n_waypoints_completed": 9, "tot_waypoints": 9}}
{"target": -184.70581965218716, "params": {"k_pid_pos": [0.818905543482034, 0.0419723735192706, 0.1697736843254667], "k_pid_alt": [1.5885658853709372, 0.0, 0.02247577407121787], "k_pid_att": [14.58343153977244, 4.994372076504905, 0.5367574542213985], "k_pid_yaw": [0.5, 1e-06, 0.1], "k_pid_hsp": [0.23065012505528296, 0.02476624365695453, 0.0], "k_pid_vsp": [370.94880758499875, 159.41890173947098, 0.11029096536619476]}, "datetime": {"datetime": "2025-08-13 18:35:34", "elapsed": 31662.838312625885, "delta": 16.66709327697754}, "costs": {"total_cost": 184.70581965218716, "time_cost": 70.266, "final_distance_cost": 1.8356869190800127, "oscillation_cost": 26.86777899932926, "completition_cost": 0.0, "overshoot_cost": 50.39114626918482, "power_cost": 14.252549218750001, "noise_cost": 21.092658245843033, "n_waypoints_completed": 9, "tot_waypoints": 9}}
{"target": -181.61163711128594, "params": {"k_pid_pos": [0.788604612386241, 0.06628657672691617, 0.3282658052082657], "k_pid_alt": [1.3413385372318338, 0.0, 0.023178744190430978], "k_pid_att": [11.599731090665875, 2.780227037447545, 0.7600254576124041], "k_pid_yaw": [0.5, 1e-06, 0.1], "k_pid_hsp": [0.17342110099028282, 0.017682278139921768, 0.0], "k_pid_vsp": [209.62723824585942, 81.07819167540504, 0.1747401637412406]}, "datetime": {"datetime": "2025-08-13 18:35:52", "elapsed": 31680.572199106216, "delta": 17.73388648033142}, "costs": {"total_cost": 181.61163711128594, "time_cost": 72.527, "final_distance_cost": 1.8415841246395022, "oscillation_cost": 26.251178366805004, "completition_cost": 0.0, "overshoot_cost": 50.60395534954866, "power_cost": 9.9611744140625, "noise_cost": 20.426744856230265, "n_waypoints_completed": 9, "tot_waypoints": 9}}
{"target": -185.01135706451456, "params": {"k_pid_pos": [0.8377753774547357, 0.05428315217889972, 0.18125872390829093], "k_pid_alt": [1.50343198762688, 0.0, 0.01626053102532869], "k_pid_att": [13.374396424672895, 3.285352218238394, 0.3947904152924884], "k_pid_yaw": [0.5, 1e-06, 0.1], "k_pid_hsp": [0.1587079184874484, 0.01636360635916172, 0.0], "k_pid_vsp": [306.989604532444, 83.9027413604472, 0.15978141554563552]}, "datetime": {"datetime": "2025-08-13 18:36:09", "elapsed": 31697.415862321854, "delta": 16.843663215637207}, "costs": {"total_cost": 185.01135706451456, "time_cost": 70.343, "final_distance_cost": 1.8363724950514586, "oscillation_cost": 26.20094737628146, "completition_cost": 0.0, "overshoot_cost": 50.66114803194812, "power_cost": 14.783642065429689, "noise_cost": 21.186247095803814, "n_waypoints_completed": 9, "tot_waypoints": 9}}
{"target": -187.42670581945407, "params": {"k_pid_pos": [1.190653705801323, 0.06496968880562908, 0.27501103239665586], "k_pid_alt": [0.6459138781570911, 0.0, 0.019471496449411135], "k_pid_att": [15.57063895076417, 4.563882421967819, 0.3293362976710164], "k_pid_yaw": [0.5, 1e-06, 0.1], "k_pid_hsp": [0.17468476729696822, 0.022061043872613994, 0.0], "k_pid_vsp": [320.4797667326652, 101.28054517195385, 0.15559553153110786]}, "datetime": {"datetime": "2025-08-13 18:36:26", "elapsed": 31714.835047721863, "delta": 17.419185400009155}, "costs": {"total_cost": 187.42670581945407, "time_cost": 72.478, "final_distance_cost": 1.8229591193535528, "oscillation_cost": 29.900154595666166, "completition_cost": 0.0, "overshoot_cost": 50.4521684502332, "power_cost": 12.375546203613283, "noise_cost": 20.397877450587885, "n_waypoints_completed": 9, "tot_waypoints": 9}}
{"target": -187.22916843692875, "params": {"k_pid_pos": [1.218451691289492, 0.06199703016806931, 0.24187165146641307], "k_pid_alt": [1.2062711853083614, 0.0, 0.025541887771752342], "k_pid_att": [9.640778080779368, 5.244991983516015, 0.4090692480743983], "k_pid_yaw": [0.5, 1e-06, 0.1], "k_pid_hsp": [0.19423243257610653, 0.02534420391502742, 0.0], "k_pid_vsp": [286.94810141731415, 129.2879222835775, 0.20409140172783627]}, "datetime": {"datetime": "2025-08-13 18:36:43", "elapsed": 31731.31964445114, "delta": 16.484596729278564}, "costs": {"total_cost": 187.22916843692875, "time_cost": 69.209, "final_distance_cost": 1.824187485203585, "oscillation_cost": 31.1343029997732, "completition_cost": 0.0, "overshoot_cost": 49.99366614713113, "power_cost": 14.618118945312501, "noise_cost": 20.449892859508346, "n_waypoints_completed": 9, "tot_waypoints": 9}}
{"target": -187.2044378209909, "params": {"k_pid_pos": [0.8789496612063136, 0.05588958868421582, 0.2504416605994911], "k_pid_alt": [1.4871101682928278, 0.0, 0.028868356599127117], "k_pid_att": [13.561458018330043, 4.1064374227099565, 0.6453979250607195], "k_pid_yaw": [0.5, 1e-06, 0.1], "k_pid_hsp": [0.1526945346714442, 0.019242758299285595, 0.0], "k_pid_vsp": [334.8634431961778, 141.0189699696764, 0.0856486102126232]}, "datetime": {"datetime": "2025-08-13 18:37:00", "elapsed": 31748.253378152847, "delta": 16.933733701705933}, "costs": {"total_cost": 187.2044378209909, "time_cost": 70.392, "final_distance_cost": 1.8277099096934, "oscillation_cost": 26.404383861317136, "completition_cost": 0.0, "overshoot_cost": 50.646839697623584, "power_cost": 16.379513415527345, "noise_cost": 21.553990936829415, "n_waypoints_completed": 9, "tot_waypoints": 9}}
{"target": -184.6340850990748, "params": {"k_pid_pos": [0.9177787661143997, 0.05985268216083987, 0.31887346617249807], "k_pid_alt": [1.0836045261227183, 0.0, 0.02372360177705828], "k_pid_att": [6.818694684543668, 3.4485333625476184, 0.7405992838754916], "k_pid_yaw": [0.5, 1e-06, 0.1], "k_pid_hsp": [0.1025715579085626, 0.014713849153358124, 0.0], "k_pid_vsp": [281.5763504664242, 122.32177842915321, 0.14396663776813748]}, "datetime": {"datetime": "2025-08-13 18:37:17", "elapsed": 31765.55797958374, "delta": 17.304601430892944}, "costs": {"total_cost": 184.6340850990748, "time_cost": 71.22500000000001, "final_distance_cost": 1.8158074835964906, "oscillation_cost": 26.318362099974856, "completition_cost": 0.0, "overshoot_cost": 50.2368044193114, "power_cost": 14.159271557617188, "noise_cost": 20.878839538574876, "n_waypoints_completed": 9, "tot_waypoints": 9}}
