{"target": -182.63296231408052, "params": {"k_pid_pos": [1.1231934564151862, 0.02987923382177966, 0.24249427810845278], "k_pid_alt": [1.300125866871199, 0.0, 0.025230817214189464], "k_pid_att": [5.010403450749846, 3.7294421563414457, 0.5964922357727025], "k_pid_yaw": [0.5, 1e-06, 0.1], "k_pid_hsp": [0.16425129296310376, 0.02695554585755632, 0.0], "k_pid_vsp": [298.19397227993045, 134.66851255660399, 0.18790879859994483]}, "datetime": {"datetime": "2025-08-13 18:52:22", "elapsed": 32670.09628725052, "delta": 16.374722242355347}, "costs": {"total_cost": 182.63296231408052, "time_cost": 68.649, "final_distance_cost": 1.8378926717381565, "oscillation_cost": 31.872364896801376, "completition_cost": 0.0, "overshoot_cost": 49.36165179651746, "power_cost": 11.438933056640625, "noise_cost": 19.473119892382908, "n_waypoints_completed": 9, "tot_waypoints": 9}}
{"target": -190.01490091974003, "params": {"k_pid_pos": [1.0708982076733826, 0.05514005770399588, 0.3617083437604154], "k_pid_alt": [0.742002901155787, 0.0, 0.021697759872502786], "k_pid_att": [10.646662239255525, 4.347381750166369, 0.7017378378738003], "k_pid_yaw": [0.5, 1e-06, 0.1], "k_pid_hsp": [0.15651195340421578, 0.019192383555649964, 0.0], "k_pid_vsp": [206.66295608560483, 123.02677023989538, 0.15130670511491853]}, "datetime": {"datetime": "2025-08-13 18:52:39", "elapsed": 32686.981051445007, "delta": 16.884764194488525}, "costs": {"total_cost": 190.01490091974003, "time_cost": 72.009, "final_distance_cost": 1.8298657378931886, "oscillation_cost": 28.766883481159976, "completition_cost": 0.0, "overshoot_cost": 50.16020966364951, "power_cost": 15.887995507812501, "noise_cost": 21.360946529224865, "n_waypoints_completed": 9, "tot_waypoints": 9}}
{"target": -184.88341784915377, "params": {"k_pid_pos": [1.0427472424982973, 0.03853800335029836, 0.2900204234361856], "k_pid_alt": [1.623535897868931, 0.0, 0.032448879036592854], "k_pid_att": [9.95573652537726, 3.6506559607493325, 0.9147674570428909], "k_pid_yaw": [0.5, 1e-06, 0.1], "k_pid_hsp": [0.15743443885722147, 0.024605979627025393, 0.0], "k_pid_vsp": [400.0, 107.8972193652401, 0.1331060695311971]}, "datetime": {"datetime": "2025-08-13 18:52:55", "elapsed": 32703.577584028244, "delta": 16.596532583236694}, "costs": {"total_cost": 184.88341784915377, "time_cost": 69.349, "final_distance_cost": 1.838397854676975, "oscillation_cost": 28.654274534887815, "completition_cost": 0.0, "overshoot_cost": 49.87286382126502, "power_cost": 14.373004089355469, "noise_cost": 20.79587754896849, "n_waypoints_completed": 9, "tot_waypoints": 9}}
{"target": -187.9453552561649, "params": {"k_pid_pos": [0.8053733690569039, 0.08577899592583804, 0.21937345885444623], "k_pid_alt": [1.4451279635573744, 0.0, 0.027850054472885608], "k_pid_att": [10.418523288127318, 4.440338633941465, 0.5727751874581808], "k_pid_yaw": [0.5, 1e-06, 0.1], "k_pid_hsp": [0.22851028670571205, 0.021564719791189863, 0.0], "k_pid_vsp": [400.0, 75.70468957876986, 0.10804449645418314]}, "datetime": {"datetime": "2025-08-13 18:53:13", "elapsed": 32721.32731461525, "delta": 17.749730587005615}, "costs": {"total_cost": 187.9453552561649, "time_cost": 71.372, "final_distance_cost": 1.8419030132137837, "oscillation_cost": 27.20443819558989, "completition_cost": 0.0, "overshoot_cost": 51.18444414095689, "power_cost": 14.701292773437501, "noise_cost": 21.641277132966856, "n_waypoints_completed": 9, "tot_waypoints": 9}}
{"target": -193.22723429163847, "params": {"k_pid_pos": [1.004513884267449, 0.05610315296074483, 0.24686907254964027], "k_pid_alt": [1.7121803301784633, 0.0, 0.01970010516538888], "k_pid_att": [11.390011824344377, 4.233065266493758, 0.6072272208950703], "k_pid_yaw": [0.5, 1e-06, 0.1], "k_pid_hsp": [0.11612089222483823, 0.019136463516707555, 0.0], "k_pid_vsp": [325.576027185451, 90.45482081019526, 0.1410883156119341]}, "datetime": {"datetime": "2025-08-13 18:53:29", "elapsed": 32737.521239995956, "delta": 16.193925380706787}, "costs": {"total_cost": 193.22723429163847, "time_cost": 70.58800000000001, "final_distance_cost": 1.827604469609323, "oscillation_cost": 28.32131016979082, "completition_cost": 0.0, "overshoot_cost": 50.55479999591702, "power_cost": 19.73529979248047, "noise_cost": 22.200219863840797, "n_waypoints_completed": 9, "tot_waypoints": 9}}
{"target": -183.90094214685027, "params": {"k_pid_pos": [0.8526689282603558, 0.04309106631479424, 0.3431760328695337], "k_pid_alt": [1.4022536059613948, 0.0, 0.027683888317677565], "k_pid_att": [11.290920154550568, 2.085712220973658, 0.3361319774045943], "k_pid_yaw": [0.5, 1e-06, 0.1], "k_pid_hsp": [0.18584811260201353, 0.01647949046827217, 0.0], "k_pid_vsp": [330.9315429824143, 120.79193072145011, 0.1276415957735508]}, "datetime": {"datetime": "2025-08-13 18:53:47", "elapsed": 32755.088550806046, "delta": 17.56731081008911}, "costs": {"total_cost": 183.90094214685027, "time_cost": 71.687, "final_distance_cost": 1.8423240662721179, "oscillation_cost": 26.70390946908685, "completition_cost": 0.0, "overshoot_cost": 50.25304380179304, "power_cost": 12.339226867675782, "noise_cost": 21.07543794202249, "n_waypoints_completed": 9, "tot_waypoints": 9}}
{"target": -183.65763624185453, "params": {"k_pid_pos": [1.080414060922101, 0.03157279058268931, 0.3257919566573047], "k_pid_alt": [0.8346690517242249, 0.0, 0.03501072775993835], "k_pid_att": [8.451584980009907, 1.9064540651457393, 0.23199447721637334], "k_pid_yaw": [0.5, 1e-06, 0.1], "k_pid_hsp": [0.13370808256870476, 0.029324630256425555, 0.0], "k_pid_vsp": [313.2354812190567, 76.73568513597446, 0.1331980399149254]}, "datetime": {"datetime": "2025-08-13 18:54:03", "elapsed": 32771.23516321182, "delta": 16.146612405776978}, "costs": {"total_cost": 183.65763624185453, "time_cost": 71.043, "final_distance_cost": 1.8373968579256383, "oscillation_cost": 29.66656543979078, "completition_cost": 0.0, "overshoot_cost": 50.08440856964551, "power_cost": 11.157810852050781, "noise_cost": 19.868454522441834, "n_waypoints_completed": 9, "tot_waypoints": 9}}
{"target": -179.4255952521392, "params": {"k_pid_pos": [0.9886472885682904, 0.05775326276188897, 0.16654126675181918], "k_pid_alt": [1.4801883917110066, 0.0, 0.027514517810698025], "k_pid_att": [13.227247605654009, 4.665929382688822, 0.6947590807762306], "k_pid_yaw": [0.5, 1e-06, 0.1], "k_pid_hsp": [0.150067117257636, 0.027937268149419003, 0.0], "k_pid_vsp": [337.523735048966, 105.21117306645972, 0.05974744181327906]}, "datetime": {"datetime": "2025-08-13 18:54:20", "elapsed": 32788.18150663376, "delta": 16.946343421936035}, "costs": {"total_cost": 179.4255952521392, "time_cost": 69.104, "final_distance_cost": 1.8386816327381215, "oscillation_cost": 29.498069749928828, "completition_cost": 0.0, "overshoot_cost": 49.941533265189456, "power_cost": 9.974099475097656, "noise_cost": 19.069211129185135, "n_waypoints_completed": 9, "tot_waypoints": 9}}
{"target": -195.4574861177448, "params": {"k_pid_pos": [0.7826601730554602, 0.038520946815266466, 0.3563965852664193], "k_pid_alt": [1.0116560104696921, 0.0, 0.0321419926620551], "k_pid_att": [9.932194693802197, 3.495207318238179, 0.7160366120262319], "k_pid_yaw": [0.5, 1e-06, 0.1], "k_pid_hsp": [0.1979682789559191, 0.01835674180822552, 0.0], "k_pid_vsp": [398.8337618576979, 63.28761574752527, 0.22067010109137894]}, "datetime": {"datetime": "2025-08-13 18:54:37", "elapsed": 32805.62110757828, "delta": 17.439600944519043}, "costs": {"total_cost": 195.4574861177448, "time_cost": 75.194, "final_distance_cost": 1.8506606009896729, "oscillation_cost": 27.009895637841684, "completition_cost": 0.0, "overshoot_cost": 51.18071351649139, "power_cost": 16.880145996093752, "noise_cost": 23.342070366328297, "n_waypoints_completed": 9, "tot_waypoints": 9}}
{"target": -191.08049984708964, "params": {"k_pid_pos": [0.8217900788018527, 0.05953585899572483, 0.23316357507405314], "k_pid_alt": [0.542968484551322, 0.0, 0.02310097336494715], "k_pid_att": [11.836523757655359, 4.99256725163514, 0.4995320028310936], "k_pid_yaw": [0.5, 1e-06, 0.1], "k_pid_hsp": [0.22259420030609714, 0.019569673065358575, 0.0], "k_pid_vsp": [263.3727775686738, 135.96303822360014, 0.12804736025788147]}, "datetime": {"datetime": "2025-08-13 18:54:55", "elapsed": 32823.68224263191, "delta": 18.061135053634644}, "costs": {"total_cost": 191.08049984708964, "time_cost": 77.084, "final_distance_cost": 1.844526239377535, "oscillation_cost": 27.270948970955523, "completition_cost": 0.0, "overshoot_cost": 50.16281803520695, "power_cost": 12.98153798828125, "noise_cost": 21.736668613268407, "n_waypoints_completed": 9, "tot_waypoints": 9}}
{"target": -184.70248339520253, "params": {"k_pid_pos": [0.7707666206317502, 0.0572864466749164, 0.3456345694752769], "k_pid_alt": [1.7273815947697575, 0.0, 0.0167699577734078], "k_pid_att": [12.669437220915361, 3.7526734638943573, 0.5102904809773169], "k_pid_yaw": [0.5, 1e-06, 0.1], "k_pid_hsp": [0.1873553083386239, 0.01923498230916881, 0.0], "k_pid_vsp": [245.07856445369143, 143.97276084501223, 0.14443086382773168]}, "datetime": {"datetime": "2025-08-13 18:55:12", "elapsed": 32840.66932153702, "delta": 16.98707890510559}, "costs": {"total_cost": 184.70248339520253, "time_cost": 72.723, "final_distance_cost": 1.8435939954072482, "oscillation_cost": 26.452261168707263, "completition_cost": 0.0, "overshoot_cost": 50.37740171859738, "power_cost": 11.973798315429688, "noise_cost": 21.332428197060953, "n_waypoints_completed": 9, "tot_waypoints": 9}}
{"target": -194.07596369037816, "params": {"k_pid_pos": [0.8167647658326068, 0.05672682313812397, 0.2539054476835685], "k_pid_alt": [1.486835839303086, 0.0, 0.03781374247946752], "k_pid_att": [8.977444000342722, 4.240266344381813, 0.6082376536645843], "k_pid_yaw": [0.5, 1e-06, 0.1], "k_pid_hsp": [0.16250630712801692, 0.018525652601559726, 0.0], "k_pid_vsp": [294.2585079868257, 104.08840981058695, 0.15047089975609243]}, "datetime": {"datetime": "2025-08-13 18:55:30", "elapsed": 32858.00857448578, "delta": 17.339252948760986}, "costs": {"total_cost": 194.07596369037816, "time_cost": 71.393, "final_distance_cost": 1.8364247669773668, "oscillation_cost": 27.102623493302378, "completition_cost": 0.0, "overshoot_cost": 50.74455744742224, "power_cost": 20.34637958984375, "noise_cost": 22.652978392832445, "n_waypoints_completed": 9, "tot_waypoints": 9}}
{"target": -193.74012990251254, "params": {"k_pid_pos": [0.901587508810057, 0.04697760928190478, 0.26825900464813485], "k_pid_alt": [1.0310194944777107, 0.0, 0.02762013548904202], "k_pid_att": [12.588391130246649, 5.362588644134317, 0.45137427745827724], "k_pid_yaw": [0.5, 1e-06, 0.1], "k_pid_hsp": [0.19524544367778576, 0.02061895358130836, 0.0], "k_pid_vsp": [389.84124743238016, 128.92562087854512, 0.1240386248309084]}, "datetime": {"datetime": "2025-08-13 18:55:46", "elapsed": 32874.9616997242, "delta": 16.95312523841858}, "costs": {"total_cost": 193.74012990251254, "time_cost": 71.281, "final_distance_cost": 1.8443502497515771, "oscillation_cost": 28.023772802813838, "completition_cost": 0.0, "overshoot_cost": 50.45264041785626, "power_cost": 19.670068127441407, "noise_cost": 22.468298304649476, "n_waypoints_completed": 9, "tot_waypoints": 9}}
{"target": -188.57148171069136, "params": {"k_pid_pos": [0.7610865673537872, 0.04193514314447108, 0.2738350518425052], "k_pid_alt": [1.5104825619093354, 0.0, 0.018760014795963304], "k_pid_att": [12.860500714619794, 4.508312721280199, 0.4460363647279814], "k_pid_yaw": [0.5, 1e-06, 0.1], "k_pid_hsp": [0.2080041423544574, 0.020466927732731875, 0.0], "k_pid_vsp": [222.17679655086803, 109.47699326374625, 0.08548787935950801]}, "datetime": {"datetime": "2025-08-13 18:56:04", "elapsed": 32892.32188987732, "delta": 17.36019015312195}, "costs": {"total_cost": 188.57148171069136, "time_cost": 72.52, "final_distance_cost": 1.8498354410494504, "oscillation_cost": 26.99490754190585, "completition_cost": 0.0, "overshoot_cost": 50.36900047884433, "power_cost": 14.667667004394533, "noise_cost": 22.170071244497183, "n_waypoints_completed": 9, "tot_waypoints": 9}}
{"target": -201.18319899884943, "params": {"k_pid_pos": [0.6458993956871516, 0.06578500301501293, 0.2937530047819345], "k_pid_alt": [1.8940075587811196, 0.0, 0.022992689923479814], "k_pid_att": [12.216441279487208, 6.563434465084172, 0.6833701838500724], "k_pid_yaw": [0.5, 1e-06, 0.1], "k_pid_hsp": [0.2865548839447814, 0.017855604342176784, 0.0], "k_pid_vsp": [318.19942955742977, 110.96796427462102, 0.19146001060875348]}, "datetime": {"datetime": "2025-08-13 18:56:21", "elapsed": 32909.89634013176, "delta": 17.574450254440308}, "costs": {"total_cost": 201.18319899884943, "time_cost": 76.902, "final_distance_cost": 1.8418582816006381, "oscillation_cost": 26.401061741060577, "completition_cost": 0.0, "overshoot_cost": 52.28279579373817, "power_cost": 19.179381896972657, "noise_cost": 24.57610128547743, "n_waypoints_completed": 9, "tot_waypoints": 9}}
{"target": -194.7958196850607, "params": {"k_pid_pos": [0.7769375857040733, 0.04334255305288121, 0.3753082403107812], "k_pid_alt": [0.7200914168174511, 0.0, 0.03076599408321527], "k_pid_att": [9.562008842731572, 3.4348125184733527, 0.48114094281985675], "k_pid_yaw": [0.5, 1e-06, 0.1], "k_pid_hsp": [0.24447884662818883, 0.0194631044197322, 0.0], "k_pid_vsp": [221.78898858809225, 98.11716050312502, 0.13108011922801135]}, "datetime": {"datetime": "2025-08-13 18:56:40", "elapsed": 32928.73787379265, "delta": 18.841533660888672}, "costs": {"total_cost": 194.7958196850607, "time_cost": 77.763, "final_distance_cost": 1.8518457911826316, "oscillation_cost": 27.230234579278772, "completition_cost": 0.0, "overshoot_cost": 50.428044760707564, "power_cost": 14.509112048339844, "noise_cost": 23.013582505551902, "n_waypoints_completed": 9, "tot_waypoints": 9}}
{"target": -178.91065034397172, "params": {"k_pid_pos": [0.9532599502016902, 0.054944115790384086, 0.25539608276216713], "k_pid_alt": [1.2929755504171436, 0.0, 0.023133098609375263], "k_pid_att": [9.842943333889725, 5.183012926052259, 0.7374775826182066], "k_pid_yaw": [0.5, 1e-06, 0.1], "k_pid_hsp": [0.18591393782440035, 0.023820917758219536, 0.0], "k_pid_vsp": [208.57726481791187, 108.37716609991423, 0.1366408125106386]}, "datetime": {"datetime": "2025-08-13 18:56:56", "elapsed": 32944.97854447365, "delta": 16.240670680999756}, "costs": {"total_cost": 178.91065034397172, "time_cost": 69.447, "final_distance_cost": 1.8372852345320425, "oscillation_cost": 28.61389314066684, "completition_cost": 0.0, "overshoot_cost": 49.80054063945443, "power_cost": 9.88236590576172, "noise_cost": 19.329565423556684, "n_waypoints_completed": 9, "tot_waypoints": 9}}
{"target": -185.98375174211344, "params": {"k_pid_pos": [0.7983560386197092, 0.0700848526044696, 0.35849053383881985], "k_pid_alt": [1.5519464584343792, 0.0, 0.013603919477055153], "k_pid_att": [12.480535459273511, 4.9697902712268, 0.48310296032214195], "k_pid_yaw": [0.5, 1e-06, 0.1], "k_pid_hsp": [0.18789764533415998, 0.0281466236217755, 0.0], "k_pid_vsp": [304.1102890965548, 94.03612697418886, 0.1422547937168406]}, "datetime": {"datetime": "2025-08-13 18:57:13", "elapsed": 32961.8677778244, "delta": 16.889233350753784}, "costs": {"total_cost": 185.98375174211344, "time_cost": 72.541, "final_distance_cost": 1.8479029309543424, "oscillation_cost": 27.663239989290016, "completition_cost": 0.0, "overshoot_cost": 50.39107007865882, "power_cost": 12.231882434082031, "noise_cost": 21.308656309128214, "n_waypoints_completed": 9, "tot_waypoints": 9}}
{"target": -186.0147862642298, "params": {"k_pid_pos": [0.9863806441725895, 0.05085792167709766, 0.23552365543206863], "k_pid_alt": [1.6316494540719777, 0.0, 0.02398773415887612], "k_pid_att": [12.896402311653958, 4.941407996131428, 0.6179916103424166], "k_pid_yaw": [0.5, 1e-06, 0.1], "k_pid_hsp": [0.24371094299611337, 0.01912191946546112, 0.0], "k_pid_vsp": [327.8890188944463, 101.9752408898371, 0.1589897719965296]}, "datetime": {"datetime": "2025-08-13 18:57:30", "elapsed": 32978.25451850891, "delta": 16.386740684509277}, "costs": {"total_cost": 186.0147862642298, "time_cost": 69.657, "final_distance_cost": 1.8419912250954045, "oscillation_cost": 28.064207356198402, "completition_cost": 0.0, "overshoot_cost": 50.308185143238035, "power_cost": 14.916602807617188, "noise_cost": 21.226799732080796, "n_waypoints_completed": 9, "tot_waypoints": 9}}
{"target": -203.88101061732968, "params": {"k_pid_pos": [0.8336468081757954, 0.030190619086074483, 0.3299229497161889], "k_pid_alt": [1.1389986680261197, 0.0, 0.03429221707478153], "k_pid_att": [6.923014779253812, 4.434690549103211, 0.46918032870393356], "k_pid_yaw": [0.5, 1e-06, 0.1], "k_pid_hsp": [0.21113123014600144, 0.021341591592496118, 0.0], "k_pid_vsp": [372.77119345091234, 81.3623302331737, 0.17180990130639132]}, "datetime": {"datetime": "2025-08-13 18:57:47", "elapsed": 32995.013432741165, "delta": 16.75891423225403}, "costs": {"total_cost": 203.88101061732968, "time_cost": 74.046, "final_distance_cost": 1.8530264831296066, "oscillation_cost": 29.43093879571312, "completition_cost": 0.0, "overshoot_cost": 51.36036317324769, "power_cost": 23.05674188232422, "noise_cost": 24.13394028291504, "n_waypoints_completed": 9, "tot_waypoints": 9}}
{"target": -189.0384135361438, "params": {"k_pid_pos": [1.0560445182175953, 0.038546549684645826, 0.2984555325796388], "k_pid_alt": [1.1294284181938339, 0.0, 0.021752733906742868], "k_pid_att": [13.043073939304007, 3.2758391180754862, 0.4924686898452601], "k_pid_yaw": [0.5, 1e-06, 0.1], "k_pid_hsp": [0.14759808448910075, 0.019089413226890315, 0.0], "k_pid_vsp": [389.8552941092458, 100.3347031205248, 0.13426734041641689]}, "datetime": {"datetime": "2025-08-13 18:58:04", "elapsed": 33012.361358881, "delta": 17.347926139831543}, "costs": {"total_cost": 189.0384135361438, "time_cost": 70.203, "final_distance_cost": 1.8357684474047375, "oscillation_cost": 28.283079490283694, "completition_cost": 0.0, "overshoot_cost": 50.758333133279976, "power_cost": 16.52401600341797, "noise_cost": 21.434216461757412, "n_waypoints_completed": 9, "tot_waypoints": 9}}
{"target": -176.45273636750247, "params": {"k_pid_pos": [0.8930205508372104, 0.07191203310774667, 0.28771563812544293], "k_pid_alt": [1.4461554454402288, 0.0, 0.024229673056913797], "k_pid_att": [11.83242070147565, 4.280557097111809, 0.485625857240821], "k_pid_yaw": [0.5, 1e-06, 0.1], "k_pid_hsp": [0.19330038331715452, 0.01123413922662698, 0.0], "k_pid_vsp": [291.9850438593173, 112.68044565019544, 0.1679643506378514]}, "datetime": {"datetime": "2025-08-13 18:58:21", "elapsed": 33029.45624423027, "delta": 17.09488534927368}, "costs": {"total_cost": 176.45273636750247, "time_cost": 70.413, "final_distance_cost": 1.8284538494028935, "oscillation_cost": 26.781297085745035, "completition_cost": 0.0, "overshoot_cost": 50.074453878884015, "power_cost": 8.320960107421875, "noise_cost": 19.03457144604864, "n_waypoints_completed": 9, "tot_waypoints": 9}}
{"target": -187.2009720282825, "params": {"k_pid_pos": [0.9942782314996279, 0.06518415862214645, 0.2581622477958277], "k_pid_alt": [1.7352976946587664, 0.0, 0.02440008782326117], "k_pid_att": [13.913430630074364, 3.8968094010794125, 0.6159355522324851], "k_pid_yaw": [0.5, 1e-06, 0.1], "k_pid_hsp": [0.19690756535266463, 0.013489706511329929, 0.0], "k_pid_vsp": [337.95463655405047, 119.29651159262748, 0.12783118565072657]}, "datetime": {"datetime": "2025-08-13 18:58:38", "elapsed": 33046.61922955513, "delta": 17.16298532485962}, "costs": {"total_cost": 187.2009720282825, "time_cost": 69.937, "final_distance_cost": 1.820845806197998, "oscillation_cost": 27.38502087001208, "completition_cost": 0.0, "overshoot_cost": 50.699495318198224, "power_cost": 15.973706127929688, "noise_cost": 21.38490390594452, "n_waypoints_completed": 9, "tot_waypoints": 9}}
{"target": -186.38018366627676, "params": {"k_pid_pos": [1.0491769122627634, 0.05279227701925258, 0.19801109016370932], "k_pid_alt": [1.8487574848426742, 0.0, 0.02168739457563722], "k_pid_att": [8.006728412432835, 6.011960905157211, 0.571518409113513], "k_pid_yaw": [0.5, 1e-06, 0.1], "k_pid_hsp": [0.17421755089929958, 0.022688620369275936, 0.0], "k_pid_vsp": [363.79683919785106, 85.63539409300672, 0.18786814916101943]}, "datetime": {"datetime": "2025-08-13 18:58:56", "elapsed": 33064.9441678524, "delta": 18.32493829727173}, "costs": {"total_cost": 186.38018366627676, "time_cost": 69.405, "final_distance_cost": 1.8296673105895525, "oscillation_cost": 30.03246510001937, "completition_cost": 0.0, "overshoot_cost": 50.19715717731286, "power_cost": 14.301908105468751, "noise_cost": 20.61398597288624, "n_waypoints_completed": 9, "tot_waypoints": 9}}
{"target": -191.2808104536025, "params": {"k_pid_pos": [0.9972570079827204, 0.05777918177928773, 0.256908373141685], "k_pid_alt": [1.244136245332019, 0.0, 0.035928443190405834], "k_pid_att": [9.01691855164932, 6.160726147141314, 0.5603433908628125], "k_pid_yaw": [0.5, 1e-06, 0.1], "k_pid_hsp": [0.22863410895923209, 0.025702245213250704, 0.0], "k_pid_vsp": [400.0, 98.7568819667304, 0.14305479835752744]}, "datetime": {"datetime": "2025-08-13 18:59:13", "elapsed": 33081.808245420456, "delta": 16.8640775680542}, "costs": {"total_cost": 191.2808104536025, "time_cost": 70.462, "final_distance_cost": 1.8386969791084475, "oscillation_cost": 29.265948700592887, "completition_cost": 0.0, "overshoot_cost": 50.62940038369892, "power_cost": 17.416422607421875, "noise_cost": 21.66834178278036, "n_waypoints_completed": 9, "tot_waypoints": 9}}
