{"target": -180.45824383881177, "params": {"k_pid_pos": [1.0604364082517932, 0.0536392215284893, 0.33823197624054185], "k_pid_alt": [1.4555922634040634, 0.0, 0.023779376421341262], "k_pid_att": [10.49688412220211, 3.821418053673653, 0.626286062622806], "k_pid_yaw": [0.5, 1e-06, 0.1], "k_pid_hsp": [0.20762044009236105, 0.01940836695221387, 0.0], "k_pid_vsp": [345.91301180198525, 108.03698060442447, 0.13790485529563645]}, "datetime": {"datetime": "2025-08-13 20:19:34", "elapsed": 37902.00509142876, "delta": 17.12406587600708}, "costs": {"total_cost": 180.45824383881177, "time_cost": 69.293, "final_distance_cost": 1.8391153929251118, "oscillation_cost": 28.532694008696335, "completition_cost": 0.0, "overshoot_cost": 49.93807242044064, "power_cost": 11.078525732421875, "noise_cost": 19.77683628432779, "n_waypoints_completed": 9, "tot_waypoints": 9}}
{"target": -187.7541034526285, "params": {"k_pid_pos": [0.7676306806026805, 0.06795297570477145, 0.28342255275973677], "k_pid_alt": [1.3471928948973417, 0.0, 0.03510597266817026], "k_pid_att": [4.317832452610749, 4.622881640257598, 0.5281030397528306], "k_pid_yaw": [0.5, 1e-06, 0.1], "k_pid_hsp": [0.23882777301802624, 0.012159769506671187, 0.0], "k_pid_vsp": [341.77295387398, 131.35330885881544, 0.14224847143312364]}, "datetime": {"datetime": "2025-08-13 20:19:52", "elapsed": 37920.16078925133, "delta": 18.1556978225708}, "costs": {"total_cost": 187.7541034526285, "time_cost": 73.206, "final_distance_cost": 1.8438484611698662, "oscillation_cost": 29.250404640001417, "completition_cost": 0.0, "overshoot_cost": 50.628809253224745, "power_cost": 11.7272302734375, "noise_cost": 21.09781082479497, "n_waypoints_completed": 9, "tot_waypoints": 9}}
{"target": -189.84112575250577, "params": {"k_pid_pos": [0.7907686165635344, 0.07345252246574112, 0.3122751900847797], "k_pid_alt": [1.6621360907023142, 0.0, 0.02871990731442464], "k_pid_att": [9.40736395392071, 4.170424494575967, 0.47624966775284266], "k_pid_yaw": [0.5, 1e-06, 0.1], "k_pid_hsp": [0.15891805349251417, 0.014866279168180202, 0.0], "k_pid_vsp": [278.53729349042146, 116.1966693381711, 0.15952080407064959]}, "datetime": {"datetime": "2025-08-13 20:20:09", "elapsed": 37937.72849059105, "delta": 17.56770133972168}, "costs": {"total_cost": 189.84112575250577, "time_cost": 71.827, "final_distance_cost": 1.8460294250746807, "oscillation_cost": 26.308840359856262, "completition_cost": 0.0, "overshoot_cost": 50.98136794011453, "power_cost": 16.627477563476564, "noise_cost": 22.25041046398374, "n_waypoints_completed": 9, "tot_waypoints": 9}}
{"target": -198.89537204303406, "params": {"k_pid_pos": [0.746310159497393, 0.04956095680566023, 0.35157071518533495], "k_pid_alt": [1.2627502839599563, 0.0, 0.02924980660887812], "k_pid_att": [9.308938027887791, 3.7813296046617766, 0.5469543986602536], "k_pid_yaw": [0.5, 1e-06, 0.1], "k_pid_hsp": [0.19959639535214882, 0.014370474786942524, 0.0], "k_pid_vsp": [256.8626507940085, 127.5583903863328, 0.19127778752137403]}, "datetime": {"datetime": "2025-08-13 20:20:28", "elapsed": 37956.2264444828, "delta": 18.49795389175415}, "costs": {"total_cost": 198.89537204303406, "time_cost": 74.97, "final_distance_cost": 1.8424509047438073, "oscillation_cost": 26.35187024098143, "completition_cost": 0.0, "overshoot_cost": 51.48931131102976, "power_cost": 20.334824768066408, "noise_cost": 23.906914818212673, "n_waypoints_completed": 9, "tot_waypoints": 9}}
{"target": -190.21447394677455, "params": {"k_pid_pos": [1.2327647620200322, 0.059162116626478606, 0.26521695190812306], "k_pid_alt": [1.344671949828501, 0.0, 0.029415671217503676], "k_pid_att": [13.111659091807724, 4.564870175926669, 0.6250104811971795], "k_pid_yaw": [0.5, 1e-06, 0.1], "k_pid_hsp": [0.21546538040850574, 0.014055791782659916, 0.0], "k_pid_vsp": [306.6016634213024, 124.51623178872497, 0.11129263034795633]}, "datetime": {"datetime": "2025-08-13 20:20:44", "elapsed": 37972.63952755928, "delta": 16.41308307647705}, "costs": {"total_cost": 190.21447394677455, "time_cost": 69.727, "final_distance_cost": 1.8369064605061025, "oscillation_cost": 29.429829559814937, "completition_cost": 0.0, "overshoot_cost": 50.78661346906901, "power_cost": 17.108105114746095, "noise_cost": 21.32601934263839, "n_waypoints_completed": 9, "tot_waypoints": 9}}
{"target": -190.38425784043687, "params": {"k_pid_pos": [1.030862826207871, 0.04971327795510403, 0.2645060816374307], "k_pid_alt": [1.5137427664226373, 0.0, 0.023592076457573566], "k_pid_att": [10.527291113470088, 3.7391499773813575, 0.6071170231394042], "k_pid_yaw": [0.5, 1e-06, 0.1], "k_pid_hsp": [0.223887639787, 0.014938842184155083, 0.0], "k_pid_vsp": [299.7500034344666, 98.63994569559922, 0.18709668175743674]}, "datetime": {"datetime": "2025-08-13 20:21:02", "elapsed": 37990.323449373245, "delta": 17.683921813964844}, "costs": {"total_cost": 190.38425784043687, "time_cost": 70.105, "final_distance_cost": 1.83590564713267, "oscillation_cost": 28.396423968473954, "completition_cost": 0.0, "overshoot_cost": 51.03638067299738, "power_cost": 17.302092199707033, "noise_cost": 21.708455352125835, "n_waypoints_completed": 9, "tot_waypoints": 9}}
{"target": -185.8481371870106, "params": {"k_pid_pos": [0.8193712765318789, 0.06269776443116026, 0.26849281767788663], "k_pid_alt": [1.2759156133085168, 0.0, 0.02781265453868254], "k_pid_att": [7.0686223408361935, 2.7799265639368365, 0.43656232491202096], "k_pid_yaw": [0.5, 1e-06, 0.1], "k_pid_hsp": [0.13314222682998209, 0.01527418131738791, 0.0], "k_pid_vsp": [271.3246162694673, 133.5823272944433, 0.1504229013789047]}, "datetime": {"datetime": "2025-08-13 20:21:19", "elapsed": 38007.21346235275, "delta": 16.890012979507446}, "costs": {"total_cost": 185.8481371870106, "time_cost": 70.903, "final_distance_cost": 1.8364383613211817, "oscillation_cost": 26.351777877470987, "completition_cost": 0.0, "overshoot_cost": 50.4201209539535, "power_cost": 15.004483435058594, "noise_cost": 21.332316559206305, "n_waypoints_completed": 9, "tot_waypoints": 9}}
{"target": -181.89745429802295, "params": {"k_pid_pos": [0.9179172388384454, 0.03506112060311579, 0.2515420457079089], "k_pid_alt": [1.6059592458973384, 0.0, 0.022224507117041475], "k_pid_att": [9.594229969948286, 3.0114357745781155, 0.7397207935379994], "k_pid_yaw": [0.5, 1e-06, 0.1], "k_pid_hsp": [0.2406343315875962, 0.015434988280519079, 0.0], "k_pid_vsp": [312.4177908048311, 143.758190716435, 0.21533520803524606]}, "datetime": {"datetime": "2025-08-13 20:21:36", "elapsed": 38024.465292453766, "delta": 17.251830101013184}, "costs": {"total_cost": 181.89745429802295, "time_cost": 69.818, "final_distance_cost": 1.836795007505503, "oscillation_cost": 27.411803882154114, "completition_cost": 0.0, "overshoot_cost": 50.03295060956542, "power_cost": 12.345316748046876, "noise_cost": 20.452588050751043, "n_waypoints_completed": 9, "tot_waypoints": 9}}
{"target": -180.33298650673788, "params": {"k_pid_pos": [0.9882954566442924, 0.03762821698749442, 0.31178207579079553], "k_pid_alt": [1.481593841436012, 0.0, 0.02528482747434858], "k_pid_att": [12.328781319631483, 3.423421696683317, 0.3024503899782061], "k_pid_yaw": [0.5, 1e-06, 0.1], "k_pid_hsp": [0.2192509991321171, 0.016336152584298394, 0.0], "k_pid_vsp": [351.7721239953692, 112.49124818342615, 0.16283205829169423]}, "datetime": {"datetime": "2025-08-13 20:21:52", "elapsed": 38040.46667265892, "delta": 16.00138020515442}, "costs": {"total_cost": 180.33298650673788, "time_cost": 69.664, "final_distance_cost": 1.8454562669526209, "oscillation_cost": 27.682903520410346, "completition_cost": 0.0, "overshoot_cost": 49.8740833739304, "power_cost": 11.102497216796875, "noise_cost": 20.16404612864765, "n_waypoints_completed": 9, "tot_waypoints": 9}}
{"target": -191.8842286061185, "params": {"k_pid_pos": [0.6589301196303555, 0.0700852166813102, 0.23155764387720001], "k_pid_alt": [1.7111306753287565, 0.0, 0.030983818467046727], "k_pid_att": [9.1612927894914, 2.7778008514229224, 0.586842501561184], "k_pid_yaw": [0.5, 1e-06, 0.1], "k_pid_hsp": [0.19274098165742604, 0.013345594004561652, 0.0], "k_pid_vsp": [200.6534060360943, 92.15907215912625, 0.18860060054332684]}, "datetime": {"datetime": "2025-08-13 20:22:10", "elapsed": 38058.83219575882, "delta": 18.365523099899292}, "costs": {"total_cost": 191.8842286061185, "time_cost": 73.731, "final_distance_cost": 1.8359062552233034, "oscillation_cost": 25.733720261540608, "completition_cost": 0.0, "overshoot_cost": 50.888307592182656, "power_cost": 16.648177380371095, "noise_cost": 23.04711711680085, "n_waypoints_completed": 9, "tot_waypoints": 9}}
{"target": -191.5281304477663, "params": {"k_pid_pos": [0.8094103560429854, 0.03981255584814301, 0.2611516341153286], "k_pid_alt": [1.4320492606525768, 0.0, 0.021232396212327365], "k_pid_att": [10.61206340099419, 3.758687233161105, 0.5453166301772725], "k_pid_yaw": [0.5, 1e-06, 0.1], "k_pid_hsp": [0.2748969867431897, 0.014068176355627788, 0.0], "k_pid_vsp": [269.8428890340364, 101.20797550809142, 0.16009152455718859]}, "datetime": {"datetime": "2025-08-13 20:22:27", "elapsed": 38075.75530409813, "delta": 16.923108339309692}, "costs": {"total_cost": 191.5281304477663, "time_cost": 72.611, "final_distance_cost": 1.8475456804121384, "oscillation_cost": 27.30528693623529, "completition_cost": 0.0, "overshoot_cost": 50.66045666704254, "power_cost": 16.578826318359376, "noise_cost": 22.525014845716957, "n_waypoints_completed": 9, "tot_waypoints": 9}}
{"target": -211.42670411398015, "params": {"k_pid_pos": [1.031326982771357, 0.05098069568994337, 0.3324992862715857], "k_pid_alt": [0.9379254600545943, 0.0, 0.013606431369135618], "k_pid_att": [10.090720487528275, 5.302800312781425, 0.8241579647817069], "k_pid_yaw": [0.5, 1e-06, 0.1], "k_pid_hsp": [0.2239589036143915, 0.012592982939177565, 0.0], "k_pid_vsp": [289.7678732566929, 82.74825770180189, 0.157689016574787]}, "datetime": {"datetime": "2025-08-13 20:22:46", "elapsed": 38094.91306614876, "delta": 19.157762050628662}, "costs": {"total_cost": 211.42670411398015, "time_cost": 76.384, "final_distance_cost": 1.838039484399018, "oscillation_cost": 30.168379997856594, "completition_cost": 0.0, "overshoot_cost": 53.40552138062969, "power_cost": 25.06970850830078, "noise_cost": 24.56105474279408, "n_waypoints_completed": 9, "tot_waypoints": 9}}
{"target": -195.06675534339973, "params": {"k_pid_pos": [0.7976130268214652, 0.05600810502415531, 0.3538786343062435], "k_pid_alt": [1.423064074929562, 0.0, 0.028204057011686153], "k_pid_att": [8.249465008045519, 3.197918300618708, 0.5134244684762423], "k_pid_yaw": [0.5, 1e-06, 0.1], "k_pid_hsp": [0.20492447251808144, 0.014581221659612696, 0.0], "k_pid_vsp": [303.28270061601165, 124.61874659182376, 0.1750779034090049]}, "datetime": {"datetime": "2025-08-13 20:23:04", "elapsed": 38112.03611278534, "delta": 17.12304663658142}, "costs": {"total_cost": 195.06675534339973, "time_cost": 73.542, "final_distance_cost": 1.8393875484958506, "oscillation_cost": 26.920528183433962, "completition_cost": 0.0, "overshoot_cost": 51.089708090542906, "power_cost": 18.455247302246093, "noise_cost": 23.219884218680946, "n_waypoints_completed": 9, "tot_waypoints": 9}}
{"target": -201.78120685836694, "params": {"k_pid_pos": [0.7887275147742422, 0.03782267062314484, 0.26154502279988884], "k_pid_alt": [2.0, 0.0, 0.03131332320727644], "k_pid_att": [8.3139168935745, 4.555346526837597, 0.6101987794876635], "k_pid_yaw": [0.5, 1e-06, 0.1], "k_pid_hsp": [0.15468558330503238, 0.011353751427525663, 0.0], "k_pid_vsp": [265.4626346803379, 138.54058296753223, 0.10727686567654855]}, "datetime": {"datetime": "2025-08-13 20:23:23", "elapsed": 38131.342475414276, "delta": 19.306362628936768}, "costs": {"total_cost": 201.78120685836694, "time_cost": 74.256, "final_distance_cost": 1.8477870962161838, "oscillation_cost": 26.89815240024503, "completition_cost": 0.0, "overshoot_cost": 52.41462924669144, "power_cost": 22.3496365234375, "noise_cost": 24.01500159177677, "n_waypoints_completed": 9, "tot_waypoints": 9}}
{"target": -185.54290948077158, "params": {"k_pid_pos": [1.2811162309742559, 0.04587479517600316, 0.3562230597846819], "k_pid_alt": [1.7398660431978492, 0.0, 0.03016457372122844], "k_pid_att": [12.859217275692957, 4.166123739936835, 0.5487606469033023], "k_pid_yaw": [0.5, 1e-06, 0.1], "k_pid_hsp": [0.1761533127774921, 0.017942170910039745, 0.0], "k_pid_vsp": [387.40485470856765, 117.89916793601867, 0.20022089936532395]}, "datetime": {"datetime": "2025-08-13 20:23:40", "elapsed": 38148.30276942253, "delta": 16.960294008255005}, "costs": {"total_cost": 185.54290948077158, "time_cost": 69.07600000000001, "final_distance_cost": 1.8163520720329633, "oscillation_cost": 29.3285624761081, "completition_cost": 0.0, "overshoot_cost": 50.229453312873446, "power_cost": 14.450765075683595, "noise_cost": 20.64177654407349, "n_waypoints_completed": 9, "tot_waypoints": 9}}
{"target": -186.36961700572687, "params": {"k_pid_pos": [0.8074815050329721, 0.056473514134064595, 0.22091463214641552], "k_pid_alt": [1.5186687805678762, 0.0, 0.024794043418855022], "k_pid_att": [8.900170975008152, 3.6203460173739592, 0.5972689914173969], "k_pid_yaw": [0.5, 1e-06, 0.1], "k_pid_hsp": [0.16785533744727502, 0.0163231679935483, 0.0], "k_pid_vsp": [239.7317180534569, 149.74755175749456, 0.21540836398000904]}, "datetime": {"datetime": "2025-08-13 20:23:59", "elapsed": 38167.25288629532, "delta": 18.950116872787476}, "costs": {"total_cost": 186.36961700572687, "time_cost": 70.427, "final_distance_cost": 1.8395429729658912, "oscillation_cost": 26.70527987561865, "completition_cost": 0.0, "overshoot_cost": 50.55894899505099, "power_cost": 15.433818701171877, "noise_cost": 21.405026460919466, "n_waypoints_completed": 9, "tot_waypoints": 9}}
{"target": -178.9077791585712, "params": {"k_pid_pos": [0.9548083507050794, 0.06103078709212844, 0.2636806401218232], "k_pid_alt": [1.2233724072651249, 0.0, 0.027805711421285583], "k_pid_att": [9.138332536556042, 3.5946078588298085, 0.7917103029077355], "k_pid_yaw": [0.5, 1e-06, 0.1], "k_pid_hsp": [0.16564545716323645, 0.014219034722621737, 0.0], "k_pid_vsp": [235.34446861437422, 89.43999968431137, 0.18389141399680223]}, "datetime": {"datetime": "2025-08-13 20:24:17", "elapsed": 38185.06700563431, "delta": 17.814119338989258}, "costs": {"total_cost": 178.9077791585712, "time_cost": 69.888, "final_distance_cost": 1.8231317711299948, "oscillation_cost": 27.54984252946101, "completition_cost": 0.0, "overshoot_cost": 50.01104517175193, "power_cost": 10.206412524414063, "noise_cost": 19.429347161814174, "n_waypoints_completed": 9, "tot_waypoints": 9}}
{"target": -196.69813739685986, "params": {"k_pid_pos": [0.5023668740492386, 0.06051858862919657, 0.3065222523130077], "k_pid_alt": [1.532801358534669, 0.0, 0.018795007822227188], "k_pid_att": [11.964985801816637, 2.641701896586456, 0.514709960161504], "k_pid_yaw": [0.5, 1e-06, 0.1], "k_pid_hsp": [0.17108119522578003, 0.014527829739759015, 0.0], "k_pid_vsp": [342.85247693796697, 72.89340294885709, 0.16382605722562726]}, "datetime": {"datetime": "2025-08-13 20:24:36", "elapsed": 38204.47637796402, "delta": 19.409372329711914}, "costs": {"total_cost": 196.69813739685986, "time_cost": 80.15, "final_distance_cost": 1.8536712804599036, "oscillation_cost": 22.924633224214148, "completition_cost": 0.0, "overshoot_cost": 52.41353565457751, "power_cost": 14.485669213867189, "noise_cost": 24.870628023741077, "n_waypoints_completed": 9, "tot_waypoints": 9}}
{"target": -204.38527564015172, "params": {"k_pid_pos": [0.7271871038869778, 0.04846032744205591, 0.35781318260746015], "k_pid_alt": [0.5779631551285861, 0.0, 0.02553241083510821], "k_pid_att": [9.13552918964281, 4.543073685482395, 0.680122866283906], "k_pid_yaw": [0.5, 1e-06, 0.1], "k_pid_hsp": [0.22377082627779035, 0.012086687695747457, 0.0], "k_pid_vsp": [317.03115343325607, 84.99753536724079, 0.1545958847417592]}, "datetime": {"datetime": "2025-08-13 20:24:57", "elapsed": 38225.24610161781, "delta": 20.769723653793335}, "costs": {"total_cost": 204.38527564015172, "time_cost": 80.899, "final_distance_cost": 1.8495832697474321, "oscillation_cost": 26.878644329536574, "completition_cost": 0.0, "overshoot_cost": 51.4831788012001, "power_cost": 18.823587365722656, "noise_cost": 24.45128187394497, "n_waypoints_completed": 9, "tot_waypoints": 9}}
{"target": -189.89515422499252, "params": {"k_pid_pos": [1.0150722142899404, 0.05889757877073526, 0.252130579711974], "k_pid_alt": [1.559301618403472, 0.0, 0.0312012923023738], "k_pid_att": [5.003298330288121, 5.467400488054333, 0.4931762995337332], "k_pid_yaw": [0.5, 1e-06, 0.1], "k_pid_hsp": [0.25559349192879866, 0.017349747840748858, 0.0], "k_pid_vsp": [338.79893371762876, 138.03118066717437, 0.1679269727091569]}, "datetime": {"datetime": "2025-08-13 20:25:14", "elapsed": 38242.4896440506, "delta": 17.243542432785034}, "costs": {"total_cost": 189.89515422499252, "time_cost": 69.881, "final_distance_cost": 1.8425658567421825, "oscillation_cost": 30.8756091051591, "completition_cost": 0.0, "overshoot_cost": 50.1106191368211, "power_cost": 15.903065100097656, "noise_cost": 21.28229502617247, "n_waypoints_completed": 9, "tot_waypoints": 9}}
{"target": -183.82360655767962, "params": {"k_pid_pos": [0.6582060426655354, 0.05068476923592099, 0.1344294667479988], "k_pid_alt": [1.2656343875464422, 0.0, 0.01995627735752468], "k_pid_att": [7.943881355234132, 3.9907250813848454, 0.6874736405368274], "k_pid_yaw": [0.5, 1e-06, 0.1], "k_pid_hsp": [0.2053954747914679, 0.014686559370668215, 0.0], "k_pid_vsp": [350.05306975493073, 140.63470987284953, 0.12594841430180942]}, "datetime": {"datetime": "2025-08-13 20:25:34", "elapsed": 38262.74633312225, "delta": 20.256689071655273}, "costs": {"total_cost": 183.82360655767962, "time_cost": 72.989, "final_distance_cost": 1.8442482441696693, "oscillation_cost": 26.515233489426887, "completition_cost": 0.0, "overshoot_cost": 50.62667912594237, "power_cost": 10.968574670410156, "noise_cost": 20.879871027730534, "n_waypoints_completed": 9, "tot_waypoints": 9}}
{"target": -186.2393838023689, "params": {"k_pid_pos": [1.0775240948331186, 0.06123786635546874, 0.3192606442344054], "k_pid_alt": [1.3074192420524418, 0.0, 0.023639512698038104], "k_pid_att": [8.057278662386215, 4.3880052341413185, 0.5997539152254769], "k_pid_yaw": [0.5, 1e-06, 0.1], "k_pid_hsp": [0.24792669619181606, 0.01674452680276725, 0.0], "k_pid_vsp": [277.74296306616094, 108.7971183725842, 0.1929667995234624]}, "datetime": {"datetime": "2025-08-13 20:25:51", "elapsed": 38279.37777900696, "delta": 16.63144588470459}, "costs": {"total_cost": 186.2393838023689, "time_cost": 69.496, "final_distance_cost": 1.8318649528687136, "oscillation_cost": 29.472587489314538, "completition_cost": 0.0, "overshoot_cost": 50.0969071798884, "power_cost": 14.393797717285157, "noise_cost": 20.948226463012094, "n_waypoints_completed": 9, "tot_waypoints": 9}}
{"target": -181.31382757633315, "params": {"k_pid_pos": [0.7788698465747493, 0.055477335768662796, 0.16931813874798662], "k_pid_alt": [1.1913250808251166, 0.0, 0.02532379663753398], "k_pid_att": [7.727967554283455, 4.158217878759671, 0.5971567930822496], "k_pid_yaw": [0.5, 1e-06, 0.1], "k_pid_hsp": [0.20332319484360975, 0.014530540803674994, 0.0], "k_pid_vsp": [359.5926046806922, 58.5824862982235, 0.15772431242765741]}, "datetime": {"datetime": "2025-08-13 20:26:09", "elapsed": 38297.11650657654, "delta": 17.738727569580078}, "costs": {"total_cost": 181.31382757633315, "time_cost": 71.498, "final_distance_cost": 1.843756188994924, "oscillation_cost": 26.931291198486676, "completition_cost": 0.0, "overshoot_cost": 50.4212654763463, "power_cost": 10.469292749023438, "noise_cost": 20.150221963481773, "n_waypoints_completed": 9, "tot_waypoints": 9}}
{"target": -191.7598386081795, "params": {"k_pid_pos": [1.1389949496212604, 0.059118162520124806, 0.33473298353466946], "k_pid_alt": [0.9695850552088617, 0.0, 0.020199352514370786], "k_pid_att": [10.699159885022064, 3.8688439091045588, 0.5502806689826295], "k_pid_yaw": [0.5, 1e-06, 0.1], "k_pid_hsp": [0.26726710972876017, 0.012338755991145334, 0.0], "k_pid_vsp": [334.0120100098065, 110.41596285791422, 0.18588902104778324]}, "datetime": {"datetime": "2025-08-13 20:26:25", "elapsed": 38313.96863460541, "delta": 16.85212802886963}, "costs": {"total_cost": 191.7598386081795, "time_cost": 70.7, "final_distance_cost": 1.840012855297962, "oscillation_cost": 29.432026137303115, "completition_cost": 0.0, "overshoot_cost": 50.605372307350066, "power_cost": 17.36719061279297, "noise_cost": 21.81523669543539, "n_waypoints_completed": 9, "tot_waypoints": 9}}
{"target": -180.98746889328754, "params": {"k_pid_pos": [0.8215616285909898, 0.06158175316044041, 0.30008341679811734], "k_pid_alt": [1.451768235805349, 0.0, 0.020959716209241613], "k_pid_att": [6.668947962379423, 4.2350290836261335, 0.5673438195521227], "k_pid_yaw": [0.5, 1e-06, 0.1], "k_pid_hsp": [0.2685940875254576, 0.016013839306166594, 0.0], "k_pid_vsp": [244.07718485125156, 109.90025159435744, 0.1751961947285985]}, "datetime": {"datetime": "2025-08-13 20:26:43", "elapsed": 38331.802785634995, "delta": 17.834151029586792}, "costs": {"total_cost": 180.98746889328754, "time_cost": 72.436, "final_distance_cost": 1.841537491129078, "oscillation_cost": 28.145929038270232, "completition_cost": 0.0, "overshoot_cost": 50.2419184365228, "power_cost": 8.515024914550782, "noise_cost": 19.807059012814634, "n_waypoints_completed": 9, "tot_waypoints": 9}}
