{"target": -1124.4443695623843, "params": {"k_pid_pos": [0.7610550835985658, 0.12425992343007575, 0.31833882158439714], "k_pid_alt": [0.049281312105609563, 0.0, 0.02037459570493848], "k_pid_att": [12.797292999907993, 3.849607937210692, 0.6516759509818889], "k_pid_yaw": [0.5, 1e-06, 0.1], "k_pid_hsp": [0.14992682765730025, 0.015497235027419254, 0.0], "k_pid_vsp": [276.3348493719684, 76.35267507087786, 0.07248310443276947]}, "datetime": {"datetime": "2025-08-13 16:11:55", "elapsed": 23043.196211099625, "delta": 30.916516065597534}, "costs": {"total_cost": 1124.4443695623843, "time_cost": 150, "final_distance_cost": 86.49526835057274, "oscillation_cost": 7.641474993478568, "completition_cost": 777.7777777777778, "overshoot_cost": 42.33283465405581, "power_cost": 25.918322290039065, "noise_cost": 34.27869149646047, "n_waypoints_completed": 2, "tot_waypoints": 9}}
{"target": -186.78861278023317, "params": {"k_pid_pos": [0.8314197357535654, 0.08470989806031244, 0.3047375804154891], "k_pid_alt": [2.0, 0.0, 0.035898786870245405], "k_pid_att": [18.6861699365165, 4.448712616415188, 0.7782741112324034], "k_pid_yaw": [0.5, 1e-06, 0.1], "k_pid_hsp": [0.4453064779399332, 0.012105811659306446, 0.0], "k_pid_vsp": [322.2481926074185, 144.4513995673569, 0.17512761564585844]}, "datetime": {"datetime": "2025-08-13 16:12:13", "elapsed": 23061.267514705658, "delta": 18.071303606033325}, "costs": {"total_cost": 186.78861278023317, "time_cost": 72.331, "final_distance_cost": 1.839404724171876, "oscillation_cost": 27.357105335905374, "completition_cost": 0.0, "overshoot_cost": 50.82730349882402, "power_cost": 12.948381188964845, "noise_cost": 21.485418032367065, "n_waypoints_completed": 9, "tot_waypoints": 9}}
{"target": -284.2836635085044, "params": {"k_pid_pos": [1.0991232693087614, 0.11906479321105641, 0.0], "k_pid_alt": [2.0, 0.0, 0.022799464308967884], "k_pid_att": [10.921528243640113, 4.940611302279113, 0.6362607415443833], "k_pid_yaw": [0.5, 1e-06, 0.1], "k_pid_hsp": [0.13221997638236002, 0.013697895913550959, 0.0], "k_pid_vsp": [182.9306623172101, 77.88395711869433, 0.20895147075914147]}, "datetime": {"datetime": "2025-08-13 16:12:38", "elapsed": 23086.10401725769, "delta": 24.83650255203247}, "costs": {"total_cost": 284.2836635085044, "time_cost": 98.238, "final_distance_cost": 1.794640117783249, "oscillation_cost": 34.99596112895773, "completition_cost": 0.0, "overshoot_cost": 68.29235207886265, "power_cost": 37.11402985839844, "noise_cost": 43.84868032450229, "n_waypoints_completed": 9, "tot_waypoints": 9}}
{"target": -193.01624241194543, "params": {"k_pid_pos": [0.5247870714528696, 0.03643058465930421, 0.2427792109084224], "k_pid_alt": [2.0, 0.0, 0.02576377381934286], "k_pid_att": [21.97451968483668, 3.4705630417413573, 0.4475899976246442], "k_pid_yaw": [0.5, 1e-06, 0.1], "k_pid_hsp": [0.3131502974101505, 0.015068703114925678, 0.0], "k_pid_vsp": [215.62074338710985, 136.88962738895805, 0.1481798296239196]}, "datetime": {"datetime": "2025-08-13 16:12:57", "elapsed": 23105.96238040924, "delta": 19.858363151550293}, "costs": {"total_cost": 193.01624241194543, "time_cost": 79.97500000000001, "final_distance_cost": 1.855537463684312, "oscillation_cost": 25.11384535146598, "completition_cost": 0.0, "overshoot_cost": 51.77391838676573, "power_cost": 10.957575695800783, "noise_cost": 23.340365514228605, "n_waypoints_completed": 9, "tot_waypoints": 9}}
{"target": -191.17454727840308, "params": {"k_pid_pos": [0.598084969571841, 0.09154425175564766, 0.2593860484239597], "k_pid_alt": [1.6717134248157468, 0.0, 0.027514559509061145], "k_pid_att": [11.433542793480933, 4.850770153272767, 0.3080890916752212], "k_pid_yaw": [0.5, 1e-06, 0.1], "k_pid_hsp": [0.2788770165432127, 0.01660828401312185, 0.0], "k_pid_vsp": [136.58032908046354, 28.24225231047252, 0.08824051397601608]}, "datetime": {"datetime": "2025-08-13 16:13:18", "elapsed": 23126.316818714142, "delta": 20.354438304901123}, "costs": {"total_cost": 191.17454727840308, "time_cost": 77.994, "final_distance_cost": 1.845968026278759, "oscillation_cost": 26.15980432918477, "completition_cost": 0.0, "overshoot_cost": 51.76249013609433, "power_cost": 10.841315454101563, "noise_cost": 22.57096933274365, "n_waypoints_completed": 9, "tot_waypoints": 9}}
{"target": -195.78853657466576, "params": {"k_pid_pos": [0.5826174383855997, 0.07739165112849693, 0.24405882768343348], "k_pid_alt": [1.7726554255018792, 0.0, 0.03193244861828439], "k_pid_att": [33.027383941199446, 2.9986089009651113, 0.6788358568367574], "k_pid_yaw": [0.5, 1e-06, 0.1], "k_pid_hsp": [0.24786385795712573, 0.0, 0.0], "k_pid_vsp": [352.73623718442946, 112.22798508791482, 0.16026345715490162]}, "datetime": {"datetime": "2025-08-13 16:13:37", "elapsed": 23145.904742002487, "delta": 19.587923288345337}, "costs": {"total_cost": 195.78853657466576, "time_cost": 77.112, "final_distance_cost": 1.8472313305499435, "oscillation_cost": 24.44141367833343, "completition_cost": 0.0, "overshoot_cost": 51.90767490302599, "power_cost": 16.605402856445313, "noise_cost": 23.87481380631107, "n_waypoints_completed": 9, "tot_waypoints": 9}}
{"target": -184.58811944460837, "params": {"k_pid_pos": [0.8063087905229082, 0.06927833325202178, 0.28142725415052855], "k_pid_alt": [1.8046452424470594, 0.0, 0.04670657514240641], "k_pid_att": [20.09520042088887, 1.9047521670075287, 0.7670946536347998], "k_pid_yaw": [0.5, 1e-06, 0.1], "k_pid_hsp": [0.37812224827144486, 0.020581697858844655, 0.0], "k_pid_vsp": [293.55980187943004, 126.33500256600537, 0.15632702874199803]}, "datetime": {"datetime": "2025-08-13 16:13:56", "elapsed": 23164.952154636383, "delta": 19.047412633895874}, "costs": {"total_cost": 184.58811944460837, "time_cost": 72.38, "final_distance_cost": 1.8366950561827213, "oscillation_cost": 27.088519206982895, "completition_cost": 0.0, "overshoot_cost": 50.56134857593708, "power_cost": 11.612164465332032, "noise_cost": 21.109392140173625, "n_waypoints_completed": 9, "tot_waypoints": 9}}
{"target": -204.50384608881052, "params": {"k_pid_pos": [1.1980679553284075, 0.07837838766007649, 0.21158136192872576], "k_pid_alt": [1.6550124601635867, 0.0, 0.018334009130511263], "k_pid_att": [3.2528898068450247, 3.001187223362931, 0.709397214289548], "k_pid_yaw": [0.5, 1e-06, 0.1], "k_pid_hsp": [0.29943151093937614, 0.029205870539603333, 0.0], "k_pid_vsp": [261.37062038827753, 148.24496120259477, 0.1769163043667807]}, "datetime": {"datetime": "2025-08-13 16:14:16", "elapsed": 23184.825009822845, "delta": 19.872855186462402}, "costs": {"total_cost": 204.50384608881052, "time_cost": 69.65, "final_distance_cost": 1.8294992658951243, "oscillation_cost": 37.42778931907723, "completition_cost": 0.0, "overshoot_cost": 51.014145625414216, "power_cost": 22.4116087890625, "noise_cost": 22.17080308936144, "n_waypoints_completed": 9, "tot_waypoints": 9}}
{"target": -177.5797185946302, "params": {"k_pid_pos": [0.8644981456655428, 0.07488386015965166, 0.0], "k_pid_alt": [1.3584441849863975, 0.0, 0.015886252691092076], "k_pid_att": [14.965955144631073, 6.93307392063213, 0.4635127543261109], "k_pid_yaw": [0.5, 1e-06, 0.1], "k_pid_hsp": [0.23607767083170994, 0.013243557589945228, 0.0], "k_pid_vsp": [230.4476575535185, 144.49676760348981, 0.1873378217241817]}, "datetime": {"datetime": "2025-08-13 16:14:35", "elapsed": 23203.766439437866, "delta": 18.941429615020752}, "costs": {"total_cost": 177.5797185946302, "time_cost": 68.985, "final_distance_cost": 1.8156417351130756, "oscillation_cost": 28.69211357984156, "completition_cost": 0.0, "overshoot_cost": 50.137364927539274, "power_cost": 9.095514916992189, "noise_cost": 18.854083435144105, "n_waypoints_completed": 9, "tot_waypoints": 9}}
{"target": -214.51698234579374, "params": {"k_pid_pos": [0.3195445995962585, 0.0637432374496224, 0.22494569130443645], "k_pid_alt": [1.7481493343596124, 0.0, 0.03149069709971003], "k_pid_att": [32.07187526318421, 5.427493430801605, 0.928823094050094], "k_pid_yaw": [0.5, 1e-06, 0.1], "k_pid_hsp": [0.3176128119541414, 0.015313817478565939, 0.0], "k_pid_vsp": [397.24119196233795, 154.72453528025338, 0.16034730705162328]}, "datetime": {"datetime": "2025-08-13 16:15:03", "elapsed": 23231.395929813385, "delta": 27.6294903755188}, "costs": {"total_cost": 214.51698234579374, "time_cost": 91.287, "final_distance_cost": 1.8493914537867693, "oscillation_cost": 21.12902184014, "completition_cost": 0.0, "overshoot_cost": 54.26818118187004, "power_cost": 16.671634033203127, "noise_cost": 29.311753836793784, "n_waypoints_completed": 9, "tot_waypoints": 9}}
{"target": -196.32894533255063, "params": {"k_pid_pos": [0.7451133016874284, 0.06127155510510368, 0.22113495831318242], "k_pid_alt": [1.5953723240881785, 0.0, 0.015779194043093078], "k_pid_att": [20.87872245927693, 3.2670175795076495, 0.42452629920089385], "k_pid_yaw": [0.5, 1e-06, 0.1], "k_pid_hsp": [0.2760577199736817, 0.0209881693772803, 0.0], "k_pid_vsp": [310.6515204796165, 81.52705318851702, 0.1877724434161494]}, "datetime": {"datetime": "2025-08-13 16:15:24", "elapsed": 23252.582577466965, "delta": 21.186647653579712}, "costs": {"total_cost": 196.32894533255063, "time_cost": 73.21300000000001, "final_distance_cost": 1.8494755586694829, "oscillation_cost": 26.757659260077165, "completition_cost": 0.0, "overshoot_cost": 51.792254684068716, "power_cost": 19.293175988769534, "noise_cost": 23.423379840965694, "n_waypoints_completed": 9, "tot_waypoints": 9}}
{"target": -219.2678226930914, "params": {"k_pid_pos": [0.7967457236627516, 0.0, 0.19144235238850213], "k_pid_alt": [0.46525626378813345, 0.0, 0.029091189157414047], "k_pid_att": [6.71504705497149, 3.4982842873689584, 0.5405637626552627], "k_pid_yaw": [0.5, 1e-06, 0.1], "k_pid_hsp": [0.37784817131525156, 0.01519462949555289, 0.0], "k_pid_vsp": [249.5417554826162, 106.08844865680653, 0.18634257940034407]}, "datetime": {"datetime": "2025-08-13 16:15:48", "elapsed": 23276.75837635994, "delta": 24.175798892974854}, "costs": {"total_cost": 219.2678226930914, "time_cost": 81.711, "final_distance_cost": 1.8477998648378067, "oscillation_cost": 32.94363576386756, "completition_cost": 0.0, "overshoot_cost": 51.06992220086595, "power_cost": 23.71066474609375, "noise_cost": 27.984800117426314, "n_waypoints_completed": 9, "tot_waypoints": 9}}
{"target": -186.3551785757923, "params": {"k_pid_pos": [0.9037252011343874, 0.13150102066948396, 0.3478424954386005], "k_pid_alt": [1.0258093970610878, 0.0, 0.023887621781588247], "k_pid_att": [27.573112917474898, 7.154339577394243, 0.30351583732845283], "k_pid_yaw": [0.5, 1e-06, 0.1], "k_pid_hsp": [0.21728744335039354, 0.01528934335567845, 0.0], "k_pid_vsp": [248.7947366158031, 132.1677742018442, 0.15465207310946075]}, "datetime": {"datetime": "2025-08-13 16:16:10", "elapsed": 23298.404896259308, "delta": 21.646519899368286}, "costs": {"total_cost": 186.3551785757923, "time_cost": 72.394, "final_distance_cost": 1.823551246560059, "oscillation_cost": 26.67136221416957, "completition_cost": 0.0, "overshoot_cost": 50.63291353073054, "power_cost": 13.513777282714845, "noise_cost": 21.319574301617294, "n_waypoints_completed": 9, "tot_waypoints": 9}}
{"target": -187.2615769341488, "params": {"k_pid_pos": [0.9883464593929122, 0.08669384749456266, 0.12093692851288512], "k_pid_alt": [1.4303697600278273, 0.0, 0.027478725086461975], "k_pid_att": [33.65741224129121, 3.558655605084327, 0.45608091722166333], "k_pid_yaw": [0.5, 1e-06, 0.1], "k_pid_hsp": [0.29072629566786756, 0.013655169285168708, 0.0], "k_pid_vsp": [232.72151970370092, 106.0584399389687, 0.17065862576347166]}, "datetime": {"datetime": "2025-08-13 16:16:29", "elapsed": 23317.58593726158, "delta": 19.18104100227356}, "costs": {"total_cost": 187.2615769341488, "time_cost": 70.14, "final_distance_cost": 1.8330316880575883, "oscillation_cost": 28.270286128870143, "completition_cost": 0.0, "overshoot_cost": 50.55721124007778, "power_cost": 15.332865002441407, "noise_cost": 21.12818287470187, "n_waypoints_completed": 9, "tot_waypoints": 9}}
{"target": -189.3569836582355, "params": {"k_pid_pos": [1.0284818355830154, 0.06570363159583824, 0.14009797525811205], "k_pid_alt": [1.1829393530710157, 0.0, 0.03327643362322161], "k_pid_att": [23.85742553477107, 5.717348704618078, 0.6758489372186444], "k_pid_yaw": [0.5, 1e-06, 0.1], "k_pid_hsp": [0.46553644991774057, 0.02133073706706932, 0.0], "k_pid_vsp": [207.91788084609365, 87.39770287574753, 0.15728038562951976]}, "datetime": {"datetime": "2025-08-13 16:16:49", "elapsed": 23337.87216949463, "delta": 20.286232233047485}, "costs": {"total_cost": 189.3569836582355, "time_cost": 70.147, "final_distance_cost": 1.8434573513002435, "oscillation_cost": 29.521491781648194, "completition_cost": 0.0, "overshoot_cost": 50.6096540821727, "power_cost": 15.93364979248047, "noise_cost": 21.30173065063387, "n_waypoints_completed": 9, "tot_waypoints": 9}}
{"target": -181.7535180269569, "params": {"k_pid_pos": [0.8150219401021638, 0.045376888624346357, 0.33110471831923], "k_pid_alt": [2.0, 0.0, 0.03214278740398666], "k_pid_att": [5.514851453395228, 2.3666034834678964, 0.8743515176240577], "k_pid_yaw": [0.5, 1e-06, 0.1], "k_pid_hsp": [0.10056150139983937, 0.020784233575961288, 0.0], "k_pid_vsp": [228.37503107238777, 104.21688898897897, 0.14110252582488206]}, "datetime": {"datetime": "2025-08-13 16:17:10", "elapsed": 23358.42118859291, "delta": 20.54901909828186}, "costs": {"total_cost": 181.7535180269569, "time_cost": 71.134, "final_distance_cost": 1.8433237135303517, "oscillation_cost": 25.683531453567515, "completition_cost": 0.0, "overshoot_cost": 50.44605255831705, "power_cost": 12.09069500732422, "noise_cost": 20.55591529421777, "n_waypoints_completed": 9, "tot_waypoints": 9}}
{"target": -203.48528564547138, "params": {"k_pid_pos": [0.6520736748638812, 0.11689866571205547, 0.2230129671714071], "k_pid_alt": [1.802327202892429, 0.0, 0.031075579209475374], "k_pid_att": [25.00064574395549, 5.4995873376930575, 0.8643950941246596], "k_pid_yaw": [0.5, 1e-06, 0.1], "k_pid_hsp": [0.4259076898757033, 0.010355431021549252, 0.0], "k_pid_vsp": [276.36833408412275, 106.15900207261018, 0.25234482198676317]}, "datetime": {"datetime": "2025-08-13 16:17:35", "elapsed": 23383.25288963318, "delta": 24.831701040267944}, "costs": {"total_cost": 203.48528564547138, "time_cost": 77.987, "final_distance_cost": 1.8335976454099177, "oscillation_cost": 27.15782364578794, "completition_cost": 0.0, "overshoot_cost": 52.396884267988256, "power_cost": 19.262304321289065, "noise_cost": 24.847675764996183, "n_waypoints_completed": 9, "tot_waypoints": 9}}
{"target": -188.16816666508723, "params": {"k_pid_pos": [0.678702099811444, 0.05525301045875749, 0.2169058422035104], "k_pid_alt": [1.3986186182566733, 0.0, 0.020568721746268837], "k_pid_att": [18.786203714148957, 3.96851845498173, 0.7445971974362462], "k_pid_yaw": [0.5, 1e-06, 0.1], "k_pid_hsp": [0.29553789156369686, 0.019935940524675597, 0.0], "k_pid_vsp": [160.43326757055036, 92.10913488204983, 0.1508403366619603]}, "datetime": {"datetime": "2025-08-13 16:17:54", "elapsed": 23402.50510931015, "delta": 19.252219676971436}, "costs": {"total_cost": 188.16816666508723, "time_cost": 74.431, "final_distance_cost": 1.8491213003772793, "oscillation_cost": 26.55090282013698, "completition_cost": 0.0, "overshoot_cost": 50.979886519621466, "power_cost": 12.403795812988282, "noise_cost": 21.953460211963222, "n_waypoints_completed": 9, "tot_waypoints": 9}}
{"target": -190.29796113199575, "params": {"k_pid_pos": [1.1841455054385717, 0.07812396284958707, 0.2715936843643496], "k_pid_alt": [1.9996063537820616, 0.0, 0.01901457425000622], "k_pid_att": [19.163265554746218, 3.4314549315459235, 0.598136903383904], "k_pid_yaw": [0.5, 1e-06, 0.1], "k_pid_hsp": [0.17903818522567153, 0.018360462067028897, 0.0], "k_pid_vsp": [400.0, 147.2328137552798, 0.22405478700180315]}, "datetime": {"datetime": "2025-08-13 16:18:12", "elapsed": 23420.5617749691, "delta": 18.056665658950806}, "costs": {"total_cost": 190.29796113199575, "time_cost": 69.72, "final_distance_cost": 1.8242041420752815, "oscillation_cost": 28.912838394183048, "completition_cost": 0.0, "overshoot_cost": 50.403029878008795, "power_cost": 17.91190828857422, "noise_cost": 21.525980429154412, "n_waypoints_completed": 9, "tot_waypoints": 9}}
{"target": -182.56842826466593, "params": {"k_pid_pos": [1.1252672107567012, 0.05942249994474158, 0.15514780036662532], "k_pid_alt": [1.4108382332024902, 0.0, 0.021658060761024944], "k_pid_att": [18.59825378359618, 6.046347420786021, 0.5706171800547303], "k_pid_yaw": [0.5, 1e-06, 0.1], "k_pid_hsp": [0.2625131270201782, 0.025255005993675094, 0.0], "k_pid_vsp": [206.37714775808692, 170.76061884826558, 0.14027625628136517]}, "datetime": {"datetime": "2025-08-13 16:18:31", "elapsed": 23439.072266340256, "delta": 18.510491371154785}, "costs": {"total_cost": 182.56842826466593, "time_cost": 68.376, "final_distance_cost": 1.826570684039113, "oscillation_cost": 30.41751030922325, "completition_cost": 0.0, "overshoot_cost": 49.74939495482082, "power_cost": 12.47954365234375, "noise_cost": 19.719408664238994, "n_waypoints_completed": 9, "tot_waypoints": 9}}
{"target": -188.21969205346113, "params": {"k_pid_pos": [0.6900385920839436, 0.040727340353768494, 0.22850859062642678], "k_pid_alt": [1.6581542685416135, 0.0, 0.030209409892504504], "k_pid_att": [11.161215987718213, 2.886905045370375, 0.6768214747404552], "k_pid_yaw": [0.5, 1e-06, 0.1], "k_pid_hsp": [0.13635036002628956, 0.015528974860511401, 0.0], "k_pid_vsp": [199.38314081651143, 123.76440183642887, 0.14667309864541608]}, "datetime": {"datetime": "2025-08-13 16:18:50", "elapsed": 23458.4368724823, "delta": 19.364606142044067}, "costs": {"total_cost": 188.21969205346113, "time_cost": 72.191, "final_distance_cost": 1.8402827926782888, "oscillation_cost": 25.38906400423901, "completition_cost": 0.0, "overshoot_cost": 50.71601080468829, "power_cost": 15.917670214843751, "noise_cost": 22.165664237011796, "n_waypoints_completed": 9, "tot_waypoints": 9}}
{"target": -190.69522257704259, "params": {"k_pid_pos": [1.221343731494568, 0.046587374248619424, 0.24788201708058968], "k_pid_alt": [1.2693533999393547, 0.0, 0.015428344398472708], "k_pid_att": [19.767561947260873, 5.952107947981634, 0.8428673860868129], "k_pid_yaw": [0.5, 1e-06, 0.1], "k_pid_hsp": [0.3507722445686348, 0.018565877836384897, 0.0], "k_pid_vsp": [269.7897682306488, 137.43527146848672, 0.1813985191706282]}, "datetime": {"datetime": "2025-08-13 16:19:09", "elapsed": 23477.843257188797, "delta": 19.406384706497192}, "costs": {"total_cost": 190.69522257704259, "time_cost": 69.055, "final_distance_cost": 1.8226805926056773, "oscillation_cost": 29.92959648820156, "completition_cost": 0.0, "overshoot_cost": 49.773263219131636, "power_cost": 18.357383996582033, "noise_cost": 21.757298280521667, "n_waypoints_completed": 9, "tot_waypoints": 9}}
{"target": -197.6777917608966, "params": {"k_pid_pos": [0.5574101847046883, 0.07707563789358805, 0.16674498608735036], "k_pid_alt": [0.9902701632448214, 0.0, 0.02064271485910728], "k_pid_att": [22.768863331202066, 3.424505716042686, 0.6471800653166792], "k_pid_yaw": [0.5, 1e-06, 0.1], "k_pid_hsp": [0.2762681699675793, 0.009546444329622072, 0.0], "k_pid_vsp": [47.264730839339656, 100.33203061571525, 0.14325078958428641]}, "datetime": {"datetime": "2025-08-13 16:19:30", "elapsed": 23498.259508371353, "delta": 20.416251182556152}, "costs": {"total_cost": 197.6777917608966, "time_cost": 79.24, "final_distance_cost": 1.8400463643393499, "oscillation_cost": 25.642056622723924, "completition_cost": 0.0, "overshoot_cost": 51.38132463048508, "power_cost": 15.559107690429688, "noise_cost": 24.015256452918585, "n_waypoints_completed": 9, "tot_waypoints": 9}}
{"target": -190.0819417955194, "params": {"k_pid_pos": [1.0701102214001992, 0.07164600579210387, 0.2022638853288663], "k_pid_alt": [1.7931869005817405, 0.0, 0.026121100640077225], "k_pid_att": [21.4129151994953, 3.677696631862594, 0.443339898020566], "k_pid_yaw": [0.5, 1e-06, 0.1], "k_pid_hsp": [0.20121659732271538, 0.017010266302423575, 0.0], "k_pid_vsp": [303.49885454627105, 126.94746795935282, 0.12300463769540605]}, "datetime": {"datetime": "2025-08-13 16:19:48", "elapsed": 23516.435381889343, "delta": 18.175873517990112}, "costs": {"total_cost": 190.0819417955194, "time_cost": 69.71300000000001, "final_distance_cost": 1.8111670032910745, "oscillation_cost": 28.79992751427433, "completition_cost": 0.0, "overshoot_cost": 50.759074788117225, "power_cost": 17.490658984375, "noise_cost": 21.50811350546178, "n_waypoints_completed": 9, "tot_waypoints": 9}}
{"target": -201.80421425028538, "params": {"k_pid_pos": [0.6023281943560066, 0.08977871221690327, 0.29376132585049675], "k_pid_alt": [1.0837638779311538, 0.0, 0.03057937718941005], "k_pid_att": [18.353857895207287, 2.3901131370270696, 0.3826693514203474], "k_pid_yaw": [0.5, 1e-06, 0.1], "k_pid_hsp": [0.3035940228308862, 0.031495386736623034, 0.0], "k_pid_vsp": [258.33873493890303, 121.36200401948827, 0.20248720624549565]}, "datetime": {"datetime": "2025-08-13 16:20:09", "elapsed": 23537.345065832138, "delta": 20.9096839427948}, "costs": {"total_cost": 201.80421425028538, "time_cost": 79.681, "final_distance_cost": 1.8409863799502326, "oscillation_cost": 26.198389989090252, "completition_cost": 0.0, "overshoot_cost": 51.77474385970156, "power_cost": 17.279690698242188, "noise_cost": 25.02940332330115, "n_waypoints_completed": 9, "tot_waypoints": 9}}
