{"target": -193.58477001563645, "params": {"k_pid_pos": [0.630463653624341, 0.07837865824603554, 0.33360433158896424], "k_pid_alt": [2.0, 0.0, 0.026437922636630126], "k_pid_att": [20.442066048240207, 2.307221492691096, 0.6491610430209326], "k_pid_yaw": [0.5, 1e-06, 0.1], "k_pid_hsp": [0.27539222325983054, 0.025302495047833957, 0.0], "k_pid_vsp": [147.20488061526882, 131.46940373038737, 0.21845414978770206]}, "datetime": {"datetime": "2025-08-13 15:29:46", "elapsed": 20514.113512039185, "delta": 20.89120864868164}, "costs": {"total_cost": 193.58477001563645, "time_cost": 76.45400000000001, "final_distance_cost": 1.8515255437899174, "oscillation_cost": 26.346801770866662, "completition_cost": 0.0, "overshoot_cost": 51.33284183040462, "power_cost": 14.296481298828125, "noise_cost": 23.303119571747125, "n_waypoints_completed": 9, "tot_waypoints": 9}}
{"target": -208.3746248704718, "params": {"k_pid_pos": [0.6086112187160958, 0.0913507413185034, 0.23758000501819887], "k_pid_alt": [2.0, 0.0, 0.01952361386376021], "k_pid_att": [15.773636954216892, 2.2186139581312467, 0.6934771263653778], "k_pid_yaw": [0.5, 1e-06, 0.1], "k_pid_hsp": [0.3871786192148006, 0.02039104620546814, 0.0], "k_pid_vsp": [194.92370961009155, 107.24564470546663, 0.19741945744648773]}, "datetime": {"datetime": "2025-08-13 15:30:07", "elapsed": 20535.46442270279, "delta": 21.350910663604736}, "costs": {"total_cost": 208.3746248704718, "time_cost": 78.764, "final_distance_cost": 1.8411205493824436, "oscillation_cost": 27.092959643061228, "completition_cost": 0.0, "overshoot_cost": 52.975719609309294, "power_cost": 21.548716833496094, "noise_cost": 26.15210823522277, "n_waypoints_completed": 9, "tot_waypoints": 9}}
{"target": -188.82458867015995, "params": {"k_pid_pos": [1.305047677376381, 0.06073680346317887, 0.0], "k_pid_alt": [0.8124347981708597, 0.0, 0.03010769077875429], "k_pid_att": [6.537921867129142, 4.608471511741556, 0.3722390000705566], "k_pid_yaw": [0.5, 1e-06, 0.1], "k_pid_hsp": [0.25668715785100255, 0.03010778709340463, 0.0], "k_pid_vsp": [391.6456107008564, 73.35713354135679, 1e-06]}, "datetime": {"datetime": "2025-08-13 15:30:25", "elapsed": 20553.63608431816, "delta": 18.171661615371704}, "costs": {"total_cost": 188.82458867015995, "time_cost": 70.511, "final_distance_cost": 1.7952343773824384, "oscillation_cost": 34.793345747810704, "completition_cost": 0.0, "overshoot_cost": 50.60494947267615, "power_cost": 11.599259985351564, "noise_cost": 19.520799086939117, "n_waypoints_completed": 9, "tot_waypoints": 9}}
{"target": -188.00975392918988, "params": {"k_pid_pos": [0.6396676824260248, 0.07254596656210995, 0.17251753731314498], "k_pid_alt": [2.0, 0.0, 0.0221539975181811], "k_pid_att": [20.86433254918079, 6.538996144378956, 0.6860565642851818], "k_pid_yaw": [0.5, 1e-06, 0.1], "k_pid_hsp": [0.31097423479079084, 0.01393382357220073, 0.0], "k_pid_vsp": [255.4932609111347, 92.5459315570509, 0.2601632867102684]}, "datetime": {"datetime": "2025-08-13 15:30:45", "elapsed": 20573.006036043167, "delta": 19.369951725006104}, "costs": {"total_cost": 188.00975392918988, "time_cost": 74.046, "final_distance_cost": 1.8395049773368644, "oscillation_cost": 26.497498753442063, "completition_cost": 0.0, "overshoot_cost": 51.335597341189725, "power_cost": 12.236888000488282, "noise_cost": 22.054264856732964, "n_waypoints_completed": 9, "tot_waypoints": 9}}
{"target": -196.97688066370304, "params": {"k_pid_pos": [0.8491692891316212, 0.08513222878086012, 0.0], "k_pid_alt": [0.6660089169386719, 0.0, 0.016751501807772795], "k_pid_att": [16.95863209009899, 3.9592089038851523, 0.717794707781783], "k_pid_yaw": [0.5, 1e-06, 0.1], "k_pid_hsp": [0.10375952539700962, 0.02010361317087327, 0.0], "k_pid_vsp": [196.78610639121646, 89.33532424618109, 0.2546825785417009]}, "datetime": {"datetime": "2025-08-13 15:31:04", "elapsed": 20592.455852746964, "delta": 19.449816703796387}, "costs": {"total_cost": 196.97688066370304, "time_cost": 75.383, "final_distance_cost": 1.8305067825064845, "oscillation_cost": 29.151355527280632, "completition_cost": 0.0, "overshoot_cost": 50.831571013744814, "power_cost": 17.529407568359375, "noise_cost": 22.251039771811737, "n_waypoints_completed": 9, "tot_waypoints": 9}}
{"target": -188.2743053507373, "params": {"k_pid_pos": [0.9319630480020393, 0.06047304429319065, 0.07832018771605642], "k_pid_alt": [0.8751876151043211, 0.0, 0.027715553478540184], "k_pid_att": [36.42194531739085, 3.6744778942949954, 0.88123173194522], "k_pid_yaw": [0.5, 1e-06, 0.1], "k_pid_hsp": [0.2714771836084953, 0.02216972599771096, 0.0], "k_pid_vsp": [295.5934330318814, 109.05180050312954, 0.21509212949935952]}, "datetime": {"datetime": "2025-08-13 15:31:22", "elapsed": 20610.69646048546, "delta": 18.240607738494873}, "costs": {"total_cost": 188.2743053507373, "time_cost": 70.777, "final_distance_cost": 1.8239326771387898, "oscillation_cost": 28.51245561648093, "completition_cost": 0.0, "overshoot_cost": 49.965277538610145, "power_cost": 15.986771545410157, "noise_cost": 21.208867973097277, "n_waypoints_completed": 9, "tot_waypoints": 9}}
{"target": -191.8293576570338, "params": {"k_pid_pos": [0.7223064646199416, 0.07555066947928124, 0.23552283604764357], "k_pid_alt": [1.7035428267901829, 0.0, 0.020384607006655665], "k_pid_att": [16.382691229153934, 4.72427406976314, 0.5052190419975767], "k_pid_yaw": [0.5, 1e-06, 0.1], "k_pid_hsp": [0.3096011951566124, 0.020943405524836103, 0.0], "k_pid_vsp": [302.07765688304136, 22.636420297222717, 0.10604217498757161]}, "datetime": {"datetime": "2025-08-13 15:31:42", "elapsed": 20630.820665359497, "delta": 20.124204874038696}, "costs": {"total_cost": 191.8293576570338, "time_cost": 74.249, "final_distance_cost": 1.8357362479326853, "oscillation_cost": 26.978541054656873, "completition_cost": 0.0, "overshoot_cost": 51.51577205854992, "power_cost": 14.53690018310547, "noise_cost": 22.71340811278883, "n_waypoints_completed": 9, "tot_waypoints": 9}}
{"target": -4150.871416780341, "params": {"k_pid_pos": [0.7449326382382386, 0.10931795686619301, 0.45970377323167194], "k_pid_alt": [1.3766722724690486, 0.0, 0.017958435819230574], "k_pid_att": [0.0, 3.7474055823200008, 0.5153971190734227], "k_pid_yaw": [0.5, 1e-06, 0.1], "k_pid_hsp": [0.35284167653572723, 0.013012440963001401, 0.0], "k_pid_vsp": [126.41427780214399, 129.49186527514564, 0.175916486585779]}, "datetime": {"datetime": "2025-08-13 15:32:17", "elapsed": 20665.0819003582, "delta": 34.261234998703}, "costs": {"total_cost": 4150.871416780341, "time_cost": 150, "final_distance_cost": 320.1289468400696, "oscillation_cost": 1512.0679051962265, "completition_cost": 1000.0, "overshoot_cost": 958.9515185200056, "power_cost": 53.36096225585938, "noise_cost": 156.36208396817938, "n_waypoints_completed": 0, "tot_waypoints": 9}}
{"target": -188.41135943200865, "params": {"k_pid_pos": [0.7746849488019333, 0.0787426064392571, 0.3547816868019192], "k_pid_alt": [1.3211251355289988, 0.0, 0.024995954813343286], "k_pid_att": [32.54452603847063, 4.607720090759021, 0.8036051874503317], "k_pid_yaw": [0.5, 1e-06, 0.1], "k_pid_hsp": [0.3088476521712759, 0.017270588343594215, 0.0], "k_pid_vsp": [135.9982027151461, 92.1177725402729, 0.2034449106548808]}, "datetime": {"datetime": "2025-08-13 15:32:35", "elapsed": 20683.809197187424, "delta": 18.727296829223633}, "costs": {"total_cost": 188.41135943200865, "time_cost": 74.522, "final_distance_cost": 1.8423767361921704, "oscillation_cost": 26.86273385338985, "completition_cost": 0.0, "overshoot_cost": 50.69786799726243, "power_cost": 12.500028308105469, "noise_cost": 21.98635253705874, "n_waypoints_completed": 9, "tot_waypoints": 9}}
{"target": -202.64222143269185, "params": {"k_pid_pos": [0.547204017100062, 0.052932005893086186, 0.33400724132531884], "k_pid_alt": [1.9086461477027383, 0.0, 0.02239661391084778], "k_pid_att": [23.103207189000376, 4.139304664109505, 0.6085356223813794], "k_pid_yaw": [0.5, 1e-06, 0.1], "k_pid_hsp": [0.2878971601580183, 0.02215611564097618, 0.0], "k_pid_vsp": [262.0964567756453, 147.89513976808055, 0.08406168761396728]}, "datetime": {"datetime": "2025-08-13 15:32:55", "elapsed": 20703.86513400078, "delta": 20.055936813354492}, "costs": {"total_cost": 202.64222143269185, "time_cost": 80.206, "final_distance_cost": 1.8492382037708823, "oscillation_cost": 25.017353522214176, "completition_cost": 0.0, "overshoot_cost": 51.7370653919354, "power_cost": 18.238463500976565, "noise_cost": 25.594100813794814, "n_waypoints_completed": 9, "tot_waypoints": 9}}
{"target": -202.6276053089279, "params": {"k_pid_pos": [0.793838577237116, 0.07299859653282419, 0.38577846647893727], "k_pid_alt": [1.6267783990732898, 0.0, 0.03385683278637618], "k_pid_att": [14.087770282144438, 4.635429331729521, 0.3975749505082131], "k_pid_yaw": [0.5, 1e-06, 0.1], "k_pid_hsp": [0.2373665758003519, 0.0193222496373277, 0.0], "k_pid_vsp": [327.2208809657607, 142.40811144165914, 0.08707766931497701]}, "datetime": {"datetime": "2025-08-13 15:33:14", "elapsed": 20722.397265195847, "delta": 18.53213119506836}, "costs": {"total_cost": 202.6276053089279, "time_cost": 74.641, "final_distance_cost": 1.8507331211648255, "oscillation_cost": 26.730651703130608, "completition_cost": 0.0, "overshoot_cost": 51.966852577765586, "power_cost": 22.933152880859375, "noise_cost": 24.50521502600751, "n_waypoints_completed": 9, "tot_waypoints": 9}}
{"target": -1180.5020193995608, "params": {"k_pid_pos": [1.3306996310710792, 0.09997241362576903, 0.06867065787469788], "k_pid_alt": [0.31891557603544946, 0.0, 0.021161902549297423], "k_pid_att": [18.535848064469604, 3.6876786153526795, 0.09853985753930568], "k_pid_yaw": [0.5, 1e-06, 0.1], "k_pid_hsp": [0.0001, 0.03249419370481087, 0.0], "k_pid_vsp": [204.07964736330223, 114.44868096146962, 0.10939694733794565]}, "datetime": {"datetime": "2025-08-13 15:33:45", "elapsed": 20753.199743270874, "delta": 30.802478075027466}, "costs": {"total_cost": 1180.5020193995608, "time_cost": 150, "final_distance_cost": 93.5091189555902, "oscillation_cost": 18.395517964004355, "completition_cost": 777.7777777777778, "overshoot_cost": 91.52460688775257, "power_cost": 17.405934533691408, "noise_cost": 31.889063280744583, "n_waypoints_completed": 2, "tot_waypoints": 9}}
{"target": -258.23812983521975, "params": {"k_pid_pos": [0.22739751206983802, 0.0844865396493326, 0.3362560717278554], "k_pid_alt": [1.7534427521506035, 0.0, 0.02377983900247069], "k_pid_att": [25.915972617860117, 3.663728742622071, 0.3908544495120572], "k_pid_yaw": [0.5, 1e-06, 0.1], "k_pid_hsp": [0.1876724358368027, 0.021457580010557153, 0.0], "k_pid_vsp": [272.05121790751684, 102.34584308163618, 0.13153948478208546]}, "datetime": {"datetime": "2025-08-13 15:34:12", "elapsed": 20780.707993030548, "delta": 27.508249759674072}, "costs": {"total_cost": 258.23812983521975, "time_cost": 109.788, "final_distance_cost": 1.8580160444653004, "oscillation_cost": 16.26777977750479, "completition_cost": 0.0, "overshoot_cost": 61.13981509031167, "power_cost": 30.153630053710938, "noise_cost": 39.03088886922703, "n_waypoints_completed": 9, "tot_waypoints": 9}}
{"target": -185.998373350586, "params": {"k_pid_pos": [1.2778092825082337, 0.058539196302802854, 0.31965503668161815], "k_pid_alt": [1.6938873048803795, 0.0, 0.03277524314955774], "k_pid_att": [17.52133099689477, 3.263204170325628, 0.6922513106385974], "k_pid_yaw": [0.5, 1e-06, 0.1], "k_pid_hsp": [0.403114901877359, 0.02282756787623409, 0.0], "k_pid_vsp": [163.2498195595402, 107.57514580791765, 0.11993906872055882]}, "datetime": {"datetime": "2025-08-13 15:34:30", "elapsed": 20798.362465381622, "delta": 17.65447235107422}, "costs": {"total_cost": 185.998373350586, "time_cost": 69.034, "final_distance_cost": 1.8391863969258293, "oscillation_cost": 30.758639556682112, "completition_cost": 0.0, "overshoot_cost": 49.726992806059265, "power_cost": 14.054349328613283, "noise_cost": 20.585205262305536, "n_waypoints_completed": 9, "tot_waypoints": 9}}
{"target": -196.89532771578763, "params": {"k_pid_pos": [1.3482869626476781, 0.07063880703348739, 0.26517822161189253], "k_pid_alt": [1.5705115815223951, 0.0, 0.023732567303255823], "k_pid_att": [10.744042967149207, 3.3479156273287263, 0.4944239279112248], "k_pid_yaw": [0.5, 1e-06, 0.1], "k_pid_hsp": [0.20334282709403137, 0.025390036868653838, 0.0], "k_pid_vsp": [275.62522978828144, 126.6111567302061, 0.13026039265682834]}, "datetime": {"datetime": "2025-08-13 15:34:48", "elapsed": 20816.17317891121, "delta": 17.810713529586792}, "costs": {"total_cost": 196.89532771578763, "time_cost": 69.468, "final_distance_cost": 1.8253220813734754, "oscillation_cost": 31.509158922335317, "completition_cost": 0.0, "overshoot_cost": 50.945665415455395, "power_cost": 21.202078320312502, "noise_cost": 21.945102976310956, "n_waypoints_completed": 9, "tot_waypoints": 9}}
{"target": -182.3858251994714, "params": {"k_pid_pos": [0.8337839485977286, 0.04341884883545233, 0.06353409620581126], "k_pid_alt": [1.6091003853907442, 0.0, 0.02049833517706162], "k_pid_att": [23.164005974776455, 3.005913485227676, 0.3240266490856872], "k_pid_yaw": [0.5, 1e-06, 0.1], "k_pid_hsp": [0.17002128617842274, 0.015386031437635594, 0.0], "k_pid_vsp": [281.7121806687353, 159.40658047359733, 1e-06]}, "datetime": {"datetime": "2025-08-13 15:35:05", "elapsed": 20833.25736784935, "delta": 17.08418893814087}, "costs": {"total_cost": 182.3858251994714, "time_cost": 69.125, "final_distance_cost": 1.8288844196797056, "oscillation_cost": 27.06282022983595, "completition_cost": 0.0, "overshoot_cost": 49.89511658433974, "power_cost": 13.872916577148438, "noise_cost": 20.601087388467583, "n_waypoints_completed": 9, "tot_waypoints": 9}}
{"target": -186.23529720768857, "params": {"k_pid_pos": [1.001943673786638, 0.05234157628034349, 0.2086253673793983], "k_pid_alt": [1.2186503791972498, 0.0, 0.022958836755149103], "k_pid_att": [19.946587559753727, 5.138801156828828, 0.4158742494020576], "k_pid_yaw": [0.5, 1e-06, 0.1], "k_pid_hsp": [0.37457624834531494, 0.0191603883247473, 0.0], "k_pid_vsp": [230.01987063745744, 175.85256075078783, 0.1682152996202879]}, "datetime": {"datetime": "2025-08-13 15:35:22", "elapsed": 20850.478795528412, "delta": 17.22142767906189}, "costs": {"total_cost": 186.23529720768857, "time_cost": 69.797, "final_distance_cost": 1.839805373913033, "oscillation_cost": 28.84462990396546, "completition_cost": 0.0, "overshoot_cost": 49.80043443180836, "power_cost": 14.965814782714844, "noise_cost": 20.987612715286886, "n_waypoints_completed": 9, "tot_waypoints": 9}}
{"target": -183.3414049565706, "params": {"k_pid_pos": [0.8204526157481503, 0.08895368758732332, 0.2138834345864192], "k_pid_alt": [2.0, 0.0, 0.009398321418606595], "k_pid_att": [19.53415613869137, 2.066963016141686, 0.719609545764301], "k_pid_yaw": [0.5, 1e-06, 0.1], "k_pid_hsp": [0.4654050847603648, 0.030460983824389377, 0.0], "k_pid_vsp": [187.3264118025295, 141.572721363017, 0.17159370857530953]}, "datetime": {"datetime": "2025-08-13 15:35:40", "elapsed": 20868.28632903099, "delta": 17.807533502578735}, "costs": {"total_cost": 183.3414049565706, "time_cost": 71.057, "final_distance_cost": 1.841433891792539, "oscillation_cost": 26.803280643172958, "completition_cost": 0.0, "overshoot_cost": 50.86300139693529, "power_cost": 11.91899031982422, "noise_cost": 20.857698704845646, "n_waypoints_completed": 9, "tot_waypoints": 9}}
{"target": -189.52582184072585, "params": {"k_pid_pos": [0.6534431552973851, 0.09038036023179724, 0.27629007855684445], "k_pid_alt": [1.1256105891225436, 0.0, 0.03918321408566592], "k_pid_att": [18.624695933228818, 0.0001, 0.24879954775710877], "k_pid_yaw": [0.5, 1e-06, 0.1], "k_pid_hsp": [0.2942327143294137, 0.029002008869766255, 0.0], "k_pid_vsp": [66.1914981425832, 114.19469553166373, 0.16614869372939012]}, "datetime": {"datetime": "2025-08-13 15:35:59", "elapsed": 20887.722463846207, "delta": 19.436134815216064}, "costs": {"total_cost": 189.52582184072585, "time_cost": 77.126, "final_distance_cost": 1.8441700713325735, "oscillation_cost": 26.469577130821076, "completition_cost": 0.0, "overshoot_cost": 50.910327165353294, "power_cost": 11.030177856445313, "noise_cost": 22.145569616773606, "n_waypoints_completed": 9, "tot_waypoints": 9}}
{"target": -193.56528127530572, "params": {"k_pid_pos": [0.6789545578362537, 0.10362924931900593, 0.15237202976603698], "k_pid_alt": [1.2118793347789236, 0.0, 0.031143533011103484], "k_pid_att": [22.745433845185232, 3.598567226622515, 0.6816147267014091], "k_pid_yaw": [0.5, 1e-06, 0.1], "k_pid_hsp": [0.4128063679114233, 0.014669461511249442, 0.0], "k_pid_vsp": [333.8714095869626, 94.46004407936607, 0.13545158443319877]}, "datetime": {"datetime": "2025-08-13 15:36:18", "elapsed": 20906.95617389679, "delta": 19.233710050582886}, "costs": {"total_cost": 193.56528127530572, "time_cost": 75.593, "final_distance_cost": 1.8296176301643092, "oscillation_cost": 27.259336048588583, "completition_cost": 0.0, "overshoot_cost": 51.59443561192298, "power_cost": 14.556403515625, "noise_cost": 22.732488469004853, "n_waypoints_completed": 9, "tot_waypoints": 9}}
{"target": -185.1517414128158, "params": {"k_pid_pos": [0.7667592697208393, 0.08857135609870835, 0.1754638039968761], "k_pid_alt": [1.0890691060975881, 0.0, 0.024280075607499896], "k_pid_att": [11.544200315128228, 3.339346242806649, 0.731454989838225], "k_pid_yaw": [0.5, 1e-06, 0.1], "k_pid_hsp": [0.32681614745551235, 0.040336628606420184, 0.0], "k_pid_vsp": [352.9333879730229, 155.1181035784056, 0.11463574095398454]}, "datetime": {"datetime": "2025-08-13 15:36:38", "elapsed": 20926.102837085724, "delta": 19.146663188934326}, "costs": {"total_cost": 185.1517414128158, "time_cost": 72.618, "final_distance_cost": 1.837998558756289, "oscillation_cost": 28.01020399624679, "completition_cost": 0.0, "overshoot_cost": 50.32789578164799, "power_cost": 11.525213415527345, "noise_cost": 20.83242966063742, "n_waypoints_completed": 9, "tot_waypoints": 9}}
{"target": -187.83484327645854, "params": {"k_pid_pos": [0.9711265869561713, 0.061481966001438404, 0.29576794698875203], "k_pid_alt": [2.0, 0.0, 0.026173187335479593], "k_pid_att": [21.341185511459944, 3.737045496873435, 0.27613986493197173], "k_pid_yaw": [0.5, 1e-06, 0.1], "k_pid_hsp": [0.1997249557228528, 0.010527596375653772, 0.0], "k_pid_vsp": [207.1154245478452, 161.2539727563171, 0.1922146204173526]}, "datetime": {"datetime": "2025-08-13 15:36:55", "elapsed": 20943.624308347702, "delta": 17.52147126197815}, "costs": {"total_cost": 187.83484327645854, "time_cost": 70.196, "final_distance_cost": 1.8447808465009934, "oscillation_cost": 26.65999264263928, "completition_cost": 0.0, "overshoot_cost": 50.54090651904423, "power_cost": 16.587827001953126, "noise_cost": 22.005336266320914, "n_waypoints_completed": 9, "tot_waypoints": 9}}
{"target": -190.89609678383644, "params": {"k_pid_pos": [0.9948135336819619, 0.04947258516158692, 0.21404973996521925], "k_pid_alt": [1.6820283392894275, 0.0, 0.027796154323869945], "k_pid_att": [25.104934060671397, 2.115806543120737, 0.0], "k_pid_yaw": [0.5, 1e-06, 0.1], "k_pid_hsp": [0.30354003807012986, 0.019078068485083265, 0.0], "k_pid_vsp": [260.68204476016535, 117.27253520268057, 0.04221718888367091]}, "datetime": {"datetime": "2025-08-13 15:37:13", "elapsed": 20961.114837408066, "delta": 17.49052906036377}, "costs": {"total_cost": 190.89609678383644, "time_cost": 69.496, "final_distance_cost": 1.8417848511606991, "oscillation_cost": 34.91312548514372, "completition_cost": 0.0, "overshoot_cost": 50.308803677694215, "power_cost": 13.464518566894531, "noise_cost": 20.87186420294327, "n_waypoints_completed": 9, "tot_waypoints": 9}}
{"target": -204.68415589990855, "params": {"k_pid_pos": [0.724508490233006, 0.11358580785017831, 0.2457470562793045], "k_pid_alt": [0.8666308775126024, 0.0, 0.02478015083253118], "k_pid_att": [17.71348509303483, 1.711914047622954, 0.7343087345171071], "k_pid_yaw": [0.5, 1e-06, 0.1], "k_pid_hsp": [0.3377564240696522, 0.019214581012068733, 0.0], "k_pid_vsp": [56.87732952428237, 171.80458958175564, 0.16155452620623972]}, "datetime": {"datetime": "2025-08-13 15:37:32", "elapsed": 20980.755123138428, "delta": 19.64028573036194}, "costs": {"total_cost": 204.68415589990855, "time_cost": 77.84700000000001, "final_distance_cost": 1.8345067087764082, "oscillation_cost": 27.74289660430767, "completition_cost": 0.0, "overshoot_cost": 51.512570980411255, "power_cost": 21.330191430664062, "noise_cost": 24.416990175749177, "n_waypoints_completed": 9, "tot_waypoints": 9}}
{"target": -182.4520441380746, "params": {"k_pid_pos": [0.7002481939387984, 0.06981082428631215, 0.23375094540670846], "k_pid_alt": [1.1641954471453342, 0.0, 0.005604876312759796], "k_pid_att": [12.215282714491122, 1.5486945292471752, 0.5224886064960528], "k_pid_yaw": [0.5, 1e-06, 0.1], "k_pid_hsp": [0.08488770446495465, 0.01126211036554626, 0.0], "k_pid_vsp": [189.153860618422, 161.8681393111993, 0.09061263091868875]}, "datetime": {"datetime": "2025-08-13 15:37:51", "elapsed": 20999.60530781746, "delta": 18.850184679031372}, "costs": {"total_cost": 182.4520441380746, "time_cost": 74.32600000000001, "final_distance_cost": 1.8261872821860137, "oscillation_cost": 22.95889733328056, "completition_cost": 0.0, "overshoot_cost": 51.01123932813315, "power_cost": 11.472030664062501, "noise_cost": 20.85768953041236, "n_waypoints_completed": 9, "tot_waypoints": 9}}
