{"target": -186.49074072466095, "params": {"k_pid_pos": [0.7085569169127289, 0.05734997634791972, 0.136672815416773], "k_pid_alt": [2.0, 0.0, 0.03548411358491738], "k_pid_att": [43.395688579356516, 4.031860935744426, 0.7583626084041435], "k_pid_yaw": [0.5, 1e-06, 0.1], "k_pid_hsp": [0.1355896927538074, 0.019517934584921046, 0.0], "k_pid_vsp": [115.46578115089112, 54.256536691011775, 0.1762593516915456]}, "datetime": {"datetime": "2025-08-13 15:21:02", "elapsed": 19990.380486249924, "delta": 18.152543544769287}, "costs": {"total_cost": 186.49074072466095, "time_cost": 71.393, "final_distance_cost": 1.8294078404241882, "oscillation_cost": 25.006172719851545, "completition_cost": 0.0, "overshoot_cost": 50.87935714780487, "power_cost": 15.637573352050781, "noise_cost": 21.745229664529553, "n_waypoints_completed": 9, "tot_waypoints": 9}}
{"target": -195.7413212443701, "params": {"k_pid_pos": [1.4900683611929082, 0.036871123285209945, 0.40413327450446007], "k_pid_alt": [1.4911906518339968, 0.0, 0.022746887110751585], "k_pid_att": [20.670090103256744, 4.329150618779264, 0.7342641143632229], "k_pid_yaw": [0.5, 1e-06, 0.1], "k_pid_hsp": [0.2881271636650755, 0.019290714656923696, 0.0], "k_pid_vsp": [239.64913392064614, 166.9638219914741, 0.1647546888495744]}, "datetime": {"datetime": "2025-08-13 15:21:20", "elapsed": 20008.95532298088, "delta": 18.57483673095703}, "costs": {"total_cost": 195.7413212443701, "time_cost": 69.839, "final_distance_cost": 1.837741930004821, "oscillation_cost": 30.484543862498025, "completition_cost": 0.0, "overshoot_cost": 51.44905958052102, "power_cost": 20.139342150878907, "noise_cost": 21.99163372046731, "n_waypoints_completed": 9, "tot_waypoints": 9}}
{"target": -187.930225567022, "params": {"k_pid_pos": [0.9467345186415699, 0.07445629819607132, 0.036242110238747786], "k_pid_alt": [1.5494203102277246, 0.0, 0.01781674905415618], "k_pid_att": [10.010594651164045, 5.041852901871459, 0.5836781359474772], "k_pid_yaw": [0.5, 1e-06, 0.1], "k_pid_hsp": [0.3767115126682807, 0.023307219179310553, 0.0], "k_pid_vsp": [230.43743365123348, 100.42103741464535, 0.19898532338117195]}, "datetime": {"datetime": "2025-08-13 15:21:38", "elapsed": 20026.48915719986, "delta": 17.533834218978882}, "costs": {"total_cost": 187.930225567022, "time_cost": 69.44, "final_distance_cost": 1.819949002684527, "oscillation_cost": 30.627593321422545, "completition_cost": 0.0, "overshoot_cost": 49.98760212634335, "power_cost": 15.094988952636719, "noise_cost": 20.96009216393486, "n_waypoints_completed": 9, "tot_waypoints": 9}}
{"target": -191.83266318015424, "params": {"k_pid_pos": [0.8572707119603775, 0.07856676413333986, 0.07589459230727737], "k_pid_alt": [1.5158990088725446, 0.0, 0.03117508187267079], "k_pid_att": [18.433418124472013, 4.443472010086829, 0.680261852793731], "k_pid_yaw": [0.5, 1e-06, 0.1], "k_pid_hsp": [0.41550097915682044, 0.014165453740932346, 0.0], "k_pid_vsp": [286.8493274925289, 135.15811048650662, 0.17401151291983222]}, "datetime": {"datetime": "2025-08-13 15:21:58", "elapsed": 20046.165095567703, "delta": 19.675938367843628}, "costs": {"total_cost": 191.83266318015424, "time_cost": 70.56, "final_distance_cost": 1.824758998039835, "oscillation_cost": 28.07700084904314, "completition_cost": 0.0, "overshoot_cost": 50.44235622506685, "power_cost": 18.610099169921877, "noise_cost": 22.318447938082528, "n_waypoints_completed": 9, "tot_waypoints": 9}}
{"target": -179.0083011141751, "params": {"k_pid_pos": [1.0417381778093857, 0.09879720211451475, 0.31055924041826377], "k_pid_alt": [1.3018305743763146, 0.0, 0.02444436379846775], "k_pid_att": [19.833755506039996, 3.054011048512597, 0.20589273600355848], "k_pid_yaw": [0.5, 1e-06, 0.1], "k_pid_hsp": [0.18396617423515296, 0.007238036041081892, 0.0], "k_pid_vsp": [222.55990110582084, 131.149372275815, 0.11736434510165283]}, "datetime": {"datetime": "2025-08-13 15:22:16", "elapsed": 20064.795080661774, "delta": 18.629985094070435}, "costs": {"total_cost": 179.0083011141751, "time_cost": 69.797, "final_distance_cost": 1.8147687746947347, "oscillation_cost": 27.353296170369454, "completition_cost": 0.0, "overshoot_cost": 50.37406014945253, "power_cost": 10.203503771972656, "noise_cost": 19.465672247685713, "n_waypoints_completed": 9, "tot_waypoints": 9}}
{"target": -183.43131790524257, "params": {"k_pid_pos": [1.221859720566017, 0.04258153910068346, 0.33619981381923963], "k_pid_alt": [1.6733500495070561, 0.0, 0.030837668089009822], "k_pid_att": [19.217378451591788, 3.2269196317129576, 0.8088185125868362], "k_pid_yaw": [0.5, 1e-06, 0.1], "k_pid_hsp": [0.20878057719916185, 0.028421973952023685, 0.0], "k_pid_vsp": [227.05454336615324, 125.62501969602634, 0.20564767709986634]}, "datetime": {"datetime": "2025-08-13 15:22:35", "elapsed": 20083.08815598488, "delta": 18.29307532310486}, "costs": {"total_cost": 183.43131790524257, "time_cost": 68.873, "final_distance_cost": 1.8444297491291533, "oscillation_cost": 29.70012643961832, "completition_cost": 0.0, "overshoot_cost": 49.53302687148074, "power_cost": 13.281176342773438, "noise_cost": 20.199558502240897, "n_waypoints_completed": 9, "tot_waypoints": 9}}
{"target": -191.15423790567806, "params": {"k_pid_pos": [0.8299575225427449, 0.045474033004819524, 0.24269618610568808], "k_pid_alt": [1.5744660103001369, 0.0, 0.022885376670100006], "k_pid_att": [16.447904317589643, 5.292303289664145, 0.5113558036475011], "k_pid_yaw": [0.5, 1e-06, 0.1], "k_pid_hsp": [0.6944626130674015, 0.008713628284114275, 0.0], "k_pid_vsp": [311.0891849677685, 159.94027981311552, 0.13819233054122126]}, "datetime": {"datetime": "2025-08-13 15:22:56", "elapsed": 20104.44501876831, "delta": 21.356862783432007}, "costs": {"total_cost": 191.15423790567806, "time_cost": 73.255, "final_distance_cost": 1.8458021182440938, "oscillation_cost": 28.96596978812481, "completition_cost": 0.0, "overshoot_cost": 50.80695275339612, "power_cost": 14.165534619140626, "noise_cost": 22.114978626772423, "n_waypoints_completed": 9, "tot_waypoints": 9}}
{"target": -190.84750847681815, "params": {"k_pid_pos": [0.7518878903809192, 0.0629992709427897, 0.2105415447779175], "k_pid_alt": [2.0, 0.0, 0.026549438867533262], "k_pid_att": [33.00101636522094, 6.322742931283602, 0.5535927690895882], "k_pid_yaw": [0.5, 1e-06, 0.1], "k_pid_hsp": [0.33873940604334907, 0.03341212984174071, 0.0], "k_pid_vsp": [269.7347546233486, 94.0681099774531, 0.11639694422957585]}, "datetime": {"datetime": "2025-08-13 15:23:17", "elapsed": 20125.208938598633, "delta": 20.763919830322266}, "costs": {"total_cost": 190.84750847681815, "time_cost": 72.66, "final_distance_cost": 1.844858761853535, "oscillation_cost": 27.41356736376127, "completition_cost": 0.0, "overshoot_cost": 51.37960881961587, "power_cost": 15.244152026367189, "noise_cost": 22.30532150522029, "n_waypoints_completed": 9, "tot_waypoints": 9}}
{"target": -194.98326285504373, "params": {"k_pid_pos": [0.9397412712577337, 0.06452248935848072, 0.392492429027085], "k_pid_alt": [1.6625437376488428, 0.0, 0.026179230799668708], "k_pid_att": [3.8263307508226787, 3.840162604060666, 0.9076393300840255], "k_pid_yaw": [0.5, 1e-06, 0.1], "k_pid_hsp": [0.20707367992020717, 0.021078146625417404, 0.0], "k_pid_vsp": [138.99421730480188, 98.30284310043025, 0.27684469719378374]}, "datetime": {"datetime": "2025-08-13 15:23:35", "elapsed": 20143.454705953598, "delta": 18.24576735496521}, "costs": {"total_cost": 194.98326285504373, "time_cost": 70.581, "final_distance_cost": 1.8461249969805984, "oscillation_cost": 31.775378425999772, "completition_cost": 0.0, "overshoot_cost": 50.28200660116778, "power_cost": 18.218825219726565, "noise_cost": 22.27992761116901, "n_waypoints_completed": 9, "tot_waypoints": 9}}
{"target": -194.363650544614, "params": {"k_pid_pos": [1.186230094644286, 0.07551890889312532, 0.11159845064477636], "k_pid_alt": [1.349521077656352, 0.0, 0.015132973581159776], "k_pid_att": [16.049550906714313, 0.978564942708306, 0.46776439309974643], "k_pid_yaw": [0.5, 1e-06, 0.1], "k_pid_hsp": [0.25465614167132894, 0.01860551724472956, 0.0], "k_pid_vsp": [207.4936855541802, 17.370460275489467, 0.12480939475820885]}, "datetime": {"datetime": "2025-08-13 15:23:54", "elapsed": 20162.2751789093, "delta": 18.820472955703735}, "costs": {"total_cost": 194.363650544614, "time_cost": 70.406, "final_distance_cost": 1.8210170762636535, "oscillation_cost": 30.283355231992456, "completition_cost": 0.0, "overshoot_cost": 51.44462619027467, "power_cost": 18.586656909179688, "noise_cost": 21.821995136903535, "n_waypoints_completed": 9, "tot_waypoints": 9}}
{"target": -185.97419537307513, "params": {"k_pid_pos": [1.0013830397916161, 0.06708386826766341, 0.22613934727416649], "k_pid_alt": [0.6021692500585234, 0.0, 0.029088231052404424], "k_pid_att": [23.064186958261512, 5.958714253694431, 0.604813711364618], "k_pid_yaw": [0.5, 1e-06, 0.1], "k_pid_hsp": [0.371181833735446, 0.002196747684381717, 0.0], "k_pid_vsp": [212.1647740863772, 77.53879372492365, 1e-06]}, "datetime": {"datetime": "2025-08-13 15:24:14", "elapsed": 20182.58059334755, "delta": 20.30541443824768}, "costs": {"total_cost": 185.97419537307513, "time_cost": 74.82300000000001, "final_distance_cost": 1.8490619439019444, "oscillation_cost": 28.539028050652306, "completition_cost": 0.0, "overshoot_cost": 50.392938033427626, "power_cost": 10.089764624023438, "noise_cost": 20.28040272106979, "n_waypoints_completed": 9, "tot_waypoints": 9}}
{"target": -247.87195674284555, "params": {"k_pid_pos": [1.041334864636285, 0.0665641664114285, 0.07714293441716848], "k_pid_alt": [1.6595676928425789, 0.0, 0.01879072567225018], "k_pid_att": [7.75669839195983, 3.7689453360390446, 0.6590051418678583], "k_pid_yaw": [0.5, 1e-06, 0.1], "k_pid_hsp": [0.02710023518028587, 0.027628593374684696, 0.0], "k_pid_vsp": [318.8613647580351, 80.80783627209044, 0.2373699031987988]}, "datetime": {"datetime": "2025-08-13 15:24:41", "elapsed": 20209.09010076523, "delta": 26.509507417678833}, "costs": {"total_cost": 247.87195674284555, "time_cost": 105.301, "final_distance_cost": 1.7438637710481915, "oscillation_cost": 34.573765242346745, "completition_cost": 0.0, "overshoot_cost": 62.20034190473353, "power_cost": 15.067172167968751, "noise_cost": 28.98581365674833, "n_waypoints_completed": 9, "tot_waypoints": 9}}
{"target": -193.42677672655216, "params": {"k_pid_pos": [1.3027828367201837, 0.04967507278728006, 0.27282290518036595], "k_pid_alt": [2.0, 0.0, 0.031138319111923506], "k_pid_att": [17.419780971516975, 5.222229450287236, 0.7604810211920799], "k_pid_yaw": [0.5, 1e-06, 0.1], "k_pid_hsp": [0.3808990623781841, 0.024355372438016568, 0.0], "k_pid_vsp": [242.11514629773558, 196.12041413436205, 0.1851574675511827]}, "datetime": {"datetime": "2025-08-13 15:24:58", "elapsed": 20226.792508602142, "delta": 17.702407836914062}, "costs": {"total_cost": 193.42677672655216, "time_cost": 69.433, "final_distance_cost": 1.830782588842094, "oscillation_cost": 31.652223961481045, "completition_cost": 0.0, "overshoot_cost": 51.0648305126453, "power_cost": 18.061641674804687, "noise_cost": 21.384297988779036, "n_waypoints_completed": 9, "tot_waypoints": 9}}
{"target": -205.29095870834473, "params": {"k_pid_pos": [0.7212181973164329, 0.10064809782355684, 0.35149203181508776], "k_pid_alt": [0.9466720348835912, 0.0, 0.011918872935540508], "k_pid_att": [17.16216292809726, 9.128851552154037, 0.3333919608952609], "k_pid_yaw": [0.5, 1e-06, 0.1], "k_pid_hsp": [0.47213740789770675, 0.023828407640611268, 0.0], "k_pid_vsp": [289.90209665773926, 121.15832657339536, 0.2819998181949368]}, "datetime": {"datetime": "2025-08-13 15:25:18", "elapsed": 20246.456432580948, "delta": 19.663923978805542}, "costs": {"total_cost": 205.29095870834473, "time_cost": 78.883, "final_distance_cost": 1.8477681487639757, "oscillation_cost": 27.902223946173006, "completition_cost": 0.0, "overshoot_cost": 51.58701020228503, "power_cost": 20.05432430419922, "noise_cost": 25.016632106923513, "n_waypoints_completed": 9, "tot_waypoints": 9}}
{"target": -192.38724142505123, "params": {"k_pid_pos": [0.6828093065562703, 0.03790266704807615, 0.10189197440388985], "k_pid_alt": [0.6852595349645162, 1.1118624663767447e-07, 0.03341125278859496], "k_pid_att": [25.725219210155846, 3.167784247829243, 0.7126721621240583], "k_pid_yaw": [0.5, 1e-06, 0.1], "k_pid_hsp": [0.3166849478068314, 0.015806949610421103, 0.0], "k_pid_vsp": [196.86320687879342, 88.53985029294064, 0.1924924263263493]}, "datetime": {"datetime": "2025-08-13 15:25:38", "elapsed": 20266.42502474785, "delta": 19.968592166900635}, "costs": {"total_cost": 192.38724142505123, "time_cost": 76.615, "final_distance_cost": 1.8484600823895785, "oscillation_cost": 26.996041737288124, "completition_cost": 0.0, "overshoot_cost": 50.74936001198251, "power_cost": 13.824585192871094, "noise_cost": 22.353794400519917, "n_waypoints_completed": 9, "tot_waypoints": 9}}
{"target": -206.13685986044953, "params": {"k_pid_pos": [0.808025263996579, 0.06657178638092338, 0.07467618783403751], "k_pid_alt": [1.2487129442063978, 0.0, 0.019125860656256127], "k_pid_att": [22.57329834871021, 5.882649553591008, 0.20251064513619657], "k_pid_yaw": [0.5, 1e-06, 0.1], "k_pid_hsp": [0.3108668288957464, 0.018526023094106475, 0.0], "k_pid_vsp": [290.5957754094688, 86.99303007358985, 0.2908245234537219]}, "datetime": {"datetime": "2025-08-13 15:25:58", "elapsed": 20286.190213680267, "delta": 19.765188932418823}, "costs": {"total_cost": 206.13685986044953, "time_cost": 73.122, "final_distance_cost": 1.8419509478097693, "oscillation_cost": 27.993472195855663, "completition_cost": 0.0, "overshoot_cost": 52.5492544136482, "power_cost": 26.461581665039063, "noise_cost": 24.16860063809686, "n_waypoints_completed": 9, "tot_waypoints": 9}}
{"target": -185.06034274443545, "params": {"k_pid_pos": [0.9075027011589452, 0.09838004848341908, 0.10256129277599065], "k_pid_alt": [1.6069828610041965, 0.0, 0.032118034748924794], "k_pid_att": [18.90134793544704, 4.310608010460514, 0.6904706276014405], "k_pid_yaw": [0.5, 1e-06, 0.1], "k_pid_hsp": [0.3519073584518173, 0.018518464270625694, 0.0], "k_pid_vsp": [277.4497534004193, 122.80070434257796, 0.16539713720414254]}, "datetime": {"datetime": "2025-08-13 15:26:15", "elapsed": 20303.824546813965, "delta": 17.63433313369751}, "costs": {"total_cost": 185.06034274443545, "time_cost": 69.741, "final_distance_cost": 1.8223918971855109, "oscillation_cost": 28.534230164182283, "completition_cost": 0.0, "overshoot_cost": 50.57259929288183, "power_cost": 13.667420568847657, "noise_cost": 20.72270082133816, "n_waypoints_completed": 9, "tot_waypoints": 9}}
{"target": -187.58811821544992, "params": {"k_pid_pos": [1.460331106612912, 0.057040159184421346, 0.2217047750229176], "k_pid_alt": [1.8029600061023083, 0.0, 0.021150014351750044], "k_pid_att": [26.779654244798724, 4.92499963903454, 0.8805568222780712], "k_pid_yaw": [0.5, 1e-06, 0.1], "k_pid_hsp": [0.2867958224890966, 0.004612807593131349, 0.0], "k_pid_vsp": [82.56488127384885, 65.82618986837336, 0.07412583567459037]}, "datetime": {"datetime": "2025-08-13 15:26:35", "elapsed": 20323.385885477066, "delta": 19.561338663101196}, "costs": {"total_cost": 187.58811821544992, "time_cost": 69.265, "final_distance_cost": 1.808786151355096, "oscillation_cost": 29.824973031241797, "completition_cost": 0.0, "overshoot_cost": 50.475496050456044, "power_cost": 15.400923364257814, "noise_cost": 20.812939618139183, "n_waypoints_completed": 9, "tot_waypoints": 9}}
{"target": -667.6290360855342, "params": {"k_pid_pos": [0.14384696010990197, 0.05068050138836042, 0.24744680622758494], "k_pid_alt": [0.8710128411456358, 0.0, 0.02634045893843449], "k_pid_att": [14.398253573390148, 2.884846803761997, 0.48652979570373395], "k_pid_yaw": [0.5, 1e-06, 0.1], "k_pid_hsp": [0.30482726896475615, 0.032654900588333625, 0.0], "k_pid_vsp": [95.58331621176923, 156.493838778529, 0.15869883759276693]}, "datetime": {"datetime": "2025-08-13 15:27:07", "elapsed": 20355.20534133911, "delta": 31.819455862045288}, "costs": {"total_cost": 667.6290360855342, "time_cost": 150, "final_distance_cost": 65.90792187559698, "oscillation_cost": 9.699613068936506, "completition_cost": 333.33333333333337, "overshoot_cost": 56.54658819882232, "power_cost": 19.99097253417969, "noise_cost": 32.15060707466518, "n_waypoints_completed": 6, "tot_waypoints": 9}}
{"target": -188.17494686743981, "params": {"k_pid_pos": [0.5744428665851865, 0.051886717523539044, 0.10452697866602612], "k_pid_alt": [1.8355291221774561, 0.0, 0.023933275323014192], "k_pid_att": [20.70818554029972, 4.4555992228039, 1.0], "k_pid_yaw": [0.5, 1e-06, 0.1], "k_pid_hsp": [0.47711513943988804, 0.01866885184894457, 0.0], "k_pid_vsp": [286.7145673887845, 98.68700505158245, 0.2271898642714408]}, "datetime": {"datetime": "2025-08-13 15:27:26", "elapsed": 20374.348423719406, "delta": 19.1430823802948}, "costs": {"total_cost": 188.17494686743981, "time_cost": 75.971, "final_distance_cost": 1.850268627218866, "oscillation_cost": 26.57130158796325, "completition_cost": 0.0, "overshoot_cost": 50.65261025520663, "power_cost": 11.049997668457031, "noise_cost": 22.07976872859404, "n_waypoints_completed": 9, "tot_waypoints": 9}}
{"target": -187.79166200842153, "params": {"k_pid_pos": [0.7447692113883755, 0.06028948833500752, 0.1348062224116163], "k_pid_alt": [1.8811283654574587, 0.0, 0.02329989782848449], "k_pid_att": [23.396522265746302, 5.5612272259870394, 0.5428527658020387], "k_pid_yaw": [0.5, 1e-06, 0.1], "k_pid_hsp": [0.1885410982199864, 0.01976531850633083, 0.0], "k_pid_vsp": [201.21101741370012, 122.57971282645876, 0.17268546095295134]}, "datetime": {"datetime": "2025-08-13 15:27:46", "elapsed": 20394.598436117172, "delta": 20.250012397766113}, "costs": {"total_cost": 187.79166200842153, "time_cost": 71.057, "final_distance_cost": 1.8462298718186514, "oscillation_cost": 25.71962538133181, "completition_cost": 0.0, "overshoot_cost": 50.72886122665728, "power_cost": 16.498900256347657, "noise_cost": 21.941045272266113, "n_waypoints_completed": 9, "tot_waypoints": 9}}
{"target": -231.1453286995974, "params": {"k_pid_pos": [0.9147616880115231, 0.026163162390207065, 0.23516027790858074], "k_pid_alt": [0.34559352574086016, 0.0, 0.026044153708192574], "k_pid_att": [27.506848997539937, 4.74786971231976, 0.6888521663288922], "k_pid_yaw": [0.5, 1e-06, 0.1], "k_pid_hsp": [0.16191025466012257, 0.032118246896481566, 0.0], "k_pid_vsp": [270.88111869554365, 160.35235555816823, 0.18398377396737678]}, "datetime": {"datetime": "2025-08-13 15:28:13", "elapsed": 20421.364207029343, "delta": 26.76577091217041}, "costs": {"total_cost": 231.1453286995974, "time_cost": 90.23700000000001, "final_distance_cost": 1.862437137530953, "oscillation_cost": 29.40796554728841, "completition_cost": 0.0, "overshoot_cost": 52.16651383481331, "power_cost": 29.43662106933594, "noise_cost": 28.034791110628777, "n_waypoints_completed": 9, "tot_waypoints": 9}}
{"target": -189.110254309075, "params": {"k_pid_pos": [0.6221690290473433, 0.10468863153422699, 0.3349188467429684], "k_pid_alt": [1.2386021655282085, 0.0, 0.027828519130548627], "k_pid_att": [16.68801316346571, 5.726422191271216, 0.7318889486942582], "k_pid_yaw": [0.5, 1e-06, 0.1], "k_pid_hsp": [0.1557416821937572, 0.011156594382643647, 0.0], "k_pid_vsp": [331.31722456768233, 119.76284941650566, 0.21909668594753984]}, "datetime": {"datetime": "2025-08-13 15:28:33", "elapsed": 20441.070131778717, "delta": 19.70592474937439}, "costs": {"total_cost": 189.110254309075, "time_cost": 77.105, "final_distance_cost": 1.8457165687499475, "oscillation_cost": 24.08451682274617, "completition_cost": 0.0, "overshoot_cost": 51.70482748563946, "power_cost": 11.834551489257812, "noise_cost": 22.53564194268159, "n_waypoints_completed": 9, "tot_waypoints": 9}}
{"target": -465.42000918698915, "params": {"k_pid_pos": [1.2834342201477111, 0.08027838020713224, 0.30150009870318817], "k_pid_alt": [1.0091467458822259, 0.0, 0.022990590203359612], "k_pid_att": [17.041274250912426, 3.33912610512762, 0.5911238323539116], "k_pid_yaw": [0.5, 1e-06, 0.1], "k_pid_hsp": [0.01565302423873083, 0.018736651453720266, 0.0], "k_pid_vsp": [191.50983291969627, 98.02878453235435, 0.05804161341659612]}, "datetime": {"datetime": "2025-08-13 15:29:05", "elapsed": 20473.665157079697, "delta": 32.595025300979614}, "costs": {"total_cost": 465.42000918698915, "time_cost": 150, "final_distance_cost": 57.3005235170602, "oscillation_cost": 21.392381578221894, "completition_cost": 111.11111111111116, "overshoot_cost": 66.62481300384, "power_cost": 25.37907520751953, "noise_cost": 33.6121047692364, "n_waypoints_completed": 8, "tot_waypoints": 9}}
{"target": -187.97925811293203, "params": {"k_pid_pos": [1.1128492882177066, 0.1414457495542623, 0.16615080450344175], "k_pid_alt": [2.0, 0.0, 0.031032234452145594], "k_pid_att": [11.341913626607733, 6.142497890419598, 0.7557323397155294], "k_pid_yaw": [0.5, 1e-06, 0.1], "k_pid_hsp": [0.2950121603191804, 0.02605414104554321, 0.0], "k_pid_vsp": [217.6940026188171, 89.94224238927598, 0.07085664611597717]}, "datetime": {"datetime": "2025-08-13 15:29:25", "elapsed": 20493.222303390503, "delta": 19.557146310806274}, "costs": {"total_cost": 187.97925811293203, "time_cost": 69.671, "final_distance_cost": 1.8220354322192276, "oscillation_cost": 31.301084122111533, "completition_cost": 0.0, "overshoot_cost": 50.47038846757011, "power_cost": 14.108060754394533, "noise_cost": 20.60668933663662, "n_waypoints_completed": 9, "tot_waypoints": 9}}
