{"target": -192.92975496817385, "params": {"k_pid_pos": [1.049988504203104, 0.04312441611614595, 0.30292562712765964], "k_pid_alt": [1.8053620054890684, 0.0, 0.018706887874565876], "k_pid_att": [9.49279557314357, 4.053360096357415, 0.7265085016915359], "k_pid_yaw": [0.5, 1e-06, 0.1], "k_pid_hsp": [0.17666014491303358, 0.015995624143142085, 0.0], "k_pid_vsp": [223.97784570174818, 107.98109456325902, 0.17532665742638434]}, "datetime": {"datetime": "2025-08-13 19:28:25", "elapsed": 34833.73063850403, "delta": 16.706127166748047}, "costs": {"total_cost": 192.92975496817385, "time_cost": 70.378, "final_distance_cost": 1.8447018918632567, "oscillation_cost": 28.202109499673817, "completition_cost": 0.0, "overshoot_cost": 50.77269117884085, "power_cost": 19.280479248046877, "noise_cost": 22.451773149749034, "n_waypoints_completed": 9, "tot_waypoints": 9}}
{"target": -189.13667540514302, "params": {"k_pid_pos": [1.152916947447978, 0.030615419814423613, 0.3443434098755078], "k_pid_alt": [1.539423456778226, 0.0, 0.015239124149733073], "k_pid_att": [9.212421818675075, 3.9780877099925243, 0.7417038993668802], "k_pid_yaw": [0.5, 1e-06, 0.1], "k_pid_hsp": [0.14680948621768217, 0.02019524723183486, 0.0], "k_pid_vsp": [266.20087588413713, 100.30758290163705, 0.1803357334315221]}, "datetime": {"datetime": "2025-08-13 19:28:43", "elapsed": 34851.13244128227, "delta": 17.40180277824402}, "costs": {"total_cost": 189.13667540514302, "time_cost": 69.769, "final_distance_cost": 1.830245017721376, "oscillation_cost": 28.834479091564322, "completition_cost": 0.0, "overshoot_cost": 50.36004140299678, "power_cost": 17.015250903320315, "noise_cost": 21.32765898954023, "n_waypoints_completed": 9, "tot_waypoints": 9}}
{"target": -186.459557998686, "params": {"k_pid_pos": [1.0248561127779097, 0.059186208790634014, 0.23100733257551895], "k_pid_alt": [1.6344829616847063, 0.0, 0.017845729451724218], "k_pid_att": [9.176587973578139, 3.458884094747969, 0.6082463642483203], "k_pid_yaw": [0.5, 1e-06, 0.1], "k_pid_hsp": [0.24910389191742097, 0.008875637099334794, 0.0], "k_pid_vsp": [276.2599710215939, 120.40264712083285, 0.22883400753205116]}, "datetime": {"datetime": "2025-08-13 19:28:59", "elapsed": 34867.560331344604, "delta": 16.427890062332153}, "costs": {"total_cost": 186.459557998686, "time_cost": 69.468, "final_distance_cost": 1.842373532406608, "oscillation_cost": 28.503629326272122, "completition_cost": 0.0, "overshoot_cost": 50.142039884470364, "power_cost": 15.385878283691406, "noise_cost": 21.11763697184548, "n_waypoints_completed": 9, "tot_waypoints": 9}}
{"target": -178.8311622683975, "params": {"k_pid_pos": [0.9145981425849254, 0.05110607398063418, 0.2387086410866551], "k_pid_alt": [1.6844696569170337, 0.0, 0.020312240388680968], "k_pid_att": [11.607256131791106, 4.250972419758274, 0.47248325871377084], "k_pid_yaw": [0.5, 1e-06, 0.1], "k_pid_hsp": [0.19735494145494833, 0.007139618579722812, 0.0], "k_pid_vsp": [262.84478462033667, 148.49754856200607, 0.1979442563025341]}, "datetime": {"datetime": "2025-08-13 19:29:17", "elapsed": 34884.98206233978, "delta": 17.421730995178223}, "costs": {"total_cost": 178.8311622683975, "time_cost": 69.601, "final_distance_cost": 1.8274507005568996, "oscillation_cost": 26.806030134061388, "completition_cost": 0.0, "overshoot_cost": 50.28579653718439, "power_cost": 10.55185653076172, "noise_cost": 19.759028365833093, "n_waypoints_completed": 9, "tot_waypoints": 9}}
{"target": -198.671183088788, "params": {"k_pid_pos": [0.7361296760834569, 0.0401330281865831, 0.376868237560588], "k_pid_alt": [1.6585870786885966, 0.0, 0.020166477893513727], "k_pid_att": [10.417855955110403, 5.536372288265574, 0.5442864846176534], "k_pid_yaw": [0.5, 1e-06, 0.1], "k_pid_hsp": [0.24420337630199493, 0.017921370349771946, 0.0], "k_pid_vsp": [179.28639466464202, 92.09556779510956, 0.18862254880197135]}, "datetime": {"datetime": "2025-08-13 19:29:35", "elapsed": 34903.665309906006, "delta": 18.683247566223145}, "costs": {"total_cost": 198.671183088788, "time_cost": 75.915, "final_distance_cost": 1.855330717937838, "oscillation_cost": 27.112392613374602, "completition_cost": 0.0, "overshoot_cost": 51.5033273762551, "power_cost": 18.351264672851563, "noise_cost": 23.933867708368922, "n_waypoints_completed": 9, "tot_waypoints": 9}}
{"target": -180.61413992646555, "params": {"k_pid_pos": [0.8539642907055399, 0.055232593506821186, 0.2294773136788947], "k_pid_alt": [1.809023529847008, 0.0, 0.027024267227290816], "k_pid_att": [10.445199095122556, 3.4892406053584204, 0.9007559166424116], "k_pid_yaw": [0.5, 1e-06, 0.1], "k_pid_hsp": [0.22696095982513406, 0.015376122322214475, 0.0], "k_pid_vsp": [338.96344852560577, 90.76624277360395, 0.1735089037941575]}, "datetime": {"datetime": "2025-08-13 19:29:52", "elapsed": 34920.31133675575, "delta": 16.646026849746704}, "costs": {"total_cost": 180.61413992646555, "time_cost": 70.32900000000001, "final_distance_cost": 1.8343672712968673, "oscillation_cost": 26.86789390581731, "completition_cost": 0.0, "overshoot_cost": 50.64689200308288, "power_cost": 10.873068225097656, "noise_cost": 20.062918521170854, "n_waypoints_completed": 9, "tot_waypoints": 9}}
{"target": -194.9143183141395, "params": {"k_pid_pos": [0.9191770295708679, 0.03843921901593766, 0.27253175794436096], "k_pid_alt": [1.6808803854086223, 0.0, 0.01771040986764418], "k_pid_att": [7.892146131661789, 3.115071856753683, 0.5934458478684791], "k_pid_yaw": [0.5, 1e-06, 0.1], "k_pid_hsp": [0.14906585887060572, 0.015389629571759813, 0.0], "k_pid_vsp": [351.5055839579552, 143.4176216854468, 0.16399911014789473]}, "datetime": {"datetime": "2025-08-13 19:30:10", "elapsed": 34938.066474199295, "delta": 17.75513744354248}, "costs": {"total_cost": 194.9143183141395, "time_cost": 70.896, "final_distance_cost": 1.8413092026342077, "oscillation_cost": 27.939578051098195, "completition_cost": 0.0, "overshoot_cost": 51.108401166651205, "power_cost": 20.626752880859375, "noise_cost": 22.502277012896506, "n_waypoints_completed": 9, "tot_waypoints": 9}}
{"target": -186.74892179136197, "params": {"k_pid_pos": [1.0686751731146529, 0.05353695264495186, 0.2631631320848976], "k_pid_alt": [1.7229042576836415, 0.0, 0.023042305678589697], "k_pid_att": [11.843629956576605, 5.179917370106866, 0.5580835302469077], "k_pid_yaw": [0.5, 1e-06, 0.1], "k_pid_hsp": [0.23375636781729323, 0.01849099656328839, 0.0], "k_pid_vsp": [309.6286165281122, 113.97714665063506, 0.12842445070779704]}, "datetime": {"datetime": "2025-08-13 19:30:27", "elapsed": 34955.118656635284, "delta": 17.05218243598938}, "costs": {"total_cost": 186.74892179136197, "time_cost": 69.629, "final_distance_cost": 1.8401507404795248, "oscillation_cost": 28.931517808198482, "completition_cost": 0.0, "overshoot_cost": 50.37346742964368, "power_cost": 14.835692504882813, "noise_cost": 21.13909330815748, "n_waypoints_completed": 9, "tot_waypoints": 9}}
{"target": -189.08496892325098, "params": {"k_pid_pos": [0.883236165647386, 0.037067346379704845, 0.35866946984857817], "k_pid_alt": [1.1926780844993672, 0.0, 0.021677020885293993], "k_pid_att": [7.192177699167911, 3.6486217559397076, 0.7695291681403819], "k_pid_yaw": [0.5, 1e-06, 0.1], "k_pid_hsp": [0.19965830169387835, 0.014292519163753294, 0.0], "k_pid_vsp": [272.38577277936184, 130.50367091431295, 0.13394778756765716]}, "datetime": {"datetime": "2025-08-13 19:30:44", "elapsed": 34972.30532836914, "delta": 17.1866717338562}, "costs": {"total_cost": 189.08496892325098, "time_cost": 72.086, "final_distance_cost": 1.8515101079461143, "oscillation_cost": 27.727793792324142, "completition_cost": 0.0, "overshoot_cost": 50.5245194223475, "power_cost": 15.05329041748047, "noise_cost": 21.841855183152745, "n_waypoints_completed": 9, "tot_waypoints": 9}}
{"target": -184.9128323296313, "params": {"k_pid_pos": [0.8188275297320944, 0.057996306790326524, 0.3752984003392184], "k_pid_alt": [1.5821393757650923, 0.0, 0.024102880501764037], "k_pid_att": [12.675598408487781, 2.7182844022859793, 0.6414460881373002], "k_pid_yaw": [0.5, 1e-06, 0.1], "k_pid_hsp": [0.19953348448972308, 0.016107158136061367, 0.0], "k_pid_vsp": [148.79588829689087, 109.33389147448467, 0.17103134205418147]}, "datetime": {"datetime": "2025-08-13 19:31:01", "elapsed": 34989.79960298538, "delta": 17.494274616241455}, "costs": {"total_cost": 184.9128323296313, "time_cost": 72.52, "final_distance_cost": 1.8487524676973268, "oscillation_cost": 26.523743227523003, "completition_cost": 0.0, "overshoot_cost": 50.65748933376769, "power_cost": 12.119901782226563, "noise_cost": 21.242945518416754, "n_waypoints_completed": 9, "tot_waypoints": 9}}
{"target": -183.24627514584756, "params": {"k_pid_pos": [0.7980971946206071, 0.06716310076565406, 0.29210703550124656], "k_pid_alt": [1.5576473580319912, 0.0, 0.028232791779087763], "k_pid_att": [10.294198581402378, 3.63593046818368, 0.659624947673806], "k_pid_yaw": [0.5, 1e-06, 0.1], "k_pid_hsp": [0.15687784988813203, 0.011880343454768185, 0.0], "k_pid_vsp": [316.91829333699786, 96.55456211791672, 0.11352870633065566]}, "datetime": {"datetime": "2025-08-13 19:31:18", "elapsed": 35006.588145017624, "delta": 16.78854203224182}, "costs": {"total_cost": 183.24627514584756, "time_cost": 71.498, "final_distance_cost": 1.8456712188465674, "oscillation_cost": 25.944923400369802, "completition_cost": 0.0, "overshoot_cost": 51.16643480997999, "power_cost": 11.98702509765625, "noise_cost": 20.80422061899494, "n_waypoints_completed": 9, "tot_waypoints": 9}}
{"target": -196.31743635824068, "params": {"k_pid_pos": [0.8330644542871415, 0.07093613758043193, 0.20744891237647137], "k_pid_alt": [1.3435534339687132, 0.0, 0.0266330680735065], "k_pid_att": [10.40370578794295, 4.178862704922861, 0.7873282622036548], "k_pid_yaw": [0.5, 1e-06, 0.1], "k_pid_hsp": [0.23938426335093677, 0.013967447530659307, 0.0], "k_pid_vsp": [306.66567893836026, 111.96716231025795, 0.13738457873434987]}, "datetime": {"datetime": "2025-08-13 19:31:36", "elapsed": 35024.0710914135, "delta": 17.482946395874023}, "costs": {"total_cost": 196.31743635824068, "time_cost": 71.561, "final_distance_cost": 1.8379644704836502, "oscillation_cost": 27.132146076273084, "completition_cost": 0.0, "overshoot_cost": 51.42561712177127, "power_cost": 21.453887890625, "noise_cost": 22.906820799087672, "n_waypoints_completed": 9, "tot_waypoints": 9}}
{"target": -194.9060736042863, "params": {"k_pid_pos": [0.8076421066681139, 0.06271214482090036, 0.31807269328765125], "k_pid_alt": [1.1036213044578538, 0.0, 0.016550046394708393], "k_pid_att": [12.87041593043682, 2.371336274728947, 0.4158393111585461], "k_pid_yaw": [0.5, 1e-06, 0.1], "k_pid_hsp": [0.20423802458483797, 0.014584249417559121, 0.0], "k_pid_vsp": [272.1169405280972, 120.57156355838002, 0.17394291346672808]}, "datetime": {"datetime": "2025-08-13 19:31:52", "elapsed": 35040.83218765259, "delta": 16.761096239089966}, "costs": {"total_cost": 194.9060736042863, "time_cost": 72.97500000000001, "final_distance_cost": 1.8429640485329368, "oscillation_cost": 26.574590431271243, "completition_cost": 0.0, "overshoot_cost": 50.62149893716891, "power_cost": 19.654531286621093, "noise_cost": 23.237488900692096, "n_waypoints_completed": 9, "tot_waypoints": 9}}
{"target": -184.84806328374097, "params": {"k_pid_pos": [1.2347450662263737, 0.031217785462309373, 0.3560379608861807], "k_pid_alt": [1.6058531645127545, 0.0, 0.024506836272753334], "k_pid_att": [11.038610315108471, 4.171905749291015, 0.6250438538132905], "k_pid_yaw": [0.5, 1e-06, 0.1], "k_pid_hsp": [0.2706759520848725, 0.01739606392636967, 0.0], "k_pid_vsp": [328.00237409870374, 115.7093490434102, 0.13610563108017537]}, "datetime": {"datetime": "2025-08-13 19:32:09", "elapsed": 35057.54341840744, "delta": 16.711230754852295}, "costs": {"total_cost": 184.84806328374097, "time_cost": 68.852, "final_distance_cost": 1.8393073064591374, "oscillation_cost": 30.237690458576967, "completition_cost": 0.0, "overshoot_cost": 49.54700055286541, "power_cost": 13.820148852539063, "noise_cost": 20.551916113300386, "n_waypoints_completed": 9, "tot_waypoints": 9}}
{"target": -183.50139022750542, "params": {"k_pid_pos": [1.0090627415862927, 0.05446324283816062, 0.26327205129980574], "k_pid_alt": [1.6886774582419302, 0.0, 0.025589279140053125], "k_pid_att": [9.648224606802573, 4.242110781467256, 0.42361341574276407], "k_pid_yaw": [0.5, 1e-06, 0.1], "k_pid_hsp": [0.13575968771396663, 0.015633503894201945, 0.0], "k_pid_vsp": [320.50842759864577, 112.91766915503563, 0.22381498912147335]}, "datetime": {"datetime": "2025-08-13 19:32:26", "elapsed": 35074.315341711044, "delta": 16.771923303604126}, "costs": {"total_cost": 183.50139022750542, "time_cost": 69.482, "final_distance_cost": 1.8352522370078057, "oscillation_cost": 27.672966310316724, "completition_cost": 0.0, "overshoot_cost": 49.98042511079139, "power_cost": 13.891456115722656, "noise_cost": 20.63929045366684, "n_waypoints_completed": 9, "tot_waypoints": 9}}
{"target": -185.30378130317587, "params": {"k_pid_pos": [1.5350021370507487, 0.05560281232084303, 0.29827625156295684], "k_pid_alt": [1.2769039490606988, 0.0, 0.0279706979453164], "k_pid_att": [10.824372812337083, 2.5276526714427607, 0.5728227533420863], "k_pid_yaw": [0.5, 1e-06, 0.1], "k_pid_hsp": [0.20301060744909716, 0.015932829201271443, 0.0], "k_pid_vsp": [250.48855140413175, 144.23738492847292, 0.15896829537109813]}, "datetime": {"datetime": "2025-08-13 19:32:42", "elapsed": 35090.271622896194, "delta": 15.956281185150146}, "costs": {"total_cost": 185.30378130317587, "time_cost": 68.684, "final_distance_cost": 1.7905621033733432, "oscillation_cost": 31.44061166072799, "completition_cost": 0.0, "overshoot_cost": 50.00269279747252, "power_cost": 13.393274072265626, "noise_cost": 19.992640669336396, "n_waypoints_completed": 9, "tot_waypoints": 9}}
{"target": -184.61123635959572, "params": {"k_pid_pos": [0.9822172314085159, 0.06563776071633155, 0.2924555390100277], "k_pid_alt": [1.2027292937764587, 0.0, 0.02844555224060294], "k_pid_att": [11.254190400610804, 4.236119997678831, 0.7059571210534007], "k_pid_yaw": [0.5, 1e-06, 0.1], "k_pid_hsp": [0.16019904289514741, 0.012601728347227179, 0.0], "k_pid_vsp": [349.97170479152675, 121.63632471781199, 0.18333701959281334]}, "datetime": {"datetime": "2025-08-13 19:32:59", "elapsed": 35107.32836723328, "delta": 17.05674433708191}, "costs": {"total_cost": 184.61123635959572, "time_cost": 70.399, "final_distance_cost": 1.8205026427568891, "oscillation_cost": 27.061157933764864, "completition_cost": 0.0, "overshoot_cost": 50.55415153750554, "power_cost": 13.981921228027344, "noise_cost": 20.794503017541086, "n_waypoints_completed": 9, "tot_waypoints": 9}}
{"target": -181.81631697548494, "params": {"k_pid_pos": [0.9660540688443858, 0.04540331906648093, 0.1497381162614751], "k_pid_alt": [1.545828298198095, 0.0, 0.012620023863753696], "k_pid_att": [10.676401339179916, 3.7514191898019127, 0.6389555008968549], "k_pid_yaw": [0.5, 1e-06, 0.1], "k_pid_hsp": [0.20000029728509686, 0.015248209881827693, 0.0], "k_pid_vsp": [237.8546926568732, 127.15260729642142, 0.15479493554379567]}, "datetime": {"datetime": "2025-08-13 19:33:15", "elapsed": 35123.809545755386, "delta": 16.481178522109985}, "costs": {"total_cost": 181.81631697548494, "time_cost": 68.831, "final_distance_cost": 1.8379234874697004, "oscillation_cost": 28.46404212586508, "completition_cost": 0.0, "overshoot_cost": 49.96370110254733, "power_cost": 12.60776229248047, "noise_cost": 20.11188796712235, "n_waypoints_completed": 9, "tot_waypoints": 9}}
{"target": -192.5350375176459, "params": {"k_pid_pos": [0.9550659503803196, 0.04797420014248165, 0.25943842368960196], "k_pid_alt": [1.5035871620146481, 0.0, 0.025799871817577025], "k_pid_att": [8.431277130531283, 2.3519310863370655, 0.5887461448835195], "k_pid_yaw": [0.5, 1e-06, 0.1], "k_pid_hsp": [0.19682726238131512, 0.013625033241460768, 0.0], "k_pid_vsp": [241.46963316739274, 84.2075387095466, 0.18987237897475076]}, "datetime": {"datetime": "2025-08-13 19:33:33", "elapsed": 35141.38770222664, "delta": 17.57815647125244}, "costs": {"total_cost": 192.5350375176459, "time_cost": 70.476, "final_distance_cost": 1.8395393679640848, "oscillation_cost": 27.369105361325982, "completition_cost": 0.0, "overshoot_cost": 50.81381360901579, "power_cost": 19.712594970703126, "noise_cost": 22.323984208636908, "n_waypoints_completed": 9, "tot_waypoints": 9}}
{"target": -183.62552553008854, "params": {"k_pid_pos": [1.0618550177063668, 0.050172043861750566, 0.3284912721143214], "k_pid_alt": [1.5298164756879469, 0.0, 0.030659651266123505], "k_pid_att": [10.018609296309101, 3.8579275709826866, 0.5692520724484903], "k_pid_yaw": [0.5, 1e-06, 0.1], "k_pid_hsp": [0.18119149407413912, 0.013013008944878108, 0.0], "k_pid_vsp": [221.24975745823232, 105.94447184182559, 0.1995974711213607]}, "datetime": {"datetime": "2025-08-13 19:33:50", "elapsed": 35158.51922440529, "delta": 17.131522178649902}, "costs": {"total_cost": 183.62552553008854, "time_cost": 69.45400000000001, "final_distance_cost": 1.8422883398809216, "oscillation_cost": 27.81597967209064, "completition_cost": 0.0, "overshoot_cost": 50.12700528398464, "power_cost": 13.770300646972657, "noise_cost": 20.615951587159675, "n_waypoints_completed": 9, "tot_waypoints": 9}}
{"target": -188.53657076390954, "params": {"k_pid_pos": [1.1094775568102804, 0.05505617603694409, 0.3671347530810301], "k_pid_alt": [1.917273218850524, 0.0, 0.020769287952441994], "k_pid_att": [6.883668588912818, 4.818438073599471, 0.7115821852266501], "k_pid_yaw": [0.5, 1e-06, 0.1], "k_pid_hsp": [0.23934102071073524, 0.00952939119132802, 0.0], "k_pid_vsp": [319.8106599860966, 79.48511277051239, 0.23681304909327472]}, "datetime": {"datetime": "2025-08-13 19:34:07", "elapsed": 35175.618889570236, "delta": 17.09966516494751}, "costs": {"total_cost": 188.53657076390954, "time_cost": 70.126, "final_distance_cost": 1.8351733233620082, "oscillation_cost": 28.854371531125402, "completition_cost": 0.0, "overshoot_cost": 50.67715059491353, "power_cost": 15.649232836914063, "noise_cost": 21.394642477594502, "n_waypoints_completed": 9, "tot_waypoints": 9}}
{"target": -190.84974822123337, "params": {"k_pid_pos": [0.7055862759119886, 0.05689245023577801, 0.297989589864303], "k_pid_alt": [0.9786850024422877, 0.0, 0.021933849186562337], "k_pid_att": [11.45757960960537, 3.4467778692498254, 0.48956713510878985], "k_pid_yaw": [0.5, 1e-06, 0.1], "k_pid_hsp": [0.21721388706092326, 0.007286950479130695, 0.0], "k_pid_vsp": [232.18455820032224, 143.677246806836, 0.23952043841499782]}, "datetime": {"datetime": "2025-08-13 19:34:25", "elapsed": 35193.111089229584, "delta": 17.492199659347534}, "costs": {"total_cost": 190.84974822123337, "time_cost": 75.803, "final_distance_cost": 1.8496291873450275, "oscillation_cost": 25.83905583972916, "completition_cost": 0.0, "overshoot_cost": 50.865265218337015, "power_cost": 13.821536254882814, "noise_cost": 22.67126172093935, "n_waypoints_completed": 9, "tot_waypoints": 9}}
{"target": -196.8192138460238, "params": {"k_pid_pos": [0.8677634712915747, 0.05278901031867156, 0.28580495246372617], "k_pid_alt": [1.359656313949279, 0.0, 0.027387942627990745], "k_pid_att": [8.45031488798852, 4.175026770522114, 0.37557442609520736], "k_pid_yaw": [0.5, 1e-06, 0.1], "k_pid_hsp": [0.24287145915931455, 0.013407365596567565, 0.0], "k_pid_vsp": [281.4604857391778, 127.72384345444972, 0.15202575057991027]}, "datetime": {"datetime": "2025-08-13 19:34:43", "elapsed": 35211.13441848755, "delta": 18.023329257965088}, "costs": {"total_cost": 196.8192138460238, "time_cost": 71.89, "final_distance_cost": 1.8361994003892457, "oscillation_cost": 28.189397876248353, "completition_cost": 0.0, "overshoot_cost": 50.702709244778724, "power_cost": 21.154270556640626, "noise_cost": 23.04663676796687, "n_waypoints_completed": 9, "tot_waypoints": 9}}
{"target": -191.67737414589823, "params": {"k_pid_pos": [0.8743683061410904, 0.05722616664843159, 0.1946865554098988], "k_pid_alt": [1.2510281510306356, 0.0, 0.03567039346230951], "k_pid_att": [9.710579389630269, 4.130125696739724, 0.5384296065351959], "k_pid_yaw": [0.5, 1e-06, 0.1], "k_pid_hsp": [0.1926100507439876, 0.010619366169245656, 0.0], "k_pid_vsp": [320.01643893189, 132.00623974885582, 0.2386755276772706]}, "datetime": {"datetime": "2025-08-13 19:35:00", "elapsed": 35228.396132707596, "delta": 17.261714220046997}, "costs": {"total_cost": 191.67737414589823, "time_cost": 71.617, "final_distance_cost": 1.8258078540205882, "oscillation_cost": 27.06788622104587, "completition_cost": 0.0, "overshoot_cost": 51.59179233710909, "power_cost": 17.636429138183594, "noise_cost": 21.938458595539096, "n_waypoints_completed": 9, "tot_waypoints": 9}}
{"target": -179.16153436519386, "params": {"k_pid_pos": [0.8489224512452999, 0.07604602472937082, 0.35478597644542864], "k_pid_alt": [1.2291442465694014, 0.0, 0.026206017382144023], "k_pid_att": [9.393547532604389, 4.913822176235492, 0.4227016635833185], "k_pid_yaw": [0.5, 1e-06, 0.1], "k_pid_hsp": [0.150430017133136, 0.01655956477757913, 0.0], "k_pid_vsp": [309.6666984147656, 121.2276960284597, 0.15632051459421942]}, "datetime": {"datetime": "2025-08-13 19:35:17", "elapsed": 35245.433695077896, "delta": 17.037562370300293}, "costs": {"total_cost": 179.16153436519386, "time_cost": 71.575, "final_distance_cost": 1.842737668593143, "oscillation_cost": 26.583481100132374, "completition_cost": 0.0, "overshoot_cost": 50.61969701206481, "power_cost": 8.901907934570312, "noise_cost": 19.638710649833197, "n_waypoints_completed": 9, "tot_waypoints": 9}}
