{"target": -198.79922210231035, "params": {"k_pid_pos": [1.0947485099133774, 0.3253473533737295, 0.3837980436897457], "k_pid_alt": [1.2500201091068763, 0.02961701549134844, 0.02978470979181652], "k_pid_att": [7.4229243545800765, 3.5220932610914812, 1.0], "k_pid_yaw": [0.5, 1e-06, 0.1], "k_pid_hsp": [1.5301908542912948, 0.15302931914533016, 0.0], "k_pid_vsp": [217.1705681578188, 370.62467283664824, 0.7465608773716426]}, "datetime": {"datetime": "2025-08-13 12:38:29", "elapsed": 10237.294491291046, "delta": 18.230622053146362}, "costs": {"total_cost": 198.79922210231035, "time_cost": 74.774, "final_distance_cost": 1.8163734271992162, "oscillation_cost": 33.8720394559193, "completition_cost": 0.0, "overshoot_cost": 50.848401689239445, "power_cost": 15.323485729980469, "noise_cost": 22.164921799971935, "n_waypoints_completed": 9, "tot_waypoints": 9}}
{"target": -198.05273455004522, "params": {"k_pid_pos": [1.9975517316286016, 0.18510913780948338, 0.37527253668586585], "k_pid_alt": [0.5195481732297567, 0.015539291673374303, 0.028841808044899764], "k_pid_att": [11.691072628571852, 4.999998897431301, 0.42248104915871504], "k_pid_yaw": [0.5, 1e-06, 0.1], "k_pid_hsp": [0.6105869121032074, 0.09996753742163474, 0.0], "k_pid_vsp": [131.0840146654892, 298.43856926432517, 0.3783389844306074]}, "datetime": {"datetime": "2025-08-13 12:38:46", "elapsed": 10254.37620472908, "delta": 17.081713438034058}, "costs": {"total_cost": 198.05273455004522, "time_cost": 72.296, "final_distance_cost": 1.799849780892366, "oscillation_cost": 40.657001121716895, "completition_cost": 0.0, "overshoot_cost": 49.387916081765326, "power_cost": 13.5874236328125, "noise_cost": 20.324543932858134, "n_waypoints_completed": 9, "tot_waypoints": 9}}
{"target": -206.38976995247143, "params": {"k_pid_pos": [0.4999714951858665, 0.3250048544065936, 0.11363782640015274], "k_pid_alt": [2.0, 0.006230597727876323, 0.043112137857342796], "k_pid_att": [33.74054991616103, 4.369156570798691, 0.6252290536099615], "k_pid_yaw": [0.5, 1e-06, 0.1], "k_pid_hsp": [2.2305194269346615, 0.07174321502064551, 0.0], "k_pid_vsp": [127.65380242363035, 19.978359028622464, 0.6273604007971855]}, "datetime": {"datetime": "2025-08-13 12:39:05", "elapsed": 10273.7652862072, "delta": 19.389081478118896}, "costs": {"total_cost": 206.38976995247143, "time_cost": 79.94, "final_distance_cost": 1.8215541043851413, "oscillation_cost": 30.664537731612157, "completition_cost": 0.0, "overshoot_cost": 52.156129248418075, "power_cost": 17.401352099609376, "noise_cost": 24.40619676844667, "n_waypoints_completed": 9, "tot_waypoints": 9}}
{"target": -4102.524803687917, "params": {"k_pid_pos": [2.0, 0.15477296347703523, 0.2781721880554246], "k_pid_alt": [2.0, 0.0, 0.033142964621010206], "k_pid_att": [0.0, 6.85507498440347, 0.484883748579946], "k_pid_yaw": [0.5, 1e-06, 0.1], "k_pid_hsp": [1.2098873080232109, 0.0, 0.0], "k_pid_vsp": [155.38469693878918, 205.0961794640435, 0.4082755047871392]}, "datetime": {"datetime": "2025-08-13 12:39:34", "elapsed": 10302.708573579788, "delta": 28.94328737258911}, "costs": {"total_cost": 4102.524803687917, "time_cost": 150, "final_distance_cost": 193.12688721839257, "oscillation_cost": 1507.5897759419897, "completition_cost": 1000.0, "overshoot_cost": 1040.2383194696909, "power_cost": 53.47440920410156, "noise_cost": 158.09541185374164, "n_waypoints_completed": 0, "tot_waypoints": 9}}
{"target": -217.03143104467028, "params": {"k_pid_pos": [0.7253268725440892, 0.15168011380463267, 0.2688098028916621], "k_pid_alt": [1.180362478046078, 0.013477008881722388, 0.057048873922361576], "k_pid_att": [13.14247246250221, 6.66790364862153, 1.0], "k_pid_yaw": [0.5, 1e-06, 0.1], "k_pid_hsp": [1.0294486723462117, 0.0, 0.0], "k_pid_vsp": [151.91612592875026, 400.0, 0.3446336173018645]}, "datetime": {"datetime": "2025-08-13 12:39:53", "elapsed": 10321.966022014618, "delta": 19.257448434829712}, "costs": {"total_cost": 217.03143104467028, "time_cost": 78.624, "final_distance_cost": 1.8373714470602787, "oscillation_cost": 32.92705202296477, "completition_cost": 0.0, "overshoot_cost": 52.38096186432841, "power_cost": 24.977035607910157, "noise_cost": 26.2850101024067, "n_waypoints_completed": 9, "tot_waypoints": 9}}
{"target": -1207.0557391700813, "params": {"k_pid_pos": [1.5247114009667921, 0.2229397115669128, 0.2765535523963511], "k_pid_alt": [1.3355775641244128, 0.01299382161164355, 0.021794524592744054], "k_pid_att": [53.06254959390757, 2.1633835243253343, 1.0], "k_pid_yaw": [0.5, 1e-06, 0.1], "k_pid_hsp": [0.0001, 0.0433940567017641, 0.0], "k_pid_vsp": [117.77327601605305, 358.677842999082, 0.31452295769604094]}, "datetime": {"datetime": "2025-08-13 12:40:22", "elapsed": 10350.685432195663, "delta": 28.719410181045532}, "costs": {"total_cost": 1207.0557391700813, "time_cost": 150, "final_distance_cost": 96.37780624115918, "oscillation_cost": 30.08551312719185, "completition_cost": 777.7777777777778, "overshoot_cost": 101.39108350855776, "power_cost": 19.071917919921876, "noise_cost": 32.35164059547295, "n_waypoints_completed": 2, "tot_waypoints": 9}}
{"target": -201.25627876714736, "params": {"k_pid_pos": [1.0058327957976712, 0.18432814346492066, 0.3855052330683197], "k_pid_alt": [1.7740143029374214, 0.019825632927303397, 0.014672869966728607], "k_pid_att": [43.63514591602215, 4.324044474507147, 0.7203726845880324], "k_pid_yaw": [0.5, 1e-06, 0.1], "k_pid_hsp": [2.038730972901862, 0.028673262262669582, 0.0], "k_pid_vsp": [140.85187720875527, 195.11466937883392, 0.061965132689182634]}, "datetime": {"datetime": "2025-08-13 12:40:40", "elapsed": 10368.216132164001, "delta": 17.530699968338013}, "costs": {"total_cost": 201.25627876714736, "time_cost": 73.164, "final_distance_cost": 1.8294381317119022, "oscillation_cost": 33.37033571776994, "completition_cost": 0.0, "overshoot_cost": 52.294405378231666, "power_cost": 17.259845959472656, "noise_cost": 23.338253579961187, "n_waypoints_completed": 9, "tot_waypoints": 9}}
{"target": -247.92746218695322, "params": {"k_pid_pos": [2.0, 0.2781757612515792, 0.16600388717240241], "k_pid_alt": [0.5054853704847977, 0.012430074101192531, 0.041575204359232794], "k_pid_att": [56.6656910919667, 8.454594365351147, 1.0], "k_pid_yaw": [0.5, 1e-06, 0.1], "k_pid_hsp": [1.430116740644592, 0.0801098557997787, 0.0], "k_pid_vsp": [0.0, 99.2222148040979, 0.4850204944215319]}, "datetime": {"datetime": "2025-08-13 12:41:00", "elapsed": 10388.760061979294, "delta": 20.54392981529236}, "costs": {"total_cost": 247.92746218695322, "time_cost": 85.70100000000001, "final_distance_cost": 1.8129356078006555, "oscillation_cost": 57.956446461594055, "completition_cost": 0.0, "overshoot_cost": 53.07536785482744, "power_cost": 24.79645086669922, "noise_cost": 24.58526139603186, "n_waypoints_completed": 9, "tot_waypoints": 9}}
{"target": -193.7399547718778, "params": {"k_pid_pos": [1.2844267729488887, 0.0694432958223882, 0.19449596592736798], "k_pid_alt": [1.1261383008417412, 0.0029865490310976607, 0.035559644779834865], "k_pid_att": [74.90531124423586, 6.91641933997711, 0.7525020222396247], "k_pid_yaw": [0.5, 1e-06, 0.1], "k_pid_hsp": [1.3325106205521202, 0.03210618037681379, 0.0], "k_pid_vsp": [124.30055569893113, 125.30185926568588, 0.027134332129584233]}, "datetime": {"datetime": "2025-08-13 12:41:17", "elapsed": 10405.367317438126, "delta": 16.607255458831787}, "costs": {"total_cost": 193.7399547718778, "time_cost": 70.168, "final_distance_cost": 1.826182669662999, "oscillation_cost": 31.89438226853807, "completition_cost": 0.0, "overshoot_cost": 51.08595404087062, "power_cost": 17.412259936523437, "noise_cost": 21.353175856282654, "n_waypoints_completed": 9, "tot_waypoints": 9}}
{"target": -192.82173691913516, "params": {"k_pid_pos": [1.4451524576305823, 0.14053502311873683, 0.2078387004621993], "k_pid_alt": [2.0, 0.01217905906330116, 0.04107281572894716], "k_pid_att": [30.630362281693525, 7.529840891447491, 0.26954944248862694], "k_pid_yaw": [0.5, 1e-06, 0.1], "k_pid_hsp": [0.9382658748557852, 0.030387337314774828, 0.0], "k_pid_vsp": [213.9752558388066, 106.95653850744327, 0.5668955980537196]}, "datetime": {"datetime": "2025-08-13 12:41:34", "elapsed": 10422.130919456482, "delta": 16.763602018356323}, "costs": {"total_cost": 192.82173691913516, "time_cost": 69.356, "final_distance_cost": 1.799287071006437, "oscillation_cost": 32.32846601609303, "completition_cost": 0.0, "overshoot_cost": 50.79230574309324, "power_cost": 17.130115161132814, "noise_cost": 21.41556292780963, "n_waypoints_completed": 9, "tot_waypoints": 9}}
{"target": -195.33331104428288, "params": {"k_pid_pos": [1.1125215228901402, 0.16959710916263374, 0.2240868695998055], "k_pid_alt": [0.9476936351094024, 0.0, 0.01280330597838831], "k_pid_att": [38.017466795118985, 5.168670853902484, 1.0], "k_pid_yaw": [0.5, 1e-06, 0.1], "k_pid_hsp": [1.1421073419771157, 0.044779317227432947, 0.0], "k_pid_vsp": [38.67483233515666, 275.68393461611356, 0.4639173117326905]}, "datetime": {"datetime": "2025-08-13 12:41:51", "elapsed": 10439.568564653397, "delta": 17.437645196914673}, "costs": {"total_cost": 195.33331104428288, "time_cost": 71.092, "final_distance_cost": 1.8212064237192132, "oscillation_cost": 36.86420749210195, "completition_cost": 0.0, "overshoot_cost": 49.99725643274749, "power_cost": 15.200167077636719, "noise_cost": 20.358473618077515, "n_waypoints_completed": 9, "tot_waypoints": 9}}
{"target": -203.7589672582431, "params": {"k_pid_pos": [1.7105430373474417, 0.32448721614590414, 0.29066609013849437], "k_pid_alt": [0.9195584388028903, 0.010604045530407835, 0.047994205570805214], "k_pid_att": [20.60123377941161, 4.448111954277761, 0.8719585635787291], "k_pid_yaw": [0.5, 1e-06, 0.1], "k_pid_hsp": [0.7020654788581743, 0.04606441960109783, 0.0], "k_pid_vsp": [48.434269400395316, 181.26889427481146, 0.4875614514411016]}, "datetime": {"datetime": "2025-08-13 12:42:08", "elapsed": 10456.783272743225, "delta": 17.21470808982849}, "costs": {"total_cost": 203.7589672582431, "time_cost": 72.485, "final_distance_cost": 1.7831872911211255, "oscillation_cost": 35.280299275917216, "completition_cost": 0.0, "overshoot_cost": 50.38057015264189, "power_cost": 21.331852502441407, "noise_cost": 22.498058036121463, "n_waypoints_completed": 9, "tot_waypoints": 9}}
{"target": -216.06868559534215, "params": {"k_pid_pos": [1.1934690018248622, 0.15926807049534236, 0.3946328430904171], "k_pid_alt": [2.0, 0.006909824555122243, 0.052455231627497705], "k_pid_att": [60.950198346292744, 3.313962570303952, 0.1320701532708708], "k_pid_yaw": [0.5, 1e-06, 0.1], "k_pid_hsp": [2.305679576176106, 0.060979669195813824, 0.0], "k_pid_vsp": [112.60803671156403, 400.0, 0.13404647503747144]}, "datetime": {"datetime": "2025-08-13 12:42:25", "elapsed": 10473.415122747421, "delta": 16.631850004196167}, "costs": {"total_cost": 216.06868559534215, "time_cost": 70.861, "final_distance_cost": 1.8148589288206476, "oscillation_cost": 50.10040389605987, "completition_cost": 0.0, "overshoot_cost": 51.25347329115158, "power_cost": 19.760898425292968, "noise_cost": 22.278051054017094, "n_waypoints_completed": 9, "tot_waypoints": 9}}
{"target": -206.80924176855117, "params": {"k_pid_pos": [1.6946160893242606, 0.19707065903477458, 0.05153290671004027], "k_pid_alt": [0.9722446213701407, 0.026541609186499598, 0.0], "k_pid_att": [60.260153565828546, 5.108520808271349, 0.7859391081723258], "k_pid_yaw": [0.5, 1e-06, 0.1], "k_pid_hsp": [1.2016989706541288, 0.07234731321760224, 0.0], "k_pid_vsp": [123.34769834806575, 1e-06, 0.015460579144704409]}, "datetime": {"datetime": "2025-08-13 12:42:42", "elapsed": 10490.461815357208, "delta": 17.046692609786987}, "costs": {"total_cost": 206.80924176855117, "time_cost": 73.703, "final_distance_cost": 1.7680732090685578, "oscillation_cost": 40.45745250931964, "completition_cost": 0.0, "overshoot_cost": 51.918997114063096, "power_cost": 16.669704357910156, "noise_cost": 22.292014578189725, "n_waypoints_completed": 9, "tot_waypoints": 9}}
{"target": -185.65069225345496, "params": {"k_pid_pos": [1.5993066977128498, 0.04721790802169291, 0.35460127186918616], "k_pid_alt": [2.0, 0.021743664013639922, 0.02820266349762579], "k_pid_att": [52.1282291562594, 6.91793832604731, 1.0], "k_pid_yaw": [0.5, 1e-06, 0.1], "k_pid_hsp": [1.4059829525538, 0.07452571065576837, 0.0], "k_pid_vsp": [216.45081303145685, 341.86541659757194, 0.3880265165299847]}, "datetime": {"datetime": "2025-08-13 12:42:58", "elapsed": 10506.707948923111, "delta": 16.24613356590271}, "costs": {"total_cost": 185.65069225345496, "time_cost": 69.132, "final_distance_cost": 1.8401825057700663, "oscillation_cost": 34.132391008265685, "completition_cost": 0.0, "overshoot_cost": 50.27876918998993, "power_cost": 10.800222106933594, "noise_cost": 19.46712744249568, "n_waypoints_completed": 9, "tot_waypoints": 9}}
{"target": -192.31019097685234, "params": {"k_pid_pos": [1.4476827482332608, 0.12151694802844748, 0.31556593689553586], "k_pid_alt": [0.6633154363057256, 0.022296956566244672, 0.05847058311909079], "k_pid_att": [9.025406285148641, 4.8292663264646025, 0.9639370693024154], "k_pid_yaw": [0.5, 1e-06, 0.1], "k_pid_hsp": [1.1517218474718358, 0.14269620596184793, 0.0], "k_pid_vsp": [110.57111154273166, 273.6506835913553, 1e-06]}, "datetime": {"datetime": "2025-08-13 12:43:15", "elapsed": 10523.741556406021, "delta": 17.033607482910156}, "costs": {"total_cost": 192.31019097685234, "time_cost": 70.273, "final_distance_cost": 1.8009398509178025, "oscillation_cost": 37.46675872350345, "completition_cost": 0.0, "overshoot_cost": 49.65122865551214, "power_cost": 13.233518566894531, "noise_cost": 19.884745180024414, "n_waypoints_completed": 9, "tot_waypoints": 9}}
{"target": -237.14896790797866, "params": {"k_pid_pos": [0.8437935254805442, 0.3157696100466909, 0.3053638217305275], "k_pid_alt": [0.24796080678551877, 0.01306794534678743, 0.03406717153068262], "k_pid_att": [39.44958196935662, 4.994911813698758, 0.871610424202102], "k_pid_yaw": [0.5, 1e-06, 0.1], "k_pid_hsp": [1.3303035385878343, 0.03446243039174478, 0.0], "k_pid_vsp": [220.8337171843848, 167.06838138055573, 0.6524661414263613]}, "datetime": {"datetime": "2025-08-13 12:43:40", "elapsed": 10548.385536909103, "delta": 24.643980503082275}, "costs": {"total_cost": 237.14896790797866, "time_cost": 103.404, "final_distance_cost": 1.857586622600033, "oscillation_cost": 31.62093454514767, "completition_cost": 0.0, "overshoot_cost": 51.88045601322781, "power_cost": 17.71718699951172, "noise_cost": 30.668803727491436, "n_waypoints_completed": 9, "tot_waypoints": 9}}
{"target": -1467.7158847523144, "params": {"k_pid_pos": [2.0, 0.17070815797752945, 0.16512394965382338], "k_pid_alt": [0.0, 0.0004238360928193515, 0.024919926066728753], "k_pid_att": [39.83199140661071, 5.991204037833929, 0.6377202915272254], "k_pid_yaw": [0.5, 1e-06, 0.1], "k_pid_hsp": [0.6577859943848693, 0.05685605510974631, 0.0], "k_pid_vsp": [34.60169053803441, 274.0227088272001, 0.3763028641047868]}, "datetime": {"datetime": "2025-08-13 12:44:09", "elapsed": 10577.080434799194, "delta": 28.694897890090942}, "costs": {"total_cost": 1467.7158847523144, "time_cost": 150, "final_distance_cost": 1.959651756917643, "oscillation_cost": 6.07672095587871, "completition_cost": 1000.0, "overshoot_cost": 159.55250928531316, "power_cost": 30.256447277832034, "noise_cost": 119.87055547637296, "n_waypoints_completed": 0, "tot_waypoints": 9}}
{"target": -1244.5527843632383, "params": {"k_pid_pos": [0.6858048558920596, 0.1582217023739929, 0.2708575434351831], "k_pid_alt": [1.4074091108561742, 0.016227152221742626, 0.04482300556195736], "k_pid_att": [27.079860195558908, 6.976803501507182, 0.6231728315798967], "k_pid_yaw": [0.5, 1e-06, 0.1], "k_pid_hsp": [0.0001, 0.05697345525902581, 0.0], "k_pid_vsp": [236.45460573332778, 1e-06, 0.6322255646048459]}, "datetime": {"datetime": "2025-08-13 12:44:37", "elapsed": 10605.845833778381, "delta": 28.76539897918701}, "costs": {"total_cost": 1244.5527843632383, "time_cost": 150, "final_distance_cost": 96.56972409189434, "oscillation_cost": 50.25000390483499, "completition_cost": 777.7777777777778, "overshoot_cost": 109.24411816900367, "power_cost": 26.448871337890626, "noise_cost": 34.26228908183676, "n_waypoints_completed": 2, "tot_waypoints": 9}}
{"target": -199.55172326262246, "params": {"k_pid_pos": [2.0, 0.2949592015558234, 0.2379031832570365], "k_pid_alt": [1.2099215409175212, 0.0116903823722084, 0.03998991189142546], "k_pid_att": [41.650957651134924, 5.946760992151809, 1.0], "k_pid_yaw": [0.5, 1e-06, 0.1], "k_pid_hsp": [1.2366475164520538, 0.06792311889914991, 0.0], "k_pid_vsp": [179.17567946897648, 17.1849586694905, 0.2884232714629949]}, "datetime": {"datetime": "2025-08-13 12:44:54", "elapsed": 10622.283972978592, "delta": 16.43813920021057}, "costs": {"total_cost": 199.55172326262246, "time_cost": 70.735, "final_distance_cost": 1.7873547038977584, "oscillation_cost": 37.18499564995186, "completition_cost": 0.0, "overshoot_cost": 51.36654307953007, "power_cost": 17.06817723388672, "noise_cost": 21.40965259535604, "n_waypoints_completed": 9, "tot_waypoints": 9}}
{"target": -205.86448780123638, "params": {"k_pid_pos": [1.4379098358561944, 0.3099162606086076, 0.28001567816253514], "k_pid_alt": [1.092900541744096, 0.010441906635937264, 0.044024793272659436], "k_pid_att": [49.254184300882336, 2.9223709971941454, 0.3821540893448567], "k_pid_yaw": [0.5, 1e-06, 0.1], "k_pid_hsp": [1.177206811336089, 0.019372147276418925, 0.0], "k_pid_vsp": [114.54839844583064, 1e-06, 1e-06]}, "datetime": {"datetime": "2025-08-13 12:45:11", "elapsed": 10639.686997890472, "delta": 17.403024911880493}, "costs": {"total_cost": 205.86448780123638, "time_cost": 74.459, "final_distance_cost": 1.7973095907858998, "oscillation_cost": 32.916951652444226, "completition_cost": 0.0, "overshoot_cost": 52.84084776816666, "power_cost": 20.35070068359375, "noise_cost": 23.499678106245852, "n_waypoints_completed": 9, "tot_waypoints": 9}}
{"target": -194.72841234462382, "params": {"k_pid_pos": [0.9330960426044189, 0.11943538602747944, 0.027089609123064906], "k_pid_alt": [1.2037865955060985, 0.0, 0.07543770752160854], "k_pid_att": [28.031306422704233, 7.189226889331633, 0.8293277719549307], "k_pid_yaw": [0.5, 1e-06, 0.1], "k_pid_hsp": [0.5193648651924946, 0.11335271538825216, 0.0], "k_pid_vsp": [149.12148329922627, 191.67408291928447, 0.6978468333322428]}, "datetime": {"datetime": "2025-08-13 12:45:28", "elapsed": 10656.507530450821, "delta": 16.82053256034851}, "costs": {"total_cost": 194.72841234462382, "time_cost": 70.728, "final_distance_cost": 1.8321685931808376, "oscillation_cost": 32.276504271285226, "completition_cost": 0.0, "overshoot_cost": 49.8831946140289, "power_cost": 18.168703918457034, "noise_cost": 21.839840947671824, "n_waypoints_completed": 9, "tot_waypoints": 9}}
{"target": -205.16550331084298, "params": {"k_pid_pos": [1.3432049575618434, 0.1091062705572652, 0.3524844760416522], "k_pid_alt": [1.8578297423916819, 0.023260985860815903, 0.04494223672439642], "k_pid_att": [50.67445650041348, 7.484585968529472, 0.8294087770322193], "k_pid_yaw": [0.5, 1e-06, 0.1], "k_pid_hsp": [1.0920570177994668, 0.0, 0.0], "k_pid_vsp": [120.75975072104313, 215.16286276924293, 0.4951647780369652]}, "datetime": {"datetime": "2025-08-13 12:45:45", "elapsed": 10673.849477767944, "delta": 17.341947317123413}, "costs": {"total_cost": 205.16550331084298, "time_cost": 72.562, "final_distance_cost": 1.8266579835300025, "oscillation_cost": 33.33139334732605, "completition_cost": 0.0, "overshoot_cost": 52.218964657025374, "power_cost": 21.98035177001953, "noise_cost": 23.24613555294203, "n_waypoints_completed": 9, "tot_waypoints": 9}}
{"target": -192.36528920773844, "params": {"k_pid_pos": [2.0, 0.24447500180823598, 0.2959876606181993], "k_pid_alt": [1.2725870530015664, 0.011931336105835091, 0.0378436735652996], "k_pid_att": [40.2394037914296, 2.2761233566006207, 1.0], "k_pid_yaw": [0.5, 1e-06, 0.1], "k_pid_hsp": [0.6788111833234322, 0.04022120432670421, 0.0], "k_pid_vsp": [108.52636800825047, 209.5310834237814, 0.7270324952941024]}, "datetime": {"datetime": "2025-08-13 12:46:01", "elapsed": 10689.872748851776, "delta": 16.023271083831787}, "costs": {"total_cost": 192.36528920773844, "time_cost": 69.279, "final_distance_cost": 1.7875137586085825, "oscillation_cost": 35.442677432297316, "completition_cost": 0.0, "overshoot_cost": 50.3942759137346, "power_cost": 15.175769677734376, "noise_cost": 20.286052425363565, "n_waypoints_completed": 9, "tot_waypoints": 9}}
{"target": -189.27216902701295, "params": {"k_pid_pos": [1.7253724690168717, 0.20836294805083674, 0.12955144106421643], "k_pid_alt": [1.4403144699964294, 0.005543364742921068, 0.04077689769552855], "k_pid_att": [36.13469614928511, 4.630309419560248, 1.0], "k_pid_yaw": [0.5, 1e-06, 0.1], "k_pid_hsp": [0.9633042356797566, 0.11537172297887895, 0.0], "k_pid_vsp": [143.0212288942332, 264.05133770047786, 0.6743840405747065]}, "datetime": {"datetime": "2025-08-13 12:46:18", "elapsed": 10706.081327915192, "delta": 16.208579063415527}, "costs": {"total_cost": 189.27216902701295, "time_cost": 68.677, "final_distance_cost": 1.7419951688377484, "oscillation_cost": 37.58151302143969, "completition_cost": 0.0, "overshoot_cost": 49.721837192613485, "power_cost": 12.187206823730468, "noise_cost": 19.36261682039157, "n_waypoints_completed": 9, "tot_waypoints": 9}}
