{"target": -187.90221296989992, "params": {"k_pid_pos": [0.8503642206106957, 0.08741268157524389, 0.236470994967895], "k_pid_alt": [1.1264884708845286, 0.0, 0.030698978839517138], "k_pid_att": [11.496675254261303, 5.137703998137913, 0.578777308334356], "k_pid_yaw": [0.5, 1e-06, 0.1], "k_pid_hsp": [0.2852497044203839, 0.011507337561039672, 0.0], "k_pid_vsp": [240.16173497619954, 132.5532160033355, 0.1192259041859095]}, "datetime": {"datetime": "2025-08-13 19:14:04", "elapsed": 33971.99827885628, "delta": 17.5622501373291}, "costs": {"total_cost": 187.90221296989992, "time_cost": 71.988, "final_distance_cost": 1.8418720343428512, "oscillation_cost": 27.340101031218122, "completition_cost": 0.0, "overshoot_cost": 50.72990440893842, "power_cost": 14.353336474609376, "noise_cost": 21.648999020791173, "n_waypoints_completed": 9, "tot_waypoints": 9}}
{"target": -177.9904971151976, "params": {"k_pid_pos": [0.9703454582774255, 0.04152269065846282, 0.25672882526020974], "k_pid_alt": [1.5345526148653974, 0.0, 0.02203808715532055], "k_pid_att": [12.65928233589448, 4.252735464053182, 0.5522750442043441], "k_pid_yaw": [0.5, 1e-06, 0.1], "k_pid_hsp": [0.22630349697289795, 0.001104964547186348, 0.0], "k_pid_vsp": [400.0, 109.40224211089726, 0.2140960023268945]}, "datetime": {"datetime": "2025-08-13 19:14:20", "elapsed": 33988.63351941109, "delta": 16.63524055480957}, "costs": {"total_cost": 177.9904971151976, "time_cost": 69.95100000000001, "final_distance_cost": 1.8288533663224444, "oscillation_cost": 26.956367000751484, "completition_cost": 0.0, "overshoot_cost": 50.16172552561117, "power_cost": 9.603534411621094, "noise_cost": 19.48901681089139, "n_waypoints_completed": 9, "tot_waypoints": 9}}
{"target": -184.30711755241967, "params": {"k_pid_pos": [1.1319300976037354, 0.05969824110122521, 0.3379098729550985], "k_pid_alt": [0.8823769010781316, 0.0, 0.03042438386686906], "k_pid_att": [6.755914379850981, 3.582949382979224, 0.7033918277593408], "k_pid_yaw": [0.5, 1e-06, 0.1], "k_pid_hsp": [0.24438366904538136, 0.012547954588822357, 0.0], "k_pid_vsp": [291.23317954149564, 119.46205562449393, 0.1598010807525844]}, "datetime": {"datetime": "2025-08-13 19:14:38", "elapsed": 34006.12635302544, "delta": 17.492833614349365}, "costs": {"total_cost": 184.30711755241967, "time_cost": 70.819, "final_distance_cost": 1.8288418170344167, "oscillation_cost": 30.29302520643073, "completition_cost": 0.0, "overshoot_cost": 49.589526686864545, "power_cost": 11.66239217529297, "noise_cost": 20.11433166679699, "n_waypoints_completed": 9, "tot_waypoints": 9}}
{"target": -181.6268831684944, "params": {"k_pid_pos": [0.9135227923271819, 0.02636546979949941, 0.2857786983799891], "k_pid_alt": [2.0, 0.0, 0.026804897916710452], "k_pid_att": [14.123752704571354, 4.557818263722834, 0.6086411168407634], "k_pid_yaw": [0.5, 1e-06, 0.1], "k_pid_hsp": [0.22375267279763586, 0.00877958172733066, 0.0], "k_pid_vsp": [382.91880785683844, 151.14076025551378, 0.1966818814448089]}, "datetime": {"datetime": "2025-08-13 19:14:54", "elapsed": 34022.840918302536, "delta": 16.71456527709961}, "costs": {"total_cost": 181.6268831684944, "time_cost": 70.44800000000001, "final_distance_cost": 1.8487698066285747, "oscillation_cost": 25.99542971021722, "completition_cost": 0.0, "overshoot_cost": 50.703397012950994, "power_cost": 12.05367802734375, "noise_cost": 20.577608611353828, "n_waypoints_completed": 9, "tot_waypoints": 9}}
{"target": -185.85923185122564, "params": {"k_pid_pos": [1.0236916338234712, 0.05629943819243279, 0.2384972752434066], "k_pid_alt": [1.1584654270526247, 0.0, 0.02764926272837655], "k_pid_att": [9.328056073179457, 4.472202698077257, 0.6612658303211032], "k_pid_yaw": [0.5, 1e-06, 0.1], "k_pid_hsp": [0.25810016849843737, 0.013799995580055366, 0.0], "k_pid_vsp": [269.9917531707524, 113.51513339836406, 0.117136148981131]}, "datetime": {"datetime": "2025-08-13 19:15:12", "elapsed": 34040.19284057617, "delta": 17.351922273635864}, "costs": {"total_cost": 185.85923185122564, "time_cost": 69.797, "final_distance_cost": 1.8398566973929038, "oscillation_cost": 29.498592279347008, "completition_cost": 0.0, "overshoot_cost": 50.046321817623706, "power_cost": 14.023386059570313, "noise_cost": 20.654074997291694, "n_waypoints_completed": 9, "tot_waypoints": 9}}
{"target": -187.39990094543245, "params": {"k_pid_pos": [0.872919355071278, 0.054000488200876336, 0.3149182132881228], "k_pid_alt": [1.5096809329417533, 0.0, 0.029567315559746416], "k_pid_att": [11.273375621486151, 4.512475483545178, 0.6183476222232259], "k_pid_yaw": [0.5, 1e-06, 0.1], "k_pid_hsp": [0.2071794176339037, 0.015721509821265477, 0.0], "k_pid_vsp": [368.83517520678896, 143.48164364839025, 0.156063849858304]}, "datetime": {"datetime": "2025-08-13 19:15:29", "elapsed": 34057.257625103, "delta": 17.06478452682495}, "costs": {"total_cost": 187.39990094543245, "time_cost": 71.015, "final_distance_cost": 1.8361015855910945, "oscillation_cost": 26.627921863250954, "completition_cost": 0.0, "overshoot_cost": 50.60222692331233, "power_cost": 15.550048950195313, "noise_cost": 21.76860162308276, "n_waypoints_completed": 9, "tot_waypoints": 9}}
{"target": -191.1676026152809, "params": {"k_pid_pos": [0.7586739867726936, 0.061676890656408016, 0.39556797860843], "k_pid_alt": [1.1280837412353433, 0.0, 0.020680556415918483], "k_pid_att": [10.235768513754934, 2.468890124179197, 0.6214270451366906], "k_pid_yaw": [0.5, 1e-06, 0.1], "k_pid_hsp": [0.2297457762983189, 0.01526537198375181, 0.0], "k_pid_vsp": [347.7852115225839, 87.38470839880324, 0.17978451029645118]}, "datetime": {"datetime": "2025-08-13 19:15:47", "elapsed": 34075.672807216644, "delta": 18.41518211364746}, "costs": {"total_cost": 191.1676026152809, "time_cost": 75.621, "final_distance_cost": 1.8479657370088565, "oscillation_cost": 26.309298144292956, "completition_cost": 0.0, "overshoot_cost": 50.789369875870605, "power_cost": 13.853180944824219, "noise_cost": 22.746787913284255, "n_waypoints_completed": 9, "tot_waypoints": 9}}
{"target": -183.56931917711708, "params": {"k_pid_pos": [1.0401139084393745, 0.019524165560797908, 0.2865551705122184], "k_pid_alt": [0.9983086802055183, 0.0, 0.02153748654171231], "k_pid_att": [10.533197619527336, 3.967173416614017, 0.6665633957273215], "k_pid_yaw": [0.5, 1e-06, 0.1], "k_pid_hsp": [0.1661434829255304, 0.018329205758995413, 0.0], "k_pid_vsp": [279.2247330031107, 102.01656965848662, 0.19546478550806975]}, "datetime": {"datetime": "2025-08-13 19:16:04", "elapsed": 34092.146168231964, "delta": 16.473361015319824}, "costs": {"total_cost": 183.56931917711708, "time_cost": 70.07000000000001, "final_distance_cost": 1.8455578519653757, "oscillation_cost": 28.673354991748663, "completition_cost": 0.0, "overshoot_cost": 50.034076277087486, "power_cost": 12.6673728515625, "noise_cost": 20.278957204753038, "n_waypoints_completed": 9, "tot_waypoints": 9}}
{"target": -186.7501136211542, "params": {"k_pid_pos": [0.9597296121429396, 0.06569159469007674, 0.24588599231721534], "k_pid_alt": [1.276312154642137, 0.0, 0.015238851184506623], "k_pid_att": [10.497292613815501, 5.039806673345425, 0.47481299629615253], "k_pid_yaw": [0.5, 1e-06, 0.1], "k_pid_hsp": [0.19492160486577026, 0.003812292688422305, 0.0], "k_pid_vsp": [305.8262384640622, 77.33638381048122, 0.1930538560012948]}, "datetime": {"datetime": "2025-08-13 19:16:21", "elapsed": 34109.57538151741, "delta": 17.429213285446167}, "costs": {"total_cost": 186.7501136211542, "time_cost": 70.413, "final_distance_cost": 1.8371223988065346, "oscillation_cost": 27.320852417874583, "completition_cost": 0.0, "overshoot_cost": 51.02368385198847, "power_cost": 14.802352355957032, "noise_cost": 21.353102596527602, "n_waypoints_completed": 9, "tot_waypoints": 9}}
{"target": -193.23000848653652, "params": {"k_pid_pos": [0.7287438656791144, 0.07085045383681725, 0.37743916621882506], "k_pid_alt": [1.3653742561226834, 0.0, 0.026615768853181832], "k_pid_att": [7.187467502822503, 4.030896821968407, 0.6566925895483818], "k_pid_yaw": [0.5, 1e-06, 0.1], "k_pid_hsp": [0.23432513784261208, 0.014409284597046107, 0.0], "k_pid_vsp": [244.5801295031713, 123.98618996263474, 0.14530374525845793]}, "datetime": {"datetime": "2025-08-13 19:16:39", "elapsed": 34127.10300064087, "delta": 17.527619123458862}, "costs": {"total_cost": 193.23000848653652, "time_cost": 75.10300000000001, "final_distance_cost": 1.8456354412046432, "oscillation_cost": 27.03609250217331, "completition_cost": 0.0, "overshoot_cost": 50.93092001997049, "power_cost": 15.301612866210938, "noise_cost": 23.012747656977098, "n_waypoints_completed": 9, "tot_waypoints": 9}}
{"target": -188.27464431082439, "params": {"k_pid_pos": [0.9426790158222547, 0.06923913812699871, 0.30505135950406864], "k_pid_alt": [1.6889991302360077, 0.0, 0.028192208979873377], "k_pid_att": [8.900327879583255, 4.118115555154245, 0.8106042448723518], "k_pid_yaw": [0.5, 1e-06, 0.1], "k_pid_hsp": [0.3233753431568557, 0.01898529251421438, 0.0], "k_pid_vsp": [249.42076201487657, 126.43170923399582, 0.1749749704491319]}, "datetime": {"datetime": "2025-08-13 19:16:56", "elapsed": 34144.319675683975, "delta": 17.21667504310608}, "costs": {"total_cost": 188.27464431082439, "time_cost": 70.427, "final_distance_cost": 1.8378053383266908, "oscillation_cost": 27.789597858765017, "completition_cost": 0.0, "overshoot_cost": 50.701603422401604, "power_cost": 15.79550711669922, "noise_cost": 21.723130574631867, "n_waypoints_completed": 9, "tot_waypoints": 9}}
{"target": -188.43633706839717, "params": {"k_pid_pos": [0.7882180484619705, 0.054720971329286126, 0.21711851826113845], "k_pid_alt": [1.1571719626420645, 0.0, 0.03165162542871502], "k_pid_att": [8.500098722217826, 3.6493928557762048, 0.43916018635566734], "k_pid_yaw": [0.5, 1e-06, 0.1], "k_pid_hsp": [0.1867036187182326, 0.019214806792174088, 0.0], "k_pid_vsp": [223.05099538575283, 93.70302836864477, 0.18375993495872409]}, "datetime": {"datetime": "2025-08-13 19:17:13", "elapsed": 34161.148393154144, "delta": 16.828717470169067}, "costs": {"total_cost": 188.43633706839717, "time_cost": 71.547, "final_distance_cost": 1.847363905835155, "oscillation_cost": 27.201123946167783, "completition_cost": 0.0, "overshoot_cost": 50.430721780296054, "power_cost": 15.651544274902344, "noise_cost": 21.758583161195848, "n_waypoints_completed": 9, "tot_waypoints": 9}}
{"target": -192.63086568894562, "params": {"k_pid_pos": [0.9528771729320576, 0.0700776624973099, 0.2504940812713869], "k_pid_alt": [0.9387001050412808, 0.0, 0.028858509102420295], "k_pid_att": [10.904346584549545, 4.66721895702699, 0.6962122766142779], "k_pid_yaw": [0.5, 1e-06, 0.1], "k_pid_hsp": [0.21541737354460389, 0.019830399834581756, 0.0], "k_pid_vsp": [302.50157369277264, 89.23652583380483, 0.12490730155970475]}, "datetime": {"datetime": "2025-08-13 19:17:30", "elapsed": 34178.613713264465, "delta": 17.465320110321045}, "costs": {"total_cost": 192.63086568894562, "time_cost": 71.533, "final_distance_cost": 1.8456733348389627, "oscillation_cost": 28.158793676275657, "completition_cost": 0.0, "overshoot_cost": 50.763761833557474, "power_cost": 18.322778540039064, "noise_cost": 22.00685830423446, "n_waypoints_completed": 9, "tot_waypoints": 9}}
{"target": -182.9596461020583, "params": {"k_pid_pos": [1.2293713471940626, 0.04932597898212906, 0.36675093768374634], "k_pid_alt": [1.0838457651020648, 0.0, 0.024154732409509463], "k_pid_att": [8.851760102979647, 3.7538285909433284, 0.727500910753875], "k_pid_yaw": [0.5, 1e-06, 0.1], "k_pid_hsp": [0.17745818193773436, 0.0179992508631926, 0.0], "k_pid_vsp": [343.1143253464148, 141.5403491496856, 0.09090846666835446]}, "datetime": {"datetime": "2025-08-13 19:17:48", "elapsed": 34196.41697764397, "delta": 17.803264379501343}, "costs": {"total_cost": 182.9596461020583, "time_cost": 69.398, "final_distance_cost": 1.835924094082181, "oscillation_cost": 29.902428704782462, "completition_cost": 0.0, "overshoot_cost": 49.960728730630834, "power_cost": 11.971693920898439, "noise_cost": 19.890870651664354, "n_waypoints_completed": 9, "tot_waypoints": 9}}
{"target": -187.1236352913342, "params": {"k_pid_pos": [1.0418943298634218, 0.04559916524167193, 0.27455194925011295], "k_pid_alt": [1.8796113005797146, 0.0, 0.032631272391916676], "k_pid_att": [9.423506769734486, 3.270176774522156, 0.6015155962015509], "k_pid_yaw": [0.5, 1e-06, 0.1], "k_pid_hsp": [0.21661341192463032, 0.008919627591684581, 0.0], "k_pid_vsp": [240.1944622354422, 115.05332791773155, 0.17066578539371655]}, "datetime": {"datetime": "2025-08-13 19:18:04", "elapsed": 34212.5847299099, "delta": 16.167752265930176}, "costs": {"total_cost": 187.1236352913342, "time_cost": 69.909, "final_distance_cost": 1.8249880961539462, "oscillation_cost": 27.805241135451602, "completition_cost": 0.0, "overshoot_cost": 50.73089513671239, "power_cost": 15.54501845703125, "noise_cost": 21.30849246598498, "n_waypoints_completed": 9, "tot_waypoints": 9}}
{"target": -191.37582081360028, "params": {"k_pid_pos": [0.85338906388816, 0.06639224701596362, 0.2955563144047985], "k_pid_alt": [1.1842432691024474, 0.0, 0.024139688123074387], "k_pid_att": [7.145052592092678, 3.050422989221549, 0.7094057713326798], "k_pid_yaw": [0.5, 1e-06, 0.1], "k_pid_hsp": [0.2700788874733187, 0.015925687078383943, 0.0], "k_pid_vsp": [167.03546726145865, 108.37049147231131, 0.20211282694552649]}, "datetime": {"datetime": "2025-08-13 19:18:23", "elapsed": 34231.03615617752, "delta": 18.4514262676239}, "costs": {"total_cost": 191.37582081360028, "time_cost": 72.21900000000001, "final_distance_cost": 1.8430838761880886, "oscillation_cost": 27.94864205083962, "completition_cost": 0.0, "overshoot_cost": 50.946430290947596, "power_cost": 16.253978967285157, "noise_cost": 22.164685628339804, "n_waypoints_completed": 9, "tot_waypoints": 9}}
{"target": -187.72216165504338, "params": {"k_pid_pos": [1.0780532080115863, 0.06880312348876237, 0.27607858789213796], "k_pid_alt": [1.4767199755716351, 0.0, 0.029391582968127033], "k_pid_att": [8.508892959501994, 2.896053513368381, 0.5494585150216471], "k_pid_yaw": [0.5, 1e-06, 0.1], "k_pid_hsp": [0.23577425870877944, 0.021147570825274187, 0.0], "k_pid_vsp": [206.1568806751311, 125.68007023093837, 0.1779442773147841]}, "datetime": {"datetime": "2025-08-13 19:18:39", "elapsed": 34247.95760989189, "delta": 16.921453714370728}, "costs": {"total_cost": 187.72216165504338, "time_cost": 69.629, "final_distance_cost": 1.829557836392153, "oscillation_cost": 29.11631524620816, "completition_cost": 0.0, "overshoot_cost": 50.069306589579135, "power_cost": 15.939733789062501, "noise_cost": 21.138248193801424, "n_waypoints_completed": 9, "tot_waypoints": 9}}
{"target": -184.02321397185688, "params": {"k_pid_pos": [0.8467032006065041, 0.07185679994755674, 0.17001107663051193], "k_pid_alt": [1.3768282987795697, 0.0, 0.02171407714888866], "k_pid_att": [9.680360457572881, 3.2877303909116953, 0.5359778590762688], "k_pid_yaw": [0.5, 1e-06, 0.1], "k_pid_hsp": [0.24019521585295212, 0.009839548559833365, 0.0], "k_pid_vsp": [273.91991222908047, 112.94790769112628, 0.20720024288484748]}, "datetime": {"datetime": "2025-08-13 19:18:58", "elapsed": 34266.01754140854, "delta": 18.05993151664734}, "costs": {"total_cost": 184.02321397185688, "time_cost": 70.371, "final_distance_cost": 1.832901139187728, "oscillation_cost": 27.269475631521843, "completition_cost": 0.0, "overshoot_cost": 50.248988377765194, "power_cost": 13.327724279785157, "noise_cost": 20.97312454359698, "n_waypoints_completed": 9, "tot_waypoints": 9}}
{"target": -185.81775236565778, "params": {"k_pid_pos": [0.9982976626088856, 0.07145880333801176, 0.25390966916615926], "k_pid_alt": [1.6459504502614042, 0.0, 0.02679509296809295], "k_pid_att": [10.434658956609717, 2.915041343291113, 0.7179015822837892], "k_pid_yaw": [0.5, 1e-06, 0.1], "k_pid_hsp": [0.29806936847160176, 0.02157019582914288, 0.0], "k_pid_vsp": [157.42436247250362, 176.50719532736244, 0.11311906747451535]}, "datetime": {"datetime": "2025-08-13 19:19:14", "elapsed": 34282.3548514843, "delta": 16.337310075759888}, "costs": {"total_cost": 185.81775236565778, "time_cost": 69.881, "final_distance_cost": 1.8385295992683577, "oscillation_cost": 28.17385968975958, "completition_cost": 0.0, "overshoot_cost": 50.302469753924996, "power_cost": 14.633350366210939, "noise_cost": 20.988542956493923, "n_waypoints_completed": 9, "tot_waypoints": 9}}
{"target": -192.6692759418525, "params": {"k_pid_pos": [1.5168932916870201, 0.07318458137798702, 0.27158392014387484], "k_pid_alt": [1.282526066871646, 0.0, 0.018918591496971685], "k_pid_att": [10.061290304901206, 4.0562666185579195, 0.8277095390553391], "k_pid_yaw": [0.5, 1e-06, 0.1], "k_pid_hsp": [0.1809025334130676, 0.012144033353570678, 0.0], "k_pid_vsp": [350.9673971424557, 126.18260437754817, 0.18591543891528448]}, "datetime": {"datetime": "2025-08-13 19:19:31", "elapsed": 34299.9775788784, "delta": 17.622727394104004}, "costs": {"total_cost": 192.6692759418525, "time_cost": 69.825, "final_distance_cost": 1.7932643869670295, "oscillation_cost": 31.18097401447119, "completition_cost": 0.0, "overshoot_cost": 50.760153736661, "power_cost": 17.757021154785157, "noise_cost": 21.35286264896813, "n_waypoints_completed": 9, "tot_waypoints": 9}}
{"target": -183.55491626478522, "params": {"k_pid_pos": [0.884728841865563, 0.05496281915206628, 0.24990952019613946], "k_pid_alt": [1.5142067970076127, 0.0, 0.02589864653594932], "k_pid_att": [8.94266967922774, 2.566967394428514, 0.46385112085558894], "k_pid_yaw": [0.5, 1e-06, 0.1], "k_pid_hsp": [0.17018128262815901, 0.018628801150168125, 0.0], "k_pid_vsp": [231.39567870381882, 133.09402651420058, 0.23268901495319647]}, "datetime": {"datetime": "2025-08-13 19:19:48", "elapsed": 34316.634544849396, "delta": 16.656965970993042}, "costs": {"total_cost": 183.55491626478522, "time_cost": 69.818, "final_distance_cost": 1.8290953892858992, "oscillation_cost": 26.87597179381848, "completition_cost": 0.0, "overshoot_cost": 50.162640625536035, "power_cost": 14.047273217773439, "noise_cost": 20.821935238371374, "n_waypoints_completed": 9, "tot_waypoints": 9}}
{"target": -195.65583762988697, "params": {"k_pid_pos": [0.6753953589054809, 0.04311942839384142, 0.37927991098207503], "k_pid_alt": [1.6505083299107828, 0.0, 0.030579096694036776], "k_pid_att": [14.69632440846054, 3.4077884441818718, 0.6247500027011849], "k_pid_yaw": [0.5, 1e-06, 0.1], "k_pid_hsp": [0.23229872834894186, 0.009558092237808088, 0.0], "k_pid_vsp": [186.49204194645486, 147.02626758614656, 0.214628458319413]}, "datetime": {"datetime": "2025-08-13 19:20:07", "elapsed": 34335.31695628166, "delta": 18.682411432266235}, "costs": {"total_cost": 195.65583762988697, "time_cost": 76.72, "final_distance_cost": 1.848466660147012, "oscillation_cost": 25.557127341977658, "completition_cost": 0.0, "overshoot_cost": 50.848628699269256, "power_cost": 16.48547843017578, "noise_cost": 24.19613649831726, "n_waypoints_completed": 9, "tot_waypoints": 9}}
{"target": -201.2357857632648, "params": {"k_pid_pos": [0.8176966074373389, 0.06018529871823767, 0.3486172158201278], "k_pid_alt": [1.1502769692268036, 0.0, 0.026108764334000955], "k_pid_att": [9.018626278144035, 3.259776466909964, 0.7306690877675447], "k_pid_yaw": [0.5, 1e-06, 0.1], "k_pid_hsp": [0.3027193268777986, 0.019612818011401845, 0.0], "k_pid_vsp": [284.7783502424315, 126.42848665332109, 0.19783336396638443]}, "datetime": {"datetime": "2025-08-13 19:20:25", "elapsed": 34353.171646118164, "delta": 17.854689836502075}, "costs": {"total_cost": 201.2357857632648, "time_cost": 74.018, "final_distance_cost": 1.8480877263263935, "oscillation_cost": 28.474457145469035, "completition_cost": 0.0, "overshoot_cost": 51.20217290075853, "power_cost": 21.538594677734377, "noise_cost": 24.154473312976467, "n_waypoints_completed": 9, "tot_waypoints": 9}}
{"target": -180.89032468710317, "params": {"k_pid_pos": [0.8981850344009844, 0.05353531837977307, 0.2987764956734622], "k_pid_alt": [1.653597319061146, 0.0, 0.029306934998759457], "k_pid_att": [7.53993695260419, 3.8643496180120778, 0.6049239764859828], "k_pid_yaw": [0.5, 1e-06, 0.1], "k_pid_hsp": [0.2572855773383064, 0.010200511344600335, 0.0], "k_pid_vsp": [255.57758018674033, 148.35007322357737, 0.13860496343587578]}, "datetime": {"datetime": "2025-08-13 19:20:42", "elapsed": 34370.5858104229, "delta": 17.414164304733276}, "costs": {"total_cost": 180.89032468710317, "time_cost": 70.651, "final_distance_cost": 1.8493192716533624, "oscillation_cost": 27.68566163194418, "completition_cost": 0.0, "overshoot_cost": 50.243426725474905, "power_cost": 10.445439672851563, "noise_cost": 20.015477385179167, "n_waypoints_completed": 9, "tot_waypoints": 9}}
{"target": -193.1816214164636, "params": {"k_pid_pos": [0.7962027880982981, 0.04452292101618444, 0.2724937343600164], "k_pid_alt": [1.4720511591913266, 0.0, 0.02730599706078421], "k_pid_att": [10.16973574112727, 3.854938589772704, 0.6181775423563196], "k_pid_yaw": [0.5, 1e-06, 0.1], "k_pid_hsp": [0.25731663220853407, 0.0171811021587119, 0.0], "k_pid_vsp": [253.06655239573396, 119.54189792990762, 0.13797840197535402]}, "datetime": {"datetime": "2025-08-13 19:20:59", "elapsed": 34387.437950611115, "delta": 16.852140188217163}, "costs": {"total_cost": 193.1816214164636, "time_cost": 72.401, "final_distance_cost": 1.8525527055487099, "oscillation_cost": 27.738088581009567, "completition_cost": 0.0, "overshoot_cost": 50.69721389378484, "power_cost": 17.795732946777346, "noise_cost": 22.697033289343167, "n_waypoints_completed": 9, "tot_waypoints": 9}}
