{"target": -190.20346122277738, "params": {"k_pid_pos": [1.125044308963664, 0.08051434962737147, 0.376217362108417], "k_pid_alt": [1.3447096210521756, 0.0, 0.024227937093647553], "k_pid_att": [8.991296236969665, 2.982404830572463, 0.6253204764399204], "k_pid_yaw": [0.5, 1e-06, 0.1], "k_pid_hsp": [0.06766350024871104, 0.020662505591568247, 0.0], "k_pid_vsp": [379.2781063785728, 100.99585906008905, 0.23795664912405146]}, "datetime": {"datetime": "2025-08-13 18:22:53", "elapsed": 30901.893449783325, "delta": 17.927547454833984}, "costs": {"total_cost": 190.20346122277738, "time_cost": 72.128, "final_distance_cost": 1.7930526254638772, "oscillation_cost": 29.059777465270543, "completition_cost": 0.0, "overshoot_cost": 51.10247589930919, "power_cost": 14.93220233154297, "noise_cost": 21.187952901190787, "n_waypoints_completed": 9, "tot_waypoints": 9}}
{"target": -191.50689026321214, "params": {"k_pid_pos": [0.8742930717053948, 0.038855474544714774, 0.27236698069799126], "k_pid_alt": [0.5113207795084452, 0.0, 0.022334650640247682], "k_pid_att": [12.399028039046039, 3.6156503219166702, 0.6585500138415156], "k_pid_yaw": [0.5, 1e-06, 0.1], "k_pid_hsp": [0.17214028559077743, 0.011151600672739676, 0.0], "k_pid_vsp": [303.6492129076166, 123.41271108800409, 0.11243918053910519]}, "datetime": {"datetime": "2025-08-13 18:23:13", "elapsed": 30921.176212072372, "delta": 19.28276228904724}, "costs": {"total_cost": 191.50689026321214, "time_cost": 77.161, "final_distance_cost": 1.851803981356071, "oscillation_cost": 26.54836814895695, "completition_cost": 0.0, "overshoot_cost": 50.65127499224972, "power_cost": 13.564282507324219, "noise_cost": 21.730160633325205, "n_waypoints_completed": 9, "tot_waypoints": 9}}
{"target": -183.98201588672282, "params": {"k_pid_pos": [1.15580577424435, 0.07473786516586364, 0.2929352761738188], "k_pid_alt": [1.1523099874043352, 0.0, 0.022559110804124052], "k_pid_att": [11.587362720018186, 5.174772495181926, 0.6611773343898132], "k_pid_yaw": [0.5, 1e-06, 0.1], "k_pid_hsp": [0.16831791995688303, 0.023368816579763706, 0.0], "k_pid_vsp": [336.52042099467883, 126.7714221609508, 0.17201718417523149]}, "datetime": {"datetime": "2025-08-13 18:23:29", "elapsed": 30937.626558065414, "delta": 16.450345993041992}, "costs": {"total_cost": 183.98201588672282, "time_cost": 69.426, "final_distance_cost": 1.8249904394230074, "oscillation_cost": 29.950393973159613, "completition_cost": 0.0, "overshoot_cost": 49.865037220507595, "power_cost": 12.867407739257812, "noise_cost": 20.048186514374812, "n_waypoints_completed": 9, "tot_waypoints": 9}}
{"target": -184.67767967046922, "params": {"k_pid_pos": [0.991812952548638, 0.036736194526677965, 0.397900995728042], "k_pid_alt": [1.6811574456635217, 0.0, 0.02789506635196438], "k_pid_att": [11.976733040535928, 4.651515573077507, 0.6085168513184017], "k_pid_yaw": [0.5, 1e-06, 0.1], "k_pid_hsp": [0.25691565206597916, 0.026201315540300526, 0.0], "k_pid_vsp": [219.32188477943978, 73.26049786528687, 0.18679311222142922]}, "datetime": {"datetime": "2025-08-13 18:23:47", "elapsed": 30955.160777568817, "delta": 17.53421950340271}, "costs": {"total_cost": 184.67767967046922, "time_cost": 70.44800000000001, "final_distance_cost": 1.8458485814262655, "oscillation_cost": 27.383630893930277, "completition_cost": 0.0, "overshoot_cost": 50.12325325116707, "power_cost": 13.655976489257814, "noise_cost": 21.220970454687787, "n_waypoints_completed": 9, "tot_waypoints": 9}}
{"target": -194.0413756231769, "params": {"k_pid_pos": [0.6705565668517446, 0.0657145709318177, 0.32714097270804504], "k_pid_alt": [1.3396223069294761, 0.0, 0.029185767544165683], "k_pid_att": [12.849451094327847, 4.076364011218519, 0.5385236537799055], "k_pid_yaw": [0.5, 1e-06, 0.1], "k_pid_hsp": [0.17574561830777816, 0.015452253410999822, 0.0], "k_pid_vsp": [350.3265228689651, 143.17553033792657, 0.1518511237759661]}, "datetime": {"datetime": "2025-08-13 18:24:05", "elapsed": 30973.87827539444, "delta": 18.71749782562256}, "costs": {"total_cost": 194.0413756231769, "time_cost": 75.236, "final_distance_cost": 1.845890220170876, "oscillation_cost": 25.626511797082227, "completition_cost": 0.0, "overshoot_cost": 51.5480194279894, "power_cost": 16.451268774414064, "noise_cost": 23.33368540352032, "n_waypoints_completed": 9, "tot_waypoints": 9}}
{"target": -188.40163651281514, "params": {"k_pid_pos": [0.9047494431018609, 0.06111990283768843, 0.2747609667658535], "k_pid_alt": [0.8755902652159219, 0.0, 0.034680245134932626], "k_pid_att": [7.412770971865804, 6.970423671836844, 0.5383905765193222], "k_pid_yaw": [0.5, 1e-06, 0.1], "k_pid_hsp": [0.1290910035551698, 0.0186126057344345, 0.0], "k_pid_vsp": [234.08502686827498, 108.43532326256938, 0.15702762541457363]}, "datetime": {"datetime": "2025-08-13 18:24:22", "elapsed": 30990.69325709343, "delta": 16.814981698989868}, "costs": {"total_cost": 188.40163651281514, "time_cost": 71.414, "final_distance_cost": 1.8373811763836292, "oscillation_cost": 28.57136572173945, "completition_cost": 0.0, "overshoot_cost": 50.127231343787024, "power_cost": 15.249542626953126, "noise_cost": 21.202115643951903, "n_waypoints_completed": 9, "tot_waypoints": 9}}
{"target": -187.00920358280547, "params": {"k_pid_pos": [0.9920531890006358, 0.06036700554745042, 0.1513944993843602], "k_pid_alt": [1.3534512881717176, 0.0, 0.022953842154770338], "k_pid_att": [10.65044886123714, 4.463707089722717, 0.4764310500664464], "k_pid_yaw": [0.5, 1e-06, 0.1], "k_pid_hsp": [0.17895323991526269, 0.0237089879993545, 0.0], "k_pid_vsp": [274.98319363473775, 76.05798304257111, 0.1832172550750657]}, "datetime": {"datetime": "2025-08-13 18:24:39", "elapsed": 31007.629734754562, "delta": 16.936477661132812}, "costs": {"total_cost": 187.00920358280547, "time_cost": 69.489, "final_distance_cost": 1.8345572160043533, "oscillation_cost": 29.461526519146865, "completition_cost": 0.0, "overshoot_cost": 50.05342455384767, "power_cost": 15.220905139160157, "noise_cost": 20.949790154646408, "n_waypoints_completed": 9, "tot_waypoints": 9}}
{"target": -181.82958207697726, "params": {"k_pid_pos": [0.8713054744685108, 0.056350108805645664, 0.13186664576388285], "k_pid_alt": [1.320462499326704, 0.0, 0.02709673716146262], "k_pid_att": [11.250697955562215, 2.5355992200003175, 0.6741433797084092], "k_pid_yaw": [0.5, 1e-06, 0.1], "k_pid_hsp": [0.2043792330067519, 0.022625840233356728, 0.0], "k_pid_vsp": [400.0, 127.97908824255079, 0.17824410383954695]}, "datetime": {"datetime": "2025-08-13 18:24:56", "elapsed": 31024.094284057617, "delta": 16.46454930305481}, "costs": {"total_cost": 181.82958207697726, "time_cost": 69.496, "final_distance_cost": 1.8310783150397083, "oscillation_cost": 28.072518408304823, "completition_cost": 0.0, "overshoot_cost": 50.16484372599564, "power_cost": 12.081067810058594, "noise_cost": 20.184073817578504, "n_waypoints_completed": 9, "tot_waypoints": 9}}
{"target": -221.53890850710553, "params": {"k_pid_pos": [1.33284572396084, 0.03380485831863493, 0.2969837384517364], "k_pid_alt": [1.810500251476279, 0.0, 0.029853336162646554], "k_pid_att": [14.736553794953947, 4.27109425024618, 0.696716311306603], "k_pid_yaw": [0.5, 1e-06, 0.1], "k_pid_hsp": [0.10697608929768264, 0.013095367240628264, 0.0], "k_pid_vsp": [233.89738094967166, 97.63628892614291, 0.13424579539647852]}, "datetime": {"datetime": "2025-08-13 18:25:15", "elapsed": 31043.25692629814, "delta": 19.162642240524292}, "costs": {"total_cost": 221.53890850710553, "time_cost": 78.197, "final_distance_cost": 1.8262549643089299, "oscillation_cost": 31.52302458442171, "completition_cost": 0.0, "overshoot_cost": 57.35479785531038, "power_cost": 27.717210424804687, "noise_cost": 24.92062067825983, "n_waypoints_completed": 9, "tot_waypoints": 9}}
{"target": -194.68826543805523, "params": {"k_pid_pos": [1.0733087663067133, 0.05963761334211148, 0.46448320828956313], "k_pid_alt": [1.5985214887211487, 0.0, 0.01915237095624718], "k_pid_att": [15.746417377128708, 2.5539091283337148, 0.5113916301530986], "k_pid_yaw": [0.5, 1e-06, 0.1], "k_pid_hsp": [0.1613445613328967, 0.021965253727905105, 0.0], "k_pid_vsp": [225.27292351168907, 95.98265328035427, 0.15980754821328239]}, "datetime": {"datetime": "2025-08-13 18:25:32", "elapsed": 31060.091081380844, "delta": 16.834155082702637}, "costs": {"total_cost": 194.68826543805523, "time_cost": 71.26, "final_distance_cost": 1.833843965927826, "oscillation_cost": 27.27104283977552, "completition_cost": 0.0, "overshoot_cost": 50.9936198211066, "power_cost": 20.638086279296875, "noise_cost": 22.69167253194839, "n_waypoints_completed": 9, "tot_waypoints": 9}}
{"target": -180.169878001849, "params": {"k_pid_pos": [0.9176878794478389, 0.05952050841696674, 0.25018471438509876], "k_pid_alt": [0.9384870703389551, 0.0, 0.029518421642200362], "k_pid_att": [12.679762982535905, 4.581646442866131, 0.2511014615399307], "k_pid_yaw": [0.5, 1e-06, 0.1], "k_pid_hsp": [0.1774783501513523, 0.018742479149913432, 0.0], "k_pid_vsp": [265.96426627870073, 140.61784526413905, 0.13733267390516582]}, "datetime": {"datetime": "2025-08-13 18:25:49", "elapsed": 31077.300139188766, "delta": 17.209057807922363}, "costs": {"total_cost": 180.169878001849, "time_cost": 70.854, "final_distance_cost": 1.8365489046371997, "oscillation_cost": 27.580657627925973, "completition_cost": 0.0, "overshoot_cost": 49.870015393684334, "power_cost": 10.313277465820313, "noise_cost": 19.71537860978119, "n_waypoints_completed": 9, "tot_waypoints": 9}}
{"target": -202.06524180974787, "params": {"k_pid_pos": [0.9729339506845119, 0.04688893429391607, 0.2628721102743156], "k_pid_alt": [0.526725917827287, 0.0, 0.028886300017534904], "k_pid_att": [16.503557674545323, 5.073843255870085, 0.593764460858342], "k_pid_yaw": [0.5, 1e-06, 0.1], "k_pid_hsp": [0.16603759559184927, 0.02365763033720412, 0.0], "k_pid_vsp": [232.33436244553923, 69.6769001496797, 0.19941082600656257]}, "datetime": {"datetime": "2025-08-13 18:26:08", "elapsed": 31096.224940538406, "delta": 18.924801349639893}, "costs": {"total_cost": 202.06524180974787, "time_cost": 76.566, "final_distance_cost": 1.8455143200328925, "oscillation_cost": 28.57492643457091, "completition_cost": 0.0, "overshoot_cost": 51.16941452682107, "power_cost": 20.6562759765625, "noise_cost": 23.253110551760507, "n_waypoints_completed": 9, "tot_waypoints": 9}}
{"target": -184.71514025025755, "params": {"k_pid_pos": [0.9161589395508728, 0.051871150856976356, 0.28708655699308805], "k_pid_alt": [1.2103819817855712, 0.0, 0.022499595781016662], "k_pid_att": [10.469318178882459, 3.916216497050969, 0.6350830474701704], "k_pid_yaw": [0.5, 1e-06, 0.1], "k_pid_hsp": [0.1667456808996577, 0.015972985094943618, 0.0], "k_pid_vsp": [326.04961102116675, 96.85373307927473, 0.13464032424435288]}, "datetime": {"datetime": "2025-08-13 18:26:24", "elapsed": 31112.96137905121, "delta": 16.736438512802124}, "costs": {"total_cost": 184.71514025025755, "time_cost": 70.46900000000001, "final_distance_cost": 1.8422193574225394, "oscillation_cost": 27.356008734677896, "completition_cost": 0.0, "overshoot_cost": 49.931287287263224, "power_cost": 14.160152172851562, "noise_cost": 20.956472698042315, "n_waypoints_completed": 9, "tot_waypoints": 9}}
{"target": -177.6498886301304, "params": {"k_pid_pos": [1.0393901332740751, 0.03606040133070441, 0.28297752963026473], "k_pid_alt": [1.3580139429084017, 0.0, 0.030898031396867993], "k_pid_att": [9.749651157076864, 5.072713778812411, 0.6947864160175056], "k_pid_yaw": [0.5, 1e-06, 0.1], "k_pid_hsp": [0.08634269494840292, 0.014374773259860913, 0.0], "k_pid_vsp": [253.56594252227694, 148.3094664243721, 0.10079644331729228]}, "datetime": {"datetime": "2025-08-13 18:26:42", "elapsed": 31130.077020168304, "delta": 17.115641117095947}, "costs": {"total_cost": 177.6498886301304, "time_cost": 70.84, "final_distance_cost": 1.8110184207734328, "oscillation_cost": 27.271698847711104, "completition_cost": 0.0, "overshoot_cost": 50.379885142833785, "power_cost": 8.726853527832032, "noise_cost": 18.620432690980035, "n_waypoints_completed": 9, "tot_waypoints": 9}}
{"target": -187.8312271213244, "params": {"k_pid_pos": [0.6656961226891766, 0.07013399845467556, 0.25499407972883276], "k_pid_alt": [0.9096333724462106, 0.0, 0.02607424291471748], "k_pid_att": [9.16976510050087, 4.941878776381332, 0.7365440201219958], "k_pid_yaw": [0.5, 1e-06, 0.1], "k_pid_hsp": [0.11173408680068858, 0.024389947461257267, 0.0], "k_pid_vsp": [395.5148688852273, 91.00276350507171, 0.1670192260101063]}, "datetime": {"datetime": "2025-08-13 18:26:59", "elapsed": 31147.39053606987, "delta": 17.31351590156555}, "costs": {"total_cost": 187.8312271213244, "time_cost": 74.431, "final_distance_cost": 1.8527853612789271, "oscillation_cost": 25.595077805529268, "completition_cost": 0.0, "overshoot_cost": 50.55857685338098, "power_cost": 13.49738857421875, "noise_cost": 21.89639852691647, "n_waypoints_completed": 9, "tot_waypoints": 9}}
{"target": -192.8233347908387, "params": {"k_pid_pos": [0.5885661432384359, 0.06600625996557677, 0.22573467446135598], "k_pid_alt": [1.1848091796906144, 0.0, 0.02701683289797335], "k_pid_att": [6.62197214778153, 4.6944442611986, 0.5394551604716461], "k_pid_yaw": [0.5, 1e-06, 0.1], "k_pid_hsp": [0.1948381227645367, 0.01852801252721099, 0.0], "k_pid_vsp": [254.20509741540414, 91.73000966357517, 0.16780518985127713]}, "datetime": {"datetime": "2025-08-13 18:27:17", "elapsed": 31165.590487241745, "delta": 18.199951171875}, "costs": {"total_cost": 192.8233347908387, "time_cost": 76.21600000000001, "final_distance_cost": 1.8516158623545007, "oscillation_cost": 25.988781638387767, "completition_cost": 0.0, "overshoot_cost": 51.12623029533694, "power_cost": 14.547958215332033, "noise_cost": 23.09274877942743, "n_waypoints_completed": 9, "tot_waypoints": 9}}
{"target": -186.4220170887468, "params": {"k_pid_pos": [0.8925004278827057, 0.04723558560546668, 0.3086187081152291], "k_pid_alt": [0.8531086238467283, 0.0, 0.029648554609085453], "k_pid_att": [9.576764107616867, 4.0851547886874, 0.5349357477309981], "k_pid_yaw": [0.5, 1e-06, 0.1], "k_pid_hsp": [0.1544509991439009, 0.018166372974644098, 0.0], "k_pid_vsp": [371.98533588066874, 106.29686014777258, 0.14784971269151617]}, "datetime": {"datetime": "2025-08-13 18:27:34", "elapsed": 31182.850389242172, "delta": 17.259902000427246}, "costs": {"total_cost": 186.4220170887468, "time_cost": 72.086, "final_distance_cost": 1.8391546330936348, "oscillation_cost": 27.44391360363167, "completition_cost": 0.0, "overshoot_cost": 50.07057154366929, "power_cost": 13.901545556640626, "noise_cost": 21.080831751711568, "n_waypoints_completed": 9, "tot_waypoints": 9}}
{"target": -208.21585219912626, "params": {"k_pid_pos": [0.461513519327076, 0.05145861199779761, 0.34447580483800383], "k_pid_alt": [1.045240636749466, 0.0, 0.026026825598849553], "k_pid_att": [11.92887461823871, 1.464548389381158, 0.5118926225521103], "k_pid_yaw": [0.5, 1e-06, 0.1], "k_pid_hsp": [0.1541895767602216, 0.020815215680160714, 0.0], "k_pid_vsp": [362.7408335133343, 99.87853453596979, 0.12957146272804546]}, "datetime": {"datetime": "2025-08-13 18:27:54", "elapsed": 31202.772922754288, "delta": 19.92253351211548}, "costs": {"total_cost": 208.21585219912626, "time_cost": 85.246, "final_distance_cost": 1.8544579575588684, "oscillation_cost": 22.065210316979908, "completition_cost": 0.0, "overshoot_cost": 52.91092945386147, "power_cost": 18.536346191406253, "noise_cost": 27.602908279319728, "n_waypoints_completed": 9, "tot_waypoints": 9}}
{"target": -177.51012654244778, "params": {"k_pid_pos": [1.1058920206848482, 0.05231691146218385, 0.23596298603505894], "k_pid_alt": [1.464140490497776, 0.0, 0.024998388181406924], "k_pid_att": [12.974665227576034, 5.513351906937641, 0.5393158974292352], "k_pid_yaw": [0.5, 1e-06, 0.1], "k_pid_hsp": [0.26866617601498194, 0.026369208159776034, 0.0], "k_pid_vsp": [225.0271126940033, 101.80186483158305, 0.13721445374732724]}, "datetime": {"datetime": "2025-08-13 18:28:11", "elapsed": 31219.63367009163, "delta": 16.86074733734131}, "costs": {"total_cost": 177.51012654244778, "time_cost": 68.474, "final_distance_cost": 1.843727532193191, "oscillation_cost": 29.960639381858392, "completition_cost": 0.0, "overshoot_cost": 49.67967362290385, "power_cost": 8.777145690917969, "noise_cost": 18.774940314574398, "n_waypoints_completed": 9, "tot_waypoints": 9}}
{"target": -191.70164757038054, "params": {"k_pid_pos": [0.6387261799154346, 0.048052852081554694, 0.26243449108929023], "k_pid_alt": [1.4135855315961734, 0.0, 0.02903131956471482], "k_pid_att": [15.317133570936965, 3.638314151708956, 0.5646102929961755], "k_pid_yaw": [0.5, 1e-06, 0.1], "k_pid_hsp": [0.21788059846283322, 0.01026921864700978, 0.0], "k_pid_vsp": [393.69546791116085, 67.16575624074018, 0.17669399523762372]}, "datetime": {"datetime": "2025-08-13 18:28:29", "elapsed": 31237.553272485733, "delta": 17.919602394104004}, "costs": {"total_cost": 191.70164757038054, "time_cost": 75.95700000000001, "final_distance_cost": 1.8495295905994271, "oscillation_cost": 25.4964170291357, "completition_cost": 0.0, "overshoot_cost": 51.528506315943, "power_cost": 13.785656494140625, "noise_cost": 23.084538140561797, "n_waypoints_completed": 9, "tot_waypoints": 9}}
{"target": -195.4188567223598, "params": {"k_pid_pos": [0.9712060027580586, 0.04246293972592007, 0.2906371138984303], "k_pid_alt": [0.8837342436748395, 0.0, 0.0260060359534266], "k_pid_att": [14.652468406011044, 3.8215760668100986, 0.6046273578349458], "k_pid_yaw": [0.5, 1e-06, 0.1], "k_pid_hsp": [0.08000123432029836, 0.013187469146707516, 0.0], "k_pid_vsp": [400.0, 104.49689911087489, 0.09968100368781803]}, "datetime": {"datetime": "2025-08-13 18:28:48", "elapsed": 31256.490813732147, "delta": 18.937541246414185}, "costs": {"total_cost": 195.4188567223598, "time_cost": 74.179, "final_distance_cost": 1.827190645426732, "oscillation_cost": 26.333011051467537, "completition_cost": 0.0, "overshoot_cost": 51.96878151083013, "power_cost": 18.77704539794922, "noise_cost": 22.333828116686202, "n_waypoints_completed": 9, "tot_waypoints": 9}}
{"target": -200.17913553046344, "params": {"k_pid_pos": [0.8492818609276854, 0.04949431408953561, 0.30664537750379656], "k_pid_alt": [1.0603196242785993, 0.0, 0.02252838988013268], "k_pid_att": [9.476821640669566, 5.554251765362493, 0.6032495021403205], "k_pid_yaw": [0.5, 1e-06, 0.1], "k_pid_hsp": [0.1921663622309836, 0.018438847572271436, 0.0], "k_pid_vsp": [302.79890430638403, 110.91356451785776, 0.11125204619516088]}, "datetime": {"datetime": "2025-08-13 18:29:06", "elapsed": 31274.41029214859, "delta": 17.91947841644287}, "costs": {"total_cost": 200.17913553046344, "time_cost": 72.996, "final_distance_cost": 1.8487448975874619, "oscillation_cost": 28.06469618858967, "completition_cost": 0.0, "overshoot_cost": 51.363871445980074, "power_cost": 22.37058653564453, "noise_cost": 23.53523646266173, "n_waypoints_completed": 9, "tot_waypoints": 9}}
{"target": -189.6301028951402, "params": {"k_pid_pos": [1.0701646179097877, 0.03110070079385009, 0.30509298663625967], "k_pid_alt": [1.039942396405708, 0.0, 0.028991726352060283], "k_pid_att": [8.31212402161569, 3.420057683834178, 0.7354092380372976], "k_pid_yaw": [0.5, 1e-06, 0.1], "k_pid_hsp": [0.204078112949475, 0.016475447744627465, 0.0], "k_pid_vsp": [247.50630635773962, 108.99479512378103, 0.13654162900666908]}, "datetime": {"datetime": "2025-08-13 18:29:23", "elapsed": 31290.99672627449, "delta": 16.58643412590027}, "costs": {"total_cost": 189.6301028951402, "time_cost": 70.119, "final_distance_cost": 1.8489930449512229, "oscillation_cost": 29.518306164896984, "completition_cost": 0.0, "overshoot_cost": 50.1141062428811, "power_cost": 16.571719140625, "noise_cost": 21.457978301785893, "n_waypoints_completed": 9, "tot_waypoints": 9}}
{"target": -186.87408072866464, "params": {"k_pid_pos": [0.7261416234918702, 0.08017815320830961, 0.23815442097080566], "k_pid_alt": [1.8141081506140735, 0.0, 0.029689891674388208], "k_pid_att": [13.42418764722098, 4.663449373315469, 0.6090740375911875], "k_pid_yaw": [0.5, 1e-06, 0.1], "k_pid_hsp": [0.13087024757245824, 0.016402141385834457, 0.0], "k_pid_vsp": [344.4444446770958, 111.35512957514523, 0.18051681813054296]}, "datetime": {"datetime": "2025-08-13 18:29:40", "elapsed": 31308.772524118423, "delta": 17.775797843933105}, "costs": {"total_cost": 186.87408072866464, "time_cost": 71.505, "final_distance_cost": 1.8342295245307694, "oscillation_cost": 25.488393038179673, "completition_cost": 0.0, "overshoot_cost": 50.961786984211415, "power_cost": 15.34314626464844, "noise_cost": 21.741524917094367, "n_waypoints_completed": 9, "tot_waypoints": 9}}
{"target": -190.0850539611535, "params": {"k_pid_pos": [0.843691577384996, 0.03270013716471379, 0.44901831086956934], "k_pid_alt": [1.656242775792955, 0.0, 0.024522913242866044], "k_pid_att": [10.000020308863169, 4.034674401944128, 0.5104053509355136], "k_pid_yaw": [0.5, 1e-06, 0.1], "k_pid_hsp": [0.14392494123845612, 0.01873376145377163, 0.0], "k_pid_vsp": [294.9991354065757, 75.63969365178583, 0.16036345380381833]}, "datetime": {"datetime": "2025-08-13 18:29:57", "elapsed": 31325.95334339142, "delta": 17.180819272994995}, "costs": {"total_cost": 190.0850539611535, "time_cost": 72.849, "final_distance_cost": 1.8479281956473252, "oscillation_cost": 26.548855291346907, "completition_cost": 0.0, "overshoot_cost": 50.4789016669736, "power_cost": 15.69708397216797, "noise_cost": 22.66328483501768, "n_waypoints_completed": 9, "tot_waypoints": 9}}
