{"target": -831.2740311790736, "params": {"k_pid_pos": [1.8624793477566346, 0.11973358850112281, 0.1171035659001105], "k_pid_alt": [0.17541802382153682, 0.6578632850405278, 0.4186083007903795], "k_pid_att": [77.43214161418433, 6.712347009944595, 0.33363775832823817], "k_pid_yaw": [0.5, 1e-06, 0.1], "k_pid_hsp": [8.983675636960621, 0.7625321470706523, 0.2705349409101757], "k_pid_vsp": [145.6768071088216, 125.77599276726518, 63.04466029238821]}, "datetime": {"datetime": "2025-08-13 10:00:12", "elapsed": 740.0122399330139, "delta": 28.819774627685547}, "costs": {"total_cost": 831.2740311790736, "time_cost": 150, "final_distance_cost": 26.84854513094065, "oscillation_cost": 408.4181450713611, "completition_cost": 111.11111111111116, "overshoot_cost": 69.66549036546074, "power_cost": 35.12261968994141, "noise_cost": 30.108119810258493, "n_waypoints_completed": 8, "tot_waypoints": 9}}
{"target": -1377.3647240354533, "params": {"k_pid_pos": [0.29565196674712907, 0.936127463375744, 0.43790403719875326], "k_pid_alt": [0.7666396455548197, 0.7296857086773779, 0.5529930652528999], "k_pid_att": [93.61399868384622, 7.803036908944531, 0.47936956412454035], "k_pid_yaw": [0.5, 1e-06, 0.1], "k_pid_hsp": [3.7636570988609144, 0.986631544924322, 0.7177602360036435], "k_pid_vsp": [380.47786400153643, 47.391431768337966, 340.2134718257794]}, "datetime": {"datetime": "2025-08-13 10:00:39", "elapsed": 767.6662707328796, "delta": 27.654030799865723}, "costs": {"total_cost": 1377.3647240354533, "time_cost": 150, "final_distance_cost": 92.6644834326435, "oscillation_cost": 244.3879557965079, "completition_cost": 777.7777777777778, "overshoot_cost": 52.93132553209751, "power_cost": 31.816724768066408, "noise_cost": 27.786456728359987, "n_waypoints_completed": 2, "tot_waypoints": 9}}
{"target": -1474.444670409028, "params": {"k_pid_pos": [1.274184060594016, 0.12192167833511258, 0.5882579999692207], "k_pid_alt": [1.3721927302108976, 0.012302685888602838, 0.45431796184174655], "k_pid_att": [82.53995111963212, 2.9536607175383645, 0.4585480817985511], "k_pid_yaw": [0.5, 1e-06, 0.1], "k_pid_hsp": [4.423197039266225, 0.3019273914424916, 0.9184418955155542], "k_pid_vsp": [312.51761417260633, 44.235365287855785, 398.8138631379946]}, "datetime": {"datetime": "2025-08-13 10:01:07", "elapsed": 795.8525185585022, "delta": 28.18624782562256}, "costs": {"total_cost": 1474.444670409028, "time_cost": 150, "final_distance_cost": 42.49157384326525, "oscillation_cost": 610.9000841975586, "completition_cost": 555.5555555555555, "overshoot_cost": 45.55610327550472, "power_cost": 40.23505301513672, "noise_cost": 29.706300522007194, "n_waypoints_completed": 4, "tot_waypoints": 9}}
{"target": -1155.4519634527426, "params": {"k_pid_pos": [1.7584121286130596, 0.28390843786403896, 0.8368965796609382], "k_pid_alt": [0.21283906374276573, 0.9991047304742386, 0.6656847361065369], "k_pid_att": [65.0125015558797, 0.904498225768629, 0.8970333988966253], "k_pid_yaw": [0.5, 1e-06, 0.1], "k_pid_hsp": [0.2900921320943738, 0.24082805804114704, 0.143021875166635], "k_pid_vsp": [310.7071762768874, 79.28169168695491, 364.2552909417159]}, "datetime": {"datetime": "2025-08-13 10:01:35", "elapsed": 823.3329231739044, "delta": 27.48040461540222}, "costs": {"total_cost": 1155.4519634527426, "time_cost": 150, "final_distance_cost": 39.109865892529086, "oscillation_cost": 267.791158408109, "completition_cost": 555.5555555555555, "overshoot_cost": 67.30126400380975, "power_cost": 40.84856240234375, "noise_cost": 34.84555719039524, "n_waypoints_completed": 4, "tot_waypoints": 9}}
{"target": -647.7811708256795, "params": {"k_pid_pos": [1.3125724517510475, 0.036162710494696215, 0.0054298341287004614], "k_pid_alt": [0.10331583402879785, 0.6059251776477277, 0.8014818108594153], "k_pid_att": [23.855282062738848, 8.494103488346438, 0.057231940153260386], "k_pid_yaw": [0.5, 1e-06, 0.1], "k_pid_hsp": [8.009658440031398, 0.9277954301722804, 0.7721083991043806], "k_pid_vsp": [279.24831359145486, 335.19208762417304, 16.06052077867527]}, "datetime": {"datetime": "2025-08-13 10:02:00", "elapsed": 847.9819707870483, "delta": 24.64904761314392}, "costs": {"total_cost": 647.7811708256795, "time_cost": 102.557, "final_distance_cost": 1.7835857207960373, "oscillation_cost": 417.4836011576846, "completition_cost": 0.0, "overshoot_cost": 63.886115158462275, "power_cost": 33.641530456542974, "noise_cost": 28.429338332193534, "n_waypoints_completed": 9, "tot_waypoints": 9}}
{"target": -1617.563122451293, "params": {"k_pid_pos": [0.40364404322703884, 0.12492367930564308, 0.5045309901929865], "k_pid_alt": [1.490376256657689, 0.6300118445763987, 0.851131099761935], "k_pid_att": [15.521299244109088, 7.346237457242422, 0.1930414908689041], "k_pid_yaw": [0.5, 1e-06, 0.1], "k_pid_hsp": [2.707660437302871, 0.7099046972813039, 0.9802047848986818], "k_pid_vsp": [244.61744239082782, 21.800126942017926, 246.52358835470415]}, "datetime": {"datetime": "2025-08-13 10:02:27", "elapsed": 875.681866645813, "delta": 27.69989585876465}, "costs": {"total_cost": 1617.563122451293, "time_cost": 150, "final_distance_cost": 84.30438931259825, "oscillation_cost": 484.7823314171692, "completition_cost": 777.7777777777778, "overshoot_cost": 53.22479433647743, "power_cost": 32.54023120117188, "noise_cost": 34.93359840609862, "n_waypoints_completed": 2, "tot_waypoints": 9}}
{"target": -477.2483344720826, "params": {"k_pid_pos": [1.536393319183346, 0.3287390218553204, 0.08780819260335254], "k_pid_alt": [1.9483194538457373, 0.46570557157465126, 1.0], "k_pid_att": [25.924272874053766, 1.0119199173767708, 0.0], "k_pid_yaw": [0.5, 1e-06, 0.1], "k_pid_hsp": [3.8583525297202947, 0.5833416351497449, 0.6809290744215136], "k_pid_vsp": [129.15400048253, 172.95298024699318, 106.06815663463794]}, "datetime": {"datetime": "2025-08-13 10:02:51", "elapsed": 899.8521735668182, "delta": 24.17030692100525}, "costs": {"total_cost": 477.2483344720826, "time_cost": 104.09700000000001, "final_distance_cost": 1.7920725801580093, "oscillation_cost": 256.6241486897145, "completition_cost": 0.0, "overshoot_cost": 63.24064195291765, "power_cost": 27.05756737060547, "noise_cost": 24.436903878686984, "n_waypoints_completed": 9, "tot_waypoints": 9}}
{"target": -268.21907505035745, "params": {"k_pid_pos": [0.6682523439494584, 0.62396352853672, 0.5511746074859668], "k_pid_alt": [1.3274594253422263, 0.21372931671251835, 0.9319036794375336], "k_pid_att": [11.656562585675717, 4.871553097412254, 0.9481704397420101], "k_pid_yaw": [0.5, 1e-06, 0.1], "k_pid_hsp": [3.659011895054094, 0.0, 0.0], "k_pid_vsp": [39.82201442613166, 1e-06, 1e-06]}, "datetime": {"datetime": "2025-08-13 10:03:19", "elapsed": 927.8022613525391, "delta": 27.950087785720825}, "costs": {"total_cost": 268.21907505035745, "time_cost": 118.503, "final_distance_cost": 1.7492637737775707, "oscillation_cost": 37.80154061109589, "completition_cost": 0.0, "overshoot_cost": 56.74961031514938, "power_cost": 20.79110340576172, "noise_cost": 32.62455694457292, "n_waypoints_completed": 9, "tot_waypoints": 9}}
{"target": -677.6712257379018, "params": {"k_pid_pos": [1.7791478463655743, 0.22906234928704108, 0.5794474338572574], "k_pid_alt": [1.278552846865517, 0.23797463727073773, 1.0], "k_pid_att": [18.135799219472943, 0.0001, 1.0], "k_pid_yaw": [0.5, 1e-06, 0.1], "k_pid_hsp": [0.0001, 0.3186450143065282, 0.09719451861947892], "k_pid_vsp": [123.46880441056457, 1e-06, 1e-06]}, "datetime": {"datetime": "2025-08-13 10:03:49", "elapsed": 957.4329662322998, "delta": 29.630704879760742}, "costs": {"total_cost": 677.6712257379018, "time_cost": 150, "final_distance_cost": 68.51160589038625, "oscillation_cost": 113.61862658297578, "completition_cost": 222.2222222222222, "overshoot_cost": 60.78003580331847, "power_cost": 28.9359990234375, "noise_cost": 33.60273621556154, "n_waypoints_completed": 7, "tot_waypoints": 9}}
{"target": -451.6128003327499, "params": {"k_pid_pos": [2.0, 0.7639596360456166, 0.39255558184392253], "k_pid_alt": [1.2742673037414962, 0.166901049520411, 1.0], "k_pid_att": [50.235449195286435, 4.984654723239643, 0.9080798218947965], "k_pid_yaw": [0.5, 1e-06, 0.1], "k_pid_hsp": [4.932146514177146, 0.6239368697281503, 0.0985553391221462], "k_pid_vsp": [380.4910727560128, 1.0280386794247818, 81.04573698399035]}, "datetime": {"datetime": "2025-08-13 10:04:15", "elapsed": 983.0314447879791, "delta": 25.59847855567932}, "costs": {"total_cost": 451.6128003327499, "time_cost": 106.60300000000001, "final_distance_cost": 1.773873186277651, "oscillation_cost": 233.1661503489947, "completition_cost": 0.0, "overshoot_cost": 56.905214791198624, "power_cost": 28.211105346679688, "noise_cost": 24.95345665959921, "n_waypoints_completed": 9, "tot_waypoints": 9}}
{"target": -552.4087663908224, "params": {"k_pid_pos": [2.0, 0.7473831665201754, 0.09721889892155877], "k_pid_alt": [0.9286589789513711, 0.05581148861331919, 1.0], "k_pid_att": [62.20506575319374, 0.383393565887044, 0.0], "k_pid_yaw": [0.5, 1e-06, 0.1], "k_pid_hsp": [5.234387492512159, 0.0, 0.29185592997650756], "k_pid_vsp": [180.77717412907575, 400.0, 83.88757028498756]}, "datetime": {"datetime": "2025-08-13 10:04:43", "elapsed": 1011.308999300003, "delta": 28.277554512023926}, "costs": {"total_cost": 552.4087663908224, "time_cost": 118.328, "final_distance_cost": 1.7393696975090949, "oscillation_cost": 296.1133253917328, "completition_cost": 0.0, "overshoot_cost": 69.66657625906481, "power_cost": 35.101385400390626, "noise_cost": 31.46010964212507, "n_waypoints_completed": 9, "tot_waypoints": 9}}
{"target": -3385.6627760462147, "params": {"k_pid_pos": [0.6242227510168686, 0.12257410698084503, 0.24877956372197987], "k_pid_alt": [2.0, 1.0, 0.7107374025486761], "k_pid_att": [0.0, 2.8008821025174426, 0.6118316395244222], "k_pid_yaw": [0.5, 1e-06, 0.1], "k_pid_hsp": [0.796058901936307, 0.0, 0.0019502448734570004], "k_pid_vsp": [296.8109290244184, 1e-06, 207.8005106356712]}, "datetime": {"datetime": "2025-08-13 10:05:12", "elapsed": 1040.1075329780579, "delta": 28.79853367805481}, "costs": {"total_cost": 3385.6627760462147, "time_cost": 150, "final_distance_cost": 168.94306583492016, "oscillation_cost": 1282.6141908398147, "completition_cost": 1000.0, "overshoot_cost": 568.2002778514516, "power_cost": 53.64347517089844, "noise_cost": 162.26176634912966, "n_waypoints_completed": 0, "tot_waypoints": 9}}
{"target": -431.5765276049571, "params": {"k_pid_pos": [0.3289440446768858, 0.253702895121894, 0.37723378106501587], "k_pid_alt": [0.8272567876696283, 0.5839385990417, 0.21754221216902478], "k_pid_att": [16.03241091013918, 2.0437289098313696, 1.0], "k_pid_yaw": [0.5, 1e-06, 0.1], "k_pid_hsp": [5.7309786726857626, 0.5636713686413392, 0.0], "k_pid_vsp": [318.1597431933464, 400.0, 1e-06]}, "datetime": {"datetime": "2025-08-13 10:05:40", "elapsed": 1068.5991871356964, "delta": 28.49165415763855}, "costs": {"total_cost": 431.5765276049571, "time_cost": 150, "final_distance_cost": 16.58151763059402, "oscillation_cost": 44.34491799978658, "completition_cost": 111.11111111111116, "overshoot_cost": 57.80254948804369, "power_cost": 19.336150939941408, "noise_cost": 32.40028043548021, "n_waypoints_completed": 8, "tot_waypoints": 9}}
{"target": -1372.6337880983951, "params": {"k_pid_pos": [0.11158731969178382, 0.7427625272717013, 0.5527009865721283], "k_pid_alt": [1.339331770034789, 0.7052145656848626, 0.5630357465311108], "k_pid_att": [48.63292734663677, 1.4358768482516704, 0.5980706666879246], "k_pid_yaw": [0.5, 1e-06, 0.1], "k_pid_hsp": [2.285931541134129, 0.44817964878052363, 0.1518556328420639], "k_pid_vsp": [400.0, 400.0, 15.155553259190109]}, "datetime": {"datetime": "2025-08-13 10:06:09", "elapsed": 1097.0149402618408, "delta": 28.41575312614441}, "costs": {"total_cost": 1372.6337880983951, "time_cost": 150, "final_distance_cost": 57.82459612142098, "oscillation_cost": 372.76240768664917, "completition_cost": 666.6666666666667, "overshoot_cost": 51.50247104123349, "power_cost": 41.29348679199219, "noise_cost": 32.58415979043253, "n_waypoints_completed": 3, "tot_waypoints": 9}}
{"target": -811.9686691560431, "params": {"k_pid_pos": [1.5725162271247541, 0.5843967633791554, 0.5444293449878427], "k_pid_alt": [1.6365891496682652, 1.0, 0.7613206026010687], "k_pid_att": [26.38463928210947, 2.0319895886191754, 0.3408388086354959], "k_pid_yaw": [0.5, 1e-06, 0.1], "k_pid_hsp": [1.5790864196052834, 0.5787056851813841, 0.5770346268696873], "k_pid_vsp": [195.05226091858245, 362.65008457233336, 152.10009504370916]}, "datetime": {"datetime": "2025-08-13 10:06:37", "elapsed": 1125.0173540115356, "delta": 28.002413749694824}, "costs": {"total_cost": 811.9686691560431, "time_cost": 150, "final_distance_cost": 65.80142476141721, "oscillation_cost": 232.04000727404554, "completition_cost": 222.2222222222222, "overshoot_cost": 68.06787618553511, "power_cost": 40.721959765625, "noise_cost": 33.115178947198, "n_waypoints_completed": 7, "tot_waypoints": 9}}
{"target": -473.0644587162536, "params": {"k_pid_pos": [1.7515504773295507, 0.6395377508237092, 0.6654999723727238], "k_pid_alt": [1.2612749107320764, 0.5567581331479775, 0.8242631998256084], "k_pid_att": [40.52230539500683, 0.0001, 0.8567874562018721], "k_pid_yaw": [0.5, 1e-06, 0.1], "k_pid_hsp": [4.600878192808675, 0.8651006913449374, 0.31897206635897946], "k_pid_vsp": [72.22024196342025, 400.0, 67.97573603757901]}, "datetime": {"datetime": "2025-08-13 10:06:58", "elapsed": 1146.1889009475708, "delta": 21.171546936035156}, "costs": {"total_cost": 473.0644587162536, "time_cost": 89.089, "final_distance_cost": 1.7736372657149055, "oscillation_cost": 281.4363465432032, "completition_cost": 0.0, "overshoot_cost": 54.02795033113256, "power_cost": 24.467170959472657, "noise_cost": 22.27035361673035, "n_waypoints_completed": 9, "tot_waypoints": 9}}
{"target": -10219.669616469346, "params": {"k_pid_pos": [0.3462890326113794, 0.3055874873189149, 0.28450387358003454], "k_pid_alt": [2.0, 0.09781493181145008, 0.4236612478738169], "k_pid_att": [0.0, 2.1465990426232864, 0.44776621069130207], "k_pid_yaw": [0.5, 1e-06, 0.1], "k_pid_hsp": [0.0001, 0.856782192598421, 0.0], "k_pid_vsp": [240.59477159551798, 39.283279426949605, 120.89290268973387]}, "datetime": {"datetime": "2025-08-13 10:07:26", "elapsed": 1174.2990143299103, "delta": 28.110113382339478}, "costs": {"total_cost": 10219.669616469346, "time_cost": 150, "final_distance_cost": 3398.2773071317993, "oscillation_cost": 1804.1497527500367, "completition_cost": 1000.0, "overshoot_cost": 3647.258802063104, "power_cost": 58.927181481933594, "noise_cost": 161.0565730424734, "n_waypoints_completed": 0, "tot_waypoints": 9}}
{"target": -568.9456930855974, "params": {"k_pid_pos": [2.0, 0.0, 0.3574705999373899], "k_pid_alt": [0.6455868949370499, 0.1508114519256427, 0.9678222285275536], "k_pid_att": [37.81616175589063, 0.3972884442765398, 0.5169917715507943], "k_pid_yaw": [0.5, 1e-06, 0.1], "k_pid_hsp": [1.1491004467083104, 0.07164637600094237, 0.38403382431940813], "k_pid_vsp": [176.2409247013741, 342.9071350492563, 140.8517767784549]}, "datetime": {"datetime": "2025-08-13 10:07:50", "elapsed": 1198.6177322864532, "delta": 24.31871795654297}, "costs": {"total_cost": 568.9456930855974, "time_cost": 102.998, "final_distance_cost": 1.7948160448062564, "oscillation_cost": 347.94605790367007, "completition_cost": 0.0, "overshoot_cost": 55.57870204697812, "power_cost": 33.912893188476566, "noise_cost": 26.715223901666395, "n_waypoints_completed": 9, "tot_waypoints": 9}}
{"target": -467.8134808012545, "params": {"k_pid_pos": [1.6709687226949566, 0.0, 0.48971326158707623], "k_pid_alt": [1.727321168677512, 0.6253150207152194, 0.07450595880558446], "k_pid_att": [51.515277028788525, 1.577680666762127, 0.2998236137501083], "k_pid_yaw": [0.5, 1e-06, 0.1], "k_pid_hsp": [2.731757516019749, 0.22925791793589823, 0.23921573242169483], "k_pid_vsp": [126.18403457271991, 330.8316866520341, 45.184077003630854]}, "datetime": {"datetime": "2025-08-13 10:08:10", "elapsed": 1218.075107574463, "delta": 19.457375288009644}, "costs": {"total_cost": 467.8134808012545, "time_cost": 81.683, "final_distance_cost": 1.7545207648232197, "oscillation_cost": 285.181974020382, "completition_cost": 0.0, "overshoot_cost": 52.273221937774096, "power_cost": 26.140005419921877, "noise_cost": 20.780758658353285, "n_waypoints_completed": 9, "tot_waypoints": 9}}
{"target": -806.9253222544248, "params": {"k_pid_pos": [1.5561902724890018, 0.7204909601503564, 0.0], "k_pid_alt": [1.8475293785283935, 0.3537115324311271, 0.907249182415032], "k_pid_att": [76.33626843277055, 0.0001, 0.9687449554989839], "k_pid_yaw": [0.5, 1e-06, 0.1], "k_pid_hsp": [0.0001, 0.43919378815896276, 0.09674440322502546], "k_pid_vsp": [253.65276113622176, 1e-06, 42.85699356588333]}, "datetime": {"datetime": "2025-08-13 10:08:39", "elapsed": 1247.0736784934998, "delta": 28.998570919036865}, "costs": {"total_cost": 806.9253222544248, "time_cost": 150, "final_distance_cost": 79.76925041102005, "oscillation_cost": 101.21502791616628, "completition_cost": 333.33333333333337, "overshoot_cost": 81.38805337279283, "power_cost": 32.29390815429688, "noise_cost": 28.9257490668155, "n_waypoints_completed": 6, "tot_waypoints": 9}}
{"target": -1168.0816609339731, "params": {"k_pid_pos": [0.5104241740006071, 0.6691149731406038, 0.44089078362255973], "k_pid_alt": [0.2217581867091797, 0.0, 1.0], "k_pid_att": [20.267931322424786, 0.0001, 0.7462888355454605], "k_pid_yaw": [0.5, 1e-06, 0.1], "k_pid_hsp": [2.2073811258765463, 0.22081051532000184, 0.1571783336282204], "k_pid_vsp": [341.30990277254335, 41.405369106655144, 1e-06]}, "datetime": {"datetime": "2025-08-13 10:09:08", "elapsed": 1276.1271283626556, "delta": 29.053449869155884}, "costs": {"total_cost": 1168.0816609339731, "time_cost": 150, "final_distance_cost": 44.145651094859666, "oscillation_cost": 309.50102867818066, "completition_cost": 555.5555555555555, "overshoot_cost": 45.75401623871779, "power_cost": 30.61007138671875, "noise_cost": 32.51533797994063, "n_waypoints_completed": 4, "tot_waypoints": 9}}
{"target": -761.6972081988997, "params": {"k_pid_pos": [0.9407096677362589, 0.927576528690934, 0.0], "k_pid_alt": [1.0539639662376523, 0.08118841112085469, 0.8683655102343427], "k_pid_att": [27.47182967864593, 8.670176730739657, 1.0], "k_pid_yaw": [0.5, 1e-06, 0.1], "k_pid_hsp": [3.2140269933757355, 0.0, 0.027228736131063396], "k_pid_vsp": [152.11322383698405, 300.43080151298165, 65.217443285234]}, "datetime": {"datetime": "2025-08-13 10:09:36", "elapsed": 1304.5712385177612, "delta": 28.44411015510559}, "costs": {"total_cost": 761.6972081988997, "time_cost": 150, "final_distance_cost": 71.53783729847535, "oscillation_cost": 90.81073652437026, "completition_cost": 333.33333333333337, "overshoot_cost": 54.684369051090165, "power_cost": 32.62633894042969, "noise_cost": 28.704593051200895, "n_waypoints_completed": 6, "tot_waypoints": 9}}
{"target": -439.34152907341127, "params": {"k_pid_pos": [1.6879335752029465, 0.7528680315482753, 0.22107830663707792], "k_pid_alt": [0.707573602934389, 0.5718689076171923, 1.0], "k_pid_att": [59.309127012489135, 0.23252394080615044, 0.927008023698503], "k_pid_yaw": [0.5, 1e-06, 0.1], "k_pid_hsp": [2.100665171652127, 0.0, 0.0], "k_pid_vsp": [82.60309428806798, 363.09265741108766, 85.62857021676847]}, "datetime": {"datetime": "2025-08-13 10:10:06", "elapsed": 1334.1066582202911, "delta": 29.535419702529907}, "costs": {"total_cost": 439.34152907341127, "time_cost": 150, "final_distance_cost": 3.3117687182367783, "oscillation_cost": 60.65875366726155, "completition_cost": 111.11111111111116, "overshoot_cost": 60.30169535772109, "power_cost": 27.00154461669922, "noise_cost": 26.95665560238148, "n_waypoints_completed": 8, "tot_waypoints": 9}}
{"target": -1398.8955865639834, "params": {"k_pid_pos": [0.013064161638022523, 0.5297969287326367, 0.3921234280034218], "k_pid_alt": [0.0, 1.0, 1.0], "k_pid_att": [27.375623998038577, 1.9181454848345059, 1.0], "k_pid_yaw": [0.5, 1e-06, 0.1], "k_pid_hsp": [1.0281892539180426, 0.33398587256367707, 0.10472136693750429], "k_pid_vsp": [222.43799620550044, 173.28747586452047, 79.48250233331414]}, "datetime": {"datetime": "2025-08-13 10:10:34", "elapsed": 1362.1645579338074, "delta": 28.057899713516235}, "costs": {"total_cost": 1398.8955865639834, "time_cost": 150, "final_distance_cost": 55.04305357402659, "oscillation_cost": 91.11003069209976, "completition_cost": 1000.0, "overshoot_cost": 40.80261028293613, "power_cost": 33.81056907958985, "noise_cost": 28.129322935331274, "n_waypoints_completed": 0, "tot_waypoints": 9}}
{"target": -348.51543517490785, "params": {"k_pid_pos": [1.9896212697406217, 0.551135134397215, 0.3439009712159195], "k_pid_alt": [1.385933749546295, 0.3059527982071055, 0.2522079702775894], "k_pid_att": [22.333402335562358, 5.4878901081843905, 1.0], "k_pid_yaw": [0.5, 1e-06, 0.1], "k_pid_hsp": [9.449004190075433, 0.08419184444178167, 0.0462182456937735], "k_pid_vsp": [194.85079111735533, 39.483132033278935, 147.2615249428286]}, "datetime": {"datetime": "2025-08-13 10:11:07", "elapsed": 1395.7074856758118, "delta": 33.542927742004395}, "costs": {"total_cost": 348.51543517490785, "time_cost": 113.372, "final_distance_cost": 1.771519814189893, "oscillation_cost": 108.35512976625823, "completition_cost": 0.0, "overshoot_cost": 67.5782855916287, "power_cost": 30.143808007812503, "noise_cost": 27.294691995018603, "n_waypoints_completed": 9, "tot_waypoints": 9}}
