{"target": -177.05215130891702, "params": {"k_pid_pos": [1.019854412293176, 0.03676374963864215, 0.2724615848282775], "k_pid_alt": [1.6362877209103044, 0.0, 0.03194036098224654], "k_pid_att": [8.595222153807294, 3.751526604831875, 0.5655452251623383], "k_pid_yaw": [0.5, 1e-06, 0.1], "k_pid_hsp": [0.23682913970828423, 0.013366255023317246, 0.0], "k_pid_vsp": [250.01097608128066, 99.54467999600031, 0.18364622534208755]}, "datetime": {"datetime": "2025-08-13 21:47:37", "elapsed": 43185.588093042374, "delta": 16.592437744140625}, "costs": {"total_cost": 177.05215130891702, "time_cost": 69.09, "final_distance_cost": 1.83905356440813, "oscillation_cost": 28.428244841255253, "completition_cost": 0.0, "overshoot_cost": 50.055541270998376, "power_cost": 8.736377416992188, "noise_cost": 18.90293421526308, "n_waypoints_completed": 9, "tot_waypoints": 9}}
{"target": -189.6378013794259, "params": {"k_pid_pos": [0.8652425436742847, 0.05699927989610828, 0.2519931493594865], "k_pid_alt": [1.2081647077177564, 0.0, 0.030725029494643768], "k_pid_att": [10.12190453564279, 3.7395739411056357, 0.6796577710186481], "k_pid_yaw": [0.5, 1e-06, 0.1], "k_pid_hsp": [0.20808581743116172, 0.013713513635975401, 0.0], "k_pid_vsp": [239.31046604702578, 99.73929364454837, 0.1700787244254879]}, "datetime": {"datetime": "2025-08-13 21:47:54", "elapsed": 43202.78998327255, "delta": 17.201890230178833}, "costs": {"total_cost": 189.6378013794259, "time_cost": 70.924, "final_distance_cost": 1.837951950674905, "oscillation_cost": 27.102401679550972, "completition_cost": 0.0, "overshoot_cost": 50.713174806811224, "power_cost": 17.01507059326172, "noise_cost": 22.045202349127077, "n_waypoints_completed": 9, "tot_waypoints": 9}}
{"target": -189.98374608892456, "params": {"k_pid_pos": [0.9004223294992855, 0.058015915905103965, 0.2541907698529215], "k_pid_alt": [1.3574054873264256, 0.0, 0.02061415673073848], "k_pid_att": [9.423208381988244, 3.773183476664675, 0.4992175812985506], "k_pid_yaw": [0.5, 1e-06, 0.1], "k_pid_hsp": [0.2005980346228972, 0.0156663720756535, 0.0], "k_pid_vsp": [296.99351938302624, 124.35179729948662, 0.18866601689529383]}, "datetime": {"datetime": "2025-08-13 21:48:12", "elapsed": 43220.549673080444, "delta": 17.759689807891846}, "costs": {"total_cost": 189.98374608892456, "time_cost": 70.098, "final_distance_cost": 1.8348384801185922, "oscillation_cost": 27.683739216392397, "completition_cost": 0.0, "overshoot_cost": 50.31219510985262, "power_cost": 17.827179138183595, "noise_cost": 22.227794144377356, "n_waypoints_completed": 9, "tot_waypoints": 9}}
{"target": -184.39095262723163, "params": {"k_pid_pos": [0.7630103916043639, 0.06246104130090293, 0.266800217826618], "k_pid_alt": [1.2569178497397466, 0.0, 0.020845525318265678], "k_pid_att": [10.95750774726217, 4.491638694429849, 0.6264656553772806], "k_pid_yaw": [0.5, 1e-06, 0.1], "k_pid_hsp": [0.16289423210234735, 0.014885366017438157, 0.0], "k_pid_vsp": [292.3479506159752, 118.06375214653907, 0.1380864767899372]}, "datetime": {"datetime": "2025-08-13 21:48:29", "elapsed": 43237.770936727524, "delta": 17.221263647079468}, "costs": {"total_cost": 184.39095262723163, "time_cost": 72.072, "final_distance_cost": 1.8371198898495606, "oscillation_cost": 26.173642613930724, "completition_cost": 0.0, "overshoot_cost": 50.67622887579301, "power_cost": 12.578348828125, "noise_cost": 21.053612419533312, "n_waypoints_completed": 9, "tot_waypoints": 9}}
{"target": -182.954722216036, "params": {"k_pid_pos": [0.9581579856520444, 0.04171252567050585, 0.3441531336690946], "k_pid_alt": [1.1153052475018652, 0.0, 0.020662456799753], "k_pid_att": [10.461910158838208, 3.5874468760442006, 0.5804605949111181], "k_pid_yaw": [0.5, 1e-06, 0.1], "k_pid_hsp": [0.2329139655878525, 0.017402632601186362, 0.0], "k_pid_vsp": [287.5352784908826, 134.97765059593573, 0.17936016952111158]}, "datetime": {"datetime": "2025-08-13 21:48:48", "elapsed": 43256.418929576874, "delta": 18.647992849349976}, "costs": {"total_cost": 182.954722216036, "time_cost": 71.043, "final_distance_cost": 1.8370434155307795, "oscillation_cost": 27.717812827447634, "completition_cost": 0.0, "overshoot_cost": 49.987927330982565, "power_cost": 11.84914384765625, "noise_cost": 20.51979479441877, "n_waypoints_completed": 9, "tot_waypoints": 9}}
{"target": -192.78821081563493, "params": {"k_pid_pos": [0.8392624106647079, 0.07083184578874424, 0.31100668934537107], "k_pid_alt": [1.691575163961024, 0.0, 0.02101702769303511], "k_pid_att": [13.201267041495285, 3.5177857320976664, 0.4373728484047909], "k_pid_yaw": [0.5, 1e-06, 0.1], "k_pid_hsp": [0.19867163350411812, 0.017049770037965543, 0.0], "k_pid_vsp": [251.4724491178415, 112.39418066829349, 0.17352765677836182]}, "datetime": {"datetime": "2025-08-13 21:49:06", "elapsed": 43274.20910739899, "delta": 17.790177822113037}, "costs": {"total_cost": 192.78821081563493, "time_cost": 71.729, "final_distance_cost": 1.8481708216600208, "oscillation_cost": 26.735783457058, "completition_cost": 0.0, "overshoot_cost": 50.86745753758473, "power_cost": 18.80143570556641, "noise_cost": 22.80636329376576, "n_waypoints_completed": 9, "tot_waypoints": 9}}
{"target": -194.52719475949627, "params": {"k_pid_pos": [1.0855954315897804, 0.06002597631969004, 0.2630269424088075], "k_pid_alt": [1.4944334843740747, 0.0, 0.02579339354320002], "k_pid_att": [9.216567569282573, 4.071268835442547, 0.7049547278139906], "k_pid_yaw": [0.5, 1e-06, 0.1], "k_pid_hsp": [0.22528300275500124, 0.017372827685905885, 0.0], "k_pid_vsp": [304.57528074006314, 119.44680829655886, 0.18094359164364185]}, "datetime": {"datetime": "2025-08-13 21:49:22", "elapsed": 43290.729910612106, "delta": 16.520803213119507}, "costs": {"total_cost": 194.52719475949627, "time_cost": 70.14, "final_distance_cost": 1.8365118283837256, "oscillation_cost": 29.933296884889835, "completition_cost": 0.0, "overshoot_cost": 51.059093378321684, "power_cost": 19.555165844726563, "noise_cost": 22.00312682317448, "n_waypoints_completed": 9, "tot_waypoints": 9}}
{"target": -183.7593488147032, "params": {"k_pid_pos": [0.7807290480970699, 0.057765456612986876, 0.2365484250467379], "k_pid_alt": [1.548155960724004, 0.0, 0.020779016551881416], "k_pid_att": [11.4407850812433, 3.912182085232692, 0.5745952216841479], "k_pid_yaw": [0.5, 1e-06, 0.1], "k_pid_hsp": [0.20848432089750293, 0.016481195211010217, 0.0], "k_pid_vsp": [247.14339812148168, 106.62008018265851, 0.16861335043499528]}, "datetime": {"datetime": "2025-08-13 21:49:41", "elapsed": 43309.22140431404, "delta": 18.491493701934814}, "costs": {"total_cost": 183.7593488147032, "time_cost": 71.456, "final_distance_cost": 1.836982579983068, "oscillation_cost": 26.965194007585243, "completition_cost": 0.0, "overshoot_cost": 50.02920786289681, "power_cost": 12.359268969726562, "noise_cost": 21.112695394511487, "n_waypoints_completed": 9, "tot_waypoints": 9}}
{"target": -183.85838178352014, "params": {"k_pid_pos": [0.952805798101406, 0.04525501881834271, 0.31069814442830906], "k_pid_alt": [1.383627277238834, 0.0, 0.026871348016526384], "k_pid_att": [9.342944352815783, 4.281158510693786, 0.5904055126353089], "k_pid_yaw": [0.5, 1e-06, 0.1], "k_pid_hsp": [0.21064700148204465, 0.013697252367041347, 0.0], "k_pid_vsp": [249.2146826821323, 113.61416335652108, 0.15091553486897347]}, "datetime": {"datetime": "2025-08-13 21:49:58", "elapsed": 43326.73795700073, "delta": 17.516552686691284}, "costs": {"total_cost": 183.85838178352014, "time_cost": 70.119, "final_distance_cost": 1.8450049734659275, "oscillation_cost": 27.87071099850837, "completition_cost": 0.0, "overshoot_cost": 50.51535298560987, "power_cost": 12.993659033203125, "noise_cost": 20.514653792732854, "n_waypoints_completed": 9, "tot_waypoints": 9}}
{"target": -184.43534336608695, "params": {"k_pid_pos": [1.0752217960735777, 0.0535377752032963, 0.2214211692048471], "k_pid_alt": [1.0884455373604898, 0.0, 0.025900277710634512], "k_pid_att": [8.423686908043221, 3.7897294354100204, 0.6924983174624066], "k_pid_yaw": [0.5, 1e-06, 0.1], "k_pid_hsp": [0.21050233139802219, 0.015628978947907612, 0.0], "k_pid_vsp": [329.8982689831666, 149.11609054082984, 0.1369913359098011]}, "datetime": {"datetime": "2025-08-13 21:50:15", "elapsed": 43343.16000127792, "delta": 16.422044277191162}, "costs": {"total_cost": 184.43534336608695, "time_cost": 69.405, "final_distance_cost": 1.837449122038439, "oscillation_cost": 29.751685911104264, "completition_cost": 0.0, "overshoot_cost": 49.89709586492204, "power_cost": 13.269390478515625, "noise_cost": 20.274721989506602, "n_waypoints_completed": 9, "tot_waypoints": 9}}
{"target": -190.406895924766, "params": {"k_pid_pos": [0.6875122629373719, 0.051459693006222745, 0.289225546511765], "k_pid_alt": [1.294763460984767, 0.0, 0.030242317759521426], "k_pid_att": [10.822893615278934, 3.093375078965845, 0.5682272297329883], "k_pid_yaw": [0.5, 1e-06, 0.1], "k_pid_hsp": [0.17722704898109687, 0.01327621600590534, 0.0], "k_pid_vsp": [217.59916929695487, 135.14118581115733, 0.19930112891282978]}, "datetime": {"datetime": "2025-08-13 21:50:33", "elapsed": 43361.58124780655, "delta": 18.42124652862549}, "costs": {"total_cost": 190.406895924766, "time_cost": 74.263, "final_distance_cost": 1.8506523353436524, "oscillation_cost": 25.813658172724622, "completition_cost": 0.0, "overshoot_cost": 50.476791447694175, "power_cost": 15.265327905273438, "noise_cost": 22.737466063730096, "n_waypoints_completed": 9, "tot_waypoints": 9}}
{"target": -186.6627992585709, "params": {"k_pid_pos": [0.8480065788641866, 0.05959741764849843, 0.3149332637394217], "k_pid_alt": [1.4526768092036686, 0.0, 0.03309053215449772], "k_pid_att": [8.096882518929647, 3.960221072698751, 0.6077914123747513], "k_pid_yaw": [0.5, 1e-06, 0.1], "k_pid_hsp": [0.213702857468423, 0.014124451077599867, 0.0], "k_pid_vsp": [306.59694465403976, 116.89418432921421, 0.16757530689594935]}, "datetime": {"datetime": "2025-08-13 21:50:50", "elapsed": 43378.60376429558, "delta": 17.02251648902893}, "costs": {"total_cost": 186.6627992585709, "time_cost": 71.729, "final_distance_cost": 1.8359422501070566, "oscillation_cost": 27.448077961353015, "completition_cost": 0.0, "overshoot_cost": 50.48854672869142, "power_cost": 13.759596813964844, "noise_cost": 21.401635504454628, "n_waypoints_completed": 9, "tot_waypoints": 9}}
{"target": -181.7383255626862, "params": {"k_pid_pos": [0.9999045061387659, 0.05906392916161641, 0.2979102445018599], "k_pid_alt": [1.174852247725913, 0.0, 0.026120256868341265], "k_pid_att": [10.29486315003618, 3.4761770506114757, 0.5685487874934441], "k_pid_yaw": [0.5, 1e-06, 0.1], "k_pid_hsp": [0.09412193993053775, 0.013465603702501003, 0.0], "k_pid_vsp": [357.08747067221066, 88.52982644259218, 0.16303628425986127]}, "datetime": {"datetime": "2025-08-13 21:51:08", "elapsed": 43396.27045941353, "delta": 17.66669511795044}, "costs": {"total_cost": 181.7383255626862, "time_cost": 71.61, "final_distance_cost": 1.8101834342902479, "oscillation_cost": 26.722033774000028, "completition_cost": 0.0, "overshoot_cost": 50.64395928435097, "power_cost": 10.926614025878907, "noise_cost": 20.02553504416609, "n_waypoints_completed": 9, "tot_waypoints": 9}}
{"target": -185.93869826289426, "params": {"k_pid_pos": [0.9341311956890119, 0.05574244499653266, 0.3215394473627797], "k_pid_alt": [1.3191269823788592, 0.0, 0.015607760082836876], "k_pid_att": [8.99697285107043, 4.887876955751621, 0.6343336058381163], "k_pid_yaw": [0.5, 1e-06, 0.1], "k_pid_hsp": [0.22817645422190846, 0.014100135489656428, 0.0], "k_pid_vsp": [345.80642925141495, 122.2132450891487, 0.11385053060587542]}, "datetime": {"datetime": "2025-08-13 21:51:26", "elapsed": 43414.01785111427, "delta": 17.74739170074463}, "costs": {"total_cost": 185.93869826289426, "time_cost": 70.651, "final_distance_cost": 1.8334070844830472, "oscillation_cost": 27.271360936634306, "completition_cost": 0.0, "overshoot_cost": 50.34828575334251, "power_cost": 14.520849560546875, "noise_cost": 21.313794927887518, "n_waypoints_completed": 9, "tot_waypoints": 9}}
{"target": -190.86741908477785, "params": {"k_pid_pos": [0.8217938010384768, 0.04104615062170347, 0.34595174487645014], "k_pid_alt": [1.6651876841492967, 0.0, 0.02656033623979247], "k_pid_att": [10.918227326569193, 5.454077962693968, 0.6173419925795232], "k_pid_yaw": [0.5, 1e-06, 0.1], "k_pid_hsp": [0.2087091644594601, 0.016567981966081037, 0.0], "k_pid_vsp": [302.33167686232605, 137.72233887426285, 0.1695125201804212]}, "datetime": {"datetime": "2025-08-13 21:51:43", "elapsed": 43431.718031167984, "delta": 17.700180053710938}, "costs": {"total_cost": 190.86741908477785, "time_cost": 72.534, "final_distance_cost": 1.845269816772337, "oscillation_cost": 27.049439683540328, "completition_cost": 0.0, "overshoot_cost": 50.8434372813651, "power_cost": 16.157126989746093, "noise_cost": 22.438145313353992, "n_waypoints_completed": 9, "tot_waypoints": 9}}
{"target": -179.86306952695963, "params": {"k_pid_pos": [0.9345346667546263, 0.06775459129285243, 0.2704509705664641], "k_pid_alt": [1.611392128029812, 0.0, 0.026747125326639445], "k_pid_att": [11.528597504535286, 3.5744138278160196, 0.663891812882628], "k_pid_yaw": [0.5, 1e-06, 0.1], "k_pid_hsp": [0.20309520873350465, 0.013511699228847618, 0.0], "k_pid_vsp": [242.16928798675607, 120.19129542551336, 0.15185573097291158]}, "datetime": {"datetime": "2025-08-13 21:52:01", "elapsed": 43449.48195934296, "delta": 17.763928174972534}, "costs": {"total_cost": 179.86306952695963, "time_cost": 69.629, "final_distance_cost": 1.8382246920464844, "oscillation_cost": 27.230394753573112, "completition_cost": 0.0, "overshoot_cost": 50.132930564173634, "power_cost": 11.168449865722657, "noise_cost": 19.864069651443756, "n_waypoints_completed": 9, "tot_waypoints": 9}}
{"target": -195.2321561791259, "params": {"k_pid_pos": [0.9360566660600487, 0.05408472450812379, 0.32519757001520744], "k_pid_alt": [1.3871237588268903, 0.0, 0.024606303692906905], "k_pid_att": [11.643649535453013, 3.630320640492025, 0.6344471689971524], "k_pid_yaw": [0.5, 1e-06, 0.1], "k_pid_hsp": [0.22290053382810804, 0.014423004940372283, 0.0], "k_pid_vsp": [297.44603573808223, 125.89905973473414, 0.17227970240719614]}, "datetime": {"datetime": "2025-08-13 21:52:19", "elapsed": 43467.07879281044, "delta": 17.59683346748352}, "costs": {"total_cost": 195.2321561791259, "time_cost": 71.862, "final_distance_cost": 1.836364318766746, "oscillation_cost": 27.486964228426316, "completition_cost": 0.0, "overshoot_cost": 51.13364358874985, "power_cost": 20.155465783691408, "noise_cost": 22.757718259491615, "n_waypoints_completed": 9, "tot_waypoints": 9}}
{"target": -182.82662343854452, "params": {"k_pid_pos": [0.8782068500073015, 0.05507345385628435, 0.29548356281150195], "k_pid_alt": [1.5158752868649643, 0.0, 0.021517949770004458], "k_pid_att": [11.83168729028523, 4.6761413952855255, 0.5523193866299475], "k_pid_yaw": [0.5, 1e-06, 0.1], "k_pid_hsp": [0.2075922692229543, 0.01731601094105533, 0.0], "k_pid_vsp": [263.06555263539076, 122.68692880647052, 0.1619389227967745]}, "datetime": {"datetime": "2025-08-13 21:52:36", "elapsed": 43484.006673812866, "delta": 16.927881002426147}, "costs": {"total_cost": 182.82662343854452, "time_cost": 70.609, "final_distance_cost": 1.8449749873148444, "oscillation_cost": 26.38655710504558, "completition_cost": 0.0, "overshoot_cost": 50.093886450360955, "power_cost": 12.998478442382813, "noise_cost": 20.89372645344033, "n_waypoints_completed": 9, "tot_waypoints": 9}}
{"target": -181.00292004216135, "params": {"k_pid_pos": [0.9987294889845405, 0.04843832692087918, 0.2972268379213397], "k_pid_alt": [1.2982497331043195, 0.0, 0.025130893858434502], "k_pid_att": [9.962066966327743, 3.908176062051935, 0.5100672302612864], "k_pid_yaw": [0.5, 1e-06, 0.1], "k_pid_hsp": [0.1884551771534865, 0.015539697687637466, 0.0], "k_pid_vsp": [296.20666964224415, 117.61784013146872, 0.1841937819936179]}, "datetime": {"datetime": "2025-08-13 21:52:52", "elapsed": 43500.68465042114, "delta": 16.677976608276367}, "costs": {"total_cost": 181.00292004216135, "time_cost": 69.566, "final_distance_cost": 1.8420889832501914, "oscillation_cost": 28.090188912322752, "completition_cost": 0.0, "overshoot_cost": 49.81992458547981, "power_cost": 11.644869262695313, "noise_cost": 20.039848298413254, "n_waypoints_completed": 9, "tot_waypoints": 9}}
{"target": -191.18998135887398, "params": {"k_pid_pos": [0.7831857069149696, 0.06070277598667759, 0.24293283865008844], "k_pid_alt": [1.0354973355510717, 0.0, 0.02409844743308993], "k_pid_att": [10.58549141594245, 4.1401946540455095, 0.7012388245170755], "k_pid_yaw": [0.5, 1e-06, 0.1], "k_pid_hsp": [0.2360977172182989, 0.014886958524732104, 0.0], "k_pid_vsp": [293.73485184243754, 110.35363200942476, 0.16148195223143133]}, "datetime": {"datetime": "2025-08-13 21:53:11", "elapsed": 43519.2038731575, "delta": 18.519222736358643}, "costs": {"total_cost": 191.18998135887398, "time_cost": 73.353, "final_distance_cost": 1.847813455661171, "oscillation_cost": 27.291964735085706, "completition_cost": 0.0, "overshoot_cost": 50.28695015111565, "power_cost": 15.898338415527345, "noise_cost": 22.511914601484143, "n_waypoints_completed": 9, "tot_waypoints": 9}}
{"target": -183.48565414930937, "params": {"k_pid_pos": [0.920373958042367, 0.057030571073021064, 0.3151112675960773], "k_pid_alt": [1.5131704888955742, 0.0, 0.027130026648450777], "k_pid_att": [9.892363866395607, 3.8365919224200145, 0.5176202734908433], "k_pid_yaw": [0.5, 1e-06, 0.1], "k_pid_hsp": [0.17911080733043871, 0.013505419178145262, 0.0], "k_pid_vsp": [334.5851868025354, 125.02168954311644, 0.15255145216383584]}, "datetime": {"datetime": "2025-08-13 21:53:28", "elapsed": 43536.468418598175, "delta": 17.264545440673828}, "costs": {"total_cost": 183.48565414930937, "time_cost": 70.154, "final_distance_cost": 1.8302498816644954, "oscillation_cost": 26.934822723651084, "completition_cost": 0.0, "overshoot_cost": 50.40196362644458, "power_cost": 13.353404235839845, "noise_cost": 20.811213681709386, "n_waypoints_completed": 9, "tot_waypoints": 9}}
{"target": -194.89832237340536, "params": {"k_pid_pos": [0.7281172697147209, 0.0493466528991869, 0.2801298557197067], "k_pid_alt": [1.472991235682214, 0.0, 0.027999632432546367], "k_pid_att": [11.118622845082271, 4.312511024791089, 0.7222878290294005], "k_pid_yaw": [0.5, 1e-06, 0.1], "k_pid_hsp": [0.20631796099991054, 0.01582439387322755, 0.0], "k_pid_vsp": [281.00853045624666, 115.52657495093467, 0.1584435472369308]}, "datetime": {"datetime": "2025-08-13 21:53:48", "elapsed": 43556.38167834282, "delta": 19.913259744644165}, "costs": {"total_cost": 194.89832237340536, "time_cost": 73.59100000000001, "final_distance_cost": 1.84998334147474, "oscillation_cost": 26.58915900225228, "completition_cost": 0.0, "overshoot_cost": 50.86503797491113, "power_cost": 18.602422009277344, "noise_cost": 23.400720045489873, "n_waypoints_completed": 9, "tot_waypoints": 9}}
{"target": -185.3593439733551, "params": {"k_pid_pos": [1.0841092131672754, 0.056993586209192086, 0.23230862880093292], "k_pid_alt": [1.2900127133575865, 0.0, 0.027645586451302606], "k_pid_att": [9.759323216021636, 4.627607086437763, 0.6149644123014784], "k_pid_yaw": [0.5, 1e-06, 0.1], "k_pid_hsp": [0.18048946561034374, 0.013345020419167379, 0.0], "k_pid_vsp": [312.1311673442404, 96.96508770755445, 0.15440617320917957]}, "datetime": {"datetime": "2025-08-13 21:54:04", "elapsed": 43572.81376051903, "delta": 16.432082176208496}, "costs": {"total_cost": 185.3593439733551, "time_cost": 69.272, "final_distance_cost": 1.812397744050446, "oscillation_cost": 29.197581784994153, "completition_cost": 0.0, "overshoot_cost": 50.117690884833, "power_cost": 14.363848986816407, "noise_cost": 20.595824572661098, "n_waypoints_completed": 9, "tot_waypoints": 9}}
{"target": -189.55778425753252, "params": {"k_pid_pos": [1.1188665427508344, 0.055956117028244275, 0.2556187996985018], "k_pid_alt": [1.3492012298876752, 0.0, 0.02224674166480822], "k_pid_att": [8.923791836050578, 4.296374859890201, 0.6122601871371128], "k_pid_yaw": [0.5, 1e-06, 0.1], "k_pid_hsp": [0.20384166103381365, 0.01652648807365162, 0.0], "k_pid_vsp": [292.9046047536188, 110.15491968391787, 0.15702961053986222]}, "datetime": {"datetime": "2025-08-13 21:54:22", "elapsed": 43590.14749503136, "delta": 17.3337345123291}, "costs": {"total_cost": 189.55778425753252, "time_cost": 69.958, "final_distance_cost": 1.8365916917194636, "oscillation_cost": 29.15133312682308, "completition_cost": 0.0, "overshoot_cost": 50.27486881062758, "power_cost": 17.011177416992187, "noise_cost": 21.325813211370207, "n_waypoints_completed": 9, "tot_waypoints": 9}}
{"target": -193.4102210153849, "params": {"k_pid_pos": [0.5899569832752792, 0.05275215225354604, 0.23173910589681856], "k_pid_alt": [1.442404023648627, 0.0, 0.028977636020031967], "k_pid_att": [9.390912441971892, 3.731044615323061, 0.5914574396616753], "k_pid_yaw": [0.5, 1e-06, 0.1], "k_pid_hsp": [0.22768856353566794, 0.014795082502856957, 0.0], "k_pid_vsp": [323.4203051087638, 129.39334462086057, 0.16867778095028094]}, "datetime": {"datetime": "2025-08-13 21:54:40", "elapsed": 43608.609426259995, "delta": 18.461931228637695}, "costs": {"total_cost": 193.4102210153849, "time_cost": 76.496, "final_distance_cost": 1.8543849099719087, "oscillation_cost": 25.522312403881983, "completition_cost": 0.0, "overshoot_cost": 50.879882766430065, "power_cost": 14.971241247558595, "noise_cost": 23.686399687542345, "n_waypoints_completed": 9, "tot_waypoints": 9}}
