{"target": -190.88307976124094, "params": {"k_pid_pos": [0.8379560983446316, 0.047776870280905846, 0.2608370701583152], "k_pid_alt": [1.4376083657808947, 0.0, 0.023450766842278148], "k_pid_att": [8.65206075658967, 3.5072071829113636, 0.6183722969764], "k_pid_yaw": [0.5, 1e-06, 0.1], "k_pid_hsp": [0.23210839722462775, 0.01300589696330634, 0.0], "k_pid_vsp": [249.870776474585, 109.17714290663885, 0.19178624336376915]}, "datetime": {"datetime": "2025-08-13 21:54:58", "elapsed": 43626.596153497696, "delta": 17.986727237701416}, "costs": {"total_cost": 190.88307976124094, "time_cost": 71.652, "final_distance_cost": 1.8420640020351573, "oscillation_cost": 27.167526790933312, "completition_cost": 0.0, "overshoot_cost": 50.3681938001061, "power_cost": 17.521672045898438, "noise_cost": 22.331623122267935, "n_waypoints_completed": 9, "tot_waypoints": 9}}
{"target": -186.10934122200555, "params": {"k_pid_pos": [1.050574969470601, 0.0459594138736619, 0.2440647336851202], "k_pid_alt": [1.2404335097784411, 0.0, 0.02646596050113659], "k_pid_att": [10.002659934328003, 3.4781834319193194, 0.6444232328940295], "k_pid_yaw": [0.5, 1e-06, 0.1], "k_pid_hsp": [0.22448151719654807, 0.016508221980911997, 0.0], "k_pid_vsp": [241.5456039648204, 83.18797134820363, 0.15573562207841216]}, "datetime": {"datetime": "2025-08-13 21:55:16", "elapsed": 43644.26142334938, "delta": 17.66526985168457}, "costs": {"total_cost": 186.10934122200555, "time_cost": 69.524, "final_distance_cost": 1.8429804841503696, "oscillation_cost": 28.723405505124973, "completition_cost": 0.0, "overshoot_cost": 50.30025912205918, "power_cost": 14.819863916015626, "noise_cost": 20.898832194655398, "n_waypoints_completed": 9, "tot_waypoints": 9}}
{"target": -200.28510836601427, "params": {"k_pid_pos": [0.8842855657890588, 0.04037810075472969, 0.3161402054864683], "k_pid_alt": [1.6454368203208702, 0.0, 0.023353052677505176], "k_pid_att": [7.682853737475476, 4.508524710961628, 0.5286228839547076], "k_pid_yaw": [0.5, 1e-06, 0.1], "k_pid_hsp": [0.25582559682057626, 0.016837866810731596, 0.0], "k_pid_vsp": [316.96500940236547, 108.89170396527545, 0.181399186141218]}, "datetime": {"datetime": "2025-08-13 21:55:34", "elapsed": 43662.45955038071, "delta": 18.198127031326294}, "costs": {"total_cost": 200.28510836601427, "time_cost": 74.291, "final_distance_cost": 1.8412256829105833, "oscillation_cost": 28.690040318174944, "completition_cost": 0.0, "overshoot_cost": 52.280694881404344, "power_cost": 19.96966854248047, "noise_cost": 23.212478941043944, "n_waypoints_completed": 9, "tot_waypoints": 9}}
{"target": -190.55287377205394, "params": {"k_pid_pos": [0.7928593560956471, 0.054606996039224344, 0.26042548133648546], "k_pid_alt": [1.5123260087420058, 0.0, 0.032164332724575494], "k_pid_att": [8.61147517809595, 4.17992256213979, 0.6157246081380564], "k_pid_yaw": [0.5, 1e-06, 0.1], "k_pid_hsp": [0.2069559263820289, 0.019122802236405757, 0.0], "k_pid_vsp": [309.6592076024089, 125.40677501934874, 0.1334402562715378]}, "datetime": {"datetime": "2025-08-13 21:55:52", "elapsed": 43680.76363348961, "delta": 18.304083108901978}, "costs": {"total_cost": 190.55287377205394, "time_cost": 71.883, "final_distance_cost": 1.840133459428583, "oscillation_cost": 27.345187893621997, "completition_cost": 0.0, "overshoot_cost": 50.62367494693048, "power_cost": 16.693986791992188, "noise_cost": 22.1668906800807, "n_waypoints_completed": 9, "tot_waypoints": 9}}
{"target": -182.02768909397784, "params": {"k_pid_pos": [0.7345309456980802, 0.0438552331522884, 0.28719251015487807], "k_pid_alt": [1.6765401434107268, 0.0, 0.029300497989926302], "k_pid_att": [9.370424467404437, 3.618695647577366, 0.6415340180159929], "k_pid_yaw": [0.5, 1e-06, 0.1], "k_pid_hsp": [0.17538331615601277, 0.01904912736561328, 0.0], "k_pid_vsp": [306.0585111234513, 109.26215876659059, 0.15488311443910022]}, "datetime": {"datetime": "2025-08-13 21:56:09", "elapsed": 43697.59588122368, "delta": 16.832247734069824}, "costs": {"total_cost": 182.02768909397784, "time_cost": 72.723, "final_distance_cost": 1.8488039633598463, "oscillation_cost": 26.517382833092338, "completition_cost": 0.0, "overshoot_cost": 50.59952469860238, "power_cost": 9.79377625732422, "noise_cost": 20.545201341599036, "n_waypoints_completed": 9, "tot_waypoints": 9}}
{"target": -184.5860685917987, "params": {"k_pid_pos": [0.9937577803065797, 0.038251691363583834, 0.26721363333654585], "k_pid_alt": [1.70065250840395, 0.0, 0.022594385576479355], "k_pid_att": [9.940056582990957, 4.325081979970915, 0.6253509641508606], "k_pid_yaw": [0.5, 1e-06, 0.1], "k_pid_hsp": [0.2380040778188235, 0.016299167324613808, 0.0], "k_pid_vsp": [297.055679542491, 109.66425587482068, 0.16702963320944075]}, "datetime": {"datetime": "2025-08-13 21:56:26", "elapsed": 43714.871155023575, "delta": 17.27527379989624}, "costs": {"total_cost": 184.5860685917987, "time_cost": 69.552, "final_distance_cost": 1.8410953344884227, "oscillation_cost": 28.068312966850584, "completition_cost": 0.0, "overshoot_cost": 50.3413712334339, "power_cost": 13.909808520507813, "noise_cost": 20.873480536517953, "n_waypoints_completed": 9, "tot_waypoints": 9}}
{"target": -186.75890693617782, "params": {"k_pid_pos": [1.1178357901535352, 0.0381331082502138, 0.2823985786390717], "k_pid_alt": [1.6380052535973295, 0.0, 0.019705075576895822], "k_pid_att": [10.163036004765997, 3.9543338160451658, 0.5422682716583797], "k_pid_yaw": [0.5, 1e-06, 0.1], "k_pid_hsp": [0.23994109608682423, 0.013418010123949593, 0.0], "k_pid_vsp": [256.7953753899911, 108.64221378872772, 0.15920411070302798]}, "datetime": {"datetime": "2025-08-13 21:56:43", "elapsed": 43731.46095705032, "delta": 16.589802026748657}, "costs": {"total_cost": 186.75890693617782, "time_cost": 69.72, "final_distance_cost": 1.8429310308058817, "oscillation_cost": 28.799237918791807, "completition_cost": 0.0, "overshoot_cost": 50.4176892230682, "power_cost": 14.961848254394532, "noise_cost": 21.017200509117416, "n_waypoints_completed": 9, "tot_waypoints": 9}}
{"target": -184.81788927210295, "params": {"k_pid_pos": [0.8960699049992665, 0.05502748811732513, 0.3660549556678598], "k_pid_alt": [1.200875470418221, 0.0, 0.028055560211367864], "k_pid_att": [9.34349503116923, 5.072180439895004, 0.5978119199174916], "k_pid_yaw": [0.5, 1e-06, 0.1], "k_pid_hsp": [0.21407906907017873, 0.015131523005766484, 0.0], "k_pid_vsp": [314.3476128243075, 104.54610692078556, 0.20314380985854844]}, "datetime": {"datetime": "2025-08-13 21:57:01", "elapsed": 43749.9156703949, "delta": 18.454713344573975}, "costs": {"total_cost": 184.81788927210295, "time_cost": 72.03, "final_distance_cost": 1.8459540731843884, "oscillation_cost": 27.48817545273934, "completition_cost": 0.0, "overshoot_cost": 50.71674402657789, "power_cost": 11.87740321044922, "noise_cost": 20.859612509152097, "n_waypoints_completed": 9, "tot_waypoints": 9}}
{"target": -189.64924702151214, "params": {"k_pid_pos": [0.9679294785899888, 0.04852062569376109, 0.27204259495079536], "k_pid_alt": [1.3856222112333285, 0.0, 0.02533989326640727], "k_pid_att": [9.95328855811889, 3.8667512727501467, 0.5958016973108928], "k_pid_yaw": [0.5, 1e-06, 0.1], "k_pid_hsp": [0.2280392107450088, 0.018045655927293423, 0.0], "k_pid_vsp": [284.8980504118825, 107.79582957292546, 0.16483177137672494]}, "datetime": {"datetime": "2025-08-13 21:57:18", "elapsed": 43766.613875865936, "delta": 16.69820547103882}, "costs": {"total_cost": 189.64924702151214, "time_cost": 70.441, "final_distance_cost": 1.8456839381573393, "oscillation_cost": 27.955205483720523, "completition_cost": 0.0, "overshoot_cost": 50.550977792241994, "power_cost": 17.026686938476562, "noise_cost": 21.829692868915746, "n_waypoints_completed": 9, "tot_waypoints": 9}}
{"target": -189.99470413751501, "params": {"k_pid_pos": [1.0985511707692643, 0.05470781630041647, 0.29477535865163007], "k_pid_alt": [1.3032208239283887, 0.0, 0.0303999488326069], "k_pid_att": [10.368082609708916, 5.222551663806345, 0.6025908877502203], "k_pid_yaw": [0.5, 1e-06, 0.1], "k_pid_hsp": [0.196764283565112, 0.015633714754866187, 0.0], "k_pid_vsp": [245.07025485458257, 118.20707250694566, 0.17330043174068535]}, "datetime": {"datetime": "2025-08-13 21:57:35", "elapsed": 43783.64346385002, "delta": 17.029587984085083}, "costs": {"total_cost": 189.99470413751501, "time_cost": 69.909, "final_distance_cost": 1.8435465351818259, "oscillation_cost": 28.82315727819069, "completition_cost": 0.0, "overshoot_cost": 50.42775701717514, "power_cost": 17.408734326171874, "noise_cost": 21.582508980795478, "n_waypoints_completed": 9, "tot_waypoints": 9}}
{"target": -194.1442552490364, "params": {"k_pid_pos": [0.9356900678044219, 0.06967286837000557, 0.33546949287127176], "k_pid_alt": [1.2726198732379066, 0.0, 0.024255031872146008], "k_pid_att": [10.851501680144017, 3.9767418901421294, 0.44275712097250314], "k_pid_yaw": [0.5, 1e-06, 0.1], "k_pid_hsp": [0.2699505394182916, 0.01711920450503527, 0.0], "k_pid_vsp": [205.05783114095433, 114.81630181269672, 0.14716318872178674]}, "datetime": {"datetime": "2025-08-13 21:57:52", "elapsed": 43800.68364787102, "delta": 17.040184020996094}, "costs": {"total_cost": 194.1442552490364, "time_cost": 71.778, "final_distance_cost": 1.8486998681045035, "oscillation_cost": 27.731927604719875, "completition_cost": 0.0, "overshoot_cost": 50.88964833111903, "power_cost": 19.18307850341797, "noise_cost": 22.712900941675034, "n_waypoints_completed": 9, "tot_waypoints": 9}}
{"target": -185.77116057544512, "params": {"k_pid_pos": [0.8414124404067573, 0.0448858979679738, 0.24563260697347003], "k_pid_alt": [1.4716256438788349, 0.0, 0.024124614485338546], "k_pid_att": [8.131320856009362, 4.05326373600975, 0.5985411882373582], "k_pid_yaw": [0.5, 1e-06, 0.1], "k_pid_hsp": [0.21761012471919924, 0.011228172170397269, 0.0], "k_pid_vsp": [314.2802735831875, 156.38782401088397, 0.18763232516052367]}, "datetime": {"datetime": "2025-08-13 21:58:10", "elapsed": 43818.74149751663, "delta": 18.057849645614624}, "costs": {"total_cost": 185.77116057544512, "time_cost": 70.931, "final_distance_cost": 1.8484004277017414, "oscillation_cost": 27.163911050264414, "completition_cost": 0.0, "overshoot_cost": 50.25519697255526, "power_cost": 14.217512817382813, "noise_cost": 21.355139307540895, "n_waypoints_completed": 9, "tot_waypoints": 9}}
{"target": -181.6673583282048, "params": {"k_pid_pos": [1.1837517987913435, 0.05998968709672908, 0.306236441502641], "k_pid_alt": [1.234646837610953, 0.0, 0.022136258958312005], "k_pid_att": [9.8571180546003, 4.086953824866733, 0.6596601607574933], "k_pid_yaw": [0.5, 1e-06, 0.1], "k_pid_hsp": [0.2134092482730724, 0.014277890484220809, 0.0], "k_pid_vsp": [284.27720666780806, 113.53638702400508, 0.15692024388602147]}, "datetime": {"datetime": "2025-08-13 21:58:27", "elapsed": 43835.25338745117, "delta": 16.511889934539795}, "costs": {"total_cost": 181.6673583282048, "time_cost": 69.055, "final_distance_cost": 1.8224060168827185, "oscillation_cost": 29.720278968038524, "completition_cost": 0.0, "overshoot_cost": 50.10305664633914, "power_cost": 11.309570239257813, "noise_cost": 19.657046457686597, "n_waypoints_completed": 9, "tot_waypoints": 9}}
{"target": -181.18563602127938, "params": {"k_pid_pos": [0.9208828752603395, 0.05834265566971495, 0.23891218147190996], "k_pid_alt": [1.7197753980621036, 0.0, 0.029210323193468196], "k_pid_att": [10.453726511950105, 3.6840149806894296, 0.5938558238439416], "k_pid_yaw": [0.5, 1e-06, 0.1], "k_pid_hsp": [0.2252301199367509, 0.013734531499597502, 0.0], "k_pid_vsp": [299.4960097977549, 127.63516595862279, 0.19294034759389353]}, "datetime": {"datetime": "2025-08-13 21:58:44", "elapsed": 43852.70011854172, "delta": 17.446731090545654}, "costs": {"total_cost": 181.18563602127938, "time_cost": 69.71300000000001, "final_distance_cost": 1.8435301411419416, "oscillation_cost": 27.135405047218075, "completition_cost": 0.0, "overshoot_cost": 49.78829149076494, "power_cost": 12.27239949951172, "noise_cost": 20.433009842642704, "n_waypoints_completed": 9, "tot_waypoints": 9}}
{"target": -190.4341168879243, "params": {"k_pid_pos": [0.8985562032148126, 0.05546755761534978, 0.2708745697650073], "k_pid_alt": [1.343187961090741, 0.0, 0.02305236267401023], "k_pid_att": [9.052492706158716, 4.108806399772713, 0.5766077051316202], "k_pid_yaw": [0.5, 1e-06, 0.1], "k_pid_hsp": [0.24478366235705365, 0.01619629872366844, 0.0], "k_pid_vsp": [299.23829865087316, 89.47470385943872, 0.15811196634703123]}, "datetime": {"datetime": "2025-08-13 21:59:01", "elapsed": 43869.68309736252, "delta": 16.98297882080078}, "costs": {"total_cost": 190.4341168879243, "time_cost": 70.819, "final_distance_cost": 1.8421765469158633, "oscillation_cost": 27.539554772853513, "completition_cost": 0.0, "overshoot_cost": 50.77371903153619, "power_cost": 17.392867529296876, "noise_cost": 22.066799007321865, "n_waypoints_completed": 9, "tot_waypoints": 9}}
{"target": -194.64915426999832, "params": {"k_pid_pos": [0.8723430682894205, 0.055685278999891695, 0.271420173100154], "k_pid_alt": [1.46078762071805, 0.0, 0.023083037848380613], "k_pid_att": [11.07731389247886, 4.266641531342738, 0.7291285236542766], "k_pid_yaw": [0.5, 1e-06, 0.1], "k_pid_hsp": [0.21276247934957257, 0.01690922724488275, 0.0], "k_pid_vsp": [303.26716384308787, 129.6490786584829, 0.18414227489896975]}, "datetime": {"datetime": "2025-08-13 21:59:20", "elapsed": 43888.08038496971, "delta": 18.397287607192993}, "costs": {"total_cost": 194.64915426999832, "time_cost": 71.89, "final_distance_cost": 1.8383926710882694, "oscillation_cost": 27.18108539117076, "completition_cost": 0.0, "overshoot_cost": 51.09095635458132, "power_cost": 19.948802172851565, "noise_cost": 22.699917680306374, "n_waypoints_completed": 9, "tot_waypoints": 9}}
{"target": -181.20461585065433, "params": {"k_pid_pos": [0.9305598169164181, 0.05017439434357768, 0.27364879260249325], "k_pid_alt": [1.250175871958397, 0.0, 0.032180477889234144], "k_pid_att": [9.304721942902848, 3.8347633992783816, 0.7186143440822218], "k_pid_yaw": [0.5, 1e-06, 0.1], "k_pid_hsp": [0.2185314700923713, 0.01610607279376265, 0.0], "k_pid_vsp": [270.0247432871218, 119.8576305099361, 0.16565546477249268]}, "datetime": {"datetime": "2025-08-13 21:59:36", "elapsed": 43904.67521047592, "delta": 16.594825506210327}, "costs": {"total_cost": 181.20461585065433, "time_cost": 70.259, "final_distance_cost": 1.8330642217187065, "oscillation_cost": 27.91528261943596, "completition_cost": 0.0, "overshoot_cost": 50.18084876668146, "power_cost": 11.003863940429689, "noise_cost": 20.012556302388525, "n_waypoints_completed": 9, "tot_waypoints": 9}}
{"target": -191.66530117548078, "params": {"k_pid_pos": [0.8939954277461375, 0.03995487900407511, 0.2869520988273267], "k_pid_alt": [1.4225457537221666, 0.0, 0.024858813054788764], "k_pid_att": [12.177432711639675, 4.13697099683382, 0.5653043048982821], "k_pid_yaw": [0.5, 1e-06, 0.1], "k_pid_hsp": [0.19479456080272683, 0.015061445665343225, 0.0], "k_pid_vsp": [208.18929800385595, 111.55268431124125, 0.20220763569370823]}, "datetime": {"datetime": "2025-08-13 21:59:54", "elapsed": 43922.65308022499, "delta": 17.977869749069214}, "costs": {"total_cost": 191.66530117548078, "time_cost": 71.099, "final_distance_cost": 1.8401024896483846, "oscillation_cost": 26.478230559080195, "completition_cost": 0.0, "overshoot_cost": 51.08397274830051, "power_cost": 18.79081452636719, "noise_cost": 22.373180852084488, "n_waypoints_completed": 9, "tot_waypoints": 9}}
{"target": -186.68134581862233, "params": {"k_pid_pos": [0.880411076092948, 0.05577764239829234, 0.3420928458879991], "k_pid_alt": [1.2993673410670619, 0.0, 0.02897160225212687], "k_pid_att": [9.06181340919233, 3.8989323869469374, 0.6458831938433861], "k_pid_yaw": [0.5, 1e-06, 0.1], "k_pid_hsp": [0.16952972182669654, 0.013182010672926806, 0.0], "k_pid_vsp": [295.32352262769564, 90.36717102231974, 0.15942575043080787]}, "datetime": {"datetime": "2025-08-13 22:00:12", "elapsed": 43940.586612939835, "delta": 17.93353271484375}, "costs": {"total_cost": 186.68134581862233, "time_cost": 71.365, "final_distance_cost": 1.8367850012254767, "oscillation_cost": 26.787930426020182, "completition_cost": 0.0, "overshoot_cost": 50.48465468782361, "power_cost": 14.758493676757814, "noise_cost": 21.448482026795247, "n_waypoints_completed": 9, "tot_waypoints": 9}}
{"target": -189.715902124177, "params": {"k_pid_pos": [0.8529324388000833, 0.038148266710454265, 0.2844730561464168], "k_pid_alt": [1.479763767215913, 0.0, 0.02666788240814726], "k_pid_att": [10.088208908402072, 4.607204231277097, 0.7404711429889193], "k_pid_yaw": [0.5, 1e-06, 0.1], "k_pid_hsp": [0.21270318485399708, 0.012046014567994404, 0.0], "k_pid_vsp": [298.2391078395256, 134.56073528526017, 0.16089831182673017]}, "datetime": {"datetime": "2025-08-13 22:00:29", "elapsed": 43957.840924978256, "delta": 17.25431203842163}, "costs": {"total_cost": 189.715902124177, "time_cost": 71.393, "final_distance_cost": 1.842035299518859, "oscillation_cost": 26.815264948490537, "completition_cost": 0.0, "overshoot_cost": 50.4274613250179, "power_cost": 17.051658349609376, "noise_cost": 22.186482201540343, "n_waypoints_completed": 9, "tot_waypoints": 9}}
{"target": -182.9146835109907, "params": {"k_pid_pos": [1.00081384538264, 0.04437390638200037, 0.23491836793632456], "k_pid_alt": [1.0092424322303823, 0.0, 0.023665640149311662], "k_pid_att": [9.71406724500173, 4.255151400400703, 0.6181703870130736], "k_pid_yaw": [0.5, 1e-06, 0.1], "k_pid_hsp": [0.20942873781622426, 0.014322550303698028, 0.0], "k_pid_vsp": [252.94273197614257, 122.77376800465646, 0.15472224861187847]}, "datetime": {"datetime": "2025-08-13 22:00:47", "elapsed": 43975.63644385338, "delta": 17.79551887512207}, "costs": {"total_cost": 182.9146835109907, "time_cost": 70.042, "final_distance_cost": 1.8359255309957032, "oscillation_cost": 28.885131546977107, "completition_cost": 0.0, "overshoot_cost": 49.76654926986104, "power_cost": 12.156116027832033, "noise_cost": 20.22896113532478, "n_waypoints_completed": 9, "tot_waypoints": 9}}
{"target": -185.67095442903425, "params": {"k_pid_pos": [0.8366155210718161, 0.06109265263412097, 0.3211092224770203], "k_pid_alt": [1.5789882630539225, 0.0, 0.02459410995264512], "k_pid_att": [12.07455072079044, 3.8349258322385418, 0.5850144869381853], "k_pid_yaw": [0.5, 1e-06, 0.1], "k_pid_hsp": [0.2036521432308245, 0.016010235907384814, 0.0], "k_pid_vsp": [278.60205870745193, 100.5376215564732, 0.1862661744939792]}, "datetime": {"datetime": "2025-08-13 22:01:04", "elapsed": 43992.80596804619, "delta": 17.16952419281006}, "costs": {"total_cost": 185.67095442903425, "time_cost": 71.46300000000001, "final_distance_cost": 1.8370845279028214, "oscillation_cost": 26.798477486736324, "completition_cost": 0.0, "overshoot_cost": 50.31659367664858, "power_cost": 13.755955773925782, "noise_cost": 21.499842963820726, "n_waypoints_completed": 9, "tot_waypoints": 9}}
{"target": -194.82972178832227, "params": {"k_pid_pos": [0.827090598434653, 0.05540995591854742, 0.2872970894430713], "k_pid_alt": [1.593758341652225, 0.0, 0.02649553076658125], "k_pid_att": [9.17953522982184, 3.894665887060654, 0.5661039759969464], "k_pid_yaw": [0.5, 1e-06, 0.1], "k_pid_hsp": [0.230672307528307, 0.018949926886055204, 0.0], "k_pid_vsp": [239.4914477514018, 104.1396173653186, 0.15008945262201076]}, "datetime": {"datetime": "2025-08-13 22:01:23", "elapsed": 44011.02421498299, "delta": 18.218246936798096}, "costs": {"total_cost": 194.82972178832227, "time_cost": 71.848, "final_distance_cost": 1.8402815058096778, "oscillation_cost": 27.800489888748842, "completition_cost": 0.0, "overshoot_cost": 50.46292973463778, "power_cost": 19.778945446777346, "noise_cost": 23.099075212348637, "n_waypoints_completed": 9, "tot_waypoints": 9}}
{"target": -185.8455443493959, "params": {"k_pid_pos": [1.041829573498619, 0.051404329363972434, 0.2708276587977974], "k_pid_alt": [1.1919461113253296, 0.0, 0.02175290256366837], "k_pid_att": [9.777632226892505, 4.124679491867178, 0.6241143280736955], "k_pid_yaw": [0.5, 1e-06, 0.1], "k_pid_hsp": [0.2562768190582681, 0.0163730509804004, 0.0], "k_pid_vsp": [282.2742268924937, 98.06967187611811, 0.17228257056078497]}, "datetime": {"datetime": "2025-08-13 22:01:39", "elapsed": 44027.15508031845, "delta": 16.130865335464478}, "costs": {"total_cost": 185.8455443493959, "time_cost": 69.72, "final_distance_cost": 1.845072116785826, "oscillation_cost": 29.37841334121958, "completition_cost": 0.0, "overshoot_cost": 50.05390392224055, "power_cost": 14.02061033935547, "noise_cost": 20.82754462979447, "n_waypoints_completed": 9, "tot_waypoints": 9}}
{"target": -187.16338091925778, "params": {"k_pid_pos": [0.9243541081758528, 0.059635553202469195, 0.3321201860824307], "k_pid_alt": [1.4621789963898824, 0.0, 0.026215762332649675], "k_pid_att": [11.404118034723604, 4.167901159362444, 0.6674752947655023], "k_pid_yaw": [0.5, 1e-06, 0.1], "k_pid_hsp": [0.22007032298282467, 0.01654497020961519, 0.0], "k_pid_vsp": [294.49055735244514, 103.00995973058696, 0.1825735695666846]}, "datetime": {"datetime": "2025-08-13 22:01:57", "elapsed": 44045.60699224472, "delta": 18.45191192626953}, "costs": {"total_cost": 187.16338091925778, "time_cost": 70.714, "final_distance_cost": 1.8461686243231623, "oscillation_cost": 26.666151848054824, "completition_cost": 0.0, "overshoot_cost": 50.53422535273651, "power_cost": 15.640858813476564, "noise_cost": 21.761976280666723, "n_waypoints_completed": 9, "tot_waypoints": 9}}
