{"target": -1333.3794961092744, "params": {"k_pid_pos": [2.0, 0.18276749553459837, 0.10784666888821677], "k_pid_alt": [0.7267710966422444, 0.013568626276265093, 0.16419685513720758], "k_pid_att": [21.215891695907647, 4.983867289493459, 1.0], "k_pid_yaw": [0.5, 1e-06, 0.1], "k_pid_hsp": [0.0001, 0.08302866569448712, 0.0], "k_pid_vsp": [142.18440888503488, 400.0, 0.10563789279065805]}, "datetime": {"datetime": "2025-08-13 12:30:11", "elapsed": 9739.673169612885, "delta": 30.306233644485474}, "costs": {"total_cost": 1333.3794961092744, "time_cost": 150, "final_distance_cost": 69.77953560552245, "oscillation_cost": 78.46856810237092, "completition_cost": 888.8888888888888, "overshoot_cost": 71.11885285862799, "power_cost": 38.73119389648438, "noise_cost": 36.39245675737977, "n_waypoints_completed": 1, "tot_waypoints": 9}}
{"target": -1297.313436367827, "params": {"k_pid_pos": [1.7484582463759537, 0.20878780605595404, 0.13839203242925638], "k_pid_alt": [2.0, 0.0012117132566755878, 0.014856877030214584], "k_pid_att": [55.06670668005083, 4.082409167090842, 0.8161334511992754], "k_pid_yaw": [0.5, 1e-06, 0.1], "k_pid_hsp": [0.0001, 0.0860810104345559, 0.0], "k_pid_vsp": [72.16735487576075, 280.9419741682735, 0.706118742524585]}, "datetime": {"datetime": "2025-08-13 12:30:42", "elapsed": 9770.239680051804, "delta": 30.566510438919067}, "costs": {"total_cost": 1297.313436367827, "time_cost": 150, "final_distance_cost": 91.93176195547514, "oscillation_cost": 88.60565904614742, "completition_cost": 777.7777777777778, "overshoot_cost": 116.4729211651337, "power_cost": 36.55302020263672, "noise_cost": 35.97229622065636, "n_waypoints_completed": 2, "tot_waypoints": 9}}
{"target": -825.4850170747284, "params": {"k_pid_pos": [2.0, 0.05719104973416042, 0.2968102977453801], "k_pid_alt": [2.0, 0.007837565973318266, 0.01018496391564904], "k_pid_att": [37.60512802834341, 4.882204610257721, 0.8054814018748385], "k_pid_yaw": [0.5, 1e-06, 0.1], "k_pid_hsp": [1.0561819475257652, 0.12711244656480172, 0.0], "k_pid_vsp": [20.86289129078814, 400.0, 0.5570484687929032]}, "datetime": {"datetime": "2025-08-13 12:31:11", "elapsed": 9799.030132770538, "delta": 28.79045271873474}, "costs": {"total_cost": 825.4850170747284, "time_cost": 150, "final_distance_cost": 46.33144281095105, "oscillation_cost": 73.22548449527358, "completition_cost": 444.4444444444444, "overshoot_cost": 53.902804972656114, "power_cost": 31.323468115234377, "noise_cost": 26.257372236168838, "n_waypoints_completed": 5, "tot_waypoints": 9}}
{"target": -195.89897838265279, "params": {"k_pid_pos": [2.0, 0.19402091207678482, 0.21107044831466473], "k_pid_alt": [1.0784848695254674, 0.01060242735211771, 0.0024196124682626754], "k_pid_att": [17.474300405964208, 7.684596930530515, 0.3847748634572623], "k_pid_yaw": [0.5, 1e-06, 0.1], "k_pid_hsp": [0.5973076838782753, 0.11663861278653172, 0.0], "k_pid_vsp": [101.14432895235564, 281.0464353546176, 0.7589910730349646]}, "datetime": {"datetime": "2025-08-13 12:31:28", "elapsed": 9816.325603961945, "delta": 17.29547119140625}, "costs": {"total_cost": 195.89897838265279, "time_cost": 68.81700000000001, "final_distance_cost": 1.7535246703917373, "oscillation_cost": 39.8974802875239, "completition_cost": 0.0, "overshoot_cost": 49.698825619157674, "power_cost": 15.441174963378907, "noise_cost": 20.290972842200578, "n_waypoints_completed": 9, "tot_waypoints": 9}}
{"target": -190.84431755969484, "params": {"k_pid_pos": [1.8512797455355114, 0.1946075275401861, 0.21758006332812907], "k_pid_alt": [0.8664210045461916, 0.00035073025900380386, 0.0], "k_pid_att": [46.52306622198575, 6.973523942530028, 0.9205785118393597], "k_pid_yaw": [0.5, 1e-06, 0.1], "k_pid_hsp": [1.1040960965929, 0.10712983944298944, 0.0], "k_pid_vsp": [45.133168338084126, 160.7130834716506, 0.3821276281268598]}, "datetime": {"datetime": "2025-08-13 12:31:45", "elapsed": 9833.251967430115, "delta": 16.926363468170166}, "costs": {"total_cost": 190.84431755969484, "time_cost": 70.126, "final_distance_cost": 1.7966866703986497, "oscillation_cost": 37.34148504897135, "completition_cost": 0.0, "overshoot_cost": 49.73560574089478, "power_cost": 12.376994116210938, "noise_cost": 19.467545983219118, "n_waypoints_completed": 9, "tot_waypoints": 9}}
{"target": -187.38946126293968, "params": {"k_pid_pos": [0.9397166011567318, 0.17331365764216677, 0.21926634895126487], "k_pid_alt": [1.2447898947904492, 0.0048345169076515265, 0.02854459438533927], "k_pid_att": [39.167849893521264, 6.319436327664825, 0.9144228799720091], "k_pid_yaw": [0.5, 1e-06, 0.1], "k_pid_hsp": [0.7617326713072824, 0.04385042980225431, 0.0], "k_pid_vsp": [111.53497635684384, 221.65840886927427, 0.4979556852695543]}, "datetime": {"datetime": "2025-08-13 12:32:03", "elapsed": 9850.999391317368, "delta": 17.747423887252808}, "costs": {"total_cost": 187.38946126293968, "time_cost": 71.421, "final_distance_cost": 1.8279500950857415, "oscillation_cost": 30.311878421792223, "completition_cost": 0.0, "overshoot_cost": 50.837343952525444, "power_cost": 12.266430651855469, "noise_cost": 20.724858141680798, "n_waypoints_completed": 9, "tot_waypoints": 9}}
{"target": -192.0317443428845, "params": {"k_pid_pos": [1.471306078460526, 0.24765593088309776, 0.5751977298144461], "k_pid_alt": [1.2076378125316127, 0.009057477631060249, 0.01181306006393982], "k_pid_att": [37.691581927815655, 3.6767694632434114, 1.0], "k_pid_yaw": [0.5, 1e-06, 0.1], "k_pid_hsp": [0.591836370199819, 0.07062008766685833, 0.0], "k_pid_vsp": [131.99797037211354, 205.2940724586555, 0.6300213249300732]}, "datetime": {"datetime": "2025-08-13 12:32:20", "elapsed": 9868.133880853653, "delta": 17.1344895362854}, "costs": {"total_cost": 192.0317443428845, "time_cost": 70.049, "final_distance_cost": 1.8284506299698877, "oscillation_cost": 32.554604461592255, "completition_cost": 0.0, "overshoot_cost": 50.56703822343008, "power_cost": 15.71746943359375, "noise_cost": 21.315181594298526, "n_waypoints_completed": 9, "tot_waypoints": 9}}
{"target": -242.51928085903995, "params": {"k_pid_pos": [2.0, 0.17540965318140608, 0.14115582814446928], "k_pid_alt": [0.3205924545792751, 0.0, 0.02131923632208627], "k_pid_att": [28.74780408462243, 2.4834374385313294, 1.0], "k_pid_yaw": [0.5, 1e-06, 0.1], "k_pid_hsp": [0.31087666302715544, 0.04508676288154977, 0.0], "k_pid_vsp": [96.50299844498876, 242.26003916384124, 0.08549445901375634]}, "datetime": {"datetime": "2025-08-13 12:32:42", "elapsed": 9890.419532060623, "delta": 22.285651206970215}, "costs": {"total_cost": 242.51928085903995, "time_cost": 93.303, "final_distance_cost": 1.8601823940453488, "oscillation_cost": 43.479130619092594, "completition_cost": 0.0, "overshoot_cost": 52.65463881685228, "power_cost": 23.58156474609375, "noise_cost": 27.640764282955985, "n_waypoints_completed": 9, "tot_waypoints": 9}}
{"target": -197.3168268584261, "params": {"k_pid_pos": [1.9752433151111444, 0.30779141423928214, 0.3077917149798966], "k_pid_alt": [1.149171326640517, 0.006412111003701509, 0.0], "k_pid_att": [32.586573217129164, 3.3242739903063607, 0.6988232141197906], "k_pid_yaw": [0.5, 1e-06, 0.1], "k_pid_hsp": [0.8387535022295673, 0.08851390956432366, 0.0], "k_pid_vsp": [38.007935226448296, 269.24581059115434, 0.7652719100617729]}, "datetime": {"datetime": "2025-08-13 12:32:58", "elapsed": 9906.89444899559, "delta": 16.47491693496704}, "costs": {"total_cost": 197.3168268584261, "time_cost": 69.57300000000001, "final_distance_cost": 1.760833475707003, "oscillation_cost": 39.2271703890073, "completition_cost": 0.0, "overshoot_cost": 49.8034907103436, "power_cost": 16.72821962890625, "noise_cost": 20.22411265446196, "n_waypoints_completed": 9, "tot_waypoints": 9}}
{"target": -198.142979247099, "params": {"k_pid_pos": [0.9612672599459771, 0.25188754686759346, 0.16700301360224878], "k_pid_alt": [2.0, 0.010072448717997983, 0.02961814124834065], "k_pid_att": [35.258580553596225, 6.228146861239897, 0.6797722739913858], "k_pid_yaw": [0.5, 1e-06, 0.1], "k_pid_hsp": [1.289183432372207, 0.10519127499768573, 0.0], "k_pid_vsp": [124.30313302154211, 265.59967928851944, 0.9818494891594448]}, "datetime": {"datetime": "2025-08-13 12:33:17", "elapsed": 9925.695400238037, "delta": 18.8009512424469}, "costs": {"total_cost": 198.142979247099, "time_cost": 75.131, "final_distance_cost": 1.808416682911508, "oscillation_cost": 33.789600915910604, "completition_cost": 0.0, "overshoot_cost": 51.26636970012153, "power_cost": 14.134099328613281, "noise_cost": 22.01349261954208, "n_waypoints_completed": 9, "tot_waypoints": 9}}
{"target": -214.5710135349289, "params": {"k_pid_pos": [2.0, 0.1478008322789197, 0.033168105387393086], "k_pid_alt": [0.5156961070986603, 0.018954255136408735, 0.005391424919214367], "k_pid_att": [32.369773584055054, 3.364485206977554, 0.8394850811705608], "k_pid_yaw": [0.5, 1e-06, 0.1], "k_pid_hsp": [1.2165384971379665, 0.1473059482129253, 0.0], "k_pid_vsp": [120.80486692312262, 312.21519095565185, 1.0834701974461913]}, "datetime": {"datetime": "2025-08-13 12:33:37", "elapsed": 9945.033038139343, "delta": 19.337637901306152}, "costs": {"total_cost": 214.5710135349289, "time_cost": 77.672, "final_distance_cost": 1.776166534003585, "oscillation_cost": 43.23185077304498, "completition_cost": 0.0, "overshoot_cost": 51.27615302972445, "power_cost": 18.134474572753906, "noise_cost": 22.480368625401997, "n_waypoints_completed": 9, "tot_waypoints": 9}}
{"target": -215.68615020020204, "params": {"k_pid_pos": [1.454977539293085, 0.4131627382785208, 0.23679505366339873], "k_pid_alt": [2.0, 0.008094669118503064, 0.007148260139933885], "k_pid_att": [30.380735853850428, 4.930669023027835, 0.9217153252287756], "k_pid_yaw": [0.5, 1e-06, 0.1], "k_pid_hsp": [0.4592429900351866, 0.11177442772181094, 0.0], "k_pid_vsp": [96.00195364055604, 264.03162604946647, 0.6968897367555512]}, "datetime": {"datetime": "2025-08-13 12:33:55", "elapsed": 9962.982874393463, "delta": 17.949836254119873}, "costs": {"total_cost": 215.68615020020204, "time_cost": 74.20700000000001, "final_distance_cost": 1.7787975083485283, "oscillation_cost": 38.72589138048973, "completition_cost": 0.0, "overshoot_cost": 51.63805052613597, "power_cost": 25.98035108642578, "noise_cost": 23.35605969880203, "n_waypoints_completed": 9, "tot_waypoints": 9}}
{"target": -1206.907379065992, "params": {"k_pid_pos": [1.9225202291242398, 0.153188459688638, 0.14330339543366785], "k_pid_alt": [0.6515948520222804, 0.017271224354050433, 0.0], "k_pid_att": [33.64966309853299, 0.0001, 1.0], "k_pid_yaw": [0.5, 1e-06, 0.1], "k_pid_hsp": [0.0001, 0.03748750538506079, 0.0], "k_pid_vsp": [91.23358293348706, 269.8420544370731, 0.7318269839525282]}, "datetime": {"datetime": "2025-08-13 12:34:24", "elapsed": 9992.39035987854, "delta": 29.407485485076904}, "costs": {"total_cost": 1206.907379065992, "time_cost": 150, "final_distance_cost": 96.25484397229434, "oscillation_cost": 22.494636955963383, "completition_cost": 777.7777777777778, "overshoot_cost": 97.8860853596366, "power_cost": 27.866757910156252, "noise_cost": 34.6272770901635, "n_waypoints_completed": 2, "tot_waypoints": 9}}
{"target": -210.21925820163779, "params": {"k_pid_pos": [2.0, 0.06708850843566604, 0.4679869048515839], "k_pid_alt": [0.561382739811925, 0.0, 0.021748896677023705], "k_pid_att": [27.76552886253874, 6.520872397263685, 0.6660170644469893], "k_pid_yaw": [0.5, 1e-06, 0.1], "k_pid_hsp": [0.09325674029771518, 0.03900370175414356, 0.0], "k_pid_vsp": [108.80787750823735, 400.0, 1e-06]}, "datetime": {"datetime": "2025-08-13 12:34:43", "elapsed": 10011.193034887314, "delta": 18.802675008773804}, "costs": {"total_cost": 210.21925820163779, "time_cost": 78.575, "final_distance_cost": 1.8407354030856968, "oscillation_cost": 39.536591043202336, "completition_cost": 0.0, "overshoot_cost": 50.61045993010682, "power_cost": 16.615077050781252, "noise_cost": 23.04139477446168, "n_waypoints_completed": 9, "tot_waypoints": 9}}
{"target": -188.34807914589314, "params": {"k_pid_pos": [1.3594999779026076, 0.0694247603510544, 0.30347915848903434], "k_pid_alt": [1.1624293119869515, 0.002738415125021532, 0.0], "k_pid_att": [30.46206234124895, 2.70407526226732, 0.7948743002617827], "k_pid_yaw": [0.5, 1e-06, 0.1], "k_pid_hsp": [0.8023457425511333, 0.08782214772866632, 0.0], "k_pid_vsp": [47.705507685076725, 214.81078582644366, 0.4609732917686551]}, "datetime": {"datetime": "2025-08-13 12:35:00", "elapsed": 10028.062060594559, "delta": 16.869025707244873}, "costs": {"total_cost": 188.34807914589314, "time_cost": 68.53, "final_distance_cost": 1.839665628997496, "oscillation_cost": 34.696633946612025, "completition_cost": 0.0, "overshoot_cost": 49.669472870216104, "power_cost": 13.801755786132814, "noise_cost": 19.810550913934687, "n_waypoints_completed": 9, "tot_waypoints": 9}}
{"target": -194.77836286499794, "params": {"k_pid_pos": [1.6449293308742687, 0.22138934899722298, 0.18017237074130263], "k_pid_alt": [1.6214951065247787, 0.008387267124221063, 0.05949979368583682], "k_pid_att": [49.89588771721379, 4.482951711150834, 1.0], "k_pid_yaw": [0.5, 1e-06, 0.1], "k_pid_hsp": [0.9572044520587938, 0.07107696159093786, 0.0], "k_pid_vsp": [156.53013248459902, 114.53884378534167, 1e-06]}, "datetime": {"datetime": "2025-08-13 12:35:17", "elapsed": 10045.065613269806, "delta": 17.003552675247192}, "costs": {"total_cost": 194.77836286499794, "time_cost": 69.51, "final_distance_cost": 1.7549175837302717, "oscillation_cost": 34.15624028942618, "completition_cost": 0.0, "overshoot_cost": 50.73743012838447, "power_cost": 17.37523397216797, "noise_cost": 21.244540891289066, "n_waypoints_completed": 9, "tot_waypoints": 9}}
{"target": -232.27397841832183, "params": {"k_pid_pos": [1.0843579269986667, 0.14286451736578626, 0.44643258137146513], "k_pid_alt": [2.0, 0.0, 0.018292552985457528], "k_pid_att": [16.929099134615445, 4.939149666251072, 0.4687055443133026], "k_pid_yaw": [0.5, 1e-06, 0.1], "k_pid_hsp": [0.6038902386306786, 0.10024608162226246, 0.0], "k_pid_vsp": [155.29096088725265, 246.13806204723076, 0.7315741812227444]}, "datetime": {"datetime": "2025-08-13 12:35:36", "elapsed": 10064.742748737335, "delta": 19.677135467529297}, "costs": {"total_cost": 232.27397841832183, "time_cost": 79.73, "final_distance_cost": 1.8425597945665433, "oscillation_cost": 33.30378173978099, "completition_cost": 0.0, "overshoot_cost": 56.59756187951091, "power_cost": 29.584863342285157, "noise_cost": 31.21521166217824, "n_waypoints_completed": 9, "tot_waypoints": 9}}
{"target": -205.90310748888274, "params": {"k_pid_pos": [2.0, 0.47688525705989576, 0.44270697617106874], "k_pid_alt": [1.4863956937524747, 0.02462218251243256, 0.028056491995557205], "k_pid_att": [39.14026633396083, 1.8825112466666187, 0.8584520169165772], "k_pid_yaw": [0.5, 1e-06, 0.1], "k_pid_hsp": [1.6784483628785807, 0.0, 0.0], "k_pid_vsp": [116.31301879155912, 361.5396935955744, 1.0684758298528623]}, "datetime": {"datetime": "2025-08-13 12:35:54", "elapsed": 10082.718765974045, "delta": 17.976017236709595}, "costs": {"total_cost": 205.90310748888274, "time_cost": 74.732, "final_distance_cost": 1.796168010260903, "oscillation_cost": 36.621545863776156, "completition_cost": 0.0, "overshoot_cost": 51.69634951319784, "power_cost": 18.432077185058596, "noise_cost": 22.624966916589244, "n_waypoints_completed": 9, "tot_waypoints": 9}}
{"target": -194.06689361719745, "params": {"k_pid_pos": [1.0546790848747, 0.08347602781939652, 0.24689060316350067], "k_pid_alt": [0.7473064876802796, 0.013111915608641556, 0.006020410752926929], "k_pid_att": [54.40981352054727, 2.7033322852429365, 1.0], "k_pid_yaw": [0.5, 1e-06, 0.1], "k_pid_hsp": [1.4928458127766424, 0.17643184004495616, 0.0], "k_pid_vsp": [135.56155418962246, 400.0, 1.4201924296366097]}, "datetime": {"datetime": "2025-08-13 12:36:12", "elapsed": 10100.1576025486, "delta": 17.438836574554443}, "costs": {"total_cost": 194.06689361719745, "time_cost": 71.183, "final_distance_cost": 1.8386283285742608, "oscillation_cost": 35.523637555823605, "completition_cost": 0.0, "overshoot_cost": 49.91929384135858, "power_cost": 14.582148291015626, "noise_cost": 21.020185600425375, "n_waypoints_completed": 9, "tot_waypoints": 9}}
{"target": -209.81001499737343, "params": {"k_pid_pos": [1.4842109531377456, 0.08939181263841606, 0.5233618230845708], "k_pid_alt": [2.0, 0.011060197988890108, 0.02552881298717584], "k_pid_att": [47.06724713355894, 4.304173398257978, 0.8341323351007507], "k_pid_yaw": [0.5, 1e-06, 0.1], "k_pid_hsp": [1.1917149269728815, 0.0732984310541362, 0.0], "k_pid_vsp": [185.49469047088382, 125.85236351188821, 0.7450650024463527]}, "datetime": {"datetime": "2025-08-13 12:36:33", "elapsed": 10121.241168737411, "delta": 21.083566188812256}, "costs": {"total_cost": 209.81001499737343, "time_cost": 72.842, "final_distance_cost": 1.8286317915499146, "oscillation_cost": 33.670776083981146, "completition_cost": 0.0, "overshoot_cost": 52.672529550955055, "power_cost": 24.906814672851564, "noise_cost": 23.88926289803576, "n_waypoints_completed": 9, "tot_waypoints": 9}}
{"target": -206.7145373208149, "params": {"k_pid_pos": [0.7616093701924048, 0.09104211841071241, 0.2653758245216022], "k_pid_alt": [2.0, 0.009025373804326631, 0.08898716641386545], "k_pid_att": [35.479337912886585, 8.30113176200098, 0.5895554441021603], "k_pid_yaw": [0.5, 1e-06, 0.1], "k_pid_hsp": [1.2452343861324555, 0.03135635327366865, 0.0], "k_pid_vsp": [105.25392523795445, 371.5725617395303, 0.16464529394398164]}, "datetime": {"datetime": "2025-08-13 12:36:51", "elapsed": 10139.144340515137, "delta": 17.90317177772522}, "costs": {"total_cost": 206.7145373208149, "time_cost": 74.34700000000001, "final_distance_cost": 1.8489645364991185, "oscillation_cost": 35.56587150192566, "completition_cost": 0.0, "overshoot_cost": 51.18333354114217, "power_cost": 20.08717528076172, "noise_cost": 23.68219246048623, "n_waypoints_completed": 9, "tot_waypoints": 9}}
{"target": -205.76427885064965, "params": {"k_pid_pos": [1.5711103893920033, 0.34342201350299084, 0.04047788306779019], "k_pid_alt": [2.0, 0.0, 0.03529508290562779], "k_pid_att": [43.97171405147714, 6.898318144630771, 0.27374720149320797], "k_pid_yaw": [0.5, 1e-06, 0.1], "k_pid_hsp": [1.021661588859165, 0.1640727814583425, 0.0], "k_pid_vsp": [184.1073464932537, 277.914410285152, 0.5676466740125413]}, "datetime": {"datetime": "2025-08-13 12:37:08", "elapsed": 10156.388788223267, "delta": 17.244447708129883}, "costs": {"total_cost": 205.76427885064965, "time_cost": 73.031, "final_distance_cost": 1.7737989078778273, "oscillation_cost": 40.15817324017137, "completition_cost": 0.0, "overshoot_cost": 50.74721983997089, "power_cost": 18.355598474121095, "noise_cost": 21.69848838850846, "n_waypoints_completed": 9, "tot_waypoints": 9}}
{"target": -682.7399073313832, "params": {"k_pid_pos": [1.635102783989904, 0.37830767140019445, 0.40255754854677583], "k_pid_alt": [2.0, 0.014331925621256306, 0.03345664865223146], "k_pid_att": [21.931136932360634, 8.269419764585907, 0.5660826482117683], "k_pid_yaw": [0.5, 1e-06, 0.1], "k_pid_hsp": [1.4031517562990963, 0.03555489345199107, 0.0], "k_pid_vsp": [77.96054859366065, 255.37769483721846, 0.4567565826144741]}, "datetime": {"datetime": "2025-08-13 12:37:36", "elapsed": 10184.97569179535, "delta": 28.58690357208252}, "costs": {"total_cost": 682.7399073313832, "time_cost": 150, "final_distance_cost": 62.52855754231107, "oscillation_cost": 34.0605295722142, "completition_cost": 222.2222222222222, "overshoot_cost": 80.67081747561906, "power_cost": 48.344443640136724, "noise_cost": 84.91333687887993, "n_waypoints_completed": 7, "tot_waypoints": 9}}
{"target": -196.0621988617838, "params": {"k_pid_pos": [1.2741586832222058, 0.34168620072218553, 0.12364449446763415], "k_pid_alt": [1.1039590492658624, 0.012902463487305385, 0.0], "k_pid_att": [51.15324072421165, 5.031379004552571, 0.7530312983218937], "k_pid_yaw": [0.5, 1e-06, 0.1], "k_pid_hsp": [1.639630368527493, 0.02849988802575355, 0.0], "k_pid_vsp": [85.23572862019276, 258.86218261519343, 0.6277039903050903]}, "datetime": {"datetime": "2025-08-13 12:37:53", "elapsed": 10201.854265928268, "delta": 16.87857413291931}, "costs": {"total_cost": 196.0621988617838, "time_cost": 72.492, "final_distance_cost": 1.8013564416814443, "oscillation_cost": 34.4483644698702, "completition_cost": 0.0, "overshoot_cost": 50.41590094485386, "power_cost": 15.59438338623047, "noise_cost": 21.310193619147807, "n_waypoints_completed": 9, "tot_waypoints": 9}}
{"target": -195.32760988068546, "params": {"k_pid_pos": [2.0, 0.1587659833471347, 0.292717747709875], "k_pid_alt": [1.7164103640972026, 0.0, 0.01978741670164744], "k_pid_att": [45.784183765606855, 6.177456222363446, 1.0], "k_pid_yaw": [0.5, 1e-06, 0.1], "k_pid_hsp": [1.0723878391220574, 0.051402123638030345, 0.0], "k_pid_vsp": [117.96695561723699, 204.0618643361087, 0.21694819062829263]}, "datetime": {"datetime": "2025-08-13 12:38:11", "elapsed": 10219.0638692379, "delta": 17.209603309631348}, "costs": {"total_cost": 195.32760988068546, "time_cost": 68.999, "final_distance_cost": 1.7821421027550417, "oscillation_cost": 35.78137445347666, "completition_cost": 0.0, "overshoot_cost": 50.33801958007772, "power_cost": 17.531138549804687, "noise_cost": 20.895935194571347, "n_waypoints_completed": 9, "tot_waypoints": 9}}
