{"target": -184.84572293933678, "params": {"k_pid_pos": [0.8288449599890143, 0.07231095651470625, 0.0], "k_pid_alt": [1.3048363092463164, 0.0, 0.054673217107466913], "k_pid_att": [45.54984936914686, 6.530679494017636, 0.8162817176499332], "k_pid_yaw": [0.5, 1e-06, 0.1], "k_pid_hsp": [0.2973703633930381, 0.01744711955574123, 0.0], "k_pid_vsp": [193.73597696715228, 124.30561149210173, 0.29988007412157214]}, "datetime": {"datetime": "2025-08-13 15:04:09", "elapsed": 18977.972947120667, "delta": 17.32341241836548}, "costs": {"total_cost": 184.84572293933678, "time_cost": 69.65, "final_distance_cost": 1.8311373257269539, "oscillation_cost": 27.929238135901738, "completition_cost": 0.0, "overshoot_cost": 50.01013466481115, "power_cost": 14.4414001953125, "noise_cost": 20.983812617584434, "n_waypoints_completed": 9, "tot_waypoints": 9}}
{"target": -200.96887485672067, "params": {"k_pid_pos": [0.4440140065990201, 0.050475619707645886, 0.25267484248361316], "k_pid_alt": [2.0, 0.0, 0.03397188862991943], "k_pid_att": [74.6638593774248, 2.1107350970941137, 0.9800437907369811], "k_pid_yaw": [0.5, 1e-06, 0.1], "k_pid_hsp": [0.42997261206967136, 0.02286780108354351, 0.0], "k_pid_vsp": [256.70783853862844, 114.08617109413774, 0.34413335120833594]}, "datetime": {"datetime": "2025-08-13 15:04:31", "elapsed": 18999.592658519745, "delta": 21.61971139907837}, "costs": {"total_cost": 200.96887485672067, "time_cost": 84.056, "final_distance_cost": 1.8495934356423807, "oscillation_cost": 26.053422449326494, "completition_cost": 0.0, "overshoot_cost": 52.85068199704305, "power_cost": 11.380611791992187, "noise_cost": 24.778565182716576, "n_waypoints_completed": 9, "tot_waypoints": 9}}
{"target": -190.098833759248, "params": {"k_pid_pos": [0.8196133916643603, 0.07515364008011162, 0.056339118440621096], "k_pid_alt": [2.0, 0.0, 0.03874838165247695], "k_pid_att": [32.547655060721546, 9.310527687434819, 0.33572441013696724], "k_pid_yaw": [0.5, 1e-06, 0.1], "k_pid_hsp": [0.4736089360614673, 0.029092996800568805, 0.0], "k_pid_vsp": [218.70947858185977, 64.01184232410147, 0.3952649226061958]}, "datetime": {"datetime": "2025-08-13 15:04:50", "elapsed": 19018.229868888855, "delta": 18.637210369110107}, "costs": {"total_cost": 190.098833759248, "time_cost": 70.483, "final_distance_cost": 1.8441176628113216, "oscillation_cost": 28.352946244829855, "completition_cost": 0.0, "overshoot_cost": 51.35639029325671, "power_cost": 16.32759110107422, "noise_cost": 21.7347884572759, "n_waypoints_completed": 9, "tot_waypoints": 9}}
{"target": -197.7819333633859, "params": {"k_pid_pos": [0.9599946622426966, 0.09699440878445957, 0.3139921783255694], "k_pid_alt": [0.8124712880634739, 0.0, 0.029244992537469972], "k_pid_att": [45.19377911257029, 7.482932588895653, 0.8350395800559894], "k_pid_yaw": [0.5, 1e-06, 0.1], "k_pid_hsp": [0.40379916517639947, 0.00807253497108488, 0.0], "k_pid_vsp": [243.49427612123625, 140.245989783637, 0.3262993639172454]}, "datetime": {"datetime": "2025-08-13 15:05:09", "elapsed": 19037.945400953293, "delta": 19.715532064437866}, "costs": {"total_cost": 197.7819333633859, "time_cost": 74.116, "final_distance_cost": 1.8399622261633453, "oscillation_cost": 27.405849982054523, "completition_cost": 0.0, "overshoot_cost": 51.035282725973765, "power_cost": 20.172356298828127, "noise_cost": 23.21248213036611, "n_waypoints_completed": 9, "tot_waypoints": 9}}
{"target": -197.16087994616367, "params": {"k_pid_pos": [1.624112224061963, 0.11050439476960039, 0.32436792762820404], "k_pid_alt": [2.0, 3.5308518025369734e-06, 0.04118678340368155], "k_pid_att": [33.155703435658275, 4.196461659759823, 0.6736217032959674], "k_pid_yaw": [0.5, 1e-06, 0.1], "k_pid_hsp": [0.28679051179197973, 0.03769498042685967, 0.0], "k_pid_vsp": [267.2339706955311, 141.0625058271327, 0.1962945048679099]}, "datetime": {"datetime": "2025-08-13 15:05:29", "elapsed": 19057.00358724594, "delta": 19.058186292648315}, "costs": {"total_cost": 197.16087994616367, "time_cost": 70.32900000000001, "final_distance_cost": 1.8228574276668155, "oscillation_cost": 33.18694915709017, "completition_cost": 0.0, "overshoot_cost": 50.22584520313912, "power_cost": 19.88701337890625, "noise_cost": 21.709214779361304, "n_waypoints_completed": 9, "tot_waypoints": 9}}
{"target": -195.79100704823213, "params": {"k_pid_pos": [0.536531109097491, 0.05108337090784543, 0.23142658588123524], "k_pid_alt": [1.926550997747433, 0.0, 0.01809222698748217], "k_pid_att": [26.299495219551265, 6.555630577656701, 0.6527149317460195], "k_pid_yaw": [0.5, 1e-06, 0.1], "k_pid_hsp": [0.28767696090286715, 0.03614172925225156, 0.0], "k_pid_vsp": [310.34404432680316, 105.31606295085646, 0.2983026326715395]}, "datetime": {"datetime": "2025-08-13 15:05:48", "elapsed": 19076.4907913208, "delta": 19.48720407485962}, "costs": {"total_cost": 195.79100704823213, "time_cost": 78.568, "final_distance_cost": 1.8548821219036662, "oscillation_cost": 26.161836985165607, "completition_cost": 0.0, "overshoot_cost": 51.24612050055276, "power_cost": 13.92647548828125, "noise_cost": 24.033691952328834, "n_waypoints_completed": 9, "tot_waypoints": 9}}
{"target": -205.70279529144392, "params": {"k_pid_pos": [0.8440690511763567, 0.029634343769981614, 0.3619979360937165], "k_pid_alt": [0.8882024660489675, 0.0, 0.030058326763470034], "k_pid_att": [27.58403215086506, 6.2438229598741755, 0.7547110189161735], "k_pid_yaw": [0.5, 1e-06, 0.1], "k_pid_hsp": [0.5059014331230853, 0.04715793497532842, 0.0], "k_pid_vsp": [241.78906153637368, 156.53917850636785, 0.15972673854587935]}, "datetime": {"datetime": "2025-08-13 15:06:08", "elapsed": 19096.91198348999, "delta": 20.421192169189453}, "costs": {"total_cost": 205.70279529144392, "time_cost": 76.902, "final_distance_cost": 1.84987412451934, "oscillation_cost": 28.57297669998294, "completition_cost": 0.0, "overshoot_cost": 50.98185509961051, "power_cost": 22.101915441894533, "noise_cost": 25.294173925436596, "n_waypoints_completed": 9, "tot_waypoints": 9}}
{"target": -199.2089900123794, "params": {"k_pid_pos": [0.6845644031448671, 0.03152407990844206, 0.4721074693089718], "k_pid_alt": [1.804286608252909, 0.0, 0.02469456801778008], "k_pid_att": [19.933362242995017, 3.797990109286039, 0.8252131749027588], "k_pid_yaw": [0.5, 1e-06, 0.1], "k_pid_hsp": [0.24638361369960218, 0.026833273054615248, 0.0], "k_pid_vsp": [95.28666284486013, 160.32368803333614, 0.08707486250729973]}, "datetime": {"datetime": "2025-08-13 15:06:30", "elapsed": 19118.97085428238, "delta": 22.058870792388916}, "costs": {"total_cost": 199.2089900123794, "time_cost": 78.72200000000001, "final_distance_cost": 1.8581290768494627, "oscillation_cost": 26.83888633797854, "completition_cost": 0.0, "overshoot_cost": 51.28040301108871, "power_cost": 16.030717028808596, "noise_cost": 24.478854557654063, "n_waypoints_completed": 9, "tot_waypoints": 9}}
{"target": -180.66439350094802, "params": {"k_pid_pos": [1.0129773148258856, 0.04152339702290649, 0.5279022157703447], "k_pid_alt": [1.976276437787792, 0.0, 0.03419318510765192], "k_pid_att": [5.056414653394633, 7.323428878886237, 0.43715291037849546], "k_pid_yaw": [0.5, 1e-06, 0.1], "k_pid_hsp": [0.1622319993394228, 0.023612334956437015, 0.0], "k_pid_vsp": [309.6263209812171, 114.04690695286513, 0.09382677078519298]}, "datetime": {"datetime": "2025-08-13 15:06:47", "elapsed": 19135.91068959236, "delta": 16.9398353099823}, "costs": {"total_cost": 180.66439350094802, "time_cost": 70.721, "final_distance_cost": 1.8476274906601677, "oscillation_cost": 29.477461125427872, "completition_cost": 0.0, "overshoot_cost": 50.18914380804321, "power_cost": 9.007213500976563, "noise_cost": 19.421947575840186, "n_waypoints_completed": 9, "tot_waypoints": 9}}
{"target": -176.78464511447172, "params": {"k_pid_pos": [0.9784304396619374, 0.03038041466732236, 0.3456074545773326], "k_pid_alt": [1.339291255337767, 0.0, 0.024399809738623768], "k_pid_att": [8.659455675448854, 3.175261251097378, 0.6331451391073797], "k_pid_yaw": [0.5, 1e-06, 0.1], "k_pid_hsp": [0.22221558234747485, 0.022631216326413132, 0.0], "k_pid_vsp": [265.3792274562451, 114.81751604874921, 0.15278873560483974]}, "datetime": {"datetime": "2025-08-13 15:07:05", "elapsed": 19153.50650048256, "delta": 17.595810890197754}, "costs": {"total_cost": 176.78464511447172, "time_cost": 70.413, "final_distance_cost": 1.8492882343566752, "oscillation_cost": 28.152522747040887, "completition_cost": 0.0, "overshoot_cost": 50.01321043268031, "power_cost": 7.874596655273438, "noise_cost": 18.48202704512039, "n_waypoints_completed": 9, "tot_waypoints": 9}}
{"target": -190.52858586302224, "params": {"k_pid_pos": [0.8427100326853049, 0.05063816906311411, 0.35735390895115343], "k_pid_alt": [2.0, 0.0, 0.03932040741177537], "k_pid_att": [37.959048147210886, 4.814255219634389, 0.8323773561692985], "k_pid_yaw": [0.5, 1e-06, 0.1], "k_pid_hsp": [0.38214510158308407, 0.013610771664816756, 0.0], "k_pid_vsp": [299.355625662628, 108.52860910264803, 0.273838620195549]}, "datetime": {"datetime": "2025-08-13 15:07:23", "elapsed": 19171.55537390709, "delta": 18.04887342453003}, "costs": {"total_cost": 190.52858586302224, "time_cost": 73.654, "final_distance_cost": 1.8516409223770642, "oscillation_cost": 27.188799122910414, "completition_cost": 0.0, "overshoot_cost": 50.834555151865416, "power_cost": 14.54200272216797, "noise_cost": 22.457587943701384, "n_waypoints_completed": 9, "tot_waypoints": 9}}
{"target": -188.68543576663822, "params": {"k_pid_pos": [1.4919024422801892, 0.10108745202387881, 0.0411315822698578], "k_pid_alt": [1.3836373210387636, 0.0, 0.024005703528822916], "k_pid_att": [48.83727643835513, 1.45187130169915, 0.38275739333893144], "k_pid_yaw": [0.5, 1e-06, 0.1], "k_pid_hsp": [0.5045680550299488, 0.03129116633565753, 0.0], "k_pid_vsp": [167.85042353858978, 22.18068319941897, 0.1750675522723096]}, "datetime": {"datetime": "2025-08-13 15:07:47", "elapsed": 19195.536340236664, "delta": 23.980966329574585}, "costs": {"total_cost": 188.68543576663822, "time_cost": 69.384, "final_distance_cost": 1.7609188110478966, "oscillation_cost": 32.775629405668184, "completition_cost": 0.0, "overshoot_cost": 50.78958968185401, "power_cost": 13.620600256347657, "noise_cost": 20.354697611720468, "n_waypoints_completed": 9, "tot_waypoints": 9}}
{"target": -185.6810448923002, "params": {"k_pid_pos": [0.879488038332354, 0.09918634578859727, 0.1745777266719026], "k_pid_alt": [1.5493230055025478, 0.0, 0.04099360045007866], "k_pid_att": [27.370324234730205, 9.914495581080558, 0.8785151905822729], "k_pid_yaw": [0.5, 1e-06, 0.1], "k_pid_hsp": [0.36350885103465186, 0.012773954800940651, 0.0], "k_pid_vsp": [275.0676791923278, 68.68031453639162, 0.23245697941468646]}, "datetime": {"datetime": "2025-08-13 15:08:07", "elapsed": 19215.185772180557, "delta": 19.649431943893433}, "costs": {"total_cost": 185.6810448923002, "time_cost": 70.616, "final_distance_cost": 1.8321936479618393, "oscillation_cost": 27.33460047886851, "completition_cost": 0.0, "overshoot_cost": 50.59654190502084, "power_cost": 13.973431860351564, "noise_cost": 21.328277000097433, "n_waypoints_completed": 9, "tot_waypoints": 9}}
{"target": -185.97266518260372, "params": {"k_pid_pos": [1.53558092194468, 0.0793114058488583, 0.5419678472378132], "k_pid_alt": [1.2607959476502832, 0.0, 0.017796281324540444], "k_pid_att": [35.84384244732286, 3.7290161051053397, 1.0], "k_pid_yaw": [0.5, 1e-06, 0.1], "k_pid_hsp": [0.31520378277531774, 0.03135001845417467, 0.0], "k_pid_vsp": [105.36916310066097, 172.9486271276423, 0.3160914994006881]}, "datetime": {"datetime": "2025-08-13 15:08:25", "elapsed": 19233.757741689682, "delta": 18.571969509124756}, "costs": {"total_cost": 185.97266518260372, "time_cost": 68.81, "final_distance_cost": 1.8300144330505248, "oscillation_cost": 30.80518215929654, "completition_cost": 0.0, "overshoot_cost": 49.835107914597906, "power_cost": 14.234630639648438, "noise_cost": 20.45773003601032, "n_waypoints_completed": 9, "tot_waypoints": 9}}
{"target": -197.61338337130962, "params": {"k_pid_pos": [0.6438330070581809, 0.1265197633499819, 0.03208125923086184], "k_pid_alt": [1.9350059758423566, 0.0, 0.02888084241537761], "k_pid_att": [35.564385321937436, 4.0262637256529485, 1.0], "k_pid_yaw": [0.5, 1e-06, 0.1], "k_pid_hsp": [0.21928194560713576, 0.03609752545417263, 0.0], "k_pid_vsp": [203.78646265088852, 98.26475396111137, 0.4550098749555098]}, "datetime": {"datetime": "2025-08-13 15:08:47", "elapsed": 19255.22140264511, "delta": 21.463660955429077}, "costs": {"total_cost": 197.61338337130962, "time_cost": 75.481, "final_distance_cost": 1.8278334693768972, "oscillation_cost": 26.301633505887455, "completition_cost": 0.0, "overshoot_cost": 51.40309029852106, "power_cost": 18.95002352294922, "noise_cost": 23.649802574574995, "n_waypoints_completed": 9, "tot_waypoints": 9}}
{"target": -191.89585715070032, "params": {"k_pid_pos": [0.8744706338954525, 0.013494207377511502, 0.08145563799987952], "k_pid_alt": [1.5208680714306002, 0.0, 0.03292060750139653], "k_pid_att": [11.774226165410006, 3.6757582198928564, 1.0], "k_pid_yaw": [0.5, 1e-06, 0.1], "k_pid_hsp": [0.4767403153476784, 0.030369561651743756, 0.0], "k_pid_vsp": [286.59724847120486, 28.121359956169965, 0.45075068602359925]}, "datetime": {"datetime": "2025-08-13 15:09:09", "elapsed": 19277.130093097687, "delta": 21.908690452575684}, "costs": {"total_cost": 191.89585715070032, "time_cost": 70.693, "final_distance_cost": 1.846674766834297, "oscillation_cost": 29.65619602055919, "completition_cost": 0.0, "overshoot_cost": 50.76820658765695, "power_cost": 16.86947000732422, "noise_cost": 22.06230976832565, "n_waypoints_completed": 9, "tot_waypoints": 9}}
{"target": -208.45236326478326, "params": {"k_pid_pos": [0.5608716067267342, 0.12398715204792703, 0.3795166332573663], "k_pid_alt": [0.8717601121637001, 0.0, 0.04785632336883139], "k_pid_att": [23.854776787279068, 5.386643815619902, 0.691225393506647], "k_pid_yaw": [0.5, 1e-06, 0.1], "k_pid_hsp": [0.26539211328491263, 0.03797810202822446, 0.0], "k_pid_vsp": [254.64941890182345, 135.42501067701107, 0.443361751314076]}, "datetime": {"datetime": "2025-08-13 15:09:33", "elapsed": 19300.992374420166, "delta": 23.862281322479248}, "costs": {"total_cost": 208.45236326478326, "time_cost": 84.581, "final_distance_cost": 1.8423521166876382, "oscillation_cost": 25.50117238123053, "completition_cost": 0.0, "overshoot_cost": 52.072478263800974, "power_cost": 18.170435974121094, "noise_cost": 26.284924528943, "n_waypoints_completed": 9, "tot_waypoints": 9}}
{"target": -262.03843644799457, "params": {"k_pid_pos": [0.20217443493590811, 0.1007010876286389, 0.42609360603330587], "k_pid_alt": [2.0, 0.0, 0.026939688267028136], "k_pid_att": [59.166457982544976, 3.785742284083869, 0.7858288047416794], "k_pid_yaw": [0.5, 1e-06, 0.1], "k_pid_hsp": [0.11748506204387336, 0.03059828891282911, 0.0], "k_pid_vsp": [357.82007096259986, 95.00314118000007, 0.4560282728132092]}, "datetime": {"datetime": "2025-08-13 15:10:08", "elapsed": 19336.597687482834, "delta": 35.60531306266785}, "costs": {"total_cost": 262.03843644799457, "time_cost": 116.58500000000001, "final_distance_cost": 1.8504093263049495, "oscillation_cost": 14.975091629000152, "completition_cost": 0.0, "overshoot_cost": 64.55530566173246, "power_cost": 24.1106462890625, "noise_cost": 39.96198354189446, "n_waypoints_completed": 9, "tot_waypoints": 9}}
{"target": -186.8239594110894, "params": {"k_pid_pos": [1.0168022596258428, 0.13519006459008207, 0.3649662830130797], "k_pid_alt": [1.8333865482064635, 0.0, 0.03979500630859347], "k_pid_att": [30.168686175273024, 5.808979671787465, 0.47946510904484935], "k_pid_yaw": [0.5, 1e-06, 0.1], "k_pid_hsp": [0.2712704466962335, 0.030644099168014083, 0.0], "k_pid_vsp": [203.15375801774084, 135.28161993507157, 0.41786622817899904]}, "datetime": {"datetime": "2025-08-13 15:10:28", "elapsed": 19356.355551958084, "delta": 19.757864475250244}, "costs": {"total_cost": 186.8239594110894, "time_cost": 70.525, "final_distance_cost": 1.8414075896305102, "oscillation_cost": 27.720426968500952, "completition_cost": 0.0, "overshoot_cost": 50.47067743608155, "power_cost": 14.834430932617188, "noise_cost": 21.432016484259183, "n_waypoints_completed": 9, "tot_waypoints": 9}}
{"target": -190.70505616429753, "params": {"k_pid_pos": [0.8503247963812285, 0.12584519441648925, 0.3491917621675036], "k_pid_alt": [1.2000063927057496, 0.0, 0.07594017778245232], "k_pid_att": [38.276588100886364, 3.777927600010544, 0.8794668749307194], "k_pid_yaw": [0.5, 1e-06, 0.1], "k_pid_hsp": [0.5310143252361527, 0.03734685872494907, 0.0], "k_pid_vsp": [148.12864723359039, 105.3848557771801, 0.4500625918375915]}, "datetime": {"datetime": "2025-08-13 15:10:49", "elapsed": 19377.52991962433, "delta": 21.174367666244507}, "costs": {"total_cost": 190.70505616429753, "time_cost": 74.872, "final_distance_cost": 1.8348646719070174, "oscillation_cost": 28.3227914801037, "completition_cost": 0.0, "overshoot_cost": 50.904660514415845, "power_cost": 12.787126013183594, "noise_cost": 21.98361348468739, "n_waypoints_completed": 9, "tot_waypoints": 9}}
{"target": -204.41977509612713, "params": {"k_pid_pos": [0.6062509366948134, 0.0845519792921809, 0.4256388998623753], "k_pid_alt": [1.2339795620533158, 0.0, 0.029160138101540934], "k_pid_att": [42.57990194722092, 5.941128287118604, 1.0], "k_pid_yaw": [0.5, 1e-06, 0.1], "k_pid_hsp": [0.44223137641445026, 0.028391321878039028, 0.0], "k_pid_vsp": [327.55301421233895, 127.1901370497305, 0.22647904366813265]}, "datetime": {"datetime": "2025-08-13 15:11:12", "elapsed": 19400.051185131073, "delta": 22.521265506744385}, "costs": {"total_cost": 204.41977509612713, "time_cost": 81.221, "final_distance_cost": 1.8454477118745727, "oscillation_cost": 25.38660450608511, "completition_cost": 0.0, "overshoot_cost": 52.119395262686666, "power_cost": 17.836294091796876, "noise_cost": 26.011033523683896, "n_waypoints_completed": 9, "tot_waypoints": 9}}
{"target": -190.33346402825032, "params": {"k_pid_pos": [1.1316490854294508, 0.09463801165080661, 0.18028987006982963], "k_pid_alt": [1.8238280195263725, 0.0, 0.023767395558742393], "k_pid_att": [19.291091082727746, 6.45857459026607, 0.8361218860102496], "k_pid_yaw": [0.5, 1e-06, 0.1], "k_pid_hsp": [0.2567823161354043, 0.03482522641542415, 0.0], "k_pid_vsp": [175.04359922249455, 151.05782870664927, 0.044635258528076704]}, "datetime": {"datetime": "2025-08-13 15:11:30", "elapsed": 19418.354168891907, "delta": 18.30298376083374}, "costs": {"total_cost": 190.33346402825032, "time_cost": 69.419, "final_distance_cost": 1.8144958654663315, "oscillation_cost": 30.71256934156731, "completition_cost": 0.0, "overshoot_cost": 50.118098615446655, "power_cost": 17.116346936035157, "noise_cost": 21.152953269734883, "n_waypoints_completed": 9, "tot_waypoints": 9}}
{"target": -187.42916522520704, "params": {"k_pid_pos": [1.2880516852616823, 0.02216924603088945, 0.23944995778899025], "k_pid_alt": [1.8320923266513487, 0.0, 0.014876570066027564], "k_pid_att": [10.28252028083425, 5.013056734131709, 0.15409279083666036], "k_pid_yaw": [0.5, 1e-06, 0.1], "k_pid_hsp": [0.2091461644964238, 0.017515028045933034, 0.0], "k_pid_vsp": [198.63584893302695, 118.59804745251098, 0.5407177712143957]}, "datetime": {"datetime": "2025-08-13 15:11:49", "elapsed": 19437.187581062317, "delta": 18.833412170410156}, "costs": {"total_cost": 187.42916522520704, "time_cost": 69.181, "final_distance_cost": 1.8301995419805048, "oscillation_cost": 30.634075889031465, "completition_cost": 0.0, "overshoot_cost": 50.028250530139076, "power_cost": 15.002353967285156, "noise_cost": 20.753285296770855, "n_waypoints_completed": 9, "tot_waypoints": 9}}
{"target": -179.0842825437855, "params": {"k_pid_pos": [0.9631690698351928, 0.08156383156175874, 0.20914355138093577], "k_pid_alt": [1.495733559952522, 0.0, 0.026473204175855667], "k_pid_att": [16.811875229126013, 4.479412085294708, 0.6410761209479725], "k_pid_yaw": [0.5, 1e-06, 0.1], "k_pid_hsp": [0.31111574736866615, 0.019876563511144644, 0.0], "k_pid_vsp": [199.1404616166175, 104.95567427372532, 0.21138186419534855]}, "datetime": {"datetime": "2025-08-13 15:12:07", "elapsed": 19455.76211619377, "delta": 18.574535131454468}, "costs": {"total_cost": 179.0842825437855, "time_cost": 69.356, "final_distance_cost": 1.8250323568477744, "oscillation_cost": 28.386724473088652, "completition_cost": 0.0, "overshoot_cost": 50.146898835076136, "power_cost": 9.84380750732422, "noise_cost": 19.525819371448737, "n_waypoints_completed": 9, "tot_waypoints": 9}}
{"target": -182.1158113342254, "params": {"k_pid_pos": [1.0004029659198783, 0.03987676012759242, 0.23880532425324222], "k_pid_alt": [1.6758403527340262, 0.0, 0.03315254963778028], "k_pid_att": [23.842884138231824, 4.256421137105607, 0.4903776842232012], "k_pid_yaw": [0.5, 1e-06, 0.1], "k_pid_hsp": [0.33161099151236717, 0.003715549610608871, 0.0], "k_pid_vsp": [308.7303470005618, 76.3530588218433, 0.21735874633404925]}, "datetime": {"datetime": "2025-08-13 15:12:26", "elapsed": 19474.877235412598, "delta": 19.115119218826294}, "costs": {"total_cost": 182.1158113342254, "time_cost": 70.245, "final_distance_cost": 1.843886985030644, "oscillation_cost": 27.428261509303653, "completition_cost": 0.0, "overshoot_cost": 51.169573431322334, "power_cost": 11.238194665527343, "noise_cost": 20.190894743041436, "n_waypoints_completed": 9, "tot_waypoints": 9}}
