{"target": -199.4332380719437, "params": {"k_pid_pos": [0.9428504097666092, 0.059099097727004835, 0.28978740767042227], "k_pid_alt": [1.3474209411379598, 0.0, 0.02451347152384595], "k_pid_att": [10.640407052693604, 3.215674445295703, 0.6178116653403812], "k_pid_yaw": [0.5, 1e-06, 0.1], "k_pid_hsp": [0.21039831490765373, 0.01093138699269948, 0.0], "k_pid_vsp": [296.4499039981478, 129.64141431692025, 0.1888918146440435]}, "datetime": {"datetime": "2025-08-13 22:38:48", "elapsed": 46256.10430932045, "delta": 17.827320098876953}, "costs": {"total_cost": 199.4332380719437, "time_cost": 72.604, "final_distance_cost": 1.8289679460025203, "oscillation_cost": 27.601080241889854, "completition_cost": 0.0, "overshoot_cost": 52.486204320423674, "power_cost": 21.818884301757812, "noise_cost": 23.094101261869845, "n_waypoints_completed": 9, "tot_waypoints": 9}}
{"target": -180.12373525416345, "params": {"k_pid_pos": [0.8817244544522547, 0.05445555850217281, 0.3028322269797797], "k_pid_alt": [1.9402864204338854, 0.0, 0.021679567108798755], "k_pid_att": [9.35069214909678, 4.208739963073217, 0.5517416677383397], "k_pid_yaw": [0.5, 1e-06, 0.1], "k_pid_hsp": [0.19599555660142665, 0.014165507321467973, 0.0], "k_pid_vsp": [268.79868993089985, 120.29938331604814, 0.17995012303560398]}, "datetime": {"datetime": "2025-08-13 22:39:06", "elapsed": 46274.685383319855, "delta": 18.581073999404907}, "costs": {"total_cost": 180.12373525416345, "time_cost": 70.217, "final_distance_cost": 1.8468223244348227, "oscillation_cost": 26.44641465598627, "completition_cost": 0.0, "overshoot_cost": 50.073251089805794, "power_cost": 11.26989169921875, "noise_cost": 20.27035548471779, "n_waypoints_completed": 9, "tot_waypoints": 9}}
{"target": -192.4219405538155, "params": {"k_pid_pos": [0.9103253517739907, 0.059736177021385804, 0.24594481096533535], "k_pid_alt": [1.479243349764312, 0.0, 0.02441681179351371], "k_pid_att": [9.342105714021082, 4.003181696343666, 0.6008440320374375], "k_pid_yaw": [0.5, 1e-06, 0.1], "k_pid_hsp": [0.16864877533444092, 0.009107224820928144, 0.0], "k_pid_vsp": [279.1287350029382, 86.42178488475419, 0.1839362513078152]}, "datetime": {"datetime": "2025-08-13 22:39:25", "elapsed": 46293.88128948212, "delta": 19.195906162261963}, "costs": {"total_cost": 192.4219405538155, "time_cost": 70.70700000000001, "final_distance_cost": 1.839484974521351, "oscillation_cost": 27.245772063098876, "completition_cost": 0.0, "overshoot_cost": 50.754428425890445, "power_cost": 19.46178221435547, "noise_cost": 22.41347287594935, "n_waypoints_completed": 9, "tot_waypoints": 9}}
{"target": -184.77129242196094, "params": {"k_pid_pos": [0.9373169918391104, 0.05138589613900282, 0.340506189427457], "k_pid_alt": [1.403179137181975, 0.0, 0.024386176507580754], "k_pid_att": [9.264169123230628, 4.194314083639738, 0.6822201821045161], "k_pid_yaw": [0.5, 1e-06, 0.1], "k_pid_hsp": [0.18475736627414177, 0.011302386405313896, 0.0], "k_pid_vsp": [279.4457025627603, 99.13088968456584, 0.18008127998984116]}, "datetime": {"datetime": "2025-08-13 22:39:46", "elapsed": 46314.04666900635, "delta": 20.165379524230957}, "costs": {"total_cost": 184.77129242196094, "time_cost": 70.46900000000001, "final_distance_cost": 1.8351957141530557, "oscillation_cost": 26.8297235344062, "completition_cost": 0.0, "overshoot_cost": 50.4562174549354, "power_cost": 14.058844689941408, "noise_cost": 21.122311028524884, "n_waypoints_completed": 9, "tot_waypoints": 9}}
{"target": -185.15694063764658, "params": {"k_pid_pos": [0.8834748871479019, 0.047879805464888396, 0.26673912206928235], "k_pid_alt": [1.4354602853712575, 0.0, 0.028322501715599552], "k_pid_att": [11.6568755082774, 4.001541831285196, 0.4838938431979766], "k_pid_yaw": [0.5, 1e-06, 0.1], "k_pid_hsp": [0.23367397671847034, 0.010276827424464055, 0.0], "k_pid_vsp": [296.13666758449904, 124.02451678824957, 0.15330139639326987]}, "datetime": {"datetime": "2025-08-13 22:40:02", "elapsed": 46330.729910850525, "delta": 16.683241844177246}, "costs": {"total_cost": 185.15694063764658, "time_cost": 70.931, "final_distance_cost": 1.837787007376187, "oscillation_cost": 26.251785904372646, "completition_cost": 0.0, "overshoot_cost": 50.80533311694306, "power_cost": 14.054588098144531, "noise_cost": 21.27644651081013, "n_waypoints_completed": 9, "tot_waypoints": 9}}
{"target": -182.24775320079783, "params": {"k_pid_pos": [0.9733310948545135, 0.05153463004637069, 0.3030123656915944], "k_pid_alt": [1.560777382567491, 0.0, 0.02672630944225542], "k_pid_att": [8.259344272124679, 3.4099214357257, 0.5030259376305252], "k_pid_yaw": [0.5, 1e-06, 0.1], "k_pid_hsp": [0.18058076453005403, 0.01098518614722789, 0.0], "k_pid_vsp": [268.51231085339407, 108.51993187492201, 0.16614476718574872]}, "datetime": {"datetime": "2025-08-13 22:40:20", "elapsed": 46348.67508101463, "delta": 17.945170164108276}, "costs": {"total_cost": 182.24775320079783, "time_cost": 69.622, "final_distance_cost": 1.8342768207470816, "oscillation_cost": 27.40058748688686, "completition_cost": 0.0, "overshoot_cost": 50.29057861663926, "power_cost": 12.734788854980469, "noise_cost": 20.36552142154414, "n_waypoints_completed": 9, "tot_waypoints": 9}}
{"target": -192.09029006886854, "params": {"k_pid_pos": [0.8182135848792104, 0.05265033531689758, 0.28537827630591983], "k_pid_alt": [1.4632156837001473, 0.0, 0.0253566907837478], "k_pid_att": [8.144838682249944, 4.77479618069892, 0.7217266225730907], "k_pid_yaw": [0.5, 1e-06, 0.1], "k_pid_hsp": [0.17529528031917593, 0.012161528805093828, 0.0], "k_pid_vsp": [275.51832923747054, 120.51797978819214, 0.16326089994261953]}, "datetime": {"datetime": "2025-08-13 22:40:37", "elapsed": 46365.604164123535, "delta": 16.929083108901978}, "costs": {"total_cost": 192.09029006886854, "time_cost": 71.666, "final_distance_cost": 1.8419298801141002, "oscillation_cost": 26.99926147062372, "completition_cost": 0.0, "overshoot_cost": 50.93386051051192, "power_cost": 18.204334289550783, "noise_cost": 22.444903918068047, "n_waypoints_completed": 9, "tot_waypoints": 9}}
{"target": -191.7429973206473, "params": {"k_pid_pos": [0.7794155657790512, 0.04044298327008611, 0.2508136406697313], "k_pid_alt": [1.7644575732438377, 0.0, 0.024885921132173684], "k_pid_att": [9.772867338746117, 4.745630156158966, 0.6553238497654804], "k_pid_yaw": [0.5, 1e-06, 0.1], "k_pid_hsp": [0.2065039007051319, 0.011859750053330667, 0.0], "k_pid_vsp": [292.5342848503123, 140.48608995879349, 0.1706787028873058]}, "datetime": {"datetime": "2025-08-13 22:40:56", "elapsed": 46384.786845207214, "delta": 19.1826810836792}, "costs": {"total_cost": 191.7429973206473, "time_cost": 71.869, "final_distance_cost": 1.8467276623991362, "oscillation_cost": 26.739545964168833, "completition_cost": 0.0, "overshoot_cost": 51.0132935484134, "power_cost": 17.598968908691408, "noise_cost": 22.675461236974538, "n_waypoints_completed": 9, "tot_waypoints": 9}}
{"target": -186.32537110591494, "params": {"k_pid_pos": [1.0081278329913366, 0.05244065100171793, 0.29841444001754597], "k_pid_alt": [1.3212590256646786, 0.0, 0.021277804520587296], "k_pid_att": [11.099865315489758, 3.656166171023324, 0.6609204043940621], "k_pid_yaw": [0.5, 1e-06, 0.1], "k_pid_hsp": [0.2149609774558577, 0.010129866918013366, 0.0], "k_pid_vsp": [258.90583146417526, 120.98917826382917, 0.1544214008772384]}, "datetime": {"datetime": "2025-08-13 22:41:13", "elapsed": 46401.39256119728, "delta": 16.60571599006653}, "costs": {"total_cost": 186.32537110591494, "time_cost": 69.867, "final_distance_cost": 1.841936127396279, "oscillation_cost": 27.595423903530758, "completition_cost": 0.0, "overshoot_cost": 50.60671800047914, "power_cost": 15.144310571289063, "noise_cost": 21.26998250321971, "n_waypoints_completed": 9, "tot_waypoints": 9}}
{"target": -182.83228015630453, "params": {"k_pid_pos": [1.0322850193750457, 0.05365261943802171, 0.27409870147630994], "k_pid_alt": [1.2552837312938896, 0.0, 0.029085502760837118], "k_pid_att": [11.974133905797558, 4.461522561432994, 0.7443271316542637], "k_pid_yaw": [0.5, 1e-06, 0.1], "k_pid_hsp": [0.24606960300667335, 0.010760484470923676, 0.0], "k_pid_vsp": [277.3519459692007, 112.05519217301692, 0.17056443860133128]}, "datetime": {"datetime": "2025-08-13 22:41:32", "elapsed": 46420.50521731377, "delta": 19.112656116485596}, "costs": {"total_cost": 182.83228015630453, "time_cost": 69.615, "final_distance_cost": 1.845191075681868, "oscillation_cost": 28.481918409071035, "completition_cost": 0.0, "overshoot_cost": 50.36233859076921, "power_cost": 12.319614196777344, "noise_cost": 20.20821788400509, "n_waypoints_completed": 9, "tot_waypoints": 9}}
{"target": -191.90121548079316, "params": {"k_pid_pos": [0.9571551276529379, 0.05746073458278387, 0.30438971643852386], "k_pid_alt": [1.616340448592606, 0.0, 0.026253521622797867], "k_pid_att": [10.059706337171574, 4.320789970939984, 0.6900044051775575], "k_pid_yaw": [0.5, 1e-06, 0.1], "k_pid_hsp": [0.2152217795940202, 0.010835883620061272, 0.0], "k_pid_vsp": [334.66764670861016, 103.77403432851311, 0.1792454371186389]}, "datetime": {"datetime": "2025-08-13 22:41:49", "elapsed": 46437.33786678314, "delta": 16.83264946937561}, "costs": {"total_cost": 191.90121548079316, "time_cost": 70.777, "final_distance_cost": 1.838915838933757, "oscillation_cost": 27.283873063051022, "completition_cost": 0.0, "overshoot_cost": 50.79981754773364, "power_cost": 18.845616638183596, "noise_cost": 22.355992392891114, "n_waypoints_completed": 9, "tot_waypoints": 9}}
{"target": -193.51812869491064, "params": {"k_pid_pos": [1.0595754908961847, 0.04385468036546111, 0.2512507889109689], "k_pid_alt": [1.6447022815739991, 0.0, 0.02303153661402604], "k_pid_att": [8.366091147588884, 4.744129674557308, 0.7015294651702458], "k_pid_yaw": [0.5, 1e-06, 0.1], "k_pid_hsp": [0.1980739478395682, 0.008941131563641678, 0.0], "k_pid_vsp": [268.9723243381168, 119.41671720942992, 0.15297571605658764]}, "datetime": {"datetime": "2025-08-13 22:42:07", "elapsed": 46455.289521455765, "delta": 17.95165467262268}, "costs": {"total_cost": 193.51812869491064, "time_cost": 70.098, "final_distance_cost": 1.823482929360793, "oscillation_cost": 29.18200657043332, "completition_cost": 0.0, "overshoot_cost": 50.97311192762292, "power_cost": 19.43825262451172, "noise_cost": 22.0032746429819, "n_waypoints_completed": 9, "tot_waypoints": 9}}
{"target": -185.49071132689744, "params": {"k_pid_pos": [0.8933035727654944, 0.06304544117570894, 0.3202457877039999], "k_pid_alt": [1.453244411618315, 0.0, 0.025005047651580296], "k_pid_att": [9.003105990395412, 4.2794742701309, 0.6337981050383137], "k_pid_yaw": [0.5, 1e-06, 0.1], "k_pid_hsp": [0.2279401415929856, 0.009751609762884075, 0.0], "k_pid_vsp": [254.64036720802278, 109.28298269472653, 0.17114759553409095]}, "datetime": {"datetime": "2025-08-13 22:42:24", "elapsed": 46472.418159246445, "delta": 17.12863779067993}, "costs": {"total_cost": 185.49071132689744, "time_cost": 71.057, "final_distance_cost": 1.8450943858827964, "oscillation_cost": 27.18400637447495, "completition_cost": 0.0, "overshoot_cost": 50.19980408993926, "power_cost": 13.758549768066407, "noise_cost": 21.44625670853401, "n_waypoints_completed": 9, "tot_waypoints": 9}}
{"target": -187.43713290526205, "params": {"k_pid_pos": [1.0134115940933386, 0.051459139072917624, 0.31515923232906623], "k_pid_alt": [1.7539169591774586, 0.0, 0.026442100152136955], "k_pid_att": [8.082291597705085, 5.608854436331494, 0.45934938634239425], "k_pid_yaw": [0.5, 1e-06, 0.1], "k_pid_hsp": [0.2776759887260877, 0.010258968823974061, 0.0], "k_pid_vsp": [296.29362510004916, 150.0557860037812, 0.15364695398230913]}, "datetime": {"datetime": "2025-08-13 22:42:42", "elapsed": 46490.07305717468, "delta": 17.654897928237915}, "costs": {"total_cost": 187.43713290526205, "time_cost": 69.944, "final_distance_cost": 1.8471629311827877, "oscillation_cost": 28.417203154695006, "completition_cost": 0.0, "overshoot_cost": 50.41316487013886, "power_cost": 15.437179443359376, "noise_cost": 21.378422505886, "n_waypoints_completed": 9, "tot_waypoints": 9}}
{"target": -184.68689247779545, "params": {"k_pid_pos": [0.9444343082787805, 0.06102151283551666, 0.25188583305543116], "k_pid_alt": [1.3253373443505065, 0.0, 0.02529555056658186], "k_pid_att": [10.083799453583067, 3.937096951507362, 0.5541275408512009], "k_pid_yaw": [0.5, 1e-06, 0.1], "k_pid_hsp": [0.24192255917785302, 0.01023322948297887, 0.0], "k_pid_vsp": [250.13532014806916, 98.72779790758902, 0.15510492592242525]}, "datetime": {"datetime": "2025-08-13 22:42:59", "elapsed": 46507.95108819008, "delta": 17.878031015396118}, "costs": {"total_cost": 184.68689247779545, "time_cost": 70.084, "final_distance_cost": 1.8375347797881438, "oscillation_cost": 27.86852468036717, "completition_cost": 0.0, "overshoot_cost": 50.41412008163567, "power_cost": 13.592323022460938, "noise_cost": 20.890389913543512, "n_waypoints_completed": 9, "tot_waypoints": 9}}
{"target": -187.2445918408295, "params": {"k_pid_pos": [0.8750353994201688, 0.0348938856894648, 0.3295232345221713], "k_pid_alt": [1.8132750237187796, 0.0, 0.02304132482470994], "k_pid_att": [10.59148832824971, 4.0663701020387535, 0.5197230146018397], "k_pid_yaw": [0.5, 1e-06, 0.1], "k_pid_hsp": [0.2199424219274587, 0.01139980721522145, 0.0], "k_pid_vsp": [257.10846907471796, 127.90957194517576, 0.17159121371924235]}, "datetime": {"datetime": "2025-08-13 22:43:17", "elapsed": 46525.13083124161, "delta": 17.17974305152893}, "costs": {"total_cost": 187.2445918408295, "time_cost": 71.519, "final_distance_cost": 1.849890493816872, "oscillation_cost": 26.324402015088214, "completition_cost": 0.0, "overshoot_cost": 50.636860665493025, "power_cost": 15.110176647949219, "noise_cost": 21.804262018482138, "n_waypoints_completed": 9, "tot_waypoints": 9}}
{"target": -177.09368419511753, "params": {"k_pid_pos": [0.9775318223470499, 0.05360407946507242, 0.2296298291472947], "k_pid_alt": [1.696387563775854, 0.0, 0.02481408554602887], "k_pid_att": [8.143041949719908, 3.883877249357957, 0.5593422723327762], "k_pid_yaw": [0.5, 1e-06, 0.1], "k_pid_hsp": [0.16132790811893336, 0.008975396684546324, 0.0], "k_pid_vsp": [258.7643778316422, 112.6437387620964, 0.1650752270293839]}, "datetime": {"datetime": "2025-08-13 22:43:36", "elapsed": 46544.19077658653, "delta": 19.059945344924927}, "costs": {"total_cost": 177.09368419511753, "time_cost": 69.02, "final_distance_cost": 1.8293452462692092, "oscillation_cost": 27.75384046051995, "completition_cost": 0.0, "overshoot_cost": 50.056565229680686, "power_cost": 9.373173950195312, "noise_cost": 19.060759308452376, "n_waypoints_completed": 9, "tot_waypoints": 9}}
{"target": -189.12505301828187, "params": {"k_pid_pos": [0.983695951127836, 0.05657139243655444, 0.2830348244261176], "k_pid_alt": [1.8373528945199702, 0.0, 0.024643523611204227], "k_pid_att": [10.933651424622107, 3.7536563968635974, 0.4891370211404882], "k_pid_yaw": [0.5, 1e-06, 0.1], "k_pid_hsp": [0.2460670573901483, 0.010492986807311993, 0.0], "k_pid_vsp": [254.58770975480942, 119.14430240505509, 0.1662877758681078]}, "datetime": {"datetime": "2025-08-13 22:43:53", "elapsed": 46561.21020722389, "delta": 17.01943063735962}, "costs": {"total_cost": 189.12505301828187, "time_cost": 70.203, "final_distance_cost": 1.8455880836835246, "oscillation_cost": 27.232605813702314, "completition_cost": 0.0, "overshoot_cost": 50.65442885710767, "power_cost": 17.24497274169922, "noise_cost": 21.944457522089163, "n_waypoints_completed": 9, "tot_waypoints": 9}}
{"target": -191.74103182604605, "params": {"k_pid_pos": [0.9381356938449517, 0.05959155892123132, 0.3481552915116768], "k_pid_alt": [1.4889917201804679, 0.0, 0.028148468392875197], "k_pid_att": [9.403121104050525, 4.684712643784955, 0.6330931329339126], "k_pid_yaw": [0.5, 1e-06, 0.1], "k_pid_hsp": [0.2076087345754273, 0.009971807067977264, 0.0], "k_pid_vsp": [300.45367822899067, 119.62131928044637, 0.16241659083338714]}, "datetime": {"datetime": "2025-08-13 22:44:11", "elapsed": 46579.342230558395, "delta": 18.132023334503174}, "costs": {"total_cost": 191.74103182604605, "time_cost": 70.854, "final_distance_cost": 1.8441100667962598, "oscillation_cost": 27.28011924491683, "completition_cost": 0.0, "overshoot_cost": 50.55877499911653, "power_cost": 18.89031170654297, "noise_cost": 22.313715808673468, "n_waypoints_completed": 9, "tot_waypoints": 9}}
{"target": -190.68034851572676, "params": {"k_pid_pos": [0.7929270105742982, 0.052885175898077376, 0.30430809685829663], "k_pid_alt": [1.7686308043097372, 0.0, 0.02326236353109626], "k_pid_att": [9.741480413055443, 4.804183172062378, 0.5400335383941063], "k_pid_yaw": [0.5, 1e-06, 0.1], "k_pid_hsp": [0.22077209736880943, 0.009576382217613357, 0.0], "k_pid_vsp": [281.13498446931703, 126.6022827931638, 0.17102519474768543]}, "datetime": {"datetime": "2025-08-13 22:44:28", "elapsed": 46596.816175460815, "delta": 17.473944902420044}, "costs": {"total_cost": 190.68034851572676, "time_cost": 72.653, "final_distance_cost": 1.8465237223283726, "oscillation_cost": 26.82948383719422, "completition_cost": 0.0, "overshoot_cost": 51.121740437911626, "power_cost": 15.766801245117188, "noise_cost": 22.462799273175325, "n_waypoints_completed": 9, "tot_waypoints": 9}}
{"target": -186.36978259945099, "params": {"k_pid_pos": [0.8908823234268358, 0.05153653216850834, 0.3375523522180666], "k_pid_alt": [1.505728023997915, 0.0, 0.02709959422317777], "k_pid_att": [10.518860062007983, 4.546647889113726, 0.5379875698860316], "k_pid_yaw": [0.5, 1e-06, 0.1], "k_pid_hsp": [0.21292658639369003, 0.011780361578170353, 0.0], "k_pid_vsp": [246.30596971635782, 131.81590990186663, 0.1652539422010881]}, "datetime": {"datetime": "2025-08-13 22:44:46", "elapsed": 46614.44639992714, "delta": 17.630224466323853}, "costs": {"total_cost": 186.36978259945099, "time_cost": 71.22500000000001, "final_distance_cost": 1.837817500189955, "oscillation_cost": 26.894738720671874, "completition_cost": 0.0, "overshoot_cost": 50.467741995943726, "power_cost": 14.333239306640627, "noise_cost": 21.6112450760048, "n_waypoints_completed": 9, "tot_waypoints": 9}}
{"target": -189.99542533060125, "params": {"k_pid_pos": [0.8440276393763613, 0.043916843689437074, 0.29305312941426714], "k_pid_alt": [1.259349851696487, 0.0, 0.023467399296643487], "k_pid_att": [9.136768608769163, 4.0996298002631955, 0.6212861364725866], "k_pid_yaw": [0.5, 1e-06, 0.1], "k_pid_hsp": [0.1955240064536794, 0.010831991060996147, 0.0], "k_pid_vsp": [242.00470606698232, 102.27857962680703, 0.1709139869697106]}, "datetime": {"datetime": "2025-08-13 22:45:04", "elapsed": 46632.11899590492, "delta": 17.672595977783203}, "costs": {"total_cost": 189.99542533060125, "time_cost": 71.813, "final_distance_cost": 1.8361799585473113, "oscillation_cost": 27.291771670770768, "completition_cost": 0.0, "overshoot_cost": 50.65327262329999, "power_cost": 16.314993579101564, "noise_cost": 22.08620749888163, "n_waypoints_completed": 9, "tot_waypoints": 9}}
{"target": -200.31072162924346, "params": {"k_pid_pos": [0.9102710404899027, 0.04682450737094399, 0.3742582758625393], "k_pid_alt": [1.4349360868762429, 0.0, 0.029042964227644668], "k_pid_att": [9.6113148223889, 4.389645866978483, 0.5327261734957508], "k_pid_yaw": [0.5, 1e-06, 0.1], "k_pid_hsp": [0.18177028010340124, 0.010166294620734222, 0.0], "k_pid_vsp": [299.1116878705067, 127.0700758133071, 0.17794994564597275]}, "datetime": {"datetime": "2025-08-13 22:45:22", "elapsed": 46650.4390707016, "delta": 18.320074796676636}, "costs": {"total_cost": 200.31072162924346, "time_cost": 73.626, "final_distance_cost": 1.834529705556845, "oscillation_cost": 27.2985245956, "completition_cost": 0.0, "overshoot_cost": 51.456450701441675, "power_cost": 22.40467038574219, "noise_cost": 23.69054624090277, "n_waypoints_completed": 9, "tot_waypoints": 9}}
{"target": -190.94526381798448, "params": {"k_pid_pos": [0.9420795133283534, 0.05078856104024234, 0.29576116043960504], "k_pid_alt": [1.5538293350110701, 0.0, 0.025755529965994197], "k_pid_att": [9.047660325567499, 4.44076668137602, 0.5743944366024496], "k_pid_yaw": [0.5, 1e-06, 0.1], "k_pid_hsp": [0.20303536990540996, 0.011196052938040983, 0.0], "k_pid_vsp": [255.34593836479598, 127.7045795904716, 0.1809353479165644]}, "datetime": {"datetime": "2025-08-13 22:45:40", "elapsed": 46668.228337049484, "delta": 17.789266347885132}, "costs": {"total_cost": 190.94526381798448, "time_cost": 70.546, "final_distance_cost": 1.840854487903101, "oscillation_cost": 27.780225099779184, "completition_cost": 0.0, "overshoot_cost": 50.77261631870386, "power_cost": 18.0740875, "noise_cost": 21.93148041159832, "n_waypoints_completed": 9, "tot_waypoints": 9}}
{"target": -188.13496051420532, "params": {"k_pid_pos": [0.9294295067620757, 0.06342208216003851, 0.2747970374343927], "k_pid_alt": [1.5185581622475366, 0.0, 0.025676529316363845], "k_pid_att": [9.46858650961923, 4.578549475869257, 0.5713652446929834], "k_pid_yaw": [0.5, 1e-06, 0.1], "k_pid_hsp": [0.21594016052084433, 0.01191602888131138, 0.0], "k_pid_vsp": [289.6914952217501, 115.1656693814898, 0.1852162228845182]}, "datetime": {"datetime": "2025-08-13 22:45:58", "elapsed": 46686.69001245499, "delta": 18.46167540550232}, "costs": {"total_cost": 188.13496051420532, "time_cost": 70.504, "final_distance_cost": 1.8384749153830193, "oscillation_cost": 27.14651089166004, "completition_cost": 0.0, "overshoot_cost": 50.63386534631421, "power_cost": 16.318123730468752, "noise_cost": 21.693985630379295, "n_waypoints_completed": 9, "tot_waypoints": 9}}
