{"target": -183.87950857627635, "params": {"k_pid_pos": [1.020672061895264, 0.022735047450987183, 0.23672303831979913], "k_pid_alt": [1.0727939399978446, 0.0, 0.02042206993216353], "k_pid_att": [11.615941397746573, 5.206663937273398, 0.5082732015418401], "k_pid_yaw": [0.5, 1e-06, 0.1], "k_pid_hsp": [0.2814000274562615, 0.016332518572409773, 0.0], "k_pid_vsp": [305.72773422684185, 116.21780676896044, 0.1143197099855207]}, "datetime": {"datetime": "2025-08-13 18:37:34", "elapsed": 31782.421262979507, "delta": 16.863283395767212}, "costs": {"total_cost": 183.87950857627635, "time_cost": 70.14, "final_distance_cost": 1.8442276685831087, "oscillation_cost": 29.32715594445905, "completition_cost": 0.0, "overshoot_cost": 49.99401691356548, "power_cost": 12.262251110839845, "noise_cost": 20.31185693882887, "n_waypoints_completed": 9, "tot_waypoints": 9}}
{"target": -190.51840852694934, "params": {"k_pid_pos": [0.8582077666510742, 0.053067241141676574, 0.23599776246123283], "k_pid_alt": [0.9913262061017899, 0.0, 0.026278085290023553], "k_pid_att": [8.951645573437132, 3.839437506475201, 0.5716567862264886], "k_pid_yaw": [0.5, 1e-06, 0.1], "k_pid_hsp": [0.159836189459829, 0.021868703388148697, 0.0], "k_pid_vsp": [392.24712753764135, 88.0346068036385, 0.14373128256844936]}, "datetime": {"datetime": "2025-08-13 18:37:51", "elapsed": 31799.355846643448, "delta": 16.93458366394043}, "costs": {"total_cost": 190.51840852694934, "time_cost": 71.435, "final_distance_cost": 1.8408560692107676, "oscillation_cost": 27.904737222199206, "completition_cost": 0.0, "overshoot_cost": 51.02651549545293, "power_cost": 16.60268349609375, "noise_cost": 21.708616243992687, "n_waypoints_completed": 9, "tot_waypoints": 9}}
{"target": -183.11322870619458, "params": {"k_pid_pos": [0.926291816020376, 0.05098142110741035, 0.2551306069771983], "k_pid_alt": [1.1272231471434777, 0.0, 0.032852958592275695], "k_pid_att": [10.628507972541898, 3.662024630543471, 0.2612356032217075], "k_pid_yaw": [0.5, 1e-06, 0.1], "k_pid_hsp": [0.09898130770283486, 0.019260749021582476, 0.0], "k_pid_vsp": [381.7425395653954, 77.45941932561088, 0.17158879653919387]}, "datetime": {"datetime": "2025-08-13 18:38:08", "elapsed": 31816.751959085464, "delta": 17.3961124420166}, "costs": {"total_cost": 183.11322870619458, "time_cost": 71.554, "final_distance_cost": 1.8318791421469447, "oscillation_cost": 27.24246130518974, "completition_cost": 0.0, "overshoot_cost": 50.77846888398004, "power_cost": 11.560790148925781, "noise_cost": 20.1456292259521, "n_waypoints_completed": 9, "tot_waypoints": 9}}
{"target": -190.66268611835835, "params": {"k_pid_pos": [1.049787150696772, 0.07237071294866515, 0.2083997904795166], "k_pid_alt": [1.5863525183020426, 0.0, 0.02621961914654035], "k_pid_att": [7.596540955286355, 4.57875576230747, 0.5630745810021911], "k_pid_yaw": [0.5, 1e-06, 0.1], "k_pid_hsp": [0.202225756686514, 0.01584888689556782, 0.0], "k_pid_vsp": [276.39657986406604, 103.74779885913846, 0.15606179867447978]}, "datetime": {"datetime": "2025-08-13 18:38:26", "elapsed": 31834.392557621002, "delta": 17.64059853553772}, "costs": {"total_cost": 190.66268611835835, "time_cost": 69.342, "final_distance_cost": 1.8181934532212825, "oscillation_cost": 29.958978609857713, "completition_cost": 0.0, "overshoot_cost": 50.45984132125666, "power_cost": 17.52162067871094, "noise_cost": 21.562052055311746, "n_waypoints_completed": 9, "tot_waypoints": 9}}
{"target": -194.95609958104498, "params": {"k_pid_pos": [0.9271533424446757, 0.05264372373192413, 0.3919257216611991], "k_pid_alt": [1.2641562425622226, 0.0, 0.02344858459180388], "k_pid_att": [9.171611072560992, 3.661269288085009, 0.3431874954327841], "k_pid_yaw": [0.5, 1e-06, 0.1], "k_pid_hsp": [0.162734322166408, 0.020904506056154366, 0.0], "k_pid_vsp": [285.05908674363315, 142.20976057514034, 0.04849221109259577]}, "datetime": {"datetime": "2025-08-13 18:38:47", "elapsed": 31855.363510608673, "delta": 20.9709529876709}, "costs": {"total_cost": 194.95609958104498, "time_cost": 71.176, "final_distance_cost": 1.849920697895354, "oscillation_cost": 27.87934243569446, "completition_cost": 0.0, "overshoot_cost": 50.382547166684894, "power_cost": 20.68527907714844, "noise_cost": 22.983010203621834, "n_waypoints_completed": 9, "tot_waypoints": 9}}
{"target": -196.43328286090903, "params": {"k_pid_pos": [1.2110263951442508, 0.0104700900532661, 0.302017610036385], "k_pid_alt": [1.409675648815873, 0.0, 0.026301880823644], "k_pid_att": [11.675434523591619, 3.0565903446342304, 0.6984021760011077], "k_pid_yaw": [0.5, 1e-06, 0.1], "k_pid_hsp": [0.19075337743487877, 0.016801639213881517, 0.0], "k_pid_vsp": [293.0579692824537, 102.3131064238284, 0.13314041750344366]}, "datetime": {"datetime": "2025-08-13 18:39:08", "elapsed": 31876.307576179504, "delta": 20.9440655708313}, "costs": {"total_cost": 196.43328286090903, "time_cost": 70.798, "final_distance_cost": 1.827243608416306, "oscillation_cost": 29.060876141586867, "completition_cost": 0.0, "overshoot_cost": 51.15275820993783, "power_cost": 21.16256563720703, "noise_cost": 22.431839263761013, "n_waypoints_completed": 9, "tot_waypoints": 9}}
{"target": -181.22080747538408, "params": {"k_pid_pos": [0.9299378988849135, 0.06487848714587395, 0.3174100272654636], "k_pid_alt": [1.2159238741618912, 0.0, 0.029094908188319734], "k_pid_att": [12.769616710494681, 3.761482295067086, 0.5967845706070102], "k_pid_yaw": [0.5, 1e-06, 0.1], "k_pid_hsp": [0.19030752049048724, 0.02306983730496484, 0.0], "k_pid_vsp": [318.442515993746, 116.24694308080943, 0.17356957009391075]}, "datetime": {"datetime": "2025-08-13 18:39:25", "elapsed": 31893.674053430557, "delta": 17.366477251052856}, "costs": {"total_cost": 181.22080747538408, "time_cost": 70.441, "final_distance_cost": 1.8364211824892582, "oscillation_cost": 27.576942254972177, "completition_cost": 0.0, "overshoot_cost": 50.11469292468044, "power_cost": 11.111430517578125, "noise_cost": 20.14032059566406, "n_waypoints_completed": 9, "tot_waypoints": 9}}
{"target": -182.56183797600897, "params": {"k_pid_pos": [0.9283078531725432, 0.05746013113596509, 0.2365755519344026], "k_pid_alt": [0.9626168217643133, 0.0, 0.04004509615130033], "k_pid_att": [13.70953966783937, 3.2534244182192196, 0.5935040707939886], "k_pid_yaw": [0.5, 1e-06, 0.1], "k_pid_hsp": [0.162559716076046, 0.02399416900676181, 0.0], "k_pid_vsp": [174.13345077425848, 96.55819861167454, 0.0992669008070937]}, "datetime": {"datetime": "2025-08-13 18:39:42", "elapsed": 31910.5036444664, "delta": 16.829591035842896}, "costs": {"total_cost": 182.56183797600897, "time_cost": 70.686, "final_distance_cost": 1.8295735447448862, "oscillation_cost": 27.897583548708376, "completition_cost": 0.0, "overshoot_cost": 50.10042233504898, "power_cost": 12.043911193847658, "noise_cost": 20.004347353659064, "n_waypoints_completed": 9, "tot_waypoints": 9}}
{"target": -198.73582691922175, "params": {"k_pid_pos": [0.6259533931887576, 0.05757018720189214, 0.26180006140539896], "k_pid_alt": [1.305936086844106, 0.0, 0.023982960651234318], "k_pid_att": [14.076146790548272, 4.756140834387366, 0.6966621040426979], "k_pid_yaw": [0.5, 1e-06, 0.1], "k_pid_hsp": [0.1352579872998381, 0.02746279038533611, 0.0], "k_pid_vsp": [269.02315195970965, 104.23973320838486, 0.19394199355486133]}, "datetime": {"datetime": "2025-08-13 18:40:01", "elapsed": 31929.5928709507, "delta": 19.089226484298706}, "costs": {"total_cost": 198.73582691922175, "time_cost": 75.22200000000001, "final_distance_cost": 1.8551541229836859, "oscillation_cost": 25.859820014246512, "completition_cost": 0.0, "overshoot_cost": 50.93880577303636, "power_cost": 20.572258374023438, "noise_cost": 24.287788634931736, "n_waypoints_completed": 9, "tot_waypoints": 9}}
{"target": -181.2315745921522, "params": {"k_pid_pos": [1.0070879545956102, 0.060866841315709234, 0.28733228057885607], "k_pid_alt": [1.3644825091839685, 0.0, 0.022639289505607993], "k_pid_att": [8.64970235613089, 5.857437481172713, 0.5560467667375563], "k_pid_yaw": [0.5, 1e-06, 0.1], "k_pid_hsp": [0.19673439096408207, 0.01788570303999091, 0.0], "k_pid_vsp": [267.6483845480937, 117.43240917140577, 0.1780872597430133]}, "datetime": {"datetime": "2025-08-13 18:40:18", "elapsed": 31946.081251621246, "delta": 16.488380670547485}, "costs": {"total_cost": 181.2315745921522, "time_cost": 69.293, "final_distance_cost": 1.8451593387203666, "oscillation_cost": 28.87907531547824, "completition_cost": 0.0, "overshoot_cost": 49.90093487217384, "power_cost": 11.49878349609375, "noise_cost": 19.814621569686004, "n_waypoints_completed": 9, "tot_waypoints": 9}}
{"target": -190.3962539995342, "params": {"k_pid_pos": [0.9097023712979713, 0.06184284716164951, 0.2651878847309832], "k_pid_alt": [0.9698849187801888, 0.0, 0.028279120867562152], "k_pid_att": [9.058430900528135, 4.803217126098826, 0.7443702981552164], "k_pid_yaw": [0.5, 1e-06, 0.1], "k_pid_hsp": [0.2579855750821088, 0.024346607502454737, 0.0], "k_pid_vsp": [236.27173357797406, 114.05879969131142, 0.15677528782994551]}, "datetime": {"datetime": "2025-08-13 18:40:35", "elapsed": 31963.64765381813, "delta": 17.566402196884155}, "costs": {"total_cost": 190.3962539995342, "time_cost": 71.743, "final_distance_cost": 1.847597813698109, "oscillation_cost": 28.52376469069476, "completition_cost": 0.0, "overshoot_cost": 50.33113369448172, "power_cost": 16.25308052978516, "noise_cost": 21.697677270874447, "n_waypoints_completed": 9, "tot_waypoints": 9}}
{"target": -187.11044647944777, "params": {"k_pid_pos": [0.9255040114975405, 0.06347194339098161, 0.15737780544585114], "k_pid_alt": [1.143244760418033, 0.0, 0.0179224020108182], "k_pid_att": [12.89682285688184, 4.368487160628228, 0.34570215059125803], "k_pid_yaw": [0.5, 1e-06, 0.1], "k_pid_hsp": [0.22369715362726747, 0.020837192928388922, 0.0], "k_pid_vsp": [228.57996468195657, 154.83295051847455, 0.13640459814696523]}, "datetime": {"datetime": "2025-08-13 18:40:52", "elapsed": 31980.16193819046, "delta": 16.514284372329712}, "costs": {"total_cost": 187.11044647944777, "time_cost": 69.811, "final_distance_cost": 1.8337725423690387, "oscillation_cost": 28.338637790264723, "completition_cost": 0.0, "overshoot_cost": 49.98150999590634, "power_cost": 15.956263342285157, "noise_cost": 21.189262808622527, "n_waypoints_completed": 9, "tot_waypoints": 9}}
{"target": -189.03134873400137, "params": {"k_pid_pos": [0.8669141489328579, 0.05403101486179274, 0.36683416125928686], "k_pid_alt": [1.510786095537968, 0.0, 0.02120773971994615], "k_pid_att": [11.050992681076844, 5.760764247712065, 0.6085331127621435], "k_pid_yaw": [0.5, 1e-06, 0.1], "k_pid_hsp": [0.20078173296712198, 0.023184826569776662, 0.0], "k_pid_vsp": [287.4097576843844, 125.64620354359988, 0.20206528360979947]}, "datetime": {"datetime": "2025-08-13 18:41:09", "elapsed": 31997.716821193695, "delta": 17.554883003234863}, "costs": {"total_cost": 189.03134873400137, "time_cost": 71.673, "final_distance_cost": 1.8403012609356217, "oscillation_cost": 27.416031447651847, "completition_cost": 0.0, "overshoot_cost": 50.71518265560073, "power_cost": 15.458514538574219, "noise_cost": 21.928318831238986, "n_waypoints_completed": 9, "tot_waypoints": 9}}
{"target": -197.61799540379388, "params": {"k_pid_pos": [0.6314347397162172, 0.05127971969937645, 0.2734064876979601], "k_pid_alt": [0.8333309951763038, 0.0, 0.023593016953338108], "k_pid_att": [12.187727724644622, 3.613517524582068, 0.7331864105674164], "k_pid_yaw": [0.5, 1e-06, 0.1], "k_pid_hsp": [0.1491604600504912, 0.011305686117859188, 0.0], "k_pid_vsp": [400.0, 97.1235273098779, 0.11579551414403104]}, "datetime": {"datetime": "2025-08-13 18:41:28", "elapsed": 32016.00238108635, "delta": 18.28555989265442}, "costs": {"total_cost": 197.61799540379388, "time_cost": 77.014, "final_distance_cost": 1.8483162788035836, "oscillation_cost": 24.506041704846425, "completition_cost": 0.0, "overshoot_cost": 51.688930956071516, "power_cost": 18.45774987792969, "noise_cost": 24.102956586142692, "n_waypoints_completed": 9, "tot_waypoints": 9}}
{"target": -190.70109523189285, "params": {"k_pid_pos": [0.9045312697324515, 0.05800487426380555, 0.1372094143809425], "k_pid_alt": [1.440318448763776, 0.0, 0.02005104433389032], "k_pid_att": [7.892473267073195, 5.228895085568433, 0.4706841776686834], "k_pid_yaw": [0.5, 1e-06, 0.1], "k_pid_hsp": [0.15873158902597903, 0.021382940745182478, 0.0], "k_pid_vsp": [332.7698139390739, 79.46050313760294, 0.1689270764351439]}, "datetime": {"datetime": "2025-08-13 18:41:45", "elapsed": 32033.152000427246, "delta": 17.149619340896606}, "costs": {"total_cost": 190.70109523189285, "time_cost": 70.336, "final_distance_cost": 1.8261132473537887, "oscillation_cost": 29.10803675751416, "completition_cost": 0.0, "overshoot_cost": 50.33835811325568, "power_cost": 17.561102868652345, "noise_cost": 21.531484245116893, "n_waypoints_completed": 9, "tot_waypoints": 9}}
{"target": -191.9864651221941, "params": {"k_pid_pos": [1.2425248243794187, 0.06586225259090915, 0.2887532405934841], "k_pid_alt": [1.29798666976924, 0.0, 0.01868985501972437], "k_pid_att": [9.28281289958426, 3.2343289438199037, 0.34769827229416284], "k_pid_yaw": [0.5, 1e-06, 0.1], "k_pid_hsp": [0.180000189163499, 0.019004082368977566, 0.0], "k_pid_vsp": [314.1429056979109, 87.21546786612517, 0.14543114451764408]}, "datetime": {"datetime": "2025-08-13 18:42:03", "elapsed": 32051.143301725388, "delta": 17.99130129814148}, "costs": {"total_cost": 191.9864651221941, "time_cost": 69.888, "final_distance_cost": 1.8155278929448506, "oscillation_cost": 29.86848389794997, "completition_cost": 0.0, "overshoot_cost": 50.88084219998092, "power_cost": 17.959437402343752, "noise_cost": 21.5741737289746, "n_waypoints_completed": 9, "tot_waypoints": 9}}
{"target": -188.08082253520928, "params": {"k_pid_pos": [0.9334755114616659, 0.04332523096909183, 0.3394308609629331], "k_pid_alt": [1.8918274807711775, 0.0, 0.02633865839548452], "k_pid_att": [17.01005516301228, 4.4842879882696485, 0.516617025783212], "k_pid_yaw": [0.5, 1e-06, 0.1], "k_pid_hsp": [0.23328428117557187, 0.023535002427498185, 0.0], "k_pid_vsp": [274.6732995414157, 79.65587860216046, 0.15324421699447877]}, "datetime": {"datetime": "2025-08-13 18:42:19", "elapsed": 32067.607848405838, "delta": 16.46454668045044}, "costs": {"total_cost": 188.08082253520928, "time_cost": 70.812, "final_distance_cost": 1.8481748202803217, "oscillation_cost": 26.608923659362944, "completition_cost": 0.0, "overshoot_cost": 50.68184618567174, "power_cost": 16.216435729980468, "noise_cost": 21.9134421399138, "n_waypoints_completed": 9, "tot_waypoints": 9}}
{"target": -194.2067330300463, "params": {"k_pid_pos": [0.5680566368886085, 0.04772628652746285, 0.3351378830476439], "k_pid_alt": [1.4734898863562418, 0.0, 0.029759671422546718], "k_pid_att": [12.068568482904823, 5.370187767851465, 0.5849743048613524], "k_pid_yaw": [0.5, 1e-06, 0.1], "k_pid_hsp": [0.1717065908745731, 0.025347290328300895, 0.0], "k_pid_vsp": [288.3381178548678, 119.83329822842639, 0.18385554232405923]}, "datetime": {"datetime": "2025-08-13 18:42:38", "elapsed": 32086.812704324722, "delta": 19.204855918884277}, "costs": {"total_cost": 194.2067330300463, "time_cost": 78.694, "final_distance_cost": 1.8520126152368717, "oscillation_cost": 25.18468883008395, "completition_cost": 0.0, "overshoot_cost": 51.060039995047035, "power_cost": 13.304205578613281, "noise_cost": 24.111786011065163, "n_waypoints_completed": 9, "tot_waypoints": 9}}
{"target": -228.11816852935812, "params": {"k_pid_pos": [0.40440143247172283, 0.04868350342577415, 0.22155272805157086], "k_pid_alt": [1.995210968363175, 0.0, 0.025587613229545825], "k_pid_att": [9.203618525716644, 4.720010483611179, 0.2680042931647511], "k_pid_yaw": [0.5, 1e-06, 0.1], "k_pid_hsp": [0.15879998643678586, 0.030699909617435184, 0.0], "k_pid_vsp": [338.2900499548245, 86.4198388933042, 0.17941596599329945]}, "datetime": {"datetime": "2025-08-13 18:42:59", "elapsed": 32107.757162809372, "delta": 20.944458484649658}, "costs": {"total_cost": 228.11816852935812, "time_cost": 87.36, "final_distance_cost": 1.855121196077499, "oscillation_cost": 23.86041607664934, "completition_cost": 0.0, "overshoot_cost": 54.79366317489929, "power_cost": 29.00893677978516, "noise_cost": 31.240031301946825, "n_waypoints_completed": 9, "tot_waypoints": 9}}
{"target": -183.72481457471423, "params": {"k_pid_pos": [1.1745610030841336, 0.05981299501737362, 0.36013761204770495], "k_pid_alt": [1.2010447853374469, 0.0, 0.03332323699654189], "k_pid_att": [10.457607607200478, 4.975273113124909, 0.42903930666567164], "k_pid_yaw": [0.5, 1e-06, 0.1], "k_pid_hsp": [0.17603052201799343, 0.012751225653384206, 0.0], "k_pid_vsp": [210.77259257505693, 147.54179331035425, 0.1002991609900944]}, "datetime": {"datetime": "2025-08-13 18:43:16", "elapsed": 32124.324582338333, "delta": 16.56741952896118}, "costs": {"total_cost": 183.72481457471423, "time_cost": 69.286, "final_distance_cost": 1.8379069608782361, "oscillation_cost": 29.040068388143936, "completition_cost": 0.0, "overshoot_cost": 49.974793451337874, "power_cost": 13.335908728027345, "noise_cost": 20.250137046326827, "n_waypoints_completed": 9, "tot_waypoints": 9}}
{"target": -187.32835478784446, "params": {"k_pid_pos": [1.0575034666254959, 0.028113331321894624, 0.27422824077130903], "k_pid_alt": [1.080337858637533, 0.0, 0.0328184214630357], "k_pid_att": [9.125873859541516, 2.8190133118198397, 0.6188688915982469], "k_pid_yaw": [0.5, 1e-06, 0.1], "k_pid_hsp": [0.13317566685712415, 0.02205115871988086, 0.0], "k_pid_vsp": [400.0, 86.61917186884155, 0.09969876578930659]}, "datetime": {"datetime": "2025-08-13 18:43:33", "elapsed": 32141.607411623, "delta": 17.28282928466797}, "costs": {"total_cost": 187.32835478784446, "time_cost": 70.364, "final_distance_cost": 1.842163123302445, "oscillation_cost": 29.141609281656798, "completition_cost": 0.0, "overshoot_cost": 50.56433709166926, "power_cost": 14.564706982421876, "noise_cost": 20.851538308794087, "n_waypoints_completed": 9, "tot_waypoints": 9}}
{"target": -188.92972943796164, "params": {"k_pid_pos": [1.2659538160418746, 0.05471599881800313, 0.1492377593240156], "k_pid_alt": [1.6521768167235595, 0.0, 0.03274822991119676], "k_pid_att": [7.391082286512835, 3.3688028594127943, 0.36051517423649043], "k_pid_yaw": [0.5, 1e-06, 0.1], "k_pid_hsp": [0.18275878129969692, 0.018481966437463273, 0.0], "k_pid_vsp": [283.27167294363625, 64.27570984367611, 0.18557110702458882]}, "datetime": {"datetime": "2025-08-13 18:43:50", "elapsed": 32158.592274665833, "delta": 16.98486304283142}, "costs": {"total_cost": 188.92972943796164, "time_cost": 69.258, "final_distance_cost": 1.8096386784878704, "oscillation_cost": 31.577484066589875, "completition_cost": 0.0, "overshoot_cost": 50.8855472145058, "power_cost": 14.886792224121095, "noise_cost": 20.512267254257022, "n_waypoints_completed": 9, "tot_waypoints": 9}}
{"target": -193.08873769943258, "params": {"k_pid_pos": [0.6780933870711414, 0.03482247046383639, 0.23611154786105878], "k_pid_alt": [1.876814090456989, 0.0, 0.02154890068963389], "k_pid_att": [13.59367622557658, 4.210988089880307, 0.9603241597583212], "k_pid_yaw": [0.5, 1e-06, 0.1], "k_pid_hsp": [0.21464933429282854, 0.012924010756735339, 0.0], "k_pid_vsp": [400.0, 160.67623074819457, 0.14755124677431045]}, "datetime": {"datetime": "2025-08-13 18:44:09", "elapsed": 32177.027213573456, "delta": 18.43493890762329}, "costs": {"total_cost": 193.08873769943258, "time_cost": 73.927, "final_distance_cost": 1.8519183469121043, "oscillation_cost": 26.352716353625787, "completition_cost": 0.0, "overshoot_cost": 51.11470772273127, "power_cost": 16.401937377929688, "noise_cost": 23.440457898233745, "n_waypoints_completed": 9, "tot_waypoints": 9}}
{"target": -185.9834893702469, "params": {"k_pid_pos": [0.9804058183963439, 0.03902902599521619, 0.2906472772258164], "k_pid_alt": [1.4232587939798478, 0.0, 0.023830485074436584], "k_pid_att": [9.205241718298572, 4.14484853076823, 0.66129064272861], "k_pid_yaw": [0.5, 1e-06, 0.1], "k_pid_hsp": [0.17959154963266488, 0.020006200905156316, 0.0], "k_pid_vsp": [222.7954406082783, 115.12575819013534, 0.15455149734664633]}, "datetime": {"datetime": "2025-08-13 18:44:25", "elapsed": 32193.872225999832, "delta": 16.845012426376343}, "costs": {"total_cost": 185.9834893702469, "time_cost": 69.552, "final_distance_cost": 1.8405436710285479, "oscillation_cost": 28.08428500811986, "completition_cost": 0.0, "overshoot_cost": 49.90424386482095, "power_cost": 15.457346752929688, "noise_cost": 21.145070073347856, "n_waypoints_completed": 9, "tot_waypoints": 9}}
{"target": -181.14056886881687, "params": {"k_pid_pos": [0.9374441927941533, 0.04481580538753166, 0.2784893238637414], "k_pid_alt": [0.921834697274948, 0.0, 0.02462203718620222], "k_pid_att": [11.859857975754535, 2.761819489519532, 0.805727110145049], "k_pid_yaw": [0.5, 1e-06, 0.1], "k_pid_hsp": [0.18117782762501533, 0.01640040803970867, 0.0], "k_pid_vsp": [205.7595874890118, 121.90432884217672, 0.1789152280715408]}, "datetime": {"datetime": "2025-08-13 18:44:42", "elapsed": 32210.671906471252, "delta": 16.799680471420288}, "costs": {"total_cost": 181.14056886881687, "time_cost": 71.043, "final_distance_cost": 1.842913306066686, "oscillation_cost": 27.358111722740407, "completition_cost": 0.0, "overshoot_cost": 50.115784724812784, "power_cost": 10.908149841308594, "noise_cost": 19.87260927388839, "n_waypoints_completed": 9, "tot_waypoints": 9}}
