{"target": -182.6214255577287, "params": {"k_pid_pos": [1.449190564228412, 0.0954463015331059, 0.27728255121443557], "k_pid_alt": [2.0, 0.0, 0.029229362441603266], "k_pid_att": [29.882208698550546, 2.1093658098391077, 0.48975569303050404], "k_pid_yaw": [0.5, 1e-06, 0.1], "k_pid_hsp": [0.3614707884428489, 0.058358570672098535, 0.0], "k_pid_vsp": [315.21754005435326, 197.73360022892984, 0.29964459638229507]}, "datetime": {"datetime": "2025-08-13 13:58:36", "elapsed": 15044.16904258728, "delta": 17.13696813583374}, "costs": {"total_cost": 182.6214255577287, "time_cost": 68.299, "final_distance_cost": 1.8143190343997833, "oscillation_cost": 31.935093933756566, "completition_cost": 0.0, "overshoot_cost": 49.61318896137828, "power_cost": 11.546801928710938, "noise_cost": 19.413021699483114, "n_waypoints_completed": 9, "tot_waypoints": 9}}
{"target": -188.74331072014576, "params": {"k_pid_pos": [0.9651769216118785, 0.22898532036500616, 0.30687314108910274], "k_pid_alt": [1.3241703840243977, 0.0, 0.02932722926685145], "k_pid_att": [27.09777990021196, 5.9456868199718045, 0.6845045147378072], "k_pid_yaw": [0.5, 1e-06, 0.1], "k_pid_hsp": [0.914947066950141, 0.02811510348194278, 0.0], "k_pid_vsp": [203.45793017791425, 164.1694603526108, 0.23490869913497078]}, "datetime": {"datetime": "2025-08-13 13:58:56", "elapsed": 15064.206707715988, "delta": 20.037665128707886}, "costs": {"total_cost": 188.74331072014576, "time_cost": 72.128, "final_distance_cost": 1.8146510810369945, "oscillation_cost": 30.288237762281895, "completition_cost": 0.0, "overshoot_cost": 50.25592288609707, "power_cost": 12.927854431152344, "noise_cost": 21.32864455957744, "n_waypoints_completed": 9, "tot_waypoints": 9}}
{"target": -184.1424316083091, "params": {"k_pid_pos": [1.2939081087517976, 0.11062974565702699, 0.11826034902872724], "k_pid_alt": [2.0, 0.0, 0.036205400398934155], "k_pid_att": [39.01421974989561, 6.67262877638987, 0.5860194396987812], "k_pid_yaw": [0.5, 1e-06, 0.1], "k_pid_hsp": [0.3712713711512204, 0.0689993486908007, 0.0], "k_pid_vsp": [232.69922370346617, 152.488175760345, 0.3639983998595902]}, "datetime": {"datetime": "2025-08-13 13:59:16", "elapsed": 15084.079572677612, "delta": 19.872864961624146}, "costs": {"total_cost": 184.1424316083091, "time_cost": 68.348, "final_distance_cost": 1.8084699040077108, "oscillation_cost": 32.445555811691825, "completition_cost": 0.0, "overshoot_cost": 49.44510486155802, "power_cost": 12.44409881591797, "noise_cost": 19.651202215133548, "n_waypoints_completed": 9, "tot_waypoints": 9}}
{"target": -187.36990941379554, "params": {"k_pid_pos": [1.5327038954063765, 0.15207716280787356, 0.34650374257496974], "k_pid_alt": [1.5796571894770821, 0.003953642483984506, 0.06133874164327918], "k_pid_att": [32.798476453067686, 7.479521662267776, 0.18313010282110595], "k_pid_yaw": [0.5, 1e-06, 0.1], "k_pid_hsp": [0.8855027546457839, 0.009067755484794207, 0.0], "k_pid_vsp": [107.48825198407947, 67.96337634078424, 0.20400616795943818]}, "datetime": {"datetime": "2025-08-13 13:59:36", "elapsed": 15104.895295858383, "delta": 20.815723180770874}, "costs": {"total_cost": 187.36990941379554, "time_cost": 69.111, "final_distance_cost": 1.8220017671419877, "oscillation_cost": 33.40237900559972, "completition_cost": 0.0, "overshoot_cost": 50.551993318406474, "power_cost": 12.642471203613281, "noise_cost": 19.840064119034114, "n_waypoints_completed": 9, "tot_waypoints": 9}}
{"target": -194.09268717157676, "params": {"k_pid_pos": [1.4752802800587663, 0.08025022973759895, 0.22022029200566676], "k_pid_alt": [1.4219655703423546, 0.01277938924777148, 0.015012424349934625], "k_pid_att": [45.8441143206995, 5.415121851235789, 0.4482258886120957], "k_pid_yaw": [0.5, 1e-06, 0.1], "k_pid_hsp": [0.7598610938257919, 0.04700914072277079, 0.0], "k_pid_vsp": [297.4116933390415, 166.82522663944022, 0.1830922383170327]}, "datetime": {"datetime": "2025-08-13 13:59:54", "elapsed": 15122.595075845718, "delta": 17.699779987335205}, "costs": {"total_cost": 194.09268717157676, "time_cost": 70.413, "final_distance_cost": 1.8071270158175972, "oscillation_cost": 33.06691555657419, "completition_cost": 0.0, "overshoot_cost": 50.595603993328396, "power_cost": 16.915656762695313, "noise_cost": 21.2943838431613, "n_waypoints_completed": 9, "tot_waypoints": 9}}
{"target": -187.57841080681143, "params": {"k_pid_pos": [1.7737902435853918, 0.14424173823752023, 0.45527402217162133], "k_pid_alt": [1.4611010255962753, 0.0, 0.01922801307564818], "k_pid_att": [23.99782342005339, 7.79175035284149, 0.5569771946068962], "k_pid_yaw": [0.5, 1e-06, 0.1], "k_pid_hsp": [0.3119059131362905, 0.04013869096032842, 0.0], "k_pid_vsp": [312.29020003777896, 210.1316577864222, 0.3335894452639407]}, "datetime": {"datetime": "2025-08-13 14:00:12", "elapsed": 15140.451790094376, "delta": 17.856714248657227}, "costs": {"total_cost": 187.57841080681143, "time_cost": 68.768, "final_distance_cost": 1.816427010980997, "oscillation_cost": 32.099928178062136, "completition_cost": 0.0, "overshoot_cost": 49.906487871839595, "power_cost": 14.697558044433594, "noise_cost": 20.290009701495073, "n_waypoints_completed": 9, "tot_waypoints": 9}}
{"target": -206.28937734472873, "params": {"k_pid_pos": [0.7743611913093179, 0.05016946143016693, 0.48625019625396204], "k_pid_alt": [1.3876957316548069, 0.0052745897588684495, 0.056519282507690394], "k_pid_att": [27.351794200826323, 6.0479968730905815, 0.595074895203762], "k_pid_yaw": [0.5, 1e-06, 0.1], "k_pid_hsp": [0.09995415578060919, 0.05793139885287518, 0.0], "k_pid_vsp": [217.80412150179825, 1e-06, 0.3946057740527507]}, "datetime": {"datetime": "2025-08-13 14:00:38", "elapsed": 15166.445374011993, "delta": 25.993583917617798}, "costs": {"total_cost": 206.28937734472873, "time_cost": 79.093, "final_distance_cost": 1.8575957837013921, "oscillation_cost": 30.528426502139023, "completition_cost": 0.0, "overshoot_cost": 51.76562844039755, "power_cost": 17.488540954589844, "noise_cost": 25.55618566390091, "n_waypoints_completed": 9, "tot_waypoints": 9}}
{"target": -231.39053516773123, "params": {"k_pid_pos": [1.7617929380913349, 0.11585224660795558, 0.04513862052303669], "k_pid_alt": [1.2386540786924507, 0.0, 0.04012864971688566], "k_pid_att": [36.957589946879416, 4.661262156297913, 0.8200319798742267], "k_pid_yaw": [0.5, 1e-06, 0.1], "k_pid_hsp": [0.07261160263690525, 0.04537791881720502, 0.0], "k_pid_vsp": [313.72937317881, 339.3368632304162, 1e-06]}, "datetime": {"datetime": "2025-08-13 14:01:03", "elapsed": 15191.52794098854, "delta": 25.08256697654724}, "costs": {"total_cost": 231.39053516773123, "time_cost": 78.876, "final_distance_cost": 1.7622314491973963, "oscillation_cost": 48.42446882604709, "completition_cost": 0.0, "overshoot_cost": 53.456374836022086, "power_cost": 24.21450877685547, "noise_cost": 24.656951279609174, "n_waypoints_completed": 9, "tot_waypoints": 9}}
{"target": -1214.7949683368847, "params": {"k_pid_pos": [0.00349371095308267, 0.19929201850984068, 0.4047245126697705], "k_pid_alt": [2.0, 0.0, 0.05296863986530196], "k_pid_att": [8.229163332584603, 6.085911625912035, 0.6986293485628104], "k_pid_yaw": [0.5, 1e-06, 0.1], "k_pid_hsp": [0.6686806773937577, 0.055304152031979005, 0.0], "k_pid_vsp": [243.7404623591419, 55.64011183410175, 0.21449829939918028]}, "datetime": {"datetime": "2025-08-13 14:01:35", "elapsed": 15223.623062372208, "delta": 32.09512138366699}, "costs": {"total_cost": 1214.7949683368847, "time_cost": 150, "final_distance_cost": 64.45961458421772, "oscillation_cost": 5.0475651429011865, "completition_cost": 888.8888888888888, "overshoot_cost": 45.00794397366188, "power_cost": 26.916534997558596, "noise_cost": 34.47442074965661, "n_waypoints_completed": 1, "tot_waypoints": 9}}
{"target": -207.02242849111136, "params": {"k_pid_pos": [1.4357193083122777, 0.1494409467772155, 0.09051696759476217], "k_pid_alt": [0.7321011855651971, 0.0, 0.027941577084528314], "k_pid_att": [24.375135202496338, 6.631878240178126, 0.5584332271696466], "k_pid_yaw": [0.5, 1e-06, 0.1], "k_pid_hsp": [1.1655143712364342, 0.0463092601812799, 0.0], "k_pid_vsp": [310.855288488334, 51.00507830816391, 0.1877508340901994]}, "datetime": {"datetime": "2025-08-13 14:01:54", "elapsed": 15242.056434631348, "delta": 18.433372259140015}, "costs": {"total_cost": 207.02242849111136, "time_cost": 74.711, "final_distance_cost": 1.806854168355232, "oscillation_cost": 35.35467821879754, "completition_cost": 0.0, "overshoot_cost": 51.29867256791073, "power_cost": 21.0895291015625, "noise_cost": 22.761694434485342, "n_waypoints_completed": 9, "tot_waypoints": 9}}
{"target": -217.17326912300723, "params": {"k_pid_pos": [0.44293642300152364, 0.11524141017693686, 0.24342024286208042], "k_pid_alt": [1.535479609105326, 0.00012412570925544834, 0.025302575052988354], "k_pid_att": [21.909221275590976, 4.105668261657931, 0.9108576155424765], "k_pid_yaw": [0.5, 1e-06, 0.1], "k_pid_hsp": [0.35261702138903656, 0.042549157836857275, 0.0], "k_pid_vsp": [400.0, 142.66684092772576, 0.3437922473126445]}, "datetime": {"datetime": "2025-08-13 14:02:15", "elapsed": 15263.496771335602, "delta": 21.44033670425415}, "costs": {"total_cost": 217.17326912300723, "time_cost": 86.436, "final_distance_cost": 1.842907875859022, "oscillation_cost": 24.783278512313018, "completition_cost": 0.0, "overshoot_cost": 53.0805110480903, "power_cost": 22.706852197265626, "noise_cost": 28.323719489479256, "n_waypoints_completed": 9, "tot_waypoints": 9}}
{"target": -201.83447681121675, "params": {"k_pid_pos": [0.7618295513041818, 0.12094853961152252, 0.20881002148543107], "k_pid_alt": [1.1359924021786216, 0.0, 0.06128299011236199], "k_pid_att": [62.09461353356764, 5.6718651360176615, 0.9019748696868864], "k_pid_yaw": [0.5, 1e-06, 0.1], "k_pid_hsp": [0.10126734100521813, 0.04704218781860686, 0.0], "k_pid_vsp": [222.06198729063635, 367.0178043104191, 0.21547500199436562]}, "datetime": {"datetime": "2025-08-13 14:02:36", "elapsed": 15284.87410235405, "delta": 21.377331018447876}, "costs": {"total_cost": 201.83447681121675, "time_cost": 82.32000000000001, "final_distance_cost": 1.8449247851873392, "oscillation_cost": 32.57676170814696, "completition_cost": 0.0, "overshoot_cost": 51.020612294413105, "power_cost": 11.562624768066406, "noise_cost": 22.509553255402917, "n_waypoints_completed": 9, "tot_waypoints": 9}}
{"target": -259.25373185089506, "params": {"k_pid_pos": [0.181253587049365, 0.1781584864329714, 0.27807150133930886], "k_pid_alt": [1.81458086214559, 0.0017691558200925897, 0.06169883035756377], "k_pid_att": [18.647644584659812, 8.136783730527192, 1.0], "k_pid_yaw": [0.5, 1e-06, 0.1], "k_pid_hsp": [0.960354113924446, 0.03976367877118617, 0.0], "k_pid_vsp": [400.0, 67.581167799809, 0.1467754055902354]}, "datetime": {"datetime": "2025-08-13 14:03:04", "elapsed": 15312.256962299347, "delta": 27.38285994529724}, "costs": {"total_cost": 259.25373185089506, "time_cost": 108.976, "final_distance_cost": 1.8459513995900416, "oscillation_cost": 21.140086879604983, "completition_cost": 0.0, "overshoot_cost": 62.54470799060262, "power_cost": 27.630142736816406, "noise_cost": 37.116842844280995, "n_waypoints_completed": 9, "tot_waypoints": 9}}
{"target": -200.14145679720346, "params": {"k_pid_pos": [0.7483413404102853, 0.13249604519085986, 0.3351442437039635], "k_pid_alt": [1.4463915282826576, 0.0, 0.026544166265545593], "k_pid_att": [11.542652076369086, 5.488288240348811, 0.8064217780181681], "k_pid_yaw": [0.5, 1e-06, 0.1], "k_pid_hsp": [0.9602511436633749, 0.025276257648065934, 0.0], "k_pid_vsp": [400.0, 117.59029378925707, 1e-06]}, "datetime": {"datetime": "2025-08-13 14:03:24", "elapsed": 15332.760888338089, "delta": 20.503926038742065}, "costs": {"total_cost": 200.14145679720346, "time_cost": 77.812, "final_distance_cost": 1.8315929253873426, "oscillation_cost": 29.517665200101277, "completition_cost": 0.0, "overshoot_cost": 51.54577937897975, "power_cost": 15.506451257324219, "noise_cost": 23.927968035410885, "n_waypoints_completed": 9, "tot_waypoints": 9}}
{"target": -199.73322130307866, "params": {"k_pid_pos": [0.9540875288527974, 0.20538862210464137, 0.2612167329503265], "k_pid_alt": [2.0, 0.00034284728548519887, 0.060713782421055414], "k_pid_att": [41.11548771590546, 7.946505119463132, 0.9498225076520548], "k_pid_yaw": [0.5, 1e-06, 0.1], "k_pid_hsp": [1.017163769813872, 0.04910102527676394, 0.0], "k_pid_vsp": [108.65018622282946, 227.95174680755346, 0.16140478792784443]}, "datetime": {"datetime": "2025-08-13 14:03:43", "elapsed": 15351.362623214722, "delta": 18.60173487663269}, "costs": {"total_cost": 199.73322130307866, "time_cost": 72.331, "final_distance_cost": 1.8302163012208796, "oscillation_cost": 32.30220076332939, "completition_cost": 0.0, "overshoot_cost": 51.17877616878243, "power_cost": 19.151411437988283, "noise_cost": 22.93961663175767, "n_waypoints_completed": 9, "tot_waypoints": 9}}
{"target": -193.66350174488602, "params": {"k_pid_pos": [1.2843994477486917, 0.19623504268768857, 0.3244757763820409], "k_pid_alt": [1.6591817109430356, 0.0, 0.041027433268504665], "k_pid_att": [37.02432112351076, 7.432991247092057, 0.36577096017908683], "k_pid_yaw": [0.5, 1e-06, 0.1], "k_pid_hsp": [0.43231849353232804, 0.02227687846661228, 0.0], "k_pid_vsp": [206.64121646490443, 187.85593122546348, 1e-06]}, "datetime": {"datetime": "2025-08-13 14:04:02", "elapsed": 15370.224689722061, "delta": 18.862066507339478}, "costs": {"total_cost": 193.66350174488602, "time_cost": 70.46900000000001, "final_distance_cost": 1.8010735569714242, "oscillation_cost": 30.288154729661294, "completition_cost": 0.0, "overshoot_cost": 51.10342487222074, "power_cost": 18.067610131835938, "noise_cost": 21.93423845419658, "n_waypoints_completed": 9, "tot_waypoints": 9}}
{"target": -185.1984882098806, "params": {"k_pid_pos": [1.5555988291463498, 0.11843853425982753, 0.08507775668869903], "k_pid_alt": [2.0, 0.0, 0.07099999751432214], "k_pid_att": [46.36631772566912, 4.684134554030196, 0.24326374124284963], "k_pid_yaw": [0.5, 1e-06, 0.1], "k_pid_hsp": [0.6674654985537941, 0.05216285550341204, 0.0], "k_pid_vsp": [220.4252748983503, 228.27662882789025, 1e-06]}, "datetime": {"datetime": "2025-08-13 14:04:20", "elapsed": 15388.026728868484, "delta": 17.80203914642334}, "costs": {"total_cost": 185.1984882098806, "time_cost": 67.872, "final_distance_cost": 1.78533558433353, "oscillation_cost": 35.552918090310406, "completition_cost": 0.0, "overshoot_cost": 50.03428729717204, "power_cost": 11.036389331054687, "noise_cost": 18.917557907009915, "n_waypoints_completed": 9, "tot_waypoints": 9}}
{"target": -193.0830032052587, "params": {"k_pid_pos": [1.7056612384850869, 0.12874831019946037, 0.30457640662016106], "k_pid_alt": [2.0, 0.0, 0.06533547722972832], "k_pid_att": [32.51947649608406, 6.1512440500133705, 0.2520573056453281], "k_pid_yaw": [0.5, 1e-06, 0.1], "k_pid_hsp": [0.884980794932191, 0.03971468628198485, 0.0], "k_pid_vsp": [329.0732883601291, 369.0550878943932, 0.24189606863216243]}, "datetime": {"datetime": "2025-08-13 14:04:37", "elapsed": 15405.607569217682, "delta": 17.580840349197388}, "costs": {"total_cost": 193.0830032052587, "time_cost": 69.265, "final_distance_cost": 1.8059099920993236, "oscillation_cost": 32.25658200476696, "completition_cost": 0.0, "overshoot_cost": 50.24839479627797, "power_cost": 18.29448073730469, "noise_cost": 21.212635674809743, "n_waypoints_completed": 9, "tot_waypoints": 9}}
{"target": -192.22607562326493, "params": {"k_pid_pos": [0.9380030639483842, 0.12138454969881794, 0.21750964073011972], "k_pid_alt": [2.0, 0.0, 0.05656370467891797], "k_pid_att": [25.8492769323592, 5.759669311972497, 0.8737303363550305], "k_pid_yaw": [0.5, 1e-06, 0.1], "k_pid_hsp": [0.5325629461986484, 0.022088206159422686, 0.0], "k_pid_vsp": [275.726923002795, 71.79971057996569, 0.23216063449488347]}, "datetime": {"datetime": "2025-08-13 14:04:54", "elapsed": 15422.935260295868, "delta": 17.327691078186035}, "costs": {"total_cost": 192.22607562326493, "time_cost": 71.12, "final_distance_cost": 1.8242029976339873, "oscillation_cost": 28.711742056023564, "completition_cost": 0.0, "overshoot_cost": 51.36794847221254, "power_cost": 16.982989562988283, "noise_cost": 22.219192534406538, "n_waypoints_completed": 9, "tot_waypoints": 9}}
{"target": -197.79738088403394, "params": {"k_pid_pos": [0.8987149288774616, 0.07161182697379741, 0.39710167969594345], "k_pid_alt": [2.0, 0.0, 0.0673299076005711], "k_pid_att": [53.29822565092962, 2.8037846756879574, 0.09134903459407294], "k_pid_yaw": [0.5, 1e-06, 0.1], "k_pid_hsp": [0.7455525201512772, 0.026508301935177603, 0.0], "k_pid_vsp": [262.1527455803529, 185.33554140511922, 0.22431545294492605]}, "datetime": {"datetime": "2025-08-13 14:05:13", "elapsed": 15441.718767404556, "delta": 18.783507108688354}, "costs": {"total_cost": 197.79738088403394, "time_cost": 73.262, "final_distance_cost": 1.8406134299430974, "oscillation_cost": 37.06403494156799, "completition_cost": 0.0, "overshoot_cost": 50.60900590017074, "power_cost": 13.134325646972657, "noise_cost": 21.88740096537945, "n_waypoints_completed": 9, "tot_waypoints": 9}}
{"target": -183.98396753682687, "params": {"k_pid_pos": [1.6195936065752408, 0.07365938074283071, 0.35447836984916203], "k_pid_alt": [2.0, 0.0, 0.028360718150319496], "k_pid_att": [26.165259195209387, 7.97364907746947, 0.6834247500609519], "k_pid_yaw": [0.5, 1e-06, 0.1], "k_pid_hsp": [0.7955174395600375, 0.04293292202709801, 0.0], "k_pid_vsp": [169.73750559055122, 190.37562618134953, 0.19428218302375125]}, "datetime": {"datetime": "2025-08-13 14:05:31", "elapsed": 15459.076590538025, "delta": 17.357823133468628}, "costs": {"total_cost": 183.98396753682687, "time_cost": 68.278, "final_distance_cost": 1.8138514097929344, "oscillation_cost": 32.46407524750652, "completition_cost": 0.0, "overshoot_cost": 49.89573876217101, "power_cost": 12.014838806152344, "noise_cost": 19.51746331120403, "n_waypoints_completed": 9, "tot_waypoints": 9}}
{"target": -187.75869357133516, "params": {"k_pid_pos": [1.2190079262853826, 0.07559769852989782, 0.1615068357813919], "k_pid_alt": [2.0, 0.0, 0.04078033109730871], "k_pid_att": [48.444691173176274, 7.506390521522168, 0.3585098200706554], "k_pid_yaw": [0.5, 1e-06, 0.1], "k_pid_hsp": [0.4783954268192536, 0.029540007504832894, 0.0], "k_pid_vsp": [124.08287396568069, 14.82631789476577, 0.1790332156221778]}, "datetime": {"datetime": "2025-08-13 14:05:49", "elapsed": 15477.021562099457, "delta": 17.944971561431885}, "costs": {"total_cost": 187.75869357133516, "time_cost": 69.965, "final_distance_cost": 1.828331442506191, "oscillation_cost": 31.040292817750384, "completition_cost": 0.0, "overshoot_cost": 51.117158984993324, "power_cost": 13.150933032226563, "noise_cost": 20.65697729385869, "n_waypoints_completed": 9, "tot_waypoints": 9}}
{"target": -184.24947347371227, "params": {"k_pid_pos": [2.0, 0.1753731713270071, 0.2786203626832013], "k_pid_alt": [2.0, 0.008923281165201235, 0.04543270180684972], "k_pid_att": [44.92352269936432, 6.352621400572077, 0.5867534155957004], "k_pid_yaw": [0.5, 1e-06, 0.1], "k_pid_hsp": [0.5670250856446715, 0.017709418411471816, 0.0], "k_pid_vsp": [284.1564717295094, 200.80787943560384, 0.2744640271284629]}, "datetime": {"datetime": "2025-08-13 14:06:06", "elapsed": 15494.591221570969, "delta": 17.56965947151184}, "costs": {"total_cost": 184.24947347371227, "time_cost": 68.446, "final_distance_cost": 1.779371513111015, "oscillation_cost": 34.76395970657732, "completition_cost": 0.0, "overshoot_cost": 50.344904712153976, "power_cost": 10.092956372070313, "noise_cost": 18.822281169799666, "n_waypoints_completed": 9, "tot_waypoints": 9}}
{"target": -196.17979842891708, "params": {"k_pid_pos": [1.4113896314379364, 0.13274974758222124, 0.3197045940616702], "k_pid_alt": [2.0, 0.00040383741476996245, 0.053000569898128985], "k_pid_att": [32.724156935409745, 6.426539411084293, 0.28109266987921994], "k_pid_yaw": [0.5, 1e-06, 0.1], "k_pid_hsp": [0.7909127363017084, 0.041305171037416315, 0.0], "k_pid_vsp": [279.6163412795846, 132.82967940731535, 1e-06]}, "datetime": {"datetime": "2025-08-13 14:06:25", "elapsed": 15513.9146733284, "delta": 19.32345175743103}, "costs": {"total_cost": 196.17979842891708, "time_cost": 69.811, "final_distance_cost": 1.8215315679960165, "oscillation_cost": 31.886781526053973, "completition_cost": 0.0, "overshoot_cost": 50.74312896579931, "power_cost": 19.845824414062502, "noise_cost": 22.071531955005263, "n_waypoints_completed": 9, "tot_waypoints": 9}}
{"target": -189.36685216444192, "params": {"k_pid_pos": [1.3389220127084744, 0.09572286475507996, 0.07298896976131286], "k_pid_alt": [1.2634343023744459, 0.0038681694211365014, 0.06852164997471877], "k_pid_att": [53.51574859318381, 8.550602378474077, 0.7104417794135518], "k_pid_yaw": [0.5, 1e-06, 0.1], "k_pid_hsp": [0.9813777845881008, 0.035682506179476874, 0.0], "k_pid_vsp": [259.70820511918737, 400.0, 0.020224710508639956]}, "datetime": {"datetime": "2025-08-13 14:06:43", "elapsed": 15531.188074350357, "delta": 17.273401021957397}, "costs": {"total_cost": 189.36685216444192, "time_cost": 68.929, "final_distance_cost": 1.8034035112077236, "oscillation_cost": 32.39017470804208, "completition_cost": 0.0, "overshoot_cost": 50.014774206503446, "power_cost": 15.704552648925782, "noise_cost": 20.524947089762886, "n_waypoints_completed": 9, "tot_waypoints": 9}}
