{"target": -194.15380984937215, "params": {"k_pid_pos": [0.8772337369820463, 0.047716130298557126, 0.2733101392028764], "k_pid_alt": [1.5011303710269015, 0.0, 0.024293482739117578], "k_pid_att": [10.071727967724861, 4.165023115219092, 0.5140676778645012], "k_pid_yaw": [0.5, 1e-06, 0.1], "k_pid_hsp": [0.1650026173433464, 0.010422516573015399, 0.0], "k_pid_vsp": [281.14918660922825, 114.2118586089677, 0.17851651242535116]}, "datetime": {"datetime": "2025-08-13 22:31:30", "elapsed": 45818.07498168945, "delta": 18.33125376701355}, "costs": {"total_cost": 194.15380984937215, "time_cost": 71.169, "final_distance_cost": 1.833857155891445, "oscillation_cost": 26.421180211977198, "completition_cost": 0.0, "overshoot_cost": 51.19891819293338, "power_cost": 20.50531531982422, "noise_cost": 23.025538968745916, "n_waypoints_completed": 9, "tot_waypoints": 9}}
{"target": -186.6130726328957, "params": {"k_pid_pos": [1.0688898158110958, 0.05456270811030214, 0.28128056516937167], "k_pid_alt": [1.6544682139825155, 0.0, 0.027574967383002007], "k_pid_att": [11.390055758453412, 2.950595481287927, 0.5955687789624015], "k_pid_yaw": [0.5, 1e-06, 0.1], "k_pid_hsp": [0.20307166857362624, 0.010946614582544428, 0.0], "k_pid_vsp": [266.2874792911769, 119.10488068526547, 0.20383352680853103]}, "datetime": {"datetime": "2025-08-13 22:31:46", "elapsed": 45834.126918792725, "delta": 16.051937103271484}, "costs": {"total_cost": 186.6130726328957, "time_cost": 69.57300000000001, "final_distance_cost": 1.8254535010060042, "oscillation_cost": 27.88038402311956, "completition_cost": 0.0, "overshoot_cost": 50.5291385484673, "power_cost": 15.60579013671875, "noise_cost": 21.199306423584055, "n_waypoints_completed": 9, "tot_waypoints": 9}}
{"target": -184.99254488903637, "params": {"k_pid_pos": [0.9021633903766002, 0.05353116619653723, 0.35464503943600784], "k_pid_alt": [1.3342962186010954, 0.0, 0.027198670832740825], "k_pid_att": [9.565383871660188, 4.53588684193259, 0.5997604560783752], "k_pid_yaw": [0.5, 1e-06, 0.1], "k_pid_hsp": [0.20437566916517777, 0.009490104598123663, 0.0], "k_pid_vsp": [244.84166681173016, 125.28604491337329, 0.17378356531888015]}, "datetime": {"datetime": "2025-08-13 22:32:03", "elapsed": 45851.93696093559, "delta": 17.810042142868042}, "costs": {"total_cost": 184.99254488903637, "time_cost": 71.47, "final_distance_cost": 1.847628350715827, "oscillation_cost": 27.152349261975374, "completition_cost": 0.0, "overshoot_cost": 50.47143688485736, "power_cost": 12.940245690917969, "noise_cost": 21.11088470056985, "n_waypoints_completed": 9, "tot_waypoints": 9}}
{"target": -180.91112826816035, "params": {"k_pid_pos": [0.8360483361095961, 0.05928182617759697, 0.2769518067881465], "k_pid_alt": [1.659107172595472, 0.0, 0.020685202040259167], "k_pid_att": [9.765078215662635, 4.450583885736704, 0.6813774721777008], "k_pid_yaw": [0.5, 1e-06, 0.1], "k_pid_hsp": [0.21372773248059587, 0.010901002056198464, 0.0], "k_pid_vsp": [278.31407537977435, 89.7469335897718, 0.13307182267924475]}, "datetime": {"datetime": "2025-08-13 22:32:21", "elapsed": 45869.95882153511, "delta": 18.021860599517822}, "costs": {"total_cost": 180.91112826816035, "time_cost": 71.113, "final_distance_cost": 1.8324728669261763, "oscillation_cost": 26.722116099625353, "completition_cost": 0.0, "overshoot_cost": 50.36243661297085, "power_cost": 10.510783435058594, "noise_cost": 20.370319253579385, "n_waypoints_completed": 9, "tot_waypoints": 9}}
{"target": -197.14089681100586, "params": {"k_pid_pos": [0.9348646483672577, 0.04764056215935128, 0.3209539782873439], "k_pid_alt": [1.3872760496796686, 0.0, 0.022428949223030514], "k_pid_att": [8.24724488031415, 4.649895629451411, 0.6029592869354743], "k_pid_yaw": [0.5, 1e-06, 0.1], "k_pid_hsp": [0.2355809481163967, 0.010277293076198115, 0.0], "k_pid_vsp": [256.84116262207453, 139.40727277219204, 0.19613032673429656]}, "datetime": {"datetime": "2025-08-13 22:32:39", "elapsed": 45887.54967927933, "delta": 17.59085774421692}, "costs": {"total_cost": 197.14089681100586, "time_cost": 71.61, "final_distance_cost": 1.845356704331812, "oscillation_cost": 28.411846161314394, "completition_cost": 0.0, "overshoot_cost": 51.466185743192774, "power_cost": 20.94462061767578, "noise_cost": 22.86288758449113, "n_waypoints_completed": 9, "tot_waypoints": 9}}
{"target": -214.66654622114888, "params": {"k_pid_pos": [0.8484321617607001, 0.05090697617561731, 0.2928178436492701], "k_pid_alt": [1.3817282767510264, 0.0, 0.024000928348801076], "k_pid_att": [10.209855700944468, 4.5410758055885045, 0.509778038900592], "k_pid_yaw": [0.5, 1e-06, 0.1], "k_pid_hsp": [0.18144296629216897, 0.010372032340422298, 0.0], "k_pid_vsp": [312.81926889547054, 102.45481372569714, 0.13901618219097786]}, "datetime": {"datetime": "2025-08-13 22:32:58", "elapsed": 45906.0388007164, "delta": 18.489121437072754}, "costs": {"total_cost": 214.66654622114888, "time_cost": 76.482, "final_distance_cost": 1.8333088936314528, "oscillation_cost": 27.872063844704194, "completition_cost": 0.0, "overshoot_cost": 54.05211839628388, "power_cost": 28.588577673339845, "noise_cost": 25.838477413189505, "n_waypoints_completed": 9, "tot_waypoints": 9}}
{"target": -179.57111840521995, "params": {"k_pid_pos": [0.8738506258947226, 0.05210113747382652, 0.25595180665454537], "k_pid_alt": [1.5807618033991615, 0.0, 0.024806227124361632], "k_pid_att": [10.347499515759692, 3.5927016037479085, 0.5974250730058835], "k_pid_yaw": [0.5, 1e-06, 0.1], "k_pid_hsp": [0.1926796252229079, 0.013140107600580923, 0.0], "k_pid_vsp": [289.3250390411925, 95.12805773588519, 0.18758501374148054]}, "datetime": {"datetime": "2025-08-13 22:33:15", "elapsed": 45923.411521434784, "delta": 17.37272071838379}, "costs": {"total_cost": 179.57111840521995, "time_cost": 70.161, "final_distance_cost": 1.8438363386722487, "oscillation_cost": 26.762856780227708, "completition_cost": 0.0, "overshoot_cost": 50.180124303363456, "power_cost": 10.69883544921875, "noise_cost": 19.92446553373775, "n_waypoints_completed": 9, "tot_waypoints": 9}}
{"target": -182.70110082922696, "params": {"k_pid_pos": [0.9380062713830818, 0.05803955633634141, 0.23247223802136516], "k_pid_alt": [1.3765822917496957, 0.0, 0.01917829794264859], "k_pid_att": [10.748518147154613, 4.14212617603179, 0.585876479087192], "k_pid_yaw": [0.5, 1e-06, 0.1], "k_pid_hsp": [0.23810741499970492, 0.011497402537639125, 0.0], "k_pid_vsp": [312.3392936847578, 134.65112586166092, 0.16675561587018062]}, "datetime": {"datetime": "2025-08-13 22:33:32", "elapsed": 45940.92382693291, "delta": 17.51230549812317}, "costs": {"total_cost": 182.70110082922696, "time_cost": 69.811, "final_distance_cost": 1.8303820497901386, "oscillation_cost": 27.60211898757085, "completition_cost": 0.0, "overshoot_cost": 49.88015719308436, "power_cost": 13.010336572265626, "noise_cost": 20.567106026515965, "n_waypoints_completed": 9, "tot_waypoints": 9}}
{"target": -191.48605142334756, "params": {"k_pid_pos": [0.812144994746513, 0.05707117761892252, 0.281467246132921], "k_pid_alt": [1.81410233876704, 0.0, 0.027564933436965488], "k_pid_att": [11.04128304242947, 3.4879713231699743, 0.5034003492179827], "k_pid_yaw": [0.5, 1e-06, 0.1], "k_pid_hsp": [0.21483994344152024, 0.012482468754996612, 0.0], "k_pid_vsp": [304.34462446420974, 111.37001332453463, 0.16296991499283067]}, "datetime": {"datetime": "2025-08-13 22:33:50", "elapsed": 45958.49772429466, "delta": 17.57389736175537}, "costs": {"total_cost": 191.48605142334756, "time_cost": 71.687, "final_distance_cost": 1.8412536203524243, "oscillation_cost": 26.5386252650861, "completition_cost": 0.0, "overshoot_cost": 50.63616521369459, "power_cost": 18.04347100830078, "noise_cost": 22.739536315913682, "n_waypoints_completed": 9, "tot_waypoints": 9}}
{"target": -184.8659345704159, "params": {"k_pid_pos": [0.9707301240400884, 0.057446009627136196, 0.29723585159033306], "k_pid_alt": [1.7461387346794297, 0.0, 0.021518108820575112], "k_pid_att": [9.278491483559277, 3.43753912970988, 0.5588517643063204], "k_pid_yaw": [0.5, 1e-06, 0.1], "k_pid_hsp": [0.21378818390371937, 0.010692831972370614, 0.0], "k_pid_vsp": [291.4882339074763, 132.46031794365408, 0.16828747451489443]}, "datetime": {"datetime": "2025-08-13 22:34:08", "elapsed": 45976.247952222824, "delta": 17.75022792816162}, "costs": {"total_cost": 184.8659345704159, "time_cost": 70.028, "final_distance_cost": 1.8379331996867048, "oscillation_cost": 26.907549116619894, "completition_cost": 0.0, "overshoot_cost": 50.64724544368205, "power_cost": 14.32289715576172, "noise_cost": 21.122309654665504, "n_waypoints_completed": 9, "tot_waypoints": 9}}
{"target": -181.06536016888532, "params": {"k_pid_pos": [0.9558536126280318, 0.05378987748607141, 0.252111283795683], "k_pid_alt": [1.7295355478770655, 0.0, 0.025771208104247947], "k_pid_att": [8.650002931992937, 3.0099013403512402, 0.6271072210172627], "k_pid_yaw": [0.5, 1e-06, 0.1], "k_pid_hsp": [0.21410604370399544, 0.012378820307485834, 0.0], "k_pid_vsp": [303.14656120510193, 117.82405933182031, 0.17506485036151398]}, "datetime": {"datetime": "2025-08-13 22:34:24", "elapsed": 45992.526113033295, "delta": 16.27816081047058}, "costs": {"total_cost": 181.06536016888532, "time_cost": 69.377, "final_distance_cost": 1.8348834286381883, "oscillation_cost": 27.672168842393276, "completition_cost": 0.0, "overshoot_cost": 50.186086239552886, "power_cost": 11.859750256347656, "noise_cost": 20.135471401953296, "n_waypoints_completed": 9, "tot_waypoints": 9}}
{"target": -177.78375229768056, "params": {"k_pid_pos": [1.0158220934337303, 0.05174461436401893, 0.26987585686580773], "k_pid_alt": [1.4419838564194298, 0.0, 0.022756033260818598], "k_pid_att": [11.840684610086564, 4.677057462508556, 0.5621071303155641], "k_pid_yaw": [0.5, 1e-06, 0.1], "k_pid_hsp": [0.1810859254151113, 0.011889948547287865, 0.0], "k_pid_vsp": [266.10990164871737, 116.85281936700771, 0.17326382250368808]}, "datetime": {"datetime": "2025-08-13 22:34:42", "elapsed": 46010.35655617714, "delta": 17.830443143844604}, "costs": {"total_cost": 177.78375229768056, "time_cost": 69.167, "final_distance_cost": 1.832500593480716, "oscillation_cost": 28.056736473190217, "completition_cost": 0.0, "overshoot_cost": 49.97856347614914, "power_cost": 9.550399060058595, "noise_cost": 19.198552694801876, "n_waypoints_completed": 9, "tot_waypoints": 9}}
{"target": -183.9765280881417, "params": {"k_pid_pos": [0.909535689990213, 0.06199463101728649, 0.29531248789866854], "k_pid_alt": [1.8132852833489939, 0.0, 0.02469389265267539], "k_pid_att": [10.104653023783213, 3.749757520771199, 0.47959601758261566], "k_pid_yaw": [0.5, 1e-06, 0.1], "k_pid_hsp": [0.20869141464924623, 0.012036378264584334, 0.0], "k_pid_vsp": [280.7159030957218, 110.95227854440706, 0.18552426269693387]}, "datetime": {"datetime": "2025-08-13 22:34:59", "elapsed": 46027.25861334801, "delta": 16.90205717086792}, "costs": {"total_cost": 183.9765280881417, "time_cost": 70.238, "final_distance_cost": 1.8355241461141294, "oscillation_cost": 26.45554240164739, "completition_cost": 0.0, "overshoot_cost": 50.34267384767522, "power_cost": 13.926541711425783, "noise_cost": 21.178245981279158, "n_waypoints_completed": 9, "tot_waypoints": 9}}
{"target": -187.43822499543876, "params": {"k_pid_pos": [1.1448220750719882, 0.047599171018466106, 0.25068742535673366], "k_pid_alt": [1.576046487819136, 0.0, 0.02246466755636301], "k_pid_att": [10.418286950378251, 3.913339507325728, 0.5727717055965377], "k_pid_yaw": [0.5, 1e-06, 0.1], "k_pid_hsp": [0.22887729673284885, 0.011527900059682865, 0.0], "k_pid_vsp": [319.82703904325626, 131.45019056287381, 0.13721168584488672]}, "datetime": {"datetime": "2025-08-13 22:35:16", "elapsed": 46044.63241457939, "delta": 17.373801231384277}, "costs": {"total_cost": 187.43822499543876, "time_cost": 69.328, "final_distance_cost": 1.832027323664929, "oscillation_cost": 29.33231294812951, "completition_cost": 0.0, "overshoot_cost": 49.95989416348963, "power_cost": 15.848570935058595, "noise_cost": 21.13741962509607, "n_waypoints_completed": 9, "tot_waypoints": 9}}
{"target": -185.11711521561713, "params": {"k_pid_pos": [0.9910741247741406, 0.050824016196088895, 0.32035467070866824], "k_pid_alt": [1.551451354369928, 0.0, 0.027511365761486883], "k_pid_att": [8.891286992781366, 3.7808067864864996, 0.41847573345428973], "k_pid_yaw": [0.5, 1e-06, 0.1], "k_pid_hsp": [0.1895091699018389, 0.011722350980285588, 0.0], "k_pid_vsp": [269.0312143752746, 119.4431262951327, 0.20822319174429638]}, "datetime": {"datetime": "2025-08-13 22:35:34", "elapsed": 46062.60128736496, "delta": 17.968872785568237}, "costs": {"total_cost": 185.11711521561713, "time_cost": 70.196, "final_distance_cost": 1.8297651092263285, "oscillation_cost": 26.947733817360806, "completition_cost": 0.0, "overshoot_cost": 50.41886537422526, "power_cost": 14.56916064453125, "noise_cost": 21.155590270273482, "n_waypoints_completed": 9, "tot_waypoints": 9}}
{"target": -188.94217681716907, "params": {"k_pid_pos": [0.9362920859856593, 0.06032241093656343, 0.2849918169723867], "k_pid_alt": [1.2834904349309288, 0.0, 0.02218129691766102], "k_pid_att": [11.321943161232397, 3.953680700135672, 0.6689788248177505], "k_pid_yaw": [0.5, 1e-06, 0.1], "k_pid_hsp": [0.20353040655768492, 0.008065867691217036, 0.0], "k_pid_vsp": [275.82677243213516, 115.74363506162085, 0.15454811384905434]}, "datetime": {"datetime": "2025-08-13 22:35:51", "elapsed": 46079.17614197731, "delta": 16.574854612350464}, "costs": {"total_cost": 188.94217681716907, "time_cost": 70.63, "final_distance_cost": 1.8297660041078172, "oscillation_cost": 26.51713572055251, "completition_cost": 0.0, "overshoot_cost": 51.11546559935027, "power_cost": 16.992777502441406, "noise_cost": 21.857031990717065, "n_waypoints_completed": 9, "tot_waypoints": 9}}
{"target": -183.4058516055737, "params": {"k_pid_pos": [1.1047468765927577, 0.05408252254473367, 0.2985878862375588], "k_pid_alt": [1.8355038546365676, 0.0, 0.02346983015558905], "k_pid_att": [11.813394680881522, 4.258682446862976, 0.5167333439591425], "k_pid_yaw": [0.5, 1e-06, 0.1], "k_pid_hsp": [0.2073685478344677, 0.010496963533389142, 0.0], "k_pid_vsp": [294.23240984690113, 109.23894360335696, 0.17243516469982803]}, "datetime": {"datetime": "2025-08-13 22:36:09", "elapsed": 46097.02758741379, "delta": 17.85144543647766}, "costs": {"total_cost": 183.4058516055737, "time_cost": 69.286, "final_distance_cost": 1.8389499617537308, "oscillation_cost": 28.08668954560428, "completition_cost": 0.0, "overshoot_cost": 50.086501804198214, "power_cost": 13.588391589355469, "noise_cost": 20.519318704662034, "n_waypoints_completed": 9, "tot_waypoints": 9}}
{"target": -220.95715886669004, "params": {"k_pid_pos": [0.9037861534596711, 0.058735236851761186, 0.27596440279750506], "k_pid_alt": [1.5337601871094264, 0.0, 0.02474187055109399], "k_pid_att": [9.24984776350657, 4.706990096340319, 0.4896468779907684], "k_pid_yaw": [0.5, 1e-06, 0.1], "k_pid_hsp": [0.24688916222862645, 0.011308502081641095, 0.0], "k_pid_vsp": [315.272968371252, 134.19188151221115, 0.17580249466152575]}, "datetime": {"datetime": "2025-08-13 22:36:27", "elapsed": 46115.62449169159, "delta": 18.596904277801514}, "costs": {"total_cost": 220.95715886669004, "time_cost": 76.783, "final_distance_cost": 1.8512642716136791, "oscillation_cost": 30.14524270278383, "completition_cost": 0.0, "overshoot_cost": 54.65141497573651, "power_cost": 28.683667797851562, "noise_cost": 28.842569118704454, "n_waypoints_completed": 9, "tot_waypoints": 9}}
{"target": -181.53658196442493, "params": {"k_pid_pos": [0.8769580073840499, 0.0626299405271074, 0.25041358205961434], "k_pid_alt": [1.2992416165127176, 0.0, 0.022461551810122198], "k_pid_att": [10.363253155649703, 4.393213784850645, 0.5081758519125891], "k_pid_yaw": [0.5, 1e-06, 0.1], "k_pid_hsp": [0.19362996606583346, 0.011641642765198648, 0.0], "k_pid_vsp": [275.8859190469877, 124.54745132170389, 0.17483924064855202]}, "datetime": {"datetime": "2025-08-13 22:36:45", "elapsed": 46133.4149620533, "delta": 17.790470361709595}, "costs": {"total_cost": 181.53658196442493, "time_cost": 70.427, "final_distance_cost": 1.8338228787866617, "oscillation_cost": 26.99437064665415, "completition_cost": 0.0, "overshoot_cost": 50.02531120206989, "power_cost": 11.797311218261719, "noise_cost": 20.45876601865252, "n_waypoints_completed": 9, "tot_waypoints": 9}}
{"target": -188.39694314795116, "params": {"k_pid_pos": [1.025447382376812, 0.04591067963304244, 0.31647804394091056], "k_pid_alt": [1.5512215345581988, 0.0, 0.0210713743228001], "k_pid_att": [11.912174858140295, 4.353996018817235, 0.6810061654425702], "k_pid_yaw": [0.5, 1e-06, 0.1], "k_pid_hsp": [0.2303465594837675, 0.011084032556155103, 0.0], "k_pid_vsp": [315.9550652628289, 112.15539183335498, 0.1830501998899882]}, "datetime": {"datetime": "2025-08-13 22:37:02", "elapsed": 46150.75170612335, "delta": 17.3367440700531}, "costs": {"total_cost": 188.39694314795116, "time_cost": 70.154, "final_distance_cost": 1.8364386015821648, "oscillation_cost": 27.516512342963207, "completition_cost": 0.0, "overshoot_cost": 50.164289083882686, "power_cost": 16.85358182373047, "noise_cost": 21.872121295792613, "n_waypoints_completed": 9, "tot_waypoints": 9}}
{"target": -188.05383239768298, "params": {"k_pid_pos": [0.9591801177335229, 0.05407859889095009, 0.25320233245333884], "k_pid_alt": [1.2709765157093331, 0.0, 0.021465416328976195], "k_pid_att": [9.3116578202525, 4.1185687672215545, 0.5551920214225167], "k_pid_yaw": [0.5, 1e-06, 0.1], "k_pid_hsp": [0.16024623854146094, 0.010609401356089175, 0.0], "k_pid_vsp": [327.070218934798, 118.28022445624401, 0.1820372957698486]}, "datetime": {"datetime": "2025-08-13 22:37:20", "elapsed": 46168.2650206089, "delta": 17.513314485549927}, "costs": {"total_cost": 188.05383239768298, "time_cost": 70.196, "final_distance_cost": 1.8222249362470069, "oscillation_cost": 27.282904895590168, "completition_cost": 0.0, "overshoot_cost": 50.68211471350567, "power_cost": 16.558675024414065, "noise_cost": 21.511912827926057, "n_waypoints_completed": 9, "tot_waypoints": 9}}
{"target": -181.87840236956822, "params": {"k_pid_pos": [1.0608997755680696, 0.0661826297097859, 0.3182938243270263], "k_pid_alt": [1.5597096054635013, 0.0, 0.026138218605732986], "k_pid_att": [10.497752837179826, 3.9113517483636056, 0.5158405533098503], "k_pid_yaw": [0.5, 1e-06, 0.1], "k_pid_hsp": [0.2261164675283188, 0.011630878419085824, 0.0], "k_pid_vsp": [336.6447087455496, 111.16845236509387, 0.18349495488445844]}, "datetime": {"datetime": "2025-08-13 22:37:37", "elapsed": 46184.99196052551, "delta": 16.726939916610718}, "costs": {"total_cost": 181.87840236956822, "time_cost": 69.384, "final_distance_cost": 1.835756091796717, "oscillation_cost": 28.099075195465282, "completition_cost": 0.0, "overshoot_cost": 50.30643429194261, "power_cost": 12.07105926513672, "noise_cost": 20.182077525226898, "n_waypoints_completed": 9, "tot_waypoints": 9}}
{"target": -185.52485519379655, "params": {"k_pid_pos": [0.9648925562316437, 0.04858177279402176, 0.26059161470302067], "k_pid_alt": [1.396205347168508, 0.0, 0.025399647889727112], "k_pid_att": [9.861309131639706, 4.076522630392043, 0.6568974987923575], "k_pid_yaw": [0.5, 1e-06, 0.1], "k_pid_hsp": [0.20648962406039026, 0.01057560291276149, 0.0], "k_pid_vsp": [324.08725514871236, 131.3085344677884, 0.14691425955927512]}, "datetime": {"datetime": "2025-08-13 22:37:53", "elapsed": 46201.836258649826, "delta": 16.844298124313354}, "costs": {"total_cost": 185.52485519379655, "time_cost": 69.86, "final_distance_cost": 1.834539682837558, "oscillation_cost": 27.423120868928656, "completition_cost": 0.0, "overshoot_cost": 50.2961404642063, "power_cost": 14.907643518066408, "noise_cost": 21.203410659757623, "n_waypoints_completed": 9, "tot_waypoints": 9}}
{"target": -190.35517064715305, "params": {"k_pid_pos": [0.8163952244227729, 0.05189170136733895, 0.29245228859301636], "k_pid_alt": [1.1537206134397462, 0.0, 0.026806465080727638], "k_pid_att": [10.237773649611505, 4.194803775627943, 0.5816600739041314], "k_pid_yaw": [0.5, 1e-06, 0.1], "k_pid_hsp": [0.23307447053029995, 0.0110272628875162, 0.0], "k_pid_vsp": [276.2977108595353, 90.38336281595075, 0.1851595495534163]}, "datetime": {"datetime": "2025-08-13 22:38:12", "elapsed": 46220.011258363724, "delta": 18.174999713897705}, "costs": {"total_cost": 190.35517064715305, "time_cost": 72.891, "final_distance_cost": 1.8433612652893214, "oscillation_cost": 27.413258781775006, "completition_cost": 0.0, "overshoot_cost": 50.501073732058494, "power_cost": 15.42774970703125, "noise_cost": 22.27872716099897, "n_waypoints_completed": 9, "tot_waypoints": 9}}
{"target": -182.57573864568946, "params": {"k_pid_pos": [0.8605428968153355, 0.04829407246924287, 0.32069498398096974], "k_pid_alt": [1.770244601862383, 0.0, 0.025751344064272264], "k_pid_att": [9.011960254986908, 3.70292058185369, 0.6126657713345175], "k_pid_yaw": [0.5, 1e-06, 0.1], "k_pid_hsp": [0.21678516751058044, 0.011120828289271923, 0.0], "k_pid_vsp": [269.58205452831857, 128.6133314084507, 0.17535027197664033]}, "datetime": {"datetime": "2025-08-13 22:38:30", "elapsed": 46238.27698922157, "delta": 18.26573085784912}, "costs": {"total_cost": 182.57573864568946, "time_cost": 71.239, "final_distance_cost": 1.8391866149952112, "oscillation_cost": 27.04978631694191, "completition_cost": 0.0, "overshoot_cost": 50.57273706575809, "power_cost": 11.233960400390625, "noise_cost": 20.641068247603616, "n_waypoints_completed": 9, "tot_waypoints": 9}}
