{"target": -381.05273754247224, "params": {"k_pid_pos": [1.6246374236638303, 0.33413680198193857, 0.5234483533392246], "k_pid_alt": [0.8557229215384604, 0.17575238227553802, 0.6067164884490864], "k_pid_att": [40.06256496480472, 0.0001, 0.8430617602805549], "k_pid_yaw": [0.5, 1e-06, 0.1], "k_pid_hsp": [10.0, 0.07814469080939836, 0.018260486688359126], "k_pid_vsp": [33.23027342048985, 1e-06, 3.6038696737928255]}, "datetime": {"datetime": "2025-08-13 10:24:40", "elapsed": 2208.45036649704, "delta": 29.93679451942444}, "costs": {"total_cost": 381.05273754247224, "time_cost": 119.805, "final_distance_cost": 1.7548124583457367, "oscillation_cost": 129.77942626896686, "completition_cost": 0.0, "overshoot_cost": 59.50008990477564, "power_cost": 34.129803491210936, "noise_cost": 36.08360541917314, "n_waypoints_completed": 9, "tot_waypoints": 9}}
{"target": -1438.2800797797538, "params": {"k_pid_pos": [1.8786003967789624, 0.5277810490837497, 0.28134319374660827], "k_pid_alt": [2.0, 0.48689893335406764, 1.0], "k_pid_att": [42.33385755466971, 6.661607726141462, 1.0], "k_pid_yaw": [0.5, 1e-06, 0.1], "k_pid_hsp": [6.353058822488232, 0.03970137906012247, 0.0], "k_pid_vsp": [120.37534306418661, 218.9819502201955, 174.7481063790287]}, "datetime": {"datetime": "2025-08-13 10:25:11", "elapsed": 2239.0211052894592, "delta": 30.570738792419434}, "costs": {"total_cost": 1438.2800797797538, "time_cost": 150, "final_distance_cost": 0.9998104817832778, "oscillation_cost": 18.300454434245065, "completition_cost": 1000.0, "overshoot_cost": 154.38876674954577, "power_cost": 33.080542211914064, "noise_cost": 81.51050590226583, "n_waypoints_completed": 0, "tot_waypoints": 9}}
{"target": -1328.5281072864059, "params": {"k_pid_pos": [0.0001, 0.38732518171183256, 0.38594651919061657], "k_pid_alt": [0.8042312475410003, 1.0, 0.32448764044226036], "k_pid_att": [28.42420106465698, 6.008157291638516, 0.880665103047206], "k_pid_yaw": [0.5, 1e-06, 0.1], "k_pid_hsp": [9.138305863837756, 0.22030894226669026, 0.0], "k_pid_vsp": [67.37392149946284, 23.295814228416656, 90.59018451089888]}, "datetime": {"datetime": "2025-08-13 10:25:41", "elapsed": 2268.9792008399963, "delta": 29.95809555053711}, "costs": {"total_cost": 1328.5281072864059, "time_cost": 150, "final_distance_cost": 81.24697472943882, "oscillation_cost": 33.26956381989126, "completition_cost": 888.8888888888888, "overshoot_cost": 104.30371364427907, "power_cost": 32.119350939941405, "noise_cost": 38.6996152639668, "n_waypoints_completed": 1, "tot_waypoints": 9}}
{"target": -1027.9749094295998, "params": {"k_pid_pos": [2.0, 0.7197827061663253, 0.0], "k_pid_alt": [2.0, 0.21790312954543686, 1.0], "k_pid_att": [28.00215512630614, 5.233148101628131, 0.44373386228693085], "k_pid_yaw": [0.5, 1e-06, 0.1], "k_pid_hsp": [5.29404085143753, 0.014168205811920942, 0.06094740724263246], "k_pid_vsp": [204.13535894282222, 27.50166130199459, 170.58877085412624]}, "datetime": {"datetime": "2025-08-13 10:26:09", "elapsed": 2297.869373321533, "delta": 28.890172481536865}, "costs": {"total_cost": 1027.9749094295998, "time_cost": 150, "final_distance_cost": 51.28914845919732, "oscillation_cost": 127.98450582281842, "completition_cost": 555.5555555555555, "overshoot_cost": 82.97156486100741, "power_cost": 30.955625390625002, "noise_cost": 29.218509340396267, "n_waypoints_completed": 4, "tot_waypoints": 9}}
{"target": -1383.2736411065541, "params": {"k_pid_pos": [0.9421629456016793, 0.655536724288735, 0.3385682932537726], "k_pid_alt": [1.8498547490814297, 0.04604727567899621, 0.6624343343556506], "k_pid_att": [6.737293129058885, 5.398049108076808, 1.0], "k_pid_yaw": [0.5, 1e-06, 0.1], "k_pid_hsp": [0.0001, 0.2430294936553806, 0.0], "k_pid_vsp": [23.929616870782763, 1e-06, 17.707138259764346]}, "datetime": {"datetime": "2025-08-13 10:26:37", "elapsed": 2325.963441848755, "delta": 28.09406852722168}, "costs": {"total_cost": 1383.2736411065541, "time_cost": 150, "final_distance_cost": 65.33841576418743, "oscillation_cost": 110.76074761717524, "completition_cost": 888.8888888888888, "overshoot_cost": 95.7202696917397, "power_cost": 37.2111447631836, "noise_cost": 35.35417438137926, "n_waypoints_completed": 1, "tot_waypoints": 9}}
{"target": -201.20382285660213, "params": {"k_pid_pos": [1.2786103531539519, 0.5314149194893862, 0.46812312225290054], "k_pid_alt": [2.0, 0.0, 0.7863625258120193], "k_pid_att": [22.962707670434998, 5.941310430683655, 1.0], "k_pid_yaw": [0.5, 1e-06, 0.1], "k_pid_hsp": [2.879257465094277, 0.20278273115770426, 0.0], "k_pid_vsp": [60.911681037614926, 213.17834323159005, 1e-06]}, "datetime": {"datetime": "2025-08-13 10:26:55", "elapsed": 2343.406887292862, "delta": 17.443445444107056}, "costs": {"total_cost": 201.20382285660213, "time_cost": 73.129, "final_distance_cost": 1.7989772539735716, "oscillation_cost": 38.50465642257111, "completition_cost": 0.0, "overshoot_cost": 50.04896262737812, "power_cost": 16.394770544433594, "noise_cost": 21.327456008245736, "n_waypoints_completed": 9, "tot_waypoints": 9}}
{"target": -1372.8213140227683, "params": {"k_pid_pos": [2.0, 0.994014206277272, 0.22609853486099776], "k_pid_alt": [1.697073795418002, 0.0, 0.24180357663435728], "k_pid_att": [29.27137515905237, 3.0917139742904016, 0.6920995812515042], "k_pid_yaw": [0.5, 1e-06, 0.1], "k_pid_hsp": [0.0001, 0.09049618626643086, 0.0997608613165691], "k_pid_vsp": [167.35098407457505, 186.96898088763066, 1e-06]}, "datetime": {"datetime": "2025-08-13 10:27:26", "elapsed": 2374.0085179805756, "delta": 30.601630687713623}, "costs": {"total_cost": 1372.8213140227683, "time_cost": 150, "final_distance_cost": 48.77063182971176, "oscillation_cost": 419.7578736493964, "completition_cost": 555.5555555555555, "overshoot_cost": 131.74395842769945, "power_cost": 34.625692626953125, "noise_cost": 32.36760193345198, "n_waypoints_completed": 4, "tot_waypoints": 9}}
{"target": -764.3469589573632, "params": {"k_pid_pos": [0.3782860730427006, 0.9375539374636884, 0.31530350291504444], "k_pid_alt": [1.1897333959699345, 0.6925637502933587, 0.0], "k_pid_att": [33.66932555928059, 6.866523564609814, 0.9799847638818134], "k_pid_yaw": [0.5, 1e-06, 0.1], "k_pid_hsp": [1.3199564973536688, 0.08719296771062272, 0.032744237792750173], "k_pid_vsp": [363.16453337343836, 67.80568198277057, 194.98398150597635]}, "datetime": {"datetime": "2025-08-13 10:27:57", "elapsed": 2405.9118292331696, "delta": 31.903311252593994}, "costs": {"total_cost": 764.3469589573632, "time_cost": 150, "final_distance_cost": 80.59024180580504, "oscillation_cost": 85.79600337222665, "completition_cost": 333.33333333333337, "overshoot_cost": 53.55178194701771, "power_cost": 32.440097265625, "noise_cost": 28.635501233355395, "n_waypoints_completed": 6, "tot_waypoints": 9}}
{"target": -4213.181132072144, "params": {"k_pid_pos": [1.8987463830859255, 0.21807511280995773, 0.25710344669044666], "k_pid_alt": [2.0, 0.20370098352585617, 0.8966853939172618], "k_pid_att": [25.65034617717483, 7.827588368700943, 0.0], "k_pid_yaw": [0.5, 1e-06, 0.1], "k_pid_hsp": [9.470416221284735, 0.0, 0.03794720149609233], "k_pid_vsp": [0.0, 15.08197716607585, 65.2309044855441]}, "datetime": {"datetime": "2025-08-13 10:28:30", "elapsed": 2438.668004989624, "delta": 32.75617575645447}, "costs": {"total_cost": 4213.181132072144, "time_cost": 150, "final_distance_cost": 569.5269349047738, "oscillation_cost": 722.0429735238259, "completition_cost": 888.8888888888888, "overshoot_cost": 1814.690734604415, "power_cost": 34.251553076171874, "noise_cost": 33.78004707406839, "n_waypoints_completed": 1, "tot_waypoints": 9}}
{"target": -10616.283978465639, "params": {"k_pid_pos": [1.3015927676180723, 1.0, 0.24742405183112515], "k_pid_alt": [1.9251354975572683, 0.14713883235066402, 0.7453137424729063], "k_pid_att": [0.0, 0.6245167922194653, 1.0], "k_pid_yaw": [0.5, 1e-06, 0.1], "k_pid_hsp": [2.2687189272711916, 0.35297619780116923, 0.1795741871657631], "k_pid_vsp": [266.9153934438877, 1e-06, 55.95944026926199]}, "datetime": {"datetime": "2025-08-13 10:29:02", "elapsed": 2470.7664697170258, "delta": 32.09846472740173}, "costs": {"total_cost": 10616.283978465639, "time_cost": 150, "final_distance_cost": 2829.6277973204647, "oscillation_cost": 1296.7790229721238, "completition_cost": 1000.0, "overshoot_cost": 5178.497770904605, "power_cost": 57.6599553100586, "noise_cost": 103.71943195838733, "n_waypoints_completed": 0, "tot_waypoints": 9}}
{"target": -4306.599734029214, "params": {"k_pid_pos": [0.8469834415218149, 1.0, 0.5716354010259411], "k_pid_alt": [1.1691554742704207, 0.0, 0.4837045699394087], "k_pid_att": [0.0, 0.42615288693380027, 0.7451478830272379], "k_pid_yaw": [0.5, 1e-06, 0.1], "k_pid_hsp": [6.838530521823411, 0.8146818896585052, 0.0], "k_pid_vsp": [160.56882022264753, 192.59877943502443, 68.66070538738144]}, "datetime": {"datetime": "2025-08-13 10:29:34", "elapsed": 2502.7074568271637, "delta": 31.94098711013794}, "costs": {"total_cost": 4306.599734029214, "time_cost": 150, "final_distance_cost": 573.8044316202356, "oscillation_cost": 759.8846355306724, "completition_cost": 1000.0, "overshoot_cost": 1601.8710940090118, "power_cost": 58.292416870117194, "noise_cost": 162.74715599917712, "n_waypoints_completed": 0, "tot_waypoints": 9}}
{"target": -231.0415615584596, "params": {"k_pid_pos": [0.8875936557105252, 0.8262965920815822, 0.6869886656955346], "k_pid_alt": [1.6795247788701884, 1.0, 0.9291858898076182], "k_pid_att": [25.957415002399657, 3.4488706164673117, 0.44017636717797765], "k_pid_yaw": [0.5, 1e-06, 0.1], "k_pid_hsp": [3.0914463940235475, 0.0005569480500134336, 0.0], "k_pid_vsp": [55.310518374961596, 221.26207482417874, 1e-06]}, "datetime": {"datetime": "2025-08-13 10:29:57", "elapsed": 2525.33198928833, "delta": 22.624532461166382}, "costs": {"total_cost": 231.0415615584596, "time_cost": 85.897, "final_distance_cost": 1.7878197827320863, "oscillation_cost": 49.036259192956656, "completition_cost": 0.0, "overshoot_cost": 52.26338264179756, "power_cost": 18.038291540527343, "noise_cost": 24.01880840044591, "n_waypoints_completed": 9, "tot_waypoints": 9}}
{"target": -1138.4816385489075, "params": {"k_pid_pos": [0.32017204482232114, 0.38957312990638443, 0.1372418795758411], "k_pid_alt": [1.0031517041402427, 0.351279946351904, 1.0], "k_pid_att": [26.454210498288386, 4.43141056483681, 1.0], "k_pid_yaw": [0.5, 1e-06, 0.1], "k_pid_hsp": [10.0, 0.0, 0.0], "k_pid_vsp": [198.20848332822652, 96.7569758189258, 191.53016292847383]}, "datetime": {"datetime": "2025-08-13 10:30:29", "elapsed": 2557.5330584049225, "delta": 32.20106911659241}, "costs": {"total_cost": 1138.4816385489075, "time_cost": 150, "final_distance_cost": 89.74979455306466, "oscillation_cost": 30.21482910723646, "completition_cost": 777.7777777777778, "overshoot_cost": 35.54451176816362, "power_cost": 28.139668078613283, "noise_cost": 27.05505726405168, "n_waypoints_completed": 2, "tot_waypoints": 9}}
{"target": -1173.3488070037408, "params": {"k_pid_pos": [1.0671160019983918, 0.25477512134157504, 1.0], "k_pid_alt": [0.7690136851519277, 0.26161407020255684, 0.7043784578637048], "k_pid_att": [21.64844697817811, 0.0001, 1.0], "k_pid_yaw": [0.5, 1e-06, 0.1], "k_pid_hsp": [1.691035533885944, 0.07432910567573646, 0.0], "k_pid_vsp": [149.3532381867149, 1e-06, 128.28458370829767]}, "datetime": {"datetime": "2025-08-13 10:30:59", "elapsed": 2587.769999027252, "delta": 30.236940622329712}, "costs": {"total_cost": 1173.3488070037408, "time_cost": 150, "final_distance_cost": 70.51119885184912, "oscillation_cost": 10.59945201691723, "completition_cost": 777.7777777777778, "overshoot_cost": 102.85718096347229, "power_cost": 32.58116511230469, "noise_cost": 29.022032281419673, "n_waypoints_completed": 2, "tot_waypoints": 9}}
{"target": -1395.7049927417345, "params": {"k_pid_pos": [1.4316873855894208, 0.5977144434141944, 0.34943092368331374], "k_pid_alt": [0.3291392242343462, 0.17598195293535446, 0.1790407783165747], "k_pid_att": [18.558472400534242, 1.5879165408571225, 0.6403417208301717], "k_pid_yaw": [0.5, 1e-06, 0.1], "k_pid_hsp": [5.685812056643688, 0.0, 0.0], "k_pid_vsp": [129.31927704062835, 134.9313290546743, 175.40030346815752]}, "datetime": {"datetime": "2025-08-13 10:31:28", "elapsed": 2616.452514886856, "delta": 28.682515859603882}, "costs": {"total_cost": 1395.7049927417345, "time_cost": 150, "final_distance_cost": 61.87933786979595, "oscillation_cost": 19.001810785312205, "completition_cost": 888.8888888888888, "overshoot_cost": 153.29888817254255, "power_cost": 29.1845431640625, "noise_cost": 93.4515238611324, "n_waypoints_completed": 1, "tot_waypoints": 9}}
{"target": -598.0207473408656, "params": {"k_pid_pos": [2.0, 0.45831974723861507, 0.06586705772790968], "k_pid_alt": [2.0, 0.18608193154247418, 0.740373970093175], "k_pid_att": [25.863327289148206, 6.542559793027958, 0.86440823355268], "k_pid_yaw": [0.5, 1e-06, 0.1], "k_pid_hsp": [2.367551542872226, 0.0531139886130221, 0.0], "k_pid_vsp": [65.93491463635495, 162.91747761046898, 16.870069880031107]}, "datetime": {"datetime": "2025-08-13 10:31:59", "elapsed": 2647.168979883194, "delta": 30.71646499633789}, "costs": {"total_cost": 598.0207473408656, "time_cost": 150, "final_distance_cost": 66.24242360779488, "oscillation_cost": 51.644274188113194, "completition_cost": 222.2222222222222, "overshoot_cost": 46.79233372060576, "power_cost": 31.969197570800784, "noise_cost": 29.150296031328796, "n_waypoints_completed": 7, "tot_waypoints": 9}}
{"target": -211.89006511734868, "params": {"k_pid_pos": [1.9391344849446417, 0.7345244818813215, 0.5010758132876615], "k_pid_alt": [2.0, 0.0, 0.8441780462483047], "k_pid_att": [38.55786971367872, 4.875553988778151, 0.7823332631272178], "k_pid_yaw": [0.5, 1e-06, 0.1], "k_pid_hsp": [1.0917216180453817, 0.08510136991038851, 0.0], "k_pid_vsp": [225.23223770500886, 190.98530942722292, 1e-06]}, "datetime": {"datetime": "2025-08-13 10:32:19", "elapsed": 2667.8769750595093, "delta": 20.707995176315308}, "costs": {"total_cost": 211.89006511734868, "time_cost": 78.806, "final_distance_cost": 1.7478753589502953, "oscillation_cost": 38.604952153394265, "completition_cost": 0.0, "overshoot_cost": 51.53986234412848, "power_cost": 18.10529733886719, "noise_cost": 23.08607792200845, "n_waypoints_completed": 9, "tot_waypoints": 9}}
{"target": -239.10505183582808, "params": {"k_pid_pos": [1.174349224255104, 0.5395886204210397, 0.34086242071622025], "k_pid_alt": [1.1981242493965698, 0.0, 1.0], "k_pid_att": [24.87693254941686, 5.744838457254837, 1.0], "k_pid_yaw": [0.5, 1e-06, 0.1], "k_pid_hsp": [2.1919734976779868, 0.0959676750083036, 0.018072749656005107], "k_pid_vsp": [68.91579363016834, 320.0308069403801, 1e-06]}, "datetime": {"datetime": "2025-08-13 10:32:40", "elapsed": 2688.610654592514, "delta": 20.73367953300476}, "costs": {"total_cost": 239.10505183582808, "time_cost": 84.238, "final_distance_cost": 1.8008492293906508, "oscillation_cost": 55.60937631533453, "completition_cost": 0.0, "overshoot_cost": 51.19224174510657, "power_cost": 21.630630493164062, "noise_cost": 24.633954052832266, "n_waypoints_completed": 9, "tot_waypoints": 9}}
{"target": -224.01709562976615, "params": {"k_pid_pos": [1.664399804591989, 0.8150691714028343, 0.43386722305148967], "k_pid_alt": [2.0, 0.0, 0.9479987125997066], "k_pid_att": [56.34788848770978, 4.259495564963326, 0.2845011045713592], "k_pid_yaw": [0.5, 1e-06, 0.1], "k_pid_hsp": [3.00642758524048, 0.19538575450066586, 0.0], "k_pid_vsp": [117.15177902404196, 168.35970600211792, 41.866478305754974]}, "datetime": {"datetime": "2025-08-13 10:33:01", "elapsed": 2709.2669529914856, "delta": 20.656298398971558}, "costs": {"total_cost": 224.01709562976615, "time_cost": 81.494, "final_distance_cost": 1.754277518358358, "oscillation_cost": 51.254831095354625, "completition_cost": 0.0, "overshoot_cost": 51.8228338804289, "power_cost": 19.26494971923828, "noise_cost": 18.426203416385977, "n_waypoints_completed": 9, "tot_waypoints": 9}}
{"target": -238.33743908046085, "params": {"k_pid_pos": [2.0, 0.5683999507451994, 0.42062880017380727], "k_pid_alt": [1.2141255035808862, 0.046075105304448916, 1.0], "k_pid_att": [12.44956410067978, 3.158110076134174, 0.6993312278007022], "k_pid_yaw": [0.5, 1e-06, 0.1], "k_pid_hsp": [2.316172007544606, 0.0956223957132676, 0.0], "k_pid_vsp": [60.118328764397155, 1e-06, 17.03647731540129]}, "datetime": {"datetime": "2025-08-13 10:33:25", "elapsed": 2733.3678555488586, "delta": 24.100902557373047}, "costs": {"total_cost": 238.33743908046085, "time_cost": 91.49, "final_distance_cost": 1.7889947034985476, "oscillation_cost": 45.53991389334409, "completition_cost": 0.0, "overshoot_cost": 55.82402068416077, "power_cost": 22.543216333007813, "noise_cost": 21.15129346644967, "n_waypoints_completed": 9, "tot_waypoints": 9}}
{"target": -293.0529397513821, "params": {"k_pid_pos": [0.8381395386773178, 0.8624823078879013, 0.2927881153493852], "k_pid_alt": [1.3369315895511342, 0.3966303736132135, 0.8336328988874392], "k_pid_att": [32.894684648159405, 2.901358768683068, 0.15392792397785662], "k_pid_yaw": [0.5, 1e-06, 0.1], "k_pid_hsp": [3.945996134009088, 0.07813867531208633, 0.0], "k_pid_vsp": [100.21165033405042, 131.76651837066257, 18.72362933969818]}, "datetime": {"datetime": "2025-08-13 10:33:58", "elapsed": 2766.7844738960266, "delta": 33.41661834716797}, "costs": {"total_cost": 293.0529397513821, "time_cost": 111.45400000000001, "final_distance_cost": 1.7551760626325434, "oscillation_cost": 71.21537766264593, "completition_cost": 0.0, "overshoot_cost": 56.174228205256554, "power_cost": 26.81637119140625, "noise_cost": 25.63778662944082, "n_waypoints_completed": 9, "tot_waypoints": 9}}
{"target": -199.25258509592746, "params": {"k_pid_pos": [1.3342411750180423, 0.4395133592170908, 0.4195231978723104], "k_pid_alt": [2.0, 0.0, 0.8334447586741301], "k_pid_att": [36.59116190718614, 4.098519061319739, 0.25452257644475], "k_pid_yaw": [0.5, 1e-06, 0.1], "k_pid_hsp": [1.8012525983254282, 0.06477737445916744, 0.0], "k_pid_vsp": [99.73489217901052, 1e-06, 0.11931518784068122]}, "datetime": {"datetime": "2025-08-13 10:34:28", "elapsed": 2796.202495574951, "delta": 29.41802167892456}, "costs": {"total_cost": 199.25258509592746, "time_cost": 75.18, "final_distance_cost": 1.7818148093694128, "oscillation_cost": 34.28637102354445, "completition_cost": 0.0, "overshoot_cost": 51.57255811463022, "power_cost": 14.583101977539064, "noise_cost": 21.848739170844304, "n_waypoints_completed": 9, "tot_waypoints": 9}}
{"target": -300.5157255483564, "params": {"k_pid_pos": [0.4173179658172322, 1.0, 0.0], "k_pid_alt": [1.1434677250060694, 0.0, 1.0], "k_pid_att": [21.96284068999698, 7.126767119046323, 0.4542871217553787], "k_pid_yaw": [0.5, 1e-06, 0.1], "k_pid_hsp": [3.754477700763633, 0.014096901231908057, 0.0], "k_pid_vsp": [124.3750338252221, 312.8197257848959, 1e-06]}, "datetime": {"datetime": "2025-08-13 10:34:57", "elapsed": 2825.032396554947, "delta": 28.829900979995728}, "costs": {"total_cost": 300.5157255483564, "time_cost": 113.652, "final_distance_cost": 1.7440554141222493, "oscillation_cost": 67.07921590874149, "completition_cost": 0.0, "overshoot_cost": 59.95277659631603, "power_cost": 21.562847729492187, "noise_cost": 36.52482989968443, "n_waypoints_completed": 9, "tot_waypoints": 9}}
{"target": -755.0210756757226, "params": {"k_pid_pos": [0.5450260827821841, 0.24061079059106313, 1.0], "k_pid_alt": [1.7266114254693778, 0.542692879550382, 1.0], "k_pid_att": [28.238543629948037, 2.4424841345347525, 0.7393628133345317], "k_pid_yaw": [0.5, 1e-06, 0.1], "k_pid_hsp": [5.435580244226902, 0.060389128904076404, 0.3313460526575263], "k_pid_vsp": [305.63513891309384, 19.44784425236351, 1e-06]}, "datetime": {"datetime": "2025-08-13 10:35:42", "elapsed": 2870.9736771583557, "delta": 45.94128060340881}, "costs": {"total_cost": 755.0210756757226, "time_cost": 117.712, "final_distance_cost": 1.7985161820109548, "oscillation_cost": 519.1493788549448, "completition_cost": 0.0, "overshoot_cost": 57.201382701104606, "power_cost": 28.16134088134766, "noise_cost": 30.99845705631462, "n_waypoints_completed": 9, "tot_waypoints": 9}}
{"target": -1274.649371907736, "params": {"k_pid_pos": [1.3689559769181674, 0.49557220999346835, 0.25427985524230007], "k_pid_alt": [1.5535765669034953, 0.21035152545596691, 0.690065607998215], "k_pid_att": [30.894003840460428, 3.0107035104727884, 0.7087542151165213], "k_pid_yaw": [0.5, 1e-06, 0.1], "k_pid_hsp": [0.0001, 0.14754881399674483, 0.0], "k_pid_vsp": [235.3929080275087, 222.0945384064638, 50.207882006468594]}, "datetime": {"datetime": "2025-08-13 10:36:34", "elapsed": 2922.1617817878723, "delta": 51.1881046295166}, "costs": {"total_cost": 1274.649371907736, "time_cost": 150, "final_distance_cost": 94.22785007829336, "oscillation_cost": 104.31468992704367, "completition_cost": 777.7777777777778, "overshoot_cost": 86.71172488191922, "power_cost": 32.528916406250005, "noise_cost": 29.088412836451546, "n_waypoints_completed": 2, "tot_waypoints": 9}}
{"target": -219.86751889055904, "params": {"k_pid_pos": [1.010388961435333, 0.6943412101841279, 0.4712442403664942], "k_pid_alt": [1.7211349467835413, 0.5863718742519066, 0.7612210582644138], "k_pid_att": [25.905027701202574, 2.61691879624448, 0.582807627916178], "k_pid_yaw": [0.5, 1e-06, 0.1], "k_pid_hsp": [0.25959176972578435, 0.12233040383198102, 0.0], "k_pid_vsp": [142.96042891284125, 237.3225854688068, 1e-06]}, "datetime": {"datetime": "2025-08-13 10:37:11", "elapsed": 2959.182427406311, "delta": 37.02064561843872}, "costs": {"total_cost": 219.86751889055904, "time_cost": 82.467, "final_distance_cost": 1.7596884077341535, "oscillation_cost": 40.29188885127003, "completition_cost": 0.0, "overshoot_cost": 51.29136337114853, "power_cost": 19.861494165039062, "noise_cost": 24.196084095367258, "n_waypoints_completed": 9, "tot_waypoints": 9}}
