{"target": -181.1758119883009, "params": {"k_pid_pos": [1.0248400686522083, 0.06374551712623003, 0.31231007462515964], "k_pid_alt": [1.2412416136303508, 0.0, 0.020127935696824237], "k_pid_att": [13.811268951066154, 5.49508614174249, 0.5167281453173058], "k_pid_yaw": [0.5, 1e-06, 0.1], "k_pid_hsp": [0.16300246111079966, 0.01364528413456801, 0.0], "k_pid_vsp": [360.9469603802081, 91.66002534669177, 0.1508731947253913]}, "datetime": {"datetime": "2025-08-13 19:06:54", "elapsed": 33542.23483324051, "delta": 16.652266263961792}, "costs": {"total_cost": 181.1758119883009, "time_cost": 69.587, "final_distance_cost": 1.8354223461521084, "oscillation_cost": 27.763511974020993, "completition_cost": 0.0, "overshoot_cost": 49.9746425203355, "power_cost": 11.958318444824219, "noise_cost": 20.056916702968053, "n_waypoints_completed": 9, "tot_waypoints": 9}}
{"target": -181.25551200568822, "params": {"k_pid_pos": [0.8968059677882446, 0.06703843247424142, 0.301259730711864], "k_pid_alt": [1.4790579679987117, 0.0, 0.020875591526727744], "k_pid_att": [12.60176086901091, 4.64860662058259, 0.5943806279796928], "k_pid_yaw": [0.5, 1e-06, 0.1], "k_pid_hsp": [0.174528192027625, 0.017628646448892994, 0.0], "k_pid_vsp": [248.70587504203334, 137.15427110473445, 0.22040671348476873]}, "datetime": {"datetime": "2025-08-13 19:07:10", "elapsed": 33558.3562374115, "delta": 16.12140417098999}, "costs": {"total_cost": 181.25551200568822, "time_cost": 70.049, "final_distance_cost": 1.8343321993746138, "oscillation_cost": 27.054408761039564, "completition_cost": 0.0, "overshoot_cost": 50.186671996234494, "power_cost": 11.84046190185547, "noise_cost": 20.290637147184082, "n_waypoints_completed": 9, "tot_waypoints": 9}}
{"target": -186.4307393088973, "params": {"k_pid_pos": [0.9113730035246554, 0.07281450140224262, 0.3244791517291589], "k_pid_alt": [0.9619791224211549, 0.0, 0.023242181027388665], "k_pid_att": [12.69826423860546, 5.580511619638379, 0.4026531941604832], "k_pid_yaw": [0.5, 1e-06, 0.1], "k_pid_hsp": [0.1939865278804609, 0.012122878622012919, 0.0], "k_pid_vsp": [254.2168524565966, 75.31942785082067, 0.17200439685076815]}, "datetime": {"datetime": "2025-08-13 19:07:27", "elapsed": 33575.70985651016, "delta": 17.35361909866333}, "costs": {"total_cost": 186.4307393088973, "time_cost": 72.072, "final_distance_cost": 1.8370084072109072, "oscillation_cost": 26.772688155427687, "completition_cost": 0.0, "overshoot_cost": 50.94388306587868, "power_cost": 13.61640458984375, "noise_cost": 21.188755090536286, "n_waypoints_completed": 9, "tot_waypoints": 9}}
{"target": -196.68539741575592, "params": {"k_pid_pos": [0.8016693054317107, 0.06666923061918363, 0.3007920592797187], "k_pid_alt": [1.490208467801925, 0.0, 0.02868585786765687], "k_pid_att": [10.18778561578385, 5.527376593106728, 0.6121606868928041], "k_pid_yaw": [0.5, 1e-06, 0.1], "k_pid_hsp": [0.1734910436916003, 0.01969658952614964, 0.0], "k_pid_vsp": [269.0191449037096, 92.5262223506851, 0.15720477868220384]}, "datetime": {"datetime": "2025-08-13 19:07:45", "elapsed": 33593.45168495178, "delta": 17.741828441619873}, "costs": {"total_cost": 196.68539741575592, "time_cost": 72.33800000000001, "final_distance_cost": 1.8462442193192898, "oscillation_cost": 27.409821702516016, "completition_cost": 0.0, "overshoot_cost": 51.2773346037074, "power_cost": 20.73967344970703, "noise_cost": 23.074323440506188, "n_waypoints_completed": 9, "tot_waypoints": 9}}
{"target": -182.7884964730224, "params": {"k_pid_pos": [0.947835537361636, 0.021682682180864332, 0.2547682290514089], "k_pid_alt": [1.5802069048034701, 0.0, 0.027292004294341147], "k_pid_att": [8.689550252097465, 4.0232892563504885, 0.5979618560695549], "k_pid_yaw": [0.5, 1e-06, 0.1], "k_pid_hsp": [0.14257610144273086, 0.01417834604201603, 0.0], "k_pid_vsp": [325.2180820174772, 128.17367979325041, 0.19327653058690833]}, "datetime": {"datetime": "2025-08-13 19:08:01", "elapsed": 33609.25027680397, "delta": 15.79859185218811}, "costs": {"total_cost": 182.7884964730224, "time_cost": 69.489, "final_distance_cost": 1.8435830348382771, "oscillation_cost": 27.30083301757527, "completition_cost": 0.0, "overshoot_cost": 50.367518160121065, "power_cost": 13.265332495117189, "noise_cost": 20.522229765370618, "n_waypoints_completed": 9, "tot_waypoints": 9}}
{"target": -179.28963926827092, "params": {"k_pid_pos": [0.9247875540255411, 0.05489558745127577, 0.2662461485763874], "k_pid_alt": [1.786554740490752, 0.0, 0.01812110538337186], "k_pid_att": [10.840787062457531, 4.226971313840115, 0.49465267383781103], "k_pid_yaw": [0.5, 1e-06, 0.1], "k_pid_hsp": [0.15890226894715662, 0.018316121300069127, 0.0], "k_pid_vsp": [254.2588739933725, 135.98815262510718, 0.1754204052791485]}, "datetime": {"datetime": "2025-08-13 19:08:18", "elapsed": 33626.63254785538, "delta": 17.38227105140686}, "costs": {"total_cost": 179.28963926827092, "time_cost": 69.265, "final_distance_cost": 1.8445437849303985, "oscillation_cost": 27.423629912464914, "completition_cost": 0.0, "overshoot_cost": 50.19945569023999, "power_cost": 10.901950268554687, "noise_cost": 19.655059612080915, "n_waypoints_completed": 9, "tot_waypoints": 9}}
{"target": -183.30862935563619, "params": {"k_pid_pos": [0.8866207376616676, 0.05487254641214858, 0.30155182540174524], "k_pid_alt": [1.947512604633137, 0.0, 0.021553762967220613], "k_pid_att": [15.709623128440258, 5.337604024070185, 0.6407315545669271], "k_pid_yaw": [0.5, 1e-06, 0.1], "k_pid_hsp": [0.1886977159998995, 0.02018241322786031, 0.0], "k_pid_vsp": [264.5327373337528, 103.47854482306768, 0.18332026322349035]}, "datetime": {"datetime": "2025-08-13 19:08:35", "elapsed": 33643.449986219406, "delta": 16.81743836402893}, "costs": {"total_cost": 183.30862935563619, "time_cost": 70.651, "final_distance_cost": 1.8345047573255022, "oscillation_cost": 26.13643346924589, "completition_cost": 0.0, "overshoot_cost": 50.86342710996084, "power_cost": 13.051624084472657, "noise_cost": 20.771639934631317, "n_waypoints_completed": 9, "tot_waypoints": 9}}
{"target": -191.15299078849392, "params": {"k_pid_pos": [1.153170272024848, 0.05596810786581685, 0.26699839718019036], "k_pid_alt": [1.4041130303721145, 0.0, 0.02308798928173945], "k_pid_att": [8.872214851510352, 4.730886762499968, 0.6336034585872249], "k_pid_yaw": [0.5, 1e-06, 0.1], "k_pid_hsp": [0.13307603626546252, 0.015087802825055388, 0.0], "k_pid_vsp": [350.5240393295964, 147.96844946772003, 0.19888915288810982]}, "datetime": {"datetime": "2025-08-13 19:08:52", "elapsed": 33660.482097148895, "delta": 17.032110929489136}, "costs": {"total_cost": 191.15299078849392, "time_cost": 69.531, "final_distance_cost": 1.8045571217165348, "oscillation_cost": 29.655977177479713, "completition_cost": 0.0, "overshoot_cost": 50.156317316452714, "power_cost": 18.47175318603516, "noise_cost": 21.533385986809808, "n_waypoints_completed": 9, "tot_waypoints": 9}}
{"target": -176.03810013719854, "params": {"k_pid_pos": [0.8876746143975408, 0.05792676418764805, 0.27103618587256667], "k_pid_alt": [1.4252462072958554, 0.0, 0.028916835112278955], "k_pid_att": [9.036018591620945, 4.4356183195881655, 0.686211002851222], "k_pid_yaw": [0.5, 1e-06, 0.1], "k_pid_hsp": [0.21477007516251403, 0.010449267970275027, 0.0], "k_pid_vsp": [313.9759370975796, 123.79010892406086, 0.17821714908052078]}, "datetime": {"datetime": "2025-08-13 19:09:09", "elapsed": 33677.54687976837, "delta": 17.06478261947632}, "costs": {"total_cost": 176.03810013719854, "time_cost": 70.623, "final_distance_cost": 1.8407172198786437, "oscillation_cost": 26.983278064706756, "completition_cost": 0.0, "overshoot_cost": 50.04241101738835, "power_cost": 7.862407714843751, "noise_cost": 18.686286120381038, "n_waypoints_completed": 9, "tot_waypoints": 9}}
{"target": -185.29686390130075, "params": {"k_pid_pos": [1.2732155409460282, 0.0724873066819089, 0.3638176688879589], "k_pid_alt": [2.0, 0.0, 0.025662820920585905], "k_pid_att": [12.117036941942127, 3.4055241205563824, 0.7167569183509311], "k_pid_yaw": [0.5, 1e-06, 0.1], "k_pid_hsp": [0.20118181221108178, 0.01709536444168613, 0.0], "k_pid_vsp": [259.07927811138387, 114.70888770609967, 0.16616424560295648]}, "datetime": {"datetime": "2025-08-13 19:09:28", "elapsed": 33696.97362589836, "delta": 19.426746129989624}, "costs": {"total_cost": 185.29686390130075, "time_cost": 69.321, "final_distance_cost": 1.8177503531560664, "oscillation_cost": 29.058997678704056, "completition_cost": 0.0, "overshoot_cost": 50.53423276794999, "power_cost": 14.051961462402344, "noise_cost": 20.512921639088276, "n_waypoints_completed": 9, "tot_waypoints": 9}}
{"target": -194.33090641684322, "params": {"k_pid_pos": [1.1055991240825864, 0.06391304494011081, 0.2809245613737216], "k_pid_alt": [1.018980306336587, 0.0, 0.027003852095471587], "k_pid_att": [12.135788316017551, 4.022940938405452, 0.6582427421161171], "k_pid_yaw": [0.5, 1e-06, 0.1], "k_pid_hsp": [0.20185962104249888, 0.015708495697486256, 0.0], "k_pid_vsp": [365.6384726932287, 97.4791349532153, 0.07172739231580345]}, "datetime": {"datetime": "2025-08-13 19:09:45", "elapsed": 33713.80702710152, "delta": 16.833401203155518}, "costs": {"total_cost": 194.33090641684322, "time_cost": 71.32300000000001, "final_distance_cost": 1.8291037680072555, "oscillation_cost": 28.86157942906274, "completition_cost": 0.0, "overshoot_cost": 50.87398083674433, "power_cost": 19.361752575683596, "noise_cost": 22.081489807345278, "n_waypoints_completed": 9, "tot_waypoints": 9}}
{"target": -188.43496940821467, "params": {"k_pid_pos": [1.2728237183447912, 0.07075887189479056, 0.32676178617547086], "k_pid_alt": [1.4561592649230664, 0.0, 0.023595866212255623], "k_pid_att": [9.598910656490471, 3.4310418126517206, 0.4799408144093807], "k_pid_yaw": [0.5, 1e-06, 0.1], "k_pid_hsp": [0.21100040433405717, 0.01615234593238907, 0.0], "k_pid_vsp": [330.7811537815089, 97.50830590911255, 0.14860500771598614]}, "datetime": {"datetime": "2025-08-13 19:10:03", "elapsed": 33731.41514968872, "delta": 17.60812258720398}, "costs": {"total_cost": 188.43496940821467, "time_cost": 69.545, "final_distance_cost": 1.8219412798016015, "oscillation_cost": 29.817209945793028, "completition_cost": 0.0, "overshoot_cost": 50.909803218905544, "power_cost": 15.408301892089845, "noise_cost": 20.932713071624654, "n_waypoints_completed": 9, "tot_waypoints": 9}}
{"target": -188.60973194133118, "params": {"k_pid_pos": [0.9014059277362287, 0.03023354378347687, 0.39278338686132375], "k_pid_alt": [1.540827009036284, 0.0, 0.02346545941785461], "k_pid_att": [9.601319676929965, 4.6282470611213045, 0.979839990318342], "k_pid_yaw": [0.5, 1e-06, 0.1], "k_pid_hsp": [0.22800680971437468, 0.018534840562739335, 0.0], "k_pid_vsp": [169.04615859149777, 108.48422773469069, 0.12683910833039572]}, "datetime": {"datetime": "2025-08-13 19:10:20", "elapsed": 33748.38551545143, "delta": 16.97036576271057}, "costs": {"total_cost": 188.60973194133118, "time_cost": 71.827, "final_distance_cost": 1.8432418707518818, "oscillation_cost": 27.7114277593133, "completition_cost": 0.0, "overshoot_cost": 50.66242905033022, "power_cost": 14.753824218750001, "noise_cost": 21.81180904218579, "n_waypoints_completed": 9, "tot_waypoints": 9}}
{"target": -191.1926013697309, "params": {"k_pid_pos": [0.8672507818657588, 0.0707187683532659, 0.3529492298393299], "k_pid_alt": [1.517797271710495, 0.0, 0.03309226659899026], "k_pid_att": [17.45571639102938, 4.52169912316961, 0.6211985939629764], "k_pid_yaw": [0.5, 1e-06, 0.1], "k_pid_hsp": [0.1820558556251726, 0.022468851311213872, 0.0], "k_pid_vsp": [302.6723198084732, 144.18298261454623, 0.1131262069557043]}, "datetime": {"datetime": "2025-08-13 19:10:38", "elapsed": 33766.518859386444, "delta": 18.133343935012817}, "costs": {"total_cost": 191.1926013697309, "time_cost": 71.316, "final_distance_cost": 1.8406008517648613, "oscillation_cost": 26.933199813222252, "completition_cost": 0.0, "overshoot_cost": 50.47240614327259, "power_cost": 18.073226574707032, "noise_cost": 22.55716798676417, "n_waypoints_completed": 9, "tot_waypoints": 9}}
{"target": -186.37002536827754, "params": {"k_pid_pos": [0.7935144462195147, 0.06090274290267955, 0.280769632104633], "k_pid_alt": [1.5940316097704168, 0.0, 0.028980932680228902], "k_pid_att": [12.99451042674832, 4.9577402126128485, 0.8911040169480673], "k_pid_yaw": [0.5, 1e-06, 0.1], "k_pid_hsp": [0.23310805516250546, 0.029953426249005776, 0.0], "k_pid_vsp": [302.09067079580234, 105.3198533425604, 0.19355207636664526]}, "datetime": {"datetime": "2025-08-13 19:10:55", "elapsed": 33783.512600421906, "delta": 16.993741035461426}, "costs": {"total_cost": 186.37002536827754, "time_cost": 71.988, "final_distance_cost": 1.840873877878305, "oscillation_cost": 27.8280086040575, "completition_cost": 0.0, "overshoot_cost": 50.39454443542297, "power_cost": 13.066342944335938, "noise_cost": 21.252255506582834, "n_waypoints_completed": 9, "tot_waypoints": 9}}
{"target": -181.03341578349705, "params": {"k_pid_pos": [1.0491425937706522, 0.03681708017232113, 0.15320340011502184], "k_pid_alt": [1.5266674644926645, 0.0, 0.018297478588661903], "k_pid_att": [15.357810516991663, 4.332381163724925, 0.5596426651191817], "k_pid_yaw": [0.5, 1e-06, 0.1], "k_pid_hsp": [0.16638298208690708, 0.017194722971085027, 0.0], "k_pid_vsp": [246.22927811343166, 123.9234045903346, 0.13722795091774975]}, "datetime": {"datetime": "2025-08-13 19:11:12", "elapsed": 33800.14117074013, "delta": 16.628570318222046}, "costs": {"total_cost": 181.03341578349705, "time_cost": 68.726, "final_distance_cost": 1.809326000955683, "oscillation_cost": 29.073621688182318, "completition_cost": 0.0, "overshoot_cost": 50.12713337903882, "power_cost": 11.751182153320313, "noise_cost": 19.54615256199991, "n_waypoints_completed": 9, "tot_waypoints": 9}}
{"target": -183.7887741252901, "params": {"k_pid_pos": [0.7936219935670487, 0.06335646684236244, 0.2825323764833536], "k_pid_alt": [1.5931924183479123, 0.0, 0.016546472845469475], "k_pid_att": [10.397098669963265, 4.837664681427367, 1.0], "k_pid_yaw": [0.5, 1e-06, 0.1], "k_pid_hsp": [0.19405495248177873, 0.011090725104897723, 0.0], "k_pid_vsp": [239.6255880250238, 109.12918841331039, 0.1576168362165129]}, "datetime": {"datetime": "2025-08-13 19:11:29", "elapsed": 33817.17675805092, "delta": 17.035587310791016}, "costs": {"total_cost": 183.7887741252901, "time_cost": 71.827, "final_distance_cost": 1.8448704238119695, "oscillation_cost": 26.829196294794453, "completition_cost": 0.0, "overshoot_cost": 50.05681018477988, "power_cost": 12.138874536132812, "noise_cost": 21.09202268577099, "n_waypoints_completed": 9, "tot_waypoints": 9}}
{"target": -180.04912270593823, "params": {"k_pid_pos": [0.9114510716241954, 0.06491761433860806, 0.25498420710619457], "k_pid_alt": [1.2958308781440495, 0.0, 0.01936682495475293], "k_pid_att": [13.44106613335415, 5.910024546232324, 0.6389161770554755], "k_pid_yaw": [0.5, 1e-06, 0.1], "k_pid_hsp": [0.21636444893987838, 0.012842370821083976, 0.0], "k_pid_vsp": [308.75679427399604, 164.33617347986726, 0.1640195502171917]}, "datetime": {"datetime": "2025-08-13 19:11:46", "elapsed": 33834.562495946884, "delta": 17.385737895965576}, "costs": {"total_cost": 180.04912270593823, "time_cost": 70.21000000000001, "final_distance_cost": 1.82968198337957, "oscillation_cost": 27.457404703028093, "completition_cost": 0.0, "overshoot_cost": 49.87369895638067, "power_cost": 10.657543811035156, "noise_cost": 20.020793252114714, "n_waypoints_completed": 9, "tot_waypoints": 9}}
{"target": -182.8676679355118, "params": {"k_pid_pos": [1.5197253884122173, 0.06768920795111649, 0.2989494679685333], "k_pid_alt": [1.5976114822827894, 0.0, 0.020124488208436042], "k_pid_att": [7.884140100233541, 4.119293925032632, 0.5313455492822011], "k_pid_yaw": [0.5, 1e-06, 0.1], "k_pid_hsp": [0.1985749600706407, 0.019955101332841983, 0.0], "k_pid_vsp": [233.70937497817954, 132.91131425125303, 0.1711197229143153]}, "datetime": {"datetime": "2025-08-13 19:12:03", "elapsed": 33851.05943155289, "delta": 16.496935606002808}, "costs": {"total_cost": 182.8676679355118, "time_cost": 67.991, "final_distance_cost": 1.8083055920950375, "oscillation_cost": 32.404479201364566, "completition_cost": 0.0, "overshoot_cost": 49.27225129473852, "power_cost": 12.073400268554687, "noise_cost": 19.318231578759004, "n_waypoints_completed": 9, "tot_waypoints": 9}}
{"target": -196.19474409985625, "params": {"k_pid_pos": [1.0464631771177821, 0.060340865869412, 0.3506771755805717], "k_pid_alt": [1.7155779057686154, 0.0, 0.01994196243059371], "k_pid_att": [8.438949443511945, 4.039842905772896, 0.561946688981802], "k_pid_yaw": [0.5, 1e-06, 0.1], "k_pid_hsp": [0.24700703007742916, 0.018800664541655753, 0.0], "k_pid_vsp": [267.75094592967247, 103.6109194636703, 0.1479633375456905]}, "datetime": {"datetime": "2025-08-13 19:12:19", "elapsed": 33867.92369389534, "delta": 16.864262342453003}, "costs": {"total_cost": 196.19474409985625, "time_cost": 71.057, "final_distance_cost": 1.8364204959963533, "oscillation_cost": 29.676658132566374, "completition_cost": 0.0, "overshoot_cost": 51.62757451029228, "power_cost": 19.528685620117187, "noise_cost": 22.468405340884058, "n_waypoints_completed": 9, "tot_waypoints": 9}}
{"target": -185.3682012824089, "params": {"k_pid_pos": [1.0545419053433076, 0.06057318242774253, 0.3447243902305448], "k_pid_alt": [1.1179700033141955, 0.0, 0.020006185734489926], "k_pid_att": [10.711447471828592, 5.072804929163804, 0.6802241830904828], "k_pid_yaw": [0.5, 1e-06, 0.1], "k_pid_hsp": [0.20556811586982837, 0.010567408989900141, 0.0], "k_pid_vsp": [317.8602731159213, 107.7310292303253, 0.1625748120664244]}, "datetime": {"datetime": "2025-08-13 19:12:37", "elapsed": 33885.61181664467, "delta": 17.688122749328613}, "costs": {"total_cost": 185.3682012824089, "time_cost": 70.238, "final_distance_cost": 1.835886427839133, "oscillation_cost": 28.185286034769558, "completition_cost": 0.0, "overshoot_cost": 50.47451456821933, "power_cost": 13.792454809570312, "noise_cost": 20.84205944201059, "n_waypoints_completed": 9, "tot_waypoints": 9}}
{"target": -183.11066535958227, "params": {"k_pid_pos": [0.849748863837173, 0.07436527802860071, 0.18582537980852312], "k_pid_alt": [2.0, 0.0, 0.022566416401373534], "k_pid_att": [10.276468710393155, 3.1556413476600267, 0.6285196262497061], "k_pid_yaw": [0.5, 1e-06, 0.1], "k_pid_hsp": [0.22415522859788403, 0.011849186005713932, 0.0], "k_pid_vsp": [224.23217465452151, 68.43922049708642, 0.24230431211827197]}, "datetime": {"datetime": "2025-08-13 19:12:53", "elapsed": 33901.80036187172, "delta": 16.18854522705078}, "costs": {"total_cost": 183.11066535958227, "time_cost": 70.357, "final_distance_cost": 1.8391330035024167, "oscillation_cost": 26.36001425889871, "completition_cost": 0.0, "overshoot_cost": 50.964164913362204, "power_cost": 12.790733752441406, "noise_cost": 20.79961943137754, "n_waypoints_completed": 9, "tot_waypoints": 9}}
{"target": -183.26835880036037, "params": {"k_pid_pos": [0.7166071259662878, 0.06082935907664903, 0.10646318830001207], "k_pid_alt": [0.8641243815361058, 0.0, 0.02150562770600614], "k_pid_att": [13.799888481033165, 5.128755430803376, 0.41298267887542744], "k_pid_yaw": [0.5, 1e-06, 0.1], "k_pid_hsp": [0.150042936469682, 0.020851800271323818, 0.0], "k_pid_vsp": [268.1033087005647, 107.34016146386938, 0.14320437116913642]}, "datetime": {"datetime": "2025-08-13 19:13:12", "elapsed": 33920.05991244316, "delta": 18.25955057144165}, "costs": {"total_cost": 183.26835880036037, "time_cost": 72.072, "final_distance_cost": 1.837245688016288, "oscillation_cost": 26.271755947635427, "completition_cost": 0.0, "overshoot_cost": 49.99063745393671, "power_cost": 12.420229479980469, "noise_cost": 20.676490230791483, "n_waypoints_completed": 9, "tot_waypoints": 9}}
{"target": -189.52828043650197, "params": {"k_pid_pos": [0.9574247449152659, 0.05009828478752775, 0.374963446546335], "k_pid_alt": [1.7973160694679555, 0.0, 0.023548961558762776], "k_pid_att": [8.077629685558376, 5.980776787006245, 0.790579215065215], "k_pid_yaw": [0.5, 1e-06, 0.1], "k_pid_hsp": [0.22429356255543167, 0.01847440049531913, 0.0], "k_pid_vsp": [217.1820838589086, 97.3498605817727, 0.15434559500809766]}, "datetime": {"datetime": "2025-08-13 19:13:29", "elapsed": 33936.98539376259, "delta": 16.92548131942749}, "costs": {"total_cost": 189.52828043650197, "time_cost": 70.574, "final_distance_cost": 1.848902099583659, "oscillation_cost": 28.26269154573452, "completition_cost": 0.0, "overshoot_cost": 50.38658275515578, "power_cost": 16.654316979980468, "noise_cost": 21.801787056047555, "n_waypoints_completed": 9, "tot_waypoints": 9}}
{"target": -192.33893477964116, "params": {"k_pid_pos": [1.0507588382542896, 0.04366783859818926, 0.2266344257986579], "k_pid_alt": [1.5334973789753528, 0.0, 0.016278119123677635], "k_pid_att": [12.529317379181313, 3.6806965307951676, 0.5510077276982522], "k_pid_yaw": [0.5, 1e-06, 0.1], "k_pid_hsp": [0.17524111868777878, 0.014284419499683723, 0.0], "k_pid_vsp": [134.57102462255745, 127.94557541911365, 0.15250701329600722]}, "datetime": {"datetime": "2025-08-13 19:13:46", "elapsed": 33954.43602871895, "delta": 17.450634956359863}, "costs": {"total_cost": 192.33893477964116, "time_cost": 69.839, "final_distance_cost": 1.8356235326057313, "oscillation_cost": 28.463256727372208, "completition_cost": 0.0, "overshoot_cost": 50.55577202821353, "power_cost": 19.628492248535157, "noise_cost": 22.016790242914514, "n_waypoints_completed": 9, "tot_waypoints": 9}}
