{"target": -207.1186052539627, "params": {"k_pid_pos": [0.8105388187594839, 0.2698481996970052, 0.2611319274326334], "k_pid_alt": [2.0, 0.006124734590195603, 0.0], "k_pid_att": [25.625546414147465, 6.503144916731453, 1.0], "k_pid_yaw": [0.5, 1e-06, 0.1], "k_pid_hsp": [1.1968448488370376, 0.0376198427289969, 0.0], "k_pid_vsp": [151.11032068024403, 374.3966628451551, 2.060017823137402]}, "datetime": {"datetime": "2025-08-13 12:06:03", "elapsed": 8291.646864652634, "delta": 36.34991812705994}, "costs": {"total_cost": 207.1186052539627, "time_cost": 78.673, "final_distance_cost": 1.8209148743403016, "oscillation_cost": 30.9421137588544, "completition_cost": 0.0, "overshoot_cost": 51.8255803101398, "power_cost": 19.544253161621096, "noise_cost": 24.312743149007062, "n_waypoints_completed": 9, "tot_waypoints": 9}}
{"target": -192.91975253078039, "params": {"k_pid_pos": [0.7753309315293516, 0.0, 0.18413313570257683], "k_pid_alt": [1.329824338356912, 0.0068726214809307655, 0.059858773174276105], "k_pid_att": [23.072593294578652, 0.3805837447312057, 0.7671425526093719], "k_pid_yaw": [0.5, 1e-06, 0.1], "k_pid_hsp": [0.7981328276476631, 0.05760089058192868, 0.0], "k_pid_vsp": [97.6657766361463, 93.58694524320676, 0.9763689470816114]}, "datetime": {"datetime": "2025-08-13 12:06:36", "elapsed": 8324.56709265709, "delta": 32.920228004455566}, "costs": {"total_cost": 192.91975253078039, "time_cost": 74.382, "final_distance_cost": 1.8500680106741365, "oscillation_cost": 29.003850373459787, "completition_cost": 0.0, "overshoot_cost": 50.04765266012979, "power_cost": 14.698502807617189, "noise_cost": 22.93767867889948, "n_waypoints_completed": 9, "tot_waypoints": 9}}
{"target": -197.94448537377966, "params": {"k_pid_pos": [0.6580201099635529, 0.07621302215132252, 0.0], "k_pid_alt": [1.199480252805925, 0.010202209094599823, 0.1410737970024446], "k_pid_att": [34.48109096067166, 3.2059539822679546, 0.8248448952248962], "k_pid_yaw": [0.5, 1e-06, 0.1], "k_pid_hsp": [2.2443884899634363, 0.09382257394750453, 0.0], "k_pid_vsp": [95.4769423797012, 342.8003100640787, 0.00012466047700517477]}, "datetime": {"datetime": "2025-08-13 12:07:10", "elapsed": 8358.694734096527, "delta": 34.127641439437866}, "costs": {"total_cost": 197.94448537377966, "time_cost": 74.004, "final_distance_cost": 1.8392192832022924, "oscillation_cost": 35.47846951513108, "completition_cost": 0.0, "overshoot_cost": 50.66905489086483, "power_cost": 14.04034500732422, "noise_cost": 21.91339667725723, "n_waypoints_completed": 9, "tot_waypoints": 9}}
{"target": -229.34163225770973, "params": {"k_pid_pos": [0.40476908065237344, 0.1034850974760516, 0.29911592254446956], "k_pid_alt": [0.7445233550738094, 0.022167757596391727, 0.05251025026432452], "k_pid_att": [17.220351132366364, 1.817451020504275, 0.5957178016978745], "k_pid_yaw": [0.5, 1e-06, 0.1], "k_pid_hsp": [2.3337457462494733, 0.05666870758441373, 0.0], "k_pid_vsp": [99.36450666394073, 130.64685539562444, 1e-06]}, "datetime": {"datetime": "2025-08-13 12:07:53", "elapsed": 8401.613717794418, "delta": 42.918983697891235}, "costs": {"total_cost": 229.34163225770973, "time_cost": 101.325, "final_distance_cost": 1.837695708371156, "oscillation_cost": 28.922993561830676, "completition_cost": 0.0, "overshoot_cost": 54.22413291982059, "power_cost": 14.795751416015626, "noise_cost": 28.236058651671673, "n_waypoints_completed": 9, "tot_waypoints": 9}}
{"target": -686.5803801284239, "params": {"k_pid_pos": [1.4683388753937845, 0.18896987711773142, 0.15340089898758305], "k_pid_alt": [0.12868820834840103, 0.0, 0.0], "k_pid_att": [64.02329242389926, 4.058299945713366, 0.2816491493385846], "k_pid_yaw": [0.5, 1e-06, 0.1], "k_pid_hsp": [0.5967490814105534, 0.07617325240003654, 0.0], "k_pid_vsp": [179.91699687094888, 400.0, 0.8006926234897186]}, "datetime": {"datetime": "2025-08-13 12:08:45", "elapsed": 8453.78190279007, "delta": 52.168184995651245}, "costs": {"total_cost": 686.5803801284239, "time_cost": 150, "final_distance_cost": 70.72819605738971, "oscillation_cost": 30.997463629311557, "completition_cost": 333.33333333333337, "overshoot_cost": 46.5274897224943, "power_cost": 22.02015778808594, "noise_cost": 32.9737395978089, "n_waypoints_completed": 6, "tot_waypoints": 9}}
{"target": -196.65728388120925, "params": {"k_pid_pos": [1.7320447613965129, 0.276548696594148, 0.0], "k_pid_alt": [2.0, 0.00604950082668292, 0.0], "k_pid_att": [65.84542138214972, 3.379412241034182, 0.830735296197943], "k_pid_yaw": [0.5, 1e-06, 0.1], "k_pid_hsp": [1.3834610420557267, 0.14755707258153264, 0.0], "k_pid_vsp": [104.75482620220153, 34.02734453287953, 1.4987472266853086]}, "datetime": {"datetime": "2025-08-13 12:09:16", "elapsed": 8484.369176864624, "delta": 30.587274074554443}, "costs": {"total_cost": 196.65728388120925, "time_cost": 70.161, "final_distance_cost": 1.7598203828053742, "oscillation_cost": 40.672961873208294, "completition_cost": 0.0, "overshoot_cost": 50.957199574629676, "power_cost": 13.089222692871095, "noise_cost": 20.017079357694822, "n_waypoints_completed": 9, "tot_waypoints": 9}}
{"target": -197.4123305848932, "params": {"k_pid_pos": [1.0100474793263852, 0.07293516575843004, 0.6488558009500168], "k_pid_alt": [1.3450062629496333, 0.002926139299714404, 0.17477494982026962], "k_pid_att": [23.539851198546227, 3.4180833327720976, 1.0], "k_pid_yaw": [0.5, 1e-06, 0.1], "k_pid_hsp": [0.5391864307677765, 0.04838273222262143, 0.0], "k_pid_vsp": [92.61121284957217, 297.08937332671167, 0.19346801024803387]}, "datetime": {"datetime": "2025-08-13 12:09:49", "elapsed": 8517.502052545547, "delta": 33.13287568092346}, "costs": {"total_cost": 197.4123305848932, "time_cost": 74.837, "final_distance_cost": 1.8455410733707027, "oscillation_cost": 31.04626540535215, "completition_cost": 0.0, "overshoot_cost": 50.48169398918748, "power_cost": 16.305469580078125, "noise_cost": 22.896360536904755, "n_waypoints_completed": 9, "tot_waypoints": 9}}
{"target": -194.96661581086644, "params": {"k_pid_pos": [1.2195957429222226, 0.0719697667282217, 0.0], "k_pid_alt": [0.9556412649170157, 0.021931197468017263, 0.07942603263054153], "k_pid_att": [34.15892783666991, 1.9851885792744686, 1.0], "k_pid_yaw": [0.5, 1e-06, 0.1], "k_pid_hsp": [2.2908984001783916, 0.0, 0.0], "k_pid_vsp": [100.9631007660497, 184.64665582405732, 1.1816470132675039]}, "datetime": {"datetime": "2025-08-13 12:10:20", "elapsed": 8548.320655822754, "delta": 30.81860327720642}, "costs": {"total_cost": 194.96661581086644, "time_cost": 69.664, "final_distance_cost": 1.821746666581408, "oscillation_cost": 33.02284137313818, "completition_cost": 0.0, "overshoot_cost": 50.68249079573987, "power_cost": 18.22908193359375, "noise_cost": 21.54645504181322, "n_waypoints_completed": 9, "tot_waypoints": 9}}
{"target": -193.5097258837295, "params": {"k_pid_pos": [2.0, 0.0, 0.40211179999321794], "k_pid_alt": [1.2620140165363607, 0.002649379914413573, 0.08319681308163913], "k_pid_att": [38.016575167849666, 3.262641532346084, 1.0], "k_pid_yaw": [0.5, 1e-06, 0.1], "k_pid_hsp": [0.7259748664047329, 0.0, 0.0], "k_pid_vsp": [13.699442757136817, 130.38620994182244, 1e-06]}, "datetime": {"datetime": "2025-08-13 12:10:49", "elapsed": 8577.880650520325, "delta": 29.5599946975708}, "costs": {"total_cost": 193.5097258837295, "time_cost": 68.593, "final_distance_cost": 1.7661321686477984, "oscillation_cost": 33.93090499875233, "completition_cost": 0.0, "overshoot_cost": 50.674992120661535, "power_cost": 18.479621337890627, "noise_cost": 20.065075257777206, "n_waypoints_completed": 9, "tot_waypoints": 9}}
{"target": -214.09298022490398, "params": {"k_pid_pos": [0.5749990560189858, 0.08372548126051504, 0.503261286480016], "k_pid_alt": [0.6801748831729005, 0.014543690205941033, 0.20235274271496628], "k_pid_att": [35.663577069581386, 4.401780852091798, 0.7404372702928192], "k_pid_yaw": [0.5, 1e-06, 0.1], "k_pid_hsp": [0.266210772083938, 0.07165173340190406, 0.0], "k_pid_vsp": [19.634255987323943, 335.3933732581666, 0.9630417800003501]}, "datetime": {"datetime": "2025-08-13 12:11:25", "elapsed": 8613.859873771667, "delta": 35.97922325134277}, "costs": {"total_cost": 214.09298022490398, "time_cost": 85.834, "final_distance_cost": 1.857509100363328, "oscillation_cost": 34.45797877020124, "completition_cost": 0.0, "overshoot_cost": 52.32612547615696, "power_cost": 15.708956848144531, "noise_cost": 23.908410030037917, "n_waypoints_completed": 9, "tot_waypoints": 9}}
{"target": -188.36724249223587, "params": {"k_pid_pos": [2.0, 0.0, 0.25002593535697576], "k_pid_alt": [1.4347494051954797, 0.022252329110301075, 0.125227428869254], "k_pid_att": [26.816766925745867, 1.391680819036387, 1.0], "k_pid_yaw": [0.5, 1e-06, 0.1], "k_pid_hsp": [0.9723866791598512, 0.0, 0.0], "k_pid_vsp": [127.78556303905837, 232.11234781309133, 0.9341741417463005]}, "datetime": {"datetime": "2025-08-13 12:11:55", "elapsed": 8643.932049274445, "delta": 30.0721755027771}, "costs": {"total_cost": 188.36724249223587, "time_cost": 68.32000000000001, "final_distance_cost": 1.7950545561669837, "oscillation_cost": 35.13789044876542, "completition_cost": 0.0, "overshoot_cost": 50.08778379923169, "power_cost": 13.239998266601564, "noise_cost": 19.786515421470224, "n_waypoints_completed": 9, "tot_waypoints": 9}}
{"target": -4230.838596892249, "params": {"k_pid_pos": [1.0997322317538087, 0.20710369145659122, 0.35196760094370566], "k_pid_alt": [0.6458386349201922, 0.02227857647199334, 0.1307835633489211], "k_pid_att": [0.0, 1.4622893142938125, 1.0], "k_pid_yaw": [0.5, 1e-06, 0.1], "k_pid_hsp": [1.1426018948403536, 0.1777893433396003, 0.0], "k_pid_vsp": [54.04178741151825, 289.41425537675457, 1.339339037601973]}, "datetime": {"datetime": "2025-08-13 12:12:47", "elapsed": 8695.43046760559, "delta": 51.49841833114624}, "costs": {"total_cost": 4230.838596892249, "time_cost": 150, "final_distance_cost": 415.24842025549367, "oscillation_cost": 1304.5647374966034, "completition_cost": 1000.0, "overshoot_cost": 1138.2811633068936, "power_cost": 57.68478751220703, "noise_cost": 165.05948832105145, "n_waypoints_completed": 0, "tot_waypoints": 9}}
{"target": -188.72724551538462, "params": {"k_pid_pos": [1.5913906116187402, 0.015514589468254285, 0.11531829759647605], "k_pid_alt": [1.8017355298425752, 0.0010070902572064469, 0.047423212670321645], "k_pid_att": [29.021848219044372, 3.1856190533868514, 0.6329527956707589], "k_pid_yaw": [0.5, 1e-06, 0.1], "k_pid_hsp": [0.6629009442484732, 0.14006698714809315, 0.0], "k_pid_vsp": [72.26345122801796, 247.25405051358644, 1.2697904998915686]}, "datetime": {"datetime": "2025-08-13 12:13:17", "elapsed": 8725.520324230194, "delta": 30.08985662460327}, "costs": {"total_cost": 188.72724551538462, "time_cost": 67.984, "final_distance_cost": 1.801339743925597, "oscillation_cost": 37.10132913397692, "completition_cost": 0.0, "overshoot_cost": 49.809170852027954, "power_cost": 12.761425305175782, "noise_cost": 19.269980480278367, "n_waypoints_completed": 9, "tot_waypoints": 9}}
{"target": -191.23586330583808, "params": {"k_pid_pos": [1.9293640983569553, 0.0, 0.3738827405757448], "k_pid_alt": [2.0, 0.0009100217152793575, 0.14730677961719763], "k_pid_att": [41.442805604878124, 6.470309683346547, 0.5158864292397558], "k_pid_yaw": [0.5, 1e-06, 0.1], "k_pid_hsp": [0.682767282538893, 0.15488901645929887, 0.0], "k_pid_vsp": [159.47936073725478, 114.8827695631215, 0.7025636114701399]}, "datetime": {"datetime": "2025-08-13 12:13:47", "elapsed": 8755.789024829865, "delta": 30.26870059967041}, "costs": {"total_cost": 191.23586330583808, "time_cost": 68.936, "final_distance_cost": 1.802690940333612, "oscillation_cost": 34.848757516795864, "completition_cost": 0.0, "overshoot_cost": 50.35961025140328, "power_cost": 15.117442346191407, "noise_cost": 20.171362251113887, "n_waypoints_completed": 9, "tot_waypoints": 9}}
{"target": -196.71517446586725, "params": {"k_pid_pos": [1.912539915818557, 0.2559187644731609, 0.20609684907988357], "k_pid_alt": [1.4263144757124786, 0.010969941225514012, 0.0], "k_pid_att": [30.421459034819634, 1.0017751863721733, 0.8028995928946815], "k_pid_yaw": [0.5, 1e-06, 0.1], "k_pid_hsp": [0.6463618654545399, 0.10956004118837763, 0.0], "k_pid_vsp": [61.195858194723236, 364.0015906931819, 1.3474392182604387]}, "datetime": {"datetime": "2025-08-13 12:14:18", "elapsed": 8786.37946510315, "delta": 30.590440273284912}, "costs": {"total_cost": 196.71517446586725, "time_cost": 69.321, "final_distance_cost": 1.7660537540639396, "oscillation_cost": 38.51064872105818, "completition_cost": 0.0, "overshoot_cost": 50.36642436906417, "power_cost": 16.48777790527344, "noise_cost": 20.263269716407528, "n_waypoints_completed": 9, "tot_waypoints": 9}}
{"target": -186.7374762596437, "params": {"k_pid_pos": [0.840646129842226, 0.07728358683256607, 0.1310466771025928], "k_pid_alt": [1.9518376877559718, 0.04063219666322589, 0.15071194357683962], "k_pid_att": [14.957262744539848, 2.7231125906339506, 1.0], "k_pid_yaw": [0.5, 1e-06, 0.1], "k_pid_hsp": [0.5758765549116945, 0.0, 0.0], "k_pid_vsp": [81.08014388358453, 101.93255162405268, 1.20908285867971]}, "datetime": {"datetime": "2025-08-13 12:14:49", "elapsed": 8817.155785799026, "delta": 30.776320695877075}, "costs": {"total_cost": 186.7374762596437, "time_cost": 71.239, "final_distance_cost": 1.8300070423202313, "oscillation_cost": 27.25796709991571, "completition_cost": 0.0, "overshoot_cost": 51.18113094148752, "power_cost": 13.724305065917969, "noise_cost": 21.505066110002275, "n_waypoints_completed": 9, "tot_waypoints": 9}}
{"target": -220.45614956626682, "params": {"k_pid_pos": [1.6734572295019348, 0.025440790719045828, 0.11140177903243603], "k_pid_alt": [1.523890726901089, 0.0, 0.07479353234661808], "k_pid_att": [24.71797659998852, 5.075356451518011, 0.7580629332137688], "k_pid_yaw": [0.5, 1e-06, 0.1], "k_pid_hsp": [0.7251812122717117, 0.0, 0.0], "k_pid_vsp": [0.0, 146.17680476490617, 0.925775461269884]}, "datetime": {"datetime": "2025-08-13 12:15:24", "elapsed": 8852.368665933609, "delta": 35.21288013458252}, "costs": {"total_cost": 220.45614956626682, "time_cost": 80.381, "final_distance_cost": 1.8055627194674138, "oscillation_cost": 45.16288702532872, "completition_cost": 0.0, "overshoot_cost": 53.0132273768062, "power_cost": 21.175934777832033, "noise_cost": 18.917537666832423, "n_waypoints_completed": 9, "tot_waypoints": 9}}
{"target": -195.22350489265463, "params": {"k_pid_pos": [2.0, 0.1980577543879667, 0.15606609184922898], "k_pid_alt": [1.3668802037044623, 0.011277618515130332, 0.10385611043069591], "k_pid_att": [18.89209018538978, 4.5697332849650545, 0.634013543111794], "k_pid_yaw": [0.5, 1e-06, 0.1], "k_pid_hsp": [0.3017826248246257, 0.029003612840311555, 0.0], "k_pid_vsp": [89.85615585798645, 388.04152211262175, 1.2205501370525573]}, "datetime": {"datetime": "2025-08-13 12:15:54", "elapsed": 8882.611484766006, "delta": 30.24281883239746}, "costs": {"total_cost": 195.22350489265463, "time_cost": 69.041, "final_distance_cost": 1.7827101275025543, "oscillation_cost": 35.87597747185431, "completition_cost": 0.0, "overshoot_cost": 50.191260390325006, "power_cost": 17.756618615722658, "noise_cost": 20.5759382872501, "n_waypoints_completed": 9, "tot_waypoints": 9}}
{"target": -1299.2122378075187, "params": {"k_pid_pos": [1.725667815300768, 0.1378044886493708, 0.17475074414394456], "k_pid_alt": [1.3729113224898077, 0.017921378052146827, 0.04238817236491338], "k_pid_att": [40.963533932835325, 2.013861466325342, 1.0], "k_pid_yaw": [0.5, 1e-06, 0.1], "k_pid_hsp": [0.0001, 0.19851231080234244, 0.0], "k_pid_vsp": [124.12675918461109, 142.2349331079748, 1.0090805977754294]}, "datetime": {"datetime": "2025-08-13 12:16:46", "elapsed": 8934.797560930252, "delta": 52.186076164245605}, "costs": {"total_cost": 1299.2122378075187, "time_cost": 150, "final_distance_cost": 95.12166227961981, "oscillation_cost": 108.10780705714308, "completition_cost": 777.7777777777778, "overshoot_cost": 97.7250023015631, "power_cost": 34.632201416015626, "noise_cost": 35.847786975398904, "n_waypoints_completed": 2, "tot_waypoints": 9}}
{"target": -197.7663699594337, "params": {"k_pid_pos": [2.0, 0.0, 0.5128120378680133], "k_pid_alt": [2.0, 0.00957220701964781, 0.12674159181729738], "k_pid_att": [16.35640773829428, 6.2356555376659175, 0.39045474885830456], "k_pid_yaw": [0.5, 1e-06, 0.1], "k_pid_hsp": [0.5261815996247523, 0.021916456420941987, 0.0], "k_pid_vsp": [118.49253758750838, 66.82458242236247, 0.862558925345354]}, "datetime": {"datetime": "2025-08-13 12:17:16", "elapsed": 8964.92016530037, "delta": 30.122604370117188}, "costs": {"total_cost": 197.7663699594337, "time_cost": 69.601, "final_distance_cost": 1.8263400378974575, "oscillation_cost": 32.28565471092464, "completition_cost": 0.0, "overshoot_cost": 51.48943481132057, "power_cost": 20.635484973144532, "noise_cost": 21.928455426146492, "n_waypoints_completed": 9, "tot_waypoints": 9}}
{"target": -234.51343207881786, "params": {"k_pid_pos": [0.556019736726449, 0.043374852428186235, 0.6702870282640667], "k_pid_alt": [1.7930677120128948, 0.009055507937978238, 0.035115637760723316], "k_pid_att": [5.804524363215123, 2.3225738723348943, 1.0], "k_pid_yaw": [0.5, 1e-06, 0.1], "k_pid_hsp": [0.40753516685154434, 0.11690213454438271, 0.0], "k_pid_vsp": [46.407619177826824, 300.56621955446184, 0.2300078379116425]}, "datetime": {"datetime": "2025-08-13 12:17:42", "elapsed": 8990.793941259384, "delta": 25.873775959014893}, "costs": {"total_cost": 234.51343207881786, "time_cost": 89.194, "final_distance_cost": 1.859507218399614, "oscillation_cost": 35.69502446393194, "completition_cost": 0.0, "overshoot_cost": 53.199421133335946, "power_cost": 24.60871383056641, "noise_cost": 29.956765432583914, "n_waypoints_completed": 9, "tot_waypoints": 9}}
{"target": -1302.279632509073, "params": {"k_pid_pos": [2.0, 0.0, 0.3850415572950788], "k_pid_alt": [1.299318136052302, 0.0, 0.15592711680430996], "k_pid_att": [15.793966932838785, 1.2635048227679044, 1.0], "k_pid_yaw": [0.5, 1e-06, 0.1], "k_pid_hsp": [0.0001, 0.1392679257952514, 0.0], "k_pid_vsp": [102.61910699323799, 264.079754244057, 0.0683951800827333]}, "datetime": {"datetime": "2025-08-13 12:18:26", "elapsed": 9034.554244995117, "delta": 43.76030373573303}, "costs": {"total_cost": 1302.279632509073, "time_cost": 150, "final_distance_cost": 96.03497873512617, "oscillation_cost": 112.33328362975102, "completition_cost": 777.7777777777778, "overshoot_cost": 95.77867328017726, "power_cost": 34.572971618652346, "noise_cost": 35.78194746758852, "n_waypoints_completed": 2, "tot_waypoints": 9}}
{"target": -191.8099790593852, "params": {"k_pid_pos": [1.2938268651570566, 0.04359209072859895, 0.3289090186642496], "k_pid_alt": [1.7997761252505269, 0.007452253592608361, 0.1305277035277467], "k_pid_att": [26.769255986549823, 1.532961722305472, 0.7388959142663744], "k_pid_yaw": [0.5, 1e-06, 0.1], "k_pid_hsp": [2.385955124369501, 0.10312250442697585, 0.0], "k_pid_vsp": [95.576753630629, 216.00555008105758, 2.7295584751738]}, "datetime": {"datetime": "2025-08-13 12:18:57", "elapsed": 9065.004889249802, "delta": 30.45064425468445}, "costs": {"total_cost": 191.8099790593852, "time_cost": 69.45400000000001, "final_distance_cost": 1.8410118715040098, "oscillation_cost": 34.245244654543534, "completition_cost": 0.0, "overshoot_cost": 50.48370115704044, "power_cost": 14.957139953613282, "noise_cost": 20.828881422683935, "n_waypoints_completed": 9, "tot_waypoints": 9}}
{"target": -205.54999549310753, "params": {"k_pid_pos": [1.6721880517407415, 0.06885933277055449, 0.4569336416305887], "k_pid_alt": [1.4817418678242342, 0.03206301896216072, 0.041409744142888984], "k_pid_att": [36.0851267362215, 2.5194691487249625, 1.0], "k_pid_yaw": [0.5, 1e-06, 0.1], "k_pid_hsp": [0.0751483142081059, 0.05835484380005997, 0.0], "k_pid_vsp": [78.41840575195472, 166.25260139292507, 0.00825165198246014]}, "datetime": {"datetime": "2025-08-13 12:19:28", "elapsed": 9096.632167577744, "delta": 31.627278327941895}, "costs": {"total_cost": 205.54999549310753, "time_cost": 71.757, "final_distance_cost": 1.7892691973457462, "oscillation_cost": 43.488575004640325, "completition_cost": 0.0, "overshoot_cost": 51.90270830569004, "power_cost": 15.31657646484375, "noise_cost": 21.29586652058766, "n_waypoints_completed": 9, "tot_waypoints": 9}}
{"target": -1287.5177223524822, "params": {"k_pid_pos": [0.0001, 0.036653284112777317, 0.21783545665181495], "k_pid_alt": [1.1883456357518176, 0.004663619776423717, 0.0], "k_pid_att": [28.449088579524375, 7.54918622867205, 1.0], "k_pid_yaw": [0.5, 1e-06, 0.1], "k_pid_hsp": [0.20149999255606366, 0.20714656280882404, 0.0], "k_pid_vsp": [62.60696852129689, 190.62839346197555, 0.23294678102304842]}, "datetime": {"datetime": "2025-08-13 12:19:59", "elapsed": 9127.524539232254, "delta": 30.892371654510498}, "costs": {"total_cost": 1287.5177223524822, "time_cost": 150, "final_distance_cost": 49.78548441384856, "oscillation_cost": 0.5173312468415067, "completition_cost": 888.8888888888888, "overshoot_cost": 128.00280179524063, "power_cost": 34.787976013183595, "noise_cost": 35.53523999447901, "n_waypoints_completed": 1, "tot_waypoints": 9}}
{"target": -182.39957637914887, "params": {"k_pid_pos": [1.7332828973761683, 0.1622918996038949, 0.3035035496700999], "k_pid_alt": [1.6237220749152341, 0.0, 0.03578024399756929], "k_pid_att": [33.38298666197362, 5.416990687663392, 0.5641770509182523], "k_pid_yaw": [0.5, 1e-06, 0.1], "k_pid_hsp": [1.0497464447419977, 0.03501950105758671, 0.0], "k_pid_vsp": [128.11025504437637, 358.76321402004965, 0.49695140853709957]}, "datetime": {"datetime": "2025-08-13 12:20:16", "elapsed": 9144.330345869064, "delta": 16.805806636810303}, "costs": {"total_cost": 182.39957637914887, "time_cost": 67.96300000000001, "final_distance_cost": 1.8022761436546366, "oscillation_cost": 34.66181973719297, "completition_cost": 0.0, "overshoot_cost": 49.35570616013946, "power_cost": 10.03248701171875, "noise_cost": 18.584287326443036, "n_waypoints_completed": 9, "tot_waypoints": 9}}
