{"target": -193.02753151307968, "params": {"k_pid_pos": [0.8668562734862029, 0.05814645848769808, 0.33227767233465827], "k_pid_alt": [1.439022165013416, 0.0, 0.016264732069239562], "k_pid_att": [5.9373830681834585, 4.72222010796482, 0.7046558813887938], "k_pid_yaw": [0.5, 1e-06, 0.1], "k_pid_hsp": [0.21861500191904518, 0.021295845949150516, 0.0], "k_pid_vsp": [312.3687511457797, 95.10563696568268, 0.189340327394795]}, "datetime": {"datetime": "2025-08-13 21:18:24", "elapsed": 41432.42474913597, "delta": 18.908316135406494}, "costs": {"total_cost": 193.02753151307968, "time_cost": 71.393, "final_distance_cost": 1.8441660412155436, "oscillation_cost": 28.861034990606374, "completition_cost": 0.0, "overshoot_cost": 50.473188711175844, "power_cost": 18.05071688232422, "noise_cost": 22.405424887757697, "n_waypoints_completed": 9, "tot_waypoints": 9}}
{"target": -192.25994754547352, "params": {"k_pid_pos": [0.8301825348484527, 0.055614783420466225, 0.3160444464755993], "k_pid_alt": [1.3655710974590836, 0.0, 0.02246597656564168], "k_pid_att": [9.780902504973804, 3.1444309211411414, 0.47677965812501566], "k_pid_yaw": [0.5, 1e-06, 0.1], "k_pid_hsp": [0.22436500898339953, 0.014081140299345691, 0.0], "k_pid_vsp": [257.31911751948263, 101.53726112967787, 0.1253634011919973]}, "datetime": {"datetime": "2025-08-13 21:18:41", "elapsed": 41449.75031161308, "delta": 17.325562477111816}, "costs": {"total_cost": 192.25994754547352, "time_cost": 72.17, "final_distance_cost": 1.8488928103878228, "oscillation_cost": 26.859819775434715, "completition_cost": 0.0, "overshoot_cost": 51.09800037328394, "power_cost": 17.560388903808594, "noise_cost": 22.722845682558468, "n_waypoints_completed": 9, "tot_waypoints": 9}}
{"target": -186.1616943164001, "params": {"k_pid_pos": [0.9522031104548961, 0.043475104753092166, 0.2948524257951303], "k_pid_alt": [1.484234492818409, 0.0, 0.02648158289732265], "k_pid_att": [7.3314434140628, 2.1526218030792297, 0.468279591636154], "k_pid_yaw": [0.5, 1e-06, 0.1], "k_pid_hsp": [0.2658871128591961, 0.01271109717666657, 0.0], "k_pid_vsp": [275.14527099324965, 118.99138911544772, 0.1776688758155294]}, "datetime": {"datetime": "2025-08-13 21:19:00", "elapsed": 41468.26738834381, "delta": 18.51707673072815}, "costs": {"total_cost": 186.1616943164001, "time_cost": 70.217, "final_distance_cost": 1.8445828620546274, "oscillation_cost": 27.522865805458167, "completition_cost": 0.0, "overshoot_cost": 50.517411455620106, "power_cost": 14.691413989257812, "noise_cost": 21.36842020400938, "n_waypoints_completed": 9, "tot_waypoints": 9}}
{"target": -182.52775221277136, "params": {"k_pid_pos": [0.7790107621840416, 0.048948375776481, 0.32545541261754446], "k_pid_alt": [1.4602258813489633, 0.0, 0.02237556002623807], "k_pid_att": [9.388809463098246, 4.459371616922451, 0.6829484194358831], "k_pid_yaw": [0.5, 1e-06, 0.1], "k_pid_hsp": [0.22312125922247716, 0.017380913846955625, 0.0], "k_pid_vsp": [260.7751236319702, 98.72118948795556, 0.16007242740854116]}, "datetime": {"datetime": "2025-08-13 21:19:18", "elapsed": 41486.7178709507, "delta": 18.450482606887817}, "costs": {"total_cost": 182.52775221277136, "time_cost": 73.234, "final_distance_cost": 1.8426936736025097, "oscillation_cost": 27.030456425203077, "completition_cost": 0.0, "overshoot_cost": 49.940922224097505, "power_cost": 9.771460351562501, "noise_cost": 20.70821953830578, "n_waypoints_completed": 9, "tot_waypoints": 9}}
{"target": -177.2303570469649, "params": {"k_pid_pos": [1.0754624532138595, 0.06880212351274141, 0.3174593580915145], "k_pid_alt": [1.8586696363683999, 0.0, 0.02769406969345521], "k_pid_att": [8.320670468539243, 3.2531365731628945, 0.57545861154407], "k_pid_yaw": [0.5, 1e-06, 0.1], "k_pid_hsp": [0.1714268274420222, 0.013408326183662311, 0.0], "k_pid_vsp": [309.1795184375133, 131.40968927878828, 0.17586649443729777]}, "datetime": {"datetime": "2025-08-13 21:19:35", "elapsed": 41503.50348973274, "delta": 16.785618782043457}, "costs": {"total_cost": 177.2303570469649, "time_cost": 68.887, "final_distance_cost": 1.8373085839468837, "oscillation_cost": 28.133895250489747, "completition_cost": 0.0, "overshoot_cost": 49.89840679995848, "power_cost": 9.446423388671876, "noise_cost": 19.02732302389793, "n_waypoints_completed": 9, "tot_waypoints": 9}}
{"target": -193.3699722269859, "params": {"k_pid_pos": [0.654774641831576, 0.04849408528908764, 0.22619822142281265], "k_pid_alt": [1.6498764024607793, 0.0, 0.02554054306575079], "k_pid_att": [9.431386890838994, 3.531458065037382, 0.473772073073538], "k_pid_yaw": [0.5, 1e-06, 0.1], "k_pid_hsp": [0.2440421709084091, 0.024986685759246622, 0.0], "k_pid_vsp": [262.42491439355746, 126.68160341250996, 0.12461170628825953]}, "datetime": {"datetime": "2025-08-13 21:19:54", "elapsed": 41522.018884420395, "delta": 18.515394687652588}, "costs": {"total_cost": 193.3699722269859, "time_cost": 74.431, "final_distance_cost": 1.8441349584917759, "oscillation_cost": 27.240493864127423, "completition_cost": 0.0, "overshoot_cost": 50.50842304303416, "power_cost": 16.126431921386718, "noise_cost": 23.219488439945863, "n_waypoints_completed": 9, "tot_waypoints": 9}}
{"target": -184.74451430171567, "params": {"k_pid_pos": [0.7966792563252568, 0.04686125429136126, 0.2785124711571662], "k_pid_alt": [1.3731567576233086, 0.0, 0.02596106586247927], "k_pid_att": [11.261282234886792, 4.597284542239215, 0.5849099370850258], "k_pid_yaw": [0.5, 1e-06, 0.1], "k_pid_hsp": [0.16066443157569008, 0.016375903732013367, 0.0], "k_pid_vsp": [309.07342825838214, 126.92325258000243, 0.17510482816717698]}, "datetime": {"datetime": "2025-08-13 21:20:10", "elapsed": 41538.90539646149, "delta": 16.88651204109192}, "costs": {"total_cost": 184.74451430171567, "time_cost": 71.456, "final_distance_cost": 1.8407060989021635, "oscillation_cost": 26.52526646758082, "completition_cost": 0.0, "overshoot_cost": 50.557294243117944, "power_cost": 13.197235498046876, "noise_cost": 21.16801199406787, "n_waypoints_completed": 9, "tot_waypoints": 9}}
{"target": -180.4473046268145, "params": {"k_pid_pos": [1.022679780907561, 0.060805868715103566, 0.33589390772492106], "k_pid_alt": [1.3464269177347603, 0.0, 0.027635441839576284], "k_pid_att": [10.309973999714456, 4.503813462739825, 0.4737511896740134], "k_pid_yaw": [0.5, 1e-06, 0.1], "k_pid_hsp": [0.2294711128231646, 0.012838299553582852, 0.0], "k_pid_vsp": [371.4558168925775, 149.29722115814633, 0.21987969147164732]}, "datetime": {"datetime": "2025-08-13 21:20:28", "elapsed": 41556.67267727852, "delta": 17.76728081703186}, "costs": {"total_cost": 180.4473046268145, "time_cost": 69.79, "final_distance_cost": 1.837545847258957, "oscillation_cost": 28.207784660338355, "completition_cost": 0.0, "overshoot_cost": 49.55362326761686, "power_cost": 11.092434118652344, "noise_cost": 19.965916732948003, "n_waypoints_completed": 9, "tot_waypoints": 9}}
{"target": -183.64377718607255, "params": {"k_pid_pos": [1.1466045405412475, 0.06925411964382987, 0.29982790848557667], "k_pid_alt": [1.4665333860277867, 0.0, 0.026326171504956697], "k_pid_att": [10.265794980349925, 3.678151630583337, 0.5970360511250727], "k_pid_yaw": [0.5, 1e-06, 0.1], "k_pid_hsp": [0.23940484568534384, 0.016876746854800506, 0.0], "k_pid_vsp": [299.48789649487054, 127.70444623095061, 0.19795355025730924]}, "datetime": {"datetime": "2025-08-13 21:20:45", "elapsed": 41573.292050123215, "delta": 16.619372844696045}, "costs": {"total_cost": 183.64377718607255, "time_cost": 69.139, "final_distance_cost": 1.8277602428555257, "oscillation_cost": 29.491395768645408, "completition_cost": 0.0, "overshoot_cost": 49.99963606814493, "power_cost": 12.86130146484375, "noise_cost": 20.324683641582936, "n_waypoints_completed": 9, "tot_waypoints": 9}}
{"target": -187.81798529657954, "params": {"k_pid_pos": [0.9967740419032697, 0.05104680982512041, 0.306236494512629], "k_pid_alt": [1.4903165576689335, 0.0, 0.023472724079108567], "k_pid_att": [10.577497723009875, 4.57656105193123, 0.6298274381803591], "k_pid_yaw": [0.5, 1e-06, 0.1], "k_pid_hsp": [0.23368318965820456, 0.010623325835424734, 0.0], "k_pid_vsp": [268.4855154726734, 112.9917473595213, 0.15768247665193846]}, "datetime": {"datetime": "2025-08-13 21:21:02", "elapsed": 41590.82830762863, "delta": 17.53625750541687}, "costs": {"total_cost": 187.81798529657954, "time_cost": 70.203, "final_distance_cost": 1.8346373832279412, "oscillation_cost": 27.627712537163685, "completition_cost": 0.0, "overshoot_cost": 50.39648773674366, "power_cost": 16.097916064453127, "noise_cost": 21.658231574991103, "n_waypoints_completed": 9, "tot_waypoints": 9}}
{"target": -186.90996828917565, "params": {"k_pid_pos": [1.0461565969260873, 0.059006914645711894, 0.2989311931139848], "k_pid_alt": [1.4333787176710289, 0.0, 0.024377911864463322], "k_pid_att": [9.77881070643559, 3.1545786004398226, 0.5565161839557521], "k_pid_yaw": [0.5, 1e-06, 0.1], "k_pid_hsp": [0.21154831959805498, 0.017982419576376658, 0.0], "k_pid_vsp": [381.2544926670678, 93.99987220214814, 0.15897517932963665]}, "datetime": {"datetime": "2025-08-13 21:21:19", "elapsed": 41607.76277089119, "delta": 16.934463262557983}, "costs": {"total_cost": 186.90996828917565, "time_cost": 69.825, "final_distance_cost": 1.8264387645457527, "oscillation_cost": 28.330633769320347, "completition_cost": 0.0, "overshoot_cost": 50.834917674184275, "power_cost": 14.894704138183595, "noise_cost": 21.19827394294167, "n_waypoints_completed": 9, "tot_waypoints": 9}}
{"target": -182.9329763360088, "params": {"k_pid_pos": [0.8844931757626292, 0.04790552315932878, 0.3261223890375278], "k_pid_alt": [1.7018086839568822, 0.0, 0.02845001081869079], "k_pid_att": [9.971242328921468, 5.132229386961995, 0.5651575745709732], "k_pid_yaw": [0.5, 1e-06, 0.1], "k_pid_hsp": [0.188003135643846, 0.008745723057888758, 0.0], "k_pid_vsp": [255.22571278548887, 127.59794720540548, 0.15299072266554214]}, "datetime": {"datetime": "2025-08-13 21:21:37", "elapsed": 41625.14890933037, "delta": 17.386138439178467}, "costs": {"total_cost": 182.9329763360088, "time_cost": 70.693, "final_distance_cost": 1.839236377042404, "oscillation_cost": 26.775376432961096, "completition_cost": 0.0, "overshoot_cost": 50.587486646851374, "power_cost": 12.375176599121094, "noise_cost": 20.662700280032833, "n_waypoints_completed": 9, "tot_waypoints": 9}}
{"target": -205.90862306451282, "params": {"k_pid_pos": [0.8250981532553339, 0.055150354381870055, 0.34868484589309867], "k_pid_alt": [1.3095387791304796, 0.0, 0.023984893036145816], "k_pid_att": [10.690800341876383, 4.025335348462173, 0.569979486233017], "k_pid_yaw": [0.5, 1e-06, 0.1], "k_pid_hsp": [0.19962619333847145, 0.017468949123339645, 0.0], "k_pid_vsp": [237.2429776129584, 121.61902020650008, 0.16622267887381112]}, "datetime": {"datetime": "2025-08-13 21:21:55", "elapsed": 41643.11445903778, "delta": 17.96554970741272}, "costs": {"total_cost": 205.90862306451282, "time_cost": 73.68900000000001, "final_distance_cost": 1.85031010689953, "oscillation_cost": 27.605939472165407, "completition_cost": 0.0, "overshoot_cost": 51.91217074974853, "power_cost": 26.195024951171877, "noise_cost": 24.656177784527458, "n_waypoints_completed": 9, "tot_waypoints": 9}}
{"target": -183.62455442944218, "params": {"k_pid_pos": [1.0221742661554718, 0.049786280188089116, 0.2837688339232288], "k_pid_alt": [1.368141662554648, 0.0, 0.024724327364408872], "k_pid_att": [9.148679843359647, 3.7630704189842805, 0.5167513877979594], "k_pid_yaw": [0.5, 1e-06, 0.1], "k_pid_hsp": [0.16834909004172008, 0.010614416832512597, 0.0], "k_pid_vsp": [256.90852672861405, 113.71728061007833, 0.16574756805802923]}, "datetime": {"datetime": "2025-08-13 21:22:11", "elapsed": 41659.890053510666, "delta": 16.775594472885132}, "costs": {"total_cost": 183.62455442944218, "time_cost": 69.45400000000001, "final_distance_cost": 1.8250604217500643, "oscillation_cost": 28.015940250838877, "completition_cost": 0.0, "overshoot_cost": 50.140573530061815, "power_cost": 13.787747998046875, "noise_cost": 20.401232228744522, "n_waypoints_completed": 9, "tot_waypoints": 9}}
{"target": -187.93295913123328, "params": {"k_pid_pos": [1.0392204181019684, 0.06941120599233608, 0.2870669846938971], "k_pid_alt": [1.2215137040349808, 0.0, 0.02660668850942963], "k_pid_att": [8.701137092819096, 4.100861209491438, 0.5020349146441885], "k_pid_yaw": [0.5, 1e-06, 0.1], "k_pid_hsp": [0.1887580136058875, 0.014596940595234087, 0.0], "k_pid_vsp": [199.84685992901083, 137.2638857132566, 0.17932707114611493]}, "datetime": {"datetime": "2025-08-13 21:22:28", "elapsed": 41676.565489292145, "delta": 16.675435781478882}, "costs": {"total_cost": 187.93295913123328, "time_cost": 69.93, "final_distance_cost": 1.8315589881028087, "oscillation_cost": 28.184966728851457, "completition_cost": 0.0, "overshoot_cost": 50.12241141010032, "power_cost": 16.516055578613283, "noise_cost": 21.3479664255654, "n_waypoints_completed": 9, "tot_waypoints": 9}}
{"target": -189.6983717255617, "params": {"k_pid_pos": [1.0444942443866942, 0.050934719850486414, 0.2966200132095789], "k_pid_alt": [1.1562815100252763, 0.0, 0.027717679280727853], "k_pid_att": [10.039670994159698, 2.606080828109221, 0.5139219646048733], "k_pid_yaw": [0.5, 1e-06, 0.1], "k_pid_hsp": [0.2261753115753795, 0.014899365221204495, 0.0], "k_pid_vsp": [228.4317069951247, 106.04082231593536, 0.17987435175566666]}, "datetime": {"datetime": "2025-08-13 21:22:46", "elapsed": 41694.08139586449, "delta": 17.51590657234192}, "costs": {"total_cost": 189.6983717255617, "time_cost": 70.49, "final_distance_cost": 1.8443715848069895, "oscillation_cost": 27.738396691930195, "completition_cost": 0.0, "overshoot_cost": 50.540643836370904, "power_cost": 17.41414522705078, "noise_cost": 21.670814385402842, "n_waypoints_completed": 9, "tot_waypoints": 9}}
{"target": -186.1694154276254, "params": {"k_pid_pos": [0.8120081050519374, 0.05608137779755914, 0.2933863424095116], "k_pid_alt": [1.4195806498616754, 0.0, 0.024973547430526724], "k_pid_att": [10.132830351528897, 3.0370124896017234, 0.47562106219516637], "k_pid_yaw": [0.5, 1e-06, 0.1], "k_pid_hsp": [0.23055880495566472, 0.012378411927454857, 0.0], "k_pid_vsp": [295.9261317951155, 130.00023410151286, 0.1365967144236259]}, "datetime": {"datetime": "2025-08-13 21:23:03", "elapsed": 41711.12248969078, "delta": 17.041093826293945}, "costs": {"total_cost": 186.1694154276254, "time_cost": 72.289, "final_distance_cost": 1.8454846050352391, "oscillation_cost": 26.952730690912876, "completition_cost": 0.0, "overshoot_cost": 50.866686526965694, "power_cost": 12.788617285156251, "noise_cost": 21.426896319555365, "n_waypoints_completed": 9, "tot_waypoints": 9}}
{"target": -178.8045298206917, "params": {"k_pid_pos": [0.9346679553738029, 0.05210898208008433, 0.24660201017617212], "k_pid_alt": [1.406694919205628, 0.0, 0.02022264506689866], "k_pid_att": [10.827127581386739, 2.5733434076602513, 0.4953308354073222], "k_pid_yaw": [0.5, 1e-06, 0.1], "k_pid_hsp": [0.20896464758401764, 0.013467031932669293, 0.0], "k_pid_vsp": [261.6300097568381, 98.0789614702071, 0.19696053616561593]}, "datetime": {"datetime": "2025-08-13 21:23:21", "elapsed": 41729.68600177765, "delta": 18.563512086868286}, "costs": {"total_cost": 178.8045298206917, "time_cost": 69.762, "final_distance_cost": 1.832612835815374, "oscillation_cost": 27.43886481806183, "completition_cost": 0.0, "overshoot_cost": 49.93397087124308, "power_cost": 10.257155615234376, "noise_cost": 19.579925680337038, "n_waypoints_completed": 9, "tot_waypoints": 9}}
{"target": -181.6324016914195, "params": {"k_pid_pos": [0.9976984960597669, 0.0439206138112754, 0.3474440247015693], "k_pid_alt": [1.4027842400666053, 0.0, 0.024298614056769332], "k_pid_att": [9.191671377342113, 3.9729014680764076, 0.7261479499617546], "k_pid_yaw": [0.5, 1e-06, 0.1], "k_pid_hsp": [0.18816294198215858, 0.02089663700048194, 0.0], "k_pid_vsp": [268.9814925474957, 148.0110304356477, 0.15315310281883296]}, "datetime": {"datetime": "2025-08-13 21:23:38", "elapsed": 41746.360766649246, "delta": 16.67476487159729}, "costs": {"total_cost": 181.6324016914195, "time_cost": 69.678, "final_distance_cost": 1.8354467012534013, "oscillation_cost": 28.367694754492145, "completition_cost": 0.0, "overshoot_cost": 49.62753953763461, "power_cost": 11.866348754882813, "noise_cost": 20.25737194315652, "n_waypoints_completed": 9, "tot_waypoints": 9}}
{"target": -189.36774721567264, "params": {"k_pid_pos": [0.9681676872378353, 0.05335685678016561, 0.352850741542226], "k_pid_alt": [1.848338914115135, 0.0, 0.019739702924515153], "k_pid_att": [9.920509779560271, 3.836175674512564, 0.7181548052857529], "k_pid_yaw": [0.5, 1e-06, 0.1], "k_pid_hsp": [0.20795525499129375, 0.017266804817681208, 0.0], "k_pid_vsp": [313.3686125943862, 100.70565378328074, 0.16808333988675853]}, "datetime": {"datetime": "2025-08-13 21:23:56", "elapsed": 41764.6908493042, "delta": 18.330082654953003}, "costs": {"total_cost": 189.36774721567264, "time_cost": 70.665, "final_distance_cost": 1.8403908136505533, "oscillation_cost": 27.470677160932446, "completition_cost": 0.0, "overshoot_cost": 50.58269412992148, "power_cost": 17.006269360351563, "noise_cost": 21.802715750816613, "n_waypoints_completed": 9, "tot_waypoints": 9}}
{"target": -184.4838633639335, "params": {"k_pid_pos": [1.1021680109498344, 0.05008902304852322, 0.3760467333114576], "k_pid_alt": [1.33385783529883, 0.0, 0.026633931505687287], "k_pid_att": [10.86439318931533, 2.9258069906337294, 0.5925023376138772], "k_pid_yaw": [0.5, 1e-06, 0.1], "k_pid_hsp": [0.18666340555245786, 0.015261920773946286, 0.0], "k_pid_vsp": [267.11844995604747, 117.90682066037931, 0.19721973259307982]}, "datetime": {"datetime": "2025-08-13 21:24:13", "elapsed": 41781.453350782394, "delta": 16.76250147819519}, "costs": {"total_cost": 184.4838633639335, "time_cost": 69.489, "final_distance_cost": 1.831506434588113, "oscillation_cost": 28.068125751443887, "completition_cost": 0.0, "overshoot_cost": 50.27125006409326, "power_cost": 14.105255053710938, "noise_cost": 20.718726060097286, "n_waypoints_completed": 9, "tot_waypoints": 9}}
{"target": -197.15730442020524, "params": {"k_pid_pos": [0.7078547605904536, 0.050091300343460016, 0.34549470242199926], "k_pid_alt": [1.627822155886318, 0.0, 0.02422065983758451], "k_pid_att": [6.446738175883428, 3.268338561053822, 0.4594766494059997], "k_pid_yaw": [0.5, 1e-06, 0.1], "k_pid_hsp": [0.271277739156876, 0.016202811402408316, 0.0], "k_pid_vsp": [315.77855934411934, 137.2869442156223, 0.1354997833637869]}, "datetime": {"datetime": "2025-08-13 21:24:31", "elapsed": 41799.95604276657, "delta": 18.502691984176636}, "costs": {"total_cost": 197.15730442020524, "time_cost": 75.509, "final_distance_cost": 1.8491658240597646, "oscillation_cost": 27.590520642855136, "completition_cost": 0.0, "overshoot_cost": 51.16541923813391, "power_cost": 17.139772985839844, "noise_cost": 23.903425729316584, "n_waypoints_completed": 9, "tot_waypoints": 9}}
{"target": -188.32696951232168, "params": {"k_pid_pos": [0.8547830480196662, 0.05413741696048915, 0.32229744133620036], "k_pid_alt": [1.4762308745292698, 0.0, 0.025060510852930387], "k_pid_att": [12.85633058544515, 4.235894966424119, 0.5476560394472649], "k_pid_yaw": [0.5, 1e-06, 0.1], "k_pid_hsp": [0.1801093146900549, 0.010755523767475817, 0.0], "k_pid_vsp": [307.9871916712914, 146.22378150885055, 0.17052685544060697]}, "datetime": {"datetime": "2025-08-13 21:24:50", "elapsed": 41818.06168580055, "delta": 18.105643033981323}, "costs": {"total_cost": 188.32696951232168, "time_cost": 71.379, "final_distance_cost": 1.8369598533846283, "oscillation_cost": 26.36691221355861, "completition_cost": 0.0, "overshoot_cost": 50.593681788293715, "power_cost": 16.11962725830078, "noise_cost": 22.030788398783958, "n_waypoints_completed": 9, "tot_waypoints": 9}}
{"target": -184.97010817255583, "params": {"k_pid_pos": [1.0989383657766714, 0.07774818265978946, 0.37613477991611627], "k_pid_alt": [1.5366570061452631, 0.0, 0.030191721879080754], "k_pid_att": [12.612595171829007, 3.5751175599886884, 0.600252894406617], "k_pid_yaw": [0.5, 1e-06, 0.1], "k_pid_hsp": [0.16635545869030066, 0.01565072521861894, 0.0], "k_pid_vsp": [245.42749844107948, 113.05400048664448, 0.15793873193226307]}, "datetime": {"datetime": "2025-08-13 21:25:07", "elapsed": 41835.61036944389, "delta": 17.548683643341064}, "costs": {"total_cost": 184.97010817255583, "time_cost": 69.377, "final_distance_cost": 1.8375047405569107, "oscillation_cost": 27.903312226653046, "completition_cost": 0.0, "overshoot_cost": 50.641619897825, "power_cost": 14.469789855957032, "noise_cost": 20.740881451563844, "n_waypoints_completed": 9, "tot_waypoints": 9}}
{"target": -191.13870804632867, "params": {"k_pid_pos": [0.7875787389304723, 0.06546115151623848, 0.3317239308570754], "k_pid_alt": [1.4091278531821685, 0.0, 0.028129596258951756], "k_pid_att": [8.480582017953168, 3.8917557535270078, 0.7223386681097033], "k_pid_yaw": [0.5, 1e-06, 0.1], "k_pid_hsp": [0.22732879644580595, 0.014433781929081534, 0.0], "k_pid_vsp": [281.1178765759756, 139.70472091112802, 0.1472922697063127]}, "datetime": {"datetime": "2025-08-13 21:25:30", "elapsed": 41858.60539865494, "delta": 22.99502921104431}, "costs": {"total_cost": 191.13870804632867, "time_cost": 73.19200000000001, "final_distance_cost": 1.8511544018118786, "oscillation_cost": 27.083021489835275, "completition_cost": 0.0, "overshoot_cost": 50.85498550110348, "power_cost": 15.678335815429689, "noise_cost": 22.47921083814836, "n_waypoints_completed": 9, "tot_waypoints": 9}}
