{"target": -184.4085739698157, "params": {"k_pid_pos": [1.471147866105597, 0.046922613516370816, 0.20375466882582297], "k_pid_alt": [1.2964523921259856, 0.0, 0.020717911066174984], "k_pid_att": [13.551598086083134, 5.359754911221704, 0.40441902980524347], "k_pid_yaw": [0.5, 1e-06, 0.1], "k_pid_hsp": [0.20317017898792603, 0.015235717932332577, 0.0], "k_pid_vsp": [259.5901161453939, 122.9049205248765, 0.10530614198946524]}, "datetime": {"datetime": "2025-08-13 18:15:26", "elapsed": 30454.603624105453, "delta": 16.1872501373291}, "costs": {"total_cost": 184.4085739698157, "time_cost": 68.474, "final_distance_cost": 1.8177010833784422, "oscillation_cost": 31.951153521555447, "completition_cost": 0.0, "overshoot_cost": 50.13235711726511, "power_cost": 12.38635653076172, "noise_cost": 19.647005716854974, "n_waypoints_completed": 9, "tot_waypoints": 9}}
{"target": -198.24364423443555, "params": {"k_pid_pos": [1.0325457185277473, 0.04979323640610187, 0.36556557960190594], "k_pid_alt": [1.1476283704115375, 0.0, 0.02487336748568669], "k_pid_att": [8.477124474366997, 2.94973150156232, 0.30761635030611484], "k_pid_yaw": [0.5, 1e-06, 0.1], "k_pid_hsp": [0.15602356768244321, 0.015292177506432374, 0.0], "k_pid_vsp": [240.85428720881183, 102.64829619332106, 0.1331601422348482]}, "datetime": {"datetime": "2025-08-13 18:15:44", "elapsed": 30472.1428027153, "delta": 17.539178609848022}, "costs": {"total_cost": 198.24364423443555, "time_cost": 72.17, "final_distance_cost": 1.832558223587138, "oscillation_cost": 28.22576348306988, "completition_cost": 0.0, "overshoot_cost": 51.60718373341206, "power_cost": 21.58344842529297, "noise_cost": 22.824690369073494, "n_waypoints_completed": 9, "tot_waypoints": 9}}
{"target": -180.1366448170331, "params": {"k_pid_pos": [0.8844524184542989, 0.05812846837077346, 0.2826288618069596], "k_pid_alt": [1.1174324767049044, 0.0, 0.027846242796552845], "k_pid_att": [16.865338296555937, 5.3839099757452, 0.4925813779088391], "k_pid_yaw": [0.5, 1e-06, 0.1], "k_pid_hsp": [0.1661579349436788, 0.021260741756200758, 0.0], "k_pid_vsp": [288.06306320614914, 111.04862148934738, 0.15800989524393483]}, "datetime": {"datetime": "2025-08-13 18:16:00", "elapsed": 30488.674066781998, "delta": 16.531264066696167}, "costs": {"total_cost": 180.1366448170331, "time_cost": 70.728, "final_distance_cost": 1.8340199584827233, "oscillation_cost": 27.07664758426243, "completition_cost": 0.0, "overshoot_cost": 49.960997267942965, "power_cost": 10.564732031250001, "noise_cost": 19.972247975094973, "n_waypoints_completed": 9, "tot_waypoints": 9}}
{"target": -186.8984594707627, "params": {"k_pid_pos": [1.5031190224306918, 0.08131625699315867, 0.287206219208676], "k_pid_alt": [1.367981039373389, 0.0, 0.017513138750548832], "k_pid_att": [10.530733150712813, 4.379142835674961, 0.5193001948613182], "k_pid_yaw": [0.5, 1e-06, 0.1], "k_pid_hsp": [0.2208508072542401, 0.026624496989400486, 0.0], "k_pid_vsp": [314.53842782305134, 118.07874539126847, 0.09613271071572209]}, "datetime": {"datetime": "2025-08-13 18:16:17", "elapsed": 30505.20339846611, "delta": 16.52933168411255}, "costs": {"total_cost": 186.8984594707627, "time_cost": 68.768, "final_distance_cost": 1.8106357913053692, "oscillation_cost": 32.091262355833756, "completition_cost": 0.0, "overshoot_cost": 50.15056363872179, "power_cost": 14.043773010253908, "noise_cost": 20.034224674647877, "n_waypoints_completed": 9, "tot_waypoints": 9}}
{"target": -192.24284535345856, "params": {"k_pid_pos": [0.8001675556128444, 0.052426433571569814, 0.29741234766429353], "k_pid_alt": [1.3933587931615232, 0.0, 0.019692242770824372], "k_pid_att": [8.237490171635137, 5.414315259530095, 0.611188181223815], "k_pid_yaw": [0.5, 1e-06, 0.1], "k_pid_hsp": [0.18684441696331058, 0.02032381236680759, 0.0], "k_pid_vsp": [279.02301334109586, 93.59843815334828, 0.16199844066927968]}, "datetime": {"datetime": "2025-08-13 18:16:34", "elapsed": 30522.105726480484, "delta": 16.90232801437378}, "costs": {"total_cost": 192.24284535345856, "time_cost": 72.086, "final_distance_cost": 1.8404287346684443, "oscillation_cost": 28.15054137578516, "completition_cost": 0.0, "overshoot_cost": 50.459244796660904, "power_cost": 17.30478114013672, "noise_cost": 22.401849306207335, "n_waypoints_completed": 9, "tot_waypoints": 9}}
{"target": -186.03845444870217, "params": {"k_pid_pos": [0.7742733658532978, 0.07030930202277218, 0.257630470672646], "k_pid_alt": [1.0152619009398167, 0.0, 0.02892095230660295], "k_pid_att": [10.437029721174572, 3.9931490912500553, 0.6531985034804673], "k_pid_yaw": [0.5, 1e-06, 0.1], "k_pid_hsp": [0.14965754690654548, 0.015002184080091387, 0.0], "k_pid_vsp": [326.3498504436448, 134.1251343745405, 0.14313513038472878]}, "datetime": {"datetime": "2025-08-13 18:16:51", "elapsed": 30539.28231573105, "delta": 17.176589250564575}, "costs": {"total_cost": 186.03845444870217, "time_cost": 72.324, "final_distance_cost": 1.8418173999759706, "oscillation_cost": 26.009819736782713, "completition_cost": 0.0, "overshoot_cost": 50.4841595849522, "power_cost": 13.92698055419922, "noise_cost": 21.451677172792078, "n_waypoints_completed": 9, "tot_waypoints": 9}}
{"target": -177.8444983977119, "params": {"k_pid_pos": [0.9974877854423726, 0.042532408438340524, 0.22273137992158984], "k_pid_alt": [1.6852302751411619, 0.0, 0.0231978003856113], "k_pid_att": [10.16772645473141, 3.5507590349572022, 0.48127675117731994], "k_pid_yaw": [0.5, 1e-06, 0.1], "k_pid_hsp": [0.15110902906948323, 0.015769767854905813, 0.0], "k_pid_vsp": [398.185349568341, 104.86708606059217, 0.21230015913050715]}, "datetime": {"datetime": "2025-08-13 18:17:07", "elapsed": 30555.76610183716, "delta": 16.48378610610962}, "costs": {"total_cost": 177.8444983977119, "time_cost": 69.09, "final_distance_cost": 1.8300384321921994, "oscillation_cost": 27.844483277630143, "completition_cost": 0.0, "overshoot_cost": 50.13109057324453, "power_cost": 9.908382971191406, "noise_cost": 19.04050314345364, "n_waypoints_completed": 9, "tot_waypoints": 9}}
{"target": -190.96573177797552, "params": {"k_pid_pos": [0.7835257114819557, 0.05048310439301374, 0.3036712988324568], "k_pid_alt": [1.2330410504604525, 0.0, 0.027868589144401396], "k_pid_att": [7.8265328668934755, 1.7889844295843478, 0.5737748778092767], "k_pid_yaw": [0.5, 1e-06, 0.1], "k_pid_hsp": [0.1896469118134343, 0.02525984299433796, 0.0], "k_pid_vsp": [382.49082232219183, 112.3076810273028, 0.08505277641148883]}, "datetime": {"datetime": "2025-08-13 18:17:24", "elapsed": 30572.75713944435, "delta": 16.991037607192993}, "costs": {"total_cost": 190.96573177797552, "time_cost": 73.129, "final_distance_cost": 1.8435429306668818, "oscillation_cost": 27.128614110694347, "completition_cost": 0.0, "overshoot_cost": 50.464042380821596, "power_cost": 16.005633520507814, "noise_cost": 22.394898835284877, "n_waypoints_completed": 9, "tot_waypoints": 9}}
{"target": -182.04666542594663, "params": {"k_pid_pos": [0.971986988118439, 0.05451405202054383, 0.409766310597611], "k_pid_alt": [1.351219207646378, 0.0, 0.03088298436668299], "k_pid_att": [9.597191165167368, 4.877815742480352, 0.47771693334298293], "k_pid_yaw": [0.5, 1e-06, 0.1], "k_pid_hsp": [0.16752059577235076, 0.01431491071354947, 0.0], "k_pid_vsp": [265.36991577229475, 113.91369816042153, 0.15874889578779613]}, "datetime": {"datetime": "2025-08-13 18:17:41", "elapsed": 30589.74903321266, "delta": 16.991893768310547}, "costs": {"total_cost": 182.04666542594663, "time_cost": 70.546, "final_distance_cost": 1.8455516533302991, "oscillation_cost": 27.22456978727763, "completition_cost": 0.0, "overshoot_cost": 50.727782183011705, "power_cost": 11.387284143066406, "noise_cost": 20.31547765926059, "n_waypoints_completed": 9, "tot_waypoints": 9}}
{"target": -191.89647941572514, "params": {"k_pid_pos": [0.838063459245534, 0.05155180230037173, 0.3177722020945828], "k_pid_alt": [1.3234012417799392, 0.0, 0.032580887601488286], "k_pid_att": [10.708689505379425, 3.361423964018396, 0.0892349273379411], "k_pid_yaw": [0.5, 1e-06, 0.1], "k_pid_hsp": [0.27420573708590484, 0.02246981755749264, 0.0], "k_pid_vsp": [338.1510561915122, 116.71403784333165, 0.12653977571799768]}, "datetime": {"datetime": "2025-08-13 18:17:58", "elapsed": 30606.42440891266, "delta": 16.67537569999695}, "costs": {"total_cost": 191.89647941572514, "time_cost": 72.667, "final_distance_cost": 1.8430382628212707, "oscillation_cost": 28.024912175701097, "completition_cost": 0.0, "overshoot_cost": 50.51205858525638, "power_cost": 16.24545604248047, "noise_cost": 22.60401434946594, "n_waypoints_completed": 9, "tot_waypoints": 9}}
{"target": -187.32001340073816, "params": {"k_pid_pos": [0.9645228702770284, 0.0599939050473205, 0.3080744669016382], "k_pid_alt": [1.020704601312679, 0.0, 0.028608152804884667], "k_pid_att": [13.87026889059377, 3.6466380113909573, 0.7573791699972968], "k_pid_yaw": [0.5, 1e-06, 0.1], "k_pid_hsp": [0.2016961484851415, 0.01891031257343501, 0.0], "k_pid_vsp": [256.4129675560036, 130.78032192407056, 0.16686497316457616]}, "datetime": {"datetime": "2025-08-13 18:18:15", "elapsed": 30623.70982027054, "delta": 17.28541135787964}, "costs": {"total_cost": 187.32001340073816, "time_cost": 70.777, "final_distance_cost": 1.8410990191058523, "oscillation_cost": 27.78220262800887, "completition_cost": 0.0, "overshoot_cost": 50.17482344081921, "power_cost": 15.409328039550783, "noise_cost": 21.335560273253435, "n_waypoints_completed": 9, "tot_waypoints": 9}}
{"target": -184.51641855208584, "params": {"k_pid_pos": [0.7828255777135148, 0.08939781537690226, 0.27651441957017114], "k_pid_alt": [1.2453802865899737, 0.0, 0.02197488916091067], "k_pid_att": [9.750536727166347, 5.228810724441673, 0.5739376345841001], "k_pid_yaw": [0.5, 1e-06, 0.1], "k_pid_hsp": [0.1206475025899728, 0.020125676788813336, 0.0], "k_pid_vsp": [317.1400803497323, 103.2924526468838, 0.1853456223362467]}, "datetime": {"datetime": "2025-08-13 18:18:33", "elapsed": 30641.552233934402, "delta": 17.842413663864136}, "costs": {"total_cost": 184.51641855208584, "time_cost": 71.883, "final_distance_cost": 1.8301631424428908, "oscillation_cost": 26.31280206523689, "completition_cost": 0.0, "overshoot_cost": 50.449536197609746, "power_cost": 13.135609057617188, "noise_cost": 20.90530808917912, "n_waypoints_completed": 9, "tot_waypoints": 9}}
{"target": -230.8700209807589, "params": {"k_pid_pos": [0.2855557771248381, 0.04666279500510754, 0.27847042699764984], "k_pid_alt": [0.7840949944523121, 0.0, 0.027023645367903776], "k_pid_att": [17.312225175196257, 4.826177858250559, 0.44507759194939567], "k_pid_yaw": [0.5, 1e-06, 0.1], "k_pid_hsp": [0.1830929716360924, 0.012616407020677718, 0.0], "k_pid_vsp": [236.17315803202257, 100.12882795464083, 0.14068951940441848]}, "datetime": {"datetime": "2025-08-13 18:18:58", "elapsed": 30666.717791557312, "delta": 25.165557622909546}, "costs": {"total_cost": 230.8700209807589, "time_cost": 103.39, "final_distance_cost": 1.8565122405970156, "oscillation_cost": 17.834027696510226, "completition_cost": 0.0, "overshoot_cost": 56.85416530386319, "power_cost": 18.074775170898437, "noise_cost": 32.86054056889004, "n_waypoints_completed": 9, "tot_waypoints": 9}}
{"target": -197.66857204550024, "params": {"k_pid_pos": [0.660555564708853, 0.05162991057672552, 0.21173197832933624], "k_pid_alt": [1.3482458915791085, 0.0, 0.021514893852539047], "k_pid_att": [6.955936748795279, 4.627907757942093, 0.5098009171346319], "k_pid_yaw": [0.5, 1e-06, 0.1], "k_pid_hsp": [0.3399072616575353, 0.02782756113172906, 0.0], "k_pid_vsp": [351.4886972200061, 91.76685672354715, 0.13535231314228371]}, "datetime": {"datetime": "2025-08-13 18:19:17", "elapsed": 30685.28922891617, "delta": 18.5714373588562}, "costs": {"total_cost": 197.66857204550024, "time_cost": 75.649, "final_distance_cost": 1.8453328572690433, "oscillation_cost": 28.18861710498001, "completition_cost": 0.0, "overshoot_cost": 51.13235169570805, "power_cost": 17.229469458007813, "noise_cost": 23.62380092953533, "n_waypoints_completed": 9, "tot_waypoints": 9}}
{"target": -209.36255410693906, "params": {"k_pid_pos": [0.35454360355535847, 0.05275343356723066, 0.2468496012881659], "k_pid_alt": [1.1603326479867808, 0.0, 0.024756746571534354], "k_pid_att": [14.865592721694947, 4.545337466154421, 0.5411283561002339], "k_pid_yaw": [0.5, 1e-06, 0.1], "k_pid_hsp": [0.21261916941440526, 0.016521811390589707, 0.0], "k_pid_vsp": [400.0, 79.608680474731, 0.15430263901164684]}, "datetime": {"datetime": "2025-08-13 18:19:38", "elapsed": 30706.907759189606, "delta": 21.6185302734375}, "costs": {"total_cost": 209.36255410693906, "time_cost": 90.104, "final_distance_cost": 1.8549509398268151, "oscillation_cost": 21.233213035409904, "completition_cost": 0.0, "overshoot_cost": 53.9952706011069, "power_cost": 14.355785388183595, "noise_cost": 27.819334142411847, "n_waypoints_completed": 9, "tot_waypoints": 9}}
{"target": -185.52590825143346, "params": {"k_pid_pos": [0.8368884971317602, 0.04773765329479392, 0.21798776974179246], "k_pid_alt": [1.3345522643540173, 0.0, 0.027663034569076327], "k_pid_att": [9.276086661278422, 4.376611080265024, 0.49992085059777597], "k_pid_yaw": [0.5, 1e-06, 0.1], "k_pid_hsp": [0.23385381252227092, 0.02390150724129876, 0.0], "k_pid_vsp": [257.6655323015366, 117.39403422016977, 0.10259357141208286]}, "datetime": {"datetime": "2025-08-13 18:19:55", "elapsed": 30723.784237623215, "delta": 16.87647843360901}, "costs": {"total_cost": 185.52590825143346, "time_cost": 70.763, "final_distance_cost": 1.840647851069917, "oscillation_cost": 27.174032090119713, "completition_cost": 0.0, "overshoot_cost": 50.56590719607225, "power_cost": 14.071058300781251, "noise_cost": 21.11126281339032, "n_waypoints_completed": 9, "tot_waypoints": 9}}
{"target": -187.54295342149373, "params": {"k_pid_pos": [0.6526021435926066, 0.06931858213415873, 0.3140129722412499], "k_pid_alt": [1.2931774518791135, 0.0, 0.022235133366922497], "k_pid_att": [6.335496382901908, 4.538490857482065, 0.588631286530683], "k_pid_yaw": [0.5, 1e-06, 0.1], "k_pid_hsp": [0.2549075840429242, 0.028260343273788652, 0.0], "k_pid_vsp": [324.70493190435883, 41.463680925213, 0.1459917383300434]}, "datetime": {"datetime": "2025-08-13 18:20:14", "elapsed": 30742.779744148254, "delta": 18.995506525039673}, "costs": {"total_cost": 187.54295342149373, "time_cost": 76.769, "final_distance_cost": 1.8453424080817855, "oscillation_cost": 27.27644930066822, "completition_cost": 0.0, "overshoot_cost": 51.22410421328979, "power_cost": 9.098199987792968, "noise_cost": 21.32985751166096, "n_waypoints_completed": 9, "tot_waypoints": 9}}
{"target": -190.9968693857779, "params": {"k_pid_pos": [1.2884483365818442, 0.07771519189255531, 0.3832350630368617], "k_pid_alt": [0.7328260332206771, 0.0, 0.02552259114153083], "k_pid_att": [10.775473594170188, 4.703976217272324, 0.7718817341031058], "k_pid_yaw": [0.5, 1e-06, 0.1], "k_pid_hsp": [0.14128820718609705, 0.01761367407559934, 0.0], "k_pid_vsp": [400.0, 82.7266984239114, 0.11769071646624564]}, "datetime": {"datetime": "2025-08-13 18:20:32", "elapsed": 30760.149657964706, "delta": 17.369913816452026}, "costs": {"total_cost": 190.9968693857779, "time_cost": 72.254, "final_distance_cost": 1.8227891147323791, "oscillation_cost": 29.91210038195109, "completition_cost": 0.0, "overshoot_cost": 50.60491528842418, "power_cost": 15.319155725097657, "noise_cost": 21.083908875572615, "n_waypoints_completed": 9, "tot_waypoints": 9}}
{"target": -202.15923853301777, "params": {"k_pid_pos": [0.6577622338996626, 0.05171391527919709, 0.31950188912644467], "k_pid_alt": [1.0207916494566016, 0.0, 0.026793069913792423], "k_pid_att": [13.19592312019598, 4.54046672631938, 0.5023834570271172], "k_pid_yaw": [0.5, 1e-06, 0.1], "k_pid_hsp": [0.21608765827092835, 0.02353833701647304, 0.0], "k_pid_vsp": [225.09709723003854, 129.22556111050994, 0.14222854883381053]}, "datetime": {"datetime": "2025-08-13 18:20:50", "elapsed": 30778.32013607025, "delta": 18.170478105545044}, "costs": {"total_cost": 202.15923853301777, "time_cost": 77.154, "final_distance_cost": 1.8559082999359149, "oscillation_cost": 26.345604770405473, "completition_cost": 0.0, "overshoot_cost": 51.026065204787486, "power_cost": 20.715204162597658, "noise_cost": 25.062456095291257, "n_waypoints_completed": 9, "tot_waypoints": 9}}
{"target": -191.20441153231678, "params": {"k_pid_pos": [1.1731574732000782, 0.05884592142506281, 0.14512639798984753], "k_pid_alt": [1.078339987445624, 0.0, 0.014329527373991804], "k_pid_att": [11.127186956670698, 2.894433400500334, 0.5776426748921839], "k_pid_yaw": [0.5, 1e-06, 0.1], "k_pid_hsp": [0.24476972775025407, 0.01404552929098823, 0.0], "k_pid_vsp": [235.53872424086197, 88.93889168311057, 0.1420339793621003]}, "datetime": {"datetime": "2025-08-13 18:21:07", "elapsed": 30795.251313447952, "delta": 16.931177377700806}, "costs": {"total_cost": 191.20441153231678, "time_cost": 69.79, "final_distance_cost": 1.8302689278074131, "oscillation_cost": 30.497086610199343, "completition_cost": 0.0, "overshoot_cost": 51.02637813685171, "power_cost": 16.8417275390625, "noise_cost": 21.2189503183958, "n_waypoints_completed": 9, "tot_waypoints": 9}}
{"target": -202.00966029514987, "params": {"k_pid_pos": [0.5281642684831818, 0.04096625801594597, 0.3124747181328189], "k_pid_alt": [0.7793225483937062, 0.0, 0.020595249547473868], "k_pid_att": [10.68049027846105, 3.286656251584884, 0.7418838288018564], "k_pid_yaw": [0.5, 1e-06, 0.1], "k_pid_hsp": [0.21514310584558527, 0.026708172185096715, 0.0], "k_pid_vsp": [317.14711208711924, 88.75377475309726, 0.12037814803749798]}, "datetime": {"datetime": "2025-08-13 18:21:26", "elapsed": 30814.970262289047, "delta": 19.71894884109497}, "costs": {"total_cost": 202.00966029514987, "time_cost": 83.468, "final_distance_cost": 1.8553588643098002, "oscillation_cost": 24.200168767283674, "completition_cost": 0.0, "overshoot_cost": 51.729232512025504, "power_cost": 15.232073132324219, "noise_cost": 25.52482701920668, "n_waypoints_completed": 9, "tot_waypoints": 9}}
{"target": -191.975530167016, "params": {"k_pid_pos": [0.8994107378426334, 0.060460957971697836, 0.19801853982470555], "k_pid_alt": [0.9302791863064787, 0.0, 0.0339708747660081], "k_pid_att": [7.941085684527647, 4.031209777061339, 0.6190375417039894], "k_pid_yaw": [0.5, 1e-06, 0.1], "k_pid_hsp": [0.2595902134226596, 0.021507046023801765, 0.0], "k_pid_vsp": [329.86324188214456, 38.78184959463254, 0.15454991408866792]}, "datetime": {"datetime": "2025-08-13 18:21:44", "elapsed": 30832.236709833145, "delta": 17.2664475440979}, "costs": {"total_cost": 191.975530167016, "time_cost": 72.044, "final_distance_cost": 1.8318478384129666, "oscillation_cost": 29.188889851506286, "completition_cost": 0.0, "overshoot_cost": 50.9231761695356, "power_cost": 16.184242541503906, "noise_cost": 21.803373766057206, "n_waypoints_completed": 9, "tot_waypoints": 9}}
{"target": -197.42017089213778, "params": {"k_pid_pos": [1.3332697087545584, 0.058972459111859186, 0.2884055540940049], "k_pid_alt": [1.441484574222848, 0.0, 0.027752611378054987], "k_pid_att": [9.009927247616675, 5.164166185455302, 0.5436132307552827], "k_pid_yaw": [0.5, 1e-06, 0.1], "k_pid_hsp": [0.1902659308321795, 0.026321335580166038, 0.0], "k_pid_vsp": [261.59779860359, 115.41806116162775, 0.2051367384319612]}, "datetime": {"datetime": "2025-08-13 18:22:01", "elapsed": 30849.844408750534, "delta": 17.607698917388916}, "costs": {"total_cost": 197.42017089213778, "time_cost": 70.441, "final_distance_cost": 1.831267157486693, "oscillation_cost": 31.617299314294005, "completition_cost": 0.0, "overshoot_cost": 51.092971830451965, "power_cost": 20.459076818847656, "noise_cost": 21.978555771057476, "n_waypoints_completed": 9, "tot_waypoints": 9}}
{"target": -188.27561977862769, "params": {"k_pid_pos": [0.7977369260158049, 0.04940110751174248, 0.28902440498210424], "k_pid_alt": [1.1889162560240263, 0.0, 0.020799938667598314], "k_pid_att": [3.552085891353794, 6.380525188878782, 0.3566044714731211], "k_pid_yaw": [0.5, 1e-06, 0.1], "k_pid_hsp": [0.180906822512503, 0.01992496260079846, 0.0], "k_pid_vsp": [223.24007536023717, 120.43108533378059, 0.12749029504936965]}, "datetime": {"datetime": "2025-08-13 18:22:18", "elapsed": 30866.374902009964, "delta": 16.53049325942993}, "costs": {"total_cost": 188.27561977862769, "time_cost": 72.156, "final_distance_cost": 1.8476862644550167, "oscillation_cost": 30.53173496068735, "completition_cost": 0.0, "overshoot_cost": 49.77200708031075, "power_cost": 12.796519348144532, "noise_cost": 21.171672125030017, "n_waypoints_completed": 9, "tot_waypoints": 9}}
{"target": -185.73895107763352, "params": {"k_pid_pos": [1.0098511011370508, 0.06649312344365679, 0.24729862666730504], "k_pid_alt": [1.3997635293068227, 0.0, 0.024199390774305163], "k_pid_att": [7.517125871564782, 3.9248919974901963, 0.5684753339501821], "k_pid_yaw": [0.5, 1e-06, 0.1], "k_pid_hsp": [0.18727722044348538, 0.018827836514399468, 0.0], "k_pid_vsp": [392.374095784261, 98.01849284535001, 0.11917872967796579]}, "datetime": {"datetime": "2025-08-13 18:22:35", "elapsed": 30883.96590232849, "delta": 17.59100031852722}, "costs": {"total_cost": 185.73895107763352, "time_cost": 69.461, "final_distance_cost": 1.8194156415459009, "oscillation_cost": 29.088320706885927, "completition_cost": 0.0, "overshoot_cost": 50.356245048603334, "power_cost": 14.340697265625, "noise_cost": 20.673272414973344, "n_waypoints_completed": 9, "tot_waypoints": 9}}
