{"target": -190.44060127808754, "params": {"k_pid_pos": [1.8182024653438533, 0.042823398474512275, 0.1969260555351883], "k_pid_alt": [1.3557829521768878, 0.015267582420608912, 0.04497124804547025], "k_pid_att": [44.32788898713153, 4.723196195760434, 1.0], "k_pid_yaw": [0.5, 1e-06, 0.1], "k_pid_hsp": [0.3682975557818105, 0.036040944218222584, 0.0], "k_pid_vsp": [109.72787249842446, 7.409272848521641, 0.10064272244659493]}, "datetime": {"datetime": "2025-08-13 13:09:58", "elapsed": 12126.211069345474, "delta": 16.786321878433228}, "costs": {"total_cost": 190.44060127808754, "time_cost": 69.902, "final_distance_cost": 1.7994659662864494, "oscillation_cost": 33.1641892302115, "completition_cost": 0.0, "overshoot_cost": 51.599980739455766, "power_cost": 13.523677490234375, "noise_cost": 20.45128785189945, "n_waypoints_completed": 9, "tot_waypoints": 9}}
{"target": -192.73929436834538, "params": {"k_pid_pos": [1.2247429934434164, 0.12776395260517784, 0.249692951395566], "k_pid_alt": [2.0, 0.00938053790734926, 0.04679478156520422], "k_pid_att": [42.09186987516569, 10.0, 1.0], "k_pid_yaw": [0.5, 1e-06, 0.1], "k_pid_hsp": [1.4697955185809108, 0.07513585700051137, 0.0], "k_pid_vsp": [337.279926892475, 8.432822913268742, 0.09203062903605179]}, "datetime": {"datetime": "2025-08-13 13:10:14", "elapsed": 12142.65901851654, "delta": 16.447949171066284}, "costs": {"total_cost": 192.73929436834538, "time_cost": 70.602, "final_distance_cost": 1.8265494611614268, "oscillation_cost": 32.397561050659974, "completition_cost": 0.0, "overshoot_cost": 51.509728016605244, "power_cost": 15.018298059082031, "noise_cost": 21.385157780836693, "n_waypoints_completed": 9, "tot_waypoints": 9}}
{"target": -193.82481639323152, "params": {"k_pid_pos": [1.8246293914908958, 0.1700149657463579, 0.23541982636095246], "k_pid_alt": [2.0, 0.01874301315202825, 0.04100042341911941], "k_pid_att": [32.613424272498996, 3.9718498606358104, 0.11966185249304957], "k_pid_yaw": [0.5, 1e-06, 0.1], "k_pid_hsp": [1.1704720399986048, 0.06279985241581419, 0.0], "k_pid_vsp": [204.9827762796749, 400.0, 0.2810854118726511]}, "datetime": {"datetime": "2025-08-13 13:10:31", "elapsed": 12159.174320697784, "delta": 16.515302181243896}, "costs": {"total_cost": 193.82481639323152, "time_cost": 69.391, "final_distance_cost": 1.779247460863614, "oscillation_cost": 36.14052465678701, "completition_cost": 0.0, "overshoot_cost": 50.73449416331132, "power_cost": 15.413458569335939, "noise_cost": 20.36609154293363, "n_waypoints_completed": 9, "tot_waypoints": 9}}
{"target": -189.19020727779167, "params": {"k_pid_pos": [1.4178569974533122, 0.06548753164674172, 0.20620628204668803], "k_pid_alt": [1.4002227493096095, 0.012592691060394559, 0.010624733194729952], "k_pid_att": [30.81669794458627, 4.894243674096519, 0.640625316411754], "k_pid_yaw": [0.5, 1e-06, 0.1], "k_pid_hsp": [1.4457813013439635, 0.0, 0.0], "k_pid_vsp": [245.79275262463804, 322.5241941617349, 0.6998355786791732]}, "datetime": {"datetime": "2025-08-13 13:10:47", "elapsed": 12175.448670625687, "delta": 16.27434992790222}, "costs": {"total_cost": 189.19020727779167, "time_cost": 68.922, "final_distance_cost": 1.8344329629584681, "oscillation_cost": 32.35366136227668, "completition_cost": 0.0, "overshoot_cost": 50.51765423626075, "power_cost": 15.017171850585939, "noise_cost": 20.545286865709855, "n_waypoints_completed": 9, "tot_waypoints": 9}}
{"target": -196.35242193040187, "params": {"k_pid_pos": [2.0, 0.19071032005327412, 0.12460141547425567], "k_pid_alt": [2.0, 0.007676032921218234, 0.0711381818605803], "k_pid_att": [25.714568351492172, 6.917013507782372, 0.6124499332383364], "k_pid_yaw": [0.5, 1e-06, 0.1], "k_pid_hsp": [0.8563656947042987, 0.09821242431192488, 0.0], "k_pid_vsp": [387.12240099093646, 188.23605358681888, 0.5393086671363966]}, "datetime": {"datetime": "2025-08-13 13:11:04", "elapsed": 12191.980739355087, "delta": 16.532068729400635}, "costs": {"total_cost": 196.35242193040187, "time_cost": 69.174, "final_distance_cost": 1.7508282377860203, "oscillation_cost": 38.39662284335549, "completition_cost": 0.0, "overshoot_cost": 50.508162708117055, "power_cost": 16.040607421875002, "noise_cost": 20.482200719268306, "n_waypoints_completed": 9, "tot_waypoints": 9}}
{"target": -195.4682264461267, "params": {"k_pid_pos": [1.96283458405176, 0.1104713240489973, 0.36808466695984804], "k_pid_alt": [1.3915044799023553, 0.014031271915237621, 0.05686920794126019], "k_pid_att": [44.20076406954544, 3.0632088985118746, 0.06254631011001033], "k_pid_yaw": [0.5, 1e-06, 0.1], "k_pid_hsp": [0.9730209851655173, 0.02382848428116145, 0.0], "k_pid_vsp": [213.11214270972064, 400.0, 0.3872155347748682]}, "datetime": {"datetime": "2025-08-13 13:11:20", "elapsed": 12208.491205453873, "delta": 16.5104660987854}, "costs": {"total_cost": 195.4682264461267, "time_cost": 68.124, "final_distance_cost": 1.7826648453327527, "oscillation_cost": 48.354785717106544, "completition_cost": 0.0, "overshoot_cost": 49.82560694085037, "power_cost": 9.093426123046875, "noise_cost": 18.28774281979017, "n_waypoints_completed": 9, "tot_waypoints": 9}}
{"target": -198.31249664314385, "params": {"k_pid_pos": [1.8729246755675912, 0.08346298161770893, 0.2494470828600881], "k_pid_alt": [2.0, 0.016671185680744098, 0.019030528409583632], "k_pid_att": [45.7779045004742, 7.1241877146814625, 1.0], "k_pid_yaw": [0.5, 1e-06, 0.1], "k_pid_hsp": [0.6102025002631234, 0.04076447067485556, 0.0], "k_pid_vsp": [322.8338216567638, 127.08170011122324, 0.5001898109614548]}, "datetime": {"datetime": "2025-08-13 13:11:37", "elapsed": 12225.305545806885, "delta": 16.814340353012085}, "costs": {"total_cost": 198.31249664314385, "time_cost": 71.148, "final_distance_cost": 1.8180341176538592, "oscillation_cost": 35.15537241849719, "completition_cost": 0.0, "overshoot_cost": 51.14472029758291, "power_cost": 17.604096435546875, "noise_cost": 21.442273373863035, "n_waypoints_completed": 9, "tot_waypoints": 9}}
{"target": -187.24852365349142, "params": {"k_pid_pos": [1.3160770104710264, 0.07288121448511088, 0.42246641250033495], "k_pid_alt": [1.571573859753413, 0.02512098747702825, 0.06751882835992322], "k_pid_att": [23.84479567925023, 7.151231622837578, 0.9559975263464086], "k_pid_yaw": [0.5, 1e-06, 0.1], "k_pid_hsp": [0.9242529640755802, 0.05079593662539647, 0.0], "k_pid_vsp": [251.62730635640204, 251.28684690761602, 0.14544057253939938]}, "datetime": {"datetime": "2025-08-13 13:11:54", "elapsed": 12242.521137237549, "delta": 17.215591430664062}, "costs": {"total_cost": 187.24852365349142, "time_cost": 69.47500000000001, "final_distance_cost": 1.8514106184335928, "oscillation_cost": 32.22410370935859, "completition_cost": 0.0, "overshoot_cost": 49.952230844939166, "power_cost": 12.990246215820314, "noise_cost": 20.75553226493973, "n_waypoints_completed": 9, "tot_waypoints": 9}}
{"target": -186.8545141761834, "params": {"k_pid_pos": [1.4801582041431212, 0.14953541040113358, 0.23172927213881858], "k_pid_alt": [0.9594646436475437, 0.016404204151775615, 0.07483229871777682], "k_pid_att": [33.16692025788594, 10.0, 0.7271972876599602], "k_pid_yaw": [0.5, 1e-06, 0.1], "k_pid_hsp": [1.1666381123009797, 0.09105747061071247, 0.0], "k_pid_vsp": [299.99025229915645, 284.46231703708713, 0.7153150323468397]}, "datetime": {"datetime": "2025-08-13 13:12:10", "elapsed": 12258.943664073944, "delta": 16.422526836395264}, "costs": {"total_cost": 186.8545141761834, "time_cost": 68.915, "final_distance_cost": 1.7854278706902649, "oscillation_cost": 32.88576697581709, "completition_cost": 0.0, "overshoot_cost": 50.082472548176376, "power_cost": 13.242462268066406, "noise_cost": 19.943384513433212, "n_waypoints_completed": 9, "tot_waypoints": 9}}
{"target": -197.13410127947867, "params": {"k_pid_pos": [1.7603847444037524, 0.19467949279755023, 0.10239045046490129], "k_pid_alt": [1.3269885966037618, 0.018962699449882808, 0.056374187763741174], "k_pid_att": [26.857398936325353, 6.258696384738286, 1.0], "k_pid_yaw": [0.5, 1e-06, 0.1], "k_pid_hsp": [0.9158985438243943, 0.014646126485569802, 0.0], "k_pid_vsp": [366.3668196486365, 226.6731497565204, 0.4498586851235724]}, "datetime": {"datetime": "2025-08-13 13:12:27", "elapsed": 12275.262237548828, "delta": 16.318573474884033}, "costs": {"total_cost": 197.13410127947867, "time_cost": 69.58, "final_distance_cost": 1.7536652668589106, "oscillation_cost": 35.45629492174996, "completition_cost": 0.0, "overshoot_cost": 50.59585425809493, "power_cost": 18.29806817626953, "noise_cost": 21.450218656505328, "n_waypoints_completed": 9, "tot_waypoints": 9}}
{"target": -213.5335371896791, "params": {"k_pid_pos": [1.7663927068115448, 0.1899835888469049, 0.025251254842506666], "k_pid_alt": [2.0, 0.010641798613518416, 0.033243178336986784], "k_pid_att": [17.234376155748024, 9.690772344505868, 0.7761905678636235], "k_pid_yaw": [0.5, 1e-06, 0.1], "k_pid_hsp": [1.029853256429826, 0.07324954113134889, 0.0], "k_pid_vsp": [298.78404651638726, 211.0926112129322, 0.5481486998343756]}, "datetime": {"datetime": "2025-08-13 13:12:44", "elapsed": 12292.336434602737, "delta": 17.0741970539093}, "costs": {"total_cost": 213.5335371896791, "time_cost": 72.982, "final_distance_cost": 1.8045556067556485, "oscillation_cost": 39.83625716841015, "completition_cost": 0.0, "overshoot_cost": 51.30174633480958, "power_cost": 24.47031688232422, "noise_cost": 23.138661197379516, "n_waypoints_completed": 9, "tot_waypoints": 9}}
{"target": -1176.5430497145148, "params": {"k_pid_pos": [1.9174641398116705, 0.1199386516207605, 0.30494610079759255], "k_pid_alt": [0.0, 0.013739924076601425, 0.05473621852376714], "k_pid_att": [27.221234035996005, 9.658671790025165, 0.9624693635259978], "k_pid_yaw": [0.5, 1e-06, 0.1], "k_pid_hsp": [0.13047908307266912, 0.001962418951485768, 0.0], "k_pid_vsp": [190.73255056078946, 108.37890062073865, 0.1536633700664641]}, "datetime": {"datetime": "2025-08-13 13:13:12", "elapsed": 12320.812895774841, "delta": 28.476461172103882}, "costs": {"total_cost": 1176.5430497145148, "time_cost": 150, "final_distance_cost": 84.43894214462969, "oscillation_cost": 11.547185536745664, "completition_cost": 777.7777777777778, "overshoot_cost": 72.23330803526049, "power_cost": 40.769934008789065, "noise_cost": 39.775902211312136, "n_waypoints_completed": 2, "tot_waypoints": 9}}
{"target": -1147.3691412771038, "params": {"k_pid_pos": [0.9692313511882821, 0.0, 0.19251204393426957], "k_pid_alt": [0.0, 0.014929934798053138, 0.06204204494415453], "k_pid_att": [23.485470591929, 6.54684709024312, 0.7222988945184131], "k_pid_yaw": [0.5, 1e-06, 0.1], "k_pid_hsp": [1.1461251638238013, 0.07129246440276045, 0.0], "k_pid_vsp": [307.9561857450572, 1e-06, 0.09968847876633764]}, "datetime": {"datetime": "2025-08-13 13:13:41", "elapsed": 12349.01595902443, "delta": 28.203063249588013}, "costs": {"total_cost": 1147.3691412771038, "time_cost": 150, "final_distance_cost": 83.34593430139327, "oscillation_cost": 9.107949459618983, "completition_cost": 777.7777777777778, "overshoot_cost": 71.45128195578765, "power_cost": 19.9775544921875, "noise_cost": 35.70864329033865, "n_waypoints_completed": 2, "tot_waypoints": 9}}
{"target": -238.50918277770387, "params": {"k_pid_pos": [0.27812700421830244, 0.04320309738471214, 0.24318153877139626], "k_pid_alt": [1.108400817464157, 0.015898027288941532, 0.04737911516551014], "k_pid_att": [43.79026291933286, 9.441029994926183, 1.0], "k_pid_yaw": [0.5, 1e-06, 0.1], "k_pid_hsp": [1.0244085702853345, 0.0431358227099323, 0.0], "k_pid_vsp": [384.4078203638808, 256.2997497292775, 0.2760189437219785]}, "datetime": {"datetime": "2025-08-13 13:14:05", "elapsed": 12373.787092924118, "delta": 24.77113389968872}, "costs": {"total_cost": 238.50918277770387, "time_cost": 104.867, "final_distance_cost": 1.859176104688081, "oscillation_cost": 22.03724794590985, "completition_cost": 0.0, "overshoot_cost": 57.26005799858399, "power_cost": 16.972370922851564, "noise_cost": 35.5133298056704, "n_waypoints_completed": 9, "tot_waypoints": 9}}
{"target": -191.31359309546605, "params": {"k_pid_pos": [2.0, 0.1196731031410045, 0.42141950985075055], "k_pid_alt": [1.3529927374466968, 0.0071386817785173, 0.05644705487987114], "k_pid_att": [37.725470992384324, 9.133136146331179, 0.6068848166316997], "k_pid_yaw": [0.5, 1e-06, 0.1], "k_pid_hsp": [0.773569216167331, 0.04404939419995429, 0.0], "k_pid_vsp": [201.50691624334615, 172.4892394232718, 0.3271321482883262]}, "datetime": {"datetime": "2025-08-13 13:14:22", "elapsed": 12390.286475658417, "delta": 16.499382734298706}, "costs": {"total_cost": 191.31359309546605, "time_cost": 69.069, "final_distance_cost": 1.7840687685741132, "oscillation_cost": 33.174452658436294, "completition_cost": 0.0, "overshoot_cost": 50.156560533499125, "power_cost": 16.433070544433594, "noise_cost": 20.696440590522922, "n_waypoints_completed": 9, "tot_waypoints": 9}}
{"target": -214.07607190419012, "params": {"k_pid_pos": [1.6631996169724415, 0.06008067995108701, 0.019517879063054522], "k_pid_alt": [0.35022140492450093, 0.022651049362935938, 0.04082080238692664], "k_pid_att": [50.481026426617966, 7.6961386934435865, 0.7086259873237263], "k_pid_yaw": [0.5, 1e-06, 0.1], "k_pid_hsp": [1.0451366299861482, 0.031832114118079936, 0.0], "k_pid_vsp": [400.0, 219.22701138536135, 0.3010380960650374]}, "datetime": {"datetime": "2025-08-13 13:14:42", "elapsed": 12410.391561508179, "delta": 20.105085849761963}, "costs": {"total_cost": 214.07607190419012, "time_cost": 84.812, "final_distance_cost": 1.7788395704087292, "oscillation_cost": 40.37565820414856, "completition_cost": 0.0, "overshoot_cost": 51.647288704802605, "power_cost": 12.670996313476563, "noise_cost": 22.791289111353656, "n_waypoints_completed": 9, "tot_waypoints": 9}}
{"target": -195.92462993645347, "params": {"k_pid_pos": [2.0, 0.15016673372613853, 0.2777006952386172], "k_pid_alt": [0.6986920649897549, 0.00748924931586235, 0.024955921825002985], "k_pid_att": [54.81661999317665, 4.43496597351992, 1.0], "k_pid_yaw": [0.5, 1e-06, 0.1], "k_pid_hsp": [0.9063416083404036, 0.05369696127308604, 0.0], "k_pid_vsp": [147.16651284495143, 248.673915321613, 0.5103141410106762]}, "datetime": {"datetime": "2025-08-13 13:14:59", "elapsed": 12427.016558647156, "delta": 16.62499713897705}, "costs": {"total_cost": 195.92462993645347, "time_cost": 70.56, "final_distance_cost": 1.797273633870245, "oscillation_cost": 35.99738594330198, "completition_cost": 0.0, "overshoot_cost": 49.74523171375471, "power_cost": 16.87363767089844, "noise_cost": 20.951100974628105, "n_waypoints_completed": 9, "tot_waypoints": 9}}
{"target": -192.4570693898828, "params": {"k_pid_pos": [1.8373820249854724, 0.10340365036955888, 0.3426819097675831], "k_pid_alt": [1.847663963539641, 0.0135296478718824, 0.0784777068377963], "k_pid_att": [49.03345232211543, 2.01544735030966, 1.0], "k_pid_yaw": [0.5, 1e-06, 0.1], "k_pid_hsp": [0.8429571129048004, 0.043701566581740105, 0.0], "k_pid_vsp": [184.7294815017733, 68.51227625369039, 0.38750068286076017]}, "datetime": {"datetime": "2025-08-13 13:15:15", "elapsed": 12443.251506328583, "delta": 16.234947681427002}, "costs": {"total_cost": 192.4570693898828, "time_cost": 69.118, "final_distance_cost": 1.7940711306759596, "oscillation_cost": 32.772596149777186, "completition_cost": 0.0, "overshoot_cost": 50.77216936693493, "power_cost": 16.99933306884766, "noise_cost": 21.000899673647112, "n_waypoints_completed": 9, "tot_waypoints": 9}}
{"target": -268.96859116624756, "params": {"k_pid_pos": [1.9676973935013597, 0.13677352651294514, 0.2628502488309282], "k_pid_alt": [2.0, 0.013447821574535593, 0.03569721152211138], "k_pid_att": [33.22838252552387, 5.580481105825367, 0.582829884117367], "k_pid_yaw": [0.5, 1e-06, 0.1], "k_pid_hsp": [0.6631273957618198, 0.05802517975410332, 0.0], "k_pid_vsp": [0.0, 176.1403215718484, 0.7267071426738911]}, "datetime": {"datetime": "2025-08-13 13:15:38", "elapsed": 12466.276602983475, "delta": 23.025096654891968}, "costs": {"total_cost": 268.96859116624756, "time_cost": 97.272, "final_distance_cost": 1.7801394516227471, "oscillation_cost": 57.83967488109982, "completition_cost": 0.0, "overshoot_cost": 62.222775198920736, "power_cost": 27.593290063476562, "noise_cost": 22.2607115711277, "n_waypoints_completed": 9, "tot_waypoints": 9}}
{"target": -191.50000996916606, "params": {"k_pid_pos": [2.0, 0.07801864700038676, 0.2900435355499755], "k_pid_alt": [0.9724344321642953, 0.008966117390660168, 0.0522446579325716], "k_pid_att": [30.987021058550813, 9.020247036170908, 0.3797480400620163], "k_pid_yaw": [0.5, 1e-06, 0.1], "k_pid_hsp": [1.045790816440249, 0.06595907355718716, 0.0], "k_pid_vsp": [344.43876442573736, 169.82451550074043, 0.3428133491557741]}, "datetime": {"datetime": "2025-08-13 13:15:54", "elapsed": 12482.73892879486, "delta": 16.46232581138611}, "costs": {"total_cost": 191.50000996916606, "time_cost": 68.894, "final_distance_cost": 1.7961105078443564, "oscillation_cost": 36.2634175662996, "completition_cost": 0.0, "overshoot_cost": 49.94795376699731, "power_cost": 14.459311657714844, "noise_cost": 20.13921647030995, "n_waypoints_completed": 9, "tot_waypoints": 9}}
{"target": -193.55100675315404, "params": {"k_pid_pos": [0.9299608871235314, 0.07550986163764568, 0.32771622009616536], "k_pid_alt": [1.2353124702358294, 0.016984369232340788, 0.04751716147363281], "k_pid_att": [13.829403405172718, 6.911420519113371, 1.0], "k_pid_yaw": [0.5, 1e-06, 0.1], "k_pid_hsp": [0.8441450608228113, 0.021234405413409346, 0.0], "k_pid_vsp": [327.04210702826725, 1e-06, 0.47598788470131975]}, "datetime": {"datetime": "2025-08-13 13:16:12", "elapsed": 12500.12763428688, "delta": 17.388705492019653}, "costs": {"total_cost": 193.55100675315404, "time_cost": 73.47200000000001, "final_distance_cost": 1.8463644957384489, "oscillation_cost": 29.691987090189983, "completition_cost": 0.0, "overshoot_cost": 51.81275581422242, "power_cost": 14.357865185546876, "noise_cost": 22.370034167456318, "n_waypoints_completed": 9, "tot_waypoints": 9}}
{"target": -205.99397791964498, "params": {"k_pid_pos": [0.5054784881932891, 0.08333846142222705, 0.12224310469227495], "k_pid_alt": [1.3803951433111443, 0.0056710440340044625, 0.05622855638946095], "k_pid_att": [55.26061782160381, 5.819947445334662, 0.9798256266275588], "k_pid_yaw": [0.5, 1e-06, 0.1], "k_pid_hsp": [0.24391253791845924, 0.14444096257488517, 0.0], "k_pid_vsp": [60.98278522122778, 154.7442025079428, 0.45916159709551824]}, "datetime": {"datetime": "2025-08-13 13:16:31", "elapsed": 12519.04185461998, "delta": 18.914220333099365}, "costs": {"total_cost": 205.99397791964498, "time_cost": 79.107, "final_distance_cost": 1.8521992645685337, "oscillation_cost": 33.689561536108144, "completition_cost": 0.0, "overshoot_cost": 51.17123439667931, "power_cost": 15.508457641601563, "noise_cost": 24.66552508068744, "n_waypoints_completed": 9, "tot_waypoints": 9}}
{"target": -193.32560720872726, "params": {"k_pid_pos": [1.8209331705194867, 0.12115329384462897, 0.3570194617131384], "k_pid_alt": [2.0, 0.00839273256186952, 0.008645654448007849], "k_pid_att": [28.973476360594873, 3.682553460215407, 0.9267807696312965], "k_pid_yaw": [0.5, 1e-06, 0.1], "k_pid_hsp": [1.2911043060207943, 0.05074595976598134, 0.0], "k_pid_vsp": [197.15819222188267, 170.57140162031433, 1e-06]}, "datetime": {"datetime": "2025-08-13 13:16:47", "elapsed": 12535.139676809311, "delta": 16.097822189331055}, "costs": {"total_cost": 193.32560720872726, "time_cost": 68.964, "final_distance_cost": 1.7979800886677342, "oscillation_cost": 34.31334813316059, "completition_cost": 0.0, "overshoot_cost": 50.81844748638173, "power_cost": 16.572474926757813, "noise_cost": 20.859356573759374, "n_waypoints_completed": 9, "tot_waypoints": 9}}
{"target": -194.39642236430947, "params": {"k_pid_pos": [1.7618628445166091, 0.1214874573611004, 0.33351118365788485], "k_pid_alt": [1.6831153787211377, 0.014346041779209699, 0.013544900526883516], "k_pid_att": [53.25518920289704, 7.720798553788335, 0.7806388631960671], "k_pid_yaw": [0.5, 1e-06, 0.1], "k_pid_hsp": [0.9602427702730546, 0.04651358270920586, 0.0], "k_pid_vsp": [133.56311476342628, 23.43861282498757, 0.3224886344800164]}, "datetime": {"datetime": "2025-08-13 13:17:03", "elapsed": 12551.686341047287, "delta": 16.546664237976074}, "costs": {"total_cost": 194.39642236430947, "time_cost": 69.531, "final_distance_cost": 1.7971514838445497, "oscillation_cost": 33.16743060005553, "completition_cost": 0.0, "overshoot_cost": 51.31176563889192, "power_cost": 17.153174084472656, "noise_cost": 21.43590055704481, "n_waypoints_completed": 9, "tot_waypoints": 9}}
{"target": -244.80399451377554, "params": {"k_pid_pos": [1.3819314455063594, 0.01798448042466717, 0.28619700152312], "k_pid_alt": [1.8914814639163222, 0.006252322467811555, 0.04345782454043731], "k_pid_att": [35.4162833705262, 8.35767984275582, 0.2724626079634538], "k_pid_yaw": [0.5, 1e-06, 0.1], "k_pid_hsp": [0.03581160827941943, 0.05942913276378061, 0.0], "k_pid_vsp": [242.20632504066427, 125.0513177565435, 0.35639469103606053]}, "datetime": {"datetime": "2025-08-13 13:17:23", "elapsed": 12571.430585861206, "delta": 19.744244813919067}, "costs": {"total_cost": 244.80399451377554, "time_cost": 83.83200000000001, "final_distance_cost": 1.7760805540227478, "oscillation_cost": 56.16503586296521, "completition_cost": 0.0, "overshoot_cost": 55.41379531907336, "power_cost": 21.717507751464844, "noise_cost": 25.89957502624939, "n_waypoints_completed": 9, "tot_waypoints": 9}}
