{"target": -190.72412649600997, "params": {"k_pid_pos": [1.0779406694182896, 0.07817422718452871, 0.13733857088196935], "k_pid_alt": [1.7303537692823863, 0.0, 0.020956675033542118], "k_pid_att": [12.590974794425739, 5.0717141964930015, 0.5640456367037551], "k_pid_yaw": [0.5, 1e-06, 0.1], "k_pid_hsp": [0.26408185134733053, 0.013481786900566431, 0.0], "k_pid_vsp": [182.79540145278813, 119.88971386027303, 0.1650811026571706]}, "datetime": {"datetime": "2025-08-13 17:38:05", "elapsed": 28213.240008592606, "delta": 16.28042960166931}, "costs": {"total_cost": 190.72412649600997, "time_cost": 69.545, "final_distance_cost": 1.8360569718261224, "oscillation_cost": 30.034602872082928, "completition_cost": 0.0, "overshoot_cost": 50.657798414365644, "power_cost": 17.227700561523438, "noise_cost": 21.422967676211837, "n_waypoints_completed": 9, "tot_waypoints": 9}}
{"target": -188.65566357056292, "params": {"k_pid_pos": [1.3011127308284636, 0.050660148874620614, 0.2642067338559478], "k_pid_alt": [1.8756011716370422, 0.0, 0.021569921936132413], "k_pid_att": [12.898149739721191, 7.484155386121337, 0.763141062704582], "k_pid_yaw": [0.5, 1e-06, 0.1], "k_pid_hsp": [0.18599151801375569, 0.010267967877555089, 0.0], "k_pid_vsp": [362.91276477291177, 75.54907375724322, 0.07729753483550417]}, "datetime": {"datetime": "2025-08-13 17:38:22", "elapsed": 28230.509722709656, "delta": 17.26971411705017}, "costs": {"total_cost": 188.65566357056292, "time_cost": 69.72, "final_distance_cost": 1.8106195710003943, "oscillation_cost": 29.96276806546104, "completition_cost": 0.0, "overshoot_cost": 50.582791665032346, "power_cost": 15.514417907714844, "noise_cost": 21.0650663613543, "n_waypoints_completed": 9, "tot_waypoints": 9}}
{"target": -184.4833490958269, "params": {"k_pid_pos": [0.9909886718567033, 0.042616352241090026, 0.33056657102826126], "k_pid_alt": [1.5034304900026563, 0.0, 0.02086348645216048], "k_pid_att": [13.823891196580973, 9.227996276859187, 0.6520861425254983], "k_pid_yaw": [0.5, 1e-06, 0.1], "k_pid_hsp": [0.22077325724267283, 0.01640022786598012, 0.0], "k_pid_vsp": [400.0, 51.21520489005743, 0.13073045814506698]}, "datetime": {"datetime": "2025-08-13 17:38:39", "elapsed": 28247.249629735947, "delta": 16.739907026290894}, "costs": {"total_cost": 184.4833490958269, "time_cost": 70.483, "final_distance_cost": 1.842138624236013, "oscillation_cost": 27.526659692418143, "completition_cost": 0.0, "overshoot_cost": 50.64936924181137, "power_cost": 13.079321069335938, "noise_cost": 20.902860468025413, "n_waypoints_completed": 9, "tot_waypoints": 9}}
{"target": -191.99828765052834, "params": {"k_pid_pos": [1.1549476867720363, 0.04436454036990852, 0.34327197800954273], "k_pid_alt": [0.9841286563869119, 0.0, 0.019699794453572114], "k_pid_att": [13.013572831431112, 6.509443223058664, 0.6444244479936357], "k_pid_yaw": [0.5, 1e-06, 0.1], "k_pid_hsp": [0.17042902420105566, 0.02344463902327921, 0.0], "k_pid_vsp": [163.86652646546153, 58.94071511869013, 0.12653941321127882]}, "datetime": {"datetime": "2025-08-13 17:38:56", "elapsed": 28264.59964966774, "delta": 17.350019931793213}, "costs": {"total_cost": 191.99828765052834, "time_cost": 70.406, "final_distance_cost": 1.8413366746923645, "oscillation_cost": 29.43530745903028, "completition_cost": 0.0, "overshoot_cost": 50.61351513767093, "power_cost": 18.06293026123047, "noise_cost": 21.639198117904268, "n_waypoints_completed": 9, "tot_waypoints": 9}}
{"target": -192.18755004839576, "params": {"k_pid_pos": [1.2083759522915993, 0.05349779284319058, 0.3021012107759538], "k_pid_alt": [0.5884391689023186, 0.0, 0.019710433784977457], "k_pid_att": [12.76946931934387, 7.468508952974947, 0.6725685065239689], "k_pid_yaw": [0.5, 1e-06, 0.1], "k_pid_hsp": [0.37515230323281384, 0.014725286855819364, 0.0], "k_pid_vsp": [127.39403072960711, 81.9624452577398, 0.14190807165940525]}, "datetime": {"datetime": "2025-08-13 17:39:14", "elapsed": 28282.652097940445, "delta": 18.052448272705078}, "costs": {"total_cost": 192.18755004839576, "time_cost": 73.85000000000001, "final_distance_cost": 1.8388771628737144, "oscillation_cost": 31.46403070910824, "completition_cost": 0.0, "overshoot_cost": 49.92174769589522, "power_cost": 13.893019384765626, "noise_cost": 21.21987509575293, "n_waypoints_completed": 9, "tot_waypoints": 9}}
{"target": -186.12677995545866, "params": {"k_pid_pos": [1.1482954973921318, 0.06271551024177295, 0.391981042983847], "k_pid_alt": [1.498535310747836, 0.0, 0.028419165756688385], "k_pid_att": [11.451137871829319, 7.3825679408838445, 0.667155865331409], "k_pid_yaw": [0.5, 1e-06, 0.1], "k_pid_hsp": [0.09222957946271254, 0.01857916393953957, 0.0], "k_pid_vsp": [312.29419962018255, 88.20584700516561, 0.15157838902588175]}, "datetime": {"datetime": "2025-08-13 17:39:31", "elapsed": 28299.59634065628, "delta": 16.94424271583557}, "costs": {"total_cost": 186.12677995545866, "time_cost": 70.637, "final_distance_cost": 1.814928520627645, "oscillation_cost": 28.763422452749573, "completition_cost": 0.0, "overshoot_cost": 50.74836495687496, "power_cost": 13.629370361328126, "noise_cost": 20.53369366387839, "n_waypoints_completed": 9, "tot_waypoints": 9}}
{"target": -188.22438077376702, "params": {"k_pid_pos": [0.8598501965593813, 0.05276638109855288, 0.12748536843211122], "k_pid_alt": [1.4737706275360731, 0.0, 0.028485073584969534], "k_pid_att": [14.518751387161196, 4.342785918925871, 0.5467248319903476], "k_pid_yaw": [0.5, 1e-06, 0.1], "k_pid_hsp": [0.20007930158367512, 0.010846358292629407, 0.0], "k_pid_vsp": [275.59578257695443, 103.8253495184648, 0.1667162000888244]}, "datetime": {"datetime": "2025-08-13 17:39:48", "elapsed": 28316.706481933594, "delta": 17.110141277313232}, "costs": {"total_cost": 188.22438077376702, "time_cost": 70.231, "final_distance_cost": 1.8290090051559016, "oscillation_cost": 26.60924382424534, "completition_cost": 0.0, "overshoot_cost": 50.76989647427684, "power_cost": 17.08190554199219, "noise_cost": 21.70332592809674, "n_waypoints_completed": 9, "tot_waypoints": 9}}
{"target": -184.0871062125765, "params": {"k_pid_pos": [1.2917721425891087, 0.05704248309609631, 0.30283547606513905], "k_pid_alt": [1.1499071233891047, 0.0, 0.02851861320277917], "k_pid_att": [9.11730609659206, 4.0566200216754185, 0.4044736497720108], "k_pid_yaw": [0.5, 1e-06, 0.1], "k_pid_hsp": [0.24336085571504365, 0.01606672894922604, 0.0], "k_pid_vsp": [213.70042080129852, 155.28444343522074, 0.144109732325886]}, "datetime": {"datetime": "2025-08-13 17:40:05", "elapsed": 28333.177585363388, "delta": 16.47110342979431}, "costs": {"total_cost": 184.0871062125765, "time_cost": 68.922, "final_distance_cost": 1.8214201036564368, "oscillation_cost": 30.904424697216964, "completition_cost": 0.0, "overshoot_cost": 49.4803782906759, "power_cost": 12.965902807617189, "noise_cost": 19.992980313409973, "n_waypoints_completed": 9, "tot_waypoints": 9}}
{"target": -183.63562079433262, "params": {"k_pid_pos": [0.8966924076034503, 0.025684316873423128, 0.16720113544861573], "k_pid_alt": [1.3525766004466238, 0.0, 0.024775622593384006], "k_pid_att": [6.243956412304947, 3.4105723057692505, 0.3855763246526282], "k_pid_yaw": [0.5, 1e-06, 0.1], "k_pid_hsp": [0.23383961450475987, 0.019143918046498554, 0.0], "k_pid_vsp": [227.9645694306699, 89.59279393615968, 0.14853956805607346]}, "datetime": {"datetime": "2025-08-13 17:40:22", "elapsed": 28350.308741807938, "delta": 17.13115644454956}, "costs": {"total_cost": 183.63562079433262, "time_cost": 69.57300000000001, "final_distance_cost": 1.8446916055908502, "oscillation_cost": 28.86189736863449, "completition_cost": 0.0, "overshoot_cost": 49.72937539242778, "power_cost": 13.085238415527344, "noise_cost": 20.541418012152164, "n_waypoints_completed": 9, "tot_waypoints": 9}}
{"target": -189.83414948802258, "params": {"k_pid_pos": [1.170861752749077, 0.03462980458256725, 0.12132297353077652], "k_pid_alt": [1.4937161337807183, 0.0, 0.022515993075031993], "k_pid_att": [9.20971192645586, 3.9109926599491653, 0.7637495599304929], "k_pid_yaw": [0.5, 1e-06, 0.1], "k_pid_hsp": [0.27220402916016406, 0.01575208082161407, 0.0], "k_pid_vsp": [231.55772415560577, 76.14436495920881, 0.1296628967130149]}, "datetime": {"datetime": "2025-08-13 17:40:39", "elapsed": 28367.60559463501, "delta": 17.296852827072144}, "costs": {"total_cost": 189.83414948802258, "time_cost": 68.95, "final_distance_cost": 1.8326646808701774, "oscillation_cost": 31.592330496366223, "completition_cost": 0.0, "overshoot_cost": 50.205762073001395, "power_cost": 16.17984753417969, "noise_cost": 21.07354470360509, "n_waypoints_completed": 9, "tot_waypoints": 9}}
{"target": -201.25648847353426, "params": {"k_pid_pos": [1.3977570692305576, 0.06551654480639678, 0.2160992519109951], "k_pid_alt": [1.7653977933085914, 0.0, 0.027416772783547354], "k_pid_att": [12.957371503411622, 4.029295905621033, 0.6825247032915365], "k_pid_yaw": [0.5, 1e-06, 0.1], "k_pid_hsp": [0.2939155622908957, 0.020507762123735684, 0.0], "k_pid_vsp": [206.00283927882353, 83.10409627937791, 0.11257592004592316]}, "datetime": {"datetime": "2025-08-13 17:40:57", "elapsed": 28385.520206928253, "delta": 17.914612293243408}, "costs": {"total_cost": 201.25648847353426, "time_cost": 70.546, "final_distance_cost": 1.833640495634779, "oscillation_cost": 32.97202626329176, "completition_cost": 0.0, "overshoot_cost": 51.508410600908846, "power_cost": 22.009104809570314, "noise_cost": 22.387306304128572, "n_waypoints_completed": 9, "tot_waypoints": 9}}
{"target": -212.46712171579554, "params": {"k_pid_pos": [1.177679789302911, 0.023740976081487886, 0.10773664161542167], "k_pid_alt": [1.6339935138366097, 0.0, 0.026249773943432763], "k_pid_att": [12.177232028208067, 7.617542516554347, 0.7132564205519075], "k_pid_yaw": [0.5, 1e-06, 0.1], "k_pid_hsp": [0.31163058102241975, 0.01786137975202934, 0.0], "k_pid_vsp": [283.9942732096229, 100.35821829758999, 0.11469439396203383]}, "datetime": {"datetime": "2025-08-13 17:41:15", "elapsed": 28403.239932775497, "delta": 17.719725847244263}, "costs": {"total_cost": 212.46712171579554, "time_cost": 74.802, "final_distance_cost": 1.8199138712556544, "oscillation_cost": 33.52404672391326, "completition_cost": 0.0, "overshoot_cost": 53.441671123085825, "power_cost": 24.918472387695314, "noise_cost": 23.961017609845513, "n_waypoints_completed": 9, "tot_waypoints": 9}}
{"target": -184.37299740319514, "params": {"k_pid_pos": [0.9532168554797259, 0.07496932782812964, 0.3625789472225565], "k_pid_alt": [1.3646483632190203, 0.0, 0.0177582665581914], "k_pid_att": [5.750943582789446, 2.8415616277822355, 0.5560425398052836], "k_pid_yaw": [0.5, 1e-06, 0.1], "k_pid_hsp": [0.18319095173450017, 0.02218778030569908, 0.0], "k_pid_vsp": [222.64243695779206, 48.740455577804276, 0.15611608508607966]}, "datetime": {"datetime": "2025-08-13 17:41:32", "elapsed": 28420.541197299957, "delta": 17.30126452445984}, "costs": {"total_cost": 184.37299740319514, "time_cost": 70.455, "final_distance_cost": 1.8471795097957764, "oscillation_cost": 28.256600280723593, "completition_cost": 0.0, "overshoot_cost": 50.05975639143799, "power_cost": 12.943759729003906, "noise_cost": 20.810701492233875, "n_waypoints_completed": 9, "tot_waypoints": 9}}
{"target": -217.2149027218027, "params": {"k_pid_pos": [0.39431840342713453, 0.04738455679784892, 0.22331674080731512], "k_pid_alt": [1.0331107963099593, 0.0, 0.014803738721543109], "k_pid_att": [18.108425090025857, 9.983906368484128, 0.7072749077675257], "k_pid_yaw": [0.5, 1e-06, 0.1], "k_pid_hsp": [0.2741822014490551, 0.01497859701336432, 0.0], "k_pid_vsp": [229.9980124584835, 73.92712467527225, 0.16762359044464978]}, "datetime": {"datetime": "2025-08-13 17:41:53", "elapsed": 28441.458552122116, "delta": 20.917354822158813}, "costs": {"total_cost": 217.2149027218027, "time_cost": 87.318, "final_distance_cost": 1.8510674837255927, "oscillation_cost": 22.967204954149963, "completition_cost": 0.0, "overshoot_cost": 53.255984941968244, "power_cost": 22.650701806640626, "noise_cost": 29.171943535318295, "n_waypoints_completed": 9, "tot_waypoints": 9}}
{"target": -184.5421670958833, "params": {"k_pid_pos": [0.8665233345395872, 0.051872430431918054, 0.2540688161626829], "k_pid_alt": [1.0104499331179728, 0.0, 0.024928110801938252], "k_pid_att": [7.285268232956256, 5.98797192922894, 0.7154821788516483], "k_pid_yaw": [0.5, 1e-06, 0.1], "k_pid_hsp": [0.17002104940371413, 0.018479637166613917, 0.0], "k_pid_vsp": [277.93581483587576, 108.36015690443747, 0.12584482261384553]}, "datetime": {"datetime": "2025-08-13 17:42:10", "elapsed": 28458.321223258972, "delta": 16.86267113685608}, "costs": {"total_cost": 184.5421670958833, "time_cost": 71.12, "final_distance_cost": 1.8312241538699463, "oscillation_cost": 28.279155092304247, "completition_cost": 0.0, "overshoot_cost": 50.48023716885797, "power_cost": 12.295534167480469, "noise_cost": 20.53601651337065, "n_waypoints_completed": 9, "tot_waypoints": 9}}
{"target": -207.55702579298762, "params": {"k_pid_pos": [0.5912965079589857, 0.053472187837909975, 0.4233115732039388], "k_pid_alt": [2.0, 0.0, 0.02641881671572856], "k_pid_att": [13.684390398708574, 4.711152116982208, 0.599458372645799], "k_pid_yaw": [0.5, 1e-06, 0.1], "k_pid_hsp": [0.3578654655709581, 0.016028140612937055, 0.0], "k_pid_vsp": [154.8500228070915, 117.75939962597364, 0.12640556891969665]}, "datetime": {"datetime": "2025-08-13 17:42:29", "elapsed": 28477.818111896515, "delta": 19.496888637542725}, "costs": {"total_cost": 207.55702579298762, "time_cost": 80.703, "final_distance_cost": 1.8511430049886526, "oscillation_cost": 26.02910081049576, "completition_cost": 0.0, "overshoot_cost": 51.70500761283074, "power_cost": 20.585937561035156, "noise_cost": 26.682836803637286, "n_waypoints_completed": 9, "tot_waypoints": 9}}
{"target": -187.8383806943957, "params": {"k_pid_pos": [1.42796012771661, 0.06711877334324325, 0.19052053233016497], "k_pid_alt": [2.0, 0.0, 0.01629103722768582], "k_pid_att": [9.554346475495896, 6.4215914357645, 0.5184151142924031], "k_pid_yaw": [0.5, 1e-06, 0.1], "k_pid_hsp": [0.2256552382703505, 0.007716270315695957, 0.0], "k_pid_vsp": [321.7160189988627, 86.78053815723814, 0.1597618829833621]}, "datetime": {"datetime": "2025-08-13 17:42:45", "elapsed": 28493.66203546524, "delta": 15.843923568725586}, "costs": {"total_cost": 187.8383806943957, "time_cost": 68.999, "final_distance_cost": 1.8121060275400125, "oscillation_cost": 31.3723225151941, "completition_cost": 0.0, "overshoot_cost": 50.702890930223006, "power_cost": 14.459339770507814, "noise_cost": 20.492721450930787, "n_waypoints_completed": 9, "tot_waypoints": 9}}
{"target": -181.87565247406687, "params": {"k_pid_pos": [0.8574032959553669, 0.024577437772352124, 0.25891859746852036], "k_pid_alt": [1.3247088155518913, 0.0, 0.021159162658328526], "k_pid_att": [11.1130044544415, 7.80975273511302, 0.6231901240974758], "k_pid_yaw": [0.5, 1e-06, 0.1], "k_pid_hsp": [0.1427271467131969, 0.017485480416304645, 0.0], "k_pid_vsp": [333.52902747506977, 115.41095297795844, 0.13245465796197828]}, "datetime": {"datetime": "2025-08-13 17:43:02", "elapsed": 28510.633213043213, "delta": 16.971177577972412}, "costs": {"total_cost": 181.87565247406687, "time_cost": 70.301, "final_distance_cost": 1.8486927217062894, "oscillation_cost": 27.284262746072223, "completition_cost": 0.0, "overshoot_cost": 50.01218761662998, "power_cost": 12.06200732421875, "noise_cost": 20.36750206543965, "n_waypoints_completed": 9, "tot_waypoints": 9}}
{"target": -199.92609999642525, "params": {"k_pid_pos": [0.4113848316077888, 0.03568032515297559, 0.11466668060048701], "k_pid_alt": [1.373755070801937, 0.0, 0.018782505834065148], "k_pid_att": [10.962176053912044, 6.765836454587965, 0.3988048184870699], "k_pid_yaw": [0.5, 1e-06, 0.1], "k_pid_hsp": [0.23571148494270888, 0.016588379131902094, 0.0], "k_pid_vsp": [204.97579705302755, 106.47751903809, 0.2095288910209202]}, "datetime": {"datetime": "2025-08-13 17:43:22", "elapsed": 28530.15769124031, "delta": 19.52447819709778}, "costs": {"total_cost": 199.92609999642525, "time_cost": 82.159, "final_distance_cost": 1.8570723450556517, "oscillation_cost": 23.46624737205022, "completition_cost": 0.0, "overshoot_cost": 52.22023207377324, "power_cost": 14.797625720214844, "noise_cost": 25.425922485331288, "n_waypoints_completed": 9, "tot_waypoints": 9}}
{"target": -177.38624673874872, "params": {"k_pid_pos": [0.812947551003452, 0.05510521837113328, 0.24045658549750437], "k_pid_alt": [0.9733718071348134, 0.0, 0.02987674577131964], "k_pid_att": [10.260082651791402, 3.4969856868759535, 0.3406302535519834], "k_pid_yaw": [0.5, 1e-06, 0.1], "k_pid_hsp": [0.12800570943150608, 0.02245812829221123, 0.0], "k_pid_vsp": [393.58817846586135, 76.58806718108757, 0.1282210909768657]}, "datetime": {"datetime": "2025-08-13 17:43:40", "elapsed": 28548.480752706528, "delta": 18.32306146621704}, "costs": {"total_cost": 177.38624673874872, "time_cost": 71.58200000000001, "final_distance_cost": 1.8425333162167041, "oscillation_cost": 26.686706676074174, "completition_cost": 0.0, "overshoot_cost": 50.4063231638619, "power_cost": 7.988342944335938, "noise_cost": 18.88034063826, "n_waypoints_completed": 9, "tot_waypoints": 9}}
{"target": -205.34370342421147, "params": {"k_pid_pos": [1.1864162609991409, 0.0319665352834715, 0.2620704563566082], "k_pid_alt": [1.6704245193351344, 0.0, 0.017902236778216812], "k_pid_att": [4.1791297170851704, 7.673968067089341, 0.7578613994232155], "k_pid_yaw": [0.5, 1e-06, 0.1], "k_pid_hsp": [0.28192789614211416, 0.02244949748536876, 0.0], "k_pid_vsp": [314.7123355392625, 96.51152971946014, 0.08137835383737059]}, "datetime": {"datetime": "2025-08-13 17:43:57", "elapsed": 28565.557086229324, "delta": 17.07633352279663}, "costs": {"total_cost": 205.34370342421147, "time_cost": 69.44, "final_distance_cost": 1.8362275269447814, "oscillation_cost": 40.40851020335921, "completition_cost": 0.0, "overshoot_cost": 50.70891141037879, "power_cost": 20.958675427246096, "noise_cost": 21.991378856282584, "n_waypoints_completed": 9, "tot_waypoints": 9}}
{"target": -185.52842602530256, "params": {"k_pid_pos": [1.110273137251908, 0.05082507559866114, 0.23877947977374395], "k_pid_alt": [0.6700809943142648, 0.0, 0.022625934768761017], "k_pid_att": [10.904061969597526, 6.282179276788573, 0.6624710979999542], "k_pid_yaw": [0.5, 1e-06, 0.1], "k_pid_hsp": [0.2596732230537649, 0.011184522302634295, 0.0], "k_pid_vsp": [172.11289584933562, 166.51606178158673, 0.11074614556505276]}, "datetime": {"datetime": "2025-08-13 17:44:14", "elapsed": 28582.79642868042, "delta": 17.23934245109558}, "costs": {"total_cost": 185.52842602530256, "time_cost": 72.45700000000001, "final_distance_cost": 1.8460955091495472, "oscillation_cost": 30.251377621587384, "completition_cost": 0.0, "overshoot_cost": 49.844192282329224, "power_cost": 11.155797839355468, "noise_cost": 19.973962772880913, "n_waypoints_completed": 9, "tot_waypoints": 9}}
{"target": -184.7612510993333, "params": {"k_pid_pos": [1.236960763441628, 0.07778772520551079, 0.21649809166361902], "k_pid_alt": [1.290987298714908, 0.0, 0.022494086114673517], "k_pid_att": [16.97243406231203, 6.072667092778751, 0.5367877218515736], "k_pid_yaw": [0.5, 1e-06, 0.1], "k_pid_hsp": [0.2838941723495109, 0.005433305421178219, 0.0], "k_pid_vsp": [256.69545443346743, 52.90527720526535, 0.1254029068136472]}, "datetime": {"datetime": "2025-08-13 17:44:31", "elapsed": 28599.640373945236, "delta": 16.843945264816284}, "costs": {"total_cost": 184.7612510993333, "time_cost": 69.468, "final_distance_cost": 1.818679663055026, "oscillation_cost": 30.233270140366162, "completition_cost": 0.0, "overshoot_cost": 50.54060961705467, "power_cost": 12.532308154296876, "noise_cost": 20.16838352456056, "n_waypoints_completed": 9, "tot_waypoints": 9}}
{"target": -185.08563670923874, "params": {"k_pid_pos": [0.676342049988229, 0.05241532271216156, 0.15193947214575965], "k_pid_alt": [1.2288998412673608, 0.0, 0.028208523078103395], "k_pid_att": [14.431722561349916, 4.987199206754109, 0.7768096848126009], "k_pid_yaw": [0.5, 1e-06, 0.1], "k_pid_hsp": [0.11386377215584814, 0.023809786543379462, 0.0], "k_pid_vsp": [337.87153275241894, 99.57321989898692, 0.1208809656116655]}, "datetime": {"datetime": "2025-08-13 17:44:48", "elapsed": 28616.56183862686, "delta": 16.921464681625366}, "costs": {"total_cost": 185.08563670923874, "time_cost": 72.002, "final_distance_cost": 1.8405998494307725, "oscillation_cost": 25.697894046977435, "completition_cost": 0.0, "overshoot_cost": 50.561125204092086, "power_cost": 13.748234777832032, "noise_cost": 21.235782830906395, "n_waypoints_completed": 9, "tot_waypoints": 9}}
{"target": -187.5894076481827, "params": {"k_pid_pos": [1.5300963301632289, 0.04466332692328901, 0.10592634784522259], "k_pid_alt": [1.3496970829314583, 0.0, 0.027777342616825348], "k_pid_att": [14.333102947176513, 5.511655909673504, 0.6872477575644035], "k_pid_yaw": [0.5, 1e-06, 0.1], "k_pid_hsp": [0.20889851445659868, 0.02291173919122669, 0.0], "k_pid_vsp": [274.3862733951207, 61.30367583149789, 0.16370027636527196]}, "datetime": {"datetime": "2025-08-13 17:45:05", "elapsed": 28633.56014442444, "delta": 16.998305797576904}, "costs": {"total_cost": 187.5894076481827, "time_cost": 68.803, "final_distance_cost": 1.8122214003460047, "oscillation_cost": 33.43689800911558, "completition_cost": 0.0, "overshoot_cost": 50.179644272760946, "power_cost": 13.317227441406251, "noise_cost": 20.040416524553947, "n_waypoints_completed": 9, "tot_waypoints": 9}}
