{"target": -186.77645997454252, "params": {"k_pid_pos": [1.46512428137327, 0.15577463358896948, 0.23832170415385054], "k_pid_alt": [1.2833609049083974, 0.0013405763216919693, 0.02986047815571456], "k_pid_att": [46.41666353650661, 6.893303678352731, 0.5222722043316672], "k_pid_yaw": [0.5, 1e-06, 0.1], "k_pid_hsp": [0.5516256631088954, 0.036342977610368456, 0.0], "k_pid_vsp": [189.26991397627935, 331.4921458006592, 0.19521148941711255]}, "datetime": {"datetime": "2025-08-13 14:06:59", "elapsed": 15547.960067272186, "delta": 16.771992921829224}, "costs": {"total_cost": 186.77645997454252, "time_cost": 68.894, "final_distance_cost": 1.797730774771187, "oscillation_cost": 32.39783668783218, "completition_cost": 0.0, "overshoot_cost": 50.27268281700903, "power_cost": 13.408032617187502, "noise_cost": 20.006177077742613, "n_waypoints_completed": 9, "tot_waypoints": 9}}
{"target": -215.26591960282184, "params": {"k_pid_pos": [0.5230076161367974, 0.10895065988406775, 0.2944304396875433], "k_pid_alt": [2.0, 0.0, 0.0315964811553695], "k_pid_att": [41.793301539393134, 5.741864627829243, 0.8657402045758573], "k_pid_yaw": [0.5, 1e-06, 0.1], "k_pid_hsp": [0.6264204021818839, 0.0520673889350274, 0.0], "k_pid_vsp": [170.8051141177746, 130.28598047459224, 0.25718749717141826]}, "datetime": {"datetime": "2025-08-13 14:07:21", "elapsed": 15569.040882110596, "delta": 21.080814838409424}, "costs": {"total_cost": 215.26591960282184, "time_cost": 85.036, "final_distance_cost": 1.8502591212816157, "oscillation_cost": 26.96422403424959, "completition_cost": 0.0, "overshoot_cost": 52.55472139761745, "power_cost": 21.192262719726564, "noise_cost": 27.668452329946632, "n_waypoints_completed": 9, "tot_waypoints": 9}}
{"target": -257.26208103697707, "params": {"k_pid_pos": [0.30099349451613233, 0.02171124674032665, 0.342750422188215], "k_pid_alt": [1.667634005837737, 0.0015851901138925993, 0.02752036663465875], "k_pid_att": [32.849076628090096, 5.918606688186897, 0.7521225640281584], "k_pid_yaw": [0.5, 1e-06, 0.1], "k_pid_hsp": [0.4679101113423725, 0.030805079564538203, 0.0], "k_pid_vsp": [188.95059181894112, 128.64023216079275, 0.3634934190753341]}, "datetime": {"datetime": "2025-08-13 14:07:50", "elapsed": 15598.33591914177, "delta": 29.295037031173706}, "costs": {"total_cost": 257.26208103697707, "time_cost": 111.59400000000001, "final_distance_cost": 1.8587969631571148, "oscillation_cost": 21.597197272813027, "completition_cost": 0.0, "overshoot_cost": 59.03683108061775, "power_cost": 24.429942419433594, "noise_cost": 38.745313300955566, "n_waypoints_completed": 9, "tot_waypoints": 9}}
{"target": -190.14627934126662, "params": {"k_pid_pos": [1.1502471329968744, 0.12269925668431221, 0.07206426283700955], "k_pid_alt": [1.4352408837018693, 0.0, 0.04719756638573464], "k_pid_att": [48.968841922957104, 7.47081054796431, 0.3931329221045108], "k_pid_yaw": [0.5, 1e-06, 0.1], "k_pid_hsp": [0.6700796042678284, 0.04564288512202006, 0.0], "k_pid_vsp": [301.5380319095676, 210.80941157168954, 0.16199126994187296]}, "datetime": {"datetime": "2025-08-13 14:08:07", "elapsed": 15615.584778547287, "delta": 17.248859405517578}, "costs": {"total_cost": 190.14627934126662, "time_cost": 69.517, "final_distance_cost": 1.8078929288489642, "oscillation_cost": 31.482699940349242, "completition_cost": 0.0, "overshoot_cost": 50.16874457632616, "power_cost": 16.107759216308594, "noise_cost": 21.062182679433658, "n_waypoints_completed": 9, "tot_waypoints": 9}}
{"target": -228.20724506410224, "params": {"k_pid_pos": [1.321806907738227, 0.14209606437251057, 0.3896958018756762], "k_pid_alt": [0.2974654674768146, 0.0009139218270633148, 0.041019611795247664], "k_pid_att": [31.78020888668124, 3.094792952302001, 0.8906034927111787], "k_pid_yaw": [0.5, 1e-06, 0.1], "k_pid_hsp": [2.2132891982953162, 0.057619830215568206, 0.0], "k_pid_vsp": [101.11573137468913, 244.12045549115308, 0.099632023256142]}, "datetime": {"datetime": "2025-08-13 14:08:32", "elapsed": 15639.99224448204, "delta": 24.407465934753418}, "costs": {"total_cost": 228.20724506410224, "time_cost": 97.433, "final_distance_cost": 1.8630361008286065, "oscillation_cost": 36.644697100613186, "completition_cost": 0.0, "overshoot_cost": 51.64688519570593, "power_cost": 14.141193591308594, "noise_cost": 26.47843307564595, "n_waypoints_completed": 9, "tot_waypoints": 9}}
{"target": -202.4856825043845, "params": {"k_pid_pos": [0.75575085487635, 0.18795007409586217, 0.36997068360655955], "k_pid_alt": [0.9477901074269148, 0.0, 0.034786716533395184], "k_pid_att": [36.20943354896496, 2.643898142390913, 0.35605186926228977], "k_pid_yaw": [0.5, 1e-06, 0.1], "k_pid_hsp": [0.9237278810485813, 0.029563098019887157, 0.0], "k_pid_vsp": [337.3999183339549, 254.1094712775097, 0.29837440316877245]}, "datetime": {"datetime": "2025-08-13 14:08:51", "elapsed": 15659.790078878403, "delta": 19.797834396362305}, "costs": {"total_cost": 202.4856825043845, "time_cost": 79.107, "final_distance_cost": 1.8408677778341407, "oscillation_cost": 28.196666538791142, "completition_cost": 0.0, "overshoot_cost": 51.212269039588286, "power_cost": 17.74191207275391, "noise_cost": 24.386967075417022, "n_waypoints_completed": 9, "tot_waypoints": 9}}
{"target": -227.76141210650775, "params": {"k_pid_pos": [0.9781045145211097, 0.1445493775360837, 0.3532109176154199], "k_pid_alt": [1.5851089799058673, 0.0, 0.04780202589871199], "k_pid_att": [37.571086213628085, 6.0539813132852105, 1.0], "k_pid_yaw": [0.5, 1e-06, 0.1], "k_pid_hsp": [0.6221516162001591, 0.02142408042357592, 0.0], "k_pid_vsp": [387.26325145300933, 1e-06, 0.08334390528345435]}, "datetime": {"datetime": "2025-08-13 14:09:12", "elapsed": 15680.318870544434, "delta": 20.528791666030884}, "costs": {"total_cost": 227.76141210650775, "time_cost": 83.048, "final_distance_cost": 1.8426401067031253, "oscillation_cost": 28.653892432710414, "completition_cost": 0.0, "overshoot_cost": 59.47766307522085, "power_cost": 27.24095504150391, "noise_cost": 27.49826145036945, "n_waypoints_completed": 9, "tot_waypoints": 9}}
{"target": -191.6054885532732, "params": {"k_pid_pos": [1.8175487427114456, 0.1136096312769382, 0.4362298362153676], "k_pid_alt": [0.9195150222754433, 0.0, 0.04082528393863438], "k_pid_att": [34.066131495988024, 3.4254421183263646, 0.5897781557015782], "k_pid_yaw": [0.5, 1e-06, 0.1], "k_pid_hsp": [0.7386259652190234, 0.01646460458125511, 0.0], "k_pid_vsp": [237.3642192394178, 192.90395495706935, 1e-06]}, "datetime": {"datetime": "2025-08-13 14:09:32", "elapsed": 15700.081065893173, "delta": 19.762195348739624}, "costs": {"total_cost": 191.6054885532732, "time_cost": 70.357, "final_distance_cost": 1.79722750074868, "oscillation_cost": 31.759001171147062, "completition_cost": 0.0, "overshoot_cost": 50.10071681328419, "power_cost": 16.463953369140626, "noise_cost": 21.12758969895264, "n_waypoints_completed": 9, "tot_waypoints": 9}}
{"target": -194.07412482968505, "params": {"k_pid_pos": [1.517410801591265, 0.1639361685649877, 0.3333091830120663], "k_pid_alt": [0.9121444577459732, 0.0014469309403683022, 0.07138970074289201], "k_pid_att": [45.17909335982114, 4.394295158047359, 1.0], "k_pid_yaw": [0.5, 1e-06, 0.1], "k_pid_hsp": [0.79785309158919, 0.00599910584674646, 0.0], "k_pid_vsp": [361.4697928955142, 133.50596104076513, 0.3872531624845732]}, "datetime": {"datetime": "2025-08-13 14:09:50", "elapsed": 15718.014482021332, "delta": 17.93341612815857}, "costs": {"total_cost": 194.07412482968505, "time_cost": 71.365, "final_distance_cost": 1.8009795398558976, "oscillation_cost": 31.245815886881726, "completition_cost": 0.0, "overshoot_cost": 51.02799921870609, "power_cost": 17.153400451660158, "noise_cost": 21.48092973258117, "n_waypoints_completed": 9, "tot_waypoints": 9}}
{"target": -200.85064495304874, "params": {"k_pid_pos": [0.6200903623999076, 0.14417529232383308, 0.18259519692098522], "k_pid_alt": [1.3831504901485934, 0.0038928343723542993, 0.06196207760208105], "k_pid_att": [63.21333638389549, 5.55784721849345, 0.8603325318323806], "k_pid_yaw": [0.5, 1e-06, 0.1], "k_pid_hsp": [0.9082162704370583, 0.013698089727506092, 0.0], "k_pid_vsp": [400.0, 178.13239523613586, 0.19612746684010618]}, "datetime": {"datetime": "2025-08-13 14:10:10", "elapsed": 15738.55430483818, "delta": 20.539822816848755}, "costs": {"total_cost": 200.85064495304874, "time_cost": 79.506, "final_distance_cost": 1.8416437353939052, "oscillation_cost": 26.92238697371353, "completition_cost": 0.0, "overshoot_cost": 52.48895646383808, "power_cost": 15.750326867675781, "noise_cost": 24.341330912427452, "n_waypoints_completed": 9, "tot_waypoints": 9}}
{"target": -187.9015265986762, "params": {"k_pid_pos": [1.0086746707229859, 0.08672312305497666, 0.2888282477355649], "k_pid_alt": [1.806633735463091, 0.0, 0.05955821287161948], "k_pid_att": [52.804650959984336, 5.41175192236435, 0.9602272515626521], "k_pid_yaw": [0.5, 1e-06, 0.1], "k_pid_hsp": [0.4761053021993901, 0.0310395517224001, 0.0], "k_pid_vsp": [400.0, 135.35763374970244, 0.19600355649001863]}, "datetime": {"datetime": "2025-08-13 14:10:28", "elapsed": 15756.56678724289, "delta": 18.012482404708862}, "costs": {"total_cost": 187.9015265986762, "time_cost": 70.462, "final_distance_cost": 1.834458448416802, "oscillation_cost": 27.72111619322656, "completition_cost": 0.0, "overshoot_cost": 50.78922487268423, "power_cost": 15.52488455810547, "noise_cost": 21.569842526243143, "n_waypoints_completed": 9, "tot_waypoints": 9}}
{"target": -1225.41396905569, "params": {"k_pid_pos": [0.5769054388010683, 0.1887066122340758, 0.3491624472716121], "k_pid_alt": [1.634286041107206, 0.0, 0.04116914195777893], "k_pid_att": [27.60757867981155, 1.5789230773933616, 0.0], "k_pid_yaw": [0.5, 1e-06, 0.1], "k_pid_hsp": [0.0001, 0.04811776482906115, 0.0], "k_pid_vsp": [299.6565787002841, 310.393525811833, 0.15976766335901307]}, "datetime": {"datetime": "2025-08-13 14:10:58", "elapsed": 15786.126910448074, "delta": 29.560123205184937}, "costs": {"total_cost": 1225.41396905569, "time_cost": 150, "final_distance_cost": 93.80577126692964, "oscillation_cost": 43.68856423477737, "completition_cost": 777.7777777777778, "overshoot_cost": 103.92946986739817, "power_cost": 22.777084228515626, "noise_cost": 33.435301680291296, "n_waypoints_completed": 2, "tot_waypoints": 9}}
{"target": -191.97586166093728, "params": {"k_pid_pos": [1.2615871678443173, 0.1495331427314082, 0.11523723071980879], "k_pid_alt": [1.5017112654889082, 0.0, 0.0406423024045752], "k_pid_att": [72.15439934951654, 3.2689687209128118, 0.8419399244583577], "k_pid_yaw": [0.5, 1e-06, 0.1], "k_pid_hsp": [0.7477285143083944, 0.03313773945212254, 0.0], "k_pid_vsp": [353.2449845799947, 269.99911095649117, 0.20515257415948138]}, "datetime": {"datetime": "2025-08-13 14:11:15", "elapsed": 15803.465155601501, "delta": 17.338245153427124}, "costs": {"total_cost": 191.97586166093728, "time_cost": 69.937, "final_distance_cost": 1.8013538028510288, "oscillation_cost": 31.585762666381143, "completition_cost": 0.0, "overshoot_cost": 50.66145199742114, "power_cost": 16.81179053955078, "noise_cost": 21.178502654733187, "n_waypoints_completed": 9, "tot_waypoints": 9}}
{"target": -188.04130299300317, "params": {"k_pid_pos": [2.0, 0.09714272236937915, 0.24817822048284488], "k_pid_alt": [1.6799114522571708, 0.0, 0.024990929618068758], "k_pid_att": [54.76705707735161, 4.327516587395466, 0.6875750949535346], "k_pid_yaw": [0.5, 1e-06, 0.1], "k_pid_hsp": [1.109835692733509, 0.016903174479797712, 0.0], "k_pid_vsp": [92.31552299059324, 137.65476569255728, 0.4459421731827413]}, "datetime": {"datetime": "2025-08-13 14:11:33", "elapsed": 15821.25653386116, "delta": 17.791378259658813}, "costs": {"total_cost": 188.04130299300317, "time_cost": 68.089, "final_distance_cost": 1.7995553803228599, "oscillation_cost": 37.06046879354659, "completition_cost": 0.0, "overshoot_cost": 49.84566477231721, "power_cost": 11.927944213867189, "noise_cost": 19.31866983294932, "n_waypoints_completed": 9, "tot_waypoints": 9}}
{"target": -183.964804876648, "params": {"k_pid_pos": [1.1139014521248607, 0.15666316268944844, 0.43269152541739014], "k_pid_alt": [2.0, 0.0, 0.030992119723144574], "k_pid_att": [39.8926215692423, 4.7751158823795565, 0.8647643531721269], "k_pid_yaw": [0.5, 1e-06, 0.1], "k_pid_hsp": [0.9191323566625641, 0.05596143518203476, 0.0], "k_pid_vsp": [281.67393011813067, 225.72645091380852, 0.24780638495588805]}, "datetime": {"datetime": "2025-08-13 14:11:51", "elapsed": 15839.59373831749, "delta": 18.337204456329346}, "costs": {"total_cost": 183.964804876648, "time_cost": 70.18900000000001, "final_distance_cost": 1.8413153816781251, "oscillation_cost": 31.232900564570578, "completition_cost": 0.0, "overshoot_cost": 50.36990391969437, "power_cost": 10.396065612792968, "noise_cost": 19.93561939791196, "n_waypoints_completed": 9, "tot_waypoints": 9}}
{"target": -200.70078821227446, "params": {"k_pid_pos": [1.6604302887230478, 0.0943263067081681, 0.24198664298490927], "k_pid_alt": [2.0, 5.701595762387776e-05, 0.05214019660973015], "k_pid_att": [35.12810014386409, 4.518071885654398, 0.6455883376903963], "k_pid_yaw": [0.5, 1e-06, 0.1], "k_pid_hsp": [0.5253496873036613, 0.06022376886768546, 0.0], "k_pid_vsp": [33.472277874546826, 227.3564718232801, 0.15223840867445176]}, "datetime": {"datetime": "2025-08-13 14:12:08", "elapsed": 15856.27612900734, "delta": 16.682390689849854}, "costs": {"total_cost": 200.70078821227446, "time_cost": 68.775, "final_distance_cost": 1.7837600839679033, "oscillation_cost": 35.43667674680448, "completition_cost": 0.0, "overshoot_cost": 50.203988168892764, "power_cost": 22.747041528320313, "noise_cost": 21.75432168428898, "n_waypoints_completed": 9, "tot_waypoints": 9}}
{"target": -202.08491255849972, "params": {"k_pid_pos": [0.7128311769807881, 0.07233470895395107, 0.26540974048905264], "k_pid_alt": [1.1929364493464212, 0.0, 0.061483859161013156], "k_pid_att": [37.757860760731376, 10.0, 0.7971047729105957], "k_pid_yaw": [0.5, 1e-06, 0.1], "k_pid_hsp": [1.2508285445598446, 0.01534097140319273, 0.0], "k_pid_vsp": [129.72603766059612, 239.05564615448841, 0.09014039912574107]}, "datetime": {"datetime": "2025-08-13 14:12:27", "elapsed": 15875.692239999771, "delta": 19.41611099243164}, "costs": {"total_cost": 202.08491255849972, "time_cost": 76.937, "final_distance_cost": 1.840541690718483, "oscillation_cost": 30.211103935573927, "completition_cost": 0.0, "overshoot_cost": 51.05807176329188, "power_cost": 18.019879614257814, "noise_cost": 24.018315554657644, "n_waypoints_completed": 9, "tot_waypoints": 9}}
{"target": -199.63245737044653, "params": {"k_pid_pos": [2.0, 0.18534239043126344, 0.026502451277483758], "k_pid_alt": [1.2153321007958109, 0.0, 0.03830678004736444], "k_pid_att": [30.523633994701132, 1.772751330941567, 0.31095908531049626], "k_pid_yaw": [0.5, 1e-06, 0.1], "k_pid_hsp": [0.5006947354339846, 0.017628844936450547, 0.0], "k_pid_vsp": [339.73661245349757, 1e-06, 0.22129961533002232]}, "datetime": {"datetime": "2025-08-13 14:12:45", "elapsed": 15893.425861120224, "delta": 17.73362112045288}, "costs": {"total_cost": 199.63245737044653, "time_cost": 71.4, "final_distance_cost": 1.7660448960458803, "oscillation_cost": 36.840982866773125, "completition_cost": 0.0, "overshoot_cost": 51.662013378311805, "power_cost": 16.555526684570314, "noise_cost": 21.40788954474541, "n_waypoints_completed": 9, "tot_waypoints": 9}}
{"target": -189.34496043736135, "params": {"k_pid_pos": [1.7611129738324085, 0.15808180526210644, 0.4896542243784711], "k_pid_alt": [1.4383854260161966, 0.0, 0.02881010261602569], "k_pid_att": [60.99986829905115, 3.989932366521405, 0.7294085042069791], "k_pid_yaw": [0.5, 1e-06, 0.1], "k_pid_hsp": [0.13011047782916338, 0.028021397361433376, 0.0], "k_pid_vsp": [201.47401038338467, 98.4966536740972, 1e-06]}, "datetime": {"datetime": "2025-08-13 14:13:04", "elapsed": 15912.053060531616, "delta": 18.627199411392212}, "costs": {"total_cost": 189.34496043736135, "time_cost": 69.69200000000001, "final_distance_cost": 1.7983202853467724, "oscillation_cost": 32.23206727666971, "completition_cost": 0.0, "overshoot_cost": 50.92002771438025, "power_cost": 14.240953479003906, "noise_cost": 20.461591681960687, "n_waypoints_completed": 9, "tot_waypoints": 9}}
{"target": -203.9423278661846, "params": {"k_pid_pos": [1.4908977794216636, 0.2151762048387631, 0.2698887176484041], "k_pid_alt": [1.2780733953795977, 3.0137187877124804e-05, 0.04115650973062138], "k_pid_att": [33.67814234461252, 2.4693781185502943, 0.680848263251824], "k_pid_yaw": [0.5, 1e-06, 0.1], "k_pid_hsp": [0.8635017191543035, 0.03545892261415113, 0.0], "k_pid_vsp": [326.62958267265464, 43.84675966674869, 0.18264458467930159]}, "datetime": {"datetime": "2025-08-13 14:13:22", "elapsed": 15930.759662151337, "delta": 18.70660161972046}, "costs": {"total_cost": 203.9423278661846, "time_cost": 73.07300000000001, "final_distance_cost": 1.7955040339275883, "oscillation_cost": 33.886619319980646, "completition_cost": 0.0, "overshoot_cost": 51.72762670717097, "power_cost": 20.723634545898438, "noise_cost": 22.73594325920694, "n_waypoints_completed": 9, "tot_waypoints": 9}}
{"target": -196.42811444949604, "params": {"k_pid_pos": [1.2256363468690097, 0.05612719550800155, 0.25360956629339254], "k_pid_alt": [1.452357014804041, 0.0, 0.051226387042487186], "k_pid_att": [31.12487963322516, 5.548338428933275, 0.4659050128451645], "k_pid_yaw": [0.5, 1e-06, 0.1], "k_pid_hsp": [0.46210557766679705, 0.022897590345083523, 0.0], "k_pid_vsp": [274.2180601821558, 43.55597285787157, 0.1277309493911052]}, "datetime": {"datetime": "2025-08-13 14:13:40", "elapsed": 15948.368810415268, "delta": 17.609148263931274}, "costs": {"total_cost": 196.42811444949604, "time_cost": 70.637, "final_distance_cost": 1.8281367781105393, "oscillation_cost": 30.77323126597103, "completition_cost": 0.0, "overshoot_cost": 51.535857338625505, "power_cost": 19.450875207519534, "noise_cost": 22.203013859269433, "n_waypoints_completed": 9, "tot_waypoints": 9}}
{"target": -194.707314490041, "params": {"k_pid_pos": [1.2186951287245427, 0.1095311910334406, 0.3216713416018923], "k_pid_alt": [1.9626739738226802, 0.0, 0.048307411382852126], "k_pid_att": [31.67872323476092, 3.2867324003555027, 0.24824746229991432], "k_pid_yaw": [0.5, 1e-06, 0.1], "k_pid_hsp": [0.965670650121819, 0.05039336525871942, 0.0], "k_pid_vsp": [342.12860701260087, 86.85948417343212, 1e-06]}, "datetime": {"datetime": "2025-08-13 14:13:57", "elapsed": 15965.731941699982, "delta": 17.363131284713745}, "costs": {"total_cost": 194.707314490041, "time_cost": 70.28, "final_distance_cost": 1.8346381225136208, "oscillation_cost": 31.90374664172907, "completition_cost": 0.0, "overshoot_cost": 51.29754697333976, "power_cost": 17.440347314453128, "noise_cost": 21.95103543800541, "n_waypoints_completed": 9, "tot_waypoints": 9}}
{"target": -189.34104210917994, "params": {"k_pid_pos": [1.4394018052762807, 0.07609829773044642, 0.1526139140852165], "k_pid_alt": [2.0, 0.0, 0.06796471643683273], "k_pid_att": [26.636627401615765, 6.021273336117621, 0.26571323808114466], "k_pid_yaw": [0.5, 1e-06, 0.1], "k_pid_hsp": [0.852136030882793, 0.032870343128229264, 0.0], "k_pid_vsp": [256.6587047398529, 138.53379716373288, 0.21095523401061386]}, "datetime": {"datetime": "2025-08-13 14:14:15", "elapsed": 15983.955657243729, "delta": 18.22371554374695}, "costs": {"total_cost": 189.34104210917994, "time_cost": 68.712, "final_distance_cost": 1.8167070140130381, "oscillation_cost": 32.273193942237775, "completition_cost": 0.0, "overshoot_cost": 50.7108651163238, "power_cost": 15.268349938964844, "noise_cost": 20.55992609764051, "n_waypoints_completed": 9, "tot_waypoints": 9}}
{"target": -191.67664087086916, "params": {"k_pid_pos": [1.7364808196440575, 0.15008715805704897, 0.4081609668754653], "k_pid_alt": [2.0, 0.0, 0.05880606129316473], "k_pid_att": [28.944547374045744, 5.8477898837156355, 0.5196566285764607], "k_pid_yaw": [0.5, 1e-06, 0.1], "k_pid_hsp": [0.19823554127099566, 0.01638854390542233, 0.0], "k_pid_vsp": [244.07044286148832, 193.0735961194587, 0.3625441312618114]}, "datetime": {"datetime": "2025-08-13 14:14:34", "elapsed": 16002.909313201904, "delta": 18.95365595817566}, "costs": {"total_cost": 191.67664087086916, "time_cost": 69.286, "final_distance_cost": 1.8001301110717356, "oscillation_cost": 30.685123112300193, "completition_cost": 0.0, "overshoot_cost": 50.370657315641765, "power_cost": 18.255198559570314, "noise_cost": 21.279531772285154, "n_waypoints_completed": 9, "tot_waypoints": 9}}
{"target": -207.06933748097197, "params": {"k_pid_pos": [1.7110981747651424, 0.12491542468142776, 0.37334631328959295], "k_pid_alt": [1.295257592737037, 0.0, 0.038817775669445685], "k_pid_att": [58.85024807047429, 5.287297026160737, 0.7809730877805355], "k_pid_yaw": [0.5, 1e-06, 0.1], "k_pid_hsp": [0.6925373873424155, 0.03761780688788693, 0.0], "k_pid_vsp": [194.62041971453945, 185.2502481470086, 0.1539147177174394]}, "datetime": {"datetime": "2025-08-13 14:14:52", "elapsed": 16020.565403699875, "delta": 17.65609049797058}, "costs": {"total_cost": 207.06933748097197, "time_cost": 72.737, "final_distance_cost": 1.816906759590984, "oscillation_cost": 32.96535442934155, "completition_cost": 0.0, "overshoot_cost": 52.50641345263256, "power_cost": 23.946590270996094, "noise_cost": 23.09707256841081, "n_waypoints_completed": 9, "tot_waypoints": 9}}
