{"target": -184.71772030979886, "params": {"k_pid_pos": [0.79253509054004, 0.054358492533842624, 0.30850083878757695], "k_pid_alt": [1.612918212641003, 0.0, 0.025303928125550934], "k_pid_att": [10.995896659565792, 4.4403412027704245, 0.5132750492085064], "k_pid_yaw": [0.5, 1e-06, 0.1], "k_pid_hsp": [0.2182926369261229, 0.01716309076860795, 0.0], "k_pid_vsp": [273.2759335128851, 137.750994434736, 0.12723639240845644]}, "datetime": {"datetime": "2025-08-13 19:21:16", "elapsed": 34404.979019641876, "delta": 17.54106903076172}, "costs": {"total_cost": 184.71772030979886, "time_cost": 72.233, "final_distance_cost": 1.8388213979241326, "oscillation_cost": 27.11348900436347, "completition_cost": 0.0, "overshoot_cost": 50.06922495521807, "power_cost": 12.249137377929689, "noise_cost": 21.2140475743635, "n_waypoints_completed": 9, "tot_waypoints": 9}}
{"target": -189.51391517462076, "params": {"k_pid_pos": [1.0487164373420672, 0.06714833303747872, 0.29260849570325737], "k_pid_alt": [1.4029124611452917, 0.0, 0.0227543505122372], "k_pid_att": [8.424537078079053, 4.763635786926495, 0.4527478503842617], "k_pid_yaw": [0.5, 1e-06, 0.1], "k_pid_hsp": [0.22080230387485336, 0.011186371311304127, 0.0], "k_pid_vsp": [339.3849031623988, 118.47024504156478, 0.13365026572349212]}, "datetime": {"datetime": "2025-08-13 19:21:34", "elapsed": 34422.07273697853, "delta": 17.093717336654663}, "costs": {"total_cost": 189.51391517462076, "time_cost": 69.825, "final_distance_cost": 1.8295622155226832, "oscillation_cost": 28.922772291112434, "completition_cost": 0.0, "overshoot_cost": 50.29251300446407, "power_cost": 16.94437977294922, "noise_cost": 21.69968789057236, "n_waypoints_completed": 9, "tot_waypoints": 9}}
{"target": -186.77016898272413, "params": {"k_pid_pos": [0.9479825130357638, 0.054764760590754025, 0.37554716962713974], "k_pid_alt": [1.3503745726029805, 0.0, 0.026137075368151037], "k_pid_att": [7.983188886564804, 2.096415944707614, 0.6036039275474018], "k_pid_yaw": [0.5, 1e-06, 0.1], "k_pid_hsp": [0.25020439356438184, 0.015898392613612936, 0.0], "k_pid_vsp": [262.5464203508009, 107.61581172969295, 0.14677686901201045]}, "datetime": {"datetime": "2025-08-13 19:21:51", "elapsed": 34439.26426434517, "delta": 17.191527366638184}, "costs": {"total_cost": 186.77016898272413, "time_cost": 71.08500000000001, "final_distance_cost": 1.8389817867525087, "oscillation_cost": 27.632081706808428, "completition_cost": 0.0, "overshoot_cost": 50.944176924026735, "power_cost": 13.996886291503907, "noise_cost": 21.273042273632537, "n_waypoints_completed": 9, "tot_waypoints": 9}}
{"target": -193.6097368283906, "params": {"k_pid_pos": [0.8258521134938475, 0.04313345758619407, 0.33594011668005747], "k_pid_alt": [1.0546576856827692, 0.0, 0.028262935193688953], "k_pid_att": [10.38671140771861, 3.9193860527579845, 0.5869074482010074], "k_pid_yaw": [0.5, 1e-06, 0.1], "k_pid_hsp": [0.19643745087864337, 0.014660163781952867, 0.0], "k_pid_vsp": [250.80571915277926, 102.37574941930465, 0.1116231811628432]}, "datetime": {"datetime": "2025-08-13 19:22:08", "elapsed": 34456.678397893906, "delta": 17.414133548736572}, "costs": {"total_cost": 193.6097368283906, "time_cost": 73.255, "final_distance_cost": 1.8450531522974638, "oscillation_cost": 27.119181280644757, "completition_cost": 0.0, "overshoot_cost": 50.96452119092828, "power_cost": 17.77373017578125, "noise_cost": 22.65225102873885, "n_waypoints_completed": 9, "tot_waypoints": 9}}
{"target": -184.31935313262431, "params": {"k_pid_pos": [0.9849940607969888, 0.0555944000317762, 0.36953393745024954], "k_pid_alt": [1.5026717500193982, 0.0, 0.021756776384785122], "k_pid_att": [8.027651423225992, 3.8231331647636804, 0.46522383861248473], "k_pid_yaw": [0.5, 1e-06, 0.1], "k_pid_hsp": [0.2427412325779891, 0.011325165007256194, 0.0], "k_pid_vsp": [259.6099908312693, 146.45797397259102, 0.13240597924353514]}, "datetime": {"datetime": "2025-08-13 19:22:25", "elapsed": 34473.054018735886, "delta": 16.37562084197998}, "costs": {"total_cost": 184.31935313262431, "time_cost": 70.336, "final_distance_cost": 1.8396862885361678, "oscillation_cost": 27.897851732902804, "completition_cost": 0.0, "overshoot_cost": 50.1359576220501, "power_cost": 13.270518420410157, "noise_cost": 20.839339068725074, "n_waypoints_completed": 9, "tot_waypoints": 9}}
{"target": -177.53657343627478, "params": {"k_pid_pos": [1.1520233597734473, 0.06079111044164459, 0.320141446733493], "k_pid_alt": [1.7701485408136894, 0.0, 0.024414789029949924], "k_pid_att": [11.744421513410606, 2.1841842138467222, 0.7394532432981419], "k_pid_yaw": [0.5, 1e-06, 0.1], "k_pid_hsp": [0.17660094914464164, 0.0198640169141231, 0.0], "k_pid_vsp": [319.791646920062, 145.15260204449592, 0.1908119072768036]}, "datetime": {"datetime": "2025-08-13 19:22:41", "elapsed": 34489.56297326088, "delta": 16.508954524993896}, "costs": {"total_cost": 177.53657343627478, "time_cost": 68.621, "final_distance_cost": 1.8312526103256086, "oscillation_cost": 28.83862803022781, "completition_cost": 0.0, "overshoot_cost": 49.91352935050253, "power_cost": 9.425001489257813, "noise_cost": 18.907161955961012, "n_waypoints_completed": 9, "tot_waypoints": 9}}
{"target": -185.12812112986816, "params": {"k_pid_pos": [1.0328671756143422, 0.03674305506105393, 0.2883221752652568], "k_pid_alt": [1.4213669497660237, 0.0, 0.02959314922117372], "k_pid_att": [8.397552398911992, 4.0925019569118035, 0.8795180288985276], "k_pid_yaw": [0.5, 1e-06, 0.1], "k_pid_hsp": [0.2518483202861627, 0.00557233623008058, 0.0], "k_pid_vsp": [228.70792452830844, 102.86155210248671, 0.13925390389047423]}, "datetime": {"datetime": "2025-08-13 19:22:57", "elapsed": 34505.65648031235, "delta": 16.093507051467896}, "costs": {"total_cost": 185.12812112986816, "time_cost": 70.035, "final_distance_cost": 1.8406277442611598, "oscillation_cost": 28.29600986284987, "completition_cost": 0.0, "overshoot_cost": 50.10068942114376, "power_cost": 13.888494055175782, "noise_cost": 20.9673000464376, "n_waypoints_completed": 9, "tot_waypoints": 9}}
{"target": -183.2475209879115, "params": {"k_pid_pos": [1.0672353009881306, 0.05458486554030101, 0.37923908777666876], "k_pid_alt": [1.5346328376409237, 0.0, 0.030895396353122457], "k_pid_att": [8.50510852908599, 2.71203293374168, 0.6855126159352863], "k_pid_yaw": [0.5, 1e-06, 0.1], "k_pid_hsp": [0.2819441934238544, 0.01644048344311486, 0.0], "k_pid_vsp": [302.79583171741814, 131.76640917903413, 0.18860316287929021]}, "datetime": {"datetime": "2025-08-13 19:23:14", "elapsed": 34522.89257025719, "delta": 17.236089944839478}, "costs": {"total_cost": 183.2475209879115, "time_cost": 69.685, "final_distance_cost": 1.8420007023796168, "oscillation_cost": 28.223700414087926, "completition_cost": 0.0, "overshoot_cost": 49.999210556813004, "power_cost": 12.859356201171876, "noise_cost": 20.63825311345908, "n_waypoints_completed": 9, "tot_waypoints": 9}}
{"target": -182.3574276998466, "params": {"k_pid_pos": [1.023074634478832, 0.047383355394325595, 0.3686267923519051], "k_pid_alt": [1.3326162290794985, 0.0, 0.03797886923804245], "k_pid_att": [9.713249945838896, 2.9040229457146527, 0.7720339407682184], "k_pid_yaw": [0.5, 1e-06, 0.1], "k_pid_hsp": [0.1240163235488587, 0.011747166591535345, 0.0], "k_pid_vsp": [230.6320449331059, 169.94740430025357, 0.12490778166109602]}, "datetime": {"datetime": "2025-08-13 19:23:31", "elapsed": 34539.522421598434, "delta": 16.62985134124756}, "costs": {"total_cost": 182.3574276998466, "time_cost": 69.818, "final_distance_cost": 1.8199524854204359, "oscillation_cost": 27.003720721574346, "completition_cost": 0.0, "overshoot_cost": 50.255824881078055, "power_cost": 13.137122497558595, "noise_cost": 20.32280711421515, "n_waypoints_completed": 9, "tot_waypoints": 9}}
{"target": -197.52727142129743, "params": {"k_pid_pos": [0.9824907136534039, 0.09098970188298577, 0.3755991596003608], "k_pid_alt": [1.5416370298705615, 0.0, 0.02257877221314138], "k_pid_att": [9.266077921677965, 4.653284826709392, 0.46063553243202526], "k_pid_yaw": [0.5, 1e-06, 0.1], "k_pid_hsp": [0.2526106750105766, 0.019657976097316298, 0.0], "k_pid_vsp": [245.38064637429292, 127.35782395421286, 0.11099928949298725]}, "datetime": {"datetime": "2025-08-13 19:23:49", "elapsed": 34557.479998111725, "delta": 17.957576513290405}, "costs": {"total_cost": 197.52727142129743, "time_cost": 71.078, "final_distance_cost": 1.8357615375545377, "oscillation_cost": 28.9506713854101, "completition_cost": 0.0, "overshoot_cost": 51.001039819687534, "power_cost": 21.4253828125, "noise_cost": 23.236415866145265, "n_waypoints_completed": 9, "tot_waypoints": 9}}
{"target": -186.86790427712654, "params": {"k_pid_pos": [1.2485243935228643, 0.07062701504366366, 0.27637798913810874], "k_pid_alt": [1.8171756276538666, 0.0, 0.031590896951251835], "k_pid_att": [13.79226910635181, 3.3672199377237386, 0.8169350860108183], "k_pid_yaw": [0.5, 1e-06, 0.1], "k_pid_hsp": [0.1948293686638978, 0.010188040095617846, 0.0], "k_pid_vsp": [281.7383206216776, 144.87609451165486, 0.1632345754641227]}, "datetime": {"datetime": "2025-08-13 19:24:06", "elapsed": 34574.47789478302, "delta": 16.997896671295166}, "costs": {"total_cost": 186.86790427712654, "time_cost": 69.461, "final_distance_cost": 1.8121089525121814, "oscillation_cost": 28.976069857459102, "completition_cost": 0.0, "overshoot_cost": 50.61599321229692, "power_cost": 15.254528942871094, "noise_cost": 20.748203311987222, "n_waypoints_completed": 9, "tot_waypoints": 9}}
{"target": -191.6434524331076, "params": {"k_pid_pos": [0.629077222544717, 0.05815729491749735, 0.23119807435625558], "k_pid_alt": [1.3370981483617665, 0.0, 0.033568082985150634], "k_pid_att": [12.207117984234415, 3.50715096977225, 0.6488844592003904], "k_pid_yaw": [0.5, 1e-06, 0.1], "k_pid_hsp": [0.21733313728647294, 0.015181476916916603, 0.0], "k_pid_vsp": [300.6460498155894, 95.4598995725406, 0.15571400411514696]}, "datetime": {"datetime": "2025-08-13 19:24:24", "elapsed": 34592.627334833145, "delta": 18.149440050125122}, "costs": {"total_cost": 191.6434524331076, "time_cost": 75.278, "final_distance_cost": 1.851475424477037, "oscillation_cost": 25.908437681003598, "completition_cost": 0.0, "overshoot_cost": 51.133210195313275, "power_cost": 14.478059924316407, "noise_cost": 22.994269207997284, "n_waypoints_completed": 9, "tot_waypoints": 9}}
{"target": -198.76451037820314, "params": {"k_pid_pos": [0.9565045704061301, 0.06674894310634345, 0.20453897920106834], "k_pid_alt": [1.4920569567022133, 0.0, 0.0269930095229913], "k_pid_att": [10.2807227863667, 3.3382522012132743, 0.684605070529987], "k_pid_yaw": [0.5, 1e-06, 0.1], "k_pid_hsp": [0.2531888109054117, 0.013255917892772117, 0.0], "k_pid_vsp": [307.1881450694861, 87.14887241065503, 0.10479596683540317]}, "datetime": {"datetime": "2025-08-13 19:24:42", "elapsed": 34610.00615119934, "delta": 17.37881636619568}, "costs": {"total_cost": 198.76451037820314, "time_cost": 71.61, "final_distance_cost": 1.8326747523937192, "oscillation_cost": 28.98435908717447, "completition_cost": 0.0, "overshoot_cost": 51.69567265140847, "power_cost": 21.61378045654297, "noise_cost": 23.028023430683508, "n_waypoints_completed": 9, "tot_waypoints": 9}}
{"target": -188.48448840320438, "params": {"k_pid_pos": [0.9338174782738268, 0.05028303592584754, 0.2937991705619148], "k_pid_alt": [1.43969401687761, 0.0, 0.025060504504980926], "k_pid_att": [10.15495419697559, 6.31277363065809, 0.7075587391146178], "k_pid_yaw": [0.5, 1e-06, 0.1], "k_pid_hsp": [0.1269661454319925, 0.013324118925311532, 0.0], "k_pid_vsp": [255.9484673914585, 143.48334414593754, 0.17110208601575952]}, "datetime": {"datetime": "2025-08-13 19:24:58", "elapsed": 34626.37994527817, "delta": 16.373794078826904}, "costs": {"total_cost": 188.48448840320438, "time_cost": 70.483, "final_distance_cost": 1.834755328890103, "oscillation_cost": 26.930910230719807, "completition_cost": 0.0, "overshoot_cost": 50.46261079184171, "power_cost": 17.201826135253906, "noise_cost": 21.571385916498887, "n_waypoints_completed": 9, "tot_waypoints": 9}}
{"target": -188.92478307950998, "params": {"k_pid_pos": [1.1438638244382062, 0.06259397474331135, 0.17447297683833787], "k_pid_alt": [1.7290579381103048, 0.0, 0.023613301733106728], "k_pid_att": [7.7614790995793195, 3.7170093857017754, 0.5209202812386091], "k_pid_yaw": [0.5, 1e-06, 0.1], "k_pid_hsp": [0.2595503504264331, 0.019036365594468894, 0.0], "k_pid_vsp": [400.0, 121.83771263595793, 0.14393775973698014]}, "datetime": {"datetime": "2025-08-13 19:25:16", "elapsed": 34644.04130387306, "delta": 17.66135859489441}, "costs": {"total_cost": 188.92478307950998, "time_cost": 69.489, "final_distance_cost": 1.8202715840273762, "oscillation_cost": 30.89237930365495, "completition_cost": 0.0, "overshoot_cost": 50.26034153772223, "power_cost": 15.459563500976563, "noise_cost": 21.003227153128847, "n_waypoints_completed": 9, "tot_waypoints": 9}}
{"target": -196.35568309841568, "params": {"k_pid_pos": [0.7692616065341252, 0.076789364515858, 0.34101355138102224], "k_pid_alt": [1.5095151849406767, 0.0, 0.03251381055059437], "k_pid_att": [11.30086488617826, 4.511906002326402, 0.5629139520125563], "k_pid_yaw": [0.5, 1e-06, 0.1], "k_pid_hsp": [0.22710667075820923, 0.014622263440026465, 0.0], "k_pid_vsp": [269.9869477109747, 78.10376752157444, 0.1336603459201635]}, "datetime": {"datetime": "2025-08-13 19:25:33", "elapsed": 34661.8887219429, "delta": 17.847418069839478}, "costs": {"total_cost": 196.35568309841568, "time_cost": 73.801, "final_distance_cost": 1.8455554509201417, "oscillation_cost": 26.956770552319444, "completition_cost": 0.0, "overshoot_cost": 51.53669292034433, "power_cost": 18.70036516113281, "noise_cost": 23.515299013698947, "n_waypoints_completed": 9, "tot_waypoints": 9}}
{"target": -192.37128570450696, "params": {"k_pid_pos": [0.9122886428631736, 0.05400479689539219, 0.4155225309005637], "k_pid_alt": [1.3793687331732052, 0.0, 0.024708199447254883], "k_pid_att": [8.124643765639178, 3.5466426981905883, 0.7373812592241529], "k_pid_yaw": [0.5, 1e-06, 0.1], "k_pid_hsp": [0.2039203135761151, 0.020038926273567192, 0.0], "k_pid_vsp": [289.7455495423959, 153.572709099613, 0.19925277008013695]}, "datetime": {"datetime": "2025-08-13 19:25:51", "elapsed": 34679.45369935036, "delta": 17.564977407455444}, "costs": {"total_cost": 192.37128570450696, "time_cost": 71.771, "final_distance_cost": 1.8435710090821558, "oscillation_cost": 27.809717933829905, "completition_cost": 0.0, "overshoot_cost": 50.494937402010926, "power_cost": 17.88007351074219, "noise_cost": 22.57198584884179, "n_waypoints_completed": 9, "tot_waypoints": 9}}
{"target": -178.57379892799975, "params": {"k_pid_pos": [1.0721630267317357, 0.05963523477381985, 0.3849993154868483], "k_pid_alt": [1.781402368485282, 0.0, 0.025914734112288774], "k_pid_att": [8.9045593269844, 3.6720430810755773, 0.24496710615429232], "k_pid_yaw": [0.5, 1e-06, 0.1], "k_pid_hsp": [0.19134594258352713, 0.014606132019406843, 0.0], "k_pid_vsp": [300.7313027584033, 126.5672145342502, 0.16875614030620897]}, "datetime": {"datetime": "2025-08-13 19:26:08", "elapsed": 34696.75749707222, "delta": 17.303797721862793}, "costs": {"total_cost": 178.57379892799975, "time_cost": 69.237, "final_distance_cost": 1.8264365899376322, "oscillation_cost": 27.686726855744833, "completition_cost": 0.0, "overshoot_cost": 50.26541735340719, "power_cost": 10.190526245117187, "noise_cost": 19.367691883792897, "n_waypoints_completed": 9, "tot_waypoints": 9}}
{"target": -183.945026477586, "params": {"k_pid_pos": [1.0877175123380478, 0.061172461822648794, 0.48909523617089246], "k_pid_alt": [1.811949162640729, 0.0, 0.027288665238246707], "k_pid_att": [9.709228110373779, 3.961494343361022, 0.5024758396444667], "k_pid_yaw": [0.5, 1e-06, 0.1], "k_pid_hsp": [0.16378135033202856, 0.015003382479402584, 0.0], "k_pid_vsp": [350.8115111477545, 129.36450724576858, 0.18549963076315787]}, "datetime": {"datetime": "2025-08-13 19:26:25", "elapsed": 34713.27887392044, "delta": 16.521376848220825}, "costs": {"total_cost": 183.945026477586, "time_cost": 70.007, "final_distance_cost": 1.8334281396168337, "oscillation_cost": 26.972244519705992, "completition_cost": 0.0, "overshoot_cost": 50.19971040564233, "power_cost": 13.869421325683595, "noise_cost": 21.063222086937245, "n_waypoints_completed": 9, "tot_waypoints": 9}}
{"target": -199.83678832971378, "params": {"k_pid_pos": [0.8989273965936148, 0.0602107949668177, 0.32501338111028044], "k_pid_alt": [1.59717336469332, 0.0, 0.03207094717828525], "k_pid_att": [10.326558938880366, 5.478544834298514, 0.4152021501738234], "k_pid_yaw": [0.5, 1e-06, 0.1], "k_pid_hsp": [0.20062696582581138, 0.015012506441240919, 0.0], "k_pid_vsp": [358.60074496879434, 104.18816633378908, 0.13263141888151284]}, "datetime": {"datetime": "2025-08-13 19:26:42", "elapsed": 34730.796697854996, "delta": 17.517823934555054}, "costs": {"total_cost": 199.83678832971378, "time_cost": 72.81400000000001, "final_distance_cost": 1.836534926476215, "oscillation_cost": 27.84979190910939, "completition_cost": 0.0, "overshoot_cost": 51.802170260937196, "power_cost": 21.848448852539065, "noise_cost": 23.685842380651895, "n_waypoints_completed": 9, "tot_waypoints": 9}}
{"target": -183.43184109388065, "params": {"k_pid_pos": [0.9708132025387677, 0.07484622059713784, 0.24057773305901375], "k_pid_alt": [1.2572760394722347, 0.0, 0.022626220241269562], "k_pid_att": [9.58900716085426, 5.044888954417428, 0.6154694722280653], "k_pid_yaw": [0.5, 1e-06, 0.1], "k_pid_hsp": [0.2538945191488082, 0.007366230390425554, 0.0], "k_pid_vsp": [400.0, 130.2795098461227, 0.18323944508020285]}, "datetime": {"datetime": "2025-08-13 19:27:00", "elapsed": 34748.666013002396, "delta": 17.869315147399902}, "costs": {"total_cost": 183.43184109388065, "time_cost": 70.14, "final_distance_cost": 1.8238222957128896, "oscillation_cost": 28.433312112729155, "completition_cost": 0.0, "overshoot_cost": 50.04989310999001, "power_cost": 12.46888006591797, "noise_cost": 20.515933509530633, "n_waypoints_completed": 9, "tot_waypoints": 9}}
{"target": -186.38848573338979, "params": {"k_pid_pos": [0.8639927468462701, 0.02691305152074859, 0.3290183295502075], "k_pid_alt": [1.7735240706399171, 0.0, 0.026623138732619508], "k_pid_att": [9.068156991072769, 3.7894377503820933, 0.45067505561843973], "k_pid_yaw": [0.5, 1e-06, 0.1], "k_pid_hsp": [0.22393132291954151, 0.01631878615823725, 0.0], "k_pid_vsp": [212.62551531038716, 120.07440300138853, 0.1729181918887527]}, "datetime": {"datetime": "2025-08-13 19:27:17", "elapsed": 34765.28459024429, "delta": 16.618577241897583}, "costs": {"total_cost": 186.38848573338979, "time_cost": 71.358, "final_distance_cost": 1.8515201879920218, "oscillation_cost": 27.032837929969645, "completition_cost": 0.0, "overshoot_cost": 49.999435592149496, "power_cost": 14.478742553710939, "noise_cost": 21.6679494695677, "n_waypoints_completed": 9, "tot_waypoints": 9}}
{"target": -188.0660069958332, "params": {"k_pid_pos": [0.9556199824828765, 0.039501798024071985, 0.2939802792161106], "k_pid_alt": [1.181676599997744, 0.0, 0.02840407607079685], "k_pid_att": [11.32911659953812, 4.635412945110841, 0.6416756204352527], "k_pid_yaw": [0.5, 1e-06, 0.1], "k_pid_hsp": [0.2559903212967889, 0.016871670208000455, 0.0], "k_pid_vsp": [285.3504745918425, 152.95200025395852, 0.18991568690231672]}, "datetime": {"datetime": "2025-08-13 19:27:35", "elapsed": 34783.254623651505, "delta": 17.970033407211304}, "costs": {"total_cost": 188.0660069958332, "time_cost": 70.7, "final_distance_cost": 1.8421200704639198, "oscillation_cost": 28.139543160318127, "completition_cost": 0.0, "overshoot_cost": 49.9358157345955, "power_cost": 15.770032690429689, "noise_cost": 21.678495340025936, "n_waypoints_completed": 9, "tot_waypoints": 9}}
{"target": -187.95674985676857, "params": {"k_pid_pos": [0.8988652585636814, 0.049932207997624774, 0.27728593984165073], "k_pid_alt": [1.5008296871560305, 0.0, 0.02992133677882311], "k_pid_att": [7.130298580292866, 5.840159704210783, 0.7767407995025492], "k_pid_yaw": [0.5, 1e-06, 0.1], "k_pid_hsp": [0.22420091518566063, 0.01235448806287955, 0.0], "k_pid_vsp": [240.1407501880333, 91.3697872915227, 0.13944748315661998]}, "datetime": {"datetime": "2025-08-13 19:27:51", "elapsed": 34799.38734459877, "delta": 16.132720947265625}, "costs": {"total_cost": 187.95674985676857, "time_cost": 70.672, "final_distance_cost": 1.840975577662986, "oscillation_cost": 27.685613328874464, "completition_cost": 0.0, "overshoot_cost": 50.485038985025604, "power_cost": 15.705440625000001, "noise_cost": 21.567681340205528, "n_waypoints_completed": 9, "tot_waypoints": 9}}
{"target": -197.29678362044848, "params": {"k_pid_pos": [1.003969474066208, 0.060175620494024806, 0.2638382583291479], "k_pid_alt": [1.5560513019769973, 0.0, 0.03698448698865135], "k_pid_att": [8.903666836606376, 3.173551437348824, 0.5660619800702741], "k_pid_yaw": [0.5, 1e-06, 0.1], "k_pid_hsp": [0.22036426485193375, 0.021093491534845066, 0.0], "k_pid_vsp": [307.21290152516053, 78.67447586101245, 0.2096177790551725]}, "datetime": {"datetime": "2025-08-13 19:28:09", "elapsed": 34817.02451133728, "delta": 17.637166738510132}, "costs": {"total_cost": 197.29678362044848, "time_cost": 71.134, "final_distance_cost": 1.8283512986960613, "oscillation_cost": 29.153525268183046, "completition_cost": 0.0, "overshoot_cost": 51.714633321329075, "power_cost": 20.4076013671875, "noise_cost": 23.058672365052793, "n_waypoints_completed": 9, "tot_waypoints": 9}}
