{"target": -187.642134892657, "params": {"k_pid_pos": [1.3466475509563847, 0.14685931976537692, 0.24059115889493007], "k_pid_alt": [1.3428291786893898, 0.0, 0.04757921624661381], "k_pid_att": [42.36797936695722, 4.483937406213716, 1.0], "k_pid_yaw": [0.5, 1e-06, 0.1], "k_pid_hsp": [0.3568931402943723, 0.0, 0.0], "k_pid_vsp": [384.0280281796942, 169.26266815719725, 0.16619549933221806]}, "datetime": {"datetime": "2025-08-13 14:47:56", "elapsed": 18004.03087091446, "delta": 16.52029275894165}, "costs": {"total_cost": 187.642134892657, "time_cost": 69.545, "final_distance_cost": 1.8172442689131088, "oscillation_cost": 30.39087771375916, "completition_cost": 0.0, "overshoot_cost": 50.69103523812771, "power_cost": 14.387599389648438, "noise_cost": 20.810378282208564, "n_waypoints_completed": 9, "tot_waypoints": 9}}
{"target": -221.9837354316262, "params": {"k_pid_pos": [1.061196307440546, 0.12100351038798007, 0.2434396432378736], "k_pid_alt": [1.9602206398941266, 0.0, 0.019600628158120453], "k_pid_att": [50.55848392088694, 3.420217999354857, 1.0], "k_pid_yaw": [0.5, 1e-06, 0.1], "k_pid_hsp": [0.05610421718679354, 0.0515806391286839, 0.0], "k_pid_vsp": [282.4564883647538, 190.18079915383638, 0.2480146287894566]}, "datetime": {"datetime": "2025-08-13 14:48:16", "elapsed": 18024.232837438583, "delta": 20.201966524124146}, "costs": {"total_cost": 221.9837354316262, "time_cost": 83.048, "final_distance_cost": 1.7907864393080546, "oscillation_cost": 45.14528906862634, "completition_cost": 0.0, "overshoot_cost": 52.82326570754822, "power_cost": 15.387307067871095, "noise_cost": 23.789087148272515, "n_waypoints_completed": 9, "tot_waypoints": 9}}
{"target": -4478.735135160215, "params": {"k_pid_pos": [1.7553893559283111, 0.06553442269134373, 0.2891678426869142], "k_pid_alt": [1.240025259253619, 0.0, 0.020806340134852094], "k_pid_att": [0.0, 7.5638058621747986, 0.5943569995710825], "k_pid_yaw": [0.5, 1e-06, 0.1], "k_pid_hsp": [0.6044250069039179, 0.03443624785670014, 0.0], "k_pid_vsp": [386.3480781986372, 191.0996395044142, 0.268330118114629]}, "datetime": {"datetime": "2025-08-13 14:48:45", "elapsed": 18053.09399342537, "delta": 28.86115598678589}, "costs": {"total_cost": 4478.735135160215, "time_cost": 150, "final_distance_cost": 537.6782706145947, "oscillation_cost": 1338.2686897983451, "completition_cost": 1000.0, "overshoot_cost": 1241.4478531364728, "power_cost": 53.44655169677735, "noise_cost": 157.8937699140241, "n_waypoints_completed": 0, "tot_waypoints": 9}}
{"target": -194.10332879355622, "params": {"k_pid_pos": [1.5620548858597614, 0.06284658868061883, 0.46166963516224385], "k_pid_alt": [1.615357815060806, 0.0, 0.02798021293966374], "k_pid_att": [53.09967687792334, 5.301866806435348, 0.4912044454156743], "k_pid_yaw": [0.5, 1e-06, 0.1], "k_pid_hsp": [0.3103531401683504, 0.06771706524587694, 0.0], "k_pid_vsp": [231.9802981681838, 158.1385267366485, 0.3362646651691779]}, "datetime": {"datetime": "2025-08-13 14:49:01", "elapsed": 18069.772297143936, "delta": 16.678303718566895}, "costs": {"total_cost": 194.10332879355622, "time_cost": 69.496, "final_distance_cost": 1.8438034315062604, "oscillation_cost": 31.75582533390574, "completition_cost": 0.0, "overshoot_cost": 50.746809505147176, "power_cost": 18.68182370605469, "noise_cost": 21.579066816942333, "n_waypoints_completed": 9, "tot_waypoints": 9}}
{"target": -190.0247317661202, "params": {"k_pid_pos": [1.2182641821540654, 0.12272859263702092, 0.3100278925217905], "k_pid_alt": [0.7970651785655614, 0.0, 0.030095539655311688], "k_pid_att": [48.587342501577076, 5.9950027469074385, 1.0], "k_pid_yaw": [0.5, 1e-06, 0.1], "k_pid_hsp": [0.2665553400750339, 0.03365889804259705, 0.0], "k_pid_vsp": [272.62457875484273, 113.34399402891775, 0.28029076684543536]}, "datetime": {"datetime": "2025-08-13 14:49:19", "elapsed": 18087.283864736557, "delta": 17.51156759262085}, "costs": {"total_cost": 190.0247317661202, "time_cost": 71.624, "final_distance_cost": 1.8191532610903172, "oscillation_cost": 29.879657062246988, "completition_cost": 0.0, "overshoot_cost": 50.18873394936309, "power_cost": 15.390748364257814, "noise_cost": 21.122439129161986, "n_waypoints_completed": 9, "tot_waypoints": 9}}
{"target": -194.10088267832546, "params": {"k_pid_pos": [0.9235851056516685, 0.034419071680397574, 0.2823385109087903], "k_pid_alt": [0.9839051615425559, 0.0, 0.04621144376558778], "k_pid_att": [40.92834651928766, 1.940609994807432, 0.41470135382936407], "k_pid_yaw": [0.5, 1e-06, 0.1], "k_pid_hsp": [0.40898489258237025, 0.01779141332338431, 0.0], "k_pid_vsp": [39.05898465287826, 12.340227608037225, 0.22737342166741512]}, "datetime": {"datetime": "2025-08-13 14:49:36", "elapsed": 18104.874087810516, "delta": 17.59022307395935}, "costs": {"total_cost": 194.10088267832546, "time_cost": 72.625, "final_distance_cost": 1.8452007440163525, "oscillation_cost": 27.45851994463485, "completition_cost": 0.0, "overshoot_cost": 50.67764091728576, "power_cost": 17.239781738281252, "noise_cost": 24.254739334107246, "n_waypoints_completed": 9, "tot_waypoints": 9}}
{"target": -200.74523413053058, "params": {"k_pid_pos": [0.42583571478507326, 0.12067998159284317, 0.12687548784190547], "k_pid_alt": [1.695540858843553, 0.0, 0.04628908717625063], "k_pid_att": [43.40643877669802, 9.31907247932557, 0.9614742070516819], "k_pid_yaw": [0.5, 1e-06, 0.1], "k_pid_hsp": [0.5522769488640473, 0.03684621270472125, 0.0], "k_pid_vsp": [293.81277118700996, 226.6354397773414, 0.1926780879922946]}, "datetime": {"datetime": "2025-08-13 14:49:57", "elapsed": 18125.09686923027, "delta": 20.22278141975403}, "costs": {"total_cost": 200.74523413053058, "time_cost": 84.84, "final_distance_cost": 1.8494900886791648, "oscillation_cost": 25.401680391960603, "completition_cost": 0.0, "overshoot_cost": 51.89656535508396, "power_cost": 12.007206420898438, "noise_cost": 24.750291873908424, "n_waypoints_completed": 9, "tot_waypoints": 9}}
{"target": -1200.2726161086293, "params": {"k_pid_pos": [0.8193192223512981, 0.13903014752930262, 0.02627124337132743], "k_pid_alt": [0.9088523362035316, 0.0, 0.03594536669600304], "k_pid_att": [25.441996698162328, 5.4363333603039585, 0.9200752564409008], "k_pid_yaw": [0.5, 1e-06, 0.1], "k_pid_hsp": [0.0001, 0.03897473186151156, 0.0], "k_pid_vsp": [271.6256994240327, 81.9521289533652, 0.10365605933357351]}, "datetime": {"datetime": "2025-08-13 14:50:26", "elapsed": 18154.07784986496, "delta": 28.98098063468933}, "costs": {"total_cost": 1200.2726161086293, "time_cost": 150, "final_distance_cost": 96.18159283515429, "oscillation_cost": 24.050235652171782, "completition_cost": 777.7777777777778, "overshoot_cost": 99.61152179946279, "power_cost": 19.99951990966797, "noise_cost": 32.651968134394714, "n_waypoints_completed": 2, "tot_waypoints": 9}}
{"target": -187.09789706750212, "params": {"k_pid_pos": [1.3735905702460425, 0.0539868172179892, 0.27608894104092113], "k_pid_alt": [2.0, 0.0, 0.04653239733486938], "k_pid_att": [26.16415493679642, 2.294730312001934, 0.5327545371502159], "k_pid_yaw": [0.5, 1e-06, 0.1], "k_pid_hsp": [0.45483640926340724, 0.006632774158404453, 0.0], "k_pid_vsp": [281.0133313134622, 54.849426777514104, 0.24671640996132152]}, "datetime": {"datetime": "2025-08-13 14:50:42", "elapsed": 18170.880547761917, "delta": 16.802697896957397}, "costs": {"total_cost": 187.09789706750212, "time_cost": 69.776, "final_distance_cost": 1.8399053172751272, "oscillation_cost": 30.060921274530756, "completition_cost": 0.0, "overshoot_cost": 51.12937420913612, "power_cost": 13.655706091308595, "noise_cost": 20.635990175251532, "n_waypoints_completed": 9, "tot_waypoints": 9}}
{"target": -200.73385729996468, "params": {"k_pid_pos": [1.3515123249478929, 0.0557380662391824, 0.04697874404152835], "k_pid_alt": [1.3502791748749639, 0.0, 0.040673624812676334], "k_pid_att": [61.244415102903154, 7.667481105876608, 0.31555187371039967], "k_pid_yaw": [0.5, 1e-06, 0.1], "k_pid_hsp": [0.3522363830196908, 0.022639143419518348, 0.0], "k_pid_vsp": [316.7841359597896, 64.54288697168008, 0.20545031082311502]}, "datetime": {"datetime": "2025-08-13 14:50:59", "elapsed": 18187.542636156082, "delta": 16.66208839416504}, "costs": {"total_cost": 200.73385729996468, "time_cost": 70.70700000000001, "final_distance_cost": 1.813087820017429, "oscillation_cost": 31.71503378109108, "completition_cost": 0.0, "overshoot_cost": 51.56673135806704, "power_cost": 22.302164160156252, "noise_cost": 22.629840180632876, "n_waypoints_completed": 9, "tot_waypoints": 9}}
{"target": -191.9424886416503, "params": {"k_pid_pos": [1.2809462440546475, 0.07179072391484383, 0.3217744584879681], "k_pid_alt": [1.2444882973308593, 0.0, 0.006655574493617789], "k_pid_att": [16.75341266614467, 8.737510219288586, 0.6575079268503325], "k_pid_yaw": [0.5, 1e-06, 0.1], "k_pid_hsp": [0.7680279593028878, 0.02568549251316909, 0.0], "k_pid_vsp": [138.43909316921, 158.40092956828764, 0.295260258677752]}, "datetime": {"datetime": "2025-08-13 14:51:16", "elapsed": 18204.277938842773, "delta": 16.735302686691284}, "costs": {"total_cost": 191.9424886416503, "time_cost": 69.783, "final_distance_cost": 1.8434687321719703, "oscillation_cost": 32.74770609450415, "completition_cost": 0.0, "overshoot_cost": 50.10306714449724, "power_cost": 16.212868225097658, "noise_cost": 21.252378445379296, "n_waypoints_completed": 9, "tot_waypoints": 9}}
{"target": -184.84979358261182, "params": {"k_pid_pos": [0.9385057007771809, 0.08743283514680944, 0.17376613021239426], "k_pid_alt": [1.8542961618193905, 0.0, 0.03382238594748611], "k_pid_att": [21.635742542614015, 5.0592975040587715, 0.7092354264663912], "k_pid_yaw": [0.5, 1e-06, 0.1], "k_pid_hsp": [0.5244058573033045, 0.049255069842630804, 0.0], "k_pid_vsp": [203.2622251354977, 146.85588801997403, 0.3064057438005178]}, "datetime": {"datetime": "2025-08-13 14:51:33", "elapsed": 18221.315791606903, "delta": 17.03785276412964}, "costs": {"total_cost": 184.84979358261182, "time_cost": 69.71300000000001, "final_distance_cost": 1.8413898747701485, "oscillation_cost": 29.26082665066908, "completition_cost": 0.0, "overshoot_cost": 50.26539544699316, "power_cost": 13.073889416503906, "noise_cost": 20.69529219367553, "n_waypoints_completed": 9, "tot_waypoints": 9}}
{"target": -199.4083556963853, "params": {"k_pid_pos": [1.189355840145769, 0.12297669898370667, 0.057653453460962734], "k_pid_alt": [1.1942413577903859, 0.0, 0.050661261659808554], "k_pid_att": [45.59242814259526, 4.21409105332567, 0.35396340950234756], "k_pid_yaw": [0.5, 1e-06, 0.1], "k_pid_hsp": [0.062253523135493594, 0.010686588502807565, 0.0], "k_pid_vsp": [393.86630814820154, 235.20806750884967, 0.22530494453021085]}, "datetime": {"datetime": "2025-08-13 14:51:52", "elapsed": 18240.16775560379, "delta": 18.851963996887207}, "costs": {"total_cost": 199.4083556963853, "time_cost": 78.393, "final_distance_cost": 1.7915034370042375, "oscillation_cost": 30.164363517448376, "completition_cost": 0.0, "overshoot_cost": 52.29280738190936, "power_cost": 14.555805126953127, "noise_cost": 22.210876233070213, "n_waypoints_completed": 9, "tot_waypoints": 9}}
{"target": -185.8215700297915, "params": {"k_pid_pos": [1.0517125710792625, 0.01906329871527951, 0.0], "k_pid_alt": [1.9477331652599732, 0.0, 0.01694960449813612], "k_pid_att": [28.133278729858432, 5.429401673012187, 0.4869693188137541], "k_pid_yaw": [0.5, 1e-06, 0.1], "k_pid_hsp": [0.34511865857276214, 0.027421716072795987, 0.0], "k_pid_vsp": [121.20073747885753, 110.08961206969128, 0.9267387810063411]}, "datetime": {"datetime": "2025-08-13 14:52:08", "elapsed": 18256.456170797348, "delta": 16.28841519355774}, "costs": {"total_cost": 185.8215700297915, "time_cost": 68.747, "final_distance_cost": 1.833616804524147, "oscillation_cost": 30.9059164677201, "completition_cost": 0.0, "overshoot_cost": 49.76005339122039, "power_cost": 14.230914428710939, "noise_cost": 20.344068937615926, "n_waypoints_completed": 9, "tot_waypoints": 9}}
{"target": -187.72723139813692, "params": {"k_pid_pos": [0.7004752423927924, 0.06285341978179128, 0.28059164502446166], "k_pid_alt": [1.0432558474672882, 0.0, 0.016672955296917192], "k_pid_att": [21.521208448921186, 3.2851457753310362, 1.0], "k_pid_yaw": [0.5, 1e-06, 0.1], "k_pid_hsp": [0.08542593381676161, 0.029686240585425034, 0.0], "k_pid_vsp": [269.63434486671844, 132.98796555480052, 0.2936078575597076]}, "datetime": {"datetime": "2025-08-13 14:52:27", "elapsed": 18275.040434122086, "delta": 18.58426332473755}, "costs": {"total_cost": 187.72723139813692, "time_cost": 78.092, "final_distance_cost": 1.8455402319695462, "oscillation_cost": 26.143352739048005, "completition_cost": 0.0, "overshoot_cost": 50.37120737590152, "power_cost": 9.940724169921875, "noise_cost": 21.334406881295973, "n_waypoints_completed": 9, "tot_waypoints": 9}}
{"target": -189.16553242006717, "params": {"k_pid_pos": [0.9652071125959809, 0.09250488315763833, 0.0661358200393856], "k_pid_alt": [2.0, 0.0, 0.01896411174342362], "k_pid_att": [50.94869192000627, 3.71698065281428, 0.4715008097333521], "k_pid_yaw": [0.5, 1e-06, 0.1], "k_pid_hsp": [0.31879764577548997, 0.033779834300547394, 0.0], "k_pid_vsp": [192.71251896315937, 144.93867932574628, 0.19815620858092875]}, "datetime": {"datetime": "2025-08-13 14:52:43", "elapsed": 18291.64767551422, "delta": 16.60724139213562}, "costs": {"total_cost": 189.16553242006717, "time_cost": 69.44, "final_distance_cost": 1.8314495894752993, "oscillation_cost": 29.4296503479177, "completition_cost": 0.0, "overshoot_cost": 50.13827458024038, "power_cost": 16.918040344238282, "noise_cost": 21.408117558195535, "n_waypoints_completed": 9, "tot_waypoints": 9}}
{"target": -192.84213423755727, "params": {"k_pid_pos": [1.2315815536817663, 0.08714608453277385, 0.36303108599365735], "k_pid_alt": [1.7237148029310507, 0.0, 0.04026920686319022], "k_pid_att": [32.749603917832125, 4.31412036829287, 0.7067263552835108], "k_pid_yaw": [0.5, 1e-06, 0.1], "k_pid_hsp": [0.7263457803188876, 0.032582877658362264, 0.0], "k_pid_vsp": [249.91985437560075, 100.93225201753171, 0.43319071595045316]}, "datetime": {"datetime": "2025-08-13 14:53:00", "elapsed": 18308.29264974594, "delta": 16.64497423171997}, "costs": {"total_cost": 192.84213423755727, "time_cost": 70.007, "final_distance_cost": 1.8357351521316625, "oscillation_cost": 30.435289234866424, "completition_cost": 0.0, "overshoot_cost": 51.201397347867655, "power_cost": 17.450909680175783, "noise_cost": 21.911802822515728, "n_waypoints_completed": 9, "tot_waypoints": 9}}
{"target": -206.04844163813715, "params": {"k_pid_pos": [0.8119391223271283, 0.10975470850326781, 0.357747452493816], "k_pid_alt": [1.7274594668080236, 0.0, 0.035197703706670615], "k_pid_att": [14.289783322205961, 3.596667620443044, 0.2841500402653054], "k_pid_yaw": [0.5, 1e-06, 0.1], "k_pid_hsp": [0.1816990463512674, 0.022450009988151717, 0.0], "k_pid_vsp": [328.88028127234514, 1e-06, 0.3038026995161854]}, "datetime": {"datetime": "2025-08-13 14:53:18", "elapsed": 18326.352209329605, "delta": 18.05955958366394}, "costs": {"total_cost": 206.04844163813715, "time_cost": 73.927, "final_distance_cost": 1.8422841766474467, "oscillation_cost": 26.98656860469241, "completition_cost": 0.0, "overshoot_cost": 52.319092881603694, "power_cost": 23.23461267089844, "noise_cost": 27.738883304295165, "n_waypoints_completed": 9, "tot_waypoints": 9}}
{"target": -186.9279230812333, "params": {"k_pid_pos": [1.094353054363624, 0.057373402451169085, 0.21215788801787108], "k_pid_alt": [0.7369247722865669, 0.0, 0.028791734157703936], "k_pid_att": [33.43515877710217, 6.142602582482103, 0.370819574365801], "k_pid_yaw": [0.5, 1e-06, 0.1], "k_pid_hsp": [0.4596144848424059, 0.031842253914045715, 0.0], "k_pid_vsp": [206.08179539920192, 173.12893522265722, 0.21070140231194087]}, "datetime": {"datetime": "2025-08-13 14:53:36", "elapsed": 18344.217781305313, "delta": 17.865571975708008}, "costs": {"total_cost": 186.9279230812333, "time_cost": 71.778, "final_distance_cost": 1.8465626315325363, "oscillation_cost": 30.40924050290566, "completition_cost": 0.0, "overshoot_cost": 49.82690183380637, "power_cost": 12.516010424804689, "noise_cost": 20.55120768818408, "n_waypoints_completed": 9, "tot_waypoints": 9}}
{"target": -183.74346778575756, "params": {"k_pid_pos": [0.9205693028224399, 0.09558504364706662, 0.18199229809757092], "k_pid_alt": [2.0, 0.0, 0.05113608511460099], "k_pid_att": [26.27194182813906, 5.052772703259622, 0.9481009808061286], "k_pid_yaw": [0.5, 1e-06, 0.1], "k_pid_hsp": [0.5507677689122189, 0.028943157679260634, 0.0], "k_pid_vsp": [262.0080609776522, 129.56947362308435, 0.3221026444308784]}, "datetime": {"datetime": "2025-08-13 14:53:53", "elapsed": 18361.42090368271, "delta": 17.20312237739563}, "costs": {"total_cost": 183.74346778575756, "time_cost": 70.154, "final_distance_cost": 1.8294114487558801, "oscillation_cost": 28.3457381695838, "completition_cost": 0.0, "overshoot_cost": 50.71786699188178, "power_cost": 12.1549564453125, "noise_cost": 20.54149473022359, "n_waypoints_completed": 9, "tot_waypoints": 9}}
{"target": -187.12364425283664, "params": {"k_pid_pos": [1.1978408604371567, 0.08619485353862048, 0.4638411937211074], "k_pid_alt": [0.847784610685811, 0.0, 0.05059930428525913], "k_pid_att": [28.25195364171745, 3.774696345432154, 0.8828230917545902], "k_pid_yaw": [0.5, 1e-06, 0.1], "k_pid_hsp": [0.11557061212202756, 0.031051767845804535, 0.0], "k_pid_vsp": [183.2848861939758, 167.4940615796722, 0.3516318964353304]}, "datetime": {"datetime": "2025-08-13 14:54:10", "elapsed": 18378.934735536575, "delta": 17.513831853866577}, "costs": {"total_cost": 187.12364425283664, "time_cost": 71.848, "final_distance_cost": 1.8399941218636309, "oscillation_cost": 29.925246029575444, "completition_cost": 0.0, "overshoot_cost": 50.098061441100135, "power_cost": 12.890279797363283, "noise_cost": 20.522062862934142, "n_waypoints_completed": 9, "tot_waypoints": 9}}
{"target": -238.71661585204973, "params": {"k_pid_pos": [1.552779162839857, 0.07214487791021473, 0.18470158935474115], "k_pid_alt": [0.2928197273070639, 0.0, 0.01968987972010102], "k_pid_att": [29.070038679465767, 2.8460899585766106, 0.0], "k_pid_yaw": [0.5, 1e-06, 0.1], "k_pid_hsp": [0.4072248741870754, 0.029991326086961864, 0.0], "k_pid_vsp": [349.4092030288987, 142.93834442206804, 0.35392641430470073]}, "datetime": {"datetime": "2025-08-13 14:54:34", "elapsed": 18402.33708500862, "delta": 23.4023494720459}, "costs": {"total_cost": 238.71661585204973, "time_cost": 95.34700000000001, "final_distance_cost": 1.8617831108953053, "oscillation_cost": 46.05415986520093, "completition_cost": 0.0, "overshoot_cost": 52.01568608275491, "power_cost": 16.677952319335937, "noise_cost": 26.760034473862653, "n_waypoints_completed": 9, "tot_waypoints": 9}}
{"target": -185.70141042656104, "params": {"k_pid_pos": [0.8514209214755892, 0.08047223594199726, 0.2559844631828431], "k_pid_alt": [1.9990995453084703, 0.0, 0.046948855717327174], "k_pid_att": [61.62345622700161, 9.197325617645848, 0.7599393291633402], "k_pid_yaw": [0.5, 1e-06, 0.1], "k_pid_hsp": [0.3760770178366541, 0.016040483588092857, 0.0], "k_pid_vsp": [239.43341163613582, 111.88197995055076, 0.37033470828682996]}, "datetime": {"datetime": "2025-08-13 14:54:51", "elapsed": 18419.65156674385, "delta": 17.314481735229492}, "costs": {"total_cost": 185.70141042656104, "time_cost": 71.281, "final_distance_cost": 1.8418326462894732, "oscillation_cost": 26.429734463642546, "completition_cost": 0.0, "overshoot_cost": 50.84440170607864, "power_cost": 13.705806066894532, "noise_cost": 21.598635543655845, "n_waypoints_completed": 9, "tot_waypoints": 9}}
{"target": -181.56111952015453, "params": {"k_pid_pos": [1.115817603402111, 0.03832460464022212, 0.34795859938006873], "k_pid_alt": [1.6973558600092424, 0.0, 0.019931768345467917], "k_pid_att": [27.767126657812412, 5.814631425171829, 0.7497153057357546], "k_pid_yaw": [0.5, 1e-06, 0.1], "k_pid_hsp": [0.30988169425622275, 0.04307419400784376, 0.0], "k_pid_vsp": [181.3534689678862, 130.88263550706355, 0.3872605885780184]}, "datetime": {"datetime": "2025-08-13 14:55:08", "elapsed": 18436.548054218292, "delta": 16.89648747444153}, "costs": {"total_cost": 181.56111952015453, "time_cost": 69.153, "final_distance_cost": 1.842241466403326, "oscillation_cost": 28.8324096171267, "completition_cost": 0.0, "overshoot_cost": 49.69600816520988, "power_cost": 11.908573315429688, "noise_cost": 20.128886955984946, "n_waypoints_completed": 9, "tot_waypoints": 9}}
{"target": -186.7206448050856, "params": {"k_pid_pos": [0.8961068468320083, 0.06026079978573692, 0.1882697233371925], "k_pid_alt": [1.8149465561953928, 1.1408512381612936e-05, 0.05703304088015787], "k_pid_att": [33.60218797043277, 6.355813596319229, 0.7530537722492149], "k_pid_yaw": [0.5, 1e-06, 0.1], "k_pid_hsp": [0.4175471936202515, 0.02788266177487826, 0.0], "k_pid_vsp": [80.44255028492383, 155.73509369212908, 0.37421740264147374]}, "datetime": {"datetime": "2025-08-13 14:55:25", "elapsed": 18453.392129182816, "delta": 16.844074964523315}, "costs": {"total_cost": 186.7206448050856, "time_cost": 70.035, "final_distance_cost": 1.8446833791194543, "oscillation_cost": 27.893203389343395, "completition_cost": 0.0, "overshoot_cost": 50.202217291410946, "power_cost": 15.341983312988281, "noise_cost": 21.40355743222355, "n_waypoints_completed": 9, "tot_waypoints": 9}}
