{"target": -184.87566460646252, "params": {"k_pid_pos": [0.7433682116198551, 0.04820299407524537, 0.2746080164037927], "k_pid_alt": [1.664967600550334, 0.0, 0.030810925638992116], "k_pid_att": [11.204268615840066, 3.1483670846914156, 0.5780101660626437], "k_pid_yaw": [0.5, 1e-06, 0.1], "k_pid_hsp": [0.20499424303068323, 0.012723125342980215, 0.0], "k_pid_vsp": [333.5922894647459, 138.23062932500906, 0.16905305850503297]}, "datetime": {"datetime": "2025-08-13 21:25:50", "elapsed": 41878.619052648544, "delta": 20.013653993606567}, "costs": {"total_cost": 184.87566460646252, "time_cost": 72.786, "final_distance_cost": 1.8452865569690358, "oscillation_cost": 26.162339252992002, "completition_cost": 0.0, "overshoot_cost": 50.46929963425438, "power_cost": 12.286156640625, "noise_cost": 21.32658252162214, "n_waypoints_completed": 9, "tot_waypoints": 9}}
{"target": -186.37208620440703, "params": {"k_pid_pos": [0.9917905410419108, 0.05693780199664165, 0.20308734800602193], "k_pid_alt": [1.2357292871828578, 0.0, 0.02470346211297331], "k_pid_att": [11.046364721637827, 5.057573872499201, 0.5934081271674085], "k_pid_yaw": [0.5, 1e-06, 0.1], "k_pid_hsp": [0.21424421665823704, 0.015361078994956631, 0.0], "k_pid_vsp": [262.64932677597193, 110.82653419115017, 0.14993740893145693]}, "datetime": {"datetime": "2025-08-13 21:26:08", "elapsed": 41896.683849811554, "delta": 18.064797163009644}, "costs": {"total_cost": 186.37208620440703, "time_cost": 69.727, "final_distance_cost": 1.8248859659033232, "oscillation_cost": 28.54963614075166, "completition_cost": 0.0, "overshoot_cost": 50.074484887377004, "power_cost": 15.198558203125001, "noise_cost": 20.99752100725003, "n_waypoints_completed": 9, "tot_waypoints": 9}}
{"target": -189.41661539667294, "params": {"k_pid_pos": [0.8415026334556943, 0.049935640025773775, 0.2659228618375807], "k_pid_alt": [1.2391402389747832, 0.0, 0.027016441336693325], "k_pid_att": [9.045483907175438, 3.7145007383664215, 0.68430208603877], "k_pid_yaw": [0.5, 1e-06, 0.1], "k_pid_hsp": [0.2237310242195939, 0.010538508473168446, 0.0], "k_pid_vsp": [335.2593987743919, 120.55386747619279, 0.15420222713707998]}, "datetime": {"datetime": "2025-08-13 21:26:25", "elapsed": 41913.74458003044, "delta": 17.06073021888733}, "costs": {"total_cost": 189.41661539667294, "time_cost": 71.715, "final_distance_cost": 1.8457987986294453, "oscillation_cost": 26.702305139806647, "completition_cost": 0.0, "overshoot_cost": 50.75178556983401, "power_cost": 16.276523461914064, "noise_cost": 22.125202426488745, "n_waypoints_completed": 9, "tot_waypoints": 9}}
{"target": -182.73097212397465, "params": {"k_pid_pos": [0.930114382863382, 0.0526208515009797, 0.3315989944286088], "k_pid_alt": [1.0469479982499728, 0.0, 0.02575208932468569], "k_pid_att": [11.036941506792637, 3.643749679548403, 0.600384552197513], "k_pid_yaw": [0.5, 1e-06, 0.1], "k_pid_hsp": [0.19055285279922982, 0.01400973763403729, 0.0], "k_pid_vsp": [281.4689422822177, 139.7095612711564, 0.187966341648083]}, "datetime": {"datetime": "2025-08-13 21:26:44", "elapsed": 41932.21573328972, "delta": 18.471153259277344}, "costs": {"total_cost": 182.73097212397465, "time_cost": 71.197, "final_distance_cost": 1.8364417493554408, "oscillation_cost": 27.05643746072096, "completition_cost": 0.0, "overshoot_cost": 50.23711817983548, "power_cost": 11.971179113769532, "noise_cost": 20.43279562029325, "n_waypoints_completed": 9, "tot_waypoints": 9}}
{"target": -186.29027262162322, "params": {"k_pid_pos": [1.0163663110514252, 0.04432689399577788, 0.35000072213537914], "k_pid_alt": [1.1268966610019167, 0.0, 0.024901439580198113], "k_pid_att": [9.819007707856295, 3.7575991670739577, 0.5721674696577135], "k_pid_yaw": [0.5, 1e-06, 0.1], "k_pid_hsp": [0.2016766205267707, 0.016521886081264637, 0.0], "k_pid_vsp": [328.78853462904505, 141.397157668806, 0.1285463198425851]}, "datetime": {"datetime": "2025-08-13 21:27:00", "elapsed": 41948.72729539871, "delta": 16.51156210899353}, "costs": {"total_cost": 186.29027262162322, "time_cost": 70.336, "final_distance_cost": 1.8488670011366262, "oscillation_cost": 28.208914707384476, "completition_cost": 0.0, "overshoot_cost": 50.01383922657726, "power_cost": 14.795712768554688, "noise_cost": 21.086938917970187, "n_waypoints_completed": 9, "tot_waypoints": 9}}
{"target": -188.03642844323048, "params": {"k_pid_pos": [1.0191590534315664, 0.044555876102608916, 0.3077852537214982], "k_pid_alt": [1.5413671627487198, 0.0, 0.015086942172680626], "k_pid_att": [13.016962496306682, 4.368123537979657, 0.5180373552704376], "k_pid_yaw": [0.5, 1e-06, 0.1], "k_pid_hsp": [0.14497448630429474, 0.012006777401614042, 0.0], "k_pid_vsp": [288.4432337496856, 134.1843740725117, 0.19282445472366253]}, "datetime": {"datetime": "2025-08-13 21:27:18", "elapsed": 41966.14978647232, "delta": 17.4224910736084}, "costs": {"total_cost": 188.03642844323048, "time_cost": 70.238, "final_distance_cost": 1.8285005938729555, "oscillation_cost": 26.882468106394427, "completition_cost": 0.0, "overshoot_cost": 50.75855374249119, "power_cost": 16.78404676513672, "noise_cost": 21.544859235335203, "n_waypoints_completed": 9, "tot_waypoints": 9}}
{"target": -188.77031560410148, "params": {"k_pid_pos": [1.0007571875494692, 0.057387074259638356, 0.28875917632707043], "k_pid_alt": [1.026280679039415, 0.0, 0.025136742188223204], "k_pid_att": [9.547536582342866, 4.006749860401643, 0.6273936667996769], "k_pid_yaw": [0.5, 1e-06, 0.1], "k_pid_hsp": [0.22198120126555435, 0.01297576024037226, 0.0], "k_pid_vsp": [281.8705040621953, 120.64335411285123, 0.18398214693959192]}, "datetime": {"datetime": "2025-08-13 21:27:35", "elapsed": 41983.800203084946, "delta": 17.650416612625122}, "costs": {"total_cost": 188.77031560410148, "time_cost": 70.84700000000001, "final_distance_cost": 1.8430896686785379, "oscillation_cost": 28.342024177129254, "completition_cost": 0.0, "overshoot_cost": 50.13811213131385, "power_cost": 16.135688537597655, "noise_cost": 21.464401089382207, "n_waypoints_completed": 9, "tot_waypoints": 9}}
{"target": -188.95201590515398, "params": {"k_pid_pos": [0.7589441286854024, 0.05408177266161424, 0.32208017195286104], "k_pid_alt": [1.4541081487150536, 0.0, 0.01997924063539634], "k_pid_att": [10.917185008949387, 3.111219912082806, 0.7231764779714244], "k_pid_yaw": [0.5, 1e-06, 0.1], "k_pid_hsp": [0.17642719935558784, 0.01619518404421769, 0.0], "k_pid_vsp": [308.8744409217982, 106.51845942704294, 0.1525525131172178]}, "datetime": {"datetime": "2025-08-13 21:27:52", "elapsed": 42000.96178507805, "delta": 17.161581993103027}, "costs": {"total_cost": 188.95201590515398, "time_cost": 73.115, "final_distance_cost": 1.84441906567126, "oscillation_cost": 26.26630106851232, "completition_cost": 0.0, "overshoot_cost": 50.87492631135829, "power_cost": 14.824030334472656, "noise_cost": 22.027339125139466, "n_waypoints_completed": 9, "tot_waypoints": 9}}
{"target": -179.91292653703175, "params": {"k_pid_pos": [1.1804129246806394, 0.05076144985393386, 0.3075575966191814], "k_pid_alt": [1.5635173109730234, 0.0, 0.020954527410988095], "k_pid_att": [10.689909744472955, 3.5295279120751304, 0.6023214853542863], "k_pid_yaw": [0.5, 1e-06, 0.1], "k_pid_hsp": [0.1561322201617781, 0.011598969415619864, 0.0], "k_pid_vsp": [331.63062909089325, 114.97772432148422, 0.19181632802659346]}, "datetime": {"datetime": "2025-08-13 21:28:10", "elapsed": 42018.183572769165, "delta": 17.221787691116333}, "costs": {"total_cost": 179.91292653703175, "time_cost": 68.852, "final_distance_cost": 1.8328976490079203, "oscillation_cost": 28.760764343755312, "completition_cost": 0.0, "overshoot_cost": 49.87494448655899, "power_cost": 11.033496240234376, "noise_cost": 19.558823817475155, "n_waypoints_completed": 9, "tot_waypoints": 9}}
{"target": -192.16087600408753, "params": {"k_pid_pos": [1.361025036521329, 0.056356875726067485, 0.32694332114234825], "k_pid_alt": [1.2325409950730293, 0.0, 0.01967488543206057], "k_pid_att": [11.779264782886104, 3.246338307608726, 0.6608993957212163], "k_pid_yaw": [0.5, 1e-06, 0.1], "k_pid_hsp": [0.15465846626812318, 0.013406158453671102, 0.0], "k_pid_vsp": [230.7014263589433, 134.2344959170258, 0.18946157610440184]}, "datetime": {"datetime": "2025-08-13 21:28:26", "elapsed": 42034.650351047516, "delta": 16.46677827835083}, "costs": {"total_cost": 192.16087600408753, "time_cost": 69.748, "final_distance_cost": 1.82486768067072, "oscillation_cost": 29.876340396296392, "completition_cost": 0.0, "overshoot_cost": 50.493493224001895, "power_cost": 18.731609008789064, "noise_cost": 21.48656569432945, "n_waypoints_completed": 9, "tot_waypoints": 9}}
{"target": -189.39742796077223, "params": {"k_pid_pos": [0.6921629903168705, 0.05845451261085979, 0.2835731716110819], "k_pid_alt": [1.3313432084792103, 0.0, 0.029027916893081096], "k_pid_att": [11.863656443838465, 4.218285104035424, 0.6437235753344316], "k_pid_yaw": [0.5, 1e-06, 0.1], "k_pid_hsp": [0.198828840449185, 0.012955778977925091, 0.0], "k_pid_vsp": [318.49607770001734, 111.48895397708304, 0.15090032236900783]}, "datetime": {"datetime": "2025-08-13 21:28:45", "elapsed": 42053.43451333046, "delta": 18.784162282943726}, "costs": {"total_cost": 189.39742796077223, "time_cost": 74.452, "final_distance_cost": 1.8417967237108825, "oscillation_cost": 26.024060513796886, "completition_cost": 0.0, "overshoot_cost": 51.20042630082636, "power_cost": 13.528314221191406, "noise_cost": 22.35083020124671, "n_waypoints_completed": 9, "tot_waypoints": 9}}
{"target": -191.66335428297072, "params": {"k_pid_pos": [0.8652031538858219, 0.06053907420850948, 0.2884317546930923], "k_pid_alt": [1.6946469227807637, 0.0, 0.021731816775818553], "k_pid_att": [9.132360909774974, 3.7259171701732607, 0.6130606863541973], "k_pid_yaw": [0.5, 1e-06, 0.1], "k_pid_hsp": [0.238226490322325, 0.013037251727835222, 0.0], "k_pid_vsp": [382.6943782850761, 99.89185087560774, 0.17806442537763637]}, "datetime": {"datetime": "2025-08-13 21:29:02", "elapsed": 42070.110889196396, "delta": 16.67637586593628}, "costs": {"total_cost": 191.66335428297072, "time_cost": 71.575, "final_distance_cost": 1.8408791393671613, "oscillation_cost": 26.93628608336773, "completition_cost": 0.0, "overshoot_cost": 50.975416995006675, "power_cost": 17.792554406738283, "noise_cost": 22.54321765849089, "n_waypoints_completed": 9, "tot_waypoints": 9}}
{"target": -188.26319976134266, "params": {"k_pid_pos": [1.0981783730474877, 0.06318476123767257, 0.29067955620005975], "k_pid_alt": [1.7475438614529628, 0.0, 0.03017008474074979], "k_pid_att": [10.241327624162308, 4.056087475172549, 0.6858869589896126], "k_pid_yaw": [0.5, 1e-06, 0.1], "k_pid_hsp": [0.19834526411949202, 0.013539569755702219, 0.0], "k_pid_vsp": [323.0235032592488, 84.45009368412936, 0.1346244945073605]}, "datetime": {"datetime": "2025-08-13 21:29:19", "elapsed": 42087.93406391144, "delta": 17.823174715042114}, "costs": {"total_cost": 188.26319976134266, "time_cost": 69.664, "final_distance_cost": 1.829362701016644, "oscillation_cost": 28.559350157540326, "completition_cost": 0.0, "overshoot_cost": 50.42772670886811, "power_cost": 16.013200720214844, "noise_cost": 21.769559473702724, "n_waypoints_completed": 9, "tot_waypoints": 9}}
{"target": -182.62796958997302, "params": {"k_pid_pos": [0.7509968725226898, 0.053686541703791835, 0.3318910449816885], "k_pid_alt": [1.529191493827408, 0.0, 0.023809214198325674], "k_pid_att": [11.751702887655865, 3.7971116638031197, 0.601940546405751], "k_pid_yaw": [0.5, 1e-06, 0.1], "k_pid_hsp": [0.21842155347427272, 0.012083863265568517, 0.0], "k_pid_vsp": [281.6346110237469, 139.5475467252497, 0.15027205008032787]}, "datetime": {"datetime": "2025-08-13 21:29:37", "elapsed": 42105.39551949501, "delta": 17.461455583572388}, "costs": {"total_cost": 182.62796958997302, "time_cost": 73.801, "final_distance_cost": 1.8397909804557304, "oscillation_cost": 26.120444574713712, "completition_cost": 0.0, "overshoot_cost": 51.01104938761304, "power_cost": 9.316245666503907, "noise_cost": 20.53943898068661, "n_waypoints_completed": 9, "tot_waypoints": 9}}
{"target": -182.96812261946175, "params": {"k_pid_pos": [0.8848551301199782, 0.047035844454061206, 0.30740258839769224], "k_pid_alt": [1.3633098130195596, 0.0, 0.02996765514747043], "k_pid_att": [10.06945339262291, 4.355265289408194, 0.7222181343566283], "k_pid_yaw": [0.5, 1e-06, 0.1], "k_pid_hsp": [0.180959530503185, 0.01538961581518364, 0.0], "k_pid_vsp": [306.95345506149476, 110.47266490017012, 0.13015571510106513]}, "datetime": {"datetime": "2025-08-13 21:29:55", "elapsed": 42123.272367715836, "delta": 17.876848220825195}, "costs": {"total_cost": 182.96812261946175, "time_cost": 70.798, "final_distance_cost": 1.8357647642074082, "oscillation_cost": 27.13832047169897, "completition_cost": 0.0, "overshoot_cost": 50.119781032803104, "power_cost": 12.466852075195312, "noise_cost": 20.609404275556955, "n_waypoints_completed": 9, "tot_waypoints": 9}}
{"target": -183.31277576074544, "params": {"k_pid_pos": [1.1270040650256599, 0.05911276493680203, 0.3570225587890399], "k_pid_alt": [1.3292018985513545, 0.0, 0.023309794871343447], "k_pid_att": [8.394769033737214, 3.4632639587985032, 0.5979790387518547], "k_pid_yaw": [0.5, 1e-06, 0.1], "k_pid_hsp": [0.24603417658546026, 0.014659140556626501, 0.0], "k_pid_vsp": [261.61999101379706, 108.77338983260329, 0.13553856586195046]}, "datetime": {"datetime": "2025-08-13 21:30:11", "elapsed": 42139.592401981354, "delta": 16.32003426551819}, "costs": {"total_cost": 183.31277576074544, "time_cost": 69.3, "final_distance_cost": 1.8315483551426883, "oscillation_cost": 29.387048638084085, "completition_cost": 0.0, "overshoot_cost": 49.94552191675384, "power_cost": 12.559121105957033, "noise_cost": 20.289535744807814, "n_waypoints_completed": 9, "tot_waypoints": 9}}
{"target": -178.24626914236288, "params": {"k_pid_pos": [0.8487151021262674, 0.04452245315730723, 0.3170259792981461], "k_pid_alt": [1.510254605989138, 0.0, 0.02700168485940423], "k_pid_att": [11.111888776536375, 4.215341150491245, 0.5693135944708733], "k_pid_yaw": [0.5, 1e-06, 0.1], "k_pid_hsp": [0.1866924020861608, 0.017097269815312375, 0.0], "k_pid_vsp": [260.27718542593624, 120.89026638999233, 0.1739226094886346]}, "datetime": {"datetime": "2025-08-13 21:30:28", "elapsed": 42156.957305431366, "delta": 17.364903450012207}, "costs": {"total_cost": 178.24626914236288, "time_cost": 71.302, "final_distance_cost": 1.8435197139798134, "oscillation_cost": 26.88872760532168, "completition_cost": 0.0, "overshoot_cost": 49.69289011110781, "power_cost": 8.966083422851563, "noise_cost": 19.553048289102, "n_waypoints_completed": 9, "tot_waypoints": 9}}
{"target": -186.50704547521644, "params": {"k_pid_pos": [0.8362780203028307, 0.038649630002555085, 0.2299560060040724], "k_pid_alt": [1.6636549240409986, 0.0, 0.02949112127629061], "k_pid_att": [7.77532853078998, 5.1808923366773305, 0.557058654506815], "k_pid_yaw": [0.5, 1e-06, 0.1], "k_pid_hsp": [0.2273029912766854, 0.013073443714167453, 0.0], "k_pid_vsp": [365.8571956935025, 139.9307681627113, 0.179386741972032]}, "datetime": {"datetime": "2025-08-13 21:30:45", "elapsed": 42173.74249625206, "delta": 16.78519082069397}, "costs": {"total_cost": 186.50704547521644, "time_cost": 70.581, "final_distance_cost": 1.8451819062688615, "oscillation_cost": 27.60053669092555, "completition_cost": 0.0, "overshoot_cost": 50.22990508416383, "power_cost": 14.698252465820314, "noise_cost": 21.552169328037913, "n_waypoints_completed": 9, "tot_waypoints": 9}}
{"target": -181.8212774717943, "params": {"k_pid_pos": [1.030677604240525, 0.06967318660491664, 0.2363606510374925], "k_pid_alt": [1.577799397880202, 0.0, 0.026222115981460594], "k_pid_att": [11.082439516110144, 2.8019411470514712, 0.6110171660463161], "k_pid_yaw": [0.5, 1e-06, 0.1], "k_pid_hsp": [0.17422434170577447, 0.00906447943422097, 0.0], "k_pid_vsp": [324.70390388317145, 114.81584660295903, 0.14050308296601224]}, "datetime": {"datetime": "2025-08-13 21:31:02", "elapsed": 42190.941519498825, "delta": 17.199023246765137}, "costs": {"total_cost": 181.8212774717943, "time_cost": 69.293, "final_distance_cost": 1.8296216300116255, "oscillation_cost": 27.466671487132317, "completition_cost": 0.0, "overshoot_cost": 50.14852762573741, "power_cost": 12.795813317871094, "noise_cost": 20.287643411041884, "n_waypoints_completed": 9, "tot_waypoints": 9}}
{"target": -187.77337815417076, "params": {"k_pid_pos": [0.936977175268142, 0.06176664581693853, 0.33164085105599206], "k_pid_alt": [1.3440384238275624, 0.0, 0.029368859088673944], "k_pid_att": [9.840937163738003, 3.9325612088503643, 0.5580542960261659], "k_pid_yaw": [0.5, 1e-06, 0.1], "k_pid_hsp": [0.23140744835654936, 0.014635843130059048, 0.0], "k_pid_vsp": [307.89674911252865, 145.8536650368441, 0.16673718173237653]}, "datetime": {"datetime": "2025-08-13 21:31:20", "elapsed": 42208.4670855999, "delta": 17.52556610107422}, "costs": {"total_cost": 187.77337815417076, "time_cost": 70.749, "final_distance_cost": 1.837844288795936, "oscillation_cost": 27.074058644326925, "completition_cost": 0.0, "overshoot_cost": 50.59496680477349, "power_cost": 15.829395617675782, "noise_cost": 21.68811279859863, "n_waypoints_completed": 9, "tot_waypoints": 9}}
{"target": -195.66714569836725, "params": {"k_pid_pos": [0.6301936058392954, 0.05856798204389265, 0.2846432782378083], "k_pid_alt": [1.1962892529455982, 0.0, 0.028614875526989495], "k_pid_att": [11.883154288430056, 4.457078026740105, 0.7305612356577084], "k_pid_yaw": [0.5, 1e-06, 0.1], "k_pid_hsp": [0.17517438821572975, 0.01683679733527571, 0.0], "k_pid_vsp": [341.0310317098131, 105.31607876214484, 0.15808329575471045]}, "datetime": {"datetime": "2025-08-13 21:31:40", "elapsed": 42228.17890405655, "delta": 19.71181845664978}, "costs": {"total_cost": 195.66714569836725, "time_cost": 75.887, "final_distance_cost": 1.8490445305660104, "oscillation_cost": 25.708407283068432, "completition_cost": 0.0, "overshoot_cost": 50.88128031741045, "power_cost": 17.42705994873047, "noise_cost": 23.914353618591917, "n_waypoints_completed": 9, "tot_waypoints": 9}}
{"target": -197.67014626999398, "params": {"k_pid_pos": [0.7761613820571344, 0.05110963531778889, 0.3403051134239783], "k_pid_alt": [1.7738985434298684, 0.0, 0.025112833900355333], "k_pid_att": [10.851666383599996, 4.260807911674829, 0.681403369886343], "k_pid_yaw": [0.5, 1e-06, 0.1], "k_pid_hsp": [0.20348212175713906, 0.01695794216798369, 0.0], "k_pid_vsp": [246.08692617199463, 98.89650049710717, 0.21088727483097133]}, "datetime": {"datetime": "2025-08-13 21:31:58", "elapsed": 42246.13154268265, "delta": 17.952638626098633}, "costs": {"total_cost": 197.67014626999398, "time_cost": 73.899, "final_distance_cost": 1.8493534106380887, "oscillation_cost": 26.58101930948658, "completition_cost": 0.0, "overshoot_cost": 51.34169667511309, "power_cost": 20.248778283691408, "noise_cost": 23.750298591064816, "n_waypoints_completed": 9, "tot_waypoints": 9}}
{"target": -185.80022484175606, "params": {"k_pid_pos": [1.008134039215243, 0.05189596038109745, 0.33370368367786124], "k_pid_alt": [1.3604791725971734, 0.0, 0.029038954666622405], "k_pid_att": [10.67779282807765, 4.0925387947544065, 0.5568592853690075], "k_pid_yaw": [0.5, 1e-06, 0.1], "k_pid_hsp": [0.2121131052558862, 0.016930616795557265, 0.0], "k_pid_vsp": [300.1506326271097, 106.43262901712573, 0.13361961382235954]}, "datetime": {"datetime": "2025-08-13 21:32:14", "elapsed": 42262.18672204018, "delta": 16.055179357528687}, "costs": {"total_cost": 185.80022484175606, "time_cost": 70.035, "final_distance_cost": 1.8390467777316881, "oscillation_cost": 27.617963063456337, "completition_cost": 0.0, "overshoot_cost": 50.304176929178965, "power_cost": 14.801888439941408, "noise_cost": 21.202149631447696, "n_waypoints_completed": 9, "tot_waypoints": 9}}
{"target": -191.27086332635375, "params": {"k_pid_pos": [0.839180763752604, 0.05156685765203034, 0.2906841333866533], "k_pid_alt": [1.6411625899681666, 0.0, 0.03005672200628584], "k_pid_att": [7.964923329476016, 4.661274549724889, 0.5830703771308284], "k_pid_yaw": [0.5, 1e-06, 0.1], "k_pid_hsp": [0.262199909679818, 0.02037418974149686, 0.0], "k_pid_vsp": [253.65641978747294, 120.64611950424187, 0.19371984798867206]}, "datetime": {"datetime": "2025-08-13 21:32:32", "elapsed": 42280.85929465294, "delta": 18.67257261276245}, "costs": {"total_cost": 191.27086332635375, "time_cost": 71.20400000000001, "final_distance_cost": 1.8421978040720612, "oscillation_cost": 28.517880906142352, "completition_cost": 0.0, "overshoot_cost": 50.416454428374784, "power_cost": 16.911614404296877, "noise_cost": 22.37871578346766, "n_waypoints_completed": 9, "tot_waypoints": 9}}
{"target": -188.10353361138442, "params": {"k_pid_pos": [0.8631859605160637, 0.04958238386015849, 0.2879482310028677], "k_pid_alt": [1.4784857331862842, 0.0, 0.028848574587159448], "k_pid_att": [9.411691586691132, 4.483568559455825, 0.5417881313434324], "k_pid_yaw": [0.5, 1e-06, 0.1], "k_pid_hsp": [0.20064014689528228, 0.013206040444361895, 0.0], "k_pid_vsp": [247.7545914397393, 112.14345413799185, 0.20293335822702066]}, "datetime": {"datetime": "2025-08-13 21:32:49", "elapsed": 42297.43673825264, "delta": 16.577443599700928}, "costs": {"total_cost": 188.10353361138442, "time_cost": 70.96600000000001, "final_distance_cost": 1.8407412206443463, "oscillation_cost": 26.461889770633547, "completition_cost": 0.0, "overshoot_cost": 50.4898567279359, "power_cost": 16.431745471191405, "noise_cost": 21.913300420979237, "n_waypoints_completed": 9, "tot_waypoints": 9}}
