{"target": -187.53810273050763, "params": {"k_pid_pos": [0.9674579785033472, 0.13033834333078165, 0.07516304689322524], "k_pid_alt": [1.9028785884011545, 0.0, 0.021015945681514468], "k_pid_att": [36.48387526162906, 4.254933447092273, 0.4970363892039577], "k_pid_yaw": [0.5, 1e-06, 0.1], "k_pid_hsp": [0.24354636494428208, 0.029541829181876436, 0.0], "k_pid_vsp": [218.88567801184624, 140.57101917741213, 0.648514527298859]}, "datetime": {"datetime": "2025-08-13 14:55:42", "elapsed": 18470.472595453262, "delta": 17.080466270446777}, "costs": {"total_cost": 187.53810273050763, "time_cost": 71.575, "final_distance_cost": 1.8305898076667502, "oscillation_cost": 29.722732131833205, "completition_cost": 0.0, "overshoot_cost": 50.58199518358925, "power_cost": 13.035733154296876, "noise_cost": 20.79205245312155, "n_waypoints_completed": 9, "tot_waypoints": 9}}
{"target": -203.42202912119154, "params": {"k_pid_pos": [1.2114811599604203, 0.08680901988044494, 0.0], "k_pid_alt": [0.9797995018804974, 0.0, 0.052578812476973935], "k_pid_att": [31.336645618861127, 6.0682166310055194, 1.0], "k_pid_yaw": [0.5, 1e-06, 0.1], "k_pid_hsp": [0.31183861096803783, 0.025125304566801565, 0.0], "k_pid_vsp": [170.49868297299824, 119.8291254327582, 0.33490447011970287]}, "datetime": {"datetime": "2025-08-13 14:56:00", "elapsed": 18488.41469311714, "delta": 17.942097663879395}, "costs": {"total_cost": 203.42202912119154, "time_cost": 73.031, "final_distance_cost": 1.8114162852126807, "oscillation_cost": 33.039042795242416, "completition_cost": 0.0, "overshoot_cost": 51.532717473266096, "power_cost": 21.40647869873047, "noise_cost": 22.601373868739884, "n_waypoints_completed": 9, "tot_waypoints": 9}}
{"target": -197.191703524047, "params": {"k_pid_pos": [0.6312897383112235, 0.04141587878903285, 0.3394984395931719], "k_pid_alt": [1.1328559823479667, 0.0, 0.04266249145648107], "k_pid_att": [45.62673242396996, 5.88357639404354, 0.66863476979423], "k_pid_yaw": [0.5, 1e-06, 0.1], "k_pid_hsp": [0.2973398666426889, 0.007225734098418548, 0.0], "k_pid_vsp": [109.68458565881713, 183.93128235060394, 0.25292802166003536]}, "datetime": {"datetime": "2025-08-13 14:56:19", "elapsed": 18507.275245904922, "delta": 18.86055278778076}, "costs": {"total_cost": 197.191703524047, "time_cost": 78.96000000000001, "final_distance_cost": 1.8529903603903906, "oscillation_cost": 25.351589569210983, "completition_cost": 0.0, "overshoot_cost": 51.35368575379594, "power_cost": 15.417659484863282, "noise_cost": 24.255778355786404, "n_waypoints_completed": 9, "tot_waypoints": 9}}
{"target": -250.88463142852828, "params": {"k_pid_pos": [1.044872414459278, 0.09589865666098796, 0.0], "k_pid_alt": [0.21663729490458153, 0.0, 0.033817274306787555], "k_pid_att": [26.66696846384288, 0.0001, 1.0], "k_pid_yaw": [0.5, 1e-06, 0.1], "k_pid_hsp": [0.3716724097915092, 0.04289722253066111, 0.0], "k_pid_vsp": [231.02179051847165, 59.18362262551759, 0.40279846670984193]}, "datetime": {"datetime": "2025-08-13 14:56:46", "elapsed": 18534.661682605743, "delta": 27.386436700820923}, "costs": {"total_cost": 250.88463142852828, "time_cost": 115.325, "final_distance_cost": 1.8621509272600287, "oscillation_cost": 33.79587737973873, "completition_cost": 0.0, "overshoot_cost": 54.19533383118038, "power_cost": 14.936319458007814, "noise_cost": 30.76994983234135, "n_waypoints_completed": 9, "tot_waypoints": 9}}
{"target": -197.12873767768937, "params": {"k_pid_pos": [1.1602063606503938, 0.030418229910755667, 0.515597125607704], "k_pid_alt": [1.7445114314408279, 0.0, 0.05372103517526707], "k_pid_att": [49.356311732687196, 4.572751448712898, 0.8887836764545741], "k_pid_yaw": [0.5, 1e-06, 0.1], "k_pid_hsp": [0.5561483866859068, 0.03583690890576414, 0.0], "k_pid_vsp": [250.89955021768642, 120.95492116553265, 0.3262898357677649]}, "datetime": {"datetime": "2025-08-13 14:57:04", "elapsed": 18552.104912757874, "delta": 17.443230152130127}, "costs": {"total_cost": 197.12873767768937, "time_cost": 72.331, "final_distance_cost": 1.8531848555526191, "oscillation_cost": 28.73027869850044, "completition_cost": 0.0, "overshoot_cost": 51.44857754589175, "power_cost": 19.652518579101564, "noise_cost": 23.113177998643007, "n_waypoints_completed": 9, "tot_waypoints": 9}}
{"target": -183.61405115826696, "params": {"k_pid_pos": [1.8009449902340295, 0.08297316952774131, 0.2889737813312552], "k_pid_alt": [2.0, 0.0, 0.03243211610811125], "k_pid_att": [21.8993508809823, 8.423437747563275, 0.6950878325778514], "k_pid_yaw": [0.5, 1e-06, 0.1], "k_pid_hsp": [0.32715874867543354, 0.05189344038660895, 0.0], "k_pid_vsp": [205.76578593585486, 98.77786207008432, 0.17317130534312705]}, "datetime": {"datetime": "2025-08-13 14:57:20", "elapsed": 18568.338801145554, "delta": 16.233888387680054}, "costs": {"total_cost": 183.61405115826696, "time_cost": 68.047, "final_distance_cost": 1.790839590456415, "oscillation_cost": 34.392114380555824, "completition_cost": 0.0, "overshoot_cost": 49.62994343649223, "power_cost": 10.86154158935547, "noise_cost": 18.89261216140701, "n_waypoints_completed": 9, "tot_waypoints": 9}}
{"target": -196.06011046543796, "params": {"k_pid_pos": [1.0370165263242284, 0.07898021936214239, 0.2568236491147419], "k_pid_alt": [1.0879743871948506, 0.0, 0.030375944069318327], "k_pid_att": [60.5508507342493, 4.603347469658256, 0.4813144858184886], "k_pid_yaw": [0.5, 1e-06, 0.1], "k_pid_hsp": [0.34315389997058454, 0.0016750862712159402, 0.0], "k_pid_vsp": [226.8186404134052, 71.1865991816502, 0.23212501192546853]}, "datetime": {"datetime": "2025-08-13 14:57:37", "elapsed": 18585.51127910614, "delta": 17.172477960586548}, "costs": {"total_cost": 196.06011046543796, "time_cost": 71.84100000000001, "final_distance_cost": 1.8340441130544531, "oscillation_cost": 27.32972158049975, "completition_cost": 0.0, "overshoot_cost": 51.75018940568208, "power_cost": 20.49264970703125, "noise_cost": 22.812505659170434, "n_waypoints_completed": 9, "tot_waypoints": 9}}
{"target": -194.7826157313862, "params": {"k_pid_pos": [0.6125287225275867, 0.10520634155791879, 0.0], "k_pid_alt": [2.0, 0.0, 0.030152983771255387], "k_pid_att": [23.336209839830698, 10.0, 1.0], "k_pid_yaw": [0.5, 1e-06, 0.1], "k_pid_hsp": [0.517954459023329, 0.027990043903824997, 0.0], "k_pid_vsp": [143.9141791293988, 9.681533377544397, 0.23981367164063516]}, "datetime": {"datetime": "2025-08-13 14:57:55", "elapsed": 18603.655960559845, "delta": 18.144681453704834}, "costs": {"total_cost": 194.7826157313862, "time_cost": 74.96300000000001, "final_distance_cost": 1.8327075852861, "oscillation_cost": 27.91674315495247, "completition_cost": 0.0, "overshoot_cost": 52.00983804434248, "power_cost": 14.913769079589844, "noise_cost": 23.146557867215286, "n_waypoints_completed": 9, "tot_waypoints": 9}}
{"target": -193.68630482203378, "params": {"k_pid_pos": [0.8997406337838859, 0.15749044499611983, 0.02179467687955115], "k_pid_alt": [1.0955532763577145, 0.0, 0.040198006852537445], "k_pid_att": [16.827114128522155, 4.550840654008765, 0.5824139825908303], "k_pid_yaw": [0.5, 1e-06, 0.1], "k_pid_hsp": [0.3360629950955092, 0.0, 0.0], "k_pid_vsp": [154.8264834873314, 92.07311563476226, 0.2943352858730375]}, "datetime": {"datetime": "2025-08-13 14:58:12", "elapsed": 18620.73556661606, "delta": 17.07960605621338}, "costs": {"total_cost": 193.68630482203378, "time_cost": 71.589, "final_distance_cost": 1.811358169324167, "oscillation_cost": 28.762409420383086, "completition_cost": 0.0, "overshoot_cost": 51.28221797104901, "power_cost": 18.027642211914063, "noise_cost": 22.213677049363433, "n_waypoints_completed": 9, "tot_waypoints": 9}}
{"target": -184.21262033660784, "params": {"k_pid_pos": [1.4236375820673282, 0.10116403897541876, 0.018218790004444263], "k_pid_alt": [1.4462174062931041, 0.0, 0.0437372558299323], "k_pid_att": [35.276065877086644, 4.922203806438682, 0.7280847961366811], "k_pid_yaw": [0.5, 1e-06, 0.1], "k_pid_hsp": [0.36877727355535944, 0.021425408435570132, 0.0], "k_pid_vsp": [293.4718880631547, 93.47299152648681, 0.2280441611068993]}, "datetime": {"datetime": "2025-08-13 14:58:29", "elapsed": 18637.576415777206, "delta": 16.84084916114807}, "costs": {"total_cost": 184.21262033660784, "time_cost": 68.642, "final_distance_cost": 1.8106156972433076, "oscillation_cost": 32.75579937016774, "completition_cost": 0.0, "overshoot_cost": 49.9921739195528, "power_cost": 11.51471728515625, "noise_cost": 19.497314064487746, "n_waypoints_completed": 9, "tot_waypoints": 9}}
{"target": -184.7589767711849, "params": {"k_pid_pos": [0.861615667707717, 0.07952704546659813, 0.25625754041674154], "k_pid_alt": [1.8442432929712957, 0.0, 0.04735795408548626], "k_pid_att": [21.93955714994006, 2.663759296368587, 0.9006745971099085], "k_pid_yaw": [0.5, 1e-06, 0.1], "k_pid_hsp": [0.43499556610410134, 0.02533740189505922, 0.0], "k_pid_vsp": [245.29338143114708, 53.052487782485116, 0.39091263152015915]}, "datetime": {"datetime": "2025-08-13 14:58:46", "elapsed": 18654.676651000977, "delta": 17.10023522377014}, "costs": {"total_cost": 184.7589767711849, "time_cost": 71.372, "final_distance_cost": 1.8413840593175104, "oscillation_cost": 26.531909430751313, "completition_cost": 0.0, "overshoot_cost": 50.70558518558242, "power_cost": 13.002379724121095, "noise_cost": 21.305718371412578, "n_waypoints_completed": 9, "tot_waypoints": 9}}
{"target": -190.154568095567, "params": {"k_pid_pos": [1.200928805407792, 0.03907191946304123, 0.25452279554299895], "k_pid_alt": [0.8082040382642717, 0.0, 0.028425512138481195], "k_pid_att": [34.732640562927806, 3.282884983106373, 0.5019669001274899], "k_pid_yaw": [0.5, 1e-06, 0.1], "k_pid_hsp": [0.21460444215800326, 0.018532020286593568, 0.0], "k_pid_vsp": [231.89653762849878, 89.90506009828356, 0.20232177963495315]}, "datetime": {"datetime": "2025-08-13 14:59:03", "elapsed": 18671.92337369919, "delta": 17.24672269821167}, "costs": {"total_cost": 190.154568095567, "time_cost": 71.001, "final_distance_cost": 1.8369004059697538, "oscillation_cost": 29.143228447058483, "completition_cost": 0.0, "overshoot_cost": 50.47997663137503, "power_cost": 16.397593090820312, "noise_cost": 21.29586952034338, "n_waypoints_completed": 9, "tot_waypoints": 9}}
{"target": -197.05253295136436, "params": {"k_pid_pos": [0.6444246036129259, 0.07195715735144559, 0.30665707586523205], "k_pid_alt": [2.0, 0.0, 0.03289870902291778], "k_pid_att": [42.53240918331357, 4.209014992867753, 0.7977219451042453], "k_pid_yaw": [0.5, 1e-06, 0.1], "k_pid_hsp": [0.5339419715413142, 0.03560720039986708, 0.0], "k_pid_vsp": [117.43203820753429, 100.04526654439805, 0.1895480540013655]}, "datetime": {"datetime": "2025-08-13 14:59:23", "elapsed": 18691.10059785843, "delta": 19.177224159240723}, "costs": {"total_cost": 197.05253295136436, "time_cost": 76.958, "final_distance_cost": 1.848155319881512, "oscillation_cost": 27.682281724475544, "completition_cost": 0.0, "overshoot_cost": 51.530527590976526, "power_cost": 15.385576391601564, "noise_cost": 23.64799192442918, "n_waypoints_completed": 9, "tot_waypoints": 9}}
{"target": -191.73066984606632, "params": {"k_pid_pos": [0.9099923241942925, 0.1247758137348814, 0.4819963331150415], "k_pid_alt": [1.980712054955103, 0.0, 0.015402101546461633], "k_pid_att": [54.96348168259439, 2.625795115443179, 0.7848240778019205], "k_pid_yaw": [0.5, 1e-06, 0.1], "k_pid_hsp": [0.36308556762222, 0.026076029881582502, 0.0], "k_pid_vsp": [352.8408407398769, 79.80647463667636, 0.33536652973002173]}, "datetime": {"datetime": "2025-08-13 14:59:42", "elapsed": 18710.333616018295, "delta": 19.233018159866333}, "costs": {"total_cost": 191.73066984606632, "time_cost": 73.381, "final_distance_cost": 1.8334313984964463, "oscillation_cost": 27.46843326176564, "completition_cost": 0.0, "overshoot_cost": 51.598555008627194, "power_cost": 14.843616516113283, "noise_cost": 22.605633661063756, "n_waypoints_completed": 9, "tot_waypoints": 9}}
{"target": -210.56701592797964, "params": {"k_pid_pos": [1.7395813673422509, 0.08695962278994569, 0.31596076085172453], "k_pid_alt": [0.44562536445078543, 0.0, 0.043209133001054556], "k_pid_att": [40.10951372340735, 4.1115220952230445, 0.11067664276066735], "k_pid_yaw": [0.5, 1e-06, 0.1], "k_pid_hsp": [0.3299642619882369, 0.02700431486531084, 0.0], "k_pid_vsp": [192.55346554271682, 24.868262891369596, 0.3896642696431003]}, "datetime": {"datetime": "2025-08-13 15:00:15", "elapsed": 18743.131223917007, "delta": 32.79760789871216}, "costs": {"total_cost": 210.56701592797964, "time_cost": 80.843, "final_distance_cost": 1.8497988445890041, "oscillation_cost": 36.50734795529561, "completition_cost": 0.0, "overshoot_cost": 51.035279341435164, "power_cost": 16.792288928222657, "noise_cost": 23.539300858437215, "n_waypoints_completed": 9, "tot_waypoints": 9}}
{"target": -202.83244726057006, "params": {"k_pid_pos": [0.7247068827982103, 0.0858661161442551, 0.40274424496492794], "k_pid_alt": [2.0, 0.0, 0.05637398489793163], "k_pid_att": [41.49446480206959, 1.5046858664225233, 0.8823965094410408], "k_pid_yaw": [0.5, 1e-06, 0.1], "k_pid_hsp": [0.3182383065434851, 0.022832138085865775, 0.0], "k_pid_vsp": [189.35450104454958, 85.31047348640247, 0.24882402280863605]}, "datetime": {"datetime": "2025-08-13 15:00:35", "elapsed": 18763.118086099625, "delta": 19.986862182617188}, "costs": {"total_cost": 202.83244726057006, "time_cost": 76.237, "final_distance_cost": 1.8500012003832156, "oscillation_cost": 26.35372158345965, "completition_cost": 0.0, "overshoot_cost": 52.2941604160457, "power_cost": 21.23398026123047, "noise_cost": 24.863583799451057, "n_waypoints_completed": 9, "tot_waypoints": 9}}
{"target": -179.29628451376658, "params": {"k_pid_pos": [1.125612917959728, 0.05987336881296288, 0.23728484615894876], "k_pid_alt": [1.702835128263149, 0.0, 0.023830679223101284], "k_pid_att": [34.60122891843782, 4.848459285230519, 1.0], "k_pid_yaw": [0.5, 1e-06, 0.1], "k_pid_hsp": [0.31667169703435555, 0.027751835882916066, 0.0], "k_pid_vsp": [136.530267645686, 109.02614244418551, 0.4214536366507535]}, "datetime": {"datetime": "2025-08-13 15:00:53", "elapsed": 18781.49441766739, "delta": 18.376331567764282}, "costs": {"total_cost": 179.29628451376658, "time_cost": 68.607, "final_distance_cost": 1.8312467198979454, "oscillation_cost": 29.84130586907389, "completition_cost": 0.0, "overshoot_cost": 49.83060730088527, "power_cost": 9.868788842773437, "noise_cost": 19.31733578113606, "n_waypoints_completed": 9, "tot_waypoints": 9}}
{"target": -199.60901215803665, "params": {"k_pid_pos": [0.3946394526047139, 0.047659702295320884, 0.15081333558606946], "k_pid_alt": [2.0, 0.0, 0.03431455749631477], "k_pid_att": [23.18659870180861, 5.664172229738427, 0.5856313546113291], "k_pid_yaw": [0.5, 1e-06, 0.1], "k_pid_hsp": [0.3085341522680454, 0.01678430938956334, 0.0], "k_pid_vsp": [236.82224843186216, 118.52734040009231, 0.13326451121145252]}, "datetime": {"datetime": "2025-08-13 15:01:16", "elapsed": 18804.128613948822, "delta": 22.634196281433105}, "costs": {"total_cost": 199.60901215803665, "time_cost": 83.657, "final_distance_cost": 1.8549246906216696, "oscillation_cost": 23.352668244082952, "completition_cost": 0.0, "overshoot_cost": 52.49748763993166, "power_cost": 12.9195751953125, "noise_cost": 25.327356388087885, "n_waypoints_completed": 9, "tot_waypoints": 9}}
{"target": -194.57453418698344, "params": {"k_pid_pos": [1.487242729632202, 0.11368974270481302, 0.4930384083293167], "k_pid_alt": [1.6474233801062381, 0.0, 0.032141803015623735], "k_pid_att": [17.316491842908334, 6.935295526329149, 0.8601676994543984], "k_pid_yaw": [0.5, 1e-06, 0.1], "k_pid_hsp": [0.5175883593000276, 0.025943074260797422, 0.0], "k_pid_vsp": [81.03220546066478, 90.49267800729024, 0.798285203963888]}, "datetime": {"datetime": "2025-08-13 15:01:35", "elapsed": 18823.42106127739, "delta": 19.292447328567505}, "costs": {"total_cost": 194.57453418698344, "time_cost": 70.462, "final_distance_cost": 1.836161183572882, "oscillation_cost": 31.501289610804264, "completition_cost": 0.0, "overshoot_cost": 51.22719476670589, "power_cost": 17.866480346679687, "noise_cost": 21.68140827922072, "n_waypoints_completed": 9, "tot_waypoints": 9}}
{"target": -211.28751072400678, "params": {"k_pid_pos": [1.8514991408546688, 0.02340313942523432, 0.18380389912805314], "k_pid_alt": [1.5279825071381345, 0.0, 0.0], "k_pid_att": [31.82033526079739, 5.572293291868946, 0.7401658659059143], "k_pid_yaw": [0.5, 1e-06, 0.1], "k_pid_hsp": [0.07285463004637328, 0.0345220231945135, 0.0], "k_pid_vsp": [351.40940561048586, 65.92898816700203, 0.14901653062757056]}, "datetime": {"datetime": "2025-08-13 15:01:56", "elapsed": 18844.278534650803, "delta": 20.857473373413086}, "costs": {"total_cost": 211.28751072400678, "time_cost": 75.88, "final_distance_cost": 1.7552230651295537, "oscillation_cost": 41.911899067489216, "completition_cost": 0.0, "overshoot_cost": 53.14857684280101, "power_cost": 16.003346240234375, "noise_cost": 22.58846550835261, "n_waypoints_completed": 9, "tot_waypoints": 9}}
{"target": -184.96087773451734, "params": {"k_pid_pos": [0.8978552102196481, 0.09478174439563193, 0.08046546384858894], "k_pid_alt": [2.0, 0.0, 0.027350719012108584], "k_pid_att": [19.8229921647994, 3.5641967762468316, 0.4833854850535429], "k_pid_yaw": [0.5, 1e-06, 0.1], "k_pid_hsp": [0.35550069304701987, 0.03167560134147916, 0.0], "k_pid_vsp": [252.78259173014234, 115.36832752835535, 0.2637451938667115]}, "datetime": {"datetime": "2025-08-13 15:02:13", "elapsed": 18861.757004499435, "delta": 17.478469848632812}, "costs": {"total_cost": 184.96087773451734, "time_cost": 69.685, "final_distance_cost": 1.8329275674553072, "oscillation_cost": 29.1354051741598, "completition_cost": 0.0, "overshoot_cost": 50.087110964038324, "power_cost": 13.479491723632814, "noise_cost": 20.740942305231115, "n_waypoints_completed": 9, "tot_waypoints": 9}}
{"target": -1178.4353822470177, "params": {"k_pid_pos": [0.48702183512770497, 0.0764605515406543, 0.12149572739155434], "k_pid_alt": [1.6143494898865043, 0.0, 0.033862123295504164], "k_pid_att": [37.05396165323342, 6.508386714753526, 0.7315911813719174], "k_pid_yaw": [0.5, 1e-06, 0.1], "k_pid_hsp": [0.0001, 0.024096529297786624, 0.0], "k_pid_vsp": [268.88232028052226, 104.46155002877045, 0.34688079736599997]}, "datetime": {"datetime": "2025-08-13 15:02:43", "elapsed": 18891.820155143738, "delta": 30.063150644302368}, "costs": {"total_cost": 1178.4353822470177, "time_cost": 150, "final_distance_cost": 93.83924587898457, "oscillation_cost": 11.990188500737725, "completition_cost": 777.7777777777778, "overshoot_cost": 82.33278718369552, "power_cost": 27.746835266113283, "noise_cost": 34.7485476397089, "n_waypoints_completed": 2, "tot_waypoints": 9}}
{"target": -181.87611267636356, "params": {"k_pid_pos": [0.8489052413751619, 0.044573374183911586, 0.22008519764172582], "k_pid_alt": [1.4807405833934386, 0.0, 0.0457822102184102], "k_pid_att": [38.116238865681204, 5.076445550320981, 0.6294803686675444], "k_pid_yaw": [0.5, 1e-06, 0.1], "k_pid_hsp": [0.3004936520892767, 0.023064438852079663, 0.0], "k_pid_vsp": [280.42156519328756, 124.83981212370458, 0.1954191529746592]}, "datetime": {"datetime": "2025-08-13 15:03:03", "elapsed": 18911.45184469223, "delta": 19.63168954849243}, "costs": {"total_cost": 181.87611267636356, "time_cost": 70.819, "final_distance_cost": 1.84438790113007, "oscillation_cost": 27.035857722227245, "completition_cost": 0.0, "overshoot_cost": 50.19922235041273, "power_cost": 11.399501245117188, "noise_cost": 20.578143457476305, "n_waypoints_completed": 9, "tot_waypoints": 9}}
{"target": -182.66230726194925, "params": {"k_pid_pos": [0.9799686182709616, 0.10595718874783767, 0.2660107955052331], "k_pid_alt": [1.2144457081380982, 0.0, 0.03711057225010398], "k_pid_att": [51.59424627925995, 2.201932432061607, 0.8135409492030213], "k_pid_yaw": [0.5, 1e-06, 0.1], "k_pid_hsp": [0.08838592732350803, 0.02507347515740062, 0.0], "k_pid_vsp": [204.06124530495902, 170.47178095383242, 0.3963581736843021]}, "datetime": {"datetime": "2025-08-13 15:03:34", "elapsed": 18942.28601002693, "delta": 30.834165334701538}, "costs": {"total_cost": 182.66230726194925, "time_cost": 71.659, "final_distance_cost": 1.802345504115374, "oscillation_cost": 28.967647065297417, "completition_cost": 0.0, "overshoot_cost": 50.40157350554034, "power_cost": 10.21120936279297, "noise_cost": 19.620531824203137, "n_waypoints_completed": 9, "tot_waypoints": 9}}
{"target": -188.13426830441898, "params": {"k_pid_pos": [1.0478603498789014, 0.11350473883968935, 0.45798353940527275], "k_pid_alt": [2.0, 0.0, 0.03183234610220346], "k_pid_att": [41.121439776695134, 4.1746286819539105, 0.7952367596581089], "k_pid_yaw": [0.5, 1e-06, 0.1], "k_pid_hsp": [0.3754767712219664, 0.01947101092273534, 0.0], "k_pid_vsp": [225.28776642514137, 195.46640946685613, 0.11784144427908057]}, "datetime": {"datetime": "2025-08-13 15:03:52", "elapsed": 18960.6495347023, "delta": 18.363524675369263}, "costs": {"total_cost": 188.13426830441898, "time_cost": 70.84, "final_distance_cost": 1.8391425977387228, "oscillation_cost": 26.80555266607368, "completition_cost": 0.0, "overshoot_cost": 50.907822596256736, "power_cost": 15.902011364746095, "noise_cost": 21.83973907960373, "n_waypoints_completed": 9, "tot_waypoints": 9}}
