{"target": -186.61097796190103, "params": {"k_pid_pos": [1.8858760420037222, 0.0, 0.3305542298621759], "k_pid_alt": [1.6914616181186195, 0.0, 0.14379316017272023], "k_pid_att": [20.946463032265868, 3.3832850869831623, 1.0], "k_pid_yaw": [0.5, 1e-06, 0.1], "k_pid_hsp": [0.9376614837863594, 0.0, 0.0], "k_pid_vsp": [126.19501604654226, 158.23967422287822, 1.7814826437632887]}, "datetime": {"datetime": "2025-08-13 11:48:41", "elapsed": 7249.564450502396, "delta": 29.69445300102234}, "costs": {"total_cost": 186.61097796190103, "time_cost": 68.32000000000001, "final_distance_cost": 1.7987859785838023, "oscillation_cost": 33.1289706790216, "completition_cost": 0.0, "overshoot_cost": 50.01455885525491, "power_cost": 13.482206005859375, "noise_cost": 19.866456443181345, "n_waypoints_completed": 9, "tot_waypoints": 9}}
{"target": -1542.3664859003886, "params": {"k_pid_pos": [1.8072714677102253, 0.3625692316625139, 0.0008061662813691842], "k_pid_alt": [0.0, 0.0, 0.2082156233879201], "k_pid_att": [47.15518714109572, 9.315343135540394, 1.0], "k_pid_yaw": [0.5, 1e-06, 0.1], "k_pid_hsp": [0.0001, 0.1472990621168215, 0.0], "k_pid_vsp": [36.93015598339715, 134.44783275467307, 1.363910092937761]}, "datetime": {"datetime": "2025-08-13 11:49:33", "elapsed": 7301.759961366653, "delta": 52.19551086425781}, "costs": {"total_cost": 1542.3664859003886, "time_cost": 150, "final_distance_cost": 17.509543171843898, "oscillation_cost": 43.36788286189692, "completition_cost": 1000.0, "overshoot_cost": 170.46701354777156, "power_cost": 15.441071313476563, "noise_cost": 145.5809750053995, "n_waypoints_completed": 0, "tot_waypoints": 9}}
{"target": -2978.657727544717, "params": {"k_pid_pos": [0.27257785923886085, 0.02989425556781396, 0.7075102405122267], "k_pid_alt": [0.8830085130546735, 0.0, 0.16993103564366666], "k_pid_att": [0.0, 4.842873358039714, 0.9365367016558356], "k_pid_yaw": [0.5, 1e-06, 0.1], "k_pid_hsp": [1.1784293050554018, 0.23686841052228158, 0.0], "k_pid_vsp": [110.2574322916491, 313.41318827542335, 0.741026842858882]}, "datetime": {"datetime": "2025-08-13 11:50:26", "elapsed": 7354.958439350128, "delta": 53.19847798347473}, "costs": {"total_cost": 2978.657727544717, "time_cost": 150, "final_distance_cost": 280.8918469881982, "oscillation_cost": 938.3246601325723, "completition_cost": 888.8888888888888, "overshoot_cost": 534.6704826242747, "power_cost": 49.39785892333985, "noise_cost": 136.4839899874435, "n_waypoints_completed": 1, "tot_waypoints": 9}}
{"target": -200.00928737302416, "params": {"k_pid_pos": [2.0, 0.0, 0.11702840646211021], "k_pid_alt": [1.6763409628310546, 0.0, 0.0], "k_pid_att": [38.12960517511814, 5.687437388433996, 0.8210311274355059], "k_pid_yaw": [0.5, 1e-06, 0.1], "k_pid_hsp": [3.769727752746654, 0.07013257354430112, 0.0], "k_pid_vsp": [78.60541376582826, 187.84877399049068, 0.8966865987443482]}, "datetime": {"datetime": "2025-08-13 11:50:57", "elapsed": 7385.079988241196, "delta": 30.121548891067505}, "costs": {"total_cost": 200.00928737302416, "time_cost": 67.837, "final_distance_cost": 1.7589265629356208, "oscillation_cost": 40.50835614155524, "completition_cost": 0.0, "overshoot_cost": 50.46738885306824, "power_cost": 19.06815606689453, "noise_cost": 20.369459748570524, "n_waypoints_completed": 9, "tot_waypoints": 9}}
{"target": -194.11005714503636, "params": {"k_pid_pos": [1.4089876074216636, 0.0, 0.19871859750827223], "k_pid_alt": [1.2958017533544197, 0.0, 0.024779451534467273], "k_pid_att": [33.859440025448464, 5.888592659991346, 1.0], "k_pid_yaw": [0.5, 1e-06, 0.1], "k_pid_hsp": [0.73250957453351, 0.13654813154175402, 0.0], "k_pid_vsp": [67.81420435101695, 291.0814764150501, 1e-06]}, "datetime": {"datetime": "2025-08-13 11:51:26", "elapsed": 7414.551311969757, "delta": 29.4713237285614}, "costs": {"total_cost": 194.11005714503636, "time_cost": 68.495, "final_distance_cost": 1.8319542108927582, "oscillation_cost": 36.819337815543115, "completition_cost": 0.0, "overshoot_cost": 49.46926372423363, "power_cost": 16.981335424804687, "noise_cost": 20.513165969562195, "n_waypoints_completed": 9, "tot_waypoints": 9}}
{"target": -189.20250322172856, "params": {"k_pid_pos": [2.0, 0.0979250390455653, 0.2619128265721215], "k_pid_alt": [1.3303569302360858, 0.0006593177394465058, 0.07383621113994322], "k_pid_att": [18.000889480379723, 4.070450356515236, 0.9303839948588215], "k_pid_yaw": [0.5, 1e-06, 0.1], "k_pid_hsp": [0.6961919842034844, 0.12283194062313536, 0.0], "k_pid_vsp": [96.94708886657232, 76.4844117652157, 1e-06]}, "datetime": {"datetime": "2025-08-13 11:51:56", "elapsed": 7444.216910123825, "delta": 29.665598154067993}, "costs": {"total_cost": 189.20250322172856, "time_cost": 68.306, "final_distance_cost": 1.8008572811311674, "oscillation_cost": 37.89019343546243, "completition_cost": 0.0, "overshoot_cost": 49.824260417182515, "power_cost": 12.158773669433595, "noise_cost": 19.222418418518828, "n_waypoints_completed": 9, "tot_waypoints": 9}}
{"target": -187.97606651841664, "params": {"k_pid_pos": [1.753712983849262, 0.2673172466307027, 0.3788747207862553], "k_pid_alt": [1.3736425858385897, 0.024103173454904814, 0.050538415835823115], "k_pid_att": [26.98527781041116, 9.024412125808263, 0.864048126887566], "k_pid_yaw": [0.5, 1e-06, 0.1], "k_pid_hsp": [0.5926026468717308, 0.09166669631460854, 0.0], "k_pid_vsp": [52.55458841542545, 156.2536011419251, 0.11848321487806235]}, "datetime": {"datetime": "2025-08-13 11:52:25", "elapsed": 7473.593390703201, "delta": 29.37648057937622}, "costs": {"total_cost": 187.97606651841664, "time_cost": 68.593, "final_distance_cost": 1.7904250810370046, "oscillation_cost": 35.35372288177467, "completition_cost": 0.0, "overshoot_cost": 49.91287869311731, "power_cost": 12.901818811035158, "noise_cost": 19.424221051452527, "n_waypoints_completed": 9, "tot_waypoints": 9}}
{"target": -202.7194997245164, "params": {"k_pid_pos": [2.0, 0.15193573258382484, 0.35448000327395013], "k_pid_alt": [1.715028647170077, 0.02032515988324661, 0.0], "k_pid_att": [48.60042473628106, 1.4275613530261169, 1.0], "k_pid_yaw": [0.5, 1e-06, 0.1], "k_pid_hsp": [0.758842893118794, 0.11916855652294793, 0.0], "k_pid_vsp": [116.48475734056758, 240.87884333157191, 1.2126626863921877]}, "datetime": {"datetime": "2025-08-13 11:52:56", "elapsed": 7504.6965935230255, "delta": 31.10320281982422}, "costs": {"total_cost": 202.7194997245164, "time_cost": 71.148, "final_distance_cost": 1.812685889955981, "oscillation_cost": 37.026823321277625, "completition_cost": 0.0, "overshoot_cost": 51.304361918634314, "power_cost": 19.77961120605469, "noise_cost": 21.64801738859381, "n_waypoints_completed": 9, "tot_waypoints": 9}}
{"target": -192.06143219840413, "params": {"k_pid_pos": [1.2077173365741718, 0.040498070028401924, 0.18295143590286764], "k_pid_alt": [0.9302033233270236, 0.0, 0.04114276666826013], "k_pid_att": [28.916751030073296, 4.220385664979324, 0.9772444389917837], "k_pid_yaw": [0.5, 1e-06, 0.1], "k_pid_hsp": [0.2967851348425724, 0.07766545227328352, 0.0], "k_pid_vsp": [39.20453887295898, 247.6842530287985, 0.7270746580366838]}, "datetime": {"datetime": "2025-08-13 11:53:27", "elapsed": 7535.955277919769, "delta": 31.258684396743774}, "costs": {"total_cost": 192.06143219840413, "time_cost": 69.846, "final_distance_cost": 1.8337130032353173, "oscillation_cost": 35.32404530874927, "completition_cost": 0.0, "overshoot_cost": 49.168643205945585, "power_cost": 15.669828662109376, "noise_cost": 20.21920201836457, "n_waypoints_completed": 9, "tot_waypoints": 9}}
{"target": -191.3620803717842, "params": {"k_pid_pos": [1.4647065120540501, 0.040791289822971526, 0.5247321360437214], "k_pid_alt": [0.6687734261755237, 0.004010999077679363, 0.13189227385651894], "k_pid_att": [47.64075910984079, 1.1633011290336477, 0.46170112449687806], "k_pid_yaw": [0.5, 1e-06, 0.1], "k_pid_hsp": [0.658586233725062, 0.10312789939978768, 0.0], "k_pid_vsp": [105.9311230032768, 198.90889124025398, 1e-06]}, "datetime": {"datetime": "2025-08-13 11:53:59", "elapsed": 7567.8167724609375, "delta": 31.861494541168213}, "costs": {"total_cost": 191.3620803717842, "time_cost": 72.709, "final_distance_cost": 1.843260481054625, "oscillation_cost": 33.86949791573139, "completition_cost": 0.0, "overshoot_cost": 49.71020238634945, "power_cost": 12.722422668457032, "noise_cost": 20.507696920191695, "n_waypoints_completed": 9, "tot_waypoints": 9}}
{"target": -4115.8415603535395, "params": {"k_pid_pos": [1.884158419489952, 0.006931723471140596, 0.452732083246435], "k_pid_alt": [0.6902375114768412, 0.01565145183413103, 0.12529030108664826], "k_pid_att": [0.0, 1.9523820896172916, 0.8404101833655613], "k_pid_yaw": [0.5, 1e-06, 0.1], "k_pid_hsp": [0.3414549431605997, 0.007811658044235313, 0.0], "k_pid_vsp": [112.14081058298201, 110.41938241895326, 1.1993422162024423]}, "datetime": {"datetime": "2025-08-13 11:54:54", "elapsed": 7622.418332338333, "delta": 54.60155987739563}, "costs": {"total_cost": 4115.8415603535395, "time_cost": 150, "final_distance_cost": 369.5082279441841, "oscillation_cost": 1159.8499734067022, "completition_cost": 1000.0, "overshoot_cost": 1216.607149495626, "power_cost": 59.06407310791016, "noise_cost": 160.8121363991176, "n_waypoints_completed": 0, "tot_waypoints": 9}}
{"target": -1028.8290634339478, "params": {"k_pid_pos": [2.0, 0.05387468277141889, 0.355888557392584], "k_pid_alt": [0.0, 0.017499591246788015, 0.0], "k_pid_att": [29.836363936241195, 2.1177345206115077, 1.0], "k_pid_yaw": [0.5, 1e-06, 0.1], "k_pid_hsp": [1.6820598748689175, 0.0, 0.0], "k_pid_vsp": [183.2730355602397, 172.4146172407782, 1.3447795104659361]}, "datetime": {"datetime": "2025-08-13 11:55:48", "elapsed": 7676.289746046066, "delta": 53.871413707733154}, "costs": {"total_cost": 1028.8290634339478, "time_cost": 150, "final_distance_cost": 66.67321111375618, "oscillation_cost": 15.753846014345319, "completition_cost": 666.6666666666667, "overshoot_cost": 79.21249778485875, "power_cost": 16.75683006591797, "noise_cost": 33.76601178840287, "n_waypoints_completed": 3, "tot_waypoints": 9}}
{"target": -187.67778002842653, "params": {"k_pid_pos": [1.2746460293872806, 0.07247511923996351, 0.08238591048736298], "k_pid_alt": [1.840577686901329, 0.019125600944341185, 0.07778285438929575], "k_pid_att": [34.90779853725537, 3.660179071656612, 1.0], "k_pid_yaw": [0.5, 1e-06, 0.1], "k_pid_hsp": [0.6655784017661039, 0.19279712727527457, 0.0], "k_pid_vsp": [81.32124659910879, 121.0801866882898, 1e-06]}, "datetime": {"datetime": "2025-08-13 11:56:18", "elapsed": 7706.801703453064, "delta": 30.51195740699768}, "costs": {"total_cost": 187.67778002842653, "time_cost": 68.677, "final_distance_cost": 1.828363675749778, "oscillation_cost": 35.51947249758998, "completition_cost": 0.0, "overshoot_cost": 50.166913845340325, "power_cost": 11.904834704589843, "noise_cost": 19.581195305156594, "n_waypoints_completed": 9, "tot_waypoints": 9}}
{"target": -1284.767431090354, "params": {"k_pid_pos": [1.7455034313695554, 0.0, 0.25592815200156666], "k_pid_alt": [0.9706314568865188, 0.007040525841603306, 0.09469502549835788], "k_pid_att": [26.870321598820997, 5.740189601875919, 1.0], "k_pid_yaw": [0.5, 1e-06, 0.1], "k_pid_hsp": [0.0001, 0.08023113336709836, 0.0], "k_pid_vsp": [83.2704939137494, 157.81152261093987, 0.9934398561420608]}, "datetime": {"datetime": "2025-08-13 11:57:12", "elapsed": 7760.874663114548, "delta": 54.072959661483765}, "costs": {"total_cost": 1284.767431090354, "time_cost": 150, "final_distance_cost": 92.06059554508879, "oscillation_cost": 82.36914992836081, "completition_cost": 777.7777777777778, "overshoot_cost": 116.84657395603438, "power_cost": 30.67386833496094, "noise_cost": 35.0394655481313, "n_waypoints_completed": 2, "tot_waypoints": 9}}
{"target": -402.261056015207, "params": {"k_pid_pos": [0.26538614727182014, 0.0, 0.13298202272407836], "k_pid_alt": [1.9458929546392707, 0.00755770468289356, 0.047027328868690856], "k_pid_att": [37.25732385777987, 3.7708048463637422, 0.8489193759649867], "k_pid_yaw": [0.5, 1e-06, 0.1], "k_pid_hsp": [0.4536323554358086, 0.0, 0.0], "k_pid_vsp": [135.74068074719864, 123.68763184150816, 0.880392536791904]}, "datetime": {"datetime": "2025-08-13 11:58:05", "elapsed": 7813.299231052399, "delta": 52.42456793785095}, "costs": {"total_cost": 402.261056015207, "time_cost": 150, "final_distance_cost": 2.47924500492179, "oscillation_cost": 20.815709638617644, "completition_cost": 111.11111111111116, "overshoot_cost": 59.140825292241736, "power_cost": 19.152352978515626, "noise_cost": 39.56181198979901, "n_waypoints_completed": 8, "tot_waypoints": 9}}
{"target": -215.26500943984763, "params": {"k_pid_pos": [1.9349203324952808, 0.4095074439307634, 0.1354641017552282], "k_pid_alt": [1.7370071944197971, 0.008014080843605586, 0.4507620906212399], "k_pid_att": [21.66928398789547, 4.895086903529222, 1.0], "k_pid_yaw": [0.5, 1e-06, 0.1], "k_pid_hsp": [0.32335395307970277, 0.12939867180372847, 0.0], "k_pid_vsp": [84.49208030308854, 80.2095844346229, 1e-06]}, "datetime": {"datetime": "2025-08-13 11:58:39", "elapsed": 7847.674663066864, "delta": 34.37543201446533}, "costs": {"total_cost": 215.26500943984763, "time_cost": 76.846, "final_distance_cost": 1.751763972077567, "oscillation_cost": 45.721588347740074, "completition_cost": 0.0, "overshoot_cost": 51.95839412751223, "power_cost": 16.3791228515625, "noise_cost": 22.608140140955232, "n_waypoints_completed": 9, "tot_waypoints": 9}}
{"target": -4884.5759205181685, "params": {"k_pid_pos": [0.9230780660519956, 0.1463456904820372, 0.4421466385556314], "k_pid_alt": [2.0, 0.012822421631250372, 0.014932030490776576], "k_pid_att": [0.0, 4.3670699045980435, 1.0], "k_pid_yaw": [0.5, 1e-06, 0.1], "k_pid_hsp": [0.8184795183527515, 0.018349283663100513, 0.0], "k_pid_vsp": [44.78076725565529, 124.52413983576635, 0.7144630278160585]}, "datetime": {"datetime": "2025-08-13 11:59:35", "elapsed": 7903.046607494354, "delta": 55.371944427490234}, "costs": {"total_cost": 4884.5759205181685, "time_cost": 150, "final_distance_cost": 576.6631586007663, "oscillation_cost": 1231.2716371418812, "completition_cost": 1000.0, "overshoot_cost": 1714.0149684708965, "power_cost": 54.11996234130859, "noise_cost": 158.50619396331626, "n_waypoints_completed": 0, "tot_waypoints": 9}}
{"target": -1188.0808522253276, "params": {"k_pid_pos": [0.07029709350553086, 0.23681688731770842, 0.28363402395025084], "k_pid_alt": [0.9199387097635334, 0.01570429048092741, 0.0], "k_pid_att": [15.591410876760426, 1.400082536332582, 1.0], "k_pid_yaw": [0.5, 1e-06, 0.1], "k_pid_hsp": [0.24549447853485548, 0.0, 0.0], "k_pid_vsp": [198.12902180805546, 242.15552806629947, 0.4827779182294709]}, "datetime": {"datetime": "2025-08-13 12:00:35", "elapsed": 7962.9970762729645, "delta": 59.95046877861023}, "costs": {"total_cost": 1188.0808522253276, "time_cost": 150, "final_distance_cost": 66.24557828538826, "oscillation_cost": 7.269789035011124, "completition_cost": 888.8888888888888, "overshoot_cost": 27.13559265044969, "power_cost": 16.879829040527344, "noise_cost": 31.661174325062316, "n_waypoints_completed": 1, "tot_waypoints": 9}}
{"target": -195.0625976477169, "params": {"k_pid_pos": [1.233858023399682, 0.1181423944870577, 0.3399900277465746], "k_pid_alt": [1.9848422370103018, 0.006231177150306473, 0.09413151099599042], "k_pid_att": [47.468600961018495, 6.016941022431087, 0.5748614286563312], "k_pid_yaw": [0.5, 1e-06, 0.1], "k_pid_hsp": [2.264856401805007, 0.06941986332527418, 0.0], "k_pid_vsp": [117.99670195292519, 15.007936880351641, 1e-06]}, "datetime": {"datetime": "2025-08-13 12:01:09", "elapsed": 7997.181690454483, "delta": 34.184614181518555}, "costs": {"total_cost": 195.0625976477169, "time_cost": 70.616, "final_distance_cost": 1.8380629990200341, "oscillation_cost": 33.4278507152865, "completition_cost": 0.0, "overshoot_cost": 51.53385645336062, "power_cost": 15.965674938964845, "noise_cost": 21.681152541084924, "n_waypoints_completed": 9, "tot_waypoints": 9}}
{"target": -190.17433060421797, "params": {"k_pid_pos": [1.462513839551711, 0.252040524203067, 0.29827569173784574], "k_pid_alt": [2.0, 0.023706852248030975, 0.0], "k_pid_att": [46.12524789754429, 2.610297006088357, 0.982859632558866], "k_pid_yaw": [0.5, 1e-06, 0.1], "k_pid_hsp": [0.5467831628199659, 0.0, 0.0], "k_pid_vsp": [45.633764153065876, 160.17032707194713, 1.0869260232409543]}, "datetime": {"datetime": "2025-08-13 12:01:41", "elapsed": 8029.31649184227, "delta": 32.134801387786865}, "costs": {"total_cost": 190.17433060421797, "time_cost": 70.154, "final_distance_cost": 1.7987113923732092, "oscillation_cost": 31.502062510892845, "completition_cost": 0.0, "overshoot_cost": 51.019683358049846, "power_cost": 14.99118250732422, "noise_cost": 20.708690835577855, "n_waypoints_completed": 9, "tot_waypoints": 9}}
{"target": -208.45406600180706, "params": {"k_pid_pos": [0.7699468765859642, 0.09968436844144675, 0.3507785244586683], "k_pid_alt": [1.0545242457111546, 0.0072650419038162726, 0.1670266567212906], "k_pid_att": [24.590295181542857, 2.265692888190405, 0.21635400310608474], "k_pid_yaw": [0.5, 1e-06, 0.1], "k_pid_hsp": [2.12313876125206, 0.0, 0.0], "k_pid_vsp": [129.60993881970285, 247.40172259871864, 1e-06]}, "datetime": {"datetime": "2025-08-13 12:02:16", "elapsed": 8064.655788898468, "delta": 35.33929705619812}, "costs": {"total_cost": 208.45406600180706, "time_cost": 77.609, "final_distance_cost": 1.844532348216623, "oscillation_cost": 35.04038267637802, "completition_cost": 0.0, "overshoot_cost": 51.424731615567055, "power_cost": 18.11216270751953, "noise_cost": 24.423256654125847, "n_waypoints_completed": 9, "tot_waypoints": 9}}
{"target": -1338.0887863250507, "params": {"k_pid_pos": [1.9086906583591616, 0.16333442108764493, 0.4567577975001773], "k_pid_alt": [1.0999217411633824, 0.010133370692558872, 0.047383769734887414], "k_pid_att": [6.758734750197417, 3.1221573099748725, 0.5019295019880256], "k_pid_yaw": [0.5, 1e-06, 0.1], "k_pid_hsp": [0.0001, 0.12040260120690476, 0.0], "k_pid_vsp": [0.0, 80.24330045393442, 1.3849895330720212]}, "datetime": {"datetime": "2025-08-13 12:03:11", "elapsed": 8119.737674236298, "delta": 55.08188533782959}, "costs": {"total_cost": 1338.0887863250507, "time_cost": 150, "final_distance_cost": 68.11248525825967, "oscillation_cost": 88.20271817949262, "completition_cost": 888.8888888888888, "overshoot_cost": 75.40609643736835, "power_cost": 37.44569822998047, "noise_cost": 30.03289933106066, "n_waypoints_completed": 1, "tot_waypoints": 9}}
{"target": -202.6289078007665, "params": {"k_pid_pos": [1.4299346557309136, 0.0, 0.41258439812231673], "k_pid_alt": [0.724629798674452, 0.0, 0.3935814776988565], "k_pid_att": [24.080103008397828, 6.053761235704665, 1.0], "k_pid_yaw": [0.5, 1e-06, 0.1], "k_pid_hsp": [0.6101616358883496, 0.10736874890852051, 0.0], "k_pid_vsp": [80.81848301899262, 173.0807147139587, 1.7637797545812524]}, "datetime": {"datetime": "2025-08-13 12:03:46", "elapsed": 8154.404490232468, "delta": 34.666815996170044}, "costs": {"total_cost": 202.6289078007665, "time_cost": 75.523, "final_distance_cost": 1.8522921990011232, "oscillation_cost": 34.75593726319335, "completition_cost": 0.0, "overshoot_cost": 50.04904226913133, "power_cost": 17.99516903076172, "noise_cost": 22.45346703867897, "n_waypoints_completed": 9, "tot_waypoints": 9}}
{"target": -193.47026352958872, "params": {"k_pid_pos": [2.0, 0.23736699321187113, 0.24335623735131015], "k_pid_alt": [1.688065656814698, 0.013147615091533777, 0.05166672881660359], "k_pid_att": [35.29456288719714, 8.625128823042074, 1.0], "k_pid_yaw": [0.5, 1e-06, 0.1], "k_pid_hsp": [0.9448251144914632, 0.16296101631034401, 0.0], "k_pid_vsp": [98.72676217551027, 294.1598672575282, 1.3493289203008068]}, "datetime": {"datetime": "2025-08-13 12:04:17", "elapsed": 8185.510158061981, "delta": 31.10566782951355}, "costs": {"total_cost": 193.47026352958872, "time_cost": 68.943, "final_distance_cost": 1.7919248808591466, "oscillation_cost": 40.690912440542455, "completition_cost": 0.0, "overshoot_cost": 50.124578929065756, "power_cost": 12.764006005859375, "noise_cost": 19.155841273261995, "n_waypoints_completed": 9, "tot_waypoints": 9}}
{"target": -200.9057818845134, "params": {"k_pid_pos": [1.7508111775554231, 0.0, 0.3141883180938378], "k_pid_alt": [1.2813053811946757, 0.0, 0.3083324992030478], "k_pid_att": [4.574464836917765, 6.515653039764387, 0.45883554132242826], "k_pid_yaw": [0.5, 1e-06, 0.1], "k_pid_hsp": [0.8182406167576645, 0.049506534788205804, 0.0], "k_pid_vsp": [154.61303063958596, 192.5176614184484, 0.6510563079129249]}, "datetime": {"datetime": "2025-08-13 12:04:47", "elapsed": 8215.557746171951, "delta": 30.047588109970093}, "costs": {"total_cost": 200.9057818845134, "time_cost": 69.07600000000001, "final_distance_cost": 1.8111367247984889, "oscillation_cost": 41.5137529410787, "completition_cost": 0.0, "overshoot_cost": 49.548438709958646, "power_cost": 18.102918798828124, "noise_cost": 20.853534709849452, "n_waypoints_completed": 9, "tot_waypoints": 9}}
{"target": -221.37068363426587, "params": {"k_pid_pos": [1.3247179068010002, 0.06781201122113638, 0.384694452374939], "k_pid_alt": [0.35127608703747276, 0.0, 0.0], "k_pid_att": [36.62256969620521, 5.166638296684226, 0.7620346505485056], "k_pid_yaw": [0.5, 1e-06, 0.1], "k_pid_hsp": [0.5176168155072031, 0.0, 0.0], "k_pid_vsp": [81.3316477809209, 151.3850968518644, 1.2004043178591148]}, "datetime": {"datetime": "2025-08-13 12:05:27", "elapsed": 8255.296946525574, "delta": 39.73920035362244}, "costs": {"total_cost": 221.37068363426587, "time_cost": 88.452, "final_distance_cost": 1.8601637795647883, "oscillation_cost": 32.38706260469031, "completition_cost": 0.0, "overshoot_cost": 51.61102942729921, "power_cost": 21.035118627929688, "noise_cost": 26.025309194781897, "n_waypoints_completed": 9, "tot_waypoints": 9}}
