{"target": -203.772936708066, "params": {"k_pid_pos": [0.49275800590297264, 0.18848155022322047, 0.17888737446852812], "k_pid_alt": [1.515427128667956, 0.0, 0.949345597264735], "k_pid_att": [39.447728079683905, 3.8677381495188174, 0.1845336041603497], "k_pid_yaw": [0.5, 1e-06, 0.1], "k_pid_hsp": [0.09847755819799779, 0.011264223901387349, 0.0], "k_pid_vsp": [194.7624155113164, 20.0, 10.0]}, "datetime": {"datetime": "2025-08-13 09:48:14", "elapsed": 22.1264226436615, "delta": 22.1264226436615}, "costs": {"total_cost": 203.772936708066, "time_cost": 82.446, "final_distance_cost": 1.814246838178004, "oscillation_cost": 21.940614526840886, "completition_cost": 0.0, "overshoot_cost": 52.90708726809602, "power_cost": 22.008627600097658, "noise_cost": 22.656360474853425, "n_waypoints_completed": 9, "tot_waypoints": 9}}
{"target": -5500.5035129974385, "params": {"k_pid_pos": [0.45455471969737526, 0.5545847870158348, 0.06381725610417532], "k_pid_alt": [1.6552623439851641, 0.6316643991220648, 0.7580877400853738], "k_pid_att": [35.45259681298683, 9.706983174146593, 0.8931211213221977], "k_pid_yaw": [0.5, 1e-06, 0.1], "k_pid_hsp": [7.7838571323879115, 0.19463870785196757, 0.4667210037270342], "k_pid_vsp": [17.52150631489151, 61.715797672729636, 273.2195816139329]}, "datetime": {"datetime": "2025-08-13 09:48:43", "elapsed": 51.68903613090515, "delta": 29.562613487243652}, "costs": {"total_cost": 5500.5035129974385, "time_cost": 150, "final_distance_cost": 1445.003378464285, "oscillation_cost": 473.72534376289855, "completition_cost": 888.8888888888888, "overshoot_cost": 2485.8159262124964, "power_cost": 27.893283935546876, "noise_cost": 29.176691733323104, "n_waypoints_completed": 1, "tot_waypoints": 9}}
{"target": -1217.8583581426667, "params": {"k_pid_pos": [1.4895498356000434, 0.96750973243421, 0.32582535813815194], "k_pid_alt": [0.7409194120697378, 0.4695558112758079, 0.1894713590842857], "k_pid_att": [12.992150533547164, 4.757101691766715, 0.2269093490508841], "k_pid_yaw": [0.5, 1e-06, 0.1], "k_pid_hsp": [6.698172965425635, 0.43715191887233074, 0.8326781960578374], "k_pid_vsp": [280.1060408008996, 124.94665724044978, 332.9039207258206]}, "datetime": {"datetime": "2025-08-13 09:49:12", "elapsed": 80.79790925979614, "delta": 29.10887312889099}, "costs": {"total_cost": 1217.8583581426667, "time_cost": 150, "final_distance_cost": 46.01608749654703, "oscillation_cost": 339.64079656209566, "completition_cost": 555.5555555555555, "overshoot_cost": 69.27610164350607, "power_cost": 28.92709215087891, "noise_cost": 28.44272473408356, "n_waypoints_completed": 4, "tot_waypoints": 9}}
{"target": -2296.720754954576, "params": {"k_pid_pos": [1.6095482385578541, 0.38747837903017446, 0.2883281039302441], "k_pid_alt": [1.364991007949951, 0.1397524836093098, 0.19990820247510832], "k_pid_att": [0.7362269751005512, 7.869265082583634, 0.6648508565920321], "k_pid_yaw": [0.5, 1e-06, 0.1], "k_pid_hsp": [7.051683269725489, 0.7807290310219679, 0.45891577553833995], "k_pid_vsp": [227.4964783811575, 55.91880011126598, 45.8120302998593]}, "datetime": {"datetime": "2025-08-13 09:49:43", "elapsed": 111.95895385742188, "delta": 31.161044597625732}, "costs": {"total_cost": 2296.720754954576, "time_cost": 150, "final_distance_cost": 12.362565343664235, "oscillation_cost": 723.0089622707818, "completition_cost": 1000.0, "overshoot_cost": 184.67120251172074, "power_cost": 58.99697506103516, "noise_cost": 167.681049767374, "n_waypoints_completed": 0, "tot_waypoints": 9}}
{"target": -708.0466922900029, "params": {"k_pid_pos": [1.3368390832847643, 0.4710962061431325, 0.5652361064811888], "k_pid_alt": [1.5299977148320512, 0.6347183200005908, 0.5535794006579958], "k_pid_att": [55.92071607454135, 3.0395705856163158, 0.030817834567939406], "k_pid_yaw": [0.5, 1e-06, 0.1], "k_pid_hsp": [4.3672302205847, 0.2145846728195292, 0.40852864372463615], "k_pid_vsp": [341.36122930726646, 93.57579511219681, 23.321097617323666]}, "datetime": {"datetime": "2025-08-13 09:50:20", "elapsed": 148.63409209251404, "delta": 36.67513823509216}, "costs": {"total_cost": 708.0466922900029, "time_cost": 106.113, "final_distance_cost": 1.7570523637412154, "oscillation_cost": 467.68374056692784, "completition_cost": 0.0, "overshoot_cost": 65.08031864927383, "power_cost": 38.448640051269535, "noise_cost": 28.96394065879046, "n_waypoints_completed": 9, "tot_waypoints": 9}}
{"target": -1921.512582746814, "params": {"k_pid_pos": [0.5628396456547908, 0.2935937577666836, 0.6619165147268951], "k_pid_alt": [1.1140643046825567, 0.7838982091064135, 0.6643135403273875], "k_pid_att": [40.63868614400705, 8.14022244462188, 0.1669729199077039], "k_pid_yaw": [0.5, 1e-06, 0.1], "k_pid_hsp": [0.22721846013129138, 0.09004786077564175, 0.7223593505964503], "k_pid_vsp": [184.75089210055495, 64.50871245216894, 200.41791054030062]}, "datetime": {"datetime": "2025-08-13 09:50:53", "elapsed": 181.45303559303284, "delta": 32.8189435005188}, "costs": {"total_cost": 1921.512582746814, "time_cost": 150, "final_distance_cost": 92.5819348819302, "oscillation_cost": 783.4478194932989, "completition_cost": 777.7777777777778, "overshoot_cost": 56.87468013132885, "power_cost": 32.842126306152345, "noise_cost": 27.988244156325838, "n_waypoints_completed": 2, "tot_waypoints": 9}}
{"target": -1503.5848468361876, "params": {"k_pid_pos": [0.3047089742160655, 0.696320375077736, 0.4461562755740307], "k_pid_alt": [0.762042452192965, 0.3015120891478765, 0.6302825931188885], "k_pid_att": [36.18126105533904, 0.8765904281690784, 0.11800590212051532], "k_pid_yaw": [0.5, 1e-06, 0.1], "k_pid_hsp": [9.61898045572869, 0.908580690707607, 0.6997071338107496], "k_pid_vsp": [106.34798458380783, 387.67055096991317, 311.50036180756695]}, "datetime": {"datetime": "2025-08-13 09:51:24", "elapsed": 212.05042028427124, "delta": 30.597384691238403}, "costs": {"total_cost": 1503.5848468361876, "time_cost": 150, "final_distance_cost": 51.69511170238733, "oscillation_cost": 503.69191690702263, "completition_cost": 666.6666666666667, "overshoot_cost": 67.7205414193231, "power_cost": 33.763152014160156, "noise_cost": 30.047458126627536, "n_waypoints_completed": 3, "tot_waypoints": 9}}
{"target": -1381.5747076820167, "params": {"k_pid_pos": [1.4338086892990753, 0.44936150214378867, 0.272241561845159], "k_pid_alt": [0.1927819243069986, 0.9026023965438417, 0.45577628983361107], "k_pid_att": [20.236336479523032, 3.0596356458441103, 0.579219568941896], "k_pid_yaw": [0.5, 1e-06, 0.1], "k_pid_hsp": [1.7678101521140233, 0.8566142840923755, 0.7585195298352101], "k_pid_vsp": [287.7851823803747, 172.83721647794843, 250.92353665366844]}, "datetime": {"datetime": "2025-08-13 09:51:54", "elapsed": 242.107506275177, "delta": 30.05708599090576}, "costs": {"total_cost": 1381.5747076820167, "time_cost": 150, "final_distance_cost": 80.51790994344576, "oscillation_cost": 253.93843869945965, "completition_cost": 777.7777777777778, "overshoot_cost": 51.07400479902837, "power_cost": 37.90944232177735, "noise_cost": 30.357134140527634, "n_waypoints_completed": 2, "tot_waypoints": 9}}
{"target": -507.37546175715886, "params": {"k_pid_pos": [1.16823752802858, 0.64984660155482, 0.08444432113988909], "k_pid_alt": [0.8316148043412193, 0.04161417386189248, 0.49399081924451893], "k_pid_att": [32.98612123327853, 1.4453274362415824, 0.10340296772255164], "k_pid_yaw": [0.5, 1e-06, 0.1], "k_pid_hsp": [5.876486957319902, 0.1705929685368861, 0.9251201183767972], "k_pid_vsp": [232.42445588015798, 138.74792246706502, 236.36619700165122]}, "datetime": {"datetime": "2025-08-13 09:52:22", "elapsed": 270.2607011795044, "delta": 28.153194904327393}, "costs": {"total_cost": 507.37546175715886, "time_cost": 111.811, "final_distance_cost": 1.8125934242803228, "oscillation_cost": 265.200256552329, "completition_cost": 0.0, "overshoot_cost": 69.55511065157395, "power_cost": 31.567227148437503, "noise_cost": 27.429273980538092, "n_waypoints_completed": 9, "tot_waypoints": 9}}
{"target": -1238.2769769527085, "params": {"k_pid_pos": [0.04570546167229203, 0.9585592132414453, 0.48230343694290023], "k_pid_alt": [1.5654704545005724, 0.08272999992243857, 0.48665833083816035], "k_pid_att": [49.07069943545209, 9.37827076710433, 0.5717280523760754], "k_pid_yaw": [0.5, 1e-06, 0.1], "k_pid_hsp": [4.734946661629432, 0.2669756630918936, 0.3315689973425522], "k_pid_vsp": [208.2689609886151, 175.5645846831072, 8.64483293052009]}, "datetime": {"datetime": "2025-08-13 09:52:58", "elapsed": 306.66298389434814, "delta": 36.40228271484375}, "costs": {"total_cost": 1238.2769769527085, "time_cost": 150, "final_distance_cost": 50.982686852371394, "oscillation_cost": 368.3942240056462, "completition_cost": 555.5555555555555, "overshoot_cost": 56.3747758300202, "power_cost": 26.32991921386719, "noise_cost": 30.639815495248055, "n_waypoints_completed": 4, "tot_waypoints": 9}}
{"target": -1560.3751131853567, "params": {"k_pid_pos": [1.6526012191962962, 0.8961607718397667, 0.14024908899861077], "k_pid_alt": [1.1080722870780988, 0.10857574113544355, 0.6722400930398117], "k_pid_att": [28.123378383900832, 6.594260404655548, 0.7269946142868826], "k_pid_yaw": [0.5, 1e-06, 0.1], "k_pid_hsp": [7.686498054427378, 0.10774094595589656, 0.9160118451376079], "k_pid_vsp": [92.08559635795233, 14.965023433059354, 221.94098820174088]}, "datetime": {"datetime": "2025-08-13 09:53:29", "elapsed": 337.8887484073639, "delta": 31.225764513015747}, "costs": {"total_cost": 1560.3751131853567, "time_cost": 150, "final_distance_cost": 6.600352348853749, "oscillation_cost": 82.66385605365697, "completition_cost": 1000.0, "overshoot_cost": 165.4170998539863, "power_cost": 33.40728345947266, "noise_cost": 122.28652146938697, "n_waypoints_completed": 0, "tot_waypoints": 9}}
{"target": -1488.5820982571177, "params": {"k_pid_pos": [0.7419074754964913, 0.8297897431324132, 0.8082514720643018], "k_pid_alt": [0.6342777856454307, 0.952899395069745, 0.2909178381401186], "k_pid_att": [51.50571292317145, 2.559725309166971, 0.9360435700489633], "k_pid_yaw": [0.5, 1e-06, 0.1], "k_pid_hsp": [1.6461617150384233, 0.04491061939232899, 0.43509706000303794], "k_pid_vsp": [396.9502256223348, 356.6709066102883, 299.4432080341717]}, "datetime": {"datetime": "2025-08-13 09:54:08", "elapsed": 376.85107707977295, "delta": 38.96232867240906}, "costs": {"total_cost": 1488.5820982571177, "time_cost": 150, "final_distance_cost": 96.00354589051058, "oscillation_cost": 349.16093756294765, "completition_cost": 777.7777777777778, "overshoot_cost": 53.35989351992492, "power_cost": 34.181521191406254, "noise_cost": 28.098422314550273, "n_waypoints_completed": 2, "tot_waypoints": 9}}
{"target": -457.1214186142509, "params": {"k_pid_pos": [1.781595902507962, 0.8934466396978632, 0.5188583603864491], "k_pid_alt": [0.631858103661586, 0.772012432110988, 0.6616612631677611], "k_pid_att": [37.36577288737101, 0.9447572339483465, 0.746789611349026], "k_pid_yaw": [0.5, 1e-06, 0.1], "k_pid_hsp": [2.6246789131770547, 0.9368131505337792, 0.24097057500568475], "k_pid_vsp": [49.10317296459441, 332.4450690188498, 61.3137274965133]}, "datetime": {"datetime": "2025-08-13 09:54:38", "elapsed": 406.8074731826782, "delta": 29.956396102905273}, "costs": {"total_cost": 457.1214186142509, "time_cost": 113.554, "final_distance_cost": 1.749580711508602, "oscillation_cost": 206.92054253187942, "completition_cost": 0.0, "overshoot_cost": 64.2423038083337, "power_cost": 39.58908286132813, "noise_cost": 31.065908701201042, "n_waypoints_completed": 9, "tot_waypoints": 9}}
{"target": -1563.0227247282526, "params": {"k_pid_pos": [0.3586186894846624, 0.5993827915208435, 0.8745620408374645], "k_pid_alt": [0.3928693314291465, 0.31032367290009477, 0.7774048382411776], "k_pid_att": [97.18264260609673, 5.007461787904803, 0.14389750255125078], "k_pid_yaw": [0.5, 1e-06, 0.1], "k_pid_hsp": [0.1394614834532446, 0.22965602999885526, 0.13182221778652103], "k_pid_vsp": [271.06346944514297, 48.733002729579944, 202.53197314192326]}, "datetime": {"datetime": "2025-08-13 09:55:09", "elapsed": 437.9733362197876, "delta": 31.165863037109375}, "costs": {"total_cost": 1563.0227247282526, "time_cost": 150, "final_distance_cost": 47.16476316508359, "oscillation_cost": 554.3675166049999, "completition_cost": 666.6666666666667, "overshoot_cost": 83.20777088702744, "power_cost": 33.05885272216797, "noise_cost": 28.557154682306795, "n_waypoints_completed": 3, "tot_waypoints": 9}}
{"target": -423.2800946611867, "params": {"k_pid_pos": [1.3885554450422086, 0.5811166092209024, 0.19977565166005762], "k_pid_alt": [1.6082490523645254, 0.7154071296158017, 0.7389840039155418], "k_pid_att": [13.105775155731326, 1.2376256611230811, 0.9275625510065076], "k_pid_yaw": [0.5, 1e-06, 0.1], "k_pid_hsp": [3.9758421804300244, 0.30094869178093975, 0.4885840453515333], "k_pid_vsp": [265.14568510543296, 382.2493028631647, 114.57849146637578]}, "datetime": {"datetime": "2025-08-13 09:55:35", "elapsed": 463.1162347793579, "delta": 25.142898559570312}, "costs": {"total_cost": 423.2800946611867, "time_cost": 100.527, "final_distance_cost": 1.7601906391189672, "oscillation_cost": 196.6977499482266, "completition_cost": 0.0, "overshoot_cost": 59.98338239130284, "power_cost": 35.97559757080078, "noise_cost": 28.336174111737474, "n_waypoints_completed": 9, "tot_waypoints": 9}}
{"target": -501.8877061936189, "params": {"k_pid_pos": [1.849624377781123, 0.024859491386256316, 0.5551980423268247], "k_pid_alt": [1.2679502233621702, 0.1058974037507533, 0.14033959706391264], "k_pid_att": [41.91143193163038, 9.662322498240602, 0.5960425532343728], "k_pid_yaw": [0.5, 1e-06, 0.1], "k_pid_hsp": [9.330238913679953, 0.8043609156129707, 0.4673816015552915], "k_pid_vsp": [313.90537970087496, 7.134714572958311, 43.657599597149975]}, "datetime": {"datetime": "2025-08-13 09:55:59", "elapsed": 487.0778636932373, "delta": 23.961628913879395}, "costs": {"total_cost": 501.8877061936189, "time_cost": 88.851, "final_distance_cost": 1.7775625833629962, "oscillation_cost": 311.9946029835628, "completition_cost": 0.0, "overshoot_cost": 52.85042623903528, "power_cost": 24.987814978027345, "noise_cost": 21.4262994096305, "n_waypoints_completed": 9, "tot_waypoints": 9}}
{"target": -666.0123208196839, "params": {"k_pid_pos": [1.6588742869039843, 0.7968170883251617, 0.2326407419664337], "k_pid_alt": [1.061539181198107, 0.6060158207000109, 0.8677389537760112], "k_pid_att": [60.31071573387257, 4.125774435579876, 0.3741840434071827], "k_pid_yaw": [0.5, 1e-06, 0.1], "k_pid_hsp": [4.258878275526461, 0.6519310255799742, 0.8674906317523249], "k_pid_vsp": [181.5587528305199, 99.13582593270368, 94.6649459623701]}, "datetime": {"datetime": "2025-08-13 09:56:27", "elapsed": 515.3448300361633, "delta": 28.266966342926025}, "costs": {"total_cost": 666.0123208196839, "time_cost": 150, "final_distance_cost": 37.74054394316227, "oscillation_cost": 224.82473096419892, "completition_cost": 111.11111111111116, "overshoot_cost": 69.25950648199907, "power_cost": 40.14450419921875, "noise_cost": 32.9319241199936, "n_waypoints_completed": 8, "tot_waypoints": 9}}
{"target": -1071.3381447636116, "params": {"k_pid_pos": [1.4920539590588684, 0.8165687634239104, 0.10527807985412496], "k_pid_alt": [0.13311771391035632, 0.5944336637564518, 0.14617324419269828], "k_pid_att": [82.46641904563413, 3.1034157057733522, 0.14387193297114265], "k_pid_yaw": [0.5, 1e-06, 0.1], "k_pid_hsp": [9.209712627827253, 0.16553172273527816, 0.28472008233793555], "k_pid_vsp": [61.44535807682345, 46.19602635065192, 8.459207513427996]}, "datetime": {"datetime": "2025-08-13 09:56:55", "elapsed": 543.7831981182098, "delta": 28.43836808204651}, "costs": {"total_cost": 1071.3381447636116, "time_cost": 150, "final_distance_cost": 57.410510355820364, "oscillation_cost": 288.090283565822, "completition_cost": 444.4444444444444, "overshoot_cost": 64.08258013248599, "power_cost": 33.94937639160156, "noise_cost": 33.360949873437136, "n_waypoints_completed": 5, "tot_waypoints": 9}}
{"target": -1834.7174236564395, "params": {"k_pid_pos": [0.1108852787876038, 0.1746414709358527, 0.05338193262717539], "k_pid_alt": [1.1822876322219424, 0.6807145267995064, 0.39363045683202824], "k_pid_att": [31.79910969520494, 5.045311917598599, 0.8750049422346086], "k_pid_yaw": [0.5, 1e-06, 0.1], "k_pid_hsp": [8.511331155059377, 0.04347506201279194, 0.18149840959652408], "k_pid_vsp": [94.6979484417584, 99.75503108349716, 228.49306112587644]}, "datetime": {"datetime": "2025-08-13 09:57:24", "elapsed": 572.2103462219238, "delta": 28.42714810371399}, "costs": {"total_cost": 1834.7174236564395, "time_cost": 150, "final_distance_cost": 51.18248688597971, "oscillation_cost": 568.024576402501, "completition_cost": 888.8888888888888, "overshoot_cost": 91.97399260085982, "power_cost": 35.224015600585936, "noise_cost": 49.42346327762435, "n_waypoints_completed": 1, "tot_waypoints": 9}}
{"target": -562.9112832467362, "params": {"k_pid_pos": [0.8325832251638142, 0.04925411992759399, 0.3736141384595716], "k_pid_alt": [1.0475058974352744, 0.10167190290371597, 0.8334585537885597], "k_pid_att": [5.196186646510426, 9.248426205993718, 0.0991131415798755], "k_pid_yaw": [0.5, 1e-06, 0.1], "k_pid_hsp": [8.435765158482369, 0.9026531439276171, 0.9795706805865927], "k_pid_vsp": [320.8103521094374, 311.79101652905405, 256.99331075573576]}, "datetime": {"datetime": "2025-08-13 09:57:50", "elapsed": 598.7430830001831, "delta": 26.532736778259277}, "costs": {"total_cost": 562.9112832467362, "time_cost": 112.861, "final_distance_cost": 1.8380135518788112, "oscillation_cost": 334.17727812906577, "completition_cost": 0.0, "overshoot_cost": 64.58024273462718, "power_cost": 25.392271936035158, "noise_cost": 24.062476895129276, "n_waypoints_completed": 9, "tot_waypoints": 9}}
{"target": -1115.2772505543242, "params": {"k_pid_pos": [1.5580148095208002, 0.13455220841314708, 0.5360680359476373], "k_pid_alt": [1.028445740380829, 0.8575721441225576, 0.46279936559351587], "k_pid_att": [38.508949610035344, 6.395668756043977, 0.26646331750084606], "k_pid_yaw": [0.5, 1e-06, 0.1], "k_pid_hsp": [1.3977701326984733, 0.4778772740237458, 0.416889368594885], "k_pid_vsp": [93.02797621154949, 147.0047246785394, 146.5569805641065]}, "datetime": {"datetime": "2025-08-13 09:58:18", "elapsed": 626.83478474617, "delta": 28.09170174598694}, "costs": {"total_cost": 1115.2772505543242, "time_cost": 150, "final_distance_cost": 57.200555021549704, "oscillation_cost": 338.10462144537433, "completition_cost": 444.4444444444444, "overshoot_cost": 55.89446161785296, "power_cost": 37.05526315917969, "noise_cost": 32.577904865923045, "n_waypoints_completed": 5, "tot_waypoints": 9}}
{"target": -1078.337214164562, "params": {"k_pid_pos": [0.6550583792686496, 0.37946407972692897, 0.6857433454559454], "k_pid_alt": [0.5937529491425706, 0.9488579267153404, 0.9163480195381779], "k_pid_att": [48.09104283000786, 3.283679213926388, 0.5354347898300031], "k_pid_yaw": [0.5, 1e-06, 0.1], "k_pid_hsp": [8.485620031687368, 0.652587340560102, 0.8043918279470774], "k_pid_vsp": [213.08891042629608, 253.16705207413065, 115.26224638482907]}, "datetime": {"datetime": "2025-08-13 09:58:46", "elapsed": 654.8504159450531, "delta": 28.015631198883057}, "costs": {"total_cost": 1078.337214164562, "time_cost": 150, "final_distance_cost": 69.04477546204868, "oscillation_cost": 507.28076965331036, "completition_cost": 222.2222222222222, "overshoot_cost": 60.606242243634455, "power_cost": 38.22477673339844, "noise_cost": 30.958427849947867, "n_waypoints_completed": 7, "tot_waypoints": 9}}
{"target": -1012.220002852032, "params": {"k_pid_pos": [1.4698128353043505, 0.20240459312571835, 0.6947981288184982], "k_pid_alt": [1.7214381366517881, 0.13210283730154393, 0.6143797405419198], "k_pid_att": [9.50957482299346, 7.257183711151441, 0.08449321882352023], "k_pid_yaw": [0.5, 1e-06, 0.1], "k_pid_hsp": [9.35940463302399, 0.13740793003780216, 0.9588802459090804], "k_pid_vsp": [320.3536704340387, 237.47280219285963, 313.04964206919465]}, "datetime": {"datetime": "2025-08-13 09:59:15", "elapsed": 683.0754315853119, "delta": 28.22501564025879}, "costs": {"total_cost": 1012.220002852032, "time_cost": 150, "final_distance_cost": 68.13249179513781, "oscillation_cost": 452.8639946564911, "completition_cost": 222.2222222222222, "overshoot_cost": 54.094113268628526, "power_cost": 35.410096020507815, "noise_cost": 29.497084889044526, "n_waypoints_completed": 7, "tot_waypoints": 9}}
{"target": -744.7941913336718, "params": {"k_pid_pos": [1.5902501664822735, 0.9460270628173303, 0.2533833538391872], "k_pid_alt": [1.1801517907166184, 0.09504919756440122, 0.6161657000241213], "k_pid_att": [17.12913040927888, 5.649549619663271, 0.5724305140338497], "k_pid_yaw": [0.5, 1e-06, 0.1], "k_pid_hsp": [4.659904931296975, 0.5226317755131228, 0.7639233900065879], "k_pid_vsp": [319.69788660482664, 196.86128673801844, 239.83737700945147]}, "datetime": {"datetime": "2025-08-13 09:59:43", "elapsed": 711.1924653053284, "delta": 28.11703372001648}, "costs": {"total_cost": 744.7941913336718, "time_cost": 150, "final_distance_cost": 65.20854278812827, "oscillation_cost": 180.36999241641496, "completition_cost": 222.2222222222222, "overshoot_cost": 68.21235560436195, "power_cost": 31.53527291259766, "noise_cost": 27.245805389946824, "n_waypoints_completed": 7, "tot_waypoints": 9}}
