{"target": -195.50456621359427, "params": {"k_pid_pos": [0.9421640900086891, 0.06855272384981756, 0.2593372125717817], "k_pid_alt": [1.7736370381293398, 0.0, 0.025420573145018305], "k_pid_att": [9.988838274382204, 4.4941216439129645, 0.36614351556763136], "k_pid_yaw": [0.5, 1e-06, 0.1], "k_pid_hsp": [0.18538568236492448, 0.0153852181531267, 0.0], "k_pid_vsp": [272.31956275220796, 117.97830581308631, 0.173954344364483]}, "datetime": {"datetime": "2025-08-13 20:41:26", "elapsed": 39214.633840322495, "delta": 16.761773347854614}, "costs": {"total_cost": 195.50456621359427, "time_cost": 71.484, "final_distance_cost": 1.8305684887278504, "oscillation_cost": 28.118102574136124, "completition_cost": 0.0, "overshoot_cost": 51.48520142222523, "power_cost": 20.138646337890627, "noise_cost": 22.448047390614438, "n_waypoints_completed": 9, "tot_waypoints": 9}}
{"target": -190.96141665933544, "params": {"k_pid_pos": [0.7465284703071308, 0.03182772773670809, 0.2935836128614154], "k_pid_alt": [1.6104856504328888, 0.0, 0.025835903914383618], "k_pid_att": [10.97678491059758, 2.8049226268995375, 0.6128901944865564], "k_pid_yaw": [0.5, 1e-06, 0.1], "k_pid_hsp": [0.27304908036521236, 0.010220635104166119, 0.0], "k_pid_vsp": [246.64761134372762, 116.57696795702326, 0.14994959534009578]}, "datetime": {"datetime": "2025-08-13 20:41:45", "elapsed": 39233.15463089943, "delta": 18.520790576934814}, "costs": {"total_cost": 190.96141665933544, "time_cost": 74.319, "final_distance_cost": 1.851042413634321, "oscillation_cost": 26.553291804915663, "completition_cost": 0.0, "overshoot_cost": 50.88356263515698, "power_cost": 14.808332946777345, "noise_cost": 22.546186858851136, "n_waypoints_completed": 9, "tot_waypoints": 9}}
{"target": -183.377864744666, "params": {"k_pid_pos": [0.982812592828146, 0.057995447823110426, 0.3155695642131314], "k_pid_alt": [1.5464308648778984, 0.0, 0.023385593500902187], "k_pid_att": [9.715276169444172, 4.078824523868321, 0.6469363171540379], "k_pid_yaw": [0.5, 1e-06, 0.1], "k_pid_hsp": [0.19747080987747276, 0.0117366842216008, 0.0], "k_pid_vsp": [261.26103250968805, 114.53385520092627, 0.1493344926420869]}, "datetime": {"datetime": "2025-08-13 20:42:01", "elapsed": 39249.48101615906, "delta": 16.326385259628296}, "costs": {"total_cost": 183.377864744666, "time_cost": 69.71300000000001, "final_distance_cost": 1.8298056248134489, "oscillation_cost": 27.273351528601243, "completition_cost": 0.0, "overshoot_cost": 49.98184748762601, "power_cost": 13.743369580078125, "noise_cost": 20.836490523547155, "n_waypoints_completed": 9, "tot_waypoints": 9}}
{"target": -179.35628796119923, "params": {"k_pid_pos": [0.979082229891735, 0.05431463603334077, 0.231775931162037], "k_pid_alt": [1.8141085079977597, 0.0, 0.029334465929731376], "k_pid_att": [8.764856919067695, 3.5648572168644628, 0.5843714918171398], "k_pid_yaw": [0.5, 1e-06, 0.1], "k_pid_hsp": [0.24961471956052314, 0.020687063475873898, 0.0], "k_pid_vsp": [265.44823262657786, 118.15380969192161, 0.18777701469325278]}, "datetime": {"datetime": "2025-08-13 20:42:18", "elapsed": 39266.92389011383, "delta": 17.44287395477295}, "costs": {"total_cost": 179.35628796119923, "time_cost": 69.048, "final_distance_cost": 1.833292609790702, "oscillation_cost": 28.645194489826025, "completition_cost": 0.0, "overshoot_cost": 50.2002585135278, "power_cost": 10.424694116210938, "noise_cost": 19.20484823184376, "n_waypoints_completed": 9, "tot_waypoints": 9}}
{"target": -189.63409102976829, "params": {"k_pid_pos": [0.8945795961689108, 0.049530365398174125, 0.24824787087026423], "k_pid_alt": [1.4623582616340094, 0.0, 0.02261037687480851], "k_pid_att": [12.512867844482793, 4.228839521291192, 0.5399561516300325], "k_pid_yaw": [0.5, 1e-06, 0.1], "k_pid_hsp": [0.2263259909314075, 0.01658487048498411, 0.0], "k_pid_vsp": [276.64674159565567, 83.8701295279033, 0.1741311288717057]}, "datetime": {"datetime": "2025-08-13 20:42:35", "elapsed": 39283.47322654724, "delta": 16.549336433410645}, "costs": {"total_cost": 189.63409102976829, "time_cost": 70.791, "final_distance_cost": 1.838303650930353, "oscillation_cost": 26.882078221251145, "completition_cost": 0.0, "overshoot_cost": 50.68178472068993, "power_cost": 17.371468041992188, "noise_cost": 22.069456394904677, "n_waypoints_completed": 9, "tot_waypoints": 9}}
{"target": -188.52167690958564, "params": {"k_pid_pos": [0.7537306677962419, 0.06860296345913817, 0.2638155666180272], "k_pid_alt": [1.3578804793074635, 0.0, 0.020868117196133667], "k_pid_att": [10.774106789743294, 3.483900296506255, 0.6354913399500252], "k_pid_yaw": [0.5, 1e-06, 0.1], "k_pid_hsp": [0.22271043815810185, 0.013651076287541246, 0.0], "k_pid_vsp": [266.231422177774, 93.6308628547754, 0.2141364441451585]}, "datetime": {"datetime": "2025-08-13 20:42:53", "elapsed": 39301.87058591843, "delta": 18.397359371185303}, "costs": {"total_cost": 188.52167690958564, "time_cost": 73.143, "final_distance_cost": 1.836373511138409, "oscillation_cost": 26.638652969572654, "completition_cost": 0.0, "overshoot_cost": 51.00541247890717, "power_cost": 14.017979101562501, "noise_cost": 21.880258848404917, "n_waypoints_completed": 9, "tot_waypoints": 9}}
{"target": -193.16065124745896, "params": {"k_pid_pos": [0.9057608889243988, 0.0483757134925129, 0.35725874872052127], "k_pid_alt": [1.1802182289011138, 0.0, 0.026933943244873953], "k_pid_att": [10.604678175056362, 3.772331599784348, 0.6539989956981925], "k_pid_yaw": [0.5, 1e-06, 0.1], "k_pid_hsp": [0.2196189172600156, 0.014590752228602635, 0.0], "k_pid_vsp": [254.7013608719809, 124.00622033125639, 0.19832732061700997]}, "datetime": {"datetime": "2025-08-13 20:43:11", "elapsed": 39319.534529685974, "delta": 17.663943767547607}, "costs": {"total_cost": 193.16065124745896, "time_cost": 71.89, "final_distance_cost": 1.8489948724981482, "oscillation_cost": 27.181500497610962, "completition_cost": 0.0, "overshoot_cost": 50.504106048112824, "power_cost": 19.156855529785158, "noise_cost": 22.579194299451878, "n_waypoints_completed": 9, "tot_waypoints": 9}}
{"target": -181.3196589825026, "params": {"k_pid_pos": [1.194581414149301, 0.07023369708046151, 0.3054625676484748], "k_pid_alt": [1.2786661723136306, 0.0, 0.017005288663561022], "k_pid_att": [8.890867169693914, 3.880528292643485, 0.6031973841354517], "k_pid_yaw": [0.5, 1e-06, 0.1], "k_pid_hsp": [0.202464123407217, 0.013689031036106409, 0.0], "k_pid_vsp": [295.7650923243971, 114.4818280183522, 0.19485757045761168]}, "datetime": {"datetime": "2025-08-13 20:43:28", "elapsed": 39336.36351108551, "delta": 16.828981399536133}, "costs": {"total_cost": 181.3196589825026, "time_cost": 69.034, "final_distance_cost": 1.8328918918858499, "oscillation_cost": 29.77273025440787, "completition_cost": 0.0, "overshoot_cost": 50.06681425195554, "power_cost": 11.064878100585938, "noise_cost": 19.5483444836674, "n_waypoints_completed": 9, "tot_waypoints": 9}}
{"target": -195.7055148682835, "params": {"k_pid_pos": [1.0138269899716912, 0.05672262066554978, 0.3755016772556714], "k_pid_alt": [1.5525944670575813, 0.0, 0.02642410256970271], "k_pid_att": [11.26089289679071, 5.203531263846156, 0.704354520959587], "k_pid_yaw": [0.5, 1e-06, 0.1], "k_pid_hsp": [0.18937835756405355, 0.015250406992466338, 0.0], "k_pid_vsp": [192.88134584642498, 101.81571995489945, 0.16719139919300588]}, "datetime": {"datetime": "2025-08-13 20:43:47", "elapsed": 39355.6406083107, "delta": 19.27709722518921}, "costs": {"total_cost": 195.7055148682835, "time_cost": 70.581, "final_distance_cost": 1.8300032588795627, "oscillation_cost": 28.254386295233797, "completition_cost": 0.0, "overshoot_cost": 50.80267763656184, "power_cost": 21.237047277832033, "noise_cost": 23.000400399776282, "n_waypoints_completed": 9, "tot_waypoints": 9}}
{"target": -194.09554107422804, "params": {"k_pid_pos": [0.8114657378585511, 0.05802313310377958, 0.24031019299645373], "k_pid_alt": [1.1561858559439608, 0.0, 0.018655068734069007], "k_pid_att": [11.388641432429715, 3.7888576386047688, 0.6039465940845457], "k_pid_yaw": [0.5, 1e-06, 0.1], "k_pid_hsp": [0.248579045312765, 0.018906331620559297, 0.0], "k_pid_vsp": [336.7233549973236, 130.5401787305367, 0.1453908709830086]}, "datetime": {"datetime": "2025-08-13 20:44:04", "elapsed": 39372.65440940857, "delta": 17.013801097869873}, "costs": {"total_cost": 194.09554107422804, "time_cost": 72.184, "final_distance_cost": 1.8360467636720015, "oscillation_cost": 27.36345203428003, "completition_cost": 0.0, "overshoot_cost": 50.75532354779144, "power_cost": 18.843922888183595, "noise_cost": 23.112795840300972, "n_waypoints_completed": 9, "tot_waypoints": 9}}
{"target": -187.93941465368695, "params": {"k_pid_pos": [0.8140672072465271, 0.04859639978501121, 0.3159027254663977], "k_pid_alt": [1.2740974369338334, 0.0, 0.02503190436640529], "k_pid_att": [12.288850577620371, 2.0626068354187885, 0.6736664905206992], "k_pid_yaw": [0.5, 1e-06, 0.1], "k_pid_hsp": [0.1719375059390801, 0.015775329978827014, 0.0], "k_pid_vsp": [225.89329334759472, 80.25267593968263, 0.1568117740837204]}, "datetime": {"datetime": "2025-08-13 20:44:22", "elapsed": 39390.5804040432, "delta": 17.925994634628296}, "costs": {"total_cost": 187.93941465368695, "time_cost": 72.156, "final_distance_cost": 1.8477860147549543, "oscillation_cost": 26.537598039223553, "completition_cost": 0.0, "overshoot_cost": 50.868928002043006, "power_cost": 14.652780017089844, "noise_cost": 21.876322580575586, "n_waypoints_completed": 9, "tot_waypoints": 9}}
{"target": -181.6397727854077, "params": {"k_pid_pos": [1.1163335842387847, 0.04374115271687651, 0.2923355411626192], "k_pid_alt": [1.7856439203426735, 0.0, 0.020711968085517927], "k_pid_att": [10.004755726852201, 3.4761220051293034, 0.6836492172009504], "k_pid_yaw": [0.5, 1e-06, 0.1], "k_pid_hsp": [0.21505857111858084, 0.021871574462864585, 0.0], "k_pid_vsp": [306.2760688498828, 90.71841539834698, 0.19163810670449943]}, "datetime": {"datetime": "2025-08-13 20:44:39", "elapsed": 39407.078896045685, "delta": 16.498492002487183}, "costs": {"total_cost": 181.6397727854077, "time_cost": 68.964, "final_distance_cost": 1.8432485987488505, "oscillation_cost": 29.277449923032023, "completition_cost": 0.0, "overshoot_cost": 50.10289036899079, "power_cost": 11.607433471679688, "noise_cost": 19.84475042295634, "n_waypoints_completed": 9, "tot_waypoints": 9}}
{"target": -193.817473652963, "params": {"k_pid_pos": [0.8154201880269882, 0.03561458697527073, 0.29458412412455665], "k_pid_alt": [1.4984962164441953, 0.0, 0.02561585047367045], "k_pid_att": [9.555341360814603, 4.4368800246534885, 0.33846305090034234], "k_pid_yaw": [0.5, 1e-06, 0.1], "k_pid_hsp": [0.24755439815831481, 0.012867151931170565, 0.0], "k_pid_vsp": [256.81175855214286, 90.91856924629049, 0.18431500214416877]}, "datetime": {"datetime": "2025-08-13 20:44:57", "elapsed": 39425.502781391144, "delta": 18.423885345458984}, "costs": {"total_cost": 193.817473652963, "time_cost": 72.779, "final_distance_cost": 1.850515807724205, "oscillation_cost": 28.042189174446516, "completition_cost": 0.0, "overshoot_cost": 50.60732899601449, "power_cost": 17.62478259277344, "noise_cost": 22.913657082004324, "n_waypoints_completed": 9, "tot_waypoints": 9}}
{"target": -187.9428921406563, "params": {"k_pid_pos": [0.8729326988595343, 0.07352286441126571, 0.2144738926716315], "k_pid_alt": [1.4111553593300765, 0.0, 0.022491315440429992], "k_pid_att": [10.136427584015015, 4.941477730728262, 0.7898165770038109], "k_pid_yaw": [0.5, 1e-06, 0.1], "k_pid_hsp": [0.15640554330165646, 0.014653381953337638, 0.0], "k_pid_vsp": [261.3210571590565, 91.96508414355401, 0.1987270901818082]}, "datetime": {"datetime": "2025-08-13 20:45:14", "elapsed": 39442.06270480156, "delta": 16.55992341041565}, "costs": {"total_cost": 187.9428921406563, "time_cost": 70.049, "final_distance_cost": 1.8253413185239997, "oscillation_cost": 27.339729281148866, "completition_cost": 0.0, "overshoot_cost": 50.42407003622974, "power_cost": 16.673975354003908, "noise_cost": 21.630776150749792, "n_waypoints_completed": 9, "tot_waypoints": 9}}
{"target": -179.73203917659288, "params": {"k_pid_pos": [1.1644452405195596, 0.03791345805096378, 0.2508385358326765], "k_pid_alt": [1.260518503826567, 0.0, 0.022251970979045684], "k_pid_att": [7.935570397761455, 2.4711871985051648, 0.6412818183407462], "k_pid_yaw": [0.5, 1e-06, 0.1], "k_pid_hsp": [0.19091201200222993, 0.018602045648366174, 0.0], "k_pid_vsp": [394.81746605868256, 117.30583959372348, 0.16475676501192352]}, "datetime": {"datetime": "2025-08-13 20:45:31", "elapsed": 39459.56478643417, "delta": 17.502081632614136}, "costs": {"total_cost": 179.73203917659288, "time_cost": 68.915, "final_distance_cost": 1.828450181833629, "oscillation_cost": 29.819473117127714, "completition_cost": 0.0, "overshoot_cost": 49.79887501898571, "power_cost": 10.221183215332031, "noise_cost": 19.149057643313792, "n_waypoints_completed": 9, "tot_waypoints": 9}}
{"target": -187.2429453545583, "params": {"k_pid_pos": [0.9362902477881508, 0.0690812493092177, 0.32789447230211405], "k_pid_alt": [1.356265797489927, 0.0, 0.02220808618876247], "k_pid_att": [8.491853121002675, 4.025870068524548, 0.5866481640552478], "k_pid_yaw": [0.5, 1e-06, 0.1], "k_pid_hsp": [0.17059355297551806, 0.015316162920255985, 0.0], "k_pid_vsp": [276.8447208474869, 103.18268707889455, 0.20128210285418754]}, "datetime": {"datetime": "2025-08-13 20:45:47", "elapsed": 39475.89016413689, "delta": 16.325377702713013}, "costs": {"total_cost": 187.2429453545583, "time_cost": 70.595, "final_distance_cost": 1.8355696934400076, "oscillation_cost": 26.955590832390264, "completition_cost": 0.0, "overshoot_cost": 50.709076420007754, "power_cost": 15.673834692382814, "noise_cost": 21.47387371633745, "n_waypoints_completed": 9, "tot_waypoints": 9}}
{"target": -188.41704099752684, "params": {"k_pid_pos": [0.8665421792415593, 0.05225184978124527, 0.24614705585217192], "k_pid_alt": [1.1812223788324545, 0.0, 0.029351722040586014], "k_pid_att": [11.09588051889579, 5.6709835775690225, 0.4445515871525169], "k_pid_yaw": [0.5, 1e-06, 0.1], "k_pid_hsp": [0.2820995013500133, 0.01471521320837983, 0.0], "k_pid_vsp": [400.0, 112.36399597016141, 0.1632339380072243]}, "datetime": {"datetime": "2025-08-13 20:46:05", "elapsed": 39493.40346240997, "delta": 17.513298273086548}, "costs": {"total_cost": 188.41704099752684, "time_cost": 71.638, "final_distance_cost": 1.8378938967409253, "oscillation_cost": 27.673619393552425, "completition_cost": 0.0, "overshoot_cost": 50.76690828789177, "power_cost": 14.78219852294922, "noise_cost": 21.71842089639249, "n_waypoints_completed": 9, "tot_waypoints": 9}}
{"target": -198.1856056282256, "params": {"k_pid_pos": [0.72990132389485, 0.05422605219309526, 0.3088325541306253], "k_pid_alt": [1.025915559488179, 0.0, 0.02630651269348191], "k_pid_att": [9.174957665511466, 3.8908281542873002, 0.6446499754212389], "k_pid_yaw": [0.5, 1e-06, 0.1], "k_pid_hsp": [0.2034128598995325, 0.013279500087740407, 0.0], "k_pid_vsp": [307.937380254061, 137.90337576406762, 0.1822523696696715]}, "datetime": {"datetime": "2025-08-13 20:46:23", "elapsed": 39511.47389626503, "delta": 18.070433855056763}, "costs": {"total_cost": 198.1856056282256, "time_cost": 75.11, "final_distance_cost": 1.8522573881923388, "oscillation_cost": 26.958272133420316, "completition_cost": 0.0, "overshoot_cost": 50.89107320951438, "power_cost": 19.55547313232422, "noise_cost": 23.81852976477436, "n_waypoints_completed": 9, "tot_waypoints": 9}}
{"target": -184.87376509639117, "params": {"k_pid_pos": [0.969148477418169, 0.0559024701437738, 0.27818798010662943], "k_pid_alt": [2.0, 0.0, 0.023394042406164495], "k_pid_att": [7.954154496918735, 4.800661545200231, 0.6098511116003422], "k_pid_yaw": [0.5, 1e-06, 0.1], "k_pid_hsp": [0.17291743905315912, 0.01641326426805676, 0.0], "k_pid_vsp": [246.39782323660833, 112.41899831247258, 0.17310336686039066]}, "datetime": {"datetime": "2025-08-13 20:46:41", "elapsed": 39529.13934087753, "delta": 17.66544461250305}, "costs": {"total_cost": 184.87376509639117, "time_cost": 69.468, "final_distance_cost": 1.8435575595360423, "oscillation_cost": 28.587570194230036, "completition_cost": 0.0, "overshoot_cost": 50.12703638238164, "power_cost": 14.13344033203125, "noise_cost": 20.714160628212202, "n_waypoints_completed": 9, "tot_waypoints": 9}}
{"target": -203.06618269977122, "params": {"k_pid_pos": [0.6088376318935197, 0.06184761724084381, 0.3193633449732911], "k_pid_alt": [1.3461297584853522, 0.0, 0.026042040923123788], "k_pid_att": [10.83526691084362, 3.6448119726030757, 0.6081475224548613], "k_pid_yaw": [0.5, 1e-06, 0.1], "k_pid_hsp": [0.221843123876705, 0.01685046996498301, 0.0], "k_pid_vsp": [310.1590059646521, 108.17841051910074, 0.18040354515668497]}, "datetime": {"datetime": "2025-08-13 20:47:00", "elapsed": 39548.935425281525, "delta": 19.7960844039917}, "costs": {"total_cost": 203.06618269977122, "time_cost": 77.616, "final_distance_cost": 1.8449340580249722, "oscillation_cost": 25.378311513642416, "completition_cost": 0.0, "overshoot_cost": 52.11838797829494, "power_cost": 20.803621008300784, "noise_cost": 25.304928141508114, "n_waypoints_completed": 9, "tot_waypoints": 9}}
{"target": -183.7483305268196, "params": {"k_pid_pos": [0.9851048973934997, 0.06380538701744957, 0.2967613140166021], "k_pid_alt": [1.524928117359032, 0.0, 0.0255386872122217], "k_pid_att": [11.40760287727601, 4.604799082806578, 0.5406375322230864], "k_pid_yaw": [0.5, 1e-06, 0.1], "k_pid_hsp": [0.21500823303109629, 0.014692538122524954, 0.0], "k_pid_vsp": [275.79658782948087, 160.50831549192213, 0.17412167187504582]}, "datetime": {"datetime": "2025-08-13 20:47:18", "elapsed": 39566.156381845474, "delta": 17.220956563949585}, "costs": {"total_cost": 183.7483305268196, "time_cost": 69.71300000000001, "final_distance_cost": 1.8302190540933037, "oscillation_cost": 27.368036345752415, "completition_cost": 0.0, "overshoot_cost": 49.726031331233735, "power_cost": 14.164454968261719, "noise_cost": 20.946588827478422, "n_waypoints_completed": 9, "tot_waypoints": 9}}
{"target": -185.3494251590053, "params": {"k_pid_pos": [0.9183015673591859, 0.05610099223297316, 0.2448841708366718], "k_pid_alt": [1.8939784605645036, 0.0, 0.028148566938779946], "k_pid_att": [9.966694403644206, 5.506246513826922, 0.4941943148393109], "k_pid_yaw": [0.5, 1e-06, 0.1], "k_pid_hsp": [0.21078399307381224, 0.01214445676639684, 0.0], "k_pid_vsp": [294.0639445480758, 126.88182951673726, 0.15210351751259302]}, "datetime": {"datetime": "2025-08-13 20:47:38", "elapsed": 39586.90017080307, "delta": 20.743788957595825}, "costs": {"total_cost": 185.3494251590053, "time_cost": 70.161, "final_distance_cost": 1.8374001596981726, "oscillation_cost": 27.1570085510013, "completition_cost": 0.0, "overshoot_cost": 50.473488171564185, "power_cost": 14.696236389160157, "noise_cost": 21.02429188758149, "n_waypoints_completed": 9, "tot_waypoints": 9}}
{"target": -188.18061510819, "params": {"k_pid_pos": [0.8043318201987222, 0.05422520209774679, 0.2829896423756661], "k_pid_alt": [1.453712667537043, 0.0, 0.028277193718995838], "k_pid_att": [10.438199056387, 3.4255838060164527, 0.45349408386583473], "k_pid_yaw": [0.5, 1e-06, 0.1], "k_pid_hsp": [0.18737274441490884, 0.011504096772747848, 0.0], "k_pid_vsp": [300.51669432814725, 94.03807117670901, 0.1525758112951504]}, "datetime": {"datetime": "2025-08-13 20:48:04", "elapsed": 39612.47710108757, "delta": 25.576930284500122}, "costs": {"total_cost": 188.18061510819, "time_cost": 71.89, "final_distance_cost": 1.8381009042941705, "oscillation_cost": 26.25207547332859, "completition_cost": 0.0, "overshoot_cost": 50.93620338509865, "power_cost": 15.367286889648438, "noise_cost": 21.89694845582018, "n_waypoints_completed": 9, "tot_waypoints": 9}}
{"target": -181.62721274181146, "params": {"k_pid_pos": [0.8525857899659539, 0.05511258586311551, 0.33475007963304426], "k_pid_alt": [1.4953082545197425, 0.0, 0.02951845889853891], "k_pid_att": [9.17676440181096, 4.027040228160225, 0.6079753882048121], "k_pid_yaw": [0.5, 1e-06, 0.1], "k_pid_hsp": [0.19832638601055463, 0.013514760994473587, 0.0], "k_pid_vsp": [237.68978576181598, 111.69188402555115, 0.1832597094495799]}, "datetime": {"datetime": "2025-08-13 20:48:22", "elapsed": 39630.539831638336, "delta": 18.06273055076599}, "costs": {"total_cost": 181.62721274181146, "time_cost": 71.589, "final_distance_cost": 1.844352914553526, "oscillation_cost": 27.166795917490745, "completition_cost": 0.0, "overshoot_cost": 50.3184712087828, "power_cost": 10.358438562011719, "noise_cost": 20.35015413897267, "n_waypoints_completed": 9, "tot_waypoints": 9}}
{"target": -183.8513371481508, "params": {"k_pid_pos": [0.9730859283326131, 0.049898208169244486, 0.2889796191905612], "k_pid_alt": [1.4780101765121554, 0.0, 0.028054739791026958], "k_pid_att": [11.13930377291978, 1.5632730260573486, 0.6121036122849323], "k_pid_yaw": [0.5, 1e-06, 0.1], "k_pid_hsp": [0.21628541859720016, 0.013910076079830198, 0.0], "k_pid_vsp": [243.2245813946931, 111.76526567199575, 0.161620052240506]}, "datetime": {"datetime": "2025-08-13 20:48:39", "elapsed": 39647.24265241623, "delta": 16.702820777893066}, "costs": {"total_cost": 183.8513371481508, "time_cost": 69.72, "final_distance_cost": 1.8454011511111155, "oscillation_cost": 27.33732711873227, "completition_cost": 0.0, "overshoot_cost": 50.4009908754689, "power_cost": 13.64589501953125, "noise_cost": 20.901722983307277, "n_waypoints_completed": 9, "tot_waypoints": 9}}
