{"target": -201.07011029236045, "params": {"k_pid_pos": [0.5959634400906305, 0.04284738276668015, 0.3250155912421307], "k_pid_alt": [1.9484715791090759, 0.0, 0.02369597276728641], "k_pid_att": [15.158683328731618, 4.41220171428338, 0.554522144352254], "k_pid_yaw": [0.5, 1e-06, 0.1], "k_pid_hsp": [0.2668756384568412, 0.013277982401406282, 0.0], "k_pid_vsp": [267.2224775869667, 144.58243560205486, 0.22530682043184544]}, "datetime": {"datetime": "2025-08-13 20:34:16", "elapsed": 38784.0516166687, "delta": 18.291874170303345}, "costs": {"total_cost": 201.07011029236045, "time_cost": 78.561, "final_distance_cost": 1.850176355393885, "oscillation_cost": 25.511445796509715, "completition_cost": 0.0, "overshoot_cost": 51.41751328494696, "power_cost": 18.45546806640625, "noise_cost": 25.27450678910363, "n_waypoints_completed": 9, "tot_waypoints": 9}}
{"target": -183.50224843646117, "params": {"k_pid_pos": [0.918020227740751, 0.04342444825770139, 0.38321347472429146], "k_pid_alt": [1.4946671341136517, 0.0, 0.0263956065900689], "k_pid_att": [9.63056195817577, 3.056011491398016, 0.5901709574226812], "k_pid_yaw": [0.5, 1e-06, 0.1], "k_pid_hsp": [0.18652962898802997, 0.013880943083179295, 0.0], "k_pid_vsp": [297.15167131836046, 97.44529250579217, 0.1632558774601135]}, "datetime": {"datetime": "2025-08-13 20:34:32", "elapsed": 38800.74424576759, "delta": 16.692629098892212}, "costs": {"total_cost": 183.50224843646117, "time_cost": 71.071, "final_distance_cost": 1.8409116222085957, "oscillation_cost": 26.712126757842505, "completition_cost": 0.0, "overshoot_cost": 50.53906459943718, "power_cost": 12.441657519531251, "noise_cost": 20.897487937441646, "n_waypoints_completed": 9, "tot_waypoints": 9}}
{"target": -184.05202347513028, "params": {"k_pid_pos": [1.0167289322666972, 0.05621733483966821, 0.2865989233353092], "k_pid_alt": [1.3283955839968058, 0.0, 0.0286816250780028], "k_pid_att": [8.069609815451164, 4.07695079472709, 0.6373335704146011], "k_pid_yaw": [0.5, 1e-06, 0.1], "k_pid_hsp": [0.23925575489965714, 0.016484984337014678, 0.0], "k_pid_vsp": [311.1680892650568, 168.70539058539325, 0.19898471777173612]}, "datetime": {"datetime": "2025-08-13 20:34:49", "elapsed": 38817.27707052231, "delta": 16.532824754714966}, "costs": {"total_cost": 184.05202347513028, "time_cost": 69.51, "final_distance_cost": 1.8287148801830906, "oscillation_cost": 28.98994646815736, "completition_cost": 0.0, "overshoot_cost": 50.306721182100574, "power_cost": 12.948330895996094, "noise_cost": 20.468310048693187, "n_waypoints_completed": 9, "tot_waypoints": 9}}
{"target": -180.71007239252532, "params": {"k_pid_pos": [1.0106373926574992, 0.04307024943558785, 0.3694183539591808], "k_pid_alt": [1.4423107980102843, 0.0, 0.02615365103207189], "k_pid_att": [10.798227367252258, 3.4461141343399895, 0.7165029130565931], "k_pid_yaw": [0.5, 1e-06, 0.1], "k_pid_hsp": [0.2862450739586921, 0.011226502168824868, 0.0], "k_pid_vsp": [332.4329514195029, 128.1377389027929, 0.16725566221674115]}, "datetime": {"datetime": "2025-08-13 20:35:05", "elapsed": 38833.92369508743, "delta": 16.64662456512451}, "costs": {"total_cost": 180.71007239252532, "time_cost": 70.476, "final_distance_cost": 1.848534897295965, "oscillation_cost": 27.938764892801252, "completition_cost": 0.0, "overshoot_cost": 50.28980940898304, "power_cost": 10.192175903320313, "noise_cost": 19.964787290124757, "n_waypoints_completed": 9, "tot_waypoints": 9}}
{"target": -188.522425027166, "params": {"k_pid_pos": [1.1242286801422179, 0.05123414678529913, 0.3461637767981574], "k_pid_alt": [1.5969336640493348, 0.0, 0.031144335193768524], "k_pid_att": [11.57535093542935, 3.024672507991843, 0.5644448298536687], "k_pid_yaw": [0.5, 1e-06, 0.1], "k_pid_hsp": [0.18552138629234174, 0.014249338948695798, 0.0], "k_pid_vsp": [265.118634196089, 142.69569038540916, 0.17253398305926848]}, "datetime": {"datetime": "2025-08-13 20:35:23", "elapsed": 38851.21143698692, "delta": 17.287741899490356}, "costs": {"total_cost": 188.522425027166, "time_cost": 69.97200000000001, "final_distance_cost": 1.840187963058362, "oscillation_cost": 27.61189440664803, "completition_cost": 0.0, "overshoot_cost": 50.65366822886923, "power_cost": 17.018722656250002, "noise_cost": 21.425951772340394, "n_waypoints_completed": 9, "tot_waypoints": 9}}
{"target": -182.8398157236599, "params": {"k_pid_pos": [0.8807841665662747, 0.055968028006444494, 0.25443562395127933], "k_pid_alt": [1.4317988539558826, 0.0, 0.029028686791447444], "k_pid_att": [8.8553529316477, 5.47435812717008, 0.6004654091835319], "k_pid_yaw": [0.5, 1e-06, 0.1], "k_pid_hsp": [0.18482499359403604, 0.018222649278901014, 0.0], "k_pid_vsp": [226.3791860683011, 100.94702120439145, 0.1770314200589079]}, "datetime": {"datetime": "2025-08-13 20:35:39", "elapsed": 38867.049260377884, "delta": 15.837823390960693}, "costs": {"total_cost": 182.8398157236599, "time_cost": 69.95100000000001, "final_distance_cost": 1.8400916244904437, "oscillation_cost": 27.91956317421571, "completition_cost": 0.0, "overshoot_cost": 49.851996057772716, "power_cost": 12.757805310058595, "noise_cost": 20.519359557122428, "n_waypoints_completed": 9, "tot_waypoints": 9}}
{"target": -189.56029800022114, "params": {"k_pid_pos": [0.8772437017161296, 0.060036338887617835, 0.37801209242148137], "k_pid_alt": [1.2328013103755167, 0.0, 0.021490374609509536], "k_pid_att": [7.632941819474745, 4.810971055927129, 0.4977186809435324], "k_pid_yaw": [0.5, 1e-06, 0.1], "k_pid_hsp": [0.2215964332974929, 0.013823328254385038, 0.0], "k_pid_vsp": [236.94891732887478, 107.88328640325854, 0.1372309816044562]}, "datetime": {"datetime": "2025-08-13 20:35:56", "elapsed": 38884.40645980835, "delta": 17.3571994304657}, "costs": {"total_cost": 189.56029800022114, "time_cost": 72.541, "final_distance_cost": 1.8441365815592625, "oscillation_cost": 27.80290545700658, "completition_cost": 0.0, "overshoot_cost": 50.755258454325585, "power_cost": 14.813403564453125, "noise_cost": 21.8035939428766, "n_waypoints_completed": 9, "tot_waypoints": 9}}
{"target": -199.53163970626542, "params": {"k_pid_pos": [0.9490687784334543, 0.03555878473034918, 0.26116512805693365], "k_pid_alt": [1.4750976681689358, 0.0, 0.03131985791008615], "k_pid_att": [9.442224627757245, 4.589373673758202, 0.8113915593313505], "k_pid_yaw": [0.5, 1e-06, 0.1], "k_pid_hsp": [0.17154421114583032, 0.012301141378879993, 0.0], "k_pid_vsp": [291.5830869560439, 106.1854386213984, 0.1795720737222385]}, "datetime": {"datetime": "2025-08-13 20:36:13", "elapsed": 38901.222534656525, "delta": 16.81607484817505}, "costs": {"total_cost": 199.53163970626542, "time_cost": 72.128, "final_distance_cost": 1.8479135952623067, "oscillation_cost": 28.577628394815935, "completition_cost": 0.0, "overshoot_cost": 51.36616940999034, "power_cost": 22.15390535888672, "noise_cost": 23.4580229473101, "n_waypoints_completed": 9, "tot_waypoints": 9}}
{"target": -182.7415553756329, "params": {"k_pid_pos": [1.1488582668549727, 0.03494059089710447, 0.35850175282932056], "k_pid_alt": [1.5309027220543652, 0.0, 0.0258910416502915], "k_pid_att": [9.896572889092534, 3.9778904055219173, 0.6112244805110095], "k_pid_yaw": [0.5, 1e-06, 0.1], "k_pid_hsp": [0.22137933861639592, 0.017380975261539176, 0.0], "k_pid_vsp": [270.40650090006596, 111.7880197384962, 0.15929546936499603]}, "datetime": {"datetime": "2025-08-13 20:36:29", "elapsed": 38917.79894185066, "delta": 16.576407194137573}, "costs": {"total_cost": 182.7415553756329, "time_cost": 68.985, "final_distance_cost": 1.8311197843820206, "oscillation_cost": 29.011218006061853, "completition_cost": 0.0, "overshoot_cost": 50.06782905332286, "power_cost": 12.575426184082032, "noise_cost": 20.270962347784156, "n_waypoints_completed": 9, "tot_waypoints": 9}}
{"target": -182.52528990009733, "params": {"k_pid_pos": [0.9574755352793192, 0.03664029482578524, 0.2781981846613158], "k_pid_alt": [1.4478759612213306, 0.0, 0.02625774681119988], "k_pid_att": [9.610889848866892, 4.621221101902336, 0.4089652168721942], "k_pid_yaw": [0.5, 1e-06, 0.1], "k_pid_hsp": [0.193215413189735, 0.01833969242556167, 0.0], "k_pid_vsp": [243.99727367665506, 97.80452957989407, 0.17258279657890807]}, "datetime": {"datetime": "2025-08-13 20:36:46", "elapsed": 38934.23183107376, "delta": 16.432889223098755}, "costs": {"total_cost": 182.52528990009733, "time_cost": 69.517, "final_distance_cost": 1.8435772565322883, "oscillation_cost": 28.05809902944935, "completition_cost": 0.0, "overshoot_cost": 50.08864442173807, "power_cost": 12.57135966796875, "noise_cost": 20.44660952440888, "n_waypoints_completed": 9, "tot_waypoints": 9}}
{"target": -182.6323166440026, "params": {"k_pid_pos": [1.043018812245107, 0.038854461222130356, 0.34924211023483503], "k_pid_alt": [1.5655311529360019, 0.0, 0.031109568682818025], "k_pid_att": [8.869990659899532, 3.996301439685927, 0.5399958756976547], "k_pid_yaw": [0.5, 1e-06, 0.1], "k_pid_hsp": [0.2066267732739463, 0.01622367868772446, 0.0], "k_pid_vsp": [252.19927703805902, 145.72382098247775, 0.16078511723399794]}, "datetime": {"datetime": "2025-08-13 20:37:02", "elapsed": 38950.123606681824, "delta": 15.891775608062744}, "costs": {"total_cost": 182.6323166440026, "time_cost": 69.321, "final_distance_cost": 1.8463890554720048, "oscillation_cost": 28.295371412851228, "completition_cost": 0.0, "overshoot_cost": 49.97910062544736, "power_cost": 12.803376525878907, "noise_cost": 20.38707902435311, "n_waypoints_completed": 9, "tot_waypoints": 9}}
{"target": -201.20053009538947, "params": {"k_pid_pos": [0.6282289056788776, 0.04019090121756786, 0.28953895263588464], "k_pid_alt": [1.2023257033993342, 0.0, 0.022999859583680966], "k_pid_att": [7.3430911027451815, 3.490283007077473, 0.6964683386056912], "k_pid_yaw": [0.5, 1e-06, 0.1], "k_pid_hsp": [0.2367964395890633, 0.01382169681516472, 0.0], "k_pid_vsp": [298.33487390379935, 124.9490393897725, 0.1885960315834929]}, "datetime": {"datetime": "2025-08-13 20:37:21", "elapsed": 38969.161380529404, "delta": 19.037773847579956}, "costs": {"total_cost": 201.20053009538947, "time_cost": 77.805, "final_distance_cost": 1.8511344363629927, "oscillation_cost": 25.53852960561082, "completition_cost": 0.0, "overshoot_cost": 51.55734612398126, "power_cost": 19.682325793457032, "noise_cost": 24.766194135977358, "n_waypoints_completed": 9, "tot_waypoints": 9}}
{"target": -178.7123400824588, "params": {"k_pid_pos": [1.2357333325480635, 0.026548917786157394, 0.315411169691928], "k_pid_alt": [1.4435377092769315, 0.0, 0.02386579605175483], "k_pid_att": [8.620769252151366, 3.899317085793916, 0.7139057810817104], "k_pid_yaw": [0.5, 1e-06, 0.1], "k_pid_hsp": [0.18093478373837088, 0.015551711939918583, 0.0], "k_pid_vsp": [340.7285766156397, 114.52648205324094, 0.12456603349672134]}, "datetime": {"datetime": "2025-08-13 20:37:36", "elapsed": 38984.94805312157, "delta": 15.786672592163086}, "costs": {"total_cost": 178.7123400824588, "time_cost": 68.69800000000001, "final_distance_cost": 1.8321758225066147, "oscillation_cost": 29.931507943368313, "completition_cost": 0.0, "overshoot_cost": 49.53177294800719, "power_cost": 9.848512145996095, "noise_cost": 18.870371222580584, "n_waypoints_completed": 9, "tot_waypoints": 9}}
{"target": -181.97476495006632, "params": {"k_pid_pos": [0.8888090671825092, 0.04571738323294345, 0.2658842648992006], "k_pid_alt": [1.3853076428478994, 0.0, 0.028128562659436668], "k_pid_att": [8.451665534323306, 4.9471843317182325, 0.6213052976352916], "k_pid_yaw": [0.5, 1e-06, 0.1], "k_pid_hsp": [0.22748950621941225, 0.014599119003771657, 0.0], "k_pid_vsp": [309.66405613014507, 138.62322548390506, 0.15058739177938674]}, "datetime": {"datetime": "2025-08-13 20:37:53", "elapsed": 39001.856186151505, "delta": 16.908133029937744}, "costs": {"total_cost": 181.97476495006632, "time_cost": 70.518, "final_distance_cost": 1.8339669831732817, "oscillation_cost": 27.80432292104074, "completition_cost": 0.0, "overshoot_cost": 50.052374739485025, "power_cost": 11.471612341308594, "noise_cost": 20.29448796505866, "n_waypoints_completed": 9, "tot_waypoints": 9}}
{"target": -206.59433034614068, "params": {"k_pid_pos": [0.8421113374774825, 0.07325211000857222, 0.3396902661438452], "k_pid_alt": [0.9113334480902262, 0.0, 0.02257743432591953], "k_pid_att": [9.641786631814398, 3.9917801564075006, 0.6947327747131021], "k_pid_yaw": [0.5, 1e-06, 0.1], "k_pid_hsp": [0.2292180845656752, 0.013576803998402049, 0.0], "k_pid_vsp": [313.61635099777817, 144.55701957836763, 0.1742833290890896]}, "datetime": {"datetime": "2025-08-13 20:38:12", "elapsed": 39020.96765899658, "delta": 19.111472845077515}, "costs": {"total_cost": 206.59433034614068, "time_cost": 76.202, "final_distance_cost": 1.8399876560660307, "oscillation_cost": 27.965671375595925, "completition_cost": 0.0, "overshoot_cost": 52.10555753763194, "power_cost": 23.965469775390627, "noise_cost": 24.51564400145618, "n_waypoints_completed": 9, "tot_waypoints": 9}}
{"target": -196.79301302393452, "params": {"k_pid_pos": [0.9502205966880611, 0.0699756742076895, 0.2647470016126556], "k_pid_alt": [1.4182794259767662, 0.0, 0.025673694846682624], "k_pid_att": [13.70001547897391, 3.7035017312993825, 0.7098508206603465], "k_pid_yaw": [0.5, 1e-06, 0.1], "k_pid_hsp": [0.21549718440341548, 0.014813208670427918, 0.0], "k_pid_vsp": [335.0224303150166, 78.07112745325212, 0.15628562448813033]}, "datetime": {"datetime": "2025-08-13 20:38:30", "elapsed": 39038.467047929764, "delta": 17.499388933181763}, "costs": {"total_cost": 196.79301302393452, "time_cost": 71.435, "final_distance_cost": 1.8349916999023421, "oscillation_cost": 27.471639355550945, "completition_cost": 0.0, "overshoot_cost": 51.7392169746694, "power_cost": 21.393100512695312, "noise_cost": 22.919064481116497, "n_waypoints_completed": 9, "tot_waypoints": 9}}
{"target": -186.47573705798604, "params": {"k_pid_pos": [0.7243229973947644, 0.0414499915357025, 0.30975296241843536], "k_pid_alt": [1.894002422698217, 0.0, 0.026603843390224858], "k_pid_att": [10.108408653705261, 3.188400574587908, 0.6223540328264955], "k_pid_yaw": [0.5, 1e-06, 0.1], "k_pid_hsp": [0.18967250385174342, 0.006677783611343964, 0.0], "k_pid_vsp": [219.1666333006145, 131.78596168807542, 0.19440493594433664]}, "datetime": {"datetime": "2025-08-13 20:38:48", "elapsed": 39056.60073971748, "delta": 18.133691787719727}, "costs": {"total_cost": 186.47573705798604, "time_cost": 73.493, "final_distance_cost": 1.8525117152714494, "oscillation_cost": 25.47690777502777, "completition_cost": 0.0, "overshoot_cost": 50.71963444403477, "power_cost": 13.084160009765625, "noise_cost": 21.849523113886416, "n_waypoints_completed": 9, "tot_waypoints": 9}}
{"target": -183.91875481166934, "params": {"k_pid_pos": [0.9073846125560765, 0.034532710999798176, 0.32952170699442157], "k_pid_alt": [1.2857861908394181, 0.0, 0.029621264229271152], "k_pid_att": [7.312409229230391, 3.72770525536636, 0.5180482391178932], "k_pid_yaw": [0.5, 1e-06, 0.1], "k_pid_hsp": [0.13623975010906034, 0.015668777713712386, 0.0], "k_pid_vsp": [291.454279272781, 122.7733280118556, 0.14376003497794024]}, "datetime": {"datetime": "2025-08-13 20:39:05", "elapsed": 39073.13120818138, "delta": 16.530468463897705}, "costs": {"total_cost": 183.91875481166934, "time_cost": 70.434, "final_distance_cost": 1.8318879539023203, "oscillation_cost": 27.16538945465461, "completition_cost": 0.0, "overshoot_cost": 50.597787744611416, "power_cost": 13.157584997558594, "noise_cost": 20.7321046609424, "n_waypoints_completed": 9, "tot_waypoints": 9}}
{"target": -181.22573544202803, "params": {"k_pid_pos": [1.0204660410341437, 0.06023893921193724, 0.20467776856970168], "k_pid_alt": [1.3350994789236463, 0.0, 0.02082611792037975], "k_pid_att": [7.8327647831592015, 3.4190112363622336, 0.581891505940297], "k_pid_yaw": [0.5, 1e-06, 0.1], "k_pid_hsp": [0.19042489305601393, 0.013158157478648428, 0.0], "k_pid_vsp": [249.47490374063852, 110.34162949588472, 0.1933396260782092]}, "datetime": {"datetime": "2025-08-13 20:39:23", "elapsed": 39091.41164827347, "delta": 18.280440092086792}, "costs": {"total_cost": 181.22573544202803, "time_cost": 69.069, "final_distance_cost": 1.8206800762181703, "oscillation_cost": 28.812231751438727, "completition_cost": 0.0, "overshoot_cost": 50.387234759658725, "power_cost": 11.52778720703125, "noise_cost": 19.608801647681165, "n_waypoints_completed": 9, "tot_waypoints": 9}}
{"target": -192.95759104130536, "params": {"k_pid_pos": [0.5668559011801362, 0.05562394803257494, 0.3048622663497712], "k_pid_alt": [1.1617728874353608, 0.0, 0.025033595205926035], "k_pid_att": [9.752883050003149, 4.064516384496532, 0.6086528818066174], "k_pid_yaw": [0.5, 1e-06, 0.1], "k_pid_hsp": [0.2689791483297062, 0.013951608802135598, 0.0], "k_pid_vsp": [265.12632023432417, 100.55452217534959, 0.21034454354419022]}, "datetime": {"datetime": "2025-08-13 20:39:42", "elapsed": 39110.35973620415, "delta": 18.94808793067932}, "costs": {"total_cost": 192.95759104130536, "time_cost": 79.47800000000001, "final_distance_cost": 1.8500815125116763, "oscillation_cost": 24.802253592544815, "completition_cost": 0.0, "overshoot_cost": 51.527152486047406, "power_cost": 11.913843603515625, "noise_cost": 23.386259846685824, "n_waypoints_completed": 9, "tot_waypoints": 9}}
{"target": -190.49162430195295, "params": {"k_pid_pos": [0.9219170086908952, 0.029042560319286037, 0.3747992925086467], "k_pid_alt": [1.624675746353555, 0.0, 0.028453706323233807], "k_pid_att": [9.620658245661467, 3.630236371039569, 0.5941659353170292], "k_pid_yaw": [0.5, 1e-06, 0.1], "k_pid_hsp": [0.22280060708724392, 0.019984779004811028, 0.0], "k_pid_vsp": [310.7637070945145, 130.27573258909703, 0.15653713249794787]}, "datetime": {"datetime": "2025-08-13 20:40:00", "elapsed": 39128.526149988174, "delta": 18.1664137840271}, "costs": {"total_cost": 190.49162430195295, "time_cost": 71.596, "final_distance_cost": 1.853121635185798, "oscillation_cost": 27.16373015425604, "completition_cost": 0.0, "overshoot_cost": 50.537266412704376, "power_cost": 17.031913928222657, "noise_cost": 22.309592171584075, "n_waypoints_completed": 9, "tot_waypoints": 9}}
{"target": -181.62197051887932, "params": {"k_pid_pos": [1.106469753116784, 0.03590905288247836, 0.25587625428826494], "k_pid_alt": [1.5121303940762718, 0.0, 0.025919521686851993], "k_pid_att": [10.333806761561501, 3.1772863898843657, 0.6284041831127036], "k_pid_yaw": [0.5, 1e-06, 0.1], "k_pid_hsp": [0.2858591732808828, 0.017540601842276588, 0.0], "k_pid_vsp": [233.12904951876183, 110.79826842354828, 0.23228221038302208]}, "datetime": {"datetime": "2025-08-13 20:40:17", "elapsed": 39145.21298956871, "delta": 16.68683958053589}, "costs": {"total_cost": 181.62197051887932, "time_cost": 68.978, "final_distance_cost": 1.84731970632841, "oscillation_cost": 29.666763175695223, "completition_cost": 0.0, "overshoot_cost": 49.77933534782883, "power_cost": 11.49432998046875, "noise_cost": 19.85622230855811, "n_waypoints_completed": 9, "tot_waypoints": 9}}
{"target": -195.1129679289227, "params": {"k_pid_pos": [1.0096296831325287, 0.05101745598111829, 0.27803230168159904], "k_pid_alt": [1.6047438214219287, 0.0, 0.026899207943537663], "k_pid_att": [9.1545982414592, 3.864997057794502, 0.8478737721675297], "k_pid_yaw": [0.5, 1e-06, 0.1], "k_pid_hsp": [0.1795549730096652, 0.014897383958902092, 0.0], "k_pid_vsp": [280.4254119221321, 138.27939719096534, 0.19084872718720092]}, "datetime": {"datetime": "2025-08-13 20:40:34", "elapsed": 39162.796854019165, "delta": 17.583864450454712}, "costs": {"total_cost": 195.1129679289227, "time_cost": 70.728, "final_distance_cost": 1.8365284860675906, "oscillation_cost": 28.390144215836482, "completition_cost": 0.0, "overshoot_cost": 51.26133167974642, "power_cost": 20.405968481445314, "noise_cost": 22.490995065826898, "n_waypoints_completed": 9, "tot_waypoints": 9}}
{"target": -180.6797906153529, "params": {"k_pid_pos": [0.6597257497864337, 0.05713114512850817, 0.300510921619079], "k_pid_alt": [1.3778515178931146, 0.0, 0.031668236759318596], "k_pid_att": [7.812795923635597, 3.9676314915617112, 0.601770914447548], "k_pid_yaw": [0.5, 1e-06, 0.1], "k_pid_hsp": [0.11030715735141787, 0.01238835142454331, 0.0], "k_pid_vsp": [272.5781547590201, 119.38317931344488, 0.2064577874416628]}, "datetime": {"datetime": "2025-08-13 20:40:52", "elapsed": 39180.264016628265, "delta": 17.467162609100342}, "costs": {"total_cost": 180.6797906153529, "time_cost": 73.164, "final_distance_cost": 1.8433007326060284, "oscillation_cost": 23.161515603722385, "completition_cost": 0.0, "overshoot_cost": 50.9994041890946, "power_cost": 10.615743591308595, "noise_cost": 20.89582649862132, "n_waypoints_completed": 9, "tot_waypoints": 9}}
{"target": -188.32019644501676, "params": {"k_pid_pos": [0.9993837683893352, 0.05138432493685057, 0.27098470133982266], "k_pid_alt": [1.1540829304568625, 0.0, 0.02658695318611945], "k_pid_att": [8.602476347280716, 4.531181022634996, 0.5257337501690523], "k_pid_yaw": [0.5, 1e-06, 0.1], "k_pid_hsp": [0.2351035397236635, 0.021397030932109262, 0.0], "k_pid_vsp": [343.44825684628876, 124.32804834970041, 0.21200050087804737]}, "datetime": {"datetime": "2025-08-13 20:41:09", "elapsed": 39197.87206697464, "delta": 17.60805034637451}, "costs": {"total_cost": 188.32019644501676, "time_cost": 70.035, "final_distance_cost": 1.8459635711392828, "oscillation_cost": 29.51032591949556, "completition_cost": 0.0, "overshoot_cost": 49.73940057200368, "power_cost": 15.883100427246095, "noise_cost": 21.30640595513217, "n_waypoints_completed": 9, "tot_waypoints": 9}}
