{"target": -207.91073864052294, "params": {"k_pid_pos": [0.5384119988866808, 0.04227341615301567, 0.311834544676067], "k_pid_alt": [1.2342081844163404, 0.0, 0.023005611295726872], "k_pid_att": [7.318864644703269, 3.6209941893633477, 0.5333934389126066], "k_pid_yaw": [0.5, 1e-06, 0.1], "k_pid_hsp": [0.19638873513838948, 0.015110245358575079, 0.0], "k_pid_vsp": [272.69628317708674, 117.23896049300954, 0.10450540008755327]}, "datetime": {"datetime": "2025-08-13 20:56:15", "elapsed": 40103.79082918167, "delta": 18.985238075256348}, "costs": {"total_cost": 207.91073864052294, "time_cost": 80.626, "final_distance_cost": 1.8526698448570385, "oscillation_cost": 24.67513638243128, "completition_cost": 0.0, "overshoot_cost": 51.75452254033409, "power_cost": 22.40547751464844, "noise_cost": 26.596932358252094, "n_waypoints_completed": 9, "tot_waypoints": 9}}
{"target": -184.37468343179262, "params": {"k_pid_pos": [0.8475000255088682, 0.0717296893274857, 0.3453089772614583], "k_pid_alt": [1.2338485845687759, 0.0, 0.01986252477219951], "k_pid_att": [10.173143321893464, 3.9818026472765253, 0.742748596421583], "k_pid_yaw": [0.5, 1e-06, 0.1], "k_pid_hsp": [0.204527326516181, 0.016759663967203933, 0.0], "k_pid_vsp": [198.89696409208395, 107.7259197105758, 0.18564930337306296]}, "datetime": {"datetime": "2025-08-13 20:56:34", "elapsed": 40122.416046857834, "delta": 18.62521767616272}, "costs": {"total_cost": 184.37468343179262, "time_cost": 72.226, "final_distance_cost": 1.8375950879890877, "oscillation_cost": 27.19578897601113, "completition_cost": 0.0, "overshoot_cost": 50.36672527956122, "power_cost": 11.900141247558594, "noise_cost": 20.848432840672587, "n_waypoints_completed": 9, "tot_waypoints": 9}}
{"target": -201.2614661880651, "params": {"k_pid_pos": [0.9688069351881472, 0.05256320064360399, 0.317912068590911], "k_pid_alt": [1.330463666362818, 0.0, 0.024309961402244507], "k_pid_att": [12.441775428103774, 3.952950763746553, 0.5273889701954099], "k_pid_yaw": [0.5, 1e-06, 0.1], "k_pid_hsp": [0.21635747755877652, 0.01665875417238206, 0.0], "k_pid_vsp": [309.8257406828831, 58.30104473202632, 0.21628051148701408]}, "datetime": {"datetime": "2025-08-13 20:56:52", "elapsed": 40140.54350399971, "delta": 18.12745714187622}, "costs": {"total_cost": 201.2614661880651, "time_cost": 72.95400000000001, "final_distance_cost": 1.8319500334946308, "oscillation_cost": 27.78960073873723, "completition_cost": 0.0, "overshoot_cost": 52.0952904152238, "power_cost": 23.16059736328125, "noise_cost": 23.430027637328184, "n_waypoints_completed": 9, "tot_waypoints": 9}}
{"target": -188.0959238317415, "params": {"k_pid_pos": [0.6399620196526217, 0.06160883988961407, 0.2255027439256729], "k_pid_alt": [1.0786419736426027, 0.0, 0.026724154714584582], "k_pid_att": [8.079882948250743, 3.662865776208486, 0.5506022272689548], "k_pid_yaw": [0.5, 1e-06, 0.1], "k_pid_hsp": [0.19596400517041232, 0.019129531545074744, 0.0], "k_pid_vsp": [388.5783366898758, 96.15973296684751, 0.19113508618532707]}, "datetime": {"datetime": "2025-08-13 20:57:10", "elapsed": 40158.01245141029, "delta": 17.468947410583496}, "costs": {"total_cost": 188.0959238317415, "time_cost": 75.299, "final_distance_cost": 1.8461945904660337, "oscillation_cost": 26.223197571986173, "completition_cost": 0.0, "overshoot_cost": 50.965922356813316, "power_cost": 11.81886552734375, "noise_cost": 21.942743785132226, "n_waypoints_completed": 9, "tot_waypoints": 9}}
{"target": -192.0395166573592, "params": {"k_pid_pos": [0.8194826733812751, 0.05779672489487136, 0.3009821053179289], "k_pid_alt": [1.3345090703996145, 0.0, 0.030438053736472136], "k_pid_att": [10.667594606541883, 2.8809394245373965, 0.5103523376658449], "k_pid_yaw": [0.5, 1e-06, 0.1], "k_pid_hsp": [0.22745603017546592, 0.017214956762465098, 0.0], "k_pid_vsp": [400.0, 129.7670758281597, 0.1622931798618827]}, "datetime": {"datetime": "2025-08-13 20:57:28", "elapsed": 40176.100044727325, "delta": 18.08759331703186}, "costs": {"total_cost": 192.0395166573592, "time_cost": 72.443, "final_distance_cost": 1.845225534539277, "oscillation_cost": 27.13794877724208, "completition_cost": 0.0, "overshoot_cost": 51.10193033992051, "power_cost": 17.000524658203126, "noise_cost": 22.51088734745423, "n_waypoints_completed": 9, "tot_waypoints": 9}}
{"target": -180.20801613952253, "params": {"k_pid_pos": [1.0680436673382478, 0.06367401451653784, 0.3472423379040395], "k_pid_alt": [1.6837160928331854, 0.0, 0.030228326676602135], "k_pid_att": [9.457207146354401, 5.264075473896074, 0.6342502310160683], "k_pid_yaw": [0.5, 1e-06, 0.1], "k_pid_hsp": [0.2313034822197075, 0.01570167720963025, 0.0], "k_pid_vsp": [261.3934323601911, 111.72457815986952, 0.20107984232572806]}, "datetime": {"datetime": "2025-08-13 20:57:44", "elapsed": 40192.6343767643, "delta": 16.534332036972046}, "costs": {"total_cost": 180.20801613952253, "time_cost": 69.167, "final_distance_cost": 1.8287712589764997, "oscillation_cost": 28.888487505250858, "completition_cost": 0.0, "overshoot_cost": 49.82871763368583, "power_cost": 10.785541333007814, "noise_cost": 19.709498408601544, "n_waypoints_completed": 9, "tot_waypoints": 9}}
{"target": -188.44720335493193, "params": {"k_pid_pos": [1.2979960135216775, 0.05856770144558112, 0.3262579315171667], "k_pid_alt": [1.4016579123444945, 0.0, 0.023362645996509186], "k_pid_att": [12.518278651812416, 2.8349566514116606, 0.7078630129857629], "k_pid_yaw": [0.5, 1e-06, 0.1], "k_pid_hsp": [0.22347539432567196, 0.015840967644490177, 0.0], "k_pid_vsp": [307.2490840421489, 118.79645626644272, 0.11088031018696183]}, "datetime": {"datetime": "2025-08-13 20:58:02", "elapsed": 40210.60873913765, "delta": 17.97436237335205}, "costs": {"total_cost": 188.44720335493193, "time_cost": 69.237, "final_distance_cost": 1.8299128547045467, "oscillation_cost": 29.85839504290874, "completition_cost": 0.0, "overshoot_cost": 50.432425580211095, "power_cost": 16.06958067626953, "noise_cost": 21.019889200838, "n_waypoints_completed": 9, "tot_waypoints": 9}}
{"target": -183.4586003552647, "params": {"k_pid_pos": [0.9778008001430214, 0.05700849115452153, 0.26374796373673304], "k_pid_alt": [1.4707892849252238, 0.0, 0.01565241006216278], "k_pid_att": [12.480964966350273, 4.0953784055824904, 0.5777935248900264], "k_pid_yaw": [0.5, 1e-06, 0.1], "k_pid_hsp": [0.24882657201323313, 0.018152764075276013, 0.0], "k_pid_vsp": [300.39807917529697, 109.66512853403185, 0.15545177067175628]}, "datetime": {"datetime": "2025-08-13 20:58:19", "elapsed": 40227.61355686188, "delta": 17.004817724227905}, "costs": {"total_cost": 183.4586003552647, "time_cost": 69.65, "final_distance_cost": 1.8333736976206745, "oscillation_cost": 27.815343879280324, "completition_cost": 0.0, "overshoot_cost": 50.53617751756357, "power_cost": 12.992560278320314, "noise_cost": 20.631144982479807, "n_waypoints_completed": 9, "tot_waypoints": 9}}
{"target": -205.96237872771323, "params": {"k_pid_pos": [0.8070283355416724, 0.05267704257783001, 0.32783317687143215], "k_pid_alt": [1.555871384914837, 0.0, 0.03407721927167636], "k_pid_att": [12.771706487541534, 4.443743840925606, 0.5380709662113637], "k_pid_yaw": [0.5, 1e-06, 0.1], "k_pid_hsp": [0.22568217978676344, 0.01664944577393429, 0.0], "k_pid_vsp": [322.30085616829336, 126.61724110419168, 0.20334289282594922]}, "datetime": {"datetime": "2025-08-13 20:58:38", "elapsed": 40246.532519578934, "delta": 18.918962717056274}, "costs": {"total_cost": 205.96237872771323, "time_cost": 74.746, "final_distance_cost": 1.848231269255055, "oscillation_cost": 27.379765913671037, "completition_cost": 0.0, "overshoot_cost": 52.04411814817315, "power_cost": 24.930838146972658, "noise_cost": 25.013425249641337, "n_waypoints_completed": 9, "tot_waypoints": 9}}
{"target": -186.45221364942404, "params": {"k_pid_pos": [0.8885940096140404, 0.05046870733199526, 0.3376414715843297], "k_pid_alt": [1.5442508657838634, 0.0, 0.028434017671942906], "k_pid_att": [10.789964751592214, 5.237398814840397, 0.788150729715653], "k_pid_yaw": [0.5, 1e-06, 0.1], "k_pid_hsp": [0.18190353505088697, 0.017423822019768487, 0.0], "k_pid_vsp": [344.4325877022109, 65.71794092603837, 0.15143925157708216]}, "datetime": {"datetime": "2025-08-13 20:58:55", "elapsed": 40263.2669069767, "delta": 16.734387397766113}, "costs": {"total_cost": 186.45221364942404, "time_cost": 71.078, "final_distance_cost": 1.8374688073177075, "oscillation_cost": 26.869024851354904, "completition_cost": 0.0, "overshoot_cost": 50.95748653713892, "power_cost": 14.199124755859376, "noise_cost": 21.51110869775311, "n_waypoints_completed": 9, "tot_waypoints": 9}}
{"target": -203.56666911161193, "params": {"k_pid_pos": [0.86581665446887, 0.053176122959659344, 0.32161466995781346], "k_pid_alt": [1.0954595652479828, 0.0, 0.027970025845857383], "k_pid_att": [9.798545571358877, 4.69285452065311, 0.4636842075346375], "k_pid_yaw": [0.5, 1e-06, 0.1], "k_pid_hsp": [0.24083594644404918, 0.013192647329414206, 0.0], "k_pid_vsp": [320.15407276003447, 107.67040008450977, 0.2007669076270411]}, "datetime": {"datetime": "2025-08-13 20:59:14", "elapsed": 40282.3739862442, "delta": 19.10707926750183}, "costs": {"total_cost": 203.56666911161193, "time_cost": 74.879, "final_distance_cost": 1.8439568661886003, "oscillation_cost": 27.774942189030384, "completition_cost": 0.0, "overshoot_cost": 52.37651284959302, "power_cost": 22.730071716308593, "noise_cost": 23.962185490491326, "n_waypoints_completed": 9, "tot_waypoints": 9}}
{"target": -180.1503910201536, "params": {"k_pid_pos": [1.148621334365224, 0.05895873439807714, 0.26759136580340687], "k_pid_alt": [1.5538219806067237, 0.0, 0.026988571935209194], "k_pid_att": [9.408014942422822, 4.7712697608973444, 0.6218706521100303], "k_pid_yaw": [0.5, 1e-06, 0.1], "k_pid_hsp": [0.2147098396689675, 0.014230277743772904, 0.0], "k_pid_vsp": [184.51702152659004, 137.2943523812924, 0.14113841042466613]}, "datetime": {"datetime": "2025-08-13 20:59:31", "elapsed": 40299.64669108391, "delta": 17.27270483970642}, "costs": {"total_cost": 180.1503910201536, "time_cost": 68.474, "final_distance_cost": 1.8205043104696084, "oscillation_cost": 29.847918165235235, "completition_cost": 0.0, "overshoot_cost": 49.708767846113076, "power_cost": 10.879025329589844, "noise_cost": 19.42017536874585, "n_waypoints_completed": 9, "tot_waypoints": 9}}
{"target": -181.34061612824786, "params": {"k_pid_pos": [0.9815667942568126, 0.04301655167914525, 0.32756706547681924], "k_pid_alt": [1.219972655401673, 0.0, 0.01816212662918193], "k_pid_att": [7.417626995722489, 3.7187826071856667, 0.4074780672846569], "k_pid_yaw": [0.5, 1e-06, 0.1], "k_pid_hsp": [0.19212045909080586, 0.01449020394239646, 0.0], "k_pid_vsp": [295.64533458744165, 118.14682221654772, 0.0863636251436099]}, "datetime": {"datetime": "2025-08-13 20:59:48", "elapsed": 40316.555928468704, "delta": 16.909237384796143}, "costs": {"total_cost": 181.34061612824786, "time_cost": 70.133, "final_distance_cost": 1.8404007244327345, "oscillation_cost": 28.09467090744997, "completition_cost": 0.0, "overshoot_cost": 50.12444930660741, "power_cost": 11.158581677246094, "noise_cost": 19.989513512511635, "n_waypoints_completed": 9, "tot_waypoints": 9}}
{"target": -183.6374999412145, "params": {"k_pid_pos": [1.0546550924315, 0.03951436192110446, 0.38932183502189993], "k_pid_alt": [1.4224190174551083, 0.0, 0.026810435554084674], "k_pid_att": [11.507663617720917, 5.235037230361404, 0.42505324388419474], "k_pid_yaw": [0.5, 1e-06, 0.1], "k_pid_hsp": [0.1704053006729225, 0.017965595419959044, 0.0], "k_pid_vsp": [209.63281440524892, 137.3613394783063, 0.16551825052807115]}, "datetime": {"datetime": "2025-08-13 21:00:05", "elapsed": 40333.77020120621, "delta": 17.21427273750305}, "costs": {"total_cost": 183.6374999412145, "time_cost": 69.57300000000001, "final_distance_cost": 1.8358938597048744, "oscillation_cost": 27.67531609304705, "completition_cost": 0.0, "overshoot_cost": 49.78426833383536, "power_cost": 14.030928527832032, "noise_cost": 20.738093126795178, "n_waypoints_completed": 9, "tot_waypoints": 9}}
{"target": -185.50705758974357, "params": {"k_pid_pos": [1.044931936388714, 0.05693535968989712, 0.32505514155169873], "k_pid_alt": [1.0814487622534716, 0.0, 0.01986624458780134], "k_pid_att": [10.13483039976814, 4.618652645204562, 0.5952932756519043], "k_pid_yaw": [0.5, 1e-06, 0.1], "k_pid_hsp": [0.20856202717329167, 0.014348752278382879, 0.0], "k_pid_vsp": [253.46036998285865, 93.4993676780918, 0.1474854243325018]}, "datetime": {"datetime": "2025-08-13 21:00:22", "elapsed": 40350.251640081406, "delta": 16.481438875198364}, "costs": {"total_cost": 185.50705758974357, "time_cost": 70.056, "final_distance_cost": 1.8333792198862475, "oscillation_cost": 28.693282217784304, "completition_cost": 0.0, "overshoot_cost": 49.97025169130643, "power_cost": 14.055242297363282, "noise_cost": 20.8989021634033, "n_waypoints_completed": 9, "tot_waypoints": 9}}
{"target": -198.42502686921986, "params": {"k_pid_pos": [0.8406700812728353, 0.07050938422401133, 0.29858041704134064], "k_pid_alt": [1.16491746649663, 0.0, 0.021401600851113613], "k_pid_att": [8.958438078759212, 3.95021811320589, 0.5866963790922064], "k_pid_yaw": [0.5, 1e-06, 0.1], "k_pid_hsp": [0.2373673346589956, 0.019109480334529156, 0.0], "k_pid_vsp": [282.25039232570316, 99.73228992930564, 0.1412150705803163]}, "datetime": {"datetime": "2025-08-13 21:00:41", "elapsed": 40369.40823554993, "delta": 19.156595468521118}, "costs": {"total_cost": 198.42502686921986, "time_cost": 72.83500000000001, "final_distance_cost": 1.8471904761379698, "oscillation_cost": 28.26679632621612, "completition_cost": 0.0, "overshoot_cost": 51.039889550789184, "power_cost": 20.611115148925784, "noise_cost": 23.825035367150793, "n_waypoints_completed": 9, "tot_waypoints": 9}}
{"target": -185.02240781405152, "params": {"k_pid_pos": [0.9095936168005517, 0.05954496735646556, 0.2186668517145894], "k_pid_alt": [1.597383526583365, 0.0, 0.02305375840795004], "k_pid_att": [9.445429385679775, 3.54647170294597, 0.6449733122698371], "k_pid_yaw": [0.5, 1e-06, 0.1], "k_pid_hsp": [0.13047292198967256, 0.014260405759765069, 0.0], "k_pid_vsp": [267.9306734538536, 95.41324667798995, 0.1078047086364801]}, "datetime": {"datetime": "2025-08-13 21:00:58", "elapsed": 40386.07718229294, "delta": 16.668946743011475}, "costs": {"total_cost": 185.02240781405152, "time_cost": 70.259, "final_distance_cost": 1.8377224786832778, "oscillation_cost": 26.568930528240504, "completition_cost": 0.0, "overshoot_cost": 50.42534369145246, "power_cost": 14.929162414550781, "noise_cost": 21.002248701124508, "n_waypoints_completed": 9, "tot_waypoints": 9}}
{"target": -179.4092868149807, "params": {"k_pid_pos": [0.9457203920437333, 0.046737535223351924, 0.27794425231076475], "k_pid_alt": [1.3707679784044402, 0.0, 0.030558672434803934], "k_pid_att": [9.398220705651836, 3.956634256496228, 0.6251950728173102], "k_pid_yaw": [0.5, 1e-06, 0.1], "k_pid_hsp": [0.21326313380558823, 0.01253850188137337, 0.0], "k_pid_vsp": [360.3518938347144, 124.05622082760463, 0.14709254972697566]}, "datetime": {"datetime": "2025-08-13 21:01:16", "elapsed": 40404.09724354744, "delta": 18.020061254501343}, "costs": {"total_cost": 179.4092868149807, "time_cost": 70.042, "final_distance_cost": 1.8392129556151045, "oscillation_cost": 27.65672036815768, "completition_cost": 0.0, "overshoot_cost": 49.91030659290095, "power_cost": 10.16658779296875, "noise_cost": 19.794459105338202, "n_waypoints_completed": 9, "tot_waypoints": 9}}
{"target": -182.94607799151615, "params": {"k_pid_pos": [0.9148114535088752, 0.05295582474581608, 0.364853616651118], "k_pid_alt": [1.413636300126897, 0.0, 0.025776554885501277], "k_pid_att": [8.272299496611103, 3.0586679579598783, 0.6857047181355392], "k_pid_yaw": [0.5, 1e-06, 0.1], "k_pid_hsp": [0.21179694929656637, 0.016364132434914146, 0.0], "k_pid_vsp": [247.2894977129471, 122.74375502290555, 0.15160424888065085]}, "datetime": {"datetime": "2025-08-13 21:01:33", "elapsed": 40421.450798749924, "delta": 17.35355520248413}, "costs": {"total_cost": 182.94607799151615, "time_cost": 71.08500000000001, "final_distance_cost": 1.8373710780125434, "oscillation_cost": 27.298129550314798, "completition_cost": 0.0, "overshoot_cost": 50.20591358588325, "power_cost": 11.818281811523438, "noise_cost": 20.701381965782122, "n_waypoints_completed": 9, "tot_waypoints": 9}}
{"target": -184.40652451462, "params": {"k_pid_pos": [1.0470728161655065, 0.053845110714993365, 0.2822097812822781], "k_pid_alt": [1.5352746286385335, 0.0, 0.02612740447226855], "k_pid_att": [8.719430466691229, 4.323808676694688, 0.5859334810677912], "k_pid_yaw": [0.5, 1e-06, 0.1], "k_pid_hsp": [0.1559877813407278, 0.011398730865419671, 0.0], "k_pid_vsp": [305.5767779928401, 147.7539474828027, 0.14989929427531554]}, "datetime": {"datetime": "2025-08-13 21:01:50", "elapsed": 40438.85887694359, "delta": 17.40807819366455}, "costs": {"total_cost": 184.40652451462, "time_cost": 69.181, "final_distance_cost": 1.8176526807601294, "oscillation_cost": 28.252723968179755, "completition_cost": 0.0, "overshoot_cost": 50.18912436819231, "power_cost": 14.307056896972657, "noise_cost": 20.65896660051517, "n_waypoints_completed": 9, "tot_waypoints": 9}}
{"target": -178.95721571746614, "params": {"k_pid_pos": [0.9535025332244772, 0.04958343136116409, 0.30039938532005855], "k_pid_alt": [1.060053019268348, 0.0, 0.027976183750613615], "k_pid_att": [11.260963510932761, 4.38931907992087, 0.6436073495679238], "k_pid_yaw": [0.5, 1e-06, 0.1], "k_pid_hsp": [0.14954893815375994, 0.013771386172383514, 0.0], "k_pid_vsp": [217.82449763354145, 97.91893078196775, 0.12132541220425352]}, "datetime": {"datetime": "2025-08-13 21:02:07", "elapsed": 40455.3038520813, "delta": 16.44497513771057}, "costs": {"total_cost": 178.95721571746614, "time_cost": 70.434, "final_distance_cost": 1.8403899966055843, "oscillation_cost": 27.063063421766618, "completition_cost": 0.0, "overshoot_cost": 50.37930888613797, "power_cost": 9.837202648925782, "noise_cost": 19.403250764030222, "n_waypoints_completed": 9, "tot_waypoints": 9}}
{"target": -191.0363431672186, "params": {"k_pid_pos": [0.6670718398380812, 0.054626019582611464, 0.2962978868269485], "k_pid_alt": [1.6715916954991767, 0.0, 0.023784503256862866], "k_pid_att": [6.664618270244386, 4.650009554491456, 0.5203455414619451], "k_pid_yaw": [0.5, 1e-06, 0.1], "k_pid_hsp": [0.1666534843109678, 0.016836846284335884, 0.0], "k_pid_vsp": [153.11291285556797, 131.16323574247573, 0.16816418244433953]}, "datetime": {"datetime": "2025-08-13 21:02:25", "elapsed": 40473.48146176338, "delta": 18.17760968208313}, "costs": {"total_cost": 191.0363431672186, "time_cost": 73.962, "final_distance_cost": 1.8490377623884842, "oscillation_cost": 26.40604146385254, "completition_cost": 0.0, "overshoot_cost": 50.93143987371033, "power_cost": 15.209391796875, "noise_cost": 22.678432270392257, "n_waypoints_completed": 9, "tot_waypoints": 9}}
{"target": -202.2743770225497, "params": {"k_pid_pos": [1.1244989470665372, 0.032577196084319825, 0.21182805546332859], "k_pid_alt": [1.2134233408946247, 0.0, 0.02457357868247682], "k_pid_att": [8.751114658880857, 4.520151886838183, 0.6922359489461926], "k_pid_yaw": [0.5, 1e-06, 0.1], "k_pid_hsp": [0.19459085723465186, 0.015564719165265873, 0.0], "k_pid_vsp": [259.8489425230716, 124.28993358839337, 0.18262324731319746]}, "datetime": {"datetime": "2025-08-13 21:02:42", "elapsed": 40490.012165308, "delta": 16.5307035446167}, "costs": {"total_cost": 202.2743770225497, "time_cost": 70.91, "final_distance_cost": 1.826239820645952, "oscillation_cost": 31.863321062221292, "completition_cost": 0.0, "overshoot_cost": 51.06193612043686, "power_cost": 23.672771704101564, "noise_cost": 22.940108315144013, "n_waypoints_completed": 9, "tot_waypoints": 9}}
{"target": -204.5651322692961, "params": {"k_pid_pos": [0.9133157142990691, 0.04250963774267386, 0.3152197893923751], "k_pid_alt": [1.159079834915781, 0.0, 0.019025790060015656], "k_pid_att": [11.352849476193164, 3.945120864405295, 0.33970332518283436], "k_pid_yaw": [0.5, 1e-06, 0.1], "k_pid_hsp": [0.2188529408487525, 0.020319664111671663, 0.0], "k_pid_vsp": [352.76786088662965, 115.36524165222345, 0.15079175970242312]}, "datetime": {"datetime": "2025-08-13 21:03:01", "elapsed": 40509.45089960098, "delta": 19.43873429298401}, "costs": {"total_cost": 204.5651322692961, "time_cost": 74.102, "final_distance_cost": 1.846946154520546, "oscillation_cost": 27.84812639628624, "completition_cost": 0.0, "overshoot_cost": 52.46142578396451, "power_cost": 24.257286376953125, "noise_cost": 24.04934755757168, "n_waypoints_completed": 9, "tot_waypoints": 9}}
{"target": -179.03976487134867, "params": {"k_pid_pos": [1.075544300735564, 0.05610505039286926, 0.3671922086001587], "k_pid_alt": [1.3944246919803007, 0.0, 0.019462460899285872], "k_pid_att": [9.265329809376604, 3.8303779190430167, 0.48388430971877544], "k_pid_yaw": [0.5, 1e-06, 0.1], "k_pid_hsp": [0.19769134494621585, 0.013435602115277445, 0.0], "k_pid_vsp": [308.53418744196694, 107.50023050579476, 0.1536391323175161]}, "datetime": {"datetime": "2025-08-13 21:03:19", "elapsed": 40526.98166871071, "delta": 17.530769109725952}, "costs": {"total_cost": 179.03976487134867, "time_cost": 69.482, "final_distance_cost": 1.83171903743944, "oscillation_cost": 28.333200685470644, "completition_cost": 0.0, "overshoot_cost": 50.54430844456356, "power_cost": 9.74808104248047, "noise_cost": 19.100455661394566, "n_waypoints_completed": 9, "tot_waypoints": 9}}
