{"target": -188.8504539009029, "params": {"k_pid_pos": [0.9960193864556048, 0.023598976268518968, 0.1915560724917366], "k_pid_alt": [1.5486996881525272, 0.0, 0.021843473169778818], "k_pid_att": [12.078862714696271, 6.219638677648171, 0.6226608586435348], "k_pid_yaw": [0.5, 1e-06, 0.1], "k_pid_hsp": [0.2129106164383103, 0.025771770369461097, 0.0], "k_pid_vsp": [366.41168041865717, 124.08714768505321, 0.1618618644506336]}, "datetime": {"datetime": "2025-08-13 18:00:43", "elapsed": 29570.994071245193, "delta": 18.89300012588501}, "costs": {"total_cost": 188.8504539009029, "time_cost": 69.86, "final_distance_cost": 1.8435413649538632, "oscillation_cost": 28.995908585878205, "completition_cost": 0.0, "overshoot_cost": 50.30797304027986, "power_cost": 16.3994560546875, "noise_cost": 21.44357485510347, "n_waypoints_completed": 9, "tot_waypoints": 9}}
{"target": -190.04015934206927, "params": {"k_pid_pos": [0.9762317508724302, 0.06588285870473282, 0.20598733630047547], "k_pid_alt": [0.9400074019419593, 0.0, 0.03896848672820882], "k_pid_att": [4.491816801726713, 5.086013639628885, 0.7042470400756269], "k_pid_yaw": [0.5, 1e-06, 0.1], "k_pid_hsp": [0.2551918235594774, 0.014837414813575088, 0.0], "k_pid_vsp": [368.7663275687569, 62.65243977481442, 0.18663534331841106]}, "datetime": {"datetime": "2025-08-13 18:01:01", "elapsed": 29589.55323410034, "delta": 18.559162855148315}, "costs": {"total_cost": 190.04015934206927, "time_cost": 71.043, "final_distance_cost": 1.8278902686272878, "oscillation_cost": 32.001939288831394, "completition_cost": 0.0, "overshoot_cost": 50.51240927251783, "power_cost": 13.916422644042969, "noise_cost": 20.738497868049805, "n_waypoints_completed": 9, "tot_waypoints": 9}}
{"target": -194.6345554567913, "params": {"k_pid_pos": [0.48099665147570375, 0.06788659873691033, 0.2056857564078304], "k_pid_alt": [1.3585500213230415, 0.0, 0.025912960935470807], "k_pid_att": [14.632903415477484, 4.519500928585088, 0.48628593358787064], "k_pid_yaw": [0.5, 1e-06, 0.1], "k_pid_hsp": [0.15485180495085848, 0.024442415893609192, 0.0], "k_pid_vsp": [352.6529178112655, 121.23116746959079, 0.14445419311319285]}, "datetime": {"datetime": "2025-08-13 18:01:20", "elapsed": 29608.57529950142, "delta": 19.02206540107727}, "costs": {"total_cost": 194.6345554567913, "time_cost": 79.072, "final_distance_cost": 1.8571642656791416, "oscillation_cost": 23.658175311101065, "completition_cost": 0.0, "overshoot_cost": 51.47983902318372, "power_cost": 14.35769940185547, "noise_cost": 24.209677454971892, "n_waypoints_completed": 9, "tot_waypoints": 9}}
{"target": -195.74601653004015, "params": {"k_pid_pos": [1.0177502736600312, 0.04521160439975141, 0.3150785860445679], "k_pid_alt": [1.1765990887063313, 0.0, 0.027991384696097577], "k_pid_att": [4.633565697871323, 3.797801942849945, 0.4464861046203174], "k_pid_yaw": [0.5, 1e-06, 0.1], "k_pid_hsp": [0.15252019953392246, 0.006923843653990618, 0.0], "k_pid_vsp": [369.4859301048089, 65.56287887000069, 0.15032766391909913]}, "datetime": {"datetime": "2025-08-13 18:01:38", "elapsed": 29626.153100967407, "delta": 17.57780146598816}, "costs": {"total_cost": 195.74601653004015, "time_cost": 70.96600000000001, "final_distance_cost": 1.8213378476404918, "oscillation_cost": 30.734560844319592, "completition_cost": 0.0, "overshoot_cost": 50.89507376728632, "power_cost": 19.144190356445314, "noise_cost": 22.18485371434842, "n_waypoints_completed": 9, "tot_waypoints": 9}}
{"target": -185.80025590619076, "params": {"k_pid_pos": [0.989002080039846, 0.07007114677950792, 0.149727300036727], "k_pid_alt": [1.4349315662281794, 0.0, 0.02183396902876926], "k_pid_att": [8.811088415398364, 4.050819671634568, 0.5507164831818371], "k_pid_yaw": [0.5, 1e-06, 0.1], "k_pid_hsp": [0.2652089559809126, 0.01667808797477953, 0.0], "k_pid_vsp": [400.0, 155.96818569988486, 0.18607661678132226]}, "datetime": {"datetime": "2025-08-13 18:01:54", "elapsed": 29642.76594877243, "delta": 16.612847805023193}, "costs": {"total_cost": 185.80025590619076, "time_cost": 69.02, "final_distance_cost": 1.8267307028634123, "oscillation_cost": 29.853174405081564, "completition_cost": 0.0, "overshoot_cost": 49.732131347626954, "power_cost": 14.580191540527345, "noise_cost": 20.78802791009147, "n_waypoints_completed": 9, "tot_waypoints": 9}}
{"target": -181.81387494384504, "params": {"k_pid_pos": [0.7161263217501035, 0.07244938548244599, 0.2513038297945845], "k_pid_alt": [1.34566933957029, 0.0, 0.02269903295393554], "k_pid_att": [14.580722426247464, 4.7427469768889035, 0.6474721760348237], "k_pid_yaw": [0.5, 1e-06, 0.1], "k_pid_hsp": [0.1436458321402351, 0.030263153369774615, 0.0], "k_pid_vsp": [245.2312983990022, 128.5923951086267, 0.09106475682134724]}, "datetime": {"datetime": "2025-08-13 18:02:11", "elapsed": 29659.67426252365, "delta": 16.908313751220703}, "costs": {"total_cost": 181.81387494384504, "time_cost": 72.408, "final_distance_cost": 1.8465456331289285, "oscillation_cost": 26.747027387644923, "completition_cost": 0.0, "overshoot_cost": 50.73944282848833, "power_cost": 9.821437512207032, "noise_cost": 20.251421582375826, "n_waypoints_completed": 9, "tot_waypoints": 9}}
{"target": -196.8521243661801, "params": {"k_pid_pos": [0.6888922032392589, 0.0625778233426851, 0.30437779503883416], "k_pid_alt": [1.146033208167574, 0.0, 0.026416902459778246], "k_pid_att": [12.661835206099502, 4.047398125815248, 0.2905751169157315], "k_pid_yaw": [0.5, 1e-06, 0.1], "k_pid_hsp": [0.2043442535659199, 0.019975543354995507, 0.0], "k_pid_vsp": [400.0, 120.61432274576771, 0.12157959199672497]}, "datetime": {"datetime": "2025-08-13 18:02:30", "elapsed": 29678.091890096664, "delta": 18.417627573013306}, "costs": {"total_cost": 196.8521243661801, "time_cost": 75.495, "final_distance_cost": 1.8448551690824693, "oscillation_cost": 26.491662041818028, "completition_cost": 0.0, "overshoot_cost": 51.218614402320476, "power_cost": 17.983475256347656, "noise_cost": 23.818517496611488, "n_waypoints_completed": 9, "tot_waypoints": 9}}
{"target": -197.60283296090165, "params": {"k_pid_pos": [0.935262630190132, 0.046855210002291786, 0.20264452927174545], "k_pid_alt": [0.7405012921576214, 0.0, 0.022909743642317976], "k_pid_att": [8.490006426689169, 5.176348383666482, 0.43839713380875955], "k_pid_yaw": [0.5, 1e-06, 0.1], "k_pid_hsp": [0.16696907004407832, 0.01713596877636523, 0.0], "k_pid_vsp": [381.19831785103906, 121.54876322827043, 0.12399742802814263]}, "datetime": {"datetime": "2025-08-13 18:02:47", "elapsed": 29695.050382614136, "delta": 16.958492517471313}, "costs": {"total_cost": 197.60283296090165, "time_cost": 72.618, "final_distance_cost": 1.8396620976665767, "oscillation_cost": 29.62135651650204, "completition_cost": 0.0, "overshoot_cost": 50.26675959952015, "power_cost": 20.85400544433594, "noise_cost": 22.403049302876948, "n_waypoints_completed": 9, "tot_waypoints": 9}}
{"target": -194.96311233309174, "params": {"k_pid_pos": [1.002057555533378, 0.06073709451075563, 0.1560003893454167], "k_pid_alt": [1.9855187791162034, 0.0, 0.030134413315060574], "k_pid_att": [12.85667643109116, 3.636711579698206, 0.7939330525543064], "k_pid_yaw": [0.5, 1e-06, 0.1], "k_pid_hsp": [0.08610364056182146, 0.015131842994527418, 0.0], "k_pid_vsp": [166.99587167842307, 113.7004902513054, 0.1346860496607687]}, "datetime": {"datetime": "2025-08-13 18:03:04", "elapsed": 29712.712852716446, "delta": 17.66247010231018}, "costs": {"total_cost": 194.96311233309174, "time_cost": 72.471, "final_distance_cost": 1.8069110169588736, "oscillation_cost": 28.532688682652324, "completition_cost": 0.0, "overshoot_cost": 51.33423407090919, "power_cost": 18.746046215820314, "noise_cost": 22.072232346751047, "n_waypoints_completed": 9, "tot_waypoints": 9}}
{"target": -179.2503475990341, "params": {"k_pid_pos": [0.7979317203903187, 0.04984109435819306, 0.20593348395604694], "k_pid_alt": [1.3614972009094093, 0.0, 0.03193749208759311], "k_pid_att": [11.709518292235567, 4.058740046427032, 0.8782449220856177], "k_pid_yaw": [0.5, 1e-06, 0.1], "k_pid_hsp": [0.26039252420712056, 0.021333305829262666, 0.0], "k_pid_vsp": [282.5458857833392, 109.67889435966701, 0.19946746317690267]}, "datetime": {"datetime": "2025-08-13 18:03:22", "elapsed": 29730.885103702545, "delta": 18.172250986099243}, "costs": {"total_cost": 179.2503475990341, "time_cost": 71.512, "final_distance_cost": 1.850438730785579, "oscillation_cost": 27.344023109070356, "completition_cost": 0.0, "overshoot_cost": 50.04003739669528, "power_cost": 8.817453051757813, "noise_cost": 19.68639531072505, "n_waypoints_completed": 9, "tot_waypoints": 9}}
{"target": -188.76226839206112, "params": {"k_pid_pos": [1.189486176765314, 0.04183884078963431, 0.34740628153742975], "k_pid_alt": [0.9648331377412501, 0.0, 0.023144543138755958], "k_pid_att": [12.383839542026406, 5.8006162913522346, 0.43811575803356423], "k_pid_yaw": [0.5, 1e-06, 0.1], "k_pid_hsp": [0.19703044301264364, 0.016760148750851186, 0.0], "k_pid_vsp": [391.09519689377845, 70.9738369205579, 0.16925837399615326]}, "datetime": {"datetime": "2025-08-13 18:03:40", "elapsed": 29748.260947227478, "delta": 17.37584352493286}, "costs": {"total_cost": 188.76226839206112, "time_cost": 70.434, "final_distance_cost": 1.8252042683495884, "oscillation_cost": 29.407484567345627, "completition_cost": 0.0, "overshoot_cost": 50.47132928102638, "power_cost": 15.414312670898438, "noise_cost": 21.209937604441084, "n_waypoints_completed": 9, "tot_waypoints": 9}}
{"target": -188.0964537699216, "params": {"k_pid_pos": [0.8694096742814921, 0.042117139037935514, 0.26221515933481415], "k_pid_alt": [1.9324600526452116, 0.0, 0.02779080829964212], "k_pid_att": [7.706967329375832, 3.73955807390405, 0.7192858453787934], "k_pid_yaw": [0.5, 1e-06, 0.1], "k_pid_hsp": [0.19840572763089737, 0.02442910969901363, 0.0], "k_pid_vsp": [387.7663858775179, 112.33078625497429, 0.16088227067967398]}, "datetime": {"datetime": "2025-08-13 18:03:57", "elapsed": 29765.78015780449, "delta": 17.51921057701111}, "costs": {"total_cost": 188.0964537699216, "time_cost": 70.539, "final_distance_cost": 1.8388565328663544, "oscillation_cost": 27.33850035220603, "completition_cost": 0.0, "overshoot_cost": 50.388457470760024, "power_cost": 16.131377062988282, "noise_cost": 21.86026235110087, "n_waypoints_completed": 9, "tot_waypoints": 9}}
{"target": -209.2219060589785, "params": {"k_pid_pos": [0.3562652169921254, 0.05086245790525043, 0.31725274223254535], "k_pid_alt": [1.045299481662649, 0.0, 0.028690343389531008], "k_pid_att": [10.199727656321004, 3.7029522429737476, 0.3926176532259595], "k_pid_yaw": [0.5, 1e-06, 0.1], "k_pid_hsp": [0.15242725497794954, 0.01427133632651916, 0.0], "k_pid_vsp": [322.01405674531844, 148.4325482792068, 0.14775370420486142]}, "datetime": {"datetime": "2025-08-13 18:04:19", "elapsed": 29787.688440561295, "delta": 21.90828275680542}, "costs": {"total_cost": 209.2219060589785, "time_cost": 92.456, "final_distance_cost": 1.8572953047304022, "oscillation_cost": 19.534783458709754, "completition_cost": 0.0, "overshoot_cost": 53.807705014260065, "power_cost": 13.303972766113281, "noise_cost": 28.26214951516502, "n_waypoints_completed": 9, "tot_waypoints": 9}}
{"target": -195.20954207770114, "params": {"k_pid_pos": [0.8218122432687434, 0.07572435121977185, 0.28993015510944203], "k_pid_alt": [1.4199351875283066, 0.0, 0.027988658643991516], "k_pid_att": [9.93595777949243, 4.798099752986151, 0.7399104443125784], "k_pid_yaw": [0.5, 1e-06, 0.1], "k_pid_hsp": [0.26053501122926215, 0.027039335900894208, 0.0], "k_pid_vsp": [387.5703605780811, 103.21910767458155, 0.17053706479001648]}, "datetime": {"datetime": "2025-08-13 18:04:37", "elapsed": 29805.649065732956, "delta": 17.960625171661377}, "costs": {"total_cost": 195.20954207770114, "time_cost": 72.009, "final_distance_cost": 1.849085106127016, "oscillation_cost": 28.447977756668223, "completition_cost": 0.0, "overshoot_cost": 50.73470896375751, "power_cost": 19.09729024658203, "noise_cost": 23.071480004566364, "n_waypoints_completed": 9, "tot_waypoints": 9}}
{"target": -182.74693236734404, "params": {"k_pid_pos": [0.9918360773667562, 0.047453905545246804, 0.3590290682855803], "k_pid_alt": [1.2380117535232555, 0.0, 0.02708358754281452], "k_pid_att": [12.074481782131931, 5.1410248515300685, 0.5726172067335583], "k_pid_yaw": [0.5, 1e-06, 0.1], "k_pid_hsp": [0.1396066797909867, 0.01971393622082469, 0.0], "k_pid_vsp": [302.03774058312774, 119.90527244146377, 0.09663015345811239]}, "datetime": {"datetime": "2025-08-13 18:04:54", "elapsed": 29822.241410255432, "delta": 16.592344522476196}, "costs": {"total_cost": 182.74693236734404, "time_cost": 69.902, "final_distance_cost": 1.83598666400443, "oscillation_cost": 27.758628868463358, "completition_cost": 0.0, "overshoot_cost": 50.18783501788575, "power_cost": 12.646308166503907, "noise_cost": 20.416173650486602, "n_waypoints_completed": 9, "tot_waypoints": 9}}
{"target": -190.09810364336263, "params": {"k_pid_pos": [0.9665000764477059, 0.059690828073369444, 0.29101971997966225], "k_pid_alt": [1.8085668472232503, 0.0, 0.028036769025746745], "k_pid_att": [7.713277059746044, 4.811128850880476, 0.6745877155836615], "k_pid_yaw": [0.5, 1e-06, 0.1], "k_pid_hsp": [0.2622351283963654, 0.02079526952891121, 0.0], "k_pid_vsp": [300.1384276731587, 109.39071057922054, 0.15150928553236462]}, "datetime": {"datetime": "2025-08-13 18:05:11", "elapsed": 29839.355173110962, "delta": 17.113762855529785}, "costs": {"total_cost": 190.09810364336263, "time_cost": 70.231, "final_distance_cost": 1.8371901940093462, "oscillation_cost": 28.51221828034231, "completition_cost": 0.0, "overshoot_cost": 50.51178606584438, "power_cost": 17.082316357421877, "noise_cost": 21.92359274574471, "n_waypoints_completed": 9, "tot_waypoints": 9}}
{"target": -218.33615585040775, "params": {"k_pid_pos": [0.29050107853347285, 0.056033889851624524, 0.2320864169271667], "k_pid_alt": [1.5272028243717644, 0.0, 0.03743701709842737], "k_pid_att": [10.951694139803251, 5.422380030811516, 0.8748383569015953], "k_pid_yaw": [0.5, 1e-06, 0.1], "k_pid_hsp": [0.1642277175465006, 0.01584034270020321, 0.0], "k_pid_vsp": [272.02486098760306, 105.2125118561208, 0.13217335929056082]}, "datetime": {"datetime": "2025-08-13 18:05:34", "elapsed": 29862.591197252274, "delta": 23.236024141311646}, "costs": {"total_cost": 218.33615585040775, "time_cost": 96.425, "final_distance_cost": 1.8568332397075662, "oscillation_cost": 18.240465368013464, "completition_cost": 0.0, "overshoot_cost": 55.36244174848902, "power_cost": 15.665202563476564, "noise_cost": 30.78621293072116, "n_waypoints_completed": 9, "tot_waypoints": 9}}
{"target": -185.349279800442, "params": {"k_pid_pos": [1.0528095344933739, 0.049011945971445446, 0.3002004630565119], "k_pid_alt": [1.186830705969596, 0.0, 0.03398775111274754], "k_pid_att": [11.394474016318425, 4.769550221493703, 0.7363523334275524], "k_pid_yaw": [0.5, 1e-06, 0.1], "k_pid_hsp": [0.21999547870169714, 0.010863468817056134, 0.0], "k_pid_vsp": [291.4776163945815, 121.08028822149303, 0.11195581014167637]}, "datetime": {"datetime": "2025-08-13 18:05:52", "elapsed": 29880.01787519455, "delta": 17.426677942276}, "costs": {"total_cost": 185.349279800442, "time_cost": 69.846, "final_distance_cost": 1.8290622761050142, "oscillation_cost": 28.64374746297452, "completition_cost": 0.0, "overshoot_cost": 50.01401827651177, "power_cost": 14.128967297363282, "noise_cost": 20.887484487487402, "n_waypoints_completed": 9, "tot_waypoints": 9}}
{"target": -181.7800709733635, "params": {"k_pid_pos": [1.2245793947632035, 0.05821323997947342, 0.2667725013453166], "k_pid_alt": [1.1710601873648743, 0.0, 0.023074902430837513], "k_pid_att": [7.652750569611659, 4.052267502563999, 0.34848679006031996], "k_pid_yaw": [0.5, 1e-06, 0.1], "k_pid_hsp": [0.2298479695839002, 0.009231404329233804, 0.0], "k_pid_vsp": [85.05471190943815, 93.87468565802773, 0.14669650622926403]}, "datetime": {"datetime": "2025-08-13 18:06:08", "elapsed": 29896.322691679, "delta": 16.304816484451294}, "costs": {"total_cost": 181.7800709733635, "time_cost": 68.691, "final_distance_cost": 1.8278370428883204, "oscillation_cost": 30.705470708749242, "completition_cost": 0.0, "overshoot_cost": 49.77436769883473, "power_cost": 11.328487304687501, "noise_cost": 19.4529082182037, "n_waypoints_completed": 9, "tot_waypoints": 9}}
{"target": -190.2560994814875, "params": {"k_pid_pos": [1.1563237244411335, 0.057274568611760925, 0.2595147165208674], "k_pid_alt": [0.9329732167384569, 0.0, 0.02101105080993342], "k_pid_att": [11.719116627305395, 2.510893782891832, 0.8760610670222476], "k_pid_yaw": [0.5, 1e-06, 0.1], "k_pid_hsp": [0.172225807962606, 0.008633133668867235, 0.0], "k_pid_vsp": [215.0489362927649, 100.68704407156731, 0.14167500468634028]}, "datetime": {"datetime": "2025-08-13 18:06:25", "elapsed": 29913.673061847687, "delta": 17.350370168685913}, "costs": {"total_cost": 190.2560994814875, "time_cost": 70.46900000000001, "final_distance_cost": 1.8099634491614847, "oscillation_cost": 28.839532193690737, "completition_cost": 0.0, "overshoot_cost": 50.54136887457222, "power_cost": 17.17982459716797, "noise_cost": 21.416410366895093, "n_waypoints_completed": 9, "tot_waypoints": 9}}
{"target": -186.64608594232033, "params": {"k_pid_pos": [0.9789299104837316, 0.05934733560155648, 0.064457478844417], "k_pid_alt": [0.8876502990619785, 0.0, 0.025045966754425632], "k_pid_att": [12.559928491001381, 4.48685214602037, 0.6482658906790784], "k_pid_yaw": [0.5, 1e-06, 0.1], "k_pid_hsp": [0.15095597731577745, 0.028946841066101958, 0.0], "k_pid_vsp": [228.0424885731802, 110.35119727513529, 0.1899995993831871]}, "datetime": {"datetime": "2025-08-13 18:06:43", "elapsed": 29931.092118024826, "delta": 17.419056177139282}, "costs": {"total_cost": 186.64608594232033, "time_cost": 71.169, "final_distance_cost": 1.8245966182573519, "oscillation_cost": 30.57188083610528, "completition_cost": 0.0, "overshoot_cost": 49.97005272108147, "power_cost": 12.891782775878907, "noise_cost": 20.21877299099734, "n_waypoints_completed": 9, "tot_waypoints": 9}}
{"target": -192.31797531117715, "params": {"k_pid_pos": [0.6471629839985357, 0.0562524193706069, 0.26375771825553657], "k_pid_alt": [1.724760118310342, 0.0, 0.02609998421633176], "k_pid_att": [10.30259793185077, 3.4526780550452636, 0.4241998151172679], "k_pid_yaw": [0.5, 1e-06, 0.1], "k_pid_hsp": [0.1997153168586646, 0.019552582463775153, 0.0], "k_pid_vsp": [391.37022873405425, 85.38224042445478, 0.19258400922573085]}, "datetime": {"datetime": "2025-08-13 18:07:00", "elapsed": 29948.56407546997, "delta": 17.471957445144653}, "costs": {"total_cost": 192.31797531117715, "time_cost": 74.82300000000001, "final_distance_cost": 1.8478689467289786, "oscillation_cost": 26.034282102459592, "completition_cost": 0.0, "overshoot_cost": 51.26324862458817, "power_cost": 15.2858845703125, "noise_cost": 23.063691067087927, "n_waypoints_completed": 9, "tot_waypoints": 9}}
{"target": -188.6582987779586, "params": {"k_pid_pos": [1.2109858397734148, 0.0614431729910958, 0.36867713490387627], "k_pid_alt": [1.671288578043735, 0.0, 0.023197720489681207], "k_pid_att": [9.149065625613492, 6.1098659807343125, 0.5075691360552576], "k_pid_yaw": [0.5, 1e-06, 0.1], "k_pid_hsp": [0.23880421217621714, 0.01801869841565255, 0.0], "k_pid_vsp": [400.0, 62.67834142050673, 0.1591664680209032]}, "datetime": {"datetime": "2025-08-13 18:07:17", "elapsed": 29965.43151831627, "delta": 16.867442846298218}, "costs": {"total_cost": 188.6582987779586, "time_cost": 69.909, "final_distance_cost": 1.8379412733051461, "oscillation_cost": 30.429142930947325, "completition_cost": 0.0, "overshoot_cost": 50.760957322038415, "power_cost": 14.720887524414064, "noise_cost": 21.000369727253663, "n_waypoints_completed": 9, "tot_waypoints": 9}}
{"target": -187.39279202593355, "params": {"k_pid_pos": [0.8498318688716395, 0.06682232958695279, 0.2736205095858412], "k_pid_alt": [1.0636698715822124, 0.0, 0.019630426365364714], "k_pid_att": [13.648026398941523, 3.258463204463895, 0.58159819029215], "k_pid_yaw": [0.5, 1e-06, 0.1], "k_pid_hsp": [0.1662898470942139, 0.018586127609005108, 0.0], "k_pid_vsp": [400.0, 74.33932755171854, 0.11898798142226956]}, "datetime": {"datetime": "2025-08-13 18:07:34", "elapsed": 29982.448574781418, "delta": 17.017056465148926}, "costs": {"total_cost": 187.39279202593355, "time_cost": 71.652, "final_distance_cost": 1.8470750462150654, "oscillation_cost": 26.61801849000001, "completition_cost": 0.0, "overshoot_cost": 50.885600616755404, "power_cost": 14.910073168945313, "noise_cost": 21.480024704017765, "n_waypoints_completed": 9, "tot_waypoints": 9}}
{"target": -187.71283852663834, "params": {"k_pid_pos": [1.103915367607826, 0.0631406693499429, 0.2160429888039007], "k_pid_alt": [1.3589947610685753, 0.0, 0.020038929630211515], "k_pid_att": [17.380026866252127, 4.3695812448936495, 0.5910481828465903], "k_pid_yaw": [0.5, 1e-06, 0.1], "k_pid_hsp": [0.16727631996051984, 0.02723305701183129, 0.0], "k_pid_vsp": [400.0, 84.6353261085488, 0.13410289757690105]}, "datetime": {"datetime": "2025-08-13 18:07:51", "elapsed": 29999.743174791336, "delta": 17.294600009918213}, "costs": {"total_cost": 187.71283852663834, "time_cost": 69.664, "final_distance_cost": 1.811716491766383, "oscillation_cost": 29.84689345188638, "completition_cost": 0.0, "overshoot_cost": 50.153674449822496, "power_cost": 15.275744348144531, "noise_cost": 20.96080978501853, "n_waypoints_completed": 9, "tot_waypoints": 9}}
