{"target": -191.89344649337366, "params": {"k_pid_pos": [0.753177801476227, 0.042090955998750394, 0.20391517714357307], "k_pid_alt": [1.3292881434788333, 0.0, 0.01687561894692996], "k_pid_att": [11.543885900756012, 4.399466010239892, 0.8308225217721658], "k_pid_yaw": [0.5, 1e-06, 0.1], "k_pid_hsp": [0.27793302473507747, 0.017423192997481393, 0.0], "k_pid_vsp": [276.7443905473151, 124.55232035813778, 0.14948966909861333]}, "datetime": {"datetime": "2025-08-13 18:08:09", "elapsed": 30017.021500349045, "delta": 17.27832555770874}, "costs": {"total_cost": 191.89344649337366, "time_cost": 72.73, "final_distance_cost": 1.8462170610481359, "oscillation_cost": 27.606692126386775, "completition_cost": 0.0, "overshoot_cost": 50.71589909998815, "power_cost": 16.384048217773437, "noise_cost": 22.610589988177164, "n_waypoints_completed": 9, "tot_waypoints": 9}}
{"target": -186.53312284397003, "params": {"k_pid_pos": [0.8801453884039022, 0.0555734874759666, 0.21933793073061159], "k_pid_alt": [0.9069037668071931, 0.0, 0.037417082574125266], "k_pid_att": [10.499597248073757, 4.400625993912844, 0.562697947964964], "k_pid_yaw": [0.5, 1e-06, 0.1], "k_pid_hsp": [0.1753086979701576, 0.023109149579700467, 0.0], "k_pid_vsp": [313.77185544468614, 101.93451726246207, 0.13495943178491374]}, "datetime": {"datetime": "2025-08-13 18:08:26", "elapsed": 30034.08447241783, "delta": 17.06297206878662}, "costs": {"total_cost": 186.53312284397003, "time_cost": 71.386, "final_distance_cost": 1.8352789221427726, "oscillation_cost": 27.937321754605026, "completition_cost": 0.0, "overshoot_cost": 49.999119435174315, "power_cost": 14.30628807373047, "noise_cost": 21.069114658317464, "n_waypoints_completed": 9, "tot_waypoints": 9}}
{"target": -182.75016746689622, "params": {"k_pid_pos": [1.11582930764172, 0.056293929993883836, 0.3280114182438412], "k_pid_alt": [1.5559181632096053, 0.0, 0.0412824753003543], "k_pid_att": [16.335715381080195, 4.233609591631745, 0.557775045903145], "k_pid_yaw": [0.5, 1e-06, 0.1], "k_pid_hsp": [0.0929416094728701, 0.021010625321466015, 0.0], "k_pid_vsp": [73.2154241654076, 113.86054215180297, 0.0866403923530249]}, "datetime": {"datetime": "2025-08-13 18:08:43", "elapsed": 30051.90803003311, "delta": 17.82355761528015}, "costs": {"total_cost": 182.75016746689622, "time_cost": 70.161, "final_distance_cost": 1.8008975920964594, "oscillation_cost": 29.054819645968795, "completition_cost": 0.0, "overshoot_cost": 50.147628352179616, "power_cost": 11.850008923339844, "noise_cost": 19.735812953311502, "n_waypoints_completed": 9, "tot_waypoints": 9}}
{"target": -198.68826609433455, "params": {"k_pid_pos": [0.5318653803141573, 0.046686983615471585, 0.2610054982006275], "k_pid_alt": [1.589630335135519, 0.0, 0.02516567841433037], "k_pid_att": [7.272177312780788, 5.418338634248884, 0.5922071791649498], "k_pid_yaw": [0.5, 1e-06, 0.1], "k_pid_hsp": [0.2838889749299221, 0.015159255189811746, 0.0], "k_pid_vsp": [384.0825045446971, 111.41495810766219, 0.12111382848996959]}, "datetime": {"datetime": "2025-08-13 18:09:02", "elapsed": 30070.629069566727, "delta": 18.721039533615112}, "costs": {"total_cost": 198.68826609433455, "time_cost": 79.688, "final_distance_cost": 1.8475876744586186, "oscillation_cost": 25.734879834493054, "completition_cost": 0.0, "overshoot_cost": 51.5060128087116, "power_cost": 15.143401245117188, "noise_cost": 24.768384531554076, "n_waypoints_completed": 9, "tot_waypoints": 9}}
{"target": -212.87848616306655, "params": {"k_pid_pos": [0.9161009603312968, 0.06093240665832674, 0.25310677127420084], "k_pid_alt": [0.4779032246778476, 0.0, 0.02584263804466308], "k_pid_att": [15.54380703007441, 4.347922600335804, 0.892678182765071], "k_pid_yaw": [0.5, 1e-06, 0.1], "k_pid_hsp": [0.03967352913403188, 0.02325403971451755, 0.0], "k_pid_vsp": [324.6478056297107, 86.25709641084241, 0.17491964906275845]}, "datetime": {"datetime": "2025-08-13 18:09:23", "elapsed": 30091.869300842285, "delta": 21.24023127555847}, "costs": {"total_cost": 212.87848616306655, "time_cost": 87.038, "final_distance_cost": 1.8355946697575058, "oscillation_cost": 27.854650868812605, "completition_cost": 0.0, "overshoot_cost": 54.95459630810665, "power_cost": 16.600843200683595, "noise_cost": 24.594801115706193, "n_waypoints_completed": 9, "tot_waypoints": 9}}
{"target": -186.44728935307148, "params": {"k_pid_pos": [0.8645230151607494, 0.04327640477890508, 0.26439647438811825], "k_pid_alt": [1.1901442098587591, 0.0, 0.03220483244372086], "k_pid_att": [10.695699037842333, 4.3688900149879295, 0.5660464843291362], "k_pid_yaw": [0.5, 1e-06, 0.1], "k_pid_hsp": [0.12122205406979762, 0.017201691838878257, 0.0], "k_pid_vsp": [363.1981377593267, 71.39886395590024, 0.10072101217734893]}, "datetime": {"datetime": "2025-08-13 18:09:41", "elapsed": 30109.653779745102, "delta": 17.784478902816772}, "costs": {"total_cost": 186.44728935307148, "time_cost": 70.854, "final_distance_cost": 1.8348370795831248, "oscillation_cost": 26.63629435025534, "completition_cost": 0.0, "overshoot_cost": 50.616456468032574, "power_cost": 15.227796899414063, "noise_cost": 21.277904555786357, "n_waypoints_completed": 9, "tot_waypoints": 9}}
{"target": -196.67805519170773, "params": {"k_pid_pos": [0.7213218737127057, 0.058898205157258854, 0.3364231524527321], "k_pid_alt": [1.2547164564575681, 0.0, 0.03292604556551931], "k_pid_att": [3.2106210205332837, 4.2051796155356, 0.6823163499917083], "k_pid_yaw": [0.5, 1e-06, 0.1], "k_pid_hsp": [0.12873825990708795, 0.016471711810383854, 0.0], "k_pid_vsp": [370.1727908333426, 101.15305217037566, 0.10346800763073916]}, "datetime": {"datetime": "2025-08-13 18:09:58", "elapsed": 30126.69615793228, "delta": 17.042378187179565}, "costs": {"total_cost": 196.67805519170773, "time_cost": 73.57000000000001, "final_distance_cost": 1.8407311053654951, "oscillation_cost": 27.89289582373274, "completition_cost": 0.0, "overshoot_cost": 51.038978786155624, "power_cost": 19.17668864746094, "noise_cost": 23.158760828992936, "n_waypoints_completed": 9, "tot_waypoints": 9}}
{"target": -189.29896870317324, "params": {"k_pid_pos": [1.4841959119367505, 0.061889159322281416, 0.2674934458229892], "k_pid_alt": [1.1176398838670898, 0.0, 0.016309111020816787], "k_pid_att": [12.509871941170509, 4.484635620463741, 0.5848618641515427], "k_pid_yaw": [0.5, 1e-06, 0.1], "k_pid_hsp": [0.15775425311851324, 0.017553367830424566, 0.0], "k_pid_vsp": [205.25227327836828, 95.48045056814942, 0.09323089072459749]}, "datetime": {"datetime": "2025-08-13 18:10:15", "elapsed": 30143.74747943878, "delta": 17.051321506500244}, "costs": {"total_cost": 189.29896870317324, "time_cost": 69.279, "final_distance_cost": 1.8112454404231975, "oscillation_cost": 31.907532617981712, "completition_cost": 0.0, "overshoot_cost": 49.86085034459457, "power_cost": 15.8444703125, "noise_cost": 20.59586998767379, "n_waypoints_completed": 9, "tot_waypoints": 9}}
{"target": -181.94727817877995, "params": {"k_pid_pos": [0.8058329473889602, 0.053257280835582094, 0.31384694218764897], "k_pid_alt": [1.198100522497583, 0.0, 0.025490764502688935], "k_pid_att": [19.310620451979776, 4.593604391964919, 0.493655344564454], "k_pid_yaw": [0.5, 1e-06, 0.1], "k_pid_hsp": [0.15612511829633144, 0.018175656196785125, 0.0], "k_pid_vsp": [400.0, 116.0924309015697, 0.14967745083644438]}, "datetime": {"datetime": "2025-08-13 18:10:32", "elapsed": 30160.840889692307, "delta": 17.09341025352478}, "costs": {"total_cost": 181.94727817877995, "time_cost": 72.114, "final_distance_cost": 1.8414602081417661, "oscillation_cost": 26.26246768366926, "completition_cost": 0.0, "overshoot_cost": 50.44409193985506, "power_cost": 10.725737451171875, "noise_cost": 20.559520895941972, "n_waypoints_completed": 9, "tot_waypoints": 9}}
{"target": -186.0219693333696, "params": {"k_pid_pos": [1.5114156380593673, 0.05963307466806774, 0.3331245572781106], "k_pid_alt": [1.7343395950788996, 0.0, 0.03241484648018556], "k_pid_att": [3.8262300887873963, 4.923874312619398, 0.6395558648491704], "k_pid_yaw": [0.5, 1e-06, 0.1], "k_pid_hsp": [0.20991772292655178, 0.014444758223881886, 0.0], "k_pid_vsp": [400.0, 118.43278931973593, 0.09175629401068369]}, "datetime": {"datetime": "2025-08-13 18:10:49", "elapsed": 30177.47151708603, "delta": 16.630627393722534}, "costs": {"total_cost": 186.0219693333696, "time_cost": 68.327, "final_distance_cost": 1.8134226356990142, "oscillation_cost": 34.196470384484975, "completition_cost": 0.0, "overshoot_cost": 50.106220884326795, "power_cost": 12.096894848632813, "noise_cost": 19.481960580226005, "n_waypoints_completed": 9, "tot_waypoints": 9}}
{"target": -188.65203825959154, "params": {"k_pid_pos": [0.9190320251478007, 0.04222035941353151, 0.2982248216620479], "k_pid_alt": [1.1001409839048566, 0.0, 0.023340336503871184], "k_pid_att": [11.225044113474075, 5.0537307961783275, 0.39726659731708264], "k_pid_yaw": [0.5, 1e-06, 0.1], "k_pid_hsp": [0.1321094598676288, 0.025187504205447978, 0.0], "k_pid_vsp": [291.9913292710186, 81.04209228365336, 0.16678479223158127]}, "datetime": {"datetime": "2025-08-13 18:11:06", "elapsed": 30194.382531166077, "delta": 16.911014080047607}, "costs": {"total_cost": 188.65203825959154, "time_cost": 70.84, "final_distance_cost": 1.8354658703891469, "oscillation_cost": 28.105092421523587, "completition_cost": 0.0, "overshoot_cost": 50.159578245267895, "power_cost": 16.21539208984375, "noise_cost": 21.496509632567136, "n_waypoints_completed": 9, "tot_waypoints": 9}}
{"target": -190.41180298825734, "params": {"k_pid_pos": [1.3036224519156734, 0.06123002107643707, 0.3783925701165643], "k_pid_alt": [1.9193147038318015, 0.0, 0.030210722627309127], "k_pid_att": [10.670250583817555, 6.594963228566474, 0.4339715718554658], "k_pid_yaw": [0.5, 1e-06, 0.1], "k_pid_hsp": [0.15889907572471743, 0.021492496131253338, 0.0], "k_pid_vsp": [224.1704985515988, 93.7229747200894, 0.14712029951999198]}, "datetime": {"datetime": "2025-08-13 18:11:23", "elapsed": 30211.147523880005, "delta": 16.764992713928223}, "costs": {"total_cost": 190.41180298825734, "time_cost": 69.447, "final_distance_cost": 1.8216681948109152, "oscillation_cost": 30.830151561637837, "completition_cost": 0.0, "overshoot_cost": 50.60600263797063, "power_cost": 16.69193582763672, "noise_cost": 21.015044766201243, "n_waypoints_completed": 9, "tot_waypoints": 9}}
{"target": -178.64078854696476, "params": {"k_pid_pos": [1.0059655924263171, 0.04001924746866758, 0.2746603624929537], "k_pid_alt": [2.0, 0.0, 0.03305841700012914], "k_pid_att": [10.02989787882163, 4.383933101821127, 0.6398441824234803], "k_pid_yaw": [0.5, 1e-06, 0.1], "k_pid_hsp": [0.1391687973073018, 0.019446592763477683, 0.0], "k_pid_vsp": [277.78230338096887, 102.26713907537517, 0.12364234743460994]}, "datetime": {"datetime": "2025-08-13 18:11:40", "elapsed": 30228.87699651718, "delta": 17.729472637176514}, "costs": {"total_cost": 178.64078854696476, "time_cost": 69.181, "final_distance_cost": 1.8230952658589885, "oscillation_cost": 27.83915233608011, "completition_cost": 0.0, "overshoot_cost": 50.0568908953944, "power_cost": 10.385246789550783, "noise_cost": 19.355403260080465, "n_waypoints_completed": 9, "tot_waypoints": 9}}
{"target": -190.52922370749278, "params": {"k_pid_pos": [0.8118566719138602, 0.061200336574772064, 0.31043653154245654], "k_pid_alt": [1.2730695701110688, 0.0, 0.026369793658144156], "k_pid_att": [8.993235950615617, 3.52285015326864, 0.47124248535054253], "k_pid_yaw": [0.5, 1e-06, 0.1], "k_pid_hsp": [0.13306624063058958, 0.01534873880196424, 0.0], "k_pid_vsp": [197.8968016180928, 98.96176089422507, 0.1058832106828842]}, "datetime": {"datetime": "2025-08-13 18:11:57", "elapsed": 30245.671439647675, "delta": 16.794443130493164}, "costs": {"total_cost": 190.52922370749278, "time_cost": 71.61, "final_distance_cost": 1.846524255105072, "oscillation_cost": 26.502986995099626, "completition_cost": 0.0, "overshoot_cost": 50.74712507777508, "power_cost": 17.56900866699219, "noise_cost": 22.253578712520806, "n_waypoints_completed": 9, "tot_waypoints": 9}}
{"target": -196.17049806352938, "params": {"k_pid_pos": [1.0069027519785456, 0.06782652020517697, 0.3457556746453298], "k_pid_alt": [1.1438292435218107, 0.0, 0.01795033876619519], "k_pid_att": [12.129794743935676, 4.2773114314224125, 0.6538378768718239], "k_pid_yaw": [0.5, 1e-06, 0.1], "k_pid_hsp": [0.18072819705281465, 0.029532937917351926, 0.0], "k_pid_vsp": [291.5576385804465, 84.14415775047382, 0.17812303841348956]}, "datetime": {"datetime": "2025-08-13 18:12:14", "elapsed": 30262.78298640251, "delta": 17.111546754837036}, "costs": {"total_cost": 196.17049806352938, "time_cost": 71.267, "final_distance_cost": 1.8485342495028072, "oscillation_cost": 28.54897732794647, "completition_cost": 0.0, "overshoot_cost": 50.98897000502697, "power_cost": 20.829678161621096, "noise_cost": 22.687338319432033, "n_waypoints_completed": 9, "tot_waypoints": 9}}
{"target": -216.5377547478882, "params": {"k_pid_pos": [0.3953960765084874, 0.04927964402192642, 0.304020883157824], "k_pid_alt": [0.6963343953138437, 0.0, 0.02953309150360062], "k_pid_att": [13.969830098263932, 1.4525756354263244, 0.6314061487212866], "k_pid_yaw": [0.5, 1e-06, 0.1], "k_pid_hsp": [0.11915966813630775, 0.015421737790363566, 0.0], "k_pid_vsp": [296.15625994216435, 113.0552678406827, 0.16990421882195528]}, "datetime": {"datetime": "2025-08-13 18:12:36", "elapsed": 30284.789662837982, "delta": 22.00667643547058}, "costs": {"total_cost": 216.5377547478882, "time_cost": 91.35000000000001, "final_distance_cost": 1.859602454446952, "oscillation_cost": 18.854119843897376, "completition_cost": 0.0, "overshoot_cost": 53.21231042170568, "power_cost": 21.109301025390625, "noise_cost": 30.152421002447532, "n_waypoints_completed": 9, "tot_waypoints": 9}}
{"target": -184.4956959490808, "params": {"k_pid_pos": [0.914479825377679, 0.06218523847158607, 0.27680999180954874], "k_pid_alt": [1.46039829460258, 0.0, 0.02925039650919906], "k_pid_att": [12.659173165358558, 3.840490709131341, 0.5745817470631015], "k_pid_yaw": [0.5, 1e-06, 0.1], "k_pid_hsp": [0.17765865967786054, 0.02201055228815316, 0.0], "k_pid_vsp": [214.1903111782568, 116.87794197929104, 0.11825231099993445]}, "datetime": {"datetime": "2025-08-13 18:12:53", "elapsed": 30301.019197940826, "delta": 16.22953510284424}, "costs": {"total_cost": 184.4956959490808, "time_cost": 69.937, "final_distance_cost": 1.842786487012951, "oscillation_cost": 27.10838812774343, "completition_cost": 0.0, "overshoot_cost": 50.15926658329172, "power_cost": 14.434770349121095, "noise_cost": 21.013484401911633, "n_waypoints_completed": 9, "tot_waypoints": 9}}
{"target": -193.17490945485406, "params": {"k_pid_pos": [0.7995538176322214, 0.039629290623721364, 0.38199932006209597], "k_pid_alt": [1.1275921555788357, 0.0, 0.022128124039143614], "k_pid_att": [11.593687778332367, 3.971331443216382, 0.6297221482614633], "k_pid_yaw": [0.5, 1e-06, 0.1], "k_pid_hsp": [0.13461778156848273, 0.02263339618221068, 0.0], "k_pid_vsp": [362.9512406636729, 113.40715159667867, 0.19650326012427974]}, "datetime": {"datetime": "2025-08-13 18:13:10", "elapsed": 30318.95881485939, "delta": 17.939616918563843}, "costs": {"total_cost": 193.17490945485406, "time_cost": 73.367, "final_distance_cost": 1.8521271608366066, "oscillation_cost": 26.781287069252794, "completition_cost": 0.0, "overshoot_cost": 50.631294292890146, "power_cost": 17.44872039794922, "noise_cost": 23.09448053392529, "n_waypoints_completed": 9, "tot_waypoints": 9}}
{"target": -190.892966708903, "params": {"k_pid_pos": [1.021544365714352, 0.024363124033794495, 0.25367645459795546], "k_pid_alt": [1.5306870203622658, 0.0, 0.024185386374925146], "k_pid_att": [10.415486987091674, 4.958167248791084, 0.6351805062865257], "k_pid_yaw": [0.5, 1e-06, 0.1], "k_pid_hsp": [0.12876311303918628, 0.024330546460539355, 0.0], "k_pid_vsp": [262.5799393581182, 135.95807507213652, 0.09689016140779035]}, "datetime": {"datetime": "2025-08-13 18:13:28", "elapsed": 30336.096219301224, "delta": 17.137404441833496}, "costs": {"total_cost": 190.892966708903, "time_cost": 70.21000000000001, "final_distance_cost": 1.836558568832807, "oscillation_cost": 29.035343010070044, "completition_cost": 0.0, "overshoot_cost": 50.11708318842739, "power_cost": 18.012821325683596, "noise_cost": 21.681160615889162, "n_waypoints_completed": 9, "tot_waypoints": 9}}
{"target": -185.5256760638797, "params": {"k_pid_pos": [0.9161345934350428, 0.06069499713085602, 0.25132526242504377], "k_pid_alt": [1.1959191332438508, 0.0, 0.019914804533840844], "k_pid_att": [6.940417544053485, 3.524520682330109, 0.5169868226039256], "k_pid_yaw": [0.5, 1e-06, 0.1], "k_pid_hsp": [0.15640623040271603, 0.015485231851906396, 0.0], "k_pid_vsp": [380.7257761093892, 87.10494572910052, 0.09396876629357177]}, "datetime": {"datetime": "2025-08-13 18:13:46", "elapsed": 30354.06631541252, "delta": 17.970096111297607}, "costs": {"total_cost": 185.5256760638797, "time_cost": 70.21000000000001, "final_distance_cost": 1.8291123828443259, "oscillation_cost": 27.960528200329474, "completition_cost": 0.0, "overshoot_cost": 50.40092916894875, "power_cost": 14.176140051269533, "noise_cost": 20.94896626048761, "n_waypoints_completed": 9, "tot_waypoints": 9}}
{"target": -185.6988521471205, "params": {"k_pid_pos": [1.1446196196315055, 0.036557471885173505, 0.4044583740279213], "k_pid_alt": [1.0776373006860258, 0.0, 0.026766223228544484], "k_pid_att": [13.390903750516216, 3.6867338403699352, 0.4148808232607877], "k_pid_yaw": [0.5, 1e-06, 0.1], "k_pid_hsp": [0.18824177443275836, 0.011166597194028639, 0.0], "k_pid_vsp": [220.17602741115442, 81.75378285897156, 0.10749739497798927]}, "datetime": {"datetime": "2025-08-13 18:14:02", "elapsed": 30370.4398458004, "delta": 16.373530387878418}, "costs": {"total_cost": 185.6988521471205, "time_cost": 70.105, "final_distance_cost": 1.832882765284086, "oscillation_cost": 28.05672953931345, "completition_cost": 0.0, "overshoot_cost": 50.189367329655596, "power_cost": 14.548583361816407, "noise_cost": 20.966289151050933, "n_waypoints_completed": 9, "tot_waypoints": 9}}
{"target": -183.65844995520087, "params": {"k_pid_pos": [0.7962622227435339, 0.06910719777297224, 0.22404178804775643], "k_pid_alt": [1.0992829587582875, 0.0, 0.028137427339225373], "k_pid_att": [6.306409637462923, 4.701698476803165, 0.6244387690709562], "k_pid_yaw": [0.5, 1e-06, 0.1], "k_pid_hsp": [0.1236817455935082, 0.016238549660736453, 0.0], "k_pid_vsp": [194.1680279265435, 68.61056430978107, 0.15561801468558176]}, "datetime": {"datetime": "2025-08-13 18:14:19", "elapsed": 30387.53664445877, "delta": 17.09679865837097}, "costs": {"total_cost": 183.65844995520087, "time_cost": 71.08500000000001, "final_distance_cost": 1.8363122710731705, "oscillation_cost": 26.51230964813986, "completition_cost": 0.0, "overshoot_cost": 50.12920234014371, "power_cost": 13.312454370117187, "noise_cost": 20.78317132572691, "n_waypoints_completed": 9, "tot_waypoints": 9}}
{"target": -184.211010405344, "params": {"k_pid_pos": [1.2248817551230746, 0.03158347696835386, 0.2775224318071914], "k_pid_alt": [1.16443863084721, 0.0, 0.03978210780219369], "k_pid_att": [13.174417801646847, 3.989215856246963, 0.4867148104492218], "k_pid_yaw": [0.5, 1e-06, 0.1], "k_pid_hsp": [0.13700948054824105, 0.021397889026037994, 0.0], "k_pid_vsp": [400.0, 100.73617340883969, 0.15978768977620733]}, "datetime": {"datetime": "2025-08-13 18:14:36", "elapsed": 30404.36552643776, "delta": 16.828881978988647}, "costs": {"total_cost": 184.211010405344, "time_cost": 69.615, "final_distance_cost": 1.8353787989110355, "oscillation_cost": 29.973158406952365, "completition_cost": 0.0, "overshoot_cost": 50.03535857081299, "power_cost": 12.712775061035156, "noise_cost": 20.039339567632442, "n_waypoints_completed": 9, "tot_waypoints": 9}}
{"target": -185.54388071213475, "params": {"k_pid_pos": [0.9336315147966063, 0.036286149157049426, 0.25162816306679864], "k_pid_alt": [1.603290309928865, 0.0, 0.03042175237999628], "k_pid_att": [10.905579000675083, 3.184958211256543, 0.4320645958691123], "k_pid_yaw": [0.5, 1e-06, 0.1], "k_pid_hsp": [0.21096214149881873, 0.012221645905308035, 0.0], "k_pid_vsp": [326.3171351265, 82.05339091467191, 0.1964222142072448]}, "datetime": {"datetime": "2025-08-13 18:14:53", "elapsed": 30421.228667259216, "delta": 16.86314082145691}, "costs": {"total_cost": 185.54388071213475, "time_cost": 70.182, "final_distance_cost": 1.8401843285864679, "oscillation_cost": 26.791107453181056, "completition_cost": 0.0, "overshoot_cost": 50.47722789318195, "power_cost": 14.834456188964845, "noise_cost": 21.41890484822043, "n_waypoints_completed": 9, "tot_waypoints": 9}}
{"target": -181.11994695923423, "params": {"k_pid_pos": [0.8511770567023033, 0.02768614361136611, 0.23363499709295366], "k_pid_alt": [1.49977344033388, 0.0, 0.02263775615661036], "k_pid_att": [9.923452842897012, 4.682800361754208, 0.5585017702361911], "k_pid_yaw": [0.5, 1e-06, 0.1], "k_pid_hsp": [0.16379458379494471, 0.008925668743087022, 0.0], "k_pid_vsp": [351.43345656715957, 92.44187261341504, 0.12777904356870143]}, "datetime": {"datetime": "2025-08-13 18:15:10", "elapsed": 30438.416373968124, "delta": 17.18770670890808}, "costs": {"total_cost": 181.11994695923423, "time_cost": 70.371, "final_distance_cost": 1.8450836074800572, "oscillation_cost": 26.462963927246033, "completition_cost": 0.0, "overshoot_cost": 50.45336962823867, "power_cost": 11.521489880371094, "noise_cost": 20.466039915898367, "n_waypoints_completed": 9, "tot_waypoints": 9}}
