{"target": -192.3397300544599, "params": {"k_pid_pos": [1.0327320417200851, 0.12193949424446902, 0.35842723544145344], "k_pid_alt": [2.0, 0.0, 0.3455165882065799], "k_pid_att": [24.0012442767255, 3.3538641960129687, 0.4497353343654588], "k_pid_yaw": [0.5, 1e-06, 0.1], "k_pid_hsp": [0.8109226496123411, 0.0, 0.0], "k_pid_vsp": [87.51280663021005, 279.2338768480441, 0.6501804787139188]}, "datetime": {"datetime": "2025-08-13 12:20:34", "elapsed": 9162.78245472908, "delta": 18.45210886001587}, "costs": {"total_cost": 192.3397300544599, "time_cost": 70.875, "final_distance_cost": 1.842661196568058, "oscillation_cost": 32.06371013886558, "completition_cost": 0.0, "overshoot_cost": 50.324890574908366, "power_cost": 15.489614868164063, "noise_cost": 21.743853275953793, "n_waypoints_completed": 9, "tot_waypoints": 9}}
{"target": -205.5661165948087, "params": {"k_pid_pos": [0.6546156810019484, 0.0, 0.26740767942056015], "k_pid_alt": [1.974443327159362, 0.0, 0.0345820305785047], "k_pid_att": [29.941661836556136, 0.0001, 1.0], "k_pid_yaw": [0.5, 1e-06, 0.1], "k_pid_hsp": [0.3264130936661831, 0.04425477110583267, 0.0], "k_pid_vsp": [72.61418688982828, 245.09380465994423, 0.9726223313713618]}, "datetime": {"datetime": "2025-08-13 12:20:55", "elapsed": 9183.167014837265, "delta": 20.384560108184814}, "costs": {"total_cost": 205.5661165948087, "time_cost": 78.708, "final_distance_cost": 1.8589319136207951, "oscillation_cost": 29.50698404772321, "completition_cost": 0.0, "overshoot_cost": 50.91585339027765, "power_cost": 19.267014733886718, "noise_cost": 25.30933250930033, "n_waypoints_completed": 9, "tot_waypoints": 9}}
{"target": -4393.375062925156, "params": {"k_pid_pos": [1.6323605306825826, 0.1828169515906021, 0.3941483808351369], "k_pid_alt": [1.6848799604651152, 0.0076113257167363365, 0.0], "k_pid_att": [0.0, 2.1132230836236605, 1.0], "k_pid_yaw": [0.5, 1e-06, 0.1], "k_pid_hsp": [0.9239067713977143, 0.05034060461536024, 0.0], "k_pid_vsp": [110.07873215141767, 380.48336706269464, 0.5733837604583725]}, "datetime": {"datetime": "2025-08-13 12:21:24", "elapsed": 9212.845078229904, "delta": 29.67806339263916}, "costs": {"total_cost": 4393.375062925156, "time_cost": 150, "final_distance_cost": 442.5972369457606, "oscillation_cost": 1240.1151725653478, "completition_cost": 1000.0, "overshoot_cost": 1337.86179958564, "power_cost": 59.259934411621096, "noise_cost": 163.54091941678638, "n_waypoints_completed": 0, "tot_waypoints": 9}}
{"target": -190.0718059103673, "params": {"k_pid_pos": [1.1438775266940502, 0.20292236841285707, 0.4461219655202553], "k_pid_alt": [2.0, 0.026241335621298507, 0.04320645282370775], "k_pid_att": [27.02603611883107, 4.674242374096435, 1.0], "k_pid_yaw": [0.5, 1e-06, 0.1], "k_pid_hsp": [0.3989674538053129, 0.045447648966041844, 0.0], "k_pid_vsp": [124.35263886541527, 275.6121384323996, 1.214818510664575]}, "datetime": {"datetime": "2025-08-13 12:21:41", "elapsed": 9229.910373210907, "delta": 17.065294981002808}, "costs": {"total_cost": 190.0718059103673, "time_cost": 70.973, "final_distance_cost": 1.8344587055900308, "oscillation_cost": 30.54209986614483, "completition_cost": 0.0, "overshoot_cost": 51.277346295880115, "power_cost": 14.183782666015626, "noise_cost": 21.26111837673669, "n_waypoints_completed": 9, "tot_waypoints": 9}}
{"target": -200.22271663913642, "params": {"k_pid_pos": [2.0, 0.1981496846307503, 0.49551414601529986], "k_pid_alt": [2.0, 0.0015124634285567703, 0.07938291856966896], "k_pid_att": [34.12887708107948, 0.0001, 1.0], "k_pid_yaw": [0.5, 1e-06, 0.1], "k_pid_hsp": [0.6560029923567976, 0.09858333152931731, 0.0], "k_pid_vsp": [14.37784132410304, 50.2962445755752, 0.9853855705668145]}, "datetime": {"datetime": "2025-08-13 12:21:59", "elapsed": 9247.161488294601, "delta": 17.251115083694458}, "costs": {"total_cost": 200.22271663913642, "time_cost": 69.09700000000001, "final_distance_cost": 1.7819130821206572, "oscillation_cost": 35.77585086601502, "completition_cost": 0.0, "overshoot_cost": 50.6357976142264, "power_cost": 21.229871520996095, "noise_cost": 21.70228355577825, "n_waypoints_completed": 9, "tot_waypoints": 9}}
{"target": -1161.24602392378, "params": {"k_pid_pos": [0.0001, 0.07739290666915667, 0.1410391997375479], "k_pid_alt": [1.5643133050449913, 0.0019832678722684835, 0.023799853527816595], "k_pid_att": [38.66490001033152, 3.6558266092557976, 1.0], "k_pid_yaw": [0.5, 1e-06, 0.1], "k_pid_hsp": [0.37536592162148025, 0.12842550990403348, 0.0], "k_pid_vsp": [151.79590407444036, 96.60805326081544, 0.6062608951281301]}, "datetime": {"datetime": "2025-08-13 12:22:28", "elapsed": 9276.265612125397, "delta": 29.104123830795288}, "costs": {"total_cost": 1161.24602392378, "time_cost": 150, "final_distance_cost": 75.19999772672386, "oscillation_cost": 0.7793179065563812, "completition_cost": 777.7777777777778, "overshoot_cost": 100.67721924266432, "power_cost": 23.37864871826172, "noise_cost": 33.433062551796056, "n_waypoints_completed": 2, "tot_waypoints": 9}}
{"target": -1209.6444999207051, "params": {"k_pid_pos": [1.4351944672674035, 0.18068653675456692, 0.4377754779722758], "k_pid_alt": [2.0, 0.010056118409606046, 0.04140261416078885], "k_pid_att": [21.296743801748416, 4.239690141515491, 0.5352879242261437], "k_pid_yaw": [0.5, 1e-06, 0.1], "k_pid_hsp": [0.0001, 0.040766143496764023, 0.0], "k_pid_vsp": [70.7597717708815, 239.17030869025623, 0.08198102504141258]}, "datetime": {"datetime": "2025-08-13 12:22:57", "elapsed": 9305.102541685104, "delta": 28.83692955970764}, "costs": {"total_cost": 1209.6444999207051, "time_cost": 150, "final_distance_cost": 94.3120016315586, "oscillation_cost": 28.154748137761125, "completition_cost": 777.7777777777778, "overshoot_cost": 101.08200167758436, "power_cost": 24.874211560058594, "noise_cost": 33.443759135964655, "n_waypoints_completed": 2, "tot_waypoints": 9}}
{"target": -782.1673425836026, "params": {"k_pid_pos": [0.5545652138892513, 0.0, 0.31587999239600245], "k_pid_alt": [0.6606827189142431, 0.022313734861066317, 0.07903563764662534], "k_pid_att": [35.559679431637015, 5.290580271644042, 1.0], "k_pid_yaw": [0.5, 1e-06, 0.1], "k_pid_hsp": [0.008258574115428149, 0.02316333546030433, 0.0], "k_pid_vsp": [126.16563313654846, 149.39616805959974, 0.4650386456638436]}, "datetime": {"datetime": "2025-08-13 12:23:27", "elapsed": 9335.061743974686, "delta": 29.9592022895813}, "costs": {"total_cost": 782.1673425836026, "time_cost": 150, "final_distance_cost": 53.42404796891456, "oscillation_cost": 16.572338079650297, "completition_cost": 444.4444444444444, "overshoot_cost": 72.5032959476927, "power_cost": 14.799689233398437, "noise_cost": 30.423526909502257, "n_waypoints_completed": 5, "tot_waypoints": 9}}
{"target": -196.34335235040368, "params": {"k_pid_pos": [1.3910650369074897, 0.18661809392916728, 0.39666102588714747], "k_pid_alt": [2.0, 0.012426436156067762, 0.05950387118437008], "k_pid_att": [19.980087036819583, 2.2112653884166895, 1.0], "k_pid_yaw": [0.5, 1e-06, 0.1], "k_pid_hsp": [0.7691331532875, 0.09624482776922312, 0.0], "k_pid_vsp": [108.24103560748908, 296.0254636854695, 0.6363769689192683]}, "datetime": {"datetime": "2025-08-13 12:23:44", "elapsed": 9351.999945640564, "delta": 16.938201665878296}, "costs": {"total_cost": 196.34335235040368, "time_cost": 69.853, "final_distance_cost": 1.826615776573734, "oscillation_cost": 34.6390267426348, "completition_cost": 0.0, "overshoot_cost": 50.71646843341951, "power_cost": 17.561927490234375, "noise_cost": 21.74631390754125, "n_waypoints_completed": 9, "tot_waypoints": 9}}
{"target": -195.38339717474764, "params": {"k_pid_pos": [1.5321954453452322, 0.24970580214129667, 0.20816019760673385], "k_pid_alt": [1.2757383762948447, 0.011309933369674998, 0.04895400882637671], "k_pid_att": [13.402491917099013, 3.1500000233393863, 1.0], "k_pid_yaw": [0.5, 1e-06, 0.1], "k_pid_hsp": [0.6338591763453804, 0.0, 0.0], "k_pid_vsp": [112.79245347905864, 1e-06, 1.4319750278705952]}, "datetime": {"datetime": "2025-08-13 12:24:01", "elapsed": 9369.712172746658, "delta": 17.71222710609436}, "costs": {"total_cost": 195.38339717474764, "time_cost": 71.498, "final_distance_cost": 1.7616569381597267, "oscillation_cost": 31.754887592109988, "completition_cost": 0.0, "overshoot_cost": 51.977081061717676, "power_cost": 16.44905386962891, "noise_cost": 21.942717713131348, "n_waypoints_completed": 9, "tot_waypoints": 9}}
{"target": -195.61048929231399, "params": {"k_pid_pos": [0.7233499141304295, 0.10328214560992077, 0.2604934238090596], "k_pid_alt": [1.1703995936210505, 0.019446403341607774, 0.0], "k_pid_att": [62.93039815920853, 6.566296932231709, 1.0], "k_pid_yaw": [0.5, 1e-06, 0.1], "k_pid_hsp": [0.5898441807053606, 0.0, 0.0], "k_pid_vsp": [76.85321835801679, 278.86901654043874, 0.7444652499347661]}, "datetime": {"datetime": "2025-08-13 12:24:20", "elapsed": 9388.751118898392, "delta": 19.0389461517334}, "costs": {"total_cost": 195.61048929231399, "time_cost": 75.57900000000001, "final_distance_cost": 1.8512655346442648, "oscillation_cost": 29.821072366479076, "completition_cost": 0.0, "overshoot_cost": 51.58306612565135, "power_cost": 13.895471411132814, "noise_cost": 22.880613854406487, "n_waypoints_completed": 9, "tot_waypoints": 9}}
{"target": -193.90258064433442, "params": {"k_pid_pos": [1.7480616449308666, 0.060984109914567625, 0.0], "k_pid_alt": [1.5606441531703659, 0.0, 0.07839609311676049], "k_pid_att": [28.547829645825004, 4.751652996415842, 1.0], "k_pid_yaw": [0.5, 1e-06, 0.1], "k_pid_hsp": [0.9948956155098675, 0.07606581496380418, 0.0], "k_pid_vsp": [80.80244754904072, 216.3760798066006, 2.0209487181177033]}, "datetime": {"datetime": "2025-08-13 12:24:37", "elapsed": 9405.032815933228, "delta": 16.281697034835815}, "costs": {"total_cost": 193.90258064433442, "time_cost": 68.32000000000001, "final_distance_cost": 1.767148068692246, "oscillation_cost": 37.80927088096235, "completition_cost": 0.0, "overshoot_cost": 49.87912575201693, "power_cost": 15.913100891113283, "noise_cost": 20.213935051549573, "n_waypoints_completed": 9, "tot_waypoints": 9}}
{"target": -191.1091793834264, "params": {"k_pid_pos": [2.0, 0.0865880411141422, 0.50055599158519], "k_pid_alt": [0.8438025708846659, 0.011994406214828094, 0.06053696335935271], "k_pid_att": [34.08451196793856, 3.3671264930150335, 0.9002531011949833], "k_pid_yaw": [0.5, 1e-06, 0.1], "k_pid_hsp": [1.1000594181006842, 0.038709204487146855, 0.0], "k_pid_vsp": [43.3957952873889, 270.0391140201979, 1e-06]}, "datetime": {"datetime": "2025-08-13 12:24:54", "elapsed": 9422.414054870605, "delta": 17.38123893737793}, "costs": {"total_cost": 191.1091793834264, "time_cost": 69.237, "final_distance_cost": 1.7753378459916345, "oscillation_cost": 36.18037303918887, "completition_cost": 0.0, "overshoot_cost": 49.94601297217543, "power_cost": 14.370750598144532, "noise_cost": 19.599704927925966, "n_waypoints_completed": 9, "tot_waypoints": 9}}
{"target": -189.8158838042851, "params": {"k_pid_pos": [1.1610673364446351, 0.0, 0.27962548293482403], "k_pid_alt": [1.2974737488590387, 0.0, 0.0], "k_pid_att": [31.22628883148089, 5.461145626143775, 0.06331618720828547], "k_pid_yaw": [0.5, 1e-06, 0.1], "k_pid_hsp": [1.3177094804646388, 0.07260913073953675, 0.0], "k_pid_vsp": [108.34997772257584, 235.21552981496248, 0.09460514671304647]}, "datetime": {"datetime": "2025-08-13 12:25:11", "elapsed": 9439.509616851807, "delta": 17.095561981201172}, "costs": {"total_cost": 189.8158838042851, "time_cost": 69.65, "final_distance_cost": 1.8472831144281008, "oscillation_cost": 39.10654146951249, "completition_cost": 0.0, "overshoot_cost": 49.612283136926976, "power_cost": 10.045402160644532, "noise_cost": 19.554373922773, "n_waypoints_completed": 9, "tot_waypoints": 9}}
{"target": -794.2028807177795, "params": {"k_pid_pos": [0.11320957342051712, 0.07877463057486399, 0.45597172373824874], "k_pid_alt": [2.0, 0.007508095595676498, 0.0], "k_pid_att": [13.255396454876136, 4.475157088610099, 1.0], "k_pid_yaw": [0.5, 1e-06, 0.1], "k_pid_hsp": [1.5300368886492712, 0.13496262180109897, 0.0], "k_pid_vsp": [109.45689314958857, 400.0, 1.411912676660437]}, "datetime": {"datetime": "2025-08-13 12:25:41", "elapsed": 9469.503782510757, "delta": 29.994165658950806}, "costs": {"total_cost": 794.2028807177795, "time_cost": 150, "final_distance_cost": 46.839104984444766, "oscillation_cost": 13.930842645274375, "completition_cost": 444.4444444444444, "overshoot_cost": 65.53535391205091, "power_cost": 37.95648364257813, "noise_cost": 35.496651088986894, "n_waypoints_completed": 5, "tot_waypoints": 9}}
{"target": -246.93630426569052, "params": {"k_pid_pos": [0.9340125393315083, 0.12323999580206853, 0.39142990906432], "k_pid_alt": [0.17985826244954542, 0.01016955460092861, 0.0], "k_pid_att": [38.301741790528645, 7.4946830492766034, 0.6015261746122637], "k_pid_yaw": [0.5, 1e-06, 0.1], "k_pid_hsp": [0.9100215192014254, 0.19520422909050297, 0.0], "k_pid_vsp": [160.94635214448806, 124.49608267295712, 0.025080358624397947]}, "datetime": {"datetime": "2025-08-13 12:26:09", "elapsed": 9497.81794834137, "delta": 28.314165830612183}, "costs": {"total_cost": 246.93630426569052, "time_cost": 115.108, "final_distance_cost": 1.8633358624100431, "oscillation_cost": 33.23662311855765, "completition_cost": 0.0, "overshoot_cost": 53.63540450253695, "power_cost": 13.51787352294922, "noise_cost": 29.575067259236658, "n_waypoints_completed": 9, "tot_waypoints": 9}}
{"target": -208.83932362004523, "params": {"k_pid_pos": [0.7303874908696971, 0.0, 0.28587518564305586], "k_pid_alt": [2.0, 0.0, 0.0030660250012252144], "k_pid_att": [32.48524746579595, 6.154739925837866, 0.9447264192490478], "k_pid_yaw": [0.5, 1e-06, 0.1], "k_pid_hsp": [1.0863833862255248, 0.0131649843548609, 0.0], "k_pid_vsp": [78.98161287992502, 280.1131982052187, 0.22362008890033772]}, "datetime": {"datetime": "2025-08-13 12:26:29", "elapsed": 9517.316813707352, "delta": 19.498865365982056}, "costs": {"total_cost": 208.83932362004523, "time_cost": 78.575, "final_distance_cost": 1.8567325815794005, "oscillation_cost": 35.71707963988531, "completition_cost": 0.0, "overshoot_cost": 51.02342059412149, "power_cost": 17.072954724121093, "noise_cost": 24.594136080337943, "n_waypoints_completed": 9, "tot_waypoints": 9}}
{"target": -184.13368576615255, "params": {"k_pid_pos": [1.2881524591670919, 0.14502660445772184, 0.228333302143676], "k_pid_alt": [0.8407564103923811, 0.019402045899888882, 0.04216050983175923], "k_pid_att": [45.49838220766788, 7.469397130604569, 1.0], "k_pid_yaw": [0.5, 1e-06, 0.1], "k_pid_hsp": [1.154281589545899, 0.1214581493101381, 0.0], "k_pid_vsp": [113.906060281324, 95.97123635003709, 0.4713852827496174]}, "datetime": {"datetime": "2025-08-13 12:26:46", "elapsed": 9534.876643180847, "delta": 17.559829473495483}, "costs": {"total_cost": 184.13368576615255, "time_cost": 69.3, "final_distance_cost": 1.8062692915850325, "oscillation_cost": 34.52565604816619, "completition_cost": 0.0, "overshoot_cost": 49.66062889392834, "power_cost": 9.852127807617189, "noise_cost": 18.989003724855788, "n_waypoints_completed": 9, "tot_waypoints": 9}}
{"target": -187.42643592143833, "params": {"k_pid_pos": [1.814718933523517, 0.14109036827722776, 0.31771354711695515], "k_pid_alt": [1.978235808394283, 0.0021838575853517575, 0.0], "k_pid_att": [39.844562748281184, 5.463644351676744, 0.6091748385025624], "k_pid_yaw": [0.5, 1e-06, 0.1], "k_pid_hsp": [0.5950168493632916, 0.039115398025918395, 0.0], "k_pid_vsp": [90.62587222806015, 400.0, 0.4913712689299356]}, "datetime": {"datetime": "2025-08-13 12:27:03", "elapsed": 9551.730630636215, "delta": 16.853987455368042}, "costs": {"total_cost": 187.42643592143833, "time_cost": 68.061, "final_distance_cost": 1.7962412205768041, "oscillation_cost": 35.427629152810745, "completition_cost": 0.0, "overshoot_cost": 49.94234771905256, "power_cost": 13.10509013671875, "noise_cost": 19.09412769227945, "n_waypoints_completed": 9, "tot_waypoints": 9}}
{"target": -193.81687964019403, "params": {"k_pid_pos": [2.0, 0.26118780222962046, 0.5208614415267464], "k_pid_alt": [1.1020368613995963, 0.002921484315818748, 0.11045723984379936], "k_pid_att": [35.00288471836082, 4.8344858641566555, 0.7815890243808901], "k_pid_yaw": [0.5, 1e-06, 0.1], "k_pid_hsp": [0.9008194854478065, 0.009920527226903437, 0.0], "k_pid_vsp": [147.60198270127466, 400.0, 0.9218214560502965]}, "datetime": {"datetime": "2025-08-13 12:27:21", "elapsed": 9569.12428689003, "delta": 17.393656253814697}, "costs": {"total_cost": 193.81687964019403, "time_cost": 69.727, "final_distance_cost": 1.7937537948552154, "oscillation_cost": 33.43941469976782, "completition_cost": 0.0, "overshoot_cost": 50.111077532984574, "power_cost": 17.656407714843752, "noise_cost": 21.089225897742665, "n_waypoints_completed": 9, "tot_waypoints": 9}}
{"target": -185.54528379681122, "params": {"k_pid_pos": [1.4931290004891788, 0.26590228079594547, 0.2166739250201494], "k_pid_alt": [2.0, 0.015175061171510039, 0.034452157764028456], "k_pid_att": [40.266681266756926, 4.912441746085808, 1.0], "k_pid_yaw": [0.5, 1e-06, 0.1], "k_pid_hsp": [1.0502702870049467, 0.0, 0.0], "k_pid_vsp": [185.06565871837196, 140.0522982127278, 0.16135320136334752]}, "datetime": {"datetime": "2025-08-13 12:27:38", "elapsed": 9586.069625377655, "delta": 16.945338487625122}, "costs": {"total_cost": 185.54528379681122, "time_cost": 69.09700000000001, "final_distance_cost": 1.8048921318414872, "oscillation_cost": 32.69169607546577, "completition_cost": 0.0, "overshoot_cost": 51.04333216613446, "power_cost": 11.319431335449218, "noise_cost": 19.58893208792025, "n_waypoints_completed": 9, "tot_waypoints": 9}}
{"target": -3109.572263154527, "params": {"k_pid_pos": [2.0, 0.265105928050744, 0.2659202792922378], "k_pid_alt": [1.478106424333773, 0.008234420215116918, 0.08666884454350747], "k_pid_att": [0.0, 3.7882985368810593, 1.0], "k_pid_yaw": [0.5, 1e-06, 0.1], "k_pid_hsp": [0.9727841208202458, 0.12298494870903746, 0.0], "k_pid_vsp": [67.38460683119435, 315.8262766102472, 0.9336127900248851]}, "datetime": {"datetime": "2025-08-13 12:28:10", "elapsed": 9618.429496526718, "delta": 32.35987114906311}, "costs": {"total_cost": 3109.572263154527, "time_cost": 150, "final_distance_cost": 134.82192710430306, "oscillation_cost": 1117.9079989921222, "completition_cost": 1000.0, "overshoot_cost": 495.00819983283367, "power_cost": 53.83865762939453, "noise_cost": 157.99547959587267, "n_waypoints_completed": 0, "tot_waypoints": 9}}
{"target": -905.0050062756832, "params": {"k_pid_pos": [0.06613720780274061, 0.069650676919355, 0.23712001895945575], "k_pid_alt": [1.592403273392068, 0.023489938262106314, 0.010844656750935803], "k_pid_att": [59.6591362583832, 7.195550588145401, 1.0], "k_pid_yaw": [0.5, 1e-06, 0.1], "k_pid_hsp": [0.5811978576958707, 0.0, 0.0], "k_pid_vsp": [119.91871808356053, 357.92027179401754, 0.38460988506173593]}, "datetime": {"datetime": "2025-08-13 12:28:42", "elapsed": 9650.434903621674, "delta": 32.005407094955444}, "costs": {"total_cost": 905.0050062756832, "time_cost": 150, "final_distance_cost": 53.25277069656886, "oscillation_cost": 5.330959511737807, "completition_cost": 555.5555555555555, "overshoot_cost": 71.76653864864798, "power_cost": 33.9783099609375, "noise_cost": 35.120871902235486, "n_waypoints_completed": 4, "tot_waypoints": 9}}
{"target": -212.36207912638284, "params": {"k_pid_pos": [0.6996935447568907, 0.20190464054351653, 0.3737491611720927], "k_pid_alt": [1.7071655399549088, 0.010861534911638326, 0.0], "k_pid_att": [36.43756248361038, 1.729502623524527, 0.743490619323059], "k_pid_yaw": [0.5, 1e-06, 0.1], "k_pid_hsp": [1.3669743442600373, 0.0063967612438369, 0.0], "k_pid_vsp": [100.94072893246721, 20.809362086653227, 1e-06]}, "datetime": {"datetime": "2025-08-13 12:29:04", "elapsed": 9672.761551856995, "delta": 22.326648235321045}, "costs": {"total_cost": 212.36207912638284, "time_cost": 81.08800000000001, "final_distance_cost": 1.8254616686824878, "oscillation_cost": 29.667997607741402, "completition_cost": 0.0, "overshoot_cost": 53.18340209619026, "power_cost": 20.429960546875, "noise_cost": 26.167257206893687, "n_waypoints_completed": 9, "tot_waypoints": 9}}
{"target": -210.60503027768323, "params": {"k_pid_pos": [2.0, 0.15880577886274144, 0.30684340039501473], "k_pid_alt": [1.4900379828932506, 0.024094694960423532, 0.02161007789652074], "k_pid_att": [7.108967475149413, 2.8743873888114355, 0.6915391695304175], "k_pid_yaw": [0.5, 1e-06, 0.1], "k_pid_hsp": [1.276074892852974, 0.10231228703126878, 0.0], "k_pid_vsp": [147.5683912497208, 277.5893730673882, 0.5886167745188979]}, "datetime": {"datetime": "2025-08-13 12:29:23", "elapsed": 9691.804370880127, "delta": 19.042819023132324}, "costs": {"total_cost": 210.60503027768323, "time_cost": 72.156, "final_distance_cost": 1.803859696326322, "oscillation_cost": 42.86917269216678, "completition_cost": 0.0, "overshoot_cost": 51.24886268783682, "power_cost": 20.35319254150391, "noise_cost": 22.1739426598494, "n_waypoints_completed": 9, "tot_waypoints": 9}}
{"target": -198.59919083319497, "params": {"k_pid_pos": [1.173284713323809, 0.13827874820001726, 0.18014236801626585], "k_pid_alt": [1.962185564040875, 0.012246719284945968, 0.1033479555890552], "k_pid_att": [59.101645408729574, 3.158661135918719, 0.8075016464758855], "k_pid_yaw": [0.5, 1e-06, 0.1], "k_pid_hsp": [1.2715996551076199, 0.11487723603692697, 0.0], "k_pid_vsp": [103.78077431827857, 110.1544568628554, 0.2512751046906253]}, "datetime": {"datetime": "2025-08-13 12:29:41", "elapsed": 9709.366935968399, "delta": 17.562565088272095}, "costs": {"total_cost": 198.59919083319497, "time_cost": 70.203, "final_distance_cost": 1.8368659122827833, "oscillation_cost": 33.10405563337931, "completition_cost": 0.0, "overshoot_cost": 51.53759362958855, "power_cost": 19.81358448486328, "noise_cost": 22.104091173081066, "n_waypoints_completed": 9, "tot_waypoints": 9}}
