{"target": -187.31159443527895, "params": {"k_pid_pos": [1.158325164671302, 0.05790987114507037, 0.2660440850192089], "k_pid_alt": [1.718595454088575, 0.0, 0.024404183413769192], "k_pid_att": [11.096371361952649, 5.196246281633074, 0.6847327100425975], "k_pid_yaw": [0.5, 1e-06, 0.1], "k_pid_hsp": [0.1344416329378804, 0.01936867538935118, 0.0], "k_pid_vsp": [288.2789011634446, 126.68836604625979, 0.18484686166469197]}, "datetime": {"datetime": "2025-08-13 22:09:32", "elapsed": 44500.54083776474, "delta": 17.43639087677002}, "costs": {"total_cost": 187.31159443527895, "time_cost": 69.272, "final_distance_cost": 1.82429486073905, "oscillation_cost": 29.66613468234619, "completition_cost": 0.0, "overshoot_cost": 50.52152164699819, "power_cost": 15.35225750732422, "noise_cost": 20.675385737871288, "n_waypoints_completed": 9, "tot_waypoints": 9}}
{"target": -184.37497057492124, "params": {"k_pid_pos": [1.0486197040651744, 0.05497649533901675, 0.27315351778639013], "k_pid_alt": [1.6058213365297467, 0.0, 0.023541692576935957], "k_pid_att": [10.54021618873378, 3.7077861789803137, 0.5557067042361589], "k_pid_yaw": [0.5, 1e-06, 0.1], "k_pid_hsp": [0.20528280718892286, 0.012555878866660567, 0.0], "k_pid_vsp": [344.6858565254647, 109.29946377012102, 0.1458053370079405]}, "datetime": {"datetime": "2025-08-13 22:09:50", "elapsed": 44518.27276682854, "delta": 17.731929063796997}, "costs": {"total_cost": 184.37497057492124, "time_cost": 69.734, "final_distance_cost": 1.8341099023121878, "oscillation_cost": 27.793031011923166, "completition_cost": 0.0, "overshoot_cost": 50.14093892650507, "power_cost": 14.071897131347656, "noise_cost": 20.800993602833174, "n_waypoints_completed": 9, "tot_waypoints": 9}}
{"target": -186.270126427158, "params": {"k_pid_pos": [0.7969799911372522, 0.05401748390335751, 0.26066642864321027], "k_pid_alt": [1.6327462728333642, 0.0, 0.02135005733397009], "k_pid_att": [8.978138352868216, 4.372084368749674, 0.5867844006351032], "k_pid_yaw": [0.5, 1e-06, 0.1], "k_pid_hsp": [0.2389829802921751, 0.010897038786180245, 0.0], "k_pid_vsp": [274.2318306363395, 149.36023349730692, 0.13046693324038028]}, "datetime": {"datetime": "2025-08-13 22:10:07", "elapsed": 44535.559163331985, "delta": 17.286396503448486}, "costs": {"total_cost": 186.270126427158, "time_cost": 71.757, "final_distance_cost": 1.8387654473012056, "oscillation_cost": 26.92698306219554, "completition_cost": 0.0, "overshoot_cost": 50.41095997327055, "power_cost": 13.727081396484376, "noise_cost": 21.609336547906313, "n_waypoints_completed": 9, "tot_waypoints": 9}}
{"target": -181.67298385175272, "params": {"k_pid_pos": [1.0879017631623318, 0.054135723162710266, 0.3909100347534927], "k_pid_alt": [1.5469254237709322, 0.0, 0.012740985085966236], "k_pid_att": [9.715812955212273, 4.201849441098239, 0.6586338968781749], "k_pid_yaw": [0.5, 1e-06, 0.1], "k_pid_hsp": [0.21980109111701418, 0.01740932643061122, 0.0], "k_pid_vsp": [228.67856102270753, 102.51549540672012, 0.15962262888009085]}, "datetime": {"datetime": "2025-08-13 22:10:25", "elapsed": 44553.20598077774, "delta": 17.646817445755005}, "costs": {"total_cost": 181.67298385175272, "time_cost": 69.279, "final_distance_cost": 1.8350314131282017, "oscillation_cost": 28.447041705502947, "completition_cost": 0.0, "overshoot_cost": 50.0573037656003, "power_cost": 11.966301770019532, "noise_cost": 20.08830519750173, "n_waypoints_completed": 9, "tot_waypoints": 9}}
{"target": -182.43985974812227, "params": {"k_pid_pos": [1.067770050216919, 0.06392324422429854, 0.3216993284685823], "k_pid_alt": [1.6901257251792596, 0.0, 0.0263990228596076], "k_pid_att": [10.238987928627674, 4.218474257389782, 0.6501644078863742], "k_pid_yaw": [0.5, 1e-06, 0.1], "k_pid_hsp": [0.2335305993515622, 0.016941746499563645, 0.0], "k_pid_vsp": [265.6008147716822, 114.49072942399984, 0.16938639067474823]}, "datetime": {"datetime": "2025-08-13 22:10:41", "elapsed": 44569.25698852539, "delta": 16.051007747650146}, "costs": {"total_cost": 182.43985974812227, "time_cost": 69.02, "final_distance_cost": 1.8394510900626717, "oscillation_cost": 28.534043476245873, "completition_cost": 0.0, "overshoot_cost": 50.001144656281795, "power_cost": 12.764929724121094, "noise_cost": 20.280290801410853, "n_waypoints_completed": 9, "tot_waypoints": 9}}
{"target": -192.99136091809487, "params": {"k_pid_pos": [1.0979451079620843, 0.0558706028965855, 0.32441170561156446], "k_pid_alt": [1.2992014468882285, 0.0, 0.02345163212753772], "k_pid_att": [9.923136798462602, 3.12965453352974, 0.5414130809642057], "k_pid_yaw": [0.5, 1e-06, 0.1], "k_pid_hsp": [0.21323836015598782, 0.016107264461849274, 0.0], "k_pid_vsp": [294.6513824314506, 144.59043225323504, 0.18477137763896698]}, "datetime": {"datetime": "2025-08-13 22:10:59", "elapsed": 44587.23239803314, "delta": 17.975409507751465}, "costs": {"total_cost": 192.99136091809487, "time_cost": 70.238, "final_distance_cost": 1.836934400249982, "oscillation_cost": 29.049735063264777, "completition_cost": 0.0, "overshoot_cost": 50.80103403316027, "power_cost": 19.176267919921877, "noise_cost": 21.889389501497945, "n_waypoints_completed": 9, "tot_waypoints": 9}}
{"target": -179.667913437718, "params": {"k_pid_pos": [1.05121394665421, 0.038482492385669455, 0.33392755843269045], "k_pid_alt": [1.3298890609083212, 0.0, 0.023982254554233834], "k_pid_att": [9.429661420962034, 4.092559837746395, 0.6456337600940804], "k_pid_yaw": [0.5, 1e-06, 0.1], "k_pid_hsp": [0.14799820772737124, 0.013692328794389913, 0.0], "k_pid_vsp": [223.95878898842906, 117.81283472764665, 0.15945965362177164]}, "datetime": {"datetime": "2025-08-13 22:11:15", "elapsed": 44603.74392461777, "delta": 16.511526584625244}, "costs": {"total_cost": 179.667913437718, "time_cost": 69.342, "final_distance_cost": 1.8307819193458132, "oscillation_cost": 27.984695379356694, "completition_cost": 0.0, "overshoot_cost": 49.791017922143766, "power_cost": 10.987285656738282, "noise_cost": 19.73213256013343, "n_waypoints_completed": 9, "tot_waypoints": 9}}
{"target": -182.5804052753253, "params": {"k_pid_pos": [0.9908408530952184, 0.058697314646534854, 0.2906407315345038], "k_pid_alt": [1.6527417540314502, 0.0, 0.023396499079448935], "k_pid_att": [11.516165789951268, 3.642203724348119, 0.6192501613449796], "k_pid_yaw": [0.5, 1e-06, 0.1], "k_pid_hsp": [0.23260979816218033, 0.015409055467370187, 0.0], "k_pid_vsp": [291.42978073726886, 114.56552503215924, 0.16447750512242112]}, "datetime": {"datetime": "2025-08-13 22:11:34", "elapsed": 44622.154886484146, "delta": 18.410961866378784}, "costs": {"total_cost": 182.5804052753253, "time_cost": 69.874, "final_distance_cost": 1.8333668308764328, "oscillation_cost": 27.520831127245764, "completition_cost": 0.0, "overshoot_cost": 50.0341219608115, "power_cost": 12.694483459472657, "noise_cost": 20.623601896918967, "n_waypoints_completed": 9, "tot_waypoints": 9}}
{"target": -182.37539297385484, "params": {"k_pid_pos": [0.9311942718295262, 0.060249220148123867, 0.25613387138529203], "k_pid_alt": [1.7089869565674825, 0.0, 0.026029086003395954], "k_pid_att": [9.747631721891018, 3.7679689604903808, 0.6081656017776508], "k_pid_yaw": [0.5, 1e-06, 0.1], "k_pid_hsp": [0.20905247691483106, 0.014434682340666291, 0.0], "k_pid_vsp": [312.7766188575719, 127.72110946446803, 0.1908359560300278]}, "datetime": {"datetime": "2025-08-13 22:11:50", "elapsed": 44638.721010923386, "delta": 16.566124439239502}, "costs": {"total_cost": 182.37539297385484, "time_cost": 69.755, "final_distance_cost": 1.841012388929167, "oscillation_cost": 27.03674530296837, "completition_cost": 0.0, "overshoot_cost": 50.180575673212005, "power_cost": 12.997480017089844, "noise_cost": 20.564579591655455, "n_waypoints_completed": 9, "tot_waypoints": 9}}
{"target": -195.3042606488611, "params": {"k_pid_pos": [1.0522512847644139, 0.05895690457543502, 0.3070622859889596], "k_pid_alt": [1.5193080994973016, 0.0, 0.023269040017498525], "k_pid_att": [9.189982738274358, 4.076628829537467, 0.5883876111147677], "k_pid_yaw": [0.5, 1e-06, 0.1], "k_pid_hsp": [0.21130814814930676, 0.015198204148959957, 0.0], "k_pid_vsp": [316.06824292699565, 112.7948465096785, 0.14725040566751058]}, "datetime": {"datetime": "2025-08-13 22:12:08", "elapsed": 44656.59122014046, "delta": 17.870209217071533}, "costs": {"total_cost": 195.3042606488611, "time_cost": 70.658, "final_distance_cost": 1.8261187415522868, "oscillation_cost": 29.33959032945375, "completition_cost": 0.0, "overshoot_cost": 51.33149464827766, "power_cost": 19.923602856445314, "noise_cost": 22.225454073132045, "n_waypoints_completed": 9, "tot_waypoints": 9}}
{"target": -189.0515125671554, "params": {"k_pid_pos": [0.7616699031637818, 0.05109281580377221, 0.32658836403981645], "k_pid_alt": [1.2944882826849107, 0.0, 0.023029105309228772], "k_pid_att": [9.305998527455733, 3.9557546933165053, 0.6332712346081804], "k_pid_yaw": [0.5, 1e-06, 0.1], "k_pid_hsp": [0.23701777112012942, 0.009339921645265113, 0.0], "k_pid_vsp": [291.86126063060175, 115.12836106576923, 0.1611823424857218]}, "datetime": {"datetime": "2025-08-13 22:12:26", "elapsed": 44674.02312421799, "delta": 17.431904077529907}, "costs": {"total_cost": 189.0515125671554, "time_cost": 74.235, "final_distance_cost": 1.8462623589279872, "oscillation_cost": 26.90212806120216, "completition_cost": 0.0, "overshoot_cost": 50.59279301232877, "power_cost": 13.355520642089845, "noise_cost": 22.119808492606637, "n_waypoints_completed": 9, "tot_waypoints": 9}}
{"target": -184.03643866167988, "params": {"k_pid_pos": [0.8868504855952333, 0.0487470138692512, 0.3087970670506483], "k_pid_alt": [1.4841504050386722, 0.0, 0.02309690331493365], "k_pid_att": [8.751021576446254, 4.146306749864653, 0.6152883972617675], "k_pid_yaw": [0.5, 1e-06, 0.1], "k_pid_hsp": [0.17893248809737602, 0.015747732555196913, 0.0], "k_pid_vsp": [265.75808660369074, 118.19690058977945, 0.18428884281915323]}, "datetime": {"datetime": "2025-08-13 22:12:43", "elapsed": 44691.471118927, "delta": 17.447994709014893}, "costs": {"total_cost": 184.03643866167988, "time_cost": 70.427, "final_distance_cost": 1.8424529524266182, "oscillation_cost": 27.094103591038138, "completition_cost": 0.0, "overshoot_cost": 50.29092020603823, "power_cost": 13.508844274902344, "noise_cost": 20.87311763727455, "n_waypoints_completed": 9, "tot_waypoints": 9}}
{"target": -192.29632299871713, "params": {"k_pid_pos": [0.957268832780057, 0.04070837829895561, 0.23089494973377844], "k_pid_alt": [1.7410040495966792, 0.0, 0.02882105379076221], "k_pid_att": [10.417669148480021, 3.955979968129057, 0.6484386767461618], "k_pid_yaw": [0.5, 1e-06, 0.1], "k_pid_hsp": [0.19422042115254837, 0.017553400689991745, 0.0], "k_pid_vsp": [307.0664997485132, 97.29395244020294, 0.17334437523318438]}, "datetime": {"datetime": "2025-08-13 22:12:59", "elapsed": 44707.81943869591, "delta": 16.34831976890564}, "costs": {"total_cost": 192.29632299871713, "time_cost": 70.357, "final_distance_cost": 1.8460985268909111, "oscillation_cost": 28.254676765706726, "completition_cost": 0.0, "overshoot_cost": 50.79005106908799, "power_cost": 18.934581372070312, "noise_cost": 22.113915264961193, "n_waypoints_completed": 9, "tot_waypoints": 9}}
{"target": -183.30683909845473, "params": {"k_pid_pos": [0.9790121805497854, 0.06277486594249419, 0.29005916474965954], "k_pid_alt": [1.2713559641278682, 0.0, 0.025072518157536496], "k_pid_att": [10.231325947561173, 4.689497382460998, 0.7979453977517016], "k_pid_yaw": [0.5, 1e-06, 0.1], "k_pid_hsp": [0.19171723532429075, 0.016098520451671927, 0.0], "k_pid_vsp": [283.7959780536008, 91.83426953026519, 0.1703492896766483]}, "datetime": {"datetime": "2025-08-13 22:13:18", "elapsed": 44726.06856036186, "delta": 18.24912166595459}, "costs": {"total_cost": 183.30683909845473, "time_cost": 69.83200000000001, "final_distance_cost": 1.8342765824331233, "oscillation_cost": 28.10464025632396, "completition_cost": 0.0, "overshoot_cost": 49.95623471556095, "power_cost": 12.96650703125, "noise_cost": 20.613180512886714, "n_waypoints_completed": 9, "tot_waypoints": 9}}
{"target": -180.11831749860517, "params": {"k_pid_pos": [1.2043780900699266, 0.05739879596146741, 0.3201126408985298], "k_pid_alt": [1.6192225952249926, 0.0, 0.025268247866741977], "k_pid_att": [11.279653112888182, 4.5872476815804974, 0.6293753542518357], "k_pid_yaw": [0.5, 1e-06, 0.1], "k_pid_hsp": [0.2008917619064656, 0.01664800732161954, 0.0], "k_pid_vsp": [275.2334263733738, 121.65040387545203, 0.1946353564639575]}, "datetime": {"datetime": "2025-08-13 22:13:34", "elapsed": 44742.39272594452, "delta": 16.32416558265686}, "costs": {"total_cost": 180.11831749860517, "time_cost": 68.467, "final_distance_cost": 1.8301685672929842, "oscillation_cost": 29.713899917692956, "completition_cost": 0.0, "overshoot_cost": 50.06925965855195, "power_cost": 10.667129174804687, "noise_cost": 19.370860180262596, "n_waypoints_completed": 9, "tot_waypoints": 9}}
{"target": -187.05691823488615, "params": {"k_pid_pos": [0.9109644233707614, 0.05398350763078447, 0.3036230909151169], "k_pid_alt": [1.4348977006392267, 0.0, 0.029020157509002664], "k_pid_att": [8.574874053162729, 4.540778953985375, 0.5833265306262575], "k_pid_yaw": [0.5, 1e-06, 0.1], "k_pid_hsp": [0.18409128714914494, 0.01697416328227873, 0.0], "k_pid_vsp": [265.4551262524639, 125.42829749640748, 0.13290684029154118]}, "datetime": {"datetime": "2025-08-13 22:13:52", "elapsed": 44760.73034095764, "delta": 18.33761501312256}, "costs": {"total_cost": 187.05691823488615, "time_cost": 70.28, "final_distance_cost": 1.8345659251015956, "oscillation_cost": 27.349762877828894, "completition_cost": 0.0, "overshoot_cost": 50.36562090541065, "power_cost": 15.765798461914063, "noise_cost": 21.46117006463095, "n_waypoints_completed": 9, "tot_waypoints": 9}}
{"target": -184.72133323918743, "params": {"k_pid_pos": [0.9854225822921943, 0.059435932536002815, 0.3214714441273359], "k_pid_alt": [1.3205817077388586, 0.0, 0.024960938643392605], "k_pid_att": [9.844305507066363, 4.174797233521705, 0.6282082599975415], "k_pid_yaw": [0.5, 1e-06, 0.1], "k_pid_hsp": [0.25568820756175326, 0.018757355303552752, 0.0], "k_pid_vsp": [257.65495499712114, 112.35603817174768, 0.12178426605965957]}, "datetime": {"datetime": "2025-08-13 22:14:09", "elapsed": 44777.5688688755, "delta": 16.83852791786194}, "costs": {"total_cost": 184.72133323918743, "time_cost": 70.07000000000001, "final_distance_cost": 1.8421409266133633, "oscillation_cost": 27.93264034300181, "completition_cost": 0.0, "overshoot_cost": 50.194743777225774, "power_cost": 13.757922802734376, "noise_cost": 20.92388538961207, "n_waypoints_completed": 9, "tot_waypoints": 9}}
{"target": -179.51996448054314, "params": {"k_pid_pos": [0.882550298580632, 0.04731424141408802, 0.3416744849956011], "k_pid_alt": [1.535650445447833, 0.0, 0.026253990045324443], "k_pid_att": [11.431002491107245, 3.830696840221041, 0.6839729801024022], "k_pid_yaw": [0.5, 1e-06, 0.1], "k_pid_hsp": [0.1679929316928818, 0.011967574752288294, 0.0], "k_pid_vsp": [309.69346753908064, 139.0863039128799, 0.16143308604719916]}, "datetime": {"datetime": "2025-08-13 22:14:27", "elapsed": 44795.76642084122, "delta": 18.1975519657135}, "costs": {"total_cost": 179.51996448054314, "time_cost": 70.82600000000001, "final_distance_cost": 1.839990268295491, "oscillation_cost": 26.352175496523113, "completition_cost": 0.0, "overshoot_cost": 50.12157419463414, "power_cost": 10.30807440185547, "noise_cost": 20.072150119234927, "n_waypoints_completed": 9, "tot_waypoints": 9}}
{"target": -187.42241928917937, "params": {"k_pid_pos": [0.906699289324032, 0.04611179987224014, 0.3298243616437508], "k_pid_alt": [1.2884238268750583, 0.0, 0.023484931147439467], "k_pid_att": [10.20318885303877, 3.813655568419396, 0.6017410320964646], "k_pid_yaw": [0.5, 1e-06, 0.1], "k_pid_hsp": [0.16944450651705636, 0.014659972441975824, 0.0], "k_pid_vsp": [314.0597486435368, 119.73772530383538, 0.17455220715115438]}, "datetime": {"datetime": "2025-08-13 22:14:44", "elapsed": 44812.23908472061, "delta": 16.47266387939453}, "costs": {"total_cost": 187.42241928917937, "time_cost": 70.749, "final_distance_cost": 1.8379834612425445, "oscillation_cost": 26.83570505420272, "completition_cost": 0.0, "overshoot_cost": 50.37866431858407, "power_cost": 15.913593530273438, "noise_cost": 21.707472924876615, "n_waypoints_completed": 9, "tot_waypoints": 9}}
{"target": -187.24742586500702, "params": {"k_pid_pos": [1.0861945495529615, 0.053564566227393424, 0.2701794900856315], "k_pid_alt": [0.9829203653327351, 0.0, 0.02878886247219041], "k_pid_att": [10.06606784522827, 3.5154317297037103, 0.6276628891093146], "k_pid_yaw": [0.5, 1e-06, 0.1], "k_pid_hsp": [0.23689198846968226, 0.01336081229199712, 0.0], "k_pid_vsp": [250.0905699845699, 121.58965781091831, 0.20132876271880598]}, "datetime": {"datetime": "2025-08-13 22:15:02", "elapsed": 44830.24110364914, "delta": 18.002018928527832}, "costs": {"total_cost": 187.24742586500702, "time_cost": 70.427, "final_distance_cost": 1.842672373806384, "oscillation_cost": 28.70735092271124, "completition_cost": 0.0, "overshoot_cost": 50.367439393747134, "power_cost": 14.886901928710937, "noise_cost": 21.01606124603131, "n_waypoints_completed": 9, "tot_waypoints": 9}}
{"target": -187.92792798642537, "params": {"k_pid_pos": [0.743901256871785, 0.043055406059771754, 0.27019295661149617], "k_pid_alt": [1.2003318879946612, 0.0, 0.025216801904043778], "k_pid_att": [9.3014338145949, 3.474164074114, 0.5110316274703574], "k_pid_yaw": [0.5, 1e-06, 0.1], "k_pid_hsp": [0.2369063350485384, 0.012824301592612422, 0.0], "k_pid_vsp": [261.9940930189542, 111.74869095399374, 0.16449240692217346]}, "datetime": {"datetime": "2025-08-13 22:15:20", "elapsed": 44848.60779953003, "delta": 18.366695880889893}, "costs": {"total_cost": 187.92792798642537, "time_cost": 73.94800000000001, "final_distance_cost": 1.8481527281772507, "oscillation_cost": 26.918037372643845, "completition_cost": 0.0, "overshoot_cost": 50.78488180250912, "power_cost": 12.655061938476564, "noise_cost": 21.773794144618595, "n_waypoints_completed": 9, "tot_waypoints": 9}}
{"target": -205.66896682367295, "params": {"k_pid_pos": [0.7736955968435807, 0.05748099146038491, 0.2568157961096235], "k_pid_alt": [1.4940450742821614, 0.0, 0.02779731864703781], "k_pid_att": [8.844082536163315, 4.799270219238126, 0.6269593291741481], "k_pid_yaw": [0.5, 1e-06, 0.1], "k_pid_hsp": [0.22631663905834554, 0.013656433566840126, 0.0], "k_pid_vsp": [211.49354841272486, 108.4648332413952, 0.13329228234698595]}, "datetime": {"datetime": "2025-08-13 22:15:40", "elapsed": 44868.964091062546, "delta": 20.35629153251648}, "costs": {"total_cost": 205.66896682367295, "time_cost": 74.697, "final_distance_cost": 1.8462406707706591, "oscillation_cost": 28.224392908269987, "completition_cost": 0.0, "overshoot_cost": 52.33810279665357, "power_cost": 23.866593505859377, "noise_cost": 24.696636942119344, "n_waypoints_completed": 9, "tot_waypoints": 9}}
{"target": -193.83344535669903, "params": {"k_pid_pos": [0.7821056371268602, 0.06640258611689186, 0.3446533252729111], "k_pid_alt": [1.5492472296411115, 0.0, 0.0317617559399793], "k_pid_att": [9.593004289322812, 3.5430651302283445, 0.5526338115462087], "k_pid_yaw": [0.5, 1e-06, 0.1], "k_pid_hsp": [0.15817600374469412, 0.018504230327916142, 0.0], "k_pid_vsp": [288.14706638490577, 127.04351262188476, 0.18399005912330813]}, "datetime": {"datetime": "2025-08-13 22:15:58", "elapsed": 44886.154520750046, "delta": 17.1904296875}, "costs": {"total_cost": 193.83344535669903, "time_cost": 72.506, "final_distance_cost": 1.8468578250329963, "oscillation_cost": 26.898923041475072, "completition_cost": 0.0, "overshoot_cost": 50.935590578291055, "power_cost": 18.719007336425783, "noise_cost": 22.927066575474118, "n_waypoints_completed": 9, "tot_waypoints": 9}}
{"target": -184.28339309068284, "params": {"k_pid_pos": [0.9101484444707669, 0.045481388477888594, 0.3184889668524038], "k_pid_alt": [1.0906298197315438, 0.0, 0.030647154890402012], "k_pid_att": [9.63982926210455, 4.4247952748576695, 0.5802416631198141], "k_pid_yaw": [0.5, 1e-06, 0.1], "k_pid_hsp": [0.2171853480624506, 0.011458302950706411, 0.0], "k_pid_vsp": [291.55763790890575, 120.44659357626715, 0.19297653381896507]}, "datetime": {"datetime": "2025-08-13 22:16:16", "elapsed": 44904.43595838547, "delta": 18.281437635421753}, "costs": {"total_cost": 184.28339309068284, "time_cost": 71.54, "final_distance_cost": 1.8425444782711904, "oscillation_cost": 27.328801821603005, "completition_cost": 0.0, "overshoot_cost": 50.467558909355866, "power_cost": 12.318995129394532, "noise_cost": 20.785492752058236, "n_waypoints_completed": 9, "tot_waypoints": 9}}
{"target": -183.30982638350665, "params": {"k_pid_pos": [0.8212542860960873, 0.03630927899357305, 0.3058519270366434], "k_pid_alt": [1.3018935918589274, 0.0, 0.02629449815188617], "k_pid_att": [10.409998429851521, 4.774579041166587, 0.8245539357762594], "k_pid_yaw": [0.5, 1e-06, 0.1], "k_pid_hsp": [0.18846191698491546, 0.012296011599311547, 0.0], "k_pid_vsp": [263.0001451765034, 106.69825589716727, 0.17282680923718904]}, "datetime": {"datetime": "2025-08-13 22:16:34", "elapsed": 44922.018253564835, "delta": 17.582295179367065}, "costs": {"total_cost": 183.30982638350665, "time_cost": 72.128, "final_distance_cost": 1.8420077339687237, "oscillation_cost": 26.82198481856375, "completition_cost": 0.0, "overshoot_cost": 50.29148478569643, "power_cost": 11.265648266601563, "noise_cost": 20.960700778676173, "n_waypoints_completed": 9, "tot_waypoints": 9}}
