{"target": -186.68044962893475, "params": {"k_pid_pos": [0.833953475520718, 0.06211904894994782, 0.3098840242970186], "k_pid_alt": [1.8344297027541459, 0.0, 0.025110011828633247], "k_pid_att": [9.389252230781517, 3.677860702845882, 0.7280132223906168], "k_pid_yaw": [0.5, 1e-06, 0.1], "k_pid_hsp": [0.18841323631941456, 0.013269205479523033, 0.0], "k_pid_vsp": [288.4725641509496, 108.353725707143, 0.1326160409109941]}, "datetime": {"datetime": "2025-08-13 21:10:57", "elapsed": 40985.670011758804, "delta": 17.514644861221313}, "costs": {"total_cost": 186.68044962893475, "time_cost": 71.029, "final_distance_cost": 1.8420477097740404, "oscillation_cost": 26.405673750274914, "completition_cost": 0.0, "overshoot_cost": 50.68325375898333, "power_cost": 14.89571170654297, "noise_cost": 21.824762703359475, "n_waypoints_completed": 9, "tot_waypoints": 9}}
{"target": -191.05114940165242, "params": {"k_pid_pos": [0.9412210803088846, 0.04777581186530764, 0.30005993415945864], "k_pid_alt": [1.0656806438856534, 0.0, 0.02000472105527847], "k_pid_att": [10.307866646298054, 4.920357029728094, 0.7301808663070317], "k_pid_yaw": [0.5, 1e-06, 0.1], "k_pid_hsp": [0.23304040821721247, 0.015202703366585864, 0.0], "k_pid_vsp": [347.5317156178134, 92.63176424911386, 0.16867117094816464]}, "datetime": {"datetime": "2025-08-13 21:11:16", "elapsed": 41004.465737342834, "delta": 18.79572558403015}, "costs": {"total_cost": 191.05114940165242, "time_cost": 71.22500000000001, "final_distance_cost": 1.840467661341521, "oscillation_cost": 27.99281826768895, "completition_cost": 0.0, "overshoot_cost": 50.65499790763594, "power_cost": 17.203263305664063, "noise_cost": 22.13460225932196, "n_waypoints_completed": 9, "tot_waypoints": 9}}
{"target": -185.88193071213598, "params": {"k_pid_pos": [1.335351049671587, 0.03928186069173944, 0.2677023621260784], "k_pid_alt": [1.4652761440105406, 0.0, 0.026436919675698098], "k_pid_att": [8.644866548792399, 3.484275102723976, 0.6630466699390309], "k_pid_yaw": [0.5, 1e-06, 0.1], "k_pid_hsp": [0.20387084036521488, 0.012718632109756019, 0.0], "k_pid_vsp": [324.50996079178645, 132.0843282768559, 0.20216817820243418]}, "datetime": {"datetime": "2025-08-13 21:11:32", "elapsed": 41020.85076165199, "delta": 16.385024309158325}, "costs": {"total_cost": 185.88193071213598, "time_cost": 68.775, "final_distance_cost": 1.808799614162825, "oscillation_cost": 31.0016968586204, "completition_cost": 0.0, "overshoot_cost": 49.95935768102267, "power_cost": 13.984096618652345, "noise_cost": 20.352979939677738, "n_waypoints_completed": 9, "tot_waypoints": 9}}
{"target": -182.63310749180857, "params": {"k_pid_pos": [0.9120864898413515, 0.054456713061053826, 0.3927163681640016], "k_pid_alt": [1.630055381308411, 0.0, 0.02232769849979681], "k_pid_att": [9.881600211272897, 4.5205879515378795, 0.5949024691320481], "k_pid_yaw": [0.5, 1e-06, 0.1], "k_pid_hsp": [0.22899539370282715, 0.016834355782057563, 0.0], "k_pid_vsp": [335.9940965931057, 109.79326735026704, 0.19219684108411306]}, "datetime": {"datetime": "2025-08-13 21:11:50", "elapsed": 41038.800508499146, "delta": 17.94974684715271}, "costs": {"total_cost": 182.63310749180857, "time_cost": 71.484, "final_distance_cost": 1.8440216085934538, "oscillation_cost": 27.51245708013231, "completition_cost": 0.0, "overshoot_cost": 50.482809824785576, "power_cost": 10.76043621826172, "noise_cost": 20.549382760035506, "n_waypoints_completed": 9, "tot_waypoints": 9}}
{"target": -178.93770480343338, "params": {"k_pid_pos": [0.9377000174237858, 0.06023878408651245, 0.30532571827940663], "k_pid_alt": [1.307392012982213, 0.0, 0.021034017701388633], "k_pid_att": [11.583360721860345, 4.484743139355699, 0.6291536825044627], "k_pid_yaw": [0.5, 1e-06, 0.1], "k_pid_hsp": [0.22476247339258038, 0.01572226096995299, 0.0], "k_pid_vsp": [269.1946068974101, 103.52487362757559, 0.18003417211792314]}, "datetime": {"datetime": "2025-08-13 21:12:07", "elapsed": 41055.3707652092, "delta": 16.57025671005249}, "costs": {"total_cost": 178.93770480343338, "time_cost": 70.42, "final_distance_cost": 1.8432177078428507, "oscillation_cost": 27.505010454006467, "completition_cost": 0.0, "overshoot_cost": 50.253754320084546, "power_cost": 9.472668908691407, "noise_cost": 19.4430534128081, "n_waypoints_completed": 9, "tot_waypoints": 9}}
{"target": -198.3706215883498, "params": {"k_pid_pos": [1.0586787287471724, 0.05933549450088921, 0.2241890660312085], "k_pid_alt": [1.4685635984473124, 0.0, 0.0249890499619434], "k_pid_att": [9.880459250335603, 3.4679867817125007, 0.6827760130350446], "k_pid_yaw": [0.5, 1e-06, 0.1], "k_pid_hsp": [0.1922569580262471, 0.014195642550161133, 0.0], "k_pid_vsp": [314.4885579225433, 111.12079779836704, 0.16991467971257604]}, "datetime": {"datetime": "2025-08-13 21:12:24", "elapsed": 41072.01818394661, "delta": 16.6474187374115}, "costs": {"total_cost": 198.3706215883498, "time_cost": 70.693, "final_distance_cost": 1.8284314480089863, "oscillation_cost": 29.286788889346393, "completition_cost": 0.0, "overshoot_cost": 51.53286264345945, "power_cost": 22.499889990234376, "noise_cost": 22.52964861730057, "n_waypoints_completed": 9, "tot_waypoints": 9}}
{"target": -288.7004536787996, "params": {"k_pid_pos": [0.9174155013401067, 0.046243871164499344, 0.18690399750267597], "k_pid_alt": [1.549090598885158, 0.0, 0.022630230161582953], "k_pid_att": [9.435907521496611, 3.856192968138577, 0.5778885552717449], "k_pid_yaw": [0.5, 1e-06, 0.1], "k_pid_hsp": [0.18440846183289486, 0.015561515608665014, 0.0], "k_pid_vsp": [279.7297229670075, 113.3102331034094, 0.189934551090523]}, "datetime": {"datetime": "2025-08-13 21:12:47", "elapsed": 41095.36863517761, "delta": 23.350451231002808}, "costs": {"total_cost": 288.7004536787996, "time_cost": 95.977, "final_distance_cost": 1.8326153446145983, "oscillation_cost": 30.288647750148918, "completition_cost": 0.0, "overshoot_cost": 69.96313779054624, "power_cost": 37.70322177734375, "noise_cost": 52.93583101614608, "n_waypoints_completed": 9, "tot_waypoints": 9}}
{"target": -189.54059211558692, "params": {"k_pid_pos": [0.7993714869784533, 0.05168340695829879, 0.2744877391006254], "k_pid_alt": [1.2847534663212958, 0.0, 0.026910487153426536], "k_pid_att": [8.466593150708645, 3.657567713694196, 0.5336623314900364], "k_pid_yaw": [0.5, 1e-06, 0.1], "k_pid_hsp": [0.20471216738278164, 0.018267063408522657, 0.0], "k_pid_vsp": [271.08561181881515, 131.22061819020382, 0.13529043330241847]}, "datetime": {"datetime": "2025-08-13 21:13:04", "elapsed": 41112.17140126228, "delta": 16.80276608467102}, "costs": {"total_cost": 189.54059211558692, "time_cost": 72.212, "final_distance_cost": 1.8516598139944602, "oscillation_cost": 27.41928678202836, "completition_cost": 0.0, "overshoot_cost": 50.672172813645176, "power_cost": 15.362067199707033, "noise_cost": 22.023405506211873, "n_waypoints_completed": 9, "tot_waypoints": 9}}
{"target": -184.71977781699752, "params": {"k_pid_pos": [0.8147012200046794, 0.04843824919855672, 0.32144799728337037], "k_pid_alt": [1.8156057526543654, 0.0, 0.026555385740965037], "k_pid_att": [12.461827662597068, 4.282798325188735, 0.7218670055461534], "k_pid_yaw": [0.5, 1e-06, 0.1], "k_pid_hsp": [0.22435800230210598, 0.013348953632532834, 0.0], "k_pid_vsp": [267.25112624297634, 125.95493321236847, 0.15436679835870223]}, "datetime": {"datetime": "2025-08-13 21:13:22", "elapsed": 41130.15443730354, "delta": 17.983036041259766}, "costs": {"total_cost": 184.71977781699752, "time_cost": 72.002, "final_distance_cost": 1.8466978145962416, "oscillation_cost": 26.69934780441913, "completition_cost": 0.0, "overshoot_cost": 50.430191438727455, "power_cost": 12.465497229003907, "noise_cost": 21.27604353025078, "n_waypoints_completed": 9, "tot_waypoints": 9}}
{"target": -183.6204732479504, "params": {"k_pid_pos": [0.8046845601409981, 0.04639279018574819, 0.3054766499905504], "k_pid_alt": [1.5159888329300557, 0.0, 0.027835982484445663], "k_pid_att": [10.118359560126432, 4.2083457350774145, 0.5419054619109563], "k_pid_yaw": [0.5, 1e-06, 0.1], "k_pid_hsp": [0.20371570528146024, 0.011919201176711214, 0.0], "k_pid_vsp": [258.1406144752139, 124.16315925356366, 0.1879862919789548]}, "datetime": {"datetime": "2025-08-13 21:13:40", "elapsed": 41148.12116909027, "delta": 17.966731786727905}, "costs": {"total_cost": 183.6204732479504, "time_cost": 72.21900000000001, "final_distance_cost": 1.847095193667621, "oscillation_cost": 26.767670762431145, "completition_cost": 0.0, "overshoot_cost": 50.58781761423512, "power_cost": 11.319726159667969, "noise_cost": 20.879163517948534, "n_waypoints_completed": 9, "tot_waypoints": 9}}
{"target": -194.08971440677732, "params": {"k_pid_pos": [0.7847295162773502, 0.06180533601382924, 0.358881913760575], "k_pid_alt": [1.302398163393031, 0.0, 0.02611785472094974], "k_pid_att": [9.443059184110327, 4.077127697688715, 0.6226768524040274], "k_pid_yaw": [0.5, 1e-06, 0.1], "k_pid_hsp": [0.26891815125516316, 0.013538773525913558, 0.0], "k_pid_vsp": [337.8231415569656, 119.46944718074549, 0.18553417134662245]}, "datetime": {"datetime": "2025-08-13 21:13:59", "elapsed": 41167.069075107574, "delta": 18.947906017303467}, "costs": {"total_cost": 194.08971440677732, "time_cost": 74.382, "final_distance_cost": 1.8512569331300395, "oscillation_cost": 27.36097848242219, "completition_cost": 0.0, "overshoot_cost": 50.8618135561043, "power_cost": 16.385127795410156, "noise_cost": 23.24853763971059, "n_waypoints_completed": 9, "tot_waypoints": 9}}
{"target": -180.96981488074044, "params": {"k_pid_pos": [0.9514168505046244, 0.05921597811663711, 0.34413963511235207], "k_pid_alt": [1.4099899841209442, 0.0, 0.024673497911870863], "k_pid_att": [6.6631914954922635, 3.014311895735759, 0.5466471614818683], "k_pid_yaw": [0.5, 1e-06, 0.1], "k_pid_hsp": [0.19396533935325408, 0.013200474756593998, 0.0], "k_pid_vsp": [212.92365246430708, 111.66757225079232, 0.13355804995654422]}, "datetime": {"datetime": "2025-08-13 21:14:16", "elapsed": 41184.81659412384, "delta": 17.74751901626587}, "costs": {"total_cost": 180.96981488074044, "time_cost": 70.336, "final_distance_cost": 1.83597800076246, "oscillation_cost": 27.591099133640473, "completition_cost": 0.0, "overshoot_cost": 50.32052751333156, "power_cost": 11.029637219238282, "noise_cost": 19.856573013767683, "n_waypoints_completed": 9, "tot_waypoints": 9}}
{"target": -189.7644848695276, "params": {"k_pid_pos": [0.8820466187455386, 0.0684139545829573, 0.3341718102385469], "k_pid_alt": [1.2220015355939846, 0.0, 0.02871313483358139], "k_pid_att": [9.237427702164974, 3.866706582745538, 0.6865639268062679], "k_pid_yaw": [0.5, 1e-06, 0.1], "k_pid_hsp": [0.2506028415750955, 0.017267085327135192, 0.0], "k_pid_vsp": [245.99201915536779, 124.14186256431312, 0.12892411210771101]}, "datetime": {"datetime": "2025-08-13 21:14:35", "elapsed": 41203.772238731384, "delta": 18.955644607543945}, "costs": {"total_cost": 189.7644848695276, "time_cost": 72.009, "final_distance_cost": 1.84773485474082, "oscillation_cost": 27.495740427750455, "completition_cost": 0.0, "overshoot_cost": 50.375774253835374, "power_cost": 15.924523107910156, "noise_cost": 22.11171222529081, "n_waypoints_completed": 9, "tot_waypoints": 9}}
{"target": -183.32798161992605, "params": {"k_pid_pos": [1.0575343955790308, 0.059285743398229174, 0.23321884067929397], "k_pid_alt": [1.320622160758804, 0.0, 0.02223247251694989], "k_pid_att": [8.637932695760306, 4.035286647954689, 0.6967737618718042], "k_pid_yaw": [0.5, 1e-06, 0.1], "k_pid_hsp": [0.18268417165386017, 0.015665092828705356, 0.0], "k_pid_vsp": [266.5363875440566, 140.7221847483338, 0.1596876946490182]}, "datetime": {"datetime": "2025-08-13 21:14:51", "elapsed": 41219.73206424713, "delta": 15.95982551574707}, "costs": {"total_cost": 183.32798161992605, "time_cost": 69.181, "final_distance_cost": 1.8261801536581104, "oscillation_cost": 29.15488772601881, "completition_cost": 0.0, "overshoot_cost": 49.9269424500766, "power_cost": 13.07575771484375, "noise_cost": 20.163213575328758, "n_waypoints_completed": 9, "tot_waypoints": 9}}
{"target": -191.29518793055513, "params": {"k_pid_pos": [0.9775004397180416, 0.05282520009360284, 0.3121058921083447], "k_pid_alt": [1.2920108696167651, 0.0, 0.029779008332502677], "k_pid_att": [6.9759111785493495, 4.408523973226916, 0.653121610591758], "k_pid_yaw": [0.5, 1e-06, 0.1], "k_pid_hsp": [0.23603620533652647, 0.01906460983458989, 0.0], "k_pid_vsp": [296.6619823184887, 120.8997990623753, 0.17985246216712647]}, "datetime": {"datetime": "2025-08-13 21:15:09", "elapsed": 41237.59806013107, "delta": 17.86599588394165}, "costs": {"total_cost": 191.29518793055513, "time_cost": 70.133, "final_distance_cost": 1.8427975999248458, "oscillation_cost": 29.678020242644717, "completition_cost": 0.0, "overshoot_cost": 49.896847349144764, "power_cost": 17.841855493164065, "noise_cost": 21.902667245676728, "n_waypoints_completed": 9, "tot_waypoints": 9}}
{"target": -197.77208017462678, "params": {"k_pid_pos": [0.7455594251265607, 0.041710161472066444, 0.3951575745877118], "k_pid_alt": [1.5053206649696003, 0.0, 0.031617790129820494], "k_pid_att": [10.151847345860952, 4.680912614601783, 0.4707907654078216], "k_pid_yaw": [0.5, 1e-06, 0.1], "k_pid_hsp": [0.18716315481623588, 0.016419418121012535, 0.0], "k_pid_vsp": [274.4061453119885, 118.08098754396251, 0.18642482574481387]}, "datetime": {"datetime": "2025-08-13 21:15:27", "elapsed": 41255.648597955704, "delta": 18.050537824630737}, "costs": {"total_cost": 197.77208017462678, "time_cost": 75.229, "final_distance_cost": 1.8536243067883316, "oscillation_cost": 26.65342555252647, "completition_cost": 0.0, "overshoot_cost": 51.24373353509842, "power_cost": 18.96224315185547, "noise_cost": 23.830053628358076, "n_waypoints_completed": 9, "tot_waypoints": 9}}
{"target": -181.90846792959235, "params": {"k_pid_pos": [0.9529347961553469, 0.03921079656346513, 0.34911139723882023], "k_pid_alt": [1.3837272577744713, 0.0, 0.021010515800826957], "k_pid_att": [7.515102323706524, 3.954598578516011, 0.6103574448433196], "k_pid_yaw": [0.5, 1e-06, 0.1], "k_pid_hsp": [0.2622563972892508, 0.011875450393703526, 0.0], "k_pid_vsp": [265.77390287598195, 129.20099555012368, 0.1850067426267299]}, "datetime": {"datetime": "2025-08-13 21:15:45", "elapsed": 41273.2723698616, "delta": 17.623771905899048}, "costs": {"total_cost": 181.90846792959235, "time_cost": 71.015, "final_distance_cost": 1.8429278618405895, "oscillation_cost": 28.123718111753178, "completition_cost": 0.0, "overshoot_cost": 49.88944034951955, "power_cost": 10.86276512451172, "noise_cost": 20.174616481967284, "n_waypoints_completed": 9, "tot_waypoints": 9}}
{"target": -194.15607348030585, "params": {"k_pid_pos": [0.806063015927042, 0.050626997523472876, 0.30461061945569606], "k_pid_alt": [1.3391831782357861, 0.0, 0.025574365265581333], "k_pid_att": [8.840573377986672, 4.0395211301528535, 0.5852501111627747], "k_pid_yaw": [0.5, 1e-06, 0.1], "k_pid_hsp": [0.2551037702560324, 0.014281589752226776, 0.0], "k_pid_vsp": [351.17198434402735, 96.3083808860747, 0.21071198115507692]}, "datetime": {"datetime": "2025-08-13 21:16:03", "elapsed": 41291.78214597702, "delta": 18.50977611541748}, "costs": {"total_cost": 194.15607348030585, "time_cost": 73.122, "final_distance_cost": 1.8478173821500892, "oscillation_cost": 27.95155426789328, "completition_cost": 0.0, "overshoot_cost": 51.131492751483336, "power_cost": 17.253891528320313, "noise_cost": 22.849317550458842, "n_waypoints_completed": 9, "tot_waypoints": 9}}
{"target": -188.55364463448083, "params": {"k_pid_pos": [1.2095450193764914, 0.059240629444273475, 0.3998292240080017], "k_pid_alt": [1.3374690982519593, 0.0, 0.033416932982447946], "k_pid_att": [10.161205159607855, 4.2835617027401565, 0.5978953736958624], "k_pid_yaw": [0.5, 1e-06, 0.1], "k_pid_hsp": [0.18927459706463154, 0.015084007335968782, 0.0], "k_pid_vsp": [312.391243537148, 137.29541131175174, 0.2158873245131889]}, "datetime": {"datetime": "2025-08-13 21:16:20", "elapsed": 41308.72563648224, "delta": 16.943490505218506}, "costs": {"total_cost": 188.55364463448083, "time_cost": 69.07600000000001, "final_distance_cost": 1.8349269657973342, "oscillation_cost": 29.440567109962963, "completition_cost": 0.0, "overshoot_cost": 49.88247548080581, "power_cost": 16.87118123779297, "noise_cost": 21.448493840121728, "n_waypoints_completed": 9, "tot_waypoints": 9}}
{"target": -181.91614630853405, "params": {"k_pid_pos": [0.8680128246006871, 0.03899636616871943, 0.2664651836552338], "k_pid_alt": [1.5020942515410567, 0.0, 0.02202430995068126], "k_pid_att": [12.98602871486611, 4.213548855338546, 0.49298651461974635], "k_pid_yaw": [0.5, 1e-06, 0.1], "k_pid_hsp": [0.21235873829267385, 0.013196857414356616, 0.0], "k_pid_vsp": [261.2231053687668, 51.64595364964459, 0.209392877061123]}, "datetime": {"datetime": "2025-08-13 21:16:38", "elapsed": 41326.495956897736, "delta": 17.770320415496826}, "costs": {"total_cost": 181.91614630853405, "time_cost": 70.903, "final_distance_cost": 1.8486617157619754, "oscillation_cost": 26.735023756913368, "completition_cost": 0.0, "overshoot_cost": 50.57754664393088, "power_cost": 11.247076672363281, "noise_cost": 20.604837519564537, "n_waypoints_completed": 9, "tot_waypoints": 9}}
{"target": -180.67812198691064, "params": {"k_pid_pos": [1.0695682413161751, 0.0379585456999696, 0.24795145019644815], "k_pid_alt": [1.3110941514617822, 0.0, 0.027009339942730304], "k_pid_att": [7.311992326639491, 4.201925956687136, 0.5438899577403021], "k_pid_yaw": [0.5, 1e-06, 0.1], "k_pid_hsp": [0.21368993328260774, 0.011610520378214915, 0.0], "k_pid_vsp": [333.30531894605997, 123.44946940323491, 0.16236875526836866]}, "datetime": {"datetime": "2025-08-13 21:16:56", "elapsed": 41344.01726388931, "delta": 17.52130699157715}, "costs": {"total_cost": 180.67812198691064, "time_cost": 69.027, "final_distance_cost": 1.8244372494383598, "oscillation_cost": 29.491827263538532, "completition_cost": 0.0, "overshoot_cost": 50.2098975513596, "power_cost": 10.59805369873047, "noise_cost": 19.52690622384368, "n_waypoints_completed": 9, "tot_waypoints": 9}}
{"target": -193.31030561819114, "params": {"k_pid_pos": [0.9143318591407104, 0.06083676402656633, 0.4118741043006768], "k_pid_alt": [1.5972495810936822, 0.0, 0.02674349054781482], "k_pid_att": [9.08807041057502, 3.9291857106509323, 0.6734612766913147], "k_pid_yaw": [0.5, 1e-06, 0.1], "k_pid_hsp": [0.2439123811696123, 0.018091263228406134, 0.0], "k_pid_vsp": [284.8152104299049, 116.94407104812491, 0.16612095755316506]}, "datetime": {"datetime": "2025-08-13 21:17:12", "elapsed": 41360.78603601456, "delta": 16.76877212524414}, "costs": {"total_cost": 193.31030561819114, "time_cost": 72.002, "final_distance_cost": 1.8514653981950904, "oscillation_cost": 27.813519859108027, "completition_cost": 0.0, "overshoot_cost": 50.70267320332775, "power_cost": 18.213097094726564, "noise_cost": 22.727550062833707, "n_waypoints_completed": 9, "tot_waypoints": 9}}
{"target": -189.0209752658792, "params": {"k_pid_pos": [0.9881394432966554, 0.0608151553311408, 0.30398656134044305], "k_pid_alt": [1.0275527741528598, 0.0, 0.030724663798114782], "k_pid_att": [9.627403756553552, 4.2164467169931275, 0.6911090306807931], "k_pid_yaw": [0.5, 1e-06, 0.1], "k_pid_hsp": [0.2237361185416805, 0.013983794212911847, 0.0], "k_pid_vsp": [323.9640645229785, 111.0559557045889, 0.16870771112817087]}, "datetime": {"datetime": "2025-08-13 21:17:30", "elapsed": 41378.69367790222, "delta": 17.907641887664795}, "costs": {"total_cost": 189.0209752658792, "time_cost": 70.924, "final_distance_cost": 1.8311029315284395, "oscillation_cost": 28.485800425234636, "completition_cost": 0.0, "overshoot_cost": 50.285969772230665, "power_cost": 15.840789782714845, "noise_cost": 21.653312354170627, "n_waypoints_completed": 9, "tot_waypoints": 9}}
{"target": -204.18610916960262, "params": {"k_pid_pos": [0.6085465941158538, 0.04664476723632014, 0.29307850355521564], "k_pid_alt": [1.4548860229447615, 0.0, 0.020365346173650087], "k_pid_att": [9.904492487277905, 4.370637089976327, 0.5667207209081959], "k_pid_yaw": [0.5, 1e-06, 0.1], "k_pid_hsp": [0.18341181360057268, 0.014425234360818716, 0.0], "k_pid_vsp": [260.86546831774933, 93.84271904507061, 0.18217244124474083]}, "datetime": {"datetime": "2025-08-13 21:17:49", "elapsed": 41397.208498716354, "delta": 18.51482081413269}, "costs": {"total_cost": 204.18610916960262, "time_cost": 77.063, "final_distance_cost": 1.8468362088784833, "oscillation_cost": 25.707464392484447, "completition_cost": 0.0, "overshoot_cost": 51.83271034408892, "power_cost": 22.256075537109375, "noise_cost": 25.480022687041373, "n_waypoints_completed": 9, "tot_waypoints": 9}}
{"target": -187.21094760613494, "params": {"k_pid_pos": [0.8830984372677649, 0.05419515154610496, 0.29961109456552876], "k_pid_alt": [1.2781125256374999, 0.0, 0.030277654054149315], "k_pid_att": [10.457794159878668, 4.426870502607116, 0.4969206094099763], "k_pid_yaw": [0.5, 1e-06, 0.1], "k_pid_hsp": [0.2198288340227292, 0.0165742197461726, 0.0], "k_pid_vsp": [282.28989012740817, 97.70859141021674, 0.15634629229493333]}, "datetime": {"datetime": "2025-08-13 21:18:05", "elapsed": 41413.516433000565, "delta": 16.307934284210205}, "costs": {"total_cost": 187.21094760613494, "time_cost": 71.19, "final_distance_cost": 1.8372951662906332, "oscillation_cost": 27.277572634164926, "completition_cost": 0.0, "overshoot_cost": 50.61230777914084, "power_cost": 14.748316735839845, "noise_cost": 21.545455290698712, "n_waypoints_completed": 9, "tot_waypoints": 9}}
