{"target": -181.30495047243235, "params": {"k_pid_pos": [0.9500770127275842, 0.05294486504729529, 0.1350383697992009], "k_pid_alt": [1.7453101959507287, 0.0, 0.011167940956344222], "k_pid_att": [11.858718307856977, 4.267581800582025, 0.4282840311650182], "k_pid_yaw": [0.5, 1e-06, 0.1], "k_pid_hsp": [0.34260019534737945, 0.012075356392263351, 0.0], "k_pid_vsp": [174.6830795079492, 123.012150832588, 0.19428742725597817]}, "datetime": {"datetime": "2025-08-13 16:03:20", "elapsed": 22528.32599711418, "delta": 17.634793281555176}, "costs": {"total_cost": 181.30495047243235, "time_cost": 69.132, "final_distance_cost": 1.8357909204710265, "oscillation_cost": 28.713038181873284, "completition_cost": 0.0, "overshoot_cost": 49.860518223238785, "power_cost": 11.670860754394532, "noise_cost": 20.09274239245471, "n_waypoints_completed": 9, "tot_waypoints": 9}}
{"target": -218.93892067597187, "params": {"k_pid_pos": [1.151671616303615, 0.09987679973286258, 0.13258974288492711], "k_pid_alt": [2.0, 0.0, 0.014175745518810609], "k_pid_att": [14.24034931926522, 6.015302358359224, 0.6397837686159932], "k_pid_yaw": [0.5, 1e-06, 0.1], "k_pid_hsp": [0.038226767067993966, 0.012566968188294532, 0.0], "k_pid_vsp": [310.73611280345364, 163.99869991543144, 0.1346233996333335]}, "datetime": {"datetime": "2025-08-13 16:03:44", "elapsed": 22552.14172410965, "delta": 23.81572699546814}, "costs": {"total_cost": 218.93892067597187, "time_cost": 89.299, "final_distance_cost": 1.7561433053908335, "oscillation_cost": 25.718349949020787, "completition_cost": 0.0, "overshoot_cost": 55.33899148809352, "power_cost": 20.436829028320314, "noise_cost": 26.389606905146383, "n_waypoints_completed": 9, "tot_waypoints": 9}}
{"target": -191.75107797724286, "params": {"k_pid_pos": [0.8040521242601592, 0.07906703959293875, 0.29732607368615666], "k_pid_alt": [2.0, 0.0, 0.02756137682097218], "k_pid_att": [17.789259890634852, 5.111149885953478, 0.18596836712837803], "k_pid_yaw": [0.5, 1e-06, 0.1], "k_pid_hsp": [0.2363173968623534, 0.01417187121763383, 0.0], "k_pid_vsp": [160.77855931564332, 181.44083698729082, 0.16465660341230504]}, "datetime": {"datetime": "2025-08-13 16:04:02", "elapsed": 22570.01683473587, "delta": 17.875110626220703}, "costs": {"total_cost": 191.75107797724286, "time_cost": 72.436, "final_distance_cost": 1.833624653138288, "oscillation_cost": 27.030339574945504, "completition_cost": 0.0, "overshoot_cost": 51.2128485246981, "power_cost": 16.78851607666016, "noise_cost": 22.44974914780083, "n_waypoints_completed": 9, "tot_waypoints": 9}}
{"target": -194.26570281966164, "params": {"k_pid_pos": [0.5504884293027946, 0.07599721526381242, 0.14551191197174376], "k_pid_alt": [1.9787023877666938, 0.0, 0.0281135653365789], "k_pid_att": [34.845232542784906, 4.802294188027266, 0.44641214668245066], "k_pid_yaw": [0.5, 1e-06, 0.1], "k_pid_hsp": [0.4251964736994586, 0.023931628281518572, 0.0], "k_pid_vsp": [216.87416946151112, 88.92287732704801, 0.14859990237009457]}, "datetime": {"datetime": "2025-08-13 16:04:21", "elapsed": 22589.76703119278, "delta": 19.75019645690918}, "costs": {"total_cost": 194.26570281966164, "time_cost": 77.238, "final_distance_cost": 1.8463399866857466, "oscillation_cost": 26.242513358897806, "completition_cost": 0.0, "overshoot_cost": 51.67489125155515, "power_cost": 13.76126337890625, "noise_cost": 23.50269484361666, "n_waypoints_completed": 9, "tot_waypoints": 9}}
{"target": -195.0111419322935, "params": {"k_pid_pos": [0.662919230305438, 0.0641560783981542, 0.24406557552017757], "k_pid_alt": [1.1406685924243183, 0.0, 0.03313553038317578], "k_pid_att": [5.6040500860014575, 4.204315694159853, 0.6021638086461918], "k_pid_yaw": [0.5, 1e-06, 0.1], "k_pid_hsp": [0.2740637622892723, 0.01022177687443303, 0.0], "k_pid_vsp": [390.55405620046537, 89.31171631480895, 0.15032980927317707]}, "datetime": {"datetime": "2025-08-13 16:04:41", "elapsed": 22609.209696769714, "delta": 19.442665576934814}, "costs": {"total_cost": 195.0111419322935, "time_cost": 76.174, "final_distance_cost": 1.8426352915858328, "oscillation_cost": 27.587978483377718, "completition_cost": 0.0, "overshoot_cost": 51.39627406450372, "power_cost": 14.924278588867189, "noise_cost": 23.085975503959013, "n_waypoints_completed": 9, "tot_waypoints": 9}}
{"target": -184.0384886767555, "params": {"k_pid_pos": [0.9088798514784274, 0.04939959423863368, 0.27583874553160737], "k_pid_alt": [1.6446439706826046, 0.0, 0.023040341350338594], "k_pid_att": [19.31642189313583, 3.8585767429865823, 0.5100261713094986], "k_pid_yaw": [0.5, 1e-06, 0.1], "k_pid_hsp": [0.2556340623332365, 0.011713089942232793, 0.0], "k_pid_vsp": [250.81552453400124, 61.95565883192861, 0.14112544854345796]}, "datetime": {"datetime": "2025-08-13 16:05:01", "elapsed": 22629.091065883636, "delta": 19.88136911392212}, "costs": {"total_cost": 184.0384886767555, "time_cost": 70.651, "final_distance_cost": 1.8336464581004197, "oscillation_cost": 26.262137064383193, "completition_cost": 0.0, "overshoot_cost": 51.28085317224555, "power_cost": 13.0593212890625, "noise_cost": 20.951530692963857, "n_waypoints_completed": 9, "tot_waypoints": 9}}
{"target": -189.23152429863907, "params": {"k_pid_pos": [1.0361728416581284, 0.05293824729411928, 0.11296931093180322], "k_pid_alt": [1.3908652066364742, 0.0, 0.027872579241291145], "k_pid_att": [15.360593103235962, 4.704633097541923, 0.25028910609416005], "k_pid_yaw": [0.5, 1e-06, 0.1], "k_pid_hsp": [0.2714447501284146, 0.02062755538852375, 0.0], "k_pid_vsp": [246.606387545831, 113.19726770296778, 0.1334646676886481]}, "datetime": {"datetime": "2025-08-13 16:05:19", "elapsed": 22647.107162714005, "delta": 18.016096830368042}, "costs": {"total_cost": 189.23152429863907, "time_cost": 69.45400000000001, "final_distance_cost": 1.832608757602338, "oscillation_cost": 29.78008199662435, "completition_cost": 0.0, "overshoot_cost": 50.22803408258673, "power_cost": 16.741210021972655, "noise_cost": 21.195589439853, "n_waypoints_completed": 9, "tot_waypoints": 9}}
{"target": -211.0632218846432, "params": {"k_pid_pos": [0.5417259960231943, 0.03617029947152445, 0.27669875049675147], "k_pid_alt": [1.0973190136317037, 0.0, 0.0215380849680416], "k_pid_att": [33.1393227662566, 3.892989852682909, 0.7241654055361204], "k_pid_yaw": [0.5, 1e-06, 0.1], "k_pid_hsp": [0.274230590986929, 0.015313951723411422, 0.0], "k_pid_vsp": [190.68559363977738, 93.59201751022225, 0.07139946691935091]}, "datetime": {"datetime": "2025-08-13 16:05:40", "elapsed": 22668.102408647537, "delta": 20.995245933532715}, "costs": {"total_cost": 211.0632218846432, "time_cost": 81.94200000000001, "final_distance_cost": 1.8571377984956838, "oscillation_cost": 24.079283221055036, "completition_cost": 0.0, "overshoot_cost": 52.638361931699684, "power_cost": 23.404808032226562, "noise_cost": 27.14163090116624, "n_waypoints_completed": 9, "tot_waypoints": 9}}
{"target": -261.978865047782, "params": {"k_pid_pos": [0.17870632954259003, 0.07961765276604683, 0.06307568341307784], "k_pid_alt": [1.2106017506040099, 0.0, 0.02332747199666954], "k_pid_att": [24.722518237008643, 4.286504634013889, 0.46158729536406845], "k_pid_yaw": [0.5, 1e-06, 0.1], "k_pid_hsp": [0.2971013551427249, 0.021307772138063803, 0.0], "k_pid_vsp": [212.21812861656156, 121.20532158876335, 0.1125956765885987]}, "datetime": {"datetime": "2025-08-13 16:06:08", "elapsed": 22696.498210668564, "delta": 28.39580202102661}, "costs": {"total_cost": 261.978865047782, "time_cost": 114.009, "final_distance_cost": 1.8515161906962951, "oscillation_cost": 17.404391471830536, "completition_cost": 0.0, "overshoot_cost": 61.02054283036278, "power_cost": 28.779548596191407, "noise_cost": 38.913865958700974, "n_waypoints_completed": 9, "tot_waypoints": 9}}
{"target": -184.75834166778344, "params": {"k_pid_pos": [1.0622980217148388, 0.0537947355314251, 0.2706343490175572], "k_pid_alt": [1.6408032948474114, 0.0, 0.02574660792793638], "k_pid_att": [10.740380042939314, 5.498318388943669, 0.6181031705974914], "k_pid_yaw": [0.5, 1e-06, 0.1], "k_pid_hsp": [0.12004692803532228, 0.01722277927641229, 0.0], "k_pid_vsp": [202.08932292055297, 142.14334214475772, 0.24647954870261093]}, "datetime": {"datetime": "2025-08-13 16:06:25", "elapsed": 22713.89026451111, "delta": 17.392053842544556}, "costs": {"total_cost": 184.75834166778344, "time_cost": 69.552, "final_distance_cost": 1.8090138496548425, "oscillation_cost": 28.634927256548366, "completition_cost": 0.0, "overshoot_cost": 50.0676184907304, "power_cost": 14.246379919433595, "noise_cost": 20.448402151416232, "n_waypoints_completed": 9, "tot_waypoints": 9}}
{"target": -187.384286954766, "params": {"k_pid_pos": [1.1734264588949017, 0.03499732111542465, 0.13509925064982978], "k_pid_alt": [1.244393086581274, 0.0, 0.02342028549373047], "k_pid_att": [18.183274123032408, 4.2759936169441835, 0.5439788999157535], "k_pid_yaw": [0.5, 1e-06, 0.1], "k_pid_hsp": [0.17934774040765333, 0.013972343727536472, 0.0], "k_pid_vsp": [222.51024875029944, 125.8834357718448, 0.11724910326884468]}, "datetime": {"datetime": "2025-08-13 16:06:44", "elapsed": 22732.078731298447, "delta": 18.188466787338257}, "costs": {"total_cost": 187.384286954766, "time_cost": 68.992, "final_distance_cost": 1.812081626623225, "oscillation_cost": 30.453170524356572, "completition_cost": 0.0, "overshoot_cost": 49.66050404055728, "power_cost": 15.699017614746095, "noise_cost": 20.767513148482823, "n_waypoints_completed": 9, "tot_waypoints": 9}}
{"target": -183.68820027035642, "params": {"k_pid_pos": [1.139384272245221, 0.07988668203583095, 0.26862590153415933], "k_pid_alt": [1.2749448040855054, 0.0, 0.0174811491733582], "k_pid_att": [32.94228533537753, 4.912416622856384, 0.4073695170271369], "k_pid_yaw": [0.5, 1e-06, 0.1], "k_pid_hsp": [0.22013310611430215, 0.0276630105688345, 0.0], "k_pid_vsp": [192.75170016210134, 142.73198018986548, 0.12392704287215493]}, "datetime": {"datetime": "2025-08-13 16:07:01", "elapsed": 22749.21281337738, "delta": 17.134082078933716}, "costs": {"total_cost": 183.68820027035642, "time_cost": 69.139, "final_distance_cost": 1.8376300208527416, "oscillation_cost": 29.337981148273432, "completition_cost": 0.0, "overshoot_cost": 49.568126532587414, "power_cost": 13.454910156250001, "noise_cost": 20.350552412392823, "n_waypoints_completed": 9, "tot_waypoints": 9}}
{"target": -189.3334328579042, "params": {"k_pid_pos": [0.7174567876788084, 0.07067901533487152, 0.24099588031982402], "k_pid_alt": [1.5138787878172435, 0.0, 0.01963882520407758], "k_pid_att": [21.896623723644897, 4.386358188561778, 1.0], "k_pid_yaw": [0.5, 1e-06, 0.1], "k_pid_hsp": [0.2499500033949739, 0.01983026777417151, 0.0], "k_pid_vsp": [184.43422965561595, 140.26002693436342, 0.21698892006050727]}, "datetime": {"datetime": "2025-08-13 16:07:19", "elapsed": 22767.132353782654, "delta": 17.919540405273438}, "costs": {"total_cost": 189.3334328579042, "time_cost": 73.164, "final_distance_cost": 1.8449125356534188, "oscillation_cost": 26.671207385924276, "completition_cost": 0.0, "overshoot_cost": 50.67952158120997, "power_cost": 14.710249377441407, "noise_cost": 22.263541977675125, "n_waypoints_completed": 9, "tot_waypoints": 9}}
{"target": -204.84915543076335, "params": {"k_pid_pos": [0.4361697850972001, 0.06360975418472388, 0.19084372218143572], "k_pid_alt": [2.0, 0.0, 0.019763031713708048], "k_pid_att": [8.647298112809073, 4.731772144114782, 0.4517334961686272], "k_pid_yaw": [0.5, 1e-06, 0.1], "k_pid_hsp": [0.3121791128412767, 0.01605451557095348, 0.0], "k_pid_vsp": [292.0016251597366, 154.67319118658233, 0.15567770668663075]}, "datetime": {"datetime": "2025-08-13 16:07:39", "elapsed": 22787.56151986122, "delta": 20.429166078567505}, "costs": {"total_cost": 204.84915543076335, "time_cost": 81.452, "final_distance_cost": 1.8499855036085693, "oscillation_cost": 24.389481401094184, "completition_cost": 0.0, "overshoot_cost": 52.218130914484945, "power_cost": 18.533917407226564, "noise_cost": 26.405640204349094, "n_waypoints_completed": 9, "tot_waypoints": 9}}
{"target": -676.8330564859243, "params": {"k_pid_pos": [0.11336126230920773, 0.08926763663263089, 0.3140536026815515], "k_pid_alt": [1.3992778304193638, 0.0, 0.03967738690307637], "k_pid_att": [16.082837649361746, 6.4391134250818896, 0.5835816993029895], "k_pid_yaw": [0.5, 1e-06, 0.1], "k_pid_hsp": [0.11550292116253767, 0.013947085353287219, 0.0], "k_pid_vsp": [312.8361746058557, 53.63940850019742, 0.13214896988009278]}, "datetime": {"datetime": "2025-08-13 16:08:09", "elapsed": 22817.816120147705, "delta": 30.254600286483765}, "costs": {"total_cost": 676.8330564859243, "time_cost": 150, "final_distance_cost": 65.92685564314986, "oscillation_cost": 7.5798240704883595, "completition_cost": 333.33333333333337, "overshoot_cost": 61.82607607599057, "power_cost": 24.592311975097658, "noise_cost": 33.574655387864524, "n_waypoints_completed": 6, "tot_waypoints": 9}}
{"target": -203.6204328336534, "params": {"k_pid_pos": [1.0497231144475057, 0.1079171920329864, 0.27364848593592894], "k_pid_alt": [0.5459057333626992, 0.0, 0.031240978169551598], "k_pid_att": [28.272690297959056, 4.769919576384601, 0.6328468974433595], "k_pid_yaw": [0.5, 1e-06, 0.1], "k_pid_hsp": [0.2944746998082628, 0.02087538657798063, 0.0], "k_pid_vsp": [179.7832467288231, 125.87217965855922, 0.13067900685866216]}, "datetime": {"datetime": "2025-08-13 16:08:29", "elapsed": 22837.37731742859, "delta": 19.56119728088379}, "costs": {"total_cost": 203.6204328336534, "time_cost": 77.049, "final_distance_cost": 1.8387107034445862, "oscillation_cost": 28.78359444339614, "completition_cost": 0.0, "overshoot_cost": 51.25001432134201, "power_cost": 21.217817797851563, "noise_cost": 23.481295567619142, "n_waypoints_completed": 9, "tot_waypoints": 9}}
{"target": -182.5082898815457, "params": {"k_pid_pos": [0.7791371929653649, 0.10464248705254857, 0.10769372608236065], "k_pid_alt": [0.7028694479142906, 0.0, 0.011768727162362644], "k_pid_att": [8.7640618454857, 2.5979636846614227, 0.08415276896581388], "k_pid_yaw": [0.5, 1e-06, 0.1], "k_pid_hsp": [0.2626176460288658, 0.009781878721936544, 0.0], "k_pid_vsp": [281.0161024275994, 123.23916064749476, 0.0984778503000075]}, "datetime": {"datetime": "2025-08-13 16:08:47", "elapsed": 22855.682861566544, "delta": 18.305544137954712}, "costs": {"total_cost": 182.5082898815457, "time_cost": 74.039, "final_distance_cost": 1.8309365762206529, "oscillation_cost": 27.113113470423883, "completition_cost": 0.0, "overshoot_cost": 50.29076299773575, "power_cost": 9.27948856201172, "noise_cost": 19.954988275153692, "n_waypoints_completed": 9, "tot_waypoints": 9}}
{"target": -233.4999694300486, "params": {"k_pid_pos": [0.9723475432911245, 0.0601329642615871, 0.16804068892529847], "k_pid_alt": [1.09634118009557, 0.0, 0.029718945718968454], "k_pid_att": [18.714343577385538, 3.9375462043104172, 0.7673417589886157], "k_pid_yaw": [0.5, 1e-06, 0.1], "k_pid_hsp": [0.03434342632430995, 0.019389855282401346, 0.0], "k_pid_vsp": [136.56073071002663, 98.00673898083357, 0.1576863717051973]}, "datetime": {"datetime": "2025-08-13 16:09:12", "elapsed": 22880.01319050789, "delta": 24.330328941345215}, "costs": {"total_cost": 233.4999694300486, "time_cost": 94.745, "final_distance_cost": 1.7869946375025787, "oscillation_cost": 26.819898187376936, "completition_cost": 0.0, "overshoot_cost": 54.88738622786754, "power_cost": 26.68401376953125, "noise_cost": 28.576676607770278, "n_waypoints_completed": 9, "tot_waypoints": 9}}
{"target": -181.89465710351487, "params": {"k_pid_pos": [0.8498546628069672, 0.03558030700511489, 0.2381159718694714], "k_pid_alt": [1.4463461467853298, 0.0, 0.026203328208896037], "k_pid_att": [28.25361560004788, 1.223939758622485, 0.5464199561777779], "k_pid_yaw": [0.5, 1e-06, 0.1], "k_pid_hsp": [0.23423861404256233, 0.008051021826825279, 0.0], "k_pid_vsp": [256.57780063157975, 112.32420958386076, 0.14620523060798077]}, "datetime": {"datetime": "2025-08-13 16:09:30", "elapsed": 22898.674931049347, "delta": 18.66174054145813}, "costs": {"total_cost": 181.89465710351487, "time_cost": 71.043, "final_distance_cost": 1.8358384387381284, "oscillation_cost": 26.143853626150843, "completition_cost": 0.0, "overshoot_cost": 50.12768733684209, "power_cost": 11.982659423828126, "noise_cost": 20.76161827795568, "n_waypoints_completed": 9, "tot_waypoints": 9}}
{"target": -182.23466855502295, "params": {"k_pid_pos": [1.1699057747894566, 0.06399153946496151, 0.0], "k_pid_alt": [1.41027172131548, 0.0, 0.01896071867847035], "k_pid_att": [20.52152457196443, 2.7791394556332882, 0.3953872061085315], "k_pid_yaw": [0.5, 1e-06, 0.1], "k_pid_hsp": [0.5185044735721297, 0.021125688355843105, 0.0], "k_pid_vsp": [280.3752745766322, 157.59753788624383, 0.0909943810819626]}, "datetime": {"datetime": "2025-08-13 16:09:48", "elapsed": 22916.926458358765, "delta": 18.251527309417725}, "costs": {"total_cost": 182.23466855502295, "time_cost": 68.453, "final_distance_cost": 1.7951166612328453, "oscillation_cost": 31.30907328468338, "completition_cost": 0.0, "overshoot_cost": 50.30566254796162, "power_cost": 11.060564099121095, "noise_cost": 19.311251962024016, "n_waypoints_completed": 9, "tot_waypoints": 9}}
{"target": -214.9178334284305, "params": {"k_pid_pos": [0.40586716255790023, 0.017461429029003838, 0.270756011070539], "k_pid_alt": [1.645527434566209, 0.0, 0.014443389869859762], "k_pid_att": [26.767380060707755, 4.14772374373602, 0.45068944336854616], "k_pid_yaw": [0.5, 1e-06, 0.1], "k_pid_hsp": [0.2619706017232885, 0.02489894377477668, 0.0], "k_pid_vsp": [266.6070241964789, 110.5324372111434, 0.09897663233778771]}, "datetime": {"datetime": "2025-08-13 16:10:12", "elapsed": 22940.100311756134, "delta": 23.173853397369385}, "costs": {"total_cost": 214.9178334284305, "time_cost": 91.035, "final_distance_cost": 1.8587762924724682, "oscillation_cost": 22.664904713539293, "completition_cost": 0.0, "overshoot_cost": 53.283113639970914, "power_cost": 16.417612646484375, "noise_cost": 29.658426135963456, "n_waypoints_completed": 9, "tot_waypoints": 9}}
{"target": -187.9775235782595, "params": {"k_pid_pos": [1.1324793202335666, 0.07689661392699952, 0.09157910776321787], "k_pid_alt": [1.6457545380223306, 0.0, 0.02816571395511577], "k_pid_att": [25.151450286543525, 4.095030053016603, 0.5223629345817307], "k_pid_yaw": [0.5, 1e-06, 0.1], "k_pid_hsp": [0.30868658143787586, 0.03740636696617785, 0.0], "k_pid_vsp": [208.51234156975048, 103.88109822823505, 0.14433090971061693]}, "datetime": {"datetime": "2025-08-13 16:10:29", "elapsed": 22957.918048381805, "delta": 17.817736625671387}, "costs": {"total_cost": 187.9775235782595, "time_cost": 69.006, "final_distance_cost": 1.8137610036200962, "oscillation_cost": 31.08835114333146, "completition_cost": 0.0, "overshoot_cost": 50.18005048119766, "power_cost": 15.128786889648438, "noise_cost": 20.76057406046184, "n_waypoints_completed": 9, "tot_waypoints": 9}}
{"target": -188.1474475128, "params": {"k_pid_pos": [0.6166915774047746, 0.06928303299755192, 0.13740224862078762], "k_pid_alt": [1.310873187635074, 0.0, 0.03555164376286368], "k_pid_att": [6.466878274433192, 5.902191402579152, 0.5808244133648452], "k_pid_yaw": [0.5, 1e-06, 0.1], "k_pid_hsp": [0.14736142123705342, 0.024697624499760346, 0.0], "k_pid_vsp": [370.7241449509129, 136.82194208602118, 0.11341204733795424]}, "datetime": {"datetime": "2025-08-13 16:10:48", "elapsed": 22976.68571472168, "delta": 18.767666339874268}, "costs": {"total_cost": 188.1474475128, "time_cost": 72.8, "final_distance_cost": 1.8460791001663293, "oscillation_cost": 26.877239689556774, "completition_cost": 0.0, "overshoot_cost": 50.78968462518104, "power_cost": 14.016071472167969, "noise_cost": 21.818372625727893, "n_waypoints_completed": 9, "tot_waypoints": 9}}
{"target": -181.09115135443966, "params": {"k_pid_pos": [1.1663999892283134, 0.07179391003779502, 0.22311168309213433], "k_pid_alt": [1.3396394029209642, 0.0, 0.027308054188792282], "k_pid_att": [16.43223258969351, 3.8535342666899908, 0.45257725713600333], "k_pid_yaw": [0.5, 1e-06, 0.1], "k_pid_hsp": [0.2306724782251035, 0.027899472662443765, 0.0], "k_pid_vsp": [132.94883742636372, 157.4964167989027, 0.1552496336654545]}, "datetime": {"datetime": "2025-08-13 16:11:06", "elapsed": 22994.562601566315, "delta": 17.87688684463501}, "costs": {"total_cost": 181.09115135443966, "time_cost": 68.474, "final_distance_cost": 1.815157877512889, "oscillation_cost": 30.488067846489766, "completition_cost": 0.0, "overshoot_cost": 49.27436066429139, "power_cost": 11.521882055664063, "noise_cost": 19.51768291048154, "n_waypoints_completed": 9, "tot_waypoints": 9}}
{"target": -179.04499104406005, "params": {"k_pid_pos": [1.068308292429491, 0.10403600493619773, 0.24319894529627092], "k_pid_alt": [1.735080752226474, 0.0, 0.02413371065058902], "k_pid_att": [15.86335040204345, 3.741723235069949, 0.36844584370291616], "k_pid_yaw": [0.5, 1e-06, 0.1], "k_pid_hsp": [0.2919434521846261, 0.02423395027029369, 0.0], "k_pid_vsp": [286.75287869614107, 101.56823288198655, 0.11684072497439833]}, "datetime": {"datetime": "2025-08-13 16:11:24", "elapsed": 23012.279695034027, "delta": 17.717093467712402}, "costs": {"total_cost": 179.04499104406005, "time_cost": 69.048, "final_distance_cost": 1.8225537666980092, "oscillation_cost": 29.24165888866765, "completition_cost": 0.0, "overshoot_cost": 49.942278897983705, "power_cost": 9.85928240966797, "noise_cost": 19.131217081042735, "n_waypoints_completed": 9, "tot_waypoints": 9}}
