{"target": -188.08683116471045, "params": {"k_pid_pos": [1.4295099964807019, 0.09458861555755327, 0.2716551062034525], "k_pid_alt": [1.1742493740089328, 0.0, 0.025831130561317667], "k_pid_att": [14.721776058547817, 7.363522247224008, 0.3883243314194564], "k_pid_yaw": [0.5, 1e-06, 0.1], "k_pid_hsp": [0.25503520018446624, 0.020060098942918377, 0.0], "k_pid_vsp": [329.90952390442243, 119.86966751526046, 0.20674760491305308]}, "datetime": {"datetime": "2025-08-13 15:46:24", "elapsed": 21512.16545176506, "delta": 18.419001817703247}, "costs": {"total_cost": 188.08683116471045, "time_cost": 69.433, "final_distance_cost": 1.8117867272695543, "oscillation_cost": 31.426679282305752, "completition_cost": 0.0, "overshoot_cost": 50.03717945053528, "power_cost": 14.79176336669922, "noise_cost": 20.58642233790064, "n_waypoints_completed": 9, "tot_waypoints": 9}}
{"target": -192.7533599258623, "params": {"k_pid_pos": [1.7983638932354271, 0.08223889375983295, 0.40887988027917493], "k_pid_alt": [1.8920666173845204, 0.0, 0.014237935160783241], "k_pid_att": [19.091809096667077, 2.8258698770241275, 0.4717117255282677], "k_pid_yaw": [0.5, 1e-06, 0.1], "k_pid_hsp": [0.09995026919724674, 0.023595839235887237, 0.0], "k_pid_vsp": [128.16699146725924, 141.95317235080827, 0.10802877439402984]}, "datetime": {"datetime": "2025-08-13 15:46:41", "elapsed": 21529.7932138443, "delta": 17.62776207923889}, "costs": {"total_cost": 192.7533599258623, "time_cost": 70.791, "final_distance_cost": 1.7709841881955293, "oscillation_cost": 33.616391165478404, "completition_cost": 0.0, "overshoot_cost": 50.8578366284218, "power_cost": 14.982164904785156, "noise_cost": 20.73498303898143, "n_waypoints_completed": 9, "tot_waypoints": 9}}
{"target": -185.22824774796925, "params": {"k_pid_pos": [0.9961088842049911, 0.08343042466419315, 0.2914044295008453], "k_pid_alt": [1.5881931974859294, 0.0, 0.029504271697422053], "k_pid_att": [28.71800496102881, 5.274706542952327, 0.15862412956870714], "k_pid_yaw": [0.5, 1e-06, 0.1], "k_pid_hsp": [0.20860581621241206, 0.016594858113968134, 0.0], "k_pid_vsp": [269.0717244772403, 119.87666770754576, 0.12438841676305117]}, "datetime": {"datetime": "2025-08-13 15:46:59", "elapsed": 21547.37229371071, "delta": 17.5790798664093}, "costs": {"total_cost": 185.22824774796925, "time_cost": 69.748, "final_distance_cost": 1.8368531263863388, "oscillation_cost": 27.298333042360834, "completition_cost": 0.0, "overshoot_cost": 50.476322476697355, "power_cost": 14.762159216308595, "noise_cost": 21.106579886216117, "n_waypoints_completed": 9, "tot_waypoints": 9}}
{"target": -195.25674661220225, "params": {"k_pid_pos": [0.6899393912446067, 0.07346894179858576, 0.3116152115509301], "k_pid_alt": [2.0, 0.0, 0.04447786474143514], "k_pid_att": [19.166264918977827, 4.009969938392825, 0.49244841644359766], "k_pid_yaw": [0.5, 1e-06, 0.1], "k_pid_hsp": [0.22416773332059617, 0.028415658740301993, 0.0], "k_pid_vsp": [296.21482471383325, 88.47090439669064, 0.14400638774055555]}, "datetime": {"datetime": "2025-08-13 15:47:21", "elapsed": 21569.651149749756, "delta": 22.27885603904724}, "costs": {"total_cost": 195.25674661220225, "time_cost": 74.438, "final_distance_cost": 1.8481816662620683, "oscillation_cost": 26.985643534315777, "completition_cost": 0.0, "overshoot_cost": 51.11224796535533, "power_cost": 17.122192663574218, "noise_cost": 23.750480782694858, "n_waypoints_completed": 9, "tot_waypoints": 9}}
{"target": -196.2334720649912, "params": {"k_pid_pos": [0.4245207752152365, 0.10414427830471513, 0.0], "k_pid_alt": [1.4598398809341757, 0.0, 0.01618026468043303], "k_pid_att": [12.50121475492599, 2.7321443335533755, 0.4127343562556536], "k_pid_yaw": [0.5, 1e-06, 0.1], "k_pid_hsp": [0.27851525317428943, 0.016338405564618835, 0.0], "k_pid_vsp": [255.98440321851942, 41.24800397577336, 0.20381616773583477]}, "datetime": {"datetime": "2025-08-13 15:47:46", "elapsed": 21594.047337293625, "delta": 24.39618754386902}, "costs": {"total_cost": 196.2334720649912, "time_cost": 81.361, "final_distance_cost": 1.8312022049541115, "oscillation_cost": 24.89094113888956, "completition_cost": 0.0, "overshoot_cost": 52.340619329589245, "power_cost": 12.288931994628907, "noise_cost": 23.520777396929365, "n_waypoints_completed": 9, "tot_waypoints": 9}}
{"target": -194.39144799191246, "params": {"k_pid_pos": [1.1373856074985584, 0.0518890412053676, 0.1168327206638134], "k_pid_alt": [1.4185758520278886, 0.0, 0.006636688479005507], "k_pid_att": [15.162104894747912, 4.58163829252425, 0.38164392910141176], "k_pid_yaw": [0.5, 1e-06, 0.1], "k_pid_hsp": [0.4178731981522435, 0.014699933314387894, 0.0], "k_pid_vsp": [180.436543707969, 148.8659989379486, 0.06838363654932512]}, "datetime": {"datetime": "2025-08-13 15:48:05", "elapsed": 21613.16228365898, "delta": 19.114946365356445}, "costs": {"total_cost": 194.39144799191246, "time_cost": 69.776, "final_distance_cost": 1.8246059758651545, "oscillation_cost": 30.80220911729921, "completition_cost": 0.0, "overshoot_cost": 50.54464068470361, "power_cost": 19.527756152343752, "noise_cost": 21.91623606170074, "n_waypoints_completed": 9, "tot_waypoints": 9}}
{"target": -234.9660423061338, "params": {"k_pid_pos": [0.2949394151638258, 0.07907607437127044, 0.09504177091471744], "k_pid_alt": [1.3756399986673988, 0.0, 0.03908991430395325], "k_pid_att": [22.286654264126195, 3.2129897126522713, 0.4196184179479081], "k_pid_yaw": [0.5, 1e-06, 0.1], "k_pid_hsp": [0.32973217932681326, 0.020863693420811447, 0.0], "k_pid_vsp": [309.9116033442936, 77.68147406791822, 0.14046803740052569]}, "datetime": {"datetime": "2025-08-13 15:48:30", "elapsed": 21638.659615039825, "delta": 25.497331380844116}, "costs": {"total_cost": 234.9660423061338, "time_cost": 97.937, "final_distance_cost": 1.8454552529230583, "oscillation_cost": 21.951437738460452, "completition_cost": 0.0, "overshoot_cost": 54.64274932489281, "power_cost": 25.959485498046877, "noise_cost": 32.629914491810574, "n_waypoints_completed": 9, "tot_waypoints": 9}}
{"target": -187.12746179898616, "params": {"k_pid_pos": [0.7572905052204081, 0.09010399711874295, 0.2535464650605858], "k_pid_alt": [2.0, 0.0, 0.03085178701759537], "k_pid_att": [25.550818480212126, 3.629919712272136, 0.47085665955534955], "k_pid_yaw": [0.5, 1e-06, 0.1], "k_pid_hsp": [0.4616851045840413, 0.037636193560098376, 0.0], "k_pid_vsp": [23.320435194216724, 79.30865928000476, 0.13166723586796156]}, "datetime": {"datetime": "2025-08-13 15:48:51", "elapsed": 21659.12083864212, "delta": 20.461223602294922}, "costs": {"total_cost": 187.12746179898616, "time_cost": 72.604, "final_distance_cost": 1.84050959190421, "oscillation_cost": 29.48017810919251, "completition_cost": 0.0, "overshoot_cost": 50.58061861213384, "power_cost": 11.751242053222656, "noise_cost": 20.870913432532944, "n_waypoints_completed": 9, "tot_waypoints": 9}}
{"target": -214.79949952454973, "params": {"k_pid_pos": [0.4992066813847081, 0.08114757832090609, 0.3903656117762346], "k_pid_alt": [1.2009909178921256, 0.0, 0.013335190302741759], "k_pid_att": [13.554818834291837, 4.533694044546366, 0.3846239087722294], "k_pid_yaw": [0.5, 1e-06, 0.1], "k_pid_hsp": [0.30157403760299606, 0.021357607268700018, 0.0], "k_pid_vsp": [132.6938339657701, 156.50483324581265, 0.10408822912972997]}, "datetime": {"datetime": "2025-08-13 15:49:13", "elapsed": 21681.51866889, "delta": 22.39783024787903}, "costs": {"total_cost": 214.79949952454973, "time_cost": 86.653, "final_distance_cost": 1.8541405246215987, "oscillation_cost": 24.454682584371994, "completition_cost": 0.0, "overshoot_cost": 52.72562825485454, "power_cost": 20.82392175292969, "noise_cost": 28.288126407771898, "n_waypoints_completed": 9, "tot_waypoints": 9}}
{"target": -180.61296109582736, "params": {"k_pid_pos": [1.3288776572342682, 0.032366532339764276, 0.34295368153560113], "k_pid_alt": [1.4887836244666188, 0.0, 0.022545151966887878], "k_pid_att": [34.29665367754979, 3.6867869098767216, 0.12473183084465456], "k_pid_yaw": [0.5, 1e-06, 0.1], "k_pid_hsp": [0.20137437955053294, 0.02582447369693409, 0.0], "k_pid_vsp": [176.11080967745247, 177.73176845899627, 0.09693166654435566]}, "datetime": {"datetime": "2025-08-13 15:49:31", "elapsed": 21699.702442884445, "delta": 18.1837739944458}, "costs": {"total_cost": 180.61296109582736, "time_cost": 68.271, "final_distance_cost": 1.826388091851361, "oscillation_cost": 32.51440997373925, "completition_cost": 0.0, "overshoot_cost": 49.538192760253224, "power_cost": 9.572120043945313, "noise_cost": 18.890850226038218, "n_waypoints_completed": 9, "tot_waypoints": 9}}
{"target": -185.70341298677218, "params": {"k_pid_pos": [1.2287718424650718, 0.058136245014000665, 0.3171037441792706], "k_pid_alt": [1.203174669184287, 0.0, 0.007938375939009592], "k_pid_att": [28.533141097592562, 3.9520061253779475, 0.5801675304994799], "k_pid_yaw": [0.5, 1e-06, 0.1], "k_pid_hsp": [0.19138493478186444, 0.015962253841894158, 0.0], "k_pid_vsp": [274.06520802975064, 137.77882953830462, 0.19539776614209536]}, "datetime": {"datetime": "2025-08-13 15:49:50", "elapsed": 21718.45069384575, "delta": 18.74825096130371}, "costs": {"total_cost": 185.70341298677218, "time_cost": 69.279, "final_distance_cost": 1.8372812669269498, "oscillation_cost": 29.127740472348943, "completition_cost": 0.0, "overshoot_cost": 50.07783624496206, "power_cost": 14.756027746582031, "noise_cost": 20.625527255952196, "n_waypoints_completed": 9, "tot_waypoints": 9}}
{"target": -195.35649523950505, "params": {"k_pid_pos": [0.6428733533677695, 0.0787565221570868, 0.21070389106370935], "k_pid_alt": [1.8377037120432915, 0.0, 0.015078876095293584], "k_pid_att": [17.74023116804659, 1.6549623486754879, 0.37704649982457933], "k_pid_yaw": [0.5, 1e-06, 0.1], "k_pid_hsp": [0.31497159218029286, 0.029965493156958813, 0.0], "k_pid_vsp": [182.19872794899973, 121.37936398918248, 0.20328939200157792]}, "datetime": {"datetime": "2025-08-13 15:50:09", "elapsed": 21737.937792301178, "delta": 19.487098455429077}, "costs": {"total_cost": 195.35649523950505, "time_cost": 74.767, "final_distance_cost": 1.8435381519967713, "oscillation_cost": 26.83565361482589, "completition_cost": 0.0, "overshoot_cost": 51.464512659757986, "power_cost": 16.796983422851564, "noise_cost": 23.648807390072847, "n_waypoints_completed": 9, "tot_waypoints": 9}}
{"target": -183.913508982351, "params": {"k_pid_pos": [0.9861108831500122, 0.07546730095327131, 0.1801818761008802], "k_pid_alt": [1.5400639759307555, 0.0, 0.021025740739862814], "k_pid_att": [18.057920788702525, 1.720019874202201, 0.21319626088894483], "k_pid_yaw": [0.5, 1e-06, 0.1], "k_pid_hsp": [0.36986658042408543, 0.022508515834644624, 0.0], "k_pid_vsp": [66.74228346271214, 141.83116372062455, 0.16867979009486522]}, "datetime": {"datetime": "2025-08-13 15:50:28", "elapsed": 21756.73188018799, "delta": 18.794087886810303}, "costs": {"total_cost": 183.913508982351, "time_cost": 69.643, "final_distance_cost": 1.8289211897810935, "oscillation_cost": 29.10755705916591, "completition_cost": 0.0, "overshoot_cost": 50.115790914348345, "power_cost": 12.936341540527344, "noise_cost": 20.281898278528296, "n_waypoints_completed": 9, "tot_waypoints": 9}}
{"target": -195.04368935566907, "params": {"k_pid_pos": [0.8778388984002715, 0.08719605696155093, 0.32722007436942624], "k_pid_alt": [1.9184812772141095, 0.0, 0.019233310546000942], "k_pid_att": [6.611770176530867, 2.219604217214045, 0.49192969274837783], "k_pid_yaw": [0.5, 1e-06, 0.1], "k_pid_hsp": [0.2867279999223661, 0.0194595478632883, 0.0], "k_pid_vsp": [367.1915587326502, 129.88928941247633, 0.13458938700267295]}, "datetime": {"datetime": "2025-08-13 15:50:47", "elapsed": 21775.63786649704, "delta": 18.905986309051514}, "costs": {"total_cost": 195.04368935566907, "time_cost": 72.31, "final_distance_cost": 1.8342304813707713, "oscillation_cost": 28.261012259969043, "completition_cost": 0.0, "overshoot_cost": 51.487606833581566, "power_cost": 18.431428955078125, "noise_cost": 22.719410825669556, "n_waypoints_completed": 9, "tot_waypoints": 9}}
{"target": -185.2728453376784, "params": {"k_pid_pos": [0.8829496787517545, 0.07908257579326372, 0.25291458057673033], "k_pid_alt": [0.9714954662510363, 0.0, 0.02292454876703753], "k_pid_att": [7.678264999216334, 4.948292230634146, 0.5598824572604769], "k_pid_yaw": [0.5, 1e-06, 0.1], "k_pid_hsp": [0.2693117917436847, 0.0325485799641717, 0.0], "k_pid_vsp": [277.9448317191445, 76.26939155788062, 0.13302559855462356]}, "datetime": {"datetime": "2025-08-13 15:51:06", "elapsed": 21794.792599201202, "delta": 19.154732704162598}, "costs": {"total_cost": 185.2728453376784, "time_cost": 71.645, "final_distance_cost": 1.8339590900750327, "oscillation_cost": 29.21505720395475, "completition_cost": 0.0, "overshoot_cost": 50.59163889587857, "power_cost": 11.47406357421875, "noise_cost": 20.513126573551315, "n_waypoints_completed": 9, "tot_waypoints": 9}}
{"target": -186.1169530603063, "params": {"k_pid_pos": [1.118843446441262, 0.11350252158270484, 0.2782083880780813], "k_pid_alt": [1.251456086037683, 0.0, 0.03128147385080327], "k_pid_att": [16.658569796838204, 4.299030206406894, 0.47256606625337433], "k_pid_yaw": [0.5, 1e-06, 0.1], "k_pid_hsp": [0.3025654698432816, 0.014777852292536522, 0.0], "k_pid_vsp": [293.1111628610968, 175.7374455559191, 0.09510132415057339]}, "datetime": {"datetime": "2025-08-13 15:51:25", "elapsed": 21813.192772865295, "delta": 18.400173664093018}, "costs": {"total_cost": 186.1169530603063, "time_cost": 69.741, "final_distance_cost": 1.824124401417039, "oscillation_cost": 29.130005932016964, "completition_cost": 0.0, "overshoot_cost": 50.5587462160574, "power_cost": 14.05867547607422, "noise_cost": 20.804401034740675, "n_waypoints_completed": 9, "tot_waypoints": 9}}
{"target": -187.239783618761, "params": {"k_pid_pos": [1.1138303770945124, 0.08414173490793868, 0.2331986936240691], "k_pid_alt": [1.4254016000227983, 0.0, 0.02197481499362386], "k_pid_att": [35.01282530546747, 3.8514407815949436, 0.5785565594674967], "k_pid_yaw": [0.5, 1e-06, 0.1], "k_pid_hsp": [0.16131445842136238, 0.02075216459105818, 0.0], "k_pid_vsp": [114.18560968278446, 96.049204207237, 0.11088893705766006]}, "datetime": {"datetime": "2025-08-13 15:51:43", "elapsed": 21831.39177107811, "delta": 18.19899821281433}, "costs": {"total_cost": 187.239783618761, "time_cost": 69.258, "final_distance_cost": 1.8218510834334836, "oscillation_cost": 28.989262872775548, "completition_cost": 0.0, "overshoot_cost": 50.48588101505106, "power_cost": 15.807901110839845, "noise_cost": 20.876887536661073, "n_waypoints_completed": 9, "tot_waypoints": 9}}
{"target": -187.79383909093005, "params": {"k_pid_pos": [1.349948559167539, 0.08205680274002779, 0.035178465001961166], "k_pid_alt": [0.8454658983403028, 0.0, 0.015314556464991413], "k_pid_att": [7.294826124903687, 3.056242490650954, 0.406626327201357], "k_pid_yaw": [0.5, 1e-06, 0.1], "k_pid_hsp": [0.25800639499259814, 0.020973649734985403, 0.0], "k_pid_vsp": [281.76346259563485, 147.58648989705253, 0.1893369374431616]}, "datetime": {"datetime": "2025-08-13 15:52:02", "elapsed": 21850.336838960648, "delta": 18.945067882537842}, "costs": {"total_cost": 187.79383909093005, "time_cost": 70.119, "final_distance_cost": 1.8160582691642297, "oscillation_cost": 33.54585233712444, "completition_cost": 0.0, "overshoot_cost": 49.55704163896364, "power_cost": 12.849190441894532, "noise_cost": 19.90669640378319, "n_waypoints_completed": 9, "tot_waypoints": 9}}
{"target": -195.27366110046884, "params": {"k_pid_pos": [0.6275612042377788, 0.08106293003503226, 0.23852142315465819], "k_pid_alt": [1.1362926223525138, 0.0, 0.02728887822267941], "k_pid_att": [15.640700396101314, 3.445654139588232, 0.7369791235656834], "k_pid_yaw": [0.5, 1e-06, 0.1], "k_pid_hsp": [0.34784087420085646, 0.01069099589548104, 0.0], "k_pid_vsp": [159.8929160632609, 122.44426816133324, 0.15038032721689457]}, "datetime": {"datetime": "2025-08-13 15:52:22", "elapsed": 21870.260880708694, "delta": 19.924041748046875}, "costs": {"total_cost": 195.27366110046884, "time_cost": 77.616, "final_distance_cost": 1.8459113566696446, "oscillation_cost": 26.06452832856997, "completition_cost": 0.0, "overshoot_cost": 51.25888750764055, "power_cost": 14.886364318847656, "noise_cost": 23.601969588741017, "n_waypoints_completed": 9, "tot_waypoints": 9}}
{"target": -187.20969150153172, "params": {"k_pid_pos": [1.3870797697918154, 0.02695933021146756, 0.25396581776747645], "k_pid_alt": [1.4112160623784955, 0.0, 0.010155214854063569], "k_pid_att": [16.61155292720912, 4.539783821589263, 0.5437463623457484], "k_pid_yaw": [0.5, 1e-06, 0.1], "k_pid_hsp": [0.22270081789938143, 0.013088758210259168, 0.0], "k_pid_vsp": [293.07170871446755, 56.74924712838155, 0.17601490992168042]}, "datetime": {"datetime": "2025-08-13 15:52:40", "elapsed": 21888.974892139435, "delta": 18.714011430740356}, "costs": {"total_cost": 187.20969150153172, "time_cost": 69.587, "final_distance_cost": 1.8056557681668757, "oscillation_cost": 30.252393116399325, "completition_cost": 0.0, "overshoot_cost": 50.37084603600323, "power_cost": 14.497536499023438, "noise_cost": 20.696260081938874, "n_waypoints_completed": 9, "tot_waypoints": 9}}
{"target": -248.52150092448267, "params": {"k_pid_pos": [1.25746464962075, 0.06554367087635167, 0.17545508468101131], "k_pid_alt": [2.0, 0.0, 0.02255208229612884], "k_pid_att": [0.760259366779748, 3.568895674569982, 0.3498424123525668], "k_pid_yaw": [0.5, 1e-06, 0.1], "k_pid_hsp": [0.428659823199745, 0.020875470188107374, 0.0], "k_pid_vsp": [271.4424311675552, 104.86026792388127, 0.08839098969286374]}, "datetime": {"datetime": "2025-08-13 15:52:58", "elapsed": 21906.550534248352, "delta": 17.575642108917236}, "costs": {"total_cost": 248.52150092448267, "time_cost": 69.608, "final_distance_cost": 1.8194325756053356, "oscillation_cost": 88.94561226584297, "completition_cost": 0.0, "overshoot_cost": 51.033051281125466, "power_cost": 16.399567333984375, "noise_cost": 20.71583746792454, "n_waypoints_completed": 9, "tot_waypoints": 9}}
{"target": -238.34180586449972, "params": {"k_pid_pos": [0.9671886053439236, 0.08432296612190399, 0.1385824330655624], "k_pid_alt": [0.2808306609812106, 0.0, 0.03805780359370555], "k_pid_att": [15.420874711358998, 1.5972654382750247, 0.5657338388231016], "k_pid_yaw": [0.5, 1e-06, 0.1], "k_pid_hsp": [0.15075403837189524, 0.012763778072585406, 0.0], "k_pid_vsp": [269.53976880664567, 100.88114485993064, 0.12758972547154454]}, "datetime": {"datetime": "2025-08-13 15:53:25", "elapsed": 21933.806775331497, "delta": 27.25624108314514}, "costs": {"total_cost": 238.34180586449972, "time_cost": 100.33800000000001, "final_distance_cost": 1.8619584028542557, "oscillation_cost": 30.146142573160436, "completition_cost": 0.0, "overshoot_cost": 52.973144386368034, "power_cost": 23.35190115966797, "noise_cost": 29.67065934244904, "n_waypoints_completed": 9, "tot_waypoints": 9}}
{"target": -209.18809756586916, "params": {"k_pid_pos": [0.43741496046283207, 0.07378562010283618, 0.22886293291469148], "k_pid_alt": [1.3409846962790024, 0.0, 0.020014414014495396], "k_pid_att": [29.41914732701387, 2.987297008201183, 0.7649470297874381], "k_pid_yaw": [0.5, 1e-06, 0.1], "k_pid_hsp": [0.2175512785264814, 0.010995219008612361, 0.0], "k_pid_vsp": [154.37905285916136, 61.014261051170045, 0.21383788794848957]}, "datetime": {"datetime": "2025-08-13 15:53:49", "elapsed": 21957.376121282578, "delta": 23.569345951080322}, "costs": {"total_cost": 209.18809756586916, "time_cost": 86.85600000000001, "final_distance_cost": 1.8534318609146694, "oscillation_cost": 22.549069860964547, "completition_cost": 0.0, "overshoot_cost": 52.6453074694239, "power_cost": 17.593570361328126, "noise_cost": 27.690718013237884, "n_waypoints_completed": 9, "tot_waypoints": 9}}
{"target": -195.40987393456024, "params": {"k_pid_pos": [0.6367402453434822, 0.06489603677765765, 0.3097401520668789], "k_pid_alt": [1.3699110561255743, 0.0, 0.01952432666838894], "k_pid_att": [25.01253940666338, 3.034536005432226, 0.2923172229225724], "k_pid_yaw": [0.5, 1e-06, 0.1], "k_pid_hsp": [0.15812853426963622, 0.031842464257197924, 0.0], "k_pid_vsp": [363.35264439259345, 82.45461718595563, 0.14535210673426588]}, "datetime": {"datetime": "2025-08-13 15:54:08", "elapsed": 21976.876599788666, "delta": 19.500478506088257}, "costs": {"total_cost": 195.40987393456024, "time_cost": 75.901, "final_distance_cost": 1.8544515681911589, "oscillation_cost": 26.059915702080286, "completition_cost": 0.0, "overshoot_cost": 51.314320644914694, "power_cost": 16.382810095214843, "noise_cost": 23.897375924159256, "n_waypoints_completed": 9, "tot_waypoints": 9}}
{"target": -193.78881088334245, "params": {"k_pid_pos": [0.6737271627976202, 0.0902611139820878, 0.1761421041227924], "k_pid_alt": [0.9257527958440898, 0.0, 0.019126555557416162], "k_pid_att": [34.39156928480438, 1.601743998378767, 0.5552040661886274], "k_pid_yaw": [0.5, 1e-06, 0.1], "k_pid_hsp": [0.33211185349573485, 0.01709145763115526, 0.0], "k_pid_vsp": [286.633315574749, 124.42542969410431, 0.16541539159157637]}, "datetime": {"datetime": "2025-08-13 15:54:28", "elapsed": 21996.205439567566, "delta": 19.328839778900146}, "costs": {"total_cost": 193.78881088334245, "time_cost": 76.468, "final_distance_cost": 1.8429797579754863, "oscillation_cost": 26.38102550057271, "completition_cost": 0.0, "overshoot_cost": 51.44286944671428, "power_cost": 14.811824255371095, "noise_cost": 22.842111922708877, "n_waypoints_completed": 9, "tot_waypoints": 9}}
