{"target": -183.97915093356696, "params": {"k_pid_pos": [1.0275528538457717, 0.0349050388406928, 0.333717908448002], "k_pid_alt": [2.0, 0.0, 0.05357520189753886], "k_pid_att": [24.863209351175442, 2.2434385984554086, 0.9392310033427562], "k_pid_yaw": [0.5, 1e-06, 0.1], "k_pid_hsp": [0.9119546160355528, 0.04555878172063155, 0.0], "k_pid_vsp": [115.23094612903863, 318.3191711348966, 0.3301965646553316]}, "datetime": {"datetime": "2025-08-13 14:40:07", "elapsed": 17535.084672689438, "delta": 17.572333335876465}, "costs": {"total_cost": 183.97915093356696, "time_cost": 69.944, "final_distance_cost": 1.8475022818283364, "oscillation_cost": 31.23780716711089, "completition_cost": 0.0, "overshoot_cost": 49.99471613976662, "power_cost": 10.976183679199218, "noise_cost": 19.97894166566189, "n_waypoints_completed": 9, "tot_waypoints": 9}}
{"target": -189.15517079618826, "params": {"k_pid_pos": [1.0265268927229283, 0.1638138747045331, 0.4402707872031113], "k_pid_alt": [2.0, 0.0, 0.02608759232053756], "k_pid_att": [35.32703957405116, 7.855605365380133, 0.6371865937159212], "k_pid_yaw": [0.5, 1e-06, 0.1], "k_pid_hsp": [0.36624307702727865, 0.04447972908913256, 0.0], "k_pid_vsp": [194.13700661971617, 130.7479916906332, 0.24307534299620845]}, "datetime": {"datetime": "2025-08-13 14:40:24", "elapsed": 17552.495503902435, "delta": 17.410831212997437}, "costs": {"total_cost": 189.15517079618826, "time_cost": 71.358, "final_distance_cost": 1.8300711373216145, "oscillation_cost": 27.734589367438186, "completition_cost": 0.0, "overshoot_cost": 50.7303461930492, "power_cost": 15.568913012695313, "noise_cost": 21.93325108568392, "n_waypoints_completed": 9, "tot_waypoints": 9}}
{"target": -183.32742157234247, "params": {"k_pid_pos": [1.4047810777786471, 0.0, 0.15448093658287834], "k_pid_alt": [1.1757040486090933, 0.0, 0.03994109626106849], "k_pid_att": [66.31456989290417, 4.736689360606069, 0.7825878284447961], "k_pid_yaw": [0.5, 1e-06, 0.1], "k_pid_hsp": [0.7760523362435764, 0.04266669618888705, 0.0], "k_pid_vsp": [220.43471241608586, 210.21378225933032, 0.2330223152210589]}, "datetime": {"datetime": "2025-08-13 14:40:41", "elapsed": 17569.494711637497, "delta": 16.999207735061646}, "costs": {"total_cost": 183.32742157234247, "time_cost": 68.607, "final_distance_cost": 1.8236473986724386, "oscillation_cost": 31.86226191333817, "completition_cost": 0.0, "overshoot_cost": 49.70239086944862, "power_cost": 11.784613586425781, "noise_cost": 19.547507804457442, "n_waypoints_completed": 9, "tot_waypoints": 9}}
{"target": -179.46040235068122, "params": {"k_pid_pos": [0.9332027425096671, 0.046849190184856476, 0.22593829404811858], "k_pid_alt": [1.4152031385686985, 0.0, 0.0423611299267245], "k_pid_att": [20.697361801530732, 6.78913700081709, 0.6276161686003451], "k_pid_yaw": [0.5, 1e-06, 0.1], "k_pid_hsp": [0.21466088435314123, 0.024507531209184263, 0.0], "k_pid_vsp": [266.3997500944241, 68.59789661215386, 0.28816052185975394]}, "datetime": {"datetime": "2025-08-13 14:40:58", "elapsed": 17586.754217624664, "delta": 17.25950598716736}, "costs": {"total_cost": 179.46040235068122, "time_cost": 69.65, "final_distance_cost": 1.8446572925025582, "oscillation_cost": 27.922431096574883, "completition_cost": 0.0, "overshoot_cost": 50.07490741784184, "power_cost": 10.186330908203125, "noise_cost": 19.782075635558776, "n_waypoints_completed": 9, "tot_waypoints": 9}}
{"target": -180.33371753082682, "params": {"k_pid_pos": [1.3203513222025112, 0.1197969773693132, 0.44668263392623003], "k_pid_alt": [1.2336959392995244, 0.0, 0.030914080531138605], "k_pid_att": [52.50117574730658, 2.645303024283508, 0.8297138059705338], "k_pid_yaw": [0.5, 1e-06, 0.1], "k_pid_hsp": [0.43621848867893026, 0.029643962984659832, 0.0], "k_pid_vsp": [247.4973917226869, 156.59378088432976, 0.4171437364971251]}, "datetime": {"datetime": "2025-08-13 14:41:15", "elapsed": 17603.806221961975, "delta": 17.05200433731079}, "costs": {"total_cost": 180.33371753082682, "time_cost": 69.391, "final_distance_cost": 1.8309944883061509, "oscillation_cost": 30.300871887276745, "completition_cost": 0.0, "overshoot_cost": 49.91743415878228, "power_cost": 9.620083398437501, "noise_cost": 19.273333598024152, "n_waypoints_completed": 9, "tot_waypoints": 9}}
{"target": -189.2042027266295, "params": {"k_pid_pos": [1.5508672442999945, 0.07965129559855494, 0.18917254955052754], "k_pid_alt": [1.527789826828034, 0.0, 0.07618175110270166], "k_pid_att": [34.648727981769234, 1.2093061659737607, 0.5889081860942692], "k_pid_yaw": [0.5, 1e-06, 0.1], "k_pid_hsp": [0.8056443418864271, 0.07178002458974263, 0.0], "k_pid_vsp": [208.85956713364126, 103.98477833732665, 0.2059098519478059]}, "datetime": {"datetime": "2025-08-13 14:41:32", "elapsed": 17620.604640960693, "delta": 16.79841899871826}, "costs": {"total_cost": 189.2042027266295, "time_cost": 68.509, "final_distance_cost": 1.779780633879202, "oscillation_cost": 32.20201342025826, "completition_cost": 0.0, "overshoot_cost": 49.99992347980651, "power_cost": 16.054554443359375, "noise_cost": 20.65893074932615, "n_waypoints_completed": 9, "tot_waypoints": 9}}
{"target": -178.59864528563435, "params": {"k_pid_pos": [0.7794505218236357, 0.09093355530994907, 0.0], "k_pid_alt": [1.9329316672025794, 0.0, 0.02625804522801121], "k_pid_att": [27.959520683280374, 5.032498879388155, 0.7140473988093902], "k_pid_yaw": [0.5, 1e-06, 0.1], "k_pid_hsp": [0.3838384480013339, 0.025302587895462664, 0.0], "k_pid_vsp": [225.5745210911806, 114.9847899455247, 0.18464161272039878]}, "datetime": {"datetime": "2025-08-13 14:41:52", "elapsed": 17640.355326890945, "delta": 19.750685930252075}, "costs": {"total_cost": 178.59864528563435, "time_cost": 69.419, "final_distance_cost": 1.8315180695992344, "oscillation_cost": 27.91946904028646, "completition_cost": 0.0, "overshoot_cost": 50.12379311264537, "power_cost": 9.846623852539063, "noise_cost": 19.458241210564207, "n_waypoints_completed": 9, "tot_waypoints": 9}}
{"target": -191.6463998439211, "params": {"k_pid_pos": [0.9077274472109508, 0.024610419545308872, 0.2969507435413729], "k_pid_alt": [1.8348748399432064, 0.0, 0.046602364665578565], "k_pid_att": [51.18156568485569, 6.14459583677979, 0.5259549682614392], "k_pid_yaw": [0.5, 1e-06, 0.1], "k_pid_hsp": [0.4686273970786921, 0.014705506357652639, 0.0], "k_pid_vsp": [239.7403902868815, 53.60808392715946, 0.10270865601773867]}, "datetime": {"datetime": "2025-08-13 14:42:10", "elapsed": 17658.209190130234, "delta": 17.85386323928833}, "costs": {"total_cost": 191.6463998439211, "time_cost": 72.639, "final_distance_cost": 1.8511086337927112, "oscillation_cost": 27.346290941962216, "completition_cost": 0.0, "overshoot_cost": 50.90951623024602, "power_cost": 16.17028211669922, "noise_cost": 22.730201921220946, "n_waypoints_completed": 9, "tot_waypoints": 9}}
{"target": -184.3237299528323, "params": {"k_pid_pos": [1.3963973847506568, 0.024413217694045947, 0.6281179378910792], "k_pid_alt": [0.9059934561275599, 0.0, 0.04850686005446147], "k_pid_att": [35.185824615353056, 3.9351178481363966, 0.8517825204313961], "k_pid_yaw": [0.5, 1e-06, 0.1], "k_pid_hsp": [0.31519301627026736, 0.03706130771871862, 0.0], "k_pid_vsp": [263.29629826758895, 122.46462030789685, 0.8379316538636327]}, "datetime": {"datetime": "2025-08-13 14:42:26", "elapsed": 17674.892233610153, "delta": 16.683043479919434}, "costs": {"total_cost": 184.3237299528323, "time_cost": 70.98, "final_distance_cost": 1.8426481267331531, "oscillation_cost": 29.920956374865177, "completition_cost": 0.0, "overshoot_cost": 49.76257603765133, "power_cost": 11.518941357421875, "noise_cost": 20.298608056160766, "n_waypoints_completed": 9, "tot_waypoints": 9}}
{"target": -196.3196996650924, "params": {"k_pid_pos": [0.6438392664403297, 0.11659806874039402, 0.28940279179684736], "k_pid_alt": [2.0, 0.0, 0.032316619145949445], "k_pid_att": [31.148610324730843, 3.1822019955328984, 0.2822141289133007], "k_pid_yaw": [0.5, 1e-06, 0.1], "k_pid_hsp": [0.2939357214760217, 0.039171354108802736, 0.0], "k_pid_vsp": [245.64340365323298, 154.43494150128643, 0.1493915328079677]}, "datetime": {"datetime": "2025-08-13 14:42:45", "elapsed": 17693.14198255539, "delta": 18.249748945236206}, "costs": {"total_cost": 196.3196996650924, "time_cost": 77.09100000000001, "final_distance_cost": 1.8434264411029346, "oscillation_cost": 26.89717365618971, "completition_cost": 0.0, "overshoot_cost": 51.68719754093146, "power_cost": 15.10621151123047, "noise_cost": 23.694690515637838, "n_waypoints_completed": 9, "tot_waypoints": 9}}
{"target": -191.8672443205347, "params": {"k_pid_pos": [0.8285558248140455, 0.03640103043888864, 0.37090754331032305], "k_pid_alt": [1.5912645770803608, 0.0, 0.012734665769074444], "k_pid_att": [53.685100913101785, 2.5884094205650183, 0.5802913672390061], "k_pid_yaw": [0.5, 1e-06, 0.1], "k_pid_hsp": [0.3937392716132558, 0.03715379465271765, 0.0], "k_pid_vsp": [400.0, 80.49198693321551, 0.07747770871898467]}, "datetime": {"datetime": "2025-08-13 14:43:03", "elapsed": 17710.991466999054, "delta": 17.84948444366455}, "costs": {"total_cost": 191.8672443205347, "time_cost": 74.669, "final_distance_cost": 1.846498128959386, "oscillation_cost": 28.0194831189644, "completition_cost": 0.0, "overshoot_cost": 51.33033713118058, "power_cost": 13.620198474121095, "noise_cost": 22.381727467309236, "n_waypoints_completed": 9, "tot_waypoints": 9}}
{"target": -196.65369000125182, "params": {"k_pid_pos": [2.0, 0.033956567800166544, 0.2942421920858335], "k_pid_alt": [1.7965257258032021, 0.0, 0.009664917665664043], "k_pid_att": [58.305628089233636, 3.034968613351952, 0.4744652545858163], "k_pid_yaw": [0.5, 1e-06, 0.1], "k_pid_hsp": [0.0971317913927352, 0.03472497989834254, 0.0], "k_pid_vsp": [289.48191707631094, 50.525592822820755, 0.10188018365612624]}, "datetime": {"datetime": "2025-08-13 14:43:20", "elapsed": 17728.375591754913, "delta": 17.384124755859375}, "costs": {"total_cost": 196.65369000125182, "time_cost": 70.504, "final_distance_cost": 1.764309837663396, "oscillation_cost": 36.370738584699595, "completition_cost": 0.0, "overshoot_cost": 52.07024393375199, "power_cost": 15.034630383300781, "noise_cost": 20.909767261836045, "n_waypoints_completed": 9, "tot_waypoints": 9}}
{"target": -192.13312878690797, "params": {"k_pid_pos": [0.8832432604792336, 0.07394087633093602, 0.42346458776479157], "k_pid_alt": [1.40025091243083, 0.0, 0.043568640223285965], "k_pid_att": [12.213283186694992, 4.799079520672859, 0.7125402293273287], "k_pid_yaw": [0.5, 1e-06, 0.1], "k_pid_hsp": [0.36577110314793354, 0.031113922987209126, 0.0], "k_pid_vsp": [383.23689339363455, 184.83332316214228, 0.15636808746092218]}, "datetime": {"datetime": "2025-08-13 14:43:38", "elapsed": 17746.041745185852, "delta": 17.66615343093872}, "costs": {"total_cost": 192.13312878690797, "time_cost": 73.241, "final_distance_cost": 1.847426209880777, "oscillation_cost": 28.48965478084153, "completition_cost": 0.0, "overshoot_cost": 50.4198012841445, "power_cost": 15.655066479492188, "noise_cost": 22.480180032548994, "n_waypoints_completed": 9, "tot_waypoints": 9}}
{"target": -187.51500774447337, "params": {"k_pid_pos": [1.270340871799087, 0.0641781912905455, 0.48615593753797465], "k_pid_alt": [1.4479607119375792, 0.0, 0.03161826763320214], "k_pid_att": [52.76985132160328, 0.34606545495642643, 0.39714741702543876], "k_pid_yaw": [0.5, 1e-06, 0.1], "k_pid_hsp": [0.44862343760774603, 0.04500203373393441, 0.0], "k_pid_vsp": [296.20754493099963, 56.51200269953022, 0.552733935078459]}, "datetime": {"datetime": "2025-08-13 14:43:55", "elapsed": 17763.960121631622, "delta": 17.918376445770264}, "costs": {"total_cost": 187.51500774447337, "time_cost": 69.965, "final_distance_cost": 1.8359320879163201, "oscillation_cost": 29.383704885532808, "completition_cost": 0.0, "overshoot_cost": 50.69972418816687, "power_cost": 14.48009111328125, "noise_cost": 21.15055546957612, "n_waypoints_completed": 9, "tot_waypoints": 9}}
{"target": -191.90788132613756, "params": {"k_pid_pos": [0.8212154329146033, 0.07847380678222611, 0.1922374338637524], "k_pid_alt": [0.6045884665341816, 0.0, 0.05100435911066381], "k_pid_att": [25.307460141215273, 5.791961802528758, 0.6589004256364633], "k_pid_yaw": [0.5, 1e-06, 0.1], "k_pid_hsp": [0.359988827229955, 0.011760586219594688, 0.0], "k_pid_vsp": [227.70147535180513, 139.73846763437587, 0.31547024089770775]}, "datetime": {"datetime": "2025-08-13 14:44:15", "elapsed": 17783.410074949265, "delta": 19.449953317642212}, "costs": {"total_cost": 191.90788132613756, "time_cost": 76.944, "final_distance_cost": 1.8399585658248734, "oscillation_cost": 27.11365260086612, "completition_cost": 0.0, "overshoot_cost": 50.590350127220354, "power_cost": 13.493168078613282, "noise_cost": 21.926751953612914, "n_waypoints_completed": 9, "tot_waypoints": 9}}
{"target": -184.64253042878326, "params": {"k_pid_pos": [1.0503972055350281, 0.07345950209222385, 0.058852546499568385], "k_pid_alt": [1.6142499226577653, 0.0, 0.018274915581746824], "k_pid_att": [10.669406575095003, 5.667507454488688, 0.10445145432610942], "k_pid_yaw": [0.5, 1e-06, 0.1], "k_pid_hsp": [0.23036125252180498, 0.035548645591983036, 0.0], "k_pid_vsp": [400.0, 149.6409268461873, 0.1456458223106983]}, "datetime": {"datetime": "2025-08-13 14:44:33", "elapsed": 17801.767907381058, "delta": 18.357832431793213}, "costs": {"total_cost": 184.64253042878326, "time_cost": 68.621, "final_distance_cost": 1.8299032461009883, "oscillation_cost": 31.85517731502423, "completition_cost": 0.0, "overshoot_cost": 49.664150569111825, "power_cost": 12.662225000000001, "noise_cost": 20.010074298546208, "n_waypoints_completed": 9, "tot_waypoints": 9}}
{"target": -209.3267152568294, "params": {"k_pid_pos": [0.6550146381160294, 0.04352237323248085, 0.3739441161279786], "k_pid_alt": [0.6260525003821518, 3.7045067069171616e-06, 0.048478741216128794], "k_pid_att": [50.6406890504781, 2.831695694241874, 1.0], "k_pid_yaw": [0.5, 1e-06, 0.1], "k_pid_hsp": [0.33247896130378535, 0.05648163848143095, 0.0], "k_pid_vsp": [334.84535275519045, 151.0781651480697, 0.36580834217367303]}, "datetime": {"datetime": "2025-08-13 14:44:55", "elapsed": 17823.07711148262, "delta": 21.3092041015625}, "costs": {"total_cost": 209.3267152568294, "time_cost": 83.31400000000001, "final_distance_cost": 1.8550303997308382, "oscillation_cost": 26.874456490195687, "completition_cost": 0.0, "overshoot_cost": 51.272482825996214, "power_cost": 19.83806864013672, "noise_cost": 26.172676900769943, "n_waypoints_completed": 9, "tot_waypoints": 9}}
{"target": -199.0377604791458, "params": {"k_pid_pos": [0.7133682183038959, 0.1055101494624826, 0.3148776830328521], "k_pid_alt": [0.8308970171478046, 0.0, 0.04964601539806538], "k_pid_att": [45.49618070955524, 7.112893762509269, 0.6915637104319644], "k_pid_yaw": [0.5, 1e-06, 0.1], "k_pid_hsp": [0.45734089359257873, 0.03573780540965852, 0.0], "k_pid_vsp": [364.8657048166613, 86.02263390594153, 0.3133051121868633]}, "datetime": {"datetime": "2025-08-13 14:45:14", "elapsed": 17842.449865818024, "delta": 19.372754335403442}, "costs": {"total_cost": 199.0377604791458, "time_cost": 79.19800000000001, "final_distance_cost": 1.843278077326498, "oscillation_cost": 27.2172976939714, "completition_cost": 0.0, "overshoot_cost": 51.51204886332003, "power_cost": 15.55666102294922, "noise_cost": 23.710474821578625, "n_waypoints_completed": 9, "tot_waypoints": 9}}
{"target": -188.22394109214324, "params": {"k_pid_pos": [1.345387365540744, 0.10301146122007176, 0.37326503870141675], "k_pid_alt": [1.2043194814566691, 0.0, 0.03222233184592215], "k_pid_att": [37.263681273094754, 1.8824963083610546, 0.7586091811526846], "k_pid_yaw": [0.5, 1e-06, 0.1], "k_pid_hsp": [0.48704890758562963, 0.058382848481529324, 0.0], "k_pid_vsp": [154.36539727133564, 133.58905206832102, 0.17264387085465802]}, "datetime": {"datetime": "2025-08-13 14:45:31", "elapsed": 17859.320476531982, "delta": 16.87061071395874}, "costs": {"total_cost": 188.22394109214324, "time_cost": 69.398, "final_distance_cost": 1.8275774535205673, "oscillation_cost": 31.0364251325829, "completition_cost": 0.0, "overshoot_cost": 49.80748582870179, "power_cost": 15.256132373046876, "noise_cost": 20.898320304291115, "n_waypoints_completed": 9, "tot_waypoints": 9}}
{"target": -197.16236475559998, "params": {"k_pid_pos": [0.7547814442365149, 0.14067029779071216, 0.24178576939541108], "k_pid_alt": [1.1157573923719504, 2.4292818979964128e-05, 0.06985341339227163], "k_pid_att": [39.2830716126054, 4.505722248890916, 0.836915463395957], "k_pid_yaw": [0.5, 1e-06, 0.1], "k_pid_hsp": [0.41737122749060473, 0.03546735126246397, 0.0], "k_pid_vsp": [194.04310336141066, 1e-06, 0.24807521583887948]}, "datetime": {"datetime": "2025-08-13 14:45:50", "elapsed": 17878.191675186157, "delta": 18.871198654174805}, "costs": {"total_cost": 197.16236475559998, "time_cost": 76.391, "final_distance_cost": 1.836687655099605, "oscillation_cost": 27.623222850982376, "completition_cost": 0.0, "overshoot_cost": 52.07540983726941, "power_cost": 16.130332458496095, "noise_cost": 23.10571195375249, "n_waypoints_completed": 9, "tot_waypoints": 9}}
{"target": -183.82685981080797, "params": {"k_pid_pos": [1.2370836091294954, 0.11654279436341812, 0.27925222040485526], "k_pid_alt": [0.8488253132442861, 0.0, 0.0469215585352906], "k_pid_att": [33.113281946668316, 3.902431759237839, 0.6079053580087446], "k_pid_yaw": [0.5, 1e-06, 0.1], "k_pid_hsp": [0.2988726803982591, 0.027405859201714733, 0.0], "k_pid_vsp": [219.99986016289236, 117.30179362121528, 0.1946173821907273]}, "datetime": {"datetime": "2025-08-13 14:46:07", "elapsed": 17895.755999565125, "delta": 17.564324378967285}, "costs": {"total_cost": 183.82685981080797, "time_cost": 70.791, "final_distance_cost": 1.8198864912112758, "oscillation_cost": 30.132338670095667, "completition_cost": 0.0, "overshoot_cost": 50.05568852648379, "power_cost": 11.221932983398439, "noise_cost": 19.80601313961882, "n_waypoints_completed": 9, "tot_waypoints": 9}}
{"target": -192.46534752440218, "params": {"k_pid_pos": [1.3043704728760461, 0.07619878596466091, 0.3931402413610778], "k_pid_alt": [1.763806688292303, 0.0, 0.040180332353878634], "k_pid_att": [57.36980581530914, 2.5396670584656262, 0.6303640388114629], "k_pid_yaw": [0.5, 1e-06, 0.1], "k_pid_hsp": [0.3432297900192703, 0.027893328872012218, 0.0], "k_pid_vsp": [248.1734637221297, 108.930266813075, 0.32507179566164934]}, "datetime": {"datetime": "2025-08-13 14:46:25", "elapsed": 17913.000025510788, "delta": 17.244025945663452}, "costs": {"total_cost": 192.46534752440218, "time_cost": 69.895, "final_distance_cost": 1.8296560166763354, "oscillation_cost": 29.42079400991417, "completition_cost": 0.0, "overshoot_cost": 50.72196480260891, "power_cost": 18.626058520507815, "noise_cost": 21.97187417469493, "n_waypoints_completed": 9, "tot_waypoints": 9}}
{"target": -1235.1188572084177, "params": {"k_pid_pos": [0.7141481068601488, 0.055104355341550705, 0.2236830469754443], "k_pid_alt": [1.1828645073558859, 0.0, 0.04313416128838932], "k_pid_att": [48.51644860415856, 2.5984305670316834, 1.0], "k_pid_yaw": [0.5, 1e-06, 0.1], "k_pid_hsp": [0.0001, 0.04486410242302084, 0.0], "k_pid_vsp": [400.0, 64.28489718139546, 0.10593198782206832]}, "datetime": {"datetime": "2025-08-13 14:46:53", "elapsed": 17941.80481982231, "delta": 28.804794311523438}, "costs": {"total_cost": 1235.1188572084177, "time_cost": 150, "final_distance_cost": 97.12318980881453, "oscillation_cost": 33.536188178440426, "completition_cost": 777.7777777777778, "overshoot_cost": 100.78871154497588, "power_cost": 39.48644025878907, "noise_cost": 36.406549639619705, "n_waypoints_completed": 2, "tot_waypoints": 9}}
{"target": -3945.7623932499278, "params": {"k_pid_pos": [1.0425998952456765, 0.11133048946189278, 0.5192158354125934], "k_pid_alt": [0.8976866808138828, 0.0, 0.044395147703448455], "k_pid_att": [0.0, 7.703114063429715, 1.0], "k_pid_yaw": [0.5, 1e-06, 0.1], "k_pid_hsp": [0.7232375372014067, 0.04666547573631922, 0.0], "k_pid_vsp": [298.4956012648993, 105.70185680129572, 0.1617323943174684]}, "datetime": {"datetime": "2025-08-13 14:47:22", "elapsed": 17970.970500469208, "delta": 29.165680646896362}, "costs": {"total_cost": 3945.7623932499278, "time_cost": 150, "final_distance_cost": 247.7356991130407, "oscillation_cost": 1522.9995404322624, "completition_cost": 1000.0, "overshoot_cost": 811.6294422052397, "power_cost": 53.36210054931641, "noise_cost": 160.0356109500687, "n_waypoints_completed": 0, "tot_waypoints": 9}}
{"target": -180.54175011591548, "params": {"k_pid_pos": [1.4739992745239687, 0.05755062001160754, 0.5008586717466604], "k_pid_alt": [1.0104642878381465, 0.0, 0.011078621944590307], "k_pid_att": [5.016826832713787, 3.537087415284559, 0.7307012578427564], "k_pid_yaw": [0.5, 1e-06, 0.1], "k_pid_hsp": [0.1855276318921989, 0.02385704867975341, 0.0], "k_pid_vsp": [396.9384864061952, 154.87366934257344, 0.2387262835332141]}, "datetime": {"datetime": "2025-08-13 14:47:39", "elapsed": 17987.510578155518, "delta": 16.540077686309814}, "costs": {"total_cost": 180.54175011591548, "time_cost": 69.265, "final_distance_cost": 1.82145298131917, "oscillation_cost": 32.05663652133608, "completition_cost": 0.0, "overshoot_cost": 49.49433953812416, "power_cost": 9.256606372070314, "noise_cost": 18.647714703065763, "n_waypoints_completed": 9, "tot_waypoints": 9}}
