{"target": -211.22337919808513, "params": {"k_pid_pos": [1.5218343799754537, 0.046628084812264804, 0.11317724083600857], "k_pid_alt": [0.4410353468177474, 0.007108412699477592, 0.06618784082659508], "k_pid_att": [46.29138688778128, 9.72869689755642, 1.0], "k_pid_yaw": [0.5, 1e-06, 0.1], "k_pid_hsp": [0.16924217886243642, 0.0643376778939912, 0.0], "k_pid_vsp": [105.78362982332233, 68.27129589717752, 0.40991867813266475]}, "datetime": {"datetime": "2025-08-13 13:41:08", "elapsed": 13996.34037899971, "delta": 20.392640590667725}, "costs": {"total_cost": 211.22337919808513, "time_cost": 77.931, "final_distance_cost": 1.8341153015871907, "oscillation_cost": 40.371424488714545, "completition_cost": 0.0, "overshoot_cost": 50.33551177423856, "power_cost": 17.470506616210937, "noise_cost": 23.2808210173339, "n_waypoints_completed": 9, "tot_waypoints": 9}}
{"target": -190.0497695009236, "params": {"k_pid_pos": [1.4475487892878842, 0.10980670625499656, 0.1834878571016929], "k_pid_alt": [2.0, 0.005865050854440525, 0.05093530472070399], "k_pid_att": [20.905492693643815, 4.0456044800785085, 0.440405533346673], "k_pid_yaw": [0.5, 1e-06, 0.1], "k_pid_hsp": [1.458230248108884, 0.08688563558864108, 0.0], "k_pid_vsp": [209.0986895680197, 307.66901460668737, 0.5087812434136059]}, "datetime": {"datetime": "2025-08-13 13:41:25", "elapsed": 14013.95533823967, "delta": 17.614959239959717}, "costs": {"total_cost": 190.0497695009236, "time_cost": 68.901, "final_distance_cost": 1.8218772211123457, "oscillation_cost": 32.76643962673793, "completition_cost": 0.0, "overshoot_cost": 50.35471440799034, "power_cost": 15.714374462890627, "noise_cost": 20.491363782192362, "n_waypoints_completed": 9, "tot_waypoints": 9}}
{"target": -197.25762619401635, "params": {"k_pid_pos": [1.2752362040153598, 0.22144610413179086, 0.2910959825421248], "k_pid_alt": [1.0479802566921073, 0.00310605542718616, 0.052287886032150926], "k_pid_att": [16.801828857419594, 4.767255356539865, 0.4747563919786753], "k_pid_yaw": [0.5, 1e-06, 0.1], "k_pid_hsp": [1.3313973697997923, 0.0615241131660198, 0.0], "k_pid_vsp": [160.3671810851678, 232.56524240406875, 0.04815874086753195]}, "datetime": {"datetime": "2025-08-13 13:41:44", "elapsed": 14032.729654788971, "delta": 18.774316549301147}, "costs": {"total_cost": 197.25762619401635, "time_cost": 71.113, "final_distance_cost": 1.8047500791783186, "oscillation_cost": 33.53610492575829, "completition_cost": 0.0, "overshoot_cost": 50.91986816988483, "power_cost": 18.058217541503907, "noise_cost": 21.825685477691003, "n_waypoints_completed": 9, "tot_waypoints": 9}}
{"target": -199.90814412667766, "params": {"k_pid_pos": [1.931997336372694, 0.14794333023338266, 0.23540278041885798], "k_pid_alt": [1.1252785755635746, 0.0, 0.009240471900035635], "k_pid_att": [29.137620384903382, 5.678870230413467, 1.0], "k_pid_yaw": [0.5, 1e-06, 0.1], "k_pid_hsp": [0.14536852227940153, 0.04132291453453881, 0.0], "k_pid_vsp": [278.4975080280099, 171.6139638287731, 0.5399156933574648]}, "datetime": {"datetime": "2025-08-13 13:42:03", "elapsed": 14051.11973643303, "delta": 18.390081644058228}, "costs": {"total_cost": 199.90814412667766, "time_cost": 72.758, "final_distance_cost": 1.8028255646667337, "oscillation_cost": 37.74324333214811, "completition_cost": 0.0, "overshoot_cost": 50.68790133912382, "power_cost": 15.623535424804688, "noise_cost": 21.292638465934328, "n_waypoints_completed": 9, "tot_waypoints": 9}}
{"target": -192.8055533920888, "params": {"k_pid_pos": [1.0374099462678494, 0.14219937241048, 0.3219595125991784], "k_pid_alt": [2.0, 0.006666572079085181, 0.025185768195274228], "k_pid_att": [28.214890942327912, 5.462505552245596, 0.8781982993586185], "k_pid_yaw": [0.5, 1e-06, 0.1], "k_pid_hsp": [0.8865379312013139, 0.00856647199287761, 0.0], "k_pid_vsp": [166.03531804220938, 248.16795807594607, 0.1231741253232589]}, "datetime": {"datetime": "2025-08-13 13:42:22", "elapsed": 14070.960612297058, "delta": 19.84087586402893}, "costs": {"total_cost": 192.8055533920888, "time_cost": 70.819, "final_distance_cost": 1.8426804122769118, "oscillation_cost": 30.548257974403825, "completition_cost": 0.0, "overshoot_cost": 51.21103600935396, "power_cost": 16.369543920898437, "noise_cost": 22.01503507515567, "n_waypoints_completed": 9, "tot_waypoints": 9}}
{"target": -181.27114263486487, "params": {"k_pid_pos": [0.9015206687978393, 0.11520807567349511, 0.24211616709515313], "k_pid_alt": [1.37595019105545, 0.0, 0.0501256579251369], "k_pid_att": [36.198556114414096, 5.114619361405317, 0.5259795346280246], "k_pid_yaw": [0.5, 1e-06, 0.1], "k_pid_hsp": [0.5603957120409503, 0.04175741207589293, 0.0], "k_pid_vsp": [307.29414728496675, 148.42777956780452, 0.0423749070829452]}, "datetime": {"datetime": "2025-08-13 13:42:42", "elapsed": 14090.411345481873, "delta": 19.450733184814453}, "costs": {"total_cost": 181.27114263486487, "time_cost": 71.281, "final_distance_cost": 1.8320457911250378, "oscillation_cost": 28.503979876745618, "completition_cost": 0.0, "overshoot_cost": 50.43741687278347, "power_cost": 9.345768981933594, "noise_cost": 19.87093111227715, "n_waypoints_completed": 9, "tot_waypoints": 9}}
{"target": -187.64290010367858, "params": {"k_pid_pos": [2.0, 0.13176580010846803, 0.1538972962890839], "k_pid_alt": [2.0, 0.01042608168878364, 0.022660412935881873], "k_pid_att": [27.919340351118205, 6.440180132664277, 1.0], "k_pid_yaw": [0.5, 1e-06, 0.1], "k_pid_hsp": [0.511355162899629, 0.04049723816871017, 0.0], "k_pid_vsp": [400.0, 247.51866633117285, 0.4026462153866362]}, "datetime": {"datetime": "2025-08-13 13:43:01", "elapsed": 14109.171877622604, "delta": 18.76053214073181}, "costs": {"total_cost": 187.64290010367858, "time_cost": 68.586, "final_distance_cost": 1.7652027769360634, "oscillation_cost": 36.39475248967287, "completition_cost": 0.0, "overshoot_cost": 50.26060867209042, "power_cost": 11.517021411132813, "noise_cost": 19.119314753846435, "n_waypoints_completed": 9, "tot_waypoints": 9}}
{"target": -187.75411516673873, "params": {"k_pid_pos": [2.0, 0.10464585061140409, 0.32637270658773226], "k_pid_alt": [1.4693964228699503, 0.0, 0.055883365471289775], "k_pid_att": [13.255612025729059, 7.7314094482212115, 0.39692233721555503], "k_pid_yaw": [0.5, 1e-06, 0.1], "k_pid_hsp": [0.6681192788901725, 0.05103661875876009, 0.0], "k_pid_vsp": [139.32551104052675, 400.0, 0.2809435871703345]}, "datetime": {"datetime": "2025-08-13 13:43:18", "elapsed": 14126.703048944473, "delta": 17.531171321868896}, "costs": {"total_cost": 187.75411516673873, "time_cost": 67.935, "final_distance_cost": 1.7876467558572626, "oscillation_cost": 36.87692814344886, "completition_cost": 0.0, "overshoot_cost": 49.67537107071524, "power_cost": 12.325008239746094, "noise_cost": 19.154160956971243, "n_waypoints_completed": 9, "tot_waypoints": 9}}
{"target": -200.43851093391953, "params": {"k_pid_pos": [0.9603754242206354, 0.12578438036348125, 0.22161538185189733], "k_pid_alt": [1.8518233864114875, 0.006134819192687314, 0.04728569372039635], "k_pid_att": [11.722257711813965, 4.937820817372234, 0.9070096032181892], "k_pid_yaw": [0.5, 1e-06, 0.1], "k_pid_hsp": [1.6254138628595658, 0.05593954842024079, 0.0], "k_pid_vsp": [158.05610555198916, 125.88595261662657, 0.3063301821401524]}, "datetime": {"datetime": "2025-08-13 13:43:37", "elapsed": 14145.609685182571, "delta": 18.906636238098145}, "costs": {"total_cost": 200.43851093391953, "time_cost": 71.008, "final_distance_cost": 1.830876247442507, "oscillation_cost": 34.079732101356356, "completition_cost": 0.0, "overshoot_cost": 51.10864735277335, "power_cost": 19.805000842285157, "noise_cost": 22.606254390062155, "n_waypoints_completed": 9, "tot_waypoints": 9}}
{"target": -187.322963904507, "params": {"k_pid_pos": [1.5624002852470245, 0.04366320160302026, 0.1509749108196313], "k_pid_alt": [1.158719535681503, 0.004133550268535538, 0.028965738942988744], "k_pid_att": [12.990567306333105, 9.948851511074208, 0.4527874806699614], "k_pid_yaw": [0.5, 1e-06, 0.1], "k_pid_hsp": [1.2902445009458814, 0.04663997748529284, 0.0], "k_pid_vsp": [169.79186580589607, 196.3609456378822, 1e-06]}, "datetime": {"datetime": "2025-08-13 13:43:55", "elapsed": 14163.294577360153, "delta": 17.684892177581787}, "costs": {"total_cost": 187.322963904507, "time_cost": 68.208, "final_distance_cost": 1.7868279360126487, "oscillation_cost": 35.90349478229949, "completition_cost": 0.0, "overshoot_cost": 49.51997023536439, "power_cost": 12.468082092285156, "noise_cost": 19.436588858545306, "n_waypoints_completed": 9, "tot_waypoints": 9}}
{"target": -211.31832764851623, "params": {"k_pid_pos": [2.0, 0.10673554478039461, 0.2567885494398237], "k_pid_alt": [0.424567829539356, 0.00565277544835839, 0.05841731521678071], "k_pid_att": [48.17612530980881, 3.2124328575771517, 1.0], "k_pid_yaw": [0.5, 1e-06, 0.1], "k_pid_hsp": [1.3573150305429584, 0.06944327953613832, 0.0], "k_pid_vsp": [347.72920073969027, 150.67113112844743, 0.3343551522172706]}, "datetime": {"datetime": "2025-08-13 13:44:15", "elapsed": 14183.955636501312, "delta": 20.661059141159058}, "costs": {"total_cost": 211.31832764851623, "time_cost": 78.519, "final_distance_cost": 1.8341009154519423, "oscillation_cost": 42.04424440487895, "completition_cost": 0.0, "overshoot_cost": 50.69344903308329, "power_cost": 15.388634326171875, "noise_cost": 22.838898968930156, "n_waypoints_completed": 9, "tot_waypoints": 9}}
{"target": -187.48951356115003, "params": {"k_pid_pos": [1.2111059597720153, 0.15110380257443023, 0.23204593549720287], "k_pid_alt": [1.711581170756201, 0.009047419230759893, 0.049435724942576864], "k_pid_att": [46.76325856713036, 4.453281417024588, 0.7309395672544263], "k_pid_yaw": [0.5, 1e-06, 0.1], "k_pid_hsp": [0.8246571503607103, 0.05144925079659033, 0.0], "k_pid_vsp": [182.40958335061907, 233.70939066712526, 0.2900942749319875]}, "datetime": {"datetime": "2025-08-13 13:44:33", "elapsed": 14201.28853559494, "delta": 17.33289909362793}, "costs": {"total_cost": 187.48951356115003, "time_cost": 69.139, "final_distance_cost": 1.824610807778835, "oscillation_cost": 32.414706749557006, "completition_cost": 0.0, "overshoot_cost": 50.15165223177001, "power_cost": 13.420265197753906, "noise_cost": 20.539278574290282, "n_waypoints_completed": 9, "tot_waypoints": 9}}
{"target": -186.6471883837299, "params": {"k_pid_pos": [1.3433278180050052, 0.028633750380482565, 0.19786213782368767], "k_pid_alt": [0.8206371655329585, 0.0064274146970334485, 0.04564107997105989], "k_pid_att": [14.277546643998415, 2.8152026730100297, 0.9010672593836807], "k_pid_yaw": [0.5, 1e-06, 0.1], "k_pid_hsp": [0.6983247818901024, 0.06374823042428925, 0.0], "k_pid_vsp": [287.31255337369447, 136.73534664478285, 0.20422111245799077]}, "datetime": {"datetime": "2025-08-13 13:44:51", "elapsed": 14219.153383493423, "delta": 17.864847898483276}, "costs": {"total_cost": 186.6471883837299, "time_cost": 69.51, "final_distance_cost": 1.8326914391930356, "oscillation_cost": 32.07158949342622, "completition_cost": 0.0, "overshoot_cost": 49.73747345656734, "power_cost": 13.3283849609375, "noise_cost": 20.1670490336058, "n_waypoints_completed": 9, "tot_waypoints": 9}}
{"target": -184.95073895970998, "params": {"k_pid_pos": [1.1300409941639606, 0.10958260719940549, 0.25878115853136724], "k_pid_alt": [2.0, 0.00402229255249558, 0.016320463469259406], "k_pid_att": [30.480612980938805, 9.718480717268426, 1.0], "k_pid_yaw": [0.5, 1e-06, 0.1], "k_pid_hsp": [0.6159791728997784, 0.0318519045061707, 0.0], "k_pid_vsp": [155.30164931880924, 158.58605099416886, 0.2582566538972996]}, "datetime": {"datetime": "2025-08-13 13:45:09", "elapsed": 14237.117038965225, "delta": 17.963655471801758}, "costs": {"total_cost": 184.95073895970998, "time_cost": 69.615, "final_distance_cost": 1.826159820417174, "oscillation_cost": 30.388917413730546, "completition_cost": 0.0, "overshoot_cost": 50.4135715070257, "power_cost": 12.51049403076172, "noise_cost": 20.196596187774837, "n_waypoints_completed": 9, "tot_waypoints": 9}}
{"target": -1280.0167124314964, "params": {"k_pid_pos": [1.0155135025062672, 0.1427008649235958, 0.24538038861279965], "k_pid_alt": [2.0, 0.007490570312996923, 0.038919613272637425], "k_pid_att": [38.739892745488284, 6.815121408555457, 0.8564066901431554], "k_pid_yaw": [0.5, 1e-06, 0.1], "k_pid_hsp": [0.0001, 0.07628995636789397, 0.0], "k_pid_vsp": [212.51578153864546, 80.80462482730722, 0.45625580015795775]}, "datetime": {"datetime": "2025-08-13 13:45:39", "elapsed": 14267.923274993896, "delta": 30.806236028671265}, "costs": {"total_cost": 1280.0167124314964, "time_cost": 150, "final_distance_cost": 92.71827097583495, "oscillation_cost": 78.1449912990286, "completition_cost": 777.7777777777778, "overshoot_cost": 113.44635816746748, "power_cost": 32.592019140625, "noise_cost": 35.337295070762444, "n_waypoints_completed": 2, "tot_waypoints": 9}}
{"target": -202.02339033807206, "params": {"k_pid_pos": [1.7769868864728091, 0.14133952740564926, 0.22075392559130633], "k_pid_alt": [1.149687242408601, 0.004568829684644952, 0.029602755396176544], "k_pid_att": [18.52210306560095, 4.3355669132811805, 0.4840868597502625], "k_pid_yaw": [0.5, 1e-06, 0.1], "k_pid_hsp": [1.4094264488394443, 0.037827577665710245, 0.0], "k_pid_vsp": [251.06257459677815, 1e-06, 0.12393550496760973]}, "datetime": {"datetime": "2025-08-13 13:45:58", "elapsed": 14285.993694782257, "delta": 18.070419788360596}, "costs": {"total_cost": 202.02339033807206, "time_cost": 71.057, "final_distance_cost": 1.7778081189778094, "oscillation_cost": 36.37255414320803, "completition_cost": 0.0, "overshoot_cost": 51.381944612426366, "power_cost": 19.154957775878906, "noise_cost": 22.279125687580954, "n_waypoints_completed": 9, "tot_waypoints": 9}}
{"target": -191.24813330996142, "params": {"k_pid_pos": [2.0, 0.08422071184499674, 0.25630375345775275], "k_pid_alt": [1.791995682320601, 0.0, 0.03968609285436131], "k_pid_att": [31.82060899268292, 6.867334748629265, 1.0], "k_pid_yaw": [0.5, 1e-06, 0.1], "k_pid_hsp": [1.5021057627265175, 0.06426965386208786, 0.0], "k_pid_vsp": [231.89831822938947, 154.46302986229014, 0.302789326769727]}, "datetime": {"datetime": "2025-08-13 13:46:15", "elapsed": 14303.266087532043, "delta": 17.272392749786377}, "costs": {"total_cost": 191.24813330996142, "time_cost": 68.089, "final_distance_cost": 1.7662677688930393, "oscillation_cost": 37.62986023081878, "completition_cost": 0.0, "overshoot_cost": 50.16769617459544, "power_cost": 13.7798205078125, "noise_cost": 19.815488627841667, "n_waypoints_completed": 9, "tot_waypoints": 9}}
{"target": -188.9366522634629, "params": {"k_pid_pos": [1.9462915947380977, 0.03991520880771876, 0.3468146971438755], "k_pid_alt": [0.7459121887946303, 0.00554127711442991, 0.00336535070613694], "k_pid_att": [9.905057243192614, 4.191542861016255, 0.8239581206692734], "k_pid_yaw": [0.5, 1e-06, 0.1], "k_pid_hsp": [0.3593464381275369, 0.04953523279692329, 0.0], "k_pid_vsp": [400.0, 126.07339678382725, 0.019806208020408805]}, "datetime": {"datetime": "2025-08-13 13:46:33", "elapsed": 14321.084048748016, "delta": 17.8179612159729}, "costs": {"total_cost": 188.9366522634629, "time_cost": 69.762, "final_distance_cost": 1.7836417187633813, "oscillation_cost": 35.46030093170592, "completition_cost": 0.0, "overshoot_cost": 49.995312301604635, "power_cost": 12.373541992187501, "noise_cost": 19.561855319201435, "n_waypoints_completed": 9, "tot_waypoints": 9}}
{"target": -187.12171568489603, "params": {"k_pid_pos": [1.749753851194179, 0.1350316171800382, 0.27322295191607626], "k_pid_alt": [2.0, 0.0, 0.029492915331474013], "k_pid_att": [30.852003370631824, 3.991354976357453, 0.8138747720282891], "k_pid_yaw": [0.5, 1e-06, 0.1], "k_pid_hsp": [0.3347229670142921, 0.04438226494200698, 0.0], "k_pid_vsp": [304.0538089448262, 194.45721470914384, 0.4631777555202152]}, "datetime": {"datetime": "2025-08-13 13:46:49", "elapsed": 14337.57476568222, "delta": 16.4907169342041}, "costs": {"total_cost": 187.12171568489603, "time_cost": 68.516, "final_distance_cost": 1.783319755665739, "oscillation_cost": 33.11411430387542, "completition_cost": 0.0, "overshoot_cost": 50.08304030271139, "power_cost": 13.741143762207033, "noise_cost": 19.88409756043642, "n_waypoints_completed": 9, "tot_waypoints": 9}}
{"target": -183.58816989658652, "params": {"k_pid_pos": [1.3341195816686762, 0.02335353733525929, 0.2895319112608516], "k_pid_alt": [1.143210462692462, 0.0027404760304108717, 0.03276318087585097], "k_pid_att": [22.51457933301757, 5.091756224456954, 0.9475307421414197], "k_pid_yaw": [0.5, 1e-06, 0.1], "k_pid_hsp": [0.16365409541905204, 0.036342513361182764, 0.0], "k_pid_vsp": [368.28153580168373, 385.0587595251047, 1e-06]}, "datetime": {"datetime": "2025-08-13 13:47:08", "elapsed": 14356.712450504303, "delta": 19.13768482208252}, "costs": {"total_cost": 183.58816989658652, "time_cost": 68.929, "final_distance_cost": 1.829611503338648, "oscillation_cost": 31.755363064741587, "completition_cost": 0.0, "overshoot_cost": 49.73235873072201, "power_cost": 11.864389038085939, "noise_cost": 19.477447559698337, "n_waypoints_completed": 9, "tot_waypoints": 9}}
{"target": -538.9035621842255, "params": {"k_pid_pos": [1.9149607884336752, 0.1224805630205641, 0.0389956549242948], "k_pid_alt": [1.217359853520106, 0.015800342769451324, 0.04232314397682695], "k_pid_att": [39.79574876661196, 6.374194661305928, 0.8928671288362581], "k_pid_yaw": [0.5, 1e-06, 0.1], "k_pid_hsp": [0.05561317522757451, 0.025513536483299928, 0.0], "k_pid_vsp": [175.84618798071187, 242.02546403271478, 1e-06]}, "datetime": {"datetime": "2025-08-13 13:47:44", "elapsed": 14392.49682188034, "delta": 35.7843713760376}, "costs": {"total_cost": 538.9035621842255, "time_cost": 150, "final_distance_cost": 23.205244815153186, "oscillation_cost": 61.848888576175234, "completition_cost": 111.11111111111116, "overshoot_cost": 79.01137847972755, "power_cost": 46.939252331542974, "noise_cost": 66.78768687051537, "n_waypoints_completed": 8, "tot_waypoints": 9}}
{"target": -198.52989155990937, "params": {"k_pid_pos": [0.3899997343515726, 0.17606121830966096, 0.08518585964729608], "k_pid_alt": [1.594335690132788, 0.005171289668595899, 0.050113204806365046], "k_pid_att": [26.82201421764545, 6.691493446734125, 1.0], "k_pid_yaw": [0.5, 1e-06, 0.1], "k_pid_hsp": [0.3417658491121161, 0.04561957072783147, 0.0], "k_pid_vsp": [200.37817710647428, 168.97843232166406, 0.31140347156111114]}, "datetime": {"datetime": "2025-08-13 13:48:08", "elapsed": 14416.420197725296, "delta": 23.923375844955444}, "costs": {"total_cost": 198.52989155990937, "time_cost": 82.173, "final_distance_cost": 1.8317732069734702, "oscillation_cost": 25.333341109653496, "completition_cost": 0.0, "overshoot_cost": 51.54841390496237, "power_cost": 13.443114306640625, "noise_cost": 24.200249031679387, "n_waypoints_completed": 9, "tot_waypoints": 9}}
{"target": -193.82443758101417, "params": {"k_pid_pos": [1.8300245289718553, 0.08604637904275914, 0.31445796938307985], "k_pid_alt": [2.0, 0.0, 0.0521171512226232], "k_pid_att": [15.339645265879383, 4.199760113936979, 0.7313178064187259], "k_pid_yaw": [0.5, 1e-06, 0.1], "k_pid_hsp": [0.46128962102158416, 0.061953140563579846, 0.0], "k_pid_vsp": [391.6434047968221, 193.9954066902632, 0.22533897010933393]}, "datetime": {"datetime": "2025-08-13 13:48:27", "elapsed": 14435.252995967865, "delta": 18.83279824256897}, "costs": {"total_cost": 193.82443758101417, "time_cost": 69.356, "final_distance_cost": 1.7808790467797713, "oscillation_cost": 32.88098189238456, "completition_cost": 0.0, "overshoot_cost": 50.98628241168747, "power_cost": 17.745666992187502, "noise_cost": 21.074627237974873, "n_waypoints_completed": 9, "tot_waypoints": 9}}
{"target": -1238.988000695995, "params": {"k_pid_pos": [1.6184376189267542, 0.17289980578390077, 0.3155099452326106], "k_pid_alt": [1.8731441087396619, 0.015463370524637315, 0.04742173339715098], "k_pid_att": [32.481782731414675, 7.6465643361872395, 0.877929165461507], "k_pid_yaw": [0.5, 1e-06, 0.1], "k_pid_hsp": [0.0001, 0.06295963194064953, 0.0], "k_pid_vsp": [215.41734513925337, 80.20353944742956, 0.2571260611349666]}, "datetime": {"datetime": "2025-08-13 13:48:57", "elapsed": 14465.545189619064, "delta": 30.29219365119934}, "costs": {"total_cost": 1238.988000695995, "time_cost": 150, "final_distance_cost": 94.38298435284972, "oscillation_cost": 53.8279502531679, "completition_cost": 777.7777777777778, "overshoot_cost": 111.19365388855292, "power_cost": 19.528109985351563, "noise_cost": 32.277524438294925, "n_waypoints_completed": 2, "tot_waypoints": 9}}
{"target": -187.61456678852716, "params": {"k_pid_pos": [0.9212979256606303, 0.08658668793533886, 0.23616735089099591], "k_pid_alt": [1.7656189658026278, 0.012021335057829095, 0.057245446928327115], "k_pid_att": [31.358626212355745, 6.422494718149028, 0.8764896803338864], "k_pid_yaw": [0.5, 1e-06, 0.1], "k_pid_hsp": [0.635868623971065, 0.05766084641648436, 0.0], "k_pid_vsp": [284.7599144926198, 1e-06, 0.1661954284994588]}, "datetime": {"datetime": "2025-08-13 13:49:16", "elapsed": 14484.624675512314, "delta": 19.07948589324951}, "costs": {"total_cost": 187.61456678852716, "time_cost": 71.44200000000001, "final_distance_cost": 1.8398660450583755, "oscillation_cost": 28.396285810017265, "completition_cost": 0.0, "overshoot_cost": 51.21436122820649, "power_cost": 13.128769934082031, "noise_cost": 21.593283771162977, "n_waypoints_completed": 9, "tot_waypoints": 9}}
