{"target": -179.14582309111393, "params": {"k_pid_pos": [0.8933249522300676, 0.052843138805985866, 0.28750072173786245], "k_pid_alt": [1.4625276095806778, 0.0, 0.025302430910832775], "k_pid_att": [9.750384540268648, 4.2020013120495365, 0.7239704838932549], "k_pid_yaw": [0.5, 1e-06, 0.1], "k_pid_hsp": [0.21356079339323575, 0.01025830819185493, 0.0], "k_pid_vsp": [241.85729009678303, 124.27347647680854, 0.17927992439344884]}, "datetime": {"datetime": "2025-08-13 22:53:32", "elapsed": 47140.473974227905, "delta": 17.76824140548706}, "costs": {"total_cost": 179.14582309111393, "time_cost": 70.58800000000001, "final_distance_cost": 1.8454687545873891, "oscillation_cost": 27.09614094059356, "completition_cost": 0.0, "overshoot_cost": 50.31739269994064, "power_cost": 9.542417321777345, "noise_cost": 19.756403374214997, "n_waypoints_completed": 9, "tot_waypoints": 9}}
{"target": -179.60524827115438, "params": {"k_pid_pos": [0.9349962076599757, 0.05212926245815375, 0.29510816623459046], "k_pid_alt": [1.8760743536717603, 0.0, 0.021469710126356747], "k_pid_att": [9.72557342107933, 3.8280612630710706, 0.7372146121077633], "k_pid_yaw": [0.5, 1e-06, 0.1], "k_pid_hsp": [0.20084999822474114, 0.010468958307799125, 0.0], "k_pid_vsp": [263.1897294334762, 147.14677463465867, 0.19800534266783973]}, "datetime": {"datetime": "2025-08-13 22:53:50", "elapsed": 47158.6195704937, "delta": 18.145596265792847}, "costs": {"total_cost": 179.60524827115438, "time_cost": 69.699, "final_distance_cost": 1.8330519575057702, "oscillation_cost": 27.161080281236817, "completition_cost": 0.0, "overshoot_cost": 50.295735057806816, "power_cost": 10.762492224121095, "noise_cost": 19.853888750483854, "n_waypoints_completed": 9, "tot_waypoints": 9}}
{"target": -192.4620082708626, "params": {"k_pid_pos": [0.9436164511536577, 0.04727782738660161, 0.31128914107714367], "k_pid_alt": [1.4489886489403068, 0.0, 0.024402607088547548], "k_pid_att": [8.297327312681329, 3.093962291546635, 0.5964347808630722], "k_pid_yaw": [0.5, 1e-06, 0.1], "k_pid_hsp": [0.22283198747282926, 0.010442501179577205, 0.0], "k_pid_vsp": [256.3713362728078, 137.6818729488733, 0.16805948524302675]}, "datetime": {"datetime": "2025-08-13 22:54:08", "elapsed": 47176.79401230812, "delta": 18.174441814422607}, "costs": {"total_cost": 192.4620082708626, "time_cost": 70.812, "final_distance_cost": 1.834154311718646, "oscillation_cost": 27.347274917661032, "completition_cost": 0.0, "overshoot_cost": 50.53241515440507, "power_cost": 19.458435461425783, "noise_cost": 22.477728425652096, "n_waypoints_completed": 9, "tot_waypoints": 9}}
{"target": -180.05727678379964, "params": {"k_pid_pos": [1.2077461241973397, 0.049139428126574215, 0.29060736988277275], "k_pid_alt": [1.2402526218980745, 0.0, 0.023365997351782037], "k_pid_att": [8.717703738501452, 3.7358226795383267, 0.6383223767277625], "k_pid_yaw": [0.5, 1e-06, 0.1], "k_pid_hsp": [0.17592447974985892, 0.010911106006503926, 0.0], "k_pid_vsp": [289.8470198232261, 124.36283055906308, 0.16863925905998786]}, "datetime": {"datetime": "2025-08-13 22:54:25", "elapsed": 47193.66085314751, "delta": 16.866840839385986}, "costs": {"total_cost": 180.05727678379964, "time_cost": 68.929, "final_distance_cost": 1.822944242974094, "oscillation_cost": 29.550707372717067, "completition_cost": 0.0, "overshoot_cost": 49.87048459346007, "power_cost": 10.602030505371093, "noise_cost": 19.282110069277305, "n_waypoints_completed": 9, "tot_waypoints": 9}}
{"target": -201.32674950903908, "params": {"k_pid_pos": [0.9015081381695221, 0.05104906196607623, 0.25156780439404436], "k_pid_alt": [1.5314749304790791, 0.0, 0.02198875721274394], "k_pid_att": [9.319654059582142, 4.3010360380560675, 0.6388586995643178], "k_pid_yaw": [0.5, 1e-06, 0.1], "k_pid_hsp": [0.19890942364379516, 0.010571354781436565, 0.0], "k_pid_vsp": [262.8835159234489, 115.61940684222328, 0.17533593470495026]}, "datetime": {"datetime": "2025-08-13 22:54:44", "elapsed": 47212.54142284393, "delta": 18.88056969642639}, "costs": {"total_cost": 201.32674950903908, "time_cost": 71.575, "final_distance_cost": 1.8382671075080625, "oscillation_cost": 28.53689929467476, "completition_cost": 0.0, "overshoot_cost": 51.574767691307954, "power_cost": 23.83392525634766, "noise_cost": 23.96789015920063, "n_waypoints_completed": 9, "tot_waypoints": 9}}
{"target": -195.44007821554771, "params": {"k_pid_pos": [0.8675216431027404, 0.04624438385466954, 0.35749753465204837], "k_pid_alt": [1.7217175310285568, 0.0, 0.024350126091140744], "k_pid_att": [9.420409148701752, 4.15771201038877, 0.5295476887153555], "k_pid_yaw": [0.5, 1e-06, 0.1], "k_pid_hsp": [0.2097793213211739, 0.01112261171117552, 0.0], "k_pid_vsp": [287.46001883223386, 116.21215682727707, 0.16293312235010748]}, "datetime": {"datetime": "2025-08-13 22:55:01", "elapsed": 47229.50684952736, "delta": 16.965426683425903}, "costs": {"total_cost": 195.44007821554771, "time_cost": 72.254, "final_distance_cost": 1.8477578935833678, "oscillation_cost": 27.330223466837822, "completition_cost": 0.0, "overshoot_cost": 50.97352063962711, "power_cost": 19.717698852539062, "noise_cost": 23.316877362960344, "n_waypoints_completed": 9, "tot_waypoints": 9}}
{"target": -178.72067089097544, "params": {"k_pid_pos": [1.0621329271018496, 0.049141423088052784, 0.2992171017973216], "k_pid_alt": [1.6690816402678053, 0.0, 0.022439850827522766], "k_pid_att": [10.594157843803485, 4.028886968031933, 0.6055458814725888], "k_pid_yaw": [0.5, 1e-06, 0.1], "k_pid_hsp": [0.19253682678356054, 0.012176043376004331, 0.0], "k_pid_vsp": [284.5923146143272, 126.0205318152101, 0.1556853258746419]}, "datetime": {"datetime": "2025-08-13 22:55:19", "elapsed": 47247.16482067108, "delta": 17.657971143722534}, "costs": {"total_cost": 178.72067089097544, "time_cost": 68.936, "final_distance_cost": 1.8329796905560756, "oscillation_cost": 27.97912411106066, "completition_cost": 0.0, "overshoot_cost": 49.78656545007544, "power_cost": 10.68056971435547, "noise_cost": 19.505431924927777, "n_waypoints_completed": 9, "tot_waypoints": 9}}
{"target": -195.80540524032554, "params": {"k_pid_pos": [0.9518267883964112, 0.04106994129234115, 0.3166222237342462], "k_pid_alt": [1.6023728114741207, 0.0, 0.021131177971681365], "k_pid_att": [8.481184171931707, 3.749010543659977, 0.6103270941936155], "k_pid_yaw": [0.5, 1e-06, 0.1], "k_pid_hsp": [0.21150175048091283, 0.01097178622086877, 0.0], "k_pid_vsp": [226.27480290480779, 134.43633831333173, 0.18357915712729447]}, "datetime": {"datetime": "2025-08-13 22:55:36", "elapsed": 47264.306721925735, "delta": 17.14190125465393}, "costs": {"total_cost": 195.80540524032554, "time_cost": 71.764, "final_distance_cost": 1.8352636480046058, "oscillation_cost": 27.897589452824487, "completition_cost": 0.0, "overshoot_cost": 51.83638065082348, "power_cost": 19.739822790527345, "noise_cost": 22.73234869814562, "n_waypoints_completed": 9, "tot_waypoints": 9}}
{"target": -184.014950780662, "params": {"k_pid_pos": [0.8907085093479835, 0.04070865816363751, 0.27038685888389996], "k_pid_alt": [1.514031065687095, 0.0, 0.02497439269618223], "k_pid_att": [10.881340604089594, 4.178872560840617, 0.6225770369992333], "k_pid_yaw": [0.5, 1e-06, 0.1], "k_pid_hsp": [0.2055477326096324, 0.010632327451701772, 0.0], "k_pid_vsp": [253.919145837835, 135.29509246376654, 0.17074271831616253]}, "datetime": {"datetime": "2025-08-13 22:55:55", "elapsed": 47283.677867650986, "delta": 19.371145725250244}, "costs": {"total_cost": 184.014950780662, "time_cost": 70.378, "final_distance_cost": 1.8488485995160677, "oscillation_cost": 26.17301756060716, "completition_cost": 0.0, "overshoot_cost": 50.32880488796205, "power_cost": 14.095131164550782, "noise_cost": 21.19114856802592, "n_waypoints_completed": 9, "tot_waypoints": 9}}
{"target": -191.65085886165332, "params": {"k_pid_pos": [0.9546202607246806, 0.04435253200528588, 0.30842003178111627], "k_pid_alt": [1.3230116161833136, 0.0, 0.023819873521415593], "k_pid_att": [9.911061869149501, 3.372895258732721, 0.5697475023703432], "k_pid_yaw": [0.5, 1e-06, 0.1], "k_pid_hsp": [0.20117276002602716, 0.010148008292543515, 0.0], "k_pid_vsp": [322.19641495685704, 143.11867213663945, 0.18123745519056358]}, "datetime": {"datetime": "2025-08-13 22:56:13", "elapsed": 47301.29784154892, "delta": 17.61997389793396}, "costs": {"total_cost": 191.65085886165332, "time_cost": 70.56, "final_distance_cost": 1.836100424507707, "oscillation_cost": 27.128351154079724, "completition_cost": 0.0, "overshoot_cost": 50.60754610838772, "power_cost": 19.14149597167969, "noise_cost": 22.377365202998465, "n_waypoints_completed": 9, "tot_waypoints": 9}}
{"target": -183.26300278873305, "params": {"k_pid_pos": [1.0280453926872353, 0.04405109131148897, 0.30475226251534715], "k_pid_alt": [1.5801343794420155, 0.0, 0.025088961738424356], "k_pid_att": [9.686389252913406, 4.0779337686298724, 0.5395708011871997], "k_pid_yaw": [0.5, 1e-06, 0.1], "k_pid_hsp": [0.17731126929921007, 0.010603263214751074, 0.0], "k_pid_vsp": [260.33576976458704, 143.41609087378973, 0.1711953654826487]}, "datetime": {"datetime": "2025-08-13 22:56:31", "elapsed": 47319.32725954056, "delta": 18.029417991638184}, "costs": {"total_cost": 183.26300278873305, "time_cost": 69.223, "final_distance_cost": 1.8437400096624403, "oscillation_cost": 27.60107186588295, "completition_cost": 0.0, "overshoot_cost": 50.414256340870345, "power_cost": 13.706037707519531, "noise_cost": 20.4748968647978, "n_waypoints_completed": 9, "tot_waypoints": 9}}
{"target": -187.74775458233415, "params": {"k_pid_pos": [1.0322549483491048, 0.04714723843806822, 0.3194502979041011], "k_pid_alt": [1.5370397244380476, 0.0, 0.024274808583375298], "k_pid_att": [11.529263046410746, 4.17365255718385, 0.6123691824795137], "k_pid_yaw": [0.5, 1e-06, 0.1], "k_pid_hsp": [0.1722656283373539, 0.011129421363428864, 0.0], "k_pid_vsp": [299.7917513104018, 130.8305501260722, 0.17510012782530052]}, "datetime": {"datetime": "2025-08-13 22:56:47", "elapsed": 47335.3446700573, "delta": 16.01741051673889}, "costs": {"total_cost": 187.74775458233415, "time_cost": 70.056, "final_distance_cost": 1.8407104351638461, "oscillation_cost": 27.121043266948472, "completition_cost": 0.0, "overshoot_cost": 50.78580250282108, "power_cost": 16.407493554687502, "noise_cost": 21.536704822713272, "n_waypoints_completed": 9, "tot_waypoints": 9}}
{"target": -181.9042996535117, "params": {"k_pid_pos": [0.9399112282099432, 0.051932850779494694, 0.30234798751271075], "k_pid_alt": [1.457961198770602, 0.0, 0.019287032418980502], "k_pid_att": [9.304533757630924, 4.382567886159314, 0.5078560786859957], "k_pid_yaw": [0.5, 1e-06, 0.1], "k_pid_hsp": [0.22399041817386392, 0.009928357601289262, 0.0], "k_pid_vsp": [269.0509133986188, 133.4884791247076, 0.16368661663537595]}, "datetime": {"datetime": "2025-08-13 22:57:06", "elapsed": 47354.24478006363, "delta": 18.900110006332397}, "costs": {"total_cost": 181.9042996535117, "time_cost": 70.084, "final_distance_cost": 1.8369135842431508, "oscillation_cost": 27.45541273295586, "completition_cost": 0.0, "overshoot_cost": 49.95867421148509, "power_cost": 12.124240148925782, "noise_cost": 20.445058975901805, "n_waypoints_completed": 9, "tot_waypoints": 9}}
{"target": -191.24948679988992, "params": {"k_pid_pos": [0.930647491307762, 0.046191426450751104, 0.326330099916574], "k_pid_alt": [1.3227265802867298, 0.0, 0.019751063846788746], "k_pid_att": [10.315970315158912, 4.194362036908532, 0.6195910943000418], "k_pid_yaw": [0.5, 1e-06, 0.1], "k_pid_hsp": [0.22027572457839914, 0.011718193415642649, 0.0], "k_pid_vsp": [285.00160371386863, 130.77809946046384, 0.1494343846421345]}, "datetime": {"datetime": "2025-08-13 22:57:23", "elapsed": 47371.77827048302, "delta": 17.533490419387817}, "costs": {"total_cost": 191.24948679988992, "time_cost": 71.197, "final_distance_cost": 1.8393593184763584, "oscillation_cost": 27.23506959581464, "completition_cost": 0.0, "overshoot_cost": 50.87343299691012, "power_cost": 17.901652099609375, "noise_cost": 22.20297278907945, "n_waypoints_completed": 9, "tot_waypoints": 9}}
{"target": -180.8351452487691, "params": {"k_pid_pos": [0.8606189871198158, 0.044129489531617466, 0.27098660822700965], "k_pid_alt": [1.4052753855828424, 0.0, 0.02471369023575991], "k_pid_att": [8.75594662265789, 4.024480007181407, 0.6038358286645963], "k_pid_yaw": [0.5, 1e-06, 0.1], "k_pid_hsp": [0.21660339635966616, 0.010027389935441527, 0.0], "k_pid_vsp": [312.20684529143546, 123.91167882263024, 0.1916019548489772]}, "datetime": {"datetime": "2025-08-13 22:57:42", "elapsed": 47390.068679094315, "delta": 18.290408611297607}, "costs": {"total_cost": 180.8351452487691, "time_cost": 71.036, "final_distance_cost": 1.8473575555799604, "oscillation_cost": 26.97878187672204, "completition_cost": 0.0, "overshoot_cost": 50.7997349083638, "power_cost": 10.173502783203125, "noise_cost": 19.999768124900143, "n_waypoints_completed": 9, "tot_waypoints": 9}}
{"target": -183.6130717147507, "params": {"k_pid_pos": [0.9737910004978781, 0.05098224829167567, 0.3071945413316571], "k_pid_alt": [1.4909331904528074, 0.0, 0.023152687606224853], "k_pid_att": [9.842425853214488, 4.305842477083947, 0.5674539966214424], "k_pid_yaw": [0.5, 1e-06, 0.1], "k_pid_hsp": [0.24292895151023366, 0.01043532222675785, 0.0], "k_pid_vsp": [261.93494118235077, 126.15335479787359, 0.18207297407672993]}, "datetime": {"datetime": "2025-08-13 22:57:59", "elapsed": 47407.29343390465, "delta": 17.224754810333252}, "costs": {"total_cost": 183.6130717147507, "time_cost": 69.916, "final_distance_cost": 1.8457199542590554, "oscillation_cost": 27.533836017011893, "completition_cost": 0.0, "overshoot_cost": 50.08148559076716, "power_cost": 13.405002185058594, "noise_cost": 20.831027967653984, "n_waypoints_completed": 9, "tot_waypoints": 9}}
{"target": -188.1685929366505, "params": {"k_pid_pos": [0.8148662264539782, 0.047984428522426126, 0.3368445455104087], "k_pid_alt": [1.6801901420290293, 0.0, 0.023755676107579532], "k_pid_att": [8.457122767460385, 4.345327863985781, 0.6046667703482137], "k_pid_yaw": [0.5, 1e-06, 0.1], "k_pid_hsp": [0.2115645871959606, 0.010289204423369004, 0.0], "k_pid_vsp": [282.91429498358656, 132.94704057546429, 0.15112015152061106]}, "datetime": {"datetime": "2025-08-13 22:58:17", "elapsed": 47425.38999915123, "delta": 18.09656524658203}, "costs": {"total_cost": 188.1685929366505, "time_cost": 72.443, "final_distance_cost": 1.8492476187746825, "oscillation_cost": 26.916018542959318, "completition_cost": 0.0, "overshoot_cost": 50.791894966762065, "power_cost": 14.397908374023439, "noise_cost": 21.770523434130965, "n_waypoints_completed": 9, "tot_waypoints": 9}}
{"target": -189.65856604575316, "params": {"k_pid_pos": [1.0455566494760655, 0.05839537894061314, 0.3039562054947314], "k_pid_alt": [1.342365721529859, 0.0, 0.021407626830167312], "k_pid_att": [8.626479581909317, 4.236679186556994, 0.6186454839565189], "k_pid_yaw": [0.5, 1e-06, 0.1], "k_pid_hsp": [0.19930478697741508, 0.010188016416870544, 0.0], "k_pid_vsp": [267.3953111205487, 135.7433649786049, 0.1916450260268604]}, "datetime": {"datetime": "2025-08-13 22:58:35", "elapsed": 47443.39670276642, "delta": 18.0067036151886}, "costs": {"total_cost": 189.65856604575316, "time_cost": 70.18900000000001, "final_distance_cost": 1.8319842111820441, "oscillation_cost": 28.24569369523773, "completition_cost": 0.0, "overshoot_cost": 50.28455550486368, "power_cost": 17.39133447265625, "noise_cost": 21.71599816181346, "n_waypoints_completed": 9, "tot_waypoints": 9}}
{"target": -185.79745278770181, "params": {"k_pid_pos": [0.9714659630258847, 0.0539740383109939, 0.24211582688383385], "k_pid_alt": [1.4853980007908039, 0.0, 0.020852429768675174], "k_pid_att": [8.94049479695664, 4.72733162396531, 0.7003160494068892], "k_pid_yaw": [0.5, 1e-06, 0.1], "k_pid_hsp": [0.20232107119431386, 0.011454201500672662, 0.0], "k_pid_vsp": [261.19274578855556, 134.64076142747663, 0.17960072703416272]}, "datetime": {"datetime": "2025-08-13 22:58:51", "elapsed": 47459.89127969742, "delta": 16.494576930999756}, "costs": {"total_cost": 185.79745278770181, "time_cost": 69.398, "final_distance_cost": 1.843517660827057, "oscillation_cost": 28.220036847830585, "completition_cost": 0.0, "overshoot_cost": 50.38362914658613, "power_cost": 15.018704907226564, "noise_cost": 20.933564225231493, "n_waypoints_completed": 9, "tot_waypoints": 9}}
{"target": -192.66190071448665, "params": {"k_pid_pos": [0.9018158359484442, 0.038876411432152376, 0.31421771159085343], "k_pid_alt": [1.4863728837004138, 0.0, 0.022614412644808363], "k_pid_att": [9.239287726636713, 3.9659157711493354, 0.569811047784832], "k_pid_yaw": [0.5, 1e-06, 0.1], "k_pid_hsp": [0.1935449093408054, 0.009754305458619076, 0.0], "k_pid_vsp": [251.35099725562569, 137.23984947784547, 0.14623956659380966]}, "datetime": {"datetime": "2025-08-13 22:59:11", "elapsed": 47479.83730983734, "delta": 19.946030139923096}, "costs": {"total_cost": 192.66190071448665, "time_cost": 71.58200000000001, "final_distance_cost": 1.8353845498803982, "oscillation_cost": 26.893896534347252, "completition_cost": 0.0, "overshoot_cost": 50.79806020722912, "power_cost": 18.7549529296875, "noise_cost": 22.797606493342364, "n_waypoints_completed": 9, "tot_waypoints": 9}}
{"target": -186.42032750669384, "params": {"k_pid_pos": [1.01844675786006, 0.04164471759978156, 0.28572176996602705], "k_pid_alt": [1.6735367680073416, 0.0, 0.021043307062261925], "k_pid_att": [9.666375750556613, 3.8988781739072764, 0.6311675414925081], "k_pid_yaw": [0.5, 1e-06, 0.1], "k_pid_hsp": [0.1825397818065844, 0.009673208937874378, 0.0], "k_pid_vsp": [256.5349768411092, 132.0064387130836, 0.18058298755342636]}, "datetime": {"datetime": "2025-08-13 22:59:28", "elapsed": 47496.61424660683, "delta": 16.776936769485474}, "costs": {"total_cost": 186.42032750669384, "time_cost": 69.86, "final_distance_cost": 1.838507645096789, "oscillation_cost": 27.277502338612152, "completition_cost": 0.0, "overshoot_cost": 50.60852014342602, "power_cost": 15.600198486328125, "noise_cost": 21.235598893230794, "n_waypoints_completed": 9, "tot_waypoints": 9}}
{"target": -183.45810290378589, "params": {"k_pid_pos": [0.7679894950357915, 0.047128187292416385, 0.2696591215698131], "k_pid_alt": [1.7343411609619428, 0.0, 0.022179195982730517], "k_pid_att": [8.886233246476808, 4.154219131838613, 0.6446369376492139], "k_pid_yaw": [0.5, 1e-06, 0.1], "k_pid_hsp": [0.20288563246453195, 0.010934848016855436, 0.0], "k_pid_vsp": [250.47007071602152, 139.11125823868426, 0.16843719423524606]}, "datetime": {"datetime": "2025-08-13 22:59:49", "elapsed": 47517.9072637558, "delta": 21.293017148971558}, "costs": {"total_cost": 183.45810290378589, "time_cost": 72.086, "final_distance_cost": 1.843530539511789, "oscillation_cost": 26.54064865997925, "completition_cost": 0.0, "overshoot_cost": 50.871345486232634, "power_cost": 11.357860900878906, "noise_cost": 20.75871731718331, "n_waypoints_completed": 9, "tot_waypoints": 9}}
{"target": -188.05843177062408, "params": {"k_pid_pos": [1.0271871842907592, 0.05362672687252049, 0.2635049977091572], "k_pid_alt": [1.713385263662725, 0.0, 0.024576750890371434], "k_pid_att": [9.82941391730379, 4.6006346337502535, 0.6153100072591663], "k_pid_yaw": [0.5, 1e-06, 0.1], "k_pid_hsp": [0.19373612297912654, 0.013189715875380306, 0.0], "k_pid_vsp": [280.45004922009974, 118.90404732387809, 0.18327020235037983]}, "datetime": {"datetime": "2025-08-13 23:00:06", "elapsed": 47534.6246650219, "delta": 16.717401266098022}, "costs": {"total_cost": 188.05843177062408, "time_cost": 69.846, "final_distance_cost": 1.8357161888657703, "oscillation_cost": 27.959259864776865, "completition_cost": 0.0, "overshoot_cost": 50.417965985744196, "power_cost": 16.466090258789063, "noise_cost": 21.533399472448192, "n_waypoints_completed": 9, "tot_waypoints": 9}}
{"target": -189.3794455104157, "params": {"k_pid_pos": [0.8638084542005364, 0.04829778369575855, 0.3022081170289784], "k_pid_alt": [1.4696580242199706, 0.0, 0.02409017224549113], "k_pid_att": [8.765140566207537, 4.368445016485912, 0.6028744640649248], "k_pid_yaw": [0.5, 1e-06, 0.1], "k_pid_hsp": [0.1934689737115963, 0.011246107437784723, 0.0], "k_pid_vsp": [322.8874025077287, 111.65583150521338, 0.19574867859888614]}, "datetime": {"datetime": "2025-08-13 23:00:25", "elapsed": 47553.59461045265, "delta": 18.969945430755615}, "costs": {"total_cost": 189.3794455104157, "time_cost": 71.099, "final_distance_cost": 1.8374356848298854, "oscillation_cost": 26.932260511144463, "completition_cost": 0.0, "overshoot_cost": 50.518716228308534, "power_cost": 16.820888635253908, "noise_cost": 22.1711444508789, "n_waypoints_completed": 9, "tot_waypoints": 9}}
{"target": -186.5417341088239, "params": {"k_pid_pos": [0.9342759831363135, 0.04465005332327327, 0.3342805117347214], "k_pid_alt": [1.5427356314320602, 0.0, 0.02189379558823698], "k_pid_att": [10.642422855561703, 4.606657131061893, 0.6218748219604769], "k_pid_yaw": [0.5, 1e-06, 0.1], "k_pid_hsp": [0.226956600057043, 0.01050312596381444, 0.0], "k_pid_vsp": [301.0288674330164, 126.59986500902521, 0.16937492460850997]}, "datetime": {"datetime": "2025-08-13 23:00:42", "elapsed": 47570.46275639534, "delta": 16.86814594268799}, "costs": {"total_cost": 186.5417341088239, "time_cost": 70.672, "final_distance_cost": 1.8473726166821243, "oscillation_cost": 26.45482305852187, "completition_cost": 0.0, "overshoot_cost": 50.63936398531436, "power_cost": 15.27985604248047, "noise_cost": 21.648318405825066, "n_waypoints_completed": 9, "tot_waypoints": 9}}
