{"target": -183.88168901144743, "params": {"k_pid_pos": [0.9364450591452744, 0.0942528240887196, 0.26784265747931074], "k_pid_alt": [2.0, 0.0, 0.004494241457706528], "k_pid_att": [8.261185666681591, 2.9264054666839425, 0.4899819378090569], "k_pid_yaw": [0.5, 1e-06, 0.1], "k_pid_hsp": [0.24803862181184458, 0.0075507725710784665, 0.0], "k_pid_vsp": [309.1090962274549, 128.11256452104936, 0.21937583721433743]}, "datetime": {"datetime": "2025-08-13 16:53:44", "elapsed": 25552.033418655396, "delta": 19.527095317840576}, "costs": {"total_cost": 183.88168901144743, "time_cost": 70.14, "final_distance_cost": 1.8394397307628192, "oscillation_cost": 26.990712911656505, "completition_cost": 0.0, "overshoot_cost": 50.60437429255544, "power_cost": 13.462561535644532, "noise_cost": 20.844600540828136, "n_waypoints_completed": 9, "tot_waypoints": 9}}
{"target": -178.8120274111976, "params": {"k_pid_pos": [1.090497853879192, 0.07746483507593734, 0.2399410938737524], "k_pid_alt": [1.7791118049111956, 0.0, 0.015501301644242287], "k_pid_att": [13.678206670402588, 4.136412858609266, 0.7603536084588721], "k_pid_yaw": [0.5, 1e-06, 0.1], "k_pid_hsp": [0.25933593224368395, 0.016115560879903627, 0.0], "k_pid_vsp": [314.5641285004029, 106.9314703824654, 0.16309326269938826]}, "datetime": {"datetime": "2025-08-13 16:54:04", "elapsed": 25572.303881406784, "delta": 20.27046275138855}, "costs": {"total_cost": 178.8120274111976, "time_cost": 68.929, "final_distance_cost": 1.820130433036376, "oscillation_cost": 29.085693740158685, "completition_cost": 0.0, "overshoot_cost": 49.76063274400793, "power_cost": 10.032991711425781, "noise_cost": 19.18357878256881, "n_waypoints_completed": 9, "tot_waypoints": 9}}
{"target": -185.84132812443505, "params": {"k_pid_pos": [0.7243818763365307, 0.034829869274128185, 0.24821313268110815], "k_pid_alt": [1.4002462321907316, 0.0, 0.02366611457609812], "k_pid_att": [11.780461162415145, 5.140719442202068, 0.6957629639772623], "k_pid_yaw": [0.5, 1e-06, 0.1], "k_pid_hsp": [0.09258946005891013, 0.03226773431971962, 0.0], "k_pid_vsp": [209.89602491893706, 167.23284806949962, 0.08702207703179636]}, "datetime": {"datetime": "2025-08-13 16:54:28", "elapsed": 25596.47907447815, "delta": 24.175193071365356}, "costs": {"total_cost": 185.84132812443505, "time_cost": 73.276, "final_distance_cost": 1.8573205524087835, "oscillation_cost": 27.410216024274916, "completition_cost": 0.0, "overshoot_cost": 50.0201510553942, "power_cost": 11.987981079101562, "noise_cost": 21.289659413255617, "n_waypoints_completed": 9, "tot_waypoints": 9}}
{"target": -185.54699943377435, "params": {"k_pid_pos": [1.163415979115763, 0.09782397254952624, 0.08327165819510546], "k_pid_alt": [1.3026082383919346, 0.0, 0.022133894279373012], "k_pid_att": [18.221179277379964, 7.3644883391353195, 0.6206273826259346], "k_pid_yaw": [0.5, 1e-06, 0.1], "k_pid_hsp": [0.33803428912097483, 0.018911423882084232, 0.0], "k_pid_vsp": [365.94625712378075, 120.25690345131727, 0.20827241020004802]}, "datetime": {"datetime": "2025-08-13 16:54:47", "elapsed": 25615.528136253357, "delta": 19.04906177520752}, "costs": {"total_cost": 185.54699943377435, "time_cost": 69.125, "final_distance_cost": 1.8124893429081856, "oscillation_cost": 31.167152060250984, "completition_cost": 0.0, "overshoot_cost": 49.946337516033246, "power_cost": 13.193597473144532, "noise_cost": 20.302423041437397, "n_waypoints_completed": 9, "tot_waypoints": 9}}
{"target": -186.53486246081044, "params": {"k_pid_pos": [1.0088419102514334, 0.03769610476350787, 0.11230938032507276], "k_pid_alt": [1.1105343731937172, 0.0, 0.01631415649393458], "k_pid_att": [13.674830344553358, 2.611482553212118, 0.4440928703759139], "k_pid_yaw": [0.5, 1e-06, 0.1], "k_pid_hsp": [0.24370327355368296, 0.009093733387932101, 0.0], "k_pid_vsp": [224.2058459056622, 147.7819712695581, 0.17308875909741747]}, "datetime": {"datetime": "2025-08-13 16:55:05", "elapsed": 25633.584787130356, "delta": 18.0566508769989}, "costs": {"total_cost": 186.53486246081044, "time_cost": 69.657, "final_distance_cost": 1.8294382601915127, "oscillation_cost": 28.57140183099936, "completition_cost": 0.0, "overshoot_cost": 50.071954814377726, "power_cost": 15.361011022949219, "noise_cost": 21.044056532292643, "n_waypoints_completed": 9, "tot_waypoints": 9}}
{"target": -191.5796061458976, "params": {"k_pid_pos": [0.7266921560360364, 0.09139331440141929, 0.20225721825086085], "k_pid_alt": [1.6047152943704488, 0.0, 0.02339716096895825], "k_pid_att": [14.285058888884516, 7.748932352639341, 0.80639569487617], "k_pid_yaw": [0.5, 1e-06, 0.1], "k_pid_hsp": [0.23127457696092338, 0.022961569285394393, 0.0], "k_pid_vsp": [278.8081342706964, 129.0934698419195, 0.06176490853833841]}, "datetime": {"datetime": "2025-08-13 16:55:24", "elapsed": 25652.01612138748, "delta": 18.431334257125854}, "costs": {"total_cost": 191.5796061458976, "time_cost": 72.226, "final_distance_cost": 1.838538692519587, "oscillation_cost": 27.398588522851437, "completition_cost": 0.0, "overshoot_cost": 50.45656080113703, "power_cost": 17.07112286376953, "noise_cost": 22.588795265620018, "n_waypoints_completed": 9, "tot_waypoints": 9}}
{"target": -201.87446230973057, "params": {"k_pid_pos": [0.6050709805901738, 0.08351622787877665, 0.1725185443446093], "k_pid_alt": [1.1640777597079968, 0.0, 0.010238166395462945], "k_pid_att": [17.52668832347509, 4.216381545206221, 0.6297058812905221], "k_pid_yaw": [0.5, 1e-06, 0.1], "k_pid_hsp": [0.27822120707455417, 0.012022905569997395, 0.0], "k_pid_vsp": [364.39154821539506, 98.97467054476276, 0.1973734292249715]}, "datetime": {"datetime": "2025-08-13 16:55:45", "elapsed": 25673.857607603073, "delta": 21.84148621559143}, "costs": {"total_cost": 201.87446230973057, "time_cost": 77.364, "final_distance_cost": 1.8346040600649922, "oscillation_cost": 26.111761359543024, "completition_cost": 0.0, "overshoot_cost": 51.833369622871835, "power_cost": 20.025813879394534, "noise_cost": 24.70491338785621, "n_waypoints_completed": 9, "tot_waypoints": 9}}
{"target": -190.90912001873892, "params": {"k_pid_pos": [0.9507665687684724, 0.08231620386531334, 0.13184635134340494], "k_pid_alt": [1.429257653301334, 0.0, 0.023719715832744227], "k_pid_att": [8.831238479783336, 4.665657850606498, 0.2403387981773545], "k_pid_yaw": [0.5, 1e-06, 0.1], "k_pid_hsp": [0.295954356189487, 0.018019361895135404, 0.0], "k_pid_vsp": [253.4820936594166, 118.52224761426761, 0.1858843975583874]}, "datetime": {"datetime": "2025-08-13 16:56:04", "elapsed": 25692.182866811752, "delta": 18.3252592086792}, "costs": {"total_cost": 190.90912001873892, "time_cost": 70.147, "final_distance_cost": 1.8419658392235412, "oscillation_cost": 29.48066149575279, "completition_cost": 0.0, "overshoot_cost": 50.46056378940943, "power_cost": 17.26170693359375, "noise_cost": 21.717221960759375, "n_waypoints_completed": 9, "tot_waypoints": 9}}
{"target": -195.9562918226439, "params": {"k_pid_pos": [0.45092067550576664, 0.05999855390557755, 0.1340826959532473], "k_pid_alt": [0.9654410376205874, 0.0, 0.02022273779081167], "k_pid_att": [26.0717355690691, 6.049175171636229, 1.0], "k_pid_yaw": [0.5, 1e-06, 0.1], "k_pid_hsp": [0.12135587415439446, 0.0024061610758569895, 0.0], "k_pid_vsp": [213.11326103121436, 88.30023273519612, 0.13819524208806713]}, "datetime": {"datetime": "2025-08-13 16:56:24", "elapsed": 25712.4298119545, "delta": 20.24694514274597}, "costs": {"total_cost": 195.9562918226439, "time_cost": 80.318, "final_distance_cost": 1.836478622105345, "oscillation_cost": 19.840409570329516, "completition_cost": 0.0, "overshoot_cost": 52.73232579271266, "power_cost": 16.530556762695312, "noise_cost": 24.698521074801064, "n_waypoints_completed": 9, "tot_waypoints": 9}}
{"target": -180.68048830539806, "params": {"k_pid_pos": [1.2267773059929767, 0.05451883410795159, 0.27674474700817686], "k_pid_alt": [1.733822033153758, 0.0, 0.022244221044226672], "k_pid_att": [16.875461513432054, 4.032616452404756, 0.43949089581229556], "k_pid_yaw": [0.5, 1e-06, 0.1], "k_pid_hsp": [0.14419110044323047, 0.018373787657935257, 0.0], "k_pid_vsp": [260.5994978082694, 115.96380370743707, 0.06578237026859986]}, "datetime": {"datetime": "2025-08-13 16:56:41", "elapsed": 25729.544204950333, "delta": 17.11439299583435}, "costs": {"total_cost": 180.68048830539806, "time_cost": 68.628, "final_distance_cost": 1.824278071628311, "oscillation_cost": 29.73461294228646, "completition_cost": 0.0, "overshoot_cost": 50.026659947074826, "power_cost": 11.056941333007813, "noise_cost": 19.409996011400636, "n_waypoints_completed": 9, "tot_waypoints": 9}}
{"target": -274.57103740251614, "params": {"k_pid_pos": [0.1751892593337028, 0.07966103461858627, 0.23292370486471534], "k_pid_alt": [1.1575448132581647, 0.0, 0.017612659426213494], "k_pid_att": [13.241337403827428, 1.617536155447368, 0.648108526551511], "k_pid_yaw": [0.5, 1e-06, 0.1], "k_pid_hsp": [0.139401483312447, 0.014486307619879466, 0.0], "k_pid_vsp": [177.3430567137624, 181.85335056034464, 0.1308673437644]}, "datetime": {"datetime": "2025-08-13 16:57:11", "elapsed": 25759.016449451447, "delta": 29.47224450111389}, "costs": {"total_cost": 274.57103740251614, "time_cost": 119.224, "final_distance_cost": 1.8560512807476564, "oscillation_cost": 13.28967129077621, "completition_cost": 0.0, "overshoot_cost": 64.52678942476811, "power_cost": 32.37587342529297, "noise_cost": 43.29865198093121, "n_waypoints_completed": 9, "tot_waypoints": 9}}
{"target": -189.10864530932028, "params": {"k_pid_pos": [1.0228918361238781, 0.03303559418040039, 0.231495165332419], "k_pid_alt": [1.0436050956408074, 0.0, 0.014892555971558063], "k_pid_att": [18.954320713786814, 6.789522194366076, 0.6170241863032397], "k_pid_yaw": [0.5, 1e-06, 0.1], "k_pid_hsp": [0.20317070537003737, 0.0169944016733276, 0.0], "k_pid_vsp": [92.99327877904632, 159.2660039863533, 0.13546337221178137]}, "datetime": {"datetime": "2025-08-13 16:57:27", "elapsed": 25775.88546729088, "delta": 16.869017839431763}, "costs": {"total_cost": 189.10864530932028, "time_cost": 69.741, "final_distance_cost": 1.8336275262819248, "oscillation_cost": 29.05566721211989, "completition_cost": 0.0, "overshoot_cost": 49.88275844948209, "power_cost": 17.20050456542969, "noise_cost": 21.395087556006676, "n_waypoints_completed": 9, "tot_waypoints": 9}}
{"target": -193.63775573908106, "params": {"k_pid_pos": [1.0244661423590475, 0.05632309295698202, 0.051392905412142496], "k_pid_alt": [1.1388627792978312, 0.0, 0.020794432927250913], "k_pid_att": [14.094645628332465, 4.679226547287567, 0.7320189930792798], "k_pid_yaw": [0.5, 1e-06, 0.1], "k_pid_hsp": [0.23290853642934928, 0.02303929556394738, 0.0], "k_pid_vsp": [290.24656210854556, 149.3577999424443, 0.1750775915210416]}, "datetime": {"datetime": "2025-08-13 16:57:46", "elapsed": 25794.49415564537, "delta": 18.608688354492188}, "costs": {"total_cost": 193.63775573908106, "time_cost": 69.986, "final_distance_cost": 1.8257790322412375, "oscillation_cost": 30.512307363278854, "completition_cost": 0.0, "overshoot_cost": 50.688364851238894, "power_cost": 19.025933447265626, "noise_cost": 21.59937104505643, "n_waypoints_completed": 9, "tot_waypoints": 9}}
{"target": -190.04505927615654, "params": {"k_pid_pos": [0.9065298019443047, 0.05865517450751942, 0.5577110122569188], "k_pid_alt": [1.1955426914585983, 0.0, 0.025526405349751275], "k_pid_att": [13.470232121017547, 10.0, 0.5655662614268188], "k_pid_yaw": [0.5, 1e-06, 0.1], "k_pid_hsp": [0.19737644146095612, 0.02427897433774692, 0.0], "k_pid_vsp": [365.82842798339726, 109.50717231386086, 0.22384501089194533]}, "datetime": {"datetime": "2025-08-13 16:58:04", "elapsed": 25812.977523565292, "delta": 18.483367919921875}, "costs": {"total_cost": 190.04505927615654, "time_cost": 74.137, "final_distance_cost": 1.8514906062711503, "oscillation_cost": 27.82774974370627, "completition_cost": 0.0, "overshoot_cost": 50.560750823749004, "power_cost": 13.478804602050781, "noise_cost": 22.189263500379322, "n_waypoints_completed": 9, "tot_waypoints": 9}}
{"target": -187.4808657120761, "params": {"k_pid_pos": [1.0555620630368698, 0.05378738631953325, 0.1583485983000187], "k_pid_alt": [1.7372553518704679, 0.0, 0.027240517212421194], "k_pid_att": [10.348271556962674, 5.667704311872291, 0.35993538331434083], "k_pid_yaw": [0.5, 1e-06, 0.1], "k_pid_hsp": [0.18017523941758506, 0.013432688913486528, 0.0], "k_pid_vsp": [276.5956170363378, 95.26396227442164, 0.20919187939544437]}, "datetime": {"datetime": "2025-08-13 16:58:22", "elapsed": 25830.49175953865, "delta": 17.514235973358154}, "costs": {"total_cost": 187.4808657120761, "time_cost": 69.118, "final_distance_cost": 1.8102214426471528, "oscillation_cost": 29.65005574303073, "completition_cost": 0.0, "overshoot_cost": 50.32402989497865, "power_cost": 15.862574060058595, "noise_cost": 20.715984571361, "n_waypoints_completed": 9, "tot_waypoints": 9}}
{"target": -188.84275381217998, "params": {"k_pid_pos": [1.1530362775955145, 0.060436080293310705, 0.3762565655200978], "k_pid_alt": [2.0, 0.0, 0.027582537315380466], "k_pid_att": [17.525336656603063, 5.408786740148245, 0.3076918317874879], "k_pid_yaw": [0.5, 1e-06, 0.1], "k_pid_hsp": [0.20544047727441542, 0.011830870163859315, 0.0], "k_pid_vsp": [229.55336999963265, 199.53832355641308, 0.15926707816052563]}, "datetime": {"datetime": "2025-08-13 16:58:39", "elapsed": 25847.97857117653, "delta": 17.486811637878418}, "costs": {"total_cost": 188.84275381217998, "time_cost": 69.797, "final_distance_cost": 1.828658071565346, "oscillation_cost": 27.95569581849298, "completition_cost": 0.0, "overshoot_cost": 50.65553199769795, "power_cost": 17.036343200683593, "noise_cost": 21.569524723740116, "n_waypoints_completed": 9, "tot_waypoints": 9}}
{"target": -188.30117746295468, "params": {"k_pid_pos": [0.9661266778766177, 0.06799518508744838, 0.13706575471752738], "k_pid_alt": [1.0261595598912996, 0.0, 0.02120476845402686], "k_pid_att": [8.84994560251142, 8.443597293852024, 0.630092750211228], "k_pid_yaw": [0.5, 1e-06, 0.1], "k_pid_hsp": [0.17038945253380092, 0.020816583024130503, 0.0], "k_pid_vsp": [375.94069985608985, 135.57228539655043, 0.20783966632011075]}, "datetime": {"datetime": "2025-08-13 16:58:59", "elapsed": 25867.84944677353, "delta": 19.870875597000122}, "costs": {"total_cost": 188.30117746295468, "time_cost": 70.196, "final_distance_cost": 1.832012312514717, "oscillation_cost": 30.242994775920817, "completition_cost": 0.0, "overshoot_cost": 50.07340513034919, "power_cost": 15.097121252441408, "noise_cost": 20.85964399172855, "n_waypoints_completed": 9, "tot_waypoints": 9}}
{"target": -189.44507423404204, "params": {"k_pid_pos": [0.931132617239452, 0.05899529026430336, 0.08012890958437525], "k_pid_alt": [1.5278380855021387, 0.0, 0.026821496377741758], "k_pid_att": [10.428495325181935, 5.390163273291246, 0.591572038832069], "k_pid_yaw": [0.5, 1e-06, 0.1], "k_pid_hsp": [0.3129695684195117, 0.017417784137640776, 0.0], "k_pid_vsp": [316.7459419242951, 129.74319405412487, 0.1468343780370041]}, "datetime": {"datetime": "2025-08-13 16:59:17", "elapsed": 25885.257628679276, "delta": 17.40818190574646}, "costs": {"total_cost": 189.44507423404204, "time_cost": 69.944, "final_distance_cost": 1.8264685104144796, "oscillation_cost": 29.234863510230873, "completition_cost": 0.0, "overshoot_cost": 50.36959321499736, "power_cost": 16.708925219726563, "noise_cost": 21.36122377867274, "n_waypoints_completed": 9, "tot_waypoints": 9}}
{"target": -191.64941847021743, "params": {"k_pid_pos": [0.9695747490046113, 0.09586165711929236, 0.3433094830040968], "k_pid_alt": [1.1499846553334052, 0.0, 0.015608309103516902], "k_pid_att": [7.5198346845151205, 3.1311104441632787, 0.18957391756667322], "k_pid_yaw": [0.5, 1e-06, 0.1], "k_pid_hsp": [0.14638936587035134, 0.01798742609458572, 0.0], "k_pid_vsp": [191.6157303241066, 103.33859299057274, 0.19588146898856315]}, "datetime": {"datetime": "2025-08-13 16:59:34", "elapsed": 25902.829974412918, "delta": 17.572345733642578}, "costs": {"total_cost": 191.64941847021743, "time_cost": 71.001, "final_distance_cost": 1.8350229874433122, "oscillation_cost": 27.845386111861735, "completition_cost": 0.0, "overshoot_cost": 50.29463026789961, "power_cost": 18.670277380371093, "noise_cost": 22.003101722641674, "n_waypoints_completed": 9, "tot_waypoints": 9}}
{"target": -196.00252783651916, "params": {"k_pid_pos": [1.2219690163014902, 0.057349088843867434, 0.05848029621800258], "k_pid_alt": [1.671653221070675, 0.0, 0.009561651063973962], "k_pid_att": [11.432394944448546, 3.2711046150939858, 1.0], "k_pid_yaw": [0.5, 1e-06, 0.1], "k_pid_hsp": [0.09185774553563593, 0.015281104347753626, 0.0], "k_pid_vsp": [272.9526880343921, 84.08086062650096, 0.14552674372520505]}, "datetime": {"datetime": "2025-08-13 16:59:53", "elapsed": 25921.05450987816, "delta": 18.22453546524048}, "costs": {"total_cost": 196.00252783651916, "time_cost": 72.254, "final_distance_cost": 1.766802073378014, "oscillation_cost": 32.000868197378246, "completition_cost": 0.0, "overshoot_cost": 50.96359049827592, "power_cost": 17.443333752441408, "noise_cost": 21.573933315045558, "n_waypoints_completed": 9, "tot_waypoints": 9}}
{"target": -192.7181345777794, "params": {"k_pid_pos": [0.9988102531765543, 0.06066424492136724, 0.1984937651858096], "k_pid_alt": [1.6745036762137684, 0.0, 0.021840410852749098], "k_pid_att": [11.0241544461612, 4.856988128488269, 0.59266616773768], "k_pid_yaw": [0.5, 1e-06, 0.1], "k_pid_hsp": [0.19861410401464563, 0.016929372648874525, 0.0], "k_pid_vsp": [292.5972976740798, 134.70389611652078, 0.17594744834423648]}, "datetime": {"datetime": "2025-08-13 17:00:10", "elapsed": 25938.160861730576, "delta": 17.106351852416992}, "costs": {"total_cost": 192.7181345777794, "time_cost": 69.727, "final_distance_cost": 1.8300097374679671, "oscillation_cost": 29.178542083354916, "completition_cost": 0.0, "overshoot_cost": 50.62423933975973, "power_cost": 19.367239794921876, "noise_cost": 21.991103622274913, "n_waypoints_completed": 9, "tot_waypoints": 9}}
{"target": -187.17183440762636, "params": {"k_pid_pos": [1.0221622342088839, 0.1041671724168342, 0.20981851152166975], "k_pid_alt": [1.1972207720131396, 0.0, 0.02189902918720496], "k_pid_att": [14.620593593147225, 9.015402888476077, 0.4379907477724791], "k_pid_yaw": [0.5, 1e-06, 0.1], "k_pid_hsp": [0.22992203031336747, 0.028524214585220465, 0.0], "k_pid_vsp": [268.592519987924, 119.1212735675736, 0.16582233264655694]}, "datetime": {"datetime": "2025-08-13 17:00:27", "elapsed": 25955.540982484818, "delta": 17.380120754241943}, "costs": {"total_cost": 187.17183440762636, "time_cost": 69.503, "final_distance_cost": 1.821124255070718, "oscillation_cost": 29.80205099193032, "completition_cost": 0.0, "overshoot_cost": 49.88955874766729, "power_cost": 15.18241043701172, "noise_cost": 20.973689975946307, "n_waypoints_completed": 9, "tot_waypoints": 9}}
{"target": -181.04555925844224, "params": {"k_pid_pos": [0.9146798913906568, 0.07258194676224085, 0.23045225565866345], "k_pid_alt": [1.8165971779413532, 0.0, 0.020553169796104876], "k_pid_att": [11.729673862871975, 7.529643292631083, 0.708221102699866], "k_pid_yaw": [0.5, 1e-06, 0.1], "k_pid_hsp": [0.17917283164415063, 0.02203182184155797, 0.0], "k_pid_vsp": [370.43078330176587, 135.04518292026543, 0.1502496895329505]}, "datetime": {"datetime": "2025-08-13 17:00:44", "elapsed": 25972.44905614853, "delta": 16.908073663711548}, "costs": {"total_cost": 181.04555925844224, "time_cost": 69.307, "final_distance_cost": 1.843403229936266, "oscillation_cost": 27.991968581281892, "completition_cost": 0.0, "overshoot_cost": 49.99062168810793, "power_cost": 11.853811730957032, "noise_cost": 20.058754028159125, "n_waypoints_completed": 9, "tot_waypoints": 9}}
{"target": -181.2692231408822, "params": {"k_pid_pos": [1.2549300982587925, 0.05926139762371335, 0.3743925581381388], "k_pid_alt": [1.2812490467814943, 0.0, 0.02409238070886785], "k_pid_att": [18.29991403175964, 4.220850346863826, 0.7315940782816721], "k_pid_yaw": [0.5, 1e-06, 0.1], "k_pid_hsp": [0.1726070760939703, 0.018934228405985576, 0.0], "k_pid_vsp": [257.063833752514, 107.17957221433704, 0.17931580507450248]}, "datetime": {"datetime": "2025-08-13 17:01:01", "elapsed": 25989.576966524124, "delta": 17.127910375595093}, "costs": {"total_cost": 181.2692231408822, "time_cost": 68.866, "final_distance_cost": 1.8406766280809175, "oscillation_cost": 29.320893792547093, "completition_cost": 0.0, "overshoot_cost": 49.6026010313964, "power_cost": 11.83347119140625, "noise_cost": 19.805580497451526, "n_waypoints_completed": 9, "tot_waypoints": 9}}
{"target": -186.8792846521274, "params": {"k_pid_pos": [0.6608118518171276, 0.06618583232008453, 0.05199908517400304], "k_pid_alt": [1.5533534994028393, 0.0, 0.023371833730267872], "k_pid_att": [15.888806241063067, 6.457932314384975, 0.7011232739633684], "k_pid_yaw": [0.5, 1e-06, 0.1], "k_pid_hsp": [0.18477129964068753, 0.017418421611055928, 0.0], "k_pid_vsp": [332.961474279219, 103.65369741985437, 0.11790373907851581]}, "datetime": {"datetime": "2025-08-13 17:01:19", "elapsed": 26007.465777397156, "delta": 17.888810873031616}, "costs": {"total_cost": 186.8792846521274, "time_cost": 71.428, "final_distance_cost": 1.8377024259203787, "oscillation_cost": 25.92390524086741, "completition_cost": 0.0, "overshoot_cost": 51.14907178770247, "power_cost": 14.933915197753906, "noise_cost": 21.606689999883226, "n_waypoints_completed": 9, "tot_waypoints": 9}}
