{"target": -180.88794828769056, "params": {"k_pid_pos": [1.124764813891127, 0.07696758344760868, 0.34677048255629456], "k_pid_alt": [1.3733007256631815, 0.0, 0.023451151096447156], "k_pid_att": [9.861597926494708, 3.687443901553133, 0.5864896407599222], "k_pid_yaw": [0.5, 1e-06, 0.1], "k_pid_hsp": [0.19487494039360512, 0.015848581695610296, 0.0], "k_pid_vsp": [339.62809774140675, 88.96962975536776, 0.19429483403773426]}, "datetime": {"datetime": "2025-08-13 20:04:53", "elapsed": 37021.21370458603, "delta": 17.08391308784485}, "costs": {"total_cost": 180.88794828769056, "time_cost": 69.244, "final_distance_cost": 1.8276322637929743, "oscillation_cost": 28.861586199899836, "completition_cost": 0.0, "overshoot_cost": 50.02257321443951, "power_cost": 11.13877177734375, "noise_cost": 19.793384832214485, "n_waypoints_completed": 9, "tot_waypoints": 9}}
{"target": -183.38463154222558, "params": {"k_pid_pos": [0.743632987135619, 0.05425075727020578, 0.15973317446512064], "k_pid_alt": [1.5019212366681336, 0.0, 0.031249657909763223], "k_pid_att": [10.410347108249647, 3.320952427953873, 0.542646368755812], "k_pid_yaw": [0.5, 1e-06, 0.1], "k_pid_hsp": [0.26206520518085713, 0.012884884535636172, 0.0], "k_pid_vsp": [278.68064425315475, 106.02976439956778, 0.17250689387150042]}, "datetime": {"datetime": "2025-08-13 20:05:11", "elapsed": 37039.11032128334, "delta": 17.8966166973114}, "costs": {"total_cost": 183.38463154222558, "time_cost": 71.84100000000001, "final_distance_cost": 1.838681982708894, "oscillation_cost": 26.90365760655309, "completition_cost": 0.0, "overshoot_cost": 50.60711814822003, "power_cost": 11.447090417480469, "noise_cost": 20.747083387263107, "n_waypoints_completed": 9, "tot_waypoints": 9}}
{"target": -182.0585307290666, "params": {"k_pid_pos": [1.1876887024351528, 0.042343647931366184, 0.28821905036991796], "k_pid_alt": [1.5589835908762548, 0.0, 0.02709973032880351], "k_pid_att": [9.82789385571788, 3.680743023306676, 0.5886097499274182], "k_pid_yaw": [0.5, 1e-06, 0.1], "k_pid_hsp": [0.27672304403188147, 0.008625355857198425, 0.0], "k_pid_vsp": [315.5615443896233, 109.83195305307697, 0.18770718878371526]}, "datetime": {"datetime": "2025-08-13 20:05:27", "elapsed": 37055.474846839905, "delta": 16.36452555656433}, "costs": {"total_cost": 182.0585307290666, "time_cost": 68.992, "final_distance_cost": 1.8377993332847633, "oscillation_cost": 30.077694129997617, "completition_cost": 0.0, "overshoot_cost": 49.799028160120315, "power_cost": 11.485465026855469, "noise_cost": 19.866544078808438, "n_waypoints_completed": 9, "tot_waypoints": 9}}
{"target": -184.21582492994156, "params": {"k_pid_pos": [0.8734048928906374, 0.039399260765047635, 0.295872393549376], "k_pid_alt": [1.5972272176414626, 0.0, 0.017456773862074452], "k_pid_att": [10.362698157366609, 5.242281598398743, 0.5862895374882713], "k_pid_yaw": [0.5, 1e-06, 0.1], "k_pid_hsp": [0.25999494100951853, 0.015095719481276726, 0.0], "k_pid_vsp": [371.78532085784406, 103.3809556208361, 0.22169978412046906]}, "datetime": {"datetime": "2025-08-13 20:05:45", "elapsed": 37073.30312895775, "delta": 17.828282117843628}, "costs": {"total_cost": 184.21582492994156, "time_cost": 71.022, "final_distance_cost": 1.8450359994837184, "oscillation_cost": 27.42673604490987, "completition_cost": 0.0, "overshoot_cost": 50.13735942646914, "power_cost": 12.724495739746095, "noise_cost": 21.060197719332745, "n_waypoints_completed": 9, "tot_waypoints": 9}}
{"target": -182.4874242582492, "params": {"k_pid_pos": [0.9909721193803573, 0.06024727329999785, 0.36844345609561174], "k_pid_alt": [1.8290296739729772, 0.0, 0.021875087452781956], "k_pid_att": [8.872299771487848, 3.492935064309251, 0.794218647443517], "k_pid_yaw": [0.5, 1e-06, 0.1], "k_pid_hsp": [0.17398774814450443, 0.023625937514598933, 0.0], "k_pid_vsp": [349.1353965854965, 123.87165215243799, 0.16547527313990196]}, "datetime": {"datetime": "2025-08-13 20:06:01", "elapsed": 37089.749678850174, "delta": 16.446549892425537}, "costs": {"total_cost": 182.4874242582492, "time_cost": 69.699, "final_distance_cost": 1.8374472908655017, "oscillation_cost": 27.495999009000567, "completition_cost": 0.0, "overshoot_cost": 49.85574293457729, "power_cost": 13.060951574707031, "noise_cost": 20.538283449098824, "n_waypoints_completed": 9, "tot_waypoints": 9}}
{"target": -190.1162598325042, "params": {"k_pid_pos": [1.0785448772818762, 0.047762851581478756, 0.18301500428281936], "k_pid_alt": [1.2013794379482252, 0.0, 0.020939053586551442], "k_pid_att": [11.41313508344644, 4.859419641285086, 0.4906827660050987], "k_pid_yaw": [0.5, 1e-06, 0.1], "k_pid_hsp": [0.22689584519683034, 0.014915332614203839, 0.0], "k_pid_vsp": [307.1737692769238, 105.9174066965777, 0.14718516909048251]}, "datetime": {"datetime": "2025-08-13 20:06:18", "elapsed": 37106.53133010864, "delta": 16.781651258468628}, "costs": {"total_cost": 190.1162598325042, "time_cost": 70.371, "final_distance_cost": 1.8378017568248932, "oscillation_cost": 29.121843604592357, "completition_cost": 0.0, "overshoot_cost": 50.7284830021606, "power_cost": 16.59677219238281, "noise_cost": 21.46035927654355, "n_waypoints_completed": 9, "tot_waypoints": 9}}
{"target": -195.90415854633304, "params": {"k_pid_pos": [0.5972197886064965, 0.044706636429064465, 0.27811584147516694], "k_pid_alt": [1.0190841267269195, 0.0, 0.024843219232858024], "k_pid_att": [7.584833676518092, 5.316980306506842, 0.658275040647207], "k_pid_yaw": [0.5, 1e-06, 0.1], "k_pid_hsp": [0.23302423994304863, 0.002513892387103924, 0.0], "k_pid_vsp": [262.83007130073156, 61.466838482829814, 0.22688305452062407]}, "datetime": {"datetime": "2025-08-13 20:06:37", "elapsed": 37125.041635751724, "delta": 18.510305643081665}, "costs": {"total_cost": 195.90415854633304, "time_cost": 78.827, "final_distance_cost": 1.8460405200514867, "oscillation_cost": 25.296033131718488, "completition_cost": 0.0, "overshoot_cost": 51.62226170425907, "power_cost": 14.411164953613282, "noise_cost": 23.90165823669071, "n_waypoints_completed": 9, "tot_waypoints": 9}}
{"target": -182.22309165921283, "params": {"k_pid_pos": [0.9613834793066866, 0.04516857453791076, 0.2664543627980341], "k_pid_alt": [1.4564082220916135, 0.0, 0.02740301021988138], "k_pid_att": [9.526284323620015, 5.655408254001781, 0.5679759856415804], "k_pid_yaw": [0.5, 1e-06, 0.1], "k_pid_hsp": [0.22782459400649477, 0.011446185604465866, 0.0], "k_pid_vsp": [252.16829747122196, 113.70412834013767, 0.17086735877015555]}, "datetime": {"datetime": "2025-08-13 20:06:54", "elapsed": 37142.54007601738, "delta": 17.498440265655518}, "costs": {"total_cost": 182.22309165921283, "time_cost": 69.657, "final_distance_cost": 1.8472893464280884, "oscillation_cost": 28.291219076735853, "completition_cost": 0.0, "overshoot_cost": 50.030610089755726, "power_cost": 12.036537231445314, "noise_cost": 20.360435914847837, "n_waypoints_completed": 9, "tot_waypoints": 9}}
{"target": -194.7872750895092, "params": {"k_pid_pos": [0.6703412513511076, 0.06437183876723863, 0.29429368387026816], "k_pid_alt": [1.3261710392804227, 0.0, 0.02943770087967328], "k_pid_att": [9.048877988679559, 3.997204937864917, 0.6548072679514928], "k_pid_yaw": [0.5, 1e-06, 0.1], "k_pid_hsp": [0.22229211443957841, 0.015515648298275049, 0.0], "k_pid_vsp": [246.88903713610043, 142.71122891789074, 0.2082048987077156]}, "datetime": {"datetime": "2025-08-13 20:07:12", "elapsed": 37160.8145673275, "delta": 18.27449131011963}, "costs": {"total_cost": 194.7872750895092, "time_cost": 75.22200000000001, "final_distance_cost": 1.8519190908313143, "oscillation_cost": 26.423943811464646, "completition_cost": 0.0, "overshoot_cost": 51.345141672851206, "power_cost": 16.54888153076172, "noise_cost": 23.395388983600306, "n_waypoints_completed": 9, "tot_waypoints": 9}}
{"target": -182.5086075428601, "params": {"k_pid_pos": [1.1385317928896448, 0.02965750091754013, 0.29565135512418256], "k_pid_alt": [1.4812003434111605, 0.0, 0.026264820837254444], "k_pid_att": [14.050909252206075, 3.265465570733267, 0.7697279121969939], "k_pid_yaw": [0.5, 1e-06, 0.1], "k_pid_hsp": [0.11163260565571886, 0.014417190555914075, 0.0], "k_pid_vsp": [216.5989540170588, 157.27607298317693, 0.22603490449034402]}, "datetime": {"datetime": "2025-08-13 20:07:29", "elapsed": 37177.03386282921, "delta": 16.219295501708984}, "costs": {"total_cost": 182.5086075428601, "time_cost": 69.265, "final_distance_cost": 1.8294921827366046, "oscillation_cost": 28.389499182506476, "completition_cost": 0.0, "overshoot_cost": 49.974388303978365, "power_cost": 13.017559899902345, "noise_cost": 20.032667973736306, "n_waypoints_completed": 9, "tot_waypoints": 9}}
{"target": -178.41212476754566, "params": {"k_pid_pos": [1.0616120773166946, 0.05635620136528454, 0.27552434685075744], "k_pid_alt": [1.40470422817817, 0.0, 0.027869426495127445], "k_pid_att": [9.192513253583014, 3.425302088302987, 0.6610711870663428], "k_pid_yaw": [0.5, 1e-06, 0.1], "k_pid_hsp": [0.2182589928588213, 0.013333662310509876, 0.0], "k_pid_vsp": [341.7464452587403, 118.98115104397107, 0.18805792682596212]}, "datetime": {"datetime": "2025-08-13 20:07:45", "elapsed": 37193.78434705734, "delta": 16.750484228134155}, "costs": {"total_cost": 178.41212476754566, "time_cost": 69.19500000000001, "final_distance_cost": 1.8266661917195017, "oscillation_cost": 28.74402110482079, "completition_cost": 0.0, "overshoot_cost": 50.00985915711787, "power_cost": 9.603796655273438, "noise_cost": 19.032781658614045, "n_waypoints_completed": 9, "tot_waypoints": 9}}
{"target": -180.73221144880776, "params": {"k_pid_pos": [1.0342365109487346, 0.02720492137562581, 0.2411297328755085], "k_pid_alt": [1.37175378448378, 0.0, 0.02397601917638277], "k_pid_att": [8.819047022724112, 4.068129007661477, 0.7192101685277091], "k_pid_yaw": [0.5, 1e-06, 0.1], "k_pid_hsp": [0.21624070030900736, 0.0151295406996381, 0.0], "k_pid_vsp": [289.1461355863912, 99.81128022460648, 0.15333553722933366]}, "datetime": {"datetime": "2025-08-13 20:08:02", "elapsed": 37210.495743751526, "delta": 16.71139669418335}, "costs": {"total_cost": 180.73221144880776, "time_cost": 69.111, "final_distance_cost": 1.8294971274729452, "oscillation_cost": 28.98631519853489, "completition_cost": 0.0, "overshoot_cost": 49.93663577931147, "power_cost": 11.162116650390626, "noise_cost": 19.706646693097802, "n_waypoints_completed": 9, "tot_waypoints": 9}}
{"target": -194.08712862181426, "params": {"k_pid_pos": [0.8138115939723386, 0.05287608501752745, 0.32983345355851673], "k_pid_alt": [1.1804082809648222, 0.0, 0.014320553853700846], "k_pid_att": [12.544664056727845, 3.3335581732367774, 0.6719788749721308], "k_pid_yaw": [0.5, 1e-06, 0.1], "k_pid_hsp": [0.20512357577982987, 0.014721045412634493, 0.0], "k_pid_vsp": [274.21278499148565, 107.43714442672116, 0.16128400686050756]}, "datetime": {"datetime": "2025-08-13 20:08:20", "elapsed": 37228.50106406212, "delta": 18.00532031059265}, "costs": {"total_cost": 194.08712862181426, "time_cost": 72.996, "final_distance_cost": 1.846244725523504, "oscillation_cost": 26.88562013320257, "completition_cost": 0.0, "overshoot_cost": 50.90272806638068, "power_cost": 18.281013903808596, "noise_cost": 23.175521792898895, "n_waypoints_completed": 9, "tot_waypoints": 9}}
{"target": -189.17406084769655, "params": {"k_pid_pos": [0.9859867692629162, 0.04980390963826792, 0.2625241494368777], "k_pid_alt": [1.324082026780043, 0.0, 0.02418528466704079], "k_pid_att": [9.668270565204487, 2.6717781748420557, 0.7452256542971134], "k_pid_yaw": [0.5, 1e-06, 0.1], "k_pid_hsp": [0.1832769296800889, 0.014785379535156518, 0.0], "k_pid_vsp": [310.26885719048636, 119.76310747375346, 0.14984654158150626]}, "datetime": {"datetime": "2025-08-13 20:08:36", "elapsed": 37244.94989299774, "delta": 16.44882893562317}, "costs": {"total_cost": 189.17406084769655, "time_cost": 69.818, "final_distance_cost": 1.8337149638989187, "oscillation_cost": 27.66922655972933, "completition_cost": 0.0, "overshoot_cost": 50.10272323769129, "power_cost": 18.037659155273438, "noise_cost": 21.712736931103557, "n_waypoints_completed": 9, "tot_waypoints": 9}}
{"target": -200.8700907814701, "params": {"k_pid_pos": [0.8024850313086218, 0.043619835599487844, 0.21518059231270747], "k_pid_alt": [1.0840826480493364, 0.0, 0.026466426889689088], "k_pid_att": [9.651991790948331, 3.2942197936517625, 0.7207174043657126], "k_pid_yaw": [0.5, 1e-06, 0.1], "k_pid_hsp": [0.22438490059277613, 0.014041551350487106, 0.0], "k_pid_vsp": [204.65947039585276, 170.68984446438927, 0.19291229934371476]}, "datetime": {"datetime": "2025-08-13 20:08:55", "elapsed": 37263.65284514427, "delta": 18.70295214653015}, "costs": {"total_cost": 200.8700907814701, "time_cost": 73.101, "final_distance_cost": 1.8367952038567996, "oscillation_cost": 27.64285645809313, "completition_cost": 0.0, "overshoot_cost": 51.333678045725414, "power_cost": 22.97506405029297, "noise_cost": 23.9806970235018, "n_waypoints_completed": 9, "tot_waypoints": 9}}
{"target": -225.72820344217627, "params": {"k_pid_pos": [1.0314150154652533, 0.06538658016151906, 0.20758016641670082], "k_pid_alt": [1.3394510529996009, 0.0, 0.023667140355976567], "k_pid_att": [9.92616673113866, 3.6822663325199194, 0.6387604710860328], "k_pid_yaw": [0.5, 1e-06, 0.1], "k_pid_hsp": [0.2562053602340475, 0.012971764985076161, 0.0], "k_pid_vsp": [269.0628659223317, 111.6525176869111, 0.13899963363680717]}, "datetime": {"datetime": "2025-08-13 20:09:13", "elapsed": 37281.77508735657, "delta": 18.122242212295532}, "costs": {"total_cost": 225.72820344217627, "time_cost": 79.065, "final_distance_cost": 1.8282726909050007, "oscillation_cost": 30.795026672906076, "completition_cost": 0.0, "overshoot_cost": 57.108749064139495, "power_cost": 26.60891317138672, "noise_cost": 30.32224184283899, "n_waypoints_completed": 9, "tot_waypoints": 9}}
{"target": -194.49704927441732, "params": {"k_pid_pos": [0.8520532547283791, 0.02544378437592279, 0.3116533051852754], "k_pid_alt": [1.2528901421949838, 0.0, 0.015272167313370411], "k_pid_att": [8.77058726707199, 3.5531940928643757, 0.5557247764790121], "k_pid_yaw": [0.5, 1e-06, 0.1], "k_pid_hsp": [0.16584788210139623, 0.014830419413507344, 0.0], "k_pid_vsp": [258.164203177942, 98.95328431676239, 0.15970793508422496]}, "datetime": {"datetime": "2025-08-13 20:09:31", "elapsed": 37299.26485514641, "delta": 17.4897677898407}, "costs": {"total_cost": 194.49704927441732, "time_cost": 72.07900000000001, "final_distance_cost": 1.8503196793812757, "oscillation_cost": 26.815031711826883, "completition_cost": 0.0, "overshoot_cost": 51.21940709070379, "power_cost": 19.78587227783203, "noise_cost": 22.747418514673342, "n_waypoints_completed": 9, "tot_waypoints": 9}}
{"target": -181.45265073033636, "params": {"k_pid_pos": [0.963555717988721, 0.058793281121240125, 0.36194439045323773], "k_pid_alt": [1.4270415678853032, 0.0, 0.028529007921883665], "k_pid_att": [9.407155675297426, 3.3448464173146597, 0.7064236036684766], "k_pid_yaw": [0.5, 1e-06, 0.1], "k_pid_hsp": [0.22230295486258425, 0.015799286566359805, 0.0], "k_pid_vsp": [289.60234273358407, 100.88754970844711, 0.17095093861454022]}, "datetime": {"datetime": "2025-08-13 20:09:49", "elapsed": 37317.35698723793, "delta": 18.092132091522217}, "costs": {"total_cost": 181.45265073033636, "time_cost": 70.483, "final_distance_cost": 1.833706452283128, "oscillation_cost": 27.63028453422657, "completition_cost": 0.0, "overshoot_cost": 50.01110322758678, "power_cost": 11.272246557617189, "noise_cost": 20.2223099586227, "n_waypoints_completed": 9, "tot_waypoints": 9}}
{"target": -177.26761127371927, "params": {"k_pid_pos": [0.9641783735565402, 0.04731920074387971, 0.22579633427334755], "k_pid_alt": [1.3725419782648174, 0.0, 0.028795947372239523], "k_pid_att": [11.715855563579376, 3.585968771302857, 0.675183144055265], "k_pid_yaw": [0.5, 1e-06, 0.1], "k_pid_hsp": [0.18138120864580554, 0.01536155135208468, 0.0], "k_pid_vsp": [278.7573501513495, 136.37333030785183, 0.11543945239478048]}, "datetime": {"datetime": "2025-08-13 20:10:06", "elapsed": 37334.59810376167, "delta": 17.241116523742676}, "costs": {"total_cost": 177.26761127371927, "time_cost": 69.188, "final_distance_cost": 1.8244558522946253, "oscillation_cost": 27.878286357388195, "completition_cost": 0.0, "overshoot_cost": 49.842916952373, "power_cost": 9.379510546875, "noise_cost": 19.15444156478847, "n_waypoints_completed": 9, "tot_waypoints": 9}}
{"target": -185.7491374086997, "params": {"k_pid_pos": [0.8708069630617418, 0.04469690981395938, 0.29535919927994586], "k_pid_alt": [1.5564528792785397, 0.0, 0.01992008379932295], "k_pid_att": [10.031736014832838, 3.7916978544891635, 0.6664908976062859], "k_pid_yaw": [0.5, 1e-06, 0.1], "k_pid_hsp": [0.21823939535545686, 0.01187381742805625, 0.0], "k_pid_vsp": [275.1836470075892, 134.72664766576506, 0.15594742581113552]}, "datetime": {"datetime": "2025-08-13 20:10:24", "elapsed": 37352.30182719231, "delta": 17.703723430633545}, "costs": {"total_cost": 185.7491374086997, "time_cost": 70.833, "final_distance_cost": 1.8408790782462459, "oscillation_cost": 26.559598591230152, "completition_cost": 0.0, "overshoot_cost": 50.26854356284924, "power_cost": 14.744265893554688, "noise_cost": 21.502850282819402, "n_waypoints_completed": 9, "tot_waypoints": 9}}
{"target": -183.70226989666997, "params": {"k_pid_pos": [1.0641191283164397, 0.07915766766933628, 0.28881150550609974], "k_pid_alt": [0.9376195567889037, 0.0, 0.026889822205603816], "k_pid_att": [11.095621038989565, 3.391822514400983, 0.44434067062935867], "k_pid_yaw": [0.5, 1e-06, 0.1], "k_pid_hsp": [0.18463245782962848, 0.013465285261731451, 0.0], "k_pid_vsp": [380.80526980564446, 114.40564910407407, 0.13699328799922436]}, "datetime": {"datetime": "2025-08-13 20:10:40", "elapsed": 37368.35099577904, "delta": 16.049168586730957}, "costs": {"total_cost": 183.70226989666997, "time_cost": 70.63, "final_distance_cost": 1.8300676272039031, "oscillation_cost": 28.448680967141737, "completition_cost": 0.0, "overshoot_cost": 50.48277319038986, "power_cost": 12.197512634277345, "noise_cost": 20.11323547765717, "n_waypoints_completed": 9, "tot_waypoints": 9}}
{"target": -193.56919238004795, "params": {"k_pid_pos": [0.8209462522992945, 0.05688309360146355, 0.35591291275013814], "k_pid_alt": [1.5268389947214471, 0.0, 0.02463138310100706], "k_pid_att": [8.182569316735346, 2.6266559536204794, 0.7544140564151998], "k_pid_yaw": [0.5, 1e-06, 0.1], "k_pid_hsp": [0.17255646862089322, 0.017193644379109124, 0.0], "k_pid_vsp": [246.00220727961968, 96.47512726859804, 0.2050653872104656]}, "datetime": {"datetime": "2025-08-13 20:10:58", "elapsed": 37386.06225395203, "delta": 17.71125817298889}, "costs": {"total_cost": 193.56919238004795, "time_cost": 72.52, "final_distance_cost": 1.8489580932856224, "oscillation_cost": 26.67821618055187, "completition_cost": 0.0, "overshoot_cost": 50.96586823459594, "power_cost": 18.57755985107422, "noise_cost": 22.97859002054032, "n_waypoints_completed": 9, "tot_waypoints": 9}}
{"target": -181.6126145615154, "params": {"k_pid_pos": [0.8288517129766771, 0.039139469685242706, 0.3371194338062729], "k_pid_alt": [1.2736629989544093, 0.0, 0.037293403900664], "k_pid_att": [8.463580739605046, 4.129083097614063, 0.3893941081885786], "k_pid_yaw": [0.5, 1e-06, 0.1], "k_pid_hsp": [0.18196274227900688, 0.014258426275586608, 0.0], "k_pid_vsp": [241.1234402939153, 162.68144554430725, 0.13089080490926058]}, "datetime": {"datetime": "2025-08-13 20:11:14", "elapsed": 37402.88196372986, "delta": 16.81970977783203}, "costs": {"total_cost": 181.6126145615154, "time_cost": 72.21900000000001, "final_distance_cost": 1.8494296745397536, "oscillation_cost": 26.95766922282944, "completition_cost": 0.0, "overshoot_cost": 50.190935934387525, "power_cost": 10.037933447265626, "noise_cost": 20.35764628249302, "n_waypoints_completed": 9, "tot_waypoints": 9}}
{"target": -191.4231967952911, "params": {"k_pid_pos": [0.8028964389002248, 0.039325303887718106, 0.2752677764427091], "k_pid_alt": [1.5619847858611304, 0.0, 0.02336802255208488], "k_pid_att": [9.007138899619989, 3.451448150285144, 0.5406982426026734], "k_pid_yaw": [0.5, 1e-06, 0.1], "k_pid_hsp": [0.21259502287932838, 0.013324005502877495, 0.0], "k_pid_vsp": [348.68170393502265, 102.53947900223551, 0.1447285695851097]}, "datetime": {"datetime": "2025-08-13 20:11:32", "elapsed": 37420.40864801407, "delta": 17.526684284210205}, "costs": {"total_cost": 191.4231967952911, "time_cost": 72.016, "final_distance_cost": 1.8497890516766808, "oscillation_cost": 26.967462864853413, "completition_cost": 0.0, "overshoot_cost": 51.0688658969756, "power_cost": 17.00403239746094, "noise_cost": 22.517046584324444, "n_waypoints_completed": 9, "tot_waypoints": 9}}
{"target": -195.69734187414946, "params": {"k_pid_pos": [0.6797605488414235, 0.051791183261124585, 0.20848210073864648], "k_pid_alt": [1.2054330976908272, 0.0, 0.023249845608416836], "k_pid_att": [10.560094541172703, 2.674648897307932, 0.588929201715798], "k_pid_yaw": [0.5, 1e-06, 0.1], "k_pid_hsp": [0.21867218679676992, 0.01656933908599363, 0.0], "k_pid_vsp": [239.96617209828938, 101.21879303781323, 0.13850707273002758]}, "datetime": {"datetime": "2025-08-13 20:11:49", "elapsed": 37437.43751645088, "delta": 17.028868436813354}, "costs": {"total_cost": 195.69734187414946, "time_cost": 74.242, "final_distance_cost": 1.8403727736192492, "oscillation_cost": 26.57579537065324, "completition_cost": 0.0, "overshoot_cost": 50.86820076308953, "power_cost": 18.59741796875, "noise_cost": 23.573554998037437, "n_waypoints_completed": 9, "tot_waypoints": 9}}
