{"target": -201.0898814123543, "params": {"k_pid_pos": [0.53070307505508, 0.045584244276041096, 0.00623853304682534], "k_pid_alt": [1.0441075386052665, 0.0, 0.023135665680232443], "k_pid_att": [16.33066592633665, 3.6362172261513375, 0.5372433014947567], "k_pid_yaw": [0.5, 1e-06, 0.1], "k_pid_hsp": [0.42049493142331534, 0.02006483425561127, 0.0], "k_pid_vsp": [239.8930270633256, 124.32206990088851, 0.265052919704702]}, "datetime": {"datetime": "2025-08-13 16:37:13", "elapsed": 24561.725358963013, "delta": 20.580666542053223}, "costs": {"total_cost": 201.0898814123543, "time_cost": 77.063, "final_distance_cost": 1.8458480438210292, "oscillation_cost": 26.73119497380746, "completition_cost": 0.0, "overshoot_cost": 51.236291216337285, "power_cost": 19.597377709960938, "noise_cost": 24.61616946842755, "n_waypoints_completed": 9, "tot_waypoints": 9}}
{"target": -186.83882600888114, "params": {"k_pid_pos": [0.6702534352022068, 0.08682102578160694, 0.19777635583055594], "k_pid_alt": [1.7613407290799807, 0.0, 0.026708997468305518], "k_pid_att": [18.133270965630857, 7.812898352719934, 0.5728601522801432], "k_pid_yaw": [0.5, 1e-06, 0.1], "k_pid_hsp": [0.34777292604180393, 0.04436103232120725, 0.0], "k_pid_vsp": [212.40542476812286, 111.28574190945425, 0.15634803314381704]}, "datetime": {"datetime": "2025-08-13 16:37:33", "elapsed": 24581.641302347183, "delta": 19.915943384170532}, "costs": {"total_cost": 186.83882600888114, "time_cost": 73.99, "final_distance_cost": 1.8424216194972955, "oscillation_cost": 27.70121384598512, "completition_cost": 0.0, "overshoot_cost": 50.58818765127987, "power_cost": 11.20645262451172, "noise_cost": 21.510550267607123, "n_waypoints_completed": 9, "tot_waypoints": 9}}
{"target": -186.04924803791272, "params": {"k_pid_pos": [1.0187510824662651, 0.09191298260555907, 0.07149648092134347], "k_pid_alt": [1.5150416600976755, 0.0, 0.03214599697476948], "k_pid_att": [19.254848130368426, 0.8463412504791433, 0.5158559211990266], "k_pid_yaw": [0.5, 1e-06, 0.1], "k_pid_hsp": [0.3263767042177435, 0.023773199829088595, 0.0], "k_pid_vsp": [338.71214445663196, 130.17330977153566, 0.259179356299185]}, "datetime": {"datetime": "2025-08-13 16:37:51", "elapsed": 24599.9386241436, "delta": 18.297321796417236}, "costs": {"total_cost": 186.04924803791272, "time_cost": 69.153, "final_distance_cost": 1.8096434288305212, "oscillation_cost": 30.028657002447492, "completition_cost": 0.0, "overshoot_cost": 50.47533688816449, "power_cost": 14.039137841796876, "noise_cost": 20.543472876673334, "n_waypoints_completed": 9, "tot_waypoints": 9}}
{"target": -186.3886460325083, "params": {"k_pid_pos": [0.8779321945361059, 0.06627084752292596, 0.03407472425028534], "k_pid_alt": [1.4761200156651437, 0.0, 0.017727228895088685], "k_pid_att": [17.396098253132177, 6.776898304549981, 0.6444508497964327], "k_pid_yaw": [0.5, 1e-06, 0.1], "k_pid_hsp": [0.21807978896920663, 0.01825631226001993, 0.0], "k_pid_vsp": [258.46998637568726, 92.16506211247388, 0.21650340081913277]}, "datetime": {"datetime": "2025-08-13 16:38:10", "elapsed": 24618.377332687378, "delta": 18.438708543777466}, "costs": {"total_cost": 186.3886460325083, "time_cost": 69.59400000000001, "final_distance_cost": 1.8134829786132673, "oscillation_cost": 28.48902103742907, "completition_cost": 0.0, "overshoot_cost": 50.40651437956895, "power_cost": 15.161569177246095, "noise_cost": 20.924058459650922, "n_waypoints_completed": 9, "tot_waypoints": 9}}
{"target": -194.23793076485947, "params": {"k_pid_pos": [0.817544176193589, 0.03084766503412314, 0.0], "k_pid_alt": [1.381064792007135, 0.0, 0.0218912607307518], "k_pid_att": [2.2661614695644303, 4.432923370197008, 0.46423008674486405], "k_pid_yaw": [0.5, 1e-06, 0.1], "k_pid_hsp": [0.3250879910750413, 0.026474803726436864, 0.0], "k_pid_vsp": [264.25154042137683, 145.6753425585022, 0.1115442657402121]}, "datetime": {"datetime": "2025-08-13 16:38:28", "elapsed": 24636.357347249985, "delta": 17.98001456260681}, "costs": {"total_cost": 194.23793076485947, "time_cost": 69.013, "final_distance_cost": 1.8429418398922737, "oscillation_cost": 37.05503851854845, "completition_cost": 0.0, "overshoot_cost": 49.814475342798914, "power_cost": 15.606176452636719, "noise_cost": 20.906298610983086, "n_waypoints_completed": 9, "tot_waypoints": 9}}
{"target": -183.7363534344162, "params": {"k_pid_pos": [0.9235157446596757, 0.08338990809105862, 0.17851883243807598], "k_pid_alt": [0.8739582051625892, 0.0, 0.03023243411923623], "k_pid_att": [16.04676148448687, 8.62798715536182, 0.44275040468360327], "k_pid_yaw": [0.5, 1e-06, 0.1], "k_pid_hsp": [0.20388021167825546, 0.03322359343766699, 0.0], "k_pid_vsp": [180.08530622288632, 126.83690744788889, 0.15270289098797882]}, "datetime": {"datetime": "2025-08-13 16:38:47", "elapsed": 24655.64053249359, "delta": 19.283185243606567}, "costs": {"total_cost": 183.7363534344162, "time_cost": 70.917, "final_distance_cost": 1.8435322497749331, "oscillation_cost": 29.303658102305956, "completition_cost": 0.0, "overshoot_cost": 49.482694803049775, "power_cost": 11.979928039550781, "noise_cost": 20.209540239734753, "n_waypoints_completed": 9, "tot_waypoints": 9}}
{"target": -185.2432546508415, "params": {"k_pid_pos": [0.9010295595240186, 0.07992530536826821, 0.1382158598649077], "k_pid_alt": [1.3886253261638741, 0.0, 0.01766392203417397], "k_pid_att": [14.562714234144742, 6.116122209006893, 0.7734017162979138], "k_pid_yaw": [0.5, 1e-06, 0.1], "k_pid_hsp": [0.2272030377595288, 0.021521859806452315, 0.0], "k_pid_vsp": [197.60792163666827, 159.32109316431072, 0.25917727025097587]}, "datetime": {"datetime": "2025-08-13 16:39:06", "elapsed": 24674.938031435013, "delta": 19.29749894142151}, "costs": {"total_cost": 185.2432546508415, "time_cost": 69.45400000000001, "final_distance_cost": 1.8412001981021726, "oscillation_cost": 28.333319072801043, "completition_cost": 0.0, "overshoot_cost": 50.0005091391036, "power_cost": 14.830772143554688, "noise_cost": 20.78345409727997, "n_waypoints_completed": 9, "tot_waypoints": 9}}
{"target": -181.28080376628745, "params": {"k_pid_pos": [1.0633526359321464, 0.043188372818220834, 0.0], "k_pid_alt": [1.888516254069015, 0.0, 0.016180544363964478], "k_pid_att": [20.3676747321425, 5.368409896475921, 0.6618503630528328], "k_pid_yaw": [0.5, 1e-06, 0.1], "k_pid_hsp": [0.2858749911191346, 0.017905939912794405, 0.0], "k_pid_vsp": [303.2362103638333, 147.0095357582242, 0.16424149700493754]}, "datetime": {"datetime": "2025-08-13 16:39:29", "elapsed": 24697.896203279495, "delta": 22.958171844482422}, "costs": {"total_cost": 181.28080376628745, "time_cost": 68.348, "final_distance_cost": 1.8269607083087622, "oscillation_cost": 30.844942836007505, "completition_cost": 0.0, "overshoot_cost": 49.8729217885527, "power_cost": 11.13680115966797, "noise_cost": 19.251177273750493, "n_waypoints_completed": 9, "tot_waypoints": 9}}
{"target": -212.6778777666861, "params": {"k_pid_pos": [0.5073421971856391, 0.07827943554101292, 0.12099877226448895], "k_pid_alt": [1.2452927347509497, 0.0, 0.02389995732781149], "k_pid_att": [11.469187150990548, 6.054310317805839, 0.6867830504548671], "k_pid_yaw": [0.5, 1e-06, 0.1], "k_pid_hsp": [0.3500534975171938, 0.022016975157469393, 0.0], "k_pid_vsp": [265.384086662702, 120.52348363728561, 0.2686062319332991]}, "datetime": {"datetime": "2025-08-13 16:39:57", "elapsed": 24725.397515773773, "delta": 27.501312494277954}, "costs": {"total_cost": 212.6778777666861, "time_cost": 80.633, "final_distance_cost": 1.8418705478635065, "oscillation_cost": 26.678810015838437, "completition_cost": 0.0, "overshoot_cost": 52.75125224735406, "power_cost": 24.20201260986328, "noise_cost": 26.570932345766796, "n_waypoints_completed": 9, "tot_waypoints": 9}}
{"target": -189.36996468121276, "params": {"k_pid_pos": [0.6555949005384364, 0.0935981812087817, 0.308374083545978], "k_pid_alt": [2.0, 0.0, 0.023509656129122494], "k_pid_att": [17.653627879139815, 2.8621657395921023, 0.8321137400179981], "k_pid_yaw": [0.5, 1e-06, 0.1], "k_pid_hsp": [0.18863419499505543, 0.018074456382364993, 0.0], "k_pid_vsp": [289.03924479996743, 129.2322643870467, 0.15836376278891892]}, "datetime": {"datetime": "2025-08-13 16:40:19", "elapsed": 24747.883917808533, "delta": 22.48640203475952}, "costs": {"total_cost": 189.36996468121276, "time_cost": 74.641, "final_distance_cost": 1.848530188331883, "oscillation_cost": 25.73904770834861, "completition_cost": 0.0, "overshoot_cost": 51.388948812866865, "power_cost": 13.202623608398438, "noise_cost": 22.549814363266975, "n_waypoints_completed": 9, "tot_waypoints": 9}}
{"target": -194.5851998436547, "params": {"k_pid_pos": [0.9390261866140013, 0.06459694104904812, 0.22820851297757525], "k_pid_alt": [1.382791567361832, 0.0, 0.021259033462427673], "k_pid_att": [25.562404796706264, 6.75951958552471, 0.20778089874419728], "k_pid_yaw": [0.5, 1e-06, 0.1], "k_pid_hsp": [0.25636204067324064, 0.023149186901484913, 0.0], "k_pid_vsp": [224.8241001243122, 128.03637529754823, 0.11441427879718853]}, "datetime": {"datetime": "2025-08-13 16:40:37", "elapsed": 24765.7441341877, "delta": 17.86021637916565}, "costs": {"total_cost": 194.5851998436547, "time_cost": 70.462, "final_distance_cost": 1.8316673858972958, "oscillation_cost": 28.088898252378844, "completition_cost": 0.0, "overshoot_cost": 50.6728117546292, "power_cost": 20.944952734375, "noise_cost": 22.584869716374353, "n_waypoints_completed": 9, "tot_waypoints": 9}}
{"target": -191.40097338230206, "params": {"k_pid_pos": [1.442189900542421, 0.09695257038355383, 0.15363488944508605], "k_pid_alt": [1.3878610647956149, 0.0, 0.01515611662269789], "k_pid_att": [20.13796461554445, 6.860323364667319, 0.5545860363496682], "k_pid_yaw": [0.5, 1e-06, 0.1], "k_pid_hsp": [0.4741636948522509, 0.018290356293456666, 0.0], "k_pid_vsp": [242.42829409064925, 205.82159778242138, 0.18893132112487257]}, "datetime": {"datetime": "2025-08-13 16:40:57", "elapsed": 24785.652525663376, "delta": 19.90839147567749}, "costs": {"total_cost": 191.40097338230206, "time_cost": 69.384, "final_distance_cost": 1.8030318859717323, "oscillation_cost": 31.479586779071337, "completition_cost": 0.0, "overshoot_cost": 50.7091498346538, "power_cost": 16.973538293457032, "noise_cost": 21.051666589148134, "n_waypoints_completed": 9, "tot_waypoints": 9}}
{"target": -188.5585282307453, "params": {"k_pid_pos": [0.5993009048479717, 0.05254887203278752, 0.0], "k_pid_alt": [1.9144104295112185, 0.0, 0.022685732383836168], "k_pid_att": [18.754866574872565, 5.214700681513876, 0.7047178122315324], "k_pid_yaw": [0.5, 1e-06, 0.1], "k_pid_hsp": [0.3430771534923041, 0.024135414720109827, 0.0], "k_pid_vsp": [255.81390384158894, 92.67059328632098, 0.26720289742201064]}, "datetime": {"datetime": "2025-08-13 16:41:16", "elapsed": 24804.587255239487, "delta": 18.93472957611084}, "costs": {"total_cost": 188.5585282307453, "time_cost": 72.59, "final_distance_cost": 1.8466275483807582, "oscillation_cost": 26.928170228975276, "completition_cost": 0.0, "overshoot_cost": 50.707627424410965, "power_cost": 14.397834362792969, "noise_cost": 22.08826866618533, "n_waypoints_completed": 9, "tot_waypoints": 9}}
{"target": -190.5419239122866, "params": {"k_pid_pos": [0.7590451472692736, 0.06705945013285114, 0.07382610409302383], "k_pid_alt": [1.8213781220671723, 0.0, 0.019183260746650308], "k_pid_att": [16.714827827907254, 3.9645596731817343, 0.5883612916744744], "k_pid_yaw": [0.5, 1e-06, 0.1], "k_pid_hsp": [0.3483269059448529, 0.001549522192069425, 0.0], "k_pid_vsp": [270.6913893293989, 212.13936486619255, 0.08807755782251986]}, "datetime": {"datetime": "2025-08-13 16:41:34", "elapsed": 24822.333689928055, "delta": 17.746434688568115}, "costs": {"total_cost": 190.5419239122866, "time_cost": 71.19, "final_distance_cost": 1.8428238072163245, "oscillation_cost": 26.290563337591472, "completition_cost": 0.0, "overshoot_cost": 50.53651779883414, "power_cost": 18.156618994140626, "noise_cost": 22.525399974504033, "n_waypoints_completed": 9, "tot_waypoints": 9}}
{"target": -177.23865479786875, "params": {"k_pid_pos": [0.9591425854837214, 0.07806636577586111, 0.25552470025980856], "k_pid_alt": [1.591485496441958, 0.0, 0.022417552917088687], "k_pid_att": [14.748987040417505, 5.855854480568975, 0.6923111272525965], "k_pid_yaw": [0.5, 1e-06, 0.1], "k_pid_hsp": [0.2034790477244901, 0.01547304526922507, 0.0], "k_pid_vsp": [249.42165477532194, 119.04266675281919, 0.14279089349449312]}, "datetime": {"datetime": "2025-08-13 16:41:53", "elapsed": 24841.264654636383, "delta": 18.930964708328247}, "costs": {"total_cost": 177.23865479786875, "time_cost": 69.363, "final_distance_cost": 1.8325328365234348, "oscillation_cost": 27.697871950547118, "completition_cost": 0.0, "overshoot_cost": 50.31013701466434, "power_cost": 8.974313134765625, "noise_cost": 19.060799861368228, "n_waypoints_completed": 9, "tot_waypoints": 9}}
{"target": -189.445712290481, "params": {"k_pid_pos": [0.8523083932161581, 0.08726326714350717, 0.1295785139597312], "k_pid_alt": [1.217644872146822, 0.0, 0.02202073085744455], "k_pid_att": [19.20074824555491, 5.025889481776588, 0.6778739838698691], "k_pid_yaw": [0.5, 1e-06, 0.1], "k_pid_hsp": [0.47641371508889113, 0.0245113665413882, 0.0], "k_pid_vsp": [194.8232040423245, 94.35819933569418, 0.19408730896337742]}, "datetime": {"datetime": "2025-08-13 16:42:13", "elapsed": 24861.166132688522, "delta": 19.901478052139282}, "costs": {"total_cost": 189.445712290481, "time_cost": 70.868, "final_distance_cost": 1.834029441916106, "oscillation_cost": 28.0027084183895, "completition_cost": 0.0, "overshoot_cost": 50.41093858517985, "power_cost": 16.462630627441406, "noise_cost": 21.86740521755414, "n_waypoints_completed": 9, "tot_waypoints": 9}}
{"target": -183.10067020276406, "params": {"k_pid_pos": [0.8532268385367693, 0.07082155906119632, 0.20953786717171716], "k_pid_alt": [1.612677751048779, 0.0, 0.03158912561655455], "k_pid_att": [12.832586213122815, 8.347977933086886, 0.7193229855536666], "k_pid_yaw": [0.5, 1e-06, 0.1], "k_pid_hsp": [0.2741007755247907, 0.015833111529572983, 0.0], "k_pid_vsp": [210.16430623201668, 144.878894287446, 0.2118259610804757]}, "datetime": {"datetime": "2025-08-13 16:42:34", "elapsed": 24882.34360742569, "delta": 21.17747473716736}, "costs": {"total_cost": 183.10067020276406, "time_cost": 70.154, "final_distance_cost": 1.8383577096152275, "oscillation_cost": 27.727072054823374, "completition_cost": 0.0, "overshoot_cost": 50.17227853225948, "power_cost": 12.620898254394533, "noise_cost": 20.588063651671444, "n_waypoints_completed": 9, "tot_waypoints": 9}}
{"target": -184.26610349363776, "params": {"k_pid_pos": [1.2261952187802823, 0.06315926038315439, 0.42629051172332605], "k_pid_alt": [1.346965092421889, 0.0, 0.029816537646632318], "k_pid_att": [19.826955052961974, 10.0, 0.4663396050163479], "k_pid_yaw": [0.5, 1e-06, 0.1], "k_pid_hsp": [0.2292527817342622, 0.018329609697684376, 0.0], "k_pid_vsp": [206.77831039682155, 210.54896810265643, 0.19460236259162592]}, "datetime": {"datetime": "2025-08-13 16:42:53", "elapsed": 24901.188104867935, "delta": 18.844497442245483}, "costs": {"total_cost": 184.26610349363776, "time_cost": 69.055, "final_distance_cost": 1.8282226530413925, "oscillation_cost": 28.97830344013518, "completition_cost": 0.0, "overshoot_cost": 49.7442111249385, "power_cost": 14.153614953613282, "noise_cost": 20.506751321909416, "n_waypoints_completed": 9, "tot_waypoints": 9}}
{"target": -193.19447724062377, "params": {"k_pid_pos": [0.6520166123788457, 0.06406866336146096, 0.1757518158237933], "k_pid_alt": [1.242694852337131, 0.0, 0.01071681064268794], "k_pid_att": [28.992099119815638, 5.583996624545563, 0.6591393155158287], "k_pid_yaw": [0.5, 1e-06, 0.1], "k_pid_hsp": [0.311968134719846, 0.01826950332640604, 0.0], "k_pid_vsp": [313.71620538157526, 116.43688005229336, 0.13925395154353962]}, "datetime": {"datetime": "2025-08-13 16:43:13", "elapsed": 24921.44794678688, "delta": 20.259841918945312}, "costs": {"total_cost": 193.19447724062377, "time_cost": 75.159, "final_distance_cost": 1.8454722367778427, "oscillation_cost": 26.261751188409804, "completition_cost": 0.0, "overshoot_cost": 51.00517485882667, "power_cost": 15.740881420898438, "noise_cost": 23.182197535711012, "n_waypoints_completed": 9, "tot_waypoints": 9}}
{"target": -183.67161762550143, "params": {"k_pid_pos": [1.1020188295648614, 0.054408333664547816, 0.35076045103357667], "k_pid_alt": [1.5157314434188163, 0.0, 0.022895354759871773], "k_pid_att": [11.640809912916334, 3.482486237583778, 0.6435302497167241], "k_pid_yaw": [0.5, 1e-06, 0.1], "k_pid_hsp": [0.22501229391406655, 0.01598533151552766, 0.0], "k_pid_vsp": [236.5993988278672, 195.8207691938811, 0.10412585100488377]}, "datetime": {"datetime": "2025-08-13 16:43:32", "elapsed": 24940.720058202744, "delta": 19.272111415863037}, "costs": {"total_cost": 183.67161762550143, "time_cost": 69.21600000000001, "final_distance_cost": 1.8454159240447372, "oscillation_cost": 28.08573293598209, "completition_cost": 0.0, "overshoot_cost": 50.09364506212649, "power_cost": 13.832529211425783, "noise_cost": 20.598294491922303, "n_waypoints_completed": 9, "tot_waypoints": 9}}
{"target": -183.15241850389145, "params": {"k_pid_pos": [1.0874158040789996, 0.01623120670600047, 0.24738350024797903], "k_pid_alt": [1.3908230611748695, 0.0, 0.030925275999743037], "k_pid_att": [15.227042282008725, 3.6053926145776707, 0.5591101074844883], "k_pid_yaw": [0.5, 1e-06, 0.1], "k_pid_hsp": [0.26399269861618474, 0.023946797420042052, 0.0], "k_pid_vsp": [300.13290994016035, 147.20054619300063, 0.1661485498594042]}, "datetime": {"datetime": "2025-08-13 16:43:52", "elapsed": 24960.040201425552, "delta": 19.320143222808838}, "costs": {"total_cost": 183.15241850389145, "time_cost": 68.999, "final_distance_cost": 1.8471880411261747, "oscillation_cost": 29.23821467383494, "completition_cost": 0.0, "overshoot_cost": 49.74356151975329, "power_cost": 12.992482189941407, "noise_cost": 20.331972079235673, "n_waypoints_completed": 9, "tot_waypoints": 9}}
{"target": -180.58576660710497, "params": {"k_pid_pos": [0.8579922103351159, 0.07377836480173439, 0.17516816583495254], "k_pid_alt": [1.6805311868516384, 0.0, 0.005328846441485187], "k_pid_att": [11.449949245083781, 5.520151675262315, 0.35079795834026456], "k_pid_yaw": [0.5, 1e-06, 0.1], "k_pid_hsp": [0.2861338934903679, 0.014626024342871675, 0.0], "k_pid_vsp": [276.46124418006053, 166.335091831705, 0.13310669243459916]}, "datetime": {"datetime": "2025-08-13 16:44:13", "elapsed": 24981.29728126526, "delta": 21.25707983970642}, "costs": {"total_cost": 180.58576660710497, "time_cost": 69.769, "final_distance_cost": 1.8316063854787539, "oscillation_cost": 27.3019648456901, "completition_cost": 0.0, "overshoot_cost": 50.241705905618545, "power_cost": 11.314867553710938, "noise_cost": 20.12662191660665, "n_waypoints_completed": 9, "tot_waypoints": 9}}
{"target": -189.19938532099354, "params": {"k_pid_pos": [0.8452501442339807, 0.06382229005256292, 0.21366581501502072], "k_pid_alt": [1.294484923035731, 0.0, 0.023024389178823882], "k_pid_att": [13.702752978744059, 3.6896239219398517, 0.8251557251245814], "k_pid_yaw": [0.5, 1e-06, 0.1], "k_pid_hsp": [0.2648495649376991, 0.020621773418545552, 0.0], "k_pid_vsp": [268.48949162632283, 153.27220565548035, 0.10529766901256772]}, "datetime": {"datetime": "2025-08-13 16:44:40", "elapsed": 25008.798699617386, "delta": 27.501418352127075}, "costs": {"total_cost": 189.19938532099354, "time_cost": 70.854, "final_distance_cost": 1.8383628259890454, "oscillation_cost": 27.23578269568429, "completition_cost": 0.0, "overshoot_cost": 50.532467844960976, "power_cost": 16.832960583496096, "noise_cost": 21.905811370863134, "n_waypoints_completed": 9, "tot_waypoints": 9}}
{"target": -186.3839083929043, "params": {"k_pid_pos": [0.6815631016484825, 0.058218730680160403, 0.2730792811015739], "k_pid_alt": [1.7937360478338433, 0.0, 0.02172707016282743], "k_pid_att": [29.100080368411245, 4.62092961279584, 0.3282394262061756], "k_pid_yaw": [0.5, 1e-06, 0.1], "k_pid_hsp": [0.20727299095188578, 0.015560954737379394, 0.0], "k_pid_vsp": [245.9202367989163, 73.97601598545806, 0.06610286487219176]}, "datetime": {"datetime": "2025-08-13 16:45:00", "elapsed": 25028.952189683914, "delta": 20.15349006652832}, "costs": {"total_cost": 186.3839083929043, "time_cost": 73.82900000000001, "final_distance_cost": 1.8403737595674101, "oscillation_cost": 25.741420659565883, "completition_cost": 0.0, "overshoot_cost": 50.8315607429548, "power_cost": 12.200009777832031, "noise_cost": 21.941543452984135, "n_waypoints_completed": 9, "tot_waypoints": 9}}
{"target": -181.52957512591027, "params": {"k_pid_pos": [0.9008897935872255, 0.05616880976102501, 0.31754890626482607], "k_pid_alt": [1.4854798374421223, 0.0, 0.02424942427270596], "k_pid_att": [11.055722759658451, 3.689437932882021, 0.6356215632376001], "k_pid_yaw": [0.5, 1e-06, 0.1], "k_pid_hsp": [0.24895035542248864, 0.01380889757838473, 0.0], "k_pid_vsp": [305.53926278652233, 123.96953376153685, 0.18208954569622046]}, "datetime": {"datetime": "2025-08-13 16:45:20", "elapsed": 25048.652605056763, "delta": 19.70041537284851}, "costs": {"total_cost": 181.52957512591027, "time_cost": 70.938, "final_distance_cost": 1.8387901883165971, "oscillation_cost": 27.099380067201423, "completition_cost": 0.0, "overshoot_cost": 50.10721377417275, "power_cost": 11.055687011718751, "noise_cost": 20.490504084500735, "n_waypoints_completed": 9, "tot_waypoints": 9}}
