{"target": -185.44516849554338, "params": {"k_pid_pos": [1.0471004689907384, 0.0, 0.20920997672706743], "k_pid_alt": [1.9924319119124323, 0.015734162414439746, 0.03669237827671153], "k_pid_att": [45.410604253998265, 6.284983721961396, 1.0], "k_pid_yaw": [0.5, 1e-06, 0.1], "k_pid_hsp": [0.896236825937406, 0.1317920376005677, 0.0], "k_pid_vsp": [166.67926387136936, 270.15978622726067, 0.2837947524918303]}, "datetime": {"datetime": "2025-08-13 12:46:34", "elapsed": 10722.763490200043, "delta": 16.682162284851074}, "costs": {"total_cost": 185.44516849554338, "time_cost": 69.769, "final_distance_cost": 1.854082535996862, "oscillation_cost": 33.409814604842396, "completition_cost": 0.0, "overshoot_cost": 49.52434023396456, "power_cost": 10.890408837890625, "noise_cost": 19.99752228284893, "n_waypoints_completed": 9, "tot_waypoints": 9}}
{"target": -192.72227077414144, "params": {"k_pid_pos": [1.6865664329112964, 0.18893775562457102, 0.03211412830359973], "k_pid_alt": [1.0054377344734235, 0.0, 0.031043133652196023], "k_pid_att": [29.61848708006552, 5.3837243603874745, 0.7074857009170877], "k_pid_yaw": [0.5, 1e-06, 0.1], "k_pid_hsp": [1.2597332084525512, 0.13442417675055288, 0.0], "k_pid_vsp": [193.77065940605428, 213.4255427567929, 0.27898514171986216]}, "datetime": {"datetime": "2025-08-13 12:46:51", "elapsed": 10739.101341485977, "delta": 16.33785128593445}, "costs": {"total_cost": 192.72227077414144, "time_cost": 69.552, "final_distance_cost": 1.7767697097840178, "oscillation_cost": 38.305450767781075, "completition_cost": 0.0, "overshoot_cost": 50.164857889676895, "power_cost": 13.194380627441406, "noise_cost": 19.72881177945806, "n_waypoints_completed": 9, "tot_waypoints": 9}}
{"target": -199.86302002445703, "params": {"k_pid_pos": [1.6338605620032034, 0.11153673458334458, 0.07690847341825435], "k_pid_alt": [0.9110304880523415, 0.013981851360282403, 0.03681735459846041], "k_pid_att": [44.07261840959581, 10.0, 0.4842304474858754], "k_pid_yaw": [0.5, 1e-06, 0.1], "k_pid_hsp": [2.018145945626745, 0.0887865927954774, 0.0], "k_pid_vsp": [66.68834895428994, 261.28903220822366, 0.26232835894706835]}, "datetime": {"datetime": "2025-08-13 12:47:07", "elapsed": 10755.179181337357, "delta": 16.077839851379395}, "costs": {"total_cost": 199.86302002445703, "time_cost": 69.356, "final_distance_cost": 1.753426834107915, "oscillation_cost": 38.37305738396201, "completition_cost": 0.0, "overshoot_cost": 50.676163976325654, "power_cost": 18.651750439453124, "noise_cost": 21.052621390608323, "n_waypoints_completed": 9, "tot_waypoints": 9}}
{"target": -202.31484315571498, "params": {"k_pid_pos": [1.8513553521574238, 0.3716733412842325, 0.06202303921049904], "k_pid_alt": [1.3959241064236325, 0.007604576099137265, 0.045952349642652046], "k_pid_att": [43.257553772580344, 6.5678154879931645, 1.0], "k_pid_yaw": [0.5, 1e-06, 0.1], "k_pid_hsp": [0.47250818751026924, 0.11558775792411619, 0.0], "k_pid_vsp": [149.79265382003692, 57.28154663782524, 0.14633974297908106]}, "datetime": {"datetime": "2025-08-13 12:47:24", "elapsed": 10772.329077243805, "delta": 17.149895906448364}, "costs": {"total_cost": 202.31484315571498, "time_cost": 73.808, "final_distance_cost": 1.7763509584378248, "oscillation_cost": 41.60627577107647, "completition_cost": 0.0, "overshoot_cost": 51.260077258094746, "power_cost": 13.084680932617188, "noise_cost": 20.779458235488757, "n_waypoints_completed": 9, "tot_waypoints": 9}}
{"target": -206.22966209398353, "params": {"k_pid_pos": [1.11890299791336, 0.13542728245882618, 0.26376524472771945], "k_pid_alt": [0.4880894981085218, 0.011424012947407634, 0.05825422431296869], "k_pid_att": [42.91960846793611, 8.545278707533956, 0.7494451587746639], "k_pid_yaw": [0.5, 1e-06, 0.1], "k_pid_hsp": [0.9741795785499802, 0.08426276518225656, 0.0], "k_pid_vsp": [171.95222298436317, 245.73898743476522, 0.44032079856601714]}, "datetime": {"datetime": "2025-08-13 12:47:42", "elapsed": 10790.101484298706, "delta": 17.772407054901123}, "costs": {"total_cost": 206.22966209398353, "time_cost": 76.23, "final_distance_cost": 1.8298387958024984, "oscillation_cost": 33.436816022228285, "completition_cost": 0.0, "overshoot_cost": 50.75231891061399, "power_cost": 20.808640588378907, "noise_cost": 23.17204777695982, "n_waypoints_completed": 9, "tot_waypoints": 9}}
{"target": -4018.920709711245, "params": {"k_pid_pos": [2.0, 0.14882350675630626, 0.3243011492930598], "k_pid_alt": [0.9379289450615848, 0.0, 0.032495330588796376], "k_pid_att": [0.0, 5.5117305716064235, 0.7961404334903323], "k_pid_yaw": [0.5, 1e-06, 0.1], "k_pid_hsp": [0.9199149230521523, 0.0, 0.0], "k_pid_vsp": [115.9908744111885, 216.83548844787606, 0.26346965442511244]}, "datetime": {"datetime": "2025-08-13 12:48:10", "elapsed": 10818.11823296547, "delta": 28.016748666763306}, "costs": {"total_cost": 4018.920709711245, "time_cost": 150, "final_distance_cost": 268.8314936147422, "oscillation_cost": 1437.0153065898771, "completition_cost": 1000.0, "overshoot_cost": 950.3478975178127, "power_cost": 53.570101196289066, "noise_cost": 159.15591079252377, "n_waypoints_completed": 0, "tot_waypoints": 9}}
{"target": -703.8246531891302, "params": {"k_pid_pos": [2.0, 0.2761922930508636, 0.22910196321087847], "k_pid_alt": [0.08078671328961591, 0.011753612388576277, 0.049713792068651695], "k_pid_att": [35.05814343496349, 5.736509342942342, 1.0], "k_pid_yaw": [0.5, 1e-06, 0.1], "k_pid_hsp": [0.8505119405313711, 0.06927595533012486, 0.0], "k_pid_vsp": [103.72292847259622, 216.32197238827897, 0.5204968341340009]}, "datetime": {"datetime": "2025-08-13 12:48:38", "elapsed": 10846.721807718277, "delta": 28.603574752807617}, "costs": {"total_cost": 703.8246531891302, "time_cost": 150, "final_distance_cost": 68.90108473549925, "oscillation_cost": 36.00371105641513, "completition_cost": 333.33333333333337, "overshoot_cost": 51.40069298588101, "power_cost": 29.44670661621094, "noise_cost": 34.739124461790574, "n_waypoints_completed": 6, "tot_waypoints": 9}}
{"target": -250.61401368558145, "params": {"k_pid_pos": [1.7979559068460114, 0.39738798530559666, 0.1248258160051993], "k_pid_alt": [1.1962871998295699, 0.012202852659499332, 0.033164539720243906], "k_pid_att": [37.02132307763063, 6.705624931280351, 0.7513716743022641], "k_pid_yaw": [0.5, 1e-06, 0.1], "k_pid_hsp": [0.0854470339339785, 0.06846501566465742, 0.0], "k_pid_vsp": [123.7204717334265, 133.83627335363732, 1e-06]}, "datetime": {"datetime": "2025-08-13 12:49:00", "elapsed": 10868.921979904175, "delta": 22.200172185897827}, "costs": {"total_cost": 250.61401368558145, "time_cost": 93.982, "final_distance_cost": 1.749154289443879, "oscillation_cost": 58.878550140099556, "completition_cost": 0.0, "overshoot_cost": 52.89512885833091, "power_cost": 16.739365539550782, "noise_cost": 26.369814858156325, "n_waypoints_completed": 9, "tot_waypoints": 9}}
{"target": -186.60940994477323, "params": {"k_pid_pos": [1.320883276859109, 0.2289061430236369, 0.3130787425201403], "k_pid_alt": [1.2068753558684704, 0.015182087542360107, 0.027199023231738492], "k_pid_att": [27.13182730301263, 6.086699935424662, 1.0], "k_pid_yaw": [0.5, 1e-06, 0.1], "k_pid_hsp": [1.3012545647813256, 0.02513164834902182, 0.0], "k_pid_vsp": [61.43091091168446, 119.82995512961236, 0.6229508369869392]}, "datetime": {"datetime": "2025-08-13 12:49:17", "elapsed": 10885.149141073227, "delta": 16.227161169052124}, "costs": {"total_cost": 186.60940994477323, "time_cost": 69.265, "final_distance_cost": 1.8221344396303223, "oscillation_cost": 32.437848905771375, "completition_cost": 0.0, "overshoot_cost": 50.50981010791123, "power_cost": 12.496393542480469, "noise_cost": 20.078222948979867, "n_waypoints_completed": 9, "tot_waypoints": 9}}
{"target": -190.01480676854248, "params": {"k_pid_pos": [1.0248646367301582, 0.31275818091056684, 0.07559157060084898], "k_pid_alt": [0.9717554810126616, 0.009702708615049755, 0.03151148496818142], "k_pid_att": [50.061161721945204, 6.8684232965514775, 0.8413906183508137], "k_pid_yaw": [0.5, 1e-06, 0.1], "k_pid_hsp": [0.8652971841106235, 0.012037351228189622, 0.0], "k_pid_vsp": [131.69076221878038, 392.47543137080606, 0.08541997300885373]}, "datetime": {"datetime": "2025-08-13 12:49:34", "elapsed": 10902.71973323822, "delta": 17.570592164993286}, "costs": {"total_cost": 190.01480676854248, "time_cost": 73.773, "final_distance_cost": 1.7840598289564356, "oscillation_cost": 32.31388364934132, "completition_cost": 0.0, "overshoot_cost": 49.821670621936505, "power_cost": 11.803007482910157, "noise_cost": 20.519185185398083, "n_waypoints_completed": 9, "tot_waypoints": 9}}
{"target": -198.26012481712084, "params": {"k_pid_pos": [1.3214129638996877, 0.24508553234926814, 0.157020944754687], "k_pid_alt": [0.8335226073486567, 0.01747679624569201, 0.027234348243126427], "k_pid_att": [19.52910066293632, 4.261146535064122, 1.0], "k_pid_yaw": [0.5, 1e-06, 0.1], "k_pid_hsp": [0.8858284376271116, 0.04387177836244333, 0.0], "k_pid_vsp": [192.76927139453264, 400.0, 0.535233265601749]}, "datetime": {"datetime": "2025-08-13 12:49:51", "elapsed": 10919.77372956276, "delta": 17.053996324539185}, "costs": {"total_cost": 198.26012481712084, "time_cost": 71.918, "final_distance_cost": 1.8064956488977735, "oscillation_cost": 34.3391044141471, "completition_cost": 0.0, "overshoot_cost": 50.61299708277344, "power_cost": 17.967663806152345, "noise_cost": 21.615863865150143, "n_waypoints_completed": 9, "tot_waypoints": 9}}
{"target": -192.4096267118491, "params": {"k_pid_pos": [1.559699029851478, 0.1915046963207626, 0.45654835258915966], "k_pid_alt": [2.0, 0.0, 0.03551016398151007], "k_pid_att": [25.036194881576847, 2.697914360265654, 0.5305843615710893], "k_pid_yaw": [0.5, 1e-06, 0.1], "k_pid_hsp": [2.3125382310741793, 0.010826113550149778, 0.0], "k_pid_vsp": [180.85607505717405, 208.5929393815696, 0.38842645743035703]}, "datetime": {"datetime": "2025-08-13 12:50:08", "elapsed": 10936.284205913544, "delta": 16.5104763507843}, "costs": {"total_cost": 192.4096267118491, "time_cost": 69.587, "final_distance_cost": 1.7961847135802975, "oscillation_cost": 32.61472696473242, "completition_cost": 0.0, "overshoot_cost": 50.69877817665143, "power_cost": 16.549348181152343, "noise_cost": 21.16358867573259, "n_waypoints_completed": 9, "tot_waypoints": 9}}
{"target": -1400.142340587973, "params": {"k_pid_pos": [2.0, 0.3391857460305768, 0.3107181291889297], "k_pid_alt": [0.0, 0.001970180524643872, 0.03413018116539062], "k_pid_att": [23.370080269517914, 10.0, 1.0], "k_pid_yaw": [0.5, 1e-06, 0.1], "k_pid_hsp": [1.1829715870803479, 0.04340183945251643, 0.0], "k_pid_vsp": [143.2302151720848, 86.72750757225229, 0.4068557276600749]}, "datetime": {"datetime": "2025-08-13 12:50:36", "elapsed": 10964.436973333359, "delta": 28.152767419815063}, "costs": {"total_cost": 1400.142340587973, "time_cost": 150, "final_distance_cost": 10.50132674093736, "oscillation_cost": 5.578113606420284, "completition_cost": 1000.0, "overshoot_cost": 146.3397199127916, "power_cost": 27.909309960937502, "noise_cost": 59.813870366886256, "n_waypoints_completed": 0, "tot_waypoints": 9}}
{"target": -203.9156226026079, "params": {"k_pid_pos": [1.7993379080772043, 0.11384486975818019, 0.24717252149181648], "k_pid_alt": [2.0, 0.01339103949968963, 0.0456745278380965], "k_pid_att": [43.46999611581856, 5.356102851093181, 0.9554604250042704], "k_pid_yaw": [0.5, 1e-06, 0.1], "k_pid_hsp": [1.0785050740824786, 0.06721486549538773, 0.0], "k_pid_vsp": [144.28904820969956, 119.8150092057307, 0.5706910726945517]}, "datetime": {"datetime": "2025-08-13 12:50:53", "elapsed": 10981.18969964981, "delta": 16.752726316452026}, "costs": {"total_cost": 203.9156226026079, "time_cost": 71.148, "final_distance_cost": 1.7941178219356937, "oscillation_cost": 36.65347401478362, "completition_cost": 0.0, "overshoot_cost": 51.816870936182994, "power_cost": 20.558606054687502, "noise_cost": 21.944553775018075, "n_waypoints_completed": 9, "tot_waypoints": 9}}
{"target": -188.1321752188658, "params": {"k_pid_pos": [1.6060772939940684, 0.2244846036357312, 0.350861542981771], "k_pid_alt": [1.5476697028657436, 0.0, 0.014981370296548923], "k_pid_att": [27.455598019885148, 4.387305558167273, 0.7526469936298769], "k_pid_yaw": [0.5, 1e-06, 0.1], "k_pid_hsp": [0.8847924495153853, 0.040038531021798766, 0.0], "k_pid_vsp": [39.10784256291765, 197.1496710088023, 0.18409344671478514]}, "datetime": {"datetime": "2025-08-13 12:51:10", "elapsed": 10998.676002979279, "delta": 17.486303329467773}, "costs": {"total_cost": 188.1321752188658, "time_cost": 68.544, "final_distance_cost": 1.7833405507918152, "oscillation_cost": 35.044007631249485, "completition_cost": 0.0, "overshoot_cost": 49.75007168074584, "power_cost": 13.530012512207032, "noise_cost": 19.480742843871603, "n_waypoints_completed": 9, "tot_waypoints": 9}}
{"target": -1031.2170361237272, "params": {"k_pid_pos": [0.0001, 0.2377925315967758, 0.45189038750469446], "k_pid_alt": [1.1525904592522054, 0.014198067104586884, 0.013791457749488133], "k_pid_att": [53.61536574789783, 0.0001, 0.8937143810086728], "k_pid_yaw": [0.5, 1e-06, 0.1], "k_pid_hsp": [0.7948717207052763, 0.05153145937488596, 0.0], "k_pid_vsp": [119.05991360678472, 228.9978770234213, 0.5437945979785084]}, "datetime": {"datetime": "2025-08-13 12:51:40", "elapsed": 11028.273754358292, "delta": 29.59775137901306}, "costs": {"total_cost": 1031.2170361237272, "time_cost": 150, "final_distance_cost": 52.41275864645928, "oscillation_cost": 4.868502747742953, "completition_cost": 666.6666666666667, "overshoot_cost": 101.26539603046072, "power_cost": 22.881120043945312, "noise_cost": 33.122591988452115, "n_waypoints_completed": 3, "tot_waypoints": 9}}
{"target": -191.0407617813498, "params": {"k_pid_pos": [2.0, 0.17156959540124453, 0.20174321176491114], "k_pid_alt": [2.0, 0.012829024722822005, 0.04058485191789554], "k_pid_att": [36.19825856772845, 4.398397395892192, 1.0], "k_pid_yaw": [0.5, 1e-06, 0.1], "k_pid_hsp": [0.9545503778424452, 0.1547115862534194, 0.0], "k_pid_vsp": [239.9278027654976, 319.5669817554237, 0.031078691631405513]}, "datetime": {"datetime": "2025-08-13 12:51:56", "elapsed": 11044.705270051956, "delta": 16.43151569366455}, "costs": {"total_cost": 191.0407617813498, "time_cost": 68.677, "final_distance_cost": 1.7473647436251585, "oscillation_cost": 39.55338812192721, "completition_cost": 0.0, "overshoot_cost": 50.05710739750887, "power_cost": 11.881987280273439, "noise_cost": 19.123914238015097, "n_waypoints_completed": 9, "tot_waypoints": 9}}
{"target": -224.97325636980216, "params": {"k_pid_pos": [1.687751445184843, 0.28756097342461273, 0.2594431232601953], "k_pid_alt": [1.7908121403158113, 0.014560971650459775, 0.04923908320788211], "k_pid_att": [41.065782862606994, 3.0749050487587986, 0.49686173205850953], "k_pid_yaw": [0.5, 1e-06, 0.1], "k_pid_hsp": [0.9032814769758201, 0.0, 0.0], "k_pid_vsp": [71.95140900091904, 306.4819159444293, 0.5257652563566283]}, "datetime": {"datetime": "2025-08-13 12:52:14", "elapsed": 11062.968034029007, "delta": 18.26276397705078}, "costs": {"total_cost": 224.97325636980216, "time_cost": 79.33800000000001, "final_distance_cost": 1.7889259340785961, "oscillation_cost": 35.51272721049318, "completition_cost": 0.0, "overshoot_cost": 55.5970963632132, "power_cost": 24.953273168945312, "noise_cost": 27.783233693071875, "n_waypoints_completed": 9, "tot_waypoints": 9}}
{"target": -195.3772246758377, "params": {"k_pid_pos": [1.853249642108981, 0.2452014500692444, 0.08963361019938239], "k_pid_alt": [1.2826117687456853, 0.001785339008554012, 0.03558813200098573], "k_pid_att": [24.298558454198325, 6.545092613545111, 0.4722068895685141], "k_pid_yaw": [0.5, 1e-06, 0.1], "k_pid_hsp": [0.06311208792477341, 0.008191264098483189, 0.0], "k_pid_vsp": [60.63280643389778, 400.0, 0.10594219792581627]}, "datetime": {"datetime": "2025-08-13 12:52:32", "elapsed": 11080.450185060501, "delta": 17.48215103149414}, "costs": {"total_cost": 195.3772246758377, "time_cost": 76.538, "final_distance_cost": 1.7270148391035003, "oscillation_cost": 35.26008104278837, "completition_cost": 0.0, "overshoot_cost": 52.57278996940821, "power_cost": 9.608662121582032, "noise_cost": 19.67067670295561, "n_waypoints_completed": 9, "tot_waypoints": 9}}
{"target": -190.51774478019755, "params": {"k_pid_pos": [1.1693381135593859, 0.19217603400239436, 0.30795879414747146], "k_pid_alt": [0.7171412568431794, 0.016279293009220028, 0.015197828470049773], "k_pid_att": [7.931749775188898, 8.286558623798063, 0.992823294077727], "k_pid_yaw": [0.5, 1e-06, 0.1], "k_pid_hsp": [1.1735405558829344, 0.0, 0.0], "k_pid_vsp": [165.56765215107635, 318.46909894142664, 0.6801604192321884]}, "datetime": {"datetime": "2025-08-13 12:52:49", "elapsed": 11096.992678403854, "delta": 16.54249334335327}, "costs": {"total_cost": 190.51774478019755, "time_cost": 71.232, "final_distance_cost": 1.8311916473573369, "oscillation_cost": 35.00327975354857, "completition_cost": 0.0, "overshoot_cost": 50.0229127613741, "power_cost": 12.062005847167969, "noise_cost": 20.36635477074959, "n_waypoints_completed": 9, "tot_waypoints": 9}}
{"target": -204.28842405987794, "params": {"k_pid_pos": [1.1370741820048906, 0.12077398497552787, 0.08198070875838666], "k_pid_alt": [0.5941297995947347, 0.001332088585125574, 0.0014108469133269376], "k_pid_att": [40.79590379099765, 9.214954233402985, 0.748671366435508], "k_pid_yaw": [0.5, 1e-06, 0.1], "k_pid_hsp": [0.176555967298864, 0.0, 0.0], "k_pid_vsp": [22.521930946868537, 347.3688635406382, 0.4921881984391419]}, "datetime": {"datetime": "2025-08-13 12:53:07", "elapsed": 11115.19482588768, "delta": 18.202147483825684}, "costs": {"total_cost": 204.28842405987794, "time_cost": 75.495, "final_distance_cost": 1.8300041125945283, "oscillation_cost": 31.927021973083818, "completition_cost": 0.0, "overshoot_cost": 50.792335858618515, "power_cost": 22.622221203613282, "noise_cost": 21.621840911967777, "n_waypoints_completed": 9, "tot_waypoints": 9}}
{"target": -192.58004193761963, "params": {"k_pid_pos": [1.1784593968893409, 0.30451618930577246, 0.16785091312862435], "k_pid_alt": [1.2537482896547527, 0.013642690288031063, 0.03421550781584403], "k_pid_att": [52.4149712868865, 1.8272212905249878, 1.0], "k_pid_yaw": [0.5, 1e-06, 0.1], "k_pid_hsp": [0.7287003657939684, 0.0, 0.0], "k_pid_vsp": [199.70406574050753, 340.2814975117398, 0.4899552602124366]}, "datetime": {"datetime": "2025-08-13 12:53:24", "elapsed": 11132.761469364166, "delta": 17.566643476486206}, "costs": {"total_cost": 192.58004193761963, "time_cost": 73.682, "final_distance_cost": 1.7793950302988324, "oscillation_cost": 31.58313312646718, "completition_cost": 0.0, "overshoot_cost": 50.82881991019082, "power_cost": 13.286899340820312, "noise_cost": 21.41979452984248, "n_waypoints_completed": 9, "tot_waypoints": 9}}
{"target": -184.0273626587993, "params": {"k_pid_pos": [1.4375323619849665, 0.11394378454565446, 0.19999910593927536], "k_pid_alt": [2.0, 0.018374901971183733, 0.04797636159821467], "k_pid_att": [22.477149429303125, 2.830392348632857, 0.2514719325381432], "k_pid_yaw": [0.5, 1e-06, 0.1], "k_pid_hsp": [0.726505547290582, 0.06436196703788206, 0.0], "k_pid_vsp": [170.81538722912455, 59.19377589386867, 0.2014636774161578]}, "datetime": {"datetime": "2025-08-13 12:53:41", "elapsed": 11149.247869968414, "delta": 16.486400604248047}, "costs": {"total_cost": 184.0273626587993, "time_cost": 69.146, "final_distance_cost": 1.8300523837983074, "oscillation_cost": 31.894064162280493, "completition_cost": 0.0, "overshoot_cost": 50.30851090589009, "power_cost": 11.184176867675783, "noise_cost": 19.664558339154596, "n_waypoints_completed": 9, "tot_waypoints": 9}}
{"target": -207.21569683746776, "params": {"k_pid_pos": [1.5932116537982015, 0.19199933274175404, 0.3085979027346892], "k_pid_alt": [0.9690017871230793, 0.020202030257477285, 0.028613247714885593], "k_pid_att": [58.83075745806084, 6.393500308464259, 0.4621862128843979], "k_pid_yaw": [0.5, 1e-06, 0.1], "k_pid_hsp": [1.6663929317580692, 0.12599477205874376, 0.0], "k_pid_vsp": [112.7516652019723, 1e-06, 0.3415243954747169]}, "datetime": {"datetime": "2025-08-13 12:53:58", "elapsed": 11166.015843391418, "delta": 16.76797342300415}, "costs": {"total_cost": 207.21569683746776, "time_cost": 72.226, "final_distance_cost": 1.7930254047927885, "oscillation_cost": 35.18371890282437, "completition_cost": 0.0, "overshoot_cost": 52.76197985033654, "power_cost": 22.22455029296875, "noise_cost": 23.026422386545306, "n_waypoints_completed": 9, "tot_waypoints": 9}}
{"target": -189.24149919437164, "params": {"k_pid_pos": [1.7962817955293593, 0.20556290555346332, 0.21283486759169548], "k_pid_alt": [1.2858428015491035, 0.013663558903609119, 0.04164661897861475], "k_pid_att": [46.161695767506274, 5.510027291351256, 0.5322210145851513], "k_pid_yaw": [0.5, 1e-06, 0.1], "k_pid_hsp": [0.843664741520889, 0.06083081029590736, 0.0], "k_pid_vsp": [142.00890980863662, 400.0, 0.48818330756909417]}, "datetime": {"datetime": "2025-08-13 12:54:14", "elapsed": 11182.481357574463, "delta": 16.465514183044434}, "costs": {"total_cost": 189.24149919437164, "time_cost": 68.782, "final_distance_cost": 1.7993777661506771, "oscillation_cost": 35.65360652514431, "completition_cost": 0.0, "overshoot_cost": 49.786400536542814, "power_cost": 13.389066540527345, "noise_cost": 19.831047826006476, "n_waypoints_completed": 9, "tot_waypoints": 9}}
