{"target": -193.23574135035935, "params": {"k_pid_pos": [0.8806670655382932, 0.16240934577642765, 0.27103962292259176], "k_pid_alt": [2.0, 0.0, 0.003929316716448379], "k_pid_att": [28.995884732728854, 6.888521936701319, 0.3500436922319273], "k_pid_yaw": [0.5, 1e-06, 0.1], "k_pid_hsp": [0.696069896065075, 0.020437470095206047, 0.0], "k_pid_vsp": [341.47199401539814, 198.4703924437753, 0.21166823030861057]}, "datetime": {"datetime": "2025-08-13 14:32:01", "elapsed": 17049.745376110077, "delta": 18.223626136779785}, "costs": {"total_cost": 193.23574135035935, "time_cost": 72.87, "final_distance_cost": 1.825266164152833, "oscillation_cost": 27.8104973089781, "completition_cost": 0.0, "overshoot_cost": 51.526985870534844, "power_cost": 16.46942978515625, "noise_cost": 22.733562221537323, "n_waypoints_completed": 9, "tot_waypoints": 9}}
{"target": -212.52626158301902, "params": {"k_pid_pos": [0.5236785112618653, 0.09313309306637742, 0.26915043933350885], "k_pid_alt": [2.0, 0.0, 0.026520557611355678], "k_pid_att": [44.461452085009796, 6.434509703763747, 0.5797446770765585], "k_pid_yaw": [0.5, 1e-06, 0.1], "k_pid_hsp": [0.4883895251505535, 0.037819199338217285, 0.0], "k_pid_vsp": [200.93746077181902, 228.42677855406473, 0.2832088385353968]}, "datetime": {"datetime": "2025-08-13 14:32:23", "elapsed": 17071.191225767136, "delta": 21.445849657058716}, "costs": {"total_cost": 212.52626158301902, "time_cost": 84.203, "final_distance_cost": 1.8483952795570568, "oscillation_cost": 26.44264608386876, "completition_cost": 0.0, "overshoot_cost": 52.27596354826069, "power_cost": 20.342225427246095, "noise_cost": 27.414031244086427, "n_waypoints_completed": 9, "tot_waypoints": 9}}
{"target": -196.65369669016386, "params": {"k_pid_pos": [2.0, 0.12393942835508176, 0.2198405481783535], "k_pid_alt": [2.0, 0.0, 0.03256152909825436], "k_pid_att": [45.63326249795659, 2.9279781752448297, 1.0], "k_pid_yaw": [0.5, 1e-06, 0.1], "k_pid_hsp": [0.28900680265266904, 0.026044776139035733, 0.0], "k_pid_vsp": [184.73834359565214, 164.4769554451817, 0.2975873658176847]}, "datetime": {"datetime": "2025-08-13 14:32:40", "elapsed": 17088.692163944244, "delta": 17.500938177108765}, "costs": {"total_cost": 196.65369669016386, "time_cost": 69.503, "final_distance_cost": 1.7597569830669795, "oscillation_cost": 33.153617240847936, "completition_cost": 0.0, "overshoot_cost": 50.562756264690925, "power_cost": 20.063550317382813, "noise_cost": 21.611015884175202, "n_waypoints_completed": 9, "tot_waypoints": 9}}
{"target": -184.66947138850608, "params": {"k_pid_pos": [1.4718783661272108, 0.2426443978286018, 0.10607950412278104], "k_pid_alt": [1.7724589750525412, 0.0, 0.024286616091326114], "k_pid_att": [44.77149249872367, 6.563539312996915, 0.4233117919808082], "k_pid_yaw": [0.5, 1e-06, 0.1], "k_pid_hsp": [0.7642046081380109, 0.06748130445838114, 0.0], "k_pid_vsp": [136.77564343536588, 153.41766853963998, 0.6439560952574389]}, "datetime": {"datetime": "2025-08-13 14:32:57", "elapsed": 17105.675344467163, "delta": 16.9831805229187}, "costs": {"total_cost": 184.66947138850608, "time_cost": 68.684, "final_distance_cost": 1.7849559415678353, "oscillation_cost": 34.023995646951136, "completition_cost": 0.0, "overshoot_cost": 49.73644800963662, "power_cost": 11.251572131347658, "noise_cost": 19.188499659002872, "n_waypoints_completed": 9, "tot_waypoints": 9}}
{"target": -187.3930582367103, "params": {"k_pid_pos": [2.0, 0.05672801874930819, 0.2531914057468036], "k_pid_alt": [2.0, 0.0, 0.038744802310638725], "k_pid_att": [38.42931647492061, 7.929515715966243, 0.5159823137789635], "k_pid_yaw": [0.5, 1e-06, 0.1], "k_pid_hsp": [0.5675321330152904, 0.027670973924871483, 0.0], "k_pid_vsp": [307.2179407272011, 241.28189186419914, 0.33407007089457075]}, "datetime": {"datetime": "2025-08-13 14:33:15", "elapsed": 17123.190434217453, "delta": 17.515089750289917}, "costs": {"total_cost": 187.3930582367103, "time_cost": 68.257, "final_distance_cost": 1.7818174986607427, "oscillation_cost": 34.6893683927892, "completition_cost": 0.0, "overshoot_cost": 50.0100774045602, "power_cost": 12.971137426757814, "noise_cost": 19.683657513942315, "n_waypoints_completed": 9, "tot_waypoints": 9}}
{"target": -188.94127819718875, "params": {"k_pid_pos": [1.486256608924576, 0.07563585824467316, 0.25446941629409564], "k_pid_alt": [2.0, 0.0, 0.06871495633561991], "k_pid_att": [26.43842710663274, 6.022417623270665, 0.6130961345485972], "k_pid_yaw": [0.5, 1e-06, 0.1], "k_pid_hsp": [0.6196229967453349, 0.03162067443603361, 0.0], "k_pid_vsp": [234.27403453145925, 111.87502809565594, 0.23572984716542109]}, "datetime": {"datetime": "2025-08-13 14:33:33", "elapsed": 17141.17938041687, "delta": 17.988946199417114}, "costs": {"total_cost": 188.94127819718875, "time_cost": 68.936, "final_distance_cost": 1.8242561252676561, "oscillation_cost": 31.48203318338734, "completition_cost": 0.0, "overshoot_cost": 50.844156948789426, "power_cost": 15.281619470214844, "noise_cost": 20.573212469529455, "n_waypoints_completed": 9, "tot_waypoints": 9}}
{"target": -197.11391759947708, "params": {"k_pid_pos": [1.6185935086411012, 0.11064574340881482, 0.3268745675945017], "k_pid_alt": [2.0, 0.0, 0.0704719820223258], "k_pid_att": [39.04562047277262, 5.9748017222652585, 0.8170475969504091], "k_pid_yaw": [0.5, 1e-06, 0.1], "k_pid_hsp": [1.2832111578668177, 0.02940011809489798, 0.0], "k_pid_vsp": [231.76376194751697, 269.03270374146683, 0.5777082839170482]}, "datetime": {"datetime": "2025-08-13 14:33:51", "elapsed": 17159.16522026062, "delta": 17.98583984375}, "costs": {"total_cost": 197.11391759947708, "time_cost": 70.392, "final_distance_cost": 1.8155149593714945, "oscillation_cost": 33.28874977247691, "completition_cost": 0.0, "overshoot_cost": 50.80166198279443, "power_cost": 18.980537524414064, "noise_cost": 21.835453360420157, "n_waypoints_completed": 9, "tot_waypoints": 9}}
{"target": -191.77398869058044, "params": {"k_pid_pos": [1.5496187191435302, 0.12774719818067895, 0.11885408824217293], "k_pid_alt": [2.0, 0.0, 0.05033043425507961], "k_pid_att": [74.15603662638107, 8.672601785121309, 0.9526775650215736], "k_pid_yaw": [0.5, 1e-06, 0.1], "k_pid_hsp": [0.31539906986585975, 0.029616830020865948, 0.0], "k_pid_vsp": [264.82994487755474, 175.6355064853891, 0.20035190045242057]}, "datetime": {"datetime": "2025-08-13 14:34:08", "elapsed": 17176.701420545578, "delta": 17.536200284957886}, "costs": {"total_cost": 191.77398869058044, "time_cost": 69.33500000000001, "final_distance_cost": 1.7856044959886999, "oscillation_cost": 31.995235950096127, "completition_cost": 0.0, "overshoot_cost": 50.48191930894375, "power_cost": 17.07366649169922, "noise_cost": 21.102562443852626, "n_waypoints_completed": 9, "tot_waypoints": 9}}
{"target": -185.05465393824, "params": {"k_pid_pos": [2.0, 0.08844499668623938, 0.33291055653852525], "k_pid_alt": [1.841706654231279, 0.0, 0.036998420868591085], "k_pid_att": [29.92358006148977, 6.904946448815079, 1.0], "k_pid_yaw": [0.5, 1e-06, 0.1], "k_pid_hsp": [0.5456793407578316, 0.04937048297580804, 0.0], "k_pid_vsp": [272.1321785904101, 306.4612766646328, 0.45857215156585013]}, "datetime": {"datetime": "2025-08-13 14:34:26", "elapsed": 17194.01140499115, "delta": 17.3099844455719}, "costs": {"total_cost": 185.05465393824, "time_cost": 67.816, "final_distance_cost": 1.7676065864046056, "oscillation_cost": 35.07726630510361, "completition_cost": 0.0, "overshoot_cost": 49.72537561796024, "power_cost": 11.595105664062501, "noise_cost": 19.07329976470902, "n_waypoints_completed": 9, "tot_waypoints": 9}}
{"target": -191.21620951348166, "params": {"k_pid_pos": [1.9046932664744844, 0.2743765123186134, 0.1753980820512495], "k_pid_alt": [1.9135878380177613, 0.0, 0.041091543736579805], "k_pid_att": [29.54936796933677, 4.719258379310434, 0.5446143292923525], "k_pid_yaw": [0.5, 1e-06, 0.1], "k_pid_hsp": [0.5177561556661995, 0.052421121714309044, 0.0], "k_pid_vsp": [177.621681316464, 156.98819638791284, 0.5386362184834123]}, "datetime": {"datetime": "2025-08-13 14:34:43", "elapsed": 17211.56215071678, "delta": 17.550745725631714}, "costs": {"total_cost": 191.21620951348166, "time_cost": 69.167, "final_distance_cost": 1.7753603237718836, "oscillation_cost": 36.71091551741693, "completition_cost": 0.0, "overshoot_cost": 50.407321013581445, "power_cost": 13.252253039550782, "noise_cost": 19.903359619160582, "n_waypoints_completed": 9, "tot_waypoints": 9}}
{"target": -185.8999671181342, "params": {"k_pid_pos": [1.4093363430334611, 0.1688835604657342, 0.21398557572333768], "k_pid_alt": [1.7688132267317924, 0.0, 0.043591533961594854], "k_pid_att": [39.60881294412984, 5.646607183634225, 0.5564940276600914], "k_pid_yaw": [0.5, 1e-06, 0.1], "k_pid_hsp": [0.45318831637623136, 0.03460280099348317, 0.0], "k_pid_vsp": [76.42116495144361, 285.04525591825785, 0.023970007673493738]}, "datetime": {"datetime": "2025-08-13 14:35:01", "elapsed": 17229.05710196495, "delta": 17.494951248168945}, "costs": {"total_cost": 185.8999671181342, "time_cost": 68.46000000000001, "final_distance_cost": 1.8195505364953717, "oscillation_cost": 33.61311333174733, "completition_cost": 0.0, "overshoot_cost": 50.20452350613198, "power_cost": 12.512860607910158, "noise_cost": 19.28991913584933, "n_waypoints_completed": 9, "tot_waypoints": 9}}
{"target": -201.62899328335533, "params": {"k_pid_pos": [1.5541069290044234, 0.1476715650351176, 0.2974893913461318], "k_pid_alt": [1.604779920294084, 7.387382068117236e-06, 0.04896201468020265], "k_pid_att": [35.7233656502106, 3.930042203470937, 0.12548396183729674], "k_pid_yaw": [0.5, 1e-06, 0.1], "k_pid_hsp": [0.8274196344058581, 0.056639604675756794, 0.0], "k_pid_vsp": [191.19001983505413, 126.73498286200869, 0.21944601349778003]}, "datetime": {"datetime": "2025-08-13 14:35:18", "elapsed": 17246.6673848629, "delta": 17.61028289794922}, "costs": {"total_cost": 201.62899328335533, "time_cost": 70.336, "final_distance_cost": 1.81584513177553, "oscillation_cost": 34.100300980035456, "completition_cost": 0.0, "overshoot_cost": 51.49371977532037, "power_cost": 21.742202111816407, "noise_cost": 22.14092528440758, "n_waypoints_completed": 9, "tot_waypoints": 9}}
{"target": -190.2535612394576, "params": {"k_pid_pos": [1.9424765853397068, 0.17230709139381237, 0.2803273054460855], "k_pid_alt": [1.4661154008586965, 0.0, 0.048575984506331125], "k_pid_att": [49.6544465706126, 4.4726529463540485, 0.6065049390806756], "k_pid_yaw": [0.5, 1e-06, 0.1], "k_pid_hsp": [0.6110871306973292, 0.04212431849062893, 0.0], "k_pid_vsp": [118.91741121006568, 242.17794823298962, 0.2052767671004898]}, "datetime": {"datetime": "2025-08-13 14:35:36", "elapsed": 17263.996304750443, "delta": 17.328919887542725}, "costs": {"total_cost": 190.2535612394576, "time_cost": 68.586, "final_distance_cost": 1.7586145385206933, "oscillation_cost": 34.90061639623712, "completition_cost": 0.0, "overshoot_cost": 50.10667600686019, "power_cost": 14.792077185058595, "noise_cost": 20.109577112781025, "n_waypoints_completed": 9, "tot_waypoints": 9}}
{"target": -194.58382719691295, "params": {"k_pid_pos": [1.2079278878968092, 0.12019566151394444, 0.14099047978833026], "k_pid_alt": [0.5781975214199732, 0.0, 0.0503064410602632], "k_pid_att": [37.89573344430209, 5.1607001814406726, 0.9523669545826919], "k_pid_yaw": [0.5, 1e-06, 0.1], "k_pid_hsp": [0.9055117616058346, 0.02790836602057643, 0.0], "k_pid_vsp": [400.0, 168.65603849954604, 0.18826574779343688]}, "datetime": {"datetime": "2025-08-13 14:35:54", "elapsed": 17282.850201368332, "delta": 18.853896617889404}, "costs": {"total_cost": 194.58382719691295, "time_cost": 74.669, "final_distance_cost": 1.8395189345021061, "oscillation_cost": 30.883597793137, "completition_cost": 0.0, "overshoot_cost": 50.392203153789616, "power_cost": 15.203320837402345, "noise_cost": 21.59618647808188, "n_waypoints_completed": 9, "tot_waypoints": 9}}
{"target": -244.04320560033008, "params": {"k_pid_pos": [0.7629728169547648, 0.09804274049673782, 0.2373093624479067], "k_pid_alt": [0.24107717908910595, 0.0001464304894643732, 0.04990070283652941], "k_pid_att": [40.434283497782666, 1.5269603295881282, 0.7918438673757863], "k_pid_yaw": [0.5, 1e-06, 0.1], "k_pid_hsp": [0.3911168327475507, 0.0483819298159337, 0.0], "k_pid_vsp": [299.93027732746265, 321.6965943832052, 0.36830671460650505]}, "datetime": {"datetime": "2025-08-13 14:36:23", "elapsed": 17311.134877204895, "delta": 28.28467583656311}, "costs": {"total_cost": 244.04320560033008, "time_cost": 113.372, "final_distance_cost": 1.8641896209228137, "oscillation_cost": 28.757121183931677, "completition_cost": 0.0, "overshoot_cost": 53.40062966288504, "power_cost": 15.793495190429688, "noise_cost": 30.855769942160855, "n_waypoints_completed": 9, "tot_waypoints": 9}}
{"target": -186.788146001561, "params": {"k_pid_pos": [1.4230221474640183, 0.14681973546812693, 0.3621478248999817], "k_pid_alt": [1.5510192844617468, 0.0, 0.061059630155410556], "k_pid_att": [25.321945934175545, 4.408372239253976, 0.6443597955331328], "k_pid_yaw": [0.5, 1e-06, 0.1], "k_pid_hsp": [0.7014203851286479, 0.04054526682818868, 0.0], "k_pid_vsp": [219.98147181357868, 180.5312299074084, 0.1258000233161329]}, "datetime": {"datetime": "2025-08-13 14:36:40", "elapsed": 17328.381507873535, "delta": 17.246630668640137}, "costs": {"total_cost": 186.788146001561, "time_cost": 68.985, "final_distance_cost": 1.8188357659810364, "oscillation_cost": 31.63535146733867, "completition_cost": 0.0, "overshoot_cost": 50.183608513384165, "power_cost": 13.735104602050782, "noise_cost": 20.430245652806345, "n_waypoints_completed": 9, "tot_waypoints": 9}}
{"target": -1147.438490441094, "params": {"k_pid_pos": [0.0001, 0.09856751601533886, 0.394819034632009], "k_pid_alt": [2.0, 0.0, 0.03313065778763785], "k_pid_att": [45.0476909425691, 4.625917496512268, 0.5768013177043506], "k_pid_yaw": [0.5, 1e-06, 0.1], "k_pid_hsp": [0.3619520647219197, 0.033260256914879195, 0.0], "k_pid_vsp": [114.26118265488742, 211.51553515440241, 0.1900771209742006]}, "datetime": {"datetime": "2025-08-13 14:37:09", "elapsed": 17357.874889850616, "delta": 29.4933819770813}, "costs": {"total_cost": 1147.438490441094, "time_cost": 150, "final_distance_cost": 73.95230417087753, "oscillation_cost": 0.9883852394329609, "completition_cost": 777.7777777777778, "overshoot_cost": 101.94612577847232, "power_cost": 12.77860399169922, "noise_cost": 29.99529348283422, "n_waypoints_completed": 2, "tot_waypoints": 9}}
{"target": -198.71255438511008, "params": {"k_pid_pos": [1.1141083639531353, 0.09205841386938869, 0.20930846977532522], "k_pid_alt": [1.1185129114982382, 0.0, 0.037999859759989166], "k_pid_att": [64.44117180524893, 2.5562600779930644, 0.8126866789401886], "k_pid_yaw": [0.5, 1e-06, 0.1], "k_pid_hsp": [0.6701722795510551, 0.042562748727297726, 0.0], "k_pid_vsp": [174.04898073382142, 400.0, 0.30082220028340695]}, "datetime": {"datetime": "2025-08-13 14:37:27", "elapsed": 17375.68027806282, "delta": 17.80538821220398}, "costs": {"total_cost": 198.71255438511008, "time_cost": 70.917, "final_distance_cost": 1.8246913562060423, "oscillation_cost": 31.712199308279008, "completition_cost": 0.0, "overshoot_cost": 51.018452725612796, "power_cost": 20.757991320800784, "noise_cost": 22.482219674211436, "n_waypoints_completed": 9, "tot_waypoints": 9}}
{"target": -196.66583871552226, "params": {"k_pid_pos": [1.6868162580573636, 0.08648387394489924, 0.3216329733303091], "k_pid_alt": [0.5854630818650138, 0.0, 0.05282805052382266], "k_pid_att": [57.56334249144345, 6.651040488981123, 0.3426201302296566], "k_pid_yaw": [0.5, 1e-06, 0.1], "k_pid_hsp": [0.712672585476041, 0.056141765866127145, 0.0], "k_pid_vsp": [239.77656627907194, 227.74120619370356, 0.31925764494377534]}, "datetime": {"datetime": "2025-08-13 14:37:46", "elapsed": 17394.274286031723, "delta": 18.594007968902588}, "costs": {"total_cost": 196.66583871552226, "time_cost": 73.906, "final_distance_cost": 1.839162634465041, "oscillation_cost": 32.45635551808, "completition_cost": 0.0, "overshoot_cost": 49.76503241055152, "power_cost": 16.9989291015625, "noise_cost": 21.70035905086318, "n_waypoints_completed": 9, "tot_waypoints": 9}}
{"target": -285.95087776641793, "params": {"k_pid_pos": [1.4720696800596709, 0.18374046229144103, 0.18798905546629327], "k_pid_alt": [2.0, 0.0, 0.08115618280931097], "k_pid_att": [15.900307206913533, 4.323439531192116, 0.46606497500978267], "k_pid_yaw": [0.5, 1e-06, 0.1], "k_pid_hsp": [0.7238268646850085, 0.057935523908854564, 0.0], "k_pid_vsp": [5.3519342031750625, 158.90556261655667, 0.2380604156654346]}, "datetime": {"datetime": "2025-08-13 14:38:14", "elapsed": 17421.995710849762, "delta": 27.72142481803894}, "costs": {"total_cost": 285.95087776641793, "time_cost": 108.11500000000001, "final_distance_cost": 1.7912520239421736, "oscillation_cost": 65.29534991885784, "completition_cost": 0.0, "overshoot_cost": 61.293273438508315, "power_cost": 25.015624633789063, "noise_cost": 24.440377751320522, "n_waypoints_completed": 9, "tot_waypoints": 9}}
{"target": -260.8061797452069, "params": {"k_pid_pos": [1.23499668466024, 0.13309217349880284, 0.19109310726677817], "k_pid_alt": [1.1964284443853817, 0.0, 0.05111577687315031], "k_pid_att": [16.5769417737736, 5.081056635411802, 0.7725104435463169], "k_pid_yaw": [0.5, 1e-06, 0.1], "k_pid_hsp": [0.5140474471654431, 0.05781242621362185, 0.0], "k_pid_vsp": [0.0, 181.27207024059462, 0.33623298712998584]}, "datetime": {"datetime": "2025-08-13 14:38:36", "elapsed": 17444.198033094406, "delta": 22.202322244644165}, "costs": {"total_cost": 260.8061797452069, "time_cost": 88.907, "final_distance_cost": 1.8381823438099607, "oscillation_cost": 43.086684567448195, "completition_cost": 0.0, "overshoot_cost": 60.915552196084974, "power_cost": 34.43864146728516, "noise_cost": 31.620119170578665, "n_waypoints_completed": 9, "tot_waypoints": 9}}
{"target": -195.4114087411299, "params": {"k_pid_pos": [2.0, 0.024451465722564476, 0.18438550133812712], "k_pid_alt": [1.2486864910168927, 0.0, 0.06337637549915894], "k_pid_att": [40.97242528661368, 6.266874964467448, 1.0], "k_pid_yaw": [0.5, 1e-06, 0.1], "k_pid_hsp": [0.7727822851378975, 0.07237526630539313, 0.0], "k_pid_vsp": [220.17300575817373, 130.53173499251852, 0.10092573701238565]}, "datetime": {"datetime": "2025-08-13 14:38:53", "elapsed": 17461.047822237015, "delta": 16.849789142608643}, "costs": {"total_cost": 195.4114087411299, "time_cost": 68.992, "final_distance_cost": 1.7669041513202832, "oscillation_cost": 36.32880555090483, "completition_cost": 0.0, "overshoot_cost": 50.16547227368157, "power_cost": 17.33757078857422, "noise_cost": 20.82065597664896, "n_waypoints_completed": 9, "tot_waypoints": 9}}
{"target": -185.16500328061926, "params": {"k_pid_pos": [2.0, 0.07564929290167398, 0.3203660816235418], "k_pid_alt": [1.0491640012573555, 0.0, 0.044185268098312386], "k_pid_att": [17.551979812646305, 4.464862322899791, 0.7143782663912361], "k_pid_yaw": [0.5, 1e-06, 0.1], "k_pid_hsp": [0.6845387355527243, 0.04417076384967248, 0.0], "k_pid_vsp": [65.35380169092944, 269.14225379449243, 0.04673801939486339]}, "datetime": {"datetime": "2025-08-13 14:39:11", "elapsed": 17479.406051158905, "delta": 18.35822892189026}, "costs": {"total_cost": 185.16500328061926, "time_cost": 68.726, "final_distance_cost": 1.7794440478082607, "oscillation_cost": 36.592363490022194, "completition_cost": 0.0, "overshoot_cost": 49.77970863366589, "power_cost": 9.976349230957032, "noise_cost": 18.3111378781659, "n_waypoints_completed": 9, "tot_waypoints": 9}}
{"target": -191.18951478329728, "params": {"k_pid_pos": [1.4247807816699243, 0.07409164132611253, 0.23682266094269636], "k_pid_alt": [0.9377322020349843, 0.0, 0.03237474257344206], "k_pid_att": [59.02793028533424, 4.462575028689022, 0.8151126104929061], "k_pid_yaw": [0.5, 1e-06, 0.1], "k_pid_hsp": [0.8482087947352754, 0.0378244961338744, 0.0], "k_pid_vsp": [187.85962320459262, 135.09846948918312, 0.1445231046493882]}, "datetime": {"datetime": "2025-08-13 14:39:31", "elapsed": 17499.065139770508, "delta": 19.659088611602783}, "costs": {"total_cost": 191.18951478329728, "time_cost": 70.168, "final_distance_cost": 1.8243569120769294, "oscillation_cost": 31.423444586703955, "completition_cost": 0.0, "overshoot_cost": 50.13841999529351, "power_cost": 16.6195087890625, "noise_cost": 21.015784500160386, "n_waypoints_completed": 9, "tot_waypoints": 9}}
{"target": -193.7126011010498, "params": {"k_pid_pos": [2.0, 0.1641961520458737, 0.1112414276018822], "k_pid_alt": [1.6669308549169628, 0.0, 0.06578038574870276], "k_pid_att": [28.446806542672547, 2.60633400619551, 0.18929543766336107], "k_pid_yaw": [0.5, 1e-06, 0.1], "k_pid_hsp": [0.48500812922501896, 0.04933140374328245, 0.0], "k_pid_vsp": [232.46967475978875, 201.66198839931613, 0.2721881406448939]}, "datetime": {"datetime": "2025-08-13 14:39:49", "elapsed": 17517.51233935356, "delta": 18.44719958305359}, "costs": {"total_cost": 193.7126011010498, "time_cost": 69.013, "final_distance_cost": 1.7934952956808503, "oscillation_cost": 37.03918969907099, "completition_cost": 0.0, "overshoot_cost": 50.242821753446115, "power_cost": 15.291103076171876, "noise_cost": 20.332991276679973, "n_waypoints_completed": 9, "tot_waypoints": 9}}
