{"target": -215.66732084567153, "params": {"k_pid_pos": [0.4303442489149471, 0.154831185425123, 0.25642887809088144], "k_pid_alt": [1.6506919863847467, 0.0010700787847928584, 0.044490422223976756], "k_pid_att": [33.3483226138548, 10.0, 0.22035249460510012], "k_pid_yaw": [0.5, 1e-06, 0.1], "k_pid_hsp": [0.5066010015680459, 0.07113764547662642, 0.0], "k_pid_vsp": [189.8621132826444, 1e-06, 0.8086682993060785]}, "datetime": {"datetime": "2025-08-13 13:25:17", "elapsed": 13045.712954759598, "delta": 19.993632316589355}, "costs": {"total_cost": 215.66732084567153, "time_cost": 85.519, "final_distance_cost": 1.8414666408212748, "oscillation_cost": 25.54662716440158, "completition_cost": 0.0, "overshoot_cost": 53.47220529882974, "power_cost": 21.461183276367187, "noise_cost": 27.826838465251715, "n_waypoints_completed": 9, "tot_waypoints": 9}}
{"target": -192.1629478269581, "params": {"k_pid_pos": [1.1906266195841053, 0.16699192235910745, 0.20017955696512868], "k_pid_alt": [1.9555901627828234, 0.008096761440762375, 0.06716071541216447], "k_pid_att": [34.33737947888119, 4.5383344927971665, 0.9224838398328439], "k_pid_yaw": [0.5, 1e-06, 0.1], "k_pid_hsp": [0.5607428560974971, 0.10475147808432096, 0.0], "k_pid_vsp": [167.4911041251672, 1e-06, 0.571148977541192]}, "datetime": {"datetime": "2025-08-13 13:25:34", "elapsed": 13062.876101255417, "delta": 17.163146495819092}, "costs": {"total_cost": 192.1629478269581, "time_cost": 71.19, "final_distance_cost": 1.8265851881058353, "oscillation_cost": 32.1957644364926, "completition_cost": 0.0, "overshoot_cost": 51.6622322534167, "power_cost": 14.02492685546875, "noise_cost": 21.26343909347419, "n_waypoints_completed": 9, "tot_waypoints": 9}}
{"target": -199.00688458901146, "params": {"k_pid_pos": [1.7099395011092249, 0.09559059052846075, 0.11226819305915532], "k_pid_alt": [2.0, 0.01507389946025884, 0.0692746723894586], "k_pid_att": [24.329465439220343, 5.051686575279037, 0.8307213757369842], "k_pid_yaw": [0.5, 1e-06, 0.1], "k_pid_hsp": [1.1528246260274153, 0.02491604616477606, 0.0], "k_pid_vsp": [271.46242732883445, 172.9607764317153, 0.7591282756054468]}, "datetime": {"datetime": "2025-08-13 13:25:51", "elapsed": 13079.283200502396, "delta": 16.40709924697876}, "costs": {"total_cost": 199.00688458901146, "time_cost": 69.727, "final_distance_cost": 1.765593351614375, "oscillation_cost": 35.5915548155173, "completition_cost": 0.0, "overshoot_cost": 51.36926658228631, "power_cost": 19.030358361816408, "noise_cost": 21.523111477777075, "n_waypoints_completed": 9, "tot_waypoints": 9}}
{"target": -189.80557801538203, "params": {"k_pid_pos": [1.1587346346673881, 0.10890054582433038, 0.25149693810054913], "k_pid_alt": [1.1174803518727288, 0.010853219232431738, 0.04526185629580951], "k_pid_att": [35.059644535325674, 8.590567690634531, 0.4655784291717366], "k_pid_yaw": [0.5, 1e-06, 0.1], "k_pid_hsp": [0.33095290158349994, 0.051368605640523375, 0.0], "k_pid_vsp": [193.28991685643658, 198.07292451059791, 0.38762519294143755]}, "datetime": {"datetime": "2025-08-13 13:26:07", "elapsed": 13095.791999578476, "delta": 16.508799076080322}, "costs": {"total_cost": 189.80557801538203, "time_cost": 69.755, "final_distance_cost": 1.8396031141129234, "oscillation_cost": 30.505133139573655, "completition_cost": 0.0, "overshoot_cost": 50.21217204587444, "power_cost": 16.331260388183594, "noise_cost": 21.162409327637413, "n_waypoints_completed": 9, "tot_waypoints": 9}}
{"target": -203.12893223869403, "params": {"k_pid_pos": [1.5848310898957345, 0.1981069676572231, 0.1318804792649972], "k_pid_alt": [2.0, 0.018295805223674803, 0.03684516292583661], "k_pid_att": [47.05545375452203, 10.0, 0.619648061526311], "k_pid_yaw": [0.5, 1e-06, 0.1], "k_pid_hsp": [1.7329299812271504, 0.0628481499868851, 0.0], "k_pid_vsp": [317.8020028640769, 270.1445043496438, 0.08508986655565765]}, "datetime": {"datetime": "2025-08-13 13:26:24", "elapsed": 13112.844168663025, "delta": 17.05216908454895}, "costs": {"total_cost": 203.12893223869403, "time_cost": 70.917, "final_distance_cost": 1.763054444538639, "oscillation_cost": 36.87736268492104, "completition_cost": 0.0, "overshoot_cost": 50.850969142239556, "power_cost": 20.596338317871094, "noise_cost": 22.124207649123683, "n_waypoints_completed": 9, "tot_waypoints": 9}}
{"target": -185.6770604290253, "params": {"k_pid_pos": [1.299189546343263, 0.1100213286165127, 0.29762900560052075], "k_pid_alt": [0.8722615334369813, 0.014633741518621644, 0.023795884715613547], "k_pid_att": [70.7525933316334, 7.726674199824771, 1.0], "k_pid_yaw": [0.5, 1e-06, 0.1], "k_pid_hsp": [0.7142420225331317, 0.03184961796683142, 0.0], "k_pid_vsp": [266.9308004289132, 251.96226867416456, 0.23506582830316933]}, "datetime": {"datetime": "2025-08-13 13:26:41", "elapsed": 13129.099699497223, "delta": 16.255530834197998}, "costs": {"total_cost": 185.6770604290253, "time_cost": 69.636, "final_distance_cost": 1.841606587609181, "oscillation_cost": 32.1817500679532, "completition_cost": 0.0, "overshoot_cost": 50.24214813141016, "power_cost": 11.851909814453126, "noise_cost": 19.9236458275996, "n_waypoints_completed": 9, "tot_waypoints": 9}}
{"target": -246.50777099676753, "params": {"k_pid_pos": [2.0, 0.21808673017527033, 0.16788351806145316], "k_pid_alt": [0.23970445945736696, 0.017023299851773765, 0.02459800885017703], "k_pid_att": [21.483549530835575, 5.674136000392633, 1.0], "k_pid_yaw": [0.5, 1e-06, 0.1], "k_pid_hsp": [0.5810031571968287, 0.07736652928942156, 0.0], "k_pid_vsp": [278.23414806608486, 104.53269950972083, 0.30556099169416645]}, "datetime": {"datetime": "2025-08-13 13:27:03", "elapsed": 13151.318868398666, "delta": 22.21916890144348}, "costs": {"total_cost": 246.50777099676753, "time_cost": 95.86500000000001, "final_distance_cost": 1.825332956729875, "oscillation_cost": 46.33979704255259, "completition_cost": 0.0, "overshoot_cost": 52.24892603504103, "power_cost": 21.900199291992188, "noise_cost": 28.328515670451836, "n_waypoints_completed": 9, "tot_waypoints": 9}}
{"target": -217.54384927319447, "params": {"k_pid_pos": [2.0, 0.1260706440221813, 0.07909056332548019], "k_pid_alt": [1.4700511378427914, 0.0025145064133748826, 0.041117209384349845], "k_pid_att": [38.088094443588126, 8.573673123163088, 0.5550240312562293], "k_pid_yaw": [0.5, 1e-06, 0.1], "k_pid_hsp": [0.46739607082601836, 0.06313628560913576, 0.0], "k_pid_vsp": [240.57131551692768, 14.265649376939086, 0.07124453916883473]}, "datetime": {"datetime": "2025-08-13 13:27:21", "elapsed": 13169.939754962921, "delta": 18.62088656425476}, "costs": {"total_cost": 217.54384927319447, "time_cost": 75.859, "final_distance_cost": 1.7777592735990666, "oscillation_cost": 39.70100572739187, "completition_cost": 0.0, "overshoot_cost": 52.43629356805905, "power_cost": 23.824836682128907, "noise_cost": 23.944954022015573, "n_waypoints_completed": 9, "tot_waypoints": 9}}
{"target": -186.3500472472803, "params": {"k_pid_pos": [1.6856107225919938, 0.01746386405292352, 0.32617262690181603], "k_pid_alt": [1.9480887512041096, 0.013521251396113515, 0.04596076216326722], "k_pid_att": [13.430414304592702, 5.3245971878172975, 0.6558518506582914], "k_pid_yaw": [0.5, 1e-06, 0.1], "k_pid_hsp": [1.332467813689657, 0.015772763641419402, 0.0], "k_pid_vsp": [221.46252014907293, 110.34431653654347, 0.5116911425923402]}, "datetime": {"datetime": "2025-08-13 13:27:37", "elapsed": 13185.69612455368, "delta": 15.756369590759277}, "costs": {"total_cost": 186.3500472472803, "time_cost": 68.509, "final_distance_cost": 1.8355883251829175, "oscillation_cost": 33.732050147788335, "completition_cost": 0.0, "overshoot_cost": 50.08828571971398, "power_cost": 12.376849731445313, "noise_cost": 19.808273323149766, "n_waypoints_completed": 9, "tot_waypoints": 9}}
{"target": -192.78692510484885, "params": {"k_pid_pos": [0.6805212538248142, 0.14816784157956778, 0.12470759863114667], "k_pid_alt": [1.8825094041470514, 0.0038241799773194754, 0.05713892370967789], "k_pid_att": [48.730737624793996, 7.237755703061808, 0.8915941492925161], "k_pid_yaw": [0.5, 1e-06, 0.1], "k_pid_hsp": [0.9601404516647601, 0.05993096615828025, 0.0], "k_pid_vsp": [118.72112698395937, 190.73771995343085, 0.3937206750221281]}, "datetime": {"datetime": "2025-08-13 13:27:55", "elapsed": 13203.470452070236, "delta": 17.774327516555786}, "costs": {"total_cost": 192.78692510484885, "time_cost": 75.39, "final_distance_cost": 1.8321836819210053, "oscillation_cost": 29.71866003807239, "completition_cost": 0.0, "overshoot_cost": 50.83667683323866, "power_cost": 12.81727752685547, "noise_cost": 22.192127024761344, "n_waypoints_completed": 9, "tot_waypoints": 9}}
{"target": -189.60517720333982, "params": {"k_pid_pos": [2.0, 0.08527883332552756, 0.2341405690171392], "k_pid_alt": [1.9656584529496766, 0.0045671959595692665, 0.06036371181228376], "k_pid_att": [31.774120851494477, 3.468222315701843, 0.2982551766293016], "k_pid_yaw": [0.5, 1e-06, 0.1], "k_pid_hsp": [0.5694973196665588, 0.0816196087887686, 0.0], "k_pid_vsp": [400.0, 117.65571321224222, 0.38143046505986905]}, "datetime": {"datetime": "2025-08-13 13:28:11", "elapsed": 13219.848267316818, "delta": 16.37781524658203}, "costs": {"total_cost": 189.60517720333982, "time_cost": 68.607, "final_distance_cost": 1.7631914377504763, "oscillation_cost": 36.575949917209535, "completition_cost": 0.0, "overshoot_cost": 50.21593882200624, "power_cost": 12.753082861328126, "noise_cost": 19.690014165045444, "n_waypoints_completed": 9, "tot_waypoints": 9}}
{"target": -196.20713961311938, "params": {"k_pid_pos": [2.0, 0.08640282475246329, 0.06460211242230686], "k_pid_alt": [0.9908081640278047, 0.012563601235768565, 0.08348990232211], "k_pid_att": [21.109124536268485, 5.946825272108235, 0.7520436599183821], "k_pid_yaw": [0.5, 1e-06, 0.1], "k_pid_hsp": [0.7290594826502109, 0.07792001771038644, 0.0], "k_pid_vsp": [175.71238340492678, 280.3560738172102, 0.2303999206718205]}, "datetime": {"datetime": "2025-08-13 13:28:28", "elapsed": 13236.555211305618, "delta": 16.70694398880005}, "costs": {"total_cost": 196.20713961311938, "time_cost": 69.07600000000001, "final_distance_cost": 1.775673456083789, "oscillation_cost": 39.21656759777944, "completition_cost": 0.0, "overshoot_cost": 49.97632492630138, "power_cost": 15.808171643066407, "noise_cost": 20.354401989888377, "n_waypoints_completed": 9, "tot_waypoints": 9}}
{"target": -198.68459468174532, "params": {"k_pid_pos": [1.794085265368684, 0.08150048529538866, 0.19603922839683088], "k_pid_alt": [1.4761463053787172, 0.021001735370973485, 0.06358764999232204], "k_pid_att": [45.81242829449284, 1.3960441949301094, 1.0], "k_pid_yaw": [0.5, 1e-06, 0.1], "k_pid_hsp": [1.1656690932463256, 0.07955139904067458, 0.0], "k_pid_vsp": [137.3915163541156, 190.51080160837589, 0.44152999762273143]}, "datetime": {"datetime": "2025-08-13 13:28:45", "elapsed": 13253.940262317657, "delta": 17.385051012039185}, "costs": {"total_cost": 198.68459468174532, "time_cost": 71.029, "final_distance_cost": 1.775651206494355, "oscillation_cost": 37.42004541195246, "completition_cost": 0.0, "overshoot_cost": 50.45679521750503, "power_cost": 16.944492895507814, "noise_cost": 21.058609950285682, "n_waypoints_completed": 9, "tot_waypoints": 9}}
{"target": -212.30553649579028, "params": {"k_pid_pos": [1.7646775429096195, 0.1481572439274106, 0.3142557232242547], "k_pid_alt": [0.3898150139353674, 0.004646899854361318, 0.05874408975164223], "k_pid_att": [18.297543878430602, 6.675328858378432, 0.9008228693558197], "k_pid_yaw": [0.5, 1e-06, 0.1], "k_pid_hsp": [1.882740002634022, 0.0690545900484211, 0.0], "k_pid_vsp": [209.86068587847936, 98.78924933187056, 0.31794165137247493]}, "datetime": {"datetime": "2025-08-13 13:29:05", "elapsed": 13273.429842472076, "delta": 19.489580154418945}, "costs": {"total_cost": 212.30553649579028, "time_cost": 80.696, "final_distance_cost": 1.8563007074627624, "oscillation_cost": 41.16952817977227, "completition_cost": 0.0, "overshoot_cost": 50.714264289531876, "power_cost": 14.72029072265625, "noise_cost": 23.149152596367117, "n_waypoints_completed": 9, "tot_waypoints": 9}}
{"target": -255.53864112461994, "params": {"k_pid_pos": [0.9160660628314404, 0.02448898349644216, 0.27004326277708834], "k_pid_alt": [2.0, 0.012534230676568933, 0.01784323579800687], "k_pid_att": [20.551306925125626, 6.168762442661812, 1.0], "k_pid_yaw": [0.5, 1e-06, 0.1], "k_pid_hsp": [1.2532624162869206, 0.07482667818710666, 0.0], "k_pid_vsp": [0.0, 226.23485729702452, 0.24532342300108068]}, "datetime": {"datetime": "2025-08-13 13:29:28", "elapsed": 13296.347159385681, "delta": 22.917316913604736}, "costs": {"total_cost": 255.53864112461994, "time_cost": 95.809, "final_distance_cost": 1.7761009040128857, "oscillation_cost": 60.185768302008526, "completition_cost": 0.0, "overshoot_cost": 57.03511719217775, "power_cost": 21.893556835937503, "noise_cost": 18.839097890483252, "n_waypoints_completed": 9, "tot_waypoints": 9}}
{"target": -194.44633104473556, "params": {"k_pid_pos": [1.6936243614837119, 0.140965168637598, 0.0], "k_pid_alt": [1.422735405953592, 1.628778198623874e-05, 0.033263092647730495], "k_pid_att": [24.551677764928524, 10.0, 0.22936327607586668], "k_pid_yaw": [0.5, 1e-06, 0.1], "k_pid_hsp": [0.9928016255541063, 0.08275657330985679, 0.0], "k_pid_vsp": [292.90806496815827, 1e-06, 0.505279814633977]}, "datetime": {"datetime": "2025-08-13 13:29:44", "elapsed": 13312.800184965134, "delta": 16.453025579452515}, "costs": {"total_cost": 194.44633104473556, "time_cost": 70.252, "final_distance_cost": 1.7879628967419994, "oscillation_cost": 37.950215117833395, "completition_cost": 0.0, "overshoot_cost": 51.11932565733331, "power_cost": 13.178272607421876, "noise_cost": 20.158554765404965, "n_waypoints_completed": 9, "tot_waypoints": 9}}
{"target": -190.69837147196657, "params": {"k_pid_pos": [1.65101389404967, 0.07554501188147213, 0.21516418617157274], "k_pid_alt": [1.5137811923408018, 0.0075205762712519586, 0.013207775934925515], "k_pid_att": [46.29789952093526, 7.503716237674211, 0.848495513363187], "k_pid_yaw": [0.5, 1e-06, 0.1], "k_pid_hsp": [1.1395622430545471, 0.05866162112123343, 0.0], "k_pid_vsp": [179.02874610774333, 225.15244028823383, 0.22311100998254954]}, "datetime": {"datetime": "2025-08-13 13:30:01", "elapsed": 13329.553587913513, "delta": 16.753402948379517}, "costs": {"total_cost": 190.69837147196657, "time_cost": 68.43900000000001, "final_distance_cost": 1.798991788401963, "oscillation_cost": 33.588237431131375, "completition_cost": 0.0, "overshoot_cost": 50.48229233046167, "power_cost": 15.905077978515626, "noise_cost": 20.484771943455918, "n_waypoints_completed": 9, "tot_waypoints": 9}}
{"target": -200.79072873299083, "params": {"k_pid_pos": [2.0, 0.13437896345655806, 0.27197406065590046], "k_pid_alt": [1.2702482827859554, 0.0046103866588988835, 0.03378668115662773], "k_pid_att": [40.081173117602376, 4.92432054048265, 0.6995792508939016], "k_pid_yaw": [0.5, 1e-06, 0.1], "k_pid_hsp": [1.2392198839393813, 0.060475369976193405, 0.0], "k_pid_vsp": [227.2481230947777, 48.135165240480625, 0.628465875040466]}, "datetime": {"datetime": "2025-08-13 13:30:18", "elapsed": 13346.185218572617, "delta": 16.631630659103394}, "costs": {"total_cost": 200.79072873299083, "time_cost": 70.154, "final_distance_cost": 1.7596551214559861, "oscillation_cost": 35.56587030745332, "completition_cost": 0.0, "overshoot_cost": 51.32167876800485, "power_cost": 20.212063513183594, "noise_cost": 21.77746102289307, "n_waypoints_completed": 9, "tot_waypoints": 9}}
{"target": -202.95788375247605, "params": {"k_pid_pos": [1.1230528184313633, 0.09264886243277164, 0.1889796868836542], "k_pid_alt": [0.4567265490736738, 0.007888484832176202, 0.05146899967846331], "k_pid_att": [22.123914492000637, 6.0803463126004536, 0.69500906284939], "k_pid_yaw": [0.5, 1e-06, 0.1], "k_pid_hsp": [0.8403999438469364, 0.06095609626898041, 0.0], "k_pid_vsp": [67.44564845018448, 190.8432939267351, 0.631890151612969]}, "datetime": {"datetime": "2025-08-13 13:30:36", "elapsed": 13364.0966360569, "delta": 17.911417484283447}, "costs": {"total_cost": 202.95788375247605, "time_cost": 75.754, "final_distance_cost": 1.8362596027926827, "oscillation_cost": 34.70975710380384, "completition_cost": 0.0, "overshoot_cost": 50.00984945213187, "power_cost": 18.387012170410156, "noise_cost": 22.261005423337494, "n_waypoints_completed": 9, "tot_waypoints": 9}}
{"target": -195.0048555462283, "params": {"k_pid_pos": [1.224054435728603, 0.17687831502481477, 0.35225787557773874], "k_pid_alt": [1.493595139770062, 0.012062220126260972, 0.05441264982458071], "k_pid_att": [37.9645582165246, 3.8297728012991876, 1.0], "k_pid_yaw": [0.5, 1e-06, 0.1], "k_pid_hsp": [0.6801460844398689, 0.12666637349156426, 0.0], "k_pid_vsp": [331.91868108642956, 200.9256406708885, 0.048786874437748644]}, "datetime": {"datetime": "2025-08-13 13:30:52", "elapsed": 13380.715319395065, "delta": 16.618683338165283}, "costs": {"total_cost": 195.0048555462283, "time_cost": 70.399, "final_distance_cost": 1.8316448099442377, "oscillation_cost": 32.323758120951425, "completition_cost": 0.0, "overshoot_cost": 51.05321279490496, "power_cost": 17.434927746582034, "noise_cost": 21.96231207384566, "n_waypoints_completed": 9, "tot_waypoints": 9}}
{"target": -190.47756761475324, "params": {"k_pid_pos": [2.0, 0.20965448327032266, 0.47246485514934555], "k_pid_alt": [1.7318640783294235, 0.0, 0.024836664340769633], "k_pid_att": [43.57001264752912, 7.986004859299812, 1.0], "k_pid_yaw": [0.5, 1e-06, 0.1], "k_pid_hsp": [1.2109906884921087, 0.051888722196774706, 0.0], "k_pid_vsp": [400.0, 230.6775113062166, 0.11976265327306455]}, "datetime": {"datetime": "2025-08-13 13:31:10", "elapsed": 13398.897003173828, "delta": 18.181683778762817}, "costs": {"total_cost": 190.47756761475324, "time_cost": 68.88, "final_distance_cost": 1.7588682763018626, "oscillation_cost": 33.59584816164742, "completition_cost": 0.0, "overshoot_cost": 50.608611663293296, "power_cost": 15.139087548828126, "noise_cost": 20.495151964682535, "n_waypoints_completed": 9, "tot_waypoints": 9}}
{"target": -186.40655011288032, "params": {"k_pid_pos": [0.878004434794755, 0.13662052772455757, 0.1569793681453753], "k_pid_alt": [1.4349416833500632, 0.006632996011404309, 0.06499142430279287], "k_pid_att": [33.03421694016542, 3.6045247760032986, 0.7375702968706795], "k_pid_yaw": [0.5, 1e-06, 0.1], "k_pid_hsp": [1.4377603069896476, 0.04073389623114725, 0.0], "k_pid_vsp": [102.72216374185199, 29.468076792203323, 0.5238417310497507]}, "datetime": {"datetime": "2025-08-13 13:31:31", "elapsed": 13419.687996149063, "delta": 20.790992975234985}, "costs": {"total_cost": 186.40655011288032, "time_cost": 71.58200000000001, "final_distance_cost": 1.826580450907895, "oscillation_cost": 30.000199632012777, "completition_cost": 0.0, "overshoot_cost": 50.82224772850109, "power_cost": 11.215949035644531, "noise_cost": 20.959573265814022, "n_waypoints_completed": 9, "tot_waypoints": 9}}
{"target": -193.26046467966233, "params": {"k_pid_pos": [2.0, 0.0970094022676099, 0.19532224513514537], "k_pid_alt": [2.0, 0.0, 0.06441175941918542], "k_pid_att": [23.169396816123484, 5.702527930007446, 0.6292624386753684], "k_pid_yaw": [0.5, 1e-06, 0.1], "k_pid_hsp": [1.1859774804724803, 0.02414813452911359, 0.0], "k_pid_vsp": [167.6913298877817, 30.60459845173108, 0.5018399606212346]}, "datetime": {"datetime": "2025-08-13 13:31:50", "elapsed": 13438.02864909172, "delta": 18.34065294265747}, "costs": {"total_cost": 193.26046467966233, "time_cost": 69.328, "final_distance_cost": 1.7980965045616744, "oscillation_cost": 35.92883422689803, "completition_cost": 0.0, "overshoot_cost": 50.634129611951, "power_cost": 14.93323592529297, "noise_cost": 20.638168410958652, "n_waypoints_completed": 9, "tot_waypoints": 9}}
{"target": -204.1620786530662, "params": {"k_pid_pos": [1.4441147024639311, 0.11516881147901624, 0.07383826349216903], "k_pid_alt": [1.5198454959218626, 0.0071888377002428646, 0.03937152240669598], "k_pid_att": [27.191626136061004, 10.0, 0.7753001406568814], "k_pid_yaw": [0.5, 1e-06, 0.1], "k_pid_hsp": [0.8749718410479846, 0.05479738390519643, 0.0], "k_pid_vsp": [274.47377476832276, 217.64319767509528, 0.4677200661099116]}, "datetime": {"datetime": "2025-08-13 13:32:08", "elapsed": 13456.743032932281, "delta": 18.714383840560913}, "costs": {"total_cost": 204.1620786530662, "time_cost": 71.08500000000001, "final_distance_cost": 1.8149063271864945, "oscillation_cost": 35.17169104355188, "completition_cost": 0.0, "overshoot_cost": 51.480445487524555, "power_cost": 22.13860224609375, "noise_cost": 22.47143354870954, "n_waypoints_completed": 9, "tot_waypoints": 9}}
{"target": -196.69574062252312, "params": {"k_pid_pos": [0.78080201558021, 0.09384235460815532, 0.3653768648914176], "k_pid_alt": [1.1126045409213707, 0.002880065165520236, 0.06928210686451404], "k_pid_att": [21.379505848664085, 6.241216773200194, 0.7044034218236898], "k_pid_yaw": [0.5, 1e-06, 0.1], "k_pid_hsp": [0.6269741386263492, 0.06713470094388518, 0.0], "k_pid_vsp": [346.59502021009513, 182.88676608837508, 0.2810277613152681]}, "datetime": {"datetime": "2025-08-13 13:32:37", "elapsed": 13485.275196790695, "delta": 28.532163858413696}, "costs": {"total_cost": 196.69574062252312, "time_cost": 76.237, "final_distance_cost": 1.8393717138300447, "oscillation_cost": 28.680032381896634, "completition_cost": 0.0, "overshoot_cost": 50.802149860313634, "power_cost": 15.748617810058594, "noise_cost": 23.388568856424193, "n_waypoints_completed": 9, "tot_waypoints": 9}}
