{"target": -203.62487358567475, "params": {"k_pid_pos": [0.5684757383399097, 0.051435294164118885, 0.19190366920164334], "k_pid_alt": [1.2469045571902573, 0.0, 0.022548527228811423], "k_pid_att": [12.434890707708925, 3.523039603849743, 0.43777365061314316], "k_pid_yaw": [0.5, 1e-06, 0.1], "k_pid_hsp": [0.21258096798100415, 0.017007868740480478, 0.0], "k_pid_vsp": [238.4804988169532, 137.55447177749045, 0.1255018318108032]}, "datetime": {"datetime": "2025-08-13 19:35:36", "elapsed": 35264.24130535126, "delta": 18.807610273361206}, "costs": {"total_cost": 203.62487358567475, "time_cost": 77.112, "final_distance_cost": 1.8470161739281064, "oscillation_cost": 25.094105355596746, "completition_cost": 0.0, "overshoot_cost": 51.598515548001224, "power_cost": 22.745184350585937, "noise_cost": 25.228052157562747, "n_waypoints_completed": 9, "tot_waypoints": 9}}
{"target": -185.62146991805812, "params": {"k_pid_pos": [0.9826520009511762, 0.04910010230785031, 0.28865217405023263], "k_pid_alt": [1.5977113384250432, 0.0, 0.02879896895965887], "k_pid_att": [8.226401409590002, 4.4313431859067745, 0.38984049018627703], "k_pid_yaw": [0.5, 1e-06, 0.1], "k_pid_hsp": [0.22833740234249647, 0.01833731969467791, 0.0], "k_pid_vsp": [226.28649056809604, 103.1161710187049, 0.23669458968582627]}, "datetime": {"datetime": "2025-08-13 19:35:52", "elapsed": 35280.43436264992, "delta": 16.19305729866028}, "costs": {"total_cost": 185.62146991805812, "time_cost": 69.909, "final_distance_cost": 1.8382706090483347, "oscillation_cost": 27.921451558925813, "completition_cost": 0.0, "overshoot_cost": 50.35717812500658, "power_cost": 14.537805578613282, "noise_cost": 21.057764046464108, "n_waypoints_completed": 9, "tot_waypoints": 9}}
{"target": -186.38343539939598, "params": {"k_pid_pos": [0.953619905382563, 0.04953962436672541, 0.27769033015584865], "k_pid_alt": [1.407186081977266, 0.0, 0.02586899794302221], "k_pid_att": [10.049753524601114, 5.13524450388506, 0.6694981436693176], "k_pid_yaw": [0.5, 1e-06, 0.1], "k_pid_hsp": [0.20674623445429172, 0.013062919630256598, 0.0], "k_pid_vsp": [218.13216741614224, 114.93292095029246, 0.16777392232328106]}, "datetime": {"datetime": "2025-08-13 19:36:10", "elapsed": 35298.109546899796, "delta": 17.67518424987793}, "costs": {"total_cost": 186.38343539939598, "time_cost": 69.97200000000001, "final_distance_cost": 1.830939967367157, "oscillation_cost": 27.380395051951208, "completition_cost": 0.0, "overshoot_cost": 50.269981067174, "power_cost": 15.652012829589845, "noise_cost": 21.278106483313763, "n_waypoints_completed": 9, "tot_waypoints": 9}}
{"target": -193.2751712499217, "params": {"k_pid_pos": [1.1973743172988447, 0.04840301796454612, 0.31161310094216504], "k_pid_alt": [1.4904468475466894, 0.0, 0.028654055381109655], "k_pid_att": [5.880362561214645, 2.7539802796125024, 0.5272251560234485], "k_pid_yaw": [0.5, 1e-06, 0.1], "k_pid_hsp": [0.3057581934900474, 0.012836513667354417, 0.0], "k_pid_vsp": [305.30089498175204, 125.56079373140456, 0.20500390891225032]}, "datetime": {"datetime": "2025-08-13 19:36:26", "elapsed": 35314.62261557579, "delta": 16.513068675994873}, "costs": {"total_cost": 193.2751712499217, "time_cost": 69.937, "final_distance_cost": 1.8394521624923954, "oscillation_cost": 31.42845957288364, "completition_cost": 0.0, "overshoot_cost": 50.33616162303099, "power_cost": 17.99435037841797, "noise_cost": 21.739747513096706, "n_waypoints_completed": 9, "tot_waypoints": 9}}
{"target": -187.55790173489106, "params": {"k_pid_pos": [1.1320981160010704, 0.05021814600658861, 0.3722722989201021], "k_pid_alt": [0.9381827081012691, 0.0, 0.025631812582059422], "k_pid_att": [5.681745099836469, 3.776422352893056, 0.6853758546017041], "k_pid_yaw": [0.5, 1e-06, 0.1], "k_pid_hsp": [0.25773669891710926, 0.014951613453044826, 0.0], "k_pid_vsp": [298.18512067236156, 85.4667519362618, 0.09152297522337538]}, "datetime": {"datetime": "2025-08-13 19:36:44", "elapsed": 35332.24288773537, "delta": 17.620272159576416}, "costs": {"total_cost": 187.55790173489106, "time_cost": 70.637, "final_distance_cost": 1.8408337772883454, "oscillation_cost": 31.053258184811753, "completition_cost": 0.0, "overshoot_cost": 50.08487932658883, "power_cost": 13.289322192382814, "noise_cost": 20.652608253819317, "n_waypoints_completed": 9, "tot_waypoints": 9}}
{"target": -194.15013555283997, "params": {"k_pid_pos": [0.9383553081195455, 0.05277684384667533, 0.3002212269218996], "k_pid_alt": [1.4679808934023721, 0.0, 0.031469358320688], "k_pid_att": [9.279468706807622, 3.8006752883554373, 0.6983995989113354], "k_pid_yaw": [0.5, 1e-06, 0.1], "k_pid_hsp": [0.22887304285507737, 0.009314831546839562, 0.0], "k_pid_vsp": [293.95722429839407, 141.18764490629556, 0.12882298882515764]}, "datetime": {"datetime": "2025-08-13 19:37:01", "elapsed": 35349.445939302444, "delta": 17.203051567077637}, "costs": {"total_cost": 194.15013555283997, "time_cost": 71.498, "final_distance_cost": 1.8403871578696223, "oscillation_cost": 27.79310886699425, "completition_cost": 0.0, "overshoot_cost": 51.20777793424215, "power_cost": 19.312766564941406, "noise_cost": 22.498095028792527, "n_waypoints_completed": 9, "tot_waypoints": 9}}
{"target": -199.09736866395508, "params": {"k_pid_pos": [0.5377201092103477, 0.047958915659255245, 0.359266673084891], "k_pid_alt": [1.2582937071121976, 0.0, 0.02850803494748219], "k_pid_att": [12.004000052098142, 2.754292414895121, 0.613098851221705], "k_pid_yaw": [0.5, 1e-06, 0.1], "k_pid_hsp": [0.2946883069016854, 0.015179616355674322, 0.0], "k_pid_vsp": [317.9269799483645, 133.86694154714255, 0.16478124198653088]}, "datetime": {"datetime": "2025-08-13 19:37:20", "elapsed": 35368.048948049545, "delta": 18.60300874710083}, "costs": {"total_cost": 199.09736866395508, "time_cost": 81.94200000000001, "final_distance_cost": 1.8527271036394843, "oscillation_cost": 24.489215199376932, "completition_cost": 0.0, "overshoot_cost": 51.460262644002576, "power_cost": 14.242375451660157, "noise_cost": 25.110788265275914, "n_waypoints_completed": 9, "tot_waypoints": 9}}
{"target": -195.21349748747397, "params": {"k_pid_pos": [1.284994386945548, 0.060364196552967896, 0.20140757835498793], "k_pid_alt": [1.222569218236224, 0.0, 0.02927569007654396], "k_pid_att": [11.635256791320167, 4.294212413659786, 0.7449862996784425], "k_pid_yaw": [0.5, 1e-06, 0.1], "k_pid_hsp": [0.2460868076596472, 0.017722585195514968, 0.0], "k_pid_vsp": [253.57793814606066, 146.0068230089033, 0.12618372693113794]}, "datetime": {"datetime": "2025-08-13 19:37:37", "elapsed": 35385.46524429321, "delta": 17.416296243667603}, "costs": {"total_cost": 195.21349748747397, "time_cost": 70.119, "final_distance_cost": 1.7974487352960595, "oscillation_cost": 30.78321056485728, "completition_cost": 0.0, "overshoot_cost": 50.78335294780982, "power_cost": 19.924715942382814, "noise_cost": 21.805769297128002, "n_waypoints_completed": 9, "tot_waypoints": 9}}
{"target": -208.5484698760132, "params": {"k_pid_pos": [1.0387022584374999, 0.040408153251000965, 0.3445424451363681], "k_pid_alt": [1.7120494978244214, 0.0, 0.028989079424245803], "k_pid_att": [8.387353075116557, 5.994703542239663, 0.6299797887570836], "k_pid_yaw": [0.5, 1e-06, 0.1], "k_pid_hsp": [0.20875881860661935, 0.023267398358696106, 0.0], "k_pid_vsp": [251.10898351682872, 128.79136626596568, 0.18828752156914744]}, "datetime": {"datetime": "2025-08-13 19:37:54", "elapsed": 35402.66962194443, "delta": 17.2043776512146}, "costs": {"total_cost": 208.5484698760132, "time_cost": 73.836, "final_distance_cost": 1.8381693851568812, "oscillation_cost": 31.323108540786027, "completition_cost": 0.0, "overshoot_cost": 52.37423538388809, "power_cost": 25.160966345214845, "noise_cost": 24.015990220967364, "n_waypoints_completed": 9, "tot_waypoints": 9}}
{"target": -191.78767569222555, "params": {"k_pid_pos": [1.0840710709663262, 0.05790367465762051, 0.4389559459524806], "k_pid_alt": [1.5071983275528942, 0.0, 0.02001207186165763], "k_pid_att": [11.129231618440224, 2.9763163695946875, 0.6150358670823239], "k_pid_yaw": [0.5, 1e-06, 0.1], "k_pid_hsp": [0.15307353557402295, 0.011461596037081552, 0.0], "k_pid_vsp": [315.2693335792405, 112.54733556152526, 0.20085807233864553]}, "datetime": {"datetime": "2025-08-13 19:38:12", "elapsed": 35420.17201423645, "delta": 17.502392292022705}, "costs": {"total_cost": 191.78767569222555, "time_cost": 70.791, "final_distance_cost": 1.8393031011797905, "oscillation_cost": 26.95560546299159, "completition_cost": 0.0, "overshoot_cost": 51.11386870193386, "power_cost": 18.996878002929687, "noise_cost": 22.091020423190614, "n_waypoints_completed": 9, "tot_waypoints": 9}}
{"target": -200.98921597833137, "params": {"k_pid_pos": [0.9409866024083063, 0.05457364293990866, 0.3763771503159164], "k_pid_alt": [1.6020112778605078, 0.0, 0.019578280731262648], "k_pid_att": [5.687582501526287, 4.696092037525944, 0.5886265699192953], "k_pid_yaw": [0.5, 1e-06, 0.1], "k_pid_hsp": [0.20952711389750212, 0.014187440145122862, 0.0], "k_pid_vsp": [356.48152777896826, 148.82835205159418, 0.10515086349411569]}, "datetime": {"datetime": "2025-08-13 19:38:30", "elapsed": 35437.9861035347, "delta": 17.81408929824829}, "costs": {"total_cost": 200.98921597833137, "time_cost": 72.408, "final_distance_cost": 1.8367803472840765, "oscillation_cost": 30.205441325096096, "completition_cost": 0.0, "overshoot_cost": 51.17393305066026, "power_cost": 22.144324060058594, "noise_cost": 23.220737195232374, "n_waypoints_completed": 9, "tot_waypoints": 9}}
{"target": -206.43233473575438, "params": {"k_pid_pos": [1.191925880075603, 0.04741200477928897, 0.31093653253902165], "k_pid_alt": [1.5337710632290598, 0.0, 0.030718982318108285], "k_pid_att": [7.4513874161364555, 4.630980718952729, 0.5728964405005762], "k_pid_yaw": [0.5, 1e-06, 0.1], "k_pid_hsp": [0.22688155620727923, 0.01584161420178391, 0.0], "k_pid_vsp": [330.84317053302254, 106.7427574024495, 0.1423929943619606]}, "datetime": {"datetime": "2025-08-13 19:38:46", "elapsed": 35454.275797367096, "delta": 16.28969383239746}, "costs": {"total_cost": 206.43233473575438, "time_cost": 69.59400000000001, "final_distance_cost": 1.7964640724640413, "oscillation_cost": 32.93919154623385, "completition_cost": 0.0, "overshoot_cost": 51.382332366413394, "power_cost": 23.89816812744141, "noise_cost": 26.822178623201655, "n_waypoints_completed": 9, "tot_waypoints": 9}}
{"target": -193.21466306014452, "params": {"k_pid_pos": [0.731922099457423, 0.04412532361923802, 0.3124106739590361], "k_pid_alt": [1.7258431721624266, 0.0, 0.03040732565635249], "k_pid_att": [5.36412939233918, 3.3412430820292465, 0.509384576335511], "k_pid_yaw": [0.5, 1e-06, 0.1], "k_pid_hsp": [0.22834253455764605, 0.01690375919648977, 0.0], "k_pid_vsp": [270.08706414759973, 106.17422091311407, 0.14811552664159547]}, "datetime": {"datetime": "2025-08-13 19:39:08", "elapsed": 35476.12034916878, "delta": 21.84455180168152}, "costs": {"total_cost": 193.21466306014452, "time_cost": 74.263, "final_distance_cost": 1.8439480548896794, "oscillation_cost": 27.77022317494632, "completition_cost": 0.0, "overshoot_cost": 50.787929906697116, "power_cost": 15.563339306640625, "noise_cost": 22.986222616970803, "n_waypoints_completed": 9, "tot_waypoints": 9}}
{"target": -207.56790478923398, "params": {"k_pid_pos": [1.1068357295255309, 0.054974845128746175, 0.32612295186647117], "k_pid_alt": [1.599341727852913, 0.0, 0.028586237924832624], "k_pid_att": [7.539802182726973, 3.899380533213136, 0.6009934864834474], "k_pid_yaw": [0.5, 1e-06, 0.1], "k_pid_hsp": [0.22308681643804643, 0.011773768461983185, 0.0], "k_pid_vsp": [329.7855700885279, 129.9101005421093, 0.1447553686322038]}, "datetime": {"datetime": "2025-08-13 19:39:27", "elapsed": 35495.2542386055, "delta": 19.1338894367218}, "costs": {"total_cost": 207.56790478923398, "time_cost": 72.69500000000001, "final_distance_cost": 1.8451284508172123, "oscillation_cost": 31.470555437541286, "completition_cost": 0.0, "overshoot_cost": 52.13575536220355, "power_cost": 25.28579256591797, "noise_cost": 24.135672972753966, "n_waypoints_completed": 9, "tot_waypoints": 9}}
{"target": -188.58558290760416, "params": {"k_pid_pos": [0.7113914706555381, 0.04610757112071573, 0.3169490902005487], "k_pid_alt": [1.1675276421094674, 0.0, 0.022559630513643125], "k_pid_att": [6.944637309877035, 1.739663219290917, 0.580442118902366], "k_pid_yaw": [0.5, 1e-06, 0.1], "k_pid_hsp": [0.22571919721298697, 0.019003781461844647, 0.0], "k_pid_vsp": [284.05387917246253, 123.58112134168225, 0.21466159909932594]}, "datetime": {"datetime": "2025-08-13 19:39:46", "elapsed": 35514.18063020706, "delta": 18.9263916015625}, "costs": {"total_cost": 188.58558290760416, "time_cost": 75.362, "final_distance_cost": 1.8476136708476223, "oscillation_cost": 26.35267520454801, "completition_cost": 0.0, "overshoot_cost": 50.86028061853696, "power_cost": 12.214198645019533, "noise_cost": 21.94881476865203, "n_waypoints_completed": 9, "tot_waypoints": 9}}
{"target": -186.82987923102732, "params": {"k_pid_pos": [1.1153827638683322, 0.05711667570212756, 0.34140067998599943], "k_pid_alt": [1.7109470991363889, 0.0, 0.028701729855080436], "k_pid_att": [7.502669836537486, 5.27888206758191, 0.6022307908536326], "k_pid_yaw": [0.5, 1e-06, 0.1], "k_pid_hsp": [0.19481527645075966, 0.01728132846734379, 0.0], "k_pid_vsp": [353.70622898744483, 108.64921097231938, 0.1265641295428557]}, "datetime": {"datetime": "2025-08-13 19:40:04", "elapsed": 35532.34881854057, "delta": 18.168188333511353}, "costs": {"total_cost": 186.82987923102732, "time_cost": 69.405, "final_distance_cost": 1.836363020341867, "oscillation_cost": 29.35358773841129, "completition_cost": 0.0, "overshoot_cost": 50.161249044999074, "power_cost": 15.10037314453125, "noise_cost": 20.97330628274384, "n_waypoints_completed": 9, "tot_waypoints": 9}}
{"target": -199.08274218941864, "params": {"k_pid_pos": [0.6721082442498618, 0.05095656835489315, 0.2652569385721193], "k_pid_alt": [1.4391457654191353, 0.0, 0.019189982810522338], "k_pid_att": [9.686751900873503, 2.5219010916709963, 0.6023137185095101], "k_pid_yaw": [0.5, 1e-06, 0.1], "k_pid_hsp": [0.24095644063688115, 0.014053991833499863, 0.0], "k_pid_vsp": [376.3308492862061, 121.40958202762442, 0.17809586285781964]}, "datetime": {"datetime": "2025-08-13 19:40:22", "elapsed": 35550.148916721344, "delta": 17.800098180770874}, "costs": {"total_cost": 199.08274218941864, "time_cost": 75.383, "final_distance_cost": 1.84638875540968, "oscillation_cost": 26.375309508870874, "completition_cost": 0.0, "overshoot_cost": 51.59863737419727, "power_cost": 19.34558563232422, "noise_cost": 24.533820918616584, "n_waypoints_completed": 9, "tot_waypoints": 9}}
{"target": -189.34491226990642, "params": {"k_pid_pos": [0.890970481141394, 0.059970868860355804, 0.27977733619269146], "k_pid_alt": [1.004622087174276, 0.0, 0.030546673826090165], "k_pid_att": [12.201825151563902, 3.9350799369005856, 0.610025204046908], "k_pid_yaw": [0.5, 1e-06, 0.1], "k_pid_hsp": [0.17645736772846046, 0.014535439208395036, 0.0], "k_pid_vsp": [285.0265557016871, 76.07994693556688, 0.12338845726175081]}, "datetime": {"datetime": "2025-08-13 19:40:40", "elapsed": 35568.160677194595, "delta": 18.011760473251343}, "costs": {"total_cost": 189.34491226990642, "time_cost": 71.862, "final_distance_cost": 1.8282716382364153, "oscillation_cost": 26.84273411202179, "completition_cost": 0.0, "overshoot_cost": 50.81577269316351, "power_cost": 16.20527752685547, "noise_cost": 21.79085629962923, "n_waypoints_completed": 9, "tot_waypoints": 9}}
{"target": -190.75916662713817, "params": {"k_pid_pos": [1.1594586710852084, 0.0577972462582767, 0.3023587633978487], "k_pid_alt": [1.4285395947696904, 0.0, 0.026808625066434517], "k_pid_att": [10.388328504824221, 2.5088609637834023, 0.42738512637463], "k_pid_yaw": [0.5, 1e-06, 0.1], "k_pid_hsp": [0.16636606641693066, 0.012434463007985586, 0.0], "k_pid_vsp": [286.8101665685918, 124.57695910167793, 0.20545579734738675]}, "datetime": {"datetime": "2025-08-13 19:40:56", "elapsed": 35584.401265621185, "delta": 16.240588426589966}, "costs": {"total_cost": 190.75916662713817, "time_cost": 69.657, "final_distance_cost": 1.836088996328645, "oscillation_cost": 28.45016307132037, "completition_cost": 0.0, "overshoot_cost": 50.77720932207395, "power_cost": 18.20400821533203, "noise_cost": 21.834697022083162, "n_waypoints_completed": 9, "tot_waypoints": 9}}
{"target": -191.29397762750426, "params": {"k_pid_pos": [0.8523875803115901, 0.028951713176057353, 0.4059621041876101], "k_pid_alt": [1.368654260139955, 0.0, 0.026599538162975053], "k_pid_att": [11.05532044703079, 4.263020939698914, 0.5411818251243933], "k_pid_yaw": [0.5, 1e-06, 0.1], "k_pid_hsp": [0.1895609829891669, 0.01662364516642076, 0.0], "k_pid_vsp": [241.9030727624795, 91.67484624560659, 0.24127412533192552]}, "datetime": {"datetime": "2025-08-13 19:41:14", "elapsed": 35602.55871629715, "delta": 18.157450675964355}, "costs": {"total_cost": 191.29397762750426, "time_cost": 73.052, "final_distance_cost": 1.8480297969805715, "oscillation_cost": 26.945188897567938, "completition_cost": 0.0, "overshoot_cost": 50.48410733784309, "power_cost": 16.246850122070313, "noise_cost": 22.71780147304235, "n_waypoints_completed": 9, "tot_waypoints": 9}}
{"target": -183.71899435956752, "params": {"k_pid_pos": [1.7049710540449923, 0.04494977099002023, 0.3461693345448446], "k_pid_alt": [1.4827806048038044, 0.0, 0.025654143146437356], "k_pid_att": [10.08824524237987, 3.847146715177965, 0.6160146871390819], "k_pid_yaw": [0.5, 1e-06, 0.1], "k_pid_hsp": [0.2118759634476589, 0.011451201026298007, 0.0], "k_pid_vsp": [259.05827573218863, 115.7132892495443, 0.19097431504911508]}, "datetime": {"datetime": "2025-08-13 19:41:31", "elapsed": 35619.12803864479, "delta": 16.56932234764099}, "costs": {"total_cost": 183.71899435956752, "time_cost": 68.397, "final_distance_cost": 1.810745285255438, "oscillation_cost": 31.737417940356657, "completition_cost": 0.0, "overshoot_cost": 50.28023992204546, "power_cost": 12.027171166992188, "noise_cost": 19.466420044917758, "n_waypoints_completed": 9, "tot_waypoints": 9}}
{"target": -193.37269895870529, "params": {"k_pid_pos": [1.1581963921597485, 0.056199813595370775, 0.24241558453724968], "k_pid_alt": [1.3087427004216632, 0.0, 0.02356073612401889], "k_pid_att": [10.089262974888785, 4.729875032816223, 0.5178266475679035], "k_pid_yaw": [0.5, 1e-06, 0.1], "k_pid_hsp": [0.21014200197863, 0.02194214868015154, 0.0], "k_pid_vsp": [273.6726658057836, 161.66684101279625, 0.12604417873429474]}, "datetime": {"datetime": "2025-08-13 19:41:48", "elapsed": 35636.460394859314, "delta": 17.332356214523315}, "costs": {"total_cost": 193.37269895870529, "time_cost": 69.937, "final_distance_cost": 1.829426670851338, "oscillation_cost": 29.940146835837012, "completition_cost": 0.0, "overshoot_cost": 51.03089794757423, "power_cost": 18.803175817871093, "noise_cost": 21.83205168657164, "n_waypoints_completed": 9, "tot_waypoints": 9}}
{"target": -191.11803811071476, "params": {"k_pid_pos": [1.2219978624063164, 0.05076693665890738, 0.3226125494065232], "k_pid_alt": [1.6059604765358921, 0.0, 0.03287312995788102], "k_pid_att": [13.430233632418437, 4.57780462309227, 0.7287434680332546], "k_pid_yaw": [0.5, 1e-06, 0.1], "k_pid_hsp": [0.22321765791338385, 0.011735590853152478, 0.0], "k_pid_vsp": [341.60107996086373, 103.94567213538015, 0.1713710689141913]}, "datetime": {"datetime": "2025-08-13 19:42:05", "elapsed": 35653.459844350815, "delta": 16.999449491500854}, "costs": {"total_cost": 191.11803811071476, "time_cost": 69.979, "final_distance_cost": 1.8309949742555176, "oscillation_cost": 29.03331919650448, "completition_cost": 0.0, "overshoot_cost": 50.977590653660336, "power_cost": 17.599246789550783, "noise_cost": 21.697886496743656, "n_waypoints_completed": 9, "tot_waypoints": 9}}
{"target": -185.4358119948765, "params": {"k_pid_pos": [1.0934372106997, 0.05351532071792628, 0.22222134666790627], "k_pid_alt": [1.4097416115584773, 0.0, 0.03312847308873021], "k_pid_att": [9.263863236526634, 3.5884474904929617, 0.45253631436392866], "k_pid_yaw": [0.5, 1e-06, 0.1], "k_pid_hsp": [0.17706127801565266, 0.012180041404426889, 0.0], "k_pid_vsp": [240.65168380977602, 133.02770101704962, 0.1852867011927728]}, "datetime": {"datetime": "2025-08-13 19:42:21", "elapsed": 35669.31072449684, "delta": 15.850880146026611}, "costs": {"total_cost": 185.4358119948765, "time_cost": 68.95, "final_distance_cost": 1.8363990169223425, "oscillation_cost": 29.188837503241626, "completition_cost": 0.0, "overshoot_cost": 50.35977052979275, "power_cost": 14.474830627441406, "noise_cost": 20.625974317478374, "n_waypoints_completed": 9, "tot_waypoints": 9}}
{"target": -182.21269074915296, "params": {"k_pid_pos": [0.9302049926114723, 0.05177541366098382, 0.2025273440935088], "k_pid_alt": [1.6849843295746567, 0.0, 0.02861657032110244], "k_pid_att": [11.752637763353063, 3.8032494439050915, 0.6156341395975572], "k_pid_yaw": [0.5, 1e-06, 0.1], "k_pid_hsp": [0.19550765245033905, 0.0179931789000049, 0.0], "k_pid_vsp": [214.4699922306828, 86.39411349478529, 0.17202259104268455]}, "datetime": {"datetime": "2025-08-13 19:42:38", "elapsed": 35686.67325878143, "delta": 17.362534284591675}, "costs": {"total_cost": 182.21269074915296, "time_cost": 69.47500000000001, "final_distance_cost": 1.8320004614078769, "oscillation_cost": 27.431030905248868, "completition_cost": 0.0, "overshoot_cost": 50.14622464882913, "power_cost": 12.900500817871094, "noise_cost": 20.427933915795983, "n_waypoints_completed": 9, "tot_waypoints": 9}}
