{"target": -190.04340198401712, "params": {"k_pid_pos": [0.8244174993346803, 0.04694267484180442, 0.38632065435763985], "k_pid_alt": [1.762889859059927, 0.0, 0.025397525387521765], "k_pid_att": [13.489819446744008, 6.732144973965068, 0.4185563493030446], "k_pid_yaw": [0.5, 1e-06, 0.1], "k_pid_hsp": [0.30739647924344465, 0.009643994646772977, 0.0], "k_pid_vsp": [156.8463475924596, 81.70857744086275, 0.1435058260345119]}, "datetime": {"datetime": "2025-08-13 17:23:28", "elapsed": 27336.425152778625, "delta": 17.488373517990112}, "costs": {"total_cost": 190.04340198401712, "time_cost": 73.82900000000001, "final_distance_cost": 1.8461270873950142, "oscillation_cost": 27.32345210925192, "completition_cost": 0.0, "overshoot_cost": 50.53474106683307, "power_cost": 14.130602868652344, "noise_cost": 22.37947885188475, "n_waypoints_completed": 9, "tot_waypoints": 9}}
{"target": -195.22187470932099, "params": {"k_pid_pos": [0.42894458480592057, 0.04897788499639772, 0.19615627456952123], "k_pid_alt": [1.302900277077251, 0.0, 0.01962675181402875], "k_pid_att": [14.996181232048238, 3.8484823591047728, 0.8434760778896235], "k_pid_yaw": [0.5, 1e-06, 0.1], "k_pid_hsp": [0.21699820135190642, 0.013841463075008388, 0.0], "k_pid_vsp": [217.16926697363374, 59.15139507122603, 0.1649471502512841]}, "datetime": {"datetime": "2025-08-13 17:23:49", "elapsed": 27357.61985206604, "delta": 21.19469928741455}, "costs": {"total_cost": 195.22187470932099, "time_cost": 82.635, "final_distance_cost": 1.8557129141548196, "oscillation_cost": 22.37757828758115, "completition_cost": 0.0, "overshoot_cost": 52.60874325385069, "power_cost": 11.613912548828125, "noise_cost": 24.130927704906185, "n_waypoints_completed": 9, "tot_waypoints": 9}}
{"target": -181.8883290311477, "params": {"k_pid_pos": [0.9836239006006894, 0.0475599057332092, 0.24568033959159452], "k_pid_alt": [1.200542372103713, 0.0, 0.0275270060012552], "k_pid_att": [11.391397782535146, 3.5951649024691825, 0.6395407325232305], "k_pid_yaw": [0.5, 1e-06, 0.1], "k_pid_hsp": [0.2244905941614738, 0.009773895108294683, 0.0], "k_pid_vsp": [201.8988371751245, 68.94325241999134, 0.12085256736484451]}, "datetime": {"datetime": "2025-08-13 17:24:06", "elapsed": 27374.541011095047, "delta": 16.921159029006958}, "costs": {"total_cost": 181.8883290311477, "time_cost": 69.958, "final_distance_cost": 1.838345418541038, "oscillation_cost": 27.730992188592428, "completition_cost": 0.0, "overshoot_cost": 50.21276499361057, "power_cost": 11.993425024414064, "noise_cost": 20.15480140598963, "n_waypoints_completed": 9, "tot_waypoints": 9}}
{"target": -187.14981012003292, "params": {"k_pid_pos": [0.8800819513209168, 0.060928599632955716, 0.23780595589082276], "k_pid_alt": [1.6096333464686807, 0.0, 0.0227117655255568], "k_pid_att": [11.663414525440887, 2.8689230015532416, 0.6883236653043016], "k_pid_yaw": [0.5, 1e-06, 0.1], "k_pid_hsp": [0.2917942275623864, 0.017778774943449382, 0.0], "k_pid_vsp": [270.2975322964719, 129.21327646548846, 0.2070595792433885]}, "datetime": {"datetime": "2025-08-13 17:24:23", "elapsed": 27391.65320611, "delta": 17.112195014953613}, "costs": {"total_cost": 187.14981012003292, "time_cost": 70.637, "final_distance_cost": 1.839914131270678, "oscillation_cost": 26.838140919520146, "completition_cost": 0.0, "overshoot_cost": 50.19628218273602, "power_cost": 15.855386267089845, "noise_cost": 21.783086619416252, "n_waypoints_completed": 9, "tot_waypoints": 9}}
{"target": -187.50097212747863, "params": {"k_pid_pos": [1.2395842866888935, 0.010687392976964714, 0.21621978941715703], "k_pid_alt": [0.8836512481081907, 0.0, 0.021211417392126602], "k_pid_att": [16.601593902130094, 4.480624349618398, 0.36424217310013957], "k_pid_yaw": [0.5, 1e-06, 0.1], "k_pid_hsp": [0.2989259474558286, 0.022610667141047286, 0.0], "k_pid_vsp": [181.9028667885042, 97.8907924342753, 0.1586808838107214]}, "datetime": {"datetime": "2025-08-13 17:24:40", "elapsed": 27408.278483629227, "delta": 16.625277519226074}, "costs": {"total_cost": 187.50097212747863, "time_cost": 69.825, "final_distance_cost": 1.8307001735026112, "oscillation_cost": 30.694484013715698, "completition_cost": 0.0, "overshoot_cost": 50.0320751285738, "power_cost": 14.417802453613282, "noise_cost": 20.700910358073244, "n_waypoints_completed": 9, "tot_waypoints": 9}}
{"target": -189.7672246143579, "params": {"k_pid_pos": [0.7161428764920502, 0.05465213961363582, 0.21865431424468398], "k_pid_alt": [0.8713302107291087, 0.0, 0.025731324843689507], "k_pid_att": [15.707902259867168, 6.638136908429318, 0.6230673966023624], "k_pid_yaw": [0.5, 1e-06, 0.1], "k_pid_hsp": [0.2238318377142409, 0.02477802384203222, 0.0], "k_pid_vsp": [251.54922957476285, 89.13377680871213, 0.20424838992949637]}, "datetime": {"datetime": "2025-08-13 17:24:58", "elapsed": 27426.13773584366, "delta": 17.859252214431763}, "costs": {"total_cost": 189.7672246143579, "time_cost": 74.795, "final_distance_cost": 1.8426434341500457, "oscillation_cost": 27.075165208271727, "completition_cost": 0.0, "overshoot_cost": 50.523649064469886, "power_cost": 13.410373266601564, "noise_cost": 22.120393640864666, "n_waypoints_completed": 9, "tot_waypoints": 9}}
{"target": -197.02397841781493, "params": {"k_pid_pos": [0.845500717066451, 0.04917879480661517, 0.2359117414384677], "k_pid_alt": [1.525275598040432, 0.0, 0.02067879912602805], "k_pid_att": [7.161909484094817, 5.2154838759137965, 0.581630675747968], "k_pid_yaw": [0.5, 1e-06, 0.1], "k_pid_hsp": [0.2779173402390049, 0.012327368767355892, 0.0], "k_pid_vsp": [345.4988751784235, 122.60643888443487, 0.20182398348762662]}, "datetime": {"datetime": "2025-08-13 17:25:15", "elapsed": 27443.175236940384, "delta": 17.037501096725464}, "costs": {"total_cost": 197.02397841781493, "time_cost": 72.135, "final_distance_cost": 1.8369986859390004, "oscillation_cost": 28.96591667288076, "completition_cost": 0.0, "overshoot_cost": 51.044803762541754, "power_cost": 19.922335852050782, "noise_cost": 23.11892344440262, "n_waypoints_completed": 9, "tot_waypoints": 9}}
{"target": -185.6915261184365, "params": {"k_pid_pos": [1.0589657447789043, 0.051277052312980465, 0.25296425133561345], "k_pid_alt": [1.0096967215629056, 0.0, 0.01985117629334291], "k_pid_att": [11.463164250148793, 5.523188866915501, 0.5902463662806529], "k_pid_yaw": [0.5, 1e-06, 0.1], "k_pid_hsp": [0.20701807057401045, 0.010709754894106105, 0.0], "k_pid_vsp": [255.90423598538894, 97.60470760480528, 0.20511995014420595]}, "datetime": {"datetime": "2025-08-13 17:25:32", "elapsed": 27460.36534023285, "delta": 17.19010329246521}, "costs": {"total_cost": 185.6915261184365, "time_cost": 70.287, "final_distance_cost": 1.825219443000932, "oscillation_cost": 28.45981735722475, "completition_cost": 0.0, "overshoot_cost": 50.147807728117016, "power_cost": 14.182235827636719, "noise_cost": 20.789445762457067, "n_waypoints_completed": 9, "tot_waypoints": 9}}
{"target": -191.81299128816826, "params": {"k_pid_pos": [0.7188980397400343, 0.031543565192915984, 0.07219418306330552], "k_pid_alt": [1.4025393391634593, 0.0, 0.024264739753930443], "k_pid_att": [8.910331821676971, 3.3638901740120217, 0.3646620299966634], "k_pid_yaw": [0.5, 1e-06, 0.1], "k_pid_hsp": [0.3139518777194093, 0.018883476526027704, 0.0], "k_pid_vsp": [242.51336734228062, 67.7961957615296, 0.11147258545665843]}, "datetime": {"datetime": "2025-08-13 17:25:49", "elapsed": 27477.072667121887, "delta": 16.707326889038086}, "costs": {"total_cost": 191.81299128816826, "time_cost": 71.512, "final_distance_cost": 1.8487303443687177, "oscillation_cost": 27.002893692488893, "completition_cost": 0.0, "overshoot_cost": 51.042074679954005, "power_cost": 17.81117526855469, "noise_cost": 22.59611730280196, "n_waypoints_completed": 9, "tot_waypoints": 9}}
{"target": -200.14506751971447, "params": {"k_pid_pos": [1.4580008080539393, 0.04448138504596635, 0.11295571133675048], "k_pid_alt": [1.2916795181164409, 0.0, 0.020818724987318], "k_pid_att": [5.363576931328256, 3.523098755410299, 0.4086175515527846], "k_pid_yaw": [0.5, 1e-06, 0.1], "k_pid_hsp": [0.25868971505322974, 0.01903730578044831, 0.0], "k_pid_vsp": [186.0193102084872, 101.17244955447893, 0.1808729098047792]}, "datetime": {"datetime": "2025-08-13 17:26:05", "elapsed": 27493.556394815445, "delta": 16.48372769355774}, "costs": {"total_cost": 200.14506751971447, "time_cost": 69.699, "final_distance_cost": 1.770543762973247, "oscillation_cost": 35.30570499374673, "completition_cost": 0.0, "overshoot_cost": 50.156578461824296, "power_cost": 21.39310753173828, "noise_cost": 21.820132769431915, "n_waypoints_completed": 9, "tot_waypoints": 9}}
{"target": -881.0725952086929, "params": {"k_pid_pos": [0.0954287656002714, 0.041783988272145765, 0.24818345384834448], "k_pid_alt": [1.294150661333896, 0.0, 0.02227737040623969], "k_pid_att": [6.659558882965609, 5.1965210064391725, 0.9319307638970468], "k_pid_yaw": [0.5, 1e-06, 0.1], "k_pid_hsp": [0.16806451303439393, 0.022397197754405435, 0.0], "k_pid_vsp": [384.549963594305, 36.773327581907985, 0.18747774015988972]}, "datetime": {"datetime": "2025-08-13 17:26:34", "elapsed": 27522.267625808716, "delta": 28.711230993270874}, "costs": {"total_cost": 881.0725952086929, "time_cost": 150, "final_distance_cost": 47.01447787425562, "oscillation_cost": 6.186585495675548, "completition_cost": 555.5555555555555, "overshoot_cost": 67.43881245803952, "power_cost": 22.021082421875, "noise_cost": 32.856081403291704, "n_waypoints_completed": 4, "tot_waypoints": 9}}
{"target": -216.66025578318042, "params": {"k_pid_pos": [1.2120777561004858, 0.059507327091448126, 0.16817895168604602], "k_pid_alt": [2.0, 0.0, 0.02310734600718981], "k_pid_att": [12.494747776617709, 2.8127212375208104, 0.5565866537813576], "k_pid_yaw": [0.5, 1e-06, 0.1], "k_pid_hsp": [0.262112130985158, 0.011513579152646261, 0.0], "k_pid_vsp": [340.09345070255193, 113.30546298500589, 0.15561403081883177]}, "datetime": {"datetime": "2025-08-13 17:26:51", "elapsed": 27539.86616373062, "delta": 17.598537921905518}, "costs": {"total_cost": 216.66025578318042, "time_cost": 75.43900000000001, "final_distance_cost": 1.8245694322150225, "oscillation_cost": 32.22611762677204, "completition_cost": 0.0, "overshoot_cost": 54.72265553764132, "power_cost": 27.575082299804688, "noise_cost": 24.87283088674735, "n_waypoints_completed": 9, "tot_waypoints": 9}}
{"target": -193.10554495147989, "params": {"k_pid_pos": [0.5705247562182271, 0.08656832496163347, 0.2220465524184827], "k_pid_alt": [1.7028048222301908, 0.0, 0.022019612660667886], "k_pid_att": [7.409967025075926, 8.622229083153867, 0.6706878894572563], "k_pid_yaw": [0.5, 1e-06, 0.1], "k_pid_hsp": [0.2139152432018677, 0.009555878568414214, 0.0], "k_pid_vsp": [241.53121063550998, 81.93183185974068, 0.12308428640175961]}, "datetime": {"datetime": "2025-08-13 17:27:10", "elapsed": 27558.025397777557, "delta": 18.159234046936035}, "costs": {"total_cost": 193.10554495147989, "time_cost": 77.287, "final_distance_cost": 1.8450671208063605, "oscillation_cost": 25.932425380048254, "completition_cost": 0.0, "overshoot_cost": 52.042366730467556, "power_cost": 12.869916931152344, "noise_cost": 23.12876878900536, "n_waypoints_completed": 9, "tot_waypoints": 9}}
{"target": -186.8888012690537, "params": {"k_pid_pos": [1.4850728953240757, 0.04013776413182977, 0.20133911504714117], "k_pid_alt": [0.9134312408863211, 0.0, 0.024322006084719277], "k_pid_att": [10.314962117153007, 5.986339024064182, 0.6991094550223531], "k_pid_yaw": [0.5, 1e-06, 0.1], "k_pid_hsp": [0.254906884012147, 0.009903151012035817, 0.0], "k_pid_vsp": [256.0881060226249, 94.82986055332634, 0.09406964166670083]}, "datetime": {"datetime": "2025-08-13 17:27:26", "elapsed": 27574.949950933456, "delta": 16.924553155899048}, "costs": {"total_cost": 186.8888012690537, "time_cost": 69.636, "final_distance_cost": 1.7963835521417486, "oscillation_cost": 32.24605456883891, "completition_cost": 0.0, "overshoot_cost": 49.85170756780804, "power_cost": 13.313600134277344, "noise_cost": 20.04505544598766, "n_waypoints_completed": 9, "tot_waypoints": 9}}
{"target": -191.79778526429422, "params": {"k_pid_pos": [1.1441101397761175, 0.05163670591949801, 0.46641428005915514], "k_pid_alt": [0.8457620949735487, 0.0, 0.024047556165759737], "k_pid_att": [15.780382514907904, 4.553470057048798, 0.5841800987437755], "k_pid_yaw": [0.5, 1e-06, 0.1], "k_pid_hsp": [0.21066235513819864, 0.021529732616344683, 0.0], "k_pid_vsp": [299.9267383158064, 71.16737121289286, 0.09047477466949953]}, "datetime": {"datetime": "2025-08-13 17:27:43", "elapsed": 27591.67435479164, "delta": 16.724403858184814}, "costs": {"total_cost": 191.79778526429422, "time_cost": 71.918, "final_distance_cost": 1.8457153683115453, "oscillation_cost": 28.641155187638166, "completition_cost": 0.0, "overshoot_cost": 50.77771337058003, "power_cost": 16.818217529296877, "noise_cost": 21.79698380846762, "n_waypoints_completed": 9, "tot_waypoints": 9}}
{"target": -185.8377055936677, "params": {"k_pid_pos": [1.152481615561365, 0.05157778546251914, 0.33037681878738484], "k_pid_alt": [1.6937194425539228, 0.0, 0.020216828436019404], "k_pid_att": [7.325843828899326, 5.321600985015338, 0.2912473839248943], "k_pid_yaw": [0.5, 1e-06, 0.1], "k_pid_hsp": [0.3313817223758499, 0.015820438529950815, 0.0], "k_pid_vsp": [275.40327286852477, 82.53921684914097, 0.139290594233023]}, "datetime": {"datetime": "2025-08-13 17:28:00", "elapsed": 27608.093940734863, "delta": 16.419585943222046}, "costs": {"total_cost": 185.8377055936677, "time_cost": 69.748, "final_distance_cost": 1.8369425818674452, "oscillation_cost": 30.751344753410283, "completition_cost": 0.0, "overshoot_cost": 50.52392494612029, "power_cost": 12.581559130859375, "noise_cost": 20.395934181410293, "n_waypoints_completed": 9, "tot_waypoints": 9}}
{"target": -191.21029271785858, "params": {"k_pid_pos": [1.18366483199382, 0.03613718953265395, 0.2848983364763043], "k_pid_alt": [1.2099405150667877, 0.0, 0.014947605063067327], "k_pid_att": [6.702260400923282, 3.6711820277334133, 0.34613037220615367], "k_pid_yaw": [0.5, 1e-06, 0.1], "k_pid_hsp": [0.33163877207027903, 0.013198852102021916, 0.0], "k_pid_vsp": [268.5075596219272, 73.86747197365872, 0.21674210125506665]}, "datetime": {"datetime": "2025-08-13 17:28:17", "elapsed": 27625.347600460052, "delta": 17.25365972518921}, "costs": {"total_cost": 191.21029271785858, "time_cost": 70.224, "final_distance_cost": 1.8431452198000553, "oscillation_cost": 31.312451723900317, "completition_cost": 0.0, "overshoot_cost": 50.54384845327411, "power_cost": 15.923329565429688, "noise_cost": 21.36351775545441, "n_waypoints_completed": 9, "tot_waypoints": 9}}
{"target": -189.50860073423, "params": {"k_pid_pos": [0.5716763686501368, 0.06465391744811967, 0.047261399097962724], "k_pid_alt": [2.0, 0.0, 0.02582112086170642], "k_pid_att": [16.45022194699633, 6.7874126620387365, 0.6604452605316461], "k_pid_yaw": [0.5, 1e-06, 0.1], "k_pid_hsp": [0.25699821021165, 0.018093079176344295, 0.0], "k_pid_vsp": [289.2038584076217, 125.86633440615668, 0.17326023649682343]}, "datetime": {"datetime": "2025-08-13 17:28:34", "elapsed": 27642.793556690216, "delta": 17.445956230163574}, "costs": {"total_cost": 189.50860073423, "time_cost": 73.395, "final_distance_cost": 1.8413902926415613, "oscillation_cost": 26.39922625457544, "completition_cost": 0.0, "overshoot_cost": 50.857718084752904, "power_cost": 14.633845129394532, "noise_cost": 22.381420972865545, "n_waypoints_completed": 9, "tot_waypoints": 9}}
{"target": -1151.7444760566448, "params": {"k_pid_pos": [0.023709572254972017, 0.04837945202969154, 0.29543624011505004], "k_pid_alt": [1.9459660846838862, 0.0, 0.024414101281026526], "k_pid_att": [9.215084569417911, 4.702433603536465, 0.9348042401172997], "k_pid_yaw": [0.5, 1e-06, 0.1], "k_pid_hsp": [0.18194484116856655, 0.022451100549132297, 0.0], "k_pid_vsp": [266.38115498122886, 115.17347988611671, 0.15806577949191727]}, "datetime": {"datetime": "2025-08-13 17:29:04", "elapsed": 27672.103444099426, "delta": 29.309887409210205}, "costs": {"total_cost": 1151.7444760566448, "time_cost": 150, "final_distance_cost": 77.14062975038098, "oscillation_cost": 1.4844117352193507, "completition_cost": 777.7777777777778, "overshoot_cost": 85.0246248009892, "power_cost": 26.43733758544922, "noise_cost": 33.879694406828015, "n_waypoints_completed": 2, "tot_waypoints": 9}}
{"target": -200.48406770007577, "params": {"k_pid_pos": [0.8110498916129362, 0.026800476247164657, 0.2804696392608671], "k_pid_alt": [2.0, 0.0, 0.019991216711257847], "k_pid_att": [15.52830521660267, 5.709896450976387, 0.4903522297599192], "k_pid_yaw": [0.5, 1e-06, 0.1], "k_pid_hsp": [0.29921115735123643, 0.015780854913476753, 0.0], "k_pid_vsp": [213.54661493412434, 141.52389810783623, 0.15206315302098877]}, "datetime": {"datetime": "2025-08-13 17:29:21", "elapsed": 27689.715982437134, "delta": 17.61253833770752}, "costs": {"total_cost": 200.48406770007577, "time_cost": 74.522, "final_distance_cost": 1.846064150569046, "oscillation_cost": 28.03276185328976, "completition_cost": 0.0, "overshoot_cost": 51.79617097536619, "power_cost": 20.247751586914063, "noise_cost": 24.039319133936704, "n_waypoints_completed": 9, "tot_waypoints": 9}}
{"target": -189.7661204394014, "params": {"k_pid_pos": [0.8398978131583291, 0.030398901307963067, 0.10872819916400071], "k_pid_alt": [1.1329855927967365, 0.0, 0.020158114152732446], "k_pid_att": [8.69818640067094, 8.307872371894499, 0.7597790240499688], "k_pid_yaw": [0.5, 1e-06, 0.1], "k_pid_hsp": [0.2953054941814454, 0.019078830848468, 0.0], "k_pid_vsp": [284.32751154098224, 132.9498715271544, 0.20293343218654578]}, "datetime": {"datetime": "2025-08-13 17:29:39", "elapsed": 27707.074562311172, "delta": 17.358579874038696}, "costs": {"total_cost": 189.7661204394014, "time_cost": 70.518, "final_distance_cost": 1.8402340516944096, "oscillation_cost": 29.691076005112386, "completition_cost": 0.0, "overshoot_cost": 50.127916476477516, "power_cost": 16.148040307617187, "noise_cost": 21.440853598499896, "n_waypoints_completed": 9, "tot_waypoints": 9}}
{"target": -191.05919100612294, "params": {"k_pid_pos": [1.346187988420505, 0.044429472787253343, 0.3281559998355308], "k_pid_alt": [1.3417110063689777, 0.0, 0.021008503261079624], "k_pid_att": [10.472911034955219, 7.912716805876709, 0.5559857153233815], "k_pid_yaw": [0.5, 1e-06, 0.1], "k_pid_hsp": [0.3604235023871942, 0.015902471229313514, 0.0], "k_pid_vsp": [233.85845050901574, 119.78652394572164, 0.13883222828502825]}, "datetime": {"datetime": "2025-08-13 17:29:55", "elapsed": 27723.546983242035, "delta": 16.472420930862427}, "costs": {"total_cost": 191.05919100612294, "time_cost": 69.37, "final_distance_cost": 1.8286265649268976, "oscillation_cost": 32.028175482474275, "completition_cost": 0.0, "overshoot_cost": 49.75785991059329, "power_cost": 16.763588549804687, "noise_cost": 21.310940498323784, "n_waypoints_completed": 9, "tot_waypoints": 9}}
{"target": -190.05637937888196, "params": {"k_pid_pos": [0.7280319265648707, 0.04927810476984771, 0.2566666868313235], "k_pid_alt": [1.3692400331662296, 0.0, 0.013376425220963757], "k_pid_att": [11.95401724336, 8.315253257299831, 0.4560318868896179], "k_pid_yaw": [0.5, 1e-06, 0.1], "k_pid_hsp": [0.1510249715090786, 0.02275831695831189, 0.0], "k_pid_vsp": [166.2618348635843, 146.7996748029484, 0.20664327412934166]}, "datetime": {"datetime": "2025-08-13 17:30:13", "elapsed": 27741.11040019989, "delta": 17.563416957855225}, "costs": {"total_cost": 190.05637937888196, "time_cost": 72.268, "final_distance_cost": 1.8489216414598553, "oscillation_cost": 27.341632343556434, "completition_cost": 0.0, "overshoot_cost": 50.390768567993945, "power_cost": 16.050682275390624, "noise_cost": 22.156374550481104, "n_waypoints_completed": 9, "tot_waypoints": 9}}
{"target": -186.10995399525706, "params": {"k_pid_pos": [1.313827840687972, 0.0706169624115106, 0.22684209952264553], "k_pid_alt": [1.170552237694757, 0.0, 0.02298256856019999], "k_pid_att": [16.495234865451263, 3.6553763918395394, 0.7912950441540514], "k_pid_yaw": [0.5, 1e-06, 0.1], "k_pid_hsp": [0.2935914777069704, 0.012205905475539727, 0.0], "k_pid_vsp": [264.6158411211119, 95.50007141377431, 0.1488440358415495]}, "datetime": {"datetime": "2025-08-13 17:30:30", "elapsed": 27758.100918531418, "delta": 16.99051833152771}, "costs": {"total_cost": 186.10995399525706, "time_cost": 69.447, "final_distance_cost": 1.8035277274665977, "oscillation_cost": 30.609051335061803, "completition_cost": 0.0, "overshoot_cost": 50.52723786839299, "power_cost": 13.449974731445312, "noise_cost": 20.27316233289036, "n_waypoints_completed": 9, "tot_waypoints": 9}}
{"target": -192.02424425418732, "params": {"k_pid_pos": [0.8599515754133042, 0.09743966917481685, 0.2044205946467672], "k_pid_alt": [1.7533693623630875, 0.0, 0.014218948171397799], "k_pid_att": [11.19641891158606, 3.178881586414128, 0.5933758230563274], "k_pid_yaw": [0.5, 1e-06, 0.1], "k_pid_hsp": [0.21223593418054745, 0.016784181023587988, 0.0], "k_pid_vsp": [83.71439852392838, 82.37981900639676, 0.16721557679166343]}, "datetime": {"datetime": "2025-08-13 17:30:46", "elapsed": 27774.467408180237, "delta": 16.36648964881897}, "costs": {"total_cost": 192.02424425418732, "time_cost": 70.70700000000001, "final_distance_cost": 1.8181831918465117, "oscillation_cost": 27.311339170775163, "completition_cost": 0.0, "overshoot_cost": 51.007244306883734, "power_cost": 18.844582092285158, "noise_cost": 22.33589549239676, "n_waypoints_completed": 9, "tot_waypoints": 9}}
