{"target": -183.60541214181708, "params": {"k_pid_pos": [0.9081973290265885, 0.07918867223938601, 0.3238859182877652], "k_pid_alt": [1.2215113682981962, 0.0, 0.022285870229268433], "k_pid_att": [6.160557539998938, 6.091420141584577, 0.3738404207011383], "k_pid_yaw": [0.5, 1e-06, 0.1], "k_pid_hsp": [0.3020364886022287, 0.01968603327423958, 0.0], "k_pid_vsp": [246.27625689599503, 115.39412958577414, 0.13683898160720132]}, "datetime": {"datetime": "2025-08-13 17:52:43", "elapsed": 29091.632891893387, "delta": 17.103911876678467}, "costs": {"total_cost": 183.60541214181708, "time_cost": 71.603, "final_distance_cost": 1.8391304475875598, "oscillation_cost": 29.376079289377483, "completition_cost": 0.0, "overshoot_cost": 50.335239683578045, "power_cost": 10.369874609375001, "noise_cost": 20.082088111898994, "n_waypoints_completed": 9, "tot_waypoints": 9}}
{"target": -220.2415933039294, "params": {"k_pid_pos": [0.31284617214137567, 0.05385154400054785, 0.28839300337089746], "k_pid_alt": [1.4197980753337178, 0.0, 0.028989505720276042], "k_pid_att": [12.652288691584696, 3.0958907483995937, 0.3055517144287035], "k_pid_yaw": [0.5, 1e-06, 0.1], "k_pid_hsp": [0.13306684942587288, 0.02343640634708705, 0.0], "k_pid_vsp": [400.0, 172.100539867599, 0.10656329830807404]}, "datetime": {"datetime": "2025-08-13 17:53:06", "elapsed": 29114.071048021317, "delta": 22.438156127929688}, "costs": {"total_cost": 220.2415933039294, "time_cost": 96.999, "final_distance_cost": 1.8555575470941508, "oscillation_cost": 19.082111668437417, "completition_cost": 0.0, "overshoot_cost": 54.828644119146816, "power_cost": 16.338392785644533, "noise_cost": 31.137887183606455, "n_waypoints_completed": 9, "tot_waypoints": 9}}
{"target": -181.12397105171812, "params": {"k_pid_pos": [0.9987596865545219, 0.057023317696108376, 0.3420804915756494], "k_pid_alt": [1.3501364947891952, 0.0, 0.023079968875212225], "k_pid_att": [11.041062637553104, 2.400597520531625, 0.4792201513864886], "k_pid_yaw": [0.5, 1e-06, 0.1], "k_pid_hsp": [0.21694977119389583, 0.011039022528897316, 0.0], "k_pid_vsp": [202.43085580152956, 61.2428740546041, 0.1296581935669589]}, "datetime": {"datetime": "2025-08-13 17:53:23", "elapsed": 29131.42281961441, "delta": 17.351771593093872}, "costs": {"total_cost": 181.12397105171812, "time_cost": 70.196, "final_distance_cost": 1.830529945016076, "oscillation_cost": 27.257354634086163, "completition_cost": 0.0, "overshoot_cost": 50.61180604105791, "power_cost": 11.0935654296875, "noise_cost": 20.13471500187047, "n_waypoints_completed": 9, "tot_waypoints": 9}}
{"target": -190.52880522715938, "params": {"k_pid_pos": [1.19812825401517, 0.06846074656972845, 0.1829674852744485], "k_pid_alt": [1.1447657745906508, 0.0, 0.023467257663545103], "k_pid_att": [13.721636392223125, 3.5194382288173247, 0.30654471540934686], "k_pid_yaw": [0.5, 1e-06, 0.1], "k_pid_hsp": [0.18231524738252602, 0.014585764546126112, 0.0], "k_pid_vsp": [241.67343834986488, 59.93555917471397, 0.13804331963692723]}, "datetime": {"datetime": "2025-08-13 17:53:41", "elapsed": 29149.3029358387, "delta": 17.88011622428894}, "costs": {"total_cost": 190.52880522715938, "time_cost": 69.804, "final_distance_cost": 1.8278282119476956, "oscillation_cost": 30.259562948666552, "completition_cost": 0.0, "overshoot_cost": 50.755264180748384, "power_cost": 16.724012268066407, "noise_cost": 21.158137617730322, "n_waypoints_completed": 9, "tot_waypoints": 9}}
{"target": -212.12534019600452, "params": {"k_pid_pos": [0.4171104005546049, 0.04098050102226313, 0.3342590408227117], "k_pid_alt": [1.177626729508296, 0.0, 0.027102504182118046], "k_pid_att": [12.495139048581896, 2.974755563362328, 0.7131957546486528], "k_pid_yaw": [0.5, 1e-06, 0.1], "k_pid_hsp": [0.1554769420046689, 0.013680288396274595, 0.0], "k_pid_vsp": [312.5353240432075, 94.32558657821077, 0.09905744817224327]}, "datetime": {"datetime": "2025-08-13 17:54:02", "elapsed": 29170.54226875305, "delta": 21.239332914352417}, "costs": {"total_cost": 212.12534019600452, "time_cost": 87.857, "final_distance_cost": 1.8554203077272726, "oscillation_cost": 20.79954147783342, "completition_cost": 0.0, "overshoot_cost": 53.34480677518552, "power_cost": 19.1637671875, "noise_cost": 29.104804447758298, "n_waypoints_completed": 9, "tot_waypoints": 9}}
{"target": -201.04372800494008, "params": {"k_pid_pos": [0.7483520570427983, 0.059680464405633744, 0.38068997463417603], "k_pid_alt": [0.952648326057119, 0.0, 0.023872562709219326], "k_pid_att": [7.574248094304594, 4.59695674851021, 0.6670017072629649], "k_pid_yaw": [0.5, 1e-06, 0.1], "k_pid_hsp": [0.16655101995801477, 0.016852387569109475, 0.0], "k_pid_vsp": [364.98419908384045, 135.65035599103956, 0.15342629859692794]}, "datetime": {"datetime": "2025-08-13 17:54:20", "elapsed": 29187.99710202217, "delta": 17.454833269119263}, "costs": {"total_cost": 201.04372800494008, "time_cost": 75.418, "final_distance_cost": 1.8452231116873645, "oscillation_cost": 27.579864173035865, "completition_cost": 0.0, "overshoot_cost": 50.71299720015113, "power_cost": 21.44848699951172, "noise_cost": 24.039156520554013, "n_waypoints_completed": 9, "tot_waypoints": 9}}
{"target": -185.3580832502029, "params": {"k_pid_pos": [0.7123727905531693, 0.051611584880091314, 0.27521150997722604], "k_pid_alt": [1.6556547518446643, 0.0, 0.03468661941738049], "k_pid_att": [14.130891081362014, 4.385047525206854, 0.13031154550314264], "k_pid_yaw": [0.5, 1e-06, 0.1], "k_pid_hsp": [0.16995051474166734, 0.017467619429439297, 0.0], "k_pid_vsp": [256.9096985770205, 73.81089006313017, 0.16051995990695886]}, "datetime": {"datetime": "2025-08-13 17:54:38", "elapsed": 29206.13365674019, "delta": 18.136554718017578}, "costs": {"total_cost": 185.3580832502029, "time_cost": 72.919, "final_distance_cost": 1.8443889197168875, "oscillation_cost": 26.053236985401693, "completition_cost": 0.0, "overshoot_cost": 50.88226581984611, "power_cost": 12.215950207519532, "noise_cost": 21.443241317718645, "n_waypoints_completed": 9, "tot_waypoints": 9}}
{"target": -187.42558866321568, "params": {"k_pid_pos": [0.9428610797064406, 0.056799433248859665, 0.13358146614533253], "k_pid_alt": [1.3604792725118513, 0.0, 0.02697249387458119], "k_pid_att": [9.839736310057297, 3.0290985335316294, 0.3910695598150284], "k_pid_yaw": [0.5, 1e-06, 0.1], "k_pid_hsp": [0.20928968151681013, 0.01330525762565613, 0.0], "k_pid_vsp": [400.0, 76.74974503854666, 0.13878812509897384]}, "datetime": {"datetime": "2025-08-13 17:54:54", "elapsed": 29222.611996650696, "delta": 16.478339910507202}, "costs": {"total_cost": 187.42558866321568, "time_cost": 69.944, "final_distance_cost": 1.8279439622931644, "oscillation_cost": 28.198370809988816, "completition_cost": 0.0, "overshoot_cost": 50.484905395965924, "power_cost": 15.761920666503906, "noise_cost": 21.208447828463864, "n_waypoints_completed": 9, "tot_waypoints": 9}}
{"target": -238.53472444739967, "params": {"k_pid_pos": [0.36739540279682315, 0.03804272908843491, 0.3014687328922377], "k_pid_alt": [0.35639677078053794, 0.0, 0.0265804368846769], "k_pid_att": [11.165535422946533, 4.22829905204735, 0.6706954581126889], "k_pid_yaw": [0.5, 1e-06, 0.1], "k_pid_hsp": [0.1407721988186609, 0.020895988560381554, 0.0], "k_pid_vsp": [319.7603109538121, 102.7563778667794, 0.20296417608743708]}, "datetime": {"datetime": "2025-08-13 17:55:19", "elapsed": 29247.886078596115, "delta": 25.27408194541931}, "costs": {"total_cost": 238.53472444739967, "time_cost": 106.267, "final_distance_cost": 1.8570894442417205, "oscillation_cost": 19.706386137323193, "completition_cost": 0.0, "overshoot_cost": 54.875783074202594, "power_cost": 22.71934549560547, "noise_cost": 33.1091202960267, "n_waypoints_completed": 9, "tot_waypoints": 9}}
{"target": -181.76966276102962, "params": {"k_pid_pos": [0.8703383716168331, 0.053730827516942276, 0.20669293112676326], "k_pid_alt": [1.4719394138137998, 0.0, 0.026684662750099286], "k_pid_att": [14.184280507096615, 4.198268483988057, 0.4190914526066318], "k_pid_yaw": [0.5, 1e-06, 0.1], "k_pid_hsp": [0.11032909703757687, 0.02091965691534133, 0.0], "k_pid_vsp": [400.0, 96.73545539704965, 0.12860263275695388]}, "datetime": {"datetime": "2025-08-13 17:55:37", "elapsed": 29265.31710910797, "delta": 17.43103051185608}, "costs": {"total_cost": 181.76966276102962, "time_cost": 70.777, "final_distance_cost": 1.8390150479165936, "oscillation_cost": 27.014855809747278, "completition_cost": 0.0, "overshoot_cost": 50.47293898961389, "power_cost": 11.605970971679689, "noise_cost": 20.059881942072185, "n_waypoints_completed": 9, "tot_waypoints": 9}}
{"target": -181.1638893029869, "params": {"k_pid_pos": [0.7279088546389337, 0.037780325118448324, 0.3082504854493732], "k_pid_alt": [1.7227206146255591, 0.0, 0.012721650065871318], "k_pid_att": [8.852459227337881, 3.395813666327158, 0.5432863007072569], "k_pid_yaw": [0.5, 1e-06, 0.1], "k_pid_hsp": [0.12147738263666719, 0.02028437996464445, 0.0], "k_pid_vsp": [290.10755784097677, 107.67161647648605, 0.14570662240619967]}, "datetime": {"datetime": "2025-08-13 17:55:55", "elapsed": 29283.369893074036, "delta": 18.052783966064453}, "costs": {"total_cost": 181.1638893029869, "time_cost": 72.366, "final_distance_cost": 1.8529666026965768, "oscillation_cost": 25.82119726331392, "completition_cost": 0.0, "overshoot_cost": 50.792649238201555, "power_cost": 9.981689599609375, "noise_cost": 20.34938659916544, "n_waypoints_completed": 9, "tot_waypoints": 9}}
{"target": -190.48647542576413, "params": {"k_pid_pos": [1.4293350337966535, 0.04538061486841344, 0.316422792933666], "k_pid_alt": [1.3995291707190247, 0.0, 0.02610538161142457], "k_pid_att": [9.043708379611715, 3.1733038316941955, 0.933558834833994], "k_pid_yaw": [0.5, 1e-06, 0.1], "k_pid_hsp": [0.1982131507053543, 0.023580151184592852, 0.0], "k_pid_vsp": [224.50959949252874, 112.91441528624314, 0.15601443759069272]}, "datetime": {"datetime": "2025-08-13 17:56:12", "elapsed": 29300.030135154724, "delta": 16.660242080688477}, "costs": {"total_cost": 190.48647542576413, "time_cost": 68.768, "final_distance_cost": 1.8047898210770006, "oscillation_cost": 31.538013073516005, "completition_cost": 0.0, "overshoot_cost": 49.88191520671825, "power_cost": 17.536164782714845, "noise_cost": 20.957592541738013, "n_waypoints_completed": 9, "tot_waypoints": 9}}
{"target": -188.60425112482358, "params": {"k_pid_pos": [0.709856652648579, 0.05216081567981249, 0.26087471720660727], "k_pid_alt": [1.1053493894226352, 0.0, 0.02409150433640128], "k_pid_att": [7.480861410593634, 3.1397707266772144, 0.718430618228107], "k_pid_yaw": [0.5, 1e-06, 0.1], "k_pid_hsp": [0.1108821767835868, 0.023076520878962198, 0.0], "k_pid_vsp": [170.62352746860003, 102.20316802118727, 0.07315783030173459]}, "datetime": {"datetime": "2025-08-13 17:56:29", "elapsed": 29317.560032844543, "delta": 17.529897689819336}, "costs": {"total_cost": 188.60425112482358, "time_cost": 72.8, "final_distance_cost": 1.842522797460063, "oscillation_cost": 26.026055745684598, "completition_cost": 0.0, "overshoot_cost": 50.421315605248736, "power_cost": 15.499025732421876, "noise_cost": 22.01533124400831, "n_waypoints_completed": 9, "tot_waypoints": 9}}
{"target": -184.07874453599987, "params": {"k_pid_pos": [0.8258920733005114, 0.04895867263803583, 0.26894865507099597], "k_pid_alt": [1.2369334930390385, 0.0, 0.024358239561659844], "k_pid_att": [15.200424792664686, 2.813906838027967, 0.6785602703228922], "k_pid_yaw": [0.5, 1e-06, 0.1], "k_pid_hsp": [0.18354117949464901, 0.01996631853689897, 0.0], "k_pid_vsp": [342.85546084568426, 95.564899368094, 0.1516656747062657]}, "datetime": {"datetime": "2025-08-13 17:56:46", "elapsed": 29334.942519187927, "delta": 17.38248634338379}, "costs": {"total_cost": 184.07874453599987, "time_cost": 71.47, "final_distance_cost": 1.8470792634557942, "oscillation_cost": 26.511112536097187, "completition_cost": 0.0, "overshoot_cost": 50.28515435783467, "power_cost": 12.8442373046875, "noise_cost": 21.12116107392471, "n_waypoints_completed": 9, "tot_waypoints": 9}}
{"target": -186.66238182851538, "params": {"k_pid_pos": [1.0755295113734638, 0.06839596341084231, 0.20554701291168587], "k_pid_alt": [1.3602799245400998, 0.0, 0.026332286348001707], "k_pid_att": [13.556709877957815, 4.429861903443405, 0.6638294965507473], "k_pid_yaw": [0.5, 1e-06, 0.1], "k_pid_hsp": [0.21370152120965055, 0.030191524453557026, 0.0], "k_pid_vsp": [400.0, 109.78897525619341, 0.17690111418831098]}, "datetime": {"datetime": "2025-08-13 17:57:03", "elapsed": 29351.56460738182, "delta": 16.622088193893433}, "costs": {"total_cost": 186.66238182851538, "time_cost": 69.328, "final_distance_cost": 1.8210323364475771, "oscillation_cost": 29.925924055330405, "completition_cost": 0.0, "overshoot_cost": 50.35292854676667, "power_cost": 14.523870812988282, "noise_cost": 20.710626076982436, "n_waypoints_completed": 9, "tot_waypoints": 9}}
{"target": -190.32456648981744, "params": {"k_pid_pos": [1.0461902356331425, 0.047050312497942594, 0.31165603960090604], "k_pid_alt": [1.3838398707803699, 0.0, 0.025886418767210814], "k_pid_att": [14.66113211765545, 5.178703971644445, 0.5609429959835408], "k_pid_yaw": [0.5, 1e-06, 0.1], "k_pid_hsp": [0.12234297420501183, 0.026010161680745922, 0.0], "k_pid_vsp": [400.0, 61.22975601399765, 0.15048056595396253]}, "datetime": {"datetime": "2025-08-13 17:57:20", "elapsed": 29368.680507421494, "delta": 17.11590003967285}, "costs": {"total_cost": 190.32456648981744, "time_cost": 70.651, "final_distance_cost": 1.827217409144486, "oscillation_cost": 28.647374214711874, "completition_cost": 0.0, "overshoot_cost": 50.92224007143139, "power_cost": 16.76627830810547, "noise_cost": 21.51045648642421, "n_waypoints_completed": 9, "tot_waypoints": 9}}
{"target": -188.53787340691952, "params": {"k_pid_pos": [0.8100280666778655, 0.05683338706327882, 0.2587339769045064], "k_pid_alt": [1.3492799121058032, 0.0, 0.02538726032664054], "k_pid_att": [13.806294070195003, 6.556676574396637, 0.43794592424318024], "k_pid_yaw": [0.5, 1e-06, 0.1], "k_pid_hsp": [0.22022661299125476, 0.017824658197992494, 0.0], "k_pid_vsp": [64.02422154812392, 109.8476013369512, 0.11630192577622937]}, "datetime": {"datetime": "2025-08-13 17:57:37", "elapsed": 29385.203167915344, "delta": 16.522660493850708}, "costs": {"total_cost": 188.53787340691952, "time_cost": 71.295, "final_distance_cost": 1.847882449097637, "oscillation_cost": 27.49693857348444, "completition_cost": 0.0, "overshoot_cost": 50.487017710981064, "power_cost": 15.617200671386719, "noise_cost": 21.79383400196967, "n_waypoints_completed": 9, "tot_waypoints": 9}}
{"target": -197.47356029734343, "params": {"k_pid_pos": [0.800881553953214, 0.06525523865761065, 0.295694380343726], "k_pid_alt": [1.329779243009167, 0.0, 0.02779440379956723], "k_pid_att": [8.774448364427528, 4.249158372008558, 0.521105684870481], "k_pid_yaw": [0.5, 1e-06, 0.1], "k_pid_hsp": [0.1736969146981402, 0.021013667901500072, 0.0], "k_pid_vsp": [400.0, 106.68586532072908, 0.09804018038107482]}, "datetime": {"datetime": "2025-08-13 17:57:54", "elapsed": 29402.622659683228, "delta": 17.4194917678833}, "costs": {"total_cost": 197.47356029734343, "time_cost": 73.08, "final_distance_cost": 1.8485851958686992, "oscillation_cost": 27.139926418467226, "completition_cost": 0.0, "overshoot_cost": 51.32705891867504, "power_cost": 20.80709664306641, "noise_cost": 23.270893121266067, "n_waypoints_completed": 9, "tot_waypoints": 9}}
{"target": -177.93248210472024, "params": {"k_pid_pos": [0.7325098543815752, 0.0647179746333265, 0.20298238140835892], "k_pid_alt": [1.4131599270083226, 0.0, 0.02750756748476789], "k_pid_att": [9.391464472728378, 3.984400435672305, 0.3484000133180918], "k_pid_yaw": [0.5, 1e-06, 0.1], "k_pid_hsp": [0.10996577416754334, 0.010624619435921717, 0.0], "k_pid_vsp": [300.9270323973531, 152.07088587296673, 0.06857884469805355]}, "datetime": {"datetime": "2025-08-13 17:58:12", "elapsed": 29420.368839025497, "delta": 17.746179342269897}, "costs": {"total_cost": 177.93248210472024, "time_cost": 71.071, "final_distance_cost": 1.829182878164432, "oscillation_cost": 24.40986469017849, "completition_cost": 0.0, "overshoot_cost": 50.5660699568787, "power_cost": 10.13648759765625, "noise_cost": 19.91987698184239, "n_waypoints_completed": 9, "tot_waypoints": 9}}
{"target": -187.49156556715616, "params": {"k_pid_pos": [1.2001844280402405, 0.05643793489712279, 0.19016350993039768], "k_pid_alt": [1.2837637770852919, 0.0, 0.035150362429199326], "k_pid_att": [13.508945792155359, 3.2197980556785004, 0.3023784489370917], "k_pid_yaw": [0.5, 1e-06, 0.1], "k_pid_hsp": [0.20091463538085344, 0.01517405970861604, 0.0], "k_pid_vsp": [208.7262830243059, 92.12519875107215, 0.11750758038367819]}, "datetime": {"datetime": "2025-08-13 17:58:29", "elapsed": 29437.222509860992, "delta": 16.853670835494995}, "costs": {"total_cost": 187.49156556715616, "time_cost": 69.104, "final_distance_cost": 1.8331412377831886, "oscillation_cost": 30.03719661429946, "completition_cost": 0.0, "overshoot_cost": 49.94739316485664, "power_cost": 15.841828198242188, "noise_cost": 20.72800635197466, "n_waypoints_completed": 9, "tot_waypoints": 9}}
{"target": -182.50978451686638, "params": {"k_pid_pos": [0.9118946865217202, 0.059170412844959885, 0.22648911247281991], "k_pid_alt": [1.5228213007614497, 0.0, 0.013698013447294585], "k_pid_att": [11.980211469834694, 4.63002719271159, 0.40715298825745033], "k_pid_yaw": [0.5, 1e-06, 0.1], "k_pid_hsp": [0.23105360652144347, 0.013606436584145858, 0.0], "k_pid_vsp": [302.6821725266894, 105.27642311871125, 0.199336209102943]}, "datetime": {"datetime": "2025-08-13 17:58:47", "elapsed": 29454.98576593399, "delta": 17.763256072998047}, "costs": {"total_cost": 182.50978451686638, "time_cost": 70.014, "final_distance_cost": 1.8384466810296334, "oscillation_cost": 27.00358036777575, "completition_cost": 0.0, "overshoot_cost": 50.16048773989856, "power_cost": 12.791376745605469, "noise_cost": 20.70189298255697, "n_waypoints_completed": 9, "tot_waypoints": 9}}
{"target": -197.7433436141809, "params": {"k_pid_pos": [0.731951221926522, 0.05689162632019623, 0.37775408351148093], "k_pid_alt": [1.4124051709735104, 0.0, 0.034316515329359636], "k_pid_att": [10.546968693394719, 4.497832140487898, 0.5455829126041759], "k_pid_yaw": [0.5, 1e-06, 0.1], "k_pid_hsp": [0.21761592538205154, 0.017577348199542358, 0.0], "k_pid_vsp": [323.236357742045, 107.8585132751892, 0.13717782195394387]}, "datetime": {"datetime": "2025-08-13 17:59:08", "elapsed": 29476.638415575027, "delta": 21.652649641036987}, "costs": {"total_cost": 197.7433436141809, "time_cost": 75.537, "final_distance_cost": 1.843655405001371, "oscillation_cost": 26.563819110493903, "completition_cost": 0.0, "overshoot_cost": 51.54604523050746, "power_cost": 18.539824096679688, "noise_cost": 23.71299977149846, "n_waypoints_completed": 9, "tot_waypoints": 9}}
{"target": -203.177697405274, "params": {"k_pid_pos": [0.5431458971074741, 0.06085298485032022, 0.2112886083677182], "k_pid_alt": [0.5514754670000896, 0.0, 0.030488099979052122], "k_pid_att": [15.579359950695276, 4.7708969835493305, 0.6709282712480505], "k_pid_yaw": [0.5, 1e-06, 0.1], "k_pid_hsp": [0.14931502112809125, 0.02140989787746785, 0.0], "k_pid_vsp": [176.4966445611292, 95.38047827523474, 0.12926025969990193]}, "datetime": {"datetime": "2025-08-13 17:59:31", "elapsed": 29499.94820213318, "delta": 23.309786558151245}, "costs": {"total_cost": 203.177697405274, "time_cost": 82.81700000000001, "final_distance_cost": 1.8520000583568283, "oscillation_cost": 24.409385026437334, "completition_cost": 0.0, "overshoot_cost": 51.4556584977491, "power_cost": 17.675153088378906, "noise_cost": 24.968500734351842, "n_waypoints_completed": 9, "tot_waypoints": 9}}
{"target": -200.6075932985796, "params": {"k_pid_pos": [0.6600676962040753, 0.052792826349313836, 0.18098633837394665], "k_pid_alt": [0.7016091773446007, 0.0, 0.030469686518138552], "k_pid_att": [9.973716024253664, 0.0001, 0.6268093018011993], "k_pid_yaw": [0.5, 1e-06, 0.1], "k_pid_hsp": [0.2288249378785986, 0.022298403918998722, 0.0], "k_pid_vsp": [385.9281635557981, 109.01324059312883, 0.14907795778738098]}, "datetime": {"datetime": "2025-08-13 17:59:53", "elapsed": 29521.866731405258, "delta": 21.918529272079468}, "costs": {"total_cost": 200.6075932985796, "time_cost": 77.861, "final_distance_cost": 1.8460977874501, "oscillation_cost": 26.329280654833262, "completition_cost": 0.0, "overshoot_cost": 51.42389326562942, "power_cost": 19.2117267578125, "noise_cost": 23.93559483285429, "n_waypoints_completed": 9, "tot_waypoints": 9}}
{"target": -179.41162156141215, "params": {"k_pid_pos": [0.8060675414638697, 0.058664929851091785, 0.20386007374600715], "k_pid_alt": [1.6657538708563389, 0.0, 0.03132105605116167], "k_pid_att": [6.147748067259855, 4.764330544848116, 0.7720549482411165], "k_pid_yaw": [0.5, 1e-06, 0.1], "k_pid_hsp": [0.11531138945181668, 0.014241558847950508, 0.0], "k_pid_vsp": [153.80053170096258, 98.02358871309544, 0.13794847578855854]}, "datetime": {"datetime": "2025-08-13 18:00:24", "elapsed": 29552.10107111931, "delta": 30.234339714050293}, "costs": {"total_cost": 179.41162156141215, "time_cost": 70.245, "final_distance_cost": 1.82448518237027, "oscillation_cost": 26.00023986472371, "completition_cost": 0.0, "overshoot_cost": 50.31803988075512, "power_cost": 11.147305249023438, "noise_cost": 19.876551384539606, "n_waypoints_completed": 9, "tot_waypoints": 9}}
