{"target": -1015.8929435461148, "params": {"k_pid_pos": [0.014750460333123624, 0.7013904851907155, 0.5078363587229533], "k_pid_alt": [2.0, 0.13508359113101417, 1.0], "k_pid_att": [50.78735460252744, 1.7394553090001654, 0.8289489553196777], "k_pid_yaw": [0.5, 1e-06, 0.1], "k_pid_hsp": [0.6376857977521512, 0.08290110921678402, 0.0], "k_pid_vsp": [27.776181847471307, 230.80903197305818, 55.472708460463174]}, "datetime": {"datetime": "2025-08-13 10:38:03", "elapsed": 3011.564433336258, "delta": 52.3820059299469}, "costs": {"total_cost": 1015.8929435461148, "time_cost": 150, "final_distance_cost": 48.16739063975091, "oscillation_cost": 41.144470745079694, "completition_cost": 666.6666666666667, "overshoot_cost": 58.20098315908914, "power_cost": 26.563028430175784, "noise_cost": 25.150403905352473, "n_waypoints_completed": 3, "tot_waypoints": 9}}
{"target": -259.749909089125, "params": {"k_pid_pos": [1.1879744051488388, 0.08711150889384019, 0.18277771120787642], "k_pid_alt": [1.2374013430550785, 0.6546717779337935, 1.0], "k_pid_att": [16.640870174342613, 5.317476406579817, 0.08754128509015997], "k_pid_yaw": [0.5, 1e-06, 0.1], "k_pid_hsp": [3.119608155797714, 0.0, 0.0], "k_pid_vsp": [0.0, 400.0, 19.33711759045042]}, "datetime": {"datetime": "2025-08-13 10:38:37", "elapsed": 3045.335144519806, "delta": 33.770711183547974}, "costs": {"total_cost": 259.749909089125, "time_cost": 79.10000000000001, "final_distance_cost": 1.7759264671616934, "oscillation_cost": 88.30162707652683, "completition_cost": 0.0, "overshoot_cost": 53.84581152713681, "power_cost": 19.686226953125, "noise_cost": 17.040317065174673, "n_waypoints_completed": 9, "tot_waypoints": 9}}
{"target": -1227.3405680372186, "params": {"k_pid_pos": [0.0001, 0.6102162295319881, 0.9574151759836741], "k_pid_alt": [1.236784466873272, 0.3020324459413985, 0.8468802602639384], "k_pid_att": [29.58792124682262, 4.596280201973628, 0.5194045475538723], "k_pid_yaw": [0.5, 1e-06, 0.1], "k_pid_hsp": [3.967194327269011, 0.0, 0.002788900958989827], "k_pid_vsp": [38.23440429060695, 172.41027903525855, 14.400087751213988]}, "datetime": {"datetime": "2025-08-13 10:39:30", "elapsed": 3098.154557943344, "delta": 52.81941342353821}, "costs": {"total_cost": 1227.3405680372186, "time_cost": 150, "final_distance_cost": 66.95612322301133, "oscillation_cost": 18.792892926276135, "completition_cost": 888.8888888888888, "overshoot_cost": 33.765008784216114, "power_cost": 35.42747578125, "noise_cost": 33.510178433576186, "n_waypoints_completed": 1, "tot_waypoints": 9}}
{"target": -1243.6530983238054, "params": {"k_pid_pos": [0.25339116698692027, 0.7272380331360978, 0.29356359193295706], "k_pid_alt": [1.6689105870232233, 0.4262272944917671, 0.45738760071431034], "k_pid_att": [22.307134801405038, 3.8774978417185104, 0.6882868720630463], "k_pid_yaw": [0.5, 1e-06, 0.1], "k_pid_hsp": [0.0001, 0.06595044214075403, 0.0], "k_pid_vsp": [192.82815473081408, 258.62996333944676, 11.864698634100506]}, "datetime": {"datetime": "2025-08-13 10:40:21", "elapsed": 3149.77588057518, "delta": 51.62132263183594}, "costs": {"total_cost": 1243.6530983238054, "time_cost": 150, "final_distance_cost": 95.74634428575742, "oscillation_cost": 59.32915640287698, "completition_cost": 777.7777777777778, "overshoot_cost": 102.00818799820841, "power_cost": 30.662341650390626, "noise_cost": 28.129290208794455, "n_waypoints_completed": 2, "tot_waypoints": 9}}
{"target": -1241.5447069814873, "params": {"k_pid_pos": [1.3061914836338218, 0.5230207138554822, 0.1161961116467719], "k_pid_alt": [1.8361130509557313, 1.0, 0.8783629722414622], "k_pid_att": [29.827992692635657, 1.4990199060111447, 0.23641947843059463], "k_pid_yaw": [0.5, 1e-06, 0.1], "k_pid_hsp": [0.0001, 0.0, 0.0], "k_pid_vsp": [40.01529846343742, 130.50276161266575, 0.4536626606732332]}, "datetime": {"datetime": "2025-08-13 10:41:13", "elapsed": 3201.109647989273, "delta": 51.33376741409302}, "costs": {"total_cost": 1241.5447069814873, "time_cost": 150, "final_distance_cost": 49.82936315588433, "oscillation_cost": 0.14444021575044683, "completition_cost": 888.8888888888888, "overshoot_cost": 106.37259249191403, "power_cost": 15.522917675781251, "noise_cost": 30.786504553268628, "n_waypoints_completed": 1, "tot_waypoints": 9}}
{"target": -614.0543709763045, "params": {"k_pid_pos": [0.3204805520540513, 0.2870113542009875, 0.8046993642373428], "k_pid_alt": [2.0, 0.2273796398067284, 1.0], "k_pid_att": [19.517810312782828, 4.061842540869051, 0.4030503969796193], "k_pid_yaw": [0.5, 1e-06, 0.1], "k_pid_hsp": [5.834362551847885, 0.07094226280419767, 0.0], "k_pid_vsp": [142.77293863602316, 98.53588373757832, 94.78589217819865]}, "datetime": {"datetime": "2025-08-13 10:42:05", "elapsed": 3253.002366065979, "delta": 51.89271807670593}, "costs": {"total_cost": 614.0543709763045, "time_cost": 150, "final_distance_cost": 73.14460662809773, "oscillation_cost": 54.58919461690758, "completition_cost": 222.2222222222222, "overshoot_cost": 61.63443820418723, "power_cost": 26.78977615966797, "noise_cost": 25.67413314522189, "n_waypoints_completed": 7, "tot_waypoints": 9}}
{"target": -1258.4783777794792, "params": {"k_pid_pos": [1.730074403201755, 0.7971181689428247, 0.5355448483409782], "k_pid_alt": [0.46181394307602314, 0.0, 0.7712284522400794], "k_pid_att": [44.42206530927706, 0.0001, 0.0], "k_pid_yaw": [0.5, 1e-06, 0.1], "k_pid_hsp": [10.0, 0.08496502687464165, 0.0], "k_pid_vsp": [12.89703010616938, 400.0, 1e-06]}, "datetime": {"datetime": "2025-08-13 10:42:58", "elapsed": 3306.7466156482697, "delta": 53.74424958229065}, "costs": {"total_cost": 1258.4783777794792, "time_cost": 150, "final_distance_cost": 54.43131155916272, "oscillation_cost": 549.4356961828166, "completition_cost": 333.33333333333337, "overshoot_cost": 78.30686559814508, "power_cost": 43.834050341796875, "noise_cost": 49.13712076422443, "n_waypoints_completed": 6, "tot_waypoints": 9}}
{"target": -257.00716026346385, "params": {"k_pid_pos": [1.3748615162641482, 0.5606981425367129, 0.4820623447600762], "k_pid_alt": [1.4168950374726037, 0.2316170325760202, 0.9365083118177617], "k_pid_att": [19.901645642032417, 5.537131381619019, 0.8096415205769566], "k_pid_yaw": [0.5, 1e-06, 0.1], "k_pid_hsp": [2.3959764201660585, 0.08701105401993849, 0.0], "k_pid_vsp": [73.21252173818688, 182.07764453061165, 1e-06]}, "datetime": {"datetime": "2025-08-13 10:43:43", "elapsed": 3351.3768479824066, "delta": 44.63023233413696}, "costs": {"total_cost": 257.00716026346385, "time_cost": 102.69, "final_distance_cost": 1.773334339814759, "oscillation_cost": 40.20744331023106, "completition_cost": 0.0, "overshoot_cost": 54.18578241889233, "power_cost": 27.721851513671876, "noise_cost": 30.42874868085383, "n_waypoints_completed": 9, "tot_waypoints": 9}}
{"target": -217.10177468909734, "params": {"k_pid_pos": [1.2017635886582787, 0.19452169306012812, 0.2960097747222377], "k_pid_alt": [2.0, 0.22299428134943086, 0.49826387804112166], "k_pid_att": [12.350244314810709, 1.4385868732044471, 0.33157959306850554], "k_pid_yaw": [0.5, 1e-06, 0.1], "k_pid_hsp": [1.1048894582008764, 0.2347580311663974, 0.0], "k_pid_vsp": [92.04197949168577, 229.26231697214425, 8.77434204889047]}, "datetime": {"datetime": "2025-08-13 10:44:20", "elapsed": 3388.855822324753, "delta": 37.47897434234619}, "costs": {"total_cost": 217.10177468909734, "time_cost": 84.98, "final_distance_cost": 1.7957031981427887, "oscillation_cost": 37.92316595302017, "completition_cost": 0.0, "overshoot_cost": 51.194192342489266, "power_cost": 17.559937646484375, "noise_cost": 23.64877554896074, "n_waypoints_completed": 9, "tot_waypoints": 9}}
{"target": -418.03521035129756, "params": {"k_pid_pos": [0.5715570461878293, 0.6658415159453995, 0.49157796893663286], "k_pid_alt": [0.4063244828830248, 0.0, 1.0], "k_pid_att": [31.079873021415494, 5.331706276080527, 0.9481954130221529], "k_pid_yaw": [0.5, 1e-06, 0.1], "k_pid_hsp": [3.396165028477634, 0.16023007568149225, 0.0], "k_pid_vsp": [83.51401885615854, 115.539640480101, 0.5889270534376497]}, "datetime": {"datetime": "2025-08-13 10:45:12", "elapsed": 3440.4799222946167, "delta": 51.62409996986389}, "costs": {"total_cost": 418.03521035129756, "time_cost": 150, "final_distance_cost": 5.610119353134009, "oscillation_cost": 37.11482667551553, "completition_cost": 111.11111111111116, "overshoot_cost": 55.86417479042497, "power_cost": 24.67041239013672, "noise_cost": 33.66456603097521, "n_waypoints_completed": 8, "tot_waypoints": 9}}
{"target": -992.6827697504989, "params": {"k_pid_pos": [0.060700285965725485, 0.4318190334810022, 0.24826891325552458], "k_pid_alt": [2.0, 0.0, 1.0], "k_pid_att": [39.22166180230815, 4.414930363411098, 0.5280156163668668], "k_pid_yaw": [0.5, 1e-06, 0.1], "k_pid_hsp": [1.598694366700471, 0.213080105270666, 0.0], "k_pid_vsp": [57.92204514661254, 133.10073355994516, 2.2213422836642915]}, "datetime": {"datetime": "2025-08-13 10:46:03", "elapsed": 3491.9576733112335, "delta": 51.47775101661682}, "costs": {"total_cost": 992.6827697504989, "time_cost": 150, "final_distance_cost": 51.33277183800032, "oscillation_cost": 17.32682954614105, "completition_cost": 666.6666666666667, "overshoot_cost": 45.0196040094468, "power_cost": 27.920184118652344, "noise_cost": 34.416713571591536, "n_waypoints_completed": 3, "tot_waypoints": 9}}
{"target": -745.0910132606574, "params": {"k_pid_pos": [0.179784158103493, 0.0703937525685806, 0.6934402241499086], "k_pid_alt": [2.0, 0.4711701996192572, 1.0], "k_pid_att": [62.06239296590906, 5.635966427410508, 0.34430395057689567], "k_pid_yaw": [0.5, 1e-06, 0.1], "k_pid_hsp": [2.0501404782523207, 0.11508122201631875, 0.0], "k_pid_vsp": [0.0, 148.17175999264606, 1e-06]}, "datetime": {"datetime": "2025-08-13 10:46:56", "elapsed": 3544.8603761196136, "delta": 52.90270280838013}, "costs": {"total_cost": 745.0910132606574, "time_cost": 150, "final_distance_cost": 66.74482280153072, "oscillation_cost": 70.99172510973719, "completition_cost": 333.33333333333337, "overshoot_cost": 60.2899454795522, "power_cost": 35.12583962402344, "noise_cost": 28.605346912480552, "n_waypoints_completed": 6, "tot_waypoints": 9}}
{"target": -1278.8829330805374, "params": {"k_pid_pos": [0.0001, 0.8335047024062862, 0.49700788435296106], "k_pid_alt": [2.0, 0.6390304442462663, 0.31717850891617566], "k_pid_att": [62.78891727321846, 4.918355596691327, 0.5774487661660231], "k_pid_yaw": [0.5, 1e-06, 0.1], "k_pid_hsp": [0.0001, 0.10750600380549136, 0.0], "k_pid_vsp": [261.4820563006521, 287.64718732473693, 1e-06]}, "datetime": {"datetime": "2025-08-13 10:47:51", "elapsed": 3599.332716703415, "delta": 54.47234058380127}, "costs": {"total_cost": 1278.8829330805374, "time_cost": 150, "final_distance_cost": 85.21485210545794, "oscillation_cost": 88.695413697039, "completition_cost": 777.7777777777778, "overshoot_cost": 132.27524944043344, "power_cost": 14.67113436279297, "noise_cost": 30.24850569703604, "n_waypoints_completed": 2, "tot_waypoints": 9}}
{"target": -638.317485068291, "params": {"k_pid_pos": [0.9081030464690413, 0.8241473889569777, 0.49898974979991567], "k_pid_alt": [1.2952881641468228, 1.0, 0.6753441732938558], "k_pid_att": [18.725817811555263, 0.0001, 0.138303446367924], "k_pid_yaw": [0.5, 1e-06, 0.1], "k_pid_hsp": [4.1585936817174405, 0.0, 0.0709159034422271], "k_pid_vsp": [95.41848030161906, 288.9628357900566, 65.18843362675251]}, "datetime": {"datetime": "2025-08-13 10:48:44", "elapsed": 3652.5740163326263, "delta": 53.241299629211426}, "costs": {"total_cost": 638.317485068291, "time_cost": 118.79, "final_distance_cost": 1.7952044211039175, "oscillation_cost": 363.0528862793598, "completition_cost": 0.0, "overshoot_cost": 76.06464267000084, "power_cost": 42.118670458984376, "noise_cost": 36.496081238842095, "n_waypoints_completed": 9, "tot_waypoints": 9}}
{"target": -798.3561950312929, "params": {"k_pid_pos": [0.7875070907161709, 0.5992039095927323, 0.4835526782271679], "k_pid_alt": [1.9179987700478691, 0.20821091656879562, 0.37419272649153035], "k_pid_att": [24.140730938082687, 5.194093638433463, 0.2902785584238842], "k_pid_yaw": [0.5, 1e-06, 0.1], "k_pid_hsp": [0.1176264827024441, 0.5643681016493922, 0.0], "k_pid_vsp": [180.2229195245685, 200.00006917394612, 11.216786480907643]}, "datetime": {"datetime": "2025-08-13 10:49:37", "elapsed": 3705.491667985916, "delta": 52.917651653289795}, "costs": {"total_cost": 798.3561950312929, "time_cost": 150, "final_distance_cost": 75.03738551015901, "oscillation_cost": 110.82099700167475, "completition_cost": 333.33333333333337, "overshoot_cost": 59.579633713238366, "power_cost": 36.35442747802735, "noise_cost": 33.23041799486013, "n_waypoints_completed": 6, "tot_waypoints": 9}}
{"target": -309.3270575941268, "params": {"k_pid_pos": [0.5971694684739284, 0.9649915474627742, 0.6610888260472363], "k_pid_alt": [1.3826650751033016, 0.2867657380261162, 1.0], "k_pid_att": [14.861831000886545, 0.9164031603919601, 0.44715382630219985], "k_pid_yaw": [0.5, 1e-06, 0.1], "k_pid_hsp": [2.5719173130449273, 0.07361427256080348, 0.0], "k_pid_vsp": [0.0, 71.0513568154961, 4.8476722814126685]}, "datetime": {"datetime": "2025-08-13 10:50:30", "elapsed": 3758.0693686008453, "delta": 52.5777006149292}, "costs": {"total_cost": 309.3270575941268, "time_cost": 117.46000000000001, "final_distance_cost": 1.7439962041277701, "oscillation_cost": 81.33639987327132, "completition_cost": 0.0, "overshoot_cost": 57.303696003848586, "power_cost": 21.45211608886719, "noise_cost": 30.030849424011944, "n_waypoints_completed": 9, "tot_waypoints": 9}}
{"target": -1466.46480229603, "params": {"k_pid_pos": [0.9655535180001293, 0.274737587103561, 0.3933603691489454], "k_pid_alt": [2.0, 0.39794096559134456, 0.8895995471796235], "k_pid_att": [25.015323533279552, 6.790222045997774, 1.0], "k_pid_yaw": [0.5, 1e-06, 0.1], "k_pid_hsp": [0.7313500409292454, 0.17045722558944032, 0.0], "k_pid_vsp": [0.0, 164.29047360457918, 119.03676635505802]}, "datetime": {"datetime": "2025-08-13 10:51:22", "elapsed": 3810.108888864517, "delta": 52.039520263671875}, "costs": {"total_cost": 1466.46480229603, "time_cost": 150, "final_distance_cost": 0.9998703047285312, "oscillation_cost": 8.820416158647525, "completition_cost": 1000.0, "overshoot_cost": 163.055043402491, "power_cost": 29.253490551757814, "noise_cost": 114.33598187840516, "n_waypoints_completed": 0, "tot_waypoints": 9}}
{"target": -199.05969058415315, "params": {"k_pid_pos": [1.1693881548508167, 0.34473521740451246, 1.0], "k_pid_alt": [1.8566642212356033, 0.0, 0.31607380002117597], "k_pid_att": [16.974228470944556, 3.8111599278715467, 0.8855861841413116], "k_pid_yaw": [0.5, 1e-06, 0.1], "k_pid_hsp": [0.5091789180471427, 0.05765760120531712, 0.0], "k_pid_vsp": [66.27078589166318, 400.0, 1e-06]}, "datetime": {"datetime": "2025-08-13 10:51:55", "elapsed": 3843.457020044327, "delta": 33.34813117980957}, "costs": {"total_cost": 199.05969058415315, "time_cost": 75.124, "final_distance_cost": 1.8230064660425684, "oscillation_cost": 33.843532316016585, "completition_cost": 0.0, "overshoot_cost": 50.913791597451, "power_cost": 15.409937573242189, "noise_cost": 21.94542263140081, "n_waypoints_completed": 9, "tot_waypoints": 9}}
{"target": -1227.0217072463736, "params": {"k_pid_pos": [0.5204455563873327, 0.5602258785121214, 0.45297362368424127], "k_pid_alt": [2.0, 0.0, 1.0], "k_pid_att": [52.27181310858439, 6.718751731482274, 0.03485525065898095], "k_pid_yaw": [0.5, 1e-06, 0.1], "k_pid_hsp": [0.0001, 0.04348769642464908, 0.0], "k_pid_vsp": [109.92476778196146, 292.0739748552582, 1e-06]}, "datetime": {"datetime": "2025-08-13 10:52:48", "elapsed": 3896.001974105835, "delta": 52.54495406150818}, "costs": {"total_cost": 1227.0217072463736, "time_cost": 150, "final_distance_cost": 94.9565413163419, "oscillation_cost": 38.134851637372755, "completition_cost": 777.7777777777778, "overshoot_cost": 102.25902601616392, "power_cost": 29.11209532470703, "noise_cost": 34.7814151740102, "n_waypoints_completed": 2, "tot_waypoints": 9}}
{"target": -215.78472388977102, "params": {"k_pid_pos": [0.5384661316189835, 0.5577255898687549, 0.266950811631688], "k_pid_alt": [1.264089485210459, 0.0, 0.47972979323232917], "k_pid_att": [30.240641090701832, 3.0156429103707345, 0.9759123448437252], "k_pid_yaw": [0.5, 1e-06, 0.1], "k_pid_hsp": [1.8807252141776936, 0.21565270404652506, 0.0], "k_pid_vsp": [107.85660151773716, 332.91265657217343, 12.988287740991616]}, "datetime": {"datetime": "2025-08-13 10:53:25", "elapsed": 3933.3169882297516, "delta": 37.315014123916626}, "costs": {"total_cost": 215.78472388977102, "time_cost": 81.935, "final_distance_cost": 1.811869978595636, "oscillation_cost": 36.57784967057699, "completition_cost": 0.0, "overshoot_cost": 49.6313133923686, "power_cost": 23.63412733154297, "noise_cost": 22.194563516686834, "n_waypoints_completed": 9, "tot_waypoints": 9}}
{"target": -214.1267774696589, "params": {"k_pid_pos": [2.0, 0.3753844534525208, 0.5495811028915804], "k_pid_alt": [1.0994252436471073, 0.0, 0.8007176971340998], "k_pid_att": [20.506768824702508, 4.593586975670724, 1.0], "k_pid_yaw": [0.5, 1e-06, 0.1], "k_pid_hsp": [1.7871691746513854, 0.13234593594554442, 0.0], "k_pid_vsp": [254.4675280397161, 85.12404502587047, 1e-06]}, "datetime": {"datetime": "2025-08-13 10:54:00", "elapsed": 3968.7033739089966, "delta": 35.386385679244995}, "costs": {"total_cost": 214.1267774696589, "time_cost": 76.223, "final_distance_cost": 1.8223595872230187, "oscillation_cost": 38.709739761071354, "completition_cost": 0.0, "overshoot_cost": 50.89768439355776, "power_cost": 23.080188610839844, "noise_cost": 23.393805116966885, "n_waypoints_completed": 9, "tot_waypoints": 9}}
{"target": -581.0230850016663, "params": {"k_pid_pos": [1.1406460198395314, 0.5182157293692077, 0.9858280026323394], "k_pid_alt": [0.730530864413672, 0.0, 0.6064457973958336], "k_pid_att": [30.677104512578723, 3.89328686669344, 0.030795483812565583], "k_pid_yaw": [0.5, 1e-06, 0.1], "k_pid_hsp": [1.688828623862561, 0.09608548638027221, 0.016578049519399448], "k_pid_vsp": [97.11657017416405, 1e-06, 1e-06]}, "datetime": {"datetime": "2025-08-13 10:54:40", "elapsed": 4008.5721468925476, "delta": 39.868772983551025}, "costs": {"total_cost": 581.0230850016663, "time_cost": 89.684, "final_distance_cost": 1.8610499186265657, "oscillation_cost": 394.0308257242519, "completition_cost": 0.0, "overshoot_cost": 52.122537507292535, "power_cost": 20.00617255859375, "noise_cost": 23.318499292901656, "n_waypoints_completed": 9, "tot_waypoints": 9}}
{"target": -216.8746633054172, "params": {"k_pid_pos": [1.0322004710322314, 0.5290909430904697, 1.0], "k_pid_alt": [2.0, 0.0, 0.7481197131638734], "k_pid_att": [41.131909750857275, 5.002201278562194, 1.0], "k_pid_yaw": [0.5, 1e-06, 0.1], "k_pid_hsp": [3.216157730588156, 0.050016300880341175, 0.0], "k_pid_vsp": [87.9705819007818, 270.89943060740455, 1e-06]}, "datetime": {"datetime": "2025-08-13 10:55:16", "elapsed": 4044.7807834148407, "delta": 36.20863652229309}, "costs": {"total_cost": 216.8746633054172, "time_cost": 80.01, "final_distance_cost": 1.824121322556613, "oscillation_cost": 40.89800996459264, "completition_cost": 0.0, "overshoot_cost": 51.295705347691474, "power_cost": 18.74799909667969, "noise_cost": 24.098827573896774, "n_waypoints_completed": 9, "tot_waypoints": 9}}
{"target": -199.26787154385605, "params": {"k_pid_pos": [1.3762280320920472, 0.403592175466111, 0.6476934927939194], "k_pid_alt": [2.0, 0.002108047944539176, 1.0], "k_pid_att": [35.36197248555259, 4.529289279222564, 1.0], "k_pid_yaw": [0.5, 1e-06, 0.1], "k_pid_hsp": [1.6797796072348998, 0.06373856647602467, 0.0], "k_pid_vsp": [72.27077603795968, 400.0, 1e-06]}, "datetime": {"datetime": "2025-08-13 10:55:52", "elapsed": 4080.2179548740387, "delta": 35.437171459198}, "costs": {"total_cost": 199.26787154385605, "time_cost": 74.802, "final_distance_cost": 1.821608994743662, "oscillation_cost": 36.75061576680138, "completition_cost": 0.0, "overshoot_cost": 50.24366798581483, "power_cost": 14.545068310546876, "noise_cost": 21.104910485949315, "n_waypoints_completed": 9, "tot_waypoints": 9}}
{"target": -243.12027571964938, "params": {"k_pid_pos": [1.7581361331854353, 0.4753937097304452, 0.20566306474006266], "k_pid_alt": [1.84015108742255, 0.0, 0.8023132119293827], "k_pid_att": [37.00929706000504, 6.102024161529015, 0.0], "k_pid_yaw": [0.5, 1e-06, 0.1], "k_pid_hsp": [0.8811500722558817, 0.1620004541080188, 0.0], "k_pid_vsp": [43.2668643187468, 314.5353603722654, 16.508002035790152]}, "datetime": {"datetime": "2025-08-13 10:56:29", "elapsed": 4117.0560529232025, "delta": 36.83809804916382}, "costs": {"total_cost": 243.12027571964938, "time_cost": 83.09700000000001, "final_distance_cost": 1.7680619589949138, "oscillation_cost": 46.217374634004635, "completition_cost": 0.0, "overshoot_cost": 56.137682202993965, "power_cost": 29.271838818359377, "noise_cost": 26.628318105296486, "n_waypoints_completed": 9, "tot_waypoints": 9}}
{"target": -195.74604001934756, "params": {"k_pid_pos": [1.671045654622107, 0.44407683280327515, 0.5980697501314208], "k_pid_alt": [1.3790591057241752, 0.0, 0.17821109803457816], "k_pid_att": [35.0936116956618, 5.655878321909618, 1.0], "k_pid_yaw": [0.5, 1e-06, 0.1], "k_pid_hsp": [2.6088656914504185, 0.12339893490352527, 0.0], "k_pid_vsp": [58.268716687241266, 352.20557498768585, 1e-06]}, "datetime": {"datetime": "2025-08-13 10:57:00", "elapsed": 4147.995911598206, "delta": 30.93985867500305}, "costs": {"total_cost": 195.74604001934756, "time_cost": 72.352, "final_distance_cost": 1.79418639994153, "oscillation_cost": 42.87426642700201, "completition_cost": 0.0, "overshoot_cost": 49.76456360609502, "power_cost": 10.119060620117187, "noise_cost": 18.841962966191822, "n_waypoints_completed": 9, "tot_waypoints": 9}}
