{"target": -192.72816616468074, "params": {"k_pid_pos": [1.219895000460007, 0.06597997848879245, 0.2704840479299386], "k_pid_alt": [0.5188035542633794, 0.0, 0.026315319423268452], "k_pid_att": [10.844279259956886, 1.332385069535796, 0.8195240428624122], "k_pid_yaw": [0.5, 1e-06, 0.1], "k_pid_hsp": [0.2790945245028741, 0.022136670062353397, 0.0], "k_pid_vsp": [226.9691640680022, 148.93225347245289, 0.1367281271675365]}, "datetime": {"datetime": "2025-08-13 17:01:38", "elapsed": 26026.399149656296, "delta": 18.933372259140015}, "costs": {"total_cost": 192.72816616468074, "time_cost": 75.355, "final_distance_cost": 1.8495630993162395, "oscillation_cost": 30.365024663872347, "completition_cost": 0.0, "overshoot_cost": 50.225965721797, "power_cost": 13.716175390625, "noise_cost": 21.21643728907014, "n_waypoints_completed": 9, "tot_waypoints": 9}}
{"target": -203.27290529506485, "params": {"k_pid_pos": [1.35050565614135, 0.08671711174560807, 0.05172493658981061], "k_pid_alt": [1.7661987722375336, 0.0, 0.015981518770205136], "k_pid_att": [14.254012256418903, 6.038172473375909, 0.5052973604280864], "k_pid_yaw": [0.5, 1e-06, 0.1], "k_pid_hsp": [0.22451648161201512, 0.016869752519481283, 0.0], "k_pid_vsp": [248.7090671839892, 95.92789885978782, 0.22623319699068212]}, "datetime": {"datetime": "2025-08-13 17:01:55", "elapsed": 26043.719372987747, "delta": 17.320223331451416}, "costs": {"total_cost": 203.27290529506485, "time_cost": 71.484, "final_distance_cost": 1.815468762729405, "oscillation_cost": 34.17242920657166, "completition_cost": 0.0, "overshoot_cost": 51.62225699099174, "power_cost": 21.66994453125, "noise_cost": 22.508805803522066, "n_waypoints_completed": 9, "tot_waypoints": 9}}
{"target": -185.88486910648606, "params": {"k_pid_pos": [0.8518803549818085, 0.050951376517279524, 0.22904844923097087], "k_pid_alt": [1.030290430849288, 0.0, 0.023114535056345527], "k_pid_att": [12.241304919800255, 5.422628535754975, 0.6268370519077198], "k_pid_yaw": [0.5, 1e-06, 0.1], "k_pid_hsp": [0.1858174829892575, 0.01819111899527923, 0.0], "k_pid_vsp": [249.86124709240175, 139.85937002572925, 0.1406696555794996]}, "datetime": {"datetime": "2025-08-13 17:02:13", "elapsed": 26061.182917118073, "delta": 17.463544130325317}, "costs": {"total_cost": 185.88486910648606, "time_cost": 71.08500000000001, "final_distance_cost": 1.8425872900832005, "oscillation_cost": 27.317358926877542, "completition_cost": 0.0, "overshoot_cost": 50.86350520598745, "power_cost": 13.765799243164063, "noise_cost": 21.01061844037382, "n_waypoints_completed": 9, "tot_waypoints": 9}}
{"target": -181.19728132718467, "params": {"k_pid_pos": [0.7116313478583036, 0.058598153869978076, 0.16880863184201078], "k_pid_alt": [1.804973969313682, 0.0, 0.01606372422783453], "k_pid_att": [20.70993405946126, 6.550497389552377, 0.7353503455640614], "k_pid_yaw": [0.5, 1e-06, 0.1], "k_pid_hsp": [0.25626243871725807, 0.018872483062864685, 0.0], "k_pid_vsp": [229.84453836126136, 126.40549883768527, 0.13560980893744032]}, "datetime": {"datetime": "2025-08-13 17:02:30", "elapsed": 26078.453505039215, "delta": 17.270587921142578}, "costs": {"total_cost": 181.19728132718467, "time_cost": 71.93900000000001, "final_distance_cost": 1.8403526666223065, "oscillation_cost": 26.76272293033001, "completition_cost": 0.0, "overshoot_cost": 50.25855077040344, "power_cost": 9.953536608886719, "noise_cost": 20.44311835094219, "n_waypoints_completed": 9, "tot_waypoints": 9}}
{"target": -184.23274966954824, "params": {"k_pid_pos": [0.9443590952632857, 0.0767832364376731, 0.0852037258389058], "k_pid_alt": [0.9445069159805798, 0.0, 0.02491158831130283], "k_pid_att": [13.974468997351295, 4.579401711337429, 0.6539433604564424], "k_pid_yaw": [0.5, 1e-06, 0.1], "k_pid_hsp": [0.2670240363369028, 0.015828150481010463, 0.0], "k_pid_vsp": [277.1056731527973, 96.07964418381333, 0.14805243937677726]}, "datetime": {"datetime": "2025-08-13 17:02:47", "elapsed": 26095.503781318665, "delta": 17.050276279449463}, "costs": {"total_cost": 184.23274966954824, "time_cost": 70.32900000000001, "final_distance_cost": 1.83958163790335, "oscillation_cost": 29.07197683292882, "completition_cost": 0.0, "overshoot_cost": 50.24274658821948, "power_cost": 12.498870629882813, "noise_cost": 20.250573980613765, "n_waypoints_completed": 9, "tot_waypoints": 9}}
{"target": -191.91769320908122, "params": {"k_pid_pos": [0.9952941700237848, 0.026604176186360236, 0.16437777188943536], "k_pid_alt": [1.6210022652292, 0.0, 0.020242610255226154], "k_pid_att": [7.208027560231417, 4.240412060008592, 0.432328813637792], "k_pid_yaw": [0.5, 1e-06, 0.1], "k_pid_hsp": [0.23401422851590345, 0.011496334046210236, 0.0], "k_pid_vsp": [222.90783466048597, 144.44520354292524, 0.19800824842394968]}, "datetime": {"datetime": "2025-08-13 17:03:04", "elapsed": 26112.71263360977, "delta": 17.208852291107178}, "costs": {"total_cost": 191.91769320908122, "time_cost": 70.063, "final_distance_cost": 1.8445793086229372, "oscillation_cost": 29.646917860683, "completition_cost": 0.0, "overshoot_cost": 50.69750798756144, "power_cost": 17.930774658203127, "noise_cost": 21.73491339401072, "n_waypoints_completed": 9, "tot_waypoints": 9}}
{"target": -193.2532366034763, "params": {"k_pid_pos": [0.5088457621288208, 0.07626202593295596, 0.1734652848857913], "k_pid_alt": [1.5273452013344506, 0.0, 0.01833477758671374], "k_pid_att": [13.317940712514746, 6.998644307395654, 0.5082401510866174], "k_pid_yaw": [0.5, 1e-06, 0.1], "k_pid_hsp": [0.1370966828462956, 0.02739968714044108, 0.0], "k_pid_vsp": [228.78580443041812, 165.62678038323432, 0.13388410964317035]}, "datetime": {"datetime": "2025-08-13 17:03:24", "elapsed": 26132.05930542946, "delta": 19.34667181968689}, "costs": {"total_cost": 193.2532366034763, "time_cost": 78.211, "final_distance_cost": 1.8552947460341562, "oscillation_cost": 24.638222214357935, "completition_cost": 0.0, "overshoot_cost": 50.8206268149375, "power_cost": 14.06304375, "noise_cost": 23.665049078146726, "n_waypoints_completed": 9, "tot_waypoints": 9}}
{"target": -180.4602680048242, "params": {"k_pid_pos": [1.1778579231840627, 0.07592829028999783, 0.19426617256370582], "k_pid_alt": [1.2386853296323606, 0.0, 0.0079439409643238], "k_pid_att": [14.476652874720997, 4.529036193817222, 0.5108062558684686], "k_pid_yaw": [0.5, 1e-06, 0.1], "k_pid_hsp": [0.24432364372872925, 0.031011991465898173, 0.0], "k_pid_vsp": [306.3610308600497, 189.87046210908343, 0.3027412361540806]}, "datetime": {"datetime": "2025-08-13 17:03:41", "elapsed": 26149.51572060585, "delta": 17.4564151763916}, "costs": {"total_cost": 180.4602680048242, "time_cost": 68.649, "final_distance_cost": 1.8171948983620907, "oscillation_cost": 30.777976967294244, "completition_cost": 0.0, "overshoot_cost": 49.3558412692851, "power_cost": 10.581439111328125, "noise_cost": 19.278815758554618, "n_waypoints_completed": 9, "tot_waypoints": 9}}
{"target": -198.59479818479562, "params": {"k_pid_pos": [0.6794933562579771, 0.05966194905729092, 0.1524384169368732], "k_pid_alt": [1.1953058343130587, 0.0, 0.012982044728829245], "k_pid_att": [15.791311171023315, 10.0, 0.5793071736785352], "k_pid_yaw": [0.5, 1e-06, 0.1], "k_pid_hsp": [0.22243081580473256, 0.014431458211389164, 0.0], "k_pid_vsp": [275.49585020775606, 117.73403076178802, 0.13131099850230468]}, "datetime": {"datetime": "2025-08-13 17:03:59", "elapsed": 26167.597184419632, "delta": 18.08146381378174}, "costs": {"total_cost": 198.59479818479562, "time_cost": 73.843, "final_distance_cost": 1.8385221822503157, "oscillation_cost": 27.16586431263819, "completition_cost": 0.0, "overshoot_cost": 51.23447682812592, "power_cost": 21.118137609863282, "noise_cost": 23.394797251917918, "n_waypoints_completed": 9, "tot_waypoints": 9}}
{"target": -187.08270289214695, "params": {"k_pid_pos": [1.277263566837027, 0.0638557478014563, 0.21547991871860653], "k_pid_alt": [1.3634835951700743, 0.0, 0.029049873623574113], "k_pid_att": [12.517923694453444, 4.665544417836287, 0.6377073802059512], "k_pid_yaw": [0.5, 1e-06, 0.1], "k_pid_hsp": [0.28469616808325365, 0.01580391797040852, 0.0], "k_pid_vsp": [388.7823449876734, 110.28498359409055, 0.23591032691355598]}, "datetime": {"datetime": "2025-08-13 17:04:17", "elapsed": 26185.849611759186, "delta": 18.252427339553833}, "costs": {"total_cost": 187.08270289214695, "time_cost": 69.013, "final_distance_cost": 1.8236707034016926, "oscillation_cost": 31.26562111081047, "completition_cost": 0.0, "overshoot_cost": 50.49234892568974, "power_cost": 14.048927966308595, "noise_cost": 20.439134185936457, "n_waypoints_completed": 9, "tot_waypoints": 9}}
{"target": -193.15170474799538, "params": {"k_pid_pos": [0.7079683852588436, 0.042800820403139456, 0.2457722603702596], "k_pid_alt": [1.4765016298061038, 0.0, 0.019940908120724386], "k_pid_att": [7.97968692482731, 5.033324764171171, 0.36287059032913516], "k_pid_yaw": [0.5, 1e-06, 0.1], "k_pid_hsp": [0.32279336619439686, 0.017996308532403107, 0.0], "k_pid_vsp": [373.1552211692551, 164.39295969052833, 0.15693105855320733]}, "datetime": {"datetime": "2025-08-13 17:04:36", "elapsed": 26204.281345129013, "delta": 18.43173336982727}, "costs": {"total_cost": 193.15170474799538, "time_cost": 74.627, "final_distance_cost": 1.845975022810344, "oscillation_cost": 27.693599244514814, "completition_cost": 0.0, "overshoot_cost": 50.416036214765825, "power_cost": 15.49547783203125, "noise_cost": 23.07361643387317, "n_waypoints_completed": 9, "tot_waypoints": 9}}
{"target": -187.62155195675484, "params": {"k_pid_pos": [1.299253984498031, 0.056755058015188396, 0.32467200114991696], "k_pid_alt": [2.0, 0.0, 0.020054686917592882], "k_pid_att": [15.660916394260598, 3.887969284729737, 0.6285246975112103], "k_pid_yaw": [0.5, 1e-06, 0.1], "k_pid_hsp": [0.23279733484419884, 0.013845512924997397, 0.0], "k_pid_vsp": [227.17633421452265, 156.53308279855315, 0.24104997410281573]}, "datetime": {"datetime": "2025-08-13 17:04:52", "elapsed": 26220.792272806168, "delta": 16.51092767715454}, "costs": {"total_cost": 187.62155195675484, "time_cost": 69.538, "final_distance_cost": 1.8239317201432286, "oscillation_cost": 29.470117971545708, "completition_cost": 0.0, "overshoot_cost": 50.087808764825006, "power_cost": 15.648227673339845, "noise_cost": 21.05346582690107, "n_waypoints_completed": 9, "tot_waypoints": 9}}
{"target": -188.45192999440414, "params": {"k_pid_pos": [1.3725419025978207, 0.07802447109839106, 0.123741586654471], "k_pid_alt": [1.3978203324499343, 0.0, 0.012019765431524623], "k_pid_att": [8.169511894396074, 6.02957317013654, 0.5581421842779651], "k_pid_yaw": [0.5, 1e-06, 0.1], "k_pid_hsp": [0.1740962570850669, 0.014981540116425884, 0.0], "k_pid_vsp": [277.75787267291605, 86.53923555037535, 0.17158118547427967]}, "datetime": {"datetime": "2025-08-13 17:05:09", "elapsed": 26237.577599048615, "delta": 16.7853262424469}, "costs": {"total_cost": 188.45192999440414, "time_cost": 69.125, "final_distance_cost": 1.7806960908188665, "oscillation_cost": 32.63837004888394, "completition_cost": 0.0, "overshoot_cost": 50.58853793085333, "power_cost": 14.066968103027344, "noise_cost": 20.252357820820656, "n_waypoints_completed": 9, "tot_waypoints": 9}}
{"target": -185.65825465974984, "params": {"k_pid_pos": [0.7561438746268024, 0.07158502197842441, 0.10518964488438558], "k_pid_alt": [1.0866138735166204, 0.0, 0.014311472863654811], "k_pid_att": [22.74692822194115, 7.7650120469153, 0.5981130442994941], "k_pid_yaw": [0.5, 1e-06, 0.1], "k_pid_hsp": [0.2103429455550053, 0.021294530855103393, 0.0], "k_pid_vsp": [77.13736727360659, 147.55409060210255, 0.1896299786741323]}, "datetime": {"datetime": "2025-08-13 17:05:26", "elapsed": 26254.4378156662, "delta": 16.86021661758423}, "costs": {"total_cost": 185.65825465974984, "time_cost": 70.931, "final_distance_cost": 1.8268547016550745, "oscillation_cost": 27.373372002714007, "completition_cost": 0.0, "overshoot_cost": 49.94739116329164, "power_cost": 14.466807714843751, "noise_cost": 21.112829077245355, "n_waypoints_completed": 9, "tot_waypoints": 9}}
{"target": -187.99072530322738, "params": {"k_pid_pos": [0.9638291087786403, 0.04390559290965159, 0.16919404887825387], "k_pid_alt": [1.2867476729399647, 0.0, 0.024422615563775507], "k_pid_att": [14.195931339185393, 5.6947882902545715, 0.5578674587362008], "k_pid_yaw": [0.5, 1e-06, 0.1], "k_pid_hsp": [0.2828625090150141, 0.02173792865546777, 0.0], "k_pid_vsp": [361.62992012474075, 76.8015492384086, 0.028566662584427627]}, "datetime": {"datetime": "2025-08-13 17:05:43", "elapsed": 26271.863253355026, "delta": 17.425437688827515}, "costs": {"total_cost": 187.99072530322738, "time_cost": 70.119, "final_distance_cost": 1.8371445633532921, "oscillation_cost": 28.76198457989242, "completition_cost": 0.0, "overshoot_cost": 50.42927722673367, "power_cost": 15.487953564453125, "noise_cost": 21.355365368794885, "n_waypoints_completed": 9, "tot_waypoints": 9}}
{"target": -177.5363830344036, "params": {"k_pid_pos": [1.1130678476780853, 0.038268687238904205, 0.10286541121955756], "k_pid_alt": [1.1043775634519564, 0.0, 0.02061748374548777], "k_pid_att": [12.793306076778729, 6.547774502658759, 0.5307630950181957], "k_pid_yaw": [0.5, 1e-06, 0.1], "k_pid_hsp": [0.3135392126815178, 0.01868292207438323, 0.0], "k_pid_vsp": [250.3484168803528, 67.44580123460172, 0.1308874586290693]}, "datetime": {"datetime": "2025-08-13 17:06:00", "elapsed": 26288.25648522377, "delta": 16.393231868743896}, "costs": {"total_cost": 177.5363830344036, "time_cost": 68.95700000000001, "final_distance_cost": 1.8261291419179144, "oscillation_cost": 30.795247321227617, "completition_cost": 0.0, "overshoot_cost": 49.65236770584517, "power_cost": 7.981788488769531, "noise_cost": 18.323850376643353, "n_waypoints_completed": 9, "tot_waypoints": 9}}
{"target": -182.46677100151146, "params": {"k_pid_pos": [0.8839376913817013, 0.055768767245956204, 0.24607045119769397], "k_pid_alt": [1.335994735021108, 0.0, 0.018449985154786654], "k_pid_att": [17.518408553908724, 6.008875092099646, 0.6177791838981178], "k_pid_yaw": [0.5, 1e-06, 0.1], "k_pid_hsp": [0.22924202938869687, 0.011285837633747076, 0.0], "k_pid_vsp": [231.0509366991805, 192.19993210731465, 0.22275769798837342]}, "datetime": {"datetime": "2025-08-13 17:06:17", "elapsed": 26305.261984825134, "delta": 17.005499601364136}, "costs": {"total_cost": 182.46677100151146, "time_cost": 70.434, "final_distance_cost": 1.8382698581740344, "oscillation_cost": 27.005338733920905, "completition_cost": 0.0, "overshoot_cost": 50.24203056702887, "power_cost": 12.343387707519533, "noise_cost": 20.603744134868112, "n_waypoints_completed": 9, "tot_waypoints": 9}}
{"target": -181.85730150986532, "params": {"k_pid_pos": [1.0179197702805396, 0.07023904419156012, 0.4836473346925354], "k_pid_alt": [1.5604172797864608, 0.0, 0.024157789434943167], "k_pid_att": [12.744772004738204, 5.4076105967603025, 0.713684689884266], "k_pid_yaw": [0.5, 1e-06, 0.1], "k_pid_hsp": [0.2552402420774463, 0.020405150033207576, 0.0], "k_pid_vsp": [208.3574681574653, 178.24832966326724, 0.15266565775323632]}, "datetime": {"datetime": "2025-08-13 17:06:34", "elapsed": 26322.22714829445, "delta": 16.965163469314575}, "costs": {"total_cost": 181.85730150986532, "time_cost": 70.84700000000001, "final_distance_cost": 1.8423496969631443, "oscillation_cost": 27.67106371795158, "completition_cost": 0.0, "overshoot_cost": 50.027715902093085, "power_cost": 11.126685107421876, "noise_cost": 20.342487085435625, "n_waypoints_completed": 9, "tot_waypoints": 9}}
{"target": -194.3565021277141, "params": {"k_pid_pos": [1.2211596805346, 0.10834891302538996, 0.05879720950016759], "k_pid_alt": [1.195634401942596, 0.0, 0.020632207882041332], "k_pid_att": [9.478161109925727, 5.115675403152507, 0.7942783534437025], "k_pid_yaw": [0.5, 1e-06, 0.1], "k_pid_hsp": [0.34158758649541926, 0.011053667890092071, 0.0], "k_pid_vsp": [258.09681795085396, 176.07878877143602, 0.14802663966600718]}, "datetime": {"datetime": "2025-08-13 17:06:50", "elapsed": 26338.623517036438, "delta": 16.396368741989136}, "costs": {"total_cost": 194.3565021277141, "time_cost": 69.825, "final_distance_cost": 1.8033238871828268, "oscillation_cost": 32.478788515608336, "completition_cost": 0.0, "overshoot_cost": 50.52932098885518, "power_cost": 18.250940270996093, "noise_cost": 21.469128465071666, "n_waypoints_completed": 9, "tot_waypoints": 9}}
{"target": -183.51386209684975, "params": {"k_pid_pos": [0.8338644764240271, 0.055848011168342045, 0.16467020790595466], "k_pid_alt": [1.8661901741122933, 0.0, 0.025737032436445584], "k_pid_att": [13.033655391573712, 6.121988460314075, 0.6537518205696615], "k_pid_yaw": [0.5, 1e-06, 0.1], "k_pid_hsp": [0.18953191209382023, 0.012337910806819166, 0.0], "k_pid_vsp": [337.0970390852621, 101.01124082363349, 0.09467270185766807]}, "datetime": {"datetime": "2025-08-13 17:07:08", "elapsed": 26356.020944833755, "delta": 17.397427797317505}, "costs": {"total_cost": 183.51386209684975, "time_cost": 70.287, "final_distance_cost": 1.8410603778600017, "oscillation_cost": 26.185883645931806, "completition_cost": 0.0, "overshoot_cost": 50.80048746987164, "power_cost": 13.52684365234375, "noise_cost": 20.872586950842525, "n_waypoints_completed": 9, "tot_waypoints": 9}}
{"target": -199.38877709761925, "params": {"k_pid_pos": [1.2331044235553914, 0.04509743674634712, 0.2899669775637385], "k_pid_alt": [1.9397340379629693, 0.0, 0.024338730753480666], "k_pid_att": [5.987022874042455, 3.441216665037009, 0.5830698992722995], "k_pid_yaw": [0.5, 1e-06, 0.1], "k_pid_hsp": [0.2627046839861747, 0.01468579199323475, 0.0], "k_pid_vsp": [259.6677700073412, 131.76843098363466, 0.14738844091023703]}, "datetime": {"datetime": "2025-08-13 17:07:24", "elapsed": 26372.87951350212, "delta": 16.85856866836548}, "costs": {"total_cost": 199.38877709761925, "time_cost": 70.105, "final_distance_cost": 1.842149659353522, "oscillation_cost": 33.342203886237044, "completition_cost": 0.0, "overshoot_cost": 51.29924974836551, "power_cost": 20.718254150390624, "noise_cost": 22.081919653272525, "n_waypoints_completed": 9, "tot_waypoints": 9}}
{"target": -192.40072523760603, "params": {"k_pid_pos": [1.0097925346930428, 0.06586188239837136, 0.232678669624551], "k_pid_alt": [1.112741980324283, 0.0, 0.025496842041523183], "k_pid_att": [15.206396670959672, 8.056732033293605, 0.6611402072517736], "k_pid_yaw": [0.5, 1e-06, 0.1], "k_pid_hsp": [0.09745493754842612, 0.017767334190463394, 0.0], "k_pid_vsp": [189.15471932372097, 147.62469687763732, 0.14652250455551596]}, "datetime": {"datetime": "2025-08-13 17:07:41", "elapsed": 26389.95320415497, "delta": 17.07369065284729}, "costs": {"total_cost": 192.40072523760603, "time_cost": 71.876, "final_distance_cost": 1.8031709497992807, "oscillation_cost": 28.77692258325436, "completition_cost": 0.0, "overshoot_cost": 50.817228751171626, "power_cost": 17.536319689941408, "noise_cost": 21.591083263439305, "n_waypoints_completed": 9, "tot_waypoints": 9}}
{"target": -193.63392482911715, "params": {"k_pid_pos": [1.6083896014280359, 0.06378684611757646, 0.37437458223455894], "k_pid_alt": [1.1409710936401039, 0.0, 0.022972653250421655], "k_pid_att": [6.943588811980689, 6.314091632035087, 0.33031049786899996], "k_pid_yaw": [0.5, 1e-06, 0.1], "k_pid_hsp": [0.23904901070056317, 0.016218092516318075, 0.0], "k_pid_vsp": [182.3601346729479, 40.97147876002531, 0.17331707129584792]}, "datetime": {"datetime": "2025-08-13 17:07:58", "elapsed": 26406.1467962265, "delta": 16.193592071533203}, "costs": {"total_cost": 193.63392482911715, "time_cost": 69.608, "final_distance_cost": 1.8027636974884536, "oscillation_cost": 33.32110569990213, "completition_cost": 0.0, "overshoot_cost": 50.68193500544265, "power_cost": 17.116862109375, "noise_cost": 21.103258316908885, "n_waypoints_completed": 9, "tot_waypoints": 9}}
{"target": -545.1624203441112, "params": {"k_pid_pos": [1.2335689226642017, 0.08553595724864543, 0.10960533234718361], "k_pid_alt": [1.5671031047196113, 0.0, 0.020743511878446773], "k_pid_att": [8.410838029326587, 2.7392759919353615, 0.7318530763740401], "k_pid_yaw": [0.5, 1e-06, 0.1], "k_pid_hsp": [0.13315463044689593, 0.014592774133281259, 0.0], "k_pid_vsp": [328.4354901298652, 123.53139720705512, 0.12901015321590006]}, "datetime": {"datetime": "2025-08-13 17:08:28", "elapsed": 26436.089791297913, "delta": 29.942995071411133}, "costs": {"total_cost": 545.1624203441112, "time_cost": 150, "final_distance_cost": 65.46607989512654, "oscillation_cost": 34.69613966734311, "completition_cost": 111.11111111111116, "overshoot_cost": 62.21819031432086, "power_cost": 53.24167897949219, "noise_cost": 68.4292203767174, "n_waypoints_completed": 8, "tot_waypoints": 9}}
{"target": -187.75085934053175, "params": {"k_pid_pos": [0.882533161504259, 0.04192172631793024, 0.2758341042008977], "k_pid_alt": [0.9751172168126715, 0.0, 0.012364265079482462], "k_pid_att": [17.606307301741452, 0.6541200577192073, 0.6312625564863666], "k_pid_yaw": [0.5, 1e-06, 0.1], "k_pid_hsp": [0.3451116545239865, 0.012895312645964531, 0.0], "k_pid_vsp": [305.1146162148366, 195.52412653992465, 0.13945311019794557]}, "datetime": {"datetime": "2025-08-13 17:08:45", "elapsed": 26453.259607553482, "delta": 17.169816255569458}, "costs": {"total_cost": 187.75085934053175, "time_cost": 72.73, "final_distance_cost": 1.8469197265638648, "oscillation_cost": 26.937957298971817, "completition_cost": 0.0, "overshoot_cost": 50.32670610417613, "power_cost": 14.177195263671877, "noise_cost": 21.73208094714802, "n_waypoints_completed": 9, "tot_waypoints": 9}}
