{"target": -188.45999993961533, "params": {"k_pid_pos": [0.8033687362173666, 0.05526526171215205, 0.2837167190837681], "k_pid_alt": [1.3364422053109044, 0.0, 0.026850782900011888], "k_pid_att": [8.646027255703514, 3.940183953542514, 0.6535938752861999], "k_pid_yaw": [0.5, 1e-06, 0.1], "k_pid_hsp": [0.23702485367008652, 0.015347360188009149, 0.0], "k_pid_vsp": [278.65621165206034, 106.84483413779738, 0.1750175315176626]}, "datetime": {"datetime": "2025-08-13 22:16:51", "elapsed": 44939.45820045471, "delta": 17.43994688987732}, "costs": {"total_cost": 188.45999993961533, "time_cost": 72.373, "final_distance_cost": 1.8407915177491485, "oscillation_cost": 27.47479991020149, "completition_cost": 0.0, "overshoot_cost": 50.62846916224404, "power_cost": 14.331243017578126, "noise_cost": 21.811696331842516, "n_waypoints_completed": 9, "tot_waypoints": 9}}
{"target": -178.54399408507658, "params": {"k_pid_pos": [0.9451896555949867, 0.05513839401714309, 0.23468085557322138], "k_pid_alt": [1.5645185557842554, 0.0, 0.025358792495294515], "k_pid_att": [10.348789155421505, 4.0812883822178625, 0.7288055717736611], "k_pid_yaw": [0.5, 1e-06, 0.1], "k_pid_hsp": [0.19591134128494544, 0.011908003996638002, 0.0], "k_pid_vsp": [313.41137233465645, 105.40938713589863, 0.20232875025568306]}, "datetime": {"datetime": "2025-08-13 22:17:09", "elapsed": 44956.98072838783, "delta": 17.522527933120728}, "costs": {"total_cost": 178.54399408507658, "time_cost": 69.468, "final_distance_cost": 1.8433698946900683, "oscillation_cost": 27.61313484832828, "completition_cost": 0.0, "overshoot_cost": 50.0417218969291, "power_cost": 10.150388964843751, "noise_cost": 19.427378480285373, "n_waypoints_completed": 9, "tot_waypoints": 9}}
{"target": -182.19940512761883, "params": {"k_pid_pos": [0.9445718725306439, 0.06014115530741371, 0.30930116323815093], "k_pid_alt": [1.2867505053263322, 0.0, 0.02302278658189909], "k_pid_att": [8.748171340172531, 3.8095482730030685, 0.5697922061504235], "k_pid_yaw": [0.5, 1e-06, 0.1], "k_pid_hsp": [0.21068814834370686, 0.02040453454459194, 0.0], "k_pid_vsp": [294.1684637876603, 132.26109325574777, 0.14512653432628625]}, "datetime": {"datetime": "2025-08-13 22:17:25", "elapsed": 44973.18911457062, "delta": 16.208386182785034}, "costs": {"total_cost": 182.19940512761883, "time_cost": 70.133, "final_distance_cost": 1.838864006614539, "oscillation_cost": 28.04908528417193, "completition_cost": 0.0, "overshoot_cost": 49.999028174304094, "power_cost": 11.92403543701172, "noise_cost": 20.25539222551655, "n_waypoints_completed": 9, "tot_waypoints": 9}}
{"target": -180.36963960436807, "params": {"k_pid_pos": [1.010221114343768, 0.03870796973539684, 0.28891900789793096], "k_pid_alt": [1.6571072695462352, 0.0, 0.02112444397848638], "k_pid_att": [10.203381427554463, 4.04250170138344, 0.5867001801422868], "k_pid_yaw": [0.5, 1e-06, 0.1], "k_pid_hsp": [0.20772639496482137, 0.014282629580168182, 0.0], "k_pid_vsp": [312.0248594887039, 134.24089274696482, 0.14967912137451825]}, "datetime": {"datetime": "2025-08-13 22:17:42", "elapsed": 44990.65681266785, "delta": 17.467698097229004}, "costs": {"total_cost": 180.36963960436807, "time_cost": 69.139, "final_distance_cost": 1.8331650707951184, "oscillation_cost": 27.96481480628096, "completition_cost": 0.0, "overshoot_cost": 49.99935659427342, "power_cost": 11.426210119628907, "noise_cost": 20.0070930133897, "n_waypoints_completed": 9, "tot_waypoints": 9}}
{"target": -194.01138545104513, "params": {"k_pid_pos": [0.7553066143181143, 0.05420438423921623, 0.25289946603897884], "k_pid_alt": [1.6569823590267463, 0.0, 0.024895193741774336], "k_pid_att": [9.241988999110532, 3.922199104498887, 0.5850619428652771], "k_pid_yaw": [0.5, 1e-06, 0.1], "k_pid_hsp": [0.20418293370736018, 0.016464646932885997, 0.0], "k_pid_vsp": [352.52916873503517, 127.81924135919782, 0.16117223172304382]}, "datetime": {"datetime": "2025-08-13 22:17:59", "elapsed": 45007.486035108566, "delta": 16.829222440719604}, "costs": {"total_cost": 194.01138545104513, "time_cost": 72.401, "final_distance_cost": 1.8438867386855253, "oscillation_cost": 26.916209652753317, "completition_cost": 0.0, "overshoot_cost": 51.07477286269484, "power_cost": 18.592936499023438, "noise_cost": 23.182579697888038, "n_waypoints_completed": 9, "tot_waypoints": 9}}
{"target": -188.89617981753432, "params": {"k_pid_pos": [0.8125185661323157, 0.04330422122444505, 0.335751322067617], "k_pid_alt": [1.5936139683906987, 0.0, 0.02202452247596839], "k_pid_att": [10.343489395113375, 4.179533566180329, 0.5572098763059808], "k_pid_yaw": [0.5, 1e-06, 0.1], "k_pid_hsp": [0.18621513298513911, 0.01618821168441873, 0.0], "k_pid_vsp": [328.6658669661017, 121.07718901537203, 0.16338304416481023]}, "datetime": {"datetime": "2025-08-13 22:18:17", "elapsed": 45025.86835885048, "delta": 18.382323741912842}, "costs": {"total_cost": 188.89617981753432, "time_cost": 72.156, "final_distance_cost": 1.8440570212613734, "oscillation_cost": 26.71097486313284, "completition_cost": 0.0, "overshoot_cost": 50.42122215748701, "power_cost": 15.520127514648438, "noise_cost": 22.24379826100463, "n_waypoints_completed": 9, "tot_waypoints": 9}}
{"target": -180.39629898800308, "params": {"k_pid_pos": [0.9708712662951154, 0.05090585159297386, 0.28966454564993177], "k_pid_alt": [1.3381293679623167, 0.0, 0.026182134697439585], "k_pid_att": [11.635252704787243, 4.562361800489532, 0.5073760253656134], "k_pid_yaw": [0.5, 1e-06, 0.1], "k_pid_hsp": [0.19909409667738756, 0.01488091140976599, 0.0], "k_pid_vsp": [326.27668895178977, 116.71109937913347, 0.1883945865310336]}, "datetime": {"datetime": "2025-08-13 22:18:34", "elapsed": 45042.47356700897, "delta": 16.605208158493042}, "costs": {"total_cost": 180.39629898800308, "time_cost": 69.769, "final_distance_cost": 1.8369443794998177, "oscillation_cost": 27.691961760971967, "completition_cost": 0.0, "overshoot_cost": 50.05011189212381, "power_cost": 11.081949572753906, "noise_cost": 19.966331382653593, "n_waypoints_completed": 9, "tot_waypoints": 9}}
{"target": -179.58565708215806, "params": {"k_pid_pos": [0.8419333411130195, 0.05542293424813463, 0.26787722156829724], "k_pid_alt": [1.9155891993259269, 0.0, 0.02111565841321525], "k_pid_att": [9.450922811557826, 3.93568417277657, 0.5129003481165705], "k_pid_yaw": [0.5, 1e-06, 0.1], "k_pid_hsp": [0.20991320655067192, 0.015446860661345757, 0.0], "k_pid_vsp": [316.28516299268455, 119.0632367901984, 0.1761959436668684]}, "datetime": {"datetime": "2025-08-13 22:18:52", "elapsed": 45060.91594743729, "delta": 18.44238042831421}, "costs": {"total_cost": 179.58565708215806, "time_cost": 70.637, "final_distance_cost": 1.8376094732591428, "oscillation_cost": 26.865690232719526, "completition_cost": 0.0, "overshoot_cost": 50.360954428341756, "power_cost": 9.971238671875, "noise_cost": 19.91316427596263, "n_waypoints_completed": 9, "tot_waypoints": 9}}
{"target": -187.876926797688, "params": {"k_pid_pos": [0.8776739942409263, 0.061840243099004266, 0.22995915464778438], "k_pid_alt": [1.421410890967331, 0.0, 0.023160829412446165], "k_pid_att": [6.977288102842864, 3.3819535687981213, 0.6235351020698369], "k_pid_yaw": [0.5, 1e-06, 0.1], "k_pid_hsp": [0.23594143930520386, 0.015130257614410976, 0.0], "k_pid_vsp": [372.7295960891617, 145.65045274202157, 0.16045851603641698]}, "datetime": {"datetime": "2025-08-13 22:19:09", "elapsed": 45077.68490576744, "delta": 16.76895833015442}, "costs": {"total_cost": 187.876926797688, "time_cost": 70.427, "final_distance_cost": 1.8370145931464164, "oscillation_cost": 27.788624163587905, "completition_cost": 0.0, "overshoot_cost": 50.3539835838378, "power_cost": 15.858177160644532, "noise_cost": 21.612127296471296, "n_waypoints_completed": 9, "tot_waypoints": 9}}
{"target": -185.07813181107812, "params": {"k_pid_pos": [0.9211968889388006, 0.06919725667379209, 0.3147152283694473], "k_pid_alt": [1.2104557609502973, 0.0, 0.0262441147921843], "k_pid_att": [8.085427043611153, 4.082274178586677, 0.6740329868995376], "k_pid_yaw": [0.5, 1e-06, 0.1], "k_pid_hsp": [0.23463124852059683, 0.015325296629898991, 0.0], "k_pid_vsp": [273.4351713173114, 114.87060559683187, 0.1514290970691219]}, "datetime": {"datetime": "2025-08-13 22:19:27", "elapsed": 45095.52763199806, "delta": 17.842726230621338}, "costs": {"total_cost": 185.07813181107812, "time_cost": 70.931, "final_distance_cost": 1.8373738257639263, "oscillation_cost": 28.08006082292965, "completition_cost": 0.0, "overshoot_cost": 50.20740807183703, "power_cost": 13.026155578613281, "noise_cost": 20.996133511934236, "n_waypoints_completed": 9, "tot_waypoints": 9}}
{"target": -189.4258084961831, "params": {"k_pid_pos": [0.8371888491406428, 0.05933105019233769, 0.33377144415690263], "k_pid_alt": [1.4546047341745643, 0.0, 0.024602888827829933], "k_pid_att": [9.585559935504483, 3.668107040233123, 0.662807074206787], "k_pid_yaw": [0.5, 1e-06, 0.1], "k_pid_hsp": [0.19992436270684252, 0.015525456451659057, 0.0], "k_pid_vsp": [305.1708084229751, 126.59624380520368, 0.150838206417814]}, "datetime": {"datetime": "2025-08-13 22:19:44", "elapsed": 45112.617642879486, "delta": 17.09001088142395}, "costs": {"total_cost": 189.4258084961831, "time_cost": 71.911, "final_distance_cost": 1.8496607148075066, "oscillation_cost": 27.248595894773207, "completition_cost": 0.0, "overshoot_cost": 50.389389291442, "power_cost": 15.926818884277344, "noise_cost": 22.100343710883045, "n_waypoints_completed": 9, "tot_waypoints": 9}}
{"target": -191.62873827416024, "params": {"k_pid_pos": [1.0060860263039286, 0.04493720693677094, 0.3319824639903289], "k_pid_alt": [1.388302893563934, 0.0, 0.02829510079469399], "k_pid_att": [10.356701714954147, 5.0207464042224315, 0.5348758894529181], "k_pid_yaw": [0.5, 1e-06, 0.1], "k_pid_hsp": [0.22968705957891836, 0.01495869064428095, 0.0], "k_pid_vsp": [348.0771035419011, 106.51642328951573, 0.18023322601379665]}, "datetime": {"datetime": "2025-08-13 22:20:02", "elapsed": 45130.49593567848, "delta": 17.87829279899597}, "costs": {"total_cost": 191.62873827416024, "time_cost": 70.455, "final_distance_cost": 1.8452764433424504, "oscillation_cost": 27.99844179720381, "completition_cost": 0.0, "overshoot_cost": 50.91772480318701, "power_cost": 18.292093493652345, "noise_cost": 22.120201736774614, "n_waypoints_completed": 9, "tot_waypoints": 9}}
{"target": -184.06489422274277, "params": {"k_pid_pos": [1.0278657425532352, 0.047558537853298825, 0.3690907970362667], "k_pid_alt": [1.2572572385701388, 0.0, 0.024810790339319627], "k_pid_att": [11.541736994682111, 3.5225912543106888, 0.6480945066172206], "k_pid_yaw": [0.5, 1e-06, 0.1], "k_pid_hsp": [0.2425205345796508, 0.012601038688989487, 0.0], "k_pid_vsp": [295.5598844730677, 129.1250160986148, 0.17192475569632534]}, "datetime": {"datetime": "2025-08-13 22:20:19", "elapsed": 45147.76213335991, "delta": 17.266197681427002}, "costs": {"total_cost": 184.06489422274277, "time_cost": 70.301, "final_distance_cost": 1.8452946280118987, "oscillation_cost": 27.93014813132581, "completition_cost": 0.0, "overshoot_cost": 50.28979921396578, "power_cost": 13.028853674316407, "noise_cost": 20.669798575122883, "n_waypoints_completed": 9, "tot_waypoints": 9}}
{"target": -183.5116792357747, "params": {"k_pid_pos": [0.822330078075112, 0.0538050314064015, 0.28534850619262325], "k_pid_alt": [1.1777191808039413, 0.0, 0.02875335812212314], "k_pid_att": [10.553383690396652, 3.8433694542205896, 0.5611309370393941], "k_pid_yaw": [0.5, 1e-06, 0.1], "k_pid_hsp": [0.2320145848408651, 0.01756435019055463, 0.0], "k_pid_vsp": [250.72576024423438, 123.6705420480472, 0.18790544193677983]}, "datetime": {"datetime": "2025-08-13 22:20:37", "elapsed": 45165.423085689545, "delta": 17.66095232963562}, "costs": {"total_cost": 183.5116792357747, "time_cost": 72.33800000000001, "final_distance_cost": 1.8384689070235751, "oscillation_cost": 27.38666832445701, "completition_cost": 0.0, "overshoot_cost": 50.23991175238938, "power_cost": 11.016274340820313, "noise_cost": 20.692355911084444, "n_waypoints_completed": 9, "tot_waypoints": 9}}
{"target": -187.66718259205, "params": {"k_pid_pos": [1.0131788356650746, 0.04578267938284112, 0.27051664142684323], "k_pid_alt": [1.4059400454429898, 0.0, 0.02614307133632131], "k_pid_att": [9.12566406996602, 4.39895879478287, 0.5745957823069325], "k_pid_yaw": [0.5, 1e-06, 0.1], "k_pid_hsp": [0.2404131350270012, 0.012295503928987575, 0.0], "k_pid_vsp": [318.61926656946554, 115.00957060984256, 0.1637413920023331]}, "datetime": {"datetime": "2025-08-13 22:20:55", "elapsed": 45183.332000255585, "delta": 17.90891456604004}, "costs": {"total_cost": 187.66718259205, "time_cost": 69.874, "final_distance_cost": 1.8305611212353285, "oscillation_cost": 28.42941658934655, "completition_cost": 0.0, "overshoot_cost": 50.25178989848234, "power_cost": 15.980627307128907, "noise_cost": 21.300787675856906, "n_waypoints_completed": 9, "tot_waypoints": 9}}
{"target": -188.3095793502232, "params": {"k_pid_pos": [0.8232765274062724, 0.06027427053818254, 0.3331762996141853], "k_pid_alt": [1.4742598498549038, 0.0, 0.023944889474460062], "k_pid_att": [7.93503836237813, 3.8159847994337177, 0.7268023464567608], "k_pid_yaw": [0.5, 1e-06, 0.1], "k_pid_hsp": [0.19186636055824913, 0.016154355576456527, 0.0], "k_pid_vsp": [317.3409216746052, 102.14318763511922, 0.1524277149894457]}, "datetime": {"datetime": "2025-08-13 22:21:12", "elapsed": 45200.24501514435, "delta": 16.913014888763428}, "costs": {"total_cost": 188.3095793502232, "time_cost": 72.023, "final_distance_cost": 1.8505804180032421, "oscillation_cost": 27.366325416611264, "completition_cost": 0.0, "overshoot_cost": 50.25859036090633, "power_cost": 14.884629370117189, "noise_cost": 21.926453784585185, "n_waypoints_completed": 9, "tot_waypoints": 9}}
{"target": -187.15030670847938, "params": {"k_pid_pos": [0.9193041381911264, 0.05480947886679861, 0.27815214417785034], "k_pid_alt": [1.3422204219368001, 0.0, 0.02873498631229295], "k_pid_att": [9.938834743185588, 4.671171740010721, 0.6008558775176028], "k_pid_yaw": [0.5, 1e-06, 0.1], "k_pid_hsp": [0.19001766566543413, 0.01210964324660306, 0.0], "k_pid_vsp": [308.46011421217753, 117.22687929883006, 0.1933401715797165]}, "datetime": {"datetime": "2025-08-13 22:21:30", "elapsed": 45218.230367422104, "delta": 17.985352277755737}, "costs": {"total_cost": 187.15030670847938, "time_cost": 70.308, "final_distance_cost": 1.8446240462040322, "oscillation_cost": 27.484084914480086, "completition_cost": 0.0, "overshoot_cost": 50.00877284256664, "power_cost": 16.044120812988282, "noise_cost": 21.460704092240277, "n_waypoints_completed": 9, "tot_waypoints": 9}}
{"target": -183.08982417157827, "params": {"k_pid_pos": [0.9298683341826065, 0.04689332063672075, 0.29602152737873233], "k_pid_alt": [1.5549920942547946, 0.0, 0.02883332045048766], "k_pid_att": [9.666970195997388, 4.0809871776191615, 0.5986376395186851], "k_pid_yaw": [0.5, 1e-06, 0.1], "k_pid_hsp": [0.19241849231322486, 0.01100506171586615, 0.0], "k_pid_vsp": [345.6011327276465, 113.22567699577712, 0.17424194276139113]}, "datetime": {"datetime": "2025-08-13 22:21:46", "elapsed": 45234.6218726635, "delta": 16.391505241394043}, "costs": {"total_cost": 183.08982417157827, "time_cost": 69.979, "final_distance_cost": 1.8451862221140378, "oscillation_cost": 26.958271887710165, "completition_cost": 0.0, "overshoot_cost": 50.26222967019612, "power_cost": 13.262977246093751, "noise_cost": 20.782159145464195, "n_waypoints_completed": 9, "tot_waypoints": 9}}
{"target": -175.9636491486337, "params": {"k_pid_pos": [1.026193383054369, 0.03359071251534282, 0.3053011224669711], "k_pid_alt": [1.6377235228569702, 0.0, 0.020881088043617504], "k_pid_att": [8.967805799620551, 3.629835988855863, 0.5669030602566237], "k_pid_yaw": [0.5, 1e-06, 0.1], "k_pid_hsp": [0.21751398283713122, 0.011190626363252196, 0.0], "k_pid_vsp": [249.7994300660337, 129.48998830292263, 0.1614096922854895]}, "datetime": {"datetime": "2025-08-13 22:22:04", "elapsed": 45252.43615150452, "delta": 17.814278841018677}, "costs": {"total_cost": 175.9636491486337, "time_cost": 69.279, "final_distance_cost": 1.8411518706026182, "oscillation_cost": 28.098566227956397, "completition_cost": 0.0, "overshoot_cost": 50.06046451786824, "power_cost": 8.14794033203125, "noise_cost": 18.53652620017519, "n_waypoints_completed": 9, "tot_waypoints": 9}}
{"target": -183.35776578317376, "params": {"k_pid_pos": [0.7408467366617372, 0.05471616354419442, 0.27994566724630027], "k_pid_alt": [1.7204969540768749, 0.0, 0.027106574786867215], "k_pid_att": [8.541643002883104, 4.054224749413552, 0.5542917883296623], "k_pid_yaw": [0.5, 1e-06, 0.1], "k_pid_hsp": [0.17526460356016557, 0.01246961932774598, 0.0], "k_pid_vsp": [250.826570172455, 127.19059460525216, 0.1545230227136526]}, "datetime": {"datetime": "2025-08-13 22:22:21", "elapsed": 45269.067442178726, "delta": 16.631290674209595}, "costs": {"total_cost": 183.35776578317376, "time_cost": 72.31, "final_distance_cost": 1.8478806020327698, "oscillation_cost": 26.28359046659371, "completition_cost": 0.0, "overshoot_cost": 50.27401117540697, "power_cost": 11.526309899902344, "noise_cost": 21.115973639237954, "n_waypoints_completed": 9, "tot_waypoints": 9}}
{"target": -187.58775651111313, "params": {"k_pid_pos": [0.8516825035824612, 0.04803569566038233, 0.33579757226183204], "k_pid_alt": [1.3577893664247978, 0.0, 0.021309441677555847], "k_pid_att": [9.553665156173635, 5.326347893740542, 0.6642696517196257], "k_pid_yaw": [0.5, 1e-06, 0.1], "k_pid_hsp": [0.188532172704886, 0.016132572034469963, 0.0], "k_pid_vsp": [224.84628945182612, 115.66524444651343, 0.1525761408335438]}, "datetime": {"datetime": "2025-08-13 22:22:40", "elapsed": 45288.01444339752, "delta": 18.947001218795776}, "costs": {"total_cost": 187.58775651111313, "time_cost": 71.58200000000001, "final_distance_cost": 1.8449411634451498, "oscillation_cost": 27.459496103380214, "completition_cost": 0.0, "overshoot_cost": 50.22023942992997, "power_cost": 14.710665051269531, "noise_cost": 21.77041476308825, "n_waypoints_completed": 9, "tot_waypoints": 9}}
{"target": -188.08530402706185, "params": {"k_pid_pos": [0.8841239011786689, 0.0588962882011923, 0.3280119736738009], "k_pid_alt": [1.2714787731982342, 0.0, 0.027070824807123885], "k_pid_att": [9.481574331056597, 3.6290414394783146, 0.6446715836607321], "k_pid_yaw": [0.5, 1e-06, 0.1], "k_pid_hsp": [0.20382174114146454, 0.0146251180247456, 0.0], "k_pid_vsp": [253.63136117215322, 111.66717701666016, 0.18976207028791747]}, "datetime": {"datetime": "2025-08-13 22:22:56", "elapsed": 45304.47370100021, "delta": 16.45925760269165}, "costs": {"total_cost": 188.08530402706185, "time_cost": 71.246, "final_distance_cost": 1.8491691044310632, "oscillation_cost": 26.929122555514503, "completition_cost": 0.0, "overshoot_cost": 50.34374479427908, "power_cost": 15.85679638671875, "noise_cost": 21.860471186118463, "n_waypoints_completed": 9, "tot_waypoints": 9}}
{"target": -183.0718555485767, "params": {"k_pid_pos": [0.7791858749868948, 0.048497270536462876, 0.29250849193485023], "k_pid_alt": [1.6251957621728816, 0.0, 0.024287331815442556], "k_pid_att": [10.271677859301073, 3.1847062837797098, 0.6021466810178562], "k_pid_yaw": [0.5, 1e-06, 0.1], "k_pid_hsp": [0.2143374964987161, 0.010303516109205962, 0.0], "k_pid_vsp": [256.4076922402782, 117.13707436584043, 0.21882268136043026]}, "datetime": {"datetime": "2025-08-13 22:23:14", "elapsed": 45322.80567717552, "delta": 18.331976175308228}, "costs": {"total_cost": 183.0718555485767, "time_cost": 72.499, "final_distance_cost": 1.8429177008027822, "oscillation_cost": 26.491823939401726, "completition_cost": 0.0, "overshoot_cost": 50.79700530444513, "power_cost": 10.585764489746094, "noise_cost": 20.855344114180973, "n_waypoints_completed": 9, "tot_waypoints": 9}}
{"target": -183.8166756076673, "params": {"k_pid_pos": [0.6648115500959505, 0.05609766993250406, 0.3209278916124055], "k_pid_alt": [1.301473344850561, 0.0, 0.01972698063139614], "k_pid_att": [10.05041811740228, 4.462727359033406, 0.42894107068680354], "k_pid_yaw": [0.5, 1e-06, 0.1], "k_pid_hsp": [0.22576469687290937, 0.014843002749846781, 0.0], "k_pid_vsp": [248.39184631400914, 111.02621956421582, 0.16256866551657412]}, "datetime": {"datetime": "2025-08-13 22:23:33", "elapsed": 45341.89114999771, "delta": 19.08547282218933}, "costs": {"total_cost": 183.8166756076673, "time_cost": 75.88, "final_distance_cost": 1.8540917180848502, "oscillation_cost": 25.800092619367884, "completition_cost": 0.0, "overshoot_cost": 50.73406334381931, "power_cost": 8.751293713378907, "noise_cost": 20.797134213016342, "n_waypoints_completed": 9, "tot_waypoints": 9}}
{"target": -186.7015154702285, "params": {"k_pid_pos": [0.910584880643729, 0.045062936225565974, 0.3076085937418862], "k_pid_alt": [1.5486326154242993, 0.0, 0.01825847046980147], "k_pid_att": [11.436133454548717, 3.1849451834717115, 0.5720629397649989], "k_pid_yaw": [0.5, 1e-06, 0.1], "k_pid_hsp": [0.2231800657584663, 0.014964156472711135, 0.0], "k_pid_vsp": [308.5807011245435, 110.23502935934334, 0.17660587738396605]}, "datetime": {"datetime": "2025-08-13 22:23:51", "elapsed": 45359.40136361122, "delta": 17.510213613510132}, "costs": {"total_cost": 186.7015154702285, "time_cost": 70.427, "final_distance_cost": 1.8386653091116736, "oscillation_cost": 26.527236047745152, "completition_cost": 0.0, "overshoot_cost": 50.59083476122349, "power_cost": 15.563519702148438, "noise_cost": 21.75425964999974, "n_waypoints_completed": 9, "tot_waypoints": 9}}
