{"target": -184.1333148121806, "params": {"k_pid_pos": [1.0389041027607548, 0.07446535600921556, 0.3466762866630791], "k_pid_alt": [1.5140438305270099, 0.0, 0.009586996784173784], "k_pid_att": [9.09130714552286, 2.3058541439987197, 0.46020750436456415], "k_pid_yaw": [0.5, 1e-06, 0.1], "k_pid_hsp": [0.13900206246209912, 0.011722702739699003, 0.0], "k_pid_vsp": [277.721605425184, 147.70352554321911, 0.2692625220642662]}, "datetime": {"datetime": "2025-08-13 16:45:39", "elapsed": 25067.483685016632, "delta": 18.831079959869385}, "costs": {"total_cost": 184.1333148121806, "time_cost": 69.538, "final_distance_cost": 1.8251176268479876, "oscillation_cost": 27.233309058456985, "completition_cost": 0.0, "overshoot_cost": 50.410847765787814, "power_cost": 14.362735363769533, "noise_cost": 20.763304997318293, "n_waypoints_completed": 9, "tot_waypoints": 9}}
{"target": -187.70609601162056, "params": {"k_pid_pos": [0.7903962015162623, 0.08837446095169017, 0.12232110636379623], "k_pid_alt": [1.600025935728387, 0.0, 0.0145771546149773], "k_pid_att": [11.04953468586469, 5.257171311260193, 0.7798842392206738], "k_pid_yaw": [0.5, 1e-06, 0.1], "k_pid_hsp": [0.3474159787749664, 0.011590768775525956, 0.0], "k_pid_vsp": [187.83453963695607, 148.44946099554525, 0.13321181584321687]}, "datetime": {"datetime": "2025-08-13 16:45:59", "elapsed": 25087.53678393364, "delta": 20.053098917007446}, "costs": {"total_cost": 187.70609601162056, "time_cost": 70.896, "final_distance_cost": 1.8432538521000226, "oscillation_cost": 27.238225427725737, "completition_cost": 0.0, "overshoot_cost": 50.54378043634373, "power_cost": 15.399557092285157, "noise_cost": 21.785279203165924, "n_waypoints_completed": 9, "tot_waypoints": 9}}
{"target": -209.75499472575595, "params": {"k_pid_pos": [0.565896179866795, 0.0917716062509778, 0.29942907583325873], "k_pid_alt": [2.0, 0.0, 0.0162398162548024], "k_pid_att": [16.369258220654515, 6.888428165464237, 0.5752554349807543], "k_pid_yaw": [0.5, 1e-06, 0.1], "k_pid_hsp": [0.30592456550771346, 0.017447511092035267, 0.0], "k_pid_vsp": [152.3304067422711, 106.67236664500614, 0.17080493891226375]}, "datetime": {"datetime": "2025-08-13 16:46:20", "elapsed": 25108.81710600853, "delta": 21.280322074890137}, "costs": {"total_cost": 209.75499472575595, "time_cost": 81.123, "final_distance_cost": 1.8449485204949903, "oscillation_cost": 26.51819071754262, "completition_cost": 0.0, "overshoot_cost": 51.94237516077702, "power_cost": 21.590874511718752, "noise_cost": 26.735605815222566, "n_waypoints_completed": 9, "tot_waypoints": 9}}
{"target": -183.52328361584256, "params": {"k_pid_pos": [0.960595249506468, 0.0807516822785684, 0.2987995431044332], "k_pid_alt": [1.3740597457421282, 0.0, 0.016625134124281047], "k_pid_att": [14.847414583712089, 4.941139472313047, 0.27554498054349313], "k_pid_yaw": [0.5, 1e-06, 0.1], "k_pid_hsp": [0.11855635587980103, 0.01975203160254213, 0.0], "k_pid_vsp": [389.7453634638443, 127.11752315456856, 0.1635166250384861]}, "datetime": {"datetime": "2025-08-13 16:46:40", "elapsed": 25128.288501739502, "delta": 19.47139573097229}, "costs": {"total_cost": 183.52328361584256, "time_cost": 70.7, "final_distance_cost": 1.8378100826615984, "oscillation_cost": 27.43277951746688, "completition_cost": 0.0, "overshoot_cost": 50.57089644692991, "power_cost": 12.558728430175782, "noise_cost": 20.423069138608348, "n_waypoints_completed": 9, "tot_waypoints": 9}}
{"target": -185.16566421984345, "params": {"k_pid_pos": [1.042879109970897, 0.049323551506460284, 0.1687389660017555], "k_pid_alt": [1.1098204084378702, 0.0, 0.010675758667303354], "k_pid_att": [15.053818045873564, 4.482253815648616, 0.7713431194042358], "k_pid_yaw": [0.5, 1e-06, 0.1], "k_pid_hsp": [0.26513834343273973, 0.03212380720674626, 0.0], "k_pid_vsp": [141.92042258348656, 164.90557396932195, 0.26452896053511243]}, "datetime": {"datetime": "2025-08-13 16:47:01", "elapsed": 25149.415820360184, "delta": 21.127318620681763}, "costs": {"total_cost": 185.16566421984345, "time_cost": 69.272, "final_distance_cost": 1.8311039790685024, "oscillation_cost": 29.870938715923778, "completition_cost": 0.0, "overshoot_cost": 49.40468224420312, "power_cost": 14.323123583984376, "noise_cost": 20.463815696663694, "n_waypoints_completed": 9, "tot_waypoints": 9}}
{"target": -190.32260131653518, "params": {"k_pid_pos": [0.483751668956534, 0.024447072281633855, 0.0], "k_pid_alt": [1.9693297617306982, 0.0, 0.02326490376511131], "k_pid_att": [7.152562945365825, 4.144572950200712, 0.5757672344462924], "k_pid_yaw": [0.5, 1e-06, 0.1], "k_pid_hsp": [0.2649336840848644, 0.012276869677137758, 0.0], "k_pid_vsp": [267.05330531707006, 138.78126393367072, 0.13540128512342034]}, "datetime": {"datetime": "2025-08-13 16:47:20", "elapsed": 25168.220251083374, "delta": 18.804430723190308}, "costs": {"total_cost": 190.32260131653518, "time_cost": 76.09, "final_distance_cost": 1.8498902120560385, "oscillation_cost": 26.05181662257722, "completition_cost": 0.0, "overshoot_cost": 50.86458768122248, "power_cost": 12.854216284179689, "noise_cost": 22.61209051649974, "n_waypoints_completed": 9, "tot_waypoints": 9}}
{"target": -194.27690343651912, "params": {"k_pid_pos": [0.9254561411444883, 0.07215114587922206, 0.320889357349338], "k_pid_alt": [1.8265010282698444, 0.0, 0.02557020174800739], "k_pid_att": [22.11978751281073, 4.821806267465693, 0.7791493125551661], "k_pid_yaw": [0.5, 1e-06, 0.1], "k_pid_hsp": [0.13939221804665758, 0.013920256791740084, 0.0], "k_pid_vsp": [196.6993355130709, 84.21675151624952, 0.1608592059282946]}, "datetime": {"datetime": "2025-08-13 16:47:39", "elapsed": 25187.341028690338, "delta": 19.12077760696411}, "costs": {"total_cost": 194.27690343651912, "time_cost": 71.22500000000001, "final_distance_cost": 1.834187891902026, "oscillation_cost": 26.183644593355716, "completition_cost": 0.0, "overshoot_cost": 51.86804611781623, "power_cost": 20.498481640625002, "noise_cost": 22.667543192820148, "n_waypoints_completed": 9, "tot_waypoints": 9}}
{"target": -185.73655878383795, "params": {"k_pid_pos": [1.1468421891765834, 0.0, 0.11027369634006227], "k_pid_alt": [1.2704639048933701, 0.0, 0.025508763231231423], "k_pid_att": [11.870899264866898, 8.198559179746704, 0.7184852182408661], "k_pid_yaw": [0.5, 1e-06, 0.1], "k_pid_hsp": [0.28273976756488034, 0.017021924634602562, 0.0], "k_pid_vsp": [250.35389026574873, 76.14900831857037, 0.11910392782238281]}, "datetime": {"datetime": "2025-08-13 16:47:56", "elapsed": 25204.43874025345, "delta": 17.09771156311035}, "costs": {"total_cost": 185.73655878383795, "time_cost": 68.943, "final_distance_cost": 1.825921554059492, "oscillation_cost": 31.49206501882191, "completition_cost": 0.0, "overshoot_cost": 49.940007067910855, "power_cost": 13.405795458984375, "noise_cost": 20.129769684061316, "n_waypoints_completed": 9, "tot_waypoints": 9}}
{"target": -190.10973314309484, "params": {"k_pid_pos": [0.7479196117870753, 0.06779464579444767, 0.0], "k_pid_alt": [1.048535475046161, 0.0, 0.014232059953933165], "k_pid_att": [13.713180328507091, 7.2414274020565985, 0.5880875976954721], "k_pid_yaw": [0.5, 1e-06, 0.1], "k_pid_hsp": [0.2484860189183864, 0.011720790398565911, 0.0], "k_pid_vsp": [319.17512755215347, 112.2847673115679, 0.24784178904385556]}, "datetime": {"datetime": "2025-08-13 16:48:14", "elapsed": 25222.6471016407, "delta": 18.208361387252808}, "costs": {"total_cost": 190.10973314309484, "time_cost": 70.94500000000001, "final_distance_cost": 1.8203283739540468, "oscillation_cost": 27.766744264466116, "completition_cost": 0.0, "overshoot_cost": 50.25085492566706, "power_cost": 17.498755139160156, "noise_cost": 21.828050439847473, "n_waypoints_completed": 9, "tot_waypoints": 9}}
{"target": -187.04234317416137, "params": {"k_pid_pos": [0.6874527267636874, 0.03945810098576979, 0.12641596245728948], "k_pid_alt": [1.812286416638939, 0.0, 0.023288820251273625], "k_pid_att": [8.477349861946685, 7.022407860521838, 0.7596738583001331], "k_pid_yaw": [0.5, 1e-06, 0.1], "k_pid_hsp": [0.34823171767993083, 0.024790231939465095, 0.0], "k_pid_vsp": [310.5892685213316, 124.13826088123294, 0.28521770432707244]}, "datetime": {"datetime": "2025-08-13 16:48:33", "elapsed": 25241.824419498444, "delta": 19.17731785774231}, "costs": {"total_cost": 187.04234317416137, "time_cost": 72.71600000000001, "final_distance_cost": 1.8412023692265727, "oscillation_cost": 28.714709274954135, "completition_cost": 0.0, "overshoot_cost": 50.256341119898174, "power_cost": 12.237902624511719, "noise_cost": 21.27618778557077, "n_waypoints_completed": 9, "tot_waypoints": 9}}
{"target": -188.10305491167358, "params": {"k_pid_pos": [0.8121990155985165, 0.06955888692341992, 0.1577163667275908], "k_pid_alt": [0.8037755715394498, 0.0, 0.024795888943757075], "k_pid_att": [21.200483902233817, 4.454123569044459, 0.4737733587675077], "k_pid_yaw": [0.5, 1e-06, 0.1], "k_pid_hsp": [0.2788200317504507, 0.020055223725601517, 0.0], "k_pid_vsp": [247.02599794215826, 112.49152073412772, 0.16391325836488724]}, "datetime": {"datetime": "2025-08-13 16:48:53", "elapsed": 25261.076261520386, "delta": 19.25184202194214}, "costs": {"total_cost": 188.10305491167358, "time_cost": 73.045, "final_distance_cost": 1.8325618496606109, "oscillation_cost": 27.08326890419448, "completition_cost": 0.0, "overshoot_cost": 50.45683488477838, "power_cost": 14.142287927246095, "noise_cost": 21.543101345794017, "n_waypoints_completed": 9, "tot_waypoints": 9}}
{"target": -187.0767585802032, "params": {"k_pid_pos": [0.7587823610638099, 0.039336004944042546, 0.23062451012268484], "k_pid_alt": [1.5828696557107043, 0.0, 0.023340120200238446], "k_pid_att": [16.84303461836268, 7.292581784768056, 0.4876732918517846], "k_pid_yaw": [0.5, 1e-06, 0.1], "k_pid_hsp": [0.16199961749106853, 0.010129615196401, 0.0], "k_pid_vsp": [267.3361577006836, 165.87531715943, 0.25740954481132855]}, "datetime": {"datetime": "2025-08-13 16:49:11", "elapsed": 25279.77762722969, "delta": 18.70136570930481}, "costs": {"total_cost": 187.0767585802032, "time_cost": 71.46300000000001, "final_distance_cost": 1.8481257441188779, "oscillation_cost": 25.87943880488212, "completition_cost": 0.0, "overshoot_cost": 50.327179135453484, "power_cost": 15.62788729248047, "noise_cost": 21.931127603268227, "n_waypoints_completed": 9, "tot_waypoints": 9}}
{"target": -200.25204391994006, "params": {"k_pid_pos": [0.6035391390117535, 0.07679677111455017, 0.08136310887133569], "k_pid_alt": [0.7298539936687408, 0.0, 0.017957876222782835], "k_pid_att": [19.494273288216252, 5.2564299250325925, 0.4873719002303683], "k_pid_yaw": [0.5, 1e-06, 0.1], "k_pid_hsp": [0.2497935457843018, 0.013773034860791239, 0.0], "k_pid_vsp": [292.07038236878583, 99.19607570735637, 0.1670318617775336]}, "datetime": {"datetime": "2025-08-13 16:49:33", "elapsed": 25301.709166765213, "delta": 21.93153953552246}, "costs": {"total_cost": 200.25204391994006, "time_cost": 77.595, "final_distance_cost": 1.8322389038372613, "oscillation_cost": 26.479216228639597, "completition_cost": 0.0, "overshoot_cost": 51.27220957118989, "power_cost": 19.098320263671877, "noise_cost": 23.97505895260144, "n_waypoints_completed": 9, "tot_waypoints": 9}}
{"target": -194.7469179593917, "params": {"k_pid_pos": [1.185579567102215, 0.08976128177805759, 0.4131996922838988], "k_pid_alt": [1.036408474504213, 0.0, 0.020006328002489592], "k_pid_att": [10.987751717944384, 5.538008040679557, 0.9016318451311057], "k_pid_yaw": [0.5, 1e-06, 0.1], "k_pid_hsp": [0.24924444064273288, 0.008549314450447763, 0.0], "k_pid_vsp": [258.1901905321058, 112.67652767049303, 0.07582487138268891]}, "datetime": {"datetime": "2025-08-13 16:49:56", "elapsed": 25324.492048978806, "delta": 22.78288221359253}, "costs": {"total_cost": 194.7469179593917, "time_cost": 71.015, "final_distance_cost": 1.8262475755816756, "oscillation_cost": 29.440093043038345, "completition_cost": 0.0, "overshoot_cost": 50.57860438490964, "power_cost": 19.62530692138672, "noise_cost": 22.261666034475336, "n_waypoints_completed": 9, "tot_waypoints": 9}}
{"target": -193.00889657661642, "params": {"k_pid_pos": [0.9703460369697496, 0.08581949825449982, 0.30737922355223635], "k_pid_alt": [1.5101910374260112, 0.0, 0.01839723079568998], "k_pid_att": [10.196324300824886, 3.849927930843202, 0.32703767460648986], "k_pid_yaw": [0.5, 1e-06, 0.1], "k_pid_hsp": [0.21838574757812076, 0.021470539932631153, 0.0], "k_pid_vsp": [273.298631411665, 140.12731124667883, 0.20258148531122833]}, "datetime": {"datetime": "2025-08-13 16:50:16", "elapsed": 25344.417165994644, "delta": 19.925117015838623}, "costs": {"total_cost": 193.00889657661642, "time_cost": 70.462, "final_distance_cost": 1.8449235188000557, "oscillation_cost": 28.280986706020744, "completition_cost": 0.0, "overshoot_cost": 50.631881811708794, "power_cost": 19.37876492919922, "noise_cost": 22.410339610887572, "n_waypoints_completed": 9, "tot_waypoints": 9}}
{"target": -192.4032622706807, "params": {"k_pid_pos": [1.1286289841149288, 0.03942413228321796, 0.14863427068612844], "k_pid_alt": [0.8675270232454343, 0.0, 0.025594359053906095], "k_pid_att": [8.05463419024715, 6.446493207234911, 1.0], "k_pid_yaw": [0.5, 1e-06, 0.1], "k_pid_hsp": [0.14688667331823307, 0.016731788777776323, 0.0], "k_pid_vsp": [400.0, 86.19130638605195, 0.23883704264157343]}, "datetime": {"datetime": "2025-08-13 16:50:35", "elapsed": 25363.018511533737, "delta": 18.601345539093018}, "costs": {"total_cost": 192.4032622706807, "time_cost": 71.113, "final_distance_cost": 1.8101413191101876, "oscillation_cost": 31.566754434541853, "completition_cost": 0.0, "overshoot_cost": 50.461639802735434, "power_cost": 16.241042822265626, "noise_cost": 21.210683892027625, "n_waypoints_completed": 9, "tot_waypoints": 9}}
{"target": -187.92494353978523, "params": {"k_pid_pos": [1.1317735699370235, 0.005954592400367199, 0.22354698488333768], "k_pid_alt": [1.2663146788489137, 0.0, 0.01957588467192849], "k_pid_att": [13.446133621000905, 3.4680810683282957, 0.5947382158830803], "k_pid_yaw": [0.5, 1e-06, 0.1], "k_pid_hsp": [0.2256323223316065, 0.024063592897325774, 0.0], "k_pid_vsp": [27.21503566627648, 102.44653794329118, 0.13795059484103347]}, "datetime": {"datetime": "2025-08-13 16:50:52", "elapsed": 25380.666473388672, "delta": 17.647961854934692}, "costs": {"total_cost": 187.92494353978523, "time_cost": 68.978, "final_distance_cost": 1.8439969925949395, "oscillation_cost": 30.857684912217596, "completition_cost": 0.0, "overshoot_cost": 50.06555477509223, "power_cost": 15.463650512695313, "noise_cost": 20.716056347185148, "n_waypoints_completed": 9, "tot_waypoints": 9}}
{"target": -197.93347728841252, "params": {"k_pid_pos": [1.2058912131472554, 0.08376522705369953, 0.39633964937821275], "k_pid_alt": [1.439236995929701, 0.0, 0.018769882446265165], "k_pid_att": [7.8913691582973655, 7.335836365343976, 0.3656186614689352], "k_pid_yaw": [0.5, 1e-06, 0.1], "k_pid_hsp": [0.29103585299924567, 0.02587290932467702, 0.0], "k_pid_vsp": [333.207675147639, 177.01707248260573, 0.14107991507014184]}, "datetime": {"datetime": "2025-08-13 16:51:11", "elapsed": 25399.172199487686, "delta": 18.505726099014282}, "costs": {"total_cost": 197.93347728841252, "time_cost": 70.14, "final_distance_cost": 1.8267475323331084, "oscillation_cost": 33.16358982982402, "completition_cost": 0.0, "overshoot_cost": 50.417416953396305, "power_cost": 20.318281188964846, "noise_cost": 22.06744178389426, "n_waypoints_completed": 9, "tot_waypoints": 9}}
{"target": -187.21474068130524, "params": {"k_pid_pos": [0.8326512382142691, 0.09706869115668144, 0.20927759421125172], "k_pid_alt": [2.0, 0.0, 0.020506621559375212], "k_pid_att": [13.817295286382807, 5.657585930020802, 0.3305400132780965], "k_pid_yaw": [0.5, 1e-06, 0.1], "k_pid_hsp": [0.2372658933585734, 0.023547572825444243, 0.0], "k_pid_vsp": [230.33701790179484, 152.05454506092363, 0.1754739937180799]}, "datetime": {"datetime": "2025-08-13 16:51:29", "elapsed": 25417.104828357697, "delta": 17.932628870010376}, "costs": {"total_cost": 187.21474068130524, "time_cost": 70.679, "final_distance_cost": 1.8248547661473233, "oscillation_cost": 26.45125692266816, "completition_cost": 0.0, "overshoot_cost": 50.860770881699885, "power_cost": 15.741635217285157, "noise_cost": 21.65722289350469, "n_waypoints_completed": 9, "tot_waypoints": 9}}
{"target": -181.29752703230645, "params": {"k_pid_pos": [0.9486571804117254, 0.05914834492681587, 0.13265859933957946], "k_pid_alt": [1.0240078113958664, 0.0, 0.019624463581431013], "k_pid_att": [8.43809478595039, 8.102423957417878, 0.5172428372829895], "k_pid_yaw": [0.5, 1e-06, 0.1], "k_pid_hsp": [0.18435743884059227, 0.01562984835677138, 0.0], "k_pid_vsp": [152.63992536679277, 103.4797117587788, 0.20089311791091566]}, "datetime": {"datetime": "2025-08-13 16:51:46", "elapsed": 25434.39931344986, "delta": 17.294485092163086}, "costs": {"total_cost": 181.29752703230645, "time_cost": 69.57300000000001, "final_distance_cost": 1.8212112272226388, "oscillation_cost": 29.614798869534564, "completition_cost": 0.0, "overshoot_cost": 49.82644574266315, "power_cost": 10.963935119628907, "noise_cost": 19.498136073257204, "n_waypoints_completed": 9, "tot_waypoints": 9}}
{"target": -201.084611895282, "params": {"k_pid_pos": [0.3886835571587646, 0.04798490894595855, 0.18932554278404387], "k_pid_alt": [1.548136607443739, 0.0, 0.029095421129550963], "k_pid_att": [7.253294071572362, 7.263220954454707, 0.39860413215007595], "k_pid_yaw": [0.5, 1e-06, 0.1], "k_pid_hsp": [0.30001458112495366, 0.011309478614447555, 0.0], "k_pid_vsp": [380.87747466156407, 117.49552556133601, 0.154383818834152]}, "datetime": {"datetime": "2025-08-13 16:52:08", "elapsed": 25456.58123087883, "delta": 22.181917428970337}, "costs": {"total_cost": 201.084611895282, "time_cost": 85.428, "final_distance_cost": 1.8529686572005095, "oscillation_cost": 22.939942024802896, "completition_cost": 0.0, "overshoot_cost": 52.266177123306115, "power_cost": 12.672629150390625, "noise_cost": 25.92489493958187, "n_waypoints_completed": 9, "tot_waypoints": 9}}
{"target": -195.95409478969657, "params": {"k_pid_pos": [1.2286836999845314, 0.040151439862519483, 0.33121539364674923], "k_pid_alt": [0.7387725585240927, 0.0, 0.030535276010235143], "k_pid_att": [13.79874070786979, 3.1261621898190772, 0.8257036828087964], "k_pid_yaw": [0.5, 1e-06, 0.1], "k_pid_hsp": [0.26844424684013596, 0.01777868064868944, 0.0], "k_pid_vsp": [302.3255003376036, 84.03129693390036, 0.20834098359030276]}, "datetime": {"datetime": "2025-08-13 16:52:27", "elapsed": 25475.404369831085, "delta": 18.82313895225525}, "costs": {"total_cost": 195.95409478969657, "time_cost": 72.058, "final_distance_cost": 1.8453410114099404, "oscillation_cost": 29.799594455765845, "completition_cost": 0.0, "overshoot_cost": 50.25741255207083, "power_cost": 19.715497277832032, "noise_cost": 22.278249492617917, "n_waypoints_completed": 9, "tot_waypoints": 9}}
{"target": -186.50405836814718, "params": {"k_pid_pos": [0.9920773952808052, 0.07381911236697734, 0.17944607260198456], "k_pid_alt": [1.0116553514624185, 0.0, 0.01901391127650193], "k_pid_att": [12.729260401359719, 5.020538789576086, 0.6428863953311815], "k_pid_yaw": [0.5, 1e-06, 0.1], "k_pid_hsp": [0.21546106882218974, 0.012651228183672153, 0.0], "k_pid_vsp": [223.23699746500745, 163.1013291137265, 0.14562901726475574]}, "datetime": {"datetime": "2025-08-13 16:52:47", "elapsed": 25495.331802368164, "delta": 19.927432537078857}, "costs": {"total_cost": 186.50405836814718, "time_cost": 70.18900000000001, "final_distance_cost": 1.832795253648165, "oscillation_cost": 28.525789093765628, "completition_cost": 0.0, "overshoot_cost": 50.125915061149975, "power_cost": 14.8918775390625, "noise_cost": 20.938681420520922, "n_waypoints_completed": 9, "tot_waypoints": 9}}
{"target": -187.6821694832797, "params": {"k_pid_pos": [1.1547249004496047, 0.03526396135432487, 0.2669894434576859], "k_pid_alt": [1.3356017560141094, 0.0, 0.02410098076296165], "k_pid_att": [27.463149905305475, 4.651827252217053, 0.46326700165526047], "k_pid_yaw": [0.5, 1e-06, 0.1], "k_pid_hsp": [0.20577604408680927, 0.018980900359743754, 0.0], "k_pid_vsp": [207.51887819739258, 131.86210168849132, 0.2060943862711662]}, "datetime": {"datetime": "2025-08-13 16:53:05", "elapsed": 25513.63968348503, "delta": 18.307881116867065}, "costs": {"total_cost": 187.6821694832797, "time_cost": 69.615, "final_distance_cost": 1.8223836519247036, "oscillation_cost": 28.624826284604055, "completition_cost": 0.0, "overshoot_cost": 50.183310530992344, "power_cost": 16.30773367919922, "noise_cost": 21.128915336559366, "n_waypoints_completed": 9, "tot_waypoints": 9}}
{"target": -192.08581607738864, "params": {"k_pid_pos": [0.9968615670367192, 0.06260355267700524, 0.2773289714136085], "k_pid_alt": [0.6961660939360428, 0.0, 0.008960513301139856], "k_pid_att": [18.019565622661524, 5.517973432209373, 0.5219763836085026], "k_pid_yaw": [0.5, 1e-06, 0.1], "k_pid_hsp": [0.22550821231453355, 0.01559095297661775, 0.0], "k_pid_vsp": [314.2405027676194, 159.03003873407965, 0.1621629865339224]}, "datetime": {"datetime": "2025-08-13 16:53:24", "elapsed": 25532.506323337555, "delta": 18.866639852523804}, "costs": {"total_cost": 192.08581607738864, "time_cost": 72.947, "final_distance_cost": 1.844092366043267, "oscillation_cost": 28.11494519885962, "completition_cost": 0.0, "overshoot_cost": 50.2259134469166, "power_cost": 17.05625299072266, "noise_cost": 21.897612074846492, "n_waypoints_completed": 9, "tot_waypoints": 9}}
