{"target": -182.2292221384472, "params": {"k_pid_pos": [0.9145963307550505, 0.047440363232582335, 0.2888173707187928], "k_pid_alt": [1.5375838825581496, 0.0, 0.030737063617169436], "k_pid_att": [12.72191004074169, 4.130514126623081, 0.6457240516756014], "k_pid_yaw": [0.5, 1e-06, 0.1], "k_pid_hsp": [0.20557989429309334, 0.015726492262165673, 0.0], "k_pid_vsp": [287.234700160126, 135.3047043653912, 0.19138838702148245]}, "datetime": {"datetime": "2025-08-13 19:57:31", "elapsed": 36579.80684018135, "delta": 16.5518057346344}, "costs": {"total_cost": 182.2292221384472, "time_cost": 70.32900000000001, "final_distance_cost": 1.8438823100822987, "oscillation_cost": 26.38856342620013, "completition_cost": 0.0, "overshoot_cost": 50.425928204284496, "power_cost": 12.629115173339844, "noise_cost": 20.612733024540447, "n_waypoints_completed": 9, "tot_waypoints": 9}}
{"target": -194.4282971757113, "params": {"k_pid_pos": [0.8860646431225773, 0.038142373476724965, 0.3453609982160915], "k_pid_alt": [1.7702609178375877, 0.0, 0.017785315149876676], "k_pid_att": [6.9318482369042345, 3.05232562807605, 0.7879569715051106], "k_pid_yaw": [0.5, 1e-06, 0.1], "k_pid_hsp": [0.12453158274540133, 0.008636583228444057, 0.0], "k_pid_vsp": [239.15382826951168, 139.5385929149552, 0.1760587786808887]}, "datetime": {"datetime": "2025-08-13 19:57:49", "elapsed": 36597.27851176262, "delta": 17.47167158126831}, "costs": {"total_cost": 194.4282971757113, "time_cost": 71.519, "final_distance_cost": 1.846281937196187, "oscillation_cost": 26.96710015800227, "completition_cost": 0.0, "overshoot_cost": 51.242382860732754, "power_cost": 20.044971508789065, "noise_cost": 22.808560710991003, "n_waypoints_completed": 9, "tot_waypoints": 9}}
{"target": -196.9831760631493, "params": {"k_pid_pos": [0.661846131474872, 0.02745960905270912, 0.30189952930959185], "k_pid_alt": [1.1428874292471145, 0.0, 0.028575390532081305], "k_pid_att": [6.424960743162875, 3.38731591680027, 0.728787814552689], "k_pid_yaw": [0.5, 1e-06, 0.1], "k_pid_hsp": [0.25004697176833407, 0.015425429407677447, 0.0], "k_pid_vsp": [282.44726538454546, 128.966538764709, 0.14227496008877905]}, "datetime": {"datetime": "2025-08-13 19:58:07", "elapsed": 36615.5257127285, "delta": 18.247200965881348}, "costs": {"total_cost": 196.9831760631493, "time_cost": 77.32900000000001, "final_distance_cost": 1.8516784066838927, "oscillation_cost": 26.677086163026654, "completition_cost": 0.0, "overshoot_cost": 50.597335017510886, "power_cost": 16.615102587890625, "noise_cost": 23.912973888037232, "n_waypoints_completed": 9, "tot_waypoints": 9}}
{"target": -189.81998129750764, "params": {"k_pid_pos": [0.7769944882283375, 0.031522986230704216, 0.29879270253182005], "k_pid_alt": [1.3315559601833131, 0.0, 0.02649073934199246], "k_pid_att": [8.196019032318622, 5.507133344179771, 0.3286665147238353], "k_pid_yaw": [0.5, 1e-06, 0.1], "k_pid_hsp": [0.1906911683733308, 0.01839599273785363, 0.0], "k_pid_vsp": [341.0066269962636, 132.7141482312548, 0.19647901452701808]}, "datetime": {"datetime": "2025-08-13 19:58:25", "elapsed": 36633.49521923065, "delta": 17.96950650215149}, "costs": {"total_cost": 189.81998129750764, "time_cost": 73.024, "final_distance_cost": 1.8447081403612653, "oscillation_cost": 27.5781025845605, "completition_cost": 0.0, "overshoot_cost": 50.4348948078895, "power_cost": 14.716796948242187, "noise_cost": 22.221478816454205, "n_waypoints_completed": 9, "tot_waypoints": 9}}
{"target": -186.45918602488686, "params": {"k_pid_pos": [1.1063946973706706, 0.04642532544645172, 0.2717607310241256], "k_pid_alt": [1.4257103453889448, 0.0, 0.01905746717585451], "k_pid_att": [8.297918136060852, 4.037310761578019, 0.7800857598716927], "k_pid_yaw": [0.5, 1e-06, 0.1], "k_pid_hsp": [0.20690444198373417, 0.010895615909360052, 0.0], "k_pid_vsp": [212.50393335094756, 112.71401888576986, 0.16719221831508513]}, "datetime": {"datetime": "2025-08-13 19:58:42", "elapsed": 36650.22875499725, "delta": 16.733535766601562}, "costs": {"total_cost": 186.45918602488686, "time_cost": 69.006, "final_distance_cost": 1.8329085457977423, "oscillation_cost": 29.441824630942957, "completition_cost": 0.0, "overshoot_cost": 49.96730658429438, "power_cost": 15.300282495117187, "noise_cost": 20.91086376873461, "n_waypoints_completed": 9, "tot_waypoints": 9}}
{"target": -187.4715348065505, "params": {"k_pid_pos": [0.8742994617040009, 0.049970186029032, 0.271997359528981], "k_pid_alt": [1.447724999143925, 0.0, 0.023500895313156297], "k_pid_att": [7.108639208183554, 3.94788557572689, 0.6541089582993354], "k_pid_yaw": [0.5, 1e-06, 0.1], "k_pid_hsp": [0.16971881030487523, 0.014766239221176978, 0.0], "k_pid_vsp": [280.22303998565667, 121.38780818429281, 0.16477017949600814]}, "datetime": {"datetime": "2025-08-13 19:58:59", "elapsed": 36667.25434088707, "delta": 17.025585889816284}, "costs": {"total_cost": 187.4715348065505, "time_cost": 70.42, "final_distance_cost": 1.8327485383548145, "oscillation_cost": 26.938625231748286, "completition_cost": 0.0, "overshoot_cost": 50.49812213373436, "power_cost": 16.131809106445314, "noise_cost": 21.650229796267723, "n_waypoints_completed": 9, "tot_waypoints": 9}}
{"target": -191.8317924182379, "params": {"k_pid_pos": [0.7627347029361763, 0.05578261205196025, 0.3309283137783204], "k_pid_alt": [1.5153129153937164, 0.0, 0.025140373151119496], "k_pid_att": [7.123808310327864, 5.029113526979153, 0.6066082727518615], "k_pid_yaw": [0.5, 1e-06, 0.1], "k_pid_hsp": [0.20369932642959407, 0.01590590709229742, 0.0], "k_pid_vsp": [309.9297294881834, 149.1728754189801, 0.18192621396693107]}, "datetime": {"datetime": "2025-08-13 19:59:17", "elapsed": 36685.20687294006, "delta": 17.952532052993774}, "costs": {"total_cost": 191.8317924182379, "time_cost": 73.304, "final_distance_cost": 1.8406141134680951, "oscillation_cost": 27.518491604189386, "completition_cost": 0.0, "overshoot_cost": 50.72570292242345, "power_cost": 15.87483944091797, "noise_cost": 22.56814433723899, "n_waypoints_completed": 9, "tot_waypoints": 9}}
{"target": -192.61724648526473, "params": {"k_pid_pos": [0.5952882730365854, 0.0605828340681275, 0.26517721076450856], "k_pid_alt": [1.2859391799306479, 0.0, 0.012350496202498236], "k_pid_att": [10.421128200880906, 4.135690627798833, 0.7108868865587321], "k_pid_yaw": [0.5, 1e-06, 0.1], "k_pid_hsp": [0.26981185742104336, 0.015641877291332377, 0.0], "k_pid_vsp": [289.1656725426803, 147.6493485087734, 0.15907737889521684]}, "datetime": {"datetime": "2025-08-13 19:59:35", "elapsed": 36703.9457423687, "delta": 18.738869428634644}, "costs": {"total_cost": 192.61724648526473, "time_cost": 77.399, "final_distance_cost": 1.8497110767466658, "oscillation_cost": 25.724372178553374, "completition_cost": 0.0, "overshoot_cost": 51.14956315762833, "power_cost": 13.287021252441408, "noise_cost": 23.207578819894927, "n_waypoints_completed": 9, "tot_waypoints": 9}}
{"target": -205.14786052944288, "params": {"k_pid_pos": [0.593342950442044, 0.048948854677151106, 0.2695756305007816], "k_pid_alt": [1.6625137457693213, 0.0, 0.021340251752055544], "k_pid_att": [6.147546013834284, 3.494268954908128, 0.7619281443697682], "k_pid_yaw": [0.5, 1e-06, 0.1], "k_pid_hsp": [0.22463376393439702, 0.020603830269093727, 0.0], "k_pid_vsp": [172.19560203589046, 118.04614101441109, 0.11922037963861419]}, "datetime": {"datetime": "2025-08-13 19:59:55", "elapsed": 36723.465307712555, "delta": 19.51956534385681}, "costs": {"total_cost": 205.14786052944288, "time_cost": 77.315, "final_distance_cost": 1.853631055183869, "oscillation_cost": 27.283891597466692, "completition_cost": 0.0, "overshoot_cost": 51.54388433860873, "power_cost": 21.65491993408203, "noise_cost": 25.496533604101543, "n_waypoints_completed": 9, "tot_waypoints": 9}}
{"target": -180.03954336372254, "params": {"k_pid_pos": [1.206663899110466, 0.060805567765485354, 0.4472665922957108], "k_pid_alt": [1.4631395762348294, 0.0, 0.025816446400021287], "k_pid_att": [9.279449127785147, 4.6886954968802135, 0.8133559214386635], "k_pid_yaw": [0.5, 1e-06, 0.1], "k_pid_hsp": [0.2340441469621695, 0.009946384986806424, 0.0], "k_pid_vsp": [328.65397981171276, 103.2160868837529, 0.17618258275068632]}, "datetime": {"datetime": "2025-08-13 20:00:12", "elapsed": 36739.99367117882, "delta": 16.528363466262817}, "costs": {"total_cost": 180.03954336372254, "time_cost": 69.272, "final_distance_cost": 1.833311327799662, "oscillation_cost": 29.387432363078666, "completition_cost": 0.0, "overshoot_cost": 50.16616012507429, "power_cost": 9.943941052246094, "noise_cost": 19.43669849552381, "n_waypoints_completed": 9, "tot_waypoints": 9}}
{"target": -199.47951233059115, "params": {"k_pid_pos": [0.5280329192296684, 0.028043704456801464, 0.29325164988931635], "k_pid_alt": [1.7398468204801485, 0.0, 0.03011779268305279], "k_pid_att": [9.18635580986604, 4.741176147954948, 0.6055505116658845], "k_pid_yaw": [0.5, 1e-06, 0.1], "k_pid_hsp": [0.18262869869105983, 0.018562132062713076, 0.0], "k_pid_vsp": [338.0812027743419, 122.49528061752329, 0.19493744953199466]}, "datetime": {"datetime": "2025-08-13 20:00:31", "elapsed": 36759.553238630295, "delta": 19.55956745147705}, "costs": {"total_cost": 199.47951233059115, "time_cost": 80.528, "final_distance_cost": 1.8579553227999988, "oscillation_cost": 24.445961680641343, "completition_cost": 0.0, "overshoot_cost": 51.74359463823926, "power_cost": 15.41652646484375, "noise_cost": 25.4874742240668, "n_waypoints_completed": 9, "tot_waypoints": 9}}
{"target": -184.02399364887688, "params": {"k_pid_pos": [1.0216883108301122, 0.01669934454026054, 0.33599751714257003], "k_pid_alt": [1.1777299603509441, 0.0, 0.026702577814629716], "k_pid_att": [11.52926131913207, 3.8343730092431016, 0.4590718754036805], "k_pid_yaw": [0.5, 1e-06, 0.1], "k_pid_hsp": [0.24083157230168376, 0.008438424205561979, 0.0], "k_pid_vsp": [254.23415202271198, 121.1278668106094, 0.1788531117657646]}, "datetime": {"datetime": "2025-08-13 20:00:48", "elapsed": 36776.53824591637, "delta": 16.985007286071777}, "costs": {"total_cost": 184.02399364887688, "time_cost": 70.46900000000001, "final_distance_cost": 1.8396301192282396, "oscillation_cost": 27.85759545688174, "completition_cost": 0.0, "overshoot_cost": 50.16339728258142, "power_cost": 12.926609509277345, "noise_cost": 20.767761280908122, "n_waypoints_completed": 9, "tot_waypoints": 9}}
{"target": -190.7565818201466, "params": {"k_pid_pos": [0.6976325273293192, 0.07069415669384142, 0.4142074163253482], "k_pid_alt": [1.5946426968418317, 0.0, 0.019749783187134735], "k_pid_att": [9.538303085587295, 4.313078416540741, 0.6619346870926575], "k_pid_yaw": [0.5, 1e-06, 0.1], "k_pid_hsp": [0.19223741185562201, 0.01630802860975673, 0.0], "k_pid_vsp": [254.5584575172419, 146.22269963591063, 0.14641788889886245]}, "datetime": {"datetime": "2025-08-13 20:01:07", "elapsed": 36795.08566236496, "delta": 18.54741644859314}, "costs": {"total_cost": 190.7565818201466, "time_cost": 75.334, "final_distance_cost": 1.852867733450651, "oscillation_cost": 25.83001816115155, "completition_cost": 0.0, "overshoot_cost": 51.18645837760179, "power_cost": 13.743919921875001, "noise_cost": 22.8093176260676, "n_waypoints_completed": 9, "tot_waypoints": 9}}
{"target": -186.06410084613634, "params": {"k_pid_pos": [1.1837118032370524, 0.04722605189182424, 0.2806460214138585], "k_pid_alt": [1.213809867250699, 0.0, 0.025568165501014258], "k_pid_att": [5.393177754377994, 3.6069552945250867, 0.7801594017094718], "k_pid_yaw": [0.5, 1e-06, 0.1], "k_pid_hsp": [0.26989721334874867, 0.01657305701465431, 0.0], "k_pid_vsp": [236.91667569966526, 118.58783734748552, 0.14016076039897737]}, "datetime": {"datetime": "2025-08-13 20:01:24", "elapsed": 36812.23330903053, "delta": 17.14764666557312}, "costs": {"total_cost": 186.06410084613634, "time_cost": 68.978, "final_distance_cost": 1.8435172291362238, "oscillation_cost": 31.93747093416106, "completition_cost": 0.0, "overshoot_cost": 49.894261674170046, "power_cost": 13.191158154296875, "noise_cost": 20.219692854372152, "n_waypoints_completed": 9, "tot_waypoints": 9}}
{"target": -187.58146355776518, "params": {"k_pid_pos": [0.9016325062826365, 0.07433549145742857, 0.3033575758314737], "k_pid_alt": [1.374044066142322, 0.0, 0.026434864299792693], "k_pid_att": [9.508098071892617, 4.294676921497333, 0.44309322810350205], "k_pid_yaw": [0.5, 1e-06, 0.1], "k_pid_hsp": [0.26199451786577516, 0.012941041199067943, 0.0], "k_pid_vsp": [289.8713961812208, 110.8239913929545, 0.19040694996640947]}, "datetime": {"datetime": "2025-08-13 20:01:40", "elapsed": 36828.935247421265, "delta": 16.70193839073181}, "costs": {"total_cost": 187.58146355776518, "time_cost": 70.973, "final_distance_cost": 1.8306814254839145, "oscillation_cost": 27.51630380227267, "completition_cost": 0.0, "overshoot_cost": 50.63972065231794, "power_cost": 14.99901365966797, "noise_cost": 21.62274401802267, "n_waypoints_completed": 9, "tot_waypoints": 9}}
{"target": -201.756676301181, "params": {"k_pid_pos": [0.8806995187536376, 0.05061467502454039, 0.3538260582362615], "k_pid_alt": [1.1894535441664458, 0.0, 0.03351142611077978], "k_pid_att": [9.911104986419593, 3.255069986557556, 0.6394212250235679], "k_pid_yaw": [0.5, 1e-06, 0.1], "k_pid_hsp": [0.22958912037637524, 0.017188714032106228, 0.0], "k_pid_vsp": [211.92871157472328, 120.4161293293156, 0.13354409926071073]}, "datetime": {"datetime": "2025-08-13 20:01:58", "elapsed": 36846.87104558945, "delta": 17.935798168182373}, "costs": {"total_cost": 201.756676301181, "time_cost": 73.297, "final_distance_cost": 1.8396392935192731, "oscillation_cost": 27.759909959625844, "completition_cost": 0.0, "overshoot_cost": 51.588680289712215, "power_cost": 23.542923974609376, "noise_cost": 23.728522783714293, "n_waypoints_completed": 9, "tot_waypoints": 9}}
{"target": -184.81520221236792, "params": {"k_pid_pos": [1.046991304268176, 0.039821412470731475, 0.3323750357073861], "k_pid_alt": [1.3714695183381835, 0.0, 0.027221271745329498], "k_pid_att": [8.27305133271196, 3.0839461048836676, 0.526321554483057], "k_pid_yaw": [0.5, 1e-06, 0.1], "k_pid_hsp": [0.197035813001139, 0.010233608947211427, 0.0], "k_pid_vsp": [269.0689756710692, 95.25299552542526, 0.16207570561086218]}, "datetime": {"datetime": "2025-08-13 20:02:15", "elapsed": 36863.18819689751, "delta": 16.317151308059692}, "costs": {"total_cost": 184.81520221236792, "time_cost": 69.755, "final_distance_cost": 1.829190736103376, "oscillation_cost": 27.990473070775526, "completition_cost": 0.0, "overshoot_cost": 50.266190728003565, "power_cost": 14.080826745605469, "noise_cost": 20.893520931880015, "n_waypoints_completed": 9, "tot_waypoints": 9}}
{"target": -194.6697337254556, "params": {"k_pid_pos": [0.8518195865193277, 0.0452364355913911, 0.26883667011816276], "k_pid_alt": [1.3771789104292698, 0.0, 0.031351584326480504], "k_pid_att": [7.00360647769, 4.399936859064812, 0.6172665705203375], "k_pid_yaw": [0.5, 1e-06, 0.1], "k_pid_hsp": [0.28476228875706705, 0.013437920219377465, 0.0], "k_pid_vsp": [283.631224059506, 100.0221532722561, 0.1027869676500045]}, "datetime": {"datetime": "2025-08-13 20:02:32", "elapsed": 36880.679882764816, "delta": 17.49168586730957}, "costs": {"total_cost": 194.6697337254556, "time_cost": 72.086, "final_distance_cost": 1.843325906852712, "oscillation_cost": 28.633754683948045, "completition_cost": 0.0, "overshoot_cost": 51.01714664335752, "power_cost": 18.429310229492188, "noise_cost": 22.66019626180514, "n_waypoints_completed": 9, "tot_waypoints": 9}}
{"target": -189.0779320386146, "params": {"k_pid_pos": [0.9433791884645637, 0.05773137219105016, 0.34756190713867413], "k_pid_alt": [1.370676678272104, 0.0, 0.03035642219001831], "k_pid_att": [7.934247939917685, 4.8726236732653385, 0.5238383228817848], "k_pid_yaw": [0.5, 1e-06, 0.1], "k_pid_hsp": [0.18630915536678214, 0.011216008076715508, 0.0], "k_pid_vsp": [330.918391292202, 137.1530896120714, 0.17250849175362207]}, "datetime": {"datetime": "2025-08-13 20:02:49", "elapsed": 36897.19911837578, "delta": 16.519235610961914}, "costs": {"total_cost": 189.0779320386146, "time_cost": 70.532, "final_distance_cost": 1.8436330964068326, "oscillation_cost": 27.709174651970454, "completition_cost": 0.0, "overshoot_cost": 50.73502813341139, "power_cost": 16.411840759277343, "noise_cost": 21.84625539754859, "n_waypoints_completed": 9, "tot_waypoints": 9}}
{"target": -189.55794169665208, "params": {"k_pid_pos": [0.7896195098139538, 0.06176264399802631, 0.26030223752479653], "k_pid_alt": [1.397728615736776, 0.0, 0.031008733630191323], "k_pid_att": [9.759880182026942, 4.813658671776138, 0.6241513472572464], "k_pid_yaw": [0.5, 1e-06, 0.1], "k_pid_hsp": [0.2165549420817522, 0.009233766885400313, 0.0], "k_pid_vsp": [202.74262480420757, 100.93158030176464, 0.13501650792313277]}, "datetime": {"datetime": "2025-08-13 20:03:06", "elapsed": 36914.50072813034, "delta": 17.301609754562378}, "costs": {"total_cost": 189.55794169665208, "time_cost": 72.184, "final_distance_cost": 1.8405421038000487, "oscillation_cost": 27.208168227265357, "completition_cost": 0.0, "overshoot_cost": 50.77424443956676, "power_cost": 15.484691967773438, "noise_cost": 22.06629495824648, "n_waypoints_completed": 9, "tot_waypoints": 9}}
{"target": -195.9786352756946, "params": {"k_pid_pos": [0.5431760797221024, 0.05517551840155133, 0.401358876524005], "k_pid_alt": [1.5935385525926176, 0.0, 0.03040581194489365], "k_pid_att": [8.835845591748608, 3.702962593557377, 0.41277152294433633], "k_pid_yaw": [0.5, 1e-06, 0.1], "k_pid_hsp": [0.1530995686635128, 0.019466380113211296, 0.0], "k_pid_vsp": [273.2291657120575, 142.09852392548277, 0.1424486220060265]}, "datetime": {"datetime": "2025-08-13 20:03:25", "elapsed": 36933.93778514862, "delta": 19.43705701828003}, "costs": {"total_cost": 195.9786352756946, "time_cost": 80.115, "final_distance_cost": 1.854702508163738, "oscillation_cost": 23.60399494252588, "completition_cost": 0.0, "overshoot_cost": 51.53690561651352, "power_cost": 14.208324926757813, "noise_cost": 24.659707281733596, "n_waypoints_completed": 9, "tot_waypoints": 9}}
{"target": -188.24071249363794, "params": {"k_pid_pos": [0.8426190031841679, 0.053750246979433765, 0.3197584736800927], "k_pid_alt": [1.7107810753594377, 0.0, 0.02456102342465301], "k_pid_att": [12.189106662122592, 4.296938394736088, 0.6108076565703467], "k_pid_yaw": [0.5, 1e-06, 0.1], "k_pid_hsp": [0.1464497059329913, 0.023565752514120738, 0.0], "k_pid_vsp": [246.57712330749632, 127.7799775771482, 0.18411464644508224]}, "datetime": {"datetime": "2025-08-13 20:03:43", "elapsed": 36951.58372926712, "delta": 17.645944118499756}, "costs": {"total_cost": 188.24071249363794, "time_cost": 70.84700000000001, "final_distance_cost": 1.8457944228562704, "oscillation_cost": 26.810254426038917, "completition_cost": 0.0, "overshoot_cost": 49.96952227406946, "power_cost": 16.757291943359377, "noise_cost": 22.01084942731389, "n_waypoints_completed": 9, "tot_waypoints": 9}}
{"target": -184.03651524442867, "params": {"k_pid_pos": [1.1874130476282094, 0.033727933124782054, 0.29395865671179394], "k_pid_alt": [1.2130236144553326, 0.0, 0.02534143029416326], "k_pid_att": [11.605180991431988, 3.644109458212411, 0.6633862769314601], "k_pid_yaw": [0.5, 1e-06, 0.1], "k_pid_hsp": [0.2602104335477477, 0.008993832321694909, 0.0], "k_pid_vsp": [301.4726621923051, 90.36432108604004, 0.12871661860331518]}, "datetime": {"datetime": "2025-08-13 20:04:01", "elapsed": 36969.46384930611, "delta": 17.880120038986206}, "costs": {"total_cost": 184.03651524442867, "time_cost": 69.398, "final_distance_cost": 1.8286836513884257, "oscillation_cost": 29.667419954350198, "completition_cost": 0.0, "overshoot_cost": 50.31153698687188, "power_cost": 12.584955993652345, "noise_cost": 20.24591865816581, "n_waypoints_completed": 9, "tot_waypoints": 9}}
{"target": -182.2223467803968, "params": {"k_pid_pos": [1.0308116745226152, 0.04559501558931355, 0.3048297029163429], "k_pid_alt": [1.0911292840093132, 0.0, 0.02465058734820506], "k_pid_att": [9.35435997298361, 4.689753174689691, 0.8176501155930224], "k_pid_yaw": [0.5, 1e-06, 0.1], "k_pid_hsp": [0.2004276386339717, 0.008384334774257948, 0.0], "k_pid_vsp": [292.95665005423166, 148.41509164002645, 0.23240690151921295]}, "datetime": {"datetime": "2025-08-13 20:04:18", "elapsed": 36986.89799284935, "delta": 17.434143543243408}, "costs": {"total_cost": 182.2223467803968, "time_cost": 70.196, "final_distance_cost": 1.832090191446166, "oscillation_cost": 28.447905580865413, "completition_cost": 0.0, "overshoot_cost": 50.140261394268165, "power_cost": 11.582878320312501, "noise_cost": 20.023211293504584, "n_waypoints_completed": 9, "tot_waypoints": 9}}
{"target": -187.3271140785776, "params": {"k_pid_pos": [0.9060263246198463, 0.0585909714764293, 0.18226494195177356], "k_pid_alt": [0.911721927242923, 0.0, 0.029845873313692844], "k_pid_att": [7.082000581427846, 3.784312121151737, 0.4973542932053709], "k_pid_yaw": [0.5, 1e-06, 0.1], "k_pid_hsp": [0.18459203732515286, 0.01599989438891471, 0.0], "k_pid_vsp": [400.0, 136.71644714448644, 0.18297928610380498]}, "datetime": {"datetime": "2025-08-13 20:04:36", "elapsed": 37004.129791498184, "delta": 17.23179864883423}, "costs": {"total_cost": 187.3271140785776, "time_cost": 70.952, "final_distance_cost": 1.824698706140845, "oscillation_cost": 28.445731816576533, "completition_cost": 0.0, "overshoot_cost": 50.60864231360488, "power_cost": 14.570898535156251, "noise_cost": 20.925142707099077, "n_waypoints_completed": 9, "tot_waypoints": 9}}
