{"target": -198.7323638135237, "params": {"k_pid_pos": [0.7939670033569867, 0.09441716448887472, 0.44905365645000345], "k_pid_alt": [2.0, 0.0, 0.03220766581339777], "k_pid_att": [38.811026384142316, 5.339385840114396, 0.6012131059670006], "k_pid_yaw": [0.5, 1e-06, 0.1], "k_pid_hsp": [0.6696519870168989, 0.03911278175851264, 0.0], "k_pid_vsp": [352.02666780841037, 400.0, 0.1425935503695806]}, "datetime": {"datetime": "2025-08-13 14:15:11", "elapsed": 16039.61006116867, "delta": 19.044657468795776}, "costs": {"total_cost": 198.7323638135237, "time_cost": 75.60000000000001, "final_distance_cost": 1.8450776919237284, "oscillation_cost": 28.499471229843987, "completition_cost": 0.0, "overshoot_cost": 51.125894259040955, "power_cost": 17.61522921142578, "noise_cost": 24.046691421289246, "n_waypoints_completed": 9, "tot_waypoints": 9}}
{"target": -191.40263446673376, "params": {"k_pid_pos": [1.5765089704811226, 0.02920109275702772, 0.19585453496929228], "k_pid_alt": [1.8040489711854164, 0.0, 0.058457352512557015], "k_pid_att": [5.860340553606167, 7.408705544041832, 1.0], "k_pid_yaw": [0.5, 1e-06, 0.1], "k_pid_hsp": [0.5636845551378512, 0.03013579287783837, 0.0], "k_pid_vsp": [244.93448955417838, 296.4978562607541, 1e-06]}, "datetime": {"datetime": "2025-08-13 14:15:29", "elapsed": 16057.800888299942, "delta": 18.190827131271362}, "costs": {"total_cost": 191.40263446673376, "time_cost": 67.858, "final_distance_cost": 1.7965689255592638, "oscillation_cost": 37.10992853970362, "completition_cost": 0.0, "overshoot_cost": 49.82906401395472, "power_cost": 14.859496240234376, "noise_cost": 19.949576747281778, "n_waypoints_completed": 9, "tot_waypoints": 9}}
{"target": -274.33758388788016, "params": {"k_pid_pos": [0.23164049137418707, 0.12167116741248125, 0.31548572700375854], "k_pid_alt": [1.177444400490003, 0.002733345614413919, 0.022735206791459673], "k_pid_att": [35.24357601861743, 6.610099467221552, 0.21102827970070312], "k_pid_yaw": [0.5, 1e-06, 0.1], "k_pid_hsp": [0.8014339756858422, 0.03478474883107174, 0.0], "k_pid_vsp": [356.2947666313962, 237.60540854771023, 1e-06]}, "datetime": {"datetime": "2025-08-13 14:15:58", "elapsed": 16086.576605796814, "delta": 28.77571749687195}, "costs": {"total_cost": 274.33758388788016, "time_cost": 113.54, "final_distance_cost": 1.847246059858487, "oscillation_cost": 21.711859515771565, "completition_cost": 0.0, "overshoot_cost": 59.99017462629206, "power_cost": 36.52658610839844, "noise_cost": 40.7217175775596, "n_waypoints_completed": 9, "tot_waypoints": 9}}
{"target": -189.3835052544614, "params": {"k_pid_pos": [2.0, 0.170202457047979, 0.3142350174595218], "k_pid_alt": [1.4867037289841292, 0.0, 0.04603045144870548], "k_pid_att": [11.723893556426601, 6.070168300411044, 0.47987445033559645], "k_pid_yaw": [0.5, 1e-06, 0.1], "k_pid_hsp": [0.4027093922668136, 0.02325720277138774, 0.0], "k_pid_vsp": [184.80781107312313, 327.94955497812333, 1e-06]}, "datetime": {"datetime": "2025-08-13 14:16:15", "elapsed": 16103.885794878006, "delta": 17.309189081192017}, "costs": {"total_cost": 189.3835052544614, "time_cost": 68.425, "final_distance_cost": 1.7842214188495809, "oscillation_cost": 35.47459284955491, "completition_cost": 0.0, "overshoot_cost": 49.990474580654855, "power_cost": 13.776156286621095, "noise_cost": 19.933060118780954, "n_waypoints_completed": 9, "tot_waypoints": 9}}
{"target": -202.93000175133514, "params": {"k_pid_pos": [1.1611701252371371, 0.1627904903246908, 0.357645335195716], "k_pid_alt": [2.0, 0.003793583786514057, 0.07136043048071745], "k_pid_att": [14.465911933808274, 3.5716100294024344, 0.9290333317679981], "k_pid_yaw": [0.5, 1e-06, 0.1], "k_pid_hsp": [0.9572610456143634, 0.0450236319104072, 0.0], "k_pid_vsp": [342.5417112512473, 1e-06, 0.5779854865415752]}, "datetime": {"datetime": "2025-08-13 14:16:33", "elapsed": 16121.562895059586, "delta": 17.67710018157959}, "costs": {"total_cost": 202.93000175133514, "time_cost": 72.226, "final_distance_cost": 1.8224148281364767, "oscillation_cost": 32.81527941886373, "completition_cost": 0.0, "overshoot_cost": 52.47279919986557, "power_cost": 20.311787133789064, "noise_cost": 23.281721170680306, "n_waypoints_completed": 9, "tot_waypoints": 9}}
{"target": -204.30434440725838, "params": {"k_pid_pos": [1.5308215280435942, 0.12425528988978046, 0.0712910893665888], "k_pid_alt": [2.0, 0.0012288459230308927, 0.0445125333238647], "k_pid_att": [27.622042151620743, 10.0, 0.9042981941467826], "k_pid_yaw": [0.5, 1e-06, 0.1], "k_pid_hsp": [1.036415470505932, 0.044130340761618425, 0.0], "k_pid_vsp": [87.23561026301945, 248.36402457653912, 0.06880426450558938]}, "datetime": {"datetime": "2025-08-13 14:16:50", "elapsed": 16138.717841863632, "delta": 17.15494680404663}, "costs": {"total_cost": 204.30434440725838, "time_cost": 70.126, "final_distance_cost": 1.7861387183077262, "oscillation_cost": 37.28763548454325, "completition_cost": 0.0, "overshoot_cost": 51.09306962393209, "power_cost": 22.09730251464844, "noise_cost": 21.91419806582686, "n_waypoints_completed": 9, "tot_waypoints": 9}}
{"target": -197.76789277363096, "params": {"k_pid_pos": [1.1302500721779962, 0.24288304095312296, 0.250428133750856], "k_pid_alt": [1.4263330733447128, 0.0, 0.04671753975856612], "k_pid_att": [43.18131634765532, 5.761257995475223, 0.7181262002300319], "k_pid_yaw": [0.5, 1e-06, 0.1], "k_pid_hsp": [1.032492949615418, 0.05157706420619431, 0.0], "k_pid_vsp": [138.9036861205347, 1e-06, 0.3133724122998292]}, "datetime": {"datetime": "2025-08-13 14:17:10", "elapsed": 16158.124584436417, "delta": 19.406742572784424}, "costs": {"total_cost": 197.76789277363096, "time_cost": 75.628, "final_distance_cost": 1.798399539780028, "oscillation_cost": 31.106144091078324, "completition_cost": 0.0, "overshoot_cost": 51.38879672036426, "power_cost": 15.281170349121094, "noise_cost": 22.565382073287292, "n_waypoints_completed": 9, "tot_waypoints": 9}}
{"target": -198.38716361995012, "params": {"k_pid_pos": [0.8854327227428408, 0.07884133062473288, 0.4118852430071554], "k_pid_alt": [1.3137163196690884, 4.874944332018916e-05, 0.03138079009340528], "k_pid_att": [22.126203951114775, 6.1442805401820095, 0.5849044234119926], "k_pid_yaw": [0.5, 1e-06, 0.1], "k_pid_hsp": [0.7260179689470571, 0.017242413393317176, 0.0], "k_pid_vsp": [279.6548304666415, 120.12505318953258, 0.12336024458839356]}, "datetime": {"datetime": "2025-08-13 14:17:28", "elapsed": 16176.459569692612, "delta": 18.33498525619507}, "costs": {"total_cost": 198.38716361995012, "time_cost": 74.788, "final_distance_cost": 1.839635095202957, "oscillation_cost": 28.90629057562757, "completition_cost": 0.0, "overshoot_cost": 50.89456197313376, "power_cost": 18.28558688964844, "noise_cost": 23.673089086337395, "n_waypoints_completed": 9, "tot_waypoints": 9}}
{"target": -181.69012257594989, "params": {"k_pid_pos": [1.6555897435056413, 0.05653406314621686, 0.19847282595957225], "k_pid_alt": [1.9860409891889912, 0.0, 0.04258550568960129], "k_pid_att": [49.38042783478687, 3.9252159499996018, 0.8450729593975138], "k_pid_yaw": [0.5, 1e-06, 0.1], "k_pid_hsp": [0.5057230551926936, 0.04036850651726586, 0.0], "k_pid_vsp": [232.50404058148982, 167.07276629163587, 0.2153883157320209]}, "datetime": {"datetime": "2025-08-13 14:17:45", "elapsed": 16193.64700627327, "delta": 17.18743658065796}, "costs": {"total_cost": 181.69012257594989, "time_cost": 67.956, "final_distance_cost": 1.7963195555655678, "oscillation_cost": 33.32126978677997, "completition_cost": 0.0, "overshoot_cost": 49.85155571667291, "power_cost": 10.063475439453125, "noise_cost": 18.701502077478285, "n_waypoints_completed": 9, "tot_waypoints": 9}}
{"target": -196.5782573134635, "params": {"k_pid_pos": [0.8977980443348712, 0.24398296566729774, 0.339050273581376], "k_pid_alt": [2.0, 0.0, 0.06037616040244618], "k_pid_att": [39.34752165062127, 1.7151834349657415, 0.858526042213477], "k_pid_yaw": [0.5, 1e-06, 0.1], "k_pid_hsp": [1.58616082714544, 0.0064050323112031455, 0.0], "k_pid_vsp": [371.4253395180593, 188.20896197063678, 0.22014238777048636]}, "datetime": {"datetime": "2025-08-13 14:18:03", "elapsed": 16211.583177089691, "delta": 17.93617081642151}, "costs": {"total_cost": 196.5782573134635, "time_cost": 73.745, "final_distance_cost": 1.8292084890551534, "oscillation_cost": 30.70145329000415, "completition_cost": 0.0, "overshoot_cost": 51.60696307195387, "power_cost": 15.908344409179689, "noise_cost": 22.787288053270636, "n_waypoints_completed": 9, "tot_waypoints": 9}}
{"target": -189.1938955834767, "params": {"k_pid_pos": [1.9372161514495465, 0.12630997953912013, 0.5103693354342834], "k_pid_alt": [1.8482217349600596, 0.0, 0.0578272856478849], "k_pid_att": [42.32718962307717, 8.134513532431615, 0.43449058948181857], "k_pid_yaw": [0.5, 1e-06, 0.1], "k_pid_hsp": [0.3378881958499269, 0.02394827840161143, 0.0], "k_pid_vsp": [256.5711940548385, 16.411762434188535, 0.14214179954860678]}, "datetime": {"datetime": "2025-08-13 14:18:22", "elapsed": 16230.366330623627, "delta": 18.783153533935547}, "costs": {"total_cost": 189.1938955834767, "time_cost": 70.112, "final_distance_cost": 1.7821551335015315, "oscillation_cost": 30.910852162958843, "completition_cost": 0.0, "overshoot_cost": 51.115509062446016, "power_cost": 14.380839526367188, "noise_cost": 20.89253969820312, "n_waypoints_completed": 9, "tot_waypoints": 9}}
{"target": -185.8193537961904, "params": {"k_pid_pos": [2.0, 0.12821535960403807, 0.5358029558624023], "k_pid_alt": [2.0, 0.0, 0.05043228735606203], "k_pid_att": [31.439838977495366, 7.771021043725669, 0.8011871789084859], "k_pid_yaw": [0.5, 1e-06, 0.1], "k_pid_hsp": [0.9234508547845691, 0.021870703499786103, 0.0], "k_pid_vsp": [156.5424081542292, 197.07415825830643, 0.21077443451637357]}, "datetime": {"datetime": "2025-08-13 14:18:39", "elapsed": 16247.799443483353, "delta": 17.433112859725952}, "costs": {"total_cost": 185.8193537961904, "time_cost": 68.362, "final_distance_cost": 1.802844607280969, "oscillation_cost": 32.676258742156136, "completition_cost": 0.0, "overshoot_cost": 50.11151048844657, "power_cost": 13.097965380859376, "noise_cost": 19.76877457744733, "n_waypoints_completed": 9, "tot_waypoints": 9}}
{"target": -194.84854189743072, "params": {"k_pid_pos": [0.9485024716937832, 0.16387231606941796, 0.26044654217230506], "k_pid_alt": [1.8207795757447043, 0.0, 0.029049960147995896], "k_pid_att": [26.515363640065832, 5.310041420927061, 0.5835707497769366], "k_pid_yaw": [0.5, 1e-06, 0.1], "k_pid_hsp": [0.5897103545410823, 0.013638833376851891, 0.0], "k_pid_vsp": [314.53360266047406, 67.11674294910652, 0.1166288532592566]}, "datetime": {"datetime": "2025-08-13 14:18:59", "elapsed": 16267.07963180542, "delta": 19.28018832206726}, "costs": {"total_cost": 194.84854189743072, "time_cost": 72.233, "final_distance_cost": 1.8277287743567352, "oscillation_cost": 28.234744061716523, "completition_cost": 0.0, "overshoot_cost": 51.83193010905637, "power_cost": 18.034119970703127, "noise_cost": 22.68701898159797, "n_waypoints_completed": 9, "tot_waypoints": 9}}
{"target": -190.0921813728614, "params": {"k_pid_pos": [1.144236536253983, 0.1657499186746657, 0.31523420256479057], "k_pid_alt": [1.8789148140201508, 0.0, 0.04401825967105486], "k_pid_att": [54.15045841365085, 5.34235937664246, 0.14939885022888924], "k_pid_yaw": [0.5, 1e-06, 0.1], "k_pid_hsp": [0.7107090558595637, 0.051141308108059, 0.0], "k_pid_vsp": [237.60484070026135, 261.89173522350956, 0.3771894379615924]}, "datetime": {"datetime": "2025-08-13 14:19:21", "elapsed": 16289.02208852768, "delta": 21.94245672225952}, "costs": {"total_cost": 190.0921813728614, "time_cost": 69.734, "final_distance_cost": 1.8378549316778496, "oscillation_cost": 36.1453406021427, "completition_cost": 0.0, "overshoot_cost": 50.36519447424099, "power_cost": 11.807859460449219, "noise_cost": 20.201931904350666, "n_waypoints_completed": 9, "tot_waypoints": 9}}
{"target": -189.63574365262537, "params": {"k_pid_pos": [1.694960358807788, 0.06759970700713706, 0.2653578508617178], "k_pid_alt": [1.5143702619960802, 0.0, 0.05208639855237307], "k_pid_att": [18.34346637105548, 5.674976119122516, 0.5124566709278245], "k_pid_yaw": [0.5, 1e-06, 0.1], "k_pid_hsp": [1.2733633297777267, 0.02983851564165392, 0.0], "k_pid_vsp": [400.0, 176.5104453772245, 0.24175633629056378]}, "datetime": {"datetime": "2025-08-13 14:19:41", "elapsed": 16309.66582775116, "delta": 20.643739223480225}, "costs": {"total_cost": 189.63574365262537, "time_cost": 68.67, "final_distance_cost": 1.8142540973818149, "oscillation_cost": 33.76704765119455, "completition_cost": 0.0, "overshoot_cost": 50.200444778898216, "power_cost": 14.796212561035157, "noise_cost": 20.387784564115616, "n_waypoints_completed": 9, "tot_waypoints": 9}}
{"target": -202.8793826307869, "params": {"k_pid_pos": [0.8221143582234715, 0.10058776346756886, 0.3827987010211951], "k_pid_alt": [2.0, 0.0, 0.011722899178296747], "k_pid_att": [37.48270379880619, 7.140180297132349, 0.12324120725545291], "k_pid_yaw": [0.5, 1e-06, 0.1], "k_pid_hsp": [0.7612202132630133, 0.03701106975705149, 0.0], "k_pid_vsp": [51.940878192958856, 1e-06, 0.12783462001386395]}, "datetime": {"datetime": "2025-08-13 14:20:04", "elapsed": 16332.814113855362, "delta": 23.14828610420227}, "costs": {"total_cost": 202.8793826307869, "time_cost": 76.545, "final_distance_cost": 1.847421681272804, "oscillation_cost": 29.428902702774778, "completition_cost": 0.0, "overshoot_cost": 52.96593484885264, "power_cost": 17.217115197753905, "noise_cost": 24.875008200132747, "n_waypoints_completed": 9, "tot_waypoints": 9}}
{"target": -317.5033347302899, "params": {"k_pid_pos": [1.373232963273935, 0.10848746787516766, 0.4522250253763826], "k_pid_alt": [2.0, 0.0, 0.04664265165793665], "k_pid_att": [52.70507358946301, 7.224611317561802, 0.0], "k_pid_yaw": [0.5, 1e-06, 0.1], "k_pid_hsp": [0.744080953174036, 0.03825898710906076, 0.0], "k_pid_vsp": [0.0, 153.1962966405841, 0.04330468206749086]}, "datetime": {"datetime": "2025-08-13 14:20:34", "elapsed": 16362.461514949799, "delta": 29.647401094436646}, "costs": {"total_cost": 317.5033347302899, "time_cost": 115.682, "final_distance_cost": 1.7856673330039916, "oscillation_cost": 78.31691419998639, "completition_cost": 0.0, "overshoot_cost": 64.88569291581327, "power_cost": 31.03764522705078, "noise_cost": 25.795415054435466, "n_waypoints_completed": 9, "tot_waypoints": 9}}
{"target": -185.69209862482404, "params": {"k_pid_pos": [1.6487742937218037, 0.17244995627449522, 0.3046577095914191], "k_pid_alt": [1.905142084898105, 0.0, 0.036776986762094496], "k_pid_att": [43.82810990337336, 5.9580426470727526, 0.3176413810034111], "k_pid_yaw": [0.5, 1e-06, 0.1], "k_pid_hsp": [0.769796810182009, 0.026500561360066375, 0.0], "k_pid_vsp": [299.9694524717388, 349.4145740475996, 0.2766577366974095]}, "datetime": {"datetime": "2025-08-13 14:20:51", "elapsed": 16379.703454971313, "delta": 17.241940021514893}, "costs": {"total_cost": 185.69209862482404, "time_cost": 68.376, "final_distance_cost": 1.7909126499439074, "oscillation_cost": 32.48371249944287, "completition_cost": 0.0, "overshoot_cost": 49.82323726497867, "power_cost": 13.303693017578127, "noise_cost": 19.914543192880462, "n_waypoints_completed": 9, "tot_waypoints": 9}}
{"target": -200.29751026515675, "params": {"k_pid_pos": [1.018886165153157, 0.013325089296652173, 0.29344869452359745], "k_pid_alt": [1.701745230916794, 0.0, 0.04483493455608453], "k_pid_att": [49.33168629460554, 5.195272012329269, 0.8848077241857034], "k_pid_yaw": [0.5, 1e-06, 0.1], "k_pid_hsp": [1.2322280671083892, 0.032813016266182625, 0.0], "k_pid_vsp": [210.0343446973276, 106.56192215296146, 0.29886671234525636]}, "datetime": {"datetime": "2025-08-13 14:21:11", "elapsed": 16399.512787103653, "delta": 19.809332132339478}, "costs": {"total_cost": 200.29751026515675, "time_cost": 72.002, "final_distance_cost": 1.8451330868946016, "oscillation_cost": 32.127617308463954, "completition_cost": 0.0, "overshoot_cost": 51.32020659161577, "power_cost": 19.855224340820314, "noise_cost": 23.147328937362087, "n_waypoints_completed": 9, "tot_waypoints": 9}}
{"target": -186.77974168590126, "params": {"k_pid_pos": [2.0, 0.16802118471245642, 0.5067627048325921], "k_pid_alt": [1.9638314659034812, 0.0, 0.032255020164494504], "k_pid_att": [27.380992150721482, 7.60890776000808, 0.7622385471923637], "k_pid_yaw": [0.5, 1e-06, 0.1], "k_pid_hsp": [0.8539676235781878, 0.04903675560897339, 0.0], "k_pid_vsp": [312.8430081619145, 242.8429470609958, 1e-06]}, "datetime": {"datetime": "2025-08-13 14:21:29", "elapsed": 16417.428881168365, "delta": 17.916094064712524}, "costs": {"total_cost": 186.77974168590126, "time_cost": 68.236, "final_distance_cost": 1.7827221028602527, "oscillation_cost": 33.65054493567514, "completition_cost": 0.0, "overshoot_cost": 50.20826672999523, "power_cost": 13.20152957763672, "noise_cost": 19.7006783397339, "n_waypoints_completed": 9, "tot_waypoints": 9}}
{"target": -188.92547743694047, "params": {"k_pid_pos": [1.6008116250900073, 0.16298180370985568, 0.3860581274007015], "k_pid_alt": [1.6116756044440805, 1.7071728781176797e-05, 0.01909072827735623], "k_pid_att": [21.131086561289692, 7.076420550233422, 0.10972937001198584], "k_pid_yaw": [0.5, 1e-06, 0.1], "k_pid_hsp": [0.4384209562687292, 0.018768036214500888, 0.0], "k_pid_vsp": [206.8444009257681, 51.511877259915615, 0.26544709564415925]}, "datetime": {"datetime": "2025-08-13 14:21:48", "elapsed": 16436.747488975525, "delta": 19.318607807159424}, "costs": {"total_cost": 188.92547743694047, "time_cost": 69.265, "final_distance_cost": 1.8159952451174102, "oscillation_cost": 32.37467289172869, "completition_cost": 0.0, "overshoot_cost": 50.47965384787855, "power_cost": 14.403840759277344, "noise_cost": 20.58631469293846, "n_waypoints_completed": 9, "tot_waypoints": 9}}
{"target": -201.50992970958436, "params": {"k_pid_pos": [1.7143982639698159, 0.2162848868702563, 0.31941515798461056], "k_pid_alt": [1.7322735180317672, 0.0, 0.04785021353259702], "k_pid_att": [29.66263132228139, 3.9397201958495707, 0.7103205140609545], "k_pid_yaw": [0.5, 1e-06, 0.1], "k_pid_hsp": [0.743559771735895, 0.012630909640058618, 0.0], "k_pid_vsp": [333.5597402767408, 254.2595883422034, 0.541649681807017]}, "datetime": {"datetime": "2025-08-13 14:22:08", "elapsed": 16456.539068222046, "delta": 19.791579246520996}, "costs": {"total_cost": 201.50992970958436, "time_cost": 71.4, "final_distance_cost": 1.7704376108041884, "oscillation_cost": 33.81725316841108, "completition_cost": 0.0, "overshoot_cost": 50.656215873485245, "power_cost": 21.312878173828125, "noise_cost": 22.55314488305568, "n_waypoints_completed": 9, "tot_waypoints": 9}}
{"target": -209.95592655777668, "params": {"k_pid_pos": [1.4751273822511217, 0.016088171743214252, 0.0638131408686667], "k_pid_alt": [1.1161292452517133, 0.0, 0.03991140676056837], "k_pid_att": [48.77240489276579, 4.798222997885205, 0.516352321305827], "k_pid_yaw": [0.5, 1e-06, 0.1], "k_pid_hsp": [0.2535573255488819, 0.025387639410248217, 0.0], "k_pid_vsp": [257.93371678187094, 1e-06, 0.06396611715195559]}, "datetime": {"datetime": "2025-08-13 14:22:27", "elapsed": 16475.58899497986, "delta": 19.0499267578125}, "costs": {"total_cost": 209.95592655777668, "time_cost": 73.962, "final_distance_cost": 1.774663278770636, "oscillation_cost": 34.04121779625557, "completition_cost": 0.0, "overshoot_cost": 52.74255334784769, "power_cost": 23.744461071777344, "noise_cost": 23.691031063125433, "n_waypoints_completed": 9, "tot_waypoints": 9}}
{"target": -222.45611387271978, "params": {"k_pid_pos": [0.591985197405142, 0.16288795955628718, 0.46608547621023594], "k_pid_alt": [2.0, 0.0, 0.05797069839467869], "k_pid_att": [56.215010239741865, 5.202089468052279, 0.2378684619394271], "k_pid_yaw": [0.5, 1e-06, 0.1], "k_pid_hsp": [1.3226244527399071, 0.04010633307897767, 0.0], "k_pid_vsp": [152.4429104006866, 112.46270530262484, 0.12844337882647894]}, "datetime": {"datetime": "2025-08-13 14:22:48", "elapsed": 16496.76150202751, "delta": 21.1725070476532}, "costs": {"total_cost": 222.45611387271978, "time_cost": 84.917, "final_distance_cost": 1.8446733980879095, "oscillation_cost": 33.2684991869651, "completition_cost": 0.0, "overshoot_cost": 52.84043916192045, "power_cost": 21.653866772460937, "noise_cost": 27.93163535328539, "n_waypoints_completed": 9, "tot_waypoints": 9}}
{"target": -1243.379736080395, "params": {"k_pid_pos": [1.5363608996512401, 0.0770453752259861, 0.30655589004988054], "k_pid_alt": [2.0, 0.0, 0.04744502006130208], "k_pid_att": [34.217751262180045, 5.122524872884537, 0.36122541505095845], "k_pid_yaw": [0.5, 1e-06, 0.1], "k_pid_hsp": [0.7227727428769449, 0.03124706575867787, 0.0], "k_pid_vsp": [0.0, 149.53292268080858, 0.13875769156596665]}, "datetime": {"datetime": "2025-08-13 14:23:23", "elapsed": 16531.156787395477, "delta": 34.3952853679657}, "costs": {"total_cost": 1243.379736080395, "time_cost": 150, "final_distance_cost": 56.732311783922576, "oscillation_cost": 48.22666692685141, "completition_cost": 888.8888888888888, "overshoot_cost": 41.22937302809031, "power_cost": 32.63084312744141, "noise_cost": 25.67165232520051, "n_waypoints_completed": 1, "tot_waypoints": 9}}
{"target": -209.5942208096979, "params": {"k_pid_pos": [0.5279335851399415, 0.09142742321526191, 0.28906802264209613], "k_pid_alt": [1.632492023007228, 0.0, 0.04994617257412113], "k_pid_att": [38.133678863464674, 6.416408437311275, 0.5239275819106274], "k_pid_yaw": [0.5, 1e-06, 0.1], "k_pid_hsp": [1.1159894644198356, 0.003959684206454562, 0.0], "k_pid_vsp": [375.5378218292208, 258.0341214368481, 0.23846738697511402]}, "datetime": {"datetime": "2025-08-13 14:23:48", "elapsed": 16556.91707611084, "delta": 25.76028871536255}, "costs": {"total_cost": 209.5942208096979, "time_cost": 82.985, "final_distance_cost": 1.844792366368196, "oscillation_cost": 27.254289083539206, "completition_cost": 0.0, "overshoot_cost": 52.70249297882052, "power_cost": 18.191717687988284, "noise_cost": 26.615928692981708, "n_waypoints_completed": 9, "tot_waypoints": 9}}
