{"target": -188.7358410503266, "params": {"k_pid_pos": [1.3274688110773054, 0.10247230869462261, 0.3974128177666599], "k_pid_alt": [1.6748563712396898, 0.0, 0.024188509515207405], "k_pid_att": [25.923848362408705, 4.015507134666879, 0.48681617053085274], "k_pid_yaw": [0.5, 1e-06, 0.1], "k_pid_hsp": [0.34618166792862537, 0.016336389456440278, 0.0], "k_pid_vsp": [310.58250849348013, 159.93926348150873, 0.1512706413072801]}, "datetime": {"datetime": "2025-08-13 15:38:09", "elapsed": 21017.523523569107, "delta": 17.91821575164795}, "costs": {"total_cost": 188.7358410503266, "time_cost": 69.622, "final_distance_cost": 1.8356938095012927, "oscillation_cost": 29.585576680429618, "completition_cost": 0.0, "overshoot_cost": 50.777027964785994, "power_cost": 15.823053820800782, "noise_cost": 21.092488774808903, "n_waypoints_completed": 9, "tot_waypoints": 9}}
{"target": -190.10393991194607, "params": {"k_pid_pos": [0.8532396378158428, 0.07070124237244052, 0.30402557909369127], "k_pid_alt": [1.9447674812681435, 0.0, 0.030020504007906106], "k_pid_att": [31.221372197475933, 3.513212172281346, 0.5796742406091291], "k_pid_yaw": [0.5, 1e-06, 0.1], "k_pid_hsp": [0.4389462228557366, 0.01464937119229936, 0.0], "k_pid_vsp": [237.4870867303018, 70.26347131551056, 0.15447692213664502]}, "datetime": {"datetime": "2025-08-13 15:38:27", "elapsed": 21035.753299951553, "delta": 18.22977638244629}, "costs": {"total_cost": 190.10393991194607, "time_cost": 72.737, "final_distance_cost": 1.840618855058265, "oscillation_cost": 27.56663486221763, "completition_cost": 0.0, "overshoot_cost": 51.26559259771306, "power_cost": 14.57443729248047, "noise_cost": 22.119656304476656, "n_waypoints_completed": 9, "tot_waypoints": 9}}
{"target": -192.04904908891615, "params": {"k_pid_pos": [0.902229519483012, 0.07480680698878697, 0.1384409592875839], "k_pid_alt": [1.511875490028534, 0.0, 0.011926290169517276], "k_pid_att": [20.22948195909071, 4.3402074616887605, 0.5991871445416596], "k_pid_yaw": [0.5, 1e-06, 0.1], "k_pid_hsp": [0.1628527345980828, 0.023228483835478164, 0.0], "k_pid_vsp": [116.34910886932649, 180.5301598094675, 0.05555518028059973]}, "datetime": {"datetime": "2025-08-13 15:38:45", "elapsed": 21053.355732679367, "delta": 17.60243272781372}, "costs": {"total_cost": 192.04904908891615, "time_cost": 70.644, "final_distance_cost": 1.8262966181321354, "oscillation_cost": 27.757803407082484, "completition_cost": 0.0, "overshoot_cost": 50.89311606857043, "power_cost": 19.049767333984377, "noise_cost": 21.87806566114672, "n_waypoints_completed": 9, "tot_waypoints": 9}}
{"target": -214.90477660670518, "params": {"k_pid_pos": [0.47146371208968146, 0.07663976681634789, 0.059459895091484215], "k_pid_alt": [1.2708279863704253, 0.0, 0.04149660437305813], "k_pid_att": [15.842294872056348, 3.821361739708063, 0.8956908755487364], "k_pid_yaw": [0.5, 1e-06, 0.1], "k_pid_hsp": [0.545579835580453, 0.027220309074407575, 0.0], "k_pid_vsp": [270.076613693947, 139.70844798374418, 0.16717388869146674]}, "datetime": {"datetime": "2025-08-13 15:39:07", "elapsed": 21075.00752401352, "delta": 21.65179133415222}, "costs": {"total_cost": 214.90477660670518, "time_cost": 82.845, "final_distance_cost": 1.8450494090925522, "oscillation_cost": 26.26862420309181, "completition_cost": 0.0, "overshoot_cost": 52.48399316776921, "power_cost": 24.121691821289065, "noise_cost": 27.34041800546253, "n_waypoints_completed": 9, "tot_waypoints": 9}}
{"target": -190.39448619394813, "params": {"k_pid_pos": [0.9202082685817295, 0.018035328210190885, 0.25830867682454245], "k_pid_alt": [1.0667247334050654, 0.0, 0.02740955164990287], "k_pid_att": [32.95936450699582, 3.469187275316417, 0.2542349505276739], "k_pid_yaw": [0.5, 1e-06, 0.1], "k_pid_hsp": [0.27397016310503625, 0.006778985391101138, 0.0], "k_pid_vsp": [373.74361276903056, 132.810150318996, 0.0941415002359685]}, "datetime": {"datetime": "2025-08-13 15:39:25", "elapsed": 21093.22802877426, "delta": 18.220504760742188}, "costs": {"total_cost": 190.39448619394813, "time_cost": 71.771, "final_distance_cost": 1.8501158340044714, "oscillation_cost": 26.944947288498888, "completition_cost": 0.0, "overshoot_cost": 51.18399863444914, "power_cost": 16.399723889160157, "noise_cost": 22.244700547835475, "n_waypoints_completed": 9, "tot_waypoints": 9}}
{"target": -190.39256361618942, "params": {"k_pid_pos": [1.3140500646736597, 0.08217071867747434, 0.2513402145733925], "k_pid_alt": [1.6163954845731503, 0.0, 0.030893251512813014], "k_pid_att": [28.92804040874974, 3.051446544858915, 0.6313570561005779], "k_pid_yaw": [0.5, 1e-06, 0.1], "k_pid_hsp": [0.18074260248724663, 0.02706961439291496, 0.0], "k_pid_vsp": [212.28202502178752, 69.65656278701196, 0.21122440112546537]}, "datetime": {"datetime": "2025-08-13 15:39:43", "elapsed": 21111.614278316498, "delta": 18.386249542236328}, "costs": {"total_cost": 190.39256361618942, "time_cost": 69.587, "final_distance_cost": 1.798268885801813, "oscillation_cost": 30.249441943008517, "completition_cost": 0.0, "overshoot_cost": 51.330975388334984, "power_cost": 16.37858837890625, "noise_cost": 21.048289020137855, "n_waypoints_completed": 9, "tot_waypoints": 9}}
{"target": -183.96187119442118, "params": {"k_pid_pos": [0.9288870147852936, 0.1013701019211935, 0.07197250026200143], "k_pid_alt": [1.4085811426111, 0.0, 0.029066982457814722], "k_pid_att": [21.51480025411387, 4.965246671730598, 0.7504451228140318], "k_pid_yaw": [0.5, 1e-06, 0.1], "k_pid_hsp": [0.3534579393905235, 0.014712276994286143, 0.0], "k_pid_vsp": [227.4881483219369, 175.53046752617502, 0.17141990411910502]}, "datetime": {"datetime": "2025-08-13 15:40:01", "elapsed": 21129.46015548706, "delta": 17.845877170562744}, "costs": {"total_cost": 183.96187119442118, "time_cost": 69.398, "final_distance_cost": 1.8333035788232146, "oscillation_cost": 28.83601479854136, "completition_cost": 0.0, "overshoot_cost": 50.134515574259204, "power_cost": 13.369795019531251, "noise_cost": 20.39024222326616, "n_waypoints_completed": 9, "tot_waypoints": 9}}
{"target": -193.70095075552754, "params": {"k_pid_pos": [1.0482028053887882, 0.057884746167421265, 0.1982857822381717], "k_pid_alt": [1.6604494336192557, 0.0, 0.02917324017774758], "k_pid_att": [26.413419291962047, 3.2695076277431063, 0.64496008261776], "k_pid_yaw": [0.5, 1e-06, 0.1], "k_pid_hsp": [0.21852222361228857, 0.021926259895575673, 0.0], "k_pid_vsp": [182.64587232783137, 69.5309137823263, 0.12466844110172948]}, "datetime": {"datetime": "2025-08-13 15:40:19", "elapsed": 21147.74430990219, "delta": 18.284154415130615}, "costs": {"total_cost": 193.70095075552754, "time_cost": 69.979, "final_distance_cost": 1.8347483989137479, "oscillation_cost": 28.543339012428113, "completition_cost": 0.0, "overshoot_cost": 50.55585695617582, "power_cost": 20.413489599609377, "noise_cost": 22.374516788400484, "n_waypoints_completed": 9, "tot_waypoints": 9}}
{"target": -192.95749649739554, "params": {"k_pid_pos": [0.6235593433560157, 0.07028632978573889, 0.39982756883217413], "k_pid_alt": [1.5164208653199074, 0.0, 0.010112361750403325], "k_pid_att": [9.818182345038837, 6.021025394671878, 0.38739680749914013], "k_pid_yaw": [0.5, 1e-06, 0.1], "k_pid_hsp": [0.30866755812702323, 0.023499995135670304, 0.0], "k_pid_vsp": [322.87758697223603, 136.24038252155276, 0.261762554710444]}, "datetime": {"datetime": "2025-08-13 15:40:39", "elapsed": 21167.909006118774, "delta": 20.164696216583252}, "costs": {"total_cost": 192.95749649739554, "time_cost": 78.302, "final_distance_cost": 1.8454160337538188, "oscillation_cost": 26.55473890946455, "completition_cost": 0.0, "overshoot_cost": 51.352104593306414, "power_cost": 11.78177947998047, "noise_cost": 23.121457480890285, "n_waypoints_completed": 9, "tot_waypoints": 9}}
{"target": -181.77818108688842, "params": {"k_pid_pos": [1.0845225863910766, 0.09311992699181326, 0.19708501736371456], "k_pid_alt": [1.9970040525905353, 0.0, 0.014964481984256877], "k_pid_att": [18.964406442480627, 2.6082746486871753, 0.4352209563054927], "k_pid_yaw": [0.5, 1e-06, 0.1], "k_pid_hsp": [0.1796668386900855, 0.01403384409592185, 0.0], "k_pid_vsp": [268.82361057152394, 184.91126368243985, 0.06971830473145217]}, "datetime": {"datetime": "2025-08-13 15:40:56", "elapsed": 21184.907207489014, "delta": 16.998201370239258}, "costs": {"total_cost": 181.77818108688842, "time_cost": 68.859, "final_distance_cost": 1.8181055577074543, "oscillation_cost": 28.83007244271008, "completition_cost": 0.0, "overshoot_cost": 50.17988177453364, "power_cost": 12.248624951171875, "noise_cost": 19.842496360765395, "n_waypoints_completed": 9, "tot_waypoints": 9}}
{"target": -181.0103216504458, "params": {"k_pid_pos": [0.9224818902574431, 0.07482123456195526, 0.2879446085380734], "k_pid_alt": [1.0046335672311335, 0.0, 0.029714078622925248], "k_pid_att": [17.240276677714146, 2.1674750109296306, 0.7050629170189092], "k_pid_yaw": [0.5, 1e-06, 0.1], "k_pid_hsp": [0.2552816209470075, 0.024739270040079708, 0.0], "k_pid_vsp": [233.7409986202994, 112.54290852631364, 0.2805400122182353]}, "datetime": {"datetime": "2025-08-13 15:41:15", "elapsed": 21203.076854228973, "delta": 18.169646739959717}, "costs": {"total_cost": 181.0103216504458, "time_cost": 71.393, "final_distance_cost": 1.835730550006273, "oscillation_cost": 27.595593007182917, "completition_cost": 0.0, "overshoot_cost": 50.05650345010453, "power_cost": 10.18764814453125, "noise_cost": 19.941846498620848, "n_waypoints_completed": 9, "tot_waypoints": 9}}
{"target": -183.75850852629787, "params": {"k_pid_pos": [0.839459684250005, 0.09220857244916388, 0.08279729746287968], "k_pid_alt": [1.222832792769088, 0.0, 0.01208875882506453], "k_pid_att": [17.445832336516904, 4.091441461480638, 0.421615700266331], "k_pid_yaw": [0.5, 1e-06, 0.1], "k_pid_hsp": [0.319323421541939, 0.020733634419561536, 0.0], "k_pid_vsp": [241.72330523824647, 142.50858535864538, 0.12366795926578818]}, "datetime": {"datetime": "2025-08-13 15:41:32", "elapsed": 21220.796137809753, "delta": 17.71928358078003}, "costs": {"total_cost": 183.75850852629787, "time_cost": 70.056, "final_distance_cost": 1.83933331742893, "oscillation_cost": 28.198564229606447, "completition_cost": 0.0, "overshoot_cost": 50.39487760590586, "power_cost": 12.723001770019533, "noise_cost": 20.54673160333713, "n_waypoints_completed": 9, "tot_waypoints": 9}}
{"target": -1464.580553818682, "params": {"k_pid_pos": [1.1676036717972034, 0.08375499652046649, 0.13363906155988217], "k_pid_alt": [0.0, 0.0, 0.03425395970878588], "k_pid_att": [10.672554887152819, 0.4664578518158608, 0.39607228599484295], "k_pid_yaw": [0.5, 1e-06, 0.1], "k_pid_hsp": [0.24560729169826767, 0.009490365529227386, 0.0], "k_pid_vsp": [164.86115581360733, 117.65591517432354, 0.2544258268321434]}, "datetime": {"datetime": "2025-08-13 15:42:01", "elapsed": 21249.8533680439, "delta": 29.057230234146118}, "costs": {"total_cost": 1464.580553818682, "time_cost": 150, "final_distance_cost": 1.0000000260794253, "oscillation_cost": 4.229667333307063, "completition_cost": 1000.0, "overshoot_cost": 163.06942398144565, "power_cost": 10.227948486328126, "noise_cost": 136.05351399152153, "n_waypoints_completed": 0, "tot_waypoints": 9}}
{"target": -194.97022307999808, "params": {"k_pid_pos": [0.709857951282328, 0.07176905802981594, 0.3710654784804948], "k_pid_alt": [1.46026512123669, 0.0, 0.024138344245200796], "k_pid_att": [19.46177511081772, 0.8987631525654715, 0.7340075597203174], "k_pid_yaw": [0.5, 1e-06, 0.1], "k_pid_hsp": [0.18793174864590143, 0.02313628739782518, 0.0], "k_pid_vsp": [284.9378328019896, 142.38289393840068, 0.17695714755225853]}, "datetime": {"datetime": "2025-08-13 15:42:20", "elapsed": 21268.852143764496, "delta": 18.998775720596313}, "costs": {"total_cost": 194.97022307999808, "time_cost": 75.026, "final_distance_cost": 1.8466376220741594, "oscillation_cost": 25.995151731455163, "completition_cost": 0.0, "overshoot_cost": 51.19342035410438, "power_cost": 17.34486083984375, "noise_cost": 23.56415253252061, "n_waypoints_completed": 9, "tot_waypoints": 9}}
{"target": -195.32754772364228, "params": {"k_pid_pos": [1.6381935092600435, 0.015520636236754898, 0.2585043551526058], "k_pid_alt": [1.954868396438097, 0.0, 0.030149144502253807], "k_pid_att": [14.499750438419511, 3.490822677001862, 0.33714453639526737], "k_pid_yaw": [0.5, 1e-06, 0.1], "k_pid_hsp": [0.2985479333349648, 0.02689286065413198, 0.0], "k_pid_vsp": [210.9663324195548, 114.01926034078953, 0.16186726939466928]}, "datetime": {"datetime": "2025-08-13 15:42:38", "elapsed": 21286.368626356125, "delta": 17.51648259162903}, "costs": {"total_cost": 195.32754772364228, "time_cost": 69.895, "final_distance_cost": 1.8003331267459928, "oscillation_cost": 33.3538729518072, "completition_cost": 0.0, "overshoot_cost": 50.83418610203554, "power_cost": 18.121434008789063, "noise_cost": 21.322721534264485, "n_waypoints_completed": 9, "tot_waypoints": 9}}
{"target": -184.17048350218488, "params": {"k_pid_pos": [1.3368978546290424, 0.07187543361166228, 0.1787235201537277], "k_pid_alt": [1.7270991543755638, 0.0, 0.02410543832053932], "k_pid_att": [44.29373447133929, 4.487443879782177, 0.2080480057994567], "k_pid_yaw": [0.5, 1e-06, 0.1], "k_pid_hsp": [0.14546629531543614, 0.025019364931937935, 0.0], "k_pid_vsp": [182.50695650494072, 117.51994319539345, 1e-06]}, "datetime": {"datetime": "2025-08-13 15:42:55", "elapsed": 21303.328171014786, "delta": 16.95954465866089}, "costs": {"total_cost": 184.17048350218488, "time_cost": 68.691, "final_distance_cost": 1.7942914036787017, "oscillation_cost": 33.06602654420145, "completition_cost": 0.0, "overshoot_cost": 50.16099216184775, "power_cost": 11.144187182617188, "noise_cost": 19.313986209839797, "n_waypoints_completed": 9, "tot_waypoints": 9}}
{"target": -185.3224689091153, "params": {"k_pid_pos": [1.2439462077303078, 0.02144662166061301, 0.1826336774338421], "k_pid_alt": [1.4320055804451108, 0.0, 0.02835965199297423], "k_pid_att": [19.25141156022546, 3.8204784894070336, 0.465874525718347], "k_pid_yaw": [0.5, 1e-06, 0.1], "k_pid_hsp": [0.29772784878351133, 0.021748865771881332, 0.0], "k_pid_vsp": [250.76616473568342, 131.8330499572708, 0.13760363877896037]}, "datetime": {"datetime": "2025-08-13 15:43:12", "elapsed": 21320.937305927277, "delta": 17.609134912490845}, "costs": {"total_cost": 185.3224689091153, "time_cost": 68.726, "final_distance_cost": 1.8399194849747411, "oscillation_cost": 30.87513700640785, "completition_cost": 0.0, "overshoot_cost": 49.94603735750011, "power_cost": 13.719296411132813, "noise_cost": 20.216078649099774, "n_waypoints_completed": 9, "tot_waypoints": 9}}
{"target": -235.81295141178418, "params": {"k_pid_pos": [0.30819671939978294, 0.022034227319192228, 0.204395596447809], "k_pid_alt": [1.713693591075752, 0.0, 0.033620236516188756], "k_pid_att": [7.096349579667719, 5.998634582548675, 0.8404598372216752], "k_pid_yaw": [0.5, 1e-06, 0.1], "k_pid_hsp": [0.251977885946252, 0.013961951577768859, 0.0], "k_pid_vsp": [116.91298935608513, 122.13172105521697, 0.1754112958137648]}, "datetime": {"datetime": "2025-08-13 15:43:38", "elapsed": 21346.308497428894, "delta": 25.37119150161743}, "costs": {"total_cost": 235.81295141178418, "time_cost": 100.19800000000001, "final_distance_cost": 1.859841426202334, "oscillation_cost": 20.64769011535806, "completition_cost": 0.0, "overshoot_cost": 55.70462792307531, "power_cost": 23.447929541015625, "noise_cost": 33.95486240613287, "n_waypoints_completed": 9, "tot_waypoints": 9}}
{"target": -198.41101669082494, "params": {"k_pid_pos": [0.47092474954533775, 0.03198068314914571, 0.11615774821145554], "k_pid_alt": [0.9368332865281556, 0.0, 0.024551625495828927], "k_pid_att": [20.271921448348927, 2.767974791349508, 0.7739571074843622], "k_pid_yaw": [0.5, 1e-06, 0.1], "k_pid_hsp": [0.26364361508784906, 0.015063722654021172, 0.0], "k_pid_vsp": [223.21985100277217, 124.4480579089003, 0.13213114792335842]}, "datetime": {"datetime": "2025-08-13 15:43:59", "elapsed": 21367.329192638397, "delta": 21.020695209503174}, "costs": {"total_cost": 198.41101669082494, "time_cost": 80.99, "final_distance_cost": 1.8519480705443312, "oscillation_cost": 23.9166362979525, "completition_cost": 0.0, "overshoot_cost": 51.721241833016734, "power_cost": 15.18358553466797, "noise_cost": 24.74760495464341, "n_waypoints_completed": 9, "tot_waypoints": 9}}
{"target": -200.8916003326836, "params": {"k_pid_pos": [1.4902669572068767, 0.05921535712116507, 0.30104064197964253], "k_pid_alt": [0.736176481726862, 0.0, 0.028002132466120672], "k_pid_att": [22.89742635894744, 2.8590258611104105, 0.5396906949059216], "k_pid_yaw": [0.5, 1e-06, 0.1], "k_pid_hsp": [0.21113018325205304, 0.009329291066023301, 0.0], "k_pid_vsp": [308.80068596579645, 66.93927789403354, 0.13370665351994593]}, "datetime": {"datetime": "2025-08-13 15:44:18", "elapsed": 21385.994765758514, "delta": 18.665573120117188}, "costs": {"total_cost": 200.8916003326836, "time_cost": 72.478, "final_distance_cost": 1.8205058745894755, "oscillation_cost": 30.58287697568657, "completition_cost": 0.0, "overshoot_cost": 51.23970256959037, "power_cost": 22.081262182617188, "noise_cost": 22.689252730199986, "n_waypoints_completed": 9, "tot_waypoints": 9}}
{"target": -193.4773915057658, "params": {"k_pid_pos": [1.2597316132342307, 0.06709235800215972, 0.36633812070936717], "k_pid_alt": [0.9292082915862528, 0.0, 0.03197435212335562], "k_pid_att": [12.218599005759218, 4.163688064368933, 0.5602696708622744], "k_pid_yaw": [0.5, 1e-06, 0.1], "k_pid_hsp": [0.13608117102772413, 0.018115547814181617, 0.0], "k_pid_vsp": [170.99917492382477, 173.40308116126758, 0.2018419270717211]}, "datetime": {"datetime": "2025-08-13 15:44:35", "elapsed": 21403.583547592163, "delta": 17.58878183364868}, "costs": {"total_cost": 193.4773915057658, "time_cost": 70.91, "final_distance_cost": 1.834890014858622, "oscillation_cost": 29.523046755222733, "completition_cost": 0.0, "overshoot_cost": 50.28447238456076, "power_cost": 19.24845135498047, "noise_cost": 21.67653099614324, "n_waypoints_completed": 9, "tot_waypoints": 9}}
{"target": -186.81512089896728, "params": {"k_pid_pos": [1.2908417284137894, 0.09672810898211605, 0.23657165751849685], "k_pid_alt": [1.4724432720582985, 0.0, 0.02064166677393854], "k_pid_att": [10.846800186667139, 6.355644119223329, 0.5819622838814166], "k_pid_yaw": [0.5, 1e-06, 0.1], "k_pid_hsp": [0.07198288045443538, 0.015446810008504645, 0.0], "k_pid_vsp": [250.0439989590616, 125.96064591976449, 0.10929877639815262]}, "datetime": {"datetime": "2025-08-13 15:44:54", "elapsed": 21422.147946834564, "delta": 18.564399242401123}, "costs": {"total_cost": 186.81512089896728, "time_cost": 72.772, "final_distance_cost": 1.8020667086742355, "oscillation_cost": 30.7911158723615, "completition_cost": 0.0, "overshoot_cost": 50.92440373404974, "power_cost": 10.67065389404297, "noise_cost": 19.854880689838847, "n_waypoints_completed": 9, "tot_waypoints": 9}}
{"target": -194.26121147998975, "params": {"k_pid_pos": [0.8195215182970449, 0.0833800634679272, 0.24562461468351257], "k_pid_alt": [0.7823675035270755, 0.0, 0.03429015517050442], "k_pid_att": [24.12307976424408, 2.0805205196550625, 0.764721355578393], "k_pid_yaw": [0.5, 1e-06, 0.1], "k_pid_hsp": [0.17683709225247812, 0.010581957279268776, 0.0], "k_pid_vsp": [215.72597219401413, 130.22315853974933, 0.2266633530609493]}, "datetime": {"datetime": "2025-08-13 15:45:13", "elapsed": 21441.394571065903, "delta": 19.2466242313385}, "costs": {"total_cost": 194.26121147998975, "time_cost": 73.913, "final_distance_cost": 1.8305134060345278, "oscillation_cost": 25.74888921536021, "completition_cost": 0.0, "overshoot_cost": 50.632547410251455, "power_cost": 19.35155526123047, "noise_cost": 22.784706187113116, "n_waypoints_completed": 9, "tot_waypoints": 9}}
{"target": -189.36223063719032, "params": {"k_pid_pos": [1.1669305299340211, 0.09090125604089076, 0.30511608947581453], "k_pid_alt": [2.0, 0.0, 0.03218211964361263], "k_pid_att": [12.325230847588074, 2.2838720939911883, 0.23588968339331928], "k_pid_yaw": [0.5, 1e-06, 0.1], "k_pid_hsp": [0.3871227563697637, 0.023752654506326815, 0.0], "k_pid_vsp": [400.0, 135.14113770089736, 0.08677045276013313]}, "datetime": {"datetime": "2025-08-13 15:45:34", "elapsed": 21462.511292934418, "delta": 21.116721868515015}, "costs": {"total_cost": 189.36223063719032, "time_cost": 69.69200000000001, "final_distance_cost": 1.8377586781573285, "oscillation_cost": 29.87506802396335, "completition_cost": 0.0, "overshoot_cost": 50.378699317013556, "power_cost": 16.158090576171876, "noise_cost": 21.42061404188423, "n_waypoints_completed": 9, "tot_waypoints": 9}}
{"target": -686.4084131321146, "params": {"k_pid_pos": [0.6048118689704287, 0.0473723367059443, 0.2103823499915972], "k_pid_alt": [1.932708294031368, 0.0, 0.034447592162136394], "k_pid_att": [19.603198446172158, 4.5595751445884805, 0.6235446727390797], "k_pid_yaw": [0.5, 1e-06, 0.1], "k_pid_hsp": [0.010922318717837711, 0.02090105557623567, 0.0], "k_pid_vsp": [127.97314497623643, 112.91265407288721, 0.2090276705246786]}, "datetime": {"datetime": "2025-08-13 15:46:05", "elapsed": 21493.746449947357, "delta": 31.235157012939453}, "costs": {"total_cost": 686.4084131321146, "time_cost": 150, "final_distance_cost": 60.67706011014884, "oscillation_cost": 15.097910192935375, "completition_cost": 333.33333333333337, "overshoot_cost": 72.50633499712697, "power_cost": 22.02597196044922, "noise_cost": 32.76780253812092, "n_waypoints_completed": 6, "tot_waypoints": 9}}
