{"target": -226.95304370109739, "params": {"k_pid_pos": [0.8716072589169744, 0.14747511082914488, 0.5984136198969237], "k_pid_alt": [2.0, 0.0, 0.7026739749694073], "k_pid_att": [10.220814156251368, 3.8921474056717607, 0.48408483089496074], "k_pid_yaw": [0.5, 1e-06, 0.1], "k_pid_hsp": [3.0111130129883947, 0.16806450925014857, 0.0], "k_pid_vsp": [34.484552266286286, 1e-06, 0.04773786093758131]}, "datetime": {"datetime": "2025-08-13 10:57:36", "elapsed": 4184.355821847916, "delta": 36.35991024971008}, "costs": {"total_cost": 226.95304370109739, "time_cost": 84.84700000000001, "final_distance_cost": 1.8476857475658652, "oscillation_cost": 35.73343318959983, "completition_cost": 0.0, "overshoot_cost": 55.3406307848234, "power_cost": 21.410774121093752, "noise_cost": 27.773519858014534, "n_waypoints_completed": 9, "tot_waypoints": 9}}
{"target": -411.9156106513635, "params": {"k_pid_pos": [1.2880659839173703, 0.0075035683651327, 0.43420098000746393], "k_pid_alt": [1.9745581698929051, 0.41160208798178854, 0.5446749977439911], "k_pid_att": [28.76684802418734, 6.682996680118285, 0.6149558197231995], "k_pid_yaw": [0.5, 1e-06, 0.1], "k_pid_hsp": [2.9276327262638007, 0.04675798006749529, 0.1915071857183929], "k_pid_vsp": [0.0, 254.58110041330394, 1e-06]}, "datetime": {"datetime": "2025-08-13 10:58:15", "elapsed": 4223.449503421783, "delta": 39.0936815738678}, "costs": {"total_cost": 411.9156106513635, "time_cost": 89.852, "final_distance_cost": 1.8013068203000897, "oscillation_cost": 213.1294404235671, "completition_cost": 0.0, "overshoot_cost": 57.51281159768092, "power_cost": 27.773262121582032, "noise_cost": 21.84678968823337, "n_waypoints_completed": 9, "tot_waypoints": 9}}
{"target": -187.24016531178083, "params": {"k_pid_pos": [1.1157050937966524, 0.1544679181758757, 0.1345886316174663], "k_pid_alt": [2.0, 0.0, 0.4827681259621239], "k_pid_att": [18.660469289533072, 4.078989362582319, 1.0], "k_pid_yaw": [0.5, 1e-06, 0.1], "k_pid_hsp": [1.5998707438935746, 0.15742291691227583, 0.0], "k_pid_vsp": [53.32719968260994, 159.26745138579972, 1e-06]}, "datetime": {"datetime": "2025-08-13 10:58:45", "elapsed": 4253.774224996567, "delta": 30.324721574783325}, "costs": {"total_cost": 187.24016531178083, "time_cost": 68.887, "final_distance_cost": 1.8214796227866208, "oscillation_cost": 34.03340905068729, "completition_cost": 0.0, "overshoot_cost": 49.78157045402863, "power_cost": 12.847101782226563, "noise_cost": 19.869604402051717, "n_waypoints_completed": 9, "tot_waypoints": 9}}
{"target": -480.70943199585525, "params": {"k_pid_pos": [0.690329786628312, 0.3129273707643773, 0.5492988925530967], "k_pid_alt": [2.0, 0.20202258635499826, 0.009924728617355494], "k_pid_att": [2.4861071989362293, 5.111614994011734, 0.4930549252958573], "k_pid_yaw": [0.5, 1e-06, 0.1], "k_pid_hsp": [1.6069461748155185, 0.212969317452806, 0.0], "k_pid_vsp": [134.93167582447978, 164.4245770628542, 0.013757228007393743]}, "datetime": {"datetime": "2025-08-13 10:59:39", "elapsed": 4306.989095211029, "delta": 53.21487021446228}, "costs": {"total_cost": 480.70943199585525, "time_cost": 150, "final_distance_cost": 12.34580691937586, "oscillation_cost": 63.54240830945304, "completition_cost": 111.11111111111116, "overshoot_cost": 63.318058979498694, "power_cost": 35.26311765136719, "noise_cost": 45.12892902504935, "n_waypoints_completed": 8, "tot_waypoints": 9}}
{"target": -1278.715141989391, "params": {"k_pid_pos": [0.0001, 0.05646489226056095, 0.8194494865651936], "k_pid_alt": [1.8994336269935774, 0.09177892517886292, 1.0], "k_pid_att": [47.31732606665643, 5.1494241517076365, 0.041719223328428166], "k_pid_yaw": [0.5, 1e-06, 0.1], "k_pid_hsp": [1.2541907063191482, 0.22124771992979245, 0.0], "k_pid_vsp": [121.71091378520082, 210.46507961826714, 1e-06]}, "datetime": {"datetime": "2025-08-13 11:00:31", "elapsed": 4359.585247993469, "delta": 52.596152782440186}, "costs": {"total_cost": 1278.715141989391, "time_cost": 150, "final_distance_cost": 50.055528818937994, "oscillation_cost": 8.192480635973084, "completition_cost": 888.8888888888888, "overshoot_cost": 124.11373215953444, "power_cost": 23.659087805175783, "noise_cost": 33.80542368088076, "n_waypoints_completed": 1, "tot_waypoints": 9}}
{"target": -7205.295572196503, "params": {"k_pid_pos": [0.761593880291009, 0.35083740646229994, 0.5354439932833219], "k_pid_alt": [1.8766208456153368, 0.0, 0.9486936791604744], "k_pid_att": [0.0, 4.135917424023053, 0.49332421680508903], "k_pid_yaw": [0.5, 1e-06, 0.1], "k_pid_hsp": [4.345580794205613, 0.09757450216545265, 0.0], "k_pid_vsp": [21.89303541676242, 1e-06, 9.723694133323031]}, "datetime": {"datetime": "2025-08-13 11:01:24", "elapsed": 4412.027673959732, "delta": 52.44242596626282}, "costs": {"total_cost": 7205.295572196503, "time_cost": 150, "final_distance_cost": 1498.6768426923406, "oscillation_cost": 1653.9690884919596, "completition_cost": 1000.0, "overshoot_cost": 2690.131113909366, "power_cost": 54.426835888671874, "noise_cost": 158.0916912141646, "n_waypoints_completed": 0, "tot_waypoints": 9}}
{"target": -234.1364575543104, "params": {"k_pid_pos": [0.31417808129798747, 0.6102360669503287, 0.9814464943430318], "k_pid_alt": [1.6248673109297183, 0.0, 0.645227513970442], "k_pid_att": [14.32405588021812, 4.9245749681941335, 0.480685731354382], "k_pid_yaw": [0.5, 1e-06, 0.1], "k_pid_hsp": [0.9530407398160224, 0.12129173356690093, 0.003002495121231831], "k_pid_vsp": [130.2446668757227, 357.0926059188328, 2.7361775777932387]}, "datetime": {"datetime": "2025-08-13 11:02:08", "elapsed": 4456.695317745209, "delta": 44.667643785476685}, "costs": {"total_cost": 234.1364575543104, "time_cost": 102.10900000000001, "final_distance_cost": 1.8106483290383084, "oscillation_cost": 33.80146702494739, "completition_cost": 0.0, "overshoot_cost": 53.63907536990538, "power_cost": 14.819923095703126, "noise_cost": 27.956343734716178, "n_waypoints_completed": 9, "tot_waypoints": 9}}
{"target": -277.6561390971191, "params": {"k_pid_pos": [1.2829417917429635, 0.7878756329509762, 0.5498563477969375], "k_pid_alt": [1.3543229086352675, 0.0, 1.0], "k_pid_att": [27.774240077446365, 5.978832816673694, 1.0], "k_pid_yaw": [0.5, 1e-06, 0.1], "k_pid_hsp": [6.105192515194848, 0.14897374557835077, 0.0], "k_pid_vsp": [23.27817459955523, 400.0, 1e-06]}, "datetime": {"datetime": "2025-08-13 11:02:43", "elapsed": 4491.897149562836, "delta": 35.20183181762695}, "costs": {"total_cost": 277.6561390971191, "time_cost": 81.886, "final_distance_cost": 1.7707792224918553, "oscillation_cost": 101.7323610898196, "completition_cost": 0.0, "overshoot_cost": 51.73701237345175, "power_cost": 20.140381677246094, "noise_cost": 20.3896047341098, "n_waypoints_completed": 9, "tot_waypoints": 9}}
{"target": -228.84840572955818, "params": {"k_pid_pos": [1.4830916008167498, 0.5682113146009864, 0.4417431651510559], "k_pid_alt": [2.0, 0.0, 0.6866756767483011], "k_pid_att": [13.622434559329223, 3.2901657966315967, 0.4614749144741033], "k_pid_yaw": [0.5, 1e-06, 0.1], "k_pid_hsp": [1.597730582348211, 0.17207259532298494, 0.0], "k_pid_vsp": [52.54857775674518, 178.22661125297103, 1e-06]}, "datetime": {"datetime": "2025-08-13 11:03:19", "elapsed": 4527.466671943665, "delta": 35.56952238082886}, "costs": {"total_cost": 228.84840572955818, "time_cost": 81.641, "final_distance_cost": 1.772645219719841, "oscillation_cost": 38.73336343413273, "completition_cost": 0.0, "overshoot_cost": 53.19838938564645, "power_cost": 26.522707263183595, "noise_cost": 26.980300426875583, "n_waypoints_completed": 9, "tot_waypoints": 9}}
{"target": -209.75357453313654, "params": {"k_pid_pos": [1.5549268972368917, 0.3695718515975186, 1.0], "k_pid_alt": [2.0, 0.0, 1.0], "k_pid_att": [2.5240731542128763, 0.0001, 0.6442332278639474], "k_pid_yaw": [0.5, 1e-06, 0.1], "k_pid_hsp": [1.0766366525787376, 0.14779129241331923, 0.0], "k_pid_vsp": [21.21847994691784, 265.5228392837833, 6.869697301616232]}, "datetime": {"datetime": "2025-08-13 11:03:51", "elapsed": 4559.712316989899, "delta": 32.24564504623413}, "costs": {"total_cost": 209.75357453313654, "time_cost": 73.129, "final_distance_cost": 1.817011242339512, "oscillation_cost": 41.98448084315713, "completition_cost": 0.0, "overshoot_cost": 51.49306636370764, "power_cost": 19.529016967773437, "noise_cost": 21.80099911615884, "n_waypoints_completed": 9, "tot_waypoints": 9}}
{"target": -1474.065856539448, "params": {"k_pid_pos": [1.5603845240915424, 0.3899049264781358, 1.0], "k_pid_alt": [0.0, 0.0, 0.9441291352460052], "k_pid_att": [30.7982734914338, 10.0, 1.0], "k_pid_yaw": [0.5, 1e-06, 0.1], "k_pid_hsp": [0.4455482126451997, 0.12347559550230569, 0.0], "k_pid_vsp": [106.51008521642065, 400.0, 1e-06]}, "datetime": {"datetime": "2025-08-13 11:04:44", "elapsed": 4612.918304681778, "delta": 53.20598769187927}, "costs": {"total_cost": 1474.065856539448, "time_cost": 150, "final_distance_cost": 1.0, "oscillation_cost": 4.163914148508474, "completition_cost": 1000.0, "overshoot_cost": 163.06920962189074, "power_cost": 13.251972570800781, "noise_cost": 142.58076019824824, "n_waypoints_completed": 0, "tot_waypoints": 9}}
{"target": -456.61735302566507, "params": {"k_pid_pos": [0.9602254113403106, 0.43220190537826814, 0.995729818016644], "k_pid_alt": [1.7245110128105987, 0.23113490282988414, 0.5584808094097845], "k_pid_att": [27.763960408108655, 3.7772363831347615, 0.655296698097534], "k_pid_yaw": [0.5, 1e-06, 0.1], "k_pid_hsp": [0.7393316433838111, 0.11421747666672077, 0.0], "k_pid_vsp": [120.61799392947283, 400.0, 1e-06]}, "datetime": {"datetime": "2025-08-13 11:05:37", "elapsed": 4665.122545719147, "delta": 52.204241037368774}, "costs": {"total_cost": 456.61735302566507, "time_cost": 150, "final_distance_cost": 61.891718615596034, "oscillation_cost": 30.619207731029, "completition_cost": 111.11111111111116, "overshoot_cost": 47.49262658423536, "power_cost": 22.968030908203126, "noise_cost": 32.53465807549039, "n_waypoints_completed": 8, "tot_waypoints": 9}}
{"target": -198.05791318121496, "params": {"k_pid_pos": [1.1395269650820636, 0.2574844842281438, 0.6026772921030069], "k_pid_alt": [2.0, 0.0, 0.9257591573723353], "k_pid_att": [23.042988819532514, 2.5417575428853576, 0.5823301137106739], "k_pid_yaw": [0.5, 1e-06, 0.1], "k_pid_hsp": [1.0119445736245531, 0.18133174256973136, 0.0], "k_pid_vsp": [103.96392082564405, 318.34074346791607, 2.3662060393576088]}, "datetime": {"datetime": "2025-08-13 11:06:08", "elapsed": 4696.715006351471, "delta": 31.59246063232422}, "costs": {"total_cost": 198.05791318121496, "time_cost": 72.863, "final_distance_cost": 1.8294667696666302, "oscillation_cost": 34.89390688357589, "completition_cost": 0.0, "overshoot_cost": 50.20407965909402, "power_cost": 16.25186872558594, "noise_cost": 22.015591143292493, "n_waypoints_completed": 9, "tot_waypoints": 9}}
{"target": -241.64399733111088, "params": {"k_pid_pos": [1.3708003477725, 0.3949517351069554, 1.0], "k_pid_alt": [2.0, 0.0, 0.5497339617583957], "k_pid_att": [28.66446657745686, 4.549236346146357, 0.0], "k_pid_yaw": [0.5, 1e-06, 0.1], "k_pid_hsp": [2.217460794633721, 0.20854245196030896, 0.0], "k_pid_vsp": [84.47791889428522, 341.04577360232537, 0.004668615505821316]}, "datetime": {"datetime": "2025-08-13 11:06:40", "elapsed": 4728.37765455246, "delta": 31.66264820098877}, "costs": {"total_cost": 241.64399733111088, "time_cost": 73.136, "final_distance_cost": 1.820795928407564, "oscillation_cost": 74.48530861344607, "completition_cost": 0.0, "overshoot_cost": 50.943929177782394, "power_cost": 18.759048254394532, "noise_cost": 22.498915357080325, "n_waypoints_completed": 9, "tot_waypoints": 9}}
{"target": -219.4985801528249, "params": {"k_pid_pos": [0.4628315924955824, 0.39800566707552426, 0.6383270051163817], "k_pid_alt": [2.0, 0.0, 0.8461260930250365], "k_pid_att": [13.753228553904032, 6.391628982632213, 0.2229899721328171], "k_pid_yaw": [0.5, 1e-06, 0.1], "k_pid_hsp": [0.9532874508065742, 0.1676972778708067, 0.0], "k_pid_vsp": [76.80229050698493, 102.17326161202335, 1e-06]}, "datetime": {"datetime": "2025-08-13 11:07:17", "elapsed": 4765.567224979401, "delta": 37.18957042694092}, "costs": {"total_cost": 219.4985801528249, "time_cost": 88.256, "final_distance_cost": 1.8270356128208756, "oscillation_cost": 29.191347609383474, "completition_cost": 0.0, "overshoot_cost": 51.535021618535346, "power_cost": 21.316388439941406, "noise_cost": 27.372786872143834, "n_waypoints_completed": 9, "tot_waypoints": 9}}
{"target": -1284.8616881371024, "params": {"k_pid_pos": [1.9176249499295235, 0.06798245206141607, 0.9717413479406528], "k_pid_alt": [0.2849448739943276, 0.0, 0.46168505619138395], "k_pid_att": [37.76422981220211, 4.615340802512267, 0.7174848332242293], "k_pid_yaw": [0.5, 1e-06, 0.1], "k_pid_hsp": [2.2312375377893923, 0.08467446814823977, 0.0], "k_pid_vsp": [45.54644525574383, 1e-06, 0.08116325892262438]}, "datetime": {"datetime": "2025-08-13 11:08:08", "elapsed": 4816.747562885284, "delta": 51.18033790588379}, "costs": {"total_cost": 1284.8616881371024, "time_cost": 150, "final_distance_cost": 42.127261957927566, "oscillation_cost": 4.336755887608251, "completition_cost": 1000.0, "overshoot_cost": 18.477764860952274, "power_cost": 34.205081591796876, "noise_cost": 35.714823838817495, "n_waypoints_completed": 0, "tot_waypoints": 9}}
{"target": -597.1489400854728, "params": {"k_pid_pos": [0.4734682918699162, 0.7932802254258177, 0.0], "k_pid_alt": [0.8519187791760645, 0.08254413251350383, 0.6251546114714244], "k_pid_att": [32.16248729475766, 5.250157359388486, 1.0], "k_pid_yaw": [0.5, 1e-06, 0.1], "k_pid_hsp": [2.726348751125347, 0.0798978440977403, 0.0], "k_pid_vsp": [126.51160038740845, 1e-06, 1e-06]}, "datetime": {"datetime": "2025-08-13 11:09:02", "elapsed": 4870.65173459053, "delta": 53.90417170524597}, "costs": {"total_cost": 597.1489400854728, "time_cost": 150, "final_distance_cost": 71.41465265094101, "oscillation_cost": 42.57282786185842, "completition_cost": 222.2222222222222, "overshoot_cost": 45.55438994422504, "power_cost": 30.840003735351566, "noise_cost": 34.54484367087443, "n_waypoints_completed": 7, "tot_waypoints": 9}}
{"target": -255.17099194015276, "params": {"k_pid_pos": [1.1929765379715718, 0.8632380125984073, 0.49129389708146903], "k_pid_alt": [0.47892397761008537, 0.20599262617114475, 0.9174355458938687], "k_pid_att": [27.819530529491644, 1.0509594085167204, 0.5462554222851074], "k_pid_yaw": [0.5, 1e-06, 0.1], "k_pid_hsp": [1.7339563013955095, 0.1986490953695739, 0.0], "k_pid_vsp": [21.512919131189594, 127.40414670176813, 19.406322412140668]}, "datetime": {"datetime": "2025-08-13 11:09:49", "elapsed": 4917.820773124695, "delta": 47.16903853416443}, "costs": {"total_cost": 255.17099194015276, "time_cost": 107.443, "final_distance_cost": 1.766626463290771, "oscillation_cost": 41.79402823331928, "completition_cost": 0.0, "overshoot_cost": 57.363930573821506, "power_cost": 23.560083837890627, "noise_cost": 23.24332283183057, "n_waypoints_completed": 9, "tot_waypoints": 9}}
{"target": -246.74557845392448, "params": {"k_pid_pos": [1.2436931957149167, 0.6274291258481747, 1.0], "k_pid_alt": [1.3280471019630504, 0.0, 0.7690018436340225], "k_pid_att": [37.84210277068049, 4.538838170324349, 0.3233772490493873], "k_pid_yaw": [0.5, 1e-06, 0.1], "k_pid_hsp": [0.6342685585369074, 0.2875451694213642, 0.0], "k_pid_vsp": [13.673691674030295, 338.71067486136457, 1e-06]}, "datetime": {"datetime": "2025-08-13 11:10:27", "elapsed": 4955.0383932590485, "delta": 37.21762013435364}, "costs": {"total_cost": 246.74557845392448, "time_cost": 86.513, "final_distance_cost": 1.8027950059286166, "oscillation_cost": 57.33437486963605, "completition_cost": 0.0, "overshoot_cost": 51.702999881643905, "power_cost": 24.46367702636719, "noise_cost": 24.928731670348725, "n_waypoints_completed": 9, "tot_waypoints": 9}}
{"target": -286.1443411414616, "params": {"k_pid_pos": [0.5203130356989575, 1.0, 0.7187181325693336], "k_pid_alt": [0.6032549988502028, 0.0, 0.7051327322958589], "k_pid_att": [25.097674463778773, 1.4091542436225841, 0.9112421229480611], "k_pid_yaw": [0.5, 1e-06, 0.1], "k_pid_hsp": [0.6690201998012218, 0.0, 0.0], "k_pid_vsp": [17.71130863046297, 112.93217303615882, 1e-06]}, "datetime": {"datetime": "2025-08-13 11:11:17", "elapsed": 5005.290074825287, "delta": 50.2516815662384}, "costs": {"total_cost": 286.1443411414616, "time_cost": 115.864, "final_distance_cost": 1.8252080457842972, "oscillation_cost": 45.244652469557025, "completition_cost": 0.0, "overshoot_cost": 55.91626997811613, "power_cost": 31.384253356933595, "noise_cost": 35.90995729107055, "n_waypoints_completed": 9, "tot_waypoints": 9}}
{"target": -584.3603630405347, "params": {"k_pid_pos": [1.4884417775935876, 0.7338206646263233, 0.5540126981136071], "k_pid_alt": [0.23718290283297652, 0.0, 0.5204815858819624], "k_pid_att": [38.72064967621372, 6.238097899391403, 0.8164423501413994], "k_pid_yaw": [0.5, 1e-06, 0.1], "k_pid_hsp": [1.3320020036570208, 0.0, 0.0], "k_pid_vsp": [95.25753263987092, 182.22489304671913, 1e-06]}, "datetime": {"datetime": "2025-08-13 11:12:09", "elapsed": 5057.734256267548, "delta": 52.44418144226074}, "costs": {"total_cost": 584.3603630405347, "time_cost": 150, "final_distance_cost": 67.78545469307117, "oscillation_cost": 32.173782247696465, "completition_cost": 222.2222222222222, "overshoot_cost": 47.94218855980132, "power_cost": 29.666590869140627, "noise_cost": 34.57012444860285, "n_waypoints_completed": 7, "tot_waypoints": 9}}
{"target": -242.25974386350543, "params": {"k_pid_pos": [0.3664574568692031, 0.47933787642724157, 0.7001137367462706], "k_pid_alt": [1.650361136457047, 0.0, 0.3526834741727809], "k_pid_att": [26.751635937510486, 5.071215024684666, 0.25484011658850947], "k_pid_yaw": [0.5, 1e-06, 0.1], "k_pid_hsp": [3.844914479013094, 0.02894536284577955, 0.0], "k_pid_vsp": [119.77505365377796, 400.0, 1e-06]}, "datetime": {"datetime": "2025-08-13 11:12:51", "elapsed": 5099.302287101746, "delta": 41.568030834198}, "costs": {"total_cost": 242.25974386350543, "time_cost": 96.25, "final_distance_cost": 1.8255322964104468, "oscillation_cost": 46.953341771055555, "completition_cost": 0.0, "overshoot_cost": 53.11132531974072, "power_cost": 16.3933435546875, "noise_cost": 27.72620092161121, "n_waypoints_completed": 9, "tot_waypoints": 9}}
{"target": -217.04927580219598, "params": {"k_pid_pos": [1.9472525348595608, 0.5375044123639786, 0.07081827829814318], "k_pid_alt": [2.0, 0.0, 0.745076495954243], "k_pid_att": [59.751825186585705, 6.099959008197893, 0.6118382948963854], "k_pid_yaw": [0.5, 1e-06, 0.1], "k_pid_hsp": [0.9581123706491056, 0.15377305310527598, 0.0], "k_pid_vsp": [74.79248396683506, 37.27701446106273, 0.07962004572300983]}, "datetime": {"datetime": "2025-08-13 11:13:27", "elapsed": 5135.191949367523, "delta": 35.88966226577759}, "costs": {"total_cost": 217.04927580219598, "time_cost": 82.292, "final_distance_cost": 1.7399486403058129, "oscillation_cost": 42.84599589575874, "completition_cost": 0.0, "overshoot_cost": 53.56482990045177, "power_cost": 13.880299731445314, "noise_cost": 22.726201634234336, "n_waypoints_completed": 9, "tot_waypoints": 9}}
{"target": -206.15221666934855, "params": {"k_pid_pos": [1.4237040151023663, 0.437570803038599, 0.4488506855172421], "k_pid_alt": [1.9188796370444943, 0.0, 0.5601275049284107], "k_pid_att": [18.29924570482704, 4.3988875706295705, 0.7604175982296564], "k_pid_yaw": [0.5, 1e-06, 0.1], "k_pid_hsp": [3.444426850487192, 0.2127623303326455, 0.0], "k_pid_vsp": [77.94244803395958, 226.0748312804076, 11.464873923985293]}, "datetime": {"datetime": "2025-08-13 11:13:59", "elapsed": 5167.361961603165, "delta": 32.17001223564148}, "costs": {"total_cost": 206.15221666934855, "time_cost": 73.85000000000001, "final_distance_cost": 1.7840318329915843, "oscillation_cost": 36.71050031589322, "completition_cost": 0.0, "overshoot_cost": 50.85717090035181, "power_cost": 22.01840368652344, "noise_cost": 20.932109933588492, "n_waypoints_completed": 9, "tot_waypoints": 9}}
{"target": -230.8092319446682, "params": {"k_pid_pos": [1.1706616665210785, 0.3148079429025903, 0.7490187855212861], "k_pid_alt": [1.9181571787159368, 0.0, 1.0], "k_pid_att": [18.61184541579432, 4.9391191505526715, 0.9262986144287811], "k_pid_yaw": [0.5, 1e-06, 0.1], "k_pid_hsp": [0.7972039636971281, 0.17218129152947334, 0.0], "k_pid_vsp": [0.0, 185.12665579541297, 3.0756005048761708]}, "datetime": {"datetime": "2025-08-13 11:14:34", "elapsed": 5202.006223678589, "delta": 34.644262075424194}, "costs": {"total_cost": 230.8092319446682, "time_cost": 79.31, "final_distance_cost": 1.8365163729357683, "oscillation_cost": 51.0425908398191, "completition_cost": 0.0, "overshoot_cost": 52.116852289480086, "power_cost": 23.41676687011719, "noise_cost": 23.086505572316074, "n_waypoints_completed": 9, "tot_waypoints": 9}}
{"target": -248.39943815970756, "params": {"k_pid_pos": [1.328329826417593, 0.38735365697124324, 0.7516829808119695], "k_pid_alt": [0.6774334823028533, 0.0, 0.0720837773931166], "k_pid_att": [19.95071292497145, 8.268173767216664, 0.41124632620427154], "k_pid_yaw": [0.5, 1e-06, 0.1], "k_pid_hsp": [0.15447893873938198, 0.2222298451659693, 0.00916337523435063], "k_pid_vsp": [44.08844701820069, 400.0, 1.7200805689484187]}, "datetime": {"datetime": "2025-08-13 11:15:08", "elapsed": 5236.437040805817, "delta": 34.43081712722778}, "costs": {"total_cost": 248.39943815970756, "time_cost": 77.94500000000001, "final_distance_cost": 1.8436399349819284, "oscillation_cost": 74.74017397048195, "completition_cost": 0.0, "overshoot_cost": 50.11585190367232, "power_cost": 21.431760974121094, "noise_cost": 22.323011376450264, "n_waypoints_completed": 9, "tot_waypoints": 9}}
