{"target": -169.74906962714206, "params": {"k_pid_pos": [0.5388086758965994, 0.003356888427758878, 0.008784572308851511], "k_pid_alt": [2.0, 6.68638741648428e-05, 0.0023902116665780234], "k_pid_att": [40.51773670563625, 6.668712497937577, 0.6846660363716607], "k_pid_yaw": [0.5, 1e-06, 0.1], "k_pid_hsp": [0.0948764841977852, 0.00680983184542724, 0.0], "k_pid_vsp": [192.58028685523823, 243.74571727019944, 1.0240555413755732]}, "datetime": {"datetime": "2025-08-20 20:18:33", "elapsed": 30368.14736056328, "delta": 15.39370846748352}, "costs": {"total_cost": 169.74906962714206, "time_cost": 72.08, "final_distance_cost": 1.8297962752183081, "oscillation_cost": 20.7514867817476, "completition_cost": 0.0, "overshoot_cost": 51.16654935206555, "power_cost": 12.348971899414064, "noise_cost": 11.57226531869653, "n_waypoints_completed": 9, "tot_waypoints": 9}}
{"target": -175.48223926551213, "params": {"k_pid_pos": [0.5242654950464228, 0.003407106296388785, 0.010823072526554322], "k_pid_alt": [2.0, 0.0001279551684870555, 0.0010801146959256824], "k_pid_att": [25.43259918854629, 4.68017764105153, 0.8713227162565635], "k_pid_yaw": [0.5, 1e-06, 0.1], "k_pid_hsp": [0.06078713743401809, 0.0039408740608079034, 0.0], "k_pid_vsp": [153.94050988376833, 254.25185434797064, 0.9033460298385577]}, "datetime": {"datetime": "2025-08-20 20:18:51", "elapsed": 30386.261407136917, "delta": 18.114046573638916}, "costs": {"total_cost": 175.48223926551213, "time_cost": 77.632, "final_distance_cost": 1.7994086836773342, "oscillation_cost": 17.152051958106533, "completition_cost": 0.0, "overshoot_cost": 53.44547813501069, "power_cost": 12.982262561035157, "noise_cost": 12.471037927682426, "n_waypoints_completed": 9, "tot_waypoints": 9}}
{"target": -173.97713704638016, "params": {"k_pid_pos": [0.4096551654077976, 0.002659914279789403, 0.009353538307508942], "k_pid_alt": [1.5038401793187959, 0.00014584205170992443, 0.002134973938411427], "k_pid_att": [21.980794651367944, 5.277973409850793, 0.7855708899399594], "k_pid_yaw": [0.5, 1e-06, 0.1], "k_pid_hsp": [0.11508642871922896, 0.006107617584479146, 0.0], "k_pid_vsp": [183.04757906554065, 232.79701273868068, 0.7170035847801746]}, "datetime": {"datetime": "2025-08-20 20:19:09", "elapsed": 30403.789514541626, "delta": 17.528107404708862}, "costs": {"total_cost": 173.97713704638016, "time_cost": 76.336, "final_distance_cost": 1.8484272788839091, "oscillation_cost": 19.216608438570614, "completition_cost": 0.0, "overshoot_cost": 51.02588179931168, "power_cost": 12.86768934326172, "noise_cost": 12.68253018635223, "n_waypoints_completed": 9, "tot_waypoints": 9}}
{"target": -169.38063661270473, "params": {"k_pid_pos": [0.4604784814785668, 0.0022082187270941515, 0.009464355722694561], "k_pid_alt": [1.752885193583042, 0.00012121153014121133, 0.0017209442305034007], "k_pid_att": [27.702991455876326, 8.531643173884852, 0.2866453350319953], "k_pid_yaw": [0.5, 1e-06, 0.1], "k_pid_hsp": [0.08904537097181225, 0.0066105791026481765, 0.0], "k_pid_vsp": [237.66171171091938, 238.5857413541802, 1.0282861987092404]}, "datetime": {"datetime": "2025-08-20 20:19:25", "elapsed": 30419.786260843277, "delta": 15.996746301651001}, "costs": {"total_cost": 169.38063661270473, "time_cost": 73.408, "final_distance_cost": 1.8423736604290142, "oscillation_cost": 18.910203001915306, "completition_cost": 0.0, "overshoot_cost": 51.39381037243576, "power_cost": 12.117565405273439, "noise_cost": 11.708684172651214, "n_waypoints_completed": 9, "tot_waypoints": 9}}
{"target": -169.79114737866746, "params": {"k_pid_pos": [0.6670431921021108, 0.0040979787133124295, 0.007948681213802447], "k_pid_alt": [1.9753647760937951, 9.813674176228377e-05, 0.001716608417938965], "k_pid_att": [26.09179646162377, 6.765130163114993, 0.8161002930583084], "k_pid_yaw": [0.5, 1e-06, 0.1], "k_pid_hsp": [0.09445711128533717, 0.005350221743268872, 0.0], "k_pid_vsp": [157.82696689745407, 203.2967287171169, 0.8980332289807212]}, "datetime": {"datetime": "2025-08-20 20:19:41", "elapsed": 30436.127218961716, "delta": 16.34095811843872}, "costs": {"total_cost": 169.79114737866746, "time_cost": 71.096, "final_distance_cost": 1.7876758827769947, "oscillation_cost": 22.914019107555273, "completition_cost": 0.0, "overshoot_cost": 50.46771041109085, "power_cost": 12.110917028808593, "noise_cost": 11.41482494843576, "n_waypoints_completed": 9, "tot_waypoints": 9}}
{"target": -170.30223252300212, "params": {"k_pid_pos": [0.51330578978436, 0.004028524284534271, 0.008604449666964699], "k_pid_alt": [2.0, 0.00012852350883214104, 0.0015875087623417768], "k_pid_att": [21.967430585538896, 5.804478070121998, 0.6819394437715142], "k_pid_yaw": [0.5, 1e-06, 0.1], "k_pid_hsp": [0.08052973370871952, 0.006443588215534197, 0.0], "k_pid_vsp": [194.0865784812772, 221.86984794459798, 0.7842820088779229]}, "datetime": {"datetime": "2025-08-20 20:19:57", "elapsed": 30451.87268471718, "delta": 15.745465755462646}, "costs": {"total_cost": 170.30223252300212, "time_cost": 73.136, "final_distance_cost": 1.81811444543342, "oscillation_cost": 19.34778336435921, "completition_cost": 0.0, "overshoot_cost": 51.96031510896923, "power_cost": 12.381135229492187, "noise_cost": 11.658884374748046, "n_waypoints_completed": 9, "tot_waypoints": 9}}
{"target": -169.91138864767495, "params": {"k_pid_pos": [0.46350181886123404, 0.003964072282330549, 0.010523430144636024], "k_pid_alt": [2.0, 7.50451041644556e-05, 0.0017015126038409424], "k_pid_att": [23.814543117702044, 8.727748544253203, 0.589684895323284], "k_pid_yaw": [0.5, 1e-06, 0.1], "k_pid_hsp": [0.09802729231941965, 0.0052268962588235615, 0.0], "k_pid_vsp": [207.96283119078748, 268.08884529392134, 0.9431548103784939]}, "datetime": {"datetime": "2025-08-20 20:20:14", "elapsed": 30469.187697410583, "delta": 17.31501269340515}, "costs": {"total_cost": 169.91138864767495, "time_cost": 73.424, "final_distance_cost": 1.8325352419263898, "oscillation_cost": 19.453575124837432, "completition_cost": 0.0, "overshoot_cost": 50.93020877023862, "power_cost": 12.374666967773438, "noise_cost": 11.89640254289907, "n_waypoints_completed": 9, "tot_waypoints": 9}}
{"target": -182.6433855827429, "params": {"k_pid_pos": [0.3454717229283492, 0.004136152046910587, 0.0077102126979982895], "k_pid_alt": [1.7505678866112053, 0.00015409353544332458, 0.0006858553293700621], "k_pid_att": [34.312530226753985, 6.353588997300679, 0.7670454600937067], "k_pid_yaw": [0.5, 1e-06, 0.1], "k_pid_hsp": [0.12559228321613594, 0.00679223904801302, 0.0], "k_pid_vsp": [195.03027256210592, 268.56778759475486, 0.8143000497491774]}, "datetime": {"datetime": "2025-08-20 20:20:33", "elapsed": 30488.07793903351, "delta": 18.890241622924805}, "costs": {"total_cost": 182.6433855827429, "time_cost": 82.52, "final_distance_cost": 1.8590033464693156, "oscillation_cost": 18.606242586966545, "completition_cost": 0.0, "overshoot_cost": 51.70898695867426, "power_cost": 13.85280360107422, "noise_cost": 14.096349089558585, "n_waypoints_completed": 9, "tot_waypoints": 9}}
{"target": -178.51870143995006, "params": {"k_pid_pos": [0.3416355920039413, 0.005332534707440342, 0.0069727920450560555], "k_pid_alt": [2.0, 0.00013935159340611487, 0.0016934587670529543], "k_pid_att": [22.325552024570925, 5.678819272077223, 0.80594063168457], "k_pid_yaw": [0.5, 1e-06, 0.1], "k_pid_hsp": [0.09928343209818695, 0.007922106534876034, 0.0], "k_pid_vsp": [93.10002311146354, 212.21019252066844, 0.6346260539060419]}, "datetime": {"datetime": "2025-08-20 20:20:51", "elapsed": 30506.02167725563, "delta": 17.943738222122192}, "costs": {"total_cost": 178.51870143995006, "time_cost": 80.48, "final_distance_cost": 1.8588093588269832, "oscillation_cost": 17.2012257377204, "completition_cost": 0.0, "overshoot_cost": 51.94666534631151, "power_cost": 13.367694238281251, "noise_cost": 13.664306758809923, "n_waypoints_completed": 9, "tot_waypoints": 9}}
{"target": -169.58082510075485, "params": {"k_pid_pos": [0.7223043150982438, 0.004926640043119493, 0.014083985635903499], "k_pid_alt": [1.8304516769628443, 0.00013674363032235075, 0.0015970719070236654], "k_pid_att": [29.05180896170961, 7.547730192266816, 0.8296575057975563], "k_pid_yaw": [0.5, 1e-06, 0.1], "k_pid_hsp": [0.11153019130026205, 0.0050855655121614515, 0.0], "k_pid_vsp": [244.38102731073275, 184.92467688452814, 0.8913642989463583]}, "datetime": {"datetime": "2025-08-20 20:21:08", "elapsed": 30522.702681541443, "delta": 16.681004285812378}, "costs": {"total_cost": 169.58082510075485, "time_cost": 70.304, "final_distance_cost": 1.795304013964708, "oscillation_cost": 24.094249234760653, "completition_cost": 0.0, "overshoot_cost": 50.27369843076187, "power_cost": 11.970914013671875, "noise_cost": 11.142659407595737, "n_waypoints_completed": 9, "tot_waypoints": 9}}
{"target": -180.44857174864458, "params": {"k_pid_pos": [0.3099879615981705, 0.002603168791404729, 0.008785585834333092], "k_pid_alt": [2.0, 4.86156834959323e-05, 0.0019163048848535164], "k_pid_att": [30.336144367490572, 7.215797220590602, 0.6486189884507475], "k_pid_yaw": [0.5, 1e-06, 0.1], "k_pid_hsp": [0.08196076212897081, 0.00698859341322272, 0.0], "k_pid_vsp": [225.93964503062946, 219.8756420912692, 0.9873965258232942]}, "datetime": {"datetime": "2025-08-20 20:21:26", "elapsed": 30540.52970457077, "delta": 17.827023029327393}, "costs": {"total_cost": 180.44857174864458, "time_cost": 82.232, "final_distance_cost": 1.857847268655862, "oscillation_cost": 15.118612019679384, "completition_cost": 0.0, "overshoot_cost": 53.134502503083375, "power_cost": 13.992969311523439, "noise_cost": 14.112640645702538, "n_waypoints_completed": 9, "tot_waypoints": 9}}
{"target": -169.8740046540735, "params": {"k_pid_pos": [0.612911490134629, 0.0022034446450780606, 0.010895437229569982], "k_pid_alt": [1.5347423595863328, 0.00014038698624643548, 0.0016145586661728776], "k_pid_att": [37.59792871700453, 6.449787911155684, 0.5417873264560683], "k_pid_yaw": [0.5, 1e-06, 0.1], "k_pid_hsp": [0.10888049368501157, 0.004563511056885174, 0.0], "k_pid_vsp": [162.566218144818, 219.27547206576142, 0.9160515912884591]}, "datetime": {"datetime": "2025-08-20 20:21:44", "elapsed": 30558.77121782303, "delta": 18.2415132522583}, "costs": {"total_cost": 169.8740046540735, "time_cost": 71.06400000000001, "final_distance_cost": 1.820666913220622, "oscillation_cost": 22.571194250736585, "completition_cost": 0.0, "overshoot_cost": 50.45076273468104, "power_cost": 12.42657373046875, "noise_cost": 11.54080702496649, "n_waypoints_completed": 9, "tot_waypoints": 9}}
{"target": -171.13237499703874, "params": {"k_pid_pos": [0.40881076387334253, 0.00463541086769387, 0.011827005615843862], "k_pid_alt": [1.9796546056516746, 0.00013638479823957036, 0.0017055692724274832], "k_pid_att": [30.339291112735822, 7.234848002120603, 0.750567482571579], "k_pid_yaw": [0.5, 1e-06, 0.1], "k_pid_hsp": [0.09196517134133671, 0.006255999425523777, 0.0], "k_pid_vsp": [142.6199889764814, 263.2078675789701, 0.7037826230962274]}, "datetime": {"datetime": "2025-08-20 20:22:09", "elapsed": 30584.132645368576, "delta": 25.361427545547485}, "costs": {"total_cost": 171.13237499703874, "time_cost": 75.152, "final_distance_cost": 1.8392944293055686, "oscillation_cost": 17.802161205908007, "completition_cost": 0.0, "overshoot_cost": 51.60934140250179, "power_cost": 12.525462133789063, "noise_cost": 12.204115825534311, "n_waypoints_completed": 9, "tot_waypoints": 9}}
{"target": -170.42097907885002, "params": {"k_pid_pos": [0.6988955308617202, 0.003773544527646057, 0.008937755136590139], "k_pid_alt": [1.6214366533293045, 0.0001153247636541231, 0.0020387259475647124], "k_pid_att": [19.921305011635386, 5.88627864883064, 0.8754196195872264], "k_pid_yaw": [0.5, 1e-06, 0.1], "k_pid_hsp": [0.12756569435235152, 0.007019612077524512, 0.0], "k_pid_vsp": [151.35527780918667, 212.4728779566724, 0.7247696434686843]}, "datetime": {"datetime": "2025-08-20 20:22:33", "elapsed": 30608.041634082794, "delta": 23.90898871421814}, "costs": {"total_cost": 170.42097907885002, "time_cost": 70.008, "final_distance_cost": 1.8080870085217444, "oscillation_cost": 24.803456057005484, "completition_cost": 0.0, "overshoot_cost": 50.4442790290544, "power_cost": 12.150586877441407, "noise_cost": 11.206570106826996, "n_waypoints_completed": 9, "tot_waypoints": 9}}
{"target": -171.01394524196348, "params": {"k_pid_pos": [0.532267740004989, 0.0043527785461396525, 0.009008823149714155], "k_pid_alt": [1.964677335360882, 0.00012945731185900276, 0.0018766735753176992], "k_pid_att": [32.29074296075584, 6.877674107300039, 0.4909237096053712], "k_pid_yaw": [0.5, 1e-06, 0.1], "k_pid_hsp": [0.12176987814014402, 0.006621191812855899, 0.0], "k_pid_vsp": [204.01101151262654, 202.59486692506434, 1.020739833039295]}, "datetime": {"datetime": "2025-08-20 20:22:50", "elapsed": 30625.161244392395, "delta": 17.11961030960083}, "costs": {"total_cost": 171.01394524196348, "time_cost": 72.16, "final_distance_cost": 1.8426033634442645, "oscillation_cost": 22.00815477429319, "completition_cost": 0.0, "overshoot_cost": 50.53679109032716, "power_cost": 12.677402636718751, "noise_cost": 11.788993377180132, "n_waypoints_completed": 9, "tot_waypoints": 9}}
{"target": -169.39148273921438, "params": {"k_pid_pos": [0.5207140539644218, 0.004150225651519867, 0.01141629431793497], "k_pid_alt": [1.4958950531095028, 0.00012161252976742974, 0.002465315626403306], "k_pid_att": [32.61377713430225, 5.43938543043911, 0.6798699612335791], "k_pid_yaw": [0.5, 1e-06, 0.1], "k_pid_hsp": [0.10650862116147607, 0.007488039588058976, 0.0], "k_pid_vsp": [126.09780346325486, 218.89457183845215, 0.7218603404506873]}, "datetime": {"datetime": "2025-08-20 20:23:06", "elapsed": 30641.180377721786, "delta": 16.01913332939148}, "costs": {"total_cost": 169.39148273921438, "time_cost": 72.19200000000001, "final_distance_cost": 1.8263831062339861, "oscillation_cost": 21.29016053068819, "completition_cost": 0.0, "overshoot_cost": 50.1981503937378, "power_cost": 12.204361132812501, "noise_cost": 11.680427575741895, "n_waypoints_completed": 9, "tot_waypoints": 9}}
{"target": -170.02388621545563, "params": {"k_pid_pos": [0.6234571969146822, 0.0025574025612125303, 0.010110128906206021], "k_pid_alt": [1.725775173295612, 0.00010658697808873603, 0.0021154077597665007], "k_pid_att": [23.165421859351962, 6.199312762182639, 0.6535269109269636], "k_pid_yaw": [0.5, 1e-06, 0.1], "k_pid_hsp": [0.08850899259295153, 0.0040668286677774486, 0.0], "k_pid_vsp": [177.56145270717104, 172.33420372062218, 0.8337533675263108]}, "datetime": {"datetime": "2025-08-20 20:23:23", "elapsed": 30658.02668094635, "delta": 16.8463032245636}, "costs": {"total_cost": 170.02388621545563, "time_cost": 71.608, "final_distance_cost": 1.7888374459602234, "oscillation_cost": 21.6830522896516, "completition_cost": 0.0, "overshoot_cost": 51.26997597544034, "power_cost": 12.205599084472658, "noise_cost": 11.468421419930833, "n_waypoints_completed": 9, "tot_waypoints": 9}}
{"target": -171.5869783052, "params": {"k_pid_pos": [0.4927495980819577, 0.0037193684248455136, 0.00838743714430285], "k_pid_alt": [1.8161926840250244, 0.00011932892961050258, 0.002144647658869372], "k_pid_att": [20.90111656301778, 7.221212431678857, 0.6310032430831463], "k_pid_yaw": [0.5, 1e-06, 0.1], "k_pid_hsp": [0.13073318566583117, 0.006347996073136548, 0.0], "k_pid_vsp": [213.41507903616, 183.34778308744168, 0.5465045844320823]}, "datetime": {"datetime": "2025-08-20 20:23:39", "elapsed": 30673.847164154053, "delta": 15.820483207702637}, "costs": {"total_cost": 171.5869783052, "time_cost": 73.296, "final_distance_cost": 1.8462282954208216, "oscillation_cost": 21.655477863582018, "completition_cost": 0.0, "overshoot_cost": 50.528186014877804, "power_cost": 12.347619213867189, "noise_cost": 11.913466917452178, "n_waypoints_completed": 9, "tot_waypoints": 9}}
{"target": -169.94701504525656, "params": {"k_pid_pos": [0.5675769506157716, 0.004388920887733964, 0.010112598630069003], "k_pid_alt": [2.0, 0.00014295756433400518, 0.0025665305244393327], "k_pid_att": [27.970268843614573, 8.599710682305853, 0.6198006354604809], "k_pid_yaw": [0.5, 1e-06, 0.1], "k_pid_hsp": [0.09078383357007751, 0.004306934396824211, 0.0], "k_pid_vsp": [231.6301772958188, 251.01304862772358, 0.8536377353957935]}, "datetime": {"datetime": "2025-08-20 20:23:57", "elapsed": 30691.56582045555, "delta": 17.718656301498413}, "costs": {"total_cost": 169.94701504525656, "time_cost": 72.016, "final_distance_cost": 1.8007140366608372, "oscillation_cost": 20.82714953153769, "completition_cost": 0.0, "overshoot_cost": 51.20403814572225, "power_cost": 12.439281958007813, "noise_cost": 11.659831373327949, "n_waypoints_completed": 9, "tot_waypoints": 9}}
{"target": -170.22894880081884, "params": {"k_pid_pos": [0.453577680778152, 0.00468855088341833, 0.008257227919027632], "k_pid_alt": [1.8914201984399808, 0.0001152642953740544, 0.002196825681707258], "k_pid_att": [31.47729920932922, 7.779971226862, 0.6920824016906696], "k_pid_yaw": [0.5, 1e-06, 0.1], "k_pid_hsp": [0.10149462513585643, 0.005001992908460501, 0.0], "k_pid_vsp": [163.8200662913472, 182.06666137199534, 0.6928565718250139]}, "datetime": {"datetime": "2025-08-20 20:24:14", "elapsed": 30708.875148057938, "delta": 17.309327602386475}, "costs": {"total_cost": 170.22894880081884, "time_cost": 73.752, "final_distance_cost": 1.834631857211041, "oscillation_cost": 19.236224300430617, "completition_cost": 0.0, "overshoot_cost": 50.892624803913336, "power_cost": 12.498016027832032, "noise_cost": 12.015451811431827, "n_waypoints_completed": 9, "tot_waypoints": 9}}
{"target": -177.27122642721852, "params": {"k_pid_pos": [0.3080884553573949, 0.0038061514809667844, 0.013240817473953068], "k_pid_alt": [2.0, 0.00013398980839521776, 0.0021009574553183734], "k_pid_att": [31.886623090702866, 6.196091044852881, 0.5373331100703643], "k_pid_yaw": [0.5, 1e-06, 0.1], "k_pid_hsp": [0.07157168041273108, 0.00689597346268854, 0.0], "k_pid_vsp": [170.57074403572742, 256.41304796939534, 0.7351952908607783]}, "datetime": {"datetime": "2025-08-20 20:24:33", "elapsed": 30727.767481565475, "delta": 18.892333507537842}, "costs": {"total_cost": 177.27122642721852, "time_cost": 81.0, "final_distance_cost": 1.8529164970536132, "oscillation_cost": 14.442072360697882, "completition_cost": 0.0, "overshoot_cost": 53.168962937683176, "power_cost": 13.249984204101564, "noise_cost": 13.557290427682295, "n_waypoints_completed": 9, "tot_waypoints": 9}}
{"target": -171.79334410913998, "params": {"k_pid_pos": [0.4956920976131953, 0.004163201268068329, 0.009506694854805814], "k_pid_alt": [2.0, 0.00011031998486357441, 0.001685109404175096], "k_pid_att": [41.137542295578854, 8.084303540578995, 0.6662532124394038], "k_pid_yaw": [0.5, 1e-06, 0.1], "k_pid_hsp": [0.07083458951340017, 0.007965402317969472, 0.0], "k_pid_vsp": [145.7485850194665, 231.58624910952798, 0.9463529774514213]}, "datetime": {"datetime": "2025-08-20 20:24:53", "elapsed": 30747.600027799606, "delta": 19.83254623413086}, "costs": {"total_cost": 171.79334410913998, "time_cost": 74.92, "final_distance_cost": 1.811776662747233, "oscillation_cost": 18.35155150151657, "completition_cost": 0.0, "overshoot_cost": 52.274782746207315, "power_cost": 12.442806311035158, "noise_cost": 11.992426887633725, "n_waypoints_completed": 9, "tot_waypoints": 9}}
{"target": -169.27737513344533, "params": {"k_pid_pos": [0.706141427000235, 0.002682075441170909, 0.008379511869495072], "k_pid_alt": [1.641179210682293, 0.00013955173172876354, 0.0016005867594185402], "k_pid_att": [35.50461792218368, 5.789539248713819, 0.6839422749724499], "k_pid_yaw": [0.5, 1e-06, 0.1], "k_pid_hsp": [0.12284014290897309, 0.005039659764104994, 0.0], "k_pid_vsp": [211.95320159771117, 163.28985784250904, 0.6872888398339138]}, "datetime": {"datetime": "2025-08-20 20:25:08", "elapsed": 30763.19496035576, "delta": 15.594932556152344}, "costs": {"total_cost": 169.27737513344533, "time_cost": 70.248, "final_distance_cost": 1.8034613528799006, "oscillation_cost": 23.773373666167778, "completition_cost": 0.0, "overshoot_cost": 50.62736630668469, "power_cost": 11.665480236816407, "noise_cost": 11.159693570896545, "n_waypoints_completed": 9, "tot_waypoints": 9}}
{"target": -170.0077525055357, "params": {"k_pid_pos": [0.6207280812258299, 0.0037387690630985015, 0.009205161839625572], "k_pid_alt": [1.4132728639047396, 0.00011817805379427236, 0.0017597650490135737], "k_pid_att": [30.77724206662495, 7.327739631672453, 0.8661498058210991], "k_pid_yaw": [0.5, 1e-06, 0.1], "k_pid_hsp": [0.09418295048963739, 0.0030405984617022947, 0.0], "k_pid_vsp": [239.36422243987798, 268.5625659672059, 1.1920170923741253]}, "datetime": {"datetime": "2025-08-20 20:25:25", "elapsed": 30779.7671353817, "delta": 16.57217502593994}, "costs": {"total_cost": 170.0077525055357, "time_cost": 71.52, "final_distance_cost": 1.8116943800651961, "oscillation_cost": 21.669017847483104, "completition_cost": 0.0, "overshoot_cost": 51.35267244498848, "power_cost": 12.130977380371094, "noise_cost": 11.523390452627824, "n_waypoints_completed": 9, "tot_waypoints": 9}}
{"target": -169.2975769650727, "params": {"k_pid_pos": [0.5279102082939519, 0.00442146075189503, 0.005592103168576098], "k_pid_alt": [1.3184522224117738, 0.0001441833484046149, 0.0023115092694159637], "k_pid_att": [22.655469920125253, 5.310955275147342, 0.46316261923404367], "k_pid_yaw": [0.5, 1e-06, 0.1], "k_pid_hsp": [0.08548543119360218, 0.006239189262060938, 0.0], "k_pid_vsp": [327.6326152445934, 247.11844832122267, 0.9125977662444188]}, "datetime": {"datetime": "2025-08-20 20:25:41", "elapsed": 30795.629763126373, "delta": 15.862627744674683}, "costs": {"total_cost": 169.2975769650727, "time_cost": 72.70400000000001, "final_distance_cost": 1.8177825876469602, "oscillation_cost": 19.87935533076793, "completition_cost": 0.0, "overshoot_cost": 51.49030617183695, "power_cost": 11.921160314941407, "noise_cost": 11.48497255987945, "n_waypoints_completed": 9, "tot_waypoints": 9}}
