{"target": -168.86914301120822, "params": {"k_pid_pos": [0.4744050890783415, 0.0040852758016103954, 0.009723017915487181], "k_pid_alt": [2.0, 0.00011847533703882023, 0.002002421417099008], "k_pid_att": [32.95403368661263, 4.856066537547009, 0.5527320217041463], "k_pid_yaw": [0.5, 1e-06, 0.1], "k_pid_hsp": [0.10039711305474265, 0.005207550454438534, 0.0], "k_pid_vsp": [216.44085167565837, 255.4771623929363, 0.6462695029588729]}, "datetime": {"datetime": "2025-08-20 19:43:36", "elapsed": 28270.721010684967, "delta": 15.760395288467407}, "costs": {"total_cost": 168.86914301120822, "time_cost": 73.256, "final_distance_cost": 1.8448059220422792, "oscillation_cost": 19.454818176179636, "completition_cost": 0.0, "overshoot_cost": 50.915602043058236, "power_cost": 11.781575634765625, "noise_cost": 11.616341235162425, "n_waypoints_completed": 9, "tot_waypoints": 9}}
{"target": -169.59403691086152, "params": {"k_pid_pos": [0.6349622373805653, 0.004285989703474074, 0.008383987336717927], "k_pid_alt": [1.9111288887978475, 0.00016451841492594828, 0.0018487040712498995], "k_pid_att": [26.233490008902844, 7.505064894859559, 0.5144385772571081], "k_pid_yaw": [0.5, 1e-06, 0.1], "k_pid_hsp": [0.10134131180951685, 0.0035334426502112537, 0.0], "k_pid_vsp": [265.03475109323176, 226.97695601151156, 0.6893890559532482]}, "datetime": {"datetime": "2025-08-20 19:43:52", "elapsed": 28287.379733085632, "delta": 16.658722400665283}, "costs": {"total_cost": 169.59403691086152, "time_cost": 71.12, "final_distance_cost": 1.8057901883357006, "oscillation_cost": 22.37457218709838, "completition_cost": 0.0, "overshoot_cost": 50.85221004946567, "power_cost": 12.11304471435547, "noise_cost": 11.3284197716063, "n_waypoints_completed": 9, "tot_waypoints": 9}}
{"target": -169.678482986947, "params": {"k_pid_pos": [0.5562332909539881, 0.004127658633576102, 0.011684066203542634], "k_pid_alt": [1.8745721986361967, 0.00013573272118354678, 0.0018827472587341874], "k_pid_att": [24.296874680152957, 4.2706020762091175, 0.608617843178259], "k_pid_yaw": [0.5, 1e-06, 0.1], "k_pid_hsp": [0.11109539974085932, 0.006396713950132041, 0.0], "k_pid_vsp": [223.56477719431282, 194.7949688419568, 0.7646556765772039]}, "datetime": {"datetime": "2025-08-20 19:44:09", "elapsed": 28303.940063238144, "delta": 16.560330152511597}, "costs": {"total_cost": 169.678482986947, "time_cost": 71.664, "final_distance_cost": 1.8184593556942863, "oscillation_cost": 21.491520486255762, "completition_cost": 0.0, "overshoot_cost": 51.094564939024714, "power_cost": 12.05505546875, "noise_cost": 11.554882737222218, "n_waypoints_completed": 9, "tot_waypoints": 9}}
{"target": -169.62478633954146, "params": {"k_pid_pos": [0.48944695359956, 0.003341789459294522, 0.010216361736006102], "k_pid_alt": [1.4963196831973251, 0.0001450402183887311, 0.0022660812836068117], "k_pid_att": [35.817019306205076, 6.285987180890253, 0.6485299998740762], "k_pid_yaw": [0.5, 1e-06, 0.1], "k_pid_hsp": [0.09316859670318106, 0.006338210588411423, 0.0], "k_pid_vsp": [221.3076233501039, 187.14061745933506, 0.6030503486249701]}, "datetime": {"datetime": "2025-08-20 19:44:28", "elapsed": 28322.72051024437, "delta": 18.780447006225586}, "costs": {"total_cost": 169.62478633954146, "time_cost": 72.896, "final_distance_cost": 1.8405741566825267, "oscillation_cost": 19.257965429712513, "completition_cost": 0.0, "overshoot_cost": 51.495978983915734, "power_cost": 12.393090478515626, "noise_cost": 11.741177290715052, "n_waypoints_completed": 9, "tot_waypoints": 9}}
{"target": -169.69380826934642, "params": {"k_pid_pos": [0.569110984601874, 0.003916362825549841, 0.012315381824211399], "k_pid_alt": [1.9859961582326402, 0.00013039698355563634, 0.0015598208270446497], "k_pid_att": [29.4181503715982, 7.116082957797356, 0.48123697875050725], "k_pid_yaw": [0.5, 1e-06, 0.1], "k_pid_hsp": [0.11027031815180798, 0.006581498538433691, 0.0], "k_pid_vsp": [173.32173210433996, 268.49252708742046, 0.6125688976464324]}, "datetime": {"datetime": "2025-08-20 19:44:44", "elapsed": 28338.93108534813, "delta": 16.210575103759766}, "costs": {"total_cost": 169.69380826934642, "time_cost": 71.488, "final_distance_cost": 1.8298745866477677, "oscillation_cost": 22.341117254529358, "completition_cost": 0.0, "overshoot_cost": 50.46883204042211, "power_cost": 12.104935424804689, "noise_cost": 11.461048962942499, "n_waypoints_completed": 9, "tot_waypoints": 9}}
{"target": -170.92000018443403, "params": {"k_pid_pos": [0.7096679523430022, 0.00439538995532882, 0.009934293606646473], "k_pid_alt": [2.0, 0.00012945140955262612, 0.0015272410585088613], "k_pid_att": [34.523970510357806, 3.37386158193079, 0.7756042272125692], "k_pid_yaw": [0.5, 1e-06, 0.1], "k_pid_hsp": [0.08854448923568457, 0.007966865788369158, 0.0], "k_pid_vsp": [226.57896199913353, 265.9044973692037, 0.969125028452709]}, "datetime": {"datetime": "2025-08-20 19:45:00", "elapsed": 28355.020293712616, "delta": 16.089208364486694}, "costs": {"total_cost": 170.92000018443403, "time_cost": 71.368, "final_distance_cost": 1.8090777886087588, "oscillation_cost": 23.395691512050224, "completition_cost": 0.0, "overshoot_cost": 50.68528777356433, "power_cost": 12.297940698242188, "noise_cost": 11.364002411968523, "n_waypoints_completed": 9, "tot_waypoints": 9}}
{"target": -170.30916298039736, "params": {"k_pid_pos": [0.6092413943936145, 0.0035873746665769923, 0.00887430798819298], "k_pid_alt": [1.9376569171922042, 0.00013822687148159143, 0.0024442922141092002], "k_pid_att": [27.96391320393579, 6.527746260189526, 0.9241160719113225], "k_pid_yaw": [0.5, 1e-06, 0.1], "k_pid_hsp": [0.11707880428132128, 0.002577705434428341, 0.0], "k_pid_vsp": [159.33909648230926, 187.0612905311274, 0.6971919869206729]}, "datetime": {"datetime": "2025-08-20 19:45:18", "elapsed": 28372.895355701447, "delta": 17.875061988830566}, "costs": {"total_cost": 170.30916298039736, "time_cost": 71.28, "final_distance_cost": 1.8286414796172419, "oscillation_cost": 22.543441519913156, "completition_cost": 0.0, "overshoot_cost": 51.10722648553245, "power_cost": 12.08044345703125, "noise_cost": 11.469410038303273, "n_waypoints_completed": 9, "tot_waypoints": 9}}
{"target": -170.48979333200853, "params": {"k_pid_pos": [0.6256414683469435, 0.004621301576528083, 0.011846337873906973], "k_pid_alt": [2.0, 0.00015545747657402274, 0.0025292113469548828], "k_pid_att": [26.62960242844011, 4.160238154466792, 0.732321218327859], "k_pid_yaw": [0.5, 1e-06, 0.1], "k_pid_hsp": [0.12687894327972302, 0.007980423230947893, 0.0], "k_pid_vsp": [233.99962990851986, 238.17314281498093, 0.9477045780999381]}, "datetime": {"datetime": "2025-08-20 19:45:34", "elapsed": 28389.276977300644, "delta": 16.381621599197388}, "costs": {"total_cost": 170.48979333200853, "time_cost": 70.848, "final_distance_cost": 1.8203214039645939, "oscillation_cost": 23.781890132522772, "completition_cost": 0.0, "overshoot_cost": 50.17757589638543, "power_cost": 12.402142382812501, "noise_cost": 11.459863516323232, "n_waypoints_completed": 9, "tot_waypoints": 9}}
{"target": -175.99946313473066, "params": {"k_pid_pos": [0.5962600661376934, 0.0038575667252687025, 0.011444271092313982], "k_pid_alt": [1.9166145803475132, 0.00012699732187937385, 0.0022624471066697437], "k_pid_att": [29.995747353797213, 5.682558212221184, 0.7610502890071976], "k_pid_yaw": [0.5, 1e-06, 0.1], "k_pid_hsp": [0.05946527860573275, 0.005377600765214085, 0.0], "k_pid_vsp": [139.0110447308825, 306.95075561917275, 0.6542658373635534]}, "datetime": {"datetime": "2025-08-20 19:45:52", "elapsed": 28406.916304588318, "delta": 17.63932728767395}, "costs": {"total_cost": 175.99946313473066, "time_cost": 76.608, "final_distance_cost": 1.7956900477790307, "oscillation_cost": 18.789735047141544, "completition_cost": 0.0, "overshoot_cost": 53.565341178872735, "power_cost": 12.939390686035157, "noise_cost": 12.301306174902185, "n_waypoints_completed": 9, "tot_waypoints": 9}}
{"target": -169.99174763124068, "params": {"k_pid_pos": [0.5893446800273514, 0.006270947399494259, 0.011004467794712836], "k_pid_alt": [2.0, 6.67143418624749e-05, 0.0015591717653880039], "k_pid_att": [29.809883108316807, 7.522395084561354, 0.5589229929324784], "k_pid_yaw": [0.5, 1e-06, 0.1], "k_pid_hsp": [0.11461632441578877, 0.0061053674526976645, 0.0], "k_pid_vsp": [204.81627872275655, 230.23633300284678, 0.5671332022831913]}, "datetime": {"datetime": "2025-08-20 19:46:07", "elapsed": 28422.165401935577, "delta": 15.249097347259521}, "costs": {"total_cost": 169.99174763124068, "time_cost": 71.264, "final_distance_cost": 1.8150952795891344, "oscillation_cost": 22.506129180988033, "completition_cost": 0.0, "overshoot_cost": 50.979610899815796, "power_cost": 12.00098828125, "noise_cost": 11.425923989597724, "n_waypoints_completed": 9, "tot_waypoints": 9}}
{"target": -171.41721709972015, "params": {"k_pid_pos": [0.7438110640570313, 0.00472195954625371, 0.009583750439414623], "k_pid_alt": [2.0, 0.00014954264843155312, 0.0024618208371582216], "k_pid_att": [42.864275130231306, 5.565023749063596, 0.8535692037179171], "k_pid_yaw": [0.5, 1e-06, 0.1], "k_pid_hsp": [0.09131129618750446, 0.0029503240826580525, 0.0], "k_pid_vsp": [166.27305352457327, 262.17233813476713, 0.8756017008603777]}, "datetime": {"datetime": "2025-08-20 19:46:25", "elapsed": 28439.777063846588, "delta": 17.611661911010742}, "costs": {"total_cost": 171.41721709972015, "time_cost": 71.04, "final_distance_cost": 1.7958556196114763, "oscillation_cost": 23.26828009279003, "completition_cost": 0.0, "overshoot_cost": 51.74383122550158, "power_cost": 12.143224572753907, "noise_cost": 11.426025589063158, "n_waypoints_completed": 9, "tot_waypoints": 9}}
{"target": -173.9815483533394, "params": {"k_pid_pos": [0.3860838663079413, 0.00458081549164087, 0.006399142736778759], "k_pid_alt": [1.8466594947567747, 0.00013622240520817485, 0.001971929381451524], "k_pid_att": [39.704406022094695, 5.258505905893315, 0.6644058028726977], "k_pid_yaw": [0.5, 1e-06, 0.1], "k_pid_hsp": [0.1059282632133232, 0.006468651170607016, 0.0], "k_pid_vsp": [207.16275641973348, 172.2104605211716, 0.7847167381361996]}, "datetime": {"datetime": "2025-08-20 19:46:41", "elapsed": 28456.243210077286, "delta": 16.466146230697632}, "costs": {"total_cost": 173.9815483533394, "time_cost": 76.944, "final_distance_cost": 1.8514419658830412, "oscillation_cost": 18.156927214091795, "completition_cost": 0.0, "overshoot_cost": 51.50967890906255, "power_cost": 12.822288244628908, "noise_cost": 12.69721201967313, "n_waypoints_completed": 9, "tot_waypoints": 9}}
{"target": -170.0743151226425, "params": {"k_pid_pos": [0.5636187177849005, 0.005396037808468476, 0.006581143611279008], "k_pid_alt": [1.9184787022367, 0.00019127903990564035, 0.0018441505324207413], "k_pid_att": [34.042144172503164, 5.84588186852491, 0.7240335533997754], "k_pid_yaw": [0.5, 1e-06, 0.1], "k_pid_hsp": [0.1191537864099797, 0.0056131753873245455, 0.0], "k_pid_vsp": [227.00077197460078, 160.05381091044524, 0.5171519490869236]}, "datetime": {"datetime": "2025-08-20 19:46:58", "elapsed": 28473.23704457283, "delta": 16.993834495544434}, "costs": {"total_cost": 170.0743151226425, "time_cost": 71.624, "final_distance_cost": 1.8269734252707712, "oscillation_cost": 21.83215447628236, "completition_cost": 0.0, "overshoot_cost": 50.75787277510725, "power_cost": 12.39186336669922, "noise_cost": 11.641451079282911, "n_waypoints_completed": 9, "tot_waypoints": 9}}
{"target": -175.93591214371975, "params": {"k_pid_pos": [0.5485054991587252, 0.003864205752799617, 0.008810987843130363], "k_pid_alt": [1.7953074711443004, 0.0001498970709373359, 0.0017696981944493803], "k_pid_att": [32.10684890631561, 10.0, 0.775972924129951], "k_pid_yaw": [0.5, 1e-06, 0.1], "k_pid_hsp": [0.057511349252966935, 0.005602248371878665, 0.0], "k_pid_vsp": [183.11829832424624, 262.1440241951223, 0.8293273616275229]}, "datetime": {"datetime": "2025-08-20 19:47:16", "elapsed": 28491.271045207977, "delta": 18.034000635147095}, "costs": {"total_cost": 175.93591214371975, "time_cost": 77.512, "final_distance_cost": 1.799533495156018, "oscillation_cost": 17.760594515229354, "completition_cost": 0.0, "overshoot_cost": 53.59837660666026, "power_cost": 12.928949426269531, "noise_cost": 12.336458100404597, "n_waypoints_completed": 9, "tot_waypoints": 9}}
{"target": -169.05631284856454, "params": {"k_pid_pos": [0.67304956979047, 0.004883787342363051, 0.00432196569067663], "k_pid_alt": [2.0, 0.00015045845904381494, 0.001602733957072107], "k_pid_att": [22.70816574893601, 5.852721558728892, 0.5284093235780073], "k_pid_yaw": [0.5, 1e-06, 0.1], "k_pid_hsp": [0.12538770573369337, 0.0075459015890634385, 0.0], "k_pid_vsp": [326.0813232006647, 223.6030551883886, 0.6648462895110333]}, "datetime": {"datetime": "2025-08-20 19:47:31", "elapsed": 28506.494837999344, "delta": 15.223792791366577}, "costs": {"total_cost": 169.05631284856454, "time_cost": 70.47200000000001, "final_distance_cost": 1.8276048862730987, "oscillation_cost": 23.644666895543782, "completition_cost": 0.0, "overshoot_cost": 50.277543895624156, "power_cost": 11.7157703125, "noise_cost": 11.118726858623493, "n_waypoints_completed": 9, "tot_waypoints": 9}}
{"target": -171.5885554470173, "params": {"k_pid_pos": [0.4468203492867929, 0.005978865001724218, 0.010865269929852208], "k_pid_alt": [1.9255667717772944, 0.00011985072095510147, 0.0023875692259572915], "k_pid_att": [36.51310568208256, 6.78259202788286, 0.6808581201383282], "k_pid_yaw": [0.5, 1e-06, 0.1], "k_pid_hsp": [0.11074450229222839, 0.004655509017577396, 0.0], "k_pid_vsp": [205.41316156041327, 141.45033416220113, 0.7328432162317237]}, "datetime": {"datetime": "2025-08-20 19:47:50", "elapsed": 28525.161153316498, "delta": 18.66631531715393}, "costs": {"total_cost": 171.5885554470173, "time_cost": 74.32000000000001, "final_distance_cost": 1.850154542693546, "oscillation_cost": 19.189837821527625, "completition_cost": 0.0, "overshoot_cost": 51.61293752888007, "power_cost": 12.467296044921875, "noise_cost": 12.14832950899417, "n_waypoints_completed": 9, "tot_waypoints": 9}}
{"target": -169.34813540303077, "params": {"k_pid_pos": [0.5315524712675854, 0.006226236210697851, 0.01275397485041061], "k_pid_alt": [1.7285800474109196, 0.00015497037802995325, 0.0017322350691732272], "k_pid_att": [28.054727970024626, 5.951879680833565, 0.7929416671070889], "k_pid_yaw": [0.5, 1e-06, 0.1], "k_pid_hsp": [0.09523521514980783, 0.005917007572064052, 0.0], "k_pid_vsp": [187.9737707254217, 279.78153739556, 0.9891968535720964]}, "datetime": {"datetime": "2025-08-20 19:48:06", "elapsed": 28540.704226732254, "delta": 15.543073415756226}, "costs": {"total_cost": 169.34813540303077, "time_cost": 72.104, "final_distance_cost": 1.8306101189396269, "oscillation_cost": 20.503296481979213, "completition_cost": 0.0, "overshoot_cost": 50.91733696763602, "power_cost": 12.362094885253907, "noise_cost": 11.630796949222033, "n_waypoints_completed": 9, "tot_waypoints": 9}}
{"target": -170.0422948549378, "params": {"k_pid_pos": [0.6126803274000204, 0.004744313496746765, 0.011861766085467218], "k_pid_alt": [2.0, 0.00018357071306207906, 0.001812693216913805], "k_pid_att": [30.08629523395838, 7.024376491007051, 0.24923907425007474], "k_pid_yaw": [0.5, 1e-06, 0.1], "k_pid_hsp": [0.08696604076517267, 0.006406154008799473, 0.0], "k_pid_vsp": [229.92501709200118, 226.9360803930637, 0.8778700743675992]}, "datetime": {"datetime": "2025-08-20 19:48:23", "elapsed": 28558.48873448372, "delta": 17.784507751464844}, "costs": {"total_cost": 170.0422948549378, "time_cost": 71.83200000000001, "final_distance_cost": 1.7901899476433287, "oscillation_cost": 21.719290923502644, "completition_cost": 0.0, "overshoot_cost": 51.49345680993215, "power_cost": 11.901645922851563, "noise_cost": 11.305711251008109, "n_waypoints_completed": 9, "tot_waypoints": 9}}
{"target": -170.75352964385422, "params": {"k_pid_pos": [0.6155518423786103, 0.004809164640711441, 0.015578457313825228], "k_pid_alt": [2.0, 5.162760751453984e-05, 0.0020022228191449135], "k_pid_att": [30.959359323638136, 6.301968187133329, 0.515999853447185], "k_pid_yaw": [0.5, 1e-06, 0.1], "k_pid_hsp": [0.07652043675058555, 0.0044203042837759055, 0.0], "k_pid_vsp": [256.31745850776207, 238.18225319078635, 0.9184814856606529]}, "datetime": {"datetime": "2025-08-20 19:48:39", "elapsed": 28574.134092330933, "delta": 15.645357847213745}, "costs": {"total_cost": 170.75352964385422, "time_cost": 73.24, "final_distance_cost": 1.7911303361122761, "oscillation_cost": 20.550305263167875, "completition_cost": 0.0, "overshoot_cost": 51.68460811180412, "power_cost": 11.9911619140625, "noise_cost": 11.496324018707456, "n_waypoints_completed": 9, "tot_waypoints": 9}}
{"target": -169.1714810635424, "params": {"k_pid_pos": [0.5180350521111746, 0.004461387767743664, 0.009677565945454512], "k_pid_alt": [2.0, 0.00010446993402846031, 0.0019613294159516906], "k_pid_att": [33.45733014520499, 7.87967577729335, 0.5297026574948721], "k_pid_yaw": [0.5, 1e-06, 0.1], "k_pid_hsp": [0.09007786409597567, 0.006476300591244366, 0.0], "k_pid_vsp": [261.3311201977136, 186.66706147499553, 0.6973705059907734]}, "datetime": {"datetime": "2025-08-20 19:48:56", "elapsed": 28591.008435726166, "delta": 16.874343395233154}, "costs": {"total_cost": 169.1714810635424, "time_cost": 72.528, "final_distance_cost": 1.8150791816839096, "oscillation_cost": 19.779856057788404, "completition_cost": 0.0, "overshoot_cost": 51.0858616982685, "power_cost": 12.25771981201172, "noise_cost": 11.704964313789834, "n_waypoints_completed": 9, "tot_waypoints": 9}}
{"target": -170.50590008260585, "params": {"k_pid_pos": [0.5693584484741502, 0.005573137838811931, 0.00722876291052892], "k_pid_alt": [1.6451273172134548, 0.00016584103164788027, 0.0018731754421453832], "k_pid_att": [34.74037529796937, 8.002814027459054, 0.6609422177856251], "k_pid_yaw": [0.5, 1e-06, 0.1], "k_pid_hsp": [0.1184174478140038, 0.005290128623305586, 0.0], "k_pid_vsp": [311.68681631090834, 235.08317564533846, 0.9171960793760713]}, "datetime": {"datetime": "2025-08-20 19:49:12", "elapsed": 28606.820347309113, "delta": 15.811911582946777}, "costs": {"total_cost": 170.50590008260585, "time_cost": 71.496, "final_distance_cost": 1.8322692430632186, "oscillation_cost": 22.676009890019067, "completition_cost": 0.0, "overshoot_cost": 50.90134050515562, "power_cost": 12.168200708007813, "noise_cost": 11.432079736360134, "n_waypoints_completed": 9, "tot_waypoints": 9}}
{"target": -169.76151987437459, "params": {"k_pid_pos": [0.514194170579116, 0.0028657467935084987, 0.01066322910453914], "k_pid_alt": [2.0, 0.00011147929989421442, 0.0020206609939536833], "k_pid_att": [31.480663626524933, 6.26290273377091, 0.4995518988348267], "k_pid_yaw": [0.5, 1e-06, 0.1], "k_pid_hsp": [0.10469295383791116, 0.006671117781175404, 0.0], "k_pid_vsp": [139.80750856921983, 216.9248551374629, 0.8987946470554635]}, "datetime": {"datetime": "2025-08-20 19:49:28", "elapsed": 28623.42495894432, "delta": 16.60461163520813}, "costs": {"total_cost": 169.76151987437459, "time_cost": 72.368, "final_distance_cost": 1.8375682386621326, "oscillation_cost": 20.53758364624446, "completition_cost": 0.0, "overshoot_cost": 50.99184694839345, "power_cost": 12.36658935546875, "noise_cost": 11.659931685605775, "n_waypoints_completed": 9, "tot_waypoints": 9}}
{"target": -169.8481437374348, "params": {"k_pid_pos": [0.5512088015810442, 0.0034845276407632596, 0.008599709038946983], "k_pid_alt": [1.5261046170663277, 0.00011007481554267608, 0.002222440277572925], "k_pid_att": [37.56619895595386, 8.06515207165374, 0.7129325203505181], "k_pid_yaw": [0.5, 1e-06, 0.1], "k_pid_hsp": [0.11963387265139462, 0.007197429568399139, 0.0], "k_pid_vsp": [172.6645524023065, 274.55639400979476, 0.9473452871393855]}, "datetime": {"datetime": "2025-08-20 19:49:45", "elapsed": 28639.885843276978, "delta": 16.46088433265686}, "costs": {"total_cost": 169.8481437374348, "time_cost": 71.72, "final_distance_cost": 1.8364048485171363, "oscillation_cost": 22.27648213540553, "completition_cost": 0.0, "overshoot_cost": 50.38921895135379, "power_cost": 12.149595031738281, "noise_cost": 11.476442770420077, "n_waypoints_completed": 9, "tot_waypoints": 9}}
{"target": -170.07799317811327, "params": {"k_pid_pos": [0.5132289497970067, 0.004546556917182401, 0.008267025566724527], "k_pid_alt": [2.0, 0.00017180312986987394, 0.0014025618263545283], "k_pid_att": [23.614704937222758, 10.0, 0.8597262863661917], "k_pid_yaw": [0.5, 1e-06, 0.1], "k_pid_hsp": [0.10602960224231049, 0.006118042516681501, 0.0], "k_pid_vsp": [190.60243635411953, 166.03823092083664, 0.7048439060406685]}, "datetime": {"datetime": "2025-08-20 19:50:00", "elapsed": 28655.47093439102, "delta": 15.58509111404419}, "costs": {"total_cost": 170.07799317811327, "time_cost": 72.34400000000001, "final_distance_cost": 1.8233896574095891, "oscillation_cost": 20.76938684554463, "completition_cost": 0.0, "overshoot_cost": 51.386093966200555, "power_cost": 12.137001721191407, "noise_cost": 11.61812098776707, "n_waypoints_completed": 9, "tot_waypoints": 9}}
{"target": -169.81622535281673, "params": {"k_pid_pos": [0.5890805258500099, 0.004333515982501651, 0.007798663965482378], "k_pid_alt": [2.0, 8.251708438146903e-05, 0.002508118128432203], "k_pid_att": [26.467443979011176, 5.154893565442498, 0.6220574073740667], "k_pid_yaw": [0.5, 1e-06, 0.1], "k_pid_hsp": [0.10497052140650898, 0.006438679486224633, 0.0], "k_pid_vsp": [212.86810684827228, 142.6175786206068, 1.0390370688436756]}, "datetime": {"datetime": "2025-08-20 19:50:17", "elapsed": 28671.896505832672, "delta": 16.42557144165039}, "costs": {"total_cost": 169.81622535281673, "time_cost": 71.36, "final_distance_cost": 1.8258445450382832, "oscillation_cost": 22.15590717482834, "completition_cost": 0.0, "overshoot_cost": 50.83507039386085, "power_cost": 12.189644384765625, "noise_cost": 11.449758854323653, "n_waypoints_completed": 9, "tot_waypoints": 9}}
