{"target": -171.1934686067954, "params": {"k_pid_pos": [0.46558267184774843, 0.003402196131207289, 0.010933993351951004], "k_pid_alt": [1.6353777395107933, 0.00013839471276001617, 0.001721843460372808], "k_pid_att": [31.372197804537816, 5.288808830004283, 0.5366088555031867], "k_pid_yaw": [0.5, 1e-06, 0.1], "k_pid_hsp": [0.11435020537724162, 0.00635844715934961, 0.0], "k_pid_vsp": [207.56981761395286, 180.20920900586734, 0.6683480299173965]}, "datetime": {"datetime": "2025-08-20 18:54:21", "elapsed": 25315.768184185028, "delta": 17.990642070770264}, "costs": {"total_cost": 171.1934686067954, "time_cost": 73.776, "final_distance_cost": 1.8434622641833418, "oscillation_cost": 20.172192033345006, "completition_cost": 0.0, "overshoot_cost": 51.08716871646879, "power_cost": 12.351069934082032, "noise_cost": 11.96357565871623, "n_waypoints_completed": 9, "tot_waypoints": 9}}
{"target": -172.52371212259123, "params": {"k_pid_pos": [0.3463262192876331, 0.003739141726123369, 0.011880187805889876], "k_pid_alt": [1.2366310250661925, 0.00011816261159699901, 0.0014342691790008265], "k_pid_att": [33.564441918503, 5.025560553855119, 0.7800842798033031], "k_pid_yaw": [0.5, 1e-06, 0.1], "k_pid_hsp": [0.06797693213294684, 0.006219557027222354, 0.0], "k_pid_vsp": [228.67073844641536, 221.6394506291243, 0.947176694052492]}, "datetime": {"datetime": "2025-08-20 18:54:38", "elapsed": 25333.3179936409, "delta": 17.549809455871582}, "costs": {"total_cost": 172.52371212259123, "time_cost": 78.504, "final_distance_cost": 1.848371149049363, "oscillation_cost": 14.56132046268245, "completition_cost": 0.0, "overshoot_cost": 52.66787684090104, "power_cost": 12.301456286621095, "noise_cost": 12.64068738333732, "n_waypoints_completed": 9, "tot_waypoints": 9}}
{"target": -953.19217741914, "params": {"k_pid_pos": [0.11533223797684511, 0.0038258066858302456, 0.009370318363183952], "k_pid_alt": [1.6431638549226115, 0.00010711756210165103, 0.0019377261896767648], "k_pid_att": [31.748437322750394, 6.671466817221046, 0.5070173444797786], "k_pid_yaw": [0.5, 1e-06, 0.1], "k_pid_hsp": [0.09527878844016584, 0.005126793958227756, 0.0], "k_pid_vsp": [268.9269631723759, 207.98991761544062, 0.7971884646347168]}, "datetime": {"datetime": "2025-08-20 18:55:01", "elapsed": 25356.193016529083, "delta": 22.875022888183594}, "costs": {"total_cost": 953.19217741914, "time_cost": 150, "final_distance_cost": 53.30739874153, "oscillation_cost": 4.226658695365672, "completition_cost": 666.6666666666667, "overshoot_cost": 49.115532425274985, "power_cost": 15.93158768310547, "noise_cost": 13.944333207197095, "n_waypoints_completed": 3, "tot_waypoints": 9}}
{"target": -174.1250683046912, "params": {"k_pid_pos": [0.6225009316424633, 0.002991981813240457, 0.010592218189901382], "k_pid_alt": [1.838501029651528, 0.00016575638408157034, 0.0009113254456691171], "k_pid_att": [35.337463337070155, 5.404161300558756, 0.8400706670498734], "k_pid_yaw": [0.5, 1e-06, 0.1], "k_pid_hsp": [0.06503532924053596, 0.007777445724738211, 0.0], "k_pid_vsp": [168.30876745758425, 158.50851489860293, 0.88495715847187]}, "datetime": {"datetime": "2025-08-20 18:55:18", "elapsed": 25373.212788581848, "delta": 17.019772052764893}, "costs": {"total_cost": 174.1250683046912, "time_cost": 74.488, "final_distance_cost": 1.7749912175025158, "oscillation_cost": 20.707331962540323, "completition_cost": 0.0, "overshoot_cost": 52.39746106347283, "power_cost": 12.821840380859376, "noise_cost": 11.935443680316144, "n_waypoints_completed": 9, "tot_waypoints": 9}}
{"target": -169.48180093111645, "params": {"k_pid_pos": [0.5440296815917968, 0.0029934971511431444, 0.009853920761946895], "k_pid_alt": [2.0, 0.00014616071756707303, 0.001617705121269839], "k_pid_att": [23.783167544691917, 9.402106950089866, 0.7969282033657251], "k_pid_yaw": [0.5, 1e-06, 0.1], "k_pid_hsp": [0.08812421904305033, 0.004352769158304018, 0.0], "k_pid_vsp": [268.7370650438336, 225.315065555135, 0.6552698584432632]}, "datetime": {"datetime": "2025-08-20 18:55:35", "elapsed": 25389.68425655365, "delta": 16.471467971801758}, "costs": {"total_cost": 169.48180093111645, "time_cost": 72.336, "final_distance_cost": 1.8324951151491562, "oscillation_cost": 20.326431010482754, "completition_cost": 0.0, "overshoot_cost": 51.404195422326765, "power_cost": 12.11319315185547, "noise_cost": 11.469486231302348, "n_waypoints_completed": 9, "tot_waypoints": 9}}
{"target": -170.3102546233005, "params": {"k_pid_pos": [0.5277133431301325, 0.0030365654393564273, 0.0090457667303571], "k_pid_alt": [2.0, 0.00013186036845926587, 0.0012116032212703275], "k_pid_att": [33.97194873261257, 7.0499575147608065, 0.4531680602895089], "k_pid_yaw": [0.5, 1e-06, 0.1], "k_pid_hsp": [0.108952623247975, 0.005610692964337087, 0.0], "k_pid_vsp": [219.95544650754405, 148.53846140690237, 0.6468054560039485]}, "datetime": {"datetime": "2025-08-20 18:55:51", "elapsed": 25405.533516407013, "delta": 15.849259853363037}, "costs": {"total_cost": 170.3102546233005, "time_cost": 72.208, "final_distance_cost": 1.8348775598493996, "oscillation_cost": 21.15047364894362, "completition_cost": 0.0, "overshoot_cost": 50.907427125533296, "power_cost": 12.512625915527344, "noise_cost": 11.69685037344683, "n_waypoints_completed": 9, "tot_waypoints": 9}}
{"target": -169.87827722913906, "params": {"k_pid_pos": [0.5411872719845493, 0.0035467928935609175, 0.010420492373147863], "k_pid_alt": [2.0, 7.485872338369352e-05, 0.001255471153251697], "k_pid_att": [32.366040674721056, 7.277046945892013, 0.6837825061315552], "k_pid_yaw": [0.5, 1e-06, 0.1], "k_pid_hsp": [0.0843495506189894, 0.0060308799752223675, 0.0], "k_pid_vsp": [110.45331968216796, 246.8789316828037, 0.5982492063421714]}, "datetime": {"datetime": "2025-08-20 18:56:07", "elapsed": 25422.053885936737, "delta": 16.52036952972412}, "costs": {"total_cost": 169.87827722913906, "time_cost": 72.56, "final_distance_cost": 1.8119188546770837, "oscillation_cost": 20.106665231656464, "completition_cost": 0.0, "overshoot_cost": 51.517240698057584, "power_cost": 12.21973543701172, "noise_cost": 11.662717007736193, "n_waypoints_completed": 9, "tot_waypoints": 9}}
{"target": -180.1660909399855, "params": {"k_pid_pos": [0.32131511024608955, 0.0023694589427766667, 0.012865230071043112], "k_pid_alt": [2.0, 0.00012926019432455533, 0.0004659390073583299], "k_pid_att": [37.151803703236546, 10.0, 0.4848786899222762], "k_pid_yaw": [0.5, 1e-06, 0.1], "k_pid_hsp": [0.09864509528522762, 0.0038812964759010415, 0.0], "k_pid_vsp": [229.07459009691942, 218.7192689573013, 0.8930255932253274]}, "datetime": {"datetime": "2025-08-20 18:56:25", "elapsed": 25440.421268701553, "delta": 18.367382764816284}, "costs": {"total_cost": 180.1660909399855, "time_cost": 82.496, "final_distance_cost": 1.8538027703825388, "oscillation_cost": 15.671512529914631, "completition_cost": 0.0, "overshoot_cost": 53.130635439420374, "power_cost": 13.220913879394532, "noise_cost": 13.793226320873403, "n_waypoints_completed": 9, "tot_waypoints": 9}}
{"target": -170.33836084117863, "params": {"k_pid_pos": [0.48367303353485225, 0.004151971473937891, 0.012021954347599678], "k_pid_alt": [2.0, 0.0001969868309373627, 0.001654919950371618], "k_pid_att": [23.965151301191167, 7.553034679417233, 0.8193277299879925], "k_pid_yaw": [0.5, 1e-06, 0.1], "k_pid_hsp": [0.0890936890828589, 0.006765946977871688, 0.0], "k_pid_vsp": [216.42714593270466, 188.6458650356765, 0.7903690687034296]}, "datetime": {"datetime": "2025-08-20 18:56:42", "elapsed": 25456.567421913147, "delta": 16.146153211593628}, "costs": {"total_cost": 170.33836084117863, "time_cost": 73.032, "final_distance_cost": 1.8245545531818599, "oscillation_cost": 19.41441068641717, "completition_cost": 0.0, "overshoot_cost": 51.66749391835158, "power_cost": 12.517410559082032, "noise_cost": 11.88249112414598, "n_waypoints_completed": 9, "tot_waypoints": 9}}
{"target": -171.98009726973933, "params": {"k_pid_pos": [0.5756636409107458, 0.0038852514423127486, 0.015123655296607896], "k_pid_alt": [2.0, 0.00013414437501208862, 0.0013465897968888575], "k_pid_att": [45.09296506273484, 10.0, 0.8093319665394896], "k_pid_yaw": [0.5, 1e-06, 0.1], "k_pid_hsp": [0.07332289041593508, 0.0067819709348042245, 0.0], "k_pid_vsp": [195.07380967403876, 216.17540795671246, 0.9816718056914852]}, "datetime": {"datetime": "2025-08-20 18:56:59", "elapsed": 25473.59243607521, "delta": 17.0250141620636}, "costs": {"total_cost": 171.98009726973933, "time_cost": 73.8, "final_distance_cost": 1.8124303189400757, "oscillation_cost": 20.248250356277417, "completition_cost": 0.0, "overshoot_cost": 51.779593413088655, "power_cost": 12.604687854003906, "noise_cost": 11.73513532742927, "n_waypoints_completed": 9, "tot_waypoints": 9}}
{"target": -170.71591333495996, "params": {"k_pid_pos": [0.4144298896311745, 0.0020048261062378483, 0.010942409775734657], "k_pid_alt": [1.6698632929279784, 0.00016603920904467926, 0.001328965043612843], "k_pid_att": [31.650466873049297, 6.17134514580614, 0.5894860970510256], "k_pid_yaw": [0.5, 1e-06, 0.1], "k_pid_hsp": [0.08052494540873789, 0.006301441701001355, 0.0], "k_pid_vsp": [168.53287575584275, 197.4382806086867, 0.585292407191968]}, "datetime": {"datetime": "2025-08-20 18:57:15", "elapsed": 25489.913853406906, "delta": 16.321417331695557}, "costs": {"total_cost": 170.71591333495996, "time_cost": 74.888, "final_distance_cost": 1.8298812820447794, "oscillation_cost": 17.12115996288204, "completition_cost": 0.0, "overshoot_cost": 51.9819270752219, "power_cost": 12.623848059082032, "noise_cost": 12.271096955729211, "n_waypoints_completed": 9, "tot_waypoints": 9}}
{"target": -168.78246446969334, "params": {"k_pid_pos": [0.5074921636544865, 0.0033303455571089507, 0.006487984755523867], "k_pid_alt": [2.0, 9.809638037451822e-05, 0.002026912553687547], "k_pid_att": [26.280127139610325, 4.191146740930875, 0.4727020231758499], "k_pid_yaw": [0.5, 1e-06, 0.1], "k_pid_hsp": [0.08772052205234941, 0.005792089138267281, 0.0], "k_pid_vsp": [273.2189346458561, 154.09527378825666, 0.7940479660007221]}, "datetime": {"datetime": "2025-08-20 18:57:33", "elapsed": 25507.539757728577, "delta": 17.625904321670532}, "costs": {"total_cost": 168.78246446969334, "time_cost": 72.816, "final_distance_cost": 1.8151583425926636, "oscillation_cost": 19.2721785216537, "completition_cost": 0.0, "overshoot_cost": 51.16474717991812, "power_cost": 12.024601391601562, "noise_cost": 11.689779033927291, "n_waypoints_completed": 9, "tot_waypoints": 9}}
{"target": -171.95503526321, "params": {"k_pid_pos": [0.46151288865747714, 0.004120454134016119, 0.008370421933231537], "k_pid_alt": [1.822827380543541, 5.2398862984952103e-05, 0.0016068815533949222], "k_pid_att": [24.000292373946394, 6.888644314025371, 0.9501503924801024], "k_pid_yaw": [0.5, 1e-06, 0.1], "k_pid_hsp": [0.11023477465727975, 0.005043967914736194, 0.0], "k_pid_vsp": [172.44252210815566, 151.05373661458322, 0.7837371396253575]}, "datetime": {"datetime": "2025-08-20 18:57:50", "elapsed": 25524.90922498703, "delta": 17.36946725845337}, "costs": {"total_cost": 171.95503526321, "time_cost": 73.72, "final_distance_cost": 1.8482030560723315, "oscillation_cost": 19.887276133603663, "completition_cost": 0.0, "overshoot_cost": 51.44708968889826, "power_cost": 12.832048046875, "noise_cost": 12.220418337760735, "n_waypoints_completed": 9, "tot_waypoints": 9}}
{"target": -169.33144157185015, "params": {"k_pid_pos": [0.564747993013023, 0.002677687910067018, 0.015767236874520595], "k_pid_alt": [1.922743275444302, 0.00011960175392332622, 0.0018299153210179742], "k_pid_att": [40.16063556053759, 6.786579846940614, 0.9904929591652833], "k_pid_yaw": [0.5, 1e-06, 0.1], "k_pid_hsp": [0.08744972205725025, 0.005137464206319587, 0.0], "k_pid_vsp": [225.2669383842731, 192.98851470847526, 0.5636019787391661]}, "datetime": {"datetime": "2025-08-20 18:58:06", "elapsed": 25540.701869010925, "delta": 15.792644023895264}, "costs": {"total_cost": 169.33144157185015, "time_cost": 72.184, "final_distance_cost": 1.8041847953872943, "oscillation_cost": 20.277123290074556, "completition_cost": 0.0, "overshoot_cost": 51.47083752726438, "power_cost": 12.11295166015625, "noise_cost": 11.48234429896765, "n_waypoints_completed": 9, "tot_waypoints": 9}}
{"target": -170.17454588757155, "params": {"k_pid_pos": [0.5171906857040419, 0.0029762604733398136, 0.0036258430356359], "k_pid_alt": [1.568052860515894, 0.00012134064351927702, 0.0016553315626912056], "k_pid_att": [40.33925344687339, 7.322528597581957, 0.4800633177798635], "k_pid_yaw": [0.5, 1e-06, 0.1], "k_pid_hsp": [0.07903646598780308, 0.007083906520215329, 0.0], "k_pid_vsp": [201.50536411274288, 244.88354845489312, 0.8185119758111018]}, "datetime": {"datetime": "2025-08-20 18:58:23", "elapsed": 25558.195232868195, "delta": 17.493363857269287}, "costs": {"total_cost": 170.17454588757155, "time_cost": 73.152, "final_distance_cost": 1.8082188574478932, "oscillation_cost": 19.26767521543495, "completition_cost": 0.0, "overshoot_cost": 51.580590455963204, "power_cost": 12.605726794433595, "noise_cost": 11.760334564291895, "n_waypoints_completed": 9, "tot_waypoints": 9}}
{"target": -170.2222438873158, "params": {"k_pid_pos": [0.4740112282066417, 0.005416249417824162, 0.01215859707336619], "k_pid_alt": [2.0, 0.00015108588122694872, 0.0016562283144065388], "k_pid_att": [19.657430608262047, 7.779583190683334, 0.6060206280420428], "k_pid_yaw": [0.5, 1e-06, 0.1], "k_pid_hsp": [0.10222969459437203, 0.0059587359956265115, 0.0], "k_pid_vsp": [154.17766335415112, 200.47791247560588, 0.8032551041202618]}, "datetime": {"datetime": "2025-08-20 18:58:39", "elapsed": 25573.789042949677, "delta": 15.593810081481934}, "costs": {"total_cost": 170.2222438873158, "time_cost": 73.184, "final_distance_cost": 1.8437131185748379, "oscillation_cost": 20.01213058449939, "completition_cost": 0.0, "overshoot_cost": 50.62393987531805, "power_cost": 12.664699780273438, "noise_cost": 11.893760528650095, "n_waypoints_completed": 9, "tot_waypoints": 9}}
{"target": -171.05123254605394, "params": {"k_pid_pos": [0.626932931626449, 0.003200912162513583, 0.009787395938159887], "k_pid_alt": [0.988277650023166, 0.00011592489921377956, 0.0009214342875721783], "k_pid_att": [36.21701079105211, 8.105267404696248, 0.6656213258186511], "k_pid_yaw": [0.5, 1e-06, 0.1], "k_pid_hsp": [0.10390520840226752, 0.005954760199465441, 0.0], "k_pid_vsp": [214.20268463612277, 68.8944999580605, 0.9570892703358641]}, "datetime": {"datetime": "2025-08-20 18:58:55", "elapsed": 25590.249279499054, "delta": 16.46023654937744}, "costs": {"total_cost": 171.05123254605394, "time_cost": 72.024, "final_distance_cost": 1.8144745082488982, "oscillation_cost": 22.787950083299695, "completition_cost": 0.0, "overshoot_cost": 51.0773527028503, "power_cost": 11.97679969482422, "noise_cost": 11.370655556830823, "n_waypoints_completed": 9, "tot_waypoints": 9}}
{"target": -175.38174923318937, "params": {"k_pid_pos": [0.5550289988539234, 0.0039782320982177525, 0.01038545827278143], "k_pid_alt": [1.923755175605006, 0.00013998657056933262, 0.0017940935446375946], "k_pid_att": [35.243659534627454, 5.46305073440513, 0.5646325102923228], "k_pid_yaw": [0.5, 1e-06, 0.1], "k_pid_hsp": [0.054504898447250504, 0.00704233996844884, 0.0], "k_pid_vsp": [170.6468383174069, 194.60294070110731, 0.7021981882419096]}, "datetime": {"datetime": "2025-08-20 18:59:13", "elapsed": 25608.10974574089, "delta": 17.860466241836548}, "costs": {"total_cost": 175.38174923318937, "time_cost": 77.904, "final_distance_cost": 1.7559528309473054, "oscillation_cost": 17.91671065952972, "completition_cost": 0.0, "overshoot_cost": 53.1403894824871, "power_cost": 12.43440106201172, "noise_cost": 12.230295198213517, "n_waypoints_completed": 9, "tot_waypoints": 9}}
{"target": -170.35930620975404, "params": {"k_pid_pos": [0.4500317935757974, 0.0019549055195676045, 0.005122606853249155], "k_pid_alt": [2.0, 0.00013546621452448568, 0.0010324487292471055], "k_pid_att": [35.93172047326079, 8.867474674983471, 0.7132681143530974], "k_pid_yaw": [0.5, 1e-06, 0.1], "k_pid_hsp": [0.10004776966639517, 0.006568434794179613, 0.0], "k_pid_vsp": [293.47128533465985, 283.0690920819489, 0.5620635604765932]}, "datetime": {"datetime": "2025-08-20 18:59:30", "elapsed": 25624.82600426674, "delta": 16.71625852584839}, "costs": {"total_cost": 170.35930620975404, "time_cost": 73.768, "final_distance_cost": 1.8444438425344087, "oscillation_cost": 19.21502844798542, "completition_cost": 0.0, "overshoot_cost": 50.8528830470694, "power_cost": 12.558542431640626, "noise_cost": 12.120408440524185, "n_waypoints_completed": 9, "tot_waypoints": 9}}
{"target": -169.82469454924853, "params": {"k_pid_pos": [0.45133758442877486, 0.00414510699717533, 0.01760621801318704], "k_pid_alt": [2.0, 0.00012040938694549444, 0.0007560163217736979], "k_pid_att": [35.16833291395084, 6.269347295580549, 0.9127945708066729], "k_pid_yaw": [0.5, 1e-06, 0.1], "k_pid_hsp": [0.08018749362973235, 0.004831058283406316, 0.0], "k_pid_vsp": [144.43905734302245, 153.23424278605003, 1.0107325246881966]}, "datetime": {"datetime": "2025-08-20 18:59:48", "elapsed": 25642.82565021515, "delta": 17.999645948410034}, "costs": {"total_cost": 169.82469454924853, "time_cost": 74.208, "final_distance_cost": 1.8189023102985669, "oscillation_cost": 17.515992835924038, "completition_cost": 0.0, "overshoot_cost": 51.8743485988019, "power_cost": 12.430139160156251, "noise_cost": 11.977311644067784, "n_waypoints_completed": 9, "tot_waypoints": 9}}
{"target": -169.520751688561, "params": {"k_pid_pos": [0.47385811007202466, 0.0033131189388458065, 0.009677829961797437], "k_pid_alt": [2.0, 0.00010873735773447958, 0.0007815693152628027], "k_pid_att": [33.385546055390876, 5.76400911885528, 0.6717160513107477], "k_pid_yaw": [0.5, 1e-06, 0.1], "k_pid_hsp": [0.0778463044860262, 0.0039060876361632912, 0.0], "k_pid_vsp": [226.679551809151, 152.17896471638346, 0.8786290154638778]}, "datetime": {"datetime": "2025-08-20 19:00:04", "elapsed": 25659.032382965088, "delta": 16.206732749938965}, "costs": {"total_cost": 169.520751688561, "time_cost": 74.0, "final_distance_cost": 1.8330535979334297, "oscillation_cost": 17.505027247620866, "completition_cost": 0.0, "overshoot_cost": 52.06605385346086, "power_cost": 12.237829638671876, "noise_cost": 11.878787350873964, "n_waypoints_completed": 9, "tot_waypoints": 9}}
{"target": -171.18536740506764, "params": {"k_pid_pos": [0.6866082311315354, 0.003623448141070363, 0.013107035298217976], "k_pid_alt": [1.2594105301931988, 0.00014177667067253688, 0.0012109082619631095], "k_pid_att": [43.47407807964341, 8.227039120302042, 0.4696312007785494], "k_pid_yaw": [0.5, 1e-06, 0.1], "k_pid_hsp": [0.08320038715555189, 0.004489762027490911, 0.0], "k_pid_vsp": [200.31266475880147, 190.35962191607737, 0.9782864429394521]}, "datetime": {"datetime": "2025-08-20 19:00:20", "elapsed": 25675.4221367836, "delta": 16.389753818511963}, "costs": {"total_cost": 171.18536740506764, "time_cost": 72.176, "final_distance_cost": 1.8021650677948686, "oscillation_cost": 22.574959923781645, "completition_cost": 0.0, "overshoot_cost": 50.782375149649845, "power_cost": 12.327076110839844, "noise_cost": 11.522791153001442, "n_waypoints_completed": 9, "tot_waypoints": 9}}
{"target": -169.54283266407276, "params": {"k_pid_pos": [0.6821179599254744, 0.0037880568882963147, 0.01279420704938855], "k_pid_alt": [1.887409881596527, 0.00016886942729560402, 0.0018568671662004615], "k_pid_att": [28.194988610594553, 7.19014819406938, 0.5265632879992727], "k_pid_yaw": [0.5, 1e-06, 0.1], "k_pid_hsp": [0.09975967506317268, 0.006088299519796052, 0.0], "k_pid_vsp": [207.83803491096944, 226.4275543891683, 1.1658933769512434]}, "datetime": {"datetime": "2025-08-20 19:00:37", "elapsed": 25692.15499138832, "delta": 16.73285460472107}, "costs": {"total_cost": 169.54283266407276, "time_cost": 70.728, "final_distance_cost": 1.7947015710676923, "oscillation_cost": 23.19976468230427, "completition_cost": 0.0, "overshoot_cost": 50.97405075520936, "power_cost": 11.714106787109376, "noise_cost": 11.132208868382056, "n_waypoints_completed": 9, "tot_waypoints": 9}}
{"target": -171.3816813924607, "params": {"k_pid_pos": [0.5085379070593362, 0.0026904379342549338, 0.009915640626880684], "k_pid_alt": [1.7601699179854613, 0.00012534776406354504, 0.0020250488581124407], "k_pid_att": [38.35629000884934, 7.330641147031975, 0.7686013274082549], "k_pid_yaw": [0.5, 1e-06, 0.1], "k_pid_hsp": [0.07166639059857888, 0.005174103818900183, 0.0], "k_pid_vsp": [306.3002306400335, 244.8581945207412, 0.4235522362263078]}, "datetime": {"datetime": "2025-08-20 19:00:53", "elapsed": 25708.130207777023, "delta": 15.975216388702393}, "costs": {"total_cost": 171.3816813924607, "time_cost": 74.464, "final_distance_cost": 1.8234606769056712, "oscillation_cost": 18.031633274072398, "completition_cost": 0.0, "overshoot_cost": 52.567823706797626, "power_cost": 12.549486450195314, "noise_cost": 11.945277284489698, "n_waypoints_completed": 9, "tot_waypoints": 9}}
{"target": -179.98844779576473, "params": {"k_pid_pos": [0.5151548371057999, 0.003291855347174998, 0.011545403522349215], "k_pid_alt": [1.5742244566039452, 0.0001506558164813852, 0.0017783158880342149], "k_pid_att": [12.719578924036007, 6.973720674214419, 0.8321700380665549], "k_pid_yaw": [0.5, 1e-06, 0.1], "k_pid_hsp": [0.049308276850060374, 0.004256903608185685, 0.0], "k_pid_vsp": [203.4526228503703, 228.5519964719425, 0.8043838313280135]}, "datetime": {"datetime": "2025-08-20 19:01:12", "elapsed": 25726.864733219147, "delta": 18.734525442123413}, "costs": {"total_cost": 179.98844779576473, "time_cost": 81.44800000000001, "final_distance_cost": 1.7993809159058862, "oscillation_cost": 15.821155260213633, "completition_cost": 0.0, "overshoot_cost": 54.40831689138311, "power_cost": 13.504006127929689, "noise_cost": 13.007588600332397, "n_waypoints_completed": 9, "tot_waypoints": 9}}
