{"target": -175.7531556478213, "params": {"k_pid_pos": [0.3980973121668255, 0.0022271002066698315, 0.0076726150622775414], "k_pid_alt": [1.342466712181474, 7.78893957058233e-05, 0.0030928138201935713], "k_pid_att": [53.583735498974875, 5.988646082859323, 0.6556618600269771], "k_pid_yaw": [0.5, 1e-06, 0.1], "k_pid_hsp": [0.1165768094071649, 0.00782502406279755, 0.0], "k_pid_vsp": [259.6850949037146, 180.4144241368514, 1.1752631097232966]}, "datetime": {"datetime": "2025-08-20 17:09:01", "elapsed": 18995.845749616623, "delta": 17.41451072692871}, "costs": {"total_cost": 175.7531556478213, "time_cost": 77.544, "final_distance_cost": 1.8559261594944907, "oscillation_cost": 19.068212566317467, "completition_cost": 0.0, "overshoot_cost": 51.30272162121333, "power_cost": 12.96048446044922, "noise_cost": 13.021810840346804, "n_waypoints_completed": 9, "tot_waypoints": 9}}
{"target": -169.81686749419555, "params": {"k_pid_pos": [0.5494663420361179, 0.0027702412502868304, 0.014016146102823231], "k_pid_alt": [1.368557396882813, 5.896213539047211e-05, 0.0056987058606994346], "k_pid_att": [54.48942790931752, 10.0, 0.6855740483675573], "k_pid_yaw": [0.5, 1e-06, 0.1], "k_pid_hsp": [0.10071763942334665, 0.014270930477849131, 0.0], "k_pid_vsp": [201.22212916167373, 162.8232274601801, 0.6282125911337316]}, "datetime": {"datetime": "2025-08-20 17:09:17", "elapsed": 19012.162673950195, "delta": 16.316924333572388}, "costs": {"total_cost": 169.81686749419555, "time_cost": 71.92, "final_distance_cost": 1.8381691902397403, "oscillation_cost": 22.059763294434713, "completition_cost": 0.0, "overshoot_cost": 50.117763490373555, "power_cost": 12.329997143554689, "noise_cost": 11.551174375592847, "n_waypoints_completed": 9, "tot_waypoints": 9}}
{"target": -170.2241235209488, "params": {"k_pid_pos": [0.6730737752114239, 0.00257647310298688, 0.004801908190999496], "k_pid_alt": [1.754231123410009, 7.001541511247795e-05, 0.01504749710429397], "k_pid_att": [57.62681950273287, 7.108150200379485, 0.6732334373060923], "k_pid_yaw": [0.5, 1e-06, 0.1], "k_pid_hsp": [0.09861270348803941, 0.01112468009788437, 0.0], "k_pid_vsp": [384.1131050899888, 183.70065650137175, 1.105308231815526]}, "datetime": {"datetime": "2025-08-20 17:09:33", "elapsed": 19028.40463733673, "delta": 16.241963386535645}, "costs": {"total_cost": 170.2241235209488, "time_cost": 70.88, "final_distance_cost": 1.7952738225519245, "oscillation_cost": 23.514448522708143, "completition_cost": 0.0, "overshoot_cost": 50.8440200763256, "power_cost": 11.978829565429688, "noise_cost": 11.21155153393347, "n_waypoints_completed": 9, "tot_waypoints": 9}}
{"target": -169.7764379619056, "params": {"k_pid_pos": [0.5974927394957628, 0.0020541267033113136, 0.010549901733768083], "k_pid_alt": [1.4943201790969944, 0.00010277186137109156, 0.00992437578974737], "k_pid_att": [39.612792022248506, 10.0, 0.7361177222376346], "k_pid_yaw": [0.5, 1e-06, 0.1], "k_pid_hsp": [0.09449030419076836, 0.008633943479155944, 0.0], "k_pid_vsp": [322.7983142706292, 132.69114757995536, 0.8815340569878787]}, "datetime": {"datetime": "2025-08-20 17:09:50", "elapsed": 19045.210153341293, "delta": 16.805516004562378}, "costs": {"total_cost": 169.7764379619056, "time_cost": 71.52, "final_distance_cost": 1.8201452479575002, "oscillation_cost": 22.094518228349997, "completition_cost": 0.0, "overshoot_cost": 51.170234236452174, "power_cost": 11.761705407714844, "noise_cost": 11.409834841431064, "n_waypoints_completed": 9, "tot_waypoints": 9}}
{"target": -171.24355309692194, "params": {"k_pid_pos": [0.5882137210855765, 0.0021802762573588717, 0.006500778056775164], "k_pid_alt": [1.328418213360827, 0.00015264210905120416, 0.002620942793653018], "k_pid_att": [10.966411341717015, 7.863593925504887, 0.6277575786576501], "k_pid_yaw": [0.5, 1e-06, 0.1], "k_pid_hsp": [0.1229130791195631, 0.011173210629978288, 0.0], "k_pid_vsp": [282.34462919265496, 216.12700281577472, 0.47316884842764645]}, "datetime": {"datetime": "2025-08-20 17:10:06", "elapsed": 19061.315624952316, "delta": 16.10547161102295}, "costs": {"total_cost": 171.24355309692194, "time_cost": 71.24, "final_distance_cost": 1.8281955151091305, "oscillation_cost": 24.22370569580506, "completition_cost": 0.0, "overshoot_cost": 50.47471037759457, "power_cost": 12.118569006347657, "noise_cost": 11.358372502065555, "n_waypoints_completed": 9, "tot_waypoints": 9}}
{"target": -172.2850712911324, "params": {"k_pid_pos": [0.6488496578651096, 0.0018093665072406676, 0.013221795138233587], "k_pid_alt": [1.5610538923561836, 0.00014814199732420956, 0.015101212616943097], "k_pid_att": [52.59151894846263, 10.0, 0.5325298747287738], "k_pid_yaw": [0.5, 1e-06, 0.1], "k_pid_hsp": [0.07461060203999459, 0.01269111092735104, 0.0], "k_pid_vsp": [195.66271905216573, 183.42498595933526, 0.6584479512524566]}, "datetime": {"datetime": "2025-08-20 17:10:23", "elapsed": 19077.543075323105, "delta": 16.227450370788574}, "costs": {"total_cost": 172.2850712911324, "time_cost": 72.744, "final_distance_cost": 1.7806675647369155, "oscillation_cost": 22.834901720332788, "completition_cost": 0.0, "overshoot_cost": 50.96416266084919, "power_cost": 12.468384094238282, "noise_cost": 11.492955250975228, "n_waypoints_completed": 9, "tot_waypoints": 9}}
{"target": -170.08705406831052, "params": {"k_pid_pos": [0.6202750582200707, 0.0024862192705933975, 0.014252771588574647], "k_pid_alt": [1.9242452712688174, 0.00018552451950248788, 0.0], "k_pid_att": [49.60986448817, 10.0, 0.9563697227970701], "k_pid_yaw": [0.5, 1e-06, 0.1], "k_pid_hsp": [0.0860983529353927, 0.009237160788539924, 0.0], "k_pid_vsp": [229.579907254573, 233.82051023085728, 1.0600320950006425]}, "datetime": {"datetime": "2025-08-20 17:10:39", "elapsed": 19094.25039076805, "delta": 16.70731544494629}, "costs": {"total_cost": 170.08705406831052, "time_cost": 71.872, "final_distance_cost": 1.793605145763143, "oscillation_cost": 22.114789388340405, "completition_cost": 0.0, "overshoot_cost": 50.92284052353841, "power_cost": 12.023192614746094, "noise_cost": 11.36062639592245, "n_waypoints_completed": 9, "tot_waypoints": 9}}
{"target": -169.26320362795383, "params": {"k_pid_pos": [0.6149485972164879, 0.00218596963853336, 0.00881659672132045], "k_pid_alt": [1.730648900838812, 0.0001415652770190935, 0.0], "k_pid_att": [54.41458183711982, 7.174143115300612, 0.821991188571967], "k_pid_yaw": [0.5, 1e-06, 0.1], "k_pid_hsp": [0.10467226323066812, 0.00972156022910275, 0.0], "k_pid_vsp": [316.4722685701101, 228.29860087671668, 0.6963972461832612]}, "datetime": {"datetime": "2025-08-20 17:10:55", "elapsed": 19110.17206454277, "delta": 15.921673774719238}, "costs": {"total_cost": 169.26320362795383, "time_cost": 70.936, "final_distance_cost": 1.8338896739637836, "oscillation_cost": 22.94664901166972, "completition_cost": 0.0, "overshoot_cost": 50.33764878359018, "power_cost": 11.914494970703126, "noise_cost": 11.29452118802702, "n_waypoints_completed": 9, "tot_waypoints": 9}}
{"target": -174.66259898658257, "params": {"k_pid_pos": [0.4481330508057139, 0.0033924583459935716, 0.011750569636500272], "k_pid_alt": [1.1701280261752094, 0.00012162266042810261, 0.004217343670132413], "k_pid_att": [36.21225244410079, 8.71699335603124, 0.8114941520212781], "k_pid_yaw": [0.5, 1e-06, 0.1], "k_pid_hsp": [0.13447831185796508, 0.009509430539641622, 0.0], "k_pid_vsp": [310.26347789134246, 179.8928575559411, 1.1155818065743794]}, "datetime": {"datetime": "2025-08-20 17:11:12", "elapsed": 19127.485283851624, "delta": 17.31321930885315}, "costs": {"total_cost": 174.66259898658257, "time_cost": 76.016, "final_distance_cost": 1.8577935113835433, "oscillation_cost": 21.035385105236603, "completition_cost": 0.0, "overshoot_cost": 50.41874878386101, "power_cost": 12.796164916992188, "noise_cost": 12.538506669109207, "n_waypoints_completed": 9, "tot_waypoints": 9}}
{"target": -174.942762357613, "params": {"k_pid_pos": [0.5508335806201478, 0.002931633962362127, 0.013948221157571406], "k_pid_alt": [1.7694520032939522, 8.754052708862446e-05, 0.021011052029116184], "k_pid_att": [43.12253913340064, 7.8702078511987, 0.9886552689109501], "k_pid_yaw": [0.5, 1e-06, 0.1], "k_pid_hsp": [0.06021806722917911, 0.0051421901342912964, 0.0], "k_pid_vsp": [322.0416450755891, 193.37613179811535, 0.6694465213508533]}, "datetime": {"datetime": "2025-08-20 17:11:30", "elapsed": 19145.469564437866, "delta": 17.984280586242676}, "costs": {"total_cost": 174.942762357613, "time_cost": 76.92, "final_distance_cost": 1.7716963882133197, "oscillation_cost": 17.98620186658456, "completition_cost": 0.0, "overshoot_cost": 53.43753949829971, "power_cost": 12.705108520507814, "noise_cost": 12.122216084007595, "n_waypoints_completed": 9, "tot_waypoints": 9}}
{"target": -170.32514846728674, "params": {"k_pid_pos": [0.6307187670029966, 0.0019370998658475777, 0.01765678055678009], "k_pid_alt": [1.4616755366093315, 0.00011227182257920153, 0.0], "k_pid_att": [62.513100167432064, 10.0, 0.3532563035724074], "k_pid_yaw": [0.5, 1e-06, 0.1], "k_pid_hsp": [0.09152544996956184, 0.00923021503413951, 0.0], "k_pid_vsp": [250.04517244851192, 182.3419338623706, 0.5408727130028025]}, "datetime": {"datetime": "2025-08-20 17:11:47", "elapsed": 19162.087034463882, "delta": 16.617470026016235}, "costs": {"total_cost": 170.32514846728674, "time_cost": 71.336, "final_distance_cost": 1.822629300578094, "oscillation_cost": 22.603786401382898, "completition_cost": 0.0, "overshoot_cost": 51.050295993589664, "power_cost": 12.167239489746095, "noise_cost": 11.345197281989996, "n_waypoints_completed": 9, "tot_waypoints": 9}}
{"target": -172.48237829280987, "params": {"k_pid_pos": [0.941413819494067, 0.0030720088091140043, 0.018179117264098942], "k_pid_alt": [1.9417754186129559, 0.00017138922780170597, 0.0014662271584120659], "k_pid_att": [54.303588568807584, 10.0, 0.617626070590569], "k_pid_yaw": [0.5, 1e-06, 0.1], "k_pid_hsp": [0.17618311185329527, 0.00862762534546048, 0.0], "k_pid_vsp": [294.6874983559814, 297.95428799853795, 0.781565493877717]}, "datetime": {"datetime": "2025-08-20 17:12:04", "elapsed": 19179.350402116776, "delta": 17.263367652893066}, "costs": {"total_cost": 172.48237829280987, "time_cost": 69.47200000000001, "final_distance_cost": 1.82520826035057, "oscillation_cost": 27.949166957677324, "completition_cost": 0.0, "overshoot_cost": 50.35113298983611, "power_cost": 11.815214611816407, "noise_cost": 11.069655473129483, "n_waypoints_completed": 9, "tot_waypoints": 9}}
{"target": -176.30710685704298, "params": {"k_pid_pos": [0.46383192802692214, 0.0020048102311743515, 0.006520188132995826], "k_pid_alt": [1.758395848893865, 7.863908953053491e-05, 0.0020282632541813255], "k_pid_att": [37.616031524433176, 9.237405589753894, 0.8607394310714577], "k_pid_yaw": [0.5, 1e-06, 0.1], "k_pid_hsp": [0.1533826408373754, 0.01113714311788853, 0.0], "k_pid_vsp": [306.9933567389293, 136.15943444806567, 1.203288916956802]}, "datetime": {"datetime": "2025-08-20 17:12:23", "elapsed": 19197.705197572708, "delta": 18.354795455932617}, "costs": {"total_cost": 176.30710685704298, "time_cost": 75.57600000000001, "final_distance_cost": 1.8578426155583712, "oscillation_cost": 22.678598469431446, "completition_cost": 0.0, "overshoot_cost": 50.635644179699675, "power_cost": 12.948477990722656, "noise_cost": 12.610543601630802, "n_waypoints_completed": 9, "tot_waypoints": 9}}
{"target": -172.63709353651916, "params": {"k_pid_pos": [0.5430102131711364, 0.0018532253426395767, 0.010656121472425529], "k_pid_alt": [1.6815321201987015, 0.00010460509029411509, 0.0], "k_pid_att": [45.73017338428673, 7.944927225526643, 0.7106004232310014], "k_pid_yaw": [0.5, 1e-06, 0.1], "k_pid_hsp": [0.13167739050585262, 0.0008202948637018098, 0.0], "k_pid_vsp": [312.7480790818872, 297.5644043344519, 0.36517725729841927]}, "datetime": {"datetime": "2025-08-20 17:12:38", "elapsed": 19213.37474989891, "delta": 15.669552326202393}, "costs": {"total_cost": 172.63709353651916, "time_cost": 72.584, "final_distance_cost": 1.8448812716404421, "oscillation_cost": 22.47668844184725, "completition_cost": 0.0, "overshoot_cost": 51.247039825931544, "power_cost": 12.527981457519532, "noise_cost": 11.956502539580383, "n_waypoints_completed": 9, "tot_waypoints": 9}}
{"target": -169.48914389944673, "params": {"k_pid_pos": [0.7517819409092823, 0.0047752630415139816, 0.011370999665201768], "k_pid_alt": [1.4236583417981639, 7.70413900821371e-05, 0.00836433704421262], "k_pid_att": [43.21252865304624, 10.0, 0.8474824431410012], "k_pid_yaw": [0.5, 1e-06, 0.1], "k_pid_hsp": [0.11041876365308685, 0.006964017040329313, 0.0], "k_pid_vsp": [286.7498118374213, 170.4761917293275, 0.5727618022192197]}, "datetime": {"datetime": "2025-08-20 17:12:54", "elapsed": 19229.47360944748, "delta": 16.098859548568726}, "costs": {"total_cost": 169.48914389944673, "time_cost": 70.21600000000001, "final_distance_cost": 1.8005713717263665, "oscillation_cost": 24.627532076873965, "completition_cost": 0.0, "overshoot_cost": 50.33626050693078, "power_cost": 11.52488309326172, "noise_cost": 10.983896850653915, "n_waypoints_completed": 9, "tot_waypoints": 9}}
{"target": -171.23824375180544, "params": {"k_pid_pos": [0.5748500528697588, 0.002757941290514215, 0.016345047558391515], "k_pid_alt": [1.4943495872244306, 0.0001174340493978802, 0.0025744739670417096], "k_pid_att": [49.00413860454205, 8.780941765819772, 0.8023345737841819], "k_pid_yaw": [0.5, 1e-06, 0.1], "k_pid_hsp": [0.1354093115222064, 0.009540868434790352, 0.0], "k_pid_vsp": [210.84448071761122, 139.9917296208443, 0.8176741856205929]}, "datetime": {"datetime": "2025-08-20 17:13:11", "elapsed": 19246.040719985962, "delta": 16.567110538482666}, "costs": {"total_cost": 171.23824375180544, "time_cost": 71.752, "final_distance_cost": 1.833436650766709, "oscillation_cost": 23.307913637897315, "completition_cost": 0.0, "overshoot_cost": 50.557873327308556, "power_cost": 12.185523193359376, "noise_cost": 11.601496942473467, "n_waypoints_completed": 9, "tot_waypoints": 9}}
{"target": -172.4064805527123, "params": {"k_pid_pos": [0.5056181207940316, 0.0023051407661235884, 0.00970833231216466], "k_pid_alt": [1.7451514513829407, 0.00013971979205525454, 0.0073712215161400385], "k_pid_att": [48.33391934398586, 10.0, 1.0], "k_pid_yaw": [0.5, 1e-06, 0.1], "k_pid_hsp": [0.13662834097617407, 0.00805959978147222, 0.0], "k_pid_vsp": [200.6063293602489, 215.52327861038904, 0.9177777161099502]}, "datetime": {"datetime": "2025-08-20 17:13:27", "elapsed": 19262.458604812622, "delta": 16.417884826660156}, "costs": {"total_cost": 172.4064805527123, "time_cost": 73.19200000000001, "final_distance_cost": 1.8420718505496225, "oscillation_cost": 22.299518725268868, "completition_cost": 0.0, "overshoot_cost": 50.5983799724856, "power_cost": 12.520228820800781, "noise_cost": 11.954281183607447, "n_waypoints_completed": 9, "tot_waypoints": 9}}
{"target": -170.4845935138427, "params": {"k_pid_pos": [0.7309038834376632, 0.0019342141862010401, 0.022987253269036004], "k_pid_alt": [1.5488501571433584, 0.00013406438323852125, 0.011113406983018423], "k_pid_att": [69.55921949315041, 10.0, 0.44503351524807416], "k_pid_yaw": [0.5, 1e-06, 0.1], "k_pid_hsp": [0.10783228262820022, 0.009148477020835597, 0.0], "k_pid_vsp": [218.52203932100997, 303.61732919794855, 1.030675709440984]}, "datetime": {"datetime": "2025-08-20 17:13:44", "elapsed": 19278.54253578186, "delta": 16.08393096923828}, "costs": {"total_cost": 170.4845935138427, "time_cost": 70.16, "final_distance_cost": 1.8144332871892648, "oscillation_cost": 24.73897961557576, "completition_cost": 0.0, "overshoot_cost": 50.32503705448738, "power_cost": 12.167162768554688, "noise_cost": 11.278980788035627, "n_waypoints_completed": 9, "tot_waypoints": 9}}
{"target": -177.9039779915342, "params": {"k_pid_pos": [0.4435666767683837, 0.0026743917870833047, 0.011217583512471554], "k_pid_alt": [1.5138510541529822, 5.511391626835427e-05, 0.0016842937141157046], "k_pid_att": [87.24829729371982, 9.328773121501717, 0.8856961398041991], "k_pid_yaw": [0.5, 1e-06, 0.1], "k_pid_hsp": [0.144163966685567, 0.00897427544997924, 0.0], "k_pid_vsp": [352.7324636213005, 149.9199485337489, 0.6872821620176147]}, "datetime": {"datetime": "2025-08-20 17:14:01", "elapsed": 19296.153791427612, "delta": 17.611255645751953}, "costs": {"total_cost": 177.9039779915342, "time_cost": 76.48, "final_distance_cost": 1.8549132184061274, "oscillation_cost": 22.839725242679183, "completition_cost": 0.0, "overshoot_cost": 51.10581137337547, "power_cost": 12.88385703125, "noise_cost": 12.739671125823444, "n_waypoints_completed": 9, "tot_waypoints": 9}}
{"target": -169.0249799706594, "params": {"k_pid_pos": [0.7117775637328299, 0.002289144408874815, 0.014131774545399071], "k_pid_alt": [1.7149888591372298, 0.00010940526875928112, 0.007544656758136117], "k_pid_att": [41.069894047953625, 6.706802956757028, 0.7277264357153541], "k_pid_yaw": [0.5, 1e-06, 0.1], "k_pid_hsp": [0.11362670066023715, 0.010408149399103698, 0.0], "k_pid_vsp": [267.3599140337113, 255.17865667832294, 0.4106373906388094]}, "datetime": {"datetime": "2025-08-20 17:14:21", "elapsed": 19315.51944065094, "delta": 19.365649223327637}, "costs": {"total_cost": 169.0249799706594, "time_cost": 70.096, "final_distance_cost": 1.8026704205571222, "oscillation_cost": 24.396120554140673, "completition_cost": 0.0, "overshoot_cost": 50.14516997484207, "power_cost": 11.54349266357422, "noise_cost": 11.041526357545285, "n_waypoints_completed": 9, "tot_waypoints": 9}}
{"target": -169.30915029869587, "params": {"k_pid_pos": [0.6396924597651382, 0.0007338662983444004, 0.019749258909026932], "k_pid_alt": [1.2613787279629127, 0.00017798086032591514, 0.010643741171685662], "k_pid_att": [47.428559022051026, 7.593349761639126, 0.6876289381230664], "k_pid_yaw": [0.5, 1e-06, 0.1], "k_pid_hsp": [0.11607422758657344, 0.01040668112602214, 0.0], "k_pid_vsp": [352.30301566608597, 215.7726600413879, 0.7796113571294282]}, "datetime": {"datetime": "2025-08-20 17:14:40", "elapsed": 19334.829384565353, "delta": 19.309943914413452}, "costs": {"total_cost": 169.30915029869587, "time_cost": 71.016, "final_distance_cost": 1.816678026017612, "oscillation_cost": 23.470323319923637, "completition_cost": 0.0, "overshoot_cost": 49.874028360985335, "power_cost": 11.865763159179687, "noise_cost": 11.26635743258959, "n_waypoints_completed": 9, "tot_waypoints": 9}}
{"target": -169.14082454498444, "params": {"k_pid_pos": [0.6586877446191769, 0.0030100190042521616, 0.009748492591295801], "k_pid_alt": [1.7878069415039082, 0.00011918943028647331, 0.0], "k_pid_att": [47.49863483734941, 6.9676726744861925, 0.3902347450222515], "k_pid_yaw": [0.5, 1e-06, 0.1], "k_pid_hsp": [0.1152366610814153, 0.007964567143490376, 0.0], "k_pid_vsp": [288.26152906366593, 242.8067246354498, 0.7220815326763015]}, "datetime": {"datetime": "2025-08-20 17:14:56", "elapsed": 19350.646956205368, "delta": 15.817571640014648}, "costs": {"total_cost": 169.14082454498444, "time_cost": 70.496, "final_distance_cost": 1.8104273032795335, "oscillation_cost": 23.30455513909538, "completition_cost": 0.0, "overshoot_cost": 50.365297483495446, "power_cost": 11.926099267578126, "noise_cost": 11.238445351535942, "n_waypoints_completed": 9, "tot_waypoints": 9}}
{"target": -170.68079913299636, "params": {"k_pid_pos": [0.5686129235261671, 0.002082158024291359, 0.014417722473323758], "k_pid_alt": [1.3512671502759057, 5.2907187610744906e-05, 0.009957656008112091], "k_pid_att": [44.58273075862352, 10.0, 1.0], "k_pid_yaw": [0.5, 1e-06, 0.1], "k_pid_hsp": [0.1260638867466615, 0.008732209633759034, 0.0], "k_pid_vsp": [300.98253038627445, 217.38985263729774, 0.3750927359330123]}, "datetime": {"datetime": "2025-08-20 17:15:14", "elapsed": 19368.83609342575, "delta": 18.18913722038269}, "costs": {"total_cost": 170.68079913299636, "time_cost": 71.808, "final_distance_cost": 1.840817915754976, "oscillation_cost": 23.270882749725473, "completition_cost": 0.0, "overshoot_cost": 50.246819171643196, "power_cost": 12.009211682128907, "noise_cost": 11.505067613743801, "n_waypoints_completed": 9, "tot_waypoints": 9}}
{"target": -174.25449352388543, "params": {"k_pid_pos": [0.43674394709655423, 0.0020917780456126992, 0.010926391303639779], "k_pid_alt": [2.0, 6.94670253146507e-05, 0.006802171356403659], "k_pid_att": [79.84444580693723, 10.0, 0.34290170350345556], "k_pid_yaw": [0.5, 1e-06, 0.1], "k_pid_hsp": [0.1067679754355809, 0.008509589465522625, 0.0], "k_pid_vsp": [276.17215683055207, 85.63193602512204, 0.43962209548869396]}, "datetime": {"datetime": "2025-08-20 17:15:31", "elapsed": 19385.930710554123, "delta": 17.094617128372192}, "costs": {"total_cost": 174.25449352388543, "time_cost": 74.936, "final_distance_cost": 1.843311703642718, "oscillation_cost": 20.913970827896527, "completition_cost": 0.0, "overshoot_cost": 51.677242873315585, "power_cost": 12.530453466796876, "noise_cost": 12.353514652233734, "n_waypoints_completed": 9, "tot_waypoints": 9}}
{"target": -170.04336114488396, "params": {"k_pid_pos": [0.5846312901433662, 0.0029577907568094277, 0.023210187970033037], "k_pid_alt": [1.7608266554184127, 9.249487622881582e-05, 0.00819705606187487], "k_pid_att": [42.21053252506209, 7.754279195808718, 0.814089270284041], "k_pid_yaw": [0.5, 1e-06, 0.1], "k_pid_hsp": [0.12218356053792051, 0.006023085482944802, 0.0], "k_pid_vsp": [347.7133932790993, 206.8049682123044, 0.8238925630056816]}, "datetime": {"datetime": "2025-08-20 17:15:47", "elapsed": 19401.52821278572, "delta": 15.5975022315979}, "costs": {"total_cost": 170.04336114488396, "time_cost": 71.512, "final_distance_cost": 1.8248549931633997, "oscillation_cost": 22.933686208882893, "completition_cost": 0.0, "overshoot_cost": 50.61200181040181, "power_cost": 11.829440344238282, "noise_cost": 11.33137778819759, "n_waypoints_completed": 9, "tot_waypoints": 9}}
