{"target": -175.72361556789008, "params": {"k_pid_pos": [0.5996223787029961, 0.005238778456919152, 0.0061996608189650235], "k_pid_alt": [2.0, 0.00010392058508670677, 0.00191820516621731], "k_pid_att": [36.89592838255724, 6.295432287126576, 0.6604337713665661], "k_pid_yaw": [0.5, 1e-06, 0.1], "k_pid_hsp": [0.0612736559704291, 0.005239792014711398, 0.0], "k_pid_vsp": [151.9155662959516, 198.54271584336982, 0.6963841561830076]}, "datetime": {"datetime": "2025-08-20 19:08:43", "elapsed": 26177.514029741287, "delta": 16.298991918563843}, "costs": {"total_cost": 175.72361556789008, "time_cost": 76.28, "final_distance_cost": 1.800501298646241, "oscillation_cost": 19.293462143993025, "completition_cost": 0.0, "overshoot_cost": 53.08840007583294, "power_cost": 13.104911291503907, "noise_cost": 12.15634075791398, "n_waypoints_completed": 9, "tot_waypoints": 9}}
{"target": -171.08111647755885, "params": {"k_pid_pos": [0.5543877267167643, 0.0037609514010304053, 0.007232005580395501], "k_pid_alt": [1.3671440402988557, 0.00010458203447725999, 0.0017245600569646767], "k_pid_att": [15.619538459109577, 7.968551808881441, 0.7150866669339749], "k_pid_yaw": [0.5, 1e-06, 0.1], "k_pid_hsp": [0.11467798222304577, 0.005883426561588754, 0.0], "k_pid_vsp": [183.30886091830385, 214.50460745477213, 0.9336865056583913]}, "datetime": {"datetime": "2025-08-20 19:08:59", "elapsed": 26194.291077375412, "delta": 16.777047634124756}, "costs": {"total_cost": 171.08111647755885, "time_cost": 71.72, "final_distance_cost": 1.8254108110545622, "oscillation_cost": 22.436833904798856, "completition_cost": 0.0, "overshoot_cost": 50.81657821148987, "power_cost": 12.576266333007814, "noise_cost": 11.706027217207739, "n_waypoints_completed": 9, "tot_waypoints": 9}}
{"target": -169.9436559560295, "params": {"k_pid_pos": [0.48133544085876534, 0.004264580593090601, 0.01212252427470756], "k_pid_alt": [1.8574503804498317, 0.00012057373034363184, 0.0017730373900367972], "k_pid_att": [30.43386417018778, 8.014820267815834, 0.7968490109098295], "k_pid_yaw": [0.5, 1e-06, 0.1], "k_pid_hsp": [0.08757260305177277, 0.0066612789233223765, 0.0], "k_pid_vsp": [159.8737077346556, 178.63918513888984, 0.7259985577022169]}, "datetime": {"datetime": "2025-08-20 19:09:17", "elapsed": 26211.906341314316, "delta": 17.61526393890381}, "costs": {"total_cost": 169.9436559560295, "time_cost": 73.08, "final_distance_cost": 1.8171236120064007, "oscillation_cost": 18.997072185987548, "completition_cost": 0.0, "overshoot_cost": 51.61698235931176, "power_cost": 12.624236645507812, "noise_cost": 11.808241153215953, "n_waypoints_completed": 9, "tot_waypoints": 9}}
{"target": -170.7518932099664, "params": {"k_pid_pos": [0.423375201284468, 0.004090323853282898, 0.004947708379899555], "k_pid_alt": [2.0, 0.00013882054572059017, 0.0017419601059027404], "k_pid_att": [30.56966835891617, 3.8534109792504796, 0.6596963892711005], "k_pid_yaw": [0.5, 1e-06, 0.1], "k_pid_hsp": [0.0963137497878952, 0.0058504119327464936, 0.0], "k_pid_vsp": [243.17738638390688, 146.54042588884064, 1.436530763525317]}, "datetime": {"datetime": "2025-08-20 19:09:33", "elapsed": 26228.146572113037, "delta": 16.240230798721313}, "costs": {"total_cost": 170.7518932099664, "time_cost": 74.664, "final_distance_cost": 1.8357028893765464, "oscillation_cost": 17.957299919647024, "completition_cost": 0.0, "overshoot_cost": 52.02769870672691, "power_cost": 12.156025939941406, "noise_cost": 12.111165754274518, "n_waypoints_completed": 9, "tot_waypoints": 9}}
{"target": -183.05154717669745, "params": {"k_pid_pos": [0.31727066319623604, 0.003460275410269106, 0.005317091435525577], "k_pid_alt": [2.0, 8.655565803482455e-05, 0.0018866415893873025], "k_pid_att": [10.79587322412803, 6.542578911708065, 0.5412289388129611], "k_pid_yaw": [0.5, 1e-06, 0.1], "k_pid_hsp": [0.10183419562652234, 0.006624115641607736, 0.0], "k_pid_vsp": [177.24823539979266, 134.00091391991523, 0.7556697500487927]}, "datetime": {"datetime": "2025-08-20 19:09:53", "elapsed": 26248.30982685089, "delta": 20.163254737854004}, "costs": {"total_cost": 183.05154717669745, "time_cost": 83.88, "final_distance_cost": 1.861114130942862, "oscillation_cost": 16.859276239040177, "completition_cost": 0.0, "overshoot_cost": 52.430689449221944, "power_cost": 13.626102697753907, "noise_cost": 14.394364659738551, "n_waypoints_completed": 9, "tot_waypoints": 9}}
{"target": -169.4177309468326, "params": {"k_pid_pos": [0.536339564683479, 0.005730270092176223, 0.010743131384512982], "k_pid_alt": [2.0, 7.96272878277711e-05, 0.0020044280429648413], "k_pid_att": [25.096650150363132, 5.047777831328411, 0.4984651831612279], "k_pid_yaw": [0.5, 1e-06, 0.1], "k_pid_hsp": [0.09366727754077626, 0.004166683691384677, 0.0], "k_pid_vsp": [210.86082277753042, 123.32718246872473, 0.9885619629408856]}, "datetime": {"datetime": "2025-08-20 19:10:10", "elapsed": 26264.714975118637, "delta": 16.40514826774597}, "costs": {"total_cost": 169.4177309468326, "time_cost": 72.376, "final_distance_cost": 1.8276780876112457, "oscillation_cost": 20.121826323570204, "completition_cost": 0.0, "overshoot_cost": 51.29274914941346, "power_cost": 12.114280114746094, "noise_cost": 11.685197271491568, "n_waypoints_completed": 9, "tot_waypoints": 9}}
{"target": -173.91276985273058, "params": {"k_pid_pos": [0.41509953063172605, 0.002565601405137391, 0.008442283346186191], "k_pid_alt": [1.6658469183037663, 0.00012484534940838076, 0.0016209971938005035], "k_pid_att": [31.094276280583447, 4.984311336999969, 0.44821868088346406], "k_pid_yaw": [0.5, 1e-06, 0.1], "k_pid_hsp": [0.1172879143314745, 0.006386460273461752, 0.0], "k_pid_vsp": [191.70288311073318, 190.9645941298693, 0.7448743242211989]}, "datetime": {"datetime": "2025-08-20 19:10:29", "elapsed": 26283.646248579025, "delta": 18.931273460388184}, "costs": {"total_cost": 173.91276985273058, "time_cost": 76.08800000000001, "final_distance_cost": 1.8530051946031976, "oscillation_cost": 19.47613832618525, "completition_cost": 0.0, "overshoot_cost": 50.87286551926939, "power_cost": 12.900401269531251, "noise_cost": 12.722359543141486, "n_waypoints_completed": 9, "tot_waypoints": 9}}
{"target": -171.67680826179944, "params": {"k_pid_pos": [0.5598763673811522, 0.0051428906488585795, 0.008776231387508928], "k_pid_alt": [1.653995798745336, 0.0001398364732572605, 0.0020646205604379175], "k_pid_att": [29.611304884557185, 6.585396762432619, 0.6408883307201391], "k_pid_yaw": [0.5, 1e-06, 0.1], "k_pid_hsp": [0.07448741109200022, 0.004312627798237747, 0.0], "k_pid_vsp": [261.86173668912835, 180.70003481155456, 0.8124080194583551]}, "datetime": {"datetime": "2025-08-20 19:10:46", "elapsed": 26300.757764577866, "delta": 17.111515998840332}, "costs": {"total_cost": 171.67680826179944, "time_cost": 74.0, "final_distance_cost": 1.8095221218363173, "oscillation_cost": 19.49163210916145, "completition_cost": 0.0, "overshoot_cost": 51.89762815340965, "power_cost": 12.579036816406251, "noise_cost": 11.898989060985764, "n_waypoints_completed": 9, "tot_waypoints": 9}}
{"target": -170.5506113578105, "params": {"k_pid_pos": [0.5709747860950071, 0.003367428808523446, 0.0027108454053636675], "k_pid_alt": [2.0, 0.00010563386304003669, 0.0010200406434351147], "k_pid_att": [33.560174144696894, 4.565865081711593, 0.8019093526093827], "k_pid_yaw": [0.5, 1e-06, 0.1], "k_pid_hsp": [0.11295580542820399, 0.00456902651502231, 0.0], "k_pid_vsp": [231.34488321534081, 253.9484718403319, 0.916697700638502]}, "datetime": {"datetime": "2025-08-20 19:11:01", "elapsed": 26316.273151874542, "delta": 15.515387296676636}, "costs": {"total_cost": 170.5506113578105, "time_cost": 71.544, "final_distance_cost": 1.8221929836548914, "oscillation_cost": 22.150499145237326, "completition_cost": 0.0, "overshoot_cost": 50.72814155944353, "power_cost": 12.551962438964845, "noise_cost": 11.753815230509934, "n_waypoints_completed": 9, "tot_waypoints": 9}}
{"target": -169.52117849729575, "params": {"k_pid_pos": [0.5755593729462231, 0.004571494699404284, 0.015286497458313219], "k_pid_alt": [2.0, 6.261214834153533e-05, 0.0018778171590000945], "k_pid_att": [49.33679468076536, 6.646978185563615, 0.590208754318973], "k_pid_yaw": [0.5, 1e-06, 0.1], "k_pid_hsp": [0.10568455990738211, 0.004821123231489662, 0.0], "k_pid_vsp": [224.05330221536806, 178.89005462786244, 0.8517760916209124]}, "datetime": {"datetime": "2025-08-20 19:11:18", "elapsed": 26332.908420324326, "delta": 16.635268449783325}, "costs": {"total_cost": 169.52117849729575, "time_cost": 71.68, "final_distance_cost": 1.814283355553472, "oscillation_cost": 21.53234810615614, "completition_cost": 0.0, "overshoot_cost": 50.753757355370325, "power_cost": 12.155732629394532, "noise_cost": 11.585057050821291, "n_waypoints_completed": 9, "tot_waypoints": 9}}
{"target": -170.0618394405445, "params": {"k_pid_pos": [0.4958333974424893, 0.006001055766491972, 0.010117401718607562], "k_pid_alt": [1.5259998173089437, 0.00014863244328397335, 0.002375830859407502], "k_pid_att": [35.198918863428624, 5.944982976653852, 0.727313282518734], "k_pid_yaw": [0.5, 1e-06, 0.1], "k_pid_hsp": [0.09849377889233357, 0.0052352207545283665, 0.0], "k_pid_vsp": [274.75931233236736, 188.5183601982978, 0.7124059252943487]}, "datetime": {"datetime": "2025-08-20 19:11:34", "elapsed": 26348.696939229965, "delta": 15.788518905639648}, "costs": {"total_cost": 170.0618394405445, "time_cost": 72.83200000000001, "final_distance_cost": 1.8322694633243464, "oscillation_cost": 19.8246739323017, "completition_cost": 0.0, "overshoot_cost": 51.27303331907659, "power_cost": 12.437914562988281, "noise_cost": 11.861948162853578, "n_waypoints_completed": 9, "tot_waypoints": 9}}
{"target": -169.6220780704672, "params": {"k_pid_pos": [0.6239717203300511, 0.003998838624133139, 0.008005517855450634], "k_pid_alt": [2.0, 0.00010007046703969112, 0.0017685378432826151], "k_pid_att": [34.37319593981937, 6.054891500030474, 0.43086735544763516], "k_pid_yaw": [0.5, 1e-06, 0.1], "k_pid_hsp": [0.11601022820366598, 0.006807695677539731, 0.0], "k_pid_vsp": [224.7609444773817, 202.09282141457933, 0.8397233827072048]}, "datetime": {"datetime": "2025-08-20 19:11:50", "elapsed": 26365.297140598297, "delta": 16.60020136833191}, "costs": {"total_cost": 169.6220780704672, "time_cost": 70.936, "final_distance_cost": 1.8199834266900992, "oscillation_cost": 23.396872521997004, "completition_cost": 0.0, "overshoot_cost": 50.58236947004214, "power_cost": 11.689731115722656, "noise_cost": 11.197121536015294, "n_waypoints_completed": 9, "tot_waypoints": 9}}
{"target": -176.92992636457205, "params": {"k_pid_pos": [0.5222927327392228, 0.00571437549914057, 0.00847761071218356], "k_pid_alt": [1.5948233660738225, 8.654695653728525e-05, 0.0012232791508296457], "k_pid_att": [22.000285550065414, 6.640416040857951, 0.6557329146700073], "k_pid_yaw": [0.5, 1e-06, 0.1], "k_pid_hsp": [0.05468553508135427, 0.006923174999092682, 0.0], "k_pid_vsp": [176.2865829659361, 202.65715995308418, 0.9136813274099181]}, "datetime": {"datetime": "2025-08-20 19:12:09", "elapsed": 26383.923983812332, "delta": 18.626843214035034}, "costs": {"total_cost": 176.92992636457205, "time_cost": 78.304, "final_distance_cost": 1.776802622435415, "oscillation_cost": 17.38949830086193, "completition_cost": 0.0, "overshoot_cost": 53.31756537718741, "power_cost": 13.461808715820313, "noise_cost": 12.680251348266992, "n_waypoints_completed": 9, "tot_waypoints": 9}}
{"target": -170.29120293063417, "params": {"k_pid_pos": [0.5348879091455045, 0.004034721507305529, 0.011302464317261736], "k_pid_alt": [1.1103291606694345, 0.00013214948081066098, 0.0013298620083681577], "k_pid_att": [33.53817360596546, 7.575755122743172, 0.7390792514979231], "k_pid_yaw": [0.5, 1e-06, 0.1], "k_pid_hsp": [0.07763090702977904, 0.0027596877366062797, 0.0], "k_pid_vsp": [217.733600119789, 202.15258353951586, 0.9130494299678803]}, "datetime": {"datetime": "2025-08-20 19:12:25", "elapsed": 26400.269364595413, "delta": 16.345380783081055}, "costs": {"total_cost": 170.29120293063417, "time_cost": 74.024, "final_distance_cost": 1.797183359236514, "oscillation_cost": 18.599908495963298, "completition_cost": 0.0, "overshoot_cost": 51.88900076507433, "power_cost": 12.254110559082031, "noise_cost": 11.72699975127801, "n_waypoints_completed": 9, "tot_waypoints": 9}}
{"target": -170.22239427678065, "params": {"k_pid_pos": [0.6500489683644463, 0.00523768145890965, 0.009203349886796185], "k_pid_alt": [1.8790567870507242, 0.0001362066413430737, 0.002357163106983472], "k_pid_att": [12.752403269646182, 8.60753656255611, 0.5423193686621902], "k_pid_yaw": [0.5, 1e-06, 0.1], "k_pid_hsp": [0.09833115218167933, 0.006780542327468487, 0.0], "k_pid_vsp": [174.8592483009959, 277.3343999864235, 0.8059721274778516]}, "datetime": {"datetime": "2025-08-20 19:12:42", "elapsed": 26417.506251335144, "delta": 17.236886739730835}, "costs": {"total_cost": 170.22239427678065, "time_cost": 70.83200000000001, "final_distance_cost": 1.8284827493131948, "oscillation_cost": 23.64248465759451, "completition_cost": 0.0, "overshoot_cost": 50.2682076451742, "power_cost": 12.252889465332032, "noise_cost": 11.39832975936671, "n_waypoints_completed": 9, "tot_waypoints": 9}}
{"target": -169.5520222521958, "params": {"k_pid_pos": [0.5762814799552157, 0.003751205998837538, 0.0061543179006468005], "k_pid_alt": [1.85653862663049, 8.242881531804225e-05, 0.001848841987710642], "k_pid_att": [36.710264521725364, 7.155587175215664, 0.7553054397647173], "k_pid_yaw": [0.5, 1e-06, 0.1], "k_pid_hsp": [0.11209686093017361, 0.007150899140320147, 0.0], "k_pid_vsp": [222.5978277119026, 275.8947275846403, 0.5975758314719726]}, "datetime": {"datetime": "2025-08-20 19:12:58", "elapsed": 26432.929621458054, "delta": 15.423370122909546}, "costs": {"total_cost": 169.5520222521958, "time_cost": 71.28, "final_distance_cost": 1.8237550326035246, "oscillation_cost": 22.15762234642978, "completition_cost": 0.0, "overshoot_cost": 50.597174229328104, "power_cost": 12.184008850097657, "noise_cost": 11.509461793736723, "n_waypoints_completed": 9, "tot_waypoints": 9}}
{"target": -179.08602702814642, "params": {"k_pid_pos": [0.3951019936494717, 0.004684411139254463, 0.01060398188762165], "k_pid_alt": [1.8261908714292971, 0.00012128353461227612, 0.0017863311111856106], "k_pid_att": [28.21278083910831, 8.904479951705918, 0.8452574353194694], "k_pid_yaw": [0.5, 1e-06, 0.1], "k_pid_hsp": [0.13780317660181965, 0.007511156162327427, 0.0], "k_pid_vsp": [156.44770137149575, 166.62030739934957, 0.9877867783796014]}, "datetime": {"datetime": "2025-08-20 19:13:17", "elapsed": 26451.895245313644, "delta": 18.96562385559082}, "costs": {"total_cost": 179.08602702814642, "time_cost": 78.648, "final_distance_cost": 1.8554613823387753, "oscillation_cost": 20.186765061170675, "completition_cost": 0.0, "overshoot_cost": 51.52767926987055, "power_cost": 13.555154077148439, "noise_cost": 13.312967237617984, "n_waypoints_completed": 9, "tot_waypoints": 9}}
{"target": -168.77261490203273, "params": {"k_pid_pos": [0.5816698416566516, 0.005624487624545066, 0.007277208394114686], "k_pid_alt": [2.0, 0.00012057194162162577, 0.001775664808044701], "k_pid_att": [23.86446583739364, 6.41394051186079, 0.66084785616277], "k_pid_yaw": [0.5, 1e-06, 0.1], "k_pid_hsp": [0.09288438439117741, 0.007935390702017486, 0.0], "k_pid_vsp": [152.67480762853066, 253.06857884444528, 0.940445624963349]}, "datetime": {"datetime": "2025-08-20 19:13:33", "elapsed": 26467.915042877197, "delta": 16.019797563552856}, "costs": {"total_cost": 168.77261490203273, "time_cost": 71.648, "final_distance_cost": 1.816360350633118, "oscillation_cost": 21.32668604958661, "completition_cost": 0.0, "overshoot_cost": 50.60506003002401, "power_cost": 12.049123937988282, "noise_cost": 11.327384533800716, "n_waypoints_completed": 9, "tot_waypoints": 9}}
{"target": -169.67449676336153, "params": {"k_pid_pos": [0.5888276418991969, 0.0028926705634704174, 0.011894346188317055], "k_pid_alt": [1.2065444701296737, 0.00014810575909060474, 0.0019822202200238254], "k_pid_att": [29.446916585754746, 4.8653944706953105, 0.6375393096188812], "k_pid_yaw": [0.5, 1e-06, 0.1], "k_pid_hsp": [0.09100214179124129, 0.006492283182598993, 0.0], "k_pid_vsp": [101.02472824335644, 217.5897356780064, 0.8452505934717859]}, "datetime": {"datetime": "2025-08-20 19:13:49", "elapsed": 26483.630267620087, "delta": 15.715224742889404}, "costs": {"total_cost": 169.67449676336153, "time_cost": 71.816, "final_distance_cost": 1.8071424109861738, "oscillation_cost": 21.461748232740227, "completition_cost": 0.0, "overshoot_cost": 50.769975063528676, "power_cost": 12.316279248046875, "noise_cost": 11.503351808059591, "n_waypoints_completed": 9, "tot_waypoints": 9}}
{"target": -169.33074711124232, "params": {"k_pid_pos": [0.4955050304626835, 0.0033639597297098985, 0.007586294219229811], "k_pid_alt": [1.9522585290342078, 0.0001217659545192242, 0.0028277726520733134], "k_pid_att": [28.153983587173514, 6.723577843185237, 0.5762185159313417], "k_pid_yaw": [0.5, 1e-06, 0.1], "k_pid_hsp": [0.09789416122075163, 0.007950487924641925, 0.0], "k_pid_vsp": [137.6271557998966, 274.78798242277327, 0.771166090334146]}, "datetime": {"datetime": "2025-08-20 19:14:06", "elapsed": 26501.159368276596, "delta": 17.5291006565094}, "costs": {"total_cost": 169.33074711124232, "time_cost": 72.584, "final_distance_cost": 1.8290044408584054, "oscillation_cost": 20.044335991204786, "completition_cost": 0.0, "overshoot_cost": 51.07530772211565, "power_cost": 12.190873706054688, "noise_cost": 11.607225251008785, "n_waypoints_completed": 9, "tot_waypoints": 9}}
{"target": -172.23073493831578, "params": {"k_pid_pos": [0.8286375510798084, 0.003902433980233034, 0.009689011455812808], "k_pid_alt": [1.1523159541507846, 0.00017764069571642695, 0.0020757269679125886], "k_pid_att": [21.58590531495764, 3.742019416810724, 0.6021394545918101], "k_pid_yaw": [0.5, 1e-06, 0.1], "k_pid_hsp": [0.10820963054258348, 0.00610233497102566, 0.0], "k_pid_vsp": [209.60569483342366, 213.58842938263874, 0.8969360306100264]}, "datetime": {"datetime": "2025-08-20 19:14:21", "elapsed": 26516.288599967957, "delta": 15.129231691360474}, "costs": {"total_cost": 172.23073493831578, "time_cost": 70.34400000000001, "final_distance_cost": 1.8151517222217493, "oscillation_cost": 25.77866252312386, "completition_cost": 0.0, "overshoot_cost": 50.37673733578202, "power_cost": 12.56970791015625, "noise_cost": 11.346475447031905, "n_waypoints_completed": 9, "tot_waypoints": 9}}
{"target": -169.98983148920055, "params": {"k_pid_pos": [0.5095458436561177, 0.0036393296136144567, 0.013863272268547167], "k_pid_alt": [2.0, 0.0001828756880120312, 0.0015668952268229452], "k_pid_att": [34.97784223688426, 7.027557087424827, 0.553936496620108], "k_pid_yaw": [0.5, 1e-06, 0.1], "k_pid_hsp": [0.10688055868603459, 0.005200776878350321, 0.0], "k_pid_vsp": [108.11007981678368, 151.29989441972543, 0.7886891400470596]}, "datetime": {"datetime": "2025-08-20 19:14:39", "elapsed": 26533.66220831871, "delta": 17.373608350753784}, "costs": {"total_cost": 169.98983148920055, "time_cost": 72.648, "final_distance_cost": 1.826449709724479, "oscillation_cost": 20.210464701688043, "completition_cost": 0.0, "overshoot_cost": 51.34317646756052, "power_cost": 12.241397131347657, "noise_cost": 11.720343478879851, "n_waypoints_completed": 9, "tot_waypoints": 9}}
{"target": -169.66656592695506, "params": {"k_pid_pos": [0.5245693812037576, 0.004712329928979682, 0.008032579012964126], "k_pid_alt": [1.98130717802408, 0.00011701724121399167, 0.0020545697669634554], "k_pid_att": [28.245211066593658, 8.142113978620644, 0.9167110646721802], "k_pid_yaw": [0.5, 1e-06, 0.1], "k_pid_hsp": [0.09613797687725738, 0.005504769415291877, 0.0], "k_pid_vsp": [222.2581245286716, 139.64994289985148, 1.025257410483296]}, "datetime": {"datetime": "2025-08-20 19:14:54", "elapsed": 26549.20987725258, "delta": 15.547668933868408}, "costs": {"total_cost": 169.66656592695506, "time_cost": 72.312, "final_distance_cost": 1.8262656178401557, "oscillation_cost": 20.36041043246771, "completition_cost": 0.0, "overshoot_cost": 51.03093700631917, "power_cost": 12.441210290527344, "noise_cost": 11.695742579800683, "n_waypoints_completed": 9, "tot_waypoints": 9}}
{"target": -179.09425033601772, "params": {"k_pid_pos": [0.31949846970632795, 0.004161051937663252, 0.00235359124589035], "k_pid_alt": [2.0, 0.00018439479728757117, 0.0019480039176036558], "k_pid_att": [31.358322445844653, 7.4364188740880905, 0.5852838183761258], "k_pid_yaw": [0.5, 1e-06, 0.1], "k_pid_hsp": [0.09763872821572445, 0.005644150638276126, 0.0], "k_pid_vsp": [226.95263631634984, 213.3681876843427, 0.8015995597466153]}, "datetime": {"datetime": "2025-08-20 19:15:13", "elapsed": 26567.93688249588, "delta": 18.72700524330139}, "costs": {"total_cost": 179.09425033601772, "time_cost": 82.136, "final_distance_cost": 1.8568953691388297, "oscillation_cost": 16.03005183068481, "completition_cost": 0.0, "overshoot_cost": 52.218896222807565, "power_cost": 13.0062712890625, "noise_cost": 13.846135624323995, "n_waypoints_completed": 9, "tot_waypoints": 9}}
{"target": -171.4301744940098, "params": {"k_pid_pos": [0.5239936056139757, 0.004054165112825823, 0.012004904164410348], "k_pid_alt": [1.6107313027441146, 0.000134729368310121, 0.0020409164042044623], "k_pid_att": [36.29194774292571, 6.91730177779056, 0.566630171237326], "k_pid_yaw": [0.5, 1e-06, 0.1], "k_pid_hsp": [0.07278810461168457, 0.00918103749932464, 0.0], "k_pid_vsp": [222.16674247963033, 207.38170524388659, 0.4639107517556844]}, "datetime": {"datetime": "2025-08-20 19:15:31", "elapsed": 26585.85654759407, "delta": 17.919665098190308}, "costs": {"total_cost": 171.4301744940098, "time_cost": 74.24, "final_distance_cost": 1.7974948713648138, "oscillation_cost": 19.310104326767778, "completition_cost": 0.0, "overshoot_cost": 51.74832658291729, "power_cost": 12.537998339843751, "noise_cost": 11.796250373116177, "n_waypoints_completed": 9, "tot_waypoints": 9}}
