{"target": -169.94404221836652, "params": {"k_pid_pos": [0.551884472538959, 0.004350152072342185, 0.00974054940769071], "k_pid_alt": [2.0, 0.00012239335074196934, 0.0023231343885989114], "k_pid_att": [27.744624510764236, 8.073292533898014, 0.5145680616103591], "k_pid_yaw": [0.5, 1e-06, 0.1], "k_pid_hsp": [0.10443100364494075, 0.004953302744165943, 0.0], "k_pid_vsp": [193.75417087837369, 268.8964326164199, 0.42460085711636725]}, "datetime": {"datetime": "2025-08-20 21:57:37", "elapsed": 36311.518092632294, "delta": 18.598320484161377}, "costs": {"total_cost": 169.94404221836652, "time_cost": 71.808, "final_distance_cost": 1.8257106501900118, "oscillation_cost": 21.506580134555524, "completition_cost": 0.0, "overshoot_cost": 50.87530645308824, "power_cost": 12.271375036621095, "noise_cost": 11.657069943911635, "n_waypoints_completed": 9, "tot_waypoints": 9}}
{"target": -169.38514876377454, "params": {"k_pid_pos": [0.4880795491403333, 0.003752391430052631, 0.010038910978961917], "k_pid_alt": [1.9261458048058062, 0.00012967480272561602, 0.001709696924028509], "k_pid_att": [25.015146379023708, 7.01602569138213, 0.5206759465750782], "k_pid_yaw": [0.5, 1e-06, 0.1], "k_pid_hsp": [0.09897790384900997, 0.004731117660639462, 0.0], "k_pid_vsp": [235.81060186208273, 236.91910006021962, 0.5003434968812298]}, "datetime": {"datetime": "2025-08-20 21:57:52", "elapsed": 36326.95475459099, "delta": 15.436661958694458}, "costs": {"total_cost": 169.38514876377454, "time_cost": 72.896, "final_distance_cost": 1.8386370800640832, "oscillation_cost": 19.407686285665253, "completition_cost": 0.0, "overshoot_cost": 51.25993845424941, "power_cost": 12.295551440429689, "noise_cost": 11.687335503366121, "n_waypoints_completed": 9, "tot_waypoints": 9}}
{"target": -169.13938823135902, "params": {"k_pid_pos": [0.6039005314445262, 0.003211895648977023, 0.008435885920754822], "k_pid_alt": [1.802773361774878, 0.00011078925876848345, 0.0017892777044538543], "k_pid_att": [25.494637985268355, 7.729877726779595, 0.670446828943908], "k_pid_yaw": [0.5, 1e-06, 0.1], "k_pid_hsp": [0.09577351977697994, 0.004142259349522083, 0.0], "k_pid_vsp": [171.96972245643963, 205.26652919200555, 0.5689870383407073]}, "datetime": {"datetime": "2025-08-20 21:58:10", "elapsed": 36344.522970438, "delta": 17.56821584701538}, "costs": {"total_cost": 169.13938823135902, "time_cost": 71.416, "final_distance_cost": 1.8087373865894987, "oscillation_cost": 21.71967240874548, "completition_cost": 0.0, "overshoot_cost": 50.389504512907045, "power_cost": 12.349328869628907, "noise_cost": 11.456145053488095, "n_waypoints_completed": 9, "tot_waypoints": 9}}
{"target": -170.13052961902986, "params": {"k_pid_pos": [0.6411607187498, 0.0033947412325319114, 0.008232801286147957], "k_pid_alt": [1.9225164065535687, 7.424182382942536e-05, 0.0016940613210899155], "k_pid_att": [26.611918394582684, 8.320972886564329, 0.458559382536395], "k_pid_yaw": [0.5, 1e-06, 0.1], "k_pid_hsp": [0.11994341421483812, 0.0031366186294704747, 0.0], "k_pid_vsp": [184.8166135382696, 280.26082751976224, 0.6032779330205571]}, "datetime": {"datetime": "2025-08-20 21:58:25", "elapsed": 36359.67001032829, "delta": 15.147039890289307}, "costs": {"total_cost": 170.13052961902986, "time_cost": 70.83200000000001, "final_distance_cost": 1.8336551846772207, "oscillation_cost": 23.906182601834907, "completition_cost": 0.0, "overshoot_cost": 50.05465550512523, "power_cost": 12.012754699707031, "noise_cost": 11.491281627685467, "n_waypoints_completed": 9, "tot_waypoints": 9}}
{"target": -169.78581099039297, "params": {"k_pid_pos": [0.6120087260285297, 0.003124012531548236, 0.007261726778492722], "k_pid_alt": [2.0, 0.00013860831084612854, 0.0021333162920937417], "k_pid_att": [33.69613941491247, 8.14743281387006, 0.6159064507914195], "k_pid_yaw": [0.5, 1e-06, 0.1], "k_pid_hsp": [0.09674078284032357, 0.005067852413938, 0.0], "k_pid_vsp": [213.93629026050357, 244.35775989663662, 0.6611089384275054]}, "datetime": {"datetime": "2025-08-20 21:58:42", "elapsed": 36376.66598391533, "delta": 16.995973587036133}, "costs": {"total_cost": 169.78581099039297, "time_cost": 71.36, "final_distance_cost": 1.8186101614735983, "oscillation_cost": 22.12304261800399, "completition_cost": 0.0, "overshoot_cost": 50.90421414702798, "power_cost": 12.155664819335938, "noise_cost": 11.42427924455148, "n_waypoints_completed": 9, "tot_waypoints": 9}}
{"target": -169.04655427850332, "params": {"k_pid_pos": [0.5810314010213351, 0.003438968175301872, 0.008750000488954347], "k_pid_alt": [1.9306832455626324, 0.00012185616397030411, 0.0017475546659193205], "k_pid_att": [33.11877693449087, 7.512905016576513, 0.615619996071134], "k_pid_yaw": [0.5, 1e-06, 0.1], "k_pid_hsp": [0.10046687388478487, 0.004071122825154302, 0.0], "k_pid_vsp": [248.40570443157216, 285.2278690783687, 0.505250327846367]}, "datetime": {"datetime": "2025-08-20 21:58:57", "elapsed": 36391.873161792755, "delta": 15.207177877426147}, "costs": {"total_cost": 169.04655427850332, "time_cost": 71.544, "final_distance_cost": 1.8076011539913703, "oscillation_cost": 21.43747004278231, "completition_cost": 0.0, "overshoot_cost": 50.99977821994764, "power_cost": 11.896190295410157, "noise_cost": 11.361514566371852, "n_waypoints_completed": 9, "tot_waypoints": 9}}
{"target": -170.4557660651212, "params": {"k_pid_pos": [0.7417847105578268, 0.003107455917240893, 0.008866042121963512], "k_pid_alt": [2.0, 0.00014971010845174916, 0.001793833011104505], "k_pid_att": [22.88926609401348, 7.200779472746318, 0.6607874981544485], "k_pid_yaw": [0.5, 1e-06, 0.1], "k_pid_hsp": [0.09074408922957439, 0.0032639368247453933, 0.0], "k_pid_vsp": [237.57067706804636, 215.97904504634093, 0.4916389916809594]}, "datetime": {"datetime": "2025-08-20 21:59:15", "elapsed": 36410.46834945679, "delta": 18.595187664031982}, "costs": {"total_cost": 170.4557660651212, "time_cost": 70.96000000000001, "final_distance_cost": 1.8018999279531742, "oscillation_cost": 23.492597663137577, "completition_cost": 0.0, "overshoot_cost": 51.373236705281016, "power_cost": 11.66019697265625, "noise_cost": 11.167834796093148, "n_waypoints_completed": 9, "tot_waypoints": 9}}
{"target": -169.37525434129378, "params": {"k_pid_pos": [0.6211452458110508, 0.00486895296050731, 0.009658282498126192], "k_pid_alt": [1.863490697809299, 0.00014116560668703176, 0.001826885615019931], "k_pid_att": [23.16957959136604, 7.914985098773012, 0.3643592364523219], "k_pid_yaw": [0.5, 1e-06, 0.1], "k_pid_hsp": [0.10753015709015702, 0.00451773170031958, 0.0], "k_pid_vsp": [213.76673073477045, 184.92064515951643, 0.4563643419148269]}, "datetime": {"datetime": "2025-08-20 21:59:31", "elapsed": 36425.951182842255, "delta": 15.48283338546753}, "costs": {"total_cost": 169.37525434129378, "time_cost": 71.04, "final_distance_cost": 1.8110848129352155, "oscillation_cost": 22.931752812971837, "completition_cost": 0.0, "overshoot_cost": 50.511575224433976, "power_cost": 11.752555065917969, "noise_cost": 11.328286425034774, "n_waypoints_completed": 9, "tot_waypoints": 9}}
{"target": -172.0259037003245, "params": {"k_pid_pos": [0.4541331056081182, 0.004569160565446657, 0.008718353564050724], "k_pid_alt": [2.0, 0.00013780238106372262, 0.0019275245859339547], "k_pid_att": [26.761081873507795, 7.340017072244202, 0.5261003371290552], "k_pid_yaw": [0.5, 1e-06, 0.1], "k_pid_hsp": [0.11741295529166344, 0.004496408622431921, 0.0], "k_pid_vsp": [264.4706172560154, 287.76653374505304, 0.40923410724808756]}, "datetime": {"datetime": "2025-08-20 21:59:49", "elapsed": 36443.50916719437, "delta": 17.557984352111816}, "costs": {"total_cost": 172.0259037003245, "time_cost": 74.232, "final_distance_cost": 1.8470961207854546, "oscillation_cost": 20.47549593428766, "completition_cost": 0.0, "overshoot_cost": 50.97671761321222, "power_cost": 12.397086401367188, "noise_cost": 12.097507630671998, "n_waypoints_completed": 9, "tot_waypoints": 9}}
{"target": -172.36152219923272, "params": {"k_pid_pos": [0.67971319317942, 0.0030624967123999303, 0.008365143787073709], "k_pid_alt": [1.8387579448508635, 0.00013515435692756895, 0.0015844036314731542], "k_pid_att": [29.680621801212464, 6.680090570532335, 0.631286923874154], "k_pid_yaw": [0.5, 1e-06, 0.1], "k_pid_hsp": [0.07811613348866124, 0.0040697166557602535, 0.0], "k_pid_vsp": [182.15165872373845, 226.79788790178807, 0.4155467214822279]}, "datetime": {"datetime": "2025-08-20 22:00:04", "elapsed": 36459.47603106499, "delta": 15.966863870620728}, "costs": {"total_cost": 172.36152219923272, "time_cost": 72.792, "final_distance_cost": 1.7961666198355524, "oscillation_cost": 21.889269348879242, "completition_cost": 0.0, "overshoot_cost": 51.724163064276816, "power_cost": 12.470923242187501, "noise_cost": 11.688999924053643, "n_waypoints_completed": 9, "tot_waypoints": 9}}
{"target": -169.51522101526052, "params": {"k_pid_pos": [0.7107813985947423, 0.0038435640694800093, 0.007344956703992406], "k_pid_alt": [2.0, 0.00014486460923590923, 0.0018338450634477253], "k_pid_att": [28.18757640802556, 7.90538615396116, 0.6084830339963984], "k_pid_yaw": [0.5, 1e-06, 0.1], "k_pid_hsp": [0.12208968820191261, 0.004887606042463868, 0.0], "k_pid_vsp": [235.86846071703974, 222.23033668832863, 0.5197684207259542]}, "datetime": {"datetime": "2025-08-20 22:00:21", "elapsed": 36476.32981657982, "delta": 16.853785514831543}, "costs": {"total_cost": 169.51522101526052, "time_cost": 70.408, "final_distance_cost": 1.8302192773381816, "oscillation_cost": 23.933378862380223, "completition_cost": 0.0, "overshoot_cost": 50.69088103452418, "power_cost": 11.591157385253906, "noise_cost": 11.061584455764029, "n_waypoints_completed": 9, "tot_waypoints": 9}}
{"target": -169.9187230901092, "params": {"k_pid_pos": [0.6324823998170532, 0.003165375934976696, 0.00935006797292616], "k_pid_alt": [1.7679304698503213, 0.00014187315834645722, 0.0020873919362251413], "k_pid_att": [22.997853270918416, 7.232909172045921, 0.7092690949104705], "k_pid_yaw": [0.5, 1e-06, 0.1], "k_pid_hsp": [0.10609859604117167, 0.004295009456473739, 0.0], "k_pid_vsp": [220.79386967966516, 236.81822262902674, 0.7168945977161875]}, "datetime": {"datetime": "2025-08-20 22:00:37", "elapsed": 36491.792746305466, "delta": 15.462929725646973}, "costs": {"total_cost": 169.9187230901092, "time_cost": 70.912, "final_distance_cost": 1.8222487894207895, "oscillation_cost": 22.64193251881174, "completition_cost": 0.0, "overshoot_cost": 51.20129861318403, "power_cost": 12.036844116210938, "noise_cost": 11.304399052481685, "n_waypoints_completed": 9, "tot_waypoints": 9}}
{"target": -169.01052254481417, "params": {"k_pid_pos": [0.5635659728675376, 0.003600201874275418, 0.009422684514726309], "k_pid_alt": [1.9694247173788775, 0.00011942155142831232, 0.0019141197188034158], "k_pid_att": [22.928862439785494, 5.315527606523197, 0.5457860621252779], "k_pid_yaw": [0.5, 1e-06, 0.1], "k_pid_hsp": [0.09867303905125833, 0.004708854304344217, 0.0], "k_pid_vsp": [263.67778564657846, 196.83415655615514, 0.3801812750765728]}, "datetime": {"datetime": "2025-08-20 22:00:55", "elapsed": 36509.521347522736, "delta": 17.728601217269897}, "costs": {"total_cost": 169.01052254481417, "time_cost": 71.792, "final_distance_cost": 1.8074822162157094, "oscillation_cost": 21.076453381773735, "completition_cost": 0.0, "overshoot_cost": 51.18411313455963, "power_cost": 11.778455322265625, "noise_cost": 11.372018489999467, "n_waypoints_completed": 9, "tot_waypoints": 9}}
{"target": -169.52295351360144, "params": {"k_pid_pos": [0.5253115414956172, 0.0034214469515626935, 0.008723450961245677], "k_pid_alt": [1.996410008170537, 0.0001131599434409173, 0.0011963906373841416], "k_pid_att": [26.622408184526254, 8.568006338913857, 0.5634403164228193], "k_pid_yaw": [0.5, 1e-06, 0.1], "k_pid_hsp": [0.10914351744866328, 0.003950161067880254, 0.0], "k_pid_vsp": [221.48514344261557, 232.9447701970536, 0.7029257543766171]}, "datetime": {"datetime": "2025-08-20 22:01:10", "elapsed": 36525.23010325432, "delta": 15.708755731582642}, "costs": {"total_cost": 169.52295351360144, "time_cost": 72.272, "final_distance_cost": 1.82187074037361, "oscillation_cost": 20.815177464727636, "completition_cost": 0.0, "overshoot_cost": 50.969051361258884, "power_cost": 12.041788586425781, "noise_cost": 11.603065360815528, "n_waypoints_completed": 9, "tot_waypoints": 9}}
{"target": -170.5095333914898, "params": {"k_pid_pos": [0.7474906643907686, 0.00339841998063576, 0.008209308984628577], "k_pid_alt": [2.0, 0.00012491096510294542, 0.0017797051148310088], "k_pid_att": [23.20612168458312, 7.028393941761017, 0.4854006960066675], "k_pid_yaw": [0.5, 1e-06, 0.1], "k_pid_hsp": [0.12316007463883949, 0.004002931977832508, 0.0], "k_pid_vsp": [223.55689569514706, 235.81389035694983, 0.4969575759566416]}, "datetime": {"datetime": "2025-08-20 22:01:27", "elapsed": 36542.06567668915, "delta": 16.835573434829712}, "costs": {"total_cost": 170.5095333914898, "time_cost": 70.248, "final_distance_cost": 1.8296847680333854, "oscillation_cost": 24.636969089213082, "completition_cost": 0.0, "overshoot_cost": 50.35346924967867, "power_cost": 12.181904479980469, "noise_cost": 11.259505804584194, "n_waypoints_completed": 9, "tot_waypoints": 9}}
{"target": -170.00514049775515, "params": {"k_pid_pos": [0.517860008557518, 0.004681824174996793, 0.009907271581234053], "k_pid_alt": [1.8393044325607517, 0.00014818397543749304, 0.002092197802294837], "k_pid_att": [32.613839150785964, 7.960396638358723, 0.5875640127223715], "k_pid_yaw": [0.5, 1e-06, 0.1], "k_pid_hsp": [0.10552054972897691, 0.003850444788635256, 0.0], "k_pid_vsp": [192.2101706029323, 200.33620610631408, 0.5528348854410942]}, "datetime": {"datetime": "2025-08-20 22:01:44", "elapsed": 36558.82443022728, "delta": 16.758753538131714}, "costs": {"total_cost": 170.00514049775515, "time_cost": 72.392, "final_distance_cost": 1.8235594131088875, "oscillation_cost": 20.281485780373522, "completition_cost": 0.0, "overshoot_cost": 51.430198088385566, "power_cost": 12.385164306640625, "noise_cost": 11.692732909246546, "n_waypoints_completed": 9, "tot_waypoints": 9}}
{"target": -169.48245146363823, "params": {"k_pid_pos": [0.5709290033020218, 0.00365219087075995, 0.009168280616459837], "k_pid_alt": [2.0, 0.00011925119210417514, 0.0020442486154460256], "k_pid_att": [30.314734583780563, 8.233780122119432, 0.5245431660436982], "k_pid_yaw": [0.5, 1e-06, 0.1], "k_pid_hsp": [0.0955936132435405, 0.005363170078766802, 0.0], "k_pid_vsp": [236.68533505179258, 216.3792180472774, 0.6579300263178746]}, "datetime": {"datetime": "2025-08-20 22:02:00", "elapsed": 36574.74483847618, "delta": 15.920408248901367}, "costs": {"total_cost": 169.48245146363823, "time_cost": 71.736, "final_distance_cost": 1.8302483604284894, "oscillation_cost": 21.325780870034315, "completition_cost": 0.0, "overshoot_cost": 51.0553771818876, "power_cost": 12.087659423828125, "noise_cost": 11.4473856274597, "n_waypoints_completed": 9, "tot_waypoints": 9}}
{"target": -169.63780888731054, "params": {"k_pid_pos": [0.6714241394247331, 0.002965885364416155, 0.008649382260480608], "k_pid_alt": [1.926071903240765, 0.00013519820199470796, 0.0018038165523852252], "k_pid_att": [23.613417635121635, 7.324085940205376, 0.5732418010711806], "k_pid_yaw": [0.5, 1e-06, 0.1], "k_pid_hsp": [0.09544086947381676, 0.006439982579880647, 0.0], "k_pid_vsp": [222.9925393407303, 252.34184869413966, 0.5076843527143929]}, "datetime": {"datetime": "2025-08-20 22:02:18", "elapsed": 36593.00027060509, "delta": 18.25543212890625}, "costs": {"total_cost": 169.63780888731054, "time_cost": 70.904, "final_distance_cost": 1.8017598669677817, "oscillation_cost": 22.864574467956476, "completition_cost": 0.0, "overshoot_cost": 50.71978315962686, "power_cost": 12.055182617187501, "noise_cost": 11.292508775571916, "n_waypoints_completed": 9, "tot_waypoints": 9}}
{"target": -171.52716340515013, "params": {"k_pid_pos": [0.7319203318267654, 0.002652458963639167, 0.007310928884126954], "k_pid_alt": [2.0, 0.00014397809682367512, 0.0018521191635717533], "k_pid_att": [26.826121831519174, 8.221097770793952, 0.5331298366425085], "k_pid_yaw": [0.5, 1e-06, 0.1], "k_pid_hsp": [0.08518153293742238, 0.005269448457199251, 0.0], "k_pid_vsp": [193.49196116164526, 221.40134349541904, 0.46366621466405933]}, "datetime": {"datetime": "2025-08-20 22:02:35", "elapsed": 36609.89262342453, "delta": 16.89235281944275}, "costs": {"total_cost": 171.52716340515013, "time_cost": 71.496, "final_distance_cost": 1.8152987969030807, "oscillation_cost": 23.575709046477936, "completition_cost": 0.0, "overshoot_cost": 51.04895271478225, "power_cost": 12.222317712402344, "noise_cost": 11.36888513458453, "n_waypoints_completed": 9, "tot_waypoints": 9}}
{"target": -171.04003046281025, "params": {"k_pid_pos": [0.5514904143954809, 0.0035895895177002896, 0.007688151309942955], "k_pid_alt": [1.979779907029884, 0.00014302724809982833, 0.001566273860213515], "k_pid_att": [29.960734997421664, 7.7691591409362415, 0.6333973073974871], "k_pid_yaw": [0.5, 1e-06, 0.1], "k_pid_hsp": [0.13394607327609173, 0.004802800026328342, 0.0], "k_pid_vsp": [180.4911419134446, 265.17350394596593, 0.6142017123573987]}, "datetime": {"datetime": "2025-08-20 22:02:52", "elapsed": 36626.69103765488, "delta": 16.79841423034668}, "costs": {"total_cost": 171.04003046281025, "time_cost": 72.06400000000001, "final_distance_cost": 1.830259218438095, "oscillation_cost": 22.873861545717734, "completition_cost": 0.0, "overshoot_cost": 50.353777598479155, "power_cost": 12.163759020996094, "noise_cost": 11.754373079179176, "n_waypoints_completed": 9, "tot_waypoints": 9}}
{"target": -169.75786897635618, "params": {"k_pid_pos": [0.5569329662876629, 0.0037577124638642815, 0.00861168577812387], "k_pid_alt": [1.7351947641609964, 0.00012898457941722984, 0.0015604227776349516], "k_pid_att": [30.118546497759695, 6.807877847282086, 0.46677499896980706], "k_pid_yaw": [0.5, 1e-06, 0.1], "k_pid_hsp": [0.1080701482261297, 0.004753710752756777, 0.0], "k_pid_vsp": [178.5622667389923, 230.54729366222378, 0.5631965062592363]}, "datetime": {"datetime": "2025-08-20 22:03:10", "elapsed": 36644.61485147476, "delta": 17.923813819885254}, "costs": {"total_cost": 169.75786897635618, "time_cost": 71.648, "final_distance_cost": 1.8293749753276232, "oscillation_cost": 21.311793811500042, "completition_cost": 0.0, "overshoot_cost": 50.756023312480615, "power_cost": 12.53442197265625, "noise_cost": 11.67825490439166, "n_waypoints_completed": 9, "tot_waypoints": 9}}
{"target": -169.9669852097336, "params": {"k_pid_pos": [0.4879091387515235, 0.0029296003941020007, 0.009442916799980995], "k_pid_alt": [2.0, 0.00013273316969773176, 0.0020392049213298125], "k_pid_att": [24.292303367872247, 7.290473631342316, 0.5312808401150684], "k_pid_yaw": [0.5, 1e-06, 0.1], "k_pid_hsp": [0.106837616058291, 0.004861706789908518, 0.0], "k_pid_vsp": [204.17581598914907, 240.05550162209792, 0.5611347153360685]}, "datetime": {"datetime": "2025-08-20 22:03:25", "elapsed": 36660.31745362282, "delta": 15.70260214805603}, "costs": {"total_cost": 169.9669852097336, "time_cost": 72.976, "final_distance_cost": 1.8338951886442778, "oscillation_cost": 19.905390068597576, "completition_cost": 0.0, "overshoot_cost": 51.027350464581886, "power_cost": 12.419620092773439, "noise_cost": 11.804729395136448, "n_waypoints_completed": 9, "tot_waypoints": 9}}
{"target": -168.77544357897483, "params": {"k_pid_pos": [0.6030659413462993, 0.003622058575417859, 0.00769785298139435], "k_pid_alt": [1.7114216052267803, 0.00014074372789519445, 0.001550545575942909], "k_pid_att": [30.88155668423782, 8.007519598362032, 0.46851914071654416], "k_pid_yaw": [0.5, 1e-06, 0.1], "k_pid_hsp": [0.10357783935527827, 0.0043148770736289145, 0.0], "k_pid_vsp": [208.33680388245784, 241.79040108413653, 0.38753187548229234]}, "datetime": {"datetime": "2025-08-20 22:03:42", "elapsed": 36677.30913424492, "delta": 16.99168062210083}, "costs": {"total_cost": 168.77544357897483, "time_cost": 71.176, "final_distance_cost": 1.8251523424326215, "oscillation_cost": 22.020629848639572, "completition_cost": 0.0, "overshoot_cost": 50.238674813332146, "power_cost": 12.093962097167969, "noise_cost": 11.4210244774025, "n_waypoints_completed": 9, "tot_waypoints": 9}}
{"target": -169.59797486015597, "params": {"k_pid_pos": [0.6103848971615354, 0.0037228938446289433, 0.005992470989800442], "k_pid_alt": [2.0, 0.0001465964023257102, 0.001580863116278589], "k_pid_att": [30.196187635956136, 8.599140392904395, 0.4501168877448369], "k_pid_yaw": [0.5, 1e-06, 0.1], "k_pid_hsp": [0.0994712213961974, 0.004786086245003964, 0.0], "k_pid_vsp": [203.21046474985448, 268.8875943471074, 0.511859348655528]}, "datetime": {"datetime": "2025-08-20 22:03:58", "elapsed": 36693.400112867355, "delta": 16.090978622436523}, "costs": {"total_cost": 169.59797486015597, "time_cost": 71.296, "final_distance_cost": 1.8157498112192172, "oscillation_cost": 22.099324686379756, "completition_cost": 0.0, "overshoot_cost": 50.650123813570126, "power_cost": 12.1917990234375, "noise_cost": 11.544977525549351, "n_waypoints_completed": 9, "tot_waypoints": 9}}
{"target": -169.98850424174276, "params": {"k_pid_pos": [0.6657532204719548, 0.0028693722313158994, 0.0071373561571201226], "k_pid_alt": [2.0, 9.47427885868325e-05, 0.0014196326834688296], "k_pid_att": [27.43925384489977, 7.757687090298771, 0.49548486641667305], "k_pid_yaw": [0.5, 1e-06, 0.1], "k_pid_hsp": [0.10474110506669139, 0.003995643626630223, 0.0], "k_pid_vsp": [201.762302823087, 279.0300614091957, 0.5228201997390438]}, "datetime": {"datetime": "2025-08-20 22:04:15", "elapsed": 36709.93192124367, "delta": 16.531808376312256}, "costs": {"total_cost": 169.98850424174276, "time_cost": 70.824, "final_distance_cost": 1.8057636750644446, "oscillation_cost": 23.176319050480718, "completition_cost": 0.0, "overshoot_cost": 50.87617007548929, "power_cost": 12.013630041503907, "noise_cost": 11.292621399204398, "n_waypoints_completed": 9, "tot_waypoints": 9}}
