{"target": -185.80677435541378, "params": {"k_pid_pos": [1.6042409630759693, 0.018111945292948683, 0.0], "k_pid_alt": [0.9406595244537762, 0.00026394133444391225, 0.3099090051397646], "k_pid_att": [28.848604953609946, 3.3918575207801234, 0.6832674768306424], "k_pid_yaw": [0.5, 1e-06, 0.1], "k_pid_hsp": [0.42291652294706267, 0.11147643323462737, 0.0], "k_pid_vsp": [400.0, 138.68905665680384, 1.860944591153994]}, "datetime": {"datetime": "2025-08-20 14:44:13", "elapsed": 10308.457772016525, "delta": 15.518007278442383}, "costs": {"total_cost": 185.80677435541378, "time_cost": 71.0, "final_distance_cost": 1.8104105322717823, "oscillation_cost": 38.31911661925253, "completition_cost": 0.0, "overshoot_cost": 49.92380635054175, "power_cost": 13.280701171875, "noise_cost": 11.472739681472708, "n_waypoints_completed": 9, "tot_waypoints": 9}}
{"target": -179.50090193007074, "params": {"k_pid_pos": [1.7260087611729193, 0.031503286666126146, 0.12512345693616447], "k_pid_alt": [2.0, 0.00020235803874509668, 0.19611756491780188], "k_pid_att": [53.90213808281853, 2.276629959163801, 1.0], "k_pid_yaw": [0.5, 1e-06, 0.1], "k_pid_hsp": [0.6621601975628143, 0.057473819119242264, 0.0], "k_pid_vsp": [400.0, 51.776129380552675, 1e-06]}, "datetime": {"datetime": "2025-08-20 14:44:28", "elapsed": 10323.47232723236, "delta": 15.014555215835571}, "costs": {"total_cost": 179.50090193007074, "time_cost": 69.168, "final_distance_cost": 1.7864590303024788, "oscillation_cost": 33.89456759296215, "completition_cost": 0.0, "overshoot_cost": 50.65022722913034, "power_cost": 12.584900036621095, "noise_cost": 11.416748041054664, "n_waypoints_completed": 9, "tot_waypoints": 9}}
{"target": -1222.114133916189, "params": {"k_pid_pos": [0.0001, 0.04303360228196579, 0.1575317927360713], "k_pid_alt": [2.0, 0.00023969979927452583, 0.0], "k_pid_att": [41.387292596804166, 2.322770054710935, 0.4757748049633926], "k_pid_yaw": [0.5, 1e-06, 0.1], "k_pid_hsp": [0.7357776204719771, 0.058236097777797056, 0.0], "k_pid_vsp": [202.59366258325304, 217.37636451826504, 2.238140426623133]}, "datetime": {"datetime": "2025-08-20 14:44:51", "elapsed": 10345.71630358696, "delta": 22.243976354599}, "costs": {"total_cost": 1222.114133916189, "time_cost": 150, "final_distance_cost": 50.0604662354016, "oscillation_cost": 0.32467948043704975, "completition_cost": 888.8888888888888, "overshoot_cost": 107.09921902742542, "power_cost": 12.804603625488282, "noise_cost": 12.936276658548167, "n_waypoints_completed": 1, "tot_waypoints": 9}}
{"target": -176.13826715709078, "params": {"k_pid_pos": [1.2334784411321191, 0.02033377583678993, 0.20647823023385692], "k_pid_alt": [1.602371981350494, 0.00013682590942710042, 0.23580839915961258], "k_pid_att": [47.242525095083785, 3.289490686759508, 0.7874982707307567], "k_pid_yaw": [0.5, 1e-06, 0.1], "k_pid_hsp": [0.9448342097150816, 0.021445036003928542, 0.0], "k_pid_vsp": [199.82945501583072, 218.435408678562, 1.819768237763654]}, "datetime": {"datetime": "2025-08-20 14:45:06", "elapsed": 10361.136220216751, "delta": 15.41991662979126}, "costs": {"total_cost": 176.13826715709078, "time_cost": 69.19200000000001, "final_distance_cost": 1.8336263955784056, "oscillation_cost": 31.465633047544127, "completition_cost": 0.0, "overshoot_cost": 49.97938106551186, "power_cost": 12.24729912109375, "noise_cost": 11.420327527362605, "n_waypoints_completed": 9, "tot_waypoints": 9}}
{"target": -177.21710567432282, "params": {"k_pid_pos": [1.565534650370667, 0.023049108376811234, 0.2893079649383941], "k_pid_alt": [1.0591898004140192, 0.00016044284074788527, 0.21776344787027516], "k_pid_att": [36.043082259737346, 4.3102954537945495, 0.8875029112031517], "k_pid_yaw": [0.5, 1e-06, 0.1], "k_pid_hsp": [0.5925420501674957, 0.002033258281551547, 0.0], "k_pid_vsp": [111.62738074580348, 146.9118182375033, 2.3860838501667136]}, "datetime": {"datetime": "2025-08-20 14:45:21", "elapsed": 10376.425263404846, "delta": 15.289043188095093}, "costs": {"total_cost": 177.21710567432282, "time_cost": 70.032, "final_distance_cost": 1.826969571986052, "oscillation_cost": 31.135489569307754, "completition_cost": 0.0, "overshoot_cost": 50.33956080616918, "power_cost": 12.527425329589844, "noise_cost": 11.35566039726998, "n_waypoints_completed": 9, "tot_waypoints": 9}}
{"target": -178.08615818466797, "params": {"k_pid_pos": [1.8057431370890538, 0.025205298797194343, 0.14477730919011914], "k_pid_alt": [1.283950658193965, 0.00018738923172298755, 0.0], "k_pid_att": [35.29468069164378, 4.329815929606056, 0.6472759436938148], "k_pid_yaw": [0.5, 1e-06, 0.1], "k_pid_hsp": [0.5347975315496649, 0.017489529481833018, 0.0], "k_pid_vsp": [297.9319126625173, 259.2006493653596, 2.045682063450473]}, "datetime": {"datetime": "2025-08-20 14:45:36", "elapsed": 10391.256072998047, "delta": 14.830809593200684}, "costs": {"total_cost": 178.08615818466797, "time_cost": 68.568, "final_distance_cost": 1.7568248730566434, "oscillation_cost": 33.80176002025529, "completition_cost": 0.0, "overshoot_cost": 50.18048195763098, "power_cost": 12.540390173339844, "noise_cost": 11.23870116038522, "n_waypoints_completed": 9, "tot_waypoints": 9}}
{"target": -174.65463510439545, "params": {"k_pid_pos": [1.4738108674948158, 0.031817846833875944, 0.2459122998452874], "k_pid_alt": [1.959135693278432, 0.0002065184254501608, 0.07710757303341921], "k_pid_att": [48.69210865933534, 4.118822893149638, 0.903614027661321], "k_pid_yaw": [0.5, 1e-06, 0.1], "k_pid_hsp": [0.80210469148409, 0.013528619192841032, 0.0], "k_pid_vsp": [313.27019422145287, 164.88393666831968, 2.7614918559819785]}, "datetime": {"datetime": "2025-08-20 14:45:52", "elapsed": 10406.609084129333, "delta": 15.353011131286621}, "costs": {"total_cost": 174.65463510439545, "time_cost": 69.2, "final_distance_cost": 1.8220828118276278, "oscillation_cost": 29.97373087659303, "completition_cost": 0.0, "overshoot_cost": 50.0965229823337, "power_cost": 12.234840747070313, "noise_cost": 11.327457686570755, "n_waypoints_completed": 9, "tot_waypoints": 9}}
{"target": -176.52913970361442, "params": {"k_pid_pos": [1.5718786666244213, 0.019592343184448854, 0.36445505157686703], "k_pid_alt": [2.0, 0.0, 0.11075025856053848], "k_pid_att": [28.0273482953785, 2.234147551594862, 0.6031725694626369], "k_pid_yaw": [0.5, 1e-06, 0.1], "k_pid_hsp": [0.5758323316657407, 0.008654421935299578, 0.0], "k_pid_vsp": [400.0, 123.94743338074078, 7.8553551470120695]}, "datetime": {"datetime": "2025-08-20 14:46:07", "elapsed": 10422.279138565063, "delta": 15.67005443572998}, "costs": {"total_cost": 176.52913970361442, "time_cost": 69.528, "final_distance_cost": 1.8191403787980929, "oscillation_cost": 30.409425164996613, "completition_cost": 0.0, "overshoot_cost": 50.62900232955919, "power_cost": 12.63429627685547, "noise_cost": 11.509275553405024, "n_waypoints_completed": 9, "tot_waypoints": 9}}
{"target": -178.80721284001584, "params": {"k_pid_pos": [1.0142594748205789, 0.03178818976578319, 0.047220827497503476], "k_pid_alt": [2.0, 0.00015524734095799132, 0.24710167329047897], "k_pid_att": [12.838368067820975, 3.481032829496629, 0.945063517371135], "k_pid_yaw": [0.5, 1e-06, 0.1], "k_pid_hsp": [1.1362864150699465, 0.02244613477541163, 0.0], "k_pid_vsp": [400.0, 121.48689183922203, 2.3550279801094107]}, "datetime": {"datetime": "2025-08-20 14:46:22", "elapsed": 10437.209384441376, "delta": 14.930245876312256}, "costs": {"total_cost": 178.80721284001584, "time_cost": 69.648, "final_distance_cost": 1.833592266865576, "oscillation_cost": 32.4108813887377, "completition_cost": 0.0, "overshoot_cost": 50.218485811823506, "power_cost": 12.859343249511719, "noise_cost": 11.836910123077343, "n_waypoints_completed": 9, "tot_waypoints": 9}}
{"target": -175.8098137277259, "params": {"k_pid_pos": [1.3336840529797007, 0.008553025955184531, 0.15027007539292528], "k_pid_alt": [2.0, 0.00016231514703710098, 0.15336686622582008], "k_pid_att": [26.101026970239655, 4.231853279998052, 0.4824181960494247], "k_pid_yaw": [0.5, 1e-06, 0.1], "k_pid_hsp": [0.4010759391275715, 0.05509258065685174, 0.0], "k_pid_vsp": [167.81781941889335, 203.43006567783596, 2.675092347786864]}, "datetime": {"datetime": "2025-08-20 14:46:38", "elapsed": 10453.416403055191, "delta": 16.207018613815308}, "costs": {"total_cost": 175.8098137277259, "time_cost": 68.728, "final_distance_cost": 1.8375454647376295, "oscillation_cost": 31.57534947839218, "completition_cost": 0.0, "overshoot_cost": 49.74931257031597, "power_cost": 12.570022583007812, "noise_cost": 11.349583631272308, "n_waypoints_completed": 9, "tot_waypoints": 9}}
{"target": -175.10622244376586, "params": {"k_pid_pos": [1.2221239093894714, 0.02829872181333513, 0.5155117228611591], "k_pid_alt": [2.0, 0.00014362683062982802, 0.22136117960444493], "k_pid_att": [51.6121089251072, 3.8780336722862394, 1.0], "k_pid_yaw": [0.5, 1e-06, 0.1], "k_pid_hsp": [0.5104438939341122, 0.02507264518655288, 0.0], "k_pid_vsp": [400.0, 69.096657897778, 1.2630581870854607]}, "datetime": {"datetime": "2025-08-20 14:46:56", "elapsed": 10470.830848932266, "delta": 17.414445877075195}, "costs": {"total_cost": 175.10622244376586, "time_cost": 70.688, "final_distance_cost": 1.836529714942169, "oscillation_cost": 28.17902156480696, "completition_cost": 0.0, "overshoot_cost": 50.283012371001824, "power_cost": 12.376229992675782, "noise_cost": 11.743428800339144, "n_waypoints_completed": 9, "tot_waypoints": 9}}
{"target": -185.29419694781956, "params": {"k_pid_pos": [0.8343554306967755, 0.017254310425537153, 0.2630377351473956], "k_pid_alt": [2.0, 9.711257119982756e-05, 0.22501882632358772], "k_pid_att": [7.016090979394598, 5.156377521213963, 1.0], "k_pid_yaw": [0.5, 1e-06, 0.1], "k_pid_hsp": [0.8757735410085458, 0.019123122717285727, 0.0], "k_pid_vsp": [317.71345892838883, 75.92465789583163, 2.5756614983009283]}, "datetime": {"datetime": "2025-08-20 14:47:13", "elapsed": 10487.761463403702, "delta": 16.930614471435547}, "costs": {"total_cost": 185.29419694781956, "time_cost": 74.456, "final_distance_cost": 1.851875631693863, "oscillation_cost": 32.611723378629904, "completition_cost": 0.0, "overshoot_cost": 50.450642938449946, "power_cost": 13.295516137695314, "noise_cost": 12.628438861350565, "n_waypoints_completed": 9, "tot_waypoints": 9}}
{"target": -186.80244069013233, "params": {"k_pid_pos": [0.7201167784657222, 0.021385916656283827, 0.3659097494497385], "k_pid_alt": [2.0, 9.782573644720905e-05, 0.22387658547529635], "k_pid_att": [34.30125593076759, 5.888001700681033, 1.0], "k_pid_yaw": [0.5, 1e-06, 0.1], "k_pid_hsp": [0.7545528319603688, 0.02478737712046705, 0.0], "k_pid_vsp": [125.13999055902597, 155.4661757735606, 2.2569339996555366]}, "datetime": {"datetime": "2025-08-20 14:47:31", "elapsed": 10505.550209283829, "delta": 17.788745880126953}, "costs": {"total_cost": 186.80244069013233, "time_cost": 78.408, "final_distance_cost": 1.8546363264883656, "oscillation_cost": 28.50398909320946, "completition_cost": 0.0, "overshoot_cost": 50.82825857415477, "power_cost": 13.901932348632814, "noise_cost": 13.305624347646928, "n_waypoints_completed": 9, "tot_waypoints": 9}}
{"target": -181.43960580075597, "params": {"k_pid_pos": [0.7575260525985034, 0.04064759781607828, 0.4158278794932812], "k_pid_alt": [2.0, 0.00017796586964077406, 0.12117432340470465], "k_pid_att": [40.74397878876554, 3.3407681248083434, 1.0], "k_pid_yaw": [0.5, 1e-06, 0.1], "k_pid_hsp": [0.21821019212804552, 0.02503863801381259, 0.0], "k_pid_vsp": [318.187676970095, 81.01228124765696, 5.195861514601923]}, "datetime": {"datetime": "2025-08-20 14:47:48", "elapsed": 10523.13603234291, "delta": 17.58582305908203}, "costs": {"total_cost": 181.43960580075597, "time_cost": 75.408, "final_distance_cost": 1.8507779004782838, "oscillation_cost": 26.62078767522776, "completition_cost": 0.0, "overshoot_cost": 51.14833637177676, "power_cost": 13.556239477539064, "noise_cost": 12.855464375734112, "n_waypoints_completed": 9, "tot_waypoints": 9}}
{"target": -176.35327623235634, "params": {"k_pid_pos": [1.5918670310532874, 0.021272729773031795, 0.298966049369078], "k_pid_alt": [2.0, 0.00010352060502601832, 0.11969259112375145], "k_pid_att": [59.64444432573929, 4.221678849997542, 0.297325647400547], "k_pid_yaw": [0.5, 1e-06, 0.1], "k_pid_hsp": [0.647960111058193, 0.012186083455262372, 0.0], "k_pid_vsp": [333.73487301068593, 264.75478879043834, 2.9108435693834998]}, "datetime": {"datetime": "2025-08-20 14:48:04", "elapsed": 10539.343706607819, "delta": 16.207674264907837}, "costs": {"total_cost": 176.35327623235634, "time_cost": 69.104, "final_distance_cost": 1.8086718966732753, "oscillation_cost": 31.193422073574897, "completition_cost": 0.0, "overshoot_cost": 49.93837676198993, "power_cost": 12.807491491699219, "noise_cost": 11.50131400841904, "n_waypoints_completed": 9, "tot_waypoints": 9}}
{"target": -176.05466140546508, "params": {"k_pid_pos": [1.4879923633700836, 0.012990270306298712, 0.20875118411002447], "k_pid_alt": [1.624585365944931, 2.0934814837595957e-06, 0.24961699416823738], "k_pid_att": [36.908975928424425, 3.1549840778408633, 1.0], "k_pid_yaw": [0.5, 1e-06, 0.1], "k_pid_hsp": [0.6638838354887596, 0.05730658776161457, 0.0], "k_pid_vsp": [400.0, 163.9291745575737, 2.3402165901839793]}, "datetime": {"datetime": "2025-08-20 14:48:21", "elapsed": 10555.551654338837, "delta": 16.207947731018066}, "costs": {"total_cost": 176.05466140546508, "time_cost": 68.70400000000001, "final_distance_cost": 1.8244304070123898, "oscillation_cost": 32.10898566139397, "completition_cost": 0.0, "overshoot_cost": 49.66814682270943, "power_cost": 12.40605731201172, "noise_cost": 11.343041202337554, "n_waypoints_completed": 9, "tot_waypoints": 9}}
{"target": -375.69091858002366, "params": {"k_pid_pos": [0.3302455094843974, 0.046265842601356875, 0.4168317145192207], "k_pid_alt": [2.0, 0.0002702522982898589, 0.1125138947795956], "k_pid_att": [36.56553717015634, 4.275824284048252, 0.7721055025462968], "k_pid_yaw": [0.5, 1e-06, 0.1], "k_pid_hsp": [0.4068292735573585, 0.037533519675965576, 0.0], "k_pid_vsp": [233.31578289998683, 167.3233484444447, 3.2240826013225643]}, "datetime": {"datetime": "2025-08-20 14:48:43", "elapsed": 10578.503101587296, "delta": 22.951447248458862}, "costs": {"total_cost": 375.69091858002366, "time_cost": 150, "final_distance_cost": 4.035022462384233, "oscillation_cost": 20.895536613573842, "completition_cost": 111.11111111111116, "overshoot_cost": 56.46329778393111, "power_cost": 16.459846826171876, "noise_cost": 16.72610378285137, "n_waypoints_completed": 8, "tot_waypoints": 9}}
{"target": -174.70711694730355, "params": {"k_pid_pos": [1.1138547235265017, 0.028119900596500113, 0.4026448451383143], "k_pid_alt": [2.0, 0.0002901152347071717, 0.20062026649513642], "k_pid_att": [24.79335009718437, 5.318535577149393, 1.0], "k_pid_yaw": [0.5, 1e-06, 0.1], "k_pid_hsp": [0.4864172146960186, 0.03883206340255609, 0.0], "k_pid_vsp": [400.0, 158.452357838549, 1.3060884828565544]}, "datetime": {"datetime": "2025-08-20 14:49:00", "elapsed": 10594.805587768555, "delta": 16.302486181259155}, "costs": {"total_cost": 174.70711694730355, "time_cost": 70.136, "final_distance_cost": 1.8394558529649316, "oscillation_cost": 28.410389602112694, "completition_cost": 0.0, "overshoot_cost": 49.77093959998864, "power_cost": 12.738072644042969, "noise_cost": 11.812259248194286, "n_waypoints_completed": 9, "tot_waypoints": 9}}
{"target": -176.89337684931607, "params": {"k_pid_pos": [1.758685905977492, 0.04005034794420927, 0.323431521377658], "k_pid_alt": [2.0, 0.00038319320768548344, 0.19691811235261078], "k_pid_att": [48.86870389756783, 5.257833255310495, 0.36227481345576634], "k_pid_yaw": [0.5, 1e-06, 0.1], "k_pid_hsp": [0.5293919423086547, 0.05402867158759864, 0.0], "k_pid_vsp": [355.3413949542539, 263.7788177379485, 1.4766338520331275]}, "datetime": {"datetime": "2025-08-20 14:49:15", "elapsed": 10610.291047334671, "delta": 15.485459566116333}, "costs": {"total_cost": 176.89337684931607, "time_cost": 68.47200000000001, "final_distance_cost": 1.8086040572287665, "oscillation_cost": 32.421749754331, "completition_cost": 0.0, "overshoot_cost": 50.23443022625548, "power_cost": 12.648762451171876, "noise_cost": 11.307830360328957, "n_waypoints_completed": 9, "tot_waypoints": 9}}
{"target": -200.0670308255377, "params": {"k_pid_pos": [0.5047355438172588, 0.01290654420375574, 0.38164478137830454], "k_pid_alt": [2.0, 0.0003280418938812738, 0.15816961335451585], "k_pid_att": [34.0978319819484, 0.0001, 1.0], "k_pid_yaw": [0.5, 1e-06, 0.1], "k_pid_hsp": [0.9803087697800694, 0.06541771755054049, 0.0], "k_pid_vsp": [234.82920499700754, 95.03946008107516, 2.5411172556069057]}, "datetime": {"datetime": "2025-08-20 14:49:35", "elapsed": 10630.42762374878, "delta": 20.136576414108276}, "costs": {"total_cost": 200.0670308255377, "time_cost": 88.83200000000001, "final_distance_cost": 1.8568447304676163, "oscillation_cost": 25.97011174749889, "completition_cost": 0.0, "overshoot_cost": 52.63960277218536, "power_cost": 15.303500378417969, "noise_cost": 15.464971196967863, "n_waypoints_completed": 9, "tot_waypoints": 9}}
{"target": -179.42985206390986, "params": {"k_pid_pos": [1.8060351339057892, 0.026076056080399024, 0.3794023400597249], "k_pid_alt": [1.7467693594595317, 0.00016144454455302643, 0.3400271154161123], "k_pid_att": [9.129383744970161, 4.6012317217773235, 0.5386990793995684], "k_pid_yaw": [0.5, 1e-06, 0.1], "k_pid_hsp": [0.2766227445327812, 0.07295599196520597, 0.0], "k_pid_vsp": [242.4592776475796, 191.21351498912585, 2.368939761455458]}, "datetime": {"datetime": "2025-08-20 14:49:51", "elapsed": 10645.916108369827, "delta": 15.488484621047974}, "costs": {"total_cost": 179.42985206390986, "time_cost": 68.36, "final_distance_cost": 1.815880871434694, "oscillation_cost": 36.18162239378537, "completition_cost": 0.0, "overshoot_cost": 48.935453725284006, "power_cost": 12.903643884277344, "noise_cost": 11.233251189128428, "n_waypoints_completed": 9, "tot_waypoints": 9}}
{"target": -418.3000369823228, "params": {"k_pid_pos": [1.5790995197849227, 0.040586702614351745, 0.4208574055657606], "k_pid_alt": [1.8250169770028688, 0.0002824674505607632, 0.27396548844719687], "k_pid_att": [30.91735090528974, 4.01838741108939, 1.0], "k_pid_yaw": [0.5, 1e-06, 0.1], "k_pid_hsp": [0.0221126346818659, 0.03413698158830936, 0.0], "k_pid_vsp": [198.9539503375257, 170.174534802852, 3.7919524667118965]}, "datetime": {"datetime": "2025-08-20 14:50:14", "elapsed": 10668.825838327408, "delta": 22.909729957580566}, "costs": {"total_cost": 418.3000369823228, "time_cost": 150, "final_distance_cost": 25.772740180286373, "oscillation_cost": 37.891767969016655, "completition_cost": 111.11111111111116, "overshoot_cost": 61.00157376952633, "power_cost": 17.714367004394532, "noise_cost": 14.808476947987714, "n_waypoints_completed": 8, "tot_waypoints": 9}}
{"target": -179.69648111140128, "params": {"k_pid_pos": [1.2352125258383966, 0.03605221781761654, 0.16263194525828562], "k_pid_alt": [1.7663753754705585, 0.00023732525968667614, 0.16216965400690433], "k_pid_att": [5.882168458395273, 5.872266412996986, 1.0], "k_pid_yaw": [0.5, 1e-06, 0.1], "k_pid_hsp": [0.481178188713663, 0.06398296342282907, 0.0], "k_pid_vsp": [386.20779079545736, 163.32193207329297, 2.3177810752071157]}, "datetime": {"datetime": "2025-08-20 14:50:30", "elapsed": 10684.685478687286, "delta": 15.85964035987854}, "costs": {"total_cost": 179.69648111140128, "time_cost": 68.512, "final_distance_cost": 1.8383496074051422, "oscillation_cost": 35.21309828092511, "completition_cost": 0.0, "overshoot_cost": 49.811727464956775, "power_cost": 12.86333271484375, "noise_cost": 11.457973043270503, "n_waypoints_completed": 9, "tot_waypoints": 9}}
{"target": -176.92642985081125, "params": {"k_pid_pos": [1.281619841610932, 0.04068102210667969, 0.23952704098180563], "k_pid_alt": [2.0, 0.00021304943857104126, 0.0], "k_pid_att": [35.19212228336877, 4.482559850734617, 1.0], "k_pid_yaw": [0.5, 1e-06, 0.1], "k_pid_hsp": [0.9594486449384007, 0.0464854338561028, 0.0], "k_pid_vsp": [400.0, 184.16311016598004, 1.560301939904172]}, "datetime": {"datetime": "2025-08-20 14:50:45", "elapsed": 10700.42700457573, "delta": 15.741525888442993}, "costs": {"total_cost": 176.92642985081125, "time_cost": 69.304, "final_distance_cost": 1.8431553212755605, "oscillation_cost": 31.62352959708842, "completition_cost": 0.0, "overshoot_cost": 50.00769072048391, "power_cost": 12.60164217529297, "noise_cost": 11.546412036670414, "n_waypoints_completed": 9, "tot_waypoints": 9}}
{"target": -176.6890897935985, "params": {"k_pid_pos": [1.5576833359064353, 0.02236835002491802, 0.2915968157026887], "k_pid_alt": [2.0, 5.755499483687103e-05, 0.10454854643063753], "k_pid_att": [35.065611756413155, 2.526861678758635, 0.8722551229062733], "k_pid_yaw": [0.5, 1e-06, 0.1], "k_pid_hsp": [0.41598438634904006, 0.04955906495568615, 0.0], "k_pid_vsp": [346.0284364190759, 135.97390269489873, 2.5159645215289266]}, "datetime": {"datetime": "2025-08-20 14:51:01", "elapsed": 10716.195292949677, "delta": 15.768288373947144}, "costs": {"total_cost": 176.6890897935985, "time_cost": 69.128, "final_distance_cost": 1.8249360108047465, "oscillation_cost": 30.717534011145986, "completition_cost": 0.0, "overshoot_cost": 50.54459706367576, "power_cost": 12.899727001953126, "noise_cost": 11.574295706018892, "n_waypoints_completed": 9, "tot_waypoints": 9}}
