{"target": -182.79768826631135, "params": {"k_pid_pos": [0.8246304344994891, 0.006126974948539975, 0.30192894930274705], "k_pid_alt": [2.0, 0.00026146193051839096, 0.054592771833514075], "k_pid_att": [37.204176272247274, 4.347414855204209, 1.0], "k_pid_yaw": [0.5, 1e-06, 0.1], "k_pid_hsp": [0.555679812225858, 0.03344907074155749, 0.0], "k_pid_vsp": [77.68618705270933, 123.42697289103224, 2.9127628636628593]}, "datetime": {"datetime": "2025-08-20 15:28:31", "elapsed": 12966.00463795662, "delta": 18.636991024017334}, "costs": {"total_cost": 182.79768826631135, "time_cost": 74.992, "final_distance_cost": 1.8558542459453213, "oscillation_cost": 29.224300045492647, "completition_cost": 0.0, "overshoot_cost": 50.64899504282097, "power_cost": 13.432394543457033, "noise_cost": 12.64414438859539, "n_waypoints_completed": 9, "tot_waypoints": 9}}
{"target": -175.60848884919986, "params": {"k_pid_pos": [0.9478658149359731, 0.02514135051563694, 0.4077637743167346], "k_pid_alt": [2.0, 0.00016829509898735268, 0.0], "k_pid_att": [33.55862039283567, 5.9136372187705035, 0.6121341508198205], "k_pid_yaw": [0.5, 1e-06, 0.1], "k_pid_hsp": [0.24859332481717553, 0.0324322857326111, 0.0], "k_pid_vsp": [141.7881775098751, 96.00753171726988, 2.195501672288396]}, "datetime": {"datetime": "2025-08-20 15:28:48", "elapsed": 12983.418907403946, "delta": 17.41426944732666}, "costs": {"total_cost": 175.60848884919986, "time_cost": 71.424, "final_distance_cost": 1.8498961189240604, "oscillation_cost": 27.59521417726366, "completition_cost": 0.0, "overshoot_cost": 50.426895084187635, "power_cost": 12.409126806640625, "noise_cost": 11.903356662183876, "n_waypoints_completed": 9, "tot_waypoints": 9}}
{"target": -173.19250813954446, "params": {"k_pid_pos": [0.8936671360660929, 0.0, 0.028238350111264843], "k_pid_alt": [1.2082588187894412, 9.743509801812865e-05, 0.03404800666568882], "k_pid_att": [66.09412522743573, 3.4977798867662213, 0.9871154685093432], "k_pid_yaw": [0.5, 1e-06, 0.1], "k_pid_hsp": [0.324163303695932, 0.02759186067628197, 0.0], "k_pid_vsp": [185.15749745223843, 91.31754708619322, 2.432929821241933]}, "datetime": {"datetime": "2025-08-20 15:29:05", "elapsed": 12999.937327623367, "delta": 16.518420219421387}, "costs": {"total_cost": 173.19250813954446, "time_cost": 69.648, "final_distance_cost": 1.8355764600700726, "oscillation_cost": 28.94905754952644, "completition_cost": 0.0, "overshoot_cost": 49.11580381018359, "power_cost": 12.191232531738281, "noise_cost": 11.452837788026061, "n_waypoints_completed": 9, "tot_waypoints": 9}}
{"target": -181.5534083959425, "params": {"k_pid_pos": [0.7482858736099424, 0.00952264542336071, 0.2660312334641644], "k_pid_alt": [1.6178876226972474, 0.0001567827008303788, 0.03180217574924457], "k_pid_att": [17.17667940041339, 3.7657797858925903, 1.0], "k_pid_yaw": [0.5, 1e-06, 0.1], "k_pid_hsp": [0.40024192410914655, 0.016466962636951993, 0.0], "k_pid_vsp": [216.4461125978173, 104.27549140525645, 2.4996173703107454]}, "datetime": {"datetime": "2025-08-20 15:29:25", "elapsed": 13019.78041267395, "delta": 19.843085050582886}, "costs": {"total_cost": 181.5534083959425, "time_cost": 75.672, "final_distance_cost": 1.8468251812117087, "oscillation_cost": 27.540645993745336, "completition_cost": 0.0, "overshoot_cost": 50.576794676691335, "power_cost": 13.256326525878906, "noise_cost": 12.660816018415245, "n_waypoints_completed": 9, "tot_waypoints": 9}}
{"target": -174.37534666311035, "params": {"k_pid_pos": [0.9514796081568203, 0.02961997360657075, 0.4120528759481719], "k_pid_alt": [1.4703318077600525, 0.00017903284297286914, 0.006241040146958962], "k_pid_att": [57.02092822950066, 2.3375809937671908, 0.93955960077072], "k_pid_yaw": [0.5, 1e-06, 0.1], "k_pid_hsp": [0.20132993278041397, 0.028948270456911878, 0.0], "k_pid_vsp": [186.11383029637094, 113.50916806115457, 3.9572353459814127]}, "datetime": {"datetime": "2025-08-20 15:29:44", "elapsed": 13039.155776023865, "delta": 19.37536334991455}, "costs": {"total_cost": 174.37534666311035, "time_cost": 71.016, "final_distance_cost": 1.8458698194225602, "oscillation_cost": 26.611485813132806, "completition_cost": 0.0, "overshoot_cost": 50.152123659934745, "power_cost": 12.818487890625, "noise_cost": 11.931379479995224, "n_waypoints_completed": 9, "tot_waypoints": 9}}
{"target": -175.01593103752361, "params": {"k_pid_pos": [1.0789979000797922, 0.01253584036086062, 0.2076058949766677], "k_pid_alt": [1.5878498669282253, 0.00014634252093798358, 0.032580701066786594], "k_pid_att": [34.57580018156056, 0.4680617256269069, 0.7576942068606257], "k_pid_yaw": [0.5, 1e-06, 0.1], "k_pid_hsp": [0.3192750796571252, 0.05543878937176455, 0.0], "k_pid_vsp": [203.62584092099777, 67.20265530464411, 2.1188347939063523]}, "datetime": {"datetime": "2025-08-20 15:30:01", "elapsed": 13056.42329955101, "delta": 17.267523527145386}, "costs": {"total_cost": 175.01593103752361, "time_cost": 69.808, "final_distance_cost": 1.8451391614680734, "oscillation_cost": 29.77890080104755, "completition_cost": 0.0, "overshoot_cost": 49.83410998303722, "power_cost": 12.31137781982422, "noise_cost": 11.438403272146523, "n_waypoints_completed": 9, "tot_waypoints": 9}}
{"target": -173.9633168086387, "params": {"k_pid_pos": [0.7673741457654852, 0.0, 0.0], "k_pid_alt": [1.9208269446060975, 0.00014465372294387389, 0.013980156738891024], "k_pid_att": [39.678850329697255, 5.16030442339427, 1.0], "k_pid_yaw": [0.5, 1e-06, 0.1], "k_pid_hsp": [0.2770091147159418, 0.022837482415535543, 0.0], "k_pid_vsp": [162.4664729879718, 58.43899981702085, 2.8692127707440176]}, "datetime": {"datetime": "2025-08-20 15:30:18", "elapsed": 13073.207795143127, "delta": 16.78449559211731}, "costs": {"total_cost": 173.9633168086387, "time_cost": 70.16, "final_distance_cost": 1.848451060361186, "oscillation_cost": 26.92335407237406, "completition_cost": 0.0, "overshoot_cost": 50.47010660865618, "power_cost": 12.734419311523439, "noise_cost": 11.826985755723857, "n_waypoints_completed": 9, "tot_waypoints": 9}}
{"target": -175.23291285113496, "params": {"k_pid_pos": [1.020644950673965, 0.0, 0.14103036237111652], "k_pid_alt": [2.0, 6.953435320824343e-05, 0.044203706115544215], "k_pid_att": [59.620836896137895, 6.030344564931393, 0.983999921391603], "k_pid_yaw": [0.5, 1e-06, 0.1], "k_pid_hsp": [0.3284983864229471, 0.008129312020840967, 0.0], "k_pid_vsp": [170.9311357572465, 79.19458314872419, 0.48236149782184695]}, "datetime": {"datetime": "2025-08-20 15:30:35", "elapsed": 13089.708286523819, "delta": 16.50049138069153}, "costs": {"total_cost": 175.23291285113496, "time_cost": 69.952, "final_distance_cost": 1.8479232437059567, "oscillation_cost": 28.65529833249036, "completition_cost": 0.0, "overshoot_cost": 50.4853761533942, "power_cost": 12.669253112792969, "noise_cost": 11.623062008751436, "n_waypoints_completed": 9, "tot_waypoints": 9}}
{"target": -177.90320113377015, "params": {"k_pid_pos": [1.175500147798071, 0.0, 0.22410996124533702], "k_pid_alt": [0.8097569804981558, 0.0, 0.03175794220436476], "k_pid_att": [37.272669158948, 4.233837856539354, 1.0], "k_pid_yaw": [0.5, 1e-06, 0.1], "k_pid_hsp": [0.12631686892328928, 0.027330365168571652, 0.0], "k_pid_vsp": [217.40434218972754, 122.79592663247695, 6.983767506955661]}, "datetime": {"datetime": "2025-08-20 15:30:51", "elapsed": 13105.692392587662, "delta": 15.984106063842773}, "costs": {"total_cost": 177.90320113377015, "time_cost": 71.24, "final_distance_cost": 1.8121822966534364, "oscillation_cost": 30.515109206882258, "completition_cost": 0.0, "overshoot_cost": 49.760814170093234, "power_cost": 13.04947734375, "noise_cost": 11.525618116391225, "n_waypoints_completed": 9, "tot_waypoints": 9}}
{"target": -175.85963108946035, "params": {"k_pid_pos": [0.6606405021916113, 0.008614940463135514, 0.07140259245423915], "k_pid_alt": [2.0, 2.8723795951371964e-05, 0.025664178001382904], "k_pid_att": [46.8950705835554, 2.712559710876428, 0.595833062840204], "k_pid_yaw": [0.5, 1e-06, 0.1], "k_pid_hsp": [0.208540444908094, 0.036422954958341296, 0.0], "k_pid_vsp": [207.40073833430935, 147.07724953368765, 1.4475247161206746]}, "datetime": {"datetime": "2025-08-20 15:31:07", "elapsed": 13122.329223632812, "delta": 16.636831045150757}, "costs": {"total_cost": 175.85963108946035, "time_cost": 72.224, "final_distance_cost": 1.8530919763756455, "oscillation_cost": 27.479362106451916, "completition_cost": 0.0, "overshoot_cost": 50.18706247872599, "power_cost": 12.264447033691408, "noise_cost": 11.851667494215373, "n_waypoints_completed": 9, "tot_waypoints": 9}}
{"target": -182.13897111830386, "params": {"k_pid_pos": [0.6439762778846089, 0.0, 0.18532174091315126], "k_pid_alt": [1.938361312770393, 6.039836788411734e-05, 0.0], "k_pid_att": [85.67430753641507, 3.0646229027082463, 0.9070298819184571], "k_pid_yaw": [0.5, 1e-06, 0.1], "k_pid_hsp": [0.22539773936043286, 0.02810270117302434, 0.0], "k_pid_vsp": [338.47512046056914, 70.7226327230079, 0.9887503133242754]}, "datetime": {"datetime": "2025-08-20 15:31:27", "elapsed": 13141.6274933815, "delta": 19.298269748687744}, "costs": {"total_cost": 182.13897111830386, "time_cost": 76.456, "final_distance_cost": 1.854346645610612, "oscillation_cost": 27.564161545158797, "completition_cost": 0.0, "overshoot_cost": 50.80230667527862, "power_cost": 12.707662756347657, "noise_cost": 12.754493495908177, "n_waypoints_completed": 9, "tot_waypoints": 9}}
{"target": -1219.38365670667, "params": {"k_pid_pos": [1.5921524920558463, 0.0, 0.14774008471124442], "k_pid_alt": [2.0, 0.0002190945817873378, 0.0], "k_pid_att": [75.55555163717895, 3.574538517899659, 0.8101702198193319], "k_pid_yaw": [0.5, 1e-06, 0.1], "k_pid_hsp": [0.0001, 0.02094787763776826, 0.0], "k_pid_vsp": [236.82260409571668, 154.42460610113264, 0.9476756877009066]}, "datetime": {"datetime": "2025-08-20 15:31:52", "elapsed": 13166.712356328964, "delta": 25.08486294746399}, "costs": {"total_cost": 1219.38365670667, "time_cost": 150, "final_distance_cost": 65.60124418112544, "oscillation_cost": 7.276982903672401, "completition_cost": 888.8888888888888, "overshoot_cost": 81.52912862761113, "power_cost": 13.029052880859375, "noise_cost": 13.058359224512996, "n_waypoints_completed": 1, "tot_waypoints": 9}}
{"target": -174.22326518421931, "params": {"k_pid_pos": [0.6985732386785258, 0.003113851068130125, 0.1436786318336918], "k_pid_alt": [1.6231524461793922, 0.00014364023607123342, 0.02446224159127249], "k_pid_att": [17.549379478678194, 3.7819243328069754, 1.0], "k_pid_yaw": [0.5, 1e-06, 0.1], "k_pid_hsp": [0.14456183436340186, 0.025307759388388862, 0.0], "k_pid_vsp": [331.60660470800514, 147.00656934780707, 1.5066338202426948]}, "datetime": {"datetime": "2025-08-20 15:32:08", "elapsed": 13183.479646921158, "delta": 16.767290592193604}, "costs": {"total_cost": 174.22326518421931, "time_cost": 71.776, "final_distance_cost": 1.8549274199373247, "oscillation_cost": 26.42811719112984, "completition_cost": 0.0, "overshoot_cost": 49.84306625128924, "power_cost": 12.380200122070313, "noise_cost": 11.940954199792595, "n_waypoints_completed": 9, "tot_waypoints": 9}}
{"target": -174.81702660912018, "params": {"k_pid_pos": [1.109709326077452, 0.010942920757816313, 0.3560712672388358], "k_pid_alt": [1.590813399173732, 0.0001604333587528821, 0.018733777061027187], "k_pid_att": [70.02871991384903, 2.5429569431445516, 0.8327774498596985], "k_pid_yaw": [0.5, 1e-06, 0.1], "k_pid_hsp": [0.4237980338511021, 0.0341903648368558, 0.0], "k_pid_vsp": [293.4993390944565, 96.05800154977207, 4.203315250637559]}, "datetime": {"datetime": "2025-08-20 15:32:25", "elapsed": 13200.26406121254, "delta": 16.784414291381836}, "costs": {"total_cost": 174.81702660912018, "time_cost": 70.336, "final_distance_cost": 1.8500854473752153, "oscillation_cost": 28.523640544148083, "completition_cost": 0.0, "overshoot_cost": 49.806327374221205, "power_cost": 12.5028263671875, "noise_cost": 11.798146876188147, "n_waypoints_completed": 9, "tot_waypoints": 9}}
{"target": -172.34421423869932, "params": {"k_pid_pos": [0.8194458985685196, 0.028631352213811804, 0.0], "k_pid_alt": [0.9960410941146488, 0.00015341574071001387, 0.027196785759176348], "k_pid_att": [17.555617268324447, 4.720221624410578, 0.8501496914367195], "k_pid_yaw": [0.5, 1e-06, 0.1], "k_pid_hsp": [0.23699105309573895, 0.007985130250512966, 0.0], "k_pid_vsp": [191.80893967636243, 107.15562583291332, 0.9254042341040304]}, "datetime": {"datetime": "2025-08-20 15:32:42", "elapsed": 13216.931668281555, "delta": 16.667607069015503}, "costs": {"total_cost": 172.34421423869932, "time_cost": 70.312, "final_distance_cost": 1.822828897249412, "oscillation_cost": 27.572727273132607, "completition_cost": 0.0, "overshoot_cost": 49.67628652537044, "power_cost": 11.800793371582031, "noise_cost": 11.159578171364814, "n_waypoints_completed": 9, "tot_waypoints": 9}}
{"target": -175.4713979451343, "params": {"k_pid_pos": [0.9970270735104139, 0.0, 0.062121073428030915], "k_pid_alt": [1.7558634022805173, 0.00020271558529336384, 0.0], "k_pid_att": [16.26293124265428, 5.586227547400789, 0.2580115379873708], "k_pid_yaw": [0.5, 1e-06, 0.1], "k_pid_hsp": [0.17282729539413935, 0.029860416678535968, 0.0], "k_pid_vsp": [400.0, 116.9204774137741, 1.456648247307294]}, "datetime": {"datetime": "2025-08-20 15:32:58", "elapsed": 13233.148707389832, "delta": 16.217039108276367}, "costs": {"total_cost": 175.4713979451343, "time_cost": 69.48, "final_distance_cost": 1.8247559566548266, "oscillation_cost": 29.984078595411233, "completition_cost": 0.0, "overshoot_cost": 49.87983178938598, "power_cost": 12.83024422607422, "noise_cost": 11.47248737760801, "n_waypoints_completed": 9, "tot_waypoints": 9}}
{"target": -178.74467446510897, "params": {"k_pid_pos": [0.8547179385851651, 0.011741357712042072, 0.11425842124527376], "k_pid_alt": [0.8080755562655666, 0.00015870379352270368, 0.03431532320981965], "k_pid_att": [75.98710947587269, 2.918041119216649, 1.0], "k_pid_yaw": [0.5, 1e-06, 0.1], "k_pid_hsp": [0.38124424994876355, 0.04993892767699242, 0.0], "k_pid_vsp": [264.85847429494794, 81.69098359777966, 3.000957219363039]}, "datetime": {"datetime": "2025-08-20 15:33:15", "elapsed": 13250.299364089966, "delta": 17.150656700134277}, "costs": {"total_cost": 178.74467446510897, "time_cost": 72.784, "final_distance_cost": 1.845624425054168, "oscillation_cost": 29.87764860487514, "completition_cost": 0.0, "overshoot_cost": 49.62522225984496, "power_cost": 12.694019006347657, "noise_cost": 11.918160168987036, "n_waypoints_completed": 9, "tot_waypoints": 9}}
{"target": -182.7901210727288, "params": {"k_pid_pos": [0.6099793770665233, 0.004232295037132072, 0.13403474508453628], "k_pid_alt": [1.1814951211943157, 0.00010190991098865626, 0.027568235223642976], "k_pid_att": [58.54880516404097, 6.593879833167194, 0.9125443569485823], "k_pid_yaw": [0.5, 1e-06, 0.1], "k_pid_hsp": [0.33467421126280145, 0.029577829942202084, 0.0], "k_pid_vsp": [309.1481635281951, 92.43629382905102, 3.0638606191091013]}, "datetime": {"datetime": "2025-08-20 15:33:33", "elapsed": 13268.317164897919, "delta": 18.01780080795288}, "costs": {"total_cost": 182.7901210727288, "time_cost": 77.68, "final_distance_cost": 1.8547688871629668, "oscillation_cost": 26.560802035364297, "completition_cost": 0.0, "overshoot_cost": 50.8054669495682, "power_cost": 12.960322497558595, "noise_cost": 12.928760703074747, "n_waypoints_completed": 9, "tot_waypoints": 9}}
{"target": -174.86376308349855, "params": {"k_pid_pos": [1.2234740489648142, 0.012180665890048214, 0.15379233894056973], "k_pid_alt": [1.2620098216391111, 0.00018120818275936296, 0.007500572792659889], "k_pid_att": [41.7849726106781, 4.729511638742902, 1.0], "k_pid_yaw": [0.5, 1e-06, 0.1], "k_pid_hsp": [0.4014890388112187, 0.059893453862834435, 0.0], "k_pid_vsp": [132.31216880026628, 160.6222087143857, 0.3447265536141848]}, "datetime": {"datetime": "2025-08-20 15:33:49", "elapsed": 13283.673209905624, "delta": 15.356045007705688}, "costs": {"total_cost": 174.86376308349855, "time_cost": 68.752, "final_distance_cost": 1.844086883176805, "oscillation_cost": 31.633829145173078, "completition_cost": 0.0, "overshoot_cost": 49.170681429612735, "power_cost": 12.180043188476564, "noise_cost": 11.28312243705937, "n_waypoints_completed": 9, "tot_waypoints": 9}}
{"target": -178.03610847572045, "params": {"k_pid_pos": [0.681274154542279, 0.015052156444760857, 0.10958413268977367], "k_pid_alt": [1.3184862597204714, 0.00020009994623803825, 0.05865764532994296], "k_pid_att": [65.33204497016048, 3.7385395031916815, 1.0], "k_pid_yaw": [0.5, 1e-06, 0.1], "k_pid_hsp": [0.3465904287582082, 0.024956115838213038, 0.0], "k_pid_vsp": [141.63799110659568, 81.10330394856301, 3.875070520519266]}, "datetime": {"datetime": "2025-08-20 15:34:05", "elapsed": 13300.068725347519, "delta": 16.39551544189453}, "costs": {"total_cost": 178.03610847572045, "time_cost": 74.04, "final_distance_cost": 1.8488185529333148, "oscillation_cost": 27.208945117901795, "completition_cost": 0.0, "overshoot_cost": 50.03636444045078, "power_cost": 12.648671850585938, "noise_cost": 12.253308513848626, "n_waypoints_completed": 9, "tot_waypoints": 9}}
{"target": -175.5367285744151, "params": {"k_pid_pos": [1.0430920921123523, 0.001143862238596808, 0.014116127819226313], "k_pid_alt": [1.1910806909468703, 0.0002385070985427766, 0.0162884378952164], "k_pid_att": [50.31150167125987, 3.6671279434475488, 0.7344846260696967], "k_pid_yaw": [0.5, 1e-06, 0.1], "k_pid_hsp": [0.13547181852265244, 0.018013579364364353, 0.0], "k_pid_vsp": [175.75088014271424, 78.13499405484028, 2.3888427196485242]}, "datetime": {"datetime": "2025-08-20 15:34:20", "elapsed": 13315.506429672241, "delta": 15.43770432472229}, "costs": {"total_cost": 175.5367285744151, "time_cost": 69.624, "final_distance_cost": 1.811843262570736, "oscillation_cost": 30.07422113657164, "completition_cost": 0.0, "overshoot_cost": 50.49642299495001, "power_cost": 12.250631542968751, "noise_cost": 11.27960963735395, "n_waypoints_completed": 9, "tot_waypoints": 9}}
{"target": -175.84329247748929, "params": {"k_pid_pos": [1.2606123769931177, 0.006166297968759109, 0.17269417244148885], "k_pid_alt": [1.8214461506453246, 0.00010905541727112356, 0.030691929329456375], "k_pid_att": [58.296371263886044, 2.970064238059908, 0.9907636345559622], "k_pid_yaw": [0.5, 1e-06, 0.1], "k_pid_hsp": [0.24965469409817564, 0.02026122180175947, 0.0], "k_pid_vsp": [196.64749252931543, 108.6730505182178, 2.783202004697523]}, "datetime": {"datetime": "2025-08-20 15:34:36", "elapsed": 13330.886908769608, "delta": 15.380479097366333}, "costs": {"total_cost": 175.84329247748929, "time_cost": 69.296, "final_distance_cost": 1.8364495127433262, "oscillation_cost": 29.801785630306785, "completition_cost": 0.0, "overshoot_cost": 50.60852441446887, "power_cost": 12.788707275390626, "noise_cost": 11.511825644579648, "n_waypoints_completed": 9, "tot_waypoints": 9}}
{"target": -1145.5819907993925, "params": {"k_pid_pos": [0.9176698741602184, 0.0, 0.0], "k_pid_alt": [1.3773232781129747, 0.00012452825991390772, 0.02256627374301425], "k_pid_att": [47.69533075825044, 3.1579235515677984, 1.0], "k_pid_yaw": [0.5, 1e-06, 0.1], "k_pid_hsp": [0.0001, 0.04048704739400127, 0.0], "k_pid_vsp": [344.2698101288285, 91.36946977735938, 1.3548900008047393]}, "datetime": {"datetime": "2025-08-20 15:34:59", "elapsed": 13353.688127994537, "delta": 22.80121922492981}, "costs": {"total_cost": 1145.5819907993925, "time_cost": 150, "final_distance_cost": 94.51612718295982, "oscillation_cost": 21.20177364983211, "completition_cost": 777.7777777777778, "overshoot_cost": 74.98663300424454, "power_cost": 13.661417126464844, "noise_cost": 13.43826205811342, "n_waypoints_completed": 2, "tot_waypoints": 9}}
{"target": -2874.0053232085793, "params": {"k_pid_pos": [0.9175255731493777, 0.013622335941439986, 0.3278816640908102], "k_pid_alt": [1.1616778647147166, 0.000168939905723463, 0.030477170532090328], "k_pid_att": [0.0, 6.589299704280699, 1.0], "k_pid_yaw": [0.5, 1e-06, 0.1], "k_pid_hsp": [0.47311369094037364, 0.03919005141956681, 0.0], "k_pid_vsp": [253.01862395098485, 80.92271379112422, 1.5975062942268246]}, "datetime": {"datetime": "2025-08-20 15:35:21", "elapsed": 13375.639009475708, "delta": 21.950881481170654}, "costs": {"total_cost": 2874.0053232085793, "time_cost": 150, "final_distance_cost": 54.011365043433685, "oscillation_cost": 1365.2328314637618, "completition_cost": 1000.0, "overshoot_cost": 178.40618837232992, "power_cost": 32.5634754272461, "noise_cost": 93.79146290180772, "n_waypoints_completed": 0, "tot_waypoints": 9}}
{"target": -176.80004154452612, "params": {"k_pid_pos": [1.1478418525344072, 0.0087500692547174, 0.15112596211350174], "k_pid_alt": [1.2480645898116238, 0.0001176053414834822, 0.0], "k_pid_att": [4.544122574592994, 4.372143117714168, 0.9219278286021164], "k_pid_yaw": [0.5, 1e-06, 0.1], "k_pid_hsp": [0.19093373251668364, 0.005963578138180259, 0.0], "k_pid_vsp": [319.1784126245431, 97.12379482630034, 3.2423732389898654]}, "datetime": {"datetime": "2025-08-20 15:35:36", "elapsed": 13391.473047971725, "delta": 15.834038496017456}, "costs": {"total_cost": 176.80004154452612, "time_cost": 69.224, "final_distance_cost": 1.832196112891199, "oscillation_cost": 31.901874344302392, "completition_cost": 0.0, "overshoot_cost": 49.71219658993894, "power_cost": 12.753264086914063, "noise_cost": 11.376510410479508, "n_waypoints_completed": 9, "tot_waypoints": 9}}
