{"target": -170.31932867484792, "params": {"k_pid_pos": [0.5751495104023913, 0.0037817857518261297, 0.007641956891164046], "k_pid_alt": [2.0, 0.00013126014896998895, 0.0020515367900705503], "k_pid_att": [24.887867655009398, 6.881065981502812, 0.5026259459373668], "k_pid_yaw": [0.5, 1e-06, 0.1], "k_pid_hsp": [0.11192431473653934, 0.004125511015339316, 0.0], "k_pid_vsp": [218.6297820428547, 272.9347706082886, 0.5884653774306173]}, "datetime": {"datetime": "2025-08-20 22:18:35", "elapsed": 37570.168397426605, "delta": 17.17635703086853}, "costs": {"total_cost": 170.31932867484792, "time_cost": 71.512, "final_distance_cost": 1.8312080054553195, "oscillation_cost": 22.29276128589757, "completition_cost": 0.0, "overshoot_cost": 50.56557501009254, "power_cost": 12.565531762695313, "noise_cost": 11.552252610707177, "n_waypoints_completed": 9, "tot_waypoints": 9}}
{"target": -169.91377818150727, "params": {"k_pid_pos": [0.5866435360014743, 0.0039030701148808308, 0.006663903066027574], "k_pid_alt": [2.0, 0.00014787182278428544, 0.0016256331537608164], "k_pid_att": [26.043580935966578, 7.207627608312497, 0.4834784317614944], "k_pid_yaw": [0.5, 1e-06, 0.1], "k_pid_hsp": [0.08534124200457803, 0.004633821236879314, 0.0], "k_pid_vsp": [234.24172586634404, 245.91393166806563, 0.5086061952096905]}, "datetime": {"datetime": "2025-08-20 22:18:51", "elapsed": 37585.6959168911, "delta": 15.527519464492798}, "costs": {"total_cost": 169.91377818150727, "time_cost": 72.136, "final_distance_cost": 1.7988015617627742, "oscillation_cost": 20.666200926250816, "completition_cost": 0.0, "overshoot_cost": 51.16315238122992, "power_cost": 12.549600842285157, "noise_cost": 11.60002246997862, "n_waypoints_completed": 9, "tot_waypoints": 9}}
{"target": -170.2914342309701, "params": {"k_pid_pos": [0.5820858930543452, 0.0037224827184088875, 0.007135231612759532], "k_pid_alt": [2.0, 0.00013329251771215038, 0.001845131506410785], "k_pid_att": [28.49994860457912, 7.497012343663381, 0.4471949617612112], "k_pid_yaw": [0.5, 1e-06, 0.1], "k_pid_hsp": [0.12279662871585657, 0.004199170376433847, 0.0], "k_pid_vsp": [274.33493102836115, 258.2838311745052, 0.5906191038683065]}, "datetime": {"datetime": "2025-08-20 22:19:08", "elapsed": 37602.99221396446, "delta": 17.296297073364258}, "costs": {"total_cost": 170.2914342309701, "time_cost": 71.44800000000001, "final_distance_cost": 1.8252213378400781, "oscillation_cost": 22.786768798210538, "completition_cost": 0.0, "overshoot_cost": 50.95340078968634, "power_cost": 11.86871014404297, "noise_cost": 11.409333161190158, "n_waypoints_completed": 9, "tot_waypoints": 9}}
{"target": -168.6317266814611, "params": {"k_pid_pos": [0.5574217749264995, 0.003999930879860119, 0.007140195149180502], "k_pid_alt": [1.9163327311118035, 0.00014589836850354944, 0.0013948358305783655], "k_pid_att": [27.78179194052495, 8.438081563783141, 0.49385790187278794], "k_pid_yaw": [0.5, 1e-06, 0.1], "k_pid_hsp": [0.09576078837683934, 0.004494031536508353, 0.0], "k_pid_vsp": [213.3253577594833, 258.1517817177576, 0.5724469021084783]}, "datetime": {"datetime": "2025-08-20 22:19:24", "elapsed": 37618.52760863304, "delta": 15.535394668579102}, "costs": {"total_cost": 168.6317266814611, "time_cost": 71.864, "final_distance_cost": 1.8111859163988937, "oscillation_cost": 20.631894620426873, "completition_cost": 0.0, "overshoot_cost": 51.25730259619584, "power_cost": 11.746797766113282, "noise_cost": 11.320545782326183, "n_waypoints_completed": 9, "tot_waypoints": 9}}
{"target": -170.35556083782558, "params": {"k_pid_pos": [0.6411341776361148, 0.00462686651505419, 0.007141997043775297], "k_pid_alt": [1.6662483421048073, 0.000155605286245236, 0.0016011566927692615], "k_pid_att": [28.130668959379847, 8.408110039225644, 0.5379776737229256], "k_pid_yaw": [0.5, 1e-06, 0.1], "k_pid_hsp": [0.11340793737160082, 0.004465501571922514, 0.0], "k_pid_vsp": [271.7873050954764, 232.13501046094515, 0.5831879033776101]}, "datetime": {"datetime": "2025-08-20 22:19:41", "elapsed": 37636.35176515579, "delta": 17.824156522750854}, "costs": {"total_cost": 170.35556083782558, "time_cost": 70.76, "final_distance_cost": 1.8314688526279153, "oscillation_cost": 23.583966320736415, "completition_cost": 0.0, "overshoot_cost": 50.244212036717975, "power_cost": 12.502861987304689, "noise_cost": 11.433051640438544, "n_waypoints_completed": 9, "tot_waypoints": 9}}
{"target": -169.86261711625926, "params": {"k_pid_pos": [0.5730695789857116, 0.0033982186570288586, 0.007558389672016163], "k_pid_alt": [1.9421817219381037, 0.00012748144854582145, 0.001052076337876248], "k_pid_att": [27.92073142707403, 7.341467578883667, 0.5063912964167112], "k_pid_yaw": [0.5, 1e-06, 0.1], "k_pid_hsp": [0.10854580099360567, 0.0038221007396111854, 0.0], "k_pid_vsp": [210.38100091075003, 243.90435834379318, 0.5277045592398196]}, "datetime": {"datetime": "2025-08-20 22:19:57", "elapsed": 37651.797087192535, "delta": 15.445322036743164}, "costs": {"total_cost": 169.86261711625926, "time_cost": 71.56, "final_distance_cost": 1.8138169811017648, "oscillation_cost": 21.955221938942202, "completition_cost": 0.0, "overshoot_cost": 50.50315518757941, "power_cost": 12.47274560546875, "noise_cost": 11.557677403167125, "n_waypoints_completed": 9, "tot_waypoints": 9}}
{"target": -170.24114027942673, "params": {"k_pid_pos": [0.621584641141992, 0.003567241578659973, 0.009096104341618451], "k_pid_alt": [2.0, 0.0001501422402408717, 0.0013974579389751818], "k_pid_att": [26.144646870824857, 7.396530492205767, 0.413874396992475], "k_pid_yaw": [0.5, 1e-06, 0.1], "k_pid_hsp": [0.10675752614403618, 0.004462281400495344, 0.0], "k_pid_vsp": [202.30335505917392, 274.08586837312697, 0.6108826958858656]}, "datetime": {"datetime": "2025-08-20 22:20:14", "elapsed": 37669.09956240654, "delta": 17.302475214004517}, "costs": {"total_cost": 170.24114027942673, "time_cost": 71.08, "final_distance_cost": 1.8032432275907966, "oscillation_cost": 22.987219550822832, "completition_cost": 0.0, "overshoot_cost": 50.63505276243796, "power_cost": 12.214680993652344, "noise_cost": 11.52094374492282, "n_waypoints_completed": 9, "tot_waypoints": 9}}
{"target": -170.09316318161723, "params": {"k_pid_pos": [0.653061564559129, 0.0039311699464785535, 0.008105620864009594], "k_pid_alt": [2.0, 0.00014690257069794566, 0.001800051451647816], "k_pid_att": [21.37395088971245, 6.325342470560152, 0.461084164700889], "k_pid_yaw": [0.5, 1e-06, 0.1], "k_pid_hsp": [0.11385249524938963, 0.0041765539113891, 0.0], "k_pid_vsp": [220.08246944031464, 257.7242215067935, 0.582830574509711]}, "datetime": {"datetime": "2025-08-20 22:20:29", "elapsed": 37684.367274045944, "delta": 15.267711639404297}, "costs": {"total_cost": 170.09316318161723, "time_cost": 70.76, "final_distance_cost": 1.8254285407503108, "oscillation_cost": 23.62869084069518, "completition_cost": 0.0, "overshoot_cost": 50.520704548255374, "power_cost": 12.095858325195312, "noise_cost": 11.262480926721041, "n_waypoints_completed": 9, "tot_waypoints": 9}}
{"target": -170.16459936200746, "params": {"k_pid_pos": [0.5419872867320393, 0.004063493852070065, 0.007140075875719388], "k_pid_alt": [1.8245715291143387, 0.00012897782053112767, 0.0017100107132410624], "k_pid_att": [28.591784602486467, 7.285538053463971, 0.3922307235861165], "k_pid_yaw": [0.5, 1e-06, 0.1], "k_pid_hsp": [0.10202864668565559, 0.004559976246941949, 0.0], "k_pid_vsp": [209.24262964726378, 257.27479624356994, 0.5480982763362866]}, "datetime": {"datetime": "2025-08-20 22:20:47", "elapsed": 37701.51161980629, "delta": 17.14434576034546}, "costs": {"total_cost": 170.16459936200746, "time_cost": 71.904, "final_distance_cost": 1.8363407924588673, "oscillation_cost": 21.142328977890884, "completition_cost": 0.0, "overshoot_cost": 51.02658667791148, "power_cost": 12.518450744628908, "noise_cost": 11.736892169117342, "n_waypoints_completed": 9, "tot_waypoints": 9}}
{"target": -168.98198774403025, "params": {"k_pid_pos": [0.583924252114129, 0.0034068450567079586, 0.00970836766622748], "k_pid_alt": [1.7325413680794959, 9.642750780094599e-05, 0.0017729282459343345], "k_pid_att": [25.426093146882973, 7.490225033527589, 0.46325028913485244], "k_pid_yaw": [0.5, 1e-06, 0.1], "k_pid_hsp": [0.09038278391824645, 0.004064173805894717, 0.0], "k_pid_vsp": [248.15362450922393, 210.9703325575973, 0.6901282476741247]}, "datetime": {"datetime": "2025-08-20 22:21:03", "elapsed": 37717.592186927795, "delta": 16.080567121505737}, "costs": {"total_cost": 168.98198774403025, "time_cost": 71.816, "final_distance_cost": 1.8047081227366468, "oscillation_cost": 20.643053742861028, "completition_cost": 0.0, "overshoot_cost": 51.19863631573669, "power_cost": 11.998110046386719, "noise_cost": 11.521479516309153, "n_waypoints_completed": 9, "tot_waypoints": 9}}
{"target": -169.81511114618803, "params": {"k_pid_pos": [0.5388607760507664, 0.0046108109410946405, 0.00730107658418925], "k_pid_alt": [2.0, 0.00014634696910090139, 0.0016670291375941466], "k_pid_att": [23.736778150796283, 7.740592832821704, 0.42341384833832657], "k_pid_yaw": [0.5, 1e-06, 0.1], "k_pid_hsp": [0.09675187812562443, 0.00499204886770856, 0.0], "k_pid_vsp": [210.12658558975843, 262.6767279125138, 0.5501445042423526]}, "datetime": {"datetime": "2025-08-20 22:21:20", "elapsed": 37734.5161356926, "delta": 16.923948764801025}, "costs": {"total_cost": 169.81511114618803, "time_cost": 72.056, "final_distance_cost": 1.8126622580332579, "oscillation_cost": 20.792847455180944, "completition_cost": 0.0, "overshoot_cost": 51.03068803514756, "power_cost": 12.422902807617188, "noise_cost": 11.700010590209086, "n_waypoints_completed": 9, "tot_waypoints": 9}}
{"target": -168.92074798307078, "params": {"k_pid_pos": [0.5635260946268371, 0.003806502155072158, 0.005687564387102695], "k_pid_alt": [1.8282758271239992, 0.00014187532552584857, 0.0017356562523790562], "k_pid_att": [23.45208521082526, 8.179590046106187, 0.5086145150971941], "k_pid_yaw": [0.5, 1e-06, 0.1], "k_pid_hsp": [0.09720770370910857, 0.004530156877952524, 0.0], "k_pid_vsp": [220.34738537964745, 232.47125640101686, 0.4799700518943513]}, "datetime": {"datetime": "2025-08-20 22:21:36", "elapsed": 37751.28506684303, "delta": 16.7689311504364}, "costs": {"total_cost": 168.92074798307078, "time_cost": 71.712, "final_distance_cost": 1.8164207371482597, "oscillation_cost": 21.19086035381779, "completition_cost": 0.0, "overshoot_cost": 50.75429027900381, "power_cost": 11.979033044433594, "noise_cost": 11.468143568667308, "n_waypoints_completed": 9, "tot_waypoints": 9}}
{"target": -171.39823467524178, "params": {"k_pid_pos": [0.7174388018305703, 0.003509293077761899, 0.0081029788076217], "k_pid_alt": [1.7179237547066235, 0.00015841984144426095, 0.001595637913180981], "k_pid_att": [28.074993195448158, 7.60431699010005, 0.48007593794168074], "k_pid_yaw": [0.5, 1e-06, 0.1], "k_pid_hsp": [0.08629282091238294, 0.0035581572787067874, 0.0], "k_pid_vsp": [204.85284232715233, 272.7029746925345, 0.6796091385183128]}, "datetime": {"datetime": "2025-08-20 22:21:52", "elapsed": 37767.073508262634, "delta": 15.78844141960144}, "costs": {"total_cost": 171.39823467524178, "time_cost": 71.352, "final_distance_cost": 1.791520813197993, "oscillation_cost": 22.74951294878583, "completition_cost": 0.0, "overshoot_cost": 51.59692459538414, "power_cost": 12.381427099609375, "noise_cost": 11.526849218264424, "n_waypoints_completed": 9, "tot_waypoints": 9}}
{"target": -169.18303706050133, "params": {"k_pid_pos": [0.5649315816240178, 0.003215108226467332, 0.008991965375339724], "k_pid_alt": [2.0, 0.0001535668308155176, 0.0017721577978755919], "k_pid_att": [25.01248791028004, 8.195112180339827, 0.39414955812457103], "k_pid_yaw": [0.5, 1e-06, 0.1], "k_pid_hsp": [0.09855252357460505, 0.004385878418681453, 0.0], "k_pid_vsp": [230.9136135592059, 222.82488700761724, 0.6298811601291362]}, "datetime": {"datetime": "2025-08-20 22:22:09", "elapsed": 37784.32008075714, "delta": 17.246572494506836}, "costs": {"total_cost": 169.18303706050133, "time_cost": 71.768, "final_distance_cost": 1.8064469099725724, "oscillation_cost": 21.252009570340146, "completition_cost": 0.0, "overshoot_cost": 51.16124851639464, "power_cost": 11.822727966308594, "noise_cost": 11.37260409748535, "n_waypoints_completed": 9, "tot_waypoints": 9}}
{"target": -170.023602142325, "params": {"k_pid_pos": [0.6484510658363408, 0.003573134994600553, 0.00590528860575662], "k_pid_alt": [2.0, 0.00011809283990331951, 0.0017366356264427434], "k_pid_att": [29.6761837737516, 6.221062730722597, 0.6380176562403448], "k_pid_yaw": [0.5, 1e-06, 0.1], "k_pid_hsp": [0.08452325283643418, 0.004660598072397135, 0.0], "k_pid_vsp": [192.77122512467676, 321.2503691848953, 0.6487222997354513]}, "datetime": {"datetime": "2025-08-20 22:22:27", "elapsed": 37801.920119524, "delta": 17.600038766860962}, "costs": {"total_cost": 170.023602142325, "time_cost": 71.912, "final_distance_cost": 1.790538948893704, "oscillation_cost": 21.636125532601294, "completition_cost": 0.0, "overshoot_cost": 51.04958090070286, "power_cost": 12.168110302734375, "noise_cost": 11.467246457392783, "n_waypoints_completed": 9, "tot_waypoints": 9}}
{"target": -170.43276112030293, "params": {"k_pid_pos": [0.6277909527486543, 0.0036374590553395064, 0.008039608493821028], "k_pid_alt": [2.0, 0.00014327069072962316, 0.0016429896519155804], "k_pid_att": [23.335780372078137, 7.185062582802065, 0.5223448441606034], "k_pid_yaw": [0.5, 1e-06, 0.1], "k_pid_hsp": [0.08229657659767455, 0.00451345436806571, 0.0], "k_pid_vsp": [231.63553248049516, 312.2555286347477, 0.5216953733082539]}, "datetime": {"datetime": "2025-08-20 22:22:44", "elapsed": 37818.53302383423, "delta": 16.61290431022644}, "costs": {"total_cost": 170.43276112030293, "time_cost": 72.2, "final_distance_cost": 1.7831783063113142, "oscillation_cost": 21.487640204973868, "completition_cost": 0.0, "overshoot_cost": 51.315210170299025, "power_cost": 12.22599012451172, "noise_cost": 11.420742314206988, "n_waypoints_completed": 9, "tot_waypoints": 9}}
{"target": -168.706374006695, "params": {"k_pid_pos": [0.5204211142565102, 0.0036209561859585015, 0.006848682374873918], "k_pid_alt": [1.831353732858866, 0.00015567027926392316, 0.0015523436664722414], "k_pid_att": [25.91002819444041, 6.966581862789397, 0.5109462530208999], "k_pid_yaw": [0.5, 1e-06, 0.1], "k_pid_hsp": [0.09232621175577344, 0.005557644456149175, 0.0], "k_pid_vsp": [255.46908875232603, 275.30272792155023, 0.6216627503918897]}, "datetime": {"datetime": "2025-08-20 22:23:00", "elapsed": 37835.20565056801, "delta": 16.672626733779907}, "costs": {"total_cost": 168.706374006695, "time_cost": 72.32000000000001, "final_distance_cost": 1.812826907654, "oscillation_cost": 20.04376864015473, "completition_cost": 0.0, "overshoot_cost": 51.01302632157902, "power_cost": 11.906415270996094, "noise_cost": 11.610336866311147, "n_waypoints_completed": 9, "tot_waypoints": 9}}
{"target": -169.70394717036135, "params": {"k_pid_pos": [0.45523252753202054, 0.0037307925623409083, 0.007161725055960528], "k_pid_alt": [1.6844853388127572, 0.00012478737408997363, 0.0014747261147901303], "k_pid_att": [26.27248916237936, 7.803888384785595, 0.5181647766747005], "k_pid_yaw": [0.5, 1e-06, 0.1], "k_pid_hsp": [0.09391822991981487, 0.004467710571224662, 0.0], "k_pid_vsp": [241.41829864790165, 241.27927296071383, 0.5653137314359317]}, "datetime": {"datetime": "2025-08-20 22:23:17", "elapsed": 37852.47693490982, "delta": 17.271284341812134}, "costs": {"total_cost": 169.70394717036135, "time_cost": 73.656, "final_distance_cost": 1.8242299567149876, "oscillation_cost": 18.519195173790866, "completition_cost": 0.0, "overshoot_cost": 51.49193163125493, "power_cost": 12.324052575683595, "noise_cost": 11.88853783291696, "n_waypoints_completed": 9, "tot_waypoints": 9}}
{"target": -171.4775686566037, "params": {"k_pid_pos": [0.5739611253292604, 0.004106822362044011, 0.00711909767359004], "k_pid_alt": [2.0, 0.00015421835400732624, 0.0020082333873536716], "k_pid_att": [23.54085497690355, 8.318191421529091, 0.46958651094054904], "k_pid_yaw": [0.5, 1e-06, 0.1], "k_pid_hsp": [0.07318381647672229, 0.004494691911990779, 0.0], "k_pid_vsp": [235.7382912431643, 289.59361101906376, 0.5777580801256338]}, "datetime": {"datetime": "2025-08-20 22:23:35", "elapsed": 37869.56381702423, "delta": 17.0868821144104}, "costs": {"total_cost": 171.4775686566037, "time_cost": 74.016, "final_distance_cost": 1.800418030683681, "oscillation_cost": 19.729918755834834, "completition_cost": 0.0, "overshoot_cost": 52.10746758053083, "power_cost": 12.176634692382812, "noise_cost": 11.647129597171537, "n_waypoints_completed": 9, "tot_waypoints": 9}}
{"target": -170.804025254141, "params": {"k_pid_pos": [0.5751718692294925, 0.00357700235823578, 0.006791153344024071], "k_pid_alt": [2.0, 0.00011205247151465209, 0.0011328645364477622], "k_pid_att": [26.317610409678995, 7.331644686605284, 0.5084399483336588], "k_pid_yaw": [0.5, 1e-06, 0.1], "k_pid_hsp": [0.11786678094182647, 0.00403976950693927, 0.0], "k_pid_vsp": [273.42805461563825, 241.72652650201996, 0.5219553001803253]}, "datetime": {"datetime": "2025-08-20 22:23:52", "elapsed": 37886.559262514114, "delta": 16.995445489883423}, "costs": {"total_cost": 170.804025254141, "time_cost": 71.528, "final_distance_cost": 1.8316661924795141, "oscillation_cost": 22.76720669619441, "completition_cost": 0.0, "overshoot_cost": 50.77588404924241, "power_cost": 12.321613513183594, "noise_cost": 11.57965480304109, "n_waypoints_completed": 9, "tot_waypoints": 9}}
{"target": -168.87991755905284, "params": {"k_pid_pos": [0.568684023800733, 0.0036461731451181245, 0.006926332871696729], "k_pid_alt": [2.0, 0.00016345584226502805, 0.0015752007523332165], "k_pid_att": [27.364513266463202, 7.585440790239349, 0.4657926366400704], "k_pid_yaw": [0.5, 1e-06, 0.1], "k_pid_hsp": [0.10224442432910996, 0.004534130580276286, 0.0], "k_pid_vsp": [232.11233298734598, 240.31446198026356, 0.6174810535022905]}, "datetime": {"datetime": "2025-08-20 22:24:07", "elapsed": 37902.21043753624, "delta": 15.651175022125244}, "costs": {"total_cost": 168.87991755905284, "time_cost": 71.632, "final_distance_cost": 1.825106786164552, "oscillation_cost": 21.133823215545974, "completition_cost": 0.0, "overshoot_cost": 51.28678771097391, "power_cost": 11.705958679199219, "noise_cost": 11.296241167169168, "n_waypoints_completed": 9, "tot_waypoints": 9}}
{"target": -168.93050633547907, "params": {"k_pid_pos": [0.5109849526203079, 0.0036962147473562092, 0.007138929808781842], "k_pid_alt": [2.0, 0.00015658744944996932, 0.0017770917303967237], "k_pid_att": [23.77798151570845, 8.613302393515964, 0.5548992505709952], "k_pid_yaw": [0.5, 1e-06, 0.1], "k_pid_hsp": [0.08574171454429647, 0.005294888615024702, 0.0], "k_pid_vsp": [200.5950485491327, 254.65774633695972, 0.6410377057072307]}, "datetime": {"datetime": "2025-08-20 22:24:25", "elapsed": 37920.466081142426, "delta": 18.255643606185913}, "costs": {"total_cost": 168.93050633547907, "time_cost": 72.76, "final_distance_cost": 1.8135254934448615, "oscillation_cost": 19.313311049346826, "completition_cost": 0.0, "overshoot_cost": 51.56891438801873, "power_cost": 11.903675207519532, "noise_cost": 11.571080197149117, "n_waypoints_completed": 9, "tot_waypoints": 9}}
{"target": -170.35941673364877, "params": {"k_pid_pos": [0.5196415919312873, 0.004018099818354604, 0.007555466885146048], "k_pid_alt": [2.0, 0.0001479569752411721, 0.0016764221922689494], "k_pid_att": [24.724850164949373, 8.40383524501765, 0.4997024654471824], "k_pid_yaw": [0.5, 1e-06, 0.1], "k_pid_hsp": [0.11438281785948155, 0.004641413047077123, 0.0], "k_pid_vsp": [243.90911024987062, 232.87582823769162, 0.5462718237334528]}, "datetime": {"datetime": "2025-08-20 22:24:42", "elapsed": 37936.55374312401, "delta": 16.08766198158264}, "costs": {"total_cost": 170.35941673364877, "time_cost": 72.34400000000001, "final_distance_cost": 1.8319496373173583, "oscillation_cost": 21.013161884993735, "completition_cost": 0.0, "overshoot_cost": 51.02422420939203, "power_cost": 12.36064188232422, "noise_cost": 11.78543911962142, "n_waypoints_completed": 9, "tot_waypoints": 9}}
{"target": -172.49927257310515, "params": {"k_pid_pos": [0.663273044578771, 0.003798953847235957, 0.008061097446001399], "k_pid_alt": [2.0, 0.00013106543780327552, 0.0019025062675094154], "k_pid_att": [30.082701249475672, 6.006259855278825, 0.5606293427284615], "k_pid_yaw": [0.5, 1e-06, 0.1], "k_pid_hsp": [0.07630173530811055, 0.004591875746831685, 0.0], "k_pid_vsp": [223.6065981798231, 268.4346431040238, 0.7299258092786832]}, "datetime": {"datetime": "2025-08-20 22:24:59", "elapsed": 37954.331451654434, "delta": 17.777708530426025}, "costs": {"total_cost": 172.49927257310515, "time_cost": 73.12, "final_distance_cost": 1.7844203390735796, "oscillation_cost": 21.585466109830715, "completition_cost": 0.0, "overshoot_cost": 52.02029236267, "power_cost": 12.391350524902345, "noise_cost": 11.59774323662849, "n_waypoints_completed": 9, "tot_waypoints": 9}}
{"target": -169.81874511514886, "params": {"k_pid_pos": [0.5224742154547797, 0.00390973215304255, 0.007136739479451843], "k_pid_alt": [1.953942533884933, 0.00012736980236457293, 0.001946261077221556], "k_pid_att": [23.338762438859394, 7.417433017506234, 0.5138226718024342], "k_pid_yaw": [0.5, 1e-06, 0.1], "k_pid_hsp": [0.08528055955140541, 0.004569574302715738, 0.0], "k_pid_vsp": [211.03848888286223, 210.96183783193678, 0.5723402863371913]}, "datetime": {"datetime": "2025-08-20 22:25:15", "elapsed": 37969.98534154892, "delta": 15.653889894485474}, "costs": {"total_cost": 169.81874511514886, "time_cost": 72.72, "final_distance_cost": 1.801374006182596, "oscillation_cost": 19.667355452961377, "completition_cost": 0.0, "overshoot_cost": 51.72755736104619, "power_cost": 12.208041760253908, "noise_cost": 11.694416534704791, "n_waypoints_completed": 9, "tot_waypoints": 9}}
