{"target": -177.9571452893455, "params": {"k_pid_pos": [1.5655786089114638, 0.02146550554769371, 0.15075307287955456], "k_pid_alt": [2.0, 0.0001419396678685992, 0.39022102111718726], "k_pid_att": [24.260824464768586, 3.46501589760623, 0.7979461916089852], "k_pid_yaw": [0.5, 1e-06, 0.1], "k_pid_hsp": [0.9395316735172594, 0.12982599089791905, 0.0], "k_pid_vsp": [298.1423962501322, 258.4925857088707, 6.469895559585349]}, "datetime": {"datetime": "2025-08-20 14:36:43", "elapsed": 9857.5424182415, "delta": 18.714123010635376}, "costs": {"total_cost": 177.9571452893455, "time_cost": 68.176, "final_distance_cost": 1.7798913451208358, "oscillation_cost": 34.93797357469986, "completition_cost": 0.0, "overshoot_cost": 49.177885445371025, "power_cost": 12.600251721191407, "noise_cost": 11.285143202962375, "n_waypoints_completed": 9, "tot_waypoints": 9}}
{"target": -179.46490195697618, "params": {"k_pid_pos": [1.0524670966802154, 0.045638844285238976, 0.2793765586767064], "k_pid_alt": [1.2894471089289459, 0.000110822464535194, 0.1645937495548206], "k_pid_att": [18.775645733731277, 2.7947179124237356, 0.5738365318890405], "k_pid_yaw": [0.5, 1e-06, 0.1], "k_pid_hsp": [1.0892196931965408, 0.04772604641676268, 0.0], "k_pid_vsp": [244.2783989852685, 288.7817204653502, 1.0943511880604906]}, "datetime": {"datetime": "2025-08-20 14:37:02", "elapsed": 9876.863516569138, "delta": 19.32109832763672}, "costs": {"total_cost": 179.46490195697618, "time_cost": 70.696, "final_distance_cost": 1.8349728338153652, "oscillation_cost": 32.398220296052806, "completition_cost": 0.0, "overshoot_cost": 49.753414579205945, "power_cost": 12.87333846435547, "noise_cost": 11.908955783546576, "n_waypoints_completed": 9, "tot_waypoints": 9}}
{"target": -180.86120725669832, "params": {"k_pid_pos": [1.7931912247716228, 0.0337253945963397, 0.20562759415425322], "k_pid_alt": [1.3692778109745134, 5.5357538314304684e-05, 0.0], "k_pid_att": [34.5891636142896, 3.2804508329075563, 1.0], "k_pid_yaw": [0.5, 1e-06, 0.1], "k_pid_hsp": [0.19783062637805868, 0.05960476002674615, 0.0], "k_pid_vsp": [384.4931271459628, 203.9903170904402, 6.91845171111549]}, "datetime": {"datetime": "2025-08-20 14:37:17", "elapsed": 9892.486975431442, "delta": 15.623458862304688}, "costs": {"total_cost": 180.86120725669832, "time_cost": 68.784, "final_distance_cost": 1.7591964485585139, "oscillation_cost": 36.68512250528157, "completition_cost": 0.0, "overshoot_cost": 49.57391063770988, "power_cost": 12.778599719238281, "noise_cost": 11.280377945910061, "n_waypoints_completed": 9, "tot_waypoints": 9}}
{"target": -190.80950106767244, "params": {"k_pid_pos": [0.5699660522098691, 0.02944527166818606, 0.3069148404188374], "k_pid_alt": [2.0, 8.455610694568956e-05, 0.12202658020546082], "k_pid_att": [28.377023463875435, 3.9729288202901554, 1.0], "k_pid_yaw": [0.5, 1e-06, 0.1], "k_pid_hsp": [0.7930901222428485, 0.0, 0.0], "k_pid_vsp": [277.20536311298684, 241.2538655654869, 2.6162721757121274]}, "datetime": {"datetime": "2025-08-20 14:37:36", "elapsed": 9911.261503219604, "delta": 18.77452778816223}, "costs": {"total_cost": 190.80950106767244, "time_cost": 82.384, "final_distance_cost": 1.8526799567441596, "oscillation_cost": 27.216818364491495, "completition_cost": 0.0, "overshoot_cost": 51.44255017066088, "power_cost": 13.943397033691406, "noise_cost": 13.970055542084502, "n_waypoints_completed": 9, "tot_waypoints": 9}}
{"target": -180.20229442313112, "params": {"k_pid_pos": [0.7910542838658258, 0.02616659833388728, 0.28292610422505676], "k_pid_alt": [1.6152161687337732, 8.926317356780984e-05, 0.17602306937451015], "k_pid_att": [40.19703472390109, 2.147608765457265, 0.6232157540044965], "k_pid_yaw": [0.5, 1e-06, 0.1], "k_pid_hsp": [0.5396064195109621, 0.02904754599200565, 0.0], "k_pid_vsp": [400.0, 202.22874690338165, 1.3937506435847744]}, "datetime": {"datetime": "2025-08-20 14:37:54", "elapsed": 9928.717200994492, "delta": 17.455697774887085}, "costs": {"total_cost": 180.20229442313112, "time_cost": 74.808, "final_distance_cost": 1.8438325563054532, "oscillation_cost": 27.702170232548678, "completition_cost": 0.0, "overshoot_cost": 50.341737907113966, "power_cost": 13.037495056152345, "noise_cost": 12.469058671010648, "n_waypoints_completed": 9, "tot_waypoints": 9}}
{"target": -176.86675837007726, "params": {"k_pid_pos": [1.7597518933659126, 0.03186945876757344, 0.17136266519000845], "k_pid_alt": [2.0, 0.0002447829286689205, 0.0], "k_pid_att": [33.6081737671907, 3.7195765140960213, 1.0], "k_pid_yaw": [0.5, 1e-06, 0.1], "k_pid_hsp": [0.4640665266576245, 0.01057129842323111, 0.0], "k_pid_vsp": [400.0, 275.553818924489, 4.8213360264204885]}, "datetime": {"datetime": "2025-08-20 14:38:10", "elapsed": 9945.37295627594, "delta": 16.655755281448364}, "costs": {"total_cost": 176.86675837007726, "time_cost": 68.864, "final_distance_cost": 1.8069976425913306, "oscillation_cost": 32.120983649042905, "completition_cost": 0.0, "overshoot_cost": 49.56938375209174, "power_cost": 13.076696752929688, "noise_cost": 11.428696573421599, "n_waypoints_completed": 9, "tot_waypoints": 9}}
{"target": -177.93978849191743, "params": {"k_pid_pos": [2.0, 0.026246095230420274, 0.3532933281898029], "k_pid_alt": [1.7812323501326748, 0.00011882088463761586, 0.212759498319234], "k_pid_att": [34.650362206264745, 4.543679850418674, 0.5987983461134251], "k_pid_yaw": [0.5, 1e-06, 0.1], "k_pid_hsp": [0.265752551682686, 0.0557393383142728, 0.0], "k_pid_vsp": [301.6503004517701, 311.3083857643298, 2.6055637944731527]}, "datetime": {"datetime": "2025-08-20 14:38:27", "elapsed": 9961.58522772789, "delta": 16.212271451950073}, "costs": {"total_cost": 177.93978849191743, "time_cost": 68.376, "final_distance_cost": 1.7804206132205338, "oscillation_cost": 34.67598256658662, "completition_cost": 0.0, "overshoot_cost": 49.65609718359101, "power_cost": 12.413163134765625, "noise_cost": 11.03812499375364, "n_waypoints_completed": 9, "tot_waypoints": 9}}
{"target": -176.8396671250419, "params": {"k_pid_pos": [1.138464048760517, 0.023493088302722915, 0.1563992240715141], "k_pid_alt": [1.9517574222760228, 0.00024932023606497234, 0.3617387582252807], "k_pid_att": [15.215966717178025, 3.140995841118624, 1.0], "k_pid_yaw": [0.5, 1e-06, 0.1], "k_pid_hsp": [1.04716131631348, 0.04288899677579013, 0.0], "k_pid_vsp": [252.63411637963557, 202.0533369032129, 3.3600169186281654]}, "datetime": {"datetime": "2025-08-20 14:38:42", "elapsed": 9977.505950450897, "delta": 15.920722723007202}, "costs": {"total_cost": 176.8396671250419, "time_cost": 69.04, "final_distance_cost": 1.8469073970182024, "oscillation_cost": 32.31849664390831, "completition_cost": 0.0, "overshoot_cost": 49.51471501523423, "power_cost": 12.619664135742187, "noise_cost": 11.49988393313897, "n_waypoints_completed": 9, "tot_waypoints": 9}}
{"target": -178.37257043457683, "params": {"k_pid_pos": [1.6653330927676897, 0.017026827388392306, 0.19562432431677937], "k_pid_alt": [1.5954698527854927, 0.0001464499133754922, 0.09359160320823386], "k_pid_att": [18.329595425337065, 6.335971883079246, 0.552973922097312], "k_pid_yaw": [0.5, 1e-06, 0.1], "k_pid_hsp": [1.0730650293510158, 0.03592202368521379, 0.0], "k_pid_vsp": [245.36797875126794, 202.603147354139, 1e-06]}, "datetime": {"datetime": "2025-08-20 14:38:59", "elapsed": 9993.836993694305, "delta": 16.331043243408203}, "costs": {"total_cost": 178.37257043457683, "time_cost": 68.32000000000001, "final_distance_cost": 1.8168016543970649, "oscillation_cost": 34.46965022461498, "completition_cost": 0.0, "overshoot_cost": 49.86360612962446, "power_cost": 12.636463293457032, "noise_cost": 11.266049132483284, "n_waypoints_completed": 9, "tot_waypoints": 9}}
{"target": -552.0811103564329, "params": {"k_pid_pos": [1.8327912521713332, 0.02691436114014412, 0.263642137439172], "k_pid_alt": [0.2473224196429753, 0.0001719072729629155, 0.25098092877311184], "k_pid_att": [45.48044174851444, 1.8590065136878107, 1.0], "k_pid_yaw": [0.5, 1e-06, 0.1], "k_pid_hsp": [0.9933395323049482, 0.04993550809868718, 0.0], "k_pid_vsp": [374.6838050483, 240.89260354972484, 2.4291774086292732]}, "datetime": {"datetime": "2025-08-20 14:39:24", "elapsed": 10019.37071633339, "delta": 25.533722639083862}, "costs": {"total_cost": 552.0811103564329, "time_cost": 150, "final_distance_cost": 67.70447704669849, "oscillation_cost": 35.30821602410704, "completition_cost": 222.2222222222222, "overshoot_cost": 44.1664387218333, "power_cost": 17.727345434570314, "noise_cost": 14.952410907001576, "n_waypoints_completed": 7, "tot_waypoints": 9}}
{"target": -175.7053703869733, "params": {"k_pid_pos": [1.070657201382799, 0.03652979124122069, 0.21822795688389665], "k_pid_alt": [1.9326321127411692, 0.00019029219735299031, 0.19773406803439067], "k_pid_att": [59.25862547604618, 3.01852434813237, 0.9648845860480054], "k_pid_yaw": [0.5, 1e-06, 0.1], "k_pid_hsp": [0.618517931106792, 0.028564893551349096, 0.0], "k_pid_vsp": [205.02034333821916, 190.3923036695297, 2.985121978393094]}, "datetime": {"datetime": "2025-08-20 14:39:42", "elapsed": 10036.539051771164, "delta": 17.168335437774658}, "costs": {"total_cost": 175.7053703869733, "time_cost": 69.84, "final_distance_cost": 1.845580331757044, "oscillation_cost": 30.095511662405553, "completition_cost": 0.0, "overshoot_cost": 50.492855240117834, "power_cost": 11.963308972167969, "noise_cost": 11.46811418052489, "n_waypoints_completed": 9, "tot_waypoints": 9}}
{"target": -179.86560253879873, "params": {"k_pid_pos": [1.2439497139503521, 0.014381841377850549, 0.23082565371509323], "k_pid_alt": [0.8336610119403316, 0.00016878222813012395, 0.11032817693809771], "k_pid_att": [14.032311398268783, 1.9207765169650963, 1.0], "k_pid_yaw": [0.5, 1e-06, 0.1], "k_pid_hsp": [0.7914349796242114, 0.06255533780531038, 0.0], "k_pid_vsp": [398.8202721305842, 148.49281930297087, 2.6414346449702912]}, "datetime": {"datetime": "2025-08-20 14:39:59", "elapsed": 10053.745102882385, "delta": 17.206051111221313}, "costs": {"total_cost": 179.86560253879873, "time_cost": 71.08, "final_distance_cost": 1.8472331021096484, "oscillation_cost": 31.934658831896627, "completition_cost": 0.0, "overshoot_cost": 49.9335130823875, "power_cost": 13.250786181640626, "noise_cost": 11.819411340764338, "n_waypoints_completed": 9, "tot_waypoints": 9}}
{"target": -173.75241609920343, "params": {"k_pid_pos": [1.013005503417108, 0.02436257936901344, 0.2946838283450757], "k_pid_alt": [2.0, 0.00012749314711780484, 0.0], "k_pid_att": [36.18476048812507, 5.119146209496776, 1.0], "k_pid_yaw": [0.5, 1e-06, 0.1], "k_pid_hsp": [0.48978630493908676, 0.03923255316988574, 0.0], "k_pid_vsp": [217.1369704470159, 139.26243076424018, 2.6901195443743613]}, "datetime": {"datetime": "2025-08-20 14:40:17", "elapsed": 10071.607627391815, "delta": 17.86252450942993}, "costs": {"total_cost": 173.75241609920343, "time_cost": 70.072, "final_distance_cost": 1.8423384901116144, "oscillation_cost": 28.037004798244173, "completition_cost": 0.0, "overshoot_cost": 49.52790274684399, "power_cost": 12.566868859863282, "noise_cost": 11.706301204140372, "n_waypoints_completed": 9, "tot_waypoints": 9}}
{"target": -191.64365073041242, "params": {"k_pid_pos": [0.8643348888119942, 0.029520483040240752, 0.3104270583204913], "k_pid_alt": [2.0, 0.00036483251971179106, 0.12427081968600869], "k_pid_att": [33.987068077076984, 4.439797927143367, 1.0], "k_pid_yaw": [0.5, 1e-06, 0.1], "k_pid_hsp": [0.13030961963109686, 0.0914292939887167, 0.0], "k_pid_vsp": [341.4098224805036, 131.30574731072844, 2.852757301366101]}, "datetime": {"datetime": "2025-08-20 14:40:34", "elapsed": 10089.152589321136, "delta": 17.54496192932129}, "costs": {"total_cost": 191.64365073041242, "time_cost": 75.168, "final_distance_cost": 1.8518802822979419, "oscillation_cost": 37.54606822993843, "completition_cost": 0.0, "overshoot_cost": 50.73728723289884, "power_cost": 13.44751279296875, "noise_cost": 12.892902192308439, "n_waypoints_completed": 9, "tot_waypoints": 9}}
{"target": -177.05807727722268, "params": {"k_pid_pos": [1.5594318974222512, 0.028681733523746738, 0.2054772885402649], "k_pid_alt": [1.29747419552658, 0.00012568250899749856, 0.058634102249091206], "k_pid_att": [56.400997584662775, 2.556025289594554, 0.6238806525921996], "k_pid_yaw": [0.5, 1e-06, 0.1], "k_pid_hsp": [1.1529167470033217, 0.015121345552832066, 0.0], "k_pid_vsp": [389.6042579319107, 161.7109724612645, 1.7987286858267917]}, "datetime": {"datetime": "2025-08-20 14:40:52", "elapsed": 10106.775853395462, "delta": 17.62326407432556}, "costs": {"total_cost": 177.05807727722268, "time_cost": 68.936, "final_distance_cost": 1.8002479005257195, "oscillation_cost": 32.85951500449207, "completition_cost": 0.0, "overshoot_cost": 49.959744644418905, "power_cost": 12.252177185058594, "noise_cost": 11.250392542727392, "n_waypoints_completed": 9, "tot_waypoints": 9}}
{"target": -181.2453599498189, "params": {"k_pid_pos": [1.8188503645269793, 0.02598521681147456, 0.22968056014225322], "k_pid_alt": [1.8272022080896557, 8.711342634731786e-05, 0.1143601611031862], "k_pid_att": [38.38320792387623, 4.256812398286942, 1.0], "k_pid_yaw": [0.5, 1e-06, 0.1], "k_pid_hsp": [1.2247460936519652, 0.08142460072278099, 0.0], "k_pid_vsp": [336.9638024832058, 168.2501118946238, 3.597865301415028]}, "datetime": {"datetime": "2025-08-20 14:41:13", "elapsed": 10128.289370536804, "delta": 21.513517141342163}, "costs": {"total_cost": 181.2453599498189, "time_cost": 68.464, "final_distance_cost": 1.7739820821203172, "oscillation_cost": 37.01679177703891, "completition_cost": 0.0, "overshoot_cost": 50.493756090480176, "power_cost": 12.27361932373047, "noise_cost": 11.223210676449014, "n_waypoints_completed": 9, "tot_waypoints": 9}}
{"target": -179.1481742280402, "params": {"k_pid_pos": [1.3485523417957201, 0.009403279001645526, 0.47314077628717094], "k_pid_alt": [0.7233229382249329, 0.00013905718509762567, 0.0], "k_pid_att": [12.800474830756821, 2.7306599340869497, 1.0], "k_pid_yaw": [0.5, 1e-06, 0.1], "k_pid_hsp": [0.2586988057463432, 0.04601266117626313, 0.0], "k_pid_vsp": [400.0, 148.6708759807556, 1.1946899190618614]}, "datetime": {"datetime": "2025-08-20 14:41:33", "elapsed": 10148.506736755371, "delta": 20.217366218566895}, "costs": {"total_cost": 179.1481742280402, "time_cost": 71.696, "final_distance_cost": 1.8444072717987008, "oscillation_cost": 31.351839398653627, "completition_cost": 0.0, "overshoot_cost": 49.810607711942346, "power_cost": 12.852028955078126, "noise_cost": 11.593290890567395, "n_waypoints_completed": 9, "tot_waypoints": 9}}
{"target": -175.52965898337268, "params": {"k_pid_pos": [1.7159335758917307, 0.02943637183765892, 0.33241453172997065], "k_pid_alt": [1.8491503638677524, 0.00014300562628158465, 0.11129006968047472], "k_pid_att": [35.92805632974744, 2.893662733688714, 0.8872840759414165], "k_pid_yaw": [0.5, 1e-06, 0.1], "k_pid_hsp": [0.4421092089145477, 0.048134819836528946, 0.0], "k_pid_vsp": [393.0889966222583, 199.52806684580162, 3.259152961746246]}, "datetime": {"datetime": "2025-08-20 14:41:53", "elapsed": 10167.782374620438, "delta": 19.27563786506653}, "costs": {"total_cost": 175.52965898337268, "time_cost": 68.624, "final_distance_cost": 1.8234441873241987, "oscillation_cost": 31.470353281190285, "completition_cost": 0.0, "overshoot_cost": 50.01573631107777, "power_cost": 12.447738793945312, "noise_cost": 11.148386409835132, "n_waypoints_completed": 9, "tot_waypoints": 9}}
{"target": -176.15535527677164, "params": {"k_pid_pos": [1.1327880837747764, 0.0, 0.295173685969158], "k_pid_alt": [1.105778800859455, 0.00011201408014357708, 0.24688548875414087], "k_pid_att": [29.10440493109522, 2.4447937796716093, 1.0], "k_pid_yaw": [0.5, 1e-06, 0.1], "k_pid_hsp": [0.42818441184952477, 0.026920219324879886, 0.0], "k_pid_vsp": [400.0, 250.1279347124913, 2.082505601097323]}, "datetime": {"datetime": "2025-08-20 14:42:14", "elapsed": 10188.559487819672, "delta": 20.77711319923401}, "costs": {"total_cost": 176.15535527677164, "time_cost": 71.184, "final_distance_cost": 1.8389234914112589, "oscillation_cost": 29.537071266097893, "completition_cost": 0.0, "overshoot_cost": 49.60642260317673, "power_cost": 12.397098706054688, "noise_cost": 11.591839210031043, "n_waypoints_completed": 9, "tot_waypoints": 9}}
{"target": -180.513470255107, "params": {"k_pid_pos": [1.9560431134132517, 0.028766734259791277, 0.0], "k_pid_alt": [1.159577551723866, 0.00019807048453484698, 0.1332666233902103], "k_pid_att": [40.58617859231956, 3.5198768318764135, 1.0], "k_pid_yaw": [0.5, 1e-06, 0.1], "k_pid_hsp": [0.28605314568216905, 0.017491123747029453, 0.0], "k_pid_vsp": [256.98232072084016, 246.14496605631027, 1.6712334395971606]}, "datetime": {"datetime": "2025-08-20 14:42:33", "elapsed": 10207.750683784485, "delta": 19.191195964813232}, "costs": {"total_cost": 180.513470255107, "time_cost": 69.512, "final_distance_cost": 1.7602664450910113, "oscillation_cost": 36.06545255656803, "completition_cost": 0.0, "overshoot_cost": 49.65195254406836, "power_cost": 12.392656213378906, "noise_cost": 11.131142496000692, "n_waypoints_completed": 9, "tot_waypoints": 9}}
{"target": -400.77897472008897, "params": {"k_pid_pos": [0.21983809675853613, 0.05196680986071059, 0.15106748618714336], "k_pid_alt": [1.419602473225017, 6.967782122510942e-05, 0.2682302468075294], "k_pid_att": [31.03754414516469, 3.9569877794282533, 1.0], "k_pid_yaw": [0.5, 1e-06, 0.1], "k_pid_hsp": [0.34390978430919233, 0.0, 0.0], "k_pid_vsp": [286.7654511335582, 197.35283782236948, 4.91976949168689]}, "datetime": {"datetime": "2025-08-20 14:42:56", "elapsed": 10231.19569015503, "delta": 23.445006370544434}, "costs": {"total_cost": 400.77897472008897, "time_cost": 150, "final_distance_cost": 36.17136570813694, "oscillation_cost": 17.272955522140087, "completition_cost": 111.11111111111116, "overshoot_cost": 55.46180373742495, "power_cost": 16.58526561279297, "noise_cost": 14.176473028482901, "n_waypoints_completed": 8, "tot_waypoints": 9}}
{"target": -176.33441869933282, "params": {"k_pid_pos": [1.5121171849889405, 0.017950697313442645, 0.3955674160631273], "k_pid_alt": [2.0, 3.805851889196894e-05, 0.17091586062073794], "k_pid_att": [19.479732509207395, 2.3881745469061912, 0.7872872128932883], "k_pid_yaw": [0.5, 1e-06, 0.1], "k_pid_hsp": [0.39375155697132264, 0.03763614146411626, 0.0], "k_pid_vsp": [400.0, 213.8011542619984, 2.6212281323714737]}, "datetime": {"datetime": "2025-08-20 14:43:12", "elapsed": 10246.746232271194, "delta": 15.550542116165161}, "costs": {"total_cost": 176.33441869933282, "time_cost": 69.112, "final_distance_cost": 1.8438779677966892, "oscillation_cost": 31.083297100977205, "completition_cost": 0.0, "overshoot_cost": 50.35207829946983, "power_cost": 12.600585424804688, "noise_cost": 11.342579906284401, "n_waypoints_completed": 9, "tot_waypoints": 9}}
{"target": -178.34662061201115, "params": {"k_pid_pos": [1.3218918496829504, 0.035763734043345756, 0.38862748798746316], "k_pid_alt": [1.7139835795720229, 0.0002839860378361453, 0.17733439261654613], "k_pid_att": [40.59391824295497, 4.535976438452608, 1.0], "k_pid_yaw": [0.5, 1e-06, 0.1], "k_pid_hsp": [0.32407555642237024, 0.11225321362412523, 0.0], "k_pid_vsp": [271.14083616861177, 145.6175981022014, 2.435470060507026]}, "datetime": {"datetime": "2025-08-20 14:43:27", "elapsed": 10261.725971221924, "delta": 14.97973895072937}, "costs": {"total_cost": 178.34662061201115, "time_cost": 69.44, "final_distance_cost": 1.837535351053801, "oscillation_cost": 33.39591597921124, "completition_cost": 0.0, "overshoot_cost": 49.480796030644825, "power_cost": 12.56138779296875, "noise_cost": 11.630985458132534, "n_waypoints_completed": 9, "tot_waypoints": 9}}
{"target": -178.20335941188642, "params": {"k_pid_pos": [0.875025295582213, 0.020968804017619174, 0.23842000592527868], "k_pid_alt": [1.5052036609271822, 0.00023043776791100028, 0.29732845903668415], "k_pid_att": [37.20744188956388, 3.890090465263199, 0.8848036084770287], "k_pid_yaw": [0.5, 1e-06, 0.1], "k_pid_hsp": [0.5998117551809061, 0.06629637027021122, 0.0], "k_pid_vsp": [391.35753777631294, 73.4401674451165, 1.9917288592726443]}, "datetime": {"datetime": "2025-08-20 14:43:43", "elapsed": 10277.60554075241, "delta": 15.87956953048706}, "costs": {"total_cost": 178.20335941188642, "time_cost": 72.4, "final_distance_cost": 1.8474445680216498, "oscillation_cost": 28.36606466352284, "completition_cost": 0.0, "overshoot_cost": 50.89840703127586, "power_cost": 12.668107226562501, "noise_cost": 12.023335922503545, "n_waypoints_completed": 9, "tot_waypoints": 9}}
{"target": -175.1700604572015, "params": {"k_pid_pos": [1.501538974033533, 0.03219302716449328, 0.2625769345008461], "k_pid_alt": [2.0, 5.928787359490327e-05, 0.17082011096650954], "k_pid_att": [16.945636079306468, 4.751155415449797, 1.0], "k_pid_yaw": [0.5, 1e-06, 0.1], "k_pid_hsp": [0.8141127643699573, 0.0, 0.0], "k_pid_vsp": [222.09830733838385, 250.72407499099086, 2.6805249971074203]}, "datetime": {"datetime": "2025-08-20 14:43:58", "elapsed": 10292.939764738083, "delta": 15.334223985671997}, "costs": {"total_cost": 175.1700604572015, "time_cost": 68.68, "final_distance_cost": 1.8115164205022292, "oscillation_cost": 31.782879950541833, "completition_cost": 0.0, "overshoot_cost": 49.56485502416652, "power_cost": 12.099759423828125, "noise_cost": 11.231049638162768, "n_waypoints_completed": 9, "tot_waypoints": 9}}
