{"target": -178.46928665142036, "params": {"k_pid_pos": [2.0, 0.03476125735878028, 1.0], "k_pid_alt": [1.1266363509125747, 0.0015877496782577209, 0.1676871711234892], "k_pid_att": [17.45805241213105, 1.780598033461488, 1.0], "k_pid_yaw": [0.5, 1e-06, 0.1], "k_pid_hsp": [1.2970952503359128, 0.0816226154964624, 0.0], "k_pid_vsp": [338.459733690719, 70.52584632672138, 1e-06]}, "datetime": {"datetime": "2025-08-20 13:15:24", "elapsed": 4978.844395399094, "delta": 17.26799964904785}, "costs": {"total_cost": 178.46928665142036, "time_cost": 70.2, "final_distance_cost": 1.8398173980474823, "oscillation_cost": 32.42799010834775, "completition_cost": 0.0, "overshoot_cost": 50.06789653185359, "power_cost": 12.413541711425783, "noise_cost": 11.520040901745734, "n_waypoints_completed": 9, "tot_waypoints": 9}}
{"target": -198.22889240206757, "params": {"k_pid_pos": [0.7395446681587708, 0.024898553666482633, 0.6981185233086197], "k_pid_alt": [1.0643474890205116, 0.0, 0.3771800065070751], "k_pid_att": [15.719091368508524, 3.8495309296034548, 1.0], "k_pid_yaw": [0.5, 1e-06, 0.1], "k_pid_hsp": [1.0806617159886445, 0.34022125411332854, 0.0], "k_pid_vsp": [121.51315567469491, 145.95780321376768, 19.454172362231976]}, "datetime": {"datetime": "2025-08-20 13:15:44", "elapsed": 4998.734553575516, "delta": 19.89015817642212}, "costs": {"total_cost": 198.22889240206757, "time_cost": 84.864, "final_distance_cost": 1.8544338790073456, "oscillation_cost": 34.659979365216145, "completition_cost": 0.0, "overshoot_cost": 50.42214066791694, "power_cost": 14.608209777832032, "noise_cost": 11.820128712095109, "n_waypoints_completed": 9, "tot_waypoints": 9}}
{"target": -194.68669205067278, "params": {"k_pid_pos": [1.513757596100806, 0.08423253776739786, 0.851766379705834], "k_pid_alt": [1.2120890726877722, 0.0, 0.5465011005341638], "k_pid_att": [33.32013461195249, 3.0884447301472218, 0.5196724187788465], "k_pid_yaw": [0.5, 1e-06, 0.1], "k_pid_hsp": [1.551487244604506, 0.07118910472484904, 0.0], "k_pid_vsp": [400.0, 306.89626824914086, 12.721810467760816]}, "datetime": {"datetime": "2025-08-20 13:16:03", "elapsed": 5018.190786600113, "delta": 19.456233024597168}, "costs": {"total_cost": 194.68669205067278, "time_cost": 72.632, "final_distance_cost": 1.8451966157689708, "oscillation_cost": 35.88068113932862, "completition_cost": 0.0, "overshoot_cost": 49.794669176461646, "power_cost": 19.636024462890624, "noise_cost": 14.898120656222916, "n_waypoints_completed": 9, "tot_waypoints": 9}}
{"target": -207.39101604747347, "params": {"k_pid_pos": [1.0138617804162882, 0.06396941746964548, 0.91592066924145], "k_pid_alt": [1.4261680357448103, 0.0007449870698386877, 0.788234589205229], "k_pid_att": [28.772170227197563, 2.2374254828680136, 0.4468069016240401], "k_pid_yaw": [0.5, 1e-06, 0.1], "k_pid_hsp": [1.5401843446995356, 0.0, 0.0], "k_pid_vsp": [332.25489918558173, 186.4323943531751, 12.109226105370277]}, "datetime": {"datetime": "2025-08-20 13:16:25", "elapsed": 5040.251022338867, "delta": 22.060235738754272}, "costs": {"total_cost": 207.39101604747347, "time_cost": 80.584, "final_distance_cost": 1.8540932156505143, "oscillation_cost": 32.52919091078083, "completition_cost": 0.0, "overshoot_cost": 51.13189171292964, "power_cost": 23.37039705810547, "noise_cost": 17.921443150007015, "n_waypoints_completed": 9, "tot_waypoints": 9}}
{"target": -198.23681480163822, "params": {"k_pid_pos": [0.775601118826148, 0.0, 0.8115329653853527], "k_pid_alt": [1.7313231943388105, 0.0002245443352688678, 0.420559769999379], "k_pid_att": [57.18529693106836, 0.0001, 1.0], "k_pid_yaw": [0.5, 1e-06, 0.1], "k_pid_hsp": [0.5120534464916426, 0.08073071109390388, 0.0], "k_pid_vsp": [69.52032210349329, 311.09044969800556, 5.47569352101511]}, "datetime": {"datetime": "2025-08-20 13:16:48", "elapsed": 5062.769590377808, "delta": 22.51856803894043}, "costs": {"total_cost": 198.23681480163822, "time_cost": 85.816, "final_distance_cost": 1.8561479435794843, "oscillation_cost": 30.97972720464135, "completition_cost": 0.0, "overshoot_cost": 50.65945376731025, "power_cost": 14.323050256347656, "noise_cost": 14.602435629759503, "n_waypoints_completed": 9, "tot_waypoints": 9}}
{"target": -178.812720279334, "params": {"k_pid_pos": [1.4034006675283177, 0.0548942097180584, 0.897312204813367], "k_pid_alt": [1.3499738140704247, 0.0, 0.44315543562663623], "k_pid_att": [11.49545616328767, 1.5237359745501937, 1.0], "k_pid_yaw": [0.5, 1e-06, 0.1], "k_pid_hsp": [1.2534130255143368, 0.015129405047840966, 0.0], "k_pid_vsp": [312.6441186826544, 147.71275879925983, 14.818402058126495]}, "datetime": {"datetime": "2025-08-20 13:17:07", "elapsed": 5082.219496488571, "delta": 19.44990611076355}, "costs": {"total_cost": 178.812720279334, "time_cost": 72.744, "final_distance_cost": 1.842463827021854, "oscillation_cost": 34.613007652353886, "completition_cost": 0.0, "overshoot_cost": 50.09781088951648, "power_cost": 9.715512084960938, "noise_cost": 9.799925825480821, "n_waypoints_completed": 9, "tot_waypoints": 9}}
{"target": -192.92644175536492, "params": {"k_pid_pos": [1.3290849587134879, 0.12998563828288315, 1.0], "k_pid_alt": [1.4952366690907033, 0.0024019098479103134, 0.34958686864691496], "k_pid_att": [22.967646694217706, 4.276323149939844, 0.9494807715583242], "k_pid_yaw": [0.5, 1e-06, 0.1], "k_pid_hsp": [1.0327512387923559, 0.04694604625878668, 0.0], "k_pid_vsp": [309.2303082236943, 332.2504036780697, 31.422873048459127]}, "datetime": {"datetime": "2025-08-20 13:17:25", "elapsed": 5100.3570437431335, "delta": 18.137547254562378}, "costs": {"total_cost": 192.92644175536492, "time_cost": 73.44800000000001, "final_distance_cost": 1.8318681462051432, "oscillation_cost": 34.10571116936482, "completition_cost": 0.0, "overshoot_cost": 50.18518085605114, "power_cost": 18.623729235839846, "noise_cost": 14.731952347903952, "n_waypoints_completed": 9, "tot_waypoints": 9}}
{"target": -210.6504318316144, "params": {"k_pid_pos": [1.9875824132243292, 0.1306186387955874, 1.0], "k_pid_alt": [2.0, 4.5022982832908405e-05, 0.6113683002965922], "k_pid_att": [45.298273558014465, 0.0001, 1.0], "k_pid_yaw": [0.5, 1e-06, 0.1], "k_pid_hsp": [0.0949451715932188, 0.1451021134444784, 0.0], "k_pid_vsp": [62.872126349197494, 21.45708385524482, 20.521995417106393]}, "datetime": {"datetime": "2025-08-20 13:17:44", "elapsed": 5119.13801908493, "delta": 18.780975341796875}, "costs": {"total_cost": 210.6504318316144, "time_cost": 73.12, "final_distance_cost": 1.8426702584419214, "oscillation_cost": 55.72597377123179, "completition_cost": 0.0, "overshoot_cost": 51.86466818062308, "power_cost": 15.833699206542969, "noise_cost": 12.263420414774641, "n_waypoints_completed": 9, "tot_waypoints": 9}}
{"target": -1252.369707717672, "params": {"k_pid_pos": [0.0001, 0.0, 0.46385446961141613], "k_pid_alt": [1.55608522819251, 0.0007437953145531638, 0.6025734093214822], "k_pid_att": [47.70542252250865, 2.1117295948502597, 1.0], "k_pid_yaw": [0.5, 1e-06, 0.1], "k_pid_hsp": [0.8593784513026496, 0.17493356096986765, 0.0], "k_pid_vsp": [400.0, 88.87947316371155, 1e-06]}, "datetime": {"datetime": "2025-08-20 13:18:08", "elapsed": 5143.286302566528, "delta": 24.1482834815979}, "costs": {"total_cost": 1252.369707717672, "time_cost": 150, "final_distance_cost": 46.023742126879235, "oscillation_cost": 0.1769789252275668, "completition_cost": 1000.0, "overshoot_cost": 30.456949909624566, "power_cost": 12.778891015625, "noise_cost": 12.933145740315647, "n_waypoints_completed": 0, "tot_waypoints": 9}}
{"target": -1248.9635862901384, "params": {"k_pid_pos": [2.0, 0.04587021773095521, 1.0], "k_pid_alt": [1.8102376675090326, 0.0, 0.8921739687144501], "k_pid_att": [18.98395628144346, 2.85135268088917, 0.643580809001175], "k_pid_yaw": [0.5, 1e-06, 0.1], "k_pid_hsp": [0.0001, 0.09631038862742192, 0.0], "k_pid_vsp": [193.05829738458033, 186.24194757463934, 1e-06]}, "datetime": {"datetime": "2025-08-20 13:18:33", "elapsed": 5167.654118299484, "delta": 24.367815732955933}, "costs": {"total_cost": 1248.9635862901384, "time_cost": 150, "final_distance_cost": 94.04041198185703, "oscillation_cost": 102.21191721502214, "completition_cost": 777.7777777777778, "overshoot_cost": 87.80550703883623, "power_cost": 20.64754812011719, "noise_cost": 16.480424156528287, "n_waypoints_completed": 2, "tot_waypoints": 9}}
{"target": -218.54044844634757, "params": {"k_pid_pos": [0.9805297768877255, 0.005701210425207339, 0.7117741293814269], "k_pid_alt": [0.7515040476961689, 0.0006928199156588081, 1.0], "k_pid_att": [33.07796265627815, 2.1122342816152604, 1.0], "k_pid_yaw": [0.5, 1e-06, 0.1], "k_pid_hsp": [0.87173715402719, 0.06235590300876379, 0.0], "k_pid_vsp": [251.27884877944734, 194.08197801124288, 10.098853922695616]}, "datetime": {"datetime": "2025-08-20 13:18:55", "elapsed": 5189.871737957001, "delta": 22.21761965751648}, "costs": {"total_cost": 218.54044844634757, "time_cost": 90.144, "final_distance_cost": 1.85470732684915, "oscillation_cost": 34.028457876847064, "completition_cost": 0.0, "overshoot_cost": 51.16306948924303, "power_cost": 23.55572088623047, "noise_cost": 17.79449286717784, "n_waypoints_completed": 9, "tot_waypoints": 9}}
{"target": -182.53545371520258, "params": {"k_pid_pos": [1.6647886291931755, 0.2029835073679446, 1.0], "k_pid_alt": [1.853630627717159, 0.0005960324120567036, 0.5687093940422437], "k_pid_att": [8.493282226414978, 1.8832625630882192, 1.0], "k_pid_yaw": [0.5, 1e-06, 0.1], "k_pid_hsp": [1.8591404928934583, 0.09754858231089449, 0.0], "k_pid_vsp": [333.0975455206603, 376.50080673323674, 27.819985460564283]}, "datetime": {"datetime": "2025-08-20 13:19:12", "elapsed": 5206.934821367264, "delta": 17.06308341026306}, "costs": {"total_cost": 182.53545371520258, "time_cost": 70.008, "final_distance_cost": 1.8382930556147905, "oscillation_cost": 37.11342213614894, "completition_cost": 0.0, "overshoot_cost": 49.64274588340701, "power_cost": 12.869917529296876, "noise_cost": 11.06307511073497, "n_waypoints_completed": 9, "tot_waypoints": 9}}
{"target": -189.48716427685088, "params": {"k_pid_pos": [1.4004499929840353, 0.09234894957997003, 0.5853872779410104], "k_pid_alt": [1.4559955542173801, 0.0010503554670937647, 0.8747656463966518], "k_pid_att": [17.446805050317813, 2.037021411834244, 1.0], "k_pid_yaw": [0.5, 1e-06, 0.1], "k_pid_hsp": [1.1142017723106699, 0.0, 0.0], "k_pid_vsp": [363.543765744056, 42.6793366497106, 49.39618484564823]}, "datetime": {"datetime": "2025-08-20 13:19:29", "elapsed": 5224.312042951584, "delta": 17.37722158432007}, "costs": {"total_cost": 189.48716427685088, "time_cost": 72.352, "final_distance_cost": 1.8425466892958908, "oscillation_cost": 35.051998664437484, "completition_cost": 0.0, "overshoot_cost": 51.35323296594506, "power_cost": 16.440684484863283, "noise_cost": 12.446701472309146, "n_waypoints_completed": 9, "tot_waypoints": 9}}
{"target": -197.21898012066566, "params": {"k_pid_pos": [1.1187745794995372, 0.04931305900927074, 0.6916644319339419], "k_pid_alt": [1.0538502220056472, 0.0005412135552836455, 0.3048439047000863], "k_pid_att": [75.08662607392289, 5.29268038045702, 1.0], "k_pid_yaw": [0.5, 1e-06, 0.1], "k_pid_hsp": [1.2697487351579728, 0.0, 0.0], "k_pid_vsp": [302.79768655114475, 196.36904021062364, 21.97534845220794]}, "datetime": {"datetime": "2025-08-20 13:19:48", "elapsed": 5242.842336893082, "delta": 18.530293941497803}, "costs": {"total_cost": 197.21898012066566, "time_cost": 76.06400000000001, "final_distance_cost": 1.843380646015969, "oscillation_cost": 36.48789932210631, "completition_cost": 0.0, "overshoot_cost": 50.20973571961959, "power_cost": 18.049434521484375, "noise_cost": 14.56452991143941, "n_waypoints_completed": 9, "tot_waypoints": 9}}
{"target": -187.85050325133605, "params": {"k_pid_pos": [2.0, 0.019295219046710204, 0.11178955135429658], "k_pid_alt": [1.8604108008734552, 0.0, 0.8722853941446057], "k_pid_att": [36.77558803231317, 2.9000617504669166, 1.0], "k_pid_yaw": [0.5, 1e-06, 0.1], "k_pid_hsp": [1.8184861221650823, 0.19229330457687308, 0.0], "k_pid_vsp": [400.0, 217.6411721108991, 46.42966431284574]}, "datetime": {"datetime": "2025-08-20 13:20:05", "elapsed": 5259.925924062729, "delta": 17.083587169647217}, "costs": {"total_cost": 187.85050325133605, "time_cost": 69.176, "final_distance_cost": 1.7549644605796686, "oscillation_cost": 43.34487657719682, "completition_cost": 0.0, "overshoot_cost": 49.68053233450618, "power_cost": 13.540007165527344, "noise_cost": 10.354122713526001, "n_waypoints_completed": 9, "tot_waypoints": 9}}
{"target": -178.1277047375354, "params": {"k_pid_pos": [2.0, 0.07394596313538447, 1.0], "k_pid_alt": [1.3603038870299884, 0.0006020323153655767, 0.5103051143802037], "k_pid_att": [45.67109516827919, 2.1243615920546763, 0.9252635064065776], "k_pid_yaw": [0.5, 1e-06, 0.1], "k_pid_hsp": [1.9259479131993273, 0.09389116350976817, 0.0], "k_pid_vsp": [187.06959096278058, 270.9003613298524, 1e-06]}, "datetime": {"datetime": "2025-08-20 13:20:22", "elapsed": 5276.809769630432, "delta": 16.883845567703247}, "costs": {"total_cost": 178.1277047375354, "time_cost": 70.21600000000001, "final_distance_cost": 1.8466013967021033, "oscillation_cost": 33.24062232878208, "completition_cost": 0.0, "overshoot_cost": 50.00253176990045, "power_cost": 11.60604921875, "noise_cost": 11.215900023400751, "n_waypoints_completed": 9, "tot_waypoints": 9}}
{"target": -180.81805620870193, "params": {"k_pid_pos": [1.599064881838226, 0.0, 0.5947911937551469], "k_pid_alt": [1.275791335006687, 0.0, 0.31604448797221524], "k_pid_att": [60.124585551516844, 1.619892176983009, 0.2732589498824208], "k_pid_yaw": [0.5, 1e-06, 0.1], "k_pid_hsp": [1.6539094786812918, 0.08724724584692141, 0.0], "k_pid_vsp": [308.5539610791152, 172.3986034713092, 1e-06]}, "datetime": {"datetime": "2025-08-20 13:20:38", "elapsed": 5293.394131183624, "delta": 16.58436155319214}, "costs": {"total_cost": 180.81805620870193, "time_cost": 70.224, "final_distance_cost": 1.8399635551193332, "oscillation_cost": 35.06399337861511, "completition_cost": 0.0, "overshoot_cost": 49.847904291163175, "power_cost": 12.287864196777344, "noise_cost": 11.554330787026935, "n_waypoints_completed": 9, "tot_waypoints": 9}}
{"target": -222.66038126015724, "params": {"k_pid_pos": [0.7207865101222417, 0.05699990940580026, 1.0], "k_pid_alt": [2.0, 0.0, 0.4359072171898161], "k_pid_att": [46.48204906527163, 1.7895761115025148, 1.0], "k_pid_yaw": [0.5, 1e-06, 0.1], "k_pid_hsp": [1.7224561326341974, 0.02611147020617519, 0.0], "k_pid_vsp": [316.5177934245206, 372.5096156261313, 18.688529212341553]}, "datetime": {"datetime": "2025-08-20 13:21:01", "elapsed": 5316.296000242233, "delta": 22.90186905860901}, "costs": {"total_cost": 222.66038126015724, "time_cost": 87.4, "final_distance_cost": 1.8523770439283462, "oscillation_cost": 36.81050528633334, "completition_cost": 0.0, "overshoot_cost": 52.82962031665046, "power_cost": 23.991294787597656, "noise_cost": 19.776583825647446, "n_waypoints_completed": 9, "tot_waypoints": 9}}
{"target": -1090.6096780221746, "params": {"k_pid_pos": [1.2022783601967677, 0.05625854713424472, 1.0], "k_pid_alt": [0.07756456051488166, 0.00037322289688406814, 0.47340936366150954], "k_pid_att": [43.25261619079854, 3.6316788801800413, 1.0], "k_pid_yaw": [0.5, 1e-06, 0.1], "k_pid_hsp": [1.22582516575244, 0.1829441629106169, 0.0], "k_pid_vsp": [400.0, 43.889061699231235, 1e-06]}, "datetime": {"datetime": "2025-08-20 13:21:26", "elapsed": 5341.446884632111, "delta": 25.15088438987732}, "costs": {"total_cost": 1090.6096780221746, "time_cost": 150, "final_distance_cost": 86.04798180641548, "oscillation_cost": 10.120647856039271, "completition_cost": 777.7777777777778, "overshoot_cost": 38.52249254566871, "power_cost": 14.37733114013672, "noise_cost": 13.7634468961366, "n_waypoints_completed": 2, "tot_waypoints": 9}}
{"target": -396.4383824580502, "params": {"k_pid_pos": [0.5111698529707415, 0.0, 0.8340397490080113], "k_pid_alt": [2.0, 0.0, 0.6479709294070864], "k_pid_att": [43.21570534153876, 2.2477711593850174, 0.9883639166533155], "k_pid_yaw": [0.5, 1e-06, 0.1], "k_pid_hsp": [2.1343051337620236, 0.0, 0.0], "k_pid_vsp": [96.89305311997337, 119.70827606526656, 3.0821864059679123]}, "datetime": {"datetime": "2025-08-20 13:21:51", "elapsed": 5366.1449337005615, "delta": 24.698049068450928}, "costs": {"total_cost": 396.4383824580502, "time_cost": 150, "final_distance_cost": 25.2507458259445, "oscillation_cost": 26.7422518817058, "completition_cost": 111.11111111111116, "overshoot_cost": 53.866836666901065, "power_cost": 15.578179467773438, "noise_cost": 13.889257504614227, "n_waypoints_completed": 8, "tot_waypoints": 9}}
{"target": -179.408380814845, "params": {"k_pid_pos": [1.592829916043413, 0.06278980676276806, 0.4465061026012298], "k_pid_alt": [1.3994801888073025, 0.0008202657337931315, 0.6976614813938483], "k_pid_att": [75.30550527067685, 5.471087555695558, 1.0], "k_pid_yaw": [0.5, 1e-06, 0.1], "k_pid_hsp": [1.9498489644129873, 0.09085834939904103, 0.0], "k_pid_vsp": [265.63007393459355, 96.34361350861515, 3.031369494017292]}, "datetime": {"datetime": "2025-08-20 13:22:08", "elapsed": 5383.332409858704, "delta": 17.18747615814209}, "costs": {"total_cost": 179.408380814845, "time_cost": 70.528, "final_distance_cost": 1.8375505023908163, "oscillation_cost": 34.213884011802215, "completition_cost": 0.0, "overshoot_cost": 49.749866727918615, "power_cost": 11.867344189453126, "noise_cost": 11.211735383280248, "n_waypoints_completed": 9, "tot_waypoints": 9}}
{"target": -179.54618125495037, "params": {"k_pid_pos": [2.0, 0.07489738865987032, 0.7879216889778761], "k_pid_alt": [2.0, 8.553843238076633e-06, 0.24364818000314967], "k_pid_att": [34.39779847246435, 2.684328206958751, 0.5944818241338564], "k_pid_yaw": [0.5, 1e-06, 0.1], "k_pid_hsp": [1.4065888359095748, 0.05729574148386263, 0.0], "k_pid_vsp": [337.8814634326409, 141.6986731247662, 24.999204207252788]}, "datetime": {"datetime": "2025-08-20 13:22:25", "elapsed": 5400.399981737137, "delta": 17.067571878433228}, "costs": {"total_cost": 179.54618125495037, "time_cost": 68.856, "final_distance_cost": 1.8272319935602725, "oscillation_cost": 35.41831198626889, "completition_cost": 0.0, "overshoot_cost": 50.14371929404653, "power_cost": 12.865894836425781, "noise_cost": 10.43502314464891, "n_waypoints_completed": 9, "tot_waypoints": 9}}
{"target": -187.492851755676, "params": {"k_pid_pos": [2.0, 0.1897659135879166, 1.0], "k_pid_alt": [1.2789193226978677, 0.0018513503676664798, 1.0], "k_pid_att": [49.65033587465013, 2.6445881619426936, 0.9467436830956687], "k_pid_yaw": [0.5, 1e-06, 0.1], "k_pid_hsp": [1.6683066052501463, 0.024358082972272276, 0.0], "k_pid_vsp": [305.3136245061633, 311.8804681240659, 14.783519146861801]}, "datetime": {"datetime": "2025-08-20 13:22:42", "elapsed": 5417.234369516373, "delta": 16.83438777923584}, "costs": {"total_cost": 187.492851755676, "time_cost": 72.848, "final_distance_cost": 1.840529283143265, "oscillation_cost": 39.015958646054514, "completition_cost": 0.0, "overshoot_cost": 50.176555320663205, "power_cost": 12.897901440429688, "noise_cost": 10.713907065385353, "n_waypoints_completed": 9, "tot_waypoints": 9}}
{"target": -177.89433230263, "params": {"k_pid_pos": [1.6863720982532386, 0.11876647479321577, 0.5416571969005878], "k_pid_alt": [2.0, 0.0003063790845676186, 0.7229215346578277], "k_pid_att": [46.58374827562388, 1.9841484012930055, 1.0], "k_pid_yaw": [0.5, 1e-06, 0.1], "k_pid_hsp": [2.3736636164610947, 0.000799147709789616, 0.0], "k_pid_vsp": [400.0, 47.235977397702186, 0.17709218787688208]}, "datetime": {"datetime": "2025-08-20 13:22:59", "elapsed": 5433.989094734192, "delta": 16.754725217819214}, "costs": {"total_cost": 177.89433230263, "time_cost": 70.2, "final_distance_cost": 1.8102473476883136, "oscillation_cost": 32.371885716173985, "completition_cost": 0.0, "overshoot_cost": 50.984050067110566, "power_cost": 11.408423950195314, "noise_cost": 11.119725221461806, "n_waypoints_completed": 9, "tot_waypoints": 9}}
{"target": -197.65397600904132, "params": {"k_pid_pos": [2.0, 0.12278931073535913, 0.9043405411580347], "k_pid_alt": [1.3258082532974358, 0.000816409470175738, 0.7911994361259787], "k_pid_att": [4.34139277460122, 2.162469457062405, 1.0], "k_pid_yaw": [0.5, 1e-06, 0.1], "k_pid_hsp": [1.512455014049513, 0.055601282076502535, 0.0], "k_pid_vsp": [177.98004672183194, 177.96987063021834, 15.733595027283833]}, "datetime": {"datetime": "2025-08-20 13:23:16", "elapsed": 5450.802415370941, "delta": 16.813320636749268}, "costs": {"total_cost": 197.65397600904132, "time_cost": 70.592, "final_distance_cost": 1.8235069071847503, "oscillation_cost": 40.49685328487316, "completition_cost": 0.0, "overshoot_cost": 49.24857021802955, "power_cost": 20.711497619628908, "noise_cost": 14.781547979324928, "n_waypoints_completed": 9, "tot_waypoints": 9}}
{"target": -212.6323177182363, "params": {"k_pid_pos": [0.6513268001290011, 0.012432087679531712, 0.9773208866767248], "k_pid_alt": [1.6984829360156801, 0.0002772294548958991, 0.5330400383708674], "k_pid_att": [88.61102749941863, 2.7769428718045357, 1.0], "k_pid_yaw": [0.5, 1e-06, 0.1], "k_pid_hsp": [1.3826180208403673, 0.04743291364275278, 0.0], "k_pid_vsp": [301.1156192988031, 315.0728785548888, 1.6363482419318387]}, "datetime": {"datetime": "2025-08-20 13:23:39", "elapsed": 5474.032654762268, "delta": 23.230239391326904}, "costs": {"total_cost": 212.6323177182363, "time_cost": 95.656, "final_distance_cost": 1.8575247175403216, "oscillation_cost": 30.306668565823177, "completition_cost": 0.0, "overshoot_cost": 53.905199092984994, "power_cost": 14.694675061035158, "noise_cost": 16.212250280852665, "n_waypoints_completed": 9, "tot_waypoints": 9}}
