{"target": -169.35521254591998, "params": {"k_pid_pos": [0.5419778153304148, 0.002937831271153835, 0.006088957626252959], "k_pid_alt": [1.9499210866988494, 0.00014433645800579576, 0.0014497300471987124], "k_pid_att": [31.702021219919715, 4.632432288008466, 0.5176047395370944], "k_pid_yaw": [0.5, 1e-06, 0.1], "k_pid_hsp": [0.09584049014010393, 0.0056817180810179195, 0.0], "k_pid_vsp": [265.7476208417734, 243.12947608349862, 1.0823835991613044]}, "datetime": {"datetime": "2025-08-20 19:22:42", "elapsed": 27016.80341720581, "delta": 15.686962842941284}, "costs": {"total_cost": 169.35521254591998, "time_cost": 72.008, "final_distance_cost": 1.8234085754097185, "oscillation_cost": 20.603510500143233, "completition_cost": 0.0, "overshoot_cost": 50.88912376530568, "power_cost": 12.360994445800781, "noise_cost": 11.670175259260583, "n_waypoints_completed": 9, "tot_waypoints": 9}}
{"target": -169.55942360688687, "params": {"k_pid_pos": [0.46606493074022753, 0.0033351297189921237, 0.009866102153514958], "k_pid_alt": [2.0, 0.00017101432959146524, 0.0013262295341969212], "k_pid_att": [34.57504678051422, 5.602956731921, 0.7968086012492225], "k_pid_yaw": [0.5, 1e-06, 0.1], "k_pid_hsp": [0.07973681877730814, 0.0065019348531123525, 0.0], "k_pid_vsp": [174.72364692667443, 245.6484144473881, 0.8316721317411663]}, "datetime": {"datetime": "2025-08-20 19:22:59", "elapsed": 27033.840630292892, "delta": 17.03721308708191}, "costs": {"total_cost": 169.55942360688687, "time_cost": 73.776, "final_distance_cost": 1.8260778481593611, "oscillation_cost": 18.04638559773023, "completition_cost": 0.0, "overshoot_cost": 51.737634796715064, "power_cost": 12.357773498535156, "noise_cost": 11.81555186574707, "n_waypoints_completed": 9, "tot_waypoints": 9}}
{"target": -170.6766511672439, "params": {"k_pid_pos": [0.6785144269242632, 0.0035398991813451216, 0.008645529424315663], "k_pid_alt": [1.8049695511445778, 0.00010726193525100449, 0.001778597259032385], "k_pid_att": [37.21397915118417, 7.532753451174202, 0.7906267740051037], "k_pid_yaw": [0.5, 1e-06, 0.1], "k_pid_hsp": [0.08226162705645367, 0.005687174621451105, 0.0], "k_pid_vsp": [287.12421885660893, 174.6154111019695, 0.9687835474281469]}, "datetime": {"datetime": "2025-08-20 19:23:15", "elapsed": 27049.592238903046, "delta": 15.751608610153198}, "costs": {"total_cost": 170.6766511672439, "time_cost": 72.16, "final_distance_cost": 1.7882989920530457, "oscillation_cost": 22.407160299471983, "completition_cost": 0.0, "overshoot_cost": 50.8912915018949, "power_cost": 12.035782580566407, "noise_cost": 11.394117793257589, "n_waypoints_completed": 9, "tot_waypoints": 9}}
{"target": -169.46715812305644, "params": {"k_pid_pos": [0.6102167846686738, 0.00412606292859576, 0.009183841320096845], "k_pid_alt": [1.7610950983330496, 0.00016804843723959974, 0.0020854014865403516], "k_pid_att": [38.114389446707925, 4.746256884380878, 0.3952982987042204], "k_pid_yaw": [0.5, 1e-06, 0.1], "k_pid_hsp": [0.08828260487122892, 0.006055562698749022, 0.0], "k_pid_vsp": [268.48444698807504, 213.5424420332594, 0.7031034903059403]}, "datetime": {"datetime": "2025-08-20 19:23:31", "elapsed": 27066.31558585167, "delta": 16.723346948623657}, "costs": {"total_cost": 169.46715812305644, "time_cost": 71.68, "final_distance_cost": 1.808541183524799, "oscillation_cost": 21.21923237523699, "completition_cost": 0.0, "overshoot_cost": 51.49839630792189, "power_cost": 11.957069238281251, "noise_cost": 11.303919018091483, "n_waypoints_completed": 9, "tot_waypoints": 9}}
{"target": -169.9017205298339, "params": {"k_pid_pos": [0.4846194284544237, 0.003916715986980197, 0.00755426183355824], "k_pid_alt": [1.5559448532130755, 0.0001262190828172372, 0.0022142874895069655], "k_pid_att": [34.53202358331193, 4.7597563167334425, 0.9235214930096776], "k_pid_yaw": [0.5, 1e-06, 0.1], "k_pid_hsp": [0.10179655445619444, 0.006701955858929448, 0.0], "k_pid_vsp": [242.83324991548307, 143.85348617381104, 0.9417355117693216]}, "datetime": {"datetime": "2025-08-20 19:23:48", "elapsed": 27083.27972459793, "delta": 16.964138746261597}, "costs": {"total_cost": 169.9017205298339, "time_cost": 72.992, "final_distance_cost": 1.8439115671891664, "oscillation_cost": 19.725395999387647, "completition_cost": 0.0, "overshoot_cost": 51.47037199517648, "power_cost": 12.099698767089844, "noise_cost": 11.77034220099077, "n_waypoints_completed": 9, "tot_waypoints": 9}}
{"target": -169.0665609883586, "params": {"k_pid_pos": [0.49921383639366423, 0.004525064379087639, 0.0115426857683139], "k_pid_alt": [1.9471269545925403, 0.00012750258549271612, 0.0025184052565356764], "k_pid_att": [31.59431223445309, 3.8238842125761594, 0.8243085755389262], "k_pid_yaw": [0.5, 1e-06, 0.1], "k_pid_hsp": [0.09578820571684153, 0.007164870221607463, 0.0], "k_pid_vsp": [182.81306206824664, 170.57075449900307, 0.7049637646136647]}, "datetime": {"datetime": "2025-08-20 19:24:06", "elapsed": 27101.423137187958, "delta": 18.143412590026855}, "costs": {"total_cost": 169.0665609883586, "time_cost": 72.664, "final_distance_cost": 1.8386888923540177, "oscillation_cost": 19.876067181471463, "completition_cost": 0.0, "overshoot_cost": 50.96243995530329, "power_cost": 12.041164245605469, "noise_cost": 11.684200713624326, "n_waypoints_completed": 9, "tot_waypoints": 9}}
{"target": -169.53385985108224, "params": {"k_pid_pos": [0.5415859809130502, 0.004242246946216589, 0.009609496491879846], "k_pid_alt": [1.8599930832850144, 6.308598757848898e-05, 0.0012028130509663373], "k_pid_att": [18.611287808914472, 6.8367514634922015, 0.6983790956224348], "k_pid_yaw": [0.5, 1e-06, 0.1], "k_pid_hsp": [0.09569509617298007, 0.004297829462899668, 0.0], "k_pid_vsp": [209.61643968209808, 228.97298647742977, 0.7077090961167295]}, "datetime": {"datetime": "2025-08-20 19:24:23", "elapsed": 27118.28455710411, "delta": 16.861419916152954}, "costs": {"total_cost": 169.53385985108224, "time_cost": 72.048, "final_distance_cost": 1.8201865510760784, "oscillation_cost": 20.784588885912736, "completition_cost": 0.0, "overshoot_cost": 51.03877629894776, "power_cost": 12.258986791992188, "noise_cost": 11.583321323153497, "n_waypoints_completed": 9, "tot_waypoints": 9}}
{"target": -176.41796925994515, "params": {"k_pid_pos": [0.8261728524768324, 0.00408269576667844, 0.010340523984113502], "k_pid_alt": [1.9618191520179922, 0.0001236952951690993, 0.0019372090279987774], "k_pid_att": [33.42085356869681, 6.267360756178448, 0.41369872667397695], "k_pid_yaw": [0.5, 1e-06, 0.1], "k_pid_hsp": [0.06729485589506047, 0.006860641928391577, 0.0], "k_pid_vsp": [229.17515987370356, 243.5272777415655, 0.7671511456009114]}, "datetime": {"datetime": "2025-08-20 19:24:41", "elapsed": 27136.119615793228, "delta": 17.83505868911743}, "costs": {"total_cost": 176.41796925994515, "time_cost": 73.552, "final_distance_cost": 1.737971120441329, "oscillation_cost": 24.44558369113416, "completition_cost": 0.0, "overshoot_cost": 51.867782264363335, "power_cost": 13.030793872070314, "noise_cost": 11.783838311935991, "n_waypoints_completed": 9, "tot_waypoints": 9}}
{"target": -169.79176605533522, "params": {"k_pid_pos": [0.6426650589824873, 0.0014838764174849993, 0.009495348169212967], "k_pid_alt": [1.4322465970238811, 0.00015263527622301414, 0.0021350102912833153], "k_pid_att": [31.021186851766515, 7.044049123067034, 0.5719765319229316], "k_pid_yaw": [0.5, 1e-06, 0.1], "k_pid_hsp": [0.08827401673357627, 0.00511505230251298, 0.0], "k_pid_vsp": [131.5482390060109, 234.43926572719647, 1.0279848760534538]}, "datetime": {"datetime": "2025-08-20 19:24:58", "elapsed": 27153.397230386734, "delta": 17.27761459350586}, "costs": {"total_cost": 169.79176605533522, "time_cost": 71.424, "final_distance_cost": 1.8031335821955787, "oscillation_cost": 21.781540518179767, "completition_cost": 0.0, "overshoot_cost": 51.18267824096757, "power_cost": 12.234791430664064, "noise_cost": 11.36562228332822, "n_waypoints_completed": 9, "tot_waypoints": 9}}
{"target": -169.58923867803992, "params": {"k_pid_pos": [0.5174196202130399, 0.003941667310305855, 0.010030003092707657], "k_pid_alt": [1.9690991950385215, 0.0001305539187952051, 0.0013296767575030242], "k_pid_att": [23.547188187041403, 5.6718707055775, 0.8390780180788925], "k_pid_yaw": [0.5, 1e-06, 0.1], "k_pid_hsp": [0.0940639958417341, 0.007948358400561044, 0.0], "k_pid_vsp": [216.71561747132162, 245.3420068891895, 0.8597156586372817]}, "datetime": {"datetime": "2025-08-20 19:25:15", "elapsed": 27169.732059001923, "delta": 16.3348286151886}, "costs": {"total_cost": 169.58923867803992, "time_cost": 72.296, "final_distance_cost": 1.832841488991805, "oscillation_cost": 20.54696590253829, "completition_cost": 0.0, "overshoot_cost": 51.09032080805011, "power_cost": 12.17646268310547, "noise_cost": 11.64664779535423, "n_waypoints_completed": 9, "tot_waypoints": 9}}
{"target": -175.50152166467714, "params": {"k_pid_pos": [0.40776043091709235, 0.0034176949759300097, 0.01036693811890904], "k_pid_alt": [2.0, 0.00011734643779795109, 0.001909566181252621], "k_pid_att": [33.290879742794544, 8.151607388359821, 0.6703093796716925], "k_pid_yaw": [0.5, 1e-06, 0.1], "k_pid_hsp": [0.1240076151079063, 0.004886609033665226, 0.0], "k_pid_vsp": [224.6107648014055, 214.65753186668167, 0.7942942785903201]}, "datetime": {"datetime": "2025-08-20 19:25:34", "elapsed": 27188.73423266411, "delta": 19.00217366218567}, "costs": {"total_cost": 175.50152166467714, "time_cost": 76.88, "final_distance_cost": 1.8498975628862953, "oscillation_cost": 19.8566157212495, "completition_cost": 0.0, "overshoot_cost": 51.09557830718082, "power_cost": 13.067513415527344, "noise_cost": 12.751916657833188, "n_waypoints_completed": 9, "tot_waypoints": 9}}
{"target": -170.24881178977736, "params": {"k_pid_pos": [0.49928860440715045, 0.0033744768589361973, 0.0086624751299215], "k_pid_alt": [2.0, 0.00019553184438158511, 0.002440762319065952], "k_pid_att": [35.95671648756965, 6.303469059025154, 0.8077867855616278], "k_pid_yaw": [0.5, 1e-06, 0.1], "k_pid_hsp": [0.11640611333037006, 0.005445657812446536, 0.0], "k_pid_vsp": [88.6175986417188, 278.6837997804246, 0.8017184029987844]}, "datetime": {"datetime": "2025-08-20 19:25:49", "elapsed": 27204.450227975845, "delta": 15.71599531173706}, "costs": {"total_cost": 170.24881178977736, "time_cost": 72.952, "final_distance_cost": 1.8325340593666795, "oscillation_cost": 21.194104364893526, "completition_cost": 0.0, "overshoot_cost": 50.531472346713485, "power_cost": 12.124958544921876, "noise_cost": 11.613742473881821, "n_waypoints_completed": 9, "tot_waypoints": 9}}
{"target": -170.28208661233268, "params": {"k_pid_pos": [0.7021713995049194, 0.003393731289899842, 0.00645709793373159], "k_pid_alt": [1.9316452196577307, 0.00013970052668690327, 0.0018373284945608463], "k_pid_att": [37.472826613467774, 5.629645683863586, 0.8342336901978386], "k_pid_yaw": [0.5, 1e-06, 0.1], "k_pid_hsp": [0.09707580260042109, 0.007010229988497328, 0.0], "k_pid_vsp": [198.10748728385454, 211.40667252071148, 0.5558370044695731]}, "datetime": {"datetime": "2025-08-20 19:26:06", "elapsed": 27221.035879850388, "delta": 16.585651874542236}, "costs": {"total_cost": 170.28208661233268, "time_cost": 70.712, "final_distance_cost": 1.785050322683783, "oscillation_cost": 23.815302902945344, "completition_cost": 0.0, "overshoot_cost": 50.51280093159636, "power_cost": 12.154103271484376, "noise_cost": 11.302829183622805, "n_waypoints_completed": 9, "tot_waypoints": 9}}
{"target": -169.23412558003278, "params": {"k_pid_pos": [0.47831360535190354, 0.00340742737527582, 0.008592720228629653], "k_pid_alt": [1.6738784406024028, 0.00016979506908219066, 0.0015015340170752734], "k_pid_att": [26.703561734148906, 7.5733624080266635, 0.7113983289657142], "k_pid_yaw": [0.5, 1e-06, 0.1], "k_pid_hsp": [0.08574550821899522, 0.005383892391184571, 0.0], "k_pid_vsp": [214.5675018409412, 276.0674211877603, 0.812544398290371]}, "datetime": {"datetime": "2025-08-20 19:26:22", "elapsed": 27237.278171300888, "delta": 16.24229145050049}, "costs": {"total_cost": 169.23412558003278, "time_cost": 73.232, "final_distance_cost": 1.8305053421015574, "oscillation_cost": 18.75717000305222, "completition_cost": 0.0, "overshoot_cost": 51.35327378970897, "power_cost": 12.318086328125, "noise_cost": 11.743090117045035, "n_waypoints_completed": 9, "tot_waypoints": 9}}
{"target": -175.17759779850596, "params": {"k_pid_pos": [0.3348771274819873, 0.005072043159060935, 0.007038512070016353], "k_pid_alt": [2.0, 0.0001237138125259849, 0.001979437638123353], "k_pid_att": [25.25765758559317, 6.422244813583371, 0.5751453213102325], "k_pid_yaw": [0.5, 1e-06, 0.1], "k_pid_hsp": [0.08520438952754707, 0.00711840904148557, 0.0], "k_pid_vsp": [287.9244298620244, 267.24380583542126, 0.7135405242042655]}, "datetime": {"datetime": "2025-08-20 19:26:40", "elapsed": 27255.43142414093, "delta": 18.153252840042114}, "costs": {"total_cost": 175.17759779850596, "time_cost": 79.312, "final_distance_cost": 1.856250843078135, "oscillation_cost": 15.840476906419115, "completition_cost": 0.0, "overshoot_cost": 52.29725344227137, "power_cost": 12.779995812988282, "noise_cost": 13.091620793749048, "n_waypoints_completed": 9, "tot_waypoints": 9}}
{"target": -170.01368494826013, "params": {"k_pid_pos": [0.5885161740870362, 0.0043046105427612495, 0.008393664072279379], "k_pid_alt": [1.703939199259046, 0.00011636224403637522, 0.0021596910002164176], "k_pid_att": [28.617657336890556, 5.777798121556169, 0.8099106030120996], "k_pid_yaw": [0.5, 1e-06, 0.1], "k_pid_hsp": [0.11636944964298997, 0.0062343023978084985, 0.0], "k_pid_vsp": [171.22460251187945, 182.43881492938377, 0.49786055945730995]}, "datetime": {"datetime": "2025-08-20 19:26:58", "elapsed": 27272.92139840126, "delta": 17.4899742603302}, "costs": {"total_cost": 170.01368494826013, "time_cost": 71.176, "final_distance_cost": 1.8368977530307318, "oscillation_cost": 22.840124030546907, "completition_cost": 0.0, "overshoot_cost": 50.24178136145166, "power_cost": 12.408671325683594, "noise_cost": 11.510210477547234, "n_waypoints_completed": 9, "tot_waypoints": 9}}
{"target": -179.82112308035394, "params": {"k_pid_pos": [0.35760126436375667, 0.005173672085268814, 0.00974925484077614], "k_pid_alt": [1.7165648681144472, 0.00011897887951076295, 0.0023465234301922686], "k_pid_att": [29.12187559630784, 8.009434470176853, 0.6647518790220365], "k_pid_yaw": [0.5, 1e-06, 0.1], "k_pid_hsp": [0.12402338142847691, 0.005560867522065638, 0.0], "k_pid_vsp": [197.01005881511344, 160.15192593834558, 0.7977985728611218]}, "datetime": {"datetime": "2025-08-20 19:27:15", "elapsed": 27290.147866010666, "delta": 17.226467609405518}, "costs": {"total_cost": 179.82112308035394, "time_cost": 80.72800000000001, "final_distance_cost": 1.8592438393321815, "oscillation_cost": 18.4670865513367, "completition_cost": 0.0, "overshoot_cost": 52.16488373266418, "power_cost": 13.045526489257814, "noise_cost": 13.556382467763063, "n_waypoints_completed": 9, "tot_waypoints": 9}}
{"target": -174.35163563720442, "params": {"k_pid_pos": [0.3773966000753421, 0.003909429483892631, 0.010922082525371503], "k_pid_alt": [1.739266780553556, 0.0001494599422851956, 0.002634916846231286], "k_pid_att": [31.849059806990663, 6.8928005374733345, 0.6993581982147737], "k_pid_yaw": [0.5, 1e-06, 0.1], "k_pid_hsp": [0.09811827962115488, 0.0064267107838261355, 0.0], "k_pid_vsp": [218.292389164532, 252.2060118352399, 1.05074427549837]}, "datetime": {"datetime": "2025-08-20 19:27:34", "elapsed": 27308.931072235107, "delta": 18.78320622444153}, "costs": {"total_cost": 174.35163563720442, "time_cost": 77.136, "final_distance_cost": 1.8481199528090373, "oscillation_cost": 17.595982402937118, "completition_cost": 0.0, "overshoot_cost": 51.876052377413345, "power_cost": 13.063176245117187, "noise_cost": 12.832304658927736, "n_waypoints_completed": 9, "tot_waypoints": 9}}
{"target": -170.20007473028463, "params": {"k_pid_pos": [0.4692231798317085, 0.004287409044648732, 0.010418105834327998], "k_pid_alt": [1.3805346414906554, 7.156331162707864e-05, 0.0022239553458474216], "k_pid_att": [29.28014773446115, 5.696583224871291, 0.7030958815241063], "k_pid_yaw": [0.5, 1e-06, 0.1], "k_pid_hsp": [0.09025109946571354, 0.005700119397432951, 0.0], "k_pid_vsp": [151.74518550407632, 216.55306125194286, 0.7357794521123903]}, "datetime": {"datetime": "2025-08-20 19:27:50", "elapsed": 27324.929760217667, "delta": 15.998687982559204}, "costs": {"total_cost": 170.20007473028463, "time_cost": 73.464, "final_distance_cost": 1.837026742425401, "oscillation_cost": 19.03544333638603, "completition_cost": 0.0, "overshoot_cost": 51.40425755714881, "power_cost": 12.595574121093751, "noise_cost": 11.863772973230631, "n_waypoints_completed": 9, "tot_waypoints": 9}}
{"target": -169.4070039566802, "params": {"k_pid_pos": [0.592575727834631, 0.004871414027669516, 0.010115206039883624], "k_pid_alt": [2.0, 0.00016077318151830835, 0.0018472385906322622], "k_pid_att": [37.94010276252454, 6.3335195231935755, 0.9383207923965357], "k_pid_yaw": [0.5, 1e-06, 0.1], "k_pid_hsp": [0.1217445087562034, 0.006208441698180304, 0.0], "k_pid_vsp": [186.81357130558766, 311.9815717133203, 0.982470888171798]}, "datetime": {"datetime": "2025-08-20 19:28:08", "elapsed": 27342.749524831772, "delta": 17.819764614105225}, "costs": {"total_cost": 169.4070039566802, "time_cost": 71.248, "final_distance_cost": 1.828401489271652, "oscillation_cost": 22.6683555164378, "completition_cost": 0.0, "overshoot_cost": 50.18860009513066, "power_cost": 12.112913378906251, "noise_cost": 11.360733476933842, "n_waypoints_completed": 9, "tot_waypoints": 9}}
{"target": -170.35056307843914, "params": {"k_pid_pos": [0.46775870412568704, 0.0035252483014172943, 0.010025669455568735], "k_pid_alt": [2.0, 0.00011055077959029021, 0.0017213924287820676], "k_pid_att": [27.82766065601113, 6.421440044094909, 0.5912333006004898], "k_pid_yaw": [0.5, 1e-06, 0.1], "k_pid_hsp": [0.10982640549575824, 0.004823243655311347, 0.0], "k_pid_vsp": [276.45777931157545, 178.7477763009051, 0.9467028641982894]}, "datetime": {"datetime": "2025-08-20 19:28:25", "elapsed": 27359.943022966385, "delta": 17.193498134613037}, "costs": {"total_cost": 170.35056307843914, "time_cost": 73.624, "final_distance_cost": 1.8395832523130282, "oscillation_cost": 19.528473048443306, "completition_cost": 0.0, "overshoot_cost": 51.22972778295255, "power_cost": 12.2992111328125, "noise_cost": 11.829567861917749, "n_waypoints_completed": 9, "tot_waypoints": 9}}
{"target": -171.31596620777358, "params": {"k_pid_pos": [0.6306786862545352, 0.0035577026471292146, 0.009841991958950594], "k_pid_alt": [1.4855144945582126, 0.00014237535255488205, 0.002414009925807918], "k_pid_att": [27.656706180486722, 7.023288819103988, 0.5574295138087721], "k_pid_yaw": [0.5, 1e-06, 0.1], "k_pid_hsp": [0.08240970865193264, 0.009070114101893106, 0.0], "k_pid_vsp": [230.43312949357554, 201.63995148645117, 0.7341210944754449]}, "datetime": {"datetime": "2025-08-20 19:28:41", "elapsed": 27375.564966201782, "delta": 15.621943235397339}, "costs": {"total_cost": 171.31596620777358, "time_cost": 72.36, "final_distance_cost": 1.8053711398224563, "oscillation_cost": 22.221344582519947, "completition_cost": 0.0, "overshoot_cost": 50.72801392490204, "power_cost": 12.622624792480469, "noise_cost": 11.578611768048649, "n_waypoints_completed": 9, "tot_waypoints": 9}}
{"target": -169.24238123337446, "params": {"k_pid_pos": [0.5887373299418523, 0.003853960991414601, 0.010850149783693723], "k_pid_alt": [2.0, 0.0001329838013389001, 0.0015210839800489668], "k_pid_att": [36.310518957993686, 7.306327738926432, 0.5328795576829837], "k_pid_yaw": [0.5, 1e-06, 0.1], "k_pid_hsp": [0.10369833149434755, 0.007386396875034199, 0.0], "k_pid_vsp": [134.9094857261164, 225.4342194708654, 0.9865739251698208]}, "datetime": {"datetime": "2025-08-20 19:28:57", "elapsed": 27391.8531062603, "delta": 16.288140058517456}, "costs": {"total_cost": 169.24238123337446, "time_cost": 71.34400000000001, "final_distance_cost": 1.8190076450714254, "oscillation_cost": 22.39088108183464, "completition_cost": 0.0, "overshoot_cost": 50.71141187902751, "power_cost": 11.687596545410157, "noise_cost": 11.289484082030716, "n_waypoints_completed": 9, "tot_waypoints": 9}}
{"target": -169.47597940900636, "params": {"k_pid_pos": [0.5925358521306682, 0.0025598939673146088, 0.010141739727340046], "k_pid_alt": [1.820031262634381, 0.00017371254890420054, 0.0019065411575541124], "k_pid_att": [32.15104392654556, 6.4173906026513166, 0.5497088913468337], "k_pid_yaw": [0.5, 1e-06, 0.1], "k_pid_hsp": [0.10344371709432432, 0.007405805584955553, 0.0], "k_pid_vsp": [228.7481268416557, 164.92208396475837, 0.8594412036805531]}, "datetime": {"datetime": "2025-08-20 19:29:12", "elapsed": 27407.163709163666, "delta": 15.310602903366089}, "costs": {"total_cost": 169.47597940900636, "time_cost": 71.224, "final_distance_cost": 1.8100073131350822, "oscillation_cost": 21.908807210033284, "completition_cost": 0.0, "overshoot_cost": 50.75979581876386, "power_cost": 12.353966467285156, "noise_cost": 11.419402599788953, "n_waypoints_completed": 9, "tot_waypoints": 9}}
{"target": -169.52124042987606, "params": {"k_pid_pos": [0.5377627864976859, 0.002281785145538524, 0.006898667869016606], "k_pid_alt": [1.7869008155839408, 0.0001504883501808728, 0.002322556011179384], "k_pid_att": [37.665880572208806, 5.597246336220187, 0.5994960370157141], "k_pid_yaw": [0.5, 1e-06, 0.1], "k_pid_hsp": [0.09878950610781, 0.010531637352227717, 0.0], "k_pid_vsp": [254.5884390878305, 205.54717023098183, 0.7516892069103073]}, "datetime": {"datetime": "2025-08-20 19:29:29", "elapsed": 27423.62106537819, "delta": 16.457356214523315}, "costs": {"total_cost": 169.52124042987606, "time_cost": 71.83200000000001, "final_distance_cost": 1.8313939603312681, "oscillation_cost": 21.074079581872798, "completition_cost": 0.0, "overshoot_cost": 50.93882887850716, "power_cost": 12.316892065429688, "noise_cost": 11.528045943735124, "n_waypoints_completed": 9, "tot_waypoints": 9}}
