{"target": -207.6328056030723, "params": {"k_pid_pos": [0.7170145197931372, 0.0039869625847241885, 0.015562956576509863], "k_pid_alt": [1.9239361059410889, 0.00012251503496430602, 0.0011203433459318873], "k_pid_att": [29.354906945694, 6.666829146665638, 0.750153432854229], "k_pid_yaw": [0.5, 1e-06, 0.1], "k_pid_hsp": [0.03302750894883191, 0.00438237254448205, 0.0], "k_pid_vsp": [249.12414010069165, 163.17436229201965, 1.0856804968112062]}, "datetime": {"datetime": "2025-08-20 18:47:17", "elapsed": 24892.263345003128, "delta": 21.57481026649475}, "costs": {"total_cost": 207.6328056030723, "time_cost": 99.264, "final_distance_cost": 1.7899168371221374, "oscillation_cost": 15.377250965986692, "completition_cost": 0.0, "overshoot_cost": 60.84273094136207, "power_cost": 15.257303588867188, "noise_cost": 15.101603269734238, "n_waypoints_completed": 9, "tot_waypoints": 9}}
{"target": -169.66958212715576, "params": {"k_pid_pos": [0.5063719644414651, 0.002545626520948453, 0.011894117919785693], "k_pid_alt": [1.1332583524697202, 0.00018062135667146282, 0.0007974097208560743], "k_pid_att": [39.319839348020764, 9.514944270631608, 0.7994204868925111], "k_pid_yaw": [0.5, 1e-06, 0.1], "k_pid_hsp": [0.09890525534167956, 0.004152494825595766, 0.0], "k_pid_vsp": [248.2917364069017, 203.22253472633983, 0.5256919209682185]}, "datetime": {"datetime": "2025-08-20 18:47:34", "elapsed": 24909.090997219086, "delta": 16.82765221595764}, "costs": {"total_cost": 169.66958212715576, "time_cost": 73.19200000000001, "final_distance_cost": 1.8380264436258087, "oscillation_cost": 19.842093415624642, "completition_cost": 0.0, "overshoot_cost": 50.82722690998571, "power_cost": 12.283832250976563, "noise_cost": 11.686403106943018, "n_waypoints_completed": 9, "tot_waypoints": 9}}
{"target": -169.2065669940267, "params": {"k_pid_pos": [0.7046884918008751, 0.003763852572735739, 0.011753996983409029], "k_pid_alt": [1.3610850847831146, 0.00015457559410234596, 0.00043588059359916405], "k_pid_att": [38.37330467028515, 8.315726111337327, 0.7696036725386445], "k_pid_yaw": [0.5, 1e-06, 0.1], "k_pid_hsp": [0.10922026577336501, 0.006069982814815237, 0.0], "k_pid_vsp": [299.4941024166868, 220.52062945712464, 0.7873036353200163]}, "datetime": {"datetime": "2025-08-20 18:47:50", "elapsed": 24925.42413210869, "delta": 16.33313488960266}, "costs": {"total_cost": 169.2065669940267, "time_cost": 70.456, "final_distance_cost": 1.8191886536585664, "oscillation_cost": 23.605365098535348, "completition_cost": 0.0, "overshoot_cost": 50.526275015499415, "power_cost": 11.726749169921876, "noise_cost": 11.072989056411501, "n_waypoints_completed": 9, "tot_waypoints": 9}}
{"target": -170.37531754206842, "params": {"k_pid_pos": [0.6462145629997109, 0.003385941696422345, 0.01710111077157113], "k_pid_alt": [2.0, 6.282660443424048e-05, 0.0012318063058216146], "k_pid_att": [39.08386329792715, 9.474009126537702, 0.730410985953515], "k_pid_yaw": [0.5, 1e-06, 0.1], "k_pid_hsp": [0.13718703712280722, 0.006874326006649149, 0.0], "k_pid_vsp": [151.691672340449, 108.09767217989462, 0.8978865828349312]}, "datetime": {"datetime": "2025-08-20 18:48:06", "elapsed": 24940.850734949112, "delta": 15.426602840423584}, "costs": {"total_cost": 170.37531754206842, "time_cost": 71.008, "final_distance_cost": 1.8354090798068936, "oscillation_cost": 23.83367438455232, "completition_cost": 0.0, "overshoot_cost": 50.80784176002434, "power_cost": 11.643362438964845, "noise_cost": 11.247029878720008, "n_waypoints_completed": 9, "tot_waypoints": 9}}
{"target": -170.20172440624864, "params": {"k_pid_pos": [0.43902451050329655, 0.0050014563813317115, 0.013276992215056925], "k_pid_alt": [2.0, 0.00018276063861796072, 0.001820635031381396], "k_pid_att": [40.154078688998794, 8.159950139834622, 0.7291412390319864], "k_pid_yaw": [0.5, 1e-06, 0.1], "k_pid_hsp": [0.09194018830871742, 0.005170357600770777, 0.0], "k_pid_vsp": [232.70210584850452, 227.6541745042051, 0.691991531856702]}, "datetime": {"datetime": "2025-08-20 18:48:23", "elapsed": 24957.91112446785, "delta": 17.060389518737793}, "costs": {"total_cost": 170.20172440624864, "time_cost": 74.184, "final_distance_cost": 1.8325495534423026, "oscillation_cost": 17.91172140055129, "completition_cost": 0.0, "overshoot_cost": 51.89528117941971, "power_cost": 12.330641796875, "noise_cost": 12.047530475960343, "n_waypoints_completed": 9, "tot_waypoints": 9}}
{"target": -173.60129748144806, "params": {"k_pid_pos": [0.5351477644296286, 0.00347448458674701, 0.010279947406340884], "k_pid_alt": [1.761535338364841, 0.0001555395325673025, 0.0011807710698076418], "k_pid_att": [24.9568021173346, 10.0, 0.6594589417219415], "k_pid_yaw": [0.5, 1e-06, 0.1], "k_pid_hsp": [0.06253723304416502, 0.004208918685212111, 0.0], "k_pid_vsp": [189.26691085213383, 157.59558505201733, 0.6915883765085059]}, "datetime": {"datetime": "2025-08-20 18:48:40", "elapsed": 24975.082512378693, "delta": 17.171387910842896}, "costs": {"total_cost": 173.60129748144806, "time_cost": 76.688, "final_distance_cost": 1.7880621096862326, "oscillation_cost": 18.0192881881499, "completition_cost": 0.0, "overshoot_cost": 52.74627707981848, "power_cost": 12.318074975585938, "noise_cost": 12.041595128207494, "n_waypoints_completed": 9, "tot_waypoints": 9}}
{"target": -168.86551382464688, "params": {"k_pid_pos": [0.5921456494114069, 0.004066950238451413, 0.006500770533979153], "k_pid_alt": [2.0, 0.0001558487721148622, 0.0005055075914910692], "k_pid_att": [33.55800997900584, 10.0, 0.6139835909553265], "k_pid_yaw": [0.5, 1e-06, 0.1], "k_pid_hsp": [0.08973275789636752, 0.00501600560977591, 0.0], "k_pid_vsp": [258.4807402495201, 114.63452053722101, 0.8115300196856513]}, "datetime": {"datetime": "2025-08-20 18:48:56", "elapsed": 24990.914475917816, "delta": 15.831963539123535}, "costs": {"total_cost": 168.86551382464688, "time_cost": 71.984, "final_distance_cost": 1.826946394711156, "oscillation_cost": 21.12072917750544, "completition_cost": 0.0, "overshoot_cost": 50.966359308691, "power_cost": 11.675255163574219, "noise_cost": 11.292223780165093, "n_waypoints_completed": 9, "tot_waypoints": 9}}
{"target": -168.58763187975407, "params": {"k_pid_pos": [0.536761172568474, 0.0027323365601232934, 0.006390204892284944], "k_pid_alt": [1.961189600347182, 9.97346407465046e-05, 0.0012568555607681998], "k_pid_att": [34.50533847151236, 7.124681175789949, 0.7216925704831446], "k_pid_yaw": [0.5, 1e-06, 0.1], "k_pid_hsp": [0.10424793850210186, 0.005722553664412652, 0.0], "k_pid_vsp": [282.8849741094785, 219.01213811516547, 0.8465060643686223]}, "datetime": {"datetime": "2025-08-20 18:49:12", "elapsed": 25007.4952981472, "delta": 16.580822229385376}, "costs": {"total_cost": 168.58763187975407, "time_cost": 71.984, "final_distance_cost": 1.8292602999369174, "oscillation_cost": 20.605243202429378, "completition_cost": 0.0, "overshoot_cost": 50.99901542425665, "power_cost": 11.821357238769531, "noise_cost": 11.348755714361593, "n_waypoints_completed": 9, "tot_waypoints": 9}}
{"target": -175.80894149549815, "params": {"k_pid_pos": [0.8319436658765874, 0.002011241459043444, 0.01026450850444743], "k_pid_alt": [2.0, 0.00011167128602518687, 0.001945228985434578], "k_pid_att": [46.6788291550779, 8.222995588435486, 0.728092093534103], "k_pid_yaw": [0.5, 1e-06, 0.1], "k_pid_hsp": [0.0719791129402801, 0.0033951647364867665, 0.0], "k_pid_vsp": [188.62724765375063, 161.06956845642523, 0.6236542780602854]}, "datetime": {"datetime": "2025-08-20 18:49:28", "elapsed": 25023.4582695961, "delta": 15.962971448898315}, "costs": {"total_cost": 175.80894149549815, "time_cost": 73.672, "final_distance_cost": 1.7947514733371177, "oscillation_cost": 23.96044923820023, "completition_cost": 0.0, "overshoot_cost": 52.160780751215206, "power_cost": 12.566106677246095, "noise_cost": 11.654853355499503, "n_waypoints_completed": 9, "tot_waypoints": 9}}
{"target": -171.81896453054094, "params": {"k_pid_pos": [0.6876873698930025, 0.003926861367976671, 0.01792279470072966], "k_pid_alt": [2.0, 0.00014523529716768834, 0.0007957439817425065], "k_pid_att": [49.845690696981585, 6.645030882924263, 0.5414923739319256], "k_pid_yaw": [0.5, 1e-06, 0.1], "k_pid_hsp": [0.07974352984814398, 0.005035389124707434, 0.0], "k_pid_vsp": [214.72098785650834, 150.53134364697044, 0.7111623398876944]}, "datetime": {"datetime": "2025-08-20 18:49:45", "elapsed": 25039.97711133957, "delta": 16.51884174346924}, "costs": {"total_cost": 171.81896453054094, "time_cost": 72.424, "final_distance_cost": 1.79417274354288, "oscillation_cost": 22.005447644735156, "completition_cost": 0.0, "overshoot_cost": 51.779820291971305, "power_cost": 12.278524389648439, "noise_cost": 11.536999460643141, "n_waypoints_completed": 9, "tot_waypoints": 9}}
{"target": -169.84004077357787, "params": {"k_pid_pos": [0.5756578125960189, 0.0037160237151262153, 0.008896675514368409], "k_pid_alt": [1.7214662233651346, 0.00010336173772846327, 0.0012824484429261457], "k_pid_att": [40.97545965110229, 8.394959456908978, 0.46498362773808166], "k_pid_yaw": [0.5, 1e-06, 0.1], "k_pid_hsp": [0.10098565363316452, 0.00398601646412448, 0.0], "k_pid_vsp": [175.46014616123125, 237.03991856251977, 0.6666836785616178]}, "datetime": {"datetime": "2025-08-20 18:50:02", "elapsed": 25056.568472385406, "delta": 16.591361045837402}, "costs": {"total_cost": 169.84004077357787, "time_cost": 71.584, "final_distance_cost": 1.810861404117838, "oscillation_cost": 21.172079515850665, "completition_cost": 0.0, "overshoot_cost": 51.116991842866035, "power_cost": 12.533613684082033, "noise_cost": 11.622494326661263, "n_waypoints_completed": 9, "tot_waypoints": 9}}
{"target": -169.90703268272568, "params": {"k_pid_pos": [0.601994699017096, 0.002511318058954344, 0.0092144402666256], "k_pid_alt": [1.0604392992252374, 0.00010508909323658749, 0.0009805563486176944], "k_pid_att": [49.55952431527856, 10.0, 0.6933972523817759], "k_pid_yaw": [0.5, 1e-06, 0.1], "k_pid_hsp": [0.08560933600971253, 0.007300809799439032, 0.0], "k_pid_vsp": [177.39887834354053, 115.36127846196659, 0.9073080444281608]}, "datetime": {"datetime": "2025-08-20 18:50:17", "elapsed": 25071.983997821808, "delta": 15.415525436401367}, "costs": {"total_cost": 169.90703268272568, "time_cost": 72.504, "final_distance_cost": 1.8260738563726033, "oscillation_cost": 21.301714103412, "completition_cost": 0.0, "overshoot_cost": 50.81140097092274, "power_cost": 12.040296740722656, "noise_cost": 11.423547011295677, "n_waypoints_completed": 9, "tot_waypoints": 9}}
{"target": -168.98549814754662, "params": {"k_pid_pos": [0.5754565824416735, 0.0038482423924665085, 0.011605808605172149], "k_pid_alt": [1.7863772141521193, 0.0001269141775949703, 0.0013239289260927156], "k_pid_att": [32.75802841238381, 7.815397263836561, 0.719996271557549], "k_pid_yaw": [0.5, 1e-06, 0.1], "k_pid_hsp": [0.09931730133070543, 0.002678227568867455, 0.0], "k_pid_vsp": [310.1738029156736, 170.05071548044887, 0.6328755607186853]}, "datetime": {"datetime": "2025-08-20 18:50:35", "elapsed": 25090.359000444412, "delta": 18.37500262260437}, "costs": {"total_cost": 168.98549814754662, "time_cost": 71.816, "final_distance_cost": 1.8283340577446319, "oscillation_cost": 21.06063857806134, "completition_cost": 0.0, "overshoot_cost": 51.3031652022938, "power_cost": 11.614800646972657, "noise_cost": 11.362559662474188, "n_waypoints_completed": 9, "tot_waypoints": 9}}
{"target": -170.31604717169796, "params": {"k_pid_pos": [0.6293574970419932, 0.001354304220944503, 0.01173936441117541], "k_pid_alt": [1.6956545202283582, 0.00018156660581096422, 0.0016862906862125271], "k_pid_att": [32.14971907159583, 10.0, 0.7971604545611798], "k_pid_yaw": [0.5, 1e-06, 0.1], "k_pid_hsp": [0.079194551165656, 0.0017573792086867338, 0.0], "k_pid_vsp": [203.07258255351107, 240.9772727341243, 0.4698764441540995]}, "datetime": {"datetime": "2025-08-20 18:50:51", "elapsed": 25106.062741041183, "delta": 15.70374059677124}, "costs": {"total_cost": 170.31604717169796, "time_cost": 72.496, "final_distance_cost": 1.8127292690817896, "oscillation_cost": 20.514577848060256, "completition_cost": 0.0, "overshoot_cost": 51.38240356452095, "power_cost": 12.44101473388672, "noise_cost": 11.669321756148245, "n_waypoints_completed": 9, "tot_waypoints": 9}}
{"target": -173.97147355036873, "params": {"k_pid_pos": [0.4466490576861623, 0.004025898758767231, 0.01007273050806883], "k_pid_alt": [1.4798227954032364, 0.00011567024149304938, 0.0011826153360481745], "k_pid_att": [29.56763401231161, 10.0, 0.9325002597560085], "k_pid_yaw": [0.5, 1e-06, 0.1], "k_pid_hsp": [0.06281924357990563, 0.00571444316050625, 0.0], "k_pid_vsp": [216.83507233358637, 162.36097896304395, 0.7602602255929142]}, "datetime": {"datetime": "2025-08-20 18:51:09", "elapsed": 25123.8518345356, "delta": 17.789093494415283}, "costs": {"total_cost": 173.97147355036873, "time_cost": 77.432, "final_distance_cost": 1.8034872686958947, "oscillation_cost": 16.112650085990563, "completition_cost": 0.0, "overshoot_cost": 53.3482756681568, "power_cost": 12.848832641601563, "noise_cost": 12.426227885923865, "n_waypoints_completed": 9, "tot_waypoints": 9}}
{"target": -175.08452687150302, "params": {"k_pid_pos": [0.39642779521209376, 0.0036556538307644247, 0.008455698138747731], "k_pid_alt": [1.5635714150075952, 0.00011781216998997707, 0.0013790554442774485], "k_pid_att": [20.09307280494154, 8.949035634351816, 0.6478643932950603], "k_pid_yaw": [0.5, 1e-06, 0.1], "k_pid_hsp": [0.11216502639407144, 0.004854751115953465, 0.0], "k_pid_vsp": [112.34618387116278, 151.8575800992169, 0.7862236194054447]}, "datetime": {"datetime": "2025-08-20 18:51:26", "elapsed": 25141.25172472, "delta": 17.399890184402466}, "costs": {"total_cost": 175.08452687150302, "time_cost": 76.72, "final_distance_cost": 1.8503030364497173, "oscillation_cost": 19.046032332117793, "completition_cost": 0.0, "overshoot_cost": 51.30380669685525, "power_cost": 13.344220776367187, "noise_cost": 12.820164029713084, "n_waypoints_completed": 9, "tot_waypoints": 9}}
{"target": -169.09069959702006, "params": {"k_pid_pos": [0.5187765839267432, 0.0029040982627773714, 0.012701052331942046], "k_pid_alt": [1.4795258651356875, 0.00016118852404527236, 0.0013514954220700947], "k_pid_att": [28.54673624834562, 8.388855306378296, 0.8011433768276502], "k_pid_yaw": [0.5, 1e-06, 0.1], "k_pid_hsp": [0.08902427711364831, 0.002503285055507162, 0.0], "k_pid_vsp": [264.4985295591324, 168.5702397704198, 0.6460949548066521]}, "datetime": {"datetime": "2025-08-20 18:51:42", "elapsed": 25157.0055642128, "delta": 15.753839492797852}, "costs": {"total_cost": 169.09069959702006, "time_cost": 72.904, "final_distance_cost": 1.8155702373495357, "oscillation_cost": 19.174558918526184, "completition_cost": 0.0, "overshoot_cost": 51.475881444175066, "power_cost": 12.025269934082031, "noise_cost": 11.695419062887243, "n_waypoints_completed": 9, "tot_waypoints": 9}}
{"target": -190.75364812958065, "params": {"k_pid_pos": [0.2677650658445599, 0.004043457472822074, 0.012056507415075855], "k_pid_alt": [1.6677608948559106, 0.000245389417749322, 0.0012106444511696599], "k_pid_att": [38.17950937377158, 4.217787093494394, 0.603052804053271], "k_pid_yaw": [0.5, 1e-06, 0.1], "k_pid_hsp": [0.08415742306372592, 0.005053593832136427, 0.0], "k_pid_vsp": [249.62086163824074, 179.59826237219536, 0.5667985175334406]}, "datetime": {"datetime": "2025-08-20 18:52:02", "elapsed": 25177.32069849968, "delta": 20.315134286880493}, "costs": {"total_cost": 190.75364812958065, "time_cost": 90.4, "final_distance_cost": 1.8606745101993891, "oscillation_cost": 13.956110340718617, "completition_cost": 0.0, "overshoot_cost": 54.06725007000514, "power_cost": 14.652921362304689, "noise_cost": 15.816691846352816, "n_waypoints_completed": 9, "tot_waypoints": 9}}
{"target": -170.7048347762969, "params": {"k_pid_pos": [0.6977397638280348, 0.004675508829785938, 0.009629118871462434], "k_pid_alt": [1.9160269217875487, 0.00015381957695409967, 0.0011260990559181976], "k_pid_att": [41.98290211777449, 10.0, 0.6627442072222568], "k_pid_yaw": [0.5, 1e-06, 0.1], "k_pid_hsp": [0.13538368109521806, 0.005784306688248403, 0.0], "k_pid_vsp": [125.6629309165932, 171.02493242991963, 0.6226948914219673]}, "datetime": {"datetime": "2025-08-20 18:52:18", "elapsed": 25193.45835185051, "delta": 16.137653350830078}, "costs": {"total_cost": 170.7048347762969, "time_cost": 70.44, "final_distance_cost": 1.8116044345247089, "oscillation_cost": 24.45845661247103, "completition_cost": 0.0, "overshoot_cost": 50.05609392335531, "power_cost": 12.49054490966797, "noise_cost": 11.448134896277907, "n_waypoints_completed": 9, "tot_waypoints": 9}}
{"target": -171.67604412104953, "params": {"k_pid_pos": [0.45052155283862216, 0.00329785037313486, 0.009496850901578128], "k_pid_alt": [2.0, 0.00011592576852797186, 0.0017118249858150162], "k_pid_att": [47.736248508450196, 7.5468724485970755, 0.693364686304658], "k_pid_yaw": [0.5, 1e-06, 0.1], "k_pid_hsp": [0.10749783256846213, 0.003497950724581539, 0.0], "k_pid_vsp": [272.82641441213923, 127.33051964363437, 0.8352231311271084]}, "datetime": {"datetime": "2025-08-20 18:52:35", "elapsed": 25209.64130949974, "delta": 16.182957649230957}, "costs": {"total_cost": 171.67604412104953, "time_cost": 74.336, "final_distance_cost": 1.8401798043434046, "oscillation_cost": 18.886921139051378, "completition_cost": 0.0, "overshoot_cost": 51.87340369889401, "power_cost": 12.578533288574219, "noise_cost": 12.161006190186496, "n_waypoints_completed": 9, "tot_waypoints": 9}}
{"target": -195.05920165970983, "params": {"k_pid_pos": [0.6012299367338041, 0.003123677320896143, 0.011708905726145767], "k_pid_alt": [1.278114230151981, 0.00011347007519371281, 0.0011018276472089196], "k_pid_att": [43.52969542313705, 8.142504568138174, 0.7259055199684804], "k_pid_yaw": [0.5, 1e-06, 0.1], "k_pid_hsp": [0.04230889972884052, 0.004163291748402562, 0.0], "k_pid_vsp": [320.1449790860756, 168.75375937321306, 0.41538703580760616]}, "datetime": {"datetime": "2025-08-20 18:52:56", "elapsed": 25230.512244701385, "delta": 20.870935201644897}, "costs": {"total_cost": 195.05920165970983, "time_cost": 91.72800000000001, "final_distance_cost": 1.7633578361887774, "oscillation_cost": 15.750227758261792, "completition_cost": 0.0, "overshoot_cost": 57.2266397189851, "power_cost": 14.444256115722657, "noise_cost": 14.146720230551516, "n_waypoints_completed": 9, "tot_waypoints": 9}}
{"target": -171.0595531836188, "params": {"k_pid_pos": [0.5150190256768851, 0.0027921158170637742, 0.012361555689072505], "k_pid_alt": [1.9843651129154118, 0.0001274333302926871, 0.0008553849569274927], "k_pid_att": [30.09189388914588, 10.0, 0.6569687982187173], "k_pid_yaw": [0.5, 1e-06, 0.1], "k_pid_hsp": [0.11565703080283159, 0.0045352993677207085, 0.0], "k_pid_vsp": [276.77430919824576, 181.9278977364023, 0.4960379777795462]}, "datetime": {"datetime": "2025-08-20 18:53:13", "elapsed": 25247.918944597244, "delta": 17.406699895858765}, "costs": {"total_cost": 171.0595531836188, "time_cost": 72.584, "final_distance_cost": 1.8434232061835214, "oscillation_cost": 21.188292895056343, "completition_cost": 0.0, "overshoot_cost": 50.97653954308546, "power_cost": 12.6157748046875, "noise_cost": 11.851522734605961, "n_waypoints_completed": 9, "tot_waypoints": 9}}
{"target": -170.92840682430256, "params": {"k_pid_pos": [0.596651210052685, 0.0031015503500891896, 0.011964358290054712], "k_pid_alt": [1.269123637836376, 0.0001401756450853576, 0.0012439842266129557], "k_pid_att": [24.363070441326084, 7.061057143034572, 0.7824287571705018], "k_pid_yaw": [0.5, 1e-06, 0.1], "k_pid_hsp": [0.10938874657704462, 0.0031430100987827714, 0.0], "k_pid_vsp": [157.82904418108356, 170.47816325981785, 0.5614580565059252]}, "datetime": {"datetime": "2025-08-20 18:53:29", "elapsed": 25263.71621990204, "delta": 15.797275304794312}, "costs": {"total_cost": 170.92840682430256, "time_cost": 71.552, "final_distance_cost": 1.8254928011300637, "oscillation_cost": 22.452007406299234, "completition_cost": 0.0, "overshoot_cost": 50.80140202482712, "power_cost": 12.65211092529297, "noise_cost": 11.645393666753177, "n_waypoints_completed": 9, "tot_waypoints": 9}}
{"target": -170.24008125531165, "params": {"k_pid_pos": [0.4272107093951445, 0.004650797429665552, 0.011579828486586946], "k_pid_alt": [2.0, 0.00010475063099657294, 0.001295858565793147], "k_pid_att": [43.29930365923158, 8.304723145227578, 0.6818684519892363], "k_pid_yaw": [0.5, 1e-06, 0.1], "k_pid_hsp": [0.07412946170547598, 0.0033049432651156177, 0.0], "k_pid_vsp": [384.34880743397093, 197.85470993892113, 0.8332181970301521]}, "datetime": {"datetime": "2025-08-20 18:53:47", "elapsed": 25281.781029462814, "delta": 18.064809560775757}, "costs": {"total_cost": 170.24008125531165, "time_cost": 75.328, "final_distance_cost": 1.8199446991535526, "oscillation_cost": 16.27574760321869, "completition_cost": 0.0, "overshoot_cost": 52.558767327986665, "power_cost": 12.287361633300781, "noise_cost": 11.970259991651972, "n_waypoints_completed": 9, "tot_waypoints": 9}}
{"target": -168.80035155554833, "params": {"k_pid_pos": [0.5053997354303971, 0.002116179044615125, 0.01659482550417021], "k_pid_alt": [2.0, 0.0001502619943394293, 0.0009427690453282308], "k_pid_att": [32.973987741772284, 8.083405598853183, 0.6940535553274682], "k_pid_yaw": [0.5, 1e-06, 0.1], "k_pid_hsp": [0.07730031676389437, 0.004674257363537659, 0.0], "k_pid_vsp": [251.80386009773133, 141.0512174851722, 0.7630491167796749]}, "datetime": {"datetime": "2025-08-20 18:54:03", "elapsed": 25297.777542114258, "delta": 15.996512651443481}, "costs": {"total_cost": 168.80035155554833, "time_cost": 73.584, "final_distance_cost": 1.806202670063928, "oscillation_cost": 18.402796911614658, "completition_cost": 0.0, "overshoot_cost": 51.71379809169644, "power_cost": 11.757356201171875, "noise_cost": 11.536197681001434, "n_waypoints_completed": 9, "tot_waypoints": 9}}
