{"target": -176.7274619222265, "params": {"k_pid_pos": [0.9971077533336364, 0.03110300520409807, 0.2642910527003898], "k_pid_alt": [2.0, 0.0002158942961328974, 0.2887492027056682], "k_pid_att": [20.398159602896285, 2.7317269332814234, 1.0], "k_pid_yaw": [0.5, 1e-06, 0.1], "k_pid_hsp": [0.4123811816212311, 0.09012106349642002, 0.0], "k_pid_vsp": [196.20159333099477, 128.19482554488832, 7.347026774865648]}, "datetime": {"datetime": "2025-08-20 14:21:46", "elapsed": 8960.76694226265, "delta": 16.050045013427734}, "costs": {"total_cost": 176.7274619222265, "time_cost": 69.976, "final_distance_cost": 1.8411316239253044, "oscillation_cost": 30.0033228772477, "completition_cost": 0.0, "overshoot_cost": 49.983611572913425, "power_cost": 13.038006152343751, "noise_cost": 11.885389695796341, "n_waypoints_completed": 9, "tot_waypoints": 9}}
{"target": -192.22038917762995, "params": {"k_pid_pos": [1.8783316494506028, 0.004469507462656309, 0.21985083853907184], "k_pid_alt": [2.0, 0.0001397004553146241, 0.44111380571751635], "k_pid_att": [37.72710948493302, 2.277827020746058, 1.0], "k_pid_yaw": [0.5, 1e-06, 0.1], "k_pid_hsp": [1.1117548450783448, 0.033627118312712034, 0.0], "k_pid_vsp": [359.13500292268645, 134.20474801471718, 11.378611207171678]}, "datetime": {"datetime": "2025-08-20 14:22:02", "elapsed": 8976.752246379852, "delta": 15.985304117202759}, "costs": {"total_cost": 192.22038917762995, "time_cost": 68.656, "final_distance_cost": 1.786829047422099, "oscillation_cost": 40.10903149725533, "completition_cost": 0.0, "overshoot_cost": 50.10199927853681, "power_cost": 18.205162145996095, "noise_cost": 13.361367208419594, "n_waypoints_completed": 9, "tot_waypoints": 9}}
{"target": -179.5960777284468, "params": {"k_pid_pos": [1.3341672138065548, 0.01567613923606306, 0.3600782076486963], "k_pid_alt": [0.8322841699310501, 0.000153590593040023, 0.18059274339273926], "k_pid_att": [38.331161865709184, 4.57536662047464, 0.2218301276741673], "k_pid_yaw": [0.5, 1e-06, 0.1], "k_pid_hsp": [0.5437376187228774, 0.0, 0.0], "k_pid_vsp": [277.67977070621913, 195.1248998515939, 4.6029723609821405]}, "datetime": {"datetime": "2025-08-20 14:22:18", "elapsed": 8993.16944527626, "delta": 16.41719889640808}, "costs": {"total_cost": 179.5960777284468, "time_cost": 72.136, "final_distance_cost": 1.8359863196356323, "oscillation_cost": 31.217446416628164, "completition_cost": 0.0, "overshoot_cost": 49.39677096031088, "power_cost": 13.113250939941407, "noise_cost": 11.896623091930746, "n_waypoints_completed": 9, "tot_waypoints": 9}}
{"target": -177.95643092976044, "params": {"k_pid_pos": [1.2446082503736136, 0.020585409834426926, 0.13189507283476867], "k_pid_alt": [2.0, 0.00021180836394686103, 0.0], "k_pid_att": [58.91616890014427, 5.767837865920664, 0.7966731091881054], "k_pid_yaw": [0.5, 1e-06, 0.1], "k_pid_hsp": [1.2076130204704585, 0.1185162898609105, 0.0], "k_pid_vsp": [376.8116475624217, 269.95236381384916, 1e-06]}, "datetime": {"datetime": "2025-08-20 14:22:34", "elapsed": 9008.753360271454, "delta": 15.583914995193481}, "costs": {"total_cost": 177.95643092976044, "time_cost": 69.176, "final_distance_cost": 1.8357276701110359, "oscillation_cost": 33.307791584049994, "completition_cost": 0.0, "overshoot_cost": 49.84414321713538, "power_cost": 12.3647498046875, "noise_cost": 11.428018653776508, "n_waypoints_completed": 9, "tot_waypoints": 9}}
{"target": -203.20967612425284, "params": {"k_pid_pos": [0.6642105897078278, 0.006941346542008157, 0.6924863892859071], "k_pid_alt": [1.4378404550259827, 0.00016918794150191504, 0.16798639435176765], "k_pid_att": [94.26430605493329, 4.954909638085627, 1.0], "k_pid_yaw": [0.5, 1e-06, 0.1], "k_pid_hsp": [0.7963469287903129, 0.0, 0.0], "k_pid_vsp": [335.61060843797765, 176.18233820043488, 2.9459542396959857]}, "datetime": {"datetime": "2025-08-20 14:22:55", "elapsed": 9030.12138080597, "delta": 21.36802053451538}, "costs": {"total_cost": 203.20967612425284, "time_cost": 89.264, "final_distance_cost": 1.8544130033278792, "oscillation_cost": 29.256527011483815, "completition_cost": 0.0, "overshoot_cost": 52.8577159702061, "power_cost": 14.688950524902344, "noise_cost": 15.288069614332699, "n_waypoints_completed": 9, "tot_waypoints": 9}}
{"target": -1357.7591276737369, "params": {"k_pid_pos": [1.6749487448740314, 0.027784793702291154, 0.24006350796686562], "k_pid_alt": [0.0, 0.00023861695445964474, 0.10885168979500626], "k_pid_att": [27.490218818202944, 2.949578551525672, 1.0], "k_pid_yaw": [0.5, 1e-06, 0.1], "k_pid_hsp": [0.7739756955830893, 0.06618683461117453, 0.0], "k_pid_vsp": [400.0, 147.98270655145186, 0.7518137918243598]}, "datetime": {"datetime": "2025-08-20 14:23:21", "elapsed": 9055.78699707985, "delta": 25.665616273880005}, "costs": {"total_cost": 1357.7591276737369, "time_cost": 150, "final_distance_cost": 0.2783507798751101, "oscillation_cost": 4.976463081732024, "completition_cost": 1000.0, "overshoot_cost": 134.75272418369173, "power_cost": 12.593829113769532, "noise_cost": 55.15776051466845, "n_waypoints_completed": 0, "tot_waypoints": 9}}
{"target": -177.99988850374936, "params": {"k_pid_pos": [1.8260384307605042, 0.015547335595462194, 0.17363424814537706], "k_pid_alt": [2.0, 0.00012065264734952875, 0.2339953724494022], "k_pid_att": [43.87212074239352, 4.130291918523217, 0.4784492021324102], "k_pid_yaw": [0.5, 1e-06, 0.1], "k_pid_hsp": [0.5240031466356546, 0.027005715991156837, 0.0], "k_pid_vsp": [255.36925969142393, 51.29880670786209, 4.094382456906412]}, "datetime": {"datetime": "2025-08-20 14:23:37", "elapsed": 9071.789994955063, "delta": 16.002997875213623}, "costs": {"total_cost": 177.99988850374936, "time_cost": 69.032, "final_distance_cost": 1.783671060675145, "oscillation_cost": 33.35889021093758, "completition_cost": 0.0, "overshoot_cost": 49.99448735006494, "power_cost": 12.531683654785157, "noise_cost": 11.29915622728655, "n_waypoints_completed": 9, "tot_waypoints": 9}}
{"target": -1848.992121954493, "params": {"k_pid_pos": [2.0, 0.0, 0.40923548912752344], "k_pid_alt": [2.0, 0.00019355654700024043, 0.32980025723166434], "k_pid_att": [0.23813484700944323, 2.2752783690062235, 0.8151447031790986], "k_pid_yaw": [0.5, 1e-06, 0.1], "k_pid_hsp": [0.7115548175534515, 0.03272036333210637, 0.0], "k_pid_vsp": [293.2880322114166, 150.73761220480023, 5.768699125570262]}, "datetime": {"datetime": "2025-08-20 14:24:03", "elapsed": 9098.474814414978, "delta": 26.68481945991516}, "costs": {"total_cost": 1848.992121954493, "time_cost": 150, "final_distance_cost": 8.350452783079145, "oscillation_cost": 230.22545728371293, "completition_cost": 1000.0, "overshoot_cost": 337.88018061122244, "power_cost": 35.23493327636719, "noise_cost": 87.3010980001115, "n_waypoints_completed": 0, "tot_waypoints": 9}}
{"target": -177.05494854037843, "params": {"k_pid_pos": [0.9015247384338142, 0.05527947096234365, 0.02268632178762982], "k_pid_alt": [2.0, 2.8020999068918977e-05, 0.27425598516199673], "k_pid_att": [75.49055327682582, 3.047307455334336, 1.0], "k_pid_yaw": [0.5, 1e-06, 0.1], "k_pid_hsp": [0.8923049592862905, 0.04317008477593676, 0.0], "k_pid_vsp": [195.61058099363518, 173.67391695863034, 5.180301276371268]}, "datetime": {"datetime": "2025-08-20 14:24:20", "elapsed": 9114.608686208725, "delta": 16.13387179374695}, "costs": {"total_cost": 177.05494854037843, "time_cost": 69.848, "final_distance_cost": 1.8409361483401931, "oscillation_cost": 31.514168180209516, "completition_cost": 0.0, "overshoot_cost": 50.34619559176108, "power_cost": 11.98548984375, "noise_cost": 11.520158776317654, "n_waypoints_completed": 9, "tot_waypoints": 9}}
{"target": -181.321273419439, "params": {"k_pid_pos": [2.0, 0.0, 0.41035263221349466], "k_pid_alt": [2.0, 0.0001357639134219198, 0.23548626013916732], "k_pid_att": [29.378820709766643, 1.0176717710191123, 0.4987967790250957], "k_pid_yaw": [0.5, 1e-06, 0.1], "k_pid_hsp": [0.8310618347611087, 0.09519113353824384, 0.0], "k_pid_vsp": [400.0, 165.5041451965905, 9.071005686463067]}, "datetime": {"datetime": "2025-08-20 14:24:35", "elapsed": 9130.409542798996, "delta": 15.800856590270996}, "costs": {"total_cost": 181.321273419439, "time_cost": 68.47200000000001, "final_distance_cost": 1.7934728130982673, "oscillation_cost": 35.343775978694865, "completition_cost": 0.0, "overshoot_cost": 50.45820608237007, "power_cost": 13.597890405273438, "noise_cost": 11.655928140002333, "n_waypoints_completed": 9, "tot_waypoints": 9}}
{"target": -182.6867513757857, "params": {"k_pid_pos": [2.0, 0.0020374101472468466, 0.1184637318960472], "k_pid_alt": [1.4707527586579985, 0.0001952415312527215, 0.48148446803565276], "k_pid_att": [28.069782595803304, 2.6943957530672935, 0.7783627019349506], "k_pid_yaw": [0.5, 1e-06, 0.1], "k_pid_hsp": [0.7502018431258736, 0.13020774555511547, 0.0], "k_pid_vsp": [239.6709222133223, 201.74912464160272, 4.620713653840379]}, "datetime": {"datetime": "2025-08-20 14:24:52", "elapsed": 9146.777015209198, "delta": 16.367472410202026}, "costs": {"total_cost": 182.6867513757857, "time_cost": 69.272, "final_distance_cost": 1.771399955184356, "oscillation_cost": 37.9562913587236, "completition_cost": 0.0, "overshoot_cost": 49.584946679653186, "power_cost": 12.808819018554688, "noise_cost": 11.293294363669832, "n_waypoints_completed": 9, "tot_waypoints": 9}}
{"target": -177.54306896690892, "params": {"k_pid_pos": [1.6743047028376232, 0.0, 0.18896405445903627], "k_pid_alt": [2.0, 0.00019649276381368205, 0.2730526598553451], "k_pid_att": [66.78244687868015, 0.552794899351718, 1.0], "k_pid_yaw": [0.5, 1e-06, 0.1], "k_pid_hsp": [1.2532670550252345, 0.032833717028669905, 0.0], "k_pid_vsp": [195.23065194269915, 201.7145888723909, 7.684376732080356]}, "datetime": {"datetime": "2025-08-20 14:25:08", "elapsed": 9162.661351442337, "delta": 15.884336233139038}, "costs": {"total_cost": 177.54306896690892, "time_cost": 68.544, "final_distance_cost": 1.7731750677989828, "oscillation_cost": 33.80711346566926, "completition_cost": 0.0, "overshoot_cost": 50.03883113294792, "power_cost": 12.214272192382813, "noise_cost": 11.165677108109946, "n_waypoints_completed": 9, "tot_waypoints": 9}}
{"target": -183.23981787903406, "params": {"k_pid_pos": [1.9806766144269252, 0.021766671473350457, 0.5366539941444471], "k_pid_alt": [0.9774678424927389, 8.512784129151127e-05, 0.30143439148887635], "k_pid_att": [13.433424738033702, 3.0289329556437115, 1.0], "k_pid_yaw": [0.5, 1e-06, 0.1], "k_pid_hsp": [1.7672711347733248, 0.08579704867197697, 0.0], "k_pid_vsp": [290.4149170748956, 101.00667265182614, 8.476221488343102]}, "datetime": {"datetime": "2025-08-20 14:25:24", "elapsed": 9178.81245303154, "delta": 16.15110158920288}, "costs": {"total_cost": 183.23981787903406, "time_cost": 70.616, "final_distance_cost": 1.7843111437009105, "oscillation_cost": 35.80034700637394, "completition_cost": 0.0, "overshoot_cost": 50.02003768680746, "power_cost": 13.372850341796875, "noise_cost": 11.6462717003549, "n_waypoints_completed": 9, "tot_waypoints": 9}}
{"target": -249.43739182173726, "params": {"k_pid_pos": [1.3215508298218581, 0.0, 0.39473070640161323], "k_pid_alt": [2.0, 0.0001377235408643835, 0.13138585325910868], "k_pid_att": [23.04141757108191, 2.676744779395918, 1.0], "k_pid_yaw": [0.5, 1e-06, 0.1], "k_pid_hsp": [1.2425822951210008, 0.10594731989476937, 0.0], "k_pid_vsp": [0.0, 219.0159984336581, 5.606133157677728]}, "datetime": {"datetime": "2025-08-20 14:25:45", "elapsed": 9200.313028335571, "delta": 21.500575304031372}, "costs": {"total_cost": 249.43739182173726, "time_cost": 92.70400000000001, "final_distance_cost": 1.8223095262350681, "oscillation_cost": 66.59611233967381, "completition_cost": 0.0, "overshoot_cost": 56.29641503297996, "power_cost": 18.276760473632812, "noise_cost": 13.741794449215597, "n_waypoints_completed": 9, "tot_waypoints": 9}}
{"target": -183.34170488058427, "params": {"k_pid_pos": [1.7211238890624438, 0.014952353345728331, 0.0], "k_pid_alt": [2.0, 1.1938818772554876e-05, 0.17761096355391484], "k_pid_att": [24.190846406774387, 4.669507405472802, 0.30796690319325554], "k_pid_yaw": [0.5, 1e-06, 0.1], "k_pid_hsp": [0.8050861892390673, 0.1305986555113954, 0.0], "k_pid_vsp": [312.0575102992411, 181.67107677313274, 5.860233423102297]}, "datetime": {"datetime": "2025-08-20 14:26:01", "elapsed": 9216.34749698639, "delta": 16.03446865081787}, "costs": {"total_cost": 183.34170488058427, "time_cost": 68.376, "final_distance_cost": 1.7789655039863803, "oscillation_cost": 38.81945597175892, "completition_cost": 0.0, "overshoot_cost": 49.87717714764142, "power_cost": 13.118024926757814, "noise_cost": 11.372081330439732, "n_waypoints_completed": 9, "tot_waypoints": 9}}
{"target": -179.5322332710063, "params": {"k_pid_pos": [1.252425765584346, 0.007989205290390483, 0.2730396673460888], "k_pid_alt": [1.8774659733524228, 0.00014507109983474416, 0.1458836019257994], "k_pid_att": [63.11486047725311, 3.436409834335683, 0.7930108698871243], "k_pid_yaw": [0.5, 1e-06, 0.1], "k_pid_hsp": [1.4729858777248512, 0.08840324514654785, 0.0], "k_pid_vsp": [253.1371158400697, 160.541895847186, 2.2976962044168436]}, "datetime": {"datetime": "2025-08-20 14:26:18", "elapsed": 9232.848017930984, "delta": 16.500520944595337}, "costs": {"total_cost": 179.5322332710063, "time_cost": 69.672, "final_distance_cost": 1.8416056026189016, "oscillation_cost": 33.72799453726568, "completition_cost": 0.0, "overshoot_cost": 50.15043681320115, "power_cost": 12.498752587890626, "noise_cost": 11.641443730029936, "n_waypoints_completed": 9, "tot_waypoints": 9}}
{"target": -179.6963044903872, "params": {"k_pid_pos": [2.0, 0.015471117865396315, 0.31640073816292574], "k_pid_alt": [1.6245518801790109, 9.331052692626828e-05, 0.10212062851968391], "k_pid_att": [48.1329306708796, 2.4194846946120516, 0.8329349814085983], "k_pid_yaw": [0.5, 1e-06, 0.1], "k_pid_hsp": [1.2009657558601294, 0.11820604289353791, 0.0], "k_pid_vsp": [215.74542390758168, 98.69255002648772, 7.186029875186388]}, "datetime": {"datetime": "2025-08-20 14:26:37", "elapsed": 9251.53274011612, "delta": 18.684722185134888}, "costs": {"total_cost": 179.6963044903872, "time_cost": 68.504, "final_distance_cost": 1.7754066075754387, "oscillation_cost": 35.84907609720246, "completition_cost": 0.0, "overshoot_cost": 50.24954339025179, "power_cost": 12.202597668457031, "noise_cost": 11.115680726900521, "n_waypoints_completed": 9, "tot_waypoints": 9}}
{"target": -181.61674576793502, "params": {"k_pid_pos": [0.896618679577367, 0.01233261988576226, 0.19747647826912584], "k_pid_alt": [0.8775738806125611, 3.11559653779434e-05, 0.2339124380535443], "k_pid_att": [15.800017082833184, 2.772489498225175, 0.7409425448289233], "k_pid_yaw": [0.5, 1e-06, 0.1], "k_pid_hsp": [0.8868862142161006, 0.08145790412497296, 0.0], "k_pid_vsp": [124.40283997663437, 99.99704561233453, 8.306578104590576]}, "datetime": {"datetime": "2025-08-20 14:26:55", "elapsed": 9270.21699333191, "delta": 18.684253215789795}, "costs": {"total_cost": 181.61674576793502, "time_cost": 74.272, "final_distance_cost": 1.8470365975036573, "oscillation_cost": 30.190544663307303, "completition_cost": 0.0, "overshoot_cost": 49.25073104522123, "power_cost": 13.669324987792969, "noise_cost": 12.387108474109864, "n_waypoints_completed": 9, "tot_waypoints": 9}}
{"target": -176.32155638969974, "params": {"k_pid_pos": [1.2487989459382323, 0.026932337520908723, 0.5767513888701271], "k_pid_alt": [2.0, 9.649283448497243e-05, 0.18779882620790925], "k_pid_att": [37.420454808708875, 1.7948677521126413, 1.0], "k_pid_yaw": [0.5, 1e-06, 0.1], "k_pid_hsp": [0.739165004293854, 0.1090056054179076, 0.0], "k_pid_vsp": [308.0891670523708, 127.21339870635164, 3.6033088498036605]}, "datetime": {"datetime": "2025-08-20 14:27:12", "elapsed": 9286.976207017899, "delta": 16.75921368598938}, "costs": {"total_cost": 176.32155638969974, "time_cost": 70.168, "final_distance_cost": 1.8479433337388753, "oscillation_cost": 30.472260329810116, "completition_cost": 0.0, "overshoot_cost": 49.604664416950925, "power_cost": 12.482137377929687, "noise_cost": 11.74655093127014, "n_waypoints_completed": 9, "tot_waypoints": 9}}
{"target": -177.96721362998213, "params": {"k_pid_pos": [2.0, 0.02840417093264667, 0.44052058784732395], "k_pid_alt": [1.2263765686569783, 4.826864304458541e-05, 0.16473717642979738], "k_pid_att": [63.521981283296576, 4.096649233375072, 1.0], "k_pid_yaw": [0.5, 1e-06, 0.1], "k_pid_hsp": [1.1819588904209928, 0.0584103875260133, 0.0], "k_pid_vsp": [400.0, 157.36201454567447, 3.8721342252313664]}, "datetime": {"datetime": "2025-08-20 14:27:28", "elapsed": 9303.068890333176, "delta": 16.0926833152771}, "costs": {"total_cost": 177.96721362998213, "time_cost": 69.176, "final_distance_cost": 1.7990040500826046, "oscillation_cost": 34.13922148206634, "completition_cost": 0.0, "overshoot_cost": 49.88953456807403, "power_cost": 11.885803515625, "noise_cost": 11.077650014134154, "n_waypoints_completed": 9, "tot_waypoints": 9}}
{"target": -181.05188083412423, "params": {"k_pid_pos": [0.8027193519932542, 0.017334078212253145, 0.1878986987019724], "k_pid_alt": [1.6918813831413047, 7.647148993094762e-05, 0.4043104060696788], "k_pid_att": [36.854443149095985, 1.8928426644460288, 0.9005584589702934], "k_pid_yaw": [0.5, 1e-06, 0.1], "k_pid_hsp": [0.9577124151198356, 0.0639877850587563, 0.0], "k_pid_vsp": [98.53194278565218, 192.33664022546702, 8.170592473021946]}, "datetime": {"datetime": "2025-08-20 14:27:45", "elapsed": 9320.15206193924, "delta": 17.083171606063843}, "costs": {"total_cost": 181.05188083412423, "time_cost": 73.552, "final_distance_cost": 1.8438130014918641, "oscillation_cost": 30.09634343932739, "completition_cost": 0.0, "overshoot_cost": 49.861361501344284, "power_cost": 13.270517309570312, "noise_cost": 12.42784558239038, "n_waypoints_completed": 9, "tot_waypoints": 9}}
{"target": -176.04674256877627, "params": {"k_pid_pos": [1.4642919123070497, 0.024111515976660346, 0.22099082656048663], "k_pid_alt": [1.843828932334869, 0.00013068788930383401, 0.5046998863170783], "k_pid_att": [28.940294136652067, 4.200915707741604, 0.5516878973682814], "k_pid_yaw": [0.5, 1e-06, 0.1], "k_pid_hsp": [1.0661636210362424, 0.05503500073928136, 0.0], "k_pid_vsp": [215.05646023346574, 152.38508044301398, 5.579133563559448]}, "datetime": {"datetime": "2025-08-20 14:28:02", "elapsed": 9337.003840208054, "delta": 16.851778268814087}, "costs": {"total_cost": 176.04674256877627, "time_cost": 68.672, "final_distance_cost": 1.8069728022892682, "oscillation_cost": 32.07055225663705, "completition_cost": 0.0, "overshoot_cost": 49.48851159098336, "power_cost": 12.613463269042969, "noise_cost": 11.395242649823622, "n_waypoints_completed": 9, "tot_waypoints": 9}}
{"target": -176.5761486261236, "params": {"k_pid_pos": [1.4925465917761656, 0.01753001937341173, 0.17571308250981024], "k_pid_alt": [1.315230926839827, 0.0001502979382812202, 0.09811901996680013], "k_pid_att": [30.250306227947647, 4.451862996158229, 0.9927833220554175], "k_pid_yaw": [0.5, 1e-06, 0.1], "k_pid_hsp": [0.8366927026715846, 0.09809357852969554, 0.0], "k_pid_vsp": [260.60342676766066, 279.7119104498372, 5.4371322515162746]}, "datetime": {"datetime": "2025-08-20 14:28:18", "elapsed": 9352.970994710922, "delta": 15.967154502868652}, "costs": {"total_cost": 176.5761486261236, "time_cost": 68.488, "final_distance_cost": 1.7896856611760006, "oscillation_cost": 32.80080926458788, "completition_cost": 0.0, "overshoot_cost": 49.57372854676091, "power_cost": 12.629261755371095, "noise_cost": 11.29466339822772, "n_waypoints_completed": 9, "tot_waypoints": 9}}
{"target": -384.1993199465662, "params": {"k_pid_pos": [0.32183644012132734, 0.03224007578191953, 0.3715902563128351], "k_pid_alt": [1.4069252841600832, 0.0001344717806737238, 0.37807069342085825], "k_pid_att": [22.10260225119312, 2.9070342966443916, 0.7164719995530614], "k_pid_yaw": [0.5, 1e-06, 0.1], "k_pid_hsp": [0.709587468554576, 0.11170036764673734, 0.0], "k_pid_vsp": [400.0, 182.8644295500576, 3.769307437339323]}, "datetime": {"datetime": "2025-08-20 14:28:41", "elapsed": 9375.889080047607, "delta": 22.91808533668518}, "costs": {"total_cost": 384.1993199465662, "time_cost": 150, "final_distance_cost": 12.321171954459462, "oscillation_cost": 22.832105689616515, "completition_cost": 111.11111111111116, "overshoot_cost": 56.07159934393241, "power_cost": 16.606179797363282, "noise_cost": 15.25715205008341, "n_waypoints_completed": 8, "tot_waypoints": 9}}
{"target": -176.48852553856057, "params": {"k_pid_pos": [1.7236430512887433, 0.01855619608893752, 0.25854083682481194], "k_pid_alt": [2.0, 0.00017079109513841768, 0.02200307072413271], "k_pid_att": [35.413541759659964, 2.108193780766763, 1.0], "k_pid_yaw": [0.5, 1e-06, 0.1], "k_pid_hsp": [0.7926297027993123, 0.04091228567720533, 0.0], "k_pid_vsp": [400.0, 149.8595925623845, 1.8485805277963518]}, "datetime": {"datetime": "2025-08-20 14:29:00", "elapsed": 9395.256617069244, "delta": 19.367537021636963}, "costs": {"total_cost": 176.48852553856057, "time_cost": 68.984, "final_distance_cost": 1.7815311916950327, "oscillation_cost": 31.609213528218483, "completition_cost": 0.0, "overshoot_cost": 50.15935860677579, "power_cost": 12.631548999023439, "noise_cost": 11.322873212847837, "n_waypoints_completed": 9, "tot_waypoints": 9}}
