{"target": -177.04987166946577, "params": {"k_pid_pos": [0.3895357080310164, 0.0028616777981136897, 0.008642895092012855], "k_pid_alt": [2.0, 9.335635938772603e-05, 0.0015385283127251892], "k_pid_att": [40.02790002749363, 7.909709169414223, 0.6245767237279355], "k_pid_yaw": [0.5, 1e-06, 0.1], "k_pid_hsp": [0.12768156683221457, 0.005376815085331821, 0.0], "k_pid_vsp": [208.7676269207399, 301.50464643609456, 0.8933694000629243]}, "datetime": {"datetime": "2025-08-20 20:54:04", "elapsed": 32499.250205039978, "delta": 18.347447156906128}, "costs": {"total_cost": 177.04987166946577, "time_cost": 78.408, "final_distance_cost": 1.8583810270500034, "oscillation_cost": 19.541789962537337, "completition_cost": 0.0, "overshoot_cost": 51.472122299963274, "power_cost": 12.859997460937501, "noise_cost": 12.909580918977639, "n_waypoints_completed": 9, "tot_waypoints": 9}}
{"target": -169.2847791725885, "params": {"k_pid_pos": [0.547414192831304, 0.0030670531181772455, 0.010310866847331063], "k_pid_alt": [2.0, 0.0001340480365416429, 0.0017359657351674691], "k_pid_att": [27.009618001692917, 5.4213196670662525, 0.6140746323524845], "k_pid_yaw": [0.5, 1e-06, 0.1], "k_pid_hsp": [0.08899563823110355, 0.004610365669414232, 0.0], "k_pid_vsp": [236.0231254358072, 209.61333473641307, 0.6254632026560983]}, "datetime": {"datetime": "2025-08-20 20:54:21", "elapsed": 32515.581470251083, "delta": 16.331265211105347}, "costs": {"total_cost": 169.2847791725885, "time_cost": 72.304, "final_distance_cost": 1.8094020766632288, "oscillation_cost": 20.242170553412883, "completition_cost": 0.0, "overshoot_cost": 51.329210392227544, "power_cost": 12.067323632812501, "noise_cost": 11.53267251747233, "n_waypoints_completed": 9, "tot_waypoints": 9}}
{"target": -170.2695034046772, "params": {"k_pid_pos": [0.6214281741199884, 0.00401030293203206, 0.007878445866576702], "k_pid_alt": [1.8316574878641128, 7.061419917818715e-05, 0.001911846006289725], "k_pid_att": [26.44723133918454, 7.719066385107709, 0.6976544229644941], "k_pid_yaw": [0.5, 1e-06, 0.1], "k_pid_hsp": [0.11468914637650696, 0.004997384781304791, 0.0], "k_pid_vsp": [228.12304306026974, 362.9279630887209, 0.6770568170893508]}, "datetime": {"datetime": "2025-08-20 20:54:37", "elapsed": 32531.770937681198, "delta": 16.189467430114746}, "costs": {"total_cost": 170.2695034046772, "time_cost": 70.83200000000001, "final_distance_cost": 1.826924286091099, "oscillation_cost": 23.52721805406954, "completition_cost": 0.0, "overshoot_cost": 50.18251612930313, "power_cost": 12.402492773437501, "noise_cost": 11.49835216177593, "n_waypoints_completed": 9, "tot_waypoints": 9}}
{"target": -170.25678941281055, "params": {"k_pid_pos": [0.6401975565051766, 0.0029322243573743968, 0.010145638559501942], "k_pid_alt": [2.0, 0.00013318264132331208, 0.0018083198330140614], "k_pid_att": [29.38883638392247, 6.100953142749847, 0.8586946739820972], "k_pid_yaw": [0.5, 1e-06, 0.1], "k_pid_hsp": [0.13626674653480808, 0.004704687721890421, 0.0], "k_pid_vsp": [239.58152261643775, 287.05531877647803, 0.6459865051525111]}, "datetime": {"datetime": "2025-08-20 20:54:53", "elapsed": 32548.304993391037, "delta": 16.534055709838867}, "costs": {"total_cost": 170.25678941281055, "time_cost": 70.888, "final_distance_cost": 1.840543406623916, "oscillation_cost": 23.822175970229623, "completition_cost": 0.0, "overshoot_cost": 50.314510482299255, "power_cost": 11.996072497558595, "noise_cost": 11.39548705609913, "n_waypoints_completed": 9, "tot_waypoints": 9}}
{"target": -170.4422843258191, "params": {"k_pid_pos": [0.7132189741227785, 0.0034462710294914274, 0.010241327445463326], "k_pid_alt": [2.0, 9.001073046125756e-05, 0.0021559489820235705], "k_pid_att": [35.70932105153865, 5.070876676013601, 0.6548179072536673], "k_pid_yaw": [0.5, 1e-06, 0.1], "k_pid_hsp": [0.08840886776700775, 0.005521241316173029, 0.0], "k_pid_vsp": [224.57648942726487, 317.024498143823, 0.6727619457503397]}, "datetime": {"datetime": "2025-08-20 20:55:09", "elapsed": 32564.27490544319, "delta": 15.969912052154541}, "costs": {"total_cost": 170.4422843258191, "time_cost": 71.224, "final_distance_cost": 1.8172993000447508, "oscillation_cost": 23.03881111591231, "completition_cost": 0.0, "overshoot_cost": 51.01575446586723, "power_cost": 12.07518076171875, "noise_cost": 11.271238682276062, "n_waypoints_completed": 9, "tot_waypoints": 9}}
{"target": -169.643887549645, "params": {"k_pid_pos": [0.5370717970665014, 0.003885599455366182, 0.005428766675743295], "k_pid_alt": [1.9930309856568715, 0.0001284620667779829, 0.0020753708247375964], "k_pid_att": [29.35631585686849, 9.884394740787647, 0.6136155169786863], "k_pid_yaw": [0.5, 1e-06, 0.1], "k_pid_hsp": [0.0883105800023195, 0.005967390804909694, 0.0], "k_pid_vsp": [186.23564479132298, 231.0987301792636, 0.7289573609948009]}, "datetime": {"datetime": "2025-08-20 20:55:27", "elapsed": 32582.244799613953, "delta": 17.96989417076111}, "costs": {"total_cost": 169.643887549645, "time_cost": 72.32000000000001, "final_distance_cost": 1.8177377958381267, "oscillation_cost": 20.43103597237207, "completition_cost": 0.0, "overshoot_cost": 51.22680059869666, "power_cost": 12.298176452636719, "noise_cost": 11.550136730101423, "n_waypoints_completed": 9, "tot_waypoints": 9}}
{"target": -169.30447839345064, "params": {"k_pid_pos": [0.52958127220746, 0.0039031282207255594, 0.010472594721513582], "k_pid_alt": [1.6753697334378153, 0.00012299272351340627, 0.0013317119266889985], "k_pid_att": [26.60562814808185, 9.272074463717908, 0.5803198663059255], "k_pid_yaw": [0.5, 1e-06, 0.1], "k_pid_hsp": [0.10655417561220848, 0.004620207222760976, 0.0], "k_pid_vsp": [193.33853345015646, 224.90097965021258, 0.423328570360795]}, "datetime": {"datetime": "2025-08-20 20:55:43", "elapsed": 32598.11950111389, "delta": 15.874701499938965}, "costs": {"total_cost": 169.30447839345064, "time_cost": 72.096, "final_distance_cost": 1.8251288367392304, "oscillation_cost": 21.046838482341506, "completition_cost": 0.0, "overshoot_cost": 50.585982598247, "power_cost": 12.122678857421876, "noise_cost": 11.62784961870102, "n_waypoints_completed": 9, "tot_waypoints": 9}}
{"target": -170.43571274158032, "params": {"k_pid_pos": [0.581102944249182, 0.0025930786862717148, 0.006911688645880168], "k_pid_alt": [2.0, 0.00012489446788130373, 0.0019650061669972763], "k_pid_att": [22.946416294713277, 8.346249588177802, 0.9423041971569157], "k_pid_yaw": [0.5, 1e-06, 0.1], "k_pid_hsp": [0.08008940389902695, 0.004643774005901893, 0.0], "k_pid_vsp": [233.8841428844386, 243.49230604807437, 0.6517713987568423]}, "datetime": {"datetime": "2025-08-20 20:56:00", "elapsed": 32615.319190979004, "delta": 17.199689865112305}, "costs": {"total_cost": 170.43571274158032, "time_cost": 72.672, "final_distance_cost": 1.8054284082603016, "oscillation_cost": 20.43729296936946, "completition_cost": 0.0, "overshoot_cost": 51.5709979311233, "power_cost": 12.301541442871095, "noise_cost": 11.648451989956147, "n_waypoints_completed": 9, "tot_waypoints": 9}}
{"target": -170.3747324357805, "params": {"k_pid_pos": [0.6927206561013527, 0.0024200379950563553, 0.010183486952742645], "k_pid_alt": [2.0, 0.00010111267173976508, 0.001766554233284889], "k_pid_att": [29.36626822827438, 7.241894344146325, 0.7013470042241216], "k_pid_yaw": [0.5, 1e-06, 0.1], "k_pid_hsp": [0.10603820405809733, 0.005671894425444422, 0.0], "k_pid_vsp": [222.12278774072124, 237.0774561129114, 0.6375056961649097]}, "datetime": {"datetime": "2025-08-20 20:56:17", "elapsed": 32631.900723457336, "delta": 16.58153247833252}, "costs": {"total_cost": 170.3747324357805, "time_cost": 70.552, "final_distance_cost": 1.810410780736234, "oscillation_cost": 23.826756471297386, "completition_cost": 0.0, "overshoot_cost": 50.71853824497796, "power_cost": 12.20945858154297, "noise_cost": 11.25756835722593, "n_waypoints_completed": 9, "tot_waypoints": 9}}
{"target": -169.1067090571772, "params": {"k_pid_pos": [0.6108663147244763, 0.0029690795745565914, 0.007427608193471419], "k_pid_alt": [2.0, 9.56698554249418e-05, 0.0018880632493792143], "k_pid_att": [27.53708217657284, 8.058576895838911, 0.5018702541415159], "k_pid_yaw": [0.5, 1e-06, 0.1], "k_pid_hsp": [0.09224347649237159, 0.005638945786617801, 0.0], "k_pid_vsp": [186.5964377303786, 215.3346394340549, 0.6768305470269677]}, "datetime": {"datetime": "2025-08-20 20:56:34", "elapsed": 32648.62483048439, "delta": 16.724107027053833}, "costs": {"total_cost": 169.1067090571772, "time_cost": 71.512, "final_distance_cost": 1.7949638205270226, "oscillation_cost": 21.701364412367592, "completition_cost": 0.0, "overshoot_cost": 50.93590648599865, "power_cost": 11.924932775878906, "noise_cost": 11.237541562405022, "n_waypoints_completed": 9, "tot_waypoints": 9}}
{"target": -169.24326727877565, "params": {"k_pid_pos": [0.6369999876497524, 0.002551274689612691, 0.010111896690787887], "k_pid_alt": [2.0, 0.00012570058798839364, 0.001840397973080727], "k_pid_att": [29.431685739245463, 7.383402403168528, 0.5752592364033841], "k_pid_yaw": [0.5, 1e-06, 0.1], "k_pid_hsp": [0.09844706336396214, 0.005768535150770274, 0.0], "k_pid_vsp": [211.39780832203905, 341.31495130948105, 0.6250468916784454]}, "datetime": {"datetime": "2025-08-20 20:56:50", "elapsed": 32664.94063258171, "delta": 16.315802097320557}, "costs": {"total_cost": 169.24326727877565, "time_cost": 71.04, "final_distance_cost": 1.821674800357798, "oscillation_cost": 22.557768246567605, "completition_cost": 0.0, "overshoot_cost": 50.85419431467594, "power_cost": 11.676766943359375, "noise_cost": 11.292862973814932, "n_waypoints_completed": 9, "tot_waypoints": 9}}
{"target": -177.02420674531467, "params": {"k_pid_pos": [0.37864560989829804, 0.003037691100132495, 0.007811926292288276], "k_pid_alt": [1.6910520533855706, 0.00013134256081803847, 0.0015555191915346525], "k_pid_att": [24.571552061084276, 6.296828459084761, 0.7341051836062582], "k_pid_yaw": [0.5, 1e-06, 0.1], "k_pid_hsp": [0.11311195240521028, 0.005669636272327125, 0.0], "k_pid_vsp": [232.6161308435937, 272.5071494270891, 0.7366539956260919]}, "datetime": {"datetime": "2025-08-20 20:57:13", "elapsed": 32687.72974395752, "delta": 22.789111375808716}, "costs": {"total_cost": 177.02420674531467, "time_cost": 78.08, "final_distance_cost": 1.8565074479567492, "oscillation_cost": 18.582144124128327, "completition_cost": 0.0, "overshoot_cost": 51.84333121113347, "power_cost": 13.482415429687501, "noise_cost": 13.179808532408634, "n_waypoints_completed": 9, "tot_waypoints": 9}}
{"target": -171.95126283826437, "params": {"k_pid_pos": [0.7809068214845419, 0.001713591274692174, 0.009721197593722164], "k_pid_alt": [2.0, 0.0001114967389568735, 0.0017004459037558827], "k_pid_att": [25.629748267110983, 6.962030162360147, 0.7803478039195336], "k_pid_yaw": [0.5, 1e-06, 0.1], "k_pid_hsp": [0.08501416243963485, 0.005499745861945351, 0.0], "k_pid_vsp": [280.0558599735302, 249.6588600706958, 0.3415710775968537]}, "datetime": {"datetime": "2025-08-20 20:57:34", "elapsed": 32709.035870313644, "delta": 21.306126356124878}, "costs": {"total_cost": 171.95126283826437, "time_cost": 71.672, "final_distance_cost": 1.8095092531927583, "oscillation_cost": 24.38366009594395, "completition_cost": 0.0, "overshoot_cost": 50.65445808082725, "power_cost": 12.130295556640625, "noise_cost": 11.301339851659794, "n_waypoints_completed": 9, "tot_waypoints": 9}}
{"target": -169.85194295275144, "params": {"k_pid_pos": [0.5500849259146233, 0.0032565300867942633, 0.007186843078902511], "k_pid_alt": [1.9070881157097237, 0.00013395479671556652, 0.0017533721139431997], "k_pid_att": [22.862472593370814, 8.471255161518668, 0.6891599913541784], "k_pid_yaw": [0.5, 1e-06, 0.1], "k_pid_hsp": [0.10722011218395977, 0.0043590275442673245, 0.0], "k_pid_vsp": [240.73737539517592, 312.5051183583734, 0.6559251967222953]}, "datetime": {"datetime": "2025-08-20 20:57:50", "elapsed": 32724.536847114563, "delta": 15.500976800918579}, "costs": {"total_cost": 169.85194295275144, "time_cost": 71.76, "final_distance_cost": 1.8328021156052057, "oscillation_cost": 21.63778520480374, "completition_cost": 0.0, "overshoot_cost": 50.61492950606335, "power_cost": 12.268755737304689, "noise_cost": 11.737670388974445, "n_waypoints_completed": 9, "tot_waypoints": 9}}
{"target": -170.26375469484083, "params": {"k_pid_pos": [0.5123642737709947, 0.004708054158416617, 0.009580835896912755], "k_pid_alt": [1.3160051875108147, 0.00015126758723833767, 0.001603808222135977], "k_pid_att": [32.572553224560316, 7.17105397411805, 0.7649780725144995], "k_pid_yaw": [0.5, 1e-06, 0.1], "k_pid_hsp": [0.10872092864439768, 0.004849042470388721, 0.0], "k_pid_vsp": [240.1620108734273, 311.2008014069367, 0.6632026865538115]}, "datetime": {"datetime": "2025-08-20 20:58:08", "elapsed": 32743.320319652557, "delta": 18.783472537994385}, "costs": {"total_cost": 170.26375469484083, "time_cost": 72.688, "final_distance_cost": 1.8301606407138302, "oscillation_cost": 20.79743693802026, "completition_cost": 0.0, "overshoot_cost": 51.151796179892294, "power_cost": 12.193812646484375, "noise_cost": 11.602548289730061, "n_waypoints_completed": 9, "tot_waypoints": 9}}
{"target": -169.62588768597038, "params": {"k_pid_pos": [0.5922456816682334, 0.0046179855053426816, 0.00775765157212573], "k_pid_alt": [1.8553326365478444, 9.813281997918015e-05, 0.0017561471512923385], "k_pid_att": [38.171221750676466, 6.846073890171506, 0.8031951070166367], "k_pid_yaw": [0.5, 1e-06, 0.1], "k_pid_hsp": [0.10222022545884708, 0.005121200454693033, 0.0], "k_pid_vsp": [269.66281404378805, 155.88566041866974, 0.6152877391597097]}, "datetime": {"datetime": "2025-08-20 20:58:24", "elapsed": 32758.668985128403, "delta": 15.348665475845337}, "costs": {"total_cost": 169.62588768597038, "time_cost": 71.44, "final_distance_cost": 1.8170373593044922, "oscillation_cost": 21.865772393075826, "completition_cost": 0.0, "overshoot_cost": 50.80090690227599, "power_cost": 12.259909204101563, "noise_cost": 11.44226182721249, "n_waypoints_completed": 9, "tot_waypoints": 9}}
{"target": -170.40230493682066, "params": {"k_pid_pos": [0.4384570779258173, 0.0027971797274774514, 0.007863510616188209], "k_pid_alt": [2.0, 0.00012436200434684012, 0.001848829801621743], "k_pid_att": [31.092124618193182, 5.731465707445099, 0.7010457650850127], "k_pid_yaw": [0.5, 1e-06, 0.1], "k_pid_hsp": [0.09021756364618087, 0.0036893550324180514, 0.0], "k_pid_vsp": [195.17416099123682, 285.1391545185412, 0.8618918032439464]}, "datetime": {"datetime": "2025-08-20 20:58:41", "elapsed": 32775.83173203468, "delta": 17.162746906280518}, "costs": {"total_cost": 170.40230493682066, "time_cost": 74.232, "final_distance_cost": 1.8335378816669974, "oscillation_cost": 17.707482492646523, "completition_cost": 0.0, "overshoot_cost": 52.07388124988325, "power_cost": 12.482013354492189, "noise_cost": 12.073389958131717, "n_waypoints_completed": 9, "tot_waypoints": 9}}
{"target": -174.10443987137407, "params": {"k_pid_pos": [0.5507073896446247, 0.0025465031452818775, 0.009069665189465392], "k_pid_alt": [1.7906969988125978, 0.00012612041316421076, 0.0021522908562994388], "k_pid_att": [22.764410864145418, 6.766465377103086, 0.5378497252570787], "k_pid_yaw": [0.5, 1e-06, 0.1], "k_pid_hsp": [0.0636477986115192, 0.005198366708005971, 0.0], "k_pid_vsp": [236.1329372247723, 272.7265360714728, 0.4707469025270871]}, "datetime": {"datetime": "2025-08-20 20:58:58", "elapsed": 32793.191044807434, "delta": 17.359312772750854}, "costs": {"total_cost": 174.10443987137407, "time_cost": 75.984, "final_distance_cost": 1.7963560341759446, "oscillation_cost": 18.436009835763848, "completition_cost": 0.0, "overshoot_cost": 52.736248912166786, "power_cost": 12.891915014648438, "noise_cost": 12.259910074619054, "n_waypoints_completed": 9, "tot_waypoints": 9}}
{"target": -170.39263097004402, "params": {"k_pid_pos": [0.610588571683564, 0.003972533621210289, 0.005224337981369177], "k_pid_alt": [1.8575078748050509, 0.00012078072689310188, 0.0012910225412971414], "k_pid_att": [21.523466406082502, 5.975237289443524, 0.6542334120390989], "k_pid_yaw": [0.5, 1e-06, 0.1], "k_pid_hsp": [0.09002349881984706, 0.00508466513887887, 0.0], "k_pid_vsp": [184.52512080555803, 233.26738796716253, 0.7458529688625529]}, "datetime": {"datetime": "2025-08-20 20:59:15", "elapsed": 32810.13373160362, "delta": 16.942686796188354}, "costs": {"total_cost": 170.39263097004402, "time_cost": 71.592, "final_distance_cost": 1.7959456769658761, "oscillation_cost": 21.74279652860612, "completition_cost": 0.0, "overshoot_cost": 51.46869521175674, "power_cost": 12.234559008789063, "noise_cost": 11.558634543926246, "n_waypoints_completed": 9, "tot_waypoints": 9}}
{"target": -183.51530298837838, "params": {"k_pid_pos": [0.3402015954073679, 0.003847693654647303, 0.008272124759626543], "k_pid_alt": [1.6000218613490285, 0.00014095824256504303, 0.0016812846953320913], "k_pid_att": [29.64255205900697, 7.633347336608151, 0.7057040209608303], "k_pid_yaw": [0.5, 1e-06, 0.1], "k_pid_hsp": [0.1267917585935411, 0.005209620575953442, 0.0], "k_pid_vsp": [214.51572892313592, 233.5190218601155, 0.6947764846480915]}, "datetime": {"datetime": "2025-08-20 20:59:35", "elapsed": 32829.88327240944, "delta": 19.74954080581665}, "costs": {"total_cost": 183.51530298837838, "time_cost": 83.056, "final_distance_cost": 1.860288458295579, "oscillation_cost": 18.104360634428296, "completition_cost": 0.0, "overshoot_cost": 52.1679437729346, "power_cost": 14.024051416015626, "noise_cost": 14.302658706704273, "n_waypoints_completed": 9, "tot_waypoints": 9}}
{"target": -169.86285826334026, "params": {"k_pid_pos": [0.5847276226290284, 0.0022462484055750602, 0.009756471438350522], "k_pid_alt": [2.0, 0.00016193325186947624, 0.002015037866044257], "k_pid_att": [21.850397952428864, 6.882502869435954, 0.6691917260822451], "k_pid_yaw": [0.5, 1e-06, 0.1], "k_pid_hsp": [0.10576297173224784, 0.00612384051525307, 0.0], "k_pid_vsp": [244.05419064757203, 279.839623978308, 0.6279509347736906]}, "datetime": {"datetime": "2025-08-20 20:59:51", "elapsed": 32845.77643632889, "delta": 15.893163919448853}, "costs": {"total_cost": 169.86285826334026, "time_cost": 71.328, "final_distance_cost": 1.8200531124307653, "oscillation_cost": 22.27087077973722, "completition_cost": 0.0, "overshoot_cost": 50.45600566227752, "power_cost": 12.429513281250001, "noise_cost": 11.558415427644745, "n_waypoints_completed": 9, "tot_waypoints": 9}}
{"target": -169.424956954793, "params": {"k_pid_pos": [0.6815008175364241, 0.0023303386759941113, 0.006741050652816022], "k_pid_alt": [2.0, 0.00010521711593416829, 0.0018137315836479976], "k_pid_att": [31.48971725864671, 6.299801947556624, 0.7511327326226004], "k_pid_yaw": [0.5, 1e-06, 0.1], "k_pid_hsp": [0.13606987582468258, 0.005855129910072605, 0.0], "k_pid_vsp": [202.58443765976645, 229.34012236619813, 0.8237390509389475]}, "datetime": {"datetime": "2025-08-20 21:00:08", "elapsed": 32863.19934916496, "delta": 17.42291283607483}, "costs": {"total_cost": 169.424956954793, "time_cost": 70.512, "final_distance_cost": 1.8208125919962055, "oscillation_cost": 23.835382723777272, "completition_cost": 0.0, "overshoot_cost": 49.98963479797678, "power_cost": 12.036788830566406, "noise_cost": 11.230338010476347, "n_waypoints_completed": 9, "tot_waypoints": 9}}
{"target": -170.66383097860447, "params": {"k_pid_pos": [0.6314930610159019, 0.0036557030656046347, 0.006690120208811909], "k_pid_alt": [1.7264602448249124, 0.00013429646944370123, 0.0017653728339334044], "k_pid_att": [27.52259316934945, 7.35238259384176, 0.9580605745768859], "k_pid_yaw": [0.5, 1e-06, 0.1], "k_pid_hsp": [0.08516146529131842, 0.004872131018098066, 0.0], "k_pid_vsp": [204.94139112366702, 317.7445919728025, 0.651549105674552]}, "datetime": {"datetime": "2025-08-20 21:00:26", "elapsed": 32880.9345741272, "delta": 17.735224962234497}, "costs": {"total_cost": 170.66383097860447, "time_cost": 71.84, "final_distance_cost": 1.8100178902191713, "oscillation_cost": 21.747610502277315, "completition_cost": 0.0, "overshoot_cost": 51.12426430974204, "power_cost": 12.526833801269532, "noise_cost": 11.615104475096409, "n_waypoints_completed": 9, "tot_waypoints": 9}}
{"target": -178.95277088120238, "params": {"k_pid_pos": [0.38544278136074794, 0.0037619342580114588, 0.00741610778853734], "k_pid_alt": [1.8315584059454284, 0.0001531821710259845, 0.002110342878393259], "k_pid_att": [22.184315317503046, 7.370207675423015, 0.7178570674105552], "k_pid_yaw": [0.5, 1e-06, 0.1], "k_pid_hsp": [0.05133628599438169, 0.00477085663639093, 0.0], "k_pid_vsp": [217.84135214735488, 259.44864791053556, 0.7466199167967321]}, "datetime": {"datetime": "2025-08-20 21:00:47", "elapsed": 32902.394869327545, "delta": 21.4602952003479}, "costs": {"total_cost": 178.95277088120238, "time_cost": 81.872, "final_distance_cost": 1.8164953442209664, "oscillation_cost": 13.720773498380439, "completition_cost": 0.0, "overshoot_cost": 55.36977618358249, "power_cost": 13.168805297851563, "noise_cost": 13.004920557166919, "n_waypoints_completed": 9, "tot_waypoints": 9}}
{"target": -170.91463181048303, "params": {"k_pid_pos": [0.6313977879703238, 0.0034407827419570824, 0.006993063387424215], "k_pid_alt": [1.6188833811588241, 0.00012371780188362346, 0.0018666712307612852], "k_pid_att": [24.36611105069529, 7.857734858494362, 0.5545664297509004], "k_pid_yaw": [0.5, 1e-06, 0.1], "k_pid_hsp": [0.11127084685051615, 0.007024165301857323, 0.0], "k_pid_vsp": [285.53019446217013, 265.19500190740325, 0.7578261570664352]}, "datetime": {"datetime": "2025-08-20 21:01:04", "elapsed": 32918.857318639755, "delta": 16.462449312210083}, "costs": {"total_cost": 170.91463181048303, "time_cost": 70.696, "final_distance_cost": 1.8307426405024487, "oscillation_cost": 23.623737900804798, "completition_cost": 0.0, "overshoot_cost": 50.75316684602983, "power_cost": 12.531625903320313, "noise_cost": 11.479358519825677, "n_waypoints_completed": 9, "tot_waypoints": 9}}
