{"target": -171.97240022645724, "params": {"k_pid_pos": [0.8706870883109149, 0.013027346504249351, 0.02843272809149171], "k_pid_alt": [1.750220751232823, 0.0002705046038296065, 0.02981641233194851], "k_pid_att": [39.67204538900254, 6.967257183094293, 0.7713719362965072], "k_pid_yaw": [0.5, 1e-06, 0.1], "k_pid_hsp": [0.1167897672841897, 0.010064961559376391, 0.0], "k_pid_vsp": [302.4396323906869, 162.11528804955074, 1.170014123886695]}, "datetime": {"datetime": "2025-08-20 16:18:48", "elapsed": 15982.59022116661, "delta": 15.800672054290771}, "costs": {"total_cost": 171.97240022645724, "time_cost": 69.712, "final_distance_cost": 1.7961236381929595, "oscillation_cost": 26.65899505894576, "completition_cost": 0.0, "overshoot_cost": 50.461548725967035, "power_cost": 12.169278845214844, "noise_cost": 11.174453958136624, "n_waypoints_completed": 9, "tot_waypoints": 9}}
{"target": -171.67944886108253, "params": {"k_pid_pos": [0.6824416783173656, 0.010714849293985475, 0.01301223428413058], "k_pid_alt": [2.0, 8.200024702305284e-05, 0.03801262006085331], "k_pid_att": [46.808854315361465, 5.626543334283377, 0.652486790572777], "k_pid_yaw": [0.5, 1e-06, 0.1], "k_pid_hsp": [0.1713438874889318, 0.007371197250000118, 0.0], "k_pid_vsp": [213.89812019004992, 74.75306036275695, 0.9634611887501956]}, "datetime": {"datetime": "2025-08-20 16:19:04", "elapsed": 15998.924255132675, "delta": 16.334033966064453}, "costs": {"total_cost": 171.67944886108253, "time_cost": 70.88, "final_distance_cost": 1.8363269677868141, "oscillation_cost": 24.42048409809622, "completition_cost": 0.0, "overshoot_cost": 50.54356508337602, "power_cost": 12.391637255859376, "noise_cost": 11.607435455964094, "n_waypoints_completed": 9, "tot_waypoints": 9}}
{"target": -174.03780550618268, "params": {"k_pid_pos": [0.8656205664416428, 0.011651758839335917, 0.00836938473004307], "k_pid_alt": [1.5926545024558971, 0.00022598956561993856, 0.01385059529954883], "k_pid_att": [36.00980169031116, 7.644110581716009, 0.8562254625781828], "k_pid_yaw": [0.5, 1e-06, 0.1], "k_pid_hsp": [0.09105948880577149, 0.012217155942339167, 0.0], "k_pid_vsp": [152.35626049411994, 180.64197056899914, 0.7537349950225413]}, "datetime": {"datetime": "2025-08-20 16:19:19", "elapsed": 16014.210072278976, "delta": 15.28581714630127}, "costs": {"total_cost": 174.03780550618268, "time_cost": 71.21600000000001, "final_distance_cost": 1.8061686520115174, "oscillation_cost": 26.790784378990455, "completition_cost": 0.0, "overshoot_cost": 50.49593432588516, "power_cost": 12.447730383300781, "noise_cost": 11.281187765994748, "n_waypoints_completed": 9, "tot_waypoints": 9}}
{"target": -178.35511751265008, "params": {"k_pid_pos": [0.45902314758424206, 0.00847380204499507, 0.002415934780565067], "k_pid_alt": [1.172822004164823, 0.0, 0.05064686424643983], "k_pid_att": [27.342212453224118, 5.66119471373807, 1.0], "k_pid_yaw": [0.5, 1e-06, 0.1], "k_pid_hsp": [0.17738485748531704, 0.012825140400062615, 0.0], "k_pid_vsp": [287.26442182398387, 115.03191074314311, 1.575589814435692]}, "datetime": {"datetime": "2025-08-20 16:19:36", "elapsed": 16031.242505550385, "delta": 17.03243327140808}, "costs": {"total_cost": 178.35511751265008, "time_cost": 77.048, "final_distance_cost": 1.8580408773727994, "oscillation_cost": 23.467462045958058, "completition_cost": 0.0, "overshoot_cost": 50.06712338427733, "power_cost": 12.998628540039062, "noise_cost": 12.915862665002834, "n_waypoints_completed": 9, "tot_waypoints": 9}}
{"target": -169.78382727880617, "params": {"k_pid_pos": [0.7136037107010789, 0.0, 0.02121825865286145], "k_pid_alt": [1.1816722158986546, 0.00024778887643654035, 0.03864520623872478], "k_pid_att": [55.27121436163327, 6.513371895483594, 0.4556251128595144], "k_pid_yaw": [0.5, 1e-06, 0.1], "k_pid_hsp": [0.11259878305789472, 0.0051370461945277526, 0.0], "k_pid_vsp": [324.8436285886982, 124.80220308464853, 0.9185185587010868]}, "datetime": {"datetime": "2025-08-20 16:19:52", "elapsed": 16047.443416595459, "delta": 16.200911045074463}, "costs": {"total_cost": 169.78382727880617, "time_cost": 71.0, "final_distance_cost": 1.7975957896170758, "oscillation_cost": 24.142387829703935, "completition_cost": 0.0, "overshoot_cost": 50.27675782939816, "power_cost": 11.480396789550781, "noise_cost": 11.086689040536216, "n_waypoints_completed": 9, "tot_waypoints": 9}}
{"target": -175.28638921471094, "params": {"k_pid_pos": [0.9968918561886135, 0.00502244743160227, 0.015966891454977192], "k_pid_alt": [1.580618974048743, 0.00021349840889571843, 0.038086873559044], "k_pid_att": [60.064485106461575, 5.377125700763976, 0.988503773665526], "k_pid_yaw": [0.5, 1e-06, 0.1], "k_pid_hsp": [0.09343099611250348, 0.012089034272791788, 0.0], "k_pid_vsp": [200.12277968745522, 62.90370564249104, 1.5407319491319467]}, "datetime": {"datetime": "2025-08-20 16:20:08", "elapsed": 16063.260729551315, "delta": 15.817312955856323}, "costs": {"total_cost": 175.28638921471094, "time_cost": 71.56, "final_distance_cost": 1.7866133160377926, "oscillation_cost": 28.235924612188477, "completition_cost": 0.0, "overshoot_cost": 50.18817540982283, "power_cost": 12.177743054199219, "noise_cost": 11.33793282246263, "n_waypoints_completed": 9, "tot_waypoints": 9}}
{"target": -171.03482884344484, "params": {"k_pid_pos": [0.7954013642978296, 0.018589100466093862, 0.008568857288586728], "k_pid_alt": [1.3298660826262514, 0.000301515481781442, 0.040280865879263626], "k_pid_att": [45.723321991164035, 6.233468928236792, 0.8939810812057716], "k_pid_yaw": [0.5, 1e-06, 0.1], "k_pid_hsp": [0.11883067465241964, 0.006895507523018295, 0.0], "k_pid_vsp": [240.87911665966305, 164.4464773614094, 1.337935454473478]}, "datetime": {"datetime": "2025-08-20 16:20:24", "elapsed": 16078.628060817719, "delta": 15.367331266403198}, "costs": {"total_cost": 171.03482884344484, "time_cost": 70.08, "final_distance_cost": 1.7862125526893138, "oscillation_cost": 25.646330657464155, "completition_cost": 0.0, "overshoot_cost": 49.98174132261478, "power_cost": 12.199221203613282, "noise_cost": 11.34132310706331, "n_waypoints_completed": 9, "tot_waypoints": 9}}
{"target": -175.90534591144734, "params": {"k_pid_pos": [0.775875605692297, 0.008603692969578467, 0.0], "k_pid_alt": [1.8646694732211486, 0.00022409332277352833, 0.03622137783483786], "k_pid_att": [53.88287570066507, 5.233415410886271, 0.7793162665548011], "k_pid_yaw": [0.5, 1e-06, 0.1], "k_pid_hsp": [0.06565869353968513, 0.010801559819452999, 0.0], "k_pid_vsp": [183.08012187592817, 62.388235542719706, 1.063062792630009]}, "datetime": {"datetime": "2025-08-20 16:20:40", "elapsed": 16095.162154436111, "delta": 16.534093618392944}, "costs": {"total_cost": 175.90534591144734, "time_cost": 73.632, "final_distance_cost": 1.7437102166476852, "oscillation_cost": 23.81999042264058, "completition_cost": 0.0, "overshoot_cost": 52.5713604276908, "power_cost": 12.562020458984376, "noise_cost": 11.576264385483913, "n_waypoints_completed": 9, "tot_waypoints": 9}}
{"target": -171.8389936365481, "params": {"k_pid_pos": [0.6034516562760547, 0.008826629911403578, 0.018085147313582087], "k_pid_alt": [1.5069145519705784, 0.00013433629939037353, 0.018774368637644902], "k_pid_att": [20.824829932170065, 7.017806080604548, 0.6545354616342325], "k_pid_yaw": [0.5, 1e-06, 0.1], "k_pid_hsp": [0.14326127697499666, 0.012697428301290366, 0.0], "k_pid_vsp": [291.1568422276335, 110.695112439404, 1.6975097550152976]}, "datetime": {"datetime": "2025-08-20 16:20:56", "elapsed": 16111.114254236221, "delta": 15.952099800109863}, "costs": {"total_cost": 171.8389936365481, "time_cost": 71.352, "final_distance_cost": 1.844311736094964, "oscillation_cost": 24.57911902216372, "completition_cost": 0.0, "overshoot_cost": 50.30412733382469, "power_cost": 12.217667150878906, "noise_cost": 11.541768393585835, "n_waypoints_completed": 9, "tot_waypoints": 9}}
{"target": -182.75041618857648, "params": {"k_pid_pos": [0.8471792315029781, 0.010609767850468492, 0.017092176056006134], "k_pid_alt": [2.0, 0.0001341162322371495, 0.024216828644406777], "k_pid_att": [35.30944217855457, 7.277271298346748, 0.6267692080386174], "k_pid_yaw": [0.5, 1e-06, 0.1], "k_pid_hsp": [0.04807816956025166, 0.008504528210765529, 0.0], "k_pid_vsp": [252.20194177057581, 160.21543217914308, 0.5854951056200403]}, "datetime": {"datetime": "2025-08-20 16:21:14", "elapsed": 16129.179686784744, "delta": 18.06543254852295}, "costs": {"total_cost": 182.75041618857648, "time_cost": 79.864, "final_distance_cost": 1.7799354094754847, "oscillation_cost": 22.44270082606171, "completition_cost": 0.0, "overshoot_cost": 53.629592805500664, "power_cost": 12.76861248779297, "noise_cost": 12.265574659745612, "n_waypoints_completed": 9, "tot_waypoints": 9}}
{"target": -173.89176471322466, "params": {"k_pid_pos": [0.7971200894942371, 0.010075881507899948, 0.021423670059934462], "k_pid_alt": [0.8383776183484907, 0.0001876295265494524, 0.03750963260262329], "k_pid_att": [28.369003152644712, 3.273229845961381, 0.9140623270384246], "k_pid_yaw": [0.5, 1e-06, 0.1], "k_pid_hsp": [0.0991355202226087, 0.012950767135364624, 0.0], "k_pid_vsp": [255.62600729263508, 93.34820650111571, 2.00414046988767]}, "datetime": {"datetime": "2025-08-20 16:21:30", "elapsed": 16145.398224592209, "delta": 16.2185378074646}, "costs": {"total_cost": 173.89176471322466, "time_cost": 73.096, "final_distance_cost": 1.791189414338839, "oscillation_cost": 25.840475676353073, "completition_cost": 0.0, "overshoot_cost": 50.18810055241398, "power_cost": 11.825956005859375, "noise_cost": 11.150043064259387, "n_waypoints_completed": 9, "tot_waypoints": 9}}
{"target": -172.08956008780967, "params": {"k_pid_pos": [0.5619432934783837, 0.007140497090518884, 0.011346434371901517], "k_pid_alt": [1.3881157575430672, 0.00029719161930219815, 0.017909483361798467], "k_pid_att": [9.063495289357368, 8.262054124525317, 0.24364006001783714], "k_pid_yaw": [0.5, 1e-06, 0.1], "k_pid_hsp": [0.1267121312580263, 0.00871763195437485, 0.0], "k_pid_vsp": [355.4294727903184, 142.49804295487772, 0.8593265991759546]}, "datetime": {"datetime": "2025-08-20 16:21:46", "elapsed": 16161.246269226074, "delta": 15.848044633865356}, "costs": {"total_cost": 172.08956008780967, "time_cost": 71.768, "final_distance_cost": 1.8294650571379887, "oscillation_cost": 24.270585433862042, "completition_cost": 0.0, "overshoot_cost": 50.408642907194306, "power_cost": 12.147135681152344, "noise_cost": 11.665731008462984, "n_waypoints_completed": 9, "tot_waypoints": 9}}
{"target": -390.07161121662665, "params": {"k_pid_pos": [0.9498756139601738, 0.008676660749950224, 0.015621206070230572], "k_pid_alt": [0.2524127872412704, 0.0002232762403210303, 0.046352008652906986], "k_pid_att": [32.863198721104204, 2.8451795908786432, 0.612592318043267], "k_pid_yaw": [0.5, 1e-06, 0.1], "k_pid_hsp": [0.07455709379461195, 0.007137900729223281, 0.0], "k_pid_vsp": [226.0084098272464, 117.92381790520015, 1.7605535225721056]}, "datetime": {"datetime": "2025-08-20 16:22:09", "elapsed": 16183.83300280571, "delta": 22.58673357963562}, "costs": {"total_cost": 390.07161121662665, "time_cost": 150, "final_distance_cost": 17.180916907843333, "oscillation_cost": 27.283874964018118, "completition_cost": 111.11111111111116, "overshoot_cost": 53.599965158419565, "power_cost": 16.569139013671876, "noise_cost": 14.32660406156266, "n_waypoints_completed": 8, "tot_waypoints": 9}}
{"target": -171.11046797749236, "params": {"k_pid_pos": [0.44598446848756623, 0.005788240386445056, 0.03342648206804396], "k_pid_alt": [1.3575663572439691, 0.0001484039964210757, 0.03522115711008905], "k_pid_att": [37.599423780553515, 3.114142526585505, 0.7340602905219353], "k_pid_yaw": [0.5, 1e-06, 0.1], "k_pid_hsp": [0.09397311598971564, 0.0070875917822612435, 0.0], "k_pid_vsp": [358.4309099507165, 153.0333996546225, 1.1981098077713759]}, "datetime": {"datetime": "2025-08-20 16:22:26", "elapsed": 16200.783853530884, "delta": 16.95085072517395}, "costs": {"total_cost": 171.11046797749236, "time_cost": 74.64, "final_distance_cost": 1.8395508830273617, "oscillation_cost": 18.323593012369408, "completition_cost": 0.0, "overshoot_cost": 51.985480190813114, "power_cost": 12.244766552734376, "noise_cost": 12.077077338548108, "n_waypoints_completed": 9, "tot_waypoints": 9}}
{"target": -177.5848062363492, "params": {"k_pid_pos": [0.9852222257989247, 0.0015223880932541095, 0.022935730963464598], "k_pid_alt": [1.9805143333292623, 0.00012842131011136626, 0.04163545083687165], "k_pid_att": [31.473302809231246, 7.856575296797676, 0.5499515976374144], "k_pid_yaw": [0.5, 1e-06, 0.1], "k_pid_hsp": [0.07439267324307475, 0.014337459027201757, 0.0], "k_pid_vsp": [202.55054928641198, 96.38742626195248, 1.4725701673171152]}, "datetime": {"datetime": "2025-08-20 16:22:42", "elapsed": 16216.882695674896, "delta": 16.09884214401245}, "costs": {"total_cost": 177.5848062363492, "time_cost": 72.24, "final_distance_cost": 1.7854873641667244, "oscillation_cost": 28.393317775257625, "completition_cost": 0.0, "overshoot_cost": 51.163717189154404, "power_cost": 12.568675451660157, "noise_cost": 11.433608456110285, "n_waypoints_completed": 9, "tot_waypoints": 9}}
{"target": -175.3055320331082, "params": {"k_pid_pos": [0.8345908511314657, 0.005457563454103291, 0.009322756369039325], "k_pid_alt": [1.5644258645961113, 0.00016492295101786642, 0.03537490791531975], "k_pid_att": [59.47274859567526, 9.299887772669093, 0.6597240600967893], "k_pid_yaw": [0.5, 1e-06, 0.1], "k_pid_hsp": [0.06865746923551495, 0.008450401985446684, 0.0], "k_pid_vsp": [276.3529181131974, 127.44248925882603, 0.07354959668151105]}, "datetime": {"datetime": "2025-08-20 16:22:58", "elapsed": 16233.334960460663, "delta": 16.4522647857666}, "costs": {"total_cost": 175.3055320331082, "time_cost": 73.408, "final_distance_cost": 1.8013873419873565, "oscillation_cost": 24.657329542564746, "completition_cost": 0.0, "overshoot_cost": 51.43037208989392, "power_cost": 12.525650720214845, "noise_cost": 11.482792338447336, "n_waypoints_completed": 9, "tot_waypoints": 9}}
{"target": -170.30088928860692, "params": {"k_pid_pos": [0.7899371870971486, 0.00034602725694904673, 0.018511753723275556], "k_pid_alt": [1.590772458584894, 0.00011397053383253553, 0.0448383362334925], "k_pid_att": [35.80640375382739, 7.816418407506478, 0.5271233018440169], "k_pid_yaw": [0.5, 1e-06, 0.1], "k_pid_hsp": [0.12148183505348864, 0.009590018468377011, 0.0], "k_pid_vsp": [347.2216344276963, 133.59289783595494, 1.2267557887310325]}, "datetime": {"datetime": "2025-08-20 16:23:14", "elapsed": 16249.235668897629, "delta": 15.900708436965942}, "costs": {"total_cost": 170.30088928860692, "time_cost": 69.928, "final_distance_cost": 1.818655642566706, "oscillation_cost": 25.764035433449035, "completition_cost": 0.0, "overshoot_cost": 50.09180490565121, "power_cost": 11.641856762695314, "noise_cost": 11.056536544244667, "n_waypoints_completed": 9, "tot_waypoints": 9}}
{"target": -4766.0643684449105, "params": {"k_pid_pos": [0.16606769550054543, 0.0009624165375155636, 0.016848674984659827], "k_pid_alt": [1.9834153883939722, 0.0001829969273360007, 0.04343201913704775], "k_pid_att": [0.0, 10.0, 0.9289859639004717], "k_pid_yaw": [0.5, 1e-06, 0.1], "k_pid_hsp": [0.10407326578853292, 0.006617152706155031, 0.0], "k_pid_vsp": [213.96079004969985, 123.32588034823328, 1.226117571683361]}, "datetime": {"datetime": "2025-08-20 16:23:36", "elapsed": 16271.337574720383, "delta": 22.101905822753906}, "costs": {"total_cost": 4766.0643684449105, "time_cost": 150, "final_distance_cost": 824.5595177025906, "oscillation_cost": 1821.9508961933223, "completition_cost": 888.8888888888888, "overshoot_cost": 967.065845843159, "power_cost": 31.63946297607422, "noise_cost": 81.95975684087618, "n_waypoints_completed": 1, "tot_waypoints": 9}}
{"target": -172.34603226397525, "params": {"k_pid_pos": [0.47046804151712235, 0.002975972270403636, 0.015338097805565441], "k_pid_alt": [0.941410593276999, 0.00014174026332451964, 0.028507983999562794], "k_pid_att": [14.961332963118304, 7.69259635323701, 0.8720027235027189], "k_pid_yaw": [0.5, 1e-06, 0.1], "k_pid_hsp": [0.10391311894142884, 0.0067789829471475846, 0.0], "k_pid_vsp": [324.2449793459161, 135.53603764278952, 0.7876053458085664]}, "datetime": {"datetime": "2025-08-20 16:23:53", "elapsed": 16287.704711675644, "delta": 16.36713695526123}, "costs": {"total_cost": 172.34603226397525, "time_cost": 74.792, "final_distance_cost": 1.8328776078991373, "oscillation_cost": 20.149565611284594, "completition_cost": 0.0, "overshoot_cost": 50.920024806715766, "power_cost": 12.582759924316408, "noise_cost": 12.068804313759355, "n_waypoints_completed": 9, "tot_waypoints": 9}}
{"target": -201.66315199610213, "params": {"k_pid_pos": [1.1841339820609276, 0.003803171264011739, 0.022751046166481312], "k_pid_alt": [0.46033710232158237, 0.00015859794058539737, 0.04315783872626877], "k_pid_att": [11.46040993451894, 5.986129166549868, 0.5964089579633556], "k_pid_yaw": [0.5, 1e-06, 0.1], "k_pid_hsp": [0.04440499336156542, 0.007897001319505608, 0.0], "k_pid_vsp": [400.0, 76.78966916378852, 0.5654214315276237]}, "datetime": {"datetime": "2025-08-20 16:24:13", "elapsed": 16308.043294429779, "delta": 20.338582754135132}, "costs": {"total_cost": 201.66315199610213, "time_cost": 89.496, "final_distance_cost": 1.8161459557143491, "oscillation_cost": 26.3979328379956, "completition_cost": 0.0, "overshoot_cost": 56.07409979732006, "power_cost": 14.611834899902345, "noise_cost": 13.267138505169791, "n_waypoints_completed": 9, "tot_waypoints": 9}}
{"target": -732.9605819603743, "params": {"k_pid_pos": [0.7684738526699713, 0.005864361217130351, 0.017039441539328754], "k_pid_alt": [0.8739062398539535, 0.0001385099978134265, 0.05211367218288293], "k_pid_att": [36.7709795182941, 8.281497611399674, 0.584051730481971], "k_pid_yaw": [0.5, 1e-06, 0.1], "k_pid_hsp": [0.024867759790211344, 0.01126096714955914, 0.0], "k_pid_vsp": [258.2681684038271, 167.16162287812637, 1.4053866093352934]}, "datetime": {"datetime": "2025-08-20 16:24:36", "elapsed": 16330.823791265488, "delta": 22.780496835708618}, "costs": {"total_cost": 732.9605819603743, "time_cost": 150, "final_distance_cost": 50.82140304341759, "oscillation_cost": 13.88595219436113, "completition_cost": 444.4444444444444, "overshoot_cost": 46.49588093890373, "power_cost": 13.972724353027344, "noise_cost": 13.340176986220028, "n_waypoints_completed": 5, "tot_waypoints": 9}}
{"target": -181.20732862583557, "params": {"k_pid_pos": [0.8821376826712891, 0.011839269509934365, 0.0180696123038453], "k_pid_alt": [1.5240359281029219, 0.00014162782242696512, 0.029951090476795884], "k_pid_att": [21.493893028641804, 10.0, 0.7217547567988983], "k_pid_yaw": [0.5, 1e-06, 0.1], "k_pid_hsp": [0.05280963323733969, 0.006531419263306778, 0.0], "k_pid_vsp": [357.30558999466695, 121.34766076472464, 0.8772663405177159]}, "datetime": {"datetime": "2025-08-20 16:24:54", "elapsed": 16348.90378689766, "delta": 18.07999563217163}, "costs": {"total_cost": 181.20732862583557, "time_cost": 78.056, "final_distance_cost": 1.7481017439077386, "oscillation_cost": 23.652529098929552, "completition_cost": 0.0, "overshoot_cost": 52.65417831011157, "power_cost": 12.84811766357422, "noise_cost": 12.248401809312488, "n_waypoints_completed": 9, "tot_waypoints": 9}}
{"target": -176.3560635874472, "params": {"k_pid_pos": [0.6560941997987074, 0.0033560030974593177, 0.018866569297168602], "k_pid_alt": [0.9952613062458721, 0.00020831456930741146, 0.04686840415249081], "k_pid_att": [45.09567086651753, 4.397127544851295, 0.9740755155624049], "k_pid_yaw": [0.5, 1e-06, 0.1], "k_pid_hsp": [0.05233226015174719, 0.008906385694928638, 0.0], "k_pid_vsp": [293.05518513365877, 133.93593558377572, 1.5899398478083568]}, "datetime": {"datetime": "2025-08-20 16:25:13", "elapsed": 16368.40345287323, "delta": 19.49966597557068}, "costs": {"total_cost": 176.3560635874472, "time_cost": 77.464, "final_distance_cost": 1.7684846579452407, "oscillation_cost": 19.84427741160561, "completition_cost": 0.0, "overshoot_cost": 53.30674623318284, "power_cost": 12.160389196777345, "noise_cost": 11.812166087936172, "n_waypoints_completed": 9, "tot_waypoints": 9}}
{"target": -172.1779829655293, "params": {"k_pid_pos": [0.769654335756346, 0.012672324369802, 0.02387661360963765], "k_pid_alt": [2.0, 0.00014815440510199734, 0.04557496433438565], "k_pid_att": [25.099409406832468, 4.934601190958964, 0.0], "k_pid_yaw": [0.5, 1e-06, 0.1], "k_pid_hsp": [0.12186082032759304, 0.010700403834035596, 0.0], "k_pid_vsp": [400.0, 148.3562044795985, 0.4673185819770332]}, "datetime": {"datetime": "2025-08-20 16:25:28", "elapsed": 16383.373034000397, "delta": 14.969581127166748}, "costs": {"total_cost": 172.1779829655293, "time_cost": 70.136, "final_distance_cost": 1.803430337305003, "oscillation_cost": 27.278975808151404, "completition_cost": 0.0, "overshoot_cost": 50.17989051330372, "power_cost": 11.663432360839844, "noise_cost": 11.116253945929376, "n_waypoints_completed": 9, "tot_waypoints": 9}}
{"target": -1213.0566759917099, "params": {"k_pid_pos": [0.2854705701573799, 0.004084590231092574, 0.014512507861520835], "k_pid_alt": [1.684389335070719, 0.00020730258073770025, 0.05837397813378182], "k_pid_att": [50.2727887885869, 8.60579633281523, 0.6600545649802684], "k_pid_yaw": [0.5, 1e-06, 0.1], "k_pid_hsp": [0.0001, 0.00612487651858355, 0.0], "k_pid_vsp": [267.7334390634153, 114.05133799411153, 1.2169998914004887]}, "datetime": {"datetime": "2025-08-20 16:25:50", "elapsed": 16405.38419651985, "delta": 22.011162519454956}, "costs": {"total_cost": 1213.0566759917099, "time_cost": 150, "final_distance_cost": 57.095843374386085, "oscillation_cost": 0.8919938372933349, "completition_cost": 888.8888888888888, "overshoot_cost": 90.41319762667392, "power_cost": 12.824608044433594, "noise_cost": 12.942144220034168, "n_waypoints_completed": 1, "tot_waypoints": 9}}
