{"target": -233.64027500829494, "params": {"k_pid_pos": [1.3617415582408743, 0.0, 0.4880184752487972], "k_pid_alt": [0.3507028373204211, 7.016641008655572e-05, 0.25764307299309097], "k_pid_att": [38.3068467320445, 2.4098492525028123, 1.0], "k_pid_yaw": [0.5, 1e-06, 0.1], "k_pid_hsp": [0.6511503461175432, 0.07145198823643871, 0.0], "k_pid_vsp": [0.0, 137.54459703804486, 1.4609492947599527]}, "datetime": {"datetime": "2025-08-20 14:13:46", "elapsed": 8480.859112501144, "delta": 25.099412441253662}, "costs": {"total_cost": 233.64027500829494, "time_cost": 95.624, "final_distance_cost": 1.8355960615627194, "oscillation_cost": 52.009662494094364, "completition_cost": 0.0, "overshoot_cost": 52.88032954949965, "power_cost": 18.245781311035156, "noise_cost": 13.044905592103053, "n_waypoints_completed": 9, "tot_waypoints": 9}}
{"target": -179.6301351893813, "params": {"k_pid_pos": [1.2761406005517564, 0.0, 0.2643317257842692], "k_pid_alt": [2.0, 0.00017098925972876202, 0.0], "k_pid_att": [70.33617889440512, 2.2490597674449075, 1.0], "k_pid_yaw": [0.5, 1e-06, 0.1], "k_pid_hsp": [0.9779973329640911, 0.0985654537417512, 0.0], "k_pid_vsp": [209.3147481386031, 274.73879757875744, 4.045064087865]}, "datetime": {"datetime": "2025-08-20 14:14:04", "elapsed": 8498.936586141586, "delta": 18.077473640441895}, "costs": {"total_cost": 179.6301351893813, "time_cost": 69.48, "final_distance_cost": 1.8490304108465772, "oscillation_cost": 34.32095166793279, "completition_cost": 0.0, "overshoot_cost": 50.08515057791542, "power_cost": 12.335341479492188, "noise_cost": 11.559661053194294, "n_waypoints_completed": 9, "tot_waypoints": 9}}
{"target": -178.26344749397447, "params": {"k_pid_pos": [1.6777848691331512, 0.025141178710200437, 0.3102579214927645], "k_pid_alt": [2.0, 0.00018275136538568448, 0.4116983604691817], "k_pid_att": [74.07356012760475, 2.2396614592586763, 0.9276633767366903], "k_pid_yaw": [0.5, 1e-06, 0.1], "k_pid_hsp": [1.258049201298854, 0.07351558194689571, 0.0], "k_pid_vsp": [97.39773944897702, 189.3713275426802, 1e-06]}, "datetime": {"datetime": "2025-08-20 14:14:22", "elapsed": 8516.902767181396, "delta": 17.96618103981018}, "costs": {"total_cost": 178.26344749397447, "time_cost": 68.48, "final_distance_cost": 1.7872913910244708, "oscillation_cost": 34.681174602713696, "completition_cost": 0.0, "overshoot_cost": 49.996630143416944, "power_cost": 12.154660314941406, "noise_cost": 11.163691041877971, "n_waypoints_completed": 9, "tot_waypoints": 9}}
{"target": -179.77474122381005, "params": {"k_pid_pos": [1.0101666885715639, 0.07475803137466623, 0.4524564733295348], "k_pid_alt": [1.3635300545095754, 0.00010512012770191875, 0.07380490197258875], "k_pid_att": [58.51494646379418, 1.9374883085011536, 0.8835711924698098], "k_pid_yaw": [0.5, 1e-06, 0.1], "k_pid_hsp": [2.0986756520575347, 0.06863145407993676, 0.0], "k_pid_vsp": [120.96794267419811, 222.22381111806035, 5.6009074770311384]}, "datetime": {"datetime": "2025-08-20 14:14:41", "elapsed": 8535.91998052597, "delta": 19.017213344573975}, "costs": {"total_cost": 179.77474122381005, "time_cost": 72.296, "final_distance_cost": 1.8369850197022481, "oscillation_cost": 31.69886211374065, "completition_cost": 0.0, "overshoot_cost": 49.61647017364248, "power_cost": 12.357931420898439, "noise_cost": 11.968492495826226, "n_waypoints_completed": 9, "tot_waypoints": 9}}
{"target": -980.9458333216712, "params": {"k_pid_pos": [0.10537448627913877, 0.054507659144821856, 0.4316959522277772], "k_pid_alt": [0.5873087955949603, 6.323096829543281e-05, 0.21751573851835562], "k_pid_att": [13.542576261160468, 2.1232932582643342, 1.0], "k_pid_yaw": [0.5, 1e-06, 0.1], "k_pid_hsp": [0.025603146829821084, 0.07459002116053906, 0.0], "k_pid_vsp": [334.1178479047999, 259.5752150014077, 2.8423111975212447]}, "datetime": {"datetime": "2025-08-20 14:15:08", "elapsed": 8562.628737688065, "delta": 26.708757162094116}, "costs": {"total_cost": 980.9458333216712, "time_cost": 150, "final_distance_cost": 53.74395574993772, "oscillation_cost": 18.021089287855702, "completition_cost": 666.6666666666667, "overshoot_cost": 62.185793501207, "power_cost": 16.234564477539063, "noise_cost": 14.093763638465052, "n_waypoints_completed": 3, "tot_waypoints": 9}}
{"target": -176.09060932590947, "params": {"k_pid_pos": [1.827843828409317, 0.016275015432306115, 0.4271296926731567], "k_pid_alt": [1.5527727771645263, 8.266105134381889e-05, 0.08614759780675778], "k_pid_att": [23.08310935859102, 1.093325632170461, 0.8298728248765975], "k_pid_yaw": [0.5, 1e-06, 0.1], "k_pid_hsp": [0.9301003354899585, 0.040207275020148266, 0.0], "k_pid_vsp": [400.0, 139.9782240832304, 4.289064639363832]}, "datetime": {"datetime": "2025-08-20 14:15:26", "elapsed": 8580.738814353943, "delta": 18.110076665878296}, "costs": {"total_cost": 176.09060932590947, "time_cost": 68.752, "final_distance_cost": 1.8092231567194283, "oscillation_cost": 31.987703936711036, "completition_cost": 0.0, "overshoot_cost": 49.50528601444483, "power_cost": 12.668102233886719, "noise_cost": 11.368293984147483, "n_waypoints_completed": 9, "tot_waypoints": 9}}
{"target": -178.33567809258307, "params": {"k_pid_pos": [1.3840847206478681, 0.147878818985917, 0.10489309048323699], "k_pid_alt": [2.0, 6.941631737688682e-05, 0.1582931473175679], "k_pid_att": [60.51729794684656, 2.533012680753256, 1.0], "k_pid_yaw": [0.5, 1e-06, 0.1], "k_pid_hsp": [1.2133918162644362, 0.0, 0.0], "k_pid_vsp": [377.7085269174395, 94.27549627615713, 4.754951710460342]}, "datetime": {"datetime": "2025-08-20 14:15:44", "elapsed": 8598.823708295822, "delta": 18.084893941879272}, "costs": {"total_cost": 178.33567809258307, "time_cost": 69.536, "final_distance_cost": 1.7978170259795503, "oscillation_cost": 32.25419022619499, "completition_cost": 0.0, "overshoot_cost": 50.665655860297484, "power_cost": 12.619608447265625, "noise_cost": 11.462406532845424, "n_waypoints_completed": 9, "tot_waypoints": 9}}
{"target": -188.730844208773, "params": {"k_pid_pos": [2.0, 0.0045542685110337155, 0.05816801358549025], "k_pid_alt": [2.0, 0.0001771606963473009, 0.14748656834585908], "k_pid_att": [49.39964416178583, 2.0916029390408304, 0.9920821146446303], "k_pid_yaw": [0.5, 1e-06, 0.1], "k_pid_hsp": [1.3545125327871084, 0.09593423347420765, 0.0], "k_pid_vsp": [20.21455946616671, 182.1314234000566, 2.501143185023582]}, "datetime": {"datetime": "2025-08-20 14:16:00", "elapsed": 8615.06659245491, "delta": 16.242884159088135}, "costs": {"total_cost": 188.730844208773, "time_cost": 69.04, "final_distance_cost": 1.7810409908644265, "oscillation_cost": 43.082089754614685, "completition_cost": 0.0, "overshoot_cost": 50.88503369197666, "power_cost": 12.893062255859375, "noise_cost": 11.04961751545784, "n_waypoints_completed": 9, "tot_waypoints": 9}}
{"target": -179.73521459748383, "params": {"k_pid_pos": [2.0, 0.13309144406303827, 0.38789020017368214], "k_pid_alt": [1.9253141153844069, 0.00016868861763171268, 0.21844998423300552], "k_pid_att": [51.09007359993362, 2.850163343396194, 0.5447087518078665], "k_pid_yaw": [0.5, 1e-06, 0.1], "k_pid_hsp": [0.34897101869979213, 0.08842683489248321, 0.0], "k_pid_vsp": [371.29326540601846, 354.02692550452576, 2.8481105238071103]}, "datetime": {"datetime": "2025-08-20 14:16:18", "elapsed": 8633.25088763237, "delta": 18.184295177459717}, "costs": {"total_cost": 179.73521459748383, "time_cost": 68.568, "final_distance_cost": 1.8059058431576365, "oscillation_cost": 35.67664850366099, "completition_cost": 0.0, "overshoot_cost": 49.92367470789702, "power_cost": 12.560966223144533, "noise_cost": 11.20001931962365, "n_waypoints_completed": 9, "tot_waypoints": 9}}
{"target": -177.4676350037861, "params": {"k_pid_pos": [1.40881941336479, 0.0, 0.12831445669206923], "k_pid_alt": [1.0492571830273656, 5.7240084153621226e-05, 0.19220587464893427], "k_pid_att": [60.80565146273898, 3.3873722548360106, 1.0], "k_pid_yaw": [0.5, 1e-06, 0.1], "k_pid_hsp": [0.8901903646396591, 0.1104063923724155, 0.0], "k_pid_vsp": [263.73887419348404, 76.12214213537462, 1.6744685670720287]}, "datetime": {"datetime": "2025-08-20 14:16:37", "elapsed": 8652.319411993027, "delta": 19.06852436065674}, "costs": {"total_cost": 177.4676350037861, "time_cost": 69.848, "final_distance_cost": 1.828351021654115, "oscillation_cost": 32.77559391292666, "completition_cost": 0.0, "overshoot_cost": 49.54969349114918, "power_cost": 12.240092907714844, "noise_cost": 11.22590367034129, "n_waypoints_completed": 9, "tot_waypoints": 9}}
{"target": -176.72433566634726, "params": {"k_pid_pos": [1.466640621987222, 0.017630797486758495, 0.32889540419706353], "k_pid_alt": [1.4547186976624091, 5.9848495561156354e-05, 0.14105442800325618], "k_pid_att": [18.449379597554017, 3.274362645064373, 1.0], "k_pid_yaw": [0.5, 1e-06, 0.1], "k_pid_hsp": [1.4987605270505224, 0.0016355289225491315, 0.0], "k_pid_vsp": [53.096644285168814, 118.61430527192994, 1.4685170338164986]}, "datetime": {"datetime": "2025-08-20 14:16:57", "elapsed": 8672.503137350082, "delta": 20.183725357055664}, "costs": {"total_cost": 176.72433566634726, "time_cost": 68.736, "final_distance_cost": 1.8422104620133484, "oscillation_cost": 32.15160024099057, "completition_cost": 0.0, "overshoot_cost": 49.74223574295414, "power_cost": 12.782417065429689, "noise_cost": 11.469872154959518, "n_waypoints_completed": 9, "tot_waypoints": 9}}
{"target": -177.51616567855595, "params": {"k_pid_pos": [0.9706392203751001, 0.011520224930480305, 0.26552888357859944], "k_pid_alt": [1.7895525009436337, 0.00010119249194131214, 0.2097630801671835], "k_pid_att": [42.725313213515705, 1.3732679734506383, 0.9163114056000176], "k_pid_yaw": [0.5, 1e-06, 0.1], "k_pid_hsp": [0.2445580596721482, 0.08831261638065228, 0.0], "k_pid_vsp": [185.98585697556868, 101.93343944535972, 2.9134895853272673]}, "datetime": {"datetime": "2025-08-20 14:17:15", "elapsed": 8690.296752214432, "delta": 17.793614864349365}, "costs": {"total_cost": 177.51616567855595, "time_cost": 70.552, "final_distance_cost": 1.8534161846687038, "oscillation_cost": 31.37605198961236, "completition_cost": 0.0, "overshoot_cost": 49.60189559995455, "power_cost": 12.400783337402345, "noise_cost": 11.73201856691799, "n_waypoints_completed": 9, "tot_waypoints": 9}}
{"target": -176.24121452278578, "params": {"k_pid_pos": [1.6633585283886712, 0.0006352558174910296, 0.3564319424710916], "k_pid_alt": [2.0, 6.964890357772408e-05, 0.16424196105056754], "k_pid_att": [51.364440710119446, 3.500926742120105, 1.0], "k_pid_yaw": [0.5, 1e-06, 0.1], "k_pid_hsp": [1.0264010635399623, 0.0, 0.0], "k_pid_vsp": [155.1092943977952, 305.9681780557879, 4.173564849967126]}, "datetime": {"datetime": "2025-08-20 14:17:32", "elapsed": 8707.092002391815, "delta": 16.795250177383423}, "costs": {"total_cost": 176.24121452278578, "time_cost": 68.83200000000001, "final_distance_cost": 1.825921697727942, "oscillation_cost": 31.672263806435176, "completition_cost": 0.0, "overshoot_cost": 50.42186357997291, "power_cost": 12.264540051269531, "noise_cost": 11.22462538738021, "n_waypoints_completed": 9, "tot_waypoints": 9}}
{"target": -176.92104952922307, "params": {"k_pid_pos": [1.5338830988857755, 0.0, 0.18561852681592975], "k_pid_alt": [2.0, 0.00014957202462650393, 0.0], "k_pid_att": [64.6531290273265, 1.3868340894434492, 0.5623756565067571], "k_pid_yaw": [0.5, 1e-06, 0.1], "k_pid_hsp": [1.0649276109548382, 0.11386858735277548, 0.0], "k_pid_vsp": [195.51460616126704, 167.53221834100543, 4.377731423788403]}, "datetime": {"datetime": "2025-08-20 14:17:49", "elapsed": 8723.97254562378, "delta": 16.88054323196411}, "costs": {"total_cost": 176.92104952922307, "time_cost": 69.024, "final_distance_cost": 1.8156323543973532, "oscillation_cost": 32.5629764783193, "completition_cost": 0.0, "overshoot_cost": 49.75672582056841, "power_cost": 12.447824780273438, "noise_cost": 11.313890095664558, "n_waypoints_completed": 9, "tot_waypoints": 9}}
{"target": -178.12639206671935, "params": {"k_pid_pos": [1.275178902927551, 0.0, 0.23644982080287744], "k_pid_alt": [1.861672721833916, 0.00017090974197853893, 0.0], "k_pid_att": [74.64967014196436, 2.9203657277833224, 0.9148154937505301], "k_pid_yaw": [0.5, 1e-06, 0.1], "k_pid_hsp": [0.3026543068803808, 0.06487591518769341, 0.0], "k_pid_vsp": [400.0, 164.72562700333341, 0.9893515300039081]}, "datetime": {"datetime": "2025-08-20 14:18:06", "elapsed": 8740.839711427689, "delta": 16.8671658039093}, "costs": {"total_cost": 178.12639206671935, "time_cost": 69.64, "final_distance_cost": 1.8499709434697806, "oscillation_cost": 32.3513445261346, "completition_cost": 0.0, "overshoot_cost": 50.377544764801215, "power_cost": 12.433660302734376, "noise_cost": 11.47387152957937, "n_waypoints_completed": 9, "tot_waypoints": 9}}
{"target": -176.01191325954386, "params": {"k_pid_pos": [1.262464330634985, 0.01526346933508356, 0.08096572495573091], "k_pid_alt": [2.0, 0.00019050951103042626, 0.4357480941917653], "k_pid_att": [18.886051756441045, 4.025449932526162, 1.0], "k_pid_yaw": [0.5, 1e-06, 0.1], "k_pid_hsp": [1.0988936894786019, 0.04975045970444148, 0.0], "k_pid_vsp": [235.9257463001027, 142.8224029208906, 7.304473246787681]}, "datetime": {"datetime": "2025-08-20 14:18:24", "elapsed": 8758.648788452148, "delta": 17.80907702445984}, "costs": {"total_cost": 176.01191325954386, "time_cost": 68.512, "final_distance_cost": 1.8285459325768925, "oscillation_cost": 32.34712583501234, "completition_cost": 0.0, "overshoot_cost": 49.253158346169286, "power_cost": 12.678176391601562, "noise_cost": 11.392906754183766, "n_waypoints_completed": 9, "tot_waypoints": 9}}
{"target": -175.30997959360124, "params": {"k_pid_pos": [1.22951450776987, 0.026180903976440073, 0.1271303278432747], "k_pid_alt": [1.435917818735681, 0.00015448732890377292, 0.0], "k_pid_att": [38.796784381730866, 4.2091025082081694, 1.0], "k_pid_yaw": [0.5, 1e-06, 0.1], "k_pid_hsp": [0.6545410499143315, 0.049371280195778, 0.0], "k_pid_vsp": [340.39874836391186, 233.86765375619802, 3.439501468925228]}, "datetime": {"datetime": "2025-08-20 14:18:40", "elapsed": 8775.49180650711, "delta": 16.843018054962158}, "costs": {"total_cost": 175.30997959360124, "time_cost": 68.84, "final_distance_cost": 1.837377827478646, "oscillation_cost": 31.588114801018186, "completition_cost": 0.0, "overshoot_cost": 49.32767614491903, "power_cost": 12.366901416015626, "noise_cost": 11.349909404169756, "n_waypoints_completed": 9, "tot_waypoints": 9}}
{"target": -174.89561525031178, "params": {"k_pid_pos": [0.9631501949372924, 0.015625029607351907, 0.13901816283137616], "k_pid_alt": [1.963125046194931, 0.0001423455266647705, 0.38040807772519364], "k_pid_att": [18.16406616283024, 3.2261045396272308, 1.0], "k_pid_yaw": [0.5, 1e-06, 0.1], "k_pid_hsp": [0.5331060371110828, 0.058187468347549516, 0.0], "k_pid_vsp": [324.9867513410484, 159.4788098572807, 2.9148351390640457]}, "datetime": {"datetime": "2025-08-20 14:18:57", "elapsed": 8792.49671626091, "delta": 17.00490975379944}, "costs": {"total_cost": 174.89561525031178, "time_cost": 69.664, "final_distance_cost": 1.8407796559330798, "oscillation_cost": 29.707589191974364, "completition_cost": 0.0, "overshoot_cost": 49.56778720930123, "power_cost": 12.496914404296875, "noise_cost": 11.618544788806227, "n_waypoints_completed": 9, "tot_waypoints": 9}}
{"target": -213.59722003905966, "params": {"k_pid_pos": [2.0, 0.04230257595113352, 0.24766093896003136], "k_pid_alt": [2.0, 0.0001667760568658712, 0.17547072794939766], "k_pid_att": [44.285623444800656, 4.26848920271288, 0.35995976940227425], "k_pid_yaw": [0.5, 1e-06, 0.1], "k_pid_hsp": [0.08784988867492978, 0.10197202691505458, 0.0], "k_pid_vsp": [325.5796456464878, 205.7869576905467, 2.3627171401366445]}, "datetime": {"datetime": "2025-08-20 14:19:20", "elapsed": 8814.56072807312, "delta": 22.064011812210083}, "costs": {"total_cost": 213.59722003905966, "time_cost": 74.656, "final_distance_cost": 1.7583521396260255, "oscillation_cost": 55.741232148033625, "completition_cost": 0.0, "overshoot_cost": 53.066609505961715, "power_cost": 15.082701770019533, "noise_cost": 13.292324475418777, "n_waypoints_completed": 9, "tot_waypoints": 9}}
{"target": -1357.7172380244413, "params": {"k_pid_pos": [0.8667250177530802, 0.022007946004010695, 0.12323020025427951], "k_pid_alt": [0.0, 0.00015230102127031798, 0.10313184303377985], "k_pid_att": [29.709970757295924, 3.481920337036758, 1.0], "k_pid_yaw": [0.5, 1e-06, 0.1], "k_pid_hsp": [0.6969952776324879, 0.024245427865350933, 0.0], "k_pid_vsp": [308.43628842330304, 231.35695025353698, 4.72063814845473]}, "datetime": {"datetime": "2025-08-20 14:19:47", "elapsed": 8842.470185518265, "delta": 27.909457445144653}, "costs": {"total_cost": 1357.7172380244413, "time_cost": 150, "final_distance_cost": 0.23011572284893017, "oscillation_cost": 3.6564350804585133, "completition_cost": 1000.0, "overshoot_cost": 135.11158455219262, "power_cost": 12.531661938476564, "noise_cost": 56.18744073046437, "n_waypoints_completed": 0, "tot_waypoints": 9}}
{"target": -177.23230758954074, "params": {"k_pid_pos": [1.3935621196440042, 0.020225170203179245, 0.5035330049296928], "k_pid_alt": [2.0, 8.806219474702052e-05, 0.34229653866560467], "k_pid_att": [48.51738753597488, 3.0252524224240283, 0.9520694675032928], "k_pid_yaw": [0.5, 1e-06, 0.1], "k_pid_hsp": [0.6640390366800002, 0.14019580052845712, 0.0], "k_pid_vsp": [255.54990846300961, 296.679305049722, 5.97499263540076]}, "datetime": {"datetime": "2025-08-20 14:20:05", "elapsed": 8859.912628173828, "delta": 17.442442655563354}, "costs": {"total_cost": 177.23230758954074, "time_cost": 69.272, "final_distance_cost": 1.8451977489016906, "oscillation_cost": 32.630380409309524, "completition_cost": 0.0, "overshoot_cost": 49.16385662601543, "power_cost": 12.673245349121094, "noise_cost": 11.647627456193005, "n_waypoints_completed": 9, "tot_waypoints": 9}}
{"target": -377.6418164303427, "params": {"k_pid_pos": [0.38773404568049935, 0.023455635037339943, 0.40608044980093183], "k_pid_alt": [2.0, 0.00020001774511117147, 0.540545642840132], "k_pid_att": [79.99880302058473, 1.6257392816390874, 0.9287273201829113], "k_pid_yaw": [0.5, 1e-06, 0.1], "k_pid_hsp": [0.5012893399158208, 0.07214766985342203, 0.0], "k_pid_vsp": [400.0, 1e-06, 3.8648703994126787]}, "datetime": {"datetime": "2025-08-20 14:20:29", "elapsed": 8884.330887556076, "delta": 24.418259382247925}, "costs": {"total_cost": 377.6418164303427, "time_cost": 150, "final_distance_cost": 2.346974516352622, "oscillation_cost": 24.58486155576448, "completition_cost": 111.11111111111116, "overshoot_cost": 56.19612394428938, "power_cost": 16.18424548339844, "noise_cost": 17.21849981942665, "n_waypoints_completed": 8, "tot_waypoints": 9}}
{"target": -3652.270726248648, "params": {"k_pid_pos": [1.3258142117563765, 0.010878148164773971, 0.45501238014029544], "k_pid_alt": [2.0, 7.55221068439323e-05, 0.20586368086863496], "k_pid_att": [0.0, 3.1646581426694964, 1.0], "k_pid_yaw": [0.5, 1e-06, 0.1], "k_pid_hsp": [0.2604150207629159, 0.09125154499847755, 0.0], "k_pid_vsp": [312.00788056543377, 116.71787054233566, 3.195834245167427]}, "datetime": {"datetime": "2025-08-20 14:20:53", "elapsed": 8908.215216875076, "delta": 23.884329319000244}, "costs": {"total_cost": 3652.270726248648, "time_cost": 150, "final_distance_cost": 377.8548851293307, "oscillation_cost": 1160.1844668030858, "completition_cost": 1000.0, "overshoot_cost": 836.6379133707029, "power_cost": 33.389426708984374, "noise_cost": 94.20403423654386, "n_waypoints_completed": 0, "tot_waypoints": 9}}
{"target": -182.36144954034057, "params": {"k_pid_pos": [2.0, 0.014370949475173332, 0.171864787440288], "k_pid_alt": [2.0, 0.0001322087253618865, 0.17228634816627317], "k_pid_att": [55.944413290584485, 1.8090387951823839, 1.0], "k_pid_yaw": [0.5, 1e-06, 0.1], "k_pid_hsp": [1.3668215444094312, 0.06908288472600561, 0.0], "k_pid_vsp": [262.7470410961205, 116.38870297419582, 6.693212866084113]}, "datetime": {"datetime": "2025-08-20 14:21:11", "elapsed": 8926.19010925293, "delta": 17.974892377853394}, "costs": {"total_cost": 182.36144954034057, "time_cost": 68.648, "final_distance_cost": 1.780078528505309, "oscillation_cost": 37.19090858867541, "completition_cost": 0.0, "overshoot_cost": 50.7321246756039, "power_cost": 12.624679211425782, "noise_cost": 11.38565853613016, "n_waypoints_completed": 9, "tot_waypoints": 9}}
{"target": -185.99872355528228, "params": {"k_pid_pos": [0.6969459233070386, 0.014914166219607998, 0.1441220198833591], "k_pid_alt": [2.0, 7.851150859099688e-05, 0.21471415847661604], "k_pid_att": [36.88972357427455, 4.9720231211898005, 0.38396617076510475], "k_pid_yaw": [0.5, 1e-06, 0.1], "k_pid_hsp": [0.13842167976614728, 0.06737700872783024, 0.0], "k_pid_vsp": [235.47201213806648, 88.9329006137275, 8.518353402625273]}, "datetime": {"datetime": "2025-08-20 14:21:30", "elapsed": 8944.716897249222, "delta": 18.526787996292114}, "costs": {"total_cost": 185.99872355528228, "time_cost": 75.47200000000001, "final_distance_cost": 1.859886659787475, "oscillation_cost": 32.463993619263995, "completition_cost": 0.0, "overshoot_cost": 50.12133625021801, "power_cost": 13.130306884765625, "noise_cost": 12.951200141247162, "n_waypoints_completed": 9, "tot_waypoints": 9}}
