{"target": -176.03051257535438, "params": {"k_pid_pos": [1.4140962587503134, 0.02529028312119432, 0.08449857237344055], "k_pid_alt": [1.492689343921154, 0.0002684978388334382, 0.031997788678796456], "k_pid_att": [53.085700365182255, 4.299423911596988, 1.0], "k_pid_yaw": [0.5, 1e-06, 0.1], "k_pid_hsp": [0.2507176199851801, 0.0, 0.0], "k_pid_vsp": [313.66984702926794, 129.5714985839778, 2.3642313902250094]}, "datetime": {"datetime": "2025-08-20 15:35:52", "elapsed": 13406.874002218246, "delta": 15.400954246520996}, "costs": {"total_cost": 176.03051257535438, "time_cost": 69.144, "final_distance_cost": 1.815952750116964, "oscillation_cost": 31.057049752855516, "completition_cost": 0.0, "overshoot_cost": 50.25603338730668, "power_cost": 12.3787509765625, "noise_cost": 11.378725708512695, "n_waypoints_completed": 9, "tot_waypoints": 9}}
{"target": -174.09467256926115, "params": {"k_pid_pos": [0.9407714247154845, 0.014204511200572723, 0.10948222323448036], "k_pid_alt": [2.0, 0.0001032512677203105, 0.010064914474629063], "k_pid_att": [72.26517497242268, 4.162002260480247, 1.0], "k_pid_yaw": [0.5, 1e-06, 0.1], "k_pid_hsp": [0.16578761941958733, 0.031065377526572808, 0.0], "k_pid_vsp": [230.40416961040685, 106.16749249687713, 2.1641017154816846]}, "datetime": {"datetime": "2025-08-20 15:36:07", "elapsed": 13422.34122133255, "delta": 15.467219114303589}, "costs": {"total_cost": 174.09467256926115, "time_cost": 69.888, "final_distance_cost": 1.8225008256553201, "oscillation_cost": 28.53706308676567, "completition_cost": 0.0, "overshoot_cost": 49.9906925115553, "power_cost": 12.404870190429689, "noise_cost": 11.45154595485515, "n_waypoints_completed": 9, "tot_waypoints": 9}}
{"target": -3883.764405694478, "params": {"k_pid_pos": [1.2000648194848527, 0.010238532038025381, 0.10752375789986006], "k_pid_alt": [1.5812041173747096, 0.0001379995696730108, 0.0026357036788706273], "k_pid_att": [0.0, 6.827163680530512, 0.9579956409124101], "k_pid_yaw": [0.5, 1e-06, 0.1], "k_pid_hsp": [0.2917112716044861, 0.03527833553109494, 0.0], "k_pid_vsp": [304.3675714737606, 145.8558898508571, 1.5154391911403753]}, "datetime": {"datetime": "2025-08-20 15:36:30", "elapsed": 13444.649137020111, "delta": 22.307915687561035}, "costs": {"total_cost": 3883.764405694478, "time_cost": 150, "final_distance_cost": 453.50216886720625, "oscillation_cost": 1181.9119652889112, "completition_cost": 1000.0, "overshoot_cost": 971.119960429218, "power_cost": 33.27500461425782, "noise_cost": 93.95530649488401, "n_waypoints_completed": 0, "tot_waypoints": 9}}
{"target": -176.66785952349332, "params": {"k_pid_pos": [1.1699934838160548, 0.007604614088170307, 0.2399721818911711], "k_pid_alt": [1.8135454825919437, 0.00031914381007659573, 0.019568155471902094], "k_pid_att": [61.810490587828326, 5.538858645669908, 0.7595517464905545], "k_pid_yaw": [0.5, 1e-06, 0.1], "k_pid_hsp": [0.22759064598956905, 0.060501076698112645, 0.0], "k_pid_vsp": [218.93792498535177, 125.01817683047405, 1.94643345432173]}, "datetime": {"datetime": "2025-08-20 15:36:45", "elapsed": 13460.426773071289, "delta": 15.777636051177979}, "costs": {"total_cost": 176.66785952349332, "time_cost": 69.712, "final_distance_cost": 1.8429213407060194, "oscillation_cost": 31.09597840204519, "completition_cost": 0.0, "overshoot_cost": 50.00469229685548, "power_cost": 12.510263574218751, "noise_cost": 11.50200390966788, "n_waypoints_completed": 9, "tot_waypoints": 9}}
{"target": -175.39284418560982, "params": {"k_pid_pos": [1.1236613545684886, 0.0, 0.14043187946004437], "k_pid_alt": [0.9882135574224638, 6.874316165448998e-05, 0.03502436725751775], "k_pid_att": [63.93399143290657, 6.393338240355074, 1.0], "k_pid_yaw": [0.5, 1e-06, 0.1], "k_pid_hsp": [0.19087217316414506, 0.03228904081280272, 0.0], "k_pid_vsp": [211.3064092846915, 121.00193653786016, 3.3022079348849367]}, "datetime": {"datetime": "2025-08-20 15:37:01", "elapsed": 13476.38097500801, "delta": 15.954201936721802}, "costs": {"total_cost": 175.39284418560982, "time_cost": 69.8, "final_distance_cost": 1.8258855919937156, "oscillation_cost": 30.582031470268323, "completition_cost": 0.0, "overshoot_cost": 49.6254514116351, "power_cost": 12.273336450195313, "noise_cost": 11.286139261517402, "n_waypoints_completed": 9, "tot_waypoints": 9}}
{"target": -180.35317958705792, "params": {"k_pid_pos": [0.8935116997632808, 0.0004023460986590976, 0.12161208737827678], "k_pid_alt": [0.6631921618212927, 0.00016116345692409437, 0.03154724174158641], "k_pid_att": [51.237665192276644, 3.201107392352476, 0.7202224087138732], "k_pid_yaw": [0.5, 1e-06, 0.1], "k_pid_hsp": [0.270576773827008, 0.008997383604890503, 0.0], "k_pid_vsp": [22.11956991057598, 98.8016444116027, 2.7565056983483984]}, "datetime": {"datetime": "2025-08-20 15:37:18", "elapsed": 13492.578105449677, "delta": 16.19713044166565}, "costs": {"total_cost": 180.35317958705792, "time_cost": 74.288, "final_distance_cost": 1.8443515138505195, "oscillation_cost": 29.395544323365698, "completition_cost": 0.0, "overshoot_cost": 49.78105880862838, "power_cost": 13.184508544921876, "noise_cost": 11.859716396291454, "n_waypoints_completed": 9, "tot_waypoints": 9}}
{"target": -180.19348004151328, "params": {"k_pid_pos": [0.5655965181434087, 0.025852214792340223, 0.014025810667162223], "k_pid_alt": [1.9261630269818635, 3.275770099081881e-05, 0.03819511478526816], "k_pid_att": [44.447027192214165, 7.904070433062418, 1.0], "k_pid_yaw": [0.5, 1e-06, 0.1], "k_pid_hsp": [0.4610765385679656, 0.032312868644106034, 0.0], "k_pid_vsp": [241.25889134032937, 170.96547267343226, 1.417569471206834]}, "datetime": {"datetime": "2025-08-20 15:37:34", "elapsed": 13509.49560046196, "delta": 16.917495012283325}, "costs": {"total_cost": 180.19348004151328, "time_cost": 75.21600000000001, "final_distance_cost": 1.8506552845201336, "oscillation_cost": 27.31351081973933, "completition_cost": 0.0, "overshoot_cost": 49.983189933817314, "power_cost": 13.206805725097658, "noise_cost": 12.623318278338827, "n_waypoints_completed": 9, "tot_waypoints": 9}}
{"target": -186.72058933076332, "params": {"k_pid_pos": [0.9357359501583762, 0.011818680762616008, 0.0], "k_pid_alt": [0.9056371507292754, 8.579346606726362e-05, 0.030991159160759323], "k_pid_att": [46.15365421712762, 5.33425834788579, 1.0], "k_pid_yaw": [0.5, 1e-06, 0.1], "k_pid_hsp": [0.07029208755985142, 0.03300434219351355, 0.0], "k_pid_vsp": [204.36544836956932, 93.77549490675374, 0.623651887433503]}, "datetime": {"datetime": "2025-08-20 15:37:51", "elapsed": 13526.263320207596, "delta": 16.767719745635986}, "costs": {"total_cost": 186.72058933076332, "time_cost": 75.272, "final_distance_cost": 1.8114351240219606, "oscillation_cost": 33.27565448231462, "completition_cost": 0.0, "overshoot_cost": 51.572496710306126, "power_cost": 12.957366088867188, "noise_cost": 11.831636925253399, "n_waypoints_completed": 9, "tot_waypoints": 9}}
{"target": -176.60041721900208, "params": {"k_pid_pos": [1.0780371413542045, 0.011152997231430872, 0.0], "k_pid_alt": [2.0, 0.00011812589718917901, 0.02881775279604558], "k_pid_att": [17.938029646085315, 3.2143104287451787, 0.8400653445317096], "k_pid_yaw": [0.5, 1e-06, 0.1], "k_pid_hsp": [0.4178784290121766, 0.0, 0.0], "k_pid_vsp": [210.1655910169616, 51.73021660890888, 2.4090856304541446]}, "datetime": {"datetime": "2025-08-20 15:38:07", "elapsed": 13541.830653905869, "delta": 15.567333698272705}, "costs": {"total_cost": 176.60041721900208, "time_cost": 69.8, "final_distance_cost": 1.8307366197118005, "oscillation_cost": 30.595627461058797, "completition_cost": 0.0, "overshoot_cost": 50.42938731973325, "power_cost": 12.459021044921876, "noise_cost": 11.485644773576364, "n_waypoints_completed": 9, "tot_waypoints": 9}}
{"target": -176.5453284681717, "params": {"k_pid_pos": [1.125024673627154, 0.0, 0.0], "k_pid_alt": [1.4702990748411804, 0.00010147435959081475, 0.014285043375544025], "k_pid_att": [75.02202963881308, 7.197659988278115, 0.5819913273491312], "k_pid_yaw": [0.5, 1e-06, 0.1], "k_pid_hsp": [0.2290818325339233, 0.015917921292229537, 0.0], "k_pid_vsp": [247.27316915529028, 81.25043039787671, 1.6531445119575705]}, "datetime": {"datetime": "2025-08-20 15:38:22", "elapsed": 13557.064429998398, "delta": 15.233776092529297}, "costs": {"total_cost": 176.5453284681717, "time_cost": 69.136, "final_distance_cost": 1.8147941817435236, "oscillation_cost": 31.563905958935635, "completition_cost": 0.0, "overshoot_cost": 50.28596129598329, "power_cost": 12.341672119140625, "noise_cost": 11.402994912368637, "n_waypoints_completed": 9, "tot_waypoints": 9}}
{"target": -174.7396082572624, "params": {"k_pid_pos": [1.0701979927649459, 0.007018235679537424, 0.1435518327040674], "k_pid_alt": [1.4688552866067768, 0.00010358487121519501, 0.017050578332367155], "k_pid_att": [30.052612976745063, 8.22830548299892, 0.9482025131055959], "k_pid_yaw": [0.5, 1e-06, 0.1], "k_pid_hsp": [0.4472721977864893, 0.0244748499952602, 0.0], "k_pid_vsp": [146.69919448886668, 140.7109356471201, 3.054022263951636]}, "datetime": {"datetime": "2025-08-20 15:38:38", "elapsed": 13572.665551424026, "delta": 15.601121425628662}, "costs": {"total_cost": 174.7396082572624, "time_cost": 69.376, "final_distance_cost": 1.8401477917251259, "oscillation_cost": 30.01980434321665, "completition_cost": 0.0, "overshoot_cost": 49.178203599264066, "power_cost": 12.662844775390626, "noise_cost": 11.662607747665927, "n_waypoints_completed": 9, "tot_waypoints": 9}}
{"target": -173.67914523560526, "params": {"k_pid_pos": [0.9258343471581992, 0.010917243080644132, 0.029442679730315665], "k_pid_alt": [1.5024684310628096, 5.0721999712890064e-05, 0.03287001427152264], "k_pid_att": [23.438959788031145, 4.959619518939068, 0.9061267369541889], "k_pid_yaw": [0.5, 1e-06, 0.1], "k_pid_hsp": [0.2762120709627549, 0.029580604147283626, 0.0], "k_pid_vsp": [191.91612547354927, 116.39505803663421, 1.9041302690218245]}, "datetime": {"datetime": "2025-08-20 15:38:53", "elapsed": 13587.566416740417, "delta": 14.900865316390991}, "costs": {"total_cost": 173.67914523560526, "time_cost": 69.152, "final_distance_cost": 1.8272060500502751, "oscillation_cost": 29.490193833741102, "completition_cost": 0.0, "overshoot_cost": 49.181349147372266, "power_cost": 12.54378983154297, "noise_cost": 11.484606372898641, "n_waypoints_completed": 9, "tot_waypoints": 9}}
{"target": -1190.1202673659845, "params": {"k_pid_pos": [1.0036814783929426, 0.02405738410187004, 0.0], "k_pid_alt": [0.8305837407720794, 0.0, 0.0480447022354327], "k_pid_att": [49.9836539062145, 4.25403825878947, 0.4606025445933876], "k_pid_yaw": [0.5, 1e-06, 0.1], "k_pid_hsp": [0.0001, 0.0, 0.0], "k_pid_vsp": [298.4135480195282, 146.1390762302345, 1.738522390391467]}, "datetime": {"datetime": "2025-08-20 15:39:15", "elapsed": 13610.16727900505, "delta": 22.60086226463318}, "costs": {"total_cost": 1190.1202673659845, "time_cost": 150, "final_distance_cost": 46.18709527620892, "oscillation_cost": 0.004076458189567485, "completition_cost": 888.8888888888888, "overshoot_cost": 79.35148594089269, "power_cost": 12.770876403808595, "noise_cost": 12.917844397995806, "n_waypoints_completed": 1, "tot_waypoints": 9}}
{"target": -173.67872823683138, "params": {"k_pid_pos": [0.865534557741165, 0.0026821261323588847, 0.0], "k_pid_alt": [1.5007150479523783, 0.00020187288248260142, 0.02193420222182767], "k_pid_att": [25.598422319736112, 5.5462189364913925, 0.567112461034942], "k_pid_yaw": [0.5, 1e-06, 0.1], "k_pid_hsp": [0.24363098692795335, 0.02028733509337836, 0.0], "k_pid_vsp": [44.516972993611546, 97.62119115524564, 7.075069811805096]}, "datetime": {"datetime": "2025-08-20 15:39:31", "elapsed": 13625.801531553268, "delta": 15.634252548217773}, "costs": {"total_cost": 173.67872823683138, "time_cost": 69.36, "final_distance_cost": 1.8273435430770288, "oscillation_cost": 28.265528242126123, "completition_cost": 0.0, "overshoot_cost": 50.06320945847813, "power_cost": 12.657117919921875, "noise_cost": 11.505529073228194, "n_waypoints_completed": 9, "tot_waypoints": 9}}
{"target": -179.04693391972535, "params": {"k_pid_pos": [0.4811069847218323, 0.012728391962326243, 0.06683413915389291], "k_pid_alt": [1.1341559290609438, 0.00010295958490596283, 0.022555533715967413], "k_pid_att": [22.986700206435614, 2.786642547874562, 1.0], "k_pid_yaw": [0.5, 1e-06, 0.1], "k_pid_hsp": [0.15558923721243742, 0.014120814023216815, 0.0], "k_pid_vsp": [233.3731374478473, 118.64046528299859, 1.3224339068177569]}, "datetime": {"datetime": "2025-08-20 15:39:48", "elapsed": 13642.85282945633, "delta": 17.051297903060913}, "costs": {"total_cost": 179.04693391972535, "time_cost": 77.008, "final_distance_cost": 1.8555332033978877, "oscillation_cost": 23.012051396522594, "completition_cost": 0.0, "overshoot_cost": 50.95156030550378, "power_cost": 13.345214099121094, "noise_cost": 12.874574915179991, "n_waypoints_completed": 9, "tot_waypoints": 9}}
{"target": -173.78510422125078, "params": {"k_pid_pos": [0.8675248067016038, 0.012311349821668828, 0.0], "k_pid_alt": [1.6512096340127227, 0.0001450467787667545, 0.010123070966230456], "k_pid_att": [71.93114240307887, 3.94278636693763, 0.5417107721628959], "k_pid_yaw": [0.5, 1e-06, 0.1], "k_pid_hsp": [0.2102987716996543, 0.012141483147835114, 0.0], "k_pid_vsp": [179.87067340795008, 146.7829152266983, 1.0228060760867803]}, "datetime": {"datetime": "2025-08-20 15:40:03", "elapsed": 13658.203159570694, "delta": 15.350330114364624}, "costs": {"total_cost": 173.78510422125078, "time_cost": 69.488, "final_distance_cost": 1.8144439136072399, "oscillation_cost": 28.07214701326014, "completition_cost": 0.0, "overshoot_cost": 50.85508168780551, "power_cost": 12.224110424804689, "noise_cost": 11.331321181773193, "n_waypoints_completed": 9, "tot_waypoints": 9}}
{"target": -175.75944709322982, "params": {"k_pid_pos": [0.9102047894384322, 0.0, 0.054680567452660554], "k_pid_alt": [1.5700660861392137, 8.136140713573536e-05, 0.04676889689614028], "k_pid_att": [41.41737333355662, 4.252154604745179, 0.8632547294795775], "k_pid_yaw": [0.5, 1e-06, 0.1], "k_pid_hsp": [0.47440563324915613, 0.02171751314144549, 0.0], "k_pid_vsp": [200.03282168124792, 49.955336974364855, 1.7746804860408911]}, "datetime": {"datetime": "2025-08-20 15:40:19", "elapsed": 13673.820459842682, "delta": 15.617300271987915}, "costs": {"total_cost": 175.75944709322982, "time_cost": 70.32000000000001, "final_distance_cost": 1.8450301593032168, "oscillation_cost": 28.763754268496427, "completition_cost": 0.0, "overshoot_cost": 50.16900317651752, "power_cost": 12.726955944824219, "noise_cost": 11.93470354408842, "n_waypoints_completed": 9, "tot_waypoints": 9}}
{"target": -174.28608244916222, "params": {"k_pid_pos": [0.7048427767836088, 0.03393662370052404, 0.07038421139391773], "k_pid_alt": [1.4302622404121108, 0.00011795210653644004, 0.038178905132218506], "k_pid_att": [16.172389094733738, 4.292662865393408, 0.31432320117839707], "k_pid_yaw": [0.5, 1e-06, 0.1], "k_pid_hsp": [0.10873629831404974, 0.014987050908527264, 0.0], "k_pid_vsp": [287.347435766185, 1e-06, 1.4658105920449405]}, "datetime": {"datetime": "2025-08-20 15:40:35", "elapsed": 13690.137823343277, "delta": 16.317363500595093}, "costs": {"total_cost": 174.28608244916222, "time_cost": 72.8, "final_distance_cost": 1.8126369037970538, "oscillation_cost": 24.764339309039023, "completition_cost": 0.0, "overshoot_cost": 51.21794445516838, "power_cost": 12.185368188476563, "noise_cost": 11.505793592681202, "n_waypoints_completed": 9, "tot_waypoints": 9}}
{"target": -176.15117841859373, "params": {"k_pid_pos": [0.8773688842312225, 0.0, 0.04164968601554899], "k_pid_alt": [0.8126067069576258, 0.00018494515034066963, 0.0301878597000054], "k_pid_att": [42.34718490757186, 5.348619673118892, 0.46816149018920955], "k_pid_yaw": [0.5, 1e-06, 0.1], "k_pid_hsp": [0.3199334553581279, 0.014673054402326436, 0.0], "k_pid_vsp": [156.4389991622584, 106.69111114155935, 1.9105010382833223]}, "datetime": {"datetime": "2025-08-20 15:40:50", "elapsed": 13705.488778591156, "delta": 15.350955247879028}, "costs": {"total_cost": 176.15117841859373, "time_cost": 71.712, "final_distance_cost": 1.8405808568028712, "oscillation_cost": 28.571848425269014, "completition_cost": 0.0, "overshoot_cost": 49.99538716491895, "power_cost": 12.458515173339844, "noise_cost": 11.572846798263042, "n_waypoints_completed": 9, "tot_waypoints": 9}}
{"target": -173.4511784303042, "params": {"k_pid_pos": [0.7425124940412459, 0.02376257138376957, 0.007651024661853628], "k_pid_alt": [1.6243760057985883, 0.00014364254549917646, 0.039108193799342765], "k_pid_att": [28.872784173395065, 4.752208927181944, 1.0], "k_pid_yaw": [0.5, 1e-06, 0.1], "k_pid_hsp": [0.3880898947844826, 0.00895927165014432, 0.0], "k_pid_vsp": [233.69327109739672, 91.97899215215477, 1.828347281189581]}, "datetime": {"datetime": "2025-08-20 15:41:07", "elapsed": 13721.572719812393, "delta": 16.083941221237183}, "costs": {"total_cost": 173.4511784303042, "time_cost": 70.688, "final_distance_cost": 1.8406148017563466, "oscillation_cost": 26.544164897075767, "completition_cost": 0.0, "overshoot_cost": 49.990046523150696, "power_cost": 12.549131103515625, "noise_cost": 11.839221104805771, "n_waypoints_completed": 9, "tot_waypoints": 9}}
{"target": -961.3843181437092, "params": {"k_pid_pos": [1.0354491974429803, 0.005570326096886399, 0.06965365309972849], "k_pid_alt": [0.40856223974580713, 0.00015075261062628864, 0.042002530365161515], "k_pid_att": [26.48320659098429, 3.1836597491315275, 1.0], "k_pid_yaw": [0.5, 1e-06, 0.1], "k_pid_hsp": [0.016887218010218207, 0.015797763012920126, 0.0], "k_pid_vsp": [149.90126807845908, 127.597349163067, 1.4282056874281877]}, "datetime": {"datetime": "2025-08-20 15:41:29", "elapsed": 13744.040570259094, "delta": 22.46785044670105}, "costs": {"total_cost": 961.3843181437092, "time_cost": 150, "final_distance_cost": 53.072655532893286, "oscillation_cost": 14.720651278822821, "completition_cost": 666.6666666666667, "overshoot_cost": 46.08749470929761, "power_cost": 16.50870998535156, "noise_cost": 14.328139970677114, "n_waypoints_completed": 3, "tot_waypoints": 9}}
{"target": -179.47168543145304, "params": {"k_pid_pos": [1.0960120130455, 0.0, 0.0338625777314713], "k_pid_alt": [0.6076283085702129, 0.00013082932328737992, 0.028541369785082538], "k_pid_att": [34.795327494800134, 3.600978520701574, 0.21972702370881983], "k_pid_yaw": [0.5, 1e-06, 0.1], "k_pid_hsp": [0.21259212097869784, 0.008867497840160046, 0.0], "k_pid_vsp": [281.0566728077302, 104.07459703461838, 0.9854192447044815]}, "datetime": {"datetime": "2025-08-20 15:41:45", "elapsed": 13760.341530799866, "delta": 16.300960540771484}, "costs": {"total_cost": 179.47168543145304, "time_cost": 73.08800000000001, "final_distance_cost": 1.8252251494346836, "oscillation_cost": 29.96525326819211, "completition_cost": 0.0, "overshoot_cost": 50.12462961550702, "power_cost": 12.887050524902344, "noise_cost": 11.58152687341685, "n_waypoints_completed": 9, "tot_waypoints": 9}}
{"target": -174.76597026464594, "params": {"k_pid_pos": [0.8777059270187854, 0.018469039748341774, 0.0334965577377358], "k_pid_alt": [1.686604266817372, 5.9015254514913183e-05, 0.034126549457232626], "k_pid_att": [79.79025034902357, 7.1210391849092645, 0.9296550531581214], "k_pid_yaw": [0.5, 1e-06, 0.1], "k_pid_hsp": [0.26381739881629523, 0.0, 0.0], "k_pid_vsp": [197.3948462411538, 80.6570989801585, 2.872263284871538]}, "datetime": {"datetime": "2025-08-20 15:42:01", "elapsed": 13775.78282570839, "delta": 15.44129490852356}, "costs": {"total_cost": 174.76597026464594, "time_cost": 70.264, "final_distance_cost": 1.8366611057704172, "oscillation_cost": 28.227595493153885, "completition_cost": 0.0, "overshoot_cost": 50.69807004184224, "power_cost": 12.25871064453125, "noise_cost": 11.480932979348147, "n_waypoints_completed": 9, "tot_waypoints": 9}}
{"target": -175.414610984687, "params": {"k_pid_pos": [0.8994881257595133, 0.0018664675979301697, 0.023969474920407647], "k_pid_alt": [1.1947892977749386, 0.00015485077559927282, 0.04262492112329285], "k_pid_att": [38.16012913646643, 3.397662030631061, 0.9563760453141649], "k_pid_yaw": [0.5, 1e-06, 0.1], "k_pid_hsp": [0.15582998060587513, 0.040112889232425696, 0.0], "k_pid_vsp": [146.72305305467395, 140.2545480863212, 2.006906598154959]}, "datetime": {"datetime": "2025-08-20 15:42:16", "elapsed": 13791.259464502335, "delta": 15.476638793945312}, "costs": {"total_cost": 175.414610984687, "time_cost": 69.632, "final_distance_cost": 1.8317435479760347, "oscillation_cost": 30.958227151786446, "completition_cost": 0.0, "overshoot_cost": 49.41576937814111, "power_cost": 12.244487170410157, "noise_cost": 11.332383736373226, "n_waypoints_completed": 9, "tot_waypoints": 9}}
{"target": -178.36499286171815, "params": {"k_pid_pos": [0.6808709090193762, 0.005010277074034172, 0.07664630112378244], "k_pid_alt": [1.8298749568639516, 0.00018205131031186382, 0.047751017138720715], "k_pid_att": [53.67742114033515, 5.517796649060787, 0.9477214534545325], "k_pid_yaw": [0.5, 1e-06, 0.1], "k_pid_hsp": [0.2714657720408624, 0.012307699130171962, 0.0], "k_pid_vsp": [13.296514870701705, 95.87616569999477, 2.1070460249469694]}, "datetime": {"datetime": "2025-08-20 15:42:32", "elapsed": 13807.077319383621, "delta": 15.817854881286621}, "costs": {"total_cost": 178.36499286171815, "time_cost": 71.992, "final_distance_cost": 1.8556322269870578, "oscillation_cost": 29.382162090137797, "completition_cost": 0.0, "overshoot_cost": 51.20111853384293, "power_cost": 12.469823547363282, "noise_cost": 11.464256463387066, "n_waypoints_completed": 9, "tot_waypoints": 9}}
