{"target": -169.91302331674822, "params": {"k_pid_pos": [0.5083602424829313, 0.003776453035448849, 0.0073786507010549325], "k_pid_alt": [1.8539876598515, 0.00014770178275776095, 0.0017897304543083965], "k_pid_att": [23.38111029828812, 7.402409060490574, 0.5616562335271567], "k_pid_yaw": [0.5, 1e-06, 0.1], "k_pid_hsp": [0.10655045180011617, 0.004922483635120201, 0.0], "k_pid_vsp": [218.4225316743215, 235.70663408800488, 0.5848487055286072]}, "datetime": {"datetime": "2025-08-20 22:32:29", "elapsed": 38404.481640815735, "delta": 17.62258243560791}, "costs": {"total_cost": 169.91302331674822, "time_cost": 72.432, "final_distance_cost": 1.8236608490696138, "oscillation_cost": 20.651442184327536, "completition_cost": 0.0, "overshoot_cost": 51.08006968827771, "power_cost": 12.301426342773437, "noise_cost": 11.624424252299937, "n_waypoints_completed": 9, "tot_waypoints": 9}}
{"target": -169.38133686254375, "params": {"k_pid_pos": [0.6056489305479267, 0.003936408495647776, 0.005994658540763853], "k_pid_alt": [2.0, 0.00012585984654660747, 0.001623464093188143], "k_pid_att": [27.47953109637149, 7.151834702037763, 0.6148364421201634], "k_pid_yaw": [0.5, 1e-06, 0.1], "k_pid_hsp": [0.0890239466249595, 0.0031596501950467543, 0.0], "k_pid_vsp": [242.37863617335975, 231.60427530834943, 0.6882791493591761]}, "datetime": {"datetime": "2025-08-20 22:32:45", "elapsed": 38419.942481040955, "delta": 15.460840225219727}, "costs": {"total_cost": 169.38133686254375, "time_cost": 71.856, "final_distance_cost": 1.8193660745506524, "oscillation_cost": 20.87874993539579, "completition_cost": 0.0, "overshoot_cost": 50.911440023977555, "power_cost": 12.362336572265626, "noise_cost": 11.553444256354124, "n_waypoints_completed": 9, "tot_waypoints": 9}}
{"target": -169.49098385421678, "params": {"k_pid_pos": [0.6045161246754411, 0.004166894219023671, 0.007815058614549024], "k_pid_alt": [1.773204631751857, 0.00014156730362506785, 0.0014924826884325862], "k_pid_att": [24.688434896888683, 7.409961140599073, 0.49090651018733994], "k_pid_yaw": [0.5, 1e-06, 0.1], "k_pid_hsp": [0.0971837087923383, 0.005665588748896386, 0.0], "k_pid_vsp": [230.2466481020687, 286.3220285847924, 0.4995530304213806]}, "datetime": {"datetime": "2025-08-20 22:33:04", "elapsed": 38439.12942099571, "delta": 19.18693995475769}, "costs": {"total_cost": 169.49098385421678, "time_cost": 71.224, "final_distance_cost": 1.8234779295970454, "oscillation_cost": 21.900460746124146, "completition_cost": 0.0, "overshoot_cost": 50.98321797846883, "power_cost": 12.202928332519532, "noise_cost": 11.356898867507226, "n_waypoints_completed": 9, "tot_waypoints": 9}}
{"target": -170.8438264058535, "params": {"k_pid_pos": [0.6421098916862807, 0.0029657019243885213, 0.007401731363615326], "k_pid_alt": [2.0, 0.00015272563464013988, 0.0014591675567403306], "k_pid_att": [29.009105420938596, 7.462501266627828, 0.5252410690222261], "k_pid_yaw": [0.5, 1e-06, 0.1], "k_pid_hsp": [0.09392724328288855, 0.003390790763835089, 0.0], "k_pid_vsp": [239.37055375137354, 273.66855925233756, 0.5055641222331629]}, "datetime": {"datetime": "2025-08-20 22:33:20", "elapsed": 38454.821908950806, "delta": 15.692487955093384}, "costs": {"total_cost": 170.8438264058535, "time_cost": 71.336, "final_distance_cost": 1.789641774558767, "oscillation_cost": 22.16582166206769, "completition_cost": 0.0, "overshoot_cost": 51.38974957909492, "power_cost": 12.536073547363282, "noise_cost": 11.626539842768825, "n_waypoints_completed": 9, "tot_waypoints": 9}}
{"target": -169.19256284597787, "params": {"k_pid_pos": [0.48237665224026394, 0.0037090607464477896, 0.005712525190888035], "k_pid_alt": [2.0, 0.00014868784359201696, 0.0016429687997682836], "k_pid_att": [24.344928418470435, 7.885591514192677, 0.48444104822731227], "k_pid_yaw": [0.5, 1e-06, 0.1], "k_pid_hsp": [0.09095584534541057, 0.004403831140074396, 0.0], "k_pid_vsp": [271.2883688128406, 273.1276848172882, 0.5494734032846847]}, "datetime": {"datetime": "2025-08-20 22:33:37", "elapsed": 38472.23238134384, "delta": 17.41047239303589}, "costs": {"total_cost": 169.19256284597787, "time_cost": 73.072, "final_distance_cost": 1.8170161535060485, "oscillation_cost": 19.177238023116573, "completition_cost": 0.0, "overshoot_cost": 51.24433137200458, "power_cost": 12.144207568359375, "noise_cost": 11.737769728991285, "n_waypoints_completed": 9, "tot_waypoints": 9}}
{"target": -168.84862464278436, "params": {"k_pid_pos": [0.5108461600669967, 0.003156843403203047, 0.00833184253488698], "k_pid_alt": [2.0, 0.00015647385194495603, 0.0015287866421410173], "k_pid_att": [27.97409798224992, 7.76362508385482, 0.4673361554109528], "k_pid_yaw": [0.5, 1e-06, 0.1], "k_pid_hsp": [0.08685617064640881, 0.0048066456976325, 0.0], "k_pid_vsp": [255.8383836488816, 261.91276646128614, 0.5556022704484286]}, "datetime": {"datetime": "2025-08-20 22:33:53", "elapsed": 38488.05794215202, "delta": 15.825560808181763}, "costs": {"total_cost": 168.84862464278436, "time_cost": 72.744, "final_distance_cost": 1.834293839225394, "oscillation_cost": 19.509644176005327, "completition_cost": 0.0, "overshoot_cost": 51.11951409388076, "power_cost": 12.042047839355469, "noise_cost": 11.599124694317437, "n_waypoints_completed": 9, "tot_waypoints": 9}}
{"target": -169.87965129790962, "params": {"k_pid_pos": [0.6221012545270592, 0.00331742626136153, 0.007397573882102927], "k_pid_alt": [1.8660110339173002, 0.0001321697347164207, 0.0018407099040062575], "k_pid_att": [30.07383051246754, 8.111769154921866, 0.4722552906220719], "k_pid_yaw": [0.5, 1e-06, 0.1], "k_pid_hsp": [0.092113351990927, 0.0043176299751111315, 0.0], "k_pid_vsp": [249.11979553805477, 238.49121764142902, 0.6438297335041878]}, "datetime": {"datetime": "2025-08-20 22:34:10", "elapsed": 38505.27998447418, "delta": 17.222042322158813}, "costs": {"total_cost": 169.87965129790962, "time_cost": 71.416, "final_distance_cost": 1.821662875463477, "oscillation_cost": 21.47803120726238, "completition_cost": 0.0, "overshoot_cost": 51.46788388299696, "power_cost": 12.235623632812501, "noise_cost": 11.460449699374314, "n_waypoints_completed": 9, "tot_waypoints": 9}}
{"target": -169.2426735522936, "params": {"k_pid_pos": [0.533927204082537, 0.0038396122504784, 0.0067176479937693925], "k_pid_alt": [2.0, 0.00014056141247761327, 0.0013984566047253993], "k_pid_att": [26.455817320208492, 6.928720304067312, 0.36890237348900046], "k_pid_yaw": [0.5, 1e-06, 0.1], "k_pid_hsp": [0.10029226909150356, 0.005169289716983417, 0.0], "k_pid_vsp": [239.79740455536339, 263.46549517600243, 0.6015146649768605]}, "datetime": {"datetime": "2025-08-20 22:34:26", "elapsed": 38521.476877212524, "delta": 16.196892738342285}, "costs": {"total_cost": 169.2426735522936, "time_cost": 72.056, "final_distance_cost": 1.8154191428893576, "oscillation_cost": 20.62835156669711, "completition_cost": 0.0, "overshoot_cost": 51.14626239209178, "power_cost": 12.00454013671875, "noise_cost": 11.592100313896617, "n_waypoints_completed": 9, "tot_waypoints": 9}}
{"target": -169.8364495656485, "params": {"k_pid_pos": [0.5579277364393462, 0.004030453764805561, 0.005767170041398315], "k_pid_alt": [1.986404518570593, 0.00013734989753699553, 0.0013908388887238189], "k_pid_att": [20.292508679466078, 6.445723605188898, 0.5153470213975204], "k_pid_yaw": [0.5, 1e-06, 0.1], "k_pid_hsp": [0.10861514768130172, 0.004240455477480567, 0.0], "k_pid_vsp": [281.3185285071371, 324.30225223926817, 0.5454377078512578]}, "datetime": {"datetime": "2025-08-20 22:34:44", "elapsed": 38538.714670181274, "delta": 17.23779296875}, "costs": {"total_cost": 169.8364495656485, "time_cost": 71.68, "final_distance_cost": 1.8298974535549808, "oscillation_cost": 21.486022350990275, "completition_cost": 0.0, "overshoot_cost": 51.01444557440653, "power_cost": 12.216046020507813, "noise_cost": 11.610038166188918, "n_waypoints_completed": 9, "tot_waypoints": 9}}
{"target": -169.9093410677635, "params": {"k_pid_pos": [0.581373881345281, 0.004749798104973918, 0.007891935735757348], "k_pid_alt": [1.6278148733049829, 0.0001436567722634836, 0.0017404873892994074], "k_pid_att": [21.65988864682221, 7.494570354886812, 0.5401292207991594], "k_pid_yaw": [0.5, 1e-06, 0.1], "k_pid_hsp": [0.11086099417881423, 0.004140190535098824, 0.0], "k_pid_vsp": [215.05640929418053, 251.59230013453688, 0.5207312402367433]}, "datetime": {"datetime": "2025-08-20 22:34:59", "elapsed": 38554.09381747246, "delta": 15.379147291183472}, "costs": {"total_cost": 169.9093410677635, "time_cost": 71.34400000000001, "final_distance_cost": 1.821551413447545, "oscillation_cost": 21.979447896773348, "completition_cost": 0.0, "overshoot_cost": 50.73460419958409, "power_cost": 12.463095617675782, "noise_cost": 11.56664194028272, "n_waypoints_completed": 9, "tot_waypoints": 9}}
{"target": -169.7643134272596, "params": {"k_pid_pos": [0.5317250185266855, 0.004028136377513478, 0.008744653789331699], "k_pid_alt": [2.0, 0.0001408040322845078, 0.001634374019241892], "k_pid_att": [25.165376113814855, 7.267333152588843, 0.5392282231090316], "k_pid_yaw": [0.5, 1e-06, 0.1], "k_pid_hsp": [0.0909687998040019, 0.005157284556325653, 0.0], "k_pid_vsp": [234.75862073951836, 268.0253118624057, 0.5253205072075734]}, "datetime": {"datetime": "2025-08-20 22:35:19", "elapsed": 38573.621906518936, "delta": 19.52808904647827}, "costs": {"total_cost": 169.7643134272596, "time_cost": 72.312, "final_distance_cost": 1.8139330258453747, "oscillation_cost": 20.14039593068552, "completition_cost": 0.0, "overshoot_cost": 51.25128729470253, "power_cost": 12.497844274902345, "noise_cost": 11.74885290112382, "n_waypoints_completed": 9, "tot_waypoints": 9}}
{"target": -170.29876502690536, "params": {"k_pid_pos": [0.644365592816777, 0.0032005565657688747, 0.008438580955622032], "k_pid_alt": [1.9526613358316665, 0.00013754433545092452, 0.0018209784038871841], "k_pid_att": [28.745383580938057, 8.83709889203986, 0.5453490151620203], "k_pid_yaw": [0.5, 1e-06, 0.1], "k_pid_hsp": [0.10551734807244174, 0.0046553637836660436, 0.0], "k_pid_vsp": [272.5350407254496, 212.0843421866708, 0.6188504315538503]}, "datetime": {"datetime": "2025-08-20 22:35:34", "elapsed": 38589.11864352226, "delta": 15.496737003326416}, "costs": {"total_cost": 170.29876502690536, "time_cost": 70.928, "final_distance_cost": 1.8112857840755034, "oscillation_cost": 22.892212281650693, "completition_cost": 0.0, "overshoot_cost": 50.700882401230075, "power_cost": 12.441733154296875, "noise_cost": 11.524651405652214, "n_waypoints_completed": 9, "tot_waypoints": 9}}
{"target": -170.32123780855284, "params": {"k_pid_pos": [0.6597270043879533, 0.003244667176585302, 0.00878806371478409], "k_pid_alt": [1.7777570412787007, 0.00014375205288342567, 0.001626556370166881], "k_pid_att": [30.72020247514062, 6.848932992971929, 0.5670521129764946], "k_pid_yaw": [0.5, 1e-06, 0.1], "k_pid_hsp": [0.11112840792200256, 0.003788895435362934, 0.0], "k_pid_vsp": [224.0858743577006, 301.0313250716669, 0.5907694784796291]}, "datetime": {"datetime": "2025-08-20 22:35:52", "elapsed": 38607.47304725647, "delta": 18.354403734207153}, "costs": {"total_cost": 170.32123780855284, "time_cost": 70.648, "final_distance_cost": 1.8027840915397566, "oscillation_cost": 23.375710305178547, "completition_cost": 0.0, "overshoot_cost": 50.91617760754716, "power_cost": 12.14210712890625, "noise_cost": 11.436458675381107, "n_waypoints_completed": 9, "tot_waypoints": 9}}
{"target": -169.23969866768505, "params": {"k_pid_pos": [0.5190471345545381, 0.0035509512721123584, 0.007359234974241295], "k_pid_alt": [1.6676347466825456, 0.00016660935252368986, 0.0020108656656920433], "k_pid_att": [28.58766536419792, 6.560419925730661, 0.47920986699386], "k_pid_yaw": [0.5, 1e-06, 0.1], "k_pid_hsp": [0.10619652781010384, 0.005262148319930863, 0.0], "k_pid_vsp": [198.39442650086664, 274.4791444882372, 0.6499672085356515]}, "datetime": {"datetime": "2025-08-20 22:36:09", "elapsed": 38624.47415828705, "delta": 17.001111030578613}, "costs": {"total_cost": 169.23969866768505, "time_cost": 72.232, "final_distance_cost": 1.8285860584574216, "oscillation_cost": 20.95404724911147, "completition_cost": 0.0, "overshoot_cost": 50.49346478292383, "power_cost": 12.195110693359375, "noise_cost": 11.53648988383297, "n_waypoints_completed": 9, "tot_waypoints": 9}}
{"target": -169.24338371580959, "params": {"k_pid_pos": [0.6434342111191386, 0.0031562801072321967, 0.007222833930685748], "k_pid_alt": [1.9317234980028537, 0.00011892610376002234, 0.001781328305520925], "k_pid_att": [25.504178512408316, 8.453255750597833, 0.4151166633746019], "k_pid_yaw": [0.5, 1e-06, 0.1], "k_pid_hsp": [0.11254596447957615, 0.0038258571441033193, 0.0], "k_pid_vsp": [234.65387313355373, 221.63626966359266, 0.5611580529081016]}, "datetime": {"datetime": "2025-08-20 22:36:27", "elapsed": 38641.99501276016, "delta": 17.520854473114014}, "costs": {"total_cost": 169.24338371580959, "time_cost": 70.848, "final_distance_cost": 1.8325682559865866, "oscillation_cost": 22.81970440836457, "completition_cost": 0.0, "overshoot_cost": 50.794676603878365, "power_cost": 11.779505224609375, "noise_cost": 11.168929222970682, "n_waypoints_completed": 9, "tot_waypoints": 9}}
{"target": -169.47380976230252, "params": {"k_pid_pos": [0.522069033857072, 0.0039031163227091956, 0.008115475741424887], "k_pid_alt": [2.0, 0.00015287625856442479, 0.001492459032646303], "k_pid_att": [20.744928601403778, 7.399535155454932, 0.5908685764924498], "k_pid_yaw": [0.5, 1e-06, 0.1], "k_pid_hsp": [0.0885874923613611, 0.0046160124720726085, 0.0], "k_pid_vsp": [246.65547381521506, 220.60944307752098, 0.5186042769123146]}, "datetime": {"datetime": "2025-08-20 22:36:43", "elapsed": 38658.004349946976, "delta": 16.009337186813354}, "costs": {"total_cost": 169.47380976230252, "time_cost": 72.552, "final_distance_cost": 1.8187711977081225, "oscillation_cost": 19.860780116791396, "completition_cost": 0.0, "overshoot_cost": 51.496587217383414, "power_cost": 12.09482928466797, "noise_cost": 11.650841945751608, "n_waypoints_completed": 9, "tot_waypoints": 9}}
{"target": -169.16125170444664, "params": {"k_pid_pos": [0.5875039695952098, 0.0036999575572917985, 0.007055284729485172], "k_pid_alt": [1.8597440086417307, 0.0001298568271218576, 0.0020112435668312285], "k_pid_att": [25.9542899288934, 8.53354995946909, 0.4900845863218641], "k_pid_yaw": [0.5, 1e-06, 0.1], "k_pid_hsp": [0.08431103928053192, 0.003825089341450122, 0.0], "k_pid_vsp": [232.42126790346424, 241.07607196701602, 0.6555333170975833]}, "datetime": {"datetime": "2025-08-20 22:37:02", "elapsed": 38676.74443554878, "delta": 18.74008560180664}, "costs": {"total_cost": 169.16125170444664, "time_cost": 72.184, "final_distance_cost": 1.8181616344829623, "oscillation_cost": 20.603131439804052, "completition_cost": 0.0, "overshoot_cost": 51.256738035934, "power_cost": 11.922850732421876, "noise_cost": 11.376369861803767, "n_waypoints_completed": 9, "tot_waypoints": 9}}
{"target": -169.1041529080529, "params": {"k_pid_pos": [0.5914268966985751, 0.003536317272175892, 0.007460120901201089], "k_pid_alt": [2.0, 0.00014345881257433319, 0.0019048664679899086], "k_pid_att": [26.48496956106315, 7.613102805173145, 0.5023903930732706], "k_pid_yaw": [0.5, 1e-06, 0.1], "k_pid_hsp": [0.08887728083056941, 0.0033577237596928516, 0.0], "k_pid_vsp": [260.9878810515852, 250.45379102494528, 0.5937801949802647]}, "datetime": {"datetime": "2025-08-20 22:37:20", "elapsed": 38695.01172876358, "delta": 18.267293214797974}, "costs": {"total_cost": 169.1041529080529, "time_cost": 71.936, "final_distance_cost": 1.7989479175203447, "oscillation_cost": 20.805295677637165, "completition_cost": 0.0, "overshoot_cost": 51.081386156790444, "power_cost": 12.004178454589844, "noise_cost": 11.47834470151509, "n_waypoints_completed": 9, "tot_waypoints": 9}}
{"target": -169.72202110737896, "params": {"k_pid_pos": [0.6502582763469423, 0.0024934741084680126, 0.008099665109065934], "k_pid_alt": [2.0, 0.00011122859970216304, 0.001267558555305925], "k_pid_att": [25.9566223114801, 7.375417119690493, 0.48722391714239377], "k_pid_yaw": [0.5, 1e-06, 0.1], "k_pid_hsp": [0.09838624788569121, 0.004005368096598745, 0.0], "k_pid_vsp": [186.56577648840263, 287.45391210465203, 0.551506852134539]}, "datetime": {"datetime": "2025-08-20 22:37:36", "elapsed": 38711.09637451172, "delta": 16.084645748138428}, "costs": {"total_cost": 169.72202110737896, "time_cost": 71.072, "final_distance_cost": 1.798978740898183, "oscillation_cost": 22.6102107528254, "completition_cost": 0.0, "overshoot_cost": 51.02556428259596, "power_cost": 11.94613758544922, "noise_cost": 11.269129745610217, "n_waypoints_completed": 9, "tot_waypoints": 9}}
{"target": -169.84642864867263, "params": {"k_pid_pos": [0.47362958551448325, 0.0038271658396658516, 0.0069274981144103465], "k_pid_alt": [2.0, 0.00010889862335002947, 0.0016799253931684794], "k_pid_att": [22.90638082822659, 7.4777526813267245, 0.45400382964749403], "k_pid_yaw": [0.5, 1e-06, 0.1], "k_pid_hsp": [0.0806028403526081, 0.003926548834024788, 0.0], "k_pid_vsp": [191.81221638229013, 270.562589170516, 0.5315204608614376]}, "datetime": {"datetime": "2025-08-20 22:37:55", "elapsed": 38729.629765987396, "delta": 18.53339147567749}, "costs": {"total_cost": 169.84642864867263, "time_cost": 73.688, "final_distance_cost": 1.809193366183997, "oscillation_cost": 17.996346923473272, "completition_cost": 0.0, "overshoot_cost": 52.01347145736956, "power_cost": 12.402628161621095, "noise_cost": 11.936788740024719, "n_waypoints_completed": 9, "tot_waypoints": 9}}
{"target": -169.20715075861676, "params": {"k_pid_pos": [0.5399659114070605, 0.0033448505522457313, 0.00871639329244933], "k_pid_alt": [1.8859855677686659, 0.00014103158252726155, 0.0013589000148206802], "k_pid_att": [25.859433751131533, 9.72001998492568, 0.6160200867018849], "k_pid_yaw": [0.5, 1e-06, 0.1], "k_pid_hsp": [0.08719629066581665, 0.004701650202266905, 0.0], "k_pid_vsp": [179.617028182246, 247.44957210454143, 0.5237307495197167]}, "datetime": {"datetime": "2025-08-20 22:38:10", "elapsed": 38745.41771411896, "delta": 15.78794813156128}, "costs": {"total_cost": 169.20715075861676, "time_cost": 72.34400000000001, "final_distance_cost": 1.8180945757262832, "oscillation_cost": 20.289091798091377, "completition_cost": 0.0, "overshoot_cost": 51.26113957610602, "power_cost": 12.025855895996095, "noise_cost": 11.468968912696972, "n_waypoints_completed": 9, "tot_waypoints": 9}}
{"target": -168.85469373145338, "params": {"k_pid_pos": [0.557852597082846, 0.004150408971686938, 0.00800912401218658], "k_pid_alt": [1.7878978473180913, 0.00010993736858563424, 0.0016384860026223333], "k_pid_att": [25.07625690306125, 6.500257972603016, 0.5684802286889105], "k_pid_yaw": [0.5, 1e-06, 0.1], "k_pid_hsp": [0.09545493785807053, 0.004845089870453881, 0.0], "k_pid_vsp": [200.30189399836414, 240.70957075995008, 0.6454575212056629]}, "datetime": {"datetime": "2025-08-20 22:38:28", "elapsed": 38763.384610414505, "delta": 17.966896295547485}, "costs": {"total_cost": 168.85469373145338, "time_cost": 71.808, "final_distance_cost": 1.8235087988330156, "oscillation_cost": 20.857428762781588, "completition_cost": 0.0, "overshoot_cost": 51.042958859031906, "power_cost": 11.838670605468751, "noise_cost": 11.484126705338111, "n_waypoints_completed": 9, "tot_waypoints": 9}}
{"target": -169.51695688453972, "params": {"k_pid_pos": [0.4954042231681013, 0.003365748448353126, 0.007162868592024185], "k_pid_alt": [2.0, 0.00014271994100120426, 0.0015323636456602817], "k_pid_att": [27.326934098995807, 6.645380288641991, 0.5194633729427393], "k_pid_yaw": [0.5, 1e-06, 0.1], "k_pid_hsp": [0.09807375621295732, 0.004072845085244139, 0.0], "k_pid_vsp": [199.778624988544, 260.86891709829905, 0.7425089270083639]}, "datetime": {"datetime": "2025-08-20 22:38:44", "elapsed": 38779.20621466637, "delta": 15.821604251861572}, "costs": {"total_cost": 169.51695688453972, "time_cost": 72.808, "final_distance_cost": 1.8202785217845003, "oscillation_cost": 19.81390234642089, "completition_cost": 0.0, "overshoot_cost": 50.9586576125201, "power_cost": 12.378917346191407, "noise_cost": 11.737201057622835, "n_waypoints_completed": 9, "tot_waypoints": 9}}
{"target": -170.91080766042097, "params": {"k_pid_pos": [0.4309286473172164, 0.003929243175614874, 0.008193719189158144], "k_pid_alt": [1.7591704335136242, 0.00015614534169759036, 0.0013537583513120652], "k_pid_att": [26.185515847518275, 8.346484503254876, 0.3786672384983724], "k_pid_yaw": [0.5, 1e-06, 0.1], "k_pid_hsp": [0.1043924237416768, 0.00492005416505645, 0.0], "k_pid_vsp": [192.4197769252971, 241.09960308044438, 0.5487255653063264]}, "datetime": {"datetime": "2025-08-20 22:39:03", "elapsed": 38797.996726989746, "delta": 18.790512323379517}, "costs": {"total_cost": 170.91080766042097, "time_cost": 74.56, "final_distance_cost": 1.8467771779029052, "oscillation_cost": 18.908282398632114, "completition_cost": 0.0, "overshoot_cost": 51.137932815584044, "power_cost": 12.417488085937501, "noise_cost": 12.040327182364416, "n_waypoints_completed": 9, "tot_waypoints": 9}}
{"target": -169.3276329324346, "params": {"k_pid_pos": [0.5826958030470059, 0.003398516466952524, 0.00788411325491243], "k_pid_alt": [2.0, 0.0001591825538958486, 0.0012936007318328933], "k_pid_att": [29.412619551330806, 6.320730198276887, 0.48664576447863345], "k_pid_yaw": [0.5, 1e-06, 0.1], "k_pid_hsp": [0.09876325307969902, 0.004521251903001539, 0.0], "k_pid_vsp": [240.37524285482937, 228.3571531773957, 0.6023121841021776]}, "datetime": {"datetime": "2025-08-20 22:39:21", "elapsed": 38816.26045370102, "delta": 18.263726711273193}, "costs": {"total_cost": 169.3276329324346, "time_cost": 71.60000000000001, "final_distance_cost": 1.8203719502423859, "oscillation_cost": 21.177263623222483, "completition_cost": 0.0, "overshoot_cost": 50.9030423150752, "power_cost": 12.230839904785157, "noise_cost": 11.596115139109369, "n_waypoints_completed": 9, "tot_waypoints": 9}}
