{"target": -208.7990756682883, "params": {"k_pid_pos": [0.9221007190558371, 0.01816248503609375, 0.3561990762668876], "k_pid_alt": [0.7339957000145362, 0.00014490132470065478, 0.46721764323044995], "k_pid_att": [49.33989995335467, 1.0021729228338476, 0.8846439278637016], "k_pid_yaw": [0.5, 1e-06, 0.1], "k_pid_hsp": [0.30322593412498244, 0.07503305761831135, 0.0], "k_pid_vsp": [0.0, 212.2889036005432, 4.244629593515948]}, "datetime": {"datetime": "2025-08-20 14:29:19", "elapsed": 9414.16841340065, "delta": 18.91179633140564}, "costs": {"total_cost": 208.7990756682883, "time_cost": 82.19200000000001, "final_distance_cost": 1.7956339737148204, "oscillation_cost": 45.19655809669328, "completition_cost": 0.0, "overshoot_cost": 52.734866689726815, "power_cost": 15.667720092773438, "noise_cost": 11.212296815379952, "n_waypoints_completed": 9, "tot_waypoints": 9}}
{"target": -176.18893147232694, "params": {"k_pid_pos": [0.9157422220817849, 0.019076685207488866, 0.2833491067744469], "k_pid_alt": [1.116166836452064, 0.0001416740234929602, 0.0], "k_pid_att": [22.978962088382456, 0.7998922733974846, 0.8198026165243059], "k_pid_yaw": [0.5, 1e-06, 0.1], "k_pid_hsp": [0.37422570361191293, 0.0529520922324579, 0.0], "k_pid_vsp": [400.0, 164.28739586673984, 4.8871761481991]}, "datetime": {"datetime": "2025-08-20 14:29:36", "elapsed": 9430.942023277283, "delta": 16.77360987663269}, "costs": {"total_cost": 176.18893147232694, "time_cost": 71.768, "final_distance_cost": 1.8521765859056587, "oscillation_cost": 28.326925474114546, "completition_cost": 0.0, "overshoot_cost": 49.98576977197061, "power_cost": 12.288927575683594, "noise_cost": 11.96713206465254, "n_waypoints_completed": 9, "tot_waypoints": 9}}
{"target": -178.28665445670228, "params": {"k_pid_pos": [0.9783308476146395, 0.01740420990184704, 0.12473005105472001], "k_pid_alt": [1.3002192654714857, 0.00018426002512598495, 0.08641594945532839], "k_pid_att": [8.41076157686767, 3.2793233288118464, 0.4745994126304316], "k_pid_yaw": [0.5, 1e-06, 0.1], "k_pid_hsp": [0.8701353982539946, 0.09113898163987998, 0.0], "k_pid_vsp": [304.44922807052006, 186.379572165418, 4.112894463550352]}, "datetime": {"datetime": "2025-08-20 14:29:55", "elapsed": 9449.792486190796, "delta": 18.850462913513184}, "costs": {"total_cost": 178.28665445670228, "time_cost": 69.60000000000001, "final_distance_cost": 1.84962356623861, "oscillation_cost": 32.61323840858613, "completition_cost": 0.0, "overshoot_cost": 49.33192035051521, "power_cost": 13.005232434082032, "noise_cost": 11.886639697280284, "n_waypoints_completed": 9, "tot_waypoints": 9}}
{"target": -180.11713416666973, "params": {"k_pid_pos": [1.1357923854165923, 0.01846635468990597, 0.19742701452054037], "k_pid_alt": [2.0, 0.00022967347740315914, 0.10195291397780827], "k_pid_att": [43.452285703637244, 3.969606310195097, 0.7141094729650028], "k_pid_yaw": [0.5, 1e-06, 0.1], "k_pid_hsp": [1.5739688751972345, 0.045367432694175876, 0.0], "k_pid_vsp": [100.93895286592287, 208.93398628482396, 1.2079689182683926]}, "datetime": {"datetime": "2025-08-20 14:30:11", "elapsed": 9466.41567158699, "delta": 16.623185396194458}, "costs": {"total_cost": 180.11713416666973, "time_cost": 69.608, "final_distance_cost": 1.8432299465103537, "oscillation_cost": 34.29249951557936, "completition_cost": 0.0, "overshoot_cost": 50.19403993120445, "power_cost": 12.480309387207031, "noise_cost": 11.69905538616854, "n_waypoints_completed": 9, "tot_waypoints": 9}}
{"target": -181.29971678060448, "params": {"k_pid_pos": [1.0288459551031195, 0.014914129757335762, 0.16280374025142982], "k_pid_alt": [2.0, 3.324753591006507e-05, 0.343236820106773], "k_pid_att": [47.47463460377694, 4.383314487132882, 1.0], "k_pid_yaw": [0.5, 1e-06, 0.1], "k_pid_hsp": [0.27057944568322706, 0.10332621512230812, 0.0], "k_pid_vsp": [372.6271097122114, 50.96907671471556, 0.7197170830894621]}, "datetime": {"datetime": "2025-08-20 14:30:27", "elapsed": 9481.99450802803, "delta": 15.578836441040039}, "costs": {"total_cost": 181.29971678060448, "time_cost": 70.656, "final_distance_cost": 1.8552960303910575, "oscillation_cost": 33.89085607419644, "completition_cost": 0.0, "overshoot_cost": 50.22209523248876, "power_cost": 12.757456323242188, "noise_cost": 11.918013120286027, "n_waypoints_completed": 9, "tot_waypoints": 9}}
{"target": -177.86019288971428, "params": {"k_pid_pos": [1.1388361255833708, 0.009145529085881433, 0.1343404721128441], "k_pid_alt": [2.0, 0.00015279113844314128, 0.07608178241257989], "k_pid_att": [60.21439731625179, 3.7946767658759355, 1.0], "k_pid_yaw": [0.5, 1e-06, 0.1], "k_pid_hsp": [0.4739503447990727, 0.08296493245174585, 0.0], "k_pid_vsp": [340.1329054595728, 137.40125599493118, 3.6791735644582304]}, "datetime": {"datetime": "2025-08-20 14:30:43", "elapsed": 9498.011964797974, "delta": 16.017456769943237}, "costs": {"total_cost": 177.86019288971428, "time_cost": 69.528, "final_distance_cost": 1.8459968783399157, "oscillation_cost": 32.211264316985606, "completition_cost": 0.0, "overshoot_cost": 50.162579934185054, "power_cost": 12.573213256835938, "noise_cost": 11.539138503367765, "n_waypoints_completed": 9, "tot_waypoints": 9}}
{"target": -175.6559722370758, "params": {"k_pid_pos": [1.5714393759596792, 0.021441362559451945, 0.21251346626479214], "k_pid_alt": [1.6706521125571718, 0.00021827175243687582, 0.18767175790561508], "k_pid_att": [47.90483242653619, 5.357190325370577, 0.9908528232289537], "k_pid_yaw": [0.5, 1e-06, 0.1], "k_pid_hsp": [0.9661174779019918, 0.05989141643898848, 0.0], "k_pid_vsp": [241.69819524860577, 203.4769616561281, 1e-06]}, "datetime": {"datetime": "2025-08-20 14:31:01", "elapsed": 9516.100519657135, "delta": 18.088554859161377}, "costs": {"total_cost": 175.6559722370758, "time_cost": 68.392, "final_distance_cost": 1.8080125081593486, "oscillation_cost": 32.37609329095758, "completition_cost": 0.0, "overshoot_cost": 49.81023193403326, "power_cost": 12.199981848144532, "noise_cost": 11.06965265578106, "n_waypoints_completed": 9, "tot_waypoints": 9}}
{"target": -179.5264038526249, "params": {"k_pid_pos": [1.132476192559442, 0.01915679554238041, 0.28186441154074554], "k_pid_alt": [1.2951735873056165, 8.567805460765988e-05, 0.4854478222699745], "k_pid_att": [45.95478308493178, 2.8451666348877716, 1.0], "k_pid_yaw": [0.5, 1e-06, 0.1], "k_pid_hsp": [0.5014449976145214, 0.11953238612158211, 0.0], "k_pid_vsp": [104.53826976669556, 131.05850070182854, 6.155963842072857]}, "datetime": {"datetime": "2025-08-20 14:31:21", "elapsed": 9535.580398797989, "delta": 19.479879140853882}, "costs": {"total_cost": 179.5264038526249, "time_cost": 71.016, "final_distance_cost": 1.8474586001525666, "oscillation_cost": 32.270945139614156, "completition_cost": 0.0, "overshoot_cost": 49.920966452634055, "power_cost": 12.783192028808594, "noise_cost": 11.68784163141552, "n_waypoints_completed": 9, "tot_waypoints": 9}}
{"target": -178.30216646048072, "params": {"k_pid_pos": [1.4871980655769672, 0.025700107121768585, 0.335758800633893], "k_pid_alt": [1.0171953994435652, 0.00015455666530783183, 0.17064178206890798], "k_pid_att": [27.120730754823512, 1.722534637081815, 0.8619967065469561], "k_pid_yaw": [0.5, 1e-06, 0.1], "k_pid_hsp": [0.6001428561976819, 0.163250521211695, 0.0], "k_pid_vsp": [175.87497271806163, 150.70866869860143, 4.86826205840877]}, "datetime": {"datetime": "2025-08-20 14:31:40", "elapsed": 9555.039988279343, "delta": 19.45958948135376}, "costs": {"total_cost": 178.30216646048072, "time_cost": 69.784, "final_distance_cost": 1.8383906425492145, "oscillation_cost": 33.36739122457722, "completition_cost": 0.0, "overshoot_cost": 49.32051529379012, "power_cost": 12.627374145507813, "noise_cost": 11.364495154056359, "n_waypoints_completed": 9, "tot_waypoints": 9}}
{"target": -179.32957891863083, "params": {"k_pid_pos": [0.6982528534832889, 0.039682325174371945, 0.13606465366086185], "k_pid_alt": [1.7840138823190366, 0.00010049789179746917, 0.13485521124869596], "k_pid_att": [52.06358578862514, 5.6961352286871545, 0.9818101183031224], "k_pid_yaw": [0.5, 1e-06, 0.1], "k_pid_hsp": [0.4705174830377136, 0.08019000050806875, 0.0], "k_pid_vsp": [262.47305041865735, 272.0380093353554, 2.483095826804338]}, "datetime": {"datetime": "2025-08-20 14:32:02", "elapsed": 9576.734355211258, "delta": 21.694366931915283}, "costs": {"total_cost": 179.32957891863083, "time_cost": 73.4, "final_distance_cost": 1.8500769974230586, "oscillation_cost": 29.03468796718631, "completition_cost": 0.0, "overshoot_cost": 49.8761847585326, "power_cost": 12.939391735839845, "noise_cost": 12.229237459649008, "n_waypoints_completed": 9, "tot_waypoints": 9}}
{"target": -177.76359257512564, "params": {"k_pid_pos": [1.1344297223268358, 0.019107081046235444, 0.19854151440053905], "k_pid_alt": [2.0, 0.0002160415324251121, 0.0], "k_pid_att": [45.60314772739742, 4.127215171645976, 1.0], "k_pid_yaw": [0.5, 1e-06, 0.1], "k_pid_hsp": [0.3378089114049954, 0.0799506189383102, 0.0], "k_pid_vsp": [315.1147523797999, 128.40107513575853, 5.3202084177243325]}, "datetime": {"datetime": "2025-08-20 14:32:20", "elapsed": 9594.753491163254, "delta": 18.01913595199585}, "costs": {"total_cost": 177.76359257512564, "time_cost": 69.60000000000001, "final_distance_cost": 1.8404882518495833, "oscillation_cost": 31.891086389431802, "completition_cost": 0.0, "overshoot_cost": 49.78870044547686, "power_cost": 12.911970092773439, "noise_cost": 11.731347395593945, "n_waypoints_completed": 9, "tot_waypoints": 9}}
{"target": -176.49076251075482, "params": {"k_pid_pos": [1.2985539709233123, 0.024740502186894688, 0.1849965906020589], "k_pid_alt": [1.560460034288077, 0.0001727159202255401, 0.402600536900047], "k_pid_att": [25.14865000783098, 5.20446004030068, 1.0], "k_pid_yaw": [0.5, 1e-06, 0.1], "k_pid_hsp": [0.8243299714177713, 0.08491550240969033, 0.0], "k_pid_vsp": [251.15648861903682, 252.392254264858, 5.136337128875132]}, "datetime": {"datetime": "2025-08-20 14:32:37", "elapsed": 9612.007219552994, "delta": 17.25372838973999}, "costs": {"total_cost": 176.49076251075482, "time_cost": 68.88, "final_distance_cost": 1.8230295972941277, "oscillation_cost": 32.26011271840432, "completition_cost": 0.0, "overshoot_cost": 49.32400656331508, "power_cost": 12.663679821777345, "noise_cost": 11.539933809963982, "n_waypoints_completed": 9, "tot_waypoints": 9}}
{"target": -177.24722401698983, "params": {"k_pid_pos": [1.5330167897124862, 0.023689967001342353, 0.200280535757407], "k_pid_alt": [1.21476601096057, 4.787165784518642e-05, 0.10455786157913956], "k_pid_att": [66.35608097598447, 2.4818128478334693, 0.37667930748591477], "k_pid_yaw": [0.5, 1e-06, 0.1], "k_pid_hsp": [0.9046296122003712, 0.08746018070129036, 0.0], "k_pid_vsp": [253.18168698891313, 303.55238143205224, 1e-06]}, "datetime": {"datetime": "2025-08-20 14:32:54", "elapsed": 9628.63533782959, "delta": 16.62811827659607}, "costs": {"total_cost": 177.24722401698983, "time_cost": 68.84, "final_distance_cost": 1.8071089705344743, "oscillation_cost": 33.87167894862489, "completition_cost": 0.0, "overshoot_cost": 49.33351727237987, "power_cost": 12.273562805175782, "noise_cost": 11.121356020274812, "n_waypoints_completed": 9, "tot_waypoints": 9}}
{"target": -183.45240370500335, "params": {"k_pid_pos": [1.3252951954101084, 0.0, 0.22537651778455695], "k_pid_alt": [2.0, 0.00017473492688797857, 0.007444313309998822], "k_pid_att": [69.27623179594937, 0.7833662951987739, 0.536085538209549], "k_pid_yaw": [0.5, 1e-06, 0.1], "k_pid_hsp": [0.5825070625054524, 0.04640785496491621, 0.0], "k_pid_vsp": [21.11350655645458, 140.37603855223156, 3.1900817281482965]}, "datetime": {"datetime": "2025-08-20 14:33:11", "elapsed": 9645.698414087296, "delta": 17.06307625770569}, "costs": {"total_cost": 183.45240370500335, "time_cost": 69.736, "final_distance_cost": 1.8374719293760864, "oscillation_cost": 37.337963184334846, "completition_cost": 0.0, "overshoot_cost": 50.365762640500016, "power_cost": 12.751031677246095, "noise_cost": 11.424174273546294, "n_waypoints_completed": 9, "tot_waypoints": 9}}
{"target": -177.49706923559168, "params": {"k_pid_pos": [1.2011901923317352, 0.036127549255681166, 0.4466595587913133], "k_pid_alt": [2.0, 0.00014301968245209685, 0.21225695862377322], "k_pid_att": [40.794732006045514, 6.597275580626892, 1.0], "k_pid_yaw": [0.5, 1e-06, 0.1], "k_pid_hsp": [0.38947834677805176, 0.11589980632229903, 0.0], "k_pid_vsp": [371.7575098891045, 275.4096239589758, 3.656630476457192]}, "datetime": {"datetime": "2025-08-20 14:33:28", "elapsed": 9663.08691072464, "delta": 17.38849663734436}, "costs": {"total_cost": 177.49706923559168, "time_cost": 69.952, "final_distance_cost": 1.8527460875639914, "oscillation_cost": 31.58314808090173, "completition_cost": 0.0, "overshoot_cost": 49.714974853292844, "power_cost": 12.723400585937501, "noise_cost": 11.670799627895592, "n_waypoints_completed": 9, "tot_waypoints": 9}}
{"target": -188.89856791852685, "params": {"k_pid_pos": [1.1346177783447216, 0.0, 0.1720444830769405], "k_pid_alt": [2.0, 0.0002259652018346848, 0.20002022923542973], "k_pid_att": [24.187085105623947, 2.738197825119931, 1.0], "k_pid_yaw": [0.5, 1e-06, 0.1], "k_pid_hsp": [0.14273561208193772, 0.09292900012185334, 0.0], "k_pid_vsp": [373.9873415523396, 178.61021202388997, 2.821036701777951]}, "datetime": {"datetime": "2025-08-20 14:33:44", "elapsed": 9678.937677383423, "delta": 15.850766658782959}, "costs": {"total_cost": 188.89856791852685, "time_cost": 70.208, "final_distance_cost": 1.8534943876180536, "oscillation_cost": 41.332680907552856, "completition_cost": 0.0, "overshoot_cost": 50.5381539319551, "power_cost": 13.1468400390625, "noise_cost": 11.81939865233831, "n_waypoints_completed": 9, "tot_waypoints": 9}}
{"target": -176.0567512286001, "params": {"k_pid_pos": [1.000898094890185, 0.0015310506941152771, 0.06624022141863062], "k_pid_alt": [2.0, 0.0002469128107931067, 0.0], "k_pid_att": [55.87300222856148, 3.6908253007885983, 0.9079768388322836], "k_pid_yaw": [0.5, 1e-06, 0.1], "k_pid_hsp": [0.44595082150839715, 0.028375391630196662, 0.0], "k_pid_vsp": [352.7865414432706, 182.5444392138293, 6.190309631867653]}, "datetime": {"datetime": "2025-08-20 14:33:59", "elapsed": 9694.504977703094, "delta": 15.56730031967163}, "costs": {"total_cost": 176.0567512286001, "time_cost": 69.60000000000001, "final_distance_cost": 1.837339172912171, "oscillation_cost": 29.88189494042333, "completition_cost": 0.0, "overshoot_cost": 50.199963128848175, "power_cost": 12.82667451171875, "noise_cost": 11.710879474697649, "n_waypoints_completed": 9, "tot_waypoints": 9}}
{"target": -214.1632144805935, "params": {"k_pid_pos": [0.8911853112168932, 0.014344303097670512, 0.4596504105504013], "k_pid_alt": [2.0, 0.00011889960340000549, 0.10937516748937137], "k_pid_att": [40.54360502144825, 1.9715063962010497, 0.9286418225446219], "k_pid_yaw": [0.5, 1e-06, 0.1], "k_pid_hsp": [0.07212900110690919, 0.09859165932096492, 0.0], "k_pid_vsp": [400.0, 154.15135513656082, 0.7687266755049326]}, "datetime": {"datetime": "2025-08-20 14:34:19", "elapsed": 9713.835182666779, "delta": 19.330204963684082}, "costs": {"total_cost": 214.1632144805935, "time_cost": 80.536, "final_distance_cost": 1.84644677284621, "oscillation_cost": 52.12178379340342, "completition_cost": 0.0, "overshoot_cost": 51.704674875264345, "power_cost": 14.276698168945313, "noise_cost": 13.677610870134222, "n_waypoints_completed": 9, "tot_waypoints": 9}}
{"target": -174.7515661084398, "params": {"k_pid_pos": [1.7863192343747922, 0.033062913677590205, 0.4515462860359864], "k_pid_alt": [2.0, 0.00021219206217526387, 0.06342110908039784], "k_pid_att": [43.46734392564584, 3.2143994663734134, 0.9463711965147624], "k_pid_yaw": [0.5, 1e-06, 0.1], "k_pid_hsp": [0.7055530779346003, 0.007491796119003903, 0.0], "k_pid_vsp": [293.51516764109095, 183.5024474374288, 2.2492004934822543]}, "datetime": {"datetime": "2025-08-20 14:34:35", "elapsed": 9729.723617553711, "delta": 15.888434886932373}, "costs": {"total_cost": 174.7515661084398, "time_cost": 69.04, "final_distance_cost": 1.8149187577311525, "oscillation_cost": 30.307039508829643, "completition_cost": 0.0, "overshoot_cost": 50.03134918217385, "power_cost": 12.256163806152344, "noise_cost": 11.302094853552811, "n_waypoints_completed": 9, "tot_waypoints": 9}}
{"target": -181.44502829592784, "params": {"k_pid_pos": [2.0, 0.029524431928981455, 0.25366395767917793], "k_pid_alt": [1.2506479467347251, 0.0002057420679384028, 0.25669397864693216], "k_pid_att": [34.21984799839482, 4.575873697420065, 1.0], "k_pid_yaw": [0.5, 1e-06, 0.1], "k_pid_hsp": [0.8208528945826505, 0.11247146434760537, 0.0], "k_pid_vsp": [326.56506053427773, 149.99983354016783, 3.272784701812282]}, "datetime": {"datetime": "2025-08-20 14:34:50", "elapsed": 9745.240677595139, "delta": 15.517060041427612}, "costs": {"total_cost": 181.44502829592784, "time_cost": 69.16, "final_distance_cost": 1.775139804584159, "oscillation_cost": 37.67390645623024, "completition_cost": 0.0, "overshoot_cost": 49.253902644945505, "power_cost": 12.379300122070314, "noise_cost": 11.202779268097622, "n_waypoints_completed": 9, "tot_waypoints": 9}}
{"target": -177.05981593817828, "params": {"k_pid_pos": [1.3329590109669258, 0.022195586351555708, 0.3139311356668805], "k_pid_alt": [1.2782786569679008, 0.00012296528077070245, 0.032783606010315235], "k_pid_att": [37.44691296808744, 2.7969906305006718, 1.0], "k_pid_yaw": [0.5, 1e-06, 0.1], "k_pid_hsp": [1.6910018110295297, 0.11707942732564469, 0.0], "k_pid_vsp": [400.0, 179.83834197618793, 3.823023120871873]}, "datetime": {"datetime": "2025-08-20 14:35:05", "elapsed": 9760.27438545227, "delta": 15.033707857131958}, "costs": {"total_cost": 177.05981593817828, "time_cost": 69.264, "final_distance_cost": 1.836813109206124, "oscillation_cost": 32.66799220595156, "completition_cost": 0.0, "overshoot_cost": 49.56951468259769, "power_cost": 12.267728039550782, "noise_cost": 11.453767900872124, "n_waypoints_completed": 9, "tot_waypoints": 9}}
{"target": -180.73345838152497, "params": {"k_pid_pos": [0.7571080479637592, 0.026095387091937417, 0.14735971092118602], "k_pid_alt": [1.9718204559145895, 0.00015724506347654135, 0.2968175623785633], "k_pid_att": [16.837529622983936, 2.7372153135345907, 0.9380350890282682], "k_pid_yaw": [0.5, 1e-06, 0.1], "k_pid_hsp": [0.8851055827339342, 0.036070580265563985, 0.0], "k_pid_vsp": [273.4532746745862, 76.11938187249639, 6.587948996920578]}, "datetime": {"datetime": "2025-08-20 14:35:22", "elapsed": 9776.525136709213, "delta": 16.25075125694275}, "costs": {"total_cost": 180.73345838152497, "time_cost": 73.776, "final_distance_cost": 1.8479377318663877, "oscillation_cost": 28.87414374787757, "completition_cost": 0.0, "overshoot_cost": 49.851426011021275, "power_cost": 13.696943615722656, "noise_cost": 12.687007275037072, "n_waypoints_completed": 9, "tot_waypoints": 9}}
{"target": -3859.182937441366, "params": {"k_pid_pos": [1.675783356373642, 0.03539292609243213, 0.24000569923064405], "k_pid_alt": [1.4729234074974686, 0.00010244033973563652, 0.3361785562715551], "k_pid_att": [0.0, 2.1748512876797648, 0.7198244985218212], "k_pid_yaw": [0.5, 1e-06, 0.1], "k_pid_hsp": [0.5604925369671917, 0.07595385647114014, 0.0], "k_pid_vsp": [349.8225092829714, 363.08466344721336, 1.17175863954193]}, "datetime": {"datetime": "2025-08-20 14:35:47", "elapsed": 9802.47791647911, "delta": 25.95277976989746}, "costs": {"total_cost": 3859.182937441366, "time_cost": 150, "final_distance_cost": 477.6044080103007, "oscillation_cost": 983.0641306679953, "completition_cost": 1000.0, "overshoot_cost": 1115.50480730153, "power_cost": 35.823453088378905, "noise_cost": 97.18613837316109, "n_waypoints_completed": 0, "tot_waypoints": 9}}
{"target": -184.35474530365627, "params": {"k_pid_pos": [1.9638920702296485, 0.024420884146536297, 0.2974396671190588], "k_pid_alt": [0.7312758228156783, 0.00010257873048373659, 0.18697396326750146], "k_pid_att": [46.073825452172564, 2.8022791434284735, 1.0], "k_pid_yaw": [0.5, 1e-06, 0.1], "k_pid_hsp": [0.8230508040081815, 0.1262042618507574, 0.0], "k_pid_vsp": [362.39008432109426, 255.21173576056222, 2.329532819398717]}, "datetime": {"datetime": "2025-08-20 14:36:05", "elapsed": 9819.578151464462, "delta": 17.100234985351562}, "costs": {"total_cost": 184.35474530365627, "time_cost": 72.144, "final_distance_cost": 1.8267998058935517, "oscillation_cost": 36.54936140916444, "completition_cost": 0.0, "overshoot_cost": 49.9397568702486, "power_cost": 12.56606864013672, "noise_cost": 11.328758578212943, "n_waypoints_completed": 9, "tot_waypoints": 9}}
{"target": -204.02285485039863, "params": {"k_pid_pos": [1.2838740784851945, 0.01953032530066505, 0.10415831384330314], "k_pid_alt": [0.5560273324807793, 0.00015045035983783368, 0.39181400109179987], "k_pid_att": [53.902198388584736, 5.021215215221638, 1.0], "k_pid_yaw": [0.5, 1e-06, 0.1], "k_pid_hsp": [0.2490063167456388, 0.12542413021852072, 0.0], "k_pid_vsp": [202.75290527009534, 159.42111707345768, 3.3745052705040037]}, "datetime": {"datetime": "2025-08-20 14:36:24", "elapsed": 9838.828295230865, "delta": 19.2501437664032}, "costs": {"total_cost": 204.02285485039863, "time_cost": 81.488, "final_distance_cost": 1.8594578210705994, "oscillation_cost": 42.044191224731165, "completition_cost": 0.0, "overshoot_cost": 50.17197347990276, "power_cost": 15.088855200195313, "noise_cost": 13.370377124498761, "n_waypoints_completed": 9, "tot_waypoints": 9}}
