{"target": -169.54040814946825, "params": {"k_pid_pos": [0.4891080436046009, 0.0019472156411963258, 0.007663220060105456], "k_pid_alt": [2.0, 0.00014316844762860857, 0.001759587570358083], "k_pid_att": [29.791560850371855, 6.938036474447578, 0.7504646250515372], "k_pid_yaw": [0.5, 1e-06, 0.1], "k_pid_hsp": [0.09760935286287054, 0.0054421900633326485, 0.0], "k_pid_vsp": [231.71024127832075, 330.65421607274675, 0.5413323034559626]}, "datetime": {"datetime": "2025-08-20 21:08:26", "elapsed": 33361.12775969505, "delta": 16.69901132583618}, "costs": {"total_cost": 169.54040814946825, "time_cost": 72.848, "final_distance_cost": 1.8405375048041333, "oscillation_cost": 19.74934829970824, "completition_cost": 0.0, "overshoot_cost": 50.97919246861089, "power_cost": 12.413107861328125, "noise_cost": 11.71022201501687, "n_waypoints_completed": 9, "tot_waypoints": 9}}
{"target": -191.09340160543059, "params": {"k_pid_pos": [0.2879039474632882, 0.0038619204555548985, 0.005776318501076808], "k_pid_alt": [2.0, 0.00015315516951942409, 0.0016207835747358787], "k_pid_att": [28.10987638026003, 8.096113774922262, 0.7935287140709938], "k_pid_yaw": [0.5, 1e-06, 0.1], "k_pid_hsp": [0.10157705479876876, 0.005973019308117979, 0.0], "k_pid_vsp": [247.51292868927285, 210.91887402329863, 0.5893316080878886]}, "datetime": {"datetime": "2025-08-20 21:08:48", "elapsed": 33382.85241293907, "delta": 21.724653244018555}, "costs": {"total_cost": 191.09340160543059, "time_cost": 89.21600000000001, "final_distance_cost": 1.862044177166508, "oscillation_cost": 15.708600796964873, "completition_cost": 0.0, "overshoot_cost": 53.54810595194813, "power_cost": 14.922208557128908, "noise_cost": 15.836442122222174, "n_waypoints_completed": 9, "tot_waypoints": 9}}
{"target": -168.36985915109605, "params": {"k_pid_pos": [0.6058829541215746, 0.0030959740220667304, 0.007051268017127375], "k_pid_alt": [2.0, 0.00011831099642153843, 0.0015386860705186342], "k_pid_att": [27.04618995859205, 8.425201593929678, 0.4412250822690076], "k_pid_yaw": [0.5, 1e-06, 0.1], "k_pid_hsp": [0.09624758186606912, 0.0040754918833305976, 0.0], "k_pid_vsp": [233.21353726083612, 182.0378047278442, 0.549397193122055]}, "datetime": {"datetime": "2025-08-20 21:09:04", "elapsed": 33398.626911878586, "delta": 15.77449893951416}, "costs": {"total_cost": 168.36985915109605, "time_cost": 71.512, "final_distance_cost": 1.8220563518573534, "oscillation_cost": 21.445674999649835, "completition_cost": 0.0, "overshoot_cost": 50.48870369773179, "power_cost": 11.85252156982422, "noise_cost": 11.24890253203286, "n_waypoints_completed": 9, "tot_waypoints": 9}}
{"target": -168.9594040963924, "params": {"k_pid_pos": [0.5626376605259563, 0.0035524112589781034, 0.009088073437811714], "k_pid_alt": [1.5151239054813397, 0.0001337472143568417, 0.0020199169505620207], "k_pid_att": [31.761535626801678, 6.544861032452649, 0.667732915756872], "k_pid_yaw": [0.5, 1e-06, 0.1], "k_pid_hsp": [0.09896401876997868, 0.005578742808925127, 0.0], "k_pid_vsp": [220.7799993275211, 258.2248973447061, 0.804890494375667]}, "datetime": {"datetime": "2025-08-20 21:09:21", "elapsed": 33415.74062871933, "delta": 17.11371684074402}, "costs": {"total_cost": 168.9594040963924, "time_cost": 71.68, "final_distance_cost": 1.8227841861576546, "oscillation_cost": 20.9864366745276, "completition_cost": 0.0, "overshoot_cost": 51.25725351363614, "power_cost": 11.876889489746095, "noise_cost": 11.336040232324901, "n_waypoints_completed": 9, "tot_waypoints": 9}}
{"target": -169.08948478983183, "params": {"k_pid_pos": [0.5771065195761325, 0.0038078315485503837, 0.010296523477276243], "k_pid_alt": [1.8402722850254414, 0.00011973749760262266, 0.0013841737377003835], "k_pid_att": [33.1670933088649, 7.576494416042039, 0.6559275979797529], "k_pid_yaw": [0.5, 1e-06, 0.1], "k_pid_hsp": [0.10325692806088993, 0.0025282272670355496, 0.0], "k_pid_vsp": [266.1850680026143, 273.4566975045214, 0.6827518748301804]}, "datetime": {"datetime": "2025-08-20 21:09:36", "elapsed": 33431.39746713638, "delta": 15.656838417053223}, "costs": {"total_cost": 169.08948478983183, "time_cost": 71.648, "final_distance_cost": 1.8348115366137108, "oscillation_cost": 20.947960418147904, "completition_cost": 0.0, "overshoot_cost": 51.24020571302614, "power_cost": 12.004679650878908, "noise_cost": 11.413827471165183, "n_waypoints_completed": 9, "tot_waypoints": 9}}
{"target": -170.64222514965905, "params": {"k_pid_pos": [0.49513222711340527, 0.0025619580428663333, 0.008835666061148035], "k_pid_alt": [1.8030106959140113, 0.00013490890942606916, 0.0010987166196908297], "k_pid_att": [27.64362894722106, 7.5596864180757235, 0.5994700212407135], "k_pid_yaw": [0.5, 1e-06, 0.1], "k_pid_hsp": [0.11825010178908264, 0.004359547849540565, 0.0], "k_pid_vsp": [265.7420181769074, 238.46035354732203, 0.692988619305203]}, "datetime": {"datetime": "2025-08-20 21:09:54", "elapsed": 33448.67565059662, "delta": 17.278183460235596}, "costs": {"total_cost": 170.64222514965905, "time_cost": 73.016, "final_distance_cost": 1.843063793142666, "oscillation_cost": 20.609375794435262, "completition_cost": 0.0, "overshoot_cost": 50.694233702876566, "power_cost": 12.542175964355469, "noise_cost": 11.93737589484908, "n_waypoints_completed": 9, "tot_waypoints": 9}}
{"target": -170.37400130720468, "params": {"k_pid_pos": [0.7407359292750622, 0.003860765831622271, 0.008570804509619284], "k_pid_alt": [1.8835143994068881, 0.00012889532072819237, 0.0019675209149369144], "k_pid_att": [21.522601138271664, 9.380827723215454, 0.5409871963266498], "k_pid_yaw": [0.5, 1e-06, 0.1], "k_pid_hsp": [0.14633709385078184, 0.0045026492347323725, 0.0], "k_pid_vsp": [226.4001233699349, 225.1786338854711, 0.367273695452826]}, "datetime": {"datetime": "2025-08-20 21:10:09", "elapsed": 33463.8844306469, "delta": 15.20878005027771}, "costs": {"total_cost": 170.37400130720468, "time_cost": 70.104, "final_distance_cost": 1.8245494207966224, "oscillation_cost": 25.092974232614615, "completition_cost": 0.0, "overshoot_cost": 49.82162518533245, "power_cost": 12.166173876953126, "noise_cost": 11.364678591507877, "n_waypoints_completed": 9, "tot_waypoints": 9}}
{"target": -169.26071502934133, "params": {"k_pid_pos": [0.594891065749474, 0.0019912265302035994, 0.008082800906730976], "k_pid_alt": [2.0, 0.00011564121436129125, 0.0021265437743418322], "k_pid_att": [36.08731502260783, 7.797926249251245, 0.6428245236307014], "k_pid_yaw": [0.5, 1e-06, 0.1], "k_pid_hsp": [0.0927948164620021, 0.004007873747135767, 0.0], "k_pid_vsp": [284.546275276249, 207.6844161258731, 0.5324721303625212]}, "datetime": {"datetime": "2025-08-20 21:10:27", "elapsed": 33481.71637058258, "delta": 17.831939935684204}, "costs": {"total_cost": 169.26071502934133, "time_cost": 71.728, "final_distance_cost": 1.8192792751011668, "oscillation_cost": 21.24863731530604, "completition_cost": 0.0, "overshoot_cost": 51.07550851214053, "power_cost": 11.985119543457031, "noise_cost": 11.404170383336577, "n_waypoints_completed": 9, "tot_waypoints": 9}}
{"target": -170.00168460659253, "params": {"k_pid_pos": [0.5979647593050444, 0.005664166978123146, 0.006980411058999961], "k_pid_alt": [2.0, 0.0001381792232527109, 0.0019471795458708464], "k_pid_att": [24.9217710024465, 8.80068039482243, 0.648451448813196], "k_pid_yaw": [0.5, 1e-06, 0.1], "k_pid_hsp": [0.10553610929920702, 0.002363788115731008, 0.0], "k_pid_vsp": [226.26829817691427, 192.60132900168162, 0.5724274921895326]}, "datetime": {"datetime": "2025-08-20 21:10:42", "elapsed": 33497.05916237831, "delta": 15.34279179573059}, "costs": {"total_cost": 170.00168460659253, "time_cost": 71.47200000000001, "final_distance_cost": 1.8182817163741392, "oscillation_cost": 22.119847952279102, "completition_cost": 0.0, "overshoot_cost": 51.080647237992416, "power_cost": 12.057624670410156, "noise_cost": 11.453283029536719, "n_waypoints_completed": 9, "tot_waypoints": 9}}
{"target": -169.86387815634288, "params": {"k_pid_pos": [0.5503462246934298, 0.003763059027193523, 0.010050679031832516], "k_pid_alt": [2.0, 0.0001155016235606249, 0.0018367070135123014], "k_pid_att": [25.523804035422945, 7.863236212615256, 0.517001057536001], "k_pid_yaw": [0.5, 1e-06, 0.1], "k_pid_hsp": [0.1198332777304708, 0.0048167982442762205, 0.0], "k_pid_vsp": [221.1529695388283, 168.16868726244266, 0.4330872623645121]}, "datetime": {"datetime": "2025-08-20 21:11:00", "elapsed": 33514.96245622635, "delta": 17.90329384803772}, "costs": {"total_cost": 169.86387815634288, "time_cost": 71.904, "final_distance_cost": 1.8374538621391034, "oscillation_cost": 22.28241062506216, "completition_cost": 0.0, "overshoot_cost": 50.38409925034787, "power_cost": 11.935761950683593, "noise_cost": 11.52015246811014, "n_waypoints_completed": 9, "tot_waypoints": 9}}
{"target": -169.7269597643368, "params": {"k_pid_pos": [0.5670399836936909, 0.003422163643112076, 0.006293961308897546], "k_pid_alt": [2.0, 0.00012602637583955718, 0.0018890374178209433], "k_pid_att": [31.098908016242547, 5.259580927414108, 0.6044960246105644], "k_pid_yaw": [0.5, 1e-06, 0.1], "k_pid_hsp": [0.09519635963901109, 0.004829429871414885, 0.0], "k_pid_vsp": [251.56908864070542, 258.31915542543453, 0.6036381683685704]}, "datetime": {"datetime": "2025-08-20 21:11:15", "elapsed": 33530.25191950798, "delta": 15.28946328163147}, "costs": {"total_cost": 169.7269597643368, "time_cost": 71.816, "final_distance_cost": 1.8299084850004765, "oscillation_cost": 20.878588737755774, "completition_cost": 0.0, "overshoot_cost": 51.44768790959992, "power_cost": 12.187930236816406, "noise_cost": 11.566844395164237, "n_waypoints_completed": 9, "tot_waypoints": 9}}
{"target": -169.54301293269498, "params": {"k_pid_pos": [0.62137479811701, 0.0022260804272658495, 0.008659434312567773], "k_pid_alt": [1.605614775373114, 0.0001226885072999229, 0.0018658269080775944], "k_pid_att": [23.724051917681894, 6.231150955796562, 0.522358037915749], "k_pid_yaw": [0.5, 1e-06, 0.1], "k_pid_hsp": [0.11083383201541978, 0.004885100547314306, 0.0], "k_pid_vsp": [179.84743954001965, 256.10969847410416, 0.4618277749481579]}, "datetime": {"datetime": "2025-08-20 21:11:33", "elapsed": 33548.16095805168, "delta": 17.909038543701172}, "costs": {"total_cost": 169.54301293269498, "time_cost": 70.888, "final_distance_cost": 1.8096415507304557, "oscillation_cost": 22.900632308124887, "completition_cost": 0.0, "overshoot_cost": 50.32980433667496, "power_cost": 12.138132910156251, "noise_cost": 11.476801827008428, "n_waypoints_completed": 9, "tot_waypoints": 9}}
{"target": -169.83921472586084, "params": {"k_pid_pos": [0.5877611912805304, 0.004940031323634673, 0.008921907179326888], "k_pid_alt": [1.6335892381212316, 0.00010306960290359306, 0.001800553661789586], "k_pid_att": [27.2744327879663, 7.298299489531218, 0.5279403235088765], "k_pid_yaw": [0.5, 1e-06, 0.1], "k_pid_hsp": [0.08664997249092614, 0.004627094666264506, 0.0], "k_pid_vsp": [197.70442749101701, 220.95613026004446, 0.6299079132430031]}, "datetime": {"datetime": "2025-08-20 21:11:48", "elapsed": 33563.31317925453, "delta": 15.152221202850342}, "costs": {"total_cost": 169.83921472586084, "time_cost": 71.96000000000001, "final_distance_cost": 1.8247973774010946, "oscillation_cost": 20.94716529320044, "completition_cost": 0.0, "overshoot_cost": 50.88913090313852, "power_cost": 12.607067285156251, "noise_cost": 11.611053866964518, "n_waypoints_completed": 9, "tot_waypoints": 9}}
{"target": -169.4456575794678, "params": {"k_pid_pos": [0.5665617715526406, 0.0030838904395325134, 0.009219088213784808], "k_pid_alt": [1.8371600391020042, 0.00015290587939695947, 0.002260925390497229], "k_pid_att": [30.300110128877037, 3.954358928046974, 0.7135543786426658], "k_pid_yaw": [0.5, 1e-06, 0.1], "k_pid_hsp": [0.10512546661862017, 0.0063338746034777155, 0.0], "k_pid_vsp": [202.17797360512517, 214.4924011767874, 0.4780135644895953]}, "datetime": {"datetime": "2025-08-20 21:12:05", "elapsed": 33580.29926466942, "delta": 16.986085414886475}, "costs": {"total_cost": 169.4456575794678, "time_cost": 71.512, "final_distance_cost": 1.8149810180074712, "oscillation_cost": 21.661534503705422, "completition_cost": 0.0, "overshoot_cost": 50.78915032408027, "power_cost": 12.244040014648439, "noise_cost": 11.423951719026178, "n_waypoints_completed": 9, "tot_waypoints": 9}}
{"target": -170.6121188008669, "params": {"k_pid_pos": [0.7201546130726294, 0.0041862871889076355, 0.007990176065861856], "k_pid_alt": [2.0, 0.00011394560742691844, 0.0008316640680160474], "k_pid_att": [27.366579693834577, 8.16621657611646, 0.5357942654359545], "k_pid_yaw": [0.5, 1e-06, 0.1], "k_pid_hsp": [0.1035189882603742, 0.0043279813882336525, 0.0], "k_pid_vsp": [236.72709444885052, 275.4938256413507, 0.552256967729322]}, "datetime": {"datetime": "2025-08-20 21:12:21", "elapsed": 33596.25964999199, "delta": 15.9603853225708}, "costs": {"total_cost": 170.6121188008669, "time_cost": 70.552, "final_distance_cost": 1.791765001183598, "oscillation_cost": 24.204013814209127, "completition_cost": 0.0, "overshoot_cost": 50.6359938410051, "power_cost": 12.172939489746094, "noise_cost": 11.255406654723009, "n_waypoints_completed": 9, "tot_waypoints": 9}}
{"target": -170.25377704320496, "params": {"k_pid_pos": [0.698882073059537, 0.0033808867373450423, 0.00997857757622681], "k_pid_alt": [2.0, 0.00010464828746778057, 0.0019644509969637294], "k_pid_att": [24.102157769699428, 7.607722029786431, 0.6959831568551306], "k_pid_yaw": [0.5, 1e-06, 0.1], "k_pid_hsp": [0.10445538255713314, 0.004884768373449842, 0.0], "k_pid_vsp": [208.18961326274666, 277.7969882539378, 0.6017440770291674]}, "datetime": {"datetime": "2025-08-20 21:12:39", "elapsed": 33614.14710474014, "delta": 17.887454748153687}, "costs": {"total_cost": 170.25377704320496, "time_cost": 70.584, "final_distance_cost": 1.805052920623204, "oscillation_cost": 23.925089289611822, "completition_cost": 0.0, "overshoot_cost": 50.788012017134655, "power_cost": 11.95381248779297, "noise_cost": 11.197810328042312, "n_waypoints_completed": 9, "tot_waypoints": 9}}
{"target": -169.83515793360812, "params": {"k_pid_pos": [0.5538421631061334, 0.0034463129904080043, 0.008888937868116592], "k_pid_alt": [2.0, 0.00010402652990628, 0.0014452598368450593], "k_pid_att": [28.13308387637369, 7.920832382432774, 0.4927769239751549], "k_pid_yaw": [0.5, 1e-06, 0.1], "k_pid_hsp": [0.09299875109925704, 0.0038050785847737966, 0.0], "k_pid_vsp": [224.7389802672786, 218.70053209320463, 0.5401315072394811]}, "datetime": {"datetime": "2025-08-20 21:12:54", "elapsed": 33629.46813750267, "delta": 15.321032762527466}, "costs": {"total_cost": 169.83515793360812, "time_cost": 72.08800000000001, "final_distance_cost": 1.8185736781456647, "oscillation_cost": 20.70111444931598, "completition_cost": 0.0, "overshoot_cost": 51.2208312201848, "power_cost": 12.402950048828126, "noise_cost": 11.603688537133541, "n_waypoints_completed": 9, "tot_waypoints": 9}}
{"target": -171.17509849068404, "params": {"k_pid_pos": [0.7019237268233255, 0.004218388533787536, 0.007056753946972129], "k_pid_alt": [2.0, 0.00012070192783998369, 0.0020297308178065456], "k_pid_att": [26.51964463983178, 8.55033001772129, 0.5501444127737702], "k_pid_yaw": [0.5, 1e-06, 0.1], "k_pid_hsp": [0.083020163663662, 0.0051581426113074215, 0.0], "k_pid_vsp": [200.6971329162969, 312.97831115883406, 0.5980075405363786]}, "datetime": {"datetime": "2025-08-20 21:13:13", "elapsed": 33647.869700431824, "delta": 18.401562929153442}, "costs": {"total_cost": 171.17509849068404, "time_cost": 71.976, "final_distance_cost": 1.803636416722933, "oscillation_cost": 22.73038249734213, "completition_cost": 0.0, "overshoot_cost": 51.12207217591374, "power_cost": 12.176562438964844, "noise_cost": 11.366444961740381, "n_waypoints_completed": 9, "tot_waypoints": 9}}
{"target": -169.37814746052334, "params": {"k_pid_pos": [0.5519356736308408, 0.002906821209660219, 0.006481579123418115], "k_pid_alt": [1.887801873287614, 0.00013737165383150693, 0.001696344924972206], "k_pid_att": [30.295356286087628, 6.6795185481879455, 0.7466222664647084], "k_pid_yaw": [0.5, 1e-06, 0.1], "k_pid_hsp": [0.0921203228338648, 0.003459629778609663, 0.0], "k_pid_vsp": [205.64861822625218, 208.6836110720018, 0.5421644793816068]}, "datetime": {"datetime": "2025-08-20 21:13:28", "elapsed": 33663.41036438942, "delta": 15.540663957595825}, "costs": {"total_cost": 169.37814746052334, "time_cost": 72.136, "final_distance_cost": 1.8178553448637338, "oscillation_cost": 20.41662833795018, "completition_cost": 0.0, "overshoot_cost": 51.21697640140179, "power_cost": 12.173702319335938, "noise_cost": 11.616985056971703, "n_waypoints_completed": 9, "tot_waypoints": 9}}
{"target": -170.43238794600578, "params": {"k_pid_pos": [0.48911132624539233, 0.0033826179000492826, 0.00835699660427637], "k_pid_alt": [1.6598635912272892, 0.0001313539086651411, 0.0019175529515332076], "k_pid_att": [23.15871290611734, 9.075134962733532, 0.6817565895071537], "k_pid_yaw": [0.5, 1e-06, 0.1], "k_pid_hsp": [0.09922135458771893, 0.005299699264376287, 0.0], "k_pid_vsp": [134.01151742606353, 263.9817518422714, 0.515567483138553]}, "datetime": {"datetime": "2025-08-20 21:13:46", "elapsed": 33680.57501602173, "delta": 17.16465163230896}, "costs": {"total_cost": 170.43238794600578, "time_cost": 72.752, "final_distance_cost": 1.836874104432193, "oscillation_cost": 20.121146617477237, "completition_cost": 0.0, "overshoot_cost": 51.00034306893525, "power_cost": 12.722245849609376, "noise_cost": 11.99977830555174, "n_waypoints_completed": 9, "tot_waypoints": 9}}
{"target": -169.80299961856167, "params": {"k_pid_pos": [0.5918042712489638, 0.003517444682879413, 0.010506544347585125], "k_pid_alt": [2.0, 0.00012124691627379073, 0.0017924752178439852], "k_pid_att": [18.611307650077418, 7.3477429061421375, 0.7079112935783787], "k_pid_yaw": [0.5, 1e-06, 0.1], "k_pid_hsp": [0.10587103357488874, 0.0046397148814850886, 0.0], "k_pid_vsp": [245.18394598620003, 282.941548267824, 0.5879126312720997]}, "datetime": {"datetime": "2025-08-20 21:14:02", "elapsed": 33697.087688446045, "delta": 16.512672424316406}, "costs": {"total_cost": 169.80299961856167, "time_cost": 71.32000000000001, "final_distance_cost": 1.8292990926780113, "oscillation_cost": 22.3211077164687, "completition_cost": 0.0, "overshoot_cost": 50.320343437191866, "power_cost": 12.405907885742188, "noise_cost": 11.60634148648092, "n_waypoints_completed": 9, "tot_waypoints": 9}}
{"target": -171.04973000112395, "params": {"k_pid_pos": [0.6102933193760024, 0.003617440319683885, 0.009177186671401813], "k_pid_alt": [1.9398301251143544, 0.0001439525689121353, 0.001954637956922759], "k_pid_att": [27.060451196979006, 8.114227289737734, 0.4299794650556259], "k_pid_yaw": [0.5, 1e-06, 0.1], "k_pid_hsp": [0.07750674881301929, 0.0039064302078642595, 0.0], "k_pid_vsp": [193.41087036000158, 253.6918498696808, 0.524882884423449]}, "datetime": {"datetime": "2025-08-20 21:14:18", "elapsed": 33713.14725065231, "delta": 16.05956220626831}, "costs": {"total_cost": 171.04973000112395, "time_cost": 72.992, "final_distance_cost": 1.8165647656940234, "oscillation_cost": 20.54760678135647, "completition_cost": 0.0, "overshoot_cost": 51.63598206774343, "power_cost": 12.417771435546875, "noise_cost": 11.639804950783123, "n_waypoints_completed": 9, "tot_waypoints": 9}}
{"target": -169.6739856891878, "params": {"k_pid_pos": [0.6367942574179178, 0.0047655326822962476, 0.008245347927926283], "k_pid_alt": [2.0, 0.0001352044686052164, 0.0023956582948592734], "k_pid_att": [31.501220884646074, 8.911114914497492, 0.4636598464875435], "k_pid_yaw": [0.5, 1e-06, 0.1], "k_pid_hsp": [0.12758569476092627, 0.0047303467314511296, 0.0], "k_pid_vsp": [193.39826916608277, 222.3893114923934, 0.4700083219109308]}, "datetime": {"datetime": "2025-08-20 21:14:39", "elapsed": 33733.681812524796, "delta": 20.5345618724823}, "costs": {"total_cost": 169.6739856891878, "time_cost": 70.888, "final_distance_cost": 1.8252696726607145, "oscillation_cost": 23.429258230900505, "completition_cost": 0.0, "overshoot_cost": 50.29131330216175, "power_cost": 11.884930017089845, "noise_cost": 11.355214466374964, "n_waypoints_completed": 9, "tot_waypoints": 9}}
{"target": -169.61399226055795, "params": {"k_pid_pos": [0.5449261964014277, 0.003312273864534896, 0.008580424713949979], "k_pid_alt": [2.0, 0.00011874568084169429, 0.0013767487348921705], "k_pid_att": [26.09179212996772, 8.802417933181415, 0.4557547308586418], "k_pid_yaw": [0.5, 1e-06, 0.1], "k_pid_hsp": [0.11009654087187552, 0.0054463118019011615, 0.0], "k_pid_vsp": [173.31381286611622, 277.51782895886146, 0.371441485147064]}, "datetime": {"datetime": "2025-08-20 21:14:55", "elapsed": 33749.6890771389, "delta": 16.007264614105225}, "costs": {"total_cost": 169.61399226055795, "time_cost": 71.83200000000001, "final_distance_cost": 1.8286420634553033, "oscillation_cost": 21.637440673840402, "completition_cost": 0.0, "overshoot_cost": 50.67163109795137, "power_cost": 12.13870887451172, "noise_cost": 11.505569550799148, "n_waypoints_completed": 9, "tot_waypoints": 9}}
{"target": -169.1709040769638, "params": {"k_pid_pos": [0.5722087298918358, 0.0037231055472582166, 0.008723738319941101], "k_pid_alt": [2.0, 0.00013954451252459386, 0.0015256182215299258], "k_pid_att": [21.66276132027238, 5.782894210687442, 0.559681874638723], "k_pid_yaw": [0.5, 1e-06, 0.1], "k_pid_hsp": [0.09278694771941275, 0.003980186637984461, 0.0], "k_pid_vsp": [171.80744725930194, 275.691744861574, 0.6253166376564852]}, "datetime": {"datetime": "2025-08-20 21:15:13", "elapsed": 33767.96610856056, "delta": 18.277031421661377}, "costs": {"total_cost": 169.1709040769638, "time_cost": 71.88, "final_distance_cost": 1.8187821047946964, "oscillation_cost": 20.778845930704726, "completition_cost": 0.0, "overshoot_cost": 51.10654425701452, "power_cost": 12.118117541503906, "noise_cost": 11.468614242945973, "n_waypoints_completed": 9, "tot_waypoints": 9}}
