{"target": -172.16929870387548, "params": {"k_pid_pos": [0.5721604621365558, 0.004142456083152194, 0.010252362357406257], "k_pid_alt": [1.7766192329807007, 0.0001368407478297744, 0.0007004192496045996], "k_pid_att": [19.868183633571903, 9.90940950783635, 0.36001946241902694], "k_pid_yaw": [0.5, 1e-06, 0.1], "k_pid_hsp": [0.14547743336763694, 0.006878203500605467, 0.0], "k_pid_vsp": [160.72034450756212, 230.34685609211655, 0.6343215242691916]}, "datetime": {"datetime": "2025-08-20 18:18:41", "elapsed": 23175.93905186653, "delta": 16.14887762069702}, "costs": {"total_cost": 172.16929870387548, "time_cost": 71.70400000000001, "final_distance_cost": 1.8349751561651937, "oscillation_cost": 23.714017538361635, "completition_cost": 0.0, "overshoot_cost": 50.34780740233142, "power_cost": 12.795388049316406, "noise_cost": 11.773110557700821, "n_waypoints_completed": 9, "tot_waypoints": 9}}
{"target": -366.0004553463949, "params": {"k_pid_pos": [0.2571913132702219, 0.003856780159497277, 0.015438224702522855], "k_pid_alt": [1.8677555212849761, 8.037158298289058e-05, 0.0010891756989093765], "k_pid_att": [42.51568439821042, 6.2607286584752835, 0.3776390041201847], "k_pid_yaw": [0.5, 1e-06, 0.1], "k_pid_hsp": [0.08002792675341788, 0.007952827893428065, 0.0], "k_pid_vsp": [400.0, 329.6421217998773, 0.5857014553932075]}, "datetime": {"datetime": "2025-08-20 18:19:03", "elapsed": 23198.36715221405, "delta": 22.42810034751892}, "costs": {"total_cost": 366.0004553463949, "time_cost": 150, "final_distance_cost": 4.168062327902383, "oscillation_cost": 13.998458966470455, "completition_cost": 111.11111111111116, "overshoot_cost": 54.57969189352895, "power_cost": 15.976568444824219, "noise_cost": 16.16656260255776, "n_waypoints_completed": 8, "tot_waypoints": 9}}
{"target": -168.92678959475558, "params": {"k_pid_pos": [0.6733013950225898, 0.004511344619537012, 0.013129805946643308], "k_pid_alt": [1.9029794714215, 7.935006339600191e-05, 0.0008042807857162247], "k_pid_att": [38.495219529921165, 5.148025971359587, 0.5363903563209985], "k_pid_yaw": [0.5, 1e-06, 0.1], "k_pid_hsp": [0.11614946924627235, 0.004617139992732053, 0.0], "k_pid_vsp": [198.51283429284038, 138.3083012126058, 0.7047513151434345]}, "datetime": {"datetime": "2025-08-20 18:19:19", "elapsed": 23214.314082860947, "delta": 15.946930646896362}, "costs": {"total_cost": 168.92678959475558, "time_cost": 70.728, "final_distance_cost": 1.8168677132977904, "oscillation_cost": 23.484579579225294, "completition_cost": 0.0, "overshoot_cost": 50.46875066806614, "power_cost": 11.394162646484375, "noise_cost": 11.034428987681974, "n_waypoints_completed": 9, "tot_waypoints": 9}}
{"target": -170.18954728063588, "params": {"k_pid_pos": [0.7442790001027814, 0.004213642789707213, 0.01036991567748846], "k_pid_alt": [1.5878547411032689, 0.00015986041978662758, 0.0], "k_pid_att": [44.56675135848429, 6.522139089402703, 0.3378545635552272], "k_pid_yaw": [0.5, 1e-06, 0.1], "k_pid_hsp": [0.11439484589313466, 0.005148804789857808, 0.0], "k_pid_vsp": [175.7998503538225, 121.79547667796453, 0.7723812366092684]}, "datetime": {"datetime": "2025-08-20 18:19:35", "elapsed": 23230.21510195732, "delta": 15.901019096374512}, "costs": {"total_cost": 170.18954728063588, "time_cost": 70.2, "final_distance_cost": 1.8061187228196363, "oscillation_cost": 24.416320772480645, "completition_cost": 0.0, "overshoot_cost": 50.82342027359083, "power_cost": 11.816997473144532, "noise_cost": 11.126690038600232, "n_waypoints_completed": 9, "tot_waypoints": 9}}
{"target": -172.30391224580498, "params": {"k_pid_pos": [0.37367525645872407, 0.005265172803974999, 0.014415017362107556], "k_pid_alt": [1.4437313509589498, 0.00010738927870297564, 0.0003119568403696052], "k_pid_att": [38.52770410189497, 7.310574561419741, 0.8603829407494183], "k_pid_yaw": [0.5, 1e-06, 0.1], "k_pid_hsp": [0.08384103467900285, 0.006365970246446031, 0.0], "k_pid_vsp": [249.19945716574588, 169.03540399492368, 0.5649094620799967]}, "datetime": {"datetime": "2025-08-20 18:19:52", "elapsed": 23247.44686603546, "delta": 17.23176407814026}, "costs": {"total_cost": 172.30391224580498, "time_cost": 76.784, "final_distance_cost": 1.84520588900621, "oscillation_cost": 16.125814171141393, "completition_cost": 0.0, "overshoot_cost": 52.341737738660576, "power_cost": 12.7068419921875, "noise_cost": 12.500312454809288, "n_waypoints_completed": 9, "tot_waypoints": 9}}
{"target": -170.99670365421514, "params": {"k_pid_pos": [0.4986297012268213, 0.0028891265796406273, 0.015239093847023419], "k_pid_alt": [1.1664601200445694, 0.00014847179769028666, 0.0005532610391339937], "k_pid_att": [28.302524212580707, 8.994035421858323, 0.6797888801835232], "k_pid_yaw": [0.5, 1e-06, 0.1], "k_pid_hsp": [0.11146226669105584, 0.00717222330795834, 0.0], "k_pid_vsp": [242.42031579234535, 247.32574714481112, 0.8249852273378601]}, "datetime": {"datetime": "2025-08-20 18:20:09", "elapsed": 23264.478734731674, "delta": 17.03186869621277}, "costs": {"total_cost": 170.99670365421514, "time_cost": 73.256, "final_distance_cost": 1.8309470329991262, "oscillation_cost": 21.083132685574963, "completition_cost": 0.0, "overshoot_cost": 50.35878675334248, "power_cost": 12.590915258789064, "noise_cost": 11.876921923509514, "n_waypoints_completed": 9, "tot_waypoints": 9}}
{"target": -169.57191077385073, "params": {"k_pid_pos": [0.481129573635745, 0.003400036136670078, 0.012331210500499857], "k_pid_alt": [2.0, 0.00011360848859546796, 0.0012553713761478545], "k_pid_att": [46.36400452131636, 7.742225197369588, 0.21992977154937177], "k_pid_yaw": [0.5, 1e-06, 0.1], "k_pid_hsp": [0.09174806068560454, 0.0038175287370070736, 0.0], "k_pid_vsp": [213.96957603136116, 134.13567484434907, 0.7917468258032777]}, "datetime": {"datetime": "2025-08-20 18:20:26", "elapsed": 23280.66704773903, "delta": 16.188313007354736}, "costs": {"total_cost": 169.57191077385073, "time_cost": 73.352, "final_distance_cost": 1.8249705330119683, "oscillation_cost": 19.084461929785977, "completition_cost": 0.0, "overshoot_cost": 51.51027194129917, "power_cost": 12.050447290039063, "noise_cost": 11.749759079714558, "n_waypoints_completed": 9, "tot_waypoints": 9}}
{"target": -170.61964074891895, "params": {"k_pid_pos": [0.643469777795527, 0.003301357114486836, 0.004465338277778773], "k_pid_alt": [1.996413392629439, 0.0001283687402596343, 0.0009798128818444233], "k_pid_att": [32.233783441190695, 5.43869769976632, 0.30741661914213275], "k_pid_yaw": [0.5, 1e-06, 0.1], "k_pid_hsp": [0.11889708770544549, 0.004803370737742778, 0.0], "k_pid_vsp": [338.3527591005636, 117.09610026497387, 0.6507892505933283]}, "datetime": {"datetime": "2025-08-20 18:20:42", "elapsed": 23296.58251476288, "delta": 15.915467023849487}, "costs": {"total_cost": 170.61964074891895, "time_cost": 71.08, "final_distance_cost": 1.823018970461104, "oscillation_cost": 23.681652767147757, "completition_cost": 0.0, "overshoot_cost": 50.54327994434089, "power_cost": 12.082886120605469, "noise_cost": 11.408802946363718, "n_waypoints_completed": 9, "tot_waypoints": 9}}
{"target": -192.82234226657948, "params": {"k_pid_pos": [0.27775947713572047, 0.0038526090372180597, 0.014664018179524604], "k_pid_alt": [0.797108057665894, 0.00011565147047379834, 0.0013398635624927574], "k_pid_att": [37.69673706194677, 8.574869159720501, 0.8093896091480426], "k_pid_yaw": [0.5, 1e-06, 0.1], "k_pid_hsp": [0.09266946124149127, 0.0057331206151379375, 0.0], "k_pid_vsp": [302.9637584776239, 164.07814084096984, 1.0764428732032134]}, "datetime": {"datetime": "2025-08-20 18:21:03", "elapsed": 23318.045629262924, "delta": 21.463114500045776}, "costs": {"total_cost": 192.82234226657948, "time_cost": 93.416, "final_distance_cost": 1.8635478825189016, "oscillation_cost": 14.550747218164531, "completition_cost": 0.0, "overshoot_cost": 53.595763784134014, "power_cost": 13.748130029296876, "noise_cost": 15.648153352465163, "n_waypoints_completed": 9, "tot_waypoints": 9}}
{"target": -170.1869713816655, "params": {"k_pid_pos": [0.5608745355172308, 0.0040003490527206935, 0.009433732682801609], "k_pid_alt": [2.0, 0.00013511564896648355, 0.0011587906179585604], "k_pid_att": [45.922873190731515, 7.456759272658388, 0.47982849139493844], "k_pid_yaw": [0.5, 1e-06, 0.1], "k_pid_hsp": [0.08506114512769981, 0.0050551944428981884, 0.0], "k_pid_vsp": [345.545741817296, 164.42462483200464, 0.6245161805387004]}, "datetime": {"datetime": "2025-08-20 18:21:19", "elapsed": 23333.945703983307, "delta": 15.90007472038269}, "costs": {"total_cost": 170.1869713816655, "time_cost": 72.504, "final_distance_cost": 1.7952965003555414, "oscillation_cost": 20.08890017840957, "completition_cost": 0.0, "overshoot_cost": 51.90702401824189, "power_cost": 12.2202765625, "noise_cost": 11.671474122158486, "n_waypoints_completed": 9, "tot_waypoints": 9}}
{"target": -169.84084862386698, "params": {"k_pid_pos": [0.5188458785487814, 0.003591187792221348, 0.012349793921934039], "k_pid_alt": [2.0, 0.00012108599430088876, 0.0007668894167417933], "k_pid_att": [29.657171322998995, 5.486966808377173, 0.6463402098122636], "k_pid_yaw": [0.5, 1e-06, 0.1], "k_pid_hsp": [0.09417251303817005, 0.005469942044186299, 0.0], "k_pid_vsp": [154.2593729602496, 188.5050285697381, 0.7334951893817633]}, "datetime": {"datetime": "2025-08-20 18:21:36", "elapsed": 23351.366686105728, "delta": 17.420982122421265}, "costs": {"total_cost": 169.84084862386698, "time_cost": 72.456, "final_distance_cost": 1.8158652900224312, "oscillation_cost": 20.20391739685899, "completition_cost": 0.0, "overshoot_cost": 50.8940113175357, "power_cost": 12.685225561523438, "noise_cost": 11.785829057926438, "n_waypoints_completed": 9, "tot_waypoints": 9}}
{"target": -172.1570166255704, "params": {"k_pid_pos": [0.9109322445957581, 0.0035503375907649667, 0.014484435569007017], "k_pid_alt": [2.0, 0.00010972232644766884, 0.0010930866888724199], "k_pid_att": [30.58773859059073, 6.38278431948638, 1.0], "k_pid_yaw": [0.5, 1e-06, 0.1], "k_pid_hsp": [0.12002016479604782, 0.006319374237775938, 0.0], "k_pid_vsp": [153.60402756317575, 174.0865716925165, 0.7550933446110912]}, "datetime": {"datetime": "2025-08-20 18:21:52", "elapsed": 23367.31488251686, "delta": 15.948196411132812}, "costs": {"total_cost": 172.1570166255704, "time_cost": 69.696, "final_distance_cost": 1.8173663057187939, "oscillation_cost": 27.10645599625159, "completition_cost": 0.0, "overshoot_cost": 49.88501780501076, "power_cost": 12.408441027832032, "noise_cost": 11.24373549075725, "n_waypoints_completed": 9, "tot_waypoints": 9}}
{"target": -173.72577727955368, "params": {"k_pid_pos": [0.5892115285463405, 0.005304562259313618, 0.010772409865420973], "k_pid_alt": [1.4619002255345208, 9.81270359543598e-05, 0.0012643612783418213], "k_pid_att": [20.595393786169236, 6.383682422694709, 0.7134496811960819], "k_pid_yaw": [0.5, 1e-06, 0.1], "k_pid_hsp": [0.06599921635322197, 0.007863878704232462, 0.0], "k_pid_vsp": [144.9317105263373, 160.26720582409152, 0.344134257557932]}, "datetime": {"datetime": "2025-08-20 18:22:09", "elapsed": 23383.644469738007, "delta": 16.32958722114563}, "costs": {"total_cost": 173.72577727955368, "time_cost": 74.72, "final_distance_cost": 1.7719985062561767, "oscillation_cost": 20.31352700400009, "completition_cost": 0.0, "overshoot_cost": 52.293222185384266, "power_cost": 12.741855798339845, "noise_cost": 11.885173785573274, "n_waypoints_completed": 9, "tot_waypoints": 9}}
{"target": -169.49716252326078, "params": {"k_pid_pos": [0.6586313580789849, 0.004990943902713552, 0.012862653574527538], "k_pid_alt": [1.9364007534980867, 9.89902528692085e-05, 0.0012007800067211827], "k_pid_att": [49.63475782688561, 5.401282695464989, 0.7814035731110368], "k_pid_yaw": [0.5, 1e-06, 0.1], "k_pid_hsp": [0.09870547859593992, 0.004839145872955835, 0.0], "k_pid_vsp": [269.7927739471152, 171.14387047594207, 0.7341688388072302]}, "datetime": {"datetime": "2025-08-20 18:22:25", "elapsed": 23399.80415034294, "delta": 16.159680604934692}, "costs": {"total_cost": 169.49716252326078, "time_cost": 71.096, "final_distance_cost": 1.8007685580072905, "oscillation_cost": 22.314449501130447, "completition_cost": 0.0, "overshoot_cost": 51.39768183673532, "power_cost": 11.652716076660157, "noise_cost": 11.235546550727534, "n_waypoints_completed": 9, "tot_waypoints": 9}}
{"target": -169.6294164587793, "params": {"k_pid_pos": [0.632838734334817, 0.006538354600883293, 0.008518168195312906], "k_pid_alt": [1.9092639957096296, 9.424155336914702e-05, 0.001342085999728639], "k_pid_att": [43.82697433817097, 7.824707428276125, 0.7083372411510075], "k_pid_yaw": [0.5, 1e-06, 0.1], "k_pid_hsp": [0.1270815957491812, 0.007311024180622333, 0.0], "k_pid_vsp": [339.55235029311444, 179.38694962425714, 0.7954619098422958]}, "datetime": {"datetime": "2025-08-20 18:22:41", "elapsed": 23415.54954600334, "delta": 15.74539566040039}, "costs": {"total_cost": 169.6294164587793, "time_cost": 70.856, "final_distance_cost": 1.8205294908326453, "oscillation_cost": 23.550069509502478, "completition_cost": 0.0, "overshoot_cost": 50.28179053017412, "power_cost": 11.813812780761719, "noise_cost": 11.307214147508345, "n_waypoints_completed": 9, "tot_waypoints": 9}}
{"target": -174.24466626916026, "params": {"k_pid_pos": [0.7464330514338114, 0.0030365311231633995, 0.013907367964227951], "k_pid_alt": [2.0, 0.0001491341000878304, 0.0010356834556555867], "k_pid_att": [47.926623780699494, 9.27966326039563, 0.6631643375668447], "k_pid_yaw": [0.5, 1e-06, 0.1], "k_pid_hsp": [0.06915414141740638, 0.007756459859964548, 0.0], "k_pid_vsp": [195.54360870184397, 94.7294408907559, 0.7538498883889404]}, "datetime": {"datetime": "2025-08-20 18:22:57", "elapsed": 23431.946568727493, "delta": 16.39702272415161}, "costs": {"total_cost": 174.24466626916026, "time_cost": 73.36, "final_distance_cost": 1.7616091677248045, "oscillation_cost": 23.14609313127186, "completition_cost": 0.0, "overshoot_cost": 51.75752099391688, "power_cost": 12.605919201660157, "noise_cost": 11.613523774586579, "n_waypoints_completed": 9, "tot_waypoints": 9}}
{"target": -171.33363491819867, "params": {"k_pid_pos": [0.6222065273071373, 0.004160443342802053, 0.009842825102514385], "k_pid_alt": [2.0, 0.00016677285783028815, 0.0017641454918405095], "k_pid_att": [48.797563540400326, 10.0, 0.5337844391189336], "k_pid_yaw": [0.5, 1e-06, 0.1], "k_pid_hsp": [0.12069689611801761, 0.0039449296071094615, 0.0], "k_pid_vsp": [73.94358326328567, 174.03755171523085, 0.45880527917495445]}, "datetime": {"datetime": "2025-08-20 18:23:14", "elapsed": 23448.60160779953, "delta": 16.655039072036743}, "costs": {"total_cost": 171.33363491819867, "time_cost": 71.248, "final_distance_cost": 1.8373660875922884, "oscillation_cost": 23.51765853690109, "completition_cost": 0.0, "overshoot_cost": 51.31587734616629, "power_cost": 12.045954016113281, "noise_cost": 11.368778931425702, "n_waypoints_completed": 9, "tot_waypoints": 9}}
{"target": -169.8485644138503, "params": {"k_pid_pos": [0.5411066566983447, 0.0042042276967817266, 0.013509117503200547], "k_pid_alt": [1.6028177660104947, 9.808359208357824e-05, 0.0009026815135563938], "k_pid_att": [30.7553661563395, 8.042905243735305, 0.588032550579292], "k_pid_yaw": [0.5, 1e-06, 0.1], "k_pid_hsp": [0.11060630392791464, 0.00632566480765933, 0.0], "k_pid_vsp": [265.16658515342164, 164.67285940195086, 0.4432862960740602]}, "datetime": {"datetime": "2025-08-20 18:23:29", "elapsed": 23464.091517210007, "delta": 15.489909410476685}, "costs": {"total_cost": 169.8485644138503, "time_cost": 71.928, "final_distance_cost": 1.8206210283466466, "oscillation_cost": 21.459889345370843, "completition_cost": 0.0, "overshoot_cost": 50.632098504263894, "power_cost": 12.287243676757813, "noise_cost": 11.720711859111127, "n_waypoints_completed": 9, "tot_waypoints": 9}}
{"target": -170.01921573160294, "params": {"k_pid_pos": [0.5459862024157843, 0.004985174742099692, 0.008034690955261716], "k_pid_alt": [2.0, 0.00015104319479242222, 0.0006930678409292733], "k_pid_att": [31.712057741715245, 7.384588812172574, 0.48568245104351043], "k_pid_yaw": [0.5, 1e-06, 0.1], "k_pid_hsp": [0.07790119672529498, 0.0026804465566563963, 0.0], "k_pid_vsp": [165.56357185974997, 252.7241905845408, 0.3633679565144563]}, "datetime": {"datetime": "2025-08-20 18:23:46", "elapsed": 23480.830211639404, "delta": 16.738694429397583}, "costs": {"total_cost": 170.01921573160294, "time_cost": 73.32000000000001, "final_distance_cost": 1.8080403609498579, "oscillation_cost": 19.182838076640554, "completition_cost": 0.0, "overshoot_cost": 51.94417524448232, "power_cost": 12.059562341308594, "noise_cost": 11.704599708221606, "n_waypoints_completed": 9, "tot_waypoints": 9}}
{"target": -169.6787817281654, "params": {"k_pid_pos": [0.7210840939937108, 0.00444483624496896, 0.007271852350058536], "k_pid_alt": [1.824383629368527, 0.00010789773862478217, 0.0013531306923485803], "k_pid_att": [42.07737995286027, 6.236696460717941, 0.3902926254961249], "k_pid_yaw": [0.5, 1e-06, 0.1], "k_pid_hsp": [0.10988258610493556, 0.0030408461062448426, 0.0], "k_pid_vsp": [133.91321724670112, 139.71242803979172, 0.5647025005492159]}, "datetime": {"datetime": "2025-08-20 18:24:02", "elapsed": 23496.95155763626, "delta": 16.12134599685669}, "costs": {"total_cost": 169.6787817281654, "time_cost": 70.52, "final_distance_cost": 1.81835198173282, "oscillation_cost": 23.410372687584353, "completition_cost": 0.0, "overshoot_cost": 51.171966145598354, "power_cost": 11.65279764404297, "noise_cost": 11.105293269206909, "n_waypoints_completed": 9, "tot_waypoints": 9}}
{"target": -171.4318540739747, "params": {"k_pid_pos": [0.6011956114725857, 0.004213064232331031, 0.008636953759151687], "k_pid_alt": [2.0, 0.00011122200344881434, 0.001344163129221877], "k_pid_att": [40.79272712360598, 8.549307674376276, 0.48961591590937764], "k_pid_yaw": [0.5, 1e-06, 0.1], "k_pid_hsp": [0.13023444165249043, 0.0019364083042073196, 0.0], "k_pid_vsp": [227.92143913403524, 182.91250483820855, 1.012069535847074]}, "datetime": {"datetime": "2025-08-20 18:24:17", "elapsed": 23512.10387802124, "delta": 15.152320384979248}, "costs": {"total_cost": 171.4318540739747, "time_cost": 71.528, "final_distance_cost": 1.8264904010254401, "oscillation_cost": 23.209576896064842, "completition_cost": 0.0, "overshoot_cost": 50.6186501657651, "power_cost": 12.494924523925782, "noise_cost": 11.754212087193535, "n_waypoints_completed": 9, "tot_waypoints": 9}}
{"target": -171.34735908190598, "params": {"k_pid_pos": [0.5401744253635342, 0.0038739029356287245, 0.01717023092080862], "k_pid_alt": [1.8295765945279416, 0.00011895982703378687, 0.001799469048983268], "k_pid_att": [39.07996583099244, 7.718501102580102, 0.6348888041443997], "k_pid_yaw": [0.5, 1e-06, 0.1], "k_pid_hsp": [0.12431744934291146, 0.006477512088664328, 0.0], "k_pid_vsp": [263.51175793704255, 174.78615635798073, 0.6718624722812233]}, "datetime": {"datetime": "2025-08-20 18:24:35", "elapsed": 23529.64700102806, "delta": 17.54312300682068}, "costs": {"total_cost": 171.34735908190598, "time_cost": 72.16, "final_distance_cost": 1.8350427536037024, "oscillation_cost": 22.31998406430163, "completition_cost": 0.0, "overshoot_cost": 50.993746796654115, "power_cost": 12.341674926757813, "noise_cost": 11.696910540588744, "n_waypoints_completed": 9, "tot_waypoints": 9}}
{"target": -197.37508481158937, "params": {"k_pid_pos": [0.28552797893589105, 0.00461495667192244, 0.010904467409981236], "k_pid_alt": [0.5360351609557154, 9.15170389691868e-05, 0.0014193690322400938], "k_pid_att": [51.14124933721528, 8.147180403679101, 0.7552857006086087], "k_pid_yaw": [0.5, 1e-06, 0.1], "k_pid_hsp": [0.08991000281915205, 0.0068195950718556095, 0.0], "k_pid_vsp": [106.28008600928975, 148.21357262901296, 0.690054942086344]}, "datetime": {"datetime": "2025-08-20 18:24:56", "elapsed": 23551.220908641815, "delta": 21.573907613754272}, "costs": {"total_cost": 197.37508481158937, "time_cost": 95.368, "final_distance_cost": 1.863714447735855, "oscillation_cost": 14.990997621789313, "completition_cost": 0.0, "overshoot_cost": 53.94205236171192, "power_cost": 15.259479699707033, "noise_cost": 15.950840680645237, "n_waypoints_completed": 9, "tot_waypoints": 9}}
{"target": -176.72548983947777, "params": {"k_pid_pos": [0.3993623749486999, 0.004215586525867118, 0.00852388211361072], "k_pid_alt": [1.531354841540644, 0.00011097113785121352, 0.0012457331325330069], "k_pid_att": [35.26115096208042, 1.5698105395882032, 0.775906257865509], "k_pid_yaw": [0.5, 1e-06, 0.1], "k_pid_hsp": [0.132252584027619, 0.0060075509767741585, 0.0], "k_pid_vsp": [333.3849631811972, 174.31080949446155, 0.6548602579400423]}, "datetime": {"datetime": "2025-08-20 18:25:13", "elapsed": 23568.277232170105, "delta": 17.056323528289795}, "costs": {"total_cost": 176.72548983947777, "time_cost": 78.128, "final_distance_cost": 1.8563836587616558, "oscillation_cost": 19.806440515993256, "completition_cost": 0.0, "overshoot_cost": 51.64654932152266, "power_cost": 12.485501965332032, "noise_cost": 12.802614377868174, "n_waypoints_completed": 9, "tot_waypoints": 9}}
{"target": -172.62944885225255, "params": {"k_pid_pos": [0.5389477349951449, 0.004118230686827706, 0.008683722138135811], "k_pid_alt": [2.0, 0.00016759919462734486, 0.00046761538142114386], "k_pid_att": [20.753673250169285, 8.347954748775011, 0.8895539283929899], "k_pid_yaw": [0.5, 1e-06, 0.1], "k_pid_hsp": [0.07017179294011659, 0.004246313139703151, 0.0], "k_pid_vsp": [136.04394629461405, 162.2754655251052, 0.7423189160318562]}, "datetime": {"datetime": "2025-08-20 18:25:31", "elapsed": 23585.59029006958, "delta": 17.313057899475098}, "costs": {"total_cost": 172.62944885225255, "time_cost": 74.912, "final_distance_cost": 1.7845582694166129, "oscillation_cost": 18.8864466537813, "completition_cost": 0.0, "overshoot_cost": 52.5874012309483, "power_cost": 12.533261950683594, "noise_cost": 11.925780747422738, "n_waypoints_completed": 9, "tot_waypoints": 9}}
