{"target": -168.77905467153622, "params": {"k_pid_pos": [0.5298151015036036, 0.0036345655454666447, 0.008856581093676737], "k_pid_alt": [2.0, 0.00014030930536798264, 0.0017399070655720224], "k_pid_att": [25.20913391533207, 7.076616758759838, 0.7223457534230345], "k_pid_yaw": [0.5, 1e-06, 0.1], "k_pid_hsp": [0.08967698071971376, 0.004454141519348889, 0.0], "k_pid_vsp": [212.91297209830591, 220.7800531361049, 0.437261112264373]}, "datetime": {"datetime": "2025-08-20 21:29:28", "elapsed": 34622.72356510162, "delta": 18.72480821609497}, "costs": {"total_cost": 168.77905467153622, "time_cost": 72.44800000000001, "final_distance_cost": 1.80504998133046, "oscillation_cost": 19.783566733741253, "completition_cost": 0.0, "overshoot_cost": 51.75066404001812, "power_cost": 11.678091870117187, "noise_cost": 11.313682046329186, "n_waypoints_completed": 9, "tot_waypoints": 9}}
{"target": -170.3055807591294, "params": {"k_pid_pos": [0.6167645739358938, 0.003371251216240582, 0.008170658782213196], "k_pid_alt": [1.4969254856056173, 0.00015357488513954558, 0.001387514309556266], "k_pid_att": [27.93220696086928, 9.015447153665745, 0.726134262793758], "k_pid_yaw": [0.5, 1e-06, 0.1], "k_pid_hsp": [0.1079402689970864, 0.004884542509940375, 0.0], "k_pid_vsp": [257.40818858039046, 196.24271866134427, 0.5476396333250398]}, "datetime": {"datetime": "2025-08-20 21:29:43", "elapsed": 34638.46803808212, "delta": 15.744472980499268}, "costs": {"total_cost": 170.3055807591294, "time_cost": 71.04, "final_distance_cost": 1.812338348036743, "oscillation_cost": 22.631068015114288, "completition_cost": 0.0, "overshoot_cost": 50.70281897336983, "power_cost": 12.547975891113282, "noise_cost": 11.57137953149526, "n_waypoints_completed": 9, "tot_waypoints": 9}}
{"target": -171.49884880940255, "params": {"k_pid_pos": [0.8697107286320375, 0.0025446338460568788, 0.007520034037086427], "k_pid_alt": [2.0, 0.00010710076348331299, 0.001892551430758807], "k_pid_att": [23.799228788082587, 6.960938942652187, 0.6591176763476252], "k_pid_yaw": [0.5, 1e-06, 0.1], "k_pid_hsp": [0.0945865985557801, 0.004227983179273785, 0.0], "k_pid_vsp": [249.39372136269307, 273.5735043876314, 0.64585000682539]}, "datetime": {"datetime": "2025-08-20 21:30:00", "elapsed": 34655.263241529465, "delta": 16.79520344734192}, "costs": {"total_cost": 171.49884880940255, "time_cost": 70.21600000000001, "final_distance_cost": 1.802002764459816, "oscillation_cost": 25.56028212490916, "completition_cost": 0.0, "overshoot_cost": 51.0302463578652, "power_cost": 11.881301440429688, "noise_cost": 11.009016121738663, "n_waypoints_completed": 9, "tot_waypoints": 9}}
{"target": -170.01197640166095, "params": {"k_pid_pos": [0.5866925727655579, 0.003946243385174539, 0.010469092451882253], "k_pid_alt": [2.0, 0.00011045677999916831, 0.0016039640884646454], "k_pid_att": [26.52723188125307, 7.613107368629177, 0.5901249828521155], "k_pid_yaw": [0.5, 1e-06, 0.1], "k_pid_hsp": [0.10634091656161353, 0.004760422841829696, 0.0], "k_pid_vsp": [255.66704351012797, 230.17026375642322, 0.6314813712516715]}, "datetime": {"datetime": "2025-08-20 21:30:16", "elapsed": 34670.62329530716, "delta": 15.360053777694702}, "costs": {"total_cost": 170.01197640166095, "time_cost": 71.416, "final_distance_cost": 1.8353157657707873, "oscillation_cost": 22.13303184863436, "completition_cost": 0.0, "overshoot_cost": 50.88804156421764, "power_cost": 12.266325622558595, "noise_cost": 11.473261600479582, "n_waypoints_completed": 9, "tot_waypoints": 9}}
{"target": -169.19081782811378, "params": {"k_pid_pos": [0.5980244466225734, 0.003888145833264162, 0.008545356062350434], "k_pid_alt": [1.8509971594888637, 8.872991235118533e-05, 0.0014860581313011125], "k_pid_att": [30.85034318017549, 8.382341985672035, 0.5914783748274823], "k_pid_yaw": [0.5, 1e-06, 0.1], "k_pid_hsp": [0.10405187314093826, 0.004744959535598157, 0.0], "k_pid_vsp": [195.04019333663544, 221.3731051640476, 0.5699665449978024]}, "datetime": {"datetime": "2025-08-20 21:30:32", "elapsed": 34687.39286851883, "delta": 16.769573211669922}, "costs": {"total_cost": 169.19081782811378, "time_cost": 71.24, "final_distance_cost": 1.8341498595335037, "oscillation_cost": 21.714644975211932, "completition_cost": 0.0, "overshoot_cost": 50.66478881415201, "power_cost": 12.30869970703125, "noise_cost": 11.428534472185067, "n_waypoints_completed": 9, "tot_waypoints": 9}}
{"target": -169.98063327089602, "params": {"k_pid_pos": [0.6673312325804847, 0.0043271650963398745, 0.006113155142347081], "k_pid_alt": [2.0, 0.00014384038026842545, 0.0017704015529449591], "k_pid_att": [24.892756122879025, 6.443530048649699, 0.6522564031727808], "k_pid_yaw": [0.5, 1e-06, 0.1], "k_pid_hsp": [0.09023455391292502, 0.004353080039684359, 0.0], "k_pid_vsp": [233.45114068760526, 208.48482849625637, 0.5465444365768656]}, "datetime": {"datetime": "2025-08-20 21:30:49", "elapsed": 34703.76695942879, "delta": 16.374090909957886}, "costs": {"total_cost": 169.98063327089602, "time_cost": 71.384, "final_distance_cost": 1.818136192928589, "oscillation_cost": 22.451629187647857, "completition_cost": 0.0, "overshoot_cost": 50.88403258908868, "power_cost": 12.10002215576172, "noise_cost": 11.342813145469208, "n_waypoints_completed": 9, "tot_waypoints": 9}}
{"target": -169.52174602348924, "params": {"k_pid_pos": [0.583863471912875, 0.0036362816884641003, 0.005563880393704504], "k_pid_alt": [2.0, 0.00014615655627658555, 0.0016563348357014525], "k_pid_att": [25.915422135642896, 7.1334450836857854, 0.540552427199882], "k_pid_yaw": [0.5, 1e-06, 0.1], "k_pid_hsp": [0.0834890743683812, 0.005019683633364129, 0.0], "k_pid_vsp": [209.8590140133534, 257.7223117202664, 0.6194415525406304]}, "datetime": {"datetime": "2025-08-20 21:31:07", "elapsed": 34721.88862037659, "delta": 18.121660947799683}, "costs": {"total_cost": 169.52174602348924, "time_cost": 72.328, "final_distance_cost": 1.811577335017583, "oscillation_cost": 20.487051281685346, "completition_cost": 0.0, "overshoot_cost": 51.058946137149746, "power_cost": 12.290600646972656, "noise_cost": 11.545570622663908, "n_waypoints_completed": 9, "tot_waypoints": 9}}
{"target": -169.5574436900657, "params": {"k_pid_pos": [0.515390910130645, 0.0036732267535286183, 0.007662587351439811], "k_pid_alt": [1.8629158961035623, 0.00014303768579886764, 0.0019260337695174037], "k_pid_att": [22.785040652134224, 7.149151450992627, 0.502270588692215], "k_pid_yaw": [0.5, 1e-06, 0.1], "k_pid_hsp": [0.09538915826805557, 0.006101194625191257, 0.0], "k_pid_vsp": [205.50461613820178, 275.34124374889643, 0.4443647488435582]}, "datetime": {"datetime": "2025-08-20 21:31:23", "elapsed": 34737.9629445076, "delta": 16.074324131011963}, "costs": {"total_cost": 169.5574436900657, "time_cost": 72.28, "final_distance_cost": 1.8295649756334775, "oscillation_cost": 20.297468225509462, "completition_cost": 0.0, "overshoot_cost": 51.17177958274906, "power_cost": 12.298285571289064, "noise_cost": 11.680345334884624, "n_waypoints_completed": 9, "tot_waypoints": 9}}
{"target": -168.8009775910186, "params": {"k_pid_pos": [0.5217390615160252, 0.0034151368440627507, 0.00879324258387254], "k_pid_alt": [2.0, 0.00015503006583106031, 0.0018515758770775946], "k_pid_att": [32.484352667891635, 7.7556987812449565, 0.7114277696762222], "k_pid_yaw": [0.5, 1e-06, 0.1], "k_pid_hsp": [0.106036257953413, 0.0041157926043309786, 0.0], "k_pid_vsp": [199.05937515350263, 262.8683168018179, 0.5053330532657494]}, "datetime": {"datetime": "2025-08-20 21:31:40", "elapsed": 34754.588924884796, "delta": 16.625980377197266}, "costs": {"total_cost": 168.8009775910186, "time_cost": 72.34400000000001, "final_distance_cost": 1.8275440533882021, "oscillation_cost": 20.25422731494261, "completition_cost": 0.0, "overshoot_cost": 51.25723060032021, "power_cost": 11.685791052246094, "noise_cost": 11.43218457012148, "n_waypoints_completed": 9, "tot_waypoints": 9}}
{"target": -168.80280227221255, "params": {"k_pid_pos": [0.5062127157836659, 0.0035169955751233515, 0.008398861684250287], "k_pid_alt": [2.0, 0.00011579194694742952, 0.0019440063038359276], "k_pid_att": [28.00712171208023, 6.784455417701881, 0.5105197123115882], "k_pid_yaw": [0.5, 1e-06, 0.1], "k_pid_hsp": [0.0937780750640882, 0.0041928704784957435, 0.0], "k_pid_vsp": [194.8244895552075, 259.28733735738314, 0.611876323425894]}, "datetime": {"datetime": "2025-08-20 21:31:57", "elapsed": 34771.556180238724, "delta": 16.967255353927612}, "costs": {"total_cost": 168.80280227221255, "time_cost": 72.68, "final_distance_cost": 1.8314832550593219, "oscillation_cost": 19.53183063668608, "completition_cost": 0.0, "overshoot_cost": 51.103883105872626, "power_cost": 12.029845654296876, "noise_cost": 11.62575962029763, "n_waypoints_completed": 9, "tot_waypoints": 9}}
{"target": -170.9997456651843, "params": {"k_pid_pos": [0.5008025867562751, 0.005161368169308827, 0.009917620764319473], "k_pid_alt": [1.8166663319766292, 0.00013259311609164622, 0.001855854767242252], "k_pid_att": [25.899444042369897, 6.921937630953695, 0.588536680022577], "k_pid_yaw": [0.5, 1e-06, 0.1], "k_pid_hsp": [0.12316553391253286, 0.004505017725837324, 0.0], "k_pid_vsp": [265.80190303905124, 206.25153549656923, 0.6019412677295519]}, "datetime": {"datetime": "2025-08-20 21:32:14", "elapsed": 34788.601002693176, "delta": 17.044822454452515}, "costs": {"total_cost": 170.9997456651843, "time_cost": 72.944, "final_distance_cost": 1.8333450518487189, "oscillation_cost": 21.35902354568096, "completition_cost": 0.0, "overshoot_cost": 50.469328488569154, "power_cost": 12.476911352539062, "noise_cost": 11.917137226546375, "n_waypoints_completed": 9, "tot_waypoints": 9}}
{"target": -169.59890197680795, "params": {"k_pid_pos": [0.6118140506384221, 0.003731638481450646, 0.00926946891780235], "k_pid_alt": [2.0, 0.00010016635470499315, 0.0017042938665785], "k_pid_att": [19.419430898111816, 6.168152949468787, 0.5322054050182878], "k_pid_yaw": [0.5, 1e-06, 0.1], "k_pid_hsp": [0.09143907857767959, 0.003730073758778088, 0.0], "k_pid_vsp": [162.00023614509743, 248.36344644821415, 0.4372511422251808]}, "datetime": {"datetime": "2025-08-20 21:32:30", "elapsed": 34804.99975681305, "delta": 16.398754119873047}, "costs": {"total_cost": 169.59890197680795, "time_cost": 71.624, "final_distance_cost": 1.8105722955767964, "oscillation_cost": 21.681800597377222, "completition_cost": 0.0, "overshoot_cost": 51.096363888932586, "power_cost": 12.041111206054689, "noise_cost": 11.34505398886667, "n_waypoints_completed": 9, "tot_waypoints": 9}}
{"target": -170.6552510145622, "params": {"k_pid_pos": [0.567866667250574, 0.004075422748518368, 0.009158239310669562], "k_pid_alt": [1.7266110464785385, 0.00010374063134812818, 0.0020129442409365424], "k_pid_att": [25.124512769778704, 7.404552777072065, 0.641455221461836], "k_pid_yaw": [0.5, 1e-06, 0.1], "k_pid_hsp": [0.11474340932171341, 0.004950413558126665, 0.0], "k_pid_vsp": [185.7028410864394, 263.3992969700499, 0.4248838223579085]}, "datetime": {"datetime": "2025-08-20 21:32:46", "elapsed": 34820.96020269394, "delta": 15.960445880889893}, "costs": {"total_cost": 170.6552510145622, "time_cost": 71.47200000000001, "final_distance_cost": 1.8306992865051142, "oscillation_cost": 22.485810570527825, "completition_cost": 0.0, "overshoot_cost": 50.69680796197342, "power_cost": 12.501909436035158, "noise_cost": 11.668023759520683, "n_waypoints_completed": 9, "tot_waypoints": 9}}
{"target": -171.9290309066881, "params": {"k_pid_pos": [0.6769686919454747, 0.0038950219894955136, 0.006493577773607553], "k_pid_alt": [1.8450180034502093, 0.00011533380045215011, 0.001609929947005738], "k_pid_att": [23.6025143429182, 7.580543615796464, 0.6824705372826858], "k_pid_yaw": [0.5, 1e-06, 0.1], "k_pid_hsp": [0.08091740069341077, 0.004657643130006184, 0.0], "k_pid_vsp": [205.19880057973373, 301.6388886824393, 0.5193848813118495]}, "datetime": {"datetime": "2025-08-20 21:33:03", "elapsed": 34838.42302274704, "delta": 17.462820053100586}, "costs": {"total_cost": 171.9290309066881, "time_cost": 72.408, "final_distance_cost": 1.7746916606618914, "oscillation_cost": 22.286674681484584, "completition_cost": 0.0, "overshoot_cost": 51.318147455443366, "power_cost": 12.579404846191407, "noise_cost": 11.562112262906851, "n_waypoints_completed": 9, "tot_waypoints": 9}}
{"target": -169.64500792368815, "params": {"k_pid_pos": [0.6230556010077767, 0.0035394984118789267, 0.008221800694472649], "k_pid_alt": [1.827084129778087, 0.00014010040764730617, 0.0021216068385836945], "k_pid_att": [19.72009509056208, 7.752732683985738, 0.6157629161400288], "k_pid_yaw": [0.5, 1e-06, 0.1], "k_pid_hsp": [0.10843112502827533, 0.005598756096729828, 0.0], "k_pid_vsp": [222.8677976257435, 243.2438551638099, 0.5921211108565939]}, "datetime": {"datetime": "2025-08-20 21:33:19", "elapsed": 34853.66283392906, "delta": 15.239811182022095}, "costs": {"total_cost": 169.64500792368815, "time_cost": 70.856, "final_distance_cost": 1.8320384894885795, "oscillation_cost": 22.9103392492297, "completition_cost": 0.0, "overshoot_cost": 50.632030549706535, "power_cost": 12.098193322753907, "noise_cost": 11.316406312509422, "n_waypoints_completed": 9, "tot_waypoints": 9}}
{"target": -169.42100708888367, "params": {"k_pid_pos": [0.4690318416808541, 0.0034712492804199243, 0.01097630635883482], "k_pid_alt": [2.0, 0.00011535890827435642, 0.002245208969476216], "k_pid_att": [25.668411682570397, 9.102086566379851, 0.4294737740252603], "k_pid_yaw": [0.5, 1e-06, 0.1], "k_pid_hsp": [0.08241611497696522, 0.004798817285154736, 0.0], "k_pid_vsp": [203.3725794738463, 249.6605595926031, 0.6105679216009104]}, "datetime": {"datetime": "2025-08-20 21:33:36", "elapsed": 34870.992436885834, "delta": 17.32960295677185}, "costs": {"total_cost": 169.42100708888367, "time_cost": 73.616, "final_distance_cost": 1.817026802633076, "oscillation_cost": 18.237815825550584, "completition_cost": 0.0, "overshoot_cost": 51.70291843519059, "power_cost": 12.244108117675783, "noise_cost": 11.803137907833653, "n_waypoints_completed": 9, "tot_waypoints": 9}}
{"target": -170.99539142301143, "params": {"k_pid_pos": [0.6082743041377855, 0.00348351378378825, 0.009825883372112635], "k_pid_alt": [1.924857626481406, 0.00013759210179846136, 0.0014833840693165249], "k_pid_att": [21.139400905523996, 7.005129413054701, 0.5742653323283949], "k_pid_yaw": [0.5, 1e-06, 0.1], "k_pid_hsp": [0.12322602951303424, 0.003918137515121573, 0.0], "k_pid_vsp": [197.20579964347735, 258.0284288326857, 0.6126595425763494]}, "datetime": {"datetime": "2025-08-20 21:33:51", "elapsed": 34886.33216166496, "delta": 15.339724779129028}, "costs": {"total_cost": 170.99539142301143, "time_cost": 71.104, "final_distance_cost": 1.8164992245115406, "oscillation_cost": 23.509632450562222, "completition_cost": 0.0, "overshoot_cost": 50.908454813139855, "power_cost": 12.18748818359375, "noise_cost": 11.469316751204033, "n_waypoints_completed": 9, "tot_waypoints": 9}}
{"target": -169.80619488526816, "params": {"k_pid_pos": [0.5254444419530286, 0.0036820117074236546, 0.008400723175715512], "k_pid_alt": [1.8257259781953865, 0.00014015090628958352, 0.0018240988829515022], "k_pid_att": [23.437985474721888, 7.962766763871142, 0.563488585803455], "k_pid_yaw": [0.5, 1e-06, 0.1], "k_pid_hsp": [0.11507097263684289, 0.004578073270960177, 0.0], "k_pid_vsp": [254.6321872619244, 203.57320542559262, 0.7009173307344936]}, "datetime": {"datetime": "2025-08-20 21:34:09", "elapsed": 34903.71709775925, "delta": 17.384936094284058}, "costs": {"total_cost": 169.80619488526816, "time_cost": 72.21600000000001, "final_distance_cost": 1.829093574813237, "oscillation_cost": 21.489650200692104, "completition_cost": 0.0, "overshoot_cost": 50.724661115535376, "power_cost": 11.99830625, "noise_cost": 11.548483744227422, "n_waypoints_completed": 9, "tot_waypoints": 9}}
{"target": -171.369303393169, "params": {"k_pid_pos": [0.7765519174577601, 0.00386387159623545, 0.010979748534878703], "k_pid_alt": [1.842438844718835, 0.00013095985248939496, 0.0023026164529589277], "k_pid_att": [27.698229412134314, 8.804334458859328, 0.5934444345359927], "k_pid_yaw": [0.5, 1e-06, 0.1], "k_pid_hsp": [0.087614631217716, 0.005123362728109469, 0.0], "k_pid_vsp": [228.76558226582554, 281.0360672004308, 0.7088638331088447]}, "datetime": {"datetime": "2025-08-20 21:34:25", "elapsed": 34919.68781661987, "delta": 15.97071886062622}, "costs": {"total_cost": 171.369303393169, "time_cost": 71.176, "final_distance_cost": 1.8113007706897493, "oscillation_cost": 24.477075295134895, "completition_cost": 0.0, "overshoot_cost": 50.1924147965175, "power_cost": 12.3344650390625, "noise_cost": 11.37804749176432, "n_waypoints_completed": 9, "tot_waypoints": 9}}
{"target": -169.66650040890772, "params": {"k_pid_pos": [0.5628787272243801, 0.0032142151615654826, 0.007580204801440153], "k_pid_alt": [2.0, 0.00013906680285136801, 0.0016393339215757241], "k_pid_att": [35.3518112877587, 8.09355994431521, 0.4978264108077939], "k_pid_yaw": [0.5, 1e-06, 0.1], "k_pid_hsp": [0.09931724850290435, 0.003645224533403206, 0.0], "k_pid_vsp": [192.29994797833479, 108.29451106128356, 0.6931417320523132]}, "datetime": {"datetime": "2025-08-20 21:34:42", "elapsed": 34936.9156332016, "delta": 17.227816581726074}, "costs": {"total_cost": 169.66650040890772, "time_cost": 72.016, "final_distance_cost": 1.8172867712213898, "oscillation_cost": 20.997883200031552, "completition_cost": 0.0, "overshoot_cost": 51.383413594220464, "power_cost": 11.890321545410156, "noise_cost": 11.561595298024141, "n_waypoints_completed": 9, "tot_waypoints": 9}}
{"target": -171.16384564066118, "params": {"k_pid_pos": [0.676099176242762, 0.002031622324406724, 0.006778837442474224], "k_pid_alt": [1.9040423057137232, 0.0001436276704379658, 0.0019804869582362066], "k_pid_att": [18.389018645899586, 8.204682994061201, 0.5184727958026624], "k_pid_yaw": [0.5, 1e-06, 0.1], "k_pid_hsp": [0.09836926607799927, 0.003952782952293627, 0.0], "k_pid_vsp": [248.3505168957571, 259.88582550222054, 0.5265105870289436]}, "datetime": {"datetime": "2025-08-20 21:34:58", "elapsed": 34953.23226189613, "delta": 16.3166286945343}, "costs": {"total_cost": 171.16384564066118, "time_cost": 70.816, "final_distance_cost": 1.8205273848009975, "oscillation_cost": 23.319696874242528, "completition_cost": 0.0, "overshoot_cost": 51.22479013545136, "power_cost": 12.481389233398438, "noise_cost": 11.50144201276789, "n_waypoints_completed": 9, "tot_waypoints": 9}}
{"target": -169.77627765736722, "params": {"k_pid_pos": [0.5881585997950779, 0.003737164596832883, 0.011866641209169143], "k_pid_alt": [2.0, 0.00012532125132045028, 0.0018658785513905069], "k_pid_att": [24.429612640543997, 6.983989841798132, 0.6472142960342776], "k_pid_yaw": [0.5, 1e-06, 0.1], "k_pid_hsp": [0.11258673060851661, 0.005431756699967472, 0.0], "k_pid_vsp": [210.60677493572925, 254.8563958143557, 0.542164137035736]}, "datetime": {"datetime": "2025-08-20 21:35:15", "elapsed": 34970.20524597168, "delta": 16.972984075546265}, "costs": {"total_cost": 169.77627765736722, "time_cost": 71.296, "final_distance_cost": 1.8305055756804132, "oscillation_cost": 22.25028444044143, "completition_cost": 0.0, "overshoot_cost": 51.10031176500949, "power_cost": 11.899503002929688, "noise_cost": 11.39967287330618, "n_waypoints_completed": 9, "tot_waypoints": 9}}
{"target": -170.3496714001683, "params": {"k_pid_pos": [0.6292235839418946, 0.0038400943789605436, 0.008258836911484737], "k_pid_alt": [1.453393234996897, 0.00012443365926789046, 0.0021911161253621507], "k_pid_att": [26.204149589008438, 8.314684734658602, 0.6545448626012768], "k_pid_yaw": [0.5, 1e-06, 0.1], "k_pid_hsp": [0.10335689754380402, 0.004131950531766783, 0.0], "k_pid_vsp": [236.57291239697193, 229.9495364137982, 0.549195799679223]}, "datetime": {"datetime": "2025-08-20 21:35:32", "elapsed": 34986.81030058861, "delta": 16.6050546169281}, "costs": {"total_cost": 170.3496714001683, "time_cost": 71.056, "final_distance_cost": 1.800198646858714, "oscillation_cost": 22.7679943000928, "completition_cost": 0.0, "overshoot_cost": 50.472785315294104, "power_cost": 12.588719482421876, "noise_cost": 11.6639736555008, "n_waypoints_completed": 9, "tot_waypoints": 9}}
{"target": -170.69345761950285, "params": {"k_pid_pos": [0.3851679097123604, 0.0031095718239197725, 0.008290746776111564], "k_pid_alt": [2.0, 0.0001255536355338191, 0.0014675326921345002], "k_pid_att": [25.48328000690566, 7.610112689698863, 0.5301121429406184], "k_pid_yaw": [0.5, 1e-06, 0.1], "k_pid_hsp": [0.08446843132360277, 0.004250910105233221, 0.0], "k_pid_vsp": [196.0266513756359, 212.2037342251741, 0.592175950792753]}, "datetime": {"datetime": "2025-08-20 21:35:49", "elapsed": 35004.31535124779, "delta": 17.505050659179688}, "costs": {"total_cost": 170.69345761950285, "time_cost": 76.0, "final_distance_cost": 1.8408534642951977, "oscillation_cost": 16.372793841810438, "completition_cost": 0.0, "overshoot_cost": 52.03035945599595, "power_cost": 12.260138244628907, "noise_cost": 12.189312612772355, "n_waypoints_completed": 9, "tot_waypoints": 9}}
{"target": -168.86875469950112, "params": {"k_pid_pos": [0.5641007645321445, 0.0034766207940006935, 0.008335666230404033], "k_pid_alt": [1.6507515173949476, 0.00015033637897549472, 0.0021005305149737587], "k_pid_att": [28.149457694754755, 8.657928392738706, 0.4635334188325701], "k_pid_yaw": [0.5, 1e-06, 0.1], "k_pid_hsp": [0.10122369587210944, 0.005126543693505292, 0.0], "k_pid_vsp": [211.11557470899206, 197.60810740858474, 0.5078316948418676]}, "datetime": {"datetime": "2025-08-20 21:36:06", "elapsed": 35021.17116355896, "delta": 16.855812311172485}, "costs": {"total_cost": 168.86875469950112, "time_cost": 71.616, "final_distance_cost": 1.8076934471408066, "oscillation_cost": 21.02057283805889, "completition_cost": 0.0, "overshoot_cost": 51.07711888574653, "power_cost": 11.948201123046875, "noise_cost": 11.39916840550801, "n_waypoints_completed": 9, "tot_waypoints": 9}}
