{"target": -170.24218776321672, "params": {"k_pid_pos": [0.6104937514242782, 0.0032884421067459896, 0.00971802429047626], "k_pid_alt": [2.0, 8.020673588702651e-05, 0.0014030733440570202], "k_pid_att": [30.05648775633452, 7.019242042887328, 0.8279654227312317], "k_pid_yaw": [0.5, 1e-06, 0.1], "k_pid_hsp": [0.0865662414725046, 0.007141647961946883, 0.0], "k_pid_vsp": [144.0272948509048, 198.1113510927211, 0.9098882365476316]}, "datetime": {"datetime": "2025-08-20 19:50:32", "elapsed": 28687.37737607956, "delta": 15.480870246887207}, "costs": {"total_cost": 170.24218776321672, "time_cost": 71.904, "final_distance_cost": 1.822261625753432, "oscillation_cost": 21.593324473451556, "completition_cost": 0.0, "overshoot_cost": 51.160655225458804, "power_cost": 12.29617802734375, "noise_cost": 11.46576841120917, "n_waypoints_completed": 9, "tot_waypoints": 9}}
{"target": -173.39143068338902, "params": {"k_pid_pos": [0.6840538677701581, 0.0024810936799580744, 0.01021150853043281], "k_pid_alt": [2.0, 0.00010510497824551349, 0.0016373857726839462], "k_pid_att": [29.131885930056168, 6.805586795936027, 0.7489795637387863], "k_pid_yaw": [0.5, 1e-06, 0.1], "k_pid_hsp": [0.0704251081669117, 0.00977045288565938, 0.0], "k_pid_vsp": [173.91612619402213, 182.08958876456325, 0.9331621729402843]}, "datetime": {"datetime": "2025-08-20 19:50:50", "elapsed": 28704.717908143997, "delta": 17.340532064437866}, "costs": {"total_cost": 173.39143068338902, "time_cost": 73.0, "final_distance_cost": 1.7825637321012247, "oscillation_cost": 22.66346310548367, "completition_cost": 0.0, "overshoot_cost": 51.630060244441005, "power_cost": 12.71121942138672, "noise_cost": 11.604124179976395, "n_waypoints_completed": 9, "tot_waypoints": 9}}
{"target": -169.75629523117465, "params": {"k_pid_pos": [0.6083425022184523, 0.004384071445083411, 0.0067456625259187004], "k_pid_alt": [2.0, 0.0001361238145436414, 0.0013662542255391775], "k_pid_att": [30.05888773470166, 4.747660389542833, 0.6653671510967284], "k_pid_yaw": [0.5, 1e-06, 0.1], "k_pid_hsp": [0.11161364416647536, 0.005469333448302148, 0.0], "k_pid_vsp": [203.7582353185593, 218.51070883631292, 1.1628031533516923]}, "datetime": {"datetime": "2025-08-20 19:51:06", "elapsed": 28721.384611845016, "delta": 16.666703701019287}, "costs": {"total_cost": 169.75629523117465, "time_cost": 71.112, "final_distance_cost": 1.8346311666117285, "oscillation_cost": 22.702617575882194, "completition_cost": 0.0, "overshoot_cost": 50.53661204853921, "power_cost": 12.148104333496095, "noise_cost": 11.422330106645443, "n_waypoints_completed": 9, "tot_waypoints": 9}}
{"target": -169.20351718877308, "params": {"k_pid_pos": [0.5364861406858937, 0.003512388399889933, 0.007258937758989156], "k_pid_alt": [2.0, 8.620982499996e-05, 0.0014945654734754281], "k_pid_att": [36.23116389516321, 7.290654393241899, 0.5420970061561308], "k_pid_yaw": [0.5, 1e-06, 0.1], "k_pid_hsp": [0.08949404721833708, 0.004285276100702548, 0.0], "k_pid_vsp": [168.23260231187905, 271.4098128897224, 0.939859194824284]}, "datetime": {"datetime": "2025-08-20 19:51:23", "elapsed": 28738.304170131683, "delta": 16.91955828666687}, "costs": {"total_cost": 169.20351718877308, "time_cost": 72.424, "final_distance_cost": 1.8309398180265835, "oscillation_cost": 20.031612626371043, "completition_cost": 0.0, "overshoot_cost": 51.91071760148786, "power_cost": 11.658543420410156, "noise_cost": 11.34770372247743, "n_waypoints_completed": 9, "tot_waypoints": 9}}
{"target": -172.8870436112722, "params": {"k_pid_pos": [0.42202635795856613, 0.0033048769831080563, 0.010474812314569475], "k_pid_alt": [2.0, 0.0001382853477903625, 0.0012377811219181614], "k_pid_att": [33.03796048767813, 8.4252032025365, 0.5781812741483235], "k_pid_yaw": [0.5, 1e-06, 0.1], "k_pid_hsp": [0.11233808270874752, 0.006949772197400624, 0.0], "k_pid_vsp": [132.83216849702876, 165.3266854174626, 0.960319913917866]}, "datetime": {"datetime": "2025-08-20 19:51:40", "elapsed": 28755.472036361694, "delta": 17.167866230010986}, "costs": {"total_cost": 172.8870436112722, "time_cost": 75.47200000000001, "final_distance_cost": 1.8530126224047307, "oscillation_cost": 19.46774955803452, "completition_cost": 0.0, "overshoot_cost": 51.10813494336447, "power_cost": 12.56899031982422, "noise_cost": 12.417156167644242, "n_waypoints_completed": 9, "tot_waypoints": 9}}
{"target": -169.54690539001544, "params": {"k_pid_pos": [0.5259171084264961, 0.0038139917457145948, 0.0071398857461694885], "k_pid_alt": [2.0, 0.00013541405107562996, 0.0020601952252803117], "k_pid_att": [33.0254524932782, 4.829907588486897, 0.9321966680157554], "k_pid_yaw": [0.5, 1e-06, 0.1], "k_pid_hsp": [0.09991470559487814, 0.005512251474548588, 0.0], "k_pid_vsp": [249.05221606973325, 166.6139873908177, 0.8859332419378615]}, "datetime": {"datetime": "2025-08-20 19:51:56", "elapsed": 28770.956476688385, "delta": 15.484440326690674}, "costs": {"total_cost": 169.54690539001544, "time_cost": 72.28, "final_distance_cost": 1.8266333296036346, "oscillation_cost": 20.310290804599198, "completition_cost": 0.0, "overshoot_cost": 51.06503183064614, "power_cost": 12.315370727539063, "noise_cost": 11.749578697627394, "n_waypoints_completed": 9, "tot_waypoints": 9}}
{"target": -171.87336597380812, "params": {"k_pid_pos": [0.557727543581105, 0.003099633865898746, 0.008441137971487165], "k_pid_alt": [2.0, 0.00015145829270422488, 0.001098282783030078], "k_pid_att": [24.78116319460499, 5.3036999456015, 0.626200331288801], "k_pid_yaw": [0.5, 1e-06, 0.1], "k_pid_hsp": [0.07406080271762573, 0.006387875109186415, 0.0], "k_pid_vsp": [257.7328113128942, 262.6372679335422, 0.8766861797737681]}, "datetime": {"datetime": "2025-08-20 19:52:13", "elapsed": 28787.931862831116, "delta": 16.975386142730713}, "costs": {"total_cost": 171.87336597380812, "time_cost": 73.824, "final_distance_cost": 1.7928400153991326, "oscillation_cost": 19.7708495095204, "completition_cost": 0.0, "overshoot_cost": 51.882278989687464, "power_cost": 12.712183850097658, "noise_cost": 11.891213609103461, "n_waypoints_completed": 9, "tot_waypoints": 9}}
{"target": -169.94510367668352, "params": {"k_pid_pos": [0.6210258542097616, 0.0038546827180696505, 0.00797073111464021], "k_pid_alt": [2.0, 0.00014467034974616666, 0.0016137922418639837], "k_pid_att": [36.975549591450374, 8.664156797560734, 0.587128464327458], "k_pid_yaw": [0.5, 1e-06, 0.1], "k_pid_hsp": [0.10655542114553819, 0.006363209884302911, 0.0], "k_pid_vsp": [220.1118186816673, 208.17791816657112, 0.6564444990576391]}, "datetime": {"datetime": "2025-08-20 19:52:28", "elapsed": 28802.994030475616, "delta": 15.062167644500732}, "costs": {"total_cost": 169.94510367668352, "time_cost": 71.024, "final_distance_cost": 1.804516175419466, "oscillation_cost": 22.980579102692882, "completition_cost": 0.0, "overshoot_cost": 50.566976830837724, "power_cost": 12.208621081542969, "noise_cost": 11.360410486190501, "n_waypoints_completed": 9, "tot_waypoints": 9}}
{"target": -169.53060893766227, "params": {"k_pid_pos": [0.5099349242576358, 0.0037952723856705187, 0.011334080101830532], "k_pid_alt": [1.5307372035673872, 0.0001201852617236563, 0.0016784972142080004], "k_pid_att": [25.457326743570352, 6.206095188332525, 0.7832985377660147], "k_pid_yaw": [0.5, 1e-06, 0.1], "k_pid_hsp": [0.09273108343237078, 0.005045627481671503, 0.0], "k_pid_vsp": [212.03757086985271, 237.06999857269932, 0.7632707749777907]}, "datetime": {"datetime": "2025-08-20 19:52:46", "elapsed": 28820.96321129799, "delta": 17.969180822372437}, "costs": {"total_cost": 169.53060893766227, "time_cost": 72.616, "final_distance_cost": 1.8195068413825055, "oscillation_cost": 19.742157256758535, "completition_cost": 0.0, "overshoot_cost": 51.22634369243533, "power_cost": 12.358361572265625, "noise_cost": 11.768239574820251, "n_waypoints_completed": 9, "tot_waypoints": 9}}
{"target": -169.99473578300058, "params": {"k_pid_pos": [0.47548303512586826, 0.004497820088454086, 0.012227820813025097], "k_pid_alt": [2.0, 0.00013518517232240105, 0.0017986771349337977], "k_pid_att": [35.386452425390495, 3.7123401319352802, 0.680923223944883], "k_pid_yaw": [0.5, 1e-06, 0.1], "k_pid_hsp": [0.09141425429509169, 0.006220473923321277, 0.0], "k_pid_vsp": [62.09103538746219, 198.15637269061793, 0.8920144296554122]}, "datetime": {"datetime": "2025-08-20 19:53:03", "elapsed": 28837.6530687809, "delta": 16.689857482910156}, "costs": {"total_cost": 169.99473578300058, "time_cost": 73.34400000000001, "final_distance_cost": 1.8258848196558783, "oscillation_cost": 19.100092584531254, "completition_cost": 0.0, "overshoot_cost": 51.34464792824874, "power_cost": 12.564268823242188, "noise_cost": 11.815841627322522, "n_waypoints_completed": 9, "tot_waypoints": 9}}
{"target": -170.42436308310795, "params": {"k_pid_pos": [0.4602563795062374, 0.004737822821701437, 0.00898441602238983], "k_pid_alt": [2.0, 0.00013398050369761697, 0.0020036628768449524], "k_pid_att": [31.742817046749366, 5.144031067308677, 0.7206375643459147], "k_pid_yaw": [0.5, 1e-06, 0.1], "k_pid_hsp": [0.07997999216572159, 0.005366510526608079, 0.0], "k_pid_vsp": [215.10925185314815, 177.04473732964513, 0.5565960464058618]}, "datetime": {"datetime": "2025-08-20 19:53:20", "elapsed": 28854.815455198288, "delta": 17.162386417388916}, "costs": {"total_cost": 170.42436308310795, "time_cost": 73.968, "final_distance_cost": 1.8142877303776552, "oscillation_cost": 17.826363098280524, "completition_cost": 0.0, "overshoot_cost": 52.33750052393478, "power_cost": 12.465283996582032, "noise_cost": 12.012927733932957, "n_waypoints_completed": 9, "tot_waypoints": 9}}
{"target": -170.04523008591275, "params": {"k_pid_pos": [0.4976170807591352, 0.004446916016401458, 0.0056580094673221665], "k_pid_alt": [1.7695992201945476, 0.00014639846628419163, 0.0020732937017568405], "k_pid_att": [34.80617095451523, 6.913521058741847, 0.8343499839722908], "k_pid_yaw": [0.5, 1e-06, 0.1], "k_pid_hsp": [0.11028841057680512, 0.00572969227012262, 0.0], "k_pid_vsp": [206.66223826449047, 202.84122130213927, 0.6778698713525252]}, "datetime": {"datetime": "2025-08-20 19:53:37", "elapsed": 28871.609344244003, "delta": 16.793889045715332}, "costs": {"total_cost": 170.04523008591275, "time_cost": 72.664, "final_distance_cost": 1.839786548665067, "oscillation_cost": 20.34714610390368, "completition_cost": 0.0, "overshoot_cost": 50.983461188876845, "power_cost": 12.437895190429687, "noise_cost": 11.772941054037453, "n_waypoints_completed": 9, "tot_waypoints": 9}}
{"target": -169.4862337332932, "params": {"k_pid_pos": [0.48952142942890964, 0.004070682558605248, 0.009074324442178153], "k_pid_alt": [1.514682328963976, 0.00013326279697889343, 0.0009639697433556863], "k_pid_att": [43.89703510820306, 2.530415367929253, 0.44832752283261973], "k_pid_yaw": [0.5, 1e-06, 0.1], "k_pid_hsp": [0.0927495908250638, 0.0066852665473382256, 0.0], "k_pid_vsp": [174.9520699547863, 217.75466270117946, 0.9034223000447743]}, "datetime": {"datetime": "2025-08-20 19:53:52", "elapsed": 28887.43632555008, "delta": 15.82698130607605}, "costs": {"total_cost": 169.4862337332932, "time_cost": 72.912, "final_distance_cost": 1.827358680209288, "oscillation_cost": 19.211002105783585, "completition_cost": 0.0, "overshoot_cost": 51.56886814833234, "power_cost": 12.276747436523438, "noise_cost": 11.69025736244455, "n_waypoints_completed": 9, "tot_waypoints": 9}}
{"target": -170.41649878546448, "params": {"k_pid_pos": [0.7473167884316516, 0.003004933977183044, 0.010041892056051814], "k_pid_alt": [2.0, 0.0001204879538719811, 0.0020322773475326965], "k_pid_att": [37.29982134369097, 6.4031942632452035, 0.660548897842059], "k_pid_yaw": [0.5, 1e-06, 0.1], "k_pid_hsp": [0.12833928738608277, 0.007575527157491219, 0.0], "k_pid_vsp": [292.17273386013335, 208.1424997708181, 0.6802519774957929]}, "datetime": {"datetime": "2025-08-20 19:54:09", "elapsed": 28903.70834827423, "delta": 16.27202272415161}, "costs": {"total_cost": 170.41649878546448, "time_cost": 70.152, "final_distance_cost": 1.8112795082368738, "oscillation_cost": 24.652952933326652, "completition_cost": 0.0, "overshoot_cost": 50.41911230028266, "power_cost": 12.13148603515625, "noise_cost": 11.249668008462043, "n_waypoints_completed": 9, "tot_waypoints": 9}}
{"target": -172.55761427129966, "params": {"k_pid_pos": [0.601537071537317, 0.003626161937124317, 0.008241036600791077], "k_pid_alt": [2.0, 0.0001259970639076768, 0.0017058490814090338], "k_pid_att": [31.354226283860253, 6.808969497934228, 0.48677866541170167], "k_pid_yaw": [0.5, 1e-06, 0.1], "k_pid_hsp": [0.06754696619126581, 0.006619234743122661, 0.0], "k_pid_vsp": [240.42536253654055, 204.8244157409588, 1.1609217748622707]}, "datetime": {"datetime": "2025-08-20 19:54:25", "elapsed": 28920.277661323547, "delta": 16.569313049316406}, "costs": {"total_cost": 172.55761427129966, "time_cost": 74.44800000000001, "final_distance_cost": 1.7774180528227388, "oscillation_cost": 20.173258038308195, "completition_cost": 0.0, "overshoot_cost": 52.364515013549045, "power_cost": 12.13355350341797, "noise_cost": 11.660869663201723, "n_waypoints_completed": 9, "tot_waypoints": 9}}
{"target": -172.9102131042697, "params": {"k_pid_pos": [0.9197924681590482, 0.004349147639833319, 0.009189718927829977], "k_pid_alt": [1.7999411009877282, 0.00010742622324298673, 0.0019967114114136865], "k_pid_att": [34.36515567619305, 4.8654310064339, 0.6240428459892178], "k_pid_yaw": [0.5, 1e-06, 0.1], "k_pid_hsp": [0.09593465553252949, 0.00629250386517054, 0.0], "k_pid_vsp": [187.7894810360468, 258.5689629706421, 0.795806235378295]}, "datetime": {"datetime": "2025-08-20 19:54:42", "elapsed": 28936.54956150055, "delta": 16.271900177001953}, "costs": {"total_cost": 172.9102131042697, "time_cost": 70.184, "final_distance_cost": 1.7909062980579091, "oscillation_cost": 26.725120260360452, "completition_cost": 0.0, "overshoot_cost": 50.74310701284011, "power_cost": 12.264162854003906, "noise_cost": 11.202916679007336, "n_waypoints_completed": 9, "tot_waypoints": 9}}
{"target": -172.78875076516124, "params": {"k_pid_pos": [0.5814887449979431, 0.00478078600362749, 0.009451844176330751], "k_pid_alt": [1.5564681222505072, 0.00013421964785811545, 0.0022017986265248746], "k_pid_att": [35.139309253359926, 6.416044831429584, 0.8348623341932665], "k_pid_yaw": [0.5, 1e-06, 0.1], "k_pid_hsp": [0.07088044084269456, 0.0049312936226075105, 0.0], "k_pid_vsp": [246.51344355653677, 222.28299043768789, 0.9527236879595185]}, "datetime": {"datetime": "2025-08-20 19:54:59", "elapsed": 28953.764718532562, "delta": 17.21515703201294}, "costs": {"total_cost": 172.78875076516124, "time_cost": 74.56, "final_distance_cost": 1.807536471453477, "oscillation_cost": 19.71995871794308, "completition_cost": 0.0, "overshoot_cost": 52.30204053001711, "power_cost": 12.500269128417969, "noise_cost": 11.898945917329616, "n_waypoints_completed": 9, "tot_waypoints": 9}}
{"target": -169.36813889489326, "params": {"k_pid_pos": [0.5530037698893387, 0.003887137699306728, 0.004261308784774713], "k_pid_alt": [2.0, 0.0001466089953999429, 0.0014002349310339955], "k_pid_att": [35.24664366113737, 5.700480703136236, 0.74152877628871], "k_pid_yaw": [0.5, 1e-06, 0.1], "k_pid_hsp": [0.0924100566513754, 0.003818107376728452, 0.0], "k_pid_vsp": [171.88820155067967, 228.4001076923735, 0.7950980421353275]}, "datetime": {"datetime": "2025-08-20 19:55:15", "elapsed": 28969.60191297531, "delta": 15.837194442749023}, "costs": {"total_cost": 169.36813889489326, "time_cost": 72.168, "final_distance_cost": 1.8169809634465455, "oscillation_cost": 20.443197626844675, "completition_cost": 0.0, "overshoot_cost": 51.38602384598065, "power_cost": 12.051303295898439, "noise_cost": 11.502633162722962, "n_waypoints_completed": 9, "tot_waypoints": 9}}
{"target": -169.19957274515798, "params": {"k_pid_pos": [0.542058879033783, 0.0036045274815739055, 0.008064495892366163], "k_pid_alt": [1.9628770111660476, 0.00013701622589580041, 0.0017672059188582844], "k_pid_att": [28.22145513946676, 3.4806819545975833, 0.658786081275938], "k_pid_yaw": [0.5, 1e-06, 0.1], "k_pid_hsp": [0.08815716768838198, 0.006409875416949183, 0.0], "k_pid_vsp": [192.94076621071827, 151.96301356600964, 0.9550824414991266]}, "datetime": {"datetime": "2025-08-20 19:55:31", "elapsed": 28986.34197616577, "delta": 16.740063190460205}, "costs": {"total_cost": 169.19957274515798, "time_cost": 72.312, "final_distance_cost": 1.8175942465801616, "oscillation_cost": 20.270912149356818, "completition_cost": 0.0, "overshoot_cost": 51.3184425194537, "power_cost": 11.975316638183594, "noise_cost": 11.505307191583718, "n_waypoints_completed": 9, "tot_waypoints": 9}}
{"target": -170.91599907893817, "params": {"k_pid_pos": [0.6286051062398239, 0.0035647338754516943, 0.009782956747135864], "k_pid_alt": [1.8119573016789845, 0.00012400201209761236, 0.002493845550504154], "k_pid_att": [33.87700328455969, 6.548500301657273, 0.6208810385470037], "k_pid_yaw": [0.5, 1e-06, 0.1], "k_pid_hsp": [0.08361202109305005, 0.004871131438903465, 0.0], "k_pid_vsp": [130.7382467147992, 193.9450376555859, 1.0151661462655315]}, "datetime": {"datetime": "2025-08-20 19:55:47", "elapsed": 29001.60937809944, "delta": 15.267401933670044}, "costs": {"total_cost": 170.91599907893817, "time_cost": 71.992, "final_distance_cost": 1.8026632076176083, "oscillation_cost": 21.264805527354042, "completition_cost": 0.0, "overshoot_cost": 51.45151257051709, "power_cost": 12.77208221435547, "noise_cost": 11.63293555909396, "n_waypoints_completed": 9, "tot_waypoints": 9}}
{"target": -169.73391105130676, "params": {"k_pid_pos": [0.6497943422976928, 0.004085937431624735, 0.011816775816324405], "k_pid_alt": [2.0, 0.00013194323939540932, 0.0017603802757035607], "k_pid_att": [24.799818437960752, 7.202151281943446, 0.7604943935989018], "k_pid_yaw": [0.5, 1e-06, 0.1], "k_pid_hsp": [0.11358443444853222, 0.0049908051451233535, 0.0], "k_pid_vsp": [230.4451938213449, 144.69412074202654, 1.2515570823049325]}, "datetime": {"datetime": "2025-08-20 19:56:03", "elapsed": 29018.494235515594, "delta": 16.884857416152954}, "costs": {"total_cost": 169.73391105130676, "time_cost": 70.888, "final_distance_cost": 1.8259041657172106, "oscillation_cost": 23.069328542119205, "completition_cost": 0.0, "overshoot_cost": 51.15024969789569, "power_cost": 11.574791809082031, "noise_cost": 11.22563683649263, "n_waypoints_completed": 9, "tot_waypoints": 9}}
{"target": -172.28714283235567, "params": {"k_pid_pos": [0.42343061425918777, 0.005547797239046995, 0.00925306426023356], "k_pid_alt": [1.0342990527633262, 0.00011501213902615364, 0.0016610299903327842], "k_pid_att": [37.7440647730154, 6.244427679195674, 0.5028811112439325], "k_pid_yaw": [0.5, 1e-06, 0.1], "k_pid_hsp": [0.09968764102891281, 0.003912929630939509, 0.0], "k_pid_vsp": [157.0495746633632, 259.96306629093357, 1.208063841380609]}, "datetime": {"datetime": "2025-08-20 19:56:21", "elapsed": 29036.39208483696, "delta": 17.897849321365356}, "costs": {"total_cost": 172.28714283235567, "time_cost": 75.816, "final_distance_cost": 1.8452537662876254, "oscillation_cost": 18.046480833307953, "completition_cost": 0.0, "overshoot_cost": 51.47424093329403, "power_cost": 12.79678134765625, "noise_cost": 12.308385951809806, "n_waypoints_completed": 9, "tot_waypoints": 9}}
{"target": -169.48273727403918, "params": {"k_pid_pos": [0.5190380344844172, 0.004301583609145167, 0.008693984800933075], "k_pid_alt": [1.9121793950140757, 0.00014569427980037932, 0.00197872574742376], "k_pid_att": [26.91144316713815, 5.987986597095676, 0.4096950146953871], "k_pid_yaw": [0.5, 1e-06, 0.1], "k_pid_hsp": [0.11006469254472691, 0.0055102009971891505, 0.0], "k_pid_vsp": [194.8018142522765, 229.19829146217253, 0.7474423088219947]}, "datetime": {"datetime": "2025-08-20 19:56:40", "elapsed": 29055.004290103912, "delta": 18.612205266952515}, "costs": {"total_cost": 169.48273727403918, "time_cost": 72.264, "final_distance_cost": 1.8264637653957743, "oscillation_cost": 21.04828893787614, "completition_cost": 0.0, "overshoot_cost": 50.87824246084838, "power_cost": 11.856063159179689, "noise_cost": 11.609678950739207, "n_waypoints_completed": 9, "tot_waypoints": 9}}
{"target": -169.4061312572563, "params": {"k_pid_pos": [0.5077393679850696, 0.005165476184041286, 0.005744584585452297], "k_pid_alt": [1.6708878194846484, 0.00015984985948821462, 0.002521353852298959], "k_pid_att": [30.242819947173114, 7.145851193210512, 0.6029893226487466], "k_pid_yaw": [0.5, 1e-06, 0.1], "k_pid_hsp": [0.0941255208754394, 0.00397503671315122, 0.0], "k_pid_vsp": [197.93473951462045, 235.91709550365044, 1.2063438899813592]}, "datetime": {"datetime": "2025-08-20 19:56:56", "elapsed": 29070.621728897095, "delta": 15.617438793182373}, "costs": {"total_cost": 169.4061312572563, "time_cost": 72.608, "final_distance_cost": 1.831632150319393, "oscillation_cost": 19.431483428884437, "completition_cost": 0.0, "overshoot_cost": 51.22223747655363, "power_cost": 12.462532006835938, "noise_cost": 11.850246194662901, "n_waypoints_completed": 9, "tot_waypoints": 9}}
{"target": -172.12004372371828, "params": {"k_pid_pos": [0.5205064868584542, 0.005350077982055654, 0.010633358539796028], "k_pid_alt": [1.5744267848081173, 0.00013324885271944235, 0.0020044933725619283], "k_pid_att": [29.526067574845992, 7.537549195580412, 0.4572010308045809], "k_pid_yaw": [0.5, 1e-06, 0.1], "k_pid_hsp": [0.07229940519991411, 0.00756572427770243, 0.0], "k_pid_vsp": [204.39241771583724, 219.52467875712685, 0.8190986518850679]}, "datetime": {"datetime": "2025-08-20 19:57:14", "elapsed": 29089.30605340004, "delta": 18.684324502944946}, "costs": {"total_cost": 172.12004372371828, "time_cost": 74.488, "final_distance_cost": 1.8065141481366922, "oscillation_cost": 18.966908786924673, "completition_cost": 0.0, "overshoot_cost": 51.84709531187431, "power_cost": 12.934974768066407, "noise_cost": 12.076550708716187, "n_waypoints_completed": 9, "tot_waypoints": 9}}
