{"target": -170.14258155179593, "params": {"k_pid_pos": [0.6666141098427256, 0.0016995259196895195, 0.004327469845195373], "k_pid_alt": [1.862964592653265, 0.00013714474637740686, 0.0020451372767028475], "k_pid_att": [22.28112034908564, 6.540073627195743, 0.6765255008075548], "k_pid_yaw": [0.5, 1e-06, 0.1], "k_pid_hsp": [0.098178329040378, 0.00862194655366837, 0.0], "k_pid_vsp": [145.40462416652232, 255.85603561425864, 1.1105418656852593]}, "datetime": {"datetime": "2025-08-20 19:15:46", "elapsed": 26601.358171463013, "delta": 15.50162386894226}, "costs": {"total_cost": 170.14258155179593, "time_cost": 70.712, "final_distance_cost": 1.803142600239461, "oscillation_cost": 23.745554210943244, "completition_cost": 0.0, "overshoot_cost": 50.35437708785946, "power_cost": 12.27836258544922, "noise_cost": 11.249145067304529, "n_waypoints_completed": 9, "tot_waypoints": 9}}
{"target": -172.5312417842142, "params": {"k_pid_pos": [0.6305394833211041, 0.004176326814645948, 0.010025353316998076], "k_pid_alt": [1.3270397558671723, 0.00011185327425395154, 0.0015287335090437863], "k_pid_att": [24.973815508897435, 7.382708421559829, 0.8395738967951183], "k_pid_yaw": [0.5, 1e-06, 0.1], "k_pid_hsp": [0.07676851531389639, 0.006153938952509636, 0.0], "k_pid_vsp": [169.6188674381505, 238.45622399385596, 0.9981143504523121]}, "datetime": {"datetime": "2025-08-20 19:16:03", "elapsed": 26618.353840112686, "delta": 16.995668649673462}, "costs": {"total_cost": 172.5312417842142, "time_cost": 73.328, "final_distance_cost": 1.808908146056881, "oscillation_cost": 21.412174431159265, "completition_cost": 0.0, "overshoot_cost": 51.55700993493063, "power_cost": 12.653872729492187, "noise_cost": 11.771276542575206, "n_waypoints_completed": 9, "tot_waypoints": 9}}
{"target": -169.45107977022522, "params": {"k_pid_pos": [0.6058562442827237, 0.003388294673617087, 0.009881268216281588], "k_pid_alt": [2.0, 0.00013662128391804575, 0.002317003417121649], "k_pid_att": [27.860722829305903, 7.672216315982951, 0.9952794600973346], "k_pid_yaw": [0.5, 1e-06, 0.1], "k_pid_hsp": [0.08704812583397588, 0.007339961080222532, 0.0], "k_pid_vsp": [293.3945737961679, 238.6147939564413, 0.8011840028950639]}, "datetime": {"datetime": "2025-08-20 19:16:19", "elapsed": 26634.08112502098, "delta": 15.727284908294678}, "costs": {"total_cost": 169.45107977022522, "time_cost": 71.88, "final_distance_cost": 1.8202077529675713, "oscillation_cost": 21.579641205971562, "completition_cost": 0.0, "overshoot_cost": 51.00364180374446, "power_cost": 11.905750903320314, "noise_cost": 11.261838104221313, "n_waypoints_completed": 9, "tot_waypoints": 9}}
{"target": -170.71522245182172, "params": {"k_pid_pos": [0.47385824595394505, 0.006299969664357536, 0.008160382458335563], "k_pid_alt": [1.9053835460831454, 0.00013736313548670087, 0.0021005904443744216], "k_pid_att": [29.013308752629232, 5.006276803184837, 0.7970565997942086], "k_pid_yaw": [0.5, 1e-06, 0.1], "k_pid_hsp": [0.1140095118590664, 0.006470061969400964, 0.0], "k_pid_vsp": [341.46808161448024, 171.16740415265255, 0.6817477622960415]}, "datetime": {"datetime": "2025-08-20 19:16:37", "elapsed": 26651.86701798439, "delta": 17.785892963409424}, "costs": {"total_cost": 170.71522245182172, "time_cost": 73.424, "final_distance_cost": 1.848262587442736, "oscillation_cost": 20.25384554319486, "completition_cost": 0.0, "overshoot_cost": 50.93572162296216, "power_cost": 12.308453515625, "noise_cost": 11.944939182596947, "n_waypoints_completed": 9, "tot_waypoints": 9}}
{"target": -173.92808697495147, "params": {"k_pid_pos": [0.5926666948665975, 0.004187723235156367, 0.007860269390791331], "k_pid_alt": [2.0, 0.00015662468509829167, 0.0014871279582606], "k_pid_att": [28.179061322883058, 6.777218629790255, 0.7079821156001985], "k_pid_yaw": [0.5, 1e-06, 0.1], "k_pid_hsp": [0.0637435972317514, 0.005917479847292458, 0.0], "k_pid_vsp": [226.8712413938713, 181.72778662827886, 0.9095642020592433]}, "datetime": {"datetime": "2025-08-20 19:16:54", "elapsed": 26669.000022888184, "delta": 17.133004903793335}, "costs": {"total_cost": 173.92808697495147, "time_cost": 75.424, "final_distance_cost": 1.7928456988279327, "oscillation_cost": 19.54668267977638, "completition_cost": 0.0, "overshoot_cost": 52.36903678387973, "power_cost": 12.68025916748047, "noise_cost": 12.115262644986945, "n_waypoints_completed": 9, "tot_waypoints": 9}}
{"target": -169.6230102216273, "params": {"k_pid_pos": [0.4851325410987863, 0.003446863676196746, 0.010300941267435514], "k_pid_alt": [2.0, 0.00014688741658893875, 0.002088889055528757], "k_pid_att": [34.29656898814029, 4.324727780465649, 0.5158018154566361], "k_pid_yaw": [0.5, 1e-06, 0.1], "k_pid_hsp": [0.09975774475794898, 0.006542548415425796, 0.0], "k_pid_vsp": [173.49752927622106, 245.61256276188905, 0.738963254028219]}, "datetime": {"datetime": "2025-08-20 19:17:10", "elapsed": 26684.917054891586, "delta": 15.91703200340271}, "costs": {"total_cost": 169.6230102216273, "time_cost": 72.952, "final_distance_cost": 1.834200666322822, "oscillation_cost": 19.498489132077285, "completition_cost": 0.0, "overshoot_cost": 51.562937757506006, "power_cost": 12.089996923828126, "noise_cost": 11.685385741893073, "n_waypoints_completed": 9, "tot_waypoints": 9}}
{"target": -172.5990018737019, "params": {"k_pid_pos": [0.6405512930723031, 0.0025687401882842787, 0.010318420779413853], "k_pid_alt": [1.3140133675473114, 0.00015754729356892255, 0.002638388178953901], "k_pid_att": [31.977927955873355, 4.855403287412064, 0.38524110696164016], "k_pid_yaw": [0.5, 1e-06, 0.1], "k_pid_hsp": [0.07198319139384253, 0.008012161287142697, 0.0], "k_pid_vsp": [194.10616613982265, 163.60235245037248, 0.8148384787063776]}, "datetime": {"datetime": "2025-08-20 19:17:28", "elapsed": 26703.393585205078, "delta": 18.47653031349182}, "costs": {"total_cost": 172.5990018737019, "time_cost": 73.608, "final_distance_cost": 1.8053001388940892, "oscillation_cost": 21.526381552197986, "completition_cost": 0.0, "overshoot_cost": 51.78698471407252, "power_cost": 12.367197863769531, "noise_cost": 11.505137604767777, "n_waypoints_completed": 9, "tot_waypoints": 9}}
{"target": -171.32328013703437, "params": {"k_pid_pos": [0.5770692091266877, 0.0042279607569968595, 0.006943248592016733], "k_pid_alt": [2.0, 0.0001428152149034586, 0.002123761698043712], "k_pid_att": [31.72504107452531, 6.451921239741871, 0.7892772165415005], "k_pid_yaw": [0.5, 1e-06, 0.1], "k_pid_hsp": [0.07630994378293122, 0.008352580772651948, 0.0], "k_pid_vsp": [272.2309234023504, 216.4558234864193, 0.3401445459147457]}, "datetime": {"datetime": "2025-08-20 19:17:45", "elapsed": 26719.55149269104, "delta": 16.157907485961914}, "costs": {"total_cost": 171.32328013703437, "time_cost": 73.336, "final_distance_cost": 1.8203566345717668, "oscillation_cost": 20.673982745391314, "completition_cost": 0.0, "overshoot_cost": 51.60254756775342, "power_cost": 12.294656555175782, "noise_cost": 11.595736634142112, "n_waypoints_completed": 9, "tot_waypoints": 9}}
{"target": -170.35821911455724, "params": {"k_pid_pos": [0.4632574396186289, 0.0030741763119135333, 0.013597446298845883], "k_pid_alt": [1.3446898090220551, 8.187650355290085e-05, 0.0023741167028768833], "k_pid_att": [32.39869473763468, 5.4168482816797665, 0.8277324924917213], "k_pid_yaw": [0.5, 1e-06, 0.1], "k_pid_hsp": [0.10310578249387299, 0.005067919435669626, 0.0], "k_pid_vsp": [279.7929895359088, 170.6831340394211, 1.3119285394358677]}, "datetime": {"datetime": "2025-08-20 19:18:02", "elapsed": 26736.53974223137, "delta": 16.98824954032898}, "costs": {"total_cost": 170.35821911455724, "time_cost": 73.912, "final_distance_cost": 1.8446775726574414, "oscillation_cost": 19.50745054500981, "completition_cost": 0.0, "overshoot_cost": 51.276436264158804, "power_cost": 11.948627905273439, "noise_cost": 11.869026827457741, "n_waypoints_completed": 9, "tot_waypoints": 9}}
{"target": -173.48483464375562, "params": {"k_pid_pos": [0.47484734185506067, 0.004741459156256252, 0.010991786028176437], "k_pid_alt": [0.9207032983982617, 0.00012431770236897056, 0.0015334703820734051], "k_pid_att": [32.965615922164666, 9.055089257054783, 0.5416453349405369], "k_pid_yaw": [0.5, 1e-06, 0.1], "k_pid_hsp": [0.11467635234131136, 0.00485450944993832, 0.0], "k_pid_vsp": [211.20184066613137, 264.3421387165759, 0.7782369893849297]}, "datetime": {"datetime": "2025-08-20 19:18:19", "elapsed": 26753.838098049164, "delta": 17.2983558177948}, "costs": {"total_cost": 173.48483464375562, "time_cost": 74.912, "final_distance_cost": 1.8456391857942656, "oscillation_cost": 20.591982725508682, "completition_cost": 0.0, "overshoot_cost": 51.172613528152425, "power_cost": 12.767831457519533, "noise_cost": 12.19476774678072, "n_waypoints_completed": 9, "tot_waypoints": 9}}
{"target": -171.35224037203076, "params": {"k_pid_pos": [0.4216920294396164, 0.00490164960842308, 0.011280767995371302], "k_pid_alt": [2.0, 4.4021019650714315e-05, 0.001245066706646674], "k_pid_att": [34.478851126716286, 6.618106939876971, 0.5476529719197222], "k_pid_yaw": [0.5, 1e-06, 0.1], "k_pid_hsp": [0.10507089497395648, 0.006058784674527401, 0.0], "k_pid_vsp": [184.76613527567682, 293.48878441429866, 0.8794110562146568]}, "datetime": {"datetime": "2025-08-20 19:18:36", "elapsed": 26770.733607292175, "delta": 16.895509243011475}, "costs": {"total_cost": 171.35224037203076, "time_cost": 75.072, "final_distance_cost": 1.849075573225276, "oscillation_cost": 18.77244777255324, "completition_cost": 0.0, "overshoot_cost": 51.27199118611916, "power_cost": 12.282624780273439, "noise_cost": 12.104101059859646, "n_waypoints_completed": 9, "tot_waypoints": 9}}
{"target": -169.9130760329548, "params": {"k_pid_pos": [0.49229681759174265, 0.00398961947146194, 0.008191026174620182], "k_pid_alt": [2.0, 0.00013856257237789856, 0.002550676760384178], "k_pid_att": [28.811549804767083, 6.321289451381052, 0.7010797928224138], "k_pid_yaw": [0.5, 1e-06, 0.1], "k_pid_hsp": [0.08696102496586126, 0.005875856850391382, 0.0], "k_pid_vsp": [145.60968787409894, 223.74969662916882, 0.8908923089378474]}, "datetime": {"datetime": "2025-08-20 19:18:52", "elapsed": 26787.417786359787, "delta": 16.684179067611694}, "costs": {"total_cost": 169.9130760329548, "time_cost": 73.0, "final_distance_cost": 1.8332168322408342, "oscillation_cost": 19.284444431170407, "completition_cost": 0.0, "overshoot_cost": 51.677595642573586, "power_cost": 12.315121984863282, "noise_cost": 11.802697142106686, "n_waypoints_completed": 9, "tot_waypoints": 9}}
{"target": -169.01170853842652, "params": {"k_pid_pos": [0.5334369886644792, 0.0032199159297848184, 0.009228581999685494], "k_pid_alt": [1.3116169247515026, 0.00012785926310928113, 0.0019881038406864594], "k_pid_att": [33.13513905186675, 7.27756702358856, 0.5655967030135235], "k_pid_yaw": [0.5, 1e-06, 0.1], "k_pid_hsp": [0.10443695341017788, 0.006645773174675661, 0.0], "k_pid_vsp": [269.79347005528746, 256.5063784727936, 0.7779735910480934]}, "datetime": {"datetime": "2025-08-20 19:19:08", "elapsed": 26803.00147461891, "delta": 15.583688259124756}, "costs": {"total_cost": 169.01170853842652, "time_cost": 72.168, "final_distance_cost": 1.828787762891722, "oscillation_cost": 20.978262214911403, "completition_cost": 0.0, "overshoot_cost": 50.6036220783208, "power_cost": 11.940664477539062, "noise_cost": 11.492372004763531, "n_waypoints_completed": 9, "tot_waypoints": 9}}
{"target": -171.19367709317908, "params": {"k_pid_pos": [0.43598488926415646, 0.0026758584025278823, 0.008842013121639633], "k_pid_alt": [2.0, 9.05679977157025e-05, 0.001391963652728545], "k_pid_att": [36.52759964718309, 5.492694778248514, 0.5860847652403759], "k_pid_yaw": [0.5, 1e-06, 0.1], "k_pid_hsp": [0.10388115516519951, 0.006366189737783227, 0.0], "k_pid_vsp": [182.24100041690008, 210.40383599707516, 0.5282758691178907]}, "datetime": {"datetime": "2025-08-20 19:19:26", "elapsed": 26820.841505765915, "delta": 17.840031147003174}, "costs": {"total_cost": 171.19367709317908, "time_cost": 74.496, "final_distance_cost": 1.848914146529704, "oscillation_cost": 19.131696298627638, "completition_cost": 0.0, "overshoot_cost": 51.236959235434995, "power_cost": 12.387929199218751, "noise_cost": 12.092178213367996, "n_waypoints_completed": 9, "tot_waypoints": 9}}
{"target": -178.99391924053901, "params": {"k_pid_pos": [0.3976578109403959, 0.0045532484552633775, 0.00980167202017287], "k_pid_alt": [2.0, 0.0001467288209699459, 0.001615855596083211], "k_pid_att": [28.446623926890634, 8.24521680033661, 0.716505930016654], "k_pid_yaw": [0.5, 1e-06, 0.1], "k_pid_hsp": [0.1500605901643111, 0.005259565059734926, 0.0], "k_pid_vsp": [217.80315971596437, 220.85517416151018, 1.22679291839444]}, "datetime": {"datetime": "2025-08-20 19:19:44", "elapsed": 26838.755267620087, "delta": 17.913761854171753}, "costs": {"total_cost": 178.99391924053901, "time_cost": 79.056, "final_distance_cost": 1.8529861348787797, "oscillation_cost": 20.665601825321453, "completition_cost": 0.0, "overshoot_cost": 51.2592848937013, "power_cost": 13.050868505859375, "noise_cost": 13.109177880778105, "n_waypoints_completed": 9, "tot_waypoints": 9}}
{"target": -172.8762777066872, "params": {"k_pid_pos": [0.4681427561704707, 0.0029026378370601395, 0.012828000218563498], "k_pid_alt": [1.1622391978469169, 0.00012898317252395364, 0.0023454737921662747], "k_pid_att": [26.559598497212747, 5.6427282430140275, 0.5466014109276266], "k_pid_yaw": [0.5, 1e-06, 0.1], "k_pid_hsp": [0.12959031985216082, 0.0068447585602680674, 0.0], "k_pid_vsp": [140.90724433924473, 224.3661917866526, 0.7563216337667019]}, "datetime": {"datetime": "2025-08-20 19:20:00", "elapsed": 26855.127923727036, "delta": 16.372656106948853}, "costs": {"total_cost": 172.8762777066872, "time_cost": 74.83200000000001, "final_distance_cost": 1.8431108515128232, "oscillation_cost": 21.00773245447803, "completition_cost": 0.0, "overshoot_cost": 50.6136901629667, "power_cost": 12.458409680175782, "noise_cost": 12.121334557553864, "n_waypoints_completed": 9, "tot_waypoints": 9}}
{"target": -170.21028754865364, "params": {"k_pid_pos": [0.5641321775865574, 0.0038264349473742347, 0.006598824934175928], "k_pid_alt": [2.0, 0.00012969814923341185, 0.0016875598103346593], "k_pid_att": [35.35961048235957, 6.794523581099123, 0.839481950079264], "k_pid_yaw": [0.5, 1e-06, 0.1], "k_pid_hsp": [0.09729462438773884, 0.006888396744146748, 0.0], "k_pid_vsp": [133.31062906961884, 215.63879458600545, 0.8042558611169929]}, "datetime": {"datetime": "2025-08-20 19:20:16", "elapsed": 26871.50411248207, "delta": 16.3761887550354}, "costs": {"total_cost": 170.21028754865364, "time_cost": 71.72, "final_distance_cost": 1.8171957837158503, "oscillation_cost": 21.416045886446238, "completition_cost": 0.0, "overshoot_cost": 51.32991473110305, "power_cost": 12.372519287109375, "noise_cost": 11.554611860279119, "n_waypoints_completed": 9, "tot_waypoints": 9}}
{"target": -170.25282472342147, "params": {"k_pid_pos": [0.47291620107005555, 0.004790177455309539, 0.0106363399688377], "k_pid_alt": [2.0, 0.00013561078422931298, 0.0006076888746483169], "k_pid_att": [37.22870503455013, 6.061628533606499, 0.6050861068008081], "k_pid_yaw": [0.5, 1e-06, 0.1], "k_pid_hsp": [0.09610141543008727, 0.008997463134118287, 0.0], "k_pid_vsp": [174.6341493779378, 205.1975763345434, 0.8252756402229138]}, "datetime": {"datetime": "2025-08-20 19:20:32", "elapsed": 26887.452866077423, "delta": 15.948753595352173}, "costs": {"total_cost": 170.25282472342147, "time_cost": 73.144, "final_distance_cost": 1.8374652728896814, "oscillation_cost": 19.79759330050287, "completition_cost": 0.0, "overshoot_cost": 51.41450335978436, "power_cost": 12.356413403320314, "noise_cost": 11.70284938692425, "n_waypoints_completed": 9, "tot_waypoints": 9}}
{"target": -170.23453711537343, "params": {"k_pid_pos": [0.5951194840610344, 0.004076456846289149, 0.010878796847896624], "k_pid_alt": [2.0, 0.0001397929411987234, 0.0018821200163144328], "k_pid_att": [42.663547325806974, 7.222572166937049, 0.6678372824887521], "k_pid_yaw": [0.5, 1e-06, 0.1], "k_pid_hsp": [0.12468211772839911, 0.006205706789402933, 0.0], "k_pid_vsp": [246.2486876138644, 207.66823377537287, 0.9270675821599138]}, "datetime": {"datetime": "2025-08-20 19:20:49", "elapsed": 26903.796814918518, "delta": 16.34394884109497}, "costs": {"total_cost": 170.23453711537343, "time_cost": 71.312, "final_distance_cost": 1.8193583255401709, "oscillation_cost": 22.833932366815795, "completition_cost": 0.0, "overshoot_cost": 50.68055304411869, "power_cost": 12.134260058593751, "noise_cost": 11.454433320305055, "n_waypoints_completed": 9, "tot_waypoints": 9}}
{"target": -169.6874574559599, "params": {"k_pid_pos": [0.5004727883999444, 0.003107059112201926, 0.008599652298298009], "k_pid_alt": [2.0, 0.00010353777635206954, 0.0024747905655130476], "k_pid_att": [14.551167969888288, 7.392910717203223, 0.7258295552731241], "k_pid_yaw": [0.5, 1e-06, 0.1], "k_pid_hsp": [0.0982367151854211, 0.0052867301044871974, 0.0], "k_pid_vsp": [256.1928939098699, 158.40148696584856, 1.0151903741533397]}, "datetime": {"datetime": "2025-08-20 19:21:06", "elapsed": 26920.628133535385, "delta": 16.831318616867065}, "costs": {"total_cost": 169.6874574559599, "time_cost": 72.64, "final_distance_cost": 1.8240142020627002, "oscillation_cost": 20.327495767264196, "completition_cost": 0.0, "overshoot_cost": 50.94110755538492, "power_cost": 12.24010057373047, "noise_cost": 11.714739357517608, "n_waypoints_completed": 9, "tot_waypoints": 9}}
{"target": -170.25184379755706, "params": {"k_pid_pos": [0.6177635111877596, 0.0031639120618803577, 0.009573351193775994], "k_pid_alt": [1.5569274530022839, 0.00011217028808316021, 0.0014923977259099803], "k_pid_att": [40.58064223766148, 7.433088653914514, 0.5994114752902374], "k_pid_yaw": [0.5, 1e-06, 0.1], "k_pid_hsp": [0.08741645814116605, 0.005399034349514775, 0.0], "k_pid_vsp": [209.84264689839802, 171.14379941165814, 0.8222212145543608]}, "datetime": {"datetime": "2025-08-20 19:21:21", "elapsed": 26936.162412405014, "delta": 15.534278869628906}, "costs": {"total_cost": 170.25184379755706, "time_cost": 71.68, "final_distance_cost": 1.821906798714412, "oscillation_cost": 21.417265129195, "completition_cost": 0.0, "overshoot_cost": 51.3082341474563, "power_cost": 12.454337036132813, "noise_cost": 11.570100686058527, "n_waypoints_completed": 9, "tot_waypoints": 9}}
{"target": -170.27656422836748, "params": {"k_pid_pos": [0.5661225211622217, 0.004887043167691531, 0.01016624475385705], "k_pid_alt": [2.0, 0.00015803558248954735, 0.001637356241772689], "k_pid_att": [33.78674273976314, 6.797687618806745, 0.6219787349799883], "k_pid_yaw": [0.5, 1e-06, 0.1], "k_pid_hsp": [0.09062750223959641, 0.0039561275830301825, 0.0], "k_pid_vsp": [203.51560549940152, 229.74669778048846, 0.9921370169228519]}, "datetime": {"datetime": "2025-08-20 19:21:38", "elapsed": 26952.95620751381, "delta": 16.793795108795166}, "costs": {"total_cost": 170.27656422836748, "time_cost": 72.08800000000001, "final_distance_cost": 1.8088939152885977, "oscillation_cost": 20.59421750460739, "completition_cost": 0.0, "overshoot_cost": 51.59734865605823, "power_cost": 12.51817576904297, "noise_cost": 11.669928383370296, "n_waypoints_completed": 9, "tot_waypoints": 9}}
{"target": -169.84307123443364, "params": {"k_pid_pos": [0.5886160523857061, 0.005192358855789728, 0.00748382934026624], "k_pid_alt": [2.0, 0.00011944422529108069, 0.002018378424990226], "k_pid_att": [44.64296192920323, 6.236381214528861, 0.6782013148422062], "k_pid_yaw": [0.5, 1e-06, 0.1], "k_pid_hsp": [0.10967638278960011, 0.004522311280277664, 0.0], "k_pid_vsp": [211.20278899984336, 233.0008047136132, 0.7628783891856608]}, "datetime": {"datetime": "2025-08-20 19:21:53", "elapsed": 26968.25248169899, "delta": 15.296274185180664}, "costs": {"total_cost": 169.84307123443364, "time_cost": 71.424, "final_distance_cost": 1.8228726091360354, "oscillation_cost": 22.276225109944505, "completition_cost": 0.0, "overshoot_cost": 50.98982159050852, "power_cost": 11.929496191406251, "noise_cost": 11.4006557334383, "n_waypoints_completed": 9, "tot_waypoints": 9}}
{"target": -168.78512984525003, "params": {"k_pid_pos": [0.5806783989170797, 0.0036348871463863417, 0.00829157221151317], "k_pid_alt": [2.0, 7.770974881718118e-05, 0.001219952053978672], "k_pid_att": [24.60276801422799, 8.028441420218863, 0.743106808169879], "k_pid_yaw": [0.5, 1e-06, 0.1], "k_pid_hsp": [0.09332991806261393, 0.006373607328891351, 0.0], "k_pid_vsp": [275.767077226973, 180.3661863484118, 1.1722405668695097]}, "datetime": {"datetime": "2025-08-20 19:22:10", "elapsed": 26984.937242031097, "delta": 16.684760332107544}, "costs": {"total_cost": 168.78512984525003, "time_cost": 71.70400000000001, "final_distance_cost": 1.8029879737022654, "oscillation_cost": 21.14372935434687, "completition_cost": 0.0, "overshoot_cost": 50.993938624141194, "power_cost": 11.808063317871094, "noise_cost": 11.332410575188558, "n_waypoints_completed": 9, "tot_waypoints": 9}}
{"target": -170.24190094875067, "params": {"k_pid_pos": [0.5798362907947646, 0.004161476740307608, 0.00750375990536225], "k_pid_alt": [1.549604614137035, 9.843417857738922e-05, 0.002844308787881267], "k_pid_att": [30.6089954330227, 6.433581939138217, 0.7506275655636911], "k_pid_yaw": [0.5, 1e-06, 0.1], "k_pid_hsp": [0.11502684256300284, 0.007580691130404178, 0.0], "k_pid_vsp": [224.58882388375727, 182.98506988051864, 0.8506591102975074]}, "datetime": {"datetime": "2025-08-20 19:22:26", "elapsed": 27001.11645436287, "delta": 16.17921233177185}, "costs": {"total_cost": 170.24190094875067, "time_cost": 71.264, "final_distance_cost": 1.8175935836688337, "oscillation_cost": 22.2814159053937, "completition_cost": 0.0, "overshoot_cost": 50.57181669428281, "power_cost": 12.647065466308595, "noise_cost": 11.660009299096734, "n_waypoints_completed": 9, "tot_waypoints": 9}}
