{"target": -170.73410205325683, "params": {"k_pid_pos": [0.7025010092912608, 0.0016939510244378551, 0.006318508993967763], "k_pid_alt": [2.0, 0.00015812366968003972, 0.0], "k_pid_att": [29.272799383506865, 9.993671847784796, 0.509546198270334], "k_pid_yaw": [0.5, 1e-06, 0.1], "k_pid_hsp": [0.16806685145387143, 0.003653409661574314, 0.0], "k_pid_vsp": [278.59330791355154, 151.81503237401597, 0.8011682548680104]}, "datetime": {"datetime": "2025-08-20 16:40:24", "elapsed": 17279.18457555771, "delta": 15.802200317382812}, "costs": {"total_cost": 170.73410205325683, "time_cost": 70.672, "final_distance_cost": 1.8338108638363988, "oscillation_cost": 24.45118048546928, "completition_cost": 0.0, "overshoot_cost": 50.628446412348744, "power_cost": 11.882868994140626, "noise_cost": 11.265795297461771, "n_waypoints_completed": 9, "tot_waypoints": 9}}
{"target": -532.4436754496456, "params": {"k_pid_pos": [0.7091357673299762, 0.0026001524027549103, 0.007778117839034887], "k_pid_alt": [2.0, 0.00017232627122687767, 0.0], "k_pid_att": [31.6966187731083, 10.0, 0.39503997003095376], "k_pid_yaw": [0.5, 1e-06, 0.1], "k_pid_hsp": [0.03556262500033505, 0.00588075081258093, 0.0], "k_pid_vsp": [400.0, 189.19485969519496, 0.29649186122289806]}, "datetime": {"datetime": "2025-08-20 16:40:47", "elapsed": 17301.549523830414, "delta": 22.364948272705078}, "costs": {"total_cost": 532.4436754496456, "time_cost": 150, "final_distance_cost": 68.85862492050451, "oscillation_cost": 15.484820370857923, "completition_cost": 222.2222222222222, "overshoot_cost": 47.780265641373255, "power_cost": 14.608304785156252, "noise_cost": 13.489437509531475, "n_waypoints_completed": 7, "tot_waypoints": 9}}
{"target": -170.3980217502657, "params": {"k_pid_pos": [0.4711011722912282, 0.004839284563153176, 0.010856147517951486], "k_pid_alt": [2.0, 0.0001454640257004849, 0.023184421715539135], "k_pid_att": [23.00839108585372, 10.0, 0.035328839321768446], "k_pid_yaw": [0.5, 1e-06, 0.1], "k_pid_hsp": [0.09589477418277041, 0.004674801527928748, 0.0], "k_pid_vsp": [209.90368482435892, 239.69592655615736, 0.5159685752667872]}, "datetime": {"datetime": "2025-08-20 16:41:03", "elapsed": 17318.03399372101, "delta": 16.484469890594482}, "costs": {"total_cost": 170.3980217502657, "time_cost": 73.232, "final_distance_cost": 1.823599563083987, "oscillation_cost": 19.88444602162867, "completition_cost": 0.0, "overshoot_cost": 51.209089998752674, "power_cost": 12.347202355957032, "noise_cost": 11.901683810843325, "n_waypoints_completed": 9, "tot_waypoints": 9}}
{"target": -183.74575729722048, "params": {"k_pid_pos": [0.404509673251027, 0.003673054775506298, 0.00412716200302111], "k_pid_alt": [2.0, 9.416510258307554e-05, 0.028921182806231807], "k_pid_att": [60.77752082101869, 10.0, 0.5243676812279684], "k_pid_yaw": [0.5, 1e-06, 0.1], "k_pid_hsp": [0.1877204547358784, 0.007754036707722511, 0.0], "k_pid_vsp": [324.67808334841715, 82.87080559543598, 0.5776558467629774]}, "datetime": {"datetime": "2025-08-20 16:41:21", "elapsed": 17335.937275648117, "delta": 17.903281927108765}, "costs": {"total_cost": 183.74575729722048, "time_cost": 80.744, "final_distance_cost": 1.8558472048924743, "oscillation_cost": 22.02728308774181, "completition_cost": 0.0, "overshoot_cost": 52.13532166233257, "power_cost": 13.36665947265625, "noise_cost": 13.616645869597397, "n_waypoints_completed": 9, "tot_waypoints": 9}}
{"target": -178.27866107032068, "params": {"k_pid_pos": [0.36589465229326623, 0.0009518422345033056, 0.010862857847385854], "k_pid_alt": [1.2909937202089132, 0.00010172104425926118, 0.02364607322955987], "k_pid_att": [6.659623093563481, 10.0, 0.899334405765206], "k_pid_yaw": [0.5, 1e-06, 0.1], "k_pid_hsp": [0.11644609117892925, 0.0034937108406909094, 0.0], "k_pid_vsp": [400.0, 117.66063245087598, 0.5102542158011122]}, "datetime": {"datetime": "2025-08-20 16:41:38", "elapsed": 17353.410096406937, "delta": 17.47282075881958}, "costs": {"total_cost": 178.27866107032068, "time_cost": 80.21600000000001, "final_distance_cost": 1.857659530933057, "oscillation_cost": 19.09718111984032, "completition_cost": 0.0, "overshoot_cost": 51.17183832901908, "power_cost": 12.681394702148438, "noise_cost": 13.254587388379743, "n_waypoints_completed": 9, "tot_waypoints": 9}}
{"target": -170.84409212799892, "params": {"k_pid_pos": [0.6188510583864661, 0.0028242333163414238, 0.009160026878236444], "k_pid_alt": [1.1883156600314684, 0.00011290817188923823, 0.020495312690012927], "k_pid_att": [34.49653981698837, 9.895371949761243, 0.5648271093846837], "k_pid_yaw": [0.5, 1e-06, 0.1], "k_pid_hsp": [0.10845759660003086, 0.004464706178224769, 0.0], "k_pid_vsp": [350.2597527497607, 58.5473504060271, 0.5090148245194804]}, "datetime": {"datetime": "2025-08-20 16:41:54", "elapsed": 17369.272792577744, "delta": 15.862696170806885}, "costs": {"total_cost": 170.84409212799892, "time_cost": 71.992, "final_distance_cost": 1.8282575603372158, "oscillation_cost": 22.551116293530146, "completition_cost": 0.0, "overshoot_cost": 51.60404417436955, "power_cost": 11.63664091796875, "noise_cost": 11.232033181793266, "n_waypoints_completed": 9, "tot_waypoints": 9}}
{"target": -172.52748696658156, "params": {"k_pid_pos": [0.9465589722164021, 0.0014491115717393521, 0.003225453574647421], "k_pid_alt": [2.0, 0.00014328537409417192, 0.0], "k_pid_att": [25.274625864072874, 10.0, 0.3477597727876174], "k_pid_yaw": [0.5, 1e-06, 0.1], "k_pid_hsp": [0.10361863952530524, 0.006308043489266853, 0.0], "k_pid_vsp": [400.0, 135.79402107457787, 0.4086888970649962]}, "datetime": {"datetime": "2025-08-20 16:42:10", "elapsed": 17385.353531360626, "delta": 16.08073878288269}, "costs": {"total_cost": 172.52748696658156, "time_cost": 70.0, "final_distance_cost": 1.793020354827213, "oscillation_cost": 27.3711131020471, "completition_cost": 0.0, "overshoot_cost": 50.47117824568336, "power_cost": 11.879604187011719, "noise_cost": 11.012571077012174, "n_waypoints_completed": 9, "tot_waypoints": 9}}
{"target": -173.02007627950775, "params": {"k_pid_pos": [0.4126853439494762, 0.0009008382747380295, 0.01697944555614678], "k_pid_alt": [1.3829770722276382, 0.00015523506262844536, 0.0], "k_pid_att": [52.00819348176724, 10.0, 0.6672040371610405], "k_pid_yaw": [0.5, 1e-06, 0.1], "k_pid_hsp": [0.10211845984033735, 0.005480277225419355, 0.0], "k_pid_vsp": [273.3926366572884, 114.83371125464343, 0.15066479039646033]}, "datetime": {"datetime": "2025-08-20 16:42:27", "elapsed": 17402.470984697342, "delta": 17.1174533367157}, "costs": {"total_cost": 173.02007627950775, "time_cost": 75.96000000000001, "final_distance_cost": 1.8470798102135022, "oscillation_cost": 18.08069775167609, "completition_cost": 0.0, "overshoot_cost": 52.22560367526051, "power_cost": 12.46868114013672, "noise_cost": 12.438013902220908, "n_waypoints_completed": 9, "tot_waypoints": 9}}
{"target": -1256.6743853770515, "params": {"k_pid_pos": [0.0001, 0.003248668455273177, 0.0], "k_pid_alt": [0.7908163460367265, 0.00016562577714565046, 0.008617542157376442], "k_pid_att": [43.57478690862458, 10.0, 0.0], "k_pid_yaw": [0.5, 1e-06, 0.1], "k_pid_hsp": [0.12331540697839834, 0.008343806942834502, 0.0], "k_pid_vsp": [299.8719094357109, 154.5335246743141, 0.7727595395123452]}, "datetime": {"datetime": "2025-08-20 16:42:50", "elapsed": 17424.755439519882, "delta": 22.284454822540283}, "costs": {"total_cost": 1256.6743853770515, "time_cost": 150, "final_distance_cost": 45.501061375134, "oscillation_cost": 10.362996921426504, "completition_cost": 1000.0, "overshoot_cost": 25.108727095844483, "power_cost": 12.772733142089844, "noise_cost": 12.928866842556815, "n_waypoints_completed": 0, "tot_waypoints": 9}}
{"target": -174.42546034632173, "params": {"k_pid_pos": [0.7762717897296086, 0.003002849436803453, 0.006727844210208879], "k_pid_alt": [1.7155444802046613, 0.00016938963103452684, 0.020821653319925637], "k_pid_att": [17.022037235136334, 10.0, 0.8355257711706335], "k_pid_yaw": [0.5, 1e-06, 0.1], "k_pid_hsp": [0.07347401417150982, 0.0032514623530798645, 0.0], "k_pid_vsp": [293.92901803023324, 172.84063150138238, 0.8800113107347798]}, "datetime": {"datetime": "2025-08-20 16:43:06", "elapsed": 17441.055992364883, "delta": 16.30055284500122}, "costs": {"total_cost": 174.42546034632173, "time_cost": 73.376, "final_distance_cost": 1.7545015561506427, "oscillation_cost": 23.38469730580369, "completition_cost": 0.0, "overshoot_cost": 51.72540220622401, "power_cost": 12.542787646484376, "noise_cost": 11.642071631659006, "n_waypoints_completed": 9, "tot_waypoints": 9}}
{"target": -175.766863072391, "params": {"k_pid_pos": [1.0025465394636865, 0.003711320944619879, 0.0010709783892350708], "k_pid_alt": [1.4269370490414819, 0.00019398295609094368, 0.001836540807928659], "k_pid_att": [30.6360439619874, 10.0, 0.6854130572385135], "k_pid_yaw": [0.5, 1e-06, 0.1], "k_pid_hsp": [0.09094707537036972, 0.002793017542756611, 0.0], "k_pid_vsp": [352.89561908594277, 146.82593237040047, 0.2974273558995611]}, "datetime": {"datetime": "2025-08-20 16:43:22", "elapsed": 17457.02369403839, "delta": 15.96770167350769}, "costs": {"total_cost": 175.766863072391, "time_cost": 72.184, "final_distance_cost": 1.7727097791376065, "oscillation_cost": 26.977936057288602, "completition_cost": 0.0, "overshoot_cost": 51.26166807123864, "power_cost": 12.18280419921875, "noise_cost": 11.387744965507421, "n_waypoints_completed": 9, "tot_waypoints": 9}}
{"target": -170.9094854034288, "params": {"k_pid_pos": [0.8295440144423688, 0.003073567368105892, 0.01545347413207189], "k_pid_alt": [1.231317190021864, 0.00022916304457002766, 0.004464914892740131], "k_pid_att": [40.73576798699786, 10.0, 0.34495941198304614], "k_pid_yaw": [0.5, 1e-06, 0.1], "k_pid_hsp": [0.11263716105155369, 0.010479430527160882, 0.0], "k_pid_vsp": [283.9610585577194, 180.26968007120058, 0.41527000506556416]}, "datetime": {"datetime": "2025-08-20 16:43:38", "elapsed": 17472.84109568596, "delta": 15.817401647567749}, "costs": {"total_cost": 170.9094854034288, "time_cost": 70.184, "final_distance_cost": 1.8144041961080037, "oscillation_cost": 26.324941569789637, "completition_cost": 0.0, "overshoot_cost": 49.83820287525346, "power_cost": 11.663872253417969, "noise_cost": 11.084064508859724, "n_waypoints_completed": 9, "tot_waypoints": 9}}
{"target": -168.83340317227083, "params": {"k_pid_pos": [0.6018092732189069, 0.0032157639374284573, 0.011818578631667414], "k_pid_alt": [1.6928383446629427, 0.00014565785606483503, 0.0004029888488027011], "k_pid_att": [43.81848225435967, 9.914258611568647, 0.7820888444567823], "k_pid_yaw": [0.5, 1e-06, 0.1], "k_pid_hsp": [0.1087417175669582, 0.006900930761962199, 0.0], "k_pid_vsp": [310.7117624911348, 168.07902683567917, 0.6281919266253057]}, "datetime": {"datetime": "2025-08-20 16:43:53", "elapsed": 17488.47503709793, "delta": 15.633941411972046}, "costs": {"total_cost": 168.83340317227083, "time_cost": 71.184, "final_distance_cost": 1.827685328856235, "oscillation_cost": 22.211661953322544, "completition_cost": 0.0, "overshoot_cost": 50.669542714461535, "power_cost": 11.692129016113281, "noise_cost": 11.24838415951724, "n_waypoints_completed": 9, "tot_waypoints": 9}}
{"target": -173.11018529263077, "params": {"k_pid_pos": [0.46510203584037013, 0.0026937100369165998, 0.010956937864299944], "k_pid_alt": [2.0, 0.000142606708528484, 0.0], "k_pid_att": [14.713791759167217, 10.0, 0.4910246686635061], "k_pid_yaw": [0.5, 1e-06, 0.1], "k_pid_hsp": [0.12554865017450095, 0.006477422755904162, 0.0], "k_pid_vsp": [400.0, 184.64085612761008, 0.652219262822847]}, "datetime": {"datetime": "2025-08-20 16:44:11", "elapsed": 17506.476130008698, "delta": 18.0010929107666}, "costs": {"total_cost": 173.11018529263077, "time_cost": 74.184, "final_distance_cost": 1.841755525839911, "oscillation_cost": 21.601633887370678, "completition_cost": 0.0, "overshoot_cost": 50.79716978719342, "power_cost": 12.438461865234375, "noise_cost": 12.247164226992368, "n_waypoints_completed": 9, "tot_waypoints": 9}}
{"target": -840.9215949827664, "params": {"k_pid_pos": [0.1257956394130361, 0.005059497858668253, 0.014569110476075278], "k_pid_alt": [1.6472813004457407, 0.00010796129382125481, 0.03902947855253182], "k_pid_att": [28.971125734943012, 10.0, 0.5520238391479114], "k_pid_yaw": [0.5, 1e-06, 0.1], "k_pid_hsp": [0.06842108278337203, 0.005010826814081044, 0.0], "k_pid_vsp": [400.0, 91.22654766042815, 0.5509933440160412]}, "datetime": {"datetime": "2025-08-20 16:44:38", "elapsed": 17533.060809850693, "delta": 26.58467984199524}, "costs": {"total_cost": 840.9215949827664, "time_cost": 150, "final_distance_cost": 51.54404009726733, "oscillation_cost": 5.4658731756536545, "completition_cost": 555.5555555555555, "overshoot_cost": 50.09341869644624, "power_cost": 14.739888586425781, "noise_cost": 13.522818871417826, "n_waypoints_completed": 4, "tot_waypoints": 9}}
{"target": -169.40632826270007, "params": {"k_pid_pos": [0.6535562010878073, 0.0059095373775846045, 0.013138753559244874], "k_pid_alt": [1.4523255356752178, 0.00010420671915150439, 0.02573601680212101], "k_pid_att": [46.887655029613875, 10.0, 0.8559938959349749], "k_pid_yaw": [0.5, 1e-06, 0.1], "k_pid_hsp": [0.11816796142167525, 0.00632205413208194, 0.0], "k_pid_vsp": [270.96538301819857, 158.88451618193707, 0.535487875670711]}, "datetime": {"datetime": "2025-08-20 16:44:55", "elapsed": 17550.27532529831, "delta": 17.214515447616577}, "costs": {"total_cost": 169.40632826270007, "time_cost": 70.728, "final_distance_cost": 1.8060990942072528, "oscillation_cost": 23.6481706883878, "completition_cost": 0.0, "overshoot_cost": 50.78140384144865, "power_cost": 11.417342004394532, "noise_cost": 11.025312634261848, "n_waypoints_completed": 9, "tot_waypoints": 9}}
{"target": -171.65479205449364, "params": {"k_pid_pos": [0.5805053828543151, 0.003505720969411732, 0.009119714345776178], "k_pid_alt": [1.064171832705929, 6.402652438807374e-05, 0.002554652456209537], "k_pid_att": [23.665651127521482, 7.698879831609297, 0.13915497373775199], "k_pid_yaw": [0.5, 1e-06, 0.1], "k_pid_hsp": [0.12211111612063652, 0.004229290114330057, 0.0], "k_pid_vsp": [400.0, 150.3597092096285, 0.5494867414035477]}, "datetime": {"datetime": "2025-08-20 16:45:11", "elapsed": 17566.279151916504, "delta": 16.00382661819458}, "costs": {"total_cost": 171.65479205449364, "time_cost": 72.296, "final_distance_cost": 1.824737841099162, "oscillation_cost": 22.949389871802993, "completition_cost": 0.0, "overshoot_cost": 50.76071403880031, "power_cost": 12.10577576904297, "noise_cost": 11.718174533748204, "n_waypoints_completed": 9, "tot_waypoints": 9}}
{"target": -172.03699828025455, "params": {"k_pid_pos": [0.7377218218883176, 0.0032401935340244255, 0.016143849950095903], "k_pid_alt": [1.792478957131206, 0.00020420277048623374, 0.016543309617668516], "k_pid_att": [30.10070540289043, 10.0, 0.5728475857179945], "k_pid_yaw": [0.5, 1e-06, 0.1], "k_pid_hsp": [0.08089894486100192, 0.008437009215240503, 0.0], "k_pid_vsp": [164.21374038917162, 137.00325155191254, 0.6974016617239415]}, "datetime": {"datetime": "2025-08-20 16:45:27", "elapsed": 17582.384690999985, "delta": 16.105539083480835}, "costs": {"total_cost": 172.03699828025455, "time_cost": 71.92, "final_distance_cost": 1.8042867929872441, "oscillation_cost": 23.764405769347807, "completition_cost": 0.0, "overshoot_cost": 51.0105405097895, "power_cost": 12.245611669921876, "noise_cost": 11.292153538208101, "n_waypoints_completed": 9, "tot_waypoints": 9}}
{"target": -169.6498098036359, "params": {"k_pid_pos": [0.558752820515884, 0.001188875829429212, 0.016169538362052576], "k_pid_alt": [1.9382550421981009, 0.0001895445537590856, 0.007304676029670172], "k_pid_att": [57.864369454705205, 5.278438040681775, 0.4922785350312644], "k_pid_yaw": [0.5, 1e-06, 0.1], "k_pid_hsp": [0.10884090926784185, 0.004672345932720268, 0.0], "k_pid_vsp": [358.6736971689589, 135.54207123802453, 0.5665368017727344]}, "datetime": {"datetime": "2025-08-20 16:45:44", "elapsed": 17598.547299861908, "delta": 16.162608861923218}, "costs": {"total_cost": 169.6498098036359, "time_cost": 72.04, "final_distance_cost": 1.8364906912912151, "oscillation_cost": 21.016785087007747, "completition_cost": 0.0, "overshoot_cost": 51.11016331833419, "power_cost": 12.033681323242188, "noise_cost": 11.612689383760571, "n_waypoints_completed": 9, "tot_waypoints": 9}}
{"target": -170.97239733703734, "params": {"k_pid_pos": [0.7532525363919506, 0.0013379637102597253, 0.0], "k_pid_alt": [1.3631586563574734, 6.354120648308353e-05, 0.0], "k_pid_att": [35.71632105552615, 7.591258529539695, 0.570650574477613], "k_pid_yaw": [0.5, 1e-06, 0.1], "k_pid_hsp": [0.18178471527987247, 0.006771141274400874, 0.0], "k_pid_vsp": [394.40124350971945, 192.18683946193474, 0.7051355787286221]}, "datetime": {"datetime": "2025-08-20 16:45:59", "elapsed": 17613.94810628891, "delta": 15.400806427001953}, "costs": {"total_cost": 170.97239733703734, "time_cost": 69.952, "final_distance_cost": 1.8267288437005758, "oscillation_cost": 25.826707997257856, "completition_cost": 0.0, "overshoot_cost": 50.18036879614182, "power_cost": 11.845605932617188, "noise_cost": 11.340985767319903, "n_waypoints_completed": 9, "tot_waypoints": 9}}
{"target": -952.120625082731, "params": {"k_pid_pos": [0.12396376136851517, 4.540938719475125e-05, 0.012724148367558029], "k_pid_alt": [1.8596702225741322, 9.485117572264111e-05, 0.0], "k_pid_att": [41.76781528720074, 10.0, 0.5271249761675453], "k_pid_yaw": [0.5, 1e-06, 0.1], "k_pid_hsp": [0.11645221899257858, 0.00801718923594204, 0.0], "k_pid_vsp": [386.7300848353484, 137.16636450636312, 0.27915227937217607]}, "datetime": {"datetime": "2025-08-20 16:46:21", "elapsed": 17636.425174236298, "delta": 22.477067947387695}, "costs": {"total_cost": 952.120625082731, "time_cost": 150, "final_distance_cost": 53.0869220287417, "oscillation_cost": 4.815589455254702, "completition_cost": 666.6666666666667, "overshoot_cost": 47.69309512882389, "power_cost": 15.916225708007813, "noise_cost": 13.942126095236224, "n_waypoints_completed": 3, "tot_waypoints": 9}}
{"target": -169.70548509733524, "params": {"k_pid_pos": [0.7316180437471672, 0.002861761896488424, 0.008759544545234234], "k_pid_alt": [1.8186886448951485, 0.00017267858332967645, 0.01595026840180269], "k_pid_att": [34.030301616127296, 10.0, 0.4315407018406951], "k_pid_yaw": [0.5, 1e-06, 0.1], "k_pid_hsp": [0.13506503479291682, 0.009568817400464655, 0.0], "k_pid_vsp": [296.10583398477985, 133.54022146099797, 0.44322397351050413]}, "datetime": {"datetime": "2025-08-20 16:46:37", "elapsed": 17652.1999065876, "delta": 15.7747323513031}, "costs": {"total_cost": 169.70548509733524, "time_cost": 70.12, "final_distance_cost": 1.828976150212379, "oscillation_cost": 24.81663439746424, "completition_cost": 0.0, "overshoot_cost": 50.300706325140574, "power_cost": 11.530275500488282, "noise_cost": 11.10889272402976, "n_waypoints_completed": 9, "tot_waypoints": 9}}
{"target": -172.1933073392628, "params": {"k_pid_pos": [0.4763513474949142, 0.0026914121976491633, 0.006853395605683963], "k_pid_alt": [1.0380834668913528, 0.00025071153294255487, 0.026656663374232902], "k_pid_att": [30.88892240225005, 10.0, 0.4934753299412546], "k_pid_yaw": [0.5, 1e-06, 0.1], "k_pid_hsp": [0.07097756489668285, 0.00917676849051502, 0.0], "k_pid_vsp": [400.0, 195.22217135816496, 0.40497048274352127]}, "datetime": {"datetime": "2025-08-20 16:46:55", "elapsed": 17670.284242630005, "delta": 18.084336042404175}, "costs": {"total_cost": 172.1933073392628, "time_cost": 75.83200000000001, "final_distance_cost": 1.8068340379798287, "oscillation_cost": 18.55357088415523, "completition_cost": 0.0, "overshoot_cost": 51.75131237480322, "power_cost": 12.373360473632813, "noise_cost": 11.876229568691679, "n_waypoints_completed": 9, "tot_waypoints": 9}}
{"target": -172.50137205237587, "params": {"k_pid_pos": [0.8764069357214939, 0.0015396383492787581, 0.009096488161387575], "k_pid_alt": [1.2176152726054774, 0.0001572746730950598, 0.017381525163443972], "k_pid_att": [33.60566409604304, 8.669365981256682, 0.8084279174775834], "k_pid_yaw": [0.5, 1e-06, 0.1], "k_pid_hsp": [0.09372011251123391, 0.009714444599903277, 0.0], "k_pid_vsp": [294.898750448215, 172.16152724928676, 0.5909663032143754]}, "datetime": {"datetime": "2025-08-20 16:47:11", "elapsed": 17686.03476500511, "delta": 15.750522375106812}, "costs": {"total_cost": 172.50137205237587, "time_cost": 71.48, "final_distance_cost": 1.7674705289690238, "oscillation_cost": 26.377441088488915, "completition_cost": 0.0, "overshoot_cost": 49.94698515296226, "power_cost": 11.835965979003907, "noise_cost": 11.09350930295176, "n_waypoints_completed": 9, "tot_waypoints": 9}}
{"target": -172.5427852346388, "params": {"k_pid_pos": [0.9232946262084191, 0.0047273851717093045, 0.009460173998438372], "k_pid_alt": [2.0, 0.00015066575295723041, 0.0], "k_pid_att": [29.853541805308993, 9.432454532666762, 0.31264107260136226], "k_pid_yaw": [0.5, 1e-06, 0.1], "k_pid_hsp": [0.10608250120911167, 0.007112536594021294, 0.0], "k_pid_vsp": [377.0829120648472, 122.83860084795754, 0.4681170128783507]}, "datetime": {"datetime": "2025-08-20 16:47:27", "elapsed": 17701.66901922226, "delta": 15.634254217147827}, "costs": {"total_cost": 172.5427852346388, "time_cost": 70.032, "final_distance_cost": 1.7684172483629839, "oscillation_cost": 27.063774510771005, "completition_cost": 0.0, "overshoot_cost": 50.574150778831445, "power_cost": 12.054844836425781, "noise_cost": 11.049597860247626, "n_waypoints_completed": 9, "tot_waypoints": 9}}
