{"target": -191.2132641131431, "params": {"k_pid_pos": [2.0, 0.13123902150214325, 0.9185961583734451], "k_pid_alt": [1.3861022327132997, 0.004066203831743959, 0.2907925222450696], "k_pid_att": [53.424367765706656, 2.6234390667106453, 1.0], "k_pid_yaw": [0.5, 1e-06, 0.1], "k_pid_hsp": [2.4120627037387137, 0.2853550268240517, 0.0], "k_pid_vsp": [400.0, 265.5636730131682, 48.30835275594644]}, "datetime": {"datetime": "2025-08-20 12:59:07", "elapsed": 4002.1570909023285, "delta": 16.414102792739868}, "costs": {"total_cost": 191.2132641131431, "time_cost": 68.904, "final_distance_cost": 1.8431772132483983, "oscillation_cost": 39.100762667138646, "completition_cost": 0.0, "overshoot_cost": 49.0956180340298, "power_cost": 18.55789580078125, "noise_cost": 13.711810397945035, "n_waypoints_completed": 9, "tot_waypoints": 9}}
{"target": -1210.5375432916567, "params": {"k_pid_pos": [0.0001, 0.016721389666696024, 1.0], "k_pid_alt": [1.533837903541328, 0.0, 0.0], "k_pid_att": [22.511733659877468, 3.8063807930731026, 1.0], "k_pid_yaw": [0.5, 1e-06, 0.1], "k_pid_hsp": [4.617672573787641, 0.1122084610308769, 0.0], "k_pid_vsp": [288.2946295589645, 400.0, 37.341080063581764]}, "datetime": {"datetime": "2025-08-20 12:59:29", "elapsed": 4023.581510782242, "delta": 21.42441987991333}, "costs": {"total_cost": 1210.5375432916567, "time_cost": 150, "final_distance_cost": 45.181909430270935, "oscillation_cost": 27.569838996167075, "completition_cost": 888.8888888888888, "overshoot_cost": 39.00096841682833, "power_cost": 36.37138399658203, "noise_cost": 23.524553562919756, "n_waypoints_completed": 1, "tot_waypoints": 9}}
{"target": -206.4835749204491, "params": {"k_pid_pos": [1.0594940009852791, 0.30443868521361866, 0.7944652867836833], "k_pid_alt": [2.0, 0.0, 0.9198243424279453], "k_pid_att": [57.85761806038666, 3.990413876152253, 0.5061798194096421], "k_pid_yaw": [0.5, 1e-06, 0.1], "k_pid_hsp": [3.306160743203461, 0.029132403511543576, 0.0], "k_pid_vsp": [350.98386861860854, 292.2607901919276, 49.14760290633907]}, "datetime": {"datetime": "2025-08-20 12:59:45", "elapsed": 4039.9903795719147, "delta": 16.40886878967285}, "costs": {"total_cost": 206.4835749204491, "time_cost": 76.608, "final_distance_cost": 1.8365111882897558, "oscillation_cost": 44.307589702023854, "completition_cost": 0.0, "overshoot_cost": 50.6466090225091, "power_cost": 18.915299792480468, "noise_cost": 14.169565215145894, "n_waypoints_completed": 9, "tot_waypoints": 9}}
{"target": -178.13237166723965, "params": {"k_pid_pos": [2.0, 0.019555497979008185, 0.9605459607811251], "k_pid_alt": [1.4186819965759192, 0.0, 0.6287025944458685], "k_pid_att": [34.59522646151215, 1.6227786092498981, 0.853692270028055], "k_pid_yaw": [0.5, 1e-06, 0.1], "k_pid_hsp": [1.116637081061081, 0.0, 0.0], "k_pid_vsp": [400.0, 84.70215132657954, 12.770711341892389]}, "datetime": {"datetime": "2025-08-20 13:00:00", "elapsed": 4055.2759580612183, "delta": 15.285578489303589}, "costs": {"total_cost": 178.13237166723965, "time_cost": 70.88, "final_distance_cost": 1.8374832837134258, "oscillation_cost": 36.754614158671586, "completition_cost": 0.0, "overshoot_cost": 50.60862476448841, "power_cost": 9.405965075683595, "noise_cost": 8.64568438468264, "n_waypoints_completed": 9, "tot_waypoints": 9}}
{"target": -1394.8464029438169, "params": {"k_pid_pos": [2.0, 0.3606927021640993, 0.7103389198632762], "k_pid_alt": [0.0, 0.013642880182100081, 0.8120469599556959], "k_pid_att": [88.47788914960593, 1.7127000411104418, 0.8613509302104457], "k_pid_yaw": [0.5, 1e-06, 0.1], "k_pid_hsp": [0.0001, 0.33152152936450774, 0.0], "k_pid_vsp": [258.7471225040393, 342.49027918836765, 28.475148456228073]}, "datetime": {"datetime": "2025-08-20 13:00:22", "elapsed": 4076.965764760971, "delta": 21.689806699752808}, "costs": {"total_cost": 1394.8464029438169, "time_cost": 150, "final_distance_cost": 32.97197777854611, "oscillation_cost": 78.84181820313886, "completition_cost": 1000.0, "overshoot_cost": 87.67147992787378, "power_cost": 22.97622861328125, "noise_cost": 22.384898420976796, "n_waypoints_completed": 0, "tot_waypoints": 9}}
{"target": -235.35376386293711, "params": {"k_pid_pos": [0.6276269107181192, 0.16555858151260097, 1.0], "k_pid_alt": [0.6702542506025676, 0.0007801407962617994, 0.1995856221572853], "k_pid_att": [41.73492504890017, 2.7557796110057478, 0.8994043907175678], "k_pid_yaw": [0.5, 1e-06, 0.1], "k_pid_hsp": [3.8732895664251736, 0.3411252024612051, 0.0], "k_pid_vsp": [180.06360004222844, 400.0, 56.87878703931537]}, "datetime": {"datetime": "2025-08-20 13:00:43", "elapsed": 4097.837098360062, "delta": 20.871333599090576}, "costs": {"total_cost": 235.35376386293711, "time_cost": 96.48, "final_distance_cost": 1.8526275622496478, "oscillation_cost": 45.85735571694221, "completition_cost": 0.0, "overshoot_cost": 53.514125720248835, "power_cost": 20.162778344726565, "noise_cost": 17.486876518769833, "n_waypoints_completed": 9, "tot_waypoints": 9}}
{"target": -223.74637729305675, "params": {"k_pid_pos": [2.0, 0.040901583257352374, 0.0], "k_pid_alt": [1.5115800711854164, 0.0, 0.7682767012497501], "k_pid_att": [90.00780195801015, 4.455403067462187, 0.28286500649352314], "k_pid_yaw": [0.5, 1e-06, 0.1], "k_pid_hsp": [9.289187153305235, 0.12425282391052565, 0.0], "k_pid_vsp": [222.63861720566658, 398.8265368661079, 45.62616572084153]}, "datetime": {"datetime": "2025-08-20 13:00:58", "elapsed": 4113.21343255043, "delta": 15.376334190368652}, "costs": {"total_cost": 223.74637729305675, "time_cost": 70.512, "final_distance_cost": 1.7397408575900988, "oscillation_cost": 78.9702614088855, "completition_cost": 0.0, "overshoot_cost": 50.32469354283977, "power_cost": 11.948330578613282, "noise_cost": 10.251350905128087, "n_waypoints_completed": 9, "tot_waypoints": 9}}
{"target": -233.27166244010473, "params": {"k_pid_pos": [1.2413384447970417, 0.11741757193584328, 0.7384893935153748], "k_pid_alt": [1.802756848204744, 0.0, 0.4662198130318879], "k_pid_att": [69.17533097639568, 2.43764310325223, 1.0], "k_pid_yaw": [0.5, 1e-06, 0.1], "k_pid_hsp": [1.2299860287664492, 0.42249802133751363, 0.0], "k_pid_vsp": [0.0, 400.0, 1e-06]}, "datetime": {"datetime": "2025-08-20 13:01:16", "elapsed": 4131.013091802597, "delta": 17.799659252166748}, "costs": {"total_cost": 233.27166244010473, "time_cost": 81.24, "final_distance_cost": 1.791002921208083, "oscillation_cost": 68.67463398934929, "completition_cost": 0.0, "overshoot_cost": 53.55292572187769, "power_cost": 16.308815661621093, "noise_cost": 11.704284146048582, "n_waypoints_completed": 9, "tot_waypoints": 9}}
{"target": -191.19455742828154, "params": {"k_pid_pos": [2.0, 0.26096350443314403, 0.7070060400374315], "k_pid_alt": [1.0352777934515942, 0.0, 1.0], "k_pid_att": [33.36156337040575, 3.116624932039171, 0.7622443258082319], "k_pid_yaw": [0.5, 1e-06, 0.1], "k_pid_hsp": [2.243081411740071, 0.08050941646995165, 0.0], "k_pid_vsp": [161.55560832235707, 274.4342886655217, 1e-06]}, "datetime": {"datetime": "2025-08-20 13:01:33", "elapsed": 4147.725616931915, "delta": 16.712525129318237}, "costs": {"total_cost": 191.19455742828154, "time_cost": 76.848, "final_distance_cost": 1.8442421263668731, "oscillation_cost": 37.90135141138515, "completition_cost": 0.0, "overshoot_cost": 49.927622834926545, "power_cost": 12.873591381835938, "noise_cost": 11.799749673767021, "n_waypoints_completed": 9, "tot_waypoints": 9}}
{"target": -186.68733558012823, "params": {"k_pid_pos": [1.6513093450379028, 0.24496912430199017, 0.7976995837709896], "k_pid_alt": [1.824471476368138, 0.0, 0.004263775168981206], "k_pid_att": [33.07525423570386, 6.97327957163494, 0.7299454008002689], "k_pid_yaw": [0.5, 1e-06, 0.1], "k_pid_hsp": [1.4820738702924032, 0.12322126544368718, 0.0], "k_pid_vsp": [36.00796001327478, 203.57757823641464, 36.41210050155528]}, "datetime": {"datetime": "2025-08-20 13:01:48", "elapsed": 4162.990485668182, "delta": 15.26486873626709}, "costs": {"total_cost": 186.68733558012823, "time_cost": 70.856, "final_distance_cost": 1.8122286629637832, "oscillation_cost": 37.918544816523564, "completition_cost": 0.0, "overshoot_cost": 51.08849246213879, "power_cost": 13.834061206054688, "noise_cost": 11.178008432447387, "n_waypoints_completed": 9, "tot_waypoints": 9}}
{"target": -181.5651190340328, "params": {"k_pid_pos": [2.0, 0.14798883293003273, 0.8013555727394035], "k_pid_alt": [1.704661108048431, 0.0, 0.0], "k_pid_att": [31.986018486624868, 1.6257652813739447, 1.0], "k_pid_yaw": [0.5, 1e-06, 0.1], "k_pid_hsp": [1.309527087246011, 0.17364191171660795, 0.0], "k_pid_vsp": [264.5811926096503, 332.38769205134616, 35.67878947370153]}, "datetime": {"datetime": "2025-08-20 13:02:03", "elapsed": 4177.956371307373, "delta": 14.965885639190674}, "costs": {"total_cost": 181.5651190340328, "time_cost": 68.232, "final_distance_cost": 1.8230172047125763, "oscillation_cost": 37.96781106664113, "completition_cost": 0.0, "overshoot_cost": 49.26288435305546, "power_cost": 13.421667700195313, "noise_cost": 10.857738709428295, "n_waypoints_completed": 9, "tot_waypoints": 9}}
{"target": -197.98415837619675, "params": {"k_pid_pos": [1.161993960415174, 0.0, 0.7046568003056711], "k_pid_alt": [1.197963435971074, 0.0, 0.07869866538117436], "k_pid_att": [31.787656661437794, 2.904048758331651, 0.8814279623593677], "k_pid_yaw": [0.5, 1e-06, 0.1], "k_pid_hsp": [2.050539279786534, 0.05197384981067899, 0.0], "k_pid_vsp": [226.21323927241326, 400.0, 11.292378285983846]}, "datetime": {"datetime": "2025-08-20 13:02:19", "elapsed": 4194.305867910385, "delta": 16.349496603012085}, "costs": {"total_cost": 197.98415837619675, "time_cost": 75.056, "final_distance_cost": 1.8516882097395904, "oscillation_cost": 40.419399500132904, "completition_cost": 0.0, "overshoot_cost": 49.88385477551201, "power_cost": 17.458381005859376, "noise_cost": 13.314834884952866, "n_waypoints_completed": 9, "tot_waypoints": 9}}
{"target": -203.46169939845083, "params": {"k_pid_pos": [1.5343628623262806, 0.020920299516582332, 1.0], "k_pid_alt": [0.8452399339800397, 9.786098686731656e-05, 0.5664895925534156], "k_pid_att": [63.670718608190874, 0.5577445939775267, 0.3056210643012252], "k_pid_yaw": [0.5, 1e-06, 0.1], "k_pid_hsp": [2.1109341144962035, 0.09307069526995453, 0.0], "k_pid_vsp": [145.88106929916222, 372.3728139497796, 33.94640033626966]}, "datetime": {"datetime": "2025-08-20 13:02:36", "elapsed": 4211.308852434158, "delta": 17.002984523773193}, "costs": {"total_cost": 203.46169939845083, "time_cost": 77.24, "final_distance_cost": 1.8490957468299036, "oscillation_cost": 42.25696124930366, "completition_cost": 0.0, "overshoot_cost": 50.04882049156313, "power_cost": 18.48632371826172, "noise_cost": 13.58049819249243, "n_waypoints_completed": 9, "tot_waypoints": 9}}
{"target": -3361.208527054079, "params": {"k_pid_pos": [1.7826829659919792, 0.0023350536307232272, 1.0], "k_pid_alt": [1.1358079989705578, 0.009207114025543812, 1.0], "k_pid_att": [0.0, 1.7325742591607014, 0.6728605376638391], "k_pid_yaw": [0.5, 1e-06, 0.1], "k_pid_hsp": [1.0612807885752389, 0.04233233490449798, 0.0], "k_pid_vsp": [319.73459115198057, 141.3502342080723, 71.93139123097046]}, "datetime": {"datetime": "2025-08-20 13:02:58", "elapsed": 4233.253095149994, "delta": 21.94424271583557}, "costs": {"total_cost": 3361.208527054079, "time_cost": 150, "final_distance_cost": 386.49756735407243, "oscillation_cost": 856.8928642319869, "completition_cost": 1000.0, "overshoot_cost": 834.4477055908047, "power_cost": 35.87412150878907, "noise_cost": 97.49626836842629, "n_waypoints_completed": 0, "tot_waypoints": 9}}
{"target": -1374.4879888759726, "params": {"k_pid_pos": [2.0, 0.0, 0.6469061932556982], "k_pid_alt": [0.0, 0.004554127231485118, 0.6010239280449408], "k_pid_att": [45.60565843920124, 2.1994398963321484, 1.0], "k_pid_yaw": [0.5, 1e-06, 0.1], "k_pid_hsp": [2.642534762682519, 0.0, 0.0], "k_pid_vsp": [400.0, 223.31200532252288, 40.36185008044559]}, "datetime": {"datetime": "2025-08-20 13:03:20", "elapsed": 4254.911627531052, "delta": 21.65853238105774}, "costs": {"total_cost": 1374.4879888759726, "time_cost": 150, "final_distance_cost": 13.77137778872993, "oscillation_cost": 23.86121854613544, "completition_cost": 1000.0, "overshoot_cost": 115.97922942331778, "power_cost": 35.78177144775391, "noise_cost": 35.094391670035414, "n_waypoints_completed": 0, "tot_waypoints": 9}}
{"target": -178.08473047074764, "params": {"k_pid_pos": [1.3893187497799457, 0.13713982378899806, 0.4857260304480457], "k_pid_alt": [1.7638825536974483, 0.0, 0.5670501857513351], "k_pid_att": [59.969289263605866, 2.3134888488052034, 1.0], "k_pid_yaw": [0.5, 1e-06, 0.1], "k_pid_hsp": [1.3088976845681117, 0.14518185297993236, 0.0], "k_pid_vsp": [223.25878749938659, 190.18419024616503, 1e-06]}, "datetime": {"datetime": "2025-08-20 13:03:35", "elapsed": 4269.657757759094, "delta": 14.746130228042603}, "costs": {"total_cost": 178.08473047074764, "time_cost": 69.88, "final_distance_cost": 1.8415566564897425, "oscillation_cost": 32.45514450080564, "completition_cost": 0.0, "overshoot_cost": 49.94204442875813, "power_cost": 12.350184216308595, "noise_cost": 11.61580066838552, "n_waypoints_completed": 9, "tot_waypoints": 9}}
{"target": -190.06420415996448, "params": {"k_pid_pos": [1.9320207926887845, 0.024995480261712152, 0.48792707511702366], "k_pid_alt": [1.0395541824670824, 0.0026890453764884374, 0.6685037783123229], "k_pid_att": [34.2817443352756, 5.279825153917225, 1.0], "k_pid_yaw": [0.5, 1e-06, 0.1], "k_pid_hsp": [1.172179374196742, 0.20715787717389555, 0.0], "k_pid_vsp": [166.12379807185215, 238.53988792837836, 12.493403400273676]}, "datetime": {"datetime": "2025-08-20 13:03:50", "elapsed": 4285.237792730331, "delta": 15.580034971237183}, "costs": {"total_cost": 190.06420415996448, "time_cost": 71.512, "final_distance_cost": 1.8375724004867229, "oscillation_cost": 39.88271863354792, "completition_cost": 0.0, "overshoot_cost": 49.68943378771768, "power_cost": 15.435006066894532, "noise_cost": 11.707473271317607, "n_waypoints_completed": 9, "tot_waypoints": 9}}
{"target": -200.609383851041, "params": {"k_pid_pos": [0.7979424658640285, 0.0, 0.4186635506375555], "k_pid_alt": [1.875792030235677, 0.0, 0.3635230104300841], "k_pid_att": [67.05233751810117, 3.449662292974022, 0.6349638491206308], "k_pid_yaw": [0.5, 1e-06, 0.1], "k_pid_hsp": [1.4505044632398068, 0.0, 0.0], "k_pid_vsp": [256.258953100363, 168.05929252864988, 26.947250380007134]}, "datetime": {"datetime": "2025-08-20 13:04:08", "elapsed": 4302.63294005394, "delta": 17.3951473236084}, "costs": {"total_cost": 200.609383851041, "time_cost": 79.624, "final_distance_cost": 1.8523675431714328, "oscillation_cost": 39.84272720288623, "completition_cost": 0.0, "overshoot_cost": 50.32475924396238, "power_cost": 15.27321064453125, "noise_cost": 13.692319216489727, "n_waypoints_completed": 9, "tot_waypoints": 9}}
{"target": -187.34907322245448, "params": {"k_pid_pos": [2.0, 0.08250464195804219, 0.635230933641658], "k_pid_alt": [1.5881979089043456, 0.0, 1.0], "k_pid_att": [29.518096396906216, 3.5551402936546026, 1.0], "k_pid_yaw": [0.5, 1e-06, 0.1], "k_pid_hsp": [1.5103556900766801, 0.3229598003288893, 0.0], "k_pid_vsp": [75.71022972960579, 349.3344662158889, 17.404558579307476]}, "datetime": {"datetime": "2025-08-20 13:04:23", "elapsed": 4317.946567773819, "delta": 15.31362771987915}, "costs": {"total_cost": 187.34907322245448, "time_cost": 70.112, "final_distance_cost": 1.7960233372110497, "oscillation_cost": 41.980196597614366, "completition_cost": 0.0, "overshoot_cost": 49.0218748326257, "power_cost": 13.567379223632813, "noise_cost": 10.871599231370562, "n_waypoints_completed": 9, "tot_waypoints": 9}}
{"target": -185.67452351648106, "params": {"k_pid_pos": [1.37766876226988, 0.19674352228744993, 1.0], "k_pid_alt": [2.0, 0.0, 0.7120680272525552], "k_pid_att": [20.98145106115174, 3.2572258237618326, 0.875879189449763], "k_pid_yaw": [0.5, 1e-06, 0.1], "k_pid_hsp": [2.4220678296827347, 0.0, 0.0], "k_pid_vsp": [157.85951462014256, 304.1408032145163, 78.28155333874103]}, "datetime": {"datetime": "2025-08-20 13:04:39", "elapsed": 4333.718986988068, "delta": 15.772419214248657}, "costs": {"total_cost": 185.67452351648106, "time_cost": 72.408, "final_distance_cost": 1.8403154272723354, "oscillation_cost": 38.54173683906398, "completition_cost": 0.0, "overshoot_cost": 50.370418992864124, "power_cost": 11.981847033691407, "noise_cost": 10.532205223589203, "n_waypoints_completed": 9, "tot_waypoints": 9}}
{"target": -409.47287482695214, "params": {"k_pid_pos": [0.32882170832799246, 0.2381941897102684, 1.0], "k_pid_alt": [1.288480848969672, 0.0005158165959898972, 0.570638548637972], "k_pid_att": [48.7435272283226, 1.722969544739371, 1.0], "k_pid_yaw": [0.5, 1e-06, 0.1], "k_pid_hsp": [0.5713663948318247, 0.0, 0.0], "k_pid_vsp": [342.66562475388827, 112.27916765232861, 1e-06]}, "datetime": {"datetime": "2025-08-20 13:05:00", "elapsed": 4355.160578966141, "delta": 21.44159197807312}, "costs": {"total_cost": 409.47287482695214, "time_cost": 150, "final_distance_cost": 43.46024788979035, "oscillation_cost": 19.905465418775936, "completition_cost": 111.11111111111116, "overshoot_cost": 55.17446505151114, "power_cost": 15.866622570800782, "noise_cost": 13.954962784962737, "n_waypoints_completed": 8, "tot_waypoints": 9}}
{"target": -191.60514082652162, "params": {"k_pid_pos": [1.6669762274996265, 0.14147307490317962, 0.7954077807435264], "k_pid_alt": [1.3998793014706046, 0.0, 0.7749118585489602], "k_pid_att": [24.824498255200705, 3.556195875993103, 0.5233306679826687], "k_pid_yaw": [0.5, 1e-06, 0.1], "k_pid_hsp": [5.729720378887348, 0.06973477500475771, 0.0], "k_pid_vsp": [207.36584160599423, 36.32130839394881, 1e-06]}, "datetime": {"datetime": "2025-08-20 13:05:16", "elapsed": 4370.877400159836, "delta": 15.716821193695068}, "costs": {"total_cost": 191.60514082652162, "time_cost": 72.296, "final_distance_cost": 1.8434869821817241, "oscillation_cost": 43.36644816982241, "completition_cost": 0.0, "overshoot_cost": 50.86427290338366, "power_cost": 11.742138146972657, "noise_cost": 11.492794624161158, "n_waypoints_completed": 9, "tot_waypoints": 9}}
{"target": -192.57218128596165, "params": {"k_pid_pos": [2.0, 0.10897466232995708, 0.4472264076096519], "k_pid_alt": [2.0, 0.0006056267181947292, 0.6964922429223298], "k_pid_att": [25.920877275060416, 1.9343822401454565, 0.8395184486588217], "k_pid_yaw": [0.5, 1e-06, 0.1], "k_pid_hsp": [2.4461167608349674, 0.005716208784949353, 0.0], "k_pid_vsp": [29.47620503537064, 318.450513586521, 24.713158490175985]}, "datetime": {"datetime": "2025-08-20 13:05:31", "elapsed": 4385.746002912521, "delta": 14.868602752685547}, "costs": {"total_cost": 192.57218128596165, "time_cost": 69.032, "final_distance_cost": 1.7665436330997544, "oscillation_cost": 41.88317156966037, "completition_cost": 0.0, "overshoot_cost": 49.52110780446463, "power_cost": 17.384414465332032, "noise_cost": 12.984943813404831, "n_waypoints_completed": 9, "tot_waypoints": 9}}
{"target": -201.10934600175224, "params": {"k_pid_pos": [1.4988535356589041, 0.05987794292358786, 0.7621452662335019], "k_pid_alt": [1.2329475416893516, 0.0, 0.9352628640976773], "k_pid_att": [83.14311906075746, 2.1270049431973326, 0.1100021767932362], "k_pid_yaw": [0.5, 1e-06, 0.1], "k_pid_hsp": [2.6935775936134747, 0.0, 0.0], "k_pid_vsp": [329.32354265571513, 250.0483370606045, 31.84105705669212]}, "datetime": {"datetime": "2025-08-20 13:05:56", "elapsed": 4411.072651863098, "delta": 25.326648950576782}, "costs": {"total_cost": 201.10934600175224, "time_cost": 74.08800000000001, "final_distance_cost": 1.8398588697907652, "oscillation_cost": 48.88986165554337, "completition_cost": 0.0, "overshoot_cost": 49.5900519292498, "power_cost": 14.734619250488281, "noise_cost": 11.96695429667999, "n_waypoints_completed": 9, "tot_waypoints": 9}}
{"target": -1423.8006382304213, "params": {"k_pid_pos": [2.0, 0.16651437633343033, 1.0], "k_pid_alt": [0.8358132261868271, 0.005915395580654295, 0.6170211687553299], "k_pid_att": [43.85005139275241, 3.2026958326996535, 0.3942889662784331], "k_pid_yaw": [0.5, 1e-06, 0.1], "k_pid_hsp": [0.0001, 0.14415877191797577, 0.0], "k_pid_vsp": [0.0, 1e-06, 28.083027431825048]}, "datetime": {"datetime": "2025-08-20 13:06:21", "elapsed": 4436.027812719345, "delta": 24.95516085624695}, "costs": {"total_cost": 1423.8006382304213, "time_cost": 150, "final_distance_cost": 2.021948400936383, "oscillation_cost": 78.72817325173423, "completition_cost": 1000.0, "overshoot_cost": 135.99476675924802, "power_cost": 7.998947094726563, "noise_cost": 49.05680272377601, "n_waypoints_completed": 0, "tot_waypoints": 9}}
{"target": -179.43910210918372, "params": {"k_pid_pos": [1.7454092434622037, 0.03376168135699753, 1.0], "k_pid_alt": [0.896720299565238, 0.0018369487981805231, 0.5475909401588323], "k_pid_att": [35.21159351200745, 3.3079046306274122, 0.979797240039339], "k_pid_yaw": [0.5, 1e-06, 0.1], "k_pid_hsp": [1.4116250720781818, 0.130836133329744, 0.0], "k_pid_vsp": [208.3084714772242, 306.71940777105766, 44.976033449857105]}, "datetime": {"datetime": "2025-08-20 13:06:39", "elapsed": 4454.366474866867, "delta": 18.338662147521973}, "costs": {"total_cost": 179.43910210918372, "time_cost": 73.888, "final_distance_cost": 1.8406208639716577, "oscillation_cost": 37.94291046025004, "completition_cost": 0.0, "overshoot_cost": 49.31088453365911, "power_cost": 8.243962756347656, "noise_cost": 8.212723494955265, "n_waypoints_completed": 9, "tot_waypoints": 9}}
