{"target": -169.94319211638037, "params": {"k_pid_pos": [0.6602027494264586, 0.002312039409894486, 0.009266206349846163], "k_pid_alt": [2.0, 0.00016856923330948252, 0.0017166486635494533], "k_pid_att": [39.47542656030198, 10.0, 0.6996509527054678], "k_pid_yaw": [0.5, 1e-06, 0.1], "k_pid_hsp": [0.1294850816367176, 0.009006375732012822, 0.0], "k_pid_vsp": [282.19651807593385, 194.95008839006357, 0.8371788359475089]}, "datetime": {"datetime": "2025-08-20 18:25:47", "elapsed": 23602.17477631569, "delta": 16.58448624610901}, "costs": {"total_cost": 169.94319211638037, "time_cost": 70.584, "final_distance_cost": 1.8151986127512725, "oscillation_cost": 23.821471057876185, "completition_cost": 0.0, "overshoot_cost": 50.456915329943506, "power_cost": 11.922656860351562, "noise_cost": 11.342950255457856, "n_waypoints_completed": 9, "tot_waypoints": 9}}
{"target": -170.88769002825612, "params": {"k_pid_pos": [0.7221525261327569, 0.005832741389085817, 0.00948508553508255], "k_pid_alt": [1.3210209306984013, 9.300784970823338e-05, 0.001536394818940953], "k_pid_att": [15.127492283157926, 8.984413765675464, 0.7222308817527953], "k_pid_yaw": [0.5, 1e-06, 0.1], "k_pid_hsp": [0.14411912598897256, 0.0016375512398722565, 0.0], "k_pid_vsp": [268.7877778716657, 128.91728757066153, 0.8756422421510152]}, "datetime": {"datetime": "2025-08-20 18:26:03", "elapsed": 23618.34206676483, "delta": 16.167290449142456}, "costs": {"total_cost": 170.88769002825612, "time_cost": 70.368, "final_distance_cost": 1.8170312743332073, "oscillation_cost": 24.998729711450856, "completition_cost": 0.0, "overshoot_cost": 50.22504002727103, "power_cost": 12.145792504882813, "noise_cost": 11.333096510318194, "n_waypoints_completed": 9, "tot_waypoints": 9}}
{"target": -171.91359784679148, "params": {"k_pid_pos": [0.3985030365128616, 0.005037460730522472, 0.00924696545317088], "k_pid_alt": [1.8671992804374533, 0.00015268278953912244, 0.0011827982313374573], "k_pid_att": [47.311036808854816, 7.658481866999639, 0.5991025957172206], "k_pid_yaw": [0.5, 1e-06, 0.1], "k_pid_hsp": [0.09328854668456488, 0.0046906667971669995, 0.0], "k_pid_vsp": [235.59745145605356, 207.452099417133, 0.7107669703694323]}, "datetime": {"datetime": "2025-08-20 18:26:21", "elapsed": 23635.751643657684, "delta": 17.409576892852783}, "costs": {"total_cost": 171.91359784679148, "time_cost": 75.648, "final_distance_cost": 1.843753880235615, "oscillation_cost": 17.318204708689425, "completition_cost": 0.0, "overshoot_cost": 51.8410875666566, "power_cost": 12.747150439453126, "noise_cost": 12.515401251756721, "n_waypoints_completed": 9, "tot_waypoints": 9}}
{"target": -170.0742183004118, "params": {"k_pid_pos": [0.6397398721559151, 0.0034079290271913595, 0.014675820648483683], "k_pid_alt": [1.7250986069162506, 0.00011468270291853457, 0.001085429139069661], "k_pid_att": [14.787724459115408, 7.265555255809526, 0.6083261816328792], "k_pid_yaw": [0.5, 1e-06, 0.1], "k_pid_hsp": [0.09738749374958351, 0.0022946524487233565, 0.0], "k_pid_vsp": [296.30151366878954, 105.60490269085885, 0.7411485187133442]}, "datetime": {"datetime": "2025-08-20 18:26:36", "elapsed": 23651.10065817833, "delta": 15.349014520645142}, "costs": {"total_cost": 170.0742183004118, "time_cost": 71.44, "final_distance_cost": 1.7936782047253, "oscillation_cost": 22.011974589329814, "completition_cost": 0.0, "overshoot_cost": 51.397179419826465, "power_cost": 12.035698291015626, "noise_cost": 11.3956877955146, "n_waypoints_completed": 9, "tot_waypoints": 9}}
{"target": -170.11787779313022, "params": {"k_pid_pos": [0.6883749216116288, 0.004021414220539242, 0.008259167798994773], "k_pid_alt": [2.0, 0.0001096726535451124, 0.0011048697574311502], "k_pid_att": [27.372212694866914, 5.923171907412261, 0.6227913694855484], "k_pid_yaw": [0.5, 1e-06, 0.1], "k_pid_hsp": [0.15352049276440335, 0.004249922469535796, 0.0], "k_pid_vsp": [266.2211249309657, 231.7780977585824, 0.8932193190249332]}, "datetime": {"datetime": "2025-08-20 18:26:52", "elapsed": 23667.238018274307, "delta": 16.137360095977783}, "costs": {"total_cost": 170.11787779313022, "time_cost": 70.60000000000001, "final_distance_cost": 1.8391411006101321, "oscillation_cost": 24.06844494661918, "completition_cost": 0.0, "overshoot_cost": 50.29306595980026, "power_cost": 11.991254943847657, "noise_cost": 11.325970842252984, "n_waypoints_completed": 9, "tot_waypoints": 9}}
{"target": -169.69967754617164, "params": {"k_pid_pos": [0.48634361756083044, 0.005139504353107903, 0.0115971866871206], "k_pid_alt": [2.0, 0.00015943610362811458, 0.001315044342740459], "k_pid_att": [49.339234415107605, 7.883985636438536, 0.8606197137854475], "k_pid_yaw": [0.5, 1e-06, 0.1], "k_pid_hsp": [0.08988008133823218, 0.00595728194586941, 0.0], "k_pid_vsp": [194.7927859047588, 180.36843125509554, 0.3905289320048711]}, "datetime": {"datetime": "2025-08-20 18:27:10", "elapsed": 23684.9209690094, "delta": 17.682950735092163}, "costs": {"total_cost": 169.69967754617164, "time_cost": 73.104, "final_distance_cost": 1.821090640313137, "oscillation_cost": 19.10855890955367, "completition_cost": 0.0, "overshoot_cost": 51.48164126104169, "power_cost": 12.361260461425783, "noise_cost": 11.823126273837389, "n_waypoints_completed": 9, "tot_waypoints": 9}}
{"target": -173.42605112363614, "params": {"k_pid_pos": [0.4375726743468902, 0.004299925567807283, 0.014647138654442227], "k_pid_alt": [1.9056622968496406, 0.00011473882844042956, 0.0014456439382882415], "k_pid_att": [43.95375725348203, 6.7914202598953075, 0.2960339623170449], "k_pid_yaw": [0.5, 1e-06, 0.1], "k_pid_hsp": [0.11931901593613355, 0.005448524257852232, 0.0], "k_pid_vsp": [289.719430184858, 208.4178587701516, 0.6361629378825863]}, "datetime": {"datetime": "2025-08-20 18:27:26", "elapsed": 23701.25305557251, "delta": 16.33208656311035}, "costs": {"total_cost": 173.42605112363614, "time_cost": 75.168, "final_distance_cost": 1.8511796903367603, "oscillation_cost": 19.888673205519027, "completition_cost": 0.0, "overshoot_cost": 50.94928929762944, "power_cost": 13.03766318359375, "noise_cost": 12.53124574655717, "n_waypoints_completed": 9, "tot_waypoints": 9}}
{"target": -170.52430217784692, "params": {"k_pid_pos": [0.6482938753066733, 0.0030278697957704915, 0.010002252344206056], "k_pid_alt": [0.8931244635865366, 0.00015745648769505493, 0.0009623873167447552], "k_pid_att": [31.367839488717593, 9.74287958265989, 0.48167649687876796], "k_pid_yaw": [0.5, 1e-06, 0.1], "k_pid_hsp": [0.0874089680277483, 0.0038332868813259987, 0.0], "k_pid_vsp": [263.56194078149593, 154.21096518878187, 0.5321002601563468]}, "datetime": {"datetime": "2025-08-20 18:27:43", "elapsed": 23717.886207818985, "delta": 16.63315224647522}, "costs": {"total_cost": 170.52430217784692, "time_cost": 72.83200000000001, "final_distance_cost": 1.819607421081872, "oscillation_cost": 21.658045424780976, "completition_cost": 0.0, "overshoot_cost": 51.02217542763512, "power_cost": 11.843617651367188, "noise_cost": 11.348856252981722, "n_waypoints_completed": 9, "tot_waypoints": 9}}
{"target": -172.26363908096306, "params": {"k_pid_pos": [0.6564275690267201, 0.004406428628683897, 0.005678978813917053], "k_pid_alt": [2.0, 9.310879963784158e-05, 0.0016943163938206484], "k_pid_att": [40.98535939375887, 7.030422817302945, 0.8369694737030512], "k_pid_yaw": [0.5, 1e-06, 0.1], "k_pid_hsp": [0.07782252889751111, 0.00417690968614791, 0.0], "k_pid_vsp": [162.43486192271396, 193.29507221715437, 0.6388049034579039]}, "datetime": {"datetime": "2025-08-20 18:27:59", "elapsed": 23734.214443683624, "delta": 16.328235864639282}, "costs": {"total_cost": 172.26363908096306, "time_cost": 73.072, "final_distance_cost": 1.8054137905272452, "oscillation_cost": 21.360451543436227, "completition_cost": 0.0, "overshoot_cost": 52.17127873446294, "power_cost": 12.313252661132813, "noise_cost": 11.54124235140385, "n_waypoints_completed": 9, "tot_waypoints": 9}}
{"target": -173.33233774923144, "params": {"k_pid_pos": [0.517401933583833, 0.0030935563087057215, 0.010424826338329569], "k_pid_alt": [1.886537817012389, 0.00010580737709742583, 0.002097612564110653], "k_pid_att": [39.26145351088457, 7.675136038905046, 1.0], "k_pid_yaw": [0.5, 1e-06, 0.1], "k_pid_hsp": [0.15493047636986484, 0.0037837575259269817, 0.0], "k_pid_vsp": [178.28379331306073, 186.8300141792844, 0.8869442992863704]}, "datetime": {"datetime": "2025-08-20 18:28:16", "elapsed": 23751.414113283157, "delta": 17.19966959953308}, "costs": {"total_cost": 173.33233774923144, "time_cost": 73.592, "final_distance_cost": 1.842419440681792, "oscillation_cost": 23.002971362835044, "completition_cost": 0.0, "overshoot_cost": 50.28297994669361, "power_cost": 12.574707275390626, "noise_cost": 12.037259723630367, "n_waypoints_completed": 9, "tot_waypoints": 9}}
{"target": -170.70214533530924, "params": {"k_pid_pos": [0.785174149706115, 0.0037429725269506778, 0.012549138495107642], "k_pid_alt": [1.4020648289441304, 0.00014817315768224243, 0.001117128331713736], "k_pid_att": [41.60960065118103, 9.93208163480287, 0.49376029153050055], "k_pid_yaw": [0.5, 1e-06, 0.1], "k_pid_hsp": [0.1295931859366355, 0.006010956250838082, 0.0], "k_pid_vsp": [272.71947206767715, 102.93302707808124, 0.8385442273208635]}, "datetime": {"datetime": "2025-08-20 18:28:32", "elapsed": 23767.375645399094, "delta": 15.96153211593628}, "costs": {"total_cost": 170.70214533530924, "time_cost": 70.008, "final_distance_cost": 1.810747291249951, "oscillation_cost": 25.46513914120516, "completition_cost": 0.0, "overshoot_cost": 50.68410956595397, "power_cost": 11.657497900390625, "noise_cost": 11.076651436509536, "n_waypoints_completed": 9, "tot_waypoints": 9}}
{"target": -169.59474467831356, "params": {"k_pid_pos": [0.5592932043461069, 0.0026782174435874954, 0.01330434218358314], "k_pid_alt": [2.0, 9.138388597642921e-05, 0.0012542037192578776], "k_pid_att": [27.672073380830167, 6.407150461526954, 0.7578071818204899], "k_pid_yaw": [0.5, 1e-06, 0.1], "k_pid_hsp": [0.11649838210029129, 0.006558758052108599, 0.0], "k_pid_vsp": [253.78643195908543, 182.51132114474794, 0.7814726468289198]}, "datetime": {"datetime": "2025-08-20 18:28:48", "elapsed": 23782.972923517227, "delta": 15.597278118133545}, "costs": {"total_cost": 169.59474467831356, "time_cost": 71.72, "final_distance_cost": 1.8306927217296602, "oscillation_cost": 21.90395539888574, "completition_cost": 0.0, "overshoot_cost": 50.70297567233517, "power_cost": 11.934042724609375, "noise_cost": 11.503078160753605, "n_waypoints_completed": 9, "tot_waypoints": 9}}
{"target": -840.8754411984663, "params": {"k_pid_pos": [0.12426109476855139, 0.003692391395124958, 0.014359304241780918], "k_pid_alt": [1.5240476344401082, 0.0001345684603643569, 0.0011698079358392806], "k_pid_att": [35.0794000044072, 7.090074361467647, 0.43296327844256655], "k_pid_yaw": [0.5, 1e-06, 0.1], "k_pid_hsp": [0.10411099443958964, 0.0045915658067240345, 0.0], "k_pid_vsp": [281.9030930529034, 260.5605210456849, 0.7137432292272764]}, "datetime": {"datetime": "2025-08-20 18:29:11", "elapsed": 23805.842531442642, "delta": 22.86960792541504}, "costs": {"total_cost": 840.8754411984663, "time_cost": 150, "final_distance_cost": 51.78349650108135, "oscillation_cost": 5.595078636612339, "completition_cost": 555.5555555555555, "overshoot_cost": 49.04689691365447, "power_cost": 15.201095239257814, "noise_cost": 13.693318352304829, "n_waypoints_completed": 4, "tot_waypoints": 9}}
{"target": -171.88655524566508, "params": {"k_pid_pos": [0.5670235482508422, 0.004816823552066405, 0.012524922270535081], "k_pid_alt": [2.0, 0.00013866319388276038, 0.0010269039031478473], "k_pid_att": [32.70829936978696, 8.12141624432954, 0.8292867351928535], "k_pid_yaw": [0.5, 1e-06, 0.1], "k_pid_hsp": [0.13626860838320826, 0.007136871460423915, 0.0], "k_pid_vsp": [264.9660966086726, 179.7427927840553, 0.7983190708709978]}, "datetime": {"datetime": "2025-08-20 18:29:27", "elapsed": 23822.19585108757, "delta": 16.35331964492798}, "costs": {"total_cost": 171.88655524566508, "time_cost": 71.808, "final_distance_cost": 1.8306013039579825, "oscillation_cost": 23.301510112405733, "completition_cost": 0.0, "overshoot_cost": 50.838093354939694, "power_cost": 12.389522436523437, "noise_cost": 11.718828037838222, "n_waypoints_completed": 9, "tot_waypoints": 9}}
{"target": -171.33226220826438, "params": {"k_pid_pos": [0.6466149157281494, 0.003872955572087213, 0.015354800694205625], "k_pid_alt": [1.8087966665496975, 8.443230111931975e-05, 0.001517211217743255], "k_pid_att": [41.677586792820854, 8.67434471991511, 0.6511729593362006], "k_pid_yaw": [0.5, 1e-06, 0.1], "k_pid_hsp": [0.08067663705916749, 0.005794102165763646, 0.0], "k_pid_vsp": [183.7272949685837, 191.87867793522165, 0.4613924255062834]}, "datetime": {"datetime": "2025-08-20 18:29:43", "elapsed": 23837.667278051376, "delta": 15.471426963806152}, "costs": {"total_cost": 171.33226220826438, "time_cost": 72.424, "final_distance_cost": 1.7859449188502907, "oscillation_cost": 21.644400515253032, "completition_cost": 0.0, "overshoot_cost": 51.38422697275177, "power_cost": 12.47560555419922, "noise_cost": 11.618084247210081, "n_waypoints_completed": 9, "tot_waypoints": 9}}
{"target": -170.2806753859181, "params": {"k_pid_pos": [0.58936371172679, 0.004854409558879647, 0.012723316982819843], "k_pid_alt": [2.0, 6.318364458023617e-05, 0.001273836905907701], "k_pid_att": [24.68229923229345, 8.36086312837624, 0.7580929306997249], "k_pid_yaw": [0.5, 1e-06, 0.1], "k_pid_hsp": [0.13467979423909684, 0.006158468126814233, 0.0], "k_pid_vsp": [268.17795731854613, 186.26987839017295, 0.757369921816471]}, "datetime": {"datetime": "2025-08-20 18:29:59", "elapsed": 23853.996425628662, "delta": 16.329147577285767}, "costs": {"total_cost": 170.2806753859181, "time_cost": 71.44, "final_distance_cost": 1.824437033123241, "oscillation_cost": 23.44802947600775, "completition_cost": 0.0, "overshoot_cost": 50.76535366771041, "power_cost": 11.524132885742189, "noise_cost": 11.278722323334529, "n_waypoints_completed": 9, "tot_waypoints": 9}}
{"target": -374.90941700221185, "params": {"k_pid_pos": [0.2262190382436328, 0.005353116602333489, 0.011175081678586345], "k_pid_alt": [1.9010378280592415, 4.91412230256314e-05, 0.001316915156010262], "k_pid_att": [36.16846246361337, 9.97748444081372, 0.921446620875078], "k_pid_yaw": [0.5, 1e-06, 0.1], "k_pid_hsp": [0.10478099357396771, 0.004681714428058963, 0.0], "k_pid_vsp": [196.63094687470104, 166.3932893246624, 0.6408965465689426]}, "datetime": {"datetime": "2025-08-20 18:30:21", "elapsed": 23876.458049297333, "delta": 22.461623668670654}, "costs": {"total_cost": 374.90941700221185, "time_cost": 150, "final_distance_cost": 14.248961205049358, "oscillation_cost": 13.485952881840557, "completition_cost": 111.11111111111116, "overshoot_cost": 55.812976212708, "power_cost": 15.584122155761719, "noise_cost": 14.666293435741057, "n_waypoints_completed": 8, "tot_waypoints": 9}}
{"target": -170.66098978744273, "params": {"k_pid_pos": [0.618698687577244, 0.0026589600195658513, 0.011620365244204178], "k_pid_alt": [1.7459073870264588, 7.734872454341317e-05, 0.0013721356379682997], "k_pid_att": [36.438844822745686, 8.925894152564783, 0.8075798052210024], "k_pid_yaw": [0.5, 1e-06, 0.1], "k_pid_hsp": [0.11444282514753672, 0.0020245598715004395, 0.0], "k_pid_vsp": [225.6009609443657, 213.8741587263554, 0.5981751470588986]}, "datetime": {"datetime": "2025-08-20 18:30:37", "elapsed": 23892.194955825806, "delta": 15.7369065284729}, "costs": {"total_cost": 170.66098978744273, "time_cost": 71.168, "final_distance_cost": 1.814761099598673, "oscillation_cost": 22.955124903554992, "completition_cost": 0.0, "overshoot_cost": 50.65176353209219, "power_cost": 12.411891284179688, "noise_cost": 11.659448968017182, "n_waypoints_completed": 9, "tot_waypoints": 9}}
{"target": -172.47694334680037, "params": {"k_pid_pos": [0.810015448706973, 0.0037772783804343444, 0.010725646811466748], "k_pid_alt": [2.0, 0.0001985047225773747, 0.0009090882683746877], "k_pid_att": [27.545854630894876, 7.070690349415256, 0.4260661442341305], "k_pid_yaw": [0.5, 1e-06, 0.1], "k_pid_hsp": [0.12512369066221773, 0.002612663914557653, 0.0], "k_pid_vsp": [43.29011238371164, 153.89961199723453, 0.724705329240587]}, "datetime": {"datetime": "2025-08-20 18:30:53", "elapsed": 23907.94234228134, "delta": 15.747386455535889}, "costs": {"total_cost": 172.47694334680037, "time_cost": 70.392, "final_distance_cost": 1.8153343175752017, "oscillation_cost": 26.070149467543636, "completition_cost": 0.0, "overshoot_cost": 50.527294239622805, "power_cost": 12.391063903808595, "noise_cost": 11.281101418250111, "n_waypoints_completed": 9, "tot_waypoints": 9}}
{"target": -171.96093993501918, "params": {"k_pid_pos": [0.7717796374486484, 0.004202932538594343, 0.011165179241784895], "k_pid_alt": [1.9666347682102525, 0.00015865330243685572, 0.0007996195755087115], "k_pid_att": [36.81548369102489, 4.449478907296272, 0.956025269938284], "k_pid_yaw": [0.5, 1e-06, 0.1], "k_pid_hsp": [0.08634701732262111, 0.0028151553328791836, 0.0], "k_pid_vsp": [131.12627492744247, 176.13243226225129, 0.70499138392729]}, "datetime": {"datetime": "2025-08-20 18:31:10", "elapsed": 23924.579657554626, "delta": 16.637315273284912}, "costs": {"total_cost": 171.96093993501918, "time_cost": 71.256, "final_distance_cost": 1.7911458188862226, "oscillation_cost": 23.4848474003869, "completition_cost": 0.0, "overshoot_cost": 51.873377915206575, "power_cost": 12.268893286132814, "noise_cost": 11.286675514406655, "n_waypoints_completed": 9, "tot_waypoints": 9}}
{"target": -171.7759596163909, "params": {"k_pid_pos": [0.6738204008526777, 0.00390708756962961, 0.0020065825880635105], "k_pid_alt": [1.4941733029665354, 8.280625814378823e-05, 0.0011996232635476175], "k_pid_att": [39.410679148274404, 7.774208557285948, 0.743501033922775], "k_pid_yaw": [0.5, 1e-06, 0.1], "k_pid_hsp": [0.08482321198395622, 0.008652823480219386, 0.0], "k_pid_vsp": [132.3313704353036, 176.3187633660441, 0.9240753663852844]}, "datetime": {"datetime": "2025-08-20 18:31:25", "elapsed": 23940.424940109253, "delta": 15.845282554626465}, "costs": {"total_cost": 171.7759596163909, "time_cost": 72.0, "final_distance_cost": 1.8146580921179434, "oscillation_cost": 23.090754855641062, "completition_cost": 0.0, "overshoot_cost": 50.51600211886528, "power_cost": 12.763982873535157, "noise_cost": 11.59056167623145, "n_waypoints_completed": 9, "tot_waypoints": 9}}
{"target": -172.09865081509085, "params": {"k_pid_pos": [0.4169116870962553, 0.00476944416682806, 0.01113600822562961], "k_pid_alt": [2.0, 0.0001466261029021951, 0.000916213057968769], "k_pid_att": [33.376302558611485, 5.712731060188967, 0.4990256007329899], "k_pid_yaw": [0.5, 1e-06, 0.1], "k_pid_hsp": [0.10905966510777508, 0.005466812192650781, 0.0], "k_pid_vsp": [356.7098006176672, 122.13438479555089, 1.0275235640469382]}, "datetime": {"datetime": "2025-08-20 18:31:43", "elapsed": 23957.595631837845, "delta": 17.17069172859192}, "costs": {"total_cost": 172.09865081509085, "time_cost": 75.672, "final_distance_cost": 1.8433331597047222, "oscillation_cost": 18.3922905827969, "completition_cost": 0.0, "overshoot_cost": 51.73990918800473, "power_cost": 12.153763305664063, "noise_cost": 12.297354578920414, "n_waypoints_completed": 9, "tot_waypoints": 9}}
{"target": -171.6627035838428, "params": {"k_pid_pos": [0.8247615701330338, 0.003927167741150443, 0.016580766119490765], "k_pid_alt": [2.0, 0.00011563406673220259, 0.0011621914285591484], "k_pid_att": [27.17592471292204, 10.0, 0.5842442067538567], "k_pid_yaw": [0.5, 1e-06, 0.1], "k_pid_hsp": [0.15304583195793184, 0.005027676190482143, 0.0], "k_pid_vsp": [267.83336942444726, 101.2716407228945, 0.8020118002718779]}, "datetime": {"datetime": "2025-08-20 18:31:59", "elapsed": 23973.930478811264, "delta": 16.33484697341919}, "costs": {"total_cost": 171.6627035838428, "time_cost": 70.12, "final_distance_cost": 1.8320353991089646, "oscillation_cost": 25.91855544148786, "completition_cost": 0.0, "overshoot_cost": 50.75936299089358, "power_cost": 11.779383703613282, "noise_cost": 11.253366048739124, "n_waypoints_completed": 9, "tot_waypoints": 9}}
{"target": -169.84108795465897, "params": {"k_pid_pos": [0.5357253942409906, 0.0049868599572437345, 0.011281897308320826], "k_pid_alt": [1.588559954101572, 0.00014824690633367975, 0.0011023624918642281], "k_pid_att": [43.99048092899263, 5.66547604710676, 0.6239510680413943], "k_pid_yaw": [0.5, 1e-06, 0.1], "k_pid_hsp": [0.07715544114604297, 0.004840374441459198, 0.0], "k_pid_vsp": [315.46925029282437, 131.47236277088396, 0.6421889315719446]}, "datetime": {"datetime": "2025-08-20 18:32:15", "elapsed": 23990.269173383713, "delta": 16.33869457244873}, "costs": {"total_cost": 169.84108795465897, "time_cost": 73.528, "final_distance_cost": 1.8255028231325092, "oscillation_cost": 18.9614888735306, "completition_cost": 0.0, "overshoot_cost": 52.05484482429904, "power_cost": 11.876927966308594, "noise_cost": 11.594323467388207, "n_waypoints_completed": 9, "tot_waypoints": 9}}
{"target": -175.73907020952666, "params": {"k_pid_pos": [0.7268226816829987, 0.004270341838250889, 0.010145297497305182], "k_pid_alt": [1.6576357313507142, 0.00016838495122282178, 0.0009738231845630804], "k_pid_att": [57.700003717286904, 6.85903065016312, 0.7343891441900986], "k_pid_yaw": [0.5, 1e-06, 0.1], "k_pid_hsp": [0.0623714070394365, 0.0060607377345896435, 0.0], "k_pid_vsp": [271.99950367883304, 148.2235452932076, 0.6351396058570504]}, "datetime": {"datetime": "2025-08-20 18:32:34", "elapsed": 24008.689345359802, "delta": 18.420171976089478}, "costs": {"total_cost": 175.73907020952666, "time_cost": 74.784, "final_distance_cost": 1.7469048553569235, "oscillation_cost": 21.58562838905335, "completition_cost": 0.0, "overshoot_cost": 52.771645928478506, "power_cost": 12.865274682617189, "noise_cost": 11.985616354020685, "n_waypoints_completed": 9, "tot_waypoints": 9}}
