{"target": -169.85226845480474, "params": {"k_pid_pos": [0.6618647974032056, 0.00552646318139562, 0.011204697148732895], "k_pid_alt": [2.0, 0.00013260567616372781, 0.0016038419909622332], "k_pid_att": [37.22393329153394, 6.403512648182783, 0.5449371908786477], "k_pid_yaw": [0.5, 1e-06, 0.1], "k_pid_hsp": [0.10532310592127236, 0.0035416055574906784, 0.0], "k_pid_vsp": [149.6907550462943, 215.76261363821797, 0.867444384893899]}, "datetime": {"datetime": "2025-08-20 18:04:45", "elapsed": 22340.422244548798, "delta": 16.339909553527832}, "costs": {"total_cost": 169.85226845480474, "time_cost": 70.976, "final_distance_cost": 1.8101736253024598, "oscillation_cost": 23.06335392922674, "completition_cost": 0.0, "overshoot_cost": 50.65372186423725, "power_cost": 11.98696287841797, "noise_cost": 11.362056157620325, "n_waypoints_completed": 9, "tot_waypoints": 9}}
{"target": -172.8126868357575, "params": {"k_pid_pos": [0.7631752283480369, 0.002219619408682642, 0.014081362538525035], "k_pid_alt": [2.0, 9.02006091455534e-05, 0.00027485090003646033], "k_pid_att": [34.414997934998574, 9.850126972402897, 0.7260528497819188], "k_pid_yaw": [0.5, 1e-06, 0.1], "k_pid_hsp": [0.07809699777568659, 0.004967566654703374, 0.0], "k_pid_vsp": [366.94743303225255, 167.9342598884378, 0.3131298793671777]}, "datetime": {"datetime": "2025-08-20 18:05:02", "elapsed": 22357.048741579056, "delta": 16.62649703025818}, "costs": {"total_cost": 172.8126868357575, "time_cost": 72.68, "final_distance_cost": 1.7590468265233898, "oscillation_cost": 23.4384628034459, "completition_cost": 0.0, "overshoot_cost": 51.45866114862902, "power_cost": 12.059630908203125, "noise_cost": 11.41688514895603, "n_waypoints_completed": 9, "tot_waypoints": 9}}
{"target": -170.29442045522964, "params": {"k_pid_pos": [0.5533449534777525, 0.0018831090156209065, 0.014477002151847933], "k_pid_alt": [2.0, 0.00012681756021114832, 0.00027514728016959103], "k_pid_att": [42.8830812866918, 10.0, 0.6425210148681286], "k_pid_yaw": [0.5, 1e-06, 0.1], "k_pid_hsp": [0.08878043463646694, 0.007957436347770012, 0.0], "k_pid_vsp": [387.33309490551005, 99.71324317286286, 0.7618758397185162]}, "datetime": {"datetime": "2025-08-20 18:05:18", "elapsed": 22372.62601852417, "delta": 15.577276945114136}, "costs": {"total_cost": 170.29442045522964, "time_cost": 72.456, "final_distance_cost": 1.8266287475559422, "oscillation_cost": 20.45435076193435, "completition_cost": 0.0, "overshoot_cost": 51.706391348085994, "power_cost": 12.230280590820312, "noise_cost": 11.62076900683303, "n_waypoints_completed": 9, "tot_waypoints": 9}}
{"target": -169.5762535552027, "params": {"k_pid_pos": [0.6249758232416617, 0.0031707948852591414, 0.013238689154281474], "k_pid_alt": [1.3265614897080915, 5.383275216090883e-05, 0.0], "k_pid_att": [39.51676428551159, 9.0821158172134, 0.6565824501285729], "k_pid_yaw": [0.5, 1e-06, 0.1], "k_pid_hsp": [0.0950968808072397, 0.00870460119889871, 0.0], "k_pid_vsp": [126.337243292896, 169.52684424541673, 0.65318278589372]}, "datetime": {"datetime": "2025-08-20 18:05:34", "elapsed": 22388.659073352814, "delta": 16.0330548286438}, "costs": {"total_cost": 169.5762535552027, "time_cost": 71.2, "final_distance_cost": 1.819567710763391, "oscillation_cost": 22.588844236772655, "completition_cost": 0.0, "overshoot_cost": 50.366701459524236, "power_cost": 12.238794384765626, "noise_cost": 11.362345763376773, "n_waypoints_completed": 9, "tot_waypoints": 9}}
{"target": -171.1510941379504, "params": {"k_pid_pos": [0.7305869988255003, 0.004303051585810327, 0.0152121872922572], "k_pid_alt": [1.1498560926771917, 0.0001427853786549881, 0.00036944977876511147], "k_pid_att": [37.48599922258342, 10.0, 0.6485204185738357], "k_pid_yaw": [0.5, 1e-06, 0.1], "k_pid_hsp": [0.13503944179690822, 0.0059033633419057555, 0.0], "k_pid_vsp": [161.2386416918439, 211.94564046969245, 0.5792001913264381]}, "datetime": {"datetime": "2025-08-20 18:05:49", "elapsed": 22403.850314855576, "delta": 15.19124150276184}, "costs": {"total_cost": 171.1510941379504, "time_cost": 70.312, "final_distance_cost": 1.8041300247609657, "oscillation_cost": 25.348282280815486, "completition_cost": 0.0, "overshoot_cost": 50.2427862510055, "power_cost": 12.157964794921876, "noise_cost": 11.285930786446578, "n_waypoints_completed": 9, "tot_waypoints": 9}}
{"target": -628.120003929036, "params": {"k_pid_pos": [0.6716060230067864, 0.005753960505228174, 0.020673531203938746], "k_pid_alt": [2.0, 0.0001707581143804886, 0.003359867383075114], "k_pid_att": [36.034545008521036, 10.0, 0.623723134188271], "k_pid_yaw": [0.5, 1e-06, 0.1], "k_pid_hsp": [0.03489671942805731, 0.0076976357360862965, 0.0], "k_pid_vsp": [278.1849115061828, 197.50235543926547, 0.7708420611942034]}, "datetime": {"datetime": "2025-08-20 18:06:11", "elapsed": 22426.291778564453, "delta": 22.441463708877563}, "costs": {"total_cost": 628.120003929036, "time_cost": 150, "final_distance_cost": 58.562999996117576, "oscillation_cost": 13.741024718875796, "completition_cost": 333.33333333333337, "overshoot_cost": 43.86301699986342, "power_cost": 14.954083447265626, "noise_cost": 13.665545433580347, "n_waypoints_completed": 6, "tot_waypoints": 9}}
{"target": -170.4322329483487, "params": {"k_pid_pos": [0.4411599040445076, 0.003912462312200751, 0.008736565485469062], "k_pid_alt": [2.0, 0.0001220908109369116, 0.0012959011333020737], "k_pid_att": [46.61541796455277, 6.647600508080415, 0.3557800802320279], "k_pid_yaw": [0.5, 1e-06, 0.1], "k_pid_hsp": [0.09173231777406371, 0.003401193055758826, 0.0], "k_pid_vsp": [255.80373629135374, 187.71723952728382, 0.9346845607484596]}, "datetime": {"datetime": "2025-08-20 18:06:29", "elapsed": 22443.90496444702, "delta": 17.61318588256836}, "costs": {"total_cost": 170.4322329483487, "time_cost": 74.264, "final_distance_cost": 1.8341581049701543, "oscillation_cost": 17.61717517731765, "completition_cost": 0.0, "overshoot_cost": 52.21959913269331, "power_cost": 12.409515600585937, "noise_cost": 12.087784932781647, "n_waypoints_completed": 9, "tot_waypoints": 9}}
{"target": -170.01258459878272, "params": {"k_pid_pos": [0.7334295608962712, 0.004355207847747921, 0.014325170564388588], "k_pid_alt": [1.7300797820841778, 0.00023039984915489974, 0.0019583305939676458], "k_pid_att": [30.393665944339062, 5.997986192421947, 0.4831630133060905], "k_pid_yaw": [0.5, 1e-06, 0.1], "k_pid_hsp": [0.09625768982101345, 0.00671868163298845, 0.0], "k_pid_vsp": [239.52340365326336, 307.215251497576, 0.8014637207568777]}, "datetime": {"datetime": "2025-08-20 18:06:45", "elapsed": 22459.611212015152, "delta": 15.706247568130493}, "costs": {"total_cost": 170.01258459878272, "time_cost": 70.552, "final_distance_cost": 1.8007866192339301, "oscillation_cost": 23.79188688627109, "completition_cost": 0.0, "overshoot_cost": 50.27695419598729, "power_cost": 12.299771728515626, "noise_cost": 11.291185168774804, "n_waypoints_completed": 9, "tot_waypoints": 9}}
{"target": -169.2027084284197, "params": {"k_pid_pos": [0.5303445279643709, 0.003056716615545175, 0.007648546422564228], "k_pid_alt": [2.0, 0.00019130623017793173, 0.0012589065881434792], "k_pid_att": [19.39710405501832, 7.302176310815515, 0.3575065349094395], "k_pid_yaw": [0.5, 1e-06, 0.1], "k_pid_hsp": [0.09515464495624672, 0.007427971128782227, 0.0], "k_pid_vsp": [199.1421245867789, 144.86287311483554, 0.9439499680027712]}, "datetime": {"datetime": "2025-08-20 18:07:00", "elapsed": 22475.37626838684, "delta": 15.765056371688843}, "costs": {"total_cost": 169.2027084284197, "time_cost": 72.104, "final_distance_cost": 1.8238732796638688, "oscillation_cost": 20.412654390987075, "completition_cost": 0.0, "overshoot_cost": 51.34247241716152, "power_cost": 12.070726391601562, "noise_cost": 11.44898194900568, "n_waypoints_completed": 9, "tot_waypoints": 9}}
{"target": -170.64217364255234, "params": {"k_pid_pos": [0.644094823831807, 0.0023892984517333137, 0.008246659425060547], "k_pid_alt": [2.0, 0.00014454856262820904, 0.0006830104500153315], "k_pid_att": [31.96308495033478, 6.885587239463397, 0.65192768710082], "k_pid_yaw": [0.5, 1e-06, 0.1], "k_pid_hsp": [0.11114493420491578, 0.006737701407734258, 0.0], "k_pid_vsp": [215.54504693327885, 167.3456209264415, 0.6305670132681304]}, "datetime": {"datetime": "2025-08-20 18:07:16", "elapsed": 22491.21109867096, "delta": 15.834830284118652}, "costs": {"total_cost": 170.64217364255234, "time_cost": 70.84, "final_distance_cost": 1.8049863138283213, "oscillation_cost": 23.18566115660952, "completition_cost": 0.0, "overshoot_cost": 50.916524569033804, "power_cost": 12.417724841308594, "noise_cost": 11.477276761772089, "n_waypoints_completed": 9, "tot_waypoints": 9}}
{"target": -171.51982790117682, "params": {"k_pid_pos": [0.829256470914939, 0.004270017608873077, 0.011941399713067569], "k_pid_alt": [2.0, 0.00015521779549352506, 0.002444445994102753], "k_pid_att": [40.75141834391902, 6.547386448509954, 0.7004996290300451], "k_pid_yaw": [0.5, 1e-06, 0.1], "k_pid_hsp": [0.11560179072573444, 0.007380687172796695, 0.0], "k_pid_vsp": [196.298408575078, 160.43344449700763, 0.6390066428957192]}, "datetime": {"datetime": "2025-08-20 18:07:31", "elapsed": 22506.23325395584, "delta": 15.022155284881592}, "costs": {"total_cost": 171.51982790117682, "time_cost": 69.952, "final_distance_cost": 1.811260724745041, "oscillation_cost": 25.504346981348135, "completition_cost": 0.0, "overshoot_cost": 50.657974493150924, "power_cost": 12.328267321777345, "noise_cost": 11.265978380155396, "n_waypoints_completed": 9, "tot_waypoints": 9}}
{"target": -169.36951714031358, "params": {"k_pid_pos": [0.6668539831849403, 0.0029405934905522737, 0.006998690611478758], "k_pid_alt": [2.0, 0.0001222486738849456, 0.0012034608906924475], "k_pid_att": [35.61002217459909, 10.0, 0.7355933256257917], "k_pid_yaw": [0.5, 1e-06, 0.1], "k_pid_hsp": [0.1272489822690289, 0.006496671141966757, 0.0], "k_pid_vsp": [271.5544811557636, 221.13196501887774, 0.7168229187632078]}, "datetime": {"datetime": "2025-08-20 18:07:47", "elapsed": 22521.830976486206, "delta": 15.59772253036499}, "costs": {"total_cost": 169.36951714031358, "time_cost": 70.552, "final_distance_cost": 1.821728730748075, "oscillation_cost": 23.67020057560395, "completition_cost": 0.0, "overshoot_cost": 50.30121825038607, "power_cost": 11.871781286621093, "noise_cost": 11.152588296954411, "n_waypoints_completed": 9, "tot_waypoints": 9}}
{"target": -172.60215182644973, "params": {"k_pid_pos": [0.4923236183334085, 0.004437522001167103, 0.020845318090429218], "k_pid_alt": [1.8795971180462565, 0.0001234103193595644, 0.0], "k_pid_att": [17.004930259955113, 5.704063171122567, 0.608553542642823], "k_pid_yaw": [0.5, 1e-06, 0.1], "k_pid_hsp": [0.06544072512358524, 0.010628359146361753, 0.0], "k_pid_vsp": [201.00248763461047, 114.86930127837348, 0.7756432158061412]}, "datetime": {"datetime": "2025-08-20 18:08:04", "elapsed": 22539.073682785034, "delta": 17.242706298828125}, "costs": {"total_cost": 172.60215182644973, "time_cost": 75.416, "final_distance_cost": 1.8251400967292113, "oscillation_cost": 18.6033721854447, "completition_cost": 0.0, "overshoot_cost": 52.30527687116481, "power_cost": 12.53171092529297, "noise_cost": 11.920651747818052, "n_waypoints_completed": 9, "tot_waypoints": 9}}
{"target": -628.826402175166, "params": {"k_pid_pos": [0.18170502650830853, 0.0029636760410304444, 0.012365496336756548], "k_pid_alt": [1.6308752757397487, 0.00017099697954055587, 0.0], "k_pid_att": [52.60908288662235, 10.0, 0.662634732509772], "k_pid_yaw": [0.5, 1e-06, 0.1], "k_pid_hsp": [0.11242405483154122, 0.006100956177403825, 0.0], "k_pid_vsp": [289.7117081245375, 168.78225094554708, 1.030731904346521]}, "datetime": {"datetime": "2025-08-20 18:08:26", "elapsed": 22561.149678707123, "delta": 22.075995922088623}, "costs": {"total_cost": 628.826402175166, "time_cost": 150, "final_distance_cost": 59.72074462410367, "oscillation_cost": 9.505321349754391, "completition_cost": 333.33333333333337, "overshoot_cost": 46.739331549286334, "power_cost": 15.670162719726564, "noise_cost": 13.857508598961683, "n_waypoints_completed": 6, "tot_waypoints": 9}}
{"target": -169.47658263920215, "params": {"k_pid_pos": [0.5080340935403883, 0.0040075544667481575, 0.017325456237344935], "k_pid_alt": [1.4567902582816805, 0.00017347124413973623, 0.00230191745918938], "k_pid_att": [23.07137239655746, 9.193207398719258, 0.6594505285181884], "k_pid_yaw": [0.5, 1e-06, 0.1], "k_pid_hsp": [0.08440682310248486, 0.0059302812841965655, 0.0], "k_pid_vsp": [267.1801045346522, 208.2672288980779, 0.5528297708510567]}, "datetime": {"datetime": "2025-08-20 18:08:42", "elapsed": 22577.174585342407, "delta": 16.024906635284424}, "costs": {"total_cost": 169.47658263920215, "time_cost": 72.928, "final_distance_cost": 1.8181818889822132, "oscillation_cost": 19.586375010773278, "completition_cost": 0.0, "overshoot_cost": 50.859636448558405, "power_cost": 12.567972668457031, "noise_cost": 11.716416622431236, "n_waypoints_completed": 9, "tot_waypoints": 9}}
{"target": -179.18229284542377, "params": {"k_pid_pos": [0.3775126824157103, 0.0042422783281345, 0.020262243170071702], "k_pid_alt": [2.0, 0.00016472960107157854, 0.0024647636254788567], "k_pid_att": [43.727869308953906, 8.858537826972379, 0.5748639282444391], "k_pid_yaw": [0.5, 1e-06, 0.1], "k_pid_hsp": [0.12958131919939794, 0.005732794849444753, 0.0], "k_pid_vsp": [73.37739200377543, 224.96191780929595, 0.6740781308734739]}, "datetime": {"datetime": "2025-08-20 18:09:01", "elapsed": 22596.260199308395, "delta": 19.08561396598816}, "costs": {"total_cost": 179.18229284542377, "time_cost": 80.016, "final_distance_cost": 1.8581253439908085, "oscillation_cost": 19.256377157551523, "completition_cost": 0.0, "overshoot_cost": 51.445394301656165, "power_cost": 13.246932373046876, "noise_cost": 13.359463669178375, "n_waypoints_completed": 9, "tot_waypoints": 9}}
{"target": -174.75159790777133, "params": {"k_pid_pos": [0.8089717584711323, 0.00533953649455093, 0.0063891642263663945], "k_pid_alt": [2.0, 0.0001427885286016795, 0.000610861255038291], "k_pid_att": [30.738702035807773, 7.547966564391341, 0.5067797361551737], "k_pid_yaw": [0.5, 1e-06, 0.1], "k_pid_hsp": [0.0824834215764007, 0.0014849804427480564, 0.0], "k_pid_vsp": [363.3706995245607, 165.3783870595229, 0.9516671593123803]}, "datetime": {"datetime": "2025-08-20 18:09:17", "elapsed": 22612.028618097305, "delta": 15.768418788909912}, "costs": {"total_cost": 174.75159790777133, "time_cost": 73.06400000000001, "final_distance_cost": 1.7981627627955485, "oscillation_cost": 24.251401248754146, "completition_cost": 0.0, "overshoot_cost": 51.726326285469696, "power_cost": 12.34349881591797, "noise_cost": 11.568208794833964, "n_waypoints_completed": 9, "tot_waypoints": 9}}
{"target": -171.3755518549291, "params": {"k_pid_pos": [0.4624772030607027, 0.0033238236521003915, 0.011839022300920085], "k_pid_alt": [1.9121047132244335, 2.8591603249836302e-05, 0.0010360197378578805], "k_pid_att": [33.357504746490854, 9.70174168601538, 0.5732569661642887], "k_pid_yaw": [0.5, 1e-06, 0.1], "k_pid_hsp": [0.0684496534967703, 0.006485264959949348, 0.0], "k_pid_vsp": [349.74980054489583, 216.08601311322764, 0.7357583626245437]}, "datetime": {"datetime": "2025-08-20 18:09:34", "elapsed": 22628.817732334137, "delta": 16.789114236831665}, "costs": {"total_cost": 171.3755518549291, "time_cost": 75.536, "final_distance_cost": 1.7985747777221335, "oscillation_cost": 17.26183182962798, "completition_cost": 0.0, "overshoot_cost": 52.60802985612681, "power_cost": 12.288433642578125, "noise_cost": 11.882681748874054, "n_waypoints_completed": 9, "tot_waypoints": 9}}
{"target": -366.41890741589765, "params": {"k_pid_pos": [0.24983721810831816, 0.0032642682555156246, 0.007987589369331598], "k_pid_alt": [1.8339968000286355, 0.0001152936727157124, 0.0001495699769512531], "k_pid_att": [34.29615661256586, 9.509563879523482, 0.2623618949877145], "k_pid_yaw": [0.5, 1e-06, 0.1], "k_pid_hsp": [0.08540997118750993, 0.006205187059408992, 0.0], "k_pid_vsp": [224.2811054454969, 183.8285995382455, 1.0469630144488062]}, "datetime": {"datetime": "2025-08-20 18:09:56", "elapsed": 22651.166641950607, "delta": 22.348909616470337}, "costs": {"total_cost": 366.41890741589765, "time_cost": 150, "final_distance_cost": 2.7886403162488764, "oscillation_cost": 13.911727585634123, "completition_cost": 111.11111111111116, "overshoot_cost": 55.43458987716639, "power_cost": 16.114023181152344, "noise_cost": 17.058815344584794, "n_waypoints_completed": 8, "tot_waypoints": 9}}
{"target": -177.24229448462572, "params": {"k_pid_pos": [0.43177331137024705, 0.004003274014813232, 0.0119831188863626], "k_pid_alt": [1.2644943808048643, 0.0001806871126856891, 0.0035865614227703507], "k_pid_att": [31.062505028098002, 5.995055809160594, 0.33898233687489165], "k_pid_yaw": [0.5, 1e-06, 0.1], "k_pid_hsp": [0.05133083251392453, 0.008936534670953256, 0.0], "k_pid_vsp": [400.0, 167.575376678214, 0.5425088332513085]}, "datetime": {"datetime": "2025-08-20 18:10:14", "elapsed": 22669.07274222374, "delta": 17.906100273132324}, "costs": {"total_cost": 177.24229448462572, "time_cost": 80.816, "final_distance_cost": 1.781858368590453, "oscillation_cost": 15.484399637382563, "completition_cost": 0.0, "overshoot_cost": 53.559133959889316, "power_cost": 12.931053820800782, "noise_cost": 12.66984869796261, "n_waypoints_completed": 9, "tot_waypoints": 9}}
{"target": -169.99076032610373, "params": {"k_pid_pos": [0.6258857934226749, 0.00312388725082214, 0.01765392136831434], "k_pid_alt": [1.983306564854565, 0.00012883333843828572, 0.0019277788475656505], "k_pid_att": [11.737165951601952, 10.0, 0.7716328498699246], "k_pid_yaw": [0.5, 1e-06, 0.1], "k_pid_hsp": [0.11820497519868396, 0.010938579618771897, 0.0], "k_pid_vsp": [290.24308040079194, 155.5461121238894, 0.5242247587303496]}, "datetime": {"datetime": "2025-08-20 18:10:29", "elapsed": 22684.19130063057, "delta": 15.118558406829834}, "costs": {"total_cost": 169.99076032610373, "time_cost": 70.792, "final_distance_cost": 1.8248007462745928, "oscillation_cost": 24.525328558409193, "completition_cost": 0.0, "overshoot_cost": 49.83693117315676, "power_cost": 11.863856591796875, "noise_cost": 11.147843256466333, "n_waypoints_completed": 9, "tot_waypoints": 9}}
{"target": -170.15038975263838, "params": {"k_pid_pos": [0.6485743886191243, 0.0037336002784986947, 0.008763776887335527], "k_pid_alt": [1.076589356739933, 0.00016005202659143716, 0.0008993162707247098], "k_pid_att": [36.479846293381485, 8.406525946281183, 0.6569533218371775], "k_pid_yaw": [0.5, 1e-06, 0.1], "k_pid_hsp": [0.11539815831854318, 0.003529306701488459, 0.0], "k_pid_vsp": [148.78464064929756, 304.55808742454656, 0.5623533585011203]}, "datetime": {"datetime": "2025-08-20 18:10:45", "elapsed": 22700.416164159775, "delta": 16.224863529205322}, "costs": {"total_cost": 170.15038975263838, "time_cost": 71.416, "final_distance_cost": 1.8101990903141636, "oscillation_cost": 23.808265482065835, "completition_cost": 0.0, "overshoot_cost": 49.857655186897716, "power_cost": 12.004855395507812, "noise_cost": 11.253414597852869, "n_waypoints_completed": 9, "tot_waypoints": 9}}
{"target": -171.13262663501797, "params": {"k_pid_pos": [0.6741289209127811, 0.004642095180181886, 0.012847122803138706], "k_pid_alt": [1.7611429567393602, 0.00017690809796040783, 0.00127058465859749], "k_pid_att": [52.83696689053968, 8.435534612853923, 0.5866123948351176], "k_pid_yaw": [0.5, 1e-06, 0.1], "k_pid_hsp": [0.11051693703228045, 0.0, 0.0], "k_pid_vsp": [279.0902104051847, 98.28043133301446, 0.6777026410097636]}, "datetime": {"datetime": "2025-08-20 18:11:01", "elapsed": 22716.302935361862, "delta": 15.886771202087402}, "costs": {"total_cost": 171.13262663501797, "time_cost": 71.248, "final_distance_cost": 1.7953954667322114, "oscillation_cost": 23.483395846719144, "completition_cost": 0.0, "overshoot_cost": 51.184495390916844, "power_cost": 11.955300854492188, "noise_cost": 11.466039076157582, "n_waypoints_completed": 9, "tot_waypoints": 9}}
{"target": -172.11652566279508, "params": {"k_pid_pos": [0.39123316514688183, 0.00483768163772943, 0.008552867596949593], "k_pid_alt": [1.8814281529895382, 0.00015308138175572968, 0.002075324356585684], "k_pid_att": [43.264731330226255, 7.101177623573015, 0.7932601527840709], "k_pid_yaw": [0.5, 1e-06, 0.1], "k_pid_hsp": [0.06903224771430443, 0.009498603673201983, 0.0], "k_pid_vsp": [327.4920908973872, 184.28045822744795, 0.6232634563184919]}, "datetime": {"datetime": "2025-08-20 18:11:19", "elapsed": 22733.69727754593, "delta": 17.394342184066772}, "costs": {"total_cost": 172.11652566279508, "time_cost": 76.608, "final_distance_cost": 1.842598439388409, "oscillation_cost": 16.25598812086521, "completition_cost": 0.0, "overshoot_cost": 52.403996283027965, "power_cost": 12.615008068847656, "noise_cost": 12.390934750665862, "n_waypoints_completed": 9, "tot_waypoints": 9}}
{"target": -171.64419894350752, "params": {"k_pid_pos": [0.8025221115811035, 0.001627644459114148, 0.0074689844444796065], "k_pid_alt": [2.0, 0.00016375156466962045, 0.002153714858168539], "k_pid_att": [42.131191194827174, 7.605107479004677, 0.5645144972376173], "k_pid_yaw": [0.5, 1e-06, 0.1], "k_pid_hsp": [0.08889659136128919, 0.007736420135961407, 0.0], "k_pid_vsp": [265.85532520441456, 127.3945240544722, 0.80660451229918]}, "datetime": {"datetime": "2025-08-20 18:11:35", "elapsed": 22749.996854305267, "delta": 16.29957675933838}, "costs": {"total_cost": 171.64419894350752, "time_cost": 71.208, "final_distance_cost": 1.775316368954725, "oscillation_cost": 24.845531869959036, "completition_cost": 0.0, "overshoot_cost": 50.65382170842369, "power_cost": 11.969112438964844, "noise_cost": 11.1924165572052, "n_waypoints_completed": 9, "tot_waypoints": 9}}
