{"target": -172.0067444410066, "params": {"k_pid_pos": [0.5458785473428519, 0.004643398035740169, 0.015093502327344377], "k_pid_alt": [2.0, 0.0002567153439211746, 0.053995660524298716], "k_pid_att": [52.74105274586507, 4.819164347913215, 0.6436044105107408], "k_pid_yaw": [0.5, 1e-06, 0.1], "k_pid_hsp": [0.07985444393953625, 0.007756539986301192, 0.0], "k_pid_vsp": [162.198771623668, 46.42680383635017, 0.8813356305450717]}, "datetime": {"datetime": "2025-08-20 16:04:31", "elapsed": 15126.026792287827, "delta": 16.08470630645752}, "costs": {"total_cost": 172.0067444410066, "time_cost": 73.376, "final_distance_cost": 1.8058944069755858, "oscillation_cost": 20.088973154405487, "completition_cost": 0.0, "overshoot_cost": 51.95960585002028, "power_cost": 12.835647216796875, "noise_cost": 11.940623812808346, "n_waypoints_completed": 9, "tot_waypoints": 9}}
{"target": -174.60704251004339, "params": {"k_pid_pos": [1.1303827635366668, 0.0, 0.02349652473536372], "k_pid_alt": [1.5949161916084946, 0.00018151500577341225, 0.02842317501334735], "k_pid_att": [21.970890301743598, 3.5579284671702616, 0.7313592692125305], "k_pid_yaw": [0.5, 1e-06, 0.1], "k_pid_hsp": [0.1474771637209625, 0.011765319913076158, 0.0], "k_pid_vsp": [262.05379286192715, 170.46143679831337, 1.5152247425578158]}, "datetime": {"datetime": "2025-08-20 16:04:47", "elapsed": 15141.536571502686, "delta": 15.509779214859009}, "costs": {"total_cost": 174.60704251004339, "time_cost": 68.944, "final_distance_cost": 1.7991991815859536, "oscillation_cost": 30.063708516995366, "completition_cost": 0.0, "overshoot_cost": 50.14602284781698, "power_cost": 12.440820080566407, "noise_cost": 11.213291883078679, "n_waypoints_completed": 9, "tot_waypoints": 9}}
{"target": -171.227882196987, "params": {"k_pid_pos": [0.7562279914983577, 0.013924421428935232, 0.0], "k_pid_alt": [1.8938007182605163, 0.00016349446175135504, 0.020500811269644096], "k_pid_att": [17.633763489874863, 5.2885923138767135, 0.5224869851731531], "k_pid_yaw": [0.5, 1e-06, 0.1], "k_pid_hsp": [0.1655331394554242, 0.011370318576992867, 0.0], "k_pid_vsp": [219.48337856392195, 100.84221628654088, 1.4649748192962857]}, "datetime": {"datetime": "2025-08-20 16:05:02", "elapsed": 15156.978562831879, "delta": 15.441991329193115}, "costs": {"total_cost": 171.227882196987, "time_cost": 69.968, "final_distance_cost": 1.8150332083142964, "oscillation_cost": 25.927451622100808, "completition_cost": 0.0, "overshoot_cost": 50.54227690703126, "power_cost": 11.770439440917968, "noise_cost": 11.204681018622669, "n_waypoints_completed": 9, "tot_waypoints": 9}}
{"target": -171.7866926230205, "params": {"k_pid_pos": [0.7090446918232577, 0.016315909241648476, 0.0], "k_pid_alt": [1.540448933663009, 0.00014601989014697753, 0.0493818996742947], "k_pid_att": [18.758380965451213, 5.491616769771599, 0.6527928135881197], "k_pid_yaw": [0.5, 1e-06, 0.1], "k_pid_hsp": [0.17415808096978727, 0.006680186296420822, 0.0], "k_pid_vsp": [312.8442732894961, 130.04961910560166, 0.9135373803622829]}, "datetime": {"datetime": "2025-08-20 16:05:17", "elapsed": 15172.065786361694, "delta": 15.087223529815674}, "costs": {"total_cost": 171.7866926230205, "time_cost": 70.19200000000001, "final_distance_cost": 1.8281011627645958, "oscillation_cost": 25.502259882158484, "completition_cost": 0.0, "overshoot_cost": 50.893998161655894, "power_cost": 12.051984057617188, "noise_cost": 11.318349358824342, "n_waypoints_completed": 9, "tot_waypoints": 9}}
{"target": -174.06557374946067, "params": {"k_pid_pos": [0.8330625839374973, 0.020692294797587957, 0.017139439719868168], "k_pid_alt": [1.3397003087380146, 5.088741925165876e-05, 0.029526954836698056], "k_pid_att": [43.361153518385485, 3.59135371774421, 0.16178891925706732], "k_pid_yaw": [0.5, 1e-06, 0.1], "k_pid_hsp": [0.08746679890972514, 0.004741722728249356, 0.0], "k_pid_vsp": [252.1459055518512, 132.42313515722836, 0.08730271260598911]}, "datetime": {"datetime": "2025-08-20 16:05:33", "elapsed": 15188.496838569641, "delta": 16.431052207946777}, "costs": {"total_cost": 174.06557374946067, "time_cost": 72.656, "final_distance_cost": 1.7775568080762616, "oscillation_cost": 25.126886130892903, "completition_cost": 0.0, "overshoot_cost": 51.11046011373117, "power_cost": 12.0035076171875, "noise_cost": 11.391163079572848, "n_waypoints_completed": 9, "tot_waypoints": 9}}
{"target": -174.17211221245014, "params": {"k_pid_pos": [0.8469493783922353, 0.013507005175374924, 0.02955941650628605], "k_pid_alt": [1.7111041368220434, 8.772302594433517e-05, 0.03687713623738483], "k_pid_att": [30.203900744157732, 2.965037499797976, 0.840784707840064], "k_pid_yaw": [0.5, 1e-06, 0.1], "k_pid_hsp": [0.07995427371586952, 0.013598500133664156, 0.0], "k_pid_vsp": [260.85085319239676, 113.24137939138647, 0.30577191734888726]}, "datetime": {"datetime": "2025-08-20 16:05:50", "elapsed": 15204.66373515129, "delta": 16.16689658164978}, "costs": {"total_cost": 174.17211221245014, "time_cost": 71.92, "final_distance_cost": 1.809380833013998, "oscillation_cost": 26.212919237209448, "completition_cost": 0.0, "overshoot_cost": 50.77845223585339, "power_cost": 12.200482922363282, "noise_cost": 11.250876984009999, "n_waypoints_completed": 9, "tot_waypoints": 9}}
{"target": -176.1805124458495, "params": {"k_pid_pos": [0.6357714904924437, 0.007163767888774404, 0.01747667524735506], "k_pid_alt": [1.7053503847956264, 7.714414321016083e-05, 0.037683780329661166], "k_pid_att": [28.081400830712408, 4.778231754529673, 0.5282893601399404], "k_pid_yaw": [0.5, 1e-06, 0.1], "k_pid_hsp": [0.2937285242041697, 0.005023252401110419, 0.0], "k_pid_vsp": [337.89815710604756, 156.7136387823769, 0.8934400837047344]}, "datetime": {"datetime": "2025-08-20 16:06:05", "elapsed": 15220.397632360458, "delta": 15.73389720916748}, "costs": {"total_cost": 176.1805124458495, "time_cost": 73.08800000000001, "final_distance_cost": 1.845826498672105, "oscillation_cost": 26.005130996184754, "completition_cost": 0.0, "overshoot_cost": 50.46106507973205, "power_cost": 12.657650988769532, "noise_cost": 12.122838882491012, "n_waypoints_completed": 9, "tot_waypoints": 9}}
{"target": -172.14101881300942, "params": {"k_pid_pos": [0.6012713759213698, 0.015976146184004576, 0.015831112024519423], "k_pid_alt": [2.0, 0.0001759383621056648, 0.0422167657252771], "k_pid_att": [38.48267617364281, 6.576994205165701, 0.4248550447069539], "k_pid_yaw": [0.5, 1e-06, 0.1], "k_pid_hsp": [0.14698214929889028, 0.01465906653575698, 0.0], "k_pid_vsp": [298.89951873469687, 85.42338641748388, 1.4375084407270513]}, "datetime": {"datetime": "2025-08-20 16:06:22", "elapsed": 15236.615095615387, "delta": 16.21746325492859}, "costs": {"total_cost": 172.14101881300942, "time_cost": 71.488, "final_distance_cost": 1.8402481163548527, "oscillation_cost": 24.622104527121568, "completition_cost": 0.0, "overshoot_cost": 50.6500861892308, "power_cost": 11.977097326660157, "noise_cost": 11.56348265364204, "n_waypoints_completed": 9, "tot_waypoints": 9}}
{"target": -170.38725640933757, "params": {"k_pid_pos": [0.7936616722559403, 0.014874925269079728, 0.024234324534586266], "k_pid_alt": [1.6605159016891753, 0.00017482430544515362, 0.029866490169999507], "k_pid_att": [23.307200219222366, 3.851291174990269, 0.9268968872210301], "k_pid_yaw": [0.5, 1e-06, 0.1], "k_pid_hsp": [0.10686393011993782, 0.00943749377138306, 0.0], "k_pid_vsp": [165.20506092955608, 90.20106910662695, 1.3939196445107553]}, "datetime": {"datetime": "2025-08-20 16:06:38", "elapsed": 15252.782443761826, "delta": 16.1673481464386}, "costs": {"total_cost": 170.38725640933757, "time_cost": 70.208, "final_distance_cost": 1.7933735321925386, "oscillation_cost": 25.1805132626137, "completition_cost": 0.0, "overshoot_cost": 50.45128597725353, "power_cost": 11.742774780273438, "noise_cost": 11.01130885700437, "n_waypoints_completed": 9, "tot_waypoints": 9}}
{"target": -175.372452247369, "params": {"k_pid_pos": [0.8845948595378929, 0.015120568896948688, 0.0029201431667088135], "k_pid_alt": [1.5369370943119203, 7.638283980392835e-05, 0.01979277274094532], "k_pid_att": [14.91701080457272, 2.1217705899592585, 0.516202678493578], "k_pid_yaw": [0.5, 1e-06, 0.1], "k_pid_hsp": [0.0908378973107092, 0.00887469450576424, 0.0], "k_pid_vsp": [229.497160958784, 41.48649254550623, 1e-06]}, "datetime": {"datetime": "2025-08-20 16:06:54", "elapsed": 15269.283567667007, "delta": 16.501123905181885}, "costs": {"total_cost": 175.372452247369, "time_cost": 72.256, "final_distance_cost": 1.769113199260279, "oscillation_cost": 26.454944524769378, "completition_cost": 0.0, "overshoot_cost": 51.189724722073144, "power_cost": 12.291378369140626, "noise_cost": 11.411291432125584, "n_waypoints_completed": 9, "tot_waypoints": 9}}
{"target": -172.51280796152756, "params": {"k_pid_pos": [0.8165536615899676, 0.014561933004526788, 0.013089029547414784], "k_pid_alt": [0.8381369259461563, 5.8309945068957134e-05, 0.036717752769969796], "k_pid_att": [34.90660144211841, 5.854976645777817, 0.6224813699603787], "k_pid_yaw": [0.5, 1e-06, 0.1], "k_pid_hsp": [0.15908852823994563, 0.0021535712320049946, 0.0], "k_pid_vsp": [235.9550662295541, 73.39129663946498, 0.3529154358124254]}, "datetime": {"datetime": "2025-08-20 16:07:10", "elapsed": 15285.050572872162, "delta": 15.767005205154419}, "costs": {"total_cost": 172.51280796152756, "time_cost": 71.616, "final_distance_cost": 1.8319247564196557, "oscillation_cost": 26.07635001873918, "completition_cost": 0.0, "overshoot_cost": 50.39018437676044, "power_cost": 11.520301867675782, "noise_cost": 11.078046941932518, "n_waypoints_completed": 9, "tot_waypoints": 9}}
{"target": -537.0558575332128, "params": {"k_pid_pos": [0.8042395382933837, 0.010332502660748505, 0.006201837946283807], "k_pid_alt": [1.8581870183415428, 9.026440420017072e-05, 0.022013416231336836], "k_pid_att": [22.474854164483062, 4.578138020866302, 0.6140195403693275], "k_pid_yaw": [0.5, 1e-06, 0.1], "k_pid_hsp": [0.03714446761731498, 0.012268679722774846, 0.0], "k_pid_vsp": [325.0723025722905, 84.35417188085306, 1.673254174943415]}, "datetime": {"datetime": "2025-08-20 16:07:32", "elapsed": 15307.23542189598, "delta": 22.18484902381897}, "costs": {"total_cost": 537.0558575332128, "time_cost": 150, "final_distance_cost": 68.72755240500722, "oscillation_cost": 20.663537057292583, "completition_cost": 222.2222222222222, "overshoot_cost": 45.008628212215825, "power_cost": 16.31247955322266, "noise_cost": 14.121438083252391, "n_waypoints_completed": 7, "tot_waypoints": 9}}
{"target": -171.9212297136215, "params": {"k_pid_pos": [0.8903982729972936, 0.013807681368671818, 0.01226835335761395], "k_pid_alt": [2.0, 0.00018109131944954026, 0.04397523068585252], "k_pid_att": [46.61171512122419, 5.50483306665988, 0.7374943251144618], "k_pid_yaw": [0.5, 1e-06, 0.1], "k_pid_hsp": [0.20259174299885122, 0.011682598053966204, 0.0], "k_pid_vsp": [262.31859956923626, 180.74342144197763, 1.844773538261748]}, "datetime": {"datetime": "2025-08-20 16:07:48", "elapsed": 15323.128759384155, "delta": 15.893337488174438}, "costs": {"total_cost": 171.9212297136215, "time_cost": 69.592, "final_distance_cost": 1.831331226354091, "oscillation_cost": 27.228310098929725, "completition_cost": 0.0, "overshoot_cost": 50.66658854835745, "power_cost": 11.611728320312501, "noise_cost": 10.99127151966776, "n_waypoints_completed": 9, "tot_waypoints": 9}}
{"target": -181.49618544870592, "params": {"k_pid_pos": [0.5553829338575809, 0.02356944617362791, 0.036671309894451186], "k_pid_alt": [0.6258345001520532, 0.00014361055454006384, 0.014148326179331159], "k_pid_att": [37.54698056440556, 9.665906863898622, 0.35048870022282536], "k_pid_yaw": [0.5, 1e-06, 0.1], "k_pid_hsp": [0.23491009216418632, 0.009044303638176536, 0.0], "k_pid_vsp": [310.79408629359136, 121.73876766285468, 1.5726336161023342]}, "datetime": {"datetime": "2025-08-20 16:08:05", "elapsed": 15340.453574419022, "delta": 17.324815034866333}, "costs": {"total_cost": 181.49618544870592, "time_cost": 78.83200000000001, "final_distance_cost": 1.8497914805272409, "oscillation_cost": 25.100306086124846, "completition_cost": 0.0, "overshoot_cost": 50.75477308355159, "power_cost": 12.581482385253906, "noise_cost": 12.377832413248322, "n_waypoints_completed": 9, "tot_waypoints": 9}}
{"target": -182.57988283076224, "params": {"k_pid_pos": [0.6969964900736273, 0.01427990893600254, 0.013360277002257318], "k_pid_alt": [0.4461310528924159, 0.00019579697379297216, 0.04742694077309459], "k_pid_att": [41.21162522344799, 3.4341800223675203, 0.7770824299063523], "k_pid_yaw": [0.5, 1e-06, 0.1], "k_pid_hsp": [0.12875897912839163, 0.00888116485144579, 0.0], "k_pid_vsp": [189.13684396466735, 88.60810358118374, 1.3769454988898697]}, "datetime": {"datetime": "2025-08-20 16:08:23", "elapsed": 15357.970791816711, "delta": 17.51721739768982}, "costs": {"total_cost": 182.57988283076224, "time_cost": 79.56, "final_distance_cost": 1.858132844107022, "oscillation_cost": 25.15882308495814, "completition_cost": 0.0, "overshoot_cost": 50.86829259760956, "power_cost": 13.13407821044922, "noise_cost": 12.00055609363828, "n_waypoints_completed": 9, "tot_waypoints": 9}}
{"target": -171.72503339954312, "params": {"k_pid_pos": [0.5979607250540911, 0.014938658856709511, 0.0], "k_pid_alt": [1.3256909590368566, 5.4542420355480405e-05, 0.02290189626140819], "k_pid_att": [33.71508425176557, 6.828357770852794, 0.3305694931043462], "k_pid_yaw": [0.5, 1e-06, 0.1], "k_pid_hsp": [0.1399790825110794, 0.008903559378271484, 0.0], "k_pid_vsp": [331.78298140209716, 82.14830280951871, 2.3914022259794874]}, "datetime": {"datetime": "2025-08-20 16:08:39", "elapsed": 15373.805404424667, "delta": 15.834612607955933}, "costs": {"total_cost": 171.72503339954312, "time_cost": 71.632, "final_distance_cost": 1.8205359671829318, "oscillation_cost": 24.246743393464783, "completition_cost": 0.0, "overshoot_cost": 50.69594634592695, "power_cost": 11.875771362304688, "noise_cost": 11.454036330663765, "n_waypoints_completed": 9, "tot_waypoints": 9}}
{"target": -171.01141126811441, "params": {"k_pid_pos": [0.7250553251703842, 0.018509138419709963, 0.0018843370978027022], "k_pid_alt": [1.6717450337646802, 0.0001878599892864844, 0.036243580092632864], "k_pid_att": [30.5674414297182, 5.586661467514123, 0.6956658733723935], "k_pid_yaw": [0.5, 1e-06, 0.1], "k_pid_hsp": [0.1846036811189954, 0.00806612554484816, 0.0], "k_pid_vsp": [297.5720136618537, 134.0562778449633, 1.1421605690019676]}, "datetime": {"datetime": "2025-08-20 16:08:54", "elapsed": 15389.048654079437, "delta": 15.243249654769897}, "costs": {"total_cost": 171.01141126811441, "time_cost": 70.144, "final_distance_cost": 1.8345107339341795, "oscillation_cost": 25.08944610886301, "completition_cost": 0.0, "overshoot_cost": 50.714144298660244, "power_cost": 11.8588115234375, "noise_cost": 11.37049860321945, "n_waypoints_completed": 9, "tot_waypoints": 9}}
{"target": -176.72438516366586, "params": {"k_pid_pos": [1.1894682698070727, 0.010914398171664093, 0.011604353251037857], "k_pid_alt": [2.0, 7.483843131075994e-05, 0.03018125924596592], "k_pid_att": [45.45652626931861, 6.290108057638272, 0.814082895870904], "k_pid_yaw": [0.5, 1e-06, 0.1], "k_pid_hsp": [0.15310959764809728, 0.0035560409729281073, 0.0], "k_pid_vsp": [74.03909421898348, 56.140629083702, 0.22549577845168192]}, "datetime": {"datetime": "2025-08-20 16:09:10", "elapsed": 15404.839974164963, "delta": 15.791320085525513}, "costs": {"total_cost": 176.72438516366586, "time_cost": 69.712, "final_distance_cost": 1.8128087812157658, "oscillation_cost": 29.78292178570009, "completition_cost": 0.0, "overshoot_cost": 51.15817490244794, "power_cost": 12.792915393066407, "noise_cost": 11.465564301235654, "n_waypoints_completed": 9, "tot_waypoints": 9}}
{"target": -958.1201497457859, "params": {"k_pid_pos": [0.09429792909023375, 0.011008591485816713, 0.018083937948353643], "k_pid_alt": [0.8296938627689919, 0.00010769240570137612, 0.035306816498867244], "k_pid_att": [26.829502333802562, 3.3886073086113693, 0.30622269472435437], "k_pid_yaw": [0.5, 1e-06, 0.1], "k_pid_hsp": [0.1251878500477164, 0.01356197629394428, 0.0], "k_pid_vsp": [164.68101213775284, 155.6788198870483, 1.499337059699603]}, "datetime": {"datetime": "2025-08-20 16:09:32", "elapsed": 15426.973659038544, "delta": 22.133684873580933}, "costs": {"total_cost": 958.1201497457859, "time_cost": 150, "final_distance_cost": 53.93947008902987, "oscillation_cost": 4.185480600757833, "completition_cost": 666.6666666666667, "overshoot_cost": 54.927216606395326, "power_cost": 14.820013879394532, "noise_cost": 13.581301903541538, "n_waypoints_completed": 3, "tot_waypoints": 9}}
{"target": -186.00990853021773, "params": {"k_pid_pos": [0.42276985882064966, 0.0061577867963275865, 0.007335222846369768], "k_pid_alt": [1.8327389493566695, 9.194819657350065e-05, 0.04052821319442351], "k_pid_att": [34.558930779608055, 5.62538438368684, 1.0], "k_pid_yaw": [0.5, 1e-06, 0.1], "k_pid_hsp": [0.27470297499746293, 0.009582517902546247, 0.0], "k_pid_vsp": [324.61908553982056, 95.12011376947002, 1.2410173320109228]}, "datetime": {"datetime": "2025-08-20 16:09:50", "elapsed": 15444.858335256577, "delta": 17.884676218032837}, "costs": {"total_cost": 186.00990853021773, "time_cost": 81.536, "final_distance_cost": 1.8550858481279928, "oscillation_cost": 23.78444722192674, "completition_cost": 0.0, "overshoot_cost": 51.91166078649163, "power_cost": 13.326893664550783, "noise_cost": 13.59582100912056, "n_waypoints_completed": 9, "tot_waypoints": 9}}
{"target": -170.25472852718184, "params": {"k_pid_pos": [0.6279214436392626, 0.008826020834057579, 0.004764405476436299], "k_pid_alt": [1.799778389461541, 0.0001268533959864485, 0.028439000202098236], "k_pid_att": [31.719421238795448, 7.4410509473307895, 0.6119058143286374], "k_pid_yaw": [0.5, 1e-06, 0.1], "k_pid_hsp": [0.08656486755844815, 0.010572587001028389, 0.0], "k_pid_vsp": [293.80150850949, 122.75980647426279, 1.4530148100400313]}, "datetime": {"datetime": "2025-08-20 16:10:10", "elapsed": 15464.59205198288, "delta": 19.7337167263031}, "costs": {"total_cost": 170.25472852718184, "time_cost": 72.232, "final_distance_cost": 1.821462199901059, "oscillation_cost": 22.483803606497652, "completition_cost": 0.0, "overshoot_cost": 50.643041325000816, "power_cost": 11.844723791503906, "noise_cost": 11.229697604278428, "n_waypoints_completed": 9, "tot_waypoints": 9}}
{"target": -375.2833761160977, "params": {"k_pid_pos": [0.6776012361965531, 0.01113462426526713, 0.022030763662249753], "k_pid_alt": [0.27870051674573787, 0.0001407377652321355, 0.03664834334019818], "k_pid_att": [32.75015257302858, 5.248578311234498, 0.7607608026554815], "k_pid_yaw": [0.5, 1e-06, 0.1], "k_pid_hsp": [0.07533889860301711, 0.014053335286706811, 0.0], "k_pid_vsp": [306.9236023774223, 148.8003088507178, 0.5016897166782136]}, "datetime": {"datetime": "2025-08-20 16:10:33", "elapsed": 15488.000040054321, "delta": 23.40798807144165}, "costs": {"total_cost": 375.2833761160977, "time_cost": 150, "final_distance_cost": 3.9005376415201503, "oscillation_cost": 25.080590693909393, "completition_cost": 111.11111111111116, "overshoot_cost": 53.652072919930454, "power_cost": 17.020264013671877, "noise_cost": 14.518799735954714, "n_waypoints_completed": 8, "tot_waypoints": 9}}
{"target": -170.58799762187186, "params": {"k_pid_pos": [0.44489280986335106, 0.023948619389252402, 0.023381843308006633], "k_pid_alt": [1.361151948763667, 0.00012960172835501695, 0.04770409823662877], "k_pid_att": [27.451351034806482, 7.0400248375967225, 0.6401497160759684], "k_pid_yaw": [0.5, 1e-06, 0.1], "k_pid_hsp": [0.0895724487749871, 0.005827964084572808, 0.0], "k_pid_vsp": [359.27402184491734, 117.91473988200119, 1.2755893430981715]}, "datetime": {"datetime": "2025-08-20 16:10:50", "elapsed": 15505.001340389252, "delta": 17.00130033493042}, "costs": {"total_cost": 170.58799762187186, "time_cost": 74.68, "final_distance_cost": 1.82862530313797, "oscillation_cost": 18.348773145347632, "completition_cost": 0.0, "overshoot_cost": 51.697635428411495, "power_cost": 12.022514367675782, "noise_cost": 12.010449377298995, "n_waypoints_completed": 9, "tot_waypoints": 9}}
{"target": -648.47440783848, "params": {"k_pid_pos": [0.9807749708447705, 0.011658650447557336, 0.02248183365407978], "k_pid_alt": [1.2662628377565432, 8.49741139055404e-06, 0.03497931802854416], "k_pid_att": [21.137862463275802, 3.1561963241664013, 0.7545333734650285], "k_pid_yaw": [0.5, 1e-06, 0.1], "k_pid_hsp": [0.03337342815185856, 0.008430470692420066, 0.0], "k_pid_vsp": [219.02020090790816, 97.6953186458013, 0.7548210932436091]}, "datetime": {"datetime": "2025-08-20 16:11:12", "elapsed": 15527.101407289505, "delta": 22.100066900253296}, "costs": {"total_cost": 648.47440783848, "time_cost": 150, "final_distance_cost": 70.78990451969618, "oscillation_cost": 18.642859766990338, "completition_cost": 333.33333333333337, "overshoot_cost": 45.48439555935536, "power_cost": 16.048084399414062, "noise_cost": 14.17583025969076, "n_waypoints_completed": 6, "tot_waypoints": 9}}
{"target": -172.44002338977148, "params": {"k_pid_pos": [0.8835218231591693, 0.02736239830799664, 0.008339965240557329], "k_pid_alt": [2.0, 0.00027448517895128525, 0.04193483647772672], "k_pid_att": [26.291362202179624, 7.910177533144584, 0.9954434917870162], "k_pid_yaw": [0.5, 1e-06, 0.1], "k_pid_hsp": [0.12873384449501485, 0.011400618981830021, 0.0], "k_pid_vsp": [236.31318824501693, 86.11254285844245, 0.8459783351138755]}, "datetime": {"datetime": "2025-08-20 16:11:27", "elapsed": 15542.318483114243, "delta": 15.217075824737549}, "costs": {"total_cost": 172.44002338977148, "time_cost": 69.776, "final_distance_cost": 1.8197840515561665, "oscillation_cost": 27.23501974451426, "completition_cost": 0.0, "overshoot_cost": 50.79039184138524, "power_cost": 11.842163757324219, "noise_cost": 10.976663994991615, "n_waypoints_completed": 9, "tot_waypoints": 9}}
