{"target": -174.15130785081402, "params": {"k_pid_pos": [0.7966178811399027, 0.01062052172257985, 0.02684699564896116], "k_pid_alt": [1.431001281627113, 0.0001931806562784887, 0.03454673738068149], "k_pid_att": [35.920817500930916, 10.0, 0.4492491424956168], "k_pid_yaw": [0.5, 1e-06, 0.1], "k_pid_hsp": [0.07901084073573285, 0.014375758133137436, 0.0], "k_pid_vsp": [382.1502990788784, 126.2584360972384, 1.3643769256716585]}, "datetime": {"datetime": "2025-08-20 16:26:07", "elapsed": 16421.771104574203, "delta": 16.386908054351807}, "costs": {"total_cost": 174.15130785081402, "time_cost": 72.272, "final_distance_cost": 1.7988418934967687, "oscillation_cost": 25.91923730202522, "completition_cost": 0.0, "overshoot_cost": 50.64878332841586, "power_cost": 12.172323437500001, "noise_cost": 11.34012188937615, "n_waypoints_completed": 9, "tot_waypoints": 9}}
{"target": -177.55463946625775, "params": {"k_pid_pos": [1.122658420730599, 0.008237798985431874, 0.02896853669813836], "k_pid_alt": [1.8685412762085274, 0.00018436056599238754, 0.023683671938442244], "k_pid_att": [39.954626173265176, 6.108439633897198, 0.7742275293097641], "k_pid_yaw": [0.5, 1e-06, 0.1], "k_pid_hsp": [0.07693063000951726, 0.009618931133830961, 0.0], "k_pid_vsp": [180.9558702975537, 140.18125172230415, 0.5231692678010692]}, "datetime": {"datetime": "2025-08-20 16:26:23", "elapsed": 16438.355412483215, "delta": 16.58430790901184}, "costs": {"total_cost": 177.55463946625775, "time_cost": 72.712, "final_distance_cost": 1.7738182801300784, "oscillation_cost": 28.89911235611673, "completition_cost": 0.0, "overshoot_cost": 50.769817911411174, "power_cost": 12.171966613769532, "noise_cost": 11.227924304830214, "n_waypoints_completed": 9, "tot_waypoints": 9}}
{"target": -171.36645438746146, "params": {"k_pid_pos": [0.6939055004901536, 0.005974057156532857, 0.020546678171367457], "k_pid_alt": [1.5903492804360448, 0.0001655005702247542, 0.042850108468341475], "k_pid_att": [53.659076299346374, 9.435731331418909, 0.3732385580035486], "k_pid_yaw": [0.5, 1e-06, 0.1], "k_pid_hsp": [0.08892464958250564, 0.0049484299045741195, 0.0], "k_pid_vsp": [372.8963889964393, 121.49036451037027, 1.1031590825009745]}, "datetime": {"datetime": "2025-08-20 16:26:39", "elapsed": 16453.923491239548, "delta": 15.568078756332397}, "costs": {"total_cost": 171.36645438746146, "time_cost": 71.536, "final_distance_cost": 1.7815251231759068, "oscillation_cost": 22.74666670144878, "completition_cost": 0.0, "overshoot_cost": 51.33696522560684, "power_cost": 12.31710574951172, "noise_cost": 11.648191587718228, "n_waypoints_completed": 9, "tot_waypoints": 9}}
{"target": -174.77060455542153, "params": {"k_pid_pos": [0.4062759381505027, 0.007908147811233598, 0.022114322831165836], "k_pid_alt": [2.0, 0.00014978299116001173, 0.06381680385737877], "k_pid_att": [35.95183158152906, 7.8024708734170005, 0.6469682902329867], "k_pid_yaw": [0.5, 1e-06, 0.1], "k_pid_hsp": [0.06475940647265939, 0.010867313489001038, 0.0], "k_pid_vsp": [400.0, 94.35327989524497, 0.4200389346764097]}, "datetime": {"datetime": "2025-08-20 16:26:57", "elapsed": 16471.88163614273, "delta": 17.958144903182983}, "costs": {"total_cost": 174.77060455542153, "time_cost": 78.128, "final_distance_cost": 1.8270925454474876, "oscillation_cost": 16.451729368790843, "completition_cost": 0.0, "overshoot_cost": 53.15527866139013, "power_cost": 12.753854626464845, "noise_cost": 12.454649353328215, "n_waypoints_completed": 9, "tot_waypoints": 9}}
{"target": -176.4859519116476, "params": {"k_pid_pos": [0.33030500209886066, 0.010149129767774994, 0.0], "k_pid_alt": [1.3553348070051372, 0.0003455212728064795, 0.02267458880799919], "k_pid_att": [59.28297895355405, 5.684410852559217, 0.39533982527951905], "k_pid_yaw": [0.5, 1e-06, 0.1], "k_pid_hsp": [0.06449337034832353, 0.007665020765317186, 0.0], "k_pid_vsp": [336.85522665846906, 70.83463062299641, 1.8245881784432463]}, "datetime": {"datetime": "2025-08-20 16:27:15", "elapsed": 16489.92864894867, "delta": 18.04701280593872}, "costs": {"total_cost": 176.4859519116476, "time_cost": 79.92, "final_distance_cost": 1.8336677444956089, "oscillation_cost": 14.738723156100415, "completition_cost": 0.0, "overshoot_cost": 53.89470027975499, "power_cost": 13.00752645263672, "noise_cost": 13.091334278659843, "n_waypoints_completed": 9, "tot_waypoints": 9}}
{"target": -169.59388689340452, "params": {"k_pid_pos": [0.718038394375879, 0.0036550448833338363, 0.012206202957122603], "k_pid_alt": [1.4130833262385207, 0.00019916129607524692, 0.0016256129297982623], "k_pid_att": [28.35192242162131, 9.37306389227697, 0.35166560423356397], "k_pid_yaw": [0.5, 1e-06, 0.1], "k_pid_hsp": [0.12373152179899842, 0.005809462663218533, 0.0], "k_pid_vsp": [276.62200944553086, 157.71974229758737, 0.31697881758820295]}, "datetime": {"datetime": "2025-08-20 16:27:30", "elapsed": 16505.165312051773, "delta": 15.236663103103638}, "costs": {"total_cost": 169.59388689340452, "time_cost": 70.184, "final_distance_cost": 1.8118025748773368, "oscillation_cost": 24.55692693252385, "completition_cost": 0.0, "overshoot_cost": 50.272774779763, "power_cost": 11.682261437988283, "noise_cost": 11.08612116825208, "n_waypoints_completed": 9, "tot_waypoints": 9}}
{"target": -1090.5422533373376, "params": {"k_pid_pos": [0.07551699760146564, 0.006001148235360606, 0.012113872448636216], "k_pid_alt": [1.4524904348593235, 0.0001779796465980431, 0.055320522485411174], "k_pid_att": [31.76552244766992, 6.807597523765601, 0.5767325819768514], "k_pid_yaw": [0.5, 1e-06, 0.1], "k_pid_hsp": [0.11560198451575598, 0.007685709496864121, 0.0], "k_pid_vsp": [373.67491157980004, 80.42974690186904, 1.1324414412896908]}, "datetime": {"datetime": "2025-08-20 16:27:52", "elapsed": 16527.213428735733, "delta": 22.04811668395996}, "costs": {"total_cost": 1090.5422533373376, "time_cost": 150, "final_distance_cost": 86.33814553133851, "oscillation_cost": 2.483167879978708, "completition_cost": 777.7777777777778, "overshoot_cost": 45.79921820201094, "power_cost": 14.5578298828125, "noise_cost": 13.586114063419037, "n_waypoints_completed": 2, "tot_waypoints": 9}}
{"target": -171.55064464648706, "params": {"k_pid_pos": [0.6823045337230709, 0.005813134329985671, 0.025457623867048595], "k_pid_alt": [1.9254976481198192, 0.00016546500630964744, 0.04799251436181562], "k_pid_att": [48.23275618594448, 6.9579689649445, 0.39701944184887544], "k_pid_yaw": [0.5, 1e-06, 0.1], "k_pid_hsp": [0.1281940911603675, 0.01508958164160575, 0.0], "k_pid_vsp": [30.169803668704503, 79.44328486628696, 1.1916484121848752]}, "datetime": {"datetime": "2025-08-20 16:28:08", "elapsed": 16543.182535648346, "delta": 15.969106912612915}, "costs": {"total_cost": 171.55064464648706, "time_cost": 70.816, "final_distance_cost": 1.8192998970648953, "oscillation_cost": 24.945737932148354, "completition_cost": 0.0, "overshoot_cost": 50.084089410266465, "power_cost": 12.407287170410157, "noise_cost": 11.4782302365972, "n_waypoints_completed": 9, "tot_waypoints": 9}}
{"target": -188.79454294706886, "params": {"k_pid_pos": [0.3245700221605193, 0.010744920103471079, 0.015265110777327904], "k_pid_alt": [1.5206266783325537, 2.0735322274720427e-05, 0.027993255079553487], "k_pid_att": [25.58632829046238, 8.518275008175571, 0.6203838432136454], "k_pid_yaw": [0.5, 1e-06, 0.1], "k_pid_hsp": [0.11085368082062631, 0.011178496273419982, 0.0], "k_pid_vsp": [190.77845993618496, 149.4206662083983, 0.7834911780656458]}, "datetime": {"datetime": "2025-08-20 16:28:28", "elapsed": 16562.531810760498, "delta": 19.3492751121521}, "costs": {"total_cost": 188.79454294706886, "time_cost": 86.456, "final_distance_cost": 1.8631073896643877, "oscillation_cost": 18.089359518434325, "completition_cost": 0.0, "overshoot_cost": 52.42824092313199, "power_cost": 14.551838330078125, "noise_cost": 15.405996785760044, "n_waypoints_completed": 9, "tot_waypoints": 9}}
{"target": -174.3086257942512, "params": {"k_pid_pos": [0.8140438615497171, 0.0019423131127967867, 0.022926417331961504], "k_pid_alt": [1.5112870074456828, 0.00031196482273874, 0.028650034231491584], "k_pid_att": [64.90014554337174, 7.531772129358981, 0.16853998596073003], "k_pid_yaw": [0.5, 1e-06, 0.1], "k_pid_hsp": [0.07969987290210233, 0.004637511953354155, 0.0], "k_pid_vsp": [229.2221185453018, 177.5544682816459, 0.34159437441675605]}, "datetime": {"datetime": "2025-08-20 16:28:43", "elapsed": 16578.198937654495, "delta": 15.667126893997192}, "costs": {"total_cost": 174.3086257942512, "time_cost": 72.48, "final_distance_cost": 1.759210450428554, "oscillation_cost": 25.169312285390546, "completition_cost": 0.0, "overshoot_cost": 51.158731895315015, "power_cost": 12.238548791503908, "noise_cost": 11.502822371613178, "n_waypoints_completed": 9, "tot_waypoints": 9}}
{"target": -177.79644594407387, "params": {"k_pid_pos": [0.7292098109268892, 0.0039008673599446966, 0.024848801671877613], "k_pid_alt": [1.2082335281604333, 0.0001585081912636039, 0.01491199589543519], "k_pid_att": [49.63509753245733, 8.059946733467305, 0.6301621794465841], "k_pid_yaw": [0.5, 1e-06, 0.1], "k_pid_hsp": [0.054918955171616456, 0.00451540520853563, 0.0], "k_pid_vsp": [385.5335528634364, 143.6252815448161, 0.7502725473490713]}, "datetime": {"datetime": "2025-08-20 16:29:01", "elapsed": 16595.560476064682, "delta": 17.361538410186768}, "costs": {"total_cost": 177.79644594407387, "time_cost": 77.176, "final_distance_cost": 1.7971135049377358, "oscillation_cost": 20.28076406478469, "completition_cost": 0.0, "overshoot_cost": 53.36287154552734, "power_cost": 12.968005114746095, "noise_cost": 12.211691714078011, "n_waypoints_completed": 9, "tot_waypoints": 9}}
{"target": -170.30472924556045, "params": {"k_pid_pos": [0.5019557966442315, 0.007940529481238709, 0.01588342219095709], "k_pid_alt": [1.914681972093267, 0.00011634507298146348, 0.021631481406037087], "k_pid_att": [30.733432715045065, 6.039858370596009, 0.5359484891534572], "k_pid_yaw": [0.5, 1e-06, 0.1], "k_pid_hsp": [0.10975214380984344, 0.00846870927377608, 0.0], "k_pid_vsp": [231.66020390797962, 138.74346712288482, 1.5217555263960596]}, "datetime": {"datetime": "2025-08-20 16:29:17", "elapsed": 16611.846843004227, "delta": 16.286366939544678}, "costs": {"total_cost": 170.30472924556045, "time_cost": 72.64, "final_distance_cost": 1.8402345262021271, "oscillation_cost": 20.50211395022163, "completition_cost": 0.0, "overshoot_cost": 51.12325270577671, "power_cost": 12.41978621826172, "noise_cost": 11.779341845098259, "n_waypoints_completed": 9, "tot_waypoints": 9}}
{"target": -170.78414137266554, "params": {"k_pid_pos": [0.6761885001725337, 0.006543662965012443, 0.0032771440983187035], "k_pid_alt": [1.3760578449185363, 0.00029232726664604264, 0.03026582168101848], "k_pid_att": [21.24396698314415, 2.8818517267830472, 0.22062848259122936], "k_pid_yaw": [0.5, 1e-06, 0.1], "k_pid_hsp": [0.08801586609751096, 0.009212616680203234, 0.0], "k_pid_vsp": [91.58081666180765, 156.88685135353563, 1.1019740117460435]}, "datetime": {"datetime": "2025-08-20 16:29:32", "elapsed": 16627.31023669243, "delta": 15.463393688201904}, "costs": {"total_cost": 170.78414137266554, "time_cost": 71.872, "final_distance_cost": 1.817969238801226, "oscillation_cost": 23.069327492598017, "completition_cost": 0.0, "overshoot_cost": 50.83620183199841, "power_cost": 11.967498327636719, "noise_cost": 11.221144481631185, "n_waypoints_completed": 9, "tot_waypoints": 9}}
{"target": -171.1855267385054, "params": {"k_pid_pos": [0.5910601259774878, 0.008818703040847494, 0.025514479590988765], "k_pid_alt": [1.8231135741972064, 0.00015870625876541222, 0.02476217116105119], "k_pid_att": [33.337088080456205, 8.494269706584262, 0.5752051244636285], "k_pid_yaw": [0.5, 1e-06, 0.1], "k_pid_hsp": [0.08766071248400832, 0.009758652712300489, 0.0], "k_pid_vsp": [373.0957479360798, 131.45213569467728, 1.1362783352168002]}, "datetime": {"datetime": "2025-08-20 16:29:48", "elapsed": 16643.132951259613, "delta": 15.822714567184448}, "costs": {"total_cost": 171.1855267385054, "time_cost": 72.264, "final_distance_cost": 1.8225504733525149, "oscillation_cost": 21.786432831988733, "completition_cost": 0.0, "overshoot_cost": 51.03126235629887, "power_cost": 12.563360839843751, "noise_cost": 11.717920237021538, "n_waypoints_completed": 9, "tot_waypoints": 9}}
{"target": -176.05053000814624, "params": {"k_pid_pos": [0.6888618524471696, 0.007348950205258893, 0.0249692437133881], "k_pid_alt": [0.9728897908678785, 0.00020082851259260932, 0.031004808782430504], "k_pid_att": [26.852411499513966, 9.019146874564317, 0.5972668777706641], "k_pid_yaw": [0.5, 1e-06, 0.1], "k_pid_hsp": [0.05843165949935732, 0.007177724789326371, 0.0], "k_pid_vsp": [354.9877593100013, 90.06349418859456, 1.1620229850672452]}, "datetime": {"datetime": "2025-08-20 16:30:05", "elapsed": 16660.19511604309, "delta": 17.062164783477783}, "costs": {"total_cost": 176.05053000814624, "time_cost": 76.336, "final_distance_cost": 1.798017757022682, "oscillation_cost": 21.42458237820457, "completition_cost": 0.0, "overshoot_cost": 52.69843398684991, "power_cost": 12.078830688476563, "noise_cost": 11.714665197592534, "n_waypoints_completed": 9, "tot_waypoints": 9}}
{"target": -171.4253371979869, "params": {"k_pid_pos": [0.6567460362658166, 0.011308946352918728, 0.020635219475332867], "k_pid_alt": [1.42352367249397, 9.859510560407426e-05, 0.046774068530935665], "k_pid_att": [38.14609428027123, 7.986800621133864, 0.6248858578082584], "k_pid_yaw": [0.5, 1e-06, 0.1], "k_pid_hsp": [0.08474930661454257, 0.0063949212072904075, 0.0], "k_pid_vsp": [349.7086676928354, 183.638971275534, 1.0163286415002888]}, "datetime": {"datetime": "2025-08-20 16:30:21", "elapsed": 16676.36947631836, "delta": 16.174360275268555}, "costs": {"total_cost": 171.4253371979869, "time_cost": 72.57600000000001, "final_distance_cost": 1.7892973019195444, "oscillation_cost": 22.416956262764586, "completition_cost": 0.0, "overshoot_cost": 51.132557311466236, "power_cost": 12.089848046875, "noise_cost": 11.420678274961508, "n_waypoints_completed": 9, "tot_waypoints": 9}}
{"target": -180.29699839449088, "params": {"k_pid_pos": [0.767964367198712, 0.006061435657414643, 0.021081651349263125], "k_pid_alt": [1.3785717149696222, 0.00018205028435640548, 0.03642890583182097], "k_pid_att": [74.73086983162982, 7.608168264358395, 0.4742246021608283], "k_pid_yaw": [0.5, 1e-06, 0.1], "k_pid_hsp": [0.04900803373628445, 0.0054976977762215525, 0.0], "k_pid_vsp": [205.83973101875551, 106.70481705433859, 0.5327017308128461]}, "datetime": {"datetime": "2025-08-20 16:30:39", "elapsed": 16693.837889671326, "delta": 17.46841335296631}, "costs": {"total_cost": 180.29699839449088, "time_cost": 78.616, "final_distance_cost": 1.7389651713814953, "oscillation_cost": 20.468588274529402, "completition_cost": 0.0, "overshoot_cost": 54.25473247497361, "power_cost": 12.884223583984376, "noise_cost": 12.334488889621971, "n_waypoints_completed": 9, "tot_waypoints": 9}}
{"target": -175.08712053181074, "params": {"k_pid_pos": [0.8781525061148457, 0.006474331986602169, 0.005025404976292229], "k_pid_alt": [0.7587916754093911, 0.00023557436925959825, 0.010537252914969887], "k_pid_att": [19.156642734725068, 8.27909629036162, 0.4492129856719596], "k_pid_yaw": [0.5, 1e-06, 0.1], "k_pid_hsp": [0.11904932589544422, 0.00823442835832158, 0.0], "k_pid_vsp": [396.7670825445639, 148.1219041665262, 0.8755664653092725]}, "datetime": {"datetime": "2025-08-20 16:30:56", "elapsed": 16711.002701044083, "delta": 17.164811372756958}, "costs": {"total_cost": 175.08712053181074, "time_cost": 72.08800000000001, "final_distance_cost": 1.819712170924865, "oscillation_cost": 27.41701399660944, "completition_cost": 0.0, "overshoot_cost": 50.2822684597471, "power_cost": 12.224870764160157, "noise_cost": 11.255255140369185, "n_waypoints_completed": 9, "tot_waypoints": 9}}
{"target": -178.62432346688118, "params": {"k_pid_pos": [0.4037069069270561, 0.0052451073875569194, 0.022108351132898996], "k_pid_alt": [1.5513541340452914, 0.0001974716912173862, 0.02417489956308813], "k_pid_att": [21.786161272308018, 9.150491820247899, 0.6101139187635475], "k_pid_yaw": [0.5, 1e-06, 0.1], "k_pid_hsp": [0.13738956014156237, 0.005657036831166748, 0.0], "k_pid_vsp": [221.38586872921692, 131.27708766821814, 0.7447701996996013]}, "datetime": {"datetime": "2025-08-20 16:31:13", "elapsed": 16728.396824598312, "delta": 17.394123554229736}, "costs": {"total_cost": 178.62432346688118, "time_cost": 78.424, "final_distance_cost": 1.8505778918698788, "oscillation_cost": 20.72020156224695, "completition_cost": 0.0, "overshoot_cost": 51.28123600695115, "power_cost": 13.192010485839845, "noise_cost": 13.156297519973387, "n_waypoints_completed": 9, "tot_waypoints": 9}}
{"target": -171.6914854951112, "params": {"k_pid_pos": [0.7561402785327233, 0.0038040027143793997, 0.021204912198768012], "k_pid_alt": [1.1724664678286711, 0.00016885390730685948, 0.004162370109702264], "k_pid_att": [33.19508228617111, 9.222475205709571, 0.4790641906024031], "k_pid_yaw": [0.5, 1e-06, 0.1], "k_pid_hsp": [0.10146584302040512, 0.006245097706626945, 0.0], "k_pid_vsp": [380.6208392107898, 45.14960307152065, 1.0414982743967358]}, "datetime": {"datetime": "2025-08-20 16:31:30", "elapsed": 16745.13419485092, "delta": 16.737370252609253}, "costs": {"total_cost": 171.6914854951112, "time_cost": 71.528, "final_distance_cost": 1.7820424408593727, "oscillation_cost": 24.555069882086674, "completition_cost": 0.0, "overshoot_cost": 50.78887914552606, "power_cost": 11.785652026367188, "noise_cost": 11.251842000271928, "n_waypoints_completed": 9, "tot_waypoints": 9}}
{"target": -171.86766816304564, "params": {"k_pid_pos": [0.7225308658334092, 0.0038417699986499146, 0.017661194828412306], "k_pid_alt": [1.469888480807958, 0.00019912676290612935, 0.0300460148276358], "k_pid_att": [16.053435860846665, 10.0, 0.3578814940706938], "k_pid_yaw": [0.5, 1e-06, 0.1], "k_pid_hsp": [0.19635975978659606, 0.008043896955996338, 0.0], "k_pid_vsp": [320.3145932806687, 138.87378089961783, 0.41572604605702335]}, "datetime": {"datetime": "2025-08-20 16:31:46", "elapsed": 16760.78526544571, "delta": 15.651070594787598}, "costs": {"total_cost": 171.86766816304564, "time_cost": 70.28, "final_distance_cost": 1.8392730203156245, "oscillation_cost": 25.941169127041242, "completition_cost": 0.0, "overshoot_cost": 50.437410535059875, "power_cost": 11.945860522460938, "noise_cost": 11.423954958167938, "n_waypoints_completed": 9, "tot_waypoints": 9}}
{"target": -178.10874116675708, "params": {"k_pid_pos": [0.8214508479059281, 0.0015426460727675964, 0.010406162905503813], "k_pid_alt": [0.7168153268252344, 8.122335438612531e-05, 0.06787808711447335], "k_pid_att": [28.806434063157948, 6.5870666892767415, 0.5319265524334257], "k_pid_yaw": [0.5, 1e-06, 0.1], "k_pid_hsp": [0.07886758537566761, 0.004449595304063879, 0.0], "k_pid_vsp": [376.8465149174136, 131.5005592782736, 0.1965727548447969]}, "datetime": {"datetime": "2025-08-20 16:32:03", "elapsed": 16778.151890039444, "delta": 17.36662459373474}, "costs": {"total_cost": 178.10874116675708, "time_cost": 76.08800000000001, "final_distance_cost": 1.8131269642597747, "oscillation_cost": 24.365008699786564, "completition_cost": 0.0, "overshoot_cost": 51.404847128526626, "power_cost": 12.671756604003907, "noise_cost": 11.766001770180187, "n_waypoints_completed": 9, "tot_waypoints": 9}}
{"target": -171.23790473045506, "params": {"k_pid_pos": [0.4539775157810351, 0.004673323478040396, 0.023122348501970546], "k_pid_alt": [1.2972635951846951, 0.00016764306803555766, 0.031069718185189932], "k_pid_att": [47.2370290302172, 5.8717133694007515, 0.6076618449167365], "k_pid_yaw": [0.5, 1e-06, 0.1], "k_pid_hsp": [0.09953117020246234, 0.0048272818764456, 0.0], "k_pid_vsp": [158.81201983208592, 45.719927045957384, 0.5111046353411453]}, "datetime": {"datetime": "2025-08-20 16:32:19", "elapsed": 16794.3284201622, "delta": 16.176530122756958}, "costs": {"total_cost": 171.23790473045506, "time_cost": 74.648, "final_distance_cost": 1.8384413863319486, "oscillation_cost": 18.88967836031145, "completition_cost": 0.0, "overshoot_cost": 51.308341093245964, "power_cost": 12.355690966796876, "noise_cost": 12.197752923768796, "n_waypoints_completed": 9, "tot_waypoints": 9}}
{"target": -183.90613143163856, "params": {"k_pid_pos": [0.2792911392673511, 0.005261376596642227, 0.02055072280823483], "k_pid_alt": [1.4250333728392963, 0.000177412079115345, 0.018165466875601406], "k_pid_att": [41.87447052082512, 6.309890454475837, 0.2799134925785048], "k_pid_yaw": [0.5, 1e-06, 0.1], "k_pid_hsp": [0.0663664994640065, 0.007305994599130855, 0.0], "k_pid_vsp": [400.0, 81.83825361985754, 0.5645237913625688]}, "datetime": {"datetime": "2025-08-20 16:32:38", "elapsed": 16813.346646547318, "delta": 19.018226385116577}, "costs": {"total_cost": 183.90613143163856, "time_cost": 86.048, "final_distance_cost": 1.860465427751922, "oscillation_cost": 13.278621759768225, "completition_cost": 0.0, "overshoot_cost": 54.9480065261756, "power_cost": 13.219008557128907, "noise_cost": 14.55202916081389, "n_waypoints_completed": 9, "tot_waypoints": 9}}
{"target": -178.44392400816872, "params": {"k_pid_pos": [0.4304637946816448, 0.0075453587847460505, 0.019785135000811385], "k_pid_alt": [0.8619337271402864, 0.00022834204312239214, 0.019595668745170266], "k_pid_att": [74.50731268172554, 3.661547111296176, 0.4867928412155325], "k_pid_yaw": [0.5, 1e-06, 0.1], "k_pid_hsp": [0.13540981306560812, 0.006352471557860176, 0.0], "k_pid_vsp": [380.9837025433091, 132.61309539688327, 0.4342571028332167]}, "datetime": {"datetime": "2025-08-20 16:32:56", "elapsed": 16830.801380872726, "delta": 17.454734325408936}, "costs": {"total_cost": 178.44392400816872, "time_cost": 78.48, "final_distance_cost": 1.8542153511637245, "oscillation_cost": 21.045763643073297, "completition_cost": 0.0, "overshoot_cost": 51.4698729664629, "power_cost": 12.754674670410157, "noise_cost": 12.839397377058603, "n_waypoints_completed": 9, "tot_waypoints": 9}}
