{"target": -193.72864762808226, "params": {"k_pid_pos": [1.2759392472637778, 0.24106039277698535, 0.3056288187917573], "k_pid_alt": [0.7238271926010996, 0.0, 0.17882313288301907], "k_pid_att": [51.61267858861334, 2.348168159893544, 1.0], "k_pid_yaw": [0.5, 1e-06, 0.1], "k_pid_hsp": [2.9619602282926665, 0.0845299522721547, 0.0], "k_pid_vsp": [316.877591565283, 129.76723209291492, 10.036376207745898]}, "datetime": {"datetime": "2025-08-20 13:32:10", "elapsed": 5984.630683898926, "delta": 17.90079975128174}, "costs": {"total_cost": 193.72864762808226, "time_cost": 73.736, "final_distance_cost": 1.8256651106432915, "oscillation_cost": 39.17500237399957, "completition_cost": 0.0, "overshoot_cost": 50.04483082143072, "power_cost": 16.16906375732422, "noise_cost": 12.778085564684476, "n_waypoints_completed": 9, "tot_waypoints": 9}}
{"target": -177.55613836108185, "params": {"k_pid_pos": [2.0, 0.07752743093172042, 0.6578718038063746], "k_pid_alt": [2.0, 0.0, 0.36259932320865973], "k_pid_att": [60.172931480231135, 2.520449105359792, 1.0], "k_pid_yaw": [0.5, 1e-06, 0.1], "k_pid_hsp": [2.3648572119982147, 0.08587694042067517, 0.0], "k_pid_vsp": [283.0979284386313, 242.8012322926752, 3.372942822084294]}, "datetime": {"datetime": "2025-08-20 13:32:26", "elapsed": 6000.83150434494, "delta": 16.200820446014404}, "costs": {"total_cost": 177.55613836108185, "time_cost": 68.632, "final_distance_cost": 1.8102896065879373, "oscillation_cost": 35.300831737136214, "completition_cost": 0.0, "overshoot_cost": 49.64265990906609, "power_cost": 11.344214697265626, "noise_cost": 10.826142411025996, "n_waypoints_completed": 9, "tot_waypoints": 9}}
{"target": -192.05336457994537, "params": {"k_pid_pos": [1.0821523251967984, 0.17172922644674904, 1.0], "k_pid_alt": [1.5234868612710357, 0.0006757601550496095, 0.6424335762852728], "k_pid_att": [11.867347987213554, 1.2332289322835217, 1.0], "k_pid_yaw": [0.5, 1e-06, 0.1], "k_pid_hsp": [2.1627838805703337, 0.13628953819617154, 0.0], "k_pid_vsp": [400.0, 205.521243000528, 5.659230984529039]}, "datetime": {"datetime": "2025-08-20 13:32:45", "elapsed": 6019.56593132019, "delta": 18.734426975250244}, "costs": {"total_cost": 192.05336457994537, "time_cost": 79.76, "final_distance_cost": 1.8467468516982015, "oscillation_cost": 31.882282925987074, "completition_cost": 0.0, "overshoot_cost": 51.792153413534464, "power_cost": 13.72437528076172, "noise_cost": 13.04780610796393, "n_waypoints_completed": 9, "tot_waypoints": 9}}
{"target": -197.4668642255739, "params": {"k_pid_pos": [1.844375818293403, 0.1841152906705935, 0.6892506879665855], "k_pid_alt": [0.7193838860579532, 0.00029188357309360317, 0.7283918375993794], "k_pid_att": [9.118084247674211, 1.6448543890579603, 0.8122215300614863], "k_pid_yaw": [0.5, 1e-06, 0.1], "k_pid_hsp": [1.3081152236209028, 0.12960034416765545, 0.0], "k_pid_vsp": [225.4541006412719, 257.1787492471296, 1.6308854875989294]}, "datetime": {"datetime": "2025-08-20 13:33:03", "elapsed": 6038.4959597587585, "delta": 18.930028438568115}, "costs": {"total_cost": 197.4668642255739, "time_cost": 81.208, "final_distance_cost": 1.8583327776816974, "oscillation_cost": 36.87644510408443, "completition_cost": 0.0, "overshoot_cost": 49.521644097562934, "power_cost": 14.869067492675782, "noise_cost": 13.133374753569065, "n_waypoints_completed": 9, "tot_waypoints": 9}}
{"target": -184.1973084057935, "params": {"k_pid_pos": [0.8325249353179993, 0.24776105909196813, 0.22346522258282145], "k_pid_alt": [2.0, 7.77506815723799e-05, 0.6477553385094356], "k_pid_att": [44.953225020065815, 1.0735906023284834, 0.5315264974751905], "k_pid_yaw": [0.5, 1e-06, 0.1], "k_pid_hsp": [3.38421211480812, 0.0, 0.0], "k_pid_vsp": [247.45092692645423, 219.46216403272112, 4.417834205168689]}, "datetime": {"datetime": "2025-08-20 13:33:21", "elapsed": 6056.000929117203, "delta": 17.504969358444214}, "costs": {"total_cost": 184.1973084057935, "time_cost": 73.552, "final_distance_cost": 1.8034908273713768, "oscillation_cost": 33.824797993308884, "completition_cost": 0.0, "overshoot_cost": 50.86346158162971, "power_cost": 12.181572937011719, "noise_cost": 11.971985066471829, "n_waypoints_completed": 9, "tot_waypoints": 9}}
{"target": -201.94383419403096, "params": {"k_pid_pos": [2.0, 0.0797390701368672, 0.5925840224547264], "k_pid_alt": [2.0, 0.0, 0.7672285254337327], "k_pid_att": [1.914421411484054, 2.469119252243977, 0.5797484985250638], "k_pid_yaw": [0.5, 1e-06, 0.1], "k_pid_hsp": [1.8451332849363122, 0.0, 0.0], "k_pid_vsp": [284.7235646186353, 89.87300863785607, 3.6115418608589582]}, "datetime": {"datetime": "2025-08-20 13:33:37", "elapsed": 6072.318554878235, "delta": 16.317625761032104}, "costs": {"total_cost": 201.94383419403096, "time_cost": 69.024, "final_distance_cost": 1.7927227425537648, "oscillation_cost": 56.507355257809756, "completition_cost": 0.0, "overshoot_cost": 50.18563212747281, "power_cost": 13.03316805419922, "noise_cost": 11.400956011995403, "n_waypoints_completed": 9, "tot_waypoints": 9}}
{"target": -188.39414743693288, "params": {"k_pid_pos": [1.1784624687897336, 0.11663562917710231, 0.4341879347208601], "k_pid_alt": [0.9124042015769293, 0.0002893851384275038, 0.6530029434781821], "k_pid_att": [5.908249055874762, 2.4757754087405606, 1.0], "k_pid_yaw": [0.5, 1e-06, 0.1], "k_pid_hsp": [1.2779377917454433, 0.0, 0.0], "k_pid_vsp": [394.7888496950181, 140.4294761958528, 1.9365593706738204]}, "datetime": {"datetime": "2025-08-20 13:33:56", "elapsed": 6090.535871744156, "delta": 18.21731686592102}, "costs": {"total_cost": 188.39414743693288, "time_cost": 76.16, "final_distance_cost": 1.8345482889625269, "oscillation_cost": 33.929912658152105, "completition_cost": 0.0, "overshoot_cost": 50.3130847742538, "power_cost": 13.87779609375, "noise_cost": 12.27880562181446, "n_waypoints_completed": 9, "tot_waypoints": 9}}
{"target": -1160.723255873116, "params": {"k_pid_pos": [1.3972252412728239, 0.18809421777049196, 0.5786899046331415], "k_pid_alt": [1.4713830679226734, 0.00021012100507367498, 0.5436768898336024], "k_pid_att": [77.09588181727678, 1.0116055186657607, 1.0], "k_pid_yaw": [0.5, 1e-06, 0.1], "k_pid_hsp": [0.0001, 0.048807133147135036, 0.0], "k_pid_vsp": [278.7214495868016, 220.6273135605076, 1.3398859540052426]}, "datetime": {"datetime": "2025-08-20 13:34:22", "elapsed": 6116.754290819168, "delta": 26.218419075012207}, "costs": {"total_cost": 1160.723255873116, "time_cost": 150, "final_distance_cost": 93.15459257569204, "oscillation_cost": 31.45705038846698, "completition_cost": 777.7777777777778, "overshoot_cost": 79.42991460737807, "power_cost": 14.920132751464845, "noise_cost": 13.98378777233628, "n_waypoints_completed": 2, "tot_waypoints": 9}}
{"target": -195.3530576317868, "params": {"k_pid_pos": [0.7913143722274368, 0.1289864403210743, 0.5822425484263637], "k_pid_alt": [2.0, 0.0001941485675277843, 0.7154944759220853], "k_pid_att": [65.67672315042427, 1.3163687925764982, 0.9850297244374652], "k_pid_yaw": [0.5, 1e-06, 0.1], "k_pid_hsp": [3.019590205493955, 0.13298439864972234, 0.0], "k_pid_vsp": [297.58749924560897, 162.01833048387124, 1e-06]}, "datetime": {"datetime": "2025-08-20 13:34:41", "elapsed": 6136.005350351334, "delta": 19.251059532165527}, "costs": {"total_cost": 195.3530576317868, "time_cost": 81.208, "final_distance_cost": 1.8487087038222456, "oscillation_cost": 34.487124732657826, "completition_cost": 0.0, "overshoot_cost": 51.49167382089212, "power_cost": 13.077620324707032, "noise_cost": 13.239930049707587, "n_waypoints_completed": 9, "tot_waypoints": 9}}
{"target": -182.47832767869028, "params": {"k_pid_pos": [2.0, 0.18476014000971422, 0.44430020175888907], "k_pid_alt": [1.328965591187025, 0.00023182852721917595, 0.49574730513259996], "k_pid_att": [80.2943278710129, 3.279417727673078, 1.0], "k_pid_yaw": [0.5, 1e-06, 0.1], "k_pid_hsp": [2.521830544780651, 0.16851673939019193, 0.0], "k_pid_vsp": [98.30312742187063, 48.27016665127005, 4.846000056422265]}, "datetime": {"datetime": "2025-08-20 13:34:58", "elapsed": 6153.02285695076, "delta": 17.01750659942627}, "costs": {"total_cost": 182.47832767869028, "time_cost": 70.296, "final_distance_cost": 1.8017505541790577, "oscillation_cost": 37.94344028697294, "completition_cost": 0.0, "overshoot_cost": 49.70934736355024, "power_cost": 11.689042395019532, "noise_cost": 11.03874707896851, "n_waypoints_completed": 9, "tot_waypoints": 9}}
{"target": -181.21271135491, "params": {"k_pid_pos": [1.3545744214495736, 0.11132025924641693, 0.35824474652256644], "k_pid_alt": [1.7239249699720631, 5.3962994809463636e-05, 0.3844802806714415], "k_pid_att": [75.9605127414524, 3.0855881028755583, 1.0], "k_pid_yaw": [0.5, 1e-06, 0.1], "k_pid_hsp": [2.432116935850173, 0.11366937338020451, 0.0], "k_pid_vsp": [381.3519279246595, 122.52855665768925, 1e-06]}, "datetime": {"datetime": "2025-08-20 13:35:17", "elapsed": 6171.619241952896, "delta": 18.59638500213623}, "costs": {"total_cost": 181.21271135491, "time_cost": 69.816, "final_distance_cost": 1.817036623730139, "oscillation_cost": 35.15906054770971, "completition_cost": 0.0, "overshoot_cost": 50.98258206201785, "power_cost": 12.008808007812501, "noise_cost": 11.429224113639807, "n_waypoints_completed": 9, "tot_waypoints": 9}}
{"target": -178.94570820677276, "params": {"k_pid_pos": [1.4361322903911586, 0.11633219137083677, 0.5371539515835758], "k_pid_alt": [2.0, 0.00017525728107756441, 0.6608374338785058], "k_pid_att": [38.323655930887725, 2.4543734580904055, 0.5440628044853221], "k_pid_yaw": [0.5, 1e-06, 0.1], "k_pid_hsp": [1.2917239130836375, 0.09366687215410675, 0.0], "k_pid_vsp": [400.0, 102.9718121678455, 6.308199473962444]}, "datetime": {"datetime": "2025-08-20 13:35:33", "elapsed": 6188.208178281784, "delta": 16.58893632888794}, "costs": {"total_cost": 178.94570820677276, "time_cost": 70.056, "final_distance_cost": 1.8309483692091726, "oscillation_cost": 32.22899015516549, "completition_cost": 0.0, "overshoot_cost": 50.35334293419718, "power_cost": 12.766926623535158, "noise_cost": 11.709500124665771, "n_waypoints_completed": 9, "tot_waypoints": 9}}
{"target": -197.36409636307286, "params": {"k_pid_pos": [0.986265659683568, 0.11488127190558713, 0.5602719613444772], "k_pid_alt": [0.6256480391132988, 0.0, 0.4934291791518795], "k_pid_att": [48.37835686861675, 1.6760999862767803, 1.0], "k_pid_yaw": [0.5, 1e-06, 0.1], "k_pid_hsp": [1.7507328471429313, 0.07418373086836168, 0.0], "k_pid_vsp": [220.23475195048806, 137.80645109994842, 1.1432627997581994]}, "datetime": {"datetime": "2025-08-20 13:35:53", "elapsed": 6207.777923107147, "delta": 19.56974482536316}, "costs": {"total_cost": 197.36409636307286, "time_cost": 85.32000000000001, "final_distance_cost": 1.8470650483909399, "oscillation_cost": 31.926345462463726, "completition_cost": 0.0, "overshoot_cost": 51.234154413482806, "power_cost": 13.990016235351563, "noise_cost": 13.046515203383814, "n_waypoints_completed": 9, "tot_waypoints": 9}}
{"target": -184.8743952742708, "params": {"k_pid_pos": [2.0, 0.22812568257107144, 0.6516685150473479], "k_pid_alt": [1.0085226971613535, 0.00018145814140584904, 0.6031206146181146], "k_pid_att": [24.81739791886449, 1.9849106633698756, 0.9401844212505924], "k_pid_yaw": [0.5, 1e-06, 0.1], "k_pid_hsp": [1.0948889820509058, 0.05027170536997813, 0.0], "k_pid_vsp": [187.5613319550324, 109.30911616140936, 10.139328446365047]}, "datetime": {"datetime": "2025-08-20 13:36:11", "elapsed": 6225.543283462524, "delta": 17.765360355377197}, "costs": {"total_cost": 184.8743952742708, "time_cost": 72.88, "final_distance_cost": 1.792551050901067, "oscillation_cost": 33.60191426101073, "completition_cost": 0.0, "overshoot_cost": 49.89916499623505, "power_cost": 14.843004455566406, "noise_cost": 11.857760510557549, "n_waypoints_completed": 9, "tot_waypoints": 9}}
{"target": -221.32317588259798, "params": {"k_pid_pos": [1.5270752926972053, 0.09027867009703205, 1.0], "k_pid_alt": [2.0, 0.00023061610768526967, 0.8911200582756559], "k_pid_att": [65.09847853673463, 1.068692322519287, 0.0017461859823070618], "k_pid_yaw": [0.5, 1e-06, 0.1], "k_pid_hsp": [3.7205942158222545, 0.12090864445509346, 0.0], "k_pid_vsp": [169.2005511290976, 109.95558483390492, 2.5483134171126225]}, "datetime": {"datetime": "2025-08-20 13:36:27", "elapsed": 6242.387469053268, "delta": 16.84418559074402}, "costs": {"total_cost": 221.32317588259798, "time_cost": 72.032, "final_distance_cost": 1.8458116023911273, "oscillation_cost": 72.73521908240568, "completition_cost": 0.0, "overshoot_cost": 50.47850413121251, "power_cost": 12.272446875, "noise_cost": 11.95919419158866, "n_waypoints_completed": 9, "tot_waypoints": 9}}
{"target": -185.11158821168402, "params": {"k_pid_pos": [1.6863210820215926, 0.1548322554479323, 0.09097608513880967], "k_pid_alt": [1.088804944331399, 0.00039758632776170874, 0.17677790282578706], "k_pid_att": [60.55276569346151, 1.518694805597187, 1.0], "k_pid_yaw": [0.5, 1e-06, 0.1], "k_pid_hsp": [1.786741825703327, 0.06216391086098516, 0.0], "k_pid_vsp": [241.5000159716304, 5.2217646477841315, 1e-06]}, "datetime": {"datetime": "2025-08-20 13:36:44", "elapsed": 6259.4621732234955, "delta": 17.07470417022705}, "costs": {"total_cost": 185.11158821168402, "time_cost": 71.56, "final_distance_cost": 1.7936303067042183, "oscillation_cost": 37.08383659324827, "completition_cost": 0.0, "overshoot_cost": 51.02726388402192, "power_cost": 12.202097021484375, "noise_cost": 11.444760406225235, "n_waypoints_completed": 9, "tot_waypoints": 9}}
{"target": -179.19630140585608, "params": {"k_pid_pos": [1.865124456275493, 0.016692922004270336, 0.8548174255842914], "k_pid_alt": [2.0, 0.0002457576120976788, 0.506626078977456], "k_pid_att": [57.00325961714291, 2.583294972617376, 1.0], "k_pid_yaw": [0.5, 1e-06, 0.1], "k_pid_hsp": [2.35918472635375, 0.11009585041934411, 0.0], "k_pid_vsp": [400.0, 196.8887540036129, 2.46037126082533]}, "datetime": {"datetime": "2025-08-20 13:37:03", "elapsed": 6277.879629850388, "delta": 18.41745662689209}, "costs": {"total_cost": 179.19630140585608, "time_cost": 69.536, "final_distance_cost": 1.8496888706424506, "oscillation_cost": 34.786593644598646, "completition_cost": 0.0, "overshoot_cost": 50.23492849043606, "power_cost": 11.580458862304688, "noise_cost": 11.208631537874236, "n_waypoints_completed": 9, "tot_waypoints": 9}}
{"target": -183.6717397786554, "params": {"k_pid_pos": [1.6340091700112147, 0.07385032145389128, 1.0], "k_pid_alt": [1.5017136028696887, 0.0003444083084360627, 1.0], "k_pid_att": [7.419286711782, 1.9798649753183908, 1.0], "k_pid_yaw": [0.5, 1e-06, 0.1], "k_pid_hsp": [2.0037926165638114, 0.11660859023068208, 0.0], "k_pid_vsp": [175.66283887997108, 202.35649959537076, 1e-06]}, "datetime": {"datetime": "2025-08-20 13:37:20", "elapsed": 6294.813558340073, "delta": 16.93392848968506}, "costs": {"total_cost": 183.6717397786554, "time_cost": 72.60000000000001, "final_distance_cost": 1.843633723500728, "oscillation_cost": 35.081957648769915, "completition_cost": 0.0, "overshoot_cost": 49.667224534814885, "power_cost": 12.701054235839845, "noise_cost": 11.777869635730003, "n_waypoints_completed": 9, "tot_waypoints": 9}}
{"target": -651.5379707133264, "params": {"k_pid_pos": [0.7233513082101025, 0.16666565800484967, 0.6645996561216393], "k_pid_alt": [0.27066490363744405, 0.00014481119555001014, 0.5695683579090489], "k_pid_att": [45.70711208067491, 1.3535488663730437, 0.7073414748000806], "k_pid_yaw": [0.5, 1e-06, 0.1], "k_pid_hsp": [2.0151982321713264, 0.04615615886526547, 0.0], "k_pid_vsp": [278.423099978432, 112.04696233130004, 4.761938300868323]}, "datetime": {"datetime": "2025-08-20 13:37:43", "elapsed": 6318.498099803925, "delta": 23.68454146385193}, "costs": {"total_cost": 651.5379707133264, "time_cost": 150, "final_distance_cost": 70.4861773971569, "oscillation_cost": 23.986596473364592, "completition_cost": 333.33333333333337, "overshoot_cost": 43.167151233038304, "power_cost": 16.285456091308596, "noise_cost": 14.279256185124702, "n_waypoints_completed": 6, "tot_waypoints": 9}}
{"target": -202.7803546435091, "params": {"k_pid_pos": [2.0, 0.14817447618402999, 0.4177264891948787], "k_pid_alt": [0.5878915855371166, 0.0, 0.5394733160080408], "k_pid_att": [33.90187862992898, 2.3937571558761954, 0.9694725896912878], "k_pid_yaw": [0.5, 1e-06, 0.1], "k_pid_hsp": [1.2707952575571122, 0.010468282003349113, 0.0], "k_pid_vsp": [146.036963581716, 172.53066567854185, 6.027561798906535]}, "datetime": {"datetime": "2025-08-20 13:38:03", "elapsed": 6338.498476266861, "delta": 20.0003764629364}, "costs": {"total_cost": 202.7803546435091, "time_cost": 83.664, "final_distance_cost": 1.8541043913041737, "oscillation_cost": 38.81389435940236, "completition_cost": 0.0, "overshoot_cost": 50.14677070133519, "power_cost": 14.86615390625, "noise_cost": 13.435431285217405, "n_waypoints_completed": 9, "tot_waypoints": 9}}
{"target": -1247.5585034603475, "params": {"k_pid_pos": [0.8839088399879764, 0.10644954875545919, 0.5669443820181569], "k_pid_alt": [0.9046027308557072, 0.0002745427466576225, 0.5978240609965707], "k_pid_att": [37.80945793822445, 3.1511459200948337, 0.8409267450952518], "k_pid_yaw": [0.5, 1e-06, 0.1], "k_pid_hsp": [0.0001, 0.10786223679810046, 0.0], "k_pid_vsp": [400.0, 1e-06, 3.7974361616310834]}, "datetime": {"datetime": "2025-08-20 13:38:29", "elapsed": 6364.471353292465, "delta": 25.972877025604248}, "costs": {"total_cost": 1247.5585034603475, "time_cost": 150, "final_distance_cost": 93.3263530944073, "oscillation_cost": 106.28018459624069, "completition_cost": 777.7777777777778, "overshoot_cost": 82.7805402595182, "power_cost": 20.809734802246094, "noise_cost": 16.58391293015742, "n_waypoints_completed": 2, "tot_waypoints": 9}}
{"target": -180.4392348109283, "params": {"k_pid_pos": [1.793052721664342, 0.19459501240681498, 0.534573809013139], "k_pid_alt": [1.5967999395846755, 0.00024077210216735294, 0.5993954070345123], "k_pid_att": [50.30345991657139, 2.616510742266271, 1.0], "k_pid_yaw": [0.5, 1e-06, 0.1], "k_pid_hsp": [1.9262940051542483, 0.08833068586438936, 0.0], "k_pid_vsp": [400.0, 53.70740687835939, 1.1224307194107273]}, "datetime": {"datetime": "2025-08-20 13:38:49", "elapsed": 6383.8506689071655, "delta": 19.379315614700317}, "costs": {"total_cost": 180.4392348109283, "time_cost": 70.504, "final_distance_cost": 1.782138561844939, "oscillation_cost": 34.35158539936998, "completition_cost": 0.0, "overshoot_cost": 50.8656425734132, "power_cost": 11.804067443847657, "noise_cost": 11.131800832452521, "n_waypoints_completed": 9, "tot_waypoints": 9}}
{"target": -182.688975445928, "params": {"k_pid_pos": [1.5000604859552678, 0.1942561584811043, 0.648894767853161], "k_pid_alt": [1.4032482148117575, 0.00013534803744413742, 0.6911856777651598], "k_pid_att": [59.92611930436059, 0.6181826129834966, 0.5866174569347561], "k_pid_yaw": [0.5, 1e-06, 0.1], "k_pid_hsp": [1.9254286991857328, 0.06296534610940256, 0.0], "k_pid_vsp": [70.41715343299894, 55.78420979844865, 0.18935129706299814]}, "datetime": {"datetime": "2025-08-20 13:39:09", "elapsed": 6403.656177520752, "delta": 19.805508613586426}, "costs": {"total_cost": 182.688975445928, "time_cost": 72.008, "final_distance_cost": 1.8371185489305222, "oscillation_cost": 34.208310227239046, "completition_cost": 0.0, "overshoot_cost": 50.06007999282244, "power_cost": 12.710116503906251, "noise_cost": 11.865350173029764, "n_waypoints_completed": 9, "tot_waypoints": 9}}
{"target": -183.99210841769346, "params": {"k_pid_pos": [0.7197221551266674, 0.03617309574716631, 0.0820018966267723], "k_pid_alt": [1.7596226252938454, 0.0, 0.9988460165966503], "k_pid_att": [37.36661149575573, 2.242419458556336, 1.0], "k_pid_yaw": [0.5, 1e-06, 0.1], "k_pid_hsp": [1.2837504388130843, 0.1002290774617246, 0.0], "k_pid_vsp": [387.32586588420935, 238.75066961972843, 5.98674868816353]}, "datetime": {"datetime": "2025-08-20 13:39:27", "elapsed": 6422.274111747742, "delta": 18.617934226989746}, "costs": {"total_cost": 183.99210841769346, "time_cost": 74.92, "final_distance_cost": 1.8494584264738665, "oscillation_cost": 31.510960723398675, "completition_cost": 0.0, "overshoot_cost": 50.116819560764554, "power_cost": 13.094064868164063, "noise_cost": 12.500804838892304, "n_waypoints_completed": 9, "tot_waypoints": 9}}
{"target": -181.2230069242938, "params": {"k_pid_pos": [1.5049443026306426, 0.05354927151619925, 0.9637080985055116], "k_pid_alt": [2.0, 0.0003891401720007713, 0.8730058619584063], "k_pid_att": [65.28699591803431, 2.826625634292149, 1.0], "k_pid_yaw": [0.5, 1e-06, 0.1], "k_pid_hsp": [1.9830814735049096, 0.0, 0.0], "k_pid_vsp": [288.58908897179634, 128.75150561384737, 3.164999480154483]}, "datetime": {"datetime": "2025-08-20 13:39:44", "elapsed": 6439.221213579178, "delta": 16.947101831436157}, "costs": {"total_cost": 181.2230069242938, "time_cost": 72.336, "final_distance_cost": 1.8391053527844938, "oscillation_cost": 33.50680100339088, "completition_cost": 0.0, "overshoot_cost": 50.322543337391934, "power_cost": 11.527743457031251, "noise_cost": 11.690813773695233, "n_waypoints_completed": 9, "tot_waypoints": 9}}
{"target": -179.66529025742213, "params": {"k_pid_pos": [2.0, 0.13303746773482303, 0.7276256173806018], "k_pid_alt": [1.9360687880424, 0.00012683264016978245, 0.4810564782539449], "k_pid_att": [44.220584493082185, 1.043027169448494, 1.0], "k_pid_yaw": [0.5, 1e-06, 0.1], "k_pid_hsp": [0.9484897062730268, 0.01657405340661794, 0.0], "k_pid_vsp": [255.72395321595783, 211.18316626237876, 10.185135742051163]}, "datetime": {"datetime": "2025-08-20 13:40:01", "elapsed": 6455.555134773254, "delta": 16.333921194076538}, "costs": {"total_cost": 179.66529025742213, "time_cost": 68.96000000000001, "final_distance_cost": 1.8132400379347295, "oscillation_cost": 35.54251597347887, "completition_cost": 0.0, "overshoot_cost": 49.301873555784525, "power_cost": 13.023201965332031, "noise_cost": 11.024458724891945, "n_waypoints_completed": 9, "tot_waypoints": 9}}
