{"target": -169.37290695503108, "params": {"k_pid_pos": [0.6528317851029566, 0.0, 0.007360023348778455], "k_pid_alt": [1.5507749488592377, 5.285078600827489e-05, 0.02922321137908147], "k_pid_att": [30.635632905138312, 10.0, 0.48949546817788797], "k_pid_yaw": [0.5, 1e-06, 0.1], "k_pid_hsp": [0.11569017793079821, 0.006097767787082598, 0.0], "k_pid_vsp": [166.16051721400146, 191.9091524314255, 0.717880334910972]}, "datetime": {"datetime": "2025-08-20 16:54:48", "elapsed": 18143.454528808594, "delta": 16.264987468719482}, "costs": {"total_cost": 169.37290695503108, "time_cost": 70.56, "final_distance_cost": 1.8188774586093581, "oscillation_cost": 23.36942822941597, "completition_cost": 0.0, "overshoot_cost": 50.611870499994914, "power_cost": 11.79111728515625, "noise_cost": 11.221613481854584, "n_waypoints_completed": 9, "tot_waypoints": 9}}
{"target": -172.18942120340031, "params": {"k_pid_pos": [0.9209321628715316, 0.003738867513980717, 0.006424091573989834], "k_pid_alt": [1.8249626163268602, 0.00014614459637107396, 0.025923958245328893], "k_pid_att": [25.259618392261938, 10.0, 0.5765910496979694], "k_pid_yaw": [0.5, 1e-06, 0.1], "k_pid_hsp": [0.1020184714814882, 0.006107800607762357, 0.0], "k_pid_vsp": [252.9925483254192, 133.8687202966245, 0.8041990753089382]}, "datetime": {"datetime": "2025-08-20 16:55:04", "elapsed": 18158.957331180573, "delta": 15.50280237197876}, "costs": {"total_cost": 172.18942120340031, "time_cost": 69.888, "final_distance_cost": 1.8096832960880946, "oscillation_cost": 26.77884983513724, "completition_cost": 0.0, "overshoot_cost": 50.80962938361744, "power_cost": 11.844058874511719, "noise_cost": 11.059199814045833, "n_waypoints_completed": 9, "tot_waypoints": 9}}
{"target": -170.12328586725405, "params": {"k_pid_pos": [0.6340538449713821, 0.005042569565467667, 0.013039286396392768], "k_pid_alt": [2.0, 0.0001427739986919849, 0.03251735546976394], "k_pid_att": [50.1792722411156, 8.951970051772934, 0.7857581172488493], "k_pid_yaw": [0.5, 1e-06, 0.1], "k_pid_hsp": [0.09398895890764204, 0.009536961352739763, 0.0], "k_pid_vsp": [289.3655982113493, 139.71004601959552, 0.7677618541247311]}, "datetime": {"datetime": "2025-08-20 16:55:24", "elapsed": 18179.072920560837, "delta": 20.115589380264282}, "costs": {"total_cost": 170.12328586725405, "time_cost": 71.392, "final_distance_cost": 1.8299084369492542, "oscillation_cost": 22.630204904763414, "completition_cost": 0.0, "overshoot_cost": 51.00432117199014, "power_cost": 11.950085510253906, "noise_cost": 11.31676584329733, "n_waypoints_completed": 9, "tot_waypoints": 9}}
{"target": -169.45333088694477, "params": {"k_pid_pos": [0.7490996445269459, 0.0047373197342264655, 0.016084608248889187], "k_pid_alt": [1.7524769348262315, 0.00013531633071684748, 0.021275903729091994], "k_pid_att": [23.337390581178738, 8.766380819566002, 0.6836765950810736], "k_pid_yaw": [0.5, 1e-06, 0.1], "k_pid_hsp": [0.13738601095495453, 0.006088715529381702, 0.0], "k_pid_vsp": [400.0, 178.0077617234853, 0.4632096266230719]}, "datetime": {"datetime": "2025-08-20 16:55:41", "elapsed": 18195.55701994896, "delta": 16.48409938812256}, "costs": {"total_cost": 169.45333088694477, "time_cost": 70.056, "final_distance_cost": 1.8237147685262363, "oscillation_cost": 25.079678286906976, "completition_cost": 0.0, "overshoot_cost": 49.834460870156285, "power_cost": 11.612992700195313, "noise_cost": 11.046484261159986, "n_waypoints_completed": 9, "tot_waypoints": 9}}
{"target": -171.68387792662602, "params": {"k_pid_pos": [0.7241258595135226, 0.006657886334707391, 0.006896705315599889], "k_pid_alt": [0.8117217110240093, 9.977394412035894e-05, 0.008135895210203971], "k_pid_att": [19.888316193148952, 10.0, 1.0], "k_pid_yaw": [0.5, 1e-06, 0.1], "k_pid_hsp": [0.11757793125151232, 0.00770644563876377, 0.0], "k_pid_vsp": [400.0, 138.00653796881417, 1.000457342958535]}, "datetime": {"datetime": "2025-08-20 16:55:56", "elapsed": 18211.42445087433, "delta": 15.867430925369263}, "costs": {"total_cost": 171.68387792662602, "time_cost": 72.056, "final_distance_cost": 1.8303240351912986, "oscillation_cost": 24.816793998259868, "completition_cost": 0.0, "overshoot_cost": 49.96111815979831, "power_cost": 11.835638940429687, "noise_cost": 11.18400279294686, "n_waypoints_completed": 9, "tot_waypoints": 9}}
{"target": -539.3827363129043, "params": {"k_pid_pos": [0.6995871920882196, 0.001721866745187619, 0.010779028453247274], "k_pid_alt": [0.1791443086763235, 0.00010411106285199616, 0.019839075790217837], "k_pid_att": [35.19539420489644, 10.0, 0.5879653713152534], "k_pid_yaw": [0.5, 1e-06, 0.1], "k_pid_hsp": [0.11337098801205274, 0.007012177012635917, 0.0], "k_pid_vsp": [350.9568303017408, 150.54188787990273, 1.1497316226264767]}, "datetime": {"datetime": "2025-08-20 16:56:22", "elapsed": 18237.32519388199, "delta": 25.900743007659912}, "costs": {"total_cost": 539.3827363129043, "time_cost": 150, "final_distance_cost": 70.8959574596705, "oscillation_cost": 22.346072820392028, "completition_cost": 222.2222222222222, "overshoot_cost": 43.670710631408596, "power_cost": 16.106842211914064, "noise_cost": 14.140930967296917, "n_waypoints_completed": 7, "tot_waypoints": 9}}
{"target": -171.98920563964992, "params": {"k_pid_pos": [0.47130783711446395, 0.0006877153224981699, 0.0], "k_pid_alt": [0.9877347608261061, 0.00011806716604024444, 0.0018391749179294907], "k_pid_att": [13.784753881560922, 10.0, 0.9279030579581699], "k_pid_yaw": [0.5, 1e-06, 0.1], "k_pid_hsp": [0.10232446019188801, 0.008373329450773369, 0.0], "k_pid_vsp": [32.43007959157578, 164.04515295288522, 0.9796067305140955]}, "datetime": {"datetime": "2025-08-20 16:56:39", "elapsed": 18254.409673690796, "delta": 17.084479808807373}, "costs": {"total_cost": 171.98920563964992, "time_cost": 74.096, "final_distance_cost": 1.8358729876836544, "oscillation_cost": 20.936569778775507, "completition_cost": 0.0, "overshoot_cost": 50.94908227656869, "power_cost": 12.526201171875, "noise_cost": 11.645479424747101, "n_waypoints_completed": 9, "tot_waypoints": 9}}
{"target": -175.39503901881096, "params": {"k_pid_pos": [0.5428234478596404, 0.0017857051708891792, 0.009269301368442463], "k_pid_alt": [1.5210941146105263, 6.72214834373244e-05, 0.028569521561626284], "k_pid_att": [31.088286368242233, 10.0, 0.6254805600519772], "k_pid_yaw": [0.5, 1e-06, 0.1], "k_pid_hsp": [0.05929186057100257, 0.004351133166780632, 0.0], "k_pid_vsp": [252.53252272752653, 153.27772110665123, 0.85357482829266]}, "datetime": {"datetime": "2025-08-20 16:56:57", "elapsed": 18271.848908662796, "delta": 17.439234972000122}, "costs": {"total_cost": 175.39503901881096, "time_cost": 77.392, "final_distance_cost": 1.790479472183655, "oscillation_cost": 17.67063126502898, "completition_cost": 0.0, "overshoot_cost": 53.35789977890363, "power_cost": 12.790766479492188, "noise_cost": 12.39326202320251, "n_waypoints_completed": 9, "tot_waypoints": 9}}
{"target": -169.39941468558575, "params": {"k_pid_pos": [0.49844489860408947, 0.0014019007382034085, 0.007794998291082065], "k_pid_alt": [1.9550412323330153, 0.00016835008555613298, 0.010559341693239516], "k_pid_att": [35.4599166025536, 7.966032504626096, 0.637181176268133], "k_pid_yaw": [0.5, 1e-06, 0.1], "k_pid_hsp": [0.0810508111087741, 0.008341566519574673, 0.0], "k_pid_vsp": [252.8642137579369, 180.2790535108718, 0.5050212596803892]}, "datetime": {"datetime": "2025-08-20 16:57:13", "elapsed": 18288.411334753036, "delta": 16.56242609024048}, "costs": {"total_cost": 169.39941468558575, "time_cost": 73.144, "final_distance_cost": 1.809727475239836, "oscillation_cost": 19.316825046602315, "completition_cost": 0.0, "overshoot_cost": 51.14738292715755, "power_cost": 12.336180419921876, "noise_cost": 11.645298816664157, "n_waypoints_completed": 9, "tot_waypoints": 9}}
{"target": -169.44745350082707, "params": {"k_pid_pos": [0.5381152511917325, 0.0002631749536001826, 0.007994300288460517], "k_pid_alt": [1.0542513233902457, 0.00011232677082414205, 0.006661346175726269], "k_pid_att": [35.90816880844044, 7.450102711697557, 0.6658235810149783], "k_pid_yaw": [0.5, 1e-06, 0.1], "k_pid_hsp": [0.08921560836406946, 0.008580642590767735, 0.0], "k_pid_vsp": [165.48740294399536, 204.4048286010543, 0.5340455032687034]}, "datetime": {"datetime": "2025-08-20 16:57:29", "elapsed": 18304.445483207703, "delta": 16.034148454666138}, "costs": {"total_cost": 169.44745350082707, "time_cost": 72.776, "final_distance_cost": 1.809779559305632, "oscillation_cost": 20.671644629749476, "completition_cost": 0.0, "overshoot_cost": 50.408323429832954, "power_cost": 12.178784582519532, "noise_cost": 11.602921299419448, "n_waypoints_completed": 9, "tot_waypoints": 9}}
{"target": -171.57527554716333, "params": {"k_pid_pos": [0.8011832336346195, 0.001924856039857126, 0.010411267790840006], "k_pid_alt": [2.0, 8.177772335559846e-05, 0.019537433651610914], "k_pid_att": [49.225649660850706, 8.591725785894857, 0.622038087480041], "k_pid_yaw": [0.5, 1e-06, 0.1], "k_pid_hsp": [0.17088332776963247, 0.012134591248667337, 0.0], "k_pid_vsp": [226.7239979532782, 170.52297532794628, 0.8441961967715623]}, "datetime": {"datetime": "2025-08-20 16:57:45", "elapsed": 18319.9358420372, "delta": 15.490358829498291}, "costs": {"total_cost": 171.57527554716333, "time_cost": 69.904, "final_distance_cost": 1.8229461389720532, "oscillation_cost": 26.16229411145839, "completition_cost": 0.0, "overshoot_cost": 50.2925996719906, "power_cost": 12.12684404296875, "noise_cost": 11.266591581773563, "n_waypoints_completed": 9, "tot_waypoints": 9}}
{"target": -170.08358167479872, "params": {"k_pid_pos": [0.6413027509962077, 0.003268216044650113, 0.011518770968652047], "k_pid_alt": [1.7750301259033998, 0.00013695919498872208, 0.028326635430436675], "k_pid_att": [31.244325675631178, 10.0, 0.9075760985845726], "k_pid_yaw": [0.5, 1e-06, 0.1], "k_pid_hsp": [0.1314885057581852, 0.00825169248049156, 0.0], "k_pid_vsp": [353.29904475391567, 135.25079820926035, 0.7578031802345367]}, "datetime": {"datetime": "2025-08-20 16:58:01", "elapsed": 18336.331362962723, "delta": 16.39552092552185}, "costs": {"total_cost": 170.08358167479872, "time_cost": 70.8, "final_distance_cost": 1.8227637254788411, "oscillation_cost": 24.311004026397313, "completition_cost": 0.0, "overshoot_cost": 50.02768988784169, "power_cost": 11.733554418945314, "noise_cost": 11.388569616135584, "n_waypoints_completed": 9, "tot_waypoints": 9}}
{"target": -171.7057380481465, "params": {"k_pid_pos": [0.4600825475738481, 0.0025326418962851338, 0.005405481428811765], "k_pid_alt": [1.6723891566883262, 0.0001242688172612703, 0.01701967518363669], "k_pid_att": [54.18060834523567, 6.492976019901479, 1.0], "k_pid_yaw": [0.5, 1e-06, 0.1], "k_pid_hsp": [0.06967794437230096, 0.006536359835348958, 0.0], "k_pid_vsp": [172.96160419171937, 139.41789845562505, 0.8151799872308351]}, "datetime": {"datetime": "2025-08-20 16:58:19", "elapsed": 18353.897603034973, "delta": 17.566240072250366}, "costs": {"total_cost": 171.7057380481465, "time_cost": 75.296, "final_distance_cost": 1.8288009357000372, "oscillation_cost": 17.116683505204357, "completition_cost": 0.0, "overshoot_cost": 52.756255844071624, "power_cost": 12.700659118652345, "noise_cost": 12.007338644518123, "n_waypoints_completed": 9, "tot_waypoints": 9}}
{"target": -169.13417836926618, "params": {"k_pid_pos": [0.5259652196386918, 0.0006156900246871832, 0.009355737332702556], "k_pid_alt": [2.0, 6.215485790037955e-05, 0.0012228441112296258], "k_pid_att": [43.47569495960895, 9.959641689974992, 0.5584314565569124], "k_pid_yaw": [0.5, 1e-06, 0.1], "k_pid_hsp": [0.10095509514510843, 0.009341793720033225, 0.0], "k_pid_vsp": [290.3261054252411, 212.33818619259296, 0.8722527404989892]}, "datetime": {"datetime": "2025-08-20 16:58:38", "elapsed": 18373.492292881012, "delta": 19.59468984603882}, "costs": {"total_cost": 169.13417836926618, "time_cost": 72.104, "final_distance_cost": 1.8406262681497987, "oscillation_cost": 21.318603985763634, "completition_cost": 0.0, "overshoot_cost": 50.27605945350857, "power_cost": 12.086600463867189, "noise_cost": 11.508288197976979, "n_waypoints_completed": 9, "tot_waypoints": 9}}
{"target": -174.60224340418713, "params": {"k_pid_pos": [0.9580813438056527, 0.003078930181887743, 0.0038674927381932033], "k_pid_alt": [1.8507033691692696, 0.00011999673508849655, 0.02871558796254026], "k_pid_att": [38.16590415325404, 7.675391289766121, 0.9373116607273401], "k_pid_yaw": [0.5, 1e-06, 0.1], "k_pid_hsp": [0.09397425235221703, 0.007772938127486788, 0.0], "k_pid_vsp": [208.10163374839416, 100.24196745561328, 0.8289035217316932]}, "datetime": {"datetime": "2025-08-20 16:58:56", "elapsed": 18390.86731863022, "delta": 17.375025749206543}, "costs": {"total_cost": 174.60224340418713, "time_cost": 71.352, "final_distance_cost": 1.7926362446366877, "oscillation_cost": 27.32203112423903, "completition_cost": 0.0, "overshoot_cost": 50.39329425488712, "power_cost": 12.40748369140625, "noise_cost": 11.334798089018063, "n_waypoints_completed": 9, "tot_waypoints": 9}}
{"target": -171.17780953294854, "params": {"k_pid_pos": [0.6578428939110581, 0.0023222020007926778, 0.0033226868713642933], "k_pid_alt": [1.5343281316389847, 7.405909489165538e-05, 0.01894427297007674], "k_pid_att": [33.99095561980936, 10.0, 0.6898264357354992], "k_pid_yaw": [0.5, 1e-06, 0.1], "k_pid_hsp": [0.08514142892478195, 0.008997761632465557, 0.0], "k_pid_vsp": [318.5765632532422, 183.70540854997216, 0.6775481233319809]}, "datetime": {"datetime": "2025-08-20 16:59:13", "elapsed": 18407.7702562809, "delta": 16.902937650680542}, "costs": {"total_cost": 171.17780953294854, "time_cost": 71.984, "final_distance_cost": 1.7983286318986853, "oscillation_cost": 22.685283451715616, "completition_cost": 0.0, "overshoot_cost": 50.66811570614565, "power_cost": 12.595330249023439, "noise_cost": 11.446751494165142, "n_waypoints_completed": 9, "tot_waypoints": 9}}
{"target": -170.72128563827394, "params": {"k_pid_pos": [0.6497185705384941, 0.0013199533211675914, 0.0003721699292175192], "k_pid_alt": [2.0, 0.0001224163710892244, 0.014397614352298813], "k_pid_att": [43.785352269214805, 7.090889264930644, 0.49113290230149254], "k_pid_yaw": [0.5, 1e-06, 0.1], "k_pid_hsp": [0.08338501508132123, 0.005675381276169007, 0.0], "k_pid_vsp": [335.6328388178934, 194.07049781971224, 0.7958356965144041]}, "datetime": {"datetime": "2025-08-20 16:59:29", "elapsed": 18424.434843301773, "delta": 16.664587020874023}, "costs": {"total_cost": 170.72128563827394, "time_cost": 71.984, "final_distance_cost": 1.779037074653292, "oscillation_cost": 21.966586922824035, "completition_cost": 0.0, "overshoot_cost": 51.53052206613944, "power_cost": 12.099454943847658, "noise_cost": 11.36168463080951, "n_waypoints_completed": 9, "tot_waypoints": 9}}
{"target": -171.4193193665731, "params": {"k_pid_pos": [0.8410075010990284, 0.00013898392306625862, 0.011456822296710058], "k_pid_alt": [1.0773406772984202, 9.218040020601027e-05, 0.016055406044000558], "k_pid_att": [44.44357813648235, 8.425031203867334, 0.7916076628586257], "k_pid_yaw": [0.5, 1e-06, 0.1], "k_pid_hsp": [0.10612220961561399, 0.008826343392168444, 0.0], "k_pid_vsp": [395.79365757333227, 264.3622374201612, 0.8255946103637175]}, "datetime": {"datetime": "2025-08-20 16:59:46", "elapsed": 18441.393517017365, "delta": 16.95867371559143}, "costs": {"total_cost": 171.4193193665731, "time_cost": 70.792, "final_distance_cost": 1.7877068289890157, "oscillation_cost": 25.862493497750435, "completition_cost": 0.0, "overshoot_cost": 50.55007010206558, "power_cost": 11.533656433105469, "noise_cost": 10.893392504662575, "n_waypoints_completed": 9, "tot_waypoints": 9}}
{"target": -169.6979238423519, "params": {"k_pid_pos": [0.5648677990602069, 0.0019805523060954255, 0.00560437789547744], "k_pid_alt": [2.0, 0.00013976388720022027, 0.01969841315688285], "k_pid_att": [52.60935275785912, 7.129973566116629, 0.7095429022259344], "k_pid_yaw": [0.5, 1e-06, 0.1], "k_pid_hsp": [0.0906008726096597, 0.0071858478208900916, 0.0], "k_pid_vsp": [383.8295816805853, 178.99213869107265, 0.5787525929786262]}, "datetime": {"datetime": "2025-08-20 17:00:03", "elapsed": 18458.236179113388, "delta": 16.84266209602356}, "costs": {"total_cost": 169.6979238423519, "time_cost": 72.008, "final_distance_cost": 1.8093999894329904, "oscillation_cost": 20.587708236798218, "completition_cost": 0.0, "overshoot_cost": 51.31778373093412, "power_cost": 12.317905810546876, "noise_cost": 11.6571260746397, "n_waypoints_completed": 9, "tot_waypoints": 9}}
{"target": -171.24076727281167, "params": {"k_pid_pos": [0.6820134969789656, 0.0026777649161337236, 0.014083811365634712], "k_pid_alt": [1.5511331024814379, 5.5918519470231976e-05, 0.03293254687002676], "k_pid_att": [28.361951450018086, 10.0, 0.6257453146096198], "k_pid_yaw": [0.5, 1e-06, 0.1], "k_pid_hsp": [0.19545515265081614, 0.009748511214662085, 0.0], "k_pid_vsp": [400.0, 269.1276920894204, 0.4040264547781864]}, "datetime": {"datetime": "2025-08-20 17:00:18", "elapsed": 18473.398040771484, "delta": 15.161861658096313}, "costs": {"total_cost": 171.24076727281167, "time_cost": 70.584, "final_distance_cost": 1.8484972085808293, "oscillation_cost": 25.687628621354076, "completition_cost": 0.0, "overshoot_cost": 49.85223175069956, "power_cost": 11.8632162109375, "noise_cost": 11.40519348123967, "n_waypoints_completed": 9, "tot_waypoints": 9}}
{"target": -172.04755887652874, "params": {"k_pid_pos": [0.4297929718108516, 0.002469472214361021, 0.013718577952717243], "k_pid_alt": [1.966443702621999, 0.00011115111155832518, 0.013340044146503567], "k_pid_att": [32.63022335164246, 7.830343773568207, 0.8241237955352624], "k_pid_yaw": [0.5, 1e-06, 0.1], "k_pid_hsp": [0.10926219184938064, 0.008230939271973294, 0.0], "k_pid_vsp": [182.11385719897586, 187.7814361017521, 0.9322116472228039]}, "datetime": {"datetime": "2025-08-20 17:00:36", "elapsed": 18490.571234464645, "delta": 17.17319369316101}, "costs": {"total_cost": 172.04755887652874, "time_cost": 75.08, "final_distance_cost": 1.8539884923171361, "oscillation_cost": 19.47334358933874, "completition_cost": 0.0, "overshoot_cost": 50.77237068390306, "power_cost": 12.614680310058594, "noise_cost": 12.253175800911215, "n_waypoints_completed": 9, "tot_waypoints": 9}}
{"target": -170.05961468682082, "params": {"k_pid_pos": [0.6048133373663457, 0.0, 0.011767859711428373], "k_pid_alt": [1.7381485299807042, 5.206207664876242e-05, 0.021722807003225948], "k_pid_att": [46.20448873064802, 10.0, 0.881670684325839], "k_pid_yaw": [0.5, 1e-06, 0.1], "k_pid_hsp": [0.10863823808750987, 0.014865155841382892, 0.0], "k_pid_vsp": [400.0, 205.54010321786723, 0.6791388741969389]}, "datetime": {"datetime": "2025-08-20 17:00:52", "elapsed": 18506.738399982452, "delta": 16.167165517807007}, "costs": {"total_cost": 170.05961468682082, "time_cost": 71.056, "final_distance_cost": 1.8293954151392449, "oscillation_cost": 23.411118785664254, "completition_cost": 0.0, "overshoot_cost": 49.945790186264425, "power_cost": 12.26685771484375, "noise_cost": 11.55045258490915, "n_waypoints_completed": 9, "tot_waypoints": 9}}
{"target": -172.41826384631682, "params": {"k_pid_pos": [0.4491358395109688, 0.001368727771089997, 0.012461570117297567], "k_pid_alt": [2.0, 8.710838966551541e-05, 0.030663705049174313], "k_pid_att": [22.368782686746112, 6.764394545183806, 0.7436818435342413], "k_pid_yaw": [0.5, 1e-06, 0.1], "k_pid_hsp": [0.06780960588101216, 0.0074873625536921945, 0.0], "k_pid_vsp": [270.9199040646545, 198.18815350292525, 0.9763775781137568]}, "datetime": {"datetime": "2025-08-20 17:01:08", "elapsed": 18523.38798069954, "delta": 16.649580717086792}, "costs": {"total_cost": 172.41826384631682, "time_cost": 75.624, "final_distance_cost": 1.8052213946908915, "oscillation_cost": 17.023493461549315, "completition_cost": 0.0, "overshoot_cost": 53.07211611083061, "power_cost": 12.701185656738282, "noise_cost": 12.192247222507705, "n_waypoints_completed": 9, "tot_waypoints": 9}}
{"target": -181.38927749530168, "params": {"k_pid_pos": [0.3099925237694917, 0.0, 0.009599178984466605], "k_pid_alt": [1.6605354380990092, 7.205789196713041e-05, 0.036557053469579805], "k_pid_att": [42.19179623256413, 8.583169664955422, 0.5309100710414362], "k_pid_yaw": [0.5, 1e-06, 0.1], "k_pid_hsp": [0.07363523581767978, 0.008999762526350992, 0.0], "k_pid_vsp": [195.98670458870902, 203.36022281542716, 0.9717531144183246]}, "datetime": {"datetime": "2025-08-20 17:01:28", "elapsed": 18542.957134485245, "delta": 19.569153785705566}, "costs": {"total_cost": 181.38927749530168, "time_cost": 82.912, "final_distance_cost": 1.8638469541536975, "oscillation_cost": 14.997408798660365, "completition_cost": 0.0, "overshoot_cost": 52.99150927640348, "power_cost": 14.10114150390625, "noise_cost": 14.52337096217789, "n_waypoints_completed": 9, "tot_waypoints": 9}}
{"target": -170.9089692612473, "params": {"k_pid_pos": [0.7777526165108976, 0.0017825880578646088, 0.005179697121764971], "k_pid_alt": [1.472146987665045, 8.416047229196825e-06, 0.03350042501822057], "k_pid_att": [54.62307715054548, 6.184829096601969, 1.0], "k_pid_yaw": [0.5, 1e-06, 0.1], "k_pid_hsp": [0.11556322682505589, 0.003616735513897107, 0.0], "k_pid_vsp": [392.5026652835339, 82.6880433833401, 0.5545720647184257]}, "datetime": {"datetime": "2025-08-20 17:01:44", "elapsed": 18558.628573417664, "delta": 15.671438932418823}, "costs": {"total_cost": 170.9089692612473, "time_cost": 70.616, "final_distance_cost": 1.8052636119075585, "oscillation_cost": 24.730620710657803, "completition_cost": 0.0, "overshoot_cost": 50.76692629985724, "power_cost": 11.785946643066406, "noise_cost": 11.204211995758303, "n_waypoints_completed": 9, "tot_waypoints": 9}}
