{"target": -180.7145118031822, "params": {"k_pid_pos": [1.1409038333358796, 0.030540235076244693, 0.6614700925121525], "k_pid_alt": [2.0, 0.0001072961559927683, 0.3278788254375457], "k_pid_att": [60.73431210120528, 3.5146647061919354, 1.0], "k_pid_yaw": [0.5, 1e-06, 0.1], "k_pid_hsp": [1.5128760869414801, 0.07766627596087122, 0.0], "k_pid_vsp": [287.5834751955139, 154.43654317455065, 2.402267566678422]}, "datetime": {"datetime": "2025-08-20 14:05:19", "elapsed": 7974.4172620773315, "delta": 21.487496852874756}, "costs": {"total_cost": 180.7145118031822, "time_cost": 73.08800000000001, "final_distance_cost": 1.8447958500036383, "oscillation_cost": 31.84226014861071, "completition_cost": 0.0, "overshoot_cost": 49.8729103719936, "power_cost": 12.04358212890625, "noise_cost": 12.022963303667995, "n_waypoints_completed": 9, "tot_waypoints": 9}}
{"target": -177.66523236956192, "params": {"k_pid_pos": [1.7061017589094571, 0.12854896639145574, 0.5011363942454848], "k_pid_alt": [2.0, 0.00016514684937351002, 0.18153709530910875], "k_pid_att": [35.65301247069427, 2.376191963523294, 0.2768892066687367], "k_pid_yaw": [0.5, 1e-06, 0.1], "k_pid_hsp": [1.2404008346885869, 0.002637496776774909, 0.0], "k_pid_vsp": [149.5498821564264, 327.3798591542231, 3.7137820633558456]}, "datetime": {"datetime": "2025-08-20 14:05:38", "elapsed": 7992.54162311554, "delta": 18.124361038208008}, "costs": {"total_cost": 177.66523236956192, "time_cost": 68.864, "final_distance_cost": 1.7913386673544156, "oscillation_cost": 33.264585817749264, "completition_cost": 0.0, "overshoot_cost": 50.13973477403224, "power_cost": 12.352929455566407, "noise_cost": 11.252643654859611, "n_waypoints_completed": 9, "tot_waypoints": 9}}
{"target": -177.72199711588271, "params": {"k_pid_pos": [1.523350965221154, 0.019689300433739777, 0.5571487366212604], "k_pid_alt": [1.4829751130394386, 5.3580029443304123e-05, 0.19701200435209795], "k_pid_att": [40.10963347238669, 2.2934383518944483, 1.0], "k_pid_yaw": [0.5, 1e-06, 0.1], "k_pid_hsp": [1.4951445344036918, 0.02321939890975878, 0.0], "k_pid_vsp": [205.97104732550451, 195.94669928830513, 7.614702602895204]}, "datetime": {"datetime": "2025-08-20 14:05:55", "elapsed": 8010.068964242935, "delta": 17.52734112739563}, "costs": {"total_cost": 177.72199711588271, "time_cost": 69.47200000000001, "final_distance_cost": 1.8452654722952964, "oscillation_cost": 32.19887757204064, "completition_cost": 0.0, "overshoot_cost": 49.63063124052876, "power_cost": 12.79356932373047, "noise_cost": 11.781653507287526, "n_waypoints_completed": 9, "tot_waypoints": 9}}
{"target": -189.4462370455852, "params": {"k_pid_pos": [2.0, 0.18503581526880297, 0.0], "k_pid_alt": [1.686742461883674, 7.844062743439494e-05, 0.3316785535363582], "k_pid_att": [34.72379659523857, 2.609009866569432, 0.8288643408651565], "k_pid_yaw": [0.5, 1e-06, 0.1], "k_pid_hsp": [1.0776306266757028, 0.15339054785196451, 0.0], "k_pid_vsp": [332.9690993474099, 206.97025451205718, 5.989305567357452]}, "datetime": {"datetime": "2025-08-20 14:06:11", "elapsed": 8026.219770669937, "delta": 16.150806427001953}, "costs": {"total_cost": 189.4462370455852, "time_cost": 70.488, "final_distance_cost": 1.757004810326124, "oscillation_cost": 42.023949976180894, "completition_cost": 0.0, "overshoot_cost": 50.35619997859518, "power_cost": 13.232555041503907, "noise_cost": 11.588527238979117, "n_waypoints_completed": 9, "tot_waypoints": 9}}
{"target": -178.92803333009576, "params": {"k_pid_pos": [1.581328640967467, 0.059423376615416745, 0.6708223089267586], "k_pid_alt": [1.5694042683803058, 1.3808867702580554e-06, 0.37314496425210697], "k_pid_att": [68.0385894514745, 1.0481490258086121, 0.6326841965464088], "k_pid_yaw": [0.5, 1e-06, 0.1], "k_pid_hsp": [0.9477267424107234, 0.08130121255171559, 0.0], "k_pid_vsp": [164.89932142973183, 393.76334322005886, 2.9222340919377037]}, "datetime": {"datetime": "2025-08-20 14:06:28", "elapsed": 8042.5514504909515, "delta": 16.331679821014404}, "costs": {"total_cost": 178.92803333009576, "time_cost": 69.616, "final_distance_cost": 1.831679384719714, "oscillation_cost": 34.140118452972615, "completition_cost": 0.0, "overshoot_cost": 49.73106634267518, "power_cost": 12.115880578613282, "noise_cost": 11.49328857111497, "n_waypoints_completed": 9, "tot_waypoints": 9}}
{"target": -175.72106151692242, "params": {"k_pid_pos": [2.0, 0.003314402223160104, 0.40042006823386384], "k_pid_alt": [2.0, 0.00011031170738151238, 0.03901067612414822], "k_pid_att": [53.85467677905863, 3.0021054470485153, 1.0], "k_pid_yaw": [0.5, 1e-06, 0.1], "k_pid_hsp": [0.5587590606798425, 0.0, 0.0], "k_pid_vsp": [335.5338703814109, 196.9464164156127, 4.975541642687681]}, "datetime": {"datetime": "2025-08-20 14:06:45", "elapsed": 8059.521805763245, "delta": 16.97035527229309}, "costs": {"total_cost": 175.72106151692242, "time_cost": 69.0, "final_distance_cost": 1.7987262002598734, "oscillation_cost": 30.97226774546619, "completition_cost": 0.0, "overshoot_cost": 50.294190497077615, "power_cost": 12.376647973632814, "noise_cost": 11.2792291004859, "n_waypoints_completed": 9, "tot_waypoints": 9}}
{"target": -186.46435883906506, "params": {"k_pid_pos": [1.29952265539339, 0.024421995396113987, 1.0], "k_pid_alt": [1.6199455001362573, 0.00022990065413421522, 0.43006270963279053], "k_pid_att": [39.28178161498826, 3.2046939267867263, 1.0], "k_pid_yaw": [0.5, 1e-06, 0.1], "k_pid_hsp": [0.940217438556517, 0.1388020967739474, 0.0], "k_pid_vsp": [57.731164839042975, 253.7539558527532, 3.154106164949509]}, "datetime": {"datetime": "2025-08-20 14:07:04", "elapsed": 8078.710324048996, "delta": 19.188518285751343}, "costs": {"total_cost": 186.46435883906506, "time_cost": 75.08800000000001, "final_distance_cost": 1.8537089958451183, "oscillation_cost": 34.66103218342336, "completition_cost": 0.0, "overshoot_cost": 49.47475580724646, "power_cost": 12.96100106201172, "noise_cost": 12.42586079053839, "n_waypoints_completed": 9, "tot_waypoints": 9}}
{"target": -177.69898700214765, "params": {"k_pid_pos": [1.5179327732195667, 0.0, 0.2853628784584636], "k_pid_alt": [1.1546926247597187, 0.0001099859194404572, 0.2788059497568524], "k_pid_att": [38.77517647881465, 4.238116383236301, 0.7446468576775517], "k_pid_yaw": [0.5, 1e-06, 0.1], "k_pid_hsp": [1.9210245490085287, 0.1272120988909058, 0.0], "k_pid_vsp": [182.77165623250258, 257.75515096698774, 6.83730929861526]}, "datetime": {"datetime": "2025-08-20 14:07:24", "elapsed": 8098.527050971985, "delta": 19.81672692298889}, "costs": {"total_cost": 177.69898700214765, "time_cost": 69.512, "final_distance_cost": 1.8141893197785277, "oscillation_cost": 33.47844332171388, "completition_cost": 0.0, "overshoot_cost": 49.0912321594397, "power_cost": 12.517125561523438, "noise_cost": 11.28599663969213, "n_waypoints_completed": 9, "tot_waypoints": 9}}
{"target": -179.9718593028246, "params": {"k_pid_pos": [1.7048111676962936, 0.17321142966502615, 0.25892485307588103], "k_pid_alt": [1.3254011315708443, 0.0001715522533576725, 0.4407125184733536], "k_pid_att": [22.467449997662214, 2.252933939597653, 1.0], "k_pid_yaw": [0.5, 1e-06, 0.1], "k_pid_hsp": [1.045409798943689, 0.05340819572806524, 0.0], "k_pid_vsp": [283.51160637408685, 205.56917716324347, 5.097053805343406]}, "datetime": {"datetime": "2025-08-20 14:07:41", "elapsed": 8116.374653816223, "delta": 17.84760284423828}, "costs": {"total_cost": 179.9718593028246, "time_cost": 70.06400000000001, "final_distance_cost": 1.7505767179680105, "oscillation_cost": 33.93437012989163, "completition_cost": 0.0, "overshoot_cost": 49.90031569670471, "power_cost": 12.9692515625, "noise_cost": 11.353345195760253, "n_waypoints_completed": 9, "tot_waypoints": 9}}
{"target": -180.06259974751146, "params": {"k_pid_pos": [1.9488148254871251, 0.08768930502943, 0.31652297676337576], "k_pid_alt": [2.0, 6.714882989518144e-05, 0.07751604783802692], "k_pid_att": [26.571351134335718, 2.4780611532312102, 0.537225978805513], "k_pid_yaw": [0.5, 1e-06, 0.1], "k_pid_hsp": [1.9131698964178714, 0.09387898679217528, 0.0], "k_pid_vsp": [213.94427022066745, 197.74880044536744, 5.003090316998826]}, "datetime": {"datetime": "2025-08-20 14:07:57", "elapsed": 8132.375294208527, "delta": 16.000640392303467}, "costs": {"total_cost": 180.06259974751146, "time_cost": 68.376, "final_distance_cost": 1.7912590854914705, "oscillation_cost": 36.312451647498364, "completition_cost": 0.0, "overshoot_cost": 50.179560824666815, "power_cost": 12.344568103027344, "noise_cost": 11.058760086827462, "n_waypoints_completed": 9, "tot_waypoints": 9}}
{"target": -1471.51859478901, "params": {"k_pid_pos": [2.0, 0.09514803516226873, 0.6386238582672364], "k_pid_alt": [0.0, 0.00015271160217333947, 0.39313332451867716], "k_pid_att": [32.15288465642022, 3.447310409315316, 1.0], "k_pid_yaw": [0.5, 1e-06, 0.1], "k_pid_hsp": [0.0001, 0.1055616344241992, 0.0], "k_pid_vsp": [64.14439976704433, 147.9382102430355, 3.2827712108798397]}, "datetime": {"datetime": "2025-08-20 14:08:24", "elapsed": 8158.703489542007, "delta": 26.328195333480835}, "costs": {"total_cost": 1471.51859478901, "time_cost": 150, "final_distance_cost": 3.5973810790819085, "oscillation_cost": 91.40237875862299, "completition_cost": 1000.0, "overshoot_cost": 135.66321745897926, "power_cost": 19.78654694824219, "noise_cost": 71.06907054408362, "n_waypoints_completed": 0, "tot_waypoints": 9}}
{"target": -651.7412944248898, "params": {"k_pid_pos": [0.8487333885322513, 0.004529925253081992, 0.28595337121084513], "k_pid_alt": [0.20640036909168166, 0.0002551446696270509, 0.25327328794507353], "k_pid_att": [47.430227327606, 2.731670497169057, 0.7429499147311082], "k_pid_yaw": [0.5, 1e-06, 0.1], "k_pid_hsp": [1.1193079148906966, 0.107408791306366, 0.0], "k_pid_vsp": [299.9438278713297, 114.93138205577567, 3.876332341528084]}, "datetime": {"datetime": "2025-08-20 14:08:53", "elapsed": 8188.034805297852, "delta": 29.331315755844116}, "costs": {"total_cost": 651.7412944248898, "time_cost": 150, "final_distance_cost": 70.78724745283658, "oscillation_cost": 24.156349836637016, "completition_cost": 333.33333333333337, "overshoot_cost": 43.06972072608371, "power_cost": 16.10142674560547, "noise_cost": 14.293216330393669, "n_waypoints_completed": 6, "tot_waypoints": 9}}
{"target": -377.7267493100976, "params": {"k_pid_pos": [0.39039283367087707, 0.0059029016065443056, 0.32786357692574325], "k_pid_alt": [1.4220868798987567, 0.00012855240113648388, 0.15243722542794202], "k_pid_att": [63.339599107704565, 2.7640060878407375, 1.0], "k_pid_yaw": [0.5, 1e-06, 0.1], "k_pid_hsp": [1.1208608303055236, 0.033947819689036145, 0.0], "k_pid_vsp": [266.31638587546905, 242.44813486388912, 3.235565786331133]}, "datetime": {"datetime": "2025-08-20 14:09:19", "elapsed": 8214.095468521118, "delta": 26.0606632232666}, "costs": {"total_cost": 377.7267493100976, "time_cost": 150, "final_distance_cost": 2.818565510437982, "oscillation_cost": 25.30722302251787, "completition_cost": 111.11111111111116, "overshoot_cost": 54.76536327011226, "power_cost": 16.633359301757814, "noise_cost": 17.091127094160544, "n_waypoints_completed": 8, "tot_waypoints": 9}}
{"target": -194.84288216006047, "params": {"k_pid_pos": [2.0, 0.002670689237286302, 0.6110716308881062], "k_pid_alt": [1.1838174234028112, 5.718308698925761e-05, 0.21833700357093275], "k_pid_att": [54.758914889364405, 4.249245315461708, 0.7986804759823359], "k_pid_yaw": [0.5, 1e-06, 0.1], "k_pid_hsp": [0.06413778183327039, 0.05612640011362847, 0.0], "k_pid_vsp": [282.80122395392624, 252.7202741855309, 1.7933682044423505]}, "datetime": {"datetime": "2025-08-20 14:09:37", "elapsed": 8231.73058438301, "delta": 17.6351158618927}, "costs": {"total_cost": 194.84288216006047, "time_cost": 72.888, "final_distance_cost": 1.7980088390567246, "oscillation_cost": 44.54363316311771, "completition_cost": 0.0, "overshoot_cost": 51.130981574010264, "power_cost": 12.821314831542969, "noise_cost": 11.660943752332809, "n_waypoints_completed": 9, "tot_waypoints": 9}}
{"target": -180.05124825978334, "params": {"k_pid_pos": [1.5911340658203725, 0.0, 0.08438459894108674], "k_pid_alt": [0.7946770502746082, 0.0002565214480797078, 0.0], "k_pid_att": [73.96048608923776, 2.6342815530212538, 0.9111939871993275], "k_pid_yaw": [0.5, 1e-06, 0.1], "k_pid_hsp": [0.6513881972962159, 0.08122477115365988, 0.0], "k_pid_vsp": [291.2666839800489, 172.1732230298892, 1.448727508894585]}, "datetime": {"datetime": "2025-08-20 14:09:55", "elapsed": 8249.781695365906, "delta": 18.051110982894897}, "costs": {"total_cost": 180.05124825978334, "time_cost": 70.184, "final_distance_cost": 1.8154634204434443, "oscillation_cost": 34.77380068329978, "completition_cost": 0.0, "overshoot_cost": 49.44208232784142, "power_cost": 12.565477587890626, "noise_cost": 11.270424240308087, "n_waypoints_completed": 9, "tot_waypoints": 9}}
{"target": -179.1132530038251, "params": {"k_pid_pos": [2.0, 0.03672436747449749, 0.5215661346687931], "k_pid_alt": [1.2129236806208583, 0.00017731496784493444, 0.0], "k_pid_att": [78.07779412847174, 2.058889683084655, 1.0], "k_pid_yaw": [0.5, 1e-06, 0.1], "k_pid_hsp": [1.1771177968295035, 0.020740114548503497, 0.0], "k_pid_vsp": [117.78773159676689, 226.9992917766533, 3.439787950011168]}, "datetime": {"datetime": "2025-08-20 14:10:12", "elapsed": 8267.215642929077, "delta": 17.433947563171387}, "costs": {"total_cost": 179.1132530038251, "time_cost": 68.768, "final_distance_cost": 1.8086713253767295, "oscillation_cost": 35.17031159901604, "completition_cost": 0.0, "overshoot_cost": 49.93020898496815, "power_cost": 12.212673352050782, "noise_cost": 11.223387742413394, "n_waypoints_completed": 9, "tot_waypoints": 9}}
{"target": -177.1207906194298, "params": {"k_pid_pos": [1.6184944583169516, 0.0, 0.3875642194989873], "k_pid_alt": [2.0, 0.00015343276697125265, 0.2233227046545417], "k_pid_att": [68.30880485766193, 0.05639704201379803, 1.0], "k_pid_yaw": [0.5, 1e-06, 0.1], "k_pid_hsp": [0.7618650738049254, 0.03322109196829535, 0.0], "k_pid_vsp": [256.27995619827806, 137.55072508378487, 4.231031905700909]}, "datetime": {"datetime": "2025-08-20 14:10:30", "elapsed": 8284.558315038681, "delta": 17.342672109603882}, "costs": {"total_cost": 177.1207906194298, "time_cost": 69.12, "final_distance_cost": 1.8276372852814962, "oscillation_cost": 32.03796134187722, "completition_cost": 0.0, "overshoot_cost": 50.453282670275186, "power_cost": 12.263230053710938, "noise_cost": 11.418679268284952, "n_waypoints_completed": 9, "tot_waypoints": 9}}
{"target": -423.7357679729056, "params": {"k_pid_pos": [1.8599807316344485, 0.025573066846717996, 0.37691448451484827], "k_pid_alt": [2.0, 0.00012889288187901545, 0.09474958563547858], "k_pid_att": [59.44678326631142, 2.02986081394036, 0.7630123213082681], "k_pid_yaw": [0.5, 1e-06, 0.1], "k_pid_hsp": [0.789752322031552, 0.12483252685534481, 0.0], "k_pid_vsp": [0.0, 258.3734144953293, 7.027691434332507]}, "datetime": {"datetime": "2025-08-20 14:10:59", "elapsed": 8314.384940385818, "delta": 29.82662534713745}, "costs": {"total_cost": 423.7357679729056, "time_cost": 150, "final_distance_cost": 2.9559105057534665, "oscillation_cost": 64.1089861746638, "completition_cost": 111.11111111111116, "overshoot_cost": 58.69477288376907, "power_cost": 19.801042126464846, "noise_cost": 17.06394517114327, "n_waypoints_completed": 8, "tot_waypoints": 9}}
{"target": -177.98585118309205, "params": {"k_pid_pos": [1.721565370942372, 0.0, 0.3313271316502486], "k_pid_alt": [1.1613014410393623, 0.0001277803016963876, 0.2506541479934293], "k_pid_att": [48.72981111800046, 3.0483739357746917, 0.4650677351832769], "k_pid_yaw": [0.5, 1e-06, 0.1], "k_pid_hsp": [1.0109898739734515, 0.11170113751825729, 0.0], "k_pid_vsp": [279.5896086660475, 172.88052763439444, 3.502278943819396]}, "datetime": {"datetime": "2025-08-20 14:11:17", "elapsed": 8331.704651117325, "delta": 17.319710731506348}, "costs": {"total_cost": 177.98585118309205, "time_cost": 69.376, "final_distance_cost": 1.7960801652822445, "oscillation_cost": 33.22872996218209, "completition_cost": 0.0, "overshoot_cost": 49.7970859295173, "power_cost": 12.481652746582032, "noise_cost": 11.306302379528383, "n_waypoints_completed": 9, "tot_waypoints": 9}}
{"target": -181.8590888087942, "params": {"k_pid_pos": [1.0607994771127693, 0.004105835379920662, 0.528803445100608], "k_pid_alt": [2.0, 0.00024350007154326663, 0.2167324608377682], "k_pid_att": [20.8430567328713, 2.8464015155558866, 1.0], "k_pid_yaw": [0.5, 1e-06, 0.1], "k_pid_hsp": [0.8671773820263039, 0.016813768436442358, 0.0], "k_pid_vsp": [291.05590451412996, 84.7693611187638, 3.666366788032398]}, "datetime": {"datetime": "2025-08-20 14:11:35", "elapsed": 8350.236372470856, "delta": 18.531721353530884}, "costs": {"total_cost": 181.8590888087942, "time_cost": 73.856, "final_distance_cost": 1.8490820040087905, "oscillation_cost": 30.103507087629733, "completition_cost": 0.0, "overshoot_cost": 50.938227540197175, "power_cost": 12.70944423828125, "noise_cost": 12.402827938677246, "n_waypoints_completed": 9, "tot_waypoints": 9}}
{"target": -1263.5097305943204, "params": {"k_pid_pos": [0.0001, 0.0, 0.23156521366409508], "k_pid_alt": [1.9274392498953912, 8.444346746816699e-05, 0.21150559234403454], "k_pid_att": [79.4207183196014, 2.002316107561214, 1.0], "k_pid_yaw": [0.5, 1e-06, 0.1], "k_pid_hsp": [0.0001, 0.1669717311339345, 0.0], "k_pid_vsp": [120.3214469501459, 222.2780763677442, 5.002731119613461]}, "datetime": {"datetime": "2025-08-20 14:12:00", "elapsed": 8374.954484462738, "delta": 24.718111991882324}, "costs": {"total_cost": 1263.5097305943204, "time_cost": 150, "final_distance_cost": 46.008139679052725, "oscillation_cost": 6.4136079054051045, "completition_cost": 1000.0, "overshoot_cost": 30.27746030422028, "power_cost": 16.52845584716797, "noise_cost": 14.282066858474291, "n_waypoints_completed": 0, "tot_waypoints": 9}}
{"target": -179.21647344644333, "params": {"k_pid_pos": [1.6734465545053172, 0.007347029893944941, 0.5093476858546071], "k_pid_alt": [2.0, 0.00011294391089727649, 0.0], "k_pid_att": [44.66527534326073, 1.97600360843859, 1.0], "k_pid_yaw": [0.5, 1e-06, 0.1], "k_pid_hsp": [1.4767279611048814, 0.07084910567642179, 0.0], "k_pid_vsp": [85.96435538400188, 195.73580020674567, 1e-06]}, "datetime": {"datetime": "2025-08-20 14:12:17", "elapsed": 8392.388797044754, "delta": 17.43431258201599}, "costs": {"total_cost": 179.21647344644333, "time_cost": 69.408, "final_distance_cost": 1.8367972221030255, "oscillation_cost": 33.8008686312955, "completition_cost": 0.0, "overshoot_cost": 50.246261334822094, "power_cost": 12.448797436523439, "noise_cost": 11.475748821699248, "n_waypoints_completed": 9, "tot_waypoints": 9}}
{"target": -182.98825552584262, "params": {"k_pid_pos": [1.4384587241018458, 0.0, 0.6591858677361031], "k_pid_alt": [2.0, 0.00018907680529376843, 0.0], "k_pid_att": [67.69752060532717, 3.0705184259227756, 0.8650599557515829], "k_pid_yaw": [0.5, 1e-06, 0.1], "k_pid_hsp": [0.8479462012536821, 0.07042526969754152, 0.0], "k_pid_vsp": [24.074937885168477, 178.2774829119976, 2.627704461954335]}, "datetime": {"datetime": "2025-08-20 14:12:36", "elapsed": 8410.6232213974, "delta": 18.234424352645874}, "costs": {"total_cost": 182.98825552584262, "time_cost": 69.912, "final_distance_cost": 1.8349510627366477, "oscillation_cost": 37.152549479846684, "completition_cost": 0.0, "overshoot_cost": 50.125368418714004, "power_cost": 12.737933447265625, "noise_cost": 11.225453117279667, "n_waypoints_completed": 9, "tot_waypoints": 9}}
{"target": -178.52078147103924, "params": {"k_pid_pos": [1.4031256593412385, 0.0, 0.3777751269171628], "k_pid_alt": [2.0, 0.0001245762339583429, 0.1804259037025923], "k_pid_att": [51.32331885774058, 3.2532793892661225, 0.34106389491820327], "k_pid_yaw": [0.5, 1e-06, 0.1], "k_pid_hsp": [0.38143955710301825, 0.12429115876874203, 0.0], "k_pid_vsp": [305.7901427189308, 230.15526555426035, 3.4252154123653646]}, "datetime": {"datetime": "2025-08-20 14:12:55", "elapsed": 8429.625073194504, "delta": 19.001851797103882}, "costs": {"total_cost": 178.52078147103924, "time_cost": 69.552, "final_distance_cost": 1.850206187074675, "oscillation_cost": 33.74898117251373, "completition_cost": 0.0, "overshoot_cost": 49.261225689142634, "power_cost": 12.570332922363281, "noise_cost": 11.538035499944897, "n_waypoints_completed": 9, "tot_waypoints": 9}}
{"target": -682.8294069715322, "params": {"k_pid_pos": [0.271684348522846, 0.05574086901447454, 0.6148369113250345], "k_pid_alt": [0.6968933407436423, 0.00020004305353565877, 0.10212472941125206], "k_pid_att": [85.03784431419116, 2.5626691934704287, 0.8103525293867223], "k_pid_yaw": [0.5, 1e-06, 0.1], "k_pid_hsp": [1.109144173906621, 0.09127637331119277, 0.0], "k_pid_vsp": [0.0, 112.36285058541732, 2.1681053679947992]}, "datetime": {"datetime": "2025-08-20 14:13:21", "elapsed": 8455.75970005989, "delta": 26.134626865386963}, "costs": {"total_cost": 682.8294069715322, "time_cost": 150, "final_distance_cost": 69.91808001372841, "oscillation_cost": 48.64485153837912, "completition_cost": 333.33333333333337, "overshoot_cost": 49.62130649201887, "power_cost": 18.4275619140625, "noise_cost": 12.884273680009946, "n_waypoints_completed": 6, "tot_waypoints": 9}}
