{"target": -193.32938729330772, "params": {"k_pid_pos": [0.4267279364847935, 0.040931902759159644, 0.2646671428939514], "k_pid_alt": [2.0, 4.87229798946707e-05, 0.04198440807385554], "k_pid_att": [36.6955788127006, 4.967311184397094, 0.7934851863958018], "k_pid_yaw": [0.5, 1e-06, 0.1], "k_pid_hsp": [0.2626378210255033, 0.025706404980677004, 0.0], "k_pid_vsp": [329.4404586552828, 70.67354501898892, 3.957527282600861]}, "datetime": {"datetime": "2025-08-20 15:13:54", "elapsed": 12088.508716106415, "delta": 19.296891450881958}, "costs": {"total_cost": 193.32938729330772, "time_cost": 85.808, "final_distance_cost": 1.854844538610268, "oscillation_cost": 23.343296953424, "completition_cost": 0.0, "overshoot_cost": 53.28484486163864, "power_cost": 14.320967724609377, "noise_cost": 14.717433215025423, "n_waypoints_completed": 9, "tot_waypoints": 9}}
{"target": -175.7892691360212, "params": {"k_pid_pos": [0.9165916832015011, 0.02336723981967161, 0.38194615575806523], "k_pid_alt": [1.501137609940707, 0.00014613128178045395, 0.024844622868901853], "k_pid_att": [62.986662971588835, 5.000236151980725, 1.0], "k_pid_yaw": [0.5, 1e-06, 0.1], "k_pid_hsp": [0.19909308060411593, 0.04070186909457021, 0.0], "k_pid_vsp": [234.16691770209613, 169.53722504559929, 0.692131394720867]}, "datetime": {"datetime": "2025-08-20 15:14:09", "elapsed": 12104.41058087349, "delta": 15.901864767074585}, "costs": {"total_cost": 175.7892691360212, "time_cost": 71.4, "final_distance_cost": 1.8510148300671705, "oscillation_cost": 27.653748613164666, "completition_cost": 0.0, "overshoot_cost": 50.384421293882, "power_cost": 12.525812670898437, "noise_cost": 11.974271728008933, "n_waypoints_completed": 9, "tot_waypoints": 9}}
{"target": -176.31583612463834, "params": {"k_pid_pos": [1.7532631130993657, 0.03610870968191749, 0.2324512949232409], "k_pid_alt": [1.6367073207974479, 0.0002096830647801, 0.04228149073317069], "k_pid_att": [33.56581262719926, 3.7470818745032832, 1.0], "k_pid_yaw": [0.5, 1e-06, 0.1], "k_pid_hsp": [0.27747123792028444, 0.014496639004555589, 0.0], "k_pid_vsp": [377.562845833052, 128.15160664766083, 4.768334548288885]}, "datetime": {"datetime": "2025-08-20 15:14:27", "elapsed": 12121.627333402634, "delta": 17.216752529144287}, "costs": {"total_cost": 176.31583612463834, "time_cost": 68.84, "final_distance_cost": 1.8026245306332247, "oscillation_cost": 31.568284471957323, "completition_cost": 0.0, "overshoot_cost": 50.061576038766596, "power_cost": 12.692462036132813, "noise_cost": 11.350889047148357, "n_waypoints_completed": 9, "tot_waypoints": 9}}
{"target": -175.88855487048372, "params": {"k_pid_pos": [1.3891952495803739, 0.04069847527003523, 0.29425280302384466], "k_pid_alt": [1.8356041426967933, 0.00014310608069210875, 0.054971968239485774], "k_pid_att": [55.872344740743166, 3.6895973377159987, 0.9354235335278136], "k_pid_yaw": [0.5, 1e-06, 0.1], "k_pid_hsp": [0.42301173374151424, 0.014017704208302654, 0.0], "k_pid_vsp": [299.039392089444, 135.48467280088335, 2.4776314045574117]}, "datetime": {"datetime": "2025-08-20 15:14:44", "elapsed": 12139.227820634842, "delta": 17.600487232208252}, "costs": {"total_cost": 175.88855487048372, "time_cost": 69.552, "final_distance_cost": 1.8202021811955518, "oscillation_cost": 30.44973691914795, "completition_cost": 0.0, "overshoot_cost": 50.233692715495785, "power_cost": 12.377644067382812, "noise_cost": 11.455278987261607, "n_waypoints_completed": 9, "tot_waypoints": 9}}
{"target": -176.88633187148028, "params": {"k_pid_pos": [1.4383189038755126, 0.04993071269740675, 0.2041013888246894], "k_pid_alt": [1.8361262203556545, 0.00017583811804581885, 0.09253800040561477], "k_pid_att": [34.74066847656132, 6.0972660231994285, 0.8318696667906442], "k_pid_yaw": [0.5, 1e-06, 0.1], "k_pid_hsp": [0.5055770994822623, 0.04884305991853849, 0.0], "k_pid_vsp": [355.8140517948985, 75.80080395068286, 2.9293566483386626]}, "datetime": {"datetime": "2025-08-20 15:15:00", "elapsed": 12155.378629922867, "delta": 16.150809288024902}, "costs": {"total_cost": 176.88633187148028, "time_cost": 69.32000000000001, "final_distance_cost": 1.8148766850108302, "oscillation_cost": 31.754179534535925, "completition_cost": 0.0, "overshoot_cost": 49.94970843418183, "power_cost": 12.601387817382813, "noise_cost": 11.446179400368898, "n_waypoints_completed": 9, "tot_waypoints": 9}}
{"target": -178.7122680818422, "params": {"k_pid_pos": [0.7585910176777615, 0.05063725290746674, 0.17192174499025367], "k_pid_alt": [2.0, 7.911319535189848e-05, 0.0869611465978206], "k_pid_att": [56.731528731362175, 4.805421971422472, 0.6809136359346634], "k_pid_yaw": [0.5, 1e-06, 0.1], "k_pid_hsp": [0.46308587882021396, 0.024277802379706056, 0.0], "k_pid_vsp": [315.0427927120127, 103.32581402283274, 2.999543825273839]}, "datetime": {"datetime": "2025-08-20 15:15:17", "elapsed": 12172.262855052948, "delta": 16.884225130081177}, "costs": {"total_cost": 178.7122680818422, "time_cost": 72.784, "final_distance_cost": 1.847511014847093, "oscillation_cost": 28.013172473913958, "completition_cost": 0.0, "overshoot_cost": 50.83157610762318, "power_cost": 12.926584448242188, "noise_cost": 12.309424037215784, "n_waypoints_completed": 9, "tot_waypoints": 9}}
{"target": -176.77053463700022, "params": {"k_pid_pos": [1.5214900767389923, 0.04321657167202756, 0.22205104204348233], "k_pid_alt": [2.0, 0.00015120518850314613, 0.018189065678059144], "k_pid_att": [38.10793093065869, 5.422640656781794, 1.0], "k_pid_yaw": [0.5, 1e-06, 0.1], "k_pid_hsp": [0.14042686011874944, 0.02663546913752055, 0.0], "k_pid_vsp": [211.10259132204555, 111.86330087532845, 3.1866536316133396]}, "datetime": {"datetime": "2025-08-20 15:15:33", "elapsed": 12188.300081968307, "delta": 16.037226915359497}, "costs": {"total_cost": 176.77053463700022, "time_cost": 69.056, "final_distance_cost": 1.808255442098285, "oscillation_cost": 32.210165275848645, "completition_cost": 0.0, "overshoot_cost": 49.94586633121719, "power_cost": 12.569652478027344, "noise_cost": 11.180595109808758, "n_waypoints_completed": 9, "tot_waypoints": 9}}
{"target": -177.16833308069755, "params": {"k_pid_pos": [1.3549474311452017, 0.03709900419048177, 0.18563673090237875], "k_pid_alt": [0.8796970833405927, 0.0001423673339168305, 0.0], "k_pid_att": [23.426649440531587, 3.842809811144688, 0.9237011797578983], "k_pid_yaw": [0.5, 1e-06, 0.1], "k_pid_hsp": [0.7746299170230375, 0.0171065057845767, 0.0], "k_pid_vsp": [293.5390080376861, 190.3222050306625, 3.106626753904665]}, "datetime": {"datetime": "2025-08-20 15:15:50", "elapsed": 12204.71956562996, "delta": 16.41948366165161}, "costs": {"total_cost": 177.16833308069755, "time_cost": 69.976, "final_distance_cost": 1.824154057940021, "oscillation_cost": 31.35325199352303, "completition_cost": 0.0, "overshoot_cost": 50.12821504052852, "power_cost": 12.520408081054688, "noise_cost": 11.366303907651302, "n_waypoints_completed": 9, "tot_waypoints": 9}}
{"target": -174.56953824107057, "params": {"k_pid_pos": [0.8799696626313338, 0.02852959858192941, 0.15231184243280763], "k_pid_alt": [1.9205862499128117, 9.294107540461749e-05, 0.032703745641006185], "k_pid_att": [20.006500124873558, 8.6018883504713, 0.657356772883812], "k_pid_yaw": [0.5, 1e-06, 0.1], "k_pid_hsp": [0.4504415494942773, 0.034259822225307386, 0.0], "k_pid_vsp": [283.00477451706644, 67.00027488888368, 1.6849290363025242]}, "datetime": {"datetime": "2025-08-20 15:16:06", "elapsed": 12221.049501180649, "delta": 16.329935550689697}, "costs": {"total_cost": 174.56953824107057, "time_cost": 70.328, "final_distance_cost": 1.8394852141971851, "oscillation_cost": 28.026203766254092, "completition_cost": 0.0, "overshoot_cost": 50.06523402682602, "power_cost": 12.462127160644531, "noise_cost": 11.848488073148742, "n_waypoints_completed": 9, "tot_waypoints": 9}}
{"target": -176.44205126720118, "params": {"k_pid_pos": [1.0413087034464938, 0.008825512955003128, 0.35754665068105435], "k_pid_alt": [1.4218014166913413, 0.00020800556584666104, 0.01772030838856437], "k_pid_att": [20.504593250484728, 7.154806657763604, 1.0], "k_pid_yaw": [0.5, 1e-06, 0.1], "k_pid_hsp": [0.5019112290546935, 0.030752809748894012, 0.0], "k_pid_vsp": [367.4090327309594, 89.63425333736306, 3.325888711117925]}, "datetime": {"datetime": "2025-08-20 15:16:23", "elapsed": 12237.59931898117, "delta": 16.54981780052185}, "costs": {"total_cost": 176.44205126720118, "time_cost": 70.848, "final_distance_cost": 1.8441486385521637, "oscillation_cost": 28.304417848350745, "completition_cost": 0.0, "overshoot_cost": 50.17670831902303, "power_cost": 13.067449133300782, "noise_cost": 12.201327327974457, "n_waypoints_completed": 9, "tot_waypoints": 9}}
{"target": -176.26306911068687, "params": {"k_pid_pos": [1.3278915778761888, 0.004634445462313783, 0.23146365946353187], "k_pid_alt": [1.325279960722785, 0.00022039662254400762, 0.015899154692373584], "k_pid_att": [44.25708861853186, 5.440839210209738, 0.5294276997029542], "k_pid_yaw": [0.5, 1e-06, 0.1], "k_pid_hsp": [0.43462977505416117, 0.04231961299775359, 0.0], "k_pid_vsp": [143.88393293560793, 58.84571165857102, 3.390480878123077]}, "datetime": {"datetime": "2025-08-20 15:16:38", "elapsed": 12253.037730693817, "delta": 15.438411712646484}, "costs": {"total_cost": 176.26306911068687, "time_cost": 69.248, "final_distance_cost": 1.8424739558451086, "oscillation_cost": 31.142940955334346, "completition_cost": 0.0, "overshoot_cost": 50.10428394311786, "power_cost": 12.438794555664064, "noise_cost": 11.486575700725467, "n_waypoints_completed": 9, "tot_waypoints": 9}}
{"target": -175.6170002260443, "params": {"k_pid_pos": [1.9174504281272895, 0.01579184412207602, 0.37542828778854426], "k_pid_alt": [2.0, 0.0001546145691478115, 0.05329052469166229], "k_pid_att": [41.37525934465619, 5.873394455446216, 0.9449921377706957], "k_pid_yaw": [0.5, 1e-06, 0.1], "k_pid_hsp": [0.5240727625227378, 0.02510202619116315, 0.0], "k_pid_vsp": [170.14933636865902, 127.14448279180402, 2.3165909227435706]}, "datetime": {"datetime": "2025-08-20 15:16:55", "elapsed": 12269.833986520767, "delta": 16.796255826950073}, "costs": {"total_cost": 175.6170002260443, "time_cost": 68.872, "final_distance_cost": 1.8003158380288977, "oscillation_cost": 31.251661481751306, "completition_cost": 0.0, "overshoot_cost": 49.720272739035146, "power_cost": 12.70744364013672, "noise_cost": 11.265306527092228, "n_waypoints_completed": 9, "tot_waypoints": 9}}
{"target": -178.56388987674052, "params": {"k_pid_pos": [1.1697030867486369, 0.018327279625516137, 0.45152537218479444], "k_pid_alt": [2.0, 0.00015981191150403113, 0.024845937416939856], "k_pid_att": [65.45387633058385, 9.12530730999014, 0.47440798151574687], "k_pid_yaw": [0.5, 1e-06, 0.1], "k_pid_hsp": [0.5242945773367947, 0.033058336534925896, 0.0], "k_pid_vsp": [276.11759046852455, 25.180271573094696, 3.9591747570037064]}, "datetime": {"datetime": "2025-08-20 15:17:11", "elapsed": 12286.31833600998, "delta": 16.484349489212036}, "costs": {"total_cost": 178.56388987674052, "time_cost": 71.256, "final_distance_cost": 1.851205393986364, "oscillation_cost": 29.5147336300641, "completition_cost": 0.0, "overshoot_cost": 51.15265546078405, "power_cost": 12.779106884765625, "noise_cost": 12.010188507140425, "n_waypoints_completed": 9, "tot_waypoints": 9}}
{"target": -184.58698484491393, "params": {"k_pid_pos": [0.7854496476617153, 0.025418954435747394, 0.25303262052789305], "k_pid_alt": [2.0, 0.0002009178687987159, 0.044255951336464185], "k_pid_att": [12.078771394067397, 5.800615730376674, 1.0], "k_pid_yaw": [0.5, 1e-06, 0.1], "k_pid_hsp": [1.0053848390750941, 0.01786546166588525, 0.0], "k_pid_vsp": [235.05291121931555, 115.2998975937005, 3.9687219410259353]}, "datetime": {"datetime": "2025-08-20 15:17:28", "elapsed": 12303.019344806671, "delta": 16.701008796691895}, "costs": {"total_cost": 184.58698484491393, "time_cost": 75.176, "final_distance_cost": 1.8511966139052143, "oscillation_cost": 31.496477394085083, "completition_cost": 0.0, "overshoot_cost": 50.4761045363423, "power_cost": 12.975941833496094, "noise_cost": 12.611264467085254, "n_waypoints_completed": 9, "tot_waypoints": 9}}
{"target": -182.70493095437126, "params": {"k_pid_pos": [0.6673639803556859, 0.03983025749775282, 0.2763831999129876], "k_pid_alt": [2.0, 0.00011998471660972307, 0.0397927052274216], "k_pid_att": [68.12308129930055, 5.5026499543828065, 0.7168424000754395], "k_pid_yaw": [0.5, 1e-06, 0.1], "k_pid_hsp": [0.3514731954452272, 0.02193820304740764, 0.0], "k_pid_vsp": [383.2656270101561, 85.98242754794836, 2.17807059076226]}, "datetime": {"datetime": "2025-08-20 15:17:45", "elapsed": 12320.130510091782, "delta": 17.111165285110474}, "costs": {"total_cost": 182.70493095437126, "time_cost": 76.64, "final_distance_cost": 1.843406517601444, "oscillation_cost": 26.956040843536456, "completition_cost": 0.0, "overshoot_cost": 51.227858365722604, "power_cost": 13.188650756835939, "noise_cost": 12.848974470674856, "n_waypoints_completed": 9, "tot_waypoints": 9}}
{"target": -174.04091669639035, "params": {"k_pid_pos": [1.1648992138521541, 0.03136248734581553, 0.3482960290799027], "k_pid_alt": [2.0, 0.00016323871561869894, 0.031789476059390975], "k_pid_att": [39.53321825570271, 2.4779685997006107, 0.7206772785256699], "k_pid_yaw": [0.5, 1e-06, 0.1], "k_pid_hsp": [0.467480901381442, 0.028883275695492663, 0.0], "k_pid_vsp": [40.69475086454446, 84.3126146776819, 3.754770953881772]}, "datetime": {"datetime": "2025-08-20 15:18:01", "elapsed": 12336.225110054016, "delta": 16.094599962234497}, "costs": {"total_cost": 174.04091669639035, "time_cost": 69.672, "final_distance_cost": 1.8340536408317247, "oscillation_cost": 28.35161941661434, "completition_cost": 0.0, "overshoot_cost": 49.75054749580804, "power_cost": 12.73857490234375, "noise_cost": 11.694121240792509, "n_waypoints_completed": 9, "tot_waypoints": 9}}
{"target": -181.52363831492508, "params": {"k_pid_pos": [1.5555288808456034, 0.03694829908770336, 0.14184809872131057], "k_pid_alt": [1.8888467447844066, 0.00017796952050161839, 0.0341725375823523], "k_pid_att": [42.18793514713966, 3.7451092710567906, 1.0], "k_pid_yaw": [0.5, 1e-06, 0.1], "k_pid_hsp": [0.17303297931640974, 0.05714817679655029, 0.0], "k_pid_vsp": [396.959504569991, 132.52214836469142, 3.2269101053599507]}, "datetime": {"datetime": "2025-08-20 15:18:17", "elapsed": 12352.010124921799, "delta": 15.785014867782593}, "costs": {"total_cost": 181.52363831492508, "time_cost": 69.056, "final_distance_cost": 1.7687901764124787, "oscillation_cost": 36.37320398783359, "completition_cost": 0.0, "overshoot_cost": 50.58724021674207, "power_cost": 12.514287084960937, "noise_cost": 11.224116848976022, "n_waypoints_completed": 9, "tot_waypoints": 9}}
{"target": -175.67515779338058, "params": {"k_pid_pos": [1.343698174551961, 0.04375949877014926, 0.20761386974061935], "k_pid_alt": [1.3929387838482892, 0.0001195636862312058, 0.05798987038569481], "k_pid_att": [21.05163236435337, 2.7199674828066747, 0.7986627988645618], "k_pid_yaw": [0.5, 1e-06, 0.1], "k_pid_hsp": [0.32363791351493526, 0.02982774031996505, 0.0], "k_pid_vsp": [282.1438565171466, 80.82190716608186, 2.471319226121801]}, "datetime": {"datetime": "2025-08-20 15:18:33", "elapsed": 12368.06769490242, "delta": 16.057569980621338}, "costs": {"total_cost": 175.67515779338058, "time_cost": 69.08, "final_distance_cost": 1.8057235153248667, "oscillation_cost": 31.021229914420044, "completition_cost": 0.0, "overshoot_cost": 49.660952229620854, "power_cost": 12.71925838623047, "noise_cost": 11.387993747784328, "n_waypoints_completed": 9, "tot_waypoints": 9}}
{"target": -175.17267591130923, "params": {"k_pid_pos": [0.9451682420866175, 0.03710685481532054, 0.14884283545556062], "k_pid_alt": [2.0, 0.0002269688657635489, 0.0], "k_pid_att": [61.312978771935526, 6.351861801162959, 0.817372445342202], "k_pid_yaw": [0.5, 1e-06, 0.1], "k_pid_hsp": [0.7587027227406846, 0.026007009527001454, 0.0], "k_pid_vsp": [264.5709052814224, 71.859596566765, 3.496968698643704]}, "datetime": {"datetime": "2025-08-20 15:18:49", "elapsed": 12384.157792806625, "delta": 16.090097904205322}, "costs": {"total_cost": 175.17267591130923, "time_cost": 70.272, "final_distance_cost": 1.8476949770774005, "oscillation_cost": 28.485777377321003, "completition_cost": 0.0, "overshoot_cost": 50.32059479949604, "power_cost": 12.536876403808595, "noise_cost": 11.709732353606162, "n_waypoints_completed": 9, "tot_waypoints": 9}}
{"target": -174.85247918932137, "params": {"k_pid_pos": [1.0571883697634175, 0.026737048464478653, 0.2734877523095161], "k_pid_alt": [1.7072032694853385, 7.84835560028459e-05, 0.10046684373121277], "k_pid_att": [37.27376202862811, 9.197799633410938, 0.8385445942596205], "k_pid_yaw": [0.5, 1e-06, 0.1], "k_pid_hsp": [0.49270865658135604, 0.032529291661817776, 0.0], "k_pid_vsp": [171.7478790884634, 70.93943882928086, 3.265659787944817]}, "datetime": {"datetime": "2025-08-20 15:19:06", "elapsed": 12401.474309206009, "delta": 17.316516399383545}, "costs": {"total_cost": 174.85247918932137, "time_cost": 70.04, "final_distance_cost": 1.8441523031593674, "oscillation_cost": 28.595266305085552, "completition_cost": 0.0, "overshoot_cost": 49.74668394322833, "power_cost": 12.781109411621093, "noise_cost": 11.845267226227044, "n_waypoints_completed": 9, "tot_waypoints": 9}}
{"target": -174.57114345344343, "params": {"k_pid_pos": [1.1940802745429804, 0.03702859150416211, 0.3734453316072161], "k_pid_alt": [1.8020098631078747, 0.00019206883677917548, 0.07112647088549391], "k_pid_att": [46.286689647802284, 3.7153627531779048, 0.8907697231560169], "k_pid_yaw": [0.5, 1e-06, 0.1], "k_pid_hsp": [0.4322270429878401, 0.037278439678549075, 0.0], "k_pid_vsp": [54.006569191590735, 85.1102357879023, 1.2434768983407565]}, "datetime": {"datetime": "2025-08-20 15:19:22", "elapsed": 12417.491907835007, "delta": 16.017598628997803}, "costs": {"total_cost": 174.57114345344343, "time_cost": 69.656, "final_distance_cost": 1.8329764583915966, "oscillation_cost": 28.609285413836968, "completition_cost": 0.0, "overshoot_cost": 50.16654874395795, "power_cost": 12.669916430664063, "noise_cost": 11.63641640659281, "n_waypoints_completed": 9, "tot_waypoints": 9}}
{"target": -176.74630523872614, "params": {"k_pid_pos": [1.270118310392487, 0.014725992906235254, 0.16889344482951105], "k_pid_alt": [1.9771814393263407, 0.00019612001924921825, 0.08933346333814707], "k_pid_att": [35.96552144689323, 4.529045475089895, 0.26357084869432496], "k_pid_yaw": [0.5, 1e-06, 0.1], "k_pid_hsp": [0.5269503463126008, 0.029330720428844725, 0.0], "k_pid_vsp": [355.1160299414698, 106.59326893879758, 3.6289847999349014]}, "datetime": {"datetime": "2025-08-20 15:19:38", "elapsed": 12433.008289575577, "delta": 15.516381740570068}, "costs": {"total_cost": 176.74630523872614, "time_cost": 69.512, "final_distance_cost": 1.8456929117578467, "oscillation_cost": 30.869101730636228, "completition_cost": 0.0, "overshoot_cost": 50.13291179145686, "power_cost": 12.79272440185547, "noise_cost": 11.593874403019731, "n_waypoints_completed": 9, "tot_waypoints": 9}}
{"target": -199.02385805738396, "params": {"k_pid_pos": [0.4100465298302704, 0.003047620105550335, 0.16017783744182854], "k_pid_alt": [2.0, 0.00027821176933332236, 0.0], "k_pid_att": [59.85321301869766, 6.094849149980692, 0.5155726272104325], "k_pid_yaw": [0.5, 1e-06, 0.1], "k_pid_hsp": [0.3445156107200808, 0.030609305117613617, 0.0], "k_pid_vsp": [214.2258894255245, 74.4770882113374, 1.22889273251923]}, "datetime": {"datetime": "2025-08-20 15:19:59", "elapsed": 12454.06454205513, "delta": 21.056252479553223}, "costs": {"total_cost": 199.02385805738396, "time_cost": 89.848, "final_distance_cost": 1.8591852300671834, "oscillation_cost": 24.421511936005434, "completition_cost": 0.0, "overshoot_cost": 52.92060691176318, "power_cost": 14.467633593750001, "noise_cost": 15.506920385798166, "n_waypoints_completed": 9, "tot_waypoints": 9}}
{"target": -1227.0445227398188, "params": {"k_pid_pos": [0.0001, 0.05007578877628497, 0.2669189143787625], "k_pid_alt": [1.950836500492186, 0.00017757305764228723, 0.08127756745092753], "k_pid_att": [54.4524640735977, 3.2976797318764484, 0.807371264015881], "k_pid_yaw": [0.5, 1e-06, 0.1], "k_pid_hsp": [0.1538221350554775, 0.029164263777484642, 0.0], "k_pid_vsp": [240.3657969752262, 18.536860195723794, 1.2174489979400933]}, "datetime": {"datetime": "2025-08-20 15:20:22", "elapsed": 12477.497195243835, "delta": 23.432653188705444}, "costs": {"total_cost": 1227.0445227398188, "time_cost": 150, "final_distance_cost": 50.70204219501847, "oscillation_cost": 0.8039695983330759, "completition_cost": 888.8888888888888, "overshoot_cost": 106.84304606552749, "power_cost": 15.778923925781251, "noise_cost": 14.027652066269614, "n_waypoints_completed": 1, "tot_waypoints": 9}}
{"target": -183.23346680142737, "params": {"k_pid_pos": [0.6559203134779645, 0.03655491164578621, 0.2325510967793624], "k_pid_alt": [1.2468759644794958, 8.015007758965749e-05, 0.06341275910217037], "k_pid_att": [53.714610512631914, 3.7225271818383856, 1.0], "k_pid_yaw": [0.5, 1e-06, 0.1], "k_pid_hsp": [0.5065712276943505, 0.023108763693229843, 0.0], "k_pid_vsp": [207.91704613148696, 113.35606374298476, 1.3386425665589943]}, "datetime": {"datetime": "2025-08-20 15:20:41", "elapsed": 12495.578955888748, "delta": 18.08176064491272}, "costs": {"total_cost": 183.23346680142737, "time_cost": 77.376, "final_distance_cost": 1.8518618138805223, "oscillation_cost": 26.65377751089341, "completition_cost": 0.0, "overshoot_cost": 51.100859048730946, "power_cost": 13.344306274414063, "noise_cost": 12.906662153508423, "n_waypoints_completed": 9, "tot_waypoints": 9}}
