{"target": -171.8932020230314, "params": {"k_pid_pos": [0.5050387390757808, 0.0042647988247931585, 0.009774491241065046], "k_pid_alt": [2.0, 0.00012734024212385976, 0.0017801908791533385], "k_pid_att": [29.340804801808712, 5.520433456886525, 0.6885250684302662], "k_pid_yaw": [0.5, 1e-06, 0.1], "k_pid_hsp": [0.1289844473110288, 0.007829462330261877, 0.0], "k_pid_vsp": [212.45151137524965, 159.5769689132803, 0.8334516621489754]}, "datetime": {"datetime": "2025-08-20 20:04:30", "elapsed": 29524.940605401993, "delta": 18.046173334121704}, "costs": {"total_cost": 171.8932020230314, "time_cost": 72.976, "final_distance_cost": 1.8379360069538697, "oscillation_cost": 21.99363979123868, "completition_cost": 0.0, "overshoot_cost": 50.837621782243424, "power_cost": 12.373613232421876, "noise_cost": 11.874391210173544, "n_waypoints_completed": 9, "tot_waypoints": 9}}
{"target": -168.68705785548056, "params": {"k_pid_pos": [0.584602031653961, 0.0042852001722011685, 0.009098106649358702], "k_pid_alt": [1.7021122411169853, 0.00013771961463180356, 0.0017106357384298668], "k_pid_att": [21.132317377636014, 5.586765604749014, 0.7313453973750409], "k_pid_yaw": [0.5, 1e-06, 0.1], "k_pid_hsp": [0.09605758737044101, 0.005750246599531702, 0.0], "k_pid_vsp": [240.07641071319188, 133.85997621300626, 0.7257212423327357]}, "datetime": {"datetime": "2025-08-20 20:04:49", "elapsed": 29543.91632437706, "delta": 18.97571897506714}, "costs": {"total_cost": 168.68705785548056, "time_cost": 71.56, "final_distance_cost": 1.8099841656460012, "oscillation_cost": 21.557874653471853, "completition_cost": 0.0, "overshoot_cost": 50.61271840228853, "power_cost": 11.786842492675781, "noise_cost": 11.35963814139839, "n_waypoints_completed": 9, "tot_waypoints": 9}}
{"target": -170.30119063338805, "params": {"k_pid_pos": [0.5958830431350702, 0.0035082456193863075, 0.007503901684722693], "k_pid_alt": [1.8821325790857852, 0.00011497870891439578, 0.002124185380941956], "k_pid_att": [22.554252197790195, 6.320817847566349, 1.0], "k_pid_yaw": [0.5, 1e-06, 0.1], "k_pid_hsp": [0.08310438269389753, 0.0043329030217210416, 0.0], "k_pid_vsp": [222.87250683164504, 185.61903507505187, 0.8655763208025244]}, "datetime": {"datetime": "2025-08-20 20:05:05", "elapsed": 29559.728045463562, "delta": 15.811721086502075}, "costs": {"total_cost": 170.30119063338805, "time_cost": 72.28, "final_distance_cost": 1.8117191024151393, "oscillation_cost": 20.60452912064632, "completition_cost": 0.0, "overshoot_cost": 51.39573998226596, "power_cost": 12.59119315185547, "noise_cost": 11.618009276205148, "n_waypoints_completed": 9, "tot_waypoints": 9}}
{"target": -171.66782763733764, "params": {"k_pid_pos": [0.41076963975032976, 0.005805814325940863, 0.010834480525558625], "k_pid_alt": [1.977501152963556, 0.00013565443943387915, 0.002479250418743285], "k_pid_att": [32.163407984968984, 5.901687627253481, 0.5829716600641269], "k_pid_yaw": [0.5, 1e-06, 0.1], "k_pid_hsp": [0.09341128003254896, 0.004375085318744654, 0.0], "k_pid_vsp": [209.03870592524785, 264.21683283853713, 0.6077352434992095]}, "datetime": {"datetime": "2025-08-20 20:05:22", "elapsed": 29577.2217772007, "delta": 17.49373173713684}, "costs": {"total_cost": 171.66782763733764, "time_cost": 75.128, "final_distance_cost": 1.849188216725321, "oscillation_cost": 17.50182846396094, "completition_cost": 0.0, "overshoot_cost": 51.71163527342762, "power_cost": 13.048086572265625, "noise_cost": 12.429089110958119, "n_waypoints_completed": 9, "tot_waypoints": 9}}
{"target": -174.765315015349, "params": {"k_pid_pos": [0.4166542878151766, 0.003989383874216875, 0.009062192510148694], "k_pid_alt": [2.0, 0.0001166031840538656, 0.002222246130660519], "k_pid_att": [34.809212564933986, 7.788366438911829, 0.6528851735100781], "k_pid_yaw": [0.5, 1e-06, 0.1], "k_pid_hsp": [0.12773387265003744, 0.006225579681396171, 0.0], "k_pid_vsp": [247.28744089174688, 177.57371748849872, 0.8097595499731499]}, "datetime": {"datetime": "2025-08-20 20:05:39", "elapsed": 29594.443218946457, "delta": 17.221441745758057}, "costs": {"total_cost": 174.765315015349, "time_cost": 76.544, "final_distance_cost": 1.8491174143765825, "oscillation_cost": 20.21566404269407, "completition_cost": 0.0, "overshoot_cost": 51.28156454321521, "power_cost": 12.411493078613281, "noise_cost": 12.46347593644985, "n_waypoints_completed": 9, "tot_waypoints": 9}}
{"target": -176.8016163583053, "params": {"k_pid_pos": [0.3627349021484439, 0.0034996520108063803, 0.004767763943396069], "k_pid_alt": [1.0959225350662065, 0.00014415953208494478, 0.002399333826911766], "k_pid_att": [31.236729938846054, 7.048718929502448, 0.5727729093128375], "k_pid_yaw": [0.5, 1e-06, 0.1], "k_pid_hsp": [0.11401218586860662, 0.004277849564101807, 0.0], "k_pid_vsp": [203.65051557876913, 259.43011122029947, 0.7066086252753411]}, "datetime": {"datetime": "2025-08-20 20:05:59", "elapsed": 29614.192350625992, "delta": 19.749131679534912}, "costs": {"total_cost": 176.8016163583053, "time_cost": 80.008, "final_distance_cost": 1.8564205838297836, "oscillation_cost": 17.351288220156807, "completition_cost": 0.0, "overshoot_cost": 51.68627190404192, "power_cost": 12.813653356933594, "noise_cost": 13.085982293343196, "n_waypoints_completed": 9, "tot_waypoints": 9}}
{"target": -170.88555485216355, "params": {"k_pid_pos": [0.5647700778067586, 0.002862895387093675, 0.006547410230778644], "k_pid_alt": [1.7891400438247649, 0.00013145468062635232, 0.0020765995225458214], "k_pid_att": [26.527320234242524, 7.5225688819000025, 0.8517658808813424], "k_pid_yaw": [0.5, 1e-06, 0.1], "k_pid_hsp": [0.0788508246063487, 0.004593743341633004, 0.0], "k_pid_vsp": [152.37121111702922, 114.64089660429734, 1.0226653452265781]}, "datetime": {"datetime": "2025-08-20 20:06:16", "elapsed": 29631.038084983826, "delta": 16.845734357833862}, "costs": {"total_cost": 170.88555485216355, "time_cost": 72.96000000000001, "final_distance_cost": 1.7902630059705236, "oscillation_cost": 19.90331054352508, "completition_cost": 0.0, "overshoot_cost": 51.96395906480434, "power_cost": 12.50921533203125, "noise_cost": 11.758806905832339, "n_waypoints_completed": 9, "tot_waypoints": 9}}
{"target": -171.08528848879934, "params": {"k_pid_pos": [0.4038214208810123, 0.004065641002498136, 0.009518095116600254], "k_pid_alt": [1.8651597853085302, 0.00015042260884342578, 0.0019685197674673234], "k_pid_att": [35.12019896009794, 7.269980258040662, 0.7438458200000978], "k_pid_yaw": [0.5, 1e-06, 0.1], "k_pid_hsp": [0.08824308043183936, 0.00499423618385246, 0.0], "k_pid_vsp": [177.5703084887813, 169.57863324155366, 0.8482995002599786]}, "datetime": {"datetime": "2025-08-20 20:06:32", "elapsed": 29647.35430407524, "delta": 16.316219091415405}, "costs": {"total_cost": 171.08528848879934, "time_cost": 75.272, "final_distance_cost": 1.8410929430815415, "oscillation_cost": 16.99153446289441, "completition_cost": 0.0, "overshoot_cost": 52.18626488903634, "power_cost": 12.529717675781251, "noise_cost": 12.264678518005804, "n_waypoints_completed": 9, "tot_waypoints": 9}}
{"target": -171.06057475830787, "params": {"k_pid_pos": [0.6789469293597143, 0.0035695512200574343, 0.006440641467724293], "k_pid_alt": [1.7323014007522974, 0.0001334882353913548, 0.0021348693994712588], "k_pid_att": [26.403018785761684, 7.828613648766584, 0.6935476797359746], "k_pid_yaw": [0.5, 1e-06, 0.1], "k_pid_hsp": [0.08386432936053452, 0.0064553641857138175, 0.0], "k_pid_vsp": [148.09395606135436, 249.4140140796353, 1.0680770340269707]}, "datetime": {"datetime": "2025-08-20 20:06:49", "elapsed": 29663.925162553787, "delta": 16.570858478546143}, "costs": {"total_cost": 171.06057475830787, "time_cost": 71.952, "final_distance_cost": 1.809259771036289, "oscillation_cost": 22.642204030270925, "completition_cost": 0.0, "overshoot_cost": 51.11240682513966, "power_cost": 12.179502795410157, "noise_cost": 11.36520133645084, "n_waypoints_completed": 9, "tot_waypoints": 9}}
{"target": -170.23074786795905, "params": {"k_pid_pos": [0.46056775429955027, 0.004305605966797177, 0.009577625226450899], "k_pid_alt": [1.9521326967468495, 0.00013152399561806074, 0.0020911984425449857], "k_pid_att": [31.598674609709946, 5.500799362531077, 0.5497810888983254], "k_pid_yaw": [0.5, 1e-06, 0.1], "k_pid_hsp": [0.09757448798829173, 0.00756337613641116, 0.0], "k_pid_vsp": [156.48784985021527, 214.43950820387195, 1.1058000451800967]}, "datetime": {"datetime": "2025-08-20 20:07:05", "elapsed": 29680.147099018097, "delta": 16.221936464309692}, "costs": {"total_cost": 170.23074786795905, "time_cost": 73.44800000000001, "final_distance_cost": 1.847470324415008, "oscillation_cost": 19.401488610979897, "completition_cost": 0.0, "overshoot_cost": 51.0785115973115, "power_cost": 12.512755078125, "noise_cost": 11.942522257127655, "n_waypoints_completed": 9, "tot_waypoints": 9}}
{"target": -169.03414068472262, "params": {"k_pid_pos": [0.6419135681643545, 0.003777057536463514, 0.006566130432650284], "k_pid_alt": [1.7419448290268909, 0.00010360896635713697, 0.0019001958150084788], "k_pid_att": [29.50870597194111, 7.287339101945576, 0.599498268996237], "k_pid_yaw": [0.5, 1e-06, 0.1], "k_pid_hsp": [0.10417471536884458, 0.006752836241909227, 0.0], "k_pid_vsp": [154.43904150273775, 234.78529850450568, 1.04179311830286]}, "datetime": {"datetime": "2025-08-20 20:07:22", "elapsed": 29696.561188697815, "delta": 16.414089679718018}, "costs": {"total_cost": 169.03414068472262, "time_cost": 70.728, "final_distance_cost": 1.809440335471303, "oscillation_cost": 23.076359988096605, "completition_cost": 0.0, "overshoot_cost": 50.348514302908974, "power_cost": 11.861682104492187, "noise_cost": 11.210143953753532, "n_waypoints_completed": 9, "tot_waypoints": 9}}
{"target": -169.70292831023582, "params": {"k_pid_pos": [0.5176658333073237, 0.00438411713140758, 0.0077227722825697], "k_pid_alt": [1.6039727941613708, 0.00016745802613816192, 0.0023437524824728526], "k_pid_att": [32.95111135257396, 6.674611415361544, 0.39873342322568045], "k_pid_yaw": [0.5, 1e-06, 0.1], "k_pid_hsp": [0.10490864063085346, 0.005197235588846583, 0.0], "k_pid_vsp": [140.09738335838423, 207.49899949861666, 0.8055624191911009]}, "datetime": {"datetime": "2025-08-20 20:07:38", "elapsed": 29713.15966320038, "delta": 16.598474502563477}, "costs": {"total_cost": 169.70292831023582, "time_cost": 72.272, "final_distance_cost": 1.8246228705968472, "oscillation_cost": 20.762997960632834, "completition_cost": 0.0, "overshoot_cost": 50.695729753351856, "power_cost": 12.434584033203125, "noise_cost": 11.712993692451157, "n_waypoints_completed": 9, "tot_waypoints": 9}}
{"target": -168.96790080842823, "params": {"k_pid_pos": [0.6163366522004654, 0.003925608395147497, 0.00891174113307529], "k_pid_alt": [2.0, 0.00013818533918115076, 0.002531250954157668], "k_pid_att": [30.811454158595723, 6.02099228317908, 0.7556198446200256], "k_pid_yaw": [0.5, 1e-06, 0.1], "k_pid_hsp": [0.09280801731495285, 0.006310615136969968, 0.0], "k_pid_vsp": [202.52550367840104, 196.34502716697295, 0.6657706977440386]}, "datetime": {"datetime": "2025-08-20 20:07:54", "elapsed": 29728.957683563232, "delta": 15.798020362854004}, "costs": {"total_cost": 168.96790080842823, "time_cost": 71.456, "final_distance_cost": 1.8202713835088495, "oscillation_cost": 21.787659500692666, "completition_cost": 0.0, "overshoot_cost": 51.16119342572654, "power_cost": 11.534317163085937, "noise_cost": 11.208459335414243, "n_waypoints_completed": 9, "tot_waypoints": 9}}
{"target": -170.3636303749734, "params": {"k_pid_pos": [0.7149092497020731, 0.003095796716538765, 0.009813793176618802], "k_pid_alt": [2.0, 0.0001709818805199321, 0.0019050234055714398], "k_pid_att": [27.04725651472334, 7.616128232492389, 0.7493687228429021], "k_pid_yaw": [0.5, 1e-06, 0.1], "k_pid_hsp": [0.09929574614028876, 0.008047437202938669, 0.0], "k_pid_vsp": [173.2851615807741, 171.62346403119332, 0.7246676654623091]}, "datetime": {"datetime": "2025-08-20 20:08:11", "elapsed": 29746.06529712677, "delta": 17.107613563537598}, "costs": {"total_cost": 170.3636303749734, "time_cost": 70.624, "final_distance_cost": 1.8209581973869522, "oscillation_cost": 24.309437913972523, "completition_cost": 0.0, "overshoot_cost": 50.26012615422485, "power_cost": 12.087372521972657, "noise_cost": 11.261735587416407, "n_waypoints_completed": 9, "tot_waypoints": 9}}
{"target": -169.42881663530778, "params": {"k_pid_pos": [0.5366338723778677, 0.004161444349368764, 0.01024447252356585], "k_pid_alt": [1.755718530443092, 0.00011896558112727798, 0.00196132898711815], "k_pid_att": [28.63779739392476, 6.324518934728729, 0.6341772813327587], "k_pid_yaw": [0.5, 1e-06, 0.1], "k_pid_hsp": [0.10377928126299642, 0.006522436180449487, 0.0], "k_pid_vsp": [157.8432297095906, 194.99574522318008, 1.050356696151168]}, "datetime": {"datetime": "2025-08-20 20:08:27", "elapsed": 29761.53887653351, "delta": 15.473579406738281}, "costs": {"total_cost": 169.42881663530778, "time_cost": 71.904, "final_distance_cost": 1.8284914240283154, "oscillation_cost": 20.730007052522467, "completition_cost": 0.0, "overshoot_cost": 51.195487804359686, "power_cost": 12.256546899414063, "noise_cost": 11.514283454983248, "n_waypoints_completed": 9, "tot_waypoints": 9}}
{"target": -170.05553323548017, "params": {"k_pid_pos": [0.5632513587150095, 0.003911889570281994, 0.009473308214214233], "k_pid_alt": [2.0, 0.00015075474693857573, 0.0020063304710928646], "k_pid_att": [36.393010283128845, 6.36622641669521, 0.49932335570982384], "k_pid_yaw": [0.5, 1e-06, 0.1], "k_pid_hsp": [0.08142374940370628, 0.00410512315336549, 0.0], "k_pid_vsp": [166.65962362016987, 171.38426352426734, 0.8523678631566108]}, "datetime": {"datetime": "2025-08-20 20:08:46", "elapsed": 29780.773174762726, "delta": 19.23429822921753}, "costs": {"total_cost": 170.05553323548017, "time_cost": 72.736, "final_distance_cost": 1.8135031098174499, "oscillation_cost": 19.86837273851641, "completition_cost": 0.0, "overshoot_cost": 51.52434973080886, "power_cost": 12.427526208496094, "noise_cost": 11.685781447841359, "n_waypoints_completed": 9, "tot_waypoints": 9}}
{"target": -169.64449930673118, "params": {"k_pid_pos": [0.5637334287442276, 0.003279674621687594, 0.011282762586807873], "k_pid_alt": [2.0, 0.0001086133091438233, 0.002130894247192396], "k_pid_att": [28.7539903807604, 7.1436924457627144, 0.6548392844467648], "k_pid_yaw": [0.5, 1e-06, 0.1], "k_pid_hsp": [0.08775782075818084, 0.006473986474444024, 0.0], "k_pid_vsp": [235.0937001779612, 231.22400183892765, 0.8383514932247915]}, "datetime": {"datetime": "2025-08-20 20:09:02", "elapsed": 29796.961810588837, "delta": 16.18863582611084}, "costs": {"total_cost": 169.64449930673118, "time_cost": 72.096, "final_distance_cost": 1.805518732928607, "oscillation_cost": 20.574600510751186, "completition_cost": 0.0, "overshoot_cost": 51.21970318656983, "power_cost": 12.432662927246094, "noise_cost": 11.516013949235461, "n_waypoints_completed": 9, "tot_waypoints": 9}}
{"target": -171.1410182096199, "params": {"k_pid_pos": [0.38312241490442683, 0.003450311830890848, 0.008723310857637246], "k_pid_alt": [2.0, 0.00011818135073029081, 0.001638092821090044], "k_pid_att": [28.68295757039424, 7.012250578783433, 0.7279454898578193], "k_pid_yaw": [0.5, 1e-06, 0.1], "k_pid_hsp": [0.07495811149796651, 0.006472263353725909, 0.0], "k_pid_vsp": [182.6651533653237, 196.40662556703026, 1.0998353516742674]}, "datetime": {"datetime": "2025-08-20 20:09:20", "elapsed": 29815.47066259384, "delta": 18.508852005004883}, "costs": {"total_cost": 171.1410182096199, "time_cost": 76.06400000000001, "final_distance_cost": 1.84372590277648, "oscillation_cost": 16.09659381925855, "completition_cost": 0.0, "overshoot_cost": 52.39812672793553, "power_cost": 12.509269775390626, "noise_cost": 12.22930198425869, "n_waypoints_completed": 9, "tot_waypoints": 9}}
{"target": -171.29445135012824, "params": {"k_pid_pos": [0.4387606259164607, 0.004011532982362664, 0.013275975720929275], "k_pid_alt": [1.470005138811774, 0.0001478764324214653, 0.0024194960096238474], "k_pid_att": [17.292819175550783, 7.187207169116271, 0.7188958271201801], "k_pid_yaw": [0.5, 1e-06, 0.1], "k_pid_hsp": [0.06831959251589574, 0.006190413393174682, 0.0], "k_pid_vsp": [141.40237782428665, 175.6058857894627, 0.7132984394466867]}, "datetime": {"datetime": "2025-08-20 20:09:37", "elapsed": 29831.65731215477, "delta": 16.186649560928345}, "costs": {"total_cost": 171.29445135012824, "time_cost": 75.672, "final_distance_cost": 1.8278246926873742, "oscillation_cost": 16.686355022564822, "completition_cost": 0.0, "overshoot_cost": 52.23394393092998, "power_cost": 12.712869714355469, "noise_cost": 12.16145798959061, "n_waypoints_completed": 9, "tot_waypoints": 9}}
{"target": -169.8548598872425, "params": {"k_pid_pos": [0.5601853550893636, 0.003289614298829789, 0.010472459016887023], "k_pid_alt": [2.0, 0.00016817355952487284, 0.0020518925218434027], "k_pid_att": [33.93122272643794, 4.77873412081465, 0.4772563390503432], "k_pid_yaw": [0.5, 1e-06, 0.1], "k_pid_hsp": [0.08956787800301974, 0.005463112667863627, 0.0], "k_pid_vsp": [196.6712860947579, 215.94904638426058, 1.2957844934317537]}, "datetime": {"datetime": "2025-08-20 20:09:53", "elapsed": 29848.464614629745, "delta": 16.807302474975586}, "costs": {"total_cost": 169.8548598872425, "time_cost": 72.12, "final_distance_cost": 1.8049502171002385, "oscillation_cost": 20.43132651571596, "completition_cost": 0.0, "overshoot_cost": 51.764253764844554, "power_cost": 12.24779169921875, "noise_cost": 11.486537690362997, "n_waypoints_completed": 9, "tot_waypoints": 9}}
{"target": -169.31871713718675, "params": {"k_pid_pos": [0.6096626481921539, 0.0035603208978067604, 0.009379763008659761], "k_pid_alt": [2.0, 0.0001285495161185245, 0.0023227598900495126], "k_pid_att": [31.0363692887172, 6.745882421432202, 0.6528400282788246], "k_pid_yaw": [0.5, 1e-06, 0.1], "k_pid_hsp": [0.10402452865682833, 0.005918622983115109, 0.0], "k_pid_vsp": [261.68447086843645, 205.17833544187616, 0.7835200605936653]}, "datetime": {"datetime": "2025-08-20 20:10:09", "elapsed": 29863.959416151047, "delta": 15.49480152130127}, "costs": {"total_cost": 169.31871713718675, "time_cost": 71.19200000000001, "final_distance_cost": 1.822492587597409, "oscillation_cost": 22.124918196930697, "completition_cost": 0.0, "overshoot_cost": 50.55701748994153, "power_cost": 12.252433618164064, "noise_cost": 11.369855244553035, "n_waypoints_completed": 9, "tot_waypoints": 9}}
{"target": -169.11574240301772, "params": {"k_pid_pos": [0.49257631950953246, 0.00388766852738023, 0.009669845832236124], "k_pid_alt": [2.0, 0.00013666666266884734, 0.0016321986207856714], "k_pid_att": [20.972800124752325, 6.315514776874225, 0.6252145735028706], "k_pid_yaw": [0.5, 1e-06, 0.1], "k_pid_hsp": [0.09886939020836732, 0.008102131030687718, 0.0], "k_pid_vsp": [217.16323952944913, 208.48706037733106, 0.7786562242216677]}, "datetime": {"datetime": "2025-08-20 20:10:27", "elapsed": 29882.18545269966, "delta": 18.226036548614502}, "costs": {"total_cost": 169.11574240301772, "time_cost": 72.672, "final_distance_cost": 1.826709642901353, "oscillation_cost": 20.301638147517174, "completition_cost": 0.0, "overshoot_cost": 50.41297684862043, "power_cost": 12.172068981933595, "noise_cost": 11.730348782045185, "n_waypoints_completed": 9, "tot_waypoints": 9}}
{"target": -168.92286179739978, "params": {"k_pid_pos": [0.5864841985484789, 0.004398307829933636, 0.011054374741138594], "k_pid_alt": [1.6605650678519563, 9.347292825524746e-05, 0.0022688079752142686], "k_pid_att": [35.2970186961304, 5.040239894896924, 0.5437718276046198], "k_pid_yaw": [0.5, 1e-06, 0.1], "k_pid_hsp": [0.09686616181055119, 0.007179354709505128, 0.0], "k_pid_vsp": [272.4384041515242, 242.18334605209918, 0.8424659475488645]}, "datetime": {"datetime": "2025-08-20 20:10:43", "elapsed": 29898.106477737427, "delta": 15.921025037765503}, "costs": {"total_cost": 168.92286179739978, "time_cost": 71.4, "final_distance_cost": 1.8264662429463328, "oscillation_cost": 21.735904343710676, "completition_cost": 0.0, "overshoot_cost": 50.383383294455946, "power_cost": 12.125835803222657, "noise_cost": 11.451272113064158, "n_waypoints_completed": 9, "tot_waypoints": 9}}
{"target": -170.81622717506062, "params": {"k_pid_pos": [0.47173287512798595, 0.003119880071547425, 0.00892301021968715], "k_pid_alt": [2.0, 0.00011635510089538678, 0.00198161487631044], "k_pid_att": [33.25723856913368, 7.6550031375277925, 0.9267807513004271], "k_pid_yaw": [0.5, 1e-06, 0.1], "k_pid_hsp": [0.1111661766445315, 0.00873883132861422, 0.0], "k_pid_vsp": [250.6494272496802, 223.23881965851388, 0.8591054140152564]}, "datetime": {"datetime": "2025-08-20 20:11:00", "elapsed": 29914.814433336258, "delta": 16.707955598831177}, "costs": {"total_cost": 170.81622717506062, "time_cost": 73.424, "final_distance_cost": 1.8408975630800808, "oscillation_cost": 20.43621682159617, "completition_cost": 0.0, "overshoot_cost": 50.79215802709374, "power_cost": 12.38861668701172, "noise_cost": 11.934338076278914, "n_waypoints_completed": 9, "tot_waypoints": 9}}
{"target": -169.65786907931096, "params": {"k_pid_pos": [0.5276349632681147, 0.004426453944471131, 0.009038203732997794], "k_pid_alt": [1.3042538920180224, 0.0001335322887473276, 0.001968859648028938], "k_pid_att": [28.434900731311, 7.22207370812989, 0.7941338677913367], "k_pid_yaw": [0.5, 1e-06, 0.1], "k_pid_hsp": [0.08919789993578144, 0.006323228324624068, 0.0], "k_pid_vsp": [247.355690050319, 220.83987007545656, 0.8861759505756522]}, "datetime": {"datetime": "2025-08-20 20:11:18", "elapsed": 29932.70871758461, "delta": 17.89428424835205}, "costs": {"total_cost": 169.65786907931096, "time_cost": 72.52, "final_distance_cost": 1.8338757777119516, "oscillation_cost": 19.95715406529455, "completition_cost": 0.0, "overshoot_cost": 51.09810049345089, "power_cost": 12.4498853515625, "noise_cost": 11.798853391291049, "n_waypoints_completed": 9, "tot_waypoints": 9}}
