{"target": -169.33208639360555, "params": {"k_pid_pos": [0.7413608073210533, 0.0045317786214171115, 0.01882440649237199], "k_pid_alt": [2.0, 9.578847727111923e-05, 0.0], "k_pid_att": [26.595770116748042, 6.054320640919311, 0.42862666132164645], "k_pid_yaw": [0.5, 1e-06, 0.1], "k_pid_hsp": [0.11454715926626576, 0.007183935041169077, 0.0], "k_pid_vsp": [361.4234797782154, 229.95103699217103, 0.6976085594322706]}, "datetime": {"datetime": "2025-08-20 17:23:02", "elapsed": 19837.114381551743, "delta": 15.072834730148315}, "costs": {"total_cost": 169.33208639360555, "time_cost": 70.248, "final_distance_cost": 1.8123030303682357, "oscillation_cost": 24.265113080952265, "completition_cost": 0.0, "overshoot_cost": 50.11096720444525, "power_cost": 11.834375451660156, "noise_cost": 11.06132762617963, "n_waypoints_completed": 9, "tot_waypoints": 9}}
{"target": -170.3320394346687, "params": {"k_pid_pos": [0.792020218504269, 0.0036270840263546663, 0.012674463877025867], "k_pid_alt": [2.0, 0.00012066281214303127, 0.0], "k_pid_att": [36.47396730946701, 6.647464731438677, 0.7639605420538769], "k_pid_yaw": [0.5, 1e-06, 0.1], "k_pid_hsp": [0.11553616328722525, 0.011037988922735595, 0.0], "k_pid_vsp": [361.56125350852636, 180.8171649960631, 0.7042979466137722]}, "datetime": {"datetime": "2025-08-20 17:23:19", "elapsed": 19853.859549999237, "delta": 16.745168447494507}, "costs": {"total_cost": 170.3320394346687, "time_cost": 70.048, "final_distance_cost": 1.8185135842630804, "oscillation_cost": 25.70238584480385, "completition_cost": 0.0, "overshoot_cost": 50.08809778193454, "power_cost": 11.7206998046875, "noise_cost": 10.954342418979712, "n_waypoints_completed": 9, "tot_waypoints": 9}}
{"target": -178.70044750834123, "params": {"k_pid_pos": [0.48490153673341113, 0.0018988614930019233, 0.014916110394997129], "k_pid_alt": [1.6365563054110204, 0.00010734209307413778, 0.0069285372142227205], "k_pid_att": [33.34507921287611, 7.65687154920644, 0.6685950760869669], "k_pid_yaw": [0.5, 1e-06, 0.1], "k_pid_hsp": [0.04784915450129797, 0.01506563760471326, 0.0], "k_pid_vsp": [241.39090487095237, 285.57459462266706, 0.40798014492801665]}, "datetime": {"datetime": "2025-08-20 17:23:37", "elapsed": 19871.64335989952, "delta": 17.783809900283813}, "costs": {"total_cost": 178.70044750834123, "time_cost": 79.784, "final_distance_cost": 1.7826455707136188, "oscillation_cost": 17.9472245523449, "completition_cost": 0.0, "overshoot_cost": 53.28979922466137, "power_cost": 13.403078833007813, "noise_cost": 12.493699327613509, "n_waypoints_completed": 9, "tot_waypoints": 9}}
{"target": -171.0370174845225, "params": {"k_pid_pos": [0.7225949125837868, 0.004468787851559034, 0.011376375045563583], "k_pid_alt": [1.7588191698201712, 5.140838829408627e-05, 0.003222166639225092], "k_pid_att": [58.829411683328544, 10.0, 0.6595111573002977], "k_pid_yaw": [0.5, 1e-06, 0.1], "k_pid_hsp": [0.16777970799835193, 0.011024643156452142, 0.0], "k_pid_vsp": [400.0, 174.23029050003683, 0.8314064928705537]}, "datetime": {"datetime": "2025-08-20 17:23:52", "elapsed": 19887.06389760971, "delta": 15.42053771018982}, "costs": {"total_cost": 171.0370174845225, "time_cost": 70.232, "final_distance_cost": 1.8373905263046022, "oscillation_cost": 25.176448971939976, "completition_cost": 0.0, "overshoot_cost": 50.35634385250884, "power_cost": 12.064176501464845, "noise_cost": 11.370657632304226, "n_waypoints_completed": 9, "tot_waypoints": 9}}
{"target": -169.64974141543937, "params": {"k_pid_pos": [0.7261085223701277, 0.001635757636380334, 0.01283519462292883], "k_pid_alt": [1.426558586161897, 0.00011624921913922718, 0.0006454864654840117], "k_pid_att": [43.92247963527047, 6.615577340578647, 0.46193786776363416], "k_pid_yaw": [0.5, 1e-06, 0.1], "k_pid_hsp": [0.11845866711347693, 0.004088099277738593, 0.0], "k_pid_vsp": [266.11499925139634, 240.45745166181663, 0.5968890258507082]}, "datetime": {"datetime": "2025-08-20 17:24:08", "elapsed": 19902.574501991272, "delta": 15.51060438156128}, "costs": {"total_cost": 169.64974141543937, "time_cost": 70.272, "final_distance_cost": 1.817991332728444, "oscillation_cost": 24.122678173898002, "completition_cost": 0.0, "overshoot_cost": 50.54206228131986, "power_cost": 11.77025838623047, "noise_cost": 11.124751241262608, "n_waypoints_completed": 9, "tot_waypoints": 9}}
{"target": -170.53024693052274, "params": {"k_pid_pos": [0.4992554302618291, 0.004190037682405431, 0.01314724056223236], "k_pid_alt": [2.0, 0.00010116480717870104, 0.0004827106932018745], "k_pid_att": [39.06931003007235, 10.0, 0.7579423347188704], "k_pid_yaw": [0.5, 1e-06, 0.1], "k_pid_hsp": [0.11637465293170335, 0.010913474711350827, 0.0], "k_pid_vsp": [330.87416381156476, 214.733601258259, 0.18493626999406]}, "datetime": {"datetime": "2025-08-20 17:24:24", "elapsed": 19919.398870944977, "delta": 16.824368953704834}, "costs": {"total_cost": 170.53024693052274, "time_cost": 72.856, "final_distance_cost": 1.8398245164560234, "oscillation_cost": 21.62700352624938, "completition_cost": 0.0, "overshoot_cost": 49.943074010617366, "power_cost": 12.337190588378906, "noise_cost": 11.927154288821068, "n_waypoints_completed": 9, "tot_waypoints": 9}}
{"target": -173.3082299542927, "params": {"k_pid_pos": [0.4713321530221772, 0.004650206161819219, 0.011305680158169596], "k_pid_alt": [1.424155317977916, 0.00012000580216146471, 0.0002504020855246634], "k_pid_att": [49.91925241119814, 9.76516102368562, 0.754010373979328], "k_pid_yaw": [0.5, 1e-06, 0.1], "k_pid_hsp": [0.13240495205838662, 0.008410975267815163, 0.0], "k_pid_vsp": [400.0, 180.22510454151657, 0.7511990618240598]}, "datetime": {"datetime": "2025-08-20 17:24:41", "elapsed": 19936.14834499359, "delta": 16.749474048614502}, "costs": {"total_cost": 173.3082299542927, "time_cost": 74.456, "final_distance_cost": 1.850281038800421, "oscillation_cost": 21.020345066893817, "completition_cost": 0.0, "overshoot_cost": 51.02670408810907, "power_cost": 12.614925927734376, "noise_cost": 12.339973832755046, "n_waypoints_completed": 9, "tot_waypoints": 9}}
{"target": -170.26148813893371, "params": {"k_pid_pos": [0.6733741051110697, 0.004754558257234733, 0.01298027930992246], "k_pid_alt": [1.8710830551893205, 5.0708286966025185e-05, 0.0026029288166062796], "k_pid_att": [26.3066051146554, 7.5361460321778795, 0.41226406724870573], "k_pid_yaw": [0.5, 1e-06, 0.1], "k_pid_hsp": [0.1398686539406322, 0.010083970419685617, 0.0], "k_pid_vsp": [293.6734923268866, 196.65395115868333, 0.8071699623251339]}, "datetime": {"datetime": "2025-08-20 17:24:57", "elapsed": 19952.075797080994, "delta": 15.927452087402344}, "costs": {"total_cost": 170.26148813893371, "time_cost": 70.352, "final_distance_cost": 1.8380482287317355, "oscillation_cost": 24.69266442798373, "completition_cost": 0.0, "overshoot_cost": 50.48801867656611, "power_cost": 11.682101818847658, "noise_cost": 11.208654986804465, "n_waypoints_completed": 9, "tot_waypoints": 9}}
{"target": -176.83078452935735, "params": {"k_pid_pos": [0.33296350366548605, 0.0028757640134767794, 0.012121679537725834], "k_pid_alt": [1.0358642712237247, 0.00010853590151214334, 0.0012876058309626074], "k_pid_att": [73.80139045387807, 8.663990594856612, 0.829370743663172], "k_pid_yaw": [0.5, 1e-06, 0.1], "k_pid_hsp": [0.05660198157036947, 0.003823072989895466, 0.0], "k_pid_vsp": [263.17735510594315, 121.89668440976219, 0.6067926984059658]}, "datetime": {"datetime": "2025-08-20 17:25:15", "elapsed": 19970.028480052948, "delta": 17.952682971954346}, "costs": {"total_cost": 176.83078452935735, "time_cost": 81.784, "final_distance_cost": 1.8316972112565344, "oscillation_cost": 12.981426495405367, "completition_cost": 0.0, "overshoot_cost": 54.875524959508134, "power_cost": 12.551255822753907, "noise_cost": 12.806880040433375, "n_waypoints_completed": 9, "tot_waypoints": 9}}
{"target": -173.0386106010086, "params": {"k_pid_pos": [0.8193568361038027, 0.0025203050339579662, 0.014387465366152872], "k_pid_alt": [2.0, 0.00013040771385307566, 0.0038850101793155255], "k_pid_att": [57.55051627918629, 6.731947637949759, 0.38969284342548205], "k_pid_yaw": [0.5, 1e-06, 0.1], "k_pid_hsp": [0.08129631477718995, 0.007630765288797556, 0.0], "k_pid_vsp": [310.1256661330514, 189.52144690085512, 0.039898119715492064]}, "datetime": {"datetime": "2025-08-20 17:25:32", "elapsed": 19986.669679880142, "delta": 16.641199827194214}, "costs": {"total_cost": 173.0386106010086, "time_cost": 72.08, "final_distance_cost": 1.7614250611206081, "oscillation_cost": 25.042681317131336, "completition_cost": 0.0, "overshoot_cost": 51.053020948307484, "power_cost": 11.890075537109375, "noise_cost": 11.211407737339806, "n_waypoints_completed": 9, "tot_waypoints": 9}}
{"target": -951.8129760223399, "params": {"k_pid_pos": [0.11383493700637355, 0.0030554917516756527, 0.013174352170215791], "k_pid_alt": [1.7989847032215076, 0.00013950546659989693, 0.0023194734626673114], "k_pid_att": [42.3803470985027, 6.709156195070494, 0.7194347205918558], "k_pid_yaw": [0.5, 1e-06, 0.1], "k_pid_hsp": [0.06886939636536972, 0.008710830690875256, 0.0], "k_pid_vsp": [204.88279359302487, 271.03590647443684, 0.7592971684575649]}, "datetime": {"datetime": "2025-08-20 17:25:55", "elapsed": 20009.519520759583, "delta": 22.849840879440308}, "costs": {"total_cost": 951.8129760223399, "time_cost": 150, "final_distance_cost": 53.59404681341766, "oscillation_cost": 4.276251723422606, "completition_cost": 666.6666666666667, "overshoot_cost": 50.118718794188155, "power_cost": 13.915145971679689, "noise_cost": 13.2421460529652, "n_waypoints_completed": 3, "tot_waypoints": 9}}
{"target": -174.09556269861935, "params": {"k_pid_pos": [0.6878117278033523, 0.0019417687359963465, 0.01690127314250955], "k_pid_alt": [0.6991159604566035, 0.00023060857802557409, 0.0009192348361925831], "k_pid_att": [56.891819957396045, 10.0, 0.693403256643653], "k_pid_yaw": [0.5, 1e-06, 0.1], "k_pid_hsp": [0.100267714881131, 0.009750677259267194, 0.0], "k_pid_vsp": [93.76553310644276, 262.01390684563466, 0.5035713896461463]}, "datetime": {"datetime": "2025-08-20 17:26:11", "elapsed": 20025.938265800476, "delta": 16.418745040893555}, "costs": {"total_cost": 174.09556269861935, "time_cost": 73.72, "final_distance_cost": 1.8082967699221013, "oscillation_cost": 24.615745529766595, "completition_cost": 0.0, "overshoot_cost": 50.282180872712686, "power_cost": 12.31813211669922, "noise_cost": 11.351207409518768, "n_waypoints_completed": 9, "tot_waypoints": 9}}
{"target": -169.31589637140925, "params": {"k_pid_pos": [0.6852612488646143, 0.0025710576869749997, 0.010133660743685846], "k_pid_alt": [1.390856402144281, 0.00011545366015508158, 0.004315098547829772], "k_pid_att": [37.14206176181983, 7.7592552653157645, 0.8536460995298848], "k_pid_yaw": [0.5, 1e-06, 0.1], "k_pid_hsp": [0.1114585144891902, 0.012116445699802839, 0.0], "k_pid_vsp": [341.53041959646606, 234.66473105304422, 0.6976265893788157]}, "datetime": {"datetime": "2025-08-20 17:26:26", "elapsed": 20040.938007116318, "delta": 14.999741315841675}, "costs": {"total_cost": 169.31589637140925, "time_cost": 70.392, "final_distance_cost": 1.8320831706142802, "oscillation_cost": 24.07282237415063, "completition_cost": 0.0, "overshoot_cost": 50.22427323439738, "power_cost": 11.68128651123047, "noise_cost": 11.113431081016497, "n_waypoints_completed": 9, "tot_waypoints": 9}}
{"target": -170.30269996203674, "params": {"k_pid_pos": [0.6183003732296303, 0.0033171594252079384, 0.020105344687489323], "k_pid_alt": [1.460380898696595, 0.00010510573009233813, 0.006560815328932224], "k_pid_att": [30.99139815916584, 10.0, 0.6471326531542151], "k_pid_yaw": [0.5, 1e-06, 0.1], "k_pid_hsp": [0.0961742031074046, 0.010509314478904618, 0.0], "k_pid_vsp": [400.0, 168.58102631893075, 0.7566546039709697]}, "datetime": {"datetime": "2025-08-20 17:26:43", "elapsed": 20058.070868730545, "delta": 17.132861614227295}, "costs": {"total_cost": 170.30269996203674, "time_cost": 71.336, "final_distance_cost": 1.8224596431072728, "oscillation_cost": 22.47825501389792, "completition_cost": 0.0, "overshoot_cost": 50.990524764735774, "power_cost": 12.216660583496095, "noise_cost": 11.458799956799691, "n_waypoints_completed": 9, "tot_waypoints": 9}}
{"target": -170.93707724074443, "params": {"k_pid_pos": [0.7271472832780007, 0.0028556877698617186, 0.013233004213730928], "k_pid_alt": [2.0, 0.00013111888416813245, 0.006146407727227865], "k_pid_att": [30.316154978396412, 10.0, 0.45301517653064255], "k_pid_yaw": [0.5, 1e-06, 0.1], "k_pid_hsp": [0.09690136344982248, 0.008283000163043978, 0.0], "k_pid_vsp": [328.3307817183319, 108.41652464092662, 1.1444838541436602]}, "datetime": {"datetime": "2025-08-20 17:26:59", "elapsed": 20074.00061058998, "delta": 15.929741859436035}, "costs": {"total_cost": 170.93707724074443, "time_cost": 70.848, "final_distance_cost": 1.8236219800167002, "oscillation_cost": 24.241168504588966, "completition_cost": 0.0, "overshoot_cost": 50.97794546332904, "power_cost": 11.818591076660157, "noise_cost": 11.227750216149571, "n_waypoints_completed": 9, "tot_waypoints": 9}}
{"target": -172.17284630755998, "params": {"k_pid_pos": [0.8151336537180341, 0.0036754943213730025, 0.02028541355613611], "k_pid_alt": [2.0, 0.00015066125948035605, 0.007671023256009486], "k_pid_att": [55.391226466047954, 6.148621055342638, 0.17811542368052172], "k_pid_yaw": [0.5, 1e-06, 0.1], "k_pid_hsp": [0.10015656693366137, 0.008051092405873967, 0.0], "k_pid_vsp": [281.49091066514234, 344.0074028776913, 0.6484258522800285]}, "datetime": {"datetime": "2025-08-20 17:27:14", "elapsed": 20089.13426065445, "delta": 15.133650064468384}, "costs": {"total_cost": 172.17284630755998, "time_cost": 70.2, "final_distance_cost": 1.8004099122005353, "oscillation_cost": 26.562044815524185, "completition_cost": 0.0, "overshoot_cost": 50.620312194774534, "power_cost": 11.892648767089844, "noise_cost": 11.097430617970868, "n_waypoints_completed": 9, "tot_waypoints": 9}}
{"target": -169.75554345586002, "params": {"k_pid_pos": [0.5828146195861118, 0.0031647120557016695, 0.011204912112691076], "k_pid_alt": [1.104633480864744, 9.533475619515649e-05, 0.0], "k_pid_att": [35.9110921258714, 10.0, 0.7116205097922067], "k_pid_yaw": [0.5, 1e-06, 0.1], "k_pid_hsp": [0.08702177749805612, 0.009341275502982256, 0.0], "k_pid_vsp": [400.0, 203.25867380070204, 0.7661154062990191]}, "datetime": {"datetime": "2025-08-20 17:27:30", "elapsed": 20105.442132472992, "delta": 16.30787181854248}, "costs": {"total_cost": 169.75554345586002, "time_cost": 72.496, "final_distance_cost": 1.8235283551191281, "oscillation_cost": 21.518738784384517, "completition_cost": 0.0, "overshoot_cost": 50.19909341493266, "power_cost": 12.268240173339844, "noise_cost": 11.449942728083863, "n_waypoints_completed": 9, "tot_waypoints": 9}}
{"target": -169.8073437751651, "params": {"k_pid_pos": [0.6993308044879832, 0.0028476074955620986, 0.013682933258286402], "k_pid_alt": [1.919643243871822, 0.0001229863606666968, 0.008610434715091061], "k_pid_att": [35.567331950602416, 8.253888492186405, 0.6205666800835501], "k_pid_yaw": [0.5, 1e-06, 0.1], "k_pid_hsp": [0.15139926148318203, 0.008724965554232479, 0.0], "k_pid_vsp": [355.00001190959614, 222.9358577965429, 0.6535486549625761]}, "datetime": {"datetime": "2025-08-20 17:27:45", "elapsed": 20120.377844810486, "delta": 14.935712337493896}, "costs": {"total_cost": 169.8073437751651, "time_cost": 70.336, "final_distance_cost": 1.825213380892643, "oscillation_cost": 24.591389720900903, "completition_cost": 0.0, "overshoot_cost": 50.22717283206649, "power_cost": 11.643770458984376, "noise_cost": 11.183797382320668, "n_waypoints_completed": 9, "tot_waypoints": 9}}
{"target": -176.29425516301635, "params": {"k_pid_pos": [0.5573170687187113, 0.0038324891465390935, 0.013615370910700095], "k_pid_alt": [1.4555988837363218, 0.00012242727505782115, 0.0012928306940150436], "k_pid_att": [26.501810391028396, 6.111190959939825, 0.1655320263674738], "k_pid_yaw": [0.5, 1e-06, 0.1], "k_pid_hsp": [0.05234092418238878, 0.010422913525465935, 0.0], "k_pid_vsp": [210.50544153582098, 176.8834990137243, 0.7451160599380048]}, "datetime": {"datetime": "2025-08-20 17:28:03", "elapsed": 20138.27602481842, "delta": 17.89818000793457}, "costs": {"total_cost": 176.29425516301635, "time_cost": 77.288, "final_distance_cost": 1.767015864862038, "oscillation_cost": 18.548902818893914, "completition_cost": 0.0, "overshoot_cost": 53.20926659962055, "power_cost": 13.081656286621094, "noise_cost": 12.399413593018762, "n_waypoints_completed": 9, "tot_waypoints": 9}}
{"target": -199.44765121709108, "params": {"k_pid_pos": [0.7254086129579398, 0.0027598943537930133, 0.01422668981223941], "k_pid_alt": [2.0, 0.0001078835995044992, 0.0023599236914001328], "k_pid_att": [24.101989691967542, 6.156336635296903, 1.0], "k_pid_yaw": [0.5, 1e-06, 0.1], "k_pid_hsp": [0.05001003852565903, 0.010911652868958668, 0.0], "k_pid_vsp": [310.92141196828936, 150.29689544034625, 0.5773452649680999]}, "datetime": {"datetime": "2025-08-20 17:28:24", "elapsed": 20158.51871228218, "delta": 20.242687463760376}, "costs": {"total_cost": 199.44765121709108, "time_cost": 91.4, "final_distance_cost": 1.7590887827001098, "oscillation_cost": 22.673999636635624, "completition_cost": 0.0, "overshoot_cost": 54.02690639550845, "power_cost": 15.494105358886719, "noise_cost": 14.093551043360169, "n_waypoints_completed": 9, "tot_waypoints": 9}}
{"target": -169.71914846581365, "params": {"k_pid_pos": [0.6565678321016949, 0.0030430364010243303, 0.011396857039094224], "k_pid_alt": [2.0, 0.0001259040137444742, 0.0017244118644433003], "k_pid_att": [44.40124761447809, 6.934064922769156, 0.6685018328711653], "k_pid_yaw": [0.5, 1e-06, 0.1], "k_pid_hsp": [0.10345892603688374, 0.008831340458846133, 0.0], "k_pid_vsp": [326.5300484740881, 205.91760468629158, 0.6925997963443796]}, "datetime": {"datetime": "2025-08-20 17:28:40", "elapsed": 20174.64631843567, "delta": 16.12760615348816}, "costs": {"total_cost": 169.71914846581365, "time_cost": 70.808, "final_distance_cost": 1.8049279204312325, "oscillation_cost": 23.531434335684104, "completition_cost": 0.0, "overshoot_cost": 50.34571973186537, "power_cost": 11.954849279785156, "noise_cost": 11.274217198047767, "n_waypoints_completed": 9, "tot_waypoints": 9}}
{"target": -170.18497664567278, "params": {"k_pid_pos": [0.6858995859525129, 0.0049408551772023085, 0.01244693276525105], "k_pid_alt": [1.3730685902003854, 8.741066327103685e-05, 0.005802307201194246], "k_pid_att": [50.03183480368728, 10.0, 0.489383469985585], "k_pid_yaw": [0.5, 1e-06, 0.1], "k_pid_hsp": [0.11701781025552331, 0.014558814460267244, 0.0], "k_pid_vsp": [315.4924635719487, 193.94230048825693, 0.5822958634167248]}, "datetime": {"datetime": "2025-08-20 17:28:55", "elapsed": 20189.939396858215, "delta": 15.293078422546387}, "costs": {"total_cost": 170.18497664567278, "time_cost": 70.392, "final_distance_cost": 1.820757102047135, "oscillation_cost": 25.104257223219474, "completition_cost": 0.0, "overshoot_cost": 50.182424236524334, "power_cost": 11.58166258544922, "noise_cost": 11.103875498432616, "n_waypoints_completed": 9, "tot_waypoints": 9}}
{"target": -171.52253581960815, "params": {"k_pid_pos": [0.7645590818453737, 0.003078204297776928, 0.01766260759242737], "k_pid_alt": [2.0, 6.154465832620478e-05, 0.0029911466289007844], "k_pid_att": [36.29060165757169, 10.0, 0.868251933795913], "k_pid_yaw": [0.5, 1e-06, 0.1], "k_pid_hsp": [0.08361731222404939, 0.011097425938362071, 0.0], "k_pid_vsp": [361.27284146974335, 221.44495737156066, 0.6689882883954522]}, "datetime": {"datetime": "2025-08-20 17:29:12", "elapsed": 20206.582812070847, "delta": 16.643415212631226}, "costs": {"total_cost": 171.52253581960815, "time_cost": 71.544, "final_distance_cost": 1.7907015962249981, "oscillation_cost": 24.60371429469737, "completition_cost": 0.0, "overshoot_cost": 50.746137144937215, "power_cost": 11.720636633300781, "noise_cost": 11.117346150447785, "n_waypoints_completed": 9, "tot_waypoints": 9}}
{"target": -173.16193061609474, "params": {"k_pid_pos": [0.8695423636348766, 0.0030308777246548803, 0.024309918360615735], "k_pid_alt": [1.456740268162231, 0.00011438662126771102, 0.004847301676721142], "k_pid_att": [58.61519747754795, 3.7089301739467193, 0.7978584564148395], "k_pid_yaw": [0.5, 1e-06, 0.1], "k_pid_hsp": [0.0845159779729822, 0.010267737647606336, 0.0], "k_pid_vsp": [306.0109851616093, 136.46600743286714, 0.8070972803580053]}, "datetime": {"datetime": "2025-08-20 17:29:27", "elapsed": 20222.228703022003, "delta": 15.645890951156616}, "costs": {"total_cost": 173.16193061609474, "time_cost": 71.83200000000001, "final_distance_cost": 1.7767520596959578, "oscillation_cost": 25.98108227611486, "completition_cost": 0.0, "overshoot_cost": 50.55376633454934, "power_cost": 11.847487866210939, "noise_cost": 11.170842079523634, "n_waypoints_completed": 9, "tot_waypoints": 9}}
{"target": -170.24066668029712, "params": {"k_pid_pos": [0.4613455861182791, 0.002694313891668925, 0.008093980500020588], "k_pid_alt": [2.0, 0.00012865679311642008, 0.006799284406479612], "k_pid_att": [57.24336052439819, 9.058031354030076, 0.7656970477207192], "k_pid_yaw": [0.5, 1e-06, 0.1], "k_pid_hsp": [0.09376604617575268, 0.008123057339177451, 0.0], "k_pid_vsp": [383.41623711604234, 146.20581603457316, 0.6367771496204014]}, "datetime": {"datetime": "2025-08-20 17:29:44", "elapsed": 20238.83219385147, "delta": 16.603490829467773}, "costs": {"total_cost": 170.24066668029712, "time_cost": 73.568, "final_distance_cost": 1.8340150603399676, "oscillation_cost": 18.921641901185172, "completition_cost": 0.0, "overshoot_cost": 51.68504095645075, "power_cost": 12.313741638183595, "noise_cost": 11.918227124137633, "n_waypoints_completed": 9, "tot_waypoints": 9}}
