{"target": -177.806773635245, "params": {"k_pid_pos": [2.0, 0.11889806589376199, 0.5477997655593967], "k_pid_alt": [2.0, 4.2866995974337765e-05, 0.45583009955864634], "k_pid_att": [44.131388672383714, 1.5430794095658973, 1.0], "k_pid_yaw": [0.5, 1e-06, 0.1], "k_pid_hsp": [1.979637173202085, 0.055287176140807526, 0.0], "k_pid_vsp": [293.84641663977936, 145.49329950134745, 5.974473418847936]}, "datetime": {"datetime": "2025-08-20 13:40:18", "elapsed": 6472.672967195511, "delta": 17.11783242225647}, "costs": {"total_cost": 177.806773635245, "time_cost": 68.752, "final_distance_cost": 1.775630453222603, "oscillation_cost": 34.377621836655976, "completition_cost": 0.0, "overshoot_cost": 50.10442701784677, "power_cost": 11.769668786621095, "noise_cost": 11.027425540898573, "n_waypoints_completed": 9, "tot_waypoints": 9}}
{"target": -185.21155267841118, "params": {"k_pid_pos": [0.92194578244064, 0.0, 0.43688866873145743], "k_pid_alt": [2.0, 0.0001992877591562406, 0.5660927598823623], "k_pid_att": [56.122431141422375, 2.2046890014468006, 1.0], "k_pid_yaw": [0.5, 1e-06, 0.1], "k_pid_hsp": [2.5660964689855255, 0.1385629920727949, 0.0], "k_pid_vsp": [400.0, 187.6714114053817, 1.8219225151834906]}, "datetime": {"datetime": "2025-08-20 13:40:37", "elapsed": 6492.507091760635, "delta": 19.83412456512451}, "costs": {"total_cost": 185.21155267841118, "time_cost": 76.21600000000001, "final_distance_cost": 1.8506410184253765, "oscillation_cost": 32.90777289123042, "completition_cost": 0.0, "overshoot_cost": 50.02987200678292, "power_cost": 11.869222119140625, "noise_cost": 12.338044642831807, "n_waypoints_completed": 9, "tot_waypoints": 9}}
{"target": -183.01469809201316, "params": {"k_pid_pos": [1.991272394936458, 0.1408378748199983, 0.1325321775618402], "k_pid_alt": [2.0, 0.00016660462189910024, 0.5542785185767642], "k_pid_att": [31.329113581494642, 2.013336591806769, 1.0], "k_pid_yaw": [0.5, 1e-06, 0.1], "k_pid_hsp": [2.463172712945043, 0.08830435093820427, 0.0], "k_pid_vsp": [354.7378424873211, 196.53285733276036, 1.8638708122291143]}, "datetime": {"datetime": "2025-08-20 13:40:55", "elapsed": 6510.056170701981, "delta": 17.549078941345215}, "costs": {"total_cost": 183.01469809201316, "time_cost": 69.224, "final_distance_cost": 1.7456460471430315, "oscillation_cost": 38.94901157235049, "completition_cost": 0.0, "overshoot_cost": 50.17491625468355, "power_cost": 11.900129272460939, "noise_cost": 11.020994945375154, "n_waypoints_completed": 9, "tot_waypoints": 9}}
{"target": -182.10046902376635, "params": {"k_pid_pos": [1.805048086325189, 0.09915771661635298, 0.234454387648839], "k_pid_alt": [1.5028473425007016, 0.00022902775030953174, 0.5471847338074993], "k_pid_att": [59.58554618496018, 3.8662155069577113, 0.8161184294992762], "k_pid_yaw": [0.5, 1e-06, 0.1], "k_pid_hsp": [3.5614123459106537, 0.13063607873296593, 0.0], "k_pid_vsp": [118.43490712415786, 183.32811231481045, 1e-06]}, "datetime": {"datetime": "2025-08-20 13:41:13", "elapsed": 6527.906591892242, "delta": 17.85042119026184}, "costs": {"total_cost": 182.10046902376635, "time_cost": 69.504, "final_distance_cost": 1.7604763536715367, "oscillation_cost": 38.16444547263121, "completition_cost": 0.0, "overshoot_cost": 50.08117895641727, "power_cost": 11.678900903320313, "noise_cost": 10.911467337726027, "n_waypoints_completed": 9, "tot_waypoints": 9}}
{"target": -184.96945512441738, "params": {"k_pid_pos": [2.0, 0.24749362180540666, 0.0887397052592036], "k_pid_alt": [2.0, 0.0002511378782853219, 0.7051770267705993], "k_pid_att": [53.12469010285967, 2.7051735492198765, 1.0], "k_pid_yaw": [0.5, 1e-06, 0.1], "k_pid_hsp": [1.2637776848832047, 0.06366157687138084, 0.0], "k_pid_vsp": [400.0, 30.051011697927304, 1e-06]}, "datetime": {"datetime": "2025-08-20 13:41:32", "elapsed": 6546.604371786118, "delta": 18.697779893875122}, "costs": {"total_cost": 184.96945512441738, "time_cost": 71.096, "final_distance_cost": 1.7221692967689215, "oscillation_cost": 37.50699120780235, "completition_cost": 0.0, "overshoot_cost": 50.50742335054399, "power_cost": 12.650676867675783, "noise_cost": 11.486194401626335, "n_waypoints_completed": 9, "tot_waypoints": 9}}
{"target": -193.35044064447246, "params": {"k_pid_pos": [1.645701644368959, 0.1186268940915285, 0.647041713910692], "k_pid_alt": [0.6860520980715817, 0.00013740991173593784, 0.5852514604739825], "k_pid_att": [50.72098105979497, 2.8172406793129277, 0.9556056160956007], "k_pid_yaw": [0.5, 1e-06, 0.1], "k_pid_hsp": [2.4717348016363108, 0.1011863320633704, 0.0], "k_pid_vsp": [373.52579300834594, 128.90188513734878, 3.7624540874282153]}, "datetime": {"datetime": "2025-08-20 13:41:51", "elapsed": 6565.677782058716, "delta": 19.073410272598267}, "costs": {"total_cost": 193.35044064447246, "time_cost": 79.104, "final_distance_cost": 1.851733358231385, "oscillation_cost": 36.1748576152953, "completition_cost": 0.0, "overshoot_cost": 50.38510310884787, "power_cost": 13.529453576660156, "noise_cost": 12.305292985437717, "n_waypoints_completed": 9, "tot_waypoints": 9}}
{"target": -3241.2105233715397, "params": {"k_pid_pos": [2.0, 0.0988829322656261, 0.7913168817020502], "k_pid_alt": [1.0243383493167304, 0.0, 0.3955868021688786], "k_pid_att": [0.0, 1.9919323856767264, 0.9962860404172212], "k_pid_yaw": [0.5, 1e-06, 0.1], "k_pid_hsp": [1.9355034484417206, 0.0018099237341114016, 0.0], "k_pid_vsp": [250.93694379334966, 180.9985696740057, 0.887383298270357]}, "datetime": {"datetime": "2025-08-20 13:42:18", "elapsed": 6592.677109003067, "delta": 26.999326944351196}, "costs": {"total_cost": 3241.2105233715397, "time_cost": 150, "final_distance_cost": 331.0166027133751, "oscillation_cost": 941.5281751798245, "completition_cost": 1000.0, "overshoot_cost": 683.6126731686542, "power_cost": 36.47007990722656, "noise_cost": 98.58299240245952, "n_waypoints_completed": 0, "tot_waypoints": 9}}
{"target": -838.093097663922, "params": {"k_pid_pos": [2.0, 0.2129832597679863, 0.6489815856108891], "k_pid_alt": [0.2254831695730163, 8.132324304142072e-05, 0.8373227756725515], "k_pid_att": [42.667746460034806, 1.8922963761187315, 1.0], "k_pid_yaw": [0.5, 1e-06, 0.1], "k_pid_hsp": [1.5804328626479034, 0.021439239719355085, 0.0], "k_pid_vsp": [185.57913934467834, 191.87787909141693, 3.705034343001117]}, "datetime": {"datetime": "2025-08-20 13:42:44", "elapsed": 6619.397352695465, "delta": 26.72024369239807}, "costs": {"total_cost": 838.093097663922, "time_cost": 150, "final_distance_cost": 44.00302342241637, "oscillation_cost": 18.21612766935188, "completition_cost": 555.5555555555555, "overshoot_cost": 41.57273168064048, "power_cost": 14.870348669433595, "noise_cost": 13.875310666524122, "n_waypoints_completed": 4, "tot_waypoints": 9}}
{"target": -182.01746057594787, "params": {"k_pid_pos": [2.0, 0.2846199026877228, 0.2208238210467708], "k_pid_alt": [1.6588643902718563, 0.0001693666503840618, 0.5269705249779161], "k_pid_att": [44.14904219443571, 2.679965797438296, 0.8247875520437745], "k_pid_yaw": [0.5, 1e-06, 0.1], "k_pid_hsp": [0.698056477413655, 0.08091528708350189, 0.0], "k_pid_vsp": [308.01692284314817, 92.54432980436657, 1e-06]}, "datetime": {"datetime": "2025-08-20 13:43:05", "elapsed": 6639.554746866226, "delta": 20.15739417076111}, "costs": {"total_cost": 182.01746057594787, "time_cost": 70.392, "final_distance_cost": 1.750992949766838, "oscillation_cost": 35.94981759967139, "completition_cost": 0.0, "overshoot_cost": 50.028159051146616, "power_cost": 12.551604040527344, "noise_cost": 11.344886934835694, "n_waypoints_completed": 9, "tot_waypoints": 9}}
{"target": -180.29147978784536, "params": {"k_pid_pos": [1.204060305565476, 0.12871983189412972, 0.738595109354656], "k_pid_alt": [1.8052554551680633, 0.00017533096445978462, 0.19827777541855415], "k_pid_att": [32.16066717644002, 2.382176042203381, 1.0], "k_pid_yaw": [0.5, 1e-06, 0.1], "k_pid_hsp": [2.7414238163268667, 0.07633413375546559, 0.0], "k_pid_vsp": [129.03712861394013, 123.52512200782182, 4.9396983707838436]}, "datetime": {"datetime": "2025-08-20 13:43:24", "elapsed": 6659.199552297592, "delta": 19.644805431365967}, "costs": {"total_cost": 180.29147978784536, "time_cost": 71.68, "final_distance_cost": 1.8331845273890632, "oscillation_cost": 32.57508257907025, "completition_cost": 0.0, "overshoot_cost": 50.26565914467097, "power_cost": 12.107020605468751, "noise_cost": 11.83053293124633, "n_waypoints_completed": 9, "tot_waypoints": 9}}
{"target": -187.73056149796773, "params": {"k_pid_pos": [1.7791540522372689, 0.2569077596052413, 0.07747908902445418], "k_pid_alt": [0.9709890457785768, 5.634130351166781e-05, 0.40722778216012046], "k_pid_att": [66.94049060575317, 2.566376341778019, 0.9769783621845485], "k_pid_yaw": [0.5, 1e-06, 0.1], "k_pid_hsp": [1.7234076187639384, 0.025765714150918242, 0.0], "k_pid_vsp": [308.52186824695303, 246.62668446792597, 1e-06]}, "datetime": {"datetime": "2025-08-20 13:43:42", "elapsed": 6676.850351333618, "delta": 17.650799036026}, "costs": {"total_cost": 187.73056149796773, "time_cost": 72.584, "final_distance_cost": 1.7545052171449838, "oscillation_cost": 38.446498013394034, "completition_cost": 0.0, "overshoot_cost": 50.22811401188418, "power_cost": 13.042004113769531, "noise_cost": 11.675440141775004, "n_waypoints_completed": 9, "tot_waypoints": 9}}
{"target": -178.90429759696394, "params": {"k_pid_pos": [1.6721225924326542, 0.17201972843008395, 0.39015132052045587], "k_pid_alt": [1.5171547693785936, 0.00020509933198899826, 0.5454401686732576], "k_pid_att": [23.283869011156998, 1.7256056891976554, 1.0], "k_pid_yaw": [0.5, 1e-06, 0.1], "k_pid_hsp": [1.7186622817391974, 0.03841327279717177, 0.0], "k_pid_vsp": [400.0, 306.4690242972852, 4.709912714173989]}, "datetime": {"datetime": "2025-08-20 13:44:00", "elapsed": 6695.002238035202, "delta": 18.151886701583862}, "costs": {"total_cost": 178.90429759696394, "time_cost": 69.944, "final_distance_cost": 1.7755880359722902, "oscillation_cost": 33.012221223649654, "completition_cost": 0.0, "overshoot_cost": 50.166658085994015, "power_cost": 12.594007983398438, "noise_cost": 11.411822267949548, "n_waypoints_completed": 9, "tot_waypoints": 9}}
{"target": -179.76541357523098, "params": {"k_pid_pos": [1.6442879676417352, 0.1387811128118656, 0.8762844713652601], "k_pid_alt": [2.0, 7.103797743204314e-05, 0.5618039541291763], "k_pid_att": [18.674623028329396, 1.2295143656134926, 0.7582165722532435], "k_pid_yaw": [0.5, 1e-06, 0.1], "k_pid_hsp": [3.9460566326488435, 0.0470163712771404, 0.0], "k_pid_vsp": [400.0, 85.05738202110128, 2.8345699284872192]}, "datetime": {"datetime": "2025-08-20 13:44:18", "elapsed": 6712.87939119339, "delta": 17.877153158187866}, "costs": {"total_cost": 179.76541357523098, "time_cost": 70.568, "final_distance_cost": 1.8388579424996687, "oscillation_cost": 33.92923912810923, "completition_cost": 0.0, "overshoot_cost": 50.51195881723872, "power_cost": 11.479272497558595, "noise_cost": 11.438085189824749, "n_waypoints_completed": 9, "tot_waypoints": 9}}
{"target": -1361.2712934661754, "params": {"k_pid_pos": [2.0, 0.2486674017514783, 0.7982819092044174], "k_pid_alt": [0.0, 8.982422623307336e-05, 0.5646286104825468], "k_pid_att": [17.74476664704856, 4.006992748934931, 1.0], "k_pid_yaw": [0.5, 1e-06, 0.1], "k_pid_hsp": [2.318398466305267, 0.0024768918890442637, 0.0], "k_pid_vsp": [338.8665636627997, 142.60840041619042, 2.962970556720864]}, "datetime": {"datetime": "2025-08-20 13:44:42", "elapsed": 6737.236465454102, "delta": 24.35707426071167}, "costs": {"total_cost": 1361.2712934661754, "time_cost": 150, "final_distance_cost": 0.7799581004116882, "oscillation_cost": 4.877486932875638, "completition_cost": 1000.0, "overshoot_cost": 135.66957923827258, "power_cost": 11.86844989013672, "noise_cost": 58.07581930447889, "n_waypoints_completed": 0, "tot_waypoints": 9}}
{"target": -180.37374403348264, "params": {"k_pid_pos": [1.9624492678481875, 0.11501695485755493, 0.6136366665314559], "k_pid_alt": [2.0, 7.49831600485344e-05, 0.5749734648112708], "k_pid_att": [55.2010176531689, 2.1192970893616594, 1.0], "k_pid_yaw": [0.5, 1e-06, 0.1], "k_pid_hsp": [1.7311242495692314, 0.10174945656326156, 0.0], "k_pid_vsp": [322.7562024650601, 1e-06, 4.68648739236301]}, "datetime": {"datetime": "2025-08-20 13:45:00", "elapsed": 6754.57106089592, "delta": 17.334595441818237}, "costs": {"total_cost": 180.37374403348264, "time_cost": 70.48, "final_distance_cost": 1.7954572045888637, "oscillation_cost": 33.78684151468221, "completition_cost": 0.0, "overshoot_cost": 51.02174281834122, "power_cost": 12.02341844482422, "noise_cost": 11.266284051046146, "n_waypoints_completed": 9, "tot_waypoints": 9}}
{"target": -177.83823542242365, "params": {"k_pid_pos": [1.8755576271494885, 0.11005306699326045, 0.9123987778346421], "k_pid_alt": [1.8462488566413857, 1.6683953249511962e-05, 0.2698320576144957], "k_pid_att": [34.633105353413505, 1.860320773271466, 0.9480638276390442], "k_pid_yaw": [0.5, 1e-06, 0.1], "k_pid_hsp": [2.185105408716091, 0.06268249457096943, 0.0], "k_pid_vsp": [242.08053811896093, 214.5200152949085, 1e-06]}, "datetime": {"datetime": "2025-08-20 13:45:16", "elapsed": 6770.654861211777, "delta": 16.083800315856934}, "costs": {"total_cost": 177.83823542242365, "time_cost": 69.208, "final_distance_cost": 1.842539495041401, "oscillation_cost": 33.21481488062154, "completition_cost": 0.0, "overshoot_cost": 50.02910919932811, "power_cost": 12.114443798828125, "noise_cost": 11.429328048604484, "n_waypoints_completed": 9, "tot_waypoints": 9}}
{"target": -862.0193526510434, "params": {"k_pid_pos": [0.11128059649726511, 0.19690238976164662, 1.0], "k_pid_alt": [1.8206438949953663, 2.980872537185039e-05, 0.13238637886355079], "k_pid_att": [64.37363714685314, 0.02547204045109434, 0.6850691242027502], "k_pid_yaw": [0.5, 1e-06, 0.1], "k_pid_hsp": [1.7887004221125318, 0.04564775111365879, 0.0], "k_pid_vsp": [320.0399655231069, 86.21301538972136, 5.407430932522604]}, "datetime": {"datetime": "2025-08-20 13:45:41", "elapsed": 6795.556062698364, "delta": 24.901201486587524}, "costs": {"total_cost": 862.0193526510434, "time_cost": 150, "final_distance_cost": 52.11722810056206, "oscillation_cost": 12.273377133095167, "completition_cost": 555.5555555555555, "overshoot_cost": 62.85109437994748, "power_cost": 15.422421264648438, "noise_cost": 13.799676217234772, "n_waypoints_completed": 4, "tot_waypoints": 9}}
{"target": -177.4540566149966, "params": {"k_pid_pos": [2.0, 0.10998700735561732, 0.5490453819259816], "k_pid_alt": [2.0, 0.0001957060637564006, 0.3487616891110592], "k_pid_att": [44.543015105388996, 1.352671254592156, 1.0], "k_pid_yaw": [0.5, 1e-06, 0.1], "k_pid_hsp": [1.435454646520461, 0.16501580987599365, 0.0], "k_pid_vsp": [400.0, 367.46179221186907, 1e-06]}, "datetime": {"datetime": "2025-08-20 13:45:58", "elapsed": 6812.690700292587, "delta": 17.134637594223022}, "costs": {"total_cost": 177.4540566149966, "time_cost": 68.36, "final_distance_cost": 1.781534232385812, "oscillation_cost": 35.164540121280275, "completition_cost": 0.0, "overshoot_cost": 49.59107684190255, "power_cost": 11.701565002441408, "noise_cost": 10.855340416986577, "n_waypoints_completed": 9, "tot_waypoints": 9}}
{"target": -187.74421763045962, "params": {"k_pid_pos": [1.7680635067032122, 0.19797823300398862, 0.6226528563915826], "k_pid_alt": [1.4701571104321525, 0.00023003018941478818, 0.8097827445059987], "k_pid_att": [50.69621477666383, 1.365510173811298, 0.18764552689081873], "k_pid_yaw": [0.5, 1e-06, 0.1], "k_pid_hsp": [1.936006623475917, 0.0, 0.0], "k_pid_vsp": [91.2451382799336, 189.11648765972404, 4.15877898854682]}, "datetime": {"datetime": "2025-08-20 13:46:16", "elapsed": 6831.388188838959, "delta": 18.69748854637146}, "costs": {"total_cost": 187.74421763045962, "time_cost": 71.392, "final_distance_cost": 1.7899873169412102, "oscillation_cost": 40.7833714887099, "completition_cost": 0.0, "overshoot_cost": 49.78276383603014, "power_cost": 12.525196777343751, "noise_cost": 11.470898211434603, "n_waypoints_completed": 9, "tot_waypoints": 9}}
{"target": -183.45702311976447, "params": {"k_pid_pos": [2.0, 0.17067071130931144, 0.25094577286266734], "k_pid_alt": [1.308578741917598, 2.9508702970885994e-06, 0.5391051256621304], "k_pid_att": [37.978678559594634, 2.5349248725077707, 0.7576639254171621], "k_pid_yaw": [0.5, 1e-06, 0.1], "k_pid_hsp": [0.1362344065208295, 0.02427815403328994, 0.0], "k_pid_vsp": [139.97370232569304, 292.61321013088656, 1.0031398235598787]}, "datetime": {"datetime": "2025-08-20 13:46:35", "elapsed": 6850.428267478943, "delta": 19.04007863998413}, "costs": {"total_cost": 183.45702311976447, "time_cost": 71.44800000000001, "final_distance_cost": 1.7699405342548111, "oscillation_cost": 35.89749941570614, "completition_cost": 0.0, "overshoot_cost": 50.05638964578366, "power_cost": 12.869776965332031, "noise_cost": 11.415416558687799, "n_waypoints_completed": 9, "tot_waypoints": 9}}
{"target": -181.5611039750212, "params": {"k_pid_pos": [1.5611486599538458, 0.1202792829021343, 0.7539680014873517], "k_pid_alt": [1.09610372677484, 0.00018829252479677478, 0.22846442992794924], "k_pid_att": [18.749366725688407, 3.2043732487887584, 1.0], "k_pid_yaw": [0.5, 1e-06, 0.1], "k_pid_hsp": [2.321544465553751, 0.01135434053719366, 0.0], "k_pid_vsp": [341.5869555742522, 180.18010717604577, 7.084990276751397]}, "datetime": {"datetime": "2025-08-20 13:46:55", "elapsed": 6870.044912338257, "delta": 19.616644859313965}, "costs": {"total_cost": 181.5611039750212, "time_cost": 71.208, "final_distance_cost": 1.843469212510726, "oscillation_cost": 33.03186941521279, "completition_cost": 0.0, "overshoot_cost": 50.32539672657604, "power_cost": 13.228642700195314, "noise_cost": 11.92372592052636, "n_waypoints_completed": 9, "tot_waypoints": 9}}
{"target": -177.11056477246555, "params": {"k_pid_pos": [1.5650233854193687, 0.05863194838287955, 0.09106788704019764], "k_pid_alt": [1.283210022352991, 1.786372930178738e-05, 0.11272977655170102], "k_pid_att": [49.507336617455785, 3.0495109099987396, 0.9552922552202777], "k_pid_yaw": [0.5, 1e-06, 0.1], "k_pid_hsp": [0.520351676757135, 0.0, 0.0], "k_pid_vsp": [43.14926301637811, 216.68289613147422, 4.111501109458826]}, "datetime": {"datetime": "2025-08-20 13:47:12", "elapsed": 6887.161034107208, "delta": 17.116121768951416}, "costs": {"total_cost": 177.11056477246555, "time_cost": 68.784, "final_distance_cost": 1.7691601109965265, "oscillation_cost": 33.369100730877314, "completition_cost": 0.0, "overshoot_cost": 49.612158425377885, "power_cost": 12.450541125488282, "noise_cost": 11.125604379725518, "n_waypoints_completed": 9, "tot_waypoints": 9}}
{"target": -177.3308000075155, "params": {"k_pid_pos": [1.5095724074257035, 0.16817201789568478, 0.43846314483696874], "k_pid_alt": [2.0, 0.00016694570837607136, 0.4237687022842844], "k_pid_att": [69.1655200727126, 0.8275689212161298, 1.0], "k_pid_yaw": [0.5, 1e-06, 0.1], "k_pid_hsp": [0.8485394749696109, 0.0015409499781135854, 0.0], "k_pid_vsp": [400.0, 221.87679786643335, 3.241730061373076]}, "datetime": {"datetime": "2025-08-20 13:47:29", "elapsed": 6903.6121735572815, "delta": 16.451139450073242}, "costs": {"total_cost": 177.3308000075155, "time_cost": 69.608, "final_distance_cost": 1.8167566310053451, "oscillation_cost": 31.543411531750607, "completition_cost": 0.0, "overshoot_cost": 50.36246810350817, "power_cost": 12.393754418945313, "noise_cost": 11.606409322306078, "n_waypoints_completed": 9, "tot_waypoints": 9}}
{"target": -186.40441850327605, "params": {"k_pid_pos": [1.730204569725097, 0.0923038797001731, 0.5190551265305493], "k_pid_alt": [2.0, 0.0001318690462722919, 0.5505734094083174], "k_pid_att": [36.898613398848376, 0.9280148491523684, 0.0], "k_pid_yaw": [0.5, 1e-06, 0.1], "k_pid_hsp": [1.0035412192589364, 0.059627040185505194, 0.0], "k_pid_vsp": [400.0, 90.00723736455124, 3.6483506936584162]}, "datetime": {"datetime": "2025-08-20 13:47:47", "elapsed": 6921.963197469711, "delta": 18.35102391242981}, "costs": {"total_cost": 186.40441850327605, "time_cost": 69.376, "final_distance_cost": 1.8091241250671697, "oscillation_cost": 41.06748000683263, "completition_cost": 0.0, "overshoot_cost": 50.27419608630817, "power_cost": 12.404628271484375, "noise_cost": 11.472990013583717, "n_waypoints_completed": 9, "tot_waypoints": 9}}
{"target": -185.0255720430596, "params": {"k_pid_pos": [1.8912517319881303, 0.11673342594901374, 0.7199516859537475], "k_pid_alt": [1.627982250305528, 0.00015338294098677592, 0.5147537245511598], "k_pid_att": [66.98996376139023, 2.164358659049389, 0.5565412595170908], "k_pid_yaw": [0.5, 1e-06, 0.1], "k_pid_hsp": [3.2638542563187976, 0.12958477237968094, 0.0], "k_pid_vsp": [341.2634228594976, 1e-06, 1.2530170071276134]}, "datetime": {"datetime": "2025-08-20 13:48:04", "elapsed": 6938.63876080513, "delta": 16.6755633354187}, "costs": {"total_cost": 185.0255720430596, "time_cost": 71.072, "final_distance_cost": 1.8073371721967357, "oscillation_cost": 38.183158031060636, "completition_cost": 0.0, "overshoot_cost": 51.06969271672762, "power_cost": 11.551068615722658, "noise_cost": 11.342315507351929, "n_waypoints_completed": 9, "tot_waypoints": 9}}
{"target": -179.0560053387052, "params": {"k_pid_pos": [2.0, 0.13033934658337598, 0.5398970728591257], "k_pid_alt": [1.6515537570146936, 9.539952515238998e-05, 0.6814211089024065], "k_pid_att": [56.25667324883424, 2.239874248440341, 0.6414611275368131], "k_pid_yaw": [0.5, 1e-06, 0.1], "k_pid_hsp": [1.851897659030812, 0.04379107331484396, 0.0], "k_pid_vsp": [360.0353461301666, 298.5833261359527, 3.9483456470650378]}, "datetime": {"datetime": "2025-08-20 13:48:20", "elapsed": 6955.014703512192, "delta": 16.375942707061768}, "costs": {"total_cost": 179.0560053387052, "time_cost": 69.632, "final_distance_cost": 1.7667412794772566, "oscillation_cost": 35.167103455441186, "completition_cost": 0.0, "overshoot_cost": 49.765182871683585, "power_cost": 11.653126477050781, "noise_cost": 11.071851255052405, "n_waypoints_completed": 9, "tot_waypoints": 9}}
