{"target": -172.3418896187639, "params": {"k_pid_pos": [0.4990325316799991, 0.0025855350407981248, 0.018391620750736148], "k_pid_alt": [2.0, 0.0001531733125933091, 0.00374733552695859], "k_pid_att": [50.191853970196945, 9.969280241101215, 0.48487012528758694], "k_pid_yaw": [0.5, 1e-06, 0.1], "k_pid_hsp": [0.13283454642315887, 0.005215772725033418, 0.0], "k_pid_vsp": [171.43229433940488, 195.05897992987045, 0.6572561178384061]}, "datetime": {"datetime": "2025-08-20 17:50:52", "elapsed": 21507.029186725616, "delta": 17.59165072441101}, "costs": {"total_cost": 172.3418896187639, "time_cost": 73.60000000000001, "final_distance_cost": 1.8400757671852608, "oscillation_cost": 22.34506665891939, "completition_cost": 0.0, "overshoot_cost": 50.28552629499686, "power_cost": 12.334337426757813, "noise_cost": 11.936883470904542, "n_waypoints_completed": 9, "tot_waypoints": 9}}
{"target": -191.80386507874306, "params": {"k_pid_pos": [0.2813420782095082, 0.002826685103931468, 0.015391152758799875], "k_pid_alt": [1.7612816228795882, 9.97374134398785e-05, 0.0024189073532009074], "k_pid_att": [52.23416368398256, 7.056126874609432, 0.7558381227195655], "k_pid_yaw": [0.5, 1e-06, 0.1], "k_pid_hsp": [0.0892476500157487, 0.006259831010965087, 0.0], "k_pid_vsp": [253.8399239616034, 158.909100193236, 0.6725390246060662]}, "datetime": {"datetime": "2025-08-20 17:51:12", "elapsed": 21526.923921108246, "delta": 19.894734382629395}, "costs": {"total_cost": 191.80386507874306, "time_cost": 90.608, "final_distance_cost": 1.8638864161337152, "oscillation_cost": 14.679856240418244, "completition_cost": 0.0, "overshoot_cost": 53.92738536236753, "power_cost": 14.659290051269531, "noise_cost": 16.06544700855404, "n_waypoints_completed": 9, "tot_waypoints": 9}}
{"target": -170.05548312723855, "params": {"k_pid_pos": [0.6166844038569282, 0.0025607935253194845, 0.013358871223761453], "k_pid_alt": [1.509261899134706, 0.00010544766338308084, 0.00304248694256336], "k_pid_att": [29.51751302846232, 6.748680721080658, 0.5083827250584584], "k_pid_yaw": [0.5, 1e-06, 0.1], "k_pid_hsp": [0.09947357227331305, 0.0047491038953240295, 0.0], "k_pid_vsp": [230.58988238903672, 160.95996994176198, 0.5765296330979577]}, "datetime": {"datetime": "2025-08-20 17:51:28", "elapsed": 21542.916452407837, "delta": 15.992531299591064}, "costs": {"total_cost": 170.05548312723855, "time_cost": 71.248, "final_distance_cost": 1.822215392917918, "oscillation_cost": 21.702418635058976, "completition_cost": 0.0, "overshoot_cost": 51.15287310173787, "power_cost": 12.552847900390626, "noise_cost": 11.577128097133167, "n_waypoints_completed": 9, "tot_waypoints": 9}}
{"target": -171.6594525751583, "params": {"k_pid_pos": [0.5414796115741752, 0.003795006471461573, 0.015467925040152243], "k_pid_alt": [2.0, 0.00017811053336700832, 0.002977541763732511], "k_pid_att": [45.40083056305654, 5.517745103304521, 0.7963166044384656], "k_pid_yaw": [0.5, 1e-06, 0.1], "k_pid_hsp": [0.1320351423755465, 0.007832174027728797, 0.0], "k_pid_vsp": [305.666171808005, 222.7493468752983, 0.9763666841622364]}, "datetime": {"datetime": "2025-08-20 17:51:45", "elapsed": 21559.979290008545, "delta": 17.062837600708008}, "costs": {"total_cost": 171.6594525751583, "time_cost": 72.304, "final_distance_cost": 1.8338009009776937, "oscillation_cost": 22.71204840564599, "completition_cost": 0.0, "overshoot_cost": 50.73876535164829, "power_cost": 12.267784179687501, "noise_cost": 11.803053737198816, "n_waypoints_completed": 9, "tot_waypoints": 9}}
{"target": -171.1595116507125, "params": {"k_pid_pos": [0.7648589081911831, 0.0016118869112457697, 0.012529360031542753], "k_pid_alt": [1.1001981087653312, 0.00013479339024007468, 0.0009971631783798646], "k_pid_att": [51.95680074725387, 6.584201543774182, 0.3518623461949768], "k_pid_yaw": [0.5, 1e-06, 0.1], "k_pid_hsp": [0.11849453206485243, 0.01251695166814278, 0.0], "k_pid_vsp": [213.38077338743918, 219.7019187645327, 0.6940521466026469]}, "datetime": {"datetime": "2025-08-20 17:52:01", "elapsed": 21575.557327508926, "delta": 15.57803750038147}, "costs": {"total_cost": 171.1595116507125, "time_cost": 70.424, "final_distance_cost": 1.8043618542945532, "oscillation_cost": 25.74993515968597, "completition_cost": 0.0, "overshoot_cost": 49.97182438207188, "power_cost": 12.05998660888672, "noise_cost": 11.149403645773367, "n_waypoints_completed": 9, "tot_waypoints": 9}}
{"target": -171.06238154643864, "params": {"k_pid_pos": [0.47426900254711124, 0.003300308827792968, 0.01782965209886599], "k_pid_alt": [1.1699430726650148, 0.00011464844607202656, 0.005832093018869923], "k_pid_att": [51.33970960036536, 10.0, 0.8361249248753729], "k_pid_yaw": [0.5, 1e-06, 0.1], "k_pid_hsp": [0.10435328549580869, 0.012818915586977888, 0.0], "k_pid_vsp": [277.5083832555982, 186.16420384967114, 0.8356257663552963]}, "datetime": {"datetime": "2025-08-20 17:52:17", "elapsed": 21591.92357325554, "delta": 16.36624574661255}, "costs": {"total_cost": 171.06238154643864, "time_cost": 74.08800000000001, "final_distance_cost": 1.852724795829655, "oscillation_cost": 20.892893965659834, "completition_cost": 0.0, "overshoot_cost": 49.94681407290299, "power_cost": 12.34021092529297, "noise_cost": 11.941737786753189, "n_waypoints_completed": 9, "tot_waypoints": 9}}
{"target": -170.144182262031, "params": {"k_pid_pos": [0.5224309489611155, 0.00377446086357049, 0.01303701540495942], "k_pid_alt": [2.0, 6.982995139683951e-05, 0.004238657704351442], "k_pid_att": [27.00548439017747, 10.0, 0.5173151872765397], "k_pid_yaw": [0.5, 1e-06, 0.1], "k_pid_hsp": [0.12979051559806928, 0.0057550835938649, 0.0], "k_pid_vsp": [400.0, 238.84519585902456, 1.0635872359409884]}, "datetime": {"datetime": "2025-08-20 17:52:33", "elapsed": 21608.47861480713, "delta": 16.555041551589966}, "costs": {"total_cost": 170.144182262031, "time_cost": 72.632, "final_distance_cost": 1.8424439467763554, "oscillation_cost": 22.241794420642535, "completition_cost": 0.0, "overshoot_cost": 50.07650391999736, "power_cost": 11.73589442138672, "noise_cost": 11.615545553228017, "n_waypoints_completed": 9, "tot_waypoints": 9}}
{"target": -169.74321411624965, "params": {"k_pid_pos": [0.6559726687842359, 0.002667453013076257, 0.014069714130384813], "k_pid_alt": [1.5302246733054918, 0.00011219296421258246, 0.0017355801701442965], "k_pid_att": [42.41374200526093, 7.730976654486061, 0.5575237664544657], "k_pid_yaw": [0.5, 1e-06, 0.1], "k_pid_hsp": [0.09181775294475099, 0.0065266441756134655, 0.0], "k_pid_vsp": [290.71798347989676, 201.1332434699893, 0.869270402656591]}, "datetime": {"datetime": "2025-08-20 17:52:49", "elapsed": 21624.103640556335, "delta": 15.625025749206543}, "costs": {"total_cost": 169.74321411624965, "time_cost": 71.2, "final_distance_cost": 1.8196835650787804, "oscillation_cost": 22.634967971052895, "completition_cost": 0.0, "overshoot_cost": 50.604251532572654, "power_cost": 12.177042297363283, "noise_cost": 11.307268750182047, "n_waypoints_completed": 9, "tot_waypoints": 9}}
{"target": -173.71466423782908, "params": {"k_pid_pos": [0.4469679198115027, 0.0016542117952696382, 0.009595043767576512], "k_pid_alt": [1.888929893117359, 0.00015729847470573506, 0.0036070054366764918], "k_pid_att": [24.22895477361566, 4.865161890310914, 0.25232552595262686], "k_pid_yaw": [0.5, 1e-06, 0.1], "k_pid_hsp": [0.12813568510263584, 0.010087882749855427, 0.0], "k_pid_vsp": [283.00478266725855, 207.69142323745288, 0.552484467447954]}, "datetime": {"datetime": "2025-08-20 17:53:06", "elapsed": 21641.23396921158, "delta": 17.13032865524292}, "costs": {"total_cost": 173.71466423782908, "time_cost": 75.2, "final_distance_cost": 1.8556920404103825, "oscillation_cost": 20.93913317048206, "completition_cost": 0.0, "overshoot_cost": 50.831107879866806, "power_cost": 12.508759216308594, "noise_cost": 12.37997193076123, "n_waypoints_completed": 9, "tot_waypoints": 9}}
{"target": -172.5327577395184, "params": {"k_pid_pos": [0.908457627711211, 0.0025813324617537273, 0.009381539685261687], "k_pid_alt": [1.5606931845872738, 0.00011165062740478907, 0.0028765624217832026], "k_pid_att": [23.43365614839783, 4.866124833053477, 0.5137066426723914], "k_pid_yaw": [0.5, 1e-06, 0.1], "k_pid_hsp": [0.1025836338465172, 0.007320782838043018, 0.0], "k_pid_vsp": [209.6824029129657, 188.409738938235, 0.8936537431003678]}, "datetime": {"datetime": "2025-08-20 17:53:21", "elapsed": 21656.131311893463, "delta": 14.897342681884766}, "costs": {"total_cost": 172.5327577395184, "time_cost": 69.928, "final_distance_cost": 1.8039089456637376, "oscillation_cost": 26.864008624264827, "completition_cost": 0.0, "overshoot_cost": 50.635792008533976, "power_cost": 12.171648364257813, "noise_cost": 11.12939979679804, "n_waypoints_completed": 9, "tot_waypoints": 9}}
{"target": -1080.406101112516, "params": {"k_pid_pos": [0.06103811813381882, 0.001545223257351525, 0.013313773489145921], "k_pid_alt": [1.6317427545837457, 0.0001945002802092033, 0.0018376649483481508], "k_pid_att": [27.214149124554922, 7.2166158018953865, 0.8099607143821919], "k_pid_yaw": [0.5, 1e-06, 0.1], "k_pid_hsp": [0.08205503230885103, 0.011277317298738598, 0.0], "k_pid_vsp": [400.0, 115.14863823257235, 0.6999844834365044]}, "datetime": {"datetime": "2025-08-20 17:53:44", "elapsed": 21678.79296875, "delta": 22.661656856536865}, "costs": {"total_cost": 1080.406101112516, "time_cost": 150, "final_distance_cost": 78.0530263204626, "oscillation_cost": 1.8358395997823609, "completition_cost": 777.7777777777778, "overshoot_cost": 46.38087985092101, "power_cost": 13.267113012695313, "noise_cost": 13.091464550876855, "n_waypoints_completed": 2, "tot_waypoints": 9}}
{"target": -170.2149922785197, "params": {"k_pid_pos": [0.7709364516958862, 0.003546558836211968, 0.011817828490066384], "k_pid_alt": [2.0, 0.00016587490540849315, 0.0038166338889322362], "k_pid_att": [43.617707801828296, 2.215191125483454, 0.6038438631292442], "k_pid_yaw": [0.5, 1e-06, 0.1], "k_pid_hsp": [0.12162829790805703, 0.005002947523665279, 0.0], "k_pid_vsp": [386.9637085791407, 290.4899350882859, 0.6895584582189591]}, "datetime": {"datetime": "2025-08-20 17:54:00", "elapsed": 21694.804307699203, "delta": 16.01133894920349}, "costs": {"total_cost": 170.2149922785197, "time_cost": 70.152, "final_distance_cost": 1.797807328156965, "oscillation_cost": 24.59182671321302, "completition_cost": 0.0, "overshoot_cost": 50.397609156620945, "power_cost": 12.020226330566407, "noise_cost": 11.255522749962363, "n_waypoints_completed": 9, "tot_waypoints": 9}}
{"target": -176.40991857645352, "params": {"k_pid_pos": [0.3385307852701209, 0.004548325373495658, 0.013694385009450463], "k_pid_alt": [2.0, 0.00011055191527646446, 0.005886332542011899], "k_pid_att": [25.88127632740746, 10.0, 0.7452143823751731], "k_pid_yaw": [0.5, 1e-06, 0.1], "k_pid_hsp": [0.09082711255587511, 0.003967241831309814, 0.0], "k_pid_vsp": [271.3637822253424, 150.62078856500858, 0.5492224430050547]}, "datetime": {"datetime": "2025-08-20 17:54:18", "elapsed": 21712.742435216904, "delta": 17.938127517700195}, "costs": {"total_cost": 176.40991857645352, "time_cost": 79.496, "final_distance_cost": 1.8485878074240234, "oscillation_cost": 15.765412383737326, "completition_cost": 0.0, "overshoot_cost": 52.98561455663719, "power_cost": 13.091752062988283, "noise_cost": 13.222551765666667, "n_waypoints_completed": 9, "tot_waypoints": 9}}
{"target": -171.94749240750303, "params": {"k_pid_pos": [0.9188338776926189, 0.002642626346920543, 0.012829465460788095], "k_pid_alt": [1.1876736169002446, 0.00011234059767470118, 0.003988085291878672], "k_pid_att": [38.387661356538096, 9.864252131553869, 0.7162071259366423], "k_pid_yaw": [0.5, 1e-06, 0.1], "k_pid_hsp": [0.10689781646544834, 0.005025354051530858, 0.0], "k_pid_vsp": [296.46420587082827, 212.11571339925922, 0.584158153417781]}, "datetime": {"datetime": "2025-08-20 17:54:33", "elapsed": 21728.3609623909, "delta": 15.618527173995972}, "costs": {"total_cost": 171.94749240750303, "time_cost": 70.312, "final_distance_cost": 1.769409108769523, "oscillation_cost": 26.82767611454311, "completition_cost": 0.0, "overshoot_cost": 50.40844635963942, "power_cost": 11.62498895263672, "noise_cost": 11.004971871914254, "n_waypoints_completed": 9, "tot_waypoints": 9}}
{"target": -170.83860383783986, "params": {"k_pid_pos": [0.7158479052062351, 0.0033774153326265534, 0.01698906702868713], "k_pid_alt": [1.2202258094531342, 0.0001083391447742385, 0.003456707192399261], "k_pid_att": [47.0158599311946, 10.0, 0.6358960404663448], "k_pid_yaw": [0.5, 1e-06, 0.1], "k_pid_hsp": [0.09518003535515802, 0.00933042957931291, 0.0], "k_pid_vsp": [337.9752667578159, 139.65683366216072, 0.3888396172400163]}, "datetime": {"datetime": "2025-08-20 17:54:50", "elapsed": 21744.50946354866, "delta": 16.14850115776062}, "costs": {"total_cost": 170.83860383783986, "time_cost": 71.32000000000001, "final_distance_cost": 1.8061336745355063, "oscillation_cost": 23.870094567292437, "completition_cost": 0.0, "overshoot_cost": 50.852556652248104, "power_cost": 11.82099451904297, "noise_cost": 11.168824424720802, "n_waypoints_completed": 9, "tot_waypoints": 9}}
{"target": -169.69562557323042, "params": {"k_pid_pos": [0.7049523371809873, 0.003258748110863455, 0.014143143665067063], "k_pid_alt": [2.0, 0.00010053008301432586, 0.0010753862237680766], "k_pid_att": [32.305790907377364, 8.599826653859454, 0.3578299397896408], "k_pid_yaw": [0.5, 1e-06, 0.1], "k_pid_hsp": [0.13407819390903297, 0.006058513634949758, 0.0], "k_pid_vsp": [329.392963055119, 208.12263034603893, 0.6353635350435015]}, "datetime": {"datetime": "2025-08-20 17:55:05", "elapsed": 21760.27801465988, "delta": 15.768551111221313}, "costs": {"total_cost": 169.69562557323042, "time_cost": 70.456, "final_distance_cost": 1.812055214295936, "oscillation_cost": 24.090056457579387, "completition_cost": 0.0, "overshoot_cost": 50.11750309140429, "power_cost": 11.941920776367189, "noise_cost": 11.278090033583599, "n_waypoints_completed": 9, "tot_waypoints": 9}}
{"target": -169.6000284213718, "params": {"k_pid_pos": [0.7328253687866845, 0.0024204477663058352, 0.014357141871564607], "k_pid_alt": [1.571787185869286, 0.00011519526215091499, 0.0], "k_pid_att": [28.511855896586155, 7.159369284258432, 0.37349451394961436], "k_pid_yaw": [0.5, 1e-06, 0.1], "k_pid_hsp": [0.11661548877740474, 0.006854958600065522, 0.0], "k_pid_vsp": [311.91139351436317, 160.73728694948116, 1.0558717082880014]}, "datetime": {"datetime": "2025-08-20 17:55:21", "elapsed": 21775.815997838974, "delta": 15.537983179092407}, "costs": {"total_cost": 169.6000284213718, "time_cost": 70.144, "final_distance_cost": 1.8050434733428486, "oscillation_cost": 24.591358205991757, "completition_cost": 0.0, "overshoot_cost": 50.46567054402374, "power_cost": 11.542120141601563, "noise_cost": 11.05183605641189, "n_waypoints_completed": 9, "tot_waypoints": 9}}
{"target": -179.43102632492293, "params": {"k_pid_pos": [0.3586414042211536, 0.0035609797063284724, 0.009650786595626319], "k_pid_alt": [2.0, 0.00012525201726376167, 0.004005392958365452], "k_pid_att": [57.517606542991956, 8.97028847899262, 0.6959507865993881], "k_pid_yaw": [0.5, 1e-06, 0.1], "k_pid_hsp": [0.11696061194135093, 0.007263661725962254, 0.0], "k_pid_vsp": [329.75953554738504, 251.06926075490387, 0.6733507358462624]}, "datetime": {"datetime": "2025-08-20 17:55:40", "elapsed": 21794.572507619858, "delta": 18.75650978088379}, "costs": {"total_cost": 179.43102632492293, "time_cost": 80.608, "final_distance_cost": 1.857268296192276, "oscillation_cost": 18.014704814217207, "completition_cost": 0.0, "overshoot_cost": 51.98381170362329, "power_cost": 13.349775927734376, "noise_cost": 13.617465583155768, "n_waypoints_completed": 9, "tot_waypoints": 9}}
{"target": -1180.886119068821, "params": {"k_pid_pos": [0.02820927015468651, 0.003224661998201598, 0.012394306661227048], "k_pid_alt": [2.0, 0.00012924722350132121, 0.002567280888633764], "k_pid_att": [36.50676630935835, 7.113049755507581, 1.0], "k_pid_yaw": [0.5, 1e-06, 0.1], "k_pid_hsp": [0.07980824158796772, 0.010100858591560163, 0.0], "k_pid_vsp": [304.40053097459037, 197.26127421724937, 0.6393832193923057]}, "datetime": {"datetime": "2025-08-20 17:56:03", "elapsed": 21817.70305633545, "delta": 23.13054871559143}, "costs": {"total_cost": 1180.886119068821, "time_cost": 150, "final_distance_cost": 58.41206761397285, "oscillation_cost": 0.7326095009737127, "completition_cost": 888.8888888888888, "overshoot_cost": 52.813361891854186, "power_cost": 15.970147607421875, "noise_cost": 14.069043565709524, "n_waypoints_completed": 1, "tot_waypoints": 9}}
{"target": -170.95638433331467, "params": {"k_pid_pos": [0.5033229929961801, 0.0019165368954147353, 0.015823562350184995], "k_pid_alt": [2.0, 9.366255052323908e-05, 0.004235410151162856], "k_pid_att": [56.37764555057038, 7.342033974219255, 0.5192703161740958], "k_pid_yaw": [0.5, 1e-06, 0.1], "k_pid_hsp": [0.11772341087386312, 0.008078737475947981, 0.0], "k_pid_vsp": [264.9353033740311, 249.9365293258696, 0.642837109026355]}, "datetime": {"datetime": "2025-08-20 17:56:19", "elapsed": 21833.608481645584, "delta": 15.905425310134888}, "costs": {"total_cost": 170.95638433331467, "time_cost": 72.904, "final_distance_cost": 1.838246371290112, "oscillation_cost": 21.63755721476951, "completition_cost": 0.0, "overshoot_cost": 50.38509682669092, "power_cost": 12.328251391601563, "noise_cost": 11.863232528962591, "n_waypoints_completed": 9, "tot_waypoints": 9}}
{"target": -173.3496597228197, "params": {"k_pid_pos": [0.5195984259974682, 0.0022412205109929423, 0.013226118799419812], "k_pid_alt": [1.5612617632023718, 0.00015604368472590857, 0.0030595261862210624], "k_pid_att": [37.592844192536965, 10.0, 0.6104622139777438], "k_pid_yaw": [0.5, 1e-06, 0.1], "k_pid_hsp": [0.14001684982686144, 0.010273238275361618, 0.0], "k_pid_vsp": [327.02233162755596, 239.61412228312804, 0.9569527224590734]}, "datetime": {"datetime": "2025-08-20 17:56:35", "elapsed": 21849.855974197388, "delta": 16.24749255180359}, "costs": {"total_cost": 173.3496597228197, "time_cost": 73.016, "final_distance_cost": 1.841915995138399, "oscillation_cost": 23.543947494953827, "completition_cost": 0.0, "overshoot_cost": 50.30606578093686, "power_cost": 12.564305578613283, "noise_cost": 12.077424873177327, "n_waypoints_completed": 9, "tot_waypoints": 9}}
{"target": -170.53873948926773, "params": {"k_pid_pos": [0.8398787722384565, 0.0024679628257991684, 0.01482108208087267], "k_pid_alt": [1.7001446416479802, 0.00016155015710337146, 0.0020154758362878546], "k_pid_att": [43.978842146376365, 9.936210765285292, 0.604287370606909], "k_pid_yaw": [0.5, 1e-06, 0.1], "k_pid_hsp": [0.14911322612752725, 0.007973098987545247, 0.0], "k_pid_vsp": [275.2185484407758, 217.7183086212677, 0.6122600529910636]}, "datetime": {"datetime": "2025-08-20 17:56:51", "elapsed": 21865.856388568878, "delta": 16.00041437149048}, "costs": {"total_cost": 170.53873948926773, "time_cost": 69.56, "final_distance_cost": 1.8056064464003116, "oscillation_cost": 26.15684196250022, "completition_cost": 0.0, "overshoot_cost": 50.23163275397934, "power_cost": 11.77845516357422, "noise_cost": 11.006203162813618, "n_waypoints_completed": 9, "tot_waypoints": 9}}
{"target": -174.79531378835114, "params": {"k_pid_pos": [0.4648150024152386, 0.003221299049062583, 0.013638417190119101], "k_pid_alt": [1.8195111915701456, 0.00012622894846467573, 0.0], "k_pid_att": [38.72711211283751, 9.789627987501602, 0.504134002773858], "k_pid_yaw": [0.5, 1e-06, 0.1], "k_pid_hsp": [0.05980870711483579, 0.010974773621498568, 0.0], "k_pid_vsp": [197.8221427159293, 260.43870243043284, 0.9107001706398622]}, "datetime": {"datetime": "2025-08-20 17:57:08", "elapsed": 21882.643755435944, "delta": 16.78736686706543}, "costs": {"total_cost": 174.79531378835114, "time_cost": 77.0, "final_distance_cost": 1.7995736828481466, "oscillation_cost": 17.80664783961461, "completition_cost": 0.0, "overshoot_cost": 52.499480654083, "power_cost": 13.281646032714844, "noise_cost": 12.407965579090522, "n_waypoints_completed": 9, "tot_waypoints": 9}}
{"target": -170.88950247664135, "params": {"k_pid_pos": [0.8111610273438563, 0.003567835435819492, 0.018151776190204874], "k_pid_alt": [1.5487185479671697, 0.00014582666032289182, 0.005707775953897335], "k_pid_att": [53.22262909036797, 6.1662421232012266, 0.6160004090323267], "k_pid_yaw": [0.5, 1e-06, 0.1], "k_pid_hsp": [0.12941690638013548, 0.0041309146921550905, 0.0], "k_pid_vsp": [298.6284097350852, 232.3054830717505, 0.8801563712810676]}, "datetime": {"datetime": "2025-08-20 17:57:23", "elapsed": 21898.2550303936, "delta": 15.61127495765686}, "costs": {"total_cost": 170.88950247664135, "time_cost": 69.776, "final_distance_cost": 1.8162748144912955, "oscillation_cost": 25.55511744058777, "completition_cost": 0.0, "overshoot_cost": 50.59956287359797, "power_cost": 11.999518078613281, "noise_cost": 11.143029269351038, "n_waypoints_completed": 9, "tot_waypoints": 9}}
{"target": -168.6670671533653, "params": {"k_pid_pos": [0.5398476293340149, 0.005000615514127903, 0.0118469404566481], "k_pid_alt": [2.0, 0.00014279121875566148, 0.0022120587996196173], "k_pid_att": [29.46837845263774, 6.885791834872575, 0.5870648528178565], "k_pid_yaw": [0.5, 1e-06, 0.1], "k_pid_hsp": [0.09318188240228091, 0.005634235986997104, 0.0], "k_pid_vsp": [110.15582486083848, 207.06238331896486, 0.7405199770296415]}, "datetime": {"datetime": "2025-08-20 17:57:39", "elapsed": 21914.347605228424, "delta": 16.09257483482361}, "costs": {"total_cost": 168.6670671533653, "time_cost": 72.184, "final_distance_cost": 1.8076872479730002, "oscillation_cost": 20.2108908917116, "completition_cost": 0.0, "overshoot_cost": 51.07857764630494, "power_cost": 11.939518139648438, "noise_cost": 11.446393227727338, "n_waypoints_completed": 9, "tot_waypoints": 9}}
