{"target": -180.15296775033144, "params": {"k_pid_pos": [0.34033849558305834, 0.003812248738551762, 0.005384243830413118], "k_pid_alt": [1.709653599265265, 0.00012725052188510553, 0.0015212504814673747], "k_pid_att": [41.03861987542327, 5.454305136472129, 0.477939043211656], "k_pid_yaw": [0.5, 1e-06, 0.1], "k_pid_hsp": [0.10034779169889556, 0.007843780385348368, 0.0], "k_pid_vsp": [155.7581439100526, 250.737658339391, 0.6582775145599654]}, "datetime": {"datetime": "2025-08-20 19:57:33", "elapsed": 29107.7920730114, "delta": 18.486019611358643}, "costs": {"total_cost": 180.15296775033144, "time_cost": 80.896, "final_distance_cost": 1.8604713119144067, "oscillation_cost": 17.079103182617708, "completition_cost": 0.0, "overshoot_cost": 52.33788096229432, "power_cost": 13.97749178466797, "noise_cost": 14.002020508837033, "n_waypoints_completed": 9, "tot_waypoints": 9}}
{"target": -169.10589701923752, "params": {"k_pid_pos": [0.5902419489489948, 0.0028479551763833104, 0.00889812835027111], "k_pid_alt": [1.9568919434485927, 0.00010500626342343074, 0.0022746984007099465], "k_pid_att": [27.405489117584988, 7.400997165915329, 0.48923197934806345], "k_pid_yaw": [0.5, 1e-06, 0.1], "k_pid_hsp": [0.1051075889502147, 0.0063776778660386306, 0.0], "k_pid_vsp": [164.537567115112, 186.67072760469122, 1.2222680429406487]}, "datetime": {"datetime": "2025-08-20 19:57:50", "elapsed": 29124.749938249588, "delta": 16.957865238189697}, "costs": {"total_cost": 169.10589701923752, "time_cost": 71.28, "final_distance_cost": 1.8142044592751847, "oscillation_cost": 22.13206310955887, "completition_cost": 0.0, "overshoot_cost": 50.31430162849324, "power_cost": 12.084991125488282, "noise_cost": 11.480336696421933, "n_waypoints_completed": 9, "tot_waypoints": 9}}
{"target": -169.03829253159884, "params": {"k_pid_pos": [0.5602007842210118, 0.004600867001636176, 0.008753995993013889], "k_pid_alt": [1.8686277340090423, 0.00013555326023607968, 0.001808949796503431], "k_pid_att": [32.878971760250046, 8.255772688931875, 0.7204458472607967], "k_pid_yaw": [0.5, 1e-06, 0.1], "k_pid_hsp": [0.09432438490067001, 0.004687889879699935, 0.0], "k_pid_vsp": [171.0629672529387, 208.198414885159, 0.8298871584022516]}, "datetime": {"datetime": "2025-08-20 19:58:07", "elapsed": 29142.05383682251, "delta": 17.303898572921753}, "costs": {"total_cost": 169.03829253159884, "time_cost": 71.88, "final_distance_cost": 1.831780001387401, "oscillation_cost": 20.467504900279348, "completition_cost": 0.0, "overshoot_cost": 51.39168631207893, "power_cost": 12.053191931152345, "noise_cost": 11.414129386700818, "n_waypoints_completed": 9, "tot_waypoints": 9}}
{"target": -170.9071248997703, "params": {"k_pid_pos": [0.7267204892592428, 0.003371837084590023, 0.009647407235084783], "k_pid_alt": [2.0, 0.00014132778890064363, 0.0023141104313778083], "k_pid_att": [22.276612526756978, 4.427635988230082, 0.5486391695380357], "k_pid_yaw": [0.5, 1e-06, 0.1], "k_pid_hsp": [0.13970914754255498, 0.006320825383071543, 0.0], "k_pid_vsp": [219.0575948696096, 229.5800036078106, 1.1340887045597754]}, "datetime": {"datetime": "2025-08-20 19:58:22", "elapsed": 29157.178807497025, "delta": 15.12497067451477}, "costs": {"total_cost": 170.9071248997703, "time_cost": 70.224, "final_distance_cost": 1.8251549138012915, "oscillation_cost": 24.635358214486505, "completition_cost": 0.0, "overshoot_cost": 50.55106914146027, "power_cost": 12.285053149414063, "noise_cost": 11.386489480608189, "n_waypoints_completed": 9, "tot_waypoints": 9}}
{"target": -169.2957306152663, "params": {"k_pid_pos": [0.6768625183786909, 0.003607930996592776, 0.010620442715612495], "k_pid_alt": [1.2627852547848863, 0.00013835441427681282, 0.0018568700752198983], "k_pid_att": [21.443862872012815, 5.767472094841075, 0.7268900040953196], "k_pid_yaw": [0.5, 1e-06, 0.1], "k_pid_hsp": [0.12058254568718489, 0.006258453759334977, 0.0], "k_pid_vsp": [214.1293313455593, 154.31086017157307, 0.507283659404706]}, "datetime": {"datetime": "2025-08-20 19:58:38", "elapsed": 29173.4608874321, "delta": 16.282079935073853}, "costs": {"total_cost": 169.2957306152663, "time_cost": 70.584, "final_distance_cost": 1.8286387876049355, "oscillation_cost": 23.937756299433055, "completition_cost": 0.0, "overshoot_cost": 50.08804925323514, "power_cost": 11.739702856445312, "noise_cost": 11.117583418547854, "n_waypoints_completed": 9, "tot_waypoints": 9}}
{"target": -170.31868185578222, "params": {"k_pid_pos": [0.538401361973624, 0.003405987359561891, 0.008521833218993349], "k_pid_alt": [2.0, 0.00014826165450334338, 0.002326882044444037], "k_pid_att": [27.93759131380337, 5.688672370659561, 0.7851693531213103], "k_pid_yaw": [0.5, 1e-06, 0.1], "k_pid_hsp": [0.10680280219565895, 0.004800639726642655, 0.0], "k_pid_vsp": [202.47634411247384, 258.60326993119605, 0.6785261037332234]}, "datetime": {"datetime": "2025-08-20 19:58:54", "elapsed": 29189.20238161087, "delta": 15.741494178771973}, "costs": {"total_cost": 170.31868185578222, "time_cost": 72.016, "final_distance_cost": 1.8357695533621214, "oscillation_cost": 20.910851974195275, "completition_cost": 0.0, "overshoot_cost": 51.180404834663534, "power_cost": 12.591623498535157, "noise_cost": 11.784031995026146, "n_waypoints_completed": 9, "tot_waypoints": 9}}
{"target": -184.55801951784943, "params": {"k_pid_pos": [0.33165210799918676, 0.0038381112639125753, 0.01001640412181944], "k_pid_alt": [1.5775454340250914, 0.00013401635733210242, 0.0022641645640497903], "k_pid_att": [39.29654588066503, 3.3017505424154847, 0.6277194392085313], "k_pid_yaw": [0.5, 1e-06, 0.1], "k_pid_hsp": [0.1319411897810564, 0.005347981022860958, 0.0], "k_pid_vsp": [210.72358531502843, 242.02967022083627, 0.8365689670244842]}, "datetime": {"datetime": "2025-08-20 19:59:15", "elapsed": 29209.99486231804, "delta": 20.79248070716858}, "costs": {"total_cost": 184.55801951784943, "time_cost": 84.912, "final_distance_cost": 1.85718227308189, "oscillation_cost": 18.01578194181591, "completition_cost": 0.0, "overshoot_cost": 51.61832845168262, "power_cost": 13.717782153320313, "noise_cost": 14.436944697948679, "n_waypoints_completed": 9, "tot_waypoints": 9}}
{"target": -169.4203963545535, "params": {"k_pid_pos": [0.7385413791505405, 0.004792067801510148, 0.005658918340564714], "k_pid_alt": [1.716544677430982, 0.00012915611640850345, 0.0021669842026641388], "k_pid_att": [36.79584345783829, 6.112574761615993, 0.7983269284202942], "k_pid_yaw": [0.5, 1e-06, 0.1], "k_pid_hsp": [0.11895355504896854, 0.007973594098711557, 0.0], "k_pid_vsp": [163.75978749014715, 265.9749372404887, 0.616994656922956]}, "datetime": {"datetime": "2025-08-20 19:59:31", "elapsed": 29226.452355861664, "delta": 16.457493543624878}, "costs": {"total_cost": 169.4203963545535, "time_cost": 69.84, "final_distance_cost": 1.79492264893816, "oscillation_cost": 24.995548544330134, "completition_cost": 0.0, "overshoot_cost": 50.26532278196872, "power_cost": 11.51970028076172, "noise_cost": 11.004902098554757, "n_waypoints_completed": 9, "tot_waypoints": 9}}
{"target": -169.44703067086888, "params": {"k_pid_pos": [0.6150755250619304, 0.0032426184049710537, 0.010657938057323199], "k_pid_alt": [2.0, 8.030560476655893e-05, 0.0021598418182080647], "k_pid_att": [26.7116896757768, 8.516901129065678, 0.7162720068497923], "k_pid_yaw": [0.5, 1e-06, 0.1], "k_pid_hsp": [0.0953519266331629, 0.008027103181715322, 0.0], "k_pid_vsp": [159.85525218989008, 234.629311216658, 1.0073405165192029]}, "datetime": {"datetime": "2025-08-20 19:59:47", "elapsed": 29241.941038131714, "delta": 15.488682270050049}, "costs": {"total_cost": 169.44703067086888, "time_cost": 71.248, "final_distance_cost": 1.8063291613744523, "oscillation_cost": 22.143298148327236, "completition_cost": 0.0, "overshoot_cost": 50.92202618707061, "power_cost": 12.018833911132813, "noise_cost": 11.308543262963777, "n_waypoints_completed": 9, "tot_waypoints": 9}}
{"target": -173.34770956771018, "params": {"k_pid_pos": [0.6374691936999036, 0.004930786359925698, 0.0138599726410096], "k_pid_alt": [2.0, 0.00012025206474199665, 0.001623792558689683], "k_pid_att": [37.1651397159279, 4.828297869223407, 0.6935267411857717], "k_pid_yaw": [0.5, 1e-06, 0.1], "k_pid_hsp": [0.06922735254936004, 0.005065068602631354, 0.0], "k_pid_vsp": [190.79984927522165, 204.4071735587456, 0.9975652413597986]}, "datetime": {"datetime": "2025-08-20 20:00:04", "elapsed": 29259.245595932007, "delta": 17.30455780029297}, "costs": {"total_cost": 173.34770956771018, "time_cost": 74.368, "final_distance_cost": 1.7833841026796429, "oscillation_cost": 20.651479013021426, "completition_cost": 0.0, "overshoot_cost": 51.95971679831171, "power_cost": 12.731274621582031, "noise_cost": 11.853855032115378, "n_waypoints_completed": 9, "tot_waypoints": 9}}
{"target": -169.4261525814068, "params": {"k_pid_pos": [0.5517224448872029, 0.0038969788711455296, 0.010947834550966186], "k_pid_alt": [2.0, 0.00014095988727384063, 0.0011937849444428152], "k_pid_att": [22.24936209631062, 7.681409715544896, 0.6455973659113018], "k_pid_yaw": [0.5, 1e-06, 0.1], "k_pid_hsp": [0.10196827436752082, 0.005503962364115367, 0.0], "k_pid_vsp": [248.73750060829866, 267.0723550317379, 0.5189859329351069]}, "datetime": {"datetime": "2025-08-20 20:00:20", "elapsed": 29274.561606884003, "delta": 15.31601095199585}, "costs": {"total_cost": 169.4261525814068, "time_cost": 71.784, "final_distance_cost": 1.812334825127795, "oscillation_cost": 21.35832619973646, "completition_cost": 0.0, "overshoot_cost": 50.77632445308031, "power_cost": 12.103436279296876, "noise_cost": 11.591730824165314, "n_waypoints_completed": 9, "tot_waypoints": 9}}
{"target": -169.6742303106041, "params": {"k_pid_pos": [0.6889333835916537, 0.0037159236241238753, 0.009588778717894679], "k_pid_alt": [1.9499661211954926, 0.00012943522694723283, 0.0028688410699521487], "k_pid_att": [22.707976843429805, 7.07774104680871, 0.6410925746049649], "k_pid_yaw": [0.5, 1e-06, 0.1], "k_pid_hsp": [0.1026514995809011, 0.0068233085114983855, 0.0], "k_pid_vsp": [228.87814043308674, 193.69415014798471, 0.6959415861294169]}, "datetime": {"datetime": "2025-08-20 20:00:37", "elapsed": 29292.085535764694, "delta": 17.52392888069153}, "costs": {"total_cost": 169.6742303106041, "time_cost": 70.624, "final_distance_cost": 1.7956595864676212, "oscillation_cost": 23.47675466421211, "completition_cost": 0.0, "overshoot_cost": 50.81821958693164, "power_cost": 11.810922473144531, "noise_cost": 11.148673999848192, "n_waypoints_completed": 9, "tot_waypoints": 9}}
{"target": -170.85361285526216, "params": {"k_pid_pos": [0.4374346777510733, 0.0036489010748848283, 0.009476397951604385], "k_pid_alt": [2.0, 0.00014638313096582915, 0.0022319078411921402], "k_pid_att": [19.354054924029903, 5.495361378503598, 0.4665914229110915], "k_pid_yaw": [0.5, 1e-06, 0.1], "k_pid_hsp": [0.10434952638160272, 0.0063503904729381375, 0.0], "k_pid_vsp": [215.65161106383576, 192.38224571865416, 0.7743240432277693]}, "datetime": {"datetime": "2025-08-20 20:00:53", "elapsed": 29308.004374742508, "delta": 15.91883897781372}, "costs": {"total_cost": 170.85361285526216, "time_cost": 74.36, "final_distance_cost": 1.8514510901587582, "oscillation_cost": 19.131959174749582, "completition_cost": 0.0, "overshoot_cost": 51.51958015588396, "power_cost": 12.084508422851563, "noise_cost": 11.906114011618273, "n_waypoints_completed": 9, "tot_waypoints": 9}}
{"target": -170.33368087327034, "params": {"k_pid_pos": [0.6434621532793855, 0.0035887614055097263, 0.009639668241439456], "k_pid_alt": [2.0, 0.00015173106890471876, 0.0022744335272747098], "k_pid_att": [21.12734340935117, 6.5987248507121805, 0.6891789802484531], "k_pid_yaw": [0.5, 1e-06, 0.1], "k_pid_hsp": [0.10394676106626506, 0.00538332458677855, 0.0], "k_pid_vsp": [219.7000779968818, 233.29450647319527, 0.6970706570166859]}, "datetime": {"datetime": "2025-08-20 20:01:10", "elapsed": 29324.87105679512, "delta": 16.866682052612305}, "costs": {"total_cost": 170.33368087327034, "time_cost": 70.896, "final_distance_cost": 1.826826915639383, "oscillation_cost": 23.118243552615546, "completition_cost": 0.0, "overshoot_cost": 50.557948075187106, "power_cost": 12.417719750976563, "noise_cost": 11.516942578851708, "n_waypoints_completed": 9, "tot_waypoints": 9}}
{"target": -173.81036940463378, "params": {"k_pid_pos": [0.40770893679682585, 0.002832432569366437, 0.010065243542462786], "k_pid_alt": [1.4594455364704852, 0.00014599785941536212, 0.001847544694675337], "k_pid_att": [23.906803694552973, 2.420182367871496, 0.6527241149505025], "k_pid_yaw": [0.5, 1e-06, 0.1], "k_pid_hsp": [0.10552707055189052, 0.007087427853978221, 0.0], "k_pid_vsp": [240.3032414677101, 223.8343792110329, 1.0950194278679135]}, "datetime": {"datetime": "2025-08-20 20:01:27", "elapsed": 29342.288374185562, "delta": 17.417317390441895}, "costs": {"total_cost": 173.81036940463378, "time_cost": 76.048, "final_distance_cost": 1.8521534190791653, "oscillation_cost": 18.525095366338544, "completition_cost": 0.0, "overshoot_cost": 51.58511363577716, "power_cost": 13.167485607910157, "noise_cost": 12.632521375528725, "n_waypoints_completed": 9, "tot_waypoints": 9}}
{"target": -169.71044469759323, "params": {"k_pid_pos": [0.6558096723933234, 0.004461174622694547, 0.009885440646857521], "k_pid_alt": [2.0, 0.00012559394999677156, 0.002011128422940036], "k_pid_att": [24.88866588148083, 8.037552463894759, 0.6342456675855376], "k_pid_yaw": [0.5, 1e-06, 0.1], "k_pid_hsp": [0.0929816184582292, 0.007528493032379097, 0.0], "k_pid_vsp": [230.05168877621955, 198.9352547556226, 0.6360894425314055]}, "datetime": {"datetime": "2025-08-20 20:01:43", "elapsed": 29357.92487502098, "delta": 15.636500835418701}, "costs": {"total_cost": 169.71044469759323, "time_cost": 71.24, "final_distance_cost": 1.797942531881003, "oscillation_cost": 22.92946581770154, "completition_cost": 0.0, "overshoot_cost": 50.17804135967169, "power_cost": 12.211699560546876, "noise_cost": 11.353295427792144, "n_waypoints_completed": 9, "tot_waypoints": 9}}
{"target": -175.21533785731887, "params": {"k_pid_pos": [0.3913006671977783, 0.004243515153599653, 0.008377945226649287], "k_pid_alt": [1.7517047944875, 0.00013680831415269578, 0.0012812671259315696], "k_pid_att": [33.549622378154545, 4.001954406411196, 0.664972411866427], "k_pid_yaw": [0.5, 1e-06, 0.1], "k_pid_hsp": [0.11057895575913057, 0.006207058670920959, 0.0], "k_pid_vsp": [282.7789586611187, 220.43902481282802, 0.9421316449342431]}, "datetime": {"datetime": "2025-08-20 20:02:01", "elapsed": 29376.129862308502, "delta": 18.204987287521362}, "costs": {"total_cost": 175.21533785731887, "time_cost": 77.024, "final_distance_cost": 1.8535173350786118, "oscillation_cost": 18.43554764037902, "completition_cost": 0.0, "overshoot_cost": 51.80606314317215, "power_cost": 13.187353527832032, "noise_cost": 12.908856210857076, "n_waypoints_completed": 9, "tot_waypoints": 9}}
{"target": -170.86043091095206, "params": {"k_pid_pos": [0.5246725469577139, 0.004899619270139556, 0.0090189833360904], "k_pid_alt": [1.366915008351947, 0.00016001501138158202, 0.0022689261301156163], "k_pid_att": [40.59991799185271, 5.829795320826011, 0.6184298530509652], "k_pid_yaw": [0.5, 1e-06, 0.1], "k_pid_hsp": [0.0771145620701972, 0.005476551670311039, 0.0], "k_pid_vsp": [186.20397459079928, 138.40870780772698, 0.5637173189175811]}, "datetime": {"datetime": "2025-08-20 20:02:17", "elapsed": 29392.003982067108, "delta": 15.874119758605957}, "costs": {"total_cost": 170.86043091095206, "time_cost": 73.624, "final_distance_cost": 1.814876064635125, "oscillation_cost": 19.057778257586936, "completition_cost": 0.0, "overshoot_cost": 52.304332390361296, "power_cost": 12.384856994628906, "noise_cost": 11.674587203739817, "n_waypoints_completed": 9, "tot_waypoints": 9}}
{"target": -173.29162080078777, "params": {"k_pid_pos": [0.6677102156789477, 0.004613088196405002, 0.0092778003440548], "k_pid_alt": [1.8816106919227786, 0.00012485021356352456, 0.001982322639605618], "k_pid_att": [32.047206827800245, 3.2562570084985025, 0.4776474092540521], "k_pid_yaw": [0.5, 1e-06, 0.1], "k_pid_hsp": [0.0732692908375077, 0.004643975895152801, 0.0], "k_pid_vsp": [192.3885558609527, 227.1842252976196, 1.095986692263423]}, "datetime": {"datetime": "2025-08-20 20:02:34", "elapsed": 29408.98844385147, "delta": 16.984461784362793}, "costs": {"total_cost": 173.29162080078777, "time_cost": 73.616, "final_distance_cost": 1.774320378116946, "oscillation_cost": 21.297588214824643, "completition_cost": 0.0, "overshoot_cost": 52.08779455087448, "power_cost": 12.685177819824219, "noise_cost": 11.830739837147478, "n_waypoints_completed": 9, "tot_waypoints": 9}}
{"target": -169.59114619598134, "params": {"k_pid_pos": [0.49741586931639575, 0.001953831683192783, 0.012848110612602243], "k_pid_alt": [1.8526296767833978, 0.0001377051252282853, 0.0019817046831395444], "k_pid_att": [34.79646234594904, 7.090425027368372, 0.5696487115897514], "k_pid_yaw": [0.5, 1e-06, 0.1], "k_pid_hsp": [0.08869459742365561, 0.008793460678421208, 0.0], "k_pid_vsp": [175.6015483509074, 167.17402337256965, 1.2283709447012336]}, "datetime": {"datetime": "2025-08-20 20:02:51", "elapsed": 29425.871277809143, "delta": 16.88283395767212}, "costs": {"total_cost": 169.59114619598134, "time_cost": 72.712, "final_distance_cost": 1.829510961573886, "oscillation_cost": 19.62779463153843, "completition_cost": 0.0, "overshoot_cost": 51.16386288410435, "power_cost": 12.596929943847657, "noise_cost": 11.661047774917035, "n_waypoints_completed": 9, "tot_waypoints": 9}}
{"target": -173.11981493734402, "params": {"k_pid_pos": [1.0094247287939668, 0.0024407532909714405, 0.010473858756074796], "k_pid_alt": [1.996155563716462, 0.00014607898868612828, 0.0018656202366940143], "k_pid_att": [32.68842058681475, 6.412088307557685, 0.6720151552699113], "k_pid_yaw": [0.5, 1e-06, 0.1], "k_pid_hsp": [0.09721641047033125, 0.005489758155699384, 0.0], "k_pid_vsp": [182.46906390469033, 208.7608391137396, 0.9609492782790934]}, "datetime": {"datetime": "2025-08-20 20:03:06", "elapsed": 29441.32206940651, "delta": 15.450791597366333}, "costs": {"total_cost": 173.11981493734402, "time_cost": 69.83200000000001, "final_distance_cost": 1.7978373820047504, "oscillation_cost": 27.5203149698456, "completition_cost": 0.0, "overshoot_cost": 50.66529030757757, "power_cost": 12.246967053222656, "noise_cost": 11.05740522469345, "n_waypoints_completed": 9, "tot_waypoints": 9}}
{"target": -169.81016838705781, "params": {"k_pid_pos": [0.6718425676226697, 0.004203865655238903, 0.007077520766979913], "k_pid_alt": [1.8366045708968723, 6.972741635714108e-05, 0.0015057146272012291], "k_pid_att": [35.016136357751584, 7.461101261323376, 0.5775224821037349], "k_pid_yaw": [0.5, 1e-06, 0.1], "k_pid_hsp": [0.0981056814066487, 0.008269066829746034, 0.0], "k_pid_vsp": [183.0247757311149, 287.99078643316494, 0.6471896093965951]}, "datetime": {"datetime": "2025-08-20 20:03:23", "elapsed": 29457.88715863228, "delta": 16.565089225769043}, "costs": {"total_cost": 169.81016838705781, "time_cost": 70.728, "final_distance_cost": 1.7990570530704766, "oscillation_cost": 23.645058063381114, "completition_cost": 0.0, "overshoot_cost": 50.4266441805024, "power_cost": 12.015143957519532, "noise_cost": 11.196265132584312, "n_waypoints_completed": 9, "tot_waypoints": 9}}
{"target": -170.13075693069064, "params": {"k_pid_pos": [0.7178848815264195, 0.0035012403819289855, 0.010169640979182314], "k_pid_alt": [2.0, 0.00012769033915379396, 0.002465938779134791], "k_pid_att": [44.93109348403541, 7.96885909780076, 0.811348176410121], "k_pid_yaw": [0.5, 1e-06, 0.1], "k_pid_hsp": [0.10686761862714766, 0.005033616199146802, 0.0], "k_pid_vsp": [274.6243783612037, 190.48877460476606, 0.8874259785055937]}, "datetime": {"datetime": "2025-08-20 20:03:38", "elapsed": 29473.023629188538, "delta": 15.136470556259155}, "costs": {"total_cost": 170.13075693069064, "time_cost": 70.552, "final_distance_cost": 1.8125266629047678, "oscillation_cost": 23.925713746481133, "completition_cost": 0.0, "overshoot_cost": 50.806508624405346, "power_cost": 11.918741320800782, "noise_cost": 11.115266576098577, "n_waypoints_completed": 9, "tot_waypoints": 9}}
{"target": -171.3285576065337, "params": {"k_pid_pos": [0.6331816482319234, 0.005626296532704723, 0.006684700297639102], "k_pid_alt": [1.9171220582879467, 0.00011864900323467274, 0.0017651840132853957], "k_pid_att": [31.92187427320371, 5.436858609710323, 0.5284929934410517], "k_pid_yaw": [0.5, 1e-06, 0.1], "k_pid_hsp": [0.0804065878575305, 0.006168829131547956, 0.0], "k_pid_vsp": [178.2168942586787, 239.75924930422659, 0.92491464482845]}, "datetime": {"datetime": "2025-08-20 20:03:55", "elapsed": 29490.07956457138, "delta": 17.055935382843018}, "costs": {"total_cost": 171.3285576065337, "time_cost": 72.696, "final_distance_cost": 1.7784767527494783, "oscillation_cost": 21.453656069980624, "completition_cost": 0.0, "overshoot_cost": 51.51207362237878, "power_cost": 12.392002404785156, "noise_cost": 11.496348756639675, "n_waypoints_completed": 9, "tot_waypoints": 9}}
{"target": -169.6029228728754, "params": {"k_pid_pos": [0.5599333794564023, 0.0031401265503505065, 0.006056469331647993], "k_pid_alt": [2.0, 0.00012482896602468167, 0.001899945819235321], "k_pid_att": [38.67628102549463, 5.765089180574264, 0.7248823390912994], "k_pid_yaw": [0.5, 1e-06, 0.1], "k_pid_hsp": [0.08866971674255053, 0.008039611460739943, 0.0], "k_pid_vsp": [132.730110488782, 153.01761850903245, 0.9058982044734777]}, "datetime": {"datetime": "2025-08-20 20:04:12", "elapsed": 29506.89443206787, "delta": 16.81486749649048}, "costs": {"total_cost": 169.6029228728754, "time_cost": 72.136, "final_distance_cost": 1.808026234940494, "oscillation_cost": 20.81448835523952, "completition_cost": 0.0, "overshoot_cost": 51.311951512096066, "power_cost": 12.085913720703125, "noise_cost": 11.446543049896212, "n_waypoints_completed": 9, "tot_waypoints": 9}}
