{"target": -176.5892808952868, "params": {"k_pid_pos": [1.5303740340184264, 0.009884569642889947, 0.14849075329685937], "k_pid_alt": [2.0, 0.00022563888072212808, 0.12339121994225306], "k_pid_att": [11.06003848918352, 6.789130124541333, 1.0], "k_pid_yaw": [0.5, 1e-06, 0.1], "k_pid_hsp": [0.26998849637841876, 0.019042451396717838, 0.0], "k_pid_vsp": [255.97448801669404, 117.69715845232561, 1.4840566121566159]}, "datetime": {"datetime": "2025-08-20 15:06:31", "elapsed": 11646.103284358978, "delta": 16.59917664527893}, "costs": {"total_cost": 176.5892808952868, "time_cost": 68.544, "final_distance_cost": 1.8159636843746387, "oscillation_cost": 32.71453786885774, "completition_cost": 0.0, "overshoot_cost": 49.95170776473915, "power_cost": 12.417541064453125, "noise_cost": 11.145530512862129, "n_waypoints_completed": 9, "tot_waypoints": 9}}
{"target": -1098.2308273649346, "params": {"k_pid_pos": [0.04597588320258169, 0.02606914305814644, 0.27164984577005397], "k_pid_alt": [1.5434782101893212, 0.00022018960367724887, 0.0], "k_pid_att": [35.02031571801848, 6.532844922429734, 0.48548452000907494], "k_pid_yaw": [0.5, 1e-06, 0.1], "k_pid_hsp": [0.6512854935819264, 0.027906369777927903, 0.0], "k_pid_vsp": [279.40296467548063, 177.62137085263956, 1.7412690996278857]}, "datetime": {"datetime": "2025-08-20 15:06:55", "elapsed": 11669.770946502686, "delta": 23.667662143707275}, "costs": {"total_cost": 1098.2308273649346, "time_cost": 150, "final_distance_cost": 78.06280428925496, "oscillation_cost": 2.6404204577423904, "completition_cost": 777.7777777777778, "overshoot_cost": 60.033186627051165, "power_cost": 15.733237719726564, "noise_cost": 13.983400493381746, "n_waypoints_completed": 2, "tot_waypoints": 9}}
{"target": -179.8389147248286, "params": {"k_pid_pos": [1.804751914072335, 0.0369416615850859, 0.2678582710547413], "k_pid_alt": [1.714333691999906, 0.00011726692739561172, 0.06993275765181695], "k_pid_att": [12.452067966765291, 4.91899842489241, 0.714539677567451], "k_pid_yaw": [0.5, 1e-06, 0.1], "k_pid_hsp": [1.125036463079802, 0.017258762362813904, 0.0], "k_pid_vsp": [237.89915073540547, 121.49686330736115, 2.5556858657134414]}, "datetime": {"datetime": "2025-08-20 15:07:10", "elapsed": 11685.421844005585, "delta": 15.65089750289917}, "costs": {"total_cost": 179.8389147248286, "time_cost": 68.456, "final_distance_cost": 1.7790802243066421, "oscillation_cost": 35.187144533278, "completition_cost": 0.0, "overshoot_cost": 50.23230849136377, "power_cost": 12.804465051269531, "noise_cost": 11.379916424610663, "n_waypoints_completed": 9, "tot_waypoints": 9}}
{"target": -179.33311006298408, "params": {"k_pid_pos": [1.0259574198875638, 0.03958779434890395, 0.31569729921223305], "k_pid_alt": [2.0, 0.0003453651230987502, 0.12712667459201807], "k_pid_att": [17.88041591729313, 3.16799988362238, 1.0], "k_pid_yaw": [0.5, 1e-06, 0.1], "k_pid_hsp": [0.7744362686384262, 0.038033593335886816, 0.0], "k_pid_vsp": [389.9446671492503, 15.80924698162795, 2.8681160509212997]}, "datetime": {"datetime": "2025-08-20 15:07:26", "elapsed": 11701.419457435608, "delta": 15.997613430023193}, "costs": {"total_cost": 179.33311006298408, "time_cost": 71.44800000000001, "final_distance_cost": 1.8445914828998025, "oscillation_cost": 29.80874305848637, "completition_cost": 0.0, "overshoot_cost": 51.1050087395377, "power_cost": 13.048246520996095, "noise_cost": 12.07852026106411, "n_waypoints_completed": 9, "tot_waypoints": 9}}
{"target": -176.75483170775226, "params": {"k_pid_pos": [1.780598606182263, 0.03418772519120387, 0.20823146573371223], "k_pid_alt": [1.855801056536494, 0.00024619075292735157, 0.07127369524218598], "k_pid_att": [41.38133466537909, 9.532703602489597, 1.0], "k_pid_yaw": [0.5, 1e-06, 0.1], "k_pid_hsp": [0.6377217883020946, 0.03396048570606458, 0.0], "k_pid_vsp": [165.7961084462621, 189.17760936511573, 2.3900514158611026]}, "datetime": {"datetime": "2025-08-20 15:07:42", "elapsed": 11717.039995193481, "delta": 15.620537757873535}, "costs": {"total_cost": 176.75483170775226, "time_cost": 68.352, "final_distance_cost": 1.7892662658184209, "oscillation_cost": 32.67710082601599, "completition_cost": 0.0, "overshoot_cost": 50.09859234351419, "power_cost": 12.650325329589844, "noise_cost": 11.187546942813805, "n_waypoints_completed": 9, "tot_waypoints": 9}}
{"target": -175.03844677145315, "params": {"k_pid_pos": [0.821797113187199, 0.06419180270092426, 0.19996364321814655], "k_pid_alt": [1.5317484373870875, 0.00015378268790088048, 0.018368796668588577], "k_pid_att": [48.23422231494006, 4.62227453876923, 1.0], "k_pid_yaw": [0.5, 1e-06, 0.1], "k_pid_hsp": [0.5106574454013099, 0.05173186872358553, 0.0], "k_pid_vsp": [142.41563475857535, 67.7782699485642, 2.9798001389195883]}, "datetime": {"datetime": "2025-08-20 15:07:59", "elapsed": 11734.107628107071, "delta": 17.067632913589478}, "costs": {"total_cost": 175.03844677145315, "time_cost": 71.28, "final_distance_cost": 1.8401761453506125, "oscillation_cost": 27.052626695393304, "completition_cost": 0.0, "overshoot_cost": 50.26871928443987, "power_cost": 12.57047801513672, "noise_cost": 12.026446631132632, "n_waypoints_completed": 9, "tot_waypoints": 9}}
{"target": -175.2831794446678, "params": {"k_pid_pos": [0.9806775806007564, 0.020912329291684194, 0.3627821586055557], "k_pid_alt": [1.7306483568641182, 0.0001758894864068923, 0.026564583996990354], "k_pid_att": [25.94102630375872, 5.100622517845911, 0.7552599544270836], "k_pid_yaw": [0.5, 1e-06, 0.1], "k_pid_hsp": [0.5697445806242696, 0.0183142918704236, 0.0], "k_pid_vsp": [269.95275174194745, 152.60851599151246, 2.205117507166823]}, "datetime": {"datetime": "2025-08-20 15:08:17", "elapsed": 11752.426857948303, "delta": 18.3192298412323}, "costs": {"total_cost": 175.2831794446678, "time_cost": 71.48, "final_distance_cost": 1.8475599799798028, "oscillation_cost": 27.338390374522277, "completition_cost": 0.0, "overshoot_cost": 50.245393938841914, "power_cost": 12.476929003906251, "noise_cost": 11.894906147417531, "n_waypoints_completed": 9, "tot_waypoints": 9}}
{"target": -175.1282649687364, "params": {"k_pid_pos": [1.4981955373158466, 0.014551638601346922, 0.20537987676058944], "k_pid_alt": [2.0, 6.171051137883293e-05, 0.04501552458563699], "k_pid_att": [41.70053680104266, 3.2242363205057463, 0.9117788799699699], "k_pid_yaw": [0.5, 1e-06, 0.1], "k_pid_hsp": [0.45326814700802576, 0.031155767406053424, 0.0], "k_pid_vsp": [257.7280950720629, 165.85815859033121, 2.887244564164567]}, "datetime": {"datetime": "2025-08-20 15:08:35", "elapsed": 11769.687098026276, "delta": 17.260240077972412}, "costs": {"total_cost": 175.1282649687364, "time_cost": 69.048, "final_distance_cost": 1.8244454376872679, "oscillation_cost": 30.515474335672977, "completition_cost": 0.0, "overshoot_cost": 49.842366987280265, "power_cost": 12.607310534667969, "noise_cost": 11.290667673427928, "n_waypoints_completed": 9, "tot_waypoints": 9}}
{"target": -178.16573310103584, "params": {"k_pid_pos": [1.2730343044221857, 0.05781682740494152, 0.30954265746975734], "k_pid_alt": [2.0, 2.7881255237839147e-05, 0.10284129064151055], "k_pid_att": [42.99966562310371, 2.3217486704670134, 1.0], "k_pid_yaw": [0.5, 1e-06, 0.1], "k_pid_hsp": [1.510362167097471, 0.0, 0.0], "k_pid_vsp": [319.6123611882537, 175.12141006134743, 2.3323209982702235]}, "datetime": {"datetime": "2025-08-20 15:08:51", "elapsed": 11786.39468884468, "delta": 16.70759081840515}, "costs": {"total_cost": 178.16573310103584, "time_cost": 69.68, "final_distance_cost": 1.8299169351707225, "oscillation_cost": 31.426026509155427, "completition_cost": 0.0, "overshoot_cost": 50.54575224694277, "power_cost": 12.851882263183594, "noise_cost": 11.832155146583277, "n_waypoints_completed": 9, "tot_waypoints": 9}}
{"target": -176.8905045021655, "params": {"k_pid_pos": [1.8388582391312447, 0.02980254180342524, 0.5255587775372532], "k_pid_alt": [2.0, 0.00027747624063284777, 0.09242717470108193], "k_pid_att": [49.9980019875018, 5.793918693968944, 0.417035430855711], "k_pid_yaw": [0.5, 1e-06, 0.1], "k_pid_hsp": [0.15506320634969037, 0.010522956695453863, 0.0], "k_pid_vsp": [337.0185034290762, 53.635550448379036, 1.333286766858044]}, "datetime": {"datetime": "2025-08-20 15:09:08", "elapsed": 11803.32739686966, "delta": 16.932708024978638}, "costs": {"total_cost": 176.8905045021655, "time_cost": 69.856, "final_distance_cost": 1.7947411668784639, "oscillation_cost": 29.651613819310846, "completition_cost": 0.0, "overshoot_cost": 51.19772666296555, "power_cost": 12.807856201171875, "noise_cost": 11.582566651838759, "n_waypoints_completed": 9, "tot_waypoints": 9}}
{"target": -175.62725812706634, "params": {"k_pid_pos": [1.6463644628618415, 0.035543869633803814, 0.4087510137241332], "k_pid_alt": [2.0, 0.0001224461634022762, 0.0889951174633476], "k_pid_att": [30.114812508738016, 7.2728851528528295, 1.0], "k_pid_yaw": [0.5, 1e-06, 0.1], "k_pid_hsp": [0.690883936268528, 0.017520488602154015, 0.0], "k_pid_vsp": [161.47205411731647, 164.15636810711723, 3.2516143143697605]}, "datetime": {"datetime": "2025-08-20 15:09:26", "elapsed": 11820.6303627491, "delta": 17.302965879440308}, "costs": {"total_cost": 175.62725812706634, "time_cost": 69.056, "final_distance_cost": 1.8235602340179855, "oscillation_cost": 30.296480623998967, "completition_cost": 0.0, "overshoot_cost": 50.2553444873289, "power_cost": 12.733898413085939, "noise_cost": 11.46197436863453, "n_waypoints_completed": 9, "tot_waypoints": 9}}
{"target": -206.47220396616834, "params": {"k_pid_pos": [0.3501572507993585, 0.03805499253676034, 0.3280524694950857], "k_pid_alt": [2.0, 4.6524516753268204e-05, 0.02779374942831916], "k_pid_att": [25.645517316896242, 4.089223831046753, 0.7292525092614556], "k_pid_yaw": [0.5, 1e-06, 0.1], "k_pid_hsp": [0.33262009007272847, 0.005533813886483242, 0.0], "k_pid_vsp": [371.36100993477424, 116.14098990203706, 2.0400694858497244]}, "datetime": {"datetime": "2025-08-20 15:09:50", "elapsed": 11845.430304527283, "delta": 24.799941778182983}, "costs": {"total_cost": 206.47220396616834, "time_cost": 96.57600000000001, "final_distance_cost": 1.8528941928174512, "oscillation_cost": 20.331074339753233, "completition_cost": 0.0, "overshoot_cost": 55.12809033318479, "power_cost": 15.830017834472658, "noise_cost": 16.75412726594021, "n_waypoints_completed": 9, "tot_waypoints": 9}}
{"target": -176.56053482468982, "params": {"k_pid_pos": [0.986150389648674, 0.04692623641016847, 0.2671832855484429], "k_pid_alt": [2.0, 8.105326308838158e-05, 0.024794777393966766], "k_pid_att": [48.62064771827585, 4.1757422035048295, 0.08978963168479863], "k_pid_yaw": [0.5, 1e-06, 0.1], "k_pid_hsp": [0.4092304429987991, 0.0258804539458677, 0.0], "k_pid_vsp": [293.0340012509125, 151.384971551054, 3.6080310287568254]}, "datetime": {"datetime": "2025-08-20 15:10:07", "elapsed": 11861.74732375145, "delta": 16.31701922416687}, "costs": {"total_cost": 176.56053482468982, "time_cost": 70.136, "final_distance_cost": 1.8454479965774644, "oscillation_cost": 30.14521299313679, "completition_cost": 0.0, "overshoot_cost": 50.08258157023459, "power_cost": 12.646973034667969, "noise_cost": 11.704319230072988, "n_waypoints_completed": 9, "tot_waypoints": 9}}
{"target": -177.0511506379868, "params": {"k_pid_pos": [1.602935107704037, 0.00877995769148124, 0.265226592609306], "k_pid_alt": [1.7933337982015505, 0.0001091524612136733, 0.06826084649321962], "k_pid_att": [31.130464998260692, 4.935225545201979, 0.6967935258872844], "k_pid_yaw": [0.5, 1e-06, 0.1], "k_pid_hsp": [1.0221113436834803, 0.019909397282424034, 0.0], "k_pid_vsp": [400.0, 148.37779044793504, 2.453061031563384]}, "datetime": {"datetime": "2025-08-20 15:10:23", "elapsed": 11878.148029327393, "delta": 16.400705575942993}, "costs": {"total_cost": 177.0511506379868, "time_cost": 68.928, "final_distance_cost": 1.8133730797856629, "oscillation_cost": 32.0448945441884, "completition_cost": 0.0, "overshoot_cost": 50.462829767277945, "power_cost": 12.44068486328125, "noise_cost": 11.361368383453549, "n_waypoints_completed": 9, "tot_waypoints": 9}}
{"target": -188.1224485496967, "params": {"k_pid_pos": [0.5945674066954495, 0.028653137919632022, 0.3140098925333073], "k_pid_alt": [2.0, 0.0001968121177848846, 0.0], "k_pid_att": [44.99629562726053, 2.804937104378004, 0.21444332220345919], "k_pid_yaw": [0.5, 1e-06, 0.1], "k_pid_hsp": [0.4824274083001137, 0.02988213130210003, 0.0], "k_pid_vsp": [156.14625292194788, 141.20328999622913, 2.240687591210952]}, "datetime": {"datetime": "2025-08-20 15:10:42", "elapsed": 11896.90022969246, "delta": 18.75220036506653}, "costs": {"total_cost": 188.1224485496967, "time_cost": 80.288, "final_distance_cost": 1.8564181845084362, "oscillation_cost": 27.776708487860976, "completition_cost": 0.0, "overshoot_cost": 51.184785501990575, "power_cost": 13.531728833007813, "noise_cost": 13.484807542328928, "n_waypoints_completed": 9, "tot_waypoints": 9}}
{"target": -229.8550258700649, "params": {"k_pid_pos": [1.3190314364541844, 0.028370332557598202, 0.36211667411543397], "k_pid_alt": [2.0, 0.0002003372358247705, 0.054903884178665686], "k_pid_att": [60.45917653351696, 6.444226185500827, 0.21243415288344694], "k_pid_yaw": [0.5, 1e-06, 0.1], "k_pid_hsp": [0.7491385317678304, 0.026624524398241412, 0.0], "k_pid_vsp": [0.0, 128.78048782047608, 1.9905403654701876]}, "datetime": {"datetime": "2025-08-20 15:11:03", "elapsed": 11918.39757180214, "delta": 21.497342109680176}, "costs": {"total_cost": 229.8550258700649, "time_cost": 90.76, "final_distance_cost": 1.7663784117747385, "oscillation_cost": 49.92518556399306, "completition_cost": 0.0, "overshoot_cost": 56.97397060524847, "power_cost": 17.63181015625, "noise_cost": 12.797681132798635, "n_waypoints_completed": 9, "tot_waypoints": 9}}
{"target": -175.6065505535789, "params": {"k_pid_pos": [1.45733858436756, 0.046569493287456666, 0.21143676510397716], "k_pid_alt": [2.0, 0.00017637258763437554, 0.0], "k_pid_att": [49.43823126133152, 5.730796555839937, 0.8515671658858119], "k_pid_yaw": [0.5, 1e-06, 0.1], "k_pid_hsp": [0.541541436891945, 0.017770460467243798, 0.0], "k_pid_vsp": [364.0938625430669, 196.4596202772258, 2.3738632578441314]}, "datetime": {"datetime": "2025-08-20 15:11:19", "elapsed": 11933.83430480957, "delta": 15.43673300743103}, "costs": {"total_cost": 175.6065505535789, "time_cost": 69.2, "final_distance_cost": 1.803215729084424, "oscillation_cost": 30.262349808587047, "completition_cost": 0.0, "overshoot_cost": 50.291271404063856, "power_cost": 12.605627539062501, "noise_cost": 11.444086072781065, "n_waypoints_completed": 9, "tot_waypoints": 9}}
{"target": -177.7788235489704, "params": {"k_pid_pos": [1.1802519348462361, 0.0074480379007770894, 0.26492898409498916], "k_pid_alt": [1.8363739162105583, 3.429308491644914e-05, 0.06380603275898712], "k_pid_att": [53.13906820328065, 4.602585405334335, 1.0], "k_pid_yaw": [0.5, 1e-06, 0.1], "k_pid_hsp": [0.9403835223075158, 0.023482593434695203, 0.0], "k_pid_vsp": [247.59306736306903, 151.2909580100342, 2.7975948495885423]}, "datetime": {"datetime": "2025-08-20 15:11:35", "elapsed": 11949.935050725937, "delta": 16.100745916366577}, "costs": {"total_cost": 177.7788235489704, "time_cost": 69.848, "final_distance_cost": 1.840530693000742, "oscillation_cost": 31.310848714377702, "completition_cost": 0.0, "overshoot_cost": 50.30768246277879, "power_cost": 12.67076766357422, "noise_cost": 11.80099401523894, "n_waypoints_completed": 9, "tot_waypoints": 9}}
{"target": -175.50522391077163, "params": {"k_pid_pos": [1.9158429733582174, 0.04158027825812367, 0.4623920372580121], "k_pid_alt": [2.0, 0.00011744756598449854, 0.023936436534492043], "k_pid_att": [31.563294163831923, 5.738073771259779, 0.8643754220435244], "k_pid_yaw": [0.5, 1e-06, 0.1], "k_pid_hsp": [0.6485574943965485, 0.03368222146199696, 0.0], "k_pid_vsp": [344.39315950973054, 184.61854307744895, 0.5894467518444296]}, "datetime": {"datetime": "2025-08-20 15:11:51", "elapsed": 11966.017084360123, "delta": 16.08203363418579}, "costs": {"total_cost": 175.50522391077163, "time_cost": 68.92, "final_distance_cost": 1.8135938489506274, "oscillation_cost": 30.577399835559127, "completition_cost": 0.0, "overshoot_cost": 50.398752618662414, "power_cost": 12.456942236328125, "noise_cost": 11.338535371271346, "n_waypoints_completed": 9, "tot_waypoints": 9}}
{"target": -175.30866753601316, "params": {"k_pid_pos": [1.5597184827751427, 0.041825448672434984, 0.34273271715909837], "k_pid_alt": [1.6460433041192666, 0.00020678462181915506, 0.0], "k_pid_att": [35.80591075245927, 6.084514797074945, 0.4662375007191855], "k_pid_yaw": [0.5, 1e-06, 0.1], "k_pid_hsp": [0.35575728201466467, 0.011161800451413835, 0.0], "k_pid_vsp": [214.06732649348984, 54.960772987437565, 3.6492015162197204]}, "datetime": {"datetime": "2025-08-20 15:12:08", "elapsed": 11982.986806154251, "delta": 16.969721794128418}, "costs": {"total_cost": 175.30866753601316, "time_cost": 69.57600000000001, "final_distance_cost": 1.8248933645662746, "oscillation_cost": 29.93846179324374, "completition_cost": 0.0, "overshoot_cost": 50.329928708352035, "power_cost": 12.313847595214844, "noise_cost": 11.325536074636247, "n_waypoints_completed": 9, "tot_waypoints": 9}}
{"target": -175.93605509229542, "params": {"k_pid_pos": [1.1785855010863144, 0.056353490026404024, 0.2939369624577681], "k_pid_alt": [2.0, 0.00017177712880193973, 0.022868062438615198], "k_pid_att": [38.58728853583961, 3.4267858238720437, 1.0], "k_pid_yaw": [0.5, 1e-06, 0.1], "k_pid_hsp": [0.5908993264141968, 0.015766535326434104, 0.0], "k_pid_vsp": [327.47605431510755, 227.16391564510482, 3.2589345028329983]}, "datetime": {"datetime": "2025-08-20 15:12:24", "elapsed": 11998.620805501938, "delta": 15.633999347686768}, "costs": {"total_cost": 175.93605509229542, "time_cost": 69.784, "final_distance_cost": 1.8332863829488357, "oscillation_cost": 29.53791887118818, "completition_cost": 0.0, "overshoot_cost": 50.26303499501797, "power_cost": 12.825436584472657, "noise_cost": 11.692378258667762, "n_waypoints_completed": 9, "tot_waypoints": 9}}
{"target": -171.24591295822586, "params": {"k_pid_pos": [0.934966680234759, 0.005518825666032901, 0.07604353228521081], "k_pid_alt": [1.5373572298818345, 0.00023248368505476128, 0.04225307653676958], "k_pid_att": [41.323431558245275, 5.501886552637203, 0.8931907556867591], "k_pid_yaw": [0.5, 1e-06, 0.1], "k_pid_hsp": [0.10930844469090721, 0.00948961823073168, 0.0], "k_pid_vsp": [257.6576415180228, 96.05057564246876, 1.1391569192174147]}, "datetime": {"datetime": "2025-08-20 15:12:39", "elapsed": 12014.238267660141, "delta": 15.617462158203125}, "costs": {"total_cost": 171.24591295822586, "time_cost": 69.944, "final_distance_cost": 1.7794390753881386, "oscillation_cost": 26.442282093887716, "completition_cost": 0.0, "overshoot_cost": 50.21555124643504, "power_cost": 11.808613146972657, "noise_cost": 11.056027395542328, "n_waypoints_completed": 9, "tot_waypoints": 9}}
{"target": -184.6215972599355, "params": {"k_pid_pos": [0.7910673355057026, 0.045214321057969215, 0.35447987186788127], "k_pid_alt": [2.0, 7.094903138689632e-05, 0.08892867857172763], "k_pid_att": [59.5209484486221, 5.880395405194686, 0.3464816325721656], "k_pid_yaw": [0.5, 1e-06, 0.1], "k_pid_hsp": [0.7553153704978023, 0.03468939441523159, 0.0], "k_pid_vsp": [71.96940424097444, 89.7590157034344, 2.0770139529121736]}, "datetime": {"datetime": "2025-08-20 15:12:56", "elapsed": 12031.222196102142, "delta": 16.983928442001343}, "costs": {"total_cost": 184.6215972599355, "time_cost": 75.648, "final_distance_cost": 1.8412410177129104, "oscillation_cost": 30.023330379738848, "completition_cost": 0.0, "overshoot_cost": 50.84196391474307, "power_cost": 13.458496472167969, "noise_cost": 12.8085654755727, "n_waypoints_completed": 9, "tot_waypoints": 9}}
{"target": -219.03485366010767, "params": {"k_pid_pos": [1.1141833305924125, 0.029591404831375626, 0.3787230494839106], "k_pid_alt": [2.0, 9.414350199527935e-05, 0.061089981533714734], "k_pid_att": [31.097670438756484, 5.637490468823127, 0.10076705258558176], "k_pid_yaw": [0.5, 1e-06, 0.1], "k_pid_hsp": [0.46085816910088423, 0.02176178668672597, 0.0], "k_pid_vsp": [0.0, 102.36589055803722, 1.8152199770528135]}, "datetime": {"datetime": "2025-08-20 15:13:16", "elapsed": 12051.356842756271, "delta": 20.13464665412903}, "costs": {"total_cost": 219.03485366010767, "time_cost": 88.64, "final_distance_cost": 1.8242751228808984, "oscillation_cost": 43.07533784532746, "completition_cost": 0.0, "overshoot_cost": 55.969601268964084, "power_cost": 16.957486608886718, "noise_cost": 12.568152814048531, "n_waypoints_completed": 9, "tot_waypoints": 9}}
{"target": -184.70355329169874, "params": {"k_pid_pos": [0.6418892970567698, 0.02506427683625696, 0.28534885550920425], "k_pid_alt": [1.3516149755457036, 0.00022382813422743106, 0.09034389361223914], "k_pid_att": [36.188345534394756, 6.345396079712934, 0.6410911839255693], "k_pid_yaw": [0.5, 1e-06, 0.1], "k_pid_hsp": [0.5468311139140223, 0.0, 0.0], "k_pid_vsp": [345.6644691805437, 161.93119973006387, 1.881543229765656]}, "datetime": {"datetime": "2025-08-20 15:13:34", "elapsed": 12069.211824655533, "delta": 17.854981899261475}, "costs": {"total_cost": 184.70355329169874, "time_cost": 79.744, "final_distance_cost": 1.8490124522590332, "oscillation_cost": 25.934628837147294, "completition_cost": 0.0, "overshoot_cost": 50.40981591611548, "power_cost": 13.447571118164063, "noise_cost": 13.318524968012868, "n_waypoints_completed": 9, "tot_waypoints": 9}}
