{"target": -171.5157012473406, "params": {"k_pid_pos": [0.6074487483314486, 0.01665338162076728, 0.0], "k_pid_alt": [1.746919434806934, 7.334181507537128e-05, 0.030417860835270604], "k_pid_att": [42.89114499235696, 4.578424915864454, 0.5955660010589949], "k_pid_yaw": [0.5, 1e-06, 0.1], "k_pid_hsp": [0.09755552481303686, 0.012677182202922932, 0.0], "k_pid_vsp": [206.35304287197098, 110.85780813346311, 2.514157451558846]}, "datetime": {"datetime": "2025-08-20 15:42:48", "elapsed": 13822.844336032867, "delta": 15.767016649246216}, "costs": {"total_cost": 171.5157012473406, "time_cost": 71.888, "final_distance_cost": 1.8065190724187865, "oscillation_cost": 23.04979307897962, "completition_cost": 0.0, "overshoot_cost": 50.621276146786904, "power_cost": 12.557579614257813, "noise_cost": 11.592533334897476, "n_waypoints_completed": 9, "tot_waypoints": 9}}
{"target": -175.59207635322343, "params": {"k_pid_pos": [1.026265660860244, 0.008725309807645834, 0.0], "k_pid_alt": [0.8523578575965987, 0.00014622697690988174, 0.045527384936281313], "k_pid_att": [43.234165235757644, 5.1256161667073235, 1.0], "k_pid_yaw": [0.5, 1e-06, 0.1], "k_pid_hsp": [0.24858367026318873, 0.011312452338141635, 0.0], "k_pid_vsp": [118.20145881750443, 87.26460396078306, 1.3581833834129464]}, "datetime": {"datetime": "2025-08-20 15:43:04", "elapsed": 13838.716256380081, "delta": 15.871920347213745}, "costs": {"total_cost": 175.59207635322343, "time_cost": 70.416, "final_distance_cost": 1.8192646327744915, "oscillation_cost": 29.664019640578324, "completition_cost": 0.0, "overshoot_cost": 49.629419034298216, "power_cost": 12.613916284179687, "noise_cost": 11.449456761392728, "n_waypoints_completed": 9, "tot_waypoints": 9}}
{"target": -175.67168703311845, "params": {"k_pid_pos": [0.9819231433825371, 0.011867048054403152, 0.04372870008663613], "k_pid_alt": [0.8535689013518631, 8.191885524437698e-05, 0.05608285643047987], "k_pid_att": [60.905657276246956, 5.444891333964802, 0.9456203354265277], "k_pid_yaw": [0.5, 1e-06, 0.1], "k_pid_hsp": [0.29941558413250685, 0.0, 0.0], "k_pid_vsp": [98.16781050990285, 133.65673172275254, 1.0237798226228942]}, "datetime": {"datetime": "2025-08-20 15:43:19", "elapsed": 13854.429408073425, "delta": 15.713151693344116}, "costs": {"total_cost": 175.67168703311845, "time_cost": 71.12, "final_distance_cost": 1.8278047513228182, "oscillation_cost": 28.912378716323374, "completition_cost": 0.0, "overshoot_cost": 50.04035219450315, "power_cost": 12.323384045410156, "noise_cost": 11.447767325558951, "n_waypoints_completed": 9, "tot_waypoints": 9}}
{"target": -182.48693115736944, "params": {"k_pid_pos": [0.594905627562304, 0.008970065050349849, 0.0], "k_pid_alt": [0.6522451655276901, 0.0001647054656533839, 0.0332116453985093], "k_pid_att": [34.3216591773894, 1.2091643444602973, 1.0], "k_pid_yaw": [0.5, 1e-06, 0.1], "k_pid_hsp": [0.2319958523711988, 0.03381174230859264, 0.0], "k_pid_vsp": [190.9424196593334, 28.074297010932387, 2.0916201694017604]}, "datetime": {"datetime": "2025-08-20 15:43:37", "elapsed": 13871.630215406418, "delta": 17.200807332992554}, "costs": {"total_cost": 182.48693115736944, "time_cost": 77.504, "final_distance_cost": 1.8569928762034764, "oscillation_cost": 26.89712227754617, "completition_cost": 0.0, "overshoot_cost": 50.298852076982016, "power_cost": 13.325088745117188, "noise_cost": 12.60487518152055, "n_waypoints_completed": 9, "tot_waypoints": 9}}
{"target": -173.98216887994528, "params": {"k_pid_pos": [0.9173985027480217, 0.004960378857820322, 0.13154687313405514], "k_pid_alt": [1.3677493554556985, 0.0002526769175143329, 0.050470454353712085], "k_pid_att": [67.16559311510538, 4.77693269196732, 1.0], "k_pid_yaw": [0.5, 1e-06, 0.1], "k_pid_hsp": [0.36020075946710944, 0.019701060148571852, 0.0], "k_pid_vsp": [218.93752073446603, 104.02193613092595, 1.38446018305772]}, "datetime": {"datetime": "2025-08-20 15:43:52", "elapsed": 13887.281031847, "delta": 15.650816440582275}, "costs": {"total_cost": 173.98216887994528, "time_cost": 70.152, "final_distance_cost": 1.8422089325177506, "oscillation_cost": 28.041590096175955, "completition_cost": 0.0, "overshoot_cost": 49.9370795160109, "power_cost": 12.360007458496094, "noise_cost": 11.649282876744593, "n_waypoints_completed": 9, "tot_waypoints": 9}}
{"target": -178.87343480811683, "params": {"k_pid_pos": [1.4682659731514123, 0.01090974596727689, 0.03191691315427394], "k_pid_alt": [1.603385588043805, 0.00011156250226010974, 0.04171599478369536], "k_pid_att": [29.38377358409254, 6.734726403278414, 0.9180163811210283], "k_pid_yaw": [0.5, 1e-06, 0.1], "k_pid_hsp": [0.18466403463395528, 0.036349945623228526, 0.0], "k_pid_vsp": [173.8077393539961, 75.85410317860264, 1.0843899464914535]}, "datetime": {"datetime": "2025-08-20 15:44:08", "elapsed": 13902.76519727707, "delta": 15.48416543006897}, "costs": {"total_cost": 178.87343480811683, "time_cost": 68.728, "final_distance_cost": 1.8025906467915453, "oscillation_cost": 34.851315144590686, "completition_cost": 0.0, "overshoot_cost": 49.77728831104747, "power_cost": 12.488876416015625, "noise_cost": 11.225364289671527, "n_waypoints_completed": 9, "tot_waypoints": 9}}
{"target": -175.20098594732153, "params": {"k_pid_pos": [0.9381466164180724, 0.0008904554424886817, 0.05759484695669614], "k_pid_alt": [1.1017485611072504, 0.00015716472713746165, 0.032660525415603166], "k_pid_att": [78.83823587718986, 5.192912649683274, 0.538469332820081], "k_pid_yaw": [0.5, 1e-06, 0.1], "k_pid_hsp": [0.2170016729065006, 0.0, 0.0], "k_pid_vsp": [206.50825896719843, 83.27035821965767, 0.8189826179365283]}, "datetime": {"datetime": "2025-08-20 15:44:23", "elapsed": 13918.099318265915, "delta": 15.334120988845825}, "costs": {"total_cost": 175.20098594732153, "time_cost": 70.272, "final_distance_cost": 1.835864944608435, "oscillation_cost": 28.538220307121637, "completition_cost": 0.0, "overshoot_cost": 50.667851584381914, "power_cost": 12.375831933593751, "noise_cost": 11.51121717761578, "n_waypoints_completed": 9, "tot_waypoints": 9}}
{"target": -175.26164118229988, "params": {"k_pid_pos": [0.6698383332429617, 0.023466240063679814, 0.0], "k_pid_alt": [2.0, 0.00012606539982188943, 0.036133367383085584], "k_pid_att": [28.669868173607753, 7.543716043757777, 1.0], "k_pid_yaw": [0.5, 1e-06, 0.1], "k_pid_hsp": [0.2865357696715225, 0.02231968651202702, 0.0], "k_pid_vsp": [133.3437755247866, 21.96187876212649, 0.5416676221819257]}, "datetime": {"datetime": "2025-08-20 15:44:39", "elapsed": 13934.249960660934, "delta": 16.15064239501953}, "costs": {"total_cost": 175.26164118229988, "time_cost": 71.608, "final_distance_cost": 1.8355297628589315, "oscillation_cost": 26.35413735412189, "completition_cost": 0.0, "overshoot_cost": 50.88140450314626, "power_cost": 12.611251989746094, "noise_cost": 11.97131757242672, "n_waypoints_completed": 9, "tot_waypoints": 9}}
{"target": -174.42367433753247, "params": {"k_pid_pos": [0.6484708991821058, 0.022013166008370652, 0.009048151263665946], "k_pid_alt": [1.189806191307727, 6.543626468495123e-05, 0.03505293390263373], "k_pid_att": [21.872034634303958, 4.096084210244093, 0.6015718312957768], "k_pid_yaw": [0.5, 1e-06, 0.1], "k_pid_hsp": [0.23585568907829182, 0.0, 0.0], "k_pid_vsp": [104.84179148817861, 87.39522132465777, 1.4738974140887968]}, "datetime": {"datetime": "2025-08-20 15:44:56", "elapsed": 13950.725892305374, "delta": 16.475931644439697}, "costs": {"total_cost": 174.42367433753247, "time_cost": 72.368, "final_distance_cost": 1.8443473696652277, "oscillation_cost": 25.93624138586218, "completition_cost": 0.0, "overshoot_cost": 50.10602053759593, "power_cost": 12.407890771484375, "noise_cost": 11.761174272924775, "n_waypoints_completed": 9, "tot_waypoints": 9}}
{"target": -177.00572098638582, "params": {"k_pid_pos": [1.177385793071674, 0.038121736350884276, 0.0], "k_pid_alt": [0.9865359496460923, 0.00015520768201704048, 0.028135272002119554], "k_pid_att": [39.8822553340418, 4.936893388796766, 0.75883471950642], "k_pid_yaw": [0.5, 1e-06, 0.1], "k_pid_hsp": [0.20288357417822134, 0.0174156571255585, 0.0], "k_pid_vsp": [270.53699152056356, 70.00452561239246, 0.3399361756276085]}, "datetime": {"datetime": "2025-08-20 15:45:11", "elapsed": 13966.01791214943, "delta": 15.292019844055176}, "costs": {"total_cost": 177.00572098638582, "time_cost": 69.944, "final_distance_cost": 1.7675145716609253, "oscillation_cost": 31.300950928262683, "completition_cost": 0.0, "overshoot_cost": 49.97222488389046, "power_cost": 12.577391809082032, "noise_cost": 11.44363879348973, "n_waypoints_completed": 9, "tot_waypoints": 9}}
{"target": -175.64477211660625, "params": {"k_pid_pos": [1.147045852554273, 0.0012103108248143785, 0.028426281484112192], "k_pid_alt": [1.5672256577355208, 9.091069771769034e-05, 0.038169728236833955], "k_pid_att": [28.9949160365091, 3.3703581191291505, 1.0], "k_pid_yaw": [0.5, 1e-06, 0.1], "k_pid_hsp": [0.24253898141015182, 0.00901555785699678, 0.0], "k_pid_vsp": [201.5788863413627, 61.8071630768712, 1.594774139715109]}, "datetime": {"datetime": "2025-08-20 15:45:26", "elapsed": 13981.469018697739, "delta": 15.451106548309326}, "costs": {"total_cost": 175.64477211660625, "time_cost": 69.21600000000001, "final_distance_cost": 1.820419272838916, "oscillation_cost": 30.281786000720476, "completition_cost": 0.0, "overshoot_cost": 50.13006445502064, "power_cost": 12.6837052734375, "noise_cost": 11.512797114588691, "n_waypoints_completed": 9, "tot_waypoints": 9}}
{"target": -186.96862954791922, "params": {"k_pid_pos": [1.0042228058644393, 0.001647420953323231, 0.08092736206725377], "k_pid_alt": [0.8731085627167925, 0.0002043246177937109, 0.02209439015480506], "k_pid_att": [44.46693039564144, 3.1863269352912336, 0.6942291991952448], "k_pid_yaw": [0.5, 1e-06, 0.1], "k_pid_hsp": [0.050048630101647805, 0.006262634062679969, 0.0], "k_pid_vsp": [155.08684079085276, 101.47598554680206, 0.8611275537550945]}, "datetime": {"datetime": "2025-08-20 15:45:45", "elapsed": 14000.20320391655, "delta": 18.734185218811035}, "costs": {"total_cost": 186.96862954791922, "time_cost": 82.744, "final_distance_cost": 1.7617857249994278, "oscillation_cost": 24.134769366835418, "completition_cost": 0.0, "overshoot_cost": 53.17307479318203, "power_cost": 12.845966528320313, "noise_cost": 12.309033134582048, "n_waypoints_completed": 9, "tot_waypoints": 9}}
{"target": -181.10553436918474, "params": {"k_pid_pos": [0.5663032497891193, 0.010494724686357225, 0.03071663070583253], "k_pid_alt": [1.5787691375001147, 0.00017760473704743346, 0.02947591836142321], "k_pid_att": [46.48775228417745, 3.8330967391765527, 0.9180861143680276], "k_pid_yaw": [0.5, 1e-06, 0.1], "k_pid_hsp": [0.35021002068193224, 0.02430653201046166, 0.0], "k_pid_vsp": [115.77456863180527, 71.91472308340748, 1.2902650802429254]}, "datetime": {"datetime": "2025-08-20 15:46:02", "elapsed": 14017.304166555405, "delta": 17.10096263885498}, "costs": {"total_cost": 181.10553436918474, "time_cost": 75.824, "final_distance_cost": 1.8472449851829362, "oscillation_cost": 26.918600555636758, "completition_cost": 0.0, "overshoot_cost": 50.69119868709871, "power_cost": 13.1326283203125, "noise_cost": 12.691861820953806, "n_waypoints_completed": 9, "tot_waypoints": 9}}
{"target": -177.60652918500193, "params": {"k_pid_pos": [0.6324893952526894, 0.014485236187672201, 0.05459521509669422], "k_pid_alt": [1.8562309273934539, 0.00014587280156859705, 0.024256180294799142], "k_pid_att": [71.17093999793343, 1.8258950789874155, 0.8569683634973032], "k_pid_yaw": [0.5, 1e-06, 0.1], "k_pid_hsp": [0.24473642709919097, 0.0096248945509997, 0.0], "k_pid_vsp": [354.2641193767554, 65.20379938925669, 0.540270871757267]}, "datetime": {"datetime": "2025-08-20 15:46:19", "elapsed": 14033.9546957016, "delta": 16.650529146194458}, "costs": {"total_cost": 177.60652918500193, "time_cost": 73.496, "final_distance_cost": 1.8449151912318957, "oscillation_cost": 26.166448662022503, "completition_cost": 0.0, "overshoot_cost": 51.078882605030216, "power_cost": 12.782249450683594, "noise_cost": 12.238033276033708, "n_waypoints_completed": 9, "tot_waypoints": 9}}
{"target": -201.17592855831606, "params": {"k_pid_pos": [1.3445935173449122, 0.004997118309136799, 0.044931360083579897], "k_pid_alt": [0.37242955033577124, 0.0001384584755825403, 0.028687630922702084], "k_pid_att": [51.16974170588338, 4.525334028677945, 0.21776169515556235], "k_pid_yaw": [0.5, 1e-06, 0.1], "k_pid_hsp": [0.1627013445226322, 0.015822720304438334, 0.0], "k_pid_vsp": [199.38692834764333, 43.2045474076754, 1.8447588742957006]}, "datetime": {"datetime": "2025-08-20 15:46:38", "elapsed": 14052.53930068016, "delta": 18.5846049785614}, "costs": {"total_cost": 201.17592855831606, "time_cost": 83.864, "final_distance_cost": 1.8463747378005766, "oscillation_cost": 35.894322879788774, "completition_cost": 0.0, "overshoot_cost": 50.886482746668456, "power_cost": 15.274449108886719, "noise_cost": 13.41029908517152, "n_waypoints_completed": 9, "tot_waypoints": 9}}
{"target": -173.40561000154347, "params": {"k_pid_pos": [0.5165965281990403, 0.010685638025826992, 0.15274729491338213], "k_pid_alt": [1.3975823058457932, 0.00021518519413287615, 0.040621935358427876], "k_pid_att": [48.24478860166016, 1.9241726174441716, 1.0], "k_pid_yaw": [0.5, 1e-06, 0.1], "k_pid_hsp": [0.06173987249098852, 0.012699088767278285, 0.0], "k_pid_vsp": [114.32062282389684, 88.83667427200383, 1.6453420098149216]}, "datetime": {"datetime": "2025-08-20 15:46:55", "elapsed": 14070.023437738419, "delta": 17.484137058258057}, "costs": {"total_cost": 173.40561000154347, "time_cost": 76.128, "final_distance_cost": 1.818611524709027, "oscillation_cost": 18.458648932073423, "completition_cost": 0.0, "overshoot_cost": 52.28145729003994, "power_cost": 12.543270825195313, "noise_cost": 12.17562142952574, "n_waypoints_completed": 9, "tot_waypoints": 9}}
{"target": -171.92447910979587, "params": {"k_pid_pos": [0.8480004484702784, 0.012725890475655853, 0.028785620663132856], "k_pid_alt": [2.0, 0.00016289098910508, 0.024559215711033183], "k_pid_att": [32.52720548605592, 4.085373054885395, 0.9795028785206538], "k_pid_yaw": [0.5, 1e-06, 0.1], "k_pid_hsp": [0.12917462223800338, 0.016897556745704017, 0.0], "k_pid_vsp": [83.8961349652566, 109.48121472422298, 1.4775364940455022]}, "datetime": {"datetime": "2025-08-20 15:47:10", "elapsed": 14085.507110118866, "delta": 15.483672380447388}, "costs": {"total_cost": 171.92447910979587, "time_cost": 69.872, "final_distance_cost": 1.8293558547334696, "oscillation_cost": 26.819904246132808, "completition_cost": 0.0, "overshoot_cost": 50.06795253814074, "power_cost": 12.159679711914062, "noise_cost": 11.175586758874788, "n_waypoints_completed": 9, "tot_waypoints": 9}}
{"target": -184.37870638718863, "params": {"k_pid_pos": [0.32313679557256586, 0.009808620842017042, 0.017417318354016036], "k_pid_alt": [2.0, 0.00018935815349189304, 0.03156767326251361], "k_pid_att": [25.210245501658576, 5.056625740695654, 0.5342119252031368], "k_pid_yaw": [0.5, 1e-06, 0.1], "k_pid_hsp": [0.1278234546924222, 0.005922434786513609, 0.0], "k_pid_vsp": [191.10180065325548, 103.53218907624051, 1.988008871073365]}, "datetime": {"datetime": "2025-08-20 15:47:29", "elapsed": 14104.04169511795, "delta": 18.534584999084473}, "costs": {"total_cost": 184.37870638718863, "time_cost": 84.912, "final_distance_cost": 1.8605931744175905, "oscillation_cost": 17.183085244223925, "completition_cost": 0.0, "overshoot_cost": 52.460742932898285, "power_cost": 13.634182434082032, "noise_cost": 14.328102601566798, "n_waypoints_completed": 9, "tot_waypoints": 9}}
{"target": -181.91707740575154, "params": {"k_pid_pos": [1.0218371593323512, 0.02151662126823271, 0.0], "k_pid_alt": [1.4566684536589574, 0.0001900670700813979, 0.03131009412990396], "k_pid_att": [23.747148058512902, 6.936823870865363, 0.8620802267339299], "k_pid_yaw": [0.5, 1e-06, 0.1], "k_pid_hsp": [0.2860932952233539, 0.007441585271854932, 0.0], "k_pid_vsp": [0.0, 69.36157874760544, 5.572709057793563]}, "datetime": {"datetime": "2025-08-20 15:47:45", "elapsed": 14120.139748811722, "delta": 16.098053693771362}, "costs": {"total_cost": 181.91707740575154, "time_cost": 71.672, "final_distance_cost": 1.8409865120733668, "oscillation_cost": 32.371929015374064, "completition_cost": 0.0, "overshoot_cost": 51.20960608586755, "power_cost": 13.185282080078126, "noise_cost": 11.637273712358411, "n_waypoints_completed": 9, "tot_waypoints": 9}}
{"target": -744.3460651881863, "params": {"k_pid_pos": [1.2731275848495822, 0.016058815256129757, 0.020147250121539576], "k_pid_alt": [1.6043773134742836, 0.0001464900307826915, 0.015553383040632238], "k_pid_att": [44.03764191091776, 5.80088495253096, 0.8759437879649932], "k_pid_yaw": [0.5, 1e-06, 0.1], "k_pid_hsp": [0.024435998783458323, 0.013971164233594013, 0.0], "k_pid_vsp": [307.1405770870377, 79.78132399072786, 1.121733213515713]}, "datetime": {"datetime": "2025-08-20 15:48:08", "elapsed": 14142.843605518341, "delta": 22.703856706619263}, "costs": {"total_cost": 744.3460651881863, "time_cost": 150, "final_distance_cost": 49.78808449936222, "oscillation_cost": 21.320767171220346, "completition_cost": 444.4444444444444, "overshoot_cost": 47.59179334804412, "power_cost": 16.800563806152343, "noise_cost": 14.400411918962845, "n_waypoints_completed": 5, "tot_waypoints": 9}}
{"target": -170.63346843857684, "params": {"k_pid_pos": [0.61080123928136, 0.020754120858207978, 0.017989540326332657], "k_pid_alt": [2.0, 7.4478772822651e-05, 0.02805020235413618], "k_pid_att": [13.3122738060873, 3.210257120666379, 0.5318159080359607], "k_pid_yaw": [0.5, 1e-06, 0.1], "k_pid_hsp": [0.12995703793686195, 0.011674259834420773, 0.0], "k_pid_vsp": [228.94905368449074, 92.87213857378872, 0.7304360281686026]}, "datetime": {"datetime": "2025-08-20 15:48:23", "elapsed": 14158.327627182007, "delta": 15.484021663665771}, "costs": {"total_cost": 170.63346843857684, "time_cost": 71.128, "final_distance_cost": 1.8217119539926232, "oscillation_cost": 23.705177854164816, "completition_cost": 0.0, "overshoot_cost": 50.654184103089904, "power_cost": 11.931321166992188, "noise_cost": 11.393073360337338, "n_waypoints_completed": 9, "tot_waypoints": 9}}
{"target": -1214.313508719193, "params": {"k_pid_pos": [0.626768050417216, 0.022761927358820072, 0.018811318717530574], "k_pid_alt": [1.5763838143765991, 8.91633558302959e-05, 0.026458026968244144], "k_pid_att": [39.577851413866384, 5.6271763432599675, 0.7000848251218931], "k_pid_yaw": [0.5, 1e-06, 0.1], "k_pid_hsp": [0.0001, 0.008678764414132501, 0.0], "k_pid_vsp": [234.0373571606698, 47.07850941434132, 1.7251275189717397]}, "datetime": {"datetime": "2025-08-20 15:48:52", "elapsed": 14186.680319786072, "delta": 28.35269260406494}, "costs": {"total_cost": 1214.313508719193, "time_cost": 150, "final_distance_cost": 57.3521022874398, "oscillation_cost": 1.6500290807403166, "completition_cost": 888.8888888888888, "overshoot_cost": 90.6173307217898, "power_cost": 12.84493963623047, "noise_cost": 12.96021810410356, "n_waypoints_completed": 1, "tot_waypoints": 9}}
{"target": -170.42612167647962, "params": {"k_pid_pos": [0.8212264157266067, 0.001948113120299731, 0.01755643289107595], "k_pid_alt": [1.343526353528054, 0.0002573234829740271, 0.03683941383374978], "k_pid_att": [46.10047568760638, 5.5464119352059855, 0.7100335692184249], "k_pid_yaw": [0.5, 1e-06, 0.1], "k_pid_hsp": [0.11926692230221654, 0.009221317384311882, 0.0], "k_pid_vsp": [280.6231776565923, 116.77633054643509, 0.7744685925078735]}, "datetime": {"datetime": "2025-08-20 15:49:08", "elapsed": 14202.664380311966, "delta": 15.984060525894165}, "costs": {"total_cost": 170.42612167647962, "time_cost": 70.016, "final_distance_cost": 1.789751669822396, "oscillation_cost": 26.013968136591057, "completition_cost": 0.0, "overshoot_cost": 50.04012640895872, "power_cost": 11.556918957519532, "noise_cost": 11.009356503587892, "n_waypoints_completed": 9, "tot_waypoints": 9}}
{"target": -1219.9998947296735, "params": {"k_pid_pos": [0.7095199454032164, 0.030527672358152683, 0.03456351843569052], "k_pid_alt": [1.0141049623005336, 0.00018518864412403764, 0.03914918387352908], "k_pid_att": [50.92962270278625, 1.667242163644054, 0.9919869495604888], "k_pid_yaw": [0.5, 1e-06, 0.1], "k_pid_hsp": [0.0001, 0.007816160962515398, 0.0], "k_pid_vsp": [190.71858708386276, 124.5798126569387, 2.518565174385513]}, "datetime": {"datetime": "2025-08-20 15:49:30", "elapsed": 14224.782216072083, "delta": 22.117835760116577}, "costs": {"total_cost": 1219.9998947296735, "time_cost": 150, "final_distance_cost": 62.22357278611954, "oscillation_cost": 1.3148542596279442, "completition_cost": 888.8888888888888, "overshoot_cost": 91.8256694175995, "power_cost": 12.813184411621094, "noise_cost": 12.933724965816676, "n_waypoints_completed": 1, "tot_waypoints": 9}}
{"target": -173.54381886521557, "params": {"k_pid_pos": [0.9198613584932308, 0.02148728449567826, 0.06182227339644917], "k_pid_alt": [2.0, 0.00017791091515258187, 0.032523782099813076], "k_pid_att": [35.26584311442797, 3.949310948165372, 0.7404454448296481], "k_pid_yaw": [0.5, 1e-06, 0.1], "k_pid_hsp": [0.23834876661971413, 0.007835529618528153, 0.0], "k_pid_vsp": [240.62961493062372, 161.61453216703066, 0.013511176046746417]}, "datetime": {"datetime": "2025-08-20 15:49:45", "elapsed": 14240.016283512115, "delta": 15.234067440032959}, "costs": {"total_cost": 173.54381886521557, "time_cost": 69.744, "final_distance_cost": 1.8317281272309907, "oscillation_cost": 27.541516785677583, "completition_cost": 0.0, "overshoot_cost": 50.755282865259126, "power_cost": 12.305966967773438, "noise_cost": 11.365324119274439, "n_waypoints_completed": 9, "tot_waypoints": 9}}
