{"target": -188.09567910273296, "params": {"k_pid_pos": [1.0163364485651505, 0.08814829695381127, 0.9286690321664889], "k_pid_alt": [1.9911696801350771, 0.0007262880222332681, 0.030728504750207924], "k_pid_att": [56.55702521843124, 0.3837456563767961, 0.898282239302575], "k_pid_yaw": [0.5, 1e-06, 0.1], "k_pid_hsp": [1.8014620799439711, 0.1711521502390275, 0.0], "k_pid_vsp": [400.0, 242.29220440712876, 1e-06]}, "datetime": {"datetime": "2025-08-20 13:23:59", "elapsed": 5493.554710149765, "delta": 19.52205538749695}, "costs": {"total_cost": 188.09567910273296, "time_cost": 77.136, "final_distance_cost": 1.8522814176398905, "oscillation_cost": 33.13125846504108, "completition_cost": 0.0, "overshoot_cost": 51.02051438954783, "power_cost": 12.384268725585938, "noise_cost": 12.571356104918243, "n_waypoints_completed": 9, "tot_waypoints": 9}}
{"target": -3760.5748505021843, "params": {"k_pid_pos": [1.9810946632619995, 0.09651112508520461, 0.78880813475114], "k_pid_alt": [1.9071966259930726, 0.00020231772928974882, 0.687868800779787], "k_pid_att": [0.0, 1.7515093552727352, 0.8612363205323592], "k_pid_yaw": [0.5, 1e-06, 0.1], "k_pid_hsp": [1.269981756847222, 0.15675246978355997, 0.0], "k_pid_vsp": [134.37352322851788, 152.60192798186986, 6.35947142521158]}, "datetime": {"datetime": "2025-08-20 13:24:27", "elapsed": 5521.71954870224, "delta": 28.164838552474976}, "costs": {"total_cost": 3760.5748505021843, "time_cost": 150, "final_distance_cost": 607.0428094672847, "oscillation_cost": 765.3843819413545, "completition_cost": 1000.0, "overshoot_cost": 1107.0871304591872, "power_cost": 35.56364946289062, "noise_cost": 95.4968791714669, "n_waypoints_completed": 0, "tot_waypoints": 9}}
{"target": -182.3952682195169, "params": {"k_pid_pos": [1.5346942682272051, 0.06986291426160753, 0.610185226578817], "k_pid_alt": [1.8840566716464628, 0.0005412959482145344, 0.7034117862256698], "k_pid_att": [100.0, 1.2611785583450374, 0.5870934863113414], "k_pid_yaw": [0.5, 1e-06, 0.1], "k_pid_hsp": [2.377795987252801, 0.17801457510857754, 0.0], "k_pid_vsp": [270.5578055214298, 138.38990600305914, 1e-06]}, "datetime": {"datetime": "2025-08-20 13:24:45", "elapsed": 5540.226492643356, "delta": 18.506943941116333}, "costs": {"total_cost": 182.3952682195169, "time_cost": 70.024, "final_distance_cost": 1.8341087959033904, "oscillation_cost": 37.608395697052835, "completition_cost": 0.0, "overshoot_cost": 49.87454885287594, "power_cost": 11.694034936523439, "noise_cost": 11.360179937161279, "n_waypoints_completed": 9, "tot_waypoints": 9}}
{"target": -1223.4412170932017, "params": {"k_pid_pos": [2.0, 0.09762741085682299, 0.058144968423032385], "k_pid_alt": [0.756599698601531, 0.0, 0.793915737349555], "k_pid_att": [38.50310182673099, 2.33419878530627, 1.0], "k_pid_yaw": [0.5, 1e-06, 0.1], "k_pid_hsp": [0.0001, 0.13583554002427656, 0.0], "k_pid_vsp": [236.48936238409814, 317.46609695091826, 1e-06]}, "datetime": {"datetime": "2025-08-20 13:25:10", "elapsed": 5564.980199813843, "delta": 24.75370717048645}, "costs": {"total_cost": 1223.4412170932017, "time_cost": 150, "final_distance_cost": 91.29689464113528, "oscillation_cost": 86.4267398140672, "completition_cost": 777.7777777777778, "overshoot_cost": 79.69967538814532, "power_cost": 21.34297000732422, "noise_cost": 16.897159464751578, "n_waypoints_completed": 2, "tot_waypoints": 9}}
{"target": -179.38952190684617, "params": {"k_pid_pos": [1.875117888636005, 0.10970543438624414, 0.607284337714912], "k_pid_alt": [2.0, 0.0, 0.942119950967319], "k_pid_att": [91.25798206327612, 2.0214606794740857, 0.9109730356136354], "k_pid_yaw": [0.5, 1e-06, 0.1], "k_pid_hsp": [0.3442009969819733, 0.10523308728694314, 0.0], "k_pid_vsp": [155.3880937641497, 185.02933509156856, 5.708892507161669]}, "datetime": {"datetime": "2025-08-20 13:25:27", "elapsed": 5582.179100036621, "delta": 17.19890022277832}, "costs": {"total_cost": 179.38952190684617, "time_cost": 69.456, "final_distance_cost": 1.8290011637537351, "oscillation_cost": 34.8732063422848, "completition_cost": 0.0, "overshoot_cost": 49.34716500229887, "power_cost": 12.517706347656251, "noise_cost": 11.3664430508525, "n_waypoints_completed": 9, "tot_waypoints": 9}}
{"target": -185.99885519615066, "params": {"k_pid_pos": [2.0, 0.03669709841878044, 0.7999484451282982], "k_pid_alt": [2.0, 0.0002135347675035817, 0.3273241627123328], "k_pid_att": [59.92366430520269, 2.1202251138680777, 0.917364376595407], "k_pid_yaw": [0.5, 1e-06, 0.1], "k_pid_hsp": [2.0156854817800465, 0.19686581530172323, 0.0], "k_pid_vsp": [133.38719180067667, 334.33896738646945, 10.696786616247335]}, "datetime": {"datetime": "2025-08-20 13:25:44", "elapsed": 5599.444623231888, "delta": 17.265523195266724}, "costs": {"total_cost": 185.99885519615066, "time_cost": 68.768, "final_distance_cost": 1.8440967820595127, "oscillation_cost": 41.41292880174075, "completition_cost": 0.0, "overshoot_cost": 49.42861502110128, "power_cost": 13.38039765625, "noise_cost": 11.164816934999118, "n_waypoints_completed": 9, "tot_waypoints": 9}}
{"target": -195.06401933022647, "params": {"k_pid_pos": [2.0, 0.08961428996899207, 0.6453564539688507], "k_pid_alt": [1.2572402916135332, 0.0002055403666108984, 0.5570781317225828], "k_pid_att": [32.76692640558704, 3.72635395097621, 0.1732645826564737], "k_pid_yaw": [0.5, 1e-06, 0.1], "k_pid_hsp": [1.7085141338377063, 0.13893725560281736, 0.0], "k_pid_vsp": [157.85355222568123, 156.2703200876072, 11.787290186403249]}, "datetime": {"datetime": "2025-08-20 13:26:03", "elapsed": 5617.544605731964, "delta": 18.099982500076294}, "costs": {"total_cost": 195.06401933022647, "time_cost": 70.072, "final_distance_cost": 1.7902986256044748, "oscillation_cost": 38.971252501684056, "completition_cost": 0.0, "overshoot_cost": 49.76770037074148, "power_cost": 20.030344189453125, "noise_cost": 14.432423642743318, "n_waypoints_completed": 9, "tot_waypoints": 9}}
{"target": -180.10220021146537, "params": {"k_pid_pos": [2.0, 0.10951738550983826, 0.8459127657166096], "k_pid_alt": [1.2271162703686322, 0.0, 0.18770664242552457], "k_pid_att": [70.26498909090104, 3.393657276250907, 0.9893437785930468], "k_pid_yaw": [0.5, 1e-06, 0.1], "k_pid_hsp": [1.875578893362676, 0.24014637776844272, 0.0], "k_pid_vsp": [187.45593234800603, 29.874148980788267, 8.195218707760029]}, "datetime": {"datetime": "2025-08-20 13:26:20", "elapsed": 5634.545696020126, "delta": 17.00109028816223}, "costs": {"total_cost": 180.10220021146537, "time_cost": 70.08, "final_distance_cost": 1.83871138000718, "oscillation_cost": 34.299973865300196, "completition_cost": 0.0, "overshoot_cost": 50.37792884803732, "power_cost": 12.092096484375, "noise_cost": 11.413489633745682, "n_waypoints_completed": 9, "tot_waypoints": 9}}
{"target": -187.77735182060331, "params": {"k_pid_pos": [1.1441636230511973, 0.07773478812645694, 0.6213815154565986], "k_pid_alt": [1.27360337117271, 4.8591103252171884e-05, 0.8508642030138086], "k_pid_att": [46.36266847703522, 2.6528696528095583, 0.9248130097274463], "k_pid_yaw": [0.5, 1e-06, 0.1], "k_pid_hsp": [1.5139218031755723, 0.09112896760641033, 0.0], "k_pid_vsp": [265.07244582225707, 1e-06, 7.093409013207785]}, "datetime": {"datetime": "2025-08-20 13:26:38", "elapsed": 5653.110481262207, "delta": 18.56478524208069}, "costs": {"total_cost": 187.77735182060331, "time_cost": 77.048, "final_distance_cost": 1.8373901010603515, "oscillation_cost": 31.64615130573375, "completition_cost": 0.0, "overshoot_cost": 51.438293819529726, "power_cost": 13.366520520019533, "noise_cost": 12.440996074259973, "n_waypoints_completed": 9, "tot_waypoints": 9}}
{"target": -193.39501584702904, "params": {"k_pid_pos": [2.0, 0.10707460657202955, 1.0], "k_pid_alt": [1.728760411820532, 0.00017778319627752246, 0.43512033187509885], "k_pid_att": [47.45187766599205, 1.8339522491223395, 1.0], "k_pid_yaw": [0.5, 1e-06, 0.1], "k_pid_hsp": [1.3308492782046875, 0.06026963927493467, 0.0], "k_pid_vsp": [385.39146176380245, 127.35288107813125, 15.901760025032987]}, "datetime": {"datetime": "2025-08-20 13:26:56", "elapsed": 5670.836027145386, "delta": 17.72554588317871}, "costs": {"total_cost": 193.39501584702904, "time_cost": 69.536, "final_distance_cost": 1.8309743551828983, "oscillation_cost": 37.435275920392684, "completition_cost": 0.0, "overshoot_cost": 50.14241990402034, "power_cost": 19.985955712890625, "noise_cost": 14.464389954542504, "n_waypoints_completed": 9, "tot_waypoints": 9}}
{"target": -183.59777915553784, "params": {"k_pid_pos": [2.0, 0.13884851815419771, 0.1557484620400696], "k_pid_alt": [1.1038249130136337, 0.0, 0.5672587290352625], "k_pid_att": [41.39934124952185, 1.0470643063322143, 1.0], "k_pid_yaw": [0.5, 1e-06, 0.1], "k_pid_hsp": [0.6700465822996559, 0.0, 0.0], "k_pid_vsp": [143.10967336095126, 58.00105987407486, 1e-06]}, "datetime": {"datetime": "2025-08-20 13:27:13", "elapsed": 5688.348511695862, "delta": 17.512484550476074}, "costs": {"total_cost": 183.59777915553784, "time_cost": 71.968, "final_distance_cost": 1.7677365510262273, "oscillation_cost": 34.535080704065436, "completition_cost": 0.0, "overshoot_cost": 50.93292427841642, "power_cost": 12.9128875, "noise_cost": 11.481150122029732, "n_waypoints_completed": 9, "tot_waypoints": 9}}
{"target": -181.82144649241002, "params": {"k_pid_pos": [2.0, 0.19945532870175134, 0.8128263987098002], "k_pid_alt": [1.5457187157111505, 0.0002005971415240673, 0.2436292601757926], "k_pid_att": [48.61583556505858, 1.4389894610359268, 0.7809793101369712], "k_pid_yaw": [0.5, 1e-06, 0.1], "k_pid_hsp": [2.0287771869907343, 0.15431544026751087, 0.0], "k_pid_vsp": [155.69737191040358, 144.21597780155966, 12.496417511746396]}, "datetime": {"datetime": "2025-08-20 13:27:31", "elapsed": 5705.773652791977, "delta": 17.425141096115112}, "costs": {"total_cost": 181.82144649241002, "time_cost": 69.016, "final_distance_cost": 1.8191274715094095, "oscillation_cost": 39.76995908771856, "completition_cost": 0.0, "overshoot_cost": 49.85692882329268, "power_cost": 11.521940161132813, "noise_cost": 9.837490948756576, "n_waypoints_completed": 9, "tot_waypoints": 9}}
{"target": -181.5402201208419, "params": {"k_pid_pos": [1.1508426011407733, 0.1914706349047964, 0.35919746831178245], "k_pid_alt": [2.0, 0.00016893548308471998, 0.7258883992175482], "k_pid_att": [54.6843604047989, 2.522124733073561, 0.8019922306311139], "k_pid_yaw": [0.5, 1e-06, 0.1], "k_pid_hsp": [2.234824633588107, 0.13159726892561754, 0.0], "k_pid_vsp": [234.62302228385354, 155.87930931484553, 7.34975829308354]}, "datetime": {"datetime": "2025-08-20 13:27:48", "elapsed": 5723.066651105881, "delta": 17.29299831390381}, "costs": {"total_cost": 181.5402201208419, "time_cost": 71.2, "final_distance_cost": 1.8333415590743025, "oscillation_cost": 34.14181807199577, "completition_cost": 0.0, "overshoot_cost": 50.74492160613064, "power_cost": 12.069509680175782, "noise_cost": 11.550629203465396, "n_waypoints_completed": 9, "tot_waypoints": 9}}
{"target": -182.3551306665713, "params": {"k_pid_pos": [2.0, 0.061754864612434734, 0.5858126031747534], "k_pid_alt": [1.1739071536936436, 0.00034914578948186246, 0.8871873686179196], "k_pid_att": [38.034520126856236, 2.2143558032770536, 1.0], "k_pid_yaw": [0.5, 1e-06, 0.1], "k_pid_hsp": [1.7116345964177917, 0.10640966957074378, 0.0], "k_pid_vsp": [77.18064146121094, 201.28620727545706, 6.336638186340941]}, "datetime": {"datetime": "2025-08-20 13:28:06", "elapsed": 5741.299182653427, "delta": 18.232531547546387}, "costs": {"total_cost": 182.3551306665713, "time_cost": 72.168, "final_distance_cost": 1.826472821162909, "oscillation_cost": 35.39845774377015, "completition_cost": 0.0, "overshoot_cost": 49.3699030998705, "power_cost": 12.312573754882813, "noise_cost": 11.279723246884945, "n_waypoints_completed": 9, "tot_waypoints": 9}}
{"target": -176.7015186256566, "params": {"k_pid_pos": [1.7248344293652587, 0.16494318499359237, 0.7143245515499901], "k_pid_alt": [2.0, 0.0001429028983449381, 0.43072956464046036], "k_pid_att": [42.5286218014566, 2.165666102212613, 1.0], "k_pid_yaw": [0.5, 1e-06, 0.1], "k_pid_hsp": [1.5865214461651462, 0.08301096912435918, 0.0], "k_pid_vsp": [306.68855010209205, 154.31483836026982, 4.914774358837541]}, "datetime": {"datetime": "2025-08-20 13:28:25", "elapsed": 5759.808475255966, "delta": 18.509292602539062}, "costs": {"total_cost": 176.7015186256566, "time_cost": 69.352, "final_distance_cost": 1.819180730985269, "oscillation_cost": 31.654506708891336, "completition_cost": 0.0, "overshoot_cost": 50.02580397333899, "power_cost": 12.43173582763672, "noise_cost": 11.418291384804304, "n_waypoints_completed": 9, "tot_waypoints": 9}}
{"target": -1198.5443093815231, "params": {"k_pid_pos": [2.0, 0.0, 0.3944769581968856], "k_pid_alt": [1.0343730667619295, 0.0005507400430730745, 0.560075512639545], "k_pid_att": [55.98161533445121, 0.5350944077759074, 0.9711321527325228], "k_pid_yaw": [0.5, 1e-06, 0.1], "k_pid_hsp": [0.0001, 0.02632895386983176, 0.0], "k_pid_vsp": [312.6127095824924, 256.29622840908786, 17.565535428653114]}, "datetime": {"datetime": "2025-08-20 13:28:49", "elapsed": 5784.103365421295, "delta": 24.29489016532898}, "costs": {"total_cost": 1198.5443093815231, "time_cost": 150, "final_distance_cost": 64.00451660417383, "oscillation_cost": 20.220258372193644, "completition_cost": 888.8888888888888, "overshoot_cost": 68.2777706085036, "power_cost": 2.635178747558594, "noise_cost": 4.517696160204553, "n_waypoints_completed": 1, "tot_waypoints": 9}}
{"target": -186.27344609822347, "params": {"k_pid_pos": [2.0, 0.04644211302531371, 1.0], "k_pid_alt": [0.6569681953786938, 0.0, 0.5082895382051716], "k_pid_att": [30.409532456231346, 3.1725421367865514, 0.8096850414034603], "k_pid_yaw": [0.5, 1e-06, 0.1], "k_pid_hsp": [0.06989320683994855, 0.0, 0.0], "k_pid_vsp": [400.0, 376.91061975507836, 1e-06]}, "datetime": {"datetime": "2025-08-20 13:29:09", "elapsed": 5803.5943377017975, "delta": 19.49097228050232}, "costs": {"total_cost": 186.27344609822347, "time_cost": 79.72, "final_distance_cost": 1.842607849168651, "oscillation_cost": 26.9297209733169, "completition_cost": 0.0, "overshoot_cost": 52.4408597210558, "power_cost": 13.184980725097656, "noise_cost": 12.155276829584459, "n_waypoints_completed": 9, "tot_waypoints": 9}}
{"target": -181.85744583293706, "params": {"k_pid_pos": [1.7876331792233853, 0.005238940597571906, 0.7569937004567083], "k_pid_alt": [0.763186438860739, 0.0, 0.1796913620764614], "k_pid_att": [67.05071324617585, 1.6738039865991519, 1.0], "k_pid_yaw": [0.5, 1e-06, 0.1], "k_pid_hsp": [1.4444388142589843, 0.12668162355208215, 0.0], "k_pid_vsp": [242.68796426618906, 113.78701418962042, 1e-06]}, "datetime": {"datetime": "2025-08-20 13:29:27", "elapsed": 5821.788834571838, "delta": 18.194496870040894}, "costs": {"total_cost": 181.85744583293706, "time_cost": 72.544, "final_distance_cost": 1.849530341256564, "oscillation_cost": 33.89198541942155, "completition_cost": 0.0, "overshoot_cost": 49.41746558380567, "power_cost": 12.495911340332032, "noise_cost": 11.658553148121225, "n_waypoints_completed": 9, "tot_waypoints": 9}}
{"target": -178.40211126021774, "params": {"k_pid_pos": [1.91232364893764, 0.10868064271565327, 0.6318030852118421], "k_pid_alt": [1.8840491854729304, 2.622656943703633e-05, 0.969113155752456], "k_pid_att": [52.89802374832413, 2.235887993820167, 1.0], "k_pid_yaw": [0.5, 1e-06, 0.1], "k_pid_hsp": [1.9121858897899473, 0.08864472243240502, 0.0], "k_pid_vsp": [382.24003870466004, 110.93757586168242, 1e-06]}, "datetime": {"datetime": "2025-08-20 13:29:44", "elapsed": 5838.6232442855835, "delta": 16.834409713745117}, "costs": {"total_cost": 178.40211126021774, "time_cost": 69.88, "final_distance_cost": 1.8237494015876787, "oscillation_cost": 34.12242783920362, "completition_cost": 0.0, "overshoot_cost": 49.55009338520786, "power_cost": 11.841370056152345, "noise_cost": 11.18447057806622, "n_waypoints_completed": 9, "tot_waypoints": 9}}
{"target": -184.4048515828282, "params": {"k_pid_pos": [1.3115344283103596, 0.0701829453382831, 1.0], "k_pid_alt": [2.0, 0.0, 0.657213024866612], "k_pid_att": [22.482272617323105, 1.8129545529848154, 0.6452712295485403], "k_pid_yaw": [0.5, 1e-06, 0.1], "k_pid_hsp": [1.2514798297350758, 0.08167111409325285, 0.0], "k_pid_vsp": [257.16183981929197, 100.79659618924421, 4.254716610946594]}, "datetime": {"datetime": "2025-08-20 13:30:02", "elapsed": 5856.890374660492, "delta": 18.267130374908447}, "costs": {"total_cost": 184.4048515828282, "time_cost": 74.016, "final_distance_cost": 1.8442422286500828, "oscillation_cost": 32.82947584301243, "completition_cost": 0.0, "overshoot_cost": 50.68019499707598, "power_cost": 12.789764379882813, "noise_cost": 12.245174134206879, "n_waypoints_completed": 9, "tot_waypoints": 9}}
{"target": -178.64314508046562, "params": {"k_pid_pos": [2.0, 0.2869685434483746, 1.0], "k_pid_alt": [2.0, 0.0003577759331035405, 0.48253158953200126], "k_pid_att": [48.45962539361748, 0.9291665190128006, 1.0], "k_pid_yaw": [0.5, 1e-06, 0.1], "k_pid_hsp": [2.841831792714286, 0.0, 0.0], "k_pid_vsp": [293.0791109947378, 181.3814401726038, 5.108783682079116]}, "datetime": {"datetime": "2025-08-20 13:30:20", "elapsed": 5874.978150129318, "delta": 18.087775468826294}, "costs": {"total_cost": 178.64314508046562, "time_cost": 69.88, "final_distance_cost": 1.8092059749088854, "oscillation_cost": 34.23676142307447, "completition_cost": 0.0, "overshoot_cost": 50.26021358453023, "power_cost": 11.267101306152345, "noise_cost": 11.18986279179969, "n_waypoints_completed": 9, "tot_waypoints": 9}}
{"target": -182.51685585324105, "params": {"k_pid_pos": [1.368643809006166, 0.08966438783725629, 0.594840699612933], "k_pid_alt": [1.4405927139221404, 0.00019604733037424887, 0.2172939617906258], "k_pid_att": [50.39307359085844, 0.5696655939479245, 1.0], "k_pid_yaw": [0.5, 1e-06, 0.1], "k_pid_hsp": [3.3561288500929964, 0.18278469812405337, 0.0], "k_pid_vsp": [291.5911044710669, 375.15100577442723, 18.801063727995388]}, "datetime": {"datetime": "2025-08-20 13:30:37", "elapsed": 5892.49546957016, "delta": 17.517319440841675}, "costs": {"total_cost": 182.51685585324105, "time_cost": 69.944, "final_distance_cost": 1.8396481234742361, "oscillation_cost": 41.069451297374606, "completition_cost": 0.0, "overshoot_cost": 49.85002232074007, "power_cost": 10.155231103515625, "noise_cost": 9.658503008136508, "n_waypoints_completed": 9, "tot_waypoints": 9}}
{"target": -178.28433479336167, "params": {"k_pid_pos": [2.0, 0.036933129524321366, 1.0], "k_pid_alt": [2.0, 0.00014901727534296085, 0.4777562702310935], "k_pid_att": [61.76155488536242, 0.8165623356832633, 0.917378166953021], "k_pid_yaw": [0.5, 1e-06, 0.1], "k_pid_hsp": [1.572569509446824, 0.13769812657147565, 0.0], "k_pid_vsp": [265.9202848335028, 96.90535120274512, 4.867395599496645]}, "datetime": {"datetime": "2025-08-20 13:30:54", "elapsed": 5909.274305343628, "delta": 16.778835773468018}, "costs": {"total_cost": 178.28433479336167, "time_cost": 69.68, "final_distance_cost": 1.8371879682501422, "oscillation_cost": 33.0036578080902, "completition_cost": 0.0, "overshoot_cost": 49.815868727889864, "power_cost": 12.32352998046875, "noise_cost": 11.624090308662694, "n_waypoints_completed": 9, "tot_waypoints": 9}}
{"target": -200.07178932573984, "params": {"k_pid_pos": [0.5535382130742478, 0.03963489848974191, 0.592523515140076], "k_pid_alt": [2.0, 0.0003831424363056619, 0.8650085569044176], "k_pid_att": [40.00569156851723, 3.095881907360255, 0.7856929708948241], "k_pid_yaw": [0.5, 1e-06, 0.1], "k_pid_hsp": [1.687790955064229, 0.03512448247225194, 0.0], "k_pid_vsp": [144.88149547818458, 178.37637300596154, 1.4658490291945625]}, "datetime": {"datetime": "2025-08-20 13:31:17", "elapsed": 5932.39580988884, "delta": 23.121504545211792}, "costs": {"total_cost": 200.07178932573984, "time_cost": 89.512, "final_distance_cost": 1.851195510058704, "oscillation_cost": 26.852276495794854, "completition_cost": 0.0, "overshoot_cost": 52.74659649606224, "power_cost": 14.200377966308594, "noise_cost": 14.909342857515478, "n_waypoints_completed": 9, "tot_waypoints": 9}}
{"target": -182.74385282048962, "params": {"k_pid_pos": [1.6708712976034812, 0.23399289079818753, 0.08690365467126328], "k_pid_alt": [2.0, 0.0, 0.5418655504292964], "k_pid_att": [51.909580271602245, 2.7200576185333123, 0.7233047606998316], "k_pid_yaw": [0.5, 1e-06, 0.1], "k_pid_hsp": [1.4404361753876624, 0.1325188484718314, 0.0], "k_pid_vsp": [211.79308083016784, 235.58761791728259, 2.5044834480888594]}, "datetime": {"datetime": "2025-08-20 13:31:34", "elapsed": 5949.195797920227, "delta": 16.79998803138733}, "costs": {"total_cost": 182.74385282048962, "time_cost": 69.584, "final_distance_cost": 1.733378094599545, "oscillation_cost": 38.54669818984121, "completition_cost": 0.0, "overshoot_cost": 49.57728875739509, "power_cost": 12.220929138183594, "noise_cost": 11.081558640470181, "n_waypoints_completed": 9, "tot_waypoints": 9}}
{"target": -195.01565201382428, "params": {"k_pid_pos": [1.5973599084925352, 0.23232721200944487, 0.9555892086463594], "k_pid_alt": [2.0, 0.00010057253591749374, 0.6450471158380708], "k_pid_att": [19.80519867948388, 2.314284824476244, 1.0], "k_pid_yaw": [0.5, 1e-06, 0.1], "k_pid_hsp": [2.52789519386253, 0.10487761976891308, 0.0], "k_pid_vsp": [368.34472944320254, 123.22346126391197, 12.25462151717426]}, "datetime": {"datetime": "2025-08-20 13:31:52", "elapsed": 5966.729884147644, "delta": 17.534086227416992}, "costs": {"total_cost": 195.01565201382428, "time_cost": 71.032, "final_distance_cost": 1.8198589927194437, "oscillation_cost": 38.74594781498065, "completition_cost": 0.0, "overshoot_cost": 50.74749568716148, "power_cost": 18.608650720214843, "noise_cost": 14.061698798747848, "n_waypoints_completed": 9, "tot_waypoints": 9}}
