{"target": -170.0295818890383, "params": {"k_pid_pos": [0.6614145871926284, 0.003679233840377013, 0.008870383943728936], "k_pid_alt": [2.0, 0.00015385254857439002, 0.0017952417986132905], "k_pid_att": [27.5383201062641, 7.954572798089668, 0.5512542013851497], "k_pid_yaw": [0.5, 1e-06, 0.1], "k_pid_hsp": [0.130091610995293, 0.0040765941684007415, 0.0], "k_pid_vsp": [204.9797410624722, 222.8226207599222, 0.612631291236377]}, "datetime": {"datetime": "2025-08-20 22:39:40", "elapsed": 38835.037068367004, "delta": 18.776614665985107}, "costs": {"total_cost": 170.0295818890383, "time_cost": 70.752, "final_distance_cost": 1.825445232678157, "oscillation_cost": 24.038825852522937, "completition_cost": 0.0, "overshoot_cost": 50.31399629972649, "power_cost": 11.792537390136719, "noise_cost": 11.306777113973988, "n_waypoints_completed": 9, "tot_waypoints": 9}}
{"target": -169.83940553529365, "params": {"k_pid_pos": [0.5179350264084842, 0.0031351732687186517, 0.006569586579741069], "k_pid_alt": [2.0, 0.00010749517608161336, 0.0019134636139518761], "k_pid_att": [18.672450937474952, 9.089083275824018, 0.534989382867722], "k_pid_yaw": [0.5, 1e-06, 0.1], "k_pid_hsp": [0.10726638985024711, 0.0045697813999741954, 0.0], "k_pid_vsp": [237.96365947067466, 202.64181069421946, 0.5861610555544672]}, "datetime": {"datetime": "2025-08-20 22:39:56", "elapsed": 38850.536175489426, "delta": 15.499107122421265}, "costs": {"total_cost": 169.83940553529365, "time_cost": 72.312, "final_distance_cost": 1.8224015282594366, "oscillation_cost": 20.669684611483273, "completition_cost": 0.0, "overshoot_cost": 51.16553394196296, "power_cost": 12.180696630859375, "noise_cost": 11.689088822728598, "n_waypoints_completed": 9, "tot_waypoints": 9}}
{"target": -169.2030767936033, "params": {"k_pid_pos": [0.5933569484721948, 0.0034117534073602324, 0.007001677980399809], "k_pid_alt": [1.7617268188786077, 0.00012063107623951237, 0.001459970990655677], "k_pid_att": [29.620657993746416, 7.4850640507145485, 0.41722998543250905], "k_pid_yaw": [0.5, 1e-06, 0.1], "k_pid_hsp": [0.10621746625911478, 0.005505271967334031, 0.0], "k_pid_vsp": [187.6474362193558, 239.47767452370067, 0.5476847338438133]}, "datetime": {"datetime": "2025-08-20 22:40:13", "elapsed": 38867.98901987076, "delta": 17.452844381332397}, "costs": {"total_cost": 169.2030767936033, "time_cost": 71.176, "final_distance_cost": 1.8259256945207245, "oscillation_cost": 22.195670583598275, "completition_cost": 0.0, "overshoot_cost": 50.340189166357796, "power_cost": 12.16021982421875, "noise_cost": 11.50507152490775, "n_waypoints_completed": 9, "tot_waypoints": 9}}
{"target": -169.97070374128106, "params": {"k_pid_pos": [0.7021583956759089, 0.0038220732689070278, 0.007920849719793016], "k_pid_alt": [1.8937831644854786, 0.00011604889283014792, 0.0020636570146009094], "k_pid_att": [26.625266608645195, 6.268037578636979, 0.4977827180174264], "k_pid_yaw": [0.5, 1e-06, 0.1], "k_pid_hsp": [0.09833534647642402, 0.005751985474978822, 0.0], "k_pid_vsp": [237.62653396513232, 235.675883084988, 0.4760710844582447]}, "datetime": {"datetime": "2025-08-20 22:40:28", "elapsed": 38883.33580875397, "delta": 15.346788883209229}, "costs": {"total_cost": 169.97070374128106, "time_cost": 70.672, "final_distance_cost": 1.8131803302699578, "oscillation_cost": 23.521447538966182, "completition_cost": 0.0, "overshoot_cost": 50.9917338406131, "power_cost": 11.777216015625001, "noise_cost": 11.195126015806798, "n_waypoints_completed": 9, "tot_waypoints": 9}}
{"target": -169.41689358810785, "params": {"k_pid_pos": [0.4962894479662352, 0.004580347303750108, 0.007381590897688573], "k_pid_alt": [2.0, 0.00013115368121524183, 0.0015771755822684807], "k_pid_att": [24.750678288153253, 8.373008610086345, 0.5479558335360789], "k_pid_yaw": [0.5, 1e-06, 0.1], "k_pid_hsp": [0.09170125255059229, 0.005413188042763334, 0.0], "k_pid_vsp": [277.0482353898162, 265.4951765095555, 0.41182426375607767]}, "datetime": {"datetime": "2025-08-20 22:40:46", "elapsed": 38900.88476276398, "delta": 17.548954010009766}, "costs": {"total_cost": 169.41689358810785, "time_cost": 72.744, "final_distance_cost": 1.8153602794844814, "oscillation_cost": 19.68410233044376, "completition_cost": 0.0, "overshoot_cost": 51.29534196187171, "power_cost": 12.193742333984376, "noise_cost": 11.68434668232351, "n_waypoints_completed": 9, "tot_waypoints": 9}}
{"target": -168.61918770974785, "params": {"k_pid_pos": [0.5136524926490127, 0.003588711780363586, 0.008456799548762774], "k_pid_alt": [1.8714585794490712, 0.00015787776828570497, 0.0016159948128343404], "k_pid_att": [25.469975220887466, 8.54526157656521, 0.4655135038494274], "k_pid_yaw": [0.5, 1e-06, 0.1], "k_pid_hsp": [0.08860921808040978, 0.005118318121840988, 0.0], "k_pid_vsp": [249.5576180034542, 258.9479392427782, 0.5391003480889704]}, "datetime": {"datetime": "2025-08-20 22:41:02", "elapsed": 38916.960648059845, "delta": 16.07588529586792}, "costs": {"total_cost": 168.61918770974785, "time_cost": 72.56, "final_distance_cost": 1.8300613234042808, "oscillation_cost": 19.64772987555113, "completition_cost": 0.0, "overshoot_cost": 51.40818903314593, "power_cost": 11.736766284179689, "noise_cost": 11.436441193466836, "n_waypoints_completed": 9, "tot_waypoints": 9}}
{"target": -169.9879566767098, "params": {"k_pid_pos": [0.5308547433734626, 0.003916344025879092, 0.007242319848622639], "k_pid_alt": [1.8819707276502946, 0.00012085337093890073, 0.0016832572869297964], "k_pid_att": [25.3740049072824, 7.21981525931369, 0.41453069720684993], "k_pid_yaw": [0.5, 1e-06, 0.1], "k_pid_hsp": [0.1023642639955039, 0.005581928938506783, 0.0], "k_pid_vsp": [241.38177756648247, 284.810847764278, 0.5917001437483708]}, "datetime": {"datetime": "2025-08-20 22:41:19", "elapsed": 38934.48547625542, "delta": 17.5248281955719}, "costs": {"total_cost": 169.9879566767098, "time_cost": 72.0, "final_distance_cost": 1.82820781740092, "oscillation_cost": 20.702071660557976, "completition_cost": 0.0, "overshoot_cost": 51.50280413287965, "power_cost": 12.222113049316407, "noise_cost": 11.732760016554845, "n_waypoints_completed": 9, "tot_waypoints": 9}}
{"target": -170.10483454787615, "params": {"k_pid_pos": [0.6932469191247742, 0.0036090053955067426, 0.008080926052192225], "k_pid_alt": [1.8985878266884573, 0.00016563881062799492, 0.0016535443905138574], "k_pid_att": [28.96679852920215, 8.5788530139977, 0.5093853230529287], "k_pid_yaw": [0.5, 1e-06, 0.1], "k_pid_hsp": [0.10236045539997418, 0.004734339970258668, 0.0], "k_pid_vsp": [203.4227853503381, 280.72315078089116, 0.4739290994690905]}, "datetime": {"datetime": "2025-08-20 22:41:35", "elapsed": 38949.922199726105, "delta": 15.436723470687866}, "costs": {"total_cost": 170.10483454787615, "time_cost": 70.60000000000001, "final_distance_cost": 1.7901360609610404, "oscillation_cost": 23.778301442701405, "completition_cost": 0.0, "overshoot_cost": 50.76047690719607, "power_cost": 11.95016219482422, "noise_cost": 11.225757942193388, "n_waypoints_completed": 9, "tot_waypoints": 9}}
{"target": -169.51729322540822, "params": {"k_pid_pos": [0.649457173336049, 0.003627740519829398, 0.0070577585988507545], "k_pid_alt": [1.523182664113266, 0.00013317748911036088, 0.00175432175486357], "k_pid_att": [29.08841365358313, 6.929928232772478, 0.4927653367830079], "k_pid_yaw": [0.5, 1e-06, 0.1], "k_pid_hsp": [0.09839189323175641, 0.004205265471649501, 0.0], "k_pid_vsp": [245.05322626012003, 251.12524334911333, 0.5253424172144818]}, "datetime": {"datetime": "2025-08-20 22:41:53", "elapsed": 38967.70726299286, "delta": 17.78506326675415}, "costs": {"total_cost": 169.51729322540822, "time_cost": 70.992, "final_distance_cost": 1.8048342179415071, "oscillation_cost": 22.57795857686141, "completition_cost": 0.0, "overshoot_cost": 50.576614858167815, "power_cost": 12.229929418945312, "noise_cost": 11.335956153492203, "n_waypoints_completed": 9, "tot_waypoints": 9}}
{"target": -169.60745614406278, "params": {"k_pid_pos": [0.5879950719426071, 0.004174050789947496, 0.007604726990235704], "k_pid_alt": [2.0, 0.00014453311010502709, 0.0013991668968547724], "k_pid_att": [28.5928458812577, 6.156164546522366, 0.5771341828712134], "k_pid_yaw": [0.5, 1e-06, 0.1], "k_pid_hsp": [0.10250746985488028, 0.004092209262735989, 0.0], "k_pid_vsp": [230.7505262580048, 259.9563297092893, 0.585074311960624]}, "datetime": {"datetime": "2025-08-20 22:42:09", "elapsed": 38983.72494125366, "delta": 16.017678260803223}, "costs": {"total_cost": 169.60745614406278, "time_cost": 71.48, "final_distance_cost": 1.8155086077625027, "oscillation_cost": 21.849548802417136, "completition_cost": 0.0, "overshoot_cost": 50.8599278738162, "power_cost": 12.234891223144531, "noise_cost": 11.367579636922429, "n_waypoints_completed": 9, "tot_waypoints": 9}}
{"target": -170.112529236155, "params": {"k_pid_pos": [0.6540984525945274, 0.0032102415851066285, 0.008122063341585774], "k_pid_alt": [2.0, 0.0001761912615494347, 0.0019319167638983832], "k_pid_att": [26.901840550935592, 5.644943185792382, 0.38960332486047866], "k_pid_yaw": [0.5, 1e-06, 0.1], "k_pid_hsp": [0.09761784259066598, 0.004383046482667096, 0.0], "k_pid_vsp": [235.69762335308943, 251.02913921116067, 0.5439551411884896]}, "datetime": {"datetime": "2025-08-20 22:42:24", "elapsed": 38999.28295707703, "delta": 15.558015823364258}, "costs": {"total_cost": 170.112529236155, "time_cost": 71.056, "final_distance_cost": 1.8243487037666313, "oscillation_cost": 22.59167617815876, "completition_cost": 0.0, "overshoot_cost": 51.02497568488569, "power_cost": 12.214439282226563, "noise_cost": 11.401089387117361, "n_waypoints_completed": 9, "tot_waypoints": 9}}
{"target": -169.10972577716885, "params": {"k_pid_pos": [0.606081955445026, 0.0038768358478527627, 0.006934664854815988], "k_pid_alt": [1.9182836162410795, 0.00014323719717031756, 0.0016666034292866082], "k_pid_att": [26.098097042034624, 7.237966916435172, 0.5790244544769413], "k_pid_yaw": [0.5, 1e-06, 0.1], "k_pid_hsp": [0.10578296677708475, 0.003958462157596811, 0.0], "k_pid_vsp": [208.01535791525603, 230.15511648998174, 0.6880315587648372]}, "datetime": {"datetime": "2025-08-20 22:42:42", "elapsed": 39017.50384426117, "delta": 18.220887184143066}, "costs": {"total_cost": 169.10972577716885, "time_cost": 71.2, "final_distance_cost": 1.820935111330421, "oscillation_cost": 21.964852505391843, "completition_cost": 0.0, "overshoot_cost": 50.49145960730039, "power_cost": 12.188252514648438, "noise_cost": 11.444226038497725, "n_waypoints_completed": 9, "tot_waypoints": 9}}
{"target": -169.22730807258193, "params": {"k_pid_pos": [0.5249367826053026, 0.003749541747299082, 0.0077738859843020655], "k_pid_alt": [2.0, 0.00014807799767335198, 0.0016165087599924125], "k_pid_att": [27.969900947536114, 6.142074546249861, 0.4819767174474328], "k_pid_yaw": [0.5, 1e-06, 0.1], "k_pid_hsp": [0.09675975199066984, 0.004195991333892233, 0.0], "k_pid_vsp": [232.19307189022433, 269.3918756801908, 0.6872005835465326]}, "datetime": {"datetime": "2025-08-20 22:42:59", "elapsed": 39034.28244614601, "delta": 16.77860188484192}, "costs": {"total_cost": 169.22730807258193, "time_cost": 72.328, "final_distance_cost": 1.8266421720189494, "oscillation_cost": 20.06877817312544, "completition_cost": 0.0, "overshoot_cost": 51.00607776470263, "power_cost": 12.273218994140626, "noise_cost": 11.724590968594313, "n_waypoints_completed": 9, "tot_waypoints": 9}}
{"target": -172.62617379647352, "params": {"k_pid_pos": [0.6902988954016535, 0.0043703693345041586, 0.007046863864542227], "k_pid_alt": [1.9957044145855543, 0.00015415276537172765, 0.0017793351701829829], "k_pid_att": [28.992747445378924, 8.664024436855525, 0.5041522433198202], "k_pid_yaw": [0.5, 1e-06, 0.1], "k_pid_hsp": [0.07855908390359058, 0.0038007843793604096, 0.0], "k_pid_vsp": [216.9601779307936, 208.22180290669417, 0.5379711901343796]}, "datetime": {"datetime": "2025-08-20 22:43:17", "elapsed": 39051.87528800964, "delta": 17.592841863632202}, "costs": {"total_cost": 172.62617379647352, "time_cost": 72.84, "final_distance_cost": 1.7928019321034407, "oscillation_cost": 22.217033826260888, "completition_cost": 0.0, "overshoot_cost": 51.77709436524249, "power_cost": 12.399210986328125, "noise_cost": 11.600032686538594, "n_waypoints_completed": 9, "tot_waypoints": 9}}
{"target": -169.70932730329778, "params": {"k_pid_pos": [0.5588704699508421, 0.002750179561539177, 0.007630451413084533], "k_pid_alt": [1.7404466910378973, 0.00014054087368187647, 0.001802148709203804], "k_pid_att": [22.74879926296296, 7.85484006600115, 0.3880119437164223], "k_pid_yaw": [0.5, 1e-06, 0.1], "k_pid_hsp": [0.1073817512759359, 0.004741766490370551, 0.0], "k_pid_vsp": [224.72766879963896, 278.4785392926485, 0.4529327869633685]}, "datetime": {"datetime": "2025-08-20 22:43:33", "elapsed": 39067.692927122116, "delta": 15.817639112472534}, "costs": {"total_cost": 169.70932730329778, "time_cost": 71.584, "final_distance_cost": 1.8326805855305983, "oscillation_cost": 21.486346855641596, "completition_cost": 0.0, "overshoot_cost": 50.47786762671418, "power_cost": 12.574299072265626, "noise_cost": 11.754133163145793, "n_waypoints_completed": 9, "tot_waypoints": 9}}
{"target": -172.49833095691145, "params": {"k_pid_pos": [0.6520656223464446, 0.003552112448580043, 0.006940849084802545], "k_pid_alt": [1.8015477145710534, 0.0001315589065859729, 0.0019109935126475864], "k_pid_att": [31.917726847427, 7.905755551064047, 0.41464761225729213], "k_pid_yaw": [0.5, 1e-06, 0.1], "k_pid_hsp": [0.07619505855266202, 0.004169892304574758, 0.0], "k_pid_vsp": [206.71399993476788, 210.42932363553905, 0.5220065705321877]}, "datetime": {"datetime": "2025-08-20 22:43:50", "elapsed": 39084.647936820984, "delta": 16.955009698867798}, "costs": {"total_cost": 172.49833095691145, "time_cost": 73.16, "final_distance_cost": 1.814206958003604, "oscillation_cost": 21.480832899609, "completition_cost": 0.0, "overshoot_cost": 51.84484815758511, "power_cost": 12.561083435058594, "noise_cost": 11.637359506655113, "n_waypoints_completed": 9, "tot_waypoints": 9}}
{"target": -169.09053289876977, "params": {"k_pid_pos": [0.5327890650022818, 0.0034318776032689143, 0.008437417097618314], "k_pid_alt": [1.6658492066503363, 0.0001653040883479595, 0.0015130869973952361], "k_pid_att": [23.629633277326693, 7.139372571928003, 0.47367647615082226], "k_pid_yaw": [0.5, 1e-06, 0.1], "k_pid_hsp": [0.10807355640933292, 0.004051527869857781, 0.0], "k_pid_vsp": [222.43385483487404, 243.97846782625675, 0.5328811096029215]}, "datetime": {"datetime": "2025-08-20 22:44:07", "elapsed": 39101.64730477333, "delta": 16.9993679523468}, "costs": {"total_cost": 169.09053289876977, "time_cost": 72.08, "final_distance_cost": 1.8234523822010247, "oscillation_cost": 21.07942108592378, "completition_cost": 0.0, "overshoot_cost": 50.51200672963567, "power_cost": 12.052169641113283, "noise_cost": 11.543483059895978, "n_waypoints_completed": 9, "tot_waypoints": 9}}
{"target": -169.6246536914421, "params": {"k_pid_pos": [0.6697671120625389, 0.003430843257306535, 0.008407914828999321], "k_pid_alt": [1.7808382255981001, 0.000148435838056918, 0.002054447666507747], "k_pid_att": [25.791706376508333, 6.613277025045304, 0.6067015888128391], "k_pid_yaw": [0.5, 1e-06, 0.1], "k_pid_hsp": [0.08345619562210799, 0.0047160937865537165, 0.0], "k_pid_vsp": [220.51721928295464, 199.6845517182179, 0.5477436059435605]}, "datetime": {"datetime": "2025-08-20 22:44:22", "elapsed": 39117.45693564415, "delta": 15.809630870819092}, "costs": {"total_cost": 169.6246536914421, "time_cost": 71.864, "final_distance_cost": 1.7848372260054104, "oscillation_cost": 22.055108193086344, "completition_cost": 0.0, "overshoot_cost": 50.818998411515786, "power_cost": 11.842903564453126, "noise_cost": 11.258806296381398, "n_waypoints_completed": 9, "tot_waypoints": 9}}
{"target": -170.1363296245494, "params": {"k_pid_pos": [0.6284337154751343, 0.0037097805867019984, 0.007640967263808976], "k_pid_alt": [2.0, 0.00014575662665506644, 0.001617981603749166], "k_pid_att": [28.528929555877824, 8.69221772675809, 0.536072060251044], "k_pid_yaw": [0.5, 1e-06, 0.1], "k_pid_hsp": [0.08911325620398396, 0.003813331494326333, 0.0], "k_pid_vsp": [198.7480590309543, 256.1188817454139, 0.5852533085339497]}, "datetime": {"datetime": "2025-08-20 22:44:40", "elapsed": 39135.40673971176, "delta": 17.949804067611694}, "costs": {"total_cost": 170.1363296245494, "time_cost": 71.64, "final_distance_cost": 1.813502069389147, "oscillation_cost": 21.711450138396224, "completition_cost": 0.0, "overshoot_cost": 51.69260908859997, "power_cost": 11.873398937988282, "noise_cost": 11.405369390175792, "n_waypoints_completed": 9, "tot_waypoints": 9}}
{"target": -169.0308345430789, "params": {"k_pid_pos": [0.5331513499185768, 0.004102108583664648, 0.007985180962828074], "k_pid_alt": [1.815813911674242, 0.00014772523125104338, 0.0018548478468061725], "k_pid_att": [23.354998578503558, 7.856126453202137, 0.45301560532009616], "k_pid_yaw": [0.5, 1e-06, 0.1], "k_pid_hsp": [0.08804662444344412, 0.005409948064251915, 0.0], "k_pid_vsp": [220.64501725283023, 246.77820912626802, 0.6065712714326269]}, "datetime": {"datetime": "2025-08-20 22:44:56", "elapsed": 39150.83205413818, "delta": 15.42531442642212}, "costs": {"total_cost": 169.0308345430789, "time_cost": 72.312, "final_distance_cost": 1.8179459718206534, "oscillation_cost": 20.236341184102614, "completition_cost": 0.0, "overshoot_cost": 51.1198093661044, "power_cost": 12.027455407714845, "noise_cost": 11.517282613336379, "n_waypoints_completed": 9, "tot_waypoints": 9}}
{"target": -170.2124575044217, "params": {"k_pid_pos": [0.6798760960150889, 0.0035188138951181016, 0.007696161726822808], "k_pid_alt": [1.8115887024026283, 0.00013352458416083357, 0.0015764249796467109], "k_pid_att": [28.793184896215678, 7.883716046496559, 0.5838609663611697], "k_pid_yaw": [0.5, 1e-06, 0.1], "k_pid_hsp": [0.10307701581862516, 0.00458486311515174, 0.0], "k_pid_vsp": [204.53969492229604, 247.41750873001243, 0.5732850282472098]}, "datetime": {"datetime": "2025-08-20 22:45:13", "elapsed": 39168.0103366375, "delta": 17.178282499313354}, "costs": {"total_cost": 170.2124575044217, "time_cost": 70.648, "final_distance_cost": 1.8186392688107444, "oscillation_cost": 23.688007387625827, "completition_cost": 0.0, "overshoot_cost": 50.52388816710657, "power_cost": 12.156598999023439, "noise_cost": 11.377323681855136, "n_waypoints_completed": 9, "tot_waypoints": 9}}
{"target": -168.94420741627707, "params": {"k_pid_pos": [0.5318318410359696, 0.0035694666620054508, 0.006989725918087505], "k_pid_alt": [1.5145044961859908, 0.0001477146082332735, 0.0016988442018500572], "k_pid_att": [26.96415295341414, 7.224391842232014, 0.5357706172883819], "k_pid_yaw": [0.5, 1e-06, 0.1], "k_pid_hsp": [0.10460259881533095, 0.005285109373798952, 0.0], "k_pid_vsp": [261.8038844322187, 230.82667863292113, 0.49549455170070394]}, "datetime": {"datetime": "2025-08-20 22:45:29", "elapsed": 39183.7741253376, "delta": 15.76378870010376}, "costs": {"total_cost": 168.94420741627707, "time_cost": 72.06400000000001, "final_distance_cost": 1.8371120437319877, "oscillation_cost": 20.89286386754499, "completition_cost": 0.0, "overshoot_cost": 50.90402040123377, "power_cost": 11.820552856445314, "noise_cost": 11.425658247321003, "n_waypoints_completed": 9, "tot_waypoints": 9}}
{"target": -170.11957720530367, "params": {"k_pid_pos": [0.592228807261824, 0.003803405941900345, 0.008522625683313698], "k_pid_alt": [2.0, 0.00014218829316783456, 0.0016465773399074503], "k_pid_att": [23.649955719165273, 7.156156285992523, 0.6062822772078683], "k_pid_yaw": [0.5, 1e-06, 0.1], "k_pid_hsp": [0.11438120086166668, 0.004911506272880278, 0.0], "k_pid_vsp": [245.30651240105064, 229.9473846974843, 0.5848611318161038]}, "datetime": {"datetime": "2025-08-20 22:45:47", "elapsed": 39201.81863451004, "delta": 18.044509172439575}, "costs": {"total_cost": 170.11957720530367, "time_cost": 71.272, "final_distance_cost": 1.8242587081225519, "oscillation_cost": 22.37368921710867, "completition_cost": 0.0, "overshoot_cost": 50.9821942536636, "power_cost": 12.236071740722657, "noise_cost": 11.431363285686187, "n_waypoints_completed": 9, "tot_waypoints": 9}}
{"target": -169.86050706911874, "params": {"k_pid_pos": [0.6423702302618705, 0.003535269021359032, 0.006243999574127444], "k_pid_alt": [1.726301486266876, 0.00013271008698538094, 0.0015792831548385366], "k_pid_att": [26.93582335534678, 7.038384103535248, 0.5592028998913178], "k_pid_yaw": [0.5, 1e-06, 0.1], "k_pid_hsp": [0.09473933554572357, 0.004512477549967266, 0.0], "k_pid_vsp": [234.3774916635764, 202.8314481200284, 0.5818648759738213]}, "datetime": {"datetime": "2025-08-20 22:46:04", "elapsed": 39219.24765372276, "delta": 17.42901921272278}, "costs": {"total_cost": 169.86050706911874, "time_cost": 71.144, "final_distance_cost": 1.7885193854616863, "oscillation_cost": 22.030582715412777, "completition_cost": 0.0, "overshoot_cost": 51.166849241654816, "power_cost": 12.328808251953125, "noise_cost": 11.401747474636316, "n_waypoints_completed": 9, "tot_waypoints": 9}}
{"target": -170.01020952834344, "params": {"k_pid_pos": [0.6484906971703414, 0.004224675515882954, 0.006530914733166085], "k_pid_alt": [2.0, 0.00015422833048400945, 0.0016994894213784417], "k_pid_att": [25.11262778180253, 6.893051598098677, 0.6052891379952569], "k_pid_yaw": [0.5, 1e-06, 0.1], "k_pid_hsp": [0.09792238085061415, 0.004198570512338822, 0.0], "k_pid_vsp": [286.7783923430972, 266.887582276219, 0.5350444494297755]}, "datetime": {"datetime": "2025-08-20 22:46:22", "elapsed": 39236.76836371422, "delta": 17.520709991455078}, "costs": {"total_cost": 170.01020952834344, "time_cost": 71.096, "final_distance_cost": 1.803898325785678, "oscillation_cost": 22.250108611164144, "completition_cost": 0.0, "overshoot_cost": 51.084864376193075, "power_cost": 12.288300451660158, "noise_cost": 11.487037763540362, "n_waypoints_completed": 9, "tot_waypoints": 9}}
