{"target": -169.06114086303012, "params": {"k_pid_pos": [0.5782959803346045, 0.004363205635820822, 0.0066593902994248584], "k_pid_alt": [2.0, 0.0001447401542752672, 0.0017097017885011358], "k_pid_att": [32.16568388446645, 7.711282270066497, 0.4423799733366946], "k_pid_yaw": [0.5, 1e-06, 0.1], "k_pid_hsp": [0.08783498512025067, 0.005666583677478302, 0.0], "k_pid_vsp": [190.0140221117149, 241.14972020252307, 0.6629434054831173]}, "datetime": {"datetime": "2025-08-20 21:01:21", "elapsed": 32935.68970370293, "delta": 16.832385063171387}, "costs": {"total_cost": 169.06114086303012, "time_cost": 72.024, "final_distance_cost": 1.8211406768391147, "oscillation_cost": 20.911521418280355, "completition_cost": 0.0, "overshoot_cost": 50.77890725467907, "power_cost": 12.080504833984376, "noise_cost": 11.445066679247184, "n_waypoints_completed": 9, "tot_waypoints": 9}}
{"target": -172.8084232194862, "params": {"k_pid_pos": [0.4504247367687533, 0.0022988437826814757, 0.008136234560492369], "k_pid_alt": [2.0, 0.00010498808679051221, 0.001772498636332225], "k_pid_att": [29.726076031381563, 5.142881011798711, 0.7048440049413115], "k_pid_yaw": [0.5, 1e-06, 0.1], "k_pid_hsp": [0.12924593219772926, 0.00406841038101221, 0.0], "k_pid_vsp": [196.92895761986247, 256.7180258911454, 0.5347948404378022]}, "datetime": {"datetime": "2025-08-20 21:01:38", "elapsed": 32952.92183089256, "delta": 17.23212718963623}, "costs": {"total_cost": 172.8084232194862, "time_cost": 75.008, "final_distance_cost": 1.8514424657431907, "oscillation_cost": 20.164333533626383, "completition_cost": 0.0, "overshoot_cost": 51.13896698208629, "power_cost": 12.445942248535157, "noise_cost": 12.199737989495205, "n_waypoints_completed": 9, "tot_waypoints": 9}}
{"target": -169.01882450989908, "params": {"k_pid_pos": [0.61140813295061, 0.0037506552295921446, 0.008179558250132403], "k_pid_alt": [2.0, 0.00013077261429289368, 0.0015307619447133454], "k_pid_att": [28.557960158980492, 7.532678703749543, 0.7077971285473806], "k_pid_yaw": [0.5, 1e-06, 0.1], "k_pid_hsp": [0.09418733213123576, 0.00456285056892802, 0.0], "k_pid_vsp": [215.93494194270906, 250.27780314741767, 0.6238388951404982]}, "datetime": {"datetime": "2025-08-20 21:01:53", "elapsed": 32968.390739917755, "delta": 15.46890902519226}, "costs": {"total_cost": 169.01882450989908, "time_cost": 71.488, "final_distance_cost": 1.8281007629315567, "oscillation_cost": 21.6143181429254, "completition_cost": 0.0, "overshoot_cost": 50.675053698975844, "power_cost": 12.106140893554688, "noise_cost": 11.307211011511576, "n_waypoints_completed": 9, "tot_waypoints": 9}}
{"target": -168.84030244272668, "params": {"k_pid_pos": [0.623202417431972, 0.0035012984866526933, 0.006213215192810609], "k_pid_alt": [2.0, 0.00013464913235919802, 0.00197532128041502], "k_pid_att": [25.56746548700131, 5.985888827879726, 0.6336301206222482], "k_pid_yaw": [0.5, 1e-06, 0.1], "k_pid_hsp": [0.11979057975507101, 0.006568987129847524, 0.0], "k_pid_vsp": [210.94853087551837, 244.87190172835926, 0.7517723708083066]}, "datetime": {"datetime": "2025-08-20 21:02:12", "elapsed": 32986.509999513626, "delta": 18.11925959587097}, "costs": {"total_cost": 168.84030244272668, "time_cost": 70.856, "final_distance_cost": 1.82290517521163, "oscillation_cost": 23.074630897002116, "completition_cost": 0.0, "overshoot_cost": 50.13617504989712, "power_cost": 11.71270126953125, "noise_cost": 11.237890051084607, "n_waypoints_completed": 9, "tot_waypoints": 9}}
{"target": -170.14499338118287, "params": {"k_pid_pos": [0.5516590929438149, 0.00351745207004792, 0.006697860070047961], "k_pid_alt": [1.963893374065741, 0.00013423272604226307, 0.0015478182616381075], "k_pid_att": [38.79600447319951, 7.74827808799781, 0.6275347777943424], "k_pid_yaw": [0.5, 1e-06, 0.1], "k_pid_hsp": [0.10760267477191786, 0.0057221495157309095, 0.0], "k_pid_vsp": [193.52300167823967, 190.1098880927308, 0.6468812421978913]}, "datetime": {"datetime": "2025-08-20 21:02:29", "elapsed": 33003.63011574745, "delta": 17.120116233825684}, "costs": {"total_cost": 170.14499338118287, "time_cost": 71.792, "final_distance_cost": 1.8404336894049762, "oscillation_cost": 21.765011658095585, "completition_cost": 0.0, "overshoot_cost": 51.111687637315384, "power_cost": 12.126024462890626, "noise_cost": 11.509835933476282, "n_waypoints_completed": 9, "tot_waypoints": 9}}
{"target": -170.82839896237158, "params": {"k_pid_pos": [0.446107803763858, 0.004662043821060803, 0.006054581302859492], "k_pid_alt": [1.8030728242358185, 0.00016207106016989873, 0.0013215555753635852], "k_pid_att": [30.160606670174015, 6.3726224996941765, 0.6604728997907238], "k_pid_yaw": [0.5, 1e-06, 0.1], "k_pid_hsp": [0.10751354339541445, 0.005564209423122669, 0.0], "k_pid_vsp": [245.30856984063084, 209.01436581619922, 0.7979931057410008]}, "datetime": {"datetime": "2025-08-20 21:02:46", "elapsed": 33020.91993904114, "delta": 17.289823293685913}, "costs": {"total_cost": 170.82839896237158, "time_cost": 74.056, "final_distance_cost": 1.848033693186767, "oscillation_cost": 19.259892330404163, "completition_cost": 0.0, "overshoot_cost": 51.21073589105441, "power_cost": 12.431472998046875, "noise_cost": 12.022264049679368, "n_waypoints_completed": 9, "tot_waypoints": 9}}
{"target": -169.50940737112424, "params": {"k_pid_pos": [0.5634981238587614, 0.003213726905935797, 0.008571563354405396], "k_pid_alt": [1.663886397262124, 0.00010967767369008127, 0.0017746473728221706], "k_pid_att": [30.714380042449033, 6.354208199473487, 0.7621244838557765], "k_pid_yaw": [0.5, 1e-06, 0.1], "k_pid_hsp": [0.10272851043016555, 0.004820682476697073, 0.0], "k_pid_vsp": [219.9051989492868, 269.72483448828683, 0.7313643708234242]}, "datetime": {"datetime": "2025-08-20 21:03:04", "elapsed": 33038.67575120926, "delta": 17.755812168121338}, "costs": {"total_cost": 169.50940737112424, "time_cost": 71.616, "final_distance_cost": 1.8243313250681985, "oscillation_cost": 21.02830547143754, "completition_cost": 0.0, "overshoot_cost": 51.05214561287372, "power_cost": 12.316553027343751, "noise_cost": 11.672071934401037, "n_waypoints_completed": 9, "tot_waypoints": 9}}
{"target": -169.8506643452424, "params": {"k_pid_pos": [0.7542093201159102, 0.004832721358141502, 0.008422999989841721], "k_pid_alt": [1.7815622962872093, 0.00013770648390123088, 0.0010824634152854574], "k_pid_att": [22.753306317232727, 6.848476048843662, 0.6928876141105969], "k_pid_yaw": [0.5, 1e-06, 0.1], "k_pid_hsp": [0.09597599611084932, 0.004446373434114273, 0.0], "k_pid_vsp": [223.63996910153074, 241.2444308742604, 0.6962404044806677]}, "datetime": {"datetime": "2025-08-20 21:03:20", "elapsed": 33054.60375595093, "delta": 15.928004741668701}, "costs": {"total_cost": 169.8506643452424, "time_cost": 70.552, "final_distance_cost": 1.7880140126205395, "oscillation_cost": 23.902131400310015, "completition_cost": 0.0, "overshoot_cost": 50.36575233486603, "power_cost": 12.050360229492188, "noise_cost": 11.192406367953613, "n_waypoints_completed": 9, "tot_waypoints": 9}}
{"target": -169.7759864785843, "params": {"k_pid_pos": [0.6198728326344579, 0.0038899596301768297, 0.009631729666021759], "k_pid_alt": [2.0, 7.832914365067465e-05, 0.0018124793611379256], "k_pid_att": [29.5433670496051, 9.13759413183258, 0.6926179496973627], "k_pid_yaw": [0.5, 1e-06, 0.1], "k_pid_hsp": [0.09001621037342898, 0.005355702053873197, 0.0], "k_pid_vsp": [173.27606443420848, 220.40259002135426, 0.6433889265874447]}, "datetime": {"datetime": "2025-08-20 21:03:37", "elapsed": 33071.56424450874, "delta": 16.96048855781555}, "costs": {"total_cost": 169.7759864785843, "time_cost": 71.608, "final_distance_cost": 1.825540656195441, "oscillation_cost": 21.794713171255523, "completition_cost": 0.0, "overshoot_cost": 51.478057244287065, "power_cost": 11.741833337402344, "noise_cost": 11.3278420694439, "n_waypoints_completed": 9, "tot_waypoints": 9}}
{"target": -170.33094103327954, "params": {"k_pid_pos": [0.5119844717870267, 0.003809788651031489, 0.006111244309240013], "k_pid_alt": [1.6634523829789576, 0.00010355214502005449, 0.0012846894423061911], "k_pid_att": [32.25104020928958, 6.626695236101077, 0.669877197491584], "k_pid_yaw": [0.5, 1e-06, 0.1], "k_pid_hsp": [0.11775647389050652, 0.006090052007080436, 0.0], "k_pid_vsp": [266.58202117024246, 285.2880028929748, 0.5976976911807005]}, "datetime": {"datetime": "2025-08-20 21:03:54", "elapsed": 33089.27600860596, "delta": 17.711764097213745}, "costs": {"total_cost": 170.33094103327954, "time_cost": 72.464, "final_distance_cost": 1.8343203879258339, "oscillation_cost": 21.190628812932225, "completition_cost": 0.0, "overshoot_cost": 50.6733270938335, "power_cost": 12.459309631347656, "noise_cost": 11.70935510724032, "n_waypoints_completed": 9, "tot_waypoints": 9}}
{"target": -170.40892200757924, "params": {"k_pid_pos": [0.5137138374767692, 0.003038396168138523, 0.008396016486989621], "k_pid_alt": [1.8075149943770212, 0.00012480544144239964, 0.0018446098416534486], "k_pid_att": [30.079268528498584, 4.0303730142663925, 0.7651607497233496], "k_pid_yaw": [0.5, 1e-06, 0.1], "k_pid_hsp": [0.08253700271932922, 0.005231908801895267, 0.0], "k_pid_vsp": [169.10940933601924, 152.6083298317445, 0.5645876018921389]}, "datetime": {"datetime": "2025-08-20 21:04:10", "elapsed": 33105.32176089287, "delta": 16.04575228691101}, "costs": {"total_cost": 170.40892200757924, "time_cost": 72.976, "final_distance_cost": 1.828849989286734, "oscillation_cost": 19.121551686311456, "completition_cost": 0.0, "overshoot_cost": 51.83088993593323, "power_cost": 12.693907824707033, "noise_cost": 11.95772257134082, "n_waypoints_completed": 9, "tot_waypoints": 9}}
{"target": -170.61639457103846, "params": {"k_pid_pos": [0.6868757617705109, 0.00281274242153134, 0.007256264384357186], "k_pid_alt": [2.0, 0.00010947104855387329, 0.0013348676384181202], "k_pid_att": [26.595763524393092, 6.8039211652687115, 0.6957447240692481], "k_pid_yaw": [0.5, 1e-06, 0.1], "k_pid_hsp": [0.10247948402547967, 0.0065552215421249916, 0.0], "k_pid_vsp": [256.04913740205774, 203.38357494569252, 0.6995410850410161]}, "datetime": {"datetime": "2025-08-20 21:04:30", "elapsed": 33124.7715318203, "delta": 19.4497709274292}, "costs": {"total_cost": 170.61639457103846, "time_cost": 70.664, "final_distance_cost": 1.8247725068598057, "oscillation_cost": 23.38106380101883, "completition_cost": 0.0, "overshoot_cost": 51.116255615178254, "power_cost": 12.314019396972657, "noise_cost": 11.316283251008919, "n_waypoints_completed": 9, "tot_waypoints": 9}}
{"target": -170.08991848152027, "params": {"k_pid_pos": [0.5242173835573231, 0.002704109905048832, 0.007903318421559244], "k_pid_alt": [2.0, 0.00013761536846362558, 0.001815118347622799], "k_pid_att": [28.350618292354966, 7.348804965216883, 0.4324380296996082], "k_pid_yaw": [0.5, 1e-06, 0.1], "k_pid_hsp": [0.1167222467413626, 0.004324199267124407, 0.0], "k_pid_vsp": [226.55735023814145, 225.26188311575132, 0.6965623268101401]}, "datetime": {"datetime": "2025-08-20 21:04:46", "elapsed": 33140.99297642708, "delta": 16.221444606781006}, "costs": {"total_cost": 170.08991848152027, "time_cost": 72.352, "final_distance_cost": 1.8438096962961847, "oscillation_cost": 21.12168152479293, "completition_cost": 0.0, "overshoot_cost": 50.678037527269574, "power_cost": 12.326168652343751, "noise_cost": 11.768221080817838, "n_waypoints_completed": 9, "tot_waypoints": 9}}
{"target": -171.83320436991707, "params": {"k_pid_pos": [0.5487152744304002, 0.004708022816510904, 0.0067694265912019306], "k_pid_alt": [1.9023579998343259, 9.141838317453768e-05, 0.0014971307810079926], "k_pid_att": [30.079489155344163, 9.055682984100086, 0.7669034062529564], "k_pid_yaw": [0.5, 1e-06, 0.1], "k_pid_hsp": [0.07569939433968617, 0.00545233892950003, 0.0], "k_pid_vsp": [213.88107328198797, 203.37157297393568, 0.7963441599555775]}, "datetime": {"datetime": "2025-08-20 21:05:04", "elapsed": 33158.92375969887, "delta": 17.93078327178955}, "costs": {"total_cost": 171.83320436991707, "time_cost": 73.696, "final_distance_cost": 1.8101372945777698, "oscillation_cost": 19.59950322827078, "completition_cost": 0.0, "overshoot_cost": 52.009036244600225, "power_cost": 12.704821301269531, "noise_cost": 12.013706301198777, "n_waypoints_completed": 9, "tot_waypoints": 9}}
{"target": -170.39634257539404, "params": {"k_pid_pos": [0.7083425411875414, 0.0028909081506842543, 0.0068341238510169836], "k_pid_alt": [1.759751505283928, 0.000107550245818729, 0.0015424743955469464], "k_pid_att": [21.214882521507683, 5.185624161382411, 0.7079059978341733], "k_pid_yaw": [0.5, 1e-06, 0.1], "k_pid_hsp": [0.09110476779979704, 0.0054285933483599535, 0.0], "k_pid_vsp": [312.47355922692356, 263.4385055433076, 0.6060834646120152]}, "datetime": {"datetime": "2025-08-20 21:05:19", "elapsed": 33174.17010354996, "delta": 15.246343851089478}, "costs": {"total_cost": 170.39634257539404, "time_cost": 70.96000000000001, "final_distance_cost": 1.819573165608627, "oscillation_cost": 23.27229909337483, "completition_cost": 0.0, "overshoot_cost": 50.93881929954744, "power_cost": 12.133021862792969, "noise_cost": 11.272629154070202, "n_waypoints_completed": 9, "tot_waypoints": 9}}
{"target": -170.6628916941204, "params": {"k_pid_pos": [0.5808929770016666, 0.00444352710873886, 0.008672615285489987], "k_pid_alt": [1.8152771370994933, 0.00010710868717432355, 0.0015991474663992668], "k_pid_att": [25.02962582125818, 7.392267402479483, 0.6799136200318023], "k_pid_yaw": [0.5, 1e-06, 0.1], "k_pid_hsp": [0.07999847440256734, 0.004898767268361979, 0.0], "k_pid_vsp": [224.65006092219517, 221.23443637503627, 0.7327046586447828]}, "datetime": {"datetime": "2025-08-20 21:05:37", "elapsed": 33192.40400457382, "delta": 18.233901023864746}, "costs": {"total_cost": 170.6628916941204, "time_cost": 72.744, "final_distance_cost": 1.8209350405371267, "oscillation_cost": 20.440133255259102, "completition_cost": 0.0, "overshoot_cost": 51.531251815103445, "power_cost": 12.474150671386719, "noise_cost": 11.652420911833973, "n_waypoints_completed": 9, "tot_waypoints": 9}}
{"target": -171.876939345067, "params": {"k_pid_pos": [0.5339872194307085, 0.003478664281012596, 0.005819882619675099], "k_pid_alt": [1.614152690298716, 9.457036444281304e-05, 0.001947404485344024], "k_pid_att": [31.753408285722063, 9.506758624459229, 0.5393079292455775], "k_pid_yaw": [0.5, 1e-06, 0.1], "k_pid_hsp": [0.1334750629152948, 0.004684550435459526, 0.0], "k_pid_vsp": [319.6315889369882, 242.24831810270075, 0.5435425894861347]}, "datetime": {"datetime": "2025-08-20 21:05:53", "elapsed": 33208.19141411781, "delta": 15.787409543991089}, "costs": {"total_cost": 171.876939345067, "time_cost": 72.4, "final_distance_cost": 1.831711441636363, "oscillation_cost": 22.21947373493769, "completition_cost": 0.0, "overshoot_cost": 50.7516935307641, "power_cost": 12.761092626953126, "noise_cost": 11.912968010775737, "n_waypoints_completed": 9, "tot_waypoints": 9}}
{"target": -169.82467302725186, "params": {"k_pid_pos": [0.47034536686151274, 0.0035074440095241907, 0.00843531406042563], "k_pid_alt": [1.4293667896617424, 0.00010074874022557142, 0.001768337786913824], "k_pid_att": [26.402616756547417, 6.7880672844492524, 0.7138178328414323], "k_pid_yaw": [0.5, 1e-06, 0.1], "k_pid_hsp": [0.0989764989843821, 0.004659906529600549, 0.0], "k_pid_vsp": [242.77900677896636, 299.6206270697126, 0.6842787919239575]}, "datetime": {"datetime": "2025-08-20 21:06:12", "elapsed": 33226.55304169655, "delta": 18.36162757873535}, "costs": {"total_cost": 169.82467302725186, "time_cost": 73.44800000000001, "final_distance_cost": 1.8285883496177249, "oscillation_cost": 19.388096060207417, "completition_cost": 0.0, "overshoot_cost": 50.49641978249065, "power_cost": 12.577423217773438, "noise_cost": 12.086145617162634, "n_waypoints_completed": 9, "tot_waypoints": 9}}
{"target": -169.5937234943325, "params": {"k_pid_pos": [0.5882429828828014, 0.0037381921045702873, 0.007516468480844416], "k_pid_alt": [2.0, 9.808560814956984e-05, 0.0014291175032461157], "k_pid_att": [30.179446826362078, 8.009671991330288, 0.6611325183869606], "k_pid_yaw": [0.5, 1e-06, 0.1], "k_pid_hsp": [0.0829706526753539, 0.005827024174104083, 0.0], "k_pid_vsp": [203.09556642904383, 251.85439736852052, 0.671899186223415]}, "datetime": {"datetime": "2025-08-20 21:06:27", "elapsed": 33242.128873586655, "delta": 15.575831890106201}, "costs": {"total_cost": 169.5937234943325, "time_cost": 72.368, "final_distance_cost": 1.8128581701270212, "oscillation_cost": 20.763263353298843, "completition_cost": 0.0, "overshoot_cost": 51.041637931323486, "power_cost": 12.096875793457032, "noise_cost": 11.51108824612612, "n_waypoints_completed": 9, "tot_waypoints": 9}}
{"target": -173.1520429985378, "params": {"k_pid_pos": [0.41261889038888655, 0.004154042744878625, 0.008585512683117323], "k_pid_alt": [1.9038169663089197, 0.00011149569992756434, 0.0017841676765107742], "k_pid_att": [34.039151411335155, 6.939075443737996, 0.6974176241290974], "k_pid_yaw": [0.5, 1e-06, 0.1], "k_pid_hsp": [0.10600309326637292, 0.0057564064932384695, 0.0], "k_pid_vsp": [244.31698769544911, 254.86165985969146, 0.6433539000026748]}, "datetime": {"datetime": "2025-08-20 21:06:47", "elapsed": 33262.33167362213, "delta": 20.202800035476685}, "costs": {"total_cost": 173.1520429985378, "time_cost": 75.456, "final_distance_cost": 1.8515681413955718, "oscillation_cost": 18.75956360546474, "completition_cost": 0.0, "overshoot_cost": 51.64039030305548, "power_cost": 12.952191516113281, "noise_cost": 12.492329432508724, "n_waypoints_completed": 9, "tot_waypoints": 9}}
{"target": -169.66377439625236, "params": {"k_pid_pos": [0.627358354815434, 0.004069286400575924, 0.007532192140091996], "k_pid_alt": [2.0, 0.00014212912760074768, 0.0017311860082383382], "k_pid_att": [33.14574408505835, 8.001826118060139, 0.5898355215403175], "k_pid_yaw": [0.5, 1e-06, 0.1], "k_pid_hsp": [0.10246833958720859, 0.005211617333976172, 0.0], "k_pid_vsp": [228.04082542701227, 347.94693934159824, 0.667450482643073]}, "datetime": {"datetime": "2025-08-20 21:07:03", "elapsed": 33277.88496041298, "delta": 15.553286790847778}, "costs": {"total_cost": 169.66377439625236, "time_cost": 71.048, "final_distance_cost": 1.7992443051394, "oscillation_cost": 22.683558963901046, "completition_cost": 0.0, "overshoot_cost": 50.72328796123721, "power_cost": 11.994067846679688, "noise_cost": 11.415615319295016, "n_waypoints_completed": 9, "tot_waypoints": 9}}
{"target": -169.125148930603, "params": {"k_pid_pos": [0.5609836535428453, 0.0036026037005254703, 0.006582277842346172], "k_pid_alt": [2.0, 0.0001330029782554681, 0.0019498602339076158], "k_pid_att": [28.527763059854333, 9.243809040768774, 0.5509371058681617], "k_pid_yaw": [0.5, 1e-06, 0.1], "k_pid_hsp": [0.10122981795177315, 0.0048707195175934455, 0.0], "k_pid_vsp": [241.73632848483945, 263.6610908562043, 0.5265090670674476]}, "datetime": {"datetime": "2025-08-20 21:07:21", "elapsed": 33295.68759393692, "delta": 17.80263352394104}, "costs": {"total_cost": 169.125148930603, "time_cost": 71.712, "final_distance_cost": 1.8247780546585515, "oscillation_cost": 21.252097681581212, "completition_cost": 0.0, "overshoot_cost": 50.90486078008039, "power_cost": 11.98262615966797, "noise_cost": 11.448786254614884, "n_waypoints_completed": 9, "tot_waypoints": 9}}
{"target": -169.40827059024886, "params": {"k_pid_pos": [0.4873217814119641, 0.0036783462280946706, 0.007009985797277356], "k_pid_alt": [2.0, 0.00013219715878459533, 0.0019169391226298944], "k_pid_att": [31.25703597655763, 6.033890623595167, 0.5103602482173123], "k_pid_yaw": [0.5, 1e-06, 0.1], "k_pid_hsp": [0.08883383522859269, 0.004187919165655527, 0.0], "k_pid_vsp": [229.75410315633675, 226.90097992829223, 0.597552866143998]}, "datetime": {"datetime": "2025-08-20 21:07:37", "elapsed": 33311.679535627365, "delta": 15.991941690444946}, "costs": {"total_cost": 169.40827059024886, "time_cost": 73.128, "final_distance_cost": 1.8179203698102153, "oscillation_cost": 18.820288743902, "completition_cost": 0.0, "overshoot_cost": 51.883500908136625, "power_cost": 12.155812414550782, "noise_cost": 11.602748153849262, "n_waypoints_completed": 9, "tot_waypoints": 9}}
{"target": -169.28358095767953, "params": {"k_pid_pos": [0.5259521341905736, 0.0036740173034558476, 0.008505479733155215], "k_pid_alt": [2.0, 0.00012053695633461018, 0.002075404331743264], "k_pid_att": [26.882276818447476, 7.2462010173714075, 0.6252451610314347], "k_pid_yaw": [0.5, 1e-06, 0.1], "k_pid_hsp": [0.09239822070858818, 0.004357134937482442, 0.0], "k_pid_vsp": [169.26278770846287, 238.06294636946723, 0.651728873880803]}, "datetime": {"datetime": "2025-08-20 21:07:54", "elapsed": 33328.70425033569, "delta": 17.024714708328247}, "costs": {"total_cost": 169.28358095767953, "time_cost": 72.416, "final_distance_cost": 1.8314374344057107, "oscillation_cost": 20.126219392192354, "completition_cost": 0.0, "overshoot_cost": 51.21344661944262, "power_cost": 12.128784143066406, "noise_cost": 11.567693368572428, "n_waypoints_completed": 9, "tot_waypoints": 9}}
{"target": -169.62545752705117, "params": {"k_pid_pos": [0.621180858367662, 0.00343839319084775, 0.007366452127925573], "k_pid_alt": [2.0, 0.00012326252313857582, 0.0018995795624655125], "k_pid_att": [32.085459363204116, 3.6074796690394666, 0.6824361021474786], "k_pid_yaw": [0.5, 1e-06, 0.1], "k_pid_hsp": [0.10293667139395869, 0.004624233088604272, 0.0], "k_pid_vsp": [197.91849013034917, 253.33579393936444, 0.6344416114490833]}, "datetime": {"datetime": "2025-08-20 21:08:09", "elapsed": 33344.42874836922, "delta": 15.72449803352356}, "costs": {"total_cost": 169.62545752705117, "time_cost": 71.16, "final_distance_cost": 1.8233228710406293, "oscillation_cost": 22.21076244703625, "completition_cost": 0.0, "overshoot_cost": 50.89314445636211, "power_cost": 12.124164685058595, "noise_cost": 11.414063067553597, "n_waypoints_completed": 9, "tot_waypoints": 9}}
