{"target": -169.94333913897978, "params": {"k_pid_pos": [0.6567340543758614, 0.005200436963071653, 0.01087354610930355], "k_pid_alt": [1.969441556568669, 9.718935998051027e-05, 0.0017419062758742669], "k_pid_att": [32.19243624122637, 5.327004078954013, 0.6728370715544031], "k_pid_yaw": [0.5, 1e-06, 0.1], "k_pid_hsp": [0.08922387500634255, 0.006754387861006861, 0.0], "k_pid_vsp": [201.2132017108407, 158.11615899312935, 0.9851101838281539]}, "datetime": {"datetime": "2025-08-20 20:25:58", "elapsed": 30812.757432937622, "delta": 17.12766981124878}, "costs": {"total_cost": 169.94333913897978, "time_cost": 71.504, "final_distance_cost": 1.8226513081560318, "oscillation_cost": 22.144702745316295, "completition_cost": 0.0, "overshoot_cost": 51.19256048601421, "power_cost": 12.04985926513672, "noise_cost": 11.22956533435651, "n_waypoints_completed": 9, "tot_waypoints": 9}}
{"target": -171.82820936682225, "params": {"k_pid_pos": [0.46588716320401113, 0.004124708702964195, 0.005233651036772729], "k_pid_alt": [1.9924559658873742, 0.00011599874871876053, 0.002419095794204493], "k_pid_att": [30.596438827877154, 6.438897890376744, 0.6165115499667788], "k_pid_yaw": [0.5, 1e-06, 0.1], "k_pid_hsp": [0.12470240620635158, 0.004709492457025929, 0.0], "k_pid_vsp": [192.94099987863046, 192.27080899924945, 0.8481829485876555]}, "datetime": {"datetime": "2025-08-20 20:26:15", "elapsed": 30829.79266858101, "delta": 17.03523564338684}, "costs": {"total_cost": 171.82820936682225, "time_cost": 74.056, "final_distance_cost": 1.8391539630316354, "oscillation_cost": 20.412040402648227, "completition_cost": 0.0, "overshoot_cost": 51.202895056387, "power_cost": 12.274355114746095, "noise_cost": 12.043764830009293, "n_waypoints_completed": 9, "tot_waypoints": 9}}
{"target": -169.02451220172716, "params": {"k_pid_pos": [0.6890758367039919, 0.004725078143233635, 0.009003811957644438], "k_pid_alt": [2.0, 0.00011786827708465794, 0.001828342927521427], "k_pid_att": [30.26409492993027, 5.720059454892469, 0.6841069858062588], "k_pid_yaw": [0.5, 1e-06, 0.1], "k_pid_hsp": [0.1233780726044944, 0.005231338919733235, 0.0], "k_pid_vsp": [222.58568791970046, 200.59427608344197, 0.9698167097112723]}, "datetime": {"datetime": "2025-08-20 20:26:32", "elapsed": 30846.57253885269, "delta": 16.77987027168274}, "costs": {"total_cost": 169.02451220172716, "time_cost": 70.512, "final_distance_cost": 1.8204052020260855, "oscillation_cost": 23.515427562516813, "completition_cost": 0.0, "overshoot_cost": 50.4766635143543, "power_cost": 11.637764013671875, "noise_cost": 11.062251909158109, "n_waypoints_completed": 9, "tot_waypoints": 9}}
{"target": -170.55205170555874, "params": {"k_pid_pos": [0.5056567718409424, 0.0034938328051587627, 0.008840765797618876], "k_pid_alt": [2.0, 9.784550076258394e-05, 0.001023948643408265], "k_pid_att": [34.47953331119062, 7.527156714885355, 0.6060518502658646], "k_pid_yaw": [0.5, 1e-06, 0.1], "k_pid_hsp": [0.11664969803340895, 0.006285232112173084, 0.0], "k_pid_vsp": [251.01489720819265, 189.9799272695445, 1.1663027514562623]}, "datetime": {"datetime": "2025-08-20 20:26:48", "elapsed": 30862.96838927269, "delta": 16.39585041999817}, "costs": {"total_cost": 170.55205170555874, "time_cost": 72.688, "final_distance_cost": 1.845132719464337, "oscillation_cost": 20.704940325827145, "completition_cost": 0.0, "overshoot_cost": 50.98419867115865, "power_cost": 12.564158532714844, "noise_cost": 11.765621456393733, "n_waypoints_completed": 9, "tot_waypoints": 9}}
{"target": -170.08702591654702, "params": {"k_pid_pos": [0.5908672635357065, 0.0043478354720049165, 0.011583173428792807], "k_pid_alt": [2.0, 0.00012607018265970764, 0.0016389187616014883], "k_pid_att": [26.023873691957547, 4.961512455074423, 0.7968973256414419], "k_pid_yaw": [0.5, 1e-06, 0.1], "k_pid_hsp": [0.0811896317407892, 0.007845944565062874, 0.0], "k_pid_vsp": [249.7274712940814, 224.91436620942227, 0.8542526117891239]}, "datetime": {"datetime": "2025-08-20 20:27:04", "elapsed": 30879.245767593384, "delta": 16.27737832069397}, "costs": {"total_cost": 170.08702591654702, "time_cost": 72.656, "final_distance_cost": 1.806953301845077, "oscillation_cost": 20.958734092096226, "completition_cost": 0.0, "overshoot_cost": 51.07235547723803, "power_cost": 12.174081323242188, "noise_cost": 11.418901722125502, "n_waypoints_completed": 9, "tot_waypoints": 9}}
{"target": -170.21194384017744, "params": {"k_pid_pos": [0.6432087056807906, 0.00364599491485077, 0.0048325651259619315], "k_pid_alt": [1.6306360678524285, 0.00015811746954422627, 0.0014475440101326831], "k_pid_att": [36.7622495042689, 7.87060146359412, 0.5294038896745491], "k_pid_yaw": [0.5, 1e-06, 0.1], "k_pid_hsp": [0.10347110210761035, 0.005650057881330509, 0.0], "k_pid_vsp": [233.74402565698153, 191.64919913388383, 0.7321344466832248]}, "datetime": {"datetime": "2025-08-20 20:27:22", "elapsed": 30896.52692914009, "delta": 17.281161546707153}, "costs": {"total_cost": 170.21194384017744, "time_cost": 70.848, "final_distance_cost": 1.8279835232264454, "oscillation_cost": 22.818099432108603, "completition_cost": 0.0, "overshoot_cost": 50.976459199284946, "power_cost": 12.244299499511719, "noise_cost": 11.497102186045739, "n_waypoints_completed": 9, "tot_waypoints": 9}}
{"target": -176.21903489468556, "params": {"k_pid_pos": [0.3614310565659132, 0.004098966230949593, 0.00822385086234823], "k_pid_alt": [1.3782698361662522, 0.00015748848823963056, 0.001735402402887039], "k_pid_att": [26.816803230316054, 8.090641009416679, 0.7801290497054127], "k_pid_yaw": [0.5, 1e-06, 0.1], "k_pid_hsp": [0.11054272070352526, 0.002442969025680203, 0.0], "k_pid_vsp": [177.16882545379565, 111.55375314338414, 1.1571503829263143]}, "datetime": {"datetime": "2025-08-20 20:27:39", "elapsed": 30914.050298452377, "delta": 17.523369312286377}, "costs": {"total_cost": 176.21903489468556, "time_cost": 79.296, "final_distance_cost": 1.85294549516769, "oscillation_cost": 17.40256233029528, "completition_cost": 0.0, "overshoot_cost": 52.13726602496158, "power_cost": 12.510826525878906, "noise_cost": 13.019434518382104, "n_waypoints_completed": 9, "tot_waypoints": 9}}
{"target": -169.49982747522478, "params": {"k_pid_pos": [0.5635718262077816, 0.0038638333841957916, 0.0070122374978600155], "k_pid_alt": [2.0, 0.0001428519469272632, 0.002014438498627503], "k_pid_att": [31.61793632401557, 8.272103373475698, 0.6744321214621651], "k_pid_yaw": [0.5, 1e-06, 0.1], "k_pid_hsp": [0.10549185130465273, 0.004621943645231846, 0.0], "k_pid_vsp": [138.37615709300437, 208.59278496402786, 0.8733300182756712]}, "datetime": {"datetime": "2025-08-20 20:27:56", "elapsed": 30930.96310019493, "delta": 16.91280174255371}, "costs": {"total_cost": 169.49982747522478, "time_cost": 71.712, "final_distance_cost": 1.818020784917994, "oscillation_cost": 21.499754986722735, "completition_cost": 0.0, "overshoot_cost": 50.584873474419226, "power_cost": 12.267231262207032, "noise_cost": 11.61794696695778, "n_waypoints_completed": 9, "tot_waypoints": 9}}
{"target": -175.28553125775647, "params": {"k_pid_pos": [0.38383440095910587, 0.004655194189469257, 0.0075313269920133765], "k_pid_alt": [1.7760888244922401, 0.0001223299654389122, 0.002169211388470538], "k_pid_att": [30.04426335588742, 7.044279777048234, 0.7699871343881162], "k_pid_yaw": [0.5, 1e-06, 0.1], "k_pid_hsp": [0.10673774303227539, 0.006365487772256703, 0.0], "k_pid_vsp": [159.2489712404368, 260.6676279731004, 1.036395472650488]}, "datetime": {"datetime": "2025-08-20 20:28:13", "elapsed": 30948.17839550972, "delta": 17.21529531478882}, "costs": {"total_cost": 175.28553125775647, "time_cost": 77.12, "final_distance_cost": 1.8562734729561325, "oscillation_cost": 18.266388814248426, "completition_cost": 0.0, "overshoot_cost": 51.908680804603264, "power_cost": 13.270325756835938, "noise_cost": 12.863862409112691, "n_waypoints_completed": 9, "tot_waypoints": 9}}
{"target": -176.38625004355893, "params": {"k_pid_pos": [0.6793921296950186, 0.003733280526731392, 0.008608085048275716], "k_pid_alt": [2.0, 0.0001450263433491086, 0.0018472992063740927], "k_pid_att": [44.66994582331403, 5.363999328776559, 0.8340419198821932], "k_pid_yaw": [0.5, 1e-06, 0.1], "k_pid_hsp": [0.05728386332476942, 0.006362758497354026, 0.0], "k_pid_vsp": [121.84375148991421, 286.75916945079626, 1.1594183104314115]}, "datetime": {"datetime": "2025-08-20 20:28:31", "elapsed": 30966.3181681633, "delta": 18.139772653579712}, "costs": {"total_cost": 176.38625004355893, "time_cost": 76.144, "final_distance_cost": 1.7499938132401531, "oscillation_cost": 20.486111208206673, "completition_cost": 0.0, "overshoot_cost": 53.03157101540448, "power_cost": 12.814248742675781, "noise_cost": 12.160325264031842, "n_waypoints_completed": 9, "tot_waypoints": 9}}
{"target": -169.9269186293712, "params": {"k_pid_pos": [0.6267156718635752, 0.004708607444643523, 0.008859252094635525], "k_pid_alt": [1.9427928363285851, 0.0001730064050771388, 0.002129522173171526], "k_pid_att": [28.746378479581654, 5.396640304800491, 0.7365327241126755], "k_pid_yaw": [0.5, 1e-06, 0.1], "k_pid_hsp": [0.10067849876403362, 0.005962463806349366, 0.0], "k_pid_vsp": [258.50484881649083, 212.91186592514404, 0.9516391885635032]}, "datetime": {"datetime": "2025-08-20 20:28:48", "elapsed": 30983.03054189682, "delta": 16.712373733520508}, "costs": {"total_cost": 169.9269186293712, "time_cost": 71.06400000000001, "final_distance_cost": 1.8290874092380351, "oscillation_cost": 22.087419058391852, "completition_cost": 0.0, "overshoot_cost": 51.09891723322775, "power_cost": 12.377466943359376, "noise_cost": 11.470027985154163, "n_waypoints_completed": 9, "tot_waypoints": 9}}
{"target": -169.47417855232598, "params": {"k_pid_pos": [0.6173664343400561, 0.002294353091113912, 0.007244878029616001], "k_pid_alt": [1.828961221730656, 0.00012040830544101943, 0.00209963795350051], "k_pid_att": [33.872272300585244, 6.535191394314583, 0.7437343596963727], "k_pid_yaw": [0.5, 1e-06, 0.1], "k_pid_hsp": [0.10159959373291348, 0.006830377177036016, 0.0], "k_pid_vsp": [216.880476660874, 181.88254179822513, 0.7414642301028266]}, "datetime": {"datetime": "2025-08-20 20:29:05", "elapsed": 30999.56285262108, "delta": 16.532310724258423}, "costs": {"total_cost": 169.47417855232598, "time_cost": 71.048, "final_distance_cost": 1.8101022905797535, "oscillation_cost": 22.087649346025497, "completition_cost": 0.0, "overshoot_cost": 50.70737723193464, "power_cost": 12.370032470703126, "noise_cost": 11.45101721308294, "n_waypoints_completed": 9, "tot_waypoints": 9}}
{"target": -170.38459802183294, "params": {"k_pid_pos": [0.4890533984159086, 0.0037428911819868266, 0.010264963273022681], "k_pid_alt": [1.501987847365647, 0.00014851936690051277, 0.0008613174681020166], "k_pid_att": [41.317796322652356, 4.992912899682694, 0.6958331445414281], "k_pid_yaw": [0.5, 1e-06, 0.1], "k_pid_hsp": [0.0916932395548401, 0.006747754436580197, 0.0], "k_pid_vsp": [211.3106812536397, 194.91577186637824, 0.844742611796303]}, "datetime": {"datetime": "2025-08-20 20:29:22", "elapsed": 31016.56980752945, "delta": 17.00695490837097}, "costs": {"total_cost": 170.38459802183294, "time_cost": 72.968, "final_distance_cost": 1.816782194152596, "oscillation_cost": 19.32212516182907, "completition_cost": 0.0, "overshoot_cost": 51.84718324846787, "power_cost": 12.449900598144533, "noise_cost": 11.980606819238877, "n_waypoints_completed": 9, "tot_waypoints": 9}}
{"target": -169.75656120727922, "params": {"k_pid_pos": [0.5766725073911315, 0.0038720771693246257, 0.008099001920624382], "k_pid_alt": [1.787106741325464, 0.00016345740570619527, 0.0015335170885670605], "k_pid_att": [30.941975989319655, 4.7414101772206685, 0.8346645780765941], "k_pid_yaw": [0.5, 1e-06, 0.1], "k_pid_hsp": [0.08491454909475014, 0.006276121898028976, 0.0], "k_pid_vsp": [222.09433759845294, 218.1049927613639, 0.76859133680199]}, "datetime": {"datetime": "2025-08-20 20:29:37", "elapsed": 31032.22688961029, "delta": 15.657082080841064}, "costs": {"total_cost": 169.75656120727922, "time_cost": 72.152, "final_distance_cost": 1.7992369177871168, "oscillation_cost": 20.788234534162367, "completition_cost": 0.0, "overshoot_cost": 51.02766362966349, "power_cost": 12.4047486328125, "noise_cost": 11.584677492853723, "n_waypoints_completed": 9, "tot_waypoints": 9}}
{"target": -169.83497684793193, "params": {"k_pid_pos": [0.4878289474514248, 0.0034268455614750795, 0.006373515615667129], "k_pid_alt": [1.5268189960042793, 0.00012385102822509884, 0.0020725310224616604], "k_pid_att": [31.89581334007219, 4.498735348827528, 0.7824242980375903], "k_pid_yaw": [0.5, 1e-06, 0.1], "k_pid_hsp": [0.09876090010073922, 0.007144467941856633, 0.0], "k_pid_vsp": [147.53764544665225, 310.6771064432317, 1.0009907194412755]}, "datetime": {"datetime": "2025-08-20 20:29:55", "elapsed": 31049.73346710205, "delta": 17.506577491760254}, "costs": {"total_cost": 169.83497684793193, "time_cost": 72.8, "final_distance_cost": 1.8247785910782948, "oscillation_cost": 20.079786465532948, "completition_cost": 0.0, "overshoot_cost": 50.836608830411365, "power_cost": 12.512908374023437, "noise_cost": 11.780894586885903, "n_waypoints_completed": 9, "tot_waypoints": 9}}
{"target": -169.82173079086792, "params": {"k_pid_pos": [0.6119854114200023, 0.0032386526881336233, 0.006366316504724477], "k_pid_alt": [1.798331104325638, 0.0001377897835661181, 0.0017875965530163979], "k_pid_att": [32.157036883744894, 5.716430616275008, 0.7063120226660953], "k_pid_yaw": [0.5, 1e-06, 0.1], "k_pid_hsp": [0.12093835132863405, 0.0053642323055847, 0.0], "k_pid_vsp": [197.2709924195568, 202.3305472745948, 0.7110525715110324]}, "datetime": {"datetime": "2025-08-20 20:30:11", "elapsed": 31065.589906930923, "delta": 15.85643982887268}, "costs": {"total_cost": 169.82173079086792, "time_cost": 70.976, "final_distance_cost": 1.8213805311544735, "oscillation_cost": 23.03771292003779, "completition_cost": 0.0, "overshoot_cost": 50.5877687032864, "power_cost": 12.045642895507813, "noise_cost": 11.353225740881431, "n_waypoints_completed": 9, "tot_waypoints": 9}}
{"target": -169.97157488397954, "params": {"k_pid_pos": [0.49647071241314705, 0.0029213795742429175, 0.009809838064448692], "k_pid_alt": [1.6256734693942414, 0.00015235538256903335, 0.001124759263690798], "k_pid_att": [29.839664798738323, 5.821759284721814, 0.6450969652310524], "k_pid_yaw": [0.5, 1e-06, 0.1], "k_pid_hsp": [0.07583560276683372, 0.005363173727577203, 0.0], "k_pid_vsp": [205.2203130621308, 179.21036330262777, 0.8401652117500552]}, "datetime": {"datetime": "2025-08-20 20:30:29", "elapsed": 31083.946154356003, "delta": 18.356247425079346}, "costs": {"total_cost": 169.97157488397954, "time_cost": 73.8, "final_distance_cost": 1.8052800618533058, "oscillation_cost": 18.28982832226096, "completition_cost": 0.0, "overshoot_cost": 51.80555647787238, "power_cost": 12.41468359375, "noise_cost": 11.856226428242907, "n_waypoints_completed": 9, "tot_waypoints": 9}}
{"target": -169.73609978125515, "params": {"k_pid_pos": [0.5664074560636891, 0.004377133465529742, 0.01086218708336525], "k_pid_alt": [1.924356293547237, 0.00013225593620467743, 0.0019839303274450217], "k_pid_att": [27.896810570139895, 5.794864586997096, 0.821313019868553], "k_pid_yaw": [0.5, 1e-06, 0.1], "k_pid_hsp": [0.10754184347967942, 0.005807513413273875, 0.0], "k_pid_vsp": [186.73440680766188, 181.12923964395387, 0.9037975278159468]}, "datetime": {"datetime": "2025-08-20 20:30:44", "elapsed": 31099.179688453674, "delta": 15.233534097671509}, "costs": {"total_cost": 169.73609978125515, "time_cost": 71.568, "final_distance_cost": 1.833513122158103, "oscillation_cost": 21.47922486787315, "completition_cost": 0.0, "overshoot_cost": 50.6991007778185, "power_cost": 12.485758093261719, "noise_cost": 11.670502920143667, "n_waypoints_completed": 9, "tot_waypoints": 9}}
{"target": -169.47510499808615, "params": {"k_pid_pos": [0.5667101516212742, 0.0031871457103905087, 0.006113111425477761], "k_pid_alt": [1.854542073741128, 0.0001264387151207517, 0.0023460401058178265], "k_pid_att": [39.00429270803313, 5.069579361833457, 0.7380570002618269], "k_pid_yaw": [0.5, 1e-06, 0.1], "k_pid_hsp": [0.08534183917930445, 0.006612778543670869, 0.0], "k_pid_vsp": [238.5304472334548, 246.61002242008462, 0.6330853853629326]}, "datetime": {"datetime": "2025-08-20 20:31:02", "elapsed": 31117.004637479782, "delta": 17.824949026107788}, "costs": {"total_cost": 169.47510499808615, "time_cost": 72.184, "final_distance_cost": 1.8259967649202729, "oscillation_cost": 20.501820105681993, "completition_cost": 0.0, "overshoot_cost": 51.33001916405116, "power_cost": 12.163947644042969, "noise_cost": 11.46932131938976, "n_waypoints_completed": 9, "tot_waypoints": 9}}
{"target": -169.36119941090516, "params": {"k_pid_pos": [0.515906609813185, 0.003598152909782895, 0.009770039658293457], "k_pid_alt": [2.0, 7.332352078047968e-05, 0.001158558880825514], "k_pid_att": [31.78277359304256, 6.332115896054044, 0.7161752364978146], "k_pid_yaw": [0.5, 1e-06, 0.1], "k_pid_hsp": [0.10020438188347804, 0.004684745697796515, 0.0], "k_pid_vsp": [190.83158282030737, 245.96246314660655, 0.7750269452472383]}, "datetime": {"datetime": "2025-08-20 20:31:18", "elapsed": 31132.889951467514, "delta": 15.885313987731934}, "costs": {"total_cost": 169.36119941090516, "time_cost": 72.432, "final_distance_cost": 1.8406606416625642, "oscillation_cost": 20.160208677044828, "completition_cost": 0.0, "overshoot_cost": 50.95808579928841, "power_cost": 12.353101245117188, "noise_cost": 11.617143047792142, "n_waypoints_completed": 9, "tot_waypoints": 9}}
{"target": -169.90403405623795, "params": {"k_pid_pos": [0.6145905628390601, 0.0060181881749108435, 0.0087503050975586], "k_pid_alt": [1.336512828848164, 0.00014671184929236118, 0.0020865775370590167], "k_pid_att": [33.24865292544395, 5.439160825018852, 0.5356765620545277], "k_pid_yaw": [0.5, 1e-06, 0.1], "k_pid_hsp": [0.08517684958516081, 0.005381991581393036, 0.0], "k_pid_vsp": [240.25673644946605, 207.70245429104855, 0.6912948434615499]}, "datetime": {"datetime": "2025-08-20 20:31:36", "elapsed": 31150.879276514053, "delta": 17.989325046539307}, "costs": {"total_cost": 169.90403405623795, "time_cost": 72.072, "final_distance_cost": 1.8014414250980837, "oscillation_cost": 21.06281279676043, "completition_cost": 0.0, "overshoot_cost": 51.34111911816066, "power_cost": 12.103897570800783, "noise_cost": 11.522763145417981, "n_waypoints_completed": 9, "tot_waypoints": 9}}
{"target": -170.0441181708895, "params": {"k_pid_pos": [0.5020108623387532, 0.004906876330946903, 0.011174306457627023], "k_pid_alt": [2.0, 0.00013616891214532684, 0.002131901821585312], "k_pid_att": [26.693676908126246, 3.8205311031661693, 0.8150989384201995], "k_pid_yaw": [0.5, 1e-06, 0.1], "k_pid_hsp": [0.081180736216465, 0.007277900537414014, 0.0], "k_pid_vsp": [173.97645616755324, 179.6672711216852, 0.9970285848147302]}, "datetime": {"datetime": "2025-08-20 20:31:52", "elapsed": 31166.779935121536, "delta": 15.90065860748291}, "costs": {"total_cost": 170.0441181708895, "time_cost": 73.232, "final_distance_cost": 1.8163577144419574, "oscillation_cost": 19.18599388203708, "completition_cost": 0.0, "overshoot_cost": 51.712868527057324, "power_cost": 12.301749047851564, "noise_cost": 11.795148999501576, "n_waypoints_completed": 9, "tot_waypoints": 9}}
{"target": -169.2044500587429, "params": {"k_pid_pos": [0.4884375391383921, 0.0030613998222612997, 0.010863227328713662], "k_pid_alt": [1.5537618031371327, 0.00011657703654441385, 0.002263491628049784], "k_pid_att": [25.73325373505141, 6.651133002585151, 0.45253459621659164], "k_pid_yaw": [0.5, 1e-06, 0.1], "k_pid_hsp": [0.08198429736308795, 0.00515696519090321, 0.0], "k_pid_vsp": [170.74099403655177, 296.5324635513427, 0.6694076420942676]}, "datetime": {"datetime": "2025-08-20 20:32:10", "elapsed": 31184.65966320038, "delta": 17.879728078842163}, "costs": {"total_cost": 169.2044500587429, "time_cost": 73.32000000000001, "final_distance_cost": 1.8064225218624723, "oscillation_cost": 18.70697663013658, "completition_cost": 0.0, "overshoot_cost": 51.367534107429606, "power_cost": 12.30944080810547, "noise_cost": 11.694075991208772, "n_waypoints_completed": 9, "tot_waypoints": 9}}
{"target": -169.81342964256928, "params": {"k_pid_pos": [0.4829021498698907, 0.002862412767959566, 0.008329373733203926], "k_pid_alt": [2.0, 0.00014060467746193313, 0.0017209559190551494], "k_pid_att": [28.202112946112607, 5.966805995524706, 0.6308807758124951], "k_pid_yaw": [0.5, 1e-06, 0.1], "k_pid_hsp": [0.10096105809354068, 0.005484562078012896, 0.0], "k_pid_vsp": [265.1758771178667, 184.16144264461903, 0.7586164167088235]}, "datetime": {"datetime": "2025-08-20 20:32:26", "elapsed": 31201.340193986893, "delta": 16.680530786514282}, "costs": {"total_cost": 169.81342964256928, "time_cost": 73.048, "final_distance_cost": 1.8284112666778196, "oscillation_cost": 19.661527039646803, "completition_cost": 0.0, "overshoot_cost": 50.759645044228364, "power_cost": 12.588795471191407, "noise_cost": 11.927050820824867, "n_waypoints_completed": 9, "tot_waypoints": 9}}
{"target": -172.27224709336463, "params": {"k_pid_pos": [0.41097356079375147, 0.003936654659153715, 0.00686759530542691], "k_pid_alt": [1.529126074848348, 0.00014798245334112411, 0.0018685646511995176], "k_pid_att": [32.72722242449807, 3.870089768872712, 0.6176360850662551], "k_pid_yaw": [0.5, 1e-06, 0.1], "k_pid_hsp": [0.09856220986269719, 0.005502997625283004, 0.0], "k_pid_vsp": [155.7893184167227, 184.4197589648502, 0.723736243857981]}, "datetime": {"datetime": "2025-08-20 20:32:43", "elapsed": 31218.019577741623, "delta": 16.679383754730225}, "costs": {"total_cost": 172.27224709336463, "time_cost": 75.296, "final_distance_cost": 1.83992627821933, "oscillation_cost": 17.917973369386974, "completition_cost": 0.0, "overshoot_cost": 51.81329489380094, "power_cost": 12.948974340820314, "noise_cost": 12.456078211137076, "n_waypoints_completed": 9, "tot_waypoints": 9}}
