{"target": -244.78386373364097, "params": {"k_pid_pos": [2.0, 0.3867429705839818, 0.31378231772798854], "k_pid_alt": [1.597080842425432, 0.173686105805363, 1.0], "k_pid_att": [15.183801741727288, 1.459623188519527, 0.8586120274958597], "k_pid_yaw": [0.5, 1e-06, 0.1], "k_pid_hsp": [3.49271265782397, 0.030616547936051414, 0.0], "k_pid_vsp": [0.0, 79.67890801267708, 24.569816290381187]}, "datetime": {"datetime": "2025-08-20 12:19:41", "elapsed": 1635.601554632187, "delta": 21.382273197174072}, "costs": {"total_cost": 244.78386373364097, "time_cost": 98.024, "final_distance_cost": 1.7422325194900408, "oscillation_cost": 53.86242630642006, "completition_cost": 0.0, "overshoot_cost": 55.70786602502439, "power_cost": 19.793749926757812, "noise_cost": 15.653588955948665, "n_waypoints_completed": 9, "tot_waypoints": 9}}
{"target": -758.9959729246025, "params": {"k_pid_pos": [1.8390395715496328, 0.14200189843980704, 0.38378089289542766], "k_pid_alt": [0.4250265998276303, 0.0680354820215038, 0.29412453297137114], "k_pid_att": [70.34059849855812, 0.0001, 0.3395313553972172], "k_pid_yaw": [0.5, 1e-06, 0.1], "k_pid_hsp": [4.059804181485997, 0.24674031502109064, 0.08318114878326281], "k_pid_vsp": [12.16561258174221, 1e-06, 3.382419045081902]}, "datetime": {"datetime": "2025-08-20 12:20:02", "elapsed": 1657.434557914734, "delta": 21.833003282546997}, "costs": {"total_cost": 758.9959729246025, "time_cost": 150, "final_distance_cost": 68.66187330506875, "oscillation_cost": 124.83492914750968, "completition_cost": 333.33333333333337, "overshoot_cost": 47.01566670654609, "power_cost": 18.75371628417969, "noise_cost": 16.39645414796491, "n_waypoints_completed": 6, "tot_waypoints": 9}}
{"target": -226.2374724575936, "params": {"k_pid_pos": [2.0, 0.1947889184094382, 0.1981774043681723], "k_pid_alt": [0.9340421474296349, 0.43759000563776485, 0.6128132928244034], "k_pid_att": [39.381085712613576, 0.45800602412718905, 1.0], "k_pid_yaw": [0.5, 1e-06, 0.1], "k_pid_hsp": [3.1727015628641233, 0.13577362228410414, 0.0], "k_pid_vsp": [113.88148205121843, 204.66490748103033, 70.74555483962119]}, "datetime": {"datetime": "2025-08-20 12:20:22", "elapsed": 1677.3269503116608, "delta": 19.89239239692688}, "costs": {"total_cost": 226.2374724575936, "time_cost": 91.152, "final_distance_cost": 1.7199439948130433, "oscillation_cost": 56.633673305118535, "completition_cost": 0.0, "overshoot_cost": 54.65189745791141, "power_cost": 11.751739733886719, "noise_cost": 10.32821796586387, "n_waypoints_completed": 9, "tot_waypoints": 9}}
{"target": -1235.8217491551052, "params": {"k_pid_pos": [0.0001, 0.06349895401792546, 0.2755150939664077], "k_pid_alt": [0.6090544394706312, 1.0, 0.06765769166490644], "k_pid_att": [45.537382549832365, 1.4886479879305583, 0.5224210850287254], "k_pid_yaw": [0.5, 1e-06, 0.1], "k_pid_hsp": [2.6847663438543132, 0.11086369902604291, 0.006460777315503717], "k_pid_vsp": [115.06572544443212, 99.20446764195164, 40.734724008338524]}, "datetime": {"datetime": "2025-08-20 12:20:44", "elapsed": 1699.3614213466644, "delta": 22.034471035003662}, "costs": {"total_cost": 1235.8217491551052, "time_cost": 150, "final_distance_cost": 52.08613758577424, "oscillation_cost": 23.95692402213804, "completition_cost": 888.8888888888888, "overshoot_cost": 92.25445659116983, "power_cost": 16.31995040283203, "noise_cost": 12.315391664302016, "n_waypoints_completed": 1, "tot_waypoints": 9}}
{"target": -369.0728207553201, "params": {"k_pid_pos": [2.0, 0.39099121391969627, 0.3180026680556025], "k_pid_alt": [1.6896055038969238, 0.4191816783806708, 0.5602323382267497], "k_pid_att": [47.37260897745413, 3.2473289218461368, 0.18571231266770594], "k_pid_yaw": [0.5, 1e-06, 0.1], "k_pid_hsp": [3.2640984220499085, 0.18890808902414422, 0.03758035590090989], "k_pid_vsp": [346.4571714728286, 254.13682186987526, 176.28831292550692]}, "datetime": {"datetime": "2025-08-20 12:21:06", "elapsed": 1720.7398064136505, "delta": 21.378385066986084}, "costs": {"total_cost": 369.0728207553201, "time_cost": 98.176, "final_distance_cost": 1.7690928091017202, "oscillation_cost": 177.97105371612741, "completition_cost": 0.0, "overshoot_cost": 56.68283270203485, "power_cost": 19.547522717285158, "noise_cost": 14.926318810770947, "n_waypoints_completed": 9, "tot_waypoints": 9}}
{"target": -724.7704904160632, "params": {"k_pid_pos": [1.6053975096341062, 0.3799202099028134, 0.39948223334290317], "k_pid_alt": [1.5432254678859654, 0.19588407933953353, 0.7126733857006405], "k_pid_att": [64.48663300452692, 1.075636980678283, 0.9278026627839373], "k_pid_yaw": [0.5, 1e-06, 0.1], "k_pid_hsp": [0.0001, 0.10357230624646828, 0.02731100825841085], "k_pid_vsp": [16.54370142575098, 1e-06, 1e-06]}, "datetime": {"datetime": "2025-08-20 12:21:28", "elapsed": 1742.6303448677063, "delta": 21.890538454055786}, "costs": {"total_cost": 724.7704904160632, "time_cost": 150, "final_distance_cost": 68.71851505568951, "oscillation_cost": 82.82210865137691, "completition_cost": 333.33333333333337, "overshoot_cost": 52.98571482520768, "power_cost": 20.39602567138672, "noise_cost": 16.514792879069123, "n_waypoints_completed": 6, "tot_waypoints": 9}}
{"target": -230.5924853951815, "params": {"k_pid_pos": [2.0, 0.2702795744202717, 0.4186034282793554], "k_pid_alt": [1.6962819254095611, 0.11161218087489848, 0.3279709038185519], "k_pid_att": [82.82645813529513, 0.5555061897571782, 0.6936557745148054], "k_pid_yaw": [0.5, 1e-06, 0.1], "k_pid_hsp": [1.4031354463403545, 0.15791178230568753, 0.0], "k_pid_vsp": [0.0, 400.0, 7.056541902310509]}, "datetime": {"datetime": "2025-08-20 12:21:45", "elapsed": 1760.4967548847198, "delta": 17.86641001701355}, "costs": {"total_cost": 230.5924853951815, "time_cost": 83.496, "final_distance_cost": 1.6897131334685405, "oscillation_cost": 63.53146939382285, "completition_cost": 0.0, "overshoot_cost": 53.015959479571556, "power_cost": 16.927615661621093, "noise_cost": 11.931727726697464, "n_waypoints_completed": 9, "tot_waypoints": 9}}
{"target": -1504.798799411156, "params": {"k_pid_pos": [2.0, 0.8108932832540862, 0.07508264186127062], "k_pid_alt": [1.3399678528533265, 0.08880846130642583, 0.372168306953305], "k_pid_att": [70.19841113979795, 0.0001, 0.5300142570161502], "k_pid_yaw": [0.5, 1e-06, 0.1], "k_pid_hsp": [0.0001, 0.0, 0.21901108622013066], "k_pid_vsp": [201.7253952922513, 271.5361584348516, 24.792393248562828]}, "datetime": {"datetime": "2025-08-20 12:22:07", "elapsed": 1782.3584206104279, "delta": 21.861665725708008}, "costs": {"total_cost": 1504.798799411156, "time_cost": 150, "final_distance_cost": 134.3213438678713, "oscillation_cost": 410.54007960494465, "completition_cost": 666.6666666666667, "overshoot_cost": 106.8770370214903, "power_cost": 20.656651196289065, "noise_cost": 15.737021053894278, "n_waypoints_completed": 3, "tot_waypoints": 9}}
{"target": -715.7679820536499, "params": {"k_pid_pos": [1.1354170366812815, 0.5501467486360653, 0.4628372732337536], "k_pid_alt": [0.675804205918447, 0.6394349264066089, 0.3454851180190414], "k_pid_att": [42.973720559198966, 1.9616246873689924, 0.7357205707334837], "k_pid_yaw": [0.5, 1e-06, 0.1], "k_pid_hsp": [6.3936352274164845, 0.09252682630698637, 0.0746757532022848], "k_pid_vsp": [306.7336616688643, 102.69258503476289, 168.74567082447624]}, "datetime": {"datetime": "2025-08-20 12:22:29", "elapsed": 1803.7103559970856, "delta": 21.351935386657715}, "costs": {"total_cost": 715.7679820536499, "time_cost": 150, "final_distance_cost": 76.43687597234913, "oscillation_cost": 176.2350968979993, "completition_cost": 222.2222222222222, "overshoot_cost": 54.82390789141475, "power_cost": 20.71559108886719, "noise_cost": 15.334287980797363, "n_waypoints_completed": 7, "tot_waypoints": 9}}
{"target": -1148.782164219384, "params": {"k_pid_pos": [1.7609818805638213, 0.2621439458355435, 0.2876291573092363], "k_pid_alt": [1.8708229686516848, 0.3168004178866724, 0.5527120278353713], "k_pid_att": [36.93536038829762, 1.819150301496143, 0.0], "k_pid_yaw": [0.5, 1e-06, 0.1], "k_pid_hsp": [3.5277040604759207, 0.0, 0.07323158259868857], "k_pid_vsp": [0.0, 89.04300191153447, 95.06405986726948]}, "datetime": {"datetime": "2025-08-20 12:22:50", "elapsed": 1825.425589799881, "delta": 21.71523380279541}, "costs": {"total_cost": 1148.782164219384, "time_cost": 150, "final_distance_cost": 39.25005674908601, "oscillation_cost": 292.5941520012264, "completition_cost": 555.5555555555555, "overshoot_cost": 69.50626323845215, "power_cost": 19.324247119140626, "noise_cost": 22.55188955592316, "n_waypoints_completed": 4, "tot_waypoints": 9}}
{"target": -4198.452845167602, "params": {"k_pid_pos": [1.7819795299363157, 0.2845249529494971, 0.15818023273185103], "k_pid_alt": [1.214189284099185, 0.11540217396721646, 0.474318493436331], "k_pid_att": [0.0, 0.0001, 0.8295528172621922], "k_pid_yaw": [0.5, 1e-06, 0.1], "k_pid_hsp": [2.243260784994151, 0.094591699739622, 0.1311501337894644], "k_pid_vsp": [284.45968156726525, 52.85725921519887, 33.3470095469708]}, "datetime": {"datetime": "2025-08-20 12:23:12", "elapsed": 1847.3307263851166, "delta": 21.905136585235596}, "costs": {"total_cost": 4198.452845167602, "time_cost": 150, "final_distance_cost": 1154.7750010919206, "oscillation_cost": 3.0109384326076603, "completition_cost": 1000.0, "overshoot_cost": 1883.7944636393936, "power_cost": 2.535534509277344, "noise_cost": 4.336907494402747, "n_waypoints_completed": 0, "tot_waypoints": 9}}
{"target": -203.1715767967563, "params": {"k_pid_pos": [1.1771187923252857, 0.5337181213711789, 0.9114083710120443], "k_pid_alt": [1.0175536794787245, 0.0, 0.39746343836178294], "k_pid_att": [34.58554619051519, 0.0001, 0.5709140918368165], "k_pid_yaw": [0.5, 1e-06, 0.1], "k_pid_hsp": [5.754667963629887, 0.4718867646962331, 0.0], "k_pid_vsp": [145.7914656579112, 248.05184297453005, 12.023852921991589]}, "datetime": {"datetime": "2025-08-20 12:23:29", "elapsed": 1864.444343805313, "delta": 17.113617420196533}, "costs": {"total_cost": 203.1715767967563, "time_cost": 78.408, "final_distance_cost": 1.7952073664750698, "oscillation_cost": 45.268708406672815, "completition_cost": 0.0, "overshoot_cost": 50.09153167512625, "power_cost": 15.209381494140626, "noise_cost": 12.398747854341575, "n_waypoints_completed": 9, "tot_waypoints": 9}}
{"target": -457.2838431186691, "params": {"k_pid_pos": [1.5010193230347249, 0.3844151223316445, 0.49079683396486623], "k_pid_alt": [1.078211258741182, 1.0, 0.6499563325088804], "k_pid_att": [4.744437821281589, 0.09725460287776666, 0.1725273367581167], "k_pid_yaw": [0.5, 1e-06, 0.1], "k_pid_hsp": [0.38927318275498135, 0.08941125309393351, 0.010039338086832793], "k_pid_vsp": [40.82343882475033, 173.41531134752407, 1e-06]}, "datetime": {"datetime": "2025-08-20 12:23:51", "elapsed": 1886.2013413906097, "delta": 21.75699758529663}, "costs": {"total_cost": 457.2838431186691, "time_cost": 150, "final_distance_cost": 46.47486217294874, "oscillation_cost": 61.745538771127315, "completition_cost": 111.11111111111116, "overshoot_cost": 53.729612536031354, "power_cost": 18.436492126464845, "noise_cost": 15.786226400985683, "n_waypoints_completed": 8, "tot_waypoints": 9}}
{"target": -700.2812155502219, "params": {"k_pid_pos": [0.6222164681632156, 0.19831318570527048, 0.0], "k_pid_alt": [0.6042654101133066, 0.6742943665546343, 0.7950546134690031], "k_pid_att": [41.531849506287976, 0.8065710003214019, 0.6749637447608722], "k_pid_yaw": [0.5, 1e-06, 0.1], "k_pid_hsp": [6.1368753343461675, 0.07477087322276414, 0.046099073948865955], "k_pid_vsp": [124.77409514543244, 117.14650139518879, 83.38049486951493]}, "datetime": {"datetime": "2025-08-20 12:24:13", "elapsed": 1908.2520282268524, "delta": 22.050686836242676}, "costs": {"total_cost": 700.2812155502219, "time_cost": 150, "final_distance_cost": 73.34567694514345, "oscillation_cost": 62.013235827111345, "completition_cost": 333.33333333333337, "overshoot_cost": 49.92673809600137, "power_cost": 18.021769250488283, "noise_cost": 13.640462098144038, "n_waypoints_completed": 6, "tot_waypoints": 9}}
{"target": -1247.0292143913216, "params": {"k_pid_pos": [1.290205458049758, 0.08301764302623534, 0.949452263170261], "k_pid_alt": [0.9085317343889407, 0.7305394510291313, 0.8830005487997523], "k_pid_att": [51.293716567049245, 0.0001, 0.9162072698969977], "k_pid_yaw": [0.5, 1e-06, 0.1], "k_pid_hsp": [0.0001, 0.3278088401204236, 0.0], "k_pid_vsp": [126.15242534822632, 244.96791129110818, 70.56692500505548]}, "datetime": {"datetime": "2025-08-20 12:24:35", "elapsed": 1929.8627331256866, "delta": 21.61070489883423}, "costs": {"total_cost": 1247.0292143913216, "time_cost": 150, "final_distance_cost": 94.3719909637727, "oscillation_cost": 115.17233036442052, "completition_cost": 777.7777777777778, "overshoot_cost": 72.59795607968586, "power_cost": 21.78718349609375, "noise_cost": 15.32197570957072, "n_waypoints_completed": 2, "tot_waypoints": 9}}
{"target": -958.1535923731841, "params": {"k_pid_pos": [1.4839605848013964, 0.07786499100590838, 0.17268776395649868], "k_pid_alt": [0.11631904355582923, 0.0, 0.2498638498072312], "k_pid_att": [41.05774303669862, 0.0001, 0.5539203075235589], "k_pid_yaw": [0.5, 1e-06, 0.1], "k_pid_hsp": [3.8825643786863524, 0.0, 0.0], "k_pid_vsp": [91.53905410389082, 174.3667959742265, 5.588833258222077]}, "datetime": {"datetime": "2025-08-20 12:24:57", "elapsed": 1951.7198872566223, "delta": 21.85715413093567}, "costs": {"total_cost": 958.1535923731841, "time_cost": 150, "final_distance_cost": 53.57734573649657, "oscillation_cost": 16.876061468086867, "completition_cost": 666.6666666666667, "overshoot_cost": 43.15526821831823, "power_cost": 14.188782836914063, "noise_cost": 13.689467446701645, "n_waypoints_completed": 3, "tot_waypoints": 9}}
{"target": -244.03528649965563, "params": {"k_pid_pos": [2.0, 0.15267238836666264, 0.2933477823895518], "k_pid_alt": [1.6942783078073493, 0.29195023166935063, 0.29089029936243854], "k_pid_att": [26.83957448750255, 1.0294143256382136, 1.0], "k_pid_yaw": [0.5, 1e-06, 0.1], "k_pid_hsp": [5.038400588910236, 0.27093580063409267, 0.0], "k_pid_vsp": [47.77953988117492, 238.56684687104178, 40.5349070097652]}, "datetime": {"datetime": "2025-08-20 12:25:18", "elapsed": 1972.6389198303223, "delta": 20.91903257369995}, "costs": {"total_cost": 244.03528649965563, "time_cost": 97.048, "final_distance_cost": 1.7414218396211938, "oscillation_cost": 61.16000261308276, "completition_cost": 0.0, "overshoot_cost": 52.00588191802279, "power_cost": 18.25103218994141, "noise_cost": 13.828947938987454, "n_waypoints_completed": 9, "tot_waypoints": 9}}
{"target": -181.64629593391152, "params": {"k_pid_pos": [2.0, 0.3042227652849765, 0.8508459155504756], "k_pid_alt": [1.5165222225781632, 0.0038036516799861233, 0.13836475710115717], "k_pid_att": [42.47752128604236, 1.7408479951807398, 0.661376665400596], "k_pid_yaw": [0.5, 1e-06, 0.1], "k_pid_hsp": [1.7935117992510534, 0.3452436169484983, 0.0], "k_pid_vsp": [337.79487443184325, 232.82049182092183, 18.962424933841277]}, "datetime": {"datetime": "2025-08-20 12:25:33", "elapsed": 1987.6217894554138, "delta": 14.982869625091553}, "costs": {"total_cost": 181.64629593391152, "time_cost": 69.048, "final_distance_cost": 1.7994963631733563, "oscillation_cost": 40.69678695502566, "completition_cost": 0.0, "overshoot_cost": 50.11205930578092, "power_cost": 10.57507430419922, "noise_cost": 9.414879005732372, "n_waypoints_completed": 9, "tot_waypoints": 9}}
{"target": -239.89853609237858, "params": {"k_pid_pos": [1.0209585703857342, 0.06496917055236952, 0.6126552452948989], "k_pid_alt": [0.7454684916815278, 0.3615599846762419, 0.32624184972296716], "k_pid_att": [39.52105524126297, 1.565908643430215, 1.0], "k_pid_yaw": [0.5, 1e-06, 0.1], "k_pid_hsp": [6.176459160881102, 0.07808923422823845, 0.04886401334066001], "k_pid_vsp": [99.15651050179702, 400.0, 31.787309025355444]}, "datetime": {"datetime": "2025-08-20 12:25:51", "elapsed": 2005.6393194198608, "delta": 18.01752996444702}, "costs": {"total_cost": 239.89853609237858, "time_cost": 81.368, "final_distance_cost": 1.775667888316079, "oscillation_cost": 75.88732384708742, "completition_cost": 0.0, "overshoot_cost": 51.49949660269099, "power_cost": 16.575288598632813, "noise_cost": 12.79275915565128, "n_waypoints_completed": 9, "tot_waypoints": 9}}
{"target": -193.32915727289034, "params": {"k_pid_pos": [2.0, 0.35686992365894893, 0.722048567809679], "k_pid_alt": [2.0, 0.0, 0.1700759827547039], "k_pid_att": [58.394561075507504, 1.1231093599255282, 0.7402925391495011], "k_pid_yaw": [0.5, 1e-06, 0.1], "k_pid_hsp": [4.207927606170208, 0.19274763758990363, 0.0], "k_pid_vsp": [141.64099876288137, 287.3916037931163, 90.78724540578607]}, "datetime": {"datetime": "2025-08-20 12:26:06", "elapsed": 2020.5219769477844, "delta": 14.882657527923584}, "costs": {"total_cost": 193.32915727289034, "time_cost": 68.52, "final_distance_cost": 1.8058288145584123, "oscillation_cost": 45.57371173584524, "completition_cost": 0.0, "overshoot_cost": 48.989728691108866, "power_cost": 16.0371208984375, "noise_cost": 12.402767132940308, "n_waypoints_completed": 9, "tot_waypoints": 9}}
{"target": -491.1403187255011, "params": {"k_pid_pos": [2.0, 0.3177889307540803, 0.7794831775928399], "k_pid_alt": [0.433165164506023, 0.32199797687305937, 0.6870884168819461], "k_pid_att": [11.988988318815379, 0.6927689803817226, 1.0], "k_pid_yaw": [0.5, 1e-06, 0.1], "k_pid_hsp": [9.75191165548389, 0.38217848056933484, 0.0], "k_pid_vsp": [130.88608258179877, 1e-06, 70.95018037661413]}, "datetime": {"datetime": "2025-08-20 12:26:27", "elapsed": 2042.2517437934875, "delta": 21.729766845703125}, "costs": {"total_cost": 491.1403187255011, "time_cost": 150, "final_distance_cost": 67.532836403644, "oscillation_cost": 64.87671986845173, "completition_cost": 111.11111111111116, "overshoot_cost": 55.9245091407803, "power_cost": 24.717720520019533, "noise_cost": 16.97742168149436, "n_waypoints_completed": 8, "tot_waypoints": 9}}
{"target": -221.8719051805899, "params": {"k_pid_pos": [1.5813281960466956, 0.33582028453056223, 0.5280590658076257], "k_pid_alt": [0.7984752472873097, 0.2660961609982764, 0.22553605812103472], "k_pid_att": [17.515540215925554, 0.17945445803965013, 0.466965926422013], "k_pid_yaw": [0.5, 1e-06, 0.1], "k_pid_hsp": [6.075103370589687, 0.23551119395815587, 0.0], "k_pid_vsp": [225.02234628276832, 140.71835681250843, 19.20508724483206]}, "datetime": {"datetime": "2025-08-20 12:26:45", "elapsed": 2059.9309492111206, "delta": 17.679205417633057}, "costs": {"total_cost": 221.8719051805899, "time_cost": 81.208, "final_distance_cost": 1.7194900354670166, "oscillation_cost": 51.03616373553818, "completition_cost": 0.0, "overshoot_cost": 50.69917230432156, "power_cost": 21.6233015625, "noise_cost": 15.585777542763145, "n_waypoints_completed": 9, "tot_waypoints": 9}}
{"target": -373.94062146031496, "params": {"k_pid_pos": [1.9539812654201925, 0.16917298753302581, 1.0], "k_pid_alt": [2.0, 0.06795553249805318, 0.15042558712456516], "k_pid_att": [68.70903405831247, 2.7016966588746025, 0.0015440184276670117], "k_pid_yaw": [0.5, 1e-06, 0.1], "k_pid_hsp": [5.575963131563161, 0.34022844869049274, 0.0], "k_pid_vsp": [86.65748699218854, 1e-06, 35.32005438971008]}, "datetime": {"datetime": "2025-08-20 12:27:05", "elapsed": 2079.7234959602356, "delta": 19.79254674911499}, "costs": {"total_cost": 373.94062146031496, "time_cost": 87.98400000000001, "final_distance_cost": 1.7820747859323838, "oscillation_cost": 194.09489803779388, "completition_cost": 0.0, "overshoot_cost": 55.875927571378, "power_cost": 19.285076293945313, "noise_cost": 14.918644771265367, "n_waypoints_completed": 9, "tot_waypoints": 9}}
{"target": -420.4010876267785, "params": {"k_pid_pos": [0.3894579886768815, 0.841071581726673, 0.4144105107083081], "k_pid_alt": [0.6107884931241158, 0.0, 0.1852468282594435], "k_pid_att": [14.543444722587623, 1.8162566528292985, 0.809380526908971], "k_pid_yaw": [0.5, 1e-06, 0.1], "k_pid_hsp": [6.921887359346539, 0.09441417594639757, 0.0], "k_pid_vsp": [181.0164323709737, 400.0, 23.073135876713422]}, "datetime": {"datetime": "2025-08-20 12:27:26", "elapsed": 2101.091798067093, "delta": 21.3683021068573}, "costs": {"total_cost": 420.4010876267785, "time_cost": 150, "final_distance_cost": 1.838097880064996, "oscillation_cost": 54.95225637330379, "completition_cost": 111.11111111111116, "overshoot_cost": 53.57764962799593, "power_cost": 28.535265258789064, "noise_cost": 20.3867073755136, "n_waypoints_completed": 8, "tot_waypoints": 9}}
{"target": -359.54325750109626, "params": {"k_pid_pos": [1.4542772911085704, 0.0, 1.0], "k_pid_alt": [0.9482914011047366, 0.332517550651206, 0.639897282696464], "k_pid_att": [54.42509864789695, 1.0703519370019718, 0.770766933686401], "k_pid_yaw": [0.5, 1e-06, 0.1], "k_pid_hsp": [5.902730552104106, 0.0, 0.40917790174892593], "k_pid_vsp": [398.8212633410356, 14.713402166951672, 1e-06]}, "datetime": {"datetime": "2025-08-20 12:27:43", "elapsed": 2118.11031126976, "delta": 17.018513202667236}, "costs": {"total_cost": 359.54325750109626, "time_cost": 78.872, "final_distance_cost": 1.7647612852024226, "oscillation_cost": 199.1443068230112, "completition_cost": 0.0, "overshoot_cost": 51.453235833858855, "power_cost": 15.309362915039063, "noise_cost": 12.999590643984755, "n_waypoints_completed": 9, "tot_waypoints": 9}}
