{"target": -205.34485095211102, "params": {"k_pid_pos": [0.38592403090530353, 0.02032954093812012, 0.2522481470242515], "k_pid_alt": [2.0, 0.0001683289796483527, 0.0], "k_pid_att": [43.73842433871054, 5.06599393918783, 1.0], "k_pid_yaw": [0.5, 1e-06, 0.1], "k_pid_hsp": [0.5257838508586349, 0.06366830765797317, 0.0], "k_pid_vsp": [147.34783092374263, 80.8757184776708, 2.5005411484056697]}, "datetime": {"datetime": "2025-08-20 14:59:01", "elapsed": 11196.163118839264, "delta": 23.198440551757812}, "costs": {"total_cost": 205.34485095211102, "time_cost": 93.32000000000001, "final_distance_cost": 1.8554266970151905, "oscillation_cost": 24.891345044955788, "completition_cost": 0.0, "overshoot_cost": 53.686747225150064, "power_cost": 15.420787719726563, "noise_cost": 16.170544265263416, "n_waypoints_completed": 9, "tot_waypoints": 9}}
{"target": -202.35688758844879, "params": {"k_pid_pos": [0.4562318366184686, 0.00721725518304191, 0.33726055491961543], "k_pid_alt": [1.9046655015222012, 0.0003285141017862595, 0.049448780643517286], "k_pid_att": [28.52255734597787, 4.891736241018747, 1.0], "k_pid_yaw": [0.5, 1e-06, 0.1], "k_pid_hsp": [0.3691581818236714, 0.03688717593850721, 0.0], "k_pid_vsp": [240.99001162547066, 101.53293002719556, 2.861196821048434]}, "datetime": {"datetime": "2025-08-20 14:59:25", "elapsed": 11219.987616539001, "delta": 23.82449769973755}, "costs": {"total_cost": 202.35688758844879, "time_cost": 91.272, "final_distance_cost": 1.8596606552427006, "oscillation_cost": 24.297439475694038, "completition_cost": 0.0, "overshoot_cost": 52.975649846835424, "power_cost": 15.771349438476562, "noise_cost": 16.180788172200067, "n_waypoints_completed": 9, "tot_waypoints": 9}}
{"target": -175.07297165466647, "params": {"k_pid_pos": [0.9015982892395439, 0.02967503362124267, 0.0642460132143664], "k_pid_alt": [1.587779845689739, 0.00024395370034889779, 0.09525618357266846], "k_pid_att": [39.20454078160299, 6.194728755469034, 0.7426118313661886], "k_pid_yaw": [0.5, 1e-06, 0.1], "k_pid_hsp": [0.5882476944835521, 0.03923819068850511, 0.0], "k_pid_vsp": [400.0, 184.26717827479516, 2.0618268701838844]}, "datetime": {"datetime": "2025-08-20 14:59:44", "elapsed": 11238.7885389328, "delta": 18.800922393798828}, "costs": {"total_cost": 175.07297165466647, "time_cost": 69.912, "final_distance_cost": 1.8437393105441406, "oscillation_cost": 28.965076741022266, "completition_cost": 0.0, "overshoot_cost": 50.26378068857447, "power_cost": 12.449999816894533, "noise_cost": 11.638375097631048, "n_waypoints_completed": 9, "tot_waypoints": 9}}
{"target": -184.57834701316378, "params": {"k_pid_pos": [1.2613657982914237, 0.029336372938603198, 0.4553626733482649], "k_pid_alt": [0.6865116029742859, 0.0003099217022392811, 0.12166706356299341], "k_pid_att": [40.6983592263895, 2.532544202740509, 1.0], "k_pid_yaw": [0.5, 1e-06, 0.1], "k_pid_hsp": [1.557269057658708, 0.04768172641669871, 0.0], "k_pid_vsp": [112.9214104452566, 159.7511168985366, 0.3158247123737042]}, "datetime": {"datetime": "2025-08-20 15:00:03", "elapsed": 11258.19215965271, "delta": 19.403620719909668}, "costs": {"total_cost": 184.57834701316378, "time_cost": 74.48, "final_distance_cost": 1.8469265228657066, "oscillation_cost": 33.13840756898343, "completition_cost": 0.0, "overshoot_cost": 50.34252026331506, "power_cost": 12.785631005859376, "noise_cost": 11.984861652140195, "n_waypoints_completed": 9, "tot_waypoints": 9}}
{"target": -203.00380726307256, "params": {"k_pid_pos": [0.44174330110551185, 0.03872106703346418, 0.37943972144216404], "k_pid_alt": [0.7568692646980314, 0.00016857042403192616, 0.019895691678560028], "k_pid_att": [40.149473228507766, 2.9125755870701067, 0.6972402606765739], "k_pid_yaw": [0.5, 1e-06, 0.1], "k_pid_hsp": [0.7822466558376645, 0.02648542087991937, 0.0], "k_pid_vsp": [393.98848206934355, 199.13070433501753, 2.7030154011329626]}, "datetime": {"datetime": "2025-08-20 15:00:28", "elapsed": 11282.720889806747, "delta": 24.528730154037476}, "costs": {"total_cost": 203.00380726307256, "time_cost": 92.552, "final_distance_cost": 1.8560937358516527, "oscillation_cost": 23.603701876093538, "completition_cost": 0.0, "overshoot_cost": 53.07342384094289, "power_cost": 16.043134899902345, "noise_cost": 15.875452910282108, "n_waypoints_completed": 9, "tot_waypoints": 9}}
{"target": -174.93699782042287, "params": {"k_pid_pos": [0.9999798817614237, 0.030264768315153224, 0.31766625148957467], "k_pid_alt": [1.8519744579161195, 0.0001176930250817791, 0.11928393642225443], "k_pid_att": [38.202898321394215, 5.167837309799373, 1.0], "k_pid_yaw": [0.5, 1e-06, 0.1], "k_pid_hsp": [0.4768371686311692, 0.016880428375994624, 0.0], "k_pid_vsp": [400.0, 85.83589348580954, 1.643212849963546]}, "datetime": {"datetime": "2025-08-20 15:00:46", "elapsed": 11301.178394079208, "delta": 18.457504272460938}, "costs": {"total_cost": 174.93699782042287, "time_cost": 70.904, "final_distance_cost": 1.8382300286098925, "oscillation_cost": 27.15742560325078, "completition_cost": 0.0, "overshoot_cost": 50.46211459347729, "power_cost": 12.578517358398438, "noise_cost": 11.996710236686495, "n_waypoints_completed": 9, "tot_waypoints": 9}}
{"target": -177.83118155533361, "params": {"k_pid_pos": [1.8175338472000604, 0.027855394490464713, 0.3880015447043445], "k_pid_alt": [0.8288593815358077, 0.0002705013237140732, 0.09155238405849984], "k_pid_att": [31.245635620521554, 2.553998165144838, 0.8651463464314705], "k_pid_yaw": [0.5, 1e-06, 0.1], "k_pid_hsp": [0.601493794989954, 0.025880562568831162, 0.0], "k_pid_vsp": [341.5773872296509, 156.93527991120314, 0.9900356733593041]}, "datetime": {"datetime": "2025-08-20 15:01:03", "elapsed": 11317.569982528687, "delta": 16.39158844947815}, "costs": {"total_cost": 177.83118155533361, "time_cost": 70.624, "final_distance_cost": 1.8236146880280864, "oscillation_cost": 32.01220638914908, "completition_cost": 0.0, "overshoot_cost": 49.377937662823605, "power_cost": 12.61985291748047, "noise_cost": 11.373569897852382, "n_waypoints_completed": 9, "tot_waypoints": 9}}
{"target": -176.77170242048516, "params": {"k_pid_pos": [1.1014625548993453, 0.03357480167593094, 0.3785437816328221], "k_pid_alt": [1.446755612641904, 0.00021597417666210193, 0.2861410917450366], "k_pid_att": [38.788451395010064, 2.905539699339574, 1.0], "k_pid_yaw": [0.5, 1e-06, 0.1], "k_pid_hsp": [0.7361381520319058, 0.016318191529118318, 0.0], "k_pid_vsp": [374.49976386166963, 104.29910883692492, 3.180811143452784]}, "datetime": {"datetime": "2025-08-20 15:01:19", "elapsed": 11334.40428185463, "delta": 16.834299325942993}, "costs": {"total_cost": 176.77170242048516, "time_cost": 71.208, "final_distance_cost": 1.845508992225542, "oscillation_cost": 29.04865071220298, "completition_cost": 0.0, "overshoot_cost": 50.44425643260241, "power_cost": 12.449825012207032, "noise_cost": 11.775461271247172, "n_waypoints_completed": 9, "tot_waypoints": 9}}
{"target": -184.6031842295652, "params": {"k_pid_pos": [0.5800842325026806, 0.03126598772676243, 0.11194618572569669], "k_pid_alt": [1.571773844028017, 0.0001908782672247144, 0.0949932981484094], "k_pid_att": [61.56443823859627, 4.9137378949728925, 1.0], "k_pid_yaw": [0.5, 1e-06, 0.1], "k_pid_hsp": [0.7482884455645049, 0.00989286981490296, 0.0], "k_pid_vsp": [369.11298661652023, 158.85896938233256, 2.4936964091260303]}, "datetime": {"datetime": "2025-08-20 15:01:37", "elapsed": 11352.171946525574, "delta": 17.767664670944214}, "costs": {"total_cost": 184.6031842295652, "time_cost": 78.144, "final_distance_cost": 1.853531080023259, "oscillation_cost": 27.447645791927506, "completition_cost": 0.0, "overshoot_cost": 50.599762439758926, "power_cost": 13.467764184570314, "noise_cost": 13.090480733285183, "n_waypoints_completed": 9, "tot_waypoints": 9}}
{"target": -183.2059984139442, "params": {"k_pid_pos": [0.7714066266024785, 0.01853678906377389, 0.3110565882610283], "k_pid_alt": [2.0, 7.453771971868087e-05, 0.11557929131013502], "k_pid_att": [59.40557498270956, 2.246314893840441, 1.0], "k_pid_yaw": [0.5, 1e-06, 0.1], "k_pid_hsp": [0.5053774035158124, 0.019861123334731293, 0.0], "k_pid_vsp": [400.0, 170.36780659906424, 2.360383706111198]}, "datetime": {"datetime": "2025-08-20 15:01:55", "elapsed": 11369.72519659996, "delta": 17.553250074386597}, "costs": {"total_cost": 183.2059984139442, "time_cost": 75.952, "final_distance_cost": 1.8518116156710587, "oscillation_cost": 28.43096153157828, "completition_cost": 0.0, "overshoot_cost": 50.91212584642102, "power_cost": 13.349145874023439, "noise_cost": 12.709953546250436, "n_waypoints_completed": 9, "tot_waypoints": 9}}
{"target": -1145.8246051077208, "params": {"k_pid_pos": [0.5605736944652574, 0.045328870103659887, 0.4238638102541885], "k_pid_alt": [1.9035801518046338, 0.00011917219989512682, 0.0517249558214627], "k_pid_att": [7.575980187880531, 1.5877213869730624, 0.33032432666400496], "k_pid_yaw": [0.5, 1e-06, 0.1], "k_pid_hsp": [0.0001, 0.03867871024890012, 0.0], "k_pid_vsp": [287.63356702834596, 197.8780799098305, 2.114929166213864]}, "datetime": {"datetime": "2025-08-20 15:02:19", "elapsed": 11393.990751743317, "delta": 24.265555143356323}, "costs": {"total_cost": 1145.8246051077208, "time_cost": 150, "final_distance_cost": 89.70422310067246, "oscillation_cost": 24.290484102812158, "completition_cost": 777.7777777777778, "overshoot_cost": 77.14490027803625, "power_cost": 13.552384326171875, "noise_cost": 13.35483552225006, "n_waypoints_completed": 2, "tot_waypoints": 9}}
{"target": -175.63380995784843, "params": {"k_pid_pos": [1.1392788931259386, 0.03199273584870965, 0.18047052842565184], "k_pid_alt": [1.5409801033121717, 0.00013658067316473196, 0.12111669934902008], "k_pid_att": [71.5224463299107, 2.869455577561405, 1.0], "k_pid_yaw": [0.5, 1e-06, 0.1], "k_pid_hsp": [0.6149689485618777, 0.02671012264713815, 0.0], "k_pid_vsp": [400.0, 242.8941077186195, 2.3370230212423477]}, "datetime": {"datetime": "2025-08-20 15:02:35", "elapsed": 11410.143723011017, "delta": 16.152971267700195}, "costs": {"total_cost": 175.63380995784843, "time_cost": 69.496, "final_distance_cost": 1.8365254334367667, "oscillation_cost": 31.235568840944108, "completition_cost": 0.0, "overshoot_cost": 49.879066646657236, "power_cost": 11.878648876953125, "noise_cost": 11.30800015985719, "n_waypoints_completed": 9, "tot_waypoints": 9}}
{"target": -179.1195481263651, "params": {"k_pid_pos": [2.0, 0.022602207611416042, 0.1709570699910676], "k_pid_alt": [2.0, 0.00033936942944811006, 0.0], "k_pid_att": [53.37856976494447, 3.6761294679101995, 0.8139520975907031], "k_pid_yaw": [0.5, 1e-06, 0.1], "k_pid_hsp": [0.7826404902890968, 0.013259185778046979, 0.0], "k_pid_vsp": [181.5620475045695, 184.46187819220026, 3.5335025573002063]}, "datetime": {"datetime": "2025-08-20 15:02:52", "elapsed": 11426.591378450394, "delta": 16.44765543937683}, "costs": {"total_cost": 179.1195481263651, "time_cost": 68.648, "final_distance_cost": 1.7941077051836913, "oscillation_cost": 35.50793274451941, "completition_cost": 0.0, "overshoot_cost": 49.91673790168925, "power_cost": 12.129555505371094, "noise_cost": 11.123214269601641, "n_waypoints_completed": 9, "tot_waypoints": 9}}
{"target": -176.33771002683866, "params": {"k_pid_pos": [1.051551893585937, 0.035282699991345555, 0.397431506694569], "k_pid_alt": [2.0, 0.0002016130403475288, 0.0556488224631597], "k_pid_att": [46.99894068788854, 4.15764790635876, 1.0], "k_pid_yaw": [0.5, 1e-06, 0.1], "k_pid_hsp": [0.7281386665039973, 0.04873846574395008, 0.0], "k_pid_vsp": [319.02682763193644, 155.7608783689798, 3.374188820353759]}, "datetime": {"datetime": "2025-08-20 15:03:09", "elapsed": 11443.654696702957, "delta": 17.063318252563477}, "costs": {"total_cost": 176.33771002683866, "time_cost": 70.592, "final_distance_cost": 1.8487552495303574, "oscillation_cost": 29.085431368897112, "completition_cost": 0.0, "overshoot_cost": 50.547675320090505, "power_cost": 12.416546643066408, "noise_cost": 11.847301445254317, "n_waypoints_completed": 9, "tot_waypoints": 9}}
{"target": -175.8350540709297, "params": {"k_pid_pos": [1.6173589699177178, 0.019499048258425727, 0.34367076115739775], "k_pid_alt": [2.0, 0.0002208053623770326, 0.17659616648810614], "k_pid_att": [25.36591369395941, 4.327478773574935, 0.8057951694106326], "k_pid_yaw": [0.5, 1e-06, 0.1], "k_pid_hsp": [0.44873463766955424, 0.05173821047557222, 0.0], "k_pid_vsp": [75.75110255160392, 157.43257291260264, 2.141168599553691]}, "datetime": {"datetime": "2025-08-20 15:03:25", "elapsed": 11460.291052818298, "delta": 16.636356115341187}, "costs": {"total_cost": 175.8350540709297, "time_cost": 68.848, "final_distance_cost": 1.823729227619137, "oscillation_cost": 31.40611641610971, "completition_cost": 0.0, "overshoot_cost": 49.67378864435671, "power_cost": 12.727683898925783, "noise_cost": 11.35573588391832, "n_waypoints_completed": 9, "tot_waypoints": 9}}
{"target": -181.98207079875772, "params": {"k_pid_pos": [0.9154480423018893, 0.01679941958316582, 0.28034706099533196], "k_pid_alt": [0.7794190469639094, 0.000192709180391596, 0.11911501849178623], "k_pid_att": [31.588845545727455, 9.402489831745713, 0.7800025893558545], "k_pid_yaw": [0.5, 1e-06, 0.1], "k_pid_hsp": [0.9670725761104086, 0.011362480068152695, 0.0], "k_pid_vsp": [195.20692595584197, 161.91070017144102, 1.3036197084143402]}, "datetime": {"datetime": "2025-08-20 15:03:44", "elapsed": 11478.828113555908, "delta": 18.537060737609863}, "costs": {"total_cost": 181.98207079875772, "time_cost": 75.936, "final_distance_cost": 1.853715040498796, "oscillation_cost": 29.7327690947486, "completition_cost": 0.0, "overshoot_cost": 49.72382921653134, "power_cost": 12.54892567138672, "noise_cost": 12.186831775592246, "n_waypoints_completed": 9, "tot_waypoints": 9}}
{"target": -179.7110625770476, "params": {"k_pid_pos": [2.0, 0.043238259367513576, 0.11367777947152202], "k_pid_alt": [1.7434077483718984, 0.00016343478767624853, 0.0015520788370112781], "k_pid_att": [28.506300402892254, 2.5142270723863143, 0.49439329307193774], "k_pid_yaw": [0.5, 1e-06, 0.1], "k_pid_hsp": [0.4403669883480521, 0.005715158624977665, 0.0], "k_pid_vsp": [400.0, 101.05782178673321, 2.8773650186328505]}, "datetime": {"datetime": "2025-08-20 15:04:00", "elapsed": 11495.162242889404, "delta": 16.334129333496094}, "costs": {"total_cost": 179.7110625770476, "time_cost": 69.048, "final_distance_cost": 1.7426432442489548, "oscillation_cost": 34.02252963905202, "completition_cost": 0.0, "overshoot_cost": 50.40550597068846, "power_cost": 13.032155773925782, "noise_cost": 11.460227949132394, "n_waypoints_completed": 9, "tot_waypoints": 9}}
{"target": -179.77708671875922, "params": {"k_pid_pos": [1.7910102848170073, 0.0366408875225965, 0.40716419294690337], "k_pid_alt": [1.7451582967183439, 0.00013283718967212256, 0.011600469704958247], "k_pid_att": [80.22425543830599, 3.6121928055217096, 0.9119728227141293], "k_pid_yaw": [0.5, 1e-06, 0.1], "k_pid_hsp": [0.26599057422611133, 0.012215186179504534, 0.0], "k_pid_vsp": [200.135435124998, 1e-06, 1.0416768505364906]}, "datetime": {"datetime": "2025-08-20 15:04:17", "elapsed": 11511.92784023285, "delta": 16.765597343444824}, "costs": {"total_cost": 179.77708671875922, "time_cost": 70.592, "final_distance_cost": 1.815791097805331, "oscillation_cost": 31.80312509982834, "completition_cost": 0.0, "overshoot_cost": 51.33403408038033, "power_cost": 12.569307006835938, "noise_cost": 11.662829433909273, "n_waypoints_completed": 9, "tot_waypoints": 9}}
{"target": -176.79937875759987, "params": {"k_pid_pos": [1.5362413903212155, 0.05012166744986538, 0.26344100501499784], "k_pid_alt": [1.888531339329622, 0.00017197683223923348, 0.053176672702754745], "k_pid_att": [39.89857007627972, 3.709397293400182, 0.9253892015764208], "k_pid_yaw": [0.5, 1e-06, 0.1], "k_pid_hsp": [0.6517123540100106, 0.01610499873913573, 0.0], "k_pid_vsp": [330.24265894292046, 52.60682414256442, 2.0205098646844557]}, "datetime": {"datetime": "2025-08-20 15:04:32", "elapsed": 11527.280707597733, "delta": 15.352867364883423}, "costs": {"total_cost": 176.79937875759987, "time_cost": 69.544, "final_distance_cost": 1.8052292176342029, "oscillation_cost": 30.504019754542977, "completition_cost": 0.0, "overshoot_cost": 50.94133896949587, "power_cost": 12.573597009277345, "noise_cost": 11.43119380664948, "n_waypoints_completed": 9, "tot_waypoints": 9}}
{"target": -174.36203497042047, "params": {"k_pid_pos": [0.9749735051387889, 0.022871379991201878, 0.1942022136759304], "k_pid_alt": [1.7220895843175494, 0.00018877176109043233, 0.08173814068169043], "k_pid_att": [35.14757521464994, 5.1985554049537805, 0.714478214660646], "k_pid_yaw": [0.5, 1e-06, 0.1], "k_pid_hsp": [0.49528660718127776, 0.011963273813186645, 0.0], "k_pid_vsp": [229.22242258835868, 99.00770440152145, 3.4911480572896907]}, "datetime": {"datetime": "2025-08-20 15:04:49", "elapsed": 11544.265944957733, "delta": 16.98523736000061}, "costs": {"total_cost": 174.36203497042047, "time_cost": 70.288, "final_distance_cost": 1.8477348294104137, "oscillation_cost": 27.83620537800533, "completition_cost": 0.0, "overshoot_cost": 50.21894851411229, "power_cost": 12.47152567138672, "noise_cost": 11.699620577505698, "n_waypoints_completed": 9, "tot_waypoints": 9}}
{"target": -176.95696247727895, "params": {"k_pid_pos": [1.069715339072186, 0.02591054435672098, 0.1985403521850216], "k_pid_alt": [2.0, 0.0003071349292050795, 0.18907387205003512], "k_pid_att": [33.04533886842836, 1.7763864826722753, 0.7487929018538507], "k_pid_yaw": [0.5, 1e-06, 0.1], "k_pid_hsp": [0.8362925508721929, 0.03475349066344639, 0.0], "k_pid_vsp": [303.9635626619816, 115.95446392157866, 1.6921931292259815]}, "datetime": {"datetime": "2025-08-20 15:05:07", "elapsed": 11561.584289550781, "delta": 17.318344593048096}, "costs": {"total_cost": 176.95696247727895, "time_cost": 69.944, "final_distance_cost": 1.839977855720333, "oscillation_cost": 30.83595556979595, "completition_cost": 0.0, "overshoot_cost": 50.15365695069988, "power_cost": 12.529358447265626, "noise_cost": 11.654013653797156, "n_waypoints_completed": 9, "tot_waypoints": 9}}
{"target": -176.78965667337746, "params": {"k_pid_pos": [1.7863714646742943, 0.012504210527634563, 0.26742998399925155], "k_pid_alt": [2.0, 0.00014798978598307367, 0.17381083292808527], "k_pid_att": [25.20239786451238, 4.860914067316183, 0.35419123009101955], "k_pid_yaw": [0.5, 1e-06, 0.1], "k_pid_hsp": [0.6235513308021635, 0.025407771304573376, 0.0], "k_pid_vsp": [296.63359313294745, 87.65554936155372, 3.049653308158984]}, "datetime": {"datetime": "2025-08-20 15:05:23", "elapsed": 11578.149981975555, "delta": 16.56569242477417}, "costs": {"total_cost": 176.78965667337746, "time_cost": 68.92, "final_distance_cost": 1.7965186598508591, "oscillation_cost": 31.910717272046394, "completition_cost": 0.0, "overshoot_cost": 49.865322343511664, "power_cost": 12.821840539550783, "noise_cost": 11.475257858417768, "n_waypoints_completed": 9, "tot_waypoints": 9}}
{"target": -175.77045724274444, "params": {"k_pid_pos": [1.8230843938055006, 0.03542309665685047, 0.3290989896494713], "k_pid_alt": [2.0, 0.00021215499728966666, 0.1346276876286183], "k_pid_att": [25.860515951139735, 4.718784942458318, 0.8076798114065827], "k_pid_yaw": [0.5, 1e-06, 0.1], "k_pid_hsp": [0.4243468982575787, 0.020912695816928634, 0.0], "k_pid_vsp": [277.2666024551993, 106.74428058418687, 2.7726708475815003]}, "datetime": {"datetime": "2025-08-20 15:05:39", "elapsed": 11593.800579071045, "delta": 15.650597095489502}, "costs": {"total_cost": 175.77045724274444, "time_cost": 68.864, "final_distance_cost": 1.7907051607291609, "oscillation_cost": 31.477248599577383, "completition_cost": 0.0, "overshoot_cost": 49.77273677111618, "power_cost": 12.587258117675782, "noise_cost": 11.278508593645952, "n_waypoints_completed": 9, "tot_waypoints": 9}}
{"target": -176.5345171295089, "params": {"k_pid_pos": [1.5468371279394866, 0.0306733028957142, 0.2910097333492629], "k_pid_alt": [1.6003867924761028, 0.00018695804386431223, 0.02318626939298804], "k_pid_att": [64.89035668046893, 5.149282482033515, 1.0], "k_pid_yaw": [0.5, 1e-06, 0.1], "k_pid_hsp": [0.5538954932916019, 0.025605125927753058, 0.0], "k_pid_vsp": [251.99274013198178, 131.62761483669044, 1.958145601730953]}, "datetime": {"datetime": "2025-08-20 15:05:54", "elapsed": 11609.310051441193, "delta": 15.509472370147705}, "costs": {"total_cost": 176.5345171295089, "time_cost": 68.936, "final_distance_cost": 1.8169614450010048, "oscillation_cost": 31.892864470420026, "completition_cost": 0.0, "overshoot_cost": 49.76211233494337, "power_cost": 12.63606396484375, "noise_cost": 11.490514914300766, "n_waypoints_completed": 9, "tot_waypoints": 9}}
{"target": -185.92617922218955, "params": {"k_pid_pos": [0.7146375220354543, 0.021813225097040045, 0.40823846312426043], "k_pid_alt": [2.0, 0.0002500992213982065, 0.015511811079576393], "k_pid_att": [47.57573497491725, 4.701574891404413, 0.8904458556088525], "k_pid_yaw": [0.5, 1e-06, 0.1], "k_pid_hsp": [0.5693550759432199, 0.031068261809292026, 0.0], "k_pid_vsp": [400.0, 197.56192599021475, 1.784819274208818]}, "datetime": {"datetime": "2025-08-20 15:06:14", "elapsed": 11629.5041077137, "delta": 20.194056272506714}, "costs": {"total_cost": 185.92617922218955, "time_cost": 78.816, "final_distance_cost": 1.850093800916505, "oscillation_cost": 27.70357309427088, "completition_cost": 0.0, "overshoot_cost": 50.78245885087836, "power_cost": 13.550261926269531, "noise_cost": 13.223791549854248, "n_waypoints_completed": 9, "tot_waypoints": 9}}
