{"target": -184.2627931058995, "params": {"k_pid_pos": [0.7516071004214142, 0.06559805859661012, 0.381402930988563], "k_pid_alt": [1.202563091380226, 0.00016073381265121927, 0.0], "k_pid_att": [30.296729818058285, 4.175774567224727, 1.0], "k_pid_yaw": [0.5, 1e-06, 0.1], "k_pid_hsp": [0.7520216848779725, 0.020471405688075255, 0.0], "k_pid_vsp": [211.36234370138095, 87.31838500502954, 2.1180374059577542]}, "datetime": {"datetime": "2025-08-20 14:51:19", "elapsed": 10733.678265571594, "delta": 17.482972621917725}, "costs": {"total_cost": 184.2627931058995, "time_cost": 77.08, "final_distance_cost": 1.8453109729780448, "oscillation_cost": 27.78631071782612, "completition_cost": 0.0, "overshoot_cost": 51.2532839502684, "power_cost": 13.315634826660157, "noise_cost": 12.982252638166775, "n_waypoints_completed": 9, "tot_waypoints": 9}}
{"target": -176.5001116208691, "params": {"k_pid_pos": [1.4026780394851643, 0.023316101296630642, 0.13382563310958892], "k_pid_alt": [2.0, 0.00018200856482260912, 0.11543692957215727], "k_pid_att": [40.52589592587953, 3.341578887311188, 0.8562497482944676], "k_pid_yaw": [0.5, 1e-06, 0.1], "k_pid_hsp": [0.3389349311625433, 0.04185585623040287, 0.0], "k_pid_vsp": [237.73410246036636, 99.52577357568475, 2.259115452452694]}, "datetime": {"datetime": "2025-08-20 14:51:35", "elapsed": 10750.44481253624, "delta": 16.766546964645386}, "costs": {"total_cost": 176.5001116208691, "time_cost": 68.984, "final_distance_cost": 1.812296712388902, "oscillation_cost": 31.010460640587524, "completition_cost": 0.0, "overshoot_cost": 50.34212598093481, "power_cost": 12.867834020996094, "noise_cost": 11.483394265961769, "n_waypoints_completed": 9, "tot_waypoints": 9}}
{"target": -175.68783037050224, "params": {"k_pid_pos": [1.6666402425237754, 0.03135794742683622, 0.36167579255234045], "k_pid_alt": [1.883450629313872, 0.00024690332075192803, 0.31187973924381457], "k_pid_att": [35.48346052726158, 4.803669085362388, 0.46433117962258735], "k_pid_yaw": [0.5, 1e-06, 0.1], "k_pid_hsp": [0.9230614024462614, 0.0033050435201450756, 0.0], "k_pid_vsp": [83.74826167955699, 131.0613561275634, 1.812448244826978]}, "datetime": {"datetime": "2025-08-20 14:51:53", "elapsed": 10767.928547620773, "delta": 17.48373508453369}, "costs": {"total_cost": 175.68783037050224, "time_cost": 68.632, "final_distance_cost": 1.8187020338768733, "oscillation_cost": 31.453488460650473, "completition_cost": 0.0, "overshoot_cost": 49.871627731437655, "power_cost": 12.597113439941406, "noise_cost": 11.314898704595834, "n_waypoints_completed": 9, "tot_waypoints": 9}}
{"target": -177.72965867369703, "params": {"k_pid_pos": [1.653957089835079, 0.017038976890550287, 0.16495842675511507], "k_pid_alt": [1.5656594831079584, 0.0002518662334486384, 0.0], "k_pid_att": [58.0766439814707, 4.009169943111783, 0.876098065735758], "k_pid_yaw": [0.5, 1e-06, 0.1], "k_pid_hsp": [0.6948893819820091, 0.04135864213841309, 0.0], "k_pid_vsp": [360.2936623898194, 95.04187029838836, 3.0501953072424683]}, "datetime": {"datetime": "2025-08-20 14:52:12", "elapsed": 10786.731935024261, "delta": 18.80338740348816}, "costs": {"total_cost": 177.72965867369703, "time_cost": 68.816, "final_distance_cost": 1.7914657621415033, "oscillation_cost": 33.22795070302362, "completition_cost": 0.0, "overshoot_cost": 50.54487839605069, "power_cost": 12.208349841308594, "noise_cost": 11.141013971172615, "n_waypoints_completed": 9, "tot_waypoints": 9}}
{"target": -174.90244084724947, "params": {"k_pid_pos": [1.786639484024238, 0.02927948441692547, 0.4107208245589267], "k_pid_alt": [1.8383872450805032, 0.00015923197685195257, 0.05318984965134099], "k_pid_att": [30.832612011939688, 3.698093440123788, 0.7329478041822547], "k_pid_yaw": [0.5, 1e-06, 0.1], "k_pid_hsp": [0.41969258457431513, 0.0243769867753304, 0.0], "k_pid_vsp": [236.2892113116336, 225.863361845545, 2.783065764618815]}, "datetime": {"datetime": "2025-08-20 14:52:28", "elapsed": 10802.7212972641, "delta": 15.989362239837646}, "costs": {"total_cost": 174.90244084724947, "time_cost": 68.696, "final_distance_cost": 1.7965155660118126, "oscillation_cost": 30.41002052187015, "completition_cost": 0.0, "overshoot_cost": 49.68302401595045, "power_cost": 12.84560009765625, "noise_cost": 11.471280645760842, "n_waypoints_completed": 9, "tot_waypoints": 9}}
{"target": -196.6098416039217, "params": {"k_pid_pos": [0.6481764400515895, 0.011387421219697843, 0.6239530803115418], "k_pid_alt": [1.3161380887835552, 0.00014562091487051328, 0.25338190712047376], "k_pid_att": [29.600130946036387, 4.917641421280237, 1.0], "k_pid_yaw": [0.5, 1e-06, 0.1], "k_pid_hsp": [0.2394749972378879, 0.05839683313791345, 0.0], "k_pid_vsp": [296.11278319634204, 79.7151448713942, 2.5722431850454]}, "datetime": {"datetime": "2025-08-20 14:52:47", "elapsed": 10822.378721475601, "delta": 19.657424211502075}, "costs": {"total_cost": 196.6098416039217, "time_cost": 86.776, "final_distance_cost": 1.8595971273961562, "oscillation_cost": 26.229734162579895, "completition_cost": 0.0, "overshoot_cost": 52.10471213569287, "power_cost": 14.672721850585939, "noise_cost": 14.967076327666872, "n_waypoints_completed": 9, "tot_waypoints": 9}}
{"target": -184.2570224472225, "params": {"k_pid_pos": [1.6646250384652783, 0.02683029791500571, 0.03943457949456997], "k_pid_alt": [1.2398758912283918, 0.00014736656247657593, 0.09598667269357264], "k_pid_att": [40.82301622025748, 3.4470940250025777, 1.0], "k_pid_yaw": [0.5, 1e-06, 0.1], "k_pid_hsp": [0.1426320494861171, 0.04434185030614703, 0.0], "k_pid_vsp": [165.8028774564918, 264.0487819174066, 0.7966331363795249]}, "datetime": {"datetime": "2025-08-20 14:53:08", "elapsed": 10842.711216449738, "delta": 20.332494974136353}, "costs": {"total_cost": 184.2570224472225, "time_cost": 69.824, "final_distance_cost": 1.7932827119794592, "oscillation_cost": 38.39821504783665, "completition_cost": 0.0, "overshoot_cost": 49.97305088881846, "power_cost": 12.866362329101563, "noise_cost": 11.402111469486401, "n_waypoints_completed": 9, "tot_waypoints": 9}}
{"target": -1220.9935714804726, "params": {"k_pid_pos": [0.0001, 0.04352260053732432, 0.5507330511531245], "k_pid_alt": [2.0, 0.00017212112718708867, 0.2724359584926512], "k_pid_att": [9.543812028445016, 4.939485194403557, 0.9025604018437031], "k_pid_yaw": [0.5, 1e-06, 0.1], "k_pid_hsp": [0.7506336999861074, 0.05620983884941297, 0.0], "k_pid_vsp": [293.2192450094854, 10.168142756149322, 2.4236238307274527]}, "datetime": {"datetime": "2025-08-20 14:53:35", "elapsed": 10869.605236768723, "delta": 26.894020318984985}, "costs": {"total_cost": 1220.9935714804726, "time_cost": 150, "final_distance_cost": 47.537560707367064, "oscillation_cost": 0.24940799555356524, "completition_cost": 888.8888888888888, "overshoot_cost": 108.56538504088392, "power_cost": 12.798998828125, "noise_cost": 12.95333001965452, "n_waypoints_completed": 1, "tot_waypoints": 9}}
{"target": -176.911934308132, "params": {"k_pid_pos": [1.365588197661222, 0.03402094173569515, 0.028388778265368415], "k_pid_alt": [1.1677850534007241, 0.00013051940835635798, 0.041772156693614095], "k_pid_att": [33.827759367488746, 2.9051775338262864, 0.9465471361877306], "k_pid_yaw": [0.5, 1e-06, 0.1], "k_pid_hsp": [0.9047581851970983, 0.04359947895925925, 0.0], "k_pid_vsp": [277.6614617320764, 120.23959541080916, 2.399442225043294]}, "datetime": {"datetime": "2025-08-20 14:53:53", "elapsed": 10887.744094610214, "delta": 18.1388578414917}, "costs": {"total_cost": 176.911934308132, "time_cost": 68.912, "final_distance_cost": 1.8093591430037266, "oscillation_cost": 32.42417621475762, "completition_cost": 0.0, "overshoot_cost": 49.95764392276636, "power_cost": 12.489188854980469, "noise_cost": 11.319566172623816, "n_waypoints_completed": 9, "tot_waypoints": 9}}
{"target": -211.19385089756994, "params": {"k_pid_pos": [0.3708109592828, 0.025144431521964005, 0.3310188795581817], "k_pid_alt": [1.814704929852726, 0.0002207412148668427, 0.07936275284517863], "k_pid_att": [26.27985797516962, 3.3619546969343097, 1.0], "k_pid_yaw": [0.5, 1e-06, 0.1], "k_pid_hsp": [0.3883711237463734, 0.05982702810776124, 0.0], "k_pid_vsp": [365.05120877281416, 134.9524938243405, 3.769570284887895]}, "datetime": {"datetime": "2025-08-20 14:54:19", "elapsed": 10914.049954414368, "delta": 26.305859804153442}, "costs": {"total_cost": 211.19385089756994, "time_cost": 97.592, "final_distance_cost": 1.855382876511456, "oscillation_cost": 23.662435444598714, "completition_cost": 0.0, "overshoot_cost": 54.46084039357572, "power_cost": 16.37432565917969, "noise_cost": 17.248866523704372, "n_waypoints_completed": 9, "tot_waypoints": 9}}
{"target": -174.85005199682448, "params": {"k_pid_pos": [0.9198060072549787, 0.02705468841100572, 0.2703133763125814], "k_pid_alt": [1.686506074325122, 0.0001606535582105759, 0.14634238052414228], "k_pid_att": [67.36247149222889, 1.9673670855705538, 0.9433926133262727], "k_pid_yaw": [0.5, 1e-06, 0.1], "k_pid_hsp": [0.2770495642678249, 0.05309089701927582, 0.0], "k_pid_vsp": [279.42541185027324, 181.4546838397449, 2.5736445110215116]}, "datetime": {"datetime": "2025-08-20 14:54:37", "elapsed": 10932.080083608627, "delta": 18.030129194259644}, "costs": {"total_cost": 174.85005199682448, "time_cost": 70.432, "final_distance_cost": 1.8463861923957345, "oscillation_cost": 28.23015262897668, "completition_cost": 0.0, "overshoot_cost": 50.08948916960993, "power_cost": 12.495957238769531, "noise_cost": 11.75606676707258, "n_waypoints_completed": 9, "tot_waypoints": 9}}
{"target": -1221.4298523673394, "params": {"k_pid_pos": [0.0001, 0.038764934848047675, 0.3062523695096459], "k_pid_alt": [2.0, 0.0002739720862954227, 0.19928140496719793], "k_pid_att": [12.764001988935073, 6.689267546394912, 1.0], "k_pid_yaw": [0.5, 1e-06, 0.1], "k_pid_hsp": [0.6798032308529404, 0.025113046536300948, 0.0], "k_pid_vsp": [400.0, 119.23823066091784, 2.1575322072055103]}, "datetime": {"datetime": "2025-08-20 14:55:03", "elapsed": 10958.366465568542, "delta": 26.28638195991516}, "costs": {"total_cost": 1221.4298523673394, "time_cost": 150, "final_distance_cost": 47.939182085742615, "oscillation_cost": 0.26763027956145585, "completition_cost": 888.8888888888888, "overshoot_cost": 108.59075865814663, "power_cost": 12.801919311523438, "noise_cost": 12.94147314347646, "n_waypoints_completed": 1, "tot_waypoints": 9}}
{"target": -189.15277365663175, "params": {"k_pid_pos": [0.6789344323082048, 0.02803929372454314, 0.2937510934172525], "k_pid_alt": [2.0, 0.00013754396997485817, 0.01905685552944351], "k_pid_att": [3.579791351784222, 3.0931379622862667, 1.0], "k_pid_yaw": [0.5, 1e-06, 0.1], "k_pid_hsp": [0.7151722955755261, 0.012637311492194797, 0.0], "k_pid_vsp": [400.0, 95.03341513265191, 1.0608217699394293]}, "datetime": {"datetime": "2025-08-20 14:55:22", "elapsed": 10977.1929500103, "delta": 18.826484441757202}, "costs": {"total_cost": 189.15277365663175, "time_cost": 78.632, "final_distance_cost": 1.8522458217957989, "oscillation_cost": 30.826886439521054, "completition_cost": 0.0, "overshoot_cost": 51.476904480898995, "power_cost": 13.317667907714844, "noise_cost": 13.047069006701042, "n_waypoints_completed": 9, "tot_waypoints": 9}}
{"target": -185.8358316236393, "params": {"k_pid_pos": [0.6209626303371155, 0.04104267859710885, 0.22636961666328329], "k_pid_alt": [2.0, 0.0001837750013628908, 0.1908624023151604], "k_pid_att": [40.21147741275136, 6.8644311479659725, 1.0], "k_pid_yaw": [0.5, 1e-06, 0.1], "k_pid_hsp": [0.8936651154153394, 0.048677212928176984, 0.0], "k_pid_vsp": [337.460106827195, 188.89538231825279, 1.5831117864106765]}, "datetime": {"datetime": "2025-08-20 14:55:39", "elapsed": 10994.220434904099, "delta": 17.027484893798828}, "costs": {"total_cost": 185.8358316236393, "time_cost": 77.928, "final_distance_cost": 1.850909572287576, "oscillation_cost": 28.674432010246505, "completition_cost": 0.0, "overshoot_cost": 51.038214104808524, "power_cost": 13.345919250488281, "noise_cost": 12.998356685808389, "n_waypoints_completed": 9, "tot_waypoints": 9}}
{"target": -174.15944802441328, "params": {"k_pid_pos": [1.0969572792379407, 0.04187436590063485, 0.28435246447769075], "k_pid_alt": [1.9002971667565192, 0.00016431433931126025, 0.054998105705759005], "k_pid_att": [43.4281215943441, 5.204556617938053, 0.6716166618814894], "k_pid_yaw": [0.5, 1e-06, 0.1], "k_pid_hsp": [0.344079931289647, 0.023687009139400732, 0.0], "k_pid_vsp": [251.31380261490696, 115.2606290258583, 1.6008107594250436]}, "datetime": {"datetime": "2025-08-20 14:55:55", "elapsed": 11009.704780817032, "delta": 15.48434591293335}, "costs": {"total_cost": 174.15944802441328, "time_cost": 69.76, "final_distance_cost": 1.8340551651152748, "oscillation_cost": 28.568787791533016, "completition_cost": 0.0, "overshoot_cost": 50.328003016425285, "power_cost": 12.168858544921875, "noise_cost": 11.499743506417817, "n_waypoints_completed": 9, "tot_waypoints": 9}}
{"target": -176.5151440583077, "params": {"k_pid_pos": [1.3704340008040867, 0.024433284659107147, 0.0], "k_pid_alt": [2.0, 0.0002673828166166737, 0.23105739579159668], "k_pid_att": [46.746349878167784, 2.1446335674072485, 0.9323922519620993], "k_pid_yaw": [0.5, 1e-06, 0.1], "k_pid_hsp": [0.536254374865727, 0.05471092154575622, 0.0], "k_pid_vsp": [215.67672817255811, 218.64033931188956, 0.6189050695973672]}, "datetime": {"datetime": "2025-08-20 14:56:10", "elapsed": 11024.822197914124, "delta": 15.117417097091675}, "costs": {"total_cost": 176.5151440583077, "time_cost": 68.28, "final_distance_cost": 1.8033473304153465, "oscillation_cost": 32.51441918444937, "completition_cost": 0.0, "overshoot_cost": 50.32497085123646, "power_cost": 12.424994506835938, "noise_cost": 11.167412185370573, "n_waypoints_completed": 9, "tot_waypoints": 9}}
{"target": -176.06122977274921, "params": {"k_pid_pos": [1.3653332776178662, 0.029206201063174453, 0.2916788191224324], "k_pid_alt": [2.0, 0.00023300963019758634, 0.18378243815255146], "k_pid_att": [30.439511672934273, 5.623754683594896, 0.5255762663526434], "k_pid_yaw": [0.5, 1e-06, 0.1], "k_pid_hsp": [0.6849565925732275, 0.01692670119206344, 0.0], "k_pid_vsp": [326.18029152755526, 186.96757126659665, 2.3388574076282627]}, "datetime": {"datetime": "2025-08-20 14:56:25", "elapsed": 11040.356314897537, "delta": 15.534116983413696}, "costs": {"total_cost": 176.06122977274921, "time_cost": 69.488, "final_distance_cost": 1.8416657400461292, "oscillation_cost": 30.238158829312134, "completition_cost": 0.0, "overshoot_cost": 50.3567059822354, "power_cost": 12.613248291015626, "noise_cost": 11.523450930139944, "n_waypoints_completed": 9, "tot_waypoints": 9}}
{"target": -176.00547137170054, "params": {"k_pid_pos": [1.048702192310791, 0.026237384705855845, 0.14758332684376396], "k_pid_alt": [2.0, 0.0001635427943687523, 0.1965670809727139], "k_pid_att": [15.27232729174285, 4.296808341327668, 0.9980098792779888], "k_pid_yaw": [0.5, 1e-06, 0.1], "k_pid_hsp": [0.44339090225935146, 0.024198377298704988, 0.0], "k_pid_vsp": [327.819258138881, 126.54873153454247, 1.8590290570759016]}, "datetime": {"datetime": "2025-08-20 14:56:41", "elapsed": 11055.844641447067, "delta": 15.48832654953003}, "costs": {"total_cost": 176.00547137170054, "time_cost": 69.696, "final_distance_cost": 1.8452507304548564, "oscillation_cost": 29.874826420537758, "completition_cost": 0.0, "overshoot_cost": 50.21663554650455, "power_cost": 12.756177014160157, "noise_cost": 11.616581660043241, "n_waypoints_completed": 9, "tot_waypoints": 9}}
{"target": -183.20327231535833, "params": {"k_pid_pos": [0.853541238821523, 0.018886212649136095, 0.37810397646403177], "k_pid_alt": [2.0, 0.00018473830083617123, 0.14120731107537635], "k_pid_att": [41.3985036856001, 1.906626169466805, 0.10198975894292328], "k_pid_yaw": [0.5, 1e-06, 0.1], "k_pid_hsp": [0.6054757483194347, 0.013589025731153509, 0.0], "k_pid_vsp": [329.9349612469491, 175.23419078876955, 1.431239080478309]}, "datetime": {"datetime": "2025-08-20 14:56:59", "elapsed": 11073.574411869049, "delta": 17.72977042198181}, "costs": {"total_cost": 183.20327231535833, "time_cost": 75.416, "final_distance_cost": 1.8546690069770957, "oscillation_cost": 29.49206940942947, "completition_cost": 0.0, "overshoot_cost": 50.74898333140925, "power_cost": 13.046162145996094, "noise_cost": 12.645388421546421, "n_waypoints_completed": 9, "tot_waypoints": 9}}
{"target": -176.5253780810615, "params": {"k_pid_pos": [1.4848520294707521, 0.01882512117455706, 0.3393769578557479], "k_pid_alt": [2.0, 0.0, 0.023298677447743624], "k_pid_att": [15.161416902306039, 6.3547498187574645, 0.7936064105428383], "k_pid_yaw": [0.5, 1e-06, 0.1], "k_pid_hsp": [0.46776425854246456, 0.050606338494104564, 0.0], "k_pid_vsp": [207.10398355662264, 138.65409312193046, 2.8931446672457484]}, "datetime": {"datetime": "2025-08-20 14:57:16", "elapsed": 11090.558849334717, "delta": 16.984437465667725}, "costs": {"total_cost": 176.5253780810615, "time_cost": 69.184, "final_distance_cost": 1.8347441696114226, "oscillation_cost": 31.579242827089185, "completition_cost": 0.0, "overshoot_cost": 49.84157500391504, "power_cost": 12.587883605957032, "noise_cost": 11.497932474488849, "n_waypoints_completed": 9, "tot_waypoints": 9}}
{"target": -176.8776026131119, "params": {"k_pid_pos": [1.2215121601389718, 0.01767127029458167, 0.10425643162323502], "k_pid_alt": [2.0, 0.00027048386609846976, 0.09906210650049653], "k_pid_att": [53.691023406458385, 6.500202412224883, 0.525659216675534], "k_pid_yaw": [0.5, 1e-06, 0.1], "k_pid_hsp": [0.40549583071733464, 0.025324926766468202, 0.0], "k_pid_vsp": [181.15265310800487, 96.27390687937326, 1.519246317551039]}, "datetime": {"datetime": "2025-08-20 14:57:32", "elapsed": 11106.90603351593, "delta": 16.34718418121338}, "costs": {"total_cost": 176.8776026131119, "time_cost": 69.36, "final_distance_cost": 1.8232334593247719, "oscillation_cost": 31.549692077039964, "completition_cost": 0.0, "overshoot_cost": 50.20650258603171, "power_cost": 12.434981201171876, "noise_cost": 11.503193289543587, "n_waypoints_completed": 9, "tot_waypoints": 9}}
{"target": -178.1456173818111, "params": {"k_pid_pos": [2.0, 0.033905926607188684, 0.28752850283532116], "k_pid_alt": [2.0, 0.000345318273476859, 0.11822289502547685], "k_pid_att": [42.93494126425275, 5.393985860032413, 0.8077431645235396], "k_pid_yaw": [0.5, 1e-06, 0.1], "k_pid_hsp": [0.4627498658230929, 0.026734110223007566, 0.0], "k_pid_vsp": [344.78205058510133, 145.7330559850365, 1.9201567649162072]}, "datetime": {"datetime": "2025-08-20 14:57:48", "elapsed": 11122.960267782211, "delta": 16.054234266281128}, "costs": {"total_cost": 178.1456173818111, "time_cost": 68.568, "final_distance_cost": 1.762470518321766, "oscillation_cost": 33.31870524166972, "completition_cost": 0.0, "overshoot_cost": 50.240442962242724, "power_cost": 12.887858605957032, "noise_cost": 11.368140053619827, "n_waypoints_completed": 9, "tot_waypoints": 9}}
{"target": -177.14881046287132, "params": {"k_pid_pos": [1.3504436394073422, 0.028434626309138348, 0.28784304924000775], "k_pid_alt": [2.0, 0.00031899799517103527, 0.26065250691818087], "k_pid_att": [37.786080388726674, 5.660487341044828, 0.6466361901850429], "k_pid_yaw": [0.5, 1e-06, 0.1], "k_pid_hsp": [0.5819589769224948, 0.03405255757900549, 0.0], "k_pid_vsp": [387.28783625730256, 110.84213536157536, 1.0342355324031562]}, "datetime": {"datetime": "2025-08-20 14:58:04", "elapsed": 11139.144553422928, "delta": 16.184285640716553}, "costs": {"total_cost": 177.14881046287132, "time_cost": 69.664, "final_distance_cost": 1.826928274516031, "oscillation_cost": 31.405020045181953, "completition_cost": 0.0, "overshoot_cost": 50.11551148344904, "power_cost": 12.500020666503907, "noise_cost": 11.63732999322038, "n_waypoints_completed": 9, "tot_waypoints": 9}}
{"target": -176.30056062096537, "params": {"k_pid_pos": [1.1269894127948639, 0.019479741092874734, 0.15323533002113826], "k_pid_alt": [1.8600931198382726, 0.00027979996874101645, 0.1995893515670221], "k_pid_att": [60.67624538905904, 7.1569375309808185, 1.0], "k_pid_yaw": [0.5, 1e-06, 0.1], "k_pid_hsp": [0.7945665530915399, 0.034688411273840807, 0.0], "k_pid_vsp": [323.39331447267824, 196.81582429558026, 1.3897511437807435]}, "datetime": {"datetime": "2025-08-20 14:58:20", "elapsed": 11155.283894062042, "delta": 16.13934063911438}, "costs": {"total_cost": 176.30056062096537, "time_cost": 69.57600000000001, "final_distance_cost": 1.8375067856839942, "oscillation_cost": 31.287533910362992, "completition_cost": 0.0, "overshoot_cost": 49.920866468960256, "power_cost": 12.249570532226564, "noise_cost": 11.429082923731563, "n_waypoints_completed": 9, "tot_waypoints": 9}}
{"target": -175.4908955669624, "params": {"k_pid_pos": [1.3692531563998305, 0.0329321574432545, 0.3524520378047577], "k_pid_alt": [1.6834351332034256, 0.00020906041669012648, 0.006387035556776462], "k_pid_att": [26.283729169605465, 6.952764761404063, 0.9688796830496944], "k_pid_yaw": [0.5, 1e-06, 0.1], "k_pid_hsp": [0.45640685869746767, 0.026605206062901236, 0.0], "k_pid_vsp": [400.0, 210.15312751173022, 2.4853904700285323]}, "datetime": {"datetime": "2025-08-20 14:58:38", "elapsed": 11172.964678287506, "delta": 17.680784225463867}, "costs": {"total_cost": 175.4908955669624, "time_cost": 69.456, "final_distance_cost": 1.8329012130316205, "oscillation_cost": 29.891869123265142, "completition_cost": 0.0, "overshoot_cost": 50.04270536762238, "power_cost": 12.70331043701172, "noise_cost": 11.564109426031532, "n_waypoints_completed": 9, "tot_waypoints": 9}}
