{"target": -209.93390770181435, "params": {"k_pid_pos": [1.964400090779672, 0.24336177898172304, 0.8437302683954409], "k_pid_alt": [1.8079110655330117, 0.010947101027362674, 0.4145422755995247], "k_pid_att": [34.0976128573237, 2.4378817987226467, 0.2633026405476622], "k_pid_yaw": [0.5, 1e-06, 0.1], "k_pid_hsp": [5.010784593428437, 0.44866048845480755, 0.0], "k_pid_vsp": [156.06253899080767, 189.53435667424617, 70.29420711207099]}, "datetime": {"datetime": "2025-08-20 12:43:36", "elapsed": 3071.0750975608826, "delta": 14.573203325271606}, "costs": {"total_cost": 209.93390770181435, "time_cost": 68.34400000000001, "final_distance_cost": 1.787488455904173, "oscillation_cost": 60.78808171852373, "completition_cost": 0.0, "overshoot_cost": 48.82340836787433, "power_cost": 17.25996563720703, "noise_cost": 12.930963522305081, "n_waypoints_completed": 9, "tot_waypoints": 9}}
{"target": -1782.424043403126, "params": {"k_pid_pos": [1.8867394590726494, 0.22836876502882095, 0.8630857693360637], "k_pid_alt": [1.422232606289681, 0.003477840884607435, 1.0], "k_pid_att": [49.094387417978886, 4.757747289717618, 1.0], "k_pid_yaw": [0.5, 1e-06, 0.1], "k_pid_hsp": [4.397016537306982, 0.1961673215215923, 0.0], "k_pid_vsp": [0.0, 54.95548130062361, 76.07236055172163]}, "datetime": {"datetime": "2025-08-20 12:43:58", "elapsed": 3093.2489070892334, "delta": 22.17380952835083}, "costs": {"total_cost": 1782.424043403126, "time_cost": 150, "final_distance_cost": 358.7446344702071, "oscillation_cost": 47.8779607903259, "completition_cost": 888.8888888888888, "overshoot_cost": 328.32479411653725, "power_cost": 2.984241333007813, "noise_cost": 5.603523804158981, "n_waypoints_completed": 1, "tot_waypoints": 9}}
{"target": -254.0694409393429, "params": {"k_pid_pos": [2.0, 0.04872939725398767, 0.9847074008587858], "k_pid_alt": [0.2954156575486116, 0.0, 0.0], "k_pid_att": [50.74161832646735, 5.508705060684324, 0.7932658247927247], "k_pid_yaw": [0.5, 1e-06, 0.1], "k_pid_hsp": [4.045521456908133, 0.42291255511490694, 0.0247753827292132], "k_pid_vsp": [184.88071108783143, 384.23649656291917, 46.566214782908844]}, "datetime": {"datetime": "2025-08-20 12:44:18", "elapsed": 3113.3358178138733, "delta": 20.086910724639893}, "costs": {"total_cost": 254.0694409393429, "time_cost": 94.248, "final_distance_cost": 1.8602667972691445, "oscillation_cost": 72.43441372345306, "completition_cost": 0.0, "overshoot_cost": 50.426788226341785, "power_cost": 19.665884472656252, "noise_cost": 15.434087719622644, "n_waypoints_completed": 9, "tot_waypoints": 9}}
{"target": -214.15560526546201, "params": {"k_pid_pos": [0.6118389498571596, 0.23875128423657432, 0.9459046701086149], "k_pid_alt": [0.8868564776254845, 0.017038891403156665, 0.4053901535464435], "k_pid_att": [51.62252848496967, 3.0812730309857734, 0.7211178462610323], "k_pid_yaw": [0.5, 1e-06, 0.1], "k_pid_hsp": [1.7379836652241127, 0.20574166162258634, 0.0], "k_pid_vsp": [187.82630813998847, 267.34560749933206, 40.96435526197461]}, "datetime": {"datetime": "2025-08-20 12:44:39", "elapsed": 3133.692042350769, "delta": 20.356224536895752}, "costs": {"total_cost": 214.15560526546201, "time_cost": 94.432, "final_distance_cost": 1.848802149948237, "oscillation_cost": 39.76766686557558, "completition_cost": 0.0, "overshoot_cost": 52.99177203582419, "power_cost": 13.627858618164064, "noise_cost": 11.487505595949926, "n_waypoints_completed": 9, "tot_waypoints": 9}}
{"target": -199.13465384364812, "params": {"k_pid_pos": [1.7136919843155738, 0.20103228092866274, 0.8942169521151309], "k_pid_alt": [2.0, 0.0, 0.2288975060250326], "k_pid_att": [53.41512723549416, 3.297114247239262, 0.8403061574563138], "k_pid_yaw": [0.5, 1e-06, 0.1], "k_pid_hsp": [2.698446424347672, 0.27364351709729146, 0.0], "k_pid_vsp": [20.382467507477475, 400.0, 57.64410888011318]}, "datetime": {"datetime": "2025-08-20 12:44:54", "elapsed": 3148.973283290863, "delta": 15.281240940093994}, "costs": {"total_cost": 199.13465384364812, "time_cost": 69.57600000000001, "final_distance_cost": 1.8352638228548188, "oscillation_cost": 50.06018273186754, "completition_cost": 0.0, "overshoot_cost": 49.73522307803322, "power_cost": 15.692805725097656, "noise_cost": 12.235178485794886, "n_waypoints_completed": 9, "tot_waypoints": 9}}
{"target": -1228.919929946476, "params": {"k_pid_pos": [2.0, 0.17345102156582595, 0.5550385444003094], "k_pid_alt": [1.6583468290879313, 0.014389378921481724, 0.0], "k_pid_att": [41.027953660110626, 2.674266277270858, 0.6299885163026668], "k_pid_yaw": [0.5, 1e-06, 0.1], "k_pid_hsp": [0.0001, 0.190947518382686, 0.0], "k_pid_vsp": [245.42468857273104, 400.0, 5.2661340420771365]}, "datetime": {"datetime": "2025-08-20 12:45:15", "elapsed": 3170.4496200084686, "delta": 21.47633671760559}, "costs": {"total_cost": 1228.919929946476, "time_cost": 150, "final_distance_cost": 91.326828970321, "oscillation_cost": 95.70489489715948, "completition_cost": 777.7777777777778, "overshoot_cost": 74.32036616727949, "power_cost": 22.400023364257812, "noise_cost": 17.39003876968065, "n_waypoints_completed": 2, "tot_waypoints": 9}}
{"target": -1143.324429165681, "params": {"k_pid_pos": [1.4043435896246421, 0.17204398829934361, 0.6209955739327254], "k_pid_alt": [0.0, 0.016749087957867975, 0.17142824037034868], "k_pid_att": [82.4853394140099, 2.76611951566046, 0.48878810009626195], "k_pid_yaw": [0.5, 1e-06, 0.1], "k_pid_hsp": [4.146499766355669, 0.5036881694312307, 0.0], "k_pid_vsp": [249.95546823289462, 400.0, 30.38349940540917]}, "datetime": {"datetime": "2025-08-20 12:45:37", "elapsed": 3191.892986059189, "delta": 21.443366050720215}, "costs": {"total_cost": 1143.324429165681, "time_cost": 150, "final_distance_cost": 66.92080328597974, "oscillation_cost": 37.960470689866995, "completition_cost": 777.7777777777778, "overshoot_cost": 58.975851984118826, "power_cost": 29.603355102539062, "noise_cost": 22.08617032539835, "n_waypoints_completed": 2, "tot_waypoints": 9}}
{"target": -3192.743815460527, "params": {"k_pid_pos": [1.404111707245087, 0.1685066963580836, 0.9272073274034813], "k_pid_alt": [2.0, 0.014430885179622497, 0.0], "k_pid_att": [0.0, 3.128074673091723, 0.7905581565978311], "k_pid_yaw": [0.5, 1e-06, 0.1], "k_pid_hsp": [2.1839023050057023, 0.4156118367391369, 0.0], "k_pid_vsp": [66.28786138079882, 273.3493346534166, 30.356187940985603]}, "datetime": {"datetime": "2025-08-20 12:45:59", "elapsed": 3213.801050424576, "delta": 21.908064365386963}, "costs": {"total_cost": 3192.743815460527, "time_cost": 150, "final_distance_cost": 202.90865000864449, "oscillation_cost": 1240.5091860897403, "completition_cost": 1000.0, "overshoot_cost": 471.15265996272467, "power_cost": 32.91186075439453, "noise_cost": 95.2614586450232, "n_waypoints_completed": 0, "tot_waypoints": 9}}
{"target": -245.75553768227502, "params": {"k_pid_pos": [1.7324056071859057, 0.34266973132400397, 0.8342735827194581], "k_pid_alt": [1.050464561899673, 0.17948918720088333, 0.515175679167925], "k_pid_att": [55.84694935012476, 0.21163405084117404, 0.8625490283267118], "k_pid_yaw": [0.5, 1e-06, 0.1], "k_pid_hsp": [0.9011915577476097, 0.18952184020000676, 0.06129261628829467], "k_pid_vsp": [369.3082664775043, 356.34188724054206, 1e-06]}, "datetime": {"datetime": "2025-08-20 12:46:17", "elapsed": 3232.2650606632233, "delta": 18.46401023864746}, "costs": {"total_cost": 245.75553768227502, "time_cost": 84.888, "final_distance_cost": 1.7451731477843353, "oscillation_cost": 79.6322116491022, "completition_cost": 0.0, "overshoot_cost": 50.92228804792272, "power_cost": 15.29020584716797, "noise_cost": 13.277658990297795, "n_waypoints_completed": 9, "tot_waypoints": 9}}
{"target": -192.30814876749173, "params": {"k_pid_pos": [1.9698040450038679, 0.517887496849415, 0.7756828308496339], "k_pid_alt": [1.5479008711345494, 0.023929702180643355, 0.44735930063619317], "k_pid_att": [68.1547664247896, 2.6744499656294347, 0.7941567067924651], "k_pid_yaw": [0.5, 1e-06, 0.1], "k_pid_hsp": [2.94864042775176, 0.20544955736862433, 0.0], "k_pid_vsp": [112.01729606370917, 144.27690624538357, 56.12990708903612]}, "datetime": {"datetime": "2025-08-20 12:46:33", "elapsed": 3247.517809152603, "delta": 15.252748489379883}, "costs": {"total_cost": 192.30814876749173, "time_cost": 70.648, "final_distance_cost": 1.7752937414673227, "oscillation_cost": 46.66598827692134, "completition_cost": 0.0, "overshoot_cost": 48.885707123371965, "power_cost": 13.680423413085938, "noise_cost": 10.652736212645161, "n_waypoints_completed": 9, "tot_waypoints": 9}}
{"target": -199.58267086560414, "params": {"k_pid_pos": [2.0, 0.42636231667054814, 1.0], "k_pid_alt": [1.7581704227276802, 0.0, 0.3811047287624394], "k_pid_att": [72.0904435609873, 4.383264692912872, 0.1839783174964763], "k_pid_yaw": [0.5, 1e-06, 0.1], "k_pid_hsp": [3.6959243478537243, 0.0, 0.0], "k_pid_vsp": [379.5849750952511, 215.48964509543723, 1e-06]}, "datetime": {"datetime": "2025-08-20 12:46:48", "elapsed": 3262.552545070648, "delta": 15.034735918045044}, "costs": {"total_cost": 199.58267086560414, "time_cost": 70.47200000000001, "final_distance_cost": 1.7882524502726778, "oscillation_cost": 53.03223164399149, "completition_cost": 0.0, "overshoot_cost": 50.969415356629305, "power_cost": 11.929231030273439, "noise_cost": 11.391540384437228, "n_waypoints_completed": 9, "tot_waypoints": 9}}
{"target": -202.40734873653457, "params": {"k_pid_pos": [0.786728807244922, 0.19065615006204303, 0.4892522928944119], "k_pid_alt": [1.8594271378102085, 0.04633415648516587, 0.33733452407102743], "k_pid_att": [100.0, 1.5985106894845023, 0.7180873228354354], "k_pid_yaw": [0.5, 1e-06, 0.1], "k_pid_hsp": [1.529608995412988, 0.16367319339946326, 0.0], "k_pid_vsp": [196.6323562719358, 400.0, 36.58240329644514]}, "datetime": {"datetime": "2025-08-20 12:47:06", "elapsed": 3281.007618188858, "delta": 18.45507311820984}, "costs": {"total_cost": 202.40734873653457, "time_cost": 81.76, "final_distance_cost": 1.7676075138821676, "oscillation_cost": 42.61809210647114, "completition_cost": 0.0, "overshoot_cost": 51.72210499344882, "power_cost": 13.49501697998047, "noise_cost": 11.044527142751932, "n_waypoints_completed": 9, "tot_waypoints": 9}}
{"target": -1360.3946479488181, "params": {"k_pid_pos": [2.0, 0.15092425157886427, 0.8736198873507401], "k_pid_alt": [1.1904183154153498, 0.0, 0.50459114625315], "k_pid_att": [32.484018351473296, 5.9727892553649164, 0.6207486839366442], "k_pid_yaw": [0.5, 1e-06, 0.1], "k_pid_hsp": [4.395949164173864, 0.2550598265988315, 0.0], "k_pid_vsp": [0.0, 1e-06, 1e-06]}, "datetime": {"datetime": "2025-08-20 12:47:27", "elapsed": 3302.4919879436493, "delta": 21.48436975479126}, "costs": {"total_cost": 1360.3946479488181, "time_cost": 150, "final_distance_cost": 1.000000200685409, "oscillation_cost": 25.030096585912048, "completition_cost": 1000.0, "overshoot_cost": 135.82164570695778, "power_cost": 6.483474353027344, "noise_cost": 42.059431102235834, "n_waypoints_completed": 0, "tot_waypoints": 9}}
{"target": -184.2917790433068, "params": {"k_pid_pos": [2.0, 0.18960661534013043, 1.0], "k_pid_alt": [1.3244020412770026, 0.003365085353605098, 0.4984578894325291], "k_pid_att": [38.278541479572795, 3.3285590499356394, 0.9265801899057183], "k_pid_yaw": [0.5, 1e-06, 0.1], "k_pid_hsp": [2.572168700747918, 0.2406949337319995, 0.009088502270593895], "k_pid_vsp": [179.72351873675726, 400.0, 1e-06]}, "datetime": {"datetime": "2025-08-20 12:47:43", "elapsed": 3317.575844526291, "delta": 15.083856582641602}, "costs": {"total_cost": 184.2917790433068, "time_cost": 70.208, "final_distance_cost": 1.8206141856894258, "oscillation_cost": 39.65663794193037, "completition_cost": 0.0, "overshoot_cost": 49.445876186072404, "power_cost": 11.92758924560547, "noise_cost": 11.233061484009143, "n_waypoints_completed": 9, "tot_waypoints": 9}}
{"target": -187.02881800059504, "params": {"k_pid_pos": [2.0, 0.26830814549677107, 0.41516061219266875], "k_pid_alt": [1.8929993129308096, 0.0, 0.8768623119753186], "k_pid_att": [50.445730725846964, 2.261008917976888, 0.5831985043321682], "k_pid_yaw": [0.5, 1e-06, 0.1], "k_pid_hsp": [2.184581237913568, 0.03950958226798528, 0.0], "k_pid_vsp": [244.55357809260374, 303.2025551345046, 9.651528359809847]}, "datetime": {"datetime": "2025-08-20 12:47:58", "elapsed": 3332.9960613250732, "delta": 15.420216798782349}, "costs": {"total_cost": 187.02881800059504, "time_cost": 70.144, "final_distance_cost": 1.757634018563565, "oscillation_cost": 40.98637463348384, "completition_cost": 0.0, "overshoot_cost": 49.955721741448215, "power_cost": 12.93209765625, "noise_cost": 11.252989950849454, "n_waypoints_completed": 9, "tot_waypoints": 9}}
{"target": -194.37678348896304, "params": {"k_pid_pos": [1.0518918645695745, 0.13160772660648365, 1.0], "k_pid_alt": [1.5476355502578178, 0.01815352503800936, 0.6284684177951754], "k_pid_att": [75.42040830299135, 4.101987546604328, 1.0], "k_pid_yaw": [0.5, 1e-06, 0.1], "k_pid_hsp": [2.5822292174658874, 0.06932247615820519, 0.0], "k_pid_vsp": [274.49868130207204, 382.3157029117887, 63.400305399445735]}, "datetime": {"datetime": "2025-08-20 12:48:17", "elapsed": 3351.6903829574585, "delta": 18.694321632385254}, "costs": {"total_cost": 194.37678348896304, "time_cost": 77.72800000000001, "final_distance_cost": 1.8479920126763243, "oscillation_cost": 40.78778353327547, "completition_cost": 0.0, "overshoot_cost": 50.57637658722708, "power_cost": 12.816091796875, "noise_cost": 10.620539558909162, "n_waypoints_completed": 9, "tot_waypoints": 9}}
{"target": -193.1498118417154, "params": {"k_pid_pos": [1.380131084332633, 0.14379303829066084, 0.955447710808758], "k_pid_alt": [1.571321194205103, 0.010069863434141464, 1.0], "k_pid_att": [27.33261110201357, 4.6904399505752465, 0.6651398675435501], "k_pid_yaw": [0.5, 1e-06, 0.1], "k_pid_hsp": [2.898559048980412, 0.009340080928028247, 0.0], "k_pid_vsp": [231.49556780302905, 196.8968175611792, 44.54706491137538]}, "datetime": {"datetime": "2025-08-20 12:48:35", "elapsed": 3370.339642763138, "delta": 18.64925980567932}, "costs": {"total_cost": 193.1498118417154, "time_cost": 73.008, "final_distance_cost": 1.8393725063512245, "oscillation_cost": 39.65324434685437, "completition_cost": 0.0, "overshoot_cost": 50.19409318275318, "power_cost": 15.851841223144532, "noise_cost": 12.603260582612078, "n_waypoints_completed": 9, "tot_waypoints": 9}}
{"target": -212.1850593521539, "params": {"k_pid_pos": [2.0, 0.10672534068086592, 0.5942047837155663], "k_pid_alt": [0.6798369459447257, 1.933538384230107e-05, 0.7172229370972607], "k_pid_att": [58.9727671421746, 1.2461769823502535, 0.8081123213473879], "k_pid_yaw": [0.5, 1e-06, 0.1], "k_pid_hsp": [2.4750713918724347, 0.1386466529443143, 0.0003883767838122518], "k_pid_vsp": [280.88352505023744, 400.0, 80.58640307213932]}, "datetime": {"datetime": "2025-08-20 12:48:54", "elapsed": 3389.3773169517517, "delta": 19.03767418861389}, "costs": {"total_cost": 212.1850593521539, "time_cost": 81.44, "final_distance_cost": 1.862367798482618, "oscillation_cost": 47.75218641344257, "completition_cost": 0.0, "overshoot_cost": 49.658701384562264, "power_cost": 17.98176893310547, "noise_cost": 13.490034822560991, "n_waypoints_completed": 9, "tot_waypoints": 9}}
{"target": -181.35394537584796, "params": {"k_pid_pos": [2.0, 0.1913560720165841, 0.6600787225807871], "k_pid_alt": [1.4531037154236242, 0.0, 1.0], "k_pid_att": [63.4675011001486, 3.6251935389323005, 0.852345546809933], "k_pid_yaw": [0.5, 1e-06, 0.1], "k_pid_hsp": [1.2026419454494226, 0.05405197359857596, 0.0], "k_pid_vsp": [230.08920956526313, 400.0, 7.02754317286566]}, "datetime": {"datetime": "2025-08-20 12:49:10", "elapsed": 3405.364902973175, "delta": 15.98758602142334}, "costs": {"total_cost": 181.35394537584796, "time_cost": 71.616, "final_distance_cost": 1.8054413390514517, "oscillation_cost": 33.176779517183476, "completition_cost": 0.0, "overshoot_cost": 50.00442120574053, "power_cost": 13.136867004394531, "noise_cost": 11.61443630947796, "n_waypoints_completed": 9, "tot_waypoints": 9}}
{"target": -188.17071253859675, "params": {"k_pid_pos": [1.5075324896790987, 0.26308518066129194, 0.944436277893515], "k_pid_alt": [2.0, 0.007088008929870289, 0.5297045779676778], "k_pid_att": [60.05407754474504, 1.6674519712347162, 0.7314661485218634], "k_pid_yaw": [0.5, 1e-06, 0.1], "k_pid_hsp": [3.7536683644307587, 0.2139453618018841, 0.0], "k_pid_vsp": [330.23684585566446, 400.0, 1e-06]}, "datetime": {"datetime": "2025-08-20 12:49:26", "elapsed": 3420.892622947693, "delta": 15.527719974517822}, "costs": {"total_cost": 188.17071253859675, "time_cost": 71.56, "final_distance_cost": 1.8371818554623371, "oscillation_cost": 40.522919011404674, "completition_cost": 0.0, "overshoot_cost": 50.19450070223122, "power_cost": 12.209861657714844, "noise_cost": 11.84624931178367, "n_waypoints_completed": 9, "tot_waypoints": 9}}
{"target": -233.6040110250059, "params": {"k_pid_pos": [2.0, 0.3870868178765896, 0.6064699855791832], "k_pid_alt": [1.3678582019748007, 0.0, 0.5214626050971384], "k_pid_att": [72.65432354469854, 3.3864342314297975, 0.76396472119819], "k_pid_yaw": [0.5, 1e-06, 0.1], "k_pid_hsp": [0.7492580651460732, 0.682466059911829, 0.0], "k_pid_vsp": [157.215024332662, 331.28888707673605, 111.97317190701732]}, "datetime": {"datetime": "2025-08-20 12:49:43", "elapsed": 3438.4846415519714, "delta": 17.592018604278564}, "costs": {"total_cost": 233.6040110250059, "time_cost": 82.296, "final_distance_cost": 1.8004192835563195, "oscillation_cost": 65.90087697627912, "completition_cost": 0.0, "overshoot_cost": 51.545812624171894, "power_cost": 18.284655786132813, "noise_cost": 13.77624635486573, "n_waypoints_completed": 9, "tot_waypoints": 9}}
{"target": -193.70542593439606, "params": {"k_pid_pos": [2.0, 0.056319081809422765, 0.34824703241141197], "k_pid_alt": [1.0808584662371727, 0.0304574783099215, 0.22242486362789138], "k_pid_att": [78.28534719073275, 3.1936206058549925, 1.0], "k_pid_yaw": [0.5, 1e-06, 0.1], "k_pid_hsp": [3.2680652650114204, 0.07457391177964233, 0.0], "k_pid_vsp": [147.12156969248088, 300.5122567515445, 22.379709337392686]}, "datetime": {"datetime": "2025-08-20 12:49:58", "elapsed": 3453.5035529136658, "delta": 15.018911361694336}, "costs": {"total_cost": 193.70542593439606, "time_cost": 68.864, "final_distance_cost": 1.7990567702376803, "oscillation_cost": 45.13373748579365, "completition_cost": 0.0, "overshoot_cost": 49.98536740416787, "power_cost": 15.842363208007813, "noise_cost": 12.08090106618904, "n_waypoints_completed": 9, "tot_waypoints": 9}}
{"target": -183.15849237031082, "params": {"k_pid_pos": [1.323103682612244, 0.261121908605443, 0.29083910047790246], "k_pid_alt": [1.5725660036013467, 0.032759742412743535, 0.7555323188825733], "k_pid_att": [71.05091303864477, 2.247597634955039, 0.7900878059209542], "k_pid_yaw": [0.5, 1e-06, 0.1], "k_pid_hsp": [2.1365553382385407, 0.26796075489612126, 0.0], "k_pid_vsp": [117.52296710631698, 400.0, 33.99606681111336]}, "datetime": {"datetime": "2025-08-20 12:50:14", "elapsed": 3469.110141515732, "delta": 15.60658860206604}, "costs": {"total_cost": 183.15849237031082, "time_cost": 72.808, "final_distance_cost": 1.7808266154825294, "oscillation_cost": 43.10643343956272, "completition_cost": 0.0, "overshoot_cost": 50.14653494146358, "power_cost": 7.926065405273438, "noise_cost": 7.3906319685285276, "n_waypoints_completed": 9, "tot_waypoints": 9}}
{"target": -220.20981252762402, "params": {"k_pid_pos": [0.899478574584168, 0.20679477313154926, 1.0], "k_pid_alt": [1.8788599985440222, 0.011004684434441922, 0.09719292266723632], "k_pid_att": [92.73508820950617, 4.665610329958592, 1.0], "k_pid_yaw": [0.5, 1e-06, 0.1], "k_pid_hsp": [3.1125448456650133, 0.22866031630606917, 0.0], "k_pid_vsp": [375.23878357172, 400.0, 82.62344466007403]}, "datetime": {"datetime": "2025-08-20 12:50:32", "elapsed": 3487.285055398941, "delta": 18.17491388320923}, "costs": {"total_cost": 220.20981252762402, "time_cost": 83.536, "final_distance_cost": 1.839099335487404, "oscillation_cost": 46.080726179691375, "completition_cost": 0.0, "overshoot_cost": 52.435597200912966, "power_cost": 20.401039184570312, "noise_cost": 15.917350626961946, "n_waypoints_completed": 9, "tot_waypoints": 9}}
{"target": -183.597550659234, "params": {"k_pid_pos": [1.549805852084157, 0.12528863550326727, 0.5542141303523382], "k_pid_alt": [2.0, 0.011133061623169321, 0.5029170014278357], "k_pid_att": [21.045376608760105, 5.412492011585779, 0.7423659308802576], "k_pid_yaw": [0.5, 1e-06, 0.1], "k_pid_hsp": [3.1359714786134263, 0.4085757714931608, 0.0], "k_pid_vsp": [300.95439165460056, 315.2862342033599, 58.03719940833355]}, "datetime": {"datetime": "2025-08-20 12:50:47", "elapsed": 3502.0413064956665, "delta": 14.756251096725464}, "costs": {"total_cost": 183.597550659234, "time_cost": 68.608, "final_distance_cost": 1.8417961003086896, "oscillation_cost": 42.35459952217205, "completition_cost": 0.0, "overshoot_cost": 48.62644251045622, "power_cost": 12.14434658203125, "noise_cost": 10.022365944265776, "n_waypoints_completed": 9, "tot_waypoints": 9}}
{"target": -203.84000841993713, "params": {"k_pid_pos": [1.7314966816448585, 0.33204030056652567, 0.9111838386831567], "k_pid_alt": [1.4347031315102428, 0.007244847654561466, 0.3309359915249799], "k_pid_att": [100.0, 2.8010374104130364, 1.0], "k_pid_yaw": [0.5, 1e-06, 0.1], "k_pid_hsp": [0.3851969249757204, 0.3464120648406647, 0.0], "k_pid_vsp": [144.135629817452, 289.85156939026365, 21.482136174696638]}, "datetime": {"datetime": "2025-08-20 12:51:04", "elapsed": 3518.9736535549164, "delta": 16.932347059249878}, "costs": {"total_cost": 203.84000841993713, "time_cost": 77.592, "final_distance_cost": 1.824700040059958, "oscillation_cost": 48.738938553037165, "completition_cost": 0.0, "overshoot_cost": 50.58544832226631, "power_cost": 13.912192114257813, "noise_cost": 11.186729390315922, "n_waypoints_completed": 9, "tot_waypoints": 9}}
