{"target": -170.20313555046837, "params": {"k_pid_pos": [0.5852236133089336, 0.004843882187418599, 0.004816224839687273], "k_pid_alt": [1.9050658739345387, 0.00010804802605245596, 0.0015157288473967316], "k_pid_att": [29.725604500935287, 5.584355520848741, 0.46620866091466606], "k_pid_yaw": [0.5, 1e-06, 0.1], "k_pid_hsp": [0.08090861007254994, 0.007018580822953803, 0.0], "k_pid_vsp": [273.59890806302843, 268.9571715950488, 0.6159557477404785]}, "datetime": {"datetime": "2025-08-20 20:47:01", "elapsed": 32076.22608399391, "delta": 15.730284214019775}, "costs": {"total_cost": 170.20313555046837, "time_cost": 72.72, "final_distance_cost": 1.794111827460637, "oscillation_cost": 20.707108608689072, "completition_cost": 0.0, "overshoot_cost": 51.07170632424738, "power_cost": 12.266424597167969, "noise_cost": 11.643784192903324, "n_waypoints_completed": 9, "tot_waypoints": 9}}
{"target": -171.93505873666953, "params": {"k_pid_pos": [0.6459772107714694, 0.003872488216655444, 0.010443452809889406], "k_pid_alt": [1.9728350608804186, 0.00012523988290802149, 0.002336130835939854], "k_pid_att": [32.25950760266955, 5.522869450746142, 0.6772524094694967], "k_pid_yaw": [0.5, 1e-06, 0.1], "k_pid_hsp": [0.0797990993141346, 0.005110189581120009, 0.0], "k_pid_vsp": [290.2416910974011, 295.7971749151785, 0.7792314499837469]}, "datetime": {"datetime": "2025-08-20 20:47:20", "elapsed": 32094.664265871048, "delta": 18.43818187713623}, "costs": {"total_cost": 171.93505873666953, "time_cost": 72.624, "final_distance_cost": 1.7895252272780884, "oscillation_cost": 21.62717657660634, "completition_cost": 0.0, "overshoot_cost": 51.90793933285521, "power_cost": 12.424206872558594, "noise_cost": 11.562210727371315, "n_waypoints_completed": 9, "tot_waypoints": 9}}
{"target": -170.21360648393045, "params": {"k_pid_pos": [0.46171040314404177, 0.0036815544541641807, 0.008170984853493405], "k_pid_alt": [1.8412882162021909, 0.00012083112608769986, 0.0018513030199083754], "k_pid_att": [25.72779924461629, 9.016268786086497, 0.5775634353296487], "k_pid_yaw": [0.5, 1e-06, 0.1], "k_pid_hsp": [0.10130435906391945, 0.005544047314558864, 0.0], "k_pid_vsp": [190.70118063167828, 243.73057867890748, 0.5274217129185711]}, "datetime": {"datetime": "2025-08-20 20:47:35", "elapsed": 32110.290088176727, "delta": 15.625822305679321}, "costs": {"total_cost": 170.21360648393045, "time_cost": 73.44, "final_distance_cost": 1.8333694264770288, "oscillation_cost": 19.590605465000994, "completition_cost": 0.0, "overshoot_cost": 50.933403165487306, "power_cost": 12.437383422851562, "noise_cost": 11.978845004113552, "n_waypoints_completed": 9, "tot_waypoints": 9}}
{"target": -170.78967688231478, "params": {"k_pid_pos": [0.6088377793371347, 0.003972445586727402, 0.00969757756158738], "k_pid_alt": [2.0, 0.00013791315247256643, 0.0017106578783508115], "k_pid_att": [30.534225173216644, 6.576801620842587, 0.7256043177872198], "k_pid_yaw": [0.5, 1e-06, 0.1], "k_pid_hsp": [0.13241726309901317, 0.004986845744019111, 0.0], "k_pid_vsp": [222.04335711817876, 235.16044506555133, 0.4837592883635396]}, "datetime": {"datetime": "2025-08-20 20:47:53", "elapsed": 32127.718570947647, "delta": 17.4284827709198}, "costs": {"total_cost": 170.78967688231478, "time_cost": 71.184, "final_distance_cost": 1.8322385602928717, "oscillation_cost": 23.741215820755823, "completition_cost": 0.0, "overshoot_cost": 50.2970640035912, "power_cost": 12.172765747070313, "noise_cost": 11.56239275060456, "n_waypoints_completed": 9, "tot_waypoints": 9}}
{"target": -170.32838739589667, "params": {"k_pid_pos": [0.4923275196446191, 0.0050598799271695406, 0.007154202733244289], "k_pid_alt": [1.669398446304889, 0.0001452089117213073, 0.0017980906433438654], "k_pid_att": [28.37998013126274, 6.965283801385609, 0.6358121154873921], "k_pid_yaw": [0.5, 1e-06, 0.1], "k_pid_hsp": [0.10847026310841223, 0.0053479043287309415, 0.0], "k_pid_vsp": [257.02489322695646, 230.8088859465802, 0.677026313749166]}, "datetime": {"datetime": "2025-08-20 20:48:09", "elapsed": 32143.664047718048, "delta": 15.945476770401001}, "costs": {"total_cost": 170.32838739589667, "time_cost": 72.8, "final_distance_cost": 1.8416935097000042, "oscillation_cost": 20.47196259509945, "completition_cost": 0.0, "overshoot_cost": 51.34642085019753, "power_cost": 12.160776501464845, "noise_cost": 11.707533939434862, "n_waypoints_completed": 9, "tot_waypoints": 9}}
{"target": -169.3335063839789, "params": {"k_pid_pos": [0.5742476440227092, 0.003154441919666603, 0.010403723035124044], "k_pid_alt": [1.712784209823428, 0.00013919550460427977, 0.0011618230682930379], "k_pid_att": [33.04284713533044, 6.793439307688582, 0.6578535999204193], "k_pid_yaw": [0.5, 1e-06, 0.1], "k_pid_hsp": [0.09751236063356365, 0.00529717190007093, 0.0], "k_pid_vsp": [231.4107430434949, 264.93402535721964, 0.3443443887588014]}, "datetime": {"datetime": "2025-08-20 20:48:25", "elapsed": 32160.49517941475, "delta": 16.83113169670105}, "costs": {"total_cost": 169.3335063839789, "time_cost": 71.568, "final_distance_cost": 1.8269881414326081, "oscillation_cost": 21.01097782441859, "completition_cost": 0.0, "overshoot_cost": 51.029736981953, "power_cost": 12.25984443359375, "noise_cost": 11.637959002580944, "n_waypoints_completed": 9, "tot_waypoints": 9}}
{"target": -170.29865648849741, "params": {"k_pid_pos": [0.6187334921726321, 0.0033590594407227887, 0.006280448998528307], "k_pid_alt": [2.0, 0.00012295944192724324, 0.001424170067736965], "k_pid_att": [27.95324026127231, 8.004677529713147, 0.7138951136420228], "k_pid_yaw": [0.5, 1e-06, 0.1], "k_pid_hsp": [0.08378494770174173, 0.004851229985059265, 0.0], "k_pid_vsp": [220.78965758008312, 226.7765329591765, 0.6709101991313444]}, "datetime": {"datetime": "2025-08-20 20:48:42", "elapsed": 32176.966944217682, "delta": 16.47176480293274}, "costs": {"total_cost": 170.29865648849741, "time_cost": 72.12, "final_distance_cost": 1.8030560276097445, "oscillation_cost": 21.406605646093986, "completition_cost": 0.0, "overshoot_cost": 51.658075647847966, "power_cost": 11.888673962402345, "noise_cost": 11.42224520454336, "n_waypoints_completed": 9, "tot_waypoints": 9}}
{"target": -169.59867696235352, "params": {"k_pid_pos": [0.5939925587580617, 0.003724718492433727, 0.007728396496445851], "k_pid_alt": [1.932253707234323, 0.00012669289564059898, 0.0016047500282763642], "k_pid_att": [30.04897146187732, 5.86572331512573, 0.6894461056266717], "k_pid_yaw": [0.5, 1e-06, 0.1], "k_pid_hsp": [0.08839698330441381, 0.005853575498143069, 0.0], "k_pid_vsp": [237.2356454649073, 320.95731178466355, 0.6910236832754769]}, "datetime": {"datetime": "2025-08-20 20:48:58", "elapsed": 32192.797714471817, "delta": 15.830770254135132}, "costs": {"total_cost": 169.59867696235352, "time_cost": 71.776, "final_distance_cost": 1.8194952758759206, "oscillation_cost": 21.125962326300318, "completition_cost": 0.0, "overshoot_cost": 50.9147536470849, "power_cost": 12.413162487792968, "noise_cost": 11.549303225299441, "n_waypoints_completed": 9, "tot_waypoints": 9}}
{"target": -169.37283070363418, "params": {"k_pid_pos": [0.7634748638331658, 0.0034501530280951257, 0.010101885734236395], "k_pid_alt": [1.8602441737455624, 0.00012566472644574193, 0.0015858455935878022], "k_pid_att": [33.47422253898463, 8.362324032067846, 0.640788215117497], "k_pid_yaw": [0.5, 1e-06, 0.1], "k_pid_hsp": [0.1037447934677906, 0.00399958878985766, 0.0], "k_pid_vsp": [227.34417179521088, 249.5327003713974, 0.689484375036617]}, "datetime": {"datetime": "2025-08-20 20:49:15", "elapsed": 32210.254714012146, "delta": 17.45699954032898}, "costs": {"total_cost": 169.37283070363418, "time_cost": 70.296, "final_distance_cost": 1.8032755494071655, "oscillation_cost": 24.415686240657568, "completition_cost": 0.0, "overshoot_cost": 50.23188401133075, "power_cost": 11.57643681640625, "noise_cost": 11.04954808583247, "n_waypoints_completed": 9, "tot_waypoints": 9}}
{"target": -170.54672202912423, "params": {"k_pid_pos": [0.49858383979402765, 0.0030789147662565117, 0.010954964509155738], "k_pid_alt": [1.6164271226501732, 0.00018808961413800316, 0.001809751129364873], "k_pid_att": [34.924981402538236, 5.938462508360171, 0.8320693562089838], "k_pid_yaw": [0.5, 1e-06, 0.1], "k_pid_hsp": [0.11899802395806779, 0.005402689560252124, 0.0], "k_pid_vsp": [191.42460074275087, 300.3356963323293, 0.6214454302076597]}, "datetime": {"datetime": "2025-08-20 20:49:33", "elapsed": 32227.920667409897, "delta": 17.665953397750854}, "costs": {"total_cost": 170.54672202912423, "time_cost": 72.976, "final_distance_cost": 1.847109656820919, "oscillation_cost": 21.129564256453587, "completition_cost": 0.0, "overshoot_cost": 50.274843359651484, "power_cost": 12.400946362304689, "noise_cost": 11.91825839389355, "n_waypoints_completed": 9, "tot_waypoints": 9}}
{"target": -171.28678494455235, "params": {"k_pid_pos": [0.5076290804348539, 0.004388699139597223, 0.007564377977152553], "k_pid_alt": [2.0, 0.0001399092998154111, 0.0016167035382810618], "k_pid_att": [23.431404960732426, 7.256926833452954, 0.6209682485967857], "k_pid_yaw": [0.5, 1e-06, 0.1], "k_pid_hsp": [0.12657809427681596, 0.003572848463894652, 0.0], "k_pid_vsp": [235.58073937280338, 250.01256182171582, 0.8464781454016291]}, "datetime": {"datetime": "2025-08-20 20:49:53", "elapsed": 32248.300267219543, "delta": 20.379599809646606}, "costs": {"total_cost": 171.28678494455235, "time_cost": 72.896, "final_distance_cost": 1.8331040493883723, "oscillation_cost": 21.660282506780824, "completition_cost": 0.0, "overshoot_cost": 50.540513298262205, "power_cost": 12.513429614257813, "noise_cost": 11.843455475863141, "n_waypoints_completed": 9, "tot_waypoints": 9}}
{"target": -169.49412767888646, "params": {"k_pid_pos": [0.543740789463332, 0.0035451350767507894, 0.0077840893875594855], "k_pid_alt": [1.5854776915920592, 9.060186716279377e-05, 0.0019016178952673379], "k_pid_att": [30.41170918288115, 6.61287778553357, 0.5980425653664437], "k_pid_yaw": [0.5, 1e-06, 0.1], "k_pid_hsp": [0.10259236062086345, 0.005526472252487554, 0.0], "k_pid_vsp": [240.2981012597203, 261.55655563013556, 0.6022703980332932]}, "datetime": {"datetime": "2025-08-20 20:50:10", "elapsed": 32265.396638154984, "delta": 17.096370935440063}, "costs": {"total_cost": 169.49412767888646, "time_cost": 71.856, "final_distance_cost": 1.8241963789369378, "oscillation_cost": 21.103640384784903, "completition_cost": 0.0, "overshoot_cost": 50.75153849638481, "power_cost": 12.279666052246094, "noise_cost": 11.679086366533713, "n_waypoints_completed": 9, "tot_waypoints": 9}}
{"target": -173.3062865292717, "params": {"k_pid_pos": [0.41378828962054826, 0.0049958131890007, 0.01070148875381676], "k_pid_alt": [1.8060947803475846, 0.00011905028721703136, 0.001074509227374314], "k_pid_att": [33.99459598932729, 8.384962451277993, 0.6239275186332046], "k_pid_yaw": [0.5, 1e-06, 0.1], "k_pid_hsp": [0.11403183184127812, 0.004669319901409386, 0.0], "k_pid_vsp": [186.0476180371809, 205.38672777503822, 0.6188510145363698]}, "datetime": {"datetime": "2025-08-20 20:50:29", "elapsed": 32283.577976942062, "delta": 18.181338787078857}, "costs": {"total_cost": 173.3062865292717, "time_cost": 75.848, "final_distance_cost": 1.85212683837842, "oscillation_cost": 19.31978467528137, "completition_cost": 0.0, "overshoot_cost": 51.371668506169456, "power_cost": 12.481578466796876, "noise_cost": 12.433128042645595, "n_waypoints_completed": 9, "tot_waypoints": 9}}
{"target": -169.7701674561931, "params": {"k_pid_pos": [0.45468850060172733, 0.0022583523307683068, 0.008128459788995611], "k_pid_alt": [1.591514118620666, 0.00011965488561002239, 0.0015822959023491414], "k_pid_att": [21.16089909329271, 7.393704542119326, 0.6320204814525192], "k_pid_yaw": [0.5, 1e-06, 0.1], "k_pid_hsp": [0.08973259650077821, 0.004390617663078894, 0.0], "k_pid_vsp": [223.00394537417694, 281.8234425171549, 0.6003341457601704]}, "datetime": {"datetime": "2025-08-20 20:50:45", "elapsed": 32300.065577030182, "delta": 16.487600088119507}, "costs": {"total_cost": 169.7701674561931, "time_cost": 73.72, "final_distance_cost": 1.8304629461424393, "oscillation_cost": 18.60955227993115, "completition_cost": 0.0, "overshoot_cost": 51.01668855609586, "power_cost": 12.578870800781251, "noise_cost": 12.014592873242377, "n_waypoints_completed": 9, "tot_waypoints": 9}}
{"target": -169.8336778118224, "params": {"k_pid_pos": [0.5881436273649506, 0.003692885720065136, 0.005691584660853129], "k_pid_alt": [2.0, 0.00010181969545046395, 0.0016502031198005745], "k_pid_att": [40.66864479716675, 8.735544771018521, 0.6131383882931768], "k_pid_yaw": [0.5, 1e-06, 0.1], "k_pid_hsp": [0.08983405386064698, 0.005483144498547962, 0.0], "k_pid_vsp": [227.29434332734513, 195.31742830276357, 0.5382419074858489]}, "datetime": {"datetime": "2025-08-20 20:51:01", "elapsed": 32316.3570997715, "delta": 16.29152274131775}, "costs": {"total_cost": 169.8336778118224, "time_cost": 71.888, "final_distance_cost": 1.797807877477615, "oscillation_cost": 21.1726746550199, "completition_cost": 0.0, "overshoot_cost": 51.04609010625177, "power_cost": 12.332064611816406, "noise_cost": 11.5970405612567, "n_waypoints_completed": 9, "tot_waypoints": 9}}
{"target": -172.13082308833896, "params": {"k_pid_pos": [0.43721592237407886, 0.00428833607479816, 0.009627687070675567], "k_pid_alt": [2.0, 0.00015022660531210659, 0.0016334315188286498], "k_pid_att": [32.462308599944016, 7.667034099137283, 0.7522271498599653], "k_pid_yaw": [0.5, 1e-06, 0.1], "k_pid_hsp": [0.11675763333060445, 0.004613841930301603, 0.0], "k_pid_vsp": [166.94485808415098, 272.49068377188064, 0.7845834427952764]}, "datetime": {"datetime": "2025-08-20 20:51:19", "elapsed": 32334.399085521698, "delta": 18.041985750198364}, "costs": {"total_cost": 172.13082308833896, "time_cost": 74.92, "final_distance_cost": 1.852368483568591, "oscillation_cost": 19.896476511410228, "completition_cost": 0.0, "overshoot_cost": 51.04124661543463, "power_cost": 12.277873498535158, "noise_cost": 12.142857979390316, "n_waypoints_completed": 9, "tot_waypoints": 9}}
{"target": -169.34201304592983, "params": {"k_pid_pos": [0.7335231263541927, 0.004172684717483231, 0.007076825677435385], "k_pid_alt": [1.6662325221377767, 0.00011118303966986116, 0.0021123240388554927], "k_pid_att": [27.973930921936415, 7.064622708809575, 0.7550678246723005], "k_pid_yaw": [0.5, 1e-06, 0.1], "k_pid_hsp": [0.10204537351696158, 0.004901171220848416, 0.0], "k_pid_vsp": [247.14021820289955, 345.937341660145, 0.6609992717023152]}, "datetime": {"datetime": "2025-08-20 20:51:35", "elapsed": 32349.97004342079, "delta": 15.570957899093628}, "costs": {"total_cost": 169.34201304592983, "time_cost": 70.352, "final_distance_cost": 1.794668175726477, "oscillation_cost": 23.962658520327356, "completition_cost": 0.0, "overshoot_cost": 50.209347165268014, "power_cost": 11.84024326171875, "noise_cost": 11.183095922889255, "n_waypoints_completed": 9, "tot_waypoints": 9}}
{"target": -168.94662975356565, "params": {"k_pid_pos": [0.5709660880420308, 0.0029447833133695624, 0.006890347683322885], "k_pid_alt": [2.0, 0.0001487718927473975, 0.0019967066541074236], "k_pid_att": [26.918821856747112, 7.211815578506268, 0.7089647142665042], "k_pid_yaw": [0.5, 1e-06, 0.1], "k_pid_hsp": [0.09503422325381507, 0.005395913381747121, 0.0], "k_pid_vsp": [304.49146068660576, 275.2145888379969, 0.7269044830261051]}, "datetime": {"datetime": "2025-08-20 20:51:51", "elapsed": 32366.32581925392, "delta": 16.355775833129883}, "costs": {"total_cost": 168.94662975356565, "time_cost": 71.72, "final_distance_cost": 1.8309872283087087, "oscillation_cost": 21.188155025903132, "completition_cost": 0.0, "overshoot_cost": 50.95499074938288, "power_cost": 11.969738403320314, "noise_cost": 11.28275834665061, "n_waypoints_completed": 9, "tot_waypoints": 9}}
{"target": -171.28747062934417, "params": {"k_pid_pos": [0.6674694001142211, 0.0037098427064205484, 0.008081781758418456], "k_pid_alt": [1.8918173877775313, 0.00011591553155703125, 0.001423229540435038], "k_pid_att": [33.022817888084866, 7.921683727496245, 0.7105331444680294], "k_pid_yaw": [0.5, 1e-06, 0.1], "k_pid_hsp": [0.09674610432311011, 0.005249911514560207, 0.0], "k_pid_vsp": [223.0970424118508, 80.42674592772259, 0.5227784860787699]}, "datetime": {"datetime": "2025-08-20 20:52:07", "elapsed": 32381.718681812286, "delta": 15.392862558364868}, "costs": {"total_cost": 171.28747062934417, "time_cost": 71.224, "final_distance_cost": 1.8061769825158012, "oscillation_cost": 22.994276553314567, "completition_cost": 0.0, "overshoot_cost": 51.376559239604035, "power_cost": 12.466884008789062, "noise_cost": 11.419573845120668, "n_waypoints_completed": 9, "tot_waypoints": 9}}
{"target": -173.46437853278678, "params": {"k_pid_pos": [0.7656704087902716, 0.00426835695745186, 0.00917319528550288], "k_pid_alt": [1.1683471668397056, 9.12186883992205e-05, 0.001787425997576091], "k_pid_att": [36.890565160529796, 5.784612889638333, 0.6316577453699331], "k_pid_yaw": [0.5, 1e-06, 0.1], "k_pid_hsp": [0.0825479920333602, 0.004528484790850604, 0.0], "k_pid_vsp": [138.9833686135141, 258.78858558651274, 0.6599651837188597]}, "datetime": {"datetime": "2025-08-20 20:52:24", "elapsed": 32398.883801460266, "delta": 17.165119647979736}, "costs": {"total_cost": 173.46437853278678, "time_cost": 72.70400000000001, "final_distance_cost": 1.7935799972743622, "oscillation_cost": 23.647864666016567, "completition_cost": 0.0, "overshoot_cost": 51.10916652214949, "power_cost": 12.711241076660157, "noise_cost": 11.49852627068624, "n_waypoints_completed": 9, "tot_waypoints": 9}}
{"target": -169.91544781065926, "params": {"k_pid_pos": [0.6360256000794182, 0.0037696040058911137, 0.009228884054143809], "k_pid_alt": [1.6493747073655791, 0.0001353458243116139, 0.001577172683286672], "k_pid_att": [25.745395920602267, 4.719086516923578, 0.6240846268096757], "k_pid_yaw": [0.5, 1e-06, 0.1], "k_pid_hsp": [0.12366175300029818, 0.004923700203499808, 0.0], "k_pid_vsp": [225.4585499700572, 223.32027127418564, 0.47200784054527983]}, "datetime": {"datetime": "2025-08-20 20:52:39", "elapsed": 32413.99241709709, "delta": 15.108615636825562}, "costs": {"total_cost": 169.91544781065926, "time_cost": 70.752, "final_distance_cost": 1.8171566723197803, "oscillation_cost": 23.71244631829665, "completition_cost": 0.0, "overshoot_cost": 50.15261226797867, "power_cost": 12.14726834716797, "noise_cost": 11.333964204896196, "n_waypoints_completed": 9, "tot_waypoints": 9}}
{"target": -170.76978983290303, "params": {"k_pid_pos": [0.5867896161002696, 0.0034306722818584923, 0.007509922801730208], "k_pid_alt": [1.8527845625156176, 0.00012753952536329781, 0.0016114292584187477], "k_pid_att": [37.29582222011927, 6.827041890200085, 0.9394360242642231], "k_pid_yaw": [0.5, 1e-06, 0.1], "k_pid_hsp": [0.1430886829294891, 0.004253547848577583, 0.0], "k_pid_vsp": [239.79706208432563, 189.49241983951617, 0.6502688263261374]}, "datetime": {"datetime": "2025-08-20 20:52:58", "elapsed": 32433.044614315033, "delta": 19.052197217941284}, "costs": {"total_cost": 170.76978983290303, "time_cost": 71.632, "final_distance_cost": 1.8343323706685166, "oscillation_cost": 23.485833178773927, "completition_cost": 0.0, "overshoot_cost": 50.167083716248044, "power_cost": 12.10256854248047, "noise_cost": 11.547972024732077, "n_waypoints_completed": 9, "tot_waypoints": 9}}
{"target": -170.47100420771548, "params": {"k_pid_pos": [0.7896686339293985, 0.0036378482832183355, 0.0051127131002475104], "k_pid_alt": [1.6949736409169518, 0.00012542317758145813, 0.002425764125886898], "k_pid_att": [28.692005273359047, 6.877706345715509, 0.7642444336707385], "k_pid_yaw": [0.5, 1e-06, 0.1], "k_pid_hsp": [0.09925655634249592, 0.004927821372018786, 0.0], "k_pid_vsp": [212.23429146903652, 204.1815791871269, 0.7198718067276292]}, "datetime": {"datetime": "2025-08-20 20:53:13", "elapsed": 32448.263430595398, "delta": 15.21881628036499}, "costs": {"total_cost": 170.47100420771548, "time_cost": 70.272, "final_distance_cost": 1.8112848589598625, "oscillation_cost": 24.524735883036783, "completition_cost": 0.0, "overshoot_cost": 50.568563067997395, "power_cost": 12.143454162597656, "noise_cost": 11.150966235123763, "n_waypoints_completed": 9, "tot_waypoints": 9}}
{"target": -170.50664242953602, "params": {"k_pid_pos": [0.4603440661232761, 0.00425588492918894, 0.008777085141279894], "k_pid_alt": [2.0, 0.000129441297211671, 0.0018697734316253326], "k_pid_att": [22.30633698013794, 6.131416144142233, 0.6632879369938027], "k_pid_yaw": [0.5, 1e-06, 0.1], "k_pid_hsp": [0.11702070808776645, 0.004381851919642206, 0.0], "k_pid_vsp": [222.34456513958244, 237.3014444299439, 0.6966103680690292]}, "datetime": {"datetime": "2025-08-20 20:53:31", "elapsed": 32465.60030412674, "delta": 17.336873531341553}, "costs": {"total_cost": 170.50664242953602, "time_cost": 74.008, "final_distance_cost": 1.8382330322916547, "oscillation_cost": 19.95690505925431, "completition_cost": 0.0, "overshoot_cost": 50.94891196970181, "power_cost": 11.893546972656251, "noise_cost": 11.861045395632011, "n_waypoints_completed": 9, "tot_waypoints": 9}}
{"target": -169.16207391986532, "params": {"k_pid_pos": [0.5918877409615875, 0.0037688550944096604, 0.009641930568654108], "k_pid_alt": [2.0, 0.00011403225114182963, 0.001637983147255576], "k_pid_att": [25.209279937476452, 4.786268059665544, 0.8022205392934367], "k_pid_yaw": [0.5, 1e-06, 0.1], "k_pid_hsp": [0.10164116633574342, 0.0055198289068071, 0.0], "k_pid_vsp": [216.66606235185904, 216.54762290678715, 0.5639613177694885]}, "datetime": {"datetime": "2025-08-20 20:53:46", "elapsed": 32480.902757883072, "delta": 15.302453756332397}, "costs": {"total_cost": 169.16207391986532, "time_cost": 71.408, "final_distance_cost": 1.8287828210831176, "oscillation_cost": 21.811399479712666, "completition_cost": 0.0, "overshoot_cost": 50.83769349903865, "power_cost": 11.924206567382813, "noise_cost": 11.351991552648094, "n_waypoints_completed": 9, "tot_waypoints": 9}}
