{"target": -178.32019469706708, "params": {"k_pid_pos": [1.9787828694072693, 0.10656175419959739, 0.21574938684030567], "k_pid_alt": [2.0, 0.0, 0.5381308495316751], "k_pid_att": [49.96220587616197, 2.2344266554667196, 0.8783779165246357], "k_pid_yaw": [0.5, 1e-06, 0.1], "k_pid_hsp": [0.3381662582079568, 0.0292994047759841, 0.0], "k_pid_vsp": [264.61338165030764, 364.7012366305393, 2.8426676439528333]}, "datetime": {"datetime": "2025-08-20 13:56:38", "elapsed": 7452.707120418549, "delta": 18.301205158233643}, "costs": {"total_cost": 178.32019469706708, "time_cost": 68.816, "final_distance_cost": 1.791776607744798, "oscillation_cost": 34.18336770327684, "completition_cost": 0.0, "overshoot_cost": 50.03261794807833, "power_cost": 12.410472155761719, "noise_cost": 11.085960282205418, "n_waypoints_completed": 9, "tot_waypoints": 9}}
{"target": -178.08405749598714, "params": {"k_pid_pos": [1.2843132272264104, 0.1457263051705092, 0.6424941395175258], "k_pid_alt": [1.6822730928494458, 5.043560604368464e-06, 0.484112601488979], "k_pid_att": [46.45032487446298, 2.3830695698417936, 0.7449758608972243], "k_pid_yaw": [0.5, 1e-06, 0.1], "k_pid_hsp": [0.4153212237951456, 0.043935006861798825, 0.0], "k_pid_vsp": [62.47454235403266, 220.69320870007843, 1.4615946056872762]}, "datetime": {"datetime": "2025-08-20 13:56:56", "elapsed": 7470.564145565033, "delta": 17.857025146484375}, "costs": {"total_cost": 178.08405749598714, "time_cost": 71.032, "final_distance_cost": 1.8261204205497543, "oscillation_cost": 31.1971246309661, "completition_cost": 0.0, "overshoot_cost": 49.95025852663584, "power_cost": 12.546970837402345, "noise_cost": 11.531583080433121, "n_waypoints_completed": 9, "tot_waypoints": 9}}
{"target": -179.02524878682323, "params": {"k_pid_pos": [1.650026845531914, 0.051910834156434306, 0.12173683765521622], "k_pid_alt": [0.973717929062984, 0.00026812200218077426, 0.09952234948063132], "k_pid_att": [64.29234140683678, 2.5326922163851386, 1.0], "k_pid_yaw": [0.5, 1e-06, 0.1], "k_pid_hsp": [0.77383006954941, 0.0, 0.0], "k_pid_vsp": [143.55777420453626, 338.1093832355163, 3.6082159529146947]}, "datetime": {"datetime": "2025-08-20 13:57:12", "elapsed": 7487.258797883987, "delta": 16.694652318954468}, "costs": {"total_cost": 179.02524878682323, "time_cost": 70.0, "final_distance_cost": 1.7595060562495295, "oscillation_cost": 33.4240952579582, "completition_cost": 0.0, "overshoot_cost": 49.938352062219884, "power_cost": 12.618741418457033, "noise_cost": 11.284553991938576, "n_waypoints_completed": 9, "tot_waypoints": 9}}
{"target": -214.93276084651177, "params": {"k_pid_pos": [0.45076949016151496, 0.029806499516640477, 0.1032299991034253], "k_pid_alt": [2.0, 4.8307471207169804e-05, 0.2503781839144114], "k_pid_att": [93.01933951956335, 2.7598327100318696, 0.789127655420622], "k_pid_yaw": [0.5, 1e-06, 0.1], "k_pid_hsp": [1.7575658191003978, 0.08314998525526295, 0.0], "k_pid_vsp": [0.0, 114.171197403986, 7.81684387692427]}, "datetime": {"datetime": "2025-08-20 13:57:33", "elapsed": 7508.226595878601, "delta": 20.967797994613647}, "costs": {"total_cost": 214.93276084651177, "time_cost": 81.76, "final_distance_cost": 1.8556860358700764, "oscillation_cost": 51.723826273270134, "completition_cost": 0.0, "overshoot_cost": 51.80530557831391, "power_cost": 15.042963647460939, "noise_cost": 12.744979311596698, "n_waypoints_completed": 9, "tot_waypoints": 9}}
{"target": -182.6089411805242, "params": {"k_pid_pos": [1.8733510519928058, 0.20875914220101177, 0.1112920120848448], "k_pid_alt": [2.0, 7.804758169112835e-05, 0.7170924013589021], "k_pid_att": [59.16138514626201, 0.9987336905448916, 0.5790926402418665], "k_pid_yaw": [0.5, 1e-06, 0.1], "k_pid_hsp": [0.9354633065629416, 0.09502306605280993, 0.0], "k_pid_vsp": [297.8255024434002, 91.67051426652507, 3.1394958393083363]}, "datetime": {"datetime": "2025-08-20 13:57:50", "elapsed": 7525.07973074913, "delta": 16.853134870529175}, "costs": {"total_cost": 182.6089411805242, "time_cost": 70.032, "final_distance_cost": 1.7574044227360366, "oscillation_cost": 37.28135897712029, "completition_cost": 0.0, "overshoot_cost": 49.886338889480776, "power_cost": 12.372576623535156, "noise_cost": 11.279262267651953, "n_waypoints_completed": 9, "tot_waypoints": 9}}
{"target": -177.80116323106142, "params": {"k_pid_pos": [2.0, 0.2146464794562044, 0.7412426262151759], "k_pid_alt": [2.0, 4.910833403027891e-05, 0.31964410578448826], "k_pid_att": [67.66319489084587, 1.5252533934512271, 1.0], "k_pid_yaw": [0.5, 1e-06, 0.1], "k_pid_hsp": [2.490056773013809, 0.01967717888956642, 0.0], "k_pid_vsp": [251.92859828980224, 195.36117867313283, 4.9888992039396385]}, "datetime": {"datetime": "2025-08-20 13:58:07", "elapsed": 7541.861742973328, "delta": 16.782012224197388}, "costs": {"total_cost": 177.80116323106142, "time_cost": 69.264, "final_distance_cost": 1.7976892991374032, "oscillation_cost": 34.50638346999937, "completition_cost": 0.0, "overshoot_cost": 50.14545728205165, "power_cost": 11.160191052246095, "noise_cost": 10.927442127626945, "n_waypoints_completed": 9, "tot_waypoints": 9}}
{"target": -1364.36540219823, "params": {"k_pid_pos": [1.951406741036861, 0.07686410919340243, 0.07390014012362023], "k_pid_alt": [0.0, 0.00014429997539150421, 0.5189433024562973], "k_pid_att": [41.32131868961951, 1.6674140822124839, 1.0], "k_pid_yaw": [0.5, 1e-06, 0.1], "k_pid_hsp": [3.2482653025076673, 0.02377269190469372, 0.0], "k_pid_vsp": [282.19578936831493, 144.09873555268322, 8.30476526407135]}, "datetime": {"datetime": "2025-08-20 13:58:31", "elapsed": 7565.94224357605, "delta": 24.080500602722168}, "costs": {"total_cost": 1364.36540219823, "time_cost": 150, "final_distance_cost": 0.5479740942302936, "oscillation_cost": 8.162104566082078, "completition_cost": 1000.0, "overshoot_cost": 135.4516975319441, "power_cost": 12.402738269042969, "noise_cost": 57.80088773693075, "n_waypoints_completed": 0, "tot_waypoints": 9}}
{"target": -182.41624146280844, "params": {"k_pid_pos": [1.6439796986453992, 0.04405071201327689, 0.22588543922063117], "k_pid_alt": [0.9292177198833738, 6.191451413508369e-05, 0.23443436866972145], "k_pid_att": [82.7785691321448, 3.060127401256261, 1.0], "k_pid_yaw": [0.5, 1e-06, 0.1], "k_pid_hsp": [1.4117916934724593, 0.0, 0.0], "k_pid_vsp": [63.347811673415556, 210.43282562167914, 2.7212948298890716]}, "datetime": {"datetime": "2025-08-20 13:58:48", "elapsed": 7583.470668554306, "delta": 17.528424978256226}, "costs": {"total_cost": 182.41624146280844, "time_cost": 71.024, "final_distance_cost": 1.8094169991627334, "oscillation_cost": 36.317376471741504, "completition_cost": 0.0, "overshoot_cost": 49.603399755358105, "power_cost": 12.434870971679688, "noise_cost": 11.227177264866427, "n_waypoints_completed": 9, "tot_waypoints": 9}}
{"target": -176.4570302698354, "params": {"k_pid_pos": [0.9450095786282485, 0.0, 0.21019464751281325], "k_pid_alt": [2.0, 0.00017116234032700495, 0.30042432138903624], "k_pid_att": [62.790133393647544, 1.881431130869098, 1.0], "k_pid_yaw": [0.5, 1e-06, 0.1], "k_pid_hsp": [1.1870995045808326, 0.10117064674951388, 0.0], "k_pid_vsp": [164.03487414619894, 167.97195600329454, 1.306280789325913]}, "datetime": {"datetime": "2025-08-20 13:59:06", "elapsed": 7600.531626701355, "delta": 17.06095814704895}, "costs": {"total_cost": 176.4570302698354, "time_cost": 70.48, "final_distance_cost": 1.843366164846883, "oscillation_cost": 30.60718866770539, "completition_cost": 0.0, "overshoot_cost": 49.51254779881371, "power_cost": 12.270252502441407, "noise_cost": 11.743675136028012, "n_waypoints_completed": 9, "tot_waypoints": 9}}
{"target": -178.6959249726975, "params": {"k_pid_pos": [1.7250345783008532, 0.10557929153156916, 1.0], "k_pid_alt": [2.0, 0.00012750924467850428, 0.14134656592524572], "k_pid_att": [45.83919415275443, 0.5666580838066247, 0.7486149305343973], "k_pid_yaw": [0.5, 1e-06, 0.1], "k_pid_hsp": [2.3313999885274783, 0.10497134752845905, 0.0], "k_pid_vsp": [400.0, 132.27059178707063, 5.276532757923234]}, "datetime": {"datetime": "2025-08-20 13:59:23", "elapsed": 7618.186814069748, "delta": 17.655187368392944}, "costs": {"total_cost": 178.6959249726975, "time_cost": 70.056, "final_distance_cost": 1.8380720422537689, "oscillation_cost": 32.99804822797278, "completition_cost": 0.0, "overshoot_cost": 50.1522718939972, "power_cost": 12.124807690429687, "noise_cost": 11.526725118044057, "n_waypoints_completed": 9, "tot_waypoints": 9}}
{"target": -177.75560385310536, "params": {"k_pid_pos": [1.969258131259192, 0.16803431858166681, 0.497233384700551], "k_pid_alt": [1.5283113513620623, 0.0001539848613266876, 0.4665071748897133], "k_pid_att": [57.5990641367905, 3.042530696742934, 0.7999151189239727], "k_pid_yaw": [0.5, 1e-06, 0.1], "k_pid_hsp": [1.008233830405275, 0.132142032607146, 0.0], "k_pid_vsp": [150.08404352751816, 189.72091584000248, 5.521311842155309]}, "datetime": {"datetime": "2025-08-20 13:59:41", "elapsed": 7635.702119112015, "delta": 17.515305042266846}, "costs": {"total_cost": 177.75560385310536, "time_cost": 69.32000000000001, "final_distance_cost": 1.7787373870401042, "oscillation_cost": 34.04922108703498, "completition_cost": 0.0, "overshoot_cost": 49.19070991592487, "power_cost": 12.25305780029297, "noise_cost": 11.16387766281245, "n_waypoints_completed": 9, "tot_waypoints": 9}}
{"target": -176.53701130493513, "params": {"k_pid_pos": [2.0, 0.08474102710482179, 0.4879254364889489], "k_pid_alt": [2.0, 9.972034085951875e-05, 0.27980325052822336], "k_pid_att": [55.641235980754914, 2.4605906767384123, 1.0], "k_pid_yaw": [0.5, 1e-06, 0.1], "k_pid_hsp": [1.4592623753750409, 0.009422282536664299, 0.0], "k_pid_vsp": [108.55487976989873, 163.1382584322666, 3.984022260064595]}, "datetime": {"datetime": "2025-08-20 13:59:58", "elapsed": 7652.517583847046, "delta": 16.815464735031128}, "costs": {"total_cost": 176.53701130493513, "time_cost": 68.632, "final_distance_cost": 1.8107244126099158, "oscillation_cost": 33.753127211719125, "completition_cost": 0.0, "overshoot_cost": 49.43368386779394, "power_cost": 11.924437951660156, "noise_cost": 10.983037861151976, "n_waypoints_completed": 9, "tot_waypoints": 9}}
{"target": -1245.71103402365, "params": {"k_pid_pos": [0.6300365318997491, 0.05779845455805135, 0.31068375431151524], "k_pid_alt": [0.7946245332881494, 9.93109851007634e-05, 0.18058459289909126], "k_pid_att": [12.7877795558867, 3.338773353414919, 1.0], "k_pid_yaw": [0.5, 1e-06, 0.1], "k_pid_hsp": [0.0001, 0.10433123820960649, 0.0], "k_pid_vsp": [194.81007172987054, 269.0892317705761, 4.065041129623638]}, "datetime": {"datetime": "2025-08-20 14:00:22", "elapsed": 7677.487550973892, "delta": 24.969967126846313}, "costs": {"total_cost": 1245.71103402365, "time_cost": 150, "final_distance_cost": 95.62587684394597, "oscillation_cost": 101.49495693268372, "completition_cost": 777.7777777777778, "overshoot_cost": 83.6258455102837, "power_cost": 20.693645043945313, "noise_cost": 16.492931915013404, "n_waypoints_completed": 2, "tot_waypoints": 9}}
{"target": -184.6008416399083, "params": {"k_pid_pos": [2.0, 0.13585478852524854, 0.2989657095423451], "k_pid_alt": [1.0404177536212567, 0.00011584588555067625, 0.2062649696117944], "k_pid_att": [56.47909904093891, 0.9787751169580402, 0.7676623786976964], "k_pid_yaw": [0.5, 1e-06, 0.1], "k_pid_hsp": [0.8163703442422788, 0.08219961080564998, 0.0], "k_pid_vsp": [368.804426188502, 154.30759432813628, 8.687631034727316]}, "datetime": {"datetime": "2025-08-20 14:00:42", "elapsed": 7696.93594455719, "delta": 19.44839358329773}, "costs": {"total_cost": 184.6008416399083, "time_cost": 70.24, "final_distance_cost": 1.7683468402624969, "oscillation_cost": 37.26473975835538, "completition_cost": 0.0, "overshoot_cost": 50.23651382784944, "power_cost": 13.578577905273438, "noise_cost": 11.512663308167523, "n_waypoints_completed": 9, "tot_waypoints": 9}}
{"target": -200.3844823143854, "params": {"k_pid_pos": [2.0, 0.21132566260689142, 0.5537911129183867], "k_pid_alt": [1.6262450379568654, 6.469956794054637e-05, 0.23273510132122222], "k_pid_att": [36.32027281676799, 3.464613179177975, 0.9245571151491312], "k_pid_yaw": [0.5, 1e-06, 0.1], "k_pid_hsp": [0.7743782090560417, 0.08978506977666934, 0.0], "k_pid_vsp": [0.0, 95.91665582278041, 6.01266918143396]}, "datetime": {"datetime": "2025-08-20 14:01:03", "elapsed": 7717.808337211609, "delta": 20.872392654418945}, "costs": {"total_cost": 200.3844823143854, "time_cost": 75.992, "final_distance_cost": 1.772134840906133, "oscillation_cost": 44.80831840306314, "completition_cost": 0.0, "overshoot_cost": 51.313262565396855, "power_cost": 14.571129895019531, "noise_cost": 11.927636609999716, "n_waypoints_completed": 9, "tot_waypoints": 9}}
{"target": -2759.431650906997, "params": {"k_pid_pos": [1.203202931280737, 0.15065442281428276, 0.4056947855733173], "k_pid_alt": [2.0, 7.958178272803249e-05, 0.1662440564376117], "k_pid_att": [0.0, 1.4894535909420572, 1.0], "k_pid_yaw": [0.5, 1e-06, 0.1], "k_pid_hsp": [0.6888019809759435, 0.04360668925201305, 0.0], "k_pid_vsp": [138.04803542643873, 115.37050922284497, 5.062170232957901]}, "datetime": {"datetime": "2025-08-20 14:01:31", "elapsed": 7745.883496046066, "delta": 28.075158834457397}, "costs": {"total_cost": 2759.431650906997, "time_cost": 150, "final_distance_cost": 204.99506441110316, "oscillation_cost": 867.8204245579296, "completition_cost": 1000.0, "overshoot_cost": 405.32994214358314, "power_cost": 35.19315872802734, "noise_cost": 96.0930610663542, "n_waypoints_completed": 0, "tot_waypoints": 9}}
{"target": -1190.7382144545836, "params": {"k_pid_pos": [1.0956490466199817, 0.14494242522165057, 0.07690229806606737], "k_pid_alt": [0.7899564857520227, 9.333512950703032e-05, 0.42838196070010465], "k_pid_att": [46.35664341853251, 2.717887216241605, 1.0], "k_pid_yaw": [0.5, 1e-06, 0.1], "k_pid_hsp": [0.0001, 0.06619249964526568, 0.0], "k_pid_vsp": [295.91799271429176, 314.55225559508364, 3.8753144774399284]}, "datetime": {"datetime": "2025-08-20 14:01:57", "elapsed": 7771.657188415527, "delta": 25.77369236946106}, "costs": {"total_cost": 1190.7382144545836, "time_cost": 150, "final_distance_cost": 96.4278629662628, "oscillation_cost": 47.22376832964275, "completition_cost": 777.7777777777778, "overshoot_cost": 85.42118088258626, "power_cost": 18.525664624023438, "noise_cost": 15.36195987429045, "n_waypoints_completed": 2, "tot_waypoints": 9}}
{"target": -198.38483606070085, "params": {"k_pid_pos": [0.5911114597263543, 0.11332883048111835, 0.11636970947158366], "k_pid_alt": [1.9026033377471074, 9.226420314137308e-05, 0.5472338322866303], "k_pid_att": [41.97861114023938, 1.6858586111444716, 1.0], "k_pid_yaw": [0.5, 1e-06, 0.1], "k_pid_hsp": [1.5883417062981477, 0.10376025953287982, 0.0], "k_pid_vsp": [15.618545665948204, 99.81118185385026, 16.59443363799501]}, "datetime": {"datetime": "2025-08-20 14:02:17", "elapsed": 7792.025230884552, "delta": 20.368042469024658}, "costs": {"total_cost": 198.38483606070085, "time_cost": 80.208, "final_distance_cost": 1.8374794768796439, "oscillation_cost": 33.80872434424033, "completition_cost": 0.0, "overshoot_cost": 52.5608626036792, "power_cost": 16.680798742675783, "noise_cost": 13.288970893225866, "n_waypoints_completed": 9, "tot_waypoints": 9}}
{"target": -180.20119591410833, "params": {"k_pid_pos": [1.5221185915829014, 0.07846526193538171, 0.6689221542621085], "k_pid_alt": [2.0, 3.753301181848122e-05, 0.3618218974162442], "k_pid_att": [56.70591751454259, 2.2421856312615156, 0.7400088959173979], "k_pid_yaw": [0.5, 1e-06, 0.1], "k_pid_hsp": [2.0580301416473525, 0.07181130058272349, 0.0], "k_pid_vsp": [185.4391932123382, 219.8271674261736, 4.804224459668048]}, "datetime": {"datetime": "2025-08-20 14:02:34", "elapsed": 7809.198817253113, "delta": 17.17358636856079}, "costs": {"total_cost": 180.20119591410833, "time_cost": 69.57600000000001, "final_distance_cost": 1.8456898523877057, "oscillation_cost": 35.05754192158593, "completition_cost": 0.0, "overshoot_cost": 49.87304396316062, "power_cost": 12.35862646484375, "noise_cost": 11.490293712130294, "n_waypoints_completed": 9, "tot_waypoints": 9}}
{"target": -178.22198556900798, "params": {"k_pid_pos": [1.2876003258791469, 0.10328374288256979, 0.04418173975953862], "k_pid_alt": [1.9882939713093093, 0.0001437767970241893, 0.420915876765485], "k_pid_att": [62.95147431429115, 1.6385849598140105, 0.286308591827726], "k_pid_yaw": [0.5, 1e-06, 0.1], "k_pid_hsp": [0.8304482330815245, 0.06389489880622634, 0.0], "k_pid_vsp": [302.64658032602944, 208.95701379327252, 3.6075275702475955]}, "datetime": {"datetime": "2025-08-20 14:02:53", "elapsed": 7828.03550028801, "delta": 18.83668303489685}, "costs": {"total_cost": 178.22198556900798, "time_cost": 68.848, "final_distance_cost": 1.8117112636080017, "oscillation_cost": 33.49678820722938, "completition_cost": 0.0, "overshoot_cost": 50.23024419665618, "power_cost": 12.536152392578126, "noise_cost": 11.299089508936294, "n_waypoints_completed": 9, "tot_waypoints": 9}}
{"target": -3044.0903958138897, "params": {"k_pid_pos": [2.0, 0.08014396766077071, 0.5860650946022355], "k_pid_alt": [2.0, 0.0001750746386443689, 0.5048973482292655], "k_pid_att": [0.0, 2.6303041613579015, 0.9390963370919466], "k_pid_yaw": [0.5, 1e-06, 0.1], "k_pid_hsp": [0.9283898590255847, 0.20263375206236678, 0.0], "k_pid_vsp": [175.18095722684504, 205.75290290160777, 4.6655326857929325]}, "datetime": {"datetime": "2025-08-20 14:03:18", "elapsed": 7853.36670422554, "delta": 25.331203937530518}, "costs": {"total_cost": 3044.0903958138897, "time_cost": 150, "final_distance_cost": 199.13558163341705, "oscillation_cost": 1119.311593064141, "completition_cost": 1000.0, "overshoot_cost": 444.34395851298024, "power_cost": 34.81691762695313, "noise_cost": 96.48234497639811, "n_waypoints_completed": 0, "tot_waypoints": 9}}
{"target": -210.91365222292967, "params": {"k_pid_pos": [1.5726866050846595, 0.15071969260021628, 0.26980752342598185], "k_pid_alt": [2.0, 8.840199095718568e-05, 0.2028302364360193], "k_pid_att": [46.61864853799636, 0.0001, 1.0], "k_pid_yaw": [0.5, 1e-06, 0.1], "k_pid_hsp": [0.8240048364620343, 0.08534976330604216, 0.0], "k_pid_vsp": [0.0, 151.7379244706792, 5.464714643351009]}, "datetime": {"datetime": "2025-08-20 14:03:38", "elapsed": 7872.928577899933, "delta": 19.5618736743927}, "costs": {"total_cost": 210.91365222292967, "time_cost": 78.784, "final_distance_cost": 1.8202908649026708, "oscillation_cost": 49.78428110166611, "completition_cost": 0.0, "overshoot_cost": 53.41438007431045, "power_cost": 15.431983789062501, "noise_cost": 11.678716392987889, "n_waypoints_completed": 9, "tot_waypoints": 9}}
{"target": -181.8817188158012, "params": {"k_pid_pos": [2.0, 0.11529354205763735, 0.1708436697971195], "k_pid_alt": [1.0053004010056936, 0.0, 0.36559209273182053], "k_pid_att": [26.255101992799055, 1.445976633966375, 1.0], "k_pid_yaw": [0.5, 1e-06, 0.1], "k_pid_hsp": [1.0623413002102151, 0.0, 0.0], "k_pid_vsp": [118.74572256436299, 151.75447694188347, 3.4280552934764654]}, "datetime": {"datetime": "2025-08-20 14:03:55", "elapsed": 7890.172219276428, "delta": 17.24364137649536}, "costs": {"total_cost": 181.8817188158012, "time_cost": 71.36, "final_distance_cost": 1.788041610672262, "oscillation_cost": 35.28976898853212, "completition_cost": 0.0, "overshoot_cost": 49.45406095460237, "power_cost": 12.599343334960938, "noise_cost": 11.390503927033508, "n_waypoints_completed": 9, "tot_waypoints": 9}}
{"target": -200.8412505591402, "params": {"k_pid_pos": [1.1159160642574664, 0.17571211028672076, 0.35971585548715734], "k_pid_alt": [0.968483164850908, 8.025854470365814e-05, 0.35115643890743126], "k_pid_att": [2.64914966040264, 1.6449013532898766, 1.0], "k_pid_yaw": [0.5, 1e-06, 0.1], "k_pid_hsp": [1.0252584239836933, 0.032724942156268366, 0.0], "k_pid_vsp": [0.0, 232.43484283847678, 5.687680425398331]}, "datetime": {"datetime": "2025-08-20 14:04:14", "elapsed": 7909.247139215469, "delta": 19.074919939041138}, "costs": {"total_cost": 200.8412505591402, "time_cost": 74.21600000000001, "final_distance_cost": 1.7860271827319003, "oscillation_cost": 48.186426255949094, "completition_cost": 0.0, "overshoot_cost": 51.13290808923881, "power_cost": 14.610792407226564, "noise_cost": 10.90909662399383, "n_waypoints_completed": 9, "tot_waypoints": 9}}
{"target": -185.075157583175, "params": {"k_pid_pos": [2.0, 0.08394787754232592, 0.0], "k_pid_alt": [2.0, 1.9594141651507756e-05, 0.05047477252954056], "k_pid_att": [56.502608204869205, 3.222665855976075, 0.9037538039268874], "k_pid_yaw": [0.5, 1e-06, 0.1], "k_pid_hsp": [1.3537747550726744, 0.05417483309246316, 0.0], "k_pid_vsp": [400.0, 73.47562034403653, 5.3755019173821585]}, "datetime": {"datetime": "2025-08-20 14:04:32", "elapsed": 7926.565158605576, "delta": 17.3180193901062}, "costs": {"total_cost": 185.075157583175, "time_cost": 69.904, "final_distance_cost": 1.7139020699800633, "oscillation_cost": 38.583580462046825, "completition_cost": 0.0, "overshoot_cost": 50.32092520797797, "power_cost": 12.975832702636719, "noise_cost": 11.576917140533418, "n_waypoints_completed": 9, "tot_waypoints": 9}}
{"target": -1232.3541802269542, "params": {"k_pid_pos": [1.7713253319115214, 0.06573066206502952, 0.361864680752321], "k_pid_alt": [1.4769144638509786, 6.183483995408482e-05, 0.1806661922375518], "k_pid_att": [67.9428180908625, 1.4669770570430174, 1.0], "k_pid_yaw": [0.5, 1e-06, 0.1], "k_pid_hsp": [0.0001, 0.12135063480920756, 0.0], "k_pid_vsp": [24.234131639813842, 79.21871990985694, 1.2674041212665745]}, "datetime": {"datetime": "2025-08-20 14:04:58", "elapsed": 7952.929765224457, "delta": 26.364606618881226}, "costs": {"total_cost": 1232.3541802269542, "time_cost": 150, "final_distance_cost": 94.57366889050513, "oscillation_cost": 92.7867512266919, "completition_cost": 777.7777777777778, "overshoot_cost": 78.8097981752525, "power_cost": 21.491651855468753, "noise_cost": 16.914532301257978, "n_waypoints_completed": 2, "tot_waypoints": 9}}
