{"target": -174.46711406217403, "params": {"k_pid_pos": [0.4880677060556627, 0.005176142384122776, 0.007540876299461027], "k_pid_alt": [1.1650788077134104, 0.00010009992056037964, 0.0021074315568873144], "k_pid_att": [30.365404228174018, 7.354871934094459, 0.6299109411836041], "k_pid_yaw": [0.5, 1e-06, 0.1], "k_pid_hsp": [0.13822637120044953, 0.003210051875057267, 0.0], "k_pid_vsp": [168.59465498820842, 245.50796113286552, 0.5687548177934626]}, "datetime": {"datetime": "2025-08-20 19:36:44", "elapsed": 27859.103446006775, "delta": 17.388639450073242}, "costs": {"total_cost": 174.46711406217403, "time_cost": 74.4, "final_distance_cost": 1.8500002388834784, "oscillation_cost": 22.14092075805143, "completition_cost": 0.0, "overshoot_cost": 50.69792989181313, "power_cost": 13.017913696289064, "noise_cost": 12.360349477136946, "n_waypoints_completed": 9, "tot_waypoints": 9}}
{"target": -169.18274082330655, "params": {"k_pid_pos": [0.5812448977777618, 0.0038013925819077956, 0.007882766098114965], "k_pid_alt": [2.0, 0.00010032904292829957, 0.0012426090796375802], "k_pid_att": [37.115231449006046, 5.941447426402925, 0.6429089113935599], "k_pid_yaw": [0.5, 1e-06, 0.1], "k_pid_hsp": [0.10566702757561781, 0.0018695187627627919, 0.0], "k_pid_vsp": [271.78801248084363, 196.38443383577805, 1.1367509745142697]}, "datetime": {"datetime": "2025-08-20 19:37:00", "elapsed": 27874.6617269516, "delta": 15.558280944824219}, "costs": {"total_cost": 169.18274082330655, "time_cost": 71.744, "final_distance_cost": 1.8246704963844378, "oscillation_cost": 21.330558567941736, "completition_cost": 0.0, "overshoot_cost": 50.78686557371442, "power_cost": 12.031650817871094, "noise_cost": 11.46499536739487, "n_waypoints_completed": 9, "tot_waypoints": 9}}
{"target": -170.9309305611938, "params": {"k_pid_pos": [0.6605770523881589, 0.004426314081162577, 0.010624590548592836], "k_pid_alt": [1.341345638941822, 0.0001320760686794283, 0.001884433794584542], "k_pid_att": [22.712525752033827, 5.999322866538367, 0.8947095609234195], "k_pid_yaw": [0.5, 1e-06, 0.1], "k_pid_hsp": [0.11384494194385297, 0.00472864456040924, 0.0], "k_pid_vsp": [170.55577289760018, 217.635940554489, 0.865376289708526]}, "datetime": {"datetime": "2025-08-20 19:37:16", "elapsed": 27890.967971801758, "delta": 16.30624485015869}, "costs": {"total_cost": 170.9309305611938, "time_cost": 70.688, "final_distance_cost": 1.8041359261776186, "oscillation_cost": 23.518656588749774, "completition_cost": 0.0, "overshoot_cost": 50.95627266701831, "power_cost": 12.513895727539063, "noise_cost": 11.449969651709031, "n_waypoints_completed": 9, "tot_waypoints": 9}}
{"target": -169.23711863241073, "params": {"k_pid_pos": [0.5505700259606515, 0.002762166225143931, 0.008237516469076292], "k_pid_alt": [2.0, 0.00018220793610174623, 0.001946394255308034], "k_pid_att": [42.92164915131502, 6.061771998567434, 0.757173534818572], "k_pid_yaw": [0.5, 1e-06, 0.1], "k_pid_hsp": [0.10340425232934758, 0.005041955114435947, 0.0], "k_pid_vsp": [239.21901961872115, 275.77050868353984, 0.9644575289833469]}, "datetime": {"datetime": "2025-08-20 19:37:32", "elapsed": 27907.50665783882, "delta": 16.5386860370636}, "costs": {"total_cost": 169.23711863241073, "time_cost": 71.904, "final_distance_cost": 1.8237294469454957, "oscillation_cost": 20.698501857832664, "completition_cost": 0.0, "overshoot_cost": 51.31213091795971, "power_cost": 12.0113353515625, "noise_cost": 11.487421058110346, "n_waypoints_completed": 9, "tot_waypoints": 9}}
{"target": -170.73578818605927, "params": {"k_pid_pos": [0.5921447534485439, 0.0042538081260641535, 0.007145518993679908], "k_pid_alt": [1.4946558151344307, 0.00011509637170050887, 0.0020271045023119018], "k_pid_att": [32.776089052480195, 7.4260665424862, 0.7030249781768786], "k_pid_yaw": [0.5, 1e-06, 0.1], "k_pid_hsp": [0.12138711675624474, 0.007253855860650135, 0.0], "k_pid_vsp": [186.0143563641196, 204.87377400392566, 0.6047824010689006]}, "datetime": {"datetime": "2025-08-20 19:37:48", "elapsed": 27923.19826078415, "delta": 15.691602945327759}, "costs": {"total_cost": 170.73578818605927, "time_cost": 71.128, "final_distance_cost": 1.817078159069274, "oscillation_cost": 23.373671735396265, "completition_cost": 0.0, "overshoot_cost": 50.40252496427862, "power_cost": 12.442113745117188, "noise_cost": 11.57239958219794, "n_waypoints_completed": 9, "tot_waypoints": 9}}
{"target": -169.48957944826313, "params": {"k_pid_pos": [0.5258703532944685, 0.004044643802048476, 0.01013489977306937], "k_pid_alt": [1.9881453037492303, 0.0001565336941610386, 0.001994854053802213], "k_pid_att": [34.81526621019395, 7.819552332440497, 0.7180218094411179], "k_pid_yaw": [0.5, 1e-06, 0.1], "k_pid_hsp": [0.09525099445683666, 0.008533024857102693, 0.0], "k_pid_vsp": [255.74582207806841, 259.47358902181867, 0.8466980983971362]}, "datetime": {"datetime": "2025-08-20 19:38:05", "elapsed": 27940.304827928543, "delta": 17.10656714439392}, "costs": {"total_cost": 169.48957944826313, "time_cost": 72.136, "final_distance_cost": 1.8305922676773814, "oscillation_cost": 20.30724032379864, "completition_cost": 0.0, "overshoot_cost": 51.320909213517005, "power_cost": 12.310660339355469, "noise_cost": 11.58417730391463, "n_waypoints_completed": 9, "tot_waypoints": 9}}
{"target": -171.32396303312166, "params": {"k_pid_pos": [0.46185939316161767, 0.004488258117734018, 0.012306802775102479], "k_pid_alt": [1.5178104985953251, 0.0001370703876569402, 0.0018811848287736365], "k_pid_att": [32.12513031172286, 4.294576342057915, 0.6713364968793986], "k_pid_yaw": [0.5, 1e-06, 0.1], "k_pid_hsp": [0.10757254381641314, 0.005698302760321121, 0.0], "k_pid_vsp": [273.6798399940717, 161.08155411617057, 0.9116007135013707]}, "datetime": {"datetime": "2025-08-20 19:38:21", "elapsed": 27956.118826389313, "delta": 15.813998460769653}, "costs": {"total_cost": 171.32396303312166, "time_cost": 73.83200000000001, "final_distance_cost": 1.8479000953208151, "oscillation_cost": 19.833364665818053, "completition_cost": 0.0, "overshoot_cost": 50.923148716199556, "power_cost": 12.787023754882814, "noise_cost": 12.100525800900412, "n_waypoints_completed": 9, "tot_waypoints": 9}}
{"target": -170.50863592867879, "params": {"k_pid_pos": [0.5919772920801575, 0.0016386746246865123, 0.008717378963255201], "k_pid_alt": [1.3075628676477, 0.00014048854009147713, 0.001819108823423604], "k_pid_att": [33.41209893412502, 5.769957763263714, 0.7523896342728119], "k_pid_yaw": [0.5, 1e-06, 0.1], "k_pid_hsp": [0.08105701818663931, 0.007857985131098697, 0.0], "k_pid_vsp": [188.999453341034, 184.3884498510083, 1.0423975590646772]}, "datetime": {"datetime": "2025-08-20 19:38:38", "elapsed": 27972.829227924347, "delta": 16.71040153503418}, "costs": {"total_cost": 170.50863592867879, "time_cost": 72.648, "final_distance_cost": 1.8084959890500214, "oscillation_cost": 21.15079720473744, "completition_cost": 0.0, "overshoot_cost": 51.17369510492988, "power_cost": 12.278960461425783, "noise_cost": 11.448687168535697, "n_waypoints_completed": 9, "tot_waypoints": 9}}
{"target": -170.31260984076795, "params": {"k_pid_pos": [0.5584016271238864, 0.0044730570888926605, 0.006623691749589876], "k_pid_alt": [1.8141704059583408, 0.00011899539772301358, 0.0008850550890184683], "k_pid_att": [36.075517201329795, 7.859672573687477, 0.5312821620565867], "k_pid_yaw": [0.5, 1e-06, 0.1], "k_pid_hsp": [0.08715833349969306, 0.004033412751171719, 0.0], "k_pid_vsp": [257.9233223229225, 139.52051635330074, 1.0110863379292747]}, "datetime": {"datetime": "2025-08-20 19:38:55", "elapsed": 27989.73428297043, "delta": 16.905055046081543}, "costs": {"total_cost": 170.31260984076795, "time_cost": 72.352, "final_distance_cost": 1.7982576050510126, "oscillation_cost": 20.196861081157834, "completition_cost": 0.0, "overshoot_cost": 51.83415941253647, "power_cost": 12.361759204101563, "noise_cost": 11.769572537921064, "n_waypoints_completed": 9, "tot_waypoints": 9}}
{"target": -172.35943888737205, "params": {"k_pid_pos": [0.4337527608177137, 0.005230876001189177, 0.012281184724181082], "k_pid_alt": [2.0, 0.00012289195436480214, 0.0019522677712301862], "k_pid_att": [20.267695504273217, 6.4995980311532415, 0.7493770847283617], "k_pid_yaw": [0.5, 1e-06, 0.1], "k_pid_hsp": [0.11542213702723914, 0.005271038298426125, 0.0], "k_pid_vsp": [160.90456446659104, 227.05319030204123, 0.692845064738049]}, "datetime": {"datetime": "2025-08-20 19:39:11", "elapsed": 28006.203625679016, "delta": 16.469342708587646}, "costs": {"total_cost": 172.35943888737205, "time_cost": 74.992, "final_distance_cost": 1.8412216569061468, "oscillation_cost": 19.773261839721105, "completition_cost": 0.0, "overshoot_cost": 50.85315991080648, "power_cost": 12.635932995605469, "noise_cost": 12.263862484332854, "n_waypoints_completed": 9, "tot_waypoints": 9}}
{"target": -173.37046525328915, "params": {"k_pid_pos": [0.5468761882145351, 0.006604645121611796, 0.00984690638466653], "k_pid_alt": [2.0, 0.00013425136349304502, 0.00201764605269736], "k_pid_att": [25.528550343028822, 6.98153540869713, 0.8773309399693462], "k_pid_yaw": [0.5, 1e-06, 0.1], "k_pid_hsp": [0.15570482789631676, 0.00875067602689774, 0.0], "k_pid_vsp": [164.05817465149516, 233.5380254295837, 0.8981922270645376]}, "datetime": {"datetime": "2025-08-20 19:39:28", "elapsed": 28022.737651348114, "delta": 16.5340256690979}, "costs": {"total_cost": 173.37046525328915, "time_cost": 72.48, "final_distance_cost": 1.8427718721585309, "oscillation_cost": 24.197479766326012, "completition_cost": 0.0, "overshoot_cost": 50.523217752911414, "power_cost": 12.399015087890625, "noise_cost": 11.92798077400256, "n_waypoints_completed": 9, "tot_waypoints": 9}}
{"target": -169.831045881268, "params": {"k_pid_pos": [0.463166587982981, 0.004737680980840579, 0.0073341919381523695], "k_pid_alt": [1.6643568011687755, 0.00014059238154944103, 0.0026124786931468725], "k_pid_att": [27.104280022960605, 5.760557737901379, 0.4867183057872249], "k_pid_yaw": [0.5, 1e-06, 0.1], "k_pid_hsp": [0.09022235597217858, 0.004812078012128097, 0.0], "k_pid_vsp": [165.36094484937064, 171.02136314330474, 1.012421755065847]}, "datetime": {"datetime": "2025-08-20 19:39:43", "elapsed": 28038.446539878845, "delta": 15.708888530731201}, "costs": {"total_cost": 169.831045881268, "time_cost": 73.47200000000001, "final_distance_cost": 1.8292015244560218, "oscillation_cost": 18.62540365131982, "completition_cost": 0.0, "overshoot_cost": 51.71229670249662, "power_cost": 12.327977563476564, "noise_cost": 11.864166439518971, "n_waypoints_completed": 9, "tot_waypoints": 9}}
{"target": -169.01862363572374, "params": {"k_pid_pos": [0.5561356955218689, 0.004268007455659422, 0.006725325817938922], "k_pid_alt": [1.3402020229608549, 0.00011549693249340475, 0.002059934871778253], "k_pid_att": [35.73234601098032, 8.57349781276863, 0.7976402118560046], "k_pid_yaw": [0.5, 1e-06, 0.1], "k_pid_hsp": [0.0998892176709943, 0.007925185599560543, 0.0], "k_pid_vsp": [215.09576210736194, 163.68351604855195, 0.622284024468541]}, "datetime": {"datetime": "2025-08-20 19:40:00", "elapsed": 28055.09139752388, "delta": 16.64485764503479}, "costs": {"total_cost": 169.01862363572374, "time_cost": 71.752, "final_distance_cost": 1.8103244933294447, "oscillation_cost": 21.402176201960646, "completition_cost": 0.0, "overshoot_cost": 50.84151853296762, "power_cost": 11.872642749023438, "noise_cost": 11.339961658442608, "n_waypoints_completed": 9, "tot_waypoints": 9}}
{"target": -172.7531214001926, "params": {"k_pid_pos": [0.7229170304820413, 0.003193602170504533, 0.011223167541232865], "k_pid_alt": [1.4512015779617122, 0.00012698111979738693, 0.0017105859137693457], "k_pid_att": [25.29286116102077, 5.702807096267922, 0.7941702284063012], "k_pid_yaw": [0.5, 1e-06, 0.1], "k_pid_hsp": [0.0783103166670026, 0.006402089535735639, 0.0], "k_pid_vsp": [259.1266850506556, 252.0645930601314, 0.49447965953101525]}, "datetime": {"datetime": "2025-08-20 19:40:17", "elapsed": 28071.529194831848, "delta": 16.43779730796814}, "costs": {"total_cost": 172.7531214001926, "time_cost": 72.592, "final_distance_cost": 1.811432675273296, "oscillation_cost": 23.080205536448695, "completition_cost": 0.0, "overshoot_cost": 50.96613889775641, "power_cost": 12.69130604248047, "noise_cost": 11.612038248233723, "n_waypoints_completed": 9, "tot_waypoints": 9}}
{"target": -169.9408408672691, "params": {"k_pid_pos": [0.6265705277000427, 0.0035805989212025855, 0.007889263377494932], "k_pid_alt": [2.0, 9.395909311598497e-05, 0.002511564046838919], "k_pid_att": [30.422819535886063, 5.658401299442545, 0.6272104126725665], "k_pid_yaw": [0.5, 1e-06, 0.1], "k_pid_hsp": [0.09365919469451071, 0.0050074362536804825, 0.0], "k_pid_vsp": [167.45709973882455, 208.69875341372585, 0.8732256042050347]}, "datetime": {"datetime": "2025-08-20 19:40:32", "elapsed": 28086.94544649124, "delta": 15.41625165939331}, "costs": {"total_cost": 169.9408408672691, "time_cost": 71.392, "final_distance_cost": 1.797228886759678, "oscillation_cost": 21.69540914867423, "completition_cost": 0.0, "overshoot_cost": 51.204775774614674, "power_cost": 12.40970848388672, "noise_cost": 11.441718573333766, "n_waypoints_completed": 9, "tot_waypoints": 9}}
{"target": -171.91063298145886, "params": {"k_pid_pos": [0.5135298352095338, 0.004672551358032782, 0.009241974481807642], "k_pid_alt": [1.6593325508280572, 0.00012663109929290865, 0.0018415299092154616], "k_pid_att": [25.39671426507851, 4.6727408023272545, 0.7717019427779618], "k_pid_yaw": [0.5, 1e-06, 0.1], "k_pid_hsp": [0.12256342030929064, 0.00785567772303015, 0.0], "k_pid_vsp": [89.1548104328956, 203.41808860015408, 1.059276799330252]}, "datetime": {"datetime": "2025-08-20 19:40:49", "elapsed": 28103.596044540405, "delta": 16.65059804916382}, "costs": {"total_cost": 171.91063298145886, "time_cost": 72.496, "final_distance_cost": 1.8332421452361587, "oscillation_cost": 22.08706217838005, "completition_cost": 0.0, "overshoot_cost": 50.895430597566886, "power_cost": 12.710655273437501, "noise_cost": 11.888242786838287, "n_waypoints_completed": 9, "tot_waypoints": 9}}
{"target": -170.4696439986434, "params": {"k_pid_pos": [0.6261944723391802, 0.005231084677531947, 0.007942412391447731], "k_pid_alt": [1.9182697940144566, 7.784482103889277e-05, 0.002118727740541193], "k_pid_att": [26.40835187963442, 5.036272918763131, 0.5391990485265876], "k_pid_yaw": [0.5, 1e-06, 0.1], "k_pid_hsp": [0.10955236165892074, 0.00605009984845464, 0.0], "k_pid_vsp": [114.0618824405252, 227.70073883053843, 0.937869745029467]}, "datetime": {"datetime": "2025-08-20 19:41:04", "elapsed": 28119.090715169907, "delta": 15.494670629501343}, "costs": {"total_cost": 170.4696439986434, "time_cost": 70.92, "final_distance_cost": 1.8307372913023539, "oscillation_cost": 22.95812927571075, "completition_cost": 0.0, "overshoot_cost": 50.827831385694594, "power_cost": 12.477661108398438, "noise_cost": 11.455284937537249, "n_waypoints_completed": 9, "tot_waypoints": 9}}
{"target": -170.39461178082368, "params": {"k_pid_pos": [0.5079020317638824, 0.0044722669768634754, 0.005150887287293794], "k_pid_alt": [1.9623538520396047, 0.00010293488921434913, 0.001739534498322319], "k_pid_att": [32.28381552985113, 5.223585161231027, 0.6078008280144185], "k_pid_yaw": [0.5, 1e-06, 0.1], "k_pid_hsp": [0.11566751929338186, 0.0050561191013226035, 0.0], "k_pid_vsp": [200.7653114699241, 204.32181090305383, 1.0507742858624216]}, "datetime": {"datetime": "2025-08-20 19:41:22", "elapsed": 28136.76241326332, "delta": 17.671698093414307}, "costs": {"total_cost": 170.39461178082368, "time_cost": 72.60000000000001, "final_distance_cost": 1.8282472891011292, "oscillation_cost": 21.07543133324232, "completition_cost": 0.0, "overshoot_cost": 50.933154980708125, "power_cost": 12.234550183105469, "noise_cost": 11.72322799466665, "n_waypoints_completed": 9, "tot_waypoints": 9}}
{"target": -171.57750914392054, "params": {"k_pid_pos": [0.6039056943300797, 0.005200177329668166, 0.008507025492883855], "k_pid_alt": [2.0, 0.00016851728523945152, 0.0021108583734149194], "k_pid_att": [36.22015822278965, 4.8238793156394815, 0.775935956779644], "k_pid_yaw": [0.5, 1e-06, 0.1], "k_pid_hsp": [0.14129334756546205, 0.008769367254467609, 0.0], "k_pid_vsp": [72.35777812996805, 317.639489187334, 0.5816484300090589]}, "datetime": {"datetime": "2025-08-20 19:41:37", "elapsed": 28152.130687475204, "delta": 15.368274211883545}, "costs": {"total_cost": 171.57750914392054, "time_cost": 71.232, "final_distance_cost": 1.831326238290224, "oscillation_cost": 25.187195327251924, "completition_cost": 0.0, "overshoot_cost": 50.270767835030945, "power_cost": 11.836708959960937, "noise_cost": 11.219510783386513, "n_waypoints_completed": 9, "tot_waypoints": 9}}
{"target": -173.5471657757382, "params": {"k_pid_pos": [0.8919365124673783, 0.005180956735590893, 0.007551405957912522], "k_pid_alt": [1.6783293806984176, 0.0001198697052537921, 0.0014717746340549575], "k_pid_att": [36.37143209421445, 6.439491252788327, 0.8492510885561693], "k_pid_yaw": [0.5, 1e-06, 0.1], "k_pid_hsp": [0.0893115749094398, 0.005835040004472952, 0.0], "k_pid_vsp": [241.50475635995022, 228.39895363391102, 0.8902260468695634]}, "datetime": {"datetime": "2025-08-20 19:41:55", "elapsed": 28170.3041203022, "delta": 18.17343282699585}, "costs": {"total_cost": 173.5471657757382, "time_cost": 71.584, "final_distance_cost": 1.7584299156940184, "oscillation_cost": 25.824631383773696, "completition_cost": 0.0, "overshoot_cost": 50.52004501147237, "power_cost": 12.441722766113282, "noise_cost": 11.418336698684804, "n_waypoints_completed": 9, "tot_waypoints": 9}}
{"target": -170.0265879986717, "params": {"k_pid_pos": [0.5254909169965241, 0.004760834911644447, 0.00781021589522071], "k_pid_alt": [2.0, 0.00016517516901414525, 0.001952352365196255], "k_pid_att": [28.93257076303273, 4.290742181971797, 0.5994423428883368], "k_pid_yaw": [0.5, 1e-06, 0.1], "k_pid_hsp": [0.07912287664566192, 0.006320949494348772, 0.0], "k_pid_vsp": [156.3904343025797, 237.81759408864346, 1.1472583218896142]}, "datetime": {"datetime": "2025-08-20 19:42:12", "elapsed": 28186.615936994553, "delta": 16.311816692352295}, "costs": {"total_cost": 170.0265879986717, "time_cost": 73.232, "final_distance_cost": 1.8188447739800875, "oscillation_cost": 19.450710604627076, "completition_cost": 0.0, "overshoot_cost": 51.505180170449556, "power_cost": 12.239475805664062, "noise_cost": 11.780376643950913, "n_waypoints_completed": 9, "tot_waypoints": 9}}
{"target": -173.18423220944447, "params": {"k_pid_pos": [0.4006820710321377, 0.0035195297370387312, 0.011630365163731884], "k_pid_alt": [2.0, 0.0001187375306903327, 0.00186432374707215], "k_pid_att": [45.69888546106156, 6.145191826595149, 0.6815814298194988], "k_pid_yaw": [0.5, 1e-06, 0.1], "k_pid_hsp": [0.10105612666916292, 0.004441197514860748, 0.0], "k_pid_vsp": [95.01245149463766, 268.48710274907586, 1.1012514626063308]}, "datetime": {"datetime": "2025-08-20 19:42:29", "elapsed": 28203.513456583023, "delta": 16.89751958847046}, "costs": {"total_cost": 173.18423220944447, "time_cost": 76.112, "final_distance_cost": 1.8408854331507618, "oscillation_cost": 18.12561837192619, "completition_cost": 0.0, "overshoot_cost": 51.94295427062801, "power_cost": 12.665730639648437, "noise_cost": 12.49704349409107, "n_waypoints_completed": 9, "tot_waypoints": 9}}
{"target": -172.68203218847395, "params": {"k_pid_pos": [0.48679881398291686, 0.0050621099773727205, 0.010737588670025828], "k_pid_alt": [1.5245780336461487, 0.00018136736675451867, 0.001597057566531514], "k_pid_att": [34.35010396176785, 5.408942909556621, 0.777537787969648], "k_pid_yaw": [0.5, 1e-06, 0.1], "k_pid_hsp": [0.13637545157400432, 0.007467100282787353, 0.0], "k_pid_vsp": [190.69950324221165, 227.95376177645252, 1.032144612096626]}, "datetime": {"datetime": "2025-08-20 19:42:47", "elapsed": 28221.758248090744, "delta": 18.244791507720947}, "costs": {"total_cost": 172.68203218847395, "time_cost": 73.8, "final_distance_cost": 1.8531399265654218, "oscillation_cost": 21.813860270495198, "completition_cost": 0.0, "overshoot_cost": 50.461574048956784, "power_cost": 12.57053203125, "noise_cost": 12.18292591120655, "n_waypoints_completed": 9, "tot_waypoints": 9}}
{"target": -170.42117441114553, "params": {"k_pid_pos": [0.5246782386939418, 0.0035595454201898316, 0.008915328409774723], "k_pid_alt": [2.0, 9.820329978265501e-05, 0.0021320797491648415], "k_pid_att": [22.03935828135117, 6.670899580870451, 0.6686797068281315], "k_pid_yaw": [0.5, 1e-06, 0.1], "k_pid_hsp": [0.12300435623004752, 0.004766255811757872, 0.0], "k_pid_vsp": [184.10771715072983, 271.35040023714765, 0.653447295421416]}, "datetime": {"datetime": "2025-08-20 19:43:03", "elapsed": 28238.10764360428, "delta": 16.349395513534546}, "costs": {"total_cost": 170.42117441114553, "time_cost": 72.4, "final_distance_cost": 1.8303120032254931, "oscillation_cost": 21.559399861907462, "completition_cost": 0.0, "overshoot_cost": 50.87027669721454, "power_cost": 12.148105322265625, "noise_cost": 11.6130805265324, "n_waypoints_completed": 9, "tot_waypoints": 9}}
{"target": -171.8835766904387, "params": {"k_pid_pos": [0.47644650780476133, 0.0036096888759994538, 0.008217140965123389], "k_pid_alt": [1.966256785434749, 0.00014052199306356923, 0.0020060448282880135], "k_pid_att": [33.56112979611539, 6.266747698999002, 0.6427250805595665], "k_pid_yaw": [0.5, 1e-06, 0.1], "k_pid_hsp": [0.12418186356807533, 0.00576590568456679, 0.0], "k_pid_vsp": [162.29052997454917, 219.00214800525706, 0.7424887248158706]}, "datetime": {"datetime": "2025-08-20 19:43:20", "elapsed": 28254.9606153965, "delta": 16.85297179222107}, "costs": {"total_cost": 171.8835766904387, "time_cost": 73.696, "final_distance_cost": 1.840793122575951, "oscillation_cost": 20.71991386300082, "completition_cost": 0.0, "overshoot_cost": 50.79254412319186, "power_cost": 12.701643359375, "noise_cost": 12.132682222295092, "n_waypoints_completed": 9, "tot_waypoints": 9}}
