{"target": -189.90892206287026, "params": {"k_pid_pos": [2.0, 0.17502052125232, 0.6088936398227428], "k_pid_alt": [1.5463069605134123, 0.0, 0.2958043531435757], "k_pid_att": [54.06899235354391, 8.609118606750455, 0.86709162897405], "k_pid_yaw": [0.5, 1e-06, 0.1], "k_pid_hsp": [2.754059581551919, 0.13219733922011015, 0.0], "k_pid_vsp": [288.0356919639244, 384.91104307220144, 115.06043394907128]}, "datetime": {"datetime": "2025-08-20 13:06:56", "elapsed": 4471.033683538437, "delta": 16.667208671569824}, "costs": {"total_cost": 189.90892206287026, "time_cost": 68.672, "final_distance_cost": 1.8152092067498862, "oscillation_cost": 43.76282771808119, "completition_cost": 0.0, "overshoot_cost": 49.37015032327566, "power_cost": 14.870598449707032, "noise_cost": 11.418136365056512, "n_waypoints_completed": 9, "tot_waypoints": 9}}
{"target": -187.54347635165914, "params": {"k_pid_pos": [2.0, 0.05103810805218986, 0.5374036205075398], "k_pid_alt": [1.46801798359712, 0.0, 1.0], "k_pid_att": [12.049409626847853, 5.006844250543043, 0.3002261099741837], "k_pid_yaw": [0.5, 1e-06, 0.1], "k_pid_hsp": [2.222066229955456, 0.037118775086631556, 0.0], "k_pid_vsp": [174.75254579744453, 381.0971996398478, 17.247391313969697]}, "datetime": {"datetime": "2025-08-20 13:07:13", "elapsed": 4488.051590681076, "delta": 17.01790714263916}, "costs": {"total_cost": 187.54347635165914, "time_cost": 70.648, "final_distance_cost": 1.8180882150072637, "oscillation_cost": 39.657086442399546, "completition_cost": 0.0, "overshoot_cost": 49.05168853355007, "power_cost": 14.758926916503906, "noise_cost": 11.609686244198379, "n_waypoints_completed": 9, "tot_waypoints": 9}}
{"target": -190.85900265284795, "params": {"k_pid_pos": [1.662708126374522, 0.01808352822389081, 0.8059433420764076], "k_pid_alt": [0.7021960343593286, 0.0, 0.5978531505197168], "k_pid_att": [67.27617549034666, 4.78334655410097, 0.5723837887740566], "k_pid_yaw": [0.5, 1e-06, 0.1], "k_pid_hsp": [1.3507769286538938, 0.0, 0.0], "k_pid_vsp": [208.50794210447125, 209.19729412495477, 54.729577770682084]}, "datetime": {"datetime": "2025-08-20 13:07:33", "elapsed": 4508.228312015533, "delta": 20.176721334457397}, "costs": {"total_cost": 190.85900265284795, "time_cost": 78.536, "final_distance_cost": 1.8516667900583492, "oscillation_cost": 43.696371566815024, "completition_cost": 0.0, "overshoot_cost": 49.31371346572214, "power_cost": 9.17197322998047, "noise_cost": 8.289277600271964, "n_waypoints_completed": 9, "tot_waypoints": 9}}
{"target": -197.71555792295433, "params": {"k_pid_pos": [1.181920640007924, 0.1493834182353532, 0.8738283196298754], "k_pid_alt": [1.9374361066655437, 0.0, 0.6345054945511963], "k_pid_att": [28.153692715315675, 4.156153900828176, 0.952853377000575], "k_pid_yaw": [0.5, 1e-06, 0.1], "k_pid_hsp": [5.282056776571701, 0.007558940757075067, 0.0], "k_pid_vsp": [372.6441798296292, 400.0, 35.72249636208375]}, "datetime": {"datetime": "2025-08-20 13:07:52", "elapsed": 4527.170370578766, "delta": 18.942058563232422}, "costs": {"total_cost": 197.71555792295433, "time_cost": 74.83200000000001, "final_distance_cost": 1.8351211678536035, "oscillation_cost": 46.463529275231636, "completition_cost": 0.0, "overshoot_cost": 50.972011469266704, "power_cost": 12.37375223388672, "noise_cost": 11.23914377671567, "n_waypoints_completed": 9, "tot_waypoints": 9}}
{"target": -187.63849799696519, "params": {"k_pid_pos": [1.174936060863015, 0.10840022955555854, 0.5974760470446777], "k_pid_alt": [1.3380003642726666, 0.0, 0.7554674002813742], "k_pid_att": [31.37476288564152, 1.3394438236295532, 0.7514295374099825], "k_pid_yaw": [0.5, 1e-06, 0.1], "k_pid_hsp": [1.7626416547195713, 0.11457591932962848, 0.0], "k_pid_vsp": [277.93261376046985, 326.2802393112143, 47.37997370251055]}, "datetime": {"datetime": "2025-08-20 13:08:10", "elapsed": 4545.037610054016, "delta": 17.867239475250244}, "costs": {"total_cost": 187.63849799696519, "time_cost": 73.416, "final_distance_cost": 1.840412229895669, "oscillation_cost": 37.66343730202917, "completition_cost": 0.0, "overshoot_cost": 50.15914321475469, "power_cost": 13.70550067138672, "noise_cost": 10.854004578898943, "n_waypoints_completed": 9, "tot_waypoints": 9}}
{"target": -204.69948582753423, "params": {"k_pid_pos": [0.4120912107204786, 0.10949878043882648, 0.0], "k_pid_alt": [1.2960140395563582, 0.0, 1.0], "k_pid_att": [47.61757725778741, 2.9755665264415447, 0.7101165006188861], "k_pid_yaw": [0.5, 1e-06, 0.1], "k_pid_hsp": [5.007854099160611, 0.11681097293388513, 0.0], "k_pid_vsp": [234.455371835223, 290.0265626106234, 7.957663853902496]}, "datetime": {"datetime": "2025-08-20 13:08:32", "elapsed": 4566.7559134960175, "delta": 21.718303442001343}, "costs": {"total_cost": 204.69948582753423, "time_cost": 89.008, "final_distance_cost": 1.8445073239064071, "oscillation_cost": 33.87814705409667, "completition_cost": 0.0, "overshoot_cost": 51.747270309176805, "power_cost": 14.384342553710939, "noise_cost": 13.83721858664338, "n_waypoints_completed": 9, "tot_waypoints": 9}}
{"target": -205.21128177635697, "params": {"k_pid_pos": [0.6662401040964155, 0.04901515429525798, 0.6816567364725555], "k_pid_alt": [1.009769639512031, 0.0, 0.6593854295320715], "k_pid_att": [17.870893374117852, 2.0863280778229227, 0.4710102602907676], "k_pid_yaw": [0.5, 1e-06, 0.1], "k_pid_hsp": [2.5283028618519987, 0.05010533083292761, 0.0], "k_pid_vsp": [272.4714676499921, 291.16237209907564, 1e-06]}, "datetime": {"datetime": "2025-08-20 13:08:54", "elapsed": 4589.207411289215, "delta": 22.451497793197632}, "costs": {"total_cost": 205.21128177635697, "time_cost": 89.176, "final_distance_cost": 1.8542264659205596, "oscillation_cost": 32.771562285377684, "completition_cost": 0.0, "overshoot_cost": 52.10888118526697, "power_cost": 14.77312274169922, "noise_cost": 14.527489098092524, "n_waypoints_completed": 9, "tot_waypoints": 9}}
{"target": -244.74942224389048, "params": {"k_pid_pos": [2.0, 0.2467138410217972, 0.10168799775658612], "k_pid_alt": [0.4212073224145478, 0.0, 0.3409463827785089], "k_pid_att": [78.38290676982074, 3.417696171721122, 0.1700890397855853], "k_pid_yaw": [0.5, 1e-06, 0.1], "k_pid_hsp": [1.6506719089160435, 0.049172230852990995, 0.0], "k_pid_vsp": [363.3202325128553, 400.0, 52.94189025078551]}, "datetime": {"datetime": "2025-08-20 13:09:19", "elapsed": 4614.458702802658, "delta": 25.251291513442993}, "costs": {"total_cost": 244.74942224389048, "time_cost": 94.544, "final_distance_cost": 1.8561640386255989, "oscillation_cost": 60.593339195525736, "completition_cost": 0.0, "overshoot_cost": 52.27742960011969, "power_cost": 20.199731542968753, "noise_cost": 15.278757866650727, "n_waypoints_completed": 9, "tot_waypoints": 9}}
{"target": -198.39528965901764, "params": {"k_pid_pos": [1.9673603768433103, 0.10930712700552538, 0.5740043991627143], "k_pid_alt": [2.0, 0.008740402330685845, 0.3745229904132555], "k_pid_att": [93.02397315507646, 1.3003066379114965, 0.6697214527804493], "k_pid_yaw": [0.5, 1e-06, 0.1], "k_pid_hsp": [2.396847228665582, 0.24911821473165952, 0.0], "k_pid_vsp": [278.3756839067042, 1e-06, 63.20773848384266]}, "datetime": {"datetime": "2025-08-20 13:09:38", "elapsed": 4632.601601600647, "delta": 18.14289879798889}, "costs": {"total_cost": 198.39528965901764, "time_cost": 69.688, "final_distance_cost": 1.7886115406859697, "oscillation_cost": 48.41321190879215, "completition_cost": 0.0, "overshoot_cost": 51.33894462690702, "power_cost": 15.335672595214845, "noise_cost": 11.830848987417646, "n_waypoints_completed": 9, "tot_waypoints": 9}}
{"target": -185.49950361867124, "params": {"k_pid_pos": [1.508476467953024, 0.09245769676982314, 1.0], "k_pid_alt": [1.4936212449247217, 0.0, 0.7839543009506018], "k_pid_att": [42.900581463480286, 2.8425360542478395, 0.8892816828337761], "k_pid_yaw": [0.5, 1e-06, 0.1], "k_pid_hsp": [3.159682116544832, 0.0, 0.0], "k_pid_vsp": [347.7622589765422, 400.0, 1e-06]}, "datetime": {"datetime": "2025-08-20 13:09:57", "elapsed": 4651.664619207382, "delta": 19.06301760673523}, "costs": {"total_cost": 185.49950361867124, "time_cost": 73.584, "final_distance_cost": 1.8411465063408792, "oscillation_cost": 35.7965390181459, "completition_cost": 0.0, "overshoot_cost": 50.33018916111519, "power_cost": 12.13742041015625, "noise_cost": 11.810208522913033, "n_waypoints_completed": 9, "tot_waypoints": 9}}
{"target": -189.33901223504256, "params": {"k_pid_pos": [1.3285002835480355, 0.08359684360469428, 0.09591788108581752], "k_pid_alt": [1.4087458216056914, 0.0, 0.8217845700310606], "k_pid_att": [50.172393341681534, 0.79461784284117, 0.8424646804611892], "k_pid_yaw": [0.5, 1e-06, 0.1], "k_pid_hsp": [4.971813657488382, 0.0, 0.0], "k_pid_vsp": [132.87336338891, 202.05571236753758, 33.60793442925554]}, "datetime": {"datetime": "2025-08-20 13:10:14", "elapsed": 4669.215698719025, "delta": 17.551079511642456}, "costs": {"total_cost": 189.33901223504256, "time_cost": 70.256, "final_distance_cost": 1.8070208733714483, "oscillation_cost": 43.268679711311265, "completition_cost": 0.0, "overshoot_cost": 49.94591546666366, "power_cost": 13.38129891357422, "noise_cost": 10.680097270121953, "n_waypoints_completed": 9, "tot_waypoints": 9}}
{"target": -207.20104639603753, "params": {"k_pid_pos": [2.0, 0.10416941212411614, 1.0], "k_pid_alt": [1.1092711654449097, 0.0, 0.995917221851028], "k_pid_att": [45.062754546765795, 2.829500646079459, 0.7638721332552713], "k_pid_yaw": [0.5, 1e-06, 0.1], "k_pid_hsp": [1.7658839992492175, 0.0, 0.0], "k_pid_vsp": [0.0, 206.966016234973, 22.538663652366214]}, "datetime": {"datetime": "2025-08-20 13:10:35", "elapsed": 4689.517046928406, "delta": 20.301348209381104}, "costs": {"total_cost": 207.20104639603753, "time_cost": 76.624, "final_distance_cost": 1.841953912775976, "oscillation_cost": 48.86640676363742, "completition_cost": 0.0, "overshoot_cost": 51.935213310257716, "power_cost": 15.734172485351563, "noise_cost": 12.199299924014841, "n_waypoints_completed": 9, "tot_waypoints": 9}}
{"target": -364.3324293669304, "params": {"k_pid_pos": [0.8210347121078373, 0.0, 1.0], "k_pid_alt": [0.5317329925975268, 0.00012129553959547774, 0.6196720842547628], "k_pid_att": [47.76325198834757, 2.802908437420443, 0.6498046204767861], "k_pid_yaw": [0.5, 1e-06, 0.1], "k_pid_hsp": [0.5064001559576133, 0.11098573371360942, 0.0], "k_pid_vsp": [104.64900539570408, 203.3980981980361, 23.201973967633606]}, "datetime": {"datetime": "2025-08-20 13:11:01", "elapsed": 4716.013871669769, "delta": 26.496824741363525}, "costs": {"total_cost": 364.3324293669304, "time_cost": 150, "final_distance_cost": 3.431712548310209, "oscillation_cost": 34.60443887973488, "completition_cost": 111.11111111111116, "overshoot_cost": 52.31768532206484, "power_cost": 5.928569250488281, "noise_cost": 6.938912255220996, "n_waypoints_completed": 8, "tot_waypoints": 9}}
{"target": -182.0149719131027, "params": {"k_pid_pos": [2.0, 0.0, 0.7169826184691278], "k_pid_alt": [1.4964452865935716, 0.00036432199248837184, 1.0], "k_pid_att": [26.972230663435624, 0.935474366829098, 1.0], "k_pid_yaw": [0.5, 1e-06, 0.1], "k_pid_hsp": [1.7217999597719063, 0.019093612749925416, 0.0], "k_pid_vsp": [382.2355289534883, 240.88757396844028, 8.871855050700269]}, "datetime": {"datetime": "2025-08-20 13:11:19", "elapsed": 4733.740660190582, "delta": 17.72678852081299}, "costs": {"total_cost": 182.0149719131027, "time_cost": 70.912, "final_distance_cost": 1.8328131028982746, "oscillation_cost": 34.25153568704029, "completition_cost": 0.0, "overshoot_cost": 50.19920281225381, "power_cost": 13.335896520996094, "noise_cost": 11.483523789914228, "n_waypoints_completed": 9, "tot_waypoints": 9}}
{"target": -212.0959834925036, "params": {"k_pid_pos": [1.1810949293011024, 0.16647412876418646, 1.0], "k_pid_alt": [0.6483869370293233, 0.0005689537424032301, 1.0], "k_pid_att": [7.208035860193616, 0.5816912553576072, 1.0], "k_pid_yaw": [0.5, 1e-06, 0.1], "k_pid_hsp": [1.703545230130037, 0.19831766934445594, 0.0], "k_pid_vsp": [302.0710634434926, 370.60147653901987, 23.995208750650907]}, "datetime": {"datetime": "2025-08-20 13:11:43", "elapsed": 4757.915744066238, "delta": 24.175083875656128}, "costs": {"total_cost": 212.0959834925036, "time_cost": 92.504, "final_distance_cost": 1.8607409659216212, "oscillation_cost": 38.39615407521475, "completition_cost": 0.0, "overshoot_cost": 51.88408239272995, "power_cost": 15.500752917480469, "noise_cost": 11.950253141156752, "n_waypoints_completed": 9, "tot_waypoints": 9}}
{"target": -184.6071991913822, "params": {"k_pid_pos": [1.8792081953064315, 0.0, 0.2868741719194213], "k_pid_alt": [1.8715583878911495, 0.0006134597228256176, 0.5041760873930876], "k_pid_att": [46.63136742561974, 2.6303453089603877, 0.6520730988264857], "k_pid_yaw": [0.5, 1e-06, 0.1], "k_pid_hsp": [0.5344207053657343, 0.1773028074482176, 0.0], "k_pid_vsp": [229.05761632883332, 326.8336370757577, 31.675925838588267]}, "datetime": {"datetime": "2025-08-20 13:12:01", "elapsed": 4776.483195781708, "delta": 18.56745171546936}, "costs": {"total_cost": 184.6071991913822, "time_cost": 68.272, "final_distance_cost": 1.794044524271038, "oscillation_cost": 41.696759183053885, "completition_cost": 0.0, "overshoot_cost": 49.19775534595578, "power_cost": 13.145993432617189, "noise_cost": 10.50064670548428, "n_waypoints_completed": 9, "tot_waypoints": 9}}
{"target": -178.79583506540564, "params": {"k_pid_pos": [2.0, 0.0, 0.9174666770990605], "k_pid_alt": [2.0, 0.0007650728814788186, 0.8213510614217414], "k_pid_att": [49.85311947015216, 4.405724674822259, 0.4082742055609259], "k_pid_yaw": [0.5, 1e-06, 0.1], "k_pid_hsp": [0.7988266880029595, 0.15082482111404574, 0.0], "k_pid_vsp": [382.8698440557853, 79.38662342921712, 1e-06]}, "datetime": {"datetime": "2025-08-20 13:12:21", "elapsed": 4795.951135396957, "delta": 19.467939615249634}, "costs": {"total_cost": 178.79583506540564, "time_cost": 69.992, "final_distance_cost": 1.8518658997935598, "oscillation_cost": 33.260557025162676, "completition_cost": 0.0, "overshoot_cost": 50.06072887905497, "power_cost": 12.202375854492187, "noise_cost": 11.428307406902222, "n_waypoints_completed": 9, "tot_waypoints": 9}}
{"target": -227.93981880045075, "params": {"k_pid_pos": [1.925729339393137, 0.15851508304284026, 0.5753911244543221], "k_pid_alt": [0.45607029270602223, 0.0, 0.40462240786814707], "k_pid_att": [32.595072234860915, 0.5934361267921924, 0.7399288740296796], "k_pid_yaw": [0.5, 1e-06, 0.1], "k_pid_hsp": [1.1821554118081636, 0.09201038936439122, 0.0], "k_pid_vsp": [303.5405491798342, 374.0310884441721, 63.74721541071642]}, "datetime": {"datetime": "2025-08-20 13:12:45", "elapsed": 4819.677264690399, "delta": 23.726129293441772}, "costs": {"total_cost": 227.93981880045075, "time_cost": 91.688, "final_distance_cost": 1.8596048317709248, "oscillation_cost": 44.458753950042954, "completition_cost": 0.0, "overshoot_cost": 51.03723828779234, "power_cost": 22.237887646484378, "noise_cost": 16.65833408436014, "n_waypoints_completed": 9, "tot_waypoints": 9}}
{"target": -195.11470894965953, "params": {"k_pid_pos": [1.4228106510912004, 0.044630986462751855, 0.46865154831569505], "k_pid_alt": [1.8412420967079897, 0.0054409255223122, 0.7719646534515965], "k_pid_att": [31.171120127500043, 3.0673763836875145, 1.0], "k_pid_yaw": [0.5, 1e-06, 0.1], "k_pid_hsp": [1.2818814690259355, 0.0, 0.0], "k_pid_vsp": [218.57508606758722, 1e-06, 25.06608220799613]}, "datetime": {"datetime": "2025-08-20 13:13:01", "elapsed": 4836.369870424271, "delta": 16.69260573387146}, "costs": {"total_cost": 195.11470894965953, "time_cost": 71.784, "final_distance_cost": 1.8407711010127177, "oscillation_cost": 37.47174782012578, "completition_cost": 0.0, "overshoot_cost": 51.62030910697352, "power_cost": 18.667029919433595, "noise_cost": 13.730851002113898, "n_waypoints_completed": 9, "tot_waypoints": 9}}
{"target": -185.68865968986006, "params": {"k_pid_pos": [1.5502417481509114, 0.0322546627299437, 0.23415188783263607], "k_pid_alt": [1.5287448279407787, 0.0005192934549682342, 0.8132359556808458], "k_pid_att": [39.00464114311262, 2.823470568194287, 0.7491000300451449], "k_pid_yaw": [0.5, 1e-06, 0.1], "k_pid_hsp": [1.4745371246153784, 0.0, 0.0], "k_pid_vsp": [28.956757462853346, 191.85283313832102, 19.88552989252661]}, "datetime": {"datetime": "2025-08-20 13:13:18", "elapsed": 4853.154047966003, "delta": 16.784177541732788}, "costs": {"total_cost": 185.68865968986006, "time_cost": 70.0, "final_distance_cost": 1.807488342884549, "oscillation_cost": 39.28351763095957, "completition_cost": 0.0, "overshoot_cost": 49.784349937479405, "power_cost": 13.77784578857422, "noise_cost": 11.035457989962314, "n_waypoints_completed": 9, "tot_waypoints": 9}}
{"target": -196.5495718515782, "params": {"k_pid_pos": [2.0, 0.1223361370495663, 0.3120332534437935], "k_pid_alt": [1.0515523375063938, 0.0011957556582099722, 0.9173836695219699], "k_pid_att": [32.74014032141401, 2.8607374527683462, 0.632761189902672], "k_pid_yaw": [0.5, 1e-06, 0.1], "k_pid_hsp": [1.3995499243880456, 0.0, 0.0], "k_pid_vsp": [400.0, 136.21749889993308, 32.93729451465918]}, "datetime": {"datetime": "2025-08-20 13:13:36", "elapsed": 4870.521760463715, "delta": 17.36771249771118}, "costs": {"total_cost": 196.5495718515782, "time_cost": 74.744, "final_distance_cost": 1.8212553475790871, "oscillation_cost": 41.41197419285856, "completition_cost": 0.0, "overshoot_cost": 49.95203594489741, "power_cost": 16.477785668945312, "noise_cost": 12.14252069729786, "n_waypoints_completed": 9, "tot_waypoints": 9}}
{"target": -183.56688954072732, "params": {"k_pid_pos": [2.0, 0.07577797513914822, 0.4879084163711374], "k_pid_alt": [1.5332187193006481, 0.00020966259357792978, 0.5747763413127057], "k_pid_att": [63.76992177025545, 1.8197956775996695, 1.0], "k_pid_yaw": [0.5, 1e-06, 0.1], "k_pid_hsp": [0.5670109154591908, 0.11851385605663434, 0.0], "k_pid_vsp": [357.2128618164067, 233.9853246272351, 22.644809985288543]}, "datetime": {"datetime": "2025-08-20 13:13:53", "elapsed": 4888.083955526352, "delta": 17.56219506263733}, "costs": {"total_cost": 183.56688954072732, "time_cost": 69.096, "final_distance_cost": 1.7795882533140386, "oscillation_cost": 37.77919182347526, "completition_cost": 0.0, "overshoot_cost": 49.31097753756168, "power_cost": 14.362145129394532, "noise_cost": 11.238986796981795, "n_waypoints_completed": 9, "tot_waypoints": 9}}
{"target": -182.2386362337258, "params": {"k_pid_pos": [2.0, 0.041715542002786786, 1.0], "k_pid_alt": [2.0, 0.0020932028576013755, 0.4678448515239632], "k_pid_att": [9.255195224834932, 5.006199009826425, 0.3909247859137636], "k_pid_yaw": [0.5, 1e-06, 0.1], "k_pid_hsp": [1.1539584412822945, 0.12692239670495672, 0.0], "k_pid_vsp": [25.145536904186695, 357.1181119263647, 26.297325327006416]}, "datetime": {"datetime": "2025-08-20 13:14:11", "elapsed": 4906.4902086257935, "delta": 18.40625309944153}, "costs": {"total_cost": 182.2386362337258, "time_cost": 69.04, "final_distance_cost": 1.836505721952818, "oscillation_cost": 43.64127145129473, "completition_cost": 0.0, "overshoot_cost": 49.48434651936512, "power_cost": 9.535995642089844, "noise_cost": 8.70051689902327, "n_waypoints_completed": 9, "tot_waypoints": 9}}
{"target": -196.79931503693876, "params": {"k_pid_pos": [0.8656831813390312, 0.04526193478368781, 1.0], "k_pid_alt": [1.4064331489123039, 0.0, 0.43142607701921315], "k_pid_att": [3.3633603203544453, 1.0039068549172254, 1.0], "k_pid_yaw": [0.5, 1e-06, 0.1], "k_pid_hsp": [1.752778373185705, 0.2066285638706997, 0.0], "k_pid_vsp": [326.3940686449947, 123.06280755484954, 1e-06]}, "datetime": {"datetime": "2025-08-20 13:14:33", "elapsed": 4927.658203363419, "delta": 21.167994737625122}, "costs": {"total_cost": 196.79931503693876, "time_cost": 84.296, "final_distance_cost": 1.8554018813023407, "oscillation_cost": 31.837617910082116, "completition_cost": 0.0, "overshoot_cost": 52.08652744056439, "power_cost": 13.050673608398439, "noise_cost": 13.673094196591464, "n_waypoints_completed": 9, "tot_waypoints": 9}}
{"target": -188.47714548512639, "params": {"k_pid_pos": [1.9374582648490908, 0.0, 1.0], "k_pid_alt": [1.674342784989402, 0.0, 0.6505765419319206], "k_pid_att": [6.150655623964275, 1.2606214925825956, 1.0], "k_pid_yaw": [0.5, 1e-06, 0.1], "k_pid_hsp": [0.40511530699173814, 0.2261680858124365, 0.0], "k_pid_vsp": [293.1455761215475, 220.1972950310449, 1e-06]}, "datetime": {"datetime": "2025-08-20 13:14:49", "elapsed": 4943.692309617996, "delta": 16.034106254577637}, "costs": {"total_cost": 188.47714548512639, "time_cost": 70.176, "final_distance_cost": 1.8537893825969896, "oscillation_cost": 42.21070959939483, "completition_cost": 0.0, "overshoot_cost": 49.680216203942095, "power_cost": 12.790715270996094, "noise_cost": 11.765715028196393, "n_waypoints_completed": 9, "tot_waypoints": 9}}
{"target": -213.16370231146226, "params": {"k_pid_pos": [1.1355711656348777, 0.004068490145427509, 0.8844407880203567], "k_pid_alt": [1.5165812486527337, 0.0, 0.7065678339102073], "k_pid_att": [58.722098299465436, 1.05971595542353, 0.7169324202632014], "k_pid_yaw": [0.5, 1e-06, 0.1], "k_pid_hsp": [5.693873972527307, 0.1471840465241432, 0.0], "k_pid_vsp": [281.4879690113014, 400.0, 65.41307657496158]}, "datetime": {"datetime": "2025-08-20 13:15:07", "elapsed": 4961.576395750046, "delta": 17.88408613204956}, "costs": {"total_cost": 213.16370231146226, "time_cost": 78.312, "final_distance_cost": 1.850006068403723, "oscillation_cost": 50.8319486927044, "completition_cost": 0.0, "overshoot_cost": 50.07216078466915, "power_cost": 17.76665185546875, "noise_cost": 14.33093491021623, "n_waypoints_completed": 9, "tot_waypoints": 9}}
