{"target": -171.20136918878643, "params": {"k_pid_pos": [0.5923019084480269, 0.0015242346177052142, 0.009275035123598894], "k_pid_alt": [1.7947154423986815, 0.00011477369602541191, 0.0012789497706214902], "k_pid_att": [38.254054703256536, 10.0, 0.6126535739608294], "k_pid_yaw": [0.5, 1e-06, 0.1], "k_pid_hsp": [0.13391711797821323, 0.004991829884797124, 0.0], "k_pid_vsp": [218.81499215385588, 221.43542331438167, 0.5985774241709513]}, "datetime": {"datetime": "2025-08-20 19:01:28", "elapsed": 25742.887037992477, "delta": 16.02230477333069}, "costs": {"total_cost": 171.20136918878643, "time_cost": 71.368, "final_distance_cost": 1.828484419434256, "oscillation_cost": 23.43148430197382, "completition_cost": 0.0, "overshoot_cost": 50.44405183370659, "power_cost": 12.429868786621094, "noise_cost": 11.699479847050666, "n_waypoints_completed": 9, "tot_waypoints": 9}}
{"target": -169.25361546040824, "params": {"k_pid_pos": [0.5002640995607143, 0.0030650887696577708, 0.010466082822096004], "k_pid_alt": [1.444089020847139, 0.00015327396967196782, 0.0011063092306576566], "k_pid_att": [24.48406508138091, 6.350421947405614, 0.7369079699483866], "k_pid_yaw": [0.5, 1e-06, 0.1], "k_pid_hsp": [0.08636564632294236, 0.005795541740741241, 0.0], "k_pid_vsp": [248.33269056828976, 165.83535211240945, 0.7702951746746421]}, "datetime": {"datetime": "2025-08-20 19:01:44", "elapsed": 25759.36950159073, "delta": 16.482463598251343}, "costs": {"total_cost": 169.25361546040824, "time_cost": 72.984, "final_distance_cost": 1.822504153516588, "oscillation_cost": 19.366917075483787, "completition_cost": 0.0, "overshoot_cost": 51.02666033100921, "power_cost": 12.247660510253906, "noise_cost": 11.805873390144756, "n_waypoints_completed": 9, "tot_waypoints": 9}}
{"target": -183.69915778304193, "params": {"k_pid_pos": [0.5296491673622493, 0.003110418766758646, 0.006921648798977438], "k_pid_alt": [1.7403103654108705, 0.00014267065508299592, 0.0018357396188474907], "k_pid_att": [26.699521010603096, 6.209282996812139, 0.33637180108142317], "k_pid_yaw": [0.5, 1e-06, 0.1], "k_pid_hsp": [0.043553152710130306, 0.004950316285108211, 0.0], "k_pid_vsp": [266.018273743625, 144.46287219277275, 0.8861115212382189]}, "datetime": {"datetime": "2025-08-20 19:02:05", "elapsed": 25779.51602625847, "delta": 20.146524667739868}, "costs": {"total_cost": 183.69915778304193, "time_cost": 84.52, "final_distance_cost": 1.7679017483594524, "oscillation_cost": 14.85946267734558, "completition_cost": 0.0, "overshoot_cost": 56.200216852633716, "power_cost": 13.202533801269531, "noise_cost": 13.14904270343366, "n_waypoints_completed": 9, "tot_waypoints": 9}}
{"target": -169.94375627979858, "params": {"k_pid_pos": [0.6183793497027467, 0.0047021798147005795, 0.010888166830843737], "k_pid_alt": [2.0, 0.00010880873109979092, 0.001249184494706147], "k_pid_att": [28.389146039017074, 9.366970350130329, 0.8427227329376118], "k_pid_yaw": [0.5, 1e-06, 0.1], "k_pid_hsp": [0.09697774537964336, 0.004197142412147338, 0.0], "k_pid_vsp": [148.4544044491389, 185.3340304033221, 1.0001578046336213]}, "datetime": {"datetime": "2025-08-20 19:02:20", "elapsed": 25794.951427459717, "delta": 15.435401201248169}, "costs": {"total_cost": 169.94375627979858, "time_cost": 71.392, "final_distance_cost": 1.8146914008267558, "oscillation_cost": 22.098581002768725, "completition_cost": 0.0, "overshoot_cost": 50.9180669749719, "power_cost": 12.313940551757813, "noise_cost": 11.406476349473394, "n_waypoints_completed": 9, "tot_waypoints": 9}}
{"target": -169.65366457741723, "params": {"k_pid_pos": [0.5423158758694689, 0.0032871088324746695, 0.015131791829441807], "k_pid_alt": [1.8117958951991007, 0.00013695797733602184, 0.0018310322293315752], "k_pid_att": [21.543915720311045, 6.614451712451893, 0.532997525537321], "k_pid_yaw": [0.5, 1e-06, 0.1], "k_pid_hsp": [0.07905139861917021, 0.005465982666762803, 0.0], "k_pid_vsp": [213.0205159943616, 264.6800279887766, 0.36136327971901744]}, "datetime": {"datetime": "2025-08-20 19:02:37", "elapsed": 25811.580541610718, "delta": 16.629114151000977}, "costs": {"total_cost": 169.65366457741723, "time_cost": 72.928, "final_distance_cost": 1.819373562240124, "oscillation_cost": 19.530833014483925, "completition_cost": 0.0, "overshoot_cost": 51.20933054444676, "power_cost": 12.44652177734375, "noise_cost": 11.719605678902676, "n_waypoints_completed": 9, "tot_waypoints": 9}}
{"target": -170.83369831091127, "params": {"k_pid_pos": [0.6897271312166898, 0.0005350789907551261, 0.013756212483276103], "k_pid_alt": [2.0, 0.00012319443723413404, 0.0014744375331586094], "k_pid_att": [31.86163656841651, 4.4813378725966375, 0.7977578048399377], "k_pid_yaw": [0.5, 1e-06, 0.1], "k_pid_hsp": [0.08983576124355418, 0.005210812786947843, 0.0], "k_pid_vsp": [239.1737033077369, 188.50940651632894, 0.8092294944654609]}, "datetime": {"datetime": "2025-08-20 19:02:53", "elapsed": 25827.959333896637, "delta": 16.37879228591919}, "costs": {"total_cost": 170.83369831091127, "time_cost": 71.168, "final_distance_cost": 1.8075451759207954, "oscillation_cost": 22.792238789994066, "completition_cost": 0.0, "overshoot_cost": 50.84756802778374, "power_cost": 12.730542626953126, "noise_cost": 11.487803690259547, "n_waypoints_completed": 9, "tot_waypoints": 9}}
{"target": -168.6319223216025, "params": {"k_pid_pos": [0.5514800129786258, 0.00442626185412758, 0.00925405665368381], "k_pid_alt": [1.657307215720774, 0.00013592402669581317, 0.00210268622604067], "k_pid_att": [30.95204239620004, 5.104207082706001, 0.6639520358401999], "k_pid_yaw": [0.5, 1e-06, 0.1], "k_pid_hsp": [0.09566616353635259, 0.007108818245179167, 0.0], "k_pid_vsp": [219.10378532730022, 210.570774048458, 0.9692291104786289]}, "datetime": {"datetime": "2025-08-20 19:03:09", "elapsed": 25843.78186416626, "delta": 15.822530269622803}, "costs": {"total_cost": 168.6319223216025, "time_cost": 71.784, "final_distance_cost": 1.8186464180151332, "oscillation_cost": 20.825404081127548, "completition_cost": 0.0, "overshoot_cost": 50.96600577507567, "power_cost": 11.864222668457032, "noise_cost": 11.373643378927072, "n_waypoints_completed": 9, "tot_waypoints": 9}}
{"target": -170.37456150427764, "params": {"k_pid_pos": [0.5427806064525232, 0.0036279770373232097, 0.009279203910003168], "k_pid_alt": [1.5292006584778555, 0.0001126703668221524, 0.0030966149399819375], "k_pid_att": [30.878183807971098, 5.291630586729037, 0.6229287685433514], "k_pid_yaw": [0.5, 1e-06, 0.1], "k_pid_hsp": [0.08085248831955143, 0.007524678523204151, 0.0], "k_pid_vsp": [122.07366012192203, 176.40183217935476, 0.5831366054292055]}, "datetime": {"datetime": "2025-08-20 19:03:27", "elapsed": 25862.277936935425, "delta": 18.49607276916504}, "costs": {"total_cost": 170.37456150427764, "time_cost": 72.744, "final_distance_cost": 1.8167519032094195, "oscillation_cost": 20.09507832680407, "completition_cost": 0.0, "overshoot_cost": 51.586565999712896, "power_cost": 12.497303918457032, "noise_cost": 11.634861356094225, "n_waypoints_completed": 9, "tot_waypoints": 9}}
{"target": -171.61185380677867, "params": {"k_pid_pos": [0.3702452146928597, 0.0038141967677633518, 0.005025666300787784], "k_pid_alt": [2.0, 9.466004473742335e-05, 0.002025729106869207], "k_pid_att": [36.13204277126299, 6.246732186175321, 0.7569873870108322], "k_pid_yaw": [0.5, 1e-06, 0.1], "k_pid_hsp": [0.07637336516068155, 0.007875846030565108, 0.0], "k_pid_vsp": [190.2530682716678, 195.68235965058622, 1.0733287754197922]}, "datetime": {"datetime": "2025-08-20 19:03:44", "elapsed": 25878.83778333664, "delta": 16.5598464012146}, "costs": {"total_cost": 171.61185380677867, "time_cost": 76.544, "final_distance_cost": 1.850472318986517, "oscillation_cost": 16.05238344669051, "completition_cost": 0.0, "overshoot_cost": 52.208023242889944, "power_cost": 12.602538488769532, "noise_cost": 12.35443630944214, "n_waypoints_completed": 9, "tot_waypoints": 9}}
{"target": -168.83869351701884, "params": {"k_pid_pos": [0.5783042384604524, 0.00445047666711615, 0.00958881258723178], "k_pid_alt": [1.6801341520601465, 0.000100745027141287, 0.0012475029293251587], "k_pid_att": [25.230729245319726, 7.621024330681514, 0.5921198505475442], "k_pid_yaw": [0.5, 1e-06, 0.1], "k_pid_hsp": [0.09836815603320981, 0.0050477046032628035, 0.0], "k_pid_vsp": [144.4794259698788, 222.67611362530022, 0.9562475932542857]}, "datetime": {"datetime": "2025-08-20 19:04:01", "elapsed": 25896.23206758499, "delta": 17.39428424835205}, "costs": {"total_cost": 168.83869351701884, "time_cost": 71.47200000000001, "final_distance_cost": 1.8341350473267943, "oscillation_cost": 21.57812289593625, "completition_cost": 0.0, "overshoot_cost": 50.59639431222544, "power_cost": 11.948473999023438, "noise_cost": 11.409567262506911, "n_waypoints_completed": 9, "tot_waypoints": 9}}
{"target": -171.4444041184189, "params": {"k_pid_pos": [0.5112880519852853, 0.003630383991498435, 0.008322723034262344], "k_pid_alt": [1.7208733286522377, 0.00013773993342995744, 0.0018506652151981807], "k_pid_att": [24.278664698737387, 7.507688303410977, 0.7009171295372433], "k_pid_yaw": [0.5, 1e-06, 0.1], "k_pid_hsp": [0.1287690329032478, 0.005960044247373901, 0.0], "k_pid_vsp": [171.9256117486327, 219.02900108848135, 0.8429180348213774]}, "datetime": {"datetime": "2025-08-20 19:04:19", "elapsed": 25914.003792762756, "delta": 17.771725177764893}, "costs": {"total_cost": 171.4444041184189, "time_cost": 72.72, "final_distance_cost": 1.8366850064474738, "oscillation_cost": 21.8916424053656, "completition_cost": 0.0, "overshoot_cost": 50.20211638170988, "power_cost": 12.725999523925783, "noise_cost": 12.06796080097016, "n_waypoints_completed": 9, "tot_waypoints": 9}}
{"target": -170.19952500381308, "params": {"k_pid_pos": [0.5235927898969724, 0.004016714089539166, 0.007403959340897818], "k_pid_alt": [1.7923926121548241, 0.00011828309666563038, 0.0016406866423665809], "k_pid_att": [35.47033783737907, 6.870854264232723, 0.36279832366569426], "k_pid_yaw": [0.5, 1e-06, 0.1], "k_pid_hsp": [0.11149180786532985, 0.005658001429178171, 0.0], "k_pid_vsp": [122.5006391655463, 291.1169597039741, 0.7735795181586157]}, "datetime": {"datetime": "2025-08-20 19:04:39", "elapsed": 25934.384372472763, "delta": 20.380579710006714}, "costs": {"total_cost": 170.19952500381308, "time_cost": 72.16, "final_distance_cost": 1.8353905475790722, "oscillation_cost": 21.261650358721486, "completition_cost": 0.0, "overshoot_cost": 50.419247202290364, "power_cost": 12.692464782714845, "noise_cost": 11.830772112507345, "n_waypoints_completed": 9, "tot_waypoints": 9}}
{"target": -169.65769147762802, "params": {"k_pid_pos": [0.5067728760557864, 0.003753998104688079, 0.008835856650119512], "k_pid_alt": [2.0, 0.00013305621809319565, 0.0014366854411976989], "k_pid_att": [32.01090714893533, 8.984844684397174, 0.6222989346252411], "k_pid_yaw": [0.5, 1e-06, 0.1], "k_pid_hsp": [0.10568628576918145, 0.006873471798892941, 0.0], "k_pid_vsp": [209.6006314889762, 239.74567069531767, 1.1279610058291694]}, "datetime": {"datetime": "2025-08-20 19:04:57", "elapsed": 25951.973312854767, "delta": 17.588940382003784}, "costs": {"total_cost": 169.65769147762802, "time_cost": 72.44, "final_distance_cost": 1.8325621462928317, "oscillation_cost": 20.742171894166624, "completition_cost": 0.0, "overshoot_cost": 50.7176640436882, "power_cost": 12.224513256835937, "noise_cost": 11.700780136644463, "n_waypoints_completed": 9, "tot_waypoints": 9}}
{"target": -171.26029668513706, "params": {"k_pid_pos": [0.3822250556442693, 0.003401646855927507, 0.010170407060082666], "k_pid_alt": [1.344838910040907, 0.00012676583451002037, 0.002017446612411152], "k_pid_att": [34.75405807337208, 4.090213107810697, 0.6892232233310865], "k_pid_yaw": [0.5, 1e-06, 0.1], "k_pid_hsp": [0.08179056343045138, 0.003987273298598853, 0.0], "k_pid_vsp": [305.1535073760211, 183.70462763325486, 0.6426580829748462]}, "datetime": {"datetime": "2025-08-20 19:05:14", "elapsed": 25968.81140255928, "delta": 16.83808970451355}, "costs": {"total_cost": 171.26029668513706, "time_cost": 76.56, "final_distance_cost": 1.8408730169037018, "oscillation_cost": 15.93348331677344, "completition_cost": 0.0, "overshoot_cost": 52.2499696196506, "power_cost": 12.310774719238282, "noise_cost": 12.365196012571051, "n_waypoints_completed": 9, "tot_waypoints": 9}}
{"target": -168.84267190872143, "params": {"k_pid_pos": [0.5185410588113067, 0.003990665297467169, 0.002011741185547796], "k_pid_alt": [2.0, 0.00015230820848983846, 0.0010308549425124052], "k_pid_att": [19.36936574392308, 7.737257141616049, 0.6769692300769917], "k_pid_yaw": [0.5, 1e-06, 0.1], "k_pid_hsp": [0.09303286377460422, 0.005422487262453759, 0.0], "k_pid_vsp": [247.09268542056236, 140.141941084815, 0.9985183029260755]}, "datetime": {"datetime": "2025-08-20 19:05:32", "elapsed": 25987.442419290543, "delta": 18.631016731262207}, "costs": {"total_cost": 168.84267190872143, "time_cost": 72.424, "final_distance_cost": 1.8237749912984556, "oscillation_cost": 19.913049282052096, "completition_cost": 0.0, "overshoot_cost": 51.30387674745094, "power_cost": 11.856364831542969, "noise_cost": 11.521606056376946, "n_waypoints_completed": 9, "tot_waypoints": 9}}
{"target": -169.41570206268173, "params": {"k_pid_pos": [0.6964231959132982, 0.004521293165342126, 0.01073214824684563], "k_pid_alt": [1.9264391456018888, 0.0001877173940443551, 0.0012473846968020866], "k_pid_att": [27.622792506680586, 4.9066986186414105, 0.4397438627098662], "k_pid_yaw": [0.5, 1e-06, 0.1], "k_pid_hsp": [0.09168271379374941, 0.004925209468538205, 0.0], "k_pid_vsp": [224.95703060377264, 167.077699349501, 0.8532214714415544]}, "datetime": {"datetime": "2025-08-20 19:05:48", "elapsed": 26002.866633176804, "delta": 15.424213886260986}, "costs": {"total_cost": 169.41570206268173, "time_cost": 71.096, "final_distance_cost": 1.7910000139625275, "oscillation_cost": 22.910543241916052, "completition_cost": 0.0, "overshoot_cost": 51.05768394950015, "power_cost": 11.467267297363282, "noise_cost": 11.093207559939676, "n_waypoints_completed": 9, "tot_waypoints": 9}}
{"target": -169.69060166983928, "params": {"k_pid_pos": [0.5463169789865991, 0.0032040934529440185, 0.010158537782685224], "k_pid_alt": [2.0, 8.049273806444653e-05, 0.001969733944750207], "k_pid_att": [38.35784359227053, 6.186225085870734, 0.5148108868617015], "k_pid_yaw": [0.5, 1e-06, 0.1], "k_pid_hsp": [0.11689743799040499, 0.0062292118972373765, 0.0], "k_pid_vsp": [189.08241474260572, 144.05111370537034, 0.8015522828708049]}, "datetime": {"datetime": "2025-08-20 19:06:05", "elapsed": 26019.78341817856, "delta": 16.91678500175476}, "costs": {"total_cost": 169.69060166983928, "time_cost": 71.984, "final_distance_cost": 1.8318396274735889, "oscillation_cost": 21.568791257438495, "completition_cost": 0.0, "overshoot_cost": 50.890783301333684, "power_cost": 11.977755310058594, "noise_cost": 11.437432173534903, "n_waypoints_completed": 9, "tot_waypoints": 9}}
{"target": -179.36442422339485, "params": {"k_pid_pos": [0.3267970079104355, 0.0031511658137806393, 0.011009245050500193], "k_pid_alt": [2.0, 0.00011444644514724262, 0.001409804552797278], "k_pid_att": [34.72969782252838, 6.330156873256322, 0.602897329652839], "k_pid_yaw": [0.5, 1e-06, 0.1], "k_pid_hsp": [0.09129102104832171, 0.007667541184412495, 0.0], "k_pid_vsp": [180.55369075551334, 221.4363517520908, 1.0088614037039842]}, "datetime": {"datetime": "2025-08-20 19:06:24", "elapsed": 26038.585010290146, "delta": 18.801592111587524}, "costs": {"total_cost": 179.36442422339485, "time_cost": 81.784, "final_distance_cost": 1.862232629356571, "oscillation_cost": 16.129239883057533, "completition_cost": 0.0, "overshoot_cost": 52.57639649073179, "power_cost": 13.2006689453125, "noise_cost": 13.811886274936448, "n_waypoints_completed": 9, "tot_waypoints": 9}}
{"target": -390.93632769588106, "params": {"k_pid_pos": [0.2331097869732086, 0.0033284807156792984, 0.006754306696159098], "k_pid_alt": [2.0, 9.694135667685788e-05, 0.0018677235243219244], "k_pid_att": [20.289245579905813, 7.448379286395881, 0.27393622687489655], "k_pid_yaw": [0.5, 1e-06, 0.1], "k_pid_hsp": [0.07986550930013105, 0.008409635892587817, 0.0], "k_pid_vsp": [233.98860385591092, 157.62193343817225, 0.9852945065645136]}, "datetime": {"datetime": "2025-08-20 19:06:45", "elapsed": 26060.024963855743, "delta": 21.439953565597534}, "costs": {"total_cost": 390.93632769588106, "time_cost": 150, "final_distance_cost": 34.16566211748646, "oscillation_cost": 13.05660518936132, "completition_cost": 111.11111111111116, "overshoot_cost": 53.287193271998305, "power_cost": 15.611594775390627, "noise_cost": 13.704161230533144, "n_waypoints_completed": 8, "tot_waypoints": 9}}
{"target": -170.4341128387759, "params": {"k_pid_pos": [0.664821029292141, 0.004217225703029163, 0.012474588407140962], "k_pid_alt": [1.6617082028149681, 0.00012132874520871157, 0.0023970299405433083], "k_pid_att": [21.447743867617692, 7.065353414021156, 0.5029329929276322], "k_pid_yaw": [0.5, 1e-06, 0.1], "k_pid_hsp": [0.08838978612245503, 0.003223854995162881, 0.0], "k_pid_vsp": [153.0682924243106, 276.9621814474348, 0.6197767413358957]}, "datetime": {"datetime": "2025-08-20 19:07:03", "elapsed": 26078.107995033264, "delta": 18.083031177520752}, "costs": {"total_cost": 170.4341128387759, "time_cost": 71.4, "final_distance_cost": 1.805182042551546, "oscillation_cost": 22.127274520774147, "completition_cost": 0.0, "overshoot_cost": 50.98726229034495, "power_cost": 12.54452156982422, "noise_cost": 11.569872415281015, "n_waypoints_completed": 9, "tot_waypoints": 9}}
{"target": -173.2678647272352, "params": {"k_pid_pos": [0.6156313446208991, 0.0021737756678163037, 0.00778179276388069], "k_pid_alt": [1.7754219559116693, 8.617371744837869e-05, 0.0026043817771581254], "k_pid_att": [27.353137976230055, 5.459040188805985, 0.6418372919357761], "k_pid_yaw": [0.5, 1e-06, 0.1], "k_pid_hsp": [0.06612895133372504, 0.0063767780653800205, 0.0], "k_pid_vsp": [312.8475633989036, 149.93462258705748, 0.6233736851472901]}, "datetime": {"datetime": "2025-08-20 19:07:19", "elapsed": 26094.10315322876, "delta": 15.995158195495605}, "costs": {"total_cost": 173.2678647272352, "time_cost": 74.57600000000001, "final_distance_cost": 1.8029848384278824, "oscillation_cost": 20.034079800220283, "completition_cost": 0.0, "overshoot_cost": 52.29329642625682, "power_cost": 12.669967761230469, "noise_cost": 11.891535901099736, "n_waypoints_completed": 9, "tot_waypoints": 9}}
{"target": -171.20477799629202, "params": {"k_pid_pos": [0.7184177533019397, 0.0036897159247573225, 0.007583914181736074], "k_pid_alt": [2.0, 0.00010906745699157946, 0.0019385009802566988], "k_pid_att": [12.311288363945124, 7.951945100898818, 0.42023104666809], "k_pid_yaw": [0.5, 1e-06, 0.1], "k_pid_hsp": [0.09148492426169075, 0.005349250204194827, 0.0], "k_pid_vsp": [181.4352741905012, 108.80370187550484, 1.0485648811098125]}, "datetime": {"datetime": "2025-08-20 19:07:35", "elapsed": 26110.385372400284, "delta": 16.282219171524048}, "costs": {"total_cost": 171.20477799629202, "time_cost": 71.008, "final_distance_cost": 1.8125246078814814, "oscillation_cost": 24.08964994184023, "completition_cost": 0.0, "overshoot_cost": 50.96652377704078, "power_cost": 12.144816577148438, "noise_cost": 11.18326309238107, "n_waypoints_completed": 9, "tot_waypoints": 9}}
{"target": -173.61281410412263, "params": {"k_pid_pos": [0.4115336688547626, 0.0030587052209256386, 0.0060594297758105], "k_pid_alt": [2.0, 0.0001238164599362425, 0.001583703616444166], "k_pid_att": [35.475344624789415, 6.070303555261187, 0.921453162857552], "k_pid_yaw": [0.5, 1e-06, 0.1], "k_pid_hsp": [0.10759958582656198, 0.004102614618207368, 0.0], "k_pid_vsp": [324.0539691621402, 294.7937417599845, 0.8183481536130826]}, "datetime": {"datetime": "2025-08-20 19:07:53", "elapsed": 26127.97200703621, "delta": 17.586634635925293}, "costs": {"total_cost": 173.61281410412263, "time_cost": 75.656, "final_distance_cost": 1.8476975572860759, "oscillation_cost": 18.37294467288077, "completition_cost": 0.0, "overshoot_cost": 51.88474917897816, "power_cost": 13.191788195800783, "noise_cost": 12.65963449917686, "n_waypoints_completed": 9, "tot_waypoints": 9}}
{"target": -169.3223095903058, "params": {"k_pid_pos": [0.5674968076670847, 0.002342835048252553, 0.004915763702740758], "k_pid_alt": [2.0, 5.444314375564419e-05, 0.0011490579556134696], "k_pid_att": [25.314936293671323, 6.479462496304204, 0.7613224188103729], "k_pid_yaw": [0.5, 1e-06, 0.1], "k_pid_hsp": [0.09728250938445414, 0.005197933648291012, 0.0], "k_pid_vsp": [188.2769862122096, 213.53398474149256, 0.8751201129687503]}, "datetime": {"datetime": "2025-08-20 19:08:08", "elapsed": 26143.49767422676, "delta": 15.525667190551758}, "costs": {"total_cost": 169.3223095903058, "time_cost": 71.712, "final_distance_cost": 1.8066782614953134, "oscillation_cost": 21.281127174902064, "completition_cost": 0.0, "overshoot_cost": 51.266641639947714, "power_cost": 11.912495629882812, "noise_cost": 11.343366884077886, "n_waypoints_completed": 9, "tot_waypoints": 9}}
{"target": -170.0562444878022, "params": {"k_pid_pos": [0.535633501859778, 0.0029598656229521333, 0.008523076542629536], "k_pid_alt": [1.6162909198279365, 0.00010394839468243211, 0.001696716876981464], "k_pid_att": [35.55922119391867, 5.138666839086622, 0.8815836563892222], "k_pid_yaw": [0.5, 1e-06, 0.1], "k_pid_hsp": [0.09338448409802207, 0.004590920440428515, 0.0], "k_pid_vsp": [94.2209083409465, 225.19434560165277, 1.0153145110388657]}, "datetime": {"datetime": "2025-08-20 19:08:26", "elapsed": 26161.215037822723, "delta": 17.717363595962524}, "costs": {"total_cost": 170.0562444878022, "time_cost": 72.184, "final_distance_cost": 1.8295867093751055, "oscillation_cost": 20.292479886589387, "completition_cost": 0.0, "overshoot_cost": 51.27979989182007, "power_cost": 12.686901318359375, "noise_cost": 11.783476681658266, "n_waypoints_completed": 9, "tot_waypoints": 9}}
