{"target": -537.4451344560897, "params": {"k_pid_pos": [0.6797055932908115, 0.004926373541752626, 0.007674569940956829], "k_pid_alt": [0.17436604156973798, 0.00014123162620781292, 0.0], "k_pid_att": [23.926382793473294, 9.897449668437357, 1.0], "k_pid_yaw": [0.5, 1e-06, 0.1], "k_pid_hsp": [0.08218440081213017, 0.007150962823842639, 0.0], "k_pid_vsp": [362.6782475720891, 93.35921974690037, 0.1743146126689544]}, "datetime": {"datetime": "2025-08-20 16:47:49", "elapsed": 17724.270090341568, "delta": 22.60107111930847}, "costs": {"total_cost": 537.4451344560897, "time_cost": 150, "final_distance_cost": 70.13646636262918, "oscillation_cost": 20.590598732873197, "completition_cost": 222.2222222222222, "overshoot_cost": 44.20295678629362, "power_cost": 16.14692030029297, "noise_cost": 14.145970051778617, "n_waypoints_completed": 7, "tot_waypoints": 9}}
{"target": -170.7037236776947, "params": {"k_pid_pos": [0.7020897984242099, 0.001789223280056015, 0.01592483474060264], "k_pid_alt": [2.0, 0.00016809386011476242, 0.03315299936505037], "k_pid_att": [36.46314616471599, 10.0, 1.0], "k_pid_yaw": [0.5, 1e-06, 0.1], "k_pid_hsp": [0.15940485619812317, 0.006024827904829032, 0.0], "k_pid_vsp": [396.18518241011293, 196.43869387123607, 0.7042741070581794]}, "datetime": {"datetime": "2025-08-20 16:48:05", "elapsed": 17739.987340450287, "delta": 15.717250108718872}, "costs": {"total_cost": 170.7037236776947, "time_cost": 70.544, "final_distance_cost": 1.824880269391987, "oscillation_cost": 24.442509220818078, "completition_cost": 0.0, "overshoot_cost": 50.064919793779794, "power_cost": 12.3886, "noise_cost": 11.43881439370487, "n_waypoints_completed": 9, "tot_waypoints": 9}}
{"target": -173.9217027151861, "params": {"k_pid_pos": [0.7734091608169805, 0.004293822512844318, 0.0009291856688378265], "k_pid_alt": [2.0, 9.887362405140346e-05, 0.009978090023799202], "k_pid_att": [33.07519888691944, 10.0, 0.8579197075540309], "k_pid_yaw": [0.5, 1e-06, 0.1], "k_pid_hsp": [0.07561948564519162, 0.005414171279708709, 0.0], "k_pid_vsp": [263.4273046149562, 105.41676067218604, 0.9288675071341469]}, "datetime": {"datetime": "2025-08-20 16:48:21", "elapsed": 17755.954926252365, "delta": 15.967585802078247}, "costs": {"total_cost": 173.9217027151861, "time_cost": 73.152, "final_distance_cost": 1.7560595320707386, "oscillation_cost": 23.765020331216604, "completition_cost": 0.0, "overshoot_cost": 51.711926985740874, "power_cost": 12.078563989257812, "noise_cost": 11.458131876900051, "n_waypoints_completed": 9, "tot_waypoints": 9}}
{"target": -176.33128964665346, "params": {"k_pid_pos": [0.43310351915367357, 0.0025199708389319186, 0.009694889445475564], "k_pid_alt": [2.0, 9.367227085900991e-05, 0.02089430271490871], "k_pid_att": [41.60441148722872, 9.84150288543646, 0.8596884048748737], "k_pid_yaw": [0.5, 1e-06, 0.1], "k_pid_hsp": [0.14622614083193117, 0.006971940686346907, 0.0], "k_pid_vsp": [329.5108552320416, 185.86295752083285, 0.6165351393124853]}, "datetime": {"datetime": "2025-08-20 16:48:38", "elapsed": 17773.038800001144, "delta": 17.083873748779297}, "costs": {"total_cost": 176.33128964665346, "time_cost": 76.744, "final_distance_cost": 1.857180165841533, "oscillation_cost": 21.20029912797047, "completition_cost": 0.0, "overshoot_cost": 51.03729010197786, "power_cost": 12.766496313476564, "noise_cost": 12.72602393738705, "n_waypoints_completed": 9, "tot_waypoints": 9}}
{"target": -176.95796041861266, "params": {"k_pid_pos": [0.4090427732160973, 0.004095300803880031, 0.01087746209046595], "k_pid_alt": [1.8289249508736927, 0.00013304637688766664, 0.023839346253564375], "k_pid_att": [21.616291352541367, 9.674234538993717, 0.5586461400227242], "k_pid_yaw": [0.5, 1e-06, 0.1], "k_pid_hsp": [0.13287387548808952, 0.003944012212599761, 0.0], "k_pid_vsp": [190.1711018336159, 36.186744110434944, 0.33101493894669953]}, "datetime": {"datetime": "2025-08-20 16:48:55", "elapsed": 17790.489988565445, "delta": 17.451188564300537}, "costs": {"total_cost": 176.95796041861266, "time_cost": 77.8, "final_distance_cost": 1.855492840053404, "oscillation_cost": 20.309304663536853, "completition_cost": 0.0, "overshoot_cost": 52.22718774896906, "power_cost": 12.059132324218751, "noise_cost": 12.706842841834609, "n_waypoints_completed": 9, "tot_waypoints": 9}}
{"target": -174.94378739577775, "params": {"k_pid_pos": [0.5018459193517484, 0.003536808894435886, 0.010284409442610993], "k_pid_alt": [1.988209203841791, 0.00012250336975507694, 0.029423703157143006], "k_pid_att": [44.200613225097975, 8.24133803132704, 1.0], "k_pid_yaw": [0.5, 1e-06, 0.1], "k_pid_hsp": [0.15276375779875268, 0.0, 0.0], "k_pid_vsp": [400.0, 151.41012149152542, 0.6898943237830922]}, "datetime": {"datetime": "2025-08-20 16:49:12", "elapsed": 17806.824140548706, "delta": 16.33415198326111}, "costs": {"total_cost": 174.94378739577775, "time_cost": 74.48, "final_distance_cost": 1.843202610346497, "oscillation_cost": 22.408735286841214, "completition_cost": 0.0, "overshoot_cost": 51.33308781819202, "power_cost": 12.577807128906251, "noise_cost": 12.30095455149178, "n_waypoints_completed": 9, "tot_waypoints": 9}}
{"target": -169.91450664293615, "params": {"k_pid_pos": [0.7495472043511371, 0.003110187534397815, 0.013039061205454533], "k_pid_alt": [2.0, 9.640660011486024e-05, 0.04375056672615102], "k_pid_att": [49.06716487988292, 8.543235250401436, 1.0], "k_pid_yaw": [0.5, 1e-06, 0.1], "k_pid_hsp": [0.13103109655865616, 0.00861115227650867, 0.0], "k_pid_vsp": [400.0, 207.8561810642948, 0.6101539333727072]}, "datetime": {"datetime": "2025-08-20 16:49:27", "elapsed": 17822.491468191147, "delta": 15.667327642440796}, "costs": {"total_cost": 169.91450664293615, "time_cost": 70.096, "final_distance_cost": 1.8191851465583564, "oscillation_cost": 24.693857152221153, "completition_cost": 0.0, "overshoot_cost": 50.08706234713896, "power_cost": 11.967808605957032, "noise_cost": 11.250593391060661, "n_waypoints_completed": 9, "tot_waypoints": 9}}
{"target": -170.520578385881, "params": {"k_pid_pos": [0.8042134263381907, 0.004179619907667981, 0.0075959114666100044], "k_pid_alt": [1.82744821349205, 0.00013351941298913236, 0.01014460582739105], "k_pid_att": [17.971968593130565, 6.2350325594552105, 0.911913295452881], "k_pid_yaw": [0.5, 1e-06, 0.1], "k_pid_hsp": [0.12697368201872272, 0.012183840996229626, 0.0], "k_pid_vsp": [313.89089014776295, 211.20282446213392, 0.6842925632237161]}, "datetime": {"datetime": "2025-08-20 16:49:43", "elapsed": 17838.408354520798, "delta": 15.916886329650879}, "costs": {"total_cost": 170.520578385881, "time_cost": 69.616, "final_distance_cost": 1.8175344660025858, "oscillation_cost": 26.270822920133018, "completition_cost": 0.0, "overshoot_cost": 49.89594558660866, "power_cost": 11.847598217773438, "noise_cost": 11.07267719536329, "n_waypoints_completed": 9, "tot_waypoints": 9}}
{"target": -169.8028566201168, "params": {"k_pid_pos": [0.6092000214183431, 0.0030447544734324337, 0.0], "k_pid_alt": [1.4162686911707079, 0.00013578106313980837, 0.006762652080855226], "k_pid_att": [27.573740163917943, 10.0, 0.8740325745794876], "k_pid_yaw": [0.5, 1e-06, 0.1], "k_pid_hsp": [0.1074316252548647, 0.005084704040485497, 0.0], "k_pid_vsp": [331.5635949868628, 202.34728878266182, 0.7577665485229256]}, "datetime": {"datetime": "2025-08-20 16:49:59", "elapsed": 17854.29300737381, "delta": 15.884652853012085}, "costs": {"total_cost": 169.8028566201168, "time_cost": 71.136, "final_distance_cost": 1.8326289916774468, "oscillation_cost": 22.63317512906347, "completition_cost": 0.0, "overshoot_cost": 50.67536574200757, "power_cost": 12.149308520507812, "noise_cost": 11.376378236860502, "n_waypoints_completed": 9, "tot_waypoints": 9}}
{"target": -372.94871502063705, "params": {"k_pid_pos": [0.24122922648408185, 0.004055103680891704, 0.009737983489372826], "k_pid_alt": [1.974554044885117, 0.0001608960593376623, 0.02448710628095516], "k_pid_att": [48.13372477509182, 10.0, 1.0], "k_pid_yaw": [0.5, 1e-06, 0.1], "k_pid_hsp": [0.1401515069571823, 0.006917014763700084, 0.0], "k_pid_vsp": [400.0, 222.68649205761395, 0.657567676102467]}, "datetime": {"datetime": "2025-08-20 16:50:21", "elapsed": 17876.460698366165, "delta": 22.167690992355347}, "costs": {"total_cost": 372.94871502063705, "time_cost": 150, "final_distance_cost": 9.728221540924125, "oscillation_cost": 15.351998941893214, "completition_cost": 111.11111111111116, "overshoot_cost": 55.688390586714185, "power_cost": 15.861849645996095, "noise_cost": 15.207143193998267, "n_waypoints_completed": 8, "tot_waypoints": 9}}
{"target": -172.74572977709988, "params": {"k_pid_pos": [0.5042897395502983, 0.003605641077595053, 0.008517795019420064], "k_pid_alt": [1.8765850896733554, 8.348426419539378e-05, 0.01152819357368611], "k_pid_att": [38.36476031406492, 7.061303823334694, 0.724451654458754], "k_pid_yaw": [0.5, 1e-06, 0.1], "k_pid_hsp": [0.13852702511151335, 0.008797194686869571, 0.0], "k_pid_vsp": [400.0, 104.19753264494459, 0.8002436995392471]}, "datetime": {"datetime": "2025-08-20 16:50:38", "elapsed": 17893.08596253395, "delta": 16.625264167785645}, "costs": {"total_cost": 172.74572977709988, "time_cost": 73.536, "final_distance_cost": 1.8443173562450248, "oscillation_cost": 22.095906652191026, "completition_cost": 0.0, "overshoot_cost": 50.828761459920955, "power_cost": 12.413870422363281, "noise_cost": 12.02687388637958, "n_waypoints_completed": 9, "tot_waypoints": 9}}
{"target": -173.8111210970938, "params": {"k_pid_pos": [0.5269412196629305, 0.0, 0.007489753010707505], "k_pid_alt": [0.9463569781572715, 7.665007100671947e-05, 0.022439416259744462], "k_pid_att": [30.555133241429715, 8.41244025052105, 0.8824593138879551], "k_pid_yaw": [0.5, 1e-06, 0.1], "k_pid_hsp": [0.13915280699603147, 0.00722724452685651, 0.0], "k_pid_vsp": [349.7570933255931, 143.7277032716757, 0.8630813288150375]}, "datetime": {"datetime": "2025-08-20 16:50:55", "elapsed": 17909.52904677391, "delta": 16.443084239959717}, "costs": {"total_cost": 173.8111210970938, "time_cost": 74.168, "final_distance_cost": 1.846857584088715, "oscillation_cost": 22.912638591363727, "completition_cost": 0.0, "overshoot_cost": 50.57340358995658, "power_cost": 12.402282434082032, "noise_cost": 11.907938897602747, "n_waypoints_completed": 9, "tot_waypoints": 9}}
{"target": -170.2067428438208, "params": {"k_pid_pos": [0.6487631890719427, 0.004744109819672563, 0.015307331504063847], "k_pid_alt": [1.1945223165022616, 0.0001592105732390419, 0.022308433604577], "k_pid_att": [46.0904359754407, 10.0, 0.6862691658737908], "k_pid_yaw": [0.5, 1e-06, 0.1], "k_pid_hsp": [0.09215172198857961, 0.008608779095299222, 0.0], "k_pid_vsp": [336.63325038581377, 178.73796021809244, 0.6750503766263787]}, "datetime": {"datetime": "2025-08-20 16:51:13", "elapsed": 17927.521656751633, "delta": 17.992609977722168}, "costs": {"total_cost": 170.2067428438208, "time_cost": 71.688, "final_distance_cost": 1.8120885219976253, "oscillation_cost": 22.511622777287187, "completition_cost": 0.0, "overshoot_cost": 50.59434227543029, "power_cost": 12.27489178466797, "noise_cost": 11.325797484437723, "n_waypoints_completed": 9, "tot_waypoints": 9}}
{"target": -169.9545131163054, "params": {"k_pid_pos": [0.6958123752315757, 0.003468509726345697, 0.004249345434939072], "k_pid_alt": [1.8995800434390329, 0.0001471112130460537, 0.014467125750585084], "k_pid_att": [62.33067691576065, 8.106937666985733, 0.5149200004642509], "k_pid_yaw": [0.5, 1e-06, 0.1], "k_pid_hsp": [0.11456810573574792, 0.00641387608803879, 0.0], "k_pid_vsp": [323.00467181915684, 147.31132956767127, 0.7167673615848877]}, "datetime": {"datetime": "2025-08-20 16:51:29", "elapsed": 17944.047167301178, "delta": 16.525510549545288}, "costs": {"total_cost": 169.9545131163054, "time_cost": 70.536, "final_distance_cost": 1.8222301232154334, "oscillation_cost": 23.746393546627424, "completition_cost": 0.0, "overshoot_cost": 50.80075839910977, "power_cost": 11.835573449707033, "noise_cost": 11.213557597645734, "n_waypoints_completed": 9, "tot_waypoints": 9}}
{"target": -171.70530008510622, "params": {"k_pid_pos": [0.6906004267387531, 0.0045237531393280015, 0.006129725958996683], "k_pid_alt": [1.2740783915675267, 0.00012534729615589112, 0.024318094229124464], "k_pid_att": [48.095961549475966, 10.0, 1.0], "k_pid_yaw": [0.5, 1e-06, 0.1], "k_pid_hsp": [0.18244497976662885, 0.007512063640895956, 0.0], "k_pid_vsp": [299.23853715493755, 129.42574024738744, 0.6099874306806718]}, "datetime": {"datetime": "2025-08-20 16:51:44", "elapsed": 17959.352390527725, "delta": 15.305223226547241}, "costs": {"total_cost": 171.70530008510622, "time_cost": 70.752, "final_distance_cost": 1.8327780683009838, "oscillation_cost": 25.68835954083828, "completition_cost": 0.0, "overshoot_cost": 50.251482015469186, "power_cost": 11.838989367675781, "noise_cost": 11.341691092821986, "n_waypoints_completed": 9, "tot_waypoints": 9}}
{"target": -177.49204103855217, "params": {"k_pid_pos": [0.48257949986140675, 0.0019647767424198228, 0.016644840249647498], "k_pid_alt": [2.0, 9.283652614304287e-05, 0.05033097401922121], "k_pid_att": [23.526309600081802, 5.2089155765197, 1.0], "k_pid_yaw": [0.5, 1e-06, 0.1], "k_pid_hsp": [0.04897454375409275, 0.00874186336969411, 0.0], "k_pid_vsp": [282.9808717811986, 138.61654115048145, 0.6473232822214615]}, "datetime": {"datetime": "2025-08-20 16:52:03", "elapsed": 17977.77135372162, "delta": 18.418963193893433}, "costs": {"total_cost": 177.49204103855217, "time_cost": 80.232, "final_distance_cost": 1.7783325437188586, "oscillation_cost": 15.953808412943097, "completition_cost": 0.0, "overshoot_cost": 54.10110294404516, "power_cost": 12.759507397460938, "noise_cost": 12.66728974038411, "n_waypoints_completed": 9, "tot_waypoints": 9}}
{"target": -183.0348318348427, "params": {"k_pid_pos": [0.3704601165174745, 0.005272034060675401, 0.010550316324323168], "k_pid_alt": [2.0, 0.000121901001372107, 0.02169436911463339], "k_pid_att": [48.03687750864864, 10.0, 1.0], "k_pid_yaw": [0.5, 1e-06, 0.1], "k_pid_hsp": [0.15549904565621617, 0.005498881784765691, 0.0], "k_pid_vsp": [400.0, 153.44126171791015, 1.0578413497989079]}, "datetime": {"datetime": "2025-08-20 16:52:21", "elapsed": 17996.11643600464, "delta": 18.34508228302002}, "costs": {"total_cost": 183.0348318348427, "time_cost": 81.824, "final_distance_cost": 1.8561572923891392, "oscillation_cost": 20.22184820270067, "completition_cost": 0.0, "overshoot_cost": 51.988503199740734, "power_cost": 13.434543676757814, "noise_cost": 13.709779463254337, "n_waypoints_completed": 9, "tot_waypoints": 9}}
{"target": -175.094994660431, "params": {"k_pid_pos": [0.4495889345718784, 0.00275926623042167, 0.0098458346681049], "k_pid_alt": [1.6308896275644278, 0.00011242615269059693, 0.009995265293396274], "k_pid_att": [40.907434381021474, 9.959551635149282, 0.9279516258317665], "k_pid_yaw": [0.5, 1e-06, 0.1], "k_pid_hsp": [0.13675068297557894, 0.0065714686660407915, 0.0], "k_pid_vsp": [263.12734245484677, 129.31343893321315, 0.517091459231413]}, "datetime": {"datetime": "2025-08-20 16:52:38", "elapsed": 18012.54225540161, "delta": 16.425819396972656}, "costs": {"total_cost": 175.094994660431, "time_cost": 75.48, "final_distance_cost": 1.8483718856105127, "oscillation_cost": 21.102694837576234, "completition_cost": 0.0, "overshoot_cost": 51.31101138547736, "power_cost": 12.782278845214844, "noise_cost": 12.570637706552056, "n_waypoints_completed": 9, "tot_waypoints": 9}}
{"target": -172.31767322641318, "params": {"k_pid_pos": [0.844709109092647, 0.004142156255239279, 0.011182683086878758], "k_pid_alt": [2.0, 0.00015095381672486903, 0.012072396064431695], "k_pid_att": [45.888211602822565, 7.531734430417949, 0.865391896188919], "k_pid_yaw": [0.5, 1e-06, 0.1], "k_pid_hsp": [0.08920967431289224, 0.006192877592043132, 0.0], "k_pid_vsp": [400.0, 206.6600491069553, 0.962964236474428]}, "datetime": {"datetime": "2025-08-20 16:52:54", "elapsed": 18028.9680287838, "delta": 16.42577338218689}, "costs": {"total_cost": 172.31767322641318, "time_cost": 71.552, "final_distance_cost": 1.7795013217013804, "oscillation_cost": 25.293001776875375, "completition_cost": 0.0, "overshoot_cost": 50.392525503134415, "power_cost": 11.998293469238282, "noise_cost": 11.302351155463729, "n_waypoints_completed": 9, "tot_waypoints": 9}}
{"target": -171.9370590139492, "params": {"k_pid_pos": [0.8613436713377429, 0.0032905054792129267, 0.0054432875705241225], "k_pid_alt": [1.6324723201011064, 5.7479500786367435e-05, 0.007766136440785896], "k_pid_att": [23.82374647031324, 10.0, 0.7734171548223913], "k_pid_yaw": [0.5, 1e-06, 0.1], "k_pid_hsp": [0.11436881814854877, 0.009683991579152429, 0.0], "k_pid_vsp": [289.7757647136389, 242.8521821527644, 0.6069031658941458]}, "datetime": {"datetime": "2025-08-20 16:53:10", "elapsed": 18044.80245733261, "delta": 15.834428548812866}, "costs": {"total_cost": 171.9370590139492, "time_cost": 69.616, "final_distance_cost": 1.8101355334684754, "oscillation_cost": 26.91068029509518, "completition_cost": 0.0, "overshoot_cost": 50.48907002905992, "power_cost": 12.010513500976563, "noise_cost": 11.100659655349064, "n_waypoints_completed": 9, "tot_waypoints": 9}}
{"target": -170.01787680721694, "params": {"k_pid_pos": [0.5615073757797179, 0.0008815078359966817, 0.010467928110005987], "k_pid_alt": [2.0, 0.00013888500796438314, 0.01980758746320851], "k_pid_att": [27.583067033013435, 7.021001239379847, 0.9728451826640697], "k_pid_yaw": [0.5, 1e-06, 0.1], "k_pid_hsp": [0.08909486594156453, 0.007169167823879614, 0.0], "k_pid_vsp": [249.73767354548116, 173.1509156911601, 0.6132097960505266]}, "datetime": {"datetime": "2025-08-20 16:53:25", "elapsed": 18060.33627796173, "delta": 15.533820629119873}, "costs": {"total_cost": 170.01787680721694, "time_cost": 72.024, "final_distance_cost": 1.8035052285220259, "oscillation_cost": 20.655653038548518, "completition_cost": 0.0, "overshoot_cost": 51.36194913268185, "power_cost": 12.46629354248047, "noise_cost": 11.706475864984077, "n_waypoints_completed": 9, "tot_waypoints": 9}}
{"target": -170.93469005026117, "params": {"k_pid_pos": [0.8540911039575576, 0.0023158211847800984, 0.007228578653107114], "k_pid_alt": [1.5493015117402111, 0.00017116036844058778, 0.01130925252233884], "k_pid_att": [46.05714920348896, 10.0, 1.0], "k_pid_yaw": [0.5, 1e-06, 0.1], "k_pid_hsp": [0.15302378457723684, 0.007300889760879975, 0.0], "k_pid_vsp": [400.0, 207.99773239676423, 0.7290606527650452]}, "datetime": {"datetime": "2025-08-20 16:53:41", "elapsed": 18076.03621315956, "delta": 15.6999351978302}, "costs": {"total_cost": 170.93469005026117, "time_cost": 69.512, "final_distance_cost": 1.826996252956328, "oscillation_cost": 26.628757538237284, "completition_cost": 0.0, "overshoot_cost": 50.051438371388144, "power_cost": 11.756153442382812, "noise_cost": 11.15934444529661, "n_waypoints_completed": 9, "tot_waypoints": 9}}
{"target": -175.79979249333155, "params": {"k_pid_pos": [0.3754920262217564, 0.0039957321622982635, 0.00839838982781155], "k_pid_alt": [1.5884266316055207, 9.992876662967695e-05, 0.024754176276582922], "k_pid_att": [52.081327789652086, 9.426766543145508, 0.9759163309979049], "k_pid_yaw": [0.5, 1e-06, 0.1], "k_pid_hsp": [0.08687212649469638, 0.004133773257703929, 0.0], "k_pid_vsp": [16.104650535856518, 131.95352625398212, 0.6242221931392813]}, "datetime": {"datetime": "2025-08-20 16:53:59", "elapsed": 18093.93764233589, "delta": 17.901429176330566}, "costs": {"total_cost": 175.79979249333155, "time_cost": 77.408, "final_distance_cost": 1.849488701813897, "oscillation_cost": 17.897570858701403, "completition_cost": 0.0, "overshoot_cost": 53.08324970294777, "power_cost": 13.392075451660157, "noise_cost": 12.169407778208315, "n_waypoints_completed": 9, "tot_waypoints": 9}}
{"target": -173.5977062938872, "params": {"k_pid_pos": [0.7243228738998124, 0.0033269248469636335, 0.007751233881060017], "k_pid_alt": [1.6532881347619774, 0.000181782534908555, 0.03430998220860541], "k_pid_att": [47.55669755805312, 9.088024492939578, 0.5353744462008562], "k_pid_yaw": [0.5, 1e-06, 0.1], "k_pid_hsp": [0.07248358606693696, 0.006542219961172762, 0.0], "k_pid_vsp": [400.0, 183.1623856396969, 0.5283153314478752]}, "datetime": {"datetime": "2025-08-20 16:54:15", "elapsed": 18109.85524582863, "delta": 15.917603492736816}, "costs": {"total_cost": 173.5977062938872, "time_cost": 73.2, "final_distance_cost": 1.791147164685996, "oscillation_cost": 22.659671620124552, "completition_cost": 0.0, "overshoot_cost": 51.525004511271135, "power_cost": 12.631718359375, "noise_cost": 11.790164638430497, "n_waypoints_completed": 9, "tot_waypoints": 9}}
{"target": -173.68918578139258, "params": {"k_pid_pos": [0.4504619022723559, 0.006275466358376212, 0.014559193037476914], "k_pid_alt": [1.1342070964831008, 0.00013080387931634887, 0.023164044518487567], "k_pid_att": [44.509619294731955, 7.4391769580104805, 0.6536923357150538], "k_pid_yaw": [0.5, 1e-06, 0.1], "k_pid_hsp": [0.12675112894669685, 0.01006075714036521, 0.0], "k_pid_vsp": [330.62514874931964, 174.62943263007324, 0.8083683428733434]}, "datetime": {"datetime": "2025-08-20 16:54:32", "elapsed": 18127.189541339874, "delta": 17.334295511245728}, "costs": {"total_cost": 173.68918578139258, "time_cost": 75.72800000000001, "final_distance_cost": 1.8549639382052687, "oscillation_cost": 20.79834162741129, "completition_cost": 0.0, "overshoot_cost": 50.91717696384984, "power_cost": 12.16805262451172, "noise_cost": 12.222650627414449, "n_waypoints_completed": 9, "tot_waypoints": 9}}
