{"target": -174.78175972991005, "params": {"k_pid_pos": [0.44286991060207814, 0.01375221225842046, 0.025955015459267008], "k_pid_alt": [2.0, 0.00013592096252453088, 0.03984998026426181], "k_pid_att": [33.48319243232971, 4.761050362252679, 0.6735035051492444], "k_pid_yaw": [0.5, 1e-06, 0.1], "k_pid_hsp": [0.12957880506434263, 0.011626697330050291, 0.0], "k_pid_vsp": [160.8165587100792, 122.28486841789565, 1.631972422697827]}, "datetime": {"datetime": "2025-08-20 16:11:44", "elapsed": 15558.742275953293, "delta": 16.423792839050293}, "costs": {"total_cost": 174.78175972991005, "time_cost": 75.504, "final_distance_cost": 1.8575681677670275, "oscillation_cost": 20.854659347180032, "completition_cost": 0.0, "overshoot_cost": 51.11686895826126, "power_cost": 12.872191943359375, "noise_cost": 12.576471313342358, "n_waypoints_completed": 9, "tot_waypoints": 9}}
{"target": -176.48510872074365, "params": {"k_pid_pos": [0.49543707206431353, 0.01822006482639352, 0.019210113390273748], "k_pid_alt": [2.0, 0.00019375147614376288, 0.02641806631552748], "k_pid_att": [28.393444814345873, 1.864475397448705, 0.7607200026233447], "k_pid_yaw": [0.5, 1e-06, 0.1], "k_pid_hsp": [0.1933279595845314, 0.009685976675134758, 0.0], "k_pid_vsp": [208.12703808938045, 108.23823281083575, 1.4284439893075442]}, "datetime": {"datetime": "2025-08-20 16:12:00", "elapsed": 15575.436775684357, "delta": 16.694499731063843}, "costs": {"total_cost": 176.48510872074365, "time_cost": 75.096, "final_distance_cost": 1.8505446624790818, "oscillation_cost": 24.129152992424576, "completition_cost": 0.0, "overshoot_cost": 50.821688403031516, "power_cost": 12.363299450683595, "noise_cost": 12.224423212124869, "n_waypoints_completed": 9, "tot_waypoints": 9}}
{"target": -176.79288123983306, "params": {"k_pid_pos": [0.9593407499365193, 0.005028796448213001, 0.0], "k_pid_alt": [0.8229577574348047, 0.00016407038357234356, 0.03940124225566412], "k_pid_att": [10.147399411594145, 5.008470955685071, 0.27632417866576925], "k_pid_yaw": [0.5, 1e-06, 0.1], "k_pid_hsp": [0.12193575242303795, 0.011862500242456006, 0.0], "k_pid_vsp": [400.0, 74.25557286398337, 0.13441556239078226]}, "datetime": {"datetime": "2025-08-20 16:12:17", "elapsed": 15591.5876288414, "delta": 16.150853157043457}, "costs": {"total_cost": 176.79288123983306, "time_cost": 71.896, "final_distance_cost": 1.819863985980894, "oscillation_cost": 29.122231758619836, "completition_cost": 0.0, "overshoot_cost": 50.82279744968422, "power_cost": 11.99660760498047, "noise_cost": 11.135380440567648, "n_waypoints_completed": 9, "tot_waypoints": 9}}
{"target": -171.89255277071842, "params": {"k_pid_pos": [0.5301809153400024, 0.012272990200919931, 0.01041002198308945], "k_pid_alt": [2.0, 7.39925278406756e-05, 0.032105091821699905], "k_pid_att": [38.03644941723127, 5.634699074283557, 0.5659986255411128], "k_pid_yaw": [0.5, 1e-06, 0.1], "k_pid_hsp": [0.1430007933750164, 0.005157802369660029, 0.0], "k_pid_vsp": [282.8168291789496, 93.62862827415745, 1.5500442117857922]}, "datetime": {"datetime": "2025-08-20 16:12:32", "elapsed": 15607.20539855957, "delta": 15.617769718170166}, "costs": {"total_cost": 171.89255277071842, "time_cost": 72.896, "final_distance_cost": 1.832820482734784, "oscillation_cost": 22.46780535662543, "completition_cost": 0.0, "overshoot_cost": 51.048477956223515, "power_cost": 11.967751989746095, "noise_cost": 11.679696985388613, "n_waypoints_completed": 9, "tot_waypoints": 9}}
{"target": -177.43973018050588, "params": {"k_pid_pos": [0.5618121221618425, 0.016432788910029784, 0.0], "k_pid_alt": [0.8060315063574935, 0.00011675510586206647, 0.0262096443802473], "k_pid_att": [24.540841973436084, 3.956385652050207, 0.7699207316980038], "k_pid_yaw": [0.5, 1e-06, 0.1], "k_pid_hsp": [0.052904264171182026, 0.009723192002552613, 0.0], "k_pid_vsp": [244.0612791287513, 85.59056028307849, 1.9318333677504569]}, "datetime": {"datetime": "2025-08-20 16:12:50", "elapsed": 15624.855166435242, "delta": 17.649767875671387}, "costs": {"total_cost": 177.43973018050588, "time_cost": 79.08, "final_distance_cost": 1.7787505849398895, "oscillation_cost": 18.83347536192828, "completition_cost": 0.0, "overshoot_cost": 52.99633163976783, "power_cost": 12.665312268066407, "noise_cost": 12.085860325803468, "n_waypoints_completed": 9, "tot_waypoints": 9}}
{"target": -171.85867452956356, "params": {"k_pid_pos": [0.765704001106676, 0.00592998307753376, 0.008057973021660768], "k_pid_alt": [1.1669644986851486, 8.166000494221613e-05, 0.039301926138842924], "k_pid_att": [55.38365692617443, 5.634908425541294, 0.8603141151240701], "k_pid_yaw": [0.5, 1e-06, 0.1], "k_pid_hsp": [0.12336167908799406, 0.011165705616934557, 0.0], "k_pid_vsp": [313.0930385643466, 109.44908723990038, 1.4947516705237192]}, "datetime": {"datetime": "2025-08-20 16:13:06", "elapsed": 15641.240154027939, "delta": 16.384987592697144}, "costs": {"total_cost": 171.85867452956356, "time_cost": 70.44800000000001, "final_distance_cost": 1.7978352195932583, "oscillation_cost": 25.446186779535697, "completition_cost": 0.0, "overshoot_cost": 50.518322545146006, "power_cost": 12.27255732421875, "noise_cost": 11.37577266106984, "n_waypoints_completed": 9, "tot_waypoints": 9}}
{"target": -173.17550471106227, "params": {"k_pid_pos": [0.5034766063779171, 0.008864755434708289, 0.01954107474936508], "k_pid_alt": [1.8570716961389875, 0.0003332793346247421, 0.028016034787831226], "k_pid_att": [42.968119999968145, 8.733808903775573, 0.9389755933996359], "k_pid_yaw": [0.5, 1e-06, 0.1], "k_pid_hsp": [0.11800322836068079, 0.011166131651567648, 0.0], "k_pid_vsp": [336.50071403704106, 6.478726954879268, 0.7731442191341843]}, "datetime": {"datetime": "2025-08-20 16:13:22", "elapsed": 15657.405280351639, "delta": 16.16512632369995}, "costs": {"total_cost": 173.17550471106227, "time_cost": 74.208, "final_distance_cost": 1.8386967689975011, "oscillation_cost": 21.574594560963114, "completition_cost": 0.0, "overshoot_cost": 51.51217791708521, "power_cost": 12.0961099609375, "noise_cost": 11.94592550307894, "n_waypoints_completed": 9, "tot_waypoints": 9}}
{"target": -173.9003253865156, "params": {"k_pid_pos": [0.7730154869469095, 0.012816306221418649, 0.017511915120149688], "k_pid_alt": [1.6659945413248112, 0.00023503579731455488, 0.020291650442569892], "k_pid_att": [2.8443384528788442, 5.652161243304036, 0.8602525167334969], "k_pid_yaw": [0.5, 1e-06, 0.1], "k_pid_hsp": [0.14339461496035696, 0.00675361924402219, 0.0], "k_pid_vsp": [112.90732906031967, 120.77919768001634, 1.3664900328903542]}, "datetime": {"datetime": "2025-08-20 16:13:38", "elapsed": 15672.608325719833, "delta": 15.20304536819458}, "costs": {"total_cost": 173.9003253865156, "time_cost": 69.47200000000001, "final_distance_cost": 1.824138457860976, "oscillation_cost": 29.847132387783127, "completition_cost": 0.0, "overshoot_cost": 49.51507985976977, "power_cost": 12.071763000488282, "noise_cost": 11.170211680613429, "n_waypoints_completed": 9, "tot_waypoints": 9}}
{"target": -174.8996823796713, "params": {"k_pid_pos": [0.44007832389187346, 0.006006649502350621, 0.031005630708878833], "k_pid_alt": [1.2025604754251822, 0.000213931934775049, 0.03075362793412444], "k_pid_att": [33.07303317714521, 6.342768418319939, 0.9519416818654239], "k_pid_yaw": [0.5, 1e-06, 0.1], "k_pid_hsp": [0.11890613112064179, 0.009528785211765657, 0.0], "k_pid_vsp": [93.4256577676694, 75.09517607779385, 1.5268343885938938]}, "datetime": {"datetime": "2025-08-20 16:13:54", "elapsed": 15689.275970220566, "delta": 16.667644500732422}, "costs": {"total_cost": 174.8996823796713, "time_cost": 76.016, "final_distance_cost": 1.85640227514257, "oscillation_cost": 20.495503584905855, "completition_cost": 0.0, "overshoot_cost": 51.05738008702155, "power_cost": 12.907096350097657, "noise_cost": 12.567300082503676, "n_waypoints_completed": 9, "tot_waypoints": 9}}
{"target": -174.929455979385, "params": {"k_pid_pos": [0.431943665648725, 0.008153207531687579, 0.018023169154337076], "k_pid_alt": [2.0, 0.00021112286472160354, 0.029035178610767518], "k_pid_att": [43.34613593439975, 9.49292258144709, 1.0], "k_pid_yaw": [0.5, 1e-06, 0.1], "k_pid_hsp": [0.12278071016108578, 0.011781941336812242, 0.0], "k_pid_vsp": [242.57844961948277, 130.1988930235261, 0.26918477803093355]}, "datetime": {"datetime": "2025-08-20 16:14:11", "elapsed": 15706.461996555328, "delta": 17.186026334762573}, "costs": {"total_cost": 174.929455979385, "time_cost": 75.888, "final_distance_cost": 1.8568124373240733, "oscillation_cost": 20.916157569431498, "completition_cost": 0.0, "overshoot_cost": 50.89801737688439, "power_cost": 12.728310107421876, "noise_cost": 12.642158488323163, "n_waypoints_completed": 9, "tot_waypoints": 9}}
{"target": -170.12010093619398, "params": {"k_pid_pos": [0.4626444333254427, 0.01079820993925707, 0.027836372231892226], "k_pid_alt": [1.6291997460904, 0.00012536374918921097, 0.04257106544069792], "k_pid_att": [21.421947195561753, 9.248953134682331, 0.7385282288298599], "k_pid_yaw": [0.5, 1e-06, 0.1], "k_pid_hsp": [0.09346717094747509, 0.007530018572292521, 0.0], "k_pid_vsp": [344.4102399315514, 125.52535870200283, 0.7171529366231165]}, "datetime": {"datetime": "2025-08-20 16:14:27", "elapsed": 15722.444042921066, "delta": 15.982046365737915}, "costs": {"total_cost": 170.12010093619398, "time_cost": 73.70400000000001, "final_distance_cost": 1.8433631851116064, "oscillation_cost": 19.47325969552596, "completition_cost": 0.0, "overshoot_cost": 50.95245292881788, "power_cost": 12.207092016601564, "noise_cost": 11.939933110136968, "n_waypoints_completed": 9, "tot_waypoints": 9}}
{"target": -1215.3928053964912, "params": {"k_pid_pos": [1.1735970390521082, 0.009240635284490957, 0.005002576703027849], "k_pid_alt": [0.6457522087205688, 0.00022491388678509897, 0.030606278991751806], "k_pid_att": [30.524658256973822, 7.128547632366714, 0.2276332501769042], "k_pid_yaw": [0.5, 1e-06, 0.1], "k_pid_hsp": [0.0001, 0.018156964350406844, 0.0], "k_pid_vsp": [223.87301773314107, 107.31986586537938, 0.8884700289839581]}, "datetime": {"datetime": "2025-08-20 16:14:50", "elapsed": 15745.14858841896, "delta": 22.704545497894287}, "costs": {"total_cost": 1215.3928053964912, "time_cost": 150, "final_distance_cost": 61.351377598821514, "oscillation_cost": 5.908875402728744, "completition_cost": 888.8888888888888, "overshoot_cost": 83.2656412939144, "power_cost": 12.950576318359376, "noise_cost": 13.027445893778443, "n_waypoints_completed": 1, "tot_waypoints": 9}}
{"target": -958.3940593640452, "params": {"k_pid_pos": [0.09067396655547799, 0.010127959034632808, 0.014252800163880011], "k_pid_alt": [1.8021453074466764, 0.00022880300813693378, 0.029786098046701067], "k_pid_att": [42.85822195339373, 5.536837569029637, 0.4522933966046954], "k_pid_yaw": [0.5, 1e-06, 0.1], "k_pid_hsp": [0.0653926095046772, 0.010673220290401618, 0.0], "k_pid_vsp": [289.3604182194938, 97.43458093110398, 1.0072757276370898]}, "datetime": {"datetime": "2025-08-20 16:15:13", "elapsed": 15767.946914434433, "delta": 22.798326015472412}, "costs": {"total_cost": 958.3940593640452, "time_cost": 150, "final_distance_cost": 54.449255114310084, "oscillation_cost": 3.839376091425819, "completition_cost": 666.6666666666667, "overshoot_cost": 55.88134591698475, "power_cost": 14.19883017578125, "noise_cost": 13.35858539887664, "n_waypoints_completed": 3, "tot_waypoints": 9}}
{"target": -172.42656372918984, "params": {"k_pid_pos": [0.9734685648822148, 0.005394003555765439, 0.02326113199809642], "k_pid_alt": [1.7558909410146215, 9.056476185687919e-05, 0.04020037598410822], "k_pid_att": [41.65499906451101, 3.36612032892114, 0.959266237794154], "k_pid_yaw": [0.5, 1e-06, 0.1], "k_pid_hsp": [0.1251073165553569, 0.008655486881540601, 0.0], "k_pid_vsp": [186.42766345017912, 102.29649736237941, 1.656091678664353]}, "datetime": {"datetime": "2025-08-20 16:15:29", "elapsed": 15783.630547523499, "delta": 15.683633089065552}, "costs": {"total_cost": 172.42656372918984, "time_cost": 69.44800000000001, "final_distance_cost": 1.7774315179928561, "oscillation_cost": 27.473328597155852, "completition_cost": 0.0, "overshoot_cost": 50.8830358028517, "power_cost": 11.815691430664064, "noise_cost": 11.029076380525364, "n_waypoints_completed": 9, "tot_waypoints": 9}}
{"target": -181.06743355415244, "params": {"k_pid_pos": [1.1462877043529431, 0.005639801453652479, 0.01846056076641348], "k_pid_alt": [1.5531183822426147, 0.00018184603936222086, 0.031227351016534743], "k_pid_att": [26.801783927942243, 4.512708214664023, 0.7574938413380393], "k_pid_yaw": [0.5, 1e-06, 0.1], "k_pid_hsp": [0.08257750611008048, 0.014569494950030466, 0.0], "k_pid_vsp": [306.5848137708704, 116.36515129802142, 0.9446604632106183]}, "datetime": {"datetime": "2025-08-20 16:15:44", "elapsed": 15799.28127336502, "delta": 15.650725841522217}, "costs": {"total_cost": 181.06743355415244, "time_cost": 72.56, "final_distance_cost": 1.7764103065870742, "oscillation_cost": 30.371998714117282, "completition_cost": 0.0, "overshoot_cost": 51.515576497977875, "power_cost": 13.088076635742189, "noise_cost": 11.755371399728007, "n_waypoints_completed": 9, "tot_waypoints": 9}}
{"target": -173.14511774885176, "params": {"k_pid_pos": [0.6250136967857363, 0.005260646481667096, 0.001308691147198798], "k_pid_alt": [1.600796572468733, 0.00014082611525672036, 0.027795021885612132], "k_pid_att": [40.34049427573679, 2.0100791131093554, 0.5405812389526962], "k_pid_yaw": [0.5, 1e-06, 0.1], "k_pid_hsp": [0.07062281772737193, 0.009405190312447563, 0.0], "k_pid_vsp": [333.7371758549347, 146.577820952848, 0.25123322053117275]}, "datetime": {"datetime": "2025-08-20 16:16:01", "elapsed": 15815.998760461807, "delta": 16.7174870967865}, "costs": {"total_cost": 173.14511774885176, "time_cost": 73.688, "final_distance_cost": 1.778171322510094, "oscillation_cost": 21.283969807189706, "completition_cost": 0.0, "overshoot_cost": 51.7463275848589, "power_cost": 12.748682104492188, "noise_cost": 11.899966929800854, "n_waypoints_completed": 9, "tot_waypoints": 9}}
{"target": -170.5944558294297, "params": {"k_pid_pos": [0.7797092155003634, 0.007104858081526035, 0.007273312828081655], "k_pid_alt": [1.5600755735699572, 0.0001866452102905583, 0.02917540716452401], "k_pid_att": [34.42323323735474, 9.511315072518764, 0.6017340955332456], "k_pid_yaw": [0.5, 1e-06, 0.1], "k_pid_hsp": [0.1344211852451594, 0.012467006079190818, 0.0], "k_pid_vsp": [210.41168762939552, 148.6773653763146, 1.1736812288781975]}, "datetime": {"datetime": "2025-08-20 16:16:16", "elapsed": 15831.482820749283, "delta": 15.484060287475586}, "costs": {"total_cost": 170.5944558294297, "time_cost": 69.57600000000001, "final_distance_cost": 1.8017217867171988, "oscillation_cost": 26.264404544739936, "completition_cost": 0.0, "overshoot_cost": 50.23466769797923, "power_cost": 11.747389221191407, "noise_cost": 10.970272578801925, "n_waypoints_completed": 9, "tot_waypoints": 9}}
{"target": -170.42474499673582, "params": {"k_pid_pos": [0.6789627691783021, 0.01153565863425852, 0.017877310842523406], "k_pid_alt": [2.0, 0.00019634615690651197, 0.009078964356738148], "k_pid_att": [25.78208041833967, 6.29476863525647, 0.882922616872711], "k_pid_yaw": [0.5, 1e-06, 0.1], "k_pid_hsp": [0.16221590871243827, 0.013363798146827574, 0.0], "k_pid_vsp": [163.91551778524595, 123.21256973766621, 1.33252428253182]}, "datetime": {"datetime": "2025-08-20 16:16:32", "elapsed": 15846.700190544128, "delta": 15.217369794845581}, "costs": {"total_cost": 170.42474499673582, "time_cost": 70.536, "final_distance_cost": 1.828576082819244, "oscillation_cost": 24.726956122812314, "completition_cost": 0.0, "overshoot_cost": 49.92304070623805, "power_cost": 12.050588732910157, "noise_cost": 11.359583351956038, "n_waypoints_completed": 9, "tot_waypoints": 9}}
{"target": -172.68589853175314, "params": {"k_pid_pos": [0.6228467840524979, 0.013637913102577446, 0.007886330902333575], "k_pid_alt": [0.9524227751176185, 0.00020119195027241328, 0.05308767680019486], "k_pid_att": [19.122961837819528, 1.0384533089782948, 0.11700144550010134], "k_pid_yaw": [0.5, 1e-06, 0.1], "k_pid_hsp": [0.08577663143899233, 0.014578720183577426, 0.0], "k_pid_vsp": [47.474691643688125, 105.35886313678877, 1.577460134286907]}, "datetime": {"datetime": "2025-08-20 16:16:48", "elapsed": 15863.334277391434, "delta": 16.634086847305298}, "costs": {"total_cost": 172.68589853175314, "time_cost": 73.83200000000001, "final_distance_cost": 1.8289784821783257, "oscillation_cost": 23.257013821004715, "completition_cost": 0.0, "overshoot_cost": 50.205151946223225, "power_cost": 12.215086938476563, "noise_cost": 11.347667343870325, "n_waypoints_completed": 9, "tot_waypoints": 9}}
{"target": -170.98628581141296, "params": {"k_pid_pos": [0.664336738503506, 0.010103434913803949, 0.01629487854630565], "k_pid_alt": [1.2442804936467395, 0.00018170182361428177, 0.040306333377408625], "k_pid_att": [43.2156707484912, 4.505923579179424, 0.7936991716630191], "k_pid_yaw": [0.5, 1e-06, 0.1], "k_pid_hsp": [0.1538378184817971, 0.007284956728865483, 0.0], "k_pid_vsp": [341.3063495324283, 95.40374099544084, 1.122530146151577]}, "datetime": {"datetime": "2025-08-20 16:17:06", "elapsed": 15880.784818172455, "delta": 17.450540781021118}, "costs": {"total_cost": 170.98628581141296, "time_cost": 71.24, "final_distance_cost": 1.8363298428704826, "oscillation_cost": 24.25361592709347, "completition_cost": 0.0, "overshoot_cost": 50.65983032982913, "power_cost": 11.702002050781251, "noise_cost": 11.294507660838613, "n_waypoints_completed": 9, "tot_waypoints": 9}}
{"target": -172.73554947726396, "params": {"k_pid_pos": [0.706286120884048, 0.009547483968870334, 0.0], "k_pid_alt": [1.0848313607361793, 0.0003412981944924279, 0.030477808132409412], "k_pid_att": [30.967028583574272, 5.039209349976063, 0.9901481421401543], "k_pid_yaw": [0.5, 1e-06, 0.1], "k_pid_hsp": [0.09634957710999496, 0.01720302349621406, 0.0], "k_pid_vsp": [375.8088016767583, 134.32818288675728, 0.8581734316684088]}, "datetime": {"datetime": "2025-08-20 16:17:21", "elapsed": 15896.469273090363, "delta": 15.684454917907715}, "costs": {"total_cost": 172.73554947726396, "time_cost": 72.352, "final_distance_cost": 1.8018830808033983, "oscillation_cost": 25.278641311462586, "completition_cost": 0.0, "overshoot_cost": 50.37036084834458, "power_cost": 11.788799731445312, "noise_cost": 11.143864505208098, "n_waypoints_completed": 9, "tot_waypoints": 9}}
{"target": -174.59813916590892, "params": {"k_pid_pos": [0.9048634943335486, 0.010075190138772989, 0.02178371987454374], "k_pid_alt": [2.0, 0.00021428675695301584, 0.03529037029042988], "k_pid_att": [27.536690218811774, 6.7537069282354905, 0.5425140133482383], "k_pid_yaw": [0.5, 1e-06, 0.1], "k_pid_hsp": [0.07848086762887478, 0.007034647540611756, 0.0], "k_pid_vsp": [217.62299390774047, 152.97161857600614, 1.4919386572282656]}, "datetime": {"datetime": "2025-08-20 16:17:38", "elapsed": 15912.72010564804, "delta": 16.250832557678223}, "costs": {"total_cost": 174.59813916590892, "time_cost": 72.44, "final_distance_cost": 1.7979082171196297, "oscillation_cost": 26.136850702621878, "completition_cost": 0.0, "overshoot_cost": 50.709005606688095, "power_cost": 12.199503625488282, "noise_cost": 11.314871013991025, "n_waypoints_completed": 9, "tot_waypoints": 9}}
{"target": -171.3765345903296, "params": {"k_pid_pos": [0.8183102719062897, 0.007176846095954409, 0.01427927111060247], "k_pid_alt": [1.850894249723373, 0.00017205394472201194, 0.036112717612654194], "k_pid_att": [42.51005419124445, 4.204395734709124, 0.25425597966822994], "k_pid_yaw": [0.5, 1e-06, 0.1], "k_pid_hsp": [0.12504470635025663, 0.010872881201501242, 0.0], "k_pid_vsp": [278.6732821622298, 105.75675873820444, 0.12056255437919339]}, "datetime": {"datetime": "2025-08-20 16:17:53", "elapsed": 15928.437381744385, "delta": 15.717276096343994}, "costs": {"total_cost": 171.3765345903296, "time_cost": 69.912, "final_distance_cost": 1.802191318687521, "oscillation_cost": 26.269062146962114, "completition_cost": 0.0, "overshoot_cost": 50.39436633803729, "power_cost": 11.838907629394532, "noise_cost": 11.160007157248181, "n_waypoints_completed": 9, "tot_waypoints": 9}}
{"target": -171.4701970030938, "params": {"k_pid_pos": [0.6511829639155771, 0.013754533152892929, 0.01664038439057937], "k_pid_alt": [1.170696137337344, 0.0001249678399201839, 0.03159360323267311], "k_pid_att": [27.652192400344475, 4.6159141768175305, 0.8212821241392785], "k_pid_yaw": [0.5, 1e-06, 0.1], "k_pid_hsp": [0.14839329333734, 0.008048015134067167, 0.0], "k_pid_vsp": [139.57708400759398, 165.9594013204614, 1.0030437116514344]}, "datetime": {"datetime": "2025-08-20 16:18:09", "elapsed": 15944.421575784683, "delta": 15.984194040298462}, "costs": {"total_cost": 171.4701970030938, "time_cost": 71.08, "final_distance_cost": 1.832650707003029, "oscillation_cost": 25.091656205602774, "completition_cost": 0.0, "overshoot_cost": 50.07309170208438, "power_cost": 12.029349572753906, "noise_cost": 11.363448815649683, "n_waypoints_completed": 9, "tot_waypoints": 9}}
{"target": -726.134642923964, "params": {"k_pid_pos": [0.5403062859811049, 0.007906417064102571, 0.015531450324630597], "k_pid_alt": [1.4638593548843375, 0.00017274805012054174, 0.005185110959197676], "k_pid_att": [28.12899870848342, 3.9727026150184415, 0.8166613284610204], "k_pid_yaw": [0.5, 1e-06, 0.1], "k_pid_hsp": [0.029724614587933542, 0.006270687344875645, 0.0], "k_pid_vsp": [243.78404677139068, 136.93971501610338, 0.8904597007554083]}, "datetime": {"datetime": "2025-08-20 16:18:32", "elapsed": 15966.78954911232, "delta": 22.36797332763672}, "costs": {"total_cost": 726.134642923964, "time_cost": 150, "final_distance_cost": 47.706902346966125, "oscillation_cost": 9.549576579149136, "completition_cost": 444.4444444444444, "overshoot_cost": 44.029723119406825, "power_cost": 16.28414216308594, "noise_cost": 14.119854270911604, "n_waypoints_completed": 5, "tot_waypoints": 9}}
