{"target": -171.1261929382756, "params": {"k_pid_pos": [0.5899671640631093, 0.00447761063125141, 0.010757681013991096], "k_pid_alt": [1.5874634780557304, 0.00013134150254704815, 0.001425580598592319], "k_pid_att": [38.439810965496626, 7.549656189078775, 0.5794051803324524], "k_pid_yaw": [0.5, 1e-06, 0.1], "k_pid_hsp": [0.07413643135647363, 0.0049354218294827045, 0.0], "k_pid_vsp": [251.66338771971618, 164.78647169731622, 0.8404118820758949]}, "datetime": {"datetime": "2025-08-20 19:29:45", "elapsed": 27440.34165287018, "delta": 16.720587491989136}, "costs": {"total_cost": 171.1261929382756, "time_cost": 73.872, "final_distance_cost": 1.818828682466675, "oscillation_cost": 20.06007278065493, "completition_cost": 0.0, "overshoot_cost": 51.60634839109869, "power_cost": 12.135036962890625, "noise_cost": 11.633906121164674, "n_waypoints_completed": 9, "tot_waypoints": 9}}
{"target": -170.02610902802036, "params": {"k_pid_pos": [0.49531544978380077, 0.0037749398138764967, 0.008124078745547098], "k_pid_alt": [1.9746264723010285, 0.0001497321015119038, 0.0016944181602149106], "k_pid_att": [29.33794970417112, 6.74355407088508, 0.6864922291334592], "k_pid_yaw": [0.5, 1e-06, 0.1], "k_pid_hsp": [0.07676466569094238, 0.0067686816719579, 0.0], "k_pid_vsp": [179.80060988659605, 245.94703027380365, 1.2501209163102123]}, "datetime": {"datetime": "2025-08-20 19:30:01", "elapsed": 27456.35641503334, "delta": 16.01476216316223}, "costs": {"total_cost": 170.02610902802036, "time_cost": 73.688, "final_distance_cost": 1.8177224930811018, "oscillation_cost": 18.64364263624299, "completition_cost": 0.0, "overshoot_cost": 51.71110063000918, "power_cost": 12.308850744628907, "noise_cost": 11.856792524058182, "n_waypoints_completed": 9, "tot_waypoints": 9}}
{"target": -169.27560225755718, "params": {"k_pid_pos": [0.51503484832556, 0.005074113749053083, 0.00945918468774525], "k_pid_alt": [1.3093849265024262, 0.00013705586171514238, 0.0019642374583924795], "k_pid_att": [30.624741603445973, 8.289049678828043, 0.4938300166273614], "k_pid_yaw": [0.5, 1e-06, 0.1], "k_pid_hsp": [0.0936462271553851, 0.005307572590719866, 0.0], "k_pid_vsp": [202.4625577742091, 142.68042627029396, 0.9443110957190463]}, "datetime": {"datetime": "2025-08-20 19:30:18", "elapsed": 27473.090605020523, "delta": 16.734189987182617}, "costs": {"total_cost": 169.27560225755718, "time_cost": 72.648, "final_distance_cost": 1.8227150533184624, "oscillation_cost": 19.931730076952228, "completition_cost": 0.0, "overshoot_cost": 50.959653618521706, "power_cost": 12.297418273925782, "noise_cost": 11.616085234839005, "n_waypoints_completed": 9, "tot_waypoints": 9}}
{"target": -169.64473369119003, "params": {"k_pid_pos": [0.44783726154202935, 0.004580522052944675, 0.011490996803760464], "k_pid_alt": [1.8837371461370456, 0.0001437922159266185, 0.0023697475822535095], "k_pid_att": [26.787959847783117, 8.326961886605728, 0.6322863560625753], "k_pid_yaw": [0.5, 1e-06, 0.1], "k_pid_hsp": [0.08427349687785153, 0.007095987804016172, 0.0], "k_pid_vsp": [202.05236950594622, 177.33866719981424, 0.9102907084683545]}, "datetime": {"datetime": "2025-08-20 19:30:34", "elapsed": 27489.166774749756, "delta": 16.076169729232788}, "costs": {"total_cost": 169.64473369119003, "time_cost": 73.824, "final_distance_cost": 1.82834477821294, "oscillation_cost": 18.124518532683194, "completition_cost": 0.0, "overshoot_cost": 51.682011320511904, "power_cost": 12.349970703125, "noise_cost": 11.835888356656987, "n_waypoints_completed": 9, "tot_waypoints": 9}}
{"target": -173.86825450559897, "params": {"k_pid_pos": [0.5554149436542258, 0.0018026552524568775, 0.006268367548434018], "k_pid_alt": [2.0, 0.00012426280508070562, 0.0023670534865592317], "k_pid_att": [24.067603203179647, 5.6584232081040895, 0.5991273276523629], "k_pid_yaw": [0.5, 1e-06, 0.1], "k_pid_hsp": [0.06563834726528973, 0.004602261999469586, 0.0], "k_pid_vsp": [274.2673325641399, 231.11420563925685, 1.09395080819019]}, "datetime": {"datetime": "2025-08-20 19:30:52", "elapsed": 27506.512437343597, "delta": 17.345662593841553}, "costs": {"total_cost": 173.86825450559897, "time_cost": 75.608, "final_distance_cost": 1.7977643810614294, "oscillation_cost": 18.484243239644844, "completition_cost": 0.0, "overshoot_cost": 53.08803397134358, "power_cost": 12.754085949707031, "noise_cost": 12.136126963842084, "n_waypoints_completed": 9, "tot_waypoints": 9}}
{"target": -173.12095973839274, "params": {"k_pid_pos": [0.5333301785900292, 0.004341203239912627, 0.00850972034964426], "k_pid_alt": [2.0, 0.00012777963392830862, 0.0014722256294746805], "k_pid_att": [27.18062161587913, 5.956587889860889, 0.5643916701939437], "k_pid_yaw": [0.5, 1e-06, 0.1], "k_pid_hsp": [0.067492498850382, 0.007238283782535118, 0.0], "k_pid_vsp": [200.79607136501417, 256.48209871446676, 0.900753945870956]}, "datetime": {"datetime": "2025-08-20 19:31:10", "elapsed": 27524.696212768555, "delta": 18.183775424957275}, "costs": {"total_cost": 173.12095973839274, "time_cost": 75.12, "final_distance_cost": 1.78566795102049, "oscillation_cost": 18.77286644556639, "completition_cost": 0.0, "overshoot_cost": 52.31139471898996, "power_cost": 13.012966528320312, "noise_cost": 12.118064094495603, "n_waypoints_completed": 9, "tot_waypoints": 9}}
{"target": -169.73607429975098, "params": {"k_pid_pos": [0.4968725087260302, 0.004363645992765622, 0.00957772691605579], "k_pid_alt": [2.0, 0.00012796858125781817, 0.0016843212050459174], "k_pid_att": [45.189600453351375, 8.010095604621478, 0.6448538632004396], "k_pid_yaw": [0.5, 1e-06, 0.1], "k_pid_hsp": [0.08623261674990912, 0.007933815996084018, 0.0], "k_pid_vsp": [168.48860828544983, 185.1678882911558, 1.0906987057064248]}, "datetime": {"datetime": "2025-08-20 19:31:26", "elapsed": 27540.593081712723, "delta": 15.89686894416809}, "costs": {"total_cost": 169.73607429975098, "time_cost": 72.936, "final_distance_cost": 1.8218571068927107, "oscillation_cost": 19.52421821220044, "completition_cost": 0.0, "overshoot_cost": 51.505068692156755, "power_cost": 12.241785473632813, "noise_cost": 11.707144814868297, "n_waypoints_completed": 9, "tot_waypoints": 9}}
{"target": -173.23394558925793, "params": {"k_pid_pos": [0.6565602712467626, 0.004420470069819792, 0.008529430997110008], "k_pid_alt": [1.7917008683533913, 0.00013869623068232361, 0.0017773700854063236], "k_pid_att": [27.281520716238106, 5.852432263059916, 0.6666318446790197], "k_pid_yaw": [0.5, 1e-06, 0.1], "k_pid_hsp": [0.06718617008691109, 0.006032194148847088, 0.0], "k_pid_vsp": [267.0754695738908, 272.75816951522, 1.0724298407068356]}, "datetime": {"datetime": "2025-08-20 19:31:44", "elapsed": 27558.857008457184, "delta": 18.26392674446106}, "costs": {"total_cost": 173.23394558925793, "time_cost": 74.256, "final_distance_cost": 1.7689046628768745, "oscillation_cost": 20.946623438162568, "completition_cost": 0.0, "overshoot_cost": 52.242967426862215, "power_cost": 12.306977905273438, "noise_cost": 11.712472156082828, "n_waypoints_completed": 9, "tot_waypoints": 9}}
{"target": -169.87568399360106, "params": {"k_pid_pos": [0.5069457292824268, 0.00540435272668835, 0.00881448965097605], "k_pid_alt": [1.8085644039039241, 0.00012244148650507826, 0.00241846363733648], "k_pid_att": [24.0591107457311, 6.111216397925356, 0.7628099757850872], "k_pid_yaw": [0.5, 1e-06, 0.1], "k_pid_hsp": [0.11263488935371269, 0.004313790145769286, 0.0], "k_pid_vsp": [253.01618840061147, 229.0059326622959, 0.9760838541313966]}, "datetime": {"datetime": "2025-08-20 19:32:00", "elapsed": 27574.807706832886, "delta": 15.950698375701904}, "costs": {"total_cost": 169.87568399360106, "time_cost": 72.608, "final_distance_cost": 1.8302252752125385, "oscillation_cost": 20.5757159460348, "completition_cost": 0.0, "overshoot_cost": 50.85257013093594, "power_cost": 12.255585559082032, "noise_cost": 11.753587082335732, "n_waypoints_completed": 9, "tot_waypoints": 9}}
{"target": -169.72517999346974, "params": {"k_pid_pos": [0.7486121248539073, 0.004500157488274817, 0.011156930047193286], "k_pid_alt": [2.0, 0.00015083835247383168, 0.0021061651785003895], "k_pid_att": [34.90554021892634, 5.371724589664883, 0.8126558062355955], "k_pid_yaw": [0.5, 1e-06, 0.1], "k_pid_hsp": [0.10277055536185901, 0.005364826944024136, 0.0], "k_pid_vsp": [186.56943048086706, 203.56108275067058, 0.917023040187888]}, "datetime": {"datetime": "2025-08-20 19:32:16", "elapsed": 27590.68625330925, "delta": 15.878546476364136}, "costs": {"total_cost": 169.72517999346974, "time_cost": 70.432, "final_distance_cost": 1.8145696226025227, "oscillation_cost": 24.275484339054707, "completition_cost": 0.0, "overshoot_cost": 50.389730708199934, "power_cost": 11.680268676757812, "noise_cost": 11.133126646854748, "n_waypoints_completed": 9, "tot_waypoints": 9}}
{"target": -169.66388708304746, "params": {"k_pid_pos": [0.6310069542017848, 0.0043530132069724, 0.009427854597500335], "k_pid_alt": [1.4593909057831895, 0.00011634891661711072, 0.0024359283115624086], "k_pid_att": [33.19223520108394, 5.560771622672653, 0.6970700207393001], "k_pid_yaw": [0.5, 1e-06, 0.1], "k_pid_hsp": [0.09456890127731014, 0.005820837072525156, 0.0], "k_pid_vsp": [293.4461031045957, 193.94941021484973, 0.41254312956997724]}, "datetime": {"datetime": "2025-08-20 19:32:31", "elapsed": 27606.11874985695, "delta": 15.432496547698975}, "costs": {"total_cost": 169.66388708304746, "time_cost": 71.264, "final_distance_cost": 1.7984814633086503, "oscillation_cost": 22.215296117725508, "completition_cost": 0.0, "overshoot_cost": 50.7814020449656, "power_cost": 12.22540625, "noise_cost": 11.379301207047709, "n_waypoints_completed": 9, "tot_waypoints": 9}}
{"target": -169.8026165429581, "params": {"k_pid_pos": [0.7163937021186194, 0.004101440722654279, 0.009040012249984998], "k_pid_alt": [1.864595048591121, 0.00011756048994093466, 0.0017971115835380025], "k_pid_att": [25.72727464905353, 5.227856982298851, 0.5295842803255874], "k_pid_yaw": [0.5, 1e-06, 0.1], "k_pid_hsp": [0.10105423920972269, 0.006070973689399018, 0.0], "k_pid_vsp": [243.17751615190093, 187.263000658044, 0.8289787332271575]}, "datetime": {"datetime": "2025-08-20 19:32:49", "elapsed": 27623.63190126419, "delta": 17.51315140724182}, "costs": {"total_cost": 169.8026165429581, "time_cost": 70.52, "final_distance_cost": 1.8093087816475506, "oscillation_cost": 24.078841083877347, "completition_cost": 0.0, "overshoot_cost": 50.41078740353833, "power_cost": 11.840788427734376, "noise_cost": 11.142890846160514, "n_waypoints_completed": 9, "tot_waypoints": 9}}
{"target": -169.1216057154514, "params": {"k_pid_pos": [0.5216848079274432, 0.002380044415342435, 0.010595367553008354], "k_pid_alt": [2.0, 0.00015300260155730168, 0.0016406199080515103], "k_pid_att": [25.607735958633015, 6.299258914764448, 1.0], "k_pid_yaw": [0.5, 1e-06, 0.1], "k_pid_hsp": [0.10532511265570778, 0.006709048507553849, 0.0], "k_pid_vsp": [165.21602399050607, 199.31279930011308, 0.7152352349755636]}, "datetime": {"datetime": "2025-08-20 19:33:05", "elapsed": 27640.21621465683, "delta": 16.58431339263916}, "costs": {"total_cost": 169.1216057154514, "time_cost": 72.232, "final_distance_cost": 1.84152741194291, "oscillation_cost": 20.558408635392613, "completition_cost": 0.0, "overshoot_cost": 50.87930426774756, "power_cost": 12.1641541015625, "noise_cost": 11.446211298805848, "n_waypoints_completed": 9, "tot_waypoints": 9}}
{"target": -169.83226300444363, "params": {"k_pid_pos": [0.4976895923457616, 0.004670597217225677, 0.010777630319519678], "k_pid_alt": [2.0, 0.00013553647036408659, 0.002413858704202186], "k_pid_att": [42.773937560509275, 5.981894220342421, 0.7897204843754532], "k_pid_yaw": [0.5, 1e-06, 0.1], "k_pid_hsp": [0.0833076194036662, 0.009506649260047394, 0.0], "k_pid_vsp": [253.2583236185222, 248.72261884398452, 0.6841958103022802]}, "datetime": {"datetime": "2025-08-20 19:33:24", "elapsed": 27658.694145441055, "delta": 18.477930784225464}, "costs": {"total_cost": 169.83226300444363, "time_cost": 73.04, "final_distance_cost": 1.8277138112761186, "oscillation_cost": 19.55939975253446, "completition_cost": 0.0, "overshoot_cost": 51.069157739709446, "power_cost": 12.567580578613281, "noise_cost": 11.76841112231033, "n_waypoints_completed": 9, "tot_waypoints": 9}}
{"target": -172.1843247838795, "params": {"k_pid_pos": [0.4486392795824048, 0.0042077381644885885, 0.007963017676151337], "k_pid_alt": [2.0, 0.00016749333332635765, 0.0024998689446904124], "k_pid_att": [36.25528014254269, 6.8844136163395175, 0.9498146986776872], "k_pid_yaw": [0.5, 1e-06, 0.1], "k_pid_hsp": [0.11269503503205643, 0.009007308495158546, 0.0], "k_pid_vsp": [221.98731348293794, 192.60121105103374, 1.1460871712924894]}, "datetime": {"datetime": "2025-08-20 19:33:40", "elapsed": 27674.7703769207, "delta": 16.076231479644775}, "costs": {"total_cost": 172.1843247838795, "time_cost": 74.264, "final_distance_cost": 1.8492337030840678, "oscillation_cost": 20.35634295378789, "completition_cost": 0.0, "overshoot_cost": 50.76080160989883, "power_cost": 12.667515686035157, "noise_cost": 12.286430831073577, "n_waypoints_completed": 9, "tot_waypoints": 9}}
{"target": -174.90708939193232, "params": {"k_pid_pos": [0.6028935084190064, 0.0026386176504622897, 0.007118147234589687], "k_pid_alt": [1.935450521440437, 0.00011213065433752226, 0.00156968676884677], "k_pid_att": [34.166255398239464, 6.3574827572957995, 0.5599066656663346], "k_pid_yaw": [0.5, 1e-06, 0.1], "k_pid_hsp": [0.06060471063269383, 0.0065629455813918285, 0.0], "k_pid_vsp": [171.17837735949033, 229.9551767968516, 0.8132768618718643]}, "datetime": {"datetime": "2025-08-20 19:33:58", "elapsed": 27692.555006742477, "delta": 17.784629821777344}, "costs": {"total_cost": 174.90708939193232, "time_cost": 75.824, "final_distance_cost": 1.7577449163096361, "oscillation_cost": 19.375458947226058, "completition_cost": 0.0, "overshoot_cost": 52.4190070400087, "power_cost": 13.271626086425782, "noise_cost": 12.259252401962161, "n_waypoints_completed": 9, "tot_waypoints": 9}}
{"target": -169.8697651380817, "params": {"k_pid_pos": [0.468474065124806, 0.004700501105980709, 0.009453271608774646], "k_pid_alt": [1.9511346911356044, 0.00014606234478198015, 0.0012333414978325105], "k_pid_att": [27.404050179267568, 8.148208329003884, 1.0], "k_pid_yaw": [0.5, 1e-06, 0.1], "k_pid_hsp": [0.10008777659284795, 0.00420653187460446, 0.0], "k_pid_vsp": [159.52144152187276, 203.6028043033391, 0.8310918757162238]}, "datetime": {"datetime": "2025-08-20 19:34:14", "elapsed": 27709.33588552475, "delta": 16.78087878227234}, "costs": {"total_cost": 169.8697651380817, "time_cost": 73.416, "final_distance_cost": 1.83099824692736, "oscillation_cost": 19.472633449624254, "completition_cost": 0.0, "overshoot_cost": 50.988833423479484, "power_cost": 12.299759716796876, "noise_cost": 11.861540301253745, "n_waypoints_completed": 9, "tot_waypoints": 9}}
{"target": -169.64859360314304, "params": {"k_pid_pos": [0.5247505909966012, 0.0036843489535953768, 0.008489680991559811], "k_pid_alt": [1.5237077234266074, 0.00011718792888590454, 0.0014215916558536438], "k_pid_att": [33.97331911571376, 8.110314783690589, 0.6093648957282034], "k_pid_yaw": [0.5, 1e-06, 0.1], "k_pid_hsp": [0.10280337107710846, 0.00499698521002852, 0.0], "k_pid_vsp": [285.3399946813513, 290.6959272681477, 0.967858976033981]}, "datetime": {"datetime": "2025-08-20 19:34:30", "elapsed": 27725.406104564667, "delta": 16.070219039916992}, "costs": {"total_cost": 169.64859360314304, "time_cost": 72.208, "final_distance_cost": 1.827738364748441, "oscillation_cost": 20.737662518684363, "completition_cost": 0.0, "overshoot_cost": 50.744035433905545, "power_cost": 12.515418664550781, "noise_cost": 11.615738621253909, "n_waypoints_completed": 9, "tot_waypoints": 9}}
{"target": -171.53524049760173, "params": {"k_pid_pos": [0.8373681229005193, 0.004225052443773947, 0.009338853875122746], "k_pid_alt": [2.0, 0.00017569281370830307, 0.001400435496043295], "k_pid_att": [20.72237120001149, 5.832120495686612, 0.6495750306557634], "k_pid_yaw": [0.5, 1e-06, 0.1], "k_pid_hsp": [0.09233312899557673, 0.00642308878248955, 0.0], "k_pid_vsp": [176.91541629992903, 244.4914940018372, 0.834421814992138]}, "datetime": {"datetime": "2025-08-20 19:34:48", "elapsed": 27742.679194927216, "delta": 17.273090362548828}, "costs": {"total_cost": 171.53524049760173, "time_cost": 70.57600000000001, "final_distance_cost": 1.801301483936515, "oscillation_cost": 25.48549047049213, "completition_cost": 0.0, "overshoot_cost": 50.7035524414584, "power_cost": 11.858145532226564, "noise_cost": 11.110750569488145, "n_waypoints_completed": 9, "tot_waypoints": 9}}
{"target": -170.0574106393745, "params": {"k_pid_pos": [0.5929652656454675, 0.004743306854476756, 0.010190645860164283], "k_pid_alt": [2.0, 9.923919356525768e-05, 0.001548597795485309], "k_pid_att": [24.926828359356666, 5.8651750352975185, 0.6563550768345622], "k_pid_yaw": [0.5, 1e-06, 0.1], "k_pid_hsp": [0.12209268184261336, 0.0071024600749271674, 0.0], "k_pid_vsp": [197.0457474863779, 175.91769692179113, 0.8162758182066598]}, "datetime": {"datetime": "2025-08-20 19:35:03", "elapsed": 27758.005368232727, "delta": 15.326173305511475}, "costs": {"total_cost": 170.0574106393745, "time_cost": 71.2, "final_distance_cost": 1.8314590917639118, "oscillation_cost": 23.233120619080648, "completition_cost": 0.0, "overshoot_cost": 50.1426201065265, "power_cost": 12.171297485351563, "noise_cost": 11.478913336651857, "n_waypoints_completed": 9, "tot_waypoints": 9}}
{"target": -170.06746239271683, "params": {"k_pid_pos": [0.6242654257493001, 0.0038013774830637083, 0.010350970645342569], "k_pid_alt": [1.4671892815160847, 0.0001230186232820784, 0.001325431030043893], "k_pid_att": [30.98789533889659, 6.413622608174118, 0.770363343694687], "k_pid_yaw": [0.5, 1e-06, 0.1], "k_pid_hsp": [0.09575770876866263, 0.0047724298979841375, 0.0], "k_pid_vsp": [229.59864850544784, 204.08844686462763, 0.9236935923225138]}, "datetime": {"datetime": "2025-08-20 19:35:19", "elapsed": 27774.333676099777, "delta": 16.32830786705017}, "costs": {"total_cost": 170.06746239271683, "time_cost": 71.256, "final_distance_cost": 1.8025980271369513, "oscillation_cost": 21.882123624869973, "completition_cost": 0.0, "overshoot_cost": 51.275039330293964, "power_cost": 12.426608666992188, "noise_cost": 11.425092743423756, "n_waypoints_completed": 9, "tot_waypoints": 9}}
{"target": -170.3253659554785, "params": {"k_pid_pos": [0.4979506642105889, 0.005541740962132692, 0.006203615685501485], "k_pid_alt": [2.0, 0.00013232152389632722, 0.001884579856004517], "k_pid_att": [26.838400644503256, 5.19630936478858, 0.6730910552738923], "k_pid_yaw": [0.5, 1e-06, 0.1], "k_pid_hsp": [0.10160030140478915, 0.004332542676670743, 0.0], "k_pid_vsp": [129.20680297614595, 147.97496572367336, 1.2417817153489494]}, "datetime": {"datetime": "2025-08-20 19:35:37", "elapsed": 27791.793860912323, "delta": 17.460184812545776}, "costs": {"total_cost": 170.3253659554785, "time_cost": 72.784, "final_distance_cost": 1.8364731026666588, "oscillation_cost": 20.040523899917762, "completition_cost": 0.0, "overshoot_cost": 51.174157229384335, "power_cost": 12.603361596679688, "noise_cost": 11.886850126830026, "n_waypoints_completed": 9, "tot_waypoints": 9}}
{"target": -170.2966434213103, "params": {"k_pid_pos": [0.40542759334904405, 0.0043555055363113, 0.006501132423027953], "k_pid_alt": [1.1834046615241696, 0.00011019203419434669, 0.0017018834259634674], "k_pid_att": [34.183174286993115, 7.9029561271468305, 0.5416807522416082], "k_pid_yaw": [0.5, 1e-06, 0.1], "k_pid_hsp": [0.07644068937717499, 0.007146165915231807, 0.0], "k_pid_vsp": [193.99782883784022, 191.01951971975527, 0.7591280304161089]}, "datetime": {"datetime": "2025-08-20 19:35:54", "elapsed": 27808.627384662628, "delta": 16.833523750305176}, "costs": {"total_cost": 170.2966434213103, "time_cost": 75.70400000000001, "final_distance_cost": 1.8419748835710605, "oscillation_cost": 16.737882080435483, "completition_cost": 0.0, "overshoot_cost": 51.34125267038627, "power_cost": 12.475098046875, "noise_cost": 12.19643574004251, "n_waypoints_completed": 9, "tot_waypoints": 9}}
{"target": -169.68945813060313, "params": {"k_pid_pos": [0.5442812476945375, 0.0030478022845847083, 0.011409769330383783], "k_pid_alt": [2.0, 0.00011114591102336523, 0.0018884941369054175], "k_pid_att": [19.141094067135178, 8.024197482314209, 0.7274494753736761], "k_pid_yaw": [0.5, 1e-06, 0.1], "k_pid_hsp": [0.11846049827986145, 0.006750254013424109, 0.0], "k_pid_vsp": [186.9121248466156, 179.94812341496137, 0.8314274780017844]}, "datetime": {"datetime": "2025-08-20 19:36:11", "elapsed": 27826.3678483963, "delta": 17.740463733673096}, "costs": {"total_cost": 169.68945813060313, "time_cost": 71.88, "final_distance_cost": 1.8441982928752183, "oscillation_cost": 22.212340106603275, "completition_cost": 0.0, "overshoot_cost": 50.19585938186095, "power_cost": 12.020262463378907, "noise_cost": 11.536797885884777, "n_waypoints_completed": 9, "tot_waypoints": 9}}
{"target": -169.44305334662022, "params": {"k_pid_pos": [0.6119740070120836, 0.003385898287253016, 0.008741349103310404], "k_pid_alt": [2.0, 0.00010519157229596656, 0.0010435860887221954], "k_pid_att": [31.051562431066632, 4.889083525388724, 0.4723878829618254], "k_pid_yaw": [0.5, 1e-06, 0.1], "k_pid_hsp": [0.09641180070973228, 0.00516669277285821, 0.0], "k_pid_vsp": [68.12770672210308, 241.9039096405279, 0.9257118340936402]}, "datetime": {"datetime": "2025-08-20 19:36:27", "elapsed": 27841.7148065567, "delta": 15.34695816040039}, "costs": {"total_cost": 169.44305334662022, "time_cost": 71.44, "final_distance_cost": 1.8199990012494438, "oscillation_cost": 22.055386550248418, "completition_cost": 0.0, "overshoot_cost": 50.35505580659071, "power_cost": 12.391588525390626, "noise_cost": 11.381023463141021, "n_waypoints_completed": 9, "tot_waypoints": 9}}
