{"target": -220.83131052525562, "params": {"k_pid_pos": [2.0, 0.20795449932316024, 1.0], "k_pid_alt": [0.7161849439003616, 0.03313682115466846, 0.8118602311802517], "k_pid_att": [82.68332686465571, 3.333290956142937, 0.7191344580165194], "k_pid_yaw": [0.5, 1e-06, 0.1], "k_pid_hsp": [4.511253886929566, 0.3021381595480155, 0.0], "k_pid_vsp": [136.39027887623965, 173.36938699943858, 22.742171935265745]}, "datetime": {"datetime": "2025-08-20 12:51:22", "elapsed": 3537.177880525589, "delta": 18.204226970672607}, "costs": {"total_cost": 220.83131052525562, "time_cost": 83.504, "final_distance_cost": 1.8331612733054183, "oscillation_cost": 57.072811365099035, "completition_cost": 0.0, "overshoot_cost": 50.17977374865492, "power_cost": 15.581517382812502, "noise_cost": 12.66004675538373, "n_waypoints_completed": 9, "tot_waypoints": 9}}
{"target": -772.4835107475354, "params": {"k_pid_pos": [2.0, 0.31570064731326153, 1.0], "k_pid_alt": [2.0, 0.02308810610858372, 0.49467733288751087], "k_pid_att": [43.559842997420425, 1.6788601015931797, 1.0], "k_pid_yaw": [0.5, 1e-06, 0.1], "k_pid_hsp": [0.025868031965001537, 0.15266733453489545, 0.0], "k_pid_vsp": [59.14757720180861, 400.0, 19.82944492264558]}, "datetime": {"datetime": "2025-08-20 12:51:44", "elapsed": 3558.632546901703, "delta": 21.45466637611389}, "costs": {"total_cost": 772.4835107475354, "time_cost": 150, "final_distance_cost": 71.7116356866904, "oscillation_cost": 114.40014286155875, "completition_cost": 333.33333333333337, "overshoot_cost": 60.70254542594586, "power_cost": 24.70206787109375, "noise_cost": 17.63378556891339, "n_waypoints_completed": 6, "tot_waypoints": 9}}
{"target": -608.1997648662198, "params": {"k_pid_pos": [0.6411233422931615, 0.25388700495092503, 0.29970369374524464], "k_pid_alt": [2.0, 0.30616269105029353, 0.5311309477132496], "k_pid_att": [97.5863858430311, 2.3611661067900456, 0.705939657038004], "k_pid_yaw": [0.5, 1e-06, 0.1], "k_pid_hsp": [7.9718644926355635, 0.30674594830346863, 0.0], "k_pid_vsp": [0.0, 280.3572590072966, 36.703784556803626]}, "datetime": {"datetime": "2025-08-20 12:52:06", "elapsed": 3580.5321927070618, "delta": 21.899645805358887}, "costs": {"total_cost": 608.1997648662198, "time_cost": 150, "final_distance_cost": 66.02142359131149, "oscillation_cost": 90.26254539555474, "completition_cost": 222.2222222222222, "overshoot_cost": 45.58221948002496, "power_cost": 19.757443212890625, "noise_cost": 14.353910964215782, "n_waypoints_completed": 7, "tot_waypoints": 9}}
{"target": -218.3356714800098, "params": {"k_pid_pos": [2.0, 0.36289701525383694, 0.5233276935953427], "k_pid_alt": [1.1417525438321032, 0.0, 0.599883617312518], "k_pid_att": [76.08417227795645, 2.9393391733313483, 0.47635049415453085], "k_pid_yaw": [0.5, 1e-06, 0.1], "k_pid_hsp": [4.827366413367105, 0.06829467581075739, 0.0], "k_pid_vsp": [83.77119268174262, 134.4117046232035, 75.7859097148081]}, "datetime": {"datetime": "2025-08-20 12:52:22", "elapsed": 3596.75758600235, "delta": 16.225393295288086}, "costs": {"total_cost": 218.3356714800098, "time_cost": 75.944, "final_distance_cost": 1.85833617929959, "oscillation_cost": 56.971943339837175, "completition_cost": 0.0, "overshoot_cost": 51.3114562343813, "power_cost": 17.97079619140625, "noise_cost": 14.279139535085495, "n_waypoints_completed": 9, "tot_waypoints": 9}}
{"target": -1172.3976134292432, "params": {"k_pid_pos": [0.501059435152336, 0.13625115492950376, 0.34760671482947775], "k_pid_alt": [1.4343250053616072, 0.006746062327813897, 0.0], "k_pid_att": [68.09005062086474, 3.2342595218428642, 0.7223793332660072], "k_pid_yaw": [0.5, 1e-06, 0.1], "k_pid_hsp": [0.0001, 0.0, 0.0], "k_pid_vsp": [197.2866865661525, 284.2869160732608, 1e-06]}, "datetime": {"datetime": "2025-08-20 12:52:44", "elapsed": 3619.0560739040375, "delta": 22.298487901687622}, "costs": {"total_cost": 1172.3976134292432, "time_cost": 150, "final_distance_cost": 45.564165200723345, "oscillation_cost": 0.01015560765890616, "completition_cost": 888.8888888888888, "overshoot_cost": 62.17586205831306, "power_cost": 12.814007824707032, "noise_cost": 12.944533848952199, "n_waypoints_completed": 1, "tot_waypoints": 9}}
{"target": -199.28567342690178, "params": {"k_pid_pos": [1.0875827837530825, 0.26630438108570004, 0.7454479945885925], "k_pid_alt": [2.0, 0.0, 0.38897248141067226], "k_pid_att": [57.411112896289744, 5.519992949832378, 0.6499644914709859], "k_pid_yaw": [0.5, 1e-06, 0.1], "k_pid_hsp": [0.5113917808953788, 0.18873091767042485, 0.0], "k_pid_vsp": [223.27504673819934, 336.66118548118754, 3.37884388714248]}, "datetime": {"datetime": "2025-08-20 12:53:03", "elapsed": 3637.6750707626343, "delta": 18.6189968585968}, "costs": {"total_cost": 199.28567342690178, "time_cost": 83.816, "final_distance_cost": 1.8321621908347705, "oscillation_cost": 34.960957036368804, "completition_cost": 0.0, "overshoot_cost": 50.22864880523394, "power_cost": 14.665262438964845, "noise_cost": 13.782642955499439, "n_waypoints_completed": 9, "tot_waypoints": 9}}
{"target": -247.49059614697353, "params": {"k_pid_pos": [1.1687253700683746, 0.26546044009884545, 0.7192476526351274], "k_pid_alt": [1.3010762878050561, 0.0, 0.0], "k_pid_att": [34.28091877602026, 3.1377874016504035, 0.7305954478901194], "k_pid_yaw": [0.5, 1e-06, 0.1], "k_pid_hsp": [0.6607637026592194, 0.14305185580258872, 0.0], "k_pid_vsp": [0.0, 400.0, 3.0729198503474087]}, "datetime": {"datetime": "2025-08-20 12:53:23", "elapsed": 3658.319927215576, "delta": 20.644856452941895}, "costs": {"total_cost": 247.49059614697353, "time_cost": 95.544, "final_distance_cost": 1.8035626888536795, "oscillation_cost": 61.18743410937901, "completition_cost": 0.0, "overshoot_cost": 56.88643481839347, "power_cost": 18.95509587402344, "noise_cost": 13.114068656323942, "n_waypoints_completed": 9, "tot_waypoints": 9}}
{"target": -190.4422562302762, "params": {"k_pid_pos": [0.8379773975017555, 0.21001961291614005, 0.49843463966758206], "k_pid_alt": [1.596365802081247, 0.011700999590669949, 0.24557848657464862], "k_pid_att": [63.07923267507797, 3.456922308905785, 0.08870401199728828], "k_pid_yaw": [0.5, 1e-06, 0.1], "k_pid_hsp": [1.9429402124702557, 0.14524353526629943, 0.0], "k_pid_vsp": [273.20189259879544, 265.8187423243173, 27.796650730157335]}, "datetime": {"datetime": "2025-08-20 12:53:40", "elapsed": 3674.949357509613, "delta": 16.629430294036865}, "costs": {"total_cost": 190.4422562302762, "time_cost": 77.504, "final_distance_cost": 1.8307080479588322, "oscillation_cost": 40.11185099836405, "completition_cost": 0.0, "overshoot_cost": 51.03837863885531, "power_cost": 9.90798338623047, "noise_cost": 10.049335158867516, "n_waypoints_completed": 9, "tot_waypoints": 9}}
{"target": -188.69255780432272, "params": {"k_pid_pos": [1.6747058762766507, 0.19168706740716815, 0.5527000716140676], "k_pid_alt": [1.6247993161754646, 0.001918905565731732, 0.5603190638116792], "k_pid_att": [38.146076078440814, 1.3942089516320924, 1.0], "k_pid_yaw": [0.5, 1e-06, 0.1], "k_pid_hsp": [2.0299317008767708, 0.019198600375171054, 0.0], "k_pid_vsp": [371.8895698913637, 400.0, 27.52941293924384]}, "datetime": {"datetime": "2025-08-20 12:53:55", "elapsed": 3689.9973559379578, "delta": 15.047998428344727}, "costs": {"total_cost": 188.69255780432272, "time_cost": 69.68, "final_distance_cost": 1.7856954934983722, "oscillation_cost": 37.81663244220102, "completition_cost": 0.0, "overshoot_cost": 49.937790765716535, "power_cost": 16.793149426269533, "noise_cost": 12.679289676637273, "n_waypoints_completed": 9, "tot_waypoints": 9}}
{"target": -195.68234199859464, "params": {"k_pid_pos": [1.085598143497035, 0.26983241559541726, 0.5814502777950326], "k_pid_alt": [1.6825533405181543, 0.014759752763696225, 0.033050616683010646], "k_pid_att": [72.2677374631939, 3.519763830125793, 0.3945904842291739], "k_pid_yaw": [0.5, 1e-06, 0.1], "k_pid_hsp": [1.6527947071015785, 0.05263349671424563, 0.0], "k_pid_vsp": [369.8772038074419, 185.54870901800243, 36.98168985711558]}, "datetime": {"datetime": "2025-08-20 12:54:11", "elapsed": 3705.882192134857, "delta": 15.884836196899414}, "costs": {"total_cost": 195.68234199859464, "time_cost": 73.128, "final_distance_cost": 1.8170071902519238, "oscillation_cost": 39.487105119841395, "completition_cost": 0.0, "overshoot_cost": 51.2741765055187, "power_cost": 16.364589379882812, "noise_cost": 13.611463803099802, "n_waypoints_completed": 9, "tot_waypoints": 9}}
{"target": -1363.3878729245953, "params": {"k_pid_pos": [0.8383341165486584, 0.35951843674862866, 0.456934889021535], "k_pid_alt": [0.0, 0.004044595182403341, 1.0], "k_pid_att": [97.30906294735614, 2.037546659991879, 0.0], "k_pid_yaw": [0.5, 1e-06, 0.1], "k_pid_hsp": [4.578240315910466, 0.34234983441539585, 0.0], "k_pid_vsp": [145.4619029591928, 400.0, 38.60581970430823]}, "datetime": {"datetime": "2025-08-20 12:54:32", "elapsed": 3727.3384625911713, "delta": 21.456270456314087}, "costs": {"total_cost": 1363.3878729245953, "time_cost": 150, "final_distance_cost": 9.703958330109742, "oscillation_cost": 58.45640265774886, "completition_cost": 1000.0, "overshoot_cost": 122.30006191436773, "power_cost": 6.642735778808594, "noise_cost": 16.28471424356025, "n_waypoints_completed": 0, "tot_waypoints": 9}}
{"target": -187.8192242141876, "params": {"k_pid_pos": [1.7802569489007778, 0.0, 0.8656770022533323], "k_pid_alt": [1.2124554696631697, 0.0, 0.7401127060957485], "k_pid_att": [57.201855904865546, 0.2807990626775165, 0.8061674221781225], "k_pid_yaw": [0.5, 1e-06, 0.1], "k_pid_hsp": [2.657555774332641, 0.17593868475246002, 0.0], "k_pid_vsp": [141.40770998393194, 325.79129216985604, 81.98993404314591]}, "datetime": {"datetime": "2025-08-20 12:54:48", "elapsed": 3742.859730243683, "delta": 15.521267652511597}, "costs": {"total_cost": 187.8192242141876, "time_cost": 71.176, "final_distance_cost": 1.8448817144396934, "oscillation_cost": 42.75077516769297, "completition_cost": 0.0, "overshoot_cost": 48.29897622331642, "power_cost": 12.960107189941407, "noise_cost": 10.788483918797116, "n_waypoints_completed": 9, "tot_waypoints": 9}}
{"target": -214.98743282534576, "params": {"k_pid_pos": [1.1619300428160253, 0.18910898243399954, 0.7096331271015345], "k_pid_alt": [0.46612857478508324, 0.018741918671194853, 0.5904876250867771], "k_pid_att": [56.122228941978, 2.239838530944274, 0.7307592806528325], "k_pid_yaw": [0.5, 1e-06, 0.1], "k_pid_hsp": [2.9557179348063247, 0.1902891322305523, 0.0], "k_pid_vsp": [147.0236384008837, 198.54530462343072, 1e-06]}, "datetime": {"datetime": "2025-08-20 12:55:09", "elapsed": 3763.84775185585, "delta": 20.98802161216736}, "costs": {"total_cost": 214.98743282534576, "time_cost": 95.06400000000001, "final_distance_cost": 1.8350526658522102, "oscillation_cost": 37.67521876537667, "completition_cost": 0.0, "overshoot_cost": 51.187476008074576, "power_cost": 15.145116918945313, "noise_cost": 14.080568467096947, "n_waypoints_completed": 9, "tot_waypoints": 9}}
{"target": -227.15618395333928, "params": {"k_pid_pos": [2.0, 0.5917326489011532, 0.2984808921545141], "k_pid_alt": [0.5019840819029583, 0.0020396356258919777, 0.0], "k_pid_att": [53.89847983058815, 3.08786710328457, 0.09486195203126742], "k_pid_yaw": [0.5, 1e-06, 0.1], "k_pid_hsp": [1.8582725726615805, 0.22828416900518958, 0.0], "k_pid_vsp": [150.05392578498177, 400.0, 86.65911588842592]}, "datetime": {"datetime": "2025-08-20 12:55:28", "elapsed": 3782.7215197086334, "delta": 18.873767852783203}, "costs": {"total_cost": 227.15618395333928, "time_cost": 87.36, "final_distance_cost": 1.8292739103815403, "oscillation_cost": 52.62280401105276, "completition_cost": 0.0, "overshoot_cost": 53.31215905587631, "power_cost": 17.56157761230469, "noise_cost": 14.470369363724, "n_waypoints_completed": 9, "tot_waypoints": 9}}
{"target": -192.3524604056783, "params": {"k_pid_pos": [1.425401134089342, 0.24704719488032637, 1.0], "k_pid_alt": [1.301929814838607, 0.004225779354522008, 0.5983904005628161], "k_pid_att": [17.56182578067639, 5.8322701728194035, 1.0], "k_pid_yaw": [0.5, 1e-06, 0.1], "k_pid_hsp": [1.4838827667295398, 0.2999272022371097, 0.0], "k_pid_vsp": [316.4197510392071, 293.12875573858247, 29.117786252196378]}, "datetime": {"datetime": "2025-08-20 12:55:44", "elapsed": 3799.0566165447235, "delta": 16.335096836090088}, "costs": {"total_cost": 192.3524604056783, "time_cost": 73.304, "final_distance_cost": 1.8205076793122972, "oscillation_cost": 37.075461035373124, "completition_cost": 0.0, "overshoot_cost": 49.60290196178704, "power_cost": 17.509521704101562, "noise_cost": 13.040068025104267, "n_waypoints_completed": 9, "tot_waypoints": 9}}
{"target": -182.52700022460022, "params": {"k_pid_pos": [1.32572100935113, 0.1528797682228001, 0.7012664080184304], "k_pid_alt": [2.0, 0.0, 0.6310663840422738], "k_pid_att": [70.44284504355578, 0.0001, 0.5936636576856371], "k_pid_yaw": [0.5, 1e-06, 0.1], "k_pid_hsp": [0.9915420440014451, 0.22549483169893636, 0.0], "k_pid_vsp": [294.7018035072767, 243.78828752090365, 12.023613591152966]}, "datetime": {"datetime": "2025-08-20 12:55:59", "elapsed": 3814.447690010071, "delta": 15.39107346534729}, "costs": {"total_cost": 182.52700022460022, "time_cost": 70.728, "final_distance_cost": 1.8280934711491974, "oscillation_cost": 40.49704798755424, "completition_cost": 0.0, "overshoot_cost": 50.145365622223544, "power_cost": 9.783456274414062, "noise_cost": 9.545036869259174, "n_waypoints_completed": 9, "tot_waypoints": 9}}
{"target": -226.0986373693941, "params": {"k_pid_pos": [1.3237044325817136, 0.21663239904947337, 0.9758564579313388], "k_pid_alt": [0.5777933393536042, 0.000851660255206169, 0.5241681659942518], "k_pid_att": [74.10569902747693, 3.241673916639639, 0.7770755842862568], "k_pid_yaw": [0.5, 1e-06, 0.1], "k_pid_hsp": [4.245763845729697, 0.2208856490026415, 0.0], "k_pid_vsp": [260.40396517458316, 220.05524845371323, 90.119342738267]}, "datetime": {"datetime": "2025-08-20 12:56:19", "elapsed": 3834.040605068207, "delta": 19.592915058135986}, "costs": {"total_cost": 226.0986373693941, "time_cost": 89.60000000000001, "final_distance_cost": 1.8630355818129962, "oscillation_cost": 53.57355199207351, "completition_cost": 0.0, "overshoot_cost": 50.86547560846885, "power_cost": 16.778424279785156, "noise_cost": 13.418149907253607, "n_waypoints_completed": 9, "tot_waypoints": 9}}
{"target": -195.08260928891212, "params": {"k_pid_pos": [2.0, 0.11582833544852128, 0.7841415870864427], "k_pid_alt": [1.2551087988722387, 0.0008538857118785597, 0.5263413022083002], "k_pid_att": [56.704978135453985, 3.012471922915362, 0.8077872615197492], "k_pid_yaw": [0.5, 1e-06, 0.1], "k_pid_hsp": [4.0997554521155, 0.06766148883592511, 0.013461191890273694], "k_pid_vsp": [167.23011265144626, 400.0, 74.97633085924673]}, "datetime": {"datetime": "2025-08-20 12:56:34", "elapsed": 3848.883401632309, "delta": 14.842796564102173}, "costs": {"total_cost": 195.08260928891212, "time_cost": 69.304, "final_distance_cost": 1.8303138121592488, "oscillation_cost": 48.734344179237794, "completition_cost": 0.0, "overshoot_cost": 49.11443572648383, "power_cost": 14.727992639160156, "noise_cost": 11.371522931871079, "n_waypoints_completed": 9, "tot_waypoints": 9}}
{"target": -195.8740798248562, "params": {"k_pid_pos": [1.4743367611865237, 0.31772544723198065, 0.8518646713987268], "k_pid_alt": [1.451235782023297, 0.0006303691333108296, 0.6858578654400426], "k_pid_att": [24.85781079860865, 2.902652097288199, 1.0], "k_pid_yaw": [0.5, 1e-06, 0.1], "k_pid_hsp": [4.266863567269404, 0.15094956436216264, 0.0], "k_pid_vsp": [175.85942700594168, 253.29493272336717, 42.50194409331129]}, "datetime": {"datetime": "2025-08-20 12:56:49", "elapsed": 3864.062608718872, "delta": 15.17920708656311}, "costs": {"total_cost": 195.8740798248562, "time_cost": 72.008, "final_distance_cost": 1.8293394702629824, "oscillation_cost": 43.99350955958094, "completition_cost": 0.0, "overshoot_cost": 49.913497767531275, "power_cost": 15.626814099121095, "noise_cost": 12.502918928359906, "n_waypoints_completed": 9, "tot_waypoints": 9}}
{"target": -200.22004927691313, "params": {"k_pid_pos": [2.0, 0.18050753641826864, 0.4798722823320625], "k_pid_alt": [1.723505644436182, 0.0, 0.9488972785903044], "k_pid_att": [42.92466666255937, 2.905462220348556, 0.7435213284591337], "k_pid_yaw": [0.5, 1e-06, 0.1], "k_pid_hsp": [2.915633804918615, 0.018930976257817058, 0.0], "k_pid_vsp": [0.0, 400.0, 59.1511409112266]}, "datetime": {"datetime": "2025-08-20 12:57:06", "elapsed": 3880.532419204712, "delta": 16.469810485839844}, "costs": {"total_cost": 200.22004927691313, "time_cost": 72.152, "final_distance_cost": 1.801312875891345, "oscillation_cost": 49.88911512732253, "completition_cost": 0.0, "overshoot_cost": 50.809411267292354, "power_cost": 13.956317431640626, "noise_cost": 11.611892574766273, "n_waypoints_completed": 9, "tot_waypoints": 9}}
{"target": -209.12226957561217, "params": {"k_pid_pos": [2.0, 0.19157466589654026, 0.9874219558898205], "k_pid_alt": [1.084469755638391, 0.007594539056017934, 0.25471877354036515], "k_pid_att": [64.58311280088515, 3.7920147493003498, 0.7883614317729372], "k_pid_yaw": [0.5, 1e-06, 0.1], "k_pid_hsp": [0.46290945746339746, 0.4527270073283865, 0.0], "k_pid_vsp": [0.0, 369.7408736074188, 56.899247920537384]}, "datetime": {"datetime": "2025-08-20 12:57:21", "elapsed": 3896.4559321403503, "delta": 15.923512935638428}, "costs": {"total_cost": 209.12226957561217, "time_cost": 74.648, "final_distance_cost": 1.811399883946633, "oscillation_cost": 53.98486889168417, "completition_cost": 0.0, "overshoot_cost": 50.3889672410536, "power_cost": 15.760426599121095, "noise_cost": 12.528606959806677, "n_waypoints_completed": 9, "tot_waypoints": 9}}
{"target": -193.95018515437818, "params": {"k_pid_pos": [2.0, 0.28232991613713776, 0.630576228244777], "k_pid_alt": [1.473106592170133, 0.0024850206155943525, 0.9087477548007111], "k_pid_att": [64.87155507127893, 2.428828810493352, 0.4814303997846328], "k_pid_yaw": [0.5, 1e-06, 0.1], "k_pid_hsp": [1.1856958884792193, 0.20447059808531323, 0.0], "k_pid_vsp": [153.52511665406118, 400.0, 23.816794397798873]}, "datetime": {"datetime": "2025-08-20 12:57:37", "elapsed": 3911.8647134304047, "delta": 15.408781290054321}, "costs": {"total_cost": 193.95018515437818, "time_cost": 70.992, "final_distance_cost": 1.7863693082665766, "oscillation_cost": 42.17401468804173, "completition_cost": 0.0, "overshoot_cost": 49.18993509312588, "power_cost": 16.96847727050781, "noise_cost": 12.839388794436193, "n_waypoints_completed": 9, "tot_waypoints": 9}}
{"target": -195.2317937806605, "params": {"k_pid_pos": [2.0, 0.1382015664948916, 0.5570354335495378], "k_pid_alt": [1.6472027783045509, 5.6922772563703164e-05, 0.44938150281801464], "k_pid_att": [71.64278333287963, 0.9076550957099041, 0.8426353693893948], "k_pid_yaw": [0.5, 1e-06, 0.1], "k_pid_hsp": [3.191985005368938, 0.0, 0.0], "k_pid_vsp": [199.03807957953163, 165.33854910504155, 80.92886568553025]}, "datetime": {"datetime": "2025-08-20 12:57:51", "elapsed": 3926.5072383880615, "delta": 14.64252495765686}, "costs": {"total_cost": 195.2317937806605, "time_cost": 67.984, "final_distance_cost": 1.7908721904389802, "oscillation_cost": 44.506735428918965, "completition_cost": 0.0, "overshoot_cost": 50.39997460249241, "power_cost": 17.65496025390625, "noise_cost": 12.895251304903901, "n_waypoints_completed": 9, "tot_waypoints": 9}}
{"target": -3258.9654942186444, "params": {"k_pid_pos": [1.7499391738711665, 0.15951160445479498, 0.5432537803704633], "k_pid_alt": [1.497707409149245, 0.0007152887757184258, 0.638803509512857], "k_pid_att": [0.0, 3.4649950533355196, 0.9002367831853264], "k_pid_yaw": [0.5, 1e-06, 0.1], "k_pid_hsp": [2.6477010602229067, 0.0, 0.0], "k_pid_vsp": [346.2286681976439, 306.6340917122024, 48.116484546117334]}, "datetime": {"datetime": "2025-08-20 12:58:13", "elapsed": 3948.395847558975, "delta": 21.888609170913696}, "costs": {"total_cost": 3258.9654942186444, "time_cost": 150, "final_distance_cost": 206.42508637030357, "oscillation_cost": 1275.1685444426446, "completition_cost": 1000.0, "overshoot_cost": 498.9352247876661, "power_cost": 33.19102204589844, "noise_cost": 95.2456165721318, "n_waypoints_completed": 0, "tot_waypoints": 9}}
{"target": -406.6194325541554, "params": {"k_pid_pos": [2.0, 0.3020346625999883, 1.0], "k_pid_alt": [0.42683934146632846, 0.0009602126740427861, 0.5744054396440833], "k_pid_att": [22.60155329841128, 2.4348430336589453, 0.9749045845816596], "k_pid_yaw": [0.5, 1e-06, 0.1], "k_pid_hsp": [0.5121070397435711, 0.28337944667133735, 0.0], "k_pid_vsp": [283.67443668355395, 226.01806969218137, 32.07664975916276]}, "datetime": {"datetime": "2025-08-20 12:58:35", "elapsed": 3970.3548486232758, "delta": 21.959001064300537}, "costs": {"total_cost": 406.6194325541554, "time_cost": 150, "final_distance_cost": 2.8050549328364975, "oscillation_cost": 47.09718257190643, "completition_cost": 111.11111111111116, "overshoot_cost": 51.963970023975435, "power_cost": 25.493116015625002, "noise_cost": 18.14899789870094, "n_waypoints_completed": 8, "tot_waypoints": 9}}
{"target": -199.64082203104317, "params": {"k_pid_pos": [1.6802548423321042, 0.04721828585759299, 0.0787453227634954], "k_pid_alt": [1.497545001212474, 0.0, 1.0], "k_pid_att": [66.42101121109103, 1.6407400176941447, 0.25376578229228747], "k_pid_yaw": [0.5, 1e-06, 0.1], "k_pid_hsp": [3.418450774128074, 0.14447418052867925, 0.0], "k_pid_vsp": [158.69150453339537, 400.0, 14.578033666208697]}, "datetime": {"datetime": "2025-08-20 12:58:51", "elapsed": 3985.7429881095886, "delta": 15.388139486312866}, "costs": {"total_cost": 199.64082203104317, "time_cost": 70.752, "final_distance_cost": 1.8003106952121928, "oscillation_cost": 49.82152028318764, "completition_cost": 0.0, "overshoot_cost": 50.44009904884221, "power_cost": 15.154472216796876, "noise_cost": 11.67241978700427, "n_waypoints_completed": 9, "tot_waypoints": 9}}
