{"target": -205.6316526938634, "params": {"k_pid_pos": [1.6905088797257928, 0.1770854343911241, 0.0], "k_pid_alt": [1.3038917953779865, 0.009783710021355788, 0.48552896398691875], "k_pid_att": [31.881895410876737, 2.897218575143784, 0.4651115686935919], "k_pid_yaw": [0.5, 1e-06, 0.1], "k_pid_hsp": [6.823508727410055, 0.4847634249549529, 0.0], "k_pid_vsp": [99.80514606253978, 394.9292427536208, 41.3243245564718]}, "datetime": {"datetime": "2025-08-20 12:36:04", "elapsed": 2618.6235358715057, "delta": 15.431519746780396}, "costs": {"total_cost": 205.6316526938634, "time_cost": 70.08800000000001, "final_distance_cost": 1.7241123467853379, "oscillation_cost": 55.90904094265805, "completition_cost": 0.0, "overshoot_cost": 50.59875239588738, "power_cost": 15.470347265625001, "noise_cost": 11.841399742907617, "n_waypoints_completed": 9, "tot_waypoints": 9}}
{"target": -245.20088506606544, "params": {"k_pid_pos": [2.0, 0.16537473389052876, 0.7641134765878054], "k_pid_alt": [0.45441383356693027, 0.04722742809583627, 0.0], "k_pid_att": [54.58563554677543, 2.3213368132051126, 1.0], "k_pid_yaw": [0.5, 1e-06, 0.1], "k_pid_hsp": [6.757046979110197, 0.39600993317030503, 0.0], "k_pid_vsp": [171.24828263650093, 400.0, 1e-06]}, "datetime": {"datetime": "2025-08-20 12:36:23", "elapsed": 2637.655474424362, "delta": 19.031938552856445}, "costs": {"total_cost": 245.20088506606544, "time_cost": 87.88, "final_distance_cost": 1.7895461883078962, "oscillation_cost": 77.13718708623438, "completition_cost": 0.0, "overshoot_cost": 50.07230805072662, "power_cost": 14.82113182373047, "noise_cost": 13.500711917066099, "n_waypoints_completed": 9, "tot_waypoints": 9}}
{"target": -3052.420589638702, "params": {"k_pid_pos": [1.3671633327824033, 0.0, 0.5957154829172313], "k_pid_alt": [2.0, 0.031489774163311314, 0.961840900653346], "k_pid_att": [0.0, 3.0558955350222914, 0.6326926821083867], "k_pid_yaw": [0.5, 1e-06, 0.1], "k_pid_hsp": [4.773185196710629, 0.4788259516036728, 0.0], "k_pid_vsp": [167.98131010038477, 74.31677849931856, 71.06892294831214]}, "datetime": {"datetime": "2025-08-20 12:36:44", "elapsed": 2659.3427245616913, "delta": 21.6872501373291}, "costs": {"total_cost": 3052.420589638702, "time_cost": 150, "final_distance_cost": 206.04531310600223, "oscillation_cost": 1136.558519520348, "completition_cost": 1000.0, "overshoot_cost": 429.78233615888524, "power_cost": 33.67774760742188, "noise_cost": 96.35667324604479, "n_waypoints_completed": 0, "tot_waypoints": 9}}
{"target": -361.6010264931138, "params": {"k_pid_pos": [1.6290657798796524, 0.2823828974654046, 0.43179619654507956], "k_pid_alt": [1.5281639037477266, 0.26363148037692347, 0.40770178986751837], "k_pid_att": [33.16053603073596, 3.6214515183848177, 0.3870882155093904], "k_pid_yaw": [0.5, 1e-06, 0.1], "k_pid_hsp": [5.495987153250347, 0.22509991745042957, 0.23649144993160967], "k_pid_vsp": [59.510659771659085, 300.49454051395736, 8.066103155085942]}, "datetime": {"datetime": "2025-08-20 12:37:03", "elapsed": 2678.4071972370148, "delta": 19.064472675323486}, "costs": {"total_cost": 361.6010264931138, "time_cost": 83.48, "final_distance_cost": 1.7359634340331682, "oscillation_cost": 194.14568164406577, "completition_cost": 0.0, "overshoot_cost": 51.87142066382918, "power_cost": 16.652280310058593, "noise_cost": 13.7156804411271, "n_waypoints_completed": 9, "tot_waypoints": 9}}
{"target": -187.13817160733737, "params": {"k_pid_pos": [1.4293749885141656, 0.0, 0.17533640739322323], "k_pid_alt": [1.545681245151963, 0.0, 0.08631577258754114], "k_pid_att": [39.98644390599352, 1.549694495093328, 0.8875894777350529], "k_pid_yaw": [0.5, 1e-06, 0.1], "k_pid_hsp": [3.068992915515843, 0.4197333566055009, 0.0], "k_pid_vsp": [135.4267295018748, 235.72663603412454, 44.86119598358159]}, "datetime": {"datetime": "2025-08-20 12:37:18", "elapsed": 2693.116234064102, "delta": 14.709036827087402}, "costs": {"total_cost": 187.13817160733737, "time_cost": 68.06400000000001, "final_distance_cost": 1.8467013710003108, "oscillation_cost": 44.13851492213722, "completition_cost": 0.0, "overshoot_cost": 48.592295955794974, "power_cost": 13.547260229492188, "noise_cost": 10.949399128912667, "n_waypoints_completed": 9, "tot_waypoints": 9}}
{"target": -208.57027101306676, "params": {"k_pid_pos": [0.8735254881407809, 0.06705981324929837, 0.6229663621077545], "k_pid_alt": [1.7409697210056863, 0.11734195396380935, 0.29187642332729796], "k_pid_att": [29.178197972276347, 0.4585310101668291, 0.31887696754513767], "k_pid_yaw": [0.5, 1e-06, 0.1], "k_pid_hsp": [3.354671304037512, 0.6967578400433089, 0.0], "k_pid_vsp": [348.2082934964388, 145.35130119207233, 1.2170682855430688]}, "datetime": {"datetime": "2025-08-20 12:37:37", "elapsed": 2712.158819913864, "delta": 19.042585849761963}, "costs": {"total_cost": 208.57027101306676, "time_cost": 88.72800000000001, "final_distance_cost": 1.7984542839906024, "oscillation_cost": 38.958022521204555, "completition_cost": 0.0, "overshoot_cost": 51.655600801419226, "power_cost": 14.421434545898439, "noise_cost": 13.008758860553925, "n_waypoints_completed": 9, "tot_waypoints": 9}}
{"target": -1132.9372065236923, "params": {"k_pid_pos": [0.15804243878547788, 0.0, 0.9698126034402303], "k_pid_alt": [1.1273557022971297, 0.14336359318767986, 0.695908054888908], "k_pid_att": [69.09397258611033, 2.950225723847169, 0.13212607802909596], "k_pid_yaw": [0.5, 1e-06, 0.1], "k_pid_hsp": [3.33216328311792, 0.622136500716127, 0.0], "k_pid_vsp": [343.92599723568975, 210.7587683735142, 5.589152246140704]}, "datetime": {"datetime": "2025-08-20 12:37:59", "elapsed": 2734.131918668747, "delta": 21.973098754882812}, "costs": {"total_cost": 1132.9372065236923, "time_cost": 150, "final_distance_cost": 84.68211938550168, "oscillation_cost": 45.74894302089339, "completition_cost": 777.7777777777778, "overshoot_cost": 44.39988217403168, "power_cost": 16.10908474121094, "noise_cost": 14.219399424276828, "n_waypoints_completed": 2, "tot_waypoints": 9}}
{"target": -194.9522856708957, "params": {"k_pid_pos": [0.9734813023689268, 0.09511936031755756, 0.2502451128642837], "k_pid_alt": [1.2121041171351346, 0.0, 0.7938914576722352], "k_pid_att": [3.3050388910968707, 1.8369872200329642, 0.5961904298565782], "k_pid_yaw": [0.5, 1e-06, 0.1], "k_pid_hsp": [7.026293879143228, 0.299708454657626, 0.0], "k_pid_vsp": [142.90592555287392, 163.6408252657474, 25.098644306043838]}, "datetime": {"datetime": "2025-08-20 12:38:15", "elapsed": 2749.7184541225433, "delta": 15.586535453796387}, "costs": {"total_cost": 194.9522856708957, "time_cost": 72.888, "final_distance_cost": 1.8373765782777964, "oscillation_cost": 53.922096414444326, "completition_cost": 0.0, "overshoot_cost": 49.41042219627197, "power_cost": 8.6784703125, "noise_cost": 8.215920169401574, "n_waypoints_completed": 9, "tot_waypoints": 9}}
{"target": -212.5218348967389, "params": {"k_pid_pos": [0.6708976325337807, 0.3232298447784112, 0.5940646002220168], "k_pid_alt": [1.2606147947510984, 0.007908202797938402, 0.03145616930745097], "k_pid_att": [35.428013038846366, 1.8749147702550653, 0.5558709810694443], "k_pid_yaw": [0.5, 1e-06, 0.1], "k_pid_hsp": [3.9664949082061276, 0.33433325503194994, 0.01617161338749789], "k_pid_vsp": [395.96236973315484, 300.96364363428467, 66.16989458956084]}, "datetime": {"datetime": "2025-08-20 12:38:32", "elapsed": 2766.9150533676147, "delta": 17.19659924507141}, "costs": {"total_cost": 212.5218348967389, "time_cost": 80.04, "final_distance_cost": 1.8368606319912493, "oscillation_cost": 48.73071802168883, "completition_cost": 0.0, "overshoot_cost": 50.94065628257531, "power_cost": 16.946065112304687, "noise_cost": 14.027534848178819, "n_waypoints_completed": 9, "tot_waypoints": 9}}
{"target": -202.88300252413492, "params": {"k_pid_pos": [1.497992116763008, 0.24941407946783087, 0.48483009814474304], "k_pid_alt": [1.0301195892006698, 0.0, 0.7325139158859498], "k_pid_att": [51.605189465677306, 2.1239601923396374, 0.9858315486211309], "k_pid_yaw": [0.5, 1e-06, 0.1], "k_pid_hsp": [8.86769473840068, 0.5094276982993166, 0.0], "k_pid_vsp": [250.4716094304448, 400.0, 20.09346698092754]}, "datetime": {"datetime": "2025-08-20 12:38:48", "elapsed": 2782.6775407791138, "delta": 15.762487411499023}, "costs": {"total_cost": 202.88300252413492, "time_cost": 73.736, "final_distance_cost": 1.8140751936682216, "oscillation_cost": 50.76796549048896, "completition_cost": 0.0, "overshoot_cost": 49.23661547435021, "power_cost": 15.350775732421877, "noise_cost": 11.977570633205648, "n_waypoints_completed": 9, "tot_waypoints": 9}}
{"target": -190.52485645330574, "params": {"k_pid_pos": [2.0, 0.37410159019165823, 0.5634137728287981], "k_pid_alt": [2.0, 0.0, 0.4286382611305779], "k_pid_att": [30.752565668021763, 0.443645657812657, 1.0], "k_pid_yaw": [0.5, 1e-06, 0.1], "k_pid_hsp": [2.9922468959758617, 0.6695487792620077, 0.0], "k_pid_vsp": [103.43714600082598, 391.0229366382155, 2.7877993331493003]}, "datetime": {"datetime": "2025-08-20 12:39:04", "elapsed": 2798.512770175934, "delta": 15.835229396820068}, "costs": {"total_cost": 190.52485645330574, "time_cost": 72.06400000000001, "final_distance_cost": 1.7845355022129599, "oscillation_cost": 43.27093746906191, "completition_cost": 0.0, "overshoot_cost": 49.14569659845489, "power_cost": 12.819178601074219, "noise_cost": 11.440508282501755, "n_waypoints_completed": 9, "tot_waypoints": 9}}
{"target": -188.32014650612214, "params": {"k_pid_pos": [1.9790130523023761, 0.2137034511639532, 1.0], "k_pid_alt": [1.9065678572946811, 0.0, 0.7528184677242162], "k_pid_att": [3.801152370789937, 0.4819947248457365, 0.7122260749088669], "k_pid_yaw": [0.5, 1e-06, 0.1], "k_pid_hsp": [1.0181831199667741, 0.2979551352297832, 0.0], "k_pid_vsp": [63.62061492015547, 393.054507854444, 44.78233178805016]}, "datetime": {"datetime": "2025-08-20 12:39:18", "elapsed": 2813.203521966934, "delta": 14.690751791000366}, "costs": {"total_cost": 188.32014650612214, "time_cost": 68.952, "final_distance_cost": 1.8130330883419932, "oscillation_cost": 41.15517755412374, "completition_cost": 0.0, "overshoot_cost": 50.250041918464376, "power_cost": 14.708382629394531, "noise_cost": 11.441511315797507, "n_waypoints_completed": 9, "tot_waypoints": 9}}
{"target": -1390.8789543787452, "params": {"k_pid_pos": [2.0, 0.0762655535708694, 0.6886814830256579], "k_pid_alt": [0.0, 0.0028065027253926394, 0.6022467401841136], "k_pid_att": [61.372110742829555, 3.999261035947539, 0.680997881199914], "k_pid_yaw": [0.5, 1e-06, 0.1], "k_pid_hsp": [3.3515641989123233, 0.4573732669179383, 0.0009481586093792377], "k_pid_vsp": [221.4837132564136, 400.0, 85.53158526638742]}, "datetime": {"datetime": "2025-08-20 12:39:40", "elapsed": 2834.939518213272, "delta": 21.73599624633789}, "costs": {"total_cost": 1390.8789543787452, "time_cost": 150, "final_distance_cost": 8.971753405780957, "oscillation_cost": 32.50358430476013, "completition_cost": 1000.0, "overshoot_cost": 122.6865116912561, "power_cost": 35.81657419433594, "noise_cost": 40.90053078261205, "n_waypoints_completed": 0, "tot_waypoints": 9}}
{"target": -217.3094686105002, "params": {"k_pid_pos": [1.0982483786064305, 0.09085509429100204, 1.0], "k_pid_alt": [1.2245809185612804, 0.10807487149446697, 0.2677224865826458], "k_pid_att": [49.947713287780374, 3.909487378443741, 0.629003518218223], "k_pid_yaw": [0.5, 1e-06, 0.1], "k_pid_hsp": [3.835759532501539, 0.3150524837375375, 0.0], "k_pid_vsp": [315.9399830310858, 374.29430556461733, 18.51401167526161]}, "datetime": {"datetime": "2025-08-20 12:39:59", "elapsed": 2853.94842171669, "delta": 19.00890350341797}, "costs": {"total_cost": 217.3094686105002, "time_cost": 87.64, "final_distance_cost": 1.7947913130954616, "oscillation_cost": 49.89958570699275, "completition_cost": 0.0, "overshoot_cost": 51.16527399924471, "power_cost": 14.847497668457033, "noise_cost": 11.962319922710252, "n_waypoints_completed": 9, "tot_waypoints": 9}}
{"target": -187.04489861333792, "params": {"k_pid_pos": [1.9034822841391772, 0.1052607556036263, 0.6650703281940501], "k_pid_alt": [1.8338898823052627, 0.0, 0.6315986766712455], "k_pid_att": [40.27571889674752, 0.5339935459943107, 0.4930052944293019], "k_pid_yaw": [0.5, 1e-06, 0.1], "k_pid_hsp": [3.9533234892497666, 0.42232336953758987, 0.0], "k_pid_vsp": [376.9672169236199, 400.0, 50.52144623705684]}, "datetime": {"datetime": "2025-08-20 12:40:13", "elapsed": 2868.475327730179, "delta": 14.52690601348877}, "costs": {"total_cost": 187.04489861333792, "time_cost": 68.44, "final_distance_cost": 1.8287470527880116, "oscillation_cost": 44.094758162980455, "completition_cost": 0.0, "overshoot_cost": 48.89677815538526, "power_cost": 13.10625595703125, "noise_cost": 10.678359285152974, "n_waypoints_completed": 9, "tot_waypoints": 9}}
{"target": -206.24231842768162, "params": {"k_pid_pos": [1.7367512814790098, 0.006610985323459662, 0.733016119323565], "k_pid_alt": [1.7980515054721053, 0.0, 0.3897328813951731], "k_pid_att": [65.20334516912051, 2.1334927889677635, 0.20709939620129647], "k_pid_yaw": [0.5, 1e-06, 0.1], "k_pid_hsp": [3.9404755074715303, 0.5221515773408786, 0.0], "k_pid_vsp": [212.2261880490105, 359.72745623630817, 54.442348881513055]}, "datetime": {"datetime": "2025-08-20 12:40:28", "elapsed": 2883.4761900901794, "delta": 15.00086236000061}, "costs": {"total_cost": 206.24231842768162, "time_cost": 69.32000000000001, "final_distance_cost": 1.8392968781022696, "oscillation_cost": 57.447665479161024, "completition_cost": 0.0, "overshoot_cost": 49.29687672339777, "power_cost": 16.10217819824219, "noise_cost": 12.236301148778322, "n_waypoints_completed": 9, "tot_waypoints": 9}}
{"target": -190.70432568627257, "params": {"k_pid_pos": [1.041369126758601, 0.23942512355274823, 0.6298033304047437], "k_pid_alt": [1.4634880518781312, 0.031859903752567906, 0.41400332256083844], "k_pid_att": [32.65600590533836, 1.5528533678636427, 0.5607559879585412], "k_pid_yaw": [0.5, 1e-06, 0.1], "k_pid_hsp": [3.0618664378589613, 0.3649833254403128, 0.0], "k_pid_vsp": [215.1038341433648, 213.864099755618, 1e-06]}, "datetime": {"datetime": "2025-08-20 12:40:44", "elapsed": 2899.4998002052307, "delta": 16.02361011505127}, "costs": {"total_cost": 190.70432568627257, "time_cost": 75.584, "final_distance_cost": 1.8253904350016912, "oscillation_cost": 37.01335739839616, "completition_cost": 0.0, "overshoot_cost": 51.341464738801044, "power_cost": 12.707551049804689, "noise_cost": 12.232562064268953, "n_waypoints_completed": 9, "tot_waypoints": 9}}
{"target": -411.7452884957399, "params": {"k_pid_pos": [1.8942983261520148, 0.07594670990097661, 0.7894741837761492], "k_pid_alt": [0.3532424309132887, 0.0, 0.28085720580012025], "k_pid_att": [45.74321483256156, 1.566216811302725, 0.6216391998300601], "k_pid_yaw": [0.5, 1e-06, 0.1], "k_pid_hsp": [4.119392370352757, 0.32154288387418256, 0.0], "k_pid_vsp": [143.34287134970737, 96.14147031628148, 26.19814652639427]}, "datetime": {"datetime": "2025-08-20 12:41:06", "elapsed": 2920.993621826172, "delta": 21.493821620941162}, "costs": {"total_cost": 411.7452884957399, "time_cost": 150, "final_distance_cost": 3.194273732002269, "oscillation_cost": 57.0639051057219, "completition_cost": 111.11111111111116, "overshoot_cost": 52.02230527882982, "power_cost": 22.277336779785156, "noise_cost": 16.076356488289548, "n_waypoints_completed": 8, "tot_waypoints": 9}}
{"target": -216.64548897546842, "params": {"k_pid_pos": [0.9753184073488366, 0.5247602543340488, 0.33089847929483235], "k_pid_alt": [0.6568295437427022, 0.027089761496895338, 0.36539396584762107], "k_pid_att": [46.75819660208509, 0.1554206567098674, 1.0], "k_pid_yaw": [0.5, 1e-06, 0.1], "k_pid_hsp": [5.250493444733669, 0.0, 0.0], "k_pid_vsp": [276.53398027282685, 108.72138902764645, 54.79835707694203]}, "datetime": {"datetime": "2025-08-20 12:41:24", "elapsed": 2939.498239517212, "delta": 18.50461769104004}, "costs": {"total_cost": 216.64548897546842, "time_cost": 85.008, "final_distance_cost": 1.7757747199828704, "oscillation_cost": 44.5042790236065, "completition_cost": 0.0, "overshoot_cost": 50.341658271458904, "power_cost": 20.031312841796876, "noise_cost": 14.984464118623269, "n_waypoints_completed": 9, "tot_waypoints": 9}}
{"target": -442.36073457508644, "params": {"k_pid_pos": [1.6123680578729027, 0.30877909454536506, 0.5579301733368325], "k_pid_alt": [0.3595099551428789, 0.22725058128283857, 0.08429360980025347], "k_pid_att": [47.16928562480661, 1.0104074383649961, 0.7286906153179591], "k_pid_yaw": [0.5, 1e-06, 0.1], "k_pid_hsp": [3.2779516698905025, 0.4945729021414202, 0.0], "k_pid_vsp": [0.0, 400.0, 42.35873570226144]}, "datetime": {"datetime": "2025-08-20 12:41:46", "elapsed": 2960.7760496139526, "delta": 21.277810096740723}, "costs": {"total_cost": 442.36073457508644, "time_cost": 150, "final_distance_cost": 8.436195180961105, "oscillation_cost": 80.8450021713027, "completition_cost": 111.11111111111116, "overshoot_cost": 56.72510360093894, "power_cost": 20.72102791748047, "noise_cost": 14.522294593292095, "n_waypoints_completed": 8, "tot_waypoints": 9}}
{"target": -200.12855921845042, "params": {"k_pid_pos": [1.8193987602714274, 0.35801661319921546, 1.0], "k_pid_alt": [1.1110258372520099, 0.01322198347261789, 0.3797079555765654], "k_pid_att": [53.160924428091306, 3.3738585905431058, 0.5214931022183019], "k_pid_yaw": [0.5, 1e-06, 0.1], "k_pid_hsp": [1.9701700679143304, 0.42990182594188187, 0.0], "k_pid_vsp": [49.34162292194029, 356.7381465959802, 35.85333106947593]}, "datetime": {"datetime": "2025-08-20 12:42:02", "elapsed": 2976.8588004112244, "delta": 16.08275079727173}, "costs": {"total_cost": 200.12855921845042, "time_cost": 70.768, "final_distance_cost": 1.8003858964188748, "oscillation_cost": 46.132838294976935, "completition_cost": 0.0, "overshoot_cost": 49.83083524104093, "power_cost": 18.13010074462891, "noise_cost": 13.466399041384763, "n_waypoints_completed": 9, "tot_waypoints": 9}}
{"target": -395.79816930593705, "params": {"k_pid_pos": [1.3147198319329971, 0.5410311627727195, 0.7273176932163802], "k_pid_alt": [0.3774301551149759, 0.0, 0.3362550421513282], "k_pid_att": [49.92627055180761, 0.6499225805018299, 0.6559356736842712], "k_pid_yaw": [0.5, 1e-06, 0.1], "k_pid_hsp": [2.434552164033414, 0.0, 0.0], "k_pid_vsp": [87.58051964232133, 183.35438556556292, 33.09787067348449]}, "datetime": {"datetime": "2025-08-20 12:42:24", "elapsed": 2998.5694868564606, "delta": 21.710686445236206}, "costs": {"total_cost": 395.79816930593705, "time_cost": 150, "final_distance_cost": 3.6787631073250857, "oscillation_cost": 47.50775085179547, "completition_cost": 111.11111111111116, "overshoot_cost": 51.939851469915084, "power_cost": 17.944932092285157, "noise_cost": 13.615760673505092, "n_waypoints_completed": 8, "tot_waypoints": 9}}
{"target": -238.4733188262584, "params": {"k_pid_pos": [2.0, 0.3288311730813894, 0.22567668359544543], "k_pid_alt": [0.16996643807089304, 0.025498445398731764, 0.034938910166030214], "k_pid_att": [52.920212234273095, 2.252704774920617, 0.662629648236066], "k_pid_yaw": [0.5, 1e-06, 0.1], "k_pid_hsp": [2.168087982738674, 0.18840211411513708, 0.0], "k_pid_vsp": [290.25856888520644, 214.4337593650282, 19.949010621100218]}, "datetime": {"datetime": "2025-08-20 12:42:44", "elapsed": 3019.2184801101685, "delta": 20.648993253707886}, "costs": {"total_cost": 238.4733188262584, "time_cost": 96.784, "final_distance_cost": 1.8374419493735588, "oscillation_cost": 58.89065540872234, "completition_cost": 0.0, "overshoot_cost": 53.213486922445384, "power_cost": 14.902070849609375, "noise_cost": 12.84566369610775, "n_waypoints_completed": 9, "tot_waypoints": 9}}
{"target": -481.80761334020684, "params": {"k_pid_pos": [0.42663957618822573, 0.2240024564893437, 0.773293429111741], "k_pid_alt": [1.1915138679796995, 0.23554620498930104, 0.2992428029973145], "k_pid_att": [42.57440161223712, 2.9583216871624614, 0.4585099682061789], "k_pid_yaw": [0.5, 1e-06, 0.1], "k_pid_hsp": [9.042376853414519, 0.3267605693456194, 0.0], "k_pid_vsp": [365.5845909690381, 400.0, 38.60999164735747]}, "datetime": {"datetime": "2025-08-20 12:43:06", "elapsed": 3041.348552942276, "delta": 22.130072832107544}, "costs": {"total_cost": 481.80761334020684, "time_cost": 150, "final_distance_cost": 58.37995849465573, "oscillation_cost": 77.39916332885798, "completition_cost": 111.11111111111116, "overshoot_cost": 49.90975113509527, "power_cost": 20.085278552246095, "noise_cost": 14.922350718240574, "n_waypoints_completed": 8, "tot_waypoints": 9}}
{"target": -203.5104190899673, "params": {"k_pid_pos": [2.0, 0.22613889536994292, 0.47022166824481787], "k_pid_alt": [1.5074649239245703, 0.02106776037161015, 0.2930588810914163], "k_pid_att": [100.0, 2.719259192289899, 0.5035738604005034], "k_pid_yaw": [0.5, 1e-06, 0.1], "k_pid_hsp": [3.998185595610735, 0.4412762385312055, 0.0], "k_pid_vsp": [302.49054432586206, 75.96208483919689, 15.99217206453516]}, "datetime": {"datetime": "2025-08-20 12:43:21", "elapsed": 3056.501894235611, "delta": 15.153341293334961}, "costs": {"total_cost": 203.5104190899673, "time_cost": 69.408, "final_distance_cost": 1.7729818531117376, "oscillation_cost": 53.65507325461515, "completition_cost": 0.0, "overshoot_cost": 50.78331334040007, "power_cost": 15.650307531738282, "noise_cost": 12.240743110102027, "n_waypoints_completed": 9, "tot_waypoints": 9}}
