{"target": -178.78265216127207, "params": {"k_pid_pos": [2.0, 0.22860618309736672, 0.7559452308661908], "k_pid_alt": [1.5040862627277276, 7.834008736007946e-05, 0.2279294313224337], "k_pid_att": [52.64228487405516, 2.0399743126004632, 1.0], "k_pid_yaw": [0.5, 1e-06, 0.1], "k_pid_hsp": [2.8302602853555605, 0.05418628196471309, 0.0], "k_pid_vsp": [400.0, 211.98031284184972, 0.02671972247881547]}, "datetime": {"datetime": "2025-08-20 13:48:37", "elapsed": 6971.648840665817, "delta": 16.63413715362549}, "costs": {"total_cost": 178.78265216127207, "time_cost": 69.432, "final_distance_cost": 1.8031592270695627, "oscillation_cost": 35.360899151411026, "completition_cost": 0.0, "overshoot_cost": 49.88834998890666, "power_cost": 11.307216552734376, "noise_cost": 10.991027241150416, "n_waypoints_completed": 9, "tot_waypoints": 9}}
{"target": -189.23184124281073, "params": {"k_pid_pos": [1.3761594058859787, 0.19493519889252972, 1.0], "k_pid_alt": [1.6332196738913123, 0.0003149904290369227, 0.7586967100548163], "k_pid_att": [66.51468663834963, 2.1664384120266327, 0.8443913820575512], "k_pid_yaw": [0.5, 1e-06, 0.1], "k_pid_hsp": [4.014606301726487, 0.0, 0.0], "k_pid_vsp": [334.11715845395804, 162.85372939800664, 0.8355693810431492]}, "datetime": {"datetime": "2025-08-20 13:48:57", "elapsed": 6992.078859567642, "delta": 20.43001890182495}, "costs": {"total_cost": 189.23184124281073, "time_cost": 74.824, "final_distance_cost": 1.8278337536624192, "oscillation_cost": 37.78941504883121, "completition_cost": 0.0, "overshoot_cost": 50.8971373531196, "power_cost": 11.92841688232422, "noise_cost": 11.965038204873295, "n_waypoints_completed": 9, "tot_waypoints": 9}}
{"target": -177.29925822121157, "params": {"k_pid_pos": [2.0, 0.18588872037496265, 1.0], "k_pid_alt": [1.567021089930778, 0.00013623879184116228, 0.5452377513791794], "k_pid_att": [52.5106883670155, 2.312073838537707, 0.5983786282575977], "k_pid_yaw": [0.5, 1e-06, 0.1], "k_pid_hsp": [0.7372283823865634, 0.022613039628397145, 0.0], "k_pid_vsp": [159.32459281112642, 191.72637417957037, 0.07185126582699548]}, "datetime": {"datetime": "2025-08-20 13:49:13", "elapsed": 7008.433993577957, "delta": 16.35513401031494}, "costs": {"total_cost": 177.29925822121157, "time_cost": 70.256, "final_distance_cost": 1.818535735110396, "oscillation_cost": 31.940832180472984, "completition_cost": 0.0, "overshoot_cost": 49.69148433301202, "power_cost": 12.207170520019531, "noise_cost": 11.385235452596644, "n_waypoints_completed": 9, "tot_waypoints": 9}}
{"target": -179.44286800203614, "params": {"k_pid_pos": [1.9901010745467456, 0.13366476986226317, 0.4822728452586147], "k_pid_alt": [1.149306353471729, 0.00010900205910988178, 0.5366870737154031], "k_pid_att": [45.31120194970498, 1.7809527062905817, 1.0], "k_pid_yaw": [0.5, 1e-06, 0.1], "k_pid_hsp": [0.5711952376030043, 0.0, 0.0], "k_pid_vsp": [352.77706149978144, 279.846071429563, 6.201122155061053]}, "datetime": {"datetime": "2025-08-20 13:49:30", "elapsed": 7024.818537950516, "delta": 16.384544372558594}, "costs": {"total_cost": 179.44286800203614, "time_cost": 71.368, "final_distance_cost": 1.7738387452783317, "oscillation_cost": 31.45429612393596, "completition_cost": 0.0, "overshoot_cost": 50.53666185305952, "power_cost": 12.817227966308595, "noise_cost": 11.492843313453728, "n_waypoints_completed": 9, "tot_waypoints": 9}}
{"target": -1234.2469310440363, "params": {"k_pid_pos": [2.0, 0.016262970638463686, 0.16825918316238933], "k_pid_alt": [2.0, 0.00019835757433853411, 0.4347555446378193], "k_pid_att": [36.30462098596464, 2.361346514767274, 1.0], "k_pid_yaw": [0.5, 1e-06, 0.1], "k_pid_hsp": [0.0001, 0.08831581732774281, 0.0], "k_pid_vsp": [396.3191360623973, 198.37187212231694, 5.321437277499101]}, "datetime": {"datetime": "2025-08-20 13:49:53", "elapsed": 7047.719434499741, "delta": 22.900896549224854}, "costs": {"total_cost": 1234.2469310440363, "time_cost": 150, "final_distance_cost": 93.84662873440202, "oscillation_cost": 79.12808802857654, "completition_cost": 777.7777777777778, "overshoot_cost": 96.79779342355755, "power_cost": 20.36087849121094, "noise_cost": 16.335764588511374, "n_waypoints_completed": 2, "tot_waypoints": 9}}
{"target": -175.6227602823049, "params": {"k_pid_pos": [1.6560236829429638, 0.02218201621997155, 0.3786500526976683], "k_pid_alt": [1.6837726969398625, 0.00012974871258068622, 0.18495526902884551], "k_pid_att": [42.53003993420221, 2.110837533457333, 1.0], "k_pid_yaw": [0.5, 1e-06, 0.1], "k_pid_hsp": [0.6949599892397575, 0.12603444085123436, 0.0], "k_pid_vsp": [206.27885934027174, 164.06630240035432, 3.61949338035132]}, "datetime": {"datetime": "2025-08-20 13:50:08", "elapsed": 7063.487044811249, "delta": 15.767610311508179}, "costs": {"total_cost": 175.6227602823049, "time_cost": 68.504, "final_distance_cost": 1.8192969508704708, "oscillation_cost": 32.46215420783553, "completition_cost": 0.0, "overshoot_cost": 49.14821134363968, "power_cost": 12.408984375000001, "noise_cost": 11.280113404959252, "n_waypoints_completed": 9, "tot_waypoints": 9}}
{"target": -1185.3161498105687, "params": {"k_pid_pos": [1.2109555454195544, 0.17723450997457615, 0.03398496971335977], "k_pid_alt": [0.7114434275496738, 9.853871129909205e-05, 0.146187028253671], "k_pid_att": [52.850263917060936, 1.913619198885885, 1.0], "k_pid_yaw": [0.5, 1e-06, 0.1], "k_pid_hsp": [0.0001, 0.061764451369269634, 0.0], "k_pid_vsp": [54.369829485307434, 226.15712776841542, 3.017695699434904]}, "datetime": {"datetime": "2025-08-20 13:50:31", "elapsed": 7086.338297367096, "delta": 22.851252555847168}, "costs": {"total_cost": 1185.3161498105687, "time_cost": 150, "final_distance_cost": 95.9277213090099, "oscillation_cost": 41.35773162102528, "completition_cost": 777.7777777777778, "overshoot_cost": 86.23617332463937, "power_cost": 18.652489794921877, "noise_cost": 15.364255983194521, "n_waypoints_completed": 2, "tot_waypoints": 9}}
{"target": -1201.9517669594625, "params": {"k_pid_pos": [1.5015809445655413, 0.160068213088009, 0.2683769690709831], "k_pid_alt": [1.9177511913688274, 0.00016785861814404203, 0.19388973842233503], "k_pid_att": [41.66877466377944, 1.2286036455295262, 0.8684613724298473], "k_pid_yaw": [0.5, 1e-06, 0.1], "k_pid_hsp": [0.0001, 0.0, 0.0], "k_pid_vsp": [0.0, 186.72487804009918, 8.010799689048586]}, "datetime": {"datetime": "2025-08-20 13:50:54", "elapsed": 7109.089495420456, "delta": 22.751198053359985}, "costs": {"total_cost": 1201.9517669594625, "time_cost": 150, "final_distance_cost": 47.01240357447494, "oscillation_cost": 1.5412480280090097, "completition_cost": 888.8888888888888, "overshoot_cost": 84.15681158115784, "power_cost": 18.04017041015625, "noise_cost": 12.312244476775788, "n_waypoints_completed": 1, "tot_waypoints": 9}}
{"target": -179.06361387376555, "params": {"k_pid_pos": [2.0, 0.15162432366982, 0.7089156494131023], "k_pid_alt": [1.936405262527269, 0.0001791336001220094, 0.492512291605117], "k_pid_att": [60.488307409821594, 3.269011803422769, 1.0], "k_pid_yaw": [0.5, 1e-06, 0.1], "k_pid_hsp": [0.7819415702378257, 0.0712733629821117, 0.0], "k_pid_vsp": [132.89597988391782, 400.0, 8.043650096941331]}, "datetime": {"datetime": "2025-08-20 13:51:10", "elapsed": 7124.882128953934, "delta": 15.792633533477783}, "costs": {"total_cost": 179.06361387376555, "time_cost": 68.768, "final_distance_cost": 1.8035985484955788, "oscillation_cost": 35.11167717864839, "completition_cost": 0.0, "overshoot_cost": 49.80591289549498, "power_cost": 12.376434301757813, "noise_cost": 11.19799094936876, "n_waypoints_completed": 9, "tot_waypoints": 9}}
{"target": -182.90815235177, "params": {"k_pid_pos": [1.7310246334720165, 0.15781379919298724, 0.32630187918540055], "k_pid_alt": [1.6080168283384315, 7.373458477891372e-05, 0.1569621755473246], "k_pid_att": [2.359219148670045, 3.020764255200644, 1.0], "k_pid_yaw": [0.5, 1e-06, 0.1], "k_pid_hsp": [0.40699557700162114, 0.0, 0.0], "k_pid_vsp": [334.8666640786776, 273.7166049807607, 4.768730427264132]}, "datetime": {"datetime": "2025-08-20 13:51:26", "elapsed": 7140.760542869568, "delta": 15.878413915634155}, "costs": {"total_cost": 182.90815235177, "time_cost": 68.856, "final_distance_cost": 1.7760230679312492, "oscillation_cost": 37.95330760713789, "completition_cost": 0.0, "overshoot_cost": 49.82050187561918, "power_cost": 13.136709130859376, "noise_cost": 11.365610670222344, "n_waypoints_completed": 9, "tot_waypoints": 9}}
{"target": -182.35312294528146, "params": {"k_pid_pos": [1.6483180697063469, 0.1345679679531103, 0.11922107327397742], "k_pid_alt": [1.121578793343099, 5.453199439146238e-05, 0.2266441502206539], "k_pid_att": [65.18758016388351, 0.0001, 0.4350819962316936], "k_pid_yaw": [0.5, 1e-06, 0.1], "k_pid_hsp": [0.2527531793940667, 0.038376664132855086, 0.0], "k_pid_vsp": [271.7695324798753, 33.80285879609178, 3.4446887147592147]}, "datetime": {"datetime": "2025-08-20 13:51:42", "elapsed": 7157.375224113464, "delta": 16.614681243896484}, "costs": {"total_cost": 182.35312294528146, "time_cost": 71.008, "final_distance_cost": 1.77437906118257, "oscillation_cost": 34.982435574854236, "completition_cost": 0.0, "overshoot_cost": 50.59135839289413, "power_cost": 12.651956762695313, "noise_cost": 11.344993153655217, "n_waypoints_completed": 9, "tot_waypoints": 9}}
{"target": -181.07553949922948, "params": {"k_pid_pos": [2.0, 0.21427502092319206, 0.7239465150490737], "k_pid_alt": [2.0, 9.383330687354006e-05, 0.6047402224031503], "k_pid_att": [30.005364244996624, 0.819209446804174, 1.0], "k_pid_yaw": [0.5, 1e-06, 0.1], "k_pid_hsp": [1.1716551796595216, 0.019046544539365825, 0.0], "k_pid_vsp": [49.03270026649005, 364.03931439517265, 2.639011550219392]}, "datetime": {"datetime": "2025-08-20 13:51:59", "elapsed": 7174.076179742813, "delta": 16.700955629348755}, "costs": {"total_cost": 181.07553949922948, "time_cost": 69.19200000000001, "final_distance_cost": 1.7857802930573934, "oscillation_cost": 36.578896692679336, "completition_cost": 0.0, "overshoot_cost": 49.83673942111841, "power_cost": 12.527065246582032, "noise_cost": 11.155057845792303, "n_waypoints_completed": 9, "tot_waypoints": 9}}
{"target": -187.6500209782353, "params": {"k_pid_pos": [1.2510740305742216, 0.1458746602230879, 0.15265369915069588], "k_pid_alt": [1.8450295042375184, 0.00010166818836091136, 0.16505657879664695], "k_pid_att": [53.71271913805672, 1.6087691907978865, 1.0], "k_pid_yaw": [0.5, 1e-06, 0.1], "k_pid_hsp": [0.6141228613550024, 0.0, 0.0], "k_pid_vsp": [400.0, 263.1199391603661, 9.691017646405925]}, "datetime": {"datetime": "2025-08-20 13:52:16", "elapsed": 7190.593210220337, "delta": 16.517030477523804}, "costs": {"total_cost": 187.6500209782353, "time_cost": 69.336, "final_distance_cost": 1.8053614864094372, "oscillation_cost": 34.802919882644815, "completition_cost": 0.0, "overshoot_cost": 49.74600531794181, "power_cost": 18.081400598144533, "noise_cost": 13.878333693094707, "n_waypoints_completed": 9, "tot_waypoints": 9}}
{"target": -180.64513841944049, "params": {"k_pid_pos": [2.0, 0.1354962976448276, 0.9599709091929526], "k_pid_alt": [0.8863375195647317, 0.00018690189610737643, 0.29602860482548105], "k_pid_att": [33.87983782723319, 1.7663225950784847, 0.9314117852010039], "k_pid_yaw": [0.5, 1e-06, 0.1], "k_pid_hsp": [0.9317113032170022, 0.0, 0.0], "k_pid_vsp": [280.6692781452329, 135.63814483995546, 5.850216072827095]}, "datetime": {"datetime": "2025-08-20 13:52:36", "elapsed": 7210.5782425403595, "delta": 19.985032320022583}, "costs": {"total_cost": 180.64513841944049, "time_cost": 72.34400000000001, "final_distance_cost": 1.8432041530070735, "oscillation_cost": 31.316451023959516, "completition_cost": 0.0, "overshoot_cost": 50.052675408712574, "power_cost": 13.180858251953126, "noise_cost": 11.907949581808207, "n_waypoints_completed": 9, "tot_waypoints": 9}}
{"target": -187.00777695200117, "params": {"k_pid_pos": [0.9675715575493603, 0.0, 0.645974168722463], "k_pid_alt": [2.0, 0.00011416258407878756, 0.36174433718361626], "k_pid_att": [61.940568872409905, 1.4086274051720242, 0.4926342868802643], "k_pid_yaw": [0.5, 1e-06, 0.1], "k_pid_hsp": [1.0495490619960843, 0.027486704820892095, 0.0], "k_pid_vsp": [101.3831388574655, 193.82570236975815, 3.060224004511234]}, "datetime": {"datetime": "2025-08-20 13:52:58", "elapsed": 7233.2534782886505, "delta": 22.675235748291016}, "costs": {"total_cost": 187.00777695200117, "time_cost": 78.104, "final_distance_cost": 1.8530411222939716, "oscillation_cost": 30.474631521700108, "completition_cost": 0.0, "overshoot_cost": 50.68350272514389, "power_cost": 12.90155008544922, "noise_cost": 12.991051497413961, "n_waypoints_completed": 9, "tot_waypoints": 9}}
{"target": -180.32646698208418, "params": {"k_pid_pos": [1.8512820919532809, 0.07386870654619358, 0.2747671335396035], "k_pid_alt": [1.6377494562918384, 8.043353223813515e-05, 0.2709537370341389], "k_pid_att": [99.20996376885064, 1.374600244772424, 0.9446924355215011], "k_pid_yaw": [0.5, 1e-06, 0.1], "k_pid_hsp": [0.7232109809170476, 0.10212756264882332, 0.0], "k_pid_vsp": [114.81194583420942, 50.70420750677187, 1.6162226309619019]}, "datetime": {"datetime": "2025-08-20 13:53:17", "elapsed": 7251.588992834091, "delta": 18.335514545440674}, "costs": {"total_cost": 180.32646698208418, "time_cost": 68.88, "final_distance_cost": 1.7825849106353673, "oscillation_cost": 36.476255627208026, "completition_cost": 0.0, "overshoot_cost": 49.64689423760905, "power_cost": 12.251198864746094, "noise_cost": 11.289533341885662, "n_waypoints_completed": 9, "tot_waypoints": 9}}
{"target": -234.7606001826723, "params": {"k_pid_pos": [1.6101201106029166, 0.15627308774889018, 0.0], "k_pid_alt": [0.4594799202780753, 6.052422325140985e-05, 0.6468373901227097], "k_pid_att": [45.169903917150236, 0.4344062354661365, 1.0], "k_pid_yaw": [0.5, 1e-06, 0.1], "k_pid_hsp": [0.41037178099875593, 0.13042875985619032, 0.0], "k_pid_vsp": [22.103413939882973, 61.35801628568623, 5.689363293147983]}, "datetime": {"datetime": "2025-08-20 13:53:44", "elapsed": 7279.047295808792, "delta": 27.458302974700928}, "costs": {"total_cost": 234.7606001826723, "time_cost": 98.744, "final_distance_cost": 1.8623128362723445, "oscillation_cost": 47.417461645271864, "completition_cost": 0.0, "overshoot_cost": 52.415203359569276, "power_cost": 18.35279294433594, "noise_cost": 15.968829397222915, "n_waypoints_completed": 9, "tot_waypoints": 9}}
{"target": -193.2959773873558, "params": {"k_pid_pos": [1.7390453860261648, 0.10088024974018957, 0.5541103666404222], "k_pid_alt": [0.6166948992408435, 0.0001812752280677932, 0.495205467045954], "k_pid_att": [42.24808640536758, 4.493934598838517, 0.4016696034435987], "k_pid_yaw": [0.5, 1e-06, 0.1], "k_pid_hsp": [0.3347234090740418, 0.028510315846835634, 0.0], "k_pid_vsp": [300.8073038935249, 218.9439732342812, 4.321121652936361]}, "datetime": {"datetime": "2025-08-20 13:54:07", "elapsed": 7301.79313325882, "delta": 22.745837450027466}, "costs": {"total_cost": 193.2959773873558, "time_cost": 80.47200000000001, "final_distance_cost": 1.856597432894402, "oscillation_cost": 33.067130198251995, "completition_cost": 0.0, "overshoot_cost": 50.198583717114815, "power_cost": 14.744344360351564, "noise_cost": 12.957321678743035, "n_waypoints_completed": 9, "tot_waypoints": 9}}
{"target": -177.92613178206315, "params": {"k_pid_pos": [1.6743505817307796, 0.13972836822357104, 0.6146298246488556], "k_pid_alt": [1.8229431656366202, 0.00020786589026648675, 0.7257190800805716], "k_pid_att": [42.725097111073076, 2.5037254326516014, 0.6438052935011279], "k_pid_yaw": [0.5, 1e-06, 0.1], "k_pid_hsp": [0.8611139931221494, 0.0, 0.0], "k_pid_vsp": [400.0, 160.78906542697587, 5.4134364504016]}, "datetime": {"datetime": "2025-08-20 13:54:29", "elapsed": 7323.680382490158, "delta": 21.8872492313385}, "costs": {"total_cost": 177.92613178206315, "time_cost": 70.12, "final_distance_cost": 1.8148229996662992, "oscillation_cost": 31.607964572605464, "completition_cost": 0.0, "overshoot_cost": 50.18699402813374, "power_cost": 12.573609777832031, "noise_cost": 11.622740403825627, "n_waypoints_completed": 9, "tot_waypoints": 9}}
{"target": -177.89867909853064, "params": {"k_pid_pos": [1.555161666029716, 0.07509198147229078, 0.05385716268150945], "k_pid_alt": [2.0, 0.00014860595105030207, 0.38548969241986825], "k_pid_att": [58.612080564448895, 1.7552886299154815, 1.0], "k_pid_yaw": [0.5, 1e-06, 0.1], "k_pid_hsp": [0.7201257078644535, 0.07050168243792408, 0.0], "k_pid_vsp": [377.93936873854636, 168.51852942525434, 0.7919235970077428]}, "datetime": {"datetime": "2025-08-20 13:54:46", "elapsed": 7341.353957891464, "delta": 17.673575401306152}, "costs": {"total_cost": 177.89867909853064, "time_cost": 68.608, "final_distance_cost": 1.7698241966899793, "oscillation_cost": 33.935840334887565, "completition_cost": 0.0, "overshoot_cost": 49.82475268757654, "power_cost": 12.542462426757814, "noise_cost": 11.217799452618719, "n_waypoints_completed": 9, "tot_waypoints": 9}}
{"target": -184.1596043442125, "params": {"k_pid_pos": [2.0, 0.08053057789669041, 0.0], "k_pid_alt": [1.6242328083269513, 2.9059239784078597e-05, 0.38408768008218824], "k_pid_att": [64.30762662306141, 0.754160328445534, 0.9010143073166219], "k_pid_yaw": [0.5, 1e-06, 0.1], "k_pid_hsp": [1.4309513706071133, 0.006101922547847913, 0.0], "k_pid_vsp": [320.42840282475817, 94.73843724501127, 7.52663328675897]}, "datetime": {"datetime": "2025-08-20 13:55:04", "elapsed": 7358.838735818863, "delta": 17.48477792739868}, "costs": {"total_cost": 184.1596043442125, "time_cost": 70.072, "final_distance_cost": 1.7309720592228892, "oscillation_cost": 38.0588425154695, "completition_cost": 0.0, "overshoot_cost": 50.80871138052336, "power_cost": 12.333206555175781, "noise_cost": 11.155871833820964, "n_waypoints_completed": 9, "tot_waypoints": 9}}
{"target": -177.58337573961052, "params": {"k_pid_pos": [2.0, 0.16180992230285576, 0.6188885211357085], "k_pid_alt": [1.3333252213621558, 0.00011630098463770643, 0.4958035061209925], "k_pid_att": [55.81443212218782, 1.8467796411804385, 0.9734180895381953], "k_pid_yaw": [0.5, 1e-06, 0.1], "k_pid_hsp": [0.8587981415171995, 0.0, 0.0], "k_pid_vsp": [226.44410050410525, 307.32244920148065, 3.24113003122609]}, "datetime": {"datetime": "2025-08-20 13:55:23", "elapsed": 7377.524143457413, "delta": 18.685407638549805}, "costs": {"total_cost": 177.58337573961052, "time_cost": 70.336, "final_distance_cost": 1.7838818668160634, "oscillation_cost": 31.214333678364632, "completition_cost": 0.0, "overshoot_cost": 50.242606241983985, "power_cost": 12.567670825195313, "noise_cost": 11.438883127250543, "n_waypoints_completed": 9, "tot_waypoints": 9}}
{"target": -178.55239105673456, "params": {"k_pid_pos": [1.4312274763797248, 0.1604503741454001, 0.1757357926415042], "k_pid_alt": [1.14255283799641, 9.095347859615696e-05, 0.39324211607836945], "k_pid_att": [53.3131210248177, 2.400299735268668, 1.0], "k_pid_yaw": [0.5, 1e-06, 0.1], "k_pid_hsp": [0.31473374322410913, 0.024622720505282063, 0.0], "k_pid_vsp": [136.6137963340219, 261.3195299986941, 3.6656236251112433]}, "datetime": {"datetime": "2025-08-20 13:55:41", "elapsed": 7396.12103843689, "delta": 18.59689497947693}, "costs": {"total_cost": 178.55239105673456, "time_cost": 71.06400000000001, "final_distance_cost": 1.8130939330422529, "oscillation_cost": 31.869044610997868, "completition_cost": 0.0, "overshoot_cost": 49.69093329313077, "power_cost": 12.638046557617189, "noise_cost": 11.477272661946461, "n_waypoints_completed": 9, "tot_waypoints": 9}}
{"target": -177.64795188096141, "params": {"k_pid_pos": [1.45584453112091, 0.18728678093686066, 0.5149883048463642], "k_pid_alt": [1.5700730479163083, 0.0001711520759686801, 0.045740669239607436], "k_pid_att": [51.107844684439044, 3.300564523779659, 0.43911916280051466], "k_pid_yaw": [0.5, 1e-06, 0.1], "k_pid_hsp": [1.4842499167722234, 0.020632329206446833, 0.0], "k_pid_vsp": [282.97289410979965, 174.72770849498306, 1e-06]}, "datetime": {"datetime": "2025-08-20 13:56:00", "elapsed": 7415.288417100906, "delta": 19.167378664016724}, "costs": {"total_cost": 177.64795188096141, "time_cost": 69.856, "final_distance_cost": 1.8270905971077442, "oscillation_cost": 31.578281454527147, "completition_cost": 0.0, "overshoot_cost": 50.861167686380696, "power_cost": 12.01801015625, "noise_cost": 11.507401986695843, "n_waypoints_completed": 9, "tot_waypoints": 9}}
{"target": -185.27154994500668, "params": {"k_pid_pos": [2.0, 0.10472705656142774, 0.02546133137964629], "k_pid_alt": [1.51912412716449, 0.00012470769266819984, 0.3019437382511729], "k_pid_att": [51.29698795688952, 1.0575319312385805, 1.0], "k_pid_yaw": [0.5, 1e-06, 0.1], "k_pid_hsp": [1.4951078754100322, 0.0, 0.0], "k_pid_vsp": [359.81384642968754, 103.59226328620116, 1.3910395057974183]}, "datetime": {"datetime": "2025-08-20 13:56:19", "elapsed": 7434.405915260315, "delta": 19.11749815940857}, "costs": {"total_cost": 185.27154994500668, "time_cost": 70.096, "final_distance_cost": 1.7759052165841567, "oscillation_cost": 38.7224122355942, "completition_cost": 0.0, "overshoot_cost": 50.63187797759845, "power_cost": 12.591494152832032, "noise_cost": 11.453860362397855, "n_waypoints_completed": 9, "tot_waypoints": 9}}
