{"target": -170.28458460112165, "params": {"k_pid_pos": [0.6869511437663046, 0.003206791505927169, 0.009992166824372201], "k_pid_alt": [1.9696250338539814, 0.00010192027045058802, 0.001676182436447961], "k_pid_att": [35.45872539955388, 7.624282950543424, 0.6567267374653717], "k_pid_yaw": [0.5, 1e-06, 0.1], "k_pid_hsp": [0.0864012279914967, 0.0043766858744974995, 0.0], "k_pid_vsp": [222.595685617729, 301.7909236874025, 0.5509182783318778]}, "datetime": {"datetime": "2025-08-20 21:22:30", "elapsed": 34205.26886987686, "delta": 15.608457326889038}, "costs": {"total_cost": 170.28458460112165, "time_cost": 71.512, "final_distance_cost": 1.8135333616504696, "oscillation_cost": 22.62279130705747, "completition_cost": 0.0, "overshoot_cost": 50.91112945428299, "power_cost": 12.072092846679688, "noise_cost": 11.35303763145103, "n_waypoints_completed": 9, "tot_waypoints": 9}}
{"target": -168.80262676993348, "params": {"k_pid_pos": [0.5642796950652519, 0.00441675521235584, 0.009099891769399395], "k_pid_alt": [1.6065857936300596, 0.00013451602002448746, 0.001840073376805781], "k_pid_att": [33.9797374640189, 8.412794542297481, 0.5091910889917873], "k_pid_yaw": [0.5, 1e-06, 0.1], "k_pid_hsp": [0.09798569215726782, 0.004870147163064818, 0.0], "k_pid_vsp": [222.43105841688418, 200.46360513858272, 0.63156561806773]}, "datetime": {"datetime": "2025-08-20 21:22:47", "elapsed": 34222.16366529465, "delta": 16.894795417785645}, "costs": {"total_cost": 168.80262676993348, "time_cost": 71.72, "final_distance_cost": 1.808746264815867, "oscillation_cost": 20.951784667046233, "completition_cost": 0.0, "overshoot_cost": 50.75254652726834, "power_cost": 12.127943847656251, "noise_cost": 11.441605463146804, "n_waypoints_completed": 9, "tot_waypoints": 9}}
{"target": -169.3691319671535, "params": {"k_pid_pos": [0.5920268954874935, 0.004049701258699374, 0.007299129556785101], "k_pid_alt": [2.0, 0.00011000475079963355, 0.0016958504630292318], "k_pid_att": [27.675043544928474, 10.0, 0.6629166471715731], "k_pid_yaw": [0.5, 1e-06, 0.1], "k_pid_hsp": [0.1064087633377541, 0.004373441033624238, 0.0], "k_pid_vsp": [203.50298414452314, 292.4962540183144, 0.594772497460896]}, "datetime": {"datetime": "2025-08-20 21:23:03", "elapsed": 34237.757288217545, "delta": 15.593622922897339}, "costs": {"total_cost": 169.3691319671535, "time_cost": 71.328, "final_distance_cost": 1.831603406874022, "oscillation_cost": 22.079758156413664, "completition_cost": 0.0, "overshoot_cost": 50.56855040707574, "power_cost": 12.062302709960939, "noise_cost": 11.498917286829142, "n_waypoints_completed": 9, "tot_waypoints": 9}}
{"target": -170.5265456432209, "params": {"k_pid_pos": [0.6377584932316743, 0.0033502018651109145, 0.008197049850022856], "k_pid_alt": [1.5657701454386104, 0.0001178008185189832, 0.0018711526028874334], "k_pid_att": [28.0138514062764, 7.8495756240565475, 0.5374150459821608], "k_pid_yaw": [0.5, 1e-06, 0.1], "k_pid_hsp": [0.09200484788768319, 0.005896027332525536, 0.0], "k_pid_vsp": [276.6616524846232, 147.11638453338432, 0.4375962458332892]}, "datetime": {"datetime": "2025-08-20 21:23:20", "elapsed": 34255.059628009796, "delta": 17.302339792251587}, "costs": {"total_cost": 170.5265456432209, "time_cost": 71.328, "final_distance_cost": 1.8198492735523297, "oscillation_cost": 21.909523270351787, "completition_cost": 0.0, "overshoot_cost": 51.22059799498925, "power_cost": 12.687088403320313, "noise_cost": 11.56148670100722, "n_waypoints_completed": 9, "tot_waypoints": 9}}
{"target": -170.09035922320055, "params": {"k_pid_pos": [0.5912128853093618, 0.0032301304967975127, 0.007598580006816483], "k_pid_alt": [2.0, 8.73673721534685e-05, 0.0019854575600565232], "k_pid_att": [21.833679087507893, 7.352225824791624, 0.46725226853319785], "k_pid_yaw": [0.5, 1e-06, 0.1], "k_pid_hsp": [0.1253384677499908, 0.00484198630516873, 0.0], "k_pid_vsp": [176.02299275748, 282.27317730705863, 0.7851875874809164]}, "datetime": {"datetime": "2025-08-20 21:23:35", "elapsed": 34270.14212870598, "delta": 15.082500696182251}, "costs": {"total_cost": 170.09035922320055, "time_cost": 71.288, "final_distance_cost": 1.8239457788684015, "oscillation_cost": 23.18251389306057, "completition_cost": 0.0, "overshoot_cost": 50.36367291678626, "power_cost": 11.983447302246095, "noise_cost": 11.448779332239203, "n_waypoints_completed": 9, "tot_waypoints": 9}}
{"target": -169.74161483747517, "params": {"k_pid_pos": [0.6950981543973901, 0.003010534488056335, 0.008595379369591316], "k_pid_alt": [1.6305000085499657, 0.00013852705269041976, 0.001559327171431928], "k_pid_att": [27.435601622336907, 9.04810922173283, 0.467682758802707], "k_pid_yaw": [0.5, 1e-06, 0.1], "k_pid_hsp": [0.10174077619411286, 0.004381076682181726, 0.0], "k_pid_vsp": [160.79702205072655, 290.2369534290494, 0.5437312727243343]}, "datetime": {"datetime": "2025-08-20 21:23:52", "elapsed": 34286.6662709713, "delta": 16.524142265319824}, "costs": {"total_cost": 169.74161483747517, "time_cost": 70.528, "final_distance_cost": 1.809125547946833, "oscillation_cost": 23.477822774920398, "completition_cost": 0.0, "overshoot_cost": 50.96184871302473, "power_cost": 11.866018237304688, "noise_cost": 11.098799564278497, "n_waypoints_completed": 9, "tot_waypoints": 9}}
{"target": -168.9464449930431, "params": {"k_pid_pos": [0.5282957479820384, 0.0034073570283680763, 0.010003826947635555], "k_pid_alt": [1.9994867129048757, 0.00015087174339378407, 0.0018706912185968013], "k_pid_att": [23.62404993029327, 6.446636875133767, 0.6058319520417058], "k_pid_yaw": [0.5, 1e-06, 0.1], "k_pid_hsp": [0.1074883484187335, 0.0034905888350272806, 0.0], "k_pid_vsp": [235.59129352139868, 196.3681310935577, 0.431134092161456]}, "datetime": {"datetime": "2025-08-20 21:24:07", "elapsed": 34302.274188518524, "delta": 15.607917547225952}, "costs": {"total_cost": 168.9464449930431, "time_cost": 72.296, "final_distance_cost": 1.827317451987339, "oscillation_cost": 20.37747127809222, "completition_cost": 0.0, "overshoot_cost": 51.17571730655738, "power_cost": 11.81359560546875, "noise_cost": 11.456343350937402, "n_waypoints_completed": 9, "tot_waypoints": 9}}
{"target": -173.9299536411733, "params": {"k_pid_pos": [0.42775899589370053, 0.0032319546962377896, 0.008122359032520553], "k_pid_alt": [1.3543672247378833, 0.00010892456903472844, 0.0018091180956357662], "k_pid_att": [27.594617890732724, 6.072077710760207, 0.5132644775043538], "k_pid_yaw": [0.5, 1e-06, 0.1], "k_pid_hsp": [0.06352581977661867, 0.004812205892906252, 0.0], "k_pid_vsp": [238.6683276263642, 341.76462953135433, 0.6409129371291177]}, "datetime": {"datetime": "2025-08-20 21:24:26", "elapsed": 34321.38535475731, "delta": 19.11116623878479}, "costs": {"total_cost": 173.9299536411733, "time_cost": 77.392, "final_distance_cost": 1.823271312777017, "oscillation_cost": 15.833247590254967, "completition_cost": 0.0, "overshoot_cost": 53.18121753769249, "power_cost": 13.228188195800781, "noise_cost": 12.472029004648036, "n_waypoints_completed": 9, "tot_waypoints": 9}}
{"target": -175.9461997271532, "params": {"k_pid_pos": [0.3274540602793079, 0.003042515761553559, 0.008274806058490555], "k_pid_alt": [2.0, 0.00014948088562380252, 0.0017654153168429204], "k_pid_att": [25.33091826423264, 9.132596690545586, 0.5024154460245677], "k_pid_yaw": [0.5, 1e-06, 0.1], "k_pid_hsp": [0.08441245786829649, 0.00573237493607481, 0.0], "k_pid_vsp": [162.44321820739444, 250.71959677250643, 0.48164764697715]}, "datetime": {"datetime": "2025-08-20 21:24:45", "elapsed": 34339.74584889412, "delta": 18.360494136810303}, "costs": {"total_cost": 175.9461997271532, "time_cost": 79.912, "final_distance_cost": 1.8548650161944948, "oscillation_cost": 15.450839998522435, "completition_cost": 0.0, "overshoot_cost": 52.92333341147361, "power_cost": 12.733837683105468, "noise_cost": 13.071323617857187, "n_waypoints_completed": 9, "tot_waypoints": 9}}
{"target": -171.1567261320629, "params": {"k_pid_pos": [0.6949328359238932, 0.0034848674937725025, 0.009349314001440826], "k_pid_alt": [1.5424178598889522, 0.00013246061459850844, 0.002411964899024926], "k_pid_att": [23.827262791574395, 5.51858403936685, 0.6428399536444612], "k_pid_yaw": [0.5, 1e-06, 0.1], "k_pid_hsp": [0.08407535133251143, 0.0031553146738469307, 0.0], "k_pid_vsp": [188.13813415610207, 200.09958372431856, 0.5187365966632357]}, "datetime": {"datetime": "2025-08-20 21:25:01", "elapsed": 34356.08005428314, "delta": 16.334205389022827}, "costs": {"total_cost": 171.1567261320629, "time_cost": 71.776, "final_distance_cost": 1.800640200165882, "oscillation_cost": 22.32785449269565, "completition_cost": 0.0, "overshoot_cost": 50.91915884665878, "power_cost": 12.645771887207031, "noise_cost": 11.687300705335563, "n_waypoints_completed": 9, "tot_waypoints": 9}}
{"target": -170.09938954857518, "params": {"k_pid_pos": [0.5279487375391836, 0.003445841215833065, 0.008038742486098134], "k_pid_alt": [2.0, 0.0001192119462224276, 0.0020592278689355835], "k_pid_att": [32.20284674317932, 5.832464543634248, 0.6048942155076823], "k_pid_yaw": [0.5, 1e-06, 0.1], "k_pid_hsp": [0.11544662167894358, 0.005470436420563933, 0.0], "k_pid_vsp": [231.3551602848166, 206.41148393442077, 0.4813075414222718]}, "datetime": {"datetime": "2025-08-20 21:25:18", "elapsed": 34372.635508060455, "delta": 16.555453777313232}, "costs": {"total_cost": 170.09938954857518, "time_cost": 72.21600000000001, "final_distance_cost": 1.824436925605715, "oscillation_cost": 21.410674042580613, "completition_cost": 0.0, "overshoot_cost": 51.029765826751756, "power_cost": 12.08317255859375, "noise_cost": 11.535340195043357, "n_waypoints_completed": 9, "tot_waypoints": 9}}
{"target": -169.86740686336867, "params": {"k_pid_pos": [0.5183274813430496, 0.004032439945633118, 0.009321807258138684], "k_pid_alt": [1.7699106124419288, 0.00015143410567072666, 0.002318505315692832], "k_pid_att": [25.067433213218806, 6.072260202572316, 0.5852543842948469], "k_pid_yaw": [0.5, 1e-06, 0.1], "k_pid_hsp": [0.09111259883675853, 0.0044223673509335305, 0.0], "k_pid_vsp": [166.72168774738205, 277.970589132273, 0.5468374593551273]}, "datetime": {"datetime": "2025-08-20 21:25:35", "elapsed": 34389.63880634308, "delta": 17.00329828262329}, "costs": {"total_cost": 169.86740686336867, "time_cost": 72.47200000000001, "final_distance_cost": 1.822800138859809, "oscillation_cost": 19.967912718453523, "completition_cost": 0.0, "overshoot_cost": 51.405060743268535, "power_cost": 12.506431872558595, "noise_cost": 11.693201390228188, "n_waypoints_completed": 9, "tot_waypoints": 9}}
{"target": -169.06222003917716, "params": {"k_pid_pos": [0.5859522548893094, 0.0035852771889643624, 0.009889189258858384], "k_pid_alt": [1.8809908249168341, 0.00012201572226078809, 0.0018786348249769504], "k_pid_att": [26.15960036473507, 5.440321131342002, 0.5071612360801557], "k_pid_yaw": [0.5, 1e-06, 0.1], "k_pid_hsp": [0.10314798213124414, 0.004174759511251798, 0.0], "k_pid_vsp": [239.09179887571864, 189.87378761811996, 0.546694311594926]}, "datetime": {"datetime": "2025-08-20 21:25:52", "elapsed": 34406.5448615551, "delta": 16.906055212020874}, "costs": {"total_cost": 169.06222003917716, "time_cost": 71.47200000000001, "final_distance_cost": 1.8170570102048313, "oscillation_cost": 21.778788188908994, "completition_cost": 0.0, "overshoot_cost": 50.90865743607917, "power_cost": 11.796618041992188, "noise_cost": 11.289099361991966, "n_waypoints_completed": 9, "tot_waypoints": 9}}
{"target": -169.69821578635765, "params": {"k_pid_pos": [0.6649446373605855, 0.0036807677446293544, 0.008769021662593204], "k_pid_alt": [2.0, 0.0001504162672427415, 0.0010545210561635336], "k_pid_att": [25.469113337230443, 7.587064572035788, 0.6141632338523472], "k_pid_yaw": [0.5, 1e-06, 0.1], "k_pid_hsp": [0.09459709974098633, 0.00478363550398799, 0.0], "k_pid_vsp": [201.01642828339268, 252.42779306598072, 0.5592016043105724]}, "datetime": {"datetime": "2025-08-20 21:26:07", "elapsed": 34422.05851197243, "delta": 15.51365041732788}, "costs": {"total_cost": 169.69821578635765, "time_cost": 71.104, "final_distance_cost": 1.8061449416036996, "oscillation_cost": 22.78922557956164, "completition_cost": 0.0, "overshoot_cost": 50.46033131548799, "power_cost": 12.134928784179689, "noise_cost": 11.403585165524614, "n_waypoints_completed": 9, "tot_waypoints": 9}}
{"target": -169.20976904252308, "params": {"k_pid_pos": [0.4331342494823507, 0.004391213582469159, 0.007819088521135923], "k_pid_alt": [2.0, 0.00011696620648530942, 0.0015001628909671536], "k_pid_att": [24.60088620672696, 7.383181170482364, 0.5083239814136172], "k_pid_yaw": [0.5, 1e-06, 0.1], "k_pid_hsp": [0.09629888906240892, 0.0042041749718324285, 0.0], "k_pid_vsp": [177.86578567784338, 339.8118820252813, 0.529028725247197]}, "datetime": {"datetime": "2025-08-20 21:26:25", "elapsed": 34439.64362883568, "delta": 17.585116863250732}, "costs": {"total_cost": 169.20976904252308, "time_cost": 74.328, "final_distance_cost": 1.8376619836534946, "oscillation_cost": 18.23839615085933, "completition_cost": 0.0, "overshoot_cost": 51.052820364409975, "power_cost": 11.932409411621094, "noise_cost": 11.820481131979184, "n_waypoints_completed": 9, "tot_waypoints": 9}}
{"target": -169.80047470526304, "params": {"k_pid_pos": [0.5837611769419319, 0.0037624563292552684, 0.0075799833507763465], "k_pid_alt": [1.7401466145665696, 0.00012041482192006135, 0.0013839731380792019], "k_pid_att": [20.738247315172647, 7.803106889728672, 0.5223328734268895], "k_pid_yaw": [0.5, 1e-06, 0.1], "k_pid_hsp": [0.08291207193124747, 0.003841268672599959, 0.0], "k_pid_vsp": [242.82230782971206, 266.4245593848962, 0.4888746583768148]}, "datetime": {"datetime": "2025-08-20 21:26:40", "elapsed": 34455.064066410065, "delta": 15.420437574386597}, "costs": {"total_cost": 169.80047470526304, "time_cost": 72.328, "final_distance_cost": 1.7858583912114394, "oscillation_cost": 20.620253064432806, "completition_cost": 0.0, "overshoot_cost": 51.362388462080894, "power_cost": 12.130556994628908, "noise_cost": 11.573417792908987, "n_waypoints_completed": 9, "tot_waypoints": 9}}
{"target": -170.13308910927358, "params": {"k_pid_pos": [0.5819854599829891, 0.002882664624946902, 0.0073139056777195175], "k_pid_alt": [1.9040127109492333, 0.00013314781486013696, 0.001623683424201049], "k_pid_att": [33.39242785039586, 6.5807782599105344, 0.6060656525667055], "k_pid_yaw": [0.5, 1e-06, 0.1], "k_pid_hsp": [0.11775571945576502, 0.002923935927312667, 0.0], "k_pid_vsp": [197.27458066076647, 215.4595473693777, 0.47939128244279866]}, "datetime": {"datetime": "2025-08-20 21:26:57", "elapsed": 34472.04029226303, "delta": 16.97622585296631}, "costs": {"total_cost": 170.13308910927358, "time_cost": 71.504, "final_distance_cost": 1.8359817007340964, "oscillation_cost": 22.542795470800023, "completition_cost": 0.0, "overshoot_cost": 50.647077247350474, "power_cost": 12.088741064453126, "noise_cost": 11.514493625935877, "n_waypoints_completed": 9, "tot_waypoints": 9}}
{"target": -169.8210953172336, "params": {"k_pid_pos": [0.5242183144127409, 0.004232955713123861, 0.008710350686513291], "k_pid_alt": [1.6310793254890819, 9.555302416494665e-05, 0.0019578558653603746], "k_pid_att": [24.15967681018799, 9.100397026199508, 0.5604247158562733], "k_pid_yaw": [0.5, 1e-06, 0.1], "k_pid_hsp": [0.09872111283381875, 0.004686436195955623, 0.0], "k_pid_vsp": [235.10140752587935, 273.7358955989949, 0.5663164749410382]}, "datetime": {"datetime": "2025-08-20 21:27:13", "elapsed": 34487.57218146324, "delta": 15.531889200210571}, "costs": {"total_cost": 169.8210953172336, "time_cost": 72.184, "final_distance_cost": 1.8210494686212193, "oscillation_cost": 20.827133914814677, "completition_cost": 0.0, "overshoot_cost": 50.96631884677587, "power_cost": 12.429497314453126, "noise_cost": 11.593095772568713, "n_waypoints_completed": 9, "tot_waypoints": 9}}
{"target": -170.16698345603987, "params": {"k_pid_pos": [0.6913030300029362, 0.0035680596498288536, 0.007598032619148028], "k_pid_alt": [1.8767949420710988, 0.00011644037968585454, 0.002076104085081508], "k_pid_att": [26.158111206985996, 8.775666252087124, 0.5974792756790094], "k_pid_yaw": [0.5, 1e-06, 0.1], "k_pid_hsp": [0.12504609366040428, 0.0053871864787696224, 0.0], "k_pid_vsp": [195.12027784667757, 257.68481923270264, 0.4561796006018762]}, "datetime": {"datetime": "2025-08-20 21:27:30", "elapsed": 34504.73592352867, "delta": 17.163742065429688}, "costs": {"total_cost": 170.16698345603987, "time_cost": 70.264, "final_distance_cost": 1.8179710996859273, "oscillation_cost": 24.188182400155455, "completition_cost": 0.0, "overshoot_cost": 50.53756795013947, "power_cost": 12.077576403808594, "noise_cost": 11.281685602250437, "n_waypoints_completed": 9, "tot_waypoints": 9}}
{"target": -170.74411381289713, "params": {"k_pid_pos": [0.7344889789448089, 0.0033313740767673913, 0.008490577824328284], "k_pid_alt": [2.0, 0.00012127297827752469, 0.0020381539759365317], "k_pid_att": [27.215974754488, 6.392875521035493, 0.5339121193152566], "k_pid_yaw": [0.5, 1e-06, 0.1], "k_pid_hsp": [0.0870148593509809, 0.004679890039194622, 0.0], "k_pid_vsp": [242.3497941874995, 238.94096771897168, 0.5244848072046877]}, "datetime": {"datetime": "2025-08-20 21:27:45", "elapsed": 34520.051770448685, "delta": 15.315846920013428}, "costs": {"total_cost": 170.74411381289713, "time_cost": 71.248, "final_distance_cost": 1.8119742804862162, "oscillation_cost": 23.47207056528861, "completition_cost": 0.0, "overshoot_cost": 50.97320002413043, "power_cost": 12.023388403320313, "noise_cost": 11.21548053967155, "n_waypoints_completed": 9, "tot_waypoints": 9}}
{"target": -170.8460298344441, "params": {"k_pid_pos": [0.6113612586634952, 0.004097952758904072, 0.008304211303261548], "k_pid_alt": [2.0, 0.0001250978802911229, 0.0018033361845113817], "k_pid_att": [24.986810676060202, 7.3072291017619735, 0.5377528566268447], "k_pid_yaw": [0.5, 1e-06, 0.1], "k_pid_hsp": [0.08200279976965714, 0.004551172434071319, 0.0], "k_pid_vsp": [216.93183058659966, 301.54637702918006, 0.31677228607478786]}, "datetime": {"datetime": "2025-08-20 21:28:02", "elapsed": 34537.442115306854, "delta": 17.390344858169556}, "costs": {"total_cost": 170.8460298344441, "time_cost": 72.34400000000001, "final_distance_cost": 1.7848612378546762, "oscillation_cost": 20.931583539508143, "completition_cost": 0.0, "overshoot_cost": 51.35910386228014, "power_cost": 12.694674169921875, "noise_cost": 11.731807024879267, "n_waypoints_completed": 9, "tot_waypoints": 9}}
{"target": -169.21068931615574, "params": {"k_pid_pos": [0.6400878098144779, 0.003006306058750666, 0.009871538123624346], "k_pid_alt": [2.0, 0.00011879035996066087, 0.001466610916883368], "k_pid_att": [29.65744979598338, 7.082920784636177, 0.44698639951370267], "k_pid_yaw": [0.5, 1e-06, 0.1], "k_pid_hsp": [0.09939016532059221, 0.006144371214526636, 0.0], "k_pid_vsp": [244.32199790037373, 247.7657852503811, 0.5010272402032449]}, "datetime": {"datetime": "2025-08-20 21:28:18", "elapsed": 34552.77215576172, "delta": 15.330040454864502}, "costs": {"total_cost": 169.21068931615574, "time_cost": 71.032, "final_distance_cost": 1.825139306142625, "oscillation_cost": 22.348152391554137, "completition_cost": 0.0, "overshoot_cost": 50.94728424391156, "power_cost": 11.880471337890626, "noise_cost": 11.177642036656813, "n_waypoints_completed": 9, "tot_waypoints": 9}}
{"target": -171.68822611450037, "params": {"k_pid_pos": [0.6086521379970273, 0.004343741387175352, 0.0074863407851604195], "k_pid_alt": [2.0, 0.00010844856767096662, 0.001808738077455376], "k_pid_att": [25.4692008079101, 8.614643029169024, 0.7037659806678455], "k_pid_yaw": [0.5, 1e-06, 0.1], "k_pid_hsp": [0.07738195080285078, 0.0051493862212988436, 0.0], "k_pid_vsp": [250.8278381581243, 283.40486253204875, 0.6529754342637578]}, "datetime": {"datetime": "2025-08-20 21:28:35", "elapsed": 34570.07237148285, "delta": 17.30021572113037}, "costs": {"total_cost": 171.68822611450037, "time_cost": 73.12, "final_distance_cost": 1.7962229456156222, "oscillation_cost": 20.867384363239083, "completition_cost": 0.0, "overshoot_cost": 52.121699497290166, "power_cost": 12.211189526367187, "noise_cost": 11.57172978198831, "n_waypoints_completed": 9, "tot_waypoints": 9}}
{"target": -170.2334990465398, "params": {"k_pid_pos": [0.5953324786620935, 0.003643162909935797, 0.008117701886800758], "k_pid_alt": [1.9746647686246914, 0.0001346742067233572, 0.0016380274016746402], "k_pid_att": [33.05618416753215, 7.6052300605427225, 0.5836620251329069], "k_pid_yaw": [0.5, 1e-06, 0.1], "k_pid_hsp": [0.11555669447346928, 0.0037251335798351034, 0.0], "k_pid_vsp": [168.2059175445639, 247.27219435849898, 0.5067581458419431]}, "datetime": {"datetime": "2025-08-20 21:28:52", "elapsed": 34586.67270922661, "delta": 16.600337743759155}, "costs": {"total_cost": 170.2334990465398, "time_cost": 71.336, "final_distance_cost": 1.8144338300245983, "oscillation_cost": 22.365316519266486, "completition_cost": 0.0, "overshoot_cost": 51.010167607500854, "power_cost": 12.14336318359375, "noise_cost": 11.564217906154102, "n_waypoints_completed": 9, "tot_waypoints": 9}}
{"target": -176.53694257721526, "params": {"k_pid_pos": [0.5252213368712915, 0.004209726982078739, 0.008561499797429569], "k_pid_alt": [2.0, 0.00013772265466134093, 0.0018001181015999646], "k_pid_att": [25.451136744610896, 7.376807103079044, 0.5827912133435915], "k_pid_yaw": [0.5, 1e-06, 0.1], "k_pid_hsp": [0.0606457003646618, 0.0038869325819241066, 0.0], "k_pid_vsp": [212.13346943053318, 255.5921243503286, 0.4858898254441386]}, "datetime": {"datetime": "2025-08-20 21:29:09", "elapsed": 34603.99875688553, "delta": 17.326047658920288}, "costs": {"total_cost": 176.53694257721526, "time_cost": 77.584, "final_distance_cost": 1.8153384544415923, "oscillation_cost": 17.496789406335434, "completition_cost": 0.0, "overshoot_cost": 53.861257133243335, "power_cost": 13.225803381347657, "noise_cost": 12.553754201847248, "n_waypoints_completed": 9, "tot_waypoints": 9}}
