{"target": -169.16209205421356, "params": {"k_pid_pos": [0.512653414662268, 0.0035647071394672033, 0.006778603688139731], "k_pid_alt": [2.0, 0.00015061728322327204, 0.001615011080950985], "k_pid_att": [23.86255053840237, 7.575583207539815, 0.6099532959684658], "k_pid_yaw": [0.5, 1e-06, 0.1], "k_pid_hsp": [0.10734905006894506, 0.004198356153494667, 0.0], "k_pid_vsp": [218.75871808926658, 240.70546305400407, 0.5580263353860677]}, "datetime": {"datetime": "2025-08-20 21:50:39", "elapsed": 35893.834872961044, "delta": 17.279252529144287}, "costs": {"total_cost": 169.16209205421356, "time_cost": 72.44800000000001, "final_distance_cost": 1.8283834614695047, "oscillation_cost": 20.73881327244815, "completition_cost": 0.0, "overshoot_cost": 50.76147885782175, "power_cost": 11.869746057128907, "noise_cost": 11.515670405345242, "n_waypoints_completed": 9, "tot_waypoints": 9}}
{"target": -170.1644752711814, "params": {"k_pid_pos": [0.7281920762069936, 0.0035383335807622623, 0.009146417308332431], "k_pid_alt": [1.9492752625000065, 0.00015802568659404475, 0.002099564755029358], "k_pid_att": [27.026631930851337, 8.782064097127906, 0.7257656395888619], "k_pid_yaw": [0.5, 1e-06, 0.1], "k_pid_hsp": [0.09400670589393136, 0.005432469377849298, 0.0], "k_pid_vsp": [220.88588088887192, 308.0009871304261, 0.5647625159451028]}, "datetime": {"datetime": "2025-08-20 21:50:54", "elapsed": 35909.13949775696, "delta": 15.304624795913696}, "costs": {"total_cost": 170.1644752711814, "time_cost": 70.768, "final_distance_cost": 1.8113008593721163, "oscillation_cost": 24.110001501924337, "completition_cost": 0.0, "overshoot_cost": 50.36819711682099, "power_cost": 11.95975545654297, "noise_cost": 11.147220336520974, "n_waypoints_completed": 9, "tot_waypoints": 9}}
{"target": -169.37162525598717, "params": {"k_pid_pos": [0.5151468114483185, 0.0022845881776522676, 0.008737920846777283], "k_pid_alt": [1.9158652566905434, 0.0001449262321867193, 0.0019809245152016598], "k_pid_att": [27.21981741782892, 7.175102615698816, 0.35926789146189525], "k_pid_yaw": [0.5, 1e-06, 0.1], "k_pid_hsp": [0.09433143159056458, 0.004658952157626388, 0.0], "k_pid_vsp": [164.70153880328087, 253.4856733931449, 0.5516419800113767]}, "datetime": {"datetime": "2025-08-20 21:51:12", "elapsed": 35926.59001970291, "delta": 17.45052194595337}, "costs": {"total_cost": 169.37162525598717, "time_cost": 72.432, "final_distance_cost": 1.8335138991792443, "oscillation_cost": 20.133653704784557, "completition_cost": 0.0, "overshoot_cost": 50.751336287265104, "power_cost": 12.549092102050782, "noise_cost": 11.672029262707463, "n_waypoints_completed": 9, "tot_waypoints": 9}}
{"target": -169.21244012861158, "params": {"k_pid_pos": [0.5967375774710225, 0.0031698241444102254, 0.008836582862171538], "k_pid_alt": [2.0, 0.00015512202643382667, 0.001988614598113257], "k_pid_att": [25.315312374058134, 8.06946295954347, 0.5916743602350883], "k_pid_yaw": [0.5, 1e-06, 0.1], "k_pid_hsp": [0.09885050298459513, 0.004585643146893671, 0.0], "k_pid_vsp": [153.00790142950072, 261.688809288581, 0.6038524993307269]}, "datetime": {"datetime": "2025-08-20 21:51:27", "elapsed": 35942.46616601944, "delta": 15.87614631652832}, "costs": {"total_cost": 169.21244012861158, "time_cost": 71.432, "final_distance_cost": 1.813487074776857, "oscillation_cost": 21.910172446708078, "completition_cost": 0.0, "overshoot_cost": 50.58108518819671, "power_cost": 12.085751135253906, "noise_cost": 11.38994428367602, "n_waypoints_completed": 9, "tot_waypoints": 9}}
{"target": -170.62453950332701, "params": {"k_pid_pos": [0.7785717622642241, 0.003693520687792226, 0.008230322163787704], "k_pid_alt": [2.0, 0.00014880192539150922, 0.0018158560748142369], "k_pid_att": [27.799731588614062, 6.656240034014213, 0.6341196627371048], "k_pid_yaw": [0.5, 1e-06, 0.1], "k_pid_hsp": [0.10350079309526942, 0.004208384589707948, 0.0], "k_pid_vsp": [161.5363849647948, 190.85062307298313, 0.6333551273638447]}, "datetime": {"datetime": "2025-08-20 21:51:44", "elapsed": 35958.538783073425, "delta": 16.072617053985596}, "costs": {"total_cost": 170.62453950332701, "time_cost": 70.352, "final_distance_cost": 1.7988527428145646, "oscillation_cost": 24.395454687679194, "completition_cost": 0.0, "overshoot_cost": 50.759726740464814, "power_cost": 12.028645251464845, "noise_cost": 11.289860080903594, "n_waypoints_completed": 9, "tot_waypoints": 9}}
{"target": -170.56183626111726, "params": {"k_pid_pos": [0.6498293228723544, 0.0028447624816774265, 0.00789933398074443], "k_pid_alt": [2.0, 0.00013780253906238047, 0.0014908709472794327], "k_pid_att": [31.306156233225874, 6.667125990875971, 0.5099664041644171], "k_pid_yaw": [0.5, 1e-06, 0.1], "k_pid_hsp": [0.0847200556018282, 0.0045319074617268746, 0.0], "k_pid_vsp": [182.0590356253057, 257.2900307650495, 0.4985248214648739]}, "datetime": {"datetime": "2025-08-20 21:52:00", "elapsed": 35975.45448637009, "delta": 16.915703296661377}, "costs": {"total_cost": 170.56183626111726, "time_cost": 71.84, "final_distance_cost": 1.7945095623521814, "oscillation_cost": 21.896641268830564, "completition_cost": 0.0, "overshoot_cost": 51.643747567059584, "power_cost": 11.949043823242189, "noise_cost": 11.437894039632729, "n_waypoints_completed": 9, "tot_waypoints": 9}}
{"target": -170.38310465327976, "params": {"k_pid_pos": [0.5612655504282901, 0.003842047086925669, 0.007829162411593595], "k_pid_alt": [1.9860357905289898, 0.0001281774883977843, 0.0019126718639655045], "k_pid_att": [26.395725350493024, 7.806351509468736, 0.570257858222078], "k_pid_yaw": [0.5, 1e-06, 0.1], "k_pid_hsp": [0.07963548184085571, 0.005434884739871727, 0.0], "k_pid_vsp": [215.04556463267033, 273.85617266332446, 0.3751138676066043]}, "datetime": {"datetime": "2025-08-20 21:52:18", "elapsed": 35992.73259949684, "delta": 17.27811312675476}, "costs": {"total_cost": 170.38310465327976, "time_cost": 72.896, "final_distance_cost": 1.789802474123847, "oscillation_cost": 20.1072691236624, "completition_cost": 0.0, "overshoot_cost": 51.412346195485895, "power_cost": 12.498149047851562, "noise_cost": 11.67953781215603, "n_waypoints_completed": 9, "tot_waypoints": 9}}
{"target": -170.72484250447275, "params": {"k_pid_pos": [0.49580762794184513, 0.0036121209319499824, 0.006926650626820852], "k_pid_alt": [2.0, 0.00014137816950165135, 0.0013450397406451133], "k_pid_att": [28.102987703369156, 6.998896530146795, 0.6195567813185474], "k_pid_yaw": [0.5, 1e-06, 0.1], "k_pid_hsp": [0.11884959515382382, 0.004947453347847376, 0.0], "k_pid_vsp": [241.44261517043387, 221.90634456822, 0.4444453891154203]}, "datetime": {"datetime": "2025-08-20 21:52:34", "elapsed": 36008.79975771904, "delta": 16.067158222198486}, "costs": {"total_cost": 170.72484250447275, "time_cost": 72.976, "final_distance_cost": 1.8365542380884115, "oscillation_cost": 20.952823530978463, "completition_cost": 0.0, "overshoot_cost": 50.67902369647418, "power_cost": 12.423691918945313, "noise_cost": 11.856749119986377, "n_waypoints_completed": 9, "tot_waypoints": 9}}
{"target": -169.5244261281113, "params": {"k_pid_pos": [0.5236473025882505, 0.00414862539908127, 0.00836325353327184], "k_pid_alt": [2.0, 0.00013404249593057332, 0.0018085005455428817], "k_pid_att": [30.06186630251032, 8.59541190015303, 0.583602317440416], "k_pid_yaw": [0.5, 1e-06, 0.1], "k_pid_hsp": [0.08744825821504365, 0.004351445843622907, 0.0], "k_pid_vsp": [248.39595207424404, 236.57952480657036, 0.484268325772297]}, "datetime": {"datetime": "2025-08-20 21:52:52", "elapsed": 36026.845579862595, "delta": 18.045822143554688}, "costs": {"total_cost": 169.5244261281113, "time_cost": 72.64, "final_distance_cost": 1.8201740721833868, "oscillation_cost": 19.589978476148453, "completition_cost": 0.0, "overshoot_cost": 51.64238533867549, "power_cost": 12.240058679199219, "noise_cost": 11.591829561904706, "n_waypoints_completed": 9, "tot_waypoints": 9}}
{"target": -170.73292158855514, "params": {"k_pid_pos": [0.7349273700742515, 0.00335570438991653, 0.01037580618067184], "k_pid_alt": [2.0, 0.00010569324314776561, 0.0016819502997586662], "k_pid_att": [24.82926948173352, 6.992621709893345, 0.6154393588982376], "k_pid_yaw": [0.5, 1e-06, 0.1], "k_pid_hsp": [0.09586287065331507, 0.0035967537247693464, 0.0], "k_pid_vsp": [179.6275487248274, 238.6378479853536, 0.5293609529574334]}, "datetime": {"datetime": "2025-08-20 21:53:07", "elapsed": 36042.49510765076, "delta": 15.649527788162231}, "costs": {"total_cost": 170.73292158855514, "time_cost": 70.76, "final_distance_cost": 1.8209034068766763, "oscillation_cost": 24.00407766978174, "completition_cost": 0.0, "overshoot_cost": 50.89668223087392, "power_cost": 12.046725109863281, "noise_cost": 11.20453317115951, "n_waypoints_completed": 9, "tot_waypoints": 9}}
{"target": -170.86804343788472, "params": {"k_pid_pos": [0.543432451890422, 0.00394367056089713, 0.007503870609462434], "k_pid_alt": [1.9126210866027193, 0.00013468375294123795, 0.0012484254341937366], "k_pid_att": [30.4422414707827, 8.572938659074254, 0.5781698706628285], "k_pid_yaw": [0.5, 1e-06, 0.1], "k_pid_hsp": [0.07569516633617229, 0.005662677019803185, 0.0], "k_pid_vsp": [171.13666080167116, 290.6598246187636, 0.5237370454294447]}, "datetime": {"datetime": "2025-08-20 21:53:25", "elapsed": 36059.831538677216, "delta": 17.33643102645874}, "costs": {"total_cost": 170.86804343788472, "time_cost": 73.608, "final_distance_cost": 1.8098801103994766, "oscillation_cost": 19.41307525278178, "completition_cost": 0.0, "overshoot_cost": 51.79376693226719, "power_cost": 12.549798840332032, "noise_cost": 11.693522302104206, "n_waypoints_completed": 9, "tot_waypoints": 9}}
{"target": -169.34250319912184, "params": {"k_pid_pos": [0.5882959964708493, 0.003932908134292532, 0.007531361755221015], "k_pid_alt": [1.5957472677999043, 0.00011376869039373852, 0.001640681168090384], "k_pid_att": [28.383416881832414, 7.432042419729744, 0.5829284017466531], "k_pid_yaw": [0.5, 1e-06, 0.1], "k_pid_hsp": [0.09024814570441923, 0.004241596680081277, 0.0], "k_pid_vsp": [215.34649828911066, 212.54519873038848, 0.48721569634640965]}, "datetime": {"datetime": "2025-08-20 21:53:41", "elapsed": 36076.208578825, "delta": 16.377040147781372}, "costs": {"total_cost": 169.34250319912184, "time_cost": 71.784, "final_distance_cost": 1.8191762351382568, "oscillation_cost": 21.04064258735504, "completition_cost": 0.0, "overshoot_cost": 50.92339112493125, "power_cost": 12.245265307617188, "noise_cost": 11.530027944080095, "n_waypoints_completed": 9, "tot_waypoints": 9}}
{"target": -169.86719540105187, "params": {"k_pid_pos": [0.5823029710422526, 0.0037009613774378423, 0.00788366563512106], "k_pid_alt": [2.0, 0.00010406837033915955, 0.0018252431008723164], "k_pid_att": [32.013454351884384, 7.4448981160624825, 0.515327682156567], "k_pid_yaw": [0.5, 1e-06, 0.1], "k_pid_hsp": [0.08995944684245656, 0.002675914455991807, 0.0], "k_pid_vsp": [298.8479231022188, 240.98550286361748, 0.6717786986369739]}, "datetime": {"datetime": "2025-08-20 21:53:57", "elapsed": 36092.42919397354, "delta": 16.22061514854431}, "costs": {"total_cost": 169.86719540105187, "time_cost": 72.056, "final_distance_cost": 1.8231737393830298, "oscillation_cost": 20.739826282518713, "completition_cost": 0.0, "overshoot_cost": 51.43539968340749, "power_cost": 12.149431872558594, "noise_cost": 11.66336382318403, "n_waypoints_completed": 9, "tot_waypoints": 9}}
{"target": -171.50617422128016, "params": {"k_pid_pos": [0.6712533461578687, 0.0037306364266396362, 0.01091114044932096], "k_pid_alt": [2.0, 0.00010701018226506562, 0.0018114687533255312], "k_pid_att": [22.36688121282785, 9.398384713023423, 0.5719740735629378], "k_pid_yaw": [0.5, 1e-06, 0.1], "k_pid_hsp": [0.08070529062660885, 0.003989330533323966, 0.0], "k_pid_vsp": [215.16136840362205, 314.0624090230062, 0.7602409773777263]}, "datetime": {"datetime": "2025-08-20 21:54:14", "elapsed": 36109.35414361954, "delta": 16.924949645996094}, "costs": {"total_cost": 171.50617422128016, "time_cost": 72.28, "final_distance_cost": 1.785130415443907, "oscillation_cost": 22.16315669388779, "completition_cost": 0.0, "overshoot_cost": 51.26930171091095, "power_cost": 12.39587744140625, "noise_cost": 11.612707959631269, "n_waypoints_completed": 9, "tot_waypoints": 9}}
{"target": -171.4445574017985, "params": {"k_pid_pos": [0.45074930419413456, 0.0034312948701995384, 0.006723078968081295], "k_pid_alt": [2.0, 0.0001447939326081159, 0.001256599220314468], "k_pid_att": [30.650502144461495, 6.49085324264754, 0.753028784516994], "k_pid_yaw": [0.5, 1e-06, 0.1], "k_pid_hsp": [0.06638073482527225, 0.0038135889127528765, 0.0], "k_pid_vsp": [222.1787816191269, 251.70534921788476, 0.44619151989763933]}, "datetime": {"datetime": "2025-08-20 21:54:31", "elapsed": 36126.491881370544, "delta": 17.13773775100708}, "costs": {"total_cost": 171.4445574017985, "time_cost": 76.112, "final_distance_cost": 1.7992409895262302, "oscillation_cost": 16.162968277382685, "completition_cost": 0.0, "overshoot_cost": 52.551507322705696, "power_cost": 12.562528283691407, "noise_cost": 12.256312528492476, "n_waypoints_completed": 9, "tot_waypoints": 9}}
{"target": -170.35335513887358, "params": {"k_pid_pos": [0.668191995882693, 0.00472525245675666, 0.011153008504619186], "k_pid_alt": [1.6487241259250072, 0.00013058070324237938, 0.0019251621848620348], "k_pid_att": [24.672257887293455, 6.513364186873865, 0.5230013453622028], "k_pid_yaw": [0.5, 1e-06, 0.1], "k_pid_hsp": [0.0932239732463729, 0.0046016706267446765, 0.0], "k_pid_vsp": [204.50738467385108, 180.7645966132312, 0.5512865936826151]}, "datetime": {"datetime": "2025-08-20 21:54:49", "elapsed": 36143.800337553024, "delta": 17.30845618247986}, "costs": {"total_cost": 170.35335513887358, "time_cost": 71.096, "final_distance_cost": 1.7924548111839878, "oscillation_cost": 22.539895167535686, "completition_cost": 0.0, "overshoot_cost": 50.91299785240045, "power_cost": 12.456865014648438, "noise_cost": 11.555142293105032, "n_waypoints_completed": 9, "tot_waypoints": 9}}
{"target": -168.91423596198683, "params": {"k_pid_pos": [0.6043574176019818, 0.003691293976372569, 0.008973054122040016], "k_pid_alt": [2.0, 0.00010882754192295908, 0.002171694121230061], "k_pid_att": [29.32630539114677, 7.268920318355032, 0.5672326656707017], "k_pid_yaw": [0.5, 1e-06, 0.1], "k_pid_hsp": [0.09626823468637537, 0.004072441716525215, 0.0], "k_pid_vsp": [140.71840984506863, 293.61699147616497, 0.5693670489627959]}, "datetime": {"datetime": "2025-08-20 21:55:04", "elapsed": 36159.123965501785, "delta": 15.323627948760986}, "costs": {"total_cost": 168.91423596198683, "time_cost": 71.504, "final_distance_cost": 1.817991010132951, "oscillation_cost": 21.441377624701087, "completition_cost": 0.0, "overshoot_cost": 50.83639448138235, "power_cost": 12.038196508789063, "noise_cost": 11.276276336981383, "n_waypoints_completed": 9, "tot_waypoints": 9}}
{"target": -169.9465781011448, "params": {"k_pid_pos": [0.5844803370261419, 0.0032454936450860027, 0.007573885640249487], "k_pid_alt": [1.697253367905036, 0.00013579242076709727, 0.002115000562168901], "k_pid_att": [30.374852230763167, 7.578538135011296, 0.5148619544597137], "k_pid_yaw": [0.5, 1e-06, 0.1], "k_pid_hsp": [0.084394585374658, 0.0039424578889068525, 0.0], "k_pid_vsp": [206.4257132194601, 240.24812780551622, 0.49539994641071156]}, "datetime": {"datetime": "2025-08-20 21:55:22", "elapsed": 36176.600897312164, "delta": 17.47693181037903}, "costs": {"total_cost": 169.9465781011448, "time_cost": 72.168, "final_distance_cost": 1.824957404898295, "oscillation_cost": 20.454875239097134, "completition_cost": 0.0, "overshoot_cost": 51.09291294335576, "power_cost": 12.731991027832033, "noise_cost": 11.673841485961555, "n_waypoints_completed": 9, "tot_waypoints": 9}}
{"target": -169.45223191523553, "params": {"k_pid_pos": [0.5669418166965343, 0.004408902969465207, 0.010370714668699406], "k_pid_alt": [1.890446755106401, 0.00010071402218727857, 0.0015196898511660318], "k_pid_att": [22.303660690843003, 8.031806151076333, 0.4220100715882075], "k_pid_yaw": [0.5, 1e-06, 0.1], "k_pid_hsp": [0.09171866180013703, 0.0027946657798254737, 0.0], "k_pid_vsp": [252.8611046666199, 240.09271717199042, 0.5903937033422181]}, "datetime": {"datetime": "2025-08-20 21:55:37", "elapsed": 36192.00240063667, "delta": 15.401503324508667}, "costs": {"total_cost": 169.45223191523553, "time_cost": 72.024, "final_distance_cost": 1.8156933506097996, "oscillation_cost": 20.617356183537407, "completition_cost": 0.0, "overshoot_cost": 51.21426965610323, "power_cost": 12.1965703125, "noise_cost": 11.584342412485093, "n_waypoints_completed": 9, "tot_waypoints": 9}}
{"target": -174.35903276806928, "params": {"k_pid_pos": [0.6519890627618103, 0.004760815081082036, 0.008575922429836362], "k_pid_alt": [2.0, 0.00013563467266337428, 0.0016522999607238031], "k_pid_att": [23.76782987165896, 8.004509735581559, 0.5330641744326391], "k_pid_yaw": [0.5, 1e-06, 0.1], "k_pid_hsp": [0.06715899618341022, 0.004683101248587354, 0.0], "k_pid_vsp": [196.50440617246682, 283.30777717808394, 0.5167338337026411]}, "datetime": {"datetime": "2025-08-20 21:55:56", "elapsed": 36210.96411561966, "delta": 18.96171498298645}, "costs": {"total_cost": 174.35903276806928, "time_cost": 74.60000000000001, "final_distance_cost": 1.79053379692381, "oscillation_cost": 20.88080864840241, "completition_cost": 0.0, "overshoot_cost": 52.342475253073225, "power_cost": 12.820956750488282, "noise_cost": 11.92425831918155, "n_waypoints_completed": 9, "tot_waypoints": 9}}
{"target": -170.08223946445236, "params": {"k_pid_pos": [0.6478219283152045, 0.003352838480186356, 0.008075344651548922], "k_pid_alt": [2.0, 0.00010289409822267406, 0.0020571432277770607], "k_pid_att": [24.493607332127755, 7.178596634413409, 0.5507942429825428], "k_pid_yaw": [0.5, 1e-06, 0.1], "k_pid_hsp": [0.13052242855138205, 0.004452028421644554, 0.0], "k_pid_vsp": [194.5554141024444, 244.63956151893754, 0.4872719922182198]}, "datetime": {"datetime": "2025-08-20 21:56:11", "elapsed": 36226.47623133659, "delta": 15.512115716934204}, "costs": {"total_cost": 170.08223946445236, "time_cost": 70.8, "final_distance_cost": 1.8216624172453435, "oscillation_cost": 24.18436236210434, "completition_cost": 0.0, "overshoot_cost": 50.01504878904218, "power_cost": 11.834897058105469, "noise_cost": 11.426268837955034, "n_waypoints_completed": 9, "tot_waypoints": 9}}
{"target": -171.0234552674885, "params": {"k_pid_pos": [0.7089565523944809, 0.004338510199076457, 0.009329828444818085], "k_pid_alt": [1.713177090760066, 0.00011363650789342807, 0.0016895210070262616], "k_pid_att": [28.037767914152397, 6.095661491469511, 0.5288905644777971], "k_pid_yaw": [0.5, 1e-06, 0.1], "k_pid_hsp": [0.1011476420269719, 0.003514346114087646, 0.0], "k_pid_vsp": [273.13448766095865, 252.4165907007953, 0.44246202079748737]}, "datetime": {"datetime": "2025-08-20 21:56:29", "elapsed": 36244.316863536835, "delta": 17.84063220024109}, "costs": {"total_cost": 171.0234552674885, "time_cost": 70.60000000000001, "final_distance_cost": 1.8239918263153678, "oscillation_cost": 23.673659093567213, "completition_cost": 0.0, "overshoot_cost": 51.17737394247174, "power_cost": 12.347331457519532, "noise_cost": 11.40109894761463, "n_waypoints_completed": 9, "tot_waypoints": 9}}
{"target": -171.3071918597193, "params": {"k_pid_pos": [0.6345606404844224, 0.003684653048233936, 0.008629693800890896], "k_pid_alt": [1.9853765096714018, 0.00015493182536998107, 0.0018850706637413637], "k_pid_att": [26.50640789286604, 6.633915099549134, 0.6158340600705187], "k_pid_yaw": [0.5, 1e-06, 0.1], "k_pid_hsp": [0.08306720280015727, 0.004903985677514385, 0.0], "k_pid_vsp": [214.7565821498965, 286.89371790235526, 0.5587367859341332]}, "datetime": {"datetime": "2025-08-20 21:56:45", "elapsed": 36259.92680263519, "delta": 15.609939098358154}, "costs": {"total_cost": 171.3071918597193, "time_cost": 72.112, "final_distance_cost": 1.8148423449646647, "oscillation_cost": 21.69896816323189, "completition_cost": 0.0, "overshoot_cost": 51.77866435438713, "power_cost": 12.372703515625, "noise_cost": 11.530013481510634, "n_waypoints_completed": 9, "tot_waypoints": 9}}
{"target": -170.0081148820214, "params": {"k_pid_pos": [0.5468005408335793, 0.0034432708377470627, 0.008689880375132837], "k_pid_alt": [2.0, 9.509376904363608e-05, 0.0015979712179318526], "k_pid_att": [19.659368845765613, 7.697035269773077, 0.5936035855617664], "k_pid_yaw": [0.5, 1e-06, 0.1], "k_pid_hsp": [0.10724896145951922, 0.0052623849026204135, 0.0], "k_pid_vsp": [241.03120164365887, 233.95748957378268, 0.4560514542760042]}, "datetime": {"datetime": "2025-08-20 21:57:02", "elapsed": 36277.3193192482, "delta": 17.392516613006592}, "costs": {"total_cost": 170.0081148820214, "time_cost": 71.816, "final_distance_cost": 1.8254819680661662, "oscillation_cost": 21.545178137064596, "completition_cost": 0.0, "overshoot_cost": 51.02579670616855, "power_cost": 12.263110620117189, "noise_cost": 11.532547450604921, "n_waypoints_completed": 9, "tot_waypoints": 9}}
{"target": -169.73085505847607, "params": {"k_pid_pos": [0.516450971132845, 0.003762658638901932, 0.007905092436774779], "k_pid_alt": [1.484873534336147, 0.00016234280355195512, 0.001992092430534765], "k_pid_att": [26.95446757308279, 6.483822504807527, 0.5891388914513725], "k_pid_yaw": [0.5, 1e-06, 0.1], "k_pid_hsp": [0.0895266912986506, 0.004417212694323591, 0.0], "k_pid_vsp": [209.77062611206517, 336.6479668028681, 0.5559768969723745]}, "datetime": {"datetime": "2025-08-20 21:57:18", "elapsed": 36292.91977214813, "delta": 15.600452899932861}, "costs": {"total_cost": 169.73085505847607, "time_cost": 72.616, "final_distance_cost": 1.8233486783192223, "oscillation_cost": 19.43282024197543, "completition_cost": 0.0, "overshoot_cost": 51.833507658961516, "power_cost": 12.378366308593751, "noise_cost": 11.646812170626175, "n_waypoints_completed": 9, "tot_waypoints": 9}}
