{"target": -169.5331870362189, "params": {"k_pid_pos": [0.6424465947614476, 0.0030285174429203698, 0.007366127426961966], "k_pid_alt": [2.0, 0.00010277364776144178, 0.002249299355150424], "k_pid_att": [24.528828789592506, 7.4236282603134285, 0.5456951052746916], "k_pid_yaw": [0.5, 1e-06, 0.1], "k_pid_hsp": [0.11032000954225503, 0.004361887225025485, 0.0], "k_pid_vsp": [184.69528683370956, 225.76967942673096, 0.5951244613976064]}, "datetime": {"datetime": "2025-08-20 22:04:32", "elapsed": 36726.99047923088, "delta": 17.058557987213135}, "costs": {"total_cost": 169.5331870362189, "time_cost": 70.88, "final_distance_cost": 1.8194111663063166, "oscillation_cost": 22.9422480483071, "completition_cost": 0.0, "overshoot_cost": 50.880209529759234, "power_cost": 11.784003137207032, "noise_cost": 11.227315154639198, "n_waypoints_completed": 9, "tot_waypoints": 9}}
{"target": -169.18799790075474, "params": {"k_pid_pos": [0.5464335391902866, 0.004240975714602934, 0.007232852199159844], "k_pid_alt": [1.6963075717211318, 0.00010757480425531509, 0.002094265697137886], "k_pid_att": [28.21826799307318, 7.488901820082218, 0.6619102110077443], "k_pid_yaw": [0.5, 1e-06, 0.1], "k_pid_hsp": [0.0977067847539642, 0.004681467832584495, 0.0], "k_pid_vsp": [179.5606096903739, 215.4842528388874, 0.5546719367244708]}, "datetime": {"datetime": "2025-08-20 22:04:50", "elapsed": 36745.37013053894, "delta": 18.379651308059692}, "costs": {"total_cost": 169.18799790075474, "time_cost": 71.896, "final_distance_cost": 1.8216580133039613, "oscillation_cost": 20.534610119613383, "completition_cost": 0.0, "overshoot_cost": 50.85098984605218, "power_cost": 12.458329895019531, "noise_cost": 11.626410026765667, "n_waypoints_completed": 9, "tot_waypoints": 9}}
{"target": -168.21994808138078, "params": {"k_pid_pos": [0.5853183204786353, 0.004147666141919067, 0.0074042645911593], "k_pid_alt": [1.9042372277090598, 0.0001491559135471746, 0.0014624603526195415], "k_pid_att": [25.25931467244091, 7.258936189119147, 0.4775785762827092], "k_pid_yaw": [0.5, 1e-06, 0.1], "k_pid_hsp": [0.09305776933520876, 0.005102734814769518, 0.0], "k_pid_vsp": [226.343059386591, 260.9788493381048, 0.6076358719067553]}, "datetime": {"datetime": "2025-08-20 22:05:06", "elapsed": 36761.207453250885, "delta": 15.83732271194458}, "costs": {"total_cost": 168.21994808138078, "time_cost": 71.624, "final_distance_cost": 1.8229754072816984, "oscillation_cost": 21.229864318225232, "completition_cost": 0.0, "overshoot_cost": 50.55612427387697, "power_cost": 11.670603613281251, "noise_cost": 11.316380468715622, "n_waypoints_completed": 9, "tot_waypoints": 9}}
{"target": -170.54306767577927, "params": {"k_pid_pos": [0.4906418859256985, 0.0038625588467649605, 0.0071303149191855805], "k_pid_alt": [1.7521453200097497, 0.00015217796940601168, 0.0014642474512582802], "k_pid_att": [28.44754568236533, 8.02049594056326, 0.626308932232921], "k_pid_yaw": [0.5, 1e-06, 0.1], "k_pid_hsp": [0.07653490280098012, 0.004415606642689027, 0.0], "k_pid_vsp": [218.25975511101103, 248.69331228198337, 0.44295095878731017]}, "datetime": {"datetime": "2025-08-20 22:05:26", "elapsed": 36780.99076628685, "delta": 19.783313035964966}, "costs": {"total_cost": 170.54306767577927, "time_cost": 73.8, "final_distance_cost": 1.828585048945854, "oscillation_cost": 18.16332363294723, "completition_cost": 0.0, "overshoot_cost": 51.95231825810392, "power_cost": 12.797791845703125, "noise_cost": 12.001048890079158, "n_waypoints_completed": 9, "tot_waypoints": 9}}
{"target": -169.52609779495776, "params": {"k_pid_pos": [0.6114448518404242, 0.0022768212625300117, 0.009466187608474124], "k_pid_alt": [1.564664763919571, 0.00013972115424591103, 0.0014820022181384629], "k_pid_att": [27.239703568242643, 6.689818663191665, 0.5607555703388399], "k_pid_yaw": [0.5, 1e-06, 0.1], "k_pid_hsp": [0.10755023241713163, 0.005374152213371643, 0.0], "k_pid_vsp": [219.44673655950467, 311.5742787065877, 0.5826239452497456]}, "datetime": {"datetime": "2025-08-20 22:05:42", "elapsed": 36796.88967227936, "delta": 15.898905992507935}, "costs": {"total_cost": 169.52609779495776, "time_cost": 71.0, "final_distance_cost": 1.8256463307140705, "oscillation_cost": 22.44130147376041, "completition_cost": 0.0, "overshoot_cost": 50.76482192212313, "power_cost": 12.162868774414063, "noise_cost": 11.331459293946084, "n_waypoints_completed": 9, "tot_waypoints": 9}}
{"target": -169.33128400457832, "params": {"k_pid_pos": [0.5395590112553839, 0.004342492444307887, 0.008598575078056102], "k_pid_alt": [2.0, 0.000123782892056509, 0.0015093588994534739], "k_pid_att": [34.66344186482984, 6.164093335982024, 0.43905666108283475], "k_pid_yaw": [0.5, 1e-06, 0.1], "k_pid_hsp": [0.09394006060167054, 0.005273376398022333, 0.0], "k_pid_vsp": [197.6668443493776, 239.4062621279913, 0.571172255686001]}, "datetime": {"datetime": "2025-08-20 22:06:01", "elapsed": 36815.59349131584, "delta": 18.703819036483765}, "costs": {"total_cost": 169.33128400457832, "time_cost": 72.176, "final_distance_cost": 1.8326713316305154, "oscillation_cost": 20.42118753752843, "completition_cost": 0.0, "overshoot_cost": 51.55417653099734, "power_cost": 11.953112646484376, "noise_cost": 11.394135957937642, "n_waypoints_completed": 9, "tot_waypoints": 9}}
{"target": -170.56711515492594, "params": {"k_pid_pos": [0.6881295973983931, 0.002964001233286783, 0.0072363292524555076], "k_pid_alt": [2.0, 0.00013397334638818396, 0.001794529132178364], "k_pid_att": [24.426346651301838, 8.357025806504048, 0.6830627089332619], "k_pid_yaw": [0.5, 1e-06, 0.1], "k_pid_hsp": [0.103912142978094, 0.005204945094361018, 0.0], "k_pid_vsp": [223.29566786186183, 236.3024400056131, 0.5913429440291533]}, "datetime": {"datetime": "2025-08-20 22:06:16", "elapsed": 36831.26216983795, "delta": 15.668678522109985}, "costs": {"total_cost": 170.56711515492594, "time_cost": 70.648, "final_distance_cost": 1.7931776411898281, "oscillation_cost": 23.49281093982027, "completition_cost": 0.0, "overshoot_cost": 50.85946122013865, "power_cost": 12.404449621582032, "noise_cost": 11.369215732195201, "n_waypoints_completed": 9, "tot_waypoints": 9}}
{"target": -169.3065070578172, "params": {"k_pid_pos": [0.5047093255277038, 0.003665736634169388, 0.006890832942649237], "k_pid_alt": [2.0, 9.524968705375595e-05, 0.00145424291081262], "k_pid_att": [31.174153436387897, 7.469628192883488, 0.5768851597956123], "k_pid_yaw": [0.5, 1e-06, 0.1], "k_pid_hsp": [0.09480077420234863, 0.004890832894269114, 0.0], "k_pid_vsp": [187.8632936030705, 224.53160267609098, 0.5449828134983713]}, "datetime": {"datetime": "2025-08-20 22:06:33", "elapsed": 36848.372324466705, "delta": 17.110154628753662}, "costs": {"total_cost": 169.3065070578172, "time_cost": 72.632, "final_distance_cost": 1.8367493724177688, "oscillation_cost": 19.612674404104336, "completition_cost": 0.0, "overshoot_cost": 51.153736017019, "power_cost": 12.334921215820312, "noise_cost": 11.736426048455769, "n_waypoints_completed": 9, "tot_waypoints": 9}}
{"target": -169.54058555124877, "params": {"k_pid_pos": [0.6039264325982922, 0.0031688995293245505, 0.008312689116984165], "k_pid_alt": [1.9564908546629365, 0.00014616761402334378, 0.001828247560040251], "k_pid_att": [25.332726168510586, 8.228819806445946, 0.5596219315675319], "k_pid_yaw": [0.5, 1e-06, 0.1], "k_pid_hsp": [0.09730609064000816, 0.004676192316949095, 0.0], "k_pid_vsp": [183.53421127398448, 235.54097578979528, 0.4908316679243219]}, "datetime": {"datetime": "2025-08-20 22:06:49", "elapsed": 36863.53652691841, "delta": 15.164202451705933}, "costs": {"total_cost": 169.54058555124877, "time_cost": 71.36, "final_distance_cost": 1.830711503606669, "oscillation_cost": 22.0216699890771, "completition_cost": 0.0, "overshoot_cost": 50.86858933324476, "power_cost": 12.078718493652344, "noise_cost": 11.38089623166792, "n_waypoints_completed": 9, "tot_waypoints": 9}}
{"target": -170.3217464878117, "params": {"k_pid_pos": [0.6887889550696267, 0.003348966924612612, 0.006459179577278273], "k_pid_alt": [1.6212636306283212, 0.00013199148701134266, 0.0018414198301632192], "k_pid_att": [22.218329699771413, 7.1968794599784145, 0.6672472499484027], "k_pid_yaw": [0.5, 1e-06, 0.1], "k_pid_hsp": [0.09844877619370969, 0.004785133759813356, 0.0], "k_pid_vsp": [253.7245987146213, 313.329932536726, 0.4431324026959056]}, "datetime": {"datetime": "2025-08-20 22:07:06", "elapsed": 36880.594336271286, "delta": 17.057809352874756}, "costs": {"total_cost": 170.3217464878117, "time_cost": 70.68, "final_distance_cost": 1.8063508436096944, "oscillation_cost": 23.236605755884106, "completition_cost": 0.0, "overshoot_cost": 50.6964249534524, "power_cost": 12.514081701660157, "noise_cost": 11.388283233205328, "n_waypoints_completed": 9, "tot_waypoints": 9}}
{"target": -168.99763448573924, "params": {"k_pid_pos": [0.4474456999831275, 0.0032455639436566757, 0.008185497793923696], "k_pid_alt": [1.8395706092692208, 0.0001311867091933586, 0.0021175130689920565], "k_pid_att": [28.67206394293991, 6.003861061045089, 0.5412676216899062], "k_pid_yaw": [0.5, 1e-06, 0.1], "k_pid_hsp": [0.07979804758110864, 0.004432777280308028, 0.0], "k_pid_vsp": [166.2225399954854, 273.4402419435095, 0.6464870583912147]}, "datetime": {"datetime": "2025-08-20 22:07:22", "elapsed": 36896.861532211304, "delta": 16.2671959400177}, "costs": {"total_cost": 168.99763448573924, "time_cost": 74.184, "final_distance_cost": 1.828123045631868, "oscillation_cost": 17.525444556592024, "completition_cost": 0.0, "overshoot_cost": 51.343987698307885, "power_cost": 12.16722196044922, "noise_cost": 11.94885722475826, "n_waypoints_completed": 9, "tot_waypoints": 9}}
{"target": -168.66905375600695, "params": {"k_pid_pos": [0.5430995498427218, 0.003977712670062286, 0.008863385932626871], "k_pid_alt": [1.939779531808891, 0.00011592541285979615, 0.002348040390676069], "k_pid_att": [22.108882041236523, 7.338037782292543, 0.6096982883555456], "k_pid_yaw": [0.5, 1e-06, 0.1], "k_pid_hsp": [0.09859321770927916, 0.0044476838738222, 0.0], "k_pid_vsp": [225.36187431992133, 239.85745378524382, 0.5503956460378631]}, "datetime": {"datetime": "2025-08-20 22:07:39", "elapsed": 36913.97060251236, "delta": 17.109070301055908}, "costs": {"total_cost": 168.66905375600695, "time_cost": 71.992, "final_distance_cost": 1.8362422436002719, "oscillation_cost": 20.816834134109794, "completition_cost": 0.0, "overshoot_cost": 50.78813407775071, "power_cost": 11.837502160644531, "noise_cost": 11.398341139901655, "n_waypoints_completed": 9, "tot_waypoints": 9}}
{"target": -182.03678111575454, "params": {"k_pid_pos": [0.6415137083786852, 0.0036968746360779097, 0.008393773878381396], "k_pid_alt": [1.6062589816949873, 0.00014114234076930085, 0.0018350501084956675], "k_pid_att": [26.650646499539366, 6.454022051368896, 0.531782676322832], "k_pid_yaw": [0.5, 1e-06, 0.1], "k_pid_hsp": [0.04656877697579894, 0.004256269126137306, 0.0], "k_pid_vsp": [269.26541643321156, 179.7792986955119, 0.5354626716214264]}, "datetime": {"datetime": "2025-08-20 22:07:57", "elapsed": 36932.289321899414, "delta": 18.318719387054443}, "costs": {"total_cost": 182.03678111575454, "time_cost": 81.272, "final_distance_cost": 1.7659648534645873, "oscillation_cost": 17.130585385068784, "completition_cost": 0.0, "overshoot_cost": 55.82239138123311, "power_cost": 13.214585803222658, "noise_cost": 12.831253692765372, "n_waypoints_completed": 9, "tot_waypoints": 9}}
{"target": -168.70040923268476, "params": {"k_pid_pos": [0.6046530995281798, 0.0038768096547096647, 0.00891875590025385], "k_pid_alt": [1.9168591005871125, 0.00011619325500092016, 0.0010237460077912601], "k_pid_att": [24.172737020961335, 9.441999987279393, 0.610716480464032], "k_pid_yaw": [0.5, 1e-06, 0.1], "k_pid_hsp": [0.10613852252716566, 0.004354056025265362, 0.0], "k_pid_vsp": [260.4561139705867, 244.52343504718291, 0.38240487288999203]}, "datetime": {"datetime": "2025-08-20 22:08:15", "elapsed": 36950.22179412842, "delta": 17.932472229003906}, "costs": {"total_cost": 168.70040923268476, "time_cost": 71.168, "final_distance_cost": 1.8152573604804034, "oscillation_cost": 22.18427881386878, "completition_cost": 0.0, "overshoot_cost": 50.312232799588145, "power_cost": 11.900621301269531, "noise_cost": 11.320018957477915, "n_waypoints_completed": 9, "tot_waypoints": 9}}
{"target": -169.3022863750624, "params": {"k_pid_pos": [0.5261944761088225, 0.0025384567110406297, 0.009827456670604879], "k_pid_alt": [2.0, 0.00013700890314465413, 0.0018942512078780535], "k_pid_att": [29.25757180962268, 9.791784762103633, 0.6072821537517156], "k_pid_yaw": [0.5, 1e-06, 0.1], "k_pid_hsp": [0.09937228398927767, 0.004974127870084959, 0.0], "k_pid_vsp": [227.8823891461941, 304.7472397675379, 0.5620358722266482]}, "datetime": {"datetime": "2025-08-20 22:08:32", "elapsed": 36966.56827878952, "delta": 16.346484661102295}, "costs": {"total_cost": 169.3022863750624, "time_cost": 72.2, "final_distance_cost": 1.8370937813180515, "oscillation_cost": 20.569940186205905, "completition_cost": 0.0, "overshoot_cost": 51.008413712376644, "power_cost": 12.112778845214844, "noise_cost": 11.57405984994695, "n_waypoints_completed": 9, "tot_waypoints": 9}}
{"target": -168.93363954848473, "params": {"k_pid_pos": [0.5955820144664753, 0.004598000807885513, 0.007635224966174252], "k_pid_alt": [2.0, 0.0001187422179803133, 0.00198436043423004], "k_pid_att": [31.808757028759228, 7.233851136174741, 0.6352479560413348], "k_pid_yaw": [0.5, 1e-06, 0.1], "k_pid_hsp": [0.094717789419532, 0.00423653834157212, 0.0], "k_pid_vsp": [183.2904169532842, 249.5129844084411, 0.4966560127513828]}, "datetime": {"datetime": "2025-08-20 22:08:48", "elapsed": 36983.08262205124, "delta": 16.51434326171875}, "costs": {"total_cost": 168.93363954848473, "time_cost": 71.608, "final_distance_cost": 1.8071289781369757, "oscillation_cost": 21.21645704912413, "completition_cost": 0.0, "overshoot_cost": 50.74107319447947, "power_cost": 12.065911682128906, "noise_cost": 11.495068644615266, "n_waypoints_completed": 9, "tot_waypoints": 9}}
{"target": -168.5918809822216, "params": {"k_pid_pos": [0.5948331275035481, 0.004069835839807834, 0.008126998233014335], "k_pid_alt": [1.906673614082023, 0.00011712986814005169, 0.0016100473270151733], "k_pid_att": [29.86649437551837, 6.797875439884362, 0.5770719483500303], "k_pid_yaw": [0.5, 1e-06, 0.1], "k_pid_hsp": [0.10041425636180955, 0.004756726071111081, 0.0], "k_pid_vsp": [229.78254498578676, 268.3327168357384, 0.5780769692920125]}, "datetime": {"datetime": "2025-08-20 22:09:05", "elapsed": 36999.5298371315, "delta": 16.44721508026123}, "costs": {"total_cost": 168.5918809822216, "time_cost": 71.36, "final_distance_cost": 1.813415862105251, "oscillation_cost": 21.710438436058073, "completition_cost": 0.0, "overshoot_cost": 50.34296100398364, "power_cost": 11.9711001953125, "noise_cost": 11.393965484762175, "n_waypoints_completed": 9, "tot_waypoints": 9}}
{"target": -169.14712466250973, "params": {"k_pid_pos": [0.5578376317486822, 0.003981952220056131, 0.007026914231708939], "k_pid_alt": [2.0, 0.00011147044376957514, 0.0012748761729873136], "k_pid_att": [31.87851221840754, 8.578234557332637, 0.46342903857262097], "k_pid_yaw": [0.5, 1e-06, 0.1], "k_pid_hsp": [0.09593436128270043, 0.004790792557255366, 0.0], "k_pid_vsp": [203.26719776999167, 276.35698868077355, 0.549017188594822]}, "datetime": {"datetime": "2025-08-20 22:09:21", "elapsed": 37016.02732300758, "delta": 16.497485876083374}, "costs": {"total_cost": 169.14712466250973, "time_cost": 71.88, "final_distance_cost": 1.8157022157175386, "oscillation_cost": 20.69332026115452, "completition_cost": 0.0, "overshoot_cost": 51.383210111900645, "power_cost": 11.986558984375, "noise_cost": 11.388333089362037, "n_waypoints_completed": 9, "tot_waypoints": 9}}
{"target": -169.04697830827715, "params": {"k_pid_pos": [0.6246607123090554, 0.0033365787596173623, 0.007327557179898889], "k_pid_alt": [1.828416259342638, 0.0001670720895076, 0.001658999301021052], "k_pid_att": [26.333438805445883, 7.907605297155704, 0.42443848099434506], "k_pid_yaw": [0.5, 1e-06, 0.1], "k_pid_hsp": [0.08923167584348106, 0.00515123702080312, 0.0], "k_pid_vsp": [231.94897689969528, 260.81167888885483, 0.6109067029927012]}, "datetime": {"datetime": "2025-08-20 22:09:37", "elapsed": 37032.37916326523, "delta": 16.351840257644653}, "costs": {"total_cost": 169.04697830827715, "time_cost": 71.512, "final_distance_cost": 1.8119387116057135, "oscillation_cost": 21.809776089962764, "completition_cost": 0.0, "overshoot_cost": 51.06644935516209, "power_cost": 11.646289123535157, "noise_cost": 11.200525028011414, "n_waypoints_completed": 9, "tot_waypoints": 9}}
{"target": -169.33193598159022, "params": {"k_pid_pos": [0.4982393663076065, 0.004194322096180351, 0.005868879420657401], "k_pid_alt": [1.464247263067876, 0.0001390149681935681, 0.001593519036089515], "k_pid_att": [29.24307195763784, 8.088067509167006, 0.5334951416696048], "k_pid_yaw": [0.5, 1e-06, 0.1], "k_pid_hsp": [0.10694346363890117, 0.005508701596423557, 0.0], "k_pid_vsp": [226.59520428510925, 246.1239000812948, 0.5561331464598763]}, "datetime": {"datetime": "2025-08-20 22:09:53", "elapsed": 37048.4676053524, "delta": 16.088442087173462}, "costs": {"total_cost": 169.33193598159022, "time_cost": 72.696, "final_distance_cost": 1.8414665030677488, "oscillation_cost": 20.22782563760157, "completition_cost": 0.0, "overshoot_cost": 50.900679114836194, "power_cost": 12.075462353515626, "noise_cost": 11.590502372569096, "n_waypoints_completed": 9, "tot_waypoints": 9}}
{"target": -170.03671961930934, "params": {"k_pid_pos": [0.584354150060829, 0.0037055968592498434, 0.008346248734896219], "k_pid_alt": [2.0, 0.00015895188722939746, 0.0017978116305211473], "k_pid_att": [26.058187745976994, 7.410835163888794, 0.47566088008770563], "k_pid_yaw": [0.5, 1e-06, 0.1], "k_pid_hsp": [0.08712146712503871, 0.003982490390472433, 0.0], "k_pid_vsp": [264.19595420530896, 279.98074311166624, 0.5290718144839627]}, "datetime": {"datetime": "2025-08-20 22:10:11", "elapsed": 37065.69191813469, "delta": 17.224312782287598}, "costs": {"total_cost": 170.03671961930934, "time_cost": 72.06400000000001, "final_distance_cost": 1.8056606075427417, "oscillation_cost": 20.835756647798846, "completition_cost": 0.0, "overshoot_cost": 51.38941895533808, "power_cost": 12.384249047851563, "noise_cost": 11.557634360778074, "n_waypoints_completed": 9, "tot_waypoints": 9}}
{"target": -169.31637820019924, "params": {"k_pid_pos": [0.4619177272054505, 0.0031506011802645167, 0.007023310235243812], "k_pid_alt": [2.0, 0.00015134892519195074, 0.0020022157113618647], "k_pid_att": [30.258863048402834, 7.97502784245722, 0.6421597559220839], "k_pid_yaw": [0.5, 1e-06, 0.1], "k_pid_hsp": [0.09666083914967323, 0.004713174244939103, 0.0], "k_pid_vsp": [216.01018678789296, 246.49626876423693, 0.5573625513857631]}, "datetime": {"datetime": "2025-08-20 22:10:26", "elapsed": 37081.444482803345, "delta": 15.752564668655396}, "costs": {"total_cost": 169.31637820019924, "time_cost": 73.512, "final_distance_cost": 1.8327375791987712, "oscillation_cost": 18.978107471463154, "completition_cost": 0.0, "overshoot_cost": 51.232939740495304, "power_cost": 12.028463049316407, "noise_cost": 11.732130359725614, "n_waypoints_completed": 9, "tot_waypoints": 9}}
{"target": -170.63539858638038, "params": {"k_pid_pos": [0.6832691229490203, 0.0039926154196365665, 0.006495766131542948], "k_pid_alt": [1.7285397781100056, 0.00017531216515446698, 0.0018628662774701499], "k_pid_att": [25.940794329329346, 9.066563027412279, 0.5160798175213664], "k_pid_yaw": [0.5, 1e-06, 0.1], "k_pid_hsp": [0.08408789790074604, 0.004140986438243934, 0.0], "k_pid_vsp": [244.46603370806667, 211.41254318824804, 0.5176047106058447]}, "datetime": {"datetime": "2025-08-20 22:10:44", "elapsed": 37098.69403100014, "delta": 17.249548196792603}, "costs": {"total_cost": 170.63539858638038, "time_cost": 71.848, "final_distance_cost": 1.774007085799036, "oscillation_cost": 22.251318305725164, "completition_cost": 0.0, "overshoot_cost": 51.583700113036585, "power_cost": 11.786047509765625, "noise_cost": 11.392325572053945, "n_waypoints_completed": 9, "tot_waypoints": 9}}
{"target": -170.43410282037902, "params": {"k_pid_pos": [0.7107284445888687, 0.0034539218100344423, 0.00594018745768551], "k_pid_alt": [1.795561272228321, 0.00016835689286323204, 0.0014512312656314666], "k_pid_att": [24.808769046061666, 8.669251627893622, 0.5624351771854276], "k_pid_yaw": [0.5, 1e-06, 0.1], "k_pid_hsp": [0.09409986492342953, 0.004754193973460079, 0.0], "k_pid_vsp": [219.9925500090513, 247.4551402511297, 0.5417012450458447]}, "datetime": {"datetime": "2025-08-20 22:10:59", "elapsed": 37114.03073978424, "delta": 15.336708784103394}, "costs": {"total_cost": 170.43410282037902, "time_cost": 70.808, "final_distance_cost": 1.7827060176629863, "oscillation_cost": 23.899108933726932, "completition_cost": 0.0, "overshoot_cost": 50.446438349548664, "power_cost": 12.126274035644531, "noise_cost": 11.37157548379589, "n_waypoints_completed": 9, "tot_waypoints": 9}}
{"target": -174.47104219564258, "params": {"k_pid_pos": [0.3729043856502796, 0.0038220102562858977, 0.006333268121647538], "k_pid_alt": [1.9761098224923321, 0.00015146332880258573, 0.0019656495096887975], "k_pid_att": [25.600623534722327, 7.149169075093269, 0.48209715922268875], "k_pid_yaw": [0.5, 1e-06, 0.1], "k_pid_hsp": [0.1039773188478584, 0.004812880363211174, 0.0], "k_pid_vsp": [254.08229776883672, 253.71503051515097, 0.5766519428897515]}, "datetime": {"datetime": "2025-08-20 22:11:19", "elapsed": 37134.29417657852, "delta": 20.263436794281006}, "costs": {"total_cost": 174.47104219564258, "time_cost": 77.592, "final_distance_cost": 1.8557670407972289, "oscillation_cost": 17.47564348835974, "completition_cost": 0.0, "overshoot_cost": 51.87352200851572, "power_cost": 12.888251477050781, "noise_cost": 12.78585818091911, "n_waypoints_completed": 9, "tot_waypoints": 9}}
