{"target": -170.28618419386527, "params": {"k_pid_pos": [0.6590754161608817, 0.0032771557963346813, 0.009153005267009713], "k_pid_alt": [2.0, 0.0001337672625234625, 0.0016067872500483162], "k_pid_att": [31.50773700616757, 6.68226094458322, 0.6996280374876718], "k_pid_yaw": [0.5, 1e-06, 0.1], "k_pid_hsp": [0.10016955835967879, 0.0058060962375614845, 0.0], "k_pid_vsp": [269.75728904740896, 250.52776188425528, 0.5079315511615016]}, "datetime": {"datetime": "2025-08-20 20:40:02", "elapsed": 31656.581336259842, "delta": 16.187723636627197}, "costs": {"total_cost": 170.28618419386527, "time_cost": 70.912, "final_distance_cost": 1.824428610492901, "oscillation_cost": 23.244056128045816, "completition_cost": 0.0, "overshoot_cost": 50.6476046653498, "power_cost": 12.29967900390625, "noise_cost": 11.358415786070513, "n_waypoints_completed": 9, "tot_waypoints": 9}}
{"target": -171.44595797461196, "params": {"k_pid_pos": [0.44154936403508865, 0.004062030698775571, 0.0068816559140381095], "k_pid_alt": [1.8595431131998172, 0.0001170048993970031, 0.002310596494717171], "k_pid_att": [17.741078585934158, 8.715758371870182, 0.5978030531294894], "k_pid_yaw": [0.5, 1e-06, 0.1], "k_pid_hsp": [0.11552065406219308, 0.003780028598265395, 0.0], "k_pid_vsp": [263.9943425035357, 276.0296889581846, 0.5418755197259394]}, "datetime": {"datetime": "2025-08-20 20:40:18", "elapsed": 31673.197576522827, "delta": 16.61624026298523}, "costs": {"total_cost": 171.44595797461196, "time_cost": 74.57600000000001, "final_distance_cost": 1.8451148744108272, "oscillation_cost": 19.853922211788525, "completition_cost": 0.0, "overshoot_cost": 50.906098391074494, "power_cost": 12.203231787109376, "noise_cost": 12.061590710228709, "n_waypoints_completed": 9, "tot_waypoints": 9}}
{"target": -170.9968899249372, "params": {"k_pid_pos": [0.4630179806286323, 0.004602978946933088, 0.006279439083807595], "k_pid_alt": [2.0, 0.00015416668640944143, 0.0018840849188722045], "k_pid_att": [29.454704902563766, 7.461676731572324, 0.5310629921008282], "k_pid_yaw": [0.5, 1e-06, 0.1], "k_pid_hsp": [0.07247482217526442, 0.005424659213346144, 0.0], "k_pid_vsp": [220.00621740786164, 270.4941799188406, 0.715900620381082]}, "datetime": {"datetime": "2025-08-20 20:40:36", "elapsed": 31690.827166557312, "delta": 17.629590034484863}, "costs": {"total_cost": 170.9968899249372, "time_cost": 74.672, "final_distance_cost": 1.8259831574125382, "oscillation_cost": 17.410820089260948, "completition_cost": 0.0, "overshoot_cost": 52.59703839965747, "power_cost": 12.439712780761718, "noise_cost": 12.051335497844532, "n_waypoints_completed": 9, "tot_waypoints": 9}}
{"target": -170.44607956122462, "params": {"k_pid_pos": [0.4546441815563127, 0.003345127273008438, 0.009806706004252074], "k_pid_alt": [1.793951742198334, 0.00014458814798459525, 0.002045205116600324], "k_pid_att": [26.274928490266728, 6.820546250403315, 0.621828602010725], "k_pid_yaw": [0.5, 1e-06, 0.1], "k_pid_hsp": [0.09533103086892614, 0.005374521004955925, 0.0], "k_pid_vsp": [215.01062337024737, 291.38158862150993, 0.655807447587648]}, "datetime": {"datetime": "2025-08-20 20:40:52", "elapsed": 31706.866069078445, "delta": 16.038902521133423}, "costs": {"total_cost": 170.44607956122462, "time_cost": 73.624, "final_distance_cost": 1.8288867683282086, "oscillation_cost": 18.787790660334462, "completition_cost": 0.0, "overshoot_cost": 51.548498897126905, "power_cost": 12.690493273925782, "noise_cost": 11.966409961509273, "n_waypoints_completed": 9, "tot_waypoints": 9}}
{"target": -169.63306954128757, "params": {"k_pid_pos": [0.7409775784949488, 0.0036088643594717304, 0.0074978915920139695], "k_pid_alt": [1.8896180877879851, 0.00013426815419807783, 0.0018839145042324626], "k_pid_att": [40.21575382697122, 7.440963694129266, 0.6624648439441249], "k_pid_yaw": [0.5, 1e-06, 0.1], "k_pid_hsp": [0.10632136987266011, 0.005266336368908067, 0.0], "k_pid_vsp": [251.0880599442286, 298.7935275752538, 0.5555412526918627]}, "datetime": {"datetime": "2025-08-20 20:41:09", "elapsed": 31723.949231863022, "delta": 17.083162784576416}, "costs": {"total_cost": 169.63306954128757, "time_cost": 70.272, "final_distance_cost": 1.8180966599202506, "oscillation_cost": 24.36106032054669, "completition_cost": 0.0, "overshoot_cost": 50.15804021182186, "power_cost": 11.8962537109375, "noise_cost": 11.127618638061282, "n_waypoints_completed": 9, "tot_waypoints": 9}}
{"target": -169.66853570165648, "params": {"k_pid_pos": [0.6217890000560116, 0.0035227993831040646, 0.007039042176323667], "k_pid_alt": [2.0, 0.0001596298007445286, 0.001615178420396747], "k_pid_att": [32.111202301263496, 6.596472708764556, 0.6844198352800065], "k_pid_yaw": [0.5, 1e-06, 0.1], "k_pid_hsp": [0.10630469861107834, 0.005265234572786517, 0.0], "k_pid_vsp": [232.47908176746145, 267.4245467133408, 0.8495460081832754]}, "datetime": {"datetime": "2025-08-20 20:41:24", "elapsed": 31739.414749383926, "delta": 15.465517520904541}, "costs": {"total_cost": 169.66853570165648, "time_cost": 71.04, "final_distance_cost": 1.8168527527794218, "oscillation_cost": 22.7569687509601, "completition_cost": 0.0, "overshoot_cost": 50.58401892831269, "power_cost": 12.08291043701172, "noise_cost": 11.387784832592544, "n_waypoints_completed": 9, "tot_waypoints": 9}}
{"target": -173.19888311892683, "params": {"k_pid_pos": [0.4829114801022312, 0.0042830728854806556, 0.007086896058935328], "k_pid_alt": [1.7401185254071045, 0.0001594997085121917, 0.0018175751284227476], "k_pid_att": [17.319205474649525, 4.703637970668879, 0.4831906898219203], "k_pid_yaw": [0.5, 1e-06, 0.1], "k_pid_hsp": [0.06368634247407627, 0.005439603095749447, 0.0], "k_pid_vsp": [216.93359524260345, 281.7275412234173, 0.7080730696233554]}, "datetime": {"datetime": "2025-08-20 20:41:42", "elapsed": 31756.904056072235, "delta": 17.489306688308716}, "costs": {"total_cost": 173.19888311892683, "time_cost": 76.88, "final_distance_cost": 1.7915920707872435, "oscillation_cost": 17.26649266652943, "completition_cost": 0.0, "overshoot_cost": 52.39600698560601, "power_cost": 12.695042529296876, "noise_cost": 12.169748866707305, "n_waypoints_completed": 9, "tot_waypoints": 9}}
{"target": -169.83600472703228, "params": {"k_pid_pos": [0.6000527435626294, 0.0029164493544520907, 0.0059605341096485185], "k_pid_alt": [2.0, 0.00013066373036998386, 0.0014354696685242787], "k_pid_att": [28.75846933877021, 6.162248405613117, 0.7913111691654868], "k_pid_yaw": [0.5, 1e-06, 0.1], "k_pid_hsp": [0.11362458718547165, 0.0050629394642189894, 0.0], "k_pid_vsp": [273.705968244531, 304.1036742047222, 0.8706199458408749]}, "datetime": {"datetime": "2025-08-20 20:41:57", "elapsed": 31772.339963674545, "delta": 15.43590760231018}, "costs": {"total_cost": 169.83600472703228, "time_cost": 71.16, "final_distance_cost": 1.836466014589595, "oscillation_cost": 22.82956737465208, "completition_cost": 0.0, "overshoot_cost": 50.639536281202744, "power_cost": 12.002280895996094, "noise_cost": 11.368154160591748, "n_waypoints_completed": 9, "tot_waypoints": 9}}
{"target": -169.11990819959732, "params": {"k_pid_pos": [0.6100159624823379, 0.0026208883984458714, 0.008142115564006078], "k_pid_alt": [1.9897852387013657, 0.00010045274021581707, 0.001670098520884502], "k_pid_att": [34.920345925824954, 5.704977088985106, 0.3128623508312714], "k_pid_yaw": [0.5, 1e-06, 0.1], "k_pid_hsp": [0.10594968751307544, 0.0060158218024139115, 0.0], "k_pid_vsp": [288.2530010749992, 247.8046904758764, 0.6280460727364812]}, "datetime": {"datetime": "2025-08-20 20:42:14", "elapsed": 31788.83194708824, "delta": 16.49198341369629}, "costs": {"total_cost": 169.11990819959732, "time_cost": 71.144, "final_distance_cost": 1.8150135366232878, "oscillation_cost": 22.27230155153742, "completition_cost": 0.0, "overshoot_cost": 50.394898162329014, "power_cost": 12.105674279785157, "noise_cost": 11.388020669322419, "n_waypoints_completed": 9, "tot_waypoints": 9}}
{"target": -170.22691773552953, "params": {"k_pid_pos": [0.43301749014587054, 0.004125701108428599, 0.005848046196772324], "k_pid_alt": [2.0, 0.00013803493570542575, 0.0021862545696132774], "k_pid_att": [27.44589247345211, 5.023644756193643, 0.6055608830233706], "k_pid_yaw": [0.5, 1e-06, 0.1], "k_pid_hsp": [0.09213219315705141, 0.0042785163066768606, 0.0], "k_pid_vsp": [174.91598152281824, 215.9786156623502, 0.7893637670378794]}, "datetime": {"datetime": "2025-08-20 20:42:32", "elapsed": 31806.555642843246, "delta": 17.723695755004883}, "costs": {"total_cost": 170.22691773552953, "time_cost": 74.296, "final_distance_cost": 1.8414742594796454, "oscillation_cost": 17.991599371935763, "completition_cost": 0.0, "overshoot_cost": 51.722515240974154, "power_cost": 12.383182543945313, "noise_cost": 11.99214631919466, "n_waypoints_completed": 9, "tot_waypoints": 9}}
{"target": -171.48833441020932, "params": {"k_pid_pos": [0.5233928207781927, 0.0029261768863360093, 0.006307546990910215], "k_pid_alt": [2.0, 0.00011202438474571837, 0.0013989210557871683], "k_pid_att": [30.90641568332056, 6.979810026821267, 0.5489164067981831], "k_pid_yaw": [0.5, 1e-06, 0.1], "k_pid_hsp": [0.12954299618858753, 0.004897995839855121, 0.0], "k_pid_vsp": [232.2700289458421, 217.94401758854326, 0.733313018126594]}, "datetime": {"datetime": "2025-08-20 20:42:48", "elapsed": 31823.134220600128, "delta": 16.578577756881714}, "costs": {"total_cost": 171.48833441020932, "time_cost": 72.568, "final_distance_cost": 1.837351410875431, "oscillation_cost": 22.326443707511345, "completition_cost": 0.0, "overshoot_cost": 50.47597968248614, "power_cost": 12.435121276855469, "noise_cost": 11.84543833248093, "n_waypoints_completed": 9, "tot_waypoints": 9}}
{"target": -170.77978657006602, "params": {"k_pid_pos": [0.6260697675732144, 0.0036843587800192835, 0.009412834007202083], "k_pid_alt": [1.2646802436282958, 0.00013574772272807644, 0.000816046757025572], "k_pid_att": [29.69169670985291, 8.971495261904842, 0.8996122254076239], "k_pid_yaw": [0.5, 1e-06, 0.1], "k_pid_hsp": [0.1060694424101324, 0.004236522849207392, 0.0], "k_pid_vsp": [215.89082226529058, 156.90634696197424, 0.638844345672856]}, "datetime": {"datetime": "2025-08-20 20:43:05", "elapsed": 31840.04345059395, "delta": 16.90922999382019}, "costs": {"total_cost": 170.77978657006602, "time_cost": 71.248, "final_distance_cost": 1.8314335580727406, "oscillation_cost": 22.660421384646288, "completition_cost": 0.0, "overshoot_cost": 51.153930357442604, "power_cost": 12.41954305419922, "noise_cost": 11.466458215705147, "n_waypoints_completed": 9, "tot_waypoints": 9}}
{"target": -169.81303170177614, "params": {"k_pid_pos": [0.4852205454841713, 0.003632065524166922, 0.010547327840690249], "k_pid_alt": [1.9814113786490086, 0.00015156677892480164, 0.001904467758016265], "k_pid_att": [22.892655529419613, 6.522898606992112, 0.6727336828388252], "k_pid_yaw": [0.5, 1e-06, 0.1], "k_pid_hsp": [0.09824578463975848, 0.006199792045251634, 0.0], "k_pid_vsp": [233.92122513307353, 267.9139519111252, 0.6586441994704257]}, "datetime": {"datetime": "2025-08-20 20:43:21", "elapsed": 31855.91234278679, "delta": 15.868892192840576}, "costs": {"total_cost": 169.81303170177614, "time_cost": 72.896, "final_distance_cost": 1.8360457058534088, "oscillation_cost": 19.710390590820403, "completition_cost": 0.0, "overshoot_cost": 51.16324546006146, "power_cost": 12.477054919433595, "noise_cost": 11.730295025607296, "n_waypoints_completed": 9, "tot_waypoints": 9}}
{"target": -170.23193699133725, "params": {"k_pid_pos": [0.47713693471409885, 0.002013745625897241, 0.007152101652212864], "k_pid_alt": [2.0, 8.882210379581531e-05, 0.0018886448566742284], "k_pid_att": [25.444947366603788, 8.059369871559204, 0.6949223860068362], "k_pid_yaw": [0.5, 1e-06, 0.1], "k_pid_hsp": [0.07310265158892273, 0.004821574035933486, 0.0], "k_pid_vsp": [186.8837642484068, 318.7389428403768, 0.30048662668129716]}, "datetime": {"datetime": "2025-08-20 20:43:38", "elapsed": 31873.00434112549, "delta": 17.09199833869934}, "costs": {"total_cost": 170.23193699133725, "time_cost": 74.32000000000001, "final_distance_cost": 1.814419442232091, "oscillation_cost": 17.709516765878973, "completition_cost": 0.0, "overshoot_cost": 52.42348566501934, "power_cost": 12.157545739746094, "noise_cost": 11.806969378460746, "n_waypoints_completed": 9, "tot_waypoints": 9}}
{"target": -172.34728068776352, "params": {"k_pid_pos": [0.8057971475031368, 0.0024142925926030185, 0.008821480227016976], "k_pid_alt": [2.0, 0.00014933193420615753, 0.0019995232042773446], "k_pid_att": [40.01475610378308, 7.025127595853064, 0.6418953841166579], "k_pid_yaw": [0.5, 1e-06, 0.1], "k_pid_hsp": [0.08402136165261642, 0.006180845060712603, 0.0], "k_pid_vsp": [326.1798369083693, 256.3245306918797, 0.817248459998892]}, "datetime": {"datetime": "2025-08-20 20:43:54", "elapsed": 31888.555387973785, "delta": 15.55104684829712}, "costs": {"total_cost": 172.34728068776352, "time_cost": 71.848, "final_distance_cost": 1.7773010196136374, "oscillation_cost": 24.650758041577514, "completition_cost": 0.0, "overshoot_cost": 50.60248939914257, "power_cost": 12.17655048828125, "noise_cost": 11.292181739148559, "n_waypoints_completed": 9, "tot_waypoints": 9}}
{"target": -170.27726405154505, "params": {"k_pid_pos": [0.5610901693546858, 0.00375554678276536, 0.0061204204926661844], "k_pid_alt": [2.0, 0.00011365559211392913, 0.0016256022414760523], "k_pid_att": [23.635545783330524, 6.4145498580823554, 0.6973632297109984], "k_pid_yaw": [0.5, 1e-06, 0.1], "k_pid_hsp": [0.07791171903616857, 0.005081293281403911, 0.0], "k_pid_vsp": [185.00777017544792, 326.46092015208677, 0.7742235615899705]}, "datetime": {"datetime": "2025-08-20 20:44:12", "elapsed": 31907.137891292572, "delta": 18.58250331878662}, "costs": {"total_cost": 170.27726405154505, "time_cost": 73.176, "final_distance_cost": 1.8044712578170485, "oscillation_cost": 19.9500299536651, "completition_cost": 0.0, "overshoot_cost": 51.55992454046824, "power_cost": 12.277568420410157, "noise_cost": 11.509269879184506, "n_waypoints_completed": 9, "tot_waypoints": 9}}
{"target": -170.65606347819767, "params": {"k_pid_pos": [0.565604247816081, 0.0039716754299355, 0.007295798637488617], "k_pid_alt": [1.6841723515805842, 0.00013526202346806715, 0.0017858830876291375], "k_pid_att": [27.226926408438676, 6.7494315701506125, 0.7964523198819151], "k_pid_yaw": [0.5, 1e-06, 0.1], "k_pid_hsp": [0.08007256934064416, 0.005125205095537267, 0.0], "k_pid_vsp": [206.98468852094956, 191.65406899734455, 0.7036467500421653]}, "datetime": {"datetime": "2025-08-20 20:44:29", "elapsed": 31924.429494857788, "delta": 17.291603565216064}, "costs": {"total_cost": 170.65606347819767, "time_cost": 72.784, "final_distance_cost": 1.8062595774369965, "oscillation_cost": 20.18687307906096, "completition_cost": 0.0, "overshoot_cost": 51.54383384866268, "power_cost": 12.575259094238282, "noise_cost": 11.759837878798747, "n_waypoints_completed": 9, "tot_waypoints": 9}}
{"target": -173.82926813180754, "params": {"k_pid_pos": [0.3399408562494271, 0.003753782123757787, 0.008600148826851927], "k_pid_alt": [2.0, 0.0001321972143154417, 0.0013948985932322319], "k_pid_att": [32.301338124495395, 5.1172601031591745, 0.553784703357671], "k_pid_yaw": [0.5, 1e-06, 0.1], "k_pid_hsp": [0.08101703271820519, 0.00499747628236905, 0.0], "k_pid_vsp": [276.3831947284445, 153.94652407530972, 0.5631180113405905]}, "datetime": {"datetime": "2025-08-20 20:44:49", "elapsed": 31943.95105457306, "delta": 19.521559715270996}, "costs": {"total_cost": 173.82926813180754, "time_cost": 78.528, "final_distance_cost": 1.8439789138857015, "oscillation_cost": 15.115610765511025, "completition_cost": 0.0, "overshoot_cost": 52.761658106239494, "power_cost": 12.640313195800783, "noise_cost": 12.93970715037054, "n_waypoints_completed": 9, "tot_waypoints": 9}}
{"target": -171.94102053953725, "params": {"k_pid_pos": [0.47066830456609116, 0.0033284496498164023, 0.010006377730898167], "k_pid_alt": [0.8476758544076048, 0.00011351886796587351, 0.0017371878110605447], "k_pid_att": [25.226253019473457, 8.884506364396673, 0.7687752223269815], "k_pid_yaw": [0.5, 1e-06, 0.1], "k_pid_hsp": [0.10596547524975582, 0.004328842120202473, 0.0], "k_pid_vsp": [254.45659399351385, 163.96622250363905, 0.60907230384188]}, "datetime": {"datetime": "2025-08-20 20:45:06", "elapsed": 31960.529567480087, "delta": 16.5785129070282}, "costs": {"total_cost": 171.94102053953725, "time_cost": 75.224, "final_distance_cost": 1.8348648221504107, "oscillation_cost": 20.00633406386968, "completition_cost": 0.0, "overshoot_cost": 51.06166578172208, "power_cost": 12.026409875488282, "noise_cost": 11.78774599630683, "n_waypoints_completed": 9, "tot_waypoints": 9}}
{"target": -170.17624839366908, "params": {"k_pid_pos": [0.6308699879407532, 0.003956903693676481, 0.005887641882794376], "k_pid_alt": [2.0, 0.00011794640059690742, 0.002185521352307744], "k_pid_att": [20.31108741952054, 9.295370889766842, 0.5066478701633321], "k_pid_yaw": [0.5, 1e-06, 0.1], "k_pid_hsp": [0.12025824990015703, 0.005242652478384673, 0.0], "k_pid_vsp": [265.3951567991805, 315.8275455227058, 0.6419307978090275]}, "datetime": {"datetime": "2025-08-20 20:45:22", "elapsed": 31976.652968406677, "delta": 16.123400926589966}, "costs": {"total_cost": 170.17624839366908, "time_cost": 70.784, "final_distance_cost": 1.836508218509626, "oscillation_cost": 24.012035840764224, "completition_cost": 0.0, "overshoot_cost": 50.32380782859315, "power_cost": 11.97123367919922, "noise_cost": 11.248662826602834, "n_waypoints_completed": 9, "tot_waypoints": 9}}
{"target": -171.84749863079898, "params": {"k_pid_pos": [0.39081498079987415, 0.0034372547662479165, 0.00513009951713193], "k_pid_alt": [1.7768828605604952, 0.00014705855314999582, 0.0015377503206993933], "k_pid_att": [25.270599724313865, 7.269174893544431, 0.7420410169942038], "k_pid_yaw": [0.5, 1e-06, 0.1], "k_pid_hsp": [0.09706028938500316, 0.005163162642706755, 0.0], "k_pid_vsp": [269.93899766668284, 303.6916477361086, 0.5910693707628737]}, "datetime": {"datetime": "2025-08-20 20:45:40", "elapsed": 31994.711290836334, "delta": 18.058322429656982}, "costs": {"total_cost": 171.84749863079898, "time_cost": 76.048, "final_distance_cost": 1.848290888503746, "oscillation_cost": 17.683099157807693, "completition_cost": 0.0, "overshoot_cost": 51.75644185307208, "power_cost": 12.258911950683594, "noise_cost": 12.252754780731875, "n_waypoints_completed": 9, "tot_waypoints": 9}}
{"target": -169.5373769527467, "params": {"k_pid_pos": [0.6724983383769455, 0.00428195678278268, 0.008058147378906663], "k_pid_alt": [1.8250363661976856, 0.0001131061146120213, 0.0015323408623831075], "k_pid_att": [23.151681862066848, 7.5159882355120535, 0.6406920761813054], "k_pid_yaw": [0.5, 1e-06, 0.1], "k_pid_hsp": [0.11722093544512058, 0.005489331619498018, 0.0], "k_pid_vsp": [213.7140926642019, 227.00172873029047, 0.6828476555087245]}, "datetime": {"datetime": "2025-08-20 20:45:55", "elapsed": 32010.290719270706, "delta": 15.579428434371948}, "costs": {"total_cost": 169.5373769527467, "time_cost": 70.432, "final_distance_cost": 1.8301508993305526, "oscillation_cost": 23.921016899581826, "completition_cost": 0.0, "overshoot_cost": 50.054416058665865, "power_cost": 11.981772448730469, "noise_cost": 11.318020646437994, "n_waypoints_completed": 9, "tot_waypoints": 9}}
{"target": -170.0741354458891, "params": {"k_pid_pos": [0.456967952383125, 0.004006265103094723, 0.006094519697236731], "k_pid_alt": [1.674624021154739, 8.818775045241515e-05, 0.0017431012676829725], "k_pid_att": [26.399773523617394, 7.495660986523196, 0.646778661459562], "k_pid_yaw": [0.5, 1e-06, 0.1], "k_pid_hsp": [0.09754049879662356, 0.005858662618033235, 0.0], "k_pid_vsp": [283.1156406829707, 114.65150924314628, 0.6671045799796795]}, "datetime": {"datetime": "2025-08-20 20:46:13", "elapsed": 32028.184461593628, "delta": 17.893742322921753}, "costs": {"total_cost": 170.0741354458891, "time_cost": 73.656, "final_distance_cost": 1.83214493339422, "oscillation_cost": 18.99422568588589, "completition_cost": 0.0, "overshoot_cost": 51.74330666522217, "power_cost": 12.098781298828126, "noise_cost": 11.749676862558701, "n_waypoints_completed": 9, "tot_waypoints": 9}}
{"target": -170.28223084142556, "params": {"k_pid_pos": [0.678073438134327, 0.0037868436331884824, 0.00933156188120954], "k_pid_alt": [1.3927338292398208, 0.00010928709924390954, 0.0014239881220242492], "k_pid_att": [30.827461918342916, 7.001796478422918, 0.6051693822015844], "k_pid_yaw": [0.5, 1e-06, 0.1], "k_pid_hsp": [0.12723433181397428, 0.004655087478438894, 0.0], "k_pid_vsp": [268.5774995256898, 249.20673612313945, 0.563594767253679]}, "datetime": {"datetime": "2025-08-20 20:46:29", "elapsed": 32043.587624311447, "delta": 15.403162717819214}, "costs": {"total_cost": 170.28223084142556, "time_cost": 70.47200000000001, "final_distance_cost": 1.8059512526665242, "oscillation_cost": 24.160226445855237, "completition_cost": 0.0, "overshoot_cost": 50.74705774094147, "power_cost": 11.849911413574219, "noise_cost": 11.247083988388091, "n_waypoints_completed": 9, "tot_waypoints": 9}}
{"target": -171.1042469661731, "params": {"k_pid_pos": [0.5139700264653768, 0.004060298803258709, 0.008010905728297017], "k_pid_alt": [1.9098611824711185, 0.00011991106995406699, 0.0014968534615505409], "k_pid_att": [20.590548125943183, 7.480495939976328, 0.6701909460801296], "k_pid_yaw": [0.5, 1e-06, 0.1], "k_pid_hsp": [0.12583951196499954, 0.005618058932373685, 0.0], "k_pid_vsp": [218.06088943495024, 245.7023927094483, 0.6655654323930057]}, "datetime": {"datetime": "2025-08-20 20:46:45", "elapsed": 32060.495799779892, "delta": 16.908175468444824}, "costs": {"total_cost": 171.1042469661731, "time_cost": 72.568, "final_distance_cost": 1.8322014526525832, "oscillation_cost": 22.052164975263462, "completition_cost": 0.0, "overshoot_cost": 50.24318201065609, "power_cost": 12.510159643554688, "noise_cost": 11.898538884046284, "n_waypoints_completed": 9, "tot_waypoints": 9}}
