{"target": -173.5024989929495, "params": {"k_pid_pos": [0.5036822533490736, 0.0016189014309834417, 0.009869669132831138], "k_pid_alt": [2.0, 0.00016145803631334687, 0.0009487074896616432], "k_pid_att": [38.749730620639525, 7.270980210377396, 0.9296937647774192], "k_pid_yaw": [0.5, 1e-06, 0.1], "k_pid_hsp": [0.14983396290374704, 0.003855738480046153, 0.0], "k_pid_vsp": [165.79088038264834, 207.64189954539816, 0.7870053396126077]}, "datetime": {"datetime": "2025-08-20 18:32:50", "elapsed": 24024.742688655853, "delta": 16.053343296051025}, "costs": {"total_cost": 173.5024989929495, "time_cost": 73.928, "final_distance_cost": 1.8437265409523889, "oscillation_cost": 22.516128676620234, "completition_cost": 0.0, "overshoot_cost": 50.712564331556614, "power_cost": 12.395121057128907, "noise_cost": 12.106958386691348, "n_waypoints_completed": 9, "tot_waypoints": 9}}
{"target": -170.18713511529327, "params": {"k_pid_pos": [0.6297959133166576, 0.004799502181283226, 0.00878984776356751], "k_pid_alt": [1.2173479306402044, 0.00012338507182493215, 0.0015864481645558003], "k_pid_att": [33.91770504904685, 8.779461610564548, 0.7020262491718575], "k_pid_yaw": [0.5, 1e-06, 0.1], "k_pid_hsp": [0.11570393108576832, 0.007325475735436117, 0.0], "k_pid_vsp": [120.11536166855917, 165.97158382176747, 0.682820110419928]}, "datetime": {"datetime": "2025-08-20 18:33:08", "elapsed": 24042.891768455505, "delta": 18.1490797996521}, "costs": {"total_cost": 170.18713511529327, "time_cost": 70.968, "final_distance_cost": 1.812992805853657, "oscillation_cost": 23.503967970185357, "completition_cost": 0.0, "overshoot_cost": 50.34789767740195, "power_cost": 12.22258486328125, "noise_cost": 11.331691798571054, "n_waypoints_completed": 9, "tot_waypoints": 9}}
{"target": -398.9862953908761, "params": {"k_pid_pos": [0.7157979892536107, 0.004486920450752516, 0.014796493775734764], "k_pid_alt": [2.0, 7.536806014146016e-05, 0.002366926217903614], "k_pid_att": [52.85398442086892, 7.552603064306605, 0.6991367629820454], "k_pid_yaw": [0.5, 1e-06, 0.1], "k_pid_hsp": [0.05603497686204199, 0.006708746336453404, 0.0], "k_pid_vsp": [5.908863707343532, 197.18760138540782, 0.3990776987561108]}, "datetime": {"datetime": "2025-08-20 18:33:31", "elapsed": 24066.066969156265, "delta": 23.175200700759888}, "costs": {"total_cost": 398.9862953908761, "time_cost": 150, "final_distance_cost": 18.72985357178787, "oscillation_cost": 27.427112338425957, "completition_cost": 111.11111111111116, "overshoot_cost": 59.80110564867856, "power_cost": 18.696485449218752, "noise_cost": 13.22062727165374, "n_waypoints_completed": 8, "tot_waypoints": 9}}
{"target": -199.34208558184446, "params": {"k_pid_pos": [0.27376708858761317, 0.0034262654070501748, 0.01171710291396535], "k_pid_alt": [2.0, 0.00010088856373449809, 0.0012839467909413484], "k_pid_att": [22.255447584859002, 10.0, 0.7640818105829003], "k_pid_yaw": [0.5, 1e-06, 0.1], "k_pid_hsp": [0.1345771851927826, 0.003060358536364991, 0.0], "k_pid_vsp": [293.1626408040425, 185.88733282889652, 0.5367808040869201]}, "datetime": {"datetime": "2025-08-20 18:33:52", "elapsed": 24086.687302350998, "delta": 20.620333194732666}, "costs": {"total_cost": 199.34208558184446, "time_cost": 95.496, "final_distance_cost": 1.8600580635582844, "oscillation_cost": 16.26710586826233, "completition_cost": 0.0, "overshoot_cost": 53.84562001582054, "power_cost": 15.24991815185547, "noise_cost": 16.62338348234783, "n_waypoints_completed": 9, "tot_waypoints": 9}}
{"target": -731.1691165744558, "params": {"k_pid_pos": [0.6062479945881636, 0.0047259809387505064, 0.01222407543575002], "k_pid_alt": [0.9470190282103473, 8.672762401878732e-05, 0.001939558186841647], "k_pid_att": [50.82917511297771, 7.40399382997555, 0.9605417621892665], "k_pid_yaw": [0.5, 1e-06, 0.1], "k_pid_hsp": [0.029902484865422473, 0.006361859677286779, 0.0], "k_pid_vsp": [224.14490837888653, 142.14113790569778, 0.8730017228666515]}, "datetime": {"datetime": "2025-08-20 18:34:14", "elapsed": 24109.389080524445, "delta": 22.701778173446655}, "costs": {"total_cost": 731.1691165744558, "time_cost": 150, "final_distance_cost": 53.54973535147014, "oscillation_cost": 10.453677317851028, "completition_cost": 444.4444444444444, "overshoot_cost": 45.01836333785782, "power_cost": 14.28939178466797, "noise_cost": 13.413504338164296, "n_waypoints_completed": 5, "tot_waypoints": 9}}
{"target": -171.0577871919293, "params": {"k_pid_pos": [0.5408194991330861, 0.003889835061643412, 0.010196749126142296], "k_pid_alt": [2.0, 9.639517379304522e-05, 0.001392777081406243], "k_pid_att": [35.210748200923334, 7.768768685230153, 0.6713181463975021], "k_pid_yaw": [0.5, 1e-06, 0.1], "k_pid_hsp": [0.07638485626313817, 0.004208016570713557, 0.0], "k_pid_vsp": [285.99999130380814, 118.06659485113282, 0.45936011999045645]}, "datetime": {"datetime": "2025-08-20 18:34:32", "elapsed": 24126.86495947838, "delta": 17.475878953933716}, "costs": {"total_cost": 171.0577871919293, "time_cost": 73.616, "final_distance_cost": 1.811477521833179, "oscillation_cost": 18.877850855814398, "completition_cost": 0.0, "overshoot_cost": 52.5565535254369, "power_cost": 12.39377744140625, "noise_cost": 11.802127847438562, "n_waypoints_completed": 9, "tot_waypoints": 9}}
{"target": -169.69294543755598, "params": {"k_pid_pos": [0.4739164037773764, 0.005673559105819372, 0.01288644783944351], "k_pid_alt": [1.8224261530824197, 0.00010685078001618361, 0.0015373194205121493], "k_pid_att": [11.525891386053251, 6.9211048476562524, 0.72152835541729], "k_pid_yaw": [0.5, 1e-06, 0.1], "k_pid_hsp": [0.07612990615212438, 0.0037832319687133562, 0.0], "k_pid_vsp": [275.0596854387308, 169.72014204776175, 0.5101348210426774]}, "datetime": {"datetime": "2025-08-20 18:34:48", "elapsed": 24143.35470342636, "delta": 16.489743947982788}, "costs": {"total_cost": 169.69294543755598, "time_cost": 74.104, "final_distance_cost": 1.8299960890799676, "oscillation_cost": 17.964202710198702, "completition_cost": 0.0, "overshoot_cost": 51.90912298771922, "power_cost": 12.051732336425783, "noise_cost": 11.83389131413229, "n_waypoints_completed": 9, "tot_waypoints": 9}}
{"target": -173.6512266535425, "params": {"k_pid_pos": [0.986261005176277, 0.004832381698532858, 0.011314625862127057], "k_pid_alt": [1.5721001194503466, 0.00011909462202280532, 0.0008871925240021795], "k_pid_att": [41.415152438096676, 7.568679560569393, 0.6675750645670213], "k_pid_yaw": [0.5, 1e-06, 0.1], "k_pid_hsp": [0.09778396634279313, 0.005748494133060826, 0.0], "k_pid_vsp": [51.67937300244043, 138.98538437479, 0.4465839781911507]}, "datetime": {"datetime": "2025-08-20 18:35:05", "elapsed": 24159.520884752274, "delta": 16.166181325912476}, "costs": {"total_cost": 173.6512266535425, "time_cost": 70.024, "final_distance_cost": 1.7579649960782333, "oscillation_cost": 28.074294886949886, "completition_cost": 0.0, "overshoot_cost": 50.29100349897154, "power_cost": 12.387830029296875, "noise_cost": 11.116133242245942, "n_waypoints_completed": 9, "tot_waypoints": 9}}
{"target": -171.71275117642023, "params": {"k_pid_pos": [0.4487746320294536, 0.004587349592612293, 0.014752458893362916], "k_pid_alt": [1.6148215169772904, 0.00011517241237989617, 0.001160090889848714], "k_pid_att": [63.07608608117224, 7.266469631231916, 0.5633528569571994], "k_pid_yaw": [0.5, 1e-06, 0.1], "k_pid_hsp": [0.10236716377295517, 0.0046923562607482745, 0.0], "k_pid_vsp": [332.5040328259762, 191.7891526657556, 0.7067328157924461]}, "datetime": {"datetime": "2025-08-20 18:35:22", "elapsed": 24176.54774570465, "delta": 17.02686095237732}, "costs": {"total_cost": 171.71275117642023, "time_cost": 74.208, "final_distance_cost": 1.847561915824431, "oscillation_cost": 19.37900295472591, "completition_cost": 0.0, "overshoot_cost": 51.535525457803, "power_cost": 12.566123156738282, "noise_cost": 12.176537691328607, "n_waypoints_completed": 9, "tot_waypoints": 9}}
{"target": -172.38680714846402, "params": {"k_pid_pos": [0.9881687744356068, 0.0029656869770952527, 0.014718841749802591], "k_pid_alt": [2.0, 7.079546791665238e-05, 0.0015534669838671716], "k_pid_att": [14.523418782772382, 9.392254387298605, 0.7011913527392116], "k_pid_yaw": [0.5, 1e-06, 0.1], "k_pid_hsp": [0.13375416487672323, 0.0026786856010973634, 0.0], "k_pid_vsp": [301.75758359551094, 187.58756752787636, 0.4732311189527363]}, "datetime": {"datetime": "2025-08-20 18:35:37", "elapsed": 24191.527659893036, "delta": 14.97991418838501}, "costs": {"total_cost": 172.38680714846402, "time_cost": 69.568, "final_distance_cost": 1.813789118810752, "oscillation_cost": 28.012800287608254, "completition_cost": 0.0, "overshoot_cost": 50.38798341746112, "power_cost": 11.665789086914064, "noise_cost": 10.938445237669827, "n_waypoints_completed": 9, "tot_waypoints": 9}}
{"target": -172.9850947232836, "params": {"k_pid_pos": [0.6118511362227673, 0.003908990818843584, 0.012826046964756995], "k_pid_alt": [1.4335420970253507, 0.00014820386095590598, 0.0006757230670819689], "k_pid_att": [38.29840393304548, 8.482983521143813, 0.42865304010051014], "k_pid_yaw": [0.5, 1e-06, 0.1], "k_pid_hsp": [0.06871936984182132, 0.006007515764482082, 0.0], "k_pid_vsp": [179.5932972857794, 151.66605758205537, 0.7928896746046049]}, "datetime": {"datetime": "2025-08-20 18:35:54", "elapsed": 24209.15656065941, "delta": 17.62890076637268}, "costs": {"total_cost": 172.9850947232836, "time_cost": 74.456, "final_distance_cost": 1.7706792801342504, "oscillation_cost": 20.250941474424014, "completition_cost": 0.0, "overshoot_cost": 52.11644179717629, "power_cost": 12.566809387207032, "noise_cost": 11.824222784342007, "n_waypoints_completed": 9, "tot_waypoints": 9}}
{"target": -173.22264331383298, "params": {"k_pid_pos": [0.8447525282117718, 0.005264613018762966, 0.01557062456963137], "k_pid_alt": [2.0, 0.00013624990596078257, 0.0010369667240396664], "k_pid_att": [36.591880650781846, 10.0, 0.4458175742331729], "k_pid_yaw": [0.5, 1e-06, 0.1], "k_pid_hsp": [0.08641536436927888, 0.005179537309681092, 0.0], "k_pid_vsp": [155.45434089707828, 153.14706978289593, 0.7310734227847803]}, "datetime": {"datetime": "2025-08-20 18:36:10", "elapsed": 24224.866916894913, "delta": 15.71035623550415}, "costs": {"total_cost": 173.22264331383298, "time_cost": 71.952, "final_distance_cost": 1.7894495800469326, "oscillation_cost": 24.987513976423074, "completition_cost": 0.0, "overshoot_cost": 51.044970943780676, "power_cost": 12.199845068359375, "noise_cost": 11.248863745222923, "n_waypoints_completed": 9, "tot_waypoints": 9}}
{"target": -170.24005888882027, "params": {"k_pid_pos": [0.5633181816947307, 0.002180464280344029, 0.010910795545643613], "k_pid_alt": [2.0, 0.00012372085911152534, 0.0018870014777521524], "k_pid_att": [31.42359309950346, 7.744220372484523, 0.7369130913837273], "k_pid_yaw": [0.5, 1e-06, 0.1], "k_pid_hsp": [0.0832747123386925, 0.005492592628427242, 0.0], "k_pid_vsp": [122.92783008758926, 154.42650915494144, 0.5424312678997611]}, "datetime": {"datetime": "2025-08-20 18:36:26", "elapsed": 24241.31948184967, "delta": 16.45256495475769}, "costs": {"total_cost": 170.24005888882027, "time_cost": 72.496, "final_distance_cost": 1.8028680754980886, "oscillation_cost": 20.279986405674734, "completition_cost": 0.0, "overshoot_cost": 51.76717480749513, "power_cost": 12.236334228515625, "noise_cost": 11.657695371636702, "n_waypoints_completed": 9, "tot_waypoints": 9}}
{"target": -169.19932375445424, "params": {"k_pid_pos": [0.5428267457282406, 0.004861170639099373, 0.013711545491659807], "k_pid_alt": [1.8009879551314196, 0.00014453314609920158, 0.0007200340342765277], "k_pid_att": [31.05131655204136, 6.237566235991795, 0.5888501940722753], "k_pid_yaw": [0.5, 1e-06, 0.1], "k_pid_hsp": [0.08551284314771161, 0.004335701476352844, 0.0], "k_pid_vsp": [179.24059036789387, 172.27105063225312, 0.4751859262255407]}, "datetime": {"datetime": "2025-08-20 18:36:43", "elapsed": 24257.716551303864, "delta": 16.397069454193115}, "costs": {"total_cost": 169.19932375445424, "time_cost": 72.536, "final_distance_cost": 1.813321326637952, "oscillation_cost": 19.662625514528038, "completition_cost": 0.0, "overshoot_cost": 51.534888455465264, "power_cost": 12.02717041015625, "noise_cost": 11.62531804766675, "n_waypoints_completed": 9, "tot_waypoints": 9}}
{"target": -169.40485861214094, "params": {"k_pid_pos": [0.6367965141004147, 0.0038808477909706035, 0.013291154618862456], "k_pid_alt": [1.3043063786638653, 0.00015894591061684304, 0.0005065831746391376], "k_pid_att": [39.51125437484965, 7.1455605050602, 0.7447790561262216], "k_pid_yaw": [0.5, 1e-06, 0.1], "k_pid_hsp": [0.09190087929110217, 0.007320896661310815, 0.0], "k_pid_vsp": [205.40032746581005, 132.7293664625571, 0.8574272831911519]}, "datetime": {"datetime": "2025-08-20 18:36:58", "elapsed": 24273.080107927322, "delta": 15.363556623458862}, "costs": {"total_cost": 169.40485861214094, "time_cost": 71.47200000000001, "final_distance_cost": 1.795927531878479, "oscillation_cost": 22.141625077700358, "completition_cost": 0.0, "overshoot_cost": 50.83908766232605, "power_cost": 11.868197485351564, "noise_cost": 11.288020854884484, "n_waypoints_completed": 9, "tot_waypoints": 9}}
{"target": -184.53005437169932, "params": {"k_pid_pos": [0.2623839271817559, 0.002889900590529041, 0.012979524642632698], "k_pid_alt": [1.1486673820570223, 0.00012580791385255257, 0.0018634353069046084], "k_pid_att": [43.89707563987673, 2.205261088044434, 0.6954440257636785], "k_pid_yaw": [0.5, 1e-06, 0.1], "k_pid_hsp": [0.06608317455784603, 0.004600171763051872, 0.0], "k_pid_vsp": [158.87781568076898, 197.30948194750803, 0.821039017327327]}, "datetime": {"datetime": "2025-08-20 18:37:18", "elapsed": 24292.86457467079, "delta": 19.78446674346924}, "costs": {"total_cost": 184.53005437169932, "time_cost": 87.224, "final_distance_cost": 1.8574735069247268, "oscillation_cost": 12.666611349203471, "completition_cost": 0.0, "overshoot_cost": 54.47977980473183, "power_cost": 13.682618664550782, "noise_cost": 14.61957104628852, "n_waypoints_completed": 9, "tot_waypoints": 9}}
{"target": -169.44190616254568, "params": {"k_pid_pos": [0.5711981341181737, 0.0036850927615016973, 0.011095601176395064], "k_pid_alt": [1.650634982949309, 0.0001423461224515821, 0.0006823249338534878], "k_pid_att": [40.644260502279565, 6.668194994366807, 0.6727889400972517], "k_pid_yaw": [0.5, 1e-06, 0.1], "k_pid_hsp": [0.10819567888212099, 0.0052951764119275645, 0.0], "k_pid_vsp": [198.3575202014002, 190.58311430279807, 0.5550672855144906]}, "datetime": {"datetime": "2025-08-20 18:37:34", "elapsed": 24309.42200231552, "delta": 16.557427644729614}, "costs": {"total_cost": 169.44190616254568, "time_cost": 71.528, "final_distance_cost": 1.813087100381632, "oscillation_cost": 21.995858581320057, "completition_cost": 0.0, "overshoot_cost": 50.37291587150537, "power_cost": 12.183988623046876, "noise_cost": 11.548055986291724, "n_waypoints_completed": 9, "tot_waypoints": 9}}
{"target": -169.93947854980783, "params": {"k_pid_pos": [0.46751033481684007, 0.003011855382782397, 0.016986401061681256], "k_pid_alt": [1.557356021808303, 0.00011820985935488355, 0.0010726285538720957], "k_pid_att": [38.67084279889162, 6.297254330228269, 0.678812080321293], "k_pid_yaw": [0.5, 1e-06, 0.1], "k_pid_hsp": [0.08591019086260838, 0.00682380384468968, 0.0], "k_pid_vsp": [180.88354651143217, 187.24717723575793, 0.9545900492092046]}, "datetime": {"datetime": "2025-08-20 18:37:50", "elapsed": 24325.313507556915, "delta": 15.891505241394043}, "costs": {"total_cost": 169.93947854980783, "time_cost": 73.504, "final_distance_cost": 1.8375609001103494, "oscillation_cost": 18.459238097538417, "completition_cost": 0.0, "overshoot_cost": 51.877953612370185, "power_cost": 12.441024938964844, "noise_cost": 11.819701000824029, "n_waypoints_completed": 9, "tot_waypoints": 9}}
{"target": -173.4802335929059, "params": {"k_pid_pos": [0.7295131613928034, 0.001842865853851363, 0.012542276579269684], "k_pid_alt": [2.0, 0.00015257565092113658, 0.0007087054467383986], "k_pid_att": [34.671950519533, 9.510856826906078, 0.6752564578258653], "k_pid_yaw": [0.5, 1e-06, 0.1], "k_pid_hsp": [0.07185932515621432, 0.0062660996782905294, 0.0], "k_pid_vsp": [190.864007489796, 228.59131728255747, 0.4947718043424068]}, "datetime": {"datetime": "2025-08-20 18:38:09", "elapsed": 24343.94472169876, "delta": 18.631214141845703}, "costs": {"total_cost": 173.4802335929059, "time_cost": 73.112, "final_distance_cost": 1.793288415537843, "oscillation_cost": 22.805491114621095, "completition_cost": 0.0, "overshoot_cost": 51.608987406942305, "power_cost": 12.587889453125001, "noise_cost": 11.572577202679659, "n_waypoints_completed": 9, "tot_waypoints": 9}}
{"target": -170.39400080719355, "params": {"k_pid_pos": [0.6141449635361921, 0.005178769364730075, 0.01115133526272565], "k_pid_alt": [1.680877467966857, 0.00013546663651071582, 0.0009024915348417309], "k_pid_att": [22.75656391867874, 6.163883601469219, 0.594984984217033], "k_pid_yaw": [0.5, 1e-06, 0.1], "k_pid_hsp": [0.08442094241674687, 0.005016009768797363, 0.0], "k_pid_vsp": [267.52634811948286, 144.17364034135835, 0.47890506710689795]}, "datetime": {"datetime": "2025-08-20 18:38:24", "elapsed": 24359.34922003746, "delta": 15.40449833869934}, "costs": {"total_cost": 170.39400080719355, "time_cost": 72.096, "final_distance_cost": 1.7971234928488657, "oscillation_cost": 21.262750660670264, "completition_cost": 0.0, "overshoot_cost": 51.57565417424406, "power_cost": 12.182353381347657, "noise_cost": 11.480119098082705, "n_waypoints_completed": 9, "tot_waypoints": 9}}
{"target": -170.62416490863717, "params": {"k_pid_pos": [0.8044106584668115, 0.0026991999953827964, 0.018009501320345702], "k_pid_alt": [1.6793883840072075, 0.00010698839327539463, 0.001217334657231277], "k_pid_att": [46.76788140500116, 6.562512795480427, 0.411858522331313], "k_pid_yaw": [0.5, 1e-06, 0.1], "k_pid_hsp": [0.11051061339057022, 0.003972501585133854, 0.0], "k_pid_vsp": [133.29373763195284, 128.2198575184511, 0.4904302882233828]}, "datetime": {"datetime": "2025-08-20 18:38:40", "elapsed": 24375.42149066925, "delta": 16.07227063179016}, "costs": {"total_cost": 170.62416490863717, "time_cost": 70.056, "final_distance_cost": 1.7951013467831007, "oscillation_cost": 25.00599508578404, "completition_cost": 0.0, "overshoot_cost": 50.16416643523621, "power_cost": 12.375718615722656, "noise_cost": 11.22718342511119, "n_waypoints_completed": 9, "tot_waypoints": 9}}
{"target": -173.7112529690682, "params": {"k_pid_pos": [0.5668798518758381, 0.004747131679498816, 0.010457842568367752], "k_pid_alt": [1.775173937755553, 8.266304822331144e-05, 0.0015982082146163868], "k_pid_att": [18.950923169889663, 7.945946099722256, 0.7462771413916278], "k_pid_yaw": [0.5, 1e-06, 0.1], "k_pid_hsp": [0.06810988229634425, 0.004693043244327792, 0.0], "k_pid_vsp": [162.24056644609757, 114.46442930629688, 0.7695617533837087]}, "datetime": {"datetime": "2025-08-20 18:38:59", "elapsed": 24393.5283536911, "delta": 18.106863021850586}, "costs": {"total_cost": 173.7112529690682, "time_cost": 75.06400000000001, "final_distance_cost": 1.785789108259052, "oscillation_cost": 19.264931291391445, "completition_cost": 0.0, "overshoot_cost": 52.38048478719204, "power_cost": 13.061631115722657, "noise_cost": 12.154416666502984, "n_waypoints_completed": 9, "tot_waypoints": 9}}
{"target": -170.87697780295514, "params": {"k_pid_pos": [0.8079612701926394, 0.0026301920986728767, 0.012783782768485736], "k_pid_alt": [1.5159800399662287, 5.002197264280322e-05, 0.001454243561938538], "k_pid_att": [44.299848842005964, 6.385356287096733, 0.5905264805226144], "k_pid_yaw": [0.5, 1e-06, 0.1], "k_pid_hsp": [0.09040708646270483, 0.00570960681834232, 0.0], "k_pid_vsp": [331.9778593571909, 164.00789373175326, 0.7423270002914091]}, "datetime": {"datetime": "2025-08-20 18:39:14", "elapsed": 24409.355741024017, "delta": 15.82738733291626}, "costs": {"total_cost": 170.87697780295514, "time_cost": 70.984, "final_distance_cost": 1.8107208002824224, "oscillation_cost": 24.736943242143496, "completition_cost": 0.0, "overshoot_cost": 50.607886459085485, "power_cost": 11.711967358398438, "noise_cost": 11.02545994304532, "n_waypoints_completed": 9, "tot_waypoints": 9}}
{"target": -169.42301336684028, "params": {"k_pid_pos": [0.6436678342266694, 0.0027143612954182417, 0.011443028247646828], "k_pid_alt": [2.0, 2.5913361883690516e-05, 0.0015488385634957486], "k_pid_att": [36.44459700124851, 5.828593431356989, 0.5655895003119026], "k_pid_yaw": [0.5, 1e-06, 0.1], "k_pid_hsp": [0.10928100136645998, 0.0024922726939270346, 0.0], "k_pid_vsp": [273.25387247361164, 155.74485513010166, 0.9689265351814407]}, "datetime": {"datetime": "2025-08-20 18:39:30", "elapsed": 24425.299966335297, "delta": 15.944225311279297}, "costs": {"total_cost": 169.42301336684028, "time_cost": 71.16, "final_distance_cost": 1.8187660640011263, "oscillation_cost": 22.700718511699566, "completition_cost": 0.0, "overshoot_cost": 50.679963246060964, "power_cost": 11.818341491699218, "noise_cost": 11.245224053379426, "n_waypoints_completed": 9, "tot_waypoints": 9}}
{"target": -168.8494581257714, "params": {"k_pid_pos": [0.5527074021155725, 0.00210235369190047, 0.010258359311388741], "k_pid_alt": [2.0, 0.0001244454587765036, 0.0007891641121966707], "k_pid_att": [32.8629673678496, 8.950284490562739, 0.6318245642817698], "k_pid_yaw": [0.5, 1e-06, 0.1], "k_pid_hsp": [0.09839014990634593, 0.0026447363571923434, 0.0], "k_pid_vsp": [242.27383538310696, 147.80429580203153, 0.5579057365860448]}, "datetime": {"datetime": "2025-08-20 18:39:46", "elapsed": 24440.76127052307, "delta": 15.461304187774658}, "costs": {"total_cost": 168.8494581257714, "time_cost": 72.144, "final_distance_cost": 1.836420715073332, "oscillation_cost": 20.612198284806258, "completition_cost": 0.0, "overshoot_cost": 51.27614117769086, "power_cost": 11.55839266357422, "noise_cost": 11.42230528462676, "n_waypoints_completed": 9, "tot_waypoints": 9}}
