{"target": -170.51316213837558, "params": {"k_pid_pos": [0.5478592422234821, 0.0033268875458380017, 0.0072797208511203365], "k_pid_alt": [1.961326669547961, 0.00016207398270597849, 0.0016341352785899056], "k_pid_att": [27.61815653238443, 7.506839086488608, 0.45686803652300695], "k_pid_yaw": [0.5, 1e-06, 0.1], "k_pid_hsp": [0.07437157096784762, 0.0044812338172239815, 0.0], "k_pid_vsp": [223.63004295043757, 221.48201350088576, 0.601836969507822]}, "datetime": {"datetime": "2025-08-20 22:46:38", "elapsed": 39252.92869782448, "delta": 16.16033411026001}, "costs": {"total_cost": 170.51316213837558, "time_cost": 73.792, "final_distance_cost": 1.7987791935152793, "oscillation_cost": 19.322359046054828, "completition_cost": 0.0, "overshoot_cost": 51.78249438782087, "power_cost": 12.08177381591797, "noise_cost": 11.735755695066626, "n_waypoints_completed": 9, "tot_waypoints": 9}}
{"target": -170.05529779740766, "params": {"k_pid_pos": [0.6690700746016868, 0.0035840969638902035, 0.007291216108886587], "k_pid_alt": [2.0, 0.000138712949069864, 0.001900356037523669], "k_pid_att": [31.414815200260094, 5.361776357190752, 0.5242756672722795], "k_pid_yaw": [0.5, 1e-06, 0.1], "k_pid_hsp": [0.09232427044498702, 0.00409265864776165, 0.0], "k_pid_vsp": [201.83096403042828, 247.31494416344154, 0.6743748326925466]}, "datetime": {"datetime": "2025-08-20 22:46:55", "elapsed": 39270.02415704727, "delta": 17.09545922279358}, "costs": {"total_cost": 170.05529779740766, "time_cost": 71.232, "final_distance_cost": 1.8128127381128343, "oscillation_cost": 22.603383847368853, "completition_cost": 0.0, "overshoot_cost": 51.00944980195042, "power_cost": 12.115641931152345, "noise_cost": 11.282009478823237, "n_waypoints_completed": 9, "tot_waypoints": 9}}
{"target": -169.6242876592731, "params": {"k_pid_pos": [0.5708609234831075, 0.003669021985682143, 0.009175516824004902], "k_pid_alt": [1.7557879205212676, 0.00012547286884733894, 0.0018581036219003618], "k_pid_att": [24.87881830270329, 8.266441739289595, 0.5311243263763397], "k_pid_yaw": [0.5, 1e-06, 0.1], "k_pid_hsp": [0.0941552039289613, 0.0038422472484406765, 0.0], "k_pid_vsp": [198.80352673198354, 251.5526632390926, 0.5902679085380007]}, "datetime": {"datetime": "2025-08-20 22:47:11", "elapsed": 39285.840201854706, "delta": 15.816044807434082}, "costs": {"total_cost": 169.6242876592731, "time_cost": 71.768, "final_distance_cost": 1.8107041380118865, "oscillation_cost": 21.216159371023423, "completition_cost": 0.0, "overshoot_cost": 50.976182195607564, "power_cost": 12.248695520019531, "noise_cost": 11.60454643461071, "n_waypoints_completed": 9, "tot_waypoints": 9}}
{"target": -169.18457565508055, "params": {"k_pid_pos": [0.522236457757034, 0.0036333599749560105, 0.007411157618496595], "k_pid_alt": [2.0, 0.00014059012316025417, 0.0014113773002987328], "k_pid_att": [26.41479239280423, 8.123379457878073, 0.6051639248065716], "k_pid_yaw": [0.5, 1e-06, 0.1], "k_pid_hsp": [0.09806289877002074, 0.004857580029927547, 0.0], "k_pid_vsp": [222.15783987358927, 169.7235477928967, 0.4625031236267149]}, "datetime": {"datetime": "2025-08-20 22:47:29", "elapsed": 39304.42904949188, "delta": 18.588847637176514}, "costs": {"total_cost": 169.18457565508055, "time_cost": 72.32000000000001, "final_distance_cost": 1.8216037119836184, "oscillation_cost": 20.379342191583277, "completition_cost": 0.0, "overshoot_cost": 50.47693047933922, "power_cost": 12.386170166015626, "noise_cost": 11.80052910615882, "n_waypoints_completed": 9, "tot_waypoints": 9}}
{"target": -169.2882061432661, "params": {"k_pid_pos": [0.5901613239363246, 0.0032930732899327767, 0.008462538566961225], "k_pid_alt": [1.8020376303883812, 0.00017813920628045223, 0.0015012747510000158], "k_pid_att": [22.446752789712292, 8.569046890044156, 0.5299049500228822], "k_pid_yaw": [0.5, 1e-06, 0.1], "k_pid_hsp": [0.10904618744661054, 0.004075900408980254, 0.0], "k_pid_vsp": [199.18768857178097, 301.0906034885981, 0.6678272706552622]}, "datetime": {"datetime": "2025-08-20 22:47:45", "elapsed": 39319.8519012928, "delta": 15.422851800918579}, "costs": {"total_cost": 169.2882061432661, "time_cost": 71.248, "final_distance_cost": 1.8104295298557487, "oscillation_cost": 21.97924482601408, "completition_cost": 0.0, "overshoot_cost": 50.62975408671354, "power_cost": 12.211939257812501, "noise_cost": 11.40883844287023, "n_waypoints_completed": 9, "tot_waypoints": 9}}
{"target": -169.6160102227896, "params": {"k_pid_pos": [0.5348317636425717, 0.0036363261102990356, 0.007869935795104324], "k_pid_alt": [1.7741056071751495, 0.00014602980166656074, 0.001635418324793412], "k_pid_att": [26.935650045143987, 7.830360105682202, 0.45385968612495037], "k_pid_yaw": [0.5, 1e-06, 0.1], "k_pid_hsp": [0.08807590714920344, 0.004545296476709238, 0.0], "k_pid_vsp": [243.15289418035186, 212.47801221894596, 0.4657021526878491]}, "datetime": {"datetime": "2025-08-20 22:48:04", "elapsed": 39339.24056148529, "delta": 19.388660192489624}, "costs": {"total_cost": 169.6160102227896, "time_cost": 72.376, "final_distance_cost": 1.8082839983509655, "oscillation_cost": 20.000346554182343, "completition_cost": 0.0, "overshoot_cost": 51.282788655235436, "power_cost": 12.37427420654297, "noise_cost": 11.774316808477908, "n_waypoints_completed": 9, "tot_waypoints": 9}}
{"target": -170.19756745670497, "params": {"k_pid_pos": [0.5372590494410163, 0.003698402724184349, 0.006828692864212567], "k_pid_alt": [2.0, 0.0001413204001308789, 0.0016789347188266859], "k_pid_att": [27.347618646551116, 6.356972445780753, 0.523599868224379], "k_pid_yaw": [0.5, 1e-06, 0.1], "k_pid_hsp": [0.0879780033926197, 0.005092241643432385, 0.0], "k_pid_vsp": [231.7573488064378, 184.07540190228326, 0.633223875973112]}, "datetime": {"datetime": "2025-08-20 22:48:21", "elapsed": 39356.029869794846, "delta": 16.789308309555054}, "costs": {"total_cost": 170.19756745670497, "time_cost": 72.416, "final_distance_cost": 1.830475339744147, "oscillation_cost": 19.95863194180792, "completition_cost": 0.0, "overshoot_cost": 51.68540187108332, "power_cost": 12.58192274169922, "noise_cost": 11.725135562370356, "n_waypoints_completed": 9, "tot_waypoints": 9}}
{"target": -169.77317788551704, "params": {"k_pid_pos": [0.5817448394476407, 0.00391321701434253, 0.006342783141373064], "k_pid_alt": [1.7618931822094666, 0.0001468424030943271, 0.0012435907278024855], "k_pid_att": [28.382093017356016, 7.501573908973242, 0.5150548257049531], "k_pid_yaw": [0.5, 1e-06, 0.1], "k_pid_hsp": [0.10858818626610368, 0.0046674676378907504, 0.0], "k_pid_vsp": [247.81556053181885, 291.4252102093796, 0.5627044418230199]}, "datetime": {"datetime": "2025-08-20 22:48:36", "elapsed": 39371.20923495293, "delta": 15.179365158081055}, "costs": {"total_cost": 169.77317788551704, "time_cost": 71.32000000000001, "final_distance_cost": 1.8206681961177615, "oscillation_cost": 21.881047786821565, "completition_cost": 0.0, "overshoot_cost": 50.919470419092995, "power_cost": 12.22256004638672, "noise_cost": 11.609431437097971, "n_waypoints_completed": 9, "tot_waypoints": 9}}
{"target": -169.11912461950695, "params": {"k_pid_pos": [0.5251016712199089, 0.003480177091018557, 0.007349401798395391], "k_pid_alt": [2.0, 0.00013968592515339702, 0.0018617771450253806], "k_pid_att": [28.984126841539663, 6.705741331527309, 0.4495969589117835], "k_pid_yaw": [0.5, 1e-06, 0.1], "k_pid_hsp": [0.09965332681208432, 0.005065814723347797, 0.0], "k_pid_vsp": [235.47962119155775, 241.6881830811636, 0.5458741714170202]}, "datetime": {"datetime": "2025-08-20 22:48:53", "elapsed": 39388.45453333855, "delta": 17.245298385620117}, "costs": {"total_cost": 169.11912461950695, "time_cost": 72.232, "final_distance_cost": 1.821583512095728, "oscillation_cost": 20.419252692632686, "completition_cost": 0.0, "overshoot_cost": 51.13486170485465, "power_cost": 12.067426000976564, "noise_cost": 11.44400070894733, "n_waypoints_completed": 9, "tot_waypoints": 9}}
{"target": -170.02491538825151, "params": {"k_pid_pos": [0.6097164034801895, 0.0038696806771609774, 0.007809770437098351], "k_pid_alt": [2.0, 0.00015596785312841483, 0.0014550672508416356], "k_pid_att": [25.039878375177295, 6.47286927355353, 0.487445717507454], "k_pid_yaw": [0.5, 1e-06, 0.1], "k_pid_hsp": [0.09885303302123305, 0.004598057515833267, 0.0], "k_pid_vsp": [223.5539927069126, 280.13401588741766, 0.5587604213037439]}, "datetime": {"datetime": "2025-08-20 22:49:09", "elapsed": 39404.216791152954, "delta": 15.762257814407349}, "costs": {"total_cost": 170.02491538825151, "time_cost": 71.32000000000001, "final_distance_cost": 1.8164704720943825, "oscillation_cost": 22.047286502941578, "completition_cost": 0.0, "overshoot_cost": 50.683416609939, "power_cost": 12.575888916015625, "noise_cost": 11.58185288726092, "n_waypoints_completed": 9, "tot_waypoints": 9}}
{"target": -169.4604179581126, "params": {"k_pid_pos": [0.5931298835253241, 0.0037452591677230723, 0.006639495931957354], "k_pid_alt": [2.0, 0.00012852076188043458, 0.001779756505114653], "k_pid_att": [23.927052406121437, 5.796273009832066, 0.5544625336120593], "k_pid_yaw": [0.5, 1e-06, 0.1], "k_pid_hsp": [0.09997151378054377, 0.00481237746741782, 0.0], "k_pid_vsp": [233.71771325109933, 248.62492402433176, 0.5888857656713339]}, "datetime": {"datetime": "2025-08-20 22:49:29", "elapsed": 39423.84970641136, "delta": 19.632915258407593}, "costs": {"total_cost": 169.4604179581126, "time_cost": 71.416, "final_distance_cost": 1.8039396460917811, "oscillation_cost": 21.828969067434617, "completition_cost": 0.0, "overshoot_cost": 50.68505099572356, "power_cost": 12.234026574707032, "noise_cost": 11.49243167415564, "n_waypoints_completed": 9, "tot_waypoints": 9}}
{"target": -170.46347471899236, "params": {"k_pid_pos": [0.6407534442334107, 0.0038518448071425972, 0.00721480686545355], "k_pid_alt": [1.8307702065562197, 0.00013334403746715834, 0.0015257105418459236], "k_pid_att": [29.996613296495966, 8.718101364569963, 0.48683755725226696], "k_pid_yaw": [0.5, 1e-06, 0.1], "k_pid_hsp": [0.08430981428367963, 0.004774195871840323, 0.0], "k_pid_vsp": [216.39868207226036, 235.27310198773418, 0.5857204155048833]}, "datetime": {"datetime": "2025-08-20 22:49:45", "elapsed": 39439.73757505417, "delta": 15.887868642807007}, "costs": {"total_cost": 170.46347471899236, "time_cost": 71.856, "final_distance_cost": 1.7842510344723899, "oscillation_cost": 21.838928015394945, "completition_cost": 0.0, "overshoot_cost": 51.24837807933925, "power_cost": 12.213986340332031, "noise_cost": 11.521931249453754, "n_waypoints_completed": 9, "tot_waypoints": 9}}
{"target": -169.31728842931534, "params": {"k_pid_pos": [0.569880951311092, 0.004345370778640527, 0.007653821169594716], "k_pid_alt": [2.0, 0.00012459852709992758, 0.0016570116924130441], "k_pid_att": [26.95544856090339, 6.896969439302823, 0.42477238433883313], "k_pid_yaw": [0.5, 1e-06, 0.1], "k_pid_hsp": [0.09800846166082215, 0.005068445891099107, 0.0], "k_pid_vsp": [212.57806418578608, 219.79848909659506, 0.6290361538112045]}, "datetime": {"datetime": "2025-08-20 22:50:00", "elapsed": 39455.269778966904, "delta": 15.532203912734985}, "costs": {"total_cost": 169.31728842931534, "time_cost": 71.696, "final_distance_cost": 1.8196788328509792, "oscillation_cost": 21.3149653015237, "completition_cost": 0.0, "overshoot_cost": 51.103721473380766, "power_cost": 11.970564660644532, "noise_cost": 11.412358160915371, "n_waypoints_completed": 9, "tot_waypoints": 9}}
{"target": -170.2153553397199, "params": {"k_pid_pos": [0.7176400300417541, 0.0030950758596564043, 0.006778393130923564], "k_pid_alt": [2.0, 0.00014366893480615724, 0.001528108881983935], "k_pid_att": [27.9307403023532, 6.98320054729792, 0.5092387453122158], "k_pid_yaw": [0.5, 1e-06, 0.1], "k_pid_hsp": [0.10390844420039912, 0.004890701066878931, 0.0], "k_pid_vsp": [254.9185819632871, 275.63212730609087, 0.4811778375738325]}, "datetime": {"datetime": "2025-08-20 22:50:17", "elapsed": 39471.95387816429, "delta": 16.684099197387695}, "costs": {"total_cost": 170.2153553397199, "time_cost": 70.488, "final_distance_cost": 1.8072832423262928, "oscillation_cost": 24.09862246528589, "completition_cost": 0.0, "overshoot_cost": 50.40968621072982, "power_cost": 12.115103723144532, "noise_cost": 11.296659698233377, "n_waypoints_completed": 9, "tot_waypoints": 9}}
{"target": -169.9679797750919, "params": {"k_pid_pos": [0.6169961154394531, 0.0035633950014625298, 0.008334696105962056], "k_pid_alt": [2.0, 0.0001471118901903773, 0.0018676567192760813], "k_pid_att": [23.547631757907585, 6.699473923086214, 0.3671152771706385], "k_pid_yaw": [0.5, 1e-06, 0.1], "k_pid_hsp": [0.08878727220449723, 0.004907063924000772, 0.0], "k_pid_vsp": [208.51473234422008, 253.88387342782016, 0.6942057294485787]}, "datetime": {"datetime": "2025-08-20 22:50:34", "elapsed": 39488.67727017403, "delta": 16.723392009735107}, "costs": {"total_cost": 169.9679797750919, "time_cost": 71.68, "final_distance_cost": 1.8076875780706154, "oscillation_cost": 21.413391415658072, "completition_cost": 0.0, "overshoot_cost": 51.72045767810807, "power_cost": 11.96313046875, "noise_cost": 11.383312634505124, "n_waypoints_completed": 9, "tot_waypoints": 9}}
{"target": -169.57228882293123, "params": {"k_pid_pos": [0.5768039878471178, 0.004271129908420486, 0.007534969808992823], "k_pid_alt": [1.7121530141050663, 0.00013629104475292646, 0.0015368167215673828], "k_pid_att": [30.189531664670017, 7.044482447148101, 0.5920283907919149], "k_pid_yaw": [0.5, 1e-06, 0.1], "k_pid_hsp": [0.09333702159921614, 0.0036481873681558706, 0.0], "k_pid_vsp": [223.81726796280236, 242.83575629507723, 0.5245491009129323]}, "datetime": {"datetime": "2025-08-20 22:50:51", "elapsed": 39506.30063867569, "delta": 17.623368501663208}, "costs": {"total_cost": 169.57228882293123, "time_cost": 71.776, "final_distance_cost": 1.8241282096579725, "oscillation_cost": 21.069720155984847, "completition_cost": 0.0, "overshoot_cost": 50.958294277613106, "power_cost": 12.35196591796875, "noise_cost": 11.592180261706549, "n_waypoints_completed": 9, "tot_waypoints": 9}}
{"target": -170.52669545475317, "params": {"k_pid_pos": [0.6954498186349022, 0.003554807551102024, 0.00821948282329354], "k_pid_alt": [2.0, 0.0001736039994386601, 0.0015743216189757793], "k_pid_att": [30.39348369293265, 7.866272115520917, 0.4515412219430102], "k_pid_yaw": [0.5, 1e-06, 0.1], "k_pid_hsp": [0.09672331496681295, 0.004211167035487451, 0.0], "k_pid_vsp": [224.72941039873294, 222.09113540475573, 0.5826626798296314]}, "datetime": {"datetime": "2025-08-20 22:51:07", "elapsed": 39521.97077512741, "delta": 15.670136451721191}, "costs": {"total_cost": 170.52669545475317, "time_cost": 70.88, "final_distance_cost": 1.818751667906763, "oscillation_cost": 23.422355496386476, "completition_cost": 0.0, "overshoot_cost": 50.99297840249973, "power_cost": 12.062181005859376, "noise_cost": 11.350428882100834, "n_waypoints_completed": 9, "tot_waypoints": 9}}
{"target": -169.76859106295927, "params": {"k_pid_pos": [0.5711179146233868, 0.004110526092414542, 0.0071117308891577476], "k_pid_alt": [1.9279203982824307, 0.00015669823429669225, 0.0016782905073036874], "k_pid_att": [24.428383225450037, 9.079082046091122, 0.43035152470273097], "k_pid_yaw": [0.5, 1e-06, 0.1], "k_pid_hsp": [0.11461748560377927, 0.004628786684343339, 0.0], "k_pid_vsp": [251.00843613839902, 283.7962459213683, 0.5936206738965288]}, "datetime": {"datetime": "2025-08-20 22:51:25", "elapsed": 39539.72143292427, "delta": 17.75065779685974}, "costs": {"total_cost": 169.76859106295927, "time_cost": 71.456, "final_distance_cost": 1.8342796051718042, "oscillation_cost": 22.431836957379936, "completition_cost": 0.0, "overshoot_cost": 50.225469114959964, "power_cost": 12.222739660644532, "noise_cost": 11.598265724803044, "n_waypoints_completed": 9, "tot_waypoints": 9}}
{"target": -169.40047019624848, "params": {"k_pid_pos": [0.5467586504998972, 0.004023915082598619, 0.006722345225806764], "k_pid_alt": [1.7195458186697052, 0.00012457259090719016, 0.0015151029343425458], "k_pid_att": [27.67646521760716, 7.955711437659871, 0.45002582067147956], "k_pid_yaw": [0.5, 1e-06, 0.1], "k_pid_hsp": [0.08979931478276372, 0.004874842905207805, 0.0], "k_pid_vsp": [216.36795521607192, 260.0880359046101, 0.5855069828176168]}, "datetime": {"datetime": "2025-08-20 22:51:40", "elapsed": 39555.36760044098, "delta": 15.646167516708374}, "costs": {"total_cost": 169.40047019624848, "time_cost": 72.112, "final_distance_cost": 1.823124718941072, "oscillation_cost": 20.39887128177934, "completition_cost": 0.0, "overshoot_cost": 51.309725888957416, "power_cost": 12.147526855468751, "noise_cost": 11.609221451101902, "n_waypoints_completed": 9, "tot_waypoints": 9}}
{"target": -168.84724792300315, "params": {"k_pid_pos": [0.6512602948830475, 0.0034394064839664094, 0.00840038431097953], "k_pid_alt": [2.0, 0.00015244566225339453, 0.0014109575327016322], "k_pid_att": [31.455261041704336, 8.093270337091186, 0.6040315762039166], "k_pid_yaw": [0.5, 1e-06, 0.1], "k_pid_hsp": [0.10713254751719144, 0.004681593497462242, 0.0], "k_pid_vsp": [237.6729002062397, 230.02188909769367, 0.6154526149793355]}, "datetime": {"datetime": "2025-08-20 22:51:58", "elapsed": 39572.681450366974, "delta": 17.313849925994873}, "costs": {"total_cost": 168.84724792300315, "time_cost": 70.848, "final_distance_cost": 1.8170236828150326, "oscillation_cost": 22.867403348380986, "completition_cost": 0.0, "overshoot_cost": 50.71520485501767, "power_cost": 11.483921875, "noise_cost": 11.115694161789472, "n_waypoints_completed": 9, "tot_waypoints": 9}}
{"target": -171.89025909455347, "params": {"k_pid_pos": [0.6081484866542372, 0.0034779220547838992, 0.006786767642398338], "k_pid_alt": [1.676639375725859, 0.0001302942152932565, 0.0014656071033883507], "k_pid_att": [24.847529709650146, 7.7243687917215205, 0.48792196827996687], "k_pid_yaw": [0.5, 1e-06, 0.1], "k_pid_hsp": [0.07483444410674057, 0.004348598334701448, 0.0], "k_pid_vsp": [258.49199349763313, 250.27503173947466, 0.6159107305200366]}, "datetime": {"datetime": "2025-08-20 22:52:14", "elapsed": 39588.61660480499, "delta": 15.935154438018799}, "costs": {"total_cost": 171.89025909455347, "time_cost": 73.568, "final_distance_cost": 1.7888579417979302, "oscillation_cost": 20.61503298855021, "completition_cost": 0.0, "overshoot_cost": 51.65052676370676, "power_cost": 12.431535949707031, "noise_cost": 11.83630545079154, "n_waypoints_completed": 9, "tot_waypoints": 9}}
{"target": -169.7276854058065, "params": {"k_pid_pos": [0.6485703983390355, 0.003928191054262148, 0.008401231645929876], "k_pid_alt": [1.9928290892289287, 0.00013558386300288055, 0.0017845801591325333], "k_pid_att": [27.28841177723042, 6.6687822166104445, 0.4528755604109887], "k_pid_yaw": [0.5, 1e-06, 0.1], "k_pid_hsp": [0.10424896402942346, 0.0049031150903771584, 0.0], "k_pid_vsp": [256.6636539006293, 226.8568811414872, 0.6141903038387015]}, "datetime": {"datetime": "2025-08-20 22:52:32", "elapsed": 39606.672791957855, "delta": 18.05618715286255}, "costs": {"total_cost": 169.7276854058065, "time_cost": 70.92, "final_distance_cost": 1.7972364599964676, "oscillation_cost": 22.93163791337118, "completition_cost": 0.0, "overshoot_cost": 50.67808409768167, "power_cost": 12.076288879394532, "noise_cost": 11.324438055362663, "n_waypoints_completed": 9, "tot_waypoints": 9}}
{"target": -169.59878160693768, "params": {"k_pid_pos": [0.608630932985581, 0.0038088893432389817, 0.007118512982111779], "k_pid_alt": [1.817730592259564, 0.00013776530645361114, 0.0017316080296137506], "k_pid_att": [25.775133621633703, 7.419986919568596, 0.5763999323077413], "k_pid_yaw": [0.5, 1e-06, 0.1], "k_pid_hsp": [0.09524183400890136, 0.0043581957320476955, 0.0], "k_pid_vsp": [246.88832206682392, 273.0504607420941, 0.493472977980372]}, "datetime": {"datetime": "2025-08-20 22:52:47", "elapsed": 39622.20239067078, "delta": 15.529598712921143}, "costs": {"total_cost": 169.59878160693768, "time_cost": 71.352, "final_distance_cost": 1.8216908416877233, "oscillation_cost": 21.89128178821889, "completition_cost": 0.0, "overshoot_cost": 51.02221601760525, "power_cost": 12.066993273925782, "noise_cost": 11.444599685500023, "n_waypoints_completed": 9, "tot_waypoints": 9}}
{"target": -169.2948164084973, "params": {"k_pid_pos": [0.5039287932194197, 0.0037779963475311202, 0.007478579948185254], "k_pid_alt": [1.4257139683814366, 0.0001339147068708058, 0.0017935474638719146], "k_pid_att": [26.640465073415005, 7.645954114716595, 0.5070629089894316], "k_pid_yaw": [0.5, 1e-06, 0.1], "k_pid_hsp": [0.10708514394892843, 0.004635398486347224, 0.0], "k_pid_vsp": [223.92611189432242, 176.59136419707352, 0.619228027850664]}, "datetime": {"datetime": "2025-08-20 22:53:05", "elapsed": 39640.10200691223, "delta": 17.899616241455078}, "costs": {"total_cost": 169.2948164084973, "time_cost": 72.696, "final_distance_cost": 1.8406639047710571, "oscillation_cost": 20.2661251136672, "completition_cost": 0.0, "overshoot_cost": 51.013688181298605, "power_cost": 11.955547656250001, "noise_cost": 11.522791552510427, "n_waypoints_completed": 9, "tot_waypoints": 9}}
{"target": -169.2741433259923, "params": {"k_pid_pos": [0.526337821543256, 0.003173695177990637, 0.008214392701021174], "k_pid_alt": [2.0, 0.00012648648760030758, 0.0017617842028622114], "k_pid_att": [25.10851586782158, 6.37248544157341, 0.5375279888674019], "k_pid_yaw": [0.5, 1e-06, 0.1], "k_pid_hsp": [0.09764692656006507, 0.004648547631300274, 0.0], "k_pid_vsp": [205.12344255847214, 262.6921915480506, 0.5850645028190531]}, "datetime": {"datetime": "2025-08-20 22:53:21", "elapsed": 39655.73814702034, "delta": 15.63614010810852}, "costs": {"total_cost": 169.2741433259923, "time_cost": 72.256, "final_distance_cost": 1.8364248341347744, "oscillation_cost": 20.094508668070972, "completition_cost": 0.0, "overshoot_cost": 51.26251057792355, "power_cost": 12.221703173828125, "noise_cost": 11.60299607203488, "n_waypoints_completed": 9, "tot_waypoints": 9}}
