{"target": -169.69393683800064, "params": {"k_pid_pos": [0.48737741068231316, 0.0031873589386773467, 0.007683635678857818], "k_pid_alt": [2.0, 0.0001315524221985, 0.0021596939589049275], "k_pid_att": [30.203212292708344, 6.694117363468515, 0.5438882804889658], "k_pid_yaw": [0.5, 1e-06, 0.1], "k_pid_hsp": [0.09699127522316714, 0.003938819234589039, 0.0], "k_pid_vsp": [249.10433490250662, 293.90406416127644, 0.551928187443238]}, "datetime": {"datetime": "2025-08-20 21:43:29", "elapsed": 35463.98328065872, "delta": 17.662364721298218}, "costs": {"total_cost": 169.69393683800064, "time_cost": 73.0, "final_distance_cost": 1.8193448692947563, "oscillation_cost": 19.1602826914949, "completition_cost": 0.0, "overshoot_cost": 51.690966732585856, "power_cost": 12.212335986328126, "noise_cost": 11.811006558297013, "n_waypoints_completed": 9, "tot_waypoints": 9}}
{"target": -169.7572074235292, "params": {"k_pid_pos": [0.6411599586512476, 0.003972629379441973, 0.005548206259726677], "k_pid_alt": [1.7784969261881038, 0.0001270249434348787, 0.0017287498940421883], "k_pid_att": [30.165734531323718, 9.019452890246184, 0.5721051421502671], "k_pid_yaw": [0.5, 1e-06, 0.1], "k_pid_hsp": [0.09838425357763887, 0.004907204029405437, 0.0], "k_pid_vsp": [199.14519069983774, 234.3976360545685, 0.4858134214134564]}, "datetime": {"datetime": "2025-08-20 21:43:44", "elapsed": 35479.241752147675, "delta": 15.258471488952637}, "costs": {"total_cost": 169.7572074235292, "time_cost": 70.976, "final_distance_cost": 1.7997940244567479, "oscillation_cost": 22.76410886807643, "completition_cost": 0.0, "overshoot_cost": 50.61925067823332, "power_cost": 12.1576638671875, "noise_cost": 11.440389985575198, "n_waypoints_completed": 9, "tot_waypoints": 9}}
{"target": -168.9553660588473, "params": {"k_pid_pos": [0.5313667763580002, 0.0032332752485354096, 0.0073815116168354815], "k_pid_alt": [1.6851294802689463, 0.00013824771545804427, 0.0019064770333920957], "k_pid_att": [24.2121641189655, 6.779390157917457, 0.6562634392097108], "k_pid_yaw": [0.5, 1e-06, 0.1], "k_pid_hsp": [0.10467155801531595, 0.004333867922438028, 0.0], "k_pid_vsp": [251.23483451101387, 260.6918493310581, 0.5003305641580783]}, "datetime": {"datetime": "2025-08-20 21:44:03", "elapsed": 35497.798506736755, "delta": 18.55675458908081}, "costs": {"total_cost": 168.9553660588473, "time_cost": 72.08, "final_distance_cost": 1.8397755404456149, "oscillation_cost": 20.89084943869945, "completition_cost": 0.0, "overshoot_cost": 50.996855751422174, "power_cost": 11.718736975097658, "noise_cost": 11.429148353182375, "n_waypoints_completed": 9, "tot_waypoints": 9}}
{"target": -169.71239573347026, "params": {"k_pid_pos": [0.5986328099951994, 0.0027166072033403144, 0.00939791864078242], "k_pid_alt": [1.4684521620612536, 0.0001564947798335512, 0.0017978603976767872], "k_pid_att": [29.855275965938986, 6.994529318291431, 0.565550315650169], "k_pid_yaw": [0.5, 1e-06, 0.1], "k_pid_hsp": [0.08783771217111823, 0.004357181828198003, 0.0], "k_pid_vsp": [211.39325894728645, 296.187094905921, 0.6209491663079026]}, "datetime": {"datetime": "2025-08-20 21:44:19", "elapsed": 35514.434428691864, "delta": 16.635921955108643}, "costs": {"total_cost": 169.71239573347026, "time_cost": 71.824, "final_distance_cost": 1.822939504659335, "oscillation_cost": 20.96797903161245, "completition_cost": 0.0, "overshoot_cost": 51.368674461401255, "power_cost": 12.237906958007812, "noise_cost": 11.490895777789406, "n_waypoints_completed": 9, "tot_waypoints": 9}}
{"target": -169.71416279810109, "params": {"k_pid_pos": [0.6491238158905198, 0.003291019619577487, 0.009362759324567078], "k_pid_alt": [1.6154008879107866, 9.883870879476431e-05, 0.0017860167959046524], "k_pid_att": [26.755546616540745, 7.465820199295351, 0.5529022595233353], "k_pid_yaw": [0.5, 1e-06, 0.1], "k_pid_hsp": [0.09311077642404746, 0.004947778096262459, 0.0], "k_pid_vsp": [251.77527457161656, 282.72070126184224, 0.4118232133773098]}, "datetime": {"datetime": "2025-08-20 21:44:41", "elapsed": 35535.53162622452, "delta": 21.09719753265381}, "costs": {"total_cost": 169.71416279810109, "time_cost": 71.136, "final_distance_cost": 1.8177080127139522, "oscillation_cost": 22.17230701521354, "completition_cost": 0.0, "overshoot_cost": 50.954727488185, "power_cost": 12.26771279296875, "noise_cost": 11.365707489019847, "n_waypoints_completed": 9, "tot_waypoints": 9}}
{"target": -173.6782008818852, "params": {"k_pid_pos": [0.6616142716962277, 0.0030338006196479208, 0.008612904533932783], "k_pid_alt": [2.0, 0.00012689184648560282, 0.001045599918504991], "k_pid_att": [34.28422592507936, 7.869535811961644, 0.5071956092499356], "k_pid_yaw": [0.5, 1e-06, 0.1], "k_pid_hsp": [0.06751001350395601, 0.003868685010159993, 0.0], "k_pid_vsp": [214.2414280134059, 259.6294652800586, 0.6246494044874872]}, "datetime": {"datetime": "2025-08-20 21:44:59", "elapsed": 35553.816096544266, "delta": 18.284470319747925}, "costs": {"total_cost": 173.6782008818852, "time_cost": 74.664, "final_distance_cost": 1.760212545331089, "oscillation_cost": 20.698257310238, "completition_cost": 0.0, "overshoot_cost": 52.088418585125574, "power_cost": 12.496757165527344, "noise_cost": 11.97055527566319, "n_waypoints_completed": 9, "tot_waypoints": 9}}
{"target": -170.44997240995338, "params": {"k_pid_pos": [0.6379867046795064, 0.003916458427872454, 0.007818698098485287], "k_pid_alt": [1.4412283919998308, 0.0001523904514905234, 0.0017755818896197147], "k_pid_att": [24.43058787906071, 7.495656142410134, 0.6117604116191208], "k_pid_yaw": [0.5, 1e-06, 0.1], "k_pid_hsp": [0.10198931434486319, 0.004078555755672498, 0.0], "k_pid_vsp": [213.73537027299554, 255.36605399368875, 0.5900467582227852]}, "datetime": {"datetime": "2025-08-20 21:45:18", "elapsed": 35572.59869027138, "delta": 18.782593727111816}, "costs": {"total_cost": 170.44997240995338, "time_cost": 71.0, "final_distance_cost": 1.818254888866765, "oscillation_cost": 22.659066859089467, "completition_cost": 0.0, "overshoot_cost": 51.27969741613491, "power_cost": 12.29365028076172, "noise_cost": 11.399302965100542, "n_waypoints_completed": 9, "tot_waypoints": 9}}
{"target": -169.6942867741639, "params": {"k_pid_pos": [0.48683888320067353, 0.003530807467309886, 0.008725165396785996], "k_pid_alt": [2.0, 0.00014947662336268932, 0.0014447570995414095], "k_pid_att": [29.10503231521189, 6.4160472826627055, 0.7222694157253549], "k_pid_yaw": [0.5, 1e-06, 0.1], "k_pid_hsp": [0.0783452780514437, 0.004608140321082459, 0.0], "k_pid_vsp": [226.8131021471439, 231.5552404222175, 0.4977592217101403]}, "datetime": {"datetime": "2025-08-20 21:45:36", "elapsed": 35590.673701286316, "delta": 18.075011014938354}, "costs": {"total_cost": 169.6942867741639, "time_cost": 73.70400000000001, "final_distance_cost": 1.8091061045678154, "oscillation_cost": 18.071548745984234, "completition_cost": 0.0, "overshoot_cost": 51.993812479715054, "power_cost": 12.305334094238281, "noise_cost": 11.810485349658533, "n_waypoints_completed": 9, "tot_waypoints": 9}}
{"target": -173.89144834825274, "params": {"k_pid_pos": [0.7456913276875309, 0.0030674567202721233, 0.00878847434070182], "k_pid_alt": [2.0, 0.00010532461749716501, 0.0015271556696702547], "k_pid_att": [29.891195710079614, 7.185340719206073, 0.5573484133218222], "k_pid_yaw": [0.5, 1e-06, 0.1], "k_pid_hsp": [0.07433792575058364, 0.004181717457847078, 0.0], "k_pid_vsp": [243.7850747916416, 241.39693934738958, 0.6269285302017078]}, "datetime": {"datetime": "2025-08-20 21:45:53", "elapsed": 35607.8619184494, "delta": 17.188217163085938}, "costs": {"total_cost": 173.89144834825274, "time_cost": 73.21600000000001, "final_distance_cost": 1.7825468571520233, "oscillation_cost": 22.85677137088136, "completition_cost": 0.0, "overshoot_cost": 51.6886255614872, "power_cost": 12.563254541015626, "noise_cost": 11.784250017716529, "n_waypoints_completed": 9, "tot_waypoints": 9}}
{"target": -176.01433868964352, "params": {"k_pid_pos": [0.8687805463368448, 0.0033786661442337267, 0.008805956487141754], "k_pid_alt": [1.9071194402852412, 0.0001279535393576168, 0.0014320701661229996], "k_pid_att": [30.512000293329134, 6.0894666806801325, 0.6335351126439835], "k_pid_yaw": [0.5, 1e-06, 0.1], "k_pid_hsp": [0.06879352902957038, 0.004479021873858654, 0.0], "k_pid_vsp": [173.8222829120103, 279.61353838389664, 0.6130253386804132]}, "datetime": {"datetime": "2025-08-20 21:46:10", "elapsed": 35625.21237325668, "delta": 17.350454807281494}, "costs": {"total_cost": 176.01433868964352, "time_cost": 73.744, "final_distance_cost": 1.74373416235987, "oscillation_cost": 24.843248013992373, "completition_cost": 0.0, "overshoot_cost": 51.27525313310503, "power_cost": 12.63416365966797, "noise_cost": 11.773939720518287, "n_waypoints_completed": 9, "tot_waypoints": 9}}
{"target": -169.41869170898354, "params": {"k_pid_pos": [0.4294182774622605, 0.004447664393980603, 0.00786046288406866], "k_pid_alt": [1.909072703163995, 0.00010572596110826683, 0.0020456077830339], "k_pid_att": [31.823551024174577, 8.450989881434856, 0.6099458381494375], "k_pid_yaw": [0.5, 1e-06, 0.1], "k_pid_hsp": [0.09307810091480961, 0.003924523786627762, 0.0], "k_pid_vsp": [236.21097870029598, 219.57388059169512, 0.49760664494197765]}, "datetime": {"datetime": "2025-08-20 21:46:27", "elapsed": 35641.717561244965, "delta": 16.50518798828125}, "costs": {"total_cost": 169.41869170898354, "time_cost": 74.424, "final_distance_cost": 1.8337237833730409, "oscillation_cost": 17.962966586459153, "completition_cost": 0.0, "overshoot_cost": 51.39115913941917, "power_cost": 11.908325024414063, "noise_cost": 11.898517175318103, "n_waypoints_completed": 9, "tot_waypoints": 9}}
{"target": -169.78074403978292, "params": {"k_pid_pos": [0.551132078038063, 0.00405307649190849, 0.00810419431436732], "k_pid_alt": [2.0, 0.0001275880601179222, 0.001583855261727378], "k_pid_att": [24.797379479485457, 7.079206658278525, 0.6023381576103143], "k_pid_yaw": [0.5, 1e-06, 0.1], "k_pid_hsp": [0.1083373453135907, 0.004078740542190237, 0.0], "k_pid_vsp": [292.3783161941155, 213.71888636009848, 0.5788447450086943]}, "datetime": {"datetime": "2025-08-20 21:46:45", "elapsed": 35659.627744197845, "delta": 17.91018295288086}, "costs": {"total_cost": 169.78074403978292, "time_cost": 71.872, "final_distance_cost": 1.8380915554600763, "oscillation_cost": 21.39416471145991, "completition_cost": 0.0, "overshoot_cost": 51.17845600009287, "power_cost": 11.984438403320313, "noise_cost": 11.513593369449724, "n_waypoints_completed": 9, "tot_waypoints": 9}}
{"target": -170.15335397046863, "params": {"k_pid_pos": [0.7117301755392127, 0.003992654214312236, 0.008038974991193673], "k_pid_alt": [2.0, 0.0001361250747131421, 0.002097099692399023], "k_pid_att": [29.693826358701774, 8.267960654326679, 0.6501985635176148], "k_pid_yaw": [0.5, 1e-06, 0.1], "k_pid_hsp": [0.09413474329881703, 0.004526959072441342, 0.0], "k_pid_vsp": [238.25668961208763, 163.38140100916323, 0.43519386869399174]}, "datetime": {"datetime": "2025-08-20 21:47:00", "elapsed": 35675.331644535065, "delta": 15.703900337219238}, "costs": {"total_cost": 170.15335397046863, "time_cost": 70.976, "final_distance_cost": 1.788614690648175, "oscillation_cost": 23.0972648665855, "completition_cost": 0.0, "overshoot_cost": 51.57296489972977, "power_cost": 11.61779052734375, "noise_cost": 11.100718986161432, "n_waypoints_completed": 9, "tot_waypoints": 9}}
{"target": -168.93950618755758, "params": {"k_pid_pos": [0.4843005348945813, 0.004317684183703121, 0.00926796138532121], "k_pid_alt": [2.0, 0.00013448047990023934, 0.0016825887855915587], "k_pid_att": [29.88228563636393, 6.973196386150239, 0.5859217547909639], "k_pid_yaw": [0.5, 1e-06, 0.1], "k_pid_hsp": [0.10501143696260051, 0.0038299538364125764, 0.0], "k_pid_vsp": [210.6864864521517, 312.65763786639735, 0.49293297783996115]}, "datetime": {"datetime": "2025-08-20 21:47:18", "elapsed": 35693.23603129387, "delta": 17.90438675880432}, "costs": {"total_cost": 168.93950618755758, "time_cost": 73.12, "final_distance_cost": 1.82756695625126, "oscillation_cost": 19.801753029806715, "completition_cost": 0.0, "overshoot_cost": 50.47550503114484, "power_cost": 12.058184118652344, "noise_cost": 11.656497051702413, "n_waypoints_completed": 9, "tot_waypoints": 9}}
{"target": -169.84035256663222, "params": {"k_pid_pos": [0.5623079382133264, 0.003578108959662568, 0.008475197875920127], "k_pid_alt": [1.9218259700470386, 0.00015222739671850704, 0.002049905482332196], "k_pid_att": [27.5312570388035, 8.02484268804882, 0.6925402461182193], "k_pid_yaw": [0.5, 1e-06, 0.1], "k_pid_hsp": [0.08467730480650675, 0.0045672675916745885, 0.0], "k_pid_vsp": [230.97560197279154, 207.61455075240815, 0.4240018639947505]}, "datetime": {"datetime": "2025-08-20 21:47:35", "elapsed": 35710.128254175186, "delta": 16.89222288131714}, "costs": {"total_cost": 169.84035256663222, "time_cost": 72.376, "final_distance_cost": 1.8127643186183453, "oscillation_cost": 20.039028967955012, "completition_cost": 0.0, "overshoot_cost": 51.7139764449926, "power_cost": 12.284146948242189, "noise_cost": 11.614435886824081, "n_waypoints_completed": 9, "tot_waypoints": 9}}
{"target": -170.473047013173, "params": {"k_pid_pos": [0.722087410438411, 0.0037229797483708756, 0.010191036226932808], "k_pid_alt": [1.849821941239156, 0.00011256440058226154, 0.0016106012868077797], "k_pid_att": [24.278344039233236, 6.374770159897778, 0.580678085537067], "k_pid_yaw": [0.5, 1e-06, 0.1], "k_pid_hsp": [0.11270338093541399, 0.004188132675801531, 0.0], "k_pid_vsp": [195.5869829823399, 227.04146813764166, 0.4510387688099266]}, "datetime": {"datetime": "2025-08-20 21:47:51", "elapsed": 35726.40132045746, "delta": 16.27306628227234}, "costs": {"total_cost": 170.473047013173, "time_cost": 70.28, "final_distance_cost": 1.816722052063799, "oscillation_cost": 24.40936696242122, "completition_cost": 0.0, "overshoot_cost": 50.800373728224265, "power_cost": 11.99957781982422, "noise_cost": 11.167006450639487, "n_waypoints_completed": 9, "tot_waypoints": 9}}
{"target": -169.52939303261354, "params": {"k_pid_pos": [0.5390397690690386, 0.0033388222293567146, 0.008980240359989821], "k_pid_alt": [2.0, 0.0001488857137955729, 0.0019226180171872335], "k_pid_att": [30.295823408581693, 7.354998355353423, 0.5518666302374401], "k_pid_yaw": [0.5, 1e-06, 0.1], "k_pid_hsp": [0.08692613173539603, 0.004657537636070599, 0.0], "k_pid_vsp": [188.69955178952543, 261.14584940493705, 0.5722333287427238]}, "datetime": {"datetime": "2025-08-20 21:48:09", "elapsed": 35744.411267995834, "delta": 18.009947538375854}, "costs": {"total_cost": 169.52939303261354, "time_cost": 72.44800000000001, "final_distance_cost": 1.8035635791011364, "oscillation_cost": 19.881292458177256, "completition_cost": 0.0, "overshoot_cost": 51.65953571790512, "power_cost": 12.141305725097657, "noise_cost": 11.59569555233235, "n_waypoints_completed": 9, "tot_waypoints": 9}}
{"target": -169.7804856902706, "params": {"k_pid_pos": [0.5431428602454331, 0.003076668403090611, 0.0065600945424656755], "k_pid_alt": [2.0, 0.0001343501029591521, 0.002059485060990862], "k_pid_att": [19.9838609415562, 9.948943151839094, 0.4912108939591176], "k_pid_yaw": [0.5, 1e-06, 0.1], "k_pid_hsp": [0.1060066607011058, 0.0043658064772070515, 0.0], "k_pid_vsp": [271.8290218656646, 289.03964248839725, 0.5777786618469031]}, "datetime": {"datetime": "2025-08-20 21:48:25", "elapsed": 35760.27287054062, "delta": 15.861602544784546}, "costs": {"total_cost": 169.7804856902706, "time_cost": 71.88, "final_distance_cost": 1.83915349758681, "oscillation_cost": 21.338309081291765, "completition_cost": 0.0, "overshoot_cost": 51.03555818768599, "power_cost": 12.114197497558594, "noise_cost": 11.573267426147455, "n_waypoints_completed": 9, "tot_waypoints": 9}}
{"target": -170.86775463111326, "params": {"k_pid_pos": [0.6557650611158029, 0.0032914212995410635, 0.006244489693764885], "k_pid_alt": [2.0, 0.00015216843904951286, 0.0018019858648373303], "k_pid_att": [30.26065650750283, 5.427801298681288, 0.5857490166173791], "k_pid_yaw": [0.5, 1e-06, 0.1], "k_pid_hsp": [0.08252757298343188, 0.003502620967415243, 0.0], "k_pid_vsp": [233.3124916592585, 218.2294292214127, 0.46228556097127654]}, "datetime": {"datetime": "2025-08-20 21:48:42", "elapsed": 35777.10020303726, "delta": 16.827332496643066}, "costs": {"total_cost": 170.86775463111326, "time_cost": 72.08, "final_distance_cost": 1.7804101777445267, "oscillation_cost": 21.457866684827604, "completition_cost": 0.0, "overshoot_cost": 51.880524386434026, "power_cost": 12.143373059082032, "noise_cost": 11.525580323025086, "n_waypoints_completed": 9, "tot_waypoints": 9}}
{"target": -169.41654672180772, "params": {"k_pid_pos": [0.5982796316048029, 0.004415328668088259, 0.009353423214898906], "k_pid_alt": [1.8458728789108456, 0.00010965041727348394, 0.00206875356209752], "k_pid_att": [26.443682022460376, 7.641492404487199, 0.5260998704622253], "k_pid_yaw": [0.5, 1e-06, 0.1], "k_pid_hsp": [0.10844881215458528, 0.004572000162816437, 0.0], "k_pid_vsp": [223.18726131357744, 310.72180274264434, 0.5595881948834129]}, "datetime": {"datetime": "2025-08-20 21:48:58", "elapsed": 35793.437809705734, "delta": 16.33760666847229}, "costs": {"total_cost": 169.41654672180772, "time_cost": 71.168, "final_distance_cost": 1.8087185522718168, "oscillation_cost": 22.587671290705345, "completition_cost": 0.0, "overshoot_cost": 50.25057470514805, "power_cost": 12.195993615722657, "noise_cost": 11.405588557959838, "n_waypoints_completed": 9, "tot_waypoints": 9}}
{"target": -169.51795047491555, "params": {"k_pid_pos": [0.405065503313593, 0.004333256590078466, 0.007939151443079948], "k_pid_alt": [1.7023159171203435, 0.00012743314002272113, 0.002044917982810217], "k_pid_att": [32.30510604728557, 8.645907932813587, 0.6747588305855606], "k_pid_yaw": [0.5, 1e-06, 0.1], "k_pid_hsp": [0.08117051843624294, 0.004961999414113666, 0.0], "k_pid_vsp": [252.0782424554411, 222.35597406515407, 0.5191059319083339]}, "datetime": {"datetime": "2025-08-20 21:49:16", "elapsed": 35810.61146378517, "delta": 17.173654079437256}, "costs": {"total_cost": 169.51795047491555, "time_cost": 75.2, "final_distance_cost": 1.8303632347638485, "oscillation_cost": 16.766941662510543, "completition_cost": 0.0, "overshoot_cost": 51.43457809017259, "power_cost": 12.21037431640625, "noise_cost": 12.075693171062303, "n_waypoints_completed": 9, "tot_waypoints": 9}}
{"target": -169.5806775928577, "params": {"k_pid_pos": [0.495506241633676, 0.0035010096027509054, 0.009478545882632892], "k_pid_alt": [2.0, 0.00011867940907982478, 0.0017544189839304805], "k_pid_att": [29.575483818893066, 8.360137846337635, 0.6724997978705813], "k_pid_yaw": [0.5, 1e-06, 0.1], "k_pid_hsp": [0.09274918086616794, 0.005349355195779239, 0.0], "k_pid_vsp": [181.09927037370826, 214.02092686684261, 0.7003380477764031]}, "datetime": {"datetime": "2025-08-20 21:49:33", "elapsed": 35827.78255820274, "delta": 17.17109441757202}, "costs": {"total_cost": 169.5806775928577, "time_cost": 72.8, "final_distance_cost": 1.8257253262359607, "oscillation_cost": 19.664877411913317, "completition_cost": 0.0, "overshoot_cost": 51.26366825057242, "power_cost": 12.336009838867188, "noise_cost": 11.690396765268838, "n_waypoints_completed": 9, "tot_waypoints": 9}}
{"target": -169.54658868976702, "params": {"k_pid_pos": [0.6363174482846591, 0.00404334075392612, 0.009388216936611527], "k_pid_alt": [1.9171866876817756, 0.00014604614791001715, 0.0021192115821781874], "k_pid_att": [28.8535542186449, 7.721178786308966, 0.5189939792299816], "k_pid_yaw": [0.5, 1e-06, 0.1], "k_pid_hsp": [0.09902182724098753, 0.004812850330206542, 0.0], "k_pid_vsp": [228.2034903800346, 224.49297710148483, 0.4303039950891521]}, "datetime": {"datetime": "2025-08-20 21:49:48", "elapsed": 35843.190762043, "delta": 15.408203840255737}, "costs": {"total_cost": 169.54658868976702, "time_cost": 71.072, "final_distance_cost": 1.8009190359354208, "oscillation_cost": 22.295970884306204, "completition_cost": 0.0, "overshoot_cost": 51.002926305819, "power_cost": 12.020576721191407, "noise_cost": 11.354195742514966, "n_waypoints_completed": 9, "tot_waypoints": 9}}
{"target": -170.24783693166916, "params": {"k_pid_pos": [0.5387304219474259, 0.0035160437454839454, 0.008012337143229444], "k_pid_alt": [2.0, 0.0001193966402559656, 0.0021295273251813952], "k_pid_att": [22.327828787405764, 8.550452084283165, 0.5559617163321048], "k_pid_yaw": [0.5, 1e-06, 0.1], "k_pid_hsp": [0.12126972184484501, 0.005561040876498383, 0.0], "k_pid_vsp": [187.0880332317963, 235.82686068364316, 0.6309739410090213]}, "datetime": {"datetime": "2025-08-20 21:50:06", "elapsed": 35860.56650185585, "delta": 17.375739812850952}, "costs": {"total_cost": 170.24783693166916, "time_cost": 72.024, "final_distance_cost": 1.8268831311319798, "oscillation_cost": 21.827827264551686, "completition_cost": 0.0, "overshoot_cost": 50.81225650020758, "power_cost": 12.10753817138672, "noise_cost": 11.649331864391215, "n_waypoints_completed": 9, "tot_waypoints": 9}}
{"target": -169.8071305878361, "params": {"k_pid_pos": [0.5555802135424308, 0.003681604160479185, 0.0077917116739967054], "k_pid_alt": [2.0, 0.0001383831989319582, 0.0020333887389444275], "k_pid_att": [26.085668548823122, 8.420307716057087, 0.5275019009115822], "k_pid_yaw": [0.5, 1e-06, 0.1], "k_pid_hsp": [0.09105703139263355, 0.004003032524768722, 0.0], "k_pid_vsp": [190.57138060760994, 234.64189705630588, 0.6605083474601522]}, "datetime": {"datetime": "2025-08-20 21:50:22", "elapsed": 35876.5556204319, "delta": 15.989118576049805}, "costs": {"total_cost": 169.8071305878361, "time_cost": 72.112, "final_distance_cost": 1.8256127895871448, "oscillation_cost": 20.6341752348425, "completition_cost": 0.0, "overshoot_cost": 51.55103175085344, "power_cost": 12.209925207519532, "noise_cost": 11.474385605033525, "n_waypoints_completed": 9, "tot_waypoints": 9}}
