{"target": -172.96538186838913, "params": {"k_pid_pos": [0.45523016976671765, 0.011795361176846412, 0.03667573115777976], "k_pid_alt": [1.3383331377962204, 0.00017650033027796308, 0.05517339676657065], "k_pid_att": [18.630304119872534, 1.3664739470660905, 0.669498319137523], "k_pid_yaw": [0.5, 1e-06, 0.1], "k_pid_hsp": [0.09969732895107249, 0.010558724595957409, 0.0], "k_pid_vsp": [197.135229416192, 134.49623106481206, 1.5752504459950625]}, "datetime": {"datetime": "2025-08-20 15:57:08", "elapsed": 14682.871163845062, "delta": 17.000651359558105}, "costs": {"total_cost": 172.96538186838913, "time_cost": 74.536, "final_distance_cost": 1.842531935917532, "oscillation_cost": 19.79670079801445, "completition_cost": 0.0, "overshoot_cost": 51.649141201917864, "power_cost": 12.922482531738282, "noise_cost": 12.218525400800985, "n_waypoints_completed": 9, "tot_waypoints": 9}}
{"target": -840.9303715934251, "params": {"k_pid_pos": [0.7685498706109994, 0.011450123913929322, 0.01385612595918874], "k_pid_alt": [1.6379516015634554, 0.00019661547193034794, 0.024933294417323698], "k_pid_att": [36.075277318227286, 6.192432279906254, 0.6549498470985798], "k_pid_yaw": [0.5, 1e-06, 0.1], "k_pid_hsp": [0.021209865808772817, 0.01296149297132474, 0.0], "k_pid_vsp": [180.06769010540052, 150.05556503545156, 1.1779017454547729]}, "datetime": {"datetime": "2025-08-20 15:57:30", "elapsed": 14704.53880238533, "delta": 21.667638540267944}, "costs": {"total_cost": 840.9303715934251, "time_cost": 150, "final_distance_cost": 47.10049758491245, "oscillation_cost": 12.553772416831517, "completition_cost": 555.5555555555555, "overshoot_cost": 45.94927781690528, "power_cost": 15.840306201171876, "noise_cost": 13.930962018048458, "n_waypoints_completed": 4, "tot_waypoints": 9}}
{"target": -172.24820184937087, "params": {"k_pid_pos": [0.5543861979432216, 0.016757963077053937, 0.028551171831120645], "k_pid_alt": [2.0, 0.00025190004321727204, 0.038561419309127966], "k_pid_att": [63.08595675315113, 5.177708473189742, 0.8571339158422662], "k_pid_yaw": [0.5, 1e-06, 0.1], "k_pid_hsp": [0.12705100338424552, 0.015461696933351221, 0.0], "k_pid_vsp": [362.796231946091, 106.1711541393792, 1.1577339682508565]}, "datetime": {"datetime": "2025-08-20 15:57:45", "elapsed": 14720.261009454727, "delta": 15.722207069396973}, "costs": {"total_cost": 172.24820184937087, "time_cost": 72.2, "final_distance_cost": 1.848446968315334, "oscillation_cost": 23.178644010192606, "completition_cost": 0.0, "overshoot_cost": 51.06277699682146, "power_cost": 12.229044311523438, "noise_cost": 11.729289562518026, "n_waypoints_completed": 9, "tot_waypoints": 9}}
{"target": -171.30866393227598, "params": {"k_pid_pos": [0.8915361931658511, 0.021481431258405972, 0.025301555476646382], "k_pid_alt": [1.3898210306256769, 0.0002455803439816275, 0.030717279203506826], "k_pid_att": [54.72919875566297, 7.819774631870765, 0.335497374026225], "k_pid_yaw": [0.5, 1e-06, 0.1], "k_pid_hsp": [0.15599158358841736, 0.012577803945642915, 0.0], "k_pid_vsp": [281.4862961591456, 195.32331742094405, 0.5436416554851874]}, "datetime": {"datetime": "2025-08-20 15:58:01", "elapsed": 14736.307461738586, "delta": 16.046452283859253}, "costs": {"total_cost": 171.30866393227598, "time_cost": 69.28, "final_distance_cost": 1.822378512110013, "oscillation_cost": 27.704103977103124, "completition_cost": 0.0, "overshoot_cost": 49.81560853161133, "power_cost": 11.683020910644531, "noise_cost": 11.00355200080698, "n_waypoints_completed": 9, "tot_waypoints": 9}}
{"target": -189.12017595165523, "params": {"k_pid_pos": [1.0186249027934258, 0.01898346123974125, 0.03217933926377849], "k_pid_alt": [1.9300629112138579, 0.00017194608155237962, 0.04556127681108074], "k_pid_att": [5.282272010760664, 3.011678632248962, 0.7230210202860405], "k_pid_yaw": [0.5, 1e-06, 0.1], "k_pid_hsp": [0.038641392933634756, 0.007148661459099609, 0.0], "k_pid_vsp": [205.21586116022127, 82.51840403395327, 0.6153080297386699]}, "datetime": {"datetime": "2025-08-20 15:58:24", "elapsed": 14758.925284385681, "delta": 22.617822647094727}, "costs": {"total_cost": 189.12017595165523, "time_cost": 84.456, "final_distance_cost": 1.7402293685789225, "oscillation_cost": 21.303205688254415, "completition_cost": 0.0, "overshoot_cost": 55.48575083376662, "power_cost": 13.286191430664063, "noise_cost": 12.848798630391197, "n_waypoints_completed": 9, "tot_waypoints": 9}}
{"target": -170.52075479915686, "params": {"k_pid_pos": [0.7323448071904358, 0.01906758156108601, 0.0016120822846372417], "k_pid_alt": [1.7636551844345874, 6.880898213574427e-05, 0.03903559318777187], "k_pid_att": [27.464147999552072, 5.664979177059508, 0.7153741186183656], "k_pid_yaw": [0.5, 1e-06, 0.1], "k_pid_hsp": [0.16865928791201426, 0.009955571708670565, 0.0], "k_pid_vsp": [264.0921937687513, 114.93547903975968, 2.3444885177768717]}, "datetime": {"datetime": "2025-08-20 15:58:42", "elapsed": 14777.159402608871, "delta": 18.234118223190308}, "costs": {"total_cost": 170.52075479915686, "time_cost": 70.056, "final_distance_cost": 1.8320892712751522, "oscillation_cost": 25.240513101515095, "completition_cost": 0.0, "overshoot_cost": 50.471258022938855, "power_cost": 11.79277939453125, "noise_cost": 11.128115008896533, "n_waypoints_completed": 9, "tot_waypoints": 9}}
{"target": -170.85173353792055, "params": {"k_pid_pos": [0.687035210945845, 0.019236255985812262, 0.017088002614175223], "k_pid_alt": [1.6808285132424912, 0.00020901795066264443, 0.03939667386409534], "k_pid_att": [37.29455900100578, 4.606924321362626, 0.5920690112923849], "k_pid_yaw": [0.5, 1e-06, 0.1], "k_pid_hsp": [0.196771693083431, 0.013136601867736394, 0.0], "k_pid_vsp": [355.94440740764566, 132.9879921889669, 1.4429332841426292]}, "datetime": {"datetime": "2025-08-20 15:58:59", "elapsed": 14794.084628343582, "delta": 16.925225734710693}, "costs": {"total_cost": 170.85173353792055, "time_cost": 70.552, "final_distance_cost": 1.8460676232621132, "oscillation_cost": 24.88967542743122, "completition_cost": 0.0, "overshoot_cost": 50.413509089929455, "power_cost": 11.792615502929689, "noise_cost": 11.357865894368066, "n_waypoints_completed": 9, "tot_waypoints": 9}}
{"target": -1218.4895725492117, "params": {"k_pid_pos": [1.006858884742158, 0.019922548149954405, 0.04370863122455949], "k_pid_alt": [1.8192417080380627, 0.00017345366913584684, 0.03655049424384293], "k_pid_att": [9.899263767637686, 0.04462332004326175, 0.5452267235382152], "k_pid_yaw": [0.5, 1e-06, 0.1], "k_pid_hsp": [0.0001, 0.010634377574747214, 0.0], "k_pid_vsp": [213.09385846716904, 94.98626126102594, 0.21422315789373791]}, "datetime": {"datetime": "2025-08-20 15:59:22", "elapsed": 14816.777943611145, "delta": 22.693315267562866}, "costs": {"total_cost": 1218.4895725492117, "time_cost": 150, "final_distance_cost": 62.49522762637253, "oscillation_cost": 2.2618612678086687, "completition_cost": 888.8888888888888, "overshoot_cost": 89.02659433114788, "power_cost": 12.859293408203126, "noise_cost": 12.957707026790771, "n_waypoints_completed": 1, "tot_waypoints": 9}}
{"target": -171.86803887675575, "params": {"k_pid_pos": [0.8082840104282747, 0.008836001486873085, 0.03492266089600643], "k_pid_alt": [1.8573579121960169, 8.316711962048993e-05, 0.031853658741414694], "k_pid_att": [33.204520534880345, 0.0001, 1.0], "k_pid_yaw": [0.5, 1e-06, 0.1], "k_pid_hsp": [0.08972310481908531, 0.011615965306321962, 0.0], "k_pid_vsp": [147.3474975407235, 122.18833592576489, 0.9656553305296182]}, "datetime": {"datetime": "2025-08-20 15:59:38", "elapsed": 14832.611808300018, "delta": 15.833864688873291}, "costs": {"total_cost": 171.86803887675575, "time_cost": 71.144, "final_distance_cost": 1.7812396344999812, "oscillation_cost": 25.303455308048253, "completition_cost": 0.0, "overshoot_cost": 50.088373255116856, "power_cost": 12.297047094726564, "noise_cost": 11.253923584364102, "n_waypoints_completed": 9, "tot_waypoints": 9}}
{"target": -175.10188638278547, "params": {"k_pid_pos": [0.9680715969580566, 0.015317342096407815, 0.020052421948423157], "k_pid_alt": [1.728854791761318, 0.00018448138500628102, 0.03799080115480835], "k_pid_att": [34.950471605605706, 3.8685520989857096, 0.47737835708081094], "k_pid_yaw": [0.5, 1e-06, 0.1], "k_pid_hsp": [0.10292441563779277, 0.013805627617692974, 0.0], "k_pid_vsp": [220.36040148788734, 68.71972296413192, 1.1673797304959133]}, "datetime": {"datetime": "2025-08-20 15:59:54", "elapsed": 14848.56295132637, "delta": 15.951143026351929}, "costs": {"total_cost": 175.10188638278547, "time_cost": 71.0, "final_distance_cost": 1.76951769939217, "oscillation_cost": 28.1846938191234, "completition_cost": 0.0, "overshoot_cost": 51.01843526028599, "power_cost": 12.000506726074219, "noise_cost": 11.128732877909709, "n_waypoints_completed": 9, "tot_waypoints": 9}}
{"target": -171.97971796114533, "params": {"k_pid_pos": [0.8538749960953491, 0.021810334297871273, 0.04798242896883137], "k_pid_alt": [1.5963537356762156, 0.0001843109498606939, 0.03651807543733962], "k_pid_att": [37.80797331385823, 5.9735719568902494, 0.7946042049133194], "k_pid_yaw": [0.5, 1e-06, 0.1], "k_pid_hsp": [0.12737172067165758, 0.0153489431686633, 0.0], "k_pid_vsp": [146.22443488348156, 91.12063059977118, 1.4664680618940131]}, "datetime": {"datetime": "2025-08-20 16:00:09", "elapsed": 14864.08089351654, "delta": 15.517942190170288}, "costs": {"total_cost": 171.97971796114533, "time_cost": 69.632, "final_distance_cost": 1.8048236601038348, "oscillation_cost": 26.83428313988443, "completition_cost": 0.0, "overshoot_cost": 50.148286213732035, "power_cost": 12.2976005859375, "noise_cost": 11.262724361487532, "n_waypoints_completed": 9, "tot_waypoints": 9}}
{"target": -1211.1324412040742, "params": {"k_pid_pos": [0.4975474557613135, 0.011305929105733548, 0.09803388707036698], "k_pid_alt": [1.316562772755133, 0.00022794214544556474, 0.03555650861173649], "k_pid_att": [36.863667244265166, 5.445584451089027, 0.5813253463005412], "k_pid_yaw": [0.5, 1e-06, 0.1], "k_pid_hsp": [0.0001, 0.0035124313760388423, 0.0], "k_pid_vsp": [264.03423361700374, 134.66408846384607, 0.22193745462630354]}, "datetime": {"datetime": "2025-08-20 16:00:32", "elapsed": 14886.647738695145, "delta": 22.566845178604126}, "costs": {"total_cost": 1211.1324412040742, "time_cost": 150, "final_distance_cost": 52.950914989879564, "oscillation_cost": 0.36027108550791087, "completition_cost": 888.8888888888888, "overshoot_cost": 93.22341138397955, "power_cost": 12.792473364257813, "noise_cost": 12.916481491560663, "n_waypoints_completed": 1, "tot_waypoints": 9}}
{"target": -175.91266412046286, "params": {"k_pid_pos": [0.9789001166728745, 0.010489549988664549, 0.015280542437061803], "k_pid_alt": [1.3888214834942108, 0.00019978193831676525, 0.04441685825629751], "k_pid_att": [24.059616671908497, 4.086734857741701, 0.6736248628130511], "k_pid_yaw": [0.5, 1e-06, 0.1], "k_pid_hsp": [0.09927592112431131, 0.010144335335012371, 0.0], "k_pid_vsp": [53.489325508360444, 122.84316989618719, 0.8378012137437724]}, "datetime": {"datetime": "2025-08-20 16:00:48", "elapsed": 14902.598435878754, "delta": 15.950697183609009}, "costs": {"total_cost": 175.91266412046286, "time_cost": 70.856, "final_distance_cost": 1.7644280038933717, "oscillation_cost": 28.816256702807898, "completition_cost": 0.0, "overshoot_cost": 50.58056365401631, "power_cost": 12.546623669433595, "noise_cost": 11.348792090311694, "n_waypoints_completed": 9, "tot_waypoints": 9}}
{"target": -527.8875435268103, "params": {"k_pid_pos": [0.20253168978550093, 0.012344622909505604, 0.0], "k_pid_alt": [1.343459287703791, 0.00014277932360186023, 0.020593409897656508], "k_pid_att": [49.87779714157255, 1.880547801552316, 0.5037251123597438], "k_pid_yaw": [0.5, 1e-06, 0.1], "k_pid_hsp": [0.21195999026848114, 0.010427220001511727, 0.0], "k_pid_vsp": [223.28583646388984, 136.80832574785632, 1.090978223221496]}, "datetime": {"datetime": "2025-08-20 16:01:10", "elapsed": 14925.44990682602, "delta": 22.851470947265625}, "costs": {"total_cost": 527.8875435268103, "time_cost": 150, "final_distance_cost": 65.63735016951634, "oscillation_cost": 13.224349170674854, "completition_cost": 222.2222222222222, "overshoot_cost": 48.26363515524968, "power_cost": 14.977835009765625, "noise_cost": 13.562151799381635, "n_waypoints_completed": 7, "tot_waypoints": 9}}
{"target": -840.7739984762597, "params": {"k_pid_pos": [0.5956809062574854, 0.01331335682965822, 0.02989658253958073], "k_pid_alt": [1.5715979380737757, 0.00018494699335801172, 0.037931358366765956], "k_pid_att": [39.050527413144316, 3.9536057497539425, 0.4299966952318777], "k_pid_yaw": [0.5, 1e-06, 0.1], "k_pid_hsp": [0.01827589687460307, 0.01287039954583028, 0.0], "k_pid_vsp": [258.7700606789877, 167.07052448694785, 0.9936746979783052]}, "datetime": {"datetime": "2025-08-20 16:01:33", "elapsed": 14947.867315769196, "delta": 22.41740894317627}, "costs": {"total_cost": 840.7739984762597, "time_cost": 150, "final_distance_cost": 44.137499948432286, "oscillation_cost": 10.220880048210487, "completition_cost": 555.5555555555555, "overshoot_cost": 50.555816555697355, "power_cost": 16.225685595703126, "noise_cost": 14.07856077266093, "n_waypoints_completed": 4, "tot_waypoints": 9}}
{"target": -171.4213899098554, "params": {"k_pid_pos": [0.6879515930670682, 0.010525370934831873, 0.043939528814117994], "k_pid_alt": [2.0, 0.0003171382904899514, 0.06829866890111598], "k_pid_att": [29.631784927063702, 2.299179921888887, 0.6918036308151181], "k_pid_yaw": [0.5, 1e-06, 0.1], "k_pid_hsp": [0.08478573324262785, 0.007270469191858027, 0.0], "k_pid_vsp": [103.39677763332763, 152.36191590605895, 1.229769484012263]}, "datetime": {"datetime": "2025-08-20 16:01:49", "elapsed": 14963.585044622421, "delta": 15.717728853225708}, "costs": {"total_cost": 171.4213899098554, "time_cost": 71.88, "final_distance_cost": 1.7939199189424424, "oscillation_cost": 22.722646485490472, "completition_cost": 0.0, "overshoot_cost": 51.115586431951925, "power_cost": 12.438596679687501, "noise_cost": 11.470640393783105, "n_waypoints_completed": 9, "tot_waypoints": 9}}
{"target": -178.3929959758962, "params": {"k_pid_pos": [1.3578747166823817, 0.02388800966054781, 0.03057926299614669], "k_pid_alt": [1.563238770409783, 0.00019284994446037624, 0.046883676258305314], "k_pid_att": [32.78949419043985, 4.301587362816028, 0.5288328602476199], "k_pid_yaw": [0.5, 1e-06, 0.1], "k_pid_hsp": [0.14366279414378544, 0.00911458791961775, 0.0], "k_pid_vsp": [240.22135499075452, 16.997975160852913, 0.8526990328576481]}, "datetime": {"datetime": "2025-08-20 16:02:04", "elapsed": 14979.235661029816, "delta": 15.65061640739441}, "costs": {"total_cost": 178.3929959758962, "time_cost": 70.144, "final_distance_cost": 1.776691296957664, "oscillation_cost": 31.50619296355611, "completition_cost": 0.0, "overshoot_cost": 51.10675785603622, "power_cost": 12.388163830566407, "noise_cost": 11.471190028779809, "n_waypoints_completed": 9, "tot_waypoints": 9}}
{"target": -175.27315962267002, "params": {"k_pid_pos": [0.5468165718485744, 0.03875429745631106, 0.0], "k_pid_alt": [1.3455916792090736, 0.00024864134868397315, 0.0289293079335461], "k_pid_att": [39.10367329147299, 0.0001, 0.575796611021255], "k_pid_yaw": [0.5, 1e-06, 0.1], "k_pid_hsp": [0.20321925005604435, 0.008248094679098811, 0.0], "k_pid_vsp": [255.4886825881614, 118.16100184540005, 1.4441452055550779]}, "datetime": {"datetime": "2025-08-20 16:02:21", "elapsed": 14996.025107860565, "delta": 16.78944683074951}, "costs": {"total_cost": 175.27315962267002, "time_cost": 73.456, "final_distance_cost": 1.8350938069909526, "oscillation_cost": 25.060962078537134, "completition_cost": 0.0, "overshoot_cost": 50.649830191507625, "power_cost": 12.23467850341797, "noise_cost": 12.036595042216335, "n_waypoints_completed": 9, "tot_waypoints": 9}}
{"target": -178.07247912543298, "params": {"k_pid_pos": [0.9279581201888497, 0.020555193633010647, 0.03410223636366328], "k_pid_alt": [0.8612130669285513, 0.0001817353961812725, 0.03785964808921965], "k_pid_att": [23.046852429713464, 8.67975060799256, 0.40670260878591646], "k_pid_yaw": [0.5, 1e-06, 0.1], "k_pid_hsp": [0.0782445991964326, 0.009872280359012801, 0.0], "k_pid_vsp": [261.6178416035404, 112.59622805431938, 1.7374646587519604]}, "datetime": {"datetime": "2025-08-20 16:02:37", "elapsed": 15012.237387418747, "delta": 16.212279558181763}, "costs": {"total_cost": 178.07247912543298, "time_cost": 74.552, "final_distance_cost": 1.7602932575464938, "oscillation_cost": 27.032913697061506, "completition_cost": 0.0, "overshoot_cost": 51.33651670393569, "power_cost": 12.114247534179688, "noise_cost": 11.27650793270959, "n_waypoints_completed": 9, "tot_waypoints": 9}}
{"target": -171.9126468442393, "params": {"k_pid_pos": [0.8143827202652766, 0.00028044171069898277, 0.03371797038444991], "k_pid_alt": [1.516610285432952, 0.00028137993017570486, 0.030340098099126644], "k_pid_att": [25.07073016878429, 6.785309565983244, 0.04459507403708115], "k_pid_yaw": [0.5, 1e-06, 0.1], "k_pid_hsp": [0.1302612161761795, 0.007003677932082185, 0.0], "k_pid_vsp": [284.4005610849638, 107.61988208740365, 1.1149501589325264]}, "datetime": {"datetime": "2025-08-20 16:02:53", "elapsed": 15027.838333845139, "delta": 15.600946426391602}, "costs": {"total_cost": 171.9126468442393, "time_cost": 69.84, "final_distance_cost": 1.807471275894181, "oscillation_cost": 27.04040063774152, "completition_cost": 0.0, "overshoot_cost": 50.434759794641785, "power_cost": 11.668100390625, "noise_cost": 11.12191474533681, "n_waypoints_completed": 9, "tot_waypoints": 9}}
{"target": -178.49792329294596, "params": {"k_pid_pos": [0.47214605922905467, 0.019939458614388325, 0.04577189701223248], "k_pid_alt": [1.7390651636791759, 0.0002068316544703198, 0.011614615410027581], "k_pid_att": [34.48709947438051, 5.5889699367696535, 0.6773729242138097], "k_pid_yaw": [0.5, 1e-06, 0.1], "k_pid_hsp": [0.17999554985524271, 0.006806213566932159, 0.0], "k_pid_vsp": [292.8960315033828, 156.94353409109962, 1.3737682646531226]}, "datetime": {"datetime": "2025-08-20 16:03:10", "elapsed": 15045.10199713707, "delta": 17.263663291931152}, "costs": {"total_cost": 178.49792329294596, "time_cost": 76.248, "final_distance_cost": 1.8524700203570754, "oscillation_cost": 23.052044940387926, "completition_cost": 0.0, "overshoot_cost": 51.62701062833119, "power_cost": 13.034473889160157, "noise_cost": 12.683923814709614, "n_waypoints_completed": 9, "tot_waypoints": 9}}
{"target": -184.39765497556795, "params": {"k_pid_pos": [0.33106254122419054, 0.006916084267320485, 0.05029328073477219], "k_pid_alt": [1.535245731180214, 0.00019312596554128358, 0.0310736005205466], "k_pid_att": [25.832750141921384, 3.977090268379096, 0.45832472279997294], "k_pid_yaw": [0.5, 1e-06, 0.1], "k_pid_hsp": [0.05098180001981336, 0.010705840206739791, 0.0], "k_pid_vsp": [295.8779508249739, 66.77560599407951, 1.1473960931783964]}, "datetime": {"datetime": "2025-08-20 16:03:29", "elapsed": 15064.198240041733, "delta": 19.096242904663086}, "costs": {"total_cost": 184.39765497556795, "time_cost": 85.8, "final_distance_cost": 1.8403821882494975, "oscillation_cost": 13.740956498987355, "completition_cost": 0.0, "overshoot_cost": 54.97775609357108, "power_cost": 14.118851855468751, "noise_cost": 13.919708339291244, "n_waypoints_completed": 9, "tot_waypoints": 9}}
{"target": -173.03783566538004, "params": {"k_pid_pos": [0.9592607354748891, 0.02649062822205489, 0.0165059536161656], "k_pid_alt": [1.6292665826049797, 0.00013593956416222346, 0.044477948865698426], "k_pid_att": [36.75542199044761, 8.431874553340466, 0.6770599455882834], "k_pid_yaw": [0.5, 1e-06, 0.1], "k_pid_hsp": [0.19634609293311378, 0.005761261716168645, 0.0], "k_pid_vsp": [400.0, 122.31334340653325, 1.7386986362799413]}, "datetime": {"datetime": "2025-08-20 16:03:44", "elapsed": 15079.2566177845, "delta": 15.058377742767334}, "costs": {"total_cost": 173.03783566538004, "time_cost": 69.568, "final_distance_cost": 1.8080313136608885, "oscillation_cost": 28.18265173810721, "completition_cost": 0.0, "overshoot_cost": 50.33795549292112, "power_cost": 11.963391723632814, "noise_cost": 11.17780539705803, "n_waypoints_completed": 9, "tot_waypoints": 9}}
{"target": -171.20965708010868, "params": {"k_pid_pos": [0.8702214031082119, 0.015459118217427592, 0.013477325752231513], "k_pid_alt": [1.8968842729405528, 0.00022420206871245855, 0.05127370019706343], "k_pid_att": [43.85535740059962, 3.269394435876482, 0.704476946518188], "k_pid_yaw": [0.5, 1e-06, 0.1], "k_pid_hsp": [0.17307226983275661, 0.005341714383636312, 0.0], "k_pid_vsp": [210.55960490750536, 109.94415512842166, 1.1013673645045363]}, "datetime": {"datetime": "2025-08-20 16:04:00", "elapsed": 15094.908006429672, "delta": 15.65138864517212}, "costs": {"total_cost": 171.20965708010868, "time_cost": 69.808, "final_distance_cost": 1.820386303100561, "oscillation_cost": 26.59658352725883, "completition_cost": 0.0, "overshoot_cost": 50.10335660788594, "power_cost": 11.775106188964845, "noise_cost": 11.106224452898498, "n_waypoints_completed": 9, "tot_waypoints": 9}}
{"target": -174.14812700578557, "params": {"k_pid_pos": [0.9854008336207848, 0.00844139997695705, 0.04252103999181404], "k_pid_alt": [1.6928210839174724, 0.00036432136859032956, 0.050395163672332516], "k_pid_att": [32.55664249810069, 4.9285918081615625, 0.4042822262048816], "k_pid_yaw": [0.5, 1e-06, 0.1], "k_pid_hsp": [0.13943612709900055, 0.016126159853750197, 0.0], "k_pid_vsp": [400.0, 87.5860449631233, 1.408304741220805]}, "datetime": {"datetime": "2025-08-20 16:04:15", "elapsed": 15109.942085981369, "delta": 15.034079551696777}, "costs": {"total_cost": 174.14812700578557, "time_cost": 69.68, "final_distance_cost": 1.8182171325487075, "oscillation_cost": 28.753571063809414, "completition_cost": 0.0, "overshoot_cost": 50.14969288004568, "power_cost": 12.427081665039063, "noise_cost": 11.319564264342723, "n_waypoints_completed": 9, "tot_waypoints": 9}}
