{"target": -168.35204688815043, "params": {"k_pid_pos": [0.586284474627844, 0.00395349044262014, 0.007724166880522312], "k_pid_alt": [1.7553498589887735, 0.00014994666184456118, 0.0016618040924028963], "k_pid_att": [28.527896745668112, 5.599291833818245, 0.5489390806135005], "k_pid_yaw": [0.5, 1e-06, 0.1], "k_pid_hsp": [0.09743882963579571, 0.004422872151238839, 0.0], "k_pid_vsp": [230.36695764024742, 286.60474448175336, 0.6489883659217751]}, "datetime": {"datetime": "2025-08-20 22:53:39", "elapsed": 39673.60165476799, "delta": 17.863507747650146}, "costs": {"total_cost": 168.35204688815043, "time_cost": 71.48, "final_distance_cost": 1.832661305089396, "oscillation_cost": 21.482744389388333, "completition_cost": 0.0, "overshoot_cost": 50.605403418444574, "power_cost": 11.706229748535156, "noise_cost": 11.245008026692966, "n_waypoints_completed": 9, "tot_waypoints": 9}}
{"target": -169.33026558208792, "params": {"k_pid_pos": [0.5556733878246211, 0.003755207141132625, 0.008349040692181696], "k_pid_alt": [2.0, 0.00011930078756942453, 0.0014754234380417702], "k_pid_att": [25.0786068340326, 7.510810028336192, 0.48622774006310693], "k_pid_yaw": [0.5, 1e-06, 0.1], "k_pid_hsp": [0.08947049434892479, 0.005852650104500185, 0.0], "k_pid_vsp": [212.20020322099177, 238.67909913336737, 0.5977440862580076]}, "datetime": {"datetime": "2025-08-20 22:53:56", "elapsed": 39690.64705944061, "delta": 17.04540467262268}, "costs": {"total_cost": 169.33026558208792, "time_cost": 72.096, "final_distance_cost": 1.8211840424682681, "oscillation_cost": 20.428629769111247, "completition_cost": 0.0, "overshoot_cost": 50.95175212119801, "power_cost": 12.444875500488282, "noise_cost": 11.587824148822119, "n_waypoints_completed": 9, "tot_waypoints": 9}}
{"target": -170.27691107110073, "params": {"k_pid_pos": [0.5541658176330867, 0.004254138190805553, 0.006600132381844257], "k_pid_alt": [1.8546467449810027, 0.00014880404032488974, 0.0016656544635264765], "k_pid_att": [23.913750279751515, 7.27815797676082, 0.531425813713466], "k_pid_yaw": [0.5, 1e-06, 0.1], "k_pid_hsp": [0.07779679956879365, 0.003668357456344784, 0.0], "k_pid_vsp": [215.74337807917004, 165.2515015961857, 0.613609444605867]}, "datetime": {"datetime": "2025-08-20 22:54:13", "elapsed": 39707.75698876381, "delta": 17.10992932319641}, "costs": {"total_cost": 170.27691107110073, "time_cost": 73.224, "final_distance_cost": 1.785007192383202, "oscillation_cost": 19.62234700915446, "completition_cost": 0.0, "overshoot_cost": 51.60804299641479, "power_cost": 12.242382189941408, "noise_cost": 11.795131683206879, "n_waypoints_completed": 9, "tot_waypoints": 9}}
{"target": -169.4956421475362, "params": {"k_pid_pos": [0.6006892177508917, 0.0031883624183687742, 0.008998747087731697], "k_pid_alt": [1.811456298117433, 0.00012742099864418072, 0.0016522777268770507], "k_pid_att": [23.683497429236002, 7.673909560600857, 0.5988212616590461], "k_pid_yaw": [0.5, 1e-06, 0.1], "k_pid_hsp": [0.08552515981881302, 0.004722775005995124, 0.0], "k_pid_vsp": [220.22133976885894, 205.2066417548876, 0.5959205400329898]}, "datetime": {"datetime": "2025-08-20 22:54:31", "elapsed": 39725.55092859268, "delta": 17.79393982887268}, "costs": {"total_cost": 169.4956421475362, "time_cost": 71.936, "final_distance_cost": 1.8238421075909375, "oscillation_cost": 20.98918887714632, "completition_cost": 0.0, "overshoot_cost": 51.237692431706776, "power_cost": 12.102099145507813, "noise_cost": 11.406819585584335, "n_waypoints_completed": 9, "tot_waypoints": 9}}
{"target": -169.34180020086217, "params": {"k_pid_pos": [0.5316334693055508, 0.003271080157206892, 0.007096246391502865], "k_pid_alt": [1.901117071348785, 0.00013308803571056497, 0.0019262017575212946], "k_pid_att": [29.407218545962607, 7.339634232838861, 0.42921633162257716], "k_pid_yaw": [0.5, 1e-06, 0.1], "k_pid_hsp": [0.10767855978124614, 0.004377463251630058, 0.0], "k_pid_vsp": [227.53964111765046, 245.7812965479562, 0.5067390276980329]}, "datetime": {"datetime": "2025-08-20 22:54:47", "elapsed": 39741.98213291168, "delta": 16.431204319000244}, "costs": {"total_cost": 169.34180020086217, "time_cost": 72.08, "final_distance_cost": 1.8408359386628588, "oscillation_cost": 20.94806681699113, "completition_cost": 0.0, "overshoot_cost": 50.66236083763787, "power_cost": 12.123770129394531, "noise_cost": 11.686766478175755, "n_waypoints_completed": 9, "tot_waypoints": 9}}
{"target": -170.53613742405622, "params": {"k_pid_pos": [0.6119556291208013, 0.003680659830495347, 0.00823526123245653], "k_pid_alt": [2.0, 0.00016898593299667525, 0.0018295146065904003], "k_pid_att": [21.697245114622103, 6.310919076874105, 0.4422190809753907], "k_pid_yaw": [0.5, 1e-06, 0.1], "k_pid_hsp": [0.08325765437453876, 0.004543219034709781, 0.0], "k_pid_vsp": [215.258060952051, 221.13554677797296, 0.5479591076624771]}, "datetime": {"datetime": "2025-08-20 22:55:04", "elapsed": 39759.150173425674, "delta": 17.16804051399231}, "costs": {"total_cost": 170.53613742405622, "time_cost": 72.184, "final_distance_cost": 1.7988400214272195, "oscillation_cost": 21.3267099664599, "completition_cost": 0.0, "overshoot_cost": 51.55821294416864, "power_cost": 12.283529284667969, "noise_cost": 11.384845207332493, "n_waypoints_completed": 9, "tot_waypoints": 9}}
{"target": -169.91206296223817, "params": {"k_pid_pos": [0.5186881996389244, 0.0036824495677601, 0.007415175393937854], "k_pid_alt": [1.8500245163879985, 0.00013484394181160307, 0.0017182175333916323], "k_pid_att": [20.86583474767947, 8.785884216949116, 0.6380731357830172], "k_pid_yaw": [0.5, 1e-06, 0.1], "k_pid_hsp": [0.08100479249653475, 0.00489260139586682, 0.0], "k_pid_vsp": [225.52103240979645, 255.61207388814378, 0.5346694866489575]}, "datetime": {"datetime": "2025-08-20 22:55:20", "elapsed": 39775.022854566574, "delta": 15.872681140899658}, "costs": {"total_cost": 169.91206296223817, "time_cost": 72.952, "final_distance_cost": 1.8289722931217676, "oscillation_cost": 19.3280034985132, "completition_cost": 0.0, "overshoot_cost": 51.68742844768023, "power_cost": 12.395797705078126, "noise_cost": 11.719861017844831, "n_waypoints_completed": 9, "tot_waypoints": 9}}
{"target": -169.6032991453223, "params": {"k_pid_pos": [0.49031632092073646, 0.002795113052924122, 0.0067347273809148615], "k_pid_alt": [2.0, 0.00013648749425409406, 0.001702400972793237], "k_pid_att": [26.367804669340643, 8.893606328450124, 0.5825216628538465], "k_pid_yaw": [0.5, 1e-06, 0.1], "k_pid_hsp": [0.09677476055137522, 0.0047202533791733964, 0.0], "k_pid_vsp": [227.90965732593966, 306.1442848059434, 0.5806434311470623]}, "datetime": {"datetime": "2025-08-20 22:55:38", "elapsed": 39792.71155691147, "delta": 17.68870234489441}, "costs": {"total_cost": 169.6032991453223, "time_cost": 72.824, "final_distance_cost": 1.8401071150938573, "oscillation_cost": 19.80983485748593, "completition_cost": 0.0, "overshoot_cost": 50.84036188927218, "power_cost": 12.559538732910157, "noise_cost": 11.729456550560176, "n_waypoints_completed": 9, "tot_waypoints": 9}}
{"target": -169.31268169442893, "params": {"k_pid_pos": [0.6135474543217501, 0.003949035990987118, 0.007781008346798489], "k_pid_alt": [1.7245008879484385, 0.00014807399736106283, 0.001422972213952727], "k_pid_att": [29.87185390963271, 6.5220600381248035, 0.5919578090984651], "k_pid_yaw": [0.5, 1e-06, 0.1], "k_pid_hsp": [0.09891168609862593, 0.004190915801092306, 0.0], "k_pid_vsp": [201.75624783333146, 251.72426362671354, 0.5072962861623879]}, "datetime": {"datetime": "2025-08-20 22:55:53", "elapsed": 39808.19142270088, "delta": 15.479865789413452}, "costs": {"total_cost": 169.31268169442893, "time_cost": 71.2, "final_distance_cost": 1.7963631389916315, "oscillation_cost": 21.690726710792358, "completition_cost": 0.0, "overshoot_cost": 50.681609189572335, "power_cost": 12.388019433593751, "noise_cost": 11.555963221478871, "n_waypoints_completed": 9, "tot_waypoints": 9}}
{"target": -170.31728465353984, "params": {"k_pid_pos": [0.655834784078091, 0.0036442846295766614, 0.00730393464596565], "k_pid_alt": [1.5781559141671655, 0.00013251349779087705, 0.0019817098895429717], "k_pid_att": [30.70940601554571, 8.065944292167258, 0.6582331969335894], "k_pid_yaw": [0.5, 1e-06, 0.1], "k_pid_hsp": [0.11235514222515956, 0.004501742442145351, 0.0], "k_pid_vsp": [217.26620601113038, 234.92389545848008, 0.5693262849227523]}, "datetime": {"datetime": "2025-08-20 22:56:11", "elapsed": 39825.878509521484, "delta": 17.687086820602417}, "costs": {"total_cost": 170.31728465353984, "time_cost": 70.64, "final_distance_cost": 1.8195625953999726, "oscillation_cost": 23.320062020794623, "completition_cost": 0.0, "overshoot_cost": 50.862714122919826, "power_cost": 12.206209521484375, "noise_cost": 11.468736392941054, "n_waypoints_completed": 9, "tot_waypoints": 9}}
{"target": -168.93858551589588, "params": {"k_pid_pos": [0.597158382217488, 0.003943087125203378, 0.008410345925490354], "k_pid_alt": [2.0, 0.00012933211879259974, 0.0017906970460492319], "k_pid_att": [26.98647146796333, 7.968224845281065, 0.6051065630293895], "k_pid_yaw": [0.5, 1e-06, 0.1], "k_pid_hsp": [0.0995139741964151, 0.004383789462041471, 0.0], "k_pid_vsp": [258.8137767655833, 216.8160922595432, 0.6022918049919089]}, "datetime": {"datetime": "2025-08-20 22:56:27", "elapsed": 39842.23690390587, "delta": 16.358394384384155}, "costs": {"total_cost": 168.93858551589588, "time_cost": 71.44, "final_distance_cost": 1.8243539727680314, "oscillation_cost": 21.78975870399579, "completition_cost": 0.0, "overshoot_cost": 50.656378903068564, "power_cost": 11.879497912597657, "noise_cost": 11.34859602346582, "n_waypoints_completed": 9, "tot_waypoints": 9}}
{"target": -170.3383716197695, "params": {"k_pid_pos": [0.6617399785900918, 0.0031882752420831057, 0.006620293611369573], "k_pid_alt": [2.0, 0.00012281252790595214, 0.0015614304512500544], "k_pid_att": [21.597687025571435, 8.721097382753095, 0.6184326102035781], "k_pid_yaw": [0.5, 1e-06, 0.1], "k_pid_hsp": [0.08980715744916816, 0.0036984074313911246, 0.0], "k_pid_vsp": [221.55598599723763, 273.4759365247096, 0.5198124978710729]}, "datetime": {"datetime": "2025-08-20 22:56:43", "elapsed": 39857.849269628525, "delta": 15.61236572265625}, "costs": {"total_cost": 170.3383716197695, "time_cost": 71.384, "final_distance_cost": 1.7995406081088687, "oscillation_cost": 22.4346414134355, "completition_cost": 0.0, "overshoot_cost": 50.7241650073929, "power_cost": 12.449652551269532, "noise_cost": 11.54637203956269, "n_waypoints_completed": 9, "tot_waypoints": 9}}
{"target": -169.74303036004744, "params": {"k_pid_pos": [0.5587450586154624, 0.004076996878963042, 0.008340511635734802], "k_pid_alt": [1.8888967950833926, 0.00013777929242307762, 0.0016876948094919993], "k_pid_att": [24.415493394670815, 7.635334974459426, 0.5582191962380444], "k_pid_yaw": [0.5, 1e-06, 0.1], "k_pid_hsp": [0.10731603647168945, 0.00402827581144075, 0.0], "k_pid_vsp": [205.5220738136869, 226.11801123133378, 0.5618616787737462]}, "datetime": {"datetime": "2025-08-20 22:57:00", "elapsed": 39875.49193286896, "delta": 17.64266324043274}, "costs": {"total_cost": 169.74303036004744, "time_cost": 71.688, "final_distance_cost": 1.8146038733102623, "oscillation_cost": 21.370360333995023, "completition_cost": 0.0, "overshoot_cost": 51.035146554408634, "power_cost": 12.22634677734375, "noise_cost": 11.608572820989766, "n_waypoints_completed": 9, "tot_waypoints": 9}}
{"target": -169.99053128997738, "params": {"k_pid_pos": [0.631479122482136, 0.0037899215934990523, 0.00812138540268169], "k_pid_alt": [2.0, 0.0001427273879391867, 0.0018173627280326417], "k_pid_att": [20.52278385670081, 9.930992270233238, 0.4110836007698051], "k_pid_yaw": [0.5, 1e-06, 0.1], "k_pid_hsp": [0.12743194003890665, 0.004275395545279558, 0.0], "k_pid_vsp": [237.9826182394429, 314.63018393468525, 0.5256517296151543]}, "datetime": {"datetime": "2025-08-20 22:57:16", "elapsed": 39890.79784846306, "delta": 15.305915594100952}, "costs": {"total_cost": 169.99053128997738, "time_cost": 70.872, "final_distance_cost": 1.8205180368868188, "oscillation_cost": 24.06713518874642, "completition_cost": 0.0, "overshoot_cost": 50.0824451042889, "power_cost": 11.859222033691406, "noise_cost": 11.289210926363834, "n_waypoints_completed": 9, "tot_waypoints": 9}}
{"target": -169.7699815990651, "params": {"k_pid_pos": [0.5995623264411896, 0.004369400188338605, 0.006557789917847991], "k_pid_alt": [1.7427472835351436, 0.00014969771806351223, 0.001708940736930502], "k_pid_att": [27.03723947653954, 6.84902312592106, 0.48753078334628874], "k_pid_yaw": [0.5, 1e-06, 0.1], "k_pid_hsp": [0.11125746830979222, 0.004102887157719309, 0.0], "k_pid_vsp": [198.50146768291856, 191.64061726547297, 0.5258742887028025]}, "datetime": {"datetime": "2025-08-20 22:57:33", "elapsed": 39908.235785484314, "delta": 17.437937021255493}, "costs": {"total_cost": 169.7699815990651, "time_cost": 71.184, "final_distance_cost": 1.818019636754534, "oscillation_cost": 22.614429076363248, "completition_cost": 0.0, "overshoot_cost": 50.47971253639463, "power_cost": 12.2059333984375, "noise_cost": 11.467886951115151, "n_waypoints_completed": 9, "tot_waypoints": 9}}
{"target": -169.50913560932025, "params": {"k_pid_pos": [0.5478066038677808, 0.003476590300023315, 0.008762410485196319], "k_pid_alt": [2.0, 0.00013944989953679264, 0.0015658365806301162], "k_pid_att": [28.569361844822012, 7.430938307091565, 0.46068811453179476], "k_pid_yaw": [0.5, 1e-06, 0.1], "k_pid_hsp": [0.10238391546515725, 0.004667536174991139, 0.0], "k_pid_vsp": [192.19973107448018, 275.7618329262154, 0.549867634564431]}, "datetime": {"datetime": "2025-08-20 22:57:49", "elapsed": 39924.03373456001, "delta": 15.797949075698853}, "costs": {"total_cost": 169.50913560932025, "time_cost": 71.896, "final_distance_cost": 1.8245293228563024, "oscillation_cost": 21.135840022784315, "completition_cost": 0.0, "overshoot_cost": 51.105266879842446, "power_cost": 11.991616833496094, "noise_cost": 11.555882550341085, "n_waypoints_completed": 9, "tot_waypoints": 9}}
{"target": -170.62590807660206, "params": {"k_pid_pos": [0.6154395255503782, 0.00359324122385914, 0.005819889578550507], "k_pid_alt": [2.0, 0.00013666391135654552, 0.0016801501410848452], "k_pid_att": [21.065654255634033, 7.063093392022978, 0.49346399666706176], "k_pid_yaw": [0.5, 1e-06, 0.1], "k_pid_hsp": [0.07668837433526261, 0.003775821288829105, 0.0], "k_pid_vsp": [202.84957390777663, 238.71147895515378, 0.5712609510037535]}, "datetime": {"datetime": "2025-08-20 22:58:09", "elapsed": 39943.53249621391, "delta": 19.498761653900146}, "costs": {"total_cost": 170.62590807660206, "time_cost": 73.184, "final_distance_cost": 1.8158302660955759, "oscillation_cost": 20.55015402701443, "completition_cost": 0.0, "overshoot_cost": 51.55082499116113, "power_cost": 12.085636328125, "noise_cost": 11.439462464205949, "n_waypoints_completed": 9, "tot_waypoints": 9}}
{"target": -169.96836410981336, "params": {"k_pid_pos": [0.6051488275361012, 0.003356849917210176, 0.007712401000272963], "k_pid_alt": [2.0, 0.00013945697714178032, 0.0016730389156758773], "k_pid_att": [29.27695925320916, 6.789294024690446, 0.43681154966546165], "k_pid_yaw": [0.5, 1e-06, 0.1], "k_pid_hsp": [0.11515771688908095, 0.00430071044552588, 0.0], "k_pid_vsp": [206.03215867800893, 251.1693597153081, 0.5465638532365215]}, "datetime": {"datetime": "2025-08-20 22:58:25", "elapsed": 39959.647930145264, "delta": 16.115433931350708}, "costs": {"total_cost": 169.96836410981336, "time_cost": 71.184, "final_distance_cost": 1.834041540185391, "oscillation_cost": 22.62661715368407, "completition_cost": 0.0, "overshoot_cost": 50.69567241530606, "power_cost": 12.192883007812501, "noise_cost": 11.435149992825353, "n_waypoints_completed": 9, "tot_waypoints": 9}}
{"target": -169.03770785374212, "params": {"k_pid_pos": [0.5859355037568084, 0.003648020300546451, 0.009163775477847564], "k_pid_alt": [1.903744640120766, 0.00012475038950799226, 0.0018920103937845611], "k_pid_att": [24.134952471928745, 8.32902572358737, 0.5597071415729559], "k_pid_yaw": [0.5, 1e-06, 0.1], "k_pid_hsp": [0.09711709000988604, 0.004258429473934213, 0.0], "k_pid_vsp": [233.47282661598183, 240.57644473969071, 0.5281489616212182]}, "datetime": {"datetime": "2025-08-20 22:58:41", "elapsed": 39976.38322329521, "delta": 16.73529314994812}, "costs": {"total_cost": 169.03770785374212, "time_cost": 71.552, "final_distance_cost": 1.8193796900866326, "oscillation_cost": 21.159194874345026, "completition_cost": 0.0, "overshoot_cost": 51.06469650656835, "power_cost": 11.929926513671875, "noise_cost": 11.512510269070209, "n_waypoints_completed": 9, "tot_waypoints": 9}}
{"target": -169.6956817062602, "params": {"k_pid_pos": [0.49563263203739244, 0.003126613067749994, 0.00793531676284028], "k_pid_alt": [2.0, 0.00014391271556336694, 0.0015773095375455806], "k_pid_att": [25.51183370107022, 8.376638476019062, 0.47632699747703794], "k_pid_yaw": [0.5, 1e-06, 0.1], "k_pid_hsp": [0.10382750941565866, 0.003923114049051764, 0.0], "k_pid_vsp": [221.48895379481075, 271.43493683994683, 0.5680370183147788]}, "datetime": {"datetime": "2025-08-20 22:58:58", "elapsed": 39992.90511369705, "delta": 16.52189040184021}, "costs": {"total_cost": 169.6956817062602, "time_cost": 72.808, "final_distance_cost": 1.8242941245800575, "oscillation_cost": 20.10976658794023, "completition_cost": 0.0, "overshoot_cost": 51.0259684266779, "power_cost": 12.2206310546875, "noise_cost": 11.707021512374505, "n_waypoints_completed": 9, "tot_waypoints": 9}}
{"target": -168.8916410018366, "params": {"k_pid_pos": [0.5628082039694721, 0.0037606851458600876, 0.008823974734462626], "k_pid_alt": [1.9482762026711367, 0.00013486579318220366, 0.0018017733596826149], "k_pid_att": [27.619688575308384, 8.048886680176828, 0.47628914994504723], "k_pid_yaw": [0.5, 1e-06, 0.1], "k_pid_hsp": [0.09854796497421543, 0.004900083475607842, 0.0], "k_pid_vsp": [191.50462119174995, 277.2089918598811, 0.5525656442477183]}, "datetime": {"datetime": "2025-08-20 22:59:15", "elapsed": 40009.985723018646, "delta": 17.08060932159424}, "costs": {"total_cost": 168.8916410018366, "time_cost": 71.70400000000001, "final_distance_cost": 1.8358379406683072, "oscillation_cost": 21.1777607264493, "completition_cost": 0.0, "overshoot_cost": 50.826953426325865, "power_cost": 11.91096982421875, "noise_cost": 11.43611908417437, "n_waypoints_completed": 9, "tot_waypoints": 9}}
{"target": -169.58201856399697, "params": {"k_pid_pos": [0.5279463229430322, 0.003422277978350348, 0.008147602613452551], "k_pid_alt": [1.6005954720922855, 0.00014430352571218267, 0.001637730077771708], "k_pid_att": [25.011892005352582, 6.439284224947985, 0.5750170198271068], "k_pid_yaw": [0.5, 1e-06, 0.1], "k_pid_hsp": [0.09157799682429803, 0.004601843671825072, 0.0], "k_pid_vsp": [197.87703715497096, 243.31680695884975, 0.6105004257468122]}, "datetime": {"datetime": "2025-08-20 22:59:32", "elapsed": 40027.28059720993, "delta": 17.29487419128418}, "costs": {"total_cost": 169.58201856399697, "time_cost": 72.336, "final_distance_cost": 1.817824421269914, "oscillation_cost": 20.076675251547755, "completition_cost": 0.0, "overshoot_cost": 50.93938575664151, "power_cost": 12.64198955078125, "noise_cost": 11.770143583756512, "n_waypoints_completed": 9, "tot_waypoints": 9}}
{"target": -169.5481023774791, "params": {"k_pid_pos": [0.5473786870508371, 0.00348188196484258, 0.010084903090280317], "k_pid_alt": [1.7500178275397194, 0.0001565320416861266, 0.002025874795020251], "k_pid_att": [25.63931588514376, 7.219879459183882, 0.5138896291043594], "k_pid_yaw": [0.5, 1e-06, 0.1], "k_pid_hsp": [0.08594938542177528, 0.004227480960051492, 0.0], "k_pid_vsp": [234.20357307303354, 291.0891204781588, 0.6429375862768395]}, "datetime": {"datetime": "2025-08-20 22:59:48", "elapsed": 40042.94540476799, "delta": 15.664807558059692}, "costs": {"total_cost": 169.5481023774791, "time_cost": 72.36, "final_distance_cost": 1.8114643705788527, "oscillation_cost": 20.145177034878174, "completition_cost": 0.0, "overshoot_cost": 51.46817832454494, "power_cost": 12.190222412109376, "noise_cost": 11.573060235367759, "n_waypoints_completed": 9, "tot_waypoints": 9}}
{"target": -169.0413931798481, "params": {"k_pid_pos": [0.5833394292484324, 0.0038558575995965116, 0.008238141851715312], "k_pid_alt": [1.9414019419720274, 0.0001749819115275986, 0.0017881518077588509], "k_pid_att": [24.658196239603754, 7.112984845197135, 0.5307164234393785], "k_pid_yaw": [0.5, 1e-06, 0.1], "k_pid_hsp": [0.09549444515456562, 0.004609285432899384, 0.0], "k_pid_vsp": [204.5549574156972, 304.21970447107424, 0.6450961155918983]}, "datetime": {"datetime": "2025-08-20 23:00:05", "elapsed": 40060.45484876633, "delta": 17.509443998336792}, "costs": {"total_cost": 169.0413931798481, "time_cost": 71.584, "final_distance_cost": 1.831509134968128, "oscillation_cost": 21.203939438726465, "completition_cost": 0.0, "overshoot_cost": 50.61644599725699, "power_cost": 12.304039758300782, "noise_cost": 11.501458850595718, "n_waypoints_completed": 9, "tot_waypoints": 9}}
{"target": -168.9655723397005, "params": {"k_pid_pos": [0.5797473840893459, 0.0041986771491328454, 0.0076185405838562], "k_pid_alt": [1.8893981698740487, 0.00014581657166475853, 0.0017795069395939915], "k_pid_att": [25.47132576233086, 7.160589347680144, 0.5408364503917499], "k_pid_yaw": [0.5, 1e-06, 0.1], "k_pid_hsp": [0.09899345646449381, 0.004965923995917495, 0.0], "k_pid_vsp": [223.90029930004508, 275.5408920149882, 0.6638534835405386]}, "datetime": {"datetime": "2025-08-20 23:00:21", "elapsed": 40075.661853313446, "delta": 15.20700454711914}, "costs": {"total_cost": 168.9655723397005, "time_cost": 71.496, "final_distance_cost": 1.825866295037399, "oscillation_cost": 21.368041283446143, "completition_cost": 0.0, "overshoot_cost": 50.7878998481506, "power_cost": 12.122098413085938, "noise_cost": 11.365666499980387, "n_waypoints_completed": 9, "tot_waypoints": 9}}
