{"target": -171.14746502448742, "params": {"k_pid_pos": [0.7635847420568961, 0.006536684745386868, 0.0], "k_pid_alt": [1.0817582411418438, 0.0002269662484175979, 0.04810752894815266], "k_pid_att": [47.77443005413594, 5.70401207100279, 0.9183120551321119], "k_pid_yaw": [0.5, 1e-06, 0.1], "k_pid_hsp": [0.11074704512411315, 0.005681088566252257, 0.0], "k_pid_vsp": [173.75278218139758, 120.98897313779229, 1.6490640863957056]}, "datetime": {"datetime": "2025-08-20 15:50:01", "elapsed": 14256.033707380295, "delta": 16.01742386817932}, "costs": {"total_cost": 171.14746502448742, "time_cost": 70.848, "final_distance_cost": 1.8213659279741108, "oscillation_cost": 24.7750001750668, "completition_cost": 0.0, "overshoot_cost": 50.47008940202641, "power_cost": 11.997533813476563, "noise_cost": 11.235475705943506, "n_waypoints_completed": 9, "tot_waypoints": 9}}
{"target": -178.21499400115601, "params": {"k_pid_pos": [0.5379472139260377, 0.0, 0.011017822425206396], "k_pid_alt": [1.6795211540555652, 0.00013539554950502887, 0.03422124297512661], "k_pid_att": [39.49561629636844, 3.433319580541449, 0.9827368709753262], "k_pid_yaw": [0.5, 1e-06, 0.1], "k_pid_hsp": [0.22238277588035615, 0.005915172688995667, 0.0], "k_pid_vsp": [188.4952749230782, 84.59726838299189, 0.5014835091149927]}, "datetime": {"datetime": "2025-08-20 15:50:18", "elapsed": 14272.667844057083, "delta": 16.63413667678833}, "costs": {"total_cost": 178.21499400115601, "time_cost": 75.248, "final_distance_cost": 1.853116422767899, "oscillation_cost": 24.791098096015496, "completition_cost": 0.0, "overshoot_cost": 50.9111679492804, "power_cost": 12.907106835937501, "noise_cost": 12.504504697154754, "n_waypoints_completed": 9, "tot_waypoints": 9}}
{"target": -215.7928326630426, "params": {"k_pid_pos": [0.7660361365180494, 0.012718131440517038, 0.0], "k_pid_alt": [1.8295476247648388, 0.00020613584115635654, 0.03219734770799395], "k_pid_att": [0.8769350640684408, 8.086228983273378, 0.525408621483887], "k_pid_yaw": [0.5, 1e-06, 0.1], "k_pid_hsp": [0.3036680470923234, 0.009603218737169196, 0.0], "k_pid_vsp": [201.48234180736492, 80.95031575374445, 2.4154896696810937]}, "datetime": {"datetime": "2025-08-20 15:50:33", "elapsed": 14287.98514008522, "delta": 15.317296028137207}, "costs": {"total_cost": 215.7928326630426, "time_cost": 70.056, "final_distance_cost": 1.838573535996785, "oscillation_cost": 70.07326681854647, "completition_cost": 0.0, "overshoot_cost": 48.80662050855286, "power_cost": 13.177802807617189, "noise_cost": 11.840568992329294, "n_waypoints_completed": 9, "tot_waypoints": 9}}
{"target": -173.4360548624495, "params": {"k_pid_pos": [0.8024092718184571, 0.02181470598076546, 0.0568635489733372], "k_pid_alt": [0.8380122028586895, 0.00013670731926360464, 0.01870719345146692], "k_pid_att": [46.80276236135674, 7.534354532013478, 0.8045455338381374], "k_pid_yaw": [0.5, 1e-06, 0.1], "k_pid_hsp": [0.17408739068226817, 0.0, 0.0], "k_pid_vsp": [200.4444003001154, 98.72178588315667, 1.4194339696627274]}, "datetime": {"datetime": "2025-08-20 15:50:49", "elapsed": 14304.01959490776, "delta": 16.034454822540283}, "costs": {"total_cost": 173.4360548624495, "time_cost": 71.912, "final_distance_cost": 1.828168368641238, "oscillation_cost": 25.91268193059069, "completition_cost": 0.0, "overshoot_cost": 50.347934888244765, "power_cost": 12.013320471191406, "noise_cost": 11.421949203781395, "n_waypoints_completed": 9, "tot_waypoints": 9}}
{"target": -177.8284368959015, "params": {"k_pid_pos": [1.1651224887719926, 0.03145234015355406, 0.07469278059135614], "k_pid_alt": [2.0, 0.0001778144113546722, 0.03360791459535223], "k_pid_att": [34.076373178878065, 5.8095879776575, 0.7087071978553893], "k_pid_yaw": [0.5, 1e-06, 0.1], "k_pid_hsp": [0.10401319952639425, 0.015058494195488653, 0.0], "k_pid_vsp": [219.14353794939757, 156.64720199879787, 0.861862779167034]}, "datetime": {"datetime": "2025-08-20 15:51:06", "elapsed": 14321.419922351837, "delta": 17.400327444076538}, "costs": {"total_cost": 177.8284368959015, "time_cost": 70.896, "final_distance_cost": 1.7960430629859876, "oscillation_cost": 30.457737823865777, "completition_cost": 0.0, "overshoot_cost": 50.810349557045576, "power_cost": 12.529841674804688, "noise_cost": 11.338464777199457, "n_waypoints_completed": 9, "tot_waypoints": 9}}
{"target": -174.34449100868585, "params": {"k_pid_pos": [0.5155480593923706, 0.010670612589076927, 0.014581215153379708], "k_pid_alt": [1.711780726916653, 9.209374036849693e-05, 0.03034100368632635], "k_pid_att": [29.11880039208153, 7.500902731105325, 0.7276188344772768], "k_pid_yaw": [0.5, 1e-06, 0.1], "k_pid_hsp": [0.14179649667474822, 0.01793750601422024, 0.0], "k_pid_vsp": [273.5578299012015, 76.10280797739671, 1.7769626893635893]}, "datetime": {"datetime": "2025-08-20 15:51:26", "elapsed": 14340.621978282928, "delta": 19.20205593109131}, "costs": {"total_cost": 174.34449100868585, "time_cost": 73.48, "final_distance_cost": 1.8525862458493862, "oscillation_cost": 23.889044153599666, "completition_cost": 0.0, "overshoot_cost": 50.874539886751, "power_cost": 12.17758564453125, "noise_cost": 12.070735077954547, "n_waypoints_completed": 9, "tot_waypoints": 9}}
{"target": -175.3329705675436, "params": {"k_pid_pos": [0.8480371396496013, 0.015581475022591933, 0.09484953857341592], "k_pid_alt": [0.8820890698969847, 0.00016124531964610363, 0.023570493066944892], "k_pid_att": [37.406105689577764, 6.917997800097186, 0.7872374955710068], "k_pid_yaw": [0.5, 1e-06, 0.1], "k_pid_hsp": [0.31516332892805127, 0.0165973535503329, 0.0], "k_pid_vsp": [219.14186802931397, 137.84964286200332, 0.03966161029099905]}, "datetime": {"datetime": "2025-08-20 15:51:42", "elapsed": 14356.533160209656, "delta": 15.911181926727295}, "costs": {"total_cost": 175.3329705675436, "time_cost": 71.688, "final_distance_cost": 1.8452048023396745, "oscillation_cost": 27.821141043497345, "completition_cost": 0.0, "overshoot_cost": 49.908575875783455, "power_cost": 12.440102807617189, "noise_cost": 11.629946038305905, "n_waypoints_completed": 9, "tot_waypoints": 9}}
{"target": -174.14504120530458, "params": {"k_pid_pos": [0.9354455081664789, 0.005135301935099084, 0.05482932078926623], "k_pid_alt": [1.6471223680511455, 0.00011746442529123957, 0.017141849470337003], "k_pid_att": [20.119689006530653, 4.111102812449116, 1.0], "k_pid_yaw": [0.5, 1e-06, 0.1], "k_pid_hsp": [0.2120953906465836, 0.009649981764170082, 0.0], "k_pid_vsp": [43.7089585973223, 116.10239460442786, 1e-06]}, "datetime": {"datetime": "2025-08-20 15:51:58", "elapsed": 14372.789083719254, "delta": 16.25592350959778}, "costs": {"total_cost": 174.14504120530458, "time_cost": 69.584, "final_distance_cost": 1.818630555683011, "oscillation_cost": 28.41127455537427, "completition_cost": 0.0, "overshoot_cost": 50.445764954798854, "power_cost": 12.530895898437501, "noise_cost": 11.354475241010944, "n_waypoints_completed": 9, "tot_waypoints": 9}}
{"target": -176.92820350015523, "params": {"k_pid_pos": [0.8744140958523051, 0.006183161096022059, 0.0], "k_pid_alt": [1.8004149163029464, 0.00021095756927026356, 0.032286308386070946], "k_pid_att": [19.678988423419774, 6.000758045828711, 0.47461983640821376], "k_pid_yaw": [0.5, 1e-06, 0.1], "k_pid_hsp": [0.06682281530989856, 0.010400493118705216, 0.0], "k_pid_vsp": [260.8148766509128, 102.55437973238645, 0.7752168676218133]}, "datetime": {"datetime": "2025-08-20 15:52:14", "elapsed": 14389.081362247467, "delta": 16.2922785282135}, "costs": {"total_cost": 176.92820350015523, "time_cost": 73.528, "final_distance_cost": 1.7475568186619832, "oscillation_cost": 26.10425046815314, "completition_cost": 0.0, "overshoot_cost": 51.391640098396145, "power_cost": 12.626195727539063, "noise_cost": 11.53056038740491, "n_waypoints_completed": 9, "tot_waypoints": 9}}
{"target": -1221.9048996660808, "params": {"k_pid_pos": [0.7336041157103065, 0.014784728231213082, 0.07780281829811854], "k_pid_alt": [1.347530527419452, 0.00017838738953573127, 0.026931479653945045], "k_pid_att": [0.0, 4.129043911602428, 0.6049182745184589], "k_pid_yaw": [0.5, 1e-06, 0.1], "k_pid_hsp": [0.015106784158709086, 0.0065827815466385, 0.0], "k_pid_vsp": [252.449479159489, 101.80168095364114, 0.6912579855223996]}, "datetime": {"datetime": "2025-08-20 15:52:37", "elapsed": 14411.54570055008, "delta": 22.464338302612305}, "costs": {"total_cost": 1221.9048996660808, "time_cost": 150, "final_distance_cost": 73.66658166977516, "oscillation_cost": 210.82528730679604, "completition_cost": 666.6666666666667, "overshoot_cost": 64.22135681229501, "power_cost": 22.279301428222656, "noise_cost": 34.24570578232522, "n_waypoints_completed": 3, "tot_waypoints": 9}}
{"target": -172.6184535470659, "params": {"k_pid_pos": [0.6645678269750114, 0.0170615797089051, 0.029128655633257325], "k_pid_alt": [1.790029214603189, 0.00021328636320434583, 0.03914627678176727], "k_pid_att": [31.603355191298515, 4.774615495172648, 0.9221391158311006], "k_pid_yaw": [0.5, 1e-06, 0.1], "k_pid_hsp": [0.18515761078767345, 0.0, 0.0], "k_pid_vsp": [236.4558558189268, 86.98886853276564, 1.6128683988795902]}, "datetime": {"datetime": "2025-08-20 15:52:54", "elapsed": 14428.89230298996, "delta": 17.34660243988037}, "costs": {"total_cost": 172.6184535470659, "time_cost": 71.552, "final_distance_cost": 1.8387972739386633, "oscillation_cost": 24.63361505617961, "completition_cost": 0.0, "overshoot_cost": 51.09505246731997, "power_cost": 11.9108267578125, "noise_cost": 11.58816199181515, "n_waypoints_completed": 9, "tot_waypoints": 9}}
{"target": -174.24268464519446, "params": {"k_pid_pos": [1.0274448719796445, 0.018817286719368307, 0.0], "k_pid_alt": [1.3082915497492777, 9.994529708524903e-05, 0.02506827039542195], "k_pid_att": [27.294284007813854, 1.538771985998233, 0.37622771873882854], "k_pid_yaw": [0.5, 1e-06, 0.1], "k_pid_hsp": [0.22779040366456985, 0.012639410826565037, 0.0], "k_pid_vsp": [148.41787675912076, 54.56754056583028, 0.3543822002411246]}, "datetime": {"datetime": "2025-08-20 15:53:10", "elapsed": 14445.476560592651, "delta": 16.58425760269165}, "costs": {"total_cost": 174.24268464519446, "time_cost": 69.168, "final_distance_cost": 1.8163883287244973, "oscillation_cost": 29.741503315428048, "completition_cost": 0.0, "overshoot_cost": 50.043712507411186, "power_cost": 12.207986157226562, "noise_cost": 11.265094336404152, "n_waypoints_completed": 9, "tot_waypoints": 9}}
{"target": -171.6996182285417, "params": {"k_pid_pos": [0.6962254688085631, 0.026396843740612047, 0.0], "k_pid_alt": [1.3986518755858033, 0.0001618741972359706, 0.0426358904524504], "k_pid_att": [28.841311639981555, 10.0, 0.91060180116202], "k_pid_yaw": [0.5, 1e-06, 0.1], "k_pid_hsp": [0.15813061269067288, 0.0, 0.0], "k_pid_vsp": [205.254697562739, 65.52965992354099, 1.226718788134398]}, "datetime": {"datetime": "2025-08-20 15:53:26", "elapsed": 14460.827399253845, "delta": 15.350838661193848}, "costs": {"total_cost": 171.6996182285417, "time_cost": 70.856, "final_distance_cost": 1.8119234694248716, "oscillation_cost": 24.658158413335293, "completition_cost": 0.0, "overshoot_cost": 50.421840327521195, "power_cost": 12.328224548339845, "noise_cost": 11.623471469920519, "n_waypoints_completed": 9, "tot_waypoints": 9}}
{"target": -176.8204668331761, "params": {"k_pid_pos": [1.0806422667048123, 0.01601052349676942, 0.016262061310417797], "k_pid_alt": [1.1555311435058007, 0.00017121702751742233, 0.022700883046092902], "k_pid_att": [36.21538626767974, 4.078076873802065, 1.0], "k_pid_yaw": [0.5, 1e-06, 0.1], "k_pid_hsp": [0.10407249127912349, 0.011552324422773208, 0.0], "k_pid_vsp": [114.076255207698, 136.25019662166724, 1.2460288727120756]}, "datetime": {"datetime": "2025-08-20 15:53:42", "elapsed": 14476.761177301407, "delta": 15.933778047561646}, "costs": {"total_cost": 176.8204668331761, "time_cost": 71.432, "final_distance_cost": 1.7544103615799809, "oscillation_cost": 29.775311742495486, "completition_cost": 0.0, "overshoot_cost": 50.356473403292, "power_cost": 12.255665673828126, "noise_cost": 11.246605651980499, "n_waypoints_completed": 9, "tot_waypoints": 9}}
{"target": -180.96896213964536, "params": {"k_pid_pos": [0.3555083074085188, 0.02915329636635351, 0.019354528176644268], "k_pid_alt": [2.0, 0.00018407579693615535, 0.0298410086259342], "k_pid_att": [36.14092010204587, 4.548828957599684, 1.0], "k_pid_yaw": [0.5, 1e-06, 0.1], "k_pid_hsp": [0.136379919005687, 0.010074795857163308, 0.0], "k_pid_vsp": [160.63905111683934, 84.62801000039032, 2.438739186290975]}, "datetime": {"datetime": "2025-08-20 15:54:00", "elapsed": 14494.535177707672, "delta": 17.77400040626526}, "costs": {"total_cost": 180.96896213964536, "time_cost": 80.288, "final_distance_cost": 1.8581340505919413, "oscillation_cost": 19.42188006590648, "completition_cost": 0.0, "overshoot_cost": 52.121070792919035, "power_cost": 13.627267163085937, "noise_cost": 13.652610067141952, "n_waypoints_completed": 9, "tot_waypoints": 9}}
{"target": -172.11946933856956, "params": {"k_pid_pos": [0.8093303689358161, 0.0, 0.012057156256110623], "k_pid_alt": [1.3019375641471929, 0.0001712094835219382, 0.03328894730589339], "k_pid_att": [11.253204665384231, 3.530497961596955, 1.0], "k_pid_yaw": [0.5, 1e-06, 0.1], "k_pid_hsp": [0.2181568104655566, 0.012581322325577746, 0.0], "k_pid_vsp": [266.18104037834854, 89.07762267645012, 1.9299156223766463]}, "datetime": {"datetime": "2025-08-20 15:54:15", "elapsed": 14509.973130226135, "delta": 15.437952518463135}, "costs": {"total_cost": 172.11946933856956, "time_cost": 69.744, "final_distance_cost": 1.8442391138103154, "oscillation_cost": 27.374455674613362, "completition_cost": 0.0, "overshoot_cost": 49.85770060901297, "power_cost": 12.05802010498047, "noise_cost": 11.241053836152451, "n_waypoints_completed": 9, "tot_waypoints": 9}}
{"target": -189.6094848059104, "params": {"k_pid_pos": [0.28284615263310353, 0.022678476046863436, 0.02788836375044604], "k_pid_alt": [0.7795669277802509, 0.00012686967524262562, 0.052676719577773055], "k_pid_att": [23.298506172991228, 5.671056644520374, 0.7202410174858725], "k_pid_yaw": [0.5, 1e-06, 0.1], "k_pid_hsp": [0.057161183618363365, 0.011345053974987787, 0.0], "k_pid_vsp": [280.27147474656624, 120.44768763663599, 2.3595387509207346]}, "datetime": {"datetime": "2025-08-20 15:54:35", "elapsed": 14530.03746008873, "delta": 20.064329862594604}, "costs": {"total_cost": 189.6094848059104, "time_cost": 91.24, "final_distance_cost": 1.8536470524856408, "oscillation_cost": 13.964718797988779, "completition_cost": 0.0, "overshoot_cost": 54.2774885584448, "power_cost": 13.833396032714845, "noise_cost": 14.440234364276332, "n_waypoints_completed": 9, "tot_waypoints": 9}}
{"target": -1213.4175857018897, "params": {"k_pid_pos": [0.4130998015889947, 0.020064244626756614, 0.018723551617881796], "k_pid_alt": [2.0, 0.0002979214194213109, 0.031339863825859286], "k_pid_att": [44.91847217966322, 3.3580308657567506, 0.8099184882366005], "k_pid_yaw": [0.5, 1e-06, 0.1], "k_pid_hsp": [0.0001, 0.01768217928613248, 0.0], "k_pid_vsp": [323.39827080074093, 92.79828875230328, 1.541965024352101]}, "datetime": {"datetime": "2025-08-20 15:54:57", "elapsed": 14552.381276130676, "delta": 22.34381604194641}, "costs": {"total_cost": 1213.4175857018897, "time_cost": 150, "final_distance_cost": 61.0081529963177, "oscillation_cost": 5.6997048982243435, "completition_cost": 888.8888888888888, "overshoot_cost": 81.84331110916413, "power_cost": 12.960538513183595, "noise_cost": 13.016989296110982, "n_waypoints_completed": 1, "tot_waypoints": 9}}
{"target": -171.01016003017634, "params": {"k_pid_pos": [0.8057070440549111, 0.024819791167020478, 0.052694080095916106], "k_pid_alt": [1.7216193892285456, 0.00023847773950973046, 0.04557546543295684], "k_pid_att": [49.702634585139855, 6.086841772988973, 0.5708373231219496], "k_pid_yaw": [0.5, 1e-06, 0.1], "k_pid_hsp": [0.11945910909419681, 0.009624485812113408, 0.0], "k_pid_vsp": [217.01012196518252, 127.32856151929582, 2.007995369751756]}, "datetime": {"datetime": "2025-08-20 15:55:13", "elapsed": 14567.982429027557, "delta": 15.601152896881104}, "costs": {"total_cost": 171.01016003017634, "time_cost": 69.912, "final_distance_cost": 1.7944834874233142, "oscillation_cost": 25.80966505102844, "completition_cost": 0.0, "overshoot_cost": 50.081558713427775, "power_cost": 12.134805529785156, "noise_cost": 11.277647248511638, "n_waypoints_completed": 9, "tot_waypoints": 9}}
{"target": -180.4304568450493, "params": {"k_pid_pos": [0.5036183133143423, 0.02927756223520329, 0.05472724577571675], "k_pid_alt": [1.283414653109635, 6.064327873420991e-05, 0.05885179521604606], "k_pid_att": [38.11876143914085, 3.2387465819193904, 1.0], "k_pid_yaw": [0.5, 1e-06, 0.1], "k_pid_hsp": [0.2620658127365337, 0.015429133184874625, 0.0], "k_pid_vsp": [65.0185544729815, 90.81747187687711, 2.3024940611163625]}, "datetime": {"datetime": "2025-08-20 15:55:30", "elapsed": 14585.166319608688, "delta": 17.18389058113098}, "costs": {"total_cost": 180.4304568450493, "time_cost": 76.928, "final_distance_cost": 1.8515631584029695, "oscillation_cost": 25.236409649021407, "completition_cost": 0.0, "overshoot_cost": 50.57928075388449, "power_cost": 13.076890405273438, "noise_cost": 12.758312878466956, "n_waypoints_completed": 9, "tot_waypoints": 9}}
{"target": -183.62841645657278, "params": {"k_pid_pos": [0.43137685325490144, 0.013976468198807513, 0.0712415745803739], "k_pid_alt": [1.1463956509214406, 0.00024268317034670714, 0.02426786085949185], "k_pid_att": [34.953984110117744, 7.008572041527277, 1.0], "k_pid_yaw": [0.5, 1e-06, 0.1], "k_pid_hsp": [0.17988655787292193, 0.01235129197283765, 0.0], "k_pid_vsp": [295.41837208176577, 111.42266084416303, 1.247715296450848]}, "datetime": {"datetime": "2025-08-20 15:55:48", "elapsed": 14603.192128658295, "delta": 18.025809049606323}, "costs": {"total_cost": 183.62841645657278, "time_cost": 80.688, "final_distance_cost": 1.855289971467641, "oscillation_cost": 22.492895791420935, "completition_cost": 0.0, "overshoot_cost": 51.57122616723538, "power_cost": 13.423318212890626, "noise_cost": 13.597686313558189, "n_waypoints_completed": 9, "tot_waypoints": 9}}
{"target": -174.01804841126278, "params": {"k_pid_pos": [0.8898152807419665, 0.03443709968541036, 0.016226855368600773], "k_pid_alt": [1.9990440679950485, 0.0003700607750484693, 0.043950451259081126], "k_pid_att": [18.9772535867406, 6.278125575632053, 0.6668267305862384], "k_pid_yaw": [0.5, 1e-06, 0.1], "k_pid_hsp": [0.11104717535091724, 0.014342671668813853, 0.0], "k_pid_vsp": [164.68311104314236, 151.63897500563795, 1e-06]}, "datetime": {"datetime": "2025-08-20 15:56:04", "elapsed": 14619.0682888031, "delta": 15.876160144805908}, "costs": {"total_cost": 174.01804841126278, "time_cost": 70.76, "final_distance_cost": 1.814384440160391, "oscillation_cost": 27.99201477345042, "completition_cost": 0.0, "overshoot_cost": 49.94341511300871, "power_cost": 12.350147338867188, "noise_cost": 11.158086745776087, "n_waypoints_completed": 9, "tot_waypoints": 9}}
{"target": -175.7794788264487, "params": {"k_pid_pos": [1.007276015779152, 0.008652725933632035, 0.04723305737463224], "k_pid_alt": [1.831452268200805, 0.0001720979464332128, 0.020900844321984954], "k_pid_att": [19.934927951520027, 4.587526882379376, 0.19611860282276963], "k_pid_yaw": [0.5, 1e-06, 0.1], "k_pid_hsp": [0.08347808815760627, 0.005729211960936088, 0.0], "k_pid_vsp": [258.3807334665276, 124.54839896260188, 2.6620438066571883]}, "datetime": {"datetime": "2025-08-20 15:56:20", "elapsed": 14634.785612821579, "delta": 15.717324018478394}, "costs": {"total_cost": 175.7794788264487, "time_cost": 72.128, "final_distance_cost": 1.7795602941084154, "oscillation_cost": 27.09824824028438, "completition_cost": 0.0, "overshoot_cost": 51.01341531816433, "power_cost": 12.366870349121095, "noise_cost": 11.39338462477047, "n_waypoints_completed": 9, "tot_waypoints": 9}}
{"target": -171.3288271190538, "params": {"k_pid_pos": [0.7260432991749329, 0.017421423251724032, 0.03996736145214638], "k_pid_alt": [1.6220102735152986, 0.0002326630968143255, 0.04378646325252445], "k_pid_att": [52.543157526879504, 5.840605462809762, 0.5316902232190575], "k_pid_yaw": [0.5, 1e-06, 0.1], "k_pid_hsp": [0.15352521692951202, 0.00877897648370694, 0.0], "k_pid_vsp": [192.7747635484828, 96.28311002926809, 1.5187003931285794]}, "datetime": {"datetime": "2025-08-20 15:56:35", "elapsed": 14650.255981206894, "delta": 15.470368385314941}, "costs": {"total_cost": 171.3288271190538, "time_cost": 70.224, "final_distance_cost": 1.819583233783141, "oscillation_cost": 25.225008661015035, "completition_cost": 0.0, "overshoot_cost": 50.58753322597229, "power_cost": 12.152423278808595, "noise_cost": 11.320278719474762, "n_waypoints_completed": 9, "tot_waypoints": 9}}
{"target": -170.7360685010009, "params": {"k_pid_pos": [0.7393072355310815, 0.007432214620327127, 0.02631155324867811], "k_pid_alt": [1.7510886724333556, 0.0002471208831210902, 0.04365003020787473], "k_pid_att": [41.75365395080569, 5.160222983454788, 0.44520962838692185], "k_pid_yaw": [0.5, 1e-06, 0.1], "k_pid_hsp": [0.13674433171040257, 0.0011907316393999952, 0.0], "k_pid_vsp": [337.9334344563395, 79.06032200450149, 1.202072902674623]}, "datetime": {"datetime": "2025-08-20 15:56:51", "elapsed": 14665.870512485504, "delta": 15.61453127861023}, "costs": {"total_cost": 170.7360685010009, "time_cost": 70.83200000000001, "final_distance_cost": 1.8156756754621075, "oscillation_cost": 23.934229186595243, "completition_cost": 0.0, "overshoot_cost": 50.88854651836485, "power_cost": 11.885821691894531, "noise_cost": 11.379795428684139, "n_waypoints_completed": 9, "tot_waypoints": 9}}
