{"target": -175.8763416463741, "params": {"k_pid_pos": [0.7412417956883369, 0.003921967616971832, 0.0069280888266309475], "k_pid_alt": [2.0, 0.00012242822755746219, 0.0016316562410118418], "k_pid_att": [29.67619679317445, 9.49430015267708, 0.633821405950786], "k_pid_yaw": [0.5, 1e-06, 0.1], "k_pid_hsp": [0.06239117473087077, 0.00525974094100871, 0.0], "k_pid_vsp": [222.7307142989142, 283.34300133014364, 0.6313804450085986]}, "datetime": {"datetime": "2025-08-20 22:25:33", "elapsed": 37987.700268507004, "delta": 17.714926958084106}, "costs": {"total_cost": 175.8763416463741, "time_cost": 74.808, "final_distance_cost": 1.782644219911009, "oscillation_cost": 22.14099024072299, "completition_cost": 0.0, "overshoot_cost": 52.823222917007264, "power_cost": 12.519340502929689, "noise_cost": 11.802143765803137, "n_waypoints_completed": 9, "tot_waypoints": 9}}
{"target": -169.21441418520078, "params": {"k_pid_pos": [0.6630283151001516, 0.0037393119695151543, 0.007104181821017273], "k_pid_alt": [2.0, 0.00012270566665764453, 0.0015289406761275117], "k_pid_att": [27.78785370065991, 7.293441148521562, 0.500629971047942], "k_pid_yaw": [0.5, 1e-06, 0.1], "k_pid_hsp": [0.09460344229523276, 0.0038106065704232354, 0.0], "k_pid_vsp": [256.51377791211377, 231.2048935983945, 0.5088059652255884]}, "datetime": {"datetime": "2025-08-20 22:25:48", "elapsed": 38002.78101015091, "delta": 15.08074164390564}, "costs": {"total_cost": 169.21441418520078, "time_cost": 71.184, "final_distance_cost": 1.78760042748214, "oscillation_cost": 22.54019472064279, "completition_cost": 0.0, "overshoot_cost": 50.78567056191949, "power_cost": 11.750878271484375, "noise_cost": 11.166070203671989, "n_waypoints_completed": 9, "tot_waypoints": 9}}
{"target": -170.35753497160985, "params": {"k_pid_pos": [0.5028202230753256, 0.0036821602973279286, 0.0066336989593446735], "k_pid_alt": [2.0, 0.00012356053587071254, 0.0012739485533547576], "k_pid_att": [22.78498360482887, 7.820738343467402, 0.532447642100149], "k_pid_yaw": [0.5, 1e-06, 0.1], "k_pid_hsp": [0.11147621790001068, 0.003504136120344271, 0.0], "k_pid_vsp": [220.48364278657473, 309.49435790853164, 0.4524297105827407]}, "datetime": {"datetime": "2025-08-20 22:26:07", "elapsed": 38022.09846377373, "delta": 19.317453622817993}, "costs": {"total_cost": 170.35753497160985, "time_cost": 72.728, "final_distance_cost": 1.8261593041676318, "oscillation_cost": 20.46550364569648, "completition_cost": 0.0, "overshoot_cost": 51.35740553708518, "power_cost": 12.230807556152344, "noise_cost": 11.7496589285082, "n_waypoints_completed": 9, "tot_waypoints": 9}}
{"target": -169.79086014785685, "params": {"k_pid_pos": [0.6891762555164146, 0.0035213483495850836, 0.009943026656449529], "k_pid_alt": [2.0, 0.00012831777070659799, 0.0008305061526291862], "k_pid_att": [25.605741536436298, 7.544604985782752, 0.5516082159451892], "k_pid_yaw": [0.5, 1e-06, 0.1], "k_pid_hsp": [0.09946327192541755, 0.005105578193885695, 0.0], "k_pid_vsp": [185.1934227491115, 230.8923964227647, 0.5401250839472976]}, "datetime": {"datetime": "2025-08-20 22:26:23", "elapsed": 38037.86952638626, "delta": 15.77106261253357}, "costs": {"total_cost": 169.79086014785685, "time_cost": 70.8, "final_distance_cost": 1.8051948826235251, "oscillation_cost": 23.46323893552514, "completition_cost": 0.0, "overshoot_cost": 50.630901838445546, "power_cost": 11.8492845703125, "noise_cost": 11.242239920950126, "n_waypoints_completed": 9, "tot_waypoints": 9}}
{"target": -169.11615429832304, "params": {"k_pid_pos": [0.6736069450351083, 0.004388767121079899, 0.00792890004861176], "k_pid_alt": [2.0, 0.0001225818619407558, 0.0017721645372577816], "k_pid_att": [27.83701327331867, 7.08954362310837, 0.5559528479974891], "k_pid_yaw": [0.5, 1e-06, 0.1], "k_pid_hsp": [0.10732276959925362, 0.004595026786994371, 0.0], "k_pid_vsp": [197.81986981042164, 243.67614849071242, 0.5742479976342824]}, "datetime": {"datetime": "2025-08-20 22:26:40", "elapsed": 38054.94064950943, "delta": 17.071123123168945}, "costs": {"total_cost": 169.11615429832304, "time_cost": 70.70400000000001, "final_distance_cost": 1.8128880080726675, "oscillation_cost": 23.376623528062197, "completition_cost": 0.0, "overshoot_cost": 50.460205981020444, "power_cost": 11.654725939941407, "noise_cost": 11.10771084122631, "n_waypoints_completed": 9, "tot_waypoints": 9}}
{"target": -170.4325557236463, "params": {"k_pid_pos": [0.693050245835033, 0.003849497618701136, 0.007872051844278936], "k_pid_alt": [1.7709600679632345, 0.0001736973108055488, 0.0015916032222453027], "k_pid_att": [26.306463861665623, 6.016997966798351, 0.49023940573125047], "k_pid_yaw": [0.5, 1e-06, 0.1], "k_pid_hsp": [0.0938791420946813, 0.004661492864657964, 0.0], "k_pid_vsp": [226.0805286856762, 309.1714905718198, 0.6325651316097707]}, "datetime": {"datetime": "2025-08-20 22:26:55", "elapsed": 38070.383449316025, "delta": 15.442799806594849}, "costs": {"total_cost": 170.4325557236463, "time_cost": 70.864, "final_distance_cost": 1.789991839499944, "oscillation_cost": 23.25011388699237, "completition_cost": 0.0, "overshoot_cost": 50.85697132832124, "power_cost": 12.316279858398438, "noise_cost": 11.355198810434294, "n_waypoints_completed": 9, "tot_waypoints": 9}}
{"target": -174.84791461603558, "params": {"k_pid_pos": [0.674333224075768, 0.002679591328788236, 0.008265252196011194], "k_pid_alt": [1.8749702503171257, 0.00015650098019337344, 0.0016326357611960317], "k_pid_att": [25.934742518471555, 8.06957665083157, 0.5362342271295223], "k_pid_yaw": [0.5, 1e-06, 0.1], "k_pid_hsp": [0.06643397780780193, 0.004759702436996819, 0.0], "k_pid_vsp": [170.50612900680258, 254.17610825805312, 0.5536417070772947]}, "datetime": {"datetime": "2025-08-20 22:27:13", "elapsed": 38088.15534424782, "delta": 17.771894931793213}, "costs": {"total_cost": 174.84791461603558, "time_cost": 74.47200000000001, "final_distance_cost": 1.7786831854948124, "oscillation_cost": 21.293956922742026, "completition_cost": 0.0, "overshoot_cost": 52.75026405012732, "power_cost": 12.68097987060547, "noise_cost": 11.87203058706594, "n_waypoints_completed": 9, "tot_waypoints": 9}}
{"target": -169.91455499852927, "params": {"k_pid_pos": [0.6258809968175968, 0.004053046212831115, 0.007653243810256546], "k_pid_alt": [2.0, 0.00014610340113788034, 0.001401925420762226], "k_pid_att": [30.702183059619, 7.248488382808269, 0.5265403367367596], "k_pid_yaw": [0.5, 1e-06, 0.1], "k_pid_hsp": [0.10645920746955491, 0.004995315059072279, 0.0], "k_pid_vsp": [217.48890070227853, 252.76382654765348, 0.5642978227711082]}, "datetime": {"datetime": "2025-08-20 22:27:29", "elapsed": 38103.643518686295, "delta": 15.488174438476562}, "costs": {"total_cost": 169.91455499852927, "time_cost": 71.024, "final_distance_cost": 1.8138111066567415, "oscillation_cost": 22.915441096385624, "completition_cost": 0.0, "overshoot_cost": 50.521874830606635, "power_cost": 12.21124266357422, "noise_cost": 11.428185301306051, "n_waypoints_completed": 9, "tot_waypoints": 9}}
{"target": -169.12553614958523, "params": {"k_pid_pos": [0.5941476751733193, 0.0037703544674836157, 0.0062193210954461274], "k_pid_alt": [2.0, 0.0001429173416347923, 0.0016981256501546968], "k_pid_att": [26.121083464745084, 7.325613631526807, 0.5060243315590527], "k_pid_yaw": [0.5, 1e-06, 0.1], "k_pid_hsp": [0.09626524550230936, 0.004141030154276089, 0.0], "k_pid_vsp": [243.6974602301484, 275.54104829559293, 0.6426673136821204]}, "datetime": {"datetime": "2025-08-20 22:27:46", "elapsed": 38120.72872591019, "delta": 17.085207223892212}, "costs": {"total_cost": 169.12553614958523, "time_cost": 71.536, "final_distance_cost": 1.8133058561634552, "oscillation_cost": 21.168183959498208, "completition_cost": 0.0, "overshoot_cost": 50.93267678708156, "power_cost": 12.116574975585937, "noise_cost": 11.558794571256072, "n_waypoints_completed": 9, "tot_waypoints": 9}}
{"target": -169.52581059090951, "params": {"k_pid_pos": [0.6690210449894258, 0.0042124847359439705, 0.007782110359687601], "k_pid_alt": [2.0, 0.00013793713836305946, 0.001482856710166231], "k_pid_att": [25.06721704150094, 7.5661316555818035, 0.42949142687473413], "k_pid_yaw": [0.5, 1e-06, 0.1], "k_pid_hsp": [0.09537086188211796, 0.004804299304866985, 0.0], "k_pid_vsp": [245.2881340521145, 236.52128323323413, 0.5015645498676413]}, "datetime": {"datetime": "2025-08-20 22:28:02", "elapsed": 38137.05865454674, "delta": 16.329928636550903}, "costs": {"total_cost": 169.52581059090951, "time_cost": 71.06400000000001, "final_distance_cost": 1.812250743128632, "oscillation_cost": 22.785594192881987, "completition_cost": 0.0, "overshoot_cost": 50.4815169187004, "power_cost": 11.98524588623047, "noise_cost": 11.397202849968023, "n_waypoints_completed": 9, "tot_waypoints": 9}}
{"target": -170.01970710062224, "params": {"k_pid_pos": [0.4922677816056584, 0.003732142034227354, 0.008202855741745353], "k_pid_alt": [1.7913594565744468, 0.0001306817090072531, 0.0015454550133430737], "k_pid_att": [24.79047054562855, 7.94089271042781, 0.540918667685938], "k_pid_yaw": [0.5, 1e-06, 0.1], "k_pid_hsp": [0.1086723336446575, 0.003816345544990452, 0.0], "k_pid_vsp": [227.64105247713778, 249.32162488946537, 0.5538826314221978]}, "datetime": {"datetime": "2025-08-20 22:28:21", "elapsed": 38155.86700487137, "delta": 18.808350324630737}, "costs": {"total_cost": 170.01970710062224, "time_cost": 72.904, "final_distance_cost": 1.8256336820327295, "oscillation_cost": 20.437140338778192, "completition_cost": 0.0, "overshoot_cost": 50.92229799832719, "power_cost": 12.147794970703126, "noise_cost": 11.782840110781008, "n_waypoints_completed": 9, "tot_waypoints": 9}}
{"target": -169.51897276736432, "params": {"k_pid_pos": [0.563592467894732, 0.003591157517589056, 0.007376852008141849], "k_pid_alt": [2.0, 0.00014020964950643117, 0.0014883564553728518], "k_pid_att": [23.53274042319153, 7.654265227137789, 0.49957704478951087], "k_pid_yaw": [0.5, 1e-06, 0.1], "k_pid_hsp": [0.08326330779263051, 0.004442264826911861, 0.0], "k_pid_vsp": [204.28674366716893, 279.1530277518204, 0.6340345574391909]}, "datetime": {"datetime": "2025-08-20 22:28:37", "elapsed": 38171.51743769646, "delta": 15.650432825088501}, "costs": {"total_cost": 169.51897276736432, "time_cost": 72.456, "final_distance_cost": 1.8170271378667728, "oscillation_cost": 20.09931631305271, "completition_cost": 0.0, "overshoot_cost": 51.37479523409388, "power_cost": 12.239356787109376, "noise_cost": 11.532477295241563, "n_waypoints_completed": 9, "tot_waypoints": 9}}
{"target": -168.58947487529565, "params": {"k_pid_pos": [0.6068993406520452, 0.002908276518486961, 0.005798558121605057], "k_pid_alt": [2.0, 0.00013374596203325604, 0.0018786138436338213], "k_pid_att": [27.961688053898314, 7.586980445377975, 0.5275446560274174], "k_pid_yaw": [0.5, 1e-06, 0.1], "k_pid_hsp": [0.09348231102366546, 0.004728761991014681, 0.0], "k_pid_vsp": [236.17175354783686, 224.65339250349157, 0.590368033140999]}, "datetime": {"datetime": "2025-08-20 22:28:54", "elapsed": 38188.899245262146, "delta": 17.381807565689087}, "costs": {"total_cost": 168.58947487529565, "time_cost": 71.52, "final_distance_cost": 1.7995358053633577, "oscillation_cost": 21.52978842999911, "completition_cost": 0.0, "overshoot_cost": 50.85316438872694, "power_cost": 11.560271679687501, "noise_cost": 11.326714571518712, "n_waypoints_completed": 9, "tot_waypoints": 9}}
{"target": -169.35561870762143, "params": {"k_pid_pos": [0.6205207356856834, 0.004261793297540243, 0.007133934443290249], "k_pid_alt": [1.782141959120662, 0.00010880484629341486, 0.0015459857764988502], "k_pid_att": [26.69322929566842, 8.40148552560422, 0.6655936822842295], "k_pid_yaw": [0.5, 1e-06, 0.1], "k_pid_hsp": [0.08696587569791286, 0.004333871751060381, 0.0], "k_pid_vsp": [217.48813866994814, 196.62798166946007, 0.5864880510949404]}, "datetime": {"datetime": "2025-08-20 22:29:10", "elapsed": 38205.15646100044, "delta": 16.25721573829651}, "costs": {"total_cost": 169.35561870762143, "time_cost": 71.752, "final_distance_cost": 1.8223995429616346, "oscillation_cost": 21.364316479949117, "completition_cost": 0.0, "overshoot_cost": 51.39651347673877, "power_cost": 11.806785437011719, "noise_cost": 11.21360377096021, "n_waypoints_completed": 9, "tot_waypoints": 9}}
{"target": -169.96348668774706, "params": {"k_pid_pos": [0.7616597464859794, 0.003989700549597792, 0.00791183179752444], "k_pid_alt": [2.0, 0.0001418121173396218, 0.0017919363612697201], "k_pid_att": [30.900775444780063, 8.528058774413578, 0.5389898916981272], "k_pid_yaw": [0.5, 1e-06, 0.1], "k_pid_hsp": [0.09579434288040155, 0.004704869972275164, 0.0], "k_pid_vsp": [216.51190679868068, 283.2503953952609, 0.6716310326407164]}, "datetime": {"datetime": "2025-08-20 22:29:27", "elapsed": 38221.88880157471, "delta": 16.732340574264526}, "costs": {"total_cost": 169.96348668774706, "time_cost": 70.568, "final_distance_cost": 1.807300737043453, "oscillation_cost": 24.034197258697453, "completition_cost": 0.0, "overshoot_cost": 50.65046269428577, "power_cost": 11.756599560546876, "noise_cost": 11.146926437173509, "n_waypoints_completed": 9, "tot_waypoints": 9}}
{"target": -169.84642322142423, "params": {"k_pid_pos": [0.5786300074977219, 0.0036467400015843363, 0.007937195753659747], "k_pid_alt": [1.9392428912760609, 0.0001618901375865742, 0.0019025256188797733], "k_pid_att": [22.074328925961407, 8.361005551940343, 0.4768561554363218], "k_pid_yaw": [0.5, 1e-06, 0.1], "k_pid_hsp": [0.08493503129368662, 0.004813886120555916, 0.0], "k_pid_vsp": [210.4996748873036, 303.816052534241, 0.4549970438792466]}, "datetime": {"datetime": "2025-08-20 22:29:43", "elapsed": 38238.12073802948, "delta": 16.23193645477295}, "costs": {"total_cost": 169.84642322142423, "time_cost": 72.152, "final_distance_cost": 1.8243350882303826, "oscillation_cost": 20.760511638575792, "completition_cost": 0.0, "overshoot_cost": 51.056674555460994, "power_cost": 12.471243017578125, "noise_cost": 11.581658921578931, "n_waypoints_completed": 9, "tot_waypoints": 9}}
{"target": -169.9930621126629, "params": {"k_pid_pos": [0.6256191360194104, 0.0041337406749422595, 0.00814819953514624], "k_pid_alt": [1.843343524266796, 0.00013938670088276862, 0.0014878097244845545], "k_pid_att": [26.28356091327871, 7.85541857681975, 0.5539692557295853], "k_pid_yaw": [0.5, 1e-06, 0.1], "k_pid_hsp": [0.1157856953102372, 0.005062152748504527, 0.0], "k_pid_vsp": [195.45331569595314, 266.4721621940333, 0.41939589022239837]}, "datetime": {"datetime": "2025-08-20 22:29:59", "elapsed": 38254.41270160675, "delta": 16.291963577270508}, "costs": {"total_cost": 169.9930621126629, "time_cost": 70.824, "final_distance_cost": 1.8302706903925114, "oscillation_cost": 23.766929968677022, "completition_cost": 0.0, "overshoot_cost": 50.22272762250814, "power_cost": 12.024552294921875, "noise_cost": 11.324581536163345, "n_waypoints_completed": 9, "tot_waypoints": 9}}
{"target": -170.49836587992968, "params": {"k_pid_pos": [0.5644974903561778, 0.00354910960826015, 0.008682019780120368], "k_pid_alt": [2.0, 0.00015047118650532256, 0.001749854476742369], "k_pid_att": [30.791757385534847, 7.2994766891068465, 0.5713700383620083], "k_pid_yaw": [0.5, 1e-06, 0.1], "k_pid_hsp": [0.07958147496797861, 0.004154072362952856, 0.0], "k_pid_vsp": [245.226883786093, 314.07680831266595, 0.5481674941034397]}, "datetime": {"datetime": "2025-08-20 22:30:16", "elapsed": 38270.901881694794, "delta": 16.489180088043213}, "costs": {"total_cost": 170.49836587992968, "time_cost": 72.864, "final_distance_cost": 1.7872207409692207, "oscillation_cost": 19.851296455511783, "completition_cost": 0.0, "overshoot_cost": 51.98521779958788, "power_cost": 12.36200203857422, "noise_cost": 11.648628845286575, "n_waypoints_completed": 9, "tot_waypoints": 9}}
{"target": -170.2837869178219, "params": {"k_pid_pos": [0.5742617394526386, 0.0032241203507729775, 0.008355869617318035], "k_pid_alt": [1.7766490507324093, 0.00013630384475552467, 0.0015819641004941355], "k_pid_att": [25.451284602266316, 7.074573050675336, 0.5942504864971435], "k_pid_yaw": [0.5, 1e-06, 0.1], "k_pid_hsp": [0.07786134213327724, 0.004821749065182884, 0.0], "k_pid_vsp": [240.4844423700894, 274.65014709577605, 0.5996175664656805]}, "datetime": {"datetime": "2025-08-20 22:30:32", "elapsed": 38287.49813532829, "delta": 16.596253633499146}, "costs": {"total_cost": 170.2837869178219, "time_cost": 73.024, "final_distance_cost": 1.7910013897883788, "oscillation_cost": 20.08702649097521, "completition_cost": 0.0, "overshoot_cost": 51.51577159715328, "power_cost": 12.166630871582031, "noise_cost": 11.69935656832301, "n_waypoints_completed": 9, "tot_waypoints": 9}}
{"target": -170.37715466656292, "params": {"k_pid_pos": [0.6937068508902584, 0.0036049567685960356, 0.007444517431213345], "k_pid_alt": [1.3914979513242827, 0.0001213363097506664, 0.001832603919827043], "k_pid_att": [26.65834168591248, 6.592708327128986, 0.4795988993528011], "k_pid_yaw": [0.5, 1e-06, 0.1], "k_pid_hsp": [0.1068347378343578, 0.004539164622662526, 0.0], "k_pid_vsp": [193.42940060843281, 250.84829886839304, 0.6961017874309298]}, "datetime": {"datetime": "2025-08-20 22:30:49", "elapsed": 38303.816672086716, "delta": 16.31853675842285}, "costs": {"total_cost": 170.37715466656292, "time_cost": 70.528, "final_distance_cost": 1.7971818013083736, "oscillation_cost": 23.592672726891884, "completition_cost": 0.0, "overshoot_cost": 50.603871457103125, "power_cost": 12.44568602294922, "noise_cost": 11.409742658310323, "n_waypoints_completed": 9, "tot_waypoints": 9}}
{"target": -169.89908102907305, "params": {"k_pid_pos": [0.474660346881808, 0.0030643208017077984, 0.007196987973383474], "k_pid_alt": [1.6222859668984697, 0.00013811775927003933, 0.0015666503878937529], "k_pid_att": [25.45070391365603, 6.430673128728064, 0.3783671680803404], "k_pid_yaw": [0.5, 1e-06, 0.1], "k_pid_hsp": [0.10828254877595696, 0.004242155919807789, 0.0], "k_pid_vsp": [200.90759390790893, 254.50888105132594, 0.560111615201596]}, "datetime": {"datetime": "2025-08-20 22:31:05", "elapsed": 38320.328332901, "delta": 16.51166081428528}, "costs": {"total_cost": 169.89908102907305, "time_cost": 73.34400000000001, "final_distance_cost": 1.835230568374778, "oscillation_cost": 19.62693720951474, "completition_cost": 0.0, "overshoot_cost": 51.097538717236546, "power_cost": 12.210588256835939, "noise_cost": 11.784786277111033, "n_waypoints_completed": 9, "tot_waypoints": 9}}
{"target": -169.65461219605763, "params": {"k_pid_pos": [0.4862016472068869, 0.0038676063680513667, 0.00660775894997631], "k_pid_alt": [2.0, 0.00014673635160212118, 0.0017884128034342782], "k_pid_att": [22.260877213728914, 8.72262664651699, 0.42638312547670826], "k_pid_yaw": [0.5, 1e-06, 0.1], "k_pid_hsp": [0.09967134330562329, 0.004057022488514789, 0.0], "k_pid_vsp": [165.52253839946874, 234.4287416717921, 0.457694713530933]}, "datetime": {"datetime": "2025-08-20 22:31:23", "elapsed": 38337.94685482979, "delta": 17.61852192878723}, "costs": {"total_cost": 169.65461219605763, "time_cost": 72.952, "final_distance_cost": 1.8275527858989937, "oscillation_cost": 19.59004966724614, "completition_cost": 0.0, "overshoot_cost": 51.51325578513881, "power_cost": 12.17278182373047, "noise_cost": 11.598972134043246, "n_waypoints_completed": 9, "tot_waypoints": 9}}
{"target": -170.30050384333086, "params": {"k_pid_pos": [0.49805792015914974, 0.004276079207397065, 0.008310261992119409], "k_pid_alt": [2.0, 0.00014935460983320808, 0.0021021325063862975], "k_pid_att": [24.586112941739117, 6.504850623494221, 0.5080760952651617], "k_pid_yaw": [0.5, 1e-06, 0.1], "k_pid_hsp": [0.07508246439100287, 0.004558366001912535, 0.0], "k_pid_vsp": [224.51862502092794, 279.6637974278571, 0.630080326162033]}, "datetime": {"datetime": "2025-08-20 22:31:39", "elapsed": 38353.76145982742, "delta": 15.814604997634888}, "costs": {"total_cost": 170.30050384333086, "time_cost": 73.952, "final_distance_cost": 1.8164028362202294, "oscillation_cost": 17.949753340176393, "completition_cost": 0.0, "overshoot_cost": 51.91388889234482, "power_cost": 12.701461108398439, "noise_cost": 11.966997666190958, "n_waypoints_completed": 9, "tot_waypoints": 9}}
{"target": -169.50876619962588, "params": {"k_pid_pos": [0.577790734764445, 0.0032164221496378347, 0.008104345927409495], "k_pid_alt": [1.5426656059062187, 0.00012587961500884305, 0.0021949456713156287], "k_pid_att": [25.229580308650622, 8.949306550494732, 0.5075319364936396], "k_pid_yaw": [0.5, 1e-06, 0.1], "k_pid_hsp": [0.10107469133278085, 0.004084668641352461, 0.0], "k_pid_vsp": [224.22998123029834, 268.12599220604835, 0.6628619047682519]}, "datetime": {"datetime": "2025-08-20 22:31:56", "elapsed": 38371.2082593441, "delta": 17.446799516677856}, "costs": {"total_cost": 169.50876619962588, "time_cost": 71.52, "final_distance_cost": 1.8328462977061886, "oscillation_cost": 21.776289832207855, "completition_cost": 0.0, "overshoot_cost": 50.72127600334361, "power_cost": 12.177443298339844, "noise_cost": 11.480910768028382, "n_waypoints_completed": 9, "tot_waypoints": 9}}
{"target": -170.06507615077822, "params": {"k_pid_pos": [0.5184749186118857, 0.0029432584749905836, 0.007778418329945144], "k_pid_alt": [1.8185723557345697, 0.00014157654733171354, 0.0018799520946094826], "k_pid_att": [28.892555213546334, 8.332708188476532, 0.738602891747401], "k_pid_yaw": [0.5, 1e-06, 0.1], "k_pid_hsp": [0.08564621152768026, 0.00398593578238579, 0.0], "k_pid_vsp": [201.04650907336648, 217.49151915544962, 0.5875210871699902]}, "datetime": {"datetime": "2025-08-20 22:32:12", "elapsed": 38386.85905838013, "delta": 15.650799036026001}, "costs": {"total_cost": 170.06507615077822, "time_cost": 72.736, "final_distance_cost": 1.805530218234456, "oscillation_cost": 19.456169258811954, "completition_cost": 0.0, "overshoot_cost": 51.808892594213376, "power_cost": 12.495266247558595, "noise_cost": 11.763217831959842, "n_waypoints_completed": 9, "tot_waypoints": 9}}
