{"target": -175.27173417702798, "params": {"k_pid_pos": [0.34702916346998297, 0.004353197657966874, 0.013034028437248693], "k_pid_alt": [1.9793110706937858, 0.00011160714417011396, 0.0021661389248458095], "k_pid_att": [35.053490893911054, 6.446626709782685, 0.744355432320166], "k_pid_yaw": [0.5, 1e-06, 0.1], "k_pid_hsp": [0.09304913137300386, 0.005088274621996031, 0.0], "k_pid_vsp": [183.65760783387222, 200.94598102443456, 0.6640717651872798]}, "datetime": {"datetime": "2025-08-20 20:11:35", "elapsed": 29950.092841625214, "delta": 17.384124040603638}, "costs": {"total_cost": 175.27173417702798, "time_cost": 79.024, "final_distance_cost": 1.8541220761174355, "oscillation_cost": 16.203175414919862, "completition_cost": 0.0, "overshoot_cost": 52.292870817231005, "power_cost": 12.785959350585937, "noise_cost": 13.111606518173742, "n_waypoints_completed": 9, "tot_waypoints": 9}}
{"target": -171.0153048584996, "params": {"k_pid_pos": [0.6821431861217503, 0.0037802962176733262, 0.009516625738533265], "k_pid_alt": [0.9253780191708861, 9.609116390657355e-05, 0.0018599705213835336], "k_pid_att": [22.542249595054084, 3.7503071549766123, 0.45702919217778293], "k_pid_yaw": [0.5, 1e-06, 0.1], "k_pid_hsp": [0.09336212927842746, 0.00559202611917396, 0.0], "k_pid_vsp": [183.25474498670155, 261.7766409060145, 0.9866195582881326]}, "datetime": {"datetime": "2025-08-20 20:11:52", "elapsed": 29966.80678296089, "delta": 16.7139413356781}, "costs": {"total_cost": 171.0153048584996, "time_cost": 72.104, "final_distance_cost": 1.8160218270436164, "oscillation_cost": 22.814672495334907, "completition_cost": 0.0, "overshoot_cost": 50.73527725428954, "power_cost": 12.236865588378906, "noise_cost": 11.308467693452616, "n_waypoints_completed": 9, "tot_waypoints": 9}}
{"target": -170.33358460115267, "params": {"k_pid_pos": [0.49364825072493534, 0.00459544408719034, 0.004093121474404409], "k_pid_alt": [1.9424482261954168, 0.00012527300433954835, 0.0021885537070147577], "k_pid_att": [24.56050347678766, 5.471376664882224, 0.9165030319253168], "k_pid_yaw": [0.5, 1e-06, 0.1], "k_pid_hsp": [0.10664204867434318, 0.007423926825407781, 0.0], "k_pid_vsp": [302.7475211601773, 203.2871330445604, 0.8638587916708745]}, "datetime": {"datetime": "2025-08-20 20:12:08", "elapsed": 29982.8963201046, "delta": 16.089537143707275}, "costs": {"total_cost": 170.33358460115267, "time_cost": 72.688, "final_distance_cost": 1.8295857770584851, "oscillation_cost": 20.503024272549652, "completition_cost": 0.0, "overshoot_cost": 51.22587662549324, "power_cost": 12.307751477050783, "noise_cost": 11.779346449000528, "n_waypoints_completed": 9, "tot_waypoints": 9}}
{"target": -169.9494636711908, "params": {"k_pid_pos": [0.5739980307809337, 0.0041353706671466185, 0.007191040967480115], "k_pid_alt": [1.639801182479383, 0.00013518396988482847, 0.0020970184524357303], "k_pid_att": [23.675787167704858, 5.303849362647381, 0.6315293122441997], "k_pid_yaw": [0.5, 1e-06, 0.1], "k_pid_hsp": [0.11464016453527687, 0.006879093917613044, 0.0], "k_pid_vsp": [207.8228260377962, 154.04514963189595, 1.0164712303316594]}, "datetime": {"datetime": "2025-08-20 20:12:24", "elapsed": 29999.498598575592, "delta": 16.602278470993042}, "costs": {"total_cost": 169.9494636711908, "time_cost": 71.352, "final_distance_cost": 1.8197442278089138, "oscillation_cost": 22.35549940450836, "completition_cost": 0.0, "overshoot_cost": 50.56135279038079, "power_cost": 12.258084008789064, "noise_cost": 11.60278323970367, "n_waypoints_completed": 9, "tot_waypoints": 9}}
{"target": -170.299534332582, "params": {"k_pid_pos": [0.591127898363255, 0.004969687738408515, 0.01148092338324023], "k_pid_alt": [1.0172870664095475, 9.653081905082633e-05, 0.0018026458818340733], "k_pid_att": [27.82827625490441, 5.516122957388397, 0.43366472404895556], "k_pid_yaw": [0.5, 1e-06, 0.1], "k_pid_hsp": [0.11176938281256389, 0.004932052148379894, 0.0], "k_pid_vsp": [213.9396673304277, 220.7217961611128, 1.0930309711918345]}, "datetime": {"datetime": "2025-08-20 20:12:41", "elapsed": 30015.891619682312, "delta": 16.39302110671997}, "costs": {"total_cost": 170.299534332582, "time_cost": 72.104, "final_distance_cost": 1.8346718348716433, "oscillation_cost": 22.51264318964473, "completition_cost": 0.0, "overshoot_cost": 50.31959590453962, "power_cost": 12.115057836914064, "noise_cost": 11.413565566611926, "n_waypoints_completed": 9, "tot_waypoints": 9}}
{"target": -171.076606160823, "params": {"k_pid_pos": [0.6889952844362961, 0.004073122206112926, 0.00952906149598237], "k_pid_alt": [1.5670256850068753, 0.00010788208365367612, 0.0018132084062869337], "k_pid_att": [32.50942946420606, 7.43747908014831, 0.5486962096936336], "k_pid_yaw": [0.5, 1e-06, 0.1], "k_pid_hsp": [0.08346491269388114, 0.007540892164023317, 0.0], "k_pid_vsp": [265.0818318685461, 342.71301343810063, 0.8004767880712741]}, "datetime": {"datetime": "2025-08-20 20:12:57", "elapsed": 30032.412720680237, "delta": 16.521100997924805}, "costs": {"total_cost": 171.076606160823, "time_cost": 72.008, "final_distance_cost": 1.8107421028628836, "oscillation_cost": 23.045588382084038, "completition_cost": 0.0, "overshoot_cost": 50.3731569875553, "power_cost": 12.377698278808595, "noise_cost": 11.461420409512199, "n_waypoints_completed": 9, "tot_waypoints": 9}}
{"target": -169.96226412041298, "params": {"k_pid_pos": [0.5745583857490635, 0.0036537105009724186, 0.010902781091045652], "k_pid_alt": [1.9684409003896082, 0.00011209659560638517, 0.001363877311911666], "k_pid_att": [38.109613888191504, 7.340288516230395, 0.5559616849031773], "k_pid_yaw": [0.5, 1e-06, 0.1], "k_pid_hsp": [0.1064993516576407, 0.008235247880259292, 0.0], "k_pid_vsp": [160.63051298359417, 214.73694594511633, 0.95777326540176]}, "datetime": {"datetime": "2025-08-20 20:13:14", "elapsed": 30049.478013515472, "delta": 17.065292835235596}, "costs": {"total_cost": 169.96226412041298, "time_cost": 71.368, "final_distance_cost": 1.8294770039106063, "oscillation_cost": 22.37002883797757, "completition_cost": 0.0, "overshoot_cost": 50.664592120939076, "power_cost": 12.274379455566407, "noise_cost": 11.455786702019322, "n_waypoints_completed": 9, "tot_waypoints": 9}}
{"target": -170.9860388791738, "params": {"k_pid_pos": [0.423469071631315, 0.0034598536839223885, 0.007907022685220366], "k_pid_alt": [2.0, 0.00017573068100641917, 0.0015793670140736296], "k_pid_att": [25.805366947485748, 6.2709582924036384, 0.5256775395212372], "k_pid_yaw": [0.5, 1e-06, 0.1], "k_pid_hsp": [0.10435261670710037, 0.005120455107185019, 0.0], "k_pid_vsp": [206.6671434491468, 276.23715094070775, 0.933534188979883]}, "datetime": {"datetime": "2025-08-20 20:13:31", "elapsed": 30065.655592918396, "delta": 16.177579402923584}, "costs": {"total_cost": 170.9860388791738, "time_cost": 74.92, "final_distance_cost": 1.8519724917058251, "oscillation_cost": 18.483400764130096, "completition_cost": 0.0, "overshoot_cost": 51.56325173811592, "power_cost": 12.085749584960938, "noise_cost": 12.081664300261004, "n_waypoints_completed": 9, "tot_waypoints": 9}}
{"target": -171.1971169645995, "params": {"k_pid_pos": [0.7316731297728035, 0.0020119149101558505, 0.011824739088789013], "k_pid_alt": [1.521863700450951, 9.197913430812275e-05, 0.0022975689706076874], "k_pid_att": [38.13302656504425, 6.864251264728239, 0.5880368595893798], "k_pid_yaw": [0.5, 1e-06, 0.1], "k_pid_hsp": [0.08835198323508842, 0.003542829425401826, 0.0], "k_pid_vsp": [209.48996551825857, 243.84943308870228, 0.9234606877594498]}, "datetime": {"datetime": "2025-08-20 20:13:49", "elapsed": 30083.870460748672, "delta": 18.21486783027649}, "costs": {"total_cost": 171.1971169645995, "time_cost": 71.152, "final_distance_cost": 1.77371906790006, "oscillation_cost": 23.31524857103143, "completition_cost": 0.0, "overshoot_cost": 50.75125078610664, "power_cost": 12.622241943359375, "noise_cost": 11.582656596202009, "n_waypoints_completed": 9, "tot_waypoints": 9}}
{"target": -170.648437146692, "params": {"k_pid_pos": [0.47371139882556274, 0.003559294851713791, 0.007313295006556873], "k_pid_alt": [1.524973462154285, 0.0001112241901840174, 0.0023002983440544157], "k_pid_att": [38.13189690002644, 6.908958237316136, 0.6335440918958947], "k_pid_yaw": [0.5, 1e-06, 0.1], "k_pid_hsp": [0.10207412328238234, 0.0059110697218489085, 0.0], "k_pid_vsp": [243.10798019476337, 222.9548759729312, 0.8214165241711499]}, "datetime": {"datetime": "2025-08-20 20:14:05", "elapsed": 30099.917132377625, "delta": 16.046671628952026}, "costs": {"total_cost": 170.648437146692, "time_cost": 73.24, "final_distance_cost": 1.8402766880699701, "oscillation_cost": 19.94719635053939, "completition_cost": 0.0, "overshoot_cost": 51.07453699225635, "power_cost": 12.616974133300781, "noise_cost": 11.929452982525547, "n_waypoints_completed": 9, "tot_waypoints": 9}}
{"target": -170.21246554791432, "params": {"k_pid_pos": [0.490834398445728, 0.004602804939606429, 0.007953467132764637], "k_pid_alt": [1.1350440053588229, 0.00012062970605269556, 0.0017722635699360912], "k_pid_att": [38.1281149912483, 7.637829121443623, 0.7367390681356097], "k_pid_yaw": [0.5, 1e-06, 0.1], "k_pid_hsp": [0.07537915662493037, 0.0065237346392751465, 0.0], "k_pid_vsp": [178.1239497562932, 190.65205129877253, 0.5909533392059511]}, "datetime": {"datetime": "2025-08-20 20:14:23", "elapsed": 30118.167796373367, "delta": 18.250663995742798}, "costs": {"total_cost": 170.21246554791432, "time_cost": 74.384, "final_distance_cost": 1.8123323660378885, "oscillation_cost": 18.19754756300081, "completition_cost": 0.0, "overshoot_cost": 51.641675525510344, "power_cost": 12.465010644531251, "noise_cost": 11.71189944883403, "n_waypoints_completed": 9, "tot_waypoints": 9}}
{"target": -170.09517915855093, "params": {"k_pid_pos": [0.42256584950192905, 0.0024781820117990663, 0.005435082532594035], "k_pid_alt": [2.0, 9.417874293775417e-05, 0.0019803227694873385], "k_pid_att": [32.49283621766921, 5.278045744481752, 0.48806517486083734], "k_pid_yaw": [0.5, 1e-06, 0.1], "k_pid_hsp": [0.08428527579474428, 0.0069234702895167935, 0.0], "k_pid_vsp": [134.06094021150747, 272.42203942374664, 0.7427590209268761]}, "datetime": {"datetime": "2025-08-20 20:14:40", "elapsed": 30134.913972616196, "delta": 16.74617624282837}, "costs": {"total_cost": 170.09517915855093, "time_cost": 74.504, "final_distance_cost": 1.8336519980067758, "oscillation_cost": 17.497021020725434, "completition_cost": 0.0, "overshoot_cost": 51.57454233758419, "power_cost": 12.6091880859375, "noise_cost": 12.076775716297062, "n_waypoints_completed": 9, "tot_waypoints": 9}}
{"target": -169.54894453526168, "params": {"k_pid_pos": [0.5439117680331537, 0.002819839341197545, 0.010686657356613392], "k_pid_alt": [2.0, 0.0001135078017031289, 0.0017631832189466772], "k_pid_att": [25.748851369437386, 6.0549949697601955, 0.6216066693760762], "k_pid_yaw": [0.5, 1e-06, 0.1], "k_pid_hsp": [0.11067721917549533, 0.005333733488296897, 0.0], "k_pid_vsp": [170.47494049436284, 179.5921364689891, 0.9479982386588431]}, "datetime": {"datetime": "2025-08-20 20:14:57", "elapsed": 30151.583292722702, "delta": 16.669320106506348}, "costs": {"total_cost": 169.54894453526168, "time_cost": 71.944, "final_distance_cost": 1.8383332332056137, "oscillation_cost": 21.15089214424771, "completition_cost": 0.0, "overshoot_cost": 50.51398077112656, "power_cost": 12.533622302246094, "noise_cost": 11.568116084435703, "n_waypoints_completed": 9, "tot_waypoints": 9}}
{"target": -170.73441761733324, "params": {"k_pid_pos": [0.5568270387394252, 0.004043720324369571, 0.010278625530273389], "k_pid_alt": [2.0, 8.207124835511476e-05, 0.0016965613465103949], "k_pid_att": [37.54229502317323, 6.630535172452451, 0.5611200201011974], "k_pid_yaw": [0.5, 1e-06, 0.1], "k_pid_hsp": [0.12694248891620194, 0.006232679610897703, 0.0], "k_pid_vsp": [234.50964964475097, 249.3934418110401, 1.060292479331815]}, "datetime": {"datetime": "2025-08-20 20:15:14", "elapsed": 30168.66798233986, "delta": 17.084689617156982}, "costs": {"total_cost": 170.73441761733324, "time_cost": 71.856, "final_distance_cost": 1.82639359129848, "oscillation_cost": 22.932681297768333, "completition_cost": 0.0, "overshoot_cost": 50.40636519536345, "power_cost": 12.138690942382812, "noise_cost": 11.574286590520172, "n_waypoints_completed": 9, "tot_waypoints": 9}}
{"target": -169.89590230762076, "params": {"k_pid_pos": [0.5037546384589976, 0.005425672045423127, 0.008902881426712706], "k_pid_alt": [1.5278166860268765, 0.0001291505114395296, 0.0014166005519979834], "k_pid_att": [28.61973480936331, 5.411359602774458, 0.429630681061993], "k_pid_yaw": [0.5, 1e-06, 0.1], "k_pid_hsp": [0.096542838428806, 0.004299099325113986, 0.0], "k_pid_vsp": [255.42948587640612, 227.4400127121904, 0.8827234680317151]}, "datetime": {"datetime": "2025-08-20 20:15:29", "elapsed": 30184.31528353691, "delta": 15.647301197052002}, "costs": {"total_cost": 169.89590230762076, "time_cost": 72.712, "final_distance_cost": 1.8140262881286855, "oscillation_cost": 19.657339574382497, "completition_cost": 0.0, "overshoot_cost": 51.42170593376064, "power_cost": 12.496894763183594, "noise_cost": 11.793935748165318, "n_waypoints_completed": 9, "tot_waypoints": 9}}
{"target": -168.8282705835482, "params": {"k_pid_pos": [0.594988729898092, 0.004522999640598094, 0.007064038394557649], "k_pid_alt": [1.6301479378005095, 0.00013903654749956946, 0.0018959410523078177], "k_pid_att": [28.975969322514704, 5.178920868261331, 0.6318342154096225], "k_pid_yaw": [0.5, 1e-06, 0.1], "k_pid_hsp": [0.10748992216415688, 0.007038704377567965, 0.0], "k_pid_vsp": [284.55849783002503, 194.04546243365004, 0.8554772847015272]}, "datetime": {"datetime": "2025-08-20 20:15:46", "elapsed": 30200.923983097076, "delta": 16.608699560165405}, "costs": {"total_cost": 168.8282705835482, "time_cost": 71.144, "final_distance_cost": 1.8304332251470368, "oscillation_cost": 22.30784863793611, "completition_cost": 0.0, "overshoot_cost": 50.33008183951596, "power_cost": 11.810919982910157, "noise_cost": 11.404986898038954, "n_waypoints_completed": 9, "tot_waypoints": 9}}
{"target": -170.26107537280822, "params": {"k_pid_pos": [0.44328776995598024, 0.0038097265449858982, 0.009138708056449743], "k_pid_alt": [1.9593853403504922, 0.00011074560460410418, 0.0017450782081676957], "k_pid_att": [34.79172889701032, 6.841231882989217, 0.6841078903124593], "k_pid_yaw": [0.5, 1e-06, 0.1], "k_pid_hsp": [0.08803502700860756, 0.005322153037128794, 0.0], "k_pid_vsp": [149.01436333721423, 166.46949481600043, 1.0983639086241044]}, "datetime": {"datetime": "2025-08-20 20:16:02", "elapsed": 30217.220139980316, "delta": 16.296156883239746}, "costs": {"total_cost": 170.26107537280822, "time_cost": 74.008, "final_distance_cost": 1.82782715903679, "oscillation_cost": 18.108931910511668, "completition_cost": 0.0, "overshoot_cost": 51.776695154819755, "power_cost": 12.529371850585939, "noise_cost": 12.010249297854072, "n_waypoints_completed": 9, "tot_waypoints": 9}}
{"target": -170.71944996818573, "params": {"k_pid_pos": [0.483343654820892, 0.004389929466407934, 0.006949245590078322], "k_pid_alt": [1.8030147519608863, 0.00011450718336594868, 0.0021086153372794994], "k_pid_att": [31.442863395324604, 7.026852765276778, 0.5023977545324375], "k_pid_yaw": [0.5, 1e-06, 0.1], "k_pid_hsp": [0.10320790848125387, 0.0061032721662365496, 0.0], "k_pid_vsp": [202.75743046913956, 190.3798204915012, 0.8524501144851379]}, "datetime": {"datetime": "2025-08-20 20:16:20", "elapsed": 30234.552251815796, "delta": 17.332111835479736}, "costs": {"total_cost": 170.71944996818573, "time_cost": 72.912, "final_distance_cost": 1.8286579053627885, "oscillation_cost": 20.04243347950209, "completition_cost": 0.0, "overshoot_cost": 51.23432209522646, "power_cost": 12.757247973632813, "noise_cost": 11.944788514461544, "n_waypoints_completed": 9, "tot_waypoints": 9}}
{"target": -169.36685590484322, "params": {"k_pid_pos": [0.562233539743135, 0.00699605499342763, 0.009867966686444024], "k_pid_alt": [1.8584547626752919, 0.00010997815787974569, 0.0019219046676140332], "k_pid_att": [30.692549480950447, 5.7201230551478845, 0.651930477501364], "k_pid_yaw": [0.5, 1e-06, 0.1], "k_pid_hsp": [0.09352110086294181, 0.007241257540698404, 0.0], "k_pid_vsp": [261.9224574710091, 308.396864031834, 0.9950964461067303]}, "datetime": {"datetime": "2025-08-20 20:16:36", "elapsed": 30250.92871594429, "delta": 16.376464128494263}, "costs": {"total_cost": 169.36685590484322, "time_cost": 71.76, "final_distance_cost": 1.8030959565516949, "oscillation_cost": 20.885950065926103, "completition_cost": 0.0, "overshoot_cost": 50.9119796384685, "power_cost": 12.434348461914063, "noise_cost": 11.571481781982868, "n_waypoints_completed": 9, "tot_waypoints": 9}}
{"target": -169.07701605119064, "params": {"k_pid_pos": [0.5304412798422365, 0.0042503271864387255, 0.009692129033161337], "k_pid_alt": [2.0, 0.00013131036372633913, 0.0018932495518007855], "k_pid_att": [32.69404803922732, 6.835494547619104, 0.4944099344218646], "k_pid_yaw": [0.5, 1e-06, 0.1], "k_pid_hsp": [0.10394562229577949, 0.004836568735130413, 0.0], "k_pid_vsp": [156.6383557975814, 107.64415564962754, 0.7776109818452333]}, "datetime": {"datetime": "2025-08-20 20:16:52", "elapsed": 30266.88373565674, "delta": 15.95501971244812}, "costs": {"total_cost": 169.07701605119064, "time_cost": 72.264, "final_distance_cost": 1.8191192992656504, "oscillation_cost": 20.287536007961997, "completition_cost": 0.0, "overshoot_cost": 51.29854709853267, "power_cost": 11.866950952148438, "noise_cost": 11.540862693281875, "n_waypoints_completed": 9, "tot_waypoints": 9}}
{"target": -170.66780897814562, "params": {"k_pid_pos": [0.46427785326534704, 0.004830650532344009, 0.010362623289211616], "k_pid_alt": [1.400917528478254, 0.00015847760348268548, 0.0016019710102579668], "k_pid_att": [27.311689709914685, 7.523031565463259, 0.5594790169106485], "k_pid_yaw": [0.5, 1e-06, 0.1], "k_pid_hsp": [0.1052336428382566, 0.006718872500565068, 0.0], "k_pid_vsp": [244.37773761172704, 221.30896601459077, 0.5252499807857036]}, "datetime": {"datetime": "2025-08-20 20:17:09", "elapsed": 30284.31746649742, "delta": 17.433730840682983}, "costs": {"total_cost": 170.66780897814562, "time_cost": 73.624, "final_distance_cost": 1.8405570113560392, "oscillation_cost": 19.83711303771027, "completition_cost": 0.0, "overshoot_cost": 51.067467327176786, "power_cost": 12.363218383789063, "noise_cost": 11.935453218113466, "n_waypoints_completed": 9, "tot_waypoints": 9}}
{"target": -169.74379542881107, "params": {"k_pid_pos": [0.5802822623711001, 0.004165843041548409, 0.009300722018915962], "k_pid_alt": [1.9490622276854683, 0.0001318362718070485, 0.0015425890222788773], "k_pid_att": [36.19208986299804, 9.16768429917538, 0.4907588142643102], "k_pid_yaw": [0.5, 1e-06, 0.1], "k_pid_hsp": [0.10256158235407198, 0.006238369439433135, 0.0], "k_pid_vsp": [119.16774486343026, 162.9003811568643, 0.8457550364475795]}, "datetime": {"datetime": "2025-08-20 20:17:25", "elapsed": 30299.691069841385, "delta": 15.373603343963623}, "costs": {"total_cost": 169.74379542881107, "time_cost": 71.47200000000001, "final_distance_cost": 1.8117737425193625, "oscillation_cost": 21.819439454123366, "completition_cost": 0.0, "overshoot_cost": 51.009713792984904, "power_cost": 12.258929907226563, "noise_cost": 11.371938531956864, "n_waypoints_completed": 9, "tot_waypoints": 9}}
{"target": -171.40084810786217, "params": {"k_pid_pos": [0.4883080770150276, 0.004141629626205921, 0.010017275998494723], "k_pid_alt": [2.0, 0.0001245871981277195, 0.0017211509534399469], "k_pid_att": [36.53864065231926, 5.950932003921562, 0.6958904416580945], "k_pid_yaw": [0.5, 1e-06, 0.1], "k_pid_hsp": [0.12060838478958998, 0.006037027933023599, 0.0], "k_pid_vsp": [185.97152889075394, 203.29444922991493, 0.8608807494868976]}, "datetime": {"datetime": "2025-08-20 20:17:44", "elapsed": 30319.41346001625, "delta": 19.722390174865723}, "costs": {"total_cost": 171.40084810786217, "time_cost": 73.264, "final_distance_cost": 1.8359826209789212, "oscillation_cost": 21.186470965838716, "completition_cost": 0.0, "overshoot_cost": 50.46512922511073, "power_cost": 12.667005895996095, "noise_cost": 11.982259399937742, "n_waypoints_completed": 9, "tot_waypoints": 9}}
{"target": -170.03426145382562, "params": {"k_pid_pos": [0.5228252717362079, 0.002363106306879514, 0.011234735382770996], "k_pid_alt": [1.8024204235094883, 0.00014633124099176951, 0.0025418240424417925], "k_pid_att": [41.07862079685519, 7.081695168726331, 0.5732729204220985], "k_pid_yaw": [0.5, 1e-06, 0.1], "k_pid_hsp": [0.11698068139935469, 0.004934746915884161, 0.0], "k_pid_vsp": [276.20509859182556, 224.00071733711297, 0.7855951825550402]}, "datetime": {"datetime": "2025-08-20 20:18:00", "elapsed": 30335.37452173233, "delta": 15.961061716079712}, "costs": {"total_cost": 170.03426145382562, "time_cost": 72.416, "final_distance_cost": 1.8379973323191474, "oscillation_cost": 21.13788347538404, "completition_cost": 0.0, "overshoot_cost": 50.91761604204234, "power_cost": 12.112476586914063, "noise_cost": 11.61228801716604, "n_waypoints_completed": 9, "tot_waypoints": 9}}
{"target": -171.4964388934103, "params": {"k_pid_pos": [0.6382464031456646, 0.004641149361772924, 0.008888852885587599], "k_pid_alt": [1.394969623851013, 9.18358021937209e-05, 0.0017838107996197485], "k_pid_att": [25.864913694378277, 6.655347045012256, 0.6402506861739105], "k_pid_yaw": [0.5, 1e-06, 0.1], "k_pid_hsp": [0.07920030750633501, 0.006471616563237668, 0.0], "k_pid_vsp": [285.4659506741867, 254.56223861115288, 0.6459426983428684]}, "datetime": {"datetime": "2025-08-20 20:18:18", "elapsed": 30352.753652095795, "delta": 17.379130363464355}, "costs": {"total_cost": 171.4964388934103, "time_cost": 72.888, "final_distance_cost": 1.8094592160746266, "oscillation_cost": 21.480209676440623, "completition_cost": 0.0, "overshoot_cost": 50.909219913139125, "power_cost": 12.773996972656251, "noise_cost": 11.635553115099682, "n_waypoints_completed": 9, "tot_waypoints": 9}}
