{"target": -174.41092530855528, "params": {"k_pid_pos": [0.6543947633470644, 0.0025296401498543803, 0.013600070154743231], "k_pid_alt": [1.712607641561215, 0.00013605803500387053, 0.0], "k_pid_att": [28.529536911566513, 5.058243373867139, 0.5121645433816402], "k_pid_yaw": [0.5, 1e-06, 0.1], "k_pid_hsp": [0.06070203881437147, 0.00933889419520301, 0.0], "k_pid_vsp": [300.12319450310497, 213.45688375436998, 1.4085604387935493]}, "datetime": {"datetime": "2025-08-20 17:16:04", "elapsed": 19419.24400472641, "delta": 17.715791940689087}, "costs": {"total_cost": 174.41092530855528, "time_cost": 74.56, "final_distance_cost": 1.7523599581113278, "oscillation_cost": 20.941513960062426, "completition_cost": 0.0, "overshoot_cost": 52.216864178751734, "power_cost": 13.027712182617188, "noise_cost": 11.912475029012606, "n_waypoints_completed": 9, "tot_waypoints": 9}}
{"target": -177.55202942779337, "params": {"k_pid_pos": [0.4739332046047971, 0.0024173427499497913, 0.01482111123479026], "k_pid_alt": [1.852757792631368, 8.666785374132975e-05, 0.00389630214552958], "k_pid_att": [39.590105317969915, 8.422493499292997, 0.737024123525844], "k_pid_yaw": [0.5, 1e-06, 0.1], "k_pid_hsp": [0.17378711192718413, 0.009758805029886219, 0.0], "k_pid_vsp": [206.47316386824284, 188.97339407181036, 0.6265621077270324]}, "datetime": {"datetime": "2025-08-20 17:16:21", "elapsed": 19436.433098316193, "delta": 17.189093589782715}, "costs": {"total_cost": 177.55202942779337, "time_cost": 76.008, "final_distance_cost": 1.8495398622566632, "oscillation_cost": 23.421552846757933, "completition_cost": 0.0, "overshoot_cost": 50.63506284436889, "power_cost": 12.965505749511719, "noise_cost": 12.672368124898195, "n_waypoints_completed": 9, "tot_waypoints": 9}}
{"target": -202.63327019933823, "params": {"k_pid_pos": [0.2902156786395905, 0.0020673999238180548, 0.019048272471953984], "k_pid_alt": [2.0, 7.906549776237968e-05, 0.0], "k_pid_att": [54.862011618003805, 9.238271686990208, 0.7102680804468826], "k_pid_yaw": [0.5, 1e-06, 0.1], "k_pid_hsp": [0.13294921749446162, 0.00959396593754234, 0.0], "k_pid_vsp": [152.6358583253808, 149.05445325378207, 0.8460390750844575]}, "datetime": {"datetime": "2025-08-20 17:16:44", "elapsed": 19458.96072292328, "delta": 22.52762460708618}, "costs": {"total_cost": 202.63327019933823, "time_cost": 96.496, "final_distance_cost": 1.8625221424803255, "oscillation_cost": 17.51023865594898, "completition_cost": 0.0, "overshoot_cost": 53.92634189519717, "power_cost": 15.498039318847656, "noise_cost": 17.340128186864124, "n_waypoints_completed": 9, "tot_waypoints": 9}}
{"target": -176.61869896517635, "params": {"k_pid_pos": [0.6292728056708933, 0.002657372812043377, 0.013911299497890202], "k_pid_alt": [1.4101839892874335, 0.0001520216940952659, 0.004791015060997859], "k_pid_att": [48.198190153857745, 9.86514685388652, 0.34819019407556234], "k_pid_yaw": [0.5, 1e-06, 0.1], "k_pid_hsp": [0.052304356985499366, 0.01150569621070891, 0.0], "k_pid_vsp": [400.0, 177.42317188165097, 0.7564509726919343]}, "datetime": {"datetime": "2025-08-20 17:17:01", "elapsed": 19475.67527937889, "delta": 16.714556455612183}, "costs": {"total_cost": 176.61869896517635, "time_cost": 76.32000000000001, "final_distance_cost": 1.788918187733085, "oscillation_cost": 20.320701460501905, "completition_cost": 0.0, "overshoot_cost": 53.022391691026364, "power_cost": 12.999330151367188, "noise_cost": 12.167357474547803, "n_waypoints_completed": 9, "tot_waypoints": 9}}
{"target": -170.78236188282222, "params": {"k_pid_pos": [0.6376352865304271, 0.0015724237089210613, 0.009340199093542242], "k_pid_alt": [1.2115779052341014, 0.00011462565802306322, 0.006552607521165883], "k_pid_att": [59.73354620931584, 8.72449465689143, 1.0], "k_pid_yaw": [0.5, 1e-06, 0.1], "k_pid_hsp": [0.11458230690083686, 0.013215782137689558, 0.0], "k_pid_vsp": [165.46376314704756, 232.98976548762667, 1.0819667992169786]}, "datetime": {"datetime": "2025-08-20 17:17:16", "elapsed": 19491.47950553894, "delta": 15.804226160049438}, "costs": {"total_cost": 170.78236188282222, "time_cost": 70.928, "final_distance_cost": 1.8299480385909312, "oscillation_cost": 24.07746691558443, "completition_cost": 0.0, "overshoot_cost": 50.275818995962574, "power_cost": 12.22176787109375, "noise_cost": 11.449360061590554, "n_waypoints_completed": 9, "tot_waypoints": 9}}
{"target": -175.39475985675818, "params": {"k_pid_pos": [0.3912155656201697, 0.0010813671981457836, 0.004798313794070448], "k_pid_alt": [2.0, 7.470625118988392e-05, 0.0024531799850413187], "k_pid_att": [21.349001920811528, 8.100055795811777, 0.6284507070245534], "k_pid_yaw": [0.5, 1e-06, 0.1], "k_pid_hsp": [0.12331410428913686, 0.005422446023933961, 0.0], "k_pid_vsp": [299.4292681300369, 178.7644754213596, 0.5868202907684227]}, "datetime": {"datetime": "2025-08-20 17:17:34", "elapsed": 19508.896404981613, "delta": 17.41689944267273}, "costs": {"total_cost": 175.39475985675818, "time_cost": 77.928, "final_distance_cost": 1.8567577306248049, "oscillation_cost": 19.28654089340292, "completition_cost": 0.0, "overshoot_cost": 51.25156437761145, "power_cost": 12.385483520507814, "noise_cost": 12.686413334611192, "n_waypoints_completed": 9, "tot_waypoints": 9}}
{"target": -172.13791740686102, "params": {"k_pid_pos": [0.6555099395012678, 0.0031528227285963946, 0.013079106826297019], "k_pid_alt": [1.4565446803886288, 2.905046846394517e-05, 0.006537397954600888], "k_pid_att": [74.553788550676, 7.120523121269918, 0.885996530329185], "k_pid_yaw": [0.5, 1e-06, 0.1], "k_pid_hsp": [0.07646820022108504, 0.006261429430783938, 0.0], "k_pid_vsp": [217.11032041040517, 137.61836259862548, 0.8977242164780544]}, "datetime": {"datetime": "2025-08-20 17:17:50", "elapsed": 19524.664620161057, "delta": 15.76821517944336}, "costs": {"total_cost": 172.13791740686102, "time_cost": 73.128, "final_distance_cost": 1.7897087310493764, "oscillation_cost": 21.636589698267223, "completition_cost": 0.0, "overshoot_cost": 51.84258277631514, "power_cost": 12.187086950683595, "noise_cost": 11.553949250545688, "n_waypoints_completed": 9, "tot_waypoints": 9}}
{"target": -169.97836712765275, "params": {"k_pid_pos": [0.6983554031645087, 0.0005111052706864076, 0.009097630627897807], "k_pid_alt": [1.4634071718620871, 4.444663027372355e-05, 0.005777897875553173], "k_pid_att": [41.98345505673119, 9.20786545315736, 0.7403816805083734], "k_pid_yaw": [0.5, 1e-06, 0.1], "k_pid_hsp": [0.12199033620506004, 0.0059375371598441905, 0.0], "k_pid_vsp": [288.6815570720728, 111.45527266383961, 0.508195394318582]}, "datetime": {"datetime": "2025-08-20 17:18:05", "elapsed": 19540.429980278015, "delta": 15.765360116958618}, "costs": {"total_cost": 169.97836712765275, "time_cost": 70.47200000000001, "final_distance_cost": 1.8229360024574741, "oscillation_cost": 24.33439571510252, "completition_cost": 0.0, "overshoot_cost": 50.502393376605404, "power_cost": 11.62809324951172, "noise_cost": 11.218548783975624, "n_waypoints_completed": 9, "tot_waypoints": 9}}
{"target": -171.43618305680084, "params": {"k_pid_pos": [0.48830913322924135, 0.002719925539047581, 0.010303043908045753], "k_pid_alt": [1.2142598152531814, 0.00010671762284591264, 0.003515427389712285], "k_pid_att": [42.23803397411887, 10.0, 0.6367985899651442], "k_pid_yaw": [0.5, 1e-06, 0.1], "k_pid_hsp": [0.11745982467370353, 0.00855336338128125, 0.0], "k_pid_vsp": [336.9536360609696, 137.24941099374394, 1.0579162523133931]}, "datetime": {"datetime": "2025-08-20 17:18:22", "elapsed": 19556.847931861877, "delta": 16.417951583862305}, "costs": {"total_cost": 171.43618305680084, "time_cost": 73.672, "final_distance_cost": 1.8406003155197945, "oscillation_cost": 21.28719389750963, "completition_cost": 0.0, "overshoot_cost": 50.985855222554484, "power_cost": 11.902224475097658, "noise_cost": 11.748309146119288, "n_waypoints_completed": 9, "tot_waypoints": 9}}
{"target": -175.70714100766722, "params": {"k_pid_pos": [0.46147274442999003, 0.0018958753939365975, 0.010790555112389244], "k_pid_alt": [2.0, 0.00012407511788365249, 0.012764328343309499], "k_pid_att": [36.63579351167741, 9.56517033751817, 0.8517154624774744], "k_pid_yaw": [0.5, 1e-06, 0.1], "k_pid_hsp": [0.1471927148958788, 0.010971776860412584, 0.0], "k_pid_vsp": [339.5035018705947, 152.8285424740277, 1.4498109901693024]}, "datetime": {"datetime": "2025-08-20 17:18:38", "elapsed": 19573.415498018265, "delta": 16.56756615638733}, "costs": {"total_cost": 175.70714100766722, "time_cost": 75.552, "final_distance_cost": 1.8525708979945619, "oscillation_cost": 21.880597862434374, "completition_cost": 0.0, "overshoot_cost": 50.947587458551475, "power_cost": 12.864119787597657, "noise_cost": 12.610265001089134, "n_waypoints_completed": 9, "tot_waypoints": 9}}
{"target": -173.4668621491292, "params": {"k_pid_pos": [0.4985088022769624, 0.0028876052567698824, 0.007150642738871955], "k_pid_alt": [1.2060122639745254, 0.0001269134118958397, 0.007037672230676247], "k_pid_att": [76.603895639658, 8.123556756955125, 0.5088957265933861], "k_pid_yaw": [0.5, 1e-06, 0.1], "k_pid_hsp": [0.1349856961240444, 0.007718883443819567, 0.0], "k_pid_vsp": [260.6350789505054, 178.9398636705902, 0.7472382242138799]}, "datetime": {"datetime": "2025-08-20 17:18:55", "elapsed": 19590.044417142868, "delta": 16.62891912460327}, "costs": {"total_cost": 173.4668621491292, "time_cost": 73.92, "final_distance_cost": 1.846005048465599, "oscillation_cost": 22.629837330172975, "completition_cost": 0.0, "overshoot_cost": 50.358329741689566, "power_cost": 12.544562231445314, "noise_cost": 12.16812779735575, "n_waypoints_completed": 9, "tot_waypoints": 9}}
{"target": -169.76734267207286, "params": {"k_pid_pos": [0.5228598822788818, 0.0015636222176839334, 0.010757330331930886], "k_pid_alt": [1.662315328879871, 7.808904027791688e-05, 0.016207850248600345], "k_pid_att": [58.681649793832605, 10.0, 0.5637103031800931], "k_pid_yaw": [0.5, 1e-06, 0.1], "k_pid_hsp": [0.09079782322267288, 0.007532239608962138, 0.0], "k_pid_vsp": [307.98817340094064, 235.177433490646, 1.0893793043618551]}, "datetime": {"datetime": "2025-08-20 17:19:11", "elapsed": 19606.378361940384, "delta": 16.33394479751587}, "costs": {"total_cost": 169.76734267207286, "time_cost": 72.328, "final_distance_cost": 1.8261537808873531, "oscillation_cost": 20.391828544642838, "completition_cost": 0.0, "overshoot_cost": 50.93647162693979, "power_cost": 12.498605236816406, "noise_cost": 11.786283482786457, "n_waypoints_completed": 9, "tot_waypoints": 9}}
{"target": -175.19325998526023, "params": {"k_pid_pos": [0.44238577603343865, 0.002629015801452722, 0.012432542235607849], "k_pid_alt": [1.0158202844274895, 0.00013499985866172244, 0.008284085274475416], "k_pid_att": [71.92326422602505, 9.071311032578445, 0.5952623301380623], "k_pid_yaw": [0.5, 1e-06, 0.1], "k_pid_hsp": [0.12067498864522234, 0.007143509079429784, 0.0], "k_pid_vsp": [302.29049247095134, 141.7995796917368, 0.7965529539303517]}, "datetime": {"datetime": "2025-08-20 17:19:28", "elapsed": 19622.81744170189, "delta": 16.439079761505127}, "costs": {"total_cost": 175.19325998526023, "time_cost": 76.168, "final_distance_cost": 1.853145275504237, "oscillation_cost": 20.57725052143972, "completition_cost": 0.0, "overshoot_cost": 51.58247483179535, "power_cost": 12.585709313964845, "noise_cost": 12.426680042556047, "n_waypoints_completed": 9, "tot_waypoints": 9}}
{"target": -171.35961783314298, "params": {"k_pid_pos": [0.7396946985351777, 0.0038750319643733725, 0.01634042204082776], "k_pid_alt": [1.3255628758235274, 0.00012650876074759722, 0.0038959838163686315], "k_pid_att": [43.80876012966784, 9.836931508050094, 0.9344608122703981], "k_pid_yaw": [0.5, 1e-06, 0.1], "k_pid_hsp": [0.09019549306672381, 0.006456072806078063, 0.0], "k_pid_vsp": [285.03508713847253, 157.89081750635717, 0.42455516233409824]}, "datetime": {"datetime": "2025-08-20 17:19:44", "elapsed": 19638.933516025543, "delta": 16.116074323654175}, "costs": {"total_cost": 171.35961783314298, "time_cost": 71.376, "final_distance_cost": 1.7841854335016663, "oscillation_cost": 24.04659849930702, "completition_cost": 0.0, "overshoot_cost": 50.91343527728966, "power_cost": 12.04412244873047, "noise_cost": 11.195276174314158, "n_waypoints_completed": 9, "tot_waypoints": 9}}
{"target": -168.98929853711525, "params": {"k_pid_pos": [0.5833431506762475, 0.0035927387269190105, 0.013561189859684785], "k_pid_alt": [1.915892966781336, 0.00010512539829091111, 0.0], "k_pid_att": [38.56041746918536, 7.54227665572735, 0.41916440338347627], "k_pid_yaw": [0.5, 1e-06, 0.1], "k_pid_hsp": [0.10006106935925162, 0.00969725129525339, 0.0], "k_pid_vsp": [306.19739377874765, 191.70977824958118, 0.905926921570642]}, "datetime": {"datetime": "2025-08-20 17:20:00", "elapsed": 19655.364322423935, "delta": 16.430806398391724}, "costs": {"total_cost": 168.98929853711525, "time_cost": 71.376, "final_distance_cost": 1.824127667177131, "oscillation_cost": 21.89447043376207, "completition_cost": 0.0, "overshoot_cost": 50.53533243789819, "power_cost": 11.994534008789064, "noise_cost": 11.36483398948878, "n_waypoints_completed": 9, "tot_waypoints": 9}}
{"target": -172.23525078853157, "params": {"k_pid_pos": [0.7530881352876655, 0.0019906486489865128, 0.010449835729223695], "k_pid_alt": [0.954760323485934, 6.874345846716067e-05, 0.005111312304315846], "k_pid_att": [42.48291291098432, 10.0, 1.0], "k_pid_yaw": [0.5, 1e-06, 0.1], "k_pid_hsp": [0.08770042376886417, 0.007822215789567105, 0.0], "k_pid_vsp": [400.0, 143.0556893098554, 1.0215306571462968]}, "datetime": {"datetime": "2025-08-20 17:20:17", "elapsed": 19671.76436305046, "delta": 16.40004062652588}, "costs": {"total_cost": 172.23525078853157, "time_cost": 72.936, "final_distance_cost": 1.7942368188422022, "oscillation_cost": 24.23580813442001, "completition_cost": 0.0, "overshoot_cost": 50.52624665316296, "power_cost": 11.675099084472658, "noise_cost": 11.067860097633744, "n_waypoints_completed": 9, "tot_waypoints": 9}}
{"target": -170.76947665116393, "params": {"k_pid_pos": [0.68573091727932, 0.0007591902797549182, 0.016528597969501683], "k_pid_alt": [1.3849217224392658, 0.00013678291959366487, 0.003875696503108903], "k_pid_att": [46.85433787768506, 3.6644079153206097, 0.5890813030190382], "k_pid_yaw": [0.5, 1e-06, 0.1], "k_pid_hsp": [0.1198715945269974, 0.012546002895425927, 0.0], "k_pid_vsp": [57.02777423649409, 155.44653015865018, 0.7074683674523051]}, "datetime": {"datetime": "2025-08-20 17:20:33", "elapsed": 19688.10992193222, "delta": 16.345558881759644}, "costs": {"total_cost": 170.76947665116393, "time_cost": 70.104, "final_distance_cost": 1.8279475785847141, "oscillation_cost": 25.44627953300683, "completition_cost": 0.0, "overshoot_cost": 49.774032489354, "power_cost": 12.312896826171876, "noise_cost": 11.304320224046517, "n_waypoints_completed": 9, "tot_waypoints": 9}}
{"target": -172.00438188836574, "params": {"k_pid_pos": [0.8338200076966782, 0.002668045717575391, 0.019115222994595546], "k_pid_alt": [1.831531446913319, 5.8312987207400496e-05, 0.003935921678743994], "k_pid_att": [41.74138175454297, 9.2579193803363, 0.427607725976382], "k_pid_yaw": [0.5, 1e-06, 0.1], "k_pid_hsp": [0.13693728857150803, 0.013598550484691394, 0.0], "k_pid_vsp": [328.88243690362316, 266.9560433448799, 0.6115690009316764]}, "datetime": {"datetime": "2025-08-20 17:20:48", "elapsed": 19703.1583943367, "delta": 15.04847240447998}, "costs": {"total_cost": 172.00438188836574, "time_cost": 69.52, "final_distance_cost": 1.8232279339263495, "oscillation_cost": 26.93158931114161, "completition_cost": 0.0, "overshoot_cost": 50.60774097047092, "power_cost": 12.025077294921875, "noise_cost": 11.096746377905001, "n_waypoints_completed": 9, "tot_waypoints": 9}}
{"target": -170.71326997287716, "params": {"k_pid_pos": [0.5777343158092895, 0.003266617081251436, 0.01455115609409221], "k_pid_alt": [2.0, 0.00011397675535162582, 0.006072105051470801], "k_pid_att": [52.19172625512389, 9.441005369854674, 0.3924363268629287], "k_pid_yaw": [0.5, 1e-06, 0.1], "k_pid_hsp": [0.12182249777981678, 0.013255456640706887, 0.0], "k_pid_vsp": [242.7850979702134, 194.96724806513535, 0.9312221661183524]}, "datetime": {"datetime": "2025-08-20 17:21:05", "elapsed": 19719.94094967842, "delta": 16.78255534172058}, "costs": {"total_cost": 170.71326997287716, "time_cost": 71.432, "final_distance_cost": 1.8333640078923108, "oscillation_cost": 23.675865559292752, "completition_cost": 0.0, "overshoot_cost": 50.12618643094584, "power_cost": 12.158850854492188, "noise_cost": 11.487003120254055, "n_waypoints_completed": 9, "tot_waypoints": 9}}
{"target": -169.44139791261927, "params": {"k_pid_pos": [0.6023932991003534, 0.0005553501241594155, 0.010183740800072965], "k_pid_alt": [1.3181625998400472, 0.00010464057691537462, 0.0026893008326034384], "k_pid_att": [23.266188389523396, 8.615679007424708, 0.7686818603895768], "k_pid_yaw": [0.5, 1e-06, 0.1], "k_pid_hsp": [0.0940086685465364, 0.008269829666193692, 0.0], "k_pid_vsp": [193.24567316121397, 153.7282848225008, 0.949140078378757]}, "datetime": {"datetime": "2025-08-20 17:21:21", "elapsed": 19735.844207525253, "delta": 15.903257846832275}, "costs": {"total_cost": 169.44139791261927, "time_cost": 71.432, "final_distance_cost": 1.80568910052074, "oscillation_cost": 22.0456431207642, "completition_cost": 0.0, "overshoot_cost": 51.27383234860846, "power_cost": 11.734458288574219, "noise_cost": 11.149775054151663, "n_waypoints_completed": 9, "tot_waypoints": 9}}
{"target": -380.3109163222714, "params": {"k_pid_pos": [0.23821603787114146, 0.0021375533194182175, 0.013483717633324286], "k_pid_alt": [1.9272219383257354, 0.00013714875016478844, 0.0], "k_pid_att": [26.040867306077512, 10.0, 0.8545376593492139], "k_pid_yaw": [0.5, 1e-06, 0.1], "k_pid_hsp": [0.11731457955297268, 0.00788269346403922, 0.0], "k_pid_vsp": [400.0, 171.5439714265173, 0.7412635080927692]}, "datetime": {"datetime": "2025-08-20 17:21:43", "elapsed": 19757.983588457108, "delta": 22.139380931854248}, "costs": {"total_cost": 380.3109163222714, "time_cost": 150, "final_distance_cost": 19.11216115666239, "oscillation_cost": 14.877569413103748, "completition_cost": 111.11111111111116, "overshoot_cost": 54.54757438416369, "power_cost": 16.348990747070314, "noise_cost": 14.3135095101601, "n_waypoints_completed": 8, "tot_waypoints": 9}}
{"target": -172.54421887740176, "params": {"k_pid_pos": [0.901841282129347, 0.0020078440897495003, 0.020073627076777494], "k_pid_alt": [0.9559760995995615, 8.958293835723543e-05, 0.006181832000416168], "k_pid_att": [44.92630350558199, 5.844997114080545, 0.8648785525745851], "k_pid_yaw": [0.5, 1e-06, 0.1], "k_pid_hsp": [0.1308875020557501, 0.010247113620437176, 0.0], "k_pid_vsp": [368.0537727707006, 138.85555865101662, 0.7845512157512785]}, "datetime": {"datetime": "2025-08-20 17:21:59", "elapsed": 19774.203377962112, "delta": 16.219789505004883}, "costs": {"total_cost": 172.54421887740176, "time_cost": 70.57600000000001, "final_distance_cost": 1.8124250021857216, "oscillation_cost": 27.14864591922534, "completition_cost": 0.0, "overshoot_cost": 50.46453566045796, "power_cost": 11.551114440917969, "noise_cost": 10.991497854614789, "n_waypoints_completed": 9, "tot_waypoints": 9}}
{"target": -170.46014552835436, "params": {"k_pid_pos": [0.7808471904742688, 0.0035660405107049826, 0.015223747612702532], "k_pid_alt": [1.2850330253349234, 0.00014407158599240075, 0.0035850662132110717], "k_pid_att": [36.97400848826797, 8.11471233209562, 0.6295166088530162], "k_pid_yaw": [0.5, 1e-06, 0.1], "k_pid_hsp": [0.1053179004630352, 0.0056358917024043505, 0.0], "k_pid_vsp": [257.7094472327064, 255.3091661677778, 0.6146693151236288]}, "datetime": {"datetime": "2025-08-20 17:22:15", "elapsed": 19789.9033472538, "delta": 15.699969291687012}, "costs": {"total_cost": 170.46014552835436, "time_cost": 70.352, "final_distance_cost": 1.8127605098975617, "oscillation_cost": 24.82151523696723, "completition_cost": 0.0, "overshoot_cost": 49.925428278658856, "power_cost": 12.185286547851563, "noise_cost": 11.36315495497913, "n_waypoints_completed": 9, "tot_waypoints": 9}}
{"target": -171.05560093745052, "params": {"k_pid_pos": [0.7926085407066689, 0.0013657024839847246, 0.016538484922925912], "k_pid_alt": [1.6561836521740894, 0.00012487147280582358, 0.004005367999529389], "k_pid_att": [83.56810760274276, 7.849670661296887, 0.5137145274500362], "k_pid_yaw": [0.5, 1e-06, 0.1], "k_pid_hsp": [0.10111548335422899, 0.009424398306474867, 0.0], "k_pid_vsp": [259.68306354515977, 203.85630564767425, 1.0156285167840775]}, "datetime": {"datetime": "2025-08-20 17:22:30", "elapsed": 19805.20426797867, "delta": 15.300920724868774}, "costs": {"total_cost": 171.05560093745052, "time_cost": 70.264, "final_distance_cost": 1.805495831185293, "oscillation_cost": 25.44127221875663, "completition_cost": 0.0, "overshoot_cost": 50.71970450590925, "power_cost": 11.77474539794922, "noise_cost": 11.050382983650112, "n_waypoints_completed": 9, "tot_waypoints": 9}}
{"target": -170.58443098533417, "params": {"k_pid_pos": [0.6377212299944852, 0.003482138346301131, 0.017837959802368457], "k_pid_alt": [0.8607141014627063, 9.263023413690686e-05, 0.0], "k_pid_att": [61.37514394836605, 9.841251740446362, 0.5363542349254411], "k_pid_yaw": [0.5, 1e-06, 0.1], "k_pid_hsp": [0.11124870079563931, 0.007576160724440089, 0.0], "k_pid_vsp": [370.64074175510285, 253.44575190966916, 0.8546149697491804]}, "datetime": {"datetime": "2025-08-20 17:22:47", "elapsed": 19822.041546821594, "delta": 16.837278842926025}, "costs": {"total_cost": 170.58443098533417, "time_cost": 72.384, "final_distance_cost": 1.8146648515409616, "oscillation_cost": 23.401618138953086, "completition_cost": 0.0, "overshoot_cost": 50.12262802286239, "power_cost": 11.699355676269532, "noise_cost": 11.16216429570817, "n_waypoints_completed": 9, "tot_waypoints": 9}}
