{"target": -180.72746194522597, "params": {"k_pid_pos": [0.7403908239997685, 0.02242172227400585, 0.2264425564008148], "k_pid_alt": [2.0, 0.00014999606229301128, 0.016776689891397786], "k_pid_att": [33.520610186337365, 7.6407900847207175, 0.3591020103210501], "k_pid_yaw": [0.5, 1e-06, 0.1], "k_pid_hsp": [0.4843454188643292, 0.0249011098782348, 0.0], "k_pid_vsp": [322.67649322784644, 95.76953451875143, 2.3262098424311937]}, "datetime": {"datetime": "2025-08-20 15:20:58", "elapsed": 12513.446534872055, "delta": 17.867578983306885}, "costs": {"total_cost": 180.72746194522597, "time_cost": 75.096, "final_distance_cost": 1.8431126571606327, "oscillation_cost": 28.102112431085825, "completition_cost": 0.0, "overshoot_cost": 50.69943337610188, "power_cost": 12.638830407714844, "noise_cost": 12.347973073162777, "n_waypoints_completed": 9, "tot_waypoints": 9}}
{"target": -192.5300271291505, "params": {"k_pid_pos": [0.46719834985729286, 0.01814935346649869, 0.2574964666250325], "k_pid_alt": [2.0, 0.00016711148767770533, 0.016255112708315245], "k_pid_att": [39.55083218762283, 4.667540899003167, 0.8776393566218204], "k_pid_yaw": [0.5, 1e-06, 0.1], "k_pid_hsp": [0.31002861817776356, 0.022298246565057484, 0.0], "k_pid_vsp": [140.01886709221915, 102.1767115726954, 2.8456346762751963]}, "datetime": {"datetime": "2025-08-20 15:21:19", "elapsed": 12533.580723285675, "delta": 20.134188413619995}, "costs": {"total_cost": 192.5300271291505, "time_cost": 85.368, "final_distance_cost": 1.8545360161703752, "oscillation_cost": 24.205936745535748, "completition_cost": 0.0, "overshoot_cost": 51.69363320720342, "power_cost": 14.73790877685547, "noise_cost": 14.670012383385517, "n_waypoints_completed": 9, "tot_waypoints": 9}}
{"target": -176.9440185546614, "params": {"k_pid_pos": [1.6633548719292088, 0.02328033147962141, 0.28316262934017383], "k_pid_alt": [2.0, 0.0002324571230386555, 0.01591912792507004], "k_pid_att": [45.32566145538552, 3.3178619405122007, 1.0], "k_pid_yaw": [0.5, 1e-06, 0.1], "k_pid_hsp": [0.14841061389585913, 0.01634959082029028, 0.0], "k_pid_vsp": [64.29788979382347, 72.92185009132344, 3.116332208055571]}, "datetime": {"datetime": "2025-08-20 15:21:35", "elapsed": 12549.998079061508, "delta": 16.41735577583313}, "costs": {"total_cost": 176.9440185546614, "time_cost": 69.328, "final_distance_cost": 1.786616240840436, "oscillation_cost": 31.05230230918165, "completition_cost": 0.0, "overshoot_cost": 50.825352553686045, "power_cost": 12.657840869140626, "noise_cost": 11.293906581812692, "n_waypoints_completed": 9, "tot_waypoints": 9}}
{"target": -177.25270356525448, "params": {"k_pid_pos": [1.0767001425311784, 0.04025979357086585, 0.05604815643074037], "k_pid_alt": [2.0, 0.00034449769857149837, 0.029942118023369418], "k_pid_att": [45.26071259657024, 4.943394896667367, 0.3894102636986417], "k_pid_yaw": [0.5, 1e-06, 0.1], "k_pid_hsp": [0.20172388841007693, 0.05241442504832645, 0.0], "k_pid_vsp": [114.40101704227288, 115.91910155616075, 5.2377009554537155]}, "datetime": {"datetime": "2025-08-20 15:21:52", "elapsed": 12566.78245806694, "delta": 16.78437900543213}, "costs": {"total_cost": 177.25270356525448, "time_cost": 69.424, "final_distance_cost": 1.8336482472673739, "oscillation_cost": 32.318819762330556, "completition_cost": 0.0, "overshoot_cost": 49.72469154290209, "power_cost": 12.553719445800782, "noise_cost": 11.397824566953647, "n_waypoints_completed": 9, "tot_waypoints": 9}}
{"target": -178.5570763720254, "params": {"k_pid_pos": [2.0, 0.014903679882090433, 0.18341918664828247], "k_pid_alt": [2.0, 0.0002693419992154381, 0.019422171397910578], "k_pid_att": [30.19454636819472, 7.722380611880795, 0.5161667750939279], "k_pid_yaw": [0.5, 1e-06, 0.1], "k_pid_hsp": [0.39310717715927485, 0.023679070590687513, 0.0], "k_pid_vsp": [316.69204133835547, 118.6208494478323, 2.506190797849007]}, "datetime": {"datetime": "2025-08-20 15:22:08", "elapsed": 12582.800685882568, "delta": 16.01822781562805}, "costs": {"total_cost": 178.5570763720254, "time_cost": 68.872, "final_distance_cost": 1.7588249044625073, "oscillation_cost": 33.05991987718358, "completition_cost": 0.0, "overshoot_cost": 51.144043166054956, "power_cost": 12.55559979248047, "noise_cost": 11.166688631843865, "n_waypoints_completed": 9, "tot_waypoints": 9}}
{"target": -175.7923188488713, "params": {"k_pid_pos": [1.3106190080298907, 0.015627961593115785, 0.23240979991379151], "k_pid_alt": [2.0, 0.0002862752736221321, 0.05089859454125151], "k_pid_att": [22.21632693339814, 5.032436859322972, 0.8622727554463632], "k_pid_yaw": [0.5, 1e-06, 0.1], "k_pid_hsp": [0.34887268568676816, 0.01865224797469314, 0.0], "k_pid_vsp": [249.01334562828228, 93.73661369768944, 3.1772702116900065]}, "datetime": {"datetime": "2025-08-20 15:22:26", "elapsed": 12600.567451000214, "delta": 17.766765117645264}, "costs": {"total_cost": 175.7923188488713, "time_cost": 69.456, "final_distance_cost": 1.822037614268688, "oscillation_cost": 30.222323386711004, "completition_cost": 0.0, "overshoot_cost": 50.149104039507485, "power_cost": 12.636196960449219, "noise_cost": 11.506656847934929, "n_waypoints_completed": 9, "tot_waypoints": 9}}
{"target": -176.74325318847218, "params": {"k_pid_pos": [1.3565256877605967, 0.02136184427741461, 0.40062973023254456], "k_pid_alt": [2.0, 0.000152582711873261, 0.05030583807471161], "k_pid_att": [35.71470265342163, 7.031152253679785, 0.9321524460748583], "k_pid_yaw": [0.5, 1e-06, 0.1], "k_pid_hsp": [0.5432610581549057, 0.015030353097151346, 0.0], "k_pid_vsp": [230.74193120017244, 110.05869326675516, 5.483871547885741]}, "datetime": {"datetime": "2025-08-20 15:22:43", "elapsed": 12617.555293798447, "delta": 16.987842798233032}, "costs": {"total_cost": 176.74325318847218, "time_cost": 69.808, "final_distance_cost": 1.8477687503453282, "oscillation_cost": 30.111429791701916, "completition_cost": 0.0, "overshoot_cost": 50.30635502987248, "power_cost": 12.922670922851562, "noise_cost": 11.74702869370092, "n_waypoints_completed": 9, "tot_waypoints": 9}}
{"target": -548.148106135253, "params": {"k_pid_pos": [0.9719370210046984, 0.027170192227405226, 0.16986338496233996], "k_pid_alt": [2.0, 0.0002419816363634248, 0.02033374632881519], "k_pid_att": [88.419006913185, 8.48688245663812, 1.0], "k_pid_yaw": [0.5, 1e-06, 0.1], "k_pid_hsp": [0.02309918366619414, 0.022834358630837544, 0.0], "k_pid_vsp": [279.6892316268746, 102.48902437383644, 2.248244542753174]}, "datetime": {"datetime": "2025-08-20 15:23:06", "elapsed": 12641.135374307632, "delta": 23.58008050918579}, "costs": {"total_cost": 548.148106135253, "time_cost": 150, "final_distance_cost": 72.61030112350386, "oscillation_cost": 24.543441945746252, "completition_cost": 222.2222222222222, "overshoot_cost": 47.86987816140513, "power_cost": 16.604395007324218, "noise_cost": 14.297867675051256, "n_waypoints_completed": 7, "tot_waypoints": 9}}
{"target": -176.1096849522856, "params": {"k_pid_pos": [1.6969481134077686, 0.016474182725728943, 0.3378462952101107], "k_pid_alt": [2.0, 0.0002180205636912745, 0.016917344136889115], "k_pid_att": [28.865785527512703, 4.5163307008856535, 1.0], "k_pid_yaw": [0.5, 1e-06, 0.1], "k_pid_hsp": [0.2532435742123771, 0.03661370861368309, 0.0], "k_pid_vsp": [114.20947505938919, 143.9843304606438, 4.117799185075936]}, "datetime": {"datetime": "2025-08-20 15:23:23", "elapsed": 12657.536970376968, "delta": 16.401596069335938}, "costs": {"total_cost": 176.1096849522856, "time_cost": 69.008, "final_distance_cost": 1.8168431969112107, "oscillation_cost": 31.013990554330665, "completition_cost": 0.0, "overshoot_cost": 50.099195531533354, "power_cost": 12.79967176513672, "noise_cost": 11.371983904373637, "n_waypoints_completed": 9, "tot_waypoints": 9}}
{"target": -177.0637736301588, "params": {"k_pid_pos": [1.495363224618295, 0.05520589473925681, 0.15176676667177733], "k_pid_alt": [2.0, 0.0001672563723412443, 0.021824537731943778], "k_pid_att": [29.368739561690578, 4.636346170370616, 0.5987819310993296], "k_pid_yaw": [0.5, 1e-06, 0.1], "k_pid_hsp": [0.4547217531551035, 0.04249776964493926, 0.0], "k_pid_vsp": [111.85896220337052, 87.53127407101913, 5.458629679801905]}, "datetime": {"datetime": "2025-08-20 15:23:39", "elapsed": 12673.765140533447, "delta": 16.228170156478882}, "costs": {"total_cost": 177.0637736301588, "time_cost": 68.992, "final_distance_cost": 1.8151877891216683, "oscillation_cost": 31.89709727670355, "completition_cost": 0.0, "overshoot_cost": 50.10556623922506, "power_cost": 12.810425634765625, "noise_cost": 11.443496690342888, "n_waypoints_completed": 9, "tot_waypoints": 9}}
{"target": -226.70622377323576, "params": {"k_pid_pos": [1.0862170756178777, 0.0318345181783928, 0.24630612681358185], "k_pid_alt": [2.0, 0.00023038335989472643, 0.025842413837072854], "k_pid_att": [42.32478045964479, 5.483605029291449, 0.8244982154464809], "k_pid_yaw": [0.5, 1e-06, 0.1], "k_pid_hsp": [0.18087736512320574, 0.027994719772841598, 0.0], "k_pid_vsp": [0.0, 118.435769730963, 0.6200538276548341]}, "datetime": {"datetime": "2025-08-20 15:24:00", "elapsed": 12694.905704498291, "delta": 21.14056396484375}, "costs": {"total_cost": 226.70622377323576, "time_cost": 91.848, "final_distance_cost": 1.6769399226824078, "oscillation_cost": 43.64931780286261, "completition_cost": 0.0, "overshoot_cost": 59.28825074389243, "power_cost": 17.798739465332034, "noise_cost": 12.444975838466275, "n_waypoints_completed": 9, "tot_waypoints": 9}}
{"target": -173.8919507118108, "params": {"k_pid_pos": [0.9446530074039564, 0.03298467079424836, 0.31244391699102253], "k_pid_alt": [1.8466380123110915, 0.00015999276944654502, 0.025293875502783822], "k_pid_att": [26.41160082826274, 3.9366312867518847, 0.2755872513530166], "k_pid_yaw": [0.5, 1e-06, 0.1], "k_pid_hsp": [0.2788464337270869, 0.040847403107226614, 0.0], "k_pid_vsp": [125.27943185841964, 100.20853651205307, 2.3220674371960355]}, "datetime": {"datetime": "2025-08-20 15:24:16", "elapsed": 12710.622954368591, "delta": 15.717249870300293}, "costs": {"total_cost": 173.8919507118108, "time_cost": 70.32000000000001, "final_distance_cost": 1.8512481797333211, "oscillation_cost": 27.63814953716951, "completition_cost": 0.0, "overshoot_cost": 49.62124233257382, "power_cost": 12.658681591796876, "noise_cost": 11.802629070537266, "n_waypoints_completed": 9, "tot_waypoints": 9}}
{"target": -175.61683734933717, "params": {"k_pid_pos": [1.25144133555686, 0.043148374086229076, 0.1780733206976343], "k_pid_alt": [1.5666889734638954, 0.00020558356947148867, 0.047445330657512115], "k_pid_att": [45.45094689559255, 4.185084053898229, 0.8756341586194717], "k_pid_yaw": [0.5, 1e-06, 0.1], "k_pid_hsp": [0.3906347638209397, 0.01971303395657947, 0.0], "k_pid_vsp": [51.921989274502, 143.67234413651104, 2.76313576544565]}, "datetime": {"datetime": "2025-08-20 15:24:32", "elapsed": 12727.340336799622, "delta": 16.717382431030273}, "costs": {"total_cost": 175.61683734933717, "time_cost": 69.08800000000001, "final_distance_cost": 1.8186242645027493, "oscillation_cost": 30.965946969010147, "completition_cost": 0.0, "overshoot_cost": 49.94154106276707, "power_cost": 12.474410510253907, "noise_cost": 11.328314542803291, "n_waypoints_completed": 9, "tot_waypoints": 9}}
{"target": -178.97327857207512, "params": {"k_pid_pos": [1.0825037597573457, 0.023417607728463737, 0.19059341357359838], "k_pid_alt": [0.6605720661480986, 0.00016321117753251396, 0.027935435178976235], "k_pid_att": [37.277198198921916, 6.680130865022387, 1.0], "k_pid_yaw": [0.5, 1e-06, 0.1], "k_pid_hsp": [0.3799391580094276, 0.008746727928255765, 0.0], "k_pid_vsp": [296.64516256251443, 69.86426435770916, 1.8326812827991088]}, "datetime": {"datetime": "2025-08-20 15:24:51", "elapsed": 12746.05794453621, "delta": 18.717607736587524}, "costs": {"total_cost": 178.97327857207512, "time_cost": 73.19200000000001, "final_distance_cost": 1.8391804088676849, "oscillation_cost": 29.493917823121098, "completition_cost": 0.0, "overshoot_cost": 49.817555253476, "power_cost": 12.880115722656251, "noise_cost": 11.750509363954093, "n_waypoints_completed": 9, "tot_waypoints": 9}}
{"target": -197.2831107792005, "params": {"k_pid_pos": [0.7084564194298899, 0.024698371574041294, 0.18373261413557232], "k_pid_alt": [0.37487282364837676, 0.0001940966141453778, 0.03173362369376261], "k_pid_att": [37.511132091508124, 0.5826892317013751, 0.9354544797095389], "k_pid_yaw": [0.5, 1e-06, 0.1], "k_pid_hsp": [0.1435028326978627, 0.04208968345012764, 0.0], "k_pid_vsp": [275.00654419329277, 157.69576691666072, 3.1574390621075565]}, "datetime": {"datetime": "2025-08-20 15:25:12", "elapsed": 12767.492129087448, "delta": 21.434184551239014}, "costs": {"total_cost": 197.2831107792005, "time_cost": 87.06400000000001, "final_distance_cost": 1.8605868619613812, "oscillation_cost": 28.32333167768299, "completition_cost": 0.0, "overshoot_cost": 50.77492805579897, "power_cost": 15.3924318359375, "noise_cost": 13.867832347819661, "n_waypoints_completed": 9, "tot_waypoints": 9}}
{"target": -174.7897750219448, "params": {"k_pid_pos": [1.1732689265750615, 0.02604704640086926, 0.30439647532163866], "k_pid_alt": [1.7414074293426645, 0.0002228149910100978, 0.026120350742633344], "k_pid_att": [28.979243261272046, 5.58425189551156, 0.8458090730585969], "k_pid_yaw": [0.5, 1e-06, 0.1], "k_pid_hsp": [0.20827836307278833, 0.026458178038262014, 0.0], "k_pid_vsp": [180.98938601019586, 80.2204159891733, 2.3696324260198924]}, "datetime": {"datetime": "2025-08-20 15:25:30", "elapsed": 12784.743109464645, "delta": 17.250980377197266}, "costs": {"total_cost": 174.7897750219448, "time_cost": 69.624, "final_distance_cost": 1.8270315219897748, "oscillation_cost": 28.713609711578446, "completition_cost": 0.0, "overshoot_cost": 50.37161256826962, "power_cost": 12.664007946777344, "noise_cost": 11.589513273329617, "n_waypoints_completed": 9, "tot_waypoints": 9}}
{"target": -1197.517530647349, "params": {"k_pid_pos": [0.0001, 0.01934967783540401, 0.3993399037537501], "k_pid_alt": [2.0, 0.00010097667445992868, 0.0], "k_pid_att": [44.86650179312998, 4.067001697823459, 0.7859059101806406], "k_pid_yaw": [0.5, 1e-06, 0.1], "k_pid_hsp": [0.22280141761389974, 0.022473427713775557, 0.0], "k_pid_vsp": [111.86255769660329, 118.13657648670119, 1.4725957427006715]}, "datetime": {"datetime": "2025-08-20 15:25:53", "elapsed": 12807.794401407242, "delta": 23.051291942596436}, "costs": {"total_cost": 1197.517530647349, "time_cost": 150, "final_distance_cost": 45.39028206589776, "oscillation_cost": 0.39692992485505535, "completition_cost": 888.8888888888888, "overshoot_cost": 84.74201344534224, "power_cost": 14.538753918457031, "noise_cost": 13.560662403908054, "n_waypoints_completed": 1, "tot_waypoints": 9}}
{"target": -177.76077273841207, "params": {"k_pid_pos": [0.8589876013983954, 0.01779054484506928, 0.31852666930499235], "k_pid_alt": [1.449806878022392, 0.00011246582518994361, 0.015817786297723607], "k_pid_att": [61.341039413130886, 2.908743149036249, 1.0], "k_pid_yaw": [0.5, 1e-06, 0.1], "k_pid_hsp": [0.38957583292512793, 0.02575789638301665, 0.0], "k_pid_vsp": [152.02610022985684, 214.18187399389612, 3.492644147892509]}, "datetime": {"datetime": "2025-08-20 15:26:11", "elapsed": 12825.513711690903, "delta": 17.71931028366089}, "costs": {"total_cost": 177.76077273841207, "time_cost": 73.184, "final_distance_cost": 1.8541677557108678, "oscillation_cost": 27.781094910267846, "completition_cost": 0.0, "overshoot_cost": 50.01533116499971, "power_cost": 12.790058215332031, "noise_cost": 12.136120692101628, "n_waypoints_completed": 9, "tot_waypoints": 9}}
{"target": -177.99585699306556, "params": {"k_pid_pos": [1.259435698817084, 0.014758146738793916, 0.29955462991964604], "k_pid_alt": [0.7776003780847177, 0.00014849344458496287, 0.041790534382040355], "k_pid_att": [60.71624133282544, 5.541720124936702, 0.651478825664865], "k_pid_yaw": [0.5, 1e-06, 0.1], "k_pid_hsp": [0.3630328304752488, 0.037648082633058126, 0.0], "k_pid_vsp": [213.86156037522167, 98.68006544939233, 2.673305153695861]}, "datetime": {"datetime": "2025-08-20 15:26:28", "elapsed": 12842.595913887024, "delta": 17.082202196121216}, "costs": {"total_cost": 177.99585699306556, "time_cost": 71.248, "final_distance_cost": 1.8367608757176301, "oscillation_cost": 30.539567230431672, "completition_cost": 0.0, "overshoot_cost": 49.92110452154715, "power_cost": 12.824107824707031, "noise_cost": 11.626316540662048, "n_waypoints_completed": 9, "tot_waypoints": 9}}
{"target": -190.62781283522366, "params": {"k_pid_pos": [1.0326539883531123, 0.04071361590957869, 0.09996396110202214], "k_pid_alt": [2.0, 0.00018064260741864846, 0.06494332588254827], "k_pid_att": [17.420322860628357, 4.564593515633795, 0.7320156152352307], "k_pid_yaw": [0.5, 1e-06, 0.1], "k_pid_hsp": [0.38412937808825526, 0.06007120746892459, 0.0], "k_pid_vsp": [0.0, 40.21516248204403, 2.3819861803772113]}, "datetime": {"datetime": "2025-08-20 15:26:46", "elapsed": 12861.380591154099, "delta": 18.784677267074585}, "costs": {"total_cost": 190.62781283522366, "time_cost": 75.44, "final_distance_cost": 1.8429362909054174, "oscillation_cost": 33.124168681635005, "completition_cost": 0.0, "overshoot_cost": 54.11227320095756, "power_cost": 13.670564013671875, "noise_cost": 12.437870648053808, "n_waypoints_completed": 9, "tot_waypoints": 9}}
{"target": -189.9385352519736, "params": {"k_pid_pos": [0.8192025508389401, 0.02257841568258334, 0.21294508303703355], "k_pid_alt": [1.4308839573720251, 0.00011874909537594294, 0.03200767119423493], "k_pid_att": [20.98099040837411, 6.281896983402574, 1.0], "k_pid_yaw": [0.5, 1e-06, 0.1], "k_pid_hsp": [0.27906836036293703, 0.038051067322118236, 0.0], "k_pid_vsp": [0.0, 126.11898922370737, 2.897828945880736]}, "datetime": {"datetime": "2025-08-20 15:27:05", "elapsed": 12879.948052883148, "delta": 18.567461729049683}, "costs": {"total_cost": 189.9385352519736, "time_cost": 75.208, "final_distance_cost": 1.7675697407964504, "oscillation_cost": 37.236391789711625, "completition_cost": 0.0, "overshoot_cost": 50.52995574411953, "power_cost": 14.393217272949219, "noise_cost": 10.803400704396791, "n_waypoints_completed": 9, "tot_waypoints": 9}}
{"target": -175.9633162128108, "params": {"k_pid_pos": [1.6523419109004907, 0.008567571504214664, 0.3184409063603651], "k_pid_alt": [1.372461185808408, 0.00019858063557701624, 0.03193172707399314], "k_pid_att": [39.20220511721587, 6.34591168268605, 1.0], "k_pid_yaw": [0.5, 1e-06, 0.1], "k_pid_hsp": [0.36769837307391673, 0.05588426635273852, 0.0], "k_pid_vsp": [164.0932595113396, 60.59283932580693, 1.3890881028800344]}, "datetime": {"datetime": "2025-08-20 15:27:22", "elapsed": 12896.632355213165, "delta": 16.68430233001709}, "costs": {"total_cost": 175.9633162128108, "time_cost": 68.792, "final_distance_cost": 1.819230400391381, "oscillation_cost": 32.09173182077449, "completition_cost": 0.0, "overshoot_cost": 49.56821494886594, "power_cost": 12.417986926269531, "noise_cost": 11.27415211650948, "n_waypoints_completed": 9, "tot_waypoints": 9}}
{"target": -173.9768324466284, "params": {"k_pid_pos": [1.2654298403524715, 0.010364153297160348, 0.3061453780517492], "k_pid_alt": [1.2831252802538755, 0.00014797934916101346, 0.032997089612210095], "k_pid_att": [20.190753656910907, 2.771446612058283, 1.0], "k_pid_yaw": [0.5, 1e-06, 0.1], "k_pid_hsp": [0.3508029305122788, 0.025173347339024654, 0.0], "k_pid_vsp": [51.2216667388821, 88.42807142377579, 1.3501094447288633]}, "datetime": {"datetime": "2025-08-20 15:27:39", "elapsed": 12913.614479064941, "delta": 16.982123851776123}, "costs": {"total_cost": 173.9768324466284, "time_cost": 69.08, "final_distance_cost": 1.843168887800346, "oscillation_cost": 30.02409279498171, "completition_cost": 0.0, "overshoot_cost": 49.155986024962665, "power_cost": 12.508883911132813, "noise_cost": 11.364700827750875, "n_waypoints_completed": 9, "tot_waypoints": 9}}
{"target": -176.1155423717205, "params": {"k_pid_pos": [1.0852767949613475, 0.00172468332028452, 0.2515907717924046], "k_pid_alt": [1.12185146171298, 3.6077296344601047e-05, 0.01700561945971504], "k_pid_att": [51.04757727981997, 3.87149753580024, 1.0], "k_pid_yaw": [0.5, 1e-06, 0.1], "k_pid_hsp": [0.6015726605338483, 0.03803487704171762, 0.0], "k_pid_vsp": [195.1771203955833, 75.34771021158467, 1.7925175431476028]}, "datetime": {"datetime": "2025-08-20 15:27:56", "elapsed": 12931.217300653458, "delta": 17.602821588516235}, "costs": {"total_cost": 176.1155423717205, "time_cost": 70.32000000000001, "final_distance_cost": 1.8435230492563404, "oscillation_cost": 29.637583832934876, "completition_cost": 0.0, "overshoot_cost": 50.226889904166526, "power_cost": 12.347643054199219, "noise_cost": 11.739902531163548, "n_waypoints_completed": 9, "tot_waypoints": 9}}
{"target": -175.39424365042112, "params": {"k_pid_pos": [1.3116354343491787, 0.039590884283333655, 0.04126999786773883], "k_pid_alt": [1.8064476271900247, 0.00024228144583071664, 0.06688163734496895], "k_pid_att": [30.24790505389087, 2.2681448244165483, 0.3252592931268872], "k_pid_yaw": [0.5, 1e-06, 0.1], "k_pid_hsp": [0.4190763902602521, 0.03432697769293126, 0.0], "k_pid_vsp": [183.50139937672125, 156.35553459487406, 2.5585289318729294]}, "datetime": {"datetime": "2025-08-20 15:28:12", "elapsed": 12947.367646932602, "delta": 16.150346279144287}, "costs": {"total_cost": 175.39424365042112, "time_cost": 68.60000000000001, "final_distance_cost": 1.7902981331670726, "oscillation_cost": 31.079785807889866, "completition_cost": 0.0, "overshoot_cost": 50.47907557844424, "power_cost": 12.319363708496095, "noise_cost": 11.12572042242385, "n_waypoints_completed": 9, "tot_waypoints": 9}}
