{"target": -199.9677721407259, "params": {"k_pid_pos": [0.3123996490740661, 0.0028675346404982787, 0.011424178500587944], "k_pid_alt": [1.8064525702577967, 0.00011505904193736466, 0.0018644228246543423], "k_pid_att": [43.80845239931819, 5.806980812455072, 0.802466518042554], "k_pid_yaw": [0.5, 1e-06, 0.1], "k_pid_hsp": [0.08797876354020188, 0.010935341693267755, 0.0], "k_pid_vsp": [385.0340715114505, 200.56855555160573, 0.662807018359445]}, "datetime": {"datetime": "2025-08-20 17:43:46", "elapsed": 21081.29483985901, "delta": 21.411804914474487}, "costs": {"total_cost": 199.9677721407259, "time_cost": 95.304, "final_distance_cost": 1.8628626300649775, "oscillation_cost": 16.321163516392478, "completition_cost": 0.0, "overshoot_cost": 53.03496849402567, "power_cost": 15.950345043945314, "noise_cost": 17.494432456297492, "n_waypoints_completed": 9, "tot_waypoints": 9}}
{"target": -195.8468348227152, "params": {"k_pid_pos": [0.28609583528281207, 0.002110285702372055, 0.012031392520069123], "k_pid_alt": [1.8190365939645803, 0.00018427519783985693, 0.0011884660316541279], "k_pid_att": [40.38520606644201, 9.121769366480967, 0.6461420410452797], "k_pid_yaw": [0.5, 1e-06, 0.1], "k_pid_hsp": [0.1346807411799074, 0.0030005617395721744, 0.0], "k_pid_vsp": [231.07317697623773, 154.57397257435386, 0.7222421735269983]}, "datetime": {"datetime": "2025-08-20 17:44:07", "elapsed": 21102.427257299423, "delta": 21.13241744041443}, "costs": {"total_cost": 195.8468348227152, "time_cost": 93.072, "final_distance_cost": 1.8609222234299072, "oscillation_cost": 16.4776715192081, "completition_cost": 0.0, "overshoot_cost": 53.999570180339326, "power_cost": 14.442761450195313, "noise_cost": 15.993909449542542, "n_waypoints_completed": 9, "tot_waypoints": 9}}
{"target": -169.4062673676702, "params": {"k_pid_pos": [0.6181553951335222, 0.0016212590930588463, 0.015538808845300284], "k_pid_alt": [2.0, 0.00010504769827134936, 0.002409175269069941], "k_pid_att": [44.62445638902091, 8.984552300814054, 0.6332255610642868], "k_pid_yaw": [0.5, 1e-06, 0.1], "k_pid_hsp": [0.09490224420246467, 0.006609647591151285, 0.0], "k_pid_vsp": [189.44683577672197, 194.63551626866663, 0.6249282834226498]}, "datetime": {"datetime": "2025-08-20 17:44:25", "elapsed": 21119.531949043274, "delta": 17.104691743850708}, "costs": {"total_cost": 169.4062673676702, "time_cost": 71.376, "final_distance_cost": 1.8142730041087674, "oscillation_cost": 21.824833089675206, "completition_cost": 0.0, "overshoot_cost": 51.04411824485558, "power_cost": 11.966694787597657, "noise_cost": 11.380348241432978, "n_waypoints_completed": 9, "tot_waypoints": 9}}
{"target": -169.29328891538486, "params": {"k_pid_pos": [0.6083569362977045, 0.0029270566274756625, 0.0193415176457505], "k_pid_alt": [2.0, 0.0001297949287736874, 0.0022713388051451406], "k_pid_att": [27.725936026418605, 8.839828657557277, 0.4423353668757619], "k_pid_yaw": [0.5, 1e-06, 0.1], "k_pid_hsp": [0.10341481008207998, 0.006724505829004625, 0.0], "k_pid_vsp": [400.0, 166.29646569681066, 0.3123508545550542]}, "datetime": {"datetime": "2025-08-20 17:44:42", "elapsed": 21137.330478429794, "delta": 17.798529386520386}, "costs": {"total_cost": 169.29328891538486, "time_cost": 71.336, "final_distance_cost": 1.8293581104448229, "oscillation_cost": 22.538588173688442, "completition_cost": 0.0, "overshoot_cost": 50.54423574845185, "power_cost": 11.669384545898438, "noise_cost": 11.375722336901296, "n_waypoints_completed": 9, "tot_waypoints": 9}}
{"target": -178.38507498115368, "params": {"k_pid_pos": [0.4826946440158266, 0.002583152518816148, 0.013926218592310047], "k_pid_alt": [1.936226476524934, 0.00010219152079237164, 0.004126342605261082], "k_pid_att": [32.21400007868067, 8.204449577678247, 0.7772059234555625], "k_pid_yaw": [0.5, 1e-06, 0.1], "k_pid_hsp": [0.1729978283763003, 0.009418110108254463, 0.0], "k_pid_vsp": [294.41395722798705, 45.506470676913956, 0.8914930397453702]}, "datetime": {"datetime": "2025-08-20 17:45:02", "elapsed": 21156.97034215927, "delta": 19.63986372947693}, "costs": {"total_cost": 178.38507498115368, "time_cost": 76.112, "final_distance_cost": 1.8560179150604168, "oscillation_cost": 23.189640931386943, "completition_cost": 0.0, "overshoot_cost": 51.54981290519134, "power_cost": 12.887396264648437, "noise_cost": 12.79020696486654, "n_waypoints_completed": 9, "tot_waypoints": 9}}
{"target": -179.7580599331518, "params": {"k_pid_pos": [0.443328462678066, 0.0024227287315468494, 0.010079492279515918], "k_pid_alt": [1.321927229894335, 9.246545550598967e-05, 0.0044536337974659035], "k_pid_att": [43.58920272003494, 7.0651536433162905, 0.8208465798066354], "k_pid_yaw": [0.5, 1e-06, 0.1], "k_pid_hsp": [0.16945661939043374, 0.007502238234396803, 0.0], "k_pid_vsp": [400.0, 144.46015201454634, 0.5505074655342553]}, "datetime": {"datetime": "2025-08-20 17:45:19", "elapsed": 21174.46078491211, "delta": 17.490442752838135}, "costs": {"total_cost": 179.7580599331518, "time_cost": 77.83200000000001, "final_distance_cost": 1.8530822536355236, "oscillation_cost": 22.664654524935013, "completition_cost": 0.0, "overshoot_cost": 51.41216030852772, "power_cost": 13.0448826171875, "noise_cost": 12.951280228866025, "n_waypoints_completed": 9, "tot_waypoints": 9}}
{"target": -169.83606072626682, "params": {"k_pid_pos": [0.5690619280858883, 0.0025685498733088144, 0.010622699371584415], "k_pid_alt": [1.8862516197282593, 0.00011598163569776447, 0.0025276764478294137], "k_pid_att": [33.56601693548851, 5.196480824662814, 0.5705029433116883], "k_pid_yaw": [0.5, 1e-06, 0.1], "k_pid_hsp": [0.11004365755005856, 0.010318126840223483, 0.0], "k_pid_vsp": [283.94279776865864, 250.4947629695151, 0.7047906864689248]}, "datetime": {"datetime": "2025-08-20 17:45:35", "elapsed": 21190.41387319565, "delta": 15.953088283538818}, "costs": {"total_cost": 169.83606072626682, "time_cost": 71.32000000000001, "final_distance_cost": 1.8364807926583324, "oscillation_cost": 22.294625983892786, "completition_cost": 0.0, "overshoot_cost": 50.73947137931567, "power_cost": 12.089352111816407, "noise_cost": 11.556130458583613, "n_waypoints_completed": 9, "tot_waypoints": 9}}
{"target": -170.95743458743885, "params": {"k_pid_pos": [0.7189261911523275, 0.0024630305526319365, 0.008356452177215389], "k_pid_alt": [2.0, 7.094427504232398e-05, 0.0017130868443098676], "k_pid_att": [17.675958356377013, 6.903531609635198, 0.7271287983761775], "k_pid_yaw": [0.5, 1e-06, 0.1], "k_pid_hsp": [0.0891822969706609, 0.009998746623350055, 0.0], "k_pid_vsp": [268.1706879960821, 237.15740997336056, 0.7170087057248885]}, "datetime": {"datetime": "2025-08-20 17:45:52", "elapsed": 21206.67945599556, "delta": 16.2655827999115}, "costs": {"total_cost": 170.95743458743885, "time_cost": 71.24, "final_distance_cost": 1.7955684455082284, "oscillation_cost": 24.513429006198958, "completition_cost": 0.0, "overshoot_cost": 49.87285342434303, "power_cost": 12.308538793945313, "noise_cost": 11.22704491744336, "n_waypoints_completed": 9, "tot_waypoints": 9}}
{"target": -170.5121322543908, "params": {"k_pid_pos": [0.48959847813742646, 0.0031966952431311813, 0.01374232889066007], "k_pid_alt": [1.8463178614792193, 0.00018560805392437373, 0.00010176949370149523], "k_pid_att": [33.9108199004062, 9.895133055732135, 0.6967657907510748], "k_pid_yaw": [0.5, 1e-06, 0.1], "k_pid_hsp": [0.10444705030954833, 0.008157543938051489, 0.0], "k_pid_vsp": [382.35531491619435, 246.81158576759117, 0.3265623332868984]}, "datetime": {"datetime": "2025-08-20 17:46:07", "elapsed": 21222.41265821457, "delta": 15.7332022190094}, "costs": {"total_cost": 170.5121322543908, "time_cost": 72.816, "final_distance_cost": 1.8452643906111157, "oscillation_cost": 20.46812978080725, "completition_cost": 0.0, "overshoot_cost": 50.97659040451023, "power_cost": 12.47823426513672, "noise_cost": 11.927913413325484, "n_waypoints_completed": 9, "tot_waypoints": 9}}
{"target": -180.0918562008039, "params": {"k_pid_pos": [0.4153383110783557, 0.0020485828614399144, 0.012501086212432849], "k_pid_alt": [2.0, 4.160711284751584e-05, 0.0023444503716596302], "k_pid_att": [26.797692576709597, 4.37295660595191, 0.5868317051870969], "k_pid_yaw": [0.5, 1e-06, 0.1], "k_pid_hsp": [0.13104540472341164, 0.014979869721893954, 0.0], "k_pid_vsp": [198.2055284623019, 173.4247115472131, 0.8324745539426989]}, "datetime": {"datetime": "2025-08-20 17:46:26", "elapsed": 21240.634582281113, "delta": 18.22192406654358}, "costs": {"total_cost": 180.0918562008039, "time_cost": 79.104, "final_distance_cost": 1.8638341863038597, "oscillation_cost": 21.403653216957466, "completition_cost": 0.0, "overshoot_cost": 50.936785529371726, "power_cost": 13.152864367675782, "noise_cost": 13.630718900495065, "n_waypoints_completed": 9, "tot_waypoints": 9}}
{"target": -170.24126305404877, "params": {"k_pid_pos": [0.5971071450081177, 0.003082557461625003, 0.011383490324716652], "k_pid_alt": [2.0, 0.00011259268590474158, 0.0020148107365002446], "k_pid_att": [34.45642110427679, 7.328964049347398, 0.33682112474797893], "k_pid_yaw": [0.5, 1e-06, 0.1], "k_pid_hsp": [0.14111325221143348, 0.009529032751070232, 0.0], "k_pid_vsp": [326.9883150487642, 252.41396845880593, 0.4522492092167538]}, "datetime": {"datetime": "2025-08-20 17:46:41", "elapsed": 21256.34337234497, "delta": 15.708790063858032}, "costs": {"total_cost": 170.24126305404877, "time_cost": 71.32000000000001, "final_distance_cost": 1.8388380471161685, "oscillation_cost": 23.453851859068795, "completition_cost": 0.0, "overshoot_cost": 50.34768251167668, "power_cost": 11.880140747070312, "noise_cost": 11.400749889116817, "n_waypoints_completed": 9, "tot_waypoints": 9}}
{"target": -170.36948035902992, "params": {"k_pid_pos": [0.7172503130695406, 0.0033758166884684158, 0.015540713255557448], "k_pid_alt": [1.9356278918601335, 0.00010852531767323554, 0.0021920058080330987], "k_pid_att": [39.27263751570832, 8.804050761371352, 0.5879502886184477], "k_pid_yaw": [0.5, 1e-06, 0.1], "k_pid_hsp": [0.14029190646923903, 0.006281450977372309, 0.0], "k_pid_vsp": [289.303396044736, 143.1748759294719, 1.2570911376266365]}, "datetime": {"datetime": "2025-08-20 17:46:58", "elapsed": 21272.851947784424, "delta": 16.508575439453125}, "costs": {"total_cost": 170.36948035902992, "time_cost": 70.432, "final_distance_cost": 1.8114087009547362, "oscillation_cost": 24.504813512171193, "completition_cost": 0.0, "overshoot_cost": 50.53313637357655, "power_cost": 11.80033514404297, "noise_cost": 11.287786628284463, "n_waypoints_completed": 9, "tot_waypoints": 9}}
{"target": -170.16846962324036, "params": {"k_pid_pos": [0.6287644421639338, 0.0035837662104248277, 0.012195920034871535], "k_pid_alt": [2.0, 0.00013568950781556624, 0.00013957631623180843], "k_pid_att": [40.43028895526194, 7.730342802231587, 1.0], "k_pid_yaw": [0.5, 1e-06, 0.1], "k_pid_hsp": [0.12851792355349592, 0.008436235271397688, 0.0], "k_pid_vsp": [323.9756406010242, 295.66568405116794, 0.6675291862904361]}, "datetime": {"datetime": "2025-08-20 17:47:14", "elapsed": 21288.964495897293, "delta": 16.112548112869263}, "costs": {"total_cost": 170.16846962324036, "time_cost": 70.816, "final_distance_cost": 1.820638244281073, "oscillation_cost": 23.897146243326166, "completition_cost": 0.0, "overshoot_cost": 50.13322101074982, "power_cost": 12.067433544921876, "noise_cost": 11.43403057996142, "n_waypoints_completed": 9, "tot_waypoints": 9}}
{"target": -172.70846125772573, "params": {"k_pid_pos": [0.8890732249451139, 0.003031278804064582, 0.014115960590187396], "k_pid_alt": [1.6100645623276761, 0.0001438334249995987, 0.004418827989845158], "k_pid_att": [29.0122863082332, 10.0, 0.5073909748054656], "k_pid_yaw": [0.5, 1e-06, 0.1], "k_pid_hsp": [0.10784766449478782, 0.010167188171500243, 0.0], "k_pid_vsp": [303.9905040534169, 112.20230993089679, 0.5401910464605654]}, "datetime": {"datetime": "2025-08-20 17:47:29", "elapsed": 21304.047181606293, "delta": 15.082685708999634}, "costs": {"total_cost": 172.70846125772573, "time_cost": 70.008, "final_distance_cost": 1.8105047634654143, "oscillation_cost": 27.096727843528768, "completition_cost": 0.0, "overshoot_cost": 50.47474090705082, "power_cost": 12.178222790527345, "noise_cost": 11.140264953153377, "n_waypoints_completed": 9, "tot_waypoints": 9}}
{"target": -169.64232862773977, "params": {"k_pid_pos": [0.6916848128606209, 0.004901279596061563, 0.016198506731943164], "k_pid_alt": [1.9512760832258949, 0.0001336280979717213, 0.007555174953517049], "k_pid_att": [38.15207950095782, 9.915397239507312, 0.8041339642686705], "k_pid_yaw": [0.5, 1e-06, 0.1], "k_pid_hsp": [0.09974838765936735, 0.008967556070622917, 0.0], "k_pid_vsp": [356.42845490952374, 247.3363270776679, 0.8774065034624335]}, "datetime": {"datetime": "2025-08-20 17:47:46", "elapsed": 21321.474447250366, "delta": 17.427265644073486}, "costs": {"total_cost": 169.64232862773977, "time_cost": 70.688, "final_distance_cost": 1.8106466016210592, "oscillation_cost": 23.903587999278844, "completition_cost": 0.0, "overshoot_cost": 50.212567381685496, "power_cost": 11.880805041503907, "noise_cost": 11.146721603650473, "n_waypoints_completed": 9, "tot_waypoints": 9}}
{"target": -170.5818647943458, "params": {"k_pid_pos": [0.5609465458721576, 0.0022271730282178354, 0.011417869648046919], "k_pid_alt": [2.0, 9.947769536278986e-05, 0.004400722603656892], "k_pid_att": [34.12457614728979, 10.0, 0.4819087173859094], "k_pid_yaw": [0.5, 1e-06, 0.1], "k_pid_hsp": [0.07763811594272736, 0.006917804558512465, 0.0], "k_pid_vsp": [370.47944698456496, 147.7834728176986, 0.5971807729671315]}, "datetime": {"datetime": "2025-08-20 17:48:03", "elapsed": 21337.538303136826, "delta": 16.06385588645935}, "costs": {"total_cost": 170.5818647943458, "time_cost": 73.248, "final_distance_cost": 1.7969667433600904, "oscillation_cost": 20.166776780672787, "completition_cost": 0.0, "overshoot_cost": 51.60463456454668, "power_cost": 12.142210034179689, "noise_cost": 11.623276671586527, "n_waypoints_completed": 9, "tot_waypoints": 9}}
{"target": -169.41042249482555, "params": {"k_pid_pos": [0.6979141387905922, 0.005449041798196397, 0.011831643868116673], "k_pid_alt": [1.7554149339913596, 9.903148126223631e-05, 0.004418160347605344], "k_pid_att": [42.31520973092622, 7.514314192997453, 0.4285979454767039], "k_pid_yaw": [0.5, 1e-06, 0.1], "k_pid_hsp": [0.106880543401789, 0.00929065878842074, 0.0], "k_pid_vsp": [349.1400119403902, 249.51415545084888, 0.9477120032393817]}, "datetime": {"datetime": "2025-08-20 17:48:18", "elapsed": 21353.288529396057, "delta": 15.750226259231567}, "costs": {"total_cost": 169.41042249482555, "time_cost": 70.384, "final_distance_cost": 1.799710613143012, "oscillation_cost": 23.89417085241816, "completition_cost": 0.0, "overshoot_cost": 50.60393312993883, "power_cost": 11.653041528320314, "noise_cost": 11.075566371005275, "n_waypoints_completed": 9, "tot_waypoints": 9}}
{"target": -169.91462212657592, "params": {"k_pid_pos": [0.5232274110675982, 0.0029449378691411873, 0.014381459370242612], "k_pid_alt": [1.522052633842633, 0.00010480090926443176, 0.006907851384636184], "k_pid_att": [42.02197079694029, 7.117000601636216, 0.581569998513082], "k_pid_yaw": [0.5, 1e-06, 0.1], "k_pid_hsp": [0.1088512768735473, 0.004320521455655976, 0.0], "k_pid_vsp": [227.02991502589347, 158.84585481268337, 0.45745157736784475]}, "datetime": {"datetime": "2025-08-20 17:48:35", "elapsed": 21369.64064335823, "delta": 16.352113962173462}, "costs": {"total_cost": 169.91462212657592, "time_cost": 72.48, "final_distance_cost": 1.8253763282161624, "oscillation_cost": 20.739047634347113, "completition_cost": 0.0, "overshoot_cost": 51.25746147963491, "power_cost": 11.991428784179687, "noise_cost": 11.621307900198055, "n_waypoints_completed": 9, "tot_waypoints": 9}}
{"target": -169.57588703809844, "params": {"k_pid_pos": [0.6655399776138751, 0.0035150512262545164, 0.007391125370630177], "k_pid_alt": [1.8812225395505848, 0.00012341811637721893, 0.002777380139235989], "k_pid_att": [50.93744083002897, 9.051814509001227, 0.3945012242470744], "k_pid_yaw": [0.5, 1e-06, 0.1], "k_pid_hsp": [0.1314369975830283, 0.005097078816090551, 0.0], "k_pid_vsp": [207.54098510897927, 129.23641041992943, 0.6771987829610245]}, "datetime": {"datetime": "2025-08-20 17:48:50", "elapsed": 21384.88742542267, "delta": 15.246782064437866}, "costs": {"total_cost": 169.57588703809844, "time_cost": 70.752, "final_distance_cost": 1.8148940261634958, "oscillation_cost": 23.73147827956977, "completition_cost": 0.0, "overshoot_cost": 50.45574953120739, "power_cost": 11.591051965332031, "noise_cost": 11.23071323582574, "n_waypoints_completed": 9, "tot_waypoints": 9}}
{"target": -172.86359971613211, "params": {"k_pid_pos": [0.384489557112259, 0.003558084963675554, 0.007085483238930719], "k_pid_alt": [1.797084268322856, 0.00010910642599829287, 0.0028262507532929794], "k_pid_att": [53.42864724896896, 8.85830192686707, 0.5841049671577047], "k_pid_yaw": [0.5, 1e-06, 0.1], "k_pid_hsp": [0.0998410330794584, 0.004958212677544671, 0.0], "k_pid_vsp": [334.8436460105301, 238.8314070711102, 0.7271819038281616]}, "datetime": {"datetime": "2025-08-20 17:49:09", "elapsed": 21404.19289112091, "delta": 19.305465698242188}, "costs": {"total_cost": 172.86359971613211, "time_cost": 76.688, "final_distance_cost": 1.8504726845218586, "oscillation_cost": 17.371035935114392, "completition_cost": 0.0, "overshoot_cost": 51.871330138099786, "power_cost": 12.526937658691407, "noise_cost": 12.555823299704683, "n_waypoints_completed": 9, "tot_waypoints": 9}}
{"target": -170.5118503791765, "params": {"k_pid_pos": [0.7157921605940195, 0.0029963015140329063, 0.013747339722467352], "k_pid_alt": [1.9465066151151476, 0.00012406675705870169, 0.005191789701564309], "k_pid_att": [48.12022755550162, 5.596493970151219, 0.7236543053539363], "k_pid_yaw": [0.5, 1e-06, 0.1], "k_pid_hsp": [0.1298860112657036, 0.0024853075899041867, 0.0], "k_pid_vsp": [222.42057415116537, 210.1004603261982, 0.4632676637952775]}, "datetime": {"datetime": "2025-08-20 17:49:28", "elapsed": 21422.9364733696, "delta": 18.743582248687744}, "costs": {"total_cost": 170.5118503791765, "time_cost": 70.544, "final_distance_cost": 1.8149641881090968, "oscillation_cost": 23.860007579861065, "completition_cost": 0.0, "overshoot_cost": 50.59267151359276, "power_cost": 12.300991540527344, "noise_cost": 11.399215557086237, "n_waypoints_completed": 9, "tot_waypoints": 9}}
{"target": -169.9389218563948, "params": {"k_pid_pos": [0.6092060800414171, 0.0021059629065792915, 0.013546149435729985], "k_pid_alt": [1.5037054359349415, 0.00012664874700286474, 0.002051617825668666], "k_pid_att": [37.37095537861135, 6.229481958408083, 0.7019022588135911], "k_pid_yaw": [0.5, 1e-06, 0.1], "k_pid_hsp": [0.09134440007744127, 0.011324731235562185, 0.0], "k_pid_vsp": [197.79255139194416, 192.61176889991486, 0.42063744247887297]}, "datetime": {"datetime": "2025-08-20 17:49:45", "elapsed": 21440.498358011246, "delta": 17.56188464164734}, "costs": {"total_cost": 169.9389218563948, "time_cost": 71.488, "final_distance_cost": 1.8179195926810097, "oscillation_cost": 22.014848526162343, "completition_cost": 0.0, "overshoot_cost": 50.827785987573606, "power_cost": 12.408236791992188, "noise_cost": 11.382130957985678, "n_waypoints_completed": 9, "tot_waypoints": 9}}
{"target": -169.5436081034387, "params": {"k_pid_pos": [0.5229441703995653, 0.004648129613880294, 0.012254748364440201], "k_pid_alt": [2.0, 0.00010078112840930104, 0.006252229990537158], "k_pid_att": [59.623170740319296, 10.0, 0.7443610626350962], "k_pid_yaw": [0.5, 1e-06, 0.1], "k_pid_hsp": [0.10991091953942107, 0.01030920767848093, 0.0], "k_pid_vsp": [377.2650833989733, 157.8283286300103, 0.65997909406778]}, "datetime": {"datetime": "2025-08-20 17:50:04", "elapsed": 21458.593093395233, "delta": 18.094735383987427}, "costs": {"total_cost": 169.5436081034387, "time_cost": 72.304, "final_distance_cost": 1.830591533804946, "oscillation_cost": 21.075354640457792, "completition_cost": 0.0, "overshoot_cost": 50.99411317725249, "power_cost": 11.749132360839845, "noise_cost": 11.590416391083602, "n_waypoints_completed": 9, "tot_waypoints": 9}}
{"target": -174.11391452623693, "params": {"k_pid_pos": [1.0574541621315394, 0.003981059585770769, 0.01119496190173401], "k_pid_alt": [2.0, 0.00012628963837501127, 0.003073339821345972], "k_pid_att": [43.9961938483923, 6.010473121434121, 0.7767832934782986], "k_pid_yaw": [0.5, 1e-06, 0.1], "k_pid_hsp": [0.10962845874352205, 0.007936432294985385, 0.0], "k_pid_vsp": [387.5949980034229, 136.14333881121846, 1.0419845676150052]}, "datetime": {"datetime": "2025-08-20 17:50:18", "elapsed": 21473.42658138275, "delta": 14.83348798751831}, "costs": {"total_cost": 174.11391452623693, "time_cost": 69.752, "final_distance_cost": 1.778854725609005, "oscillation_cost": 28.574964254561515, "completition_cost": 0.0, "overshoot_cost": 51.11791063102736, "power_cost": 11.881188842773438, "noise_cost": 11.008996072265615, "n_waypoints_completed": 9, "tot_waypoints": 9}}
{"target": -169.87398444521082, "params": {"k_pid_pos": [0.6343030373034181, 0.002812860351272158, 0.01191635339372007], "k_pid_alt": [1.6526162806421254, 8.789764808664959e-05, 0.003406063493070134], "k_pid_att": [51.552167110072894, 6.908950601198249, 0.4197849742521355], "k_pid_yaw": [0.5, 1e-06, 0.1], "k_pid_hsp": [0.1218123174184868, 0.006876306496406928, 0.0], "k_pid_vsp": [302.91464926056943, 201.1720666444398, 0.607059809817728]}, "datetime": {"datetime": "2025-08-20 17:50:34", "elapsed": 21489.437536001205, "delta": 16.01095461845398}, "costs": {"total_cost": 169.87398444521082, "time_cost": 70.792, "final_distance_cost": 1.8175331889466733, "oscillation_cost": 23.799571616973623, "completition_cost": 0.0, "overshoot_cost": 50.2463387266647, "power_cost": 11.977419567871094, "noise_cost": 11.24112134475472, "n_waypoints_completed": 9, "tot_waypoints": 9}}
