{"target": -169.77073512540318, "params": {"k_pid_pos": [0.5423427385917825, 0.0039184030798945805, 0.009219464094114891], "k_pid_alt": [2.0, 0.00015405826675622214, 0.0011356522931281852], "k_pid_att": [16.13515073224797, 8.639569508795988, 0.6744405518981461], "k_pid_yaw": [0.5, 1e-06, 0.1], "k_pid_hsp": [0.10015276693782338, 0.005996178735343441, 0.0], "k_pid_vsp": [235.4083512857791, 217.68310589021112, 0.6161377304363832]}, "datetime": {"datetime": "2025-08-20 21:36:22", "elapsed": 35036.84386229515, "delta": 15.672698736190796}, "costs": {"total_cost": 169.77073512540318, "time_cost": 71.88, "final_distance_cost": 1.8313010948920914, "oscillation_cost": 21.301993042958614, "completition_cost": 0.0, "overshoot_cost": 51.060208851046184, "power_cost": 12.143598291015625, "noise_cost": 11.553633845490664, "n_waypoints_completed": 9, "tot_waypoints": 9}}
{"target": -170.4571196318426, "params": {"k_pid_pos": [0.5399783256544294, 0.004398127039582142, 0.008482052167245886], "k_pid_alt": [1.9054604248582283, 0.00013406803079562437, 0.0015719399131941796], "k_pid_att": [25.2101413044271, 5.906188857160751, 0.4466143654586774], "k_pid_yaw": [0.5, 1e-06, 0.1], "k_pid_hsp": [0.10246056956376538, 0.004180074616691054, 0.0], "k_pid_vsp": [187.61648612714316, 205.3147997539137, 0.42345612720539655]}, "datetime": {"datetime": "2025-08-20 21:36:39", "elapsed": 35054.25650405884, "delta": 17.412641763687134}, "costs": {"total_cost": 170.4571196318426, "time_cost": 72.008, "final_distance_cost": 1.834511820368109, "oscillation_cost": 20.514299850198874, "completition_cost": 0.0, "overshoot_cost": 51.66066656076846, "power_cost": 12.595376928710937, "noise_cost": 11.844264471796231, "n_waypoints_completed": 9, "tot_waypoints": 9}}
{"target": -170.43001126012587, "params": {"k_pid_pos": [0.6214775384218657, 0.0028759859728422882, 0.007888124537962752], "k_pid_alt": [2.0, 0.00014251184381557978, 0.0017980207059920376], "k_pid_att": [19.43104922679002, 4.217410953716027, 0.4522578234607133], "k_pid_yaw": [0.5, 1e-06, 0.1], "k_pid_hsp": [0.12471501262532723, 0.00403693217667593, 0.0], "k_pid_vsp": [208.33409821646214, 232.29831026774522, 0.5714478765250116]}, "datetime": {"datetime": "2025-08-20 21:36:55", "elapsed": 35069.54555439949, "delta": 15.289050340652466}, "costs": {"total_cost": 170.43001126012587, "time_cost": 71.032, "final_distance_cost": 1.826404747539596, "oscillation_cost": 23.22618081911195, "completition_cost": 0.0, "overshoot_cost": 50.96980932421926, "power_cost": 11.984515173339844, "noise_cost": 11.391101195915212, "n_waypoints_completed": 9, "tot_waypoints": 9}}
{"target": -168.83303709719104, "params": {"k_pid_pos": [0.5091280584970034, 0.0037117625005359044, 0.009074388895498756], "k_pid_alt": [2.0, 0.00012575390705630652, 0.0016120037304022904], "k_pid_att": [25.99209253771889, 9.069770113515125, 0.6338457136810739], "k_pid_yaw": [0.5, 1e-06, 0.1], "k_pid_hsp": [0.10397558052422025, 0.005741695143740645, 0.0], "k_pid_vsp": [193.28101356845391, 228.9068875119252, 0.5269591612102617]}, "datetime": {"datetime": "2025-08-20 21:37:12", "elapsed": 35086.67625999451, "delta": 17.13070559501648}, "costs": {"total_cost": 168.83303709719104, "time_cost": 72.432, "final_distance_cost": 1.8221027320498486, "oscillation_cost": 20.54188769937838, "completition_cost": 0.0, "overshoot_cost": 50.96367618231969, "power_cost": 11.687286975097656, "noise_cost": 11.386083508345454, "n_waypoints_completed": 9, "tot_waypoints": 9}}
{"target": -170.61715404897674, "params": {"k_pid_pos": [0.6825871795532278, 0.004596294350015813, 0.008845189287286457], "k_pid_alt": [2.0, 0.00013020675799541633, 0.001936265683653339], "k_pid_att": [22.726210855456443, 6.07444720912154, 0.5523739376269945], "k_pid_yaw": [0.5, 1e-06, 0.1], "k_pid_hsp": [0.08235356278330398, 0.004163522776077175, 0.0], "k_pid_vsp": [234.31402602062653, 277.4190423596439, 0.5863186234366738]}, "datetime": {"datetime": "2025-08-20 21:37:27", "elapsed": 35102.29450964928, "delta": 15.618249654769897}, "costs": {"total_cost": 170.61715404897674, "time_cost": 72.104, "final_distance_cost": 1.8073409698554945, "oscillation_cost": 22.16791875418572, "completition_cost": 0.0, "overshoot_cost": 50.79284197516495, "power_cost": 12.302245629882814, "noise_cost": 11.442806719887772, "n_waypoints_completed": 9, "tot_waypoints": 9}}
{"target": -172.76472372806975, "params": {"k_pid_pos": [0.42030066062763805, 0.003286935890842675, 0.006211742101655401], "k_pid_alt": [2.0, 0.0001514285288983453, 0.0017763192533815817], "k_pid_att": [25.31364165719923, 6.590301016978317, 0.43430922298575797], "k_pid_yaw": [0.5, 1e-06, 0.1], "k_pid_hsp": [0.11470943789721001, 0.007033741673893964, 0.0], "k_pid_vsp": [199.70949866302942, 256.4788871545641, 0.4137060580184558]}, "datetime": {"datetime": "2025-08-20 21:37:45", "elapsed": 35120.26411676407, "delta": 17.96960711479187}, "costs": {"total_cost": 172.76472372806975, "time_cost": 75.528, "final_distance_cost": 1.8550100202102682, "oscillation_cost": 19.760134716902474, "completition_cost": 0.0, "overshoot_cost": 50.64487239613991, "power_cost": 12.614040368652345, "noise_cost": 12.362666226164757, "n_waypoints_completed": 9, "tot_waypoints": 9}}
{"target": -171.34541455616926, "params": {"k_pid_pos": [0.5215039450578681, 0.0033612252373589418, 0.007734733708644967], "k_pid_alt": [1.9283005003540457, 0.0001153260135448169, 0.0017729678096537703], "k_pid_att": [30.860224975288947, 8.728891425415858, 0.579029899543764], "k_pid_yaw": [0.5, 1e-06, 0.1], "k_pid_hsp": [0.07146345515768165, 0.005061597074743095, 0.0], "k_pid_vsp": [229.481939478071, 265.5998016645674, 0.5753188268058205]}, "datetime": {"datetime": "2025-08-20 21:38:03", "elapsed": 35137.65251278877, "delta": 17.38839602470398}, "costs": {"total_cost": 171.34541455616926, "time_cost": 74.536, "final_distance_cost": 1.7985888831969485, "oscillation_cost": 18.591110250409525, "completition_cost": 0.0, "overshoot_cost": 52.21122554788659, "power_cost": 12.421298107910157, "noise_cost": 11.787191766766016, "n_waypoints_completed": 9, "tot_waypoints": 9}}
{"target": -170.0480605758719, "params": {"k_pid_pos": [0.6646986702970288, 0.004584647995723359, 0.009642658633094091], "k_pid_alt": [1.898446350217995, 0.00015657029246040052, 0.0019683583411013272], "k_pid_att": [28.435175284074187, 8.777489737879094, 0.4651727189336805], "k_pid_yaw": [0.5, 1e-06, 0.1], "k_pid_hsp": [0.10744862986353326, 0.004077452949590078, 0.0], "k_pid_vsp": [279.7382620757867, 341.0468263238924, 0.7232435137038138]}, "datetime": {"datetime": "2025-08-20 21:38:23", "elapsed": 35157.76393580437, "delta": 20.111423015594482}, "costs": {"total_cost": 170.0480605758719, "time_cost": 70.688, "final_distance_cost": 1.80729735210694, "oscillation_cost": 23.753959744451294, "completition_cost": 0.0, "overshoot_cost": 50.364238059286144, "power_cost": 12.08712373046875, "noise_cost": 11.347441689558744, "n_waypoints_completed": 9, "tot_waypoints": 9}}
{"target": -169.93201258828557, "params": {"k_pid_pos": [0.7228310560511467, 0.0047952343253439104, 0.008392268661645275], "k_pid_alt": [1.9827214098304105, 0.00014729517421102032, 0.001880796577368082], "k_pid_att": [26.49289388201467, 7.25376660585647, 0.5847570250860629], "k_pid_yaw": [0.5, 1e-06, 0.1], "k_pid_hsp": [0.11118336086731484, 0.004884401719089197, 0.0], "k_pid_vsp": [222.1506623018698, 275.22694995862236, 0.6483015121416039]}, "datetime": {"datetime": "2025-08-20 21:38:38", "elapsed": 35173.21432638168, "delta": 15.450390577316284}, "costs": {"total_cost": 169.93201258828557, "time_cost": 70.328, "final_distance_cost": 1.8253471604004283, "oscillation_cost": 24.07057611685987, "completition_cost": 0.0, "overshoot_cost": 50.38542848138135, "power_cost": 12.050854138183594, "noise_cost": 11.271806691460341, "n_waypoints_completed": 9, "tot_waypoints": 9}}
{"target": -170.10428042080332, "params": {"k_pid_pos": [0.6382898323261329, 0.003290714916941436, 0.00856626901550811], "k_pid_alt": [2.0, 0.00015398397686708975, 0.0016504546600157868], "k_pid_att": [27.159384559768625, 9.361124028640715, 0.6103258513227773], "k_pid_yaw": [0.5, 1e-06, 0.1], "k_pid_hsp": [0.10900713530440727, 0.003492219591427974, 0.0], "k_pid_vsp": [197.02745571952337, 243.30429916037602, 0.5272382580749024]}, "datetime": {"datetime": "2025-08-20 21:38:56", "elapsed": 35190.759350299835, "delta": 17.545023918151855}, "costs": {"total_cost": 170.10428042080332, "time_cost": 70.968, "final_distance_cost": 1.8189469850755509, "oscillation_cost": 23.04975903612561, "completition_cost": 0.0, "overshoot_cost": 50.71924089021853, "power_cost": 12.170550915527345, "noise_cost": 11.37778259385628, "n_waypoints_completed": 9, "tot_waypoints": 9}}
{"target": -169.77864450042318, "params": {"k_pid_pos": [0.6713879661800793, 0.004222234395156566, 0.00828648953243258], "k_pid_alt": [2.0, 0.00012287041007839729, 0.0017390400982035764], "k_pid_att": [25.360500744170064, 6.644210705928898, 0.5289598431453681], "k_pid_yaw": [0.5, 1e-06, 0.1], "k_pid_hsp": [0.09710200618550857, 0.005211238947666108, 0.0], "k_pid_vsp": [278.79540351868746, 205.96246382036324, 0.5059155313248268]}, "datetime": {"datetime": "2025-08-20 21:39:12", "elapsed": 35206.72287273407, "delta": 15.96352243423462}, "costs": {"total_cost": 169.77864450042318, "time_cost": 71.0, "final_distance_cost": 1.7904212315779997, "oscillation_cost": 22.72217038253833, "completition_cost": 0.0, "overshoot_cost": 50.78342844367366, "power_cost": 12.150387451171875, "noise_cost": 11.332236991461356, "n_waypoints_completed": 9, "tot_waypoints": 9}}
{"target": -169.84468282353293, "params": {"k_pid_pos": [0.5589776914683887, 0.004205363322987552, 0.008875450014490563], "k_pid_alt": [2.0, 0.00010514673834425698, 0.0020865052158287496], "k_pid_att": [27.494193203760062, 9.861171063820398, 0.5229351597646373], "k_pid_yaw": [0.5, 1e-06, 0.1], "k_pid_hsp": [0.0866078585946778, 0.0034058034623663954, 0.0], "k_pid_vsp": [188.89331299989826, 260.50872192553715, 0.5036046753284057]}, "datetime": {"datetime": "2025-08-20 21:39:29", "elapsed": 35223.94096517563, "delta": 17.218092441558838}, "costs": {"total_cost": 169.84468282353293, "time_cost": 72.328, "final_distance_cost": 1.8134503398541237, "oscillation_cost": 20.27967653505012, "completition_cost": 0.0, "overshoot_cost": 51.68040435172457, "power_cost": 12.132517431640625, "noise_cost": 11.610634165263496, "n_waypoints_completed": 9, "tot_waypoints": 9}}
{"target": -168.64525247094414, "params": {"k_pid_pos": [0.5221621409112355, 0.004088206980609844, 0.009416452522299749], "k_pid_alt": [1.8660374172382987, 0.0001359546385885225, 0.0016134680221362504], "k_pid_att": [28.92536216917905, 7.8672097573347886, 0.5505478711157205], "k_pid_yaw": [0.5, 1e-06, 0.1], "k_pid_hsp": [0.09224277543462989, 0.0045020710961434, 0.0], "k_pid_vsp": [175.34881961728607, 239.0666661572897, 0.5364311200714239]}, "datetime": {"datetime": "2025-08-20 21:39:45", "elapsed": 35239.99193358421, "delta": 16.050968408584595}, "costs": {"total_cost": 168.64525247094414, "time_cost": 72.4, "final_distance_cost": 1.8203253807162996, "oscillation_cost": 20.01470943119898, "completition_cost": 0.0, "overshoot_cost": 51.00509328588624, "power_cost": 11.958732006835938, "noise_cost": 11.446392366306684, "n_waypoints_completed": 9, "tot_waypoints": 9}}
{"target": -171.63770288023414, "params": {"k_pid_pos": [0.6483138158067306, 0.0032981008895961207, 0.007884810479710238], "k_pid_alt": [2.0, 0.00013567741473487704, 0.001749945901555812], "k_pid_att": [24.5395825417116, 7.305783303000315, 0.49360099955239045], "k_pid_yaw": [0.5, 1e-06, 0.1], "k_pid_hsp": [0.08031165381090519, 0.0037773796969756655, 0.0], "k_pid_vsp": [196.5149618150165, 234.5000927576322, 0.539971824079891]}, "datetime": {"datetime": "2025-08-20 21:40:03", "elapsed": 35257.82244563103, "delta": 17.830512046813965}, "costs": {"total_cost": 171.63770288023414, "time_cost": 72.424, "final_distance_cost": 1.802265712329685, "oscillation_cost": 21.650643872681332, "completition_cost": 0.0, "overshoot_cost": 52.13761572144013, "power_cost": 12.129156250000001, "noise_cost": 11.494021323782988, "n_waypoints_completed": 9, "tot_waypoints": 9}}
{"target": -170.51690615551388, "params": {"k_pid_pos": [0.6771514915110813, 0.004818928459604974, 0.007852773624950715], "k_pid_alt": [1.6700086302185122, 7.79399645655371e-05, 0.001831180579055994], "k_pid_att": [23.31471047577674, 8.314962114196824, 0.4939402926789422], "k_pid_yaw": [0.5, 1e-06, 0.1], "k_pid_hsp": [0.08759782451496388, 0.004579471677491097, 0.0], "k_pid_vsp": [158.72907894776043, 274.28927716074867, 0.5800848800205279]}, "datetime": {"datetime": "2025-08-20 21:40:21", "elapsed": 35275.89075541496, "delta": 18.068309783935547}, "costs": {"total_cost": 170.51690615551388, "time_cost": 71.4, "final_distance_cost": 1.793168167629521, "oscillation_cost": 22.77228822717941, "completition_cost": 0.0, "overshoot_cost": 50.706776375384464, "power_cost": 12.400101025390626, "noise_cost": 11.444572359929836, "n_waypoints_completed": 9, "tot_waypoints": 9}}
{"target": -169.85373280532804, "params": {"k_pid_pos": [0.6686979196974896, 0.003933005907524209, 0.00815397069459481], "k_pid_alt": [1.6049305426543732, 0.00016345206368920313, 0.0019788509750979463], "k_pid_att": [27.41382355746271, 4.749775504929629, 0.48699389850958763], "k_pid_yaw": [0.5, 1e-06, 0.1], "k_pid_hsp": [0.1025914597954799, 0.004434808969263384, 0.0], "k_pid_vsp": [165.89148677793187, 230.5908585343617, 0.5745217690801802]}, "datetime": {"datetime": "2025-08-20 21:40:40", "elapsed": 35295.27458691597, "delta": 19.38383150100708}, "costs": {"total_cost": 169.85373280532804, "time_cost": 70.712, "final_distance_cost": 1.8259855656874688, "oscillation_cost": 23.55064766676202, "completition_cost": 0.0, "overshoot_cost": 50.16809963389187, "power_cost": 12.259362841796875, "noise_cost": 11.337637097189791, "n_waypoints_completed": 9, "tot_waypoints": 9}}
{"target": -169.82744727441428, "params": {"k_pid_pos": [0.5123242187603873, 0.00375838895659553, 0.008275631327495694], "k_pid_alt": [1.9880328287778968, 0.00012146116667769332, 0.0017224370992261595], "k_pid_att": [26.27749600595168, 6.463040372506728, 0.4731318566457466], "k_pid_yaw": [0.5, 1e-06, 0.1], "k_pid_hsp": [0.10898523964879901, 0.0037352581237569357, 0.0], "k_pid_vsp": [224.5084890476378, 275.33865576529917, 0.4437258815396165]}, "datetime": {"datetime": "2025-08-20 21:40:58", "elapsed": 35312.51426720619, "delta": 17.239680290222168}, "costs": {"total_cost": 169.82744727441428, "time_cost": 72.512, "final_distance_cost": 1.8253355184482196, "oscillation_cost": 20.869056527466114, "completition_cost": 0.0, "overshoot_cost": 50.53850864168641, "power_cost": 12.330484240722656, "noise_cost": 11.752062346090895, "n_waypoints_completed": 9, "tot_waypoints": 9}}
{"target": -169.3226571700762, "params": {"k_pid_pos": [0.6056586075267959, 0.00354792011043688, 0.006712937362920318], "k_pid_alt": [1.9863603056979533, 0.00012243212495984535, 0.0014490489150594593], "k_pid_att": [29.08020723337204, 4.863116468771353, 0.5020543716108411], "k_pid_yaw": [0.5, 1e-06, 0.1], "k_pid_hsp": [0.0961107823109872, 0.004242773918639037, 0.0], "k_pid_vsp": [192.66829997815321, 193.93450200112557, 0.6494451262447739]}, "datetime": {"datetime": "2025-08-20 21:41:16", "elapsed": 35330.60113072395, "delta": 18.08686351776123}, "costs": {"total_cost": 169.3226571700762, "time_cost": 71.488, "final_distance_cost": 1.8012980249254122, "oscillation_cost": 21.458864023280842, "completition_cost": 0.0, "overshoot_cost": 50.8528601565743, "power_cost": 12.230679370117189, "noise_cost": 11.49095559517845, "n_waypoints_completed": 9, "tot_waypoints": 9}}
{"target": -169.60559446642938, "params": {"k_pid_pos": [0.6476913730489805, 0.003070505011821581, 0.010021576852295606], "k_pid_alt": [1.9634909239168419, 0.000123133561932553, 0.0016919210203051385], "k_pid_att": [25.853576901911197, 7.6226329092632605, 0.6894778136878704], "k_pid_yaw": [0.5, 1e-06, 0.1], "k_pid_hsp": [0.0877304225920121, 0.005749417534711543, 0.0], "k_pid_vsp": [204.0409922646837, 325.99039326281394, 0.5018314968546352]}, "datetime": {"datetime": "2025-08-20 21:41:31", "elapsed": 35346.457632780075, "delta": 15.856502056121826}, "costs": {"total_cost": 169.60559446642938, "time_cost": 71.512, "final_distance_cost": 1.8042857424912084, "oscillation_cost": 22.102645917691383, "completition_cost": 0.0, "overshoot_cost": 50.801067319057424, "power_cost": 12.10520302734375, "noise_cost": 11.280392459845602, "n_waypoints_completed": 9, "tot_waypoints": 9}}
{"target": -169.4911071596228, "params": {"k_pid_pos": [0.6288423731490241, 0.0035585123962451246, 0.010089821523348336], "k_pid_alt": [2.0, 0.00012279040766263933, 0.0013678010981344796], "k_pid_att": [25.976349312398934, 7.781062461910106, 0.691408846885592], "k_pid_yaw": [0.5, 1e-06, 0.1], "k_pid_hsp": [0.09560928962936949, 0.005472430659057732, 0.0], "k_pid_vsp": [227.67755923425545, 207.5669480921757, 0.5384024681091655]}, "datetime": {"datetime": "2025-08-20 21:41:48", "elapsed": 35363.234731435776, "delta": 16.777098655700684}, "costs": {"total_cost": 169.4911071596228, "time_cost": 71.256, "final_distance_cost": 1.797912946462703, "oscillation_cost": 22.290936145266016, "completition_cost": 0.0, "overshoot_cost": 51.12700792075808, "power_cost": 11.863160949707032, "noise_cost": 11.156089197428981, "n_waypoints_completed": 9, "tot_waypoints": 9}}
{"target": -171.31296055057118, "params": {"k_pid_pos": [0.7239022441495134, 0.0038294887619903383, 0.010416404550711413], "k_pid_alt": [1.881529750775588, 9.472785425378601e-05, 0.0018995194630770237], "k_pid_att": [30.302550876926137, 5.450307133144765, 0.5636357448405546], "k_pid_yaw": [0.5, 1e-06, 0.1], "k_pid_hsp": [0.08470684370705427, 0.004701859035286214, 0.0], "k_pid_vsp": [199.3760785447749, 243.53762533284657, 0.6436986313978689]}, "datetime": {"datetime": "2025-08-20 21:42:05", "elapsed": 35379.53617310524, "delta": 16.30144166946411}, "costs": {"total_cost": 171.31296055057118, "time_cost": 71.584, "final_distance_cost": 1.8018287896638054, "oscillation_cost": 23.07907816964341, "completition_cost": 0.0, "overshoot_cost": 51.201482938986146, "power_cost": 12.163486303710938, "noise_cost": 11.483084348566894, "n_waypoints_completed": 9, "tot_waypoints": 9}}
{"target": -174.21945473150288, "params": {"k_pid_pos": [0.44104708927049135, 0.0034056765255098807, 0.00906589228590537], "k_pid_alt": [2.0, 0.00010741332337380114, 0.001724294793153134], "k_pid_att": [17.78476693734899, 6.782638283226511, 0.46348166679999886], "k_pid_yaw": [0.5, 1e-06, 0.1], "k_pid_hsp": [0.12594141683412757, 0.005064693522304394, 0.0], "k_pid_vsp": [233.46140596062196, 312.67130466661246, 0.43807453363039306]}, "datetime": {"datetime": "2025-08-20 21:42:22", "elapsed": 35397.40270471573, "delta": 17.86653161048889}, "costs": {"total_cost": 174.21945473150288, "time_cost": 75.12, "final_distance_cost": 1.8511387565742947, "oscillation_cost": 20.760237207458506, "completition_cost": 0.0, "overshoot_cost": 51.27572746854324, "power_cost": 12.799430822753907, "noise_cost": 12.412920476172912, "n_waypoints_completed": 9, "tot_waypoints": 9}}
{"target": -169.0249585027034, "params": {"k_pid_pos": [0.5581122280190737, 0.003974065700878444, 0.008806986694757666], "k_pid_alt": [2.0, 0.00016375083293211916, 0.0017830673209088307], "k_pid_att": [34.461357903742375, 7.835021656407744, 0.5353768477220976], "k_pid_yaw": [0.5, 1e-06, 0.1], "k_pid_hsp": [0.08445444952795365, 0.0032259531196426852, 0.0], "k_pid_vsp": [232.14100004937472, 307.28787494659076, 0.5598571353741836]}, "datetime": {"datetime": "2025-08-20 21:42:38", "elapsed": 35413.01037192345, "delta": 15.607667207717896}, "costs": {"total_cost": 169.0249585027034, "time_cost": 72.52, "final_distance_cost": 1.8025921379298298, "oscillation_cost": 19.733950765876394, "completition_cost": 0.0, "overshoot_cost": 51.295917831021, "power_cost": 12.073094055175781, "noise_cost": 11.599403712700418, "n_waypoints_completed": 9, "tot_waypoints": 9}}
{"target": -171.79714964388984, "params": {"k_pid_pos": [0.7034854974386238, 0.004713495908513568, 0.010438094781532431], "k_pid_alt": [2.0, 0.00011765528727350476, 0.002157062339109255], "k_pid_att": [32.99148612866904, 6.559218329578129, 0.596330493438891], "k_pid_yaw": [0.5, 1e-06, 0.1], "k_pid_hsp": [0.08002812614783596, 0.0043414157081174696, 0.0], "k_pid_vsp": [184.71239366686464, 223.55679329333395, 0.5056777569420009]}, "datetime": {"datetime": "2025-08-20 21:42:56", "elapsed": 35430.55631351471, "delta": 17.545941591262817}, "costs": {"total_cost": 171.79714964388984, "time_cost": 72.624, "final_distance_cost": 1.7691269515245645, "oscillation_cost": 22.380520455180207, "completition_cost": 0.0, "overshoot_cost": 51.174428191546134, "power_cost": 12.317416589355469, "noise_cost": 11.531657456283467, "n_waypoints_completed": 9, "tot_waypoints": 9}}
{"target": -170.45424845865526, "params": {"k_pid_pos": [0.5106336229792243, 0.004607100401448663, 0.009277101061516918], "k_pid_alt": [1.9534178300717562, 0.0001461655645605244, 0.0019407083359460446], "k_pid_att": [24.83294281077448, 7.704838047722998, 0.6871299218054375], "k_pid_yaw": [0.5, 1e-06, 0.1], "k_pid_hsp": [0.10597303971392512, 0.004455032544438888, 0.0], "k_pid_vsp": [208.45016422535232, 307.48701451648, 0.4914479204607884]}, "datetime": {"datetime": "2025-08-20 21:43:11", "elapsed": 35446.320915937424, "delta": 15.764602422714233}, "costs": {"total_cost": 170.45424845865526, "time_cost": 72.456, "final_distance_cost": 1.836695021959766, "oscillation_cost": 20.724570293112798, "completition_cost": 0.0, "overshoot_cost": 50.94957363929546, "power_cost": 12.675094702148439, "noise_cost": 11.812314802138799, "n_waypoints_completed": 9, "tot_waypoints": 9}}
