{"target": -168.76838683263836, "params": {"k_pid_pos": [0.5316451218307345, 0.0032267249531258047, 0.006591915107088948], "k_pid_alt": [1.9544562714823457, 0.0001526851675634357, 0.0014624035076475112], "k_pid_att": [22.817581719644576, 5.902918428865376, 0.5177244638984727], "k_pid_yaw": [0.5, 1e-06, 0.1], "k_pid_hsp": [0.10721301474324074, 0.004054268688515709, 0.0], "k_pid_vsp": [186.10660498823947, 211.70503646026376, 0.647975704340089]}, "datetime": {"datetime": "2025-08-20 22:11:35", "elapsed": 37149.92014884949, "delta": 15.625972270965576}, "costs": {"total_cost": 168.76838683263836, "time_cost": 72.136, "final_distance_cost": 1.829087336154072, "oscillation_cost": 21.092533840641398, "completition_cost": 0.0, "overshoot_cost": 50.496320770676675, "power_cost": 11.715485913085939, "noise_cost": 11.498958972080285, "n_waypoints_completed": 9, "tot_waypoints": 9}}
{"target": -169.55274887296918, "params": {"k_pid_pos": [0.6691894299522488, 0.0034296656211438687, 0.0056921342602125795], "k_pid_alt": [1.7294036211227113, 0.00011656729410864344, 0.0017314807559334594], "k_pid_att": [26.79861304162561, 5.501822121978235, 0.5216538564926062], "k_pid_yaw": [0.5, 1e-06, 0.1], "k_pid_hsp": [0.10209923087542562, 0.005226957051021397, 0.0], "k_pid_vsp": [189.54621981250764, 156.1342662224374, 0.535106427284872]}, "datetime": {"datetime": "2025-08-20 22:11:52", "elapsed": 37166.700103998184, "delta": 16.7799551486969}, "costs": {"total_cost": 169.55274887296918, "time_cost": 70.744, "final_distance_cost": 1.813286136248615, "oscillation_cost": 22.85935617184652, "completition_cost": 0.0, "overshoot_cost": 50.57649966237191, "power_cost": 12.190716333007813, "noise_cost": 11.36889056949435, "n_waypoints_completed": 9, "tot_waypoints": 9}}
{"target": -170.01780846152334, "params": {"k_pid_pos": [0.5633496923943796, 0.0032471845602924623, 0.007897060233767591], "k_pid_alt": [2.0, 0.00014722379448873805, 0.001484413303637937], "k_pid_att": [19.200076809458658, 8.394552821245448, 0.3992883553874565], "k_pid_yaw": [0.5, 1e-06, 0.1], "k_pid_hsp": [0.11851702132886054, 0.004613247742834502, 0.0], "k_pid_vsp": [243.61084235520727, 237.32400870556555, 0.6189002983317212]}, "datetime": {"datetime": "2025-08-20 22:12:07", "elapsed": 37182.396206617355, "delta": 15.696102619171143}, "costs": {"total_cost": 170.01780846152334, "time_cost": 71.64, "final_distance_cost": 1.8230009777371476, "oscillation_cost": 22.11061637634169, "completition_cost": 0.0, "overshoot_cost": 50.643402586568925, "power_cost": 12.306766833496095, "noise_cost": 11.494021687379506, "n_waypoints_completed": 9, "tot_waypoints": 9}}
{"target": -169.4654090865117, "params": {"k_pid_pos": [0.49954582008526033, 0.0036947394045812923, 0.006360736183811167], "k_pid_alt": [2.0, 0.0001279678007276402, 0.002046995543816981], "k_pid_att": [23.95333582928018, 7.497388076420374, 0.45212073423379645], "k_pid_yaw": [0.5, 1e-06, 0.1], "k_pid_hsp": [0.09647595353134164, 0.005053785639271492, 0.0], "k_pid_vsp": [236.0925390327396, 267.082607515705, 0.4407756451022635]}, "datetime": {"datetime": "2025-08-20 22:12:26", "elapsed": 37201.29660701752, "delta": 18.900400400161743}, "costs": {"total_cost": 169.4654090865117, "time_cost": 72.632, "final_distance_cost": 1.8359094729917456, "oscillation_cost": 19.639832414369838, "completition_cost": 0.0, "overshoot_cost": 51.59634447855508, "power_cost": 12.169828454589844, "noise_cost": 11.591494266005194, "n_waypoints_completed": 9, "tot_waypoints": 9}}
{"target": -170.20353339900564, "params": {"k_pid_pos": [0.4711566132432565, 0.003277709394081676, 0.006986034564226925], "k_pid_alt": [2.0, 0.0001527983659888124, 0.002040935830704756], "k_pid_att": [24.788046765934116, 7.29387341984063, 0.5264284445172582], "k_pid_yaw": [0.5, 1e-06, 0.1], "k_pid_hsp": [0.07965778544699055, 0.004789378156627311, 0.0], "k_pid_vsp": [234.58066125819803, 216.87922393515714, 0.5239096443713841]}, "datetime": {"datetime": "2025-08-20 22:12:44", "elapsed": 37219.00476551056, "delta": 17.708158493041992}, "costs": {"total_cost": 170.20353339900564, "time_cost": 73.736, "final_distance_cost": 1.8163220516923981, "oscillation_cost": 17.98934471065883, "completition_cost": 0.0, "overshoot_cost": 51.86063692984054, "power_cost": 12.776300231933595, "noise_cost": 12.02492947488027, "n_waypoints_completed": 9, "tot_waypoints": 9}}
{"target": -169.90792776465247, "params": {"k_pid_pos": [0.6369404223954758, 0.0028640983656096, 0.0071501121582366505], "k_pid_alt": [2.0, 0.00012637685065322468, 0.0014036747178395193], "k_pid_att": [27.571983163834506, 8.423631410953153, 0.5514225578373834], "k_pid_yaw": [0.5, 1e-06, 0.1], "k_pid_hsp": [0.10978923845284404, 0.005279281755426083, 0.0], "k_pid_vsp": [225.17589927867928, 254.19552416010694, 0.5758179598269381]}, "datetime": {"datetime": "2025-08-20 22:13:01", "elapsed": 37235.98804163933, "delta": 16.98327612876892}, "costs": {"total_cost": 169.90792776465247, "time_cost": 70.872, "final_distance_cost": 1.8044994299890895, "oscillation_cost": 22.97964828202578, "completition_cost": 0.0, "overshoot_cost": 50.842061671399726, "power_cost": 11.9941533203125, "noise_cost": 11.415565060925362, "n_waypoints_completed": 9, "tot_waypoints": 9}}
{"target": -169.83348979631208, "params": {"k_pid_pos": [0.7087154462360229, 0.002489516643214789, 0.006999401838895368], "k_pid_alt": [2.0, 0.00013651340414316823, 0.0013698598717378618], "k_pid_att": [25.74565707691546, 7.494036058776483, 0.4555260753807248], "k_pid_yaw": [0.5, 1e-06, 0.1], "k_pid_hsp": [0.11146958101395099, 0.004106089872559275, 0.0], "k_pid_vsp": [197.65239295306353, 234.32267814474162, 0.542813692547146]}, "datetime": {"datetime": "2025-08-20 22:13:17", "elapsed": 37252.36150121689, "delta": 16.373459577560425}, "costs": {"total_cost": 169.83348979631208, "time_cost": 70.47200000000001, "final_distance_cost": 1.8003678588179073, "oscillation_cost": 23.867765004689357, "completition_cost": 0.0, "overshoot_cost": 51.039253198867975, "power_cost": 11.559416894531251, "noise_cost": 11.094686839405606, "n_waypoints_completed": 9, "tot_waypoints": 9}}
{"target": -169.16790584616717, "params": {"k_pid_pos": [0.5755183994409078, 0.0034745514251104076, 0.009705803994669667], "k_pid_alt": [1.6561213940669635, 0.00015914083956158412, 0.00178134956784464], "k_pid_att": [23.914366400745227, 9.732229932851615, 0.4528183972902969], "k_pid_yaw": [0.5, 1e-06, 0.1], "k_pid_hsp": [0.09852016975049889, 0.004776530341837978, 0.0], "k_pid_vsp": [244.34260290325656, 249.8444143084259, 0.6918540917855847]}, "datetime": {"datetime": "2025-08-20 22:13:34", "elapsed": 37268.68560433388, "delta": 16.324103116989136}, "costs": {"total_cost": 169.16790584616717, "time_cost": 71.52, "final_distance_cost": 1.8095026943284511, "oscillation_cost": 21.368417226121785, "completition_cost": 0.0, "overshoot_cost": 50.760070426150314, "power_cost": 12.141766564941406, "noise_cost": 11.568148934625214, "n_waypoints_completed": 9, "tot_waypoints": 9}}
{"target": -169.7304399598477, "params": {"k_pid_pos": [0.6183632512711208, 0.0033428908832216233, 0.006762602496044805], "k_pid_alt": [1.9248499101359238, 0.00012789090762604414, 0.0016081622497743225], "k_pid_att": [30.035500738210363, 7.504618650603227, 0.4977794581133255], "k_pid_yaw": [0.5, 1e-06, 0.1], "k_pid_hsp": [0.10285414675492248, 0.005199306305796485, 0.0], "k_pid_vsp": [220.02904083136988, 236.2273580809041, 0.5608381423723897]}, "datetime": {"datetime": "2025-08-20 22:13:50", "elapsed": 37284.94167661667, "delta": 16.256072282791138}, "costs": {"total_cost": 169.7304399598477, "time_cost": 71.096, "final_distance_cost": 1.8309872551570192, "oscillation_cost": 22.253798824390717, "completition_cost": 0.0, "overshoot_cost": 50.81471665227118, "power_cost": 12.269865063476564, "noise_cost": 11.465072164552234, "n_waypoints_completed": 9, "tot_waypoints": 9}}
{"target": -170.02808727209222, "params": {"k_pid_pos": [0.6947809002994275, 0.003687715097749835, 0.00742047672967637], "k_pid_alt": [1.8454810152376802, 0.00011735415762767944, 0.0018902229821483629], "k_pid_att": [27.813828339283777, 10.0, 0.48031565309033936], "k_pid_yaw": [0.5, 1e-06, 0.1], "k_pid_hsp": [0.08845268546119818, 0.004780848723514388, 0.0], "k_pid_vsp": [182.56639080576178, 248.54780600050526, 0.5960047642951848]}, "datetime": {"datetime": "2025-08-20 22:14:07", "elapsed": 37301.81901240349, "delta": 16.877335786819458}, "costs": {"total_cost": 170.02808727209222, "time_cost": 71.232, "final_distance_cost": 1.7795153665450396, "oscillation_cost": 22.675552936209996, "completition_cost": 0.0, "overshoot_cost": 51.25897114455531, "power_cost": 11.905815820312501, "noise_cost": 11.176232004469382, "n_waypoints_completed": 9, "tot_waypoints": 9}}
{"target": -170.65874302957886, "params": {"k_pid_pos": [0.5925735697166923, 0.004461441009216792, 0.007820234441215093], "k_pid_alt": [1.6277679671542098, 0.00014041264570385854, 0.0016132691429693174], "k_pid_att": [29.89650697051915, 7.516339769299243, 0.422132733762467], "k_pid_yaw": [0.5, 1e-06, 0.1], "k_pid_hsp": [0.12159504604691251, 0.0052580559793345095, 0.0], "k_pid_vsp": [165.24909914580533, 254.8867510075919, 0.4991082589962382]}, "datetime": {"datetime": "2025-08-20 22:14:23", "elapsed": 37318.434885025024, "delta": 16.615872621536255}, "costs": {"total_cost": 170.65874302957886, "time_cost": 71.128, "final_distance_cost": 1.8388541307818986, "oscillation_cost": 23.351729122984647, "completition_cost": 0.0, "overshoot_cost": 50.601994011131495, "power_cost": 12.282756958007813, "noise_cost": 11.455408806673008, "n_waypoints_completed": 9, "tot_waypoints": 9}}
{"target": -170.09975600465427, "params": {"k_pid_pos": [0.5340961803327237, 0.003494932351133143, 0.006145844464955333], "k_pid_alt": [2.0, 0.00012407939355865445, 0.001574141198951342], "k_pid_att": [21.52088700434364, 7.726219363158954, 0.5348475531082086], "k_pid_yaw": [0.5, 1e-06, 0.1], "k_pid_hsp": [0.09892031320480776, 0.0035942498189941046, 0.0], "k_pid_vsp": [241.41308438474275, 331.8727986649316, 0.635436567742392]}, "datetime": {"datetime": "2025-08-20 22:14:41", "elapsed": 37336.24870944023, "delta": 17.81382441520691}, "costs": {"total_cost": 170.09975600465427, "time_cost": 72.152, "final_distance_cost": 1.8157842700225457, "oscillation_cost": 20.726271811279567, "completition_cost": 0.0, "overshoot_cost": 51.49042360364965, "power_cost": 12.303287707519532, "noise_cost": 11.611988612182971, "n_waypoints_completed": 9, "tot_waypoints": 9}}
{"target": -171.1759748316723, "params": {"k_pid_pos": [0.7531887320418926, 0.004611461200683813, 0.007773196924013059], "k_pid_alt": [1.6557018539693635, 0.00014679563094880941, 0.0014073844141317155], "k_pid_att": [26.079689677435507, 7.575789479552552, 0.6006524953801328], "k_pid_yaw": [0.5, 1e-06, 0.1], "k_pid_hsp": [0.09586915094390601, 0.003715343002277423, 0.0], "k_pid_vsp": [212.80123998442355, 256.28724159257814, 0.5466414563543237]}, "datetime": {"datetime": "2025-08-20 22:14:58", "elapsed": 37352.97250413895, "delta": 16.72379469871521}, "costs": {"total_cost": 171.1759748316723, "time_cost": 70.57600000000001, "final_distance_cost": 1.8067678051948117, "oscillation_cost": 24.28976470846368, "completition_cost": 0.0, "overshoot_cost": 50.31683285982646, "power_cost": 12.626575, "noise_cost": 11.560034458187348, "n_waypoints_completed": 9, "tot_waypoints": 9}}
{"target": -169.80739479248075, "params": {"k_pid_pos": [0.5853316790638877, 0.003984875071444855, 0.006437259338490451], "k_pid_alt": [2.0, 0.00015219843673415877, 0.001716448710560043], "k_pid_att": [28.336799552888635, 7.109078348951968, 0.5450117463434164], "k_pid_yaw": [0.5, 1e-06, 0.1], "k_pid_hsp": [0.1007745112045071, 0.00419687466914144, 0.0], "k_pid_vsp": [231.0348774384795, 282.8839740123378, 0.6566415813433724]}, "datetime": {"datetime": "2025-08-20 22:15:15", "elapsed": 37369.861156225204, "delta": 16.888652086257935}, "costs": {"total_cost": 169.80739479248075, "time_cost": 71.504, "final_distance_cost": 1.8131141489073228, "oscillation_cost": 21.7124795056817, "completition_cost": 0.0, "overshoot_cost": 50.86030265397254, "power_cost": 12.432367626953125, "noise_cost": 11.485130856966052, "n_waypoints_completed": 9, "tot_waypoints": 9}}
{"target": -169.5258784191331, "params": {"k_pid_pos": [0.569193905976746, 0.003926482348797157, 0.007251628876091036], "k_pid_alt": [1.8814336265248954, 0.00014036173784578532, 0.0014673403149561125], "k_pid_att": [24.569296398885413, 7.856258950885493, 0.5044847865412979], "k_pid_yaw": [0.5, 1e-06, 0.1], "k_pid_hsp": [0.1132360567346135, 0.0043590397632439675, 0.0], "k_pid_vsp": [227.8385289510043, 188.9739647221663, 0.5509224003688161]}, "datetime": {"datetime": "2025-08-20 22:15:31", "elapsed": 37385.934576272964, "delta": 16.07342004776001}, "costs": {"total_cost": 169.5258784191331, "time_cost": 71.528, "final_distance_cost": 1.8298497598466308, "oscillation_cost": 22.263949194255307, "completition_cost": 0.0, "overshoot_cost": 50.56340336956078, "power_cost": 11.810148400878907, "noise_cost": 11.530527694591498, "n_waypoints_completed": 9, "tot_waypoints": 9}}
{"target": -168.95577377187786, "params": {"k_pid_pos": [0.5535219678545652, 0.0038964709238499275, 0.00667296392884565], "k_pid_alt": [2.0, 0.0001424086132163035, 0.001479042920384841], "k_pid_att": [29.17282813529904, 7.850845356597039, 0.5773333820728307], "k_pid_yaw": [0.5, 1e-06, 0.1], "k_pid_hsp": [0.09835321568494355, 0.0045279260660269815, 0.0], "k_pid_vsp": [232.67885625123571, 287.1865325368695, 0.6399093890656983]}, "datetime": {"datetime": "2025-08-20 22:15:48", "elapsed": 37402.8034183979, "delta": 16.868842124938965}, "costs": {"total_cost": 168.95577377187786, "time_cost": 71.888, "final_distance_cost": 1.8116467298697718, "oscillation_cost": 20.687694595213454, "completition_cost": 0.0, "overshoot_cost": 50.97520183096324, "power_cost": 12.055086181640625, "noise_cost": 11.53814443419074, "n_waypoints_completed": 9, "tot_waypoints": 9}}
{"target": -168.56493148547526, "params": {"k_pid_pos": [0.5929331696859469, 0.0034138877584656314, 0.006915128636386649], "k_pid_alt": [1.7609592336239317, 0.00012463192748959158, 0.0022261289997499473], "k_pid_att": [25.16888529624598, 6.758598899803075, 0.5709311515998677], "k_pid_yaw": [0.5, 1e-06, 0.1], "k_pid_hsp": [0.09822393071009992, 0.005018959245513024, 0.0], "k_pid_vsp": [206.74983151726812, 251.05784691347264, 0.5686177057672216]}, "datetime": {"datetime": "2025-08-20 22:16:04", "elapsed": 37418.69118928909, "delta": 15.887770891189575}, "costs": {"total_cost": 168.56493148547526, "time_cost": 71.34400000000001, "final_distance_cost": 1.811366004916661, "oscillation_cost": 21.74307040160287, "completition_cost": 0.0, "overshoot_cost": 50.18198036707667, "power_cost": 12.100125463867188, "noise_cost": 11.384389248011844, "n_waypoints_completed": 9, "tot_waypoints": 9}}
{"target": -169.04779966879175, "params": {"k_pid_pos": [0.5696771390086012, 0.0031648169116560315, 0.007077562949713197], "k_pid_alt": [1.982245897458102, 0.00014495103434633083, 0.0015890657066542173], "k_pid_att": [31.542405607559044, 7.604336642117933, 0.5010057209213251], "k_pid_yaw": [0.5, 1e-06, 0.1], "k_pid_hsp": [0.09090634129699886, 0.005017775402878074, 0.0], "k_pid_vsp": [164.02839380487865, 246.40920248147583, 0.6923208766941181]}, "datetime": {"datetime": "2025-08-20 22:16:21", "elapsed": 37436.23777461052, "delta": 17.54658532142639}, "costs": {"total_cost": 169.04779966879175, "time_cost": 71.92, "final_distance_cost": 1.8027323740579395, "oscillation_cost": 20.800282432016726, "completition_cost": 0.0, "overshoot_cost": 51.06659167114856, "power_cost": 11.999826635742188, "noise_cost": 11.458366555826334, "n_waypoints_completed": 9, "tot_waypoints": 9}}
{"target": -169.59097652750097, "params": {"k_pid_pos": [0.5588638661797479, 0.003983094234921203, 0.00866806996207343], "k_pid_alt": [1.7551792441953762, 0.0001356898764963461, 0.0017908640452141168], "k_pid_att": [24.168664158548562, 6.970583415908883, 0.5325430647768767], "k_pid_yaw": [0.5, 1e-06, 0.1], "k_pid_hsp": [0.0790996418928321, 0.0038293762051831025, 0.0], "k_pid_vsp": [237.53934420063624, 182.14371145138253, 0.5499259231323851]}, "datetime": {"datetime": "2025-08-20 22:16:37", "elapsed": 37452.071907281876, "delta": 15.834132671356201}, "costs": {"total_cost": 169.59097652750097, "time_cost": 72.968, "final_distance_cost": 1.8105064253515206, "oscillation_cost": 19.648300736306325, "completition_cost": 0.0, "overshoot_cost": 51.84503430138713, "power_cost": 11.764466857910158, "noise_cost": 11.554668206545847, "n_waypoints_completed": 9, "tot_waypoints": 9}}
{"target": -169.07744954562932, "params": {"k_pid_pos": [0.5418769022379878, 0.00269773368729259, 0.006972351920796493], "k_pid_alt": [1.959316352791773, 0.00013650585941503204, 0.0017123784792766935], "k_pid_att": [27.04690550193564, 8.514658086807632, 0.5769123584395184], "k_pid_yaw": [0.5, 1e-06, 0.1], "k_pid_hsp": [0.09808801798511246, 0.0033499824293145262, 0.0], "k_pid_vsp": [230.56702012700575, 296.77897674276755, 0.5530673816656595]}, "datetime": {"datetime": "2025-08-20 22:16:56", "elapsed": 37470.613637685776, "delta": 18.541730403900146}, "costs": {"total_cost": 169.07744954562932, "time_cost": 72.08800000000001, "final_distance_cost": 1.812683243387469, "oscillation_cost": 20.564518496531697, "completition_cost": 0.0, "overshoot_cost": 51.19943053178387, "power_cost": 11.903006933593751, "noise_cost": 11.509810340332539, "n_waypoints_completed": 9, "tot_waypoints": 9}}
{"target": -169.62449044584545, "params": {"k_pid_pos": [0.6424937487551642, 0.003359862005893934, 0.005980637265455509], "k_pid_alt": [1.3318254595386856, 0.00014894213579806157, 0.001486643369143637], "k_pid_att": [25.54377276100661, 7.884569792071647, 0.46382546814016073], "k_pid_yaw": [0.5, 1e-06, 0.1], "k_pid_hsp": [0.09741236808751143, 0.004879390564246855, 0.0], "k_pid_vsp": [191.67837489281087, 297.6986225326966, 0.5403601424118961]}, "datetime": {"datetime": "2025-08-20 22:17:12", "elapsed": 37486.96855401993, "delta": 16.35491633415222}, "costs": {"total_cost": 169.62449044584545, "time_cost": 71.096, "final_distance_cost": 1.82728629169084, "oscillation_cost": 22.898560635295965, "completition_cost": 0.0, "overshoot_cost": 50.72454738561428, "power_cost": 11.775271594238282, "noise_cost": 11.302824539006094, "n_waypoints_completed": 9, "tot_waypoints": 9}}
{"target": -169.61365639608763, "params": {"k_pid_pos": [0.5366265421932367, 0.003923839444850221, 0.007978597814306461], "k_pid_alt": [2.0, 0.00011812662195616833, 0.0015250840280990356], "k_pid_att": [33.18543845320393, 7.596099813348438, 0.5175608952300861], "k_pid_yaw": [0.5, 1e-06, 0.1], "k_pid_hsp": [0.09013522763909809, 0.005532384978983375, 0.0], "k_pid_vsp": [209.08063229802653, 193.66047766485363, 0.6406365592675586]}, "datetime": {"datetime": "2025-08-20 22:17:29", "elapsed": 37504.494347810745, "delta": 17.52579379081726}, "costs": {"total_cost": 169.61365639608763, "time_cost": 72.32000000000001, "final_distance_cost": 1.8152507710703967, "oscillation_cost": 20.253295872821656, "completition_cost": 0.0, "overshoot_cost": 51.40054250778672, "power_cost": 12.246340014648439, "noise_cost": 11.57822722976042, "n_waypoints_completed": 9, "tot_waypoints": 9}}
{"target": -168.47203120039924, "params": {"k_pid_pos": [0.5222839450839277, 0.003855968490921491, 0.00729798339689737], "k_pid_alt": [2.0, 0.00013556749394121813, 0.0016772401643289307], "k_pid_att": [24.874580649961228, 7.13047555677685, 0.5042232452113351], "k_pid_yaw": [0.5, 1e-06, 0.1], "k_pid_hsp": [0.10671238920008876, 0.005116979266450101, 0.0], "k_pid_vsp": [198.09647499490282, 229.98402599023802, 0.5065086228310066]}, "datetime": {"datetime": "2025-08-20 22:17:45", "elapsed": 37520.2507185936, "delta": 15.756370782852173}, "costs": {"total_cost": 168.47203120039924, "time_cost": 72.232, "final_distance_cost": 1.8272883462722591, "oscillation_cost": 20.783592667015334, "completition_cost": 0.0, "overshoot_cost": 50.76545188959474, "power_cost": 11.571383923339845, "noise_cost": 11.292314374177069, "n_waypoints_completed": 9, "tot_waypoints": 9}}
{"target": -169.93064027973685, "params": {"k_pid_pos": [0.6660406457045415, 0.0035571491961861276, 0.006642047615420377], "k_pid_alt": [1.6079349131396075, 0.0001583740761132681, 0.0013276855433678033], "k_pid_att": [25.83453314205022, 7.722268355763437, 0.5491081874951352], "k_pid_yaw": [0.5, 1e-06, 0.1], "k_pid_hsp": [0.11858074609329956, 0.004996084986215448, 0.0], "k_pid_vsp": [220.02941684959856, 210.1328998064056, 0.5962365117397505]}, "datetime": {"datetime": "2025-08-20 22:18:03", "elapsed": 37537.55506396294, "delta": 17.30434536933899}, "costs": {"total_cost": 169.93064027973685, "time_cost": 70.47200000000001, "final_distance_cost": 1.8301705299081852, "oscillation_cost": 24.113792593936665, "completition_cost": 0.0, "overshoot_cost": 50.19322451707623, "power_cost": 12.068628723144531, "noise_cost": 11.25282391567119, "n_waypoints_completed": 9, "tot_waypoints": 9}}
{"target": -168.97780699331818, "params": {"k_pid_pos": [0.5889613690708836, 0.004142868545458237, 0.00813514845388535], "k_pid_alt": [2.0, 0.00011614915921196078, 0.0016786334247455008], "k_pid_att": [31.483562277715734, 7.8896575548721115, 0.5439989449457815], "k_pid_yaw": [0.5, 1e-06, 0.1], "k_pid_hsp": [0.10125170533929499, 0.004557867199049346, 0.0], "k_pid_vsp": [226.07238478804652, 218.91464825327884, 0.6269905135906765]}, "datetime": {"datetime": "2025-08-20 22:18:18", "elapsed": 37552.99204039574, "delta": 15.436976432800293}, "costs": {"total_cost": 168.97780699331818, "time_cost": 71.464, "final_distance_cost": 1.8276763969949337, "oscillation_cost": 21.78658287615438, "completition_cost": 0.0, "overshoot_cost": 50.82914415800388, "power_cost": 11.83953095703125, "noise_cost": 11.230872605133722, "n_waypoints_completed": 9, "tot_waypoints": 9}}
