{"target": -179.03590069970332, "params": {"k_pid_pos": [0.519574545320208, 0.0069346193962121746, 0.010664170073956243], "k_pid_alt": [1.331933653944682, 0.00028838877178095787, 0.0], "k_pid_att": [16.038746081004497, 7.265580180829173, 0.5394591242191836], "k_pid_yaw": [0.5, 1e-06, 0.1], "k_pid_hsp": [0.04675937843791416, 0.007778478299883529, 0.0], "k_pid_vsp": [304.8092016567887, 73.09617913315422, 1.219889881122618]}, "datetime": {"datetime": "2025-08-20 16:33:14", "elapsed": 16848.53525161743, "delta": 17.7338707447052}, "costs": {"total_cost": 179.03590069970332, "time_cost": 81.208, "final_distance_cost": 1.8073494005362767, "oscillation_cost": 16.346461145443815, "completition_cost": 0.0, "overshoot_cost": 55.07262229979548, "power_cost": 12.272703088378908, "noise_cost": 12.32876476554885, "n_waypoints_completed": 9, "tot_waypoints": 9}}
{"target": -170.69893707276816, "params": {"k_pid_pos": [0.845336834599717, 0.0009668806424652949, 0.017115688838547666], "k_pid_alt": [1.3177459722981177, 0.00011322917013184304, 0.03137307569047145], "k_pid_att": [37.82893938924488, 3.519736399278763, 0.6774007647828494], "k_pid_yaw": [0.5, 1e-06, 0.1], "k_pid_hsp": [0.13578763128352847, 0.011220622204854404, 0.0], "k_pid_vsp": [297.3834462931552, 123.02582170333882, 0.7481328927915794]}, "datetime": {"datetime": "2025-08-20 16:33:29", "elapsed": 16864.339048862457, "delta": 15.803797245025635}, "costs": {"total_cost": 170.69893707276816, "time_cost": 69.736, "final_distance_cost": 1.7957605582046372, "oscillation_cost": 26.800905604443127, "completition_cost": 0.0, "overshoot_cost": 49.805153031971216, "power_cost": 11.581576586914062, "noise_cost": 10.979541291235112, "n_waypoints_completed": 9, "tot_waypoints": 9}}
{"target": -174.22967196206514, "params": {"k_pid_pos": [0.7715909106685951, 0.004520559064144656, 0.0193671224401879], "k_pid_alt": [1.6389879047157414, 0.0002569093522164049, 0.034232792909874105], "k_pid_att": [14.219194006932819, 10.0, 0.9339150358002309], "k_pid_yaw": [0.5, 1e-06, 0.1], "k_pid_hsp": [0.07817472794567322, 0.003463352380281793, 0.0], "k_pid_vsp": [344.13592624778477, 126.29923502257039, 1.2509680514973776]}, "datetime": {"datetime": "2025-08-20 16:33:46", "elapsed": 16880.628566503525, "delta": 16.289517641067505}, "costs": {"total_cost": 174.22967196206514, "time_cost": 72.83200000000001, "final_distance_cost": 1.7992259973445552, "oscillation_cost": 23.838980426160116, "completition_cost": 0.0, "overshoot_cost": 51.65790664269665, "power_cost": 12.5088646484375, "noise_cost": 11.592694247426294, "n_waypoints_completed": 9, "tot_waypoints": 9}}
{"target": -174.86885595568626, "params": {"k_pid_pos": [0.773942017914119, 0.0031428340883830376, 0.033847256763950985], "k_pid_alt": [1.068303588859268, 5.693778043773192e-05, 0.028455948612105427], "k_pid_att": [34.03057141761128, 8.307016785705816, 0.03569177742289172], "k_pid_yaw": [0.5, 1e-06, 0.1], "k_pid_hsp": [0.08203891546987248, 0.008639584736959562, 0.0], "k_pid_vsp": [319.42083022707465, 168.57859906630978, 0.176627367529933]}, "datetime": {"datetime": "2025-08-20 16:34:02", "elapsed": 16896.598029613495, "delta": 15.969463109970093}, "costs": {"total_cost": 174.86885595568626, "time_cost": 72.768, "final_distance_cost": 1.7752695303472845, "oscillation_cost": 26.385829361824605, "completition_cost": 0.0, "overshoot_cost": 50.83852522072575, "power_cost": 11.791348706054688, "noise_cost": 11.30988313673393, "n_waypoints_completed": 9, "tot_waypoints": 9}}
{"target": -170.2895202937266, "params": {"k_pid_pos": [0.5738469638428642, 0.006148047347517594, 0.017313846658308058], "k_pid_alt": [1.4587261867465013, 0.00018748728240096542, 0.026985957535356774], "k_pid_att": [44.371672309851384, 9.253584802324733, 0.21713459227761608], "k_pid_yaw": [0.5, 1e-06, 0.1], "k_pid_hsp": [0.08749284142288345, 0.006649143458222662, 0.0], "k_pid_vsp": [400.0, 97.51066026972107, 0.9354636306152884]}, "datetime": {"datetime": "2025-08-20 16:34:18", "elapsed": 16912.850522994995, "delta": 16.252493381500244}, "costs": {"total_cost": 170.2895202937266, "time_cost": 72.44, "final_distance_cost": 1.8269122389128087, "oscillation_cost": 20.751816015503795, "completition_cost": 0.0, "overshoot_cost": 51.9207960643898, "power_cost": 11.940958068847657, "noise_cost": 11.409037906072545, "n_waypoints_completed": 9, "tot_waypoints": 9}}
{"target": -172.16030628914746, "params": {"k_pid_pos": [0.6165077059500721, 0.006497410898343099, 0.019399729438113692], "k_pid_alt": [1.4901184590281522, 0.00020704133630069016, 0.03038600922780906], "k_pid_att": [49.587566104984184, 3.9312699423273805, 0.5878965852640606], "k_pid_yaw": [0.5, 1e-06, 0.1], "k_pid_hsp": [0.14188761279730533, 0.0038685867983280693, 0.0], "k_pid_vsp": [400.0, 114.7831078832495, 1e-06]}, "datetime": {"datetime": "2025-08-20 16:34:35", "elapsed": 16930.055302143097, "delta": 17.204779148101807}, "costs": {"total_cost": 172.16030628914746, "time_cost": 71.752, "final_distance_cost": 1.825484691174651, "oscillation_cost": 23.928762914903817, "completition_cost": 0.0, "overshoot_cost": 51.34575750501308, "power_cost": 11.880942150878907, "noise_cost": 11.427359027176994, "n_waypoints_completed": 9, "tot_waypoints": 9}}
{"target": -524.2098860222687, "params": {"k_pid_pos": [0.21607906228172216, 0.0026926206272079507, 0.026900786176450173], "k_pid_alt": [1.2197629788402085, 0.0002934485980557366, 0.03885917006651809], "k_pid_att": [32.081704328491334, 8.254317922199656, 0.7262423638126535], "k_pid_yaw": [0.5, 1e-06, 0.1], "k_pid_hsp": [0.10721038789361348, 0.0059452561208031005, 0.0], "k_pid_vsp": [353.50048884496545, 226.8378438730788, 0.6883143118472791]}, "datetime": {"datetime": "2025-08-20 16:35:07", "elapsed": 16961.733134031296, "delta": 31.677831888198853}, "costs": {"total_cost": 524.2098860222687, "time_cost": 150, "final_distance_cost": 65.58612206594773, "oscillation_cost": 10.826875531448357, "completition_cost": 222.2222222222222, "overshoot_cost": 47.01710384574311, "power_cost": 14.99424764404297, "noise_cost": 13.563314712864331, "n_waypoints_completed": 7, "tot_waypoints": 9}}
{"target": -178.8718126817263, "params": {"k_pid_pos": [0.4216891112408519, 0.006474791238934979, 0.016735409125401494], "k_pid_alt": [1.6138512313818125, 0.00022152513246177127, 0.01713983243775652], "k_pid_att": [48.134531059848236, 9.710727430279674, 0.45361698305627834], "k_pid_yaw": [0.5, 1e-06, 0.1], "k_pid_hsp": [0.15392506516188878, 0.006244586348556361, 0.0], "k_pid_vsp": [400.0, 128.24523702544153, 0.6387440552130144]}, "datetime": {"datetime": "2025-08-20 16:35:24", "elapsed": 16978.790403604507, "delta": 17.05726957321167}, "costs": {"total_cost": 178.8718126817263, "time_cost": 78.056, "final_distance_cost": 1.8574904602974842, "oscillation_cost": 21.50953746047224, "completition_cost": 0.0, "overshoot_cost": 51.037812502082, "power_cost": 13.197718322753907, "noise_cost": 13.213253936120669, "n_waypoints_completed": 9, "tot_waypoints": 9}}
{"target": -174.8051124169168, "params": {"k_pid_pos": [0.8593904495219968, 0.0063546653390785385, 0.012597731542071758], "k_pid_alt": [0.9917948629336196, 0.00019673932614880135, 0.0014472052807909992], "k_pid_att": [28.845910485991784, 8.83874212570179, 0.33949050674042636], "k_pid_yaw": [0.5, 1e-06, 0.1], "k_pid_hsp": [0.08475153757184962, 0.008404006544303294, 0.0], "k_pid_vsp": [348.7328202046665, 159.95369867279004, 0.35270859300619856]}, "datetime": {"datetime": "2025-08-20 16:35:40", "elapsed": 16995.16800546646, "delta": 16.377601861953735}, "costs": {"total_cost": 174.8051124169168, "time_cost": 72.976, "final_distance_cost": 1.7902897135937603, "oscillation_cost": 25.780284586596142, "completition_cost": 0.0, "overshoot_cost": 50.99097600206944, "power_cost": 11.993223010253907, "noise_cost": 11.27433910440356, "n_waypoints_completed": 9, "tot_waypoints": 9}}
{"target": -197.06529183678714, "params": {"k_pid_pos": [0.3108883063689069, 0.00553748307208812, 0.029004656437354937], "k_pid_alt": [0.49885813475203905, 1.3243468090628257e-05, 0.033770482275863184], "k_pid_att": [20.97427405098855, 2.8905471148884403, 0.5240082945518837], "k_pid_yaw": [0.5, 1e-06, 0.1], "k_pid_hsp": [0.12228914635556588, 0.004707495320750719, 0.0], "k_pid_vsp": [400.0, 222.71226115268368, 1.1294378524828568]}, "datetime": {"datetime": "2025-08-20 16:36:02", "elapsed": 17016.752815485, "delta": 21.58481001853943}, "costs": {"total_cost": 197.06529183678714, "time_cost": 94.944, "final_distance_cost": 1.857616209696772, "oscillation_cost": 16.802380249216835, "completition_cost": 0.0, "overshoot_cost": 53.18955131274934, "power_cost": 14.975707263183594, "noise_cost": 15.296036801940598, "n_waypoints_completed": 9, "tot_waypoints": 9}}
{"target": -188.1076359808218, "params": {"k_pid_pos": [0.32235348104886935, 0.00631627630437234, 0.025360994456417273], "k_pid_alt": [1.7373157990333068, 0.00017396080892189452, 0.02550020713270933], "k_pid_att": [35.17569990543429, 6.115089349165038, 0.6074824887824154], "k_pid_yaw": [0.5, 1e-06, 0.1], "k_pid_hsp": [0.14580619995792946, 0.004789794399566119, 0.0], "k_pid_vsp": [296.25245543757165, 176.36111627671755, 0.6899268149616745]}, "datetime": {"datetime": "2025-08-20 16:36:22", "elapsed": 17036.553240537643, "delta": 19.800425052642822}, "costs": {"total_cost": 188.1076359808218, "time_cost": 87.368, "final_distance_cost": 1.8597184091208057, "oscillation_cost": 17.84078292172404, "completition_cost": 0.0, "overshoot_cost": 52.53377552208352, "power_cost": 13.640794543457032, "noise_cost": 14.86456458443643, "n_waypoints_completed": 9, "tot_waypoints": 9}}
{"target": -171.31155859702184, "params": {"k_pid_pos": [0.893776318035297, 0.0027720760584522574, 0.014392157863454559], "k_pid_alt": [1.433578981486754, 0.00029479025574152807, 0.012322692346019036], "k_pid_att": [51.12006164565739, 7.683339449130483, 0.5030184904650783], "k_pid_yaw": [0.5, 1e-06, 0.1], "k_pid_hsp": [0.10463830255093569, 0.005726990850183993, 0.0], "k_pid_vsp": [288.53539532074615, 122.45888289160467, 0.6416247121035837]}, "datetime": {"datetime": "2025-08-20 16:36:37", "elapsed": 17051.937592983246, "delta": 15.384352445602417}, "costs": {"total_cost": 171.31155859702184, "time_cost": 70.144, "final_distance_cost": 1.8037781118425018, "oscillation_cost": 26.109438511843127, "completition_cost": 0.0, "overshoot_cost": 50.5459312396882, "power_cost": 11.693731872558594, "noise_cost": 11.014678861089404, "n_waypoints_completed": 9, "tot_waypoints": 9}}
{"target": -174.2458696487365, "params": {"k_pid_pos": [1.1248380514774081, 0.004900103652321282, 0.0026388568556610973], "k_pid_alt": [1.2553611139578325, 0.0002573942716068247, 0.014693584624648877], "k_pid_att": [52.49940768915156, 6.033129197239361, 0.32793982927229076], "k_pid_yaw": [0.5, 1e-06, 0.1], "k_pid_hsp": [0.1642861441651, 0.008735012004719711, 0.0], "k_pid_vsp": [347.00331188368483, 144.6720250401051, 0.787172680056953]}, "datetime": {"datetime": "2025-08-20 16:36:53", "elapsed": 17067.880225658417, "delta": 15.942632675170898}, "costs": {"total_cost": 174.2458696487365, "time_cost": 69.34400000000001, "final_distance_cost": 1.784133213375774, "oscillation_cost": 30.169792581372377, "completition_cost": 0.0, "overshoot_cost": 49.66712687873427, "power_cost": 12.168349572753907, "noise_cost": 11.112467402500148, "n_waypoints_completed": 9, "tot_waypoints": 9}}
{"target": -169.66628911729305, "params": {"k_pid_pos": [0.550581170647667, 0.003553550729705769, 0.01644238218115173], "k_pid_alt": [1.5403044344554375, 0.000122454518198272, 0.0], "k_pid_att": [38.246266540927124, 10.0, 0.7044246617813416], "k_pid_yaw": [0.5, 1e-06, 0.1], "k_pid_hsp": [0.11004412435433443, 0.0034816176896149188, 0.0], "k_pid_vsp": [400.0, 131.52744295368083, 0.5981035871285632]}, "datetime": {"datetime": "2025-08-20 16:37:09", "elapsed": 17084.22238445282, "delta": 16.342158794403076}, "costs": {"total_cost": 169.66628911729305, "time_cost": 72.232, "final_distance_cost": 1.8198042634727747, "oscillation_cost": 21.328699736992288, "completition_cost": 0.0, "overshoot_cost": 50.910342693654506, "power_cost": 11.881474072265625, "noise_cost": 11.493968350907844, "n_waypoints_completed": 9, "tot_waypoints": 9}}
{"target": -170.66267286367085, "params": {"k_pid_pos": [0.5375407038359792, 0.007623175390190255, 0.024999692369347886], "k_pid_alt": [1.3858155651892974, 0.0002655092594727588, 0.037849623376113896], "k_pid_att": [62.68316775521362, 8.783453865901429, 0.37363644930118706], "k_pid_yaw": [0.5, 1e-06, 0.1], "k_pid_hsp": [0.09568031088116015, 0.006130897238883901, 0.0], "k_pid_vsp": [378.2557992065531, 149.95193351827155, 0.6909342277303634]}, "datetime": {"datetime": "2025-08-20 16:37:25", "elapsed": 17099.939739704132, "delta": 15.717355251312256}, "costs": {"total_cost": 170.66267286367085, "time_cost": 72.512, "final_distance_cost": 1.8297006681006194, "oscillation_cost": 20.691887954225148, "completition_cost": 0.0, "overshoot_cost": 51.83503941483837, "power_cost": 12.151917785644532, "noise_cost": 11.64212704086217, "n_waypoints_completed": 9, "tot_waypoints": 9}}
{"target": -169.96317709291262, "params": {"k_pid_pos": [0.7783340087633667, 0.006054307044019318, 0.016285307395171714], "k_pid_alt": [1.7555406410266496, 0.0002273022372807153, 0.03058769641431368], "k_pid_att": [33.66990929887081, 9.975746773605676, 0.6179134971778718], "k_pid_yaw": [0.5, 1e-06, 0.1], "k_pid_hsp": [0.1224360365598109, 0.004664986733165532, 0.0], "k_pid_vsp": [247.3838346660359, 183.2123887046619, 0.3500160536483523]}, "datetime": {"datetime": "2025-08-20 16:37:40", "elapsed": 17115.34029865265, "delta": 15.400558948516846}, "costs": {"total_cost": 169.96317709291262, "time_cost": 69.92, "final_distance_cost": 1.8265471441338121, "oscillation_cost": 24.92506851172492, "completition_cost": 0.0, "overshoot_cost": 50.71332545759276, "power_cost": 11.532559985351563, "noise_cost": 11.045675994109583, "n_waypoints_completed": 9, "tot_waypoints": 9}}
{"target": -175.5456092554163, "params": {"k_pid_pos": [0.9828611221626405, 0.0, 0.022619144536131647], "k_pid_alt": [1.6061995098901376, 0.0002458676415407704, 0.021213950651475036], "k_pid_att": [65.69658745176453, 9.711387530409707, 0.4515807813916159], "k_pid_yaw": [0.5, 1e-06, 0.1], "k_pid_hsp": [0.08411986337284981, 0.0059125681346727165, 0.0], "k_pid_vsp": [371.21077528607043, 121.62133607393366, 0.21040978758686968]}, "datetime": {"datetime": "2025-08-20 16:37:57", "elapsed": 17131.574672460556, "delta": 16.234373807907104}, "costs": {"total_cost": 175.5456092554163, "time_cost": 72.328, "final_distance_cost": 1.761375598031036, "oscillation_cost": 26.949059441147696, "completition_cost": 0.0, "overshoot_cost": 51.039008582401074, "power_cost": 12.10134697265625, "noise_cost": 11.36681866118026, "n_waypoints_completed": 9, "tot_waypoints": 9}}
{"target": -169.3234096382084, "params": {"k_pid_pos": [0.7190704519356684, 0.0010819842463413952, 0.0027855404765921993], "k_pid_alt": [1.9843687761506965, 0.00011820196145244475, 0.03369339494478252], "k_pid_att": [32.68971373214716, 8.279465386517964, 0.6388111736776471], "k_pid_yaw": [0.5, 1e-06, 0.1], "k_pid_hsp": [0.10635120387572299, 0.009600678945425932, 0.0], "k_pid_vsp": [370.1291672048034, 163.64802273168644, 0.7916408483345737]}, "datetime": {"datetime": "2025-08-20 16:38:12", "elapsed": 17147.191747903824, "delta": 15.617075443267822}, "costs": {"total_cost": 169.3234096382084, "time_cost": 70.432, "final_distance_cost": 1.7999087118076247, "oscillation_cost": 24.425999956943745, "completition_cost": 0.0, "overshoot_cost": 50.12797285006126, "power_cost": 11.503439721679689, "noise_cost": 11.034088397716099, "n_waypoints_completed": 9, "tot_waypoints": 9}}
{"target": -173.24205320977302, "params": {"k_pid_pos": [0.9614018581692569, 0.006296483702478706, 0.016136178511166357], "k_pid_alt": [1.6834837096321926, 0.00021167762010730398, 0.036741354396001506], "k_pid_att": [29.333522942812507, 6.092554537705244, 0.5003069011248868], "k_pid_yaw": [0.5, 1e-06, 0.1], "k_pid_hsp": [0.16393088484151325, 0.0073246183887408466, 0.0], "k_pid_vsp": [400.0, 160.8253896914929, 0.7756236661245396]}, "datetime": {"datetime": "2025-08-20 16:38:28", "elapsed": 17162.90484571457, "delta": 15.71309781074524}, "costs": {"total_cost": 173.24205320977302, "time_cost": 69.4, "final_distance_cost": 1.813110837337839, "oscillation_cost": 28.10143222017015, "completition_cost": 0.0, "overshoot_cost": 50.30303211630363, "power_cost": 12.295219763183594, "noise_cost": 11.329258272777786, "n_waypoints_completed": 9, "tot_waypoints": 9}}
{"target": -181.57149466198507, "params": {"k_pid_pos": [0.3082149590857219, 0.003672618256515615, 0.01644091250488145], "k_pid_alt": [1.184640742131308, 0.00019207793589771905, 0.06400859489502647], "k_pid_att": [17.871623107156797, 10.0, 0.6078596917300711], "k_pid_yaw": [0.5, 1e-06, 0.1], "k_pid_hsp": [0.08965681853334691, 0.004556035242745091, 0.0], "k_pid_vsp": [257.0251257737563, 115.30252012498069, 0.550920344342939]}, "datetime": {"datetime": "2025-08-20 16:38:47", "elapsed": 17181.610345602036, "delta": 18.70549988746643}, "costs": {"total_cost": 181.57149466198507, "time_cost": 83.92, "final_distance_cost": 1.8546085848831728, "oscillation_cost": 15.250838861166015, "completition_cost": 0.0, "overshoot_cost": 52.777262169722945, "power_cost": 13.593965637207033, "noise_cost": 14.174819409005913, "n_waypoints_completed": 9, "tot_waypoints": 9}}
{"target": -172.20778488850343, "params": {"k_pid_pos": [0.613688968749235, 0.006435313066458064, 0.024376623548215234], "k_pid_alt": [0.7774086556227408, 0.00020434636366137141, 0.00755352901459759], "k_pid_att": [20.664423383860225, 10.0, 0.33291228865409456], "k_pid_yaw": [0.5, 1e-06, 0.1], "k_pid_hsp": [0.11842224348475076, 0.0064080722287822335, 0.0], "k_pid_vsp": [369.5536446315261, 202.72827933119837, 0.8298072070414547]}, "datetime": {"datetime": "2025-08-20 16:39:03", "elapsed": 17197.827675819397, "delta": 16.21733021736145}, "costs": {"total_cost": 172.20778488850343, "time_cost": 73.248, "final_distance_cost": 1.8355022212747913, "oscillation_cost": 23.61523956711147, "completition_cost": 0.0, "overshoot_cost": 50.01909207307729, "power_cost": 11.990904345703125, "noise_cost": 11.499046681336752, "n_waypoints_completed": 9, "tot_waypoints": 9}}
{"target": -170.7140258524532, "params": {"k_pid_pos": [0.5426796659351999, 0.0, 0.0018295444391690358], "k_pid_alt": [1.5686498723241369, 0.00016277217657856486, 0.0], "k_pid_att": [9.30742760994462, 10.0, 0.747863905982385], "k_pid_yaw": [0.5, 1e-06, 0.1], "k_pid_hsp": [0.08337213889779084, 0.009368329573664437, 0.0], "k_pid_vsp": [160.18360992373633, 194.2418325523954, 0.698757018873316]}, "datetime": {"datetime": "2025-08-20 16:39:19", "elapsed": 17213.961855888367, "delta": 16.134180068969727}, "costs": {"total_cost": 170.7140258524532, "time_cost": 72.328, "final_distance_cost": 1.8326206785674515, "oscillation_cost": 21.691315870578556, "completition_cost": 0.0, "overshoot_cost": 50.535617418928716, "power_cost": 12.633351770019532, "noise_cost": 11.693120114358923, "n_waypoints_completed": 9, "tot_waypoints": 9}}
{"target": -171.82862370615862, "params": {"k_pid_pos": [0.5741585849176128, 0.0021735964994417296, 0.010472977266011147], "k_pid_alt": [1.400604520345653, 0.0001686425635607122, 0.010072509447573081], "k_pid_att": [19.859319705841692, 10.0, 0.5301288572766968], "k_pid_yaw": [0.5, 1e-06, 0.1], "k_pid_hsp": [0.06957848272218044, 0.005985501122665676, 0.0], "k_pid_vsp": [368.9620864224403, 140.49404617853475, 1.1623600397778038]}, "datetime": {"datetime": "2025-08-20 16:39:36", "elapsed": 17230.946125507355, "delta": 16.984269618988037}, "costs": {"total_cost": 171.82862370615862, "time_cost": 74.52, "final_distance_cost": 1.784336137475187, "oscillation_cost": 19.712014350910046, "completition_cost": 0.0, "overshoot_cost": 52.16722883529613, "power_cost": 11.983800634765625, "noise_cost": 11.661243747711637, "n_waypoints_completed": 9, "tot_waypoints": 9}}
{"target": -171.52198957645086, "params": {"k_pid_pos": [0.792871091403125, 0.003483236665717919, 0.017701607671272514], "k_pid_alt": [1.5156177794496666, 0.00014171230243106004, 0.020987036089327615], "k_pid_att": [31.354854387501927, 8.285885855001476, 0.6577884725194583], "k_pid_yaw": [0.5, 1e-06, 0.1], "k_pid_hsp": [0.08944822103945417, 0.006486163770711176, 0.0], "k_pid_vsp": [382.1482103470965, 113.89816884825704, 0.5792108935930852]}, "datetime": {"datetime": "2025-08-20 16:39:52", "elapsed": 17246.93096256256, "delta": 15.984837055206299}, "costs": {"total_cost": 171.52198957645086, "time_cost": 71.424, "final_distance_cost": 1.8000886310163806, "oscillation_cost": 24.444395161693407, "completition_cost": 0.0, "overshoot_cost": 50.80627653924606, "power_cost": 11.897039892578126, "noise_cost": 11.150189351916888, "n_waypoints_completed": 9, "tot_waypoints": 9}}
{"target": -170.1367772294985, "params": {"k_pid_pos": [0.6583016703342531, 0.003476866814267622, 0.0021962267090282115], "k_pid_alt": [1.9119672751810848, 9.450121713881527e-05, 0.014887120464049263], "k_pid_att": [31.788801997322054, 10.0, 0.653166978961001], "k_pid_yaw": [0.5, 1e-06, 0.1], "k_pid_hsp": [0.13110128564426862, 0.0025610512508930077, 0.0], "k_pid_vsp": [400.0, 365.3219892095969, 0.7464101817517309]}, "datetime": {"datetime": "2025-08-20 16:40:08", "elapsed": 17263.382375240326, "delta": 16.451412677764893}, "costs": {"total_cost": 170.1367772294985, "time_cost": 70.664, "final_distance_cost": 1.8118787945702484, "oscillation_cost": 23.587138918966534, "completition_cost": 0.0, "overshoot_cost": 50.4241943983138, "power_cost": 12.182357116699219, "noise_cost": 11.467208000948705, "n_waypoints_completed": 9, "tot_waypoints": 9}}
