{"target": -170.83482575775966, "params": {"k_pid_pos": [0.5217558284362065, 0.004235352744133121, 0.012765424996105909], "k_pid_alt": [1.5572454392546184, 7.809611287767195e-05, 0.0028740284763606066], "k_pid_att": [39.00269928395267, 10.0, 0.8268455670016861], "k_pid_yaw": [0.5, 1e-06, 0.1], "k_pid_hsp": [0.12098680678561335, 0.010807553311715004, 0.0], "k_pid_vsp": [396.0999682783099, 280.2869040376888, 0.9359382440470355]}, "datetime": {"datetime": "2025-08-20 17:36:49", "elapsed": 20663.61418032646, "delta": 16.38839340209961}, "costs": {"total_cost": 170.83482575775966, "time_cost": 72.392, "final_distance_cost": 1.8394407011355216, "oscillation_cost": 21.96965734066792, "completition_cost": 0.0, "overshoot_cost": 50.36046607795148, "power_cost": 12.411848107910156, "noise_cost": 11.861413530094607, "n_waypoints_completed": 9, "tot_waypoints": 9}}
{"target": -171.00074699018347, "params": {"k_pid_pos": [0.79203342575141, 0.003804583103787557, 0.013744426088786588], "k_pid_alt": [2.0, 9.770347681157506e-05, 0.001164934968447317], "k_pid_att": [54.2440771739704, 8.769606112487205, 0.7225398587843458], "k_pid_yaw": [0.5, 1e-06, 0.1], "k_pid_hsp": [0.09136674285128875, 0.0070253026581004645, 0.0], "k_pid_vsp": [236.7076003575977, 242.09328819168277, 0.8165204177286105]}, "datetime": {"datetime": "2025-08-20 17:37:04", "elapsed": 20679.15219783783, "delta": 15.538017511367798}, "costs": {"total_cost": 171.00074699018347, "time_cost": 70.784, "final_distance_cost": 1.772115691625079, "oscillation_cost": 24.651891777681627, "completition_cost": 0.0, "overshoot_cost": 50.4172083002069, "power_cost": 12.176497961425781, "noise_cost": 11.199033259244096, "n_waypoints_completed": 9, "tot_waypoints": 9}}
{"target": -169.51082699891074, "params": {"k_pid_pos": [0.5334799090991211, 0.0036945495392038483, 0.010696332882991669], "k_pid_alt": [1.9989224625660722, 0.00016919180692012256, 0.003088925867289479], "k_pid_att": [20.485099444535766, 8.387859085702537, 0.625140119617219], "k_pid_yaw": [0.5, 1e-06, 0.1], "k_pid_hsp": [0.10348319215050848, 0.00695739253089403, 0.0], "k_pid_vsp": [237.43077064133857, 119.47875421289541, 0.6530669619225064]}, "datetime": {"datetime": "2025-08-20 17:37:20", "elapsed": 20695.163060188293, "delta": 16.010862350463867}, "costs": {"total_cost": 169.51082699891074, "time_cost": 72.08, "final_distance_cost": 1.83686777397306, "oscillation_cost": 21.257059074007582, "completition_cost": 0.0, "overshoot_cost": 50.79691603017048, "power_cost": 11.997025061035156, "noise_cost": 11.542959059724462, "n_waypoints_completed": 9, "tot_waypoints": 9}}
{"target": -172.16752919866744, "params": {"k_pid_pos": [0.8024960911507573, 0.0030203043754343933, 0.010755779040881796], "k_pid_alt": [1.0587421389494418, 5.019780929034172e-05, 0.0055563996805738924], "k_pid_att": [44.90321054079495, 8.002840984653915, 0.7721395334272172], "k_pid_yaw": [0.5, 1e-06, 0.1], "k_pid_hsp": [0.09254206423861035, 0.006388321086754658, 0.0], "k_pid_vsp": [321.4350832639005, 145.63487485317395, 1.2003293397377386]}, "datetime": {"datetime": "2025-08-20 17:37:36", "elapsed": 20711.415271759033, "delta": 16.252211570739746}, "costs": {"total_cost": 172.16752919866744, "time_cost": 71.83200000000001, "final_distance_cost": 1.7891983464553332, "oscillation_cost": 24.789809081771352, "completition_cost": 0.0, "overshoot_cost": 50.900005026651435, "power_cost": 11.714846704101562, "noise_cost": 11.141670039687728, "n_waypoints_completed": 9, "tot_waypoints": 9}}
{"target": -173.2500782875739, "params": {"k_pid_pos": [0.8131210477064373, 0.003953286283522359, 0.016130393406273407], "k_pid_alt": [0.9622339076663411, 7.849277841219816e-05, 0.0], "k_pid_att": [43.523596034458016, 3.7996792208274166, 0.5141784393008725], "k_pid_yaw": [0.5, 1e-06, 0.1], "k_pid_hsp": [0.08905108217060108, 0.007563358770573553, 0.0], "k_pid_vsp": [324.4895523012261, 161.60157974791088, 0.23480155126624666]}, "datetime": {"datetime": "2025-08-20 17:37:52", "elapsed": 20726.971519708633, "delta": 15.55624794960022}, "costs": {"total_cost": 173.2500782875739, "time_cost": 72.672, "final_distance_cost": 1.8102037769549446, "oscillation_cost": 24.92559911437331, "completition_cost": 0.0, "overshoot_cost": 50.71510367451327, "power_cost": 11.883536437988282, "noise_cost": 11.243635283744071, "n_waypoints_completed": 9, "tot_waypoints": 9}}
{"target": -1267.4425792461336, "params": {"k_pid_pos": [0.7042097303468053, 0.0029756384312091297, 0.012822032033018316], "k_pid_alt": [0.026844998881755955, 0.00011147288646609399, 0.0029200761895546916], "k_pid_att": [46.585419024440256, 10.0, 0.08103092666747384], "k_pid_yaw": [0.5, 1e-06, 0.1], "k_pid_hsp": [0.10600674587199643, 0.009501117974630557, 0.0], "k_pid_vsp": [298.57922780682685, 117.64823461874273, 0.8692426147886639]}, "datetime": {"datetime": "2025-08-20 17:38:15", "elapsed": 20749.86107325554, "delta": 22.889553546905518}, "costs": {"total_cost": 1267.4425792461336, "time_cost": 150, "final_distance_cost": 42.47476015558559, "oscillation_cost": 4.158958209817546, "completition_cost": 1000.0, "overshoot_cost": 44.554843512599966, "power_cost": 12.836390502929689, "noise_cost": 13.417626865200909, "n_waypoints_completed": 0, "tot_waypoints": 9}}
{"target": -172.65236062129205, "params": {"k_pid_pos": [0.5817876129249321, 0.0025901702873415275, 0.014096710295067654], "k_pid_alt": [1.102568243410189, 7.510224122207403e-05, 0.004149115641070661], "k_pid_att": [52.31646631609652, 9.099438086048913, 0.7482450631190568], "k_pid_yaw": [0.5, 1e-06, 0.1], "k_pid_hsp": [0.06588291232308567, 0.01135763735358484, 0.0], "k_pid_vsp": [280.3530178992969, 215.9020143118518, 1e-06]}, "datetime": {"datetime": "2025-08-20 17:38:32", "elapsed": 20767.440225362778, "delta": 17.57915210723877}, "costs": {"total_cost": 172.65236062129205, "time_cost": 74.88, "final_distance_cost": 1.7970768777953374, "oscillation_cost": 20.719457070174897, "completition_cost": 0.0, "overshoot_cost": 51.401062992301206, "power_cost": 12.268111645507814, "noise_cost": 11.586652035512802, "n_waypoints_completed": 9, "tot_waypoints": 9}}
{"target": -174.389207829982, "params": {"k_pid_pos": [0.8045791647517846, 0.001522164440173646, 0.018303903653409795], "k_pid_alt": [2.0, 0.0001225545298442303, 0.005850164045017502], "k_pid_att": [38.85645129589995, 6.092766403168226, 0.9398127332228867], "k_pid_yaw": [0.5, 1e-06, 0.1], "k_pid_hsp": [0.07601676269164954, 0.009850030058065463, 0.0], "k_pid_vsp": [336.5487881642119, 77.35512473344612, 0.6802192912866513]}, "datetime": {"datetime": "2025-08-20 17:38:48", "elapsed": 20783.501393318176, "delta": 16.06116795539856}, "costs": {"total_cost": 174.389207829982, "time_cost": 72.536, "final_distance_cost": 1.7787336737176953, "oscillation_cost": 24.729691441156923, "completition_cost": 0.0, "overshoot_cost": 51.595637628274275, "power_cost": 12.327719213867189, "noise_cost": 11.421425872965887, "n_waypoints_completed": 9, "tot_waypoints": 9}}
{"target": -171.36537017287748, "params": {"k_pid_pos": [0.4320140402025259, 0.003561010237182157, 0.010614575423388143], "k_pid_alt": [2.0, 9.789557347086792e-05, 0.005016536238151677], "k_pid_att": [49.90671853958302, 6.755587107954447, 0.7343502439674298], "k_pid_yaw": [0.5, 1e-06, 0.1], "k_pid_hsp": [0.0728248910028169, 0.007967768384952622, 0.0], "k_pid_vsp": [276.6161832725517, 243.1491394341524, 0.7842309773797687]}, "datetime": {"datetime": "2025-08-20 17:39:05", "elapsed": 20800.242126226425, "delta": 16.7407329082489}, "costs": {"total_cost": 171.36537017287748, "time_cost": 74.984, "final_distance_cost": 1.8349138810914503, "oscillation_cost": 17.192911384906868, "completition_cost": 0.0, "overshoot_cost": 52.45776865083787, "power_cost": 12.702087438964844, "noise_cost": 12.19368881707647, "n_waypoints_completed": 9, "tot_waypoints": 9}}
{"target": -170.0057386032291, "params": {"k_pid_pos": [0.633209613161367, 0.0022395819346473066, 0.014452277145029682], "k_pid_alt": [1.3106345635543033, 0.0001244455733326629, 0.00020844947344926423], "k_pid_att": [31.466746944144337, 9.45469859732573, 0.8656280554486885], "k_pid_yaw": [0.5, 1e-06, 0.1], "k_pid_hsp": [0.08528220588172884, 0.0076839271779729655, 0.0], "k_pid_vsp": [338.1295321881411, 171.72356384391148, 0.6438438615892559]}, "datetime": {"datetime": "2025-08-20 17:39:21", "elapsed": 20816.37606072426, "delta": 16.133934497833252}, "costs": {"total_cost": 170.0057386032291, "time_cost": 72.048, "final_distance_cost": 1.805161035603342, "oscillation_cost": 21.914987113430634, "completition_cost": 0.0, "overshoot_cost": 51.25884198815552, "power_cost": 11.689438891601563, "noise_cost": 11.289309574438054, "n_waypoints_completed": 9, "tot_waypoints": 9}}
{"target": -171.9105932688932, "params": {"k_pid_pos": [0.8815561586517954, 0.004358533334393987, 0.014318060877826591], "k_pid_alt": [1.5232415338805219, 0.00011006050434192171, 0.002697295543542424], "k_pid_att": [22.762990633296898, 8.023769088080178, 0.27979011065374404], "k_pid_yaw": [0.5, 1e-06, 0.1], "k_pid_hsp": [0.09904573395240883, 0.005292878952328599, 0.0], "k_pid_vsp": [283.8493638627407, 218.24738558798344, 0.7003108061266229]}, "datetime": {"datetime": "2025-08-20 17:39:36", "elapsed": 20831.44551205635, "delta": 15.069451332092285}, "costs": {"total_cost": 171.9105932688932, "time_cost": 70.144, "final_distance_cost": 1.8079083349182559, "oscillation_cost": 26.264180672415634, "completition_cost": 0.0, "overshoot_cost": 50.716266327979845, "power_cost": 11.85381220703125, "noise_cost": 11.12442572654821, "n_waypoints_completed": 9, "tot_waypoints": 9}}
{"target": -169.5212251591969, "params": {"k_pid_pos": [0.4906954966212121, 0.0, 0.013695402419568051], "k_pid_alt": [1.6449983195153164, 0.00013216696575462693, 0.0016154206959364745], "k_pid_att": [47.378544389174856, 5.887573071142512, 0.7019905856582365], "k_pid_yaw": [0.5, 1e-06, 0.1], "k_pid_hsp": [0.08769016272829422, 0.009545688599227326, 0.0], "k_pid_vsp": [174.49347102093034, 242.78569666098375, 0.5259394606188695]}, "datetime": {"datetime": "2025-08-20 17:39:53", "elapsed": 20847.80405688286, "delta": 16.35854482650757}, "costs": {"total_cost": 169.5212251591969, "time_cost": 72.848, "final_distance_cost": 1.8264089509859678, "oscillation_cost": 19.488742383870328, "completition_cost": 0.0, "overshoot_cost": 51.33467058220789, "power_cost": 12.272579565429687, "noise_cost": 11.750823676703009, "n_waypoints_completed": 9, "tot_waypoints": 9}}
{"target": -171.94554180834328, "params": {"k_pid_pos": [0.47694530368851457, 0.002657459029974635, 0.010674400370069942], "k_pid_alt": [1.2303136505657166, 0.00015171213835706105, 0.004807094337334414], "k_pid_att": [42.81322064308023, 8.34514056737708, 0.609788333764027], "k_pid_yaw": [0.5, 1e-06, 0.1], "k_pid_hsp": [0.11058210655781915, 0.006860275093620079, 0.0], "k_pid_vsp": [304.16576800057743, 200.46862692846003, 0.31863367476365223]}, "datetime": {"datetime": "2025-08-20 17:40:10", "elapsed": 20864.987015247345, "delta": 17.182958364486694}, "costs": {"total_cost": 171.94554180834328, "time_cost": 73.752, "final_distance_cost": 1.848994178452486, "oscillation_cost": 20.12776766307903, "completition_cost": 0.0, "overshoot_cost": 51.65969971379412, "power_cost": 12.480519042968751, "noise_cost": 12.076561210048906, "n_waypoints_completed": 9, "tot_waypoints": 9}}
{"target": -171.06643533260302, "params": {"k_pid_pos": [0.7385387052054174, 0.0026480215974650934, 0.00912507511288078], "k_pid_alt": [1.7143401014144584, 0.00010496808611677943, 0.000508568373783693], "k_pid_att": [44.68926106644159, 8.722256560390553, 1.0], "k_pid_yaw": [0.5, 1e-06, 0.1], "k_pid_hsp": [0.11081336208097986, 0.012616476508391703, 0.0], "k_pid_vsp": [319.78421155523495, 236.43163507529007, 0.8112773979117552]}, "datetime": {"datetime": "2025-08-20 17:40:25", "elapsed": 20880.137688159943, "delta": 15.150672912597656}, "costs": {"total_cost": 171.06643533260302, "time_cost": 70.08, "final_distance_cost": 1.813223751548451, "oscillation_cost": 25.35941811262811, "completition_cost": 0.0, "overshoot_cost": 50.02142556165241, "power_cost": 12.409194360351563, "noise_cost": 11.3831735464225, "n_waypoints_completed": 9, "tot_waypoints": 9}}
{"target": -174.0454510371033, "params": {"k_pid_pos": [0.544882810112725, 0.0024272482486849462, 0.012683095104980538], "k_pid_alt": [1.0166690490405346, 0.00013107076822420883, 0.0], "k_pid_att": [65.20522553104558, 2.060345540285672, 0.31565273810429856], "k_pid_yaw": [0.5, 1e-06, 0.1], "k_pid_hsp": [0.1350928196335135, 0.011642130607860382, 0.0], "k_pid_vsp": [150.59769025416793, 161.58884557766362, 0.7020666003487429]}, "datetime": {"datetime": "2025-08-20 17:40:42", "elapsed": 20897.28281211853, "delta": 17.145123958587646}, "costs": {"total_cost": 174.0454510371033, "time_cost": 73.264, "final_distance_cost": 1.8387288839666003, "oscillation_cost": 24.469308332858557, "completition_cost": 0.0, "overshoot_cost": 50.37198504659071, "power_cost": 12.315403735351563, "noise_cost": 11.786025038335893, "n_waypoints_completed": 9, "tot_waypoints": 9}}
{"target": -170.1533563060497, "params": {"k_pid_pos": [0.751059207998955, 0.0040403021322902135, 0.00919790085846828], "k_pid_alt": [2.0, 2.957304335866382e-05, 0.0], "k_pid_att": [42.22514479311628, 3.846280119659579, 0.7154346718795098], "k_pid_yaw": [0.5, 1e-06, 0.1], "k_pid_hsp": [0.10732400332799859, 0.008556584362135529, 0.0], "k_pid_vsp": [397.22831520772655, 205.32995647483486, 0.6790918881731426]}, "datetime": {"datetime": "2025-08-20 17:40:59", "elapsed": 20913.605214357376, "delta": 16.322402238845825}, "costs": {"total_cost": 170.1533563060497, "time_cost": 70.288, "final_distance_cost": 1.7927978090204646, "oscillation_cost": 24.459082011962842, "completition_cost": 0.0, "overshoot_cost": 50.46205535936299, "power_cost": 12.009573937988282, "noise_cost": 11.141847187715097, "n_waypoints_completed": 9, "tot_waypoints": 9}}
{"target": -169.77602450942095, "params": {"k_pid_pos": [0.7357476033559035, 0.002820866113220948, 0.010151079058893125], "k_pid_alt": [2.0, 0.00014556093346701311, 0.001936276038019564], "k_pid_att": [55.93421509384217, 7.314675398539118, 0.9358546268501504], "k_pid_yaw": [0.5, 1e-06, 0.1], "k_pid_hsp": [0.09515524257101186, 0.01140065509730223, 0.0], "k_pid_vsp": [369.2054065638347, 235.07613033656654, 0.5450585514781202]}, "datetime": {"datetime": "2025-08-20 17:41:14", "elapsed": 20929.279161691666, "delta": 15.67394733428955}, "costs": {"total_cost": 169.77602450942095, "time_cost": 70.84, "final_distance_cost": 1.8183119528116944, "oscillation_cost": 24.203512296539493, "completition_cost": 0.0, "overshoot_cost": 50.29248129785345, "power_cost": 11.598416027832032, "noise_cost": 11.023302934384265, "n_waypoints_completed": 9, "tot_waypoints": 9}}
{"target": -172.4737295118192, "params": {"k_pid_pos": [0.6135933918189476, 0.0038334033788671, 0.01836699387632317], "k_pid_alt": [1.6709762053315, 0.00011705643924961709, 0.0], "k_pid_att": [50.16669069723756, 9.446725919044868, 0.7471249060522597], "k_pid_yaw": [0.5, 1e-06, 0.1], "k_pid_hsp": [0.06981713438059077, 0.008562166929415242, 0.0], "k_pid_vsp": [400.0, 262.7464368219718, 0.46988109103482717]}, "datetime": {"datetime": "2025-08-20 17:41:31", "elapsed": 20945.890427589417, "delta": 16.611265897750854}, "costs": {"total_cost": 172.4737295118192, "time_cost": 73.744, "final_distance_cost": 1.7830183096141075, "oscillation_cost": 20.87312910483867, "completition_cost": 0.0, "overshoot_cost": 51.67851366253869, "power_cost": 12.563379345703126, "noise_cost": 11.831689089124588, "n_waypoints_completed": 9, "tot_waypoints": 9}}
{"target": -171.05546726298442, "params": {"k_pid_pos": [0.6401777738825593, 0.002815840208173941, 0.013898758050115345], "k_pid_alt": [1.8327167091292305, 0.00010801553294249962, 0.000376735230698275], "k_pid_att": [29.864697728387455, 10.0, 1.0], "k_pid_yaw": [0.5, 1e-06, 0.1], "k_pid_hsp": [0.08967214893921353, 0.010502326492642931, 0.0], "k_pid_vsp": [47.6525591595828, 184.74938020339968, 0.4111907779823]}, "datetime": {"datetime": "2025-08-20 17:41:46", "elapsed": 20961.40209698677, "delta": 15.511669397354126}, "costs": {"total_cost": 171.05546726298442, "time_cost": 71.592, "final_distance_cost": 1.7956175055007726, "oscillation_cost": 23.091227534991106, "completition_cost": 0.0, "overshoot_cost": 50.844315970606566, "power_cost": 12.38507333984375, "noise_cost": 11.34723291204221, "n_waypoints_completed": 9, "tot_waypoints": 9}}
{"target": -170.12527623484382, "params": {"k_pid_pos": [0.7236094048803144, 0.003676038302690836, 0.012261495220918857], "k_pid_alt": [1.893627956826345, 0.00015399446687334556, 0.00013258883512811572], "k_pid_att": [22.140009575722512, 10.0, 0.6710431858145975], "k_pid_yaw": [0.5, 1e-06, 0.1], "k_pid_hsp": [0.14101642784731247, 0.008428931961495342, 0.0], "k_pid_vsp": [326.8498982840756, 244.91824359797906, 0.30718111113214347]}, "datetime": {"datetime": "2025-08-20 17:42:02", "elapsed": 20977.334943056107, "delta": 15.932846069335938}, "costs": {"total_cost": 170.12527623484382, "time_cost": 70.06400000000001, "final_distance_cost": 1.8347794823659664, "oscillation_cost": 25.188661397243777, "completition_cost": 0.0, "overshoot_cost": 49.64402143681331, "power_cost": 12.106569946289063, "noise_cost": 11.287243972131705, "n_waypoints_completed": 9, "tot_waypoints": 9}}
{"target": -169.7607214420765, "params": {"k_pid_pos": [0.5559963230314385, 0.0033833146864574, 0.010741983418174499], "k_pid_alt": [2.0, 9.873801108951993e-05, 0.0018323618071050573], "k_pid_att": [47.115051660837786, 10.0, 0.47168051552450474], "k_pid_yaw": [0.5, 1e-06, 0.1], "k_pid_hsp": [0.11312035973061457, 0.007667764873439799, 0.0], "k_pid_vsp": [206.04106021719227, 142.9826947339408, 0.8843267019779306]}, "datetime": {"datetime": "2025-08-20 17:42:19", "elapsed": 20994.142402648926, "delta": 16.807459592819214}, "costs": {"total_cost": 169.7607214420765, "time_cost": 71.752, "final_distance_cost": 1.8421247135209495, "oscillation_cost": 22.06532347435279, "completition_cost": 0.0, "overshoot_cost": 50.49899289819705, "power_cost": 12.143672875976563, "noise_cost": 11.458607480029151, "n_waypoints_completed": 9, "tot_waypoints": 9}}
{"target": -175.1614995725396, "params": {"k_pid_pos": [0.6208364845950395, 0.0032757840579942916, 0.01188423913137015], "k_pid_alt": [1.4052992597191512, 9.162263626923517e-05, 0.00031230876792158365], "k_pid_att": [35.18951862537998, 8.168250238549028, 0.34126543218394684], "k_pid_yaw": [0.5, 1e-06, 0.1], "k_pid_hsp": [0.05451259799794247, 0.011278715035207899, 0.0], "k_pid_vsp": [295.07414171899114, 151.6123992711562, 0.5544778237609845]}, "datetime": {"datetime": "2025-08-20 17:42:35", "elapsed": 21010.4629714489, "delta": 16.320568799972534}, "costs": {"total_cost": 175.1614995725396, "time_cost": 75.864, "final_distance_cost": 1.7962632604616007, "oscillation_cost": 20.531031055337355, "completition_cost": 0.0, "overshoot_cost": 52.4662725007177, "power_cost": 12.515333447265625, "noise_cost": 11.988599308757324, "n_waypoints_completed": 9, "tot_waypoints": 9}}
{"target": -170.68322998931902, "params": {"k_pid_pos": [0.6964482706375339, 0.002514295459260623, 0.014483325695650815], "k_pid_alt": [1.3706594774488903, 0.00010276369317916316, 0.0052424420840772494], "k_pid_att": [58.99465697309375, 8.97321875826155, 0.6927207922758796], "k_pid_yaw": [0.5, 1e-06, 0.1], "k_pid_hsp": [0.0895188541765477, 0.00978762167528375, 0.0], "k_pid_vsp": [233.0393525124308, 359.03044319718856, 0.588467563790876]}, "datetime": {"datetime": "2025-08-20 17:42:52", "elapsed": 21026.69843363762, "delta": 16.235462188720703}, "costs": {"total_cost": 170.68322998931902, "time_cost": 71.528, "final_distance_cost": 1.8010910606638617, "oscillation_cost": 23.776827898548554, "completition_cost": 0.0, "overshoot_cost": 50.39663164887421, "power_cost": 11.960409814453126, "noise_cost": 11.220269566779244, "n_waypoints_completed": 9, "tot_waypoints": 9}}
{"target": -170.43346713447406, "params": {"k_pid_pos": [0.6944012518002444, 0.00130880844061734, 0.01030171608655751], "k_pid_alt": [1.8359933204939936, 0.00012087623477216709, 0.0025762175701091014], "k_pid_att": [57.14464519688289, 7.233514304334005, 0.6285747880827107], "k_pid_yaw": [0.5, 1e-06, 0.1], "k_pid_hsp": [0.09561209677848966, 0.00924173666209518, 0.0], "k_pid_vsp": [305.64260031739656, 274.8351014589584, 0.25931401844941143]}, "datetime": {"datetime": "2025-08-20 17:43:08", "elapsed": 21042.696479082108, "delta": 15.998045444488525}, "costs": {"total_cost": 170.43346713447406, "time_cost": 70.736, "final_distance_cost": 1.8125124402556059, "oscillation_cost": 23.797052519160957, "completition_cost": 0.0, "overshoot_cost": 50.45975693962968, "power_cost": 12.289510131835938, "noise_cost": 11.338635103591892, "n_waypoints_completed": 9, "tot_waypoints": 9}}
{"target": -171.71258646983122, "params": {"k_pid_pos": [0.5747077394265079, 0.0027539422413068743, 0.01038918567446374], "k_pid_alt": [1.465373309070334, 8.8262118922675e-05, 0.00021825212526603664], "k_pid_att": [40.271768487186186, 5.612339340823296, 0.7355922180377082], "k_pid_yaw": [0.5, 1e-06, 0.1], "k_pid_hsp": [0.07189494313336688, 0.009441466864411685, 0.0], "k_pid_vsp": [399.04747887816256, 277.8515853499793, 0.5602396857036138]}, "datetime": {"datetime": "2025-08-20 17:43:25", "elapsed": 21059.883034944534, "delta": 17.186555862426758}, "costs": {"total_cost": 171.71258646983122, "time_cost": 73.88, "final_distance_cost": 1.7841144123694963, "oscillation_cost": 20.545835380877254, "completition_cost": 0.0, "overshoot_cost": 51.50818610203873, "power_cost": 12.414640258789063, "noise_cost": 11.579810315756704, "n_waypoints_completed": 9, "tot_waypoints": 9}}
