{"target": -169.52659734392435, "params": {"k_pid_pos": [0.6697898568044014, 0.0020728513199275724, 0.007447853256527419], "k_pid_alt": [2.0, 0.0001246121020751783, 0.021026140904548875], "k_pid_att": [34.183823395104405, 7.883296893594756, 0.3109758265018923], "k_pid_yaw": [0.5, 1e-06, 0.1], "k_pid_hsp": [0.1397210074943419, 0.009008137626095513, 0.0], "k_pid_vsp": [196.13569922779672, 179.84705079076696, 0.7566459472309486]}, "datetime": {"datetime": "2025-08-20 17:02:00", "elapsed": 18574.88529920578, "delta": 16.256725788116455}, "costs": {"total_cost": 169.52659734392435, "time_cost": 70.504, "final_distance_cost": 1.838449691718945, "oscillation_cost": 24.09353812012285, "completition_cost": 0.0, "overshoot_cost": 49.954526676512316, "power_cost": 11.880548168945314, "noise_cost": 11.25553468662489, "n_waypoints_completed": 9, "tot_waypoints": 9}}
{"target": -176.10265706028906, "params": {"k_pid_pos": [1.016679476850321, 0.0013893027777625282, 0.006992417022894594], "k_pid_alt": [1.8215088990727493, 6.82724379557527e-05, 0.0307055882807044], "k_pid_att": [47.9078224584419, 6.652571644587475, 0.2815000576210119], "k_pid_yaw": [0.5, 1e-06, 0.1], "k_pid_hsp": [0.0899813031668077, 0.0051384031119137965, 0.0], "k_pid_vsp": [24.918392780026792, 153.45253329397846, 0.9683956880554887]}, "datetime": {"datetime": "2025-08-20 17:02:16", "elapsed": 18590.825830221176, "delta": 15.940531015396118}, "costs": {"total_cost": 176.10265706028906, "time_cost": 70.168, "final_distance_cost": 1.7546294686885868, "oscillation_cost": 29.51731155806017, "completition_cost": 0.0, "overshoot_cost": 50.99761740522884, "power_cost": 12.613379040527345, "noise_cost": 11.051719587784094, "n_waypoints_completed": 9, "tot_waypoints": 9}}
{"target": -172.68677030133853, "params": {"k_pid_pos": [0.4722860238550726, 0.0013072714733302845, 0.009513608917185038], "k_pid_alt": [0.7462374371369748, 9.27405122332581e-05, 0.023346534642456996], "k_pid_att": [59.36347815609357, 9.716396611370026, 0.6256227826273997], "k_pid_yaw": [0.5, 1e-06, 0.1], "k_pid_hsp": [0.09065006359552141, 0.006718246688158694, 0.0], "k_pid_vsp": [173.46964678051054, 189.32352138180354, 0.7073788218233618]}, "datetime": {"datetime": "2025-08-20 17:02:33", "elapsed": 18607.946689367294, "delta": 17.120859146118164}, "costs": {"total_cost": 172.68677030133853, "time_cost": 75.936, "final_distance_cost": 1.8386943577986248, "oscillation_cost": 19.041577977019205, "completition_cost": 0.0, "overshoot_cost": 51.50168576307385, "power_cost": 12.484099670410156, "noise_cost": 11.884712533036696, "n_waypoints_completed": 9, "tot_waypoints": 9}}
{"target": -171.7903757912527, "params": {"k_pid_pos": [0.7053122864940367, 0.0011564706721498236, 0.0063771236455083214], "k_pid_alt": [1.3370533717722815, 0.00012886355988422476, 0.010288323949842417], "k_pid_att": [18.681549550669214, 6.898435952801949, 0.5774472736013184], "k_pid_yaw": [0.5, 1e-06, 0.1], "k_pid_hsp": [0.08495000292952154, 0.009576634885163518, 0.0], "k_pid_vsp": [242.20693438325145, 134.33522976490602, 0.9890585678670671]}, "datetime": {"datetime": "2025-08-20 17:02:49", "elapsed": 18623.544246912003, "delta": 15.597557544708252}, "costs": {"total_cost": 171.7903757912527, "time_cost": 71.976, "final_distance_cost": 1.812106210029686, "oscillation_cost": 23.82465684194346, "completition_cost": 0.0, "overshoot_cost": 50.946127029068556, "power_cost": 12.04065185546875, "noise_cost": 11.190833854742234, "n_waypoints_completed": 9, "tot_waypoints": 9}}
{"target": -172.19538895751506, "params": {"k_pid_pos": [0.44609513611589796, 0.0, 0.014184418691820695], "k_pid_alt": [1.555568460063671, 8.359758527510032e-05, 0.040483911037043824], "k_pid_att": [19.61812390742109, 10.0, 0.27411971420268855], "k_pid_yaw": [0.5, 1e-06, 0.1], "k_pid_hsp": [0.11518697055558612, 0.004946809950168082, 0.0], "k_pid_vsp": [257.4070008196165, 154.55971064651672, 0.9817661834333883]}, "datetime": {"datetime": "2025-08-20 17:03:06", "elapsed": 18640.761675834656, "delta": 17.2174289226532}, "costs": {"total_cost": 172.19538895751506, "time_cost": 74.8, "final_distance_cost": 1.8477950757457817, "oscillation_cost": 20.027874749397636, "completition_cost": 0.0, "overshoot_cost": 51.15548342772547, "power_cost": 12.254014270019532, "noise_cost": 12.110221434626641, "n_waypoints_completed": 9, "tot_waypoints": 9}}
{"target": -171.86020730042551, "params": {"k_pid_pos": [0.541363167786302, 0.0006222441410862239, 0.004607450860214476], "k_pid_alt": [1.6609732951798808, 0.00010467643243314302, 0.03182579260762706], "k_pid_att": [33.84541158473422, 7.777924699555581, 0.7265061616499517], "k_pid_yaw": [0.5, 1e-06, 0.1], "k_pid_hsp": [0.13915030906335624, 0.010900313740553683, 0.0], "k_pid_vsp": [320.0899583951336, 115.2987385035259, 0.8508815986137903]}, "datetime": {"datetime": "2025-08-20 17:03:23", "elapsed": 18657.89132285118, "delta": 17.12964701652527}, "costs": {"total_cost": 171.86020730042551, "time_cost": 72.432, "final_distance_cost": 1.8432880644783933, "oscillation_cost": 22.866089818226996, "completition_cost": 0.0, "overshoot_cost": 50.570938774494834, "power_cost": 12.37379326171875, "noise_cost": 11.774097381506518, "n_waypoints_completed": 9, "tot_waypoints": 9}}
{"target": -174.09204107714058, "params": {"k_pid_pos": [0.7826089389645428, 0.000633294891536623, 0.009040327348277978], "k_pid_alt": [1.7804051700485692, 7.158047500254549e-05, 0.013678139903451117], "k_pid_att": [26.6630628463962, 10.0, 0.7075099269866257], "k_pid_yaw": [0.5, 1e-06, 0.1], "k_pid_hsp": [0.068500815226349, 0.006936664279078886, 0.0], "k_pid_vsp": [174.8342165405396, 158.54055754219863, 0.7143652700309597]}, "datetime": {"datetime": "2025-08-20 17:03:39", "elapsed": 18674.33031630516, "delta": 16.438993453979492}, "costs": {"total_cost": 174.09204107714058, "time_cost": 73.248, "final_distance_cost": 1.7466073166571559, "oscillation_cost": 23.64240625814374, "completition_cost": 0.0, "overshoot_cost": 51.35085432282268, "power_cost": 12.427817236328126, "noise_cost": 11.676355943188868, "n_waypoints_completed": 9, "tot_waypoints": 9}}
{"target": -169.15229885551574, "params": {"k_pid_pos": [0.6771597087097763, 0.002917651331802228, 0.014885197787823512], "k_pid_alt": [1.143545858218798, 9.089890172558699e-05, 0.015551269644327242], "k_pid_att": [55.0719109654976, 6.627272587136699, 0.8258780731292251], "k_pid_yaw": [0.5, 1e-06, 0.1], "k_pid_hsp": [0.10857603769720224, 0.009917770378824091, 0.0], "k_pid_vsp": [219.98451015792946, 165.38889649399405, 0.7337522899934029]}, "datetime": {"datetime": "2025-08-20 17:03:56", "elapsed": 18690.64728474617, "delta": 16.31696844100952}, "costs": {"total_cost": 169.15229885551574, "time_cost": 70.944, "final_distance_cost": 1.8320359774237556, "oscillation_cost": 23.46453314525049, "completition_cost": 0.0, "overshoot_cost": 50.166521663386334, "power_cost": 11.667762951660157, "noise_cost": 11.077445117795, "n_waypoints_completed": 9, "tot_waypoints": 9}}
{"target": -170.54320854309688, "params": {"k_pid_pos": [0.7339609936240071, 0.0005200920950788699, 0.0071100362404064145], "k_pid_alt": [1.9918084088729116, 0.00012360444816085647, 0.023154130623942795], "k_pid_att": [28.38512058156644, 7.030354499397383, 0.6653022099194024], "k_pid_yaw": [0.5, 1e-06, 0.1], "k_pid_hsp": [0.10001312218144486, 0.010884822108541572, 0.0], "k_pid_vsp": [261.5464648196997, 106.71546265049369, 0.513705980290708]}, "datetime": {"datetime": "2025-08-20 17:04:11", "elapsed": 18706.443887472153, "delta": 15.796602725982666}, "costs": {"total_cost": 170.54320854309688, "time_cost": 70.64, "final_distance_cost": 1.802190780119778, "oscillation_cost": 24.3805276391471, "completition_cost": 0.0, "overshoot_cost": 50.55991445633569, "power_cost": 11.989427734375, "noise_cost": 11.171147933119334, "n_waypoints_completed": 9, "tot_waypoints": 9}}
{"target": -173.85468739992993, "params": {"k_pid_pos": [1.0418463733778165, 0.006490375300001616, 0.0052838443384147895], "k_pid_alt": [1.8663467574620283, 0.00011885136697220769, 0.022117160682070685], "k_pid_att": [38.00563409882199, 10.0, 0.5055252297671273], "k_pid_yaw": [0.5, 1e-06, 0.1], "k_pid_hsp": [0.11771736511426327, 0.0065749483114688895, 0.0], "k_pid_vsp": [275.88273068745985, 161.6179555304309, 0.7145419094122025]}, "datetime": {"datetime": "2025-08-20 17:04:28", "elapsed": 18722.949028253555, "delta": 16.505140781402588}, "costs": {"total_cost": 173.85468739992993, "time_cost": 69.4, "final_distance_cost": 1.759398256380732, "oscillation_cost": 28.78529838479992, "completition_cost": 0.0, "overshoot_cost": 50.85695165686527, "power_cost": 11.95843455810547, "noise_cost": 11.09460454377854, "n_waypoints_completed": 9, "tot_waypoints": 9}}
{"target": -173.81820759343367, "params": {"k_pid_pos": [0.7986784313396432, 0.0005372284974413071, 0.009274214659132808], "k_pid_alt": [2.0, 0.0001234219729149118, 0.024033198551790574], "k_pid_att": [44.470661267753904, 6.00496504677687, 0.47502538959159457], "k_pid_yaw": [0.5, 1e-06, 0.1], "k_pid_hsp": [0.07712756428999419, 0.007707718277917066, 0.0], "k_pid_vsp": [265.9755007023535, 251.54702542464278, 0.8174222997234358]}, "datetime": {"datetime": "2025-08-20 17:04:45", "elapsed": 18739.56635594368, "delta": 16.61732769012451}, "costs": {"total_cost": 173.81820759343367, "time_cost": 72.272, "final_distance_cost": 1.8076168614406471, "oscillation_cost": 24.50578140660627, "completition_cost": 0.0, "overshoot_cost": 51.17624294422646, "power_cost": 12.538463842773439, "noise_cost": 11.51810253838683, "n_waypoints_completed": 9, "tot_waypoints": 9}}
{"target": -174.60554260485307, "params": {"k_pid_pos": [0.5943983057999475, 0.005206978941037729, 0.012166042985292433], "k_pid_alt": [0.9364994347578923, 0.00010370318666941248, 0.0], "k_pid_att": [28.062549938767077, 5.694902424995152, 0.8313821292463333], "k_pid_yaw": [0.5, 1e-06, 0.1], "k_pid_hsp": [0.0606306421580979, 0.00918278035101952, 0.0], "k_pid_vsp": [400.0, 208.30064423318387, 0.7755482544392902]}, "datetime": {"datetime": "2025-08-20 17:05:01", "elapsed": 18756.23378968239, "delta": 16.667433738708496}, "costs": {"total_cost": 174.60554260485307, "time_cost": 76.256, "final_distance_cost": 1.7864073067612887, "oscillation_cost": 20.126724541934063, "completition_cost": 0.0, "overshoot_cost": 52.02831538166061, "power_cost": 12.585465466308595, "noise_cost": 11.822629908188512, "n_waypoints_completed": 9, "tot_waypoints": 9}}
{"target": -171.63192898882915, "params": {"k_pid_pos": [0.6739243324902658, 7.291172191424917e-05, 0.010903713709735335], "k_pid_alt": [1.5364131560818262, 6.709685230430245e-05, 0.02009162760507747], "k_pid_att": [58.914842852736136, 3.795455806894348, 0.3178524533981219], "k_pid_yaw": [0.5, 1e-06, 0.1], "k_pid_hsp": [0.07799850383401498, 0.012375333371051437, 0.0], "k_pid_vsp": [341.75946157607046, 277.9582133182211, 0.9689017198626368]}, "datetime": {"datetime": "2025-08-20 17:05:18", "elapsed": 18772.54474878311, "delta": 16.310959100723267}, "costs": {"total_cost": 171.63192898882915, "time_cost": 72.416, "final_distance_cost": 1.807671143599792, "oscillation_cost": 23.20532000097614, "completition_cost": 0.0, "overshoot_cost": 50.41684242372155, "power_cost": 12.381943017578125, "noise_cost": 11.404152402953548, "n_waypoints_completed": 9, "tot_waypoints": 9}}
{"target": -170.23875934186242, "params": {"k_pid_pos": [0.4908058462260227, 0.0012051546586360554, 0.018237574364748568], "k_pid_alt": [1.5909760024949229, 0.00011278312929725826, 0.007036154080316911], "k_pid_att": [60.52263748903369, 8.944498102977574, 0.6572240719666583], "k_pid_yaw": [0.5, 1e-06, 0.1], "k_pid_hsp": [0.10240399510246496, 0.005934155897630211, 0.0], "k_pid_vsp": [239.92324737883249, 187.3766503911287, 0.6813799124387566]}, "datetime": {"datetime": "2025-08-20 17:05:34", "elapsed": 18789.06872701645, "delta": 16.523978233337402}, "costs": {"total_cost": 170.23875934186242, "time_cost": 73.04, "final_distance_cost": 1.8415883959656563, "oscillation_cost": 19.760601125985293, "completition_cost": 0.0, "overshoot_cost": 51.56923899216225, "power_cost": 12.241509777832032, "noise_cost": 11.785821049917178, "n_waypoints_completed": 9, "tot_waypoints": 9}}
{"target": -172.75512693268684, "params": {"k_pid_pos": [0.40816878928406714, 0.003076774252813242, 0.01469063218938574], "k_pid_alt": [1.7889678024419486, 0.00012318535332395329, 0.006675066328645958], "k_pid_att": [54.28475887154829, 6.940623573779533, 0.7111072975647167], "k_pid_yaw": [0.5, 1e-06, 0.1], "k_pid_hsp": [0.10842133338295135, 0.00265162274617399, 0.0], "k_pid_vsp": [296.6789945216751, 128.33080306719157, 0.42564610313525364]}, "datetime": {"datetime": "2025-08-20 17:05:51", "elapsed": 18805.882391691208, "delta": 16.81366467475891}, "costs": {"total_cost": 172.75512693268684, "time_cost": 76.34400000000001, "final_distance_cost": 1.8499572861018245, "oscillation_cost": 18.0492375172226, "completition_cost": 0.0, "overshoot_cost": 51.7311222227181, "power_cost": 12.3113162109375, "noise_cost": 12.46949369570684, "n_waypoints_completed": 9, "tot_waypoints": 9}}
{"target": -172.1803685826075, "params": {"k_pid_pos": [0.866150161355654, 0.0025718680974706736, 0.007581246794274632], "k_pid_alt": [1.0653897337912397, 2.843079457067362e-05, 0.018373775067842612], "k_pid_att": [46.09520233563899, 9.105487622893405, 0.7952391571572975], "k_pid_yaw": [0.5, 1e-06, 0.1], "k_pid_hsp": [0.10813460806366092, 0.007916886387324256, 0.0], "k_pid_vsp": [335.27903019242797, 157.9600530766454, 0.5511594845800772]}, "datetime": {"datetime": "2025-08-20 17:06:07", "elapsed": 18821.853626966476, "delta": 15.971235275268555}, "costs": {"total_cost": 172.1803685826075, "time_cost": 70.792, "final_distance_cost": 1.8060715736112893, "oscillation_cost": 26.39055741612782, "completition_cost": 0.0, "overshoot_cost": 50.7272304685435, "power_cost": 11.571539953613282, "noise_cost": 10.89296917071163, "n_waypoints_completed": 9, "tot_waypoints": 9}}
{"target": -375.0839283804852, "params": {"k_pid_pos": [0.24589474853374327, 0.0028660607203861016, 0.01129340779435658], "k_pid_alt": [2.0, 6.625079776154649e-05, 0.02849529357393284], "k_pid_att": [59.40258949327165, 10.0, 0.764669931236698], "k_pid_yaw": [0.5, 1e-06, 0.1], "k_pid_hsp": [0.10145082250151277, 0.010426874470548159, 0.0], "k_pid_vsp": [319.22203896637797, 184.20647863180213, 0.8958682681610965]}, "datetime": {"datetime": "2025-08-20 17:06:29", "elapsed": 18844.27162837982, "delta": 22.418001413345337}, "costs": {"total_cost": 375.0839283804852, "time_cost": 150, "final_distance_cost": 13.199869263537439, "oscillation_cost": 14.868695109495727, "completition_cost": 111.11111111111116, "overshoot_cost": 54.92650102894324, "power_cost": 16.26836159667969, "noise_cost": 14.709390270717961, "n_waypoints_completed": 8, "tot_waypoints": 9}}
{"target": -171.45983615234317, "params": {"k_pid_pos": [0.8100454393605773, 0.0003272152129436343, 0.001682567664195625], "k_pid_alt": [2.0, 6.591921917978315e-05, 0.0], "k_pid_att": [47.80355043485613, 7.816574237812368, 0.7451995324301173], "k_pid_yaw": [0.5, 1e-06, 0.1], "k_pid_hsp": [0.11224220712011884, 0.009527316550911429, 0.0], "k_pid_vsp": [145.34632872507322, 140.11134765748048, 0.26737544441756017]}, "datetime": {"datetime": "2025-08-20 17:06:45", "elapsed": 18860.401130199432, "delta": 16.129501819610596}, "costs": {"total_cost": 171.45983615234317, "time_cost": 70.048, "final_distance_cost": 1.796798659243339, "oscillation_cost": 25.89065670404419, "completition_cost": 0.0, "overshoot_cost": 50.40746864997479, "power_cost": 12.19145731201172, "noise_cost": 11.125454827069143, "n_waypoints_completed": 9, "tot_waypoints": 9}}
{"target": -182.66628924099535, "params": {"k_pid_pos": [0.7798013832815401, 0.0024448007549726773, 0.011069193770751792], "k_pid_alt": [1.254431050315375, 8.985000481866893e-05, 0.007212834324548237], "k_pid_att": [64.69583661586297, 10.0, 0.8448291543969951], "k_pid_yaw": [0.5, 1e-06, 0.1], "k_pid_hsp": [0.04837886189137177, 0.008659670247808171, 0.0], "k_pid_vsp": [367.3064171692319, 195.68933939488898, 1.114450123866713]}, "datetime": {"datetime": "2025-08-20 17:07:03", "elapsed": 18878.289572000504, "delta": 17.888441801071167}, "costs": {"total_cost": 182.66628924099535, "time_cost": 80.568, "final_distance_cost": 1.7346493194143158, "oscillation_cost": 21.75935105710869, "completition_cost": 0.0, "overshoot_cost": 53.43772819979235, "power_cost": 12.863970275878907, "noise_cost": 12.302590388801095, "n_waypoints_completed": 9, "tot_waypoints": 9}}
{"target": -169.24344528505213, "params": {"k_pid_pos": [0.6718907167226638, 0.0027087650974377173, 0.0], "k_pid_alt": [2.0, 0.0001254391541348544, 0.006390387528639852], "k_pid_att": [47.37366822912882, 10.0, 0.8474009612994419], "k_pid_yaw": [0.5, 1e-06, 0.1], "k_pid_hsp": [0.11655670582577482, 0.007591302506746914, 0.0], "k_pid_vsp": [303.34583239747883, 204.52988992995031, 0.7118405970136202]}, "datetime": {"datetime": "2025-08-20 17:07:20", "elapsed": 18894.57398033142, "delta": 16.28440833091736}, "costs": {"total_cost": 169.24344528505213, "time_cost": 70.52, "final_distance_cost": 1.819831612486002, "oscillation_cost": 23.594389673558407, "completition_cost": 0.0, "overshoot_cost": 50.61669969667271, "power_cost": 11.581480981445313, "noise_cost": 11.111043320889701, "n_waypoints_completed": 9, "tot_waypoints": 9}}
{"target": -169.55522213137996, "params": {"k_pid_pos": [0.5635930982889855, 0.002066030389989569, 0.011603602685347011], "k_pid_alt": [1.133923544582012, 9.42815535865389e-05, 0.0], "k_pid_att": [54.27071186387291, 7.736472991263711, 0.4595419684462801], "k_pid_yaw": [0.5, 1e-06, 0.1], "k_pid_hsp": [0.0822334841343134, 0.0029507416660029713, 0.0], "k_pid_vsp": [155.15417868550685, 133.01745999966036, 0.8041329927346522]}, "datetime": {"datetime": "2025-08-20 17:07:36", "elapsed": 18910.958294153214, "delta": 16.384313821792603}, "costs": {"total_cost": 169.55522213137996, "time_cost": 73.128, "final_distance_cost": 1.819243504939936, "oscillation_cost": 19.782583746142745, "completition_cost": 0.0, "overshoot_cost": 51.59500290616892, "power_cost": 11.823734436035156, "noise_cost": 11.406657538093215, "n_waypoints_completed": 9, "tot_waypoints": 9}}
{"target": -170.60260489070578, "params": {"k_pid_pos": [0.6634302365246, 0.002883419268095075, 0.003718297022669188], "k_pid_alt": [1.7542210614335711, 9.340297579122702e-05, 0.004351825437777556], "k_pid_att": [47.356125600985536, 8.607322215439195, 0.6628358220563163], "k_pid_yaw": [0.5, 1e-06, 0.1], "k_pid_hsp": [0.09062162394931884, 0.005730668514848643, 0.0], "k_pid_vsp": [347.8447765984633, 157.31299362274888, 0.44235183656847726]}, "datetime": {"datetime": "2025-08-20 17:07:52", "elapsed": 18926.692444562912, "delta": 15.734150409698486}, "costs": {"total_cost": 170.60260489070578, "time_cost": 71.34400000000001, "final_distance_cost": 1.8175490648476356, "oscillation_cost": 22.547748620247635, "completition_cost": 0.0, "overshoot_cost": 50.85813856029282, "power_cost": 12.529088354492188, "noise_cost": 11.506080290825484, "n_waypoints_completed": 9, "tot_waypoints": 9}}
{"target": -175.5855890345269, "params": {"k_pid_pos": [0.4136699678979772, 0.002058387997373287, 0.009595299840409244], "k_pid_alt": [1.3972746008337038, 5.938142417132667e-05, 0.011016730767716811], "k_pid_att": [33.31369221987767, 4.86675651866413, 0.6374529656269524], "k_pid_yaw": [0.5, 1e-06, 0.1], "k_pid_hsp": [0.12073053809313718, 0.008539852386243713, 0.0], "k_pid_vsp": [365.50113093818464, 297.9099327674687, 0.7870765155408854]}, "datetime": {"datetime": "2025-08-20 17:08:10", "elapsed": 18945.44556903839, "delta": 18.753124475479126}, "costs": {"total_cost": 175.5855890345269, "time_cost": 76.83200000000001, "final_distance_cost": 1.8576216813275772, "oscillation_cost": 19.980363678063892, "completition_cost": 0.0, "overshoot_cost": 51.0660392636403, "power_cost": 12.992666320800781, "noise_cost": 12.856898090694337, "n_waypoints_completed": 9, "tot_waypoints": 9}}
{"target": -170.48136126774014, "params": {"k_pid_pos": [0.5850605055267151, 0.0013943847360390847, 0.011349001045931681], "k_pid_alt": [2.0, 0.00010562671390830183, 0.0123595692161423], "k_pid_att": [67.93366466379615, 7.220437345301875, 0.3707450431179177], "k_pid_yaw": [0.5, 1e-06, 0.1], "k_pid_hsp": [0.1242924412631186, 0.00616980046489357, 0.0], "k_pid_vsp": [400.0, 135.0130207432683, 0.6341411352746107]}, "datetime": {"datetime": "2025-08-20 17:08:27", "elapsed": 18962.09409236908, "delta": 16.648523330688477}, "costs": {"total_cost": 170.48136126774014, "time_cost": 71.72, "final_distance_cost": 1.828610538357877, "oscillation_cost": 23.197492915703922, "completition_cost": 0.0, "overshoot_cost": 50.71877252759434, "power_cost": 11.665712219238282, "noise_cost": 11.350773066845726, "n_waypoints_completed": 9, "tot_waypoints": 9}}
{"target": -175.33926202726443, "params": {"k_pid_pos": [0.4983914611823477, 0.0018888760698829424, 0.010570486299291014], "k_pid_alt": [1.4886301352232867, 0.00011068748663587433, 0.0], "k_pid_att": [44.874319869674515, 8.960982295531467, 0.8920016179626281], "k_pid_yaw": [0.5, 1e-06, 0.1], "k_pid_hsp": [0.1553530917091576, 0.010900462942954154, 0.0], "k_pid_vsp": [324.23575855384496, 167.25843310116628, 0.8436211505372061]}, "datetime": {"datetime": "2025-08-20 17:08:43", "elapsed": 18978.431238889694, "delta": 16.337146520614624}, "costs": {"total_cost": 175.33926202726443, "time_cost": 74.368, "final_distance_cost": 1.847058066935483, "oscillation_cost": 23.61882505766629, "completition_cost": 0.0, "overshoot_cost": 50.466032123807906, "power_cost": 12.75963455810547, "noise_cost": 12.279712220749298, "n_waypoints_completed": 9, "tot_waypoints": 9}}
