{"target": -172.27782331773702, "params": {"k_pid_pos": [0.9197171442224331, 0.004748603689247086, 0.011125415948166446], "k_pid_alt": [1.9093189358271585, 0.00015976890204189213, 0.001046843825119797], "k_pid_att": [43.57660497264113, 8.667741056381173, 0.44574349787792916], "k_pid_yaw": [0.5, 1e-06, 0.1], "k_pid_hsp": [0.11371191031810163, 0.004837613886328278, 0.0], "k_pid_vsp": [183.51597718751745, 189.93479014739796, 0.5350105006508231]}, "datetime": {"datetime": "2025-08-20 18:40:03", "elapsed": 24457.819075107574, "delta": 17.057804584503174}, "costs": {"total_cost": 172.27782331773702, "time_cost": 69.712, "final_distance_cost": 1.791588847807678, "oscillation_cost": 26.775966304154405, "completition_cost": 0.0, "overshoot_cost": 50.414413205685435, "power_cost": 12.353180212402345, "noise_cost": 11.230674747687157, "n_waypoints_completed": 9, "tot_waypoints": 9}}
{"target": -170.21223881113883, "params": {"k_pid_pos": [0.6864016964903611, 0.0038992342789843787, 0.013985950089577778], "k_pid_alt": [1.7815254135607148, 0.00012522839258036957, 0.0014174382234156192], "k_pid_att": [27.920092960805576, 4.9970354704865345, 0.3638784915011553], "k_pid_yaw": [0.5, 1e-06, 0.1], "k_pid_hsp": [0.11249126216350717, 0.003717446250306735, 0.0], "k_pid_vsp": [87.65564656619757, 174.90800420389925, 0.7065620171043806]}, "datetime": {"datetime": "2025-08-20 18:40:19", "elapsed": 24473.53071975708, "delta": 15.711644649505615}, "costs": {"total_cost": 170.21223881113883, "time_cost": 70.608, "final_distance_cost": 1.803853587980278, "oscillation_cost": 23.675136455290286, "completition_cost": 0.0, "overshoot_cost": 50.96634818232437, "power_cost": 11.913024279785157, "noise_cost": 11.245876305758731, "n_waypoints_completed": 9, "tot_waypoints": 9}}
{"target": -169.550932255384, "params": {"k_pid_pos": [0.5736808086889336, 0.00505623888737721, 0.011832480334523979], "k_pid_alt": [1.5331781141057401, 0.00018714896555979539, 0.001096300814094449], "k_pid_att": [55.29589701024707, 8.89647278144731, 0.5675206462326249], "k_pid_yaw": [0.5, 1e-06, 0.1], "k_pid_hsp": [0.10986958277241432, 0.005589635106092116, 0.0], "k_pid_vsp": [182.39268090323594, 177.97459764048253, 0.7764389208777184]}, "datetime": {"datetime": "2025-08-20 18:40:36", "elapsed": 24491.02372598648, "delta": 17.493006229400635}, "costs": {"total_cost": 169.550932255384, "time_cost": 71.504, "final_distance_cost": 1.8210741281365983, "oscillation_cost": 22.16717905269917, "completition_cost": 0.0, "overshoot_cost": 50.62991105301886, "power_cost": 12.051232910156251, "noise_cost": 11.377535111373122, "n_waypoints_completed": 9, "tot_waypoints": 9}}
{"target": -172.32860436986397, "params": {"k_pid_pos": [0.9476625971665112, 0.006428422671381717, 0.013743194545082757], "k_pid_alt": [2.0, 5.5036620232717006e-05, 0.0008720731984532392], "k_pid_att": [36.43160420027868, 7.423554054304229, 0.58348643621333], "k_pid_yaw": [0.5, 1e-06, 0.1], "k_pid_hsp": [0.11894609498882787, 0.007179643661508661, 0.0], "k_pid_vsp": [142.93776708032644, 186.70735765815473, 0.4490763437255203]}, "datetime": {"datetime": "2025-08-20 18:40:51", "elapsed": 24506.34927892685, "delta": 15.325552940368652}, "costs": {"total_cost": 172.32860436986397, "time_cost": 69.648, "final_distance_cost": 1.782666498488405, "oscillation_cost": 27.556924651175127, "completition_cost": 0.0, "overshoot_cost": 50.1997302595223, "power_cost": 12.06451395263672, "noise_cost": 11.07676900804142, "n_waypoints_completed": 9, "tot_waypoints": 9}}
{"target": -171.05471610317667, "params": {"k_pid_pos": [0.4845359881298062, 0.004070492825880674, 0.013427333663933505], "k_pid_alt": [1.8863746443062386, 0.00011402917555298423, 0.000975902690618489], "k_pid_att": [27.89476579647601, 9.057205928240817, 0.6533915233212167], "k_pid_yaw": [0.5, 1e-06, 0.1], "k_pid_hsp": [0.11598575415424173, 0.005539058636180264, 0.0], "k_pid_vsp": [152.8439550056647, 156.14435446358706, 0.7872340438809978]}, "datetime": {"datetime": "2025-08-20 18:41:08", "elapsed": 24522.961918592453, "delta": 16.612639665603638}, "costs": {"total_cost": 171.05471610317667, "time_cost": 73.248, "final_distance_cost": 1.8490451510205814, "oscillation_cost": 20.781403422226074, "completition_cost": 0.0, "overshoot_cost": 50.859255909260995, "power_cost": 12.412878063964845, "noise_cost": 11.904133556704192, "n_waypoints_completed": 9, "tot_waypoints": 9}}
{"target": -169.60994597815932, "params": {"k_pid_pos": [0.5120158383957619, 0.005122092187433903, 0.01164216001638367], "k_pid_alt": [1.3845568211270953, 0.0001233734249704384, 0.0015273780316409603], "k_pid_att": [36.371430049135625, 6.600777843704485, 0.7610037769268363], "k_pid_yaw": [0.5, 1e-06, 0.1], "k_pid_hsp": [0.09845345211110512, 0.0035782146113933523, 0.0], "k_pid_vsp": [290.8520749762731, 221.31378639317927, 0.7067323436571726]}, "datetime": {"datetime": "2025-08-20 18:41:25", "elapsed": 24539.791294813156, "delta": 16.829376220703125}, "costs": {"total_cost": 169.60994597815932, "time_cost": 72.776, "final_distance_cost": 1.8270443360751696, "oscillation_cost": 19.7664532946435, "completition_cost": 0.0, "overshoot_cost": 51.00170992494584, "power_cost": 12.398372021484375, "noise_cost": 11.84036640101043, "n_waypoints_completed": 9, "tot_waypoints": 9}}
{"target": -170.4920328762584, "params": {"k_pid_pos": [0.6185155280979829, 0.005525740423765149, 0.009731645981997477], "k_pid_alt": [2.0, 0.00012470008187914986, 0.0009799158390134217], "k_pid_att": [34.02125724200846, 5.519464348333507, 0.5124964761488647], "k_pid_yaw": [0.5, 1e-06, 0.1], "k_pid_hsp": [0.08035925509802233, 0.004711287037895178, 0.0], "k_pid_vsp": [238.1058690428463, 176.10474461396095, 1.0255279556742285]}, "datetime": {"datetime": "2025-08-20 18:41:40", "elapsed": 24555.36855649948, "delta": 15.577261686325073}, "costs": {"total_cost": 170.4920328762584, "time_cost": 72.672, "final_distance_cost": 1.7999263927291385, "oscillation_cost": 20.8786153430322, "completition_cost": 0.0, "overshoot_cost": 51.371701022576744, "power_cost": 12.2848791015625, "noise_cost": 11.484911016357808, "n_waypoints_completed": 9, "tot_waypoints": 9}}
{"target": -171.93481089267874, "params": {"k_pid_pos": [0.43138991631254786, 0.00389522523527709, 0.012903198810829615], "k_pid_alt": [1.7235940431064727, 0.00014620273600063601, 0.0010101116339022848], "k_pid_att": [24.93963817106578, 3.7904455496864, 0.6791456906162597], "k_pid_yaw": [0.5, 1e-06, 0.1], "k_pid_hsp": [0.10352026277389621, 0.008064107456828033, 0.0], "k_pid_vsp": [167.00357933920472, 192.4197442226582, 0.40889388822733447]}, "datetime": {"datetime": "2025-08-20 18:41:58", "elapsed": 24573.35106611252, "delta": 17.98250961303711}, "costs": {"total_cost": 171.93481089267874, "time_cost": 74.68, "final_distance_cost": 1.8427893250010667, "oscillation_cost": 19.136350387141707, "completition_cost": 0.0, "overshoot_cost": 50.91475937756218, "power_cost": 12.964289868164062, "noise_cost": 12.396621934809732, "n_waypoints_completed": 9, "tot_waypoints": 9}}
{"target": -170.6594208247745, "params": {"k_pid_pos": [0.6655546422411799, 0.005205330657627512, 0.016438983287535406], "k_pid_alt": [1.753000253220117, 0.0001121284773288086, 0.0013564689727324289], "k_pid_att": [30.45359396135053, 9.254196062069555, 0.5588244409453882], "k_pid_yaw": [0.5, 1e-06, 0.1], "k_pid_hsp": [0.09995440705603724, 0.0046347113924822695, 0.0], "k_pid_vsp": [211.75486897217252, 187.00758556893416, 0.794910028236309]}, "datetime": {"datetime": "2025-08-20 18:42:15", "elapsed": 24589.78071784973, "delta": 16.429651737213135}, "costs": {"total_cost": 170.6594208247745, "time_cost": 70.88, "final_distance_cost": 1.8221513522655026, "oscillation_cost": 23.103152843626056, "completition_cost": 0.0, "overshoot_cost": 50.872177705470406, "power_cost": 12.516743615722657, "noise_cost": 11.465195307689905, "n_waypoints_completed": 9, "tot_waypoints": 9}}
{"target": -173.67246093300488, "params": {"k_pid_pos": [0.5328224457314519, 0.003470715988971075, 0.01411990505864136], "k_pid_alt": [1.9152817624243799, 0.00018197002111940944, 0.0017270860251427762], "k_pid_att": [35.08929362841446, 5.668490195675602, 0.12873810172903963], "k_pid_yaw": [0.5, 1e-06, 0.1], "k_pid_hsp": [0.14487814375160232, 0.005499509885726936, 0.0], "k_pid_vsp": [179.20178427545943, 183.5837743651065, 0.5866494726061622]}, "datetime": {"datetime": "2025-08-20 18:42:30", "elapsed": 24605.394727230072, "delta": 15.614009380340576}, "costs": {"total_cost": 173.67246093300488, "time_cost": 72.84, "final_distance_cost": 1.85015639161866, "oscillation_cost": 23.598951046844697, "completition_cost": 0.0, "overshoot_cost": 51.1411088152548, "power_cost": 12.325129138183595, "noise_cost": 11.917115541103117, "n_waypoints_completed": 9, "tot_waypoints": 9}}
{"target": -170.55013982291587, "params": {"k_pid_pos": [0.6413283779718651, 0.005310058679326316, 0.014829349967342998], "k_pid_alt": [1.624325648047374, 8.719250391008097e-05, 0.00135085513532204], "k_pid_att": [46.035965651840264, 6.470608028256763, 0.7863597934396945], "k_pid_yaw": [0.5, 1e-06, 0.1], "k_pid_hsp": [0.13317797478636773, 0.005505554345490799, 0.0], "k_pid_vsp": [136.54788843570154, 209.24887178968712, 0.8520385504389516]}, "datetime": {"datetime": "2025-08-20 18:42:46", "elapsed": 24621.382115840912, "delta": 15.987388610839844}, "costs": {"total_cost": 170.55013982291587, "time_cost": 70.736, "final_distance_cost": 1.8176347503673287, "oscillation_cost": 23.881240190778616, "completition_cost": 0.0, "overshoot_cost": 50.2497442413715, "power_cost": 12.427297619628908, "noise_cost": 11.438223020769513, "n_waypoints_completed": 9, "tot_waypoints": 9}}
{"target": -172.06780247118127, "params": {"k_pid_pos": [0.5191405737806446, 0.005526506381975032, 0.012868427008564498], "k_pid_alt": [1.9776844540949867, 6.304105002437751e-05, 0.0005742725379900298], "k_pid_att": [33.35970903916609, 9.833767200522862, 0.6358994140101765], "k_pid_yaw": [0.5, 1e-06, 0.1], "k_pid_hsp": [0.06680638601266793, 0.004589536153383838, 0.0], "k_pid_vsp": [232.52109462534054, 169.31969566368033, 0.913086770115584]}, "datetime": {"datetime": "2025-08-20 18:43:04", "elapsed": 24638.51725101471, "delta": 17.135135173797607}, "costs": {"total_cost": 172.06780247118127, "time_cost": 75.856, "final_distance_cost": 1.806386948605574, "oscillation_cost": 17.987395203778767, "completition_cost": 0.0, "overshoot_cost": 52.45368293392519, "power_cost": 12.078371618652344, "noise_cost": 11.885965766219373, "n_waypoints_completed": 9, "tot_waypoints": 9}}
{"target": -621.7923869548998, "params": {"k_pid_pos": [0.17369488025814403, 0.0030012206917270387, 0.013021577184265803], "k_pid_alt": [1.4458811453149583, 0.00022270127743354365, 0.0015739916836854904], "k_pid_att": [54.15394063216714, 9.085728187400703, 0.5421455038389087], "k_pid_yaw": [0.5, 1e-06, 0.1], "k_pid_hsp": [0.10964152394223896, 0.004245469651402796, 0.0], "k_pid_vsp": [97.83627889644596, 165.51794144480928, 0.690030396743949]}, "datetime": {"datetime": "2025-08-20 18:43:27", "elapsed": 24661.584338903427, "delta": 23.06708788871765}, "costs": {"total_cost": 621.7923869548998, "time_cost": 150, "final_distance_cost": 52.32652746433792, "oscillation_cost": 9.606254170609883, "completition_cost": 333.33333333333337, "overshoot_cost": 46.54240300682337, "power_cost": 16.013175134277343, "noise_cost": 13.970693845517877, "n_waypoints_completed": 6, "tot_waypoints": 9}}
{"target": -178.54230215895515, "params": {"k_pid_pos": [0.43152581184961525, 0.004233596031188867, 0.008188062720358663], "k_pid_alt": [1.7419246292490207, 8.457281597689e-05, 0.0011295445131185894], "k_pid_att": [24.047704667303986, 8.419585323252656, 0.6035419025688178], "k_pid_yaw": [0.5, 1e-06, 0.1], "k_pid_hsp": [0.1596013283023746, 0.008088060051511513, 0.0], "k_pid_vsp": [292.8593872265584, 167.13229715826256, 0.6510645594988977]}, "datetime": {"datetime": "2025-08-20 18:43:44", "elapsed": 24679.269196033478, "delta": 17.68485713005066}, "costs": {"total_cost": 178.54230215895515, "time_cost": 77.328, "final_distance_cost": 1.8562972453027484, "oscillation_cost": 22.069111539101332, "completition_cost": 0.0, "overshoot_cost": 51.282405572931296, "power_cost": 13.001377575683595, "noise_cost": 13.005110225936182, "n_waypoints_completed": 9, "tot_waypoints": 9}}
{"target": -196.62868646626083, "params": {"k_pid_pos": [0.2864556359854386, 0.00489972460215637, 0.01000160147827413], "k_pid_alt": [1.805087156856114, 0.00015930312932426667, 0.0007052876402091859], "k_pid_att": [50.40696238733272, 7.812406379014884, 0.6032258786250502], "k_pid_yaw": [0.5, 1e-06, 0.1], "k_pid_hsp": [0.12966523825369114, 0.005935897442064968, 0.0], "k_pid_vsp": [299.5438169575615, 135.38610728760185, 0.7763064564893155]}, "datetime": {"datetime": "2025-08-20 18:44:05", "elapsed": 24700.4149081707, "delta": 21.14571213722229}, "costs": {"total_cost": 196.62868646626083, "time_cost": 92.64, "final_distance_cost": 1.8601019296154173, "oscillation_cost": 16.801347380168945, "completition_cost": 0.0, "overshoot_cost": 53.57852894693357, "power_cost": 15.264555297851564, "noise_cost": 16.48415291169135, "n_waypoints_completed": 9, "tot_waypoints": 9}}
{"target": -171.343519641312, "params": {"k_pid_pos": [0.5593607047084187, 0.0030992459074540893, 0.009601197240241608], "k_pid_alt": [1.8629327792924169, 9.114115662844456e-05, 0.001409620527289856], "k_pid_att": [32.189544718261274, 7.822769070310625, 0.5482739944714498], "k_pid_yaw": [0.5, 1e-06, 0.1], "k_pid_hsp": [0.13347689258254272, 0.007140911753370211, 0.0], "k_pid_vsp": [159.81312182701967, 200.5671322844049, 0.5125168253158677]}, "datetime": {"datetime": "2025-08-20 18:44:22", "elapsed": 24717.020701646805, "delta": 16.605793476104736}, "costs": {"total_cost": 171.343519641312, "time_cost": 71.824, "final_distance_cost": 1.833354440993504, "oscillation_cost": 23.045285686138033, "completition_cost": 0.0, "overshoot_cost": 50.717880165358075, "power_cost": 12.288002124023437, "noise_cost": 11.63499722479896, "n_waypoints_completed": 9, "tot_waypoints": 9}}
{"target": -179.45199091514198, "params": {"k_pid_pos": [0.44725848506643257, 0.005330029837466335, 0.01586487634182301], "k_pid_alt": [2.0, 0.00011297229088404702, 0.0010644178774204276], "k_pid_att": [18.82295623197, 8.182242500431693, 0.6852745025150445], "k_pid_yaw": [0.5, 1e-06, 0.1], "k_pid_hsp": [0.17578858327595256, 0.0069264489423944515, 0.0], "k_pid_vsp": [245.06390798269345, 83.47637166709728, 0.6930143759931497]}, "datetime": {"datetime": "2025-08-20 18:44:40", "elapsed": 24734.981022119522, "delta": 17.960320472717285}, "costs": {"total_cost": 179.45199091514198, "time_cost": 77.456, "final_distance_cost": 1.8507251889637086, "oscillation_cost": 22.784875756300107, "completition_cost": 0.0, "overshoot_cost": 51.30946331383845, "power_cost": 13.12091209716797, "noise_cost": 12.93001455887173, "n_waypoints_completed": 9, "tot_waypoints": 9}}
{"target": -175.34804820348768, "params": {"k_pid_pos": [0.87692416470987, 0.005068766499666553, 0.016260700748046066], "k_pid_alt": [1.3819479741329517, 9.071259403854693e-05, 0.0007758860163072142], "k_pid_att": [35.942095057385565, 9.102642241076659, 0.8918403834377435], "k_pid_yaw": [0.5, 1e-06, 0.1], "k_pid_hsp": [0.07294113624860003, 0.005056864558351336, 0.0], "k_pid_vsp": [301.28506929627514, 141.0384150198277, 0.6246111083574224]}, "datetime": {"datetime": "2025-08-20 18:44:58", "elapsed": 24752.70024037361, "delta": 17.719218254089355}, "costs": {"total_cost": 175.34804820348768, "time_cost": 73.376, "final_distance_cost": 1.7554205037497048, "oscillation_cost": 24.953364521131164, "completition_cost": 0.0, "overshoot_cost": 51.51896371111144, "power_cost": 12.242170166015626, "noise_cost": 11.502129301479725, "n_waypoints_completed": 9, "tot_waypoints": 9}}
{"target": -176.10646575280842, "params": {"k_pid_pos": [0.4380845251749945, 0.002718899356418962, 0.014163177554328513], "k_pid_alt": [1.5265839947246596, 0.00013277271674384596, 0.0012228495510510798], "k_pid_att": [44.82266174213211, 7.579121009855858, 0.5469764490402507], "k_pid_yaw": [0.5, 1e-06, 0.1], "k_pid_hsp": [0.13526267038034243, 0.007908638905961904, 0.0], "k_pid_vsp": [55.41279758562374, 210.58774308020648, 0.6656332120664077]}, "datetime": {"datetime": "2025-08-20 18:45:14", "elapsed": 24769.43026614189, "delta": 16.73002576828003}, "costs": {"total_cost": 176.10646575280842, "time_cost": 76.104, "final_distance_cost": 1.8546058482689392, "oscillation_cost": 21.490497965858424, "completition_cost": 0.0, "overshoot_cost": 50.85640212212769, "power_cost": 13.145371899414062, "noise_cost": 12.655587917139295, "n_waypoints_completed": 9, "tot_waypoints": 9}}
{"target": -169.27585843397796, "params": {"k_pid_pos": [0.761664813785274, 0.005021957106606867, 0.007568864782717579], "k_pid_alt": [1.351048267569124, 0.00011444708822984851, 0.0], "k_pid_att": [36.18383896426914, 4.635898909111889, 0.6693129448929013], "k_pid_yaw": [0.5, 1e-06, 0.1], "k_pid_hsp": [0.14071764990088784, 0.0044415882869993815, 0.0], "k_pid_vsp": [250.32076430832294, 143.80642229334762, 0.6645851897397753]}, "datetime": {"datetime": "2025-08-20 18:45:31", "elapsed": 24786.269792318344, "delta": 16.839526176452637}, "costs": {"total_cost": 169.27585843397796, "time_cost": 69.976, "final_distance_cost": 1.8304624040935078, "oscillation_cost": 25.04076794094906, "completition_cost": 0.0, "overshoot_cost": 49.92730540139801, "power_cost": 11.463654223632814, "noise_cost": 11.037668463904607, "n_waypoints_completed": 9, "tot_waypoints": 9}}
{"target": -183.1435775033229, "params": {"k_pid_pos": [0.36799537992411685, 0.0035572451584051355, 0.012893400491306281], "k_pid_alt": [1.5300263837854746, 0.0001729485035069573, 0.0007502672484802562], "k_pid_att": [35.67757249245032, 5.347381035428118, 0.8213762283015401], "k_pid_yaw": [0.5, 1e-06, 0.1], "k_pid_hsp": [0.14097548145136093, 0.007407670014290682, 0.0], "k_pid_vsp": [206.1256322943825, 138.8611122657057, 0.5925156072530766]}, "datetime": {"datetime": "2025-08-20 18:45:49", "elapsed": 24803.966743946075, "delta": 17.696951627731323}, "costs": {"total_cost": 183.1435775033229, "time_cost": 81.768, "final_distance_cost": 1.8598484165369389, "oscillation_cost": 19.825682343600178, "completition_cost": 0.0, "overshoot_cost": 52.12528684496313, "power_cost": 13.618517687988282, "noise_cost": 13.946242210234342, "n_waypoints_completed": 9, "tot_waypoints": 9}}
{"target": -172.71578689696184, "params": {"k_pid_pos": [0.5374755609564875, 0.0025446491519072706, 0.007248334661527731], "k_pid_alt": [1.3913663031171482, 0.0001484085151585888, 0.002215117882572509], "k_pid_att": [26.39079677979576, 8.72081164084239, 0.7523979137778859], "k_pid_yaw": [0.5, 1e-06, 0.1], "k_pid_hsp": [0.13931936739994588, 0.0052123125939260015, 0.0], "k_pid_vsp": [244.89250436135367, 73.9722291969351, 0.6922522521960982]}, "datetime": {"datetime": "2025-08-20 18:46:07", "elapsed": 24821.699518680573, "delta": 17.73277473449707}, "costs": {"total_cost": 172.71578689696184, "time_cost": 72.848, "final_distance_cost": 1.8384455997816034, "oscillation_cost": 22.753981372285633, "completition_cost": 0.0, "overshoot_cost": 50.71846139468315, "power_cost": 12.623941259765626, "noise_cost": 11.932957270445836, "n_waypoints_completed": 9, "tot_waypoints": 9}}
{"target": -170.73077244632745, "params": {"k_pid_pos": [0.8564220246632585, 0.003692872156739862, 0.011419035502920187], "k_pid_alt": [1.9704136809702675, 0.00018418370126560945, 0.0012316348670467212], "k_pid_att": [28.171814835896885, 10.0, 0.6442272505163109], "k_pid_yaw": [0.5, 1e-06, 0.1], "k_pid_hsp": [0.11093120805168323, 0.007004195981635327, 0.0], "k_pid_vsp": [183.00997097186783, 186.3216048123525, 0.9624448898912021]}, "datetime": {"datetime": "2025-08-20 18:46:22", "elapsed": 24836.976624965668, "delta": 15.277106285095215}, "costs": {"total_cost": 170.73077244632745, "time_cost": 69.824, "final_distance_cost": 1.7989226401557445, "oscillation_cost": 26.162798502395688, "completition_cost": 0.0, "overshoot_cost": 50.064913329468865, "power_cost": 11.879411450195313, "noise_cost": 11.000726524111862, "n_waypoints_completed": 9, "tot_waypoints": 9}}
{"target": -170.22291388835802, "params": {"k_pid_pos": [0.4690291007847079, 0.0042130076461180214, 0.012087732004397056], "k_pid_alt": [1.4119580003943941, 0.00011005046272472897, 0.0010379196466998592], "k_pid_att": [13.114770768391361, 10.0, 0.5314536124381206], "k_pid_yaw": [0.5, 1e-06, 0.1], "k_pid_hsp": [0.08916489588321759, 0.003900057941144909, 0.0], "k_pid_vsp": [115.1149381967302, 186.72438580425955, 0.6198693546040803]}, "datetime": {"datetime": "2025-08-20 18:46:38", "elapsed": 24853.482269525528, "delta": 16.50564455986023}, "costs": {"total_cost": 170.22291388835802, "time_cost": 73.47200000000001, "final_distance_cost": 1.834163040851, "oscillation_cost": 19.047702633974684, "completition_cost": 0.0, "overshoot_cost": 51.47981813311613, "power_cost": 12.530957141113282, "noise_cost": 11.858272939302923, "n_waypoints_completed": 9, "tot_waypoints": 9}}
{"target": -169.74019321397915, "params": {"k_pid_pos": [0.623936387008084, 0.004083277721561185, 0.009646531002310527], "k_pid_alt": [1.6615320607124184, 0.00011840280848653057, 0.0011154923916046158], "k_pid_att": [22.69518712667289, 8.203304195720534, 0.4898019909139264], "k_pid_yaw": [0.5, 1e-06, 0.1], "k_pid_hsp": [0.10594521572415301, 0.004851606290085707, 0.0], "k_pid_vsp": [248.77410293842604, 173.94421016300086, 0.5705897630894995]}, "datetime": {"datetime": "2025-08-20 18:46:56", "elapsed": 24870.688534736633, "delta": 17.206265211105347}, "costs": {"total_cost": 169.74019321397915, "time_cost": 70.992, "final_distance_cost": 1.820141164028763, "oscillation_cost": 22.754657018081428, "completition_cost": 0.0, "overshoot_cost": 50.733656687083496, "power_cost": 12.083244726562501, "noise_cost": 11.356493618222979, "n_waypoints_completed": 9, "tot_waypoints": 9}}
