{"target": -175.30086190190795, "params": {"k_pid_pos": [0.7841690421038958, 0.0029670952924096237, 0.014386418742693252], "k_pid_alt": [0.6780776947678545, 6.517870730409701e-05, 0.0], "k_pid_att": [36.89599427063976, 2.744735791043803, 0.9859607435916589], "k_pid_yaw": [0.5, 1e-06, 0.1], "k_pid_hsp": [0.12999738529231875, 0.013309256240958888, 0.0], "k_pid_vsp": [311.79805792711187, 228.02427135343376, 0.5830397279654144]}, "datetime": {"datetime": "2025-08-20 17:30:00", "elapsed": 20255.151258468628, "delta": 16.319064617156982}, "costs": {"total_cost": 175.30086190190795, "time_cost": 72.784, "final_distance_cost": 1.818358937801346, "oscillation_cost": 26.438627495636418, "completition_cost": 0.0, "overshoot_cost": 50.21603844147925, "power_cost": 12.560026562500001, "noise_cost": 11.483810464490906, "n_waypoints_completed": 9, "tot_waypoints": 9}}
{"target": -171.73328072069444, "params": {"k_pid_pos": [0.8946077486512055, 0.0040900701567127455, 0.011126972143013976], "k_pid_alt": [2.0, 0.00015485006804105833, 0.0006214947960441189], "k_pid_att": [45.51853902201602, 10.0, 0.5717128373547111], "k_pid_yaw": [0.5, 1e-06, 0.1], "k_pid_hsp": [0.10946117985846766, 0.009755482335934406, 0.0], "k_pid_vsp": [290.99267206060296, 152.63974514161222, 1.1816248844756365]}, "datetime": {"datetime": "2025-08-20 17:30:15", "elapsed": 20270.14042186737, "delta": 14.989163398742676}, "costs": {"total_cost": 171.73328072069444, "time_cost": 69.872, "final_distance_cost": 1.793387601922291, "oscillation_cost": 26.638016436501335, "completition_cost": 0.0, "overshoot_cost": 50.45629960331948, "power_cost": 11.883042248535157, "noise_cost": 11.090534830416187, "n_waypoints_completed": 9, "tot_waypoints": 9}}
{"target": -169.84650644476605, "params": {"k_pid_pos": [0.5324300276719423, 0.0021019094226559384, 0.01725424484132841], "k_pid_alt": [1.3163886637779794, 0.0001507460624267528, 0.0007329659258701141], "k_pid_att": [46.163414036800695, 9.92215395928468, 0.6575408279544135], "k_pid_yaw": [0.5, 1e-06, 0.1], "k_pid_hsp": [0.09029831972049875, 0.010134197544238152, 0.0], "k_pid_vsp": [292.9697550743568, 232.1321904563864, 0.5450136117248011]}, "datetime": {"datetime": "2025-08-20 17:30:32", "elapsed": 20286.652057886124, "delta": 16.51163601875305}, "costs": {"total_cost": 169.84650644476605, "time_cost": 72.368, "final_distance_cost": 1.8189147692112615, "oscillation_cost": 20.750661090822472, "completition_cost": 0.0, "overshoot_cost": 51.111210568838096, "power_cost": 12.255121020507813, "noise_cost": 11.542598995386422, "n_waypoints_completed": 9, "tot_waypoints": 9}}
{"target": -172.22787754565357, "params": {"k_pid_pos": [0.485838580772662, 0.003306273236009759, 0.014660870565611774], "k_pid_alt": [2.0, 7.147745839175978e-05, 0.0017707743880310378], "k_pid_att": [61.73445716764559, 10.0, 0.753621747446474], "k_pid_yaw": [0.5, 1e-06, 0.1], "k_pid_hsp": [0.12394811134032412, 0.009193118024791775, 0.0], "k_pid_vsp": [275.16796324427924, 213.01651820080954, 0.7377744000775589]}, "datetime": {"datetime": "2025-08-20 17:30:48", "elapsed": 20303.23926138878, "delta": 16.58720350265503}, "costs": {"total_cost": 172.22787754565357, "time_cost": 73.56, "final_distance_cost": 1.8449106615103954, "oscillation_cost": 21.429488670752203, "completition_cost": 0.0, "overshoot_cost": 50.85714895260536, "power_cost": 12.477416027832032, "noise_cost": 12.058913232953582, "n_waypoints_completed": 9, "tot_waypoints": 9}}
{"target": -171.46825329420295, "params": {"k_pid_pos": [0.5871325959460796, 0.003010034212166817, 0.011154531393775508], "k_pid_alt": [1.1478605805205648, 0.00013930114458814656, 0.0004216690682078352], "k_pid_att": [38.945613303948264, 5.493751120588224, 0.7645821789925082], "k_pid_yaw": [0.5, 1e-06, 0.1], "k_pid_hsp": [0.13038723114717662, 0.007127385753494038, 0.0], "k_pid_vsp": [327.8822219757492, 148.75711989557666, 0.6661234425468364]}, "datetime": {"datetime": "2025-08-20 17:31:04", "elapsed": 20319.00335264206, "delta": 15.76409125328064}, "costs": {"total_cost": 171.46825329420295, "time_cost": 71.992, "final_distance_cost": 1.8259930764034318, "oscillation_cost": 23.47016574663179, "completition_cost": 0.0, "overshoot_cost": 50.5929910262695, "power_cost": 12.151120336914063, "noise_cost": 11.435983107984143, "n_waypoints_completed": 9, "tot_waypoints": 9}}
{"target": -169.67492871060676, "params": {"k_pid_pos": [0.7065468111694272, 0.0014542134815596637, 0.010928659308572146], "k_pid_alt": [1.8795979721471276, 9.788550211087389e-05, 0.0], "k_pid_att": [22.44230069973051, 7.452467916419354, 0.5040956682524729], "k_pid_yaw": [0.5, 1e-06, 0.1], "k_pid_hsp": [0.11381375230644375, 0.006745705975126785, 0.0], "k_pid_vsp": [263.7068952954893, 204.85183675798194, 0.7526053263229137]}, "datetime": {"datetime": "2025-08-20 17:31:20", "elapsed": 20335.480498313904, "delta": 16.477145671844482}, "costs": {"total_cost": 169.67492871060676, "time_cost": 70.28, "final_distance_cost": 1.8000209218345617, "oscillation_cost": 24.49761974627431, "completition_cost": 0.0, "overshoot_cost": 50.13571137581208, "power_cost": 11.838428051757813, "noise_cost": 11.123148614927985, "n_waypoints_completed": 9, "tot_waypoints": 9}}
{"target": -524.8329509685984, "params": {"k_pid_pos": [0.20845499164211415, 0.004719816151274172, 0.013146582770647683], "k_pid_alt": [1.894432989437649, 0.0001492579758211266, 0.002547454304626684], "k_pid_att": [45.99013421044402, 10.0, 0.6035545899585958], "k_pid_yaw": [0.5, 1e-06, 0.1], "k_pid_hsp": [0.07238616901349167, 0.011567498679148261, 0.0], "k_pid_vsp": [264.72883613647457, 272.88124404918426, 0.3066483588367688]}, "datetime": {"datetime": "2025-08-20 17:31:43", "elapsed": 20357.839963436127, "delta": 22.3594651222229}, "costs": {"total_cost": 524.8329509685984, "time_cost": 150, "final_distance_cost": 66.25504224101377, "oscillation_cost": 10.471306889600301, "completition_cost": 222.2222222222222, "overshoot_cost": 47.646735057613334, "power_cost": 14.790999938964845, "noise_cost": 13.446644619183987, "n_waypoints_completed": 7, "tot_waypoints": 9}}
{"target": -171.12130560278277, "params": {"k_pid_pos": [0.7656049508869723, 0.0031274588692381446, 0.012247018186576421], "k_pid_alt": [1.6098728655125738, 0.00014443582743622337, 0.0], "k_pid_att": [46.59895804175566, 6.9498516330729645, 0.5044120894131378], "k_pid_yaw": [0.5, 1e-06, 0.1], "k_pid_hsp": [0.11739991801171829, 0.014145330542793289, 0.0], "k_pid_vsp": [365.40610210003507, 334.73993264863344, 0.9988447688942547]}, "datetime": {"datetime": "2025-08-20 17:31:58", "elapsed": 20372.958907604218, "delta": 15.11894416809082}, "costs": {"total_cost": 171.12130560278277, "time_cost": 69.824, "final_distance_cost": 1.8195169268693707, "oscillation_cost": 25.97608032444555, "completition_cost": 0.0, "overshoot_cost": 50.124371074921, "power_cost": 12.251802978515625, "noise_cost": 11.125534298031218, "n_waypoints_completed": 9, "tot_waypoints": 9}}
{"target": -170.3229278427699, "params": {"k_pid_pos": [0.47906836871137887, 0.003445165331047745, 0.013043295236719182], "k_pid_alt": [1.5688310565123544, 7.606624283180512e-05, 0.0016304050963479616], "k_pid_att": [47.45068583892512, 10.0, 0.647947987631179], "k_pid_yaw": [0.5, 1e-06, 0.1], "k_pid_hsp": [0.10674134734467218, 0.005999137256044624, 0.0], "k_pid_vsp": [321.0810426815642, 201.0222478036193, 0.5387955601609945]}, "datetime": {"datetime": "2025-08-20 17:32:15", "elapsed": 20389.967090845108, "delta": 17.008183240890503}, "costs": {"total_cost": 170.3229278427699, "time_cost": 73.32000000000001, "final_distance_cost": 1.8441848420325928, "oscillation_cost": 19.81582019127674, "completition_cost": 0.0, "overshoot_cost": 51.0809297380468, "power_cost": 12.300693383789064, "noise_cost": 11.961299687624727, "n_waypoints_completed": 9, "tot_waypoints": 9}}
{"target": -171.12783358807965, "params": {"k_pid_pos": [0.8260741091880268, 0.0031110830044184606, 0.013882693757713227], "k_pid_alt": [1.6399199872293482, 0.00015573739336084135, 0.00824976745023595], "k_pid_att": [34.38745006786359, 8.999766896725841, 0.7879585665003273], "k_pid_yaw": [0.5, 1e-06, 0.1], "k_pid_hsp": [0.13905162052463976, 0.007519616644628941, 0.0], "k_pid_vsp": [400.0, 187.28404792045365, 0.692104173130622]}, "datetime": {"datetime": "2025-08-20 17:32:31", "elapsed": 20405.6009683609, "delta": 15.633877515792847}, "costs": {"total_cost": 171.12783358807965, "time_cost": 69.656, "final_distance_cost": 1.8083867011927166, "oscillation_cost": 26.105985665936124, "completition_cost": 0.0, "overshoot_cost": 50.70688246564484, "power_cost": 11.722276196289062, "noise_cost": 11.128302559016902, "n_waypoints_completed": 9, "tot_waypoints": 9}}
{"target": -180.47980078258473, "params": {"k_pid_pos": [0.41585400802000017, 0.0028238047359316377, 0.017099973597151503], "k_pid_alt": [1.8361738572895892, 0.00010863365465947735, 0.001625716435313636], "k_pid_att": [29.658767953149095, 7.900116269074405, 0.3096140642851006], "k_pid_yaw": [0.5, 1e-06, 0.1], "k_pid_hsp": [0.16069504588396352, 0.008255455650321765, 0.0], "k_pid_vsp": [400.0, 253.24689818317452, 0.7938703173053693]}, "datetime": {"datetime": "2025-08-20 17:32:48", "elapsed": 20422.572617053986, "delta": 16.971648693084717}, "costs": {"total_cost": 180.47980078258473, "time_cost": 78.912, "final_distance_cost": 1.8546071756104374, "oscillation_cost": 21.472088872004953, "completition_cost": 0.0, "overshoot_cost": 50.94871801019391, "power_cost": 13.829271923828125, "noise_cost": 13.463114800947292, "n_waypoints_completed": 9, "tot_waypoints": 9}}
{"target": -172.54623364750856, "params": {"k_pid_pos": [0.9425472247871246, 0.002755182180108966, 0.016463480035596945], "k_pid_alt": [2.0, 0.00011209219306284505, 0.001974497327783578], "k_pid_att": [44.45171089560434, 8.303341606366498, 0.669566791645582], "k_pid_yaw": [0.5, 1e-06, 0.1], "k_pid_hsp": [0.11117972893880597, 0.006775175714111889, 0.0], "k_pid_vsp": [273.80475873961524, 245.83050664868435, 0.7564367227317484]}, "datetime": {"datetime": "2025-08-20 17:33:04", "elapsed": 20438.525534152985, "delta": 15.952917098999023}, "costs": {"total_cost": 172.54623364750856, "time_cost": 69.664, "final_distance_cost": 1.8165239964713313, "oscillation_cost": 27.16599309041703, "completition_cost": 0.0, "overshoot_cost": 50.27563243776953, "power_cost": 12.347254370117188, "noise_cost": 11.276829752733482, "n_waypoints_completed": 9, "tot_waypoints": 9}}
{"target": -172.8022795215053, "params": {"k_pid_pos": [0.8530682352011821, 0.0026498642749846345, 0.01400812020142229], "k_pid_alt": [1.7458110920514756, 0.00015304516130142763, 0.0018516425792212308], "k_pid_att": [25.823422417515086, 8.60518519542616, 0.6322402769120994], "k_pid_yaw": [0.5, 1e-06, 0.1], "k_pid_hsp": [0.08529356161533837, 0.00776610916928706, 0.0], "k_pid_vsp": [334.5928149084966, 130.37173556818695, 0.7469217456853112]}, "datetime": {"datetime": "2025-08-20 17:33:20", "elapsed": 20454.527163505554, "delta": 16.00162935256958}, "costs": {"total_cost": 172.8022795215053, "time_cost": 71.728, "final_distance_cost": 1.7946795357034486, "oscillation_cost": 25.658869832007017, "completition_cost": 0.0, "overshoot_cost": 50.41319320833809, "power_cost": 11.9916986328125, "noise_cost": 11.215838312644255, "n_waypoints_completed": 9, "tot_waypoints": 9}}
{"target": -169.78743318042436, "params": {"k_pid_pos": [0.5731967102692612, 0.003477186610072331, 0.008881275069133032], "k_pid_alt": [1.2888372268322132, 0.000147915067732678, 0.00040464627570845676], "k_pid_att": [63.50276677989024, 9.14096652549631, 0.5578046927656871], "k_pid_yaw": [0.5, 1e-06, 0.1], "k_pid_hsp": [0.10199181042867866, 0.009393914414371022, 0.0], "k_pid_vsp": [88.53684954425485, 250.9434223847188, 0.8825935055655293]}, "datetime": {"datetime": "2025-08-20 17:33:35", "elapsed": 20470.16451382637, "delta": 15.63735032081604}, "costs": {"total_cost": 169.78743318042436, "time_cost": 71.488, "final_distance_cost": 1.821153915754868, "oscillation_cost": 22.66857589577499, "completition_cost": 0.0, "overshoot_cost": 50.18728530720471, "power_cost": 12.211519677734376, "noise_cost": 11.410898383955425, "n_waypoints_completed": 9, "tot_waypoints": 9}}
{"target": -171.83328578432878, "params": {"k_pid_pos": [0.5873791886206908, 0.002126682427862853, 0.012754598756599856], "k_pid_alt": [1.5253990177700434, 0.00015841251615163857, 0.004167127999674325], "k_pid_att": [54.920344867114686, 8.937637556442716, 0.47517797933105754], "k_pid_yaw": [0.5, 1e-06, 0.1], "k_pid_hsp": [0.13659545889261404, 0.009945711940591148, 0.0], "k_pid_vsp": [400.0, 123.5619514680481, 1e-06]}, "datetime": {"datetime": "2025-08-20 17:33:51", "elapsed": 20486.147783994675, "delta": 15.983270168304443}, "costs": {"total_cost": 171.83328578432878, "time_cost": 71.72, "final_distance_cost": 1.8421480053087262, "oscillation_cost": 24.225631444762893, "completition_cost": 0.0, "overshoot_cost": 50.61301887712455, "power_cost": 11.90136365966797, "noise_cost": 11.53112379746463, "n_waypoints_completed": 9, "tot_waypoints": 9}}
{"target": -171.0053221118821, "params": {"k_pid_pos": [0.789945150283891, 0.0024649362236321957, 0.011631124859701497], "k_pid_alt": [1.4787495243103088, 0.00011412797467035045, 0.0024174843407470535], "k_pid_att": [40.930849520006156, 8.259817497786043, 0.508553917715425], "k_pid_yaw": [0.5, 1e-06, 0.1], "k_pid_hsp": [0.15312945346363346, 0.009907587966304606, 0.0], "k_pid_vsp": [294.16959683817646, 122.83436476480627, 0.7551346029683503]}, "datetime": {"datetime": "2025-08-20 17:34:07", "elapsed": 20501.93381381035, "delta": 15.786029815673828}, "costs": {"total_cost": 171.0053221118821, "time_cost": 69.768, "final_distance_cost": 1.8237267582161274, "oscillation_cost": 26.040597916609194, "completition_cost": 0.0, "overshoot_cost": 50.46101817694202, "power_cost": 11.7284013671875, "noise_cost": 11.18357789292724, "n_waypoints_completed": 9, "tot_waypoints": 9}}
{"target": -170.0207262155486, "params": {"k_pid_pos": [0.6230214729979321, 0.002313745180651759, 0.012537737690486722], "k_pid_alt": [1.3209047368599889, 0.00010352806206362635, 0.0010119061373713694], "k_pid_att": [58.64300935734358, 10.0, 0.6949056906549155], "k_pid_yaw": [0.5, 1e-06, 0.1], "k_pid_hsp": [0.11102039571987865, 0.0075952024879758035, 0.0], "k_pid_vsp": [276.2428505734076, 323.2745555413955, 0.8620894448248325]}, "datetime": {"datetime": "2025-08-20 17:34:23", "elapsed": 20518.182203769684, "delta": 16.248389959335327}, "costs": {"total_cost": 170.0207262155486, "time_cost": 71.024, "final_distance_cost": 1.817372101559666, "oscillation_cost": 22.92577101936635, "completition_cost": 0.0, "overshoot_cost": 50.756250160292105, "power_cost": 12.163066137695314, "noise_cost": 11.334266796635138, "n_waypoints_completed": 9, "tot_waypoints": 9}}
{"target": -170.51088561683474, "params": {"k_pid_pos": [0.6897608855637074, 0.0033928933954754255, 0.019306300176123812], "k_pid_alt": [1.9305787621825037, 0.0001586269420501944, 0.00264063619977371], "k_pid_att": [41.44966450008534, 5.354726410225524, 0.7508332696760213], "k_pid_yaw": [0.5, 1e-06, 0.1], "k_pid_hsp": [0.12363323363768924, 0.008266886106869669, 0.0], "k_pid_vsp": [247.66524981828806, 282.2030030905774, 0.5615973913826516]}, "datetime": {"datetime": "2025-08-20 17:34:40", "elapsed": 20534.77673316002, "delta": 16.594529390335083}, "costs": {"total_cost": 170.51088561683474, "time_cost": 70.288, "final_distance_cost": 1.8212065231584402, "oscillation_cost": 24.156783959288155, "completition_cost": 0.0, "overshoot_cost": 50.74982133164916, "power_cost": 12.184196252441406, "noise_cost": 11.310877550297588, "n_waypoints_completed": 9, "tot_waypoints": 9}}
{"target": -171.43221147385165, "params": {"k_pid_pos": [0.7709184612052384, 0.004387073172768469, 0.011078494506969308], "k_pid_alt": [1.501157064807651, 0.00015038289751324058, 0.0031685834506680714], "k_pid_att": [16.812783215198635, 8.585507799844764, 0.6454066788816714], "k_pid_yaw": [0.5, 1e-06, 0.1], "k_pid_hsp": [0.16535925245752375, 0.004474656158161217, 0.0], "k_pid_vsp": [302.2759944422053, 284.42177066166823, 0.5265397548284363]}, "datetime": {"datetime": "2025-08-20 17:34:55", "elapsed": 20549.518981933594, "delta": 14.742248773574829}, "costs": {"total_cost": 171.43221147385165, "time_cost": 69.672, "final_distance_cost": 1.8163816181931942, "oscillation_cost": 26.165043025369766, "completition_cost": 0.0, "overshoot_cost": 50.31350353592068, "power_cost": 12.108938024902343, "noise_cost": 11.356345269465674, "n_waypoints_completed": 9, "tot_waypoints": 9}}
{"target": -169.68327438296447, "params": {"k_pid_pos": [0.49758234417785263, 0.002663819662584071, 0.013590718831412643], "k_pid_alt": [2.0, 0.00014847106476502514, 0.008435464448883245], "k_pid_att": [46.16584035720087, 10.0, 0.6485738920291214], "k_pid_yaw": [0.5, 1e-06, 0.1], "k_pid_hsp": [0.09615038321379699, 0.007090575879715677, 0.0], "k_pid_vsp": [400.0, 173.20709997160841, 0.06954916887190733]}, "datetime": {"datetime": "2025-08-20 17:35:11", "elapsed": 20565.918612003326, "delta": 16.399630069732666}, "costs": {"total_cost": 169.68327438296447, "time_cost": 72.808, "final_distance_cost": 1.8407468922619654, "oscillation_cost": 19.995219618250562, "completition_cost": 0.0, "overshoot_cost": 51.1155578868192, "power_cost": 12.158833239746095, "noise_cost": 11.764916745886675, "n_waypoints_completed": 9, "tot_waypoints": 9}}
{"target": -170.63777924017737, "params": {"k_pid_pos": [0.8230364076102448, 0.002297461531814564, 0.015690068600611087], "k_pid_alt": [2.0, 0.00011294366381883846, 0.002259423542222062], "k_pid_att": [14.438276843681452, 3.6842657025031094, 0.536150891421412], "k_pid_yaw": [0.5, 1e-06, 0.1], "k_pid_hsp": [0.12824980900404584, 0.007380196532720761, 0.0], "k_pid_vsp": [306.9806483129958, 213.503244880753, 0.7564852323622451]}, "datetime": {"datetime": "2025-08-20 17:35:27", "elapsed": 20581.712124824524, "delta": 15.79351282119751}, "costs": {"total_cost": 170.63777924017737, "time_cost": 69.824, "final_distance_cost": 1.8136509999433732, "oscillation_cost": 25.85138879535617, "completition_cost": 0.0, "overshoot_cost": 49.897922518762606, "power_cost": 12.118779003906251, "noise_cost": 11.13203792220899, "n_waypoints_completed": 9, "tot_waypoints": 9}}
{"target": -176.65382846754565, "params": {"k_pid_pos": [0.5797788907791678, 0.002805085658567649, 0.012989459042500462], "k_pid_alt": [1.2436220572002317, 0.00012985742502977802, 0.0028309289192117136], "k_pid_att": [37.12455721990917, 8.65749355457355, 0.6697120274303495], "k_pid_yaw": [0.5, 1e-06, 0.1], "k_pid_hsp": [0.050879462506804696, 0.009249754166658635, 0.0], "k_pid_vsp": [219.85385338259957, 237.32356336928288, 0.5260130140528265]}, "datetime": {"datetime": "2025-08-20 17:35:44", "elapsed": 20598.935959100723, "delta": 17.22383427619934}, "costs": {"total_cost": 176.65382846754565, "time_cost": 77.952, "final_distance_cost": 1.7814306014184829, "oscillation_cost": 18.441055777027056, "completition_cost": 0.0, "overshoot_cost": 53.93288259334754, "power_cost": 12.563311633300781, "noise_cost": 11.983147862451789, "n_waypoints_completed": 9, "tot_waypoints": 9}}
{"target": -173.72387748765075, "params": {"k_pid_pos": [1.034243481950626, 0.003856584693539647, 0.01576650142299531], "k_pid_alt": [1.4629970441008202, 6.253640714774327e-05, 0.004216775412263742], "k_pid_att": [35.971097376028176, 7.8344656587324515, 0.43482229719523263], "k_pid_yaw": [0.5, 1e-06, 0.1], "k_pid_hsp": [0.11664001251393737, 0.009271601677257454, 0.0], "k_pid_vsp": [208.70926246145515, 50.76649829924131, 0.513617789459476]}, "datetime": {"datetime": "2025-08-20 17:36:00", "elapsed": 20615.208153486252, "delta": 16.272194385528564}, "costs": {"total_cost": 173.72387748765075, "time_cost": 69.912, "final_distance_cost": 1.779883562783003, "oscillation_cost": 28.705638024681797, "completition_cost": 0.0, "overshoot_cost": 50.35358031518325, "power_cost": 11.868471325683595, "noise_cost": 11.104304259319102, "n_waypoints_completed": 9, "tot_waypoints": 9}}
{"target": -176.9468433415143, "params": {"k_pid_pos": [0.7738722415388507, 0.0030556389359882156, 0.010491549877188073], "k_pid_alt": [1.948958338596093, 0.00013735116569256123, 0.002062250299372996], "k_pid_att": [25.68014449293409, 6.614824764440193, 0.7491398336900955], "k_pid_yaw": [0.5, 1e-06, 0.1], "k_pid_hsp": [0.056733406850755695, 0.008452726170233212, 0.0], "k_pid_vsp": [393.50249878238975, 206.45639936391547, 0.39755862944193376]}, "datetime": {"datetime": "2025-08-20 17:36:17", "elapsed": 20631.60244989395, "delta": 16.394296407699585}, "costs": {"total_cost": 176.9468433415143, "time_cost": 75.008, "final_distance_cost": 1.7423981049898403, "oscillation_cost": 22.911612618424833, "completition_cost": 0.0, "overshoot_cost": 52.45887575291222, "power_cost": 12.865413293457031, "noise_cost": 11.960543571730344, "n_waypoints_completed": 9, "tot_waypoints": 9}}
{"target": -172.43169819672133, "params": {"k_pid_pos": [0.67436043751713, 0.0025490718233176497, 0.017924121658241834], "k_pid_alt": [1.2452669956289217, 9.837589711008986e-05, 0.002598214770487999], "k_pid_att": [49.45548345370671, 2.8860083083746155, 0.7004455154786537], "k_pid_yaw": [0.5, 1e-06, 0.1], "k_pid_hsp": [0.16814710763241356, 0.004718526936967386, 0.0], "k_pid_vsp": [365.49089874632114, 302.9378765144515, 0.609352089089642]}, "datetime": {"datetime": "2025-08-20 17:36:32", "elapsed": 20647.225786924362, "delta": 15.623337030410767}, "costs": {"total_cost": 172.43169819672133, "time_cost": 71.152, "final_distance_cost": 1.8374070946329581, "oscillation_cost": 25.198596457142806, "completition_cost": 0.0, "overshoot_cost": 50.267300946699606, "power_cost": 12.372568310546876, "noise_cost": 11.603825387699084, "n_waypoints_completed": 9, "tot_waypoints": 9}}
