{"target": -168.22548160292232, "params": {"k_pid_pos": [0.5640203972782353, 0.0038640629254467125, 0.008334996397056938], "k_pid_alt": [1.908275601790517, 0.00014694035038179319, 0.0020196414731103937], "k_pid_att": [26.743316979905483, 6.756244053411304, 0.617065211643309], "k_pid_yaw": [0.5, 1e-06, 0.1], "k_pid_hsp": [0.10010350245023257, 0.004351189475684661, 0.0], "k_pid_vsp": [213.06659158518855, 314.6834278257281, 0.5525491930053547]}, "datetime": {"datetime": "2025-08-20 20:33:00", "elapsed": 31235.449024677277, "delta": 17.429446935653687}, "costs": {"total_cost": 168.22548160292232, "time_cost": 71.688, "final_distance_cost": 1.8327865763835538, "oscillation_cost": 21.083312263770758, "completition_cost": 0.0, "overshoot_cost": 50.70851457140275, "power_cost": 11.62949013671875, "noise_cost": 11.283378054646501, "n_waypoints_completed": 9, "tot_waypoints": 9}}
{"target": -172.97623981466117, "params": {"k_pid_pos": [0.42102624887859363, 0.003548797831695189, 0.010329158945503849], "k_pid_alt": [1.262286342422643, 0.00012036129799483475, 0.0019217218577393322], "k_pid_att": [32.88478665809324, 4.710928235394931, 0.8090370727294504], "k_pid_yaw": [0.5, 1e-06, 0.1], "k_pid_hsp": [0.10206204203750019, 0.006857065013302522, 0.0], "k_pid_vsp": [183.9945776782396, 150.3915101344467, 0.8650308020372828]}, "datetime": {"datetime": "2025-08-20 20:33:18", "elapsed": 31253.23487854004, "delta": 17.78585386276245}, "costs": {"total_cost": 172.97623981466117, "time_cost": 75.36, "final_distance_cost": 1.8504919530025599, "oscillation_cost": 18.656105320300735, "completition_cost": 0.0, "overshoot_cost": 51.83720985862256, "power_cost": 12.800285559082031, "noise_cost": 12.472147123653276, "n_waypoints_completed": 9, "tot_waypoints": 9}}
{"target": -180.68536713787128, "params": {"k_pid_pos": [0.3523767899675567, 0.00583158699602489, 0.009152043221663379], "k_pid_alt": [2.0, 0.00010104400072405256, 0.0018122188177339064], "k_pid_att": [32.22294779422479, 6.690404795302143, 0.6770170737122102], "k_pid_yaw": [0.5, 1e-06, 0.1], "k_pid_hsp": [0.1313626622533902, 0.006071010659355018, 0.0], "k_pid_vsp": [215.53580099041642, 268.0488617548596, 0.5297520029118177]}, "datetime": {"datetime": "2025-08-20 20:33:37", "elapsed": 31272.061012744904, "delta": 18.826134204864502}, "costs": {"total_cost": 180.68536713787128, "time_cost": 81.792, "final_distance_cost": 1.8580076333291022, "oscillation_cost": 18.44524949261585, "completition_cost": 0.0, "overshoot_cost": 51.697914256168005, "power_cost": 13.22454754638672, "noise_cost": 13.667648209371569, "n_waypoints_completed": 9, "tot_waypoints": 9}}
{"target": -170.3560188613874, "params": {"k_pid_pos": [0.4939101273511725, 0.0043151115638237975, 0.011025540967413277], "k_pid_alt": [1.5383345252965386, 0.00013980148697465784, 0.002015047949110499], "k_pid_att": [32.44143838725881, 6.6230504763015885, 0.5075349210301826], "k_pid_yaw": [0.5, 1e-06, 0.1], "k_pid_hsp": [0.1016310168684812, 0.006563574909968944, 0.0], "k_pid_vsp": [214.2341544099753, 157.13582696537574, 0.8693590226546611]}, "datetime": {"datetime": "2025-08-20 20:33:53", "elapsed": 31287.736654281616, "delta": 15.675641536712646}, "costs": {"total_cost": 170.3560188613874, "time_cost": 72.768, "final_distance_cost": 1.8309742436536238, "oscillation_cost": 20.207039868267568, "completition_cost": 0.0, "overshoot_cost": 51.011876311024075, "power_cost": 12.64984188232422, "noise_cost": 11.888286556117928, "n_waypoints_completed": 9, "tot_waypoints": 9}}
{"target": -173.7634290842281, "params": {"k_pid_pos": [0.39367502634762813, 0.003997865913239079, 0.008917944950881955], "k_pid_alt": [2.0, 0.00015151778584636516, 0.0017466603319610467], "k_pid_att": [27.576398134227848, 4.963325830262658, 0.6013094577075986], "k_pid_yaw": [0.5, 1e-06, 0.1], "k_pid_hsp": [0.10453682216591993, 0.006272914768338058, 0.0], "k_pid_vsp": [271.2230947427878, 198.82099423094235, 0.9003867518816748]}, "datetime": {"datetime": "2025-08-20 20:34:12", "elapsed": 31307.026434659958, "delta": 19.289780378341675}, "costs": {"total_cost": 173.7634290842281, "time_cost": 76.47200000000001, "final_distance_cost": 1.8519300379352297, "oscillation_cost": 18.258120469668484, "completition_cost": 0.0, "overshoot_cost": 51.34864050087819, "power_cost": 13.087357885742188, "noise_cost": 12.745380190003985, "n_waypoints_completed": 9, "tot_waypoints": 9}}
{"target": -170.38975721066026, "params": {"k_pid_pos": [0.6764210494284244, 0.003751808359796866, 0.011304200426859529], "k_pid_alt": [2.0, 0.00012526300255097657, 0.002125579808663997], "k_pid_att": [32.77971602152995, 5.581970716960363, 0.732098061520972], "k_pid_yaw": [0.5, 1e-06, 0.1], "k_pid_hsp": [0.10365097768527314, 0.005174490054731612, 0.0], "k_pid_vsp": [233.21794376699657, 199.72812810104915, 0.9944376582832714]}, "datetime": {"datetime": "2025-08-20 20:34:28", "elapsed": 31323.04315471649, "delta": 16.016720056533813}, "costs": {"total_cost": 170.38975721066026, "time_cost": 70.792, "final_distance_cost": 1.8071470539738879, "oscillation_cost": 23.17505282124757, "completition_cost": 0.0, "overshoot_cost": 50.92946964948399, "power_cost": 12.379775109863282, "noise_cost": 11.306312576091516, "n_waypoints_completed": 9, "tot_waypoints": 9}}
{"target": -169.36038655209853, "params": {"k_pid_pos": [0.5460684806141662, 0.004074567214581028, 0.014913325470016128], "k_pid_alt": [2.0, 0.00012676944271345137, 0.002023988082966251], "k_pid_att": [25.899962263229373, 7.143097839891108, 0.8989306923846828], "k_pid_yaw": [0.5, 1e-06, 0.1], "k_pid_hsp": [0.09961478715564909, 0.0050134939176364425, 0.0], "k_pid_vsp": [196.97532436438055, 214.29691916911588, 0.874606425018892]}, "datetime": {"datetime": "2025-08-20 20:34:47", "elapsed": 31341.51945066452, "delta": 18.476295948028564}, "costs": {"total_cost": 169.36038655209853, "time_cost": 71.992, "final_distance_cost": 1.826309524927244, "oscillation_cost": 20.834588397591187, "completition_cost": 0.0, "overshoot_cost": 50.9395687856108, "power_cost": 12.24837236328125, "noise_cost": 11.519547480688072, "n_waypoints_completed": 9, "tot_waypoints": 9}}
{"target": -184.1826756210929, "params": {"k_pid_pos": [0.34400662837902907, 0.0035454968020109377, 0.009239297646935771], "k_pid_alt": [1.5290955286978833, 0.00012099294560427333, 0.002238258926076208], "k_pid_att": [28.267638044176483, 6.2497541698980426, 0.8881655194374103], "k_pid_yaw": [0.5, 1e-06, 0.1], "k_pid_hsp": [0.11846100384042824, 0.008829678710549162, 0.0], "k_pid_vsp": [225.60688420122585, 247.52588193013955, 1.031392000232417]}, "datetime": {"datetime": "2025-08-20 20:35:04", "elapsed": 31359.291182279587, "delta": 17.77173161506653}, "costs": {"total_cost": 184.1826756210929, "time_cost": 83.296, "final_distance_cost": 1.8625718645420908, "oscillation_cost": 18.31256633803425, "completition_cost": 0.0, "overshoot_cost": 52.13209475781178, "power_cost": 13.96289306640625, "noise_cost": 14.616549594298506, "n_waypoints_completed": 9, "tot_waypoints": 9}}
{"target": -171.3565283737988, "params": {"k_pid_pos": [0.6074877315289378, 0.005155992666457237, 0.007210615295370519], "k_pid_alt": [2.0, 0.00013191165636879348, 0.0016223837316182684], "k_pid_att": [33.59974215901291, 6.279066966348242, 0.7559452655139781], "k_pid_yaw": [0.5, 1e-06, 0.1], "k_pid_hsp": [0.07446585387244169, 0.006501507861689698, 0.0], "k_pid_vsp": [187.72343694641498, 166.5913757089772, 1.1712314440000053]}, "datetime": {"datetime": "2025-08-20 20:35:22", "elapsed": 31377.015221118927, "delta": 17.72403883934021}, "costs": {"total_cost": 171.3565283737988, "time_cost": 73.56, "final_distance_cost": 1.7782477403455526, "oscillation_cost": 20.585325766623807, "completition_cost": 0.0, "overshoot_cost": 51.57724978036147, "power_cost": 12.215782775878907, "noise_cost": 11.639922310589062, "n_waypoints_completed": 9, "tot_waypoints": 9}}
{"target": -169.00916334926586, "params": {"k_pid_pos": [0.5100596550494996, 0.00503101303521743, 0.011190949175929813], "k_pid_alt": [2.0, 0.00013891129095029554, 0.001902421395686745], "k_pid_att": [27.67095836581434, 5.930841817875248, 0.45480299926812956], "k_pid_yaw": [0.5, 1e-06, 0.1], "k_pid_hsp": [0.08383947998096598, 0.00624691277190985, 0.0], "k_pid_vsp": [144.82485509252808, 162.914183754179, 0.9803926721838927]}, "datetime": {"datetime": "2025-08-20 20:35:38", "elapsed": 31393.0942568779, "delta": 16.079035758972168}, "costs": {"total_cost": 169.00916334926586, "time_cost": 72.952, "final_distance_cost": 1.821244203634092, "oscillation_cost": 19.377006588761265, "completition_cost": 0.0, "overshoot_cost": 51.46406211792539, "power_cost": 11.86923114013672, "noise_cost": 11.525619298808394, "n_waypoints_completed": 9, "tot_waypoints": 9}}
{"target": -168.42379973462647, "params": {"k_pid_pos": [0.5980439383156244, 0.0040899636004000685, 0.009646307831623936], "k_pid_alt": [1.9920002940141905, 0.00012610424827539846, 0.0019234635329213063], "k_pid_att": [25.83867298338855, 7.390158796745418, 0.6772738628505791], "k_pid_yaw": [0.5, 1e-06, 0.1], "k_pid_hsp": [0.09581116245700942, 0.005239690209783668, 0.0], "k_pid_vsp": [205.60841994894312, 236.0223130950367, 0.5265180230704163]}, "datetime": {"datetime": "2025-08-20 20:35:55", "elapsed": 31409.77271413803, "delta": 16.678457260131836}, "costs": {"total_cost": 168.42379973462647, "time_cost": 71.48, "final_distance_cost": 1.8213840086556132, "oscillation_cost": 21.404685013958737, "completition_cost": 0.0, "overshoot_cost": 50.729963718394686, "power_cost": 11.786784375, "noise_cost": 11.200982618617415, "n_waypoints_completed": 9, "tot_waypoints": 9}}
{"target": -170.19607036205122, "params": {"k_pid_pos": [0.6797536546083739, 0.002453557521890306, 0.005696249145904744], "k_pid_alt": [2.0, 0.00014160517295206862, 0.0018491079938192441], "k_pid_att": [29.085858603823624, 7.579386890066071, 0.82736882343722], "k_pid_yaw": [0.5, 1e-06, 0.1], "k_pid_hsp": [0.07998169670138572, 0.006346418207272869, 0.0], "k_pid_vsp": [256.4055638097587, 257.7868500527455, 0.6817677537421004]}, "datetime": {"datetime": "2025-08-20 20:36:12", "elapsed": 31426.524663448334, "delta": 16.751949310302734}, "costs": {"total_cost": 170.19607036205122, "time_cost": 72.336, "final_distance_cost": 1.8086126072337783, "oscillation_cost": 22.505488835617026, "completition_cost": 0.0, "overshoot_cost": 50.81158076355973, "power_cost": 11.53562119140625, "noise_cost": 11.198766964234405, "n_waypoints_completed": 9, "tot_waypoints": 9}}
{"target": -171.36839436357195, "params": {"k_pid_pos": [0.6013894000876384, 0.0039665813175483395, 0.008605892365028511], "k_pid_alt": [2.0, 0.00012427073830358198, 0.0013642103543032157], "k_pid_att": [25.641337295938943, 5.075624505991102, 0.6897053008092836], "k_pid_yaw": [0.5, 1e-06, 0.1], "k_pid_hsp": [0.1330138665520535, 0.006291472948237942, 0.0], "k_pid_vsp": [286.72997667201327, 284.0698117401412, 0.6210345640072629]}, "datetime": {"datetime": "2025-08-20 20:36:27", "elapsed": 31441.952580451965, "delta": 15.427917003631592}, "costs": {"total_cost": 171.36839436357195, "time_cost": 71.184, "final_distance_cost": 1.8298180898608325, "oscillation_cost": 23.963391180611122, "completition_cost": 0.0, "overshoot_cost": 50.261245433036954, "power_cost": 12.485782580566406, "noise_cost": 11.644157079496647, "n_waypoints_completed": 9, "tot_waypoints": 9}}
{"target": -169.36733835054912, "params": {"k_pid_pos": [0.6371907718633498, 0.0030351466958106043, 0.007243197182128252], "k_pid_alt": [1.9694671595665085, 0.00011609584264409533, 0.0017303067771439141], "k_pid_att": [31.219956263104603, 7.191560809948306, 0.885285485549368], "k_pid_yaw": [0.5, 1e-06, 0.1], "k_pid_hsp": [0.09859195450153864, 0.0058399711051192295, 0.0], "k_pid_vsp": [258.86962544664976, 315.3283787650711, 0.5338163015581031]}, "datetime": {"datetime": "2025-08-20 20:36:44", "elapsed": 31458.654240846634, "delta": 16.70166039466858}, "costs": {"total_cost": 169.36733835054912, "time_cost": 71.016, "final_distance_cost": 1.8245141714016015, "oscillation_cost": 22.44061401825717, "completition_cost": 0.0, "overshoot_cost": 50.731248169674494, "power_cost": 12.115742309570313, "noise_cost": 11.239219681645515, "n_waypoints_completed": 9, "tot_waypoints": 9}}
{"target": -169.49927624102475, "params": {"k_pid_pos": [0.6792174485298595, 0.0037818917238694873, 0.008054748665743077], "k_pid_alt": [1.5524377757373589, 0.00012168430084563325, 0.0017647934796179337], "k_pid_att": [28.91460587892907, 8.658009961585712, 0.48002084093624015], "k_pid_yaw": [0.5, 1e-06, 0.1], "k_pid_hsp": [0.11002539639335644, 0.0034711739333898196, 0.0], "k_pid_vsp": [248.36639544021202, 211.72559024178585, 0.6332643609431475]}, "datetime": {"datetime": "2025-08-20 20:36:59", "elapsed": 31474.00037741661, "delta": 15.346136569976807}, "costs": {"total_cost": 169.49927624102475, "time_cost": 70.608, "final_distance_cost": 1.8023624079722762, "oscillation_cost": 23.422930845147636, "completition_cost": 0.0, "overshoot_cost": 50.68202875418812, "power_cost": 11.70699110107422, "noise_cost": 11.276963132642496, "n_waypoints_completed": 9, "tot_waypoints": 9}}
{"target": -168.84759637639354, "params": {"k_pid_pos": [0.5336001841719948, 0.0026607026699375564, 0.008787853191532934], "k_pid_alt": [2.0, 0.00010206680116363277, 0.0016111052460504125], "k_pid_att": [27.023776071175366, 6.02726697272038, 0.5793128739910615], "k_pid_yaw": [0.5, 1e-06, 0.1], "k_pid_hsp": [0.08637823199369239, 0.005114025677287671, 0.0], "k_pid_vsp": [305.828125524115, 299.1029217125643, 0.4635890446834317]}, "datetime": {"datetime": "2025-08-20 20:37:16", "elapsed": 31491.123473882675, "delta": 17.123096466064453}, "costs": {"total_cost": 168.84759637639354, "time_cost": 72.488, "final_distance_cost": 1.8096993630496039, "oscillation_cost": 19.69391962659917, "completition_cost": 0.0, "overshoot_cost": 51.32793134241192, "power_cost": 11.974874523925783, "noise_cost": 11.553171520407076, "n_waypoints_completed": 9, "tot_waypoints": 9}}
{"target": -171.29286513744512, "params": {"k_pid_pos": [0.5970430097217331, 0.004008119013603226, 0.008880884758268653], "k_pid_alt": [1.7225947014668985, 0.0001433419926022328, 0.001980692768083697], "k_pid_att": [30.78264852210707, 5.19425965219875, 0.45909874037230675], "k_pid_yaw": [0.5, 1e-06, 0.1], "k_pid_hsp": [0.07348616631060283, 0.004801130417103113, 0.0], "k_pid_vsp": [184.9732330298519, 304.48455981459915, 0.5803303049986995]}, "datetime": {"datetime": "2025-08-20 20:37:32", "elapsed": 31507.323694229126, "delta": 16.200220346450806}, "costs": {"total_cost": 171.29286513744512, "time_cost": 73.88, "final_distance_cost": 1.8125789905324086, "oscillation_cost": 20.199691913198638, "completition_cost": 0.0, "overshoot_cost": 51.372807704763744, "power_cost": 12.281476452636719, "noise_cost": 11.74631007631362, "n_waypoints_completed": 9, "tot_waypoints": 9}}
{"target": -170.43191528280403, "params": {"k_pid_pos": [0.5415568925572145, 0.0031221888890864934, 0.007548866050643094], "k_pid_alt": [2.0, 0.00011350575138074052, 0.0010373870586011147], "k_pid_att": [26.774800117859968, 4.975306884144051, 0.435674861076393], "k_pid_yaw": [0.5, 1e-06, 0.1], "k_pid_hsp": [0.12237209530380183, 0.0034870089544839556, 0.0], "k_pid_vsp": [230.8443458538015, 374.5496867431926, 0.4424648628858598]}, "datetime": {"datetime": "2025-08-20 20:37:50", "elapsed": 31524.594523191452, "delta": 17.27082896232605}, "costs": {"total_cost": 170.43191528280403, "time_cost": 72.144, "final_distance_cost": 1.841677335780046, "oscillation_cost": 21.69054964689838, "completition_cost": 0.0, "overshoot_cost": 51.148643710517646, "power_cost": 11.96197060546875, "noise_cost": 11.645073984139184, "n_waypoints_completed": 9, "tot_waypoints": 9}}
{"target": -170.03787958150073, "params": {"k_pid_pos": [0.6005113573737827, 0.003432984169159745, 0.008149706711377845], "k_pid_alt": [1.8461516200888075, 0.0001307735063232714, 0.001715715355805783], "k_pid_att": [28.154110992582606, 8.87139150842698, 0.6916649164487126], "k_pid_yaw": [0.5, 1e-06, 0.1], "k_pid_hsp": [0.10031182761422669, 0.0025523728288659293, 0.0], "k_pid_vsp": [211.99515969128063, 246.65969156801177, 0.4078987105963872]}, "datetime": {"datetime": "2025-08-20 20:38:06", "elapsed": 31541.04466366768, "delta": 16.450140476226807}, "costs": {"total_cost": 170.03787958150073, "time_cost": 71.44, "final_distance_cost": 1.8245473972147368, "oscillation_cost": 21.803663677718973, "completition_cost": 0.0, "overshoot_cost": 50.702252457743896, "power_cost": 12.584717590332032, "noise_cost": 11.682698458491098, "n_waypoints_completed": 9, "tot_waypoints": 9}}
{"target": -172.56930645778544, "params": {"k_pid_pos": [0.655226703199174, 0.0046457635753810915, 0.009116907460307454], "k_pid_alt": [2.0, 0.00016280975835748898, 0.0018535687228420918], "k_pid_att": [33.10820889973032, 5.588144356843476, 0.7730223010186285], "k_pid_yaw": [0.5, 1e-06, 0.1], "k_pid_hsp": [0.07521626417077164, 0.0055382170820946946, 0.0], "k_pid_vsp": [283.700926073835, 224.3568741570896, 0.409837977361674]}, "datetime": {"datetime": "2025-08-20 20:38:23", "elapsed": 31557.996322393417, "delta": 16.951658725738525}, "costs": {"total_cost": 172.56930645778544, "time_cost": 73.256, "final_distance_cost": 1.7959791227089346, "oscillation_cost": 21.53283525722498, "completition_cost": 0.0, "overshoot_cost": 51.848308233986494, "power_cost": 12.434267346191406, "noise_cost": 11.701916497673642, "n_waypoints_completed": 9, "tot_waypoints": 9}}
{"target": -169.6474402973801, "params": {"k_pid_pos": [0.504854920585101, 0.003873714300262149, 0.006263256437837743], "k_pid_alt": [1.343884944754534, 6.50859536931548e-05, 0.0019463355806273496], "k_pid_att": [29.081452433595206, 6.295606982506787, 0.7820355400505464], "k_pid_yaw": [0.5, 1e-06, 0.1], "k_pid_hsp": [0.09618418364859999, 0.005115537232867937, 0.0], "k_pid_vsp": [236.14840708623933, 161.62609467302983, 0.5125383125072934]}, "datetime": {"datetime": "2025-08-20 20:38:40", "elapsed": 31574.81855726242, "delta": 16.822234869003296}, "costs": {"total_cost": 169.6474402973801, "time_cost": 72.752, "final_distance_cost": 1.8309358123429487, "oscillation_cost": 19.863581627454597, "completition_cost": 0.0, "overshoot_cost": 50.82474783865171, "power_cost": 12.44481865234375, "noise_cost": 11.931356366587103, "n_waypoints_completed": 9, "tot_waypoints": 9}}
{"target": -169.57819353165786, "params": {"k_pid_pos": [0.5575931298027298, 0.0036094056262247314, 0.009084420330304514], "k_pid_alt": [1.8322595722305934, 0.00010284547723975465, 0.0012964771639536496], "k_pid_att": [26.67868015706287, 8.32538643206103, 0.5390589364944328], "k_pid_yaw": [0.5, 1e-06, 0.1], "k_pid_hsp": [0.07938473664252398, 0.0038800069757959463, 0.0], "k_pid_vsp": [227.59713609483364, 270.3584721973255, 0.47963345756517484]}, "datetime": {"datetime": "2025-08-20 20:38:56", "elapsed": 31590.842337608337, "delta": 16.023780345916748}, "costs": {"total_cost": 169.57819353165786, "time_cost": 72.872, "final_distance_cost": 1.8155869895090673, "oscillation_cost": 19.683101788050234, "completition_cost": 0.0, "overshoot_cost": 51.99074932609863, "power_cost": 11.748094384765626, "noise_cost": 11.468661043234288, "n_waypoints_completed": 9, "tot_waypoints": 9}}
{"target": -171.44125564379908, "params": {"k_pid_pos": [0.7082254457917854, 0.0030250171452003566, 0.010953587921229234], "k_pid_alt": [2.0, 0.00010196747292077275, 0.002135955602427193], "k_pid_att": [35.759442308598295, 7.455008397277943, 0.5495924502869939], "k_pid_yaw": [0.5, 1e-06, 0.1], "k_pid_hsp": [0.08159697243366355, 0.003982824010935739, 0.0], "k_pid_vsp": [269.7435753025484, 228.8453838690275, 0.7833083278878034]}, "datetime": {"datetime": "2025-08-20 20:39:13", "elapsed": 31607.594180822372, "delta": 16.751843214035034}, "costs": {"total_cost": 171.44125564379908, "time_cost": 72.06400000000001, "final_distance_cost": 1.7666415156659627, "oscillation_cost": 22.387822555901668, "completition_cost": 0.0, "overshoot_cost": 51.38381354179165, "power_cost": 12.347026171875001, "noise_cost": 11.491951858564798, "n_waypoints_completed": 9, "tot_waypoints": 9}}
{"target": -170.51249251441442, "params": {"k_pid_pos": [0.5092499065011976, 0.004647844538661787, 0.006967797958380862], "k_pid_alt": [1.5338794303476533, 0.00011690115214335682, 0.0016035282725222093], "k_pid_att": [37.73733139998524, 7.339737961746795, 0.6443439362277129], "k_pid_yaw": [0.5, 1e-06, 0.1], "k_pid_hsp": [0.07835035365444203, 0.004425181386208091, 0.0], "k_pid_vsp": [154.70242200891119, 262.8558198155213, 0.666749479826508]}, "datetime": {"datetime": "2025-08-20 20:39:29", "elapsed": 31623.586628437042, "delta": 15.9924476146698}, "costs": {"total_cost": 170.51249251441442, "time_cost": 73.48, "final_distance_cost": 1.8272313186802627, "oscillation_cost": 18.494905523403286, "completition_cost": 0.0, "overshoot_cost": 52.13143487141999, "power_cost": 12.638478576660157, "noise_cost": 11.94044222425073, "n_waypoints_completed": 9, "tot_waypoints": 9}}
{"target": -169.37999856969208, "params": {"k_pid_pos": [0.5186564942087598, 0.002919337218111209, 0.00701796639004653], "k_pid_alt": [2.0, 7.247454374677681e-05, 0.0015267690415510697], "k_pid_att": [26.05060969813231, 9.291241477847542, 0.6567039232089381], "k_pid_yaw": [0.5, 1e-06, 0.1], "k_pid_hsp": [0.10838875979573499, 0.005488030158127325, 0.0], "k_pid_vsp": [233.7149839501992, 179.96457924113227, 0.62198500977952]}, "datetime": {"datetime": "2025-08-20 20:39:45", "elapsed": 31640.393612623215, "delta": 16.806984186172485}, "costs": {"total_cost": 169.37999856969208, "time_cost": 72.28, "final_distance_cost": 1.828447539328832, "oscillation_cost": 20.589845230789454, "completition_cost": 0.0, "overshoot_cost": 51.10801824908587, "power_cost": 11.964936315917969, "noise_cost": 11.608751234569954, "n_waypoints_completed": 9, "tot_waypoints": 9}}
