{"target": -175.06668497404902, "params": {"k_pid_pos": [0.34811933852754806, 0.0032026703658399797, 0.008176437627622267], "k_pid_alt": [1.6575131963158516, 0.00013536017662471586, 0.0016493932961961586], "k_pid_att": [21.66986023178319, 7.121992117183079, 0.5270222217248165], "k_pid_yaw": [0.5, 1e-06, 0.1], "k_pid_hsp": [0.09087281795159992, 0.0051034190269347935, 0.0], "k_pid_vsp": [206.6601635053685, 235.43637002222295, 0.3303621372727858]}, "datetime": {"datetime": "2025-08-20 21:15:30", "elapsed": 33784.78242397308, "delta": 16.816315412521362}, "costs": {"total_cost": 175.06668497404902, "time_cost": 78.592, "final_distance_cost": 1.852220797035423, "oscillation_cost": 16.128297464687822, "completition_cost": 0.0, "overshoot_cost": 52.479896628789454, "power_cost": 12.954498474121094, "noise_cost": 13.059771609415245, "n_waypoints_completed": 9, "tot_waypoints": 9}}
{"target": -168.71328491320503, "params": {"k_pid_pos": [0.5483710675887127, 0.004838064229266127, 0.00950414769875839], "k_pid_alt": [1.8422645743861723, 0.00015577810855218213, 0.0013894564279068463], "k_pid_att": [28.057791989854923, 7.467121479426463, 0.6551973884520912], "k_pid_yaw": [0.5, 1e-06, 0.1], "k_pid_hsp": [0.09509783896246189, 0.004304095057771811, 0.0], "k_pid_vsp": [164.20270561865405, 239.69309516087287, 0.6011734192294979]}, "datetime": {"datetime": "2025-08-20 21:15:48", "elapsed": 33802.9986038208, "delta": 18.216179847717285}, "costs": {"total_cost": 168.71328491320503, "time_cost": 72.0, "final_distance_cost": 1.8077415691151866, "oscillation_cost": 20.61405616201265, "completition_cost": 0.0, "overshoot_cost": 50.652018876003986, "power_cost": 12.099064965820313, "noise_cost": 11.540403340252894, "n_waypoints_completed": 9, "tot_waypoints": 9}}
{"target": -170.06526224621174, "params": {"k_pid_pos": [0.6167492901665964, 0.0035268731976838817, 0.008673023100592989], "k_pid_alt": [1.835503697738525, 0.0001318930046318707, 0.0017672630249117582], "k_pid_att": [31.703611973169302, 8.073463231187317, 0.5471102783046535], "k_pid_yaw": [0.5, 1e-06, 0.1], "k_pid_hsp": [0.10224511349544659, 0.0055680363076154775, 0.0], "k_pid_vsp": [233.93701565179228, 126.28916011565731, 0.7033617726146065]}, "datetime": {"datetime": "2025-08-20 21:16:03", "elapsed": 33818.49010181427, "delta": 15.491497993469238}, "costs": {"total_cost": 170.06526224621174, "time_cost": 71.19200000000001, "final_distance_cost": 1.8267239612024, "oscillation_cost": 22.183667045685787, "completition_cost": 0.0, "overshoot_cost": 51.171765613184554, "power_cost": 12.274397131347657, "noise_cost": 11.416708494791314, "n_waypoints_completed": 9, "tot_waypoints": 9}}
{"target": -171.41416145350445, "params": {"k_pid_pos": [0.3873894464673553, 0.004230840477259876, 0.005682891352904098], "k_pid_alt": [1.540474180106888, 0.00011337062950758345, 0.0018595755040533796], "k_pid_att": [21.028709292441448, 7.3901613929640675, 0.5307364915598765], "k_pid_yaw": [0.5, 1e-06, 0.1], "k_pid_hsp": [0.08905539848919376, 0.0054019294601481685, 0.0], "k_pid_vsp": [302.6620031738949, 211.348609152578, 0.6233073813913298]}, "datetime": {"datetime": "2025-08-20 21:16:22", "elapsed": 33837.332132816315, "delta": 18.842031002044678}, "costs": {"total_cost": 171.41416145350445, "time_cost": 75.944, "final_distance_cost": 1.8500910763025826, "oscillation_cost": 16.951752958394657, "completition_cost": 0.0, "overshoot_cost": 51.63060763210222, "power_cost": 12.586696826171876, "noise_cost": 12.451012960533127, "n_waypoints_completed": 9, "tot_waypoints": 9}}
{"target": -168.6942231124757, "params": {"k_pid_pos": [0.5224168584409142, 0.004231938969281855, 0.008640451141033378], "k_pid_alt": [1.8252512039543696, 8.723125685242406e-05, 0.002107634388274107], "k_pid_att": [29.557807731083585, 5.636216148371976, 0.5290471235177926], "k_pid_yaw": [0.5, 1e-06, 0.1], "k_pid_hsp": [0.10610587109796421, 0.0050330712649584546, 0.0], "k_pid_vsp": [304.4835468631165, 235.30391973051496, 0.5066427998461286]}, "datetime": {"datetime": "2025-08-20 21:16:38", "elapsed": 33853.20567321777, "delta": 15.87354040145874}, "costs": {"total_cost": 168.6942231124757, "time_cost": 72.232, "final_distance_cost": 1.8399178325008645, "oscillation_cost": 20.749272834484064, "completition_cost": 0.0, "overshoot_cost": 50.700788199294784, "power_cost": 11.761865344238283, "noise_cost": 11.410378901957701, "n_waypoints_completed": 9, "tot_waypoints": 9}}
{"target": -170.3793014182781, "params": {"k_pid_pos": [0.6908008631135579, 0.004804074891543028, 0.009887673250073913], "k_pid_alt": [2.0, 0.0001254815114138594, 0.002107872263330429], "k_pid_att": [24.56659644279547, 9.20542344502113, 0.6279322425126663], "k_pid_yaw": [0.5, 1e-06, 0.1], "k_pid_hsp": [0.10879412606814536, 0.004649822467028407, 0.0], "k_pid_vsp": [195.92092114968327, 240.56940524452162, 0.6339769331625499]}, "datetime": {"datetime": "2025-08-20 21:16:55", "elapsed": 33869.92033576965, "delta": 16.714662551879883}, "costs": {"total_cost": 170.3793014182781, "time_cost": 70.592, "final_distance_cost": 1.8059199734530202, "oscillation_cost": 23.96567386145569, "completition_cost": 0.0, "overshoot_cost": 50.53526813965273, "power_cost": 12.124108435058595, "noise_cost": 11.356331008658067, "n_waypoints_completed": 9, "tot_waypoints": 9}}
{"target": -171.07632664800894, "params": {"k_pid_pos": [0.842598767399979, 0.004150713719263953, 0.00937701516789055], "k_pid_alt": [1.9264814981631844, 0.00010629208076764632, 0.001581443425995004], "k_pid_att": [34.711870875199374, 5.500535222617276, 0.6445344091456215], "k_pid_yaw": [0.5, 1e-06, 0.1], "k_pid_hsp": [0.10327058567764036, 0.005025386566581444, 0.0], "k_pid_vsp": [235.28456142262712, 247.47295071649535, 0.37464427293359764]}, "datetime": {"datetime": "2025-08-20 21:17:10", "elapsed": 33885.06945633888, "delta": 15.149120569229126}, "costs": {"total_cost": 171.07632664800894, "time_cost": 70.016, "final_distance_cost": 1.7732620276751982, "oscillation_cost": 25.400642189569368, "completition_cost": 0.0, "overshoot_cost": 50.90315333668467, "power_cost": 11.861049035644532, "noise_cost": 11.12222005843517, "n_waypoints_completed": 9, "tot_waypoints": 9}}
{"target": -169.67292956472014, "params": {"k_pid_pos": [0.6208128995422189, 0.004322350638569435, 0.007485877037597215], "k_pid_alt": [2.0, 0.00014312579491878905, 0.001051891359493874], "k_pid_att": [31.490841438085436, 8.468578819889991, 0.5367078364614332], "k_pid_yaw": [0.5, 1e-06, 0.1], "k_pid_hsp": [0.11706208645467635, 0.0054830771511331635, 0.0], "k_pid_vsp": [228.62860867109814, 237.92006373131872, 0.5115467142603355]}, "datetime": {"datetime": "2025-08-20 21:17:28", "elapsed": 33903.01153588295, "delta": 17.942079544067383}, "costs": {"total_cost": 169.67292956472014, "time_cost": 70.96000000000001, "final_distance_cost": 1.8107927816636427, "oscillation_cost": 23.118082189285886, "completition_cost": 0.0, "overshoot_cost": 50.5422017557954, "power_cost": 11.912762707519532, "noise_cost": 11.329090130455645, "n_waypoints_completed": 9, "tot_waypoints": 9}}
{"target": -168.8812174685276, "params": {"k_pid_pos": [0.526838263796601, 0.0035187798126275643, 0.008915641470251751], "k_pid_alt": [2.0, 0.0001528949787643942, 0.00238620953276954], "k_pid_att": [34.682021478527815, 8.545442553670439, 0.5575216564146177], "k_pid_yaw": [0.5, 1e-06, 0.1], "k_pid_hsp": [0.10568987372128219, 0.0052747056052402, 0.0], "k_pid_vsp": [244.13256527680664, 256.53536937438975, 0.5772954241401101]}, "datetime": {"datetime": "2025-08-20 21:17:44", "elapsed": 33918.73373293877, "delta": 15.72219705581665}, "costs": {"total_cost": 168.8812174685276, "time_cost": 72.176, "final_distance_cost": 1.8320080411039648, "oscillation_cost": 20.986406270940822, "completition_cost": 0.0, "overshoot_cost": 50.66380373533805, "power_cost": 11.835885498046876, "noise_cost": 11.38711392309791, "n_waypoints_completed": 9, "tot_waypoints": 9}}
{"target": -169.53006691946507, "params": {"k_pid_pos": [0.5655603252912281, 0.003260309614276397, 0.009113127143991215], "k_pid_alt": [2.0, 0.00013749135790941587, 0.002031076886374848], "k_pid_att": [30.435639921485905, 9.407724353373967, 0.7243804933260399], "k_pid_yaw": [0.5, 1e-06, 0.1], "k_pid_hsp": [0.08408636733798856, 0.004810767129868204, 0.0], "k_pid_vsp": [242.08581192574556, 137.33033003533092, 0.47249065121603895]}, "datetime": {"datetime": "2025-08-20 21:18:01", "elapsed": 33936.12201452255, "delta": 17.38828158378601}, "costs": {"total_cost": 169.53006691946507, "time_cost": 72.44800000000001, "final_distance_cost": 1.8056802872681046, "oscillation_cost": 20.15654440829797, "completition_cost": 0.0, "overshoot_cost": 51.55097449636499, "power_cost": 12.106555981445313, "noise_cost": 11.462311746088647, "n_waypoints_completed": 9, "tot_waypoints": 9}}
{"target": -170.12615312256477, "params": {"k_pid_pos": [0.5368422601940656, 0.0038213517492688225, 0.009124023957784591], "k_pid_alt": [1.5641129769506381, 0.0001486258928739185, 0.0019360865662449037], "k_pid_att": [25.68380367136466, 8.798616369693496, 0.4787536065660038], "k_pid_yaw": [0.5, 1e-06, 0.1], "k_pid_hsp": [0.1135940745250844, 0.004141026329595441, 0.0], "k_pid_vsp": [248.51194181414849, 221.65637031020879, 0.6782721584192895]}, "datetime": {"datetime": "2025-08-20 21:18:17", "elapsed": 33952.33475804329, "delta": 16.212743520736694}, "costs": {"total_cost": 170.12615312256477, "time_cost": 72.048, "final_distance_cost": 1.8382220850946263, "oscillation_cost": 21.13121322250885, "completition_cost": 0.0, "overshoot_cost": 50.616675892564224, "power_cost": 12.644219458007813, "noise_cost": 11.847822464389255, "n_waypoints_completed": 9, "tot_waypoints": 9}}
{"target": -170.48453877585268, "params": {"k_pid_pos": [0.7355035716125871, 0.0040323863416604514, 0.00801112176631328], "k_pid_alt": [2.0, 0.00012087154348491315, 0.00191602098256883], "k_pid_att": [26.05965438616794, 8.821860969623728, 0.5778847477548793], "k_pid_yaw": [0.5, 1e-06, 0.1], "k_pid_hsp": [0.10082909996329559, 0.004489773150917244, 0.0], "k_pid_vsp": [129.04976918939084, 306.30029171781433, 0.46667160172291955]}, "datetime": {"datetime": "2025-08-20 21:18:35", "elapsed": 33970.1722137928, "delta": 17.83745574951172}, "costs": {"total_cost": 170.48453877585268, "time_cost": 70.544, "final_distance_cost": 1.7885449360894887, "oscillation_cost": 24.448489689105326, "completition_cost": 0.0, "overshoot_cost": 50.66645069032237, "power_cost": 11.974945727539064, "noise_cost": 11.062107732796456, "n_waypoints_completed": 9, "tot_waypoints": 9}}
{"target": -170.26949251636813, "params": {"k_pid_pos": [0.642610896879912, 0.003065471314144545, 0.009372133019643538], "k_pid_alt": [1.7014101128735175, 0.0001399512734613142, 0.001295048528035805], "k_pid_att": [21.82237031096302, 6.631357360111321, 0.35639022236412027], "k_pid_yaw": [0.5, 1e-06, 0.1], "k_pid_hsp": [0.09181058152555512, 0.00423422129831487, 0.0], "k_pid_vsp": [227.47787488793657, 235.2799012083224, 0.3031281585148126]}, "datetime": {"datetime": "2025-08-20 21:18:51", "elapsed": 33985.54786849022, "delta": 15.375654697418213}, "costs": {"total_cost": 170.26949251636813, "time_cost": 71.248, "final_distance_cost": 1.8013508709953812, "oscillation_cost": 22.17037089573743, "completition_cost": 0.0, "overshoot_cost": 50.81474830418945, "power_cost": 12.650068981933595, "noise_cost": 11.584953463512235, "n_waypoints_completed": 9, "tot_waypoints": 9}}
{"target": -172.7038992870666, "params": {"k_pid_pos": [0.6767745302669912, 0.0032086394333275207, 0.010781795122177383], "k_pid_alt": [1.9349600099275726, 0.0001529030422388357, 0.0018544350196175782], "k_pid_att": [30.070220878330858, 9.731567540584622, 0.43075782035112037], "k_pid_yaw": [0.5, 1e-06, 0.1], "k_pid_hsp": [0.07647286035325111, 0.005395660884044285, 0.0], "k_pid_vsp": [145.67011222120155, 282.0868579799078, 0.5368858956008686]}, "datetime": {"datetime": "2025-08-20 21:19:08", "elapsed": 34002.80452775955, "delta": 17.256659269332886}, "costs": {"total_cost": 172.7038992870666, "time_cost": 72.856, "final_distance_cost": 1.7856480252479345, "oscillation_cost": 22.321411265543553, "completition_cost": 0.0, "overshoot_cost": 51.15154988197388, "power_cost": 12.821360412597658, "noise_cost": 11.767929701703563, "n_waypoints_completed": 9, "tot_waypoints": 9}}
{"target": -170.37171200124027, "params": {"k_pid_pos": [0.6464550308582059, 0.0036956491939433636, 0.008762278824873166], "k_pid_alt": [1.4792339108131223, 0.00010948387004357815, 0.001383708650465456], "k_pid_att": [26.426501800398977, 8.76941615337927, 0.5738957203902418], "k_pid_yaw": [0.5, 1e-06, 0.1], "k_pid_hsp": [0.09601951914571873, 0.004672143131834681, 0.0], "k_pid_vsp": [185.7438514826014, 205.42515399064106, 0.48503144429040423]}, "datetime": {"datetime": "2025-08-20 21:19:24", "elapsed": 34019.25218176842, "delta": 16.447654008865356}, "costs": {"total_cost": 170.37171200124027, "time_cost": 71.072, "final_distance_cost": 1.792938638345937, "oscillation_cost": 22.615617700061282, "completition_cost": 0.0, "overshoot_cost": 50.721201535372074, "power_cost": 12.558576110839844, "noise_cost": 11.611378016621131, "n_waypoints_completed": 9, "tot_waypoints": 9}}
{"target": -169.5632367579748, "params": {"k_pid_pos": [0.5240367280805603, 0.004128418039075561, 0.008431132863878874], "k_pid_alt": [1.5566719994440874, 0.00014023826127910146, 0.0015147259870129139], "k_pid_att": [23.986137789482274, 7.24704435464714, 0.562734856317055], "k_pid_yaw": [0.5, 1e-06, 0.1], "k_pid_hsp": [0.1070562162250423, 0.005394403551682352, 0.0], "k_pid_vsp": [208.11808253013376, 212.78959124937873, 0.4598980865975246]}, "datetime": {"datetime": "2025-08-20 21:19:40", "elapsed": 34035.199689388275, "delta": 15.947507619857788}, "costs": {"total_cost": 169.5632367579748, "time_cost": 72.168, "final_distance_cost": 1.8197010918904537, "oscillation_cost": 21.14117562152336, "completition_cost": 0.0, "overshoot_cost": 50.23231327005595, "power_cost": 12.541755297851562, "noise_cost": 11.660291476653503, "n_waypoints_completed": 9, "tot_waypoints": 9}}
{"target": -175.447435582075, "params": {"k_pid_pos": [0.5654468596403358, 0.004274139671770341, 0.0064239148823184095], "k_pid_alt": [2.0, 0.00013084538161607374, 0.0016188312884565608], "k_pid_att": [25.892109549359784, 6.303093772415195, 0.6221942771528769], "k_pid_yaw": [0.5, 1e-06, 0.1], "k_pid_hsp": [0.06163163274640599, 0.004386542961028008, 0.0], "k_pid_vsp": [198.85074083410223, 223.89506516042061, 0.34924950742542044]}, "datetime": {"datetime": "2025-08-20 21:19:59", "elapsed": 34053.8275513649, "delta": 18.627861976623535}, "costs": {"total_cost": 175.447435582075, "time_cost": 76.744, "final_distance_cost": 1.77774938952925, "oscillation_cost": 18.52434107138345, "completition_cost": 0.0, "overshoot_cost": 53.0823888646461, "power_cost": 13.070354821777345, "noise_cost": 12.248601434738836, "n_waypoints_completed": 9, "tot_waypoints": 9}}
{"target": -168.6341313792386, "params": {"k_pid_pos": [0.6011062675498247, 0.003405474619051159, 0.0074782334240585295], "k_pid_alt": [1.920868707967062, 0.0001583990279350184, 0.0021629614511186504], "k_pid_att": [25.253714881191303, 7.945703937262739, 0.5701768201713181], "k_pid_yaw": [0.5, 1e-06, 0.1], "k_pid_hsp": [0.10031734777513827, 0.003952504036345555, 0.0], "k_pid_vsp": [272.4746203572438, 257.4937520508535, 0.47363422644075553]}, "datetime": {"datetime": "2025-08-20 21:20:16", "elapsed": 34071.118826150894, "delta": 17.291274785995483}, "costs": {"total_cost": 168.6341313792386, "time_cost": 71.34400000000001, "final_distance_cost": 1.8124609165859085, "oscillation_cost": 21.80321767494413, "completition_cost": 0.0, "overshoot_cost": 50.276428051735905, "power_cost": 11.98137821044922, "noise_cost": 11.416646525523449, "n_waypoints_completed": 9, "tot_waypoints": 9}}
{"target": -169.59859996450956, "params": {"k_pid_pos": [0.5814794047391739, 0.0035832379574812744, 0.009834225557208429], "k_pid_alt": [1.9417276687768485, 0.0001758531675186963, 0.001808349304482957], "k_pid_att": [22.289710098474202, 5.78141798005142, 0.6782464762804256], "k_pid_yaw": [0.5, 1e-06, 0.1], "k_pid_hsp": [0.09933059459014826, 0.004830115728489486, 0.0], "k_pid_vsp": [185.00912619844974, 254.19614067378726, 0.48755276706455125]}, "datetime": {"datetime": "2025-08-20 21:20:33", "elapsed": 34087.5162665844, "delta": 16.397440433502197}, "costs": {"total_cost": 169.59859996450956, "time_cost": 71.52, "final_distance_cost": 1.826034745749526, "oscillation_cost": 21.26170114071118, "completition_cost": 0.0, "overshoot_cost": 51.00223504090354, "power_cost": 12.384135388183594, "noise_cost": 11.604493648961698, "n_waypoints_completed": 9, "tot_waypoints": 9}}
{"target": -172.99841203650325, "params": {"k_pid_pos": [0.6655815435258532, 0.003908120058514051, 0.007893731532520279], "k_pid_alt": [2.0, 0.00012335731895919707, 0.0019714683085851285], "k_pid_att": [23.78003523918964, 8.411769453462414, 0.5631124514828277], "k_pid_yaw": [0.5, 1e-06, 0.1], "k_pid_hsp": [0.07267460630383597, 0.004056927779734273, 0.0], "k_pid_vsp": [226.03036276901526, 300.7937996202292, 0.48391536387880757]}, "datetime": {"datetime": "2025-08-20 21:20:49", "elapsed": 34104.27044725418, "delta": 16.754180669784546}, "costs": {"total_cost": 172.99841203650325, "time_cost": 73.696, "final_distance_cost": 1.7789783537199555, "oscillation_cost": 21.558489236787185, "completition_cost": 0.0, "overshoot_cost": 51.812985311101606, "power_cost": 12.393865893554688, "noise_cost": 11.758093241339843, "n_waypoints_completed": 9, "tot_waypoints": 9}}
{"target": -174.20503808819902, "params": {"k_pid_pos": [0.6110696721975296, 0.0034335709656762685, 0.008409517232081306], "k_pid_alt": [1.4456204813427156, 0.00011510293350502751, 0.0019714229157239724], "k_pid_att": [31.458501352994016, 8.1449695017647, 0.6260624290193717], "k_pid_yaw": [0.5, 1e-06, 0.1], "k_pid_hsp": [0.0667729979578102, 0.0041261908030551155, 0.0], "k_pid_vsp": [167.25224112013856, 216.43623542242392, 0.39988478154077994]}, "datetime": {"datetime": "2025-08-20 21:21:07", "elapsed": 34122.14844059944, "delta": 17.87799334526062}, "costs": {"total_cost": 174.20503808819902, "time_cost": 75.208, "final_distance_cost": 1.7892946472134372, "oscillation_cost": 20.031557685948798, "completition_cost": 0.0, "overshoot_cost": 52.11379524869844, "power_cost": 12.933099230957032, "noise_cost": 12.12929127538131, "n_waypoints_completed": 9, "tot_waypoints": 9}}
{"target": -169.96199575835075, "params": {"k_pid_pos": [0.4268184875197589, 0.003998848132261927, 0.008112699114097567], "k_pid_alt": [2.0, 0.00014347096152807283, 0.0017102600348009494], "k_pid_att": [20.08803933364692, 8.641198042907211, 0.5030523473164221], "k_pid_yaw": [0.5, 1e-06, 0.1], "k_pid_hsp": [0.07949571432886643, 0.005079702826634372, 0.0], "k_pid_vsp": [114.66210527853025, 269.190804640527, 0.5398983380429584]}, "datetime": {"datetime": "2025-08-20 21:21:24", "elapsed": 34139.38496303558, "delta": 17.236522436141968}, "costs": {"total_cost": 169.96199575835075, "time_cost": 74.552, "final_distance_cost": 1.8287091869118632, "oscillation_cost": 17.507597464468372, "completition_cost": 0.0, "overshoot_cost": 51.85622443254136, "power_cost": 12.265681188964844, "noise_cost": 11.95178348546432, "n_waypoints_completed": 9, "tot_waypoints": 9}}
{"target": -170.36008111527374, "params": {"k_pid_pos": [0.7177263410948491, 0.0028125032829401657, 0.005813327693263276], "k_pid_alt": [1.7379735672099994, 0.00012399486651400938, 0.0016997962828727623], "k_pid_att": [23.98698690627741, 8.476863572945017, 0.6557743805694235], "k_pid_yaw": [0.5, 1e-06, 0.1], "k_pid_hsp": [0.09003789850678544, 0.004793324218653912, 0.0], "k_pid_vsp": [182.41966888356032, 251.53874883225558, 0.5924205881131982]}, "datetime": {"datetime": "2025-08-20 21:21:41", "elapsed": 34156.1013879776, "delta": 16.7164249420166}, "costs": {"total_cost": 170.36008111527374, "time_cost": 71.032, "final_distance_cost": 1.7937686718916, "oscillation_cost": 23.661876636848703, "completition_cost": 0.0, "overshoot_cost": 50.56002233832463, "power_cost": 12.098969836425782, "noise_cost": 11.213443631783, "n_waypoints_completed": 9, "tot_waypoints": 9}}
{"target": -169.12604635591134, "params": {"k_pid_pos": [0.5754428315263657, 0.0035809773545440343, 0.00883709865888547], "k_pid_alt": [1.6513906934617293, 0.00013470655144271656, 0.0013115338885789005], "k_pid_att": [30.952841851556133, 7.606737520458418, 0.33244451055678187], "k_pid_yaw": [0.5, 1e-06, 0.1], "k_pid_hsp": [0.10041403189384741, 0.005411157633888681, 0.0], "k_pid_vsp": [266.571001013026, 227.61454838275108, 0.4872051654237944]}, "datetime": {"datetime": "2025-08-20 21:21:57", "elapsed": 34171.68618631363, "delta": 15.584798336029053}, "costs": {"total_cost": 169.12604635591134, "time_cost": 71.496, "final_distance_cost": 1.8205305320829583, "oscillation_cost": 21.747437717814073, "completition_cost": 0.0, "overshoot_cost": 50.782229775024064, "power_cost": 11.911230944824219, "noise_cost": 11.36861738616604, "n_waypoints_completed": 9, "tot_waypoints": 9}}
{"target": -170.9454246237376, "params": {"k_pid_pos": [0.6916908661070581, 0.0043626879585947674, 0.010115259173868229], "k_pid_alt": [1.9430486817177517, 0.0001254623225080626, 0.0014056262747174349], "k_pid_att": [24.4070715781691, 7.408941527702171, 0.49072831590303495], "k_pid_yaw": [0.5, 1e-06, 0.1], "k_pid_hsp": [0.09294613347831086, 0.003915149166752325, 0.0], "k_pid_vsp": [230.7001203470089, 230.40882412753436, 0.5033394620170543]}, "datetime": {"datetime": "2025-08-20 21:22:15", "elapsed": 34189.66041254997, "delta": 17.974226236343384}, "costs": {"total_cost": 170.9454246237376, "time_cost": 71.048, "final_distance_cost": 1.7799170572373508, "oscillation_cost": 22.733110568008847, "completition_cost": 0.0, "overshoot_cost": 51.33149651469221, "power_cost": 12.488854724121094, "noise_cost": 11.564045759678097, "n_waypoints_completed": 9, "tot_waypoints": 9}}
