{"target": -412.61394382811676, "params": {"k_pid_pos": [2.0, 0.53990219872799, 0.6936969007981282], "k_pid_alt": [0.8642303007311037, 0.1351897680657671, 0.18922891382151052], "k_pid_att": [54.39906865619556, 0.6655459738302147, 0.8666508431951189], "k_pid_yaw": [0.5, 1e-06, 0.1], "k_pid_hsp": [2.1650884823841383, 0.3020598686239307, 0.0], "k_pid_vsp": [222.77238241100767, 382.44849393723104, 41.77184551790338]}, "datetime": {"datetime": "2025-08-20 12:28:05", "elapsed": 2140.09046125412, "delta": 21.98014998435974}, "costs": {"total_cost": 412.61394382811676, "time_cost": 150, "final_distance_cost": 23.90172923450535, "oscillation_cost": 55.95256308160072, "completition_cost": 111.11111111111116, "overshoot_cost": 51.02815553558912, "power_cost": 10.937875549316407, "noise_cost": 9.68250931599404, "n_waypoints_completed": 8, "tot_waypoints": 9}}
{"target": -203.46083004506585, "params": {"k_pid_pos": [1.4158152676082647, 0.2524937673703113, 0.6979262742771538], "k_pid_alt": [1.1041897478319205, 0.3357583278255074, 0.2659276456319013], "k_pid_att": [44.82711091133711, 0.05785804720028596, 0.6595641343863677], "k_pid_yaw": [0.5, 1e-06, 0.1], "k_pid_hsp": [2.1636723099702597, 0.2731005919561691, 0.0], "k_pid_vsp": [378.6848047057952, 400.0, 1e-06]}, "datetime": {"datetime": "2025-08-20 12:28:24", "elapsed": 2158.590697288513, "delta": 18.50023603439331}, "costs": {"total_cost": 203.46083004506585, "time_cost": 85.416, "final_distance_cost": 1.7854186404304997, "oscillation_cost": 37.1945978130882, "completition_cost": 0.0, "overshoot_cost": 52.51682372593038, "power_cost": 13.994461779785157, "noise_cost": 12.553528085831626, "n_waypoints_completed": 9, "tot_waypoints": 9}}
{"target": -672.9845352137195, "params": {"k_pid_pos": [0.6349833298808427, 0.3994990993603577, 1.0], "k_pid_alt": [1.8652385701350542, 0.2319332723554397, 0.3499168249720148], "k_pid_att": [81.66408708710871, 1.537766729068777, 0.9355146188935549], "k_pid_yaw": [0.5, 1e-06, 0.1], "k_pid_hsp": [3.040363233104069, 0.23006418942108073, 0.0], "k_pid_vsp": [118.19671032531456, 262.8937471279321, 50.24308448847828]}, "datetime": {"datetime": "2025-08-20 12:28:46", "elapsed": 2181.066992521286, "delta": 22.476295232772827}, "costs": {"total_cost": 672.9845352137195, "time_cost": 150, "final_distance_cost": 72.92302446939462, "oscillation_cost": 41.26028606630708, "completition_cost": 333.33333333333337, "overshoot_cost": 41.370475131539436, "power_cost": 19.723754138183594, "noise_cost": 14.373662074961292, "n_waypoints_completed": 6, "tot_waypoints": 9}}
{"target": -224.0590624018655, "params": {"k_pid_pos": [1.728931514581891, 0.16811627183017577, 0.5931042004891349], "k_pid_alt": [1.2629017708464907, 0.2224067575659198, 0.4301498053385995], "k_pid_att": [34.56307795776809, 2.952045428516818, 0.2645359127038033], "k_pid_yaw": [0.5, 1e-06, 0.1], "k_pid_hsp": [5.286567302795059, 0.0, 0.0], "k_pid_vsp": [66.82922223079038, 400.0, 77.68106174937367]}, "datetime": {"datetime": "2025-08-20 12:29:04", "elapsed": 2198.867150068283, "delta": 17.80015754699707}, "costs": {"total_cost": 224.0590624018655, "time_cost": 82.296, "final_distance_cost": 1.7636487311849502, "oscillation_cost": 60.396436200882455, "completition_cost": 0.0, "overshoot_cost": 51.087481788690624, "power_cost": 16.413722314453125, "noise_cost": 12.101773366654369, "n_waypoints_completed": 9, "tot_waypoints": 9}}
{"target": -260.8717003620496, "params": {"k_pid_pos": [0.5863476446406856, 0.37470781372222833, 1.0], "k_pid_alt": [1.1538595368720064, 0.0, 0.08528610288399348], "k_pid_att": [48.29796886094732, 1.1099737702816308, 0.6513903116645597], "k_pid_yaw": [0.5, 1e-06, 0.1], "k_pid_hsp": [10.0, 0.07015406318998535, 0.015021182804221189], "k_pid_vsp": [110.08849114030913, 300.98148918634166, 29.31357422270032]}, "datetime": {"datetime": "2025-08-20 12:29:23", "elapsed": 2218.0313811302185, "delta": 19.164231061935425}, "costs": {"total_cost": 260.8717003620496, "time_cost": 88.272, "final_distance_cost": 1.8279968956602652, "oscillation_cost": 88.64355683705823, "completition_cost": 0.0, "overshoot_cost": 52.78222554725961, "power_cost": 15.491284106445313, "noise_cost": 13.854636975626168, "n_waypoints_completed": 9, "tot_waypoints": 9}}
{"target": -434.5748733902158, "params": {"k_pid_pos": [0.8756006620016971, 0.39867402095209803, 0.9194744025318582], "k_pid_alt": [1.016767650729128, 0.4673155404407025, 0.0], "k_pid_att": [42.46480336758134, 0.0001, 0.8552274651437296], "k_pid_yaw": [0.5, 1e-06, 0.1], "k_pid_hsp": [3.0994182722546078, 0.08731766807082264, 0.0], "k_pid_vsp": [249.1705763705279, 373.43922755276816, 5.5746578999731975]}, "datetime": {"datetime": "2025-08-20 12:29:45", "elapsed": 2239.8758175373077, "delta": 21.844436407089233}, "costs": {"total_cost": 434.5748733902158, "time_cost": 150, "final_distance_cost": 50.17731678060998, "oscillation_cost": 41.1047456567242, "completition_cost": 111.11111111111116, "overshoot_cost": 51.458500012072285, "power_cost": 16.153437231445313, "noise_cost": 14.569762598252904, "n_waypoints_completed": 8, "tot_waypoints": 9}}
{"target": -225.56610340793478, "params": {"k_pid_pos": [1.945284530956774, 0.3943513159756376, 0.3993256653329686], "k_pid_alt": [1.0944947126971882, 0.5084200881664419, 0.30157725635260185], "k_pid_att": [45.37376284459504, 0.0001, 0.23370691526445306], "k_pid_yaw": [0.5, 1e-06, 0.1], "k_pid_hsp": [3.4290661527336623, 0.17324602626190685, 0.0], "k_pid_vsp": [173.62186927438503, 245.7290642165433, 1e-06]}, "datetime": {"datetime": "2025-08-20 12:30:04", "elapsed": 2259.2501723766327, "delta": 19.37435483932495}, "costs": {"total_cost": 225.56610340793478, "time_cost": 88.624, "final_distance_cost": 1.7720879223829944, "oscillation_cost": 53.11066513499902, "completition_cost": 0.0, "overshoot_cost": 53.392816139617544, "power_cost": 14.797846545410158, "noise_cost": 13.868687665525083, "n_waypoints_completed": 9, "tot_waypoints": 9}}
{"target": -242.21802025177632, "params": {"k_pid_pos": [0.7409644656402111, 0.0, 1.0], "k_pid_alt": [1.2017115936638485, 0.13778100536700102, 0.5562575765730505], "k_pid_att": [70.91495898490386, 1.706469914744084, 0.46116910341505274], "k_pid_yaw": [0.5, 1e-06, 0.1], "k_pid_hsp": [5.353864132521786, 0.08784194622779913, 0.0], "k_pid_vsp": [242.20604841480588, 167.42774679721182, 55.289951556860416]}, "datetime": {"datetime": "2025-08-20 12:30:25", "elapsed": 2279.8981552124023, "delta": 20.647982835769653}, "costs": {"total_cost": 242.21802025177632, "time_cost": 94.224, "final_distance_cost": 1.8101625995931903, "oscillation_cost": 63.278113863212, "completition_cost": 0.0, "overshoot_cost": 53.777491552782394, "power_cost": 16.222435937500002, "noise_cost": 12.905816298688734, "n_waypoints_completed": 9, "tot_waypoints": 9}}
{"target": -264.433565457701, "params": {"k_pid_pos": [2.0, 0.30479123190399665, 0.4178251474427612], "k_pid_alt": [0.43983716300610315, 0.0, 0.3450379068608016], "k_pid_att": [69.92647872273257, 0.07859885318856434, 0.31940243589078277], "k_pid_yaw": [0.5, 1e-06, 0.1], "k_pid_hsp": [6.685217211804768, 0.35445293662842875, 0.0012251746237814242], "k_pid_vsp": [72.74012460028717, 400.0, 16.800852455257225]}, "datetime": {"datetime": "2025-08-20 12:30:45", "elapsed": 2299.7536959648132, "delta": 19.85554075241089}, "costs": {"total_cost": 264.433565457701, "time_cost": 93.104, "final_distance_cost": 1.8611933206951883, "oscillation_cost": 83.53556090498991, "completition_cost": 0.0, "overshoot_cost": 51.822394883442634, "power_cost": 19.001274194335938, "noise_cost": 15.109142154237281, "n_waypoints_completed": 9, "tot_waypoints": 9}}
{"target": -210.25511525175352, "params": {"k_pid_pos": [2.0, 0.24740809702299768, 1.0], "k_pid_alt": [1.1096152955560896, 0.08718061713808463, 0.35627423981450473], "k_pid_att": [26.92035692625322, 0.0001, 0.8208270554544995], "k_pid_yaw": [0.5, 1e-06, 0.1], "k_pid_hsp": [3.211490816673288, 0.4269963200172267, 0.0], "k_pid_vsp": [113.25875986269888, 393.0500973125557, 1e-06]}, "datetime": {"datetime": "2025-08-20 12:31:03", "elapsed": 2318.418835401535, "delta": 18.6651394367218}, "costs": {"total_cost": 210.25511525175352, "time_cost": 85.784, "final_distance_cost": 1.8131569363066886, "oscillation_cost": 45.28123598000089, "completition_cost": 0.0, "overshoot_cost": 51.131841188482376, "power_cost": 13.550452453613282, "noise_cost": 12.694428693350297, "n_waypoints_completed": 9, "tot_waypoints": 9}}
{"target": -216.8323248635229, "params": {"k_pid_pos": [1.9823089166072592, 0.0, 1.0], "k_pid_alt": [1.655493495112698, 0.33991853206396994, 0.35889742212797016], "k_pid_att": [15.90739664775311, 0.0724760719303293, 0.6937525813296782], "k_pid_yaw": [0.5, 1e-06, 0.1], "k_pid_hsp": [4.960389070816506, 0.28770033556569735, 0.0], "k_pid_vsp": [105.12959326860691, 400.0, 41.62844282618118]}, "datetime": {"datetime": "2025-08-20 12:31:20", "elapsed": 2335.506401538849, "delta": 17.087566137313843}, "costs": {"total_cost": 216.8323248635229, "time_cost": 78.408, "final_distance_cost": 1.763468659756293, "oscillation_cost": 48.48237889060375, "completition_cost": 0.0, "overshoot_cost": 50.37663023661571, "power_cost": 22.411158764648437, "noise_cost": 15.390688311898707, "n_waypoints_completed": 9, "tot_waypoints": 9}}
{"target": -701.2369210606159, "params": {"k_pid_pos": [1.2979169921480538, 0.26119037909159265, 0.763423779938644], "k_pid_alt": [0.0, 0.08328200405572105, 0.3205657686037049], "k_pid_att": [74.99561262580882, 1.428081758848628, 0.8839207878368605], "k_pid_yaw": [0.5, 1e-06, 0.1], "k_pid_hsp": [6.614580789673625, 0.31100511997445596, 0.0], "k_pid_vsp": [224.8382284038689, 250.42827523646648, 32.03842844178454]}, "datetime": {"datetime": "2025-08-20 12:31:42", "elapsed": 2356.9615828990936, "delta": 21.45518136024475}, "costs": {"total_cost": 701.2369210606159, "time_cost": 150, "final_distance_cost": 70.53803473767309, "oscillation_cost": 55.89589681215933, "completition_cost": 333.33333333333337, "overshoot_cost": 55.60747735227331, "power_cost": 20.301219592285157, "noise_cost": 15.560959232891568, "n_waypoints_completed": 6, "tot_waypoints": 9}}
{"target": -191.78014360221718, "params": {"k_pid_pos": [1.4591743354247955, 0.0, 0.4884172384430105], "k_pid_alt": [1.437534710282801, 0.03731179552771754, 0.6934141780178166], "k_pid_att": [43.04241050020468, 1.0018512859190245, 0.6885839644599115], "k_pid_yaw": [0.5, 1e-06, 0.1], "k_pid_hsp": [7.157682060143359, 0.5156746137290736, 0.0], "k_pid_vsp": [112.96257652710351, 277.913956036097, 9.869984313761334]}, "datetime": {"datetime": "2025-08-20 12:31:57", "elapsed": 2372.2596714496613, "delta": 15.298088550567627}, "costs": {"total_cost": 191.78014360221718, "time_cost": 69.816, "final_distance_cost": 1.850035485262636, "oscillation_cost": 47.11365890731474, "completition_cost": 0.0, "overshoot_cost": 49.1237731743134, "power_cost": 12.541037573242187, "noise_cost": 11.335638462084196, "n_waypoints_completed": 9, "tot_waypoints": 9}}
{"target": -305.9252928886591, "params": {"k_pid_pos": [1.086336428559, 0.014715662418357867, 0.9431888994333865], "k_pid_alt": [1.3306146848952602, 0.49368642297447235, 0.23741333389755004], "k_pid_att": [85.05827886555481, 1.0552674098912667, 0.28783937312726254], "k_pid_yaw": [0.5, 1e-06, 0.1], "k_pid_hsp": [7.357020406667094, 0.3165124161598171, 0.0], "k_pid_vsp": [0.0, 307.74042712793164, 1e-06]}, "datetime": {"datetime": "2025-08-20 12:32:15", "elapsed": 2390.3533868789673, "delta": 18.09371542930603}, "costs": {"total_cost": 305.9252928886591, "time_cost": 83.568, "final_distance_cost": 1.7856060735337775, "oscillation_cost": 136.4502042835677, "completition_cost": 0.0, "overshoot_cost": 54.49625812311804, "power_cost": 17.36639685058594, "noise_cost": 12.258827557853655, "n_waypoints_completed": 9, "tot_waypoints": 9}}
{"target": -408.4325071943522, "params": {"k_pid_pos": [0.8620227161408097, 0.6642797222851168, 0.8483388006882491], "k_pid_alt": [1.5523873745137582, 0.14432108225546678, 0.0], "k_pid_att": [65.6280799671614, 1.2098236532505093, 0.6794751617916863], "k_pid_yaw": [0.5, 1e-06, 0.1], "k_pid_hsp": [0.2199835783752384, 0.0, 0.0], "k_pid_vsp": [400.0, 400.0, 1e-06]}, "datetime": {"datetime": "2025-08-20 12:32:37", "elapsed": 2411.708021879196, "delta": 21.354635000228882}, "costs": {"total_cost": 408.4325071943522, "time_cost": 150, "final_distance_cost": 38.224383673070875, "oscillation_cost": 26.5487669564723, "completition_cost": 111.11111111111116, "overshoot_cost": 51.14550247277999, "power_cost": 16.97671910400391, "noise_cost": 14.426023876913971, "n_waypoints_completed": 8, "tot_waypoints": 9}}
{"target": -445.3990172777979, "params": {"k_pid_pos": [1.5254296068637585, 0.2874840493857797, 1.0], "k_pid_alt": [0.8946775622722969, 1.0, 0.25471486898995793], "k_pid_att": [31.188289626160785, 0.0001, 0.35371390353268967], "k_pid_yaw": [0.5, 1e-06, 0.1], "k_pid_hsp": [7.3146528430601165, 0.2962502839742705, 0.05179269009116277], "k_pid_vsp": [138.69289110722272, 400.0, 59.38402919489675]}, "datetime": {"datetime": "2025-08-20 12:32:58", "elapsed": 2433.2953119277954, "delta": 21.587290048599243}, "costs": {"total_cost": 445.3990172777979, "time_cost": 98.232, "final_distance_cost": 1.740583505681247, "oscillation_cost": 255.04400135079834, "completition_cost": 0.0, "overshoot_cost": 57.49158192419154, "power_cost": 18.65657722167969, "noise_cost": 14.234273275447013, "n_waypoints_completed": 9, "tot_waypoints": 9}}
{"target": -205.98482016214138, "params": {"k_pid_pos": [1.3468376460583524, 0.47095488328692636, 1.0], "k_pid_alt": [1.0329074037629447, 0.01775981218773759, 0.1175171746042973], "k_pid_att": [40.01106548447294, 1.6578131594693746, 0.4592736144509704], "k_pid_yaw": [0.5, 1e-06, 0.1], "k_pid_hsp": [3.6231150616362275, 0.43220830697375745, 0.0], "k_pid_vsp": [209.15861321991022, 311.72744539127507, 28.41542801646935]}, "datetime": {"datetime": "2025-08-20 12:33:15", "elapsed": 2450.0639662742615, "delta": 16.768654346466064}, "costs": {"total_cost": 205.98482016214138, "time_cost": 76.56, "final_distance_cost": 1.829985623957712, "oscillation_cost": 43.46210610256712, "completition_cost": 0.0, "overshoot_cost": 50.30084112333947, "power_cost": 18.884720764160157, "noise_cost": 14.947166548116925, "n_waypoints_completed": 9, "tot_waypoints": 9}}
{"target": -218.94635254675754, "params": {"k_pid_pos": [1.3890273194496636, 0.37158155924469655, 0.9178183276887356], "k_pid_alt": [0.9125169064448775, 0.1928033383159515, 0.6110337908953335], "k_pid_att": [26.121495356699967, 0.0001, 0.9483039842263636], "k_pid_yaw": [0.5, 1e-06, 0.1], "k_pid_hsp": [4.061511562430936, 0.059958535540379755, 0.0], "k_pid_vsp": [0.46189240912530255, 93.93334285905338, 25.202331007903553]}, "datetime": {"datetime": "2025-08-20 12:33:34", "elapsed": 2469.1890625953674, "delta": 19.125096321105957}, "costs": {"total_cost": 218.94635254675754, "time_cost": 88.424, "final_distance_cost": 1.7600678737468372, "oscillation_cost": 46.68928909711967, "completition_cost": 0.0, "overshoot_cost": 54.270072433938886, "power_cost": 15.365960058593751, "noise_cost": 12.43696308335842, "n_waypoints_completed": 9, "tot_waypoints": 9}}
{"target": -179.8726356416725, "params": {"k_pid_pos": [1.7114848233237712, 0.15520248684420743, 0.4960376477343677], "k_pid_alt": [1.2997081043826524, 0.0, 0.33933459861180665], "k_pid_att": [44.24401121557821, 3.3128727023987357, 0.6458888494660003], "k_pid_yaw": [0.5, 1e-06, 0.1], "k_pid_hsp": [2.960933435127591, 0.14047394946727912, 0.0], "k_pid_vsp": [111.97741923650199, 400.0, 76.22360154637293]}, "datetime": {"datetime": "2025-08-20 12:33:49", "elapsed": 2484.0950627326965, "delta": 14.906000137329102}, "costs": {"total_cost": 179.8726356416725, "time_cost": 68.824, "final_distance_cost": 1.819925232760619, "oscillation_cost": 42.304427401557845, "completition_cost": 0.0, "overshoot_cost": 49.13909323227501, "power_cost": 9.387020715332032, "noise_cost": 8.398169059746994, "n_waypoints_completed": 9, "tot_waypoints": 9}}
{"target": -210.4430869896102, "params": {"k_pid_pos": [1.621453944395005, 0.2075746196437723, 1.0], "k_pid_alt": [1.1559093486805272, 0.1481182763217033, 0.1304726678058535], "k_pid_att": [45.1878679814534, 0.6260535019989016, 0.8194458002316668], "k_pid_yaw": [0.5, 1e-06, 0.1], "k_pid_hsp": [1.021831793787353, 0.31707532108756925, 0.0], "k_pid_vsp": [124.16109396277902, 400.0, 19.13623372545158]}, "datetime": {"datetime": "2025-08-20 12:34:07", "elapsed": 2501.7691264152527, "delta": 17.674063682556152}, "costs": {"total_cost": 210.4430869896102, "time_cost": 81.904, "final_distance_cost": 1.763486038771478, "oscillation_cost": 44.231202387763226, "completition_cost": 0.0, "overshoot_cost": 50.77617881554248, "power_cost": 18.265117919921877, "noise_cost": 13.503101827611149, "n_waypoints_completed": 9, "tot_waypoints": 9}}
{"target": -209.6772534992841, "params": {"k_pid_pos": [0.9807848368204061, 0.18761985180205362, 0.6380682796207617], "k_pid_alt": [1.2747489318077738, 0.0, 0.3915719187119698], "k_pid_att": [90.47071490763712, 2.6725894242446926, 0.10437409608066277], "k_pid_yaw": [0.5, 1e-06, 0.1], "k_pid_hsp": [2.9529572739260423, 0.19669140709946734, 0.0], "k_pid_vsp": [371.84663800310665, 400.0, 18.520099169059453]}, "datetime": {"datetime": "2025-08-20 12:34:24", "elapsed": 2519.0289771556854, "delta": 17.25985074043274}, "costs": {"total_cost": 209.6772534992841, "time_cost": 77.952, "final_distance_cost": 1.8425974667160376, "oscillation_cost": 50.755639385472115, "completition_cost": 0.0, "overshoot_cost": 51.22794231738155, "power_cost": 15.6029904296875, "noise_cost": 12.29608390002688, "n_waypoints_completed": 9, "tot_waypoints": 9}}
{"target": -202.01089342870196, "params": {"k_pid_pos": [0.7724498774390779, 0.27238508776619613, 0.547290395510886], "k_pid_alt": [0.9190859990772912, 0.0, 0.27741324012622387], "k_pid_att": [48.552492955180504, 1.9124039180239516, 0.7595656866387693], "k_pid_yaw": [0.5, 1e-06, 0.1], "k_pid_hsp": [5.124960891820571, 0.5127497237284019, 0.0], "k_pid_vsp": [271.6384206459101, 400.0, 57.50001308068939]}, "datetime": {"datetime": "2025-08-20 12:34:41", "elapsed": 2536.4534327983856, "delta": 17.424455642700195}, "costs": {"total_cost": 202.01089342870196, "time_cost": 79.57600000000001, "final_distance_cost": 1.8159498926558784, "oscillation_cost": 44.36061183328753, "completition_cost": 0.0, "overshoot_cost": 50.61896287304694, "power_cost": 14.283859191894532, "noise_cost": 11.355509637817072, "n_waypoints_completed": 9, "tot_waypoints": 9}}
{"target": -211.57829346279536, "params": {"k_pid_pos": [2.0, 0.17325419141897114, 0.4083389267613129], "k_pid_alt": [0.8565555134202437, 0.008026952472409952, 0.8111247769641289], "k_pid_att": [35.926788644651175, 0.5680922118282613, 1.0], "k_pid_yaw": [0.5, 1e-06, 0.1], "k_pid_hsp": [3.8587545783390973, 0.4320103071447514, 0.0], "k_pid_vsp": [400.0, 239.7655777371323, 36.27114421516924]}, "datetime": {"datetime": "2025-08-20 12:34:58", "elapsed": 2553.4647591114044, "delta": 17.0113263130188}, "costs": {"total_cost": 211.57829346279536, "time_cost": 76.792, "final_distance_cost": 1.8349874082343707, "oscillation_cost": 52.87726486520904, "completition_cost": 0.0, "overshoot_cost": 49.49514306912404, "power_cost": 17.14462380371094, "noise_cost": 13.434274316516984, "n_waypoints_completed": 9, "tot_waypoints": 9}}
{"target": -419.69918396878205, "params": {"k_pid_pos": [2.0, 0.07308030187260105, 0.5946285970692085], "k_pid_alt": [0.41637415889358437, 0.33874481001740314, 0.43474436872533745], "k_pid_att": [44.67590027807292, 1.0142020443432072, 0.0], "k_pid_yaw": [0.5, 1e-06, 0.1], "k_pid_hsp": [3.2198760151920287, 0.30734839311571954, 0.04482273302606676], "k_pid_vsp": [161.77501875547262, 101.40615072465123, 19.908739618820388]}, "datetime": {"datetime": "2025-08-20 12:35:17", "elapsed": 2571.850431203842, "delta": 18.385672092437744}, "costs": {"total_cost": 419.69918396878205, "time_cost": 86.352, "final_distance_cost": 1.7703265613437675, "oscillation_cost": 247.0298194491552, "completition_cost": 0.0, "overshoot_cost": 52.88070091140423, "power_cost": 17.769526501464846, "noise_cost": 13.896810545413972, "n_waypoints_completed": 9, "tot_waypoints": 9}}
{"target": -201.30651596055236, "params": {"k_pid_pos": [1.372633005246026, 0.42916436043319894, 0.777191121005863], "k_pid_alt": [2.0, 0.0, 0.3970345165183072], "k_pid_att": [52.56843054657, 1.184382904311377, 0.8544801644204602], "k_pid_yaw": [0.5, 1e-06, 0.1], "k_pid_hsp": [5.801264408881715, 0.2830251894041421, 0.0], "k_pid_vsp": [192.36874325152598, 356.06359345196233, 17.13131524464875]}, "datetime": {"datetime": "2025-08-20 12:35:33", "elapsed": 2588.0448195934296, "delta": 16.194388389587402}, "costs": {"total_cost": 201.30651596055236, "time_cost": 75.552, "final_distance_cost": 1.7959127614644508, "oscillation_cost": 45.31421416717563, "completition_cost": 0.0, "overshoot_cost": 50.47324467139706, "power_cost": 15.590024902343751, "noise_cost": 12.581119458171491, "n_waypoints_completed": 9, "tot_waypoints": 9}}
{"target": -186.99504922657775, "params": {"k_pid_pos": [1.822530974749821, 0.11351014795890074, 0.8406106096706979], "k_pid_alt": [2.0, 0.022734815440669003, 0.8370504546529108], "k_pid_att": [81.65405114817939, 3.164420235782733, 0.8995636201803756], "k_pid_yaw": [0.5, 1e-06, 0.1], "k_pid_hsp": [4.274991243482625, 0.13821206993782656, 0.0], "k_pid_vsp": [156.31336147123034, 400.0, 1e-06]}, "datetime": {"datetime": "2025-08-20 12:35:48", "elapsed": 2603.1920161247253, "delta": 15.147196531295776}, "costs": {"total_cost": 186.99504922657775, "time_cost": 69.456, "final_distance_cost": 1.8338583803471635, "oscillation_cost": 43.14453687309847, "completition_cost": 0.0, "overshoot_cost": 50.1576089995019, "power_cost": 11.278454919433594, "noise_cost": 11.124590054196592, "n_waypoints_completed": 9, "tot_waypoints": 9}}
