{"target": -169.80533228303702, "params": {"k_pid_pos": [0.6503520070000096, 0.004371672422898132, 0.008673160379171768], "k_pid_alt": [1.7841787209833806, 0.00015638203782108445, 0.0016141593736139122], "k_pid_att": [28.329224132658823, 6.60709241444103, 0.5965662169557786], "k_pid_yaw": [0.5, 1e-06, 0.1], "k_pid_hsp": [0.08953677147515682, 0.004600145710183526, 0.0], "k_pid_vsp": [200.2656032637831, 259.20319879713696, 0.6584319661819519]}, "datetime": {"datetime": "2025-08-20 23:00:39", "elapsed": 40093.874601364136, "delta": 18.212748050689697}, "costs": {"total_cost": 169.80533228303702, "time_cost": 71.352, "final_distance_cost": 1.797355025491398, "oscillation_cost": 21.93576428085876, "completition_cost": 0.0, "overshoot_cost": 50.98037393686944, "power_cost": 12.310482983398439, "noise_cost": 11.429356056418987, "n_waypoints_completed": 9, "tot_waypoints": 9}}
{"target": -169.48255040631918, "params": {"k_pid_pos": [0.5731636782279853, 0.00422303968632726, 0.008191944450784068], "k_pid_alt": [1.8867000208242901, 0.0001400795577453319, 0.001900966264996926], "k_pid_att": [28.180468974223768, 5.707525849988677, 0.5024319882912643], "k_pid_yaw": [0.5, 1e-06, 0.1], "k_pid_hsp": [0.10107349524476239, 0.004329851475569653, 0.0], "k_pid_vsp": [246.36488867234615, 247.46150871695127, 0.5962044256293866]}, "datetime": {"datetime": "2025-08-20 23:00:55", "elapsed": 40109.7568693161, "delta": 15.882267951965332}, "costs": {"total_cost": 169.48255040631918, "time_cost": 71.584, "final_distance_cost": 1.8337111637278027, "oscillation_cost": 21.1472087224557, "completition_cost": 0.0, "overshoot_cost": 51.24432332277455, "power_cost": 12.103858410644532, "noise_cost": 11.569448786716617, "n_waypoints_completed": 9, "tot_waypoints": 9}}
{"target": -169.6643782965947, "params": {"k_pid_pos": [0.551524688515593, 0.004480933994233237, 0.0077571198668357185], "k_pid_alt": [2.0, 0.00016825663671071766, 0.001692686914908063], "k_pid_att": [28.06340905222261, 6.413796652232304, 0.592072130708488], "k_pid_yaw": [0.5, 1e-06, 0.1], "k_pid_hsp": [0.08493273297861968, 0.004545880832290927, 0.0], "k_pid_vsp": [241.4890454612822, 287.7398105706507, 0.684727936956142]}, "datetime": {"datetime": "2025-08-20 23:01:12", "elapsed": 40127.35751199722, "delta": 17.600642681121826}, "costs": {"total_cost": 169.6643782965947, "time_cost": 72.47200000000001, "final_distance_cost": 1.8174609558818715, "oscillation_cost": 19.934207615648546, "completition_cost": 0.0, "overshoot_cost": 51.543848684549864, "power_cost": 12.287771850585939, "noise_cost": 11.609089189928484, "n_waypoints_completed": 9, "tot_waypoints": 9}}
{"target": -169.4735144294685, "params": {"k_pid_pos": [0.5792289836398875, 0.004088114748080539, 0.008439299464415663], "k_pid_alt": [1.8736206002657758, 0.00014360093908169781, 0.0012482041842258897], "k_pid_att": [25.42314310128981, 6.752193296527694, 0.5810179085743366], "k_pid_yaw": [0.5, 1e-06, 0.1], "k_pid_hsp": [0.0844180058674545, 0.0047574892730001565, 0.0], "k_pid_vsp": [201.40624572640272, 321.7801615311534, 0.6692725220565529]}, "datetime": {"datetime": "2025-08-20 23:01:29", "elapsed": 40144.074410915375, "delta": 16.716898918151855}, "costs": {"total_cost": 169.4735144294685, "time_cost": 72.21600000000001, "final_distance_cost": 1.7918525399591603, "oscillation_cost": 20.669855520802802, "completition_cost": 0.0, "overshoot_cost": 51.09989427855764, "power_cost": 12.219277587890625, "noise_cost": 11.476634502258268, "n_waypoints_completed": 9, "tot_waypoints": 9}}
{"target": -169.56207450183882, "params": {"k_pid_pos": [0.5780186252980947, 0.0042572489602225, 0.00737498966174781], "k_pid_alt": [1.7331402771552356, 0.00014012399395813273, 0.0018578916522462268], "k_pid_att": [23.677923690143306, 6.031994077045648, 0.5614695863382997], "k_pid_yaw": [0.5, 1e-06, 0.1], "k_pid_hsp": [0.08990099835159764, 0.004453232425641587, 0.0], "k_pid_vsp": [180.66107573423912, 304.5344003428581, 0.6297655161332877]}, "datetime": {"datetime": "2025-08-20 23:01:45", "elapsed": 40160.309960365295, "delta": 16.235549449920654}, "costs": {"total_cost": 169.56207450183882, "time_cost": 71.816, "final_distance_cost": 1.821176783902319, "oscillation_cost": 20.753940627314382, "completition_cost": 0.0, "overshoot_cost": 51.00570802537638, "power_cost": 12.56907420654297, "noise_cost": 11.596174858702774, "n_waypoints_completed": 9, "tot_waypoints": 9}}
{"target": -168.68012698782033, "params": {"k_pid_pos": [0.5733804718658764, 0.003262285376546011, 0.007044973788929198], "k_pid_alt": [1.8881628286530237, 0.00010367177050783827, 0.001644419231915702], "k_pid_att": [21.41916270798801, 7.698996270099158, 0.5220985379046764], "k_pid_yaw": [0.5, 1e-06, 0.1], "k_pid_hsp": [0.09443732032095757, 0.004133111363917607, 0.0], "k_pid_vsp": [197.605301263191, 275.5386833344639, 0.6317206685967321]}, "datetime": {"datetime": "2025-08-20 23:02:04", "elapsed": 40178.608438014984, "delta": 18.29847764968872}, "costs": {"total_cost": 168.68012698782033, "time_cost": 71.712, "final_distance_cost": 1.832406000643159, "oscillation_cost": 21.311429017251225, "completition_cost": 0.0, "overshoot_cost": 50.977690036319494, "power_cost": 11.625172326660158, "noise_cost": 11.221429606946293, "n_waypoints_completed": 9, "tot_waypoints": 9}}
{"target": -169.82655497591068, "params": {"k_pid_pos": [0.5661006076028956, 0.0038306874738545035, 0.0069269849389549725], "k_pid_alt": [1.6206102930177215, 0.00014345371966953876, 0.0015493983794175326], "k_pid_att": [22.651784555912688, 6.69426729829371, 0.5966984793420221], "k_pid_yaw": [0.5, 1e-06, 0.1], "k_pid_hsp": [0.08857559001553698, 0.004747348529675799, 0.0], "k_pid_vsp": [210.85230081468862, 270.8130836266766, 0.6955867293170733]}, "datetime": {"datetime": "2025-08-20 23:02:19", "elapsed": 40194.15170049667, "delta": 15.543262481689453}, "costs": {"total_cost": 169.82655497591068, "time_cost": 71.992, "final_distance_cost": 1.8131187702749114, "oscillation_cost": 20.68489052380484, "completition_cost": 0.0, "overshoot_cost": 51.11889903237781, "power_cost": 12.592687915039063, "noise_cost": 11.624958734414058, "n_waypoints_completed": 9, "tot_waypoints": 9}}
{"target": -169.34344417137314, "params": {"k_pid_pos": [0.5978126201832794, 0.0041740328706986116, 0.009356935017044985], "k_pid_alt": [1.5923729981725183, 0.0001857006755318427, 0.0021351965476304417], "k_pid_att": [29.190709436591305, 5.459095177038955, 0.5442790611168647], "k_pid_yaw": [0.5, 1e-06, 0.1], "k_pid_hsp": [0.0938617452114065, 0.004298792847245144, 0.0], "k_pid_vsp": [232.65289764582857, 305.8681119984555, 0.6013689979772717]}, "datetime": {"datetime": "2025-08-20 23:02:36", "elapsed": 40211.39351820946, "delta": 17.241817712783813}, "costs": {"total_cost": 169.34344417137314, "time_cost": 71.52, "final_distance_cost": 1.8253863709738456, "oscillation_cost": 21.305679332726292, "completition_cost": 0.0, "overshoot_cost": 51.10869259043689, "power_cost": 12.071745556640625, "noise_cost": 11.511940320595466, "n_waypoints_completed": 9, "tot_waypoints": 9}}
{"target": -169.17568643589595, "params": {"k_pid_pos": [0.5284092666453328, 0.003518436194323789, 0.0067479146730005345], "k_pid_alt": [1.827933848347308, 0.00013425716671119252, 0.0017146986051016146], "k_pid_att": [32.25160730719088, 6.300239924634268, 0.5461885789902557], "k_pid_yaw": [0.5, 1e-06, 0.1], "k_pid_hsp": [0.09818420609221463, 0.0047419498225131215, 0.0], "k_pid_vsp": [230.26803639353759, 286.78550201165876, 0.6388403295972005]}, "datetime": {"datetime": "2025-08-20 23:02:52", "elapsed": 40226.98349094391, "delta": 15.589972734451294}, "costs": {"total_cost": 169.17568643589595, "time_cost": 72.152, "final_distance_cost": 1.8152974923913676, "oscillation_cost": 20.538979581244003, "completition_cost": 0.0, "overshoot_cost": 50.9812619021558, "power_cost": 12.085034899902345, "noise_cost": 11.60311256020242, "n_waypoints_completed": 9, "tot_waypoints": 9}}
{"target": -169.99405025710183, "params": {"k_pid_pos": [0.49709303446252723, 0.00426388591689502, 0.008160371306096217], "k_pid_alt": [1.6269148958261646, 0.00014338143593915496, 0.0017760467765372343], "k_pid_att": [29.8371385705161, 6.385111411262764, 0.5234556948742114], "k_pid_yaw": [0.5, 1e-06, 0.1], "k_pid_hsp": [0.10107245629811513, 0.0040626680687539446, 0.0], "k_pid_vsp": [181.4971184096627, 324.2227672607962, 0.536023754576853]}, "datetime": {"datetime": "2025-08-20 23:03:10", "elapsed": 40244.74201965332, "delta": 17.75852870941162}, "costs": {"total_cost": 169.99405025710183, "time_cost": 72.76, "final_distance_cost": 1.823628096113632, "oscillation_cost": 19.73790044720413, "completition_cost": 0.0, "overshoot_cost": 51.42140306132561, "power_cost": 12.385661499023438, "noise_cost": 11.865457153435012, "n_waypoints_completed": 9, "tot_waypoints": 9}}
{"target": -169.49915595917773, "params": {"k_pid_pos": [0.6786614613124743, 0.0037873425926791032, 0.006093941031058997], "k_pid_alt": [2.0, 0.00013516660635107852, 0.00166627640967935], "k_pid_att": [21.50101741209352, 7.386861995591354, 0.557583625006552], "k_pid_yaw": [0.5, 1e-06, 0.1], "k_pid_hsp": [0.1163475256929899, 0.005720757668772604, 0.0], "k_pid_vsp": [220.97750102935228, 232.41155061410163, 0.5997865436752051]}, "datetime": {"datetime": "2025-08-20 23:03:25", "elapsed": 40260.10790872574, "delta": 15.365889072418213}, "costs": {"total_cost": 169.49915595917773, "time_cost": 70.496, "final_distance_cost": 1.8192307003373112, "oscillation_cost": 23.673259555739474, "completition_cost": 0.0, "overshoot_cost": 50.37692263128241, "power_cost": 11.926666271972657, "noise_cost": 11.207076799845868, "n_waypoints_completed": 9, "tot_waypoints": 9}}
{"target": -169.7779482250803, "params": {"k_pid_pos": [0.5708137585524411, 0.004067068572996702, 0.00700496633739331], "k_pid_alt": [1.63004093233785, 0.00012930048851568914, 0.0016267322115219808], "k_pid_att": [26.10430993439715, 7.0857450805891515, 0.5755802210431611], "k_pid_yaw": [0.5, 1e-06, 0.1], "k_pid_hsp": [0.08564792235576137, 0.00448642281444563, 0.0], "k_pid_vsp": [241.97745513511265, 252.88106212796947, 0.5908005488103908]}, "datetime": {"datetime": "2025-08-20 23:03:43", "elapsed": 40277.669551849365, "delta": 17.56164312362671}, "costs": {"total_cost": 169.7779482250803, "time_cost": 72.184, "final_distance_cost": 1.8069920856677695, "oscillation_cost": 20.329067039346643, "completition_cost": 0.0, "overshoot_cost": 51.19652400366158, "power_cost": 12.549695959472658, "noise_cost": 11.71166913693167, "n_waypoints_completed": 9, "tot_waypoints": 9}}
{"target": -169.46570677586442, "params": {"k_pid_pos": [0.5622828619875633, 0.00397524247334972, 0.008010607314787572], "k_pid_alt": [1.767643631248946, 0.00014361860376323362, 0.0016573661950948409], "k_pid_att": [25.15388488462594, 7.288002281931727, 0.49089741463845193], "k_pid_yaw": [0.5, 1e-06, 0.1], "k_pid_hsp": [0.08488015952706503, 0.004258615276257608, 0.0], "k_pid_vsp": [280.0215854157686, 280.85666464139916, 0.5884460156539503]}, "datetime": {"datetime": "2025-08-20 23:03:58", "elapsed": 40293.23200726509, "delta": 15.562455415725708}, "costs": {"total_cost": 169.46570677586442, "time_cost": 72.312, "final_distance_cost": 1.8260193694713454, "oscillation_cost": 20.29400512952427, "completition_cost": 0.0, "overshoot_cost": 51.399789204506135, "power_cost": 12.067159838867187, "noise_cost": 11.5667332334955, "n_waypoints_completed": 9, "tot_waypoints": 9}}
{"target": -169.6821720685873, "params": {"k_pid_pos": [0.5967585218394715, 0.004723592045943399, 0.008431347253256262], "k_pid_alt": [1.6880724547940862, 0.00015667469666285036, 0.0014311903532416717], "k_pid_att": [28.421623231907066, 5.614580419054139, 0.5675769493281138], "k_pid_yaw": [0.5, 1e-06, 0.1], "k_pid_hsp": [0.09147943549107956, 0.005003802131748974, 0.0], "k_pid_vsp": [214.80934480470697, 307.5639381825542, 0.6152927601847696]}, "datetime": {"datetime": "2025-08-20 23:04:16", "elapsed": 40311.03623175621, "delta": 17.804224491119385}, "costs": {"total_cost": 169.6821720685873, "time_cost": 71.568, "final_distance_cost": 1.7977848186812562, "oscillation_cost": 21.14788894919392, "completition_cost": 0.0, "overshoot_cost": 51.13973859083264, "power_cost": 12.4080302734375, "noise_cost": 11.620729436442005, "n_waypoints_completed": 9, "tot_waypoints": 9}}
{"target": -170.28702633038148, "params": {"k_pid_pos": [0.5485485855756234, 0.003246714547512405, 0.005681453647889891], "k_pid_alt": [1.6701440720255547, 0.00014783818239189685, 0.0015331917998321256], "k_pid_att": [24.91101213092888, 6.692600009155792, 0.528164098282539], "k_pid_yaw": [0.5, 1e-06, 0.1], "k_pid_hsp": [0.10992810230213118, 0.004034366288252422, 0.0], "k_pid_vsp": [178.0032839427448, 276.54239073942927, 0.6910870973531239]}, "datetime": {"datetime": "2025-08-20 23:04:33", "elapsed": 40327.83132481575, "delta": 16.795093059539795}, "costs": {"total_cost": 170.28702633038148, "time_cost": 71.768, "final_distance_cost": 1.826307184456808, "oscillation_cost": 21.404520879815156, "completition_cost": 0.0, "overshoot_cost": 51.061286326005245, "power_cost": 12.515571850585937, "noise_cost": 11.711340089518373, "n_waypoints_completed": 9, "tot_waypoints": 9}}
{"target": -169.80071863883063, "params": {"k_pid_pos": [0.640709383366371, 0.003954497187542201, 0.007495647242652119], "k_pid_alt": [1.836307498623255, 0.00015519381242075532, 0.0016937917350383842], "k_pid_att": [29.23864154332044, 5.485811768424088, 0.4957751055164437], "k_pid_yaw": [0.5, 1e-06, 0.1], "k_pid_hsp": [0.09745532627696633, 0.004320270107321898, 0.0], "k_pid_vsp": [239.8905200754023, 304.978359109607, 0.6042632276408166]}, "datetime": {"datetime": "2025-08-20 23:04:49", "elapsed": 40344.27724313736, "delta": 16.445918321609497}, "costs": {"total_cost": 169.80071863883063, "time_cost": 71.072, "final_distance_cost": 1.7954904490639185, "oscillation_cost": 22.518709999338533, "completition_cost": 0.0, "overshoot_cost": 50.84651367202035, "power_cost": 12.160514624023438, "noise_cost": 11.407489894384351, "n_waypoints_completed": 9, "tot_waypoints": 9}}
{"target": -169.2295240599929, "params": {"k_pid_pos": [0.5460974897823601, 0.004112517857078387, 0.00712479439843157], "k_pid_alt": [1.7822528360348262, 0.00013814140733045655, 0.0016051314696285974], "k_pid_att": [28.11159145730168, 6.31978258218307, 0.5487556655311594], "k_pid_yaw": [0.5, 1e-06, 0.1], "k_pid_hsp": [0.09961635268157587, 0.004827338669970523, 0.0], "k_pid_vsp": [202.5344500969701, 280.6128660676009, 0.5993652690855497]}, "datetime": {"datetime": "2025-08-20 23:05:06", "elapsed": 40361.13520884514, "delta": 16.85796570777893}, "costs": {"total_cost": 169.2295240599929, "time_cost": 71.864, "final_distance_cost": 1.820838199291698, "oscillation_cost": 21.041708871772684, "completition_cost": 0.0, "overshoot_cost": 50.7054394140895, "power_cost": 12.265954760742188, "noise_cost": 11.53158281409686, "n_waypoints_completed": 9, "tot_waypoints": 9}}
{"target": -170.64868363705597, "params": {"k_pid_pos": [0.5502852243671942, 0.0038750943807778332, 0.007556473978940663], "k_pid_alt": [1.7480371134816775, 0.00015351518601629946, 0.0016693564768115556], "k_pid_att": [27.386020478380136, 6.746885555876854, 0.5794400096863388], "k_pid_yaw": [0.5, 1e-06, 0.1], "k_pid_hsp": [0.11225608127301896, 0.004238956471892105, 0.0], "k_pid_vsp": [223.04390439040858, 244.52530051428053, 0.6472935438718722]}, "datetime": {"datetime": "2025-08-20 23:05:22", "elapsed": 40377.43156647682, "delta": 16.29635763168335}, "costs": {"total_cost": 170.64868363705597, "time_cost": 71.776, "final_distance_cost": 1.823351545074811, "oscillation_cost": 21.45284085103957, "completition_cost": 0.0, "overshoot_cost": 51.20370685424641, "power_cost": 12.633252148437501, "noise_cost": 11.759532238257682, "n_waypoints_completed": 9, "tot_waypoints": 9}}
{"target": -169.55648832226765, "params": {"k_pid_pos": [0.6370544084935676, 0.00457541638343226, 0.007136526418498824], "k_pid_alt": [2.0, 0.00015261010702454856, 0.0015735867234574735], "k_pid_att": [25.63200943810583, 6.294235638666929, 0.5221642099928374], "k_pid_yaw": [0.5, 1e-06, 0.1], "k_pid_hsp": [0.1141867387461536, 0.004273322058485209, 0.0], "k_pid_vsp": [295.9612542984776, 219.103835659807, 0.5746459994427705]}, "datetime": {"datetime": "2025-08-20 23:05:39", "elapsed": 40393.95478081703, "delta": 16.52321434020996}, "costs": {"total_cost": 169.55648832226765, "time_cost": 70.944, "final_distance_cost": 1.8202940276020942, "oscillation_cost": 22.918839371485127, "completition_cost": 0.0, "overshoot_cost": 50.96999331039, "power_cost": 11.728421691894532, "noise_cost": 11.17493992089589, "n_waypoints_completed": 9, "tot_waypoints": 9}}
{"target": -168.48550247870986, "params": {"k_pid_pos": [0.548135177699127, 0.0035111968872279437, 0.007953816885032399], "k_pid_alt": [1.8000111826063188, 0.00016655294075332955, 0.0018618578609025493], "k_pid_att": [28.040022875453747, 5.966358927498104, 0.591261176084322], "k_pid_yaw": [0.5, 1e-06, 0.1], "k_pid_hsp": [0.10027381195846173, 0.004659462323904496, 0.0], "k_pid_vsp": [245.15111412233588, 271.26527981147524, 0.5384302829002118]}, "datetime": {"datetime": "2025-08-20 23:05:56", "elapsed": 40410.56546831131, "delta": 16.610687494277954}, "costs": {"total_cost": 168.48550247870986, "time_cost": 71.856, "final_distance_cost": 1.8253109125293174, "oscillation_cost": 20.97153407581593, "completition_cost": 0.0, "overshoot_cost": 50.82711957800952, "power_cost": 11.655483789062501, "noise_cost": 11.350054123292594, "n_waypoints_completed": 9, "tot_waypoints": 9}}
{"target": -170.0366150525122, "params": {"k_pid_pos": [0.5396489482916547, 0.003687552853682497, 0.007907238436140825], "k_pid_alt": [1.7107017326839653, 0.00015832952451793011, 0.0015492184223552697], "k_pid_att": [28.66794514626895, 6.212940391531547, 0.5534348520292581], "k_pid_yaw": [0.5, 1e-06, 0.1], "k_pid_hsp": [0.10918474606266172, 0.005699179713434662, 0.0], "k_pid_vsp": [210.93572643233915, 246.77857749407175, 0.5793148598460758]}, "datetime": {"datetime": "2025-08-20 23:06:13", "elapsed": 40428.27985692024, "delta": 17.714388608932495}, "costs": {"total_cost": 170.0366150525122, "time_cost": 71.864, "final_distance_cost": 1.8206505222091416, "oscillation_cost": 21.511703773134528, "completition_cost": 0.0, "overshoot_cost": 50.649054377824854, "power_cost": 12.533036840820314, "noise_cost": 11.658169538523374, "n_waypoints_completed": 9, "tot_waypoints": 9}}
{"target": -169.6049512831504, "params": {"k_pid_pos": [0.6642831916867354, 0.004301903645132441, 0.008942537176233832], "k_pid_alt": [2.0, 0.0001373291871110254, 0.0016478342434813546], "k_pid_att": [25.134063716994405, 8.507321225453222, 0.5348696749410803], "k_pid_yaw": [0.5, 1e-06, 0.1], "k_pid_hsp": [0.09341134211904727, 0.0050494252339392245, 0.0], "k_pid_vsp": [273.690571742706, 254.97667133799385, 0.5949416666706245]}, "datetime": {"datetime": "2025-08-20 23:06:30", "elapsed": 40444.69264435768, "delta": 16.412787437438965}, "costs": {"total_cost": 169.6049512831504, "time_cost": 71.16, "final_distance_cost": 1.8242940400872745, "oscillation_cost": 22.855333013666616, "completition_cost": 0.0, "overshoot_cost": 50.64450224161356, "power_cost": 11.876701843261719, "noise_cost": 11.24412014452122, "n_waypoints_completed": 9, "tot_waypoints": 9}}
{"target": -168.2160272140043, "params": {"k_pid_pos": [0.5918327331923602, 0.003924066338836449, 0.00792680701300478], "k_pid_alt": [2.0, 0.0001470873902187179, 0.0018719321235175078], "k_pid_att": [24.998864149696374, 5.487611863572614, 0.6227098724900499], "k_pid_yaw": [0.5, 1e-06, 0.1], "k_pid_hsp": [0.09405385556998518, 0.004711377513315316, 0.0], "k_pid_vsp": [199.85826542927714, 276.5302257071301, 0.7103507281894436]}, "datetime": {"datetime": "2025-08-20 23:06:47", "elapsed": 40462.40265870094, "delta": 17.71001434326172}, "costs": {"total_cost": 168.2160272140043, "time_cost": 71.624, "final_distance_cost": 1.8074955513610154, "oscillation_cost": 21.267839663989022, "completition_cost": 0.0, "overshoot_cost": 50.63973198593632, "power_cost": 11.629998413085938, "noise_cost": 11.246961599632005, "n_waypoints_completed": 9, "tot_waypoints": 9}}
{"target": -169.99838852215777, "params": {"k_pid_pos": [0.5199116872148637, 0.003439496771224838, 0.0069862067637514865], "k_pid_alt": [1.820501950370242, 0.00016105152044189775, 0.001859489990053072], "k_pid_att": [26.189012717559255, 7.680669486954791, 0.5019206255344315], "k_pid_yaw": [0.5, 1e-06, 0.1], "k_pid_hsp": [0.09624337271263537, 0.004580969636988689, 0.0], "k_pid_vsp": [246.08990391369844, 311.9981663944441, 0.6603687713747123]}, "datetime": {"datetime": "2025-08-20 23:07:04", "elapsed": 40479.36423945427, "delta": 16.961580753326416}, "costs": {"total_cost": 169.99838852215777, "time_cost": 72.296, "final_distance_cost": 1.832914415045225, "oscillation_cost": 20.101227890584244, "completition_cost": 0.0, "overshoot_cost": 51.202527341493024, "power_cost": 12.694657971191408, "noise_cost": 11.871060903843832, "n_waypoints_completed": 9, "tot_waypoints": 9}}
{"target": -170.12983705084915, "params": {"k_pid_pos": [0.6110652068989932, 0.0035569100453921357, 0.005649475475737137], "k_pid_alt": [2.0, 0.00015377864437883946, 0.0012851263925009113], "k_pid_att": [24.960048293467693, 5.227312978665157, 0.5488419721420162], "k_pid_yaw": [0.5, 1e-06, 0.1], "k_pid_hsp": [0.11314650451034126, 0.003926267013022642, 0.0], "k_pid_vsp": [198.58106029227824, 270.126394696765, 0.6349447622284373]}, "datetime": {"datetime": "2025-08-20 23:07:20", "elapsed": 40494.65796947479, "delta": 15.293730020523071}, "costs": {"total_cost": 170.12983705084915, "time_cost": 71.12, "final_distance_cost": 1.8323709973188969, "oscillation_cost": 22.926835647140862, "completition_cost": 0.0, "overshoot_cost": 50.50002221122415, "power_cost": 12.22178162841797, "noise_cost": 11.528826566747279, "n_waypoints_completed": 9, "tot_waypoints": 9}}
