{"target": -169.81223874397358, "params": {"k_pid_pos": [0.5092764101860028, 0.0028225638111530303, 0.013183359891196414], "k_pid_alt": [1.3849597937476972, 0.00011983181132541954, 0.0008259388962030201], "k_pid_att": [48.246850404185295, 7.618024676697005, 0.48751760711202735], "k_pid_yaw": [0.5, 1e-06, 0.1], "k_pid_hsp": [0.09792099968106681, 0.009287784198276321, 0.0], "k_pid_vsp": [200.1817986879203, 252.3115926140612, 0.5656910539873686]}, "datetime": {"datetime": "2025-08-20 18:11:51", "elapsed": 22765.704501867294, "delta": 15.707647562026978}, "costs": {"total_cost": 169.81223874397358, "time_cost": 72.504, "final_distance_cost": 1.8376612280275797, "oscillation_cost": 20.837717521496515, "completition_cost": 0.0, "overshoot_cost": 50.45108792167856, "power_cost": 12.405037561035156, "noise_cost": 11.776734511735745, "n_waypoints_completed": 9, "tot_waypoints": 9}}
{"target": -172.12177848990885, "params": {"k_pid_pos": [0.6395705591462013, 0.004245673085089086, 0.012902334591979992], "k_pid_alt": [2.0, 0.00019026740509855676, 0.0002458346375016646], "k_pid_att": [42.160397937581116, 5.422757848918679, 0.6258996442558273], "k_pid_yaw": [0.5, 1e-06, 0.1], "k_pid_hsp": [0.07471191531829567, 0.0068566127531519945, 0.0], "k_pid_vsp": [56.84634694609334, 197.81852015242544, 0.6664015013925637]}, "datetime": {"datetime": "2025-08-20 18:12:07", "elapsed": 22782.251173257828, "delta": 16.546671390533447}, "costs": {"total_cost": 172.12177848990885, "time_cost": 73.304, "final_distance_cost": 1.8114095141953626, "oscillation_cost": 21.45539419440731, "completition_cost": 0.0, "overshoot_cost": 51.11962685781917, "power_cost": 12.732757446289064, "noise_cost": 11.698590477197921, "n_waypoints_completed": 9, "tot_waypoints": 9}}
{"target": -174.00451582074263, "params": {"k_pid_pos": [0.8125769278191765, 0.0045497110200807414, 0.022044715283892475], "k_pid_alt": [2.0, 0.00018647998228127574, 0.0007549112788585408], "k_pid_att": [45.05073360972725, 6.176206812985327, 0.474230591899494], "k_pid_yaw": [0.5, 1e-06, 0.1], "k_pid_hsp": [0.07411222915866796, 0.014166362569163477, 0.0], "k_pid_vsp": [378.47083452718454, 155.64683820079352, 0.6310625804690337]}, "datetime": {"datetime": "2025-08-20 18:12:23", "elapsed": 22798.360516548157, "delta": 16.10934329032898}, "costs": {"total_cost": 174.00451582074263, "time_cost": 72.144, "final_distance_cost": 1.7911938641889844, "oscillation_cost": 25.882931295446895, "completition_cost": 0.0, "overshoot_cost": 50.676757253202645, "power_cost": 12.25974354248047, "noise_cost": 11.249889865423636, "n_waypoints_completed": 9, "tot_waypoints": 9}}
{"target": -170.7298713446583, "params": {"k_pid_pos": [0.8201537210959297, 0.003821462285199799, 0.016074359525765258], "k_pid_alt": [1.3610538417818752, 0.0001307613938803174, 0.0019656549277053273], "k_pid_att": [34.26557020702485, 6.0053607918092125, 0.5959513174331196], "k_pid_yaw": [0.5, 1e-06, 0.1], "k_pid_hsp": [0.14485452652377442, 0.0035491105506137745, 0.0], "k_pid_vsp": [400.0, 94.92601138600003, 1.3280438680534246]}, "datetime": {"datetime": "2025-08-20 18:12:38", "elapsed": 22813.4953520298, "delta": 15.134835481643677}, "costs": {"total_cost": 170.7298713446583, "time_cost": 70.168, "final_distance_cost": 1.8088169936348115, "oscillation_cost": 25.381851196185337, "completition_cost": 0.0, "overshoot_cost": 50.09860998511704, "power_cost": 11.941793872070313, "noise_cost": 11.330799297650806, "n_waypoints_completed": 9, "tot_waypoints": 9}}
{"target": -169.95934895476177, "params": {"k_pid_pos": [0.5623289638415773, 0.004879433240641411, 0.011448065079311861], "k_pid_alt": [2.0, 9.42674445997718e-05, 0.00016903408187666062], "k_pid_att": [31.130213909554083, 7.282613316140668, 0.6105739043784487], "k_pid_yaw": [0.5, 1e-06, 0.1], "k_pid_hsp": [0.11003024305538324, 0.00849885301486626, 0.0], "k_pid_vsp": [260.84376840489625, 132.89781628088895, 0.5976104940832404]}, "datetime": {"datetime": "2025-08-20 18:12:56", "elapsed": 22831.374299526215, "delta": 17.878947496414185}, "costs": {"total_cost": 169.95934895476177, "time_cost": 71.616, "final_distance_cost": 1.827642198971356, "oscillation_cost": 21.950537518748696, "completition_cost": 0.0, "overshoot_cost": 50.60471423407463, "power_cost": 12.312122045898438, "noise_cost": 11.648332957068643, "n_waypoints_completed": 9, "tot_waypoints": 9}}
{"target": -170.96718110759807, "params": {"k_pid_pos": [0.7791072016309858, 0.004619644341102502, 0.012583944139591305], "k_pid_alt": [1.4950911867641592, 9.694520253716052e-05, 0.0], "k_pid_att": [36.4238947521739, 8.325371665153856, 0.30929154214490695], "k_pid_yaw": [0.5, 1e-06, 0.1], "k_pid_hsp": [0.09873361962847883, 0.008345267114706236, 0.0], "k_pid_vsp": [267.0556339019118, 125.9978595173609, 1.0412471897313498]}, "datetime": {"datetime": "2025-08-20 18:13:12", "elapsed": 22846.70298886299, "delta": 15.328689336776733}, "costs": {"total_cost": 170.96718110759807, "time_cost": 70.568, "final_distance_cost": 1.8072075940320136, "oscillation_cost": 25.008531113083958, "completition_cost": 0.0, "overshoot_cost": 50.49118113005554, "power_cost": 11.917145715332031, "noise_cost": 11.17511555509456, "n_waypoints_completed": 9, "tot_waypoints": 9}}
{"target": -178.17646309559896, "params": {"k_pid_pos": [0.6581142207356251, 0.0028911122127859494, 0.011842456019971435], "k_pid_alt": [1.5880190864393289, 0.0001321387726363651, 0.0015955207806653607], "k_pid_att": [52.3405016979441, 8.955934336259086, 0.6378620474023032], "k_pid_yaw": [0.5, 1e-06, 0.1], "k_pid_hsp": [0.04909891513009378, 0.007881596670663021, 0.0], "k_pid_vsp": [219.96726291785936, 215.89843441402988, 1.1651714795562704]}, "datetime": {"datetime": "2025-08-20 18:13:30", "elapsed": 22864.546333551407, "delta": 17.843344688415527}, "costs": {"total_cost": 178.17646309559896, "time_cost": 77.992, "final_distance_cost": 1.7785784803569986, "oscillation_cost": 18.911890877597344, "completition_cost": 0.0, "overshoot_cost": 53.888095770657976, "power_cost": 13.197558325195313, "noise_cost": 12.408339641791335, "n_waypoints_completed": 9, "tot_waypoints": 9}}
{"target": -170.15696748381853, "params": {"k_pid_pos": [0.6420001991468901, 0.003380430072370989, 0.014401239221693202], "k_pid_alt": [2.0, 0.00013729623429488378, 0.0006192533272728503], "k_pid_att": [36.71437587342023, 10.0, 0.5957699057615887], "k_pid_yaw": [0.5, 1e-06, 0.1], "k_pid_hsp": [0.09349377423309913, 0.005756486515455084, 0.0], "k_pid_vsp": [274.3990300371038, 104.81738075552933, 0.9187168511547575]}, "datetime": {"datetime": "2025-08-20 18:13:46", "elapsed": 22880.829626321793, "delta": 16.283292770385742}, "costs": {"total_cost": 170.15696748381853, "time_cost": 71.512, "final_distance_cost": 1.8266553543231074, "oscillation_cost": 22.346613619552347, "completition_cost": 0.0, "overshoot_cost": 51.081599014902515, "power_cost": 12.060866027832033, "noise_cost": 11.329233467208555, "n_waypoints_completed": 9, "tot_waypoints": 9}}
{"target": -169.75162308924672, "params": {"k_pid_pos": [0.6395274358423785, 0.0032952552410293857, 0.01829955473071568], "k_pid_alt": [1.6215285730849185, 0.00018935793346799487, 0.0013126715036602121], "k_pid_att": [44.57863232676846, 7.3391384135464435, 0.8059771631896111], "k_pid_yaw": [0.5, 1e-06, 0.1], "k_pid_hsp": [0.12265989429068054, 0.00969008469494116, 0.0], "k_pid_vsp": [186.51229977100456, 241.69218507731784, 0.795453773262185]}, "datetime": {"datetime": "2025-08-20 18:14:01", "elapsed": 22896.25683259964, "delta": 15.42720627784729}, "costs": {"total_cost": 169.75162308924672, "time_cost": 70.592, "final_distance_cost": 1.831672870555711, "oscillation_cost": 23.649733978829676, "completition_cost": 0.0, "overshoot_cost": 50.138565975654245, "power_cost": 12.145585412597656, "noise_cost": 11.394064851609441, "n_waypoints_completed": 9, "tot_waypoints": 9}}
{"target": -170.12657030141762, "params": {"k_pid_pos": [0.711122773502678, 0.004569135622935441, 0.009631726243814842], "k_pid_alt": [2.0, 9.33213420464025e-05, 0.0011957611579745966], "k_pid_att": [55.639248452243145, 5.567215861916497, 1.0], "k_pid_yaw": [0.5, 1e-06, 0.1], "k_pid_hsp": [0.1010328819803576, 0.008873045428711805, 0.0], "k_pid_vsp": [240.3284541976969, 161.5880377225287, 0.6982256062400829]}, "datetime": {"datetime": "2025-08-20 18:14:18", "elapsed": 22912.72684788704, "delta": 16.470015287399292}, "costs": {"total_cost": 170.12657030141762, "time_cost": 70.648, "final_distance_cost": 1.802831557696163, "oscillation_cost": 23.89638176890535, "completition_cost": 0.0, "overshoot_cost": 50.54656070560673, "power_cost": 11.976896130371093, "noise_cost": 11.255900138838253, "n_waypoints_completed": 9, "tot_waypoints": 9}}
{"target": -171.6464232961066, "params": {"k_pid_pos": [0.468274170019018, 0.004280150419254808, 0.016003166336985498], "k_pid_alt": [1.7979113606987873, 0.00010538805549693364, 0.0017234994367181912], "k_pid_att": [47.6670328989703, 8.387553601932913, 0.617728215263683], "k_pid_yaw": [0.5, 1e-06, 0.1], "k_pid_hsp": [0.10954319486176638, 0.007296664040638032, 0.0], "k_pid_vsp": [356.9152540690408, 270.18482192308386, 0.920984249848349]}, "datetime": {"datetime": "2025-08-20 18:14:34", "elapsed": 22929.345539331436, "delta": 16.618691444396973}, "costs": {"total_cost": 171.6464232961066, "time_cost": 73.624, "final_distance_cost": 1.839208911811809, "oscillation_cost": 20.394584589307218, "completition_cost": 0.0, "overshoot_cost": 50.7845861879382, "power_cost": 12.828104040527345, "noise_cost": 12.17593956652202, "n_waypoints_completed": 9, "tot_waypoints": 9}}
{"target": -170.64915250880648, "params": {"k_pid_pos": [0.7467254049527906, 0.0033393067219818114, 0.011799251629645723], "k_pid_alt": [2.0, 0.00014121486296112738, 0.0], "k_pid_att": [32.83939708639351, 4.16768216795039, 0.5927992780674771], "k_pid_yaw": [0.5, 1e-06, 0.1], "k_pid_hsp": [0.13617943236512217, 0.006947787008074619, 0.0], "k_pid_vsp": [252.1093452705155, 147.65940752785244, 0.999506240953769]}, "datetime": {"datetime": "2025-08-20 18:14:52", "elapsed": 22946.58946275711, "delta": 17.24392342567444}, "costs": {"total_cost": 170.64915250880648, "time_cost": 70.256, "final_distance_cost": 1.8193501282751714, "oscillation_cost": 24.637377164679307, "completition_cost": 0.0, "overshoot_cost": 50.41212991405206, "power_cost": 12.18008289794922, "noise_cost": 11.344212403850761, "n_waypoints_completed": 9, "tot_waypoints": 9}}
{"target": -171.7065165643305, "params": {"k_pid_pos": [0.8734264753990751, 0.005573914770662412, 0.014880627610910711], "k_pid_alt": [2.0, 0.0001249690436300296, 0.0013950939517648482], "k_pid_att": [22.73738953482182, 6.807264149830634, 0.8726212107761103], "k_pid_yaw": [0.5, 1e-06, 0.1], "k_pid_hsp": [0.10489395452578505, 0.006232425558357441, 0.0], "k_pid_vsp": [207.77406375887736, 215.91791043129135, 0.870646912592302]}, "datetime": {"datetime": "2025-08-20 18:15:08", "elapsed": 22962.53354859352, "delta": 15.944085836410522}, "costs": {"total_cost": 171.7065165643305, "time_cost": 69.888, "final_distance_cost": 1.798468527057912, "oscillation_cost": 26.077932180918886, "completition_cost": 0.0, "overshoot_cost": 50.434887959013935, "power_cost": 12.275090600585939, "noise_cost": 11.232137296753853, "n_waypoints_completed": 9, "tot_waypoints": 9}}
{"target": -170.132326548553, "params": {"k_pid_pos": [0.7377938110841424, 0.0046175821210948905, 0.006346920519942535], "k_pid_alt": [1.3181950561242395, 0.00012484398576841736, 0.0008652570895560601], "k_pid_att": [33.68860713606933, 9.431230518965032, 0.6135607504378605], "k_pid_yaw": [0.5, 1e-06, 0.1], "k_pid_hsp": [0.1121633680356154, 0.009634225509586045, 0.0], "k_pid_vsp": [143.63893106220715, 248.64695735558985, 0.6159125228586785]}, "datetime": {"datetime": "2025-08-20 18:15:22", "elapsed": 22977.496340751648, "delta": 14.962792158126831}, "costs": {"total_cost": 170.132326548553, "time_cost": 70.096, "final_distance_cost": 1.826590004326687, "oscillation_cost": 25.09037065942065, "completition_cost": 0.0, "overshoot_cost": 50.15486132092464, "power_cost": 11.884426501464844, "noise_cost": 11.08007806241615, "n_waypoints_completed": 9, "tot_waypoints": 9}}
{"target": -169.46223287627217, "params": {"k_pid_pos": [0.6698849485753043, 0.004832779889114875, 0.011582381781158939], "k_pid_alt": [1.9200130285340702, 9.991606821698363e-05, 0.0008278338465386837], "k_pid_att": [41.12010438463712, 7.643290976475903, 0.411590406791829], "k_pid_yaw": [0.5, 1e-06, 0.1], "k_pid_hsp": [0.11295417965736854, 0.008971891134736619, 0.0], "k_pid_vsp": [210.51976896651493, 199.86873501165653, 0.4109694112164417]}, "datetime": {"datetime": "2025-08-20 18:15:39", "elapsed": 22994.092440366745, "delta": 16.596099615097046}, "costs": {"total_cost": 169.46223287627217, "time_cost": 70.488, "final_distance_cost": 1.8303587205918468, "oscillation_cost": 23.694395312725373, "completition_cost": 0.0, "overshoot_cost": 50.43834798248412, "power_cost": 11.857884411621095, "noise_cost": 11.153246448849755, "n_waypoints_completed": 9, "tot_waypoints": 9}}
{"target": -169.8835469864864, "params": {"k_pid_pos": [0.6284955612370409, 0.004068212571404011, 0.014475988544337492], "k_pid_alt": [1.7884771412440437, 0.00012717962601031062, 0.000471829843127995], "k_pid_att": [28.844524798573175, 8.22034297622323, 0.4838433433691396], "k_pid_yaw": [0.5, 1e-06, 0.1], "k_pid_hsp": [0.08594928602659851, 0.007123480554462657, 0.0], "k_pid_vsp": [230.6836619126998, 182.5610030771503, 0.9256625759162852]}, "datetime": {"datetime": "2025-08-20 18:15:55", "elapsed": 23010.133019685745, "delta": 16.040579319000244}, "costs": {"total_cost": 169.8835469864864, "time_cost": 71.776, "final_distance_cost": 1.7934724081968982, "oscillation_cost": 21.578955725247045, "completition_cost": 0.0, "overshoot_cost": 51.14166103819851, "power_cost": 12.201268945312501, "noise_cost": 11.392188869531454, "n_waypoints_completed": 9, "tot_waypoints": 9}}
{"target": -173.01111195562444, "params": {"k_pid_pos": [1.0018927261410246, 0.001761545377714702, 0.013417447912856059], "k_pid_alt": [1.9735336623289144, 0.00011052269567108282, 0.0010453258155128464], "k_pid_att": [47.23480686355191, 9.590488644544712, 0.7210561989803134], "k_pid_yaw": [0.5, 1e-06, 0.1], "k_pid_hsp": [0.09363025245632456, 0.006484545451066213, 0.0], "k_pid_vsp": [289.0543856003301, 158.4219811662429, 1.2651693107761408]}, "datetime": {"datetime": "2025-08-20 18:16:12", "elapsed": 23027.07376241684, "delta": 16.94074273109436}, "costs": {"total_cost": 173.01111195562444, "time_cost": 70.16, "final_distance_cost": 1.7760308996163745, "oscillation_cost": 27.57790902381482, "completition_cost": 0.0, "overshoot_cost": 50.348375546518, "power_cost": 11.977476953125, "noise_cost": 11.171319532550246, "n_waypoints_completed": 9, "tot_waypoints": 9}}
{"target": -174.24327975542448, "params": {"k_pid_pos": [0.3925861411072416, 0.003834296055536057, 0.014419446937580835], "k_pid_alt": [1.5866788895170156, 0.00015007139844508622, 0.0008219787658076783], "k_pid_att": [50.48636321592448, 5.967694576227686, 0.48346659881293874], "k_pid_yaw": [0.5, 1e-06, 0.1], "k_pid_hsp": [0.1061957306540194, 0.0059990052275172775, 0.0], "k_pid_vsp": [242.4351648571835, 226.68407757607937, 0.6021361204421277]}, "datetime": {"datetime": "2025-08-20 18:16:30", "elapsed": 23044.518604040146, "delta": 17.444841623306274}, "costs": {"total_cost": 174.24327975542448, "time_cost": 76.952, "final_distance_cost": 1.8537371425442484, "oscillation_cost": 18.334634978569923, "completition_cost": 0.0, "overshoot_cost": 51.35986087041711, "power_cost": 12.988685974121095, "noise_cost": 12.754360789772115, "n_waypoints_completed": 9, "tot_waypoints": 9}}
{"target": -170.1136472992313, "params": {"k_pid_pos": [0.6956899458694784, 0.004335541986756536, 0.013427956618009237], "k_pid_alt": [2.0, 0.00012752980275665678, 0.0009642112771675334], "k_pid_att": [23.686604978407512, 10.0, 0.42009827540470973], "k_pid_yaw": [0.5, 1e-06, 0.1], "k_pid_hsp": [0.1104082092788569, 0.009188878695697669, 0.0], "k_pid_vsp": [182.42460875238305, 231.77694136910262, 0.8052511277367412]}, "datetime": {"datetime": "2025-08-20 18:16:45", "elapsed": 23059.53836965561, "delta": 15.019765615463257}, "costs": {"total_cost": 170.1136472992313, "time_cost": 70.368, "final_distance_cost": 1.803003246095098, "oscillation_cost": 24.477001309270754, "completition_cost": 0.0, "overshoot_cost": 50.50686578363122, "power_cost": 11.770350231933595, "noise_cost": 11.188426728300653, "n_waypoints_completed": 9, "tot_waypoints": 9}}
{"target": -183.57999391218885, "params": {"k_pid_pos": [0.33842606819144166, 0.004104250167986468, 0.013741602314492243], "k_pid_alt": [2.0, 0.00011093923293803665, 0.001488272579066633], "k_pid_att": [38.26602896535251, 8.88859581421894, 0.5572266924400696], "k_pid_yaw": [0.5, 1e-06, 0.1], "k_pid_hsp": [0.1202701851657148, 0.007174144865171913, 0.0], "k_pid_vsp": [292.6670573540536, 172.1021121596671, 0.97753299863595]}, "datetime": {"datetime": "2025-08-20 18:17:04", "elapsed": 23078.893187999725, "delta": 19.35481834411621}, "costs": {"total_cost": 183.57999391218885, "time_cost": 83.496, "final_distance_cost": 1.8610897070575314, "oscillation_cost": 17.82713173425809, "completition_cost": 0.0, "overshoot_cost": 52.32218125108845, "power_cost": 13.719945947265625, "noise_cost": 14.35364527251916, "n_waypoints_completed": 9, "tot_waypoints": 9}}
{"target": -170.29344906130942, "params": {"k_pid_pos": [0.7992965918169435, 0.002559505208111972, 0.01985494343320036], "k_pid_alt": [1.5676086430351652, 0.00015355864260619328, 5.448514176295058e-07], "k_pid_att": [38.241961612033116, 9.315005005932798, 0.41566981831140043], "k_pid_yaw": [0.5, 1e-06, 0.1], "k_pid_hsp": [0.1274652263211692, 0.00956870552620581, 0.0], "k_pid_vsp": [400.0, 220.54942029813319, 0.33493874795923456]}, "datetime": {"datetime": "2025-08-20 18:17:19", "elapsed": 23094.502725601196, "delta": 15.609537601470947}, "costs": {"total_cost": 170.29344906130942, "time_cost": 69.70400000000001, "final_distance_cost": 1.8248991154117231, "oscillation_cost": 25.766437636664072, "completition_cost": 0.0, "overshoot_cost": 50.27148685072311, "power_cost": 11.687457141113281, "noise_cost": 11.039168317397248, "n_waypoints_completed": 9, "tot_waypoints": 9}}
{"target": -170.21831056454653, "params": {"k_pid_pos": [0.7093261270119712, 0.004690238108284906, 0.00900943905655756], "k_pid_alt": [1.6685081732022553, 8.771850050097805e-05, 0.001075781339618511], "k_pid_att": [41.33000427017893, 9.225859692815872, 0.606710391342625], "k_pid_yaw": [0.5, 1e-06, 0.1], "k_pid_hsp": [0.10658364469938723, 0.007491426588664964, 0.0], "k_pid_vsp": [276.1636045274486, 160.7161676941829, 0.7579240640759881]}, "datetime": {"datetime": "2025-08-20 18:17:36", "elapsed": 23110.707704782486, "delta": 16.204979181289673}, "costs": {"total_cost": 170.21831056454653, "time_cost": 70.408, "final_distance_cost": 1.8021738343451568, "oscillation_cost": 24.082877888866662, "completition_cost": 0.0, "overshoot_cost": 50.79878863353286, "power_cost": 11.927928564453126, "noise_cost": 11.198541643348726, "n_waypoints_completed": 9, "tot_waypoints": 9}}
{"target": -173.1249976648993, "params": {"k_pid_pos": [0.4666550968390301, 0.003407239509460033, 0.014715862858664273], "k_pid_alt": [2.0, 0.00011831495676119469, 0.0009519515099136642], "k_pid_att": [24.549503551329675, 7.6307255292537866, 0.3687343224165282], "k_pid_yaw": [0.5, 1e-06, 0.1], "k_pid_hsp": [0.13545566829293093, 0.0059025698535470315, 0.0], "k_pid_vsp": [234.37876284698643, 197.78523589487398, 0.6759174219362499]}, "datetime": {"datetime": "2025-08-20 18:17:52", "elapsed": 23127.4489569664, "delta": 16.741252183914185}, "costs": {"total_cost": 173.1249976648993, "time_cost": 74.608, "final_distance_cost": 1.8519818317709313, "oscillation_cost": 21.783622790469497, "completition_cost": 0.0, "overshoot_cost": 50.19624729430524, "power_cost": 12.532074926757813, "noise_cost": 12.153070821595847, "n_waypoints_completed": 9, "tot_waypoints": 9}}
{"target": -169.702716383777, "params": {"k_pid_pos": [0.5528627411533855, 0.003882233983627862, 0.013860034087425145], "k_pid_alt": [2.0, 0.0001447894852288507, 0.0013682801388412763], "k_pid_att": [24.20911481532886, 10.0, 0.3053553194703947], "k_pid_yaw": [0.5, 1e-06, 0.1], "k_pid_hsp": [0.11928612154974139, 0.007506233119997218, 0.0], "k_pid_vsp": [265.81490956327957, 202.37155691791406, 0.7694766179005376]}, "datetime": {"datetime": "2025-08-20 18:18:08", "elapsed": 23143.273428440094, "delta": 15.824471473693848}, "costs": {"total_cost": 169.702716383777, "time_cost": 71.768, "final_distance_cost": 1.8365396758613313, "oscillation_cost": 22.522603818664763, "completition_cost": 0.0, "overshoot_cost": 49.8426095393367, "power_cost": 12.064789086914063, "noise_cost": 11.668174263000141, "n_waypoints_completed": 9, "tot_waypoints": 9}}
{"target": -172.6454991397882, "params": {"k_pid_pos": [0.6767033662066555, 0.004105277919751695, 0.009839550707608303], "k_pid_alt": [2.0, 0.00013260493557189654, 0.0005341486730703643], "k_pid_att": [42.40545214249926, 10.0, 0.634499626681959], "k_pid_yaw": [0.5, 1e-06, 0.1], "k_pid_hsp": [0.07885843652971825, 0.0064447449126939635, 0.0], "k_pid_vsp": [61.60453559319573, 172.86685294683934, 0.6759317477375731]}, "datetime": {"datetime": "2025-08-20 18:18:25", "elapsed": 23159.790174245834, "delta": 16.516745805740356}, "costs": {"total_cost": 172.6454991397882, "time_cost": 72.672, "final_distance_cost": 1.8085793546044036, "oscillation_cost": 22.603955598060686, "completition_cost": 0.0, "overshoot_cost": 51.322053405976824, "power_cost": 12.705910949707032, "noise_cost": 11.532999831439273, "n_waypoints_completed": 9, "tot_waypoints": 9}}
