{"target": -879.3101941771245, "params": {"k_pid_pos": [1.8624793477566346, 0.11973358850112281, 0.1171035659001105], "k_pid_alt": [0.17541802382153682, 0.6578632850405278, 0.4186083007903795], "k_pid_att": [77.43214161418433, 6.712347009944595, 0.33363775832823817], "k_pid_yaw": [0.5, 1e-06, 0.1], "k_pid_hsp": [8.983675636960621, 0.7625321470706523, 0.2705349409101757], "k_pid_vsp": [145.6768071088216, 125.77599276726518, 63.04466029238821]}, "datetime": {"datetime": "2025-08-20 12:02:10", "elapsed": 584.5263369083405, "delta": 25.20980715751648}, "costs": {"total_cost": 879.3101941771245, "time_cost": 150, "final_distance_cost": 65.15186327156863, "oscillation_cost": 237.093823486454, "completition_cost": 333.33333333333337, "overshoot_cost": 54.141041717799034, "power_cost": 22.134969470214845, "noise_cost": 17.455162897754583, "n_waypoints_completed": 6, "tot_waypoints": 9}}
{"target": -1273.5905603160666, "params": {"k_pid_pos": [0.29565196674712907, 0.936127463375744, 0.43790403719875326], "k_pid_alt": [0.7666396455548197, 0.7296857086773779, 0.5529930652528999], "k_pid_att": [93.61399868384622, 7.803036908944531, 0.47936956412454035], "k_pid_yaw": [0.5, 1e-06, 0.1], "k_pid_hsp": [3.7636570988609144, 0.986631544924322, 0.7177602360036435], "k_pid_vsp": [380.47786400153643, 47.391431768337966, 340.2134718257794]}, "datetime": {"datetime": "2025-08-20 12:02:33", "elapsed": 608.2527170181274, "delta": 23.726380109786987}, "costs": {"total_cost": 1273.5905603160666, "time_cost": 150, "final_distance_cost": 98.01099155567343, "oscillation_cost": 148.93551308555942, "completition_cost": 777.7777777777778, "overshoot_cost": 59.38724169593309, "power_cost": 22.709227490234376, "noise_cost": 16.769808710888366, "n_waypoints_completed": 2, "tot_waypoints": 9}}
{"target": -949.0331896172913, "params": {"k_pid_pos": [1.274184060594016, 0.12192167833511258, 0.5882579999692207], "k_pid_alt": [1.3721927302108976, 0.012302685888602838, 0.45431796184174655], "k_pid_att": [82.53995111963212, 2.9536607175383645, 0.4585480817985511], "k_pid_yaw": [0.5, 1e-06, 0.1], "k_pid_hsp": [4.423197039266225, 0.3019273914424916, 0.9184418955155542], "k_pid_vsp": [312.51761417260633, 44.235365287855785, 398.8138631379946]}, "datetime": {"datetime": "2025-08-20 12:02:55", "elapsed": 630.1871161460876, "delta": 21.934399127960205}, "costs": {"total_cost": 949.0331896172913, "time_cost": 150, "final_distance_cost": 51.996816369580785, "oscillation_cost": 325.466383966804, "completition_cost": 333.33333333333337, "overshoot_cost": 47.239553235413794, "power_cost": 23.159523559570314, "noise_cost": 17.837579152589026, "n_waypoints_completed": 6, "tot_waypoints": 9}}
{"target": -1319.8060199676756, "params": {"k_pid_pos": [1.7584121286130596, 0.28390843786403896, 0.8368965796609382], "k_pid_alt": [0.21283906374276573, 0.9991047304742386, 0.6656847361065369], "k_pid_att": [65.0125015558797, 0.904498225768629, 0.8970333988966253], "k_pid_yaw": [0.5, 1e-06, 0.1], "k_pid_hsp": [0.2900921320943738, 0.24082805804114704, 0.143021875166635], "k_pid_vsp": [310.7071762768874, 79.28169168695491, 364.2552909417159]}, "datetime": {"datetime": "2025-08-20 12:03:17", "elapsed": 652.0084121227264, "delta": 21.821295976638794}, "costs": {"total_cost": 1319.8060199676756, "time_cost": 150, "final_distance_cost": 92.03555632266449, "oscillation_cost": 213.7900451211329, "completition_cost": 777.7777777777778, "overshoot_cost": 54.2215147930172, "power_cost": 17.14963806152344, "noise_cost": 14.831487891559684, "n_waypoints_completed": 2, "tot_waypoints": 9}}
{"target": -469.178892085754, "params": {"k_pid_pos": [1.3125724517510475, 0.036162710494696215, 0.0054298341287004614], "k_pid_alt": [0.10331583402879785, 0.6059251776477277, 0.8014818108594153], "k_pid_att": [23.855282062738848, 8.494103488346438, 0.057231940153260386], "k_pid_yaw": [0.5, 1e-06, 0.1], "k_pid_hsp": [8.009658440031398, 0.9277954301722804, 0.7721083991043806], "k_pid_vsp": [279.24831359145486, 335.19208762417304, 16.06052077867527]}, "datetime": {"datetime": "2025-08-20 12:03:38", "elapsed": 673.3731458187103, "delta": 21.364733695983887}, "costs": {"total_cost": 469.178892085754, "time_cost": 96.70400000000001, "final_distance_cost": 1.7526241541383205, "oscillation_cost": 281.58708566601666, "completition_cost": 0.0, "overshoot_cost": 61.61952015446215, "power_cost": 14.953190856933594, "noise_cost": 12.56247125420327, "n_waypoints_completed": 9, "tot_waypoints": 9}}
{"target": -1507.6618634889553, "params": {"k_pid_pos": [0.40364404322703884, 0.12492367930564308, 0.5045309901929865], "k_pid_alt": [1.490376256657689, 0.6300118445763987, 0.851131099761935], "k_pid_att": [15.521299244109088, 7.346237457242422, 0.1930414908689041], "k_pid_yaw": [0.5, 1e-06, 0.1], "k_pid_hsp": [2.707660437302871, 0.7099046972813039, 0.9802047848986818], "k_pid_vsp": [244.61744239082782, 21.800126942017926, 246.52358835470415]}, "datetime": {"datetime": "2025-08-20 12:04:00", "elapsed": 695.1234669685364, "delta": 21.75032114982605}, "costs": {"total_cost": 1507.6618634889553, "time_cost": 150, "final_distance_cost": 94.25354639994978, "oscillation_cost": 400.8796741975968, "completition_cost": 777.7777777777778, "overshoot_cost": 49.5746626308218, "power_cost": 19.084225231933594, "noise_cost": 16.091977250875466, "n_waypoints_completed": 2, "tot_waypoints": 9}}
{"target": -1840.5386312306398, "params": {"k_pid_pos": [1.5226439731674486, 0.06492882027465459, 0.05034809960200964], "k_pid_alt": [1.5375489615192477, 0.44023906522014267, 0.6523521460471523], "k_pid_att": [15.423171053819752, 1.8032232922346065, 0.0], "k_pid_yaw": [0.5, 1e-06, 0.1], "k_pid_hsp": [4.498170172371121, 0.28744863440508667, 0.6802963904311019], "k_pid_vsp": [0.0, 44.57439848275132, 62.38820484578478]}, "datetime": {"datetime": "2025-08-20 12:04:22", "elapsed": 716.9090993404388, "delta": 21.785632371902466}, "costs": {"total_cost": 1840.5386312306398, "time_cost": 150, "final_distance_cost": 0.9919068587215559, "oscillation_cost": 462.1515882052195, "completition_cost": 1000.0, "overshoot_cost": 135.7907894400845, "power_cost": 21.69542919921875, "noise_cost": 69.90891752739554, "n_waypoints_completed": 0, "tot_waypoints": 9}}
{"target": -754.2423696333077, "params": {"k_pid_pos": [0.2482552490443021, 0.43298429030984087, 0.4810059945409964], "k_pid_alt": [1.5159994470654776, 0.14161569930111734, 0.5063793165590764], "k_pid_att": [10.790039742427737, 5.207425228141829, 0.8744319079365451], "k_pid_yaw": [0.5, 1e-06, 0.1], "k_pid_hsp": [5.599960315767137, 0.0, 0.05906693849854159], "k_pid_vsp": [110.0300816187348, 60.481528500175955, 1e-06]}, "datetime": {"datetime": "2025-08-20 12:04:44", "elapsed": 738.8976349830627, "delta": 21.9885356426239}, "costs": {"total_cost": 754.2423696333077, "time_cost": 150, "final_distance_cost": 50.44268653781101, "oscillation_cost": 38.71752688186859, "completition_cost": 444.4444444444444, "overshoot_cost": 40.19983845738333, "power_cost": 16.186317187500002, "noise_cost": 14.251556124300482, "n_waypoints_completed": 5, "tot_waypoints": 9}}
{"target": -286.57114557882704, "params": {"k_pid_pos": [1.9515377566295966, 0.049283890955902576, 0.6218885400680877], "k_pid_alt": [1.392392059882794, 0.20533588245545373, 0.6220751493969175], "k_pid_att": [44.092223885360625, 0.0001, 0.64310122496166], "k_pid_yaw": [0.5, 1e-06, 0.1], "k_pid_hsp": [1.4713991469130854, 0.2663693975157793, 0.1229304375130031], "k_pid_vsp": [166.16960399957165, 1e-06, 1e-06]}, "datetime": {"datetime": "2025-08-20 12:05:02", "elapsed": 757.0770778656006, "delta": 18.179442882537842}, "costs": {"total_cost": 286.57114557882704, "time_cost": 83.12, "final_distance_cost": 1.7207656624809162, "oscillation_cost": 119.84946396163129, "completition_cost": 0.0, "overshoot_cost": 52.79356380341511, "power_cost": 15.681174633789063, "noise_cost": 13.406177517510672, "n_waypoints_completed": 9, "tot_waypoints": 9}}
{"target": -506.76795770095373, "params": {"k_pid_pos": [2.0, 0.5823598794472898, 0.4247297784571488], "k_pid_alt": [1.3988215663684118, 0.20754958650889774, 0.6694300564345577], "k_pid_att": [40.19586944476528, 5.150925407924072, 0.7225894556191511], "k_pid_yaw": [0.5, 1e-06, 0.1], "k_pid_hsp": [5.576356833646044, 0.046073429753062244, 0.10792729052597594], "k_pid_vsp": [400.0, 61.34875165912019, 67.40422787032692]}, "datetime": {"datetime": "2025-08-20 12:05:24", "elapsed": 778.7958629131317, "delta": 21.718785047531128}, "costs": {"total_cost": 506.76795770095373, "time_cost": 150, "final_distance_cost": 12.653940704682924, "oscillation_cost": 139.76127269259447, "completition_cost": 111.11111111111116, "overshoot_cost": 56.377009554467584, "power_cost": 21.178703637695314, "noise_cost": 15.685920000402266, "n_waypoints_completed": 8, "tot_waypoints": 9}}
{"target": -435.4220984039298, "params": {"k_pid_pos": [2.0, 0.1490398238892701, 0.11807178682692888], "k_pid_alt": [0.7319782050091425, 0.0, 0.952710789322488], "k_pid_att": [62.44927627635902, 1.1819858524552187, 0.0], "k_pid_yaw": [0.5, 1e-06, 0.1], "k_pid_hsp": [4.876444231110996, 0.04905766171318804, 0.3458623548493058], "k_pid_vsp": [228.15232334763513, 359.7292859950653, 46.24415813350945]}, "datetime": {"datetime": "2025-08-20 12:05:44", "elapsed": 799.0301494598389, "delta": 20.234286546707153}, "costs": {"total_cost": 435.4220984039298, "time_cost": 90.952, "final_distance_cost": 1.8093046142268212, "oscillation_cost": 255.16157696916338, "completition_cost": 0.0, "overshoot_cost": 50.60864252962341, "power_cost": 20.838839599609376, "noise_cost": 16.05173469130678, "n_waypoints_completed": 9, "tot_waypoints": 9}}
{"target": -724.0470741911032, "params": {"k_pid_pos": [0.8959999146190601, 0.18400349482402065, 0.1335796369454735], "k_pid_alt": [2.0, 0.9801365915200834, 0.5247957976398085], "k_pid_att": [5.481460429737514, 4.556767047973873, 0.28413783790040903], "k_pid_yaw": [0.5, 1e-06, 0.1], "k_pid_hsp": [0.8225903221370938, 0.10784141168878991, 0.059798681035903876], "k_pid_vsp": [334.9588070990603, 1e-06, 212.49114904722455]}, "datetime": {"datetime": "2025-08-20 12:06:06", "elapsed": 821.4315006732941, "delta": 22.4013512134552}, "costs": {"total_cost": 724.0470741911032, "time_cost": 150, "final_distance_cost": 69.52035557018472, "oscillation_cost": 74.09179977331199, "completition_cost": 333.33333333333337, "overshoot_cost": 52.53937002445896, "power_cost": 26.309069372558596, "noise_cost": 18.253146117255532, "n_waypoints_completed": 6, "tot_waypoints": 9}}
{"target": -419.8273637210511, "params": {"k_pid_pos": [0.41899477945070474, 0.13619141363899878, 0.3931094038392819], "k_pid_alt": [1.0732663280759969, 0.4624911758496177, 0.0480677470965015], "k_pid_att": [5.030699450572779, 2.163185010298548, 0.9258683398544729], "k_pid_yaw": [0.5, 1e-06, 0.1], "k_pid_hsp": [6.648716625656192, 0.3984559549539235, 0.0], "k_pid_vsp": [400.0, 379.74460065133326, 1e-06]}, "datetime": {"datetime": "2025-08-20 12:06:28", "elapsed": 843.2658967971802, "delta": 21.83439612388611}, "costs": {"total_cost": 419.8273637210511, "time_cost": 150, "final_distance_cost": 36.90693651996099, "oscillation_cost": 38.75489264551432, "completition_cost": 111.11111111111116, "overshoot_cost": 54.02942603854596, "power_cost": 15.325696545410157, "noise_cost": 13.699300860508501, "n_waypoints_completed": 8, "tot_waypoints": 9}}
{"target": -745.2388572660441, "params": {"k_pid_pos": [0.32592561456925295, 0.2577649708065531, 0.5797799369809008], "k_pid_alt": [0.9004339166340163, 0.6242924578892657, 0.24541944850643146], "k_pid_att": [34.39484022074327, 0.7304349820602032, 0.24503278161359945], "k_pid_yaw": [0.5, 1e-06, 0.1], "k_pid_hsp": [4.9333819337333775, 0.2590117246283444, 0.07649107167241742], "k_pid_vsp": [400.0, 316.45781514656636, 3.7871963374435986]}, "datetime": {"datetime": "2025-08-20 12:06:50", "elapsed": 865.0504913330078, "delta": 21.784594535827637}, "costs": {"total_cost": 745.2388572660441, "time_cost": 150, "final_distance_cost": 68.76176433661585, "oscillation_cost": 221.41719658090568, "completition_cost": 222.2222222222222, "overshoot_cost": 48.67676155758093, "power_cost": 18.90201463623047, "noise_cost": 15.258897932489035, "n_waypoints_completed": 7, "tot_waypoints": 9}}
{"target": -1259.093317754215, "params": {"k_pid_pos": [1.4540387181949281, 0.35662330369489315, 0.5599914167749516], "k_pid_alt": [0.27218151165964183, 1.0, 0.4638232099822919], "k_pid_att": [14.432557302573253, 2.2409340777693982, 0.45849674891142495], "k_pid_yaw": [0.5, 1e-06, 0.1], "k_pid_hsp": [1.8787519842661495, 0.38112261650707085, 0.6844956066861324], "k_pid_vsp": [296.15499959476244, 141.63442306640113, 141.53781762182226]}, "datetime": {"datetime": "2025-08-20 12:07:12", "elapsed": 887.5021734237671, "delta": 22.451682090759277}, "costs": {"total_cost": 1259.093317754215, "time_cost": 150, "final_distance_cost": 84.57365705940074, "oscillation_cost": 278.7379607232571, "completition_cost": 666.6666666666667, "overshoot_cost": 44.73358965759956, "power_cost": 19.863673999023437, "noise_cost": 14.517769648267212, "n_waypoints_completed": 3, "tot_waypoints": 9}}
{"target": -391.2724572210411, "params": {"k_pid_pos": [1.8469524781034627, 0.39089098055493543, 0.6616149132437482], "k_pid_alt": [0.9992124136417307, 0.5008144918774833, 0.49522175501534615], "k_pid_att": [46.31838634072057, 0.0001, 0.7561522534062942], "k_pid_yaw": [0.5, 1e-06, 0.1], "k_pid_hsp": [3.9332796777951025, 0.33743777816041964, 0.3828678905717187], "k_pid_vsp": [178.72780812828037, 315.2653545904946, 49.482187923957746]}, "datetime": {"datetime": "2025-08-20 12:07:32", "elapsed": 907.0530636310577, "delta": 19.55089020729065}, "costs": {"total_cost": 391.2724572210411, "time_cost": 88.744, "final_distance_cost": 1.7194756380002265, "oscillation_cost": 216.95467236252819, "completition_cost": 0.0, "overshoot_cost": 52.79062544572888, "power_cost": 17.178819445800784, "noise_cost": 13.884864328983031, "n_waypoints_completed": 9, "tot_waypoints": 9}}
{"target": -8652.81930179455, "params": {"k_pid_pos": [0.39293317846531783, 0.029372166926650737, 0.2741387097894409], "k_pid_alt": [2.0, 0.07313497097971722, 0.10478171862412637], "k_pid_att": [0.0, 2.242468876354932, 0.0], "k_pid_yaw": [0.5, 1e-06, 0.1], "k_pid_hsp": [1.0295201453830265, 0.0427570869627573, 0.08696316309447721], "k_pid_vsp": [296.3243613381829, 1e-06, 68.934885210437]}, "datetime": {"datetime": "2025-08-20 12:07:54", "elapsed": 929.254314661026, "delta": 22.20125102996826}, "costs": {"total_cost": 8652.81930179455, "time_cost": 150, "final_distance_cost": 1355.3808068429971, "oscillation_cost": 2255.798641304876, "completition_cost": 1000.0, "overshoot_cost": 3754.449718995016, "power_cost": 35.56036571044922, "noise_cost": 101.62976894121218, "n_waypoints_completed": 0, "tot_waypoints": 9}}
{"target": -849.9575952544222, "params": {"k_pid_pos": [1.9562187887922822, 0.0, 0.24656291485574197], "k_pid_alt": [0.9654169652087923, 0.09132682907893035, 0.5423850218302526], "k_pid_att": [35.97064149297966, 0.8646989723326426, 0.002671906962996684], "k_pid_yaw": [0.5, 1e-06, 0.1], "k_pid_hsp": [2.3892557047420566, 0.1339549712274018, 0.4133918395932719], "k_pid_vsp": [222.87853111494385, 228.4282494278275, 134.07946892676725]}, "datetime": {"datetime": "2025-08-20 12:08:16", "elapsed": 951.3722178936005, "delta": 22.117903232574463}, "costs": {"total_cost": 849.9575952544222, "time_cost": 150, "final_distance_cost": 74.44568277717228, "oscillation_cost": 211.9227443964254, "completition_cost": 333.33333333333337, "overshoot_cost": 43.691299548293266, "power_cost": 21.090600036621094, "noise_cost": 15.473935162576678, "n_waypoints_completed": 6, "tot_waypoints": 9}}
{"target": -352.27190447335863, "params": {"k_pid_pos": [1.8237214751857287, 0.0, 0.5054492828349324], "k_pid_alt": [1.855994167809324, 0.6249504657900052, 0.0], "k_pid_att": [54.16531000377339, 0.2660488456044973, 0.0], "k_pid_yaw": [0.5, 1e-06, 0.1], "k_pid_hsp": [3.692302134478389, 0.0, 0.3228235475741476], "k_pid_vsp": [158.80527878393048, 183.17210438481894, 25.87168937638945]}, "datetime": {"datetime": "2025-08-20 12:08:33", "elapsed": 968.1891205310822, "delta": 16.81690263748169}, "costs": {"total_cost": 352.27190447335863, "time_cost": 75.984, "final_distance_cost": 1.7856569138464167, "oscillation_cost": 193.5858106802903, "completition_cost": 0.0, "overshoot_cost": 51.37170750756188, "power_cost": 16.72845074462891, "noise_cost": 12.81627862703114, "n_waypoints_completed": 9, "tot_waypoints": 9}}
{"target": -723.0839143362169, "params": {"k_pid_pos": [1.4679308727659073, 0.5117804395520388, 0.0], "k_pid_alt": [1.475263608344086, 0.427737898158991, 0.681950207595638], "k_pid_att": [77.43445758033998, 0.0001, 0.6115338494650904], "k_pid_yaw": [0.5, 1e-06, 0.1], "k_pid_hsp": [0.0001, 0.1517317744633227, 0.03891267595218373], "k_pid_vsp": [380.4899193752369, 1e-06, 17.002663571963144]}, "datetime": {"datetime": "2025-08-20 12:08:55", "elapsed": 990.4555277824402, "delta": 22.266407251358032}, "costs": {"total_cost": 723.0839143362169, "time_cost": 150, "final_distance_cost": 64.5470740857074, "oscillation_cost": 72.77657729388457, "completition_cost": 333.33333333333337, "overshoot_cost": 69.78236316978864, "power_cost": 18.035520434570312, "noise_cost": 14.60904601893262, "n_waypoints_completed": 6, "tot_waypoints": 9}}
{"target": -649.8679050260951, "params": {"k_pid_pos": [0.3106467117203776, 0.6338362871840222, 0.41568639958902476], "k_pid_alt": [0.807784493179451, 0.0, 1.0], "k_pid_att": [25.296765977740833, 3.8352686909987646, 0.3261115203869272], "k_pid_yaw": [0.5, 1e-06, 0.1], "k_pid_hsp": [4.436159409543968, 0.09029389722445652, 0.24425853950383294], "k_pid_vsp": [400.0, 24.78583600979412, 1e-06]}, "datetime": {"datetime": "2025-08-20 12:09:17", "elapsed": 1012.4251224994659, "delta": 21.969594717025757}, "costs": {"total_cost": 649.8679050260951, "time_cost": 150, "final_distance_cost": 63.76171085422853, "oscillation_cost": 238.81727419024338, "completition_cost": 111.11111111111116, "overshoot_cost": 51.56960248734785, "power_cost": 19.019647778320312, "noise_cost": 15.588558604843817, "n_waypoints_completed": 8, "tot_waypoints": 9}}
{"target": -464.83409614424124, "params": {"k_pid_pos": [1.029565650821909, 0.5169168316061942, 0.0], "k_pid_alt": [1.0787506153478377, 0.11161436601288562, 0.48795007319889777], "k_pid_att": [51.55663423587393, 10.0, 0.7799640585325985], "k_pid_yaw": [0.5, 1e-06, 0.1], "k_pid_hsp": [4.630323512669719, 0.0, 0.05009433908622372], "k_pid_vsp": [210.1648883765498, 174.4320480423511, 45.3719120744388]}, "datetime": {"datetime": "2025-08-20 12:09:41", "elapsed": 1036.1697697639465, "delta": 23.74464726448059}, "costs": {"total_cost": 464.83409614424124, "time_cost": 150, "final_distance_cost": 52.953704491279694, "oscillation_cost": 70.45432976043206, "completition_cost": 111.11111111111116, "overshoot_cost": 48.803159105580875, "power_cost": 17.755329162597658, "noise_cost": 13.756462513239793, "n_waypoints_completed": 8, "tot_waypoints": 9}}
{"target": -266.8259753959812, "params": {"k_pid_pos": [1.5331133579889018, 0.5301871770715296, 0.19355348987805154], "k_pid_alt": [1.186936050501118, 0.5608006229721917, 0.7809333689904224], "k_pid_att": [65.75751836887365, 0.0001, 0.6642434071230905], "k_pid_yaw": [0.5, 1e-06, 0.1], "k_pid_hsp": [5.776270327940007, 0.0, 0.038872088991376064], "k_pid_vsp": [71.91084998116058, 316.60503896172645, 66.5720348911095]}, "datetime": {"datetime": "2025-08-20 12:10:01", "elapsed": 1055.7689542770386, "delta": 19.59918451309204}, "costs": {"total_cost": 266.8259753959812, "time_cost": 89.912, "final_distance_cost": 1.7617053763455557, "oscillation_cost": 89.74719585994262, "completition_cost": 0.0, "overshoot_cost": 53.86006853507941, "power_cost": 17.453010803222657, "noise_cost": 14.091994821390891, "n_waypoints_completed": 9, "tot_waypoints": 9}}
{"target": -1353.5225590289224, "params": {"k_pid_pos": [0.13945840892443928, 0.29587528703248783, 0.38956377145612126], "k_pid_alt": [0.0, 0.8889764379892396, 0.8099926660437577], "k_pid_att": [28.25793123253457, 3.2386789359732546, 0.8593768657734057], "k_pid_yaw": [0.5, 1e-06, 0.1], "k_pid_hsp": [1.5171249016687691, 0.054164069458233204, 0.1666407096531449], "k_pid_vsp": [142.11491427965902, 90.75822309763583, 51.129867425310074]}, "datetime": {"datetime": "2025-08-20 12:10:23", "elapsed": 1077.6173717975616, "delta": 21.84841752052307}, "costs": {"total_cost": 1353.5225590289224, "time_cost": 150, "final_distance_cost": 80.76455306360494, "oscillation_cost": 267.06668153654516, "completition_cost": 777.7777777777778, "overshoot_cost": 45.01368715381088, "power_cost": 18.99043189697266, "noise_cost": 13.909427600210947, "n_waypoints_completed": 2, "tot_waypoints": 9}}
{"target": -301.20717443161885, "params": {"k_pid_pos": [1.7520762567169623, 0.2841764670941598, 0.3337563857597763], "k_pid_alt": [1.3643629180384604, 0.2930208478648058, 0.0], "k_pid_att": [32.5271447515118, 6.688371823503367, 1.0], "k_pid_yaw": [0.5, 1e-06, 0.1], "k_pid_hsp": [10.0, 0.0, 0.024819352029918713], "k_pid_vsp": [400.0, 93.40516112859171, 129.86045555408575]}, "datetime": {"datetime": "2025-08-20 12:10:44", "elapsed": 1099.0733535289764, "delta": 21.455981731414795}, "costs": {"total_cost": 301.20717443161885, "time_cost": 94.928, "final_distance_cost": 1.7477466182663488, "oscillation_cost": 118.2028708580386, "completition_cost": 0.0, "overshoot_cost": 55.18980205990456, "power_cost": 17.623810717773438, "noise_cost": 13.514944177635934, "n_waypoints_completed": 9, "tot_waypoints": 9}}
