{"target": -1766.2641729578575, "params": {"k_pid_pos": [1.1678798928823813, 0.47665978307766493, 0.37729821757792886], "k_pid_alt": [0.3199645885347174, 0.47507708093261164, 0.6048406439961131], "k_pid_att": [93.05745241847823, 0.0001, 0.0], "k_pid_yaw": [0.5, 1e-06, 0.1], "k_pid_hsp": [0.0001, 0.014145042239038416, 0.3395114584309848], "k_pid_vsp": [273.4579883274873, 332.86126426364444, 157.229243000895]}, "datetime": {"datetime": "2025-08-20 12:11:06", "elapsed": 1120.6789734363556, "delta": 21.60561990737915}, "costs": {"total_cost": 1766.2641729578575, "time_cost": 150, "final_distance_cost": 49.29584767409392, "oscillation_cost": 460.8901814758206, "completition_cost": 1000.0, "overshoot_cost": 68.43876573496071, "power_cost": 21.412702307128907, "noise_cost": 16.226675765853297, "n_waypoints_completed": 0, "tot_waypoints": 9}}
{"target": -795.708932000792, "params": {"k_pid_pos": [1.031148084993809, 0.29323905221533686, 0.26099507795960736], "k_pid_alt": [0.5354157658981459, 0.0, 0.774923555485327], "k_pid_att": [12.299736890428745, 0.725584728735767, 0.0], "k_pid_yaw": [0.5, 1e-06, 0.1], "k_pid_hsp": [2.2754730782355526, 0.0, 0.7047353556267231], "k_pid_vsp": [400.0, 80.61446783844501, 16.838454363953172]}, "datetime": {"datetime": "2025-08-20 12:11:27", "elapsed": 1142.435750246048, "delta": 21.756776809692383}, "costs": {"total_cost": 795.708932000792, "time_cost": 150, "final_distance_cost": 66.0847279812475, "oscillation_cost": 275.134575606406, "completition_cost": 222.2222222222222, "overshoot_cost": 48.77670787618168, "power_cost": 19.231873071289062, "noise_cost": 14.258825243445528, "n_waypoints_completed": 7, "tot_waypoints": 9}}
{"target": -691.4511226902993, "params": {"k_pid_pos": [1.200705419670512, 0.6228958336083862, 0.53061323268765], "k_pid_alt": [0.9039994686996248, 0.40250069232222296, 0.7835638624017522], "k_pid_att": [22.388781040150935, 2.168270956507239, 0.1400294572907678], "k_pid_yaw": [0.5, 1e-06, 0.1], "k_pid_hsp": [6.367474198818383, 0.0, 0.2650401650968173], "k_pid_vsp": [312.25293974320385, 265.1505978011405, 1e-06]}, "datetime": {"datetime": "2025-08-20 12:11:49", "elapsed": 1164.1410825252533, "delta": 21.705332279205322}, "costs": {"total_cost": 691.4511226902993, "time_cost": 150, "final_distance_cost": 45.90095198442883, "oscillation_cost": 297.20047374637664, "completition_cost": 111.11111111111116, "overshoot_cost": 51.213103998171896, "power_cost": 19.61662091064453, "noise_cost": 16.408860939566267, "n_waypoints_completed": 8, "tot_waypoints": 9}}
{"target": -1356.7306812144473, "params": {"k_pid_pos": [0.5863177183482732, 0.3546706916478257, 0.676707943761668], "k_pid_alt": [0.9232665418218972, 0.5888107753108933, 0.4422864462255009], "k_pid_att": [29.630697549431783, 4.056602030699044, 0.3649112276916446], "k_pid_yaw": [0.5, 1e-06, 0.1], "k_pid_hsp": [0.5135247052356119, 0.3021173113085676, 0.28406881069701895], "k_pid_vsp": [108.39214935169053, 267.70041101067306, 260.917581683923]}, "datetime": {"datetime": "2025-08-20 12:12:11", "elapsed": 1185.7165246009827, "delta": 21.57544207572937}, "costs": {"total_cost": 1356.7306812144473, "time_cost": 150, "final_distance_cost": 85.36807541283858, "oscillation_cost": 260.0956555747788, "completition_cost": 777.7777777777778, "overshoot_cost": 51.82576686586549, "power_cost": 16.916790197753908, "noise_cost": 14.746615385432449, "n_waypoints_completed": 2, "tot_waypoints": 9}}
{"target": -423.99138772596467, "params": {"k_pid_pos": [0.87577996183737, 0.0, 0.14457640365722121], "k_pid_alt": [1.669394864200956, 0.41794644418777044, 0.32656484084326043], "k_pid_att": [25.45076922294689, 2.677224855821615, 0.33232104412216656], "k_pid_yaw": [0.5, 1e-06, 0.1], "k_pid_hsp": [4.0662365343323765, 0.9430400327685414, 0.4823306727199375], "k_pid_vsp": [262.6312272095253, 97.33211475351617, 118.03395142215113]}, "datetime": {"datetime": "2025-08-20 12:12:29", "elapsed": 1204.4460134506226, "delta": 18.729488849639893}, "costs": {"total_cost": 423.99138772596467, "time_cost": 87.44800000000001, "final_distance_cost": 1.7402183394664275, "oscillation_cost": 248.1189722204389, "completition_cost": 0.0, "overshoot_cost": 53.77549942000058, "power_cost": 18.963180004882812, "noise_cost": 13.94551774117594, "n_waypoints_completed": 9, "tot_waypoints": 9}}
{"target": -2970.241233060716, "params": {"k_pid_pos": [0.9407235739504287, 0.0, 0.2766811141775528], "k_pid_alt": [1.2105546014936153, 0.273827236385394, 0.45696925598844357], "k_pid_att": [0.0, 0.31147754256544485, 0.35807235497146567], "k_pid_yaw": [0.5, 1e-06, 0.1], "k_pid_hsp": [0.0001, 0.06515300541664551, 0.12005355152902904], "k_pid_vsp": [400.0, 71.0049369507574, 1e-06]}, "datetime": {"datetime": "2025-08-20 12:12:51", "elapsed": 1226.3282279968262, "delta": 21.882214546203613}, "costs": {"total_cost": 2970.241233060716, "time_cost": 150, "final_distance_cost": 519.1564137930421, "oscillation_cost": 419.5051238701868, "completition_cost": 888.8888888888888, "overshoot_cost": 885.7042047718168, "power_cost": 32.231830578613284, "noise_cost": 74.75477115816797, "n_waypoints_completed": 1, "tot_waypoints": 9}}
{"target": -503.28125486208603, "params": {"k_pid_pos": [1.0542606191909254, 0.0, 0.25285657883527995], "k_pid_alt": [1.3518714657866469, 0.6277043729293291, 0.8001587809793377], "k_pid_att": [39.23577872220711, 8.179748518451952, 0.42766080393763667], "k_pid_yaw": [0.5, 1e-06, 0.1], "k_pid_hsp": [0.9362091124820572, 0.7335049824721883, 0.26887351180708724], "k_pid_vsp": [0.0, 189.01957031909276, 1e-06]}, "datetime": {"datetime": "2025-08-20 12:13:14", "elapsed": 1248.5239386558533, "delta": 22.1957106590271}, "costs": {"total_cost": 503.28125486208603, "time_cost": 150, "final_distance_cost": 30.08136214697548, "oscillation_cost": 116.9933366897115, "completition_cost": 111.11111111111116, "overshoot_cost": 58.29989403966871, "power_cost": 21.21096416015625, "noise_cost": 15.584586714462931, "n_waypoints_completed": 8, "tot_waypoints": 9}}
{"target": -1414.715372337016, "params": {"k_pid_pos": [0.0205781823812546, 0.0, 0.8698634425282252], "k_pid_alt": [2.0, 0.802903177651782, 0.8908633600851835], "k_pid_att": [18.636110879791264, 1.228224765705044, 0.30570328393300134], "k_pid_yaw": [0.5, 1e-06, 0.1], "k_pid_hsp": [5.362979175093834, 0.14145351765405442, 0.007436160958877558], "k_pid_vsp": [356.6306626052198, 89.02596474861217, 325.7418436059604]}, "datetime": {"datetime": "2025-08-20 12:13:35", "elapsed": 1270.2101256847382, "delta": 21.686187028884888}, "costs": {"total_cost": 1414.715372337016, "time_cost": 150, "final_distance_cost": 80.2309068641584, "oscillation_cost": 47.4503819423277, "completition_cost": 1000.0, "overshoot_cost": 75.19785768637347, "power_cost": 36.189492504882814, "noise_cost": 25.646733339273847, "n_waypoints_completed": 0, "tot_waypoints": 9}}
{"target": -645.4182377194447, "params": {"k_pid_pos": [1.744371700114063, 0.8954160731229764, 0.0], "k_pid_alt": [2.0, 0.0, 0.30504527362509176], "k_pid_att": [26.285359799958872, 1.6301938198196966, 0.34624305815861983], "k_pid_yaw": [0.5, 1e-06, 0.1], "k_pid_hsp": [3.1279513216370476, 0.0, 0.12449603428890214], "k_pid_vsp": [400.0, 1e-06, 200.52083246104016]}, "datetime": {"datetime": "2025-08-20 12:13:57", "elapsed": 1292.0039234161377, "delta": 21.793797731399536}, "costs": {"total_cost": 645.4182377194447, "time_cost": 150, "final_distance_cost": 72.71485208815679, "oscillation_cost": 104.42103474322613, "completition_cost": 222.2222222222222, "overshoot_cost": 61.19855247640778, "power_cost": 20.02294110107422, "noise_cost": 14.838635088357549, "n_waypoints_completed": 7, "tot_waypoints": 9}}
{"target": -359.79912788301937, "params": {"k_pid_pos": [1.7821128650998317, 0.03266266308197998, 0.7532422192104754], "k_pid_alt": [1.0348158433083636, 0.028365172997120602, 0.2977701264132136], "k_pid_att": [50.55901240786098, 0.0001, 0.5235922470943423], "k_pid_yaw": [0.5, 1e-06, 0.1], "k_pid_hsp": [4.750903634308992, 0.0, 0.2474334476420156], "k_pid_vsp": [130.09163545894, 1e-06, 42.3888178061812]}, "datetime": {"datetime": "2025-08-20 12:14:14", "elapsed": 1309.0529913902283, "delta": 17.049067974090576}, "costs": {"total_cost": 359.79912788301937, "time_cost": 79.64, "final_distance_cost": 1.8268021377264883, "oscillation_cost": 193.89776796682136, "completition_cost": 0.0, "overshoot_cost": 52.805699733274686, "power_cost": 17.90331827392578, "noise_cost": 13.725539771271022, "n_waypoints_completed": 9, "tot_waypoints": 9}}
{"target": -744.4087576446841, "params": {"k_pid_pos": [1.9441399768063807, 0.7515465381868415, 0.09776678718260502], "k_pid_alt": [1.3431714634539655, 0.20481367753633253, 0.0], "k_pid_att": [29.472979108180933, 0.0001, 0.42673441375042137], "k_pid_yaw": [0.5, 1e-06, 0.1], "k_pid_hsp": [4.508823866665197, 0.8490024268740469, 0.25721537524783855], "k_pid_vsp": [235.21692070250387, 179.10431695660637, 1e-06]}, "datetime": {"datetime": "2025-08-20 12:14:36", "elapsed": 1331.174429655075, "delta": 22.1214382648468}, "costs": {"total_cost": 744.4087576446841, "time_cost": 150, "final_distance_cost": 71.47920391137144, "oscillation_cost": 100.86538877369665, "completition_cost": 333.33333333333337, "overshoot_cost": 51.34676866321827, "power_cost": 20.832028393554687, "noise_cost": 16.552034569509672, "n_waypoints_completed": 6, "tot_waypoints": 9}}
{"target": -341.28360295494804, "params": {"k_pid_pos": [2.0, 0.06741680503929422, 0.40807142409662434], "k_pid_alt": [1.1076135906623554, 0.2885507105957805, 0.48100912355290415], "k_pid_att": [53.395015130033805, 0.0001, 0.0], "k_pid_yaw": [0.5, 1e-06, 0.1], "k_pid_hsp": [5.3253675059716254, 0.08716335748779296, 0.5204332661979847], "k_pid_vsp": [97.9858855234019, 103.08353027652333, 47.318370934561806]}, "datetime": {"datetime": "2025-08-20 12:14:54", "elapsed": 1349.0578875541687, "delta": 17.883457899093628}, "costs": {"total_cost": 341.28360295494804, "time_cost": 81.04, "final_distance_cost": 1.744292265571187, "oscillation_cost": 174.48427731750408, "completition_cost": 0.0, "overshoot_cost": 55.384814303183106, "power_cost": 15.856085937500001, "noise_cost": 12.774133131189636, "n_waypoints_completed": 9, "tot_waypoints": 9}}
{"target": -197.70905322571036, "params": {"k_pid_pos": [1.7171344538516837, 0.01189972233114441, 0.5753643687746214], "k_pid_alt": [1.1493282948142587, 0.5290137794186073, 0.014890845347754459], "k_pid_att": [42.52246809331048, 3.0625448886496964, 0.8982798760926102], "k_pid_yaw": [0.5, 1e-06, 0.1], "k_pid_hsp": [2.915847839665583, 0.08111058345914217, 0.0], "k_pid_vsp": [128.61538090770657, 259.91673902587667, 36.2380454413647]}, "datetime": {"datetime": "2025-08-20 12:15:11", "elapsed": 1365.5534698963165, "delta": 16.495582342147827}, "costs": {"total_cost": 197.70905322571036, "time_cost": 75.68, "final_distance_cost": 1.772156406035512, "oscillation_cost": 45.41913590967866, "completition_cost": 0.0, "overshoot_cost": 51.787894435679284, "power_cost": 12.924734533691407, "noise_cost": 10.125131940625497, "n_waypoints_completed": 9, "tot_waypoints": 9}}
{"target": -792.0617875904778, "params": {"k_pid_pos": [1.3336927238847036, 0.34001277665303403, 0.5295500811444952], "k_pid_alt": [1.7671989536245478, 0.21380126080789577, 0.6506219058915321], "k_pid_att": [24.12761745987653, 0.18049926305089267, 0.5784132471270917], "k_pid_yaw": [0.5, 1e-06, 0.1], "k_pid_hsp": [2.233105129946648, 0.0, 0.15344211603763536], "k_pid_vsp": [99.74647797545424, 91.06435025739547, 6.049139777241483]}, "datetime": {"datetime": "2025-08-20 12:15:32", "elapsed": 1387.433790922165, "delta": 21.88032102584839}, "costs": {"total_cost": 792.0617875904778, "time_cost": 150, "final_distance_cost": 65.98745255244155, "oscillation_cost": 275.45021605389957, "completition_cost": 222.2222222222222, "overshoot_cost": 43.98458367333881, "power_cost": 18.82076239013672, "noise_cost": 15.596550698439097, "n_waypoints_completed": 7, "tot_waypoints": 9}}
{"target": -1259.7518310642838, "params": {"k_pid_pos": [0.5389250206525045, 0.2995606090235767, 0.18002682196314912], "k_pid_alt": [1.9899649813212197, 0.029507054150265017, 0.5677472646766998], "k_pid_att": [83.28841104864686, 0.7893252789518884, 0.6119407171984247], "k_pid_yaw": [0.5, 1e-06, 0.1], "k_pid_hsp": [0.0001, 0.0, 0.049714636655353465], "k_pid_vsp": [123.34027423148946, 189.64851697383654, 1e-06]}, "datetime": {"datetime": "2025-08-20 12:15:54", "elapsed": 1409.2762560844421, "delta": 21.84246516227722}, "costs": {"total_cost": 1259.7518310642838, "time_cost": 150, "final_distance_cost": 58.77886244488296, "oscillation_cost": 55.375113088348186, "completition_cost": 888.8888888888888, "overshoot_cost": 76.98625727785905, "power_cost": 15.65540096435547, "noise_cost": 14.06730839994935, "n_waypoints_completed": 1, "tot_waypoints": 9}}
{"target": -1259.4179918556729, "params": {"k_pid_pos": [0.0001, 0.13579885944850248, 0.3645886235042944], "k_pid_alt": [1.4914257337581518, 0.5504555856024896, 0.0], "k_pid_att": [62.55709734557622, 0.6893864092684755, 0.12425620935709562], "k_pid_yaw": [0.5, 1e-06, 0.1], "k_pid_hsp": [0.0001, 0.12547715557691588, 0.0], "k_pid_vsp": [78.64471461507044, 1e-06, 1e-06]}, "datetime": {"datetime": "2025-08-20 12:16:16", "elapsed": 1431.1386904716492, "delta": 21.86243438720703}, "costs": {"total_cost": 1259.4179918556729, "time_cost": 150, "final_distance_cost": 47.68304314453498, "oscillation_cost": 36.911275443111805, "completition_cost": 888.8888888888888, "overshoot_cost": 108.92539702757831, "power_cost": 13.693492260742188, "noise_cost": 13.315895090816598, "n_waypoints_completed": 1, "tot_waypoints": 9}}
{"target": -270.1123349929835, "params": {"k_pid_pos": [1.0892722550158904, 0.2715958223771453, 0.2910092328139357], "k_pid_alt": [1.0525614756721224, 0.0, 0.6045081101390671], "k_pid_att": [16.71157901657061, 2.1785531839745578, 0.5353064147291254], "k_pid_yaw": [0.5, 1e-06, 0.1], "k_pid_hsp": [4.38060978468154, 0.11028797842012283, 0.09817292621335949], "k_pid_vsp": [145.55653223963935, 75.18351559884046, 95.84645557589685]}, "datetime": {"datetime": "2025-08-20 12:16:37", "elapsed": 1451.8432202339172, "delta": 20.704529762268066}, "costs": {"total_cost": 270.1123349929835, "time_cost": 96.128, "final_distance_cost": 1.864765757912757, "oscillation_cost": 86.97328317045869, "completition_cost": 0.0, "overshoot_cost": 55.60063864529411, "power_cost": 14.444224938964844, "noise_cost": 15.101422480353119, "n_waypoints_completed": 9, "tot_waypoints": 9}}
{"target": -3635.1735028199205, "params": {"k_pid_pos": [1.9107138263807961, 0.376164787355778, 0.5670269848735519], "k_pid_alt": [0.076381613928444, 0.0, 0.0], "k_pid_att": [0.0, 1.8852820594950679, 0.2117671756216135], "k_pid_yaw": [0.5, 1e-06, 0.1], "k_pid_hsp": [8.239828381906355, 0.34083508343769503, 0.0], "k_pid_vsp": [400.0, 1e-06, 19.332598605556587]}, "datetime": {"datetime": "2025-08-20 12:17:00", "elapsed": 1474.6447579860687, "delta": 22.80153775215149}, "costs": {"total_cost": 3635.1735028199205, "time_cost": 150, "final_distance_cost": 340.8954595238907, "oscillation_cost": 1548.7389029938556, "completition_cost": 1000.0, "overshoot_cost": 457.547055130075, "power_cost": 36.379864465332034, "noise_cost": 101.6122207067674, "n_waypoints_completed": 0, "tot_waypoints": 9}}
{"target": -317.14933653961765, "params": {"k_pid_pos": [1.5395634510143656, 0.22060136713784492, 0.5460231912215247], "k_pid_alt": [1.513194189994768, 0.46234341512341937, 0.4908003217628331], "k_pid_att": [19.371764929444073, 0.3056861810161618, 0.3647951580207023], "k_pid_yaw": [0.5, 1e-06, 0.1], "k_pid_hsp": [1.178766991939187, 0.0, 0.05792235397873736], "k_pid_vsp": [26.32447637863541, 1e-06, 17.49477211449251]}, "datetime": {"datetime": "2025-08-20 12:17:21", "elapsed": 1495.5486001968384, "delta": 20.903842210769653}, "costs": {"total_cost": 317.14933653961765, "time_cost": 97.512, "final_distance_cost": 1.722430947585235, "oscillation_cost": 117.16649388786176, "completition_cost": 0.0, "overshoot_cost": 60.61737706179437, "power_cost": 22.88707108154297, "noise_cost": 17.243963560833308, "n_waypoints_completed": 9, "tot_waypoints": 9}}
{"target": -833.865791471871, "params": {"k_pid_pos": [2.0, 0.3972008411894978, 0.0], "k_pid_alt": [1.635160402859339, 0.2779467244408222, 0.6055007969063606], "k_pid_att": [28.4798684906519, 0.0001, 0.7500782196902644], "k_pid_yaw": [0.5, 1e-06, 0.1], "k_pid_hsp": [3.0513033491064956, 0.0726084502640942, 0.5588134773633336], "k_pid_vsp": [349.6171161029729, 4.308945270327541, 166.01270950900332]}, "datetime": {"datetime": "2025-08-20 12:17:42", "elapsed": 1517.4787075519562, "delta": 21.930107355117798}, "costs": {"total_cost": 833.865791471871, "time_cost": 150, "final_distance_cost": 61.27374446839237, "oscillation_cost": 183.57549510495647, "completition_cost": 333.33333333333337, "overshoot_cost": 65.727818541121, "power_cost": 23.419759411621094, "noise_cost": 16.535640612446727, "n_waypoints_completed": 6, "tot_waypoints": 9}}
{"target": -213.15631594790702, "params": {"k_pid_pos": [1.8473680414868097, 0.0, 0.8968415133663626], "k_pid_alt": [1.0826342387728263, 0.28897928516716004, 0.4120399539271243], "k_pid_att": [58.89907506131109, 0.10959248819515245, 0.5382186035541375], "k_pid_yaw": [0.5, 1e-06, 0.1], "k_pid_hsp": [3.9177419041127557, 0.2317633619793389, 0.0], "k_pid_vsp": [212.57987127130286, 320.74645181756017, 37.32721633558443]}, "datetime": {"datetime": "2025-08-20 12:17:59", "elapsed": 1534.3697860240936, "delta": 16.89107847213745}, "costs": {"total_cost": 213.15631594790702, "time_cost": 76.176, "final_distance_cost": 1.7990380803216262, "oscillation_cost": 48.81598460647863, "completition_cost": 0.0, "overshoot_cost": 50.019210371581494, "power_cost": 21.392050781250003, "noise_cost": 14.954032108275277, "n_waypoints_completed": 9, "tot_waypoints": 9}}
{"target": -1357.2604192392769, "params": {"k_pid_pos": [0.0001, 0.28805595373751813, 0.563395907242316], "k_pid_alt": [0.3737198893494067, 0.23924876599633826, 0.33964142736723973], "k_pid_att": [90.72672000470516, 0.06577630692634417, 0.6404110506372988], "k_pid_yaw": [0.5, 1e-06, 0.1], "k_pid_hsp": [0.0001, 0.047668602558676755, 0.0], "k_pid_vsp": [0.0, 1e-06, 2.454498163685969]}, "datetime": {"datetime": "2025-08-20 12:18:21", "elapsed": 1555.789176940918, "delta": 21.41939091682434}, "costs": {"total_cost": 1357.2604192392769, "time_cost": 150, "final_distance_cost": 2.8697671765403965, "oscillation_cost": 10.830102656567716, "completition_cost": 1000.0, "overshoot_cost": 136.06653972705266, "power_cost": 8.417030554199219, "noise_cost": 49.076979124916676, "n_waypoints_completed": 0, "tot_waypoints": 9}}
{"target": -306.03551378916427, "params": {"k_pid_pos": [2.0, 0.2602968513314102, 0.2038377309315138], "k_pid_alt": [1.0616682249145835, 0.46359093562144515, 0.1463085416094612], "k_pid_att": [18.685057370281495, 0.2799407475535611, 0.8996216264303509], "k_pid_yaw": [0.5, 1e-06, 0.1], "k_pid_hsp": [7.991355724484742, 0.12120241529601633, 0.16709140799923627], "k_pid_vsp": [77.42064209695549, 116.1049453803434, 46.619262437828205]}, "datetime": {"datetime": "2025-08-20 12:18:40", "elapsed": 1574.7920889854431, "delta": 19.002912044525146}, "costs": {"total_cost": 306.03551378916427, "time_cost": 86.656, "final_distance_cost": 1.7252388586931722, "oscillation_cost": 135.75939117847926, "completition_cost": 0.0, "overshoot_cost": 54.014171665157605, "power_cost": 15.254744873046876, "noise_cost": 12.625967213787323, "n_waypoints_completed": 9, "tot_waypoints": 9}}
{"target": -907.293412999062, "params": {"k_pid_pos": [0.7684732420740668, 0.13471086629435028, 0.0], "k_pid_alt": [1.8611898058032166, 0.0, 0.6024251819883463], "k_pid_att": [20.047024515040146, 0.0001, 0.724568836012641], "k_pid_yaw": [0.5, 1e-06, 0.1], "k_pid_hsp": [0.0001, 0.005114126136381098, 0.07365616252352329], "k_pid_vsp": [181.57987247033347, 59.48827491333598, 1e-06]}, "datetime": {"datetime": "2025-08-20 12:19:02", "elapsed": 1596.9764876365662, "delta": 22.184398651123047}, "costs": {"total_cost": 907.293412999062, "time_cost": 150, "final_distance_cost": 40.38823670653756, "oscillation_cost": 37.58307603507428, "completition_cost": 555.5555555555555, "overshoot_cost": 94.08673188625673, "power_cost": 15.804725195312502, "noise_cost": 13.87508762032545, "n_waypoints_completed": 4, "tot_waypoints": 9}}
{"target": -225.0456176253144, "params": {"k_pid_pos": [1.164127497533512, 0.49789663471054535, 0.3580237124491621], "k_pid_alt": [1.5936692850914123, 0.0, 0.5645934726347109], "k_pid_att": [14.991801173070641, 0.0001, 0.8433530556639773], "k_pid_yaw": [0.5, 1e-06, 0.1], "k_pid_hsp": [2.002699284842073, 0.0, 0.12314688084035462], "k_pid_vsp": [238.13240942407404, 1e-06, 1e-06]}, "datetime": {"datetime": "2025-08-20 12:19:19", "elapsed": 1614.2192814350128, "delta": 17.242793798446655}, "costs": {"total_cost": 225.0456176253144, "time_cost": 80.504, "final_distance_cost": 1.800287705422689, "oscillation_cost": 62.88804048216565, "completition_cost": 0.0, "overshoot_cost": 52.64483623898381, "power_cost": 14.30024422607422, "noise_cost": 12.908208972668042, "n_waypoints_completed": 9, "tot_waypoints": 9}}
