{"target": -170.37281578796674, "params": {"k_pid_pos": [0.7561023518139347, 0.0033203863029526606, 0.00888420210556668], "k_pid_alt": [1.531314598940284, 0.00014608740008960266, 0.0045178924317873575], "k_pid_att": [30.985370680379827, 7.573563227578174, 0.48100067603858426], "k_pid_yaw": [0.5, 1e-06, 0.1], "k_pid_hsp": [0.12389298765658652, 0.01016205150439725, 0.0], "k_pid_vsp": [183.43196267358687, 320.11679791048715, 0.8087001630421043]}, "datetime": {"datetime": "2025-08-20 17:57:55", "elapsed": 21929.62482070923, "delta": 15.277215480804443}, "costs": {"total_cost": 170.37281578796674, "time_cost": 69.648, "final_distance_cost": 1.8120916149986896, "oscillation_cost": 26.074066557311347, "completition_cost": 0.0, "overshoot_cost": 49.71812625724431, "power_cost": 12.025116271972657, "noise_cost": 11.095415086439749, "n_waypoints_completed": 9, "tot_waypoints": 9}}
{"target": -173.66131335655118, "params": {"k_pid_pos": [0.7601758703327836, 0.0014188118063123978, 0.011011854472192432], "k_pid_alt": [1.8983747496303927, 0.0001407454406149929, 0.0018396606612169223], "k_pid_att": [50.24894944895092, 7.791280329695371, 0.5194995716526832], "k_pid_yaw": [0.5, 1e-06, 0.1], "k_pid_hsp": [0.06934585279365578, 0.009682828968987338, 0.0], "k_pid_vsp": [339.1773447427055, 211.4277075184464, 0.8511965384761027]}, "datetime": {"datetime": "2025-08-20 17:58:12", "elapsed": 21946.998173952103, "delta": 17.373353242874146}, "costs": {"total_cost": 173.66131335655118, "time_cost": 72.848, "final_distance_cost": 1.8026739113195636, "oscillation_cost": 23.56487964528896, "completition_cost": 0.0, "overshoot_cost": 51.38312631528803, "power_cost": 12.560321484375, "noise_cost": 11.50231200027963, "n_waypoints_completed": 9, "tot_waypoints": 9}}
{"target": -170.560881695648, "params": {"k_pid_pos": [0.6915427326220018, 0.002421359616426911, 0.013914460709823015], "k_pid_alt": [1.8814622530505476, 8.371201026429645e-05, 0.0], "k_pid_att": [25.344504170825974, 9.635562338698094, 0.6434556358059554], "k_pid_yaw": [0.5, 1e-06, 0.1], "k_pid_hsp": [0.0847722421109393, 0.010629972275786168, 0.0], "k_pid_vsp": [233.36019988791418, 254.65547977366282, 0.44340357863268726]}, "datetime": {"datetime": "2025-08-20 17:58:27", "elapsed": 21962.494876384735, "delta": 15.496702432632446}, "costs": {"total_cost": 170.560881695648, "time_cost": 71.608, "final_distance_cost": 1.7898678168794189, "oscillation_cost": 23.667406120059436, "completition_cost": 0.0, "overshoot_cost": 50.192869466438125, "power_cost": 12.0274099609375, "noise_cost": 11.2753283313335, "n_waypoints_completed": 9, "tot_waypoints": 9}}
{"target": -170.49872035394085, "params": {"k_pid_pos": [0.5556185126648716, 0.0027138868385719246, 0.012373845672301763], "k_pid_alt": [2.0, 0.0001663907625730098, 0.0018420435503719926], "k_pid_att": [35.79568577940261, 7.9504622984141, 0.4604906630208503], "k_pid_yaw": [0.5, 1e-06, 0.1], "k_pid_hsp": [0.12469573416107849, 0.00871281548607229, 0.0], "k_pid_vsp": [400.0, 210.9634374434031, 0.539199877435567]}, "datetime": {"datetime": "2025-08-20 17:58:44", "elapsed": 21978.52460002899, "delta": 16.029723644256592}, "costs": {"total_cost": 170.49872035394085, "time_cost": 71.824, "final_distance_cost": 1.8450137988447726, "oscillation_cost": 22.96710733920373, "completition_cost": 0.0, "overshoot_cost": 50.21304474781805, "power_cost": 12.063157165527345, "noise_cost": 11.586397302546947, "n_waypoints_completed": 9, "tot_waypoints": 9}}
{"target": -172.85927922071627, "params": {"k_pid_pos": [0.7336054901724994, 0.0038380709189246333, 0.010787104750859554], "k_pid_alt": [1.9279927063306659, 0.0001100021408363337, 0.0], "k_pid_att": [37.11821337503275, 6.366100523790252, 0.5819463147246586], "k_pid_yaw": [0.5, 1e-06, 0.1], "k_pid_hsp": [0.08018024005254866, 0.005522577303679582, 0.0], "k_pid_vsp": [279.4809929764853, 228.94346124381366, 0.5990011570103332]}, "datetime": {"datetime": "2025-08-20 17:59:00", "elapsed": 21995.310012578964, "delta": 16.785412549972534}, "costs": {"total_cost": 172.85927922071627, "time_cost": 72.368, "final_distance_cost": 1.7852447763194208, "oscillation_cost": 23.300663306257512, "completition_cost": 0.0, "overshoot_cost": 51.55024654593829, "power_cost": 12.368601892089844, "noise_cost": 11.48652270011121, "n_waypoints_completed": 9, "tot_waypoints": 9}}
{"target": -172.9607730969867, "params": {"k_pid_pos": [0.8895930261575087, 0.0027334298492556995, 0.015512958112838093], "k_pid_alt": [1.6171569480271062, 0.0001252098289215453, 0.0029460883659760354], "k_pid_att": [46.63718563203256, 10.0, 0.7065466215860186], "k_pid_yaw": [0.5, 1e-06, 0.1], "k_pid_hsp": [0.10106811946087808, 0.008368756839359526, 0.0], "k_pid_vsp": [242.2958872835875, 222.0637359811897, 0.6212538314461779]}, "datetime": {"datetime": "2025-08-20 17:59:15", "elapsed": 22010.39546442032, "delta": 15.08545184135437}, "costs": {"total_cost": 172.9607730969867, "time_cost": 70.08800000000001, "final_distance_cost": 1.7748840557564962, "oscillation_cost": 26.49354187783848, "completition_cost": 0.0, "overshoot_cost": 50.448298770049135, "power_cost": 12.708194787597657, "noise_cost": 11.447853605744932, "n_waypoints_completed": 9, "tot_waypoints": 9}}
{"target": -169.68142913057258, "params": {"k_pid_pos": [0.4975324438905293, 0.004201445280944332, 0.013971512656063953], "k_pid_alt": [1.9233190022249624, 0.00011702716394834949, 0.0013705812596259762], "k_pid_att": [34.69586249143013, 7.563077341630243, 0.583807257932475], "k_pid_yaw": [0.5, 1e-06, 0.1], "k_pid_hsp": [0.0792580753244279, 0.007622578016884415, 0.0], "k_pid_vsp": [330.82772106434703, 207.97215675046155, 0.5946387131401151]}, "datetime": {"datetime": "2025-08-20 17:59:33", "elapsed": 22027.60720849037, "delta": 17.2117440700531}, "costs": {"total_cost": 169.68142913057258, "time_cost": 73.4, "final_distance_cost": 1.8074948448977681, "oscillation_cost": 19.006446101694657, "completition_cost": 0.0, "overshoot_cost": 51.46772558590577, "power_cost": 12.294435583496094, "noise_cost": 11.705327014578309, "n_waypoints_completed": 9, "tot_waypoints": 9}}
{"target": -170.9054583238347, "params": {"k_pid_pos": [0.7197303252029221, 0.001758931403121912, 0.013283795245166449], "k_pid_alt": [1.0169160010763327, 0.00012618682701843437, 0.005343921206181896], "k_pid_att": [36.611087098829564, 7.242046764281274, 0.6799967249883005], "k_pid_yaw": [0.5, 1e-06, 0.1], "k_pid_hsp": [0.12028548818926821, 0.004349337128366025, 0.0], "k_pid_vsp": [299.9979287817256, 258.82990303030243, 0.8548794358290626]}, "datetime": {"datetime": "2025-08-20 17:59:49", "elapsed": 22043.76132273674, "delta": 16.154114246368408}, "costs": {"total_cost": 170.9054583238347, "time_cost": 71.056, "final_distance_cost": 1.802518191682791, "oscillation_cost": 24.430360999425236, "completition_cost": 0.0, "overshoot_cost": 50.26555400967144, "power_cost": 12.049204272460939, "noise_cost": 11.30182085059428, "n_waypoints_completed": 9, "tot_waypoints": 9}}
{"target": -203.83751342249744, "params": {"k_pid_pos": [0.8472857498702995, 0.0020324868902586307, 0.015493067248318915], "k_pid_alt": [1.4682364329256525, 7.488759524389317e-05, 0.004120416355620718], "k_pid_att": [34.39596640374379, 7.455551641988081, 0.6472587779363205], "k_pid_yaw": [0.5, 1e-06, 0.1], "k_pid_hsp": [0.0473612546526443, 0.010500486881766089, 0.0], "k_pid_vsp": [302.40953394274203, 294.70106663394205, 0.686662588177033]}, "datetime": {"datetime": "2025-08-20 18:00:09", "elapsed": 22064.502450942993, "delta": 20.74112820625305}, "costs": {"total_cost": 203.83751342249744, "time_cost": 93.672, "final_distance_cost": 1.7861340549584372, "oscillation_cost": 24.67393652167716, "completition_cost": 0.0, "overshoot_cost": 53.665607389955184, "power_cost": 15.67812615966797, "noise_cost": 14.361709296238683, "n_waypoints_completed": 9, "tot_waypoints": 9}}
{"target": -169.86530824263627, "params": {"k_pid_pos": [0.6245875393382044, 0.0032275536347464123, 0.008308375027878517], "k_pid_alt": [2.0, 0.00011627573109267978, 0.005928075372987433], "k_pid_att": [39.82663172769467, 6.970763547188679, 0.6543401201481546], "k_pid_yaw": [0.5, 1e-06, 0.1], "k_pid_hsp": [0.09135841691968573, 0.008319608570501206, 0.0], "k_pid_vsp": [276.107496896723, 218.56452525326608, 0.7169967496690474]}, "datetime": {"datetime": "2025-08-20 18:00:26", "elapsed": 22080.813512802124, "delta": 16.31106185913086}, "costs": {"total_cost": 169.86530824263627, "time_cost": 71.47200000000001, "final_distance_cost": 1.8074460406971462, "oscillation_cost": 21.980194089105037, "completition_cost": 0.0, "overshoot_cost": 51.108387868232704, "power_cost": 12.164740026855469, "noise_cost": 11.3325402177459, "n_waypoints_completed": 9, "tot_waypoints": 9}}
{"target": -169.94930030106843, "params": {"k_pid_pos": [0.7273091809631324, 0.0022880860829231236, 0.018828255587998888], "k_pid_alt": [1.3921393826392194, 0.00011899779765239627, 0.0031042536365315995], "k_pid_att": [19.54758687550854, 5.108671875589277, 0.3911131787234991], "k_pid_yaw": [0.5, 1e-06, 0.1], "k_pid_hsp": [0.12131130118329647, 0.012676296553895827, 0.0], "k_pid_vsp": [322.47617553323545, 213.14096169472114, 0.5028479496316637]}, "datetime": {"datetime": "2025-08-20 18:00:42", "elapsed": 22096.72356748581, "delta": 15.910054683685303}, "costs": {"total_cost": 169.94930030106843, "time_cost": 70.032, "final_distance_cost": 1.8064905416705892, "oscillation_cost": 25.480892511203834, "completition_cost": 0.0, "overshoot_cost": 49.65390801367441, "power_cost": 11.830970520019532, "noise_cost": 11.145038714500098, "n_waypoints_completed": 9, "tot_waypoints": 9}}
{"target": -170.62510713749646, "params": {"k_pid_pos": [0.625041461988974, 0.0036932591803456975, 0.01327244936367443], "k_pid_alt": [1.15839740028969, 0.00014892704771766335, 0.0026317333646280893], "k_pid_att": [21.325076067540905, 7.458740158299236, 0.756918691706088], "k_pid_yaw": [0.5, 1e-06, 0.1], "k_pid_hsp": [0.10144775220485676, 0.010875869126207768, 0.0], "k_pid_vsp": [265.91909390256814, 113.52460534756834, 0.5157381628400038]}, "datetime": {"datetime": "2025-08-20 18:00:57", "elapsed": 22112.37452864647, "delta": 15.65096116065979}, "costs": {"total_cost": 170.62510713749646, "time_cost": 71.44800000000001, "final_distance_cost": 1.8181308353180654, "oscillation_cost": 23.00411226968787, "completition_cost": 0.0, "overshoot_cost": 50.200460937146, "power_cost": 12.603719665527345, "noise_cost": 11.550683429817184, "n_waypoints_completed": 9, "tot_waypoints": 9}}
{"target": -170.62073821150793, "params": {"k_pid_pos": [0.5415857315465478, 0.0035033794449378934, 0.016331901657217606], "k_pid_alt": [1.9193315830614088, 0.0001064088394317601, 0.0025982431157764926], "k_pid_att": [49.24678023713585, 10.0, 0.6165965181633457], "k_pid_yaw": [0.5, 1e-06, 0.1], "k_pid_hsp": [0.10151248680294062, 0.011560503134004757, 0.0], "k_pid_vsp": [311.8904915816083, 95.05700554566211, 0.4266189962675346]}, "datetime": {"datetime": "2025-08-20 18:01:14", "elapsed": 22128.6045255661, "delta": 16.229996919631958}, "costs": {"total_cost": 170.62073821150793, "time_cost": 72.112, "final_distance_cost": 1.8287965376692608, "oscillation_cost": 21.576254164480922, "completition_cost": 0.0, "overshoot_cost": 51.459889840732544, "power_cost": 12.0790576171875, "noise_cost": 11.564740051437695, "n_waypoints_completed": 9, "tot_waypoints": 9}}
{"target": -170.91732954945857, "params": {"k_pid_pos": [0.8274799894161416, 0.003127190779597926, 0.01454156486762522], "k_pid_alt": [2.0, 4.7232681876005086e-05, 0.004728909189771364], "k_pid_att": [40.1110575940098, 6.593991529251503, 0.9457685064077648], "k_pid_yaw": [0.5, 1e-06, 0.1], "k_pid_hsp": [0.13915458101367162, 0.008220452408646503, 0.0], "k_pid_vsp": [291.0912131668442, 246.73443180543484, 0.827068797944477]}, "datetime": {"datetime": "2025-08-20 18:01:29", "elapsed": 22143.926735639572, "delta": 15.32221007347107}, "costs": {"total_cost": 170.91732954945857, "time_cost": 69.816, "final_distance_cost": 1.8040926990766186, "oscillation_cost": 25.8802363899191, "completition_cost": 0.0, "overshoot_cost": 50.34064940304902, "power_cost": 11.990021350097656, "noise_cost": 11.08632970731616, "n_waypoints_completed": 9, "tot_waypoints": 9}}
{"target": -169.65549660803444, "params": {"k_pid_pos": [0.7479531192126542, 0.003332025029596977, 0.008650112712228646], "k_pid_alt": [1.7337153132314687, 0.000167549544247251, 0.006412297442733619], "k_pid_att": [59.52410829722709, 5.52315297619418, 1.0], "k_pid_yaw": [0.5, 1e-06, 0.1], "k_pid_hsp": [0.09989016683140102, 0.011414998016571379, 0.0], "k_pid_vsp": [373.2143528677666, 240.73079920065086, 0.3093516991647322]}, "datetime": {"datetime": "2025-08-20 18:01:45", "elapsed": 22160.452167272568, "delta": 16.525431632995605}, "costs": {"total_cost": 169.65549660803444, "time_cost": 70.528, "final_distance_cost": 1.8046596423179713, "oscillation_cost": 24.946732447890483, "completition_cost": 0.0, "overshoot_cost": 49.54752913177985, "power_cost": 11.801741625976563, "noise_cost": 11.02683376006957, "n_waypoints_completed": 9, "tot_waypoints": 9}}
{"target": -175.8933612462955, "params": {"k_pid_pos": [0.43817191426694463, 0.005451671262633916, 0.013152409683570065], "k_pid_alt": [2.0, 0.00017280874007060765, 0.003775495180504587], "k_pid_att": [50.73311921038672, 5.991592771579415, 0.6103370361975001], "k_pid_yaw": [0.5, 1e-06, 0.1], "k_pid_hsp": [0.13884450266210738, 0.010939261810015194, 0.0], "k_pid_vsp": [383.38990370214447, 174.69810459713355, 0.6544933409584811]}, "datetime": {"datetime": "2025-08-20 18:02:03", "elapsed": 22178.05346250534, "delta": 17.601295232772827}, "costs": {"total_cost": 175.8933612462955, "time_cost": 76.34400000000001, "final_distance_cost": 1.855660782058564, "oscillation_cost": 21.447584429933784, "completition_cost": 0.0, "overshoot_cost": 50.80638359203017, "power_cost": 12.725237243652344, "noise_cost": 12.71449519862066, "n_waypoints_completed": 9, "tot_waypoints": 9}}
{"target": -177.74831718351624, "params": {"k_pid_pos": [0.4014774238666769, 0.0031322954641960013, 0.011006986780048647], "k_pid_alt": [1.9823136960475989, 7.312589637963004e-05, 0.002227429875004913], "k_pid_att": [35.58712931547392, 10.0, 0.6711051628024672], "k_pid_yaw": [0.5, 1e-06, 0.1], "k_pid_hsp": [0.12199623817383938, 0.010990571253125608, 0.0], "k_pid_vsp": [361.9274958059762, 243.7231584915187, 0.8138759488953576]}, "datetime": {"datetime": "2025-08-20 18:02:20", "elapsed": 22194.75926589966, "delta": 16.705803394317627}, "costs": {"total_cost": 177.74831718351624, "time_cost": 77.984, "final_distance_cost": 1.8595765250993355, "oscillation_cost": 20.037660162863528, "completition_cost": 0.0, "overshoot_cost": 51.22498246232908, "power_cost": 13.337792102050782, "noise_cost": 13.304305931173516, "n_waypoints_completed": 9, "tot_waypoints": 9}}
{"target": -170.50484037293614, "params": {"k_pid_pos": [0.5132319657521706, 0.0022340490089152987, 0.011460252655615752], "k_pid_alt": [1.8162865986876489, 0.00011740499563052974, 0.0011786786285536415], "k_pid_att": [54.68546351203489, 8.53535792326779, 0.780155158281087], "k_pid_yaw": [0.5, 1e-06, 0.1], "k_pid_hsp": [0.10221305811814736, 0.014594795177953713, 0.0], "k_pid_vsp": [322.7163947935264, 213.05544353299425, 0.7577218246972212]}, "datetime": {"datetime": "2025-08-20 18:02:37", "elapsed": 22212.43333005905, "delta": 17.67406415939331}, "costs": {"total_cost": 170.50484037293614, "time_cost": 72.392, "final_distance_cost": 1.8454498540327091, "oscillation_cost": 21.434189974664402, "completition_cost": 0.0, "overshoot_cost": 50.62531740406705, "power_cost": 12.429960668945313, "noise_cost": 11.777922471226667, "n_waypoints_completed": 9, "tot_waypoints": 9}}
{"target": -172.18436158038432, "params": {"k_pid_pos": [0.7667959188771062, 0.003457287254502907, 0.01607839411759455], "k_pid_alt": [1.5057549408914201, 0.00018636820600861359, 0.0036445437251284227], "k_pid_att": [53.44080072586405, 10.0, 0.6516580815782064], "k_pid_yaw": [0.5, 1e-06, 0.1], "k_pid_hsp": [0.07955472567849976, 0.006926611943611598, 0.0], "k_pid_vsp": [373.80470830576434, 236.8874472131996, 0.5635926030235637]}, "datetime": {"datetime": "2025-08-20 18:02:54", "elapsed": 22229.46283173561, "delta": 17.02950167655945}, "costs": {"total_cost": 172.18436158038432, "time_cost": 72.336, "final_distance_cost": 1.7916226135959537, "oscillation_cost": 23.849913795297823, "completition_cost": 0.0, "overshoot_cost": 51.08619777868582, "power_cost": 11.895257800292969, "noise_cost": 11.225369592511758, "n_waypoints_completed": 9, "tot_waypoints": 9}}
{"target": -168.99582211260028, "params": {"k_pid_pos": [0.6180431072282154, 0.004521058016402251, 0.016018495106206475], "k_pid_alt": [2.0, 0.0001079074186956143, 0.0068992963280836905], "k_pid_att": [32.89107963859097, 9.526686261107551, 0.5787772527744758], "k_pid_yaw": [0.5, 1e-06, 0.1], "k_pid_hsp": [0.10621832606551858, 0.009466139060002224, 0.0], "k_pid_vsp": [205.63273947705852, 147.2419165651094, 0.39962050472009675]}, "datetime": {"datetime": "2025-08-20 18:03:10", "elapsed": 22244.785106420517, "delta": 15.322274684906006}, "costs": {"total_cost": 168.99582211260028, "time_cost": 71.04, "final_distance_cost": 1.8338621822866663, "oscillation_cost": 22.874429771882284, "completition_cost": 0.0, "overshoot_cost": 50.63989630535166, "power_cost": 11.484314379882813, "noise_cost": 11.12331947319682, "n_waypoints_completed": 9, "tot_waypoints": 9}}
{"target": -169.94841894911468, "params": {"k_pid_pos": [0.7737520990374391, 0.0031443322477758655, 0.012313160741419237], "k_pid_alt": [1.3922336375215891, 0.00014909604918352884, 0.0013205737313512784], "k_pid_att": [40.41509405731299, 9.116889254031568, 0.3851763442664798], "k_pid_yaw": [0.5, 1e-06, 0.1], "k_pid_hsp": [0.11369965986084514, 0.010336272085645958, 0.0], "k_pid_vsp": [333.86796553076834, 224.22238464011502, 0.7423992109640604]}, "datetime": {"datetime": "2025-08-20 18:03:26", "elapsed": 22260.632822036743, "delta": 15.847715616226196}, "costs": {"total_cost": 169.94841894911468, "time_cost": 70.032, "final_distance_cost": 1.7919495122828621, "oscillation_cost": 25.24837391308806, "completition_cost": 0.0, "overshoot_cost": 50.24033715910348, "power_cost": 11.627425061035156, "noise_cost": 11.008333303605125, "n_waypoints_completed": 9, "tot_waypoints": 9}}
{"target": -169.7699637162825, "params": {"k_pid_pos": [0.6237823472238961, 0.0029153479465248, 0.01681551388589789], "k_pid_alt": [1.40268942016021, 0.00014196707911826097, 0.0014533967925973595], "k_pid_att": [37.544843966241885, 8.400371171737284, 0.4472008080668632], "k_pid_yaw": [0.5, 1e-06, 0.1], "k_pid_hsp": [0.09719270720113272, 0.006168762895846956, 0.0], "k_pid_vsp": [104.77771597956841, 230.93863016199893, 0.6729510340697461]}, "datetime": {"datetime": "2025-08-20 18:03:41", "elapsed": 22276.00990128517, "delta": 15.377079248428345}, "costs": {"total_cost": 169.7699637162825, "time_cost": 71.112, "final_distance_cost": 1.8244498361253325, "oscillation_cost": 22.682518019356976, "completition_cost": 0.0, "overshoot_cost": 50.63396074299554, "power_cost": 12.21017117919922, "noise_cost": 11.306863938605405, "n_waypoints_completed": 9, "tot_waypoints": 9}}
{"target": -170.92071660216558, "params": {"k_pid_pos": [0.5979045347827049, 0.0049757218164984745, 0.008426825820564218], "k_pid_alt": [1.9396099747138003, 0.0001244598357852237, 0.00042291873985134815], "k_pid_att": [41.905342701571364, 9.398792874541915, 0.5151849617892778], "k_pid_yaw": [0.5, 1e-06, 0.1], "k_pid_hsp": [0.13489908695803207, 0.008209747288754411, 0.0], "k_pid_vsp": [243.98063413499384, 142.27227197208586, 0.9110761489809907]}, "datetime": {"datetime": "2025-08-20 18:03:57", "elapsed": 22292.317099571228, "delta": 16.30719828605652}, "costs": {"total_cost": 170.92071660216558, "time_cost": 71.28, "final_distance_cost": 1.8445365521227624, "oscillation_cost": 23.62155694040541, "completition_cost": 0.0, "overshoot_cost": 50.67462009547463, "power_cost": 12.003512902832032, "noise_cost": 11.496490111330756, "n_waypoints_completed": 9, "tot_waypoints": 9}}
{"target": -170.49805333003428, "params": {"k_pid_pos": [0.7670909735987673, 0.0033358575063728185, 0.00864851414455233], "k_pid_alt": [1.8439110899220872, 0.00012008692651055198, 0.00067445946802116], "k_pid_att": [36.79675349375871, 8.62663943332351, 0.6902496749792113], "k_pid_yaw": [0.5, 1e-06, 0.1], "k_pid_hsp": [0.11885328098612326, 0.009148851317281685, 0.0], "k_pid_vsp": [188.41364836675143, 231.2959075875516, 0.21916622731206611]}, "datetime": {"datetime": "2025-08-20 18:04:13", "elapsed": 22308.051330566406, "delta": 15.734230995178223}, "costs": {"total_cost": 170.49805333003428, "time_cost": 69.83200000000001, "final_distance_cost": 1.8046319421582844, "oscillation_cost": 25.56128423133667, "completition_cost": 0.0, "overshoot_cost": 50.350948355737856, "power_cost": 11.912323254394531, "noise_cost": 11.036865546406958, "n_waypoints_completed": 9, "tot_waypoints": 9}}
{"target": -169.27119522008968, "params": {"k_pid_pos": [0.4840361282418657, 0.003290580656981732, 0.010781054105663096], "k_pid_alt": [1.6234781462224548, 8.20370371066129e-05, 0.0003592278424172787], "k_pid_att": [33.75147890870611, 5.9672048887167835, 0.6610305657571044], "k_pid_yaw": [0.5, 1e-06, 0.1], "k_pid_hsp": [0.09220561426185331, 0.00607409499796033, 0.0], "k_pid_vsp": [355.2079112714271, 205.44993540400586, 0.870573531969718]}, "datetime": {"datetime": "2025-08-20 18:04:29", "elapsed": 22324.08233499527, "delta": 16.031004428863525}, "costs": {"total_cost": 169.27119522008968, "time_cost": 73.04, "final_distance_cost": 1.8399450736397072, "oscillation_cost": 19.371708139454885, "completition_cost": 0.0, "overshoot_cost": 50.91338847869353, "power_cost": 12.230784606933595, "noise_cost": 11.875368921367965, "n_waypoints_completed": 9, "tot_waypoints": 9}}
