{"target": -1032.3822337548506, "params": {"k_pid_pos": [1.6254668044952547, 0.24558612714138295, 0.6014059718538043], "k_pid_alt": [0.7027088009486147, 0.9487529220105883, 0.0340522174848259], "k_pid_att": [37.64655020529564, 5.09356339720576, 0.3440899208844368], "k_pid_yaw": [0.5, 1e-06, 0.1], "k_pid_hsp": [7.143934659988581, 0.9941689778773689, 0.9667011689658745], "k_pid_vsp": [284.3808574204101, 273.31296753672893, 299.1541292539521]}, "datetime": {"datetime": "2025-08-21 13:02:14", "elapsed": 15450.82806968689, "delta": 23.876440286636353}, "costs": {"total_cost": 1032.3822337548506, "time_cost": 150, "final_distance_cost": 60.05379766558521, "oscillation_cost": 292.2255007401872, "completition_cost": 444.4444444444444, "overshoot_cost": 54.22541012410527, "power_cost": 17.665253344726562, "noise_cost": 13.76782743580202, "n_waypoints_completed": 5, "tot_waypoints": 9}}
{"target": -1170.6465445151566, "params": {"k_pid_pos": [1.0158458003423054, 0.855521369495544, 0.6053180413006044], "k_pid_alt": [0.4627999268587455, 0.30280271963857697, 0.8087963998102724], "k_pid_att": [86.03221427464214, 6.763146599500816, 0.6235086696217949], "k_pid_yaw": [0.5, 1e-06, 0.1], "k_pid_hsp": [1.0388830966808038, 0.19273615574536562, 0.21773348455279196], "k_pid_vsp": [339.59143607721654, 397.2420531808007, 236.4204284310031]}, "datetime": {"datetime": "2025-08-21 13:02:38", "elapsed": 15474.610366821289, "delta": 23.782297134399414}, "costs": {"total_cost": 1170.6465445151566, "time_cost": 150, "final_distance_cost": 50.65343013676904, "oscillation_cost": 217.8822044603846, "completition_cost": 666.6666666666667, "overshoot_cost": 40.89586934441922, "power_cost": 24.793264074707032, "noise_cost": 19.755109832210106, "n_waypoints_completed": 3, "tot_waypoints": 9}}
{"target": -956.8757321910384, "params": {"k_pid_pos": [0.8378529706072372, 0.1380486259660304, 0.7053061310643084], "k_pid_alt": [0.42029470414517656, 0.4084667652765206, 0.1525477296678064], "k_pid_att": [45.561578843119435, 7.865457527950871, 0.27249192244662623], "k_pid_yaw": [0.5, 1e-06, 0.1], "k_pid_hsp": [9.908336044091813, 0.5463569640352295, 0.3763190411573839], "k_pid_vsp": [198.68829464605633, 389.040574310318, 224.69996232974063]}, "datetime": {"datetime": "2025-08-21 13:03:02", "elapsed": 15498.467488527298, "delta": 23.85712170600891}, "costs": {"total_cost": 956.8757321910384, "time_cost": 150, "final_distance_cost": 75.30036105625372, "oscillation_cost": 311.65666063442075, "completition_cost": 333.33333333333337, "overshoot_cost": 49.074719071167806, "power_cost": 20.32749737548828, "noise_cost": 17.183160720374392, "n_waypoints_completed": 6, "tot_waypoints": 9}}
{"target": -875.5293498698776, "params": {"k_pid_pos": [1.5408171631599525, 0.703175257408521, 0.14976748434119924], "k_pid_alt": [0.4782991567528905, 0.5277726245452099, 0.923413118062655], "k_pid_att": [18.980999602193815, 6.988359706086264, 0.6274916101119938], "k_pid_yaw": [0.5, 1e-06, 0.1], "k_pid_hsp": [9.611165085908448, 0.12869553316609572, 0.487426417591882], "k_pid_vsp": [73.88061765554102, 94.08516658606696, 34.320425262658055]}, "datetime": {"datetime": "2025-08-21 13:03:26", "elapsed": 15522.663860559464, "delta": 24.196372032165527}, "costs": {"total_cost": 875.5293498698776, "time_cost": 150, "final_distance_cost": 68.92930377193947, "oscillation_cost": 225.88292041103398, "completition_cost": 333.33333333333337, "overshoot_cost": 55.123982959348695, "power_cost": 23.91664031982422, "noise_cost": 18.34316907439795, "n_waypoints_completed": 6, "tot_waypoints": 9}}
{"target": -1854.8553967583898, "params": {"k_pid_pos": [1.4394924707918275, 0.36785372317606724, 0.433551788943922], "k_pid_alt": [1.8601964565382696, 0.00793136256196969, 0.9331242325347242], "k_pid_att": [79.8386174299053, 3.0459508780595224, 0.9968624674981857], "k_pid_yaw": [0.5, 1e-06, 0.1], "k_pid_hsp": [8.789866180489973, 0.6492676135879076, 0.8951681972294256], "k_pid_vsp": [20.56084766787416, 177.92701603486466, 176.45554019860305]}, "datetime": {"datetime": "2025-08-21 13:03:49", "elapsed": 15546.327724695206, "delta": 23.663864135742188}, "costs": {"total_cost": 1854.8553967583898, "time_cost": 150, "final_distance_cost": 1.0441827973423392, "oscillation_cost": 474.672739140453, "completition_cost": 1000.0, "overshoot_cost": 134.03229436767614, "power_cost": 24.764365820312502, "noise_cost": 70.34181463260582, "n_waypoints_completed": 0, "tot_waypoints": 9}}
{"target": -1035.132815816855, "params": {"k_pid_pos": [1.0992537681591552, 0.7540378102400427, 0.5980965423761265], "k_pid_alt": [0.677118118608004, 0.32228912897974615, 0.9925913582333562], "k_pid_att": [76.24150373601738, 6.714910349824289, 0.06369591397565122], "k_pid_yaw": [0.5, 1e-06, 0.1], "k_pid_hsp": [4.491230078095607, 0.8248811874010015, 0.2523328224889948], "k_pid_vsp": [122.35354608303356, 190.11586833608183, 299.5140718657754]}, "datetime": {"datetime": "2025-08-21 13:04:13", "elapsed": 15570.358542919159, "delta": 24.030818223953247}, "costs": {"total_cost": 1035.132815816855, "time_cost": 150, "final_distance_cost": 57.25035045360866, "oscillation_cost": 280.35981385146323, "completition_cost": 444.4444444444444, "overshoot_cost": 57.69743479444251, "power_cost": 23.52519825439453, "noise_cost": 21.855574018501578, "n_waypoints_completed": 5, "tot_waypoints": 9}}
{"target": -1160.3240710544678, "params": {"k_pid_pos": [1.0014838819931913, 0.8653146013235571, 0.2674809125793668], "k_pid_alt": [0.04898866051844175, 0.8136165884670808, 0.42395478863808356], "k_pid_att": [69.09065802800586, 3.7217706993167896, 0.21077739078878654], "k_pid_yaw": [0.5, 1e-06, 0.1], "k_pid_hsp": [2.7596172366063496, 0.7974516375224867, 0.2887230948038948], "k_pid_vsp": [186.32141358437195, 268.61685312833396, 103.20382457363937]}, "datetime": {"datetime": "2025-08-21 13:04:38", "elapsed": 15595.075984477997, "delta": 24.71744155883789}, "costs": {"total_cost": 1160.3240710544678, "time_cost": 150, "final_distance_cost": 52.86078750649933, "oscillation_cost": 185.16191412659663, "completition_cost": 666.6666666666667, "overshoot_cost": 60.84777262835547, "power_cost": 26.47720360107422, "noise_cost": 18.309726525275362, "n_waypoints_completed": 3, "tot_waypoints": 9}}
{"target": -1113.3855430147923, "params": {"k_pid_pos": [0.3980601678581228, 0.5499778092253808, 0.30122596815103175], "k_pid_alt": [0.9016998163298391, 0.08060302580310374, 0.1770576804237135], "k_pid_att": [61.62735958265691, 7.510301848934225, 0.3036378126500323], "k_pid_yaw": [0.5, 1e-06, 0.1], "k_pid_hsp": [4.415325002228543, 0.8406145070043353, 0.42240156115501515], "k_pid_vsp": [183.28407678505621, 376.6635887683984, 284.4262532824586]}, "datetime": {"datetime": "2025-08-21 13:05:02", "elapsed": 15618.977433919907, "delta": 23.90144944190979}, "costs": {"total_cost": 1113.3855430147923, "time_cost": 150, "final_distance_cost": 49.096263991926854, "oscillation_cost": 276.74352054251005, "completition_cost": 555.5555555555555, "overshoot_cost": 50.200826210558716, "power_cost": 17.43104371337891, "noise_cost": 14.358333000862219, "n_waypoints_completed": 4, "tot_waypoints": 9}}
{"target": -771.055329369085, "params": {"k_pid_pos": [1.3353816471317312, 0.6724161681878628, 0.2655182572687861], "k_pid_alt": [1.3619570492657496, 0.01743120140243648, 0.9105986521284333], "k_pid_att": [15.571479963541268, 0.5498569178403385, 0.589292252182008], "k_pid_yaw": [0.5, 1e-06, 0.1], "k_pid_hsp": [5.918101934697143, 0.6591077338846817, 0.820422542873747], "k_pid_vsp": [220.6970872896818, 88.77099428183041, 128.74844886540018]}, "datetime": {"datetime": "2025-08-21 13:05:26", "elapsed": 15642.588633537292, "delta": 23.611199617385864}, "costs": {"total_cost": 771.055329369085, "time_cost": 150, "final_distance_cost": 71.85039221339558, "oscillation_cost": 224.66870003063096, "completition_cost": 222.2222222222222, "overshoot_cost": 55.672672940012816, "power_cost": 27.92645194091797, "noise_cost": 18.714890021905536, "n_waypoints_completed": 7, "tot_waypoints": 9}}
{"target": -2062.8805584159045, "params": {"k_pid_pos": [1.396864257859792, 0.9180241916464793, 0.6640837669309262], "k_pid_alt": [0.6890781461605302, 0.12159966200691819, 0.9402264097202863], "k_pid_att": [4.441636755193501, 9.387691492509505, 0.21850276224575227], "k_pid_yaw": [0.5, 1e-06, 0.1], "k_pid_hsp": [7.541800521845376, 0.49896353501826596, 0.4031239342808334], "k_pid_vsp": [36.216650657083434, 141.70368114511513, 148.63689544798507]}, "datetime": {"datetime": "2025-08-21 13:05:51", "elapsed": 15667.651200771332, "delta": 25.062567234039307}, "costs": {"total_cost": 2062.8805584159045, "time_cost": 150, "final_distance_cost": 335.65275063192297, "oscillation_cost": 270.1308301428434, "completition_cost": 888.8888888888888, "overshoot_cost": 376.1404379090463, "power_cost": 20.978979614257813, "noise_cost": 21.088671228945007, "n_waypoints_completed": 1, "tot_waypoints": 9}}
{"target": -1052.6201177936946, "params": {"k_pid_pos": [0.6529877915560387, 0.43799388465401856, 0.9802182645942301], "k_pid_alt": [0.6099863637578167, 0.26634049979306695, 0.0915882585719715], "k_pid_att": [54.66083864677338, 2.5898402133497984, 0.6517129214617003], "k_pid_yaw": [0.5, 1e-06, 0.1], "k_pid_hsp": [6.967107850830937, 0.5519630966076025, 0.5787375422262261], "k_pid_vsp": [285.6532442872474, 339.8782526760146, 273.99385881791164]}, "datetime": {"datetime": "2025-08-21 13:06:16", "elapsed": 15692.994818925858, "delta": 25.343618154525757}, "costs": {"total_cost": 1052.6201177936946, "time_cost": 150, "final_distance_cost": 51.78968273752196, "oscillation_cost": 320.94258157172465, "completition_cost": 444.4444444444444, "overshoot_cost": 46.47373903698539, "power_cost": 21.94940399169922, "noise_cost": 17.020266011319016, "n_waypoints_completed": 5, "tot_waypoints": 9}}
{"target": -651.4109138209202, "params": {"k_pid_pos": [1.6642480150896388, 0.2766854315544037, 0.2930129098325581], "k_pid_alt": [0.7773764094553255, 0.5120735505694974, 0.6740753142879683], "k_pid_att": [43.04988644924994, 8.755075055621028, 0.21874638628213083], "k_pid_yaw": [0.5, 1e-06, 0.1], "k_pid_hsp": [8.344368740954055, 0.7069163356123588, 0.8179786971732058], "k_pid_vsp": [194.55117820802877, 292.2556976865042, 137.69361358433233]}, "datetime": {"datetime": "2025-08-21 13:06:42", "elapsed": 15719.236774682999, "delta": 26.241955757141113}, "costs": {"total_cost": 651.4109138209202, "time_cost": 150, "final_distance_cost": 66.73150845523732, "oscillation_cost": 231.3016735583779, "completition_cost": 111.11111111111116, "overshoot_cost": 52.30424353761758, "power_cost": 22.708394921875, "noise_cost": 17.253982236701333, "n_waypoints_completed": 8, "tot_waypoints": 9}}
{"target": -1035.5075319188632, "params": {"k_pid_pos": [0.698938007475961, 0.28893234151822156, 0.4284424813242351], "k_pid_alt": [0.9187208860140921, 0.3108709953736407, 0.9661005761699045], "k_pid_att": [63.29431174847782, 0.37721497433873513, 0.5579842109219889], "k_pid_yaw": [0.5, 1e-06, 0.1], "k_pid_hsp": [9.603462253302219, 0.29052318212859873, 0.840750017221544], "k_pid_vsp": [223.1371686105899, 123.70695159349151, 19.702934881238203]}, "datetime": {"datetime": "2025-08-21 13:07:07", "elapsed": 15743.763516902924, "delta": 24.526742219924927}, "costs": {"total_cost": 1035.5075319188632, "time_cost": 150, "final_distance_cost": 73.69358179989352, "oscillation_cost": 389.03159765691, "completition_cost": 333.33333333333337, "overshoot_cost": 44.47825482332993, "power_cost": 26.20347314453125, "noise_cost": 18.76729116086509, "n_waypoints_completed": 6, "tot_waypoints": 9}}
{"target": -1466.2459867041564, "params": {"k_pid_pos": [1.821442542350835, 0.7911476917448087, 0.6603006914134251], "k_pid_alt": [0.4195635544851646, 0.6456092220962468, 0.5565483308892871], "k_pid_att": [60.60570158748001, 7.341537421369491, 0.1063053139211304], "k_pid_yaw": [0.5, 1e-06, 0.1], "k_pid_hsp": [2.429324790070978, 0.0471437699574061, 0.010018534259154999], "k_pid_vsp": [72.41067896958167, 302.4045554738782, 241.9019154039738]}, "datetime": {"datetime": "2025-08-21 13:07:33", "elapsed": 15769.915475130081, "delta": 26.151958227157593}, "costs": {"total_cost": 1466.2459867041564, "time_cost": 150, "final_distance_cost": 1.000000004767105, "oscillation_cost": 42.541863453782526, "completition_cost": 1000.0, "overshoot_cost": 135.26262533909195, "power_cost": 35.956170410156254, "noise_cost": 101.48532749635835, "n_waypoints_completed": 0, "tot_waypoints": 9}}
{"target": -364.5175639976788, "params": {"k_pid_pos": [1.5078118235873514, 0.13914857325397223, 0.5863775514697833], "k_pid_alt": [1.5599571884659886, 0.7421995509214127, 0.4929448223311499], "k_pid_att": [54.525675641370896, 1.633199240379812, 0.36501646903851415], "k_pid_yaw": [0.5, 1e-06, 0.1], "k_pid_hsp": [7.707726205590615, 0.6753902195172985, 0.14304979245435934], "k_pid_vsp": [363.67831224388834, 215.57981024136157, 32.31177882817787]}, "datetime": {"datetime": "2025-08-21 13:07:52", "elapsed": 15788.614730596542, "delta": 18.69925546646118}, "costs": {"total_cost": 364.5175639976788, "time_cost": 76.464, "final_distance_cost": 1.778415905043431, "oscillation_cost": 210.4346174061819, "completition_cost": 0.0, "overshoot_cost": 51.16247756951486, "power_cost": 13.619532470703126, "noise_cost": 11.058520646235504, "n_waypoints_completed": 9, "tot_waypoints": 9}}
{"target": -1160.2390163357366, "params": {"k_pid_pos": [1.1122259940319257, 0.8329051947743499, 0.773713311204403], "k_pid_alt": [0.8407274826500188, 0.8597366721044536, 0.3739819216688903], "k_pid_att": [47.477690230818595, 5.395291484274641, 0.28758255739818683], "k_pid_yaw": [0.5, 1e-06, 0.1], "k_pid_hsp": [1.5580752305536079, 0.41918412074008116, 0.8939599978026043], "k_pid_vsp": [89.00178863215338, 389.99282475785037, 46.93810206923245]}, "datetime": {"datetime": "2025-08-21 13:08:17", "elapsed": 15813.715770959854, "delta": 25.101040363311768}, "costs": {"total_cost": 1160.2390163357366, "time_cost": 150, "final_distance_cost": 57.408708620993764, "oscillation_cost": 186.7078084700113, "completition_cost": 666.6666666666667, "overshoot_cost": 59.647475390958384, "power_cost": 23.243942639160156, "noise_cost": 16.56441454794622, "n_waypoints_completed": 3, "tot_waypoints": 9}}
{"target": -1077.5395183519113, "params": {"k_pid_pos": [0.9011987594626841, 0.8239520355801079, 0.9706079930103549], "k_pid_alt": [1.023448131253754, 0.7972628389476074, 0.556926474742936], "k_pid_att": [88.42045763843458, 3.3524780519872133, 0.54644442045401], "k_pid_yaw": [0.5, 1e-06, 0.1], "k_pid_hsp": [7.742268191850527, 0.8987488596421992, 0.4581450651262515], "k_pid_vsp": [162.2725096445229, 16.19573440395465, 159.44444634209333]}, "datetime": {"datetime": "2025-08-21 13:08:42", "elapsed": 15838.482878684998, "delta": 24.767107725143433}, "costs": {"total_cost": 1077.5395183519113, "time_cost": 150, "final_distance_cost": 50.99652165564617, "oscillation_cost": 340.7359150634977, "completition_cost": 444.4444444444444, "overshoot_cost": 49.97177953993335, "power_cost": 22.780469763183596, "noise_cost": 18.610387885206052, "n_waypoints_completed": 5, "tot_waypoints": 9}}
{"target": -1325.63135942324, "params": {"k_pid_pos": [1.8419371502702766, 0.9237366732901293, 0.8255795338087168], "k_pid_alt": [0.6396633885723191, 0.09851445956039528, 0.22483472057358067], "k_pid_att": [90.48651808719434, 8.895175215268896, 0.06531443039164697], "k_pid_yaw": [0.5, 1e-06, 0.1], "k_pid_hsp": [3.579715574765392, 0.7528865022626149, 0.3631215359879022], "k_pid_vsp": [112.5019147788664, 134.33613362658522, 241.44521132364383]}, "datetime": {"datetime": "2025-08-21 13:09:05", "elapsed": 15862.415343761444, "delta": 23.932465076446533}, "costs": {"total_cost": 1325.63135942324, "time_cost": 150, "final_distance_cost": 68.59127978732266, "oscillation_cost": 300.1392217090883, "completition_cost": 666.6666666666667, "overshoot_cost": 92.60881183720004, "power_cost": 24.798868090820314, "noise_cost": 22.826511332141866, "n_waypoints_completed": 3, "tot_waypoints": 9}}
{"target": -1290.962808967309, "params": {"k_pid_pos": [0.14047468912246713, 0.15217836960713427, 0.48132625922266226], "k_pid_alt": [0.6724515387606835, 0.4821057028898619, 0.1898087262947732], "k_pid_att": [60.36121148035522, 5.11951660160646, 0.5835523324089672], "k_pid_yaw": [0.5, 1e-06, 0.1], "k_pid_hsp": [0.8941730096799607, 0.8095045136949375, 0.3077715936305163], "k_pid_vsp": [67.69664734096645, 341.0082619714434, 19.074976087502662]}, "datetime": {"datetime": "2025-08-21 13:09:30", "elapsed": 15886.610599040985, "delta": 24.195255279541016}, "costs": {"total_cost": 1290.962808967309, "time_cost": 150, "final_distance_cost": 51.28581051073705, "oscillation_cost": 341.4799710117332, "completition_cost": 666.6666666666667, "overshoot_cost": 51.496127455269146, "power_cost": 15.790282153320312, "noise_cost": 14.243951169582813, "n_waypoints_completed": 3, "tot_waypoints": 9}}
{"target": -795.1460909377846, "params": {"k_pid_pos": [1.464053337771338, 0.733395750000857, 0.7902363945363787], "k_pid_alt": [1.68755778522769, 0.946011402851092, 0.5447160380047344], "k_pid_att": [69.88990119368744, 2.1958004186774516, 0.3042495978293387], "k_pid_yaw": [0.5, 1e-06, 0.1], "k_pid_hsp": [4.774244290777404, 0.4883938979554172, 0.4607785205557392], "k_pid_vsp": [248.28195342275617, 46.64615071060655, 118.72817600695886]}, "datetime": {"datetime": "2025-08-21 13:09:54", "elapsed": 15910.65952539444, "delta": 24.04892635345459}, "costs": {"total_cost": 795.1460909377846, "time_cost": 150, "final_distance_cost": 70.5184219487751, "oscillation_cost": 264.0682281339034, "completition_cost": 222.2222222222222, "overshoot_cost": 53.60004232758203, "power_cost": 19.7722880859375, "noise_cost": 14.964888219364404, "n_waypoints_completed": 7, "tot_waypoints": 9}}
{"target": -655.7701801531706, "params": {"k_pid_pos": [1.5650867627094025, 0.7043376119381152, 0.23631575570262453], "k_pid_alt": [1.3081734570695278, 0.1930413691619005, 0.8367484617265172], "k_pid_att": [74.40656914212333, 4.273738918732783, 0.6565632896338692], "k_pid_yaw": [0.5, 1e-06, 0.1], "k_pid_hsp": [1.2358683782308608, 0.7335359766096202, 0.3392901573673164], "k_pid_vsp": [152.83506954392837, 202.2576568007203, 28.440581418174595]}, "datetime": {"datetime": "2025-08-21 13:10:17", "elapsed": 15934.109894514084, "delta": 23.450369119644165}, "costs": {"total_cost": 655.7701801531706, "time_cost": 150, "final_distance_cost": 72.05496227355664, "oscillation_cost": 111.30853527013998, "completition_cost": 222.2222222222222, "overshoot_cost": 55.16218179595902, "power_cost": 26.533121911621095, "noise_cost": 18.489156679671776, "n_waypoints_completed": 7, "tot_waypoints": 9}}
{"target": -1508.9819188570946, "params": {"k_pid_pos": [0.15726685981152386, 0.32212045848666604, 0.5574845469951043], "k_pid_alt": [0.8573173171686097, 0.7750080729204244, 0.42625518984231237], "k_pid_att": [62.43468113235048, 4.745113211597347, 0.583531033307168], "k_pid_yaw": [0.5, 1e-06, 0.1], "k_pid_hsp": [8.797373153341443, 0.2090041341597696, 0.6921605672140791], "k_pid_vsp": [309.9779712861548, 65.68510314603134, 322.1610133892027]}, "datetime": {"datetime": "2025-08-21 13:10:41", "elapsed": 15958.324877500534, "delta": 24.214982986450195}, "costs": {"total_cost": 1508.9819188570946, "time_cost": 150, "final_distance_cost": 61.54014133796799, "oscillation_cost": 331.23462133539596, "completition_cost": 888.8888888888888, "overshoot_cost": 38.07010474585676, "power_cost": 22.10642655029297, "noise_cost": 17.141735998692265, "n_waypoints_completed": 1, "tot_waypoints": 9}}
{"target": -1174.7624184033461, "params": {"k_pid_pos": [0.40414589192610434, 0.9041470677834188, 0.989268301659406], "k_pid_alt": [1.9589888745967878, 0.15698038300625472, 0.3459058279555306], "k_pid_att": [31.85536011623078, 1.070852258128996, 0.2948879269551886], "k_pid_yaw": [0.5, 1e-06, 0.1], "k_pid_hsp": [2.8702362636167362, 0.6432108358015591, 0.8659617323348269], "k_pid_vsp": [234.77816088561258, 235.49685552372188, 318.054532435639]}, "datetime": {"datetime": "2025-08-21 13:11:05", "elapsed": 15982.153611660004, "delta": 23.828734159469604}, "costs": {"total_cost": 1174.7624184033461, "time_cost": 150, "final_distance_cost": 48.66039338510624, "oscillation_cost": 211.38914985296356, "completition_cost": 666.6666666666667, "overshoot_cost": 62.782360212139686, "power_cost": 19.636223925781252, "noise_cost": 15.627624360688825, "n_waypoints_completed": 3, "tot_waypoints": 9}}
{"target": -1402.8959133653807, "params": {"k_pid_pos": [0.1032951821170436, 0.20924786255021666, 0.7368500692676773], "k_pid_alt": [1.6660670923741752, 0.40737904843236417, 0.19590052701804073], "k_pid_att": [62.572561965004006, 9.965365822839184, 0.3599752680783007], "k_pid_yaw": [0.5, 1e-06, 0.1], "k_pid_hsp": [4.229754174561981, 0.8455932151553536, 0.3504015686270786], "k_pid_vsp": [222.42553574746643, 25.245527014774954, 142.84483602589688]}, "datetime": {"datetime": "2025-08-21 13:11:30", "elapsed": 16006.765484809875, "delta": 24.611873149871826}, "costs": {"total_cost": 1402.8959133653807, "time_cost": 150, "final_distance_cost": 69.77350888356611, "oscillation_cost": 425.3440244339121, "completition_cost": 666.6666666666667, "overshoot_cost": 50.98860267861626, "power_cost": 23.014616564941406, "noise_cost": 17.108494137678317, "n_waypoints_completed": 3, "tot_waypoints": 9}}
