{"target": -797.4068010410193, "params": {"k_pid_pos": [0.9038694369504789, 0.3039527059850387, 0.4617595689075994], "k_pid_alt": [0.7052145665949162, 0.40727145630338835, 0.45749114942507524], "k_pid_att": [42.95355964847133, 9.813073025986064, 0.4985396166421002], "k_pid_yaw": [0.5, 1e-06, 0.1], "k_pid_hsp": [6.98868032773123, 0.6696746821912347, 0.19544468055116485], "k_pid_vsp": [183.35510152409478, 337.03756839746535, 67.91344434961391]}, "datetime": {"datetime": "2025-08-22 00:14:37", "elapsed": 55794.06556892395, "delta": 36.94114804267883}, "costs": {"total_cost": 797.4068010410193, "time_cost": 150, "final_distance_cost": 65.05905064127134, "oscillation_cost": 274.2668440713413, "completition_cost": 222.2222222222222, "overshoot_cost": 45.51914756759846, "power_cost": 22.718463903808594, "noise_cost": 17.621072634777423, "n_waypoints_completed": 7, "tot_waypoints": 9}}
{"target": -391.0495432181818, "params": {"k_pid_pos": [2.0, 0.0, 1.0], "k_pid_alt": [0.0, 1.0, 0.793435654732407], "k_pid_att": [33.04070344640686, 3.6709763478444595, 1.0], "k_pid_yaw": [0.5, 1e-06, 0.1], "k_pid_hsp": [5.43541710565372, 0.0, 1.0], "k_pid_vsp": [57.020979413762014, 296.33719938555987, 51.5801343143217]}, "datetime": {"datetime": "2025-08-22 00:15:24", "elapsed": 55840.66201019287, "delta": 46.5964412689209}, "costs": {"total_cost": 391.0495432181818, "time_cost": 93.616, "final_distance_cost": 1.7380094809426685, "oscillation_cost": 200.63581443194354, "completition_cost": 0.0, "overshoot_cost": 68.47076119248833, "power_cost": 14.658721813964844, "noise_cost": 11.930236298842363, "n_waypoints_completed": 9, "tot_waypoints": 9}}
{"target": -1014.4024735807118, "params": {"k_pid_pos": [0.732464279024161, 0.5675301211978965, 0.22405016323340732], "k_pid_alt": [0.6065869800084709, 0.4862167700253638, 0.7661754100061533], "k_pid_att": [51.20973396279227, 9.568601249972161, 0.5243327826768353], "k_pid_yaw": [0.5, 1e-06, 0.1], "k_pid_hsp": [5.985339509391308, 0.895897329086264, 0.27889626058066774], "k_pid_vsp": [151.56906210033446, 281.0996565378194, 163.94855776530957]}, "datetime": {"datetime": "2025-08-22 00:16:01", "elapsed": 55877.89007949829, "delta": 37.22806930541992}, "costs": {"total_cost": 1014.4024735807118, "time_cost": 150, "final_distance_cost": 46.36442469205538, "oscillation_cost": 260.5187482250759, "completition_cost": 444.4444444444444, "overshoot_cost": 57.73358413809302, "power_cost": 27.26697020263672, "noise_cost": 28.074301878406487, "n_waypoints_completed": 5, "tot_waypoints": 9}}
{"target": -398.2094111379517, "params": {"k_pid_pos": [1.257397506675221, 0.0, 0.6330696351399285], "k_pid_alt": [2.0, 0.36630285676817675, 1.0], "k_pid_att": [64.03792188035015, 8.955081542430714, 0.0], "k_pid_yaw": [0.5, 1e-06, 0.1], "k_pid_hsp": [10.0, 0.11732694840444247, 0.0], "k_pid_vsp": [121.50254958500017, 145.11900213063754, 121.79996876438636]}, "datetime": {"datetime": "2025-08-22 00:16:56", "elapsed": 55933.248658418655, "delta": 55.35857892036438}, "costs": {"total_cost": 398.2094111379517, "time_cost": 84.776, "final_distance_cost": 1.7224122925272105, "oscillation_cost": 225.26392049153606, "completition_cost": 0.0, "overshoot_cost": 54.47128531453939, "power_cost": 17.696651611328125, "noise_cost": 14.279141428020901, "n_waypoints_completed": 9, "tot_waypoints": 9}}
{"target": -764.887099539076, "params": {"k_pid_pos": [1.0814209861588397, 0.5687797670814052, 0.07552090067088923], "k_pid_alt": [1.2256349713847832, 0.08490143462219579, 0.18753211834469175], "k_pid_att": [17.37069718744947, 8.069069424427996, 0.4055432026816209], "k_pid_yaw": [0.5, 1e-06, 0.1], "k_pid_hsp": [3.577725298309087, 0.3914058151643972, 0.4194800778945601], "k_pid_vsp": [387.2431655206677, 246.70283358189243, 128.90351622969735]}, "datetime": {"datetime": "2025-08-22 00:17:34", "elapsed": 55970.94680428505, "delta": 37.69814586639404}, "costs": {"total_cost": 764.887099539076, "time_cost": 150, "final_distance_cost": 75.28573282045919, "oscillation_cost": 233.44815481865368, "completition_cost": 222.2222222222222, "overshoot_cost": 44.84302996567804, "power_cost": 22.95697186279297, "noise_cost": 16.130987849269747, "n_waypoints_completed": 7, "tot_waypoints": 9}}
{"target": -411.06364385642974, "params": {"k_pid_pos": [1.5963765458523727, 0.2503559815194035, 0.6516048868974227], "k_pid_alt": [0.40318426765348914, 0.3865866764498136, 0.9452133836224387], "k_pid_att": [57.58184362402437, 0.09347648902157935, 0.5879895685016376], "k_pid_yaw": [0.5, 1e-06, 0.1], "k_pid_hsp": [5.147330266472569, 0.07616235659524384, 0.09240662638748931], "k_pid_vsp": [349.36384902078925, 218.31274936227166, 32.95640113526991]}, "datetime": {"datetime": "2025-08-22 00:18:21", "elapsed": 56017.650519132614, "delta": 46.7037148475647}, "costs": {"total_cost": 411.06364385642974, "time_cost": 97.512, "final_distance_cost": 1.7558503380197534, "oscillation_cost": 213.26310342763185, "completition_cost": 0.0, "overshoot_cost": 56.861066202510536, "power_cost": 24.11861300048828, "noise_cost": 17.553010887779376, "n_waypoints_completed": 9, "tot_waypoints": 9}}
{"target": -728.4646151423251, "params": {"k_pid_pos": [1.0291390283073367, 0.716580491262475, 0.2925803706665011], "k_pid_alt": [0.6456318845951456, 0.42872115151093915, 0.7476837482957279], "k_pid_att": [16.180611926723575, 6.98972705304749, 0.6027949772732395], "k_pid_yaw": [0.5, 1e-06, 0.1], "k_pid_hsp": [7.4831523371167785, 0.5590789162842458, 0.7479496869219039], "k_pid_vsp": [18.86422026309198, 220.91274040746194, 34.9534137240623]}, "datetime": {"datetime": "2025-08-22 00:19:04", "elapsed": 56060.53515267372, "delta": 42.88463354110718}, "costs": {"total_cost": 728.4646151423251, "time_cost": 150, "final_distance_cost": 64.29822510649201, "oscillation_cost": 199.46705130875523, "completition_cost": 222.2222222222222, "overshoot_cost": 47.737771510273305, "power_cost": 25.707728942871096, "noise_cost": 19.03161605171126, "n_waypoints_completed": 7, "tot_waypoints": 9}}
{"target": -756.5990719410331, "params": {"k_pid_pos": [0.8493558987711491, 0.9868236695564806, 0.7002869751698442], "k_pid_alt": [1.979123756137871, 0.4660831928528585, 0.27541578635101294], "k_pid_att": [97.54556082396239, 0.21771216048448971, 0.2553156950368106], "k_pid_yaw": [0.5, 1e-06, 0.1], "k_pid_hsp": [8.98487891842981, 0.9487398546645047, 0.7376160530017662], "k_pid_vsp": [329.0244869403554, 286.244243010606, 39.32863823664697]}, "datetime": {"datetime": "2025-08-22 00:19:44", "elapsed": 56101.382050037384, "delta": 40.84689736366272}, "costs": {"total_cost": 756.5990719410331, "time_cost": 150, "final_distance_cost": 68.84120793240997, "oscillation_cost": 233.85447422116056, "completition_cost": 222.2222222222222, "overshoot_cost": 45.9694516563149, "power_cost": 20.300970251464843, "noise_cost": 15.410745657460618, "n_waypoints_completed": 7, "tot_waypoints": 9}}
{"target": -665.3471126701281, "params": {"k_pid_pos": [1.6758008529578907, 0.3575559419765786, 0.7688484596399466], "k_pid_alt": [1.5089207255869515, 0.8010062949179577, 0.30120698163073034], "k_pid_att": [13.941111754414138, 2.115561349522456, 0.8660267037396374], "k_pid_yaw": [0.5, 1e-06, 0.1], "k_pid_hsp": [0.9223098306807117, 0.837274654505517, 0.507099272501487], "k_pid_vsp": [249.64232655399204, 201.8914891396996, 42.639700833984065]}, "datetime": {"datetime": "2025-08-22 00:20:25", "elapsed": 56142.246044397354, "delta": 40.86399435997009}, "costs": {"total_cost": 665.3471126701281, "time_cost": 150, "final_distance_cost": 74.10693032840325, "oscillation_cost": 137.5693219225082, "completition_cost": 222.2222222222222, "overshoot_cost": 47.97968532790997, "power_cost": 18.947902612304688, "noise_cost": 14.521050256779873, "n_waypoints_completed": 7, "tot_waypoints": 9}}
{"target": -804.7720043388833, "params": {"k_pid_pos": [0.6722405109819648, 0.12406460112767137, 0.694521538477965], "k_pid_alt": [0.9301611752895074, 0.42783912790381706, 0.5923825635227592], "k_pid_att": [14.818717894830957, 5.574727431682817, 0.622065972043524], "k_pid_yaw": [0.5, 1e-06, 0.1], "k_pid_hsp": [8.080476857903498, 0.5061810130067419, 0.68427639882019], "k_pid_vsp": [361.95653819522516, 375.8357058875984, 198.98603493196853]}, "datetime": {"datetime": "2025-08-22 00:21:04", "elapsed": 56181.39773440361, "delta": 39.1516900062561}, "costs": {"total_cost": 804.7720043388833, "time_cost": 150, "final_distance_cost": 70.36510019973535, "oscillation_cost": 277.3803336069437, "completition_cost": 222.2222222222222, "overshoot_cost": 47.231545648569316, "power_cost": 21.182232922363283, "noise_cost": 16.390569739049457, "n_waypoints_completed": 7, "tot_waypoints": 9}}
{"target": -1594.1538617370336, "params": {"k_pid_pos": [0.0001, 0.0, 0.0], "k_pid_alt": [2.0, 1.0, 1.0], "k_pid_att": [38.12868278233349, 2.442597231170744, 0.0], "k_pid_yaw": [0.5, 1e-06, 0.1], "k_pid_hsp": [8.180028733067081, 1.0, 1.0], "k_pid_vsp": [229.30891264856888, 318.7438859616236, 12.783545056893685]}, "datetime": {"datetime": "2025-08-22 00:21:46", "elapsed": 56223.247584581375, "delta": 41.84985017776489}, "costs": {"total_cost": 1594.1538617370336, "time_cost": 150, "final_distance_cost": 45.64919048685467, "oscillation_cost": 341.9460641139756, "completition_cost": 1000.0, "overshoot_cost": 29.172026030569477, "power_cost": 14.260538134765625, "noise_cost": 13.126042970868324, "n_waypoints_completed": 0, "tot_waypoints": 9}}
{"target": -589.0662966703541, "params": {"k_pid_pos": [2.0, 0.0, 0.0], "k_pid_alt": [0.0, 1.0, 1.0], "k_pid_att": [32.359931993186336, 0.0001, 1.0], "k_pid_yaw": [0.5, 1e-06, 0.1], "k_pid_hsp": [1.3457308297094608, 0.0, 0.0], "k_pid_vsp": [286.05396904415073, 274.3364508225279, 138.80275634606033]}, "datetime": {"datetime": "2025-08-22 00:22:29", "elapsed": 56265.94153738022, "delta": 42.693952798843384}, "costs": {"total_cost": 589.0662966703541, "time_cost": 150, "final_distance_cost": 82.97787216623533, "oscillation_cost": 45.53166566944595, "completition_cost": 222.2222222222222, "overshoot_cost": 60.23039863128328, "power_cost": 16.13590671386719, "noise_cost": 11.968231267300201, "n_waypoints_completed": 7, "tot_waypoints": 9}}
{"target": -1296.852892607179, "params": {"k_pid_pos": [1.6127581564711349, 0.8666094094803458, 0.5438884295338504], "k_pid_alt": [0.3776542278385884, 0.7426372073369446, 0.5910199981330613], "k_pid_att": [62.580186962808924, 2.2527029623931596, 0.21381454341203276], "k_pid_yaw": [0.5, 1e-06, 0.1], "k_pid_hsp": [5.895791397324997, 0.8658006839310118, 0.9475738884851995], "k_pid_vsp": [208.50207357265487, 229.06621406032792, 122.76981629400002]}, "datetime": {"datetime": "2025-08-22 00:23:04", "elapsed": 56300.72068452835, "delta": 34.779147148132324}, "costs": {"total_cost": 1296.852892607179, "time_cost": 150, "final_distance_cost": 69.9320312577951, "oscillation_cost": 152.86453159107475, "completition_cost": 777.7777777777778, "overshoot_cost": 84.28005986199689, "power_cost": 28.497560974121097, "noise_cost": 33.50093114441317, "n_waypoints_completed": 2, "tot_waypoints": 9}}
{"target": -760.2673057354328, "params": {"k_pid_pos": [0.6061292223128119, 0.33149191113003496, 0.3325172827574371], "k_pid_alt": [0.52107195509945, 0.094001315833807, 0.1372443368283447], "k_pid_att": [20.830130788156843, 4.547379889277056, 0.7885515991882601], "k_pid_yaw": [0.5, 1e-06, 0.1], "k_pid_hsp": [5.531966647782224, 0.42348087852479055, 0.5480803413756681], "k_pid_vsp": [338.26320528235493, 325.509159253704, 17.470217425134457]}, "datetime": {"datetime": "2025-08-22 00:23:41", "elapsed": 56337.84461116791, "delta": 37.123926639556885}, "costs": {"total_cost": 760.2673057354328, "time_cost": 150, "final_distance_cost": 62.468484372628794, "oscillation_cost": 245.44232952568765, "completition_cost": 222.2222222222222, "overshoot_cost": 46.404870757704096, "power_cost": 19.284875109863282, "noise_cost": 14.444523747326887, "n_waypoints_completed": 7, "tot_waypoints": 9}}
{"target": -663.767363452645, "params": {"k_pid_pos": [1.3178096428571962, 0.10953936425790811, 0.894201255566267], "k_pid_alt": [0.004757204072706633, 0.5773242673205315, 0.8691988800224741], "k_pid_att": [13.147612328335011, 9.697726261215884, 0.05940362487153761], "k_pid_yaw": [0.5, 1e-06, 0.1], "k_pid_hsp": [2.2496336877284464, 0.39576872782671835, 0.0187203388129209], "k_pid_vsp": [308.1831571501158, 387.6150386292644, 265.3365181131471]}, "datetime": {"datetime": "2025-08-22 00:24:22", "elapsed": 56379.35358977318, "delta": 41.508978605270386}, "costs": {"total_cost": 663.767363452645, "time_cost": 150, "final_distance_cost": 42.70690032733018, "oscillation_cost": 250.4335256531162, "completition_cost": 111.11111111111116, "overshoot_cost": 68.46332463225103, "power_cost": 24.26067254638672, "noise_cost": 16.791829182449746, "n_waypoints_completed": 8, "tot_waypoints": 9}}
{"target": -1020.8382006319002, "params": {"k_pid_pos": [0.4703688602380931, 0.9898154518270196, 0.0018069706785628604], "k_pid_alt": [1.3502294294066217, 0.9973942132943813, 0.735029382116797], "k_pid_att": [65.07074197787747, 2.632088211237254, 0.33527151539155065], "k_pid_yaw": [0.5, 1e-06, 0.1], "k_pid_hsp": [7.103515074887067, 1.9751319663883283e-05, 0.0], "k_pid_vsp": [191.32723656028628, 48.876654596616774, 43.01097701824768]}, "datetime": {"datetime": "2025-08-22 00:25:00", "elapsed": 56416.59289121628, "delta": 37.239301443099976}, "costs": {"total_cost": 1020.8382006319002, "time_cost": 150, "final_distance_cost": 54.29040325345045, "oscillation_cost": 49.38376190794173, "completition_cost": 666.6666666666667, "overshoot_cost": 54.32679016056945, "power_cost": 27.28698024902344, "noise_cost": 18.883598394248295, "n_waypoints_completed": 3, "tot_waypoints": 9}}
{"target": -403.8207111115134, "params": {"k_pid_pos": [2.0, 0.0, 1.0], "k_pid_alt": [2.0, 0.0, 0.0], "k_pid_att": [16.521847985611007, 4.551480369273555, 0.0], "k_pid_yaw": [0.5, 1e-06, 0.1], "k_pid_hsp": [10.0, 0.0, 0.0], "k_pid_vsp": [354.1735449237037, 373.6655067636097, 198.78457571063916]}, "datetime": {"datetime": "2025-08-22 00:25:28", "elapsed": 56444.5285384655, "delta": 27.9356472492218}, "costs": {"total_cost": 403.8207111115134, "time_cost": 74.104, "final_distance_cost": 1.8438002693221136, "oscillation_cost": 245.22782025771681, "completition_cost": 0.0, "overshoot_cost": 53.100577692242645, "power_cost": 16.30797225341797, "noise_cost": 13.236540638813821, "n_waypoints_completed": 9, "tot_waypoints": 9}}
{"target": -705.5956022013312, "params": {"k_pid_pos": [0.45933979356301075, 0.11166139224379612, 0.2074150354853841], "k_pid_alt": [0.5783253011456659, 0.3071231763342752, 0.08796371453179752], "k_pid_att": [56.62641861184321, 3.109530022614478, 0.24038947372995667], "k_pid_yaw": [0.5, 1e-06, 0.1], "k_pid_hsp": [2.590179261126774, 0.6006558775562182, 0.4095075529447907], "k_pid_vsp": [205.69202161252917, 234.34938602861493, 124.33884164153527]}, "datetime": {"datetime": "2025-08-22 00:26:20", "elapsed": 56496.5352871418, "delta": 52.00674867630005}, "costs": {"total_cost": 705.5956022013312, "time_cost": 150, "final_distance_cost": 46.3017277927517, "oscillation_cost": 303.16613540698546, "completition_cost": 111.11111111111116, "overshoot_cost": 54.948427994580236, "power_cost": 23.234591064453127, "noise_cost": 16.833608831449446, "n_waypoints_completed": 8, "tot_waypoints": 9}}
{"target": -708.9811179255883, "params": {"k_pid_pos": [1.8431143123747533, 0.8309780386931613, 0.48880639137073], "k_pid_alt": [0.3437034173800504, 0.7318631893175851, 0.8401919536022169], "k_pid_att": [8.8070795503847, 9.947012896699272, 0.40762048907085013], "k_pid_yaw": [0.5, 1e-06, 0.1], "k_pid_hsp": [2.0944489816087346, 0.20890223620962034, 0.19046788490274535], "k_pid_vsp": [51.60015833950165, 106.77834502600615, 36.63364744433304]}, "datetime": {"datetime": "2025-08-22 00:27:08", "elapsed": 56544.736585855484, "delta": 48.20129871368408}, "costs": {"total_cost": 708.9811179255883, "time_cost": 150, "final_distance_cost": 71.47505465763142, "oscillation_cost": 173.198103777344, "completition_cost": 222.2222222222222, "overshoot_cost": 54.61296913471998, "power_cost": 20.73196483154297, "noise_cost": 16.74080330212766, "n_waypoints_completed": 7, "tot_waypoints": 9}}
{"target": -358.2759354403003, "params": {"k_pid_pos": [1.7650829851230139, 0.9601385583370201, 0.74142478138707], "k_pid_alt": [1.42888673424033, 0.36391293009319736, 0.25494653683158885], "k_pid_att": [8.309658034649969, 5.517507502755049, 0.6123070567991508], "k_pid_yaw": [0.5, 1e-06, 0.1], "k_pid_hsp": [3.232792985898515, 0.5280511917873907, 0.4395476291432344], "k_pid_vsp": [106.19760032162785, 304.35577122877817, 107.96464678354862]}, "datetime": {"datetime": "2025-08-22 00:27:46", "elapsed": 56582.51395320892, "delta": 37.77736735343933}, "costs": {"total_cost": 358.2759354403003, "time_cost": 98.64, "final_distance_cost": 1.711892234639565, "oscillation_cost": 167.06062684607667, "completition_cost": 0.0, "overshoot_cost": 55.96917538462557, "power_cost": 20.140164953613283, "noise_cost": 14.754076021345135, "n_waypoints_completed": 9, "tot_waypoints": 9}}
{"target": -1050.6911912677274, "params": {"k_pid_pos": [2.0, 0.0, 1.0], "k_pid_alt": [2.0, 0.25608585192119965, 1.0], "k_pid_att": [26.857496880697873, 10.0, 0.0], "k_pid_yaw": [0.5, 1e-06, 0.1], "k_pid_hsp": [10.0, 1.0, 1.0], "k_pid_vsp": [57.891732453485396, 288.04903858383483, 128.5780728507388]}, "datetime": {"datetime": "2025-08-22 00:28:23", "elapsed": 56619.49777626991, "delta": 36.98382306098938}, "costs": {"total_cost": 1050.6911912677274, "time_cost": 150, "final_distance_cost": 54.1983699897855, "oscillation_cost": 356.8746855122255, "completition_cost": 333.33333333333337, "overshoot_cost": 80.60815208912018, "power_cost": 34.55868370361328, "noise_cost": 41.11796663964961, "n_waypoints_completed": 6, "tot_waypoints": 9}}
{"target": -219.9852748603039, "params": {"k_pid_pos": [2.0, 1.0, 1.0], "k_pid_alt": [2.0, 0.0, 0.0], "k_pid_att": [70.26238946411841, 3.216805669097388, 1.0], "k_pid_yaw": [0.5, 1e-06, 0.1], "k_pid_hsp": [10.0, 0.0, 0.0], "k_pid_vsp": [369.0880786324113, 343.5403656179286, 73.02280826359987]}, "datetime": {"datetime": "2025-08-22 00:28:55", "elapsed": 56652.13805103302, "delta": 32.6402747631073}, "costs": {"total_cost": 219.9852748603039, "time_cost": 73.70400000000001, "final_distance_cost": 1.7217650151495738, "oscillation_cost": 72.26517891582927, "completition_cost": 0.0, "overshoot_cost": 50.13268903733045, "power_cost": 12.02383836669922, "noise_cost": 10.137803525295364, "n_waypoints_completed": 9, "tot_waypoints": 9}}
{"target": -1424.3065566647458, "params": {"k_pid_pos": [0.25609470446215543, 0.6183282320111255, 0.6895419674787766], "k_pid_alt": [1.95242175537745, 0.1465412994465496, 0.36847453838498523], "k_pid_att": [93.90754919452698, 1.3470244207973423, 0.5555388399783932], "k_pid_yaw": [0.5, 1e-06, 0.1], "k_pid_hsp": [3.596954856581678, 0.18129958464680684, 0.9578547133084184], "k_pid_vsp": [42.52262368962781, 368.5585454750712, 2.4393536799731126]}, "datetime": {"datetime": "2025-08-22 00:29:32", "elapsed": 56689.399898290634, "delta": 37.261847257614136}, "costs": {"total_cost": 1424.3065566647458, "time_cost": 150, "final_distance_cost": 64.60073399827125, "oscillation_cost": 252.52608522332238, "completition_cost": 888.8888888888888, "overshoot_cost": 32.11187443231648, "power_cost": 21.185261254882814, "noise_cost": 14.993712867064058, "n_waypoints_completed": 1, "tot_waypoints": 9}}
{"target": -341.7951881162278, "params": {"k_pid_pos": [1.6766415367598166, 0.2640588476618235, 0.49344824506853124], "k_pid_alt": [1.5458725824600414, 0.24770665681720194, 0.40138907321824524], "k_pid_att": [90.42182833791652, 5.611337386241563, 0.5774198992362402], "k_pid_yaw": [0.5, 1e-06, 0.1], "k_pid_hsp": [7.443017678049788, 0.23929181724155976, 0.04490262253407292], "k_pid_vsp": [252.99932860926629, 378.4902806367754, 146.29716822778536]}, "datetime": {"datetime": "2025-08-22 00:30:11", "elapsed": 56727.53899383545, "delta": 38.13909554481506}, "costs": {"total_cost": 341.7951881162278, "time_cost": 86.224, "final_distance_cost": 1.7323250453421422, "oscillation_cost": 168.965959853391, "completition_cost": 0.0, "overshoot_cost": 51.72362079454384, "power_cost": 18.83227166748047, "noise_cost": 14.317010755470335, "n_waypoints_completed": 9, "tot_waypoints": 9}}
{"target": -1633.0722266345317, "params": {"k_pid_pos": [2.0, 0.0, 1.0], "k_pid_alt": [0.0, 0.0, 1.0], "k_pid_att": [53.269004959705704, 3.9748557047322883, 0.15268123602157904], "k_pid_yaw": [0.5, 1e-06, 0.1], "k_pid_hsp": [4.708508285349079, 0.20328149782418842, 0.0], "k_pid_vsp": [348.7816297298786, 216.19700146139914, 29.681555735128235]}, "datetime": {"datetime": "2025-08-22 00:30:46", "elapsed": 56763.1577630043, "delta": 35.61876916885376}, "costs": {"total_cost": 1633.0722266345317, "time_cost": 150, "final_distance_cost": 0.7851705403427622, "oscillation_cost": 272.02202551369624, "completition_cost": 1000.0, "overshoot_cost": 135.3848567590075, "power_cost": 15.958500073242188, "noise_cost": 58.92167374824303, "n_waypoints_completed": 0, "tot_waypoints": 9}}
{"target": -1295.7747728771028, "params": {"k_pid_pos": [1.698890207424081, 0.0, 0.7498917009812349], "k_pid_alt": [1.195937495958105, 0.7985838097361929, 1.0], "k_pid_att": [13.928422656981423, 3.9580866563785575, 0.5210700938456673], "k_pid_yaw": [0.5, 1e-06, 0.1], "k_pid_hsp": [0.0001, 1.0, 0.0], "k_pid_vsp": [306.3454853927658, 391.0787766351823, 265.25089807525734]}, "datetime": {"datetime": "2025-08-22 00:31:24", "elapsed": 56801.43558001518, "delta": 38.27781701087952}, "costs": {"total_cost": 1295.7747728771028, "time_cost": 150, "final_distance_cost": 55.78342950160347, "oscillation_cost": 96.62443702362053, "completition_cost": 888.8888888888888, "overshoot_cost": 63.75450932157848, "power_cost": 24.01109969482422, "noise_cost": 16.712408446587197, "n_waypoints_completed": 1, "tot_waypoints": 9}}
