{"target": -1687.7439841262976, "params": {"k_pid_pos": [0.0367159435649422, 0.3581608592146247, 0.9106891278929385], "k_pid_alt": [0.4044657530180813, 0.9248672384772779, 0.5962872617982732], "k_pid_att": [7.731972297975187, 8.196117191678184, 0.8122748640196165], "k_pid_yaw": [0.5, 1e-06, 0.1], "k_pid_hsp": [9.715442523517684, 0.18426844368110584, 0.7195543132020401], "k_pid_vsp": [61.550024000214606, 349.39807751251993, 399.5737798479387]}, "datetime": {"datetime": "2025-08-21 13:21:33", "elapsed": 16610.256881713867, "delta": 25.155900239944458}, "costs": {"total_cost": 1687.7439841262976, "time_cost": 150, "final_distance_cost": 5.100529794887152, "oscillation_cost": 221.91865302730255, "completition_cost": 1000.0, "overshoot_cost": 263.7176654063966, "power_cost": 18.581542700195314, "noise_cost": 28.42559319751633, "n_waypoints_completed": 0, "tot_waypoints": 9}}
{"target": -864.3058025305514, "params": {"k_pid_pos": [1.7316377632905777, 0.3537689179066128, 0.9313699138087612], "k_pid_alt": [1.942694296208825, 0.9704099523546401, 0.945241540041304], "k_pid_att": [50.66409022122019, 2.4805847412799453, 0.10506367934402983], "k_pid_yaw": [0.5, 1e-06, 0.1], "k_pid_hsp": [1.303419978729708, 0.9503936173078034, 0.9761922236595028], "k_pid_vsp": [284.9308396294505, 213.7549360537542, 81.0868874635709]}, "datetime": {"datetime": "2025-08-21 13:21:58", "elapsed": 16634.911433696747, "delta": 24.65455198287964}, "costs": {"total_cost": 864.3058025305514, "time_cost": 150, "final_distance_cost": 76.19116364249963, "oscillation_cost": 201.95226112572226, "completition_cost": 333.33333333333337, "overshoot_cost": 66.09398542503554, "power_cost": 20.51374608154297, "noise_cost": 16.221312922417567, "n_waypoints_completed": 6, "tot_waypoints": 9}}
{"target": -1066.715009699108, "params": {"k_pid_pos": [1.3285236714355113, 0.04132317184992751, 0.25024238827919953], "k_pid_alt": [0.7413336595844051, 0.32098287990529295, 0.18599361478811904], "k_pid_att": [81.03726502787008, 7.717568217815281, 0.7330812217815117], "k_pid_yaw": [0.5, 1e-06, 0.1], "k_pid_hsp": [2.6912180193934745, 0.21965120272240612, 0.962865574348058], "k_pid_vsp": [382.201077835227, 10.576790507712532, 354.23001671676263]}, "datetime": {"datetime": "2025-08-21 13:22:24", "elapsed": 16661.005446195602, "delta": 26.09401249885559}, "costs": {"total_cost": 1066.715009699108, "time_cost": 150, "final_distance_cost": 49.162433784062635, "oscillation_cost": 318.59768562888104, "completition_cost": 444.4444444444444, "overshoot_cost": 56.38759355315103, "power_cost": 26.925012646484376, "noise_cost": 21.197839642084332, "n_waypoints_completed": 5, "tot_waypoints": 9}}
{"target": -1581.810199284308, "params": {"k_pid_pos": [1.8208935558915615, 0.6779484053860667, 0.9597467773305663], "k_pid_alt": [1.4513103729828476, 0.9760636168228576, 0.6725144123060266], "k_pid_att": [80.11882230341897, 1.834066889125818, 0.07155354770624656], "k_pid_yaw": [0.5, 1e-06, 0.1], "k_pid_hsp": [0.2851607624865046, 0.7460192627484822, 0.7822006419012458], "k_pid_vsp": [278.9784195469873, 318.91937722548045, 282.02744959339407]}, "datetime": {"datetime": "2025-08-21 13:22:49", "elapsed": 16685.501429080963, "delta": 24.495982885360718}, "costs": {"total_cost": 1581.810199284308, "time_cost": 150, "final_distance_cost": 89.87339015245318, "oscillation_cost": 460.97385511515864, "completition_cost": 777.7777777777778, "overshoot_cost": 67.44490524661067, "power_cost": 20.217576806640626, "noise_cost": 15.52269418566691, "n_waypoints_completed": 2, "tot_waypoints": 9}}
{"target": -1181.350162976308, "params": {"k_pid_pos": [1.1407789992756379, 0.3892787712855743, 0.24544130288695387], "k_pid_alt": [1.01290062320783, 0.12242397611576883, 0.6105793538169136], "k_pid_att": [76.08642886913081, 0.33106429508844953, 0.47886285771092296], "k_pid_yaw": [0.5, 1e-06, 0.1], "k_pid_hsp": [8.377326797728022, 0.7220731035237624, 0.9603360678869322], "k_pid_vsp": [31.62109345433204, 131.22245361823894, 99.62549435663345]}, "datetime": {"datetime": "2025-08-21 13:23:13", "elapsed": 16710.118629693985, "delta": 24.61720061302185}, "costs": {"total_cost": 1181.350162976308, "time_cost": 150, "final_distance_cost": 76.38183303632877, "oscillation_cost": 299.30504119649873, "completition_cost": 555.5555555555555, "overshoot_cost": 61.97632432462899, "power_cost": 20.61886475830078, "noise_cost": 17.512544104995253, "n_waypoints_completed": 4, "tot_waypoints": 9}}
{"target": -1603.522174338511, "params": {"k_pid_pos": [1.457537583594613, 0.24600908366253116, 0.6646706584290522], "k_pid_alt": [1.1336550503234806, 0.7157701237755327, 0.9582801498143377], "k_pid_att": [92.04714773604523, 8.878850676705056, 0.22889864901227652], "k_pid_yaw": [0.5, 1e-06, 0.1], "k_pid_hsp": [2.9014905456457813, 0.15624346333831485, 0.6291996373941554], "k_pid_vsp": [32.20306891279119, 324.1403990292679, 230.2364550418877]}, "datetime": {"datetime": "2025-08-21 13:23:39", "elapsed": 16735.573491334915, "delta": 25.454861640930176}, "costs": {"total_cost": 1603.522174338511, "time_cost": 150, "final_distance_cost": 77.78235049707101, "oscillation_cost": 402.9371256274307, "completition_cost": 888.8888888888888, "overshoot_cost": 41.24277064784837, "power_cost": 24.092236364746096, "noise_cost": 18.578802312525973, "n_waypoints_completed": 1, "tot_waypoints": 9}}
{"target": -1195.2064630313662, "params": {"k_pid_pos": [0.20373403418667996, 0.21086246865567992, 0.15099972656468919], "k_pid_alt": [1.3104923844306726, 0.9275215319933402, 0.4788411445700804], "k_pid_att": [48.56030704176704, 0.6778802500286782, 0.32818867318269873], "k_pid_yaw": [0.5, 1e-06, 0.1], "k_pid_hsp": [9.858000265849723, 0.5326916242311847, 0.20944814907050457], "k_pid_vsp": [347.4674942255067, 368.05382638515636, 231.8101891148083]}, "datetime": {"datetime": "2025-08-21 13:24:03", "elapsed": 16760.289036035538, "delta": 24.71554470062256}, "costs": {"total_cost": 1195.2064630313662, "time_cost": 150, "final_distance_cost": 49.72092168941911, "oscillation_cost": 359.46177647699415, "completition_cost": 555.5555555555555, "overshoot_cost": 49.5918921260012, "power_cost": 16.612365283203125, "noise_cost": 14.263951900193055, "n_waypoints_completed": 4, "tot_waypoints": 9}}
{"target": -1857.0174544137412, "params": {"k_pid_pos": [0.49555049581521654, 0.5008349358489687, 0.2686866946917075], "k_pid_alt": [1.1461625575035936, 0.9267999448624813, 0.8748661106321056], "k_pid_att": [27.005078385366065, 2.0088361879338135, 0.8981505717844978], "k_pid_yaw": [0.5, 1e-06, 0.1], "k_pid_hsp": [9.757453778668228, 0.7069108601847585, 0.9774993048434945], "k_pid_vsp": [60.529132974186204, 349.6538622598633, 393.3016850626253]}, "datetime": {"datetime": "2025-08-21 13:24:29", "elapsed": 16786.223051548004, "delta": 25.93401551246643}, "costs": {"total_cost": 1857.0174544137412, "time_cost": 150, "final_distance_cost": 198.71403048814682, "oscillation_cost": 306.37014481811406, "completition_cost": 1000.0, "overshoot_cost": 154.39018796806835, "power_cost": 19.22421563720703, "noise_cost": 28.31887550220506, "n_waypoints_completed": 0, "tot_waypoints": 9}}
{"target": -1620.857731416161, "params": {"k_pid_pos": [0.0060461290354114254, 0.11489555963475506, 0.17655163637049964], "k_pid_alt": [0.2911061823890071, 0.8053669780211663, 0.16760113852411418], "k_pid_att": [99.55277444114613, 1.8080955181539875, 0.9791143732099727], "k_pid_yaw": [0.5, 1e-06, 0.1], "k_pid_hsp": [5.5731681678507385, 0.6704693967003652, 0.6230060374157798], "k_pid_vsp": [37.364989252923486, 282.498483417069, 203.86433247037277]}, "datetime": {"datetime": "2025-08-21 13:24:55", "elapsed": 16811.692161798477, "delta": 25.469110250473022}, "costs": {"total_cost": 1620.857731416161, "time_cost": 150, "final_distance_cost": 53.9323566689227, "oscillation_cost": 363.60652158433186, "completition_cost": 888.8888888888888, "overshoot_cost": 97.15956826700258, "power_cost": 30.920524169921876, "noise_cost": 36.34987183709308, "n_waypoints_completed": 1, "tot_waypoints": 9}}
{"target": -1315.0285450996903, "params": {"k_pid_pos": [0.16355776073559009, 0.6842934041667288, 0.6882225256823586], "k_pid_alt": [1.0186712416654418, 0.845152627034099, 0.2569504934545658], "k_pid_att": [92.17024041826811, 1.4131802332693546, 0.5502866094232945], "k_pid_yaw": [0.5, 1e-06, 0.1], "k_pid_hsp": [5.444926699828079, 0.8345020851495303, 0.9439304215999336], "k_pid_vsp": [147.52012530268112, 127.3763388866369, 155.18061372573118]}, "datetime": {"datetime": "2025-08-21 13:25:19", "elapsed": 16836.28918981552, "delta": 24.597028017044067}, "costs": {"total_cost": 1315.0285450996903, "time_cost": 150, "final_distance_cost": 81.95691051269552, "oscillation_cost": 223.4940031383482, "completition_cost": 777.7777777777778, "overshoot_cost": 45.33040035995021, "power_cost": 20.672288732910157, "noise_cost": 15.79716457800826, "n_waypoints_completed": 2, "tot_waypoints": 9}}
{"target": -1266.5635748650432, "params": {"k_pid_pos": [1.670817763051298, 0.83662874675936, 0.10663051982186289], "k_pid_alt": [0.3853686583156555, 0.708365097870523, 0.3980183036147197], "k_pid_att": [66.28795093864969, 7.0713141589054525, 0.09257581891985389], "k_pid_yaw": [0.5, 1e-06, 0.1], "k_pid_hsp": [9.630374620406712, 0.9373977045637714, 0.19639527075464414], "k_pid_vsp": [5.654402007991166, 390.62364728337093, 65.6939874892022]}, "datetime": {"datetime": "2025-08-21 13:25:44", "elapsed": 16860.60118985176, "delta": 24.312000036239624}, "costs": {"total_cost": 1266.5635748650432, "time_cost": 150, "final_distance_cost": 78.27449194065154, "oscillation_cost": 134.71608504320923, "completition_cost": 777.7777777777778, "overshoot_cost": 69.80904009494479, "power_cost": 24.714170251464846, "noise_cost": 31.272009756995043, "n_waypoints_completed": 2, "tot_waypoints": 9}}
{"target": -1195.1228795788738, "params": {"k_pid_pos": [1.1025772854437967, 0.6051008784191632, 0.5344958720482114], "k_pid_alt": [0.4417571390721704, 0.43554185719775296, 0.3962546262796939], "k_pid_att": [81.03391315115952, 3.1886194156443817, 0.34185246389564883], "k_pid_yaw": [0.5, 1e-06, 0.1], "k_pid_hsp": [1.2059144334923861, 0.7604799147476836, 0.06104993565041972], "k_pid_vsp": [122.7035670397342, 253.65507787860864, 233.24559113715586]}, "datetime": {"datetime": "2025-08-21 13:26:10", "elapsed": 16886.794969558716, "delta": 26.193779706954956}, "costs": {"total_cost": 1195.1228795788738, "time_cost": 150, "final_distance_cost": 56.50305197077179, "oscillation_cost": 204.43667302877026, "completition_cost": 666.6666666666667, "overshoot_cost": 82.49022826556703, "power_cost": 19.190035668945313, "noise_cost": 15.836223978152812, "n_waypoints_completed": 3, "tot_waypoints": 9}}
{"target": -1373.012247675675, "params": {"k_pid_pos": [0.19743599275476448, 0.9136545140463914, 0.15333780859790946], "k_pid_alt": [1.7751394263161895, 0.17515058038627773, 0.4020253245016354], "k_pid_att": [21.910645624427595, 4.549805529682737, 0.018424473130430163], "k_pid_yaw": [0.5, 1e-06, 0.1], "k_pid_hsp": [0.8090703025497669, 0.35850110946328684, 0.016421215158806013], "k_pid_vsp": [233.38857858037093, 397.36437988099107, 43.65923721719598]}, "datetime": {"datetime": "2025-08-21 13:26:35", "elapsed": 16911.753783226013, "delta": 24.958813667297363}, "costs": {"total_cost": 1373.012247675675, "time_cost": 150, "final_distance_cost": 45.72019994428873, "oscillation_cost": 93.14041058651033, "completition_cost": 1000.0, "overshoot_cost": 27.986295282424777, "power_cost": 33.82203641357422, "noise_cost": 22.343305448876837, "n_waypoints_completed": 0, "tot_waypoints": 9}}
{"target": -1403.6708157236294, "params": {"k_pid_pos": [0.31875822549492083, 0.4886844639172657, 0.10648267431742464], "k_pid_alt": [1.647280261884674, 0.6516190423825813, 0.7597747765770365], "k_pid_att": [60.001493245978075, 8.752669745672204, 0.08111262725961166], "k_pid_yaw": [0.5, 1e-06, 0.1], "k_pid_hsp": [3.4300355776796514, 0.2367202184615509, 0.01121025009754939], "k_pid_vsp": [249.78387746767825, 287.5252883340667, 305.7392601796613]}, "datetime": {"datetime": "2025-08-21 13:27:01", "elapsed": 16937.865783929825, "delta": 26.112000703811646}, "costs": {"total_cost": 1403.6708157236294, "time_cost": 150, "final_distance_cost": 14.237357048452571, "oscillation_cost": 38.671212483242414, "completition_cost": 1000.0, "overshoot_cost": 132.55634016279973, "power_cost": 19.50692429199219, "noise_cost": 48.69898173714279, "n_waypoints_completed": 0, "tot_waypoints": 9}}
{"target": -1456.334606839511, "params": {"k_pid_pos": [1.225784691922992, 0.6849823030506323, 0.016009740295350405], "k_pid_alt": [1.5413860085753048, 0.8538058169284707, 0.80760643266517], "k_pid_att": [59.77274037880305, 9.75283133548395, 0.03566414427665343], "k_pid_yaw": [0.5, 1e-06, 0.1], "k_pid_hsp": [3.7586469130004603, 0.9997620795116003, 0.511924436424313], "k_pid_vsp": [51.982407822213084, 26.343647780638054, 287.8165781607227]}, "datetime": {"datetime": "2025-08-21 13:27:26", "elapsed": 16962.637362718582, "delta": 24.771578788757324}, "costs": {"total_cost": 1456.334606839511, "time_cost": 150, "final_distance_cost": 5.634811431923959, "oscillation_cost": 79.63706197448774, "completition_cost": 1000.0, "overshoot_cost": 137.441631150803, "power_cost": 20.048663513183595, "noise_cost": 63.57243876911278, "n_waypoints_completed": 0, "tot_waypoints": 9}}
{"target": -1346.9490313108877, "params": {"k_pid_pos": [0.03414026524143993, 0.8093658821712465, 0.8291492533083551], "k_pid_alt": [0.9092852679010666, 0.3470305992832221, 0.7653858091102895], "k_pid_att": [48.50604082929683, 4.090805500062157, 0.9999869270519728], "k_pid_yaw": [0.5, 1e-06, 0.1], "k_pid_hsp": [9.68069475318955, 0.21539341767909237, 0.24846693669634667], "k_pid_vsp": [263.0241423377768, 394.0970282856447, 203.4042049712253]}, "datetime": {"datetime": "2025-08-21 13:27:52", "elapsed": 16988.52192926407, "delta": 25.88456654548645}, "costs": {"total_cost": 1346.9490313108877, "time_cost": 150, "final_distance_cost": 67.16804343285966, "oscillation_cost": 178.98537574056294, "completition_cost": 888.8888888888888, "overshoot_cost": 27.779615448311116, "power_cost": 19.09725954589844, "noise_cost": 15.029848254366982, "n_waypoints_completed": 1, "tot_waypoints": 9}}
{"target": -1647.4755282067215, "params": {"k_pid_pos": [1.9312129340662432, 0.4930162883722341, 0.7610582646834644], "k_pid_alt": [1.1455693552049553, 0.06406482681997083, 0.639983135853805], "k_pid_att": [94.55705991509527, 2.043256875465625, 0.560214091317088], "k_pid_yaw": [0.5, 1e-06, 0.1], "k_pid_hsp": [6.999567218953741, 0.8945207269251244, 0.6142254797964461], "k_pid_vsp": [62.98833687648093, 127.33331376164516, 379.91941520414804]}, "datetime": {"datetime": "2025-08-21 13:28:17", "elapsed": 17013.662129878998, "delta": 25.1402006149292}, "costs": {"total_cost": 1647.4755282067215, "time_cost": 150, "final_distance_cost": 254.55078159496864, "oscillation_cost": 318.59281691227073, "completition_cost": 666.6666666666667, "overshoot_cost": 214.94237949084192, "power_cost": 20.731136828613284, "noise_cost": 21.99174671336036, "n_waypoints_completed": 3, "tot_waypoints": 9}}
{"target": -2433.9769885071883, "params": {"k_pid_pos": [1.2250366712099579, 0.6827068895587945, 0.8901970821701555], "k_pid_alt": [1.4017837113895113, 0.5651449343962907, 0.21509031647822519], "k_pid_att": [16.125365769017264, 3.218406298438525, 0.3207093969477399], "k_pid_yaw": [0.5, 1e-06, 0.1], "k_pid_hsp": [1.7630579410981357, 0.8511090888221646, 0.270664343889217], "k_pid_vsp": [43.114438548305145, 193.70330823315643, 230.89630596943005]}, "datetime": {"datetime": "2025-08-21 13:28:41", "elapsed": 17037.928936243057, "delta": 24.26680636405945}, "costs": {"total_cost": 2433.9769885071883, "time_cost": 150, "final_distance_cost": 403.8485477241452, "oscillation_cost": 294.67541014314975, "completition_cost": 1000.0, "overshoot_cost": 549.3246492244233, "power_cost": 19.433372985839846, "noise_cost": 16.69500842963008, "n_waypoints_completed": 0, "tot_waypoints": 9}}
{"target": -1113.3688495829986, "params": {"k_pid_pos": [0.8327226550238352, 0.7555040660775554, 0.993013720261828], "k_pid_alt": [0.692473151434108, 0.999831212275065, 0.6624480013636365], "k_pid_att": [45.23491265481461, 9.209373271111053, 0.36672668228909067], "k_pid_yaw": [0.5, 1e-06, 0.1], "k_pid_hsp": [0.569024649276406, 0.8105964930533686, 0.3125706490304896], "k_pid_vsp": [161.96423644611198, 138.6430601696704, 24.048707599435797]}, "datetime": {"datetime": "2025-08-21 13:29:05", "elapsed": 17062.1550385952, "delta": 24.226102352142334}, "costs": {"total_cost": 1113.3688495829986, "time_cost": 150, "final_distance_cost": 58.84741989855001, "oscillation_cost": 147.6298906139221, "completition_cost": 666.6666666666667, "overshoot_cost": 49.48980224487861, "power_cost": 22.804268762207034, "noise_cost": 17.930801396774193, "n_waypoints_completed": 3, "tot_waypoints": 9}}
{"target": -1482.8771986855154, "params": {"k_pid_pos": [0.13635810379386457, 0.06564878330156665, 0.20863775701600218], "k_pid_alt": [1.2398752380243432, 0.1654328995611528, 0.5591847798397774], "k_pid_att": [12.074377804636827, 8.767761144741943, 0.8364988589414623], "k_pid_yaw": [0.5, 1e-06, 0.1], "k_pid_hsp": [8.178309277762883, 0.16865533102244012, 0.7770954493460197], "k_pid_vsp": [268.58389831245563, 62.14052154798385, 283.2341993205287]}, "datetime": {"datetime": "2025-08-21 13:29:30", "elapsed": 17086.574132442474, "delta": 24.41909384727478}, "costs": {"total_cost": 1482.8771986855154, "time_cost": 150, "final_distance_cost": 60.36409248060138, "oscillation_cost": 301.6007745300043, "completition_cost": 888.8888888888888, "overshoot_cost": 47.67221229472198, "power_cost": 19.536112329101563, "noise_cost": 14.815118162197534, "n_waypoints_completed": 1, "tot_waypoints": 9}}
{"target": -854.9808170968598, "params": {"k_pid_pos": [0.4179469460417415, 0.38579832456205676, 0.04768235554012945], "k_pid_alt": [1.1098634185921425, 0.36359133968224067, 0.7335783851025595], "k_pid_att": [62.57145414631516, 7.3153671260764215, 0.8469640083872878], "k_pid_yaw": [0.5, 1e-06, 0.1], "k_pid_hsp": [1.1010026928013215, 0.5325753002184261, 0.7470160619165999], "k_pid_vsp": [346.87138896972596, 122.62430681922233, 136.50732551900114]}, "datetime": {"datetime": "2025-08-21 13:29:54", "elapsed": 17111.12123322487, "delta": 24.54710078239441}, "costs": {"total_cost": 854.9808170968598, "time_cost": 150, "final_distance_cost": 65.26565338225281, "oscillation_cost": 209.71958384471404, "completition_cost": 333.33333333333337, "overshoot_cost": 51.11897103476521, "power_cost": 26.801651477050783, "noise_cost": 18.741624024743547, "n_waypoints_completed": 6, "tot_waypoints": 9}}
{"target": -978.4386178057267, "params": {"k_pid_pos": [0.37257615238281216, 0.6178121341786877, 0.05789858059238673], "k_pid_alt": [0.8652972512873414, 0.1269206799751199, 0.3481707133302555], "k_pid_att": [53.576127578121536, 3.5041315209160016, 0.4939044686559584], "k_pid_yaw": [0.5, 1e-06, 0.1], "k_pid_hsp": [3.295518280894325, 0.22275118600206556, 0.25955702061910546], "k_pid_vsp": [104.62845083842014, 233.88383078545368, 29.39701221861275]}, "datetime": {"datetime": "2025-08-21 13:30:18", "elapsed": 17135.038187503815, "delta": 23.916954278945923}, "costs": {"total_cost": 978.4386178057267, "time_cost": 150, "final_distance_cost": 52.856096742280776, "oscillation_cost": 254.26213307301856, "completition_cost": 444.4444444444444, "overshoot_cost": 41.23222252594024, "power_cost": 20.213517004394532, "noise_cost": 15.430204015648206, "n_waypoints_completed": 5, "tot_waypoints": 9}}
{"target": -711.0011243338638, "params": {"k_pid_pos": [0.32717800807113556, 0.1397722998098645, 0.1775612776452451], "k_pid_alt": [0.5355198044375353, 0.07771806447336471, 0.9270857994110908], "k_pid_att": [81.93379415780413, 0.9283502308173786, 0.9680262952963811], "k_pid_yaw": [0.5, 1e-06, 0.1], "k_pid_hsp": [9.595006833295322, 0.002234355287978107, 0.037568112041082236], "k_pid_vsp": [352.61642000880045, 301.410102244322, 162.64216226053244]}, "datetime": {"datetime": "2025-08-21 13:30:43", "elapsed": 17159.82403421402, "delta": 24.785846710205078}, "costs": {"total_cost": 711.0011243338638, "time_cost": 150, "final_distance_cost": 75.50192043950902, "oscillation_cost": 72.42495878274912, "completition_cost": 333.33333333333337, "overshoot_cost": 43.22902528473904, "power_cost": 20.764426770019533, "noise_cost": 15.747459723513618, "n_waypoints_completed": 6, "tot_waypoints": 9}}
{"target": -475.8477148456557, "params": {"k_pid_pos": [1.879523256348646, 0.7740759635277272, 0.6437785491369256], "k_pid_alt": [1.3165933681520987, 0.9906846274637303, 0.3563885448996974], "k_pid_att": [17.05805102419791, 6.933229874741426, 0.8843538100012716], "k_pid_yaw": [0.5, 1e-06, 0.1], "k_pid_hsp": [4.170110828244177, 0.6450255037553306, 0.021257904260398308], "k_pid_vsp": [166.30274713313815, 174.16485314545056, 115.35423734294764]}, "datetime": {"datetime": "2025-08-21 13:31:07", "elapsed": 17184.116961956024, "delta": 24.292927742004395}, "costs": {"total_cost": 475.8477148456557, "time_cost": 150, "final_distance_cost": 42.79548086636057, "oscillation_cost": 79.53746856642775, "completition_cost": 111.11111111111116, "overshoot_cost": 57.14970235463094, "power_cost": 20.405044763183597, "noise_cost": 14.848907183941687, "n_waypoints_completed": 8, "tot_waypoints": 9}}
